i: [1,329,0,2,1,1,0,0] t4_isocat_1
a: [3,496,0,2,1,329]
s: 496
i: [1,328,0,2,1,1,0,0] t4_isocat_1
a: [3,501,0,2,1,328]
s: 501
i: [1,327,0,2,1,1,0,0] t4_isocat_1
a: [3,506,0,2,1,327]
s: 506
i: [1,326,0,2,1,1,0,0] t4_isocat_1
a: [3,511,0,2,1,326]
s: 511
i: [1,325,0,2,1,1,0,0] t4_isocat_1
a: [3,516,0,2,1,325]
s: 516
i: [1,324,0,2,1,1,0,0] t4_isocat_1
a: [3,521,0,2,1,324]
s: 521
i: [1,323,0,2,1,1,0,0] t4_isocat_1
a: [3,526,0,2,1,323]
s: 526
i: [1,322,0,2,1,1,0,0] t4_isocat_1
a: [3,531,0,2,1,322]
s: 531
i: [1,321,0,2,1,1,0,0] t4_isocat_1
a: [3,536,0,2,1,321]
s: 536
i: [1,320,0,2,1,1,0,0] t4_isocat_1
a: [3,541,0,2,1,320]
s: 541
i: [1,319,0,2,1,1,0,0] t4_isocat_1
a: [3,546,0,2,1,319]
s: 546
i: [1,318,0,2,1,1,0,0] t4_isocat_1
a: [3,551,0,2,1,318]
s: 551
i: [1,317,0,2,1,1,0,0] t4_isocat_1
a: [3,556,0,2,1,317]
s: 556
i: [1,316,0,2,1,1,0,0] t4_isocat_1
a: [3,561,0,2,1,316]
s: 561
i: [1,315,0,2,1,1,0,0] t4_isocat_1
a: [3,566,0,2,1,315]
s: 566
i: [1,314,0,2,1,1,0,0] t4_isocat_1
a: [3,571,0,2,1,314]
s: 571
i: [1,334,0,4,1,1,0,0] t4_isocat_1
a: [3,471,0,4,1,334]
s: 471
i: [1,331,0,4,1,1,0,0] t4_isocat_1
a: [3,486,0,4,1,331]
s: 486
i: [1,330,0,4,1,1,0,0] t4_isocat_1
a: [3,491,0,4,1,330]
s: 491
i: [1,332,0,5,1,1,0,0] t4_isocat_1
a: [3,481,0,5,1,332]
s: 481
i: [1,333,0,6,1,1,0,0] t4_isocat_1
a: [3,476,0,6,1,333]
s: 476
i: [1,336,0,2,1,0,0,255] spc1_boole
a: [3,576,0,2,1,336]
s: 576
i: [1,337,0,2,1,0,0,255] dt_o_0_0_xboole_0
a: [3,581,0,2,1,337]
s: 581
i: [1,451,0,2,1,0,0,255] existence_l1_graph_1
a: [3,591,0,2,1,451]
s: 591
i: [1,452,0,2,1,0,0,3] existence_l1_struct_0
a: [3,596,0,2,1,452]
s: 596
i: [1,453,0,2,1,0,0,255] existence_l5_struct_0
a: [3,601,0,2,1,453]
s: 601
i: [1,454,0,2,1,0,0,1] existence_l1_cat_1
a: [3,606,0,2,1,454]
s: 606
i: [1,456,0,2,1,0,0,255] rc25_struct_0
a: [3,611,0,2,1,456]
s: 611
i: [1,455,0,2,1,0,0,255] rc25_struct_0
a: [3,616,0,2,1,455]
s: 616
i: [1,459,0,2,1,0,0,1] rc2_cat_1
a: [3,621,0,2,1,459]
s: 621
i: [1,458,0,2,1,0,0,1] rc2_cat_1
a: [3,626,0,2,1,458]
s: 626
i: [1,457,0,2,1,0,0,1] rc2_cat_1
a: [3,631,0,2,1,457]
s: 631
i: [1,405,0,3,1,0,0,255] reflexivity_r1_tarski
s: 405
i: [1,338,0,3,1,0,0,255] d2_xboole_0
a: [3,586,0,3,1,338]
s: 586
r: 581
d: [2,633,0,2,1,2,23,581,586]
a: [3,637,0,2,1,633]
s: 637
i: [1,339,0,4,2,0,0,255] dt_l1_graph_1
s: 339
d: [2,639,1,2,1,1,40,339,591]
a: [3,643,1,2,1,639]
s: 643
i: [1,354,0,4,2,0,0,255] dt_l5_struct_0
s: 354
d: [2,645,1,2,1,1,40,354,601]
a: [3,651,1,2,1,645]
s: 651
i: [1,360,0,4,2,0,0,255] dt_l1_cat_1
s: 360
i: [1,404,0,4,1,0,0,1] existence_m1_subset_1
s: 404
d: [2,663,1,2,1,1,40,360,536]
a: [3,670,1,2,1,663]
s: 670
i: [1,427,0,4,1,0,0,255] rc1_funct_2
s: 427
d: [2,664,1,2,1,1,40,360,496]
a: [3,675,1,2,1,664]
s: 675
i: [1,430,0,4,1,0,0,255] rc1_relset_1
s: 430
i: [1,335,0,20,1,1,0,0] t4_isocat_1
a: [3,466,0,20,1,335]
s: 466
d: [2,687,2,2,1,1,40,670,339]
a: [3,691,2,2,1,687]
s: 691
i: [1,369,0,5,2,0,0,2] t6_boole
s: 369
d: [2,693,2,2,1,1,40,675,339]
a: [3,697,2,2,1,693]
s: 697
i: [1,399,0,5,2,0,0,1] t7_boole
s: 399
i: [1,340,0,6,3,0,0,255] cc7_struct_0
s: 340
d: [2,699,3,2,1,1,40,691,354]
a: [3,703,3,2,1,699]
s: 703
i: [1,341,0,6,3,0,0,255] cc5_struct_0
s: 341
d: [2,707,3,2,1,1,40,697,354]
a: [3,711,3,2,1,707]
s: 711
i: [1,343,0,6,3,0,0,255] cc17_struct_0
s: 343
i: [1,344,0,6,3,0,0,255] cc2_struct_0
s: 344
d: [2,646,1,2,1,1,40,354,616]
a: [3,656,1,2,1,646]
s: 656
i: [1,345,0,6,3,0,0,255] cc6_struct_0
s: 345
d: [2,665,1,2,1,1,40,360,606]
a: [3,680,1,2,1,665]
s: 680
i: [1,346,0,6,3,0,0,255] cc1_struct_0
s: 346
i: [1,349,0,6,3,0,0,255] cc4_struct_0
s: 349
d: [2,666,1,2,1,1,40,360,631]
a: [3,685,1,2,1,666]
s: 685
i: [1,355,0,6,3,0,0,255] cc12_struct_0
s: 355
d: [2,777,3,4,2,1,40,355,691]
d: [2,782,3,2,1,2,21,777,571]
a: [3,786,3,2,1,782]
s: 786
i: [1,356,0,6,3,0,0,255] cc13_struct_0
s: 356
i: [1,357,0,6,3,0,0,255] cc16_struct_0
s: 357
d: [2,778,3,4,2,1,40,355,697]
d: [2,788,3,2,1,2,21,778,531]
a: [3,792,3,2,1,788]
s: 792
i: [1,394,0,6,2,0,0,1] t1_subset
s: 394
d: [2,713,1,4,2,1,40,341,596]
a: [3,719,1,2,1,713]
s: 719
i: [1,410,0,6,2,0,0,1] antisymmetry_r2_hidden
s: 410
i: [1,428,0,6,1,0,0,255] rc1_funct_2
s: 428
d: [2,816,1,4,2,1,40,356,601]
a: [3,826,1,2,1,816]
s: 826
i: [1,347,0,7,3,0,0,255] cc8_struct_0
s: 347
d: [2,817,1,4,2,1,40,356,616]
a: [3,831,1,2,1,817]
s: 831
i: [1,350,0,7,3,0,0,255] cc11_struct_0
s: 350
i: [1,351,0,7,3,0,0,255] cc11_struct_0
s: 351
d: [2,647,2,2,1,1,40,354,643]
a: [3,661,2,2,1,647]
s: 661
i: [1,352,0,7,3,0,0,255] cc9_struct_0
s: 352
d: [2,714,2,4,2,1,40,341,651]
a: [3,727,2,2,1,714]
s: 727
i: [1,370,0,7,3,0,0,255] fc21_struct_0
s: 370
i: [1,371,0,7,3,0,0,255] fc9_struct_0
s: 371
a: [3,732,2,2,1,714]
s: 732
i: [1,372,0,7,3,0,0,255] fc6_struct_0
s: 372
d: [2,738,2,4,2,1,40,343,651]
a: [3,747,2,2,1,738]
s: 747
i: [1,374,0,7,3,0,0,255] rc22_struct_0
s: 374
i: [1,375,0,7,3,0,0,255] fc14_struct_0
s: 375
d: [2,749,2,4,2,1,40,656,343]
a: [3,753,2,2,1,749]
s: 753
i: [1,383,0,7,3,0,0,2] fc2_struct_0
s: 383
a: [3,758,2,2,1,749]
s: 758
i: [1,385,0,7,3,0,0,2] rc4_struct_0
s: 385
i: [1,387,0,7,3,0,0,255] rc21_struct_0
s: 387
d: [2,750,2,4,2,1,40,656,341]
a: [3,763,2,2,1,750]
s: 763
i: [1,388,0,7,3,0,0,255] rc21_struct_0
s: 388
d: [2,765,2,2,1,1,40,680,339]
a: [3,769,2,2,1,765]
s: 769
i: [1,389,0,7,3,0,0,255] fc20_struct_0
s: 389
i: [1,390,0,7,3,0,0,255] fc8_struct_0
s: 390
d: [2,771,2,2,1,1,40,685,339]
a: [3,775,2,2,1,771]
s: 775
i: [1,391,0,7,3,0,0,255] fc7_struct_0
s: 391
d: [2,779,2,4,2,1,40,355,643]
a: [3,797,2,2,1,779]
s: 797
i: [1,392,0,7,3,0,0,255] fc13_struct_0
s: 392
i: [1,393,0,7,3,0,0,2] fc1_struct_0
s: 393
a: [3,800,2,2,1,779]
s: 800
i: [1,397,0,7,2,0,0,255] t3_subset
s: 397
d: [2,815,2,4,2,1,40,356,643]
a: [3,821,2,2,1,815]
s: 821
i: [1,398,0,7,3,0,0,2] t8_boole
s: 398
i: [1,400,0,7,2,0,0,1] t2_tarski
s: 400
d: [2,870,3,4,2,1,40,769,357]
a: [3,881,3,2,1,870]
s: 881
i: [1,358,0,8,4,0,0,255] cc15_struct_0
s: 358
d: [2,871,3,4,2,1,40,769,356]
a: [3,886,3,2,1,871]
s: 886
i: [1,359,0,8,4,0,0,255] cc14_struct_0
s: 359
i: [1,395,0,8,3,0,0,1] t2_subset
s: 395
d: [2,933,1,7,2,1,40,395,471]
a: [3,939,1,4,1,933]
s: 939
i: [1,426,0,8,1,0,0,255] rc1_funct_2
s: 426
a: [3,942,1,3,1,933]
s: 942
i: [1,429,0,8,1,0,0,255] rc1_relset_1
s: 429
i: [1,353,0,9,4,0,0,255] cc10_struct_0
s: 353
d: [2,945,2,4,1,1,40,939,410]
a: [3,951,2,4,1,945]
s: 951
i: [1,403,0,9,3,0,0,1] t5_subset
s: 403
d: [2,872,3,4,2,1,40,769,355]
a: [3,890,3,2,1,872]
s: 890
i: [1,363,0,10,5,0,0,255] cc2_cat_1
s: 363
i: [1,364,0,10,5,0,0,255] cc2_cat_1
s: 364
d: [2,873,3,2,1,1,40,769,354]
a: [3,896,3,2,1,873]
s: 896
i: [1,367,0,10,5,0,0,255] cc1_cat_1
s: 367
d: [2,904,3,4,2,1,40,775,355]
d: [2,906,3,2,1,2,21,904,626]
a: [3,910,3,2,1,906]
s: 910
i: [1,368,0,10,5,0,0,255] cc1_cat_1
s: 368
i: [1,373,0,10,3,0,0,255] rc22_struct_0
s: 373
d: [2,905,3,2,1,1,40,775,354]
a: [3,915,3,2,1,905]
s: 915
i: [1,384,0,10,3,0,0,2] rc4_struct_0
s: 384
d: [2,934,1,6,2,0,40,395,404]
s: 934
i: [1,386,0,10,3,0,0,255] rc21_struct_0
s: 386
i: [1,401,0,10,3,0,0,1] t2_tarski
s: 401
d: [2,978,2,6,2,0,40,934,410]
s: 978
i: [1,402,0,10,3,0,0,1] t4_subset
s: 402
d: [2,705,1,7,3,0,44,369,369]
s: 705
i: [1,407,0,10,3,0,0,2] cc3_relset_1
s: 407
i: [1,408,0,10,3,0,0,2] cc4_relset_1
s: 408
d: [2,994,1,6,2,0,40,407,426]
s: 994
i: [1,423,0,12,3,0,0,255] dt_k1_graph_1
s: 423
d: [2,998,1,6,2,0,40,408,426]
s: 998
i: [1,424,0,12,3,0,0,255] dt_k2_graph_1
s: 424
i: [1,396,0,13,3,0,0,255] cc4_funct_2
s: 396
d: [2,1004,1,11,2,0,40,396,426]
d: [2,1006,1,5,1,0,21,1004,428]
s: 1006
i: [1,425,0,13,3,0,0,255] cc1_funct_2
s: 425
d: [2,923,1,7,2,0,40,400,410]
s: 923
i: [1,406,0,15,4,0,0,255] cc3_funct_2
s: 406
i: [1,409,0,15,4,0,0,255] cc2_funct_2
s: 409
d: [2,924,1,7,2,0,40,400,394]
s: 924
i: [1,414,0,16,5,0,0,255] dt_k3_graph_1
s: 414
d: [2,962,1,7,2,0,40,403,404]
s: 962
i: [1,415,0,16,5,0,0,255] dt_k4_graph_1
s: 415
i: [1,416,0,17,5,0,0,255] redefinition_k4_graph_1
s: 416
d: [2,1032,2,6,2,0,40,962,934]
s: 1032
i: [1,417,0,17,5,0,0,255] redefinition_k3_graph_1
s: 417
d: [2,1013,1,13,3,0,40,406,426]
d: [2,1015,1,7,2,0,21,1013,428]
s: 1015
i: [1,422,0,17,6,0,0,1] fc3_cat_1
s: 422
i: [1,412,0,18,6,0,0,2] cc8_funct_2
s: 412
d: [2,1018,1,13,3,0,40,409,426]
d: [2,1020,1,7,2,0,21,1018,428]
s: 1020
i: [1,434,0,22,6,0,0,1] dt_k2_cat_1
s: 434
d: [2,961,1,8,3,0,40,403,397]
s: 961
i: [1,436,0,22,6,0,0,2] existence_m1_cat_1
s: 436
i: [1,380,0,23,6,0,0,255] d4_cat_1
s: 380
d: [2,989,1,8,2,0,40,402,404]
s: 989
i: [1,435,0,23,7,0,0,2] dt_m1_cat_1
s: 435
d: [2,993,1,8,2,0,40,407,404]
s: 993
i: [1,437,0,24,6,0,0,255] dt_k3_funct_2
s: 437
i: [1,438,0,26,6,0,0,255] redefinition_k3_funct_2
s: 438
d: [2,997,1,8,2,0,40,408,404]
s: 997
i: [1,446,0,27,7,0,0,255] fraenkel_a_3_0_cat_1
s: 446
d: [2,1041,1,18,5,0,40,412,426]
d: [2,1043,1,12,4,0,21,1041,428]
d: [2,1044,1,8,3,0,21,1043,427]
s: 1044
i: [1,445,0,28,7,0,0,255] fraenkel_a_3_0_cat_1
s: 445
i: [1,447,0,29,7,0,0,255] fraenkel_a_3_0_cat_1
s: 447
d: [2,850,1,9,4,0,44,347,369]
s: 850
i: [1,448,0,29,7,0,0,255] fraenkel_a_3_0_cat_1
s: 448
d: [2,864,1,9,4,0,44,352,369]
s: 864
i: [1,462,0,32,7,0,0,255] fraenkel_a_3_0_cat_1
s: 462
i: [1,381,0,35,9,0,0,2] d5_cat_1
s: 381
d: [2,963,1,9,2,0,40,403,426]
s: 963
d: [2,1124,0,31,8,0,21,381,435]
s: 1124
d: [2,1127,1,55,7,1,40,1124,466]
d: [2,1131,1,53,6,2,21,1127,496]
d: [2,1132,1,51,5,3,21,1131,526]
d: [2,1133,1,49,4,4,21,1132,531]
a: [3,1137,1,8,1,1133]
s: 1137
i: [1,382,0,35,9,0,0,2] d5_cat_1
s: 382
i: [1,418,0,38,18,0,0,2] dt_m2_cat_1
s: 418
d: [2,1156,1,34,17,1,40,418,486]
d: [2,1158,1,32,16,2,21,1156,496]
d: [2,1159,1,30,15,3,21,1158,501]
d: [2,1160,1,28,14,4,21,1159,506]
d: [2,1161,1,26,13,5,21,1160,511]
d: [2,1162,1,24,12,6,21,1161,516]
d: [2,1163,1,22,11,7,21,1162,521]
d: [2,1164,1,20,10,8,21,1163,526]
d: [2,1165,1,18,9,9,21,1164,531]
d: [2,1166,1,16,8,10,21,1165,536]
d: [2,1167,1,14,7,11,21,1166,541]
d: [2,1168,1,12,6,12,21,1167,546]
d: [2,1169,1,10,5,13,21,1168,551]
d: [2,1170,1,8,4,14,21,1169,556]
d: [2,1171,1,6,3,15,21,1170,561]
d: [2,1172,1,4,2,16,21,1171,566]
d: [2,1173,1,2,1,17,21,1172,571]
a: [3,1177,1,2,1,1173]
s: 1177
i: [1,421,0,38,17,0,0,1] existence_m2_cat_1
s: 421
d: [2,1157,1,34,17,1,40,418,491]
d: [2,1179,1,32,16,2,21,1157,496]
d: [2,1180,1,30,15,3,21,1179,501]
d: [2,1181,1,28,14,4,21,1180,506]
d: [2,1182,1,26,13,5,21,1181,511]
d: [2,1183,1,24,12,6,21,1182,516]
d: [2,1184,1,22,11,7,21,1183,521]
d: [2,1185,1,20,10,8,21,1184,526]
d: [2,1186,1,18,9,9,21,1185,531]
d: [2,1187,1,16,8,10,21,1186,536]
d: [2,1188,1,14,7,11,21,1187,541]
d: [2,1189,1,12,6,12,21,1188,546]
d: [2,1190,1,10,5,13,21,1189,551]
d: [2,1191,1,8,4,14,21,1190,556]
d: [2,1192,1,6,3,15,21,1191,561]
d: [2,1193,1,4,2,16,21,1192,566]
d: [2,1194,1,2,1,17,21,1193,571]
a: [3,1198,1,2,1,1194]
s: 1198
i: [1,419,0,42,18,0,0,2] dt_m2_cat_1
s: 419
i: [1,420,0,44,18,0,0,2] dt_m2_cat_1
s: 420
d: [2,1126,2,8,2,0,40,963,934]
s: 1126
i: [1,440,0,45,19,0,0,1] reflexivity_r1_nattra_1
s: 440
d: [2,964,1,9,2,0,40,403,429]
s: 964
i: [1,439,0,48,19,0,0,1] dt_k8_cat_1
s: 439
d: [2,1220,2,0,0,19,52,571,566,561,556,551,546,541,536,531,526,521,516,511,506,501,496,491,471,1137,439]
e: 1220
d: [2,1221,2,40,18,1,40,439,1137]
d: [2,1224,2,36,17,2,21,1221,471]
d: [2,1225,2,32,16,3,21,1224,491]
d: [2,1226,2,30,15,4,21,1225,496]
d: [2,1227,2,28,14,5,21,1226,501]
d: [2,1228,2,26,13,6,21,1227,506]
d: [2,1229,2,24,12,7,21,1228,511]
d: [2,1230,2,22,11,8,21,1229,516]
d: [2,1231,2,20,10,9,21,1230,521]
d: [2,1232,2,18,9,10,21,1231,526]
d: [2,1233,2,16,8,11,21,1232,531]
d: [2,1234,2,14,7,12,21,1233,536]
d: [2,1235,2,12,6,13,21,1234,541]
d: [2,1236,2,10,5,14,21,1235,546]
d: [2,1237,2,8,4,15,21,1236,551]
d: [2,1238,2,6,3,16,21,1237,556]
d: [2,1239,2,4,2,17,21,1238,561]
d: [2,1240,2,2,1,18,21,1239,566]
d: [2,1241,2,0,0,19,21,1240,571]
e: 1241
r: 1137
i: [1,441,0,48,20,0,0,1] dt_m1_nattra_1
s: 441
d: [2,1243,1,42,19,1,40,441,476]
d: [2,1244,1,38,18,2,21,1243,486]
d: [2,1245,1,34,17,3,21,1244,491]
d: [2,1246,1,32,16,4,21,1245,496]
d: [2,1247,1,30,15,5,21,1246,501]
d: [2,1248,1,28,14,6,21,1247,506]
d: [2,1249,1,26,13,7,21,1248,511]
d: [2,1250,1,24,12,8,21,1249,516]
d: [2,1251,1,22,11,9,21,1250,521]
d: [2,1252,1,20,10,10,21,1251,526]
d: [2,1253,1,18,9,11,21,1252,531]
d: [2,1254,1,16,8,12,21,1253,536]
d: [2,1255,1,14,7,13,21,1254,541]
d: [2,1256,1,12,6,14,21,1255,546]
d: [2,1257,1,10,5,15,21,1256,551]
d: [2,1258,1,8,4,16,21,1257,556]
d: [2,1259,1,6,3,17,21,1258,561]
d: [2,1260,1,4,2,18,21,1259,566]
d: [2,1261,1,2,1,19,21,1260,571]
a: [3,1265,1,2,1,1261]
s: 1265
i: [1,444,0,50,19,0,0,1] existence_m1_nattra_1
s: 444
a: [3,1136,1,8,1,1133]
s: 1136
i: [1,442,0,52,20,0,0,1] dt_m1_nattra_1
s: 442
i: [1,378,0,53,20,0,0,1] d2_nattra_1
s: 378
d: [2,1279,1,46,19,1,40,442,476]
d: [2,1282,1,42,18,2,21,1279,486]
d: [2,1283,1,38,17,3,21,1282,491]
d: [2,1284,1,36,16,4,21,1283,496]
d: [2,1285,1,34,15,5,21,1284,501]
d: [2,1286,1,32,14,6,21,1285,506]
d: [2,1287,1,30,13,7,21,1286,511]
d: [2,1288,1,28,12,8,21,1287,516]
d: [2,1289,1,26,11,9,21,1288,521]
d: [2,1290,1,24,10,10,21,1289,526]
d: [2,1291,1,22,9,11,21,1290,531]
d: [2,1292,1,20,8,12,21,1291,536]
d: [2,1293,1,18,7,13,21,1292,541]
d: [2,1294,1,16,6,14,21,1293,546]
d: [2,1295,1,14,5,15,21,1294,551]
d: [2,1296,1,12,4,16,21,1295,556]
d: [2,1297,1,10,3,17,21,1296,561]
d: [2,1298,1,8,2,18,21,1297,566]
d: [2,1299,1,6,1,19,21,1298,571]
a: [3,1303,1,6,1,1299]
s: 1303
i: [1,431,0,53,20,0,0,255] dt_k7_cat_1
s: 431
a: [3,1141,1,8,1,1133]
s: 1141
d: [2,1318,2,0,0,19,52,571,566,561,556,551,546,541,536,531,526,521,516,511,506,501,496,486,471,1141,439]
e: 1318
d: [2,1319,2,40,18,1,40,1141,439]
d: [2,1321,2,36,17,2,21,1319,471]
d: [2,1322,2,32,16,3,21,1321,486]
d: [2,1323,2,30,15,4,21,1322,496]
d: [2,1324,2,28,14,5,21,1323,501]
d: [2,1325,2,26,13,6,21,1324,506]
d: [2,1326,2,24,12,7,21,1325,511]
d: [2,1327,2,22,11,8,21,1326,516]
d: [2,1328,2,20,10,9,21,1327,521]
d: [2,1329,2,18,9,10,21,1328,526]
d: [2,1330,2,16,8,11,21,1329,531]
d: [2,1331,2,14,7,12,21,1330,536]
d: [2,1332,2,12,6,13,21,1331,541]
d: [2,1333,2,10,5,14,21,1332,546]
d: [2,1334,2,8,4,15,21,1333,551]
d: [2,1335,2,6,3,16,21,1334,556]
d: [2,1336,2,4,2,17,21,1335,561]
d: [2,1337,2,2,1,18,21,1336,566]
d: [2,1338,2,0,0,19,21,1337,571]
e: 1338
r: 1141
i: [1,443,0,54,20,0,0,1] dt_m1_nattra_1
s: 443
i: [1,376,0,56,19,0,0,255] d23_cat_1
s: 376
a: [3,1140,1,8,1,1133]
s: 1140
i: [1,432,0,57,20,0,0,255] dt_k7_cat_1
s: 432
d: [2,1269,2,11,2,1,40,1136,395]
a: [3,1277,2,3,1,1269]
s: 1277
d: [2,1365,4,0,0,3,52,531,711,1277,383]
e: 1365
d: [2,1366,3,4,2,1,40,1277,383]
d: [2,1368,3,2,1,2,21,1366,711]
d: [2,1369,3,0,0,3,21,1368,531]
e: 1369
r: 1277
i: [1,433,0,59,20,0,0,255] dt_k7_cat_1
s: 433
i: [1,377,0,63,21,0,0,1] d2_nattra_1
s: 377
a: [3,1276,2,3,1,1269]
s: 1276
i: [1,379,0,67,20,0,0,1] d2_nattra_1
s: 379
a: [3,1273,2,8,1,1269]
s: 1273
i: [1,450,0,69,21,0,0,1] dt_k4_nattra_1
s: 450
a: [3,1149,1,19,1,1133]
s: 1149
d: [2,1409,2,0,0,21,52,571,566,561,556,551,546,541,536,531,526,521,516,511,506,501,496,491,486,471,476,1149,450]
e: 1409
d: [2,1410,2,50,20,1,40,1149,450]
d: [2,1412,2,46,19,2,21,1410,471]
d: [2,1413,2,40,18,3,21,1412,476]
d: [2,1414,2,36,17,4,21,1413,486]
d: [2,1415,2,32,16,5,21,1414,491]
d: [2,1416,2,30,15,6,21,1415,496]
d: [2,1417,2,28,14,7,21,1416,501]
d: [2,1418,2,26,13,8,21,1417,506]
d: [2,1419,2,24,12,9,21,1418,511]
d: [2,1420,2,22,11,10,21,1419,516]
d: [2,1421,2,20,10,11,21,1420,521]
d: [2,1422,2,18,9,12,21,1421,526]
d: [2,1423,2,16,8,13,21,1422,531]
d: [2,1424,2,14,7,14,21,1423,536]
d: [2,1425,2,12,6,15,21,1424,541]
d: [2,1426,2,10,5,16,21,1425,546]
d: [2,1427,2,8,4,17,21,1426,551]
d: [2,1428,2,6,3,18,21,1427,556]
d: [2,1429,2,4,2,19,21,1428,561]
d: [2,1430,2,2,1,20,21,1429,566]
d: [2,1431,2,0,0,21,21,1430,571]
e: 1431
r: 1149
d: [2,1359,2,11,2,1,40,1140,395]
a: [3,1363,2,8,1,1359]
s: 1363
a: [3,1145,1,14,1,1133]
s: 1145
r: 466
d: [2,1442,2,0,0,21,52,571,566,561,556,551,546,541,536,531,526,521,516,511,506,501,496,491,486,471,481,1145,377]
e: 1442
d: [2,1443,2,52,21,1,44,377,1145]
d: [2,1447,2,49,20,1,19,1443]
d: [2,1449,2,45,19,2,21,1447,471]
d: [2,1450,2,40,18,3,21,1449,481]
d: [2,1451,2,36,17,4,21,1450,486]
d: [2,1452,2,32,16,5,21,1451,491]
d: [2,1453,2,30,15,6,21,1452,496]
d: [2,1454,2,28,14,7,21,1453,501]
d: [2,1455,2,26,13,8,21,1454,506]
d: [2,1456,2,24,12,9,21,1455,511]
d: [2,1457,2,22,11,10,21,1456,516]
d: [2,1458,2,20,10,11,21,1457,521]
d: [2,1459,2,18,9,12,21,1458,526]
d: [2,1460,2,16,8,13,21,1459,531]
d: [2,1461,2,14,7,14,21,1460,536]
d: [2,1462,2,12,6,15,21,1461,541]
d: [2,1463,2,10,5,16,21,1462,546]
d: [2,1464,2,8,4,17,21,1463,551]
d: [2,1465,2,6,3,18,21,1464,556]
d: [2,1466,2,4,2,19,21,1465,561]
d: [2,1467,2,2,1,20,21,1466,566]
d: [2,1468,2,0,0,21,21,1467,571]
e: 1468
f: 1468,1431,1338,1241,1133,314,315,316,317,318,319,320,321,322,323,324,325,326,327,328,329,330,331,332,333,334,335
% Refutation found. Thanks to Tanya!
% SZS status Theorem for isocat_1__t4_isocat_1
% SZS output start Proof for isocat_1__t4_isocat_1
1. ! [X0] : ((l1_cat_1(X0) & v6_cat_1(X0) & v5_cat_1(X0) & v4_cat_1(X0) & v3_cat_1(X0) & v2_cat_1(X0) & ~v11_struct_0(X0) & ~v2_struct_0(X0)) => ! [X1] : ((l1_cat_1(X1) & v6_cat_1(X1) & v5_cat_1(X1) & v4_cat_1(X1) & v3_cat_1(X1) & v2_cat_1(X1) & ~v11_struct_0(X1) & ~v2_struct_0(X1)) => ! [X2] : (m2_cat_1(X2,X0,X1) => ! [X3] : (m2_cat_1(X3,X0,X1) => (r1_nattra_1(X0,X1,X2,X3) => ! [X4] : (m1_nattra_1(X4,X0,X1,X2,X3) => ! [X5] : (m1_subset_1(X5,u1_struct_0(X0)) => r2_hidden(k4_nattra_1(X0,X1,X2,X3,X4,X5),k2_cat_1(X1,k8_cat_1(X0,X1,X2,X5),k8_cat_1(X0,X1,X3,X5)))))))))) [input t4_isocat_1]
2. ~! [X0] : ((l1_cat_1(X0) & v6_cat_1(X0) & v5_cat_1(X0) & v4_cat_1(X0) & v3_cat_1(X0) & v2_cat_1(X0) & ~v11_struct_0(X0) & ~v2_struct_0(X0)) => ! [X1] : ((l1_cat_1(X1) & v6_cat_1(X1) & v5_cat_1(X1) & v4_cat_1(X1) & v3_cat_1(X1) & v2_cat_1(X1) & ~v11_struct_0(X1) & ~v2_struct_0(X1)) => ! [X2] : (m2_cat_1(X2,X0,X1) => ! [X3] : (m2_cat_1(X3,X0,X1) => (r1_nattra_1(X0,X1,X2,X3) => ! [X4] : (m1_nattra_1(X4,X0,X1,X2,X3) => ! [X5] : (m1_subset_1(X5,u1_struct_0(X0)) => r2_hidden(k4_nattra_1(X0,X1,X2,X3,X4,X5),k2_cat_1(X1,k8_cat_1(X0,X1,X2,X5),k8_cat_1(X0,X1,X3,X5)))))))))) [negated conjecture 1]
32. ! [X0] : ((l1_cat_1(X0) & v6_cat_1(X0) & v5_cat_1(X0) & v4_cat_1(X0) & v3_cat_1(X0) & v2_cat_1(X0) & ~v11_struct_0(X0) & ~v2_struct_0(X0)) => ! [X1] : ((l1_cat_1(X1) & v6_cat_1(X1) & v5_cat_1(X1) & v4_cat_1(X1) & v3_cat_1(X1) & v2_cat_1(X1) & ~v11_struct_0(X1) & ~v2_struct_0(X1)) => ! [X2] : (m2_cat_1(X2,X0,X1) => ! [X3] : (m2_cat_1(X3,X0,X1) => (r1_nattra_1(X0,X1,X2,X3) <=> ! [X4] : (m1_subset_1(X4,u1_struct_0(X0)) => k1_xboole_0 != k2_cat_1(X1,k8_cat_1(X0,X1,X2,X4),k8_cat_1(X0,X1,X3,X4)))))))) [input d2_nattra_1]
35. ! [X0] : ((l1_cat_1(X0) & ~v11_struct_0(X0) & ~v2_struct_0(X0)) => ! [X1] : (m1_subset_1(X1,u1_struct_0(X0)) => ! [X2] : (m1_subset_1(X2,u1_struct_0(X0)) => (k1_xboole_0 != k2_cat_1(X0,X1,X2) => ! [X3] : (m1_subset_1(X3,u4_struct_0(X0)) => (m1_cat_1(X3,X0,X1,X2) <=> r2_hidden(X3,k2_cat_1(X0,X1,X2)))))))) [input d5_cat_1]
46. ! [X0,X1,X2,X3,X4,X5] : ((m1_subset_1(X5,u1_struct_0(X0)) & m1_nattra_1(X4,X0,X1,X2,X3) & m2_cat_1(X3,X0,X1) & m2_cat_1(X2,X0,X1) & l1_cat_1(X1) & v6_cat_1(X1) & v5_cat_1(X1) & v4_cat_1(X1) & v3_cat_1(X1) & v2_cat_1(X1) & ~v11_struct_0(X1) & ~v2_struct_0(X1) & l1_cat_1(X0) & v6_cat_1(X0) & v5_cat_1(X0) & v4_cat_1(X0) & v3_cat_1(X0) & v2_cat_1(X0) & ~v11_struct_0(X0) & ~v2_struct_0(X0)) => m1_cat_1(k4_nattra_1(X0,X1,X2,X3,X4,X5),X1,k8_cat_1(X0,X1,X2,X5),k8_cat_1(X0,X1,X3,X5))) [input dt_k4_nattra_1]
48. ! [X0,X1,X2,X3] : ((m1_subset_1(X3,u1_struct_0(X0)) & m2_cat_1(X2,X0,X1) & l1_cat_1(X1) & v6_cat_1(X1) & v5_cat_1(X1) & v4_cat_1(X1) & v3_cat_1(X1) & v2_cat_1(X1) & ~v11_struct_0(X1) & ~v2_struct_0(X1) & l1_cat_1(X0) & v6_cat_1(X0) & v5_cat_1(X0) & v4_cat_1(X0) & v3_cat_1(X0) & v2_cat_1(X0) & ~v11_struct_0(X0) & ~v2_struct_0(X0)) => m1_subset_1(k8_cat_1(X0,X1,X2,X3),u1_struct_0(X1))) [input dt_k8_cat_1]
53. ! [X0,X1,X2] : ((m1_subset_1(X2,u1_struct_0(X0)) & m1_subset_1(X1,u1_struct_0(X0)) & l1_cat_1(X0) & ~v11_struct_0(X0) & ~v2_struct_0(X0)) => ! [X3] : (m1_cat_1(X3,X0,X1,X2) => m1_subset_1(X3,u4_struct_0(X0)))) [input dt_m1_cat_1]
125. ? [X0] : (? [X1] : (? [X2] : (? [X3] : ((? [X4] : (? [X5] : (~r2_hidden(k4_nattra_1(X0,X1,X2,X3,X4,X5),k2_cat_1(X1,k8_cat_1(X0,X1,X2,X5),k8_cat_1(X0,X1,X3,X5))) & m1_subset_1(X5,u1_struct_0(X0))) & m1_nattra_1(X4,X0,X1,X2,X3)) & r1_nattra_1(X0,X1,X2,X3)) & m2_cat_1(X3,X0,X1)) & m2_cat_1(X2,X0,X1)) & (l1_cat_1(X1) & v6_cat_1(X1) & v5_cat_1(X1) & v4_cat_1(X1) & v3_cat_1(X1) & v2_cat_1(X1) & ~v11_struct_0(X1) & ~v2_struct_0(X1))) & (l1_cat_1(X0) & v6_cat_1(X0) & v5_cat_1(X0) & v4_cat_1(X0) & v3_cat_1(X0) & v2_cat_1(X0) & ~v11_struct_0(X0) & ~v2_struct_0(X0))) [ennf transformation 2]
126. ? [X0] : (? [X1] : (? [X2] : (? [X3] : (? [X4] : (? [X5] : (~r2_hidden(k4_nattra_1(X0,X1,X2,X3,X4,X5),k2_cat_1(X1,k8_cat_1(X0,X1,X2,X5),k8_cat_1(X0,X1,X3,X5))) & m1_subset_1(X5,u1_struct_0(X0))) & m1_nattra_1(X4,X0,X1,X2,X3)) & r1_nattra_1(X0,X1,X2,X3) & m2_cat_1(X3,X0,X1)) & m2_cat_1(X2,X0,X1)) & l1_cat_1(X1) & v6_cat_1(X1) & v5_cat_1(X1) & v4_cat_1(X1) & v3_cat_1(X1) & v2_cat_1(X1) & ~v11_struct_0(X1) & ~v2_struct_0(X1)) & l1_cat_1(X0) & v6_cat_1(X0) & v5_cat_1(X0) & v4_cat_1(X0) & v3_cat_1(X0) & v2_cat_1(X0) & ~v11_struct_0(X0) & ~v2_struct_0(X0)) [flattening 125]
179. ! [X0] : (! [X1] : (! [X2] : (! [X3] : ((r1_nattra_1(X0,X1,X2,X3) <=> ! [X4] : (k1_xboole_0 != k2_cat_1(X1,k8_cat_1(X0,X1,X2,X4),k8_cat_1(X0,X1,X3,X4)) | ~m1_subset_1(X4,u1_struct_0(X0)))) | ~m2_cat_1(X3,X0,X1)) | ~m2_cat_1(X2,X0,X1)) | (~l1_cat_1(X1) | ~v6_cat_1(X1) | ~v5_cat_1(X1) | ~v4_cat_1(X1) | ~v3_cat_1(X1) | ~v2_cat_1(X1) | v11_struct_0(X1) | v2_struct_0(X1))) | (~l1_cat_1(X0) | ~v6_cat_1(X0) | ~v5_cat_1(X0) | ~v4_cat_1(X0) | ~v3_cat_1(X0) | ~v2_cat_1(X0) | v11_struct_0(X0) | v2_struct_0(X0))) [ennf transformation 32]
180. ! [X0] : (! [X1] : (! [X2] : (! [X3] : ((r1_nattra_1(X0,X1,X2,X3) <=> ! [X4] : (k1_xboole_0 != k2_cat_1(X1,k8_cat_1(X0,X1,X2,X4),k8_cat_1(X0,X1,X3,X4)) | ~m1_subset_1(X4,u1_struct_0(X0)))) | ~m2_cat_1(X3,X0,X1)) | ~m2_cat_1(X2,X0,X1)) | ~l1_cat_1(X1) | ~v6_cat_1(X1) | ~v5_cat_1(X1) | ~v4_cat_1(X1) | ~v3_cat_1(X1) | ~v2_cat_1(X1) | v11_struct_0(X1) | v2_struct_0(X1)) | ~l1_cat_1(X0) | ~v6_cat_1(X0) | ~v5_cat_1(X0) | ~v4_cat_1(X0) | ~v3_cat_1(X0) | ~v2_cat_1(X0) | v11_struct_0(X0) | v2_struct_0(X0)) [flattening 179]
183. ! [X0] : (! [X1] : (! [X2] : ((! [X3] : ((m1_cat_1(X3,X0,X1,X2) <=> r2_hidden(X3,k2_cat_1(X0,X1,X2))) | ~m1_subset_1(X3,u4_struct_0(X0))) | k1_xboole_0 = k2_cat_1(X0,X1,X2)) | ~m1_subset_1(X2,u1_struct_0(X0))) | ~m1_subset_1(X1,u1_struct_0(X0))) | (~l1_cat_1(X0) | v11_struct_0(X0) | v2_struct_0(X0))) [ennf transformation 35]
184. ! [X0] : (! [X1] : (! [X2] : (! [X3] : ((m1_cat_1(X3,X0,X1,X2) <=> r2_hidden(X3,k2_cat_1(X0,X1,X2))) | ~m1_subset_1(X3,u4_struct_0(X0))) | k1_xboole_0 = k2_cat_1(X0,X1,X2) | ~m1_subset_1(X2,u1_struct_0(X0))) | ~m1_subset_1(X1,u1_struct_0(X0))) | ~l1_cat_1(X0) | v11_struct_0(X0) | v2_struct_0(X0)) [flattening 183]
246. ! [X0,X1,X2] : (! [X3] : (m1_subset_1(X3,u4_struct_0(X0)) | ~m1_cat_1(X3,X0,X1,X2)) | (~m1_subset_1(X2,u1_struct_0(X0)) | ~m1_subset_1(X1,u1_struct_0(X0)) | ~l1_cat_1(X0) | v11_struct_0(X0) | v2_struct_0(X0))) [ennf transformation 53]
247. ! [X0,X1,X2] : (! [X3] : (m1_subset_1(X3,u4_struct_0(X0)) | ~m1_cat_1(X3,X0,X1,X2)) | ~m1_subset_1(X2,u1_struct_0(X0)) | ~m1_subset_1(X1,u1_struct_0(X0)) | ~l1_cat_1(X0) | v11_struct_0(X0) | v2_struct_0(X0)) [flattening 246]
254. ! [X0,X1,X2,X3] : (m1_subset_1(k8_cat_1(X0,X1,X2,X3),u1_struct_0(X1)) | (~m1_subset_1(X3,u1_struct_0(X0)) | ~m2_cat_1(X2,X0,X1) | ~l1_cat_1(X1) | ~v6_cat_1(X1) | ~v5_cat_1(X1) | ~v4_cat_1(X1) | ~v3_cat_1(X1) | ~v2_cat_1(X1) | v11_struct_0(X1) | v2_struct_0(X1) | ~l1_cat_1(X0) | ~v6_cat_1(X0) | ~v5_cat_1(X0) | ~v4_cat_1(X0) | ~v3_cat_1(X0) | ~v2_cat_1(X0) | v11_struct_0(X0) | v2_struct_0(X0))) [ennf transformation 48]
255. ! [X0,X1,X2,X3] : (m1_subset_1(k8_cat_1(X0,X1,X2,X3),u1_struct_0(X1)) | ~m1_subset_1(X3,u1_struct_0(X0)) | ~m2_cat_1(X2,X0,X1) | ~l1_cat_1(X1) | ~v6_cat_1(X1) | ~v5_cat_1(X1) | ~v4_cat_1(X1) | ~v3_cat_1(X1) | ~v2_cat_1(X1) | v11_struct_0(X1) | v2_struct_0(X1) | ~l1_cat_1(X0) | ~v6_cat_1(X0) | ~v5_cat_1(X0) | ~v4_cat_1(X0) | ~v3_cat_1(X0) | ~v2_cat_1(X0) | v11_struct_0(X0) | v2_struct_0(X0)) [flattening 254]
264. ! [X0,X1,X2,X3,X4,X5] : (m1_cat_1(k4_nattra_1(X0,X1,X2,X3,X4,X5),X1,k8_cat_1(X0,X1,X2,X5),k8_cat_1(X0,X1,X3,X5)) | (~m1_subset_1(X5,u1_struct_0(X0)) | ~m1_nattra_1(X4,X0,X1,X2,X3) | ~m2_cat_1(X3,X0,X1) | ~m2_cat_1(X2,X0,X1) | ~l1_cat_1(X1) | ~v6_cat_1(X1) | ~v5_cat_1(X1) | ~v4_cat_1(X1) | ~v3_cat_1(X1) | ~v2_cat_1(X1) | v11_struct_0(X1) | v2_struct_0(X1) | ~l1_cat_1(X0) | ~v6_cat_1(X0) | ~v5_cat_1(X0) | ~v4_cat_1(X0) | ~v3_cat_1(X0) | ~v2_cat_1(X0) | v11_struct_0(X0) | v2_struct_0(X0))) [ennf transformation 46]
265. ! [X0,X1,X2,X3,X4,X5] : (m1_cat_1(k4_nattra_1(X0,X1,X2,X3,X4,X5),X1,k8_cat_1(X0,X1,X2,X5),k8_cat_1(X0,X1,X3,X5)) | ~m1_subset_1(X5,u1_struct_0(X0)) | ~m1_nattra_1(X4,X0,X1,X2,X3) | ~m2_cat_1(X3,X0,X1) | ~m2_cat_1(X2,X0,X1) | ~l1_cat_1(X1) | ~v6_cat_1(X1) | ~v5_cat_1(X1) | ~v4_cat_1(X1) | ~v3_cat_1(X1) | ~v2_cat_1(X1) | v11_struct_0(X1) | v2_struct_0(X1) | ~l1_cat_1(X0) | ~v6_cat_1(X0) | ~v5_cat_1(X0) | ~v4_cat_1(X0) | ~v3_cat_1(X0) | ~v2_cat_1(X0) | v11_struct_0(X0) | v2_struct_0(X0)) [flattening 264]
266. ? [X0] : (? [X1] : (? [X2] : (? [X3] : (? [X4] : (? [X5] : (~r2_hidden(k4_nattra_1(X0,X1,X2,X3,X4,X5),k2_cat_1(X1,k8_cat_1(X0,X1,X2,X5),k8_cat_1(X0,X1,X3,X5))) & m1_subset_1(X5,u1_struct_0(X0))) & m1_nattra_1(X4,X0,X1,X2,X3)) & r1_nattra_1(X0,X1,X2,X3) & m2_cat_1(X3,X0,X1)) & m2_cat_1(X2,X0,X1)) & l1_cat_1(X1) & v6_cat_1(X1) & v5_cat_1(X1) & v4_cat_1(X1) & v3_cat_1(X1) & v2_cat_1(X1) & ~v11_struct_0(X1) & ~v2_struct_0(X1)) & l1_cat_1(X0) & v6_cat_1(X0) & v5_cat_1(X0) & v4_cat_1(X0) & v3_cat_1(X0) & v2_cat_1(X0) & ~v11_struct_0(X0) & ~v2_struct_0(X0)) => (? [X1] : (? [X2] : (? [X3] : (? [X4] : (? [X5] : (~r2_hidden(k4_nattra_1(sK0,X1,X2,X3,X4,X5),k2_cat_1(X1,k8_cat_1(sK0,X1,X2,X5),k8_cat_1(sK0,X1,X3,X5))) & m1_subset_1(X5,u1_struct_0(sK0))) & m1_nattra_1(X4,sK0,X1,X2,X3)) & r1_nattra_1(sK0,X1,X2,X3) & m2_cat_1(X3,sK0,X1)) & m2_cat_1(X2,sK0,X1)) & l1_cat_1(X1) & v6_cat_1(X1) & v5_cat_1(X1) & v4_cat_1(X1) & v3_cat_1(X1) & v2_cat_1(X1) & ~v11_struct_0(X1) & ~v2_struct_0(X1)) & l1_cat_1(sK0) & v6_cat_1(sK0) & v5_cat_1(sK0) & v4_cat_1(sK0) & v3_cat_1(sK0) & v2_cat_1(sK0) & ~v11_struct_0(sK0) & ~v2_struct_0(sK0)) [choice axiom]
267. ? [X1] : (? [X2] : (? [X3] : (? [X4] : (? [X5] : (~r2_hidden(k4_nattra_1(sK0,X1,X2,X3,X4,X5),k2_cat_1(X1,k8_cat_1(sK0,X1,X2,X5),k8_cat_1(sK0,X1,X3,X5))) & m1_subset_1(X5,u1_struct_0(sK0))) & m1_nattra_1(X4,sK0,X1,X2,X3)) & r1_nattra_1(sK0,X1,X2,X3) & m2_cat_1(X3,sK0,X1)) & m2_cat_1(X2,sK0,X1)) & l1_cat_1(X1) & v6_cat_1(X1) & v5_cat_1(X1) & v4_cat_1(X1) & v3_cat_1(X1) & v2_cat_1(X1) & ~v11_struct_0(X1) & ~v2_struct_0(X1)) => (? [X2] : (? [X3] : (? [X4] : (? [X5] : (~r2_hidden(k4_nattra_1(sK0,sK1,X2,X3,X4,X5),k2_cat_1(sK1,k8_cat_1(sK0,sK1,X2,X5),k8_cat_1(sK0,sK1,X3,X5))) & m1_subset_1(X5,u1_struct_0(sK0))) & m1_nattra_1(X4,sK0,sK1,X2,X3)) & r1_nattra_1(sK0,sK1,X2,X3) & m2_cat_1(X3,sK0,sK1)) & m2_cat_1(X2,sK0,sK1)) & l1_cat_1(sK1) & v6_cat_1(sK1) & v5_cat_1(sK1) & v4_cat_1(sK1) & v3_cat_1(sK1) & v2_cat_1(sK1) & ~v11_struct_0(sK1) & ~v2_struct_0(sK1)) [choice axiom]
268. ? [X2] : (? [X3] : (? [X4] : (? [X5] : (~r2_hidden(k4_nattra_1(sK0,sK1,X2,X3,X4,X5),k2_cat_1(sK1,k8_cat_1(sK0,sK1,X2,X5),k8_cat_1(sK0,sK1,X3,X5))) & m1_subset_1(X5,u1_struct_0(sK0))) & m1_nattra_1(X4,sK0,sK1,X2,X3)) & r1_nattra_1(sK0,sK1,X2,X3) & m2_cat_1(X3,sK0,sK1)) & m2_cat_1(X2,sK0,sK1)) => (? [X3] : (? [X4] : (? [X5] : (~r2_hidden(k4_nattra_1(sK0,sK1,sK2,X3,X4,X5),k2_cat_1(sK1,k8_cat_1(sK0,sK1,sK2,X5),k8_cat_1(sK0,sK1,X3,X5))) & m1_subset_1(X5,u1_struct_0(sK0))) & m1_nattra_1(X4,sK0,sK1,sK2,X3)) & r1_nattra_1(sK0,sK1,sK2,X3) & m2_cat_1(X3,sK0,sK1)) & m2_cat_1(sK2,sK0,sK1)) [choice axiom]
269. ? [X3] : (? [X4] : (? [X5] : (~r2_hidden(k4_nattra_1(sK0,sK1,sK2,X3,X4,X5),k2_cat_1(sK1,k8_cat_1(sK0,sK1,sK2,X5),k8_cat_1(sK0,sK1,X3,X5))) & m1_subset_1(X5,u1_struct_0(sK0))) & m1_nattra_1(X4,sK0,sK1,sK2,X3)) & r1_nattra_1(sK0,sK1,sK2,X3) & m2_cat_1(X3,sK0,sK1)) => (? [X4] : (? [X5] : (~r2_hidden(k4_nattra_1(sK0,sK1,sK2,sK3,X4,X5),k2_cat_1(sK1,k8_cat_1(sK0,sK1,sK2,X5),k8_cat_1(sK0,sK1,sK3,X5))) & m1_subset_1(X5,u1_struct_0(sK0))) & m1_nattra_1(X4,sK0,sK1,sK2,sK3)) & r1_nattra_1(sK0,sK1,sK2,sK3) & m2_cat_1(sK3,sK0,sK1)) [choice axiom]
270. ? [X4] : (? [X5] : (~r2_hidden(k4_nattra_1(sK0,sK1,sK2,sK3,X4,X5),k2_cat_1(sK1,k8_cat_1(sK0,sK1,sK2,X5),k8_cat_1(sK0,sK1,sK3,X5))) & m1_subset_1(X5,u1_struct_0(sK0))) & m1_nattra_1(X4,sK0,sK1,sK2,sK3)) => (? [X5] : (~r2_hidden(k4_nattra_1(sK0,sK1,sK2,sK3,sK4,X5),k2_cat_1(sK1,k8_cat_1(sK0,sK1,sK2,X5),k8_cat_1(sK0,sK1,sK3,X5))) & m1_subset_1(X5,u1_struct_0(sK0))) & m1_nattra_1(sK4,sK0,sK1,sK2,sK3)) [choice axiom]
271. ? [X5] : (~r2_hidden(k4_nattra_1(sK0,sK1,sK2,sK3,sK4,X5),k2_cat_1(sK1,k8_cat_1(sK0,sK1,sK2,X5),k8_cat_1(sK0,sK1,sK3,X5))) & m1_subset_1(X5,u1_struct_0(sK0))) => (~r2_hidden(k4_nattra_1(sK0,sK1,sK2,sK3,sK4,sK5),k2_cat_1(sK1,k8_cat_1(sK0,sK1,sK2,sK5),k8_cat_1(sK0,sK1,sK3,sK5))) & m1_subset_1(sK5,u1_struct_0(sK0))) [choice axiom]
272. (((((~r2_hidden(k4_nattra_1(sK0,sK1,sK2,sK3,sK4,sK5),k2_cat_1(sK1,k8_cat_1(sK0,sK1,sK2,sK5),k8_cat_1(sK0,sK1,sK3,sK5))) & m1_subset_1(sK5,u1_struct_0(sK0))) & m1_nattra_1(sK4,sK0,sK1,sK2,sK3)) & r1_nattra_1(sK0,sK1,sK2,sK3) & m2_cat_1(sK3,sK0,sK1)) & m2_cat_1(sK2,sK0,sK1)) & l1_cat_1(sK1) & v6_cat_1(sK1) & v5_cat_1(sK1) & v4_cat_1(sK1) & v3_cat_1(sK1) & v2_cat_1(sK1) & ~v11_struct_0(sK1) & ~v2_struct_0(sK1)) & l1_cat_1(sK0) & v6_cat_1(sK0) & v5_cat_1(sK0) & v4_cat_1(sK0) & v3_cat_1(sK0) & v2_cat_1(sK0) & ~v11_struct_0(sK0) & ~v2_struct_0(sK0) [skolemisation 126,271,270,269,268,267,266]
275. ! [X0] : (! [X1] : (! [X2] : (! [X3] : (((r1_nattra_1(X0,X1,X2,X3) | ? [X4] : (k1_xboole_0 = k2_cat_1(X1,k8_cat_1(X0,X1,X2,X4),k8_cat_1(X0,X1,X3,X4)) & m1_subset_1(X4,u1_struct_0(X0)))) & (! [X4] : (k1_xboole_0 != k2_cat_1(X1,k8_cat_1(X0,X1,X2,X4),k8_cat_1(X0,X1,X3,X4)) | ~m1_subset_1(X4,u1_struct_0(X0))) | ~r1_nattra_1(X0,X1,X2,X3))) | ~m2_cat_1(X3,X0,X1)) | ~m2_cat_1(X2,X0,X1)) | ~l1_cat_1(X1) | ~v6_cat_1(X1) | ~v5_cat_1(X1) | ~v4_cat_1(X1) | ~v3_cat_1(X1) | ~v2_cat_1(X1) | v11_struct_0(X1) | v2_struct_0(X1)) | ~l1_cat_1(X0) | ~v6_cat_1(X0) | ~v5_cat_1(X0) | ~v4_cat_1(X0) | ~v3_cat_1(X0) | ~v2_cat_1(X0) | v11_struct_0(X0) | v2_struct_0(X0)) [nnf transformation 180]
276. ! [X0] : (! [X1] : (! [X2] : (! [X3] : (((r1_nattra_1(X0,X1,X2,X3) | ? [X4] : (k1_xboole_0 = k2_cat_1(X1,k8_cat_1(X0,X1,X2,X4),k8_cat_1(X0,X1,X3,X4)) & m1_subset_1(X4,u1_struct_0(X0)))) & (! [X5] : (k2_cat_1(X1,k8_cat_1(X0,X1,X2,X5),k8_cat_1(X0,X1,X3,X5)) != k1_xboole_0 | ~m1_subset_1(X5,u1_struct_0(X0))) | ~r1_nattra_1(X0,X1,X2,X3))) | ~m2_cat_1(X3,X0,X1)) | ~m2_cat_1(X2,X0,X1)) | ~l1_cat_1(X1) | ~v6_cat_1(X1) | ~v5_cat_1(X1) | ~v4_cat_1(X1) | ~v3_cat_1(X1) | ~v2_cat_1(X1) | v11_struct_0(X1) | v2_struct_0(X1)) | ~l1_cat_1(X0) | ~v6_cat_1(X0) | ~v5_cat_1(X0) | ~v4_cat_1(X0) | ~v3_cat_1(X0) | ~v2_cat_1(X0) | v11_struct_0(X0) | v2_struct_0(X0)) [rectify 275]
277. ! [X3,X2,X1,X0] : (? [X4] : (k1_xboole_0 = k2_cat_1(X1,k8_cat_1(X0,X1,X2,X4),k8_cat_1(X0,X1,X3,X4)) & m1_subset_1(X4,u1_struct_0(X0))) => (k1_xboole_0 = k2_cat_1(X1,k8_cat_1(X0,X1,X2,sK7(X0,X1,X2,X3)),k8_cat_1(X0,X1,X3,sK7(X0,X1,X2,X3))) & m1_subset_1(sK7(X0,X1,X2,X3),u1_struct_0(X0)))) [choice axiom]
278. ! [X0] : (! [X1] : (! [X2] : (! [X3] : (((r1_nattra_1(X0,X1,X2,X3) | (k1_xboole_0 = k2_cat_1(X1,k8_cat_1(X0,X1,X2,sK7(X0,X1,X2,X3)),k8_cat_1(X0,X1,X3,sK7(X0,X1,X2,X3))) & m1_subset_1(sK7(X0,X1,X2,X3),u1_struct_0(X0)))) & (! [X5] : (k2_cat_1(X1,k8_cat_1(X0,X1,X2,X5),k8_cat_1(X0,X1,X3,X5)) != k1_xboole_0 | ~m1_subset_1(X5,u1_struct_0(X0))) | ~r1_nattra_1(X0,X1,X2,X3))) | ~m2_cat_1(X3,X0,X1)) | ~m2_cat_1(X2,X0,X1)) | ~l1_cat_1(X1) | ~v6_cat_1(X1) | ~v5_cat_1(X1) | ~v4_cat_1(X1) | ~v3_cat_1(X1) | ~v2_cat_1(X1) | v11_struct_0(X1) | v2_struct_0(X1)) | ~l1_cat_1(X0) | ~v6_cat_1(X0) | ~v5_cat_1(X0) | ~v4_cat_1(X0) | ~v3_cat_1(X0) | ~v2_cat_1(X0) | v11_struct_0(X0) | v2_struct_0(X0)) [skolemisation 276,277]
279. ! [X0] : (! [X1] : (! [X2] : (! [X3] : (((m1_cat_1(X3,X0,X1,X2) | ~r2_hidden(X3,k2_cat_1(X0,X1,X2))) & (r2_hidden(X3,k2_cat_1(X0,X1,X2)) | ~m1_cat_1(X3,X0,X1,X2))) | ~m1_subset_1(X3,u4_struct_0(X0))) | k1_xboole_0 = k2_cat_1(X0,X1,X2) | ~m1_subset_1(X2,u1_struct_0(X0))) | ~m1_subset_1(X1,u1_struct_0(X0))) | ~l1_cat_1(X0) | v11_struct_0(X0) | v2_struct_0(X0)) [nnf transformation 184]
314. ~v2_struct_0(sK0) [cnf transformation 272] {a:0,w:2,wCS:200,goal:1,sine:0,thAx:0,allAx:7,thDist:-7}
315. ~v11_struct_0(sK0) [cnf transformation 272] {a:0,w:2,wCS:200,goal:1,sine:0,thAx:0,allAx:7,thDist:-7}
316. v2_cat_1(sK0) [cnf transformation 272] {a:0,w:2,wCS:200,goal:1,sine:0,thAx:0,allAx:7,thDist:-7}
317. v3_cat_1(sK0) [cnf transformation 272] {a:0,w:2,wCS:200,goal:1,sine:0,thAx:0,allAx:7,thDist:-7}
318. v4_cat_1(sK0) [cnf transformation 272] {a:0,w:2,wCS:200,goal:1,sine:0,thAx:0,allAx:7,thDist:-7}
319. v5_cat_1(sK0) [cnf transformation 272] {a:0,w:2,wCS:200,goal:1,sine:0,thAx:0,allAx:7,thDist:-7}
320. v6_cat_1(sK0) [cnf transformation 272] {a:0,w:2,wCS:200,goal:1,sine:0,thAx:0,allAx:7,thDist:-7}
321. l1_cat_1(sK0) [cnf transformation 272] {a:0,w:2,wCS:200,goal:1,sine:0,thAx:0,allAx:7,thDist:-7}
322. ~v2_struct_0(sK1) [cnf transformation 272] {a:0,w:2,wCS:200,goal:1,sine:0,thAx:0,allAx:7,thDist:-7}
323. ~v11_struct_0(sK1) [cnf transformation 272] {a:0,w:2,wCS:200,goal:1,sine:0,thAx:0,allAx:7,thDist:-7}
324. v2_cat_1(sK1) [cnf transformation 272] {a:0,w:2,wCS:200,goal:1,sine:0,thAx:0,allAx:7,thDist:-7}
325. v3_cat_1(sK1) [cnf transformation 272] {a:0,w:2,wCS:200,goal:1,sine:0,thAx:0,allAx:7,thDist:-7}
326. v4_cat_1(sK1) [cnf transformation 272] {a:0,w:2,wCS:200,goal:1,sine:0,thAx:0,allAx:7,thDist:-7}
327. v5_cat_1(sK1) [cnf transformation 272] {a:0,w:2,wCS:200,goal:1,sine:0,thAx:0,allAx:7,thDist:-7}
328. v6_cat_1(sK1) [cnf transformation 272] {a:0,w:2,wCS:200,goal:1,sine:0,thAx:0,allAx:7,thDist:-7}
329. l1_cat_1(sK1) [cnf transformation 272] {a:0,w:2,wCS:200,goal:1,sine:0,thAx:0,allAx:7,thDist:-7}
330. m2_cat_1(sK2,sK0,sK1) [cnf transformation 272] {a:0,w:4,wCS:400,goal:1,sine:0,thAx:0,allAx:7,thDist:-7}
331. m2_cat_1(sK3,sK0,sK1) [cnf transformation 272] {a:0,w:4,wCS:400,goal:1,sine:0,thAx:0,allAx:7,thDist:-7}
332. r1_nattra_1(sK0,sK1,sK2,sK3) [cnf transformation 272] {a:0,w:5,wCS:500,goal:1,sine:0,thAx:0,allAx:7,thDist:-7}
333. m1_nattra_1(sK4,sK0,sK1,sK2,sK3) [cnf transformation 272] {a:0,w:6,wCS:600,goal:1,sine:0,thAx:0,allAx:7,thDist:-7}
334. m1_subset_1(sK5,u1_struct_0(sK0)) [cnf transformation 272] {a:0,w:4,wCS:400,goal:1,sine:0,thAx:0,allAx:7,thDist:-7}
335. ~r2_hidden(k4_nattra_1(sK0,sK1,sK2,sK3,sK4,sK5),k2_cat_1(sK1,k8_cat_1(sK0,sK1,sK2,sK5),k8_cat_1(sK0,sK1,sK3,sK5))) [cnf transformation 272] {a:0,w:20,wCS:2000,goal:1,sine:0,thAx:0,allAx:7,thDist:-7}
377. k2_cat_1(X1,k8_cat_1(X0,X1,X2,X5),k8_cat_1(X0,X1,X3,X5)) != k1_xboole_0 | ~m1_subset_1(X5,u1_struct_0(X0)) | ~r1_nattra_1(X0,X1,X2,X3) | ~m2_cat_1(X3,X0,X1) | ~m2_cat_1(X2,X0,X1) | ~l1_cat_1(X1) | ~v6_cat_1(X1) | ~v5_cat_1(X1) | ~v4_cat_1(X1) | ~v3_cat_1(X1) | ~v2_cat_1(X1) | v11_struct_0(X1) | v2_struct_0(X1) | ~l1_cat_1(X0) | ~v6_cat_1(X0) | ~v5_cat_1(X0) | ~v4_cat_1(X0) | ~v3_cat_1(X0) | ~v2_cat_1(X0) | v11_struct_0(X0) | v2_struct_0(X0) [cnf transformation 278] {a:0,w:63,wCS:25200,nSel:1,sine:1,thAx:0,allAx:2,thDist:-2}
381. r2_hidden(X3,k2_cat_1(X0,X1,X2)) | ~m1_cat_1(X3,X0,X1,X2) | ~m1_subset_1(X3,u4_struct_0(X0)) | k1_xboole_0 = k2_cat_1(X0,X1,X2) | ~m1_subset_1(X2,u1_struct_0(X0)) | ~m1_subset_1(X1,u1_struct_0(X0)) | ~l1_cat_1(X0) | v11_struct_0(X0) | v2_struct_0(X0) [cnf transformation 279] {a:0,w:35,wCS:14000,sine:2,thAx:0,allAx:1,thDist:-1}
435. ~m1_cat_1(X3,X0,X1,X2) | m1_subset_1(X3,u4_struct_0(X0)) | ~m1_subset_1(X2,u1_struct_0(X0)) | ~m1_subset_1(X1,u1_struct_0(X0)) | ~l1_cat_1(X0) | v11_struct_0(X0) | v2_struct_0(X0) [cnf transformation 247] {a:0,w:23,wCS:9200,nSel:1,sine:2,thAx:0,allAx:1,thDist:-1}
439. m1_subset_1(k8_cat_1(X0,X1,X2,X3),u1_struct_0(X1)) | ~m1_subset_1(X3,u1_struct_0(X0)) | ~m2_cat_1(X2,X0,X1) | ~l1_cat_1(X1) | ~v6_cat_1(X1) | ~v5_cat_1(X1) | ~v4_cat_1(X1) | ~v3_cat_1(X1) | ~v2_cat_1(X1) | v11_struct_0(X1) | v2_struct_0(X1) | ~l1_cat_1(X0) | ~v6_cat_1(X0) | ~v5_cat_1(X0) | ~v4_cat_1(X0) | ~v3_cat_1(X0) | ~v2_cat_1(X0) | v11_struct_0(X0) | v2_struct_0(X0) [cnf transformation 255] {a:0,w:48,wCS:19200,nSel:1,sine:1,thAx:0,allAx:1,thDist:-1}
450. m1_cat_1(k4_nattra_1(X0,X1,X2,X3,X4,X5),X1,k8_cat_1(X0,X1,X2,X5),k8_cat_1(X0,X1,X3,X5)) | ~m1_subset_1(X5,u1_struct_0(X0)) | ~m1_nattra_1(X4,X0,X1,X2,X3) | ~m2_cat_1(X3,X0,X1) | ~m2_cat_1(X2,X0,X1) | ~l1_cat_1(X1) | ~v6_cat_1(X1) | ~v5_cat_1(X1) | ~v4_cat_1(X1) | ~v3_cat_1(X1) | ~v2_cat_1(X1) | v11_struct_0(X1) | v2_struct_0(X1) | ~l1_cat_1(X0) | ~v6_cat_1(X0) | ~v5_cat_1(X0) | ~v4_cat_1(X0) | ~v3_cat_1(X0) | ~v2_cat_1(X0) | v11_struct_0(X0) | v2_struct_0(X0) [cnf transformation 265] {a:0,w:69,wCS:27600,nSel:1,sine:1,thAx:0,allAx:1,thDist:-1}
464. 1 <=> r2_hidden(k4_nattra_1(sK0,sK1,sK2,sK3,sK4,sK5),k2_cat_1(sK1,k8_cat_1(sK0,sK1,sK2,sK5),k8_cat_1(sK0,sK1,sK3,sK5))) [avatar definition]
466. ~r2_hidden(k4_nattra_1(sK0,sK1,sK2,sK3,sK4,sK5),k2_cat_1(sK1,k8_cat_1(sK0,sK1,sK2,sK5),k8_cat_1(sK0,sK1,sK3,sK5))) <- (~1) [avatar component clause 464] {a:0,w:20,wCS:2000,nSel:1,goal:1,sine:255,thAx:0,allAx:7,thDist:-7}
467. ~1 [avatar split clause 335,464]
469. 2 <=> m1_subset_1(sK5,u1_struct_0(sK0)) [avatar definition]
471. m1_subset_1(sK5,u1_struct_0(sK0)) <- (2) [avatar component clause 469] {a:0,w:4,wCS:400,nSel:1,goal:1,sine:255,thAx:0,allAx:7,thDist:-7}
472. 2 [avatar split clause 334,469]
474. 3 <=> m1_nattra_1(sK4,sK0,sK1,sK2,sK3) [avatar definition]
476. m1_nattra_1(sK4,sK0,sK1,sK2,sK3) <- (3) [avatar component clause 474] {a:0,w:6,wCS:600,nSel:1,goal:1,sine:255,thAx:0,allAx:7,thDist:-7}
477. 3 [avatar split clause 333,474]
479. 4 <=> r1_nattra_1(sK0,sK1,sK2,sK3) [avatar definition]
481. r1_nattra_1(sK0,sK1,sK2,sK3) <- (4) [avatar component clause 479] {a:0,w:5,wCS:500,nSel:1,goal:1,sine:255,thAx:0,allAx:7,thDist:-7}
482. 4 [avatar split clause 332,479]
484. 5 <=> m2_cat_1(sK3,sK0,sK1) [avatar definition]
486. m2_cat_1(sK3,sK0,sK1) <- (5) [avatar component clause 484] {a:0,w:4,wCS:400,nSel:1,goal:1,sine:255,thAx:0,allAx:7,thDist:-7}
487. 5 [avatar split clause 331,484]
489. 6 <=> m2_cat_1(sK2,sK0,sK1) [avatar definition]
491. m2_cat_1(sK2,sK0,sK1) <- (6) [avatar component clause 489] {a:0,w:4,wCS:400,nSel:1,goal:1,sine:255,thAx:0,allAx:7,thDist:-7}
492. 6 [avatar split clause 330,489]
494. 7 <=> l1_cat_1(sK1) [avatar definition]
496. l1_cat_1(sK1) <- (7) [avatar component clause 494] {a:0,w:2,wCS:200,nSel:1,goal:1,sine:255,thAx:0,allAx:7,thDist:-7}
497. 7 [avatar split clause 329,494]
499. 8 <=> v6_cat_1(sK1) [avatar definition]
501. v6_cat_1(sK1) <- (8) [avatar component clause 499] {a:0,w:2,wCS:200,nSel:1,goal:1,sine:255,thAx:0,allAx:7,thDist:-7}
502. 8 [avatar split clause 328,499]
504. 9 <=> v5_cat_1(sK1) [avatar definition]
506. v5_cat_1(sK1) <- (9) [avatar component clause 504] {a:0,w:2,wCS:200,nSel:1,goal:1,sine:255,thAx:0,allAx:7,thDist:-7}
507. 9 [avatar split clause 327,504]
509. 10 <=> v4_cat_1(sK1) [avatar definition]
511. v4_cat_1(sK1) <- (10) [avatar component clause 509] {a:0,w:2,wCS:200,nSel:1,goal:1,sine:255,thAx:0,allAx:7,thDist:-7}
512. 10 [avatar split clause 326,509]
514. 11 <=> v3_cat_1(sK1) [avatar definition]
516. v3_cat_1(sK1) <- (11) [avatar component clause 514] {a:0,w:2,wCS:200,nSel:1,goal:1,sine:255,thAx:0,allAx:7,thDist:-7}
517. 11 [avatar split clause 325,514]
519. 12 <=> v2_cat_1(sK1) [avatar definition]
521. v2_cat_1(sK1) <- (12) [avatar component clause 519] {a:0,w:2,wCS:200,nSel:1,goal:1,sine:255,thAx:0,allAx:7,thDist:-7}
522. 12 [avatar split clause 324,519]
524. 13 <=> v11_struct_0(sK1) [avatar definition]
526. ~v11_struct_0(sK1) <- (~13) [avatar component clause 524] {a:0,w:2,wCS:200,nSel:1,goal:1,sine:255,thAx:0,allAx:7,thDist:-7}
527. ~13 [avatar split clause 323,524]
529. 14 <=> v2_struct_0(sK1) [avatar definition]
531. ~v2_struct_0(sK1) <- (~14) [avatar component clause 529] {a:0,w:2,wCS:200,nSel:1,goal:1,sine:255,thAx:0,allAx:7,thDist:-7}
532. ~14 [avatar split clause 322,529]
534. 15 <=> l1_cat_1(sK0) [avatar definition]
536. l1_cat_1(sK0) <- (15) [avatar component clause 534] {a:0,w:2,wCS:200,nSel:1,goal:1,sine:255,thAx:0,allAx:7,thDist:-7}
537. 15 [avatar split clause 321,534]
539. 16 <=> v6_cat_1(sK0) [avatar definition]
541. v6_cat_1(sK0) <- (16) [avatar component clause 539] {a:0,w:2,wCS:200,nSel:1,goal:1,sine:255,thAx:0,allAx:7,thDist:-7}
542. 16 [avatar split clause 320,539]
544. 17 <=> v5_cat_1(sK0) [avatar definition]
546. v5_cat_1(sK0) <- (17) [avatar component clause 544] {a:0,w:2,wCS:200,nSel:1,goal:1,sine:255,thAx:0,allAx:7,thDist:-7}
547. 17 [avatar split clause 319,544]
549. 18 <=> v4_cat_1(sK0) [avatar definition]
551. v4_cat_1(sK0) <- (18) [avatar component clause 549] {a:0,w:2,wCS:200,nSel:1,goal:1,sine:255,thAx:0,allAx:7,thDist:-7}
552. 18 [avatar split clause 318,549]
554. 19 <=> v3_cat_1(sK0) [avatar definition]
556. v3_cat_1(sK0) <- (19) [avatar component clause 554] {a:0,w:2,wCS:200,nSel:1,goal:1,sine:255,thAx:0,allAx:7,thDist:-7}
557. 19 [avatar split clause 317,554]
559. 20 <=> v2_cat_1(sK0) [avatar definition]
561. v2_cat_1(sK0) <- (20) [avatar component clause 559] {a:0,w:2,wCS:200,nSel:1,goal:1,sine:255,thAx:0,allAx:7,thDist:-7}
562. 20 [avatar split clause 316,559]
564. 21 <=> v11_struct_0(sK0) [avatar definition]
566. ~v11_struct_0(sK0) <- (~21) [avatar component clause 564] {a:0,w:2,wCS:200,nSel:1,goal:1,sine:255,thAx:0,allAx:7,thDist:-7}
567. ~21 [avatar split clause 315,564]
569. 22 <=> v2_struct_0(sK0) [avatar definition]
571. ~v2_struct_0(sK0) <- (~22) [avatar component clause 569] {a:0,w:2,wCS:200,nSel:1,goal:1,sine:255,thAx:0,allAx:7,thDist:-7}
572. ~22 [avatar split clause 314,569]
1124. r2_hidden(X3,k2_cat_1(X0,X1,X2)) | ~m1_cat_1(X3,X0,X1,X2) | k1_xboole_0 = k2_cat_1(X0,X1,X2) | ~m1_subset_1(X2,u1_struct_0(X0)) | ~m1_subset_1(X1,u1_struct_0(X0)) | ~l1_cat_1(X0) | v11_struct_0(X0) | v2_struct_0(X0) [subsumption resolution 381,435] {a:0,w:31,wCS:12400,nSel:1,sine:2,thAx:0,allAx:1,thDist:-1}
1127. ~m1_cat_1(k4_nattra_1(sK0,sK1,sK2,sK3,sK4,sK5),sK1,k8_cat_1(sK0,sK1,sK2,sK5),k8_cat_1(sK0,sK1,sK3,sK5)) | k1_xboole_0 = k2_cat_1(sK1,k8_cat_1(sK0,sK1,sK2,sK5),k8_cat_1(sK0,sK1,sK3,sK5)) | ~m1_subset_1(k8_cat_1(sK0,sK1,sK3,sK5),u1_struct_0(sK1)) | ~m1_subset_1(k8_cat_1(sK0,sK1,sK2,sK5),u1_struct_0(sK1)) | ~l1_cat_1(sK1) | v11_struct_0(sK1) | v2_struct_0(sK1) <- (~1) [resolution 1124,466] {a:1,w:55,wCS:5500,goal:1,sine:2,thAx:0,allAx:8,thDist:-8}
1131. ~m1_cat_1(k4_nattra_1(sK0,sK1,sK2,sK3,sK4,sK5),sK1,k8_cat_1(sK0,sK1,sK2,sK5),k8_cat_1(sK0,sK1,sK3,sK5)) | k1_xboole_0 = k2_cat_1(sK1,k8_cat_1(sK0,sK1,sK2,sK5),k8_cat_1(sK0,sK1,sK3,sK5)) | ~m1_subset_1(k8_cat_1(sK0,sK1,sK3,sK5),u1_struct_0(sK1)) | ~m1_subset_1(k8_cat_1(sK0,sK1,sK2,sK5),u1_struct_0(sK1)) | v11_struct_0(sK1) | v2_struct_0(sK1) <- (~1, 7) [subsumption resolution 1127,496] {a:1,w:53,wCS:5300,goal:1,sine:2,thAx:0,allAx:8,thDist:-8}
1132. ~m1_cat_1(k4_nattra_1(sK0,sK1,sK2,sK3,sK4,sK5),sK1,k8_cat_1(sK0,sK1,sK2,sK5),k8_cat_1(sK0,sK1,sK3,sK5)) | k1_xboole_0 = k2_cat_1(sK1,k8_cat_1(sK0,sK1,sK2,sK5),k8_cat_1(sK0,sK1,sK3,sK5)) | ~m1_subset_1(k8_cat_1(sK0,sK1,sK3,sK5),u1_struct_0(sK1)) | ~m1_subset_1(k8_cat_1(sK0,sK1,sK2,sK5),u1_struct_0(sK1)) | v2_struct_0(sK1) <- (~1, 7, ~13) [subsumption resolution 1131,526] {a:1,w:51,wCS:5100,goal:1,sine:2,thAx:0,allAx:8,thDist:-8}
1133. ~m1_cat_1(k4_nattra_1(sK0,sK1,sK2,sK3,sK4,sK5),sK1,k8_cat_1(sK0,sK1,sK2,sK5),k8_cat_1(sK0,sK1,sK3,sK5)) | k1_xboole_0 = k2_cat_1(sK1,k8_cat_1(sK0,sK1,sK2,sK5),k8_cat_1(sK0,sK1,sK3,sK5)) | ~m1_subset_1(k8_cat_1(sK0,sK1,sK3,sK5),u1_struct_0(sK1)) | ~m1_subset_1(k8_cat_1(sK0,sK1,sK2,sK5),u1_struct_0(sK1)) <- (~1, 7, ~13, ~14) [subsumption resolution 1132,531] {a:1,w:49,wCS:4900,goal:1,sine:2,thAx:0,allAx:8,thDist:-8}
1135. 82 <=> m1_subset_1(k8_cat_1(sK0,sK1,sK2,sK5),u1_struct_0(sK1)) [avatar definition]
1137. ~m1_subset_1(k8_cat_1(sK0,sK1,sK2,sK5),u1_struct_0(sK1)) <- (~82) [avatar component clause 1135] {a:1,w:8,wCS:800,nSel:1,goal:1,sine:255,thAx:0,allAx:8,thDist:-8}
1139. 83 <=> m1_subset_1(k8_cat_1(sK0,sK1,sK3,sK5),u1_struct_0(sK1)) [avatar definition]
1141. ~m1_subset_1(k8_cat_1(sK0,sK1,sK3,sK5),u1_struct_0(sK1)) <- (~83) [avatar component clause 1139] {a:1,w:8,wCS:800,nSel:1,goal:1,sine:255,thAx:0,allAx:8,thDist:-8}
1143. 84 <=> k1_xboole_0 = k2_cat_1(sK1,k8_cat_1(sK0,sK1,sK2,sK5),k8_cat_1(sK0,sK1,sK3,sK5)) [avatar definition]
1145. k1_xboole_0 = k2_cat_1(sK1,k8_cat_1(sK0,sK1,sK2,sK5),k8_cat_1(sK0,sK1,sK3,sK5)) <- (84) [avatar component clause 1143] {a:1,w:14,wCS:1400,nSel:1,goal:1,sine:255,thAx:0,allAx:8,thDist:-8}
1147. 85 <=> m1_cat_1(k4_nattra_1(sK0,sK1,sK2,sK3,sK4,sK5),sK1,k8_cat_1(sK0,sK1,sK2,sK5),k8_cat_1(sK0,sK1,sK3,sK5)) [avatar definition]
1149. ~m1_cat_1(k4_nattra_1(sK0,sK1,sK2,sK3,sK4,sK5),sK1,k8_cat_1(sK0,sK1,sK2,sK5),k8_cat_1(sK0,sK1,sK3,sK5)) <- (~85) [avatar component clause 1147] {a:1,w:19,wCS:1900,nSel:1,goal:1,sine:255,thAx:0,allAx:8,thDist:-8}
1150. ~82 | ~83 | 84 | ~85 | 1 | ~7 | 13 | 14 [avatar split clause 1133,529,524,494,464,1147,1143,1139,1135]
1221. ~m1_subset_1(sK5,u1_struct_0(sK0)) | ~m2_cat_1(sK2,sK0,sK1) | ~l1_cat_1(sK1) | ~v6_cat_1(sK1) | ~v5_cat_1(sK1) | ~v4_cat_1(sK1) | ~v3_cat_1(sK1) | ~v2_cat_1(sK1) | v11_struct_0(sK1) | v2_struct_0(sK1) | ~l1_cat_1(sK0) | ~v6_cat_1(sK0) | ~v5_cat_1(sK0) | ~v4_cat_1(sK0) | ~v3_cat_1(sK0) | ~v2_cat_1(sK0) | v11_struct_0(sK0) | v2_struct_0(sK0) <- (~82) [resolution 439,1137] {a:2,w:40,wCS:4000,goal:1,sine:1,thAx:0,allAx:9,thDist:-9}
1224. ~m2_cat_1(sK2,sK0,sK1) | ~l1_cat_1(sK1) | ~v6_cat_1(sK1) | ~v5_cat_1(sK1) | ~v4_cat_1(sK1) | ~v3_cat_1(sK1) | ~v2_cat_1(sK1) | v11_struct_0(sK1) | v2_struct_0(sK1) | ~l1_cat_1(sK0) | ~v6_cat_1(sK0) | ~v5_cat_1(sK0) | ~v4_cat_1(sK0) | ~v3_cat_1(sK0) | ~v2_cat_1(sK0) | v11_struct_0(sK0) | v2_struct_0(sK0) <- (2, ~82) [subsumption resolution 1221,471] {a:2,w:36,wCS:3600,goal:1,sine:1,thAx:0,allAx:9,thDist:-9}
1225. ~l1_cat_1(sK1) | ~v6_cat_1(sK1) | ~v5_cat_1(sK1) | ~v4_cat_1(sK1) | ~v3_cat_1(sK1) | ~v2_cat_1(sK1) | v11_struct_0(sK1) | v2_struct_0(sK1) | ~l1_cat_1(sK0) | ~v6_cat_1(sK0) | ~v5_cat_1(sK0) | ~v4_cat_1(sK0) | ~v3_cat_1(sK0) | ~v2_cat_1(sK0) | v11_struct_0(sK0) | v2_struct_0(sK0) <- (2, 6, ~82) [subsumption resolution 1224,491] {a:2,w:32,wCS:3200,goal:1,sine:1,thAx:0,allAx:9,thDist:-9}
1226. ~v6_cat_1(sK1) | ~v5_cat_1(sK1) | ~v4_cat_1(sK1) | ~v3_cat_1(sK1) | ~v2_cat_1(sK1) | v11_struct_0(sK1) | v2_struct_0(sK1) | ~l1_cat_1(sK0) | ~v6_cat_1(sK0) | ~v5_cat_1(sK0) | ~v4_cat_1(sK0) | ~v3_cat_1(sK0) | ~v2_cat_1(sK0) | v11_struct_0(sK0) | v2_struct_0(sK0) <- (2, 6, 7, ~82) [subsumption resolution 1225,496] {a:2,w:30,wCS:3000,goal:1,sine:1,thAx:0,allAx:9,thDist:-9}
1227. ~v5_cat_1(sK1) | ~v4_cat_1(sK1) | ~v3_cat_1(sK1) | ~v2_cat_1(sK1) | v11_struct_0(sK1) | v2_struct_0(sK1) | ~l1_cat_1(sK0) | ~v6_cat_1(sK0) | ~v5_cat_1(sK0) | ~v4_cat_1(sK0) | ~v3_cat_1(sK0) | ~v2_cat_1(sK0) | v11_struct_0(sK0) | v2_struct_0(sK0) <- (2, 6, 7, 8, ~82) [subsumption resolution 1226,501] {a:2,w:28,wCS:2800,goal:1,sine:1,thAx:0,allAx:9,thDist:-9}
1228. ~v4_cat_1(sK1) | ~v3_cat_1(sK1) | ~v2_cat_1(sK1) | v11_struct_0(sK1) | v2_struct_0(sK1) | ~l1_cat_1(sK0) | ~v6_cat_1(sK0) | ~v5_cat_1(sK0) | ~v4_cat_1(sK0) | ~v3_cat_1(sK0) | ~v2_cat_1(sK0) | v11_struct_0(sK0) | v2_struct_0(sK0) <- (2, 6, 7, 8, 9, ~82) [subsumption resolution 1227,506] {a:2,w:26,wCS:2600,goal:1,sine:1,thAx:0,allAx:9,thDist:-9}
1229. ~v3_cat_1(sK1) | ~v2_cat_1(sK1) | v11_struct_0(sK1) | v2_struct_0(sK1) | ~l1_cat_1(sK0) | ~v6_cat_1(sK0) | ~v5_cat_1(sK0) | ~v4_cat_1(sK0) | ~v3_cat_1(sK0) | ~v2_cat_1(sK0) | v11_struct_0(sK0) | v2_struct_0(sK0) <- (2, 6, 7, 8, 9, 10, ~82) [subsumption resolution 1228,511] {a:2,w:24,wCS:2400,goal:1,sine:1,thAx:0,allAx:9,thDist:-9}
1230. ~v2_cat_1(sK1) | v11_struct_0(sK1) | v2_struct_0(sK1) | ~l1_cat_1(sK0) | ~v6_cat_1(sK0) | ~v5_cat_1(sK0) | ~v4_cat_1(sK0) | ~v3_cat_1(sK0) | ~v2_cat_1(sK0) | v11_struct_0(sK0) | v2_struct_0(sK0) <- (2, 6, 7, 8, 9, 10, 11, ~82) [subsumption resolution 1229,516] {a:2,w:22,wCS:2200,goal:1,sine:1,thAx:0,allAx:9,thDist:-9}
1231. v11_struct_0(sK1) | v2_struct_0(sK1) | ~l1_cat_1(sK0) | ~v6_cat_1(sK0) | ~v5_cat_1(sK0) | ~v4_cat_1(sK0) | ~v3_cat_1(sK0) | ~v2_cat_1(sK0) | v11_struct_0(sK0) | v2_struct_0(sK0) <- (2, 6, 7, 8, 9, 10, 11, 12, ~82) [subsumption resolution 1230,521] {a:2,w:20,wCS:2000,goal:1,sine:1,thAx:0,allAx:9,thDist:-9}
1232. v2_struct_0(sK1) | ~l1_cat_1(sK0) | ~v6_cat_1(sK0) | ~v5_cat_1(sK0) | ~v4_cat_1(sK0) | ~v3_cat_1(sK0) | ~v2_cat_1(sK0) | v11_struct_0(sK0) | v2_struct_0(sK0) <- (2, 6, 7, 8, 9, 10, 11, 12, ~13, ~82) [subsumption resolution 1231,526] {a:2,w:18,wCS:1800,goal:1,sine:1,thAx:0,allAx:9,thDist:-9}
1233. ~l1_cat_1(sK0) | ~v6_cat_1(sK0) | ~v5_cat_1(sK0) | ~v4_cat_1(sK0) | ~v3_cat_1(sK0) | ~v2_cat_1(sK0) | v11_struct_0(sK0) | v2_struct_0(sK0) <- (2, 6, 7, 8, 9, 10, 11, 12, ~13, ~14, ~82) [subsumption resolution 1232,531] {a:2,w:16,wCS:1600,goal:1,sine:1,thAx:0,allAx:9,thDist:-9}
1234. ~v6_cat_1(sK0) | ~v5_cat_1(sK0) | ~v4_cat_1(sK0) | ~v3_cat_1(sK0) | ~v2_cat_1(sK0) | v11_struct_0(sK0) | v2_struct_0(sK0) <- (2, 6, 7, 8, 9, 10, 11, 12, ~13, ~14, 15, ~82) [subsumption resolution 1233,536] {a:2,w:14,wCS:1400,goal:1,sine:1,thAx:0,allAx:9,thDist:-9}
1235. ~v5_cat_1(sK0) | ~v4_cat_1(sK0) | ~v3_cat_1(sK0) | ~v2_cat_1(sK0) | v11_struct_0(sK0) | v2_struct_0(sK0) <- (2, 6, 7, 8, 9, 10, 11, 12, ~13, ~14, 15, 16, ~82) [subsumption resolution 1234,541] {a:2,w:12,wCS:1200,goal:1,sine:1,thAx:0,allAx:9,thDist:-9}
1236. ~v4_cat_1(sK0) | ~v3_cat_1(sK0) | ~v2_cat_1(sK0) | v11_struct_0(sK0) | v2_struct_0(sK0) <- (2, 6, 7, 8, 9, 10, 11, 12, ~13, ~14, 15, 16, 17, ~82) [subsumption resolution 1235,546] {a:2,w:10,wCS:1000,goal:1,sine:1,thAx:0,allAx:9,thDist:-9}
1237. ~v3_cat_1(sK0) | ~v2_cat_1(sK0) | v11_struct_0(sK0) | v2_struct_0(sK0) <- (2, 6, 7, 8, 9, 10, 11, 12, ~13, ~14, 15, 16, 17, 18, ~82) [subsumption resolution 1236,551] {a:2,w:8,wCS:800,goal:1,sine:1,thAx:0,allAx:9,thDist:-9}
1238. ~v2_cat_1(sK0) | v11_struct_0(sK0) | v2_struct_0(sK0) <- (2, 6, 7, 8, 9, 10, 11, 12, ~13, ~14, 15, 16, 17, 18, 19, ~82) [subsumption resolution 1237,556] {a:2,w:6,wCS:600,goal:1,sine:1,thAx:0,allAx:9,thDist:-9}
1239. v11_struct_0(sK0) | v2_struct_0(sK0) <- (2, 6, 7, 8, 9, 10, 11, 12, ~13, ~14, 15, 16, 17, 18, 19, 20, ~82) [subsumption resolution 1238,561] {a:2,w:4,wCS:400,goal:1,sine:1,thAx:0,allAx:9,thDist:-9}
1240. v2_struct_0(sK0) <- (2, 6, 7, 8, 9, 10, 11, 12, ~13, ~14, 15, 16, 17, 18, 19, 20, ~21, ~82) [subsumption resolution 1239,566] {a:2,w:2,wCS:200,goal:1,sine:1,thAx:0,allAx:9,thDist:-9}
1241. $false <- (2, 6, 7, 8, 9, 10, 11, 12, ~13, ~14, 15, 16, 17, 18, 19, 20, ~21, ~22, ~82) [subsumption resolution 1240,571] {a:2,w:0,goal:1,sine:1,thAx:0,allAx:9,thDist:-9}
1242. ~2 | ~6 | ~7 | ~8 | ~9 | ~10 | ~11 | ~12 | 13 | 14 | ~15 | ~16 | ~17 | ~18 | ~19 | ~20 | 21 | 22 | 82 [avatar contradiction clause 1241]
1319. ~m1_subset_1(sK5,u1_struct_0(sK0)) | ~m2_cat_1(sK3,sK0,sK1) | ~l1_cat_1(sK1) | ~v6_cat_1(sK1) | ~v5_cat_1(sK1) | ~v4_cat_1(sK1) | ~v3_cat_1(sK1) | ~v2_cat_1(sK1) | v11_struct_0(sK1) | v2_struct_0(sK1) | ~l1_cat_1(sK0) | ~v6_cat_1(sK0) | ~v5_cat_1(sK0) | ~v4_cat_1(sK0) | ~v3_cat_1(sK0) | ~v2_cat_1(sK0) | v11_struct_0(sK0) | v2_struct_0(sK0) <- (~83) [resolution 1141,439] {a:2,w:40,wCS:4000,goal:1,sine:1,thAx:0,allAx:9,thDist:-9}
1321. ~m2_cat_1(sK3,sK0,sK1) | ~l1_cat_1(sK1) | ~v6_cat_1(sK1) | ~v5_cat_1(sK1) | ~v4_cat_1(sK1) | ~v3_cat_1(sK1) | ~v2_cat_1(sK1) | v11_struct_0(sK1) | v2_struct_0(sK1) | ~l1_cat_1(sK0) | ~v6_cat_1(sK0) | ~v5_cat_1(sK0) | ~v4_cat_1(sK0) | ~v3_cat_1(sK0) | ~v2_cat_1(sK0) | v11_struct_0(sK0) | v2_struct_0(sK0) <- (2, ~83) [subsumption resolution 1319,471] {a:2,w:36,wCS:3600,goal:1,sine:1,thAx:0,allAx:9,thDist:-9}
1322. ~l1_cat_1(sK1) | ~v6_cat_1(sK1) | ~v5_cat_1(sK1) | ~v4_cat_1(sK1) | ~v3_cat_1(sK1) | ~v2_cat_1(sK1) | v11_struct_0(sK1) | v2_struct_0(sK1) | ~l1_cat_1(sK0) | ~v6_cat_1(sK0) | ~v5_cat_1(sK0) | ~v4_cat_1(sK0) | ~v3_cat_1(sK0) | ~v2_cat_1(sK0) | v11_struct_0(sK0) | v2_struct_0(sK0) <- (2, 5, ~83) [subsumption resolution 1321,486] {a:2,w:32,wCS:3200,goal:1,sine:1,thAx:0,allAx:9,thDist:-9}
1323. ~v6_cat_1(sK1) | ~v5_cat_1(sK1) | ~v4_cat_1(sK1) | ~v3_cat_1(sK1) | ~v2_cat_1(sK1) | v11_struct_0(sK1) | v2_struct_0(sK1) | ~l1_cat_1(sK0) | ~v6_cat_1(sK0) | ~v5_cat_1(sK0) | ~v4_cat_1(sK0) | ~v3_cat_1(sK0) | ~v2_cat_1(sK0) | v11_struct_0(sK0) | v2_struct_0(sK0) <- (2, 5, 7, ~83) [subsumption resolution 1322,496] {a:2,w:30,wCS:3000,goal:1,sine:1,thAx:0,allAx:9,thDist:-9}
1324. ~v5_cat_1(sK1) | ~v4_cat_1(sK1) | ~v3_cat_1(sK1) | ~v2_cat_1(sK1) | v11_struct_0(sK1) | v2_struct_0(sK1) | ~l1_cat_1(sK0) | ~v6_cat_1(sK0) | ~v5_cat_1(sK0) | ~v4_cat_1(sK0) | ~v3_cat_1(sK0) | ~v2_cat_1(sK0) | v11_struct_0(sK0) | v2_struct_0(sK0) <- (2, 5, 7, 8, ~83) [subsumption resolution 1323,501] {a:2,w:28,wCS:2800,goal:1,sine:1,thAx:0,allAx:9,thDist:-9}
1325. ~v4_cat_1(sK1) | ~v3_cat_1(sK1) | ~v2_cat_1(sK1) | v11_struct_0(sK1) | v2_struct_0(sK1) | ~l1_cat_1(sK0) | ~v6_cat_1(sK0) | ~v5_cat_1(sK0) | ~v4_cat_1(sK0) | ~v3_cat_1(sK0) | ~v2_cat_1(sK0) | v11_struct_0(sK0) | v2_struct_0(sK0) <- (2, 5, 7, 8, 9, ~83) [subsumption resolution 1324,506] {a:2,w:26,wCS:2600,goal:1,sine:1,thAx:0,allAx:9,thDist:-9}
1326. ~v3_cat_1(sK1) | ~v2_cat_1(sK1) | v11_struct_0(sK1) | v2_struct_0(sK1) | ~l1_cat_1(sK0) | ~v6_cat_1(sK0) | ~v5_cat_1(sK0) | ~v4_cat_1(sK0) | ~v3_cat_1(sK0) | ~v2_cat_1(sK0) | v11_struct_0(sK0) | v2_struct_0(sK0) <- (2, 5, 7, 8, 9, 10, ~83) [subsumption resolution 1325,511] {a:2,w:24,wCS:2400,goal:1,sine:1,thAx:0,allAx:9,thDist:-9}
1327. ~v2_cat_1(sK1) | v11_struct_0(sK1) | v2_struct_0(sK1) | ~l1_cat_1(sK0) | ~v6_cat_1(sK0) | ~v5_cat_1(sK0) | ~v4_cat_1(sK0) | ~v3_cat_1(sK0) | ~v2_cat_1(sK0) | v11_struct_0(sK0) | v2_struct_0(sK0) <- (2, 5, 7, 8, 9, 10, 11, ~83) [subsumption resolution 1326,516] {a:2,w:22,wCS:2200,goal:1,sine:1,thAx:0,allAx:9,thDist:-9}
1328. v11_struct_0(sK1) | v2_struct_0(sK1) | ~l1_cat_1(sK0) | ~v6_cat_1(sK0) | ~v5_cat_1(sK0) | ~v4_cat_1(sK0) | ~v3_cat_1(sK0) | ~v2_cat_1(sK0) | v11_struct_0(sK0) | v2_struct_0(sK0) <- (2, 5, 7, 8, 9, 10, 11, 12, ~83) [subsumption resolution 1327,521] {a:2,w:20,wCS:2000,goal:1,sine:1,thAx:0,allAx:9,thDist:-9}
1329. v2_struct_0(sK1) | ~l1_cat_1(sK0) | ~v6_cat_1(sK0) | ~v5_cat_1(sK0) | ~v4_cat_1(sK0) | ~v3_cat_1(sK0) | ~v2_cat_1(sK0) | v11_struct_0(sK0) | v2_struct_0(sK0) <- (2, 5, 7, 8, 9, 10, 11, 12, ~13, ~83) [subsumption resolution 1328,526] {a:2,w:18,wCS:1800,goal:1,sine:1,thAx:0,allAx:9,thDist:-9}
1330. ~l1_cat_1(sK0) | ~v6_cat_1(sK0) | ~v5_cat_1(sK0) | ~v4_cat_1(sK0) | ~v3_cat_1(sK0) | ~v2_cat_1(sK0) | v11_struct_0(sK0) | v2_struct_0(sK0) <- (2, 5, 7, 8, 9, 10, 11, 12, ~13, ~14, ~83) [subsumption resolution 1329,531] {a:2,w:16,wCS:1600,goal:1,sine:1,thAx:0,allAx:9,thDist:-9}
1331. ~v6_cat_1(sK0) | ~v5_cat_1(sK0) | ~v4_cat_1(sK0) | ~v3_cat_1(sK0) | ~v2_cat_1(sK0) | v11_struct_0(sK0) | v2_struct_0(sK0) <- (2, 5, 7, 8, 9, 10, 11, 12, ~13, ~14, 15, ~83) [subsumption resolution 1330,536] {a:2,w:14,wCS:1400,goal:1,sine:1,thAx:0,allAx:9,thDist:-9}
1332. ~v5_cat_1(sK0) | ~v4_cat_1(sK0) | ~v3_cat_1(sK0) | ~v2_cat_1(sK0) | v11_struct_0(sK0) | v2_struct_0(sK0) <- (2, 5, 7, 8, 9, 10, 11, 12, ~13, ~14, 15, 16, ~83) [subsumption resolution 1331,541] {a:2,w:12,wCS:1200,goal:1,sine:1,thAx:0,allAx:9,thDist:-9}
1333. ~v4_cat_1(sK0) | ~v3_cat_1(sK0) | ~v2_cat_1(sK0) | v11_struct_0(sK0) | v2_struct_0(sK0) <- (2, 5, 7, 8, 9, 10, 11, 12, ~13, ~14, 15, 16, 17, ~83) [subsumption resolution 1332,546] {a:2,w:10,wCS:1000,goal:1,sine:1,thAx:0,allAx:9,thDist:-9}
1334. ~v3_cat_1(sK0) | ~v2_cat_1(sK0) | v11_struct_0(sK0) | v2_struct_0(sK0) <- (2, 5, 7, 8, 9, 10, 11, 12, ~13, ~14, 15, 16, 17, 18, ~83) [subsumption resolution 1333,551] {a:2,w:8,wCS:800,goal:1,sine:1,thAx:0,allAx:9,thDist:-9}
1335. ~v2_cat_1(sK0) | v11_struct_0(sK0) | v2_struct_0(sK0) <- (2, 5, 7, 8, 9, 10, 11, 12, ~13, ~14, 15, 16, 17, 18, 19, ~83) [subsumption resolution 1334,556] {a:2,w:6,wCS:600,goal:1,sine:1,thAx:0,allAx:9,thDist:-9}
1336. v11_struct_0(sK0) | v2_struct_0(sK0) <- (2, 5, 7, 8, 9, 10, 11, 12, ~13, ~14, 15, 16, 17, 18, 19, 20, ~83) [subsumption resolution 1335,561] {a:2,w:4,wCS:400,goal:1,sine:1,thAx:0,allAx:9,thDist:-9}
1337. v2_struct_0(sK0) <- (2, 5, 7, 8, 9, 10, 11, 12, ~13, ~14, 15, 16, 17, 18, 19, 20, ~21, ~83) [subsumption resolution 1336,566] {a:2,w:2,wCS:200,goal:1,sine:1,thAx:0,allAx:9,thDist:-9}
1338. $false <- (2, 5, 7, 8, 9, 10, 11, 12, ~13, ~14, 15, 16, 17, 18, 19, 20, ~21, ~22, ~83) [subsumption resolution 1337,571] {a:2,w:0,goal:1,sine:1,thAx:0,allAx:9,thDist:-9}
1339. ~2 | ~5 | ~7 | ~8 | ~9 | ~10 | ~11 | ~12 | 13 | 14 | ~15 | ~16 | ~17 | ~18 | ~19 | ~20 | 21 | 22 | 83 [avatar contradiction clause 1338]
1410. ~m1_subset_1(sK5,u1_struct_0(sK0)) | ~m1_nattra_1(sK4,sK0,sK1,sK2,sK3) | ~m2_cat_1(sK3,sK0,sK1) | ~m2_cat_1(sK2,sK0,sK1) | ~l1_cat_1(sK1) | ~v6_cat_1(sK1) | ~v5_cat_1(sK1) | ~v4_cat_1(sK1) | ~v3_cat_1(sK1) | ~v2_cat_1(sK1) | v11_struct_0(sK1) | v2_struct_0(sK1) | ~l1_cat_1(sK0) | ~v6_cat_1(sK0) | ~v5_cat_1(sK0) | ~v4_cat_1(sK0) | ~v3_cat_1(sK0) | ~v2_cat_1(sK0) | v11_struct_0(sK0) | v2_struct_0(sK0) <- (~85) [resolution 1149,450] {a:2,w:50,wCS:5000,goal:1,sine:1,thAx:0,allAx:9,thDist:-9}
1412. ~m1_nattra_1(sK4,sK0,sK1,sK2,sK3) | ~m2_cat_1(sK3,sK0,sK1) | ~m2_cat_1(sK2,sK0,sK1) | ~l1_cat_1(sK1) | ~v6_cat_1(sK1) | ~v5_cat_1(sK1) | ~v4_cat_1(sK1) | ~v3_cat_1(sK1) | ~v2_cat_1(sK1) | v11_struct_0(sK1) | v2_struct_0(sK1) | ~l1_cat_1(sK0) | ~v6_cat_1(sK0) | ~v5_cat_1(sK0) | ~v4_cat_1(sK0) | ~v3_cat_1(sK0) | ~v2_cat_1(sK0) | v11_struct_0(sK0) | v2_struct_0(sK0) <- (2, ~85) [subsumption resolution 1410,471] {a:2,w:46,wCS:4600,goal:1,sine:1,thAx:0,allAx:9,thDist:-9}
1413. ~m2_cat_1(sK3,sK0,sK1) | ~m2_cat_1(sK2,sK0,sK1) | ~l1_cat_1(sK1) | ~v6_cat_1(sK1) | ~v5_cat_1(sK1) | ~v4_cat_1(sK1) | ~v3_cat_1(sK1) | ~v2_cat_1(sK1) | v11_struct_0(sK1) | v2_struct_0(sK1) | ~l1_cat_1(sK0) | ~v6_cat_1(sK0) | ~v5_cat_1(sK0) | ~v4_cat_1(sK0) | ~v3_cat_1(sK0) | ~v2_cat_1(sK0) | v11_struct_0(sK0) | v2_struct_0(sK0) <- (2, 3, ~85) [subsumption resolution 1412,476] {a:2,w:40,wCS:4000,goal:1,sine:1,thAx:0,allAx:9,thDist:-9}
1414. ~m2_cat_1(sK2,sK0,sK1) | ~l1_cat_1(sK1) | ~v6_cat_1(sK1) | ~v5_cat_1(sK1) | ~v4_cat_1(sK1) | ~v3_cat_1(sK1) | ~v2_cat_1(sK1) | v11_struct_0(sK1) | v2_struct_0(sK1) | ~l1_cat_1(sK0) | ~v6_cat_1(sK0) | ~v5_cat_1(sK0) | ~v4_cat_1(sK0) | ~v3_cat_1(sK0) | ~v2_cat_1(sK0) | v11_struct_0(sK0) | v2_struct_0(sK0) <- (2, 3, 5, ~85) [subsumption resolution 1413,486] {a:2,w:36,wCS:3600,goal:1,sine:1,thAx:0,allAx:9,thDist:-9}
1415. ~l1_cat_1(sK1) | ~v6_cat_1(sK1) | ~v5_cat_1(sK1) | ~v4_cat_1(sK1) | ~v3_cat_1(sK1) | ~v2_cat_1(sK1) | v11_struct_0(sK1) | v2_struct_0(sK1) | ~l1_cat_1(sK0) | ~v6_cat_1(sK0) | ~v5_cat_1(sK0) | ~v4_cat_1(sK0) | ~v3_cat_1(sK0) | ~v2_cat_1(sK0) | v11_struct_0(sK0) | v2_struct_0(sK0) <- (2, 3, 5, 6, ~85) [subsumption resolution 1414,491] {a:2,w:32,wCS:3200,goal:1,sine:1,thAx:0,allAx:9,thDist:-9}
1416. ~v6_cat_1(sK1) | ~v5_cat_1(sK1) | ~v4_cat_1(sK1) | ~v3_cat_1(sK1) | ~v2_cat_1(sK1) | v11_struct_0(sK1) | v2_struct_0(sK1) | ~l1_cat_1(sK0) | ~v6_cat_1(sK0) | ~v5_cat_1(sK0) | ~v4_cat_1(sK0) | ~v3_cat_1(sK0) | ~v2_cat_1(sK0) | v11_struct_0(sK0) | v2_struct_0(sK0) <- (2, 3, 5, 6, 7, ~85) [subsumption resolution 1415,496] {a:2,w:30,wCS:3000,goal:1,sine:1,thAx:0,allAx:9,thDist:-9}
1417. ~v5_cat_1(sK1) | ~v4_cat_1(sK1) | ~v3_cat_1(sK1) | ~v2_cat_1(sK1) | v11_struct_0(sK1) | v2_struct_0(sK1) | ~l1_cat_1(sK0) | ~v6_cat_1(sK0) | ~v5_cat_1(sK0) | ~v4_cat_1(sK0) | ~v3_cat_1(sK0) | ~v2_cat_1(sK0) | v11_struct_0(sK0) | v2_struct_0(sK0) <- (2, 3, 5, 6, 7, 8, ~85) [subsumption resolution 1416,501] {a:2,w:28,wCS:2800,goal:1,sine:1,thAx:0,allAx:9,thDist:-9}
1418. ~v4_cat_1(sK1) | ~v3_cat_1(sK1) | ~v2_cat_1(sK1) | v11_struct_0(sK1) | v2_struct_0(sK1) | ~l1_cat_1(sK0) | ~v6_cat_1(sK0) | ~v5_cat_1(sK0) | ~v4_cat_1(sK0) | ~v3_cat_1(sK0) | ~v2_cat_1(sK0) | v11_struct_0(sK0) | v2_struct_0(sK0) <- (2, 3, 5, 6, 7, 8, 9, ~85) [subsumption resolution 1417,506] {a:2,w:26,wCS:2600,goal:1,sine:1,thAx:0,allAx:9,thDist:-9}
1419. ~v3_cat_1(sK1) | ~v2_cat_1(sK1) | v11_struct_0(sK1) | v2_struct_0(sK1) | ~l1_cat_1(sK0) | ~v6_cat_1(sK0) | ~v5_cat_1(sK0) | ~v4_cat_1(sK0) | ~v3_cat_1(sK0) | ~v2_cat_1(sK0) | v11_struct_0(sK0) | v2_struct_0(sK0) <- (2, 3, 5, 6, 7, 8, 9, 10, ~85) [subsumption resolution 1418,511] {a:2,w:24,wCS:2400,goal:1,sine:1,thAx:0,allAx:9,thDist:-9}
1420. ~v2_cat_1(sK1) | v11_struct_0(sK1) | v2_struct_0(sK1) | ~l1_cat_1(sK0) | ~v6_cat_1(sK0) | ~v5_cat_1(sK0) | ~v4_cat_1(sK0) | ~v3_cat_1(sK0) | ~v2_cat_1(sK0) | v11_struct_0(sK0) | v2_struct_0(sK0) <- (2, 3, 5, 6, 7, 8, 9, 10, 11, ~85) [subsumption resolution 1419,516] {a:2,w:22,wCS:2200,goal:1,sine:1,thAx:0,allAx:9,thDist:-9}
1421. v11_struct_0(sK1) | v2_struct_0(sK1) | ~l1_cat_1(sK0) | ~v6_cat_1(sK0) | ~v5_cat_1(sK0) | ~v4_cat_1(sK0) | ~v3_cat_1(sK0) | ~v2_cat_1(sK0) | v11_struct_0(sK0) | v2_struct_0(sK0) <- (2, 3, 5, 6, 7, 8, 9, 10, 11, 12, ~85) [subsumption resolution 1420,521] {a:2,w:20,wCS:2000,goal:1,sine:1,thAx:0,allAx:9,thDist:-9}
1422. v2_struct_0(sK1) | ~l1_cat_1(sK0) | ~v6_cat_1(sK0) | ~v5_cat_1(sK0) | ~v4_cat_1(sK0) | ~v3_cat_1(sK0) | ~v2_cat_1(sK0) | v11_struct_0(sK0) | v2_struct_0(sK0) <- (2, 3, 5, 6, 7, 8, 9, 10, 11, 12, ~13, ~85) [subsumption resolution 1421,526] {a:2,w:18,wCS:1800,goal:1,sine:1,thAx:0,allAx:9,thDist:-9}
1423. ~l1_cat_1(sK0) | ~v6_cat_1(sK0) | ~v5_cat_1(sK0) | ~v4_cat_1(sK0) | ~v3_cat_1(sK0) | ~v2_cat_1(sK0) | v11_struct_0(sK0) | v2_struct_0(sK0) <- (2, 3, 5, 6, 7, 8, 9, 10, 11, 12, ~13, ~14, ~85) [subsumption resolution 1422,531] {a:2,w:16,wCS:1600,goal:1,sine:1,thAx:0,allAx:9,thDist:-9}
1424. ~v6_cat_1(sK0) | ~v5_cat_1(sK0) | ~v4_cat_1(sK0) | ~v3_cat_1(sK0) | ~v2_cat_1(sK0) | v11_struct_0(sK0) | v2_struct_0(sK0) <- (2, 3, 5, 6, 7, 8, 9, 10, 11, 12, ~13, ~14, 15, ~85) [subsumption resolution 1423,536] {a:2,w:14,wCS:1400,goal:1,sine:1,thAx:0,allAx:9,thDist:-9}
1425. ~v5_cat_1(sK0) | ~v4_cat_1(sK0) | ~v3_cat_1(sK0) | ~v2_cat_1(sK0) | v11_struct_0(sK0) | v2_struct_0(sK0) <- (2, 3, 5, 6, 7, 8, 9, 10, 11, 12, ~13, ~14, 15, 16, ~85) [subsumption resolution 1424,541] {a:2,w:12,wCS:1200,goal:1,sine:1,thAx:0,allAx:9,thDist:-9}
1426. ~v4_cat_1(sK0) | ~v3_cat_1(sK0) | ~v2_cat_1(sK0) | v11_struct_0(sK0) | v2_struct_0(sK0) <- (2, 3, 5, 6, 7, 8, 9, 10, 11, 12, ~13, ~14, 15, 16, 17, ~85) [subsumption resolution 1425,546] {a:2,w:10,wCS:1000,goal:1,sine:1,thAx:0,allAx:9,thDist:-9}
1427. ~v3_cat_1(sK0) | ~v2_cat_1(sK0) | v11_struct_0(sK0) | v2_struct_0(sK0) <- (2, 3, 5, 6, 7, 8, 9, 10, 11, 12, ~13, ~14, 15, 16, 17, 18, ~85) [subsumption resolution 1426,551] {a:2,w:8,wCS:800,goal:1,sine:1,thAx:0,allAx:9,thDist:-9}
1428. ~v2_cat_1(sK0) | v11_struct_0(sK0) | v2_struct_0(sK0) <- (2, 3, 5, 6, 7, 8, 9, 10, 11, 12, ~13, ~14, 15, 16, 17, 18, 19, ~85) [subsumption resolution 1427,556] {a:2,w:6,wCS:600,goal:1,sine:1,thAx:0,allAx:9,thDist:-9}
1429. v11_struct_0(sK0) | v2_struct_0(sK0) <- (2, 3, 5, 6, 7, 8, 9, 10, 11, 12, ~13, ~14, 15, 16, 17, 18, 19, 20, ~85) [subsumption resolution 1428,561] {a:2,w:4,wCS:400,goal:1,sine:1,thAx:0,allAx:9,thDist:-9}
1430. v2_struct_0(sK0) <- (2, 3, 5, 6, 7, 8, 9, 10, 11, 12, ~13, ~14, 15, 16, 17, 18, 19, 20, ~21, ~85) [subsumption resolution 1429,566] {a:2,w:2,wCS:200,goal:1,sine:1,thAx:0,allAx:9,thDist:-9}
1431. $false <- (2, 3, 5, 6, 7, 8, 9, 10, 11, 12, ~13, ~14, 15, 16, 17, 18, 19, 20, ~21, ~22, ~85) [subsumption resolution 1430,571] {a:2,w:0,goal:1,sine:1,thAx:0,allAx:9,thDist:-9}
1432. ~2 | ~3 | ~5 | ~6 | ~7 | ~8 | ~9 | ~10 | ~11 | ~12 | 13 | 14 | ~15 | ~16 | ~17 | ~18 | ~19 | ~20 | 21 | 22 | 85 [avatar contradiction clause 1431]
1443. k1_xboole_0 != k1_xboole_0 | ~m1_subset_1(sK5,u1_struct_0(sK0)) | ~r1_nattra_1(sK0,sK1,sK2,sK3) | ~m2_cat_1(sK3,sK0,sK1) | ~m2_cat_1(sK2,sK0,sK1) | ~l1_cat_1(sK1) | ~v6_cat_1(sK1) | ~v5_cat_1(sK1) | ~v4_cat_1(sK1) | ~v3_cat_1(sK1) | ~v2_cat_1(sK1) | v11_struct_0(sK1) | v2_struct_0(sK1) | ~l1_cat_1(sK0) | ~v6_cat_1(sK0) | ~v5_cat_1(sK0) | ~v4_cat_1(sK0) | ~v3_cat_1(sK0) | ~v2_cat_1(sK0) | v11_struct_0(sK0) | v2_struct_0(sK0) <- (84) [superposition 377,1145] {a:2,w:52,wCS:5200,goal:1,sine:1,thAx:0,allAx:10,thDist:-10}
1447. ~m1_subset_1(sK5,u1_struct_0(sK0)) | ~r1_nattra_1(sK0,sK1,sK2,sK3) | ~m2_cat_1(sK3,sK0,sK1) | ~m2_cat_1(sK2,sK0,sK1) | ~l1_cat_1(sK1) | ~v6_cat_1(sK1) | ~v5_cat_1(sK1) | ~v4_cat_1(sK1) | ~v3_cat_1(sK1) | ~v2_cat_1(sK1) | v11_struct_0(sK1) | v2_struct_0(sK1) | ~l1_cat_1(sK0) | ~v6_cat_1(sK0) | ~v5_cat_1(sK0) | ~v4_cat_1(sK0) | ~v3_cat_1(sK0) | ~v2_cat_1(sK0) | v11_struct_0(sK0) | v2_struct_0(sK0) <- (84) [trivial inequality removal 1443] {a:2,w:49,wCS:4900,goal:1,sine:1,thAx:0,allAx:10,thDist:-10}
1449. ~r1_nattra_1(sK0,sK1,sK2,sK3) | ~m2_cat_1(sK3,sK0,sK1) | ~m2_cat_1(sK2,sK0,sK1) | ~l1_cat_1(sK1) | ~v6_cat_1(sK1) | ~v5_cat_1(sK1) | ~v4_cat_1(sK1) | ~v3_cat_1(sK1) | ~v2_cat_1(sK1) | v11_struct_0(sK1) | v2_struct_0(sK1) | ~l1_cat_1(sK0) | ~v6_cat_1(sK0) | ~v5_cat_1(sK0) | ~v4_cat_1(sK0) | ~v3_cat_1(sK0) | ~v2_cat_1(sK0) | v11_struct_0(sK0) | v2_struct_0(sK0) <- (2, 84) [subsumption resolution 1447,471] {a:2,w:45,wCS:4500,goal:1,sine:1,thAx:0,allAx:10,thDist:-10}
1450. ~m2_cat_1(sK3,sK0,sK1) | ~m2_cat_1(sK2,sK0,sK1) | ~l1_cat_1(sK1) | ~v6_cat_1(sK1) | ~v5_cat_1(sK1) | ~v4_cat_1(sK1) | ~v3_cat_1(sK1) | ~v2_cat_1(sK1) | v11_struct_0(sK1) | v2_struct_0(sK1) | ~l1_cat_1(sK0) | ~v6_cat_1(sK0) | ~v5_cat_1(sK0) | ~v4_cat_1(sK0) | ~v3_cat_1(sK0) | ~v2_cat_1(sK0) | v11_struct_0(sK0) | v2_struct_0(sK0) <- (2, 4, 84) [subsumption resolution 1449,481] {a:2,w:40,wCS:4000,goal:1,sine:1,thAx:0,allAx:10,thDist:-10}
1451. ~m2_cat_1(sK2,sK0,sK1) | ~l1_cat_1(sK1) | ~v6_cat_1(sK1) | ~v5_cat_1(sK1) | ~v4_cat_1(sK1) | ~v3_cat_1(sK1) | ~v2_cat_1(sK1) | v11_struct_0(sK1) | v2_struct_0(sK1) | ~l1_cat_1(sK0) | ~v6_cat_1(sK0) | ~v5_cat_1(sK0) | ~v4_cat_1(sK0) | ~v3_cat_1(sK0) | ~v2_cat_1(sK0) | v11_struct_0(sK0) | v2_struct_0(sK0) <- (2, 4, 5, 84) [subsumption resolution 1450,486] {a:2,w:36,wCS:3600,goal:1,sine:1,thAx:0,allAx:10,thDist:-10}
1452. ~l1_cat_1(sK1) | ~v6_cat_1(sK1) | ~v5_cat_1(sK1) | ~v4_cat_1(sK1) | ~v3_cat_1(sK1) | ~v2_cat_1(sK1) | v11_struct_0(sK1) | v2_struct_0(sK1) | ~l1_cat_1(sK0) | ~v6_cat_1(sK0) | ~v5_cat_1(sK0) | ~v4_cat_1(sK0) | ~v3_cat_1(sK0) | ~v2_cat_1(sK0) | v11_struct_0(sK0) | v2_struct_0(sK0) <- (2, 4, 5, 6, 84) [subsumption resolution 1451,491] {a:2,w:32,wCS:3200,goal:1,sine:1,thAx:0,allAx:10,thDist:-10}
1453. ~v6_cat_1(sK1) | ~v5_cat_1(sK1) | ~v4_cat_1(sK1) | ~v3_cat_1(sK1) | ~v2_cat_1(sK1) | v11_struct_0(sK1) | v2_struct_0(sK1) | ~l1_cat_1(sK0) | ~v6_cat_1(sK0) | ~v5_cat_1(sK0) | ~v4_cat_1(sK0) | ~v3_cat_1(sK0) | ~v2_cat_1(sK0) | v11_struct_0(sK0) | v2_struct_0(sK0) <- (2, 4, 5, 6, 7, 84) [subsumption resolution 1452,496] {a:2,w:30,wCS:3000,goal:1,sine:1,thAx:0,allAx:10,thDist:-10}
1454. ~v5_cat_1(sK1) | ~v4_cat_1(sK1) | ~v3_cat_1(sK1) | ~v2_cat_1(sK1) | v11_struct_0(sK1) | v2_struct_0(sK1) | ~l1_cat_1(sK0) | ~v6_cat_1(sK0) | ~v5_cat_1(sK0) | ~v4_cat_1(sK0) | ~v3_cat_1(sK0) | ~v2_cat_1(sK0) | v11_struct_0(sK0) | v2_struct_0(sK0) <- (2, 4, 5, 6, 7, 8, 84) [subsumption resolution 1453,501] {a:2,w:28,wCS:2800,goal:1,sine:1,thAx:0,allAx:10,thDist:-10}
1455. ~v4_cat_1(sK1) | ~v3_cat_1(sK1) | ~v2_cat_1(sK1) | v11_struct_0(sK1) | v2_struct_0(sK1) | ~l1_cat_1(sK0) | ~v6_cat_1(sK0) | ~v5_cat_1(sK0) | ~v4_cat_1(sK0) | ~v3_cat_1(sK0) | ~v2_cat_1(sK0) | v11_struct_0(sK0) | v2_struct_0(sK0) <- (2, 4, 5, 6, 7, 8, 9, 84) [subsumption resolution 1454,506] {a:2,w:26,wCS:2600,goal:1,sine:1,thAx:0,allAx:10,thDist:-10}
1456. ~v3_cat_1(sK1) | ~v2_cat_1(sK1) | v11_struct_0(sK1) | v2_struct_0(sK1) | ~l1_cat_1(sK0) | ~v6_cat_1(sK0) | ~v5_cat_1(sK0) | ~v4_cat_1(sK0) | ~v3_cat_1(sK0) | ~v2_cat_1(sK0) | v11_struct_0(sK0) | v2_struct_0(sK0) <- (2, 4, 5, 6, 7, 8, 9, 10, 84) [subsumption resolution 1455,511] {a:2,w:24,wCS:2400,goal:1,sine:1,thAx:0,allAx:10,thDist:-10}
1457. ~v2_cat_1(sK1) | v11_struct_0(sK1) | v2_struct_0(sK1) | ~l1_cat_1(sK0) | ~v6_cat_1(sK0) | ~v5_cat_1(sK0) | ~v4_cat_1(sK0) | ~v3_cat_1(sK0) | ~v2_cat_1(sK0) | v11_struct_0(sK0) | v2_struct_0(sK0) <- (2, 4, 5, 6, 7, 8, 9, 10, 11, 84) [subsumption resolution 1456,516] {a:2,w:22,wCS:2200,goal:1,sine:1,thAx:0,allAx:10,thDist:-10}
1458. v11_struct_0(sK1) | v2_struct_0(sK1) | ~l1_cat_1(sK0) | ~v6_cat_1(sK0) | ~v5_cat_1(sK0) | ~v4_cat_1(sK0) | ~v3_cat_1(sK0) | ~v2_cat_1(sK0) | v11_struct_0(sK0) | v2_struct_0(sK0) <- (2, 4, 5, 6, 7, 8, 9, 10, 11, 12, 84) [subsumption resolution 1457,521] {a:2,w:20,wCS:2000,goal:1,sine:1,thAx:0,allAx:10,thDist:-10}
1459. v2_struct_0(sK1) | ~l1_cat_1(sK0) | ~v6_cat_1(sK0) | ~v5_cat_1(sK0) | ~v4_cat_1(sK0) | ~v3_cat_1(sK0) | ~v2_cat_1(sK0) | v11_struct_0(sK0) | v2_struct_0(sK0) <- (2, 4, 5, 6, 7, 8, 9, 10, 11, 12, ~13, 84) [subsumption resolution 1458,526] {a:2,w:18,wCS:1800,goal:1,sine:1,thAx:0,allAx:10,thDist:-10}
1460. ~l1_cat_1(sK0) | ~v6_cat_1(sK0) | ~v5_cat_1(sK0) | ~v4_cat_1(sK0) | ~v3_cat_1(sK0) | ~v2_cat_1(sK0) | v11_struct_0(sK0) | v2_struct_0(sK0) <- (2, 4, 5, 6, 7, 8, 9, 10, 11, 12, ~13, ~14, 84) [subsumption resolution 1459,531] {a:2,w:16,wCS:1600,goal:1,sine:1,thAx:0,allAx:10,thDist:-10}
1461. ~v6_cat_1(sK0) | ~v5_cat_1(sK0) | ~v4_cat_1(sK0) | ~v3_cat_1(sK0) | ~v2_cat_1(sK0) | v11_struct_0(sK0) | v2_struct_0(sK0) <- (2, 4, 5, 6, 7, 8, 9, 10, 11, 12, ~13, ~14, 15, 84) [subsumption resolution 1460,536] {a:2,w:14,wCS:1400,goal:1,sine:1,thAx:0,allAx:10,thDist:-10}
1462. ~v5_cat_1(sK0) | ~v4_cat_1(sK0) | ~v3_cat_1(sK0) | ~v2_cat_1(sK0) | v11_struct_0(sK0) | v2_struct_0(sK0) <- (2, 4, 5, 6, 7, 8, 9, 10, 11, 12, ~13, ~14, 15, 16, 84) [subsumption resolution 1461,541] {a:2,w:12,wCS:1200,goal:1,sine:1,thAx:0,allAx:10,thDist:-10}
1463. ~v4_cat_1(sK0) | ~v3_cat_1(sK0) | ~v2_cat_1(sK0) | v11_struct_0(sK0) | v2_struct_0(sK0) <- (2, 4, 5, 6, 7, 8, 9, 10, 11, 12, ~13, ~14, 15, 16, 17, 84) [subsumption resolution 1462,546] {a:2,w:10,wCS:1000,goal:1,sine:1,thAx:0,allAx:10,thDist:-10}
1464. ~v3_cat_1(sK0) | ~v2_cat_1(sK0) | v11_struct_0(sK0) | v2_struct_0(sK0) <- (2, 4, 5, 6, 7, 8, 9, 10, 11, 12, ~13, ~14, 15, 16, 17, 18, 84) [subsumption resolution 1463,551] {a:2,w:8,wCS:800,goal:1,sine:1,thAx:0,allAx:10,thDist:-10}
1465. ~v2_cat_1(sK0) | v11_struct_0(sK0) | v2_struct_0(sK0) <- (2, 4, 5, 6, 7, 8, 9, 10, 11, 12, ~13, ~14, 15, 16, 17, 18, 19, 84) [subsumption resolution 1464,556] {a:2,w:6,wCS:600,goal:1,sine:1,thAx:0,allAx:10,thDist:-10}
1466. v11_struct_0(sK0) | v2_struct_0(sK0) <- (2, 4, 5, 6, 7, 8, 9, 10, 11, 12, ~13, ~14, 15, 16, 17, 18, 19, 20, 84) [subsumption resolution 1465,561] {a:2,w:4,wCS:400,goal:1,sine:1,thAx:0,allAx:10,thDist:-10}
1467. v2_struct_0(sK0) <- (2, 4, 5, 6, 7, 8, 9, 10, 11, 12, ~13, ~14, 15, 16, 17, 18, 19, 20, ~21, 84) [subsumption resolution 1466,566] {a:2,w:2,wCS:200,goal:1,sine:1,thAx:0,allAx:10,thDist:-10}
1468. $false <- (2, 4, 5, 6, 7, 8, 9, 10, 11, 12, ~13, ~14, 15, 16, 17, 18, 19, 20, ~21, ~22, 84) [subsumption resolution 1467,571] {a:2,w:0,goal:1,sine:1,thAx:0,allAx:10,thDist:-10}
1469. ~2 | ~4 | ~5 | ~6 | ~7 | ~8 | ~9 | ~10 | ~11 | ~12 | 13 | 14 | ~15 | ~16 | ~17 | ~18 | ~19 | ~20 | 21 | 22 | ~84 [avatar contradiction clause 1468]
1475. $false [avatar sat refutation 467,472,477,482,487,492,497,502,507,512,517,522,527,532,537,542,547,552,557,562,567,572,1150,1242,1339,1432,1469] {a:0,w:0,goal:1,sine:0,thAx:0,allAx:1373,thDist:-1373}
% SZS output end Proof for isocat_1__t4_isocat_1
% ------------------------------
% Version: Vampire 4.5.1 (commit 226f88162 on 2021-09-12 20:13:44 +0200)
% Termination reason: Refutation

% >>> Input
% Input formulas: 100
% >>> Preprocessing
% Introduced skolems: 24
% Pure predicates: 3
% Unused predicate definitions: 1
% 
% >>> Saturation
% Initial clauses: 146
% Generated clauses: 772
% Active clauses: 206
% Passive clauses: 343
% Final active clauses: 200
% Final passive clauses: 128
% Main loop iterations started: 213
% 
% >>> Simplifying Inferences
% Duplicate literals: 206
% Trivial inequalities: 1
% Fw subsumption resolutions: 202
% Bw demodulations: 2
% 
% >>> Deletion Inferences
% Simple tautologies: 27
% Forward subsumptions: 59
% 
% >>> Generating Inferences
% Binary resolution: 249
% Unit resulting resolution: 5
% Forward superposition: 13
% Backward superposition: 15
% Self superposition: 1
% 
% >>> AVATAR
% Split clauses: 23
% Split components: 48
% Sat splitting refutations: 10
% 
% >>> SAT Solver Statistics
% SAT solver clauses: 100
% SAT solver unit clauses: 34
% SAT solver binary clauses: 20
% 
% Memory used [KB]: 10618
% Time elapsed: 0.013 s
% ------------------------------
% ------------------------------
% Time measurement results:
% parsing: 0.002 s
% preprocessing: 0.001 s ( own 0.0000 s ) 
% sine selection: 0.001 s
% sat proof minimization: 0.001 s
% term sharing: 0.001 s
% backward superposition index maintenance: 0.001 s
% forward subsumption: 0.001 s
% forward subsumption resolution: 0.001 s
% forward demodulation: 0.001 s
% unit resulting resolution: 0.002 s ( own 0.001 s ) 
% superposition: 0.001 s
% other: 0.013 s ( own 0.002 s ) 

