i: [1,280,0,2,1,1,0,0] t399_xxreal_1
a: [3,426,0,2,1,280]
s: 426
i: [1,279,0,2,1,1,0,0] t399_xxreal_1
a: [3,431,0,2,1,279]
s: 431
i: [1,282,0,2,1,0,0,1] fc2_xreal_0
a: [3,436,0,2,1,282]
s: 436
i: [1,283,0,2,1,0,0,1] fc1_xreal_0
a: [3,441,0,2,1,283]
s: 441
i: [1,284,0,2,1,0,0,255] fc5_numbers
a: [3,446,0,2,1,284]
s: 446
i: [1,285,0,2,1,0,0,1] fc1_numbers
a: [3,451,0,2,1,285]
s: 451
i: [1,286,0,2,1,0,0,1] fc3_xxreal_0
a: [3,456,0,2,1,286]
s: 456
i: [1,287,0,2,1,0,0,1] fc4_xxreal_0
a: [3,461,0,2,1,287]
s: 461
i: [1,288,0,2,1,0,0,255] fc2_membered
a: [3,466,0,2,1,288]
s: 466
i: [1,289,0,2,1,0,0,1] fc3_membered
a: [3,471,0,2,1,289]
s: 471
i: [1,290,0,2,1,0,0,255] dt_o_0_0_xboole_0
a: [3,476,0,2,1,290]
s: 476
i: [1,291,0,2,1,0,0,255] fc1_xboole_0
a: [3,481,0,2,1,291]
s: 481
i: [1,292,0,2,1,0,0,1] fc1_xxreal_0
a: [3,486,0,2,1,292]
s: 486
i: [1,293,0,2,1,0,0,1] fc2_xxreal_0
a: [3,491,0,2,1,293]
s: 491
i: [1,391,0,2,1,0,0,2] rc2_xboole_0
a: [3,513,0,2,1,391]
s: 513
i: [1,392,0,2,1,0,0,1] rc1_xreal_0
a: [3,518,0,2,1,392]
s: 518
i: [1,393,0,2,1,0,0,2] rc1_xboole_0
a: [3,523,0,2,1,393]
s: 523
i: [1,394,0,2,1,0,0,2] rc1_xxreal_0
a: [3,528,0,2,1,394]
s: 528
i: [1,396,0,2,1,0,0,3] rc1_membered
a: [3,533,0,2,1,396]
s: 533
i: [1,395,0,2,1,0,0,3] rc1_membered
a: [3,538,0,2,1,395]
s: 538
i: [1,398,0,2,1,0,0,3] rc2_membered
a: [3,543,0,2,1,398]
s: 543
i: [1,397,0,2,1,0,0,3] rc2_membered
a: [3,548,0,2,1,397]
s: 548
i: [1,400,0,2,1,0,0,255] rc3_membered
a: [3,553,0,2,1,400]
s: 553
i: [1,399,0,2,1,0,0,255] rc3_membered
a: [3,558,0,2,1,399]
s: 558
i: [1,403,0,2,1,0,0,255] rc2_xreal_0
a: [3,563,0,2,1,403]
s: 563
i: [1,402,0,2,1,0,0,255] rc2_xreal_0
a: [3,568,0,2,1,402]
s: 568
i: [1,401,0,2,1,0,0,255] rc2_xreal_0
a: [3,573,0,2,1,401]
s: 573
i: [1,406,0,2,1,0,0,255] rc3_xreal_0
a: [3,578,0,2,1,406]
s: 578
i: [1,405,0,2,1,0,0,255] rc3_xreal_0
a: [3,583,0,2,1,405]
s: 583
i: [1,404,0,2,1,0,0,255] rc3_xreal_0
a: [3,588,0,2,1,404]
s: 588
i: [1,409,0,2,1,0,0,255] rc4_xreal_0
a: [3,593,0,2,1,409]
s: 593
i: [1,408,0,2,1,0,0,255] rc4_xreal_0
a: [3,598,0,2,1,408]
s: 598
i: [1,407,0,2,1,0,0,255] rc4_xreal_0
a: [3,603,0,2,1,407]
s: 603
i: [1,411,0,2,1,0,0,2] rc4_xxreal_0
a: [3,608,0,2,1,411]
s: 608
i: [1,410,0,2,1,0,0,2] rc4_xxreal_0
a: [3,613,0,2,1,410]
s: 613
i: [1,413,0,2,1,0,0,2] rc2_xxreal_0
a: [3,618,0,2,1,413]
s: 618
i: [1,412,0,2,1,0,0,2] rc2_xxreal_0
a: [3,623,0,2,1,412]
s: 623
i: [1,415,0,2,1,0,0,2] rc3_xxreal_0
a: [3,628,0,2,1,415]
s: 628
i: [1,414,0,2,1,0,0,2] rc3_xxreal_0
a: [3,633,0,2,1,414]
s: 633
i: [1,355,0,3,1,0,0,255] reflexivity_r1_tarski
s: 355
i: [1,294,0,3,1,0,0,255] d2_xboole_0
a: [3,496,0,3,1,294]
s: 496
r: 476
i: [1,281,0,13,1,1,0,0] t399_xxreal_1
a: [3,421,0,13,1,281]
s: 421
i: [1,299,0,4,2,0,0,255] cc2_xreal_0
s: 299
i: [1,300,0,4,2,0,0,255] cc2_xxreal_0
s: 300
i: [1,302,0,4,2,0,0,255] cc2_membered
s: 302
i: [1,303,0,4,2,0,0,255] cc3_membered
s: 303
i: [1,306,0,4,2,0,0,255] cc1_membered
s: 306
i: [1,311,0,4,2,0,0,255] cc5_membered
s: 311
d: [2,636,1,2,1,1,40,306,533]
a: [3,642,1,2,1,636]
s: 642
i: [1,312,0,4,2,0,0,2] cc4_membered
s: 312
i: [1,315,0,4,2,0,0,1] cc4_xreal_0
s: 315
d: [2,672,1,2,1,1,40,315,431]
a: [3,681,1,2,1,672]
s: 681
i: [1,316,0,4,2,0,0,3] cc18_membered
s: 316
d: [2,673,1,2,1,1,40,315,426]
a: [3,686,1,2,1,673]
s: 686
i: [1,354,0,4,1,0,0,2] existence_m1_subset_1
s: 354
i: [1,296,0,5,1,0,0,255] t4_boole
s: 296
d: [2,637,1,2,1,1,40,306,543]
a: [3,647,1,2,1,637]
s: 647
i: [1,297,0,5,1,0,0,255] t3_boole
s: 297
d: [2,638,1,2,1,1,40,306,553]
a: [3,652,1,2,1,638]
s: 652
i: [1,298,0,5,1,0,0,255] t1_boole
s: 298
i: [1,317,0,5,2,0,0,255] t6_boole
s: 317
d: [2,654,1,2,1,1,40,311,471]
a: [3,658,1,2,1,654]
s: 658
i: [1,324,0,5,2,0,0,255] cc1_xxreal_0
s: 324
d: [2,666,1,2,1,1,40,312,471]
a: [3,670,1,2,1,666]
s: 670
i: [1,325,0,5,2,0,0,1] cc1_xreal_0
s: 325
i: [1,343,0,5,2,0,0,1] d1_xreal_0
s: 343
d: [2,674,1,2,1,1,40,315,518]
a: [3,691,1,2,1,674]
s: 691
i: [1,344,0,5,2,0,0,1] d1_xreal_0
s: 344
d: [2,693,1,2,1,1,40,316,481]
a: [3,700,1,2,1,693]
s: 700
i: [1,349,0,5,2,0,0,2] t7_boole
s: 349
i: [1,356,0,5,1,0,0,1] idempotence_k2_xboole_0
s: 356
d: [2,694,1,2,1,1,40,316,523]
a: [3,705,1,2,1,694]
s: 705
i: [1,295,0,5,1,0,0,1] t224_xxreal_1
a: [3,501,0,5,1,295]
s: 501
d: [2,695,1,2,1,1,40,316,603]
a: [3,710,1,2,1,695]
s: 710
i: [1,376,0,7,3,0,0,2] reflexivity_r1_xxreal_0
a: [3,508,0,5,2,376]
s: 508
i: [1,318,0,6,2,0,0,1] fc7_xxreal_1
s: 318
d: [2,696,1,2,1,1,40,316,613]
a: [3,715,1,2,1,696]
s: 715
i: [1,319,0,6,2,0,0,1] fc8_xxreal_1
s: 319
d: [2,660,2,2,1,1,40,642,302]
a: [3,664,2,2,1,660]
s: 664
i: [1,326,0,6,2,0,0,255] cc7_membered
s: 326
i: [1,327,0,6,2,0,0,1] cc8_membered
s: 327
d: [2,717,2,2,1,1,40,647,302]
a: [3,721,2,2,1,717]
s: 721
i: [1,333,0,6,3,0,0,2] cc7_xxreal_0
s: 333
d: [2,799,1,4,2,1,40,333,456]
d: [2,802,1,2,1,2,21,799,486]
a: [3,806,1,2,1,802]
s: 806
i: [1,334,0,6,3,0,0,2] cc7_xxreal_0
s: 334
i: [1,337,0,6,3,0,0,2] cc3_xxreal_0
s: 337
d: [2,800,1,4,2,1,40,333,568]
d: [2,808,1,2,1,2,21,800,573]
a: [3,812,1,2,1,808]
s: 812
i: [1,339,0,6,3,0,0,2] cc3_xxreal_0
s: 339
d: [2,801,1,4,2,1,40,333,618]
d: [2,814,1,2,1,2,21,801,623]
a: [3,818,1,2,1,814]
s: 818
i: [1,340,0,6,3,0,0,2] cc5_xxreal_0
s: 340
i: [1,342,0,6,3,0,0,2] cc5_xxreal_0
s: 342
d: [2,820,1,4,2,1,40,334,461]
d: [2,823,1,2,1,2,21,820,491]
a: [3,827,1,2,1,823]
s: 827
i: [1,345,0,6,2,0,0,2] t1_subset
s: 345
d: [2,821,1,4,2,1,40,334,583]
d: [2,829,1,2,1,2,21,821,588]
a: [3,833,1,2,1,829]
s: 833
i: [1,357,0,6,1,0,0,1] dt_k6_subset_1
s: 357
i: [1,360,0,6,2,0,0,1] fc5_xboole_0
s: 360
d: [2,822,1,4,2,1,40,334,628]
d: [2,835,1,2,1,2,21,822,633]
a: [3,839,1,2,1,835]
s: 839
i: [1,361,0,6,2,0,0,1] fc4_xboole_0
s: 361
d: [2,841,1,4,2,1,40,339,461]
d: [2,844,1,2,1,2,21,841,491]
a: [3,848,1,2,1,844]
s: 848
i: [1,362,0,6,2,0,0,255] fc43_membered
s: 362
i: [1,363,0,6,2,0,0,255] fc46_membered
s: 363
d: [2,842,1,4,2,1,40,339,583]
d: [2,850,1,2,1,2,21,842,588]
a: [3,854,1,2,1,850]
s: 854
i: [1,364,0,6,2,0,0,255] fc47_membered
s: 364
d: [2,843,1,4,2,1,40,339,628]
d: [2,856,1,2,1,2,21,843,633]
a: [3,860,1,2,1,856]
s: 860
i: [1,365,0,6,2,0,0,2] fc48_membered
s: 365
i: [1,366,0,6,2,0,0,2] fc44_membered
s: 366
d: [2,723,2,2,1,1,40,652,302]
a: [3,727,2,2,1,723]
s: 727
i: [1,367,0,6,2,0,0,2] fc45_membered
s: 367
d: [2,747,2,2,1,1,40,700,306]
a: [3,752,2,2,1,747]
s: 752
i: [1,368,0,6,2,0,0,2] antisymmetry_r2_hidden
s: 368
i: [1,307,0,7,3,0,0,255] cc17_membered
s: 307
d: [2,755,2,2,1,1,40,705,306]
a: [3,759,2,2,1,755]
s: 759
i: [1,309,0,7,3,0,0,2] cc13_membered
s: 309
d: [2,761,2,2,1,1,40,710,306]
a: [3,765,2,2,1,761]
s: 765
i: [1,313,0,7,3,0,0,2] cc14_membered
s: 313
i: [1,347,0,7,2,0,0,255] t3_subset
s: 347
d: [2,768,2,2,1,1,40,715,306]
a: [3,772,2,2,1,768]
s: 772
i: [1,348,0,7,3,0,0,1] t8_boole
s: 348
d: [2,775,3,2,1,1,40,664,303]
a: [3,779,3,2,1,775]
s: 779
i: [1,350,0,7,2,0,0,2] t2_tarski
s: 350
i: [1,358,0,7,1,0,0,1] redefinition_k6_subset_1
s: 358
r: 367
r: 366
r: 365
r: 364
r: 363
r: 362
d: [2,793,3,2,1,1,40,721,303]
a: [3,797,3,2,1,793]
s: 797
d: [2,953,0,6,2,0,23,367,358]
s: 953
d: [2,882,3,2,1,1,40,727,303]
a: [3,886,3,2,1,882]
s: 886
d: [2,954,0,6,2,0,23,366,358]
s: 954
d: [2,955,0,6,2,0,23,365,358]
s: 955
d: [2,892,3,2,1,1,40,752,302]
a: [3,897,3,2,1,892]
s: 897
d: [2,956,0,6,2,0,23,364,358]
s: 956
d: [2,902,3,2,1,1,40,759,302]
a: [3,906,3,2,1,902]
s: 906
d: [2,957,0,6,2,0,23,363,358]
s: 957
d: [2,958,0,6,2,0,23,362,358]
s: 958
d: [2,910,3,2,1,1,40,765,302]
a: [3,914,3,2,1,910]
s: 914
i: [1,359,0,7,1,0,0,1] commutativity_k2_xboole_0
s: 359
d: [2,923,3,2,1,1,40,772,302]
a: [3,927,3,2,1,923]
s: 927
i: [1,301,0,8,3,0,0,255] cc19_membered
s: 301
i: [1,304,0,8,3,0,0,255] cc22_membered
s: 304
d: [2,929,4,2,1,1,40,779,312]
a: [3,934,4,2,1,929]
s: 934
i: [1,305,0,8,3,0,0,255] cc23_membered
s: 305
d: [2,930,4,2,1,1,40,779,311]
a: [3,939,4,2,1,930]
s: 939
i: [1,308,0,8,3,0,0,3] cc24_membered
s: 308
i: [1,310,0,8,3,0,0,2] cc20_membered
s: 310
d: [2,963,4,2,1,1,40,797,312]
a: [3,968,4,2,1,963]
s: 968
i: [1,314,0,8,3,0,0,2] cc21_membered
s: 314
d: [2,964,4,2,1,1,40,797,311]
a: [3,973,4,2,1,964]
s: 973
i: [1,320,0,8,3,0,0,1] t9_xxreal_0
s: 320
i: [1,329,0,8,4,0,0,2] cc4_xxreal_0
s: 329
d: [2,1053,2,6,3,1,40,329,681]
a: [3,1066,2,2,1,1053]
s: 1066
r: 1066
i: [1,331,0,8,4,0,0,2] cc6_xxreal_0
s: 331
a: [3,1065,2,2,1,1053]
s: 1065
i: [1,335,0,8,4,0,0,2] cc8_xxreal_0
s: 335
i: [1,346,0,8,3,0,0,2] t2_subset
s: 346
a: [3,1070,2,2,1,1053]
s: 1070
i: [1,369,0,8,3,0,0,255] fc25_membered
s: 369
d: [2,1054,2,6,3,1,40,329,686]
a: [3,1079,2,2,1,1054]
s: 1079
r: 1079
i: [1,370,0,8,3,0,0,255] fc28_membered
s: 370
i: [1,371,0,8,3,0,0,255] fc29_membered
s: 371
a: [3,1078,2,2,1,1054]
s: 1078
i: [1,372,0,8,3,0,0,3] fc30_membered
s: 372
a: [3,1083,2,2,1,1054]
s: 1083
i: [1,373,0,8,3,0,0,2] fc26_membered
s: 373
i: [1,374,0,8,3,0,0,2] fc27_membered
s: 374
d: [2,1056,1,6,3,1,40,329,528]
a: [3,1105,1,2,1,1056]
s: 1105
r: 1105
i: [1,375,0,8,3,0,0,1] fc11_xxreal_1
s: 375
a: [3,1104,1,2,1,1056]
s: 1104
i: [1,377,0,8,3,0,0,1] fc3_xxreal_1
s: 377
i: [1,378,0,8,3,0,0,1] fc4_xxreal_1
s: 378
a: [3,1109,1,2,1,1056]
s: 1109
i: [1,379,0,8,3,0,0,1] fc9_xxreal_1
s: 379
d: [2,1055,2,6,3,1,40,329,691]
a: [3,1092,2,2,1,1055]
s: 1092
r: 1092
i: [1,353,0,9,3,0,0,2] t5_subset
s: 353
i: [1,351,0,10,3,0,0,2] t2_tarski
s: 351
a: [3,1091,2,2,1,1055]
s: 1091
i: [1,352,0,10,3,0,0,2] t4_subset
s: 352
a: [3,1096,2,2,1,1055]
s: 1096
i: [1,380,0,10,4,0,0,2] connectedness_r1_xxreal_0
s: 380
i: [1,321,0,11,3,0,0,255] d3_xxreal_1
s: 321
d: [2,977,4,2,1,1,40,886,312]
a: [3,982,4,2,1,977]
s: 982
i: [1,322,0,11,3,0,0,255] d4_xxreal_1
s: 322
d: [2,978,4,2,1,1,40,886,311]
a: [3,987,4,2,1,978]
s: 987
i: [1,381,0,15,4,0,0,255] fraenkel_a_2_3_xxreal_1
s: 381
i: [1,382,0,15,4,0,0,255] fraenkel_a_2_3_xxreal_1
s: 382
d: [2,1201,1,16,5,0,40,381,313]
a: [3,1208,1,2,1,1201]
s: 1208
i: [1,383,0,15,4,0,0,255] fraenkel_a_2_3_xxreal_1
s: 383
d: [2,1203,1,16,5,0,40,381,307]
a: [3,1217,1,2,1,1203]
s: 1217
i: [1,384,0,15,4,0,0,255] fraenkel_a_2_3_xxreal_1
s: 384
i: [1,386,0,15,4,0,0,255] fraenkel_a_2_2_xxreal_1
s: 386
d: [2,990,4,2,1,1,40,897,303]
a: [3,995,4,2,1,990]
s: 995
i: [1,387,0,15,4,0,0,255] fraenkel_a_2_2_xxreal_1
s: 387
d: [2,998,4,2,1,1,40,906,303]
a: [3,1002,4,2,1,998]
s: 1002
i: [1,388,0,15,4,0,0,255] fraenkel_a_2_2_xxreal_1
s: 388
i: [1,389,0,15,4,0,0,255] fraenkel_a_2_2_xxreal_1
s: 389
d: [2,1005,4,2,1,1,40,914,303]
a: [3,1009,4,2,1,1005]
s: 1009
i: [1,416,0,18,6,0,0,255] fraenkel_a_2_3_xxreal_1
s: 416
d: [2,1019,4,2,1,1,40,927,303]
a: [3,1023,4,2,1,1019]
s: 1023
i: [1,417,0,18,6,0,0,255] fraenkel_a_2_2_xxreal_1
s: 417
i: [1,323,0,24,5,0,0,1] t337_xxreal_1
s: 323
d: [2,1311,1,22,5,1,44,421,323]
d: [2,1322,1,20,4,2,21,1311,431]
d: [2,1323,1,18,3,3,21,1322,486]
d: [2,1324,1,16,2,4,21,1323,686]
d: [2,1325,1,14,2,5,22,1324,501]
d: [2,1326,1,3,1,5,19,1325]
a: [3,1330,1,3,1,1326]
s: 1330
d: [2,734,1,3,1,0,40,324,354]
a: [3,738,1,3,1,734]
s: 738
d: [2,1332,2,5,2,1,40,1330,320]
d: [2,1333,2,3,1,2,21,1332,686]
a: [3,1337,2,3,1,1333]
s: 1337
d: [2,1353,3,0,0,2,52,426,1337,343]
e: 1353
d: [2,1354,3,2,1,1,40,1337,343]
d: [2,1356,3,0,0,2,21,1354,426]
e: 1356
f: 1356,1333,1326,673,295,292,279,280,281
% Refutation found. Thanks to Tanya!
% SZS status Theorem for xxreal_1__t399_xxreal_1
% SZS output start Proof for xxreal_1__t399_xxreal_1
1. ! [X0] : (v1_xreal_0(X0) => ! [X1] : (v1_xreal_0(X1) => k6_subset_1(k1_numbers,k3_xxreal_1(X1,X0)) = k2_xboole_0(k3_xxreal_1(k2_xxreal_0,X1),k4_xxreal_1(X0,k1_xxreal_0)))) [input t399_xxreal_1]
2. ~! [X0] : (v1_xreal_0(X0) => ! [X1] : (v1_xreal_0(X1) => k6_subset_1(k1_numbers,k3_xxreal_1(X1,X0)) = k2_xboole_0(k3_xxreal_1(k2_xxreal_0,X1),k4_xxreal_1(X0,k1_xxreal_0)))) [negated conjecture 1]
28. ! [X0] : (v1_xreal_0(X0) => v1_xxreal_0(X0)) [input cc4_xreal_0]
39. ! [X0] : (v1_xreal_0(X0) <=> r2_hidden(X0,k1_numbers)) [input d1_xreal_0]
61. v1_xxreal_0(k1_xxreal_0) [input fc1_xxreal_0]
111. k1_numbers = k4_xxreal_1(k2_xxreal_0,k1_xxreal_0) [input t224_xxreal_1]
114. ! [X0] : (v1_xxreal_0(X0) => ! [X1] : (v1_xxreal_0(X1) => ! [X2] : (v1_xreal_0(X2) => (~r1_xxreal_0(X1,X0) => k6_subset_1(k4_xxreal_1(k2_xxreal_0,X1),k3_xxreal_1(X0,X2)) = k2_xboole_0(k3_xxreal_1(k2_xxreal_0,X0),k4_xxreal_1(X2,X1)))))) [input t337_xxreal_1]
123. ! [X0] : (v1_xxreal_0(X0) => ~(r1_xxreal_0(k1_xxreal_0,X0) & r2_hidden(X0,k1_numbers))) [input t9_xxreal_0]
146. ? [X0] : (? [X1] : (k6_subset_1(k1_numbers,k3_xxreal_1(X1,X0)) != k2_xboole_0(k3_xxreal_1(k2_xxreal_0,X1),k4_xxreal_1(X0,k1_xxreal_0)) & v1_xreal_0(X1)) & v1_xreal_0(X0)) [ennf transformation 2]
163. ! [X0] : (v1_xxreal_0(X0) | ~v1_xreal_0(X0)) [ennf transformation 28]
168. ! [X0] : ((~r1_xxreal_0(k1_xxreal_0,X0) | ~r2_hidden(X0,k1_numbers)) | ~v1_xxreal_0(X0)) [ennf transformation 123]
169. ! [X0] : (~r1_xxreal_0(k1_xxreal_0,X0) | ~r2_hidden(X0,k1_numbers) | ~v1_xxreal_0(X0)) [flattening 168]
172. ! [X0] : (! [X1] : (! [X2] : ((k6_subset_1(k4_xxreal_1(k2_xxreal_0,X1),k3_xxreal_1(X0,X2)) = k2_xboole_0(k3_xxreal_1(k2_xxreal_0,X0),k4_xxreal_1(X2,X1)) | r1_xxreal_0(X1,X0)) | ~v1_xreal_0(X2)) | ~v1_xxreal_0(X1)) | ~v1_xxreal_0(X0)) [ennf transformation 114]
173. ! [X0] : (! [X1] : (! [X2] : (k6_subset_1(k4_xxreal_1(k2_xxreal_0,X1),k3_xxreal_1(X0,X2)) = k2_xboole_0(k3_xxreal_1(k2_xxreal_0,X0),k4_xxreal_1(X2,X1)) | r1_xxreal_0(X1,X0) | ~v1_xreal_0(X2)) | ~v1_xxreal_0(X1)) | ~v1_xxreal_0(X0)) [flattening 172]
237. ? [X0] : (? [X1] : (k6_subset_1(k1_numbers,k3_xxreal_1(X1,X0)) != k2_xboole_0(k3_xxreal_1(k2_xxreal_0,X1),k4_xxreal_1(X0,k1_xxreal_0)) & v1_xreal_0(X1)) & v1_xreal_0(X0)) => (? [X1] : (k6_subset_1(k1_numbers,k3_xxreal_1(X1,sK0)) != k2_xboole_0(k3_xxreal_1(k2_xxreal_0,X1),k4_xxreal_1(sK0,k1_xxreal_0)) & v1_xreal_0(X1)) & v1_xreal_0(sK0)) [choice axiom]
238. ? [X1] : (k6_subset_1(k1_numbers,k3_xxreal_1(X1,sK0)) != k2_xboole_0(k3_xxreal_1(k2_xxreal_0,X1),k4_xxreal_1(sK0,k1_xxreal_0)) & v1_xreal_0(X1)) => (k6_subset_1(k1_numbers,k3_xxreal_1(sK1,sK0)) != k2_xboole_0(k3_xxreal_1(k2_xxreal_0,sK1),k4_xxreal_1(sK0,k1_xxreal_0)) & v1_xreal_0(sK1)) [choice axiom]
239. (k6_subset_1(k1_numbers,k3_xxreal_1(sK1,sK0)) != k2_xboole_0(k3_xxreal_1(k2_xxreal_0,sK1),k4_xxreal_1(sK0,k1_xxreal_0)) & v1_xreal_0(sK1)) & v1_xreal_0(sK0) [skolemisation 146,238,237]
240. ! [X0] : ((v1_xreal_0(X0) | ~r2_hidden(X0,k1_numbers)) & (r2_hidden(X0,k1_numbers) | ~v1_xreal_0(X0))) [nnf transformation 39]
279. v1_xreal_0(sK0) [cnf transformation 239] {a:0,w:2,wCS:200,goal:1,sine:0,thAx:0,allAx:3,thDist:-3}
280. v1_xreal_0(sK1) [cnf transformation 239] {a:0,w:2,wCS:200,goal:1,sine:0,thAx:0,allAx:3,thDist:-3}
281. k6_subset_1(k1_numbers,k3_xxreal_1(sK1,sK0)) != k2_xboole_0(k3_xxreal_1(k2_xxreal_0,sK1),k4_xxreal_1(sK0,k1_xxreal_0)) [cnf transformation 239] {a:0,w:13,wCS:1300,goal:1,sine:0,thAx:0,allAx:3,thDist:-3}
292. v1_xxreal_0(k1_xxreal_0) [cnf transformation 61] {a:0,w:2,wCS:800,sine:1,thAx:0,allAx:1,thDist:-1}
295. k1_numbers = k4_xxreal_1(k2_xxreal_0,k1_xxreal_0) [cnf transformation 111] {a:0,w:5,wCS:2000,sine:1,thAx:0,allAx:1,thDist:-1}
315. ~v1_xreal_0(X0) | v1_xxreal_0(X0) [cnf transformation 163] {a:0,w:4,wCS:1600,nSel:1,sine:1,thAx:0,allAx:1,thDist:-1}
320. ~r1_xxreal_0(k1_xxreal_0,X0) | ~r2_hidden(X0,k1_numbers) | ~v1_xxreal_0(X0) [cnf transformation 169] {a:0,w:8,wCS:3200,nSel:1,sine:1,thAx:0,allAx:1,thDist:-1}
323. k6_subset_1(k4_xxreal_1(k2_xxreal_0,X1),k3_xxreal_1(X0,X2)) = k2_xboole_0(k3_xxreal_1(k2_xxreal_0,X0),k4_xxreal_1(X2,X1)) | r1_xxreal_0(X1,X0) | ~v1_xreal_0(X2) | ~v1_xxreal_0(X1) | ~v1_xxreal_0(X0) [cnf transformation 173] {a:0,w:24,wCS:9600,nSel:1,sine:1,thAx:0,allAx:1,thDist:-1}
343. r2_hidden(X0,k1_numbers) | ~v1_xreal_0(X0) [cnf transformation 240] {a:0,w:5,wCS:2000,nSel:1,sine:1,thAx:0,allAx:1,thDist:-1}
419. 1 <=> k6_subset_1(k1_numbers,k3_xxreal_1(sK1,sK0)) = k2_xboole_0(k3_xxreal_1(k2_xxreal_0,sK1),k4_xxreal_1(sK0,k1_xxreal_0)) [avatar definition]
421. k6_subset_1(k1_numbers,k3_xxreal_1(sK1,sK0)) != k2_xboole_0(k3_xxreal_1(k2_xxreal_0,sK1),k4_xxreal_1(sK0,k1_xxreal_0)) <- (~1) [avatar component clause 419] {a:0,w:13,wCS:1300,nSel:1,goal:1,sine:255,thAx:0,allAx:3,thDist:-3}
422. ~1 [avatar split clause 281,419]
424. 2 <=> v1_xreal_0(sK1) [avatar definition]
426. v1_xreal_0(sK1) <- (2) [avatar component clause 424] {a:0,w:2,wCS:200,nSel:1,goal:1,sine:255,thAx:0,allAx:3,thDist:-3}
427. 2 [avatar split clause 280,424]
429. 3 <=> v1_xreal_0(sK0) [avatar definition]
431. v1_xreal_0(sK0) <- (3) [avatar component clause 429] {a:0,w:2,wCS:200,nSel:1,goal:1,sine:255,thAx:0,allAx:3,thDist:-3}
432. 3 [avatar split clause 279,429]
484. 14 <=> v1_xxreal_0(k1_xxreal_0) [avatar definition]
486. v1_xxreal_0(k1_xxreal_0) <- (14) [avatar component clause 484] {a:0,w:2,wCS:800,nSel:1,sine:255,thAx:0,allAx:1,thDist:-1}
487. 14 [avatar split clause 292,484]
499. 17 <=> k1_numbers = k4_xxreal_1(k2_xxreal_0,k1_xxreal_0) [avatar definition]
501. k1_numbers = k4_xxreal_1(k2_xxreal_0,k1_xxreal_0) <- (17) [avatar component clause 499] {a:0,w:5,wCS:2000,nSel:1,sine:255,thAx:0,allAx:1,thDist:-1}
502. 17 [avatar split clause 295,499]
673. v1_xxreal_0(sK1) <- (2) [resolution 315,426] {a:1,w:2,wCS:200,goal:1,sine:1,thAx:0,allAx:4,thDist:-4}
684. 52 <=> v1_xxreal_0(sK1) [avatar definition]
686. v1_xxreal_0(sK1) <- (52) [avatar component clause 684] {a:1,w:2,wCS:200,nSel:1,goal:1,sine:255,thAx:0,allAx:4,thDist:-4}
687. 52 | ~2 [avatar split clause 673,424,684]
1311. k6_subset_1(k1_numbers,k3_xxreal_1(sK1,sK0)) != k6_subset_1(k4_xxreal_1(k2_xxreal_0,k1_xxreal_0),k3_xxreal_1(sK1,sK0)) | r1_xxreal_0(k1_xxreal_0,sK1) | ~v1_xreal_0(sK0) | ~v1_xxreal_0(k1_xxreal_0) | ~v1_xxreal_0(sK1) <- (~1) [superposition 421,323] {a:1,w:22,wCS:2200,goal:1,sine:1,thAx:0,allAx:4,thDist:-4}
1322. k6_subset_1(k1_numbers,k3_xxreal_1(sK1,sK0)) != k6_subset_1(k4_xxreal_1(k2_xxreal_0,k1_xxreal_0),k3_xxreal_1(sK1,sK0)) | r1_xxreal_0(k1_xxreal_0,sK1) | ~v1_xxreal_0(k1_xxreal_0) | ~v1_xxreal_0(sK1) <- (~1, 3) [subsumption resolution 1311,431] {a:1,w:20,wCS:2000,goal:1,sine:1,thAx:0,allAx:4,thDist:-4}
1323. k6_subset_1(k1_numbers,k3_xxreal_1(sK1,sK0)) != k6_subset_1(k4_xxreal_1(k2_xxreal_0,k1_xxreal_0),k3_xxreal_1(sK1,sK0)) | r1_xxreal_0(k1_xxreal_0,sK1) | ~v1_xxreal_0(sK1) <- (~1, 3, 14) [subsumption resolution 1322,486] {a:1,w:18,wCS:1800,goal:1,sine:1,thAx:0,allAx:4,thDist:-4}
1324. k6_subset_1(k1_numbers,k3_xxreal_1(sK1,sK0)) != k6_subset_1(k4_xxreal_1(k2_xxreal_0,k1_xxreal_0),k3_xxreal_1(sK1,sK0)) | r1_xxreal_0(k1_xxreal_0,sK1) <- (~1, 3, 14, 52) [subsumption resolution 1323,686] {a:1,w:16,wCS:1600,goal:1,sine:1,thAx:0,allAx:4,thDist:-4}
1325. k6_subset_1(k1_numbers,k3_xxreal_1(sK1,sK0)) != k6_subset_1(k1_numbers,k3_xxreal_1(sK1,sK0)) | r1_xxreal_0(k1_xxreal_0,sK1) <- (~1, 3, 14, 17, 52) [forward demodulation 1324,501] {a:1,w:14,wCS:1400,goal:1,sine:1,thAx:0,allAx:4,thDist:-4}
1326. r1_xxreal_0(k1_xxreal_0,sK1) <- (~1, 3, 14, 17, 52) [trivial inequality removal 1325] {a:1,w:3,wCS:300,goal:1,sine:1,thAx:0,allAx:4,thDist:-4}
1328. 125 <=> r1_xxreal_0(k1_xxreal_0,sK1) [avatar definition]
1330. r1_xxreal_0(k1_xxreal_0,sK1) <- (125) [avatar component clause 1328] {a:1,w:3,wCS:300,nSel:1,goal:1,sine:255,thAx:0,allAx:4,thDist:-4}
1331. 125 | 1 | ~3 | ~14 | ~17 | ~52 [avatar split clause 1326,684,499,484,429,419,1328]
1332. ~r2_hidden(sK1,k1_numbers) | ~v1_xxreal_0(sK1) <- (125) [resolution 1330,320] {a:2,w:5,wCS:500,goal:1,sine:1,thAx:0,allAx:5,thDist:-5}
1333. ~r2_hidden(sK1,k1_numbers) <- (52, 125) [subsumption resolution 1332,686] {a:2,w:3,wCS:300,goal:1,sine:1,thAx:0,allAx:5,thDist:-5}
1335. 126 <=> r2_hidden(sK1,k1_numbers) [avatar definition]
1337. ~r2_hidden(sK1,k1_numbers) <- (~126) [avatar component clause 1335] {a:2,w:3,wCS:300,nSel:1,goal:1,sine:255,thAx:0,allAx:5,thDist:-5}
1338. ~126 | ~52 | ~125 [avatar split clause 1333,1328,684,1335]
1354. ~v1_xreal_0(sK1) <- (~126) [resolution 1337,343] {a:3,w:2,wCS:200,goal:1,sine:1,thAx:0,allAx:6,thDist:-6}
1356. $false <- (2, ~126) [subsumption resolution 1354,426] {a:3,w:0,goal:1,sine:1,thAx:0,allAx:6,thDist:-6}
1357. ~2 | 126 [avatar contradiction clause 1356]
1358. $false [avatar sat refutation 422,427,432,487,502,687,1331,1338,1357] {a:0,w:0,goal:1,sine:0,thAx:0,allAx:605,thDist:-605}
% SZS output end Proof for xxreal_1__t399_xxreal_1
% ------------------------------
% Version: Vampire 4.5.1 (commit 226f88162 on 2021-09-12 20:13:44 +0200)
% Termination reason: Refutation

% >>> Input
% Input formulas: 122
% >>> Preprocessing
% Introduced skolems: 19
% Pure predicates: 5
% Unused predicate definitions: 1
% 
% >>> Saturation
% Initial clauses: 137
% Generated clauses: 568
% Active clauses: 194
% Passive clauses: 324
% Final active clauses: 183
% Final passive clauses: 125
% Main loop iterations started: 199
% 
% >>> Simplifying Inferences
% Duplicate literals: 38
% Trivial inequalities: 1
% Fw subsumption resolutions: 20
% Fw demodulations: 1
% Bw demodulations: 7
% 
% >>> Deletion Inferences
% Simple tautologies: 35
% Forward subsumptions: 54
% 
% >>> Generating Inferences
% Binary resolution: 175
% Unit resulting resolution: 1
% Factoring: 1
% Forward superposition: 59
% Backward superposition: 25
% Self superposition: 1
% 
% >>> AVATAR
% Split clauses: 9
% Split components: 23
% Sat splitting refutations: 2
% 
% >>> SAT Solver Statistics
% SAT solver clauses: 119
% SAT solver unit clauses: 46
% SAT solver binary clauses: 54
% 
% Memory used [KB]: 10234
% Time elapsed: 0.005 s
% ------------------------------
% ------------------------------
% Time measurement results:
% preprocessing: 0.001 s ( own 0.0000 s ) 
% sine selection: 0.001 s
% backward subsumption index maintenance: 0.001 s
% backward superposition index maintenance: 0.001 s
% forward subsumption: 0.001 s
% other: 0.005 s ( own 0.001 s ) 

