i: [1,269,0,2,1,1,0,0] t34_rusub_2
a: [3,410,0,2,1,269]
s: 410
i: [1,268,0,2,1,1,0,0] t34_rusub_2
a: [3,415,0,2,1,268]
s: 415
i: [1,267,0,2,1,1,0,0] t34_rusub_2
a: [3,420,0,2,1,267]
s: 420
i: [1,266,0,2,1,1,0,0] t34_rusub_2
a: [3,425,0,2,1,266]
s: 425
i: [1,265,0,2,1,1,0,0] t34_rusub_2
a: [3,430,0,2,1,265]
s: 430
i: [1,264,0,2,1,1,0,0] t34_rusub_2
a: [3,435,0,2,1,264]
s: 435
i: [1,263,0,2,1,1,0,0] t34_rusub_2
a: [3,440,0,2,1,263]
s: 440
i: [1,262,0,2,1,1,0,0] t34_rusub_2
a: [3,445,0,2,1,262]
s: 445
i: [1,261,0,2,1,1,0,0] t34_rusub_2
a: [3,450,0,2,1,261]
s: 450
i: [1,260,0,2,1,1,0,0] t34_rusub_2
a: [3,455,0,2,1,260]
s: 455
i: [1,259,0,2,1,1,0,0] t34_rusub_2
a: [3,460,0,2,1,259]
s: 460
i: [1,271,0,3,1,1,0,0] t34_rusub_2
a: [3,400,0,3,1,271]
s: 400
i: [1,270,0,3,1,1,0,0] t34_rusub_2
a: [3,405,0,3,1,270]
s: 405
i: [1,273,0,4,1,1,0,0] t34_rusub_2
a: [3,390,0,4,1,273]
s: 390
i: [1,272,0,4,1,1,0,0] t34_rusub_2
a: [3,395,0,4,1,272]
s: 395
i: [1,274,0,2,1,0,0,255] spc1_boole
a: [3,465,0,2,1,274]
s: 465
i: [1,275,0,2,1,0,0,255] fc3_membered
a: [3,470,0,2,1,275]
s: 470
i: [1,276,0,2,1,0,0,255] fc6_membered
a: [3,475,0,2,1,276]
s: 475
i: [1,277,0,2,1,0,0,255] dt_o_0_0_xboole_0
a: [3,480,0,2,1,277]
s: 480
i: [1,369,0,2,1,0,0,255] existence_l2_algstr_0
a: [3,520,0,2,1,369]
s: 520
i: [1,370,0,2,1,0,0,255] existence_l1_rlvect_1
a: [3,525,0,2,1,370]
s: 525
i: [1,371,0,2,1,0,0,255] existence_l1_algstr_0
a: [3,530,0,2,1,371]
s: 530
i: [1,372,0,2,1,0,0,255] existence_l2_struct_0
a: [3,535,0,2,1,372]
s: 535
i: [1,373,0,2,1,0,0,1] existence_l1_bhsp_1
a: [3,540,0,2,1,373]
s: 540
i: [1,374,0,2,1,0,0,255] existence_l1_struct_0
a: [3,545,0,2,1,374]
s: 545
i: [1,376,0,2,1,0,0,255] rc1_relat_1
a: [3,550,0,2,1,376]
s: 550
i: [1,375,0,2,1,0,0,255] rc1_relat_1
a: [3,555,0,2,1,375]
s: 555
i: [1,378,0,2,1,0,0,255] rc2_membered
a: [3,560,0,2,1,378]
s: 560
i: [1,377,0,2,1,0,0,255] rc2_membered
a: [3,565,0,2,1,377]
s: 565
i: [1,380,0,2,1,0,0,255] rc1_membered
a: [3,570,0,2,1,380]
s: 570
i: [1,379,0,2,1,0,0,255] rc1_membered
a: [3,575,0,2,1,379]
s: 575
i: [1,382,0,2,1,0,0,255] rc3_membered
a: [3,580,0,2,1,382]
s: 580
i: [1,381,0,2,1,0,0,255] rc3_membered
a: [3,585,0,2,1,381]
s: 585
i: [1,385,0,2,1,0,0,255] rc20_struct_0
a: [3,590,0,2,1,385]
s: 590
i: [1,384,0,2,1,0,0,255] rc20_struct_0
a: [3,595,0,2,1,384]
s: 595
i: [1,383,0,2,1,0,0,255] rc20_struct_0
a: [3,600,0,2,1,383]
s: 600
i: [1,386,0,2,1,0,0,255] rc2_relat_1
a: [3,605,0,2,1,386]
s: 605
i: [1,285,0,3,1,0,0,255] fc1_subset_1
s: 285
i: [1,358,0,3,1,0,0,255] rc2_subset_1
s: 358
i: [1,361,0,3,1,0,0,255] reflexivity_r1_tarski
s: 361
i: [1,278,0,3,1,0,0,255] d2_xboole_0
a: [3,485,0,3,1,278]
s: 485
r: 480
d: [2,607,0,2,1,2,23,480,485]
a: [3,611,0,2,1,607]
s: 611
i: [1,279,0,3,1,0,0,255] redefinition_k5_numbers
a: [3,490,0,3,1,279]
s: 490
r: 475
d: [2,613,0,2,1,2,23,475,490]
a: [3,617,0,2,1,613]
s: 617
i: [1,280,0,3,1,0,0,255] t1_numerals
a: [3,495,0,3,1,280]
s: 495
i: [1,284,0,3,1,0,0,255] spc1_numerals
a: [3,505,0,3,1,284]
s: 505
i: [1,283,0,3,1,0,0,255] spc1_numerals
a: [3,510,0,3,1,283]
s: 510
d: [2,619,0,3,1,2,22,495,490]
a: [3,623,0,3,1,619]
s: 623
i: [1,292,0,4,2,0,0,255] dt_l1_rlvect_1
s: 292
i: [1,293,0,4,2,0,0,255] dt_l1_algstr_0
s: 293
i: [1,294,0,4,2,0,0,255] dt_l2_algstr_0
s: 294
d: [2,625,1,2,1,1,40,292,525]
a: [3,629,1,2,1,625]
s: 629
i: [1,295,0,4,2,0,0,255] dt_l2_algstr_0
s: 295
d: [2,631,1,2,1,1,40,293,530]
a: [3,635,1,2,1,631]
s: 635
i: [1,298,0,4,2,0,0,255] cc2_membered
s: 298
i: [1,299,0,4,2,0,0,255] cc3_membered
s: 299
d: [2,637,1,2,1,1,40,294,520]
a: [3,641,1,2,1,637]
s: 641
i: [1,302,0,4,2,0,0,255] dt_l2_struct_0
s: 302
d: [2,649,1,2,1,1,40,295,520]
a: [3,654,1,2,1,649]
s: 654
i: [1,303,0,4,2,0,0,255] dt_l1_bhsp_1
s: 303
i: [1,318,0,4,2,0,0,255] cc5_membered
s: 318
d: [2,681,1,2,1,1,40,303,410]
a: [3,686,1,2,1,681]
s: 686
i: [1,319,0,4,2,0,0,255] cc4_membered
s: 319
d: [2,699,2,2,1,1,40,686,292]
a: [3,703,2,2,1,699]
s: 703
i: [1,322,0,4,2,0,0,255] cc1_membered
s: 322
i: [1,324,0,4,2,0,0,255] cc1_relat_1
s: 324
d: [2,711,3,2,1,1,40,703,295]
a: [3,716,3,2,1,711]
s: 716
i: [1,325,0,4,2,0,0,255] cc18_membered
s: 325
d: [2,712,3,2,1,1,40,703,294]
a: [3,721,3,2,1,712]
s: 721
i: [1,356,0,4,1,0,0,255] existence_m1_subset_1
s: 356
i: [1,360,0,4,1,0,0,255] rc3_subset_1
s: 360
d: [2,754,4,2,1,1,40,716,293]
a: [3,758,4,2,1,754]
s: 758
i: [1,281,0,4,1,0,0,255] dt_k5_numbers
a: [3,500,0,4,1,281]
s: 500
d: [2,661,1,2,1,1,40,302,535]
a: [3,667,1,2,1,661]
s: 667
i: [1,282,0,4,1,0,0,255] spc1_numerals
a: [3,515,0,4,1,282]
s: 515
i: [1,289,0,5,2,0,0,255] rc1_subset_1
s: 289
d: [2,662,1,2,1,1,40,302,600]
a: [3,672,1,2,1,662]
s: 672
i: [1,326,0,5,2,0,0,255] t6_boole
s: 326
d: [2,682,1,2,1,1,40,303,540]
a: [3,691,1,2,1,682]
s: 691
i: [1,329,0,5,2,0,0,255] cc25_membered
s: 329
i: [1,353,0,5,2,0,0,255] t7_boole
s: 353
d: [2,693,1,2,1,1,40,318,470]
a: [3,697,1,2,1,693]
s: 697
i: [1,357,0,5,1,0,0,255] rc2_subset_1
s: 357
d: [2,705,1,2,1,1,40,319,470]
a: [3,709,1,2,1,705]
s: 709
i: [1,359,0,5,1,0,0,255] rc3_subset_1
s: 359
i: [1,291,0,6,2,0,0,255] rc4_subset_1
s: 291
d: [2,723,1,2,1,1,40,322,617]
a: [3,730,1,2,1,723]
s: 730
i: [1,304,0,6,3,0,0,255] cc7_struct_0
s: 304
d: [2,724,1,2,1,1,40,322,560]
a: [3,735,1,2,1,724]
s: 735
i: [1,305,0,6,3,0,0,255] cc5_struct_0
s: 305
i: [1,307,0,6,3,0,0,255] cc2_struct_0
s: 307
d: [2,725,1,2,1,1,40,322,570]
a: [3,740,1,2,1,725]
s: 740
i: [1,308,0,6,3,0,0,255] cc17_struct_0
s: 308
d: [2,726,1,2,1,1,40,322,580]
a: [3,745,1,2,1,726]
s: 745
i: [1,309,0,6,3,0,0,255] cc6_struct_0
s: 309
i: [1,310,0,6,3,0,0,255] cc1_struct_0
s: 310
d: [2,748,1,2,1,1,40,324,611]
a: [3,752,1,2,1,748]
s: 752
i: [1,313,0,6,3,0,0,255] cc4_struct_0
s: 313
d: [2,761,1,2,1,1,40,325,611]
a: [3,765,1,2,1,761]
s: 765
i: [1,330,0,6,2,0,0,255] cc8_membered
s: 330
i: [1,331,0,6,2,0,0,255] cc11_membered
s: 331
d: [2,778,1,2,1,1,40,329,510]
a: [3,784,1,2,1,778]
s: 784
i: [1,349,0,6,2,0,0,255] t1_subset
s: 349
d: [2,798,1,4,2,1,40,304,590]
d: [2,799,1,2,1,2,21,798,672]
a: [3,803,1,2,1,799]
s: 803
i: [1,362,0,6,2,0,0,255] antisymmetry_r2_hidden
s: 362
i: [1,288,0,7,2,0,0,255] rc1_subset_1
s: 288
d: [2,814,1,4,2,1,40,305,545]
a: [3,837,1,2,1,814]
s: 837
i: [1,290,0,7,2,0,0,255] rc4_subset_1
s: 290
d: [2,883,1,2,1,1,40,330,500]
a: [3,890,1,2,1,883]
s: 890
i: [1,311,0,7,3,0,0,255] cc8_struct_0
s: 311
i: [1,314,0,7,3,0,0,255] cc9_struct_0
s: 314
d: [2,931,1,5,2,0,40,288,330]
a: [3,940,1,2,1,931]
s: 940
r: 940
i: [1,315,0,7,3,0,0,255] cc11_struct_0
s: 315
a: [3,939,1,2,1,931]
s: 939
i: [1,316,0,7,3,0,0,255] cc11_struct_0
s: 316
i: [1,351,0,7,2,0,0,255] t3_subset
s: 351
d: [2,932,1,5,2,0,40,288,331]
a: [3,949,1,2,1,932]
s: 949
r: 949
i: [1,352,0,7,3,0,0,255] t8_boole
s: 352
a: [3,948,1,2,1,932]
s: 948
i: [1,296,0,8,3,0,0,255] cc20_membered
s: 296
i: [1,297,0,8,3,0,0,255] cc19_membered
s: 297
d: [2,643,2,2,1,1,40,629,294]
a: [3,647,2,2,1,643]
s: 647
i: [1,300,0,8,3,0,0,255] cc23_membered
s: 300
d: [2,650,2,2,1,1,40,295,629]
a: [3,659,2,2,1,650]
s: 659
i: [1,301,0,8,3,0,0,255] cc22_membered
s: 301
i: [1,320,0,8,3,0,0,255] cc21_membered
s: 320
d: [2,663,2,2,1,1,40,302,641]
a: [3,677,2,2,1,663]
s: 677
i: [1,321,0,8,3,0,0,255] cc2_relat_1
s: 321
d: [2,772,2,2,1,1,40,691,292]
a: [3,776,2,2,1,772]
s: 776
i: [1,323,0,8,3,0,0,255] cc24_membered
s: 323
i: [1,327,0,8,3,0,0,255] cc1_subset_1
s: 327
d: [2,792,2,2,1,1,40,730,298]
a: [3,796,2,2,1,792]
s: 796
i: [1,350,0,8,3,0,0,255] t2_subset
s: 350
r: 939
r: 948
s: 940
i: [1,317,0,9,4,0,0,255] cc10_struct_0
s: 317
i: [1,328,0,9,3,0,0,255] cc4_subset_1
s: 328
s: 949
i: [1,355,0,9,3,0,0,255] t5_subset
s: 355
d: [2,805,2,2,1,1,40,735,298]
a: [3,809,2,2,1,805]
s: 809
i: [1,354,0,10,3,0,0,255] t4_subset
s: 354
i: [1,286,0,11,4,0,0,255] cc3_subset_1
s: 286
d: [2,812,2,4,2,1,40,305,635]
a: [3,819,2,2,1,812]
s: 819
i: [1,287,0,11,4,0,0,255] cc2_subset_1
s: 287
d: [2,813,2,4,2,1,40,305,667]
a: [3,828,2,2,1,813]
s: 828
i: [1,368,0,14,4,0,0,255] existence_m2_subset_1
s: 368
d: [2,1202,0,12,3,0,21,368,327]
s: 1202
d: [2,863,2,2,1,1,40,740,298]
a: [3,867,2,2,1,863]
s: 867
i: [1,365,0,15,5,0,0,255] dt_m2_subset_1
s: 365
d: [2,869,2,2,1,1,40,745,298]
a: [3,873,2,2,1,869]
s: 873
d: [2,1209,0,13,4,0,21,365,327]
s: 1209
i: [1,366,0,15,5,0,0,255] redefinition_m2_subset_1
s: 366
d: [2,876,2,2,1,1,40,765,322]
a: [3,881,2,2,1,876]
s: 881
d: [2,1219,0,13,4,0,21,366,327]
s: 1219
d: [2,925,2,2,1,1,40,784,322]
a: [3,929,2,2,1,925]
s: 929
i: [1,367,0,15,5,0,0,255] redefinition_m2_subset_1
s: 367
d: [2,1236,0,13,4,0,21,367,327]
s: 1236
d: [2,963,2,2,1,1,40,890,319]
a: [3,968,2,2,1,963]
s: 968
i: [1,346,0,26,12,0,0,1] existence_m1_rusub_1
s: 346
d: [2,964,2,2,1,1,40,890,318]
a: [3,973,2,2,1,964]
s: 973
i: [1,332,0,27,13,0,0,1] dt_m1_rusub_1
s: 332
i: [1,333,0,27,13,0,0,1] dt_m1_rusub_1
s: 333
d: [2,1245,1,24,12,1,40,332,400]
d: [2,1249,1,22,11,2,21,1245,410]
d: [2,1250,1,20,10,3,21,1249,415]
d: [2,1251,1,18,9,4,21,1250,420]
d: [2,1252,1,16,8,5,21,1251,425]
d: [2,1253,1,14,7,6,21,1252,430]
d: [2,1254,1,12,6,7,21,1253,435]
d: [2,1255,1,10,5,8,21,1254,440]
d: [2,1256,1,8,4,9,21,1255,445]
d: [2,1257,1,6,3,10,21,1256,450]
d: [2,1258,1,4,2,11,21,1257,455]
d: [2,1259,1,2,1,12,21,1258,460]
a: [3,1263,1,2,1,1259]
s: 1263
i: [1,334,0,27,13,0,0,1] dt_m1_rusub_1
s: 334
d: [2,1246,1,24,12,1,40,332,405]
d: [2,1265,1,22,11,2,21,1246,410]
d: [2,1266,1,20,10,3,21,1265,415]
d: [2,1267,1,18,9,4,21,1266,420]
d: [2,1268,1,16,8,5,21,1267,425]
d: [2,1269,1,14,7,6,21,1268,430]
d: [2,1270,1,12,6,7,21,1269,435]
d: [2,1271,1,10,5,8,21,1270,440]
d: [2,1272,1,8,4,9,21,1271,445]
d: [2,1273,1,6,3,10,21,1272,450]
d: [2,1274,1,4,2,11,21,1273,455]
d: [2,1275,1,2,1,12,21,1274,460]
a: [3,1279,1,2,1,1275]
s: 1279
i: [1,335,0,27,13,0,0,1] dt_m1_rusub_1
s: 335
i: [1,336,0,27,13,0,0,1] dt_m1_rusub_1
s: 336
d: [2,1281,1,24,12,1,40,333,400]
d: [2,1285,1,22,11,2,21,1281,410]
d: [2,1286,1,20,10,3,21,1285,415]
d: [2,1287,1,18,9,4,21,1286,420]
d: [2,1288,1,16,8,5,21,1287,425]
d: [2,1289,1,14,7,6,21,1288,430]
d: [2,1290,1,12,6,7,21,1289,435]
d: [2,1291,1,10,5,8,21,1290,440]
d: [2,1292,1,8,4,9,21,1291,445]
d: [2,1293,1,6,3,10,21,1292,450]
d: [2,1294,1,4,2,11,21,1293,455]
d: [2,1295,1,2,1,12,21,1294,460]
a: [3,1299,1,2,1,1295]
s: 1299
i: [1,337,0,27,13,0,0,1] dt_m1_rusub_1
s: 337
d: [2,1282,1,24,12,1,40,333,405]
d: [2,1301,1,22,11,2,21,1282,410]
d: [2,1302,1,20,10,3,21,1301,415]
d: [2,1303,1,18,9,4,21,1302,420]
d: [2,1304,1,16,8,5,21,1303,425]
d: [2,1305,1,14,7,6,21,1304,430]
d: [2,1306,1,12,6,7,21,1305,435]
d: [2,1307,1,10,5,8,21,1306,440]
d: [2,1308,1,8,4,9,21,1307,445]
d: [2,1309,1,6,3,10,21,1308,450]
d: [2,1310,1,4,2,11,21,1309,455]
d: [2,1311,1,2,1,12,21,1310,460]
a: [3,1315,1,2,1,1311]
s: 1315
i: [1,338,0,27,13,0,0,1] dt_m1_rusub_1
s: 338
i: [1,339,0,27,13,0,0,1] dt_m1_rusub_1
s: 339
d: [2,1317,1,24,12,1,40,334,400]
d: [2,1321,1,22,11,2,21,1317,410]
d: [2,1322,1,20,10,3,21,1321,415]
d: [2,1323,1,18,9,4,21,1322,420]
d: [2,1324,1,16,8,5,21,1323,425]
d: [2,1325,1,14,7,6,21,1324,430]
d: [2,1326,1,12,6,7,21,1325,435]
d: [2,1327,1,10,5,8,21,1326,440]
d: [2,1328,1,8,4,9,21,1327,445]
d: [2,1329,1,6,3,10,21,1328,450]
d: [2,1330,1,4,2,11,21,1329,455]
d: [2,1331,1,2,1,12,21,1330,460]
a: [3,1335,1,2,1,1331]
s: 1335
i: [1,340,0,27,13,0,0,1] dt_m1_rusub_1
s: 340
d: [2,1318,1,24,12,1,40,334,405]
d: [2,1337,1,22,11,2,21,1318,410]
d: [2,1338,1,20,10,3,21,1337,415]
d: [2,1339,1,18,9,4,21,1338,420]
d: [2,1340,1,16,8,5,21,1339,425]
d: [2,1341,1,14,7,6,21,1340,430]
d: [2,1342,1,12,6,7,21,1341,435]
d: [2,1343,1,10,5,8,21,1342,440]
d: [2,1344,1,8,4,9,21,1343,445]
d: [2,1345,1,6,3,10,21,1344,450]
d: [2,1346,1,4,2,11,21,1345,455]
d: [2,1347,1,2,1,12,21,1346,460]
a: [3,1351,1,2,1,1347]
s: 1351
i: [1,341,0,27,13,0,0,1] dt_m1_rusub_1
s: 341
i: [1,342,0,27,13,0,0,1] dt_m1_rusub_1
s: 342
d: [2,1353,1,24,12,1,40,335,400]
d: [2,1357,1,22,11,2,21,1353,410]
d: [2,1358,1,20,10,3,21,1357,415]
d: [2,1359,1,18,9,4,21,1358,420]
d: [2,1360,1,16,8,5,21,1359,425]
d: [2,1361,1,14,7,6,21,1360,430]
d: [2,1362,1,12,6,7,21,1361,435]
d: [2,1363,1,10,5,8,21,1362,440]
d: [2,1364,1,8,4,9,21,1363,445]
d: [2,1365,1,6,3,10,21,1364,450]
d: [2,1366,1,4,2,11,21,1365,455]
d: [2,1367,1,2,1,12,21,1366,460]
a: [3,1371,1,2,1,1367]
s: 1371
i: [1,364,0,31,13,0,0,1] existence_m1_rusub_2
s: 364
d: [2,1354,1,24,12,1,40,335,405]
d: [2,1373,1,22,11,2,21,1354,410]
d: [2,1374,1,20,10,3,21,1373,415]
d: [2,1375,1,18,9,4,21,1374,420]
d: [2,1376,1,16,8,5,21,1375,425]
d: [2,1377,1,14,7,6,21,1376,430]
d: [2,1378,1,12,6,7,21,1377,435]
d: [2,1379,1,10,5,8,21,1378,440]
d: [2,1380,1,8,4,9,21,1379,445]
d: [2,1381,1,6,3,10,21,1380,450]
d: [2,1382,1,4,2,11,21,1381,455]
d: [2,1383,1,2,1,12,21,1382,460]
a: [3,1387,1,2,1,1383]
s: 1387
i: [1,363,0,32,14,0,0,1] dt_m1_rusub_2
s: 363
i: [1,343,0,36,15,0,0,1] l53_rusub_2
s: 343
d: [2,1389,1,24,12,1,40,336,400]
d: [2,1393,1,22,11,2,21,1389,410]
d: [2,1394,1,20,10,3,21,1393,415]
d: [2,1395,1,18,9,4,21,1394,420]
d: [2,1396,1,16,8,5,21,1395,425]
d: [2,1397,1,14,7,6,21,1396,430]
d: [2,1398,1,12,6,7,21,1397,435]
d: [2,1399,1,10,5,8,21,1398,440]
d: [2,1400,1,8,4,9,21,1399,445]
d: [2,1401,1,6,3,10,21,1400,450]
d: [2,1402,1,4,2,11,21,1401,455]
d: [2,1403,1,2,1,12,21,1402,460]
a: [3,1407,1,2,1,1403]
s: 1407
i: [1,344,0,36,15,0,0,1] d5_rusub_2
s: 344
d: [2,1390,1,24,12,1,40,336,405]
d: [2,1409,1,22,11,2,21,1390,410]
d: [2,1410,1,20,10,3,21,1409,415]
d: [2,1411,1,18,9,4,21,1410,420]
d: [2,1412,1,16,8,5,21,1411,425]
d: [2,1413,1,14,7,6,21,1412,430]
d: [2,1414,1,12,6,7,21,1413,435]
d: [2,1415,1,10,5,8,21,1414,440]
d: [2,1416,1,8,4,9,21,1415,445]
d: [2,1417,1,6,3,10,21,1416,450]
d: [2,1418,1,4,2,11,21,1417,455]
d: [2,1419,1,2,1,12,21,1418,460]
a: [3,1423,1,2,1,1419]
s: 1423
d: [2,1662,0,33,14,0,21,344,363]
s: 1662
i: [1,345,0,36,15,0,0,1] d5_rusub_2
s: 345
d: [2,1425,1,24,12,1,40,337,400]
d: [2,1429,1,22,11,2,21,1425,410]
d: [2,1430,1,20,10,3,21,1429,415]
d: [2,1431,1,18,9,4,21,1430,420]
d: [2,1432,1,16,8,5,21,1431,425]
d: [2,1433,1,14,7,6,21,1432,430]
d: [2,1434,1,12,6,7,21,1433,435]
d: [2,1435,1,10,5,8,21,1434,440]
d: [2,1436,1,8,4,9,21,1435,445]
d: [2,1437,1,6,3,10,21,1436,450]
d: [2,1438,1,4,2,11,21,1437,455]
d: [2,1439,1,2,1,12,21,1438,460]
a: [3,1443,1,2,1,1439]
s: 1443
d: [2,1426,1,24,12,1,40,337,405]
d: [2,1445,1,22,11,2,21,1426,410]
d: [2,1446,1,20,10,3,21,1445,415]
d: [2,1447,1,18,9,4,21,1446,420]
d: [2,1448,1,16,8,5,21,1447,425]
d: [2,1449,1,14,7,6,21,1448,430]
d: [2,1450,1,12,6,7,21,1449,435]
d: [2,1451,1,10,5,8,21,1450,440]
d: [2,1452,1,8,4,9,21,1451,445]
d: [2,1453,1,6,3,10,21,1452,450]
d: [2,1454,1,4,2,11,21,1453,455]
d: [2,1455,1,2,1,12,21,1454,460]
a: [3,1459,1,2,1,1455]
s: 1459
d: [2,1461,1,24,12,1,40,338,400]
d: [2,1465,1,22,11,2,21,1461,410]
d: [2,1466,1,20,10,3,21,1465,415]
d: [2,1467,1,18,9,4,21,1466,420]
d: [2,1468,1,16,8,5,21,1467,425]
d: [2,1469,1,14,7,6,21,1468,430]
d: [2,1470,1,12,6,7,21,1469,435]
d: [2,1471,1,10,5,8,21,1470,440]
d: [2,1472,1,8,4,9,21,1471,445]
d: [2,1473,1,6,3,10,21,1472,450]
d: [2,1474,1,4,2,11,21,1473,455]
d: [2,1475,1,2,1,12,21,1474,460]
a: [3,1479,1,2,1,1475]
s: 1479
d: [2,1462,1,24,12,1,40,338,405]
d: [2,1481,1,22,11,2,21,1462,410]
d: [2,1482,1,20,10,3,21,1481,415]
d: [2,1483,1,18,9,4,21,1482,420]
d: [2,1484,1,16,8,5,21,1483,425]
d: [2,1485,1,14,7,6,21,1484,430]
d: [2,1486,1,12,6,7,21,1485,435]
d: [2,1487,1,10,5,8,21,1486,440]
d: [2,1488,1,8,4,9,21,1487,445]
d: [2,1489,1,6,3,10,21,1488,450]
d: [2,1490,1,4,2,11,21,1489,455]
d: [2,1491,1,2,1,12,21,1490,460]
a: [3,1495,1,2,1,1491]
s: 1495
d: [2,1497,1,24,12,1,40,339,400]
d: [2,1501,1,22,11,2,21,1497,410]
d: [2,1502,1,20,10,3,21,1501,415]
d: [2,1503,1,18,9,4,21,1502,420]
d: [2,1504,1,16,8,5,21,1503,425]
d: [2,1505,1,14,7,6,21,1504,430]
d: [2,1506,1,12,6,7,21,1505,435]
d: [2,1507,1,10,5,8,21,1506,440]
d: [2,1508,1,8,4,9,21,1507,445]
d: [2,1509,1,6,3,10,21,1508,450]
d: [2,1510,1,4,2,11,21,1509,455]
d: [2,1511,1,2,1,12,21,1510,460]
a: [3,1515,1,2,1,1511]
s: 1515
d: [2,1498,1,24,12,1,40,339,405]
d: [2,1517,1,22,11,2,21,1498,410]
d: [2,1518,1,20,10,3,21,1517,415]
d: [2,1519,1,18,9,4,21,1518,420]
d: [2,1520,1,16,8,5,21,1519,425]
d: [2,1521,1,14,7,6,21,1520,430]
d: [2,1522,1,12,6,7,21,1521,435]
d: [2,1523,1,10,5,8,21,1522,440]
d: [2,1524,1,8,4,9,21,1523,445]
d: [2,1525,1,6,3,10,21,1524,450]
d: [2,1526,1,4,2,11,21,1525,455]
d: [2,1527,1,2,1,12,21,1526,460]
a: [3,1531,1,2,1,1527]
s: 1531
d: [2,1533,1,24,12,1,40,340,400]
d: [2,1537,1,22,11,2,21,1533,410]
d: [2,1538,1,20,10,3,21,1537,415]
d: [2,1539,1,18,9,4,21,1538,420]
d: [2,1540,1,16,8,5,21,1539,425]
d: [2,1541,1,14,7,6,21,1540,430]
d: [2,1542,1,12,6,7,21,1541,435]
d: [2,1543,1,10,5,8,21,1542,440]
d: [2,1544,1,8,4,9,21,1543,445]
d: [2,1545,1,6,3,10,21,1544,450]
d: [2,1546,1,4,2,11,21,1545,455]
d: [2,1547,1,2,1,12,21,1546,460]
a: [3,1551,1,2,1,1547]
s: 1551
d: [2,1534,1,24,12,1,40,340,405]
d: [2,1553,1,22,11,2,21,1534,410]
d: [2,1554,1,20,10,3,21,1553,415]
d: [2,1555,1,18,9,4,21,1554,420]
d: [2,1556,1,16,8,5,21,1555,425]
d: [2,1557,1,14,7,6,21,1556,430]
d: [2,1558,1,12,6,7,21,1557,435]
d: [2,1559,1,10,5,8,21,1558,440]
d: [2,1560,1,8,4,9,21,1559,445]
d: [2,1561,1,6,3,10,21,1560,450]
d: [2,1562,1,4,2,11,21,1561,455]
d: [2,1563,1,2,1,12,21,1562,460]
a: [3,1567,1,2,1,1563]
s: 1567
d: [2,1569,1,24,12,1,40,341,400]
d: [2,1573,1,22,11,2,21,1569,410]
d: [2,1574,1,20,10,3,21,1573,415]
d: [2,1575,1,18,9,4,21,1574,420]
d: [2,1576,1,16,8,5,21,1575,425]
d: [2,1577,1,14,7,6,21,1576,430]
d: [2,1578,1,12,6,7,21,1577,435]
d: [2,1579,1,10,5,8,21,1578,440]
d: [2,1580,1,8,4,9,21,1579,445]
d: [2,1581,1,6,3,10,21,1580,450]
d: [2,1582,1,4,2,11,21,1581,455]
d: [2,1583,1,2,1,12,21,1582,460]
a: [3,1587,1,2,1,1583]
s: 1587
d: [2,1570,1,24,12,1,40,341,405]
d: [2,1589,1,22,11,2,21,1570,410]
d: [2,1590,1,20,10,3,21,1589,415]
d: [2,1591,1,18,9,4,21,1590,420]
d: [2,1592,1,16,8,5,21,1591,425]
d: [2,1593,1,14,7,6,21,1592,430]
d: [2,1594,1,12,6,7,21,1593,435]
d: [2,1595,1,10,5,8,21,1594,440]
d: [2,1596,1,8,4,9,21,1595,445]
d: [2,1597,1,6,3,10,21,1596,450]
d: [2,1598,1,4,2,11,21,1597,455]
d: [2,1599,1,2,1,12,21,1598,460]
a: [3,1603,1,2,1,1599]
s: 1603
d: [2,1605,1,24,12,1,40,342,400]
d: [2,1609,1,22,11,2,21,1605,410]
d: [2,1610,1,20,10,3,21,1609,415]
d: [2,1611,1,18,9,4,21,1610,420]
d: [2,1612,1,16,8,5,21,1611,425]
d: [2,1613,1,14,7,6,21,1612,430]
d: [2,1614,1,12,6,7,21,1613,435]
d: [2,1615,1,10,5,8,21,1614,440]
d: [2,1616,1,8,4,9,21,1615,445]
d: [2,1617,1,6,3,10,21,1616,450]
d: [2,1618,1,4,2,11,21,1617,455]
d: [2,1619,1,2,1,12,21,1618,460]
a: [3,1623,1,2,1,1619]
s: 1623
d: [2,1606,1,24,12,1,40,342,405]
d: [2,1625,1,22,11,2,21,1606,410]
d: [2,1626,1,20,10,3,21,1625,415]
d: [2,1627,1,18,9,4,21,1626,420]
d: [2,1628,1,16,8,5,21,1627,425]
d: [2,1629,1,14,7,6,21,1628,430]
d: [2,1630,1,12,6,7,21,1629,435]
d: [2,1631,1,10,5,8,21,1630,440]
d: [2,1632,1,8,4,9,21,1631,445]
d: [2,1633,1,6,3,10,21,1632,450]
d: [2,1634,1,4,2,11,21,1633,455]
d: [2,1635,1,2,1,12,21,1634,460]
a: [3,1639,1,2,1,1635]
s: 1639
d: [2,1684,2,2,1,1,40,1623,303]
a: [3,1688,2,2,1,1684]
s: 1688
d: [2,1643,1,32,14,1,40,343,395]
d: [2,1644,1,29,13,2,21,1643,400]
d: [2,1645,1,26,12,3,21,1644,405]
d: [2,1646,1,24,11,4,21,1645,410]
d: [2,1647,1,22,10,5,21,1646,415]
d: [2,1648,1,20,9,6,21,1647,420]
d: [2,1649,1,18,8,7,21,1648,425]
d: [2,1650,1,16,7,8,21,1649,430]
d: [2,1651,1,14,6,9,21,1650,435]
d: [2,1652,1,12,5,10,21,1651,440]
d: [2,1653,1,10,4,11,21,1652,445]
d: [2,1654,1,8,3,12,21,1653,450]
d: [2,1655,1,6,2,13,21,1654,455]
d: [2,1656,1,4,1,14,21,1655,460]
a: [3,1660,1,4,1,1656]
s: 1660
d: [2,1702,2,0,0,15,52,460,455,450,445,440,435,430,425,420,415,410,405,400,390,1660,345]
e: 1702
d: [2,1703,2,32,14,1,40,1660,345]
d: [2,1706,2,28,13,2,21,1703,390]
d: [2,1707,2,25,12,3,21,1706,400]
d: [2,1708,2,22,11,4,21,1707,405]
d: [2,1709,2,20,10,5,21,1708,410]
d: [2,1710,2,18,9,6,21,1709,415]
d: [2,1711,2,16,8,7,21,1710,420]
d: [2,1712,2,14,7,8,21,1711,425]
d: [2,1713,2,12,6,9,21,1712,430]
d: [2,1714,2,10,5,10,21,1713,435]
d: [2,1715,2,8,4,11,21,1714,440]
d: [2,1716,2,6,3,12,21,1715,445]
d: [2,1717,2,4,2,13,21,1716,450]
d: [2,1718,2,2,1,14,21,1717,455]
d: [2,1719,2,0,0,15,21,1718,460]
e: 1719
f: 1719,1656,259,260,261,262,263,264,265,266,267,268,269,270,271,272,273
% Refutation found. Thanks to Tanya!
% SZS status Theorem for rusub_2__t34_rusub_2
% SZS output start Proof for rusub_2__t34_rusub_2
1. ! [X0] : ((l1_bhsp_1(X0) & v2_bhsp_1(X0) & v8_rlvect_1(X0) & v7_rlvect_1(X0) & v6_rlvect_1(X0) & v5_rlvect_1(X0) & v4_rlvect_1(X0) & v3_rlvect_1(X0) & v2_rlvect_1(X0) & v13_algstr_0(X0) & ~v2_struct_0(X0)) => ! [X1] : (m1_rusub_1(X1,X0) => ! [X2] : (m1_rusub_1(X2,X0) => (r1_rusub_2(X0,X1,X2) => m1_rusub_2(X2,X0,X1))))) [input t34_rusub_2]
2. ~! [X0] : ((l1_bhsp_1(X0) & v2_bhsp_1(X0) & v8_rlvect_1(X0) & v7_rlvect_1(X0) & v6_rlvect_1(X0) & v5_rlvect_1(X0) & v4_rlvect_1(X0) & v3_rlvect_1(X0) & v2_rlvect_1(X0) & v13_algstr_0(X0) & ~v2_struct_0(X0)) => ! [X1] : (m1_rusub_1(X1,X0) => ! [X2] : (m1_rusub_1(X2,X0) => (r1_rusub_2(X0,X1,X2) => m1_rusub_2(X2,X0,X1))))) [negated conjecture 1]
46. ! [X0] : ((l1_bhsp_1(X0) & v2_bhsp_1(X0) & v8_rlvect_1(X0) & v7_rlvect_1(X0) & v6_rlvect_1(X0) & v5_rlvect_1(X0) & v4_rlvect_1(X0) & v3_rlvect_1(X0) & v2_rlvect_1(X0) & v13_algstr_0(X0) & ~v2_struct_0(X0)) => ! [X1] : (m1_rusub_1(X1,X0) => ! [X2] : (m1_rusub_1(X2,X0) => (m1_rusub_2(X2,X0,X1) <=> r1_rusub_2(X0,X2,X1))))) [input d5_rusub_2]
78. ! [X0] : ((l1_bhsp_1(X0) & v2_bhsp_1(X0) & v8_rlvect_1(X0) & v7_rlvect_1(X0) & v6_rlvect_1(X0) & v5_rlvect_1(X0) & v4_rlvect_1(X0) & v3_rlvect_1(X0) & v2_rlvect_1(X0) & v13_algstr_0(X0) & ~v2_struct_0(X0)) => ! [X1] : (m1_rusub_1(X1,X0) => ! [X2] : (m1_rusub_1(X2,X0) => (r1_rusub_2(X0,X1,X2) => r1_rusub_2(X0,X2,X1))))) [input l53_rusub_2]
126. ? [X0] : (? [X1] : (? [X2] : ((~m1_rusub_2(X2,X0,X1) & r1_rusub_2(X0,X1,X2)) & m1_rusub_1(X2,X0)) & m1_rusub_1(X1,X0)) & (l1_bhsp_1(X0) & v2_bhsp_1(X0) & v8_rlvect_1(X0) & v7_rlvect_1(X0) & v6_rlvect_1(X0) & v5_rlvect_1(X0) & v4_rlvect_1(X0) & v3_rlvect_1(X0) & v2_rlvect_1(X0) & v13_algstr_0(X0) & ~v2_struct_0(X0))) [ennf transformation 2]
127. ? [X0] : (? [X1] : (? [X2] : (~m1_rusub_2(X2,X0,X1) & r1_rusub_2(X0,X1,X2) & m1_rusub_1(X2,X0)) & m1_rusub_1(X1,X0)) & l1_bhsp_1(X0) & v2_bhsp_1(X0) & v8_rlvect_1(X0) & v7_rlvect_1(X0) & v6_rlvect_1(X0) & v5_rlvect_1(X0) & v4_rlvect_1(X0) & v3_rlvect_1(X0) & v2_rlvect_1(X0) & v13_algstr_0(X0) & ~v2_struct_0(X0)) [flattening 126]
183. ! [X0] : (! [X1] : (! [X2] : ((r1_rusub_2(X0,X2,X1) | ~r1_rusub_2(X0,X1,X2)) | ~m1_rusub_1(X2,X0)) | ~m1_rusub_1(X1,X0)) | (~l1_bhsp_1(X0) | ~v2_bhsp_1(X0) | ~v8_rlvect_1(X0) | ~v7_rlvect_1(X0) | ~v6_rlvect_1(X0) | ~v5_rlvect_1(X0) | ~v4_rlvect_1(X0) | ~v3_rlvect_1(X0) | ~v2_rlvect_1(X0) | ~v13_algstr_0(X0) | v2_struct_0(X0))) [ennf transformation 78]
184. ! [X0] : (! [X1] : (! [X2] : (r1_rusub_2(X0,X2,X1) | ~r1_rusub_2(X0,X1,X2) | ~m1_rusub_1(X2,X0)) | ~m1_rusub_1(X1,X0)) | ~l1_bhsp_1(X0) | ~v2_bhsp_1(X0) | ~v8_rlvect_1(X0) | ~v7_rlvect_1(X0) | ~v6_rlvect_1(X0) | ~v5_rlvect_1(X0) | ~v4_rlvect_1(X0) | ~v3_rlvect_1(X0) | ~v2_rlvect_1(X0) | ~v13_algstr_0(X0) | v2_struct_0(X0)) [flattening 183]
185. ! [X0] : (! [X1] : (! [X2] : ((m1_rusub_2(X2,X0,X1) <=> r1_rusub_2(X0,X2,X1)) | ~m1_rusub_1(X2,X0)) | ~m1_rusub_1(X1,X0)) | (~l1_bhsp_1(X0) | ~v2_bhsp_1(X0) | ~v8_rlvect_1(X0) | ~v7_rlvect_1(X0) | ~v6_rlvect_1(X0) | ~v5_rlvect_1(X0) | ~v4_rlvect_1(X0) | ~v3_rlvect_1(X0) | ~v2_rlvect_1(X0) | ~v13_algstr_0(X0) | v2_struct_0(X0))) [ennf transformation 46]
186. ! [X0] : (! [X1] : (! [X2] : ((m1_rusub_2(X2,X0,X1) <=> r1_rusub_2(X0,X2,X1)) | ~m1_rusub_1(X2,X0)) | ~m1_rusub_1(X1,X0)) | ~l1_bhsp_1(X0) | ~v2_bhsp_1(X0) | ~v8_rlvect_1(X0) | ~v7_rlvect_1(X0) | ~v6_rlvect_1(X0) | ~v5_rlvect_1(X0) | ~v4_rlvect_1(X0) | ~v3_rlvect_1(X0) | ~v2_rlvect_1(X0) | ~v13_algstr_0(X0) | v2_struct_0(X0)) [flattening 185]
213. ? [X0] : (? [X1] : (? [X2] : (~m1_rusub_2(X2,X0,X1) & r1_rusub_2(X0,X1,X2) & m1_rusub_1(X2,X0)) & m1_rusub_1(X1,X0)) & l1_bhsp_1(X0) & v2_bhsp_1(X0) & v8_rlvect_1(X0) & v7_rlvect_1(X0) & v6_rlvect_1(X0) & v5_rlvect_1(X0) & v4_rlvect_1(X0) & v3_rlvect_1(X0) & v2_rlvect_1(X0) & v13_algstr_0(X0) & ~v2_struct_0(X0)) => (? [X1] : (? [X2] : (~m1_rusub_2(X2,sK0,X1) & r1_rusub_2(sK0,X1,X2) & m1_rusub_1(X2,sK0)) & m1_rusub_1(X1,sK0)) & l1_bhsp_1(sK0) & v2_bhsp_1(sK0) & v8_rlvect_1(sK0) & v7_rlvect_1(sK0) & v6_rlvect_1(sK0) & v5_rlvect_1(sK0) & v4_rlvect_1(sK0) & v3_rlvect_1(sK0) & v2_rlvect_1(sK0) & v13_algstr_0(sK0) & ~v2_struct_0(sK0)) [choice axiom]
214. ? [X1] : (? [X2] : (~m1_rusub_2(X2,sK0,X1) & r1_rusub_2(sK0,X1,X2) & m1_rusub_1(X2,sK0)) & m1_rusub_1(X1,sK0)) => (? [X2] : (~m1_rusub_2(X2,sK0,sK1) & r1_rusub_2(sK0,sK1,X2) & m1_rusub_1(X2,sK0)) & m1_rusub_1(sK1,sK0)) [choice axiom]
215. ? [X2] : (~m1_rusub_2(X2,sK0,sK1) & r1_rusub_2(sK0,sK1,X2) & m1_rusub_1(X2,sK0)) => (~m1_rusub_2(sK2,sK0,sK1) & r1_rusub_2(sK0,sK1,sK2) & m1_rusub_1(sK2,sK0)) [choice axiom]
216. ((~m1_rusub_2(sK2,sK0,sK1) & r1_rusub_2(sK0,sK1,sK2) & m1_rusub_1(sK2,sK0)) & m1_rusub_1(sK1,sK0)) & l1_bhsp_1(sK0) & v2_bhsp_1(sK0) & v8_rlvect_1(sK0) & v7_rlvect_1(sK0) & v6_rlvect_1(sK0) & v5_rlvect_1(sK0) & v4_rlvect_1(sK0) & v3_rlvect_1(sK0) & v2_rlvect_1(sK0) & v13_algstr_0(sK0) & ~v2_struct_0(sK0) [skolemisation 127,215,214,213]
221. ! [X0] : (! [X1] : (! [X2] : (((m1_rusub_2(X2,X0,X1) | ~r1_rusub_2(X0,X2,X1)) & (r1_rusub_2(X0,X2,X1) | ~m1_rusub_2(X2,X0,X1))) | ~m1_rusub_1(X2,X0)) | ~m1_rusub_1(X1,X0)) | ~l1_bhsp_1(X0) | ~v2_bhsp_1(X0) | ~v8_rlvect_1(X0) | ~v7_rlvect_1(X0) | ~v6_rlvect_1(X0) | ~v5_rlvect_1(X0) | ~v4_rlvect_1(X0) | ~v3_rlvect_1(X0) | ~v2_rlvect_1(X0) | ~v13_algstr_0(X0) | v2_struct_0(X0)) [nnf transformation 186]
259. ~v2_struct_0(sK0) [cnf transformation 216] {a:0,w:2,wCS:200,goal:1,sine:0,thAx:0,allAx:4,thDist:-4}
260. v13_algstr_0(sK0) [cnf transformation 216] {a:0,w:2,wCS:200,goal:1,sine:0,thAx:0,allAx:4,thDist:-4}
261. v2_rlvect_1(sK0) [cnf transformation 216] {a:0,w:2,wCS:200,goal:1,sine:0,thAx:0,allAx:4,thDist:-4}
262. v3_rlvect_1(sK0) [cnf transformation 216] {a:0,w:2,wCS:200,goal:1,sine:0,thAx:0,allAx:4,thDist:-4}
263. v4_rlvect_1(sK0) [cnf transformation 216] {a:0,w:2,wCS:200,goal:1,sine:0,thAx:0,allAx:4,thDist:-4}
264. v5_rlvect_1(sK0) [cnf transformation 216] {a:0,w:2,wCS:200,goal:1,sine:0,thAx:0,allAx:4,thDist:-4}
265. v6_rlvect_1(sK0) [cnf transformation 216] {a:0,w:2,wCS:200,goal:1,sine:0,thAx:0,allAx:4,thDist:-4}
266. v7_rlvect_1(sK0) [cnf transformation 216] {a:0,w:2,wCS:200,goal:1,sine:0,thAx:0,allAx:4,thDist:-4}
267. v8_rlvect_1(sK0) [cnf transformation 216] {a:0,w:2,wCS:200,goal:1,sine:0,thAx:0,allAx:4,thDist:-4}
268. v2_bhsp_1(sK0) [cnf transformation 216] {a:0,w:2,wCS:200,goal:1,sine:0,thAx:0,allAx:4,thDist:-4}
269. l1_bhsp_1(sK0) [cnf transformation 216] {a:0,w:2,wCS:200,goal:1,sine:0,thAx:0,allAx:4,thDist:-4}
270. m1_rusub_1(sK1,sK0) [cnf transformation 216] {a:0,w:3,wCS:300,goal:1,sine:0,thAx:0,allAx:4,thDist:-4}
271. m1_rusub_1(sK2,sK0) [cnf transformation 216] {a:0,w:3,wCS:300,goal:1,sine:0,thAx:0,allAx:4,thDist:-4}
272. r1_rusub_2(sK0,sK1,sK2) [cnf transformation 216] {a:0,w:4,wCS:400,goal:1,sine:0,thAx:0,allAx:4,thDist:-4}
273. ~m1_rusub_2(sK2,sK0,sK1) [cnf transformation 216] {a:0,w:4,wCS:400,goal:1,sine:0,thAx:0,allAx:4,thDist:-4}
343. ~r1_rusub_2(X0,X1,X2) | r1_rusub_2(X0,X2,X1) | ~m1_rusub_1(X2,X0) | ~m1_rusub_1(X1,X0) | ~l1_bhsp_1(X0) | ~v2_bhsp_1(X0) | ~v8_rlvect_1(X0) | ~v7_rlvect_1(X0) | ~v6_rlvect_1(X0) | ~v5_rlvect_1(X0) | ~v4_rlvect_1(X0) | ~v3_rlvect_1(X0) | ~v2_rlvect_1(X0) | ~v13_algstr_0(X0) | v2_struct_0(X0) [cnf transformation 184] {a:0,w:36,wCS:14400,nSel:1,sine:1,thAx:0,allAx:1,thDist:-1}
345. ~r1_rusub_2(X0,X2,X1) | m1_rusub_2(X2,X0,X1) | ~m1_rusub_1(X2,X0) | ~m1_rusub_1(X1,X0) | ~l1_bhsp_1(X0) | ~v2_bhsp_1(X0) | ~v8_rlvect_1(X0) | ~v7_rlvect_1(X0) | ~v6_rlvect_1(X0) | ~v5_rlvect_1(X0) | ~v4_rlvect_1(X0) | ~v3_rlvect_1(X0) | ~v2_rlvect_1(X0) | ~v13_algstr_0(X0) | v2_struct_0(X0) [cnf transformation 221] {a:0,w:36,wCS:14400,nSel:1,sine:1,thAx:0,allAx:1,thDist:-1}
388. 1 <=> m1_rusub_2(sK2,sK0,sK1) [avatar definition]
390. ~m1_rusub_2(sK2,sK0,sK1) <- (~1) [avatar component clause 388] {a:0,w:4,wCS:400,nSel:1,goal:1,sine:255,thAx:0,allAx:4,thDist:-4}
391. ~1 [avatar split clause 273,388]
393. 2 <=> r1_rusub_2(sK0,sK1,sK2) [avatar definition]
395. r1_rusub_2(sK0,sK1,sK2) <- (2) [avatar component clause 393] {a:0,w:4,wCS:400,nSel:1,goal:1,sine:255,thAx:0,allAx:4,thDist:-4}
396. 2 [avatar split clause 272,393]
398. 3 <=> m1_rusub_1(sK2,sK0) [avatar definition]
400. m1_rusub_1(sK2,sK0) <- (3) [avatar component clause 398] {a:0,w:3,wCS:300,nSel:1,goal:1,sine:255,thAx:0,allAx:4,thDist:-4}
401. 3 [avatar split clause 271,398]
403. 4 <=> m1_rusub_1(sK1,sK0) [avatar definition]
405. m1_rusub_1(sK1,sK0) <- (4) [avatar component clause 403] {a:0,w:3,wCS:300,nSel:1,goal:1,sine:255,thAx:0,allAx:4,thDist:-4}
406. 4 [avatar split clause 270,403]
408. 5 <=> l1_bhsp_1(sK0) [avatar definition]
410. l1_bhsp_1(sK0) <- (5) [avatar component clause 408] {a:0,w:2,wCS:200,nSel:1,goal:1,sine:255,thAx:0,allAx:4,thDist:-4}
411. 5 [avatar split clause 269,408]
413. 6 <=> v2_bhsp_1(sK0) [avatar definition]
415. v2_bhsp_1(sK0) <- (6) [avatar component clause 413] {a:0,w:2,wCS:200,nSel:1,goal:1,sine:255,thAx:0,allAx:4,thDist:-4}
416. 6 [avatar split clause 268,413]
418. 7 <=> v8_rlvect_1(sK0) [avatar definition]
420. v8_rlvect_1(sK0) <- (7) [avatar component clause 418] {a:0,w:2,wCS:200,nSel:1,goal:1,sine:255,thAx:0,allAx:4,thDist:-4}
421. 7 [avatar split clause 267,418]
423. 8 <=> v7_rlvect_1(sK0) [avatar definition]
425. v7_rlvect_1(sK0) <- (8) [avatar component clause 423] {a:0,w:2,wCS:200,nSel:1,goal:1,sine:255,thAx:0,allAx:4,thDist:-4}
426. 8 [avatar split clause 266,423]
428. 9 <=> v6_rlvect_1(sK0) [avatar definition]
430. v6_rlvect_1(sK0) <- (9) [avatar component clause 428] {a:0,w:2,wCS:200,nSel:1,goal:1,sine:255,thAx:0,allAx:4,thDist:-4}
431. 9 [avatar split clause 265,428]
433. 10 <=> v5_rlvect_1(sK0) [avatar definition]
435. v5_rlvect_1(sK0) <- (10) [avatar component clause 433] {a:0,w:2,wCS:200,nSel:1,goal:1,sine:255,thAx:0,allAx:4,thDist:-4}
436. 10 [avatar split clause 264,433]
438. 11 <=> v4_rlvect_1(sK0) [avatar definition]
440. v4_rlvect_1(sK0) <- (11) [avatar component clause 438] {a:0,w:2,wCS:200,nSel:1,goal:1,sine:255,thAx:0,allAx:4,thDist:-4}
441. 11 [avatar split clause 263,438]
443. 12 <=> v3_rlvect_1(sK0) [avatar definition]
445. v3_rlvect_1(sK0) <- (12) [avatar component clause 443] {a:0,w:2,wCS:200,nSel:1,goal:1,sine:255,thAx:0,allAx:4,thDist:-4}
446. 12 [avatar split clause 262,443]
448. 13 <=> v2_rlvect_1(sK0) [avatar definition]
450. v2_rlvect_1(sK0) <- (13) [avatar component clause 448] {a:0,w:2,wCS:200,nSel:1,goal:1,sine:255,thAx:0,allAx:4,thDist:-4}
451. 13 [avatar split clause 261,448]
453. 14 <=> v13_algstr_0(sK0) [avatar definition]
455. v13_algstr_0(sK0) <- (14) [avatar component clause 453] {a:0,w:2,wCS:200,nSel:1,goal:1,sine:255,thAx:0,allAx:4,thDist:-4}
456. 14 [avatar split clause 260,453]
458. 15 <=> v2_struct_0(sK0) [avatar definition]
460. ~v2_struct_0(sK0) <- (~15) [avatar component clause 458] {a:0,w:2,wCS:200,nSel:1,goal:1,sine:255,thAx:0,allAx:4,thDist:-4}
461. ~15 [avatar split clause 259,458]
1643. r1_rusub_2(sK0,sK2,sK1) | ~m1_rusub_1(sK2,sK0) | ~m1_rusub_1(sK1,sK0) | ~l1_bhsp_1(sK0) | ~v2_bhsp_1(sK0) | ~v8_rlvect_1(sK0) | ~v7_rlvect_1(sK0) | ~v6_rlvect_1(sK0) | ~v5_rlvect_1(sK0) | ~v4_rlvect_1(sK0) | ~v3_rlvect_1(sK0) | ~v2_rlvect_1(sK0) | ~v13_algstr_0(sK0) | v2_struct_0(sK0) <- (2) [resolution 343,395] {a:1,w:32,wCS:3200,goal:1,sine:1,thAx:0,allAx:5,thDist:-5}
1644. r1_rusub_2(sK0,sK2,sK1) | ~m1_rusub_1(sK1,sK0) | ~l1_bhsp_1(sK0) | ~v2_bhsp_1(sK0) | ~v8_rlvect_1(sK0) | ~v7_rlvect_1(sK0) | ~v6_rlvect_1(sK0) | ~v5_rlvect_1(sK0) | ~v4_rlvect_1(sK0) | ~v3_rlvect_1(sK0) | ~v2_rlvect_1(sK0) | ~v13_algstr_0(sK0) | v2_struct_0(sK0) <- (2, 3) [subsumption resolution 1643,400] {a:1,w:29,wCS:2900,goal:1,sine:1,thAx:0,allAx:5,thDist:-5}
1645. r1_rusub_2(sK0,sK2,sK1) | ~l1_bhsp_1(sK0) | ~v2_bhsp_1(sK0) | ~v8_rlvect_1(sK0) | ~v7_rlvect_1(sK0) | ~v6_rlvect_1(sK0) | ~v5_rlvect_1(sK0) | ~v4_rlvect_1(sK0) | ~v3_rlvect_1(sK0) | ~v2_rlvect_1(sK0) | ~v13_algstr_0(sK0) | v2_struct_0(sK0) <- (2, 3, 4) [subsumption resolution 1644,405] {a:1,w:26,wCS:2600,goal:1,sine:1,thAx:0,allAx:5,thDist:-5}
1646. r1_rusub_2(sK0,sK2,sK1) | ~v2_bhsp_1(sK0) | ~v8_rlvect_1(sK0) | ~v7_rlvect_1(sK0) | ~v6_rlvect_1(sK0) | ~v5_rlvect_1(sK0) | ~v4_rlvect_1(sK0) | ~v3_rlvect_1(sK0) | ~v2_rlvect_1(sK0) | ~v13_algstr_0(sK0) | v2_struct_0(sK0) <- (2, 3, 4, 5) [subsumption resolution 1645,410] {a:1,w:24,wCS:2400,goal:1,sine:1,thAx:0,allAx:5,thDist:-5}
1647. r1_rusub_2(sK0,sK2,sK1) | ~v8_rlvect_1(sK0) | ~v7_rlvect_1(sK0) | ~v6_rlvect_1(sK0) | ~v5_rlvect_1(sK0) | ~v4_rlvect_1(sK0) | ~v3_rlvect_1(sK0) | ~v2_rlvect_1(sK0) | ~v13_algstr_0(sK0) | v2_struct_0(sK0) <- (2, 3, 4, 5, 6) [subsumption resolution 1646,415] {a:1,w:22,wCS:2200,goal:1,sine:1,thAx:0,allAx:5,thDist:-5}
1648. r1_rusub_2(sK0,sK2,sK1) | ~v7_rlvect_1(sK0) | ~v6_rlvect_1(sK0) | ~v5_rlvect_1(sK0) | ~v4_rlvect_1(sK0) | ~v3_rlvect_1(sK0) | ~v2_rlvect_1(sK0) | ~v13_algstr_0(sK0) | v2_struct_0(sK0) <- (2, 3, 4, 5, 6, 7) [subsumption resolution 1647,420] {a:1,w:20,wCS:2000,goal:1,sine:1,thAx:0,allAx:5,thDist:-5}
1649. r1_rusub_2(sK0,sK2,sK1) | ~v6_rlvect_1(sK0) | ~v5_rlvect_1(sK0) | ~v4_rlvect_1(sK0) | ~v3_rlvect_1(sK0) | ~v2_rlvect_1(sK0) | ~v13_algstr_0(sK0) | v2_struct_0(sK0) <- (2, 3, 4, 5, 6, 7, 8) [subsumption resolution 1648,425] {a:1,w:18,wCS:1800,goal:1,sine:1,thAx:0,allAx:5,thDist:-5}
1650. r1_rusub_2(sK0,sK2,sK1) | ~v5_rlvect_1(sK0) | ~v4_rlvect_1(sK0) | ~v3_rlvect_1(sK0) | ~v2_rlvect_1(sK0) | ~v13_algstr_0(sK0) | v2_struct_0(sK0) <- (2, 3, 4, 5, 6, 7, 8, 9) [subsumption resolution 1649,430] {a:1,w:16,wCS:1600,goal:1,sine:1,thAx:0,allAx:5,thDist:-5}
1651. r1_rusub_2(sK0,sK2,sK1) | ~v4_rlvect_1(sK0) | ~v3_rlvect_1(sK0) | ~v2_rlvect_1(sK0) | ~v13_algstr_0(sK0) | v2_struct_0(sK0) <- (2, 3, 4, 5, 6, 7, 8, 9, 10) [subsumption resolution 1650,435] {a:1,w:14,wCS:1400,goal:1,sine:1,thAx:0,allAx:5,thDist:-5}
1652. r1_rusub_2(sK0,sK2,sK1) | ~v3_rlvect_1(sK0) | ~v2_rlvect_1(sK0) | ~v13_algstr_0(sK0) | v2_struct_0(sK0) <- (2, 3, 4, 5, 6, 7, 8, 9, 10, 11) [subsumption resolution 1651,440] {a:1,w:12,wCS:1200,goal:1,sine:1,thAx:0,allAx:5,thDist:-5}
1653. r1_rusub_2(sK0,sK2,sK1) | ~v2_rlvect_1(sK0) | ~v13_algstr_0(sK0) | v2_struct_0(sK0) <- (2, 3, 4, 5, 6, 7, 8, 9, 10, 11, 12) [subsumption resolution 1652,445] {a:1,w:10,wCS:1000,goal:1,sine:1,thAx:0,allAx:5,thDist:-5}
1654. r1_rusub_2(sK0,sK2,sK1) | ~v13_algstr_0(sK0) | v2_struct_0(sK0) <- (2, 3, 4, 5, 6, 7, 8, 9, 10, 11, 12, 13) [subsumption resolution 1653,450] {a:1,w:8,wCS:800,goal:1,sine:1,thAx:0,allAx:5,thDist:-5}
1655. r1_rusub_2(sK0,sK2,sK1) | v2_struct_0(sK0) <- (2, 3, 4, 5, 6, 7, 8, 9, 10, 11, 12, 13, 14) [subsumption resolution 1654,455] {a:1,w:6,wCS:600,goal:1,sine:1,thAx:0,allAx:5,thDist:-5}
1656. r1_rusub_2(sK0,sK2,sK1) <- (2, 3, 4, 5, 6, 7, 8, 9, 10, 11, 12, 13, 14, ~15) [subsumption resolution 1655,460] {a:1,w:4,wCS:400,goal:1,sine:1,thAx:0,allAx:5,thDist:-5}
1658. 147 <=> r1_rusub_2(sK0,sK2,sK1) [avatar definition]
1660. r1_rusub_2(sK0,sK2,sK1) <- (147) [avatar component clause 1658] {a:1,w:4,wCS:400,nSel:1,goal:1,sine:255,thAx:0,allAx:5,thDist:-5}
1661. 147 | ~2 | ~3 | ~4 | ~5 | ~6 | ~7 | ~8 | ~9 | ~10 | ~11 | ~12 | ~13 | ~14 | 15 [avatar split clause 1656,458,453,448,443,438,433,428,423,418,413,408,403,398,393,1658]
1703. m1_rusub_2(sK2,sK0,sK1) | ~m1_rusub_1(sK2,sK0) | ~m1_rusub_1(sK1,sK0) | ~l1_bhsp_1(sK0) | ~v2_bhsp_1(sK0) | ~v8_rlvect_1(sK0) | ~v7_rlvect_1(sK0) | ~v6_rlvect_1(sK0) | ~v5_rlvect_1(sK0) | ~v4_rlvect_1(sK0) | ~v3_rlvect_1(sK0) | ~v2_rlvect_1(sK0) | ~v13_algstr_0(sK0) | v2_struct_0(sK0) <- (147) [resolution 1660,345] {a:2,w:32,wCS:3200,goal:1,sine:1,thAx:0,allAx:6,thDist:-6}
1706. ~m1_rusub_1(sK2,sK0) | ~m1_rusub_1(sK1,sK0) | ~l1_bhsp_1(sK0) | ~v2_bhsp_1(sK0) | ~v8_rlvect_1(sK0) | ~v7_rlvect_1(sK0) | ~v6_rlvect_1(sK0) | ~v5_rlvect_1(sK0) | ~v4_rlvect_1(sK0) | ~v3_rlvect_1(sK0) | ~v2_rlvect_1(sK0) | ~v13_algstr_0(sK0) | v2_struct_0(sK0) <- (~1, 147) [subsumption resolution 1703,390] {a:2,w:28,wCS:2800,goal:1,sine:1,thAx:0,allAx:6,thDist:-6}
1707. ~m1_rusub_1(sK1,sK0) | ~l1_bhsp_1(sK0) | ~v2_bhsp_1(sK0) | ~v8_rlvect_1(sK0) | ~v7_rlvect_1(sK0) | ~v6_rlvect_1(sK0) | ~v5_rlvect_1(sK0) | ~v4_rlvect_1(sK0) | ~v3_rlvect_1(sK0) | ~v2_rlvect_1(sK0) | ~v13_algstr_0(sK0) | v2_struct_0(sK0) <- (~1, 3, 147) [subsumption resolution 1706,400] {a:2,w:25,wCS:2500,goal:1,sine:1,thAx:0,allAx:6,thDist:-6}
1708. ~l1_bhsp_1(sK0) | ~v2_bhsp_1(sK0) | ~v8_rlvect_1(sK0) | ~v7_rlvect_1(sK0) | ~v6_rlvect_1(sK0) | ~v5_rlvect_1(sK0) | ~v4_rlvect_1(sK0) | ~v3_rlvect_1(sK0) | ~v2_rlvect_1(sK0) | ~v13_algstr_0(sK0) | v2_struct_0(sK0) <- (~1, 3, 4, 147) [subsumption resolution 1707,405] {a:2,w:22,wCS:2200,goal:1,sine:1,thAx:0,allAx:6,thDist:-6}
1709. ~v2_bhsp_1(sK0) | ~v8_rlvect_1(sK0) | ~v7_rlvect_1(sK0) | ~v6_rlvect_1(sK0) | ~v5_rlvect_1(sK0) | ~v4_rlvect_1(sK0) | ~v3_rlvect_1(sK0) | ~v2_rlvect_1(sK0) | ~v13_algstr_0(sK0) | v2_struct_0(sK0) <- (~1, 3, 4, 5, 147) [subsumption resolution 1708,410] {a:2,w:20,wCS:2000,goal:1,sine:1,thAx:0,allAx:6,thDist:-6}
1710. ~v8_rlvect_1(sK0) | ~v7_rlvect_1(sK0) | ~v6_rlvect_1(sK0) | ~v5_rlvect_1(sK0) | ~v4_rlvect_1(sK0) | ~v3_rlvect_1(sK0) | ~v2_rlvect_1(sK0) | ~v13_algstr_0(sK0) | v2_struct_0(sK0) <- (~1, 3, 4, 5, 6, 147) [subsumption resolution 1709,415] {a:2,w:18,wCS:1800,goal:1,sine:1,thAx:0,allAx:6,thDist:-6}
1711. ~v7_rlvect_1(sK0) | ~v6_rlvect_1(sK0) | ~v5_rlvect_1(sK0) | ~v4_rlvect_1(sK0) | ~v3_rlvect_1(sK0) | ~v2_rlvect_1(sK0) | ~v13_algstr_0(sK0) | v2_struct_0(sK0) <- (~1, 3, 4, 5, 6, 7, 147) [subsumption resolution 1710,420] {a:2,w:16,wCS:1600,goal:1,sine:1,thAx:0,allAx:6,thDist:-6}
1712. ~v6_rlvect_1(sK0) | ~v5_rlvect_1(sK0) | ~v4_rlvect_1(sK0) | ~v3_rlvect_1(sK0) | ~v2_rlvect_1(sK0) | ~v13_algstr_0(sK0) | v2_struct_0(sK0) <- (~1, 3, 4, 5, 6, 7, 8, 147) [subsumption resolution 1711,425] {a:2,w:14,wCS:1400,goal:1,sine:1,thAx:0,allAx:6,thDist:-6}
1713. ~v5_rlvect_1(sK0) | ~v4_rlvect_1(sK0) | ~v3_rlvect_1(sK0) | ~v2_rlvect_1(sK0) | ~v13_algstr_0(sK0) | v2_struct_0(sK0) <- (~1, 3, 4, 5, 6, 7, 8, 9, 147) [subsumption resolution 1712,430] {a:2,w:12,wCS:1200,goal:1,sine:1,thAx:0,allAx:6,thDist:-6}
1714. ~v4_rlvect_1(sK0) | ~v3_rlvect_1(sK0) | ~v2_rlvect_1(sK0) | ~v13_algstr_0(sK0) | v2_struct_0(sK0) <- (~1, 3, 4, 5, 6, 7, 8, 9, 10, 147) [subsumption resolution 1713,435] {a:2,w:10,wCS:1000,goal:1,sine:1,thAx:0,allAx:6,thDist:-6}
1715. ~v3_rlvect_1(sK0) | ~v2_rlvect_1(sK0) | ~v13_algstr_0(sK0) | v2_struct_0(sK0) <- (~1, 3, 4, 5, 6, 7, 8, 9, 10, 11, 147) [subsumption resolution 1714,440] {a:2,w:8,wCS:800,goal:1,sine:1,thAx:0,allAx:6,thDist:-6}
1716. ~v2_rlvect_1(sK0) | ~v13_algstr_0(sK0) | v2_struct_0(sK0) <- (~1, 3, 4, 5, 6, 7, 8, 9, 10, 11, 12, 147) [subsumption resolution 1715,445] {a:2,w:6,wCS:600,goal:1,sine:1,thAx:0,allAx:6,thDist:-6}
1717. ~v13_algstr_0(sK0) | v2_struct_0(sK0) <- (~1, 3, 4, 5, 6, 7, 8, 9, 10, 11, 12, 13, 147) [subsumption resolution 1716,450] {a:2,w:4,wCS:400,goal:1,sine:1,thAx:0,allAx:6,thDist:-6}
1718. v2_struct_0(sK0) <- (~1, 3, 4, 5, 6, 7, 8, 9, 10, 11, 12, 13, 14, 147) [subsumption resolution 1717,455] {a:2,w:2,wCS:200,goal:1,sine:1,thAx:0,allAx:6,thDist:-6}
1719. $false <- (~1, 3, 4, 5, 6, 7, 8, 9, 10, 11, 12, 13, 14, ~15, 147) [subsumption resolution 1718,460] {a:2,w:0,goal:1,sine:1,thAx:0,allAx:6,thDist:-6}
1720. 1 | ~3 | ~4 | ~5 | ~6 | ~7 | ~8 | ~9 | ~10 | ~11 | ~12 | ~13 | ~14 | 15 | ~147 [avatar contradiction clause 1719]
1721. $false [avatar sat refutation 391,396,401,406,411,416,421,426,431,436,441,446,451,456,461,1661,1720] {a:0,w:0,goal:1,sine:0,thAx:0,allAx:1171,thDist:-1171}
% SZS output end Proof for rusub_2__t34_rusub_2
% ------------------------------
% Version: Vampire 4.5.1 (commit 226f88162 on 2021-09-12 20:13:44 +0200)
% Termination reason: Refutation

% >>> Input
% Input formulas: 101
% >>> Preprocessing
% Introduced skolems: 23
% Pure predicates: 10
% Unused predicate definitions: 1
% 
% >>> Saturation
% Initial clauses: 128
% Generated clauses: 845
% Active clauses: 189
% Passive clauses: 328
% Final active clauses: 183
% Final passive clauses: 127
% Main loop iterations started: 200
% 
% >>> Simplifying Inferences
% Duplicate literals: 154
% Fw subsumption resolutions: 304
% Fw demodulations: 1
% Bw demodulations: 2
% 
% >>> Deletion Inferences
% Simple tautologies: 14
% Forward subsumptions: 28
% 
% >>> Generating Inferences
% Binary resolution: 233
% Unit resulting resolution: 1
% Forward superposition: 5
% Backward superposition: 2
% Self superposition: 1
% 
% >>> AVATAR
% Split clauses: 18
% Split components: 36
% Sat splitting refutations: 2
% 
% >>> SAT Solver Statistics
% SAT solver clauses: 163
% SAT solver unit clauses: 51
% SAT solver binary clauses: 60
% 
% Memory used [KB]: 10490
% Time elapsed: 0.008 s
% ------------------------------
% ------------------------------
% Time measurement results:
% parsing: 0.001 s
% congruence closure: 0.001 s
% forward subsumption: 0.001 s
% unit resulting resolution: 0.001 s
% superposition: 0.001 s
% other: 0.008 s ( own 0.003 s ) 

