i: [1,364,0,2,1,1,0,0] t44_card_3
a: [3,584,0,2,1,364]
s: 584
i: [1,363,0,2,1,1,0,0] t44_card_3
a: [3,589,0,2,1,363]
s: 589
i: [1,366,0,3,1,1,0,0] t44_card_3
a: [3,574,0,3,1,366]
s: 574
i: [1,365,0,4,1,1,0,0] t44_card_3
a: [3,579,0,4,1,365]
s: 579
i: [1,367,0,2,1,0,0,255] fc7_card_1
a: [3,594,0,2,1,367]
s: 594
i: [1,368,0,2,1,0,0,255] spc1_boole
a: [3,599,0,2,1,368]
s: 599
i: [1,369,0,2,1,0,0,255] fc4_card_1
a: [3,604,0,2,1,369]
s: 604
i: [1,370,0,2,1,0,0,255] dt_o_0_0_xboole_0
a: [3,609,0,2,1,370]
s: 609
i: [1,371,0,2,1,0,0,255] fc1_xboole_0
a: [3,614,0,2,1,371]
s: 614
i: [1,377,0,2,1,0,0,255] fc6_ordinal1
a: [3,639,0,2,1,377]
s: 639
i: [1,376,0,2,1,0,0,255] fc6_ordinal1
a: [3,644,0,2,1,376]
s: 644
i: [1,514,0,2,1,0,0,255] rc2_setfam_1
a: [3,664,0,2,1,514]
s: 664
i: [1,515,0,2,1,0,0,2] rc3_card_1
a: [3,669,0,2,1,515]
s: 669
i: [1,516,0,2,1,0,0,2] rc2_xboole_0
a: [3,674,0,2,1,516]
s: 674
i: [1,517,0,2,1,0,0,255] rc4_ordinal1
a: [3,679,0,2,1,517]
s: 679
i: [1,518,0,2,1,0,0,1] rc1_ordinal1
a: [3,684,0,2,1,518]
s: 684
i: [1,519,0,2,1,0,0,1] rc1_card_1
a: [3,689,0,2,1,519]
s: 689
i: [1,520,0,2,1,0,0,2] rc1_xboole_0
a: [3,694,0,2,1,520]
s: 694
i: [1,524,0,2,1,0,0,255] rc2_ordinal1
a: [3,699,0,2,1,524]
s: 699
i: [1,523,0,2,1,0,0,255] rc2_ordinal1
a: [3,704,0,2,1,523]
s: 704
i: [1,522,0,2,1,0,0,255] rc2_ordinal1
a: [3,709,0,2,1,522]
s: 709
i: [1,521,0,2,1,0,0,255] rc2_ordinal1
a: [3,714,0,2,1,521]
s: 714
i: [1,526,0,2,1,0,0,255] rc7_funct_1
a: [3,719,0,2,1,526]
s: 719
i: [1,525,0,2,1,0,0,255] rc7_funct_1
a: [3,724,0,2,1,525]
s: 724
i: [1,528,0,2,1,0,0,255] rc5_ordinal1
a: [3,729,0,2,1,528]
s: 729
i: [1,527,0,2,1,0,0,255] rc5_ordinal1
a: [3,734,0,2,1,527]
s: 734
i: [1,530,0,2,1,0,0,2] rc1_finset_1
a: [3,739,0,2,1,530]
s: 739
i: [1,529,0,2,1,0,0,2] rc1_finset_1
a: [3,744,0,2,1,529]
s: 744
i: [1,533,0,2,1,0,0,255] rc8_finset_1
a: [3,749,0,2,1,533]
s: 749
i: [1,532,0,2,1,0,0,255] rc8_finset_1
a: [3,754,0,2,1,532]
s: 754
i: [1,531,0,2,1,0,0,255] rc8_finset_1
a: [3,759,0,2,1,531]
s: 759
i: [1,535,0,2,1,0,0,255] rc1_relat_1
a: [3,764,0,2,1,535]
s: 764
i: [1,534,0,2,1,0,0,255] rc1_relat_1
a: [3,769,0,2,1,534]
s: 769
i: [1,538,0,2,1,0,0,255] rc4_funct_1
a: [3,774,0,2,1,538]
s: 774
i: [1,537,0,2,1,0,0,255] rc4_funct_1
a: [3,779,0,2,1,537]
s: 779
i: [1,536,0,2,1,0,0,255] rc4_funct_1
a: [3,784,0,2,1,536]
s: 784
i: [1,541,0,2,1,0,0,255] rc9_finset_1
a: [3,789,0,2,1,541]
s: 789
i: [1,540,0,2,1,0,0,255] rc9_finset_1
a: [3,794,0,2,1,540]
s: 794
i: [1,539,0,2,1,0,0,255] rc9_finset_1
a: [3,799,0,2,1,539]
s: 799
i: [1,545,0,2,1,0,0,255] rc3_finset_1
a: [3,804,0,2,1,545]
s: 804
i: [1,544,0,2,1,0,0,255] rc3_finset_1
a: [3,809,0,2,1,544]
s: 809
i: [1,543,0,2,1,0,0,255] rc3_finset_1
a: [3,814,0,2,1,543]
s: 814
i: [1,542,0,2,1,0,0,255] rc3_finset_1
a: [3,819,0,2,1,542]
s: 819
i: [1,550,0,2,1,0,0,255] rc2_card_1
a: [3,824,0,2,1,550]
s: 824
i: [1,549,0,2,1,0,0,255] rc2_card_1
a: [3,829,0,2,1,549]
s: 829
i: [1,548,0,2,1,0,0,255] rc2_card_1
a: [3,834,0,2,1,548]
s: 834
i: [1,547,0,2,1,0,0,255] rc2_card_1
a: [3,839,0,2,1,547]
s: 839
i: [1,546,0,2,1,0,0,255] rc2_card_1
a: [3,844,0,2,1,546]
s: 844
i: [1,551,0,2,1,0,0,255] rc2_relat_1
a: [3,849,0,2,1,551]
s: 849
i: [1,553,0,2,1,0,0,255] rc3_funct_1
a: [3,854,0,2,1,553]
s: 854
i: [1,552,0,2,1,0,0,255] rc3_funct_1
a: [3,859,0,2,1,552]
s: 859
i: [1,555,0,2,1,0,0,255] rc1_funct_1
a: [3,864,0,2,1,555]
s: 864
i: [1,554,0,2,1,0,0,255] rc1_funct_1
a: [3,869,0,2,1,554]
s: 869
i: [1,558,0,2,1,0,0,255] rc5_funct_1
a: [3,874,0,2,1,558]
s: 874
i: [1,557,0,2,1,0,0,255] rc5_funct_1
a: [3,879,0,2,1,557]
s: 879
i: [1,556,0,2,1,0,0,255] rc5_funct_1
a: [3,884,0,2,1,556]
s: 884
i: [1,560,0,2,1,0,0,255] rc1_card_3
a: [3,889,0,2,1,560]
s: 889
i: [1,559,0,2,1,0,0,255] rc1_card_3
a: [3,894,0,2,1,559]
s: 894
i: [1,562,0,2,1,0,0,255] rc2_funct_1
a: [3,899,0,2,1,562]
s: 899
i: [1,561,0,2,1,0,0,255] rc2_funct_1
a: [3,904,0,2,1,561]
s: 904
i: [1,565,0,2,1,0,0,255] rc1_funcop_1
a: [3,909,0,2,1,565]
s: 909
i: [1,564,0,2,1,0,0,255] rc1_funcop_1
a: [3,914,0,2,1,564]
s: 914
i: [1,563,0,2,1,0,0,255] rc1_funcop_1
a: [3,919,0,2,1,563]
s: 919
i: [1,569,0,2,1,0,0,255] rc2_funcop_1
a: [3,924,0,2,1,569]
s: 924
i: [1,568,0,2,1,0,0,255] rc2_funcop_1
a: [3,929,0,2,1,568]
s: 929
i: [1,567,0,2,1,0,0,255] rc2_funcop_1
a: [3,934,0,2,1,567]
s: 934
i: [1,566,0,2,1,0,0,255] rc2_funcop_1
a: [3,939,0,2,1,566]
s: 939
i: [1,381,0,3,1,0,0,2] fc1_subset_1
s: 381
i: [1,382,0,3,1,0,0,255] fc1_finsub_1
s: 382
i: [1,383,0,3,1,0,0,1] dt_k1_card_1
s: 383
i: [1,501,0,3,1,0,0,2] rc2_subset_1
s: 501
i: [1,504,0,3,1,0,0,255] reflexivity_r1_tarski
s: 504
i: [1,505,0,3,1,0,0,255] reflexivity_r2_wellord2
s: 505
i: [1,372,0,3,1,0,0,255] d2_xboole_0
a: [3,619,0,3,1,372]
s: 619
r: 609
i: [1,373,0,3,1,0,0,255] redefinition_k5_numbers
a: [3,624,0,3,1,373]
s: 624
i: [1,374,0,3,1,0,0,255] t1_numerals
a: [3,629,0,3,1,374]
s: 629
i: [1,380,0,3,1,0,0,255] spc1_numerals
a: [3,649,0,3,1,380]
s: 649
i: [1,379,0,3,1,0,0,255] spc1_numerals
a: [3,654,0,3,1,379]
s: 654
d: [2,942,0,3,1,2,22,654,624]
a: [3,946,0,3,1,942]
s: 946
i: [1,385,0,4,2,0,0,255] cc2_setfam_1
s: 385
i: [1,388,0,4,2,0,0,255] cc4_setfam_1
s: 388
d: [2,948,1,2,1,1,40,385,614]
a: [3,954,1,2,1,948]
s: 954
i: [1,394,0,4,2,0,0,255] cc5_finset_1
s: 394
d: [2,950,1,2,1,1,40,385,694]
a: [3,959,1,2,1,950]
s: 959
i: [1,416,0,4,2,0,0,255] cc1_finsub_1
s: 416
i: [1,417,0,4,2,0,0,255] cc1_finsub_1
s: 417
d: [2,961,2,2,1,1,40,954,388]
a: [3,965,2,2,1,961]
s: 965
i: [1,424,0,4,2,0,0,255] cc6_ordinal1
s: 424
d: [2,981,1,2,1,1,40,424,679]
a: [3,986,1,2,1,981]
s: 986
i: [1,425,0,4,2,0,0,255] cc3_card_1
s: 425
i: [1,426,0,4,2,0,0,255] cc5_card_1
s: 426
d: [2,982,1,2,1,1,40,424,729]
a: [3,991,1,2,1,982]
s: 991
i: [1,427,0,4,2,0,0,255] cc4_finset_1
s: 427
d: [2,993,1,2,1,1,40,425,679]
a: [3,998,1,2,1,993]
s: 998
i: [1,429,0,4,2,0,0,255] cc1_ordinal1
s: 429
i: [1,430,0,4,2,0,0,255] cc1_ordinal1
s: 430
d: [2,1018,1,2,1,1,40,429,589]
a: [3,1032,1,2,1,1018]
s: 1032
i: [1,433,0,4,2,0,0,1] cc1_card_1
s: 433
d: [2,1050,1,2,1,1,40,430,589]
a: [3,1064,1,2,1,1050]
s: 1064
i: [1,443,0,4,2,0,0,255] cc9_ordinal1
s: 443
i: [1,444,0,4,2,0,0,255] cc7_funct_1
s: 444
d: [2,1083,1,2,1,1,40,433,584]
a: [3,1090,1,2,1,1083]
s: 1090
i: [1,445,0,4,2,0,0,255] cc6_finset_1
s: 445
d: [2,1123,2,2,1,1,40,1090,430]
a: [3,1128,2,2,1,1123]
s: 1128
i: [1,446,0,4,2,0,0,255] cc7_ordinal1
s: 446
i: [1,447,0,4,2,0,0,1] cc3_ordinal1
s: 447
d: [2,1124,2,2,1,1,40,1090,429]
a: [3,1133,2,2,1,1124]
s: 1133
i: [1,448,0,4,2,0,0,1] cc2_card_1
s: 448
d: [2,994,1,2,1,1,40,425,729]
a: [3,1003,1,2,1,994]
s: 1003
i: [1,449,0,4,2,0,0,2] cc1_finset_1
s: 449
i: [1,450,0,4,2,0,0,255] cc1_funct_1
s: 450
d: [2,1005,1,2,1,1,40,426,679]
a: [3,1010,1,2,1,1005]
s: 1010
i: [1,451,0,4,2,0,0,255] cc1_relat_1
s: 451
d: [2,1006,1,2,1,1,40,426,729]
a: [3,1015,1,2,1,1006]
s: 1015
i: [1,499,0,4,1,0,0,2] existence_m1_subset_1
s: 499
i: [1,503,0,4,1,0,0,255] rc3_subset_1
s: 503
d: [2,1017,1,2,1,1,40,429,639]
a: [3,1027,1,2,1,1017]
s: 1027
i: [1,375,0,4,1,0,0,255] dt_k5_numbers
a: [3,634,0,4,1,375]
s: 634
d: [2,1020,1,2,1,1,40,429,684]
a: [3,1042,1,2,1,1020]
s: 1042
i: [1,378,0,4,1,0,0,255] spc1_numerals
a: [3,659,0,4,1,378]
s: 659
d: [2,1223,0,4,1,2,22,634,624]
a: [3,1227,0,4,1,1223]
s: 1227
d: [2,1049,1,2,1,1,40,430,639]
a: [3,1059,1,2,1,1049]
s: 1059
d: [2,1229,0,4,1,2,22,659,624]
a: [3,1233,0,4,1,1229]
s: 1233
d: [2,1052,1,2,1,1,40,430,684]
a: [3,1074,1,2,1,1052]
s: 1074
i: [1,387,0,5,2,0,0,255] rc3_setfam_1
s: 387
i: [1,390,0,5,2,0,0,255] rc6_subset_1
s: 390
d: [2,1085,1,2,1,1,40,433,689]
a: [3,1095,1,2,1,1085]
s: 1095
i: [1,392,0,5,2,0,0,255] rc7_finset_1
s: 392
d: [2,1097,1,2,1,1,40,443,614]
a: [3,1103,1,2,1,1097]
s: 1103
i: [1,393,0,5,2,0,0,255] rc7_finset_1
s: 393
i: [1,395,0,5,2,0,0,2] fc9_card_1
s: 395
d: [2,1099,1,2,1,1,40,443,694]
a: [3,1108,1,2,1,1099]
s: 1108
i: [1,396,0,5,2,0,0,1] fc8_card_1
s: 396
d: [2,1110,1,2,1,1,40,444,614]
a: [3,1116,1,2,1,1110]
s: 1116
i: [1,397,0,5,2,0,0,1] fc8_card_1
s: 397
i: [1,399,0,5,2,0,0,2] rc4_card_1
s: 399
d: [2,1112,1,2,1,1,40,444,694]
a: [3,1121,1,2,1,1112]
s: 1121
i: [1,400,0,5,2,0,0,1] fc2_card_1
s: 400
d: [2,1135,1,2,1,1,40,445,614]
a: [3,1141,1,2,1,1135]
s: 1141
i: [1,401,0,5,2,0,0,1] fc2_card_1
s: 401
i: [1,405,0,5,2,0,0,2] rc1_subset_1
s: 405
d: [2,1137,1,2,1,1,40,445,694]
a: [3,1146,1,2,1,1137]
s: 1146
i: [1,407,0,5,2,0,0,255] rc5_subset_1
s: 407
d: [2,1148,1,2,1,1,40,446,614]
a: [3,1154,1,2,1,1148]
s: 1154
i: [1,408,0,5,2,0,0,255] rc5_subset_1
s: 408
i: [1,410,0,5,2,0,0,2] rc2_finset_1
s: 410
d: [2,1150,1,2,1,1,40,446,694]
a: [3,1159,1,2,1,1150]
s: 1159
i: [1,411,0,5,2,0,0,2] rc2_finset_1
s: 411
d: [2,1161,1,2,1,1,40,447,614]
a: [3,1167,1,2,1,1161]
s: 1167
i: [1,435,0,5,2,0,0,255] rc6_card_1
s: 435
i: [1,436,0,5,2,0,0,255] rc6_card_1
s: 436
d: [2,1163,1,2,1,1,40,447,694]
a: [3,1172,1,2,1,1163]
s: 1172
i: [1,438,0,5,2,0,0,255] fc31_finset_1
s: 438
d: [2,1174,1,2,1,1,40,448,614]
a: [3,1180,1,2,1,1174]
s: 1180
i: [1,439,0,5,2,0,0,2] fc17_finset_1
s: 439
i: [1,440,0,5,2,0,0,1] fc6_card_1
s: 440
d: [2,1176,1,2,1,1,40,448,694]
a: [3,1185,1,2,1,1176]
s: 1185
i: [1,441,0,5,2,0,0,1] fc6_card_1
s: 441
d: [2,1190,1,2,1,1,40,449,694]
a: [3,1195,1,2,1,1190]
s: 1195
i: [1,452,0,5,2,0,0,255] t6_boole
s: 452
i: [1,453,0,5,2,0,0,255] cc8_card_1
s: 453
d: [2,1197,1,2,1,1,40,450,614]
a: [3,1203,1,2,1,1197]
s: 1203
i: [1,454,0,5,2,0,0,1] fc1_card_1
s: 454
d: [2,1199,1,2,1,1,40,450,694]
a: [3,1208,1,2,1,1199]
s: 1208
i: [1,455,0,5,2,0,0,1] fc1_card_1
s: 455
i: [1,459,0,5,2,0,0,255] cc7_card_1
s: 459
d: [2,1210,1,2,1,1,40,451,614]
a: [3,1216,1,2,1,1210]
s: 1216
i: [1,460,0,5,2,0,0,255] cc9_card_1
s: 460
d: [2,1212,1,2,1,1,40,451,694]
a: [3,1221,1,2,1,1212]
s: 1221
i: [1,461,0,5,2,0,0,255] cc9_card_1
s: 461
i: [1,462,0,5,2,0,0,255] cc8_ordinal1
s: 462
d: [2,1315,1,2,1,1,40,462,946]
a: [3,1321,1,2,1,1315]
s: 1321
i: [1,463,0,5,2,0,0,255] cc4_card_1
s: 463
d: [2,967,2,2,1,1,40,959,388]
a: [3,971,2,2,1,967]
s: 971
i: [1,496,0,5,2,0,0,1] t7_boole
s: 496
i: [1,500,0,5,1,0,0,2] rc2_subset_1
s: 500
d: [2,1357,1,2,1,1,40,496,579]
a: [3,1361,1,2,1,1357]
s: 1361
i: [1,502,0,5,1,0,0,255] rc3_subset_1
s: 502
d: [2,1019,2,2,1,1,40,429,986]
a: [3,1037,2,2,1,1019]
s: 1037
i: [1,384,0,6,1,0,0,255] projectivity_k1_card_1
s: 384
i: [1,386,0,6,2,0,0,255] rc3_setfam_1
s: 386
d: [2,1369,1,5,2,0,40,386,463]
a: [3,1378,1,2,1,1369]
s: 1378
i: [1,413,0,6,2,0,0,255] rc7_card_1
s: 413
d: [2,1022,2,2,1,1,40,429,991]
a: [3,1047,2,2,1,1022]
s: 1047
i: [1,415,0,6,2,0,0,255] rc4_subset_1
s: 415
i: [1,434,0,6,2,0,0,255] rc5_card_1
s: 434
d: [2,1051,2,2,1,1,40,430,986]
a: [3,1069,2,2,1,1051]
s: 1069
i: [1,437,0,6,2,0,0,255] rc6_card_1
s: 437
d: [2,1054,2,2,1,1,40,430,991]
a: [3,1079,2,2,1,1054]
s: 1079
i: [1,465,0,6,3,0,0,255] cc2_finsub_1
s: 465
i: [1,466,0,6,3,0,0,255] cc2_ordinal1
s: 466
d: [2,1235,2,2,1,1,40,1095,430]
a: [3,1240,2,2,1,1235]
s: 1240
i: [1,470,0,6,3,0,0,255] cc6_card_1
s: 470
d: [2,1447,1,4,2,1,40,470,739]
a: [3,1454,1,2,1,1447]
s: 1454
i: [1,492,0,6,2,0,0,1] t1_subset
s: 492
i: [1,506,0,6,2,0,0,255] symmetry_r2_wellord2
s: 506
d: [2,1484,1,4,1,1,40,492,579]
a: [3,1488,1,4,1,1484]
s: 1488
i: [1,507,0,6,2,0,0,1] antisymmetry_r2_hidden
s: 507
d: [2,1491,1,4,1,1,40,507,579]
a: [3,1495,1,4,1,1491]
s: 1495
i: [1,512,0,6,2,0,0,255] redefinition_r2_wellord2
s: 512
i: [1,513,0,6,2,0,0,255] redefinition_r2_wellord2
s: 513
d: [2,1448,1,4,2,1,40,470,754]
a: [3,1463,1,2,1,1448]
s: 1463
i: [1,389,0,7,2,0,0,255] rc6_subset_1
s: 389
d: [2,1449,1,4,2,1,40,470,804]
a: [3,1472,1,2,1,1449]
s: 1472
i: [1,391,0,7,2,0,0,255] rc7_finset_1
s: 391
i: [1,398,0,7,2,0,0,2] rc4_card_1
s: 398
d: [2,1450,1,4,2,1,40,470,829]
d: [2,1478,1,2,1,2,21,1450,834]
a: [3,1482,1,2,1,1478]
s: 1482
i: [1,404,0,7,2,0,0,2] rc1_subset_1
s: 404
d: [2,1236,2,2,1,1,40,1095,429]
a: [3,1245,2,2,1,1236]
s: 1245
i: [1,406,0,7,2,0,0,255] rc5_subset_1
s: 406
i: [1,409,0,7,2,0,0,2] rc2_finset_1
s: 409
d: [2,1260,2,2,1,1,40,1167,430]
a: [3,1265,2,2,1,1260]
s: 1265
i: [1,412,0,7,2,0,0,255] rc7_card_1
s: 412
d: [2,1261,2,2,1,1,40,1167,429]
a: [3,1270,2,2,1,1261]
s: 1270
i: [1,414,0,7,2,0,0,255] rc4_subset_1
s: 414
i: [1,419,0,7,3,0,0,255] cc8_funct_1
s: 419
d: [2,1504,2,5,2,1,40,419,1488]
a: [3,1524,2,2,1,1504]
s: 1524
i: [1,420,0,7,3,0,0,255] cc8_funct_1
s: 420
d: [2,1505,1,4,2,1,40,419,649]
a: [3,1533,1,2,1,1505]
s: 1533
i: [1,422,0,7,3,0,0,255] cc7_finset_1
s: 422
i: [1,432,0,7,3,0,0,1] cc5_ordinal1
s: 432
d: [2,1581,2,5,2,1,40,422,1488]
a: [3,1601,2,2,1,1581]
s: 1601
i: [1,464,0,7,3,0,0,255] cc10_card_1
s: 464
d: [2,1625,2,5,2,1,40,432,1488]
d: [2,1642,2,3,1,2,21,1625,1090]
a: [3,1646,2,3,1,1642]
s: 1646
i: [1,494,0,7,2,0,0,255] t3_subset
s: 494
i: [1,495,0,7,3,0,0,255] t8_boole
s: 495
d: [2,1657,3,3,1,1,40,1646,430]
a: [3,1662,3,3,1,1657]
s: 1662
i: [1,570,0,7,2,0,0,255] d2_card_1
s: 570
d: [2,1658,3,3,1,1,40,1646,429]
a: [3,1667,3,3,1,1658]
s: 1667
d: [2,1674,0,4,1,0,21,570,383]
s: 1674
i: [1,418,0,8,3,0,0,255] cc10_ordinal1
s: 418
d: [2,1506,1,4,2,1,40,419,946]
a: [3,1542,1,2,1,1506]
s: 1542
i: [1,421,0,8,3,0,0,255] cc9_funct_1
s: 421
d: [2,1679,1,4,2,1,40,418,1227]
a: [3,1695,1,2,1,1679]
s: 1695
i: [1,423,0,8,3,0,0,255] cc8_finset_1
s: 423
i: [1,428,0,8,3,0,0,255] cc5_subset_1
s: 428
d: [2,1582,1,4,2,1,40,422,649]
a: [3,1610,1,2,1,1582]
s: 1610
i: [1,442,0,8,3,0,0,2] cc2_finset_1
s: 442
d: [2,1750,1,4,2,1,40,442,1227]
d: [2,1763,1,2,1,2,21,1750,594]
a: [3,1767,1,2,1,1763]
s: 1767
i: [1,456,0,8,3,0,0,2] cc1_subset_1
s: 456
i: [1,458,0,8,3,0,0,255] cc2_relat_1
s: 458
d: [2,1770,1,4,2,1,40,456,1227]
d: [2,1783,1,2,1,2,21,1770,644]
a: [3,1787,1,2,1,1783]
s: 1787
i: [1,469,0,8,4,0,0,255] cc6_funct_1
s: 469
d: [2,1791,1,4,2,1,40,458,1227]
a: [3,1807,1,2,1,1791]
s: 1807
i: [1,477,0,8,4,0,0,255] cc4_funct_1
s: 477
d: [2,1924,0,6,3,0,21,477,450]
d: [2,1925,0,4,2,0,21,1924,451]
s: 1925
d: [2,1812,1,6,3,1,40,469,774]
d: [2,1837,1,4,2,2,21,1812,779]
a: [3,1841,1,2,1,1837]
s: 1841
i: [1,481,0,8,4,0,0,255] cc5_funct_1
s: 481
d: [2,1813,1,6,3,1,40,469,789]
d: [2,1847,1,4,2,2,21,1813,794]
a: [3,1851,1,2,1,1847]
s: 1851
i: [1,488,0,8,4,0,0,255] cc3_funcop_1
s: 488
d: [2,1932,0,6,3,0,21,488,450]
d: [2,1933,0,4,2,0,21,1932,451]
s: 1933
d: [2,1814,1,6,3,1,40,469,809]
d: [2,1857,1,4,2,2,21,1814,814]
a: [3,1861,1,2,1,1857]
s: 1861
i: [1,493,0,8,3,0,0,1] t2_subset
s: 493
d: [2,1815,1,6,3,1,40,469,854]
d: [2,1867,1,4,2,2,21,1815,859]
a: [3,1871,1,2,1,1867]
s: 1871
i: [1,457,0,9,3,0,0,255] cc4_subset_1
s: 457
i: [1,491,0,9,3,0,0,255] d2_card_1
s: 491
d: [2,2018,4,7,3,1,44,1667,491]
s: 2018
i: [1,498,0,9,3,0,0,1] t5_subset
s: 498
d: [2,2019,4,7,3,1,44,1662,491]
s: 2019
i: [1,489,0,10,4,0,0,255] cc3_funct_1
s: 489
i: [1,497,0,10,3,0,0,1] t4_subset
s: 497
d: [2,2023,1,8,3,1,44,579,491]
s: 2023
i: [1,402,0,11,4,0,0,255] cc3_subset_1
s: 402
d: [2,2079,2,5,2,1,40,2023,505]
d: [2,2081,2,2,1,2,21,2079,574]
a: [3,2085,2,2,1,2081]
s: 2085
i: [1,403,0,11,4,0,0,255] cc2_subset_1
s: 403
i: [1,431,0,12,4,0,0,1] t43_card_3
s: 431
d: [2,1816,1,6,3,1,40,469,864]
d: [2,1877,1,4,2,2,21,1816,869]
a: [3,1881,1,2,1,1877]
s: 1881
i: [1,511,0,14,4,0,0,255] existence_m2_subset_1
s: 511
d: [2,1817,1,6,3,1,40,469,879]
d: [2,1887,1,4,2,2,21,1817,874]
d: [2,1888,1,2,1,3,21,1887,884]
a: [3,1892,1,2,1,1888]
s: 1892
d: [2,2113,0,12,3,0,21,511,456]
s: 2113
i: [1,508,0,15,5,0,0,255] dt_m2_subset_1
s: 508
d: [2,1818,1,6,3,1,40,469,889]
d: [2,1894,1,4,2,2,21,1818,894]
a: [3,1898,1,2,1,1894]
s: 1898
d: [2,2114,0,13,4,0,21,508,456]
s: 2114
d: [2,1819,1,6,3,1,40,469,899]
d: [2,1904,1,4,2,2,21,1819,904]
a: [3,1908,1,2,1,1904]
s: 1908
i: [1,509,0,15,5,0,0,255] redefinition_m2_subset_1
s: 509
d: [2,2118,0,13,4,0,21,509,456]
s: 2118
d: [2,1820,1,6,3,1,40,469,914]
d: [2,1914,1,4,2,2,21,1820,919]
a: [3,1918,1,2,1,1914]
s: 1918
i: [1,510,0,15,5,0,0,255] redefinition_m2_subset_1
s: 510
d: [2,1935,1,2,1,1,40,1933,614]
a: [3,1941,1,2,1,1935]
s: 1941
d: [2,2122,0,13,4,0,21,510,456]
s: 2122
d: [2,1937,1,2,1,1,40,1933,694]
a: [3,1946,1,2,1,1937]
s: 1946
d: [2,2021,2,8,3,1,44,1495,491]
s: 2021
d: [2,949,1,3,1,0,40,385,501]
s: 949
d: [2,2022,2,8,3,1,44,1488,491]
s: 2022
d: [2,973,1,3,1,0,40,416,382]
s: 973
d: [2,974,1,3,1,0,40,417,382]
s: 974
d: [2,1272,2,2,1,1,40,1172,430]
a: [3,1277,2,2,1,1272]
s: 1277
d: [2,1081,1,3,1,0,40,433,383]
s: 1081
r: 1646
d: [2,1273,2,2,1,1,40,1172,429]
a: [3,1282,2,2,1,1273]
s: 1282
d: [2,1098,1,3,1,0,40,443,501]
s: 1098
d: [2,1111,1,3,1,0,40,444,501]
s: 1111
d: [2,1328,2,2,1,1,40,1321,426]
a: [3,1334,2,2,1,1328]
s: 1334
d: [2,1136,1,3,1,0,40,445,501]
s: 1136
d: [2,1329,2,2,1,1,40,1321,425]
a: [3,1339,2,2,1,1329]
s: 1339
d: [2,1149,1,3,1,0,40,446,501]
s: 1149
d: [2,1162,1,3,1,0,40,447,501]
s: 1162
d: [2,1330,2,2,1,1,40,1321,424]
a: [3,1344,2,2,1,1330]
s: 1344
d: [2,1175,1,3,1,0,40,448,501]
s: 1175
d: [2,1385,2,2,1,1,40,1378,388]
a: [3,1389,2,2,1,1385]
s: 1389
d: [2,2175,3,0,0,2,52,594,1389,394]
e: 2175
d: [2,2176,3,2,1,1,40,1389,394]
d: [2,2178,3,0,0,2,21,2176,594]
e: 2178
r: 1378
r: 1389
a: [3,1377,1,2,1,1369]
s: 1377
d: [2,1731,1,4,2,1,40,428,1227]
a: [3,1747,1,2,1,1731]
s: 1747
a: [3,1388,2,2,1,1385]
s: 1388
d: [2,1189,1,3,1,0,40,449,501]
s: 1189
d: [2,1809,2,6,3,1,40,469,1203]
d: [2,1822,2,4,2,2,21,1809,1216]
d: [2,1823,2,2,1,3,21,1822,965]
a: [3,1827,2,2,1,1823]
s: 1827
d: [2,1198,1,3,1,0,40,450,501]
s: 1198
d: [2,1211,1,3,1,0,40,451,501]
s: 1211
d: [2,1811,2,6,3,1,40,469,1208]
d: [2,1830,2,4,2,2,21,1811,1221]
d: [2,1831,2,2,1,3,21,1830,971]
a: [3,1835,2,2,1,1831]
s: 1835
d: [2,1317,1,3,1,0,40,462,499]
a: [3,1326,1,3,1,1317]
s: 1326
d: [2,975,3,2,1,1,40,965,394]
a: [3,979,3,2,1,975]
s: 979
d: [2,1348,1,3,1,0,40,463,499]
a: [3,1354,1,3,1,1348]
s: 1354
a: [3,1374,1,3,1,1369]
s: 1374
d: [2,2162,3,2,1,1,40,1344,430]
a: [3,2167,3,2,1,2162]
s: 2167
d: [2,1370,1,5,2,0,40,386,462]
a: [3,1383,1,3,1,1370]
s: 1383
d: [2,2163,3,2,1,1,40,1344,429]
a: [3,2172,3,2,1,2163]
s: 2172
d: [2,1393,1,5,2,0,40,434,459]
d: [2,1396,1,3,1,1,21,1393,1180]
a: [3,1400,1,3,1,1396]
s: 1400
d: [2,1394,1,5,2,0,40,434,461]
a: [3,1405,1,3,1,1394]
s: 1405
d: [2,1395,1,5,2,0,40,434,460]
a: [3,1410,1,3,1,1395]
s: 1410
d: [2,1412,1,5,2,0,40,437,459]
d: [2,1415,1,3,1,1,21,1412,1180]
a: [3,1419,1,3,1,1415]
s: 1419
d: [2,1413,1,5,2,0,40,437,461]
a: [3,1424,1,3,1,1413]
s: 1424
d: [2,1414,1,5,2,0,40,437,460]
a: [3,1429,1,3,1,1414]
s: 1429
d: [2,1497,1,3,1,0,40,512,505]
s: 1497
d: [2,1507,1,5,2,1,40,419,1227]
a: [3,1547,1,3,1,1507]
s: 1547
d: [2,1584,1,5,2,1,40,422,1227]
d: [2,1617,1,3,1,2,21,1584,594]
a: [3,1621,1,3,1,1617]
s: 1621
d: [2,1928,1,3,1,0,40,1925,501]
s: 1928
d: [2,1936,1,3,1,0,40,1933,501]
s: 1936
d: [2,1950,1,5,2,1,40,493,649]
d: [2,1967,1,3,1,2,21,1950,1787]
a: [3,1971,1,3,1,1967]
s: 1971
d: [2,1951,1,5,2,1,40,493,946]
d: [2,1973,1,3,1,2,21,1951,644]
a: [3,1977,1,3,1,1973]
s: 1977
d: [2,1953,1,5,2,1,40,493,629]
d: [2,1985,1,3,1,2,21,1953,644]
a: [3,1989,1,3,1,1985]
s: 1989
d: [2,2145,2,3,1,0,40,949,388]
s: 2145
d: [2,1675,1,4,1,0,40,1674,512]
s: 1675
d: [2,1676,1,4,1,0,40,1674,506]
s: 1676
d: [2,2150,2,3,1,0,40,1081,430]
s: 2150
r: 1662
d: [2,1952,1,7,2,1,40,493,1227]
d: [2,1979,1,4,1,1,21,1952,381]
a: [3,1983,1,4,1,1979]
s: 1983
d: [2,2151,2,3,1,0,40,1081,429]
s: 2151
r: 1667
d: [2,1253,1,5,2,0,40,408,394]
s: 1253
d: [2,1290,1,5,2,1,44,629,452]
s: 1290
d: [2,2157,2,3,1,0,40,1149,426]
s: 2157
d: [2,1302,1,5,2,0,40,454,385]
s: 1302
d: [2,2158,2,3,1,0,40,1149,425]
s: 2158
d: [2,1303,1,5,2,0,40,454,443]
s: 1303
d: [2,1304,1,5,2,0,40,454,444]
s: 1304
d: [2,2159,2,3,1,0,40,1149,424]
s: 2159
d: [2,1305,1,5,2,0,40,454,445]
s: 1305
d: [2,2160,2,3,1,0,40,1162,430]
s: 2160
d: [2,1306,1,5,2,0,40,454,446]
s: 1306
d: [2,1307,1,5,2,0,40,454,447]
s: 1307
d: [2,2161,2,3,1,0,40,1162,429]
s: 2161
d: [2,1309,1,5,2,0,40,454,449]
s: 1309
d: [2,2184,2,3,1,1,40,1326,425]
a: [3,2190,2,3,1,2184]
s: 2190
d: [2,1310,1,5,2,0,40,454,450]
s: 1310
d: [2,1311,1,5,2,0,40,454,451]
s: 1311
d: [2,2185,2,3,1,1,40,1326,424]
a: [3,2195,2,3,1,2185]
s: 2195
d: [2,1391,1,5,2,0,40,413,461]
s: 1391
d: [2,2200,2,6,2,1,40,1374,470]
a: [3,2203,2,3,1,2200]
s: 2203
d: [2,1392,1,5,2,0,40,413,460]
s: 1392
d: [2,1518,1,5,2,0,40,419,499]
s: 1518
d: [2,2208,2,3,1,1,40,1383,425]
a: [3,2213,2,3,1,2208]
s: 2213
d: [2,1567,1,5,2,0,40,420,499]
s: 1567
d: [2,2216,2,3,1,1,40,1400,385]
a: [3,2232,2,3,1,2216]
s: 2232
d: [2,1595,1,5,2,0,40,422,499]
s: 1595
d: [2,1589,1,8,3,0,40,422,398]
d: [2,1624,1,5,2,0,21,1589,399]
s: 1624
d: [2,2217,2,3,1,1,40,1400,443]
a: [3,2237,2,3,1,2217]
s: 2237
d: [2,1639,1,5,2,0,40,432,499]
s: 1639
d: [2,2218,2,3,1,1,40,1400,444]
a: [3,2242,2,3,1,2218]
s: 2242
d: [2,1690,1,5,2,0,40,418,500]
s: 1690
d: [2,1691,1,5,2,0,40,418,502]
s: 1691
d: [2,2219,2,3,1,1,40,1400,445]
a: [3,2247,2,3,1,2219]
s: 2247
d: [2,1713,1,5,2,0,40,421,500]
s: 1713
d: [2,2220,2,3,1,1,40,1400,446]
a: [3,2252,2,3,1,2220]
s: 2252
d: [2,1714,1,5,2,0,40,421,502]
s: 1714
d: [2,1727,1,5,2,0,40,423,500]
s: 1727
d: [2,2221,2,3,1,1,40,1400,447]
a: [3,2257,2,3,1,2221]
s: 2257
d: [2,1728,1,5,2,0,40,423,502]
s: 1728
d: [2,2222,2,3,1,1,40,1400,448]
a: [3,2262,2,3,1,2222]
s: 2262
d: [2,1742,1,5,2,0,40,428,500]
s: 1742
d: [2,1743,1,5,2,0,40,428,502]
s: 1743
d: [2,2223,2,3,1,1,40,1400,449]
a: [3,2267,2,3,1,2223]
s: 2267
d: [2,1761,1,5,2,0,40,442,500]
s: 1761
d: [2,2224,2,3,1,1,40,1400,450]
a: [3,2272,2,3,1,2224]
s: 2272
d: [2,1762,1,5,2,0,40,442,502]
s: 1762
d: [2,1782,1,5,2,0,40,456,502]
s: 1782
d: [2,2225,2,3,1,1,40,1400,451]
a: [3,2277,2,3,1,2225]
s: 2277
d: [2,1771,1,9,3,0,40,456,386]
d: [2,1789,1,5,2,0,21,1771,387]
s: 1789
d: [2,2226,2,3,1,1,40,1400,1925]
a: [3,2282,2,3,1,2226]
s: 2282
d: [2,1802,1,5,2,0,40,458,500]
s: 1802
d: [2,1803,1,5,2,0,40,458,502]
s: 1803
d: [2,2227,2,3,1,1,40,1400,1933]
a: [3,2287,2,3,1,2227]
s: 2287
d: [2,1926,1,5,2,0,40,1925,454]
s: 1926
d: [2,2289,2,3,1,1,40,1405,394]
a: [3,2293,2,3,1,2289]
s: 2293
d: [2,1934,1,5,2,0,40,1933,454]
s: 1934
d: [2,1964,1,8,2,0,40,493,500]
d: [2,2000,1,5,1,0,21,1964,381]
s: 2000
d: [2,2295,2,3,1,1,40,1419,385]
a: [3,2311,2,3,1,2295]
s: 2311
d: [2,1965,1,8,2,0,40,493,502]
d: [2,2001,1,5,1,0,21,1965,381]
s: 2001
d: [2,2296,2,3,1,1,40,1419,443]
a: [3,2316,2,3,1,2296]
s: 2316
d: [2,2100,1,9,3,0,40,402,502]
d: [2,2108,1,5,2,0,21,2100,503]
s: 2108
d: [2,1519,1,6,2,0,40,419,500]
s: 1519
d: [2,2297,2,3,1,1,40,1419,444]
a: [3,2321,2,3,1,2297]
s: 2321
d: [2,1520,1,6,2,0,40,419,502]
s: 1520
d: [2,2298,2,3,1,1,40,1419,445]
a: [3,2326,2,3,1,2298]
s: 2326
d: [2,1568,1,6,2,0,40,420,500]
s: 1568
d: [2,1569,1,6,2,0,40,420,502]
s: 1569
d: [2,2299,2,3,1,1,40,1419,446]
a: [3,2331,2,3,1,2299]
s: 2331
d: [2,1596,1,6,2,0,40,422,500]
s: 1596
d: [2,2300,2,3,1,1,40,1419,447]
a: [3,2336,2,3,1,2300]
s: 2336
d: [2,1597,1,6,2,0,40,422,502]
s: 1597
d: [2,1640,1,6,2,0,40,432,500]
s: 1640
d: [2,2301,2,3,1,1,40,1419,448]
a: [3,2341,2,3,1,2301]
s: 2341
d: [2,1641,1,6,2,0,40,432,502]
s: 1641
d: [2,2302,2,3,1,1,40,1419,449]
a: [3,2346,2,3,1,2302]
s: 2346
d: [2,1689,1,6,2,0,40,418,499]
s: 1689
d: [2,1712,1,6,2,0,40,421,499]
s: 1712
d: [2,2303,2,3,1,1,40,1419,450]
a: [3,2351,2,3,1,2303]
s: 2351
d: [2,1726,1,6,2,0,40,423,499]
s: 1726
d: [2,2304,2,3,1,1,40,1419,451]
a: [3,2356,2,3,1,2304]
s: 2356
d: [2,1741,1,6,2,0,40,428,499]
s: 1741
d: [2,1760,1,6,2,0,40,442,499]
s: 1760
d: [2,2305,2,3,1,1,40,1419,1925]
a: [3,2361,2,3,1,2305]
s: 2361
d: [2,1780,1,6,2,0,40,456,499]
s: 1780
d: [2,2306,2,3,1,1,40,1419,1933]
a: [3,2366,2,3,1,2306]
s: 2366
d: [2,1801,1,6,2,0,40,458,499]
s: 1801
d: [2,1963,1,6,2,0,40,493,499]
s: 1963
d: [2,2368,2,3,1,1,40,1424,394]
a: [3,2372,2,3,1,2368]
s: 2372
d: [2,1954,1,8,3,0,40,493,386]
d: [2,1991,1,6,2,0,21,1954,385]
s: 1991
d: [2,2376,2,3,1,1,40,1971,507]
a: [3,2382,2,3,1,2376]
s: 2382
d: [2,2014,1,6,2,0,40,457,500]
s: 2014
d: [2,2047,1,6,2,0,40,498,500]
s: 2047
d: [2,2384,2,3,1,1,40,1977,507]
a: [3,2390,2,3,1,2384]
s: 2390
d: [2,2048,1,6,2,0,40,498,502]
s: 2048
d: [2,2392,2,3,1,1,40,1989,507]
a: [3,2399,2,3,1,2392]
s: 2399
d: [2,2066,1,6,2,1,40,497,1227]
s: 2066
d: [2,2099,1,9,3,0,40,402,500]
d: [2,2107,1,6,2,0,21,2099,501]
s: 2107
d: [2,2642,2,3,1,2,40,2066,1989]
a: [3,2648,2,3,1,2642]
s: 2648
d: [2,1288,1,7,3,0,44,452,452]
s: 1288
d: [2,2457,3,3,1,1,40,2195,430]
a: [3,2462,3,3,1,2457]
s: 2462
d: [2,1299,1,7,3,0,44,453,452]
s: 1299
d: [2,1313,1,7,3,0,44,459,452]
s: 1313
d: [2,2458,3,3,1,1,40,2195,429]
a: [3,2467,3,3,1,2458]
s: 2467
d: [2,1509,1,7,3,0,40,419,386]
s: 1509
d: [2,2470,3,3,1,1,40,2203,430]
a: [3,2475,3,3,1,2470]
s: 2475
d: [2,1558,1,7,3,0,40,420,386]
s: 1558
d: [2,1586,1,7,3,0,40,422,386]
s: 1586
d: [2,2471,3,3,1,1,40,2203,429]
a: [3,2480,3,3,1,2471]
s: 2480
d: [2,1630,1,7,3,0,40,432,386]
s: 1630
d: [2,2485,3,3,1,1,40,2232,388]
a: [3,2490,3,3,1,2485]
s: 2490
d: [2,1678,1,7,3,0,40,418,494]
s: 1678
d: [2,1681,1,7,3,0,40,418,389]
s: 1681
d: [2,2506,3,3,1,1,40,2257,430]
a: [3,2512,3,3,1,2506]
s: 2512
d: [2,1682,1,7,3,0,40,418,391]
s: 1682
d: [2,2507,3,3,1,1,40,2257,429]
a: [3,2517,3,3,1,2507]
s: 2517
d: [2,1683,1,7,3,0,40,418,398]
s: 1683
d: [2,1684,1,7,3,0,40,418,404]
s: 1684
d: [2,2546,3,6,2,1,40,2293,470]
a: [3,2550,3,3,1,2546]
s: 2550
d: [2,1685,1,7,3,0,40,418,406]
s: 1685
d: [2,2561,3,3,1,1,40,2311,388]
a: [3,2566,3,3,1,2561]
s: 2566
d: [2,1686,1,7,3,0,40,418,409]
s: 1686
d: [2,1687,1,7,3,0,40,418,412]
s: 1687
d: [2,2582,3,3,1,1,40,2336,430]
a: [3,2588,3,3,1,2582]
s: 2588
d: [2,1688,1,7,3,0,40,418,414]
s: 1688
d: [2,2583,3,3,1,1,40,2336,429]
a: [3,2593,3,3,1,2583]
s: 2593
d: [2,1701,1,7,3,0,40,421,494]
s: 1701
d: [2,1704,1,7,3,0,40,421,389]
s: 1704
d: [2,2623,3,6,2,1,40,2372,470]
a: [3,2627,3,3,1,2623]
s: 2627
d: [2,1705,1,7,3,0,40,421,391]
s: 1705
d: [2,2663,3,5,2,1,40,2648,493]
d: [2,2669,3,3,1,2,21,2663,1787]
a: [3,2673,3,3,1,2669]
s: 2673
d: [2,1706,1,7,3,0,40,421,398]
s: 1706
d: [2,1707,1,7,3,0,40,421,404]
s: 1707
d: [2,2708,4,3,1,1,40,2673,507]
a: [3,2715,4,3,1,2708]
s: 2715
d: [2,1708,1,7,3,0,40,421,406]
s: 1708
d: [2,2405,2,4,1,0,40,1676,512]
s: 2405
d: [2,1709,1,7,3,0,40,421,409]
s: 1709
d: [2,1710,1,7,3,0,40,421,412]
s: 1710
d: [2,2412,2,4,1,1,40,1983,507]
a: [3,2418,2,4,1,2412]
s: 2418
d: [2,1711,1,7,3,0,40,421,414]
s: 1711
d: [2,2643,2,6,2,1,40,2066,1991]
d: [2,2650,2,4,1,2,21,2643,1377]
a: [3,2654,2,4,1,2650]
s: 2654
d: [2,1715,1,7,3,0,40,423,494]
s: 1715
d: [2,1718,1,7,3,0,40,423,389]
s: 1718
d: [2,2644,2,6,2,1,40,2066,1963]
d: [2,2656,2,4,1,2,21,2644,644]
a: [3,2660,2,4,1,2656]
s: 2660
d: [2,1719,1,7,3,0,40,423,391]
s: 1719
d: [2,1292,3,4,2,1,44,965,452]
s: 1292
d: [2,1720,1,7,3,0,40,423,398]
s: 1720
d: [2,1721,1,7,3,0,40,423,404]
s: 1721
d: [2,1502,3,4,2,1,44,1265,452]
s: 1502
d: [2,1722,1,7,3,0,40,423,406]
s: 1722
d: [2,1503,3,4,2,1,44,1270,452]
s: 1503
d: [2,1723,1,7,3,0,40,423,409]
s: 1723
d: [2,1724,1,7,3,0,40,423,412]
s: 1724
d: [2,2721,3,6,2,1,40,2654,493]
d: [2,2726,3,4,1,2,21,2721,1787]
a: [3,2730,3,4,1,2726]
s: 2730
d: [2,1725,1,7,3,0,40,423,414]
s: 1725
d: [2,2733,3,6,2,1,40,2660,493]
d: [2,2738,3,4,1,2,21,2733,1787]
a: [3,2742,3,4,1,2738]
s: 2742
d: [2,1730,1,7,3,0,40,428,494]
s: 1730
d: [2,1736,1,7,3,0,40,428,404]
s: 1736
d: [2,2768,4,4,1,1,40,2730,507]
a: [3,2774,4,4,1,2768]
s: 2774
d: [2,1738,1,7,3,0,40,428,409]
s: 1738
d: [2,2776,4,4,1,1,40,2742,507]
a: [3,2782,4,4,1,2776]
s: 2782
d: [2,1739,1,7,3,0,40,428,412]
s: 1739
d: [2,1740,1,7,3,0,40,428,414]
s: 1740
d: [2,2228,2,5,2,1,44,1400,452]
s: 2228
d: [2,1749,1,7,3,0,40,442,494]
s: 1749
d: [2,2307,2,5,2,1,44,1419,452]
s: 2307
d: [2,1752,1,7,3,0,40,442,389]
s: 1752
d: [2,1755,1,7,3,0,40,442,404]
s: 1755
d: [2,2395,2,5,2,1,44,1989,452]
s: 2395
d: [2,1756,1,7,3,0,40,442,406]
s: 1756
d: [2,2425,2,7,3,1,40,1290,493]
d: [2,2430,2,5,2,2,21,2425,644]
s: 2430
d: [2,1758,1,7,3,0,40,442,412]
s: 1758
d: [2,1759,1,7,3,0,40,442,414]
s: 1759
d: [2,2431,2,5,2,0,40,1302,388]
s: 2431
d: [2,1769,1,7,3,0,40,456,494]
s: 1769
d: [2,2441,2,5,2,0,40,1306,426]
s: 2441
d: [2,1772,1,7,3,0,40,456,389]
s: 1772
d: [2,1773,1,7,3,0,40,456,391]
s: 1773
d: [2,2469,2,5,2,0,40,1391,394]
s: 2469
r: 1758
d: [2,1790,1,7,3,0,40,458,494]
s: 1790
d: [2,2495,2,5,2,0,40,1639,430]
s: 2495
d: [2,1793,1,7,3,0,40,458,389]
s: 1793
d: [2,1794,1,7,3,0,40,458,391]
s: 1794
d: [2,2496,2,5,2,0,40,1639,429]
s: 2496
d: [2,1795,1,7,3,0,40,458,398]
s: 1795
d: [2,2521,2,5,2,0,40,1743,394]
s: 2521
d: [2,1796,1,7,3,0,40,458,404]
s: 1796
d: [2,1797,1,7,3,0,40,458,406]
s: 1797
d: [2,2528,2,5,2,0,40,1782,385]
s: 2528
d: [2,1798,1,7,3,0,40,458,409]
s: 1798
d: [2,2529,2,5,2,0,40,1782,443]
s: 2529
d: [2,1799,1,7,3,0,40,458,412]
s: 1799
d: [2,1800,1,7,3,0,40,458,414]
s: 1800
d: [2,2530,2,5,2,0,40,1782,444]
s: 2530
d: [2,1948,1,10,3,0,40,493,494]
d: [2,1966,1,7,2,0,21,1948,381]
s: 1966
d: [2,2531,2,5,2,0,40,1782,445]
s: 2531
d: [2,1955,1,10,3,0,40,493,389]
d: [2,1992,1,7,2,0,21,1955,381]
s: 1992
d: [2,1956,1,10,3,0,40,493,391]
d: [2,1993,1,7,2,0,21,1956,381]
s: 1993
d: [2,2532,2,5,2,0,40,1782,446]
s: 2532
d: [2,1957,1,10,3,0,40,493,398]
d: [2,1994,1,7,2,0,21,1957,381]
s: 1994
d: [2,2533,2,5,2,0,40,1782,447]
s: 2533
d: [2,1958,1,10,3,0,40,493,404]
d: [2,1995,1,7,2,0,21,1958,381]
s: 1995
d: [2,1959,1,10,3,0,40,493,406]
d: [2,1996,1,7,2,0,21,1959,381]
s: 1996
d: [2,2534,2,5,2,0,40,1782,448]
s: 2534
d: [2,1960,1,10,3,0,40,493,409]
d: [2,1997,1,7,2,0,21,1960,381]
s: 1997
d: [2,2535,2,5,2,0,40,1782,449]
s: 2535
d: [2,1961,1,10,3,0,40,493,412]
d: [2,1998,1,7,2,0,21,1961,381]
s: 1998
d: [2,1962,1,10,3,0,40,493,414]
d: [2,1999,1,7,2,0,21,1962,381]
s: 1999
d: [2,2536,2,5,2,0,40,1782,450]
s: 2536
d: [2,2013,1,7,2,0,40,457,499]
s: 2013
d: [2,2537,2,5,2,0,40,1782,451]
s: 2537
d: [2,2027,1,9,4,0,44,400,491]
d: [2,2032,1,7,3,0,21,2027,448]
s: 2032
d: [2,2046,1,7,2,0,40,498,499]
s: 2046
d: [2,2538,2,5,2,0,40,1782,1925]
s: 2538
d: [2,2063,1,7,3,0,40,489,500]
s: 2063
d: [2,2539,2,5,2,0,40,1782,1933]
s: 2539
d: [2,2064,1,7,3,0,40,489,502]
s: 2064
d: [2,2077,1,7,2,0,40,497,500]
s: 2077
d: [2,2541,2,5,2,0,40,1789,388]
s: 2541
d: [2,2078,1,7,2,0,40,497,502]
s: 2078
d: [2,2558,2,5,1,0,40,2000,507]
s: 2558
d: [2,2125,1,9,3,1,40,2122,1227]
d: [2,2138,1,7,2,2,21,2125,644]
s: 2138
d: [2,1440,1,8,3,0,40,470,440]
s: 1440
d: [2,2890,1,5,2,0,21,1440,1081]
s: 2890
d: [2,1441,1,8,3,0,40,470,439]
s: 1441
d: [2,2568,2,5,1,0,40,2001,507]
s: 2568
d: [2,1442,1,8,3,0,40,470,393]
s: 1442
d: [2,1443,1,8,3,0,40,470,411]
s: 1443
d: [2,2638,2,5,2,0,40,2048,1991]
s: 2638
d: [2,1510,1,8,3,0,40,419,389]
s: 1510
d: [2,2684,2,7,3,0,40,1313,434]
d: [2,2688,2,5,2,0,21,2684,448]
s: 2688
d: [2,1511,1,8,3,0,40,419,391]
s: 1511
d: [2,1512,1,8,3,0,40,419,398]
s: 1512
d: [2,2685,2,7,3,0,40,1313,437]
d: [2,2689,2,5,2,0,21,2685,448]
s: 2689
d: [2,1513,1,8,3,0,40,419,404]
s: 1513
d: [2,2486,3,5,2,1,44,2232,452]
s: 2486
d: [2,1514,1,8,3,0,40,419,406]
s: 1514
d: [2,1515,1,8,3,0,40,419,409]
s: 1515
d: [2,2494,3,5,2,1,44,2237,452]
s: 2494
d: [2,1516,1,8,3,0,40,419,412]
s: 1516
d: [2,2497,3,5,2,1,44,2242,452]
s: 2497
d: [2,1517,1,8,3,0,40,419,414]
s: 1517
d: [2,1559,1,8,3,0,40,420,389]
s: 1559
d: [2,2498,3,5,2,1,44,2247,452]
s: 2498
d: [2,1560,1,8,3,0,40,420,391]
s: 1560
d: [2,2502,3,5,2,1,44,2252,452]
s: 2502
d: [2,1561,1,8,3,0,40,420,398]
s: 1561
d: [2,1562,1,8,3,0,40,420,404]
s: 1562
d: [2,2508,3,5,2,1,44,2257,452]
s: 2508
d: [2,1563,1,8,3,0,40,420,406]
s: 1563
d: [2,2520,3,5,2,1,44,2262,452]
s: 2520
d: [2,1564,1,8,3,0,40,420,409]
s: 1564
d: [2,1565,1,8,3,0,40,420,412]
s: 1565
d: [2,2523,3,5,2,1,44,2267,452]
s: 2523
d: [2,1566,1,8,3,0,40,420,414]
s: 1566
d: [2,2525,3,5,2,1,44,2272,452]
s: 2525
d: [2,1587,1,8,3,0,40,422,389]
s: 1587
d: [2,1590,1,8,3,0,40,422,404]
s: 1590
d: [2,2540,3,5,2,1,44,2277,452]
s: 2540
d: [2,1591,1,8,3,0,40,422,406]
s: 1591
d: [2,2542,3,5,2,1,44,2282,452]
s: 2542
d: [2,1593,1,8,3,0,40,422,412]
s: 1593
d: [2,1594,1,8,3,0,40,422,414]
s: 1594
d: [2,2543,3,5,2,1,44,2287,452]
s: 2543
d: [2,1631,1,8,3,0,40,432,389]
s: 1631
d: [2,2562,3,5,2,1,44,2311,452]
s: 2562
d: [2,1632,1,8,3,0,40,432,391]
s: 1632
d: [2,1633,1,8,3,0,40,432,398]
s: 1633
d: [2,2571,3,5,2,1,44,2316,452]
s: 2571
d: [2,1634,1,8,3,0,40,432,404]
s: 1634
d: [2,2573,3,5,2,1,44,2321,452]
s: 2573
d: [2,1635,1,8,3,0,40,432,406]
s: 1635
d: [2,1636,1,8,3,0,40,432,409]
s: 1636
d: [2,2574,3,5,2,1,44,2326,452]
s: 2574
d: [2,1637,1,8,3,0,40,432,412]
s: 1637
d: [2,2578,3,5,2,1,44,2331,452]
s: 2578
d: [2,1638,1,8,3,0,40,432,414]
s: 1638
d: [2,1669,1,8,3,0,40,494,432]
s: 1669
d: [2,2913,2,5,2,0,40,1669,504]
s: 2913
d: [2,1670,1,8,3,0,40,494,422]
s: 1670
d: [2,2584,3,5,2,1,44,2336,452]
s: 2584
d: [2,1671,1,8,3,0,40,494,420]
s: 1671
d: [2,1672,1,8,3,0,40,494,419]
s: 1672
d: [2,2918,2,5,2,0,40,1671,504]
s: 2918
d: [2,1810,1,11,4,0,40,469,436]
d: [2,1829,1,8,3,0,21,1810,435]
s: 1829
d: [2,2920,2,5,2,1,40,1829,1424]
d: [2,2922,2,3,1,2,21,2920,1339]
a: [3,2926,2,3,1,2922]
s: 2926
d: [2,2002,1,8,3,0,40,457,494]
s: 2002
d: [2,2005,1,8,3,0,40,457,389]
s: 2005
d: [2,2919,2,5,2,0,40,1672,504]
s: 2919
d: [2,2006,1,8,3,0,40,457,391]
s: 2006
d: [2,2928,2,5,2,0,40,2002,504]
s: 2928
d: [2,2035,1,8,3,0,40,498,494]
s: 2035
d: [2,2038,1,8,3,0,40,498,389]
s: 2038
d: [2,2597,3,5,2,1,44,2341,452]
s: 2597
d: [2,2039,1,8,3,0,40,498,391]
s: 2039
d: [2,2599,3,5,2,1,44,2346,452]
s: 2599
d: [2,2062,1,8,3,0,40,489,499]
s: 2062
d: [2,2076,1,8,2,0,40,497,499]
s: 2076
d: [2,2601,3,5,2,1,44,2351,452]
s: 2601
d: [2,1680,1,9,3,0,40,418,386]
s: 1680
d: [2,2603,3,5,2,1,44,2356,452]
s: 2603
d: [2,1703,1,9,3,0,40,421,386]
s: 1703
d: [2,1717,1,9,3,0,40,423,386]
s: 1717
d: [2,2606,3,5,2,1,44,2361,452]
s: 2606
d: [2,1732,1,9,3,0,40,428,386]
s: 1732
d: [2,2619,3,5,2,1,44,2366,452]
s: 2619
d: [2,1751,1,9,3,0,40,442,386]
s: 1751
d: [2,1792,1,9,3,0,40,458,386]
s: 1792
d: [2,2668,3,5,2,1,44,2648,452]
s: 2668
d: [2,2025,1,9,3,0,44,384,491]
s: 2025
d: [2,2789,3,5,2,1,40,2228,385]
s: 2789
d: [2,2026,1,9,4,0,44,396,491]
s: 2026
d: [2,2028,1,9,4,0,44,440,491]
s: 2028
d: [2,2790,3,5,2,1,40,2228,443]
s: 2790
d: [2,2029,1,9,4,0,44,454,491]
s: 2029
d: [2,2791,3,5,2,1,40,2228,444]
s: 2791
d: [2,2051,1,9,4,0,40,489,494]
s: 2051
d: [2,2054,1,9,4,0,40,489,389]
s: 2054
d: [2,2792,3,5,2,1,40,2228,445]
s: 2792
d: [2,2055,1,9,4,0,40,489,391]
s: 2055
d: [2,2793,3,5,2,1,40,2228,446]
s: 2793
d: [2,2056,1,9,4,0,40,489,398]
s: 2056
d: [2,2057,1,9,4,0,40,489,404]
s: 2057
d: [2,2794,3,5,2,1,40,2228,447]
s: 2794
d: [2,2058,1,9,4,0,40,489,406]
s: 2058
d: [2,2795,3,5,2,1,40,2228,448]
s: 2795
d: [2,2059,1,9,4,0,40,489,409]
s: 2059
d: [2,2060,1,9,4,0,40,489,412]
s: 2060
d: [2,2796,3,5,2,1,40,2228,449]
s: 2796
d: [2,2061,1,9,4,0,40,489,414]
s: 2061
d: [2,2797,3,5,2,1,40,2228,450]
s: 2797
d: [2,2065,1,9,3,0,40,497,494]
s: 2065
d: [2,2068,1,9,3,0,40,497,389]
s: 2068
d: [2,2798,3,5,2,1,40,2228,451]
s: 2798
d: [2,2069,1,9,3,0,40,497,391]
s: 2069
d: [2,2802,3,5,2,1,40,2228,1925]
s: 2802
d: [2,2070,1,9,3,0,40,497,398]
s: 2070
d: [2,2071,1,9,3,0,40,497,404]
s: 2071
d: [2,2803,3,5,2,1,40,2228,1933]
s: 2803
d: [2,2072,1,9,3,0,40,497,406]
s: 2072
d: [2,2806,3,5,2,1,40,2307,385]
s: 2806
d: [2,2073,1,9,3,0,40,497,409]
s: 2073
d: [2,2074,1,9,3,0,40,497,412]
s: 2074
d: [2,2807,3,5,2,1,40,2307,443]
s: 2807
d: [2,2075,1,9,3,0,40,497,414]
s: 2075
d: [2,2808,3,5,2,1,40,2307,444]
s: 2808
d: [2,2096,1,11,4,0,40,402,412]
d: [2,2102,1,9,3,0,18,2096]
s: 2102
d: [2,2092,1,11,4,0,40,402,398]
d: [2,2106,1,9,3,0,21,2092,449]
s: 2106
d: [2,2809,3,5,2,1,40,2307,445]
s: 2809
d: [2,2004,1,10,3,0,40,457,386]
s: 2004
d: [2,2810,3,5,2,1,40,2307,446]
s: 2810
d: [2,2016,1,10,3,0,44,491,384]
s: 2016
d: [2,2031,1,10,3,0,44,384,491]
s: 2031
d: [2,2811,3,5,2,1,40,2307,447]
s: 2811
d: [2,2037,1,10,3,0,40,498,386]
s: 2037
d: [2,2812,3,5,2,1,40,2307,448]
s: 2812
d: [2,2087,1,10,4,0,40,402,494]
s: 2087
d: [2,2053,1,11,4,0,40,489,386]
s: 2053
d: [2,2813,3,5,2,1,40,2307,449]
s: 2813
d: [2,2067,1,11,3,0,40,497,386]
s: 2067
d: [2,2814,3,5,2,1,40,2307,450]
s: 2814
d: [2,2090,1,11,4,0,40,402,389]
s: 2090
d: [2,3038,1,9,3,1,21,2090,1292]
s: 3038
d: [2,2815,3,5,2,1,40,2307,451]
s: 2815
d: [2,2091,1,11,4,0,40,402,391]
s: 2091
d: [2,2819,3,5,2,1,40,2307,1925]
s: 2819
d: [2,3039,1,9,3,1,21,2091,1292]
s: 3039
d: [2,2098,1,11,3,0,40,402,499]
s: 2098
d: [2,2820,3,5,2,1,40,2307,1933]
s: 2820
d: [2,2116,1,17,5,0,40,2114,2113]
d: [2,2117,1,11,3,0,18,2116]
s: 2117
d: [2,2823,3,5,2,2,40,2395,2066]
s: 2823
d: [2,2120,1,17,5,0,40,2118,2113]
d: [2,2121,1,11,3,0,18,2120]
s: 2121
d: [2,2130,1,14,4,0,40,2122,404]
d: [2,2140,1,11,3,0,21,2130,405]
s: 2140
d: [2,2838,3,5,2,0,40,2528,388]
s: 2838
d: [2,2131,1,14,4,0,40,2122,406]
d: [2,2141,1,11,3,0,21,2131,407]
s: 2141
d: [2,2848,3,5,2,0,40,2532,426]
s: 2848
d: [2,2132,1,14,4,0,40,2122,409]
d: [2,2142,1,11,3,0,21,2132,410]
s: 2142
d: [2,2124,1,12,4,0,40,2122,494]
s: 2124
d: [2,2849,3,5,2,0,40,2532,425]
s: 2849
d: [2,2137,1,12,3,0,40,2122,502]
s: 2137
d: [2,2850,3,5,2,0,40,2532,424]
s: 2850
d: [2,2017,1,13,5,0,44,491,491]
s: 2017
d: [2,2109,1,14,4,0,44,431,384]
s: 2109
d: [2,2854,3,5,2,0,40,2533,430]
s: 2854
d: [2,3121,1,11,3,0,21,2109,1081]
s: 3121
d: [2,2855,3,5,2,0,40,2533,429]
s: 2855
d: [2,2111,1,14,4,0,44,431,384]
s: 2111
d: [2,3129,1,11,3,0,21,2111,1081]
s: 3129
d: [2,2883,3,5,2,0,40,2541,394]
s: 2883
d: [2,2127,1,14,4,0,40,2122,389]
s: 2127
d: [2,2697,4,5,2,1,44,2490,452]
s: 2697
d: [2,2128,1,14,4,0,40,2122,391]
s: 2128
d: [2,2129,1,14,4,0,40,2122,398]
s: 2129
d: [2,2700,4,5,2,1,44,2512,452]
s: 2700
d: [2,2133,1,14,4,0,40,2122,412]
s: 2133
d: [2,2701,4,5,2,1,44,2517,452]
s: 2701
d: [2,3155,1,11,3,0,21,2133,1392]
s: 3155
d: [2,2134,1,14,4,0,40,2122,414]
s: 2134
d: [2,2703,4,5,2,1,44,2566,452]
s: 2703
d: [2,2126,1,18,4,0,40,2122,386]
d: [2,2139,1,14,3,0,21,2126,387]
s: 2139
d: [2,2705,4,5,2,1,44,2588,452]
s: 2705
d: [2,2135,1,15,3,0,40,2122,499]
s: 2135
d: [2,2110,1,16,6,0,44,431,491]
s: 2110
d: [2,2706,4,5,2,1,44,2593,452]
s: 2706
d: [2,2112,1,16,6,0,44,431,491]
s: 2112
d: [2,3183,2,0,0,5,52,584,1090,589,505,574,579,2112]
e: 3183
f: 3183,1083,363,364,365,366
% Refutation found. Thanks to Tanya!
% SZS status Theorem for card_3__t44_card_3
% SZS output start Proof for card_3__t44_card_3
1. ! [X0] : (v3_ordinal1(X0) => ! [X1] : (v1_card_1(X1) => (r2_hidden(k1_card_1(X0),X1) => r2_hidden(X0,X1)))) [input t44_card_3]
2. ~! [X0] : (v3_ordinal1(X0) => ! [X1] : (v1_card_1(X1) => (r2_hidden(k1_card_1(X0),X1) => r2_hidden(X0,X1)))) [negated conjecture 1]
6. ! [X0] : (v1_card_1(X0) => v3_ordinal1(X0)) [input cc1_card_1]
57. ! [X0] : ! [X1] : (v1_card_1(X1) => (k1_card_1(X0) = X1 <=> r2_wellord2(X0,X1))) [input d2_card_1]
127. ! [X0,X1] : r2_wellord2(X0,X0) [input reflexivity_r2_wellord2]
135. ! [X0] : (v3_ordinal1(X0) => ! [X1] : (v3_ordinal1(X1) => (r2_hidden(k1_card_1(X0),k1_card_1(X1)) => r2_hidden(X0,X1)))) [input t43_card_3]
141. ! [X0,X1] : (v1_card_1(X1) => (k1_card_1(X0) = X1 <=> r2_wellord2(X0,X1))) [flattening 57]
150. ! [X0] : r2_wellord2(X0,X0) [rectify 127]
167. ? [X0] : (? [X1] : ((~r2_hidden(X0,X1) & r2_hidden(k1_card_1(X0),X1)) & v1_card_1(X1)) & v3_ordinal1(X0)) [ennf transformation 2]
168. ? [X0] : (? [X1] : (~r2_hidden(X0,X1) & r2_hidden(k1_card_1(X0),X1) & v1_card_1(X1)) & v3_ordinal1(X0)) [flattening 167]
200. ! [X0] : (! [X1] : ((r2_hidden(X0,X1) | ~r2_hidden(k1_card_1(X0),k1_card_1(X1))) | ~v3_ordinal1(X1)) | ~v3_ordinal1(X0)) [ennf transformation 135]
201. ! [X0] : (! [X1] : (r2_hidden(X0,X1) | ~r2_hidden(k1_card_1(X0),k1_card_1(X1)) | ~v3_ordinal1(X1)) | ~v3_ordinal1(X0)) [flattening 200]
203. ! [X0] : (v3_ordinal1(X0) | ~v1_card_1(X0)) [ennf transformation 6]
259. ! [X0,X1] : ((k1_card_1(X0) = X1 <=> r2_wellord2(X0,X1)) | ~v1_card_1(X1)) [ennf transformation 141]
277. ? [X0] : (? [X1] : (~r2_hidden(X0,X1) & r2_hidden(k1_card_1(X0),X1) & v1_card_1(X1)) & v3_ordinal1(X0)) => (? [X1] : (~r2_hidden(sK0,X1) & r2_hidden(k1_card_1(sK0),X1) & v1_card_1(X1)) & v3_ordinal1(sK0)) [choice axiom]
278. ? [X1] : (~r2_hidden(sK0,X1) & r2_hidden(k1_card_1(sK0),X1) & v1_card_1(X1)) => (~r2_hidden(sK0,sK1) & r2_hidden(k1_card_1(sK0),sK1) & v1_card_1(sK1)) [choice axiom]
279. (~r2_hidden(sK0,sK1) & r2_hidden(k1_card_1(sK0),sK1) & v1_card_1(sK1)) & v3_ordinal1(sK0) [skolemisation 168,278,277]
302. ! [X0,X1] : (((k1_card_1(X0) = X1 | ~r2_wellord2(X0,X1)) & (r2_wellord2(X0,X1) | k1_card_1(X0) != X1)) | ~v1_card_1(X1)) [nnf transformation 259]
363. v3_ordinal1(sK0) [cnf transformation 279] {a:0,w:2,wCS:200,goal:1,sine:0,thAx:0,allAx:3,thDist:-3}
364. v1_card_1(sK1) [cnf transformation 279] {a:0,w:2,wCS:200,goal:1,sine:0,thAx:0,allAx:3,thDist:-3}
365. r2_hidden(k1_card_1(sK0),sK1) [cnf transformation 279] {a:0,w:4,wCS:400,goal:1,sine:0,thAx:0,allAx:3,thDist:-3}
366. ~r2_hidden(sK0,sK1) [cnf transformation 279] {a:0,w:3,wCS:300,goal:1,sine:0,thAx:0,allAx:3,thDist:-3}
431. ~r2_hidden(k1_card_1(X0),k1_card_1(X1)) | r2_hidden(X0,X1) | ~v3_ordinal1(X1) | ~v3_ordinal1(X0) [cnf transformation 201] {a:0,w:12,wCS:4800,nSel:1,sine:1,thAx:0,allAx:1,thDist:-1}
433. ~v1_card_1(X0) | v3_ordinal1(X0) [cnf transformation 203] {a:0,w:4,wCS:1600,nSel:1,sine:1,thAx:0,allAx:1,thDist:-1}
491. k1_card_1(X0) = X1 | ~r2_wellord2(X0,X1) | ~v1_card_1(X1) [cnf transformation 302] {a:0,w:9,wCS:3600,nSel:1,sine:255,thAx:0,allAx:1,thDist:-1}
505. r2_wellord2(X0,X0) [cnf transformation 150] {a:0,w:3,wCS:1200,nSel:1,sine:255,thAx:0,allAx:1,thDist:-1}
572. 1 <=> r2_hidden(sK0,sK1) [avatar definition]
574. ~r2_hidden(sK0,sK1) <- (~1) [avatar component clause 572] {a:0,w:3,wCS:300,nSel:1,goal:1,sine:255,thAx:0,allAx:3,thDist:-3}
575. ~1 [avatar split clause 366,572]
577. 2 <=> r2_hidden(k1_card_1(sK0),sK1) [avatar definition]
579. r2_hidden(k1_card_1(sK0),sK1) <- (2) [avatar component clause 577] {a:0,w:4,wCS:400,nSel:1,goal:1,sine:255,thAx:0,allAx:3,thDist:-3}
580. 2 [avatar split clause 365,577]
582. 3 <=> v1_card_1(sK1) [avatar definition]
584. v1_card_1(sK1) <- (3) [avatar component clause 582] {a:0,w:2,wCS:200,nSel:1,goal:1,sine:255,thAx:0,allAx:3,thDist:-3}
585. 3 [avatar split clause 364,582]
587. 4 <=> v3_ordinal1(sK0) [avatar definition]
589. v3_ordinal1(sK0) <- (4) [avatar component clause 587] {a:0,w:2,wCS:200,nSel:1,goal:1,sine:255,thAx:0,allAx:3,thDist:-3}
590. 4 [avatar split clause 363,587]
1083. v3_ordinal1(sK1) <- (3) [resolution 433,584] {a:1,w:2,wCS:200,goal:1,sine:1,thAx:0,allAx:4,thDist:-4}
1088. 97 <=> v3_ordinal1(sK1) [avatar definition]
1090. v3_ordinal1(sK1) <- (97) [avatar component clause 1088] {a:1,w:2,wCS:200,nSel:1,goal:1,sine:255,thAx:0,allAx:4,thDist:-4}
1091. 97 | ~3 [avatar split clause 1083,582,1088]
2112. ~r2_hidden(k1_card_1(X4),X3) | r2_hidden(X4,X2) | ~v3_ordinal1(X2) | ~v3_ordinal1(X4) | ~r2_wellord2(X2,X3) | ~v1_card_1(X3) [superposition 431,491] {a:1,w:16,wCS:6400,nSel:1,sine:1,thAx:0,allAx:2,thDist:-2}
3183. $false <- (~1, 2, 3, 4, 97) [unit resulting resolution 584,1090,589,505,574,579,2112] {a:2,w:0,goal:1,sine:1,thAx:0,allAx:19,thDist:-19}
3190. 1 | ~2 | ~3 | ~4 | ~97 [avatar contradiction clause 3183]
3196. $false [avatar sat refutation 575,580,585,590,1091,3190] {a:0,w:0,goal:1,sine:0,thAx:0,allAx:1381,thDist:-1381}
% SZS output end Proof for card_3__t44_card_3
% ------------------------------
% Version: Vampire 4.5.1 (commit 226f88162 on 2021-09-12 20:13:44 +0200)
% Termination reason: Refutation

% >>> Input
% Input formulas: 139
% >>> Preprocessing
% Introduced skolems: 42
% Pure predicates: 9
% Unused predicate definitions: 1
% 
% >>> Saturation
% Initial clauses: 207
% Generated clauses: 1757
% Active clauses: 652
% Passive clauses: 938
% Final active clauses: 645
% Final passive clauses: 200
% Main loop iterations started: 738
% 
% >>> Simplifying Inferences
% Duplicate literals: 27
% Fw subsumption resolutions: 135
% Fw demodulations: 3
% Bw demodulations: 1
% 
% >>> Deletion Inferences
% Simple tautologies: 91
% Equational tautologies: 1
% Forward subsumptions: 372
% Backward subsumptions: 4
% 
% >>> Generating Inferences
% Binary resolution: 970
% Unit resulting resolution: 2
% Forward superposition: 110
% Backward superposition: 60
% Self superposition: 3
% 
% >>> AVATAR
% Split clauses: 38
% Split components: 78
% Sat splitting refutations: 3
% 
% >>> SAT Solver Statistics
% SAT solver clauses: 274
% SAT solver unit clauses: 76
% SAT solver binary clauses: 140
% 
% Memory used [KB]: 11641
% Time elapsed: 0.018 s
% ------------------------------
% ------------------------------
% Time measurement results:
% preprocessing: 0.001 s
% sat proof minimization: 0.001 s
% congruence closure: 0.002 s
% non unit clause index maintenance: 0.001 s
% forward subsumption resolution: 0.002 s
% forward demodulation: 0.002 s
% resolution: 0.001 s
% unit resulting resolution: 0.002 s
% superposition: 0.001 s
% passive container maintenance: 0.001 s
% other: 0.018 s ( own 0.004 s ) 

