i: [1,196,0,2,1,1,0,0] t50_funct_4
a: [3,338,0,2,1,196]
s: 338
i: [1,195,0,2,1,1,0,0] t50_funct_4
a: [3,343,0,2,1,195]
s: 343
i: [1,199,0,19,3,1,0,0] t50_funct_4
a: [3,315,0,3,1,199]
s: 315
i: [1,197,0,6,1,1,0,0] t50_funct_4
a: [3,333,0,6,1,197]
s: 333
i: [1,198,0,8,1,1,0,0] t50_funct_4
a: [3,328,0,8,1,198]
s: 328
i: [1,200,0,2,1,0,0,255] dt_o_0_0_xboole_0
a: [3,348,0,2,1,200]
s: 348
i: [1,201,0,2,1,0,0,2] fc1_xboole_0
a: [3,353,0,2,1,201]
s: 353
i: [1,283,0,2,1,0,0,255] rc2_zfmisc_1
a: [3,363,0,2,1,283]
s: 363
i: [1,284,0,2,1,0,0,1] rc2_xboole_0
a: [3,368,0,2,1,284]
s: 368
i: [1,285,0,2,1,0,0,1] rc1_xboole_0
a: [3,373,0,2,1,285]
s: 373
i: [1,287,0,2,1,0,0,255] rc1_zfmisc_1
a: [3,378,0,2,1,287]
s: 378
i: [1,286,0,2,1,0,0,255] rc1_zfmisc_1
a: [3,383,0,2,1,286]
s: 383
i: [1,289,0,2,1,0,0,255] rc7_funct_1
a: [3,388,0,2,1,289]
s: 388
i: [1,288,0,2,1,0,0,255] rc7_funct_1
a: [3,393,0,2,1,288]
s: 393
i: [1,291,0,2,1,0,0,1] rc1_relat_1
a: [3,398,0,2,1,291]
s: 398
i: [1,290,0,2,1,0,0,1] rc1_relat_1
a: [3,403,0,2,1,290]
s: 403
i: [1,294,0,2,1,0,0,255] rc4_funct_1
a: [3,408,0,2,1,294]
s: 408
i: [1,293,0,2,1,0,0,255] rc4_funct_1
a: [3,413,0,2,1,293]
s: 413
i: [1,292,0,2,1,0,0,255] rc4_funct_1
a: [3,418,0,2,1,292]
s: 418
i: [1,295,0,2,1,0,0,255] rc2_relat_1
a: [3,423,0,2,1,295]
s: 423
i: [1,297,0,2,1,0,0,255] rc3_funct_1
a: [3,428,0,2,1,297]
s: 428
i: [1,296,0,2,1,0,0,255] rc3_funct_1
a: [3,433,0,2,1,296]
s: 433
i: [1,299,0,2,1,0,0,1] rc1_funct_1
a: [3,438,0,2,1,299]
s: 438
i: [1,298,0,2,1,0,0,1] rc1_funct_1
a: [3,443,0,2,1,298]
s: 443
i: [1,302,0,2,1,0,0,255] rc5_funct_1
a: [3,448,0,2,1,302]
s: 448
i: [1,301,0,2,1,0,0,255] rc5_funct_1
a: [3,453,0,2,1,301]
s: 453
i: [1,300,0,2,1,0,0,255] rc5_funct_1
a: [3,458,0,2,1,300]
s: 458
i: [1,304,0,2,1,0,0,255] rc2_funct_1
a: [3,463,0,2,1,304]
s: 463
i: [1,303,0,2,1,0,0,255] rc2_funct_1
a: [3,468,0,2,1,303]
s: 468
i: [1,307,0,2,1,0,0,255] rc1_funcop_1
a: [3,473,0,2,1,307]
s: 473
i: [1,306,0,2,1,0,0,255] rc1_funcop_1
a: [3,478,0,2,1,306]
s: 478
i: [1,305,0,2,1,0,0,255] rc1_funcop_1
a: [3,483,0,2,1,305]
s: 483
i: [1,311,0,2,1,0,0,255] rc2_funcop_1
a: [3,488,0,2,1,311]
s: 488
i: [1,310,0,2,1,0,0,255] rc2_funcop_1
a: [3,493,0,2,1,310]
s: 493
i: [1,309,0,2,1,0,0,255] rc2_funcop_1
a: [3,498,0,2,1,309]
s: 498
i: [1,308,0,2,1,0,0,255] rc2_funcop_1
a: [3,503,0,2,1,308]
s: 503
i: [1,256,0,3,1,0,0,255] rc9_funct_1
s: 256
i: [1,258,0,3,1,0,0,255] rc9_funct_1
s: 258
i: [1,259,0,3,1,0,0,255] reflexivity_r1_tarski
s: 259
i: [1,202,0,3,1,0,0,255] d2_xboole_0
a: [3,358,0,3,1,202]
s: 358
r: 353
i: [1,203,0,4,2,0,0,255] cc2_zfmisc_1
s: 203
d: [2,506,1,2,1,1,40,203,348]
a: [3,511,1,2,1,506]
s: 511
i: [1,210,0,4,2,0,0,255] cc7_funct_1
s: 210
d: [2,507,1,2,1,1,40,203,373]
a: [3,516,1,2,1,507]
s: 516
i: [1,211,0,4,2,0,0,255] cc1_zfmisc_1
s: 211
i: [1,212,0,4,2,0,0,1] cc1_funct_1
s: 212
d: [2,518,1,2,1,1,40,210,348]
a: [3,523,1,2,1,518]
s: 523
i: [1,213,0,4,2,0,0,1] cc1_relat_1
s: 213
d: [2,519,1,2,1,1,40,210,373]
a: [3,528,1,2,1,519]
s: 528
i: [1,255,0,4,1,0,0,1] existence_m1_subset_1
s: 255
i: [1,257,0,4,1,0,0,255] rc9_funct_1
s: 257
d: [2,530,1,2,1,1,40,212,348]
a: [3,535,1,2,1,530]
s: 535
i: [1,260,0,4,1,0,0,1] fc6_relat_1
s: 260
d: [2,531,1,2,1,1,40,212,373]
a: [3,540,1,2,1,531]
s: 540
i: [1,271,0,4,1,0,0,255] rc3_relat_1
s: 271
i: [1,274,0,4,1,0,0,255] rc6_funct_1
s: 274
d: [2,542,1,2,1,1,40,213,348]
a: [3,547,1,2,1,542]
s: 547
i: [1,277,0,4,1,0,0,255] rc6_funct_1
s: 277
d: [2,543,1,2,1,1,40,213,373]
a: [3,552,1,2,1,543]
s: 552
i: [1,279,0,4,1,0,0,255] rc1_relset_1
s: 279
i: [1,280,0,4,1,0,0,255] rc1_relset_1
s: 280
d: [2,554,1,4,1,0,40,279,213]
s: 554
i: [1,214,0,5,2,0,0,2] t6_boole
s: 214
d: [2,555,1,4,1,0,40,279,212]
s: 555
i: [1,249,0,5,2,0,0,255] t7_boole
s: 249
i: [1,272,0,5,1,0,0,255] rc3_relat_1
s: 272
d: [2,556,1,4,1,0,40,279,210]
s: 556
i: [1,273,0,5,1,0,0,255] rc3_relat_1
s: 273
d: [2,557,1,4,1,0,40,279,203]
s: 557
i: [1,275,0,5,1,0,0,255] rc6_funct_1
s: 275
i: [1,276,0,5,1,0,0,255] rc6_funct_1
s: 276
i: [1,281,0,5,1,0,0,255] rc1_relset_1
s: 281
i: [1,282,0,5,1,0,0,255] rc1_relset_1
s: 282
d: [2,558,0,5,2,1,22,214,358]
s: 558
i: [1,245,0,6,2,0,0,255] t1_subset
s: 245
i: [1,261,0,6,2,0,0,1] fc3_zfmisc_1
s: 261
i: [1,262,0,6,2,0,0,1] fc4_zfmisc_1
s: 262
i: [1,265,0,6,2,0,0,255] antisymmetry_r2_hidden
s: 265
d: [2,566,1,6,2,0,40,261,212]
s: 566
i: [1,204,0,7,3,0,0,255] cc8_funct_1
s: 204
i: [1,205,0,7,3,0,0,255] cc8_funct_1
s: 205
d: [2,573,1,9,2,1,40,204,328]
a: [3,578,1,7,1,573]
s: 578
i: [1,240,0,7,3,0,0,1] dt_k2_funct_4
s: 240
d: [2,574,1,5,2,0,40,204,255]
s: 574
i: [1,241,0,7,3,0,0,1] dt_k2_funct_4
s: 241
i: [1,242,0,7,3,0,0,1] dt_k2_funct_4
s: 242
a: [3,581,1,2,1,573]
s: 581
i: [1,243,0,7,3,0,0,1] dt_k2_funct_4
s: 243
d: [2,585,1,5,2,0,40,205,255]
s: 585
i: [1,247,0,7,2,0,0,255] t3_subset
s: 247
i: [1,248,0,7,3,0,0,2] t8_boole
s: 248
d: [2,567,1,6,2,0,40,261,210]
s: 567
i: [1,206,0,8,3,0,0,255] cc9_funct_1
s: 206
d: [2,591,1,8,2,1,40,206,328]
a: [3,597,1,6,1,591]
s: 597
i: [1,221,0,8,3,0,0,1] cc2_relat_1
s: 221
d: [2,604,2,0,0,2,52,581,260,328,221]
e: 604
d: [2,605,1,8,2,1,40,221,328]
d: [2,609,1,6,1,2,21,605,581]
d: [2,610,1,0,0,2,21,609,260]
e: 610
r: 315
r: 581
a: [3,314,0,3,1,199]
s: 314
a: [3,582,1,2,1,573]
s: 582
a: [3,319,0,7,1,199]
s: 319
d: [2,568,1,6,2,0,40,261,203]
s: 568
i: [1,224,0,8,4,0,0,255] cc6_funct_1
s: 224
i: [1,229,0,8,4,0,0,255] cc4_funct_1
s: 229
d: [2,618,1,6,3,1,40,224,378]
a: [3,644,1,2,1,618]
s: 644
d: [2,650,0,6,3,0,21,229,212]
d: [2,651,0,4,2,0,21,650,213]
s: 651
d: [2,615,2,6,3,1,40,224,511]
d: [2,621,2,4,2,2,21,615,535]
d: [2,622,2,2,1,3,21,621,547]
a: [3,626,2,2,1,622]
s: 626
i: [1,232,0,8,4,0,0,255] cc5_funct_1
s: 232
i: [1,239,0,8,4,0,0,255] cc3_funcop_1
s: 239
d: [2,617,2,6,3,1,40,224,516]
d: [2,630,2,4,2,2,21,617,540]
d: [2,631,2,2,1,3,21,630,552]
a: [3,635,2,2,1,631]
s: 635
d: [2,660,0,6,3,0,21,239,212]
d: [2,661,0,4,2,0,21,660,213]
s: 661
d: [2,664,1,2,1,1,40,661,348]
a: [3,670,1,2,1,664]
s: 670
i: [1,246,0,8,3,0,0,255] t2_subset
s: 246
i: [1,268,0,8,2,0,0,1] cc1_relset_1
s: 268
d: [2,678,1,15,2,1,40,246,328]
a: [3,684,1,8,1,678]
s: 684
i: [1,278,0,8,1,0,0,255] rc1_relset_1
s: 278
a: [3,687,1,7,1,678]
s: 687
i: [1,215,0,9,4,0,0,255] cc8_relat_1
s: 215
i: [1,218,0,9,4,0,0,255] cc7_relat_1
s: 218
d: [2,666,1,2,1,1,40,661,373]
a: [3,675,1,2,1,666]
s: 675
i: [1,251,0,9,3,0,0,255] t5_subset
s: 251
d: [2,721,1,9,2,1,40,251,328]
a: [3,730,1,6,1,721]
s: 730
i: [1,269,0,9,2,0,0,255] cc2_relset_1
s: 269
i: [1,270,0,9,2,0,0,255] cc2_relset_1
s: 270
d: [2,749,1,3,1,1,40,270,328]
a: [3,755,1,3,1,749]
s: 755
i: [1,244,0,10,4,0,0,1] cc3_funct_1
s: 244
d: [2,732,2,4,1,1,40,730,262]
a: [3,737,2,4,1,732]
s: 737
i: [1,250,0,10,3,0,0,255] t4_subset
s: 250
i: [1,263,0,10,3,0,0,1] cc4_relset_1
s: 263
d: [2,762,3,2,1,1,40,737,262]
a: [3,767,3,2,1,762]
s: 767
i: [1,264,0,10,3,0,0,1] cc3_relset_1
s: 264
d: [2,763,3,2,1,1,40,737,261]
a: [3,772,3,2,1,763]
s: 772
i: [1,209,0,11,5,0,0,255] cc1_funcop_1
s: 209
i: [1,266,0,12,4,0,0,255] cc6_relat_1
s: 266
d: [2,789,2,8,4,1,40,209,755]
d: [2,795,2,6,3,2,21,789,338]
d: [2,796,2,4,2,3,21,795,582]
a: [3,800,2,2,1,796]
s: 800
i: [1,267,0,12,4,0,0,255] cc5_relat_1
s: 267
d: [2,740,1,5,1,1,40,269,328]
a: [3,746,1,5,1,740]
s: 746
i: [1,252,0,22,5,0,0,1] t49_funct_4
s: 252
d: [2,819,0,22,5,1,22,252,358]
s: 819
d: [2,693,2,8,1,1,40,684,265]
a: [3,699,2,8,1,693]
s: 699
i: [1,253,0,26,5,0,0,1] t49_funct_4
s: 253
d: [2,775,1,10,2,1,40,250,328]
s: 775
d: [2,825,0,26,5,1,22,253,358]
s: 825
r: 319
a: [3,318,0,7,1,199]
s: 318
a: [3,323,0,9,1,199]
s: 323
i: [1,254,0,28,5,0,0,1] t49_funct_4
s: 254
d: [2,846,1,8,1,1,40,323,247]
a: [3,850,1,8,1,846]
s: 850
d: [2,852,0,28,5,1,22,254,358]
s: 852
d: [2,586,1,4,2,1,40,241,315]
d: [2,587,1,2,1,2,21,586,338]
d: [2,612,1,2,1,1,21,605,260]
d: [2,831,1,18,4,2,40,825,328]
d: [2,843,1,12,3,3,21,831,333]
d: [2,844,1,10,2,4,21,843,338]
d: [2,853,1,19,4,2,40,852,323]
d: [2,873,1,11,3,3,21,853,328]
d: [2,874,1,5,2,4,21,873,333]
d: [2,875,1,3,1,5,21,874,338]
f: 875,844,612,587,202,201,195,196,197,198,199
% Refutation found. Thanks to Tanya!
% SZS status Theorem for funct_4__t50_funct_4
% SZS output start Proof for funct_4__t50_funct_4
1. ! [X0] : ! [X1] : ! [X2] : (~v1_xboole_0(X2) => ! [X3] : ((m1_subset_1(X3,k1_zfmisc_1(k2_zfmisc_1(k2_zfmisc_1(X0,X1),X2))) & v1_funct_2(X3,k2_zfmisc_1(X0,X1),X2) & v1_funct_1(X3)) => (m1_subset_1(k2_funct_4(X3),k1_zfmisc_1(k2_zfmisc_1(k2_zfmisc_1(X1,X0),X2))) & v1_funct_2(k2_funct_4(X3),k2_zfmisc_1(X1,X0),X2) & v1_funct_1(k2_funct_4(X3))))) [input t50_funct_4]
2. ~! [X0] : ! [X1] : ! [X2] : (~v1_xboole_0(X2) => ! [X3] : ((m1_subset_1(X3,k1_zfmisc_1(k2_zfmisc_1(k2_zfmisc_1(X0,X1),X2))) & v1_funct_2(X3,k2_zfmisc_1(X0,X1),X2) & v1_funct_1(X3)) => (m1_subset_1(k2_funct_4(X3),k1_zfmisc_1(k2_zfmisc_1(k2_zfmisc_1(X1,X0),X2))) & v1_funct_2(k2_funct_4(X3),k2_zfmisc_1(X1,X0),X2) & v1_funct_1(k2_funct_4(X3))))) [negated conjecture 1]
18. ! [X0] : (v1_relat_1(X0) => ! [X1] : (m1_subset_1(X1,k1_zfmisc_1(X0)) => v1_relat_1(X1))) [input cc2_relat_1]
47. ! [X0] : ((v1_funct_1(X0) & v1_relat_1(X0)) => (v1_funct_1(k2_funct_4(X0)) & v1_relat_1(k2_funct_4(X0)))) [input dt_k2_funct_4]
58. v1_xboole_0(k1_xboole_0) [input fc1_xboole_0]
61. ! [X0,X1] : v1_relat_1(k2_zfmisc_1(X0,X1)) [input fc6_relat_1]
69. o_0_0_xboole_0 = k1_xboole_0 [input d2_xboole_0]
70. ! [X0] : ! [X1] : ! [X2] : ! [X3] : ((m1_subset_1(X3,k1_zfmisc_1(k2_zfmisc_1(k2_zfmisc_1(X0,X1),X2))) & v1_funct_2(X3,k2_zfmisc_1(X0,X1),X2) & v1_funct_1(X3)) => (k1_xboole_0 != X2 => (m1_subset_1(k2_funct_4(X3),k1_zfmisc_1(k2_zfmisc_1(k2_zfmisc_1(X1,X0),X2))) & v1_funct_2(k2_funct_4(X3),k2_zfmisc_1(X1,X0),X2) & v1_funct_1(k2_funct_4(X3))))) [input t49_funct_4]
71. ~! [X0,X1,X2] : (~v1_xboole_0(X2) => ! [X3] : ((m1_subset_1(X3,k1_zfmisc_1(k2_zfmisc_1(k2_zfmisc_1(X0,X1),X2))) & v1_funct_2(X3,k2_zfmisc_1(X0,X1),X2) & v1_funct_1(X3)) => (m1_subset_1(k2_funct_4(X3),k1_zfmisc_1(k2_zfmisc_1(k2_zfmisc_1(X1,X0),X2))) & v1_funct_2(k2_funct_4(X3),k2_zfmisc_1(X1,X0),X2) & v1_funct_1(k2_funct_4(X3))))) [flattening 2]
79. ! [X0,X1,X2,X3] : ((m1_subset_1(X3,k1_zfmisc_1(k2_zfmisc_1(k2_zfmisc_1(X0,X1),X2))) & v1_funct_2(X3,k2_zfmisc_1(X0,X1),X2) & v1_funct_1(X3)) => (k1_xboole_0 != X2 => (m1_subset_1(k2_funct_4(X3),k1_zfmisc_1(k2_zfmisc_1(k2_zfmisc_1(X1,X0),X2))) & v1_funct_2(k2_funct_4(X3),k2_zfmisc_1(X1,X0),X2) & v1_funct_1(k2_funct_4(X3))))) [flattening 70]
93. ? [X0,X1,X2] : (? [X3] : ((~m1_subset_1(k2_funct_4(X3),k1_zfmisc_1(k2_zfmisc_1(k2_zfmisc_1(X1,X0),X2))) | ~v1_funct_2(k2_funct_4(X3),k2_zfmisc_1(X1,X0),X2) | ~v1_funct_1(k2_funct_4(X3))) & (m1_subset_1(X3,k1_zfmisc_1(k2_zfmisc_1(k2_zfmisc_1(X0,X1),X2))) & v1_funct_2(X3,k2_zfmisc_1(X0,X1),X2) & v1_funct_1(X3))) & ~v1_xboole_0(X2)) [ennf transformation 71]
94. ? [X0,X1,X2] : (? [X3] : ((~m1_subset_1(k2_funct_4(X3),k1_zfmisc_1(k2_zfmisc_1(k2_zfmisc_1(X1,X0),X2))) | ~v1_funct_2(k2_funct_4(X3),k2_zfmisc_1(X1,X0),X2) | ~v1_funct_1(k2_funct_4(X3))) & m1_subset_1(X3,k1_zfmisc_1(k2_zfmisc_1(k2_zfmisc_1(X0,X1),X2))) & v1_funct_2(X3,k2_zfmisc_1(X0,X1),X2) & v1_funct_1(X3)) & ~v1_xboole_0(X2)) [flattening 93]
109. ! [X0] : (! [X1] : (v1_relat_1(X1) | ~m1_subset_1(X1,k1_zfmisc_1(X0))) | ~v1_relat_1(X0)) [ennf transformation 18]
126. ! [X0] : ((v1_funct_1(k2_funct_4(X0)) & v1_relat_1(k2_funct_4(X0))) | (~v1_funct_1(X0) | ~v1_relat_1(X0))) [ennf transformation 47]
127. ! [X0] : ((v1_funct_1(k2_funct_4(X0)) & v1_relat_1(k2_funct_4(X0))) | ~v1_funct_1(X0) | ~v1_relat_1(X0)) [flattening 126]
141. ! [X0,X1,X2,X3] : (((m1_subset_1(k2_funct_4(X3),k1_zfmisc_1(k2_zfmisc_1(k2_zfmisc_1(X1,X0),X2))) & v1_funct_2(k2_funct_4(X3),k2_zfmisc_1(X1,X0),X2) & v1_funct_1(k2_funct_4(X3))) | k1_xboole_0 = X2) | (~m1_subset_1(X3,k1_zfmisc_1(k2_zfmisc_1(k2_zfmisc_1(X0,X1),X2))) | ~v1_funct_2(X3,k2_zfmisc_1(X0,X1),X2) | ~v1_funct_1(X3))) [ennf transformation 79]
142. ! [X0,X1,X2,X3] : ((m1_subset_1(k2_funct_4(X3),k1_zfmisc_1(k2_zfmisc_1(k2_zfmisc_1(X1,X0),X2))) & v1_funct_2(k2_funct_4(X3),k2_zfmisc_1(X1,X0),X2) & v1_funct_1(k2_funct_4(X3))) | k1_xboole_0 = X2 | ~m1_subset_1(X3,k1_zfmisc_1(k2_zfmisc_1(k2_zfmisc_1(X0,X1),X2))) | ~v1_funct_2(X3,k2_zfmisc_1(X0,X1),X2) | ~v1_funct_1(X3)) [flattening 141]
154. ? [X0,X1,X2] : (? [X3] : ((~m1_subset_1(k2_funct_4(X3),k1_zfmisc_1(k2_zfmisc_1(k2_zfmisc_1(X1,X0),X2))) | ~v1_funct_2(k2_funct_4(X3),k2_zfmisc_1(X1,X0),X2) | ~v1_funct_1(k2_funct_4(X3))) & m1_subset_1(X3,k1_zfmisc_1(k2_zfmisc_1(k2_zfmisc_1(X0,X1),X2))) & v1_funct_2(X3,k2_zfmisc_1(X0,X1),X2) & v1_funct_1(X3)) & ~v1_xboole_0(X2)) => (? [X3] : ((~m1_subset_1(k2_funct_4(X3),k1_zfmisc_1(k2_zfmisc_1(k2_zfmisc_1(sK1,sK0),sK2))) | ~v1_funct_2(k2_funct_4(X3),k2_zfmisc_1(sK1,sK0),sK2) | ~v1_funct_1(k2_funct_4(X3))) & m1_subset_1(X3,k1_zfmisc_1(k2_zfmisc_1(k2_zfmisc_1(sK0,sK1),sK2))) & v1_funct_2(X3,k2_zfmisc_1(sK0,sK1),sK2) & v1_funct_1(X3)) & ~v1_xboole_0(sK2)) [choice axiom]
155. ? [X3] : ((~m1_subset_1(k2_funct_4(X3),k1_zfmisc_1(k2_zfmisc_1(k2_zfmisc_1(sK1,sK0),sK2))) | ~v1_funct_2(k2_funct_4(X3),k2_zfmisc_1(sK1,sK0),sK2) | ~v1_funct_1(k2_funct_4(X3))) & m1_subset_1(X3,k1_zfmisc_1(k2_zfmisc_1(k2_zfmisc_1(sK0,sK1),sK2))) & v1_funct_2(X3,k2_zfmisc_1(sK0,sK1),sK2) & v1_funct_1(X3)) => ((~m1_subset_1(k2_funct_4(sK3),k1_zfmisc_1(k2_zfmisc_1(k2_zfmisc_1(sK1,sK0),sK2))) | ~v1_funct_2(k2_funct_4(sK3),k2_zfmisc_1(sK1,sK0),sK2) | ~v1_funct_1(k2_funct_4(sK3))) & m1_subset_1(sK3,k1_zfmisc_1(k2_zfmisc_1(k2_zfmisc_1(sK0,sK1),sK2))) & v1_funct_2(sK3,k2_zfmisc_1(sK0,sK1),sK2) & v1_funct_1(sK3)) [choice axiom]
156. ((~m1_subset_1(k2_funct_4(sK3),k1_zfmisc_1(k2_zfmisc_1(k2_zfmisc_1(sK1,sK0),sK2))) | ~v1_funct_2(k2_funct_4(sK3),k2_zfmisc_1(sK1,sK0),sK2) | ~v1_funct_1(k2_funct_4(sK3))) & m1_subset_1(sK3,k1_zfmisc_1(k2_zfmisc_1(k2_zfmisc_1(sK0,sK1),sK2))) & v1_funct_2(sK3,k2_zfmisc_1(sK0,sK1),sK2) & v1_funct_1(sK3)) & ~v1_xboole_0(sK2) [skolemisation 94,155,154]
195. ~v1_xboole_0(sK2) [cnf transformation 156] {a:0,w:2,wCS:200,goal:1,sine:0,thAx:0,allAx:3,thDist:-3}
196. v1_funct_1(sK3) [cnf transformation 156] {a:0,w:2,wCS:200,goal:1,sine:0,thAx:0,allAx:3,thDist:-3}
197. v1_funct_2(sK3,k2_zfmisc_1(sK0,sK1),sK2) [cnf transformation 156] {a:0,w:6,wCS:600,goal:1,sine:0,thAx:0,allAx:3,thDist:-3}
198. m1_subset_1(sK3,k1_zfmisc_1(k2_zfmisc_1(k2_zfmisc_1(sK0,sK1),sK2))) [cnf transformation 156] {a:0,w:8,wCS:800,goal:1,sine:0,thAx:0,allAx:3,thDist:-3}
199. ~m1_subset_1(k2_funct_4(sK3),k1_zfmisc_1(k2_zfmisc_1(k2_zfmisc_1(sK1,sK0),sK2))) | ~v1_funct_2(k2_funct_4(sK3),k2_zfmisc_1(sK1,sK0),sK2) | ~v1_funct_1(k2_funct_4(sK3)) [cnf transformation 156] {a:0,w:19,wCS:1900,goal:1,sine:0,thAx:0,allAx:3,thDist:-3}
201. v1_xboole_0(k1_xboole_0) [cnf transformation 58] {a:0,w:2,wCS:800,sine:2,thAx:0,allAx:1,thDist:-1}
202. o_0_0_xboole_0 = k1_xboole_0 [cnf transformation 69] {a:0,w:3,wCS:1200,sine:255,thAx:0,allAx:1,thDist:-1}
221. ~m1_subset_1(X1,k1_zfmisc_1(X0)) | v1_relat_1(X1) | ~v1_relat_1(X0) [cnf transformation 109] {a:0,w:8,wCS:3200,nSel:1,sine:1,thAx:0,allAx:1,thDist:-1}
241. v1_funct_1(k2_funct_4(X0)) | ~v1_funct_1(X0) | ~v1_relat_1(X0) [cnf transformation 127] {a:0,w:7,wCS:2800,nSel:1,sine:1,thAx:0,allAx:1,thDist:-1}
253. v1_funct_2(k2_funct_4(X3),k2_zfmisc_1(X1,X0),X2) | k1_xboole_0 = X2 | ~m1_subset_1(X3,k1_zfmisc_1(k2_zfmisc_1(k2_zfmisc_1(X0,X1),X2))) | ~v1_funct_2(X3,k2_zfmisc_1(X0,X1),X2) | ~v1_funct_1(X3) [cnf transformation 142] {a:0,w:26,wCS:10400,sine:1,thAx:0,allAx:1,thDist:-1}
254. m1_subset_1(k2_funct_4(X3),k1_zfmisc_1(k2_zfmisc_1(k2_zfmisc_1(X1,X0),X2))) | k1_xboole_0 = X2 | ~m1_subset_1(X3,k1_zfmisc_1(k2_zfmisc_1(k2_zfmisc_1(X0,X1),X2))) | ~v1_funct_2(X3,k2_zfmisc_1(X0,X1),X2) | ~v1_funct_1(X3) [cnf transformation 142] {a:0,w:28,wCS:11200,sine:1,thAx:0,allAx:1,thDist:-1}
260. v1_relat_1(k2_zfmisc_1(X0,X1)) [cnf transformation 61] {a:0,w:4,wCS:1600,nSel:1,sine:1,thAx:0,allAx:1,thDist:-1}
313. 1 <=> v1_funct_1(k2_funct_4(sK3)) [avatar definition]
315. ~v1_funct_1(k2_funct_4(sK3)) <- (~1) [avatar component clause 313] {a:0,w:3,wCS:300,nSel:1,goal:1,sine:255,thAx:0,allAx:3,thDist:-3}
317. 2 <=> v1_funct_2(k2_funct_4(sK3),k2_zfmisc_1(sK1,sK0),sK2) [avatar definition]
321. 3 <=> m1_subset_1(k2_funct_4(sK3),k1_zfmisc_1(k2_zfmisc_1(k2_zfmisc_1(sK1,sK0),sK2))) [avatar definition]
323. ~m1_subset_1(k2_funct_4(sK3),k1_zfmisc_1(k2_zfmisc_1(k2_zfmisc_1(sK1,sK0),sK2))) <- (~3) [avatar component clause 321] {a:0,w:9,wCS:900,nSel:1,goal:1,sine:255,thAx:0,allAx:3,thDist:-3}
324. ~1 | ~2 | ~3 [avatar split clause 199,321,317,313]
326. 4 <=> m1_subset_1(sK3,k1_zfmisc_1(k2_zfmisc_1(k2_zfmisc_1(sK0,sK1),sK2))) [avatar definition]
328. m1_subset_1(sK3,k1_zfmisc_1(k2_zfmisc_1(k2_zfmisc_1(sK0,sK1),sK2))) <- (4) [avatar component clause 326] {a:0,w:8,wCS:800,nSel:1,goal:1,sine:255,thAx:0,allAx:3,thDist:-3}
329. 4 [avatar split clause 198,326]
331. 5 <=> v1_funct_2(sK3,k2_zfmisc_1(sK0,sK1),sK2) [avatar definition]
333. v1_funct_2(sK3,k2_zfmisc_1(sK0,sK1),sK2) <- (5) [avatar component clause 331] {a:0,w:6,wCS:600,nSel:1,goal:1,sine:255,thAx:0,allAx:3,thDist:-3}
334. 5 [avatar split clause 197,331]
336. 6 <=> v1_funct_1(sK3) [avatar definition]
338. v1_funct_1(sK3) <- (6) [avatar component clause 336] {a:0,w:2,wCS:200,nSel:1,goal:1,sine:255,thAx:0,allAx:3,thDist:-3}
339. 6 [avatar split clause 196,336]
341. 7 <=> v1_xboole_0(sK2) [avatar definition]
344. ~7 [avatar split clause 195,341]
351. 9 <=> v1_xboole_0(k1_xboole_0) [avatar definition]
354. 9 [avatar split clause 201,351]
356. 10 <=> o_0_0_xboole_0 = k1_xboole_0 [avatar definition]
358. o_0_0_xboole_0 = k1_xboole_0 <- (10) [avatar component clause 356] {a:0,w:3,wCS:1200,nSel:1,sine:255,thAx:0,allAx:1,thDist:-1}
359. 10 [avatar split clause 202,356]
580. 49 <=> v1_relat_1(sK3) [avatar definition]
586. ~v1_funct_1(sK3) | ~v1_relat_1(sK3) <- (~1) [resolution 241,315] {a:1,w:4,wCS:400,goal:1,sine:1,thAx:0,allAx:4,thDist:-4}
587. ~v1_relat_1(sK3) <- (~1, 6) [subsumption resolution 586,338] {a:1,w:2,wCS:200,goal:1,sine:1,thAx:0,allAx:4,thDist:-4}
588. ~49 | 1 | ~6 [avatar split clause 587,336,313,580]
605. v1_relat_1(sK3) | ~v1_relat_1(k2_zfmisc_1(k2_zfmisc_1(sK0,sK1),sK2)) <- (4) [resolution 221,328] {a:1,w:8,wCS:800,goal:1,sine:1,thAx:0,allAx:4,thDist:-4}
612. v1_relat_1(sK3) <- (4) [subsumption resolution 605,260] {a:1,w:2,wCS:200,goal:1,sine:1,thAx:0,allAx:4,thDist:-4}
613. 49 | ~4 [avatar split clause 612,326,580]
825. ~m1_subset_1(X3,k1_zfmisc_1(k2_zfmisc_1(k2_zfmisc_1(X0,X1),X2))) | v1_funct_2(k2_funct_4(X3),k2_zfmisc_1(X1,X0),X2) | o_0_0_xboole_0 = X2 | ~v1_funct_2(X3,k2_zfmisc_1(X0,X1),X2) | ~v1_funct_1(X3) <- (10) [forward demodulation 253,358] {a:0,w:26,wCS:10400,nSel:1,sine:1,thAx:0,allAx:1,thDist:-1}
831. v1_funct_2(k2_funct_4(sK3),k2_zfmisc_1(sK1,sK0),sK2) | o_0_0_xboole_0 = sK2 | ~v1_funct_2(sK3,k2_zfmisc_1(sK0,sK1),sK2) | ~v1_funct_1(sK3) <- (4, 10) [resolution 825,328] {a:1,w:18,wCS:1800,goal:1,sine:1,thAx:0,allAx:4,thDist:-4}
838. 71 <=> o_0_0_xboole_0 = sK2 [avatar definition]
843. v1_funct_2(k2_funct_4(sK3),k2_zfmisc_1(sK1,sK0),sK2) | o_0_0_xboole_0 = sK2 | ~v1_funct_1(sK3) <- (4, 5, 10) [subsumption resolution 831,333] {a:1,w:12,wCS:1200,goal:1,sine:1,thAx:0,allAx:4,thDist:-4}
844. v1_funct_2(k2_funct_4(sK3),k2_zfmisc_1(sK1,sK0),sK2) | o_0_0_xboole_0 = sK2 <- (4, 5, 6, 10) [subsumption resolution 843,338] {a:1,w:10,wCS:1000,goal:1,sine:1,thAx:0,allAx:4,thDist:-4}
845. 71 | 2 | ~4 | ~5 | ~6 | ~10 [avatar split clause 844,356,336,331,326,317,838]
852. m1_subset_1(k2_funct_4(X3),k1_zfmisc_1(k2_zfmisc_1(k2_zfmisc_1(X1,X0),X2))) | o_0_0_xboole_0 = X2 | ~m1_subset_1(X3,k1_zfmisc_1(k2_zfmisc_1(k2_zfmisc_1(X0,X1),X2))) | ~v1_funct_2(X3,k2_zfmisc_1(X0,X1),X2) | ~v1_funct_1(X3) <- (10) [forward demodulation 254,358] {a:0,w:28,wCS:11200,nSel:1,sine:1,thAx:0,allAx:1,thDist:-1}
853. o_0_0_xboole_0 = sK2 | ~m1_subset_1(sK3,k1_zfmisc_1(k2_zfmisc_1(k2_zfmisc_1(sK0,sK1),sK2))) | ~v1_funct_2(sK3,k2_zfmisc_1(sK0,sK1),sK2) | ~v1_funct_1(sK3) <- (~3, 10) [resolution 852,323] {a:1,w:19,wCS:1900,goal:1,sine:1,thAx:0,allAx:4,thDist:-4}
873. o_0_0_xboole_0 = sK2 | ~v1_funct_2(sK3,k2_zfmisc_1(sK0,sK1),sK2) | ~v1_funct_1(sK3) <- (~3, 4, 10) [subsumption resolution 853,328] {a:1,w:11,wCS:1100,goal:1,sine:1,thAx:0,allAx:4,thDist:-4}
874. o_0_0_xboole_0 = sK2 | ~v1_funct_1(sK3) <- (~3, 4, 5, 10) [subsumption resolution 873,333] {a:1,w:5,wCS:500,goal:1,sine:1,thAx:0,allAx:4,thDist:-4}
875. o_0_0_xboole_0 = sK2 <- (~3, 4, 5, 6, 10) [subsumption resolution 874,338] {a:1,w:3,wCS:300,goal:1,sine:1,thAx:0,allAx:4,thDist:-4}
876. 71 | 3 | ~4 | ~5 | ~6 | ~10 [avatar split clause 875,356,336,331,326,321,838]
884. o_0_0_xboole_0 != sK2 | o_0_0_xboole_0 != k1_xboole_0 | v1_xboole_0(sK2) | ~v1_xboole_0(k1_xboole_0) [theory tautology sat conflict] {a:0,w:10,wCS:4000,sine:255,thAx:0,allAx:1,thDist:-1}
885. $false [avatar sat refutation 324,329,334,339,344,354,359,588,613,845,876,884] {a:0,w:0,goal:1,sine:0,thAx:0,allAx:341,thDist:-341}
% SZS output end Proof for funct_4__t50_funct_4
% ------------------------------
% Version: Vampire 4.5.1 (commit 226f88162 on 2021-09-12 20:13:44 +0200)
% Termination reason: Refutation

% >>> Input
% Input formulas: 69
% >>> Preprocessing
% Introduced skolems: 23
% Pure predicates: 4
% Unused predicate definitions: 1
% 
% >>> Saturation
% Initial clauses: 117
% Generated clauses: 403
% Active clauses: 134
% Passive clauses: 221
% Final active clauses: 130
% Final passive clauses: 76
% Main loop iterations started: 145
% 
% >>> Simplifying Inferences
% Duplicate literals: 2
% Fw subsumption resolutions: 50
% Fw demodulations: 4
% Bw demodulations: 1
% 
% >>> Deletion Inferences
% Simple tautologies: 21
% Forward subsumptions: 42
% 
% >>> Generating Inferences
% Binary resolution: 147
% Unit resulting resolution: 1
% Forward superposition: 2
% Backward superposition: 5
% Self superposition: 1
% 
% >>> AVATAR
% Split clauses: 8
% Split components: 18
% Sat splitting refutations: 2
% 
% >>> SAT Solver Statistics
% SAT solver clauses: 75
% SAT solver unit clauses: 36
% SAT solver binary clauses: 23
% 
% Memory used [KB]: 5373
% Time elapsed: 0.004 s
% ------------------------------
% ------------------------------
% Time measurement results:
% preprocessing: 0.001 s
% term sharing: 0.001 s
% forward subsumption resolution: 0.001 s
% resolution: 0.001 s ( own 0.0000 s ) 
% other: 0.004 s ( own 0.001 s ) 

