i: [1,366,0,2,1,1,0,0] t32_matrix_8
a: [3,525,0,2,1,366]
s: 525
i: [1,365,0,2,1,1,0,0] t32_matrix_8
a: [3,530,0,2,1,365]
s: 530
i: [1,364,0,2,1,1,0,0] t32_matrix_8
a: [3,535,0,2,1,364]
s: 535
i: [1,363,0,2,1,1,0,0] t32_matrix_8
a: [3,540,0,2,1,363]
s: 540
i: [1,362,0,2,1,1,0,0] t32_matrix_8
a: [3,545,0,2,1,362]
s: 545
i: [1,361,0,2,1,1,0,0] t32_matrix_8
a: [3,550,0,2,1,361]
s: 550
i: [1,360,0,2,1,1,0,0] t32_matrix_8
a: [3,555,0,2,1,360]
s: 555
i: [1,359,0,2,1,1,0,0] t32_matrix_8
a: [3,560,0,2,1,359]
s: 560
i: [1,358,0,2,1,1,0,0] t32_matrix_8
a: [3,565,0,2,1,358]
s: 565
i: [1,357,0,2,1,1,0,0] t32_matrix_8
a: [3,570,0,2,1,357]
s: 570
i: [1,356,0,2,1,1,0,0] t32_matrix_8
a: [3,575,0,2,1,356]
s: 575
i: [1,355,0,2,1,1,0,0] t32_matrix_8
a: [3,580,0,2,1,355]
s: 580
i: [1,354,0,2,1,1,0,0] t32_matrix_8
a: [3,585,0,2,1,354]
s: 585
i: [1,369,0,4,1,1,0,0] t32_matrix_8
a: [3,510,0,4,1,369]
s: 510
i: [1,368,0,4,1,1,0,0] t32_matrix_8
a: [3,515,0,4,1,368]
s: 515
i: [1,370,0,5,1,1,0,0] t32_matrix_8
a: [3,505,0,5,1,370]
s: 505
i: [1,367,0,6,1,1,0,0] t32_matrix_8
a: [3,520,0,6,1,367]
s: 520
i: [1,371,0,2,1,0,0,255] spc1_boole
a: [3,590,0,2,1,371]
s: 590
i: [1,376,0,2,1,0,0,255] fc6_ordinal1
a: [3,610,0,2,1,376]
s: 610
i: [1,375,0,2,1,0,0,255] fc6_ordinal1
a: [3,615,0,2,1,375]
s: 615
i: [1,478,0,2,1,0,0,255] existence_l3_algstr_0
a: [3,635,0,2,1,478]
s: 635
i: [1,479,0,2,1,0,0,255] existence_l5_algstr_0
a: [3,640,0,2,1,479]
s: 640
i: [1,480,0,2,1,0,0,255] existence_l2_algstr_0
a: [3,645,0,2,1,480]
s: 645
i: [1,481,0,2,1,0,0,255] existence_l1_algstr_0
a: [3,650,0,2,1,481]
s: 650
i: [1,482,0,2,1,0,0,255] existence_l4_algstr_0
a: [3,655,0,2,1,482]
s: 655
i: [1,483,0,2,1,0,0,255] existence_l4_struct_0
a: [3,660,0,2,1,483]
s: 660
i: [1,484,0,2,1,0,0,1] existence_l6_algstr_0
a: [3,665,0,2,1,484]
s: 665
i: [1,485,0,2,1,0,0,255] existence_l3_struct_0
a: [3,670,0,2,1,485]
s: 670
i: [1,486,0,2,1,0,0,255] existence_l2_struct_0
a: [3,675,0,2,1,486]
s: 675
i: [1,487,0,2,1,0,0,1] rc4_ordinal1
a: [3,680,0,2,1,487]
s: 680
i: [1,488,0,2,1,0,0,2] existence_l1_struct_0
a: [3,685,0,2,1,488]
s: 685
i: [1,489,0,2,1,0,0,255] rc1_ordinal1
a: [3,690,0,2,1,489]
s: 690
i: [1,493,0,2,1,0,0,255] rc2_ordinal1
a: [3,695,0,2,1,493]
s: 695
i: [1,492,0,2,1,0,0,255] rc2_ordinal1
a: [3,700,0,2,1,492]
s: 700
i: [1,491,0,2,1,0,0,255] rc2_ordinal1
a: [3,705,0,2,1,491]
s: 705
i: [1,490,0,2,1,0,0,255] rc2_ordinal1
a: [3,710,0,2,1,490]
s: 710
i: [1,495,0,2,1,0,0,1] rc5_ordinal1
a: [3,715,0,2,1,495]
s: 715
i: [1,494,0,2,1,0,0,1] rc5_ordinal1
a: [3,720,0,2,1,494]
s: 720
i: [1,498,0,2,1,0,0,255] rc20_struct_0
a: [3,725,0,2,1,498]
s: 725
i: [1,497,0,2,1,0,0,255] rc20_struct_0
a: [3,730,0,2,1,497]
s: 730
i: [1,496,0,2,1,0,0,255] rc20_struct_0
a: [3,735,0,2,1,496]
s: 735
i: [1,499,0,2,1,0,0,255] rc4_xreal_0
a: [3,740,0,2,1,499]
s: 740
i: [1,457,0,3,1,0,0,255] reflexivity_r1_tarski
s: 457
i: [1,372,0,3,1,0,0,255] redefinition_k5_numbers
a: [3,595,0,3,1,372]
s: 595
i: [1,373,0,3,1,0,0,255] t1_numerals
a: [3,600,0,3,1,373]
s: 600
i: [1,379,0,3,1,0,0,255] spc1_numerals
a: [3,620,0,3,1,379]
s: 620
i: [1,378,0,3,1,0,0,255] spc1_numerals
a: [3,625,0,3,1,378]
s: 625
i: [1,500,0,3,1,0,0,255] rc1_int_1
a: [3,745,0,3,1,500]
s: 745
d: [2,747,0,3,1,2,22,625,595]
a: [3,751,0,3,1,747]
s: 751
i: [1,381,0,4,2,0,0,255] dt_l1_algstr_0
s: 381
i: [1,382,0,4,2,0,0,255] dt_l3_algstr_0
s: 382
d: [2,753,1,2,1,1,40,381,650]
a: [3,757,1,2,1,753]
s: 757
i: [1,383,0,4,2,0,0,255] dt_l5_algstr_0
s: 383
d: [2,759,1,2,1,1,40,382,635]
a: [3,763,1,2,1,759]
s: 763
i: [1,384,0,4,2,0,0,255] dt_l5_algstr_0
s: 384
i: [1,385,0,4,2,0,0,255] dt_l4_algstr_0
s: 385
d: [2,765,1,2,1,1,40,383,640]
a: [3,769,1,2,1,765]
s: 769
i: [1,386,0,4,2,0,0,255] dt_l4_algstr_0
s: 386
d: [2,771,1,2,1,1,40,384,640]
a: [3,775,1,2,1,771]
s: 775
i: [1,387,0,4,2,0,0,255] dt_l2_algstr_0
s: 387
i: [1,388,0,4,2,0,0,255] dt_l2_algstr_0
s: 388
d: [2,777,1,2,1,1,40,385,655]
a: [3,781,1,2,1,777]
s: 781
i: [1,390,0,4,2,0,0,255] dt_l4_struct_0
s: 390
d: [2,789,1,2,1,1,40,386,655]
a: [3,794,1,2,1,789]
s: 794
i: [1,391,0,4,2,0,0,255] dt_l4_struct_0
s: 391
i: [1,393,0,4,2,0,0,255] dt_l6_algstr_0
s: 393
d: [2,839,1,2,1,1,40,393,525]
a: [3,844,1,2,1,839]
s: 844
i: [1,394,0,4,2,0,0,255] dt_l6_algstr_0
s: 394
d: [2,863,1,2,1,1,40,394,525]
a: [3,868,1,2,1,863]
s: 868
i: [1,395,0,4,2,0,0,255] dt_l3_struct_0
s: 395
i: [1,396,0,4,2,0,0,255] dt_l2_struct_0
s: 396
d: [2,851,2,2,1,1,40,844,388]
a: [3,856,2,2,1,851]
s: 856
i: [1,397,0,4,2,0,0,255] cc6_ordinal1
s: 397
d: [2,913,1,2,1,1,40,397,585]
a: [3,919,1,2,1,913]
s: 919
i: [1,422,0,4,2,0,0,255] cc1_ordinal1
s: 422
i: [1,423,0,4,2,0,0,255] cc1_ordinal1
s: 423
d: [2,852,2,2,1,1,40,844,387]
a: [3,861,2,2,1,852]
s: 861
i: [1,425,0,4,2,0,0,255] cc9_ordinal1
s: 425
d: [2,875,2,2,1,1,40,868,384]
a: [3,880,2,2,1,875]
s: 880
i: [1,426,0,4,2,0,0,1] cc7_ordinal1
s: 426
i: [1,427,0,4,2,0,0,255] cc3_ordinal1
s: 427
d: [2,876,2,2,1,1,40,868,383]
a: [3,885,2,2,1,876]
s: 885
i: [1,454,0,4,1,0,0,255] existence_m1_finseq_1
s: 454
d: [2,932,2,2,1,1,40,422,919]
a: [3,943,2,2,1,932]
s: 943
i: [1,455,0,4,1,0,0,255] existence_m2_finseq_1
s: 455
i: [1,456,0,4,1,0,0,255] existence_m1_subset_1
s: 456
d: [2,951,2,2,1,1,40,423,919]
a: [3,962,2,2,1,951]
s: 962
i: [1,468,0,4,1,0,0,255] rc1_relset_1
s: 468
d: [2,907,3,2,1,1,40,856,381]
a: [3,911,3,2,1,907]
s: 911
i: [1,374,0,4,1,0,0,255] dt_k5_numbers
a: [3,605,0,4,1,374]
s: 605
i: [1,377,0,4,1,0,0,255] spc1_numerals
a: [3,630,0,4,1,377]
s: 630
d: [2,977,3,2,1,1,40,880,391]
a: [3,982,3,2,1,977]
s: 982
d: [2,1007,0,4,1,2,22,605,595]
a: [3,1011,0,4,1,1007]
s: 1011
d: [2,996,3,2,1,1,40,885,386]
a: [3,1001,3,2,1,996]
s: 1001
d: [2,1013,0,4,1,2,22,630,595]
a: [3,1017,0,4,1,1013]
s: 1017
i: [1,380,0,5,1,0,0,255] redefinition_k3_finseq_2
s: 380
d: [2,801,1,2,1,1,40,387,645]
a: [3,805,1,2,1,801]
s: 805
i: [1,428,0,5,2,0,0,255] t6_boole
s: 428
d: [2,807,1,2,1,1,40,388,645]
a: [3,811,1,2,1,807]
s: 811
i: [1,429,0,5,2,0,0,255] cc8_ordinal1
s: 429
i: [1,451,0,5,2,0,0,255] t7_boole
s: 451
d: [2,813,1,2,1,1,40,390,660]
a: [3,818,1,2,1,813]
s: 818
i: [1,392,0,6,3,0,0,255] cc3_struct_0
s: 392
d: [2,1057,3,4,2,1,40,392,880]
d: [2,1076,3,2,1,2,21,1057,575]
a: [3,1080,3,2,1,1076]
s: 1080
i: [1,408,0,6,3,0,0,255] cc7_struct_0
s: 408
i: [1,409,0,6,3,0,0,255] cc5_struct_0
s: 409
d: [2,831,1,2,1,1,40,391,660]
a: [3,836,1,2,1,831]
s: 836
i: [1,411,0,6,3,0,0,255] cc17_struct_0
s: 411
d: [2,840,1,2,1,1,40,393,665]
a: [3,849,1,2,1,840]
s: 849
i: [1,412,0,6,3,0,0,255] cc2_struct_0
s: 412
i: [1,413,0,6,3,0,0,255] cc6_struct_0
s: 413
d: [2,864,1,2,1,1,40,394,665]
a: [3,873,1,2,1,864]
s: 873
i: [1,414,0,6,3,0,0,255] cc1_struct_0
s: 414
d: [2,887,1,2,1,1,40,395,670]
a: [3,892,1,2,1,887]
s: 892
i: [1,417,0,6,3,0,0,255] cc4_struct_0
s: 417
i: [1,440,0,6,3,0,0,255] cc2_ordinal1
s: 440
d: [2,895,1,2,1,1,40,396,675]
a: [3,900,1,2,1,895]
s: 900
i: [1,444,0,6,2,0,0,255] t1_subset
s: 444
d: [2,896,1,2,1,1,40,396,735]
a: [3,905,1,2,1,896]
s: 905
i: [1,447,0,6,2,0,0,255] redefinition_m2_finseq_1
s: 447
i: [1,448,0,6,2,0,0,255] redefinition_m2_finseq_1
s: 448
d: [2,914,1,2,1,1,40,397,680]
a: [3,924,1,2,1,914]
s: 924
i: [1,460,0,6,2,0,0,255] antisymmetry_r2_hidden
s: 460
d: [2,915,1,2,1,1,40,397,715]
a: [3,929,1,2,1,915]
s: 929
i: [1,415,0,7,3,0,0,255] cc8_struct_0
s: 415
i: [1,418,0,7,3,0,0,255] cc9_struct_0
s: 418
d: [2,931,1,2,1,1,40,422,610]
a: [3,938,1,2,1,931]
s: 938
i: [1,419,0,7,3,0,0,255] cc11_struct_0
s: 419
d: [2,933,1,2,1,1,40,422,690]
a: [3,948,1,2,1,933]
s: 948
i: [1,420,0,7,3,0,0,255] cc11_struct_0
s: 420
i: [1,424,0,7,3,0,0,255] cc5_ordinal1
s: 424
d: [2,950,1,2,1,1,40,423,610]
a: [3,957,1,2,1,950]
s: 957
i: [1,430,0,7,3,0,0,255] fc9_struct_0
s: 430
d: [2,952,1,2,1,1,40,423,690]
a: [3,967,1,2,1,952]
s: 967
i: [1,431,0,7,3,0,0,255] fc6_struct_0
s: 431
i: [1,433,0,7,3,0,0,255] rc22_struct_0
s: 433
d: [2,971,1,2,1,1,40,425,740]
a: [3,975,1,2,1,971]
s: 975
i: [1,434,0,7,3,0,0,1] fc2_struct_0
s: 434
d: [2,984,1,2,1,1,40,426,740]
a: [3,988,1,2,1,984]
s: 988
i: [1,436,0,7,3,0,0,255] rc4_struct_0
s: 436
i: [1,438,0,7,3,0,0,255] rc21_struct_0
s: 438
d: [2,990,1,2,1,1,40,427,740]
a: [3,994,1,2,1,990]
s: 994
i: [1,439,0,7,3,0,0,255] rc21_struct_0
s: 439
d: [2,1031,1,2,1,1,40,429,751]
a: [3,1037,1,2,1,1031]
s: 1037
i: [1,441,0,7,3,0,0,255] fc8_struct_0
s: 441
i: [1,442,0,7,3,0,0,255] fc7_struct_0
s: 442
d: [2,1032,1,2,1,1,40,429,600]
a: [3,1042,1,2,1,1032]
s: 1042
i: [1,443,0,7,3,0,0,1] fc1_struct_0
s: 443
d: [2,1055,1,4,2,1,40,392,660]
a: [3,1061,1,2,1,1055]
s: 1061
i: [1,449,0,7,2,0,0,255] t3_subset
s: 449
i: [1,450,0,7,3,0,0,1] t8_boole
s: 450
d: [2,1082,1,4,2,1,40,408,725]
a: [3,1086,1,2,1,1082]
s: 1086
i: [1,389,0,8,3,0,0,255] cc10_ordinal1
s: 389
d: [2,1091,1,4,2,1,40,409,685]
a: [3,1113,1,2,1,1091]
s: 1113
i: [1,446,0,8,3,0,0,255] t2_subset
s: 446
i: [1,467,0,8,1,0,0,255] rc1_relset_1
s: 467
d: [2,1230,1,4,2,1,40,424,620]
a: [3,1239,1,2,1,1230]
s: 1239
i: [1,421,0,9,4,0,0,255] cc10_struct_0
s: 421
a: [3,1243,1,2,1,1230]
s: 1243
i: [1,445,0,9,2,0,0,255] dt_m2_finseq_1
s: 445
i: [1,453,0,9,3,0,0,255] t5_subset
s: 453
d: [2,1233,1,4,2,1,40,424,600]
d: [2,1247,1,2,1,2,21,1233,610]
a: [3,1251,1,2,1,1247]
s: 1251
d: [2,1362,0,9,2,1,22,445,595]
s: 1362
d: [2,1290,1,4,2,1,40,389,1011]
a: [3,1295,1,2,1,1290]
s: 1295
i: [1,432,0,10,3,0,0,255] rc22_struct_0
s: 432
i: [1,435,0,10,3,0,0,255] rc4_struct_0
s: 435
d: [2,1302,1,5,2,1,40,446,620]
a: [3,1314,1,2,1,1302]
s: 1314
i: [1,437,0,10,3,0,0,255] rc21_struct_0
s: 437
d: [2,783,2,2,1,1,40,769,385]
a: [3,787,2,2,1,783]
s: 787
i: [1,452,0,10,3,0,0,255] t4_subset
s: 452
i: [1,458,0,10,3,0,0,255] cc3_relset_1
s: 458
d: [2,790,2,2,1,1,40,386,769]
a: [3,799,2,2,1,790]
s: 799
i: [1,459,0,10,3,0,0,255] cc4_relset_1
s: 459
d: [2,814,2,2,1,1,40,390,775]
a: [3,823,2,2,1,814]
s: 823
i: [1,469,0,13,5,0,0,255] dt_m1_matrix_1
s: 469
i: [1,464,0,14,4,0,0,255] existence_m2_subset_1
s: 464
d: [2,1426,1,9,4,1,40,469,520]
d: [2,1427,1,7,3,1,18,1426]
d: [2,1428,1,5,2,2,21,1427,585]
a: [3,1432,1,3,1,1428]
s: 1432
d: [2,1438,4,0,0,3,52,580,911,1432,434]
e: 1438
d: [2,1439,2,4,2,1,40,1432,434]
d: [2,1444,2,2,1,2,21,1439,911]
d: [2,1445,2,0,0,3,21,1444,580]
e: 1445
r: 1432
i: [1,465,0,14,4,0,0,1] dt_k12_matrix_1
s: 465
a: [3,1436,1,2,1,1428]
s: 1436
i: [1,471,0,14,4,0,0,1] existence_m1_matrix_1
s: 471
i: [1,461,0,15,5,0,0,255] dt_m2_subset_1
s: 461
a: [3,1431,1,3,1,1428]
s: 1431
i: [1,462,0,15,5,0,0,255] redefinition_m2_subset_1
s: 462
d: [2,825,2,2,1,1,40,794,382]
a: [3,829,2,2,1,825]
s: 829
i: [1,463,0,15,5,0,0,255] redefinition_m2_subset_1
s: 463
i: [1,470,0,15,5,0,0,255] dt_m1_matrix_1
s: 470
d: [2,1486,1,12,4,1,40,470,520]
d: [2,1491,1,10,3,1,18,1486]
d: [2,1492,1,8,2,2,21,1491,585]
d: [2,1493,1,5,1,3,21,1492,1431]
a: [3,1497,1,5,1,1493]
s: 1497
i: [1,466,0,32,14,0,0,255] fc1_matrix_8
s: 466
d: [2,1499,2,5,1,1,40,1497,447]
a: [3,1503,2,5,1,1499]
s: 1503
i: [1,400,0,40,16,0,0,1] d4_matrix_8
s: 400
i: [1,474,0,41,15,0,0,2] dt_k5_matrix_6
s: 474
d: [2,1506,1,34,15,1,40,400,520]
d: [2,1511,1,30,14,2,21,1506,515]
d: [2,1512,1,28,13,3,21,1511,525]
d: [2,1513,1,26,12,4,21,1512,530]
d: [2,1514,1,24,11,5,21,1513,535]
d: [2,1515,1,22,10,6,21,1514,540]
d: [2,1516,1,20,9,7,21,1515,545]
d: [2,1517,1,18,8,8,21,1516,550]
d: [2,1518,1,16,7,9,21,1517,555]
d: [2,1519,1,14,6,10,21,1518,560]
d: [2,1520,1,12,5,11,21,1519,565]
d: [2,1521,1,10,4,12,21,1520,570]
d: [2,1522,1,8,3,13,21,1521,575]
d: [2,1523,1,6,2,14,21,1522,580]
d: [2,1524,1,4,1,15,21,1523,585]
a: [3,1528,1,4,1,1524]
s: 1528
i: [1,401,0,42,16,0,0,1] d4_matrix_8
s: 401
d: [2,1536,1,36,15,1,40,401,520]
d: [2,1543,1,32,14,2,21,1536,515]
d: [2,1544,1,30,13,3,21,1543,525]
d: [2,1545,1,28,12,4,21,1544,530]
d: [2,1546,1,26,11,5,21,1545,535]
d: [2,1547,1,24,10,6,21,1546,540]
d: [2,1548,1,22,9,7,21,1547,545]
d: [2,1549,1,20,8,8,21,1548,550]
d: [2,1550,1,18,7,9,21,1549,555]
d: [2,1551,1,16,6,10,21,1550,560]
d: [2,1552,1,14,5,11,21,1551,565]
d: [2,1553,1,12,4,12,21,1552,570]
d: [2,1554,1,10,3,13,21,1553,575]
d: [2,1555,1,8,2,14,21,1554,580]
d: [2,1556,1,6,1,15,21,1555,585]
a: [3,1560,1,6,1,1556]
s: 1560
i: [1,403,0,43,16,0,0,1] d1_matrix_8
s: 403
i: [1,404,0,43,16,0,0,1] d1_matrix_8
s: 404
d: [2,1021,2,2,1,1,40,805,396]
a: [3,1025,2,2,1,1021]
s: 1025
i: [1,472,0,43,17,0,0,255] dt_k4_matrix_3
s: 472
d: [2,1049,2,2,1,1,40,818,396]
a: [3,1053,2,2,1,1049]
s: 1053
i: [1,402,0,46,17,0,0,1] d4_matrix_8
s: 402
i: [1,473,0,46,17,0,0,255] dt_k4_matrix_3
s: 473
d: [2,1056,2,4,2,1,40,392,775]
a: [3,1070,2,2,1,1056]
s: 1070
i: [1,475,0,48,16,0,0,2] redefinition_k4_matrix_6
s: 475
d: [2,1089,2,4,2,1,40,409,763]
a: [3,1095,2,2,1,1089]
s: 1095
i: [1,476,0,48,16,0,0,2] dt_k4_matrix_6
s: 476
i: [1,477,0,48,17,0,0,3] symmetry_r2_matrix_6
s: 477
d: [2,1090,2,4,2,1,40,409,757]
a: [3,1104,2,2,1,1090]
s: 1104
i: [1,406,0,51,17,0,0,3] d2_matrix_6
s: 406
d: [2,1140,2,2,1,1,40,849,388]
a: [3,1145,2,2,1,1140]
s: 1145
i: [1,405,0,52,17,0,0,3] d2_matrix_6
s: 405
i: [1,399,0,53,18,0,0,2] d4_matrix_6
s: 399
d: [2,1141,2,2,1,1,40,849,387]
a: [3,1150,2,2,1,1141]
s: 1150
i: [1,501,0,53,17,0,0,2] d4_matrix_6
s: 501
d: [2,1152,2,2,1,1,40,873,384]
a: [3,1157,2,2,1,1152]
s: 1157
d: [2,1704,0,44,16,0,21,501,474]
s: 1704
i: [1,407,0,60,18,0,0,3] d2_matrix_6
s: 407
d: [2,1722,2,41,16,1,44,1704,1560]
d: [2,1723,2,37,15,2,21,1722,1528]
d: [2,1724,2,31,14,3,21,1723,520]
d: [2,1725,2,29,13,4,21,1724,525]
d: [2,1726,2,27,12,5,21,1725,530]
d: [2,1727,2,25,11,6,21,1726,535]
d: [2,1728,2,23,10,7,21,1727,540]
d: [2,1729,2,21,9,8,21,1728,545]
d: [2,1730,2,19,8,9,21,1729,550]
d: [2,1731,2,17,7,10,21,1730,555]
d: [2,1732,2,15,6,11,21,1731,560]
d: [2,1733,2,13,5,12,21,1732,565]
d: [2,1734,2,11,4,13,21,1733,570]
d: [2,1735,2,9,3,14,21,1734,575]
d: [2,1736,2,7,2,15,21,1735,580]
d: [2,1737,2,5,1,16,21,1736,585]
a: [3,1741,2,5,1,1737]
s: 1741
d: [2,1033,1,3,1,0,40,429,456]
a: [3,1047,1,3,1,1033]
s: 1047
d: [2,1153,2,2,1,1,40,873,383]
a: [3,1162,2,2,1,1153]
s: 1162
a: [3,1311,1,3,1,1302]
s: 1311
d: [2,1303,1,5,2,1,40,446,751]
d: [2,1317,1,3,1,2,21,1303,615]
a: [3,1321,1,3,1,1317]
s: 1321
d: [2,1164,2,4,2,1,40,892,411]
a: [3,1169,2,2,1,1164]
s: 1169
d: [2,1305,1,5,2,1,40,446,600]
d: [2,1332,1,3,1,2,21,1305,615]
a: [3,1336,1,3,1,1332]
s: 1336
d: [2,1182,2,4,2,1,40,900,411]
a: [3,1187,2,2,1,1182]
s: 1187
d: [2,1307,1,5,2,1,40,446,745]
a: [3,1341,1,3,1,1307]
s: 1341
d: [2,1633,1,42,16,1,40,477,520]
d: [2,1639,1,40,15,2,21,1633,525]
d: [2,1640,1,38,14,3,21,1639,530]
d: [2,1641,1,36,13,4,21,1640,535]
d: [2,1642,1,34,12,5,21,1641,540]
d: [2,1643,1,32,11,6,21,1642,545]
d: [2,1644,1,30,10,7,21,1643,550]
d: [2,1645,1,28,9,8,21,1644,555]
d: [2,1646,1,26,8,9,21,1645,560]
d: [2,1647,1,24,7,10,21,1646,565]
d: [2,1648,1,22,6,11,21,1647,570]
d: [2,1649,1,20,5,12,21,1648,575]
d: [2,1650,1,18,4,13,21,1649,580]
d: [2,1651,1,16,3,14,21,1650,585]
s: 1651
d: [2,1808,2,20,5,14,40,1651,465]
d: [2,1814,2,18,4,14,21,1808,585]
d: [2,1815,2,16,3,14,21,1814,525]
d: [2,1816,2,14,2,14,21,1815,580]
a: [3,1820,2,7,1,1816]
s: 1820
d: [2,1004,1,4,1,0,40,468,427]
s: 1004
d: [2,1202,2,2,1,1,40,924,423]
a: [3,1207,2,2,1,1202]
s: 1207
d: [2,1005,1,4,1,0,40,468,426]
s: 1005
d: [2,1006,1,4,1,0,40,468,425]
s: 1006
d: [2,1203,2,2,1,1,40,924,422]
a: [3,1212,2,2,1,1203]
s: 1212
d: [2,1200,1,4,1,0,40,447,455]
s: 1200
d: [2,1214,2,2,1,1,40,929,423]
a: [3,1219,2,2,1,1214]
s: 1219
d: [2,1201,1,4,1,0,40,448,454]
s: 1201
d: [2,1304,1,7,2,1,40,446,1011]
a: [3,1326,1,4,1,1304]
s: 1326
d: [2,1215,2,2,1,1,40,929,422]
a: [3,1224,2,2,1,1215]
s: 1224
a: [3,1329,1,3,1,1304]
s: 1329
d: [2,1262,2,2,1,1,40,994,423]
a: [3,1267,2,2,1,1262]
s: 1267
d: [2,1028,1,5,2,1,44,600,428]
s: 1028
d: [2,1234,1,5,2,0,40,424,456]
s: 1234
d: [2,1263,2,2,1,1,40,994,422]
a: [3,1272,2,2,1,1263]
s: 1272
d: [2,1683,1,47,17,1,40,399,520]
d: [2,1689,1,45,16,2,21,1683,525]
d: [2,1690,1,43,15,3,21,1689,530]
d: [2,1691,1,41,14,4,21,1690,535]
d: [2,1692,1,39,13,5,21,1691,540]
d: [2,1693,1,37,12,6,21,1692,545]
d: [2,1694,1,35,11,7,21,1693,550]
d: [2,1695,1,33,10,8,21,1694,555]
d: [2,1696,1,31,9,9,21,1695,560]
d: [2,1697,1,29,8,10,21,1696,565]
d: [2,1698,1,27,7,11,21,1697,570]
d: [2,1699,1,25,6,12,21,1698,575]
d: [2,1700,1,23,5,13,21,1699,580]
d: [2,1701,1,21,4,14,21,1700,585]
s: 1701
a: [3,1823,2,7,1,1816]
s: 1823
d: [2,1291,1,6,2,0,40,389,456]
s: 1291
d: [2,1306,1,6,2,0,40,446,456]
s: 1306
d: [2,1891,2,34,6,14,40,1701,471]
d: [2,1892,2,32,5,14,18,1891]
d: [2,1931,2,30,4,14,21,1892,585]
d: [2,1932,2,27,3,15,21,1931,1431]
a: [3,1936,2,8,1,1932]
s: 1936
d: [2,1408,1,6,2,1,40,452,1011]
s: 1408
d: [2,1350,2,2,1,1,40,1243,423]
a: [3,1355,2,2,1,1350]
s: 1355
d: [2,1027,1,7,3,0,44,428,428]
s: 1027
d: [2,1284,1,7,3,0,40,443,427]
s: 1284
d: [2,1351,2,2,1,1,40,1243,422]
a: [3,1360,2,2,1,1351]
s: 1360
d: [2,1285,1,7,3,0,40,443,426]
s: 1285
d: [2,1371,2,2,1,1,40,1251,423]
a: [3,1377,2,2,1,1371]
s: 1377
d: [2,1286,1,7,3,0,40,443,425]
s: 1286
d: [2,1289,1,7,3,0,40,389,449]
s: 1289
d: [2,1372,2,2,1,1,40,1251,422]
a: [3,1382,2,2,1,1372]
s: 1382
d: [2,1365,1,7,2,0,40,453,456]
s: 1365
d: [2,1400,3,2,1,1,40,787,395]
a: [3,1404,3,2,1,1400]
s: 1404
d: [2,1420,1,7,3,1,40,459,1362]
s: 1420
d: [2,1476,1,11,4,1,40,463,1011]
d: [2,1482,1,9,3,2,21,1476,615]
d: [2,1483,1,7,2,3,21,1482,1314]
s: 1483
d: [2,1982,2,6,2,2,40,1420,1497]
a: [3,1992,2,4,1,1982]
s: 1992
d: [2,1288,1,8,3,0,40,449,424]
s: 1288
d: [2,1458,3,4,2,1,40,829,411]
a: [3,1463,3,2,1,1458]
s: 1463
d: [2,1343,1,8,2,0,40,467,389]
s: 1343
d: [2,1363,1,8,3,0,40,453,449]
s: 1363
d: [2,1565,3,4,2,1,40,1025,411]
a: [3,1570,3,2,1,1565]
s: 1570
d: [2,1412,1,8,2,0,40,452,456]
s: 1412
d: [2,1596,3,4,2,1,40,1053,411]
d: [2,1598,3,2,1,2,21,1596,1061]
a: [3,1602,3,2,1,1598]
s: 1602
d: [2,1416,1,8,2,0,40,458,456]
s: 1416
d: [2,1422,1,8,2,0,40,459,456]
s: 1422
d: [2,1662,3,2,1,1,40,1145,381]
a: [3,1666,3,2,1,1662]
s: 1666
d: [2,1226,1,9,4,0,44,415,428]
s: 1226
d: [2,1705,3,4,2,1,40,1157,392]
a: [3,1711,3,2,1,1705]
s: 1711
d: [2,1228,1,9,4,0,44,418,428]
s: 1228
d: [2,1345,1,9,2,0,40,467,424]
s: 1345
d: [2,1706,3,2,1,1,40,1157,391]
a: [3,1720,3,2,1,1706]
s: 1720
d: [2,1366,1,9,2,0,40,453,467]
s: 1366
d: [2,1767,3,2,1,1,40,1162,386]
a: [3,1772,3,2,1,1767]
s: 1772
d: [2,1385,1,9,3,1,40,1362,389]
s: 1385
d: [2,1406,1,9,3,0,40,452,449]
s: 1406
d: [2,1968,4,4,2,1,40,1404,411]
d: [2,1970,4,2,1,2,21,1968,1070]
a: [3,1974,4,2,1,1970]
s: 1974
d: [2,1415,1,9,3,0,40,458,449]
s: 1415
d: [2,2008,4,4,2,1,40,1666,411]
a: [3,2013,4,2,1,2008]
s: 2013
d: [2,1421,1,9,3,0,40,459,449]
s: 1421
d: [2,1301,1,10,3,0,40,446,449]
s: 1301
d: [2,1812,2,25,5,14,40,1651,471]
d: [2,1813,2,23,4,14,18,1812]
d: [2,1852,2,21,3,14,21,1813,585]
d: [2,1853,2,18,2,15,21,1852,1431]
a: [3,1857,2,9,1,1853]
s: 1857
d: [2,1384,1,10,3,1,40,1362,453]
s: 1384
d: [2,1761,2,3,1,1,40,1047,397]
a: [3,1765,2,3,1,1761]
s: 1765
d: [2,1387,1,10,3,1,40,1362,424]
s: 1387
d: [2,1389,1,10,4,0,40,432,389]
s: 1389
d: [2,1775,2,3,1,1,40,1311,460]
a: [3,1781,2,3,1,1775]
s: 1781
d: [2,1393,1,10,4,0,40,435,389]
s: 1393
d: [2,1783,2,3,1,1,40,1321,460]
a: [3,1789,2,3,1,1783]
s: 1789
d: [2,1397,1,10,4,0,40,437,389]
s: 1397
d: [2,1413,1,10,2,0,40,452,467]
s: 1413
d: [2,1791,2,3,1,1,40,1336,460]
a: [3,1798,2,3,1,1791]
s: 1798
d: [2,1388,1,11,4,0,40,432,453]
s: 1388
d: [2,1800,2,3,1,1,40,1341,460]
a: [3,1806,2,3,1,1800]
s: 1806
d: [2,1391,1,11,4,0,40,432,424]
s: 1391
d: [2,1395,1,11,4,0,40,435,424]
s: 1395
d: [2,1946,2,3,1,2,40,1408,1336]
a: [3,1951,2,3,1,1946]
s: 1951
r: 1483
r: 1314
r: 1311
r: 1341
a: [3,1315,1,2,1,1302]
s: 1315
d: [2,2078,2,0,0,2,52,1295,1315,425]
e: 2078
d: [2,2079,2,0,0,2,52,1239,1315,427]
e: 2079
d: [2,2080,2,0,0,3,52,1321,1011,1315,453]
e: 2080
d: [2,2081,2,2,1,1,40,1315,427]
d: [2,2087,2,0,0,2,21,2081,1239]
e: 2087
d: [2,2083,2,2,1,1,40,1315,425]
d: [2,2089,2,0,0,2,21,2083,1295]
e: 2089
r: 1315
s: 1314
s: 1311
s: 1341
d: [2,1364,1,5,2,1,40,453,1011]
a: [3,1369,1,3,1,1364]
s: 1369
r: 1408
d: [2,2101,2,0,0,2,40,1369,1336]
e: 2101
d: [2,2100,2,0,0,2,40,1369,1321]
e: 2100
d: [2,2097,2,0,0,2,52,1321,1369]
e: 2097
d: [2,2098,2,0,0,3,52,751,615,1369,446]
e: 2098
d: [2,2099,2,0,0,2,52,615,1369,1306]
e: 2099
d: [2,2102,2,2,1,1,40,1369,1306]
d: [2,2108,2,0,0,2,21,2102,615]
e: 2108
r: 1369
s: 1408
d: [2,1582,3,38,16,1,40,472,1503]
d: [2,1583,3,36,15,2,21,1582,1436]
d: [2,1584,3,34,14,3,21,1583,525]
d: [2,1585,3,32,13,4,21,1584,530]
d: [2,1586,3,30,12,5,21,1585,535]
d: [2,1587,3,28,11,6,21,1586,540]
d: [2,1588,3,26,10,7,21,1587,545]
d: [2,1589,3,24,9,8,21,1588,550]
d: [2,1590,3,22,8,9,21,1589,555]
d: [2,1591,3,20,7,10,21,1590,560]
d: [2,1592,3,18,6,11,21,1591,565]
d: [2,1593,3,16,5,12,21,1592,570]
d: [2,1594,3,14,4,13,21,1593,575]
d: [2,1595,3,12,3,14,21,1594,580]
s: 1595
a: [3,2076,1,7,2,1482]
s: 2076
d: [2,1399,1,11,4,0,40,437,424]
s: 1399
d: [2,2115,4,13,2,14,40,1595,454]
a: [3,2121,4,5,1,2115]
s: 2121
d: [2,1407,1,11,3,1,40,452,1362]
s: 1407
d: [2,2116,4,7,2,14,40,1595,1503]
d: [2,2127,4,5,1,14,21,2116,1436]
a: [3,2131,4,5,1,2127]
s: 2131
d: [2,1449,1,17,7,0,40,471,469]
d: [2,1450,1,11,4,0,18,1449]
s: 1450
d: [2,1409,1,12,4,0,40,452,432]
s: 1409
d: [2,2117,4,13,2,14,40,1595,1200]
a: [3,2136,4,5,1,2117]
s: 2136
d: [2,1410,1,12,4,0,40,452,435]
s: 1410
d: [2,2041,3,3,1,1,40,1765,423]
a: [3,2046,3,3,1,2041]
s: 2046
d: [2,1411,1,12,4,0,40,452,437]
s: 1411
d: [2,1344,1,13,2,0,40,467,446]
s: 1344
d: [2,2042,3,3,1,1,40,1765,422]
a: [3,2051,3,3,1,2042]
s: 2051
d: [2,1447,1,17,7,0,40,465,469]
d: [2,1448,1,13,5,0,18,1447]
s: 1448
d: [2,2062,3,5,2,1,40,1951,446]
d: [2,2065,3,3,1,2,21,2062,1314]
a: [3,2069,3,3,1,2065]
s: 2069
d: [2,1452,1,21,7,0,40,461,464]
d: [2,1453,1,13,4,0,18,1452]
s: 1453
d: [2,1456,1,21,7,0,40,462,464]
d: [2,1457,1,13,4,0,18,1456]
s: 1457
d: [2,2175,4,3,1,1,40,2069,460]
a: [3,2182,4,3,1,2175]
s: 2182
d: [2,1488,1,19,7,0,40,470,471]
d: [2,1489,1,13,4,0,18,1488]
s: 1489
d: [2,1863,2,4,1,0,40,1004,423]
s: 1863
d: [2,1386,1,14,3,1,40,1362,446]
s: 1386
d: [2,1390,1,14,4,0,40,432,446]
s: 1390
d: [2,1864,2,4,1,0,40,1004,422]
s: 1864
d: [2,1394,1,14,4,0,40,435,446]
s: 1394
d: [2,1871,2,4,1,1,40,1326,460]
a: [3,1877,2,4,1,1871]
s: 1877
d: [2,1398,1,14,4,0,40,437,446]
s: 1398
d: [2,1474,1,14,5,0,40,463,449]
s: 1474
d: [2,1947,2,6,2,1,40,1408,1306]
d: [2,1953,2,4,1,2,21,1947,615]
a: [3,1957,2,4,1,1953]
s: 1957
d: [2,1487,1,20,7,0,40,470,465]
d: [2,1490,1,16,5,0,18,1487]
s: 1490
d: [2,1964,3,4,2,1,44,1377,428]
s: 1964
d: [2,1480,1,17,4,0,40,463,456]
s: 1480
d: [2,1475,1,18,5,1,40,463,1362]
s: 1475
d: [2,1966,3,4,2,1,44,1382,428]
s: 1966
d: [2,1478,1,20,6,0,40,463,435]
d: [2,1484,1,18,5,0,21,1478,443]
s: 1484
d: [2,2227,3,6,2,1,40,1957,446]
d: [2,2229,3,4,1,2,21,2227,1314]
a: [3,2233,3,4,1,2229]
s: 2233
d: [2,1479,1,20,6,0,40,463,437]
d: [2,1485,1,18,5,0,21,1479,443]
s: 1485
d: [2,1477,1,20,6,0,40,463,432]
s: 1477
d: [2,2263,4,4,1,1,40,2233,460]
a: [3,2269,4,4,1,2263]
s: 2269
d: [2,1507,1,44,18,0,40,400,465]
d: [2,1510,1,38,15,0,18,1507]
s: 1510
d: [2,2150,5,47,17,1,44,2131,406]
d: [2,2151,5,41,16,1,18,2150]
d: [2,2152,5,39,15,2,21,2151,525]
d: [2,2153,5,37,14,3,21,2152,530]
d: [2,2154,5,35,13,4,21,2153,535]
d: [2,2155,5,33,12,5,21,2154,540]
d: [2,2156,5,31,11,6,21,2155,545]
d: [2,2157,5,29,10,7,21,2156,550]
d: [2,2158,5,27,9,8,21,2157,555]
d: [2,2159,5,25,8,9,21,2158,560]
d: [2,2160,5,23,7,10,21,2159,565]
d: [2,2161,5,21,6,11,21,2160,570]
d: [2,2162,5,19,5,12,21,2161,575]
d: [2,2163,5,17,4,13,21,2162,580]
s: 2163
d: [2,1532,1,44,18,0,40,474,469]
d: [2,1533,1,40,16,0,18,1532]
s: 1533
d: [2,1537,1,48,18,0,40,401,465]
d: [2,1542,1,42,15,0,18,1537]
s: 1542
d: [2,2282,6,11,3,14,40,2163,520]
d: [2,2283,6,6,2,15,21,2282,1741]
d: [2,2284,6,4,1,16,21,2283,585]
a: [3,2288,6,4,1,2284]
s: 2288
d: [2,1614,1,80,31,0,44,403,475]
d: [2,1615,1,42,16,0,18,1614]
s: 1615
d: [2,2327,2,36,15,1,40,1615,520]
d: [2,2334,2,32,14,2,21,2327,510]
d: [2,2335,2,30,13,3,21,2334,525]
d: [2,2336,2,28,12,4,21,2335,530]
d: [2,2337,2,26,11,5,21,2336,535]
d: [2,2338,2,24,10,6,21,2337,540]
d: [2,2339,2,22,9,7,21,2338,545]
d: [2,2340,2,20,8,8,21,2339,550]
d: [2,2341,2,18,7,9,21,2340,555]
d: [2,2342,2,16,6,10,21,2341,560]
d: [2,2343,2,14,5,11,21,2342,565]
d: [2,2344,2,12,4,12,21,2343,570]
d: [2,2345,2,10,3,13,21,2344,575]
d: [2,2346,2,8,2,14,21,2345,580]
d: [2,2347,2,6,1,15,21,2346,585]
a: [3,2351,2,6,1,2347]
s: 2351
r: 2131
d: [2,1613,1,80,31,0,44,404,475]
d: [2,1616,1,42,16,0,18,1613]
s: 1616
d: [2,1612,1,80,31,0,44,475,403]
d: [2,1617,1,42,16,0,18,1612]
s: 1617
d: [2,2415,3,39,16,1,44,1616,2351]
d: [2,2416,3,36,15,1,19,2415]
d: [2,2418,3,34,14,2,21,2416,525]
d: [2,2419,3,32,13,3,21,2418,530]
d: [2,2420,3,30,12,4,21,2419,535]
d: [2,2421,3,28,11,5,21,2420,540]
d: [2,2422,3,26,10,6,21,2421,545]
d: [2,2423,3,24,9,7,21,2422,550]
d: [2,2424,3,22,8,8,21,2423,555]
d: [2,2425,3,20,7,9,21,2424,560]
d: [2,2426,3,18,6,10,21,2425,565]
d: [2,2427,3,16,5,11,21,2426,570]
d: [2,2428,3,14,4,12,21,2427,575]
d: [2,2429,3,12,3,13,21,2428,580]
s: 2429
d: [2,1531,1,47,18,0,40,474,470]
d: [2,1534,1,43,16,0,18,1531]
s: 1534
d: [2,2354,3,48,17,1,44,2351,406]
d: [2,2365,3,42,16,1,18,2354]
d: [2,2366,3,40,15,2,21,2365,525]
d: [2,2367,3,38,14,3,21,2366,530]
d: [2,2368,3,36,13,4,21,2367,535]
d: [2,2369,3,34,12,5,21,2368,540]
d: [2,2370,3,32,11,6,21,2369,545]
d: [2,2371,3,30,10,7,21,2370,550]
d: [2,2372,3,28,9,8,21,2371,555]
d: [2,2373,3,26,8,9,21,2372,560]
d: [2,2374,3,24,7,10,21,2373,565]
d: [2,2375,3,22,6,11,21,2374,570]
d: [2,2376,3,20,5,12,21,2375,575]
d: [2,2377,3,18,4,13,21,2376,580]
s: 2377
d: [2,2436,4,0,0,17,52,585,505,1741,520,2377]
e: 2436
d: [2,2437,4,12,3,14,40,2377,520]
d: [2,2439,4,7,2,15,21,2437,1741]
d: [2,2440,4,2,1,16,21,2439,505]
d: [2,2441,4,0,0,17,21,2440,585]
e: 2441
f: 2441,2347,1737,1556,1524,354,355,356,357,358,359,360,361,362,363,364,365,366,367,368,369,370
% Refutation found. Thanks to Tanya!
% SZS status Theorem for matrix_8__t32_matrix_8
% SZS output start Proof for matrix_8__t32_matrix_8
1. ! [X0] : (v7_ordinal1(X0) => ! [X1] : ((l6_algstr_0(X1) & v5_vectsp_1(X1) & v4_vectsp_1(X1) & v4_rlvect_1(X1) & v3_rlvect_1(X1) & v2_rlvect_1(X1) & v5_group_1(X1) & v3_group_1(X1) & v33_algstr_0(X1) & v13_algstr_0(X1) & ~v6_struct_0(X1) & ~v2_struct_0(X1)) => ! [X2] : (m1_matrix_1(X2,u1_struct_0(X1),X0,X0) => ((v1_matrix_8(X2,X0,X1) & v4_matrix_8(X2,X0,X1)) => k12_matrix_1(X1,X0) = X2)))) [input t32_matrix_8]
2. ~! [X0] : (v7_ordinal1(X0) => ! [X1] : ((l6_algstr_0(X1) & v5_vectsp_1(X1) & v4_vectsp_1(X1) & v4_rlvect_1(X1) & v3_rlvect_1(X1) & v2_rlvect_1(X1) & v5_group_1(X1) & v3_group_1(X1) & v33_algstr_0(X1) & v13_algstr_0(X1) & ~v6_struct_0(X1) & ~v2_struct_0(X1)) => ! [X2] : (m1_matrix_1(X2,u1_struct_0(X1),X0,X0) => ((v1_matrix_8(X2,X0,X1) & v4_matrix_8(X2,X0,X1)) => k12_matrix_1(X1,X0) = X2)))) [negated conjecture 1]
36. ! [X0] : (v7_ordinal1(X0) => ! [X1] : ((l6_algstr_0(X1) & v5_vectsp_1(X1) & v4_vectsp_1(X1) & v4_rlvect_1(X1) & v3_rlvect_1(X1) & v2_rlvect_1(X1) & v5_group_1(X1) & v3_group_1(X1) & v33_algstr_0(X1) & v13_algstr_0(X1) & ~v6_struct_0(X1) & ~v2_struct_0(X1)) => ! [X2] : (m1_matrix_1(X2,u1_struct_0(X1),X0,X0) => (v1_matrix_8(X2,X0,X1) <=> k4_matrix_6(X0,X1,X2,X2) = X2)))) [input d1_matrix_8]
37. ! [X0] : (v7_ordinal1(X0) => ! [X1] : ((l6_algstr_0(X1) & v5_vectsp_1(X1) & v4_vectsp_1(X1) & v4_rlvect_1(X1) & v3_rlvect_1(X1) & v2_rlvect_1(X1) & v5_group_1(X1) & v3_group_1(X1) & v33_algstr_0(X1) & v13_algstr_0(X1) & ~v6_struct_0(X1) & ~v2_struct_0(X1)) => ! [X2] : (m1_matrix_1(X2,u1_struct_0(X1),X0,X0) => ! [X3] : (m1_matrix_1(X3,u1_struct_0(X1),X0,X0) => (r2_matrix_6(X0,X1,X2,X3) <=> (k12_matrix_1(X1,X0) = k4_matrix_3(X1,X2,X3) & k4_matrix_3(X1,X2,X3) = k4_matrix_3(X1,X3,X2))))))) [input d2_matrix_6]
38. ! [X0] : (v7_ordinal1(X0) => ! [X1] : ((l6_algstr_0(X1) & v5_vectsp_1(X1) & v4_vectsp_1(X1) & v4_rlvect_1(X1) & v3_rlvect_1(X1) & v2_rlvect_1(X1) & v5_group_1(X1) & v3_group_1(X1) & v33_algstr_0(X1) & v13_algstr_0(X1) & ~v6_struct_0(X1) & ~v2_struct_0(X1)) => ! [X2] : (m1_matrix_1(X2,u1_struct_0(X1),X0,X0) => (v1_matrix_6(X2,X0,X1) => ! [X3] : (m1_matrix_1(X3,u1_struct_0(X1),X0,X0) => (k5_matrix_6(X0,X1,X2) = X3 <=> r2_matrix_6(X0,X1,X3,X2))))))) [input d4_matrix_6]
39. ! [X0] : (v7_ordinal1(X0) => ! [X1] : ((l6_algstr_0(X1) & v5_vectsp_1(X1) & v4_vectsp_1(X1) & v4_rlvect_1(X1) & v3_rlvect_1(X1) & v2_rlvect_1(X1) & v5_group_1(X1) & v3_group_1(X1) & v33_algstr_0(X1) & v13_algstr_0(X1) & ~v6_struct_0(X1) & ~v2_struct_0(X1)) => ! [X2] : (m1_matrix_1(X2,u1_struct_0(X1),X0,X0) => (v4_matrix_8(X2,X0,X1) <=> (k5_matrix_6(X0,X1,X2) = X2 & v1_matrix_6(X2,X0,X1)))))) [input d4_matrix_8]
50. ! [X0,X1,X2] : ((m1_matrix_1(X2,u1_struct_0(X1),X0,X0) & l6_algstr_0(X1) & v5_vectsp_1(X1) & v4_vectsp_1(X1) & v4_rlvect_1(X1) & v3_rlvect_1(X1) & v2_rlvect_1(X1) & v5_group_1(X1) & v3_group_1(X1) & v33_algstr_0(X1) & v13_algstr_0(X1) & ~v6_struct_0(X1) & ~v2_struct_0(X1) & v7_ordinal1(X0)) => m1_matrix_1(k5_matrix_6(X0,X1,X2),u1_struct_0(X1),X0,X0)) [input dt_k5_matrix_6]
110. ! [X0,X1,X2,X3] : ((m1_matrix_1(X3,u1_struct_0(X1),X0,X0) & m1_matrix_1(X2,u1_struct_0(X1),X0,X0) & l6_algstr_0(X1) & v5_vectsp_1(X1) & v4_vectsp_1(X1) & v4_rlvect_1(X1) & v3_rlvect_1(X1) & v2_rlvect_1(X1) & v5_group_1(X1) & v3_group_1(X1) & v33_algstr_0(X1) & v13_algstr_0(X1) & ~v6_struct_0(X1) & ~v2_struct_0(X1) & v7_ordinal1(X0)) => k4_matrix_3(X1,X2,X3) = k4_matrix_6(X0,X1,X2,X3)) [input redefinition_k4_matrix_6]
181. ? [X0] : (? [X1] : (? [X2] : ((k12_matrix_1(X1,X0) != X2 & (v1_matrix_8(X2,X0,X1) & v4_matrix_8(X2,X0,X1))) & m1_matrix_1(X2,u1_struct_0(X1),X0,X0)) & (l6_algstr_0(X1) & v5_vectsp_1(X1) & v4_vectsp_1(X1) & v4_rlvect_1(X1) & v3_rlvect_1(X1) & v2_rlvect_1(X1) & v5_group_1(X1) & v3_group_1(X1) & v33_algstr_0(X1) & v13_algstr_0(X1) & ~v6_struct_0(X1) & ~v2_struct_0(X1))) & v7_ordinal1(X0)) [ennf transformation 2]
182. ? [X0] : (? [X1] : (? [X2] : (k12_matrix_1(X1,X0) != X2 & v1_matrix_8(X2,X0,X1) & v4_matrix_8(X2,X0,X1) & m1_matrix_1(X2,u1_struct_0(X1),X0,X0)) & l6_algstr_0(X1) & v5_vectsp_1(X1) & v4_vectsp_1(X1) & v4_rlvect_1(X1) & v3_rlvect_1(X1) & v2_rlvect_1(X1) & v5_group_1(X1) & v3_group_1(X1) & v33_algstr_0(X1) & v13_algstr_0(X1) & ~v6_struct_0(X1) & ~v2_struct_0(X1)) & v7_ordinal1(X0)) [flattening 181]
196. ! [X0] : (! [X1] : (! [X2] : ((! [X3] : ((k5_matrix_6(X0,X1,X2) = X3 <=> r2_matrix_6(X0,X1,X3,X2)) | ~m1_matrix_1(X3,u1_struct_0(X1),X0,X0)) | ~v1_matrix_6(X2,X0,X1)) | ~m1_matrix_1(X2,u1_struct_0(X1),X0,X0)) | (~l6_algstr_0(X1) | ~v5_vectsp_1(X1) | ~v4_vectsp_1(X1) | ~v4_rlvect_1(X1) | ~v3_rlvect_1(X1) | ~v2_rlvect_1(X1) | ~v5_group_1(X1) | ~v3_group_1(X1) | ~v33_algstr_0(X1) | ~v13_algstr_0(X1) | v6_struct_0(X1) | v2_struct_0(X1))) | ~v7_ordinal1(X0)) [ennf transformation 38]
197. ! [X0] : (! [X1] : (! [X2] : (! [X3] : ((k5_matrix_6(X0,X1,X2) = X3 <=> r2_matrix_6(X0,X1,X3,X2)) | ~m1_matrix_1(X3,u1_struct_0(X1),X0,X0)) | ~v1_matrix_6(X2,X0,X1) | ~m1_matrix_1(X2,u1_struct_0(X1),X0,X0)) | ~l6_algstr_0(X1) | ~v5_vectsp_1(X1) | ~v4_vectsp_1(X1) | ~v4_rlvect_1(X1) | ~v3_rlvect_1(X1) | ~v2_rlvect_1(X1) | ~v5_group_1(X1) | ~v3_group_1(X1) | ~v33_algstr_0(X1) | ~v13_algstr_0(X1) | v6_struct_0(X1) | v2_struct_0(X1)) | ~v7_ordinal1(X0)) [flattening 196]
198. ! [X0] : (! [X1] : (! [X2] : ((v4_matrix_8(X2,X0,X1) <=> (k5_matrix_6(X0,X1,X2) = X2 & v1_matrix_6(X2,X0,X1))) | ~m1_matrix_1(X2,u1_struct_0(X1),X0,X0)) | (~l6_algstr_0(X1) | ~v5_vectsp_1(X1) | ~v4_vectsp_1(X1) | ~v4_rlvect_1(X1) | ~v3_rlvect_1(X1) | ~v2_rlvect_1(X1) | ~v5_group_1(X1) | ~v3_group_1(X1) | ~v33_algstr_0(X1) | ~v13_algstr_0(X1) | v6_struct_0(X1) | v2_struct_0(X1))) | ~v7_ordinal1(X0)) [ennf transformation 39]
199. ! [X0] : (! [X1] : (! [X2] : ((v4_matrix_8(X2,X0,X1) <=> (k5_matrix_6(X0,X1,X2) = X2 & v1_matrix_6(X2,X0,X1))) | ~m1_matrix_1(X2,u1_struct_0(X1),X0,X0)) | ~l6_algstr_0(X1) | ~v5_vectsp_1(X1) | ~v4_vectsp_1(X1) | ~v4_rlvect_1(X1) | ~v3_rlvect_1(X1) | ~v2_rlvect_1(X1) | ~v5_group_1(X1) | ~v3_group_1(X1) | ~v33_algstr_0(X1) | ~v13_algstr_0(X1) | v6_struct_0(X1) | v2_struct_0(X1)) | ~v7_ordinal1(X0)) [flattening 198]
200. ! [X0] : (! [X1] : (! [X2] : ((v1_matrix_8(X2,X0,X1) <=> k4_matrix_6(X0,X1,X2,X2) = X2) | ~m1_matrix_1(X2,u1_struct_0(X1),X0,X0)) | (~l6_algstr_0(X1) | ~v5_vectsp_1(X1) | ~v4_vectsp_1(X1) | ~v4_rlvect_1(X1) | ~v3_rlvect_1(X1) | ~v2_rlvect_1(X1) | ~v5_group_1(X1) | ~v3_group_1(X1) | ~v33_algstr_0(X1) | ~v13_algstr_0(X1) | v6_struct_0(X1) | v2_struct_0(X1))) | ~v7_ordinal1(X0)) [ennf transformation 36]
201. ! [X0] : (! [X1] : (! [X2] : ((v1_matrix_8(X2,X0,X1) <=> k4_matrix_6(X0,X1,X2,X2) = X2) | ~m1_matrix_1(X2,u1_struct_0(X1),X0,X0)) | ~l6_algstr_0(X1) | ~v5_vectsp_1(X1) | ~v4_vectsp_1(X1) | ~v4_rlvect_1(X1) | ~v3_rlvect_1(X1) | ~v2_rlvect_1(X1) | ~v5_group_1(X1) | ~v3_group_1(X1) | ~v33_algstr_0(X1) | ~v13_algstr_0(X1) | v6_struct_0(X1) | v2_struct_0(X1)) | ~v7_ordinal1(X0)) [flattening 200]
202. ! [X0] : (! [X1] : (! [X2] : (! [X3] : ((r2_matrix_6(X0,X1,X2,X3) <=> (k12_matrix_1(X1,X0) = k4_matrix_3(X1,X2,X3) & k4_matrix_3(X1,X2,X3) = k4_matrix_3(X1,X3,X2))) | ~m1_matrix_1(X3,u1_struct_0(X1),X0,X0)) | ~m1_matrix_1(X2,u1_struct_0(X1),X0,X0)) | (~l6_algstr_0(X1) | ~v5_vectsp_1(X1) | ~v4_vectsp_1(X1) | ~v4_rlvect_1(X1) | ~v3_rlvect_1(X1) | ~v2_rlvect_1(X1) | ~v5_group_1(X1) | ~v3_group_1(X1) | ~v33_algstr_0(X1) | ~v13_algstr_0(X1) | v6_struct_0(X1) | v2_struct_0(X1))) | ~v7_ordinal1(X0)) [ennf transformation 37]
203. ! [X0] : (! [X1] : (! [X2] : (! [X3] : ((r2_matrix_6(X0,X1,X2,X3) <=> (k12_matrix_1(X1,X0) = k4_matrix_3(X1,X2,X3) & k4_matrix_3(X1,X2,X3) = k4_matrix_3(X1,X3,X2))) | ~m1_matrix_1(X3,u1_struct_0(X1),X0,X0)) | ~m1_matrix_1(X2,u1_struct_0(X1),X0,X0)) | ~l6_algstr_0(X1) | ~v5_vectsp_1(X1) | ~v4_vectsp_1(X1) | ~v4_rlvect_1(X1) | ~v3_rlvect_1(X1) | ~v2_rlvect_1(X1) | ~v5_group_1(X1) | ~v3_group_1(X1) | ~v33_algstr_0(X1) | ~v13_algstr_0(X1) | v6_struct_0(X1) | v2_struct_0(X1)) | ~v7_ordinal1(X0)) [flattening 202]
282. ! [X0,X1,X2] : (m1_matrix_1(k5_matrix_6(X0,X1,X2),u1_struct_0(X1),X0,X0) | (~m1_matrix_1(X2,u1_struct_0(X1),X0,X0) | ~l6_algstr_0(X1) | ~v5_vectsp_1(X1) | ~v4_vectsp_1(X1) | ~v4_rlvect_1(X1) | ~v3_rlvect_1(X1) | ~v2_rlvect_1(X1) | ~v5_group_1(X1) | ~v3_group_1(X1) | ~v33_algstr_0(X1) | ~v13_algstr_0(X1) | v6_struct_0(X1) | v2_struct_0(X1) | ~v7_ordinal1(X0))) [ennf transformation 50]
283. ! [X0,X1,X2] : (m1_matrix_1(k5_matrix_6(X0,X1,X2),u1_struct_0(X1),X0,X0) | ~m1_matrix_1(X2,u1_struct_0(X1),X0,X0) | ~l6_algstr_0(X1) | ~v5_vectsp_1(X1) | ~v4_vectsp_1(X1) | ~v4_rlvect_1(X1) | ~v3_rlvect_1(X1) | ~v2_rlvect_1(X1) | ~v5_group_1(X1) | ~v3_group_1(X1) | ~v33_algstr_0(X1) | ~v13_algstr_0(X1) | v6_struct_0(X1) | v2_struct_0(X1) | ~v7_ordinal1(X0)) [flattening 282]
284. ! [X0,X1,X2,X3] : (k4_matrix_3(X1,X2,X3) = k4_matrix_6(X0,X1,X2,X3) | (~m1_matrix_1(X3,u1_struct_0(X1),X0,X0) | ~m1_matrix_1(X2,u1_struct_0(X1),X0,X0) | ~l6_algstr_0(X1) | ~v5_vectsp_1(X1) | ~v4_vectsp_1(X1) | ~v4_rlvect_1(X1) | ~v3_rlvect_1(X1) | ~v2_rlvect_1(X1) | ~v5_group_1(X1) | ~v3_group_1(X1) | ~v33_algstr_0(X1) | ~v13_algstr_0(X1) | v6_struct_0(X1) | v2_struct_0(X1) | ~v7_ordinal1(X0))) [ennf transformation 110]
285. ! [X0,X1,X2,X3] : (k4_matrix_3(X1,X2,X3) = k4_matrix_6(X0,X1,X2,X3) | ~m1_matrix_1(X3,u1_struct_0(X1),X0,X0) | ~m1_matrix_1(X2,u1_struct_0(X1),X0,X0) | ~l6_algstr_0(X1) | ~v5_vectsp_1(X1) | ~v4_vectsp_1(X1) | ~v4_rlvect_1(X1) | ~v3_rlvect_1(X1) | ~v2_rlvect_1(X1) | ~v5_group_1(X1) | ~v3_group_1(X1) | ~v33_algstr_0(X1) | ~v13_algstr_0(X1) | v6_struct_0(X1) | v2_struct_0(X1) | ~v7_ordinal1(X0)) [flattening 284]
290. ? [X0] : (? [X1] : (? [X2] : (k12_matrix_1(X1,X0) != X2 & v1_matrix_8(X2,X0,X1) & v4_matrix_8(X2,X0,X1) & m1_matrix_1(X2,u1_struct_0(X1),X0,X0)) & l6_algstr_0(X1) & v5_vectsp_1(X1) & v4_vectsp_1(X1) & v4_rlvect_1(X1) & v3_rlvect_1(X1) & v2_rlvect_1(X1) & v5_group_1(X1) & v3_group_1(X1) & v33_algstr_0(X1) & v13_algstr_0(X1) & ~v6_struct_0(X1) & ~v2_struct_0(X1)) & v7_ordinal1(X0)) => (? [X1] : (? [X2] : (k12_matrix_1(X1,sK0) != X2 & v1_matrix_8(X2,sK0,X1) & v4_matrix_8(X2,sK0,X1) & m1_matrix_1(X2,u1_struct_0(X1),sK0,sK0)) & l6_algstr_0(X1) & v5_vectsp_1(X1) & v4_vectsp_1(X1) & v4_rlvect_1(X1) & v3_rlvect_1(X1) & v2_rlvect_1(X1) & v5_group_1(X1) & v3_group_1(X1) & v33_algstr_0(X1) & v13_algstr_0(X1) & ~v6_struct_0(X1) & ~v2_struct_0(X1)) & v7_ordinal1(sK0)) [choice axiom]
291. ? [X1] : (? [X2] : (k12_matrix_1(X1,sK0) != X2 & v1_matrix_8(X2,sK0,X1) & v4_matrix_8(X2,sK0,X1) & m1_matrix_1(X2,u1_struct_0(X1),sK0,sK0)) & l6_algstr_0(X1) & v5_vectsp_1(X1) & v4_vectsp_1(X1) & v4_rlvect_1(X1) & v3_rlvect_1(X1) & v2_rlvect_1(X1) & v5_group_1(X1) & v3_group_1(X1) & v33_algstr_0(X1) & v13_algstr_0(X1) & ~v6_struct_0(X1) & ~v2_struct_0(X1)) => (? [X2] : (k12_matrix_1(sK1,sK0) != X2 & v1_matrix_8(X2,sK0,sK1) & v4_matrix_8(X2,sK0,sK1) & m1_matrix_1(X2,u1_struct_0(sK1),sK0,sK0)) & l6_algstr_0(sK1) & v5_vectsp_1(sK1) & v4_vectsp_1(sK1) & v4_rlvect_1(sK1) & v3_rlvect_1(sK1) & v2_rlvect_1(sK1) & v5_group_1(sK1) & v3_group_1(sK1) & v33_algstr_0(sK1) & v13_algstr_0(sK1) & ~v6_struct_0(sK1) & ~v2_struct_0(sK1)) [choice axiom]
292. ? [X2] : (k12_matrix_1(sK1,sK0) != X2 & v1_matrix_8(X2,sK0,sK1) & v4_matrix_8(X2,sK0,sK1) & m1_matrix_1(X2,u1_struct_0(sK1),sK0,sK0)) => (k12_matrix_1(sK1,sK0) != sK2 & v1_matrix_8(sK2,sK0,sK1) & v4_matrix_8(sK2,sK0,sK1) & m1_matrix_1(sK2,u1_struct_0(sK1),sK0,sK0)) [choice axiom]
293. ((k12_matrix_1(sK1,sK0) != sK2 & v1_matrix_8(sK2,sK0,sK1) & v4_matrix_8(sK2,sK0,sK1) & m1_matrix_1(sK2,u1_struct_0(sK1),sK0,sK0)) & l6_algstr_0(sK1) & v5_vectsp_1(sK1) & v4_vectsp_1(sK1) & v4_rlvect_1(sK1) & v3_rlvect_1(sK1) & v2_rlvect_1(sK1) & v5_group_1(sK1) & v3_group_1(sK1) & v33_algstr_0(sK1) & v13_algstr_0(sK1) & ~v6_struct_0(sK1) & ~v2_struct_0(sK1)) & v7_ordinal1(sK0) [skolemisation 182,292,291,290]
294. ! [X0] : (! [X1] : (! [X2] : (! [X3] : (((k5_matrix_6(X0,X1,X2) = X3 | ~r2_matrix_6(X0,X1,X3,X2)) & (r2_matrix_6(X0,X1,X3,X2) | k5_matrix_6(X0,X1,X2) != X3)) | ~m1_matrix_1(X3,u1_struct_0(X1),X0,X0)) | ~v1_matrix_6(X2,X0,X1) | ~m1_matrix_1(X2,u1_struct_0(X1),X0,X0)) | ~l6_algstr_0(X1) | ~v5_vectsp_1(X1) | ~v4_vectsp_1(X1) | ~v4_rlvect_1(X1) | ~v3_rlvect_1(X1) | ~v2_rlvect_1(X1) | ~v5_group_1(X1) | ~v3_group_1(X1) | ~v33_algstr_0(X1) | ~v13_algstr_0(X1) | v6_struct_0(X1) | v2_struct_0(X1)) | ~v7_ordinal1(X0)) [nnf transformation 197]
295. ! [X0] : (! [X1] : (! [X2] : (((v4_matrix_8(X2,X0,X1) | (k5_matrix_6(X0,X1,X2) != X2 | ~v1_matrix_6(X2,X0,X1))) & ((k5_matrix_6(X0,X1,X2) = X2 & v1_matrix_6(X2,X0,X1)) | ~v4_matrix_8(X2,X0,X1))) | ~m1_matrix_1(X2,u1_struct_0(X1),X0,X0)) | ~l6_algstr_0(X1) | ~v5_vectsp_1(X1) | ~v4_vectsp_1(X1) | ~v4_rlvect_1(X1) | ~v3_rlvect_1(X1) | ~v2_rlvect_1(X1) | ~v5_group_1(X1) | ~v3_group_1(X1) | ~v33_algstr_0(X1) | ~v13_algstr_0(X1) | v6_struct_0(X1) | v2_struct_0(X1)) | ~v7_ordinal1(X0)) [nnf transformation 199]
296. ! [X0] : (! [X1] : (! [X2] : (((v4_matrix_8(X2,X0,X1) | k5_matrix_6(X0,X1,X2) != X2 | ~v1_matrix_6(X2,X0,X1)) & ((k5_matrix_6(X0,X1,X2) = X2 & v1_matrix_6(X2,X0,X1)) | ~v4_matrix_8(X2,X0,X1))) | ~m1_matrix_1(X2,u1_struct_0(X1),X0,X0)) | ~l6_algstr_0(X1) | ~v5_vectsp_1(X1) | ~v4_vectsp_1(X1) | ~v4_rlvect_1(X1) | ~v3_rlvect_1(X1) | ~v2_rlvect_1(X1) | ~v5_group_1(X1) | ~v3_group_1(X1) | ~v33_algstr_0(X1) | ~v13_algstr_0(X1) | v6_struct_0(X1) | v2_struct_0(X1)) | ~v7_ordinal1(X0)) [flattening 295]
297. ! [X0] : (! [X1] : (! [X2] : (((v1_matrix_8(X2,X0,X1) | k4_matrix_6(X0,X1,X2,X2) != X2) & (k4_matrix_6(X0,X1,X2,X2) = X2 | ~v1_matrix_8(X2,X0,X1))) | ~m1_matrix_1(X2,u1_struct_0(X1),X0,X0)) | ~l6_algstr_0(X1) | ~v5_vectsp_1(X1) | ~v4_vectsp_1(X1) | ~v4_rlvect_1(X1) | ~v3_rlvect_1(X1) | ~v2_rlvect_1(X1) | ~v5_group_1(X1) | ~v3_group_1(X1) | ~v33_algstr_0(X1) | ~v13_algstr_0(X1) | v6_struct_0(X1) | v2_struct_0(X1)) | ~v7_ordinal1(X0)) [nnf transformation 201]
298. ! [X0] : (! [X1] : (! [X2] : (! [X3] : (((r2_matrix_6(X0,X1,X2,X3) | (k12_matrix_1(X1,X0) != k4_matrix_3(X1,X2,X3) | k4_matrix_3(X1,X2,X3) != k4_matrix_3(X1,X3,X2))) & ((k12_matrix_1(X1,X0) = k4_matrix_3(X1,X2,X3) & k4_matrix_3(X1,X2,X3) = k4_matrix_3(X1,X3,X2)) | ~r2_matrix_6(X0,X1,X2,X3))) | ~m1_matrix_1(X3,u1_struct_0(X1),X0,X0)) | ~m1_matrix_1(X2,u1_struct_0(X1),X0,X0)) | ~l6_algstr_0(X1) | ~v5_vectsp_1(X1) | ~v4_vectsp_1(X1) | ~v4_rlvect_1(X1) | ~v3_rlvect_1(X1) | ~v2_rlvect_1(X1) | ~v5_group_1(X1) | ~v3_group_1(X1) | ~v33_algstr_0(X1) | ~v13_algstr_0(X1) | v6_struct_0(X1) | v2_struct_0(X1)) | ~v7_ordinal1(X0)) [nnf transformation 203]
299. ! [X0] : (! [X1] : (! [X2] : (! [X3] : (((r2_matrix_6(X0,X1,X2,X3) | k12_matrix_1(X1,X0) != k4_matrix_3(X1,X2,X3) | k4_matrix_3(X1,X2,X3) != k4_matrix_3(X1,X3,X2)) & ((k12_matrix_1(X1,X0) = k4_matrix_3(X1,X2,X3) & k4_matrix_3(X1,X2,X3) = k4_matrix_3(X1,X3,X2)) | ~r2_matrix_6(X0,X1,X2,X3))) | ~m1_matrix_1(X3,u1_struct_0(X1),X0,X0)) | ~m1_matrix_1(X2,u1_struct_0(X1),X0,X0)) | ~l6_algstr_0(X1) | ~v5_vectsp_1(X1) | ~v4_vectsp_1(X1) | ~v4_rlvect_1(X1) | ~v3_rlvect_1(X1) | ~v2_rlvect_1(X1) | ~v5_group_1(X1) | ~v3_group_1(X1) | ~v33_algstr_0(X1) | ~v13_algstr_0(X1) | v6_struct_0(X1) | v2_struct_0(X1)) | ~v7_ordinal1(X0)) [flattening 298]
354. v7_ordinal1(sK0) [cnf transformation 293] {a:0,w:2,wCS:200,goal:1,sine:0,thAx:0,allAx:4,thDist:-4}
355. ~v2_struct_0(sK1) [cnf transformation 293] {a:0,w:2,wCS:200,goal:1,sine:0,thAx:0,allAx:4,thDist:-4}
356. ~v6_struct_0(sK1) [cnf transformation 293] {a:0,w:2,wCS:200,goal:1,sine:0,thAx:0,allAx:4,thDist:-4}
357. v13_algstr_0(sK1) [cnf transformation 293] {a:0,w:2,wCS:200,goal:1,sine:0,thAx:0,allAx:4,thDist:-4}
358. v33_algstr_0(sK1) [cnf transformation 293] {a:0,w:2,wCS:200,goal:1,sine:0,thAx:0,allAx:4,thDist:-4}
359. v3_group_1(sK1) [cnf transformation 293] {a:0,w:2,wCS:200,goal:1,sine:0,thAx:0,allAx:4,thDist:-4}
360. v5_group_1(sK1) [cnf transformation 293] {a:0,w:2,wCS:200,goal:1,sine:0,thAx:0,allAx:4,thDist:-4}
361. v2_rlvect_1(sK1) [cnf transformation 293] {a:0,w:2,wCS:200,goal:1,sine:0,thAx:0,allAx:4,thDist:-4}
362. v3_rlvect_1(sK1) [cnf transformation 293] {a:0,w:2,wCS:200,goal:1,sine:0,thAx:0,allAx:4,thDist:-4}
363. v4_rlvect_1(sK1) [cnf transformation 293] {a:0,w:2,wCS:200,goal:1,sine:0,thAx:0,allAx:4,thDist:-4}
364. v4_vectsp_1(sK1) [cnf transformation 293] {a:0,w:2,wCS:200,goal:1,sine:0,thAx:0,allAx:4,thDist:-4}
365. v5_vectsp_1(sK1) [cnf transformation 293] {a:0,w:2,wCS:200,goal:1,sine:0,thAx:0,allAx:4,thDist:-4}
366. l6_algstr_0(sK1) [cnf transformation 293] {a:0,w:2,wCS:200,goal:1,sine:0,thAx:0,allAx:4,thDist:-4}
367. m1_matrix_1(sK2,u1_struct_0(sK1),sK0,sK0) [cnf transformation 293] {a:0,w:6,wCS:600,goal:1,sine:0,thAx:0,allAx:4,thDist:-4}
368. v4_matrix_8(sK2,sK0,sK1) [cnf transformation 293] {a:0,w:4,wCS:400,goal:1,sine:0,thAx:0,allAx:4,thDist:-4}
369. v1_matrix_8(sK2,sK0,sK1) [cnf transformation 293] {a:0,w:4,wCS:400,goal:1,sine:0,thAx:0,allAx:4,thDist:-4}
370. k12_matrix_1(sK1,sK0) != sK2 [cnf transformation 293] {a:0,w:5,wCS:500,goal:1,sine:0,thAx:0,allAx:4,thDist:-4}
398. r2_matrix_6(X0,X1,X3,X2) | k5_matrix_6(X0,X1,X2) != X3 | ~m1_matrix_1(X3,u1_struct_0(X1),X0,X0) | ~v1_matrix_6(X2,X0,X1) | ~m1_matrix_1(X2,u1_struct_0(X1),X0,X0) | ~l6_algstr_0(X1) | ~v5_vectsp_1(X1) | ~v4_vectsp_1(X1) | ~v4_rlvect_1(X1) | ~v3_rlvect_1(X1) | ~v2_rlvect_1(X1) | ~v5_group_1(X1) | ~v3_group_1(X1) | ~v33_algstr_0(X1) | ~v13_algstr_0(X1) | v6_struct_0(X1) | v2_struct_0(X1) | ~v7_ordinal1(X0) [cnf transformation 294] {a:0,w:53,wCS:21200,sine:2,thAx:0,allAx:1,thDist:-1}
400. ~m1_matrix_1(X2,u1_struct_0(X1),X0,X0) | ~v4_matrix_8(X2,X0,X1) | v1_matrix_6(X2,X0,X1) | ~l6_algstr_0(X1) | ~v5_vectsp_1(X1) | ~v4_vectsp_1(X1) | ~v4_rlvect_1(X1) | ~v3_rlvect_1(X1) | ~v2_rlvect_1(X1) | ~v5_group_1(X1) | ~v3_group_1(X1) | ~v33_algstr_0(X1) | ~v13_algstr_0(X1) | v6_struct_0(X1) | v2_struct_0(X1) | ~v7_ordinal1(X0) [cnf transformation 296] {a:0,w:40,wCS:16000,nSel:1,sine:1,thAx:0,allAx:1,thDist:-1}
401. ~m1_matrix_1(X2,u1_struct_0(X1),X0,X0) | ~v4_matrix_8(X2,X0,X1) | k5_matrix_6(X0,X1,X2) = X2 | ~l6_algstr_0(X1) | ~v5_vectsp_1(X1) | ~v4_vectsp_1(X1) | ~v4_rlvect_1(X1) | ~v3_rlvect_1(X1) | ~v2_rlvect_1(X1) | ~v5_group_1(X1) | ~v3_group_1(X1) | ~v33_algstr_0(X1) | ~v13_algstr_0(X1) | v6_struct_0(X1) | v2_struct_0(X1) | ~v7_ordinal1(X0) [cnf transformation 296] {a:0,w:42,wCS:16800,nSel:1,sine:1,thAx:0,allAx:1,thDist:-1}
403. k4_matrix_6(X0,X1,X2,X2) = X2 | ~v1_matrix_8(X2,X0,X1) | ~m1_matrix_1(X2,u1_struct_0(X1),X0,X0) | ~l6_algstr_0(X1) | ~v5_vectsp_1(X1) | ~v4_vectsp_1(X1) | ~v4_rlvect_1(X1) | ~v3_rlvect_1(X1) | ~v2_rlvect_1(X1) | ~v5_group_1(X1) | ~v3_group_1(X1) | ~v33_algstr_0(X1) | ~v13_algstr_0(X1) | v6_struct_0(X1) | v2_struct_0(X1) | ~v7_ordinal1(X0) [cnf transformation 297] {a:0,w:43,wCS:17200,nSel:1,sine:1,thAx:0,allAx:1,thDist:-1}
406. k12_matrix_1(X1,X0) = k4_matrix_3(X1,X2,X3) | ~r2_matrix_6(X0,X1,X2,X3) | ~m1_matrix_1(X3,u1_struct_0(X1),X0,X0) | ~m1_matrix_1(X2,u1_struct_0(X1),X0,X0) | ~l6_algstr_0(X1) | ~v5_vectsp_1(X1) | ~v4_vectsp_1(X1) | ~v4_rlvect_1(X1) | ~v3_rlvect_1(X1) | ~v2_rlvect_1(X1) | ~v5_group_1(X1) | ~v3_group_1(X1) | ~v33_algstr_0(X1) | ~v13_algstr_0(X1) | v6_struct_0(X1) | v2_struct_0(X1) | ~v7_ordinal1(X0) [cnf transformation 299] {a:0,w:51,wCS:20400,nSel:1,sine:3,thAx:0,allAx:1,thDist:-1}
474. m1_matrix_1(k5_matrix_6(X0,X1,X2),u1_struct_0(X1),X0,X0) | ~m1_matrix_1(X2,u1_struct_0(X1),X0,X0) | ~l6_algstr_0(X1) | ~v5_vectsp_1(X1) | ~v4_vectsp_1(X1) | ~v4_rlvect_1(X1) | ~v3_rlvect_1(X1) | ~v2_rlvect_1(X1) | ~v5_group_1(X1) | ~v3_group_1(X1) | ~v33_algstr_0(X1) | ~v13_algstr_0(X1) | v6_struct_0(X1) | v2_struct_0(X1) | ~v7_ordinal1(X0) [cnf transformation 283] {a:0,w:41,wCS:16400,nSel:1,sine:2,thAx:0,allAx:1,thDist:-1}
475. k4_matrix_3(X1,X2,X3) = k4_matrix_6(X0,X1,X2,X3) | ~m1_matrix_1(X3,u1_struct_0(X1),X0,X0) | ~m1_matrix_1(X2,u1_struct_0(X1),X0,X0) | ~l6_algstr_0(X1) | ~v5_vectsp_1(X1) | ~v4_vectsp_1(X1) | ~v4_rlvect_1(X1) | ~v3_rlvect_1(X1) | ~v2_rlvect_1(X1) | ~v5_group_1(X1) | ~v3_group_1(X1) | ~v33_algstr_0(X1) | ~v13_algstr_0(X1) | v6_struct_0(X1) | v2_struct_0(X1) | ~v7_ordinal1(X0) [cnf transformation 285] {a:0,w:48,wCS:19200,nSel:1,sine:2,thAx:0,allAx:1,thDist:-1}
501. r2_matrix_6(X0,X1,k5_matrix_6(X0,X1,X2),X2) | ~m1_matrix_1(k5_matrix_6(X0,X1,X2),u1_struct_0(X1),X0,X0) | ~v1_matrix_6(X2,X0,X1) | ~m1_matrix_1(X2,u1_struct_0(X1),X0,X0) | ~l6_algstr_0(X1) | ~v5_vectsp_1(X1) | ~v4_vectsp_1(X1) | ~v4_rlvect_1(X1) | ~v3_rlvect_1(X1) | ~v2_rlvect_1(X1) | ~v5_group_1(X1) | ~v3_group_1(X1) | ~v33_algstr_0(X1) | ~v13_algstr_0(X1) | v6_struct_0(X1) | v2_struct_0(X1) | ~v7_ordinal1(X0) [equality resolution 398] {a:0,w:53,wCS:21200,sine:2,thAx:0,allAx:1,thDist:-1}
503. 1 <=> k12_matrix_1(sK1,sK0) = sK2 [avatar definition]
505. k12_matrix_1(sK1,sK0) != sK2 <- (~1) [avatar component clause 503] {a:0,w:5,wCS:500,nSel:1,goal:1,sine:255,thAx:0,allAx:4,thDist:-4}
506. ~1 [avatar split clause 370,503]
508. 2 <=> v1_matrix_8(sK2,sK0,sK1) [avatar definition]
510. v1_matrix_8(sK2,sK0,sK1) <- (2) [avatar component clause 508] {a:0,w:4,wCS:400,nSel:1,goal:1,sine:255,thAx:0,allAx:4,thDist:-4}
511. 2 [avatar split clause 369,508]
513. 3 <=> v4_matrix_8(sK2,sK0,sK1) [avatar definition]
515. v4_matrix_8(sK2,sK0,sK1) <- (3) [avatar component clause 513] {a:0,w:4,wCS:400,nSel:1,goal:1,sine:255,thAx:0,allAx:4,thDist:-4}
516. 3 [avatar split clause 368,513]
518. 4 <=> m1_matrix_1(sK2,u1_struct_0(sK1),sK0,sK0) [avatar definition]
520. m1_matrix_1(sK2,u1_struct_0(sK1),sK0,sK0) <- (4) [avatar component clause 518] {a:0,w:6,wCS:600,nSel:1,goal:1,sine:255,thAx:0,allAx:4,thDist:-4}
521. 4 [avatar split clause 367,518]
523. 5 <=> l6_algstr_0(sK1) [avatar definition]
525. l6_algstr_0(sK1) <- (5) [avatar component clause 523] {a:0,w:2,wCS:200,nSel:1,goal:1,sine:255,thAx:0,allAx:4,thDist:-4}
526. 5 [avatar split clause 366,523]
528. 6 <=> v5_vectsp_1(sK1) [avatar definition]
530. v5_vectsp_1(sK1) <- (6) [avatar component clause 528] {a:0,w:2,wCS:200,nSel:1,goal:1,sine:255,thAx:0,allAx:4,thDist:-4}
531. 6 [avatar split clause 365,528]
533. 7 <=> v4_vectsp_1(sK1) [avatar definition]
535. v4_vectsp_1(sK1) <- (7) [avatar component clause 533] {a:0,w:2,wCS:200,nSel:1,goal:1,sine:255,thAx:0,allAx:4,thDist:-4}
536. 7 [avatar split clause 364,533]
538. 8 <=> v4_rlvect_1(sK1) [avatar definition]
540. v4_rlvect_1(sK1) <- (8) [avatar component clause 538] {a:0,w:2,wCS:200,nSel:1,goal:1,sine:255,thAx:0,allAx:4,thDist:-4}
541. 8 [avatar split clause 363,538]
543. 9 <=> v3_rlvect_1(sK1) [avatar definition]
545. v3_rlvect_1(sK1) <- (9) [avatar component clause 543] {a:0,w:2,wCS:200,nSel:1,goal:1,sine:255,thAx:0,allAx:4,thDist:-4}
546. 9 [avatar split clause 362,543]
548. 10 <=> v2_rlvect_1(sK1) [avatar definition]
550. v2_rlvect_1(sK1) <- (10) [avatar component clause 548] {a:0,w:2,wCS:200,nSel:1,goal:1,sine:255,thAx:0,allAx:4,thDist:-4}
551. 10 [avatar split clause 361,548]
553. 11 <=> v5_group_1(sK1) [avatar definition]
555. v5_group_1(sK1) <- (11) [avatar component clause 553] {a:0,w:2,wCS:200,nSel:1,goal:1,sine:255,thAx:0,allAx:4,thDist:-4}
556. 11 [avatar split clause 360,553]
558. 12 <=> v3_group_1(sK1) [avatar definition]
560. v3_group_1(sK1) <- (12) [avatar component clause 558] {a:0,w:2,wCS:200,nSel:1,goal:1,sine:255,thAx:0,allAx:4,thDist:-4}
561. 12 [avatar split clause 359,558]
563. 13 <=> v33_algstr_0(sK1) [avatar definition]
565. v33_algstr_0(sK1) <- (13) [avatar component clause 563] {a:0,w:2,wCS:200,nSel:1,goal:1,sine:255,thAx:0,allAx:4,thDist:-4}
566. 13 [avatar split clause 358,563]
568. 14 <=> v13_algstr_0(sK1) [avatar definition]
570. v13_algstr_0(sK1) <- (14) [avatar component clause 568] {a:0,w:2,wCS:200,nSel:1,goal:1,sine:255,thAx:0,allAx:4,thDist:-4}
571. 14 [avatar split clause 357,568]
573. 15 <=> v6_struct_0(sK1) [avatar definition]
575. ~v6_struct_0(sK1) <- (~15) [avatar component clause 573] {a:0,w:2,wCS:200,nSel:1,goal:1,sine:255,thAx:0,allAx:4,thDist:-4}
576. ~15 [avatar split clause 356,573]
578. 16 <=> v2_struct_0(sK1) [avatar definition]
580. ~v2_struct_0(sK1) <- (~16) [avatar component clause 578] {a:0,w:2,wCS:200,nSel:1,goal:1,sine:255,thAx:0,allAx:4,thDist:-4}
581. ~16 [avatar split clause 355,578]
583. 17 <=> v7_ordinal1(sK0) [avatar definition]
585. v7_ordinal1(sK0) <- (17) [avatar component clause 583] {a:0,w:2,wCS:200,nSel:1,goal:1,sine:255,thAx:0,allAx:4,thDist:-4}
586. 17 [avatar split clause 354,583]
1506. ~v4_matrix_8(sK2,sK0,sK1) | v1_matrix_6(sK2,sK0,sK1) | ~l6_algstr_0(sK1) | ~v5_vectsp_1(sK1) | ~v4_vectsp_1(sK1) | ~v4_rlvect_1(sK1) | ~v3_rlvect_1(sK1) | ~v2_rlvect_1(sK1) | ~v5_group_1(sK1) | ~v3_group_1(sK1) | ~v33_algstr_0(sK1) | ~v13_algstr_0(sK1) | v6_struct_0(sK1) | v2_struct_0(sK1) | ~v7_ordinal1(sK0) <- (4) [resolution 400,520] {a:1,w:34,wCS:3400,goal:1,sine:1,thAx:0,allAx:5,thDist:-5}
1511. v1_matrix_6(sK2,sK0,sK1) | ~l6_algstr_0(sK1) | ~v5_vectsp_1(sK1) | ~v4_vectsp_1(sK1) | ~v4_rlvect_1(sK1) | ~v3_rlvect_1(sK1) | ~v2_rlvect_1(sK1) | ~v5_group_1(sK1) | ~v3_group_1(sK1) | ~v33_algstr_0(sK1) | ~v13_algstr_0(sK1) | v6_struct_0(sK1) | v2_struct_0(sK1) | ~v7_ordinal1(sK0) <- (3, 4) [subsumption resolution 1506,515] {a:1,w:30,wCS:3000,goal:1,sine:1,thAx:0,allAx:5,thDist:-5}
1512. v1_matrix_6(sK2,sK0,sK1) | ~v5_vectsp_1(sK1) | ~v4_vectsp_1(sK1) | ~v4_rlvect_1(sK1) | ~v3_rlvect_1(sK1) | ~v2_rlvect_1(sK1) | ~v5_group_1(sK1) | ~v3_group_1(sK1) | ~v33_algstr_0(sK1) | ~v13_algstr_0(sK1) | v6_struct_0(sK1) | v2_struct_0(sK1) | ~v7_ordinal1(sK0) <- (3, 4, 5) [subsumption resolution 1511,525] {a:1,w:28,wCS:2800,goal:1,sine:1,thAx:0,allAx:5,thDist:-5}
1513. v1_matrix_6(sK2,sK0,sK1) | ~v4_vectsp_1(sK1) | ~v4_rlvect_1(sK1) | ~v3_rlvect_1(sK1) | ~v2_rlvect_1(sK1) | ~v5_group_1(sK1) | ~v3_group_1(sK1) | ~v33_algstr_0(sK1) | ~v13_algstr_0(sK1) | v6_struct_0(sK1) | v2_struct_0(sK1) | ~v7_ordinal1(sK0) <- (3, 4, 5, 6) [subsumption resolution 1512,530] {a:1,w:26,wCS:2600,goal:1,sine:1,thAx:0,allAx:5,thDist:-5}
1514. v1_matrix_6(sK2,sK0,sK1) | ~v4_rlvect_1(sK1) | ~v3_rlvect_1(sK1) | ~v2_rlvect_1(sK1) | ~v5_group_1(sK1) | ~v3_group_1(sK1) | ~v33_algstr_0(sK1) | ~v13_algstr_0(sK1) | v6_struct_0(sK1) | v2_struct_0(sK1) | ~v7_ordinal1(sK0) <- (3, 4, 5, 6, 7) [subsumption resolution 1513,535] {a:1,w:24,wCS:2400,goal:1,sine:1,thAx:0,allAx:5,thDist:-5}
1515. v1_matrix_6(sK2,sK0,sK1) | ~v3_rlvect_1(sK1) | ~v2_rlvect_1(sK1) | ~v5_group_1(sK1) | ~v3_group_1(sK1) | ~v33_algstr_0(sK1) | ~v13_algstr_0(sK1) | v6_struct_0(sK1) | v2_struct_0(sK1) | ~v7_ordinal1(sK0) <- (3, 4, 5, 6, 7, 8) [subsumption resolution 1514,540] {a:1,w:22,wCS:2200,goal:1,sine:1,thAx:0,allAx:5,thDist:-5}
1516. v1_matrix_6(sK2,sK0,sK1) | ~v2_rlvect_1(sK1) | ~v5_group_1(sK1) | ~v3_group_1(sK1) | ~v33_algstr_0(sK1) | ~v13_algstr_0(sK1) | v6_struct_0(sK1) | v2_struct_0(sK1) | ~v7_ordinal1(sK0) <- (3, 4, 5, 6, 7, 8, 9) [subsumption resolution 1515,545] {a:1,w:20,wCS:2000,goal:1,sine:1,thAx:0,allAx:5,thDist:-5}
1517. v1_matrix_6(sK2,sK0,sK1) | ~v5_group_1(sK1) | ~v3_group_1(sK1) | ~v33_algstr_0(sK1) | ~v13_algstr_0(sK1) | v6_struct_0(sK1) | v2_struct_0(sK1) | ~v7_ordinal1(sK0) <- (3, 4, 5, 6, 7, 8, 9, 10) [subsumption resolution 1516,550] {a:1,w:18,wCS:1800,goal:1,sine:1,thAx:0,allAx:5,thDist:-5}
1518. v1_matrix_6(sK2,sK0,sK1) | ~v3_group_1(sK1) | ~v33_algstr_0(sK1) | ~v13_algstr_0(sK1) | v6_struct_0(sK1) | v2_struct_0(sK1) | ~v7_ordinal1(sK0) <- (3, 4, 5, 6, 7, 8, 9, 10, 11) [subsumption resolution 1517,555] {a:1,w:16,wCS:1600,goal:1,sine:1,thAx:0,allAx:5,thDist:-5}
1519. v1_matrix_6(sK2,sK0,sK1) | ~v33_algstr_0(sK1) | ~v13_algstr_0(sK1) | v6_struct_0(sK1) | v2_struct_0(sK1) | ~v7_ordinal1(sK0) <- (3, 4, 5, 6, 7, 8, 9, 10, 11, 12) [subsumption resolution 1518,560] {a:1,w:14,wCS:1400,goal:1,sine:1,thAx:0,allAx:5,thDist:-5}
1520. v1_matrix_6(sK2,sK0,sK1) | ~v13_algstr_0(sK1) | v6_struct_0(sK1) | v2_struct_0(sK1) | ~v7_ordinal1(sK0) <- (3, 4, 5, 6, 7, 8, 9, 10, 11, 12, 13) [subsumption resolution 1519,565] {a:1,w:12,wCS:1200,goal:1,sine:1,thAx:0,allAx:5,thDist:-5}
1521. v1_matrix_6(sK2,sK0,sK1) | v6_struct_0(sK1) | v2_struct_0(sK1) | ~v7_ordinal1(sK0) <- (3, 4, 5, 6, 7, 8, 9, 10, 11, 12, 13, 14) [subsumption resolution 1520,570] {a:1,w:10,wCS:1000,goal:1,sine:1,thAx:0,allAx:5,thDist:-5}
1522. v1_matrix_6(sK2,sK0,sK1) | v2_struct_0(sK1) | ~v7_ordinal1(sK0) <- (3, 4, 5, 6, 7, 8, 9, 10, 11, 12, 13, 14, ~15) [subsumption resolution 1521,575] {a:1,w:8,wCS:800,goal:1,sine:1,thAx:0,allAx:5,thDist:-5}
1523. v1_matrix_6(sK2,sK0,sK1) | ~v7_ordinal1(sK0) <- (3, 4, 5, 6, 7, 8, 9, 10, 11, 12, 13, 14, ~15, ~16) [subsumption resolution 1522,580] {a:1,w:6,wCS:600,goal:1,sine:1,thAx:0,allAx:5,thDist:-5}
1524. v1_matrix_6(sK2,sK0,sK1) <- (3, 4, 5, 6, 7, 8, 9, 10, 11, 12, 13, 14, ~15, ~16, 17) [subsumption resolution 1523,585] {a:1,w:4,wCS:400,goal:1,sine:1,thAx:0,allAx:5,thDist:-5}
1526. 155 <=> v1_matrix_6(sK2,sK0,sK1) [avatar definition]
1528. v1_matrix_6(sK2,sK0,sK1) <- (155) [avatar component clause 1526] {a:1,w:4,wCS:400,nSel:1,goal:1,sine:255,thAx:0,allAx:5,thDist:-5}
1529. 155 | ~3 | ~4 | ~5 | ~6 | ~7 | ~8 | ~9 | ~10 | ~11 | ~12 | ~13 | ~14 | 15 | 16 | ~17 [avatar split clause 1524,583,578,573,568,563,558,553,548,543,538,533,528,523,518,513,1526]
1536. ~v4_matrix_8(sK2,sK0,sK1) | sK2 = k5_matrix_6(sK0,sK1,sK2) | ~l6_algstr_0(sK1) | ~v5_vectsp_1(sK1) | ~v4_vectsp_1(sK1) | ~v4_rlvect_1(sK1) | ~v3_rlvect_1(sK1) | ~v2_rlvect_1(sK1) | ~v5_group_1(sK1) | ~v3_group_1(sK1) | ~v33_algstr_0(sK1) | ~v13_algstr_0(sK1) | v6_struct_0(sK1) | v2_struct_0(sK1) | ~v7_ordinal1(sK0) <- (4) [resolution 401,520] {a:1,w:36,wCS:3600,goal:1,sine:1,thAx:0,allAx:5,thDist:-5}
1543. sK2 = k5_matrix_6(sK0,sK1,sK2) | ~l6_algstr_0(sK1) | ~v5_vectsp_1(sK1) | ~v4_vectsp_1(sK1) | ~v4_rlvect_1(sK1) | ~v3_rlvect_1(sK1) | ~v2_rlvect_1(sK1) | ~v5_group_1(sK1) | ~v3_group_1(sK1) | ~v33_algstr_0(sK1) | ~v13_algstr_0(sK1) | v6_struct_0(sK1) | v2_struct_0(sK1) | ~v7_ordinal1(sK0) <- (3, 4) [subsumption resolution 1536,515] {a:1,w:32,wCS:3200,goal:1,sine:1,thAx:0,allAx:5,thDist:-5}
1544. sK2 = k5_matrix_6(sK0,sK1,sK2) | ~v5_vectsp_1(sK1) | ~v4_vectsp_1(sK1) | ~v4_rlvect_1(sK1) | ~v3_rlvect_1(sK1) | ~v2_rlvect_1(sK1) | ~v5_group_1(sK1) | ~v3_group_1(sK1) | ~v33_algstr_0(sK1) | ~v13_algstr_0(sK1) | v6_struct_0(sK1) | v2_struct_0(sK1) | ~v7_ordinal1(sK0) <- (3, 4, 5) [subsumption resolution 1543,525] {a:1,w:30,wCS:3000,goal:1,sine:1,thAx:0,allAx:5,thDist:-5}
1545. sK2 = k5_matrix_6(sK0,sK1,sK2) | ~v4_vectsp_1(sK1) | ~v4_rlvect_1(sK1) | ~v3_rlvect_1(sK1) | ~v2_rlvect_1(sK1) | ~v5_group_1(sK1) | ~v3_group_1(sK1) | ~v33_algstr_0(sK1) | ~v13_algstr_0(sK1) | v6_struct_0(sK1) | v2_struct_0(sK1) | ~v7_ordinal1(sK0) <- (3, 4, 5, 6) [subsumption resolution 1544,530] {a:1,w:28,wCS:2800,goal:1,sine:1,thAx:0,allAx:5,thDist:-5}
1546. sK2 = k5_matrix_6(sK0,sK1,sK2) | ~v4_rlvect_1(sK1) | ~v3_rlvect_1(sK1) | ~v2_rlvect_1(sK1) | ~v5_group_1(sK1) | ~v3_group_1(sK1) | ~v33_algstr_0(sK1) | ~v13_algstr_0(sK1) | v6_struct_0(sK1) | v2_struct_0(sK1) | ~v7_ordinal1(sK0) <- (3, 4, 5, 6, 7) [subsumption resolution 1545,535] {a:1,w:26,wCS:2600,goal:1,sine:1,thAx:0,allAx:5,thDist:-5}
1547. sK2 = k5_matrix_6(sK0,sK1,sK2) | ~v3_rlvect_1(sK1) | ~v2_rlvect_1(sK1) | ~v5_group_1(sK1) | ~v3_group_1(sK1) | ~v33_algstr_0(sK1) | ~v13_algstr_0(sK1) | v6_struct_0(sK1) | v2_struct_0(sK1) | ~v7_ordinal1(sK0) <- (3, 4, 5, 6, 7, 8) [subsumption resolution 1546,540] {a:1,w:24,wCS:2400,goal:1,sine:1,thAx:0,allAx:5,thDist:-5}
1548. sK2 = k5_matrix_6(sK0,sK1,sK2) | ~v2_rlvect_1(sK1) | ~v5_group_1(sK1) | ~v3_group_1(sK1) | ~v33_algstr_0(sK1) | ~v13_algstr_0(sK1) | v6_struct_0(sK1) | v2_struct_0(sK1) | ~v7_ordinal1(sK0) <- (3, 4, 5, 6, 7, 8, 9) [subsumption resolution 1547,545] {a:1,w:22,wCS:2200,goal:1,sine:1,thAx:0,allAx:5,thDist:-5}
1549. sK2 = k5_matrix_6(sK0,sK1,sK2) | ~v5_group_1(sK1) | ~v3_group_1(sK1) | ~v33_algstr_0(sK1) | ~v13_algstr_0(sK1) | v6_struct_0(sK1) | v2_struct_0(sK1) | ~v7_ordinal1(sK0) <- (3, 4, 5, 6, 7, 8, 9, 10) [subsumption resolution 1548,550] {a:1,w:20,wCS:2000,goal:1,sine:1,thAx:0,allAx:5,thDist:-5}
1550. sK2 = k5_matrix_6(sK0,sK1,sK2) | ~v3_group_1(sK1) | ~v33_algstr_0(sK1) | ~v13_algstr_0(sK1) | v6_struct_0(sK1) | v2_struct_0(sK1) | ~v7_ordinal1(sK0) <- (3, 4, 5, 6, 7, 8, 9, 10, 11) [subsumption resolution 1549,555] {a:1,w:18,wCS:1800,goal:1,sine:1,thAx:0,allAx:5,thDist:-5}
1551. sK2 = k5_matrix_6(sK0,sK1,sK2) | ~v33_algstr_0(sK1) | ~v13_algstr_0(sK1) | v6_struct_0(sK1) | v2_struct_0(sK1) | ~v7_ordinal1(sK0) <- (3, 4, 5, 6, 7, 8, 9, 10, 11, 12) [subsumption resolution 1550,560] {a:1,w:16,wCS:1600,goal:1,sine:1,thAx:0,allAx:5,thDist:-5}
1552. sK2 = k5_matrix_6(sK0,sK1,sK2) | ~v13_algstr_0(sK1) | v6_struct_0(sK1) | v2_struct_0(sK1) | ~v7_ordinal1(sK0) <- (3, 4, 5, 6, 7, 8, 9, 10, 11, 12, 13) [subsumption resolution 1551,565] {a:1,w:14,wCS:1400,goal:1,sine:1,thAx:0,allAx:5,thDist:-5}
1553. sK2 = k5_matrix_6(sK0,sK1,sK2) | v6_struct_0(sK1) | v2_struct_0(sK1) | ~v7_ordinal1(sK0) <- (3, 4, 5, 6, 7, 8, 9, 10, 11, 12, 13, 14) [subsumption resolution 1552,570] {a:1,w:12,wCS:1200,goal:1,sine:1,thAx:0,allAx:5,thDist:-5}
1554. sK2 = k5_matrix_6(sK0,sK1,sK2) | v2_struct_0(sK1) | ~v7_ordinal1(sK0) <- (3, 4, 5, 6, 7, 8, 9, 10, 11, 12, 13, 14, ~15) [subsumption resolution 1553,575] {a:1,w:10,wCS:1000,goal:1,sine:1,thAx:0,allAx:5,thDist:-5}
1555. sK2 = k5_matrix_6(sK0,sK1,sK2) | ~v7_ordinal1(sK0) <- (3, 4, 5, 6, 7, 8, 9, 10, 11, 12, 13, 14, ~15, ~16) [subsumption resolution 1554,580] {a:1,w:8,wCS:800,goal:1,sine:1,thAx:0,allAx:5,thDist:-5}
1556. sK2 = k5_matrix_6(sK0,sK1,sK2) <- (3, 4, 5, 6, 7, 8, 9, 10, 11, 12, 13, 14, ~15, ~16, 17) [subsumption resolution 1555,585] {a:1,w:6,wCS:600,goal:1,sine:1,thAx:0,allAx:5,thDist:-5}
1558. 156 <=> sK2 = k5_matrix_6(sK0,sK1,sK2) [avatar definition]
1560. sK2 = k5_matrix_6(sK0,sK1,sK2) <- (156) [avatar component clause 1558] {a:1,w:6,wCS:600,nSel:1,goal:1,sine:255,thAx:0,allAx:5,thDist:-5}
1561. 156 | ~3 | ~4 | ~5 | ~6 | ~7 | ~8 | ~9 | ~10 | ~11 | ~12 | ~13 | ~14 | 15 | 16 | ~17 [avatar split clause 1556,583,578,573,568,563,558,553,548,543,538,533,528,523,518,513,1558]
1614. k4_matrix_3(X4,X5,X5) = X5 | ~v1_matrix_8(X5,X3,X4) | ~m1_matrix_1(X5,u1_struct_0(X4),X3,X3) | ~l6_algstr_0(X4) | ~v5_vectsp_1(X4) | ~v4_vectsp_1(X4) | ~v4_rlvect_1(X4) | ~v3_rlvect_1(X4) | ~v2_rlvect_1(X4) | ~v5_group_1(X4) | ~v3_group_1(X4) | ~v33_algstr_0(X4) | ~v13_algstr_0(X4) | v6_struct_0(X4) | v2_struct_0(X4) | ~v7_ordinal1(X3) | ~m1_matrix_1(X5,u1_struct_0(X4),X3,X3) | ~m1_matrix_1(X5,u1_struct_0(X4),X3,X3) | ~l6_algstr_0(X4) | ~v5_vectsp_1(X4) | ~v4_vectsp_1(X4) | ~v4_rlvect_1(X4) | ~v3_rlvect_1(X4) | ~v2_rlvect_1(X4) | ~v5_group_1(X4) | ~v3_group_1(X4) | ~v33_algstr_0(X4) | ~v13_algstr_0(X4) | v6_struct_0(X4) | v2_struct_0(X4) | ~v7_ordinal1(X3) [superposition 403,475] {a:1,w:80,wCS:32000,sine:1,thAx:0,allAx:2,thDist:-2}
1615. ~m1_matrix_1(X5,u1_struct_0(X4),X3,X3) | ~v1_matrix_8(X5,X3,X4) | k4_matrix_3(X4,X5,X5) = X5 | ~l6_algstr_0(X4) | ~v5_vectsp_1(X4) | ~v4_vectsp_1(X4) | ~v4_rlvect_1(X4) | ~v3_rlvect_1(X4) | ~v2_rlvect_1(X4) | ~v5_group_1(X4) | ~v3_group_1(X4) | ~v33_algstr_0(X4) | ~v13_algstr_0(X4) | v6_struct_0(X4) | v2_struct_0(X4) | ~v7_ordinal1(X3) [duplicate literal removal 1614] {a:1,w:42,wCS:16800,nSel:1,sine:1,thAx:0,allAx:2,thDist:-2}
1704. r2_matrix_6(X0,X1,k5_matrix_6(X0,X1,X2),X2) | ~v1_matrix_6(X2,X0,X1) | ~m1_matrix_1(X2,u1_struct_0(X1),X0,X0) | ~l6_algstr_0(X1) | ~v5_vectsp_1(X1) | ~v4_vectsp_1(X1) | ~v4_rlvect_1(X1) | ~v3_rlvect_1(X1) | ~v2_rlvect_1(X1) | ~v5_group_1(X1) | ~v3_group_1(X1) | ~v33_algstr_0(X1) | ~v13_algstr_0(X1) | v6_struct_0(X1) | v2_struct_0(X1) | ~v7_ordinal1(X0) [subsumption resolution 501,474] {a:0,w:44,wCS:17600,nSel:1,sine:2,thAx:0,allAx:1,thDist:-1}
1722. r2_matrix_6(sK0,sK1,sK2,sK2) | ~v1_matrix_6(sK2,sK0,sK1) | ~m1_matrix_1(sK2,u1_struct_0(sK1),sK0,sK0) | ~l6_algstr_0(sK1) | ~v5_vectsp_1(sK1) | ~v4_vectsp_1(sK1) | ~v4_rlvect_1(sK1) | ~v3_rlvect_1(sK1) | ~v2_rlvect_1(sK1) | ~v5_group_1(sK1) | ~v3_group_1(sK1) | ~v33_algstr_0(sK1) | ~v13_algstr_0(sK1) | v6_struct_0(sK1) | v2_struct_0(sK1) | ~v7_ordinal1(sK0) <- (156) [superposition 1704,1560] {a:2,w:41,wCS:4100,goal:1,sine:2,thAx:0,allAx:6,thDist:-6}
1723. r2_matrix_6(sK0,sK1,sK2,sK2) | ~m1_matrix_1(sK2,u1_struct_0(sK1),sK0,sK0) | ~l6_algstr_0(sK1) | ~v5_vectsp_1(sK1) | ~v4_vectsp_1(sK1) | ~v4_rlvect_1(sK1) | ~v3_rlvect_1(sK1) | ~v2_rlvect_1(sK1) | ~v5_group_1(sK1) | ~v3_group_1(sK1) | ~v33_algstr_0(sK1) | ~v13_algstr_0(sK1) | v6_struct_0(sK1) | v2_struct_0(sK1) | ~v7_ordinal1(sK0) <- (155, 156) [subsumption resolution 1722,1528] {a:2,w:37,wCS:3700,goal:1,sine:2,thAx:0,allAx:6,thDist:-6}
1724. r2_matrix_6(sK0,sK1,sK2,sK2) | ~l6_algstr_0(sK1) | ~v5_vectsp_1(sK1) | ~v4_vectsp_1(sK1) | ~v4_rlvect_1(sK1) | ~v3_rlvect_1(sK1) | ~v2_rlvect_1(sK1) | ~v5_group_1(sK1) | ~v3_group_1(sK1) | ~v33_algstr_0(sK1) | ~v13_algstr_0(sK1) | v6_struct_0(sK1) | v2_struct_0(sK1) | ~v7_ordinal1(sK0) <- (4, 155, 156) [subsumption resolution 1723,520] {a:2,w:31,wCS:3100,goal:1,sine:2,thAx:0,allAx:6,thDist:-6}
1725. r2_matrix_6(sK0,sK1,sK2,sK2) | ~v5_vectsp_1(sK1) | ~v4_vectsp_1(sK1) | ~v4_rlvect_1(sK1) | ~v3_rlvect_1(sK1) | ~v2_rlvect_1(sK1) | ~v5_group_1(sK1) | ~v3_group_1(sK1) | ~v33_algstr_0(sK1) | ~v13_algstr_0(sK1) | v6_struct_0(sK1) | v2_struct_0(sK1) | ~v7_ordinal1(sK0) <- (4, 5, 155, 156) [subsumption resolution 1724,525] {a:2,w:29,wCS:2900,goal:1,sine:2,thAx:0,allAx:6,thDist:-6}
1726. r2_matrix_6(sK0,sK1,sK2,sK2) | ~v4_vectsp_1(sK1) | ~v4_rlvect_1(sK1) | ~v3_rlvect_1(sK1) | ~v2_rlvect_1(sK1) | ~v5_group_1(sK1) | ~v3_group_1(sK1) | ~v33_algstr_0(sK1) | ~v13_algstr_0(sK1) | v6_struct_0(sK1) | v2_struct_0(sK1) | ~v7_ordinal1(sK0) <- (4, 5, 6, 155, 156) [subsumption resolution 1725,530] {a:2,w:27,wCS:2700,goal:1,sine:2,thAx:0,allAx:6,thDist:-6}
1727. r2_matrix_6(sK0,sK1,sK2,sK2) | ~v4_rlvect_1(sK1) | ~v3_rlvect_1(sK1) | ~v2_rlvect_1(sK1) | ~v5_group_1(sK1) | ~v3_group_1(sK1) | ~v33_algstr_0(sK1) | ~v13_algstr_0(sK1) | v6_struct_0(sK1) | v2_struct_0(sK1) | ~v7_ordinal1(sK0) <- (4, 5, 6, 7, 155, 156) [subsumption resolution 1726,535] {a:2,w:25,wCS:2500,goal:1,sine:2,thAx:0,allAx:6,thDist:-6}
1728. r2_matrix_6(sK0,sK1,sK2,sK2) | ~v3_rlvect_1(sK1) | ~v2_rlvect_1(sK1) | ~v5_group_1(sK1) | ~v3_group_1(sK1) | ~v33_algstr_0(sK1) | ~v13_algstr_0(sK1) | v6_struct_0(sK1) | v2_struct_0(sK1) | ~v7_ordinal1(sK0) <- (4, 5, 6, 7, 8, 155, 156) [subsumption resolution 1727,540] {a:2,w:23,wCS:2300,goal:1,sine:2,thAx:0,allAx:6,thDist:-6}
1729. r2_matrix_6(sK0,sK1,sK2,sK2) | ~v2_rlvect_1(sK1) | ~v5_group_1(sK1) | ~v3_group_1(sK1) | ~v33_algstr_0(sK1) | ~v13_algstr_0(sK1) | v6_struct_0(sK1) | v2_struct_0(sK1) | ~v7_ordinal1(sK0) <- (4, 5, 6, 7, 8, 9, 155, 156) [subsumption resolution 1728,545] {a:2,w:21,wCS:2100,goal:1,sine:2,thAx:0,allAx:6,thDist:-6}
1730. r2_matrix_6(sK0,sK1,sK2,sK2) | ~v5_group_1(sK1) | ~v3_group_1(sK1) | ~v33_algstr_0(sK1) | ~v13_algstr_0(sK1) | v6_struct_0(sK1) | v2_struct_0(sK1) | ~v7_ordinal1(sK0) <- (4, 5, 6, 7, 8, 9, 10, 155, 156) [subsumption resolution 1729,550] {a:2,w:19,wCS:1900,goal:1,sine:2,thAx:0,allAx:6,thDist:-6}
1731. r2_matrix_6(sK0,sK1,sK2,sK2) | ~v3_group_1(sK1) | ~v33_algstr_0(sK1) | ~v13_algstr_0(sK1) | v6_struct_0(sK1) | v2_struct_0(sK1) | ~v7_ordinal1(sK0) <- (4, 5, 6, 7, 8, 9, 10, 11, 155, 156) [subsumption resolution 1730,555] {a:2,w:17,wCS:1700,goal:1,sine:2,thAx:0,allAx:6,thDist:-6}
1732. r2_matrix_6(sK0,sK1,sK2,sK2) | ~v33_algstr_0(sK1) | ~v13_algstr_0(sK1) | v6_struct_0(sK1) | v2_struct_0(sK1) | ~v7_ordinal1(sK0) <- (4, 5, 6, 7, 8, 9, 10, 11, 12, 155, 156) [subsumption resolution 1731,560] {a:2,w:15,wCS:1500,goal:1,sine:2,thAx:0,allAx:6,thDist:-6}
1733. r2_matrix_6(sK0,sK1,sK2,sK2) | ~v13_algstr_0(sK1) | v6_struct_0(sK1) | v2_struct_0(sK1) | ~v7_ordinal1(sK0) <- (4, 5, 6, 7, 8, 9, 10, 11, 12, 13, 155, 156) [subsumption resolution 1732,565] {a:2,w:13,wCS:1300,goal:1,sine:2,thAx:0,allAx:6,thDist:-6}
1734. r2_matrix_6(sK0,sK1,sK2,sK2) | v6_struct_0(sK1) | v2_struct_0(sK1) | ~v7_ordinal1(sK0) <- (4, 5, 6, 7, 8, 9, 10, 11, 12, 13, 14, 155, 156) [subsumption resolution 1733,570] {a:2,w:11,wCS:1100,goal:1,sine:2,thAx:0,allAx:6,thDist:-6}
1735. r2_matrix_6(sK0,sK1,sK2,sK2) | v2_struct_0(sK1) | ~v7_ordinal1(sK0) <- (4, 5, 6, 7, 8, 9, 10, 11, 12, 13, 14, ~15, 155, 156) [subsumption resolution 1734,575] {a:2,w:9,wCS:900,goal:1,sine:2,thAx:0,allAx:6,thDist:-6}
1736. r2_matrix_6(sK0,sK1,sK2,sK2) | ~v7_ordinal1(sK0) <- (4, 5, 6, 7, 8, 9, 10, 11, 12, 13, 14, ~15, ~16, 155, 156) [subsumption resolution 1735,580] {a:2,w:7,wCS:700,goal:1,sine:2,thAx:0,allAx:6,thDist:-6}
1737. r2_matrix_6(sK0,sK1,sK2,sK2) <- (4, 5, 6, 7, 8, 9, 10, 11, 12, 13, 14, ~15, ~16, 17, 155, 156) [subsumption resolution 1736,585] {a:2,w:5,wCS:500,goal:1,sine:2,thAx:0,allAx:6,thDist:-6}
1739. 166 <=> r2_matrix_6(sK0,sK1,sK2,sK2) [avatar definition]
1741. r2_matrix_6(sK0,sK1,sK2,sK2) <- (166) [avatar component clause 1739] {a:2,w:5,wCS:500,nSel:1,goal:1,sine:255,thAx:0,allAx:6,thDist:-6}
1742. 166 | ~4 | ~5 | ~6 | ~7 | ~8 | ~9 | ~10 | ~11 | ~12 | ~13 | ~14 | 15 | 16 | ~17 | ~155 | ~156 [avatar split clause 1737,1558,1526,583,578,573,568,563,558,553,548,543,538,533,528,523,518,1739]
2327. ~v1_matrix_8(sK2,sK0,sK1) | sK2 = k4_matrix_3(sK1,sK2,sK2) | ~l6_algstr_0(sK1) | ~v5_vectsp_1(sK1) | ~v4_vectsp_1(sK1) | ~v4_rlvect_1(sK1) | ~v3_rlvect_1(sK1) | ~v2_rlvect_1(sK1) | ~v5_group_1(sK1) | ~v3_group_1(sK1) | ~v33_algstr_0(sK1) | ~v13_algstr_0(sK1) | v6_struct_0(sK1) | v2_struct_0(sK1) | ~v7_ordinal1(sK0) <- (4) [resolution 1615,520] {a:2,w:36,wCS:3600,goal:1,sine:1,thAx:0,allAx:6,thDist:-6}
2334. sK2 = k4_matrix_3(sK1,sK2,sK2) | ~l6_algstr_0(sK1) | ~v5_vectsp_1(sK1) | ~v4_vectsp_1(sK1) | ~v4_rlvect_1(sK1) | ~v3_rlvect_1(sK1) | ~v2_rlvect_1(sK1) | ~v5_group_1(sK1) | ~v3_group_1(sK1) | ~v33_algstr_0(sK1) | ~v13_algstr_0(sK1) | v6_struct_0(sK1) | v2_struct_0(sK1) | ~v7_ordinal1(sK0) <- (2, 4) [subsumption resolution 2327,510] {a:2,w:32,wCS:3200,goal:1,sine:1,thAx:0,allAx:6,thDist:-6}
2335. sK2 = k4_matrix_3(sK1,sK2,sK2) | ~v5_vectsp_1(sK1) | ~v4_vectsp_1(sK1) | ~v4_rlvect_1(sK1) | ~v3_rlvect_1(sK1) | ~v2_rlvect_1(sK1) | ~v5_group_1(sK1) | ~v3_group_1(sK1) | ~v33_algstr_0(sK1) | ~v13_algstr_0(sK1) | v6_struct_0(sK1) | v2_struct_0(sK1) | ~v7_ordinal1(sK0) <- (2, 4, 5) [subsumption resolution 2334,525] {a:2,w:30,wCS:3000,goal:1,sine:1,thAx:0,allAx:6,thDist:-6}
2336. sK2 = k4_matrix_3(sK1,sK2,sK2) | ~v4_vectsp_1(sK1) | ~v4_rlvect_1(sK1) | ~v3_rlvect_1(sK1) | ~v2_rlvect_1(sK1) | ~v5_group_1(sK1) | ~v3_group_1(sK1) | ~v33_algstr_0(sK1) | ~v13_algstr_0(sK1) | v6_struct_0(sK1) | v2_struct_0(sK1) | ~v7_ordinal1(sK0) <- (2, 4, 5, 6) [subsumption resolution 2335,530] {a:2,w:28,wCS:2800,goal:1,sine:1,thAx:0,allAx:6,thDist:-6}
2337. sK2 = k4_matrix_3(sK1,sK2,sK2) | ~v4_rlvect_1(sK1) | ~v3_rlvect_1(sK1) | ~v2_rlvect_1(sK1) | ~v5_group_1(sK1) | ~v3_group_1(sK1) | ~v33_algstr_0(sK1) | ~v13_algstr_0(sK1) | v6_struct_0(sK1) | v2_struct_0(sK1) | ~v7_ordinal1(sK0) <- (2, 4, 5, 6, 7) [subsumption resolution 2336,535] {a:2,w:26,wCS:2600,goal:1,sine:1,thAx:0,allAx:6,thDist:-6}
2338. sK2 = k4_matrix_3(sK1,sK2,sK2) | ~v3_rlvect_1(sK1) | ~v2_rlvect_1(sK1) | ~v5_group_1(sK1) | ~v3_group_1(sK1) | ~v33_algstr_0(sK1) | ~v13_algstr_0(sK1) | v6_struct_0(sK1) | v2_struct_0(sK1) | ~v7_ordinal1(sK0) <- (2, 4, 5, 6, 7, 8) [subsumption resolution 2337,540] {a:2,w:24,wCS:2400,goal:1,sine:1,thAx:0,allAx:6,thDist:-6}
2339. sK2 = k4_matrix_3(sK1,sK2,sK2) | ~v2_rlvect_1(sK1) | ~v5_group_1(sK1) | ~v3_group_1(sK1) | ~v33_algstr_0(sK1) | ~v13_algstr_0(sK1) | v6_struct_0(sK1) | v2_struct_0(sK1) | ~v7_ordinal1(sK0) <- (2, 4, 5, 6, 7, 8, 9) [subsumption resolution 2338,545] {a:2,w:22,wCS:2200,goal:1,sine:1,thAx:0,allAx:6,thDist:-6}
2340. sK2 = k4_matrix_3(sK1,sK2,sK2) | ~v5_group_1(sK1) | ~v3_group_1(sK1) | ~v33_algstr_0(sK1) | ~v13_algstr_0(sK1) | v6_struct_0(sK1) | v2_struct_0(sK1) | ~v7_ordinal1(sK0) <- (2, 4, 5, 6, 7, 8, 9, 10) [subsumption resolution 2339,550] {a:2,w:20,wCS:2000,goal:1,sine:1,thAx:0,allAx:6,thDist:-6}
2341. sK2 = k4_matrix_3(sK1,sK2,sK2) | ~v3_group_1(sK1) | ~v33_algstr_0(sK1) | ~v13_algstr_0(sK1) | v6_struct_0(sK1) | v2_struct_0(sK1) | ~v7_ordinal1(sK0) <- (2, 4, 5, 6, 7, 8, 9, 10, 11) [subsumption resolution 2340,555] {a:2,w:18,wCS:1800,goal:1,sine:1,thAx:0,allAx:6,thDist:-6}
2342. sK2 = k4_matrix_3(sK1,sK2,sK2) | ~v33_algstr_0(sK1) | ~v13_algstr_0(sK1) | v6_struct_0(sK1) | v2_struct_0(sK1) | ~v7_ordinal1(sK0) <- (2, 4, 5, 6, 7, 8, 9, 10, 11, 12) [subsumption resolution 2341,560] {a:2,w:16,wCS:1600,goal:1,sine:1,thAx:0,allAx:6,thDist:-6}
2343. sK2 = k4_matrix_3(sK1,sK2,sK2) | ~v13_algstr_0(sK1) | v6_struct_0(sK1) | v2_struct_0(sK1) | ~v7_ordinal1(sK0) <- (2, 4, 5, 6, 7, 8, 9, 10, 11, 12, 13) [subsumption resolution 2342,565] {a:2,w:14,wCS:1400,goal:1,sine:1,thAx:0,allAx:6,thDist:-6}
2344. sK2 = k4_matrix_3(sK1,sK2,sK2) | v6_struct_0(sK1) | v2_struct_0(sK1) | ~v7_ordinal1(sK0) <- (2, 4, 5, 6, 7, 8, 9, 10, 11, 12, 13, 14) [subsumption resolution 2343,570] {a:2,w:12,wCS:1200,goal:1,sine:1,thAx:0,allAx:6,thDist:-6}
2345. sK2 = k4_matrix_3(sK1,sK2,sK2) | v2_struct_0(sK1) | ~v7_ordinal1(sK0) <- (2, 4, 5, 6, 7, 8, 9, 10, 11, 12, 13, 14, ~15) [subsumption resolution 2344,575] {a:2,w:10,wCS:1000,goal:1,sine:1,thAx:0,allAx:6,thDist:-6}
2346. sK2 = k4_matrix_3(sK1,sK2,sK2) | ~v7_ordinal1(sK0) <- (2, 4, 5, 6, 7, 8, 9, 10, 11, 12, 13, 14, ~15, ~16) [subsumption resolution 2345,580] {a:2,w:8,wCS:800,goal:1,sine:1,thAx:0,allAx:6,thDist:-6}
2347. sK2 = k4_matrix_3(sK1,sK2,sK2) <- (2, 4, 5, 6, 7, 8, 9, 10, 11, 12, 13, 14, ~15, ~16, 17) [subsumption resolution 2346,585] {a:2,w:6,wCS:600,goal:1,sine:1,thAx:0,allAx:6,thDist:-6}
2349. 203 <=> sK2 = k4_matrix_3(sK1,sK2,sK2) [avatar definition]
2351. sK2 = k4_matrix_3(sK1,sK2,sK2) <- (203) [avatar component clause 2349] {a:2,w:6,wCS:600,nSel:1,goal:1,sine:255,thAx:0,allAx:6,thDist:-6}
2352. 203 | ~2 | ~4 | ~5 | ~6 | ~7 | ~8 | ~9 | ~10 | ~11 | ~12 | ~13 | ~14 | 15 | 16 | ~17 [avatar split clause 2347,583,578,573,568,563,558,553,548,543,538,533,528,523,518,508,2349]
2354. sK2 = k12_matrix_1(sK1,X0) | ~r2_matrix_6(X0,sK1,sK2,sK2) | ~m1_matrix_1(sK2,u1_struct_0(sK1),X0,X0) | ~m1_matrix_1(sK2,u1_struct_0(sK1),X0,X0) | ~l6_algstr_0(sK1) | ~v5_vectsp_1(sK1) | ~v4_vectsp_1(sK1) | ~v4_rlvect_1(sK1) | ~v3_rlvect_1(sK1) | ~v2_rlvect_1(sK1) | ~v5_group_1(sK1) | ~v3_group_1(sK1) | ~v33_algstr_0(sK1) | ~v13_algstr_0(sK1) | v6_struct_0(sK1) | v2_struct_0(sK1) | ~v7_ordinal1(X0) <- (203) [superposition 2351,406] {a:3,w:48,wCS:4800,goal:1,sine:3,thAx:0,allAx:7,thDist:-7}
2365. sK2 = k12_matrix_1(sK1,X0) | ~r2_matrix_6(X0,sK1,sK2,sK2) | ~m1_matrix_1(sK2,u1_struct_0(sK1),X0,X0) | ~l6_algstr_0(sK1) | ~v5_vectsp_1(sK1) | ~v4_vectsp_1(sK1) | ~v4_rlvect_1(sK1) | ~v3_rlvect_1(sK1) | ~v2_rlvect_1(sK1) | ~v5_group_1(sK1) | ~v3_group_1(sK1) | ~v33_algstr_0(sK1) | ~v13_algstr_0(sK1) | v6_struct_0(sK1) | v2_struct_0(sK1) | ~v7_ordinal1(X0) <- (203) [duplicate literal removal 2354] {a:3,w:42,wCS:4200,goal:1,sine:3,thAx:0,allAx:7,thDist:-7}
2366. sK2 = k12_matrix_1(sK1,X0) | ~r2_matrix_6(X0,sK1,sK2,sK2) | ~m1_matrix_1(sK2,u1_struct_0(sK1),X0,X0) | ~v5_vectsp_1(sK1) | ~v4_vectsp_1(sK1) | ~v4_rlvect_1(sK1) | ~v3_rlvect_1(sK1) | ~v2_rlvect_1(sK1) | ~v5_group_1(sK1) | ~v3_group_1(sK1) | ~v33_algstr_0(sK1) | ~v13_algstr_0(sK1) | v6_struct_0(sK1) | v2_struct_0(sK1) | ~v7_ordinal1(X0) <- (5, 203) [subsumption resolution 2365,525] {a:3,w:40,wCS:4000,goal:1,sine:3,thAx:0,allAx:7,thDist:-7}
2367. sK2 = k12_matrix_1(sK1,X0) | ~r2_matrix_6(X0,sK1,sK2,sK2) | ~m1_matrix_1(sK2,u1_struct_0(sK1),X0,X0) | ~v4_vectsp_1(sK1) | ~v4_rlvect_1(sK1) | ~v3_rlvect_1(sK1) | ~v2_rlvect_1(sK1) | ~v5_group_1(sK1) | ~v3_group_1(sK1) | ~v33_algstr_0(sK1) | ~v13_algstr_0(sK1) | v6_struct_0(sK1) | v2_struct_0(sK1) | ~v7_ordinal1(X0) <- (5, 6, 203) [subsumption resolution 2366,530] {a:3,w:38,wCS:3800,goal:1,sine:3,thAx:0,allAx:7,thDist:-7}
2368. sK2 = k12_matrix_1(sK1,X0) | ~r2_matrix_6(X0,sK1,sK2,sK2) | ~m1_matrix_1(sK2,u1_struct_0(sK1),X0,X0) | ~v4_rlvect_1(sK1) | ~v3_rlvect_1(sK1) | ~v2_rlvect_1(sK1) | ~v5_group_1(sK1) | ~v3_group_1(sK1) | ~v33_algstr_0(sK1) | ~v13_algstr_0(sK1) | v6_struct_0(sK1) | v2_struct_0(sK1) | ~v7_ordinal1(X0) <- (5, 6, 7, 203) [subsumption resolution 2367,535] {a:3,w:36,wCS:3600,goal:1,sine:3,thAx:0,allAx:7,thDist:-7}
2369. sK2 = k12_matrix_1(sK1,X0) | ~r2_matrix_6(X0,sK1,sK2,sK2) | ~m1_matrix_1(sK2,u1_struct_0(sK1),X0,X0) | ~v3_rlvect_1(sK1) | ~v2_rlvect_1(sK1) | ~v5_group_1(sK1) | ~v3_group_1(sK1) | ~v33_algstr_0(sK1) | ~v13_algstr_0(sK1) | v6_struct_0(sK1) | v2_struct_0(sK1) | ~v7_ordinal1(X0) <- (5, 6, 7, 8, 203) [subsumption resolution 2368,540] {a:3,w:34,wCS:3400,goal:1,sine:3,thAx:0,allAx:7,thDist:-7}
2370. sK2 = k12_matrix_1(sK1,X0) | ~r2_matrix_6(X0,sK1,sK2,sK2) | ~m1_matrix_1(sK2,u1_struct_0(sK1),X0,X0) | ~v2_rlvect_1(sK1) | ~v5_group_1(sK1) | ~v3_group_1(sK1) | ~v33_algstr_0(sK1) | ~v13_algstr_0(sK1) | v6_struct_0(sK1) | v2_struct_0(sK1) | ~v7_ordinal1(X0) <- (5, 6, 7, 8, 9, 203) [subsumption resolution 2369,545] {a:3,w:32,wCS:3200,goal:1,sine:3,thAx:0,allAx:7,thDist:-7}
2371. sK2 = k12_matrix_1(sK1,X0) | ~r2_matrix_6(X0,sK1,sK2,sK2) | ~m1_matrix_1(sK2,u1_struct_0(sK1),X0,X0) | ~v5_group_1(sK1) | ~v3_group_1(sK1) | ~v33_algstr_0(sK1) | ~v13_algstr_0(sK1) | v6_struct_0(sK1) | v2_struct_0(sK1) | ~v7_ordinal1(X0) <- (5, 6, 7, 8, 9, 10, 203) [subsumption resolution 2370,550] {a:3,w:30,wCS:3000,goal:1,sine:3,thAx:0,allAx:7,thDist:-7}
2372. sK2 = k12_matrix_1(sK1,X0) | ~r2_matrix_6(X0,sK1,sK2,sK2) | ~m1_matrix_1(sK2,u1_struct_0(sK1),X0,X0) | ~v3_group_1(sK1) | ~v33_algstr_0(sK1) | ~v13_algstr_0(sK1) | v6_struct_0(sK1) | v2_struct_0(sK1) | ~v7_ordinal1(X0) <- (5, 6, 7, 8, 9, 10, 11, 203) [subsumption resolution 2371,555] {a:3,w:28,wCS:2800,goal:1,sine:3,thAx:0,allAx:7,thDist:-7}
2373. sK2 = k12_matrix_1(sK1,X0) | ~r2_matrix_6(X0,sK1,sK2,sK2) | ~m1_matrix_1(sK2,u1_struct_0(sK1),X0,X0) | ~v33_algstr_0(sK1) | ~v13_algstr_0(sK1) | v6_struct_0(sK1) | v2_struct_0(sK1) | ~v7_ordinal1(X0) <- (5, 6, 7, 8, 9, 10, 11, 12, 203) [subsumption resolution 2372,560] {a:3,w:26,wCS:2600,goal:1,sine:3,thAx:0,allAx:7,thDist:-7}
2374. sK2 = k12_matrix_1(sK1,X0) | ~r2_matrix_6(X0,sK1,sK2,sK2) | ~m1_matrix_1(sK2,u1_struct_0(sK1),X0,X0) | ~v13_algstr_0(sK1) | v6_struct_0(sK1) | v2_struct_0(sK1) | ~v7_ordinal1(X0) <- (5, 6, 7, 8, 9, 10, 11, 12, 13, 203) [subsumption resolution 2373,565] {a:3,w:24,wCS:2400,goal:1,sine:3,thAx:0,allAx:7,thDist:-7}
2375. sK2 = k12_matrix_1(sK1,X0) | ~r2_matrix_6(X0,sK1,sK2,sK2) | ~m1_matrix_1(sK2,u1_struct_0(sK1),X0,X0) | v6_struct_0(sK1) | v2_struct_0(sK1) | ~v7_ordinal1(X0) <- (5, 6, 7, 8, 9, 10, 11, 12, 13, 14, 203) [subsumption resolution 2374,570] {a:3,w:22,wCS:2200,goal:1,sine:3,thAx:0,allAx:7,thDist:-7}
2376. sK2 = k12_matrix_1(sK1,X0) | ~r2_matrix_6(X0,sK1,sK2,sK2) | ~m1_matrix_1(sK2,u1_struct_0(sK1),X0,X0) | v2_struct_0(sK1) | ~v7_ordinal1(X0) <- (5, 6, 7, 8, 9, 10, 11, 12, 13, 14, ~15, 203) [subsumption resolution 2375,575] {a:3,w:20,wCS:2000,goal:1,sine:3,thAx:0,allAx:7,thDist:-7}
2377. ~m1_matrix_1(sK2,u1_struct_0(sK1),X0,X0) | ~r2_matrix_6(X0,sK1,sK2,sK2) | sK2 = k12_matrix_1(sK1,X0) | ~v7_ordinal1(X0) <- (5, 6, 7, 8, 9, 10, 11, 12, 13, 14, ~15, ~16, 203) [subsumption resolution 2376,580] {a:3,w:18,wCS:1800,nSel:1,goal:1,sine:3,thAx:0,allAx:7,thDist:-7}
2437. ~r2_matrix_6(sK0,sK1,sK2,sK2) | k12_matrix_1(sK1,sK0) = sK2 | ~v7_ordinal1(sK0) <- (4, 5, 6, 7, 8, 9, 10, 11, 12, 13, 14, ~15, ~16, 203) [resolution 2377,520] {a:4,w:12,wCS:1200,goal:1,sine:3,thAx:0,allAx:11,thDist:-11}
2439. k12_matrix_1(sK1,sK0) = sK2 | ~v7_ordinal1(sK0) <- (4, 5, 6, 7, 8, 9, 10, 11, 12, 13, 14, ~15, ~16, 166, 203) [subsumption resolution 2437,1741] {a:4,w:7,wCS:700,goal:1,sine:3,thAx:0,allAx:11,thDist:-11}
2440. ~v7_ordinal1(sK0) <- (~1, 4, 5, 6, 7, 8, 9, 10, 11, 12, 13, 14, ~15, ~16, 166, 203) [subsumption resolution 2439,505] {a:4,w:2,wCS:200,goal:1,sine:3,thAx:0,allAx:11,thDist:-11}
2441. $false <- (~1, 4, 5, 6, 7, 8, 9, 10, 11, 12, 13, 14, ~15, ~16, 17, 166, 203) [subsumption resolution 2440,585] {a:4,w:0,goal:1,sine:3,thAx:0,allAx:11,thDist:-11}
2442. 1 | ~4 | ~5 | ~6 | ~7 | ~8 | ~9 | ~10 | ~11 | ~12 | ~13 | ~14 | 15 | 16 | ~17 | ~166 | ~203 [avatar contradiction clause 2441]
2443. $false [avatar sat refutation 506,511,516,521,526,531,536,541,546,551,556,561,566,571,576,581,586,1529,1561,1742,2352,2442] {a:0,w:0,goal:1,sine:0,thAx:0,allAx:1460,thDist:-1460}
% SZS output end Proof for matrix_8__t32_matrix_8
% ------------------------------
% Version: Vampire 4.5.1 (commit 226f88162 on 2021-09-12 20:13:44 +0200)
% Termination reason: Refutation

% >>> Input
% Input formulas: 125
% >>> Preprocessing
% Introduced skolems: 29
% Pure predicates: 14
% Unused predicate definitions: 1
% 
% >>> Saturation
% Initial clauses: 147
% Generated clauses: 1250
% Active clauses: 346
% Passive clauses: 492
% Final active clauses: 337
% Final passive clauses: 129
% Main loop iterations started: 359
% 
% >>> Simplifying Inferences
% Duplicate literals: 650
% Trivial inequalities: 8
% Fw subsumption resolutions: 293
% Fw demodulations: 5
% Bw demodulations: 1
% 
% >>> Deletion Inferences
% Simple tautologies: 35
% Forward subsumptions: 105
% Backward subsumptions: 1
% 
% >>> Generating Inferences
% Binary resolution: 438
% Unit resulting resolution: 8
% Forward superposition: 35
% Backward superposition: 18
% Self superposition: 3
% Equality resolution: 1
% 
% >>> AVATAR
% Split clauses: 39
% Split components: 80
% Sat splitting refutations: 15
% 
% >>> SAT Solver Statistics
% SAT solver clauses: 217
% SAT solver unit clauses: 50
% SAT solver binary clauses: 98
% 
% Memory used [KB]: 7036
% Time elapsed: 0.013 s
% ------------------------------
% ------------------------------
% Time measurement results:
% parsing: 0.001 s ( own 0.0000 s ) 
% term sharing: 0.001 s
% splitting component index maintenance: 0.001 s
% forward subsumption: 0.003 s
% backward subsumption: 0.001 s
% unit resulting resolution: 0.002 s
% superposition: 0.003 s
% other: 0.013 s ( own 0.002 s ) 

