i: [1,176,0,2,1,1,0,0] t7_wellord1
a: [3,271,0,2,1,176]
s: 271
i: [1,175,0,2,1,1,0,0] t7_wellord1
a: [3,276,0,2,1,175]
s: 276
i: [1,177,0,4,1,1,0,0] t7_wellord1
a: [3,266,0,4,1,177]
s: 266
i: [1,180,0,2,1,0,0,255] dt_o_0_0_xboole_0
a: [3,281,0,2,1,180]
s: 281
i: [1,247,0,2,1,0,0,4] rc7_funct_1
a: [3,291,0,2,1,247]
s: 291
i: [1,246,0,2,1,0,0,4] rc7_funct_1
a: [3,296,0,2,1,246]
s: 296
i: [1,249,0,2,1,0,0,2] rc1_relat_1
a: [3,301,0,2,1,249]
s: 301
i: [1,248,0,2,1,0,0,2] rc1_relat_1
a: [3,306,0,2,1,248]
s: 306
i: [1,252,0,2,1,0,0,255] rc4_funct_1
a: [3,311,0,2,1,252]
s: 311
i: [1,251,0,2,1,0,0,255] rc4_funct_1
a: [3,316,0,2,1,251]
s: 316
i: [1,250,0,2,1,0,0,255] rc4_funct_1
a: [3,321,0,2,1,250]
s: 321
i: [1,253,0,2,1,0,0,255] rc2_relat_1
a: [3,326,0,2,1,253]
s: 326
i: [1,255,0,2,1,0,0,255] rc3_funct_1
a: [3,331,0,2,1,255]
s: 331
i: [1,254,0,2,1,0,0,255] rc3_funct_1
a: [3,336,0,2,1,254]
s: 336
i: [1,257,0,2,1,0,0,3] rc1_funct_1
a: [3,341,0,2,1,257]
s: 341
i: [1,256,0,2,1,0,0,3] rc1_funct_1
a: [3,346,0,2,1,256]
s: 346
i: [1,260,0,2,1,0,0,255] rc5_funct_1
a: [3,351,0,2,1,260]
s: 351
i: [1,259,0,2,1,0,0,255] rc5_funct_1
a: [3,356,0,2,1,259]
s: 356
i: [1,258,0,2,1,0,0,255] rc5_funct_1
a: [3,361,0,2,1,258]
s: 361
i: [1,262,0,2,1,0,0,255] rc2_funct_1
a: [3,366,0,2,1,262]
s: 366
i: [1,261,0,2,1,0,0,255] rc2_funct_1
a: [3,371,0,2,1,261]
s: 371
i: [1,178,0,9,2,1,0,0] t7_wellord1
s: 178
i: [1,179,0,10,2,1,0,0] t7_wellord1
s: 179
i: [1,236,0,3,1,0,0,2] reflexivity_r1_tarski
s: 236
i: [1,181,0,3,1,0,0,255] d2_xboole_0
a: [3,286,0,3,1,181]
s: 286
r: 281
d: [2,373,0,2,1,2,23,281,286]
a: [3,377,0,2,1,373]
s: 377
i: [1,186,0,4,2,0,0,4] cc7_funct_1
s: 186
i: [1,187,0,4,2,0,0,3] cc1_funct_1
s: 187
d: [2,379,1,2,1,1,40,186,377]
a: [3,383,1,2,1,379]
s: 383
i: [1,188,0,4,2,0,0,2] cc1_relat_1
s: 188
i: [1,235,0,4,1,0,0,2] existence_m1_subset_1
s: 235
d: [2,385,1,2,1,1,40,187,377]
a: [3,389,1,2,1,385]
s: 389
i: [1,182,0,5,1,0,0,1] t1_boole
s: 182
d: [2,391,1,2,1,1,40,188,377]
a: [3,395,1,2,1,391]
s: 395
i: [1,189,0,5,2,0,0,1] t6_boole
s: 189
i: [1,190,0,5,2,0,0,2] fc10_relat_1
s: 190
i: [1,191,0,5,2,0,0,2] fc11_relat_1
s: 191
i: [1,232,0,5,2,0,0,1] t7_boole
s: 232
i: [1,237,0,5,1,0,0,2] idempotence_k2_xboole_0
s: 237
i: [1,238,0,5,1,0,0,255] fc1_funct_1
s: 238
i: [1,239,0,5,1,0,0,255] fc5_relat_1
s: 239
d: [2,403,1,5,2,0,40,190,188]
s: 403
i: [1,214,0,6,3,0,0,255] cc1_wellord1
s: 214
d: [2,410,1,4,2,1,40,214,271]
d: [2,411,1,2,1,2,21,410,276]
a: [3,415,1,2,1,411]
s: 415
i: [1,215,0,6,3,0,0,255] cc1_wellord1
s: 215
i: [1,216,0,6,3,0,0,255] cc1_wellord1
s: 216
d: [2,417,1,4,2,1,40,215,271]
d: [2,418,1,2,1,2,21,417,276]
a: [3,422,1,2,1,418]
s: 422
i: [1,217,0,6,3,0,0,255] cc1_wellord1
s: 217
d: [2,424,1,4,2,1,40,216,271]
d: [2,425,1,2,1,2,21,424,276]
a: [3,429,1,2,1,425]
s: 429
i: [1,218,0,6,3,0,0,255] cc1_wellord1
s: 218
i: [1,228,0,6,2,0,0,1] t1_subset
s: 228
d: [2,431,1,4,2,1,40,217,271]
d: [2,432,1,2,1,2,21,431,276]
a: [3,436,1,2,1,432]
s: 436
i: [1,242,0,6,2,0,0,1] antisymmetry_r2_hidden
s: 242
d: [2,438,1,4,2,1,40,218,271]
d: [2,439,1,2,1,2,21,438,276]
a: [3,443,1,2,1,439]
s: 443
i: [1,183,0,7,3,0,0,4] cc8_funct_1
s: 183
i: [1,184,0,7,3,0,0,4] cc8_funct_1
s: 184
d: [2,445,1,9,2,0,40,228,178]
s: 445
i: [1,197,0,7,3,0,0,2] fc8_relat_1
s: 197
d: [2,449,2,10,3,0,40,445,184]
a: [3,454,2,3,1,449]
s: 454
i: [1,198,0,7,3,0,0,2] fc9_relat_1
s: 198
i: [1,202,0,7,3,0,0,2] fc24_relat_1
s: 202
d: [2,446,1,9,2,0,40,242,178]
s: 446
i: [1,203,0,7,3,0,0,2] fc25_relat_1
s: 203
d: [2,404,1,5,2,0,40,190,187]
s: 404
i: [1,224,0,7,3,0,0,255] fc14_funct_1
s: 224
i: [1,229,0,7,2,0,0,2] t3_subset
s: 229
d: [2,405,1,5,2,0,40,190,186]
s: 405
i: [1,230,0,7,2,0,0,2] t3_subset
s: 230
d: [2,406,1,5,2,0,40,191,188]
s: 406
i: [1,231,0,7,3,0,0,1] t8_boole
s: 231
i: [1,240,0,7,1,0,0,255] commutativity_k2_tarski
s: 240
d: [2,407,1,5,2,0,40,191,187]
s: 407
i: [1,241,0,7,1,0,0,2] commutativity_k2_xboole_0
s: 241
d: [2,408,1,5,2,0,40,191,186]
s: 408
i: [1,185,0,8,3,0,0,3] cc9_funct_1
s: 185
i: [1,195,0,8,3,0,0,3] cc2_relat_1
s: 195
d: [2,447,1,5,2,0,40,183,235]
s: 447
i: [1,201,0,8,4,0,0,255] cc6_funct_1
s: 201
d: [2,481,1,6,3,1,40,201,311]
d: [2,499,1,4,2,2,21,481,316]
a: [3,503,1,2,1,499]
s: 503
i: [1,208,0,8,4,0,0,255] cc4_funct_1
s: 208
d: [2,546,0,6,3,0,21,208,187]
d: [2,547,0,4,2,0,21,546,188]
s: 547
d: [2,482,1,6,3,1,40,201,331]
d: [2,509,1,4,2,2,21,482,336]
a: [3,513,1,2,1,509]
s: 513
i: [1,220,0,8,4,0,0,255] cc5_funct_1
s: 220
d: [2,483,1,6,3,1,40,201,341]
d: [2,519,1,4,2,2,21,483,346]
a: [3,523,1,2,1,519]
s: 523
i: [1,227,0,8,3,0,0,1] t2_subset
s: 227
i: [1,244,0,8,3,0,0,2] fc3_relat_1
s: 244
d: [2,484,1,6,3,1,40,201,356]
d: [2,529,1,4,2,2,21,484,351]
d: [2,530,1,2,1,3,21,529,361]
a: [3,534,1,2,1,530]
s: 534
i: [1,245,0,8,1,0,0,255] fc7_relat_1
s: 245
d: [2,485,1,6,3,1,40,201,366]
d: [2,536,1,4,2,2,21,485,371]
a: [3,540,1,2,1,536]
s: 540
i: [1,196,0,9,4,0,0,2] fc18_funct_1
s: 196
i: [1,219,0,9,4,0,0,255] fc13_funct_1
s: 219
d: [2,477,2,6,3,1,40,201,389]
d: [2,486,2,4,2,2,21,477,395]
a: [3,490,2,2,1,486]
s: 490
i: [1,223,0,9,4,0,0,255] fc12_funct_1
s: 223
a: [3,494,2,2,1,486]
s: 494
i: [1,234,0,9,3,0,0,3] t5_subset
s: 234
i: [1,192,0,10,2,0,0,1] d6_relat_1
s: 192
d: [2,566,3,4,2,1,44,490,189]
s: 566
i: [1,225,0,10,4,0,0,3] cc3_funct_1
s: 225
d: [2,448,1,5,2,0,40,184,235]
s: 448
i: [1,226,0,10,1,0,0,255] d5_tarski
s: 226
i: [1,233,0,10,3,0,0,3] t4_subset
s: 233
d: [2,465,1,5,1,0,40,229,235]
s: 465
i: [1,243,0,12,5,0,0,255] fc15_funct_1
s: 243
d: [2,469,1,5,1,0,44,241,182]
s: 469
i: [1,212,0,14,7,0,0,255] cc2_wellord1
s: 212
i: [1,193,0,16,5,0,0,1] t6_wellord1
s: 193
d: [2,470,1,5,1,0,44,241,182]
s: 470
i: [1,194,0,21,6,0,0,1] t6_wellord1
s: 194
d: [2,602,1,23,6,0,40,194,179]
d: [2,606,1,21,5,1,21,602,271]
d: [2,607,1,19,4,2,21,606,276]
s: 607
d: [2,471,1,5,1,0,44,182,241]
s: 471
d: [2,472,1,5,1,0,44,182,241]
s: 472
d: [2,609,2,30,7,2,40,607,193]
d: [2,610,2,21,5,2,18,609]
d: [2,611,2,17,4,3,21,610,266]
d: [2,612,2,12,3,3,21,611,236]
d: [2,613,2,10,2,3,21,612,271]
d: [2,614,2,8,1,3,21,613,276]
a: [3,618,2,8,1,614]
s: 618
d: [2,549,1,5,2,0,40,547,190]
s: 549
d: [2,620,3,7,1,1,40,618,178]
a: [3,624,3,7,1,620]
s: 624
d: [2,626,4,0,0,4,52,276,271,266,236,624,193]
e: 626
d: [2,627,4,13,4,1,40,624,193]
d: [2,629,4,9,3,2,21,627,266]
d: [2,630,4,4,2,2,21,629,236]
d: [2,631,4,2,1,3,21,630,271]
d: [2,632,4,0,0,4,21,631,276]
e: 632
f: 632,620,614,175,176,177
% Refutation found. Thanks to Tanya!
% SZS status Theorem for wellord1__t7_wellord1
% SZS output start Proof for wellord1__t7_wellord1
1. ! [X0] : (v1_relat_1(X0) => ~(! [X1] : ~(! [X2] : (r2_hidden(X2,k1_relat_1(X0)) => r2_hidden(k4_tarski(X1,X2),X0)) & r2_hidden(X1,k1_relat_1(X0))) & k1_relat_1(X0) != k1_xboole_0 & v2_wellord1(X0))) [input t7_wellord1]
2. ~! [X0] : (v1_relat_1(X0) => ~(! [X1] : ~(! [X2] : (r2_hidden(X2,k1_relat_1(X0)) => r2_hidden(k4_tarski(X1,X2),X0)) & r2_hidden(X1,k1_relat_1(X0))) & k1_relat_1(X0) != k1_xboole_0 & v2_wellord1(X0))) [negated conjecture 1]
58. ! [X0,X1] : r1_tarski(X0,X0) [input reflexivity_r1_tarski]
71. ! [X0] : (v1_relat_1(X0) => (v2_wellord1(X0) => ! [X1] : ~(! [X2] : ~(! [X3] : (r2_hidden(X3,X1) => r2_hidden(k4_tarski(X2,X3),X0)) & r2_hidden(X2,X1)) & k1_xboole_0 != X1 & r1_tarski(X1,k1_relat_1(X0))))) [input t6_wellord1]
80. ! [X0] : r1_tarski(X0,X0) [rectify 58]
90. ? [X0] : ((! [X1] : (? [X2] : (~r2_hidden(k4_tarski(X1,X2),X0) & r2_hidden(X2,k1_relat_1(X0))) | ~r2_hidden(X1,k1_relat_1(X0))) & k1_relat_1(X0) != k1_xboole_0 & v2_wellord1(X0)) & v1_relat_1(X0)) [ennf transformation 2]
91. ? [X0] : (! [X1] : (? [X2] : (~r2_hidden(k4_tarski(X1,X2),X0) & r2_hidden(X2,k1_relat_1(X0))) | ~r2_hidden(X1,k1_relat_1(X0))) & k1_relat_1(X0) != k1_xboole_0 & v2_wellord1(X0) & v1_relat_1(X0)) [flattening 90]
101. ! [X0] : ((! [X1] : (? [X2] : (! [X3] : (r2_hidden(k4_tarski(X2,X3),X0) | ~r2_hidden(X3,X1)) & r2_hidden(X2,X1)) | k1_xboole_0 = X1 | ~r1_tarski(X1,k1_relat_1(X0))) | ~v2_wellord1(X0)) | ~v1_relat_1(X0)) [ennf transformation 71]
102. ! [X0] : (! [X1] : (? [X2] : (! [X3] : (r2_hidden(k4_tarski(X2,X3),X0) | ~r2_hidden(X3,X1)) & r2_hidden(X2,X1)) | k1_xboole_0 = X1 | ~r1_tarski(X1,k1_relat_1(X0))) | ~v2_wellord1(X0) | ~v1_relat_1(X0)) [flattening 101]
151. ? [X0] : (! [X1] : (? [X2] : (~r2_hidden(k4_tarski(X1,X2),X0) & r2_hidden(X2,k1_relat_1(X0))) | ~r2_hidden(X1,k1_relat_1(X0))) & k1_relat_1(X0) != k1_xboole_0 & v2_wellord1(X0) & v1_relat_1(X0)) => (! [X1] : (? [X2] : (~r2_hidden(k4_tarski(X1,X2),sK0) & r2_hidden(X2,k1_relat_1(sK0))) | ~r2_hidden(X1,k1_relat_1(sK0))) & k1_xboole_0 != k1_relat_1(sK0) & v2_wellord1(sK0) & v1_relat_1(sK0)) [choice axiom]
152. ! [X1] : (? [X2] : (~r2_hidden(k4_tarski(X1,X2),sK0) & r2_hidden(X2,k1_relat_1(sK0))) => (~r2_hidden(k4_tarski(X1,sK1(X1)),sK0) & r2_hidden(sK1(X1),k1_relat_1(sK0)))) [choice axiom]
153. ! [X1] : ((~r2_hidden(k4_tarski(X1,sK1(X1)),sK0) & r2_hidden(sK1(X1),k1_relat_1(sK0))) | ~r2_hidden(X1,k1_relat_1(sK0))) & k1_xboole_0 != k1_relat_1(sK0) & v2_wellord1(sK0) & v1_relat_1(sK0) [skolemisation 91,152,151]
154. ! [X1,X0] : (? [X2] : (! [X3] : (r2_hidden(k4_tarski(X2,X3),X0) | ~r2_hidden(X3,X1)) & r2_hidden(X2,X1)) => (! [X3] : (r2_hidden(k4_tarski(sK2(X0,X1),X3),X0) | ~r2_hidden(X3,X1)) & r2_hidden(sK2(X0,X1),X1))) [choice axiom]
155. ! [X0] : (! [X1] : ((! [X3] : (r2_hidden(k4_tarski(sK2(X0,X1),X3),X0) | ~r2_hidden(X3,X1)) & r2_hidden(sK2(X0,X1),X1)) | k1_xboole_0 = X1 | ~r1_tarski(X1,k1_relat_1(X0))) | ~v2_wellord1(X0) | ~v1_relat_1(X0)) [skolemisation 102,154]
175. v1_relat_1(sK0) [cnf transformation 153] {a:0,w:2,wCS:200,goal:1,sine:0,thAx:0,allAx:3,thDist:-3}
176. v2_wellord1(sK0) [cnf transformation 153] {a:0,w:2,wCS:200,goal:1,sine:0,thAx:0,allAx:3,thDist:-3}
177. k1_xboole_0 != k1_relat_1(sK0) [cnf transformation 153] {a:0,w:4,wCS:400,goal:1,sine:0,thAx:0,allAx:3,thDist:-3}
178. r2_hidden(sK1(X1),k1_relat_1(sK0)) | ~r2_hidden(X1,k1_relat_1(sK0)) [cnf transformation 153] {a:0,w:9,wCS:900,nSel:1,goal:1,sine:0,thAx:0,allAx:3,thDist:-3}
179. ~r2_hidden(k4_tarski(X1,sK1(X1)),sK0) | ~r2_hidden(X1,k1_relat_1(sK0)) [cnf transformation 153] {a:0,w:10,wCS:1000,nSel:1,goal:1,sine:0,thAx:0,allAx:3,thDist:-3}
193. r2_hidden(sK2(X0,X1),X1) | k1_xboole_0 = X1 | ~r1_tarski(X1,k1_relat_1(X0)) | ~v2_wellord1(X0) | ~v1_relat_1(X0) [cnf transformation 155] {a:0,w:16,wCS:6400,nSel:1,sine:1,thAx:0,allAx:2,thDist:-2}
194. r2_hidden(k4_tarski(sK2(X0,X1),X3),X0) | ~r2_hidden(X3,X1) | k1_xboole_0 = X1 | ~r1_tarski(X1,k1_relat_1(X0)) | ~v2_wellord1(X0) | ~v1_relat_1(X0) [cnf transformation 155] {a:0,w:21,wCS:8400,nSel:1,sine:1,thAx:0,allAx:2,thDist:-2}
236. r1_tarski(X0,X0) [cnf transformation 80] {a:0,w:3,wCS:1200,nSel:1,sine:2,thAx:0,allAx:1,thDist:-1}
264. 1 <=> k1_xboole_0 = k1_relat_1(sK0) [avatar definition]
266. k1_xboole_0 != k1_relat_1(sK0) <- (~1) [avatar component clause 264] {a:0,w:4,wCS:400,nSel:1,goal:1,sine:255,thAx:0,allAx:3,thDist:-3}
267. ~1 [avatar split clause 177,264]
269. 2 <=> v2_wellord1(sK0) [avatar definition]
271. v2_wellord1(sK0) <- (2) [avatar component clause 269] {a:0,w:2,wCS:200,nSel:1,goal:1,sine:255,thAx:0,allAx:3,thDist:-3}
272. 2 [avatar split clause 176,269]
274. 3 <=> v1_relat_1(sK0) [avatar definition]
276. v1_relat_1(sK0) <- (3) [avatar component clause 274] {a:0,w:2,wCS:200,nSel:1,goal:1,sine:255,thAx:0,allAx:3,thDist:-3}
277. 3 [avatar split clause 175,274]
602. ~r2_hidden(sK1(sK2(sK0,X0)),X0) | k1_xboole_0 = X0 | ~r1_tarski(X0,k1_relat_1(sK0)) | ~v2_wellord1(sK0) | ~v1_relat_1(sK0) | ~r2_hidden(sK2(sK0,X0),k1_relat_1(sK0)) [resolution 194,179] {a:1,w:23,wCS:2300,goal:1,sine:0,thAx:0,allAx:5,thDist:-5}
606. ~r2_hidden(sK1(sK2(sK0,X0)),X0) | k1_xboole_0 = X0 | ~r1_tarski(X0,k1_relat_1(sK0)) | ~v1_relat_1(sK0) | ~r2_hidden(sK2(sK0,X0),k1_relat_1(sK0)) <- (2) [subsumption resolution 602,271] {a:1,w:21,wCS:2100,goal:1,sine:0,thAx:0,allAx:5,thDist:-5}
607. ~r2_hidden(sK2(sK0,X0),k1_relat_1(sK0)) | k1_xboole_0 = X0 | ~r1_tarski(X0,k1_relat_1(sK0)) | ~r2_hidden(sK1(sK2(sK0,X0)),X0) <- (2, 3) [subsumption resolution 606,276] {a:1,w:19,wCS:1900,nSel:1,goal:1,sine:0,thAx:0,allAx:5,thDist:-5}
609. k1_xboole_0 = k1_relat_1(sK0) | ~r1_tarski(k1_relat_1(sK0),k1_relat_1(sK0)) | ~r2_hidden(sK1(sK2(sK0,k1_relat_1(sK0))),k1_relat_1(sK0)) | k1_xboole_0 = k1_relat_1(sK0) | ~r1_tarski(k1_relat_1(sK0),k1_relat_1(sK0)) | ~v2_wellord1(sK0) | ~v1_relat_1(sK0) <- (2, 3) [resolution 607,193] {a:2,w:30,wCS:3000,goal:1,sine:0,thAx:0,allAx:7,thDist:-7}
610. k1_xboole_0 = k1_relat_1(sK0) | ~r1_tarski(k1_relat_1(sK0),k1_relat_1(sK0)) | ~r2_hidden(sK1(sK2(sK0,k1_relat_1(sK0))),k1_relat_1(sK0)) | ~v2_wellord1(sK0) | ~v1_relat_1(sK0) <- (2, 3) [duplicate literal removal 609] {a:2,w:21,wCS:2100,goal:1,sine:0,thAx:0,allAx:7,thDist:-7}
611. ~r1_tarski(k1_relat_1(sK0),k1_relat_1(sK0)) | ~r2_hidden(sK1(sK2(sK0,k1_relat_1(sK0))),k1_relat_1(sK0)) | ~v2_wellord1(sK0) | ~v1_relat_1(sK0) <- (~1, 2, 3) [subsumption resolution 610,266] {a:2,w:17,wCS:1700,goal:1,sine:0,thAx:0,allAx:7,thDist:-7}
612. ~r2_hidden(sK1(sK2(sK0,k1_relat_1(sK0))),k1_relat_1(sK0)) | ~v2_wellord1(sK0) | ~v1_relat_1(sK0) <- (~1, 2, 3) [subsumption resolution 611,236] {a:2,w:12,wCS:1200,goal:1,sine:0,thAx:0,allAx:7,thDist:-7}
613. ~r2_hidden(sK1(sK2(sK0,k1_relat_1(sK0))),k1_relat_1(sK0)) | ~v1_relat_1(sK0) <- (~1, 2, 3) [subsumption resolution 612,271] {a:2,w:10,wCS:1000,goal:1,sine:0,thAx:0,allAx:7,thDist:-7}
614. ~r2_hidden(sK1(sK2(sK0,k1_relat_1(sK0))),k1_relat_1(sK0)) <- (~1, 2, 3) [subsumption resolution 613,276] {a:2,w:8,wCS:800,goal:1,sine:0,thAx:0,allAx:7,thDist:-7}
616. 46 <=> r2_hidden(sK1(sK2(sK0,k1_relat_1(sK0))),k1_relat_1(sK0)) [avatar definition]
618. ~r2_hidden(sK1(sK2(sK0,k1_relat_1(sK0))),k1_relat_1(sK0)) <- (~46) [avatar component clause 616] {a:2,w:8,wCS:800,nSel:1,goal:1,sine:255,thAx:0,allAx:7,thDist:-7}
619. ~46 | 1 | ~2 | ~3 [avatar split clause 614,274,269,264,616]
620. ~r2_hidden(sK2(sK0,k1_relat_1(sK0)),k1_relat_1(sK0)) <- (~46) [resolution 618,178] {a:3,w:7,wCS:700,goal:1,sine:0,thAx:0,allAx:10,thDist:-10}
622. 47 <=> r2_hidden(sK2(sK0,k1_relat_1(sK0)),k1_relat_1(sK0)) [avatar definition]
624. ~r2_hidden(sK2(sK0,k1_relat_1(sK0)),k1_relat_1(sK0)) <- (~47) [avatar component clause 622] {a:3,w:7,wCS:700,nSel:1,goal:1,sine:255,thAx:0,allAx:10,thDist:-10}
625. ~47 | 46 [avatar split clause 620,616,622]
627. k1_xboole_0 = k1_relat_1(sK0) | ~r1_tarski(k1_relat_1(sK0),k1_relat_1(sK0)) | ~v2_wellord1(sK0) | ~v1_relat_1(sK0) <- (~47) [resolution 624,193] {a:4,w:13,wCS:1300,goal:1,sine:1,thAx:0,allAx:12,thDist:-12}
629. ~r1_tarski(k1_relat_1(sK0),k1_relat_1(sK0)) | ~v2_wellord1(sK0) | ~v1_relat_1(sK0) <- (~1, ~47) [subsumption resolution 627,266] {a:4,w:9,wCS:900,goal:1,sine:1,thAx:0,allAx:12,thDist:-12}
630. ~v2_wellord1(sK0) | ~v1_relat_1(sK0) <- (~1, ~47) [subsumption resolution 629,236] {a:4,w:4,wCS:400,goal:1,sine:1,thAx:0,allAx:12,thDist:-12}
631. ~v1_relat_1(sK0) <- (~1, 2, ~47) [subsumption resolution 630,271] {a:4,w:2,wCS:200,goal:1,sine:1,thAx:0,allAx:12,thDist:-12}
632. $false <- (~1, 2, 3, ~47) [subsumption resolution 631,276] {a:4,w:0,goal:1,sine:1,thAx:0,allAx:12,thDist:-12}
633. 1 | ~2 | ~3 | 47 [avatar contradiction clause 632]
634. $false [avatar sat refutation 267,272,277,619,625,633] {a:0,w:0,goal:1,sine:0,thAx:0,allAx:235,thDist:-235}
% SZS output end Proof for wellord1__t7_wellord1
% ------------------------------
% Version: Vampire 4.5.1 (commit 226f88162 on 2021-09-12 20:13:44 +0200)
% Termination reason: Refutation

% >>> Input
% Input formulas: 70
% >>> Preprocessing
% Introduced skolems: 12
% Pure predicates: 4
% 
% >>> Saturation
% Initial clauses: 88
% Generated clauses: 270
% Active clauses: 109
% Passive clauses: 152
% Final active clauses: 108
% Final passive clauses: 38
% Main loop iterations started: 114
% 
% >>> Simplifying Inferences
% Duplicate literals: 7
% Fw subsumption resolutions: 29
% Bw demodulations: 1
% 
% >>> Deletion Inferences
% Simple tautologies: 21
% Forward subsumptions: 24
% 
% >>> Generating Inferences
% Binary resolution: 70
% Unit resulting resolution: 1
% Forward superposition: 20
% Backward superposition: 13
% Self superposition: 2
% 
% >>> AVATAR
% Split clauses: 7
% Split components: 14
% Sat splitting refutations: 2
% 
% >>> SAT Solver Statistics
% SAT solver clauses: 46
% SAT solver unit clauses: 22
% SAT solver binary clauses: 7
% 
% Memory used [KB]: 9722
% Time elapsed: 0.004 s
% ------------------------------
% ------------------------------
% Time measurement results:
% property evaluation: 0.001 s
% preprocessing: 0.001 s ( own 0.0000 s ) 
% forward subsumption: 0.001 s
% unit resulting resolution: 0.001 s
% other: 0.004 s ( own 0.001 s ) 

