i: [1,43,0,5,1,1,0,0] t81_xboole_1
a: [3,63,0,5,1,43]
s: 63
i: [1,42,0,5,1,1,0,0] t81_xboole_1
a: [3,68,0,5,1,42]
s: 68
i: [1,44,0,2,1,0,0,255] dt_o_0_0_xboole_0
a: [3,73,0,2,1,44]
s: 73
i: [1,45,0,2,1,0,0,2] fc1_xboole_0
a: [3,78,0,2,1,45]
s: 78
i: [1,58,0,2,1,0,0,3] rc2_xboole_0
a: [3,88,0,2,1,58]
s: 88
i: [1,59,0,2,1,0,0,3] rc1_xboole_0
a: [3,93,0,2,1,59]
s: 93
i: [1,46,0,3,1,0,0,255] d2_xboole_0
a: [3,83,0,3,1,46]
s: 83
r: 73
i: [1,47,0,5,1,0,0,1] t4_boole
s: 47
i: [1,48,0,5,1,0,0,2] t2_boole
s: 48
i: [1,49,0,5,1,0,0,1] t3_boole
s: 49
i: [1,50,0,5,2,0,0,2] t6_boole
s: 50
i: [1,55,0,5,1,0,0,2] idempotence_k3_xboole_0
s: 55
i: [1,57,0,6,2,0,0,1] symmetry_r1_xboole_0
s: 57
d: [2,101,1,5,1,1,40,57,68]
a: [3,105,1,5,1,101]
s: 105
i: [1,53,0,7,3,0,0,3] t8_boole
s: 53
i: [1,56,0,7,1,0,0,2] commutativity_k3_xboole_0
s: 56
d: [2,108,1,5,1,0,44,56,48]
s: 108
i: [1,51,0,8,2,0,0,1] d7_xboole_0
s: 51
d: [2,109,1,5,1,0,44,56,48]
s: 109
i: [1,52,0,8,2,0,0,1] d7_xboole_0
s: 52
i: [1,54,0,11,1,0,0,1] t49_xboole_1
s: 54
d: [2,123,1,6,2,0,44,52,48]
d: [2,130,1,3,1,0,19,123]
s: 130
d: [2,110,1,5,1,0,44,48,56]
s: 110
d: [2,128,2,6,2,0,44,52,108]
d: [2,129,2,3,1,0,19,128]
s: 129
d: [2,111,1,5,1,0,44,48,56]
s: 111
d: [2,117,1,6,2,0,44,51,55]
s: 117
d: [2,153,2,3,1,0,40,130,57]
s: 153
d: [2,120,1,6,2,0,44,55,51]
s: 120
d: [2,154,2,5,2,0,44,130,50]
s: 154
d: [2,124,1,6,2,0,44,52,55]
s: 124
d: [2,96,1,7,3,0,44,50,50]
s: 96
d: [2,159,3,4,1,1,40,154,63]
a: [3,165,3,4,1,159]
s: 165
d: [2,97,1,7,2,0,44,49,50]
s: 97
d: [2,170,4,4,2,1,44,165,97]
a: [3,177,4,2,1,170]
s: 177
d: [2,98,1,7,2,0,44,48,50]
s: 98
d: [2,99,1,7,2,0,44,47,50]
s: 99
d: [2,208,2,5,2,1,44,105,99]
a: [3,217,2,2,1,208]
s: 217
d: [2,118,1,8,2,0,44,51,56]
s: 118
a: [3,181,4,2,1,170]
s: 181
d: [2,119,1,8,2,0,44,51,56]
s: 119
d: [2,121,1,8,2,0,44,56,51]
s: 121
d: [2,156,3,5,2,0,44,129,50]
s: 156
d: [2,122,1,8,2,0,44,56,51]
s: 122
d: [2,160,3,5,2,0,40,154,57]
s: 160
d: [2,126,1,8,2,0,44,52,56]
s: 126
d: [2,127,1,8,2,0,44,52,56]
s: 127
d: [2,112,2,7,2,0,44,108,50]
s: 112
d: [2,133,1,11,1,0,44,54,55]
d: [2,145,1,11,1,0,22,133,56]
d: [2,146,1,11,1,0,22,145,54]
d: [2,147,1,9,1,0,22,146,55]
s: 147
d: [2,195,2,7,2,0,44,98,56]
s: 195
d: [2,138,1,11,1,0,44,55,54]
d: [2,149,1,11,1,0,22,138,56]
d: [2,150,1,11,1,0,22,149,54]
d: [2,151,1,9,1,0,22,150,55]
s: 151
d: [2,135,1,11,1,0,44,54,56]
s: 135
d: [2,196,2,7,2,0,44,98,56]
s: 196
d: [2,136,1,11,1,0,44,54,56]
s: 136
d: [2,201,2,7,2,0,44,56,98]
s: 201
d: [2,141,1,11,1,0,44,56,54]
s: 141
d: [2,142,1,11,1,0,44,56,54]
s: 142
d: [2,202,2,7,2,0,44,56,98]
s: 202
d: [2,134,1,12,2,0,44,54,51]
s: 134
d: [2,311,3,12,3,0,44,134,112]
d: [2,330,3,7,2,0,21,311,156]
s: 330
d: [2,139,1,12,2,0,44,52,54]
s: 139
d: [2,140,1,12,2,0,44,51,54]
s: 140
d: [2,357,2,12,3,0,44,139,98]
d: [2,372,2,7,2,0,21,357,330]
s: 372
d: [2,167,2,8,3,0,44,124,50]
s: 167
d: [2,379,3,7,2,0,40,372,57]
s: 379
d: [2,356,2,13,3,0,44,139,118]
d: [2,371,2,8,2,0,21,356,47]
s: 371
d: [2,173,2,5,2,1,44,68,97]
a: [3,191,2,3,1,173]
s: 191
d: [2,358,2,13,3,0,44,139,51]
d: [2,373,2,8,2,0,21,358,47]
s: 373
d: [2,171,2,5,2,1,44,63,97]
a: [3,186,2,3,1,171]
s: 186
d: [2,403,3,8,2,0,40,371,57]
s: 403
d: [2,270,2,9,1,0,44,135,49]
s: 270
d: [2,277,2,9,2,0,44,135,98]
s: 277
d: [2,416,3,8,2,0,40,373,57]
s: 416
d: [2,288,2,9,2,0,44,98,135]
s: 288
d: [2,368,2,14,3,0,44,139,99]
d: [2,377,2,9,2,0,21,368,50]
s: 377
d: [2,310,2,10,2,0,44,134,55]
s: 310
d: [2,354,2,10,2,0,44,139,55]
s: 354
d: [2,528,3,4,1,1,40,377,63]
d: [2,540,3,4,1,1,22,528,56]
a: [3,544,3,4,1,540]
s: 544
d: [2,205,2,11,2,0,44,54,99]
s: 205
d: [2,531,3,7,2,0,44,377,49]
s: 531
d: [2,271,2,11,2,0,44,135,99]
s: 271
d: [2,272,2,11,2,0,44,135,97]
s: 272
d: [2,534,3,9,3,0,44,377,97]
a: [3,554,3,7,2,534]
s: 554
d: [2,223,2,12,2,0,44,118,54]
s: 223
d: [2,607,3,12,3,0,44,205,134]
d: [2,628,3,7,2,0,21,607,372]
s: 628
d: [2,229,2,12,2,0,44,54,118]
s: 229
d: [2,240,2,12,2,0,44,126,54]
s: 240
a: [3,551,3,2,1,534]
s: 551
r: 88
r: 177
r: 217
r: 181
r: 544
r: 377
r: 554
r: 165
r: 628
r: 379
r: 372
r: 330
r: 277
r: 272
r: 271
r: 205
r: 167
r: 156
r: 154
r: 112
r: 99
r: 98
r: 97
r: 53
r: 50
d: [2,907,4,0,0,2,40,551,78]
e: 907
d: [2,906,4,0,0,2,40,551,93]
e: 906
d: [2,905,4,0,0,2,52,93,551]
e: 905
r: 551
s: 88
s: 217
s: 50
s: 53
s: 177
s: 97
s: 181
s: 98
s: 99
s: 165
d: [2,911,1,7,3,0,44,50,50]
s: 911
s: 544
d: [2,912,1,7,2,0,44,47,50]
s: 912
d: [2,913,1,7,2,0,44,48,50]
s: 913
s: 154
d: [2,914,1,7,2,0,44,49,50]
s: 914
d: [2,919,2,5,2,0,44,130,50]
s: 919
d: [2,949,2,8,3,0,44,52,98]
d: [2,962,2,5,2,0,21,949,50]
s: 962
d: [2,953,2,8,3,0,44,126,98]
d: [2,963,2,5,2,0,21,953,50]
s: 963
s: 156
s: 112
d: [2,918,3,5,2,0,44,129,50]
s: 918
s: 372
d: [2,916,2,7,2,0,44,108,50]
s: 916
d: [2,996,3,5,2,0,40,154,57]
s: 996
d: [2,942,2,7,2,0,44,98,56]
s: 942
d: [2,943,2,7,2,0,44,98,56]
s: 943
d: [2,950,2,7,2,0,44,56,98]
s: 950
d: [2,951,2,7,2,0,44,56,98]
s: 951
s: 330
s: 167
s: 379
d: [2,917,2,8,3,0,44,124,50]
s: 917
s: 277
s: 554
s: 377
s: 628
d: [2,947,2,9,2,0,44,98,135]
s: 947
d: [2,960,2,9,2,0,44,135,98]
s: 960
d: [2,625,3,12,3,0,44,134,205]
d: [2,629,3,7,2,0,21,625,372]
s: 629
d: [2,978,2,14,3,0,44,139,99]
d: [2,985,2,9,2,0,21,978,50]
s: 985
d: [2,633,3,12,3,0,44,271,118]
d: [2,672,3,9,2,0,21,633,156]
d: [2,673,3,7,2,0,22,672,47]
s: 673
s: 205
s: 271
d: [2,635,3,12,3,0,44,271,51]
d: [2,674,3,9,2,0,21,635,154]
d: [2,675,3,7,2,0,22,674,47]
s: 675
s: 272
d: [2,644,3,12,3,0,44,271,134]
d: [2,681,3,7,2,0,21,644,372]
s: 681
d: [2,925,2,11,2,0,44,135,97]
s: 925
d: [2,968,2,11,2,0,44,54,99]
s: 968
d: [2,667,3,12,3,0,44,134,271]
d: [2,682,3,7,2,0,21,667,372]
s: 682
d: [2,969,2,11,2,0,44,135,99]
s: 969
d: [2,795,3,12,3,0,44,223,271]
d: [2,825,3,7,2,0,21,795,379]
s: 825
d: [2,276,2,12,2,0,44,135,118]
s: 276
d: [2,278,2,12,2,0,44,135,51]
s: 278
d: [2,796,3,12,3,0,44,223,205]
d: [2,826,3,7,2,0,21,796,379]
s: 826
d: [2,284,2,12,2,0,44,51,135]
s: 284
d: [2,817,3,12,3,0,44,205,223]
d: [2,831,3,7,2,0,21,817,379]
s: 831
d: [2,285,2,12,2,0,44,52,135]
s: 285
d: [2,290,2,12,2,0,44,118,135]
s: 290
d: [2,818,3,12,3,0,44,271,223]
d: [2,832,3,7,2,0,21,818,379]
s: 832
d: [2,291,2,12,2,0,44,126,135]
s: 291
d: [2,958,3,9,2,0,44,270,98]
d: [2,964,3,7,2,0,22,958,49]
s: 964
d: [2,313,2,12,3,0,44,134,98]
s: 313
d: [2,315,2,12,2,0,44,134,56]
s: 315
d: [2,1004,3,7,2,0,40,963,310]
s: 1004
d: [2,316,2,12,2,0,44,134,56]
s: 316
d: [2,1021,3,12,3,0,44,134,112]
d: [2,1031,3,7,2,0,21,1021,963]
s: 1031
d: [2,323,2,12,3,0,44,134,97]
s: 323
d: [2,327,2,12,3,0,44,97,134]
s: 327
d: [2,1023,3,12,3,0,44,223,112]
d: [2,1032,3,7,2,0,21,1023,154]
s: 1032
d: [2,359,2,12,2,0,44,139,56]
s: 359
d: [2,1035,3,7,2,0,40,372,310]
s: 1035
d: [2,360,2,12,2,0,44,139,56]
s: 360
d: [2,369,2,12,3,0,44,139,97]
s: 369
d: [2,1036,3,7,2,0,40,372,57]
s: 1036
d: [2,922,2,12,3,0,44,97,134]
s: 922
d: [2,1037,3,7,2,0,40,372,117]
s: 1037
d: [2,933,2,12,3,0,44,134,97]
s: 933
d: [2,934,2,12,3,0,44,139,97]
s: 934
d: [2,775,4,7,2,1,44,554,56]
s: 775
d: [2,954,2,12,3,0,44,134,98]
s: 954
d: [2,776,4,7,2,1,44,554,56]
s: 776
d: [2,955,2,12,3,0,44,139,98]
s: 955
d: [2,197,2,13,2,0,44,98,54]
s: 197
d: [2,836,4,7,2,0,44,628,56]
s: 836
d: [2,203,2,13,2,0,44,54,98]
s: 203
d: [2,837,4,7,2,0,44,628,56]
s: 837
d: [2,945,2,13,2,0,44,98,54]
s: 945
d: [2,959,2,13,2,0,44,54,98]
s: 959
d: [2,844,4,7,2,0,44,56,628]
s: 844
d: [2,324,2,16,2,0,44,135,134]
d: [2,332,2,14,2,0,22,324,108]
s: 332
d: [2,845,4,7,2,0,44,56,628]
s: 845
d: [2,328,2,16,2,0,44,54,134]
d: [2,333,2,14,2,0,22,328,48]
s: 333
d: [2,281,2,15,1,0,44,135,54]
d: [2,301,2,15,1,0,22,281,135]
d: [2,302,2,15,1,0,22,301,135]
s: 302
d: [2,853,4,9,2,0,44,270,628]
d: [2,867,4,7,2,0,22,853,47]
s: 867
d: [2,292,2,15,1,0,44,54,135]
d: [2,307,2,15,1,0,22,292,135]
d: [2,308,2,15,1,0,22,307,135]
s: 308
d: [2,854,4,11,3,0,44,271,628]
d: [2,861,4,9,2,0,18,854]
d: [2,868,4,7,2,0,22,861,47]
s: 868
d: [2,317,2,16,2,0,44,134,54]
s: 317
d: [2,320,2,16,2,0,44,134,135]
s: 320
d: [2,855,4,11,3,0,44,272,628]
d: [2,869,4,9,3,0,22,855,47]
a: [3,872,4,7,2,869]
s: 872
d: [2,361,2,16,2,0,44,139,54]
s: 361
d: [2,1146,4,7,2,1,44,554,56]
s: 1146
d: [2,364,2,16,2,0,44,139,135]
s: 364
d: [2,558,3,8,2,0,40,310,373]
s: 558
d: [2,2225,4,5,2,1,44,165,558]
d: [2,2253,4,3,1,2,21,2225,78]
a: [3,2257,4,3,1,2253]
s: 2257
d: [2,559,3,8,2,0,40,310,371]
s: 559
d: [2,1147,4,7,2,1,44,554,56]
s: 1147
d: [2,251,3,9,2,0,44,112,54]
s: 251
d: [2,260,3,9,2,0,44,54,112]
s: 260
d: [2,2195,4,13,4,0,44,323,558]
d: [2,2242,4,10,3,0,21,2195,130]
a: [3,2245,4,8,2,2242]
s: 2245
d: [2,462,3,9,2,0,44,372,270]
s: 462
d: [2,2302,5,5,2,2,44,544,2245]
d: [2,2332,5,3,1,3,21,2302,78]
a: [3,2336,5,3,1,2332]
s: 2336
d: [2,482,3,9,3,0,44,277,98]
s: 482
d: [2,484,3,9,2,0,44,277,56]
s: 484
d: [2,2276,5,9,3,1,44,126,2245]
d: [2,2304,5,6,2,1,19,2276]
s: 2304
d: [2,485,3,9,2,0,44,277,56]
s: 485
d: [2,2271,5,9,3,1,44,52,2245]
d: [2,2305,5,6,2,1,19,2271]
s: 2305
d: [2,529,3,9,2,0,40,377,57]
s: 529
d: [2,634,3,11,3,0,44,271,98]
d: [2,671,3,9,2,0,18,634]
s: 671
d: [2,2297,5,8,3,2,44,554,2245]
d: [2,2330,5,6,2,3,21,2297,78]
s: 2330
d: [2,710,3,11,3,0,44,372,272]
a: [3,748,3,9,2,710]
s: 748
d: [2,2298,5,8,3,2,44,775,2245]
d: [2,2331,5,6,2,3,21,2298,78]
s: 2331
d: [2,896,3,14,3,0,44,240,99]
d: [2,904,3,9,2,0,21,896,50]
s: 904
d: [2,980,3,14,3,0,44,240,99]
d: [2,986,3,9,2,0,21,980,50]
s: 986
d: [2,2626,4,9,3,0,44,379,671]
d: [2,2702,4,7,2,0,18,2626]
s: 2702
d: [2,1011,3,9,2,0,44,112,54]
s: 1011
d: [2,2623,4,9,3,0,44,372,671]
d: [2,2703,4,7,2,0,18,2623]
s: 2703
d: [2,1026,3,9,2,0,44,54,112]
s: 1026
d: [2,1102,3,9,2,0,44,277,56]
s: 1102
d: [2,2622,4,10,3,0,44,371,671]
d: [2,2719,4,7,2,0,21,2622,963]
s: 2719
d: [2,1103,3,9,2,0,44,277,56]
s: 1103
d: [2,2624,4,10,3,0,44,373,671]
d: [2,2720,4,7,2,0,21,2624,154]
s: 2720
d: [2,1104,3,9,3,0,44,277,98]
s: 1104
d: [2,1159,3,9,2,0,40,377,57]
s: 1159
d: [2,2627,4,10,3,0,44,403,671]
d: [2,2721,4,7,2,0,21,2627,963]
s: 2721
d: [2,1255,3,11,3,0,44,271,98]
d: [2,1296,3,9,2,0,18,1255]
s: 1296
d: [2,2628,4,10,3,0,44,416,671]
d: [2,2722,4,7,2,0,21,2628,154]
s: 2722
d: [2,1462,3,14,4,0,44,323,277]
d: [2,1486,3,11,3,0,21,1462,154]
a: [3,1489,3,9,2,1486]
s: 1489
d: [2,1516,3,14,3,0,44,359,99]
d: [2,1525,3,9,2,0,21,1516,50]
s: 1525
d: [2,2772,5,7,2,0,40,2702,57]
s: 2772
d: [2,1604,3,14,3,0,44,359,197]
d: [2,1618,3,9,2,0,21,1604,50]
s: 1618
d: [2,2920,4,4,1,1,40,1618,63]
a: [3,2954,4,4,1,2920]
s: 2954
d: [2,1866,3,16,3,0,44,317,112]
d: [2,1914,3,9,2,0,21,1866,963]
s: 1914
d: [2,1936,3,16,3,0,44,320,98]
d: [2,1985,3,9,2,0,21,1936,379]
s: 1985
d: [2,2780,5,7,2,0,44,2702,56]
s: 2780
d: [2,1937,3,16,3,0,44,320,112]
d: [2,1986,3,9,2,0,21,1937,372]
s: 1986
d: [2,2781,5,7,2,0,44,2702,56]
s: 2781
d: [2,1948,3,16,3,0,44,320,271]
d: [2,1994,3,9,2,0,21,1948,379]
s: 1994
d: [2,404,3,10,2,0,40,371,117]
s: 404
d: [2,2806,5,7,2,0,44,2703,56]
s: 2806
d: [2,417,3,10,2,0,40,373,117]
s: 417
d: [2,2807,5,7,2,0,44,2703,56]
s: 2807
d: [2,461,3,10,2,0,44,371,270]
s: 461
d: [2,463,3,10,2,0,44,373,270]
s: 463
d: [2,2773,6,7,2,1,40,2702,2305]
s: 2773
d: [2,709,3,12,3,0,44,371,272]
a: [3,744,3,10,2,709]
s: 744
d: [2,3046,6,7,2,0,40,2780,57]
s: 3046
d: [2,711,3,12,3,0,44,373,272]
a: [3,752,3,10,2,711]
s: 752
d: [2,783,3,10,2,0,44,223,55]
s: 783
d: [2,3047,6,7,2,1,40,2780,2305]
s: 3047
d: [2,875,3,10,2,0,44,240,55]
s: 875
d: [2,3243,4,11,3,1,44,744,51]
d: [2,3258,4,8,2,1,21,3243,129]
s: 3258
d: [2,1422,3,13,3,0,44,240,315]
d: [2,1428,3,10,2,0,19,1422]
s: 1428
d: [2,1420,3,13,3,0,44,139,315]
d: [2,1429,3,10,2,0,19,1420]
s: 1429
d: [2,3425,4,0,0,2,52,63,68,1429]
e: 3425
d: [2,3439,4,5,1,1,40,1429,68]
d: [2,3468,4,0,0,2,21,3439,63]
e: 3468
f: 3468,42,43
% Refutation found. Thanks to Tanya!
% SZS status Theorem for xboole_1__t81_xboole_1
% SZS output start Proof for xboole_1__t81_xboole_1
1. ! [X0] : ! [X1] : ! [X2] : (r1_xboole_0(X0,k4_xboole_0(X1,X2)) => r1_xboole_0(X1,k4_xboole_0(X0,X2))) [input t81_xboole_1]
2. ~! [X0] : ! [X1] : ! [X2] : (r1_xboole_0(X0,k4_xboole_0(X1,X2)) => r1_xboole_0(X1,k4_xboole_0(X0,X2))) [negated conjecture 1]
4. ! [X0,X1] : k3_xboole_0(X0,X1) = k3_xboole_0(X1,X0) [input commutativity_k3_xboole_0]
6. ! [X0] : ! [X1] : (r1_xboole_0(X0,X1) <=> k3_xboole_0(X0,X1) = k1_xboole_0) [input d7_xboole_0]
18. ! [X0] : ! [X1] : ! [X2] : k3_xboole_0(X0,k4_xboole_0(X1,X2)) = k4_xboole_0(k3_xboole_0(X0,X1),X2) [input t49_xboole_1]
23. ~! [X0,X1,X2] : (r1_xboole_0(X0,k4_xboole_0(X1,X2)) => r1_xboole_0(X1,k4_xboole_0(X0,X2))) [flattening 2]
24. ! [X0,X1] : (r1_xboole_0(X0,X1) <=> k3_xboole_0(X0,X1) = k1_xboole_0) [flattening 6]
27. ! [X0,X1,X2] : k3_xboole_0(X0,k4_xboole_0(X1,X2)) = k4_xboole_0(k3_xboole_0(X0,X1),X2) [flattening 18]
31. ? [X0,X1,X2] : (~r1_xboole_0(X1,k4_xboole_0(X0,X2)) & r1_xboole_0(X0,k4_xboole_0(X1,X2))) [ennf transformation 23]
35. ? [X0,X1,X2] : (~r1_xboole_0(X1,k4_xboole_0(X0,X2)) & r1_xboole_0(X0,k4_xboole_0(X1,X2))) => (~r1_xboole_0(sK1,k4_xboole_0(sK0,sK2)) & r1_xboole_0(sK0,k4_xboole_0(sK1,sK2))) [choice axiom]
36. ~r1_xboole_0(sK1,k4_xboole_0(sK0,sK2)) & r1_xboole_0(sK0,k4_xboole_0(sK1,sK2)) [skolemisation 31,35]
37. ! [X0,X1] : ((r1_xboole_0(X0,X1) | k3_xboole_0(X0,X1) != k1_xboole_0) & (k3_xboole_0(X0,X1) = k1_xboole_0 | ~r1_xboole_0(X0,X1))) [nnf transformation 24]
42. r1_xboole_0(sK0,k4_xboole_0(sK1,sK2)) [cnf transformation 36] {a:0,w:5,wCS:500,goal:1,sine:0,thAx:0,allAx:2,thDist:-2}
43. ~r1_xboole_0(sK1,k4_xboole_0(sK0,sK2)) [cnf transformation 36] {a:0,w:5,wCS:500,goal:1,sine:0,thAx:0,allAx:2,thDist:-2}
51. k3_xboole_0(X0,X1) = k1_xboole_0 | ~r1_xboole_0(X0,X1) [cnf transformation 37] {a:0,w:8,wCS:3200,nSel:1,sine:1,thAx:0,allAx:1,thDist:-1}
52. k3_xboole_0(X0,X1) != k1_xboole_0 | r1_xboole_0(X0,X1) [cnf transformation 37] {a:0,w:8,wCS:3200,nSel:1,sine:1,thAx:0,allAx:1,thDist:-1}
54. k3_xboole_0(X0,k4_xboole_0(X1,X2)) = k4_xboole_0(k3_xboole_0(X0,X1),X2) [cnf transformation 27] {a:0,w:11,wCS:4400,nSel:1,sine:1,thAx:0,allAx:1,thDist:-1}
56. k3_xboole_0(X0,X1) = k3_xboole_0(X1,X0) [cnf transformation 4] {a:0,w:7,wCS:2800,nSel:1,sine:2,thAx:0,allAx:1,thDist:-1}
61. 1 <=> r1_xboole_0(sK1,k4_xboole_0(sK0,sK2)) [avatar definition]
63. ~r1_xboole_0(sK1,k4_xboole_0(sK0,sK2)) <- (~1) [avatar component clause 61] {a:0,w:5,wCS:500,nSel:1,goal:1,sine:255,thAx:0,allAx:2,thDist:-2}
64. ~1 [avatar split clause 43,61]
66. 2 <=> r1_xboole_0(sK0,k4_xboole_0(sK1,sK2)) [avatar definition]
68. r1_xboole_0(sK0,k4_xboole_0(sK1,sK2)) <- (2) [avatar component clause 66] {a:0,w:5,wCS:500,nSel:1,goal:1,sine:255,thAx:0,allAx:2,thDist:-2}
69. 2 [avatar split clause 42,66]
134. k1_xboole_0 = k4_xboole_0(k3_xboole_0(X5,X6),X7) | ~r1_xboole_0(X5,k4_xboole_0(X6,X7)) [superposition 54,51] {a:1,w:12,wCS:4800,nSel:1,sine:1,thAx:0,allAx:2,thDist:-2}
139. k1_xboole_0 != k4_xboole_0(k3_xboole_0(X2,X3),X4) | r1_xboole_0(X2,k4_xboole_0(X3,X4)) [superposition 52,54] {a:1,w:12,wCS:4800,nSel:1,sine:1,thAx:0,allAx:2,thDist:-2}
315. k1_xboole_0 = k4_xboole_0(k3_xboole_0(X15,X14),X16) | ~r1_xboole_0(X14,k4_xboole_0(X15,X16)) [superposition 134,56] {a:2,w:12,wCS:4800,nSel:1,sine:1,thAx:0,allAx:3,thDist:-3}
1420. k1_xboole_0 != k1_xboole_0 | r1_xboole_0(X57,k4_xboole_0(X58,X59)) | ~r1_xboole_0(X58,k4_xboole_0(X57,X59)) [superposition 139,315] {a:3,w:13,wCS:5200,sine:1,thAx:0,allAx:5,thDist:-5}
1429. ~r1_xboole_0(X58,k4_xboole_0(X57,X59)) | r1_xboole_0(X57,k4_xboole_0(X58,X59)) [trivial inequality removal 1420] {a:3,w:10,wCS:4000,nSel:1,sine:1,thAx:0,allAx:5,thDist:-5}
3439. r1_xboole_0(sK1,k4_xboole_0(sK0,sK2)) <- (2) [resolution 1429,68] {a:4,w:5,wCS:500,goal:1,sine:1,thAx:0,allAx:7,thDist:-7}
3468. $false <- (~1, 2) [subsumption resolution 3439,63] {a:4,w:0,goal:1,sine:1,thAx:0,allAx:7,thDist:-7}
3469. 1 | ~2 [avatar contradiction clause 3468]
3478. $false [avatar sat refutation 64,69,3469] {a:0,w:0,goal:1,sine:0,thAx:0,allAx:1472,thDist:-1472}
% SZS output end Proof for xboole_1__t81_xboole_1
% ------------------------------
% Version: Vampire 4.5.1 (commit 226f88162 on 2021-09-12 20:13:44 +0200)
% Termination reason: Refutation

% >>> Input
% Input formulas: 21
% >>> Preprocessing
% Introduced skolems: 5
% Pure predicates: 1
% 
% >>> Saturation
% Initial clauses: 18
% Generated clauses: 3156
% Active clauses: 128
% Passive clauses: 859
% Final active clauses: 101
% Final passive clauses: 608
% Main loop iterations started: 251
% 
% >>> Simplifying Inferences
% Duplicate literals: 105
% Trivial inequalities: 75
% Fw subsumption resolutions: 158
% Fw demodulations: 344
% Bw demodulations: 1
% 
% >>> Deletion Inferences
% Simple tautologies: 35
% Equational tautologies: 2
% Forward subsumptions: 1529
% Backward subsumptions: 25
% 
% >>> Generating Inferences
% Binary resolution: 210
% Unit resulting resolution: 2
% Forward superposition: 1243
% Backward superposition: 910
% Self superposition: 8
% Equality resolution: 3
% 
% >>> AVATAR
% Split clauses: 58
% Split components: 116
% Sat splitting refutations: 5
% 
% >>> SAT Solver Statistics
% SAT solver clauses: 157
% SAT solver unit clauses: 63
% SAT solver binary clauses: 82
% 
% Memory used [KB]: 6140
% Time elapsed: 0.025 s
% ------------------------------
% ------------------------------
% Time measurement results:
% term sharing: 0.005 s
% congruence closure: 0.001 s
% splitting component index usage: 0.001 s ( own 0.0000 s ) 
% forward subsumption: 0.003 s
% forward subsumption resolution: 0.004 s
% forward demodulation: 0.002 s ( own 0.001 s ) 
% superposition: 0.011 s ( own 0.008 s ) 
% other: 0.025 s ( own 0.003 s ) 

