i: [1,218,0,2,1,1,0,0] t19_connsp_3
a: [3,316,0,2,1,218]
s: 316
i: [1,217,0,2,1,1,0,0] t19_connsp_3
a: [3,321,0,2,1,217]
s: 321
i: [1,216,0,2,1,1,0,0] t19_connsp_3
a: [3,326,0,2,1,216]
s: 326
i: [1,219,0,4,1,1,0,0] t19_connsp_3
a: [3,311,0,4,1,219]
s: 311
i: [1,220,0,2,1,0,0,255] spc1_boole
a: [3,331,0,2,1,220]
s: 331
i: [1,221,0,2,1,0,0,255] dt_o_0_0_xboole_0
a: [3,336,0,2,1,221]
s: 336
i: [1,303,0,2,1,0,0,1] existence_l1_pre_topc
a: [3,346,0,2,1,303]
s: 346
i: [1,304,0,2,1,0,0,2] existence_l1_struct_0
a: [3,351,0,2,1,304]
s: 351
i: [1,223,0,3,1,0,0,2] fc1_subset_1
s: 223
i: [1,296,0,3,1,0,0,2] rc2_subset_1
s: 296
i: [1,299,0,3,1,0,0,255] reflexivity_r1_tarski
s: 299
i: [1,222,0,3,1,0,0,255] d2_xboole_0
a: [3,341,0,3,1,222]
s: 341
r: 336
d: [2,353,0,2,1,2,23,336,341]
a: [3,357,0,2,1,353]
s: 357
i: [1,235,0,4,2,0,0,1] dt_l1_pre_topc
s: 235
i: [1,294,0,4,1,0,0,2] existence_m1_subset_1
s: 294
i: [1,298,0,4,1,0,0,255] rc3_subset_1
s: 298
d: [2,359,1,2,1,1,40,235,316]
a: [3,364,1,2,1,359]
s: 364
i: [1,225,0,5,2,0,0,255] rc6_subset_1
s: 225
d: [2,360,1,2,1,1,40,235,346]
a: [3,369,1,2,1,360]
s: 369
i: [1,229,0,5,2,0,0,2] rc1_subset_1
s: 229
i: [1,231,0,5,2,0,0,255] rc5_subset_1
s: 231
i: [1,232,0,5,2,0,0,255] rc5_subset_1
s: 232
i: [1,245,0,5,2,0,0,1] rc1_connsp_1
s: 245
i: [1,249,0,5,2,0,0,1] fc3_struct_0
s: 249
i: [1,267,0,5,2,0,0,2] t6_boole
s: 267
i: [1,291,0,5,2,0,0,2] t7_boole
s: 291
i: [1,295,0,5,1,0,0,2] rc2_subset_1
s: 295
i: [1,297,0,5,1,0,0,255] rc3_subset_1
s: 297
i: [1,234,0,6,2,0,0,255] rc4_subset_1
s: 234
i: [1,243,0,6,2,0,0,1] existence_m1_connsp_3
s: 243
i: [1,250,0,6,2,0,0,1] d2_struct_0
s: 250
d: [2,373,1,5,2,1,44,311,250]
d: [2,376,1,3,1,2,21,373,364]
a: [3,380,1,3,1,376]
s: 380
i: [1,252,0,6,3,0,0,255] cc7_struct_0
s: 252
d: [2,382,2,5,2,1,44,380,267]
s: 382
i: [1,253,0,6,3,0,0,255] cc5_struct_0
s: 253
i: [1,255,0,6,3,0,0,255] cc17_struct_0
s: 255
d: [2,383,3,5,2,1,40,382,243]
d: [2,384,3,3,1,2,21,383,316]
a: [3,388,3,3,1,384]
s: 388
i: [1,256,0,6,3,0,0,255] cc2_struct_0
s: 256
d: [2,390,1,4,2,1,40,253,351]
a: [3,396,1,2,1,390]
s: 396
i: [1,257,0,6,3,0,0,255] cc6_struct_0
s: 257
i: [1,258,0,6,3,0,0,255] cc1_struct_0
s: 258
d: [2,392,2,4,2,1,40,253,369]
a: [3,405,2,2,1,392]
s: 405
i: [1,261,0,6,3,0,0,255] cc4_struct_0
s: 261
i: [1,287,0,6,2,0,0,2] t1_subset
s: 287
i: [1,300,0,6,2,0,0,2] antisymmetry_r2_hidden
s: 300
i: [1,224,0,7,2,0,0,255] rc6_subset_1
s: 224
i: [1,228,0,7,2,0,0,2] rc1_subset_1
s: 228
i: [1,230,0,7,2,0,0,255] rc5_subset_1
s: 230
i: [1,233,0,7,2,0,0,255] rc4_subset_1
s: 233
i: [1,259,0,7,3,0,0,255] cc8_struct_0
s: 259
i: [1,262,0,7,3,0,0,255] cc11_struct_0
s: 262
i: [1,263,0,7,3,0,0,255] cc11_struct_0
s: 263
i: [1,264,0,7,3,0,0,255] cc9_struct_0
s: 264
i: [1,270,0,7,3,0,0,255] fc9_struct_0
s: 270
i: [1,271,0,7,3,0,0,255] fc6_struct_0
s: 271
i: [1,273,0,7,3,0,0,255] rc22_struct_0
s: 273
i: [1,277,0,7,3,0,0,1] fc2_struct_0
s: 277
i: [1,279,0,7,3,0,0,1] rc4_struct_0
s: 279
i: [1,281,0,7,3,0,0,255] rc21_struct_0
s: 281
i: [1,282,0,7,3,0,0,255] rc21_struct_0
s: 282
i: [1,284,0,7,3,0,0,255] fc8_struct_0
s: 284
i: [1,285,0,7,3,0,0,255] fc7_struct_0
s: 285
i: [1,286,0,7,3,0,0,1] fc1_struct_0
s: 286
i: [1,289,0,7,2,0,0,255] t3_subset
s: 289
i: [1,290,0,7,3,0,0,2] t8_boole
s: 290
i: [1,244,0,8,2,0,0,1] rc1_connsp_1
s: 244
d: [2,371,1,7,3,0,44,267,267]
s: 371
i: [1,251,0,8,2,0,0,1] dt_k1_struct_0
s: 251
d: [2,434,1,9,3,0,44,251,250]
d: [2,435,1,7,2,0,18,434]
s: 435
i: [1,266,0,8,3,0,0,255] cc5_subset_1
s: 266
i: [1,268,0,8,3,0,0,2] cc1_subset_1
s: 268
d: [2,446,1,5,2,0,40,266,295]
s: 446
i: [1,288,0,8,3,0,0,2] t2_subset
s: 288
d: [2,447,1,5,2,0,40,266,297]
s: 447
i: [1,246,0,9,2,0,0,2] l20_connsp_3
s: 246
i: [1,265,0,9,4,0,0,255] cc10_struct_0
s: 265
d: [2,466,1,5,2,0,40,268,297]
s: 466
i: [1,269,0,9,3,0,0,255] cc4_subset_1
s: 269
d: [2,476,1,8,2,0,40,288,295]
d: [2,486,1,5,1,0,21,476,223]
s: 486
i: [1,276,0,9,4,0,0,255] rc7_pre_topc
s: 276
i: [1,293,0,9,3,0,0,2] t5_subset
s: 293
d: [2,513,2,8,3,0,40,293,435]
a: [3,525,2,3,1,513]
s: 525
i: [1,236,0,10,3,0,0,1] dt_m1_connsp_3
s: 236
d: [2,477,1,8,2,0,40,288,297]
d: [2,487,1,5,1,0,21,477,223]
s: 487
i: [1,248,0,10,2,0,0,2] l20_connsp_3
s: 248
i: [1,272,0,10,3,0,0,255] rc22_struct_0
s: 272
d: [2,439,2,7,3,0,40,266,435]
a: [3,450,2,5,2,439]
s: 450
r: 271
i: [1,278,0,10,3,0,0,1] rc4_struct_0
s: 278
d: [2,546,3,6,3,1,40,450,285]
d: [2,547,3,4,2,1,18,546]
s: 547
r: 285
r: 265
r: 252
i: [1,280,0,10,3,0,0,255] rc21_struct_0
s: 280
i: [1,283,0,10,3,0,0,255] rc6_pre_topc
s: 283
d: [2,508,2,5,1,0,40,486,300]
s: 508
i: [1,292,0,10,3,0,0,2] t4_subset
s: 292
d: [2,537,2,5,1,0,40,487,300]
s: 537
i: [1,226,0,11,4,0,0,255] cc3_subset_1
s: 226
i: [1,227,0,11,4,0,0,255] cc2_subset_1
s: 227
d: [2,600,1,9,3,0,40,226,297]
d: [2,610,1,5,2,0,21,600,298]
s: 610
i: [1,301,0,11,2,0,0,255] redefinition_k5_setfam_1
s: 301
d: [2,445,1,6,2,0,40,266,294]
s: 445
i: [1,302,0,11,2,0,0,2] dt_k5_setfam_1
s: 302
i: [1,275,0,12,4,0,0,255] rc7_pre_topc
s: 275
d: [2,464,1,6,2,0,40,268,294]
s: 464
i: [1,247,0,14,4,0,0,2] l20_connsp_3
s: 247
d: [2,475,1,6,2,0,40,288,294]
s: 475
i: [1,274,0,16,6,0,0,2] cc2_connsp_1
s: 274
i: [1,237,0,18,4,0,0,1] d2_connsp_3
s: 237
d: [2,506,1,6,2,0,40,269,295]
s: 506
d: [2,701,0,13,3,0,21,237,236]
s: 701
d: [2,521,1,6,2,0,40,293,295]
s: 521
i: [1,239,0,18,4,0,0,1] d2_connsp_3
s: 239
d: [2,712,0,13,3,0,21,239,236]
s: 712
d: [2,522,1,6,2,0,40,293,297]
s: 522
i: [1,238,0,23,6,0,0,1] d2_connsp_3
s: 238
d: [2,599,1,9,3,0,40,226,295]
d: [2,609,1,6,2,0,21,599,296]
s: 609
i: [1,305,0,27,5,0,0,1] d2_connsp_3
s: 305
d: [2,766,0,19,4,0,21,305,302]
s: 766
d: [2,665,2,6,2,0,40,475,300]
s: 665
i: [1,306,0,27,5,0,0,1] d2_connsp_3
s: 306
d: [2,437,1,7,3,0,40,266,289]
s: 437
d: [2,783,0,19,4,0,21,306,302]
s: 783
i: [1,307,0,29,5,0,0,1] d2_connsp_3
s: 307
d: [2,441,1,7,3,0,40,266,228]
s: 441
d: [2,801,0,21,4,0,21,307,302]
s: 801
d: [2,443,1,7,3,0,40,266,233]
s: 443
d: [2,456,1,7,3,0,40,268,289]
s: 456
d: [2,459,1,7,3,0,40,268,224]
s: 459
d: [2,467,1,10,3,0,40,288,289]
d: [2,478,1,7,2,0,21,467,223]
s: 478
d: [2,470,1,10,3,0,40,288,224]
d: [2,481,1,7,2,0,21,470,223]
s: 481
d: [2,471,1,10,3,0,40,288,228]
d: [2,482,1,7,2,0,21,471,223]
s: 482
d: [2,472,1,10,3,0,40,288,230]
d: [2,483,1,7,2,0,21,472,223]
s: 483
d: [2,473,1,10,3,0,40,288,233]
d: [2,484,1,7,2,0,21,473,223]
s: 484
d: [2,505,1,7,2,0,40,269,294]
s: 505
d: [2,520,1,7,2,0,40,293,294]
s: 520
d: [2,581,1,7,2,0,40,292,295]
s: 581
d: [2,582,1,7,2,0,40,292,297]
s: 582
d: [2,438,1,8,3,0,40,266,251]
s: 438
d: [2,469,2,11,3,0,40,288,435]
d: [2,480,2,7,2,0,21,469,223]
s: 480
d: [2,444,1,8,3,0,40,266,244]
s: 444
d: [2,820,2,7,2,0,40,478,300]
s: 820
d: [2,468,1,12,3,0,40,288,251]
d: [2,479,1,8,2,0,21,468,223]
s: 479
d: [2,474,1,12,3,0,40,288,244]
d: [2,485,1,8,2,0,21,474,223]
s: 485
d: [2,823,2,7,2,0,40,481,300]
s: 823
d: [2,496,1,8,3,0,40,269,289]
s: 496
d: [2,851,2,5,2,0,40,496,299]
s: 851
d: [2,499,1,8,3,0,40,269,224]
s: 499
d: [2,511,1,8,3,0,40,293,289]
s: 511
d: [2,826,2,7,2,0,40,482,300]
s: 826
d: [2,514,1,8,3,0,40,293,224]
s: 514
d: [2,829,2,7,2,0,40,483,300]
s: 829
d: [2,580,1,8,2,0,40,292,294]
s: 580
d: [2,612,1,15,3,0,44,301,248]
d: [2,614,1,8,2,0,21,612,246]
s: 614
d: [2,832,2,7,2,0,40,484,300]
s: 832
d: [2,613,1,15,3,0,44,248,301]
d: [2,615,1,8,2,0,21,613,246]
s: 615
d: [2,623,1,15,3,0,44,302,248]
d: [2,627,1,8,2,0,21,623,246]
s: 627
d: [2,424,1,9,4,0,44,259,267]
s: 424
d: [2,426,1,9,4,0,44,264,267]
s: 426
d: [2,837,2,8,2,0,40,582,475]
s: 837
d: [2,489,1,9,3,0,40,246,266]
s: 489
d: [2,843,2,8,2,0,40,479,300]
s: 843
d: [2,490,1,14,3,0,40,246,288]
d: [2,491,1,9,2,0,21,490,223]
s: 491
d: [2,512,1,9,3,0,40,293,251]
s: 512
d: [2,848,2,8,2,0,40,485,300]
s: 848
d: [2,518,1,9,3,0,40,293,244]
s: 518
d: [2,862,2,8,3,0,40,627,268]
s: 862
d: [2,566,1,9,3,0,40,292,289]
s: 566
d: [2,570,1,9,3,0,40,292,224]
s: 570
d: [2,863,2,8,3,0,40,627,266]
s: 863
d: [2,571,1,9,3,0,40,292,228]
s: 571
d: [2,907,2,10,3,0,40,571,475]
d: [2,908,2,7,2,0,21,907,229]
s: 908
d: [2,572,1,9,3,0,40,292,230]
s: 572
d: [2,573,1,9,3,0,40,292,233]
s: 573
d: [2,934,2,10,3,0,40,572,475]
d: [2,935,2,7,2,0,21,934,231]
s: 935
d: [2,632,1,12,5,0,40,275,268]
d: [2,635,1,9,4,0,21,632,276]
s: 635
d: [2,920,3,9,3,0,40,908,288]
d: [2,921,3,7,2,0,18,920]
s: 921
d: [2,497,1,10,3,0,40,269,251]
s: 497
d: [2,503,1,10,3,0,40,269,244]
s: 503
d: [2,913,3,10,3,0,40,908,268]
d: [2,926,3,7,2,0,21,913,223]
s: 926
d: [2,533,1,10,4,0,40,236,268]
s: 533
d: [2,914,3,10,3,0,40,908,266]
d: [2,927,3,7,2,0,21,914,223]
s: 927
d: [2,534,1,10,4,0,40,236,266]
s: 534
d: [2,535,1,14,4,0,40,236,288]
d: [2,536,1,10,3,0,21,535,223]
s: 536
d: [2,948,3,9,3,0,40,935,288]
d: [2,949,3,7,2,0,18,948]
s: 949
d: [2,542,1,10,4,0,40,272,268]
s: 542
d: [2,941,3,10,3,0,40,935,268]
d: [2,954,3,7,2,0,21,941,223]
s: 954
d: [2,1009,1,8,3,1,21,542,547]
s: 1009
d: [2,544,1,14,4,0,40,272,288]
d: [2,545,1,10,3,0,21,544,223]
s: 545
d: [2,1010,2,9,4,1,40,1009,286]
d: [2,1011,2,7,3,1,18,1010]
s: 1011
d: [2,1012,1,8,2,1,21,545,547]
s: 1012
d: [2,942,3,10,3,0,40,935,266]
d: [2,955,3,7,2,0,21,942,223]
s: 955
d: [2,552,1,14,4,0,40,278,288]
d: [2,553,1,10,3,0,21,552,223]
s: 553
d: [2,558,1,14,4,0,40,280,288]
d: [2,559,1,10,3,0,21,558,223]
s: 559
d: [2,963,4,7,2,0,40,921,300]
s: 963
d: [2,562,1,10,4,0,40,283,268]
s: 562
d: [2,990,4,7,2,0,40,949,300]
s: 990
d: [2,563,1,10,4,0,40,283,266]
s: 563
d: [2,564,1,14,4,0,40,283,288]
d: [2,565,1,10,3,0,21,564,223]
s: 565
d: [2,864,2,12,3,0,40,627,288]
d: [2,870,2,8,2,0,21,864,223]
s: 870
d: [2,568,1,10,3,0,40,292,251]
s: 568
d: [2,1013,2,8,2,1,40,1012,300]
s: 1013
d: [2,574,1,10,3,0,40,292,244]
s: 574
d: [2,576,1,12,4,0,40,292,272]
d: [2,583,1,10,3,1,21,576,547]
s: 583
d: [2,1014,2,8,2,1,40,1012,287]
s: 1014
r: 272
d: [2,584,1,10,4,0,40,226,289]
s: 584
d: [2,842,3,8,2,0,40,820,478]
s: 842
d: [2,586,1,13,4,0,40,226,251]
d: [2,604,1,10,3,0,21,586,249]
s: 604
d: [2,592,1,13,4,0,40,226,244]
d: [2,606,1,10,3,0,21,592,245]
s: 606
d: [2,1057,4,5,1,0,40,842,299]
s: 1057
d: [2,624,1,15,3,0,44,302,301]
d: [2,625,1,10,2,0,18,624]
s: 625
d: [2,1076,2,7,1,0,40,625,295]
s: 1076
d: [2,678,1,15,6,0,40,274,244]
d: [2,691,1,13,5,0,18,678]
d: [2,696,1,10,4,0,21,691,245]
s: 696
d: [2,531,1,11,4,0,40,236,293]
s: 531
d: [2,1077,2,7,1,0,40,625,297]
s: 1077
d: [2,540,1,11,4,0,40,272,293]
s: 540
d: [2,1067,2,10,2,0,40,625,228]
d: [2,1078,2,7,1,0,21,1067,223]
s: 1078
d: [2,1115,1,9,3,1,21,540,547]
s: 1115
d: [2,560,1,11,4,0,40,283,293]
s: 560
d: [2,1068,2,10,2,0,40,625,230]
d: [2,1079,2,7,1,0,21,1068,223]
s: 1079
d: [2,575,1,11,3,0,40,292,246]
s: 575
d: [2,1069,2,10,2,0,40,625,233]
d: [2,1080,2,7,1,0,21,1069,223]
s: 1080
d: [2,588,1,11,4,0,40,226,224]
s: 588
d: [2,598,1,11,3,0,40,226,294]
s: 598
d: [2,1087,3,7,2,0,40,1076,268]
s: 1087
d: [2,593,1,15,4,0,40,226,246]
d: [2,607,1,11,3,0,21,593,223]
s: 607
d: [2,1088,3,7,2,0,40,1076,266]
s: 1088
d: [2,620,1,11,3,0,40,302,268]
s: 620
d: [2,621,1,11,3,0,40,302,266]
s: 621
d: [2,1095,3,10,2,0,40,1076,288]
d: [2,1097,3,7,1,0,21,1095,223]
s: 1097
d: [2,622,1,14,3,0,40,302,288]
d: [2,626,1,11,2,0,21,622,223]
s: 626
d: [2,1104,3,7,2,0,40,1077,268]
s: 1104
d: [2,646,1,13,4,0,40,247,244]
d: [2,657,1,11,3,0,18,646]
s: 657
d: [2,639,1,13,4,0,40,247,251]
d: [2,659,1,11,3,0,21,639,235]
s: 659
d: [2,1105,3,7,2,0,40,1077,266]
s: 1105
d: [2,647,1,15,5,0,40,247,272]
d: [2,661,1,13,4,1,21,647,547]
d: [2,662,1,11,3,1,21,661,235]
s: 662
d: [2,1112,3,10,2,0,40,1077,288]
d: [2,1114,3,7,1,0,21,1112,223]
s: 1114
d: [2,679,1,17,7,0,40,274,272]
d: [2,697,1,15,6,0,21,679,255]
d: [2,698,1,13,5,1,21,697,547]
d: [2,699,1,11,4,1,21,698,235]
s: 699
d: [2,685,1,15,5,0,40,274,295]
d: [2,700,1,11,4,0,21,685,296]
s: 700
d: [2,1120,3,7,2,0,40,1078,268]
s: 1120
d: [2,713,1,19,4,0,44,712,301]
d: [2,716,1,11,3,0,21,713,701]
s: 716
d: [2,1121,3,7,2,0,40,1078,266]
s: 1121
d: [2,715,1,19,4,0,44,301,712]
d: [2,717,1,11,3,0,21,715,701]
s: 717
d: [2,532,1,12,4,0,40,236,269]
s: 532
d: [2,1128,3,10,2,0,40,1078,288]
d: [2,1130,3,7,1,0,21,1128,223]
s: 1130
d: [2,541,1,12,4,0,40,272,269]
s: 541
d: [2,1141,3,7,2,0,40,1079,268]
s: 1141
d: [2,1258,1,10,3,1,21,541,547]
s: 1258
d: [2,561,1,12,4,0,40,283,269]
s: 561
d: [2,1142,3,7,2,0,40,1079,266]
s: 1142
d: [2,567,1,12,4,0,40,292,236]
s: 567
d: [2,1149,3,10,2,0,40,1079,288]
d: [2,1151,3,7,1,0,21,1149,223]
s: 1151
d: [2,577,1,12,4,0,40,292,278]
s: 577
d: [2,578,1,12,4,0,40,292,280]
s: 578
d: [2,1171,3,7,2,0,40,1080,268]
s: 1171
d: [2,579,1,12,4,0,40,292,283]
s: 579
d: [2,1172,3,7,2,0,40,1080,266]
s: 1172
d: [2,618,1,12,3,0,40,302,293]
s: 618
d: [2,619,1,12,3,0,40,302,269]
s: 619
d: [2,1179,3,10,2,0,40,1080,288]
d: [2,1181,3,7,1,0,21,1179,223]
s: 1181
d: [2,633,1,12,5,0,40,275,266]
s: 633
d: [2,1233,4,7,1,0,40,1097,300]
s: 1233
d: [2,634,1,16,5,0,40,275,288]
d: [2,636,1,12,4,0,21,634,223]
s: 636
r: 405
r: 525
d: [2,637,1,14,5,0,40,247,236]
d: [2,658,1,12,4,0,18,637]
s: 658
a: [3,409,2,2,1,392]
s: 409
d: [2,594,1,15,5,0,40,226,272]
d: [2,608,1,13,4,1,21,594,547]
s: 608
d: [2,413,2,4,2,1,40,255,369]
a: [3,422,2,2,1,413]
s: 422
d: [2,1321,4,0,0,3,52,369,422,547]
e: 1321
d: [2,1322,4,2,1,2,40,422,547]
d: [2,1324,4,0,0,3,21,1322,369]
e: 1324
r: 422
d: [2,617,1,13,3,0,40,302,292]
s: 617
d: [2,630,1,13,5,0,40,275,293]
s: 630
s: 405
d: [2,638,1,13,4,0,40,247,289]
s: 638
a: [3,528,2,5,2,513]
s: 528
r: 1258
r: 1115
r: 1009
r: 512
r: 497
r: 277
d: [2,653,1,13,3,0,40,247,295]
s: 653
d: [2,654,1,13,3,0,40,247,297]
s: 654
d: [2,1351,3,6,3,1,40,528,286]
d: [2,1352,3,4,2,1,18,1351]
s: 1352
r: 1011
r: 424
r: 286
r: 262
r: 259
r: 255
r: 253
d: [2,651,1,15,5,0,40,247,283]
d: [2,655,1,13,4,0,18,651]
s: 655
d: [2,838,3,7,2,0,40,480,300]
s: 838
d: [2,649,1,15,5,0,40,247,278]
d: [2,663,1,13,4,0,21,649,235]
s: 663
d: [2,650,1,15,5,0,40,247,280]
d: [2,664,1,13,4,0,21,650,235]
s: 664
d: [2,895,3,9,3,0,44,843,250]
d: [2,896,3,7,2,0,18,895]
s: 896
d: [2,683,1,17,7,0,40,274,283]
d: [2,687,1,13,5,0,18,683]
s: 687
d: [2,1245,4,7,1,0,40,1114,300]
s: 1245
d: [2,671,1,15,6,0,40,274,251]
d: [2,693,1,13,5,0,21,671,235]
s: 693
d: [2,707,1,13,4,0,40,701,266]
s: 707
d: [2,1357,2,13,6,0,44,693,250]
d: [2,1358,2,11,5,1,21,1357,357]
d: [2,1359,2,9,4,2,21,1358,1352]
d: [2,1360,2,7,3,2,21,1359,235]
s: 1360
d: [2,708,1,18,4,0,40,701,288]
d: [2,710,1,13,3,0,21,708,223]
s: 710
d: [2,1255,4,7,1,0,40,1130,300]
s: 1255
d: [2,585,1,14,5,0,40,226,236]
s: 585
d: [2,629,1,14,5,0,40,275,292]
s: 629
d: [2,1261,4,7,1,0,40,1151,300]
s: 1261
d: [2,631,1,14,5,0,40,275,269]
s: 631
d: [2,1308,4,7,1,0,40,1181,300]
s: 1308
d: [2,669,1,16,7,0,40,274,236]
d: [2,692,1,14,6,0,18,669]
s: 692
d: [2,597,1,15,5,0,40,226,283]
s: 597
d: [2,1072,2,8,1,0,40,625,294]
s: 1072
d: [2,652,1,15,3,0,40,247,294]
s: 652
d: [2,1202,2,8,2,0,40,620,295]
s: 1202
d: [2,648,1,17,6,0,40,247,275]
d: [2,656,1,15,5,0,18,648]
s: 656
d: [2,670,1,15,6,0,40,274,289]
s: 670
d: [2,1203,2,8,2,0,40,620,297]
s: 1203
d: [2,686,1,15,5,0,40,274,297]
s: 686
d: [2,1193,2,11,3,0,40,620,228]
d: [2,1204,2,8,2,0,21,1193,223]
s: 1204
d: [2,703,1,15,4,0,40,701,292]
s: 703
d: [2,721,1,22,6,0,40,238,251]
d: [2,743,1,20,5,0,21,721,235]
d: [2,744,1,15,4,0,21,743,236]
s: 744
d: [2,1194,2,11,3,0,40,620,230]
d: [2,1205,2,8,2,0,21,1194,223]
s: 1205
d: [2,728,1,22,6,0,40,238,244]
d: [2,739,1,20,5,0,18,728]
d: [2,752,1,15,4,0,21,739,236]
s: 752
d: [2,1195,2,11,3,0,40,620,233]
d: [2,1206,2,8,2,0,21,1195,223]
s: 1206
d: [2,729,1,24,7,0,40,238,272]
d: [2,753,1,22,6,1,21,729,547]
d: [2,754,1,20,5,1,21,753,235]
d: [2,755,1,15,4,1,21,754,236]
s: 755
d: [2,774,1,17,4,0,40,766,246]
d: [2,778,1,15,3,0,18,774]
s: 778
d: [2,1418,3,14,3,1,40,778,382]
d: [2,1422,3,12,2,2,21,1418,316]
a: [3,1426,3,6,1,1422]
s: 1426
d: [2,616,1,16,4,0,40,302,226]
s: 616
d: [2,1433,4,5,2,1,44,1426,248]
d: [2,1435,4,3,1,2,21,1433,316]
a: [3,1439,4,3,1,1435]
s: 1439
d: [2,1475,5,0,0,2,52,364,1439,249]
e: 1475
d: [2,1476,5,2,1,1,40,1439,249]
d: [2,1479,5,0,0,2,21,1476,364]
e: 1479
d: [2,1477,5,4,2,1,44,1439,250]
d: [2,1481,5,2,1,2,21,1477,357]
d: [2,1482,5,0,0,3,21,1481,364]
e: 1482
r: 1426
r: 1439
d: [2,642,1,16,4,0,40,247,224]
s: 642
d: [2,643,1,16,4,0,40,247,228]
s: 643
a: [3,1438,4,3,1,1435]
s: 1438
d: [2,644,1,16,4,0,40,247,230]
s: 644
d: [2,1434,4,11,2,1,44,1426,301]
a: [3,1448,4,4,1,1434]
s: 1448
d: [2,1485,5,5,2,1,44,1448,614]
d: [2,1486,5,2,1,2,21,1485,1438]
d: [2,1487,5,0,0,3,21,1486,316]
e: 1487
r: 1448
d: [2,645,1,16,4,0,40,247,233]
s: 645
d: [2,702,1,20,5,0,40,701,226]
d: [2,709,1,16,4,0,21,702,223]
s: 709
a: [3,1447,4,4,1,1434]
s: 1447
d: [2,719,1,23,7,0,40,238,236]
d: [2,740,1,21,6,0,18,719]
d: [2,741,1,16,5,0,21,740,236]
s: 741
a: [3,1425,3,6,1,1422]
s: 1425
d: [2,792,1,18,4,0,40,783,246]
d: [2,796,1,16,3,0,18,792]
s: 796
d: [2,684,1,17,5,0,40,274,294]
s: 684
a: [3,1430,3,6,1,1422]
s: 1430
d: [2,720,1,22,6,0,40,238,289]
d: [2,742,1,17,5,0,21,720,236]
s: 742
d: [2,1226,2,8,2,0,40,621,295]
s: 1226
d: [2,731,1,24,7,0,40,238,278]
d: [2,757,1,22,6,0,21,731,235]
d: [2,758,1,17,5,0,21,757,236]
s: 758
d: [2,732,1,24,7,0,40,238,280]
d: [2,759,1,22,6,0,21,732,235]
d: [2,760,1,17,5,0,21,759,236]
s: 760
d: [2,1227,2,8,2,0,40,621,297]
s: 1227
d: [2,733,1,24,7,0,40,238,283]
d: [2,737,1,22,6,0,18,733]
d: [2,761,1,17,5,0,21,737,236]
s: 761
d: [2,1217,2,11,3,0,40,621,228]
d: [2,1228,2,8,2,0,21,1217,223]
s: 1228
d: [2,735,1,22,5,0,40,238,295]
d: [2,763,1,17,4,0,21,735,236]
s: 763
d: [2,736,1,22,5,0,40,238,297]
d: [2,764,1,17,4,0,21,736,236]
s: 764
d: [2,1218,2,11,3,0,40,621,230]
d: [2,1229,2,8,2,0,21,1218,223]
s: 1229
d: [2,674,1,18,6,0,40,274,224]
s: 674
d: [2,1219,2,11,3,0,40,621,233]
d: [2,1230,2,8,2,0,21,1219,223]
s: 1230
d: [2,677,1,18,6,0,40,274,233]
s: 677
d: [2,1509,1,15,5,0,21,677,635]
s: 1509
d: [2,892,3,10,3,0,40,837,288]
d: [2,894,3,8,2,0,21,892,466]
s: 894
d: [2,767,1,18,4,0,40,766,289]
s: 767
d: [2,1539,3,17,4,1,40,767,382]
d: [2,1545,3,15,3,2,21,1539,316]
s: 1545
d: [2,785,1,18,4,0,40,783,289]
s: 785
d: [2,730,1,26,8,0,40,238,275]
d: [2,738,1,24,7,0,18,730]
d: [2,756,1,19,6,0,21,738,236]
s: 756
d: [2,1547,4,14,2,2,40,1545,299]
a: [3,1551,4,7,1,1547]
s: 1551
d: [2,734,1,24,5,0,40,238,294]
d: [2,762,1,19,4,0,21,734,236]
s: 762
d: [2,1565,5,13,2,1,44,1551,301]
a: [3,1569,5,8,1,1565]
s: 1569
d: [2,1575,6,0,0,1,52,299,1569,289]
e: 1575
d: [2,1576,6,7,1,1,40,1569,289]
d: [2,1578,6,0,0,1,21,1576,299]
e: 1578
r: 1569
d: [2,776,1,19,3,0,40,766,295]
s: 776
d: [2,777,1,19,3,0,40,766,297]
s: 777
a: [3,1573,5,5,1,1565]
s: 1573
d: [2,770,1,23,4,0,40,766,228]
d: [2,780,1,19,3,0,21,770,223]
s: 780
d: [2,1580,3,18,3,1,40,776,382]
d: [2,1582,3,16,2,2,21,1580,316]
a: [3,1586,3,8,1,1582]
s: 1586
d: [2,771,1,23,4,0,40,766,230]
d: [2,781,1,19,3,0,21,771,223]
s: 781
d: [2,772,1,23,4,0,40,766,233]
d: [2,782,1,19,3,0,21,772,223]
s: 782
d: [2,1618,4,3,1,1,40,1586,1202]
a: [3,1623,4,3,1,1618]
s: 1623
d: [2,724,1,25,6,0,40,238,224]
d: [2,748,1,20,5,0,21,724,236]
s: 748
d: [2,1619,4,15,2,1,44,1586,301]
d: [2,1625,4,6,1,1,21,1619,295]
a: [3,1629,4,6,1,1625]
s: 1629
d: [2,725,1,25,6,0,40,238,228]
d: [2,749,1,20,5,0,21,725,236]
s: 749
d: [2,726,1,25,6,0,40,238,230]
d: [2,750,1,20,5,0,21,726,236]
s: 750
d: [2,1593,3,18,3,1,40,777,382]
d: [2,1595,3,16,2,2,21,1593,316]
a: [3,1599,3,8,1,1595]
s: 1599
d: [2,727,1,25,6,0,40,238,233]
d: [2,751,1,20,5,0,21,727,236]
s: 751
d: [2,1657,4,15,2,1,44,1599,301]
d: [2,1658,4,6,1,1,21,1657,297]
a: [3,1662,4,6,1,1658]
s: 1662
d: [2,773,1,22,5,0,40,766,701]
d: [2,779,1,20,4,0,18,773]
s: 779
d: [2,804,1,27,6,0,40,801,247]
d: [2,812,1,25,5,0,18,804]
d: [2,817,1,20,4,0,21,812,766]
s: 817
d: [2,1606,3,18,3,1,40,780,382]
d: [2,1608,3,16,2,2,21,1606,316]
a: [3,1612,3,8,1,1608]
s: 1612
d: [2,641,1,21,4,0,40,247,302]
s: 641
d: [2,1631,3,18,3,1,40,781,382]
d: [2,1633,3,16,2,2,21,1631,316]
a: [3,1637,3,8,1,1633]
s: 1637
d: [2,775,1,21,3,0,40,766,294]
s: 775
d: [2,809,1,21,5,0,40,801,268]
s: 809
d: [2,1643,3,18,3,1,40,782,382]
d: [2,1645,3,16,2,2,21,1643,316]
a: [3,1649,3,8,1,1645]
s: 1649
d: [2,810,1,21,5,0,40,801,266]
s: 810
a: [3,1568,5,8,1,1565]
s: 1568
d: [2,811,1,25,5,0,40,801,288]
d: [2,818,1,21,4,0,21,811,223]
s: 818
d: [2,794,1,22,3,0,40,783,295]
s: 794
d: [2,1805,6,19,4,1,40,1568,810]
d: [2,1823,6,17,3,2,21,1805,316]
a: [3,1827,6,3,1,1823]
s: 1827
d: [2,795,1,22,3,0,40,783,297]
s: 795
a: [3,1835,6,8,1,1823]
s: 1835
r: 1835
d: [2,791,1,24,5,0,40,783,701]
d: [2,797,1,22,4,0,18,791]
s: 797
d: [2,788,1,26,4,0,40,783,228]
d: [2,798,1,22,3,0,21,788,223]
s: 798
a: [3,1555,4,7,1,1547]
s: 1555
d: [2,789,1,26,4,0,40,783,230]
d: [2,799,1,22,3,0,21,789,223]
s: 799
a: [3,1834,6,8,1,1823]
s: 1834
d: [2,790,1,26,4,0,40,783,233]
d: [2,800,1,22,3,0,21,790,223]
s: 800
d: [2,807,1,22,5,0,40,801,293]
s: 807
d: [2,1882,7,14,2,1,44,1835,301]
d: [2,1883,7,6,1,2,21,1882,1568]
a: [3,1886,7,6,1,1883]
s: 1886
d: [2,673,1,23,6,0,40,274,302]
s: 673
d: [2,1807,6,18,3,1,40,1568,817]
d: [2,1837,6,16,2,2,21,1807,316]
a: [3,1841,6,8,1,1837]
s: 1841
d: [2,769,1,23,4,0,40,766,224]
s: 769
d: [2,806,1,23,5,0,40,801,292]
s: 806
d: [2,1957,3,22,4,1,40,769,382]
d: [2,1959,3,20,3,2,21,1957,316]
a: [3,1963,3,8,1,1959]
s: 1963
d: [2,808,1,23,5,0,40,801,269]
s: 808
d: [2,1815,6,8,1,1,40,1568,625]
a: [3,1859,6,8,1,1815]
s: 1859
d: [2,802,1,36,8,0,40,801,238]
d: [2,814,1,34,7,0,18,802]
d: [2,815,1,29,6,0,21,814,766]
d: [2,816,1,24,5,0,21,815,236]
s: 816
d: [2,723,1,30,6,0,40,238,302]
d: [2,747,1,25,5,0,21,723,236]
s: 747
d: [2,2016,7,24,5,1,40,1859,238]
d: [2,2026,7,22,4,2,21,2016,316]
a: [3,2030,7,6,1,2026]
s: 2030
d: [2,793,1,25,3,0,40,783,294]
s: 793
d: [2,1822,6,13,2,1,40,1568,288]
d: [2,1861,6,8,1,1,21,1822,223]
a: [3,1865,6,8,1,1861]
s: 1865
d: [2,787,1,26,4,0,40,783,224]
s: 787
d: [2,805,1,27,6,0,40,801,226]
s: 805
d: [2,2079,6,27,5,1,40,805,1568]
d: [2,2101,6,19,4,2,21,2079,1834]
d: [2,2102,6,17,3,3,21,2101,316]
d: [2,2103,6,14,2,4,21,2102,1623]
a: [3,2111,6,6,1,2103]
s: 2111
d: [2,768,1,28,4,0,40,766,302]
s: 768
d: [2,2025,7,12,2,1,40,1859,288]
d: [2,2041,7,8,1,1,21,2025,223]
a: [3,2045,7,8,1,2041]
s: 2045
d: [2,786,1,32,4,0,40,783,302]
s: 786
d: [2,436,2,9,3,0,44,435,267]
s: 436
d: [2,2063,7,8,1,1,40,1865,300]
a: [3,2069,7,8,1,2063]
s: 2069
d: [2,498,2,9,3,0,40,269,435]
s: 498
d: [2,2155,8,8,2,1,40,2069,536]
d: [2,2157,8,6,1,2,21,2155,316]
a: [3,2161,8,6,1,2157]
s: 2161
d: [2,569,2,9,3,0,40,292,435]
s: 569
d: [2,587,2,11,4,0,40,226,435]
d: [2,605,2,9,3,1,21,587,357]
s: 605
d: [2,2124,8,8,1,1,40,2045,300]
a: [3,2130,8,8,1,2124]
s: 2130
d: [2,2165,2,6,2,2,21,605,528]
s: 2165
d: [2,1727,3,20,3,1,40,775,382]
d: [2,1729,3,18,2,2,21,1727,316]
a: [3,1733,3,9,1,1729]
s: 1733
d: [2,640,2,11,4,0,40,247,435]
d: [2,660,2,9,3,0,21,640,235]
s: 660
d: [2,672,2,13,6,0,40,274,435]
d: [2,694,2,11,5,1,21,672,357]
d: [2,695,2,9,4,1,21,694,235]
s: 695
d: [2,2168,4,17,2,1,44,1733,301]
d: [2,2169,4,7,1,1,21,2168,294]
a: [3,2173,4,7,1,2169]
s: 2173
d: [2,860,2,9,3,0,40,627,293]
s: 860
d: [2,1700,4,15,2,1,44,1612,301]
a: [3,1704,4,9,1,1700]
s: 1704
d: [2,2181,5,0,0,1,52,223,1704,228]
e: 2181
d: [2,2182,5,4,1,1,40,1704,228]
d: [2,2185,5,0,0,1,21,2182,223]
e: 2185
r: 1704
d: [2,897,2,9,2,0,40,491,300]
s: 897
d: [2,982,2,11,4,0,44,497,250]
d: [2,983,2,9,3,0,18,982]
s: 983
a: [3,1708,4,6,1,1700]
s: 1708
d: [2,984,2,11,5,0,40,533,286]
d: [2,985,2,9,4,0,21,984,235]
s: 985
a: [3,1703,4,9,1,1700]
s: 1703
d: [2,1022,2,11,5,0,40,562,286]
d: [2,1023,2,9,4,0,21,1022,235]
s: 1023
d: [2,1034,2,11,4,0,44,568,250]
d: [2,1035,2,9,3,0,18,1034]
s: 1035
a: [3,1966,3,4,1,1959]
s: 1966
d: [2,1059,2,11,4,0,44,604,250]
d: [2,1060,2,9,3,0,18,1059]
s: 1060
d: [2,1717,4,15,2,1,44,1637,301]
a: [3,1721,4,9,1,1717]
s: 1721
d: [2,2272,5,0,0,1,52,223,1721,230]
e: 2272
d: [2,2273,5,4,1,1,40,1721,230]
d: [2,2276,5,0,0,1,21,2273,223]
e: 2276
r: 1721
d: [2,1064,2,9,2,0,40,625,289]
s: 1064
d: [2,1071,2,9,2,0,40,625,246]
s: 1071
a: [3,1725,4,6,1,1717]
s: 1725
d: [2,1154,2,15,5,0,40,575,247]
d: [2,1162,2,9,3,0,18,1154]
s: 1162
r: 654
r: 653
r: 652
r: 655
r: 664
r: 663
r: 656
r: 662
r: 657
r: 645
r: 644
r: 643
r: 642
r: 641
r: 660
r: 659
r: 247
r: 658
r: 638
a: [3,1720,4,9,1,1717]
s: 1720
d: [2,1198,2,9,2,0,40,620,294]
s: 1198
d: [2,1222,2,9,2,0,40,621,294]
s: 1222
d: [2,1768,4,15,2,1,44,1649,301]
a: [3,1772,4,9,1,1768]
s: 1772
d: [2,2389,5,0,0,1,52,223,1772,233]
e: 2389
d: [2,2390,5,4,1,1,40,1772,233]
d: [2,2393,5,0,0,1,21,2390,223]
e: 2393
r: 1772
d: [2,1243,2,11,4,0,44,659,250]
d: [2,1244,2,9,3,0,21,1243,235]
s: 1244
a: [3,1776,4,6,1,1768]
s: 1776
d: [2,1296,2,9,2,0,40,618,295]
s: 1296
d: [2,1297,2,9,2,0,40,618,297]
s: 1297
a: [3,1771,4,9,1,1768]
s: 1771
d: [2,1287,2,12,3,0,40,618,228]
d: [2,1298,2,9,2,0,21,1287,223]
s: 1298
d: [2,2004,4,15,2,1,44,1963,301]
a: [3,2008,4,9,1,2004]
s: 2008
d: [2,2469,5,0,0,2,52,1966,2008,224]
e: 2469
d: [2,2470,5,4,1,1,40,2008,224]
d: [2,2473,5,0,0,2,21,2470,1966]
e: 2473
r: 2008
d: [2,1288,2,12,3,0,40,618,230]
d: [2,1299,2,9,2,0,21,1288,223]
s: 1299
d: [2,1289,2,12,3,0,40,618,233]
d: [2,1300,2,9,2,0,21,1289,223]
s: 1300
a: [3,2012,4,6,1,2004]
s: 2012
d: [2,1684,2,18,4,0,40,817,246]
d: [2,1691,2,16,3,0,18,1684]
d: [2,1696,2,9,2,0,21,1691,796]
s: 1696
r: 778
r: 796
d: [2,2487,3,8,2,1,40,1696,382]
d: [2,2493,3,6,1,2,21,2487,316]
d: [2,2494,3,0,0,3,21,2493,1425]
e: 2494
f: 2494,1479,1435,376,359,218,219
% Refutation found. Thanks to Tanya!
% SZS status Theorem for connsp_3__t19_connsp_3
% SZS output start Proof for connsp_3__t19_connsp_3
1. ! [X0] : ((l1_pre_topc(X0) & v2_pre_topc(X0) & ~v2_struct_0(X0)) => m1_connsp_3(k1_struct_0(X0),X0)) [input t19_connsp_3]
2. ~! [X0] : ((l1_pre_topc(X0) & v2_pre_topc(X0) & ~v2_struct_0(X0)) => m1_connsp_3(k1_struct_0(X0),X0)) [negated conjecture 1]
26. ! [X0] : (l1_pre_topc(X0) => ! [X1] : (m1_subset_1(X1,k1_zfmisc_1(u1_struct_0(X0))) => (m1_connsp_3(X1,X0) <=> ? [X2] : (k5_setfam_1(u1_struct_0(X0),X2) = X1 & ! [X3] : (m1_subset_1(X3,k1_zfmisc_1(u1_struct_0(X0))) => (r2_hidden(X3,X2) => v3_connsp_1(X3,X0))) & m1_subset_1(X2,k1_zfmisc_1(k1_zfmisc_1(u1_struct_0(X0)))))))) [input d2_connsp_3]
27. ! [X0] : (l1_struct_0(X0) => k1_struct_0(X0) = k1_xboole_0) [input d2_struct_0]
33. ! [X0,X1] : (m1_subset_1(X1,k1_zfmisc_1(k1_zfmisc_1(X0))) => m1_subset_1(k5_setfam_1(X0,X1),k1_zfmisc_1(X0))) [input dt_k5_setfam_1]
34. ! [X0] : (l1_pre_topc(X0) => l1_struct_0(X0)) [input dt_l1_pre_topc]
47. ! [X0] : (l1_struct_0(X0) => v1_xboole_0(k1_struct_0(X0))) [input fc3_struct_0]
52. ! [X0] : (l1_pre_topc(X0) => ? [X1] : (k1_struct_0(X0) = k5_setfam_1(u1_struct_0(X0),X1) & ! [X2] : (m1_subset_1(X2,k1_zfmisc_1(u1_struct_0(X0))) => (r2_hidden(X2,X1) => v3_connsp_1(X2,X0))) & m1_subset_1(X1,k1_zfmisc_1(k1_zfmisc_1(u1_struct_0(X0)))))) [input l20_connsp_3]
73. ! [X0] : (v1_xboole_0(X0) => k1_xboole_0 = X0) [input t6_boole]
92. ? [X0] : (~m1_connsp_3(k1_struct_0(X0),X0) & (l1_pre_topc(X0) & v2_pre_topc(X0) & ~v2_struct_0(X0))) [ennf transformation 2]
93. ? [X0] : (~m1_connsp_3(k1_struct_0(X0),X0) & l1_pre_topc(X0) & v2_pre_topc(X0) & ~v2_struct_0(X0)) [flattening 92]
102. ! [X0] : (l1_struct_0(X0) | ~l1_pre_topc(X0)) [ennf transformation 34]
104. ! [X0] : (! [X1] : ((m1_connsp_3(X1,X0) <=> ? [X2] : (k5_setfam_1(u1_struct_0(X0),X2) = X1 & ! [X3] : ((v3_connsp_1(X3,X0) | ~r2_hidden(X3,X2)) | ~m1_subset_1(X3,k1_zfmisc_1(u1_struct_0(X0)))) & m1_subset_1(X2,k1_zfmisc_1(k1_zfmisc_1(u1_struct_0(X0)))))) | ~m1_subset_1(X1,k1_zfmisc_1(u1_struct_0(X0)))) | ~l1_pre_topc(X0)) [ennf transformation 26]
105. ! [X0] : (! [X1] : ((m1_connsp_3(X1,X0) <=> ? [X2] : (k5_setfam_1(u1_struct_0(X0),X2) = X1 & ! [X3] : (v3_connsp_1(X3,X0) | ~r2_hidden(X3,X2) | ~m1_subset_1(X3,k1_zfmisc_1(u1_struct_0(X0)))) & m1_subset_1(X2,k1_zfmisc_1(k1_zfmisc_1(u1_struct_0(X0)))))) | ~m1_subset_1(X1,k1_zfmisc_1(u1_struct_0(X0)))) | ~l1_pre_topc(X0)) [flattening 104]
108. ! [X0] : (? [X1] : (k1_struct_0(X0) = k5_setfam_1(u1_struct_0(X0),X1) & ! [X2] : ((v3_connsp_1(X2,X0) | ~r2_hidden(X2,X1)) | ~m1_subset_1(X2,k1_zfmisc_1(u1_struct_0(X0)))) & m1_subset_1(X1,k1_zfmisc_1(k1_zfmisc_1(u1_struct_0(X0))))) | ~l1_pre_topc(X0)) [ennf transformation 52]
109. ! [X0] : (? [X1] : (k1_struct_0(X0) = k5_setfam_1(u1_struct_0(X0),X1) & ! [X2] : (v3_connsp_1(X2,X0) | ~r2_hidden(X2,X1) | ~m1_subset_1(X2,k1_zfmisc_1(u1_struct_0(X0)))) & m1_subset_1(X1,k1_zfmisc_1(k1_zfmisc_1(u1_struct_0(X0))))) | ~l1_pre_topc(X0)) [flattening 108]
110. ! [X0] : (v1_xboole_0(k1_struct_0(X0)) | ~l1_struct_0(X0)) [ennf transformation 47]
111. ! [X0] : (k1_struct_0(X0) = k1_xboole_0 | ~l1_struct_0(X0)) [ennf transformation 27]
136. ! [X0] : (k1_xboole_0 = X0 | ~v1_xboole_0(X0)) [ennf transformation 73]
174. ! [X0,X1] : (m1_subset_1(k5_setfam_1(X0,X1),k1_zfmisc_1(X0)) | ~m1_subset_1(X1,k1_zfmisc_1(k1_zfmisc_1(X0)))) [ennf transformation 33]
175. ? [X0] : (~m1_connsp_3(k1_struct_0(X0),X0) & l1_pre_topc(X0) & v2_pre_topc(X0) & ~v2_struct_0(X0)) => (~m1_connsp_3(k1_struct_0(sK0),sK0) & l1_pre_topc(sK0) & v2_pre_topc(sK0) & ~v2_struct_0(sK0)) [choice axiom]
176. ~m1_connsp_3(k1_struct_0(sK0),sK0) & l1_pre_topc(sK0) & v2_pre_topc(sK0) & ~v2_struct_0(sK0) [skolemisation 93,175]
185. ! [X0] : (! [X1] : (((m1_connsp_3(X1,X0) | ! [X2] : (k5_setfam_1(u1_struct_0(X0),X2) != X1 | ? [X3] : (~v3_connsp_1(X3,X0) & r2_hidden(X3,X2) & m1_subset_1(X3,k1_zfmisc_1(u1_struct_0(X0)))) | ~m1_subset_1(X2,k1_zfmisc_1(k1_zfmisc_1(u1_struct_0(X0)))))) & (? [X2] : (k5_setfam_1(u1_struct_0(X0),X2) = X1 & ! [X3] : (v3_connsp_1(X3,X0) | ~r2_hidden(X3,X2) | ~m1_subset_1(X3,k1_zfmisc_1(u1_struct_0(X0)))) & m1_subset_1(X2,k1_zfmisc_1(k1_zfmisc_1(u1_struct_0(X0))))) | ~m1_connsp_3(X1,X0))) | ~m1_subset_1(X1,k1_zfmisc_1(u1_struct_0(X0)))) | ~l1_pre_topc(X0)) [nnf transformation 105]
186. ! [X0] : (! [X1] : (((m1_connsp_3(X1,X0) | ! [X2] : (k5_setfam_1(u1_struct_0(X0),X2) != X1 | ? [X3] : (~v3_connsp_1(X3,X0) & r2_hidden(X3,X2) & m1_subset_1(X3,k1_zfmisc_1(u1_struct_0(X0)))) | ~m1_subset_1(X2,k1_zfmisc_1(k1_zfmisc_1(u1_struct_0(X0)))))) & (? [X4] : (k5_setfam_1(u1_struct_0(X0),X4) = X1 & ! [X5] : (v3_connsp_1(X5,X0) | ~r2_hidden(X5,X4) | ~m1_subset_1(X5,k1_zfmisc_1(u1_struct_0(X0)))) & m1_subset_1(X4,k1_zfmisc_1(k1_zfmisc_1(u1_struct_0(X0))))) | ~m1_connsp_3(X1,X0))) | ~m1_subset_1(X1,k1_zfmisc_1(u1_struct_0(X0)))) | ~l1_pre_topc(X0)) [rectify 185]
187. ! [X2,X0] : (? [X3] : (~v3_connsp_1(X3,X0) & r2_hidden(X3,X2) & m1_subset_1(X3,k1_zfmisc_1(u1_struct_0(X0)))) => (~v3_connsp_1(sK5(X0,X2),X0) & r2_hidden(sK5(X0,X2),X2) & m1_subset_1(sK5(X0,X2),k1_zfmisc_1(u1_struct_0(X0))))) [choice axiom]
188. ! [X1,X0] : (? [X4] : (k5_setfam_1(u1_struct_0(X0),X4) = X1 & ! [X5] : (v3_connsp_1(X5,X0) | ~r2_hidden(X5,X4) | ~m1_subset_1(X5,k1_zfmisc_1(u1_struct_0(X0)))) & m1_subset_1(X4,k1_zfmisc_1(k1_zfmisc_1(u1_struct_0(X0))))) => (k5_setfam_1(u1_struct_0(X0),sK6(X0,X1)) = X1 & ! [X5] : (v3_connsp_1(X5,X0) | ~r2_hidden(X5,sK6(X0,X1)) | ~m1_subset_1(X5,k1_zfmisc_1(u1_struct_0(X0)))) & m1_subset_1(sK6(X0,X1),k1_zfmisc_1(k1_zfmisc_1(u1_struct_0(X0)))))) [choice axiom]
189. ! [X0] : (! [X1] : (((m1_connsp_3(X1,X0) | ! [X2] : (k5_setfam_1(u1_struct_0(X0),X2) != X1 | (~v3_connsp_1(sK5(X0,X2),X0) & r2_hidden(sK5(X0,X2),X2) & m1_subset_1(sK5(X0,X2),k1_zfmisc_1(u1_struct_0(X0)))) | ~m1_subset_1(X2,k1_zfmisc_1(k1_zfmisc_1(u1_struct_0(X0)))))) & ((k5_setfam_1(u1_struct_0(X0),sK6(X0,X1)) = X1 & ! [X5] : (v3_connsp_1(X5,X0) | ~r2_hidden(X5,sK6(X0,X1)) | ~m1_subset_1(X5,k1_zfmisc_1(u1_struct_0(X0)))) & m1_subset_1(sK6(X0,X1),k1_zfmisc_1(k1_zfmisc_1(u1_struct_0(X0))))) | ~m1_connsp_3(X1,X0))) | ~m1_subset_1(X1,k1_zfmisc_1(u1_struct_0(X0)))) | ~l1_pre_topc(X0)) [skolemisation 186,188,187]
194. ! [X0] : (? [X1] : (k1_struct_0(X0) = k5_setfam_1(u1_struct_0(X0),X1) & ! [X2] : (v3_connsp_1(X2,X0) | ~r2_hidden(X2,X1) | ~m1_subset_1(X2,k1_zfmisc_1(u1_struct_0(X0)))) & m1_subset_1(X1,k1_zfmisc_1(k1_zfmisc_1(u1_struct_0(X0))))) => (k1_struct_0(X0) = k5_setfam_1(u1_struct_0(X0),sK9(X0)) & ! [X2] : (v3_connsp_1(X2,X0) | ~r2_hidden(X2,sK9(X0)) | ~m1_subset_1(X2,k1_zfmisc_1(u1_struct_0(X0)))) & m1_subset_1(sK9(X0),k1_zfmisc_1(k1_zfmisc_1(u1_struct_0(X0)))))) [choice axiom]
195. ! [X0] : ((k1_struct_0(X0) = k5_setfam_1(u1_struct_0(X0),sK9(X0)) & ! [X2] : (v3_connsp_1(X2,X0) | ~r2_hidden(X2,sK9(X0)) | ~m1_subset_1(X2,k1_zfmisc_1(u1_struct_0(X0)))) & m1_subset_1(sK9(X0),k1_zfmisc_1(k1_zfmisc_1(u1_struct_0(X0))))) | ~l1_pre_topc(X0)) [skolemisation 109,194]
218. l1_pre_topc(sK0) [cnf transformation 176] {a:0,w:2,wCS:200,goal:1,sine:0,thAx:0,allAx:2,thDist:-2}
219. ~m1_connsp_3(k1_struct_0(sK0),sK0) [cnf transformation 176] {a:0,w:4,wCS:400,goal:1,sine:0,thAx:0,allAx:2,thDist:-2}
235. ~l1_pre_topc(X0) | l1_struct_0(X0) [cnf transformation 102] {a:0,w:4,wCS:1600,nSel:1,sine:1,thAx:0,allAx:1,thDist:-1}
240. m1_connsp_3(X1,X0) | k5_setfam_1(u1_struct_0(X0),X2) != X1 | m1_subset_1(sK5(X0,X2),k1_zfmisc_1(u1_struct_0(X0))) | ~m1_subset_1(X2,k1_zfmisc_1(k1_zfmisc_1(u1_struct_0(X0)))) | ~m1_subset_1(X1,k1_zfmisc_1(u1_struct_0(X0))) | ~l1_pre_topc(X0) [cnf transformation 189] {a:0,w:29,wCS:11600,sine:1,thAx:0,allAx:3,thDist:-3}
241. m1_connsp_3(X1,X0) | k5_setfam_1(u1_struct_0(X0),X2) != X1 | r2_hidden(sK5(X0,X2),X2) | ~m1_subset_1(X2,k1_zfmisc_1(k1_zfmisc_1(u1_struct_0(X0)))) | ~m1_subset_1(X1,k1_zfmisc_1(u1_struct_0(X0))) | ~l1_pre_topc(X0) [cnf transformation 189] {a:0,w:27,wCS:10800,sine:1,thAx:0,allAx:3,thDist:-3}
242. m1_connsp_3(X1,X0) | k5_setfam_1(u1_struct_0(X0),X2) != X1 | ~v3_connsp_1(sK5(X0,X2),X0) | ~m1_subset_1(X2,k1_zfmisc_1(k1_zfmisc_1(u1_struct_0(X0)))) | ~m1_subset_1(X1,k1_zfmisc_1(u1_struct_0(X0))) | ~l1_pre_topc(X0) [cnf transformation 189] {a:0,w:27,wCS:10800,sine:1,thAx:0,allAx:3,thDist:-3}
246. m1_subset_1(sK9(X0),k1_zfmisc_1(k1_zfmisc_1(u1_struct_0(X0)))) | ~l1_pre_topc(X0) [cnf transformation 195] {a:0,w:9,wCS:3600,nSel:1,sine:2,thAx:0,allAx:2,thDist:-2}
247. ~m1_subset_1(X2,k1_zfmisc_1(u1_struct_0(X0))) | ~r2_hidden(X2,sK9(X0)) | v3_connsp_1(X2,X0) | ~l1_pre_topc(X0) [cnf transformation 195] {a:0,w:14,wCS:5600,nSel:1,sine:2,thAx:0,allAx:2,thDist:-2}
248. k1_struct_0(X0) = k5_setfam_1(u1_struct_0(X0),sK9(X0)) | ~l1_pre_topc(X0) [cnf transformation 195] {a:0,w:10,wCS:4000,nSel:1,sine:2,thAx:0,allAx:2,thDist:-2}
249. v1_xboole_0(k1_struct_0(X0)) | ~l1_struct_0(X0) [cnf transformation 110] {a:0,w:5,wCS:2000,nSel:1,sine:1,thAx:0,allAx:1,thDist:-1}
250. k1_struct_0(X0) = k1_xboole_0 | ~l1_struct_0(X0) [cnf transformation 111] {a:0,w:6,wCS:2400,nSel:1,sine:1,thAx:0,allAx:1,thDist:-1}
267. k1_xboole_0 = X0 | ~v1_xboole_0(X0) [cnf transformation 136] {a:0,w:5,wCS:2000,nSel:1,sine:2,thAx:0,allAx:1,thDist:-1}
302. m1_subset_1(k5_setfam_1(X0,X1),k1_zfmisc_1(X0)) | ~m1_subset_1(X1,k1_zfmisc_1(k1_zfmisc_1(X0))) [cnf transformation 174] {a:0,w:11,wCS:4400,nSel:1,sine:2,thAx:0,allAx:1,thDist:-1}
305. m1_connsp_3(k5_setfam_1(u1_struct_0(X0),X2),X0) | ~v3_connsp_1(sK5(X0,X2),X0) | ~m1_subset_1(X2,k1_zfmisc_1(k1_zfmisc_1(u1_struct_0(X0)))) | ~m1_subset_1(k5_setfam_1(u1_struct_0(X0),X2),k1_zfmisc_1(u1_struct_0(X0))) | ~l1_pre_topc(X0) [equality resolution 242] {a:0,w:27,wCS:10800,sine:1,thAx:0,allAx:3,thDist:-3}
306. m1_connsp_3(k5_setfam_1(u1_struct_0(X0),X2),X0) | r2_hidden(sK5(X0,X2),X2) | ~m1_subset_1(X2,k1_zfmisc_1(k1_zfmisc_1(u1_struct_0(X0)))) | ~m1_subset_1(k5_setfam_1(u1_struct_0(X0),X2),k1_zfmisc_1(u1_struct_0(X0))) | ~l1_pre_topc(X0) [equality resolution 241] {a:0,w:27,wCS:10800,sine:1,thAx:0,allAx:3,thDist:-3}
307. m1_connsp_3(k5_setfam_1(u1_struct_0(X0),X2),X0) | m1_subset_1(sK5(X0,X2),k1_zfmisc_1(u1_struct_0(X0))) | ~m1_subset_1(X2,k1_zfmisc_1(k1_zfmisc_1(u1_struct_0(X0)))) | ~m1_subset_1(k5_setfam_1(u1_struct_0(X0),X2),k1_zfmisc_1(u1_struct_0(X0))) | ~l1_pre_topc(X0) [equality resolution 240] {a:0,w:29,wCS:11600,sine:1,thAx:0,allAx:3,thDist:-3}
309. 1 <=> m1_connsp_3(k1_struct_0(sK0),sK0) [avatar definition]
311. ~m1_connsp_3(k1_struct_0(sK0),sK0) <- (~1) [avatar component clause 309] {a:0,w:4,wCS:400,nSel:1,goal:1,sine:255,thAx:0,allAx:2,thDist:-2}
312. ~1 [avatar split clause 219,309]
314. 2 <=> l1_pre_topc(sK0) [avatar definition]
316. l1_pre_topc(sK0) <- (2) [avatar component clause 314] {a:0,w:2,wCS:200,nSel:1,goal:1,sine:255,thAx:0,allAx:2,thDist:-2}
317. 2 [avatar split clause 218,314]
359. l1_struct_0(sK0) <- (2) [resolution 235,316] {a:1,w:2,wCS:200,goal:1,sine:1,thAx:0,allAx:3,thDist:-3}
362. 11 <=> l1_struct_0(sK0) [avatar definition]
364. l1_struct_0(sK0) <- (11) [avatar component clause 362] {a:1,w:2,wCS:200,nSel:1,goal:1,sine:255,thAx:0,allAx:3,thDist:-3}
365. 11 | ~2 [avatar split clause 359,314,362]
373. ~m1_connsp_3(k1_xboole_0,sK0) | ~l1_struct_0(sK0) <- (~1) [superposition 311,250] {a:1,w:5,wCS:500,goal:1,sine:1,thAx:0,allAx:3,thDist:-3}
376. ~m1_connsp_3(k1_xboole_0,sK0) <- (~1, 11) [subsumption resolution 373,364] {a:1,w:3,wCS:300,goal:1,sine:1,thAx:0,allAx:3,thDist:-3}
378. 13 <=> m1_connsp_3(k1_xboole_0,sK0) [avatar definition]
380. ~m1_connsp_3(k1_xboole_0,sK0) <- (~13) [avatar component clause 378] {a:1,w:3,wCS:300,nSel:1,goal:1,sine:255,thAx:0,allAx:3,thDist:-3}
381. ~13 | 1 | ~11 [avatar split clause 376,362,309,378]
382. ~m1_connsp_3(X0,sK0) | ~v1_xboole_0(X0) <- (~13) [superposition 380,267] {a:2,w:5,wCS:500,nSel:1,goal:1,sine:2,thAx:0,allAx:4,thDist:-4}
766. ~m1_subset_1(X2,k1_zfmisc_1(k1_zfmisc_1(u1_struct_0(X0)))) | ~v3_connsp_1(sK5(X0,X2),X0) | m1_connsp_3(k5_setfam_1(u1_struct_0(X0),X2),X0) | ~l1_pre_topc(X0) [subsumption resolution 305,302] {a:0,w:19,wCS:7600,nSel:1,sine:1,thAx:0,allAx:3,thDist:-3}
783. ~m1_subset_1(X2,k1_zfmisc_1(k1_zfmisc_1(u1_struct_0(X0)))) | r2_hidden(sK5(X0,X2),X2) | m1_connsp_3(k5_setfam_1(u1_struct_0(X0),X2),X0) | ~l1_pre_topc(X0) [subsumption resolution 306,302] {a:0,w:19,wCS:7600,nSel:1,sine:1,thAx:0,allAx:3,thDist:-3}
792. r2_hidden(sK5(X10,sK9(X10)),sK9(X10)) | m1_connsp_3(k5_setfam_1(u1_struct_0(X10),sK9(X10)),X10) | ~l1_pre_topc(X10) | ~l1_pre_topc(X10) [resolution 783,246] {a:1,w:18,wCS:7200,sine:1,thAx:0,allAx:5,thDist:-5}
796. r2_hidden(sK5(X10,sK9(X10)),sK9(X10)) | m1_connsp_3(k5_setfam_1(u1_struct_0(X10),sK9(X10)),X10) | ~l1_pre_topc(X10) [duplicate literal removal 792] {a:1,w:16,wCS:6400,nSel:1,sine:1,thAx:0,allAx:5,thDist:-5}
801. m1_subset_1(sK5(X0,X2),k1_zfmisc_1(u1_struct_0(X0))) | m1_connsp_3(k5_setfam_1(u1_struct_0(X0),X2),X0) | ~m1_subset_1(X2,k1_zfmisc_1(k1_zfmisc_1(u1_struct_0(X0)))) | ~l1_pre_topc(X0) [subsumption resolution 307,302] {a:0,w:21,wCS:8400,nSel:1,sine:1,thAx:0,allAx:3,thDist:-3}
804. m1_connsp_3(k5_setfam_1(u1_struct_0(X5),X6),X5) | ~m1_subset_1(X6,k1_zfmisc_1(k1_zfmisc_1(u1_struct_0(X5)))) | ~l1_pre_topc(X5) | ~r2_hidden(sK5(X5,X6),sK9(X5)) | v3_connsp_1(sK5(X5,X6),X5) | ~l1_pre_topc(X5) [resolution 801,247] {a:1,w:27,wCS:10800,sine:1,thAx:0,allAx:5,thDist:-5}
812. m1_connsp_3(k5_setfam_1(u1_struct_0(X5),X6),X5) | ~m1_subset_1(X6,k1_zfmisc_1(k1_zfmisc_1(u1_struct_0(X5)))) | ~l1_pre_topc(X5) | ~r2_hidden(sK5(X5,X6),sK9(X5)) | v3_connsp_1(sK5(X5,X6),X5) [duplicate literal removal 804] {a:1,w:25,wCS:10000,sine:1,thAx:0,allAx:5,thDist:-5}
817. ~m1_subset_1(X6,k1_zfmisc_1(k1_zfmisc_1(u1_struct_0(X5)))) | m1_connsp_3(k5_setfam_1(u1_struct_0(X5),X6),X5) | ~l1_pre_topc(X5) | ~r2_hidden(sK5(X5,X6),sK9(X5)) [subsumption resolution 812,766] {a:1,w:20,wCS:8000,nSel:1,sine:1,thAx:0,allAx:5,thDist:-5}
1424. 25 <=> v1_xboole_0(k5_setfam_1(u1_struct_0(sK0),sK9(sK0))) [avatar definition]
1425. v1_xboole_0(k5_setfam_1(u1_struct_0(sK0),sK9(sK0))) <- (25) [avatar component clause 1424] {a:3,w:6,wCS:600,nSel:1,goal:1,sine:255,thAx:0,allAx:9,thDist:-9}
1426. ~v1_xboole_0(k5_setfam_1(u1_struct_0(sK0),sK9(sK0))) <- (~25) [avatar component clause 1424] {a:3,w:6,wCS:600,nSel:1,goal:1,sine:255,thAx:0,allAx:9,thDist:-9}
1433. ~v1_xboole_0(k1_struct_0(sK0)) | ~l1_pre_topc(sK0) <- (~25) [superposition 1426,248] {a:4,w:5,wCS:500,goal:1,sine:2,thAx:0,allAx:11,thDist:-11}
1435. ~v1_xboole_0(k1_struct_0(sK0)) <- (2, ~25) [subsumption resolution 1433,316] {a:4,w:3,wCS:300,goal:1,sine:2,thAx:0,allAx:11,thDist:-11}
1437. 27 <=> v1_xboole_0(k1_struct_0(sK0)) [avatar definition]
1439. ~v1_xboole_0(k1_struct_0(sK0)) <- (~27) [avatar component clause 1437] {a:4,w:3,wCS:300,nSel:1,goal:1,sine:255,thAx:0,allAx:11,thDist:-11}
1440. ~27 | ~2 | 25 [avatar split clause 1435,1424,314,1437]
1476. ~l1_struct_0(sK0) <- (~27) [resolution 1439,249] {a:5,w:2,wCS:200,goal:1,sine:1,thAx:0,allAx:12,thDist:-12}
1479. $false <- (11, ~27) [subsumption resolution 1476,364] {a:5,w:0,goal:1,sine:1,thAx:0,allAx:12,thDist:-12}
1480. ~11 | 27 [avatar contradiction clause 1479]
1684. m1_connsp_3(k5_setfam_1(u1_struct_0(X16),sK9(X16)),X16) | ~l1_pre_topc(X16) | ~r2_hidden(sK5(X16,sK9(X16)),sK9(X16)) | ~l1_pre_topc(X16) [resolution 817,246] {a:2,w:18,wCS:7200,sine:1,thAx:0,allAx:7,thDist:-7}
1691. m1_connsp_3(k5_setfam_1(u1_struct_0(X16),sK9(X16)),X16) | ~l1_pre_topc(X16) | ~r2_hidden(sK5(X16,sK9(X16)),sK9(X16)) [duplicate literal removal 1684] {a:2,w:16,wCS:6400,sine:1,thAx:0,allAx:7,thDist:-7}
1696. m1_connsp_3(k5_setfam_1(u1_struct_0(X16),sK9(X16)),X16) | ~l1_pre_topc(X16) [subsumption resolution 1691,796] {a:2,w:9,wCS:3600,nSel:1,sine:1,thAx:0,allAx:7,thDist:-7}
2487. ~l1_pre_topc(sK0) | ~v1_xboole_0(k5_setfam_1(u1_struct_0(sK0),sK9(sK0))) <- (~13) [resolution 1696,382] {a:3,w:8,wCS:800,goal:1,sine:1,thAx:0,allAx:11,thDist:-11}
2493. ~v1_xboole_0(k5_setfam_1(u1_struct_0(sK0),sK9(sK0))) <- (2, ~13) [subsumption resolution 2487,316] {a:3,w:6,wCS:600,goal:1,sine:1,thAx:0,allAx:11,thDist:-11}
2494. $false <- (2, ~13, 25) [subsumption resolution 2493,1425] {a:3,w:0,goal:1,sine:1,thAx:0,allAx:11,thDist:-11}
2495. ~2 | 13 | ~25 [avatar contradiction clause 2494]
2497. $false [avatar sat refutation 312,317,365,381,1440,1480,2495] {a:0,w:0,goal:1,sine:0,thAx:0,allAx:1082,thDist:-1082}
% SZS output end Proof for connsp_3__t19_connsp_3
% ------------------------------
% Version: Vampire 4.5.1 (commit 226f88162 on 2021-09-12 20:13:44 +0200)
% Termination reason: Refutation

% >>> Input
% Input formulas: 74
% >>> Preprocessing
% Introduced skolems: 20
% Pure predicates: 3
% Unused predicate definitions: 1
% 
% >>> Saturation
% Initial clauses: 89
% Generated clauses: 1891
% Active clauses: 414
% Passive clauses: 1007
% Final active clauses: 362
% Final passive clauses: 564
% Main loop iterations started: 443
% 
% >>> Simplifying Inferences
% Duplicate literals: 141
% Fw subsumption resolutions: 325
% Bw demodulations: 1
% 
% >>> Deletion Inferences
% Simple tautologies: 61
% Forward subsumptions: 305
% Backward subsumptions: 39
% 
% >>> Generating Inferences
% Binary resolution: 1151
% Unit resulting resolution: 7
% Forward superposition: 102
% Backward superposition: 6
% Self superposition: 1
% 
% >>> AVATAR
% Split clauses: 40
% Split components: 85
% Sat splitting refutations: 17
% 
% >>> SAT Solver Statistics
% SAT solver clauses: 90
% SAT solver unit clauses: 17
% SAT solver binary clauses: 21
% 
% Memory used [KB]: 6780
% Time elapsed: 0.017 s
% ------------------------------
% ------------------------------
% Time measurement results:
% preprocessing: 0.001 s
% term sharing: 0.002 s
% congruence closure: 0.001 s
% backward subsumption index maintenance: 0.001 s ( own 0.0000 s ) 
% forward subsumption: 0.001 s
% forward subsumption resolution: 0.001 s
% resolution: 0.003 s ( own 0.002 s ) 
% unit resulting resolution: 0.002 s
% superposition: 0.002 s
% passive container maintenance: 0.002 s
% other: 0.017 s ( own 0.003 s ) 

