i: [1,349,0,5,1,1,0,0] l13_jgraph_5
a: [3,564,0,5,1,349]
s: 564
i: [1,350,0,2,1,0,0,1] spc1_boole
a: [3,569,0,2,1,350]
s: 569
i: [1,351,0,2,1,0,0,2] fc3_membered
a: [3,574,0,2,1,351]
s: 574
i: [1,352,0,2,1,0,0,3] fc6_membered
a: [3,579,0,2,1,352]
s: 579
i: [1,353,0,2,1,0,0,2] fc1_xboole_0
a: [3,584,0,2,1,353]
s: 584
i: [1,354,0,2,1,0,0,255] spc0_boole
a: [3,589,0,2,1,354]
s: 589
i: [1,365,0,2,1,0,0,255] fc11_xxreal_2
a: [3,639,0,2,1,365]
s: 639
i: [1,364,0,2,1,0,0,255] fc11_xxreal_2
a: [3,644,0,2,1,364]
s: 644
i: [1,366,0,2,1,0,0,1] spc1_numerals
a: [3,664,0,2,1,366]
s: 664
i: [1,491,0,2,1,0,0,2] rc2_xboole_0
a: [3,691,0,2,1,491]
s: 691
i: [1,492,0,2,1,0,0,2] rc1_xreal_0
a: [3,696,0,2,1,492]
s: 696
i: [1,493,0,2,1,0,0,3] rc1_xxreal_0
a: [3,701,0,2,1,493]
s: 701
i: [1,494,0,2,1,0,0,2] rc1_xboole_0
a: [3,706,0,2,1,494]
s: 706
i: [1,496,0,2,1,0,0,255] rc7_funct_1
a: [3,711,0,2,1,496]
s: 711
i: [1,495,0,2,1,0,0,255] rc7_funct_1
a: [3,716,0,2,1,495]
s: 716
i: [1,498,0,2,1,0,0,3] rc1_membered
a: [3,721,0,2,1,498]
s: 721
i: [1,497,0,2,1,0,0,3] rc1_membered
a: [3,726,0,2,1,497]
s: 726
i: [1,500,0,2,1,0,0,3] rc2_membered
a: [3,731,0,2,1,500]
s: 731
i: [1,499,0,2,1,0,0,3] rc2_membered
a: [3,736,0,2,1,499]
s: 736
i: [1,502,0,2,1,0,0,4] rc3_membered
a: [3,741,0,2,1,502]
s: 741
i: [1,501,0,2,1,0,0,4] rc3_membered
a: [3,746,0,2,1,501]
s: 746
i: [1,511,0,2,1,0,0,255] rc3_xxreal_2
a: [3,751,0,2,1,511]
s: 751
i: [1,510,0,2,1,0,0,255] rc3_xxreal_2
a: [3,756,0,2,1,510]
s: 756
i: [1,509,0,2,1,0,0,255] rc3_xxreal_2
a: [3,761,0,2,1,509]
s: 761
i: [1,508,0,2,1,0,0,255] rc3_xxreal_2
a: [3,766,0,2,1,508]
s: 766
i: [1,507,0,2,1,0,0,255] rc3_xxreal_2
a: [3,771,0,2,1,507]
s: 771
i: [1,506,0,2,1,0,0,255] rc3_xxreal_2
a: [3,776,0,2,1,506]
s: 776
i: [1,505,0,2,1,0,0,255] rc3_xxreal_2
a: [3,781,0,2,1,505]
s: 781
i: [1,504,0,2,1,0,0,255] rc3_xxreal_2
a: [3,786,0,2,1,504]
s: 786
i: [1,503,0,2,1,0,0,255] rc3_xxreal_2
a: [3,791,0,2,1,503]
s: 791
i: [1,520,0,2,1,0,0,255] rc1_xxreal_2
a: [3,796,0,2,1,520]
s: 796
i: [1,519,0,2,1,0,0,255] rc1_xxreal_2
a: [3,801,0,2,1,519]
s: 801
i: [1,518,0,2,1,0,0,255] rc1_xxreal_2
a: [3,806,0,2,1,518]
s: 806
i: [1,517,0,2,1,0,0,255] rc1_xxreal_2
a: [3,811,0,2,1,517]
s: 811
i: [1,516,0,2,1,0,0,255] rc1_xxreal_2
a: [3,816,0,2,1,516]
s: 816
i: [1,515,0,2,1,0,0,255] rc1_xxreal_2
a: [3,821,0,2,1,515]
s: 821
i: [1,514,0,2,1,0,0,255] rc1_xxreal_2
a: [3,826,0,2,1,514]
s: 826
i: [1,513,0,2,1,0,0,255] rc1_xxreal_2
a: [3,831,0,2,1,513]
s: 831
i: [1,512,0,2,1,0,0,255] rc1_xxreal_2
a: [3,836,0,2,1,512]
s: 836
i: [1,523,0,2,1,0,0,255] rc3_xreal_0
a: [3,841,0,2,1,523]
s: 841
i: [1,522,0,2,1,0,0,255] rc3_xreal_0
a: [3,846,0,2,1,522]
s: 846
i: [1,521,0,2,1,0,0,255] rc3_xreal_0
a: [3,851,0,2,1,521]
s: 851
i: [1,526,0,2,1,0,0,255] rc2_xreal_0
a: [3,856,0,2,1,526]
s: 856
i: [1,525,0,2,1,0,0,255] rc2_xreal_0
a: [3,861,0,2,1,525]
s: 861
i: [1,524,0,2,1,0,0,255] rc2_xreal_0
a: [3,866,0,2,1,524]
s: 866
i: [1,528,0,2,1,0,0,255] rc1_funct_1
a: [3,871,0,2,1,528]
s: 871
i: [1,527,0,2,1,0,0,255] rc1_funct_1
a: [3,876,0,2,1,527]
s: 876
i: [1,531,0,2,1,0,0,255] rc5_funct_1
a: [3,881,0,2,1,531]
s: 881
i: [1,530,0,2,1,0,0,255] rc5_funct_1
a: [3,886,0,2,1,530]
s: 886
i: [1,529,0,2,1,0,0,255] rc5_funct_1
a: [3,891,0,2,1,529]
s: 891
i: [1,533,0,2,1,0,0,255] rc2_funct_1
a: [3,896,0,2,1,533]
s: 896
i: [1,532,0,2,1,0,0,255] rc2_funct_1
a: [3,901,0,2,1,532]
s: 901
i: [1,536,0,2,1,0,0,255] rc2_xxreal_2
a: [3,906,0,2,1,536]
s: 906
i: [1,535,0,2,1,0,0,255] rc2_xxreal_2
a: [3,911,0,2,1,535]
s: 911
i: [1,534,0,2,1,0,0,255] rc2_xxreal_2
a: [3,916,0,2,1,534]
s: 916
i: [1,539,0,2,1,0,0,3] rc6_xxreal_2
a: [3,921,0,2,1,539]
s: 921
i: [1,538,0,2,1,0,0,3] rc6_xxreal_2
a: [3,926,0,2,1,538]
s: 926
i: [1,537,0,2,1,0,0,3] rc6_xxreal_2
a: [3,931,0,2,1,537]
s: 931
i: [1,543,0,2,1,0,0,3] rc8_xxreal_2
a: [3,936,0,2,1,543]
s: 936
i: [1,542,0,2,1,0,0,3] rc8_xxreal_2
a: [3,941,0,2,1,542]
s: 941
i: [1,541,0,2,1,0,0,3] rc8_xxreal_2
a: [3,946,0,2,1,541]
s: 946
i: [1,540,0,2,1,0,0,3] rc8_xxreal_2
a: [3,951,0,2,1,540]
s: 951
i: [1,545,0,2,1,0,0,3] rc4_xxreal_2
a: [3,956,0,2,1,545]
s: 956
i: [1,544,0,2,1,0,0,3] rc4_xxreal_2
a: [3,961,0,2,1,544]
s: 961
i: [1,548,0,2,1,0,0,3] rc7_xxreal_2
a: [3,966,0,2,1,548]
s: 966
i: [1,547,0,2,1,0,0,3] rc7_xxreal_2
a: [3,971,0,2,1,547]
s: 971
i: [1,546,0,2,1,0,0,3] rc7_xxreal_2
a: [3,976,0,2,1,546]
s: 976
i: [1,551,0,2,1,0,0,3] rc5_xxreal_2
a: [3,981,0,2,1,551]
s: 981
i: [1,550,0,2,1,0,0,3] rc5_xxreal_2
a: [3,986,0,2,1,550]
s: 986
i: [1,549,0,2,1,0,0,3] rc5_xxreal_2
a: [3,991,0,2,1,549]
s: 991
i: [1,553,0,2,1,0,0,255] rc3_xxreal_0
a: [3,996,0,2,1,553]
s: 996
i: [1,552,0,2,1,0,0,255] rc3_xxreal_0
a: [3,1001,0,2,1,552]
s: 1001
i: [1,555,0,2,1,0,0,2] rc2_xxreal_0
a: [3,1006,0,2,1,555]
s: 1006
i: [1,554,0,2,1,0,0,2] rc2_xxreal_0
a: [3,1011,0,2,1,554]
s: 1011
i: [1,558,0,2,1,0,0,255] rc4_xreal_0
a: [3,1016,0,2,1,558]
s: 1016
i: [1,557,0,2,1,0,0,255] rc4_xreal_0
a: [3,1021,0,2,1,557]
s: 1021
i: [1,556,0,2,1,0,0,255] rc4_xreal_0
a: [3,1026,0,2,1,556]
s: 1026
i: [1,560,0,2,1,0,0,3] rc4_xxreal_0
a: [3,1031,0,2,1,560]
s: 1031
i: [1,559,0,2,1,0,0,3] rc4_xxreal_0
a: [3,1036,0,2,1,559]
s: 1036
i: [1,481,0,3,1,0,0,255] reflexivity_r1_tarski
s: 481
i: [1,355,0,3,1,0,0,255] rqLessOrEqual__r1_xxreal_0__r1_r0
a: [3,594,0,3,1,355]
s: 594
i: [1,356,0,3,1,0,0,1] redefinition_k6_numbers
a: [3,599,0,3,1,356]
s: 599
r: 584
d: [2,1038,0,2,1,2,23,584,599]
a: [3,1042,0,2,1,1038]
s: 1042
i: [1,357,0,3,1,0,0,3] redefinition_k5_numbers
a: [3,604,0,3,1,357]
s: 604
i: [1,358,0,3,1,0,0,255] rqLessOrEqual__r1_xxreal_0__r0_r0
a: [3,609,0,3,1,358]
s: 609
i: [1,359,0,3,1,0,0,255] rqLessOrEqual__r1_xxreal_0__r0_r1
a: [3,614,0,3,1,359]
s: 614
i: [1,360,0,3,1,0,0,1] rqLessOrEqual__r1_xxreal_0__r1_r1
a: [3,619,0,3,1,360]
s: 619
i: [1,361,0,3,1,0,0,2] t1_numerals
a: [3,624,0,3,1,361]
s: 624
i: [1,369,0,3,1,0,0,1] spc1_numerals
a: [3,649,0,3,1,369]
s: 649
i: [1,368,0,3,1,0,0,1] spc1_numerals
a: [3,654,0,3,1,368]
s: 654
i: [1,372,0,3,1,0,0,255] spc0_numerals
a: [3,669,0,3,1,372]
s: 669
i: [1,371,0,3,1,0,0,255] spc0_numerals
a: [3,674,0,3,1,371]
s: 674
d: [2,1044,0,3,1,2,22,624,599]
a: [3,1048,0,3,1,1044]
s: 1048
d: [2,1050,0,3,1,2,22,654,604]
a: [3,1054,0,3,1,1050]
s: 1054
d: [2,1056,0,3,1,2,22,674,604]
a: [3,1060,0,3,1,1056]
s: 1060
i: [1,373,0,4,2,0,0,255] cc2_xreal_0
s: 373
i: [1,374,0,4,2,0,0,255] cc2_xxreal_0
s: 374
i: [1,379,0,4,2,0,0,255] cc3_membered
s: 379
i: [1,381,0,4,2,0,0,255] cc2_membered
s: 381
i: [1,383,0,4,2,0,0,2] cc4_xreal_0
s: 383
i: [1,392,0,4,2,0,0,255] cc5_membered
s: 392
d: [2,1066,1,2,1,1,40,383,696]
a: [3,1073,1,2,1,1066]
s: 1073
i: [1,393,0,4,2,0,0,3] cc4_membered
s: 393
d: [2,1075,1,2,1,1,40,392,574]
a: [3,1081,1,2,1,1075]
s: 1081
i: [1,396,0,4,2,0,0,255] cc1_membered
s: 396
i: [1,398,0,4,2,0,0,255] cc9_xxreal_2
s: 398
d: [2,1083,1,2,1,1,40,393,574]
a: [3,1089,1,2,1,1083]
s: 1089
i: [1,406,0,4,2,0,0,255] cc7_funct_1
s: 406
d: [2,1091,1,2,1,1,40,396,579]
a: [3,1101,1,2,1,1091]
s: 1101
i: [1,407,0,4,2,0,0,255] cc1_funct_1
s: 407
i: [1,408,0,4,2,0,0,3] cc18_membered
s: 408
d: [2,1092,1,2,1,1,40,396,721]
a: [3,1106,1,2,1,1092]
s: 1106
i: [1,480,0,4,1,0,0,2] existence_m1_subset_1
s: 480
d: [2,1093,1,2,1,1,40,396,731]
a: [3,1111,1,2,1,1093]
s: 1111
i: [1,362,0,4,1,0,0,2] dt_k5_numbers
a: [3,629,0,4,1,362]
s: 629
i: [1,363,0,4,1,0,0,1] dt_k6_numbers
a: [3,634,0,4,1,363]
s: 634
d: [2,1094,1,2,1,1,40,396,741]
a: [3,1116,1,2,1,1094]
s: 1116
i: [1,367,0,4,1,0,0,1] spc1_numerals
a: [3,659,0,4,1,367]
s: 659
d: [2,1097,1,2,1,1,40,396,916]
a: [3,1121,1,2,1,1097]
s: 1121
i: [1,370,0,4,1,0,0,255] spc0_numerals
a: [3,679,0,4,1,370]
s: 679
d: [2,1273,0,4,1,2,22,629,604]
a: [3,1277,0,4,1,1273]
s: 1277
d: [2,1123,1,2,1,1,40,398,579]
a: [3,1133,1,2,1,1123]
s: 1133
d: [2,1279,0,4,1,2,22,634,604]
a: [3,1283,0,4,1,1279]
s: 1283
d: [2,1124,1,2,1,1,40,398,721]
a: [3,1138,1,2,1,1124]
s: 1138
d: [2,1291,0,4,1,2,22,659,604]
a: [3,1295,0,4,1,1291]
s: 1295
d: [2,1303,0,4,1,2,22,679,604]
a: [3,1307,0,4,1,1303]
s: 1307
d: [2,1125,1,2,1,1,40,398,731]
a: [3,1143,1,2,1,1125]
s: 1143
i: [1,409,0,5,2,0,0,2] t6_boole
s: 409
d: [2,1126,1,2,1,1,40,398,741]
a: [3,1148,1,2,1,1126]
s: 1148
i: [1,410,0,5,2,0,0,2] cc25_membered
s: 410
i: [1,411,0,5,2,0,0,2] cc1_xreal_0
s: 411
d: [2,1127,1,2,1,1,40,398,766]
a: [3,1153,1,2,1,1127]
s: 1153
i: [1,477,0,5,2,0,0,1] t7_boole
s: 477
d: [2,1128,1,2,1,1,40,398,811]
a: [3,1158,1,2,1,1128]
s: 1158
i: [1,489,0,7,3,0,0,2] reflexivity_r1_xxreal_0
a: [3,686,0,5,2,489]
s: 686
d: [2,1309,0,5,2,1,22,409,599]
s: 1309
d: [2,1333,1,7,2,2,44,564,1309]
s: 1333
d: [2,1310,0,5,2,1,22,410,604]
s: 1310
d: [2,1129,1,2,1,1,40,398,916]
a: [3,1163,1,2,1,1129]
s: 1163
i: [1,412,0,6,2,0,0,2] cc11_membered
s: 412
i: [1,413,0,6,2,0,0,2] cc8_membered
s: 413
d: [2,1165,1,2,1,1,40,406,1042]
a: [3,1173,1,2,1,1165]
s: 1173
i: [1,425,0,6,3,0,0,255] cc12_xxreal_2
s: 425
d: [2,1166,1,2,1,1,40,406,589]
a: [3,1178,1,2,1,1166]
s: 1178
i: [1,430,0,6,3,0,0,255] cc6_xxreal_2
s: 430
i: [1,432,0,6,3,0,0,255] cc11_xxreal_2
s: 432
d: [2,1167,1,2,1,1,40,406,706]
a: [3,1183,1,2,1,1167]
s: 1183
i: [1,434,0,6,3,0,0,255] cc10_xxreal_2
s: 434
d: [2,1168,1,2,1,1,40,406,1026]
a: [3,1188,1,2,1,1168]
s: 1188
i: [1,437,0,6,3,0,0,4] cc3_xxreal_2
s: 437
i: [1,439,0,6,3,0,0,255] cc13_xxreal_2
s: 439
d: [2,1169,1,2,1,1,40,406,1036]
a: [3,1193,1,2,1,1169]
s: 1193
i: [1,448,0,6,3,0,0,255] cc4_xxreal_2
s: 448
d: [2,1201,1,2,1,1,40,407,1042]
a: [3,1209,1,2,1,1201]
s: 1209
i: [1,449,0,6,3,0,0,255] cc4_xxreal_2
s: 449
i: [1,451,0,6,3,0,0,255] cc14_xxreal_2
s: 451
d: [2,1202,1,2,1,1,40,407,589]
a: [3,1214,1,2,1,1202]
s: 1214
i: [1,453,0,6,3,0,0,4] cc17_xxreal_2
s: 453
d: [2,1203,1,2,1,1,40,407,706]
a: [3,1219,1,2,1,1203]
s: 1219
i: [1,455,0,6,3,0,0,4] cc16_xxreal_2
s: 455
i: [1,459,0,6,3,0,0,255] cc5_xxreal_0
s: 459
d: [2,1204,1,2,1,1,40,407,1026]
a: [3,1224,1,2,1,1204]
s: 1224
i: [1,461,0,6,3,0,0,255] cc5_xxreal_0
s: 461
d: [2,1205,1,2,1,1,40,407,1036]
a: [3,1229,1,2,1,1205]
s: 1229
i: [1,462,0,6,3,0,0,255] cc3_xxreal_0
s: 462
i: [1,464,0,6,3,0,0,255] cc3_xxreal_0
s: 464
d: [2,1231,1,2,1,1,40,408,1042]
a: [3,1239,1,2,1,1231]
s: 1239
i: [1,471,0,6,3,0,0,255] cc7_xxreal_0
s: 471
d: [2,1232,1,2,1,1,40,408,589]
a: [3,1244,1,2,1,1232]
s: 1244
i: [1,472,0,6,3,0,0,255] cc7_xxreal_0
s: 472
i: [1,473,0,6,2,0,0,1] t1_subset
s: 473
d: [2,1233,1,2,1,1,40,408,706]
a: [3,1249,1,2,1,1233]
s: 1249
i: [1,482,0,6,2,0,0,1] antisymmetry_r2_hidden
s: 482
d: [2,1234,1,2,1,1,40,408,1026]
a: [3,1254,1,2,1,1234]
s: 1254
d: [2,1350,0,6,2,1,22,412,604]
s: 1350
i: [1,375,0,7,3,0,0,255] cc8_funct_1
s: 375
d: [2,1235,1,2,1,1,40,408,1036]
a: [3,1259,1,2,1,1235]
s: 1259
i: [1,376,0,7,3,0,0,255] cc8_funct_1
s: 376
d: [2,1311,1,2,1,1,40,411,649]
a: [3,1317,1,2,1,1311]
s: 1317
i: [1,394,0,7,3,0,0,3] cc14_membered
s: 394
i: [1,399,0,7,3,0,0,255] cc17_membered
s: 399
d: [2,1312,1,2,1,1,40,411,669]
a: [3,1322,1,2,1,1312]
s: 1322
i: [1,401,0,7,3,0,0,4] cc13_membered
s: 401
d: [2,1335,1,2,1,2,40,1310,1054]
a: [3,1342,1,2,1,1335]
s: 1342
i: [1,475,0,7,2,0,0,255] t3_subset
s: 475
i: [1,476,0,7,3,0,0,2] t8_boole
s: 476
d: [2,1351,1,2,1,1,40,413,1277]
a: [3,1356,1,2,1,1351]
s: 1356
i: [1,377,0,8,3,0,0,255] cc9_funct_1
s: 377
d: [2,1364,1,4,2,1,40,425,751]
d: [2,1365,1,2,1,2,21,1364,771]
a: [3,1369,1,2,1,1365]
s: 1369
i: [1,378,0,8,3,0,0,255] cc19_membered
s: 378
i: [1,380,0,8,3,0,0,255] cc22_membered
s: 380
d: [2,1371,1,4,2,1,40,430,906]
a: [3,1375,1,2,1,1371]
s: 1375
i: [1,382,0,8,3,0,0,255] cc23_membered
s: 382
d: [2,1381,1,4,2,1,40,432,796]
d: [2,1384,1,2,1,2,21,1381,826]
a: [3,1388,1,2,1,1384]
s: 1388
i: [1,395,0,8,3,0,0,3] cc21_membered
s: 395
i: [1,400,0,8,3,0,0,3] cc24_membered
s: 400
d: [2,1382,1,4,2,1,40,432,921]
a: [3,1393,1,2,1,1382]
s: 1393
i: [1,402,0,8,3,0,0,4] cc20_membered
s: 402
d: [2,1383,1,4,2,1,40,432,981]
a: [3,1402,1,2,1,1383]
s: 1402
i: [1,415,0,8,4,0,0,255] cc4_xxreal_0
s: 415
i: [1,417,0,8,4,0,0,255] cc6_xxreal_0
s: 417
d: [2,1410,1,4,2,1,40,434,971]
a: [3,1415,1,2,1,1410]
s: 1415
i: [1,420,0,8,4,0,0,255] cc8_xxreal_2
s: 420
d: [2,1426,1,4,2,1,40,437,579]
a: [3,1436,1,2,1,1426]
s: 1436
i: [1,423,0,8,4,0,0,255] cc7_xxreal_2
s: 423
i: [1,443,0,8,4,0,0,255] cc2_xxreal_2
s: 443
a: [3,1439,1,2,1,1426]
s: 1439
i: [1,444,0,8,4,0,0,255] cc2_xxreal_2
s: 444
d: [2,1427,1,4,2,1,40,437,721]
d: [2,1442,1,2,1,2,21,1427,726]
a: [3,1446,1,2,1,1442]
s: 1446
i: [1,446,0,8,4,0,0,255] cc5_xxreal_2
s: 446
i: [1,457,0,8,4,0,0,255] cc8_xxreal_0
s: 457
d: [2,1428,1,4,2,1,40,437,731]
d: [2,1448,1,2,1,2,21,1428,736]
a: [3,1452,1,2,1,1448]
s: 1452
i: [1,469,0,8,4,0,0,255] cc4_funct_1
s: 469
d: [2,1429,1,4,2,1,40,437,741]
d: [2,1454,1,2,1,2,21,1429,746]
a: [3,1458,1,2,1,1454]
s: 1458
d: [2,2339,0,6,3,0,21,469,407]
s: 2339
i: [1,474,0,8,3,0,0,1] t2_subset
s: 474
r: 1436
r: 1439
a: [3,1435,1,2,1,1426]
s: 1435
i: [1,479,0,9,3,0,0,1] t5_subset
s: 479
a: [3,1440,1,2,1,1426]
s: 1440
i: [1,428,0,10,4,0,0,255] cc3_funct_1
s: 428
i: [1,478,0,10,3,0,0,1] t4_subset
s: 478
d: [2,1432,1,4,2,1,40,437,916]
d: [2,1460,1,2,1,2,21,1432,911]
a: [3,1464,1,2,1,1460]
s: 1464
i: [1,487,0,10,3,0,0,1] dt_k1_rcomp_1
s: 487
d: [2,1466,1,4,2,1,40,439,579]
a: [3,1480,1,2,1,1466]
s: 1480
i: [1,490,0,10,4,0,0,2] connectedness_r1_xxreal_0
s: 490
i: [1,386,0,11,5,0,0,255] t2_real
s: 386
d: [2,1467,1,4,2,1,40,439,721]
a: [3,1489,1,2,1,1467]
s: 1489
i: [1,387,0,11,5,0,0,2] t1_real
s: 387
d: [2,1468,1,4,2,1,40,439,731]
a: [3,1498,1,2,1,1468]
s: 1498
i: [1,388,0,11,5,0,0,255] t8_real
s: 388
i: [1,389,0,11,5,0,0,255] t7_real
s: 389
d: [2,1469,1,4,2,1,40,439,741]
a: [3,1507,1,2,1,1469]
s: 1507
i: [1,390,0,11,5,0,0,255] t3_real
s: 390
d: [2,1470,1,4,2,1,40,439,766]
a: [3,1511,1,2,1,1470]
s: 1511
i: [1,391,0,11,5,0,0,2] t4_real
s: 391
i: [1,488,0,11,3,0,0,1] redefinition_k1_rcomp_1
s: 488
d: [2,1471,1,4,2,1,40,439,811]
a: [3,1517,1,2,1,1471]
s: 1517
i: [1,384,0,13,6,0,0,255] t5_real
s: 384
d: [2,1522,1,4,2,1,40,448,931]
a: [3,1540,1,2,1,1522]
s: 1540
i: [1,385,0,13,6,0,0,255] t6_real
s: 385
i: [1,403,0,14,5,0,0,2] t1_xxreal_1
s: 403
d: [2,1523,1,4,2,1,40,448,951]
a: [3,1549,1,2,1,1523]
s: 1549
i: [1,404,0,14,5,0,0,2] t1_xxreal_1
s: 404
d: [2,1524,1,4,2,1,40,448,961]
a: [3,1558,1,2,1,1524]
s: 1558
i: [1,486,0,14,4,0,0,2] existence_m2_subset_1
s: 486
i: [1,483,0,15,5,0,0,2] dt_m2_subset_1
s: 483
d: [2,1525,1,4,2,1,40,448,976]
a: [3,1563,1,2,1,1525]
s: 1563
i: [1,484,0,15,5,0,0,2] redefinition_m2_subset_1
s: 484
d: [2,1526,1,4,2,1,40,448,991]
a: [3,1568,1,2,1,1526]
s: 1568
i: [1,485,0,15,5,0,0,2] redefinition_m2_subset_1
s: 485
i: [1,405,0,17,6,0,0,2] t1_xxreal_1
s: 405
d: [2,1573,1,4,2,1,40,449,831]
a: [3,1585,1,2,1,1573]
s: 1585
d: [2,1626,1,4,2,1,40,453,1042]
a: [3,1634,1,2,1,1626]
s: 1634
d: [2,1627,1,4,2,1,40,453,589]
a: [3,1647,1,2,1,1627]
s: 1647
d: [2,1628,1,4,2,1,40,453,706]
a: [3,1652,1,2,1,1628]
s: 1652
d: [2,1629,1,4,2,1,40,453,1026]
a: [3,1665,1,2,1,1629]
s: 1665
d: [2,1630,1,4,2,1,40,453,1036]
a: [3,1674,1,2,1,1630]
s: 1674
d: [2,1678,1,4,2,1,40,455,971]
d: [2,1680,1,2,1,2,21,1678,976]
a: [3,1684,1,2,1,1680]
s: 1684
d: [2,1679,1,4,2,1,40,455,986]
d: [2,1686,1,2,1,2,21,1679,991]
a: [3,1690,1,2,1,1686]
s: 1690
d: [2,1692,1,4,2,1,40,459,846]
d: [2,1694,1,2,1,2,21,1692,851]
a: [3,1698,1,2,1,1694]
s: 1698
d: [2,1693,1,4,2,1,40,459,996]
d: [2,1700,1,2,1,2,21,1693,1001]
a: [3,1704,1,2,1,1700]
s: 1704
d: [2,1706,1,4,2,1,40,461,664]
a: [3,1711,1,2,1,1706]
s: 1711
a: [3,1716,1,2,1,1706]
s: 1716
d: [2,1707,1,4,2,1,40,461,861]
d: [2,1718,1,2,1,2,21,1707,866]
a: [3,1722,1,2,1,1718]
s: 1722
d: [2,1708,1,4,2,1,40,461,1006]
d: [2,1724,1,2,1,2,21,1708,1011]
a: [3,1728,1,2,1,1724]
s: 1728
d: [2,1731,1,4,2,1,40,462,861]
d: [2,1733,1,2,1,2,21,1731,866]
a: [3,1737,1,2,1,1733]
s: 1737
d: [2,1732,1,4,2,1,40,462,1006]
d: [2,1739,1,2,1,2,21,1732,1011]
a: [3,1743,1,2,1,1739]
s: 1743
d: [2,1845,1,5,2,1,40,375,1277]
a: [3,1857,1,2,1,1845]
s: 1857
d: [2,1846,1,4,2,1,40,375,1048]
a: [3,1862,1,2,1,1846]
s: 1862
a: [3,1867,1,2,1,1846]
s: 1867
d: [2,1847,1,4,2,1,40,375,1054]
a: [3,1872,1,2,1,1847]
s: 1872
d: [2,1848,1,4,2,1,40,375,1060]
a: [3,1877,1,2,1,1848]
s: 1877
d: [2,1849,1,4,2,1,40,375,649]
a: [3,1882,1,2,1,1849]
s: 1882
d: [2,1909,1,5,2,1,40,376,1277]
a: [3,1918,1,2,1,1909]
s: 1918
d: [2,1911,1,4,2,1,40,376,1054]
a: [3,1923,1,2,1,1911]
s: 1923
d: [2,1930,1,4,2,1,40,394,1048]
a: [3,1947,1,2,1,1930]
s: 1947
d: [2,1954,1,4,2,1,40,399,1048]
d: [2,1968,1,2,1,2,21,1954,579]
a: [3,1972,1,2,1,1968]
s: 1972
d: [2,1955,1,4,2,1,40,399,1054]
d: [2,1974,1,2,1,2,21,1955,579]
a: [3,1978,1,2,1,1974]
s: 1978
d: [2,1956,1,4,2,1,40,399,1060]
d: [2,1980,1,2,1,2,21,1956,579]
a: [3,1984,1,2,1,1980]
s: 1984
d: [2,1957,1,4,2,1,40,399,649]
a: [3,1989,1,2,1,1957]
s: 1989
d: [2,2000,1,4,2,1,40,401,1048]
a: [3,2016,1,2,1,2000]
s: 2016
a: [3,2021,1,2,1,2000]
s: 2021
d: [2,2083,1,4,2,1,40,380,1277]
a: [3,2089,1,2,1,2083]
s: 2089
d: [2,2106,1,6,3,1,40,415,701]
a: [3,2129,1,2,1,2106]
s: 2129
r: 2129
a: [3,2128,1,2,1,2106]
s: 2128
a: [3,2133,1,2,1,2106]
s: 2133
a: [3,2136,1,2,1,2106]
s: 2136
d: [2,2167,1,6,3,1,40,423,771]
d: [2,2193,1,4,2,2,21,2167,761]
a: [3,2197,1,2,1,2193]
s: 2197
d: [2,2212,1,6,3,1,40,443,931]
d: [2,2230,1,4,2,2,21,2212,926]
a: [3,2238,1,2,1,2230]
s: 2238
d: [2,2213,1,6,3,1,40,443,951]
d: [2,2240,1,4,2,2,21,2213,946]
d: [2,2241,1,2,1,3,21,2240,941]
a: [3,2245,1,2,1,2241]
s: 2245
d: [2,2214,1,6,3,1,40,443,961]
d: [2,2247,1,4,2,2,21,2214,956]
a: [3,2255,1,2,1,2247]
s: 2255
d: [2,2263,1,6,3,1,40,444,976]
d: [2,2282,1,4,2,2,21,2263,966]
a: [3,2286,1,2,1,2282]
s: 2286
d: [2,2342,1,4,2,1,40,2339,1042]
a: [3,2350,1,2,1,2342]
s: 2350
d: [2,2343,1,4,2,1,40,2339,589]
a: [3,2355,1,2,1,2343]
s: 2355
d: [2,2344,1,4,2,1,40,2339,706]
a: [3,2364,1,2,1,2344]
s: 2364
d: [2,2345,1,4,2,1,40,2339,1026]
a: [3,2373,1,2,1,2345]
s: 2373
d: [2,2346,1,4,2,1,40,2339,1036]
a: [3,2382,1,2,1,2346]
s: 2382
d: [2,2452,1,6,3,1,40,428,1277]
a: [3,2462,1,2,1,2452]
s: 2462
d: [2,2473,1,10,4,0,40,487,382]
a: [3,2498,1,2,1,2473]
s: 2498
d: [2,1313,1,3,1,0,40,411,480]
a: [3,1327,1,3,1,1313]
s: 1327
d: [2,1337,1,3,1,1,40,1310,480]
a: [3,1348,1,3,1,1337]
s: 1348
d: [2,1195,2,2,1,1,40,1101,381]
a: [3,1199,2,2,1,1195]
s: 1199
a: [3,1854,1,3,1,1845]
s: 1854
d: [2,1261,2,2,1,1,40,1106,381]
a: [3,1265,2,2,1,1261]
s: 1265
d: [2,1929,1,5,2,1,40,394,1277]
a: [3,1938,1,3,1,1929]
s: 1938
d: [2,1953,1,5,2,1,40,399,1277]
a: [3,1962,1,3,1,1953]
s: 1962
d: [2,1267,2,2,1,1,40,1111,381]
a: [3,1271,2,2,1,1267]
s: 1271
d: [2,1999,1,5,2,1,40,401,1277]
a: [3,2008,1,3,1,1999]
s: 2008
d: [2,1285,2,2,1,1,40,1116,381]
a: [3,1289,2,2,1,1285]
s: 1289
r: 686
r: 1375
r: 1402
r: 1435
r: 1440
r: 1549
r: 1558
r: 1568
r: 1647
r: 1665
r: 1674
r: 1857
r: 1862
r: 1867
r: 1938
r: 2128
r: 2133
r: 2136
r: 2373
r: 2462
a: [3,683,0,2,1,489]
s: 683
r: 490
r: 462
r: 461
r: 459
r: 415
r: 405
r: 404
r: 403
d: [2,2795,1,0,0,2,40,683,1031]
e: 2795
d: [2,2794,1,0,0,2,40,683,1021]
e: 2794
d: [2,2793,1,0,0,2,40,683,1011]
e: 2793
d: [2,2792,1,0,0,2,40,683,1001]
e: 2792
d: [2,2791,1,0,0,2,40,683,866]
e: 2791
d: [2,2790,1,0,0,2,40,683,851]
e: 2790
d: [2,2789,1,0,0,2,40,683,701]
e: 2789
d: [2,2788,2,0,0,2,40,683,1073]
e: 2788
d: [2,2787,2,0,0,2,40,683,2021]
e: 2787
d: [2,2786,2,0,0,2,40,683,1711]
e: 2786
d: [2,2777,2,0,0,2,52,1711,683]
e: 2777
d: [2,2778,2,0,0,2,52,2016,480,683,401]
e: 2778
d: [2,2779,2,0,0,3,52,2016,1048,683,401]
e: 2779
d: [2,2780,2,0,0,3,52,2016,1054,683,401]
e: 2780
d: [2,2781,2,0,0,3,52,2016,1060,683,401]
e: 2781
d: [2,2782,2,0,0,3,52,1089,649,683,401]
e: 2782
d: [2,2783,2,0,0,3,52,1089,669,683,401]
e: 2783
d: [2,2784,2,0,0,2,52,1317,683,383]
e: 2784
d: [2,2785,2,0,0,2,52,1972,683,374]
e: 2785
r: 683
s: 686
a: [3,1379,1,2,1,1371]
s: 1379
s: 459
a: [3,1401,1,2,1,1383]
s: 1401
r: 1401
s: 461
s: 462
s: 1402
s: 415
a: [3,1406,1,2,1,1383]
s: 1406
s: 490
s: 403
d: [2,1411,1,4,2,1,40,434,986]
a: [3,1424,1,2,1,1411]
s: 1424
r: 1406
s: 404
a: [3,1405,1,2,1,1383]
s: 1405
s: 405
s: 1436
s: 1439
a: [3,1475,1,2,1,1466]
s: 1475
a: [3,1545,1,2,1,1523]
s: 1545
a: [3,1548,1,2,1,1523]
s: 1548
a: [3,1554,1,2,1,1524]
s: 1554
a: [3,1557,1,2,1,1524]
s: 1557
s: 1568
d: [2,1575,1,4,2,1,40,449,951]
a: [3,1592,1,2,1,1575]
s: 1592
d: [2,1576,1,4,2,1,40,449,961]
a: [3,1597,1,2,1,1576]
s: 1597
d: [2,1609,1,4,2,1,40,451,951]
a: [3,1617,1,2,1,1609]
s: 1617
r: 1548
r: 1592
r: 1617
s: 1549
a: [3,1591,1,2,1,1575]
s: 1591
a: [3,1616,1,2,1,1609]
s: 1616
d: [2,1610,1,4,2,1,40,451,961]
a: [3,1622,1,2,1,1610]
s: 1622
r: 1557
r: 1597
r: 1622
s: 1558
a: [3,1596,1,2,1,1576]
s: 1596
a: [3,1621,1,2,1,1610]
s: 1621
a: [3,1643,1,2,1,1627]
s: 1643
a: [3,1661,1,2,1,1629]
s: 1661
a: [3,1670,1,2,1,1630]
s: 1670
a: [3,1863,1,2,1,1846]
s: 1863
a: [3,1942,1,2,1,1929]
s: 1942
r: 1942
a: [3,1941,1,2,1,1929]
s: 1941
a: [3,2132,1,2,1,2106]
s: 2132
a: [3,2137,1,2,1,2106]
s: 2137
s: 2128
a: [3,2369,1,2,1,2345]
s: 2369
d: [2,1297,2,2,1,1,40,1121,381]
a: [3,1301,2,2,1,1297]
s: 1301
a: [3,1374,1,2,1,1371]
s: 1374
s: 1938
d: [2,1519,2,4,2,1,40,448,1089]
d: [2,1527,2,2,1,2,21,1519,644]
a: [3,1531,2,2,1,1527]
s: 1531
d: [2,2387,1,5,2,1,40,474,1048]
d: [2,2401,1,3,1,2,21,2387,1439]
a: [3,2405,1,3,1,2401]
s: 2405
d: [2,1745,2,4,2,1,40,1239,439]
a: [3,1753,2,2,1,1745]
s: 1753
d: [2,2388,1,5,2,1,40,474,1054]
d: [2,2407,1,3,1,2,21,2388,1439]
a: [3,2411,1,3,1,2407]
s: 2411
d: [2,2389,1,5,2,1,40,474,1060]
d: [2,2413,1,3,1,2,21,2389,1439]
a: [3,2417,1,3,1,2413]
s: 2417
d: [2,1747,2,2,1,1,40,1239,398]
a: [3,1762,2,2,1,1747]
s: 1762
d: [2,2432,1,5,2,1,40,479,1277]
a: [3,2437,1,3,1,2432]
s: 2437
d: [2,2992,2,0,0,2,40,2437,2417]
e: 2992
d: [2,2991,2,0,0,2,40,2437,2405]
e: 2991
d: [2,2990,2,0,0,2,40,2437,2411]
e: 2990
d: [2,2988,2,0,0,2,52,2405,2437]
e: 2988
d: [2,2989,2,0,0,3,52,1048,1439,2437,474]
e: 2989
r: 1436
r: 1439
r: 1863
r: 2405
r: 2411
r: 2417
s: 1435
s: 1440
s: 1857
s: 1862
s: 1867
d: [2,1748,2,2,1,1,40,1239,396]
a: [3,1767,2,2,1,1748]
s: 1767
d: [2,1352,1,4,1,0,40,413,480]
a: [3,1361,1,4,1,1352]
s: 1361
d: [2,1838,1,4,1,1,40,1350,480]
a: [3,1842,1,4,1,1838]
s: 1842
d: [2,1769,2,4,2,1,40,1244,439]
a: [3,1776,2,2,1,1769]
s: 1776
d: [2,2385,1,7,2,1,40,474,1277]
a: [3,2395,1,4,1,2385]
s: 2395
d: [2,1771,2,2,1,1,40,1244,398]
a: [3,1785,2,2,1,1771]
s: 1785
a: [3,2398,1,3,1,2385]
s: 2398
d: [2,1331,1,5,2,2,44,1048,1309]
s: 1331
d: [2,1772,2,2,1,1,40,1244,396]
a: [3,1790,2,2,1,1772]
s: 1790
d: [2,1844,1,5,2,0,40,375,480]
s: 1844
d: [2,1792,2,4,2,1,40,1249,439]
a: [3,1803,2,2,1,1792]
s: 1803
d: [2,1908,1,5,2,0,40,376,480]
s: 1908
d: [2,1928,1,5,2,0,40,394,480]
s: 1928
d: [2,1794,2,2,1,1,40,1249,398]
a: [3,1808,2,2,1,1794]
s: 1808
d: [2,1952,1,5,2,0,40,399,480]
s: 1952
d: [2,1795,2,2,1,1,40,1249,396]
a: [3,1813,2,2,1,1795]
s: 1813
d: [2,1998,1,5,2,0,40,401,480]
s: 1998
d: [2,2058,1,5,2,0,40,475,413]
s: 2058
d: [2,1815,2,4,2,1,40,1254,439]
a: [3,1822,2,2,1,1815]
s: 1822
d: [2,2059,1,5,2,1,40,475,1350]
s: 2059
d: [2,1817,2,2,1,1,40,1254,398]
a: [3,1831,2,2,1,1817]
s: 1831
d: [2,1330,1,6,2,2,44,1283,1309]
s: 1330
d: [2,2075,1,6,2,0,40,377,480]
s: 2075
d: [2,1818,2,2,1,1,40,1254,396]
a: [3,1836,2,2,1,1818]
s: 1836
d: [2,2080,1,6,2,0,40,378,480]
s: 2080
d: [2,1885,2,4,2,1,40,1259,439]
a: [3,1896,2,2,1,1885]
s: 1896
d: [2,2085,1,6,2,0,40,380,480]
s: 2085
d: [2,2093,1,6,2,0,40,382,480]
s: 2093
d: [2,1887,2,2,1,1,40,1259,398]
a: [3,1901,2,2,1,1887]
s: 1901
d: [2,2096,1,6,2,0,40,395,480]
s: 2096
d: [2,1888,2,2,1,1,40,1259,396]
a: [3,1906,2,2,1,1888]
s: 1906
d: [2,2099,1,6,2,0,40,400,480]
s: 2099
d: [2,2102,1,6,2,0,40,402,480]
s: 2102
d: [2,1992,2,2,1,1,40,1322,383]
a: [3,1996,2,2,1,1992]
s: 1996
d: [2,2384,1,6,2,0,40,474,480]
s: 2384
d: [2,2029,2,4,2,1,40,1342,439]
a: [3,2040,2,2,1,2029]
s: 2040
d: [2,2464,1,6,2,1,40,478,1277]
s: 2464
d: [2,1329,1,7,3,1,44,1309,1309]
s: 1329
d: [2,2030,2,4,2,1,40,1342,437]
d: [2,2042,2,2,1,2,21,2030,569]
a: [3,2046,2,2,1,2042]
s: 2046
d: [2,2074,1,7,3,0,40,377,475]
s: 2074
d: [2,2031,2,2,1,1,40,1342,398]
a: [3,2051,2,2,1,2031]
s: 2051
d: [2,2079,1,7,3,0,40,378,475]
s: 2079
d: [2,2084,1,7,3,0,40,380,475]
s: 2084
d: [2,2032,2,2,1,1,40,1342,396]
a: [3,2056,2,2,1,2032]
s: 2056
d: [2,2092,1,7,3,0,40,382,475]
s: 2092
d: [2,2066,2,2,1,1,40,1356,392]
a: [3,2071,2,2,1,2066]
s: 2071
d: [2,2095,1,7,3,0,40,395,475]
s: 2095
d: [2,2098,1,7,3,0,40,400,475]
s: 2098
d: [2,2105,2,6,3,1,40,415,1073]
a: [3,2120,2,2,1,2105]
s: 2120
d: [2,2101,1,7,3,0,40,402,475]
s: 2101
a: [3,2115,2,2,1,2105]
s: 2115
d: [2,2434,1,7,2,0,40,479,480]
s: 2434
d: [2,2060,1,8,3,0,40,475,401]
s: 2060
a: [3,2123,2,2,1,2105]
s: 2123
d: [2,2061,1,8,3,0,40,475,399]
s: 2061
d: [2,2163,2,6,3,1,40,423,1101]
a: [3,2172,2,2,1,2163]
s: 2172
d: [2,2062,1,8,3,0,40,475,394]
s: 2062
d: [2,2063,1,8,3,0,40,475,376]
s: 2063
d: [2,2169,2,6,3,1,40,423,1121]
d: [2,2199,2,4,2,2,21,2169,911]
a: [3,2207,2,2,1,2199]
s: 2207
d: [2,2064,1,8,3,0,40,475,375]
s: 2064
d: [2,2209,2,6,3,1,40,443,1089]
a: [3,2224,2,2,1,2209]
s: 2224
d: [2,3193,3,0,0,2,52,1882,2224,406]
e: 3193
d: [2,3194,3,0,0,2,52,1989,2224,408]
e: 3194
d: [2,3197,3,2,1,1,40,2224,408]
d: [2,3203,3,0,0,2,21,3197,1989]
e: 3203
d: [2,3199,3,2,1,1,40,2224,406]
d: [2,3205,3,0,0,2,21,3199,1882]
e: 3205
r: 1882
r: 1989
a: [3,1881,1,2,1,1849]
s: 1881
a: [3,1988,1,2,1,1957]
s: 1988
d: [2,3216,2,0,0,2,52,2498,1988,396]
e: 3216
d: [2,3217,2,0,0,2,52,644,1988,398]
e: 3217
d: [2,3220,2,2,1,1,40,1988,398]
d: [2,3224,2,0,0,2,21,3220,644]
e: 3224
d: [2,3221,2,2,1,1,40,1988,396]
d: [2,3226,2,0,0,2,21,3221,2498]
e: 3226
r: 1988
r: 2224
s: 1989
a: [3,2458,1,2,1,2452]
s: 2458
a: [3,2461,1,2,1,2452]
s: 2461
d: [2,2390,1,5,2,1,40,474,649]
a: [3,2422,1,3,1,2390]
s: 2422
d: [2,2391,1,5,2,1,40,474,669]
a: [3,2427,1,3,1,2391]
s: 2427
a: [3,2223,2,2,1,2209]
s: 2223
d: [2,2433,1,8,3,0,40,479,475]
s: 2433
a: [3,2228,2,2,1,2209]
s: 2228
d: [2,2454,1,8,3,0,40,428,480]
s: 2454
d: [2,2466,1,8,2,0,40,478,480]
s: 2466
d: [2,2257,2,6,3,1,40,444,1089]
a: [3,2267,2,2,1,2257]
s: 2267
d: [2,2469,1,8,3,0,40,487,413]
s: 2469
d: [2,2290,2,6,3,1,40,446,1133]
a: [3,2299,2,2,1,2290]
s: 2299
d: [2,2470,1,10,4,0,40,487,377]
a: [3,2488,1,8,3,2470]
s: 2488
d: [2,2471,1,10,4,0,40,487,378]
d: [2,2490,1,8,3,1,21,2471,1081]
s: 2490
d: [2,2296,2,6,3,1,40,446,1163]
a: [3,2334,2,2,1,2296]
s: 2334
d: [2,3250,3,0,0,3,52,2207,1379,2334,449]
e: 3250
d: [2,3254,3,4,2,1,40,2334,449]
d: [2,3259,3,2,1,2,21,3254,1379]
d: [2,3260,3,0,0,3,21,3259,2207]
e: 3260
r: 2207
d: [2,2474,1,10,4,0,40,487,395]
d: [2,2503,1,8,3,1,21,2474,574]
s: 2503
a: [3,2203,2,2,1,2199]
s: 2203
d: [2,2475,1,10,4,0,40,487,400]
a: [3,2506,1,8,3,2475]
s: 2506
a: [3,2501,1,8,3,2473]
s: 2501
a: [3,2206,2,2,1,2199]
s: 2206
d: [2,2472,1,10,4,0,40,487,380]
a: [3,2493,1,8,3,2472]
s: 2493
d: [2,2663,2,4,2,1,40,2129,2339]
a: [3,2675,2,2,1,2663]
s: 2675
d: [2,2476,1,10,4,0,40,487,402]
d: [2,2508,1,8,3,1,21,2476,1089]
s: 2508
d: [2,2477,1,12,5,0,40,487,428]
a: [3,2511,1,8,3,2477]
s: 2511
d: [2,2664,2,4,2,1,40,2129,453]
a: [3,2680,2,2,1,2664]
s: 2680
d: [2,2483,1,11,4,0,40,487,394]
a: [3,2531,1,8,3,2483]
s: 2531
d: [2,2665,2,2,1,1,40,2129,408]
a: [3,2689,2,2,1,2665]
s: 2689
r: 2689
d: [2,2481,1,11,4,0,40,487,401]
a: [3,2523,1,8,3,2481]
s: 2523
d: [2,2580,1,18,9,0,40,384,388]
d: [2,2582,1,14,7,0,18,2580]
a: [3,2588,1,8,4,2582]
s: 2588
a: [3,2688,2,2,1,2665]
s: 2688
d: [2,2453,1,9,4,0,40,428,475]
s: 2453
d: [2,2666,2,2,1,1,40,2129,407]
a: [3,2694,2,2,1,2666]
s: 2694
d: [2,2465,1,9,3,0,40,478,475]
s: 2465
d: [2,2479,1,11,4,0,40,487,479]
a: [3,2515,1,9,3,2479]
s: 2515
d: [2,2667,2,2,1,1,40,2129,406]
a: [3,2699,2,2,1,2667]
s: 2699
d: [2,2386,1,10,3,0,40,474,475]
s: 2386
d: [2,2894,2,6,3,1,40,1545,420]
d: [2,2897,2,4,2,2,21,2894,941]
d: [2,2898,2,2,1,3,21,2897,946]
a: [3,2902,2,2,1,2898]
s: 2902
d: [2,2480,1,13,4,0,40,487,474]
a: [3,2519,1,10,3,2480]
s: 2519
d: [2,2545,1,15,7,0,40,386,490]
d: [2,2556,1,13,6,0,21,2545,383]
d: [2,2557,1,11,5,0,21,2556,383]
s: 2557
d: [2,2908,2,6,3,1,40,1554,420]
d: [2,2911,2,4,2,2,21,2908,956]
a: [3,2915,2,2,1,2911]
s: 2915
a: [3,2591,1,6,3,2582]
s: 2591
r: 2588
r: 2591
d: [2,2942,2,2,1,1,40,1374,392]
a: [3,2947,2,2,1,2942]
s: 2947
s: 2588
d: [2,2562,1,15,7,0,40,387,490]
d: [2,2566,1,13,6,0,21,2562,383]
d: [2,2567,1,11,5,0,21,2566,383]
s: 2567
d: [2,2746,3,2,1,1,40,1265,379]
a: [3,2750,3,2,1,2746]
s: 2750
d: [2,2858,1,15,7,0,40,490,387]
d: [2,2862,1,13,6,0,21,2858,383]
d: [2,2863,1,11,5,0,21,2862,383]
s: 2863
d: [2,2291,2,6,3,1,40,446,1138]
a: [3,2304,2,2,1,2291]
s: 2304
a: [3,1484,1,2,1,1467]
s: 1484
d: [2,2859,1,15,7,0,40,490,386]
d: [2,2864,1,13,6,0,21,2859,383]
d: [2,2865,1,11,5,0,21,2864,383]
s: 2865
a: [3,2308,2,2,1,2291]
s: 2308
d: [2,2478,1,12,4,0,40,487,478]
s: 2478
d: [2,2752,3,2,1,1,40,1271,379]
a: [3,2756,3,2,1,2752]
s: 2756
d: [2,2613,1,21,7,0,40,483,486]
d: [2,2614,1,13,4,0,18,2613]
s: 2614
d: [2,2618,1,21,7,0,40,484,486]
d: [2,2619,1,13,4,0,18,2618]
s: 2619
d: [2,2292,2,6,3,1,40,446,1143]
a: [3,2313,2,2,1,2292]
s: 2313
r: 1498
a: [3,1494,1,2,1,1468]
s: 1494
a: [3,1497,1,2,1,1468]
s: 1497
d: [2,2604,1,18,7,0,44,403,488]
d: [2,2605,1,16,6,0,21,2604,383]
d: [2,2606,1,14,5,0,21,2605,383]
s: 2606
d: [2,2607,1,18,7,0,44,404,488]
d: [2,2608,1,16,6,0,21,2607,383]
d: [2,2609,1,14,5,0,21,2608,383]
s: 2609
d: [2,2165,2,6,3,1,40,423,1111]
d: [2,2181,2,4,2,2,21,2165,736]
a: [3,2185,2,2,1,2181]
s: 2185
d: [2,2621,1,14,5,0,40,485,475]
s: 2621
a: [3,2318,2,2,1,2292]
s: 2318
d: [2,2866,1,18,7,0,44,403,488]
d: [2,2867,1,16,6,0,21,2866,383]
d: [2,2868,1,14,5,0,21,2867,383]
s: 2868
d: [2,2876,1,18,7,0,44,404,488]
d: [2,2877,1,16,6,0,21,2876,383]
d: [2,2878,1,14,5,0,21,2877,383]
s: 2878
d: [2,2758,3,2,1,1,40,1289,379]
a: [3,2762,3,2,1,2758]
s: 2762
d: [2,2632,1,16,6,0,40,405,477]
s: 2632
d: [2,2293,2,6,3,1,40,446,1148]
a: [3,2322,2,2,1,2293]
s: 2322
r: 1507
a: [3,1503,1,2,1,1469]
s: 1503
a: [3,1506,1,2,1,1469]
s: 1506
d: [2,2166,2,6,3,1,40,423,1116]
d: [2,2187,2,4,2,2,21,2166,746]
a: [3,2191,2,2,1,2187]
s: 2191
d: [2,2883,1,16,6,0,40,405,477]
s: 2883
a: [3,2327,2,2,1,2293]
s: 2327
d: [2,2623,1,17,4,0,40,485,480]
s: 2623
d: [2,2630,1,17,6,0,40,405,482]
s: 2630
d: [2,2958,3,4,2,1,40,1753,430]
a: [3,2963,3,2,1,2958]
s: 2963
d: [2,2631,1,17,6,0,40,405,473]
s: 2631
d: [2,3009,3,2,1,1,40,1767,381]
a: [3,3014,3,2,1,3009]
s: 3014
d: [2,3564,4,0,0,2,52,2963,3014,379]
e: 3564
d: [2,3565,4,2,1,1,40,3014,379]
d: [2,3568,4,0,0,2,21,3565,2963]
e: 3568
r: 1753
r: 2963
d: [2,2633,1,21,8,0,44,405,488]
d: [2,2636,1,19,7,0,21,2633,383]
d: [2,2637,1,17,6,0,21,2636,383]
s: 2637
d: [2,3571,1,12,5,1,21,2637,2515]
s: 3571
d: [2,3572,3,0,0,4,52,1322,1322,1996,609,609,3571]
e: 3572
d: [2,3573,3,0,0,6,52,1322,1317,1996,609,614,3571]
e: 3573
d: [2,3574,2,0,0,6,52,1322,1317,1711,614,619,3571]
e: 3574
d: [2,3575,2,0,0,4,52,1317,1317,1711,619,619,3571]
e: 3575
r: 3571
r: 2515
a: [3,1752,2,2,1,1745]
s: 1752
s: 2478
a: [3,1757,2,2,1,1745]
s: 1757
s: 2606
s: 2609
a: [3,2962,3,2,1,2958]
s: 2962
d: [2,3609,4,0,0,2,52,1634,2962,393]
e: 3609
d: [2,3610,4,2,1,1,40,2962,393]
d: [2,3614,4,0,0,2,21,3610,1634]
e: 3614
r: 1634
a: [3,1633,1,2,1,1626]
s: 1633
a: [3,1638,1,2,1,1626]
s: 1638
s: 2868
s: 2878
a: [3,2966,3,2,1,2958]
s: 2966
s: 2637
d: [2,3632,2,12,5,1,40,2637,564]
d: [2,3644,2,9,4,2,21,3632,619]
d: [2,3645,2,7,3,3,21,3644,1711]
d: [2,3646,2,5,2,4,21,3645,1317]
d: [2,3647,2,3,1,5,21,3646,1947]
a: [3,3651,2,3,1,3647]
s: 3651
d: [2,2881,1,17,6,0,40,405,482]
s: 2881
d: [2,2882,1,17,6,0,40,405,473]
s: 2882
d: [2,3659,3,7,3,1,40,3651,490]
d: [2,3670,3,5,2,2,21,3659,2021]
d: [2,3671,3,3,1,3,21,3670,1711]
a: [3,3675,3,3,1,3671]
s: 3675
d: [2,2884,1,21,8,0,44,405,488]
d: [2,2887,1,19,7,0,21,2884,383]
d: [2,2888,1,17,6,0,21,2887,383]
s: 2888
d: [2,3661,3,5,2,2,44,3651,1309]
s: 3661
d: [2,3699,4,0,0,4,52,589,614,3661]
e: 3699
d: [2,3700,4,2,1,3,40,3661,614]
d: [2,3708,4,0,0,4,21,3700,589]
e: 3708
d: [2,1926,2,2,1,1,40,1317,383]
f: 3708,3647,1930,1926,1351,1311,1273,1044,369,362,361,360,359,357,356,354,349
% Refutation found. Thanks to Tanya!
% SZS status Theorem for jgraph_5__l13_jgraph_5
% SZS output start Proof for jgraph_5__l13_jgraph_5
1. r2_hidden(1,k1_rcomp_1(k6_numbers,1)) [input l13_jgraph_5]
2. ~r2_hidden(1,k1_rcomp_1(k6_numbers,1)) [negated conjecture 1]
47. ! [X0] : (v3_membered(X0) => ! [X1] : (m1_subset_1(X1,X0) => v1_xreal_0(X1))) [input cc14_membered]
71. m1_subset_1(k1_xboole_0,k4_ordinal1) [input t1_numerals]
80. k4_ordinal1 = k5_numbers [input redefinition_k5_numbers]
85. m1_subset_1(k5_numbers,k1_zfmisc_1(k1_numbers)) [input dt_k5_numbers]
91. ! [X0] : (m1_subset_1(X0,k1_numbers) => v1_xreal_0(X0)) [input cc1_xreal_0]
96. ! [X0] : (v1_xreal_0(X0) => v1_xxreal_0(X0)) [input cc4_xreal_0]
100. ! [X0] : (m1_subset_1(X0,k1_zfmisc_1(k1_numbers)) => v3_membered(X0)) [input cc8_membered]
117. ! [X0] : (v1_xboole_0(X0) => k1_xboole_0 = X0) [input t6_boole]
122. ! [X0,X1] : ((v1_xreal_0(X1) & v1_xreal_0(X0)) => k1_rcomp_1(X0,X1) = k1_xxreal_1(X0,X1)) [input redefinition_k1_rcomp_1]
123. k6_numbers = k1_xboole_0 [input redefinition_k6_numbers]
133. m1_subset_1(1,k1_numbers) & m1_subset_1(1,k5_numbers) & m2_subset_1(1,k1_numbers,k5_numbers) & v2_xxreal_0(1) [input spc1_numerals]
134. v1_xboole_0(0) [input spc0_boole]
136. ! [X0] : (v1_xxreal_0(X0) => ! [X1] : (v1_xxreal_0(X1) => ! [X2] : (v1_xxreal_0(X2) => (r2_hidden(X0,k1_xxreal_1(X1,X2)) <=> (r1_xxreal_0(X0,X2) & r1_xxreal_0(X1,X0)))))) [input t1_xxreal_1]
137. r1_xxreal_0(1,1) [input rqLessOrEqual__r1_xxreal_0__r1_r1]
138. r1_xxreal_0(0,1) [input rqLessOrEqual__r1_xxreal_0__r0_r1]
140. ~r2_hidden(1,k1_rcomp_1(k6_numbers,1)) [flattening 2]
182. ! [X0] : (v1_xxreal_0(X0) | ~v1_xreal_0(X0)) [ennf transformation 96]
201. ! [X0] : (! [X1] : (v1_xreal_0(X1) | ~m1_subset_1(X1,X0)) | ~v3_membered(X0)) [ennf transformation 47]
209. ! [X0] : (! [X1] : (! [X2] : ((r2_hidden(X0,k1_xxreal_1(X1,X2)) <=> (r1_xxreal_0(X0,X2) & r1_xxreal_0(X1,X0))) | ~v1_xxreal_0(X2)) | ~v1_xxreal_0(X1)) | ~v1_xxreal_0(X0)) [ennf transformation 136]
213. ! [X0] : (k1_xboole_0 = X0 | ~v1_xboole_0(X0)) [ennf transformation 117]
215. ! [X0] : (v1_xreal_0(X0) | ~m1_subset_1(X0,k1_numbers)) [ennf transformation 91]
217. ! [X0] : (v3_membered(X0) | ~m1_subset_1(X0,k1_zfmisc_1(k1_numbers))) [ennf transformation 100]
286. ! [X0,X1] : (k1_rcomp_1(X0,X1) = k1_xxreal_1(X0,X1) | (~v1_xreal_0(X1) | ~v1_xreal_0(X0))) [ennf transformation 122]
287. ! [X0,X1] : (k1_rcomp_1(X0,X1) = k1_xxreal_1(X0,X1) | ~v1_xreal_0(X1) | ~v1_xreal_0(X0)) [flattening 286]
292. ! [X0] : (! [X1] : (! [X2] : (((r2_hidden(X0,k1_xxreal_1(X1,X2)) | (~r1_xxreal_0(X0,X2) | ~r1_xxreal_0(X1,X0))) & ((r1_xxreal_0(X0,X2) & r1_xxreal_0(X1,X0)) | ~r2_hidden(X0,k1_xxreal_1(X1,X2)))) | ~v1_xxreal_0(X2)) | ~v1_xxreal_0(X1)) | ~v1_xxreal_0(X0)) [nnf transformation 209]
293. ! [X0] : (! [X1] : (! [X2] : (((r2_hidden(X0,k1_xxreal_1(X1,X2)) | ~r1_xxreal_0(X0,X2) | ~r1_xxreal_0(X1,X0)) & ((r1_xxreal_0(X0,X2) & r1_xxreal_0(X1,X0)) | ~r2_hidden(X0,k1_xxreal_1(X1,X2)))) | ~v1_xxreal_0(X2)) | ~v1_xxreal_0(X1)) | ~v1_xxreal_0(X0)) [flattening 292]
349. ~r2_hidden(1,k1_rcomp_1(k6_numbers,1)) [cnf transformation 140] {a:0,w:5,wCS:500,goal:1,sine:0,thAx:0,allAx:1,thDist:-1}
354. v1_xboole_0(0) [cnf transformation 134] {a:0,w:2,wCS:800,sine:255,thAx:0,allAx:1,thDist:-1}
356. k6_numbers = k1_xboole_0 [cnf transformation 123] {a:0,w:3,wCS:1200,sine:1,thAx:0,allAx:1,thDist:-1}
357. k4_ordinal1 = k5_numbers [cnf transformation 80] {a:0,w:3,wCS:1200,sine:3,thAx:0,allAx:1,thDist:-1}
359. r1_xxreal_0(0,1) [cnf transformation 138] {a:0,w:3,wCS:1200,sine:255,thAx:0,allAx:1,thDist:-1}
360. r1_xxreal_0(1,1) [cnf transformation 137] {a:0,w:3,wCS:1200,sine:1,thAx:0,allAx:1,thDist:-1}
361. m1_subset_1(k1_xboole_0,k4_ordinal1) [cnf transformation 71] {a:0,w:3,wCS:1200,sine:2,thAx:0,allAx:1,thDist:-1}
362. m1_subset_1(k5_numbers,k1_zfmisc_1(k1_numbers)) [cnf transformation 85] {a:0,w:4,wCS:1600,sine:2,thAx:0,allAx:1,thDist:-1}
369. m1_subset_1(1,k1_numbers) [cnf transformation 133] {a:0,w:3,wCS:1200,sine:1,thAx:0,allAx:1,thDist:-1}
383. ~v1_xreal_0(X0) | v1_xxreal_0(X0) [cnf transformation 182] {a:0,w:4,wCS:1600,nSel:1,sine:2,thAx:0,allAx:1,thDist:-1}
394. ~m1_subset_1(X1,X0) | v1_xreal_0(X1) | ~v3_membered(X0) [cnf transformation 201] {a:0,w:7,wCS:2800,nSel:1,sine:3,thAx:0,allAx:1,thDist:-1}
405. r2_hidden(X0,k1_xxreal_1(X1,X2)) | ~r1_xxreal_0(X0,X2) | ~r1_xxreal_0(X1,X0) | ~v1_xxreal_0(X2) | ~v1_xxreal_0(X1) | ~v1_xxreal_0(X0) [cnf transformation 293] {a:0,w:17,wCS:6800,nSel:1,sine:2,thAx:0,allAx:1,thDist:-1}
409. k1_xboole_0 = X0 | ~v1_xboole_0(X0) [cnf transformation 213] {a:0,w:5,wCS:2000,sine:2,thAx:0,allAx:1,thDist:-1}
411. ~m1_subset_1(X0,k1_numbers) | v1_xreal_0(X0) [cnf transformation 215] {a:0,w:5,wCS:2000,nSel:1,sine:2,thAx:0,allAx:1,thDist:-1}
413. ~m1_subset_1(X0,k1_zfmisc_1(k1_numbers)) | v3_membered(X0) [cnf transformation 217] {a:0,w:6,wCS:2400,nSel:1,sine:2,thAx:0,allAx:1,thDist:-1}
488. k1_rcomp_1(X0,X1) = k1_xxreal_1(X0,X1) | ~v1_xreal_0(X1) | ~v1_xreal_0(X0) [cnf transformation 287] {a:0,w:11,wCS:4400,nSel:1,sine:1,thAx:0,allAx:1,thDist:-1}
562. 1 <=> r2_hidden(1,k1_rcomp_1(k6_numbers,1)) [avatar definition]
564. ~r2_hidden(1,k1_rcomp_1(k6_numbers,1)) <- (~1) [avatar component clause 562] {a:0,w:5,wCS:500,nSel:1,goal:1,sine:255,thAx:0,allAx:1,thDist:-1}
565. ~1 [avatar split clause 349,562]
587. 6 <=> v1_xboole_0(0) [avatar definition]
589. v1_xboole_0(0) <- (6) [avatar component clause 587] {a:0,w:2,wCS:800,nSel:1,sine:255,thAx:0,allAx:1,thDist:-1}
590. 6 [avatar split clause 354,587]
597. 8 <=> k6_numbers = k1_xboole_0 [avatar definition]
599. k6_numbers = k1_xboole_0 <- (8) [avatar component clause 597] {a:0,w:3,wCS:1200,nSel:1,sine:255,thAx:0,allAx:1,thDist:-1}
600. 8 [avatar split clause 356,597]
602. 9 <=> k4_ordinal1 = k5_numbers [avatar definition]
604. k4_ordinal1 = k5_numbers <- (9) [avatar component clause 602] {a:0,w:3,wCS:1200,nSel:1,sine:255,thAx:0,allAx:1,thDist:-1}
605. 9 [avatar split clause 357,602]
612. 11 <=> r1_xxreal_0(0,1) [avatar definition]
614. r1_xxreal_0(0,1) <- (11) [avatar component clause 612] {a:0,w:3,wCS:1200,nSel:1,sine:255,thAx:0,allAx:1,thDist:-1}
615. 11 [avatar split clause 359,612]
617. 12 <=> r1_xxreal_0(1,1) [avatar definition]
619. r1_xxreal_0(1,1) <- (12) [avatar component clause 617] {a:0,w:3,wCS:1200,nSel:1,sine:255,thAx:0,allAx:1,thDist:-1}
620. 12 [avatar split clause 360,617]
622. 13 <=> m1_subset_1(k1_xboole_0,k4_ordinal1) [avatar definition]
624. m1_subset_1(k1_xboole_0,k4_ordinal1) <- (13) [avatar component clause 622] {a:0,w:3,wCS:1200,sine:255,thAx:0,allAx:1,thDist:-1}
625. 13 [avatar split clause 361,622]
627. 14 <=> m1_subset_1(k5_numbers,k1_zfmisc_1(k1_numbers)) [avatar definition]
629. m1_subset_1(k5_numbers,k1_zfmisc_1(k1_numbers)) <- (14) [avatar component clause 627] {a:0,w:4,wCS:1600,sine:255,thAx:0,allAx:1,thDist:-1}
630. 14 [avatar split clause 362,627]
647. 18 <=> m1_subset_1(1,k1_numbers) [avatar definition]
649. m1_subset_1(1,k1_numbers) <- (18) [avatar component clause 647] {a:0,w:3,wCS:1200,nSel:1,sine:255,thAx:0,allAx:1,thDist:-1}
650. 18 [avatar split clause 369,647]
1044. m1_subset_1(k6_numbers,k4_ordinal1) <- (8, 13) [forward demodulation 624,599] {a:0,w:3,wCS:1200,sine:255,thAx:0,allAx:1,thDist:-1}
1046. 98 <=> m1_subset_1(k6_numbers,k4_ordinal1) [avatar definition]
1048. m1_subset_1(k6_numbers,k4_ordinal1) <- (98) [avatar component clause 1046] {a:0,w:3,wCS:1200,nSel:1,sine:255,thAx:0,allAx:1,thDist:-1}
1049. 98 | ~8 | ~13 [avatar split clause 1044,622,597,1046]
1273. m1_subset_1(k4_ordinal1,k1_zfmisc_1(k1_numbers)) <- (9, 14) [forward demodulation 629,604] {a:0,w:4,wCS:1600,sine:255,thAx:0,allAx:1,thDist:-1}
1275. 134 <=> m1_subset_1(k4_ordinal1,k1_zfmisc_1(k1_numbers)) [avatar definition]
1277. m1_subset_1(k4_ordinal1,k1_zfmisc_1(k1_numbers)) <- (134) [avatar component clause 1275] {a:0,w:4,wCS:1600,nSel:1,sine:255,thAx:0,allAx:1,thDist:-1}
1278. 134 | ~9 | ~14 [avatar split clause 1273,627,602,1275]
1309. k6_numbers = X0 | ~v1_xboole_0(X0) <- (8) [forward demodulation 409,599] {a:0,w:5,wCS:2000,nSel:1,sine:2,thAx:0,allAx:1,thDist:-1}
1311. v1_xreal_0(1) <- (18) [resolution 411,649] {a:1,w:2,wCS:800,sine:2,thAx:0,allAx:2,thDist:-2}
1315. 140 <=> v1_xreal_0(1) [avatar definition]
1317. v1_xreal_0(1) <- (140) [avatar component clause 1315] {a:1,w:2,wCS:800,nSel:1,sine:255,thAx:0,allAx:2,thDist:-2}
1318. 140 | ~18 [avatar split clause 1311,647,1315]
1351. v3_membered(k4_ordinal1) <- (134) [resolution 413,1277] {a:1,w:2,wCS:800,sine:2,thAx:0,allAx:2,thDist:-2}
1354. 145 <=> v3_membered(k4_ordinal1) [avatar definition]
1357. 145 | ~134 [avatar split clause 1351,1275,1354]
1710. 203 <=> v1_xxreal_0(1) [avatar definition]
1711. v1_xxreal_0(1) <- (203) [avatar component clause 1710] {a:1,w:2,wCS:800,nSel:1,sine:255,thAx:0,allAx:2,thDist:-2}
1926. v1_xxreal_0(1) <- (140) [resolution 1317,383] {a:2,w:2,wCS:800,sine:2,thAx:0,allAx:3,thDist:-3}
1927. 203 | ~140 [avatar split clause 1926,1315,1710]
1930. v1_xreal_0(k6_numbers) | ~v3_membered(k4_ordinal1) <- (98) [resolution 394,1048] {a:1,w:4,wCS:1600,sine:3,thAx:0,allAx:2,thDist:-2}
1945. 241 <=> v1_xreal_0(k6_numbers) [avatar definition]
1947. v1_xreal_0(k6_numbers) <- (241) [avatar component clause 1945] {a:1,w:2,wCS:800,nSel:1,sine:255,thAx:0,allAx:2,thDist:-2}
1948. ~145 | 241 | ~98 [avatar split clause 1930,1046,1945,1354]
2633. r2_hidden(X2,k1_rcomp_1(X0,X1)) | ~r1_xxreal_0(X2,X1) | ~r1_xxreal_0(X0,X2) | ~v1_xxreal_0(X1) | ~v1_xxreal_0(X0) | ~v1_xxreal_0(X2) | ~v1_xreal_0(X1) | ~v1_xreal_0(X0) [superposition 405,488] {a:1,w:21,wCS:8400,sine:1,thAx:0,allAx:2,thDist:-2}
2636. r2_hidden(X2,k1_rcomp_1(X0,X1)) | ~r1_xxreal_0(X2,X1) | ~r1_xxreal_0(X0,X2) | ~v1_xxreal_0(X0) | ~v1_xxreal_0(X2) | ~v1_xreal_0(X1) | ~v1_xreal_0(X0) [subsumption resolution 2633,383] {a:1,w:19,wCS:7600,sine:1,thAx:0,allAx:2,thDist:-2}
2637. r2_hidden(X2,k1_rcomp_1(X0,X1)) | ~r1_xxreal_0(X2,X1) | ~r1_xxreal_0(X0,X2) | ~v1_xxreal_0(X2) | ~v1_xreal_0(X1) | ~v1_xreal_0(X0) [subsumption resolution 2636,383] {a:1,w:17,wCS:6800,nSel:1,sine:1,thAx:0,allAx:2,thDist:-2}
3632. ~r1_xxreal_0(1,1) | ~r1_xxreal_0(k6_numbers,1) | ~v1_xxreal_0(1) | ~v1_xreal_0(1) | ~v1_xreal_0(k6_numbers) <- (~1) [resolution 2637,564] {a:2,w:12,wCS:1200,goal:1,sine:1,thAx:0,allAx:3,thDist:-3}
3644. ~r1_xxreal_0(k6_numbers,1) | ~v1_xxreal_0(1) | ~v1_xreal_0(1) | ~v1_xreal_0(k6_numbers) <- (~1, 12) [subsumption resolution 3632,619] {a:2,w:9,wCS:900,goal:1,sine:1,thAx:0,allAx:3,thDist:-3}
3645. ~r1_xxreal_0(k6_numbers,1) | ~v1_xreal_0(1) | ~v1_xreal_0(k6_numbers) <- (~1, 12, 203) [subsumption resolution 3644,1711] {a:2,w:7,wCS:700,goal:1,sine:1,thAx:0,allAx:3,thDist:-3}
3646. ~r1_xxreal_0(k6_numbers,1) | ~v1_xreal_0(k6_numbers) <- (~1, 12, 140, 203) [subsumption resolution 3645,1317] {a:2,w:5,wCS:500,goal:1,sine:1,thAx:0,allAx:3,thDist:-3}
3647. ~r1_xxreal_0(k6_numbers,1) <- (~1, 12, 140, 203, 241) [subsumption resolution 3646,1947] {a:2,w:3,wCS:300,goal:1,sine:1,thAx:0,allAx:3,thDist:-3}
3649. 400 <=> r1_xxreal_0(k6_numbers,1) [avatar definition]
3651. ~r1_xxreal_0(k6_numbers,1) <- (~400) [avatar component clause 3649] {a:2,w:3,wCS:300,nSel:1,goal:1,sine:255,thAx:0,allAx:3,thDist:-3}
3652. ~400 | 1 | ~12 | ~140 | ~203 | ~241 [avatar split clause 3647,1945,1710,1315,617,562,3649]
3661. ~r1_xxreal_0(X0,1) | ~v1_xboole_0(X0) <- (8, ~400) [superposition 3651,1309] {a:3,w:5,wCS:500,nSel:1,goal:1,sine:2,thAx:0,allAx:4,thDist:-4}
3700. ~v1_xboole_0(0) <- (8, 11, ~400) [resolution 3661,614] {a:4,w:2,wCS:200,goal:1,sine:2,thAx:0,allAx:5,thDist:-5}
3708. $false <- (6, 8, 11, ~400) [subsumption resolution 3700,589] {a:4,w:0,goal:1,sine:2,thAx:0,allAx:5,thDist:-5}
3709. ~6 | ~8 | ~11 | 400 [avatar contradiction clause 3708]
3717. $false [avatar sat refutation 565,590,600,605,615,620,625,630,650,1049,1278,1318,1357,1927,1948,3652,3709] {a:0,w:0,goal:1,sine:0,thAx:0,allAx:2580,thDist:-2580}
% SZS output end Proof for jgraph_5__l13_jgraph_5
% ------------------------------
% Version: Vampire 4.5.1 (commit 226f88162 on 2021-09-12 20:13:44 +0200)
% Termination reason: Refutation

% >>> Input
% Input formulas: 138
% >>> Preprocessing
% Introduced skolems: 27
% Pure predicates: 7
% Unused predicate definitions: 1
% 
% >>> Saturation
% Initial clauses: 212
% Generated clauses: 1745
% Active clauses: 493
% Passive clauses: 704
% Final active clauses: 430
% Final passive clauses: 153
% Main loop iterations started: 529
% 
% >>> Simplifying Inferences
% Duplicate literals: 83
% Fw subsumption resolutions: 189
% Fw demodulations: 10
% Bw demodulations: 1
% 
% >>> Deletion Inferences
% Simple tautologies: 69
% Forward subsumptions: 253
% Backward subsumptions: 9
% 
% >>> Generating Inferences
% Binary resolution: 773
% Unit resulting resolution: 23
% Factoring: 2
% Forward superposition: 33
% Backward superposition: 4
% Self superposition: 1
% 
% >>> AVATAR
% Split clauses: 152
% Split components: 324
% Sat splitting refutations: 44
% 
% >>> SAT Solver Statistics
% SAT solver clauses: 489
% SAT solver unit clauses: 97
% SAT solver binary clauses: 162
% 
% Memory used [KB]: 12025
% Time elapsed: 0.024 s
% ------------------------------
% ------------------------------
% Time measurement results:
% parsing: 0.002 s
% preprocessing: 0.001 s ( own 0.0000 s ) 
% SAT solver time: 0.002 s
% minimizing solver time: 0.001 s
% term sharing: 0.003 s
% congruence closure: 0.004 s ( own 0.003 s ) 
% backward subsumption index maintenance: 0.001 s
% backward demodulation index maintenance: 0.001 s
% backward subsumption: 0.001 s
% resolution: 0.003 s ( own 0.002 s ) 
% unit resulting resolution: 0.001 s
% other: 0.024 s ( own 0.007 s ) 

