i: [1,335,0,2,1,1,0,0] t45_tex_4
a: [3,516,0,2,1,335]
s: 516
i: [1,334,0,2,1,1,0,0] t45_tex_4
a: [3,521,0,2,1,334]
s: 521
i: [1,333,0,2,1,1,0,0] t45_tex_4
a: [3,526,0,2,1,333]
s: 526
i: [1,336,0,4,1,1,0,0] t45_tex_4
a: [3,511,0,4,1,336]
s: 511
i: [1,338,0,6,1,1,0,0] t45_tex_4
a: [3,501,0,6,1,338]
s: 501
i: [1,339,0,2,1,0,0,255] spc1_boole
a: [3,531,0,2,1,339]
s: 531
i: [1,340,0,2,1,0,0,255] dt_o_0_0_xboole_0
a: [3,536,0,2,1,340]
s: 536
i: [1,341,0,2,1,0,0,255] fc1_xboole_0
a: [3,541,0,2,1,341]
s: 541
i: [1,491,0,2,1,0,0,2] rc2_zfmisc_1
a: [3,551,0,2,1,491]
s: 551
i: [1,492,0,2,1,0,0,2] rc2_xboole_0
a: [3,556,0,2,1,492]
s: 556
i: [1,493,0,2,1,0,0,2] existence_l1_struct_0
a: [3,561,0,2,1,493]
s: 561
i: [1,494,0,2,1,0,0,1] existence_l1_pre_topc
a: [3,566,0,2,1,494]
s: 566
i: [1,495,0,2,1,0,0,2] rc1_xboole_0
a: [3,571,0,2,1,495]
s: 571
i: [1,497,0,2,1,0,0,2] rc1_zfmisc_1
a: [3,576,0,2,1,497]
s: 576
i: [1,496,0,2,1,0,0,2] rc1_zfmisc_1
a: [3,581,0,2,1,496]
s: 581
i: [1,337,0,11,1,1,0,0] t45_tex_4
a: [3,506,0,11,1,337]
s: 506
i: [1,343,0,3,1,0,0,2] fc2_xboole_0
s: 343
i: [1,344,0,3,1,0,0,2] fc1_subset_1
s: 344
i: [1,345,0,3,1,0,0,2] fc2_zfmisc_1
s: 345
i: [1,477,0,3,1,0,0,2] rc2_subset_1
s: 477
i: [1,480,0,3,1,0,0,255] reflexivity_r1_tarski
s: 480
i: [1,342,0,3,1,0,0,255] d2_xboole_0
a: [3,546,0,3,1,342]
s: 546
r: 536
i: [1,346,0,4,2,0,0,2] cc2_zfmisc_1
s: 346
d: [2,584,1,2,1,1,40,346,541]
a: [3,590,1,2,1,584]
s: 590
i: [1,384,0,4,2,0,0,2] dt_l1_pre_topc
s: 384
i: [1,402,0,4,2,0,0,2] cc1_zfmisc_1
s: 402
d: [2,597,1,2,1,1,40,384,516]
a: [3,602,1,2,1,597]
s: 602
i: [1,475,0,4,1,0,0,1] existence_m1_subset_1
s: 475
d: [2,586,1,2,1,1,40,346,571]
a: [3,595,1,2,1,586]
s: 595
i: [1,479,0,4,1,0,0,2] rc3_subset_1
s: 479
i: [1,352,0,5,2,0,0,2] rc6_subset_1
s: 352
d: [2,598,1,2,1,1,40,384,566]
a: [3,607,1,2,1,598]
s: 607
i: [1,354,0,5,2,0,0,2] rc2_tex_2
s: 354
d: [2,585,1,3,1,0,40,346,477]
s: 585
i: [1,355,0,5,2,0,0,2] rc2_tex_2
s: 355
i: [1,358,0,5,2,0,0,2] rc1_tex_2
s: 358
i: [1,359,0,5,2,0,0,2] rc1_tex_2
s: 359
i: [1,364,0,5,2,0,0,2] rc1_subset_1
s: 364
i: [1,366,0,5,2,0,0,2] rc5_subset_1
s: 366
i: [1,367,0,5,2,0,0,2] rc5_subset_1
s: 367
i: [1,403,0,5,2,0,0,255] t6_boole
s: 403
i: [1,472,0,5,2,0,0,255] t7_boole
s: 472
i: [1,476,0,5,1,0,0,2] rc2_subset_1
s: 476
i: [1,478,0,5,1,0,0,2] rc3_subset_1
s: 478
i: [1,356,0,6,2,0,0,2] rc2_tex_2
s: 356
i: [1,360,0,6,2,0,0,2] rc1_tex_2
s: 360
i: [1,369,0,6,2,0,0,2] rc4_subset_1
s: 369
i: [1,370,0,6,3,0,0,255] cc7_struct_0
s: 370
i: [1,371,0,6,3,0,0,255] cc5_struct_0
s: 371
i: [1,373,0,6,3,0,0,2] cc2_struct_0
s: 373
i: [1,374,0,6,3,0,0,2] cc17_struct_0
s: 374
d: [2,612,1,4,2,1,40,371,561]
a: [3,618,1,2,1,612]
s: 618
i: [1,375,0,6,3,0,0,255] cc6_struct_0
s: 375
d: [2,614,2,4,2,1,40,371,607]
a: [3,627,2,2,1,614]
s: 627
i: [1,376,0,6,3,0,0,2] cc1_struct_0
s: 376
i: [1,379,0,6,3,0,0,255] cc4_struct_0
s: 379
i: [1,400,0,6,2,0,0,255] rc5_tops_1
s: 400
i: [1,468,0,6,2,0,0,255] t1_subset
s: 468
i: [1,481,0,6,2,0,0,255] antisymmetry_r2_hidden
s: 481
i: [1,351,0,7,2,0,0,2] rc6_subset_1
s: 351
i: [1,353,0,7,2,0,0,2] rc2_tex_2
s: 353
i: [1,357,0,7,2,0,0,2] rc1_tex_2
s: 357
i: [1,363,0,7,2,0,0,2] rc1_subset_1
s: 363
i: [1,365,0,7,2,0,0,2] rc5_subset_1
s: 365
i: [1,368,0,7,2,0,0,2] rc4_subset_1
s: 368
i: [1,377,0,7,3,0,0,255] cc8_struct_0
s: 377
i: [1,380,0,7,3,0,0,255] cc9_struct_0
s: 380
i: [1,381,0,7,3,0,0,255] cc11_struct_0
s: 381
i: [1,382,0,7,3,0,0,255] cc11_struct_0
s: 382
i: [1,406,0,7,3,0,0,255] fc9_struct_0
s: 406
i: [1,407,0,7,3,0,0,2] fc6_struct_0
s: 407
i: [1,413,0,7,3,0,0,2] rc22_struct_0
s: 413
i: [1,415,0,7,3,0,0,2] rc4_tex_2
s: 415
i: [1,416,0,7,3,0,0,2] rc4_tex_2
s: 416
i: [1,419,0,7,3,0,0,2] rc3_tex_2
s: 419
i: [1,420,0,7,3,0,0,2] rc3_tex_2
s: 420
i: [1,423,0,7,3,0,0,2] rc5_tex_2
s: 423
i: [1,424,0,7,3,0,0,2] rc5_tex_2
s: 424
i: [1,426,0,7,3,0,0,1] fc2_struct_0
s: 426
i: [1,428,0,7,3,0,0,1] rc4_struct_0
s: 428
i: [1,430,0,7,3,0,0,2] rc21_struct_0
s: 430
i: [1,431,0,7,3,0,0,2] rc21_struct_0
s: 431
i: [1,444,0,7,3,0,0,255] fc8_struct_0
s: 444
i: [1,462,0,7,3,0,0,2] fc7_struct_0
s: 462
i: [1,463,0,7,3,0,0,1] fc1_struct_0
s: 463
i: [1,470,0,7,2,0,0,255] t3_subset
s: 470
i: [1,471,0,7,3,0,0,1] t8_boole
s: 471
i: [1,399,0,8,2,0,0,255] rc5_tops_1
s: 399
d: [2,609,1,7,3,0,44,403,403]
s: 609
i: [1,401,0,8,3,0,0,2] cc5_subset_1
s: 401
i: [1,404,0,8,3,0,0,2] cc1_subset_1
s: 404
d: [2,667,1,5,2,0,40,401,478]
s: 667
i: [1,452,0,8,3,0,0,255] rc7_tops_1
s: 452
d: [2,678,1,5,2,0,40,404,478]
s: 678
i: [1,454,0,8,3,0,0,255] rc10_pre_topc
s: 454
i: [1,456,0,8,3,0,0,255] rc1_tops_1
s: 456
d: [2,679,2,5,2,0,40,678,346]
s: 679
i: [1,458,0,8,3,0,0,255] rc2_tops_1
s: 458
d: [2,665,1,6,2,0,40,401,475]
s: 665
i: [1,459,0,8,3,0,0,255] rc2_tops_1
s: 459
i: [1,461,0,8,3,0,0,2] rc6_pre_topc
s: 461
d: [2,676,1,6,2,0,40,404,475]
s: 676
i: [1,469,0,8,3,0,0,255] t2_subset
s: 469
d: [2,682,1,7,2,1,40,469,511]
a: [3,697,1,4,1,682]
s: 697
i: [1,383,0,9,4,0,0,255] cc10_struct_0
s: 383
i: [1,396,0,9,4,0,0,255] cc1_tex_1
s: 396
a: [3,700,1,3,1,682]
s: 700
i: [1,397,0,9,4,0,0,255] cc1_tex_1
s: 397
d: [2,712,2,4,1,1,40,697,481]
a: [3,718,2,4,1,712]
s: 718
i: [1,405,0,9,3,0,0,2] cc4_subset_1
s: 405
i: [1,417,0,9,3,0,0,2] rc4_tex_2
s: 417
d: [2,691,1,8,2,0,40,469,476]
d: [2,710,1,5,1,0,21,691,344]
s: 710
i: [1,421,0,9,3,0,0,2] rc3_tex_2
s: 421
d: [2,692,1,8,2,0,40,469,478]
d: [2,711,1,5,1,0,21,692,344]
s: 711
i: [1,425,0,9,3,0,0,2] rc5_tex_2
s: 425
i: [1,435,0,9,4,0,0,255] rc6_tops_1
s: 435
d: [2,741,2,5,1,0,40,710,481]
s: 741
i: [1,438,0,9,4,0,0,255] rc3_tops_1
s: 438
d: [2,744,2,5,1,0,40,711,481]
s: 744
i: [1,442,0,9,4,0,0,2] rc7_pre_topc
s: 442
i: [1,474,0,9,3,0,0,255] t5_subset
s: 474
d: [2,690,1,6,2,0,40,469,475]
s: 690
i: [1,386,0,10,5,0,0,255] cc3_tex_1
s: 386
d: [2,739,1,6,2,0,40,405,476]
s: 739
i: [1,389,0,10,5,0,0,255] cc4_tex_1
s: 389
i: [1,412,0,10,3,0,0,2] rc22_struct_0
s: 412
d: [2,756,1,6,2,0,40,474,476]
s: 756
i: [1,414,0,10,3,0,0,2] rc4_tex_2
s: 414
d: [2,757,1,6,2,0,40,474,478]
s: 757
i: [1,418,0,10,3,0,0,2] rc3_tex_2
s: 418
i: [1,422,0,10,3,0,0,2] rc5_tex_2
s: 422
d: [2,680,2,6,2,0,40,676,346]
s: 680
i: [1,427,0,10,3,0,0,1] rc4_struct_0
s: 427
d: [2,758,2,6,2,0,40,690,481]
s: 758
i: [1,429,0,10,3,0,0,2] rc21_struct_0
s: 429
i: [1,436,0,10,4,0,0,255] rc6_tops_1
s: 436
d: [2,655,1,7,3,0,40,463,346]
s: 655
i: [1,439,0,10,4,0,0,255] rc3_tops_1
s: 439
d: [2,657,1,7,3,0,40,401,470]
s: 657
i: [1,440,0,10,4,0,0,255] rc3_tops_1
s: 440
i: [1,443,0,10,4,0,0,2] rc7_pre_topc
s: 443
d: [2,661,1,7,3,0,40,401,363]
s: 661
i: [1,451,0,10,3,0,0,255] rc7_tops_1
s: 451
d: [2,663,1,7,3,0,40,401,368]
s: 663
i: [1,453,0,10,3,0,0,255] rc10_pre_topc
s: 453
i: [1,455,0,10,3,0,0,255] rc1_tops_1
s: 455
d: [2,668,1,7,3,0,40,404,470]
s: 668
i: [1,457,0,10,3,0,0,255] rc2_tops_1
s: 457
d: [2,681,1,10,3,0,40,469,470]
d: [2,693,1,7,2,0,21,681,344]
s: 693
i: [1,460,0,10,3,0,0,2] rc6_pre_topc
s: 460
i: [1,473,0,10,3,0,0,255] t4_subset
s: 473
d: [2,683,1,10,3,0,40,469,351]
d: [2,703,1,7,2,0,21,683,344]
s: 703
i: [1,361,0,11,4,0,0,2] cc3_subset_1
s: 361
d: [2,887,1,9,3,0,40,361,478]
d: [2,893,1,5,2,0,21,887,479]
s: 893
i: [1,362,0,11,4,0,0,2] cc2_subset_1
s: 362
i: [1,485,0,11,3,0,0,1] redefinition_k6_domain_1
s: 485
r: 697
r: 700
a: [3,701,1,3,1,682]
s: 701
d: [2,913,2,0,0,3,52,526,602,701,426]
e: 913
d: [2,914,2,4,2,1,40,701,426]
d: [2,917,2,2,1,2,21,914,602]
d: [2,918,2,0,0,3,21,917,526]
e: 918
r: 701
i: [1,486,0,11,3,0,0,1] dt_k6_domain_1
s: 486
s: 700
i: [1,392,0,12,6,0,0,255] cc2_tex_1
s: 392
i: [1,398,0,12,4,0,0,255] cc2_tops_1
s: 398
s: 697
i: [1,434,0,12,4,0,0,255] rc6_tops_1
s: 434
d: [2,896,1,11,3,1,44,501,485]
d: [2,904,1,7,2,2,21,896,511]
d: [2,905,1,4,1,3,21,904,700]
a: [3,909,1,4,1,905]
s: 909
i: [1,437,0,12,4,0,0,255] rc3_tops_1
s: 437
i: [1,441,0,12,4,0,0,2] rc7_pre_topc
s: 441
d: [2,895,1,14,3,1,44,506,485]
d: [2,897,1,10,2,2,21,895,511]
d: [2,898,1,7,1,3,21,897,700]
a: [3,902,1,7,1,898]
s: 902
i: [1,348,0,13,5,0,0,2] cc4_tex_2
s: 348
d: [2,886,1,9,3,0,40,361,476]
d: [2,892,1,6,2,0,21,886,477]
s: 892
i: [1,350,0,13,5,0,0,2] cc5_tex_2
s: 350
i: [1,432,0,14,4,0,0,2] t6_tex_4
s: 432
d: [2,1005,1,14,5,0,40,348,365]
d: [2,1030,1,11,4,0,21,1005,367]
d: [2,1031,1,8,3,0,21,1030,366]
d: [2,1032,1,6,2,0,21,1031,346]
s: 1032
i: [1,445,0,14,5,0,0,255] cc3_tops_1
s: 445
d: [2,684,1,10,3,0,40,469,353]
d: [2,704,1,7,2,0,21,684,344]
s: 704
i: [1,446,0,14,5,0,0,255] cc1_tops_1
s: 446
i: [1,447,0,14,5,0,0,2] cc2_pre_topc
s: 447
d: [2,685,1,10,3,0,40,469,357]
d: [2,705,1,7,2,0,21,685,344]
s: 705
i: [1,487,0,14,3,0,0,1] dt_k2_pre_topc
s: 487
d: [2,686,1,10,3,0,40,469,363]
d: [2,706,1,7,2,0,21,686,344]
s: 706
i: [1,490,0,14,4,0,0,1] fc1_tops_1
s: 490
i: [1,448,0,15,5,0,0,255] cc4_tops_1
s: 448
d: [2,687,1,10,3,0,40,469,365]
d: [2,707,1,7,2,0,21,687,344]
s: 707
i: [1,489,0,15,5,0,0,1] fc2_tex_4
s: 489
d: [2,688,1,10,3,0,40,469,368]
d: [2,708,1,7,2,0,21,688,344]
s: 708
i: [1,465,0,16,5,0,0,255] cc6_tex_2
s: 465
i: [1,488,0,16,3,0,0,1] projectivity_k2_pre_topc
s: 488
d: [2,738,1,7,2,0,40,405,475]
s: 738
i: [1,409,0,17,6,0,0,2] cc8_tex_2
s: 409
d: [2,755,1,7,2,0,40,474,475]
s: 755
i: [1,411,0,17,6,0,0,2] cc9_tex_2
s: 411
i: [1,449,0,17,6,0,0,255] cc6_tops_1
s: 449
d: [2,770,1,10,4,0,40,414,404]
d: [2,773,1,7,3,0,21,770,415]
s: 773
i: [1,482,0,17,6,0,0,1] fc4_tex_4
s: 482
d: [2,777,1,12,4,0,40,418,405]
d: [2,781,1,7,3,0,21,777,421]
s: 781
i: [1,483,0,17,6,0,0,1] fc1_tex_4
s: 483
i: [1,450,0,18,6,0,0,255] cc5_tops_1
s: 450
d: [2,778,1,10,4,0,40,418,404]
d: [2,782,1,7,3,0,21,778,419]
s: 782
i: [1,467,0,18,6,0,0,255] cc7_tex_2
s: 467
d: [2,785,1,12,4,0,40,422,405]
d: [2,789,1,7,3,0,21,785,425]
s: 789
d: [2,1635,0,14,5,0,21,467,465]
d: [2,1636,0,12,4,0,21,1635,346]
s: 1636
i: [1,433,0,20,7,0,0,1] t17_tex_4
s: 433
d: [2,786,1,10,4,0,40,422,404]
d: [2,790,1,7,3,0,21,786,423]
s: 790
i: [1,484,0,21,6,0,0,1] fc3_tex_4
s: 484
d: [2,861,1,7,2,0,40,473,476]
s: 861
d: [2,862,1,7,2,0,40,473,478]
s: 862
d: [2,953,1,11,3,0,40,398,476]
d: [2,962,1,7,2,0,21,953,477]
s: 962
d: [2,832,2,7,2,0,40,693,481]
s: 832
d: [2,664,1,8,3,0,40,401,399]
s: 664
d: [2,863,2,7,2,0,40,703,481]
s: 863
d: [2,675,1,8,3,0,40,404,399]
s: 675
d: [2,689,1,12,3,0,40,469,399]
d: [2,709,1,8,2,0,21,689,344]
s: 709
d: [2,1079,2,7,2,0,40,704,481]
s: 1079
d: [2,730,1,8,3,0,40,405,470]
s: 730
d: [2,1760,2,5,2,0,40,730,480]
s: 1760
d: [2,747,1,8,3,0,40,474,470]
s: 747
d: [2,860,1,8,2,0,40,473,475]
s: 860
d: [2,1156,2,7,2,0,40,705,481]
s: 1156
d: [2,1024,1,12,4,0,40,348,478]
d: [2,1038,1,8,3,0,21,1024,479]
s: 1038
d: [2,1178,2,7,2,0,40,706,481]
s: 1178
d: [2,1243,1,16,6,0,40,448,451]
d: [2,1255,1,12,4,0,18,1243]
d: [2,1268,1,8,3,0,21,1255,452]
s: 1268
d: [2,1319,1,18,5,0,40,465,357]
d: [2,1348,1,14,4,0,21,1319,358]
d: [2,1349,1,8,3,0,21,1348,360]
s: 1349
d: [2,1269,2,7,2,0,40,707,481]
s: 1269
d: [2,1640,1,12,4,0,40,1636,351]
d: [2,1671,1,8,3,0,21,1640,352]
s: 1671
d: [2,1311,2,7,2,0,40,708,481]
s: 1311
d: [2,1641,1,12,4,0,40,1636,353]
d: [2,1672,1,8,3,0,21,1641,355]
s: 1672
d: [2,1646,1,10,4,0,40,1636,399]
d: [2,1673,1,8,3,0,21,1646,384]
s: 1673
d: [2,1751,2,9,4,0,40,664,655]
d: [2,1753,2,7,3,0,21,1751,384]
s: 1753
d: [2,1651,1,12,5,0,40,1636,427]
d: [2,1665,1,10,4,0,18,1651]
d: [2,1674,1,8,3,0,21,1665,381]
s: 1674
d: [2,1752,2,9,4,0,40,664,462]
d: [2,1754,2,7,3,0,21,1752,384]
s: 1754
d: [2,646,1,9,4,0,44,377,403]
s: 646
d: [2,648,1,9,4,0,44,380,403]
s: 648
d: [2,1755,2,9,4,0,40,675,463]
d: [2,1756,2,7,3,0,21,1755,384]
s: 1756
d: [2,754,1,9,3,0,40,474,399]
s: 754
d: [2,1749,2,8,2,0,40,862,690]
s: 1749
d: [2,841,1,9,3,0,40,473,470]
s: 841
d: [2,842,1,9,3,0,40,473,351]
s: 842
d: [2,1757,2,8,2,0,40,709,481]
s: 1757
d: [2,843,1,9,3,0,40,473,353]
s: 843
d: [2,1818,2,10,3,0,40,843,690]
d: [2,1819,2,7,2,0,21,1818,354]
s: 1819
d: [2,844,1,9,3,0,40,473,357]
s: 844
d: [2,845,1,9,3,0,40,473,363]
s: 845
d: [2,1844,2,10,3,0,40,844,690]
d: [2,1845,2,7,2,0,21,1844,358]
s: 1845
d: [2,846,1,9,3,0,40,473,365]
s: 846
d: [2,1846,2,10,3,0,40,845,690]
d: [2,1847,2,7,2,0,21,1846,364]
s: 1847
d: [2,847,1,9,3,0,40,473,368]
s: 847
d: [2,867,1,11,4,0,40,361,351]
d: [2,891,1,9,3,0,21,867,346]
s: 891
d: [2,1872,2,10,3,0,40,846,690]
d: [2,1873,2,7,2,0,21,1872,366]
s: 1873
d: [2,971,1,12,5,0,40,434,404]
d: [2,975,1,9,4,0,21,971,435]
s: 975
d: [2,1842,3,9,3,0,40,1819,469]
d: [2,1843,3,7,2,0,21,1842,346]
s: 1843
d: [2,982,1,12,5,0,40,437,404]
d: [2,986,1,9,4,0,21,982,438]
s: 986
d: [2,993,1,12,5,0,40,441,404]
d: [2,997,1,9,4,0,21,993,442]
s: 997
d: [2,1870,3,9,3,0,40,1845,469]
d: [2,1871,3,7,2,0,21,1870,346]
s: 1871
d: [2,1004,1,14,5,0,40,348,363]
d: [2,1028,1,11,4,0,21,1004,364]
d: [2,1029,1,9,3,0,21,1028,346]
s: 1029
d: [2,1896,3,9,3,0,40,1847,469]
d: [2,1897,3,7,2,0,18,1896]
s: 1897
d: [2,1066,1,13,4,0,40,445,476]
d: [2,1078,1,9,3,0,21,1066,477]
s: 1078
d: [2,1106,1,13,4,0,40,446,476]
d: [2,1118,1,9,3,0,21,1106,477]
s: 1118
d: [2,1876,3,10,3,0,40,1847,401]
d: [2,1900,3,7,2,0,21,1876,344]
s: 1900
d: [2,1143,1,13,4,0,40,447,476]
d: [2,1155,1,9,3,0,21,1143,477]
s: 1155
d: [2,1877,3,10,3,0,40,1847,404]
d: [2,1901,3,7,2,0,21,1877,344]
s: 1901
d: [2,1663,1,9,3,0,40,1636,478]
s: 1663
d: [2,725,1,12,6,0,40,396,383]
d: [2,726,1,10,5,0,21,725,384]
s: 726
d: [2,1943,3,9,3,0,40,1873,469]
d: [2,1944,3,7,2,0,18,1943]
s: 1944
d: [2,728,1,12,6,0,40,397,383]
d: [2,729,1,10,5,0,21,728,384]
s: 729
d: [2,1923,3,10,3,0,40,1873,401]
d: [2,1947,3,7,2,0,21,1923,344]
s: 1947
d: [2,737,1,10,3,0,40,405,399]
s: 737
d: [2,763,1,10,4,0,40,412,404]
s: 763
d: [2,1924,3,10,3,0,40,1873,404]
d: [2,1948,3,7,2,0,21,1924,344]
s: 1948
d: [2,765,1,14,4,0,40,412,469]
d: [2,766,1,10,3,0,21,765,344]
s: 766
d: [2,1968,4,7,2,0,40,1843,481]
s: 1968
d: [2,772,1,14,4,0,40,414,469]
d: [2,774,1,10,3,0,21,772,344]
s: 774
d: [2,780,1,14,4,0,40,418,469]
d: [2,783,1,10,3,0,21,780,344]
s: 783
d: [2,1986,4,7,2,0,40,1871,481]
s: 1986
d: [2,788,1,14,4,0,40,422,469]
d: [2,791,1,10,3,0,21,788,344]
s: 791
d: [2,2004,4,7,2,0,40,1897,481]
s: 2004
d: [2,795,1,10,4,0,40,427,401]
s: 795
d: [2,796,1,14,4,0,40,427,469]
d: [2,797,1,10,3,0,21,796,344]
s: 797
d: [2,2024,4,7,2,0,40,1901,346]
s: 2024
d: [2,802,1,14,4,0,40,429,469]
d: [2,803,1,10,3,0,21,802,344]
s: 803
d: [2,2026,4,7,2,0,40,1944,481]
s: 2026
d: [2,809,1,10,4,0,40,451,404]
s: 809
d: [2,810,1,10,4,0,40,451,401]
s: 810
d: [2,2046,4,7,2,0,40,1948,346]
s: 2046
d: [2,811,1,14,4,0,40,451,469]
d: [2,812,1,10,3,0,21,811,344]
s: 812
d: [2,1750,3,8,2,0,40,832,693]
s: 1750
d: [2,815,1,10,4,0,40,453,404]
s: 815
d: [2,816,1,10,4,0,40,453,401]
s: 816
d: [2,2078,4,5,1,0,40,1750,480]
s: 2078
d: [2,817,1,14,4,0,40,453,469]
d: [2,818,1,10,3,0,21,817,344]
s: 818
d: [2,1814,3,10,3,0,40,1749,469]
d: [2,1815,3,8,2,0,21,1814,678]
s: 1815
d: [2,821,1,10,4,0,40,455,404]
s: 821
d: [2,822,1,10,4,0,40,455,401]
s: 822
d: [2,2101,4,6,2,0,40,1815,756]
s: 2101
d: [2,823,1,14,4,0,40,455,469]
d: [2,824,1,10,3,0,21,823,344]
s: 824
d: [2,2103,4,6,2,0,40,1815,757]
s: 2103
d: [2,828,1,10,4,0,40,457,404]
s: 828
d: [2,829,1,10,4,0,40,457,401]
s: 829
d: [2,2111,5,6,2,0,40,2101,346]
s: 2111
d: [2,830,1,14,4,0,40,457,469]
d: [2,831,1,10,3,0,21,830,344]
s: 831
d: [2,2116,5,6,2,0,40,2103,346]
s: 2116
d: [2,837,1,10,4,0,40,460,404]
s: 837
d: [2,838,1,10,4,0,40,460,401]
s: 838
d: [2,2099,4,7,2,0,40,1815,755]
s: 2099
d: [2,839,1,14,4,0,40,460,469]
d: [2,840,1,10,3,0,21,839,344]
s: 840
d: [2,2135,5,7,2,0,40,2099,346]
s: 2135
d: [2,848,1,10,3,0,40,473,399]
s: 848
d: [2,866,1,10,4,0,40,361,470]
s: 866
d: [2,1878,3,11,3,0,40,1847,405]
d: [2,1902,3,8,2,0,21,1878,344]
s: 1902
d: [2,927,1,15,5,0,44,486,485]
d: [2,928,1,10,3,0,18,927]
s: 928
d: [2,1880,3,11,3,0,40,1847,474]
d: [2,1904,3,8,2,0,21,1880,344]
s: 1904
d: [2,1204,1,14,5,0,40,490,460]
d: [2,1208,1,10,3,0,18,1204]
s: 1208
d: [2,1203,1,14,5,0,40,490,457]
d: [2,1209,1,10,3,0,18,1203]
s: 1209
d: [2,1925,3,11,3,0,40,1873,405]
d: [2,1949,3,8,2,0,21,1925,344]
s: 1949
d: [2,1202,1,14,5,0,40,490,455]
d: [2,1210,1,10,3,0,18,1202]
s: 1210
d: [2,1927,3,11,3,0,40,1873,474]
d: [2,1951,3,8,2,0,21,1927,344]
s: 1951
d: [2,1201,1,14,5,0,40,490,453]
d: [2,1211,1,10,3,0,18,1201]
s: 1211
d: [2,1200,1,14,5,0,40,490,451]
d: [2,1212,1,10,3,0,18,1200]
s: 1212
d: [2,1977,4,8,3,0,40,1843,754]
s: 1977
d: [2,1190,1,12,4,0,40,490,399]
d: [2,1216,1,10,3,0,18,1190]
s: 1216
d: [2,1971,4,11,3,0,40,1843,842]
d: [2,1984,4,8,2,0,21,1971,352]
s: 1984
d: [2,1240,1,18,7,0,40,448,434]
d: [2,1258,1,14,5,0,18,1240]
d: [2,1267,1,10,4,0,21,1258,436]
s: 1267
d: [2,1297,1,14,4,0,40,489,476]
d: [2,1310,1,10,3,0,21,1297,477]
s: 1310
d: [2,1972,4,11,3,0,40,1843,843]
d: [2,1985,4,8,2,0,21,1972,355]
s: 1985
d: [2,1443,1,21,8,0,40,449,437]
d: [2,1459,1,17,6,0,18,1443]
d: [2,1474,1,13,5,0,21,1459,439]
d: [2,1475,1,10,4,0,21,1474,438]
s: 1475
d: [2,1995,4,8,3,0,40,1871,754]
s: 1995
d: [2,1661,1,10,3,0,40,1636,475]
s: 1661
d: [2,1656,1,12,5,0,40,1636,451]
d: [2,1678,1,10,4,0,21,1656,384]
s: 1678
d: [2,1989,4,11,3,0,40,1871,842]
d: [2,2002,4,8,2,0,21,1989,352]
s: 2002
d: [2,1657,1,12,5,0,40,1636,453]
d: [2,1679,1,10,4,0,21,1657,384]
s: 1679
d: [2,1990,4,11,3,0,40,1871,843]
d: [2,2003,4,8,2,0,21,1990,355]
s: 2003
d: [2,1658,1,12,5,0,40,1636,455]
d: [2,1680,1,10,4,0,21,1658,384]
s: 1680
d: [2,1659,1,12,5,0,40,1636,457]
d: [2,1681,1,10,4,0,21,1659,384]
s: 1681
d: [2,2008,4,11,3,0,40,1897,843]
d: [2,2020,4,8,2,0,21,2008,354]
s: 2020
d: [2,1660,1,12,5,0,40,1636,460]
d: [2,1682,1,10,4,0,21,1660,384]
s: 1682
d: [2,2009,4,11,3,0,40,1897,844]
d: [2,2021,4,8,2,0,21,2009,358]
s: 2021
d: [2,761,1,11,4,0,40,412,474]
s: 761
d: [2,768,1,11,4,0,40,414,474]
s: 768
d: [2,2010,4,11,3,0,40,1897,845]
d: [2,2022,4,8,2,0,21,2010,364]
s: 2022
d: [2,776,1,11,4,0,40,418,474]
s: 776
d: [2,2011,4,11,3,0,40,1897,846]
d: [2,2023,4,8,2,0,21,2011,366]
s: 2023
d: [2,784,1,11,4,0,40,422,474]
s: 784
d: [2,807,1,11,4,0,40,451,474]
s: 807
d: [2,2030,4,11,3,0,40,1944,843]
d: [2,2042,4,8,2,0,21,2030,354]
s: 2042
d: [2,813,1,11,4,0,40,453,474]
s: 813
d: [2,2031,4,11,3,0,40,1944,844]
d: [2,2043,4,8,2,0,21,2031,358]
s: 2043
d: [2,819,1,11,4,0,40,455,474]
s: 819
d: [2,826,1,11,4,0,40,457,474]
s: 826
d: [2,2032,4,11,3,0,40,1944,845]
d: [2,2044,4,8,2,0,21,2032,364]
s: 2044
d: [2,835,1,11,4,0,40,460,474]
s: 835
d: [2,2033,4,11,3,0,40,1944,846]
d: [2,2045,4,8,2,0,21,2033,366]
s: 2045
d: [2,885,1,11,3,0,40,361,475]
s: 885
d: [2,925,1,11,4,0,40,486,401]
s: 925
d: [2,2088,4,8,2,0,40,1815,481]
s: 2088
d: [2,926,1,14,4,0,40,486,469]
d: [2,930,1,11,3,0,21,926,344]
s: 930
d: [2,2188,4,8,2,0,40,1904,1815]
s: 2188
d: [2,932,1,11,4,0,40,398,470]
s: 932
d: [2,954,1,11,3,0,40,398,478]
s: 954
d: [2,2194,4,8,2,0,40,1951,1815]
s: 2194
d: [2,951,1,13,5,0,40,398,460]
d: [2,955,1,11,4,0,18,951]
s: 955
d: [2,2218,5,10,3,0,40,1984,469]
d: [2,2219,5,8,2,0,21,2218,346]
s: 2219
d: [2,950,1,13,5,0,40,398,457]
d: [2,956,1,11,4,0,18,950]
s: 956
d: [2,949,1,13,5,0,40,398,455]
d: [2,957,1,11,4,0,18,949]
s: 957
d: [2,2243,5,10,3,0,40,1985,469]
d: [2,2244,5,8,2,0,21,2243,346]
s: 2244
d: [2,948,1,13,5,0,40,398,453]
d: [2,958,1,11,4,0,18,948]
s: 958
d: [2,2270,5,10,3,0,40,2002,469]
d: [2,2271,5,8,2,0,21,2270,346]
s: 2271
d: [2,947,1,13,5,0,40,398,451]
d: [2,959,1,11,4,0,18,947]
s: 959
d: [2,941,1,13,5,0,40,398,412]
d: [2,961,1,11,4,0,21,941,384]
s: 961
d: [2,2297,5,10,3,0,40,2003,469]
d: [2,2298,5,8,2,0,21,2297,346]
s: 2298
d: [2,1064,1,15,6,0,40,445,460]
d: [2,1068,1,11,4,0,18,1064]
s: 1068
d: [2,2327,5,10,3,0,40,2020,469]
d: [2,2328,5,8,2,0,21,2327,346]
s: 2328
d: [2,1063,1,15,6,0,40,445,457]
d: [2,1069,1,11,4,0,18,1063]
s: 1069
d: [2,1062,1,15,6,0,40,445,455]
d: [2,1070,1,11,4,0,18,1062]
s: 1070
d: [2,2354,5,10,3,0,40,2021,469]
d: [2,2355,5,8,2,0,21,2354,346]
s: 2355
d: [2,1061,1,15,6,0,40,445,453]
d: [2,1071,1,11,4,0,18,1061]
s: 1071
d: [2,2378,5,10,3,0,40,2022,469]
d: [2,2379,5,8,2,0,18,2378]
s: 2379
d: [2,1050,1,13,5,0,40,445,399]
d: [2,1076,1,11,4,0,18,1050]
s: 1076
d: [2,1104,1,15,6,0,40,446,460]
d: [2,1108,1,11,4,0,18,1104]
s: 1108
d: [2,2358,5,11,3,0,40,2022,401]
d: [2,2382,5,8,2,0,21,2358,344]
s: 2382
d: [2,1100,1,15,6,0,40,446,451]
d: [2,1112,1,11,4,0,18,1100]
s: 1112
d: [2,2359,5,11,3,0,40,2022,404]
d: [2,2383,5,8,2,0,21,2359,344]
s: 2383
d: [2,1090,1,13,5,0,40,446,399]
d: [2,1116,1,11,4,0,18,1090]
s: 1116
d: [2,1139,1,15,6,0,40,447,455]
d: [2,1147,1,11,4,0,18,1139]
s: 1147
d: [2,2424,5,10,3,0,40,2023,469]
d: [2,2425,5,8,2,0,18,2424]
s: 2425
d: [2,1138,1,15,6,0,40,447,453]
d: [2,1148,1,11,4,0,18,1138]
s: 1148
d: [2,2404,5,11,3,0,40,2023,401]
d: [2,2428,5,8,2,0,21,2404,344]
s: 2428
d: [2,1137,1,15,6,0,40,447,451]
d: [2,1149,1,11,4,0,18,1137]
s: 1149
d: [2,1127,1,13,5,0,40,447,399]
d: [2,1153,1,11,4,0,18,1127]
s: 1153
d: [2,2405,5,11,3,0,40,2023,404]
d: [2,2429,5,8,2,0,21,2405,344]
s: 2429
d: [2,1206,1,11,3,0,40,490,476]
s: 1206
d: [2,2476,5,10,3,0,40,2042,469]
d: [2,2477,5,8,2,0,21,2476,346]
s: 2477
d: [2,1207,1,11,3,0,40,490,478]
s: 1207
d: [2,1445,1,19,7,0,40,449,451]
d: [2,1457,1,15,5,0,18,1445]
d: [2,1477,1,11,4,0,21,1457,452]
s: 1477
d: [2,2506,5,10,3,0,40,2043,469]
d: [2,2507,5,8,2,0,21,2506,346]
s: 2507
d: [2,1446,1,19,7,0,40,449,453]
d: [2,1456,1,15,5,0,18,1446]
d: [2,1478,1,11,4,0,21,1456,454]
s: 1478
d: [2,2542,5,10,3,0,40,2044,469]
d: [2,2543,5,8,2,0,18,2542]
s: 2543
d: [2,1447,1,19,7,0,40,449,455]
d: [2,1455,1,15,5,0,18,1447]
d: [2,1479,1,11,4,0,21,1455,456]
s: 1479
d: [2,1448,1,19,7,0,40,449,457]
d: [2,1454,1,15,5,0,18,1448]
d: [2,1480,1,11,4,0,21,1454,458]
s: 1480
d: [2,2522,5,11,3,0,40,2044,401]
d: [2,2546,5,8,2,0,21,2522,344]
s: 2546
d: [2,1546,1,20,8,0,40,483,434]
d: [2,1564,1,14,5,0,18,1546]
d: [2,1583,1,11,4,0,21,1564,435]
s: 1583
d: [2,2523,5,11,3,0,40,2044,404]
d: [2,2547,5,8,2,0,21,2523,344]
s: 2547
d: [2,1547,1,20,8,0,40,483,437]
d: [2,1563,1,14,5,0,18,1547]
d: [2,1584,1,11,4,0,21,1563,438]
s: 1584
d: [2,1548,1,20,8,0,40,483,441]
d: [2,1562,1,14,5,0,18,1548]
d: [2,1585,1,11,4,0,21,1562,442]
s: 1585
d: [2,2594,5,10,3,0,40,2045,469]
d: [2,2595,5,8,2,0,18,2594]
s: 2595
d: [2,1637,1,11,4,0,40,1636,470]
s: 1637
d: [2,2574,5,11,3,0,40,2045,401]
d: [2,2598,5,8,2,0,21,2574,344]
s: 2598
d: [2,762,1,12,4,0,40,412,405]
s: 762
d: [2,808,1,12,4,0,40,451,405]
s: 808
d: [2,2575,5,11,3,0,40,2045,404]
d: [2,2599,5,8,2,0,21,2575,344]
s: 2599
d: [2,814,1,12,4,0,40,453,405]
s: 814
d: [2,2627,5,8,2,0,40,2188,346]
s: 2627
d: [2,820,1,12,4,0,40,455,405]
s: 820
d: [2,827,1,12,4,0,40,457,405]
s: 827
d: [2,2630,5,8,2,0,40,2194,346]
s: 2630
d: [2,836,1,12,4,0,40,460,405]
s: 836
d: [2,2631,6,8,2,0,40,2219,481]
s: 2631
d: [2,849,1,12,4,0,40,473,412]
s: 849
d: [2,850,1,12,4,0,40,473,414]
s: 850
d: [2,2657,6,8,2,0,40,2244,481]
s: 2657
d: [2,851,1,12,4,0,40,473,418]
s: 851
d: [2,2683,6,8,2,0,40,2271,481]
s: 2683
d: [2,852,1,12,4,0,40,473,422]
s: 852
d: [2,853,1,12,4,0,40,473,427]
s: 853
d: [2,2709,6,8,2,0,40,2298,481]
s: 2709
d: [2,854,1,12,4,0,40,473,429]
s: 854
d: [2,2735,6,8,2,0,40,2328,481]
s: 2735
d: [2,855,1,12,4,0,40,473,451]
s: 855
d: [2,856,1,12,4,0,40,473,453]
s: 856
d: [2,2761,6,8,2,0,40,2355,481]
s: 2761
d: [2,857,1,12,4,0,40,473,455]
s: 857
d: [2,2787,6,8,2,0,40,2379,481]
s: 2787
d: [2,858,1,12,4,0,40,473,457]
s: 858
d: [2,859,1,12,4,0,40,473,460]
s: 859
d: [2,2815,6,8,2,0,40,2383,346]
s: 2815
d: [2,972,1,12,5,0,40,434,401]
s: 972
d: [2,2816,6,8,2,0,40,2425,481]
s: 2816
d: [2,973,1,16,5,0,40,434,469]
d: [2,976,1,12,4,0,21,973,344]
s: 976
d: [2,983,1,12,5,0,40,437,401]
s: 983
d: [2,2844,6,8,2,0,40,2429,346]
s: 2844
d: [2,984,1,16,5,0,40,437,469]
d: [2,987,1,12,4,0,21,984,344]
s: 987
d: [2,2845,6,8,2,0,40,2477,481]
s: 2845
d: [2,994,1,12,5,0,40,441,401]
s: 994
d: [2,995,1,16,5,0,40,441,469]
d: [2,998,1,12,4,0,21,995,344]
s: 998
d: [2,2873,6,8,2,0,40,2507,481]
s: 2873
d: [2,999,1,12,5,0,40,348,470]
s: 999
d: [2,2901,6,8,2,0,40,2543,481]
s: 2901
d: [2,1205,1,12,3,0,40,490,475]
s: 1205
d: [2,1199,1,16,6,0,40,490,441]
d: [2,1213,1,12,4,0,18,1199]
s: 1213
d: [2,2933,6,8,2,0,40,2547,346]
s: 2933
d: [2,1198,1,16,6,0,40,490,437]
d: [2,1214,1,12,4,0,18,1198]
s: 1214
d: [2,2934,6,8,2,0,40,2595,481]
s: 2934
d: [2,1197,1,16,6,0,40,490,434]
d: [2,1215,1,12,4,0,18,1197]
s: 1215
d: [2,1191,1,14,5,0,40,490,412]
d: [2,1218,1,12,4,0,21,1191,384]
s: 1218
d: [2,2963,6,8,2,0,40,2599,346]
s: 2963
d: [2,1192,1,14,5,0,40,490,414]
d: [2,1219,1,12,4,0,21,1192,384]
s: 1219
d: [2,1767,2,11,5,0,40,1673,383]
d: [2,1768,2,9,4,0,21,1767,384]
s: 1768
d: [2,1193,1,14,5,0,40,490,418]
d: [2,1220,1,12,4,0,21,1193,384]
s: 1220
d: [2,1194,1,14,5,0,40,490,422]
d: [2,1221,1,12,4,0,21,1194,384]
s: 1221
d: [2,1769,2,11,5,0,40,1674,383]
d: [2,1770,2,9,4,0,18,1769]
s: 1770
d: [2,1195,1,14,5,0,40,490,427]
d: [2,1222,1,12,4,0,21,1195,384]
s: 1222
d: [2,2060,2,11,5,0,40,795,462]
d: [2,2061,2,9,4,0,18,2060]
s: 2061
d: [2,1196,1,14,5,0,40,490,429]
d: [2,1223,1,12,4,0,21,1196,384]
s: 1223
d: [2,1247,1,16,6,0,40,448,460]
d: [2,1251,1,12,4,0,18,1247]
s: 1251
d: [2,2069,2,11,5,0,40,809,463]
d: [2,2070,2,9,4,0,21,2069,384]
s: 2070
d: [2,1246,1,16,6,0,40,448,457]
d: [2,1252,1,12,4,0,18,1246]
s: 1252
d: [2,2071,2,11,5,0,40,810,655]
d: [2,2073,2,9,4,0,21,2071,384]
s: 2073
d: [2,1245,1,16,6,0,40,448,455]
d: [2,1253,1,12,4,0,18,1245]
s: 1253
d: [2,1244,1,16,6,0,40,448,453]
d: [2,1254,1,12,4,0,18,1244]
s: 1254
d: [2,2072,2,11,5,0,40,810,462]
d: [2,2074,2,9,4,0,21,2072,384]
s: 2074
d: [2,1295,1,16,6,0,40,489,460]
d: [2,1299,1,12,4,0,18,1295]
s: 1299
d: [2,2079,2,11,5,0,40,815,463]
d: [2,2080,2,9,4,0,21,2079,384]
s: 2080
d: [2,1294,1,16,6,0,40,489,457]
d: [2,1300,1,12,4,0,18,1294]
s: 1300
d: [2,1293,1,16,6,0,40,489,455]
d: [2,1301,1,12,4,0,18,1293]
s: 1301
d: [2,2081,2,11,5,0,40,816,655]
d: [2,2083,2,9,4,0,21,2081,384]
s: 2083
d: [2,1292,1,16,6,0,40,489,453]
d: [2,1302,1,12,4,0,18,1292]
s: 1302
d: [2,2082,2,11,5,0,40,816,462]
d: [2,2084,2,9,4,0,21,2082,384]
s: 2084
d: [2,1291,1,16,6,0,40,489,451]
d: [2,1303,1,12,4,0,18,1291]
s: 1303
d: [2,1281,1,14,5,0,40,489,399]
d: [2,1307,1,12,4,0,18,1281]
s: 1307
d: [2,2104,2,11,5,0,40,821,463]
d: [2,2105,2,9,4,0,21,2104,384]
s: 2105
d: [2,1322,1,18,5,0,40,465,368]
d: [2,1352,1,12,4,0,21,1322,369]
s: 1352
d: [2,2106,2,11,5,0,40,822,655]
d: [2,2108,2,9,4,0,21,2106,384]
s: 2108
d: [2,1399,1,18,5,0,40,409,478]
d: [2,1424,1,12,4,0,21,1399,479]
s: 1424
d: [2,1595,1,18,6,0,40,450,399]
d: [2,1621,1,16,5,0,18,1595]
d: [2,1624,1,12,4,0,21,1621,400]
s: 1624
d: [2,2107,2,11,5,0,40,822,462]
d: [2,2109,2,9,4,0,21,2107,384]
s: 2109
d: [2,1608,1,20,7,0,40,450,457]
d: [2,1614,1,16,5,0,18,1608]
d: [2,1633,1,12,4,0,21,1614,459]
s: 1633
d: [2,2117,2,11,5,0,40,828,463]
d: [2,2118,2,9,4,0,21,2117,384]
s: 2118
d: [2,1609,1,20,7,0,40,450,460]
d: [2,1613,1,16,5,0,18,1609]
d: [2,1634,1,12,4,0,21,1613,461]
s: 1634
d: [2,1643,1,12,4,0,40,1636,363]
s: 1643
d: [2,2119,2,11,5,0,40,829,655]
d: [2,2121,2,9,4,0,21,2119,384]
s: 2121
d: [2,1645,1,12,4,0,40,1636,368]
s: 1645
d: [2,2120,2,11,5,0,40,829,462]
d: [2,2122,2,9,4,0,21,2120,384]
s: 2122
d: [2,1653,1,14,6,0,40,1636,434]
d: [2,1675,1,12,5,0,21,1653,384]
s: 1675
d: [2,1654,1,14,6,0,40,1636,437]
d: [2,1676,1,12,5,0,21,1654,384]
s: 1676
d: [2,2128,2,11,5,0,40,837,463]
d: [2,2129,2,9,4,0,21,2128,384]
s: 2129
d: [2,1655,1,14,6,0,40,1636,441]
d: [2,1677,1,12,5,0,21,1655,384]
s: 1677
d: [2,2130,2,11,5,0,40,838,655]
d: [2,2132,2,9,4,0,21,2130,384]
s: 2132
d: [2,873,1,13,4,0,40,361,399]
s: 873
d: [2,921,1,13,4,0,40,486,473]
s: 921
d: [2,2131,2,11,5,0,40,838,462]
d: [2,2133,2,9,4,0,21,2131,384]
s: 2133
d: [2,952,1,13,3,0,40,398,475]
s: 952
d: [2,2147,2,17,6,0,40,928,348]
d: [2,2171,2,14,5,0,21,2147,345]
d: [2,2172,2,11,4,0,21,2171,343]
d: [2,2173,2,9,3,0,21,2172,346]
s: 2173
d: [2,969,1,13,5,0,40,434,474]
s: 969
d: [2,980,1,13,5,0,40,437,474]
s: 980
d: [2,2628,2,9,3,0,40,932,480]
s: 2628
d: [2,991,1,13,5,0,40,441,474]
s: 991
d: [2,1879,3,12,3,0,40,1847,473]
d: [2,1903,3,9,2,0,21,1879,344]
s: 1903
d: [2,1042,1,13,5,0,40,445,470]
s: 1042
d: [2,1067,1,13,4,0,40,445,478]
s: 1067
d: [2,1926,3,12,3,0,40,1873,473]
d: [2,1950,3,9,2,0,21,1926,344]
s: 1950
d: [2,1051,1,15,6,0,40,445,412]
d: [2,1077,1,13,5,0,21,1051,384]
s: 1077
d: [2,3240,3,9,4,0,40,2070,346]
s: 3240
d: [2,1082,1,13,5,0,40,446,470]
s: 1082
d: [2,1107,1,13,4,0,40,446,478]
s: 1107
d: [2,3248,3,9,4,0,40,2080,346]
s: 3248
d: [2,1091,1,15,6,0,40,446,412]
d: [2,1117,1,13,5,0,21,1091,384]
s: 1117
d: [2,3254,3,9,4,0,40,2105,346]
s: 3254
d: [2,1119,1,13,5,0,40,447,470]
s: 1119
d: [2,1144,1,13,4,0,40,447,478]
s: 1144
d: [2,3264,3,9,4,0,40,2118,346]
s: 3264
d: [2,1128,1,15,6,0,40,447,412]
d: [2,1154,1,13,5,0,21,1128,384]
s: 1154
d: [2,3275,3,9,4,0,40,2129,346]
s: 3275
d: [2,1181,1,13,4,0,40,490,470]
s: 1181
d: [2,1323,1,15,5,0,40,465,399]
d: [2,1353,1,13,4,0,21,1323,384]
s: 1353
d: [2,3343,2,13,4,1,44,1181,902]
d: [2,3357,2,11,3,2,21,3343,516]
d: [2,3358,2,9,2,3,21,3357,521]
a: [3,3362,2,5,1,3358]
s: 3362
d: [2,1328,1,17,6,0,40,465,427]
d: [2,1342,1,15,5,0,18,1328]
d: [2,1354,1,13,4,0,21,1342,381]
s: 1354
d: [2,3342,2,17,4,1,44,1181,506]
d: [2,3346,2,15,3,2,21,3342,516]
d: [2,3347,2,13,2,3,21,3346,521]
a: [3,3351,2,7,1,3347]
s: 3351
d: [2,1329,1,17,6,0,40,465,429]
d: [2,1341,1,15,5,0,18,1329]
d: [2,1355,1,13,4,0,21,1341,381]
s: 1355
d: [2,1380,1,21,6,0,40,409,365]
d: [2,1408,1,17,5,0,21,1380,367]
d: [2,1409,1,13,4,0,21,1408,366]
s: 1409
d: [2,1982,4,9,2,0,40,1843,862]
s: 1982
d: [2,3371,1,10,3,0,21,1409,773]
s: 3371
d: [2,2000,4,9,2,0,40,1871,862]
s: 2000
d: [2,920,1,16,5,0,40,486,361]
d: [2,929,1,14,4,0,18,920]
s: 929
d: [2,934,1,14,4,0,40,398,351]
s: 934
d: [2,2018,4,9,2,0,40,1897,862]
s: 2018
d: [2,939,1,14,4,0,40,398,368]
s: 939
d: [2,2040,4,9,2,0,40,1944,862]
s: 2040
d: [2,968,1,14,5,0,40,434,473]
s: 968
d: [2,970,1,14,5,0,40,434,405]
s: 970
d: [2,2097,4,9,3,0,40,1815,754]
s: 2097
d: [2,979,1,14,5,0,40,437,473]
s: 979
d: [2,2360,5,12,3,0,40,2022,405]
d: [2,2384,5,9,2,0,21,2360,344]
s: 2384
d: [2,981,1,14,5,0,40,437,405]
s: 981
d: [2,990,1,14,5,0,40,441,473]
s: 990
d: [2,2362,5,12,3,0,40,2022,474]
d: [2,2386,5,9,2,0,21,2362,344]
s: 2386
d: [2,992,1,14,5,0,40,441,405]
s: 992
d: [2,2406,5,12,3,0,40,2023,405]
d: [2,2430,5,9,2,0,21,2406,344]
s: 2430
d: [2,1165,1,14,4,0,40,487,401]
s: 1165
d: [2,1166,1,14,4,0,40,487,404]
s: 1166
d: [2,2408,5,12,3,0,40,2023,474]
d: [2,2432,5,9,2,0,21,2408,344]
s: 2432
d: [2,1170,1,18,4,0,40,487,469]
d: [2,1177,1,14,3,0,21,1170,344]
s: 1177
d: [2,3719,2,14,3,1,44,1177,902]
d: [2,3732,2,12,2,2,21,3719,516]
a: [3,3736,2,6,1,3732]
s: 3736
d: [2,3742,3,0,0,3,52,700,511,3736,928]
e: 3742
d: [2,3743,3,7,2,1,40,3736,928]
d: [2,3746,3,3,1,2,21,3743,511]
d: [2,3747,3,0,0,3,21,3746,700]
e: 3747
r: 3736
d: [2,1184,1,14,4,0,40,490,351]
s: 1184
d: [2,1185,1,14,4,0,40,490,353]
s: 1185
a: [3,3735,2,6,1,3732]
s: 3735
d: [2,1186,1,14,4,0,40,490,357]
s: 1186
d: [2,3758,3,13,4,1,40,3735,465]
d: [2,3817,3,10,3,1,21,3758,343]
d: [2,3818,3,8,2,2,21,3817,602]
a: [3,3822,3,3,1,3818]
s: 3822
d: [2,1187,1,14,4,0,40,490,363]
s: 1187
d: [2,1188,1,14,4,0,40,490,365]
s: 1188
d: [2,3750,3,15,5,1,40,3735,409]
d: [2,3774,3,12,4,1,21,3750,345]
d: [2,3775,3,9,3,1,21,3774,343]
d: [2,3776,3,7,2,2,21,3775,602]
a: [3,3779,3,2,1,3776]
s: 3779
d: [2,1189,1,14,4,0,40,490,368]
s: 1189
a: [3,3366,2,4,1,3358]
s: 3366
d: [2,1224,1,14,5,0,40,448,470]
s: 1224
d: [2,1249,1,14,4,0,40,448,476]
s: 1249
d: [2,3751,3,19,6,1,40,3735,433]
d: [2,3786,3,15,5,2,21,3751,909]
d: [2,3787,3,12,4,2,21,3786,343]
d: [2,3788,3,10,3,3,21,3787,516]
d: [2,3789,3,8,2,4,21,3788,526]
a: [3,3793,3,4,1,3789]
s: 3793
d: [2,1250,1,14,4,0,40,448,478]
s: 1250
d: [2,3755,3,12,4,1,40,3735,448]
d: [2,3795,3,10,3,2,21,3755,516]
d: [2,3796,3,8,2,3,21,3795,521]
a: [3,3799,3,4,1,3796]
s: 3799
d: [2,1242,1,18,7,0,40,448,441]
d: [2,1256,1,14,5,0,18,1242]
s: 1256
d: [2,1241,1,18,7,0,40,448,437]
d: [2,1257,1,14,5,0,18,1241]
s: 1257
a: [3,3804,3,4,1,3796]
s: 3804
d: [2,1234,1,16,6,0,40,448,412]
d: [2,1261,1,14,5,0,21,1234,384]
s: 1261
a: [3,3784,3,5,1,3776]
s: 3784
d: [2,1235,1,16,6,0,40,448,414]
d: [2,1262,1,14,5,0,21,1235,384]
s: 1262
d: [2,1236,1,16,6,0,40,448,418]
d: [2,1263,1,14,5,0,21,1236,384]
s: 1263
a: [3,3740,2,6,1,3732]
s: 3740
d: [2,1237,1,16,6,0,40,448,422]
d: [2,1264,1,14,5,0,21,1237,384]
s: 1264
d: [2,3854,3,6,1,1,40,3740,481]
a: [3,3860,3,6,1,3854]
s: 3860
d: [2,1238,1,16,6,0,40,448,427]
d: [2,1265,1,14,5,0,21,1238,384]
s: 1265
d: [2,1239,1,16,6,0,40,448,429]
d: [2,1266,1,14,5,0,21,1239,384]
s: 1266
d: [2,3718,2,18,3,1,44,1177,506]
d: [2,3722,2,16,2,2,21,3718,516]
a: [3,3726,2,8,1,3722]
s: 3726
d: [2,3862,3,0,0,3,52,700,511,3726,486]
e: 3862
d: [2,3863,3,7,2,1,40,3726,486]
d: [2,3867,3,3,1,2,21,3863,511]
d: [2,3868,3,0,0,3,21,3867,700]
e: 3868
d: [2,3865,3,13,3,1,44,3726,485]
d: [2,3870,3,7,2,2,21,3865,3735]
d: [2,3871,3,3,1,3,21,3870,511]
d: [2,3872,3,0,0,4,21,3871,700]
e: 3872
r: 3726
d: [2,1272,1,14,5,0,40,489,470]
s: 1272
a: [3,3725,2,8,1,3722]
s: 3725
d: [2,1298,1,14,4,0,40,489,478]
s: 1298
d: [2,1282,1,16,6,0,40,489,412]
d: [2,1309,1,14,5,0,21,1282,384]
s: 1309
d: [2,3766,3,14,4,1,40,3735,348]
d: [2,3835,3,11,3,1,21,3766,345]
d: [2,3836,3,8,2,1,21,3835,343]
a: [3,3839,3,3,1,3836]
s: 3839
d: [2,1320,1,18,5,0,40,465,363]
d: [2,1350,1,14,4,0,21,1320,364]
s: 1350
d: [2,3875,3,13,3,1,40,3725,398]
d: [2,3901,3,11,2,2,21,3875,516]
a: [3,3909,3,5,1,3901]
s: 3909
d: [2,1321,1,18,5,0,40,465,365]
d: [2,1351,1,14,4,0,21,1321,366]
s: 1351
d: [2,1330,1,19,7,0,40,465,434]
d: [2,1356,1,17,6,0,21,1330,384]
d: [2,1357,1,14,5,0,21,1356,435]
s: 1357
d: [2,3876,3,21,5,1,40,3725,409]
d: [2,3911,3,19,4,2,21,3876,602]
d: [2,3912,3,17,3,3,21,3911,3779]
a: [3,3920,3,5,1,3912]
s: 3920
d: [2,3990,4,10,3,1,44,3920,485]
d: [2,3991,4,7,2,1,21,3990,345]
d: [2,3992,4,3,1,2,21,3991,511]
d: [2,3993,4,0,0,3,21,3992,700]
e: 3993
r: 3920
d: [2,1331,1,19,7,0,40,465,437]
d: [2,1358,1,17,6,0,21,1331,384]
d: [2,1359,1,14,5,0,21,1358,438]
s: 1359
a: [3,3919,3,5,1,3912]
s: 3919
d: [2,1332,1,19,7,0,40,465,441]
d: [2,1360,1,17,6,0,21,1332,384]
d: [2,1361,1,14,5,0,21,1360,442]
s: 1361
d: [2,1442,1,21,8,0,40,449,434]
d: [2,1460,1,17,6,0,18,1442]
d: [2,1473,1,14,5,0,21,1460,435]
s: 1473
a: [3,3355,2,6,1,3347]
s: 3355
d: [2,1444,1,21,8,0,40,449,441]
d: [2,1458,1,17,6,0,18,1444]
d: [2,1476,1,14,5,0,21,1458,442]
s: 1476
a: [3,3904,3,6,1,3901]
s: 3904
d: [2,1506,1,18,7,0,40,482,460]
d: [2,1510,1,14,5,0,18,1506]
s: 1510
d: [2,3998,1,12,4,0,21,1510,2133]
s: 3998
d: [2,3877,3,27,6,1,40,3725,433]
d: [2,3922,3,21,5,2,21,3877,501]
d: [2,3923,3,19,4,3,21,3922,516]
d: [2,3924,3,17,3,4,21,3923,526]
a: [3,3928,3,6,1,3924]
s: 3928
d: [2,3999,4,0,0,4,52,526,516,511,3928,432]
e: 3999
d: [2,4000,4,8,3,1,40,3928,432]
d: [2,4003,4,4,2,2,21,4000,511]
d: [2,4004,4,2,1,3,21,4003,516]
d: [2,4005,4,0,0,4,21,4004,526]
e: 4005
r: 3904
r: 3909
r: 3928
d: [2,1505,1,18,7,0,40,482,457]
d: [2,1511,1,14,5,0,18,1505]
s: 1511
a: [3,3908,3,5,1,3901]
s: 3908
d: [2,4009,4,10,3,1,44,3908,485]
d: [2,4010,4,7,2,1,21,4009,343]
d: [2,4011,4,3,1,2,21,4010,511]
d: [2,4012,4,0,0,3,21,4011,700]
e: 4012
d: [2,3888,3,12,3,1,40,3725,490]
d: [2,3967,3,10,2,2,21,3888,516]
d: [2,3968,3,8,1,3,21,3967,521]
d: [2,3969,3,6,1,4,22,3968,506]
f: 4012,4005,3969,3924,3868,918,597,333,334,335,336,337,338
% Refutation found. Thanks to Tanya!
% SZS status Theorem for tex_4__t45_tex_4
% SZS output start Proof for tex_4__t45_tex_4
1. ! [X0] : ((l1_pre_topc(X0) & v2_pre_topc(X0) & ~v2_struct_0(X0)) => ! [X1] : (m1_subset_1(X1,u1_struct_0(X0)) => (k6_domain_1(u1_struct_0(X0),X1) = k2_pre_topc(X0,k6_domain_1(u1_struct_0(X0),X1)) => v3_tex_4(k6_domain_1(u1_struct_0(X0),X1),X0)))) [input t45_tex_4]
2. ~! [X0] : ((l1_pre_topc(X0) & v2_pre_topc(X0) & ~v2_struct_0(X0)) => ! [X1] : (m1_subset_1(X1,u1_struct_0(X0)) => (k6_domain_1(u1_struct_0(X0),X1) = k2_pre_topc(X0,k6_domain_1(u1_struct_0(X0),X1)) => v3_tex_4(k6_domain_1(u1_struct_0(X0),X1),X0)))) [negated conjecture 1]
45. ! [X0,X1] : ((m1_subset_1(X1,X0) & ~v1_xboole_0(X0)) => m1_subset_1(k6_domain_1(X0,X1),k1_zfmisc_1(X0))) [input dt_k6_domain_1]
46. ! [X0] : (l1_pre_topc(X0) => l1_struct_0(X0)) [input dt_l1_pre_topc]
57. ! [X0,X1] : ((m1_subset_1(X1,k1_zfmisc_1(u1_struct_0(X0))) & l1_pre_topc(X0) & v2_pre_topc(X0)) => v4_pre_topc(k2_pre_topc(X0,X1),X0)) [input fc1_tops_1]
60. ! [X0] : ((l1_struct_0(X0) & ~v2_struct_0(X0)) => ~v1_xboole_0(u1_struct_0(X0))) [input fc2_struct_0]
62. ! [X0] : ~v1_xboole_0(k1_tarski(X0)) [input fc2_xboole_0]
98. ! [X0,X1] : ((m1_subset_1(X1,X0) & ~v1_xboole_0(X0)) => k6_domain_1(X0,X1) = k1_tarski(X1)) [input redefinition_k6_domain_1]
101. ! [X0] : ((l1_pre_topc(X0) & ~v2_struct_0(X0)) => ! [X1] : ((m1_subset_1(X1,k1_zfmisc_1(u1_struct_0(X0))) & ~v1_xboole_0(X1)) => ((v4_pre_topc(X1,X0) & v1_tex_4(X1,X0)) => v3_tex_4(X1,X0)))) [input t17_tex_4]
108. ! [X0] : ((l1_pre_topc(X0) & ~v2_struct_0(X0)) => ! [X1] : (m1_subset_1(X1,u1_struct_0(X0)) => v1_tex_4(k6_domain_1(u1_struct_0(X0),X1),X0))) [input t6_tex_4]
122. ? [X0] : (? [X1] : ((~v3_tex_4(k6_domain_1(u1_struct_0(X0),X1),X0) & k6_domain_1(u1_struct_0(X0),X1) = k2_pre_topc(X0,k6_domain_1(u1_struct_0(X0),X1))) & m1_subset_1(X1,u1_struct_0(X0))) & (l1_pre_topc(X0) & v2_pre_topc(X0) & ~v2_struct_0(X0))) [ennf transformation 2]
123. ? [X0] : (? [X1] : (~v3_tex_4(k6_domain_1(u1_struct_0(X0),X1),X0) & k6_domain_1(u1_struct_0(X0),X1) = k2_pre_topc(X0,k6_domain_1(u1_struct_0(X0),X1)) & m1_subset_1(X1,u1_struct_0(X0))) & l1_pre_topc(X0) & v2_pre_topc(X0) & ~v2_struct_0(X0)) [flattening 122]
161. ! [X0] : (l1_struct_0(X0) | ~l1_pre_topc(X0)) [ennf transformation 46]
194. ! [X0] : (~v1_xboole_0(u1_struct_0(X0)) | (~l1_struct_0(X0) | v2_struct_0(X0))) [ennf transformation 60]
195. ! [X0] : (~v1_xboole_0(u1_struct_0(X0)) | ~l1_struct_0(X0) | v2_struct_0(X0)) [flattening 194]
200. ! [X0] : (! [X1] : (v1_tex_4(k6_domain_1(u1_struct_0(X0),X1),X0) | ~m1_subset_1(X1,u1_struct_0(X0))) | (~l1_pre_topc(X0) | v2_struct_0(X0))) [ennf transformation 108]
201. ! [X0] : (! [X1] : (v1_tex_4(k6_domain_1(u1_struct_0(X0),X1),X0) | ~m1_subset_1(X1,u1_struct_0(X0))) | ~l1_pre_topc(X0) | v2_struct_0(X0)) [flattening 200]
202. ! [X0] : (! [X1] : ((v3_tex_4(X1,X0) | (~v4_pre_topc(X1,X0) | ~v1_tex_4(X1,X0))) | (~m1_subset_1(X1,k1_zfmisc_1(u1_struct_0(X0))) | v1_xboole_0(X1))) | (~l1_pre_topc(X0) | v2_struct_0(X0))) [ennf transformation 101]
203. ! [X0] : (! [X1] : (v3_tex_4(X1,X0) | ~v4_pre_topc(X1,X0) | ~v1_tex_4(X1,X0) | ~m1_subset_1(X1,k1_zfmisc_1(u1_struct_0(X0))) | v1_xboole_0(X1)) | ~l1_pre_topc(X0) | v2_struct_0(X0)) [flattening 202]
258. ! [X0,X1] : (k6_domain_1(X0,X1) = k1_tarski(X1) | (~m1_subset_1(X1,X0) | v1_xboole_0(X0))) [ennf transformation 98]
259. ! [X0,X1] : (k6_domain_1(X0,X1) = k1_tarski(X1) | ~m1_subset_1(X1,X0) | v1_xboole_0(X0)) [flattening 258]
260. ! [X0,X1] : (m1_subset_1(k6_domain_1(X0,X1),k1_zfmisc_1(X0)) | (~m1_subset_1(X1,X0) | v1_xboole_0(X0))) [ennf transformation 45]
261. ! [X0,X1] : (m1_subset_1(k6_domain_1(X0,X1),k1_zfmisc_1(X0)) | ~m1_subset_1(X1,X0) | v1_xboole_0(X0)) [flattening 260]
268. ! [X0,X1] : (v4_pre_topc(k2_pre_topc(X0,X1),X0) | (~m1_subset_1(X1,k1_zfmisc_1(u1_struct_0(X0))) | ~l1_pre_topc(X0) | ~v2_pre_topc(X0))) [ennf transformation 57]
269. ! [X0,X1] : (v4_pre_topc(k2_pre_topc(X0,X1),X0) | ~m1_subset_1(X1,k1_zfmisc_1(u1_struct_0(X0))) | ~l1_pre_topc(X0) | ~v2_pre_topc(X0)) [flattening 268]
270. ? [X0] : (? [X1] : (~v3_tex_4(k6_domain_1(u1_struct_0(X0),X1),X0) & k6_domain_1(u1_struct_0(X0),X1) = k2_pre_topc(X0,k6_domain_1(u1_struct_0(X0),X1)) & m1_subset_1(X1,u1_struct_0(X0))) & l1_pre_topc(X0) & v2_pre_topc(X0) & ~v2_struct_0(X0)) => (? [X1] : (~v3_tex_4(k6_domain_1(u1_struct_0(sK0),X1),sK0) & k6_domain_1(u1_struct_0(sK0),X1) = k2_pre_topc(sK0,k6_domain_1(u1_struct_0(sK0),X1)) & m1_subset_1(X1,u1_struct_0(sK0))) & l1_pre_topc(sK0) & v2_pre_topc(sK0) & ~v2_struct_0(sK0)) [choice axiom]
271. ? [X1] : (~v3_tex_4(k6_domain_1(u1_struct_0(sK0),X1),sK0) & k6_domain_1(u1_struct_0(sK0),X1) = k2_pre_topc(sK0,k6_domain_1(u1_struct_0(sK0),X1)) & m1_subset_1(X1,u1_struct_0(sK0))) => (~v3_tex_4(k6_domain_1(u1_struct_0(sK0),sK1),sK0) & k6_domain_1(u1_struct_0(sK0),sK1) = k2_pre_topc(sK0,k6_domain_1(u1_struct_0(sK0),sK1)) & m1_subset_1(sK1,u1_struct_0(sK0))) [choice axiom]
272. (~v3_tex_4(k6_domain_1(u1_struct_0(sK0),sK1),sK0) & k6_domain_1(u1_struct_0(sK0),sK1) = k2_pre_topc(sK0,k6_domain_1(u1_struct_0(sK0),sK1)) & m1_subset_1(sK1,u1_struct_0(sK0))) & l1_pre_topc(sK0) & v2_pre_topc(sK0) & ~v2_struct_0(sK0) [skolemisation 123,271,270]
333. ~v2_struct_0(sK0) [cnf transformation 272] {a:0,w:2,wCS:200,goal:1,sine:0,thAx:0,allAx:3,thDist:-3}
334. v2_pre_topc(sK0) [cnf transformation 272] {a:0,w:2,wCS:200,goal:1,sine:0,thAx:0,allAx:3,thDist:-3}
335. l1_pre_topc(sK0) [cnf transformation 272] {a:0,w:2,wCS:200,goal:1,sine:0,thAx:0,allAx:3,thDist:-3}
336. m1_subset_1(sK1,u1_struct_0(sK0)) [cnf transformation 272] {a:0,w:4,wCS:400,goal:1,sine:0,thAx:0,allAx:3,thDist:-3}
337. k6_domain_1(u1_struct_0(sK0),sK1) = k2_pre_topc(sK0,k6_domain_1(u1_struct_0(sK0),sK1)) [cnf transformation 272] {a:0,w:11,wCS:1100,goal:1,sine:0,thAx:0,allAx:3,thDist:-3}
338. ~v3_tex_4(k6_domain_1(u1_struct_0(sK0),sK1),sK0) [cnf transformation 272] {a:0,w:6,wCS:600,goal:1,sine:0,thAx:0,allAx:3,thDist:-3}
343. ~v1_xboole_0(k1_tarski(X0)) [cnf transformation 62] {a:0,w:3,wCS:1200,nSel:1,sine:2,thAx:0,allAx:1,thDist:-1}
384. ~l1_pre_topc(X0) | l1_struct_0(X0) [cnf transformation 161] {a:0,w:4,wCS:1600,nSel:1,sine:2,thAx:0,allAx:1,thDist:-1}
426. ~v1_xboole_0(u1_struct_0(X0)) | ~l1_struct_0(X0) | v2_struct_0(X0) [cnf transformation 195] {a:0,w:7,wCS:2800,nSel:1,sine:1,thAx:0,allAx:1,thDist:-1}
432. v1_tex_4(k6_domain_1(u1_struct_0(X0),X1),X0) | ~m1_subset_1(X1,u1_struct_0(X0)) | ~l1_pre_topc(X0) | v2_struct_0(X0) [cnf transformation 201] {a:0,w:14,wCS:5600,nSel:1,sine:2,thAx:0,allAx:1,thDist:-1}
433. ~m1_subset_1(X1,k1_zfmisc_1(u1_struct_0(X0))) | ~v4_pre_topc(X1,X0) | ~v1_tex_4(X1,X0) | v3_tex_4(X1,X0) | v1_xboole_0(X1) | ~l1_pre_topc(X0) | v2_struct_0(X0) [cnf transformation 203] {a:0,w:20,wCS:8000,nSel:1,sine:1,thAx:0,allAx:1,thDist:-1}
485. k6_domain_1(X0,X1) = k1_tarski(X1) | ~m1_subset_1(X1,X0) | v1_xboole_0(X0) [cnf transformation 259] {a:0,w:11,wCS:4400,nSel:1,sine:1,thAx:0,allAx:1,thDist:-1}
486. m1_subset_1(k6_domain_1(X0,X1),k1_zfmisc_1(X0)) | ~m1_subset_1(X1,X0) | v1_xboole_0(X0) [cnf transformation 261] {a:0,w:11,wCS:4400,nSel:1,sine:1,thAx:0,allAx:1,thDist:-1}
490. ~m1_subset_1(X1,k1_zfmisc_1(u1_struct_0(X0))) | v4_pre_topc(k2_pre_topc(X0,X1),X0) | ~l1_pre_topc(X0) | ~v2_pre_topc(X0) [cnf transformation 269] {a:0,w:14,wCS:5600,nSel:1,sine:1,thAx:0,allAx:1,thDist:-1}
499. 1 <=> v3_tex_4(k6_domain_1(u1_struct_0(sK0),sK1),sK0) [avatar definition]
501. ~v3_tex_4(k6_domain_1(u1_struct_0(sK0),sK1),sK0) <- (~1) [avatar component clause 499] {a:0,w:6,wCS:600,nSel:1,goal:1,sine:255,thAx:0,allAx:3,thDist:-3}
502. ~1 [avatar split clause 338,499]
504. 2 <=> k6_domain_1(u1_struct_0(sK0),sK1) = k2_pre_topc(sK0,k6_domain_1(u1_struct_0(sK0),sK1)) [avatar definition]
506. k6_domain_1(u1_struct_0(sK0),sK1) = k2_pre_topc(sK0,k6_domain_1(u1_struct_0(sK0),sK1)) <- (2) [avatar component clause 504] {a:0,w:11,wCS:1100,nSel:1,goal:1,sine:255,thAx:0,allAx:3,thDist:-3}
507. 2 [avatar split clause 337,504]
509. 3 <=> m1_subset_1(sK1,u1_struct_0(sK0)) [avatar definition]
511. m1_subset_1(sK1,u1_struct_0(sK0)) <- (3) [avatar component clause 509] {a:0,w:4,wCS:400,nSel:1,goal:1,sine:255,thAx:0,allAx:3,thDist:-3}
512. 3 [avatar split clause 336,509]
514. 4 <=> l1_pre_topc(sK0) [avatar definition]
516. l1_pre_topc(sK0) <- (4) [avatar component clause 514] {a:0,w:2,wCS:200,nSel:1,goal:1,sine:255,thAx:0,allAx:3,thDist:-3}
517. 4 [avatar split clause 335,514]
519. 5 <=> v2_pre_topc(sK0) [avatar definition]
521. v2_pre_topc(sK0) <- (5) [avatar component clause 519] {a:0,w:2,wCS:200,nSel:1,goal:1,sine:255,thAx:0,allAx:3,thDist:-3}
522. 5 [avatar split clause 334,519]
524. 6 <=> v2_struct_0(sK0) [avatar definition]
526. ~v2_struct_0(sK0) <- (~6) [avatar component clause 524] {a:0,w:2,wCS:200,nSel:1,goal:1,sine:255,thAx:0,allAx:3,thDist:-3}
527. ~6 [avatar split clause 333,524]
597. l1_struct_0(sK0) <- (4) [resolution 384,516] {a:1,w:2,wCS:200,goal:1,sine:2,thAx:0,allAx:4,thDist:-4}
600. 20 <=> l1_struct_0(sK0) [avatar definition]
602. l1_struct_0(sK0) <- (20) [avatar component clause 600] {a:1,w:2,wCS:200,nSel:1,goal:1,sine:255,thAx:0,allAx:4,thDist:-4}
603. 20 | ~4 [avatar split clause 597,514,600]
699. 29 <=> v1_xboole_0(u1_struct_0(sK0)) [avatar definition]
700. ~v1_xboole_0(u1_struct_0(sK0)) <- (~29) [avatar component clause 699] {a:1,w:3,wCS:300,nSel:1,goal:1,sine:255,thAx:0,allAx:4,thDist:-4}
701. v1_xboole_0(u1_struct_0(sK0)) <- (29) [avatar component clause 699] {a:1,w:3,wCS:300,nSel:1,goal:1,sine:255,thAx:0,allAx:4,thDist:-4}
914. ~l1_struct_0(sK0) | v2_struct_0(sK0) <- (29) [resolution 701,426] {a:2,w:4,wCS:400,goal:1,sine:1,thAx:0,allAx:5,thDist:-5}
917. v2_struct_0(sK0) <- (20, 29) [subsumption resolution 914,602] {a:2,w:2,wCS:200,goal:1,sine:1,thAx:0,allAx:5,thDist:-5}
918. $false <- (~6, 20, 29) [subsumption resolution 917,526] {a:2,w:0,goal:1,sine:1,thAx:0,allAx:5,thDist:-5}
919. 6 | ~20 | ~29 [avatar contradiction clause 918]
3353. 34 <=> v4_pre_topc(k6_domain_1(u1_struct_0(sK0),sK1),sK0) [avatar definition]
3724. 37 <=> m1_subset_1(k6_domain_1(u1_struct_0(sK0),sK1),k1_zfmisc_1(u1_struct_0(sK0))) [avatar definition]
3725. m1_subset_1(k6_domain_1(u1_struct_0(sK0),sK1),k1_zfmisc_1(u1_struct_0(sK0))) <- (37) [avatar component clause 3724] {a:2,w:8,wCS:800,nSel:1,goal:1,sine:255,thAx:0,allAx:5,thDist:-5}
3726. ~m1_subset_1(k6_domain_1(u1_struct_0(sK0),sK1),k1_zfmisc_1(u1_struct_0(sK0))) <- (~37) [avatar component clause 3724] {a:2,w:8,wCS:800,nSel:1,goal:1,sine:255,thAx:0,allAx:5,thDist:-5}
3863. ~m1_subset_1(sK1,u1_struct_0(sK0)) | v1_xboole_0(u1_struct_0(sK0)) <- (~37) [resolution 3726,486] {a:3,w:7,wCS:700,goal:1,sine:1,thAx:0,allAx:6,thDist:-6}
3867. v1_xboole_0(u1_struct_0(sK0)) <- (3, ~37) [subsumption resolution 3863,511] {a:3,w:3,wCS:300,goal:1,sine:1,thAx:0,allAx:6,thDist:-6}
3868. $false <- (3, ~29, ~37) [subsumption resolution 3867,700] {a:3,w:0,goal:1,sine:1,thAx:0,allAx:6,thDist:-6}
3869. ~3 | 29 | 37 [avatar contradiction clause 3868]
3877. ~v4_pre_topc(k6_domain_1(u1_struct_0(sK0),sK1),sK0) | ~v1_tex_4(k6_domain_1(u1_struct_0(sK0),sK1),sK0) | v3_tex_4(k6_domain_1(u1_struct_0(sK0),sK1),sK0) | v1_xboole_0(k6_domain_1(u1_struct_0(sK0),sK1)) | ~l1_pre_topc(sK0) | v2_struct_0(sK0) <- (37) [resolution 3725,433] {a:3,w:27,wCS:2700,goal:1,sine:1,thAx:0,allAx:6,thDist:-6}
3888. v4_pre_topc(k2_pre_topc(sK0,k6_domain_1(u1_struct_0(sK0),sK1)),sK0) | ~l1_pre_topc(sK0) | ~v2_pre_topc(sK0) <- (37) [resolution 3725,490] {a:3,w:12,wCS:1200,goal:1,sine:1,thAx:0,allAx:6,thDist:-6}
3907. 51 <=> v1_xboole_0(k6_domain_1(u1_struct_0(sK0),sK1)) [avatar definition]
3908. v1_xboole_0(k6_domain_1(u1_struct_0(sK0),sK1)) <- (51) [avatar component clause 3907] {a:3,w:5,wCS:500,nSel:1,goal:1,sine:255,thAx:0,allAx:6,thDist:-6}
3922. ~v4_pre_topc(k6_domain_1(u1_struct_0(sK0),sK1),sK0) | ~v1_tex_4(k6_domain_1(u1_struct_0(sK0),sK1),sK0) | v1_xboole_0(k6_domain_1(u1_struct_0(sK0),sK1)) | ~l1_pre_topc(sK0) | v2_struct_0(sK0) <- (~1, 37) [subsumption resolution 3877,501] {a:3,w:21,wCS:2100,goal:1,sine:1,thAx:0,allAx:6,thDist:-6}
3923. ~v4_pre_topc(k6_domain_1(u1_struct_0(sK0),sK1),sK0) | ~v1_tex_4(k6_domain_1(u1_struct_0(sK0),sK1),sK0) | v1_xboole_0(k6_domain_1(u1_struct_0(sK0),sK1)) | v2_struct_0(sK0) <- (~1, 4, 37) [subsumption resolution 3922,516] {a:3,w:19,wCS:1900,goal:1,sine:1,thAx:0,allAx:6,thDist:-6}
3924. ~v4_pre_topc(k6_domain_1(u1_struct_0(sK0),sK1),sK0) | ~v1_tex_4(k6_domain_1(u1_struct_0(sK0),sK1),sK0) | v1_xboole_0(k6_domain_1(u1_struct_0(sK0),sK1)) <- (~1, 4, ~6, 37) [subsumption resolution 3923,526] {a:3,w:17,wCS:1700,goal:1,sine:1,thAx:0,allAx:6,thDist:-6}
3926. 54 <=> v1_tex_4(k6_domain_1(u1_struct_0(sK0),sK1),sK0) [avatar definition]
3928. ~v1_tex_4(k6_domain_1(u1_struct_0(sK0),sK1),sK0) <- (~54) [avatar component clause 3926] {a:3,w:6,wCS:600,nSel:1,goal:1,sine:255,thAx:0,allAx:6,thDist:-6}
3929. 51 | ~54 | ~34 | 1 | ~4 | 6 | ~37 [avatar split clause 3924,3724,524,514,499,3353,3926,3907]
3967. v4_pre_topc(k2_pre_topc(sK0,k6_domain_1(u1_struct_0(sK0),sK1)),sK0) | ~v2_pre_topc(sK0) <- (4, 37) [subsumption resolution 3888,516] {a:3,w:10,wCS:1000,goal:1,sine:1,thAx:0,allAx:6,thDist:-6}
3968. v4_pre_topc(k2_pre_topc(sK0,k6_domain_1(u1_struct_0(sK0),sK1)),sK0) <- (4, 5, 37) [subsumption resolution 3967,521] {a:3,w:8,wCS:800,goal:1,sine:1,thAx:0,allAx:6,thDist:-6}
3969. v4_pre_topc(k6_domain_1(u1_struct_0(sK0),sK1),sK0) <- (2, 4, 5, 37) [forward demodulation 3968,506] {a:3,w:6,wCS:600,goal:1,sine:1,thAx:0,allAx:6,thDist:-6}
3970. 34 | ~2 | ~4 | ~5 | ~37 [avatar split clause 3969,3724,519,514,504,3353]
4000. ~m1_subset_1(sK1,u1_struct_0(sK0)) | ~l1_pre_topc(sK0) | v2_struct_0(sK0) <- (~54) [resolution 3928,432] {a:4,w:8,wCS:800,goal:1,sine:2,thAx:0,allAx:7,thDist:-7}
4003. ~l1_pre_topc(sK0) | v2_struct_0(sK0) <- (3, ~54) [subsumption resolution 4000,511] {a:4,w:4,wCS:400,goal:1,sine:2,thAx:0,allAx:7,thDist:-7}
4004. v2_struct_0(sK0) <- (3, 4, ~54) [subsumption resolution 4003,516] {a:4,w:2,wCS:200,goal:1,sine:2,thAx:0,allAx:7,thDist:-7}
4005. $false <- (3, 4, ~6, ~54) [subsumption resolution 4004,526] {a:4,w:0,goal:1,sine:2,thAx:0,allAx:7,thDist:-7}
4006. ~3 | ~4 | 6 | 54 [avatar contradiction clause 4005]
4009. v1_xboole_0(k1_tarski(sK1)) | ~m1_subset_1(sK1,u1_struct_0(sK0)) | v1_xboole_0(u1_struct_0(sK0)) <- (51) [superposition 3908,485] {a:4,w:10,wCS:1000,goal:1,sine:1,thAx:0,allAx:7,thDist:-7}
4010. ~m1_subset_1(sK1,u1_struct_0(sK0)) | v1_xboole_0(u1_struct_0(sK0)) <- (51) [subsumption resolution 4009,343] {a:4,w:7,wCS:700,goal:1,sine:1,thAx:0,allAx:7,thDist:-7}
4011. v1_xboole_0(u1_struct_0(sK0)) <- (3, 51) [subsumption resolution 4010,511] {a:4,w:3,wCS:300,goal:1,sine:1,thAx:0,allAx:7,thDist:-7}
4012. $false <- (3, ~29, 51) [subsumption resolution 4011,700] {a:4,w:0,goal:1,sine:1,thAx:0,allAx:7,thDist:-7}
4013. ~3 | 29 | ~51 [avatar contradiction clause 4012]
4014. $false [avatar sat refutation 502,507,512,517,522,527,603,919,3869,3929,3970,4006,4013] {a:0,w:0,goal:1,sine:0,thAx:0,allAx:582,thDist:-582}
% SZS output end Proof for tex_4__t45_tex_4
% ------------------------------
% Version: Vampire 4.5.1 (commit 226f88162 on 2021-09-12 20:13:44 +0200)
% Termination reason: Refutation

% >>> Input
% Input formulas: 109
% >>> Preprocessing
% Introduced skolems: 32
% Pure predicates: 2
% Unused predicate definitions: 1
% 
% >>> Saturation
% Initial clauses: 165
% Generated clauses: 3448
% Active clauses: 552
% Passive clauses: 1833
% Final active clauses: 542
% Final passive clauses: 1232
% Main loop iterations started: 599
% 
% >>> Simplifying Inferences
% Duplicate literals: 343
% Fw subsumption resolutions: 620
% Fw demodulations: 8
% Bw demodulations: 1
% 
% >>> Deletion Inferences
% Simple tautologies: 90
% Forward subsumptions: 639
% 
% >>> Generating Inferences
% Binary resolution: 2317
% Unit resulting resolution: 4
% Forward superposition: 31
% Backward superposition: 5
% Self superposition: 2
% 
% >>> AVATAR
% Split clauses: 31
% Split components: 69
% Sat splitting refutations: 11
% 
% >>> SAT Solver Statistics
% SAT solver clauses: 75
% SAT solver unit clauses: 17
% SAT solver binary clauses: 9
% 
% Memory used [KB]: 7164
% Time elapsed: 0.030 s
% ------------------------------
% ------------------------------
% Time measurement results:
% parsing: 0.001 s
% term sharing: 0.001 s
% congruence closure: 0.001 s
% backward subsumption index maintenance: 0.001 s
% backward demodulation index maintenance: 0.002 s
% forward subsumption: 0.003 s
% forward subsumption resolution: 0.006 s
% backward subsumption: 0.001 s
% resolution: 0.005 s ( own 0.004 s ) 
% superposition: 0.001 s
% other: 0.030 s ( own 0.009 s ) 

