i: [1,364,0,2,1,1,0,0] t24_tops_2
a: [3,594,0,2,1,364]
s: 594
i: [1,370,0,19,4,1,0,0] t24_tops_2
a: [3,561,0,3,1,370]
s: 561
i: [1,368,0,6,2,1,0,0] t24_tops_2
a: [3,574,0,3,1,368]
s: 574
i: [1,365,0,3,1,1,0,0] t24_tops_2
a: [3,589,0,3,1,365]
s: 589
i: [1,367,0,8,2,1,0,0] t24_tops_2
a: [3,579,0,5,1,367]
s: 579
i: [1,366,0,5,1,1,0,0] t24_tops_2
a: [3,584,0,5,1,366]
s: 584
i: [1,369,0,11,2,1,0,0] t24_tops_2
a: [3,569,0,8,1,369]
s: 569
i: [1,371,0,2,1,0,0,255] fc3_membered
a: [3,599,0,2,1,371]
s: 599
i: [1,372,0,2,1,0,0,255] fc6_membered
a: [3,604,0,2,1,372]
s: 604
i: [1,373,0,2,1,0,0,255] fc1_xboole_0
a: [3,609,0,2,1,373]
s: 609
i: [1,512,0,2,1,0,0,2] rc2_xboole_0
a: [3,629,0,2,1,512]
s: 629
i: [1,513,0,2,1,0,0,2] existence_l1_struct_0
a: [3,634,0,2,1,513]
s: 634
i: [1,514,0,2,1,0,0,1] existence_l1_pre_topc
a: [3,639,0,2,1,514]
s: 639
i: [1,515,0,2,1,0,0,2] rc1_xboole_0
a: [3,644,0,2,1,515]
s: 644
i: [1,517,0,2,1,0,0,255] rc8_finseq_1
a: [3,649,0,2,1,517]
s: 649
i: [1,516,0,2,1,0,0,255] rc8_finseq_1
a: [3,654,0,2,1,516]
s: 654
i: [1,519,0,2,1,0,0,255] rc7_funct_1
a: [3,659,0,2,1,519]
s: 659
i: [1,518,0,2,1,0,0,255] rc7_funct_1
a: [3,664,0,2,1,518]
s: 664
i: [1,521,0,2,1,0,0,255] rc2_membered
a: [3,669,0,2,1,521]
s: 669
i: [1,520,0,2,1,0,0,255] rc2_membered
a: [3,674,0,2,1,520]
s: 674
i: [1,523,0,2,1,0,0,255] rc1_membered
a: [3,679,0,2,1,523]
s: 679
i: [1,522,0,2,1,0,0,255] rc1_membered
a: [3,684,0,2,1,522]
s: 684
i: [1,525,0,2,1,0,0,255] rc3_membered
a: [3,689,0,2,1,525]
s: 689
i: [1,524,0,2,1,0,0,255] rc3_membered
a: [3,694,0,2,1,524]
s: 694
i: [1,527,0,2,1,0,0,3] rc1_relat_1
a: [3,699,0,2,1,527]
s: 699
i: [1,526,0,2,1,0,0,3] rc1_relat_1
a: [3,704,0,2,1,526]
s: 704
i: [1,530,0,2,1,0,0,255] rc4_funct_1
a: [3,709,0,2,1,530]
s: 709
i: [1,529,0,2,1,0,0,255] rc4_funct_1
a: [3,714,0,2,1,529]
s: 714
i: [1,528,0,2,1,0,0,255] rc4_funct_1
a: [3,719,0,2,1,528]
s: 719
i: [1,531,0,2,1,0,0,255] rc4_xreal_0
a: [3,724,0,2,1,531]
s: 724
i: [1,532,0,2,1,0,0,255] rc2_relat_1
a: [3,729,0,2,1,532]
s: 729
i: [1,534,0,2,1,0,0,255] rc3_funct_1
a: [3,734,0,2,1,534]
s: 734
i: [1,533,0,2,1,0,0,255] rc3_funct_1
a: [3,739,0,2,1,533]
s: 739
i: [1,540,0,2,1,0,0,255] rc5_finseq_1
a: [3,744,0,2,1,540]
s: 744
i: [1,539,0,2,1,0,0,255] rc5_finseq_1
a: [3,749,0,2,1,539]
s: 749
i: [1,538,0,2,1,0,0,255] rc5_finseq_1
a: [3,754,0,2,1,538]
s: 754
i: [1,537,0,2,1,0,0,255] rc5_finseq_1
a: [3,759,0,2,1,537]
s: 759
i: [1,535,0,2,1,0,0,255] rc5_finseq_1
a: [3,769,0,2,1,535]
s: 769
i: [1,542,0,2,1,0,0,255] rc1_funct_1
a: [3,774,0,2,1,542]
s: 774
i: [1,541,0,2,1,0,0,255] rc1_funct_1
a: [3,779,0,2,1,541]
s: 779
i: [1,545,0,2,1,0,0,255] rc5_funct_1
a: [3,784,0,2,1,545]
s: 784
i: [1,544,0,2,1,0,0,255] rc5_funct_1
a: [3,789,0,2,1,544]
s: 789
i: [1,543,0,2,1,0,0,255] rc5_funct_1
a: [3,794,0,2,1,543]
s: 794
i: [1,547,0,2,1,0,0,255] rc2_funct_1
a: [3,799,0,2,1,547]
s: 799
i: [1,546,0,2,1,0,0,255] rc2_funct_1
a: [3,804,0,2,1,546]
s: 804
i: [1,550,0,2,1,0,0,255] rc3_finseq_1
a: [3,809,0,2,1,550]
s: 809
i: [1,549,0,2,1,0,0,255] rc3_finseq_1
a: [3,814,0,2,1,549]
s: 814
i: [1,548,0,2,1,0,0,255] rc3_finseq_1
a: [3,819,0,2,1,548]
s: 819
i: [1,556,0,2,1,0,0,255] rc4_finseq_1
a: [3,824,0,2,1,556]
s: 824
i: [1,555,0,2,1,0,0,255] rc4_finseq_1
a: [3,829,0,2,1,555]
s: 829
i: [1,554,0,2,1,0,0,255] rc4_finseq_1
a: [3,834,0,2,1,554]
s: 834
i: [1,553,0,2,1,0,0,255] rc4_finseq_1
a: [3,839,0,2,1,553]
s: 839
i: [1,551,0,2,1,0,0,255] rc4_finseq_1
a: [3,849,0,2,1,551]
s: 849
i: [1,377,0,3,1,0,0,1] fc1_subset_1
s: 377
i: [1,482,0,3,1,0,0,255] rc9_funct_1
s: 482
i: [1,484,0,3,1,0,0,255] rc9_funct_1
s: 484
i: [1,486,0,3,1,0,0,1] rc2_subset_1
s: 486
i: [1,489,0,3,1,0,0,3] reflexivity_r1_tarski
s: 489
i: [1,374,0,3,1,0,0,255] redefinition_k5_numbers
a: [3,614,0,3,1,374]
s: 614
r: 604
d: [2,851,0,2,1,2,23,604,614]
a: [3,855,0,2,1,851]
s: 855
i: [1,375,0,3,1,0,0,255] t1_numerals
a: [3,619,0,3,1,375]
s: 619
i: [1,536,0,3,1,0,0,255] rc5_finseq_1
a: [3,764,0,3,1,536]
s: 764
i: [1,552,0,3,1,0,0,255] rc4_finseq_1
a: [3,844,0,3,1,552]
s: 844
d: [2,857,0,3,1,2,22,619,614]
a: [3,861,0,3,1,857]
s: 861
i: [1,393,0,4,2,0,0,255] cc9_finseq_1
s: 393
i: [1,397,0,4,2,0,0,2] dt_l1_pre_topc
s: 397
d: [2,869,1,2,1,1,40,397,594]
a: [3,874,1,2,1,869]
s: 874
i: [1,418,0,4,2,0,0,255] cc2_membered
s: 418
d: [2,863,1,2,1,1,40,393,649]
a: [3,867,1,2,1,863]
s: 867
i: [1,419,0,4,2,0,0,255] cc3_membered
s: 419
i: [1,422,0,4,2,0,0,255] cc5_membered
s: 422
d: [2,870,1,2,1,1,40,397,639]
a: [3,879,1,2,1,870]
s: 879
i: [1,423,0,4,2,0,0,255] cc4_membered
s: 423
d: [2,881,1,2,1,1,40,422,599]
a: [3,885,1,2,1,881]
s: 885
i: [1,425,0,4,2,0,0,255] cc1_membered
s: 425
i: [1,427,0,4,2,0,0,255] cc8_finseq_1
s: 427
d: [2,887,1,2,1,1,40,423,599]
a: [3,891,1,2,1,887]
s: 891
i: [1,428,0,4,2,0,0,255] cc7_funct_1
s: 428
d: [2,893,1,2,1,1,40,425,855]
a: [3,900,1,2,1,893]
s: 900
i: [1,429,0,4,2,0,0,255] cc18_membered
s: 429
i: [1,430,0,4,2,0,0,255] cc1_funct_1
s: 430
d: [2,894,1,2,1,1,40,425,669]
a: [3,905,1,2,1,894]
s: 905
i: [1,431,0,4,2,0,0,3] cc1_relat_1
s: 431
d: [2,895,1,2,1,1,40,425,679]
a: [3,910,1,2,1,895]
s: 910
i: [1,481,0,4,1,0,0,1] existence_m1_subset_1
s: 481
i: [1,483,0,4,1,0,0,255] rc9_funct_1
s: 483
d: [2,896,1,2,1,1,40,425,689]
a: [3,915,1,2,1,896]
s: 915
i: [1,488,0,4,1,0,0,2] rc3_subset_1
s: 488
d: [2,917,1,2,1,1,40,427,609]
a: [3,924,1,2,1,917]
s: 924
i: [1,376,0,4,1,0,0,255] dt_k5_numbers
a: [3,624,0,4,1,376]
s: 624
i: [1,378,0,5,1,0,0,255] t2_boole
s: 378
d: [2,919,1,2,1,1,40,427,644]
a: [3,929,1,2,1,919]
s: 929
i: [1,380,0,5,2,0,0,255] rc6_subset_1
s: 380
d: [2,920,1,2,1,1,40,427,724]
a: [3,934,1,2,1,920]
s: 934
i: [1,384,0,5,2,0,0,1] rc1_subset_1
s: 384
i: [1,386,0,5,2,0,0,255] rc5_subset_1
s: 386
d: [2,936,1,2,1,1,40,428,609]
a: [3,943,1,2,1,936]
s: 943
i: [1,387,0,5,2,0,0,255] rc5_subset_1
s: 387
d: [2,938,1,2,1,1,40,428,644]
a: [3,948,1,2,1,938]
s: 948
i: [1,432,0,5,2,0,0,255] t6_boole
s: 432
i: [1,439,0,5,2,0,0,255] cc25_membered
s: 439
d: [2,939,1,2,1,1,40,428,724]
a: [3,953,1,2,1,939]
s: 953
i: [1,478,0,5,2,0,0,2] t7_boole
s: 478
d: [2,961,1,2,1,1,40,429,609]
a: [3,968,1,2,1,961]
s: 968
i: [1,485,0,5,1,0,0,1] rc2_subset_1
s: 485
i: [1,487,0,5,1,0,0,2] rc3_subset_1
s: 487
d: [2,963,1,2,1,1,40,429,644]
a: [3,973,1,2,1,963]
s: 973
i: [1,490,0,5,1,0,0,1] idempotence_k3_xboole_0
s: 490
d: [2,964,1,2,1,1,40,429,724]
a: [3,978,1,2,1,964]
s: 978
i: [1,389,0,6,2,0,0,2] rc4_subset_1
s: 389
i: [1,412,0,6,2,0,0,1] existence_m1_pre_topc
s: 412
d: [2,980,1,2,1,1,40,430,609]
a: [3,987,1,2,1,980]
s: 987
i: [1,440,0,6,2,0,0,255] cc8_membered
s: 440
d: [2,982,1,2,1,1,40,430,644]
a: [3,992,1,2,1,982]
s: 992
i: [1,441,0,6,2,0,0,255] cc11_membered
s: 441
i: [1,453,0,6,3,0,0,255] cc1_finseq_1
s: 453
d: [2,983,1,2,1,1,40,430,724]
a: [3,997,1,2,1,983]
s: 997
d: [2,1118,0,4,2,0,21,453,431]
s: 1118
d: [2,1005,1,2,1,1,40,431,609]
a: [3,1012,1,2,1,1005]
s: 1012
i: [1,455,0,6,3,0,0,255] cc4_finseq_1
s: 455
i: [1,473,0,6,2,0,0,2] t1_subset
s: 473
d: [2,1007,1,2,1,1,40,431,644]
a: [3,1017,1,2,1,1007]
s: 1017
i: [1,492,0,6,2,0,0,255] fc31_membered
s: 492
d: [2,1008,1,2,1,1,40,431,724]
a: [3,1022,1,2,1,1008]
s: 1022
i: [1,493,0,6,2,0,0,255] fc34_membered
s: 493
i: [1,494,0,6,2,0,0,255] fc32_membered
s: 494
d: [2,1076,1,2,1,1,40,440,624]
a: [3,1083,1,2,1,1076]
s: 1083
i: [1,495,0,6,2,0,0,255] fc33_membered
s: 495
d: [2,1119,1,2,1,1,40,1118,609]
a: [3,1126,1,2,1,1119]
s: 1126
i: [1,496,0,6,2,0,0,255] fc39_membered
s: 496
i: [1,497,0,6,2,0,0,255] fc40_membered
s: 497
d: [2,1121,1,2,1,1,40,1118,644]
a: [3,1131,1,2,1,1121]
s: 1131
i: [1,498,0,6,2,0,0,255] fc38_membered
s: 498
d: [2,1122,1,2,1,1,40,1118,724]
a: [3,1136,1,2,1,1122]
s: 1136
i: [1,499,0,6,2,0,0,255] fc37_membered
s: 499
i: [1,500,0,6,2,0,0,255] fc35_membered
s: 500
d: [2,1139,1,4,2,0,44,492,378]
a: [3,1143,1,2,1,1139]
s: 1143
r: 492
r: 494
d: [2,1214,2,0,0,2,40,1143,885]
e: 1214
d: [2,1212,2,0,0,2,52,885,1143]
e: 1212
d: [2,1213,2,0,0,2,52,599,1143,422]
e: 1213
r: 1143
s: 492
a: [3,1147,1,2,1,1139]
s: 1147
s: 494
i: [1,501,0,6,2,0,0,255] fc36_membered
s: 501
d: [2,1165,1,4,2,0,44,495,378]
a: [3,1169,1,2,1,1165]
s: 1169
r: 493
r: 495
d: [2,1230,2,0,0,2,40,1169,891]
e: 1230
d: [2,1228,2,0,0,2,52,891,1169]
e: 1228
d: [2,1229,2,0,0,2,52,599,1169,423]
e: 1229
r: 1169
s: 493
a: [3,1173,1,2,1,1165]
s: 1173
s: 495
i: [1,502,0,6,2,0,0,255] fc41_membered
s: 502
d: [2,1190,1,4,2,0,44,499,378]
a: [3,1194,1,2,1,1190]
s: 1194
r: 419
r: 498
r: 499
d: [2,1242,2,0,0,2,52,900,1194,418]
e: 1242
r: 1194
s: 419
a: [3,1198,1,2,1,1190]
s: 1198
s: 498
s: 499
d: [2,1202,1,4,2,0,44,500,378]
a: [3,1206,1,2,1,1202]
s: 1206
r: 422
r: 423
r: 500
r: 501
d: [2,1257,2,0,0,2,40,1206,1083]
e: 1257
d: [2,1256,2,0,0,2,40,1206,599]
e: 1256
d: [2,1253,2,0,0,2,52,599,1206]
e: 1253
d: [2,1254,2,0,0,2,52,1198,1206,419]
e: 1254
d: [2,1255,2,0,0,2,52,624,1206,440]
e: 1255
r: 1206
s: 422
a: [3,1210,1,2,1,1202]
s: 1210
s: 423
s: 500
d: [2,955,2,2,1,1,40,900,418]
a: [3,959,2,2,1,955]
s: 959
s: 501
d: [2,999,2,2,1,1,40,905,418]
a: [3,1003,2,2,1,999]
s: 1003
i: [1,503,0,6,2,0,0,255] fc42_membered
s: 503
i: [1,504,0,6,2,0,0,2] fc1_relat_1
s: 504
d: [2,1024,2,2,1,1,40,910,418]
a: [3,1028,2,2,1,1024]
s: 1028
i: [1,505,0,6,2,0,0,2] antisymmetry_r2_hidden
s: 505
d: [2,1030,2,2,1,1,40,915,418]
a: [3,1034,2,2,1,1030]
s: 1034
i: [1,379,0,7,2,0,0,255] rc6_subset_1
s: 379
i: [1,383,0,7,2,0,0,1] rc1_subset_1
s: 383
d: [2,1056,2,2,1,1,40,968,425]
a: [3,1061,2,2,1,1056]
s: 1061
i: [1,385,0,7,2,0,0,255] rc5_subset_1
s: 385
d: [2,1324,1,5,2,0,40,383,440]
a: [3,1333,1,2,1,1324]
s: 1333
r: 1333
i: [1,388,0,7,2,0,0,2] rc4_subset_1
s: 388
i: [1,390,0,7,2,0,0,1] fc12_struct_0
s: 390
s: 1333
i: [1,391,0,7,2,0,0,1] d3_struct_0
s: 391
d: [2,1418,1,10,2,1,44,569,391]
a: [3,1424,1,2,1,1418]
s: 1424
i: [1,394,0,7,3,0,0,255] cc10_finseq_1
s: 394
i: [1,409,0,7,3,0,0,1] dt_m1_pre_topc
s: 409
d: [2,1468,1,4,2,1,40,409,589]
d: [2,1471,1,2,1,2,21,1468,594]
a: [3,1475,1,2,1,1471]
s: 1475
d: [2,1477,2,0,0,2,52,1424,1475,397]
e: 1477
d: [2,1478,2,2,1,1,40,1475,397]
d: [2,1480,2,0,0,2,21,1478,1424]
e: 1480
r: 1424
i: [1,413,0,7,3,0,0,255] cc8_funct_1
s: 413
a: [3,1423,1,2,1,1418]
s: 1423
i: [1,414,0,7,3,0,0,255] cc8_funct_1
s: 414
i: [1,475,0,7,2,0,0,3] t3_subset
s: 475
d: [2,1430,1,6,2,1,40,394,579]
a: [3,1444,1,4,1,1430]
s: 1444
i: [1,476,0,7,2,0,0,3] t3_subset
s: 476
d: [2,1431,1,6,2,1,40,394,584]
a: [3,1453,1,4,1,1431]
s: 1453
i: [1,477,0,7,3,0,0,1] t8_boole
s: 477
i: [1,491,0,7,1,0,0,1] commutativity_k3_xboole_0
s: 491
d: [2,1483,1,6,2,1,40,413,579]
a: [3,1497,1,4,1,1483]
s: 1497
i: [1,392,0,8,2,0,0,1] dt_k2_struct_0
s: 392
d: [2,1484,1,6,2,1,40,413,584]
a: [3,1506,1,4,1,1484]
s: 1506
i: [1,395,0,8,3,0,0,255] cc11_finseq_1
s: 395
r: 1333
i: [1,396,0,8,3,0,0,255] cc5_subset_1
s: 396
d: [2,1621,1,5,2,1,40,395,579]
a: [3,1629,1,3,1,1621]
s: 1629
i: [1,415,0,8,3,0,0,255] cc9_funct_1
s: 415
d: [2,1622,1,5,2,1,40,395,584]
a: [3,1638,1,3,1,1622]
s: 1638
i: [1,416,0,8,3,0,0,255] cc20_membered
s: 416
i: [1,417,0,8,3,0,0,255] cc19_membered
s: 417
d: [2,1656,1,5,2,1,40,396,579]
a: [3,1664,1,3,1,1656]
s: 1664
i: [1,420,0,8,3,0,0,255] cc23_membered
s: 420
d: [2,1657,1,5,2,1,40,396,584]
a: [3,1673,1,3,1,1657]
s: 1673
i: [1,421,0,8,3,0,0,255] cc22_membered
s: 421
i: [1,424,0,8,3,0,0,255] cc21_membered
s: 424
d: [2,1687,1,5,2,1,40,415,579]
a: [3,1695,1,3,1,1687]
s: 1695
i: [1,426,0,8,3,0,0,255] cc24_membered
s: 426
d: [2,1688,1,5,2,1,40,415,584]
a: [3,1704,1,3,1,1688]
s: 1704
i: [1,433,0,8,3,0,0,1] cc1_subset_1
s: 433
i: [1,438,0,8,3,0,0,3] cc2_relat_1
s: 438
d: [2,1722,1,5,2,1,40,416,579]
a: [3,1730,1,3,1,1722]
s: 1730
i: [1,444,0,8,4,0,0,255] cc6_funct_1
s: 444
d: [2,1723,1,5,2,1,40,416,584]
a: [3,1739,1,3,1,1723]
s: 1739
i: [1,449,0,8,4,0,0,255] cc4_funct_1
s: 449
d: [2,1954,0,6,3,0,21,449,430]
d: [2,1955,0,4,2,0,21,1954,431]
s: 1955
d: [2,1754,1,5,2,1,40,417,579]
a: [3,1762,1,3,1,1754]
s: 1762
i: [1,456,0,8,4,0,0,255] cc5_funct_1
s: 456
d: [2,1755,1,5,2,1,40,417,584]
a: [3,1771,1,3,1,1755]
s: 1771
i: [1,467,0,8,4,0,0,255] cc6_finseq_1
s: 467
i: [1,474,0,8,3,0,0,2] t2_subset
s: 474
d: [2,1786,1,5,2,1,40,420,579]
a: [3,1794,1,3,1,1786]
s: 1794
i: [1,398,0,9,2,0,0,2] dt_u1_pre_topc
s: 398
d: [2,1787,1,5,2,1,40,420,584]
a: [3,1803,1,3,1,1787]
s: 1803
i: [1,434,0,9,3,0,0,2] cc4_subset_1
s: 434
i: [1,435,0,9,4,0,0,255] cc7_relat_1
s: 435
d: [2,1816,1,5,2,1,40,421,579]
a: [3,1824,1,3,1,1816]
s: 1824
i: [1,460,0,9,4,0,0,255] cc7_finseq_1
s: 460
d: [2,1817,1,5,2,1,40,421,584]
a: [3,1833,1,3,1,1817]
s: 1833
i: [1,469,0,9,4,0,0,255] cc5_finseq_1
s: 469
i: [1,480,0,9,3,0,0,2] t5_subset
s: 480
d: [2,1846,1,5,2,1,40,424,579]
a: [3,1854,1,3,1,1846]
s: 1854
i: [1,472,0,10,4,0,0,255] cc3_funct_1
s: 472
d: [2,1847,1,5,2,1,40,424,584]
a: [3,1863,1,3,1,1847]
s: 1863
i: [1,479,0,10,3,0,0,2] t4_subset
s: 479
i: [1,507,0,10,2,0,0,1] idempotence_k9_subset_1
s: 507
d: [2,1876,1,5,2,1,40,426,579]
a: [3,1884,1,3,1,1876]
s: 1884
i: [1,381,0,11,4,0,0,2] cc3_subset_1
s: 381
d: [2,1906,1,5,2,1,40,433,579]
a: [3,1917,1,2,1,1906]
s: 1917
i: [1,382,0,11,4,0,0,2] cc2_subset_1
s: 382
i: [1,508,0,11,2,0,0,1] dt_k9_subset_1
s: 508
d: [2,1907,1,5,2,1,40,433,584]
a: [3,1926,1,2,1,1907]
s: 1926
i: [1,399,0,12,4,0,0,2] d4_pre_topc
s: 399
d: [2,1877,1,5,2,1,40,426,584]
a: [3,1893,1,3,1,1877]
s: 1893
d: [2,2281,0,10,3,0,21,399,409]
s: 2281
i: [1,506,0,12,4,0,0,255] cc5_relat_1
s: 506
a: [3,1914,1,3,1,1906]
s: 1914
i: [1,509,0,12,2,0,0,1] redefinition_k9_subset_1
s: 509
a: [3,1923,1,3,1,1907]
s: 1923
i: [1,511,0,12,4,0,0,255] fc2_relset_1
s: 511
i: [1,510,0,13,2,0,0,1] commutativity_k9_subset_1
s: 510
d: [2,1937,1,5,2,1,40,438,579]
a: [3,1945,1,3,1,1937]
s: 1945
i: [1,410,0,14,4,0,0,1] d2_pre_topc
s: 410
r: 561
r: 574
a: [3,560,0,3,1,370]
s: 560
a: [3,573,0,3,1,368]
s: 573
a: [3,564,0,16,3,370]
s: 564
d: [2,1938,1,5,2,1,40,438,584]
a: [3,1950,1,3,1,1938]
s: 1950
i: [1,411,0,14,4,0,0,1] d2_pre_topc
s: 411
d: [2,1547,1,4,1,1,40,475,579]
a: [3,1560,1,4,1,1547]
s: 1560
i: [1,404,0,19,5,0,0,2] d4_pre_topc
s: 404
i: [1,401,0,23,6,0,0,2] d4_pre_topc
s: 401
d: [2,1548,1,4,1,1,40,475,584]
a: [3,1565,1,4,1,1548]
s: 1565
d: [2,2447,0,21,5,0,21,401,409]
s: 2447
d: [2,2344,1,9,3,1,40,410,579]
d: [2,2356,1,6,2,2,21,2344,574]
d: [2,2357,1,4,1,3,21,2356,594]
a: [3,2360,1,4,1,2357]
s: 2360
i: [1,400,0,24,6,0,0,2] d4_pre_topc
s: 400
d: [2,2451,0,22,5,0,21,400,409]
s: 2451
d: [2,2345,1,9,3,1,40,410,584]
d: [2,2364,1,7,2,2,21,2345,1475]
a: [3,2368,1,4,1,2364]
s: 2368
i: [1,406,0,24,6,0,0,2] d4_pre_topc
s: 406
d: [2,2482,2,3,1,1,40,2368,478]
a: [3,2496,2,3,1,2482]
s: 2496
i: [1,405,0,25,6,0,0,2] d4_pre_topc
s: 405
i: [1,402,0,27,6,0,0,2] d4_pre_topc
s: 402
d: [2,2374,1,19,4,1,44,564,507]
a: [3,2386,1,4,1,2374]
s: 2386
d: [2,2529,0,25,5,0,21,402,409]
s: 2529
d: [2,2480,2,4,1,1,40,2368,505]
a: [3,2486,2,4,1,2480]
s: 2486
i: [1,407,0,30,6,0,0,2] d4_pre_topc
s: 407
i: [1,557,0,35,7,0,0,2] d4_pre_topc
s: 557
d: [2,2481,2,4,1,1,40,2368,473]
a: [3,2491,2,4,1,2481]
s: 2491
d: [2,2561,0,33,6,0,21,557,409]
s: 2561
d: [2,2563,3,5,2,1,40,2491,414]
a: [3,2569,3,3,1,2563]
s: 2569
i: [1,408,0,37,8,0,0,2] d4_pre_topc
s: 408
d: [2,2066,1,9,2,1,40,474,579]
d: [2,2079,1,5,1,1,21,2066,377]
a: [3,2083,1,5,1,2079]
s: 2083
d: [2,2565,3,5,2,1,40,2491,394]
a: [3,2575,3,3,1,2565]
s: 2575
d: [2,2067,1,9,2,1,40,474,584]
d: [2,2085,1,5,1,1,21,2067,377]
a: [3,2089,1,5,1,2085]
s: 2089
d: [2,2530,2,6,2,1,44,2386,391]
d: [2,2531,2,4,1,2,21,2530,1423]
a: [3,2535,2,4,1,2531]
s: 2535
d: [2,2311,1,12,2,1,44,509,569]
a: [3,2320,1,6,1,2311]
s: 2320
d: [2,2619,2,0,0,2,52,1423,2320,392]
e: 2619
d: [2,2620,2,2,1,1,40,2320,392]
d: [2,2624,2,0,0,2,21,2620,1423]
e: 2624
r: 569
r: 2320
a: [3,568,0,8,1,369]
s: 568
d: [2,2603,2,5,1,1,40,2083,505]
a: [3,2609,2,5,1,2603]
s: 2609
a: [3,2319,1,6,1,2311]
s: 2319
d: [2,2634,2,11,3,1,40,2319,381]
d: [2,2669,2,8,2,2,21,2634,1923]
a: [3,2677,2,3,1,2669]
s: 2677
a: [3,2323,1,6,1,2311]
s: 2323
d: [2,2226,1,7,2,1,40,479,579]
s: 2226
d: [2,2632,2,11,3,1,40,2319,411]
d: [2,2657,2,9,2,2,21,2632,1475]
a: [3,2660,2,4,1,2657]
s: 2660
d: [2,2227,1,7,2,1,40,479,584]
s: 2227
d: [2,2709,3,6,2,1,44,2660,391]
d: [2,2710,3,4,1,2,21,2709,1423]
a: [3,2714,3,4,1,2710]
s: 2714
a: [3,1427,1,8,1,1418]
s: 1427
d: [2,1304,1,5,2,0,40,379,440]
a: [3,1312,1,2,1,1304]
s: 1312
d: [2,2611,2,5,1,1,40,2089,505]
a: [3,2617,2,5,1,2611]
s: 2617
a: [3,1332,1,2,1,1324]
s: 1332
a: [3,2665,2,5,1,2657]
s: 2665
d: [2,1325,1,5,2,0,40,383,441]
a: [3,1341,1,2,1,1325]
s: 1341
d: [2,1485,1,5,2,1,40,413,624]
a: [3,1519,1,2,1,1485]
s: 1519
d: [2,2648,2,5,1,1,40,2319,475]
a: [3,2682,2,5,1,2648]
s: 2682
d: [2,1956,1,2,1,1,40,1955,609]
a: [3,1963,1,2,1,1956]
s: 1963
d: [2,2723,3,7,2,1,44,2665,391]
d: [2,2724,3,5,1,2,21,2723,1423]
a: [3,2728,3,5,1,2724]
s: 2728
d: [2,1958,1,2,1,1,40,1955,644]
a: [3,1968,1,2,1,1958]
s: 1968
d: [2,1959,1,2,1,1,40,1955,724]
a: [3,1973,1,2,1,1959]
s: 1973
d: [2,2652,2,10,2,1,40,2319,474]
d: [2,2684,2,6,1,1,21,2652,377]
a: [3,2688,2,6,1,2684]
s: 2688
d: [2,1978,1,6,3,1,40,467,709]
d: [2,2002,1,4,2,2,21,1978,714]
a: [3,2010,1,2,1,2002]
s: 2010
d: [2,2656,2,8,2,1,44,2319,391]
d: [2,2690,2,6,1,2,21,2656,1423]
a: [3,2694,2,6,1,2690]
s: 2694
d: [2,1980,1,6,3,1,40,467,734]
d: [2,2019,1,4,2,2,21,1980,739]
a: [3,2027,1,2,1,2019]
s: 2027
d: [2,1982,1,6,3,1,40,467,774]
d: [2,2029,1,4,2,2,21,1982,779]
a: [3,2037,1,2,1,2029]
s: 2037
d: [2,2697,2,8,2,1,44,2323,391]
d: [2,2698,2,6,1,2,21,2697,1423]
a: [3,2702,2,6,1,2698]
s: 2702
d: [2,1983,1,6,3,1,40,467,789]
d: [2,2039,1,4,2,2,21,1983,794]
a: [3,2047,1,2,1,2039]
s: 2047
d: [2,2732,3,6,1,1,40,2688,505]
a: [3,2739,3,6,1,2732]
s: 2739
d: [2,1984,1,6,3,1,40,467,799]
d: [2,2049,1,4,2,2,21,1984,804]
a: [3,2057,1,2,1,2049]
s: 2057
d: [2,918,1,3,1,0,40,427,486]
s: 918
d: [2,2735,3,8,2,1,44,2688,391]
d: [2,2741,3,6,1,2,21,2735,1423]
a: [3,2745,3,6,1,2741]
s: 2745
d: [2,937,1,3,1,0,40,428,486]
s: 937
d: [2,2773,4,8,2,1,44,2739,391]
d: [2,2774,4,6,1,2,21,2773,1423]
a: [3,2778,4,6,1,2774]
s: 2778
d: [2,962,1,3,1,0,40,429,486]
s: 962
d: [2,981,1,3,1,0,40,430,486]
s: 981
d: [2,2704,2,10,3,1,40,2226,474]
d: [2,2708,2,7,2,2,21,2704,1914]
s: 2708
d: [2,1006,1,3,1,0,40,431,486]
s: 1006
d: [2,2716,2,10,3,1,40,2227,474]
d: [2,2720,2,7,2,2,21,2716,1923]
s: 2720
d: [2,1049,1,3,1,0,40,439,481]
a: [3,1054,1,3,1,1049]
s: 1054
d: [2,1077,1,3,1,0,40,440,485]
a: [3,1088,1,3,1,1077]
s: 1088
d: [2,2787,3,7,2,2,40,2708,505]
s: 2787
d: [2,1078,1,3,1,0,40,440,487]
a: [3,1093,1,3,1,1078]
s: 1093
d: [2,2812,4,8,2,2,40,2787,2708]
d: [2,2814,4,4,1,2,18,2812]
a: [3,2818,4,4,1,2814]
s: 2818
d: [2,1100,1,3,1,0,40,441,485]
a: [3,1106,1,3,1,1100]
s: 1106
d: [2,1101,1,3,1,0,40,441,487]
a: [3,1111,1,3,1,1101]
s: 1111
d: [2,2813,4,8,2,4,40,2787,2720]
a: [3,2827,4,4,1,2813]
s: 2827
d: [2,1120,1,3,1,0,40,1118,486]
s: 1120
d: [2,2790,3,7,2,2,40,2720,505]
s: 2790
a: [3,1309,1,3,1,1304]
s: 1309
d: [2,1305,1,5,2,0,40,379,441]
a: [3,1318,1,3,1,1305]
s: 1318
d: [2,2849,4,8,2,2,40,2790,2720]
d: [2,2850,4,4,1,2,18,2849]
a: [3,2854,4,4,1,2850]
s: 2854
a: [3,1329,1,3,1,1324]
s: 1329
d: [2,2649,2,8,2,1,40,2319,479]
s: 2649
a: [3,1338,1,3,1,1325]
s: 1338
d: [2,1346,1,5,2,0,40,385,440]
a: [3,1351,1,3,1,1346]
s: 1351
d: [2,1063,2,2,1,1,40,973,425]
a: [3,1067,2,2,1,1063]
s: 1067
d: [2,1347,1,5,2,0,40,385,441]
a: [3,1356,1,3,1,1347]
s: 1356
d: [2,1069,2,2,1,1,40,978,425]
a: [3,1073,2,2,1,1069]
s: 1073
d: [2,1394,1,5,2,0,40,388,440]
a: [3,1399,1,3,1,1394]
s: 1399
d: [2,1395,1,5,2,0,40,388,441]
a: [3,1404,1,3,1,1395]
s: 1404
d: [2,1153,2,2,1,1,40,1083,423]
a: [3,1158,2,2,1,1153]
s: 1158
d: [2,1432,1,5,2,1,40,394,624]
a: [3,1462,1,3,1,1432]
s: 1462
d: [2,1154,2,2,1,1,40,1083,422]
a: [3,1163,2,2,1,1154]
s: 1163
a: [3,1515,1,3,1,1485]
s: 1515
d: [2,1549,1,3,1,1,40,475,624]
a: [3,1570,1,3,1,1549]
s: 1570
d: [2,1358,2,2,1,1,40,1333,1118]
a: [3,1367,2,2,1,1358]
s: 1367
d: [2,1957,1,3,1,0,40,1955,486]
s: 1957
d: [2,1359,2,2,1,1,40,1333,431]
a: [3,1371,2,2,1,1359]
s: 1371
d: [2,2070,1,5,2,1,40,474,861]
a: [3,2101,1,3,1,2070]
s: 2101
d: [2,2377,1,20,4,1,44,564,509]
a: [3,2402,1,14,3,2377]
s: 2402
d: [2,1360,2,2,1,1,40,1333,430]
a: [3,1377,2,2,1,1360]
s: 1377
d: [2,2372,1,18,4,1,44,564,391]
d: [2,2379,1,16,3,2,21,2372,1423]
s: 2379
d: [2,1361,2,2,1,1,40,1333,429]
a: [3,1382,2,2,1,1361]
s: 1382
d: [2,2376,1,22,4,1,44,564,510]
a: [3,2398,1,16,3,2376]
s: 2398
d: [2,1079,1,4,1,0,40,440,481]
a: [3,1098,1,4,1,1079]
s: 1098
d: [2,1362,2,2,1,1,40,1333,428]
a: [3,1386,2,2,1,1362]
s: 1386
d: [2,1102,1,4,1,0,40,441,481]
a: [3,1116,1,4,1,1102]
s: 1116
d: [2,1363,2,2,1,1,40,1333,427]
a: [3,1391,2,2,1,1363]
s: 1391
d: [2,1554,1,4,1,0,40,475,485]
s: 1554
d: [2,1555,1,4,1,0,40,475,487]
s: 1555
d: [2,1975,2,6,3,1,40,467,987]
d: [2,1987,2,4,2,2,21,1975,1126]
d: [2,1988,2,2,1,3,21,1987,1012]
a: [3,1992,2,2,1,1988]
s: 1992
d: [2,2069,1,7,2,1,40,474,624]
d: [2,2092,1,4,1,1,21,2069,377]
a: [3,2096,1,4,1,2092]
s: 2096
d: [2,1977,2,6,3,1,40,467,992]
d: [2,1995,2,4,2,2,21,1977,1131]
d: [2,1996,2,2,1,3,21,1995,1017]
a: [3,2000,2,2,1,1996]
s: 2000
d: [2,1046,1,5,2,1,44,861,432]
s: 1046
d: [2,1440,1,5,2,0,40,394,481]
s: 1440
d: [2,1979,2,6,3,1,40,467,997]
d: [2,2012,2,4,2,2,21,1979,1136]
d: [2,2013,2,2,1,3,21,2012,1022]
a: [3,2017,2,2,1,2013]
s: 2017
d: [2,1469,1,7,3,0,40,409,412]
d: [2,1470,1,5,2,0,18,1469]
s: 1470
d: [2,1281,3,2,1,1,40,1003,419]
a: [3,1285,3,2,1,1281]
s: 1285
d: [2,1493,1,5,2,0,40,413,481]
s: 1493
d: [2,1531,1,5,2,0,40,414,481]
s: 1531
d: [2,1292,3,2,1,1,40,1028,419]
a: [3,1296,3,2,1,1292]
s: 1296
d: [2,1556,1,5,1,0,40,475,481]
s: 1556
d: [2,1298,3,2,1,1,40,1034,419]
a: [3,1302,3,2,1,1298]
s: 1302
d: [2,1572,1,5,2,0,40,476,440]
s: 1572
d: [2,1573,1,5,2,0,40,476,441]
s: 1573
d: [2,2905,3,2,1,1,40,1067,418]
a: [3,2909,3,2,1,2905]
s: 2909
d: [2,1578,1,5,1,0,44,491,378]
s: 1578
d: [2,3080,2,11,3,1,44,2402,1578]
a: [3,3084,2,5,1,3080]
s: 3084
d: [2,1579,1,5,1,0,44,491,378]
s: 1579
d: [2,1580,1,5,1,0,44,378,491]
s: 1580
d: [2,3094,3,4,1,1,40,3084,476]
a: [3,3099,3,4,1,3094]
s: 3099
d: [2,1594,1,5,1,0,44,378,491]
s: 1594
d: [2,3101,4,6,2,1,44,3099,432]
s: 3101
d: [2,3102,5,0,0,1,52,486,1554,3101]
e: 3102
d: [2,3106,5,4,1,1,40,3101,1554]
d: [2,3109,5,0,0,1,21,3106,486]
e: 3109
r: 3084
r: 3101
r: 3099
d: [2,1618,1,5,2,0,40,395,485]
s: 1618
d: [2,1619,1,5,2,0,40,395,487]
s: 1619
a: [3,3088,2,3,1,3080]
s: 3088
d: [2,1653,1,5,2,0,40,396,485]
s: 1653
a: [3,3098,3,4,1,3094]
s: 3098
d: [2,1654,1,5,2,0,40,396,487]
s: 1654
d: [2,1684,1,5,2,0,40,415,485]
s: 1684
a: [3,3083,2,5,1,3080]
s: 3083
d: [2,1685,1,5,2,0,40,415,487]
s: 1685
d: [2,3116,3,9,3,1,40,3083,411]
d: [2,3141,3,6,2,2,21,3116,3088]
d: [2,3142,3,4,1,3,21,3141,594]
a: [3,3146,3,4,1,3142]
s: 3146
d: [2,1719,1,5,2,0,40,416,485]
s: 1719
d: [2,1720,1,5,2,0,40,416,487]
s: 1720
d: [2,3118,3,9,3,1,40,3083,381]
d: [2,3148,3,7,2,2,21,3118,609]
d: [2,3149,3,4,1,3,21,3148,1914]
a: [3,3153,3,4,1,3149]
s: 3153
d: [2,1751,1,5,2,0,40,417,485]
s: 1751
d: [2,3112,3,5,2,1,44,3088,432]
s: 3112
d: [2,1752,1,5,2,0,40,417,487]
s: 1752
d: [2,1783,1,5,2,0,40,420,485]
s: 1783
d: [2,3136,3,9,2,1,40,3083,474]
d: [2,3155,3,5,1,1,21,3136,377]
a: [3,3159,3,5,1,3155]
s: 3159
d: [2,1784,1,5,2,0,40,420,487]
s: 1784
d: [2,3164,4,5,1,1,40,3159,505]
a: [3,3171,4,5,1,3164]
s: 3171
d: [2,1813,1,5,2,0,40,421,485]
s: 1813
d: [2,1814,1,5,2,0,40,421,487]
s: 1814
d: [2,3114,4,6,2,1,44,3098,432]
s: 3114
d: [2,1843,1,5,2,0,40,424,485]
s: 1843
d: [2,3161,4,6,2,1,44,3146,432]
s: 3161
d: [2,1844,1,5,2,0,40,424,487]
s: 1844
d: [2,1873,1,5,2,0,40,426,485]
s: 1873
d: [2,3162,4,6,2,1,44,3153,432]
s: 3162
d: [2,1874,1,5,2,0,40,426,487]
s: 1874
d: [2,3186,5,5,2,1,40,3162,390]
d: [2,3192,5,3,1,2,21,3186,874]
a: [3,3196,5,3,1,3192]
s: 3196
d: [2,1904,1,5,2,0,40,433,487]
s: 1904
d: [2,1934,1,5,2,0,40,438,485]
s: 1934
d: [2,3185,5,4,1,1,40,3162,488]
a: [3,3190,5,4,1,3185]
s: 3190
d: [2,1935,1,5,2,0,40,438,487]
s: 1935
d: [2,3133,3,7,2,1,40,3083,479]
s: 3133
d: [2,2063,1,8,2,0,40,474,485]
d: [2,2076,1,5,1,0,21,2063,377]
s: 2076
d: [2,2064,1,8,2,0,40,474,487]
d: [2,2077,1,5,1,0,21,2064,377]
s: 2077
d: [2,3140,3,7,2,1,44,3083,432]
s: 3140
d: [2,2150,1,8,3,0,40,435,483]
d: [2,2157,1,5,2,0,21,2150,482]
s: 2157
d: [2,3167,4,7,2,1,44,3159,432]
s: 3167
d: [2,2237,1,9,3,0,40,381,487]
d: [2,2249,1,5,2,0,21,2237,488]
s: 2249
d: [2,2375,1,21,4,1,44,564,510]
s: 2375
d: [2,3208,4,10,3,1,40,3133,474]
d: [2,3212,4,7,2,2,21,3208,1914]
s: 3212
d: [2,1176,1,6,2,0,40,496,418]
s: 1176
a: [3,2823,4,4,1,2813]
s: 2823
d: [2,1183,1,6,2,0,40,497,418]
s: 1183
d: [2,1186,1,6,2,0,40,498,419]
s: 1186
d: [2,3239,4,11,3,1,40,3140,474]
d: [2,3245,4,7,2,1,21,3239,377]
s: 3245
d: [2,1189,1,6,2,0,40,499,419]
s: 1189
d: [2,3260,5,7,2,2,40,3212,505]
s: 3260
d: [2,1200,1,6,2,0,40,500,423]
s: 1200
d: [2,1201,1,6,2,0,40,500,422]
s: 1201
d: [2,3296,6,8,2,2,40,3260,3212]
d: [2,3300,6,4,1,2,18,3296]
a: [3,3304,6,4,1,3300]
s: 3304
d: [2,1224,1,6,2,0,40,501,423]
s: 1224
d: [2,2917,3,2,1,1,40,1073,418]
a: [3,2921,3,2,1,2917]
s: 2921
d: [2,1225,1,6,2,0,40,501,422]
s: 1225
d: [2,1239,1,6,2,0,40,502,425]
s: 1239
d: [2,2962,3,2,1,1,40,1382,425]
a: [3,2966,3,2,1,2962]
s: 2966
d: [2,1247,1,6,2,0,40,498,419]
s: 1247
d: [2,3008,4,2,1,1,40,1285,423]
a: [3,3013,4,2,1,3008]
s: 3013
d: [2,1250,1,6,2,0,40,499,419]
s: 1250
d: [2,1272,1,6,2,0,40,500,423]
s: 1272
d: [2,3009,4,2,1,1,40,1285,422]
a: [3,3018,4,2,1,3009]
s: 3018
d: [2,1273,1,6,2,0,40,500,422]
s: 1273
d: [2,3022,4,2,1,1,40,1296,423]
a: [3,3027,4,2,1,3022]
s: 3027
d: [2,1277,1,6,2,0,40,501,423]
s: 1277
d: [2,1278,1,6,2,0,40,501,422]
s: 1278
d: [2,3023,4,2,1,1,40,1296,422]
a: [3,3032,4,2,1,3023]
s: 3032
d: [2,1287,1,6,2,0,40,503,425]
s: 1287
d: [2,3034,4,2,1,1,40,1302,423]
a: [3,3039,4,2,1,3034]
s: 3039
d: [2,1437,1,6,2,0,40,394,485]
s: 1437
d: [2,1438,1,6,2,0,40,394,487]
s: 1438
d: [2,3035,4,2,1,1,40,1302,422]
a: [3,3044,4,2,1,3035]
s: 3044
d: [2,1490,1,6,2,0,40,413,485]
s: 1490
d: [2,3055,4,2,1,1,40,2909,419]
a: [3,3059,4,2,1,3055]
s: 3059
d: [2,1491,1,6,2,0,40,413,487]
s: 1491
d: [2,1528,1,6,2,0,40,414,485]
s: 1528
d: [2,3322,4,2,1,1,40,2921,419]
a: [3,3326,4,2,1,3322]
s: 3326
d: [2,1529,1,6,2,0,40,414,487]
s: 1529
d: [2,3339,4,2,1,1,40,2966,418]
a: [3,3343,4,2,1,3339]
s: 3343
d: [2,1550,1,6,2,0,40,475,379]
s: 1550
d: [2,1551,1,6,2,0,40,475,383]
s: 1551
d: [2,3351,5,2,1,1,40,3059,423]
a: [3,3356,5,2,1,3351]
s: 3356
d: [2,1552,1,6,2,0,40,475,385]
s: 1552
d: [2,3352,5,2,1,1,40,3059,422]
a: [3,3361,5,2,1,3352]
s: 3361
d: [2,1553,1,6,2,0,40,475,388]
s: 1553
d: [2,1593,1,6,2,0,44,504,491]
s: 1593
d: [2,3363,5,2,1,1,40,3326,423]
a: [3,3368,5,2,1,3363]
s: 3368
d: [2,1607,1,6,2,0,44,504,491]
s: 1607
d: [2,3364,5,2,1,1,40,3326,422]
a: [3,3373,5,2,1,3364]
s: 3373
d: [2,1625,1,6,2,0,40,395,481]
s: 1625
d: [2,1660,1,6,2,0,40,396,481]
s: 1660
d: [2,2780,2,3,1,0,40,918,393]
s: 2780
d: [2,1691,1,6,2,0,40,415,481]
s: 1691
d: [2,2785,2,3,1,0,40,962,425]
s: 2785
r: 1783
d: [2,1726,1,6,2,0,40,416,481]
s: 1726
d: [2,1758,1,6,2,0,40,417,481]
s: 1758
d: [2,2794,2,3,1,1,40,1054,425]
a: [3,2798,2,3,1,2794]
s: 2798
d: [2,1790,1,6,2,0,40,420,481]
s: 1790
d: [2,2800,2,3,1,1,40,1088,423]
a: [3,2805,2,3,1,2800]
s: 2805
d: [2,1820,1,6,2,0,40,421,481]
s: 1820
d: [2,1850,1,6,2,0,40,424,481]
s: 1850
d: [2,2801,2,3,1,1,40,1088,422]
a: [3,2810,2,3,1,2801]
s: 2810
d: [2,1880,1,6,2,0,40,426,481]
s: 1880
d: [2,2829,2,3,1,1,40,1093,423]
a: [3,2834,2,3,1,2829]
s: 2834
d: [2,1910,1,6,2,0,40,433,481]
s: 1910
d: [2,1941,1,6,2,0,40,438,481]
s: 1941
d: [2,2830,2,3,1,1,40,1093,422]
a: [3,2839,2,3,1,2830]
s: 2839
d: [2,1976,1,9,3,0,40,467,484]
d: [2,1994,1,6,2,0,21,1976,482]
s: 1994
d: [2,2841,2,3,1,1,40,1111,425]
a: [3,2845,2,3,1,2841]
s: 2845
d: [2,2071,1,6,2,0,40,474,481]
s: 2071
d: [2,2124,1,6,2,0,40,434,485]
s: 2124
d: [2,3420,5,7,2,1,40,2071,3161]
a: [3,3430,5,4,1,3420]
s: 3430
d: [2,2174,1,6,2,0,40,480,485]
s: 2174
d: [2,3419,3,9,2,1,40,2071,2649]
d: [2,3421,3,6,1,2,21,3419,2677]
a: [3,3425,3,6,1,3421]
s: 3425
d: [2,2175,1,6,2,0,40,480,487]
s: 2175
d: [2,2230,1,6,2,1,40,479,624]
s: 2230
d: [2,3438,4,9,2,1,40,3425,474]
d: [2,3443,4,6,1,2,21,3438,1923]
a: [3,3447,4,6,1,3443]
s: 3447
d: [2,2236,1,9,3,0,40,381,485]
d: [2,2248,1,6,2,0,21,2236,486]
s: 2248
d: [2,3463,5,6,1,1,40,3447,505]
a: [3,3470,5,6,1,3463]
s: 3470
d: [2,1042,1,7,3,0,44,432,432]
s: 1042
d: [2,1044,1,7,2,0,44,378,432]
s: 1044
d: [2,3466,5,8,2,1,44,3447,391]
d: [2,3472,5,6,1,2,21,3466,1423]
a: [3,3476,5,6,1,3472]
s: 3476
d: [2,1419,1,9,3,0,44,390,391]
d: [2,1420,1,7,2,0,18,1419]
s: 1420
d: [2,3479,6,8,2,1,44,3470,391]
d: [2,3480,6,6,1,2,21,3479,1423]
a: [3,3484,6,6,1,3480]
s: 3484
d: [2,1608,1,7,2,0,40,392,475]
s: 1608
d: [2,1614,1,7,3,0,40,395,379]
s: 1614
d: [2,2856,2,3,1,1,40,1309,423]
a: [3,2861,2,3,1,2856]
s: 2861
d: [2,1615,1,7,3,0,40,395,383]
s: 1615
d: [2,2857,2,3,1,1,40,1309,422]
a: [3,2866,2,3,1,2857]
s: 2866
d: [2,1616,1,7,3,0,40,395,385]
s: 1616
d: [2,1617,1,7,3,0,40,395,388]
s: 1617
d: [2,2868,2,3,1,1,40,1318,425]
a: [3,2872,2,3,1,2868]
s: 2872
d: [2,1620,1,7,3,0,40,395,476]
s: 1620
d: [2,2874,2,3,1,1,40,1329,423]
a: [3,2879,2,3,1,2874]
s: 2879
d: [2,1650,1,7,3,0,40,396,383]
s: 1650
d: [2,1652,1,7,3,0,40,396,388]
s: 1652
d: [2,2875,2,3,1,1,40,1329,422]
a: [3,2884,2,3,1,2875]
s: 2884
d: [2,1655,1,7,3,0,40,396,476]
s: 1655
d: [2,2887,2,3,1,1,40,1338,425]
a: [3,2891,2,3,1,2887]
s: 2891
d: [2,1680,1,7,3,0,40,415,379]
s: 1680
d: [2,1681,1,7,3,0,40,415,383]
s: 1681
d: [2,2893,2,3,1,1,40,1351,423]
a: [3,2898,2,3,1,2893]
s: 2898
d: [2,1682,1,7,3,0,40,415,385]
s: 1682
d: [2,2894,2,3,1,1,40,1351,422]
a: [3,2903,2,3,1,2894]
s: 2903
d: [2,1683,1,7,3,0,40,415,388]
s: 1683
d: [2,1686,1,7,3,0,40,415,476]
s: 1686
d: [2,2911,2,3,1,1,40,1356,425]
a: [3,2915,2,3,1,2911]
s: 2915
d: [2,1715,1,7,3,0,40,416,379]
s: 1715
d: [2,2923,2,3,1,1,40,1399,423]
a: [3,2928,2,3,1,2923]
s: 2928
d: [2,1716,1,7,3,0,40,416,383]
s: 1716
d: [2,1717,1,7,3,0,40,416,385]
s: 1717
d: [2,2924,2,3,1,1,40,1399,422]
a: [3,2933,2,3,1,2924]
s: 2933
d: [2,1718,1,7,3,0,40,416,388]
s: 1718
d: [2,2935,2,3,1,1,40,1404,425]
a: [3,2939,2,3,1,2935]
s: 2939
d: [2,1721,1,7,3,0,40,416,476]
s: 1721
d: [2,1747,1,7,3,0,40,417,379]
s: 1747
d: [2,2941,2,3,1,1,40,2101,505]
a: [3,2948,2,3,1,2941]
s: 2948
d: [2,1748,1,7,3,0,40,417,383]
s: 1748
d: [2,3450,2,3,1,2,40,2230,2101]
a: [3,3455,2,3,1,3450]
s: 3455
d: [2,1749,1,7,3,0,40,417,385]
s: 1749
d: [2,1750,1,7,3,0,40,417,388]
s: 1750
d: [2,3391,3,3,1,0,40,2785,418]
s: 3391
r: 1813
d: [2,1753,1,7,3,0,40,417,476]
s: 1753
d: [2,3392,3,3,1,1,40,2798,418]
a: [3,3396,3,3,1,3392]
s: 3396
d: [2,1779,1,7,3,0,40,420,379]
s: 1779
d: [2,1780,1,7,3,0,40,420,383]
s: 1780
d: [2,3410,3,3,1,1,40,2845,418]
a: [3,3414,3,3,1,3410]
s: 3414
d: [2,1781,1,7,3,0,40,420,385]
s: 1781
d: [2,3560,3,3,1,1,40,2872,418]
a: [3,3564,3,3,1,3560]
s: 3564
d: [2,1782,1,7,3,0,40,420,388]
s: 1782
d: [2,1785,1,7,3,0,40,420,476]
s: 1785
d: [2,3600,3,3,1,1,40,2891,418]
a: [3,3604,3,3,1,3600]
s: 3604
d: [2,1809,1,7,3,0,40,421,379]
s: 1809
d: [2,3622,3,3,1,1,40,2915,418]
a: [3,3626,3,3,1,3622]
s: 3626
d: [2,1810,1,7,3,0,40,421,383]
s: 1810
d: [2,1811,1,7,3,0,40,421,385]
s: 1811
d: [2,3628,3,3,1,1,40,2939,418]
a: [3,3632,3,3,1,3628]
s: 3632
d: [2,1812,1,7,3,0,40,421,388]
s: 1812
d: [2,3651,3,5,2,1,40,3455,474]
d: [2,3656,3,3,1,2,21,3651,1332]
a: [3,3660,3,3,1,3656]
s: 3660
d: [2,1815,1,7,3,0,40,421,476]
s: 1815
d: [2,1839,1,7,3,0,40,424,379]
s: 1839
d: [2,3662,4,3,1,0,40,3391,419]
s: 3662
r: 1843
r: 1088
d: [2,1840,1,7,3,0,40,424,383]
s: 1840
d: [2,3679,4,3,1,1,40,3396,419]
a: [3,3683,4,3,1,3679]
s: 3683
d: [2,1841,1,7,3,0,40,424,385]
s: 1841
d: [2,1842,1,7,3,0,40,424,388]
s: 1842
d: [2,3687,4,3,1,1,40,3414,419]
a: [3,3691,4,3,1,3687]
s: 3691
d: [2,1845,1,7,3,0,40,424,476]
s: 1845
d: [2,3694,4,3,1,1,40,3564,419]
a: [3,3698,4,3,1,3694]
s: 3698
d: [2,1869,1,7,3,0,40,426,379]
s: 1869
d: [2,1870,1,7,3,0,40,426,383]
s: 1870
d: [2,3717,4,3,1,1,40,3604,419]
a: [3,3721,4,3,1,3717]
s: 3721
d: [2,1871,1,7,3,0,40,426,385]
s: 1871
d: [2,3724,4,3,1,1,40,3626,419]
a: [3,3728,4,3,1,3724]
s: 3728
d: [2,1872,1,7,3,0,40,426,388]
s: 1872
d: [2,1875,1,7,3,0,40,426,476]
s: 1875
d: [2,3732,4,3,1,1,40,3632,419]
a: [3,3736,4,3,1,3732]
s: 3736
d: [2,1899,1,7,3,0,40,433,379]
s: 1899
d: [2,3739,4,3,1,1,40,3660,505]
a: [3,3746,4,3,1,3739]
s: 3746
d: [2,1905,1,7,3,0,40,433,476]
s: 1905
d: [2,1930,1,7,3,0,40,438,379]
s: 1930
d: [2,3766,5,3,1,0,40,3662,423]
s: 3766
r: 2805
r: 1719
d: [2,1931,1,7,3,0,40,438,383]
s: 1931
d: [2,3767,5,3,1,0,40,3662,422]
s: 3767
r: 2810
r: 1751
d: [2,1932,1,7,3,0,40,438,385]
s: 1932
d: [2,1933,1,7,3,0,40,438,388]
s: 1933
d: [2,3770,5,3,1,1,40,3683,423]
a: [3,3775,5,3,1,3770]
s: 3775
d: [2,1936,1,7,3,0,40,438,476]
s: 1936
d: [2,3771,5,3,1,1,40,3683,422]
a: [3,3780,5,3,1,3771]
s: 3780
d: [2,2059,1,10,3,0,40,474,379]
d: [2,2072,1,7,2,0,21,2059,377]
s: 2072
d: [2,2060,1,10,3,0,40,474,383]
d: [2,2073,1,7,2,0,21,2060,377]
s: 2073
d: [2,3786,5,3,1,1,40,3691,423]
a: [3,3791,5,3,1,3786]
s: 3791
d: [2,2061,1,10,3,0,40,474,385]
d: [2,2074,1,7,2,0,21,2061,377]
s: 2074
d: [2,3787,5,3,1,1,40,3691,422]
a: [3,3796,5,3,1,3787]
s: 3796
d: [2,2062,1,10,3,0,40,474,388]
d: [2,2075,1,7,2,0,21,2062,377]
s: 2075
d: [2,2065,1,10,3,0,40,474,476]
d: [2,2078,1,7,2,0,21,2065,377]
s: 2078
d: [2,3938,4,8,2,2,40,2078,2787]
s: 3938
d: [2,2132,1,7,2,0,40,434,481]
s: 2132
d: [2,3939,4,8,2,2,40,2078,2790]
s: 3939
d: [2,2182,1,7,2,0,40,480,481]
s: 2182
d: [2,2199,1,7,3,0,40,472,485]
s: 2199
d: [2,3937,6,8,2,2,40,2078,3260]
s: 3937
d: [2,2200,1,7,3,0,40,472,487]
s: 2200
d: [2,3814,5,3,1,1,40,3698,423]
a: [3,3819,5,3,1,3814]
s: 3819
d: [2,2223,1,7,2,0,40,479,485]
s: 2223
d: [2,2224,1,7,2,0,40,479,487]
s: 2224
d: [2,3815,5,3,1,1,40,3698,422]
a: [3,3824,5,3,1,3815]
s: 3824
d: [2,2541,1,31,7,1,44,564,2529]
s: 2541
d: [2,3828,5,3,1,1,40,3721,423]
a: [3,3833,5,3,1,3828]
s: 3833
d: [2,1433,1,8,3,0,40,394,379]
s: 1433
d: [2,1434,1,8,3,0,40,394,383]
s: 1434
d: [2,3829,5,3,1,1,40,3721,422]
a: [3,3838,5,3,1,3829]
s: 3838
d: [2,1435,1,8,3,0,40,394,385]
s: 1435
d: [2,3841,5,3,1,1,40,3728,423]
a: [3,3846,5,3,1,3841]
s: 3846
d: [2,1436,1,8,3,0,40,394,388]
s: 1436
d: [2,1486,1,8,3,0,40,413,379]
s: 1486
d: [2,3842,5,3,1,1,40,3728,422]
a: [3,3851,5,3,1,3842]
s: 3851
d: [2,1487,1,8,3,0,40,413,383]
s: 1487
d: [2,3870,5,3,1,1,40,3736,423]
a: [3,3875,5,3,1,3870]
s: 3875
d: [2,1488,1,8,3,0,40,413,385]
s: 1488
d: [2,1489,1,8,3,0,40,413,388]
s: 1489
d: [2,3871,5,3,1,1,40,3736,422]
a: [3,3880,5,3,1,3871]
s: 3880
d: [2,1524,1,8,3,0,40,414,379]
s: 1524
d: [2,2952,2,14,3,1,44,2402,491]
s: 2952
d: [2,1525,1,8,3,0,40,414,383]
s: 1525
d: [2,1526,1,8,3,0,40,414,385]
s: 1526
d: [2,2953,2,14,3,1,44,2402,491]
s: 2953
d: [2,1527,1,8,3,0,40,414,388]
s: 1527
d: [2,2950,2,16,4,1,44,2402,391]
d: [2,2954,2,14,3,2,21,2950,1423]
s: 2954
d: [2,1575,1,8,3,0,40,476,414]
s: 1575
d: [2,1576,1,8,3,0,40,476,413]
s: 1576
d: [2,2959,2,20,4,2,44,2379,509]
d: [2,2961,2,14,3,3,21,2959,2694]
s: 2961
d: [2,1577,1,8,3,0,40,476,394]
s: 1577
d: [2,3955,3,16,4,1,44,2952,391]
d: [2,3961,3,14,3,2,21,3955,1423]
s: 3961
d: [2,1612,1,10,3,0,44,392,391]
d: [2,1613,1,8,2,0,18,1612]
s: 1613
d: [2,1623,1,8,3,0,40,395,392]
s: 1623
d: [2,3964,3,14,3,2,44,2954,491]
s: 3964
d: [2,1658,1,8,3,0,40,396,392]
s: 1658
d: [2,3965,3,14,3,2,44,2954,491]
s: 3965
d: [2,1689,1,8,3,0,40,415,392]
s: 1689
d: [2,1724,1,8,3,0,40,416,392]
s: 1724
d: [2,2958,2,22,4,2,44,2379,510]
d: [2,2960,2,16,3,3,21,2958,2694]
s: 2960
d: [2,1756,1,8,3,0,40,417,392]
s: 1756
d: [2,2968,2,18,4,1,44,2398,391]
d: [2,2973,2,16,3,2,21,2968,1423]
s: 2973
d: [2,1788,1,8,3,0,40,420,392]
s: 1788
d: [2,1818,1,8,3,0,40,421,392]
s: 1818
d: [2,1221,2,4,2,1,44,1147,432]
s: 1221
d: [2,1848,1,8,3,0,40,424,392]
s: 1848
d: [2,1236,2,4,2,1,44,1173,432]
s: 1236
d: [2,1878,1,8,3,0,40,426,392]
s: 1878
d: [2,1908,1,8,3,0,40,433,392]
s: 1908
d: [2,1245,2,4,2,1,44,1198,432]
s: 1245
d: [2,1939,1,8,3,0,40,438,392]
s: 1939
d: [2,1267,2,4,2,1,44,1210,432]
s: 1267
d: [2,2068,1,12,3,0,40,474,392]
d: [2,2091,1,8,2,0,21,2068,377]
s: 2091
d: [2,2114,1,8,2,0,40,398,475]
s: 2114
d: [2,2974,2,4,1,1,40,1098,423]
a: [3,2979,2,4,1,2974]
s: 2979
d: [2,2120,1,8,3,0,40,434,379]
s: 2120
d: [2,2975,2,4,1,1,40,1098,422]
a: [3,2984,2,4,1,2975]
s: 2984
d: [2,2126,1,8,3,0,40,434,476]
s: 2126
d: [2,2170,1,8,3,0,40,480,379]
s: 2170
d: [2,2986,2,4,1,1,40,1116,425]
a: [3,2990,2,4,1,2986]
s: 2990
d: [2,2176,1,8,3,0,40,480,476]
s: 2176
d: [2,2993,2,4,1,1,40,2096,505]
a: [3,2999,2,4,1,2993]
s: 2999
d: [2,2207,1,8,3,0,40,472,481]
s: 2207
d: [2,2231,1,8,2,0,40,479,481]
s: 2231
d: [2,3451,2,6,2,1,40,2230,2071]
d: [2,3457,2,4,1,2,21,3451,1341]
a: [3,3461,2,4,1,3457]
s: 3461
d: [2,2241,1,13,4,0,40,381,392]
d: [2,2252,1,8,3,0,21,2241,390]
s: 2252
d: [2,3491,2,6,3,0,44,492,1044]
a: [3,3522,2,4,2,3491]
s: 3522
d: [2,2328,1,10,4,0,44,511,378]
d: [2,2334,1,8,3,1,21,2328,1012]
s: 2334
d: [2,2552,1,35,8,1,44,564,407]
d: [2,2559,1,33,7,2,21,2552,1475]
s: 2559
d: [2,4139,2,5,2,2,40,2334,764]
d: [2,4147,2,3,1,3,21,4139,769]
a: [3,4151,2,3,1,4147]
s: 4151
d: [2,1609,1,9,3,0,40,392,414]
s: 1609
d: [2,4143,2,6,2,1,40,2334,483]
d: [2,4163,2,3,1,1,21,4143,482]
s: 4163
r: 4151
r: 2334
d: [2,1610,1,9,3,0,40,392,413]
s: 1610
d: [2,1611,1,9,3,0,40,392,394]
s: 1611
d: [2,3494,2,6,3,0,44,495,1044]
a: [3,3526,2,4,2,3494]
s: 3526
d: [2,2103,1,9,3,0,40,398,395]
s: 2103
d: [2,3495,2,6,3,0,44,496,1044]
a: [3,3530,2,4,2,3495]
s: 3530
d: [2,2104,1,9,3,0,40,398,396]
s: 2104
d: [2,2105,1,9,3,0,40,398,415]
s: 2105
d: [2,3498,2,6,3,0,44,499,1044]
a: [3,3534,2,4,2,3498]
s: 3534
d: [2,2106,1,9,3,0,40,398,416]
s: 2106
d: [2,3499,2,6,3,0,44,500,1044]
a: [3,3538,2,4,2,3499]
s: 3538
d: [2,2107,1,9,3,0,40,398,417]
s: 2107
d: [2,2108,1,9,3,0,40,398,420]
s: 2108
d: [2,1345,3,4,2,1,44,1061,432]
s: 1345
d: [2,2109,1,9,3,0,40,398,421]
s: 2109
d: [2,2992,3,4,2,1,44,1992,432]
s: 2992
d: [2,2110,1,9,3,0,40,398,424]
s: 2110
d: [2,2111,1,9,3,0,40,398,426]
s: 2111
d: [2,4205,4,3,1,1,40,2992,486]
s: 4205
d: [2,2113,1,9,3,0,40,398,438]
s: 2113
d: [2,4093,3,4,1,1,40,2990,418]
a: [3,4097,3,4,1,4093]
s: 4097
d: [2,2115,1,14,3,0,40,398,474]
d: [2,2119,1,9,2,0,21,2115,377]
s: 2119
d: [2,2179,1,9,3,0,40,480,392]
s: 2179
d: [2,4119,3,6,2,1,40,3461,474]
d: [2,4123,3,4,1,2,21,4119,1332]
a: [3,4127,3,4,1,4123]
s: 4127
d: [2,2195,1,9,4,0,40,472,379]
s: 2195
d: [2,4209,4,4,1,1,40,4097,419]
a: [3,4213,4,4,1,4209]
s: 4213
d: [2,2196,1,9,4,0,40,472,383]
s: 2196
d: [2,2197,1,9,4,0,40,472,385]
s: 2197
d: [2,4221,4,4,1,1,40,4127,505]
a: [3,4227,4,4,1,4221]
s: 4227
d: [2,2198,1,9,4,0,40,472,388]
s: 2198
d: [2,4231,5,4,1,1,40,4213,423]
a: [3,4236,5,4,1,4231]
s: 4236
d: [2,2201,1,9,4,0,40,472,476]
s: 2201
d: [2,2219,1,9,3,0,40,479,379]
s: 2219
d: [2,4232,5,4,1,1,40,4213,422]
a: [3,4241,5,4,1,4232]
s: 4241
d: [2,2220,1,9,3,0,40,479,383]
s: 2220
d: [2,3179,5,19,5,1,40,3161,2447]
d: [2,3181,5,17,4,2,21,3179,594]
s: 3181
d: [2,2221,1,9,3,0,40,479,385]
s: 2221
d: [2,2222,1,9,3,0,40,479,388]
s: 2222
d: [2,2972,2,19,4,1,44,2398,509]
s: 2972
d: [2,2225,1,9,3,0,40,479,476]
s: 2225
d: [2,3952,2,28,6,1,47,2541]
d: [2,3953,2,24,5,2,21,3952,2368]
d: [2,3954,2,19,4,3,21,3953,584]
s: 3954
d: [2,2255,1,9,2,0,40,508,440]
s: 2255
d: [2,2256,1,9,2,0,40,508,441]
s: 2256
d: [2,4289,3,25,7,3,40,3954,2451]
d: [2,4292,3,20,5,3,18,4289]
d: [2,4293,3,17,4,4,21,4292,589]
d: [2,4294,3,15,3,5,21,4293,594]
d: [2,4295,3,11,2,5,21,4294,2368]
d: [2,4296,3,6,1,5,21,4295,584]
a: [3,4300,3,6,1,4296]
s: 4300
d: [2,2290,1,9,3,0,40,506,485]
s: 2290
d: [2,4291,3,18,4,3,40,3954,476]
s: 4291
d: [2,2291,1,9,3,0,40,506,487]
s: 2291
d: [2,2116,1,10,3,0,40,398,414]
s: 2116
d: [2,2944,2,5,2,1,44,2101,432]
s: 2944
d: [2,2117,1,10,3,0,40,398,413]
s: 2117
d: [2,3002,2,7,3,1,40,1046,474]
d: [2,3006,2,5,2,2,21,3002,1341]
s: 3006
d: [2,2118,1,10,3,0,40,398,394]
s: 2118
d: [2,2228,1,10,3,0,40,479,392]
s: 2228
d: [2,3007,2,5,2,0,40,1470,397]
s: 3007
d: [2,2238,1,10,4,0,40,381,476]
s: 2238
d: [2,3111,2,5,2,0,40,1619,393]
s: 3111
d: [2,2271,1,10,2,0,40,508,475]
s: 2271
r: 1318
r: 1377
r: 1382
r: 1391
r: 1444
r: 1506
r: 1515
r: 1629
r: 1664
r: 1730
r: 1739
r: 1824
r: 3939
r: 2790
r: 2720
r: 1923
r: 1926
r: 2047
r: 2386
r: 2535
r: 2569
r: 2660
r: 2665
r: 2677
r: 2872
r: 2966
r: 3112
r: 3088
r: 3181
r: 3161
r: 3146
r: 3343
r: 3425
r: 3430
r: 3447
r: 3470
r: 3476
r: 3484
r: 3564
r: 3698
r: 3819
r: 3824
a: [3,1448,1,2,1,1430]
s: 1448
a: [3,1510,1,2,1,1484]
s: 1510
d: [2,1522,1,6,2,1,40,414,584]
a: [3,1540,1,2,1,1522]
s: 1540
a: [3,1456,1,2,1,1431]
s: 1456
a: [3,1633,1,2,1,1621]
s: 1633
r: 1633
a: [3,1632,1,2,1,1621]
s: 1632
a: [3,1668,1,2,1,1656]
s: 1668
d: [2,1521,1,6,2,1,40,414,579]
a: [3,1534,1,2,1,1521]
s: 1534
a: [3,1734,1,2,1,1722]
s: 1734
a: [3,1743,1,2,1,1723]
s: 1743
a: [3,1828,1,2,1,1816]
s: 1828
a: [3,1858,1,2,1,1846]
s: 1858
r: 1828
r: 1858
a: [3,1827,1,2,1,1816]
s: 1827
a: [3,1857,1,2,1,1846]
s: 1857
a: [3,1927,1,2,1,1907]
s: 1927
d: [2,4520,2,0,0,2,52,1456,1927,1118]
e: 4520
d: [2,4526,2,2,1,1,40,1927,1118]
d: [2,4535,2,0,0,2,21,4526,1456]
e: 4535
r: 1927
s: 1629
s: 1664
s: 1739
s: 1824
s: 1923
d: [2,2178,1,6,2,1,40,480,584]
a: [3,2189,1,3,1,2178]
s: 2189
r: 2486
r: 2617
r: 2823
r: 2854
r: 2227
r: 2189
a: [3,2676,2,3,1,2669]
s: 2676
d: [2,4539,3,0,0,3,52,1423,1923,2676,2252]
e: 4539
d: [2,4540,3,5,2,1,40,2676,2252]
d: [2,4556,3,2,1,2,21,4540,1923]
d: [2,4557,3,0,0,3,21,4556,1423]
e: 4557
d: [2,4554,3,5,2,1,44,2676,391]
d: [2,4559,3,2,1,2,21,4554,1923]
d: [2,4560,3,0,0,3,21,4559,1423]
e: 4560
r: 2676
s: 1506
a: [3,3087,2,3,1,3080]
s: 3087
d: [2,2128,1,7,2,1,40,434,584]
a: [3,2140,1,4,1,2128]
s: 2140
a: [3,2385,1,4,1,2374]
s: 2385
a: [3,3092,2,3,1,3080]
s: 3092
a: [3,2394,1,4,1,2374]
s: 2394
s: 2486
s: 2227
a: [3,1322,1,2,1,1305]
s: 1322
a: [3,2534,2,4,1,2531]
s: 2534
d: [2,1523,1,5,2,1,40,414,624]
a: [3,1545,1,2,1,1523]
s: 1545
a: [3,2661,2,4,1,2657]
s: 2661
d: [2,4589,3,6,2,1,44,2661,391]
d: [2,4590,3,2,1,2,21,4589,2714]
d: [2,4591,3,0,0,3,21,4590,1423]
e: 4591
r: 2661
a: [3,1465,1,2,1,1432]
s: 1465
d: [2,1624,1,4,2,1,40,395,624]
a: [3,1647,1,2,1,1624]
s: 1647
s: 2660
d: [2,1690,1,4,2,1,40,415,624]
a: [3,1713,1,2,1,1690]
s: 1713
a: [3,3145,3,4,1,3142]
s: 3145
a: [3,2043,1,2,1,2039]
s: 2043
a: [3,1317,1,3,1,1305]
s: 1317
a: [3,3433,5,3,1,3420]
s: 3433
d: [2,2283,1,12,4,0,44,2281,391]
d: [2,2284,1,10,3,0,21,2283,397]
s: 2284
d: [2,3963,3,15,4,2,44,2954,1044]
a: [3,4452,3,4,1,3963]
s: 4452
d: [2,2298,1,10,3,0,40,506,481]
s: 2298
d: [2,2315,1,14,3,0,44,508,509]
d: [2,2316,1,10,2,0,18,2315]
s: 2316
s: 2823
d: [2,1953,1,11,4,0,40,444,387]
s: 1953
s: 2854
d: [2,2204,1,11,4,0,40,472,392]
s: 2204
d: [2,2229,1,11,3,0,40,479,398]
s: 2229
d: [2,4596,4,4,1,1,40,3145,505]
a: [3,4603,4,4,1,4596]
s: 4603
d: [2,2232,1,11,4,0,40,381,379]
s: 2232
d: [2,4597,4,4,1,1,40,3145,473]
a: [3,4608,4,4,1,4597]
s: 4608
d: [2,2244,1,11,3,0,40,381,481]
s: 2244
d: [2,2242,1,15,4,0,40,381,398]
d: [2,2253,1,11,3,0,21,2242,377]
s: 2253
s: 2617
d: [2,2258,1,11,3,0,40,508,395]
s: 2258
s: 2665
d: [2,2259,1,11,3,0,40,508,396]
s: 2259
d: [2,2260,1,11,3,0,40,508,415]
s: 2260
a: [3,2673,2,5,1,2669]
s: 2673
d: [2,4736,3,0,0,2,52,1423,2673,390]
e: 4736
d: [2,4737,3,2,1,1,40,2673,390]
d: [2,4740,3,0,0,2,21,4737,1423]
e: 4740
r: 2673
d: [2,2261,1,11,3,0,40,508,416]
s: 2261
s: 2677
d: [2,2262,1,11,3,0,40,508,417]
s: 2262
d: [2,2263,1,11,3,0,40,508,420]
s: 2263
a: [3,2672,2,5,1,2669]
s: 2672
d: [2,2264,1,11,3,0,40,508,421]
s: 2264
d: [2,4562,3,5,2,1,44,3087,432]
s: 4562
d: [2,2265,1,11,3,0,40,508,424]
s: 2265
d: [2,2266,1,11,3,0,40,508,426]
s: 2266
d: [2,4780,4,5,1,2,40,4562,4300]
a: [3,4784,4,5,1,4780]
s: 4784
d: [2,2267,1,11,3,0,40,508,433]
s: 2267
s: 3425
d: [2,2269,1,11,3,0,40,508,438]
s: 2269
d: [2,2274,1,14,3,0,40,508,474]
d: [2,2280,1,11,2,0,21,2274,377]
s: 2280
s: 3447
d: [2,2286,1,11,4,0,40,506,379]
s: 2286
d: [2,4599,4,6,2,1,44,3145,432]
s: 4599
d: [2,2287,1,11,4,0,40,506,383]
s: 2287
d: [2,2288,1,11,4,0,40,506,385]
s: 2288
s: 3470
d: [2,2289,1,11,4,0,40,506,388]
s: 2289
s: 3476
d: [2,2292,1,11,4,0,40,506,476]
s: 2292
d: [2,2338,1,15,3,0,44,508,510]
d: [2,2341,1,11,2,0,18,2338]
s: 2341
d: [2,4707,5,6,2,1,44,4608,432]
s: 4707
d: [2,2346,1,13,4,0,40,410,392]
d: [2,2363,1,11,3,0,21,2346,397]
s: 2363
d: [2,4862,5,6,2,1,40,4599,473]
s: 4862
d: [2,2406,1,13,4,0,40,411,392]
d: [2,2419,1,11,3,0,21,2406,397]
s: 2419
d: [2,2268,1,12,3,0,40,508,434]
s: 2268
s: 3484
d: [2,2273,1,12,3,0,40,508,480]
s: 2273
a: [3,4464,2,7,2,2716]
s: 4464
d: [2,2275,1,12,3,0,40,508,414]
s: 2275
d: [2,2276,1,12,3,0,40,508,413]
s: 2276
d: [2,4964,3,7,2,1,40,4464,505]
s: 4964
d: [2,2277,1,12,3,0,40,508,394]
s: 2277
a: [3,1381,2,2,1,1361]
s: 1381
d: [2,2282,1,12,4,0,44,2281,391]
s: 2282
d: [2,2330,1,12,4,0,44,511,491]
s: 2330
s: 1391
d: [2,2331,1,12,4,0,44,511,491]
s: 2331
d: [2,4575,2,6,3,1,40,1322,444]
d: [2,4576,2,4,2,2,21,4575,1519]
a: [3,4580,2,2,1,4576]
s: 4580
d: [2,2337,1,16,3,0,44,509,510]
d: [2,2342,1,12,2,0,18,2337]
s: 2342
d: [2,2335,1,16,3,0,44,510,509]
d: [2,2343,1,12,2,0,18,2335]
s: 2343
d: [2,3958,3,13,4,1,44,2952,1044]
d: [2,4491,3,8,3,2,21,3958,3140]
s: 4491
d: [2,2205,1,13,4,0,40,472,398]
s: 2205
d: [2,5089,3,5,2,3,21,4491,4562]
s: 5089
s: 1926
d: [2,2270,1,13,4,0,40,508,472]
s: 2270
a: [3,2965,3,2,1,2962]
s: 2965
d: [2,2272,1,13,3,0,40,508,479]
s: 2272
d: [2,4017,4,13,4,2,44,3961,1044]
d: [2,4486,4,8,3,3,21,4017,3140]
s: 4486
d: [2,2295,1,13,4,0,40,506,392]
s: 2295
d: [2,2327,1,17,6,0,40,511,435]
d: [2,2333,1,13,5,0,21,2327,504]
s: 2333
d: [2,4990,4,8,2,1,40,4964,2078]
s: 4990
d: [2,2352,1,13,3,0,40,410,485]
s: 2352
d: [2,3220,4,11,4,1,40,3140,410]
d: [2,4494,4,9,3,2,21,3220,594]
s: 4494
d: [2,2353,1,13,3,0,40,410,487]
s: 2353
d: [2,2354,1,13,4,0,40,410,476]
s: 2354
d: [2,3219,4,11,4,1,40,3140,411]
d: [2,4499,4,9,3,2,21,3219,594]
s: 4499
d: [2,2412,1,13,3,0,40,411,485]
s: 2412
d: [2,5005,5,12,4,2,40,2282,3938]
d: [2,5028,5,10,3,3,21,5005,874]
s: 5028
d: [2,2413,1,13,3,0,40,411,487]
s: 2413
d: [2,2414,1,13,4,0,40,411,476]
s: 2414
d: [2,5137,5,12,4,1,40,4990,2282]
d: [2,5140,5,10,3,2,21,5137,1423]
s: 5140
d: [2,2285,1,15,4,0,40,506,508]
s: 2285
d: [2,5167,6,12,4,3,44,5028,391]
d: [2,5168,6,10,3,3,21,5167,397]
s: 5168
d: [2,2296,1,15,4,0,40,506,398]
s: 2296
d: [2,2355,1,15,3,0,40,410,481]
s: 2355
d: [2,5189,6,12,4,2,44,5140,391]
d: [2,5190,6,10,3,2,21,5189,397]
s: 5190
d: [2,2415,1,15,3,0,40,411,481]
s: 2415
d: [2,5004,7,12,4,2,40,2282,3937]
d: [2,5027,7,10,3,3,21,5004,874]
s: 5027
d: [2,2336,1,16,3,0,44,510,509]
s: 2336
d: [2,2339,1,16,3,0,44,509,510]
s: 2339
d: [2,5212,8,12,4,3,44,5027,391]
d: [2,5214,8,10,3,3,21,5212,397]
s: 5214
d: [2,2348,1,16,4,0,40,410,379]
s: 2348
a: [3,2871,2,3,1,2868]
s: 2871
d: [2,2349,1,16,4,0,40,410,383]
s: 2349
d: [2,2350,1,16,4,0,40,410,385]
s: 2350
a: [3,3563,3,3,1,3560]
s: 3563
d: [2,2351,1,16,4,0,40,410,388]
s: 2351
a: [3,3697,4,3,1,3694]
s: 3697
d: [2,2408,1,16,4,0,40,411,379]
s: 2408
d: [2,2409,1,16,4,0,40,411,383]
s: 2409
d: [2,4290,4,16,4,4,40,3954,3140]
s: 4290
d: [2,2410,1,16,4,0,40,411,385]
s: 2410
d: [2,5237,4,10,3,5,21,4290,4562]
s: 5237
d: [2,2411,1,16,4,0,40,411,388]
s: 2411
d: [2,2257,1,17,4,0,40,508,381]
s: 2257
d: [2,4318,5,16,4,4,40,4291,3114]
s: 4318
d: [2,2450,1,17,5,0,40,2447,478]
s: 2450
d: [2,5262,2,12,4,1,40,2450,584]
d: [2,5290,2,8,3,2,21,5262,2368]
s: 5290
d: [2,2436,1,18,5,0,40,404,475]
s: 2436
d: [2,2423,1,19,6,0,40,404,395]
s: 2423
d: [2,5255,4,14,5,1,40,2450,3140]
d: [2,5279,4,10,4,2,21,5255,4599]
a: [3,5285,4,8,3,5279]
s: 5285
d: [2,2424,1,19,6,0,40,404,396]
s: 2424
d: [2,4695,3,20,5,3,40,2229,3954]
d: [2,4699,3,18,4,4,21,4695,594]
s: 4699
d: [2,2425,1,19,6,0,40,404,415]
s: 2425
d: [2,2426,1,19,6,0,40,404,416]
s: 2426
d: [2,3163,2,5,2,0,40,1783,418]
s: 3163
d: [2,2427,1,19,6,0,40,404,417]
s: 2427
d: [2,3173,2,5,2,0,40,1784,418]
s: 3173
d: [2,2428,1,19,6,0,40,404,420]
s: 2428
d: [2,2429,1,19,6,0,40,404,421]
s: 2429
d: [2,3175,2,5,2,0,40,1813,419]
s: 3175
d: [2,2430,1,19,6,0,40,404,424]
s: 2430
d: [2,3176,2,5,2,0,40,1814,419]
s: 3176
d: [2,2431,1,19,6,0,40,404,426]
s: 2431
d: [2,2432,1,19,6,0,40,404,433]
s: 2432
d: [2,3177,2,5,2,0,40,1843,423]
s: 3177
d: [2,2434,1,19,6,0,40,404,438]
s: 2434
d: [2,3178,2,5,2,0,40,1843,422]
s: 3178
d: [2,2440,1,23,6,0,40,404,474]
d: [2,2446,1,19,5,0,21,2440,377]
s: 2446
d: [2,2438,1,20,6,0,40,404,480]
s: 2438
d: [2,3183,2,5,2,0,40,1844,423]
s: 3183
d: [2,2441,1,20,6,0,40,404,414]
s: 2441
d: [2,3184,2,5,2,0,40,1844,422]
s: 3184
d: [2,2442,1,20,6,0,40,404,413]
s: 2442
d: [2,2443,1,20,6,0,40,404,394]
s: 2443
d: [2,3198,2,5,2,0,40,1874,425]
s: 3198
d: [2,2452,1,29,7,0,40,2451,411]
d: [2,2477,1,27,6,0,18,2452]
d: [2,2478,1,20,5,0,21,2477,2447]
s: 2478
d: [2,5448,4,0,0,5,52,594,589,2368,584,4300,2478]
e: 5448
d: [2,5449,4,14,4,1,40,2478,4300]
d: [2,5451,4,9,3,2,21,5449,584]
d: [2,5452,4,6,2,3,21,5451,589]
d: [2,5453,4,4,1,4,21,5452,594]
d: [2,5454,4,0,0,5,21,5453,2368]
e: 5454
r: 560
r: 568
r: 573
r: 1427
r: 2323
r: 2360
r: 5290
r: 5237
r: 4699
r: 4291
r: 3954
r: 2368
r: 2491
s: 561
s: 574
s: 569
d: [2,5480,1,0,0,4,52,574,579,569,564]
e: 5480
d: [2,5484,1,11,3,2,44,564,569]
d: [2,5513,1,8,2,2,19,5484]
d: [2,5518,1,3,1,3,21,5513,579]
d: [2,5519,1,0,0,4,21,5518,574]
e: 5519
r: 2960
r: 2559
r: 2541
r: 2379
r: 564
r: 2398
a: [3,2361,1,4,1,2357]
s: 2361
a: [3,2367,1,4,1,2364]
s: 2367
a: [3,2490,2,4,1,2481]
s: 2490
a: [3,2324,1,6,1,2311]
s: 2324
d: [2,5555,2,0,0,4,52,574,579,2324,2402]
e: 5555
d: [2,5556,2,8,2,1,44,2324,391]
d: [2,5590,2,2,1,2,21,5556,2702]
d: [2,5591,2,0,0,3,21,5590,1423]
e: 5591
d: [2,5558,2,11,3,2,44,2402,2324]
d: [2,5588,2,8,2,2,19,5558]
d: [2,5593,2,5,1,3,21,5588,574]
d: [2,5594,2,0,0,4,21,5593,579]
e: 5594
r: 5089
r: 3961
r: 2954
r: 2952
r: 2402
r: 2702
a: [3,1765,1,2,1,1754]
s: 1765
a: [3,1797,1,2,1,1786]
s: 1797
a: [3,1887,1,2,1,1876]
s: 1887
a: [3,1897,1,2,1,1877]
s: 1897
a: [3,1807,1,2,1,1787]
s: 1807
a: [3,1837,1,2,1,1817]
s: 1837
a: [3,1867,1,2,1,1847]
s: 1867
a: [3,1775,1,2,1,1755]
s: 1775
d: [2,5583,2,5,2,1,44,1287,2324]
a: [3,5610,2,3,1,5583]
s: 5610
a: [3,1428,1,8,1,1418]
s: 1428
d: [2,5486,1,23,6,1,44,2561,569]
d: [2,5523,1,18,5,2,21,5486,584]
d: [2,5524,1,13,4,2,21,5523,2229]
a: [3,5537,1,9,3,5524]
s: 5537
d: [2,5691,2,0,0,4,52,594,589,2361,5537]
e: 5691
d: [2,5692,2,5,2,2,40,5537,2361]
d: [2,5695,2,3,1,3,21,5692,594]
d: [2,5696,2,0,0,4,21,5695,589]
e: 5696
d: [2,2370,1,7,2,2,21,2344,594]
d: [2,2405,1,9,3,1,40,411,584]
d: [2,5458,1,7,2,2,21,2405,1475]
f: 5696,5524,5453,5458,4296,2370,2364,1471,364,365,366,367,368,369,370
% Refutation found. Thanks to Tanya!
% SZS status Theorem for tops_2__t24_tops_2
% SZS output start Proof for tops_2__t24_tops_2
1. ! [X0] : (l1_pre_topc(X0) => ! [X1] : (m1_pre_topc(X1,X0) => ! [X2] : (m1_subset_1(X2,k1_zfmisc_1(u1_struct_0(X1))) => (v3_pre_topc(X2,X1) <=> ? [X3] : (k9_subset_1(u1_struct_0(X1),X3,k2_struct_0(X1)) = X2 & v3_pre_topc(X3,X0) & m1_subset_1(X3,k1_zfmisc_1(u1_struct_0(X0)))))))) [input t24_tops_2]
2. ~! [X0] : (l1_pre_topc(X0) => ! [X1] : (m1_pre_topc(X1,X0) => ! [X2] : (m1_subset_1(X2,k1_zfmisc_1(u1_struct_0(X1))) => (v3_pre_topc(X2,X1) <=> ? [X3] : (k9_subset_1(u1_struct_0(X1),X3,k2_struct_0(X1)) = X2 & v3_pre_topc(X3,X0) & m1_subset_1(X3,k1_zfmisc_1(u1_struct_0(X0)))))))) [negated conjecture 1]
62. ! [X0] : (l1_pre_topc(X0) => ! [X1] : (m1_subset_1(X1,k1_zfmisc_1(u1_struct_0(X0))) => (v3_pre_topc(X1,X0) <=> r2_hidden(X1,u1_pre_topc(X0))))) [input d2_pre_topc]
64. ! [X0] : (l1_pre_topc(X0) => ! [X1] : (l1_pre_topc(X1) => (m1_pre_topc(X1,X0) <=> (! [X2] : (m1_subset_1(X2,k1_zfmisc_1(u1_struct_0(X1))) => (r2_hidden(X2,u1_pre_topc(X1)) <=> ? [X3] : (k9_subset_1(u1_struct_0(X1),X3,k2_struct_0(X1)) = X2 & r2_hidden(X3,u1_pre_topc(X0)) & m1_subset_1(X3,k1_zfmisc_1(u1_struct_0(X0)))))) & r1_tarski(k2_struct_0(X1),k2_struct_0(X0)))))) [input d4_pre_topc]
75. ! [X0] : (l1_pre_topc(X0) => ! [X1] : (m1_pre_topc(X1,X0) => l1_pre_topc(X1))) [input dt_m1_pre_topc]
77. ! [X0] : (l1_pre_topc(X0) => m1_subset_1(u1_pre_topc(X0),k1_zfmisc_1(k1_zfmisc_1(u1_struct_0(X0))))) [input dt_u1_pre_topc]
140. ! [X0] : ! [X1] : ! [X2] : ((m1_subset_1(X1,k1_zfmisc_1(X2)) & r2_hidden(X0,X1)) => m1_subset_1(X0,X2)) [input t4_subset]
150. ! [X0,X1,X2] : ((m1_subset_1(X1,k1_zfmisc_1(X2)) & r2_hidden(X0,X1)) => m1_subset_1(X0,X2)) [flattening 140]
184. ? [X0] : (? [X1] : (? [X2] : ((v3_pre_topc(X2,X1) <~> ? [X3] : (k9_subset_1(u1_struct_0(X1),X3,k2_struct_0(X1)) = X2 & v3_pre_topc(X3,X0) & m1_subset_1(X3,k1_zfmisc_1(u1_struct_0(X0))))) & m1_subset_1(X2,k1_zfmisc_1(u1_struct_0(X1)))) & m1_pre_topc(X1,X0)) & l1_pre_topc(X0)) [ennf transformation 2]
201. ! [X0] : (m1_subset_1(u1_pre_topc(X0),k1_zfmisc_1(k1_zfmisc_1(u1_struct_0(X0)))) | ~l1_pre_topc(X0)) [ennf transformation 77]
202. ! [X0] : (! [X1] : ((m1_pre_topc(X1,X0) <=> (! [X2] : ((r2_hidden(X2,u1_pre_topc(X1)) <=> ? [X3] : (k9_subset_1(u1_struct_0(X1),X3,k2_struct_0(X1)) = X2 & r2_hidden(X3,u1_pre_topc(X0)) & m1_subset_1(X3,k1_zfmisc_1(u1_struct_0(X0))))) | ~m1_subset_1(X2,k1_zfmisc_1(u1_struct_0(X1)))) & r1_tarski(k2_struct_0(X1),k2_struct_0(X0)))) | ~l1_pre_topc(X1)) | ~l1_pre_topc(X0)) [ennf transformation 64]
203. ! [X0] : (! [X1] : (l1_pre_topc(X1) | ~m1_pre_topc(X1,X0)) | ~l1_pre_topc(X0)) [ennf transformation 75]
204. ! [X0] : (! [X1] : ((v3_pre_topc(X1,X0) <=> r2_hidden(X1,u1_pre_topc(X0))) | ~m1_subset_1(X1,k1_zfmisc_1(u1_struct_0(X0)))) | ~l1_pre_topc(X0)) [ennf transformation 62]
264. ! [X0,X1,X2] : (m1_subset_1(X0,X2) | (~m1_subset_1(X1,k1_zfmisc_1(X2)) | ~r2_hidden(X0,X1))) [ennf transformation 150]
265. ! [X0,X1,X2] : (m1_subset_1(X0,X2) | ~m1_subset_1(X1,k1_zfmisc_1(X2)) | ~r2_hidden(X0,X1)) [flattening 264]
289. ? [X0] : (? [X1] : (? [X2] : (((! [X3] : (k9_subset_1(u1_struct_0(X1),X3,k2_struct_0(X1)) != X2 | ~v3_pre_topc(X3,X0) | ~m1_subset_1(X3,k1_zfmisc_1(u1_struct_0(X0)))) | ~v3_pre_topc(X2,X1)) & (? [X3] : (k9_subset_1(u1_struct_0(X1),X3,k2_struct_0(X1)) = X2 & v3_pre_topc(X3,X0) & m1_subset_1(X3,k1_zfmisc_1(u1_struct_0(X0)))) | v3_pre_topc(X2,X1))) & m1_subset_1(X2,k1_zfmisc_1(u1_struct_0(X1)))) & m1_pre_topc(X1,X0)) & l1_pre_topc(X0)) [nnf transformation 184]
290. ? [X0] : (? [X1] : (? [X2] : ((! [X3] : (k9_subset_1(u1_struct_0(X1),X3,k2_struct_0(X1)) != X2 | ~v3_pre_topc(X3,X0) | ~m1_subset_1(X3,k1_zfmisc_1(u1_struct_0(X0)))) | ~v3_pre_topc(X2,X1)) & (? [X3] : (k9_subset_1(u1_struct_0(X1),X3,k2_struct_0(X1)) = X2 & v3_pre_topc(X3,X0) & m1_subset_1(X3,k1_zfmisc_1(u1_struct_0(X0)))) | v3_pre_topc(X2,X1)) & m1_subset_1(X2,k1_zfmisc_1(u1_struct_0(X1)))) & m1_pre_topc(X1,X0)) & l1_pre_topc(X0)) [flattening 289]
291. ? [X0] : (? [X1] : (? [X2] : ((! [X3] : (k9_subset_1(u1_struct_0(X1),X3,k2_struct_0(X1)) != X2 | ~v3_pre_topc(X3,X0) | ~m1_subset_1(X3,k1_zfmisc_1(u1_struct_0(X0)))) | ~v3_pre_topc(X2,X1)) & (? [X4] : (k9_subset_1(u1_struct_0(X1),X4,k2_struct_0(X1)) = X2 & v3_pre_topc(X4,X0) & m1_subset_1(X4,k1_zfmisc_1(u1_struct_0(X0)))) | v3_pre_topc(X2,X1)) & m1_subset_1(X2,k1_zfmisc_1(u1_struct_0(X1)))) & m1_pre_topc(X1,X0)) & l1_pre_topc(X0)) [rectify 290]
292. ? [X0] : (? [X1] : (? [X2] : ((! [X3] : (k9_subset_1(u1_struct_0(X1),X3,k2_struct_0(X1)) != X2 | ~v3_pre_topc(X3,X0) | ~m1_subset_1(X3,k1_zfmisc_1(u1_struct_0(X0)))) | ~v3_pre_topc(X2,X1)) & (? [X4] : (k9_subset_1(u1_struct_0(X1),X4,k2_struct_0(X1)) = X2 & v3_pre_topc(X4,X0) & m1_subset_1(X4,k1_zfmisc_1(u1_struct_0(X0)))) | v3_pre_topc(X2,X1)) & m1_subset_1(X2,k1_zfmisc_1(u1_struct_0(X1)))) & m1_pre_topc(X1,X0)) & l1_pre_topc(X0)) => (? [X1] : (? [X2] : ((! [X3] : (k9_subset_1(u1_struct_0(X1),X3,k2_struct_0(X1)) != X2 | ~v3_pre_topc(X3,sK0) | ~m1_subset_1(X3,k1_zfmisc_1(u1_struct_0(sK0)))) | ~v3_pre_topc(X2,X1)) & (? [X4] : (k9_subset_1(u1_struct_0(X1),X4,k2_struct_0(X1)) = X2 & v3_pre_topc(X4,sK0) & m1_subset_1(X4,k1_zfmisc_1(u1_struct_0(sK0)))) | v3_pre_topc(X2,X1)) & m1_subset_1(X2,k1_zfmisc_1(u1_struct_0(X1)))) & m1_pre_topc(X1,sK0)) & l1_pre_topc(sK0)) [choice axiom]
293. ? [X1] : (? [X2] : ((! [X3] : (k9_subset_1(u1_struct_0(X1),X3,k2_struct_0(X1)) != X2 | ~v3_pre_topc(X3,sK0) | ~m1_subset_1(X3,k1_zfmisc_1(u1_struct_0(sK0)))) | ~v3_pre_topc(X2,X1)) & (? [X4] : (k9_subset_1(u1_struct_0(X1),X4,k2_struct_0(X1)) = X2 & v3_pre_topc(X4,sK0) & m1_subset_1(X4,k1_zfmisc_1(u1_struct_0(sK0)))) | v3_pre_topc(X2,X1)) & m1_subset_1(X2,k1_zfmisc_1(u1_struct_0(X1)))) & m1_pre_topc(X1,sK0)) => (? [X2] : ((! [X3] : (k9_subset_1(u1_struct_0(sK1),X3,k2_struct_0(sK1)) != X2 | ~v3_pre_topc(X3,sK0) | ~m1_subset_1(X3,k1_zfmisc_1(u1_struct_0(sK0)))) | ~v3_pre_topc(X2,sK1)) & (? [X4] : (k9_subset_1(u1_struct_0(sK1),X4,k2_struct_0(sK1)) = X2 & v3_pre_topc(X4,sK0) & m1_subset_1(X4,k1_zfmisc_1(u1_struct_0(sK0)))) | v3_pre_topc(X2,sK1)) & m1_subset_1(X2,k1_zfmisc_1(u1_struct_0(sK1)))) & m1_pre_topc(sK1,sK0)) [choice axiom]
294. ? [X2] : ((! [X3] : (k9_subset_1(u1_struct_0(sK1),X3,k2_struct_0(sK1)) != X2 | ~v3_pre_topc(X3,sK0) | ~m1_subset_1(X3,k1_zfmisc_1(u1_struct_0(sK0)))) | ~v3_pre_topc(X2,sK1)) & (? [X4] : (k9_subset_1(u1_struct_0(sK1),X4,k2_struct_0(sK1)) = X2 & v3_pre_topc(X4,sK0) & m1_subset_1(X4,k1_zfmisc_1(u1_struct_0(sK0)))) | v3_pre_topc(X2,sK1)) & m1_subset_1(X2,k1_zfmisc_1(u1_struct_0(sK1)))) => ((! [X3] : (k9_subset_1(u1_struct_0(sK1),X3,k2_struct_0(sK1)) != sK2 | ~v3_pre_topc(X3,sK0) | ~m1_subset_1(X3,k1_zfmisc_1(u1_struct_0(sK0)))) | ~v3_pre_topc(sK2,sK1)) & (? [X4] : (k9_subset_1(u1_struct_0(sK1),X4,k2_struct_0(sK1)) = sK2 & v3_pre_topc(X4,sK0) & m1_subset_1(X4,k1_zfmisc_1(u1_struct_0(sK0)))) | v3_pre_topc(sK2,sK1)) & m1_subset_1(sK2,k1_zfmisc_1(u1_struct_0(sK1)))) [choice axiom]
295. ? [X4] : (k9_subset_1(u1_struct_0(sK1),X4,k2_struct_0(sK1)) = sK2 & v3_pre_topc(X4,sK0) & m1_subset_1(X4,k1_zfmisc_1(u1_struct_0(sK0)))) => (sK2 = k9_subset_1(u1_struct_0(sK1),sK3,k2_struct_0(sK1)) & v3_pre_topc(sK3,sK0) & m1_subset_1(sK3,k1_zfmisc_1(u1_struct_0(sK0)))) [choice axiom]
296. (((! [X3] : (k9_subset_1(u1_struct_0(sK1),X3,k2_struct_0(sK1)) != sK2 | ~v3_pre_topc(X3,sK0) | ~m1_subset_1(X3,k1_zfmisc_1(u1_struct_0(sK0)))) | ~v3_pre_topc(sK2,sK1)) & ((sK2 = k9_subset_1(u1_struct_0(sK1),sK3,k2_struct_0(sK1)) & v3_pre_topc(sK3,sK0) & m1_subset_1(sK3,k1_zfmisc_1(u1_struct_0(sK0)))) | v3_pre_topc(sK2,sK1)) & m1_subset_1(sK2,k1_zfmisc_1(u1_struct_0(sK1)))) & m1_pre_topc(sK1,sK0)) & l1_pre_topc(sK0) [skolemisation 291,295,294,293,292]
305. ! [X0] : (! [X1] : (((m1_pre_topc(X1,X0) | (? [X2] : (((! [X3] : (k9_subset_1(u1_struct_0(X1),X3,k2_struct_0(X1)) != X2 | ~r2_hidden(X3,u1_pre_topc(X0)) | ~m1_subset_1(X3,k1_zfmisc_1(u1_struct_0(X0)))) | ~r2_hidden(X2,u1_pre_topc(X1))) & (? [X3] : (k9_subset_1(u1_struct_0(X1),X3,k2_struct_0(X1)) = X2 & r2_hidden(X3,u1_pre_topc(X0)) & m1_subset_1(X3,k1_zfmisc_1(u1_struct_0(X0)))) | r2_hidden(X2,u1_pre_topc(X1)))) & m1_subset_1(X2,k1_zfmisc_1(u1_struct_0(X1)))) | ~r1_tarski(k2_struct_0(X1),k2_struct_0(X0)))) & ((! [X2] : (((r2_hidden(X2,u1_pre_topc(X1)) | ! [X3] : (k9_subset_1(u1_struct_0(X1),X3,k2_struct_0(X1)) != X2 | ~r2_hidden(X3,u1_pre_topc(X0)) | ~m1_subset_1(X3,k1_zfmisc_1(u1_struct_0(X0))))) & (? [X3] : (k9_subset_1(u1_struct_0(X1),X3,k2_struct_0(X1)) = X2 & r2_hidden(X3,u1_pre_topc(X0)) & m1_subset_1(X3,k1_zfmisc_1(u1_struct_0(X0)))) | ~r2_hidden(X2,u1_pre_topc(X1)))) | ~m1_subset_1(X2,k1_zfmisc_1(u1_struct_0(X1)))) & r1_tarski(k2_struct_0(X1),k2_struct_0(X0))) | ~m1_pre_topc(X1,X0))) | ~l1_pre_topc(X1)) | ~l1_pre_topc(X0)) [nnf transformation 202]
306. ! [X0] : (! [X1] : (((m1_pre_topc(X1,X0) | ? [X2] : ((! [X3] : (k9_subset_1(u1_struct_0(X1),X3,k2_struct_0(X1)) != X2 | ~r2_hidden(X3,u1_pre_topc(X0)) | ~m1_subset_1(X3,k1_zfmisc_1(u1_struct_0(X0)))) | ~r2_hidden(X2,u1_pre_topc(X1))) & (? [X3] : (k9_subset_1(u1_struct_0(X1),X3,k2_struct_0(X1)) = X2 & r2_hidden(X3,u1_pre_topc(X0)) & m1_subset_1(X3,k1_zfmisc_1(u1_struct_0(X0)))) | r2_hidden(X2,u1_pre_topc(X1))) & m1_subset_1(X2,k1_zfmisc_1(u1_struct_0(X1)))) | ~r1_tarski(k2_struct_0(X1),k2_struct_0(X0))) & ((! [X2] : (((r2_hidden(X2,u1_pre_topc(X1)) | ! [X3] : (k9_subset_1(u1_struct_0(X1),X3,k2_struct_0(X1)) != X2 | ~r2_hidden(X3,u1_pre_topc(X0)) | ~m1_subset_1(X3,k1_zfmisc_1(u1_struct_0(X0))))) & (? [X3] : (k9_subset_1(u1_struct_0(X1),X3,k2_struct_0(X1)) = X2 & r2_hidden(X3,u1_pre_topc(X0)) & m1_subset_1(X3,k1_zfmisc_1(u1_struct_0(X0)))) | ~r2_hidden(X2,u1_pre_topc(X1)))) | ~m1_subset_1(X2,k1_zfmisc_1(u1_struct_0(X1)))) & r1_tarski(k2_struct_0(X1),k2_struct_0(X0))) | ~m1_pre_topc(X1,X0))) | ~l1_pre_topc(X1)) | ~l1_pre_topc(X0)) [flattening 305]
307. ! [X0] : (! [X1] : (((m1_pre_topc(X1,X0) | ? [X2] : ((! [X3] : (k9_subset_1(u1_struct_0(X1),X3,k2_struct_0(X1)) != X2 | ~r2_hidden(X3,u1_pre_topc(X0)) | ~m1_subset_1(X3,k1_zfmisc_1(u1_struct_0(X0)))) | ~r2_hidden(X2,u1_pre_topc(X1))) & (? [X4] : (k9_subset_1(u1_struct_0(X1),X4,k2_struct_0(X1)) = X2 & r2_hidden(X4,u1_pre_topc(X0)) & m1_subset_1(X4,k1_zfmisc_1(u1_struct_0(X0)))) | r2_hidden(X2,u1_pre_topc(X1))) & m1_subset_1(X2,k1_zfmisc_1(u1_struct_0(X1)))) | ~r1_tarski(k2_struct_0(X1),k2_struct_0(X0))) & ((! [X5] : (((r2_hidden(X5,u1_pre_topc(X1)) | ! [X6] : (k9_subset_1(u1_struct_0(X1),X6,k2_struct_0(X1)) != X5 | ~r2_hidden(X6,u1_pre_topc(X0)) | ~m1_subset_1(X6,k1_zfmisc_1(u1_struct_0(X0))))) & (? [X7] : (k9_subset_1(u1_struct_0(X1),X7,k2_struct_0(X1)) = X5 & r2_hidden(X7,u1_pre_topc(X0)) & m1_subset_1(X7,k1_zfmisc_1(u1_struct_0(X0)))) | ~r2_hidden(X5,u1_pre_topc(X1)))) | ~m1_subset_1(X5,k1_zfmisc_1(u1_struct_0(X1)))) & r1_tarski(k2_struct_0(X1),k2_struct_0(X0))) | ~m1_pre_topc(X1,X0))) | ~l1_pre_topc(X1)) | ~l1_pre_topc(X0)) [rectify 306]
308. ! [X1,X0] : (? [X2] : ((! [X3] : (k9_subset_1(u1_struct_0(X1),X3,k2_struct_0(X1)) != X2 | ~r2_hidden(X3,u1_pre_topc(X0)) | ~m1_subset_1(X3,k1_zfmisc_1(u1_struct_0(X0)))) | ~r2_hidden(X2,u1_pre_topc(X1))) & (? [X4] : (k9_subset_1(u1_struct_0(X1),X4,k2_struct_0(X1)) = X2 & r2_hidden(X4,u1_pre_topc(X0)) & m1_subset_1(X4,k1_zfmisc_1(u1_struct_0(X0)))) | r2_hidden(X2,u1_pre_topc(X1))) & m1_subset_1(X2,k1_zfmisc_1(u1_struct_0(X1)))) => ((! [X3] : (k9_subset_1(u1_struct_0(X1),X3,k2_struct_0(X1)) != sK8(X0,X1) | ~r2_hidden(X3,u1_pre_topc(X0)) | ~m1_subset_1(X3,k1_zfmisc_1(u1_struct_0(X0)))) | ~r2_hidden(sK8(X0,X1),u1_pre_topc(X1))) & (? [X4] : (k9_subset_1(u1_struct_0(X1),X4,k2_struct_0(X1)) = sK8(X0,X1) & r2_hidden(X4,u1_pre_topc(X0)) & m1_subset_1(X4,k1_zfmisc_1(u1_struct_0(X0)))) | r2_hidden(sK8(X0,X1),u1_pre_topc(X1))) & m1_subset_1(sK8(X0,X1),k1_zfmisc_1(u1_struct_0(X1))))) [choice axiom]
309. ! [X1,X0] : (? [X4] : (k9_subset_1(u1_struct_0(X1),X4,k2_struct_0(X1)) = sK8(X0,X1) & r2_hidden(X4,u1_pre_topc(X0)) & m1_subset_1(X4,k1_zfmisc_1(u1_struct_0(X0)))) => (sK8(X0,X1) = k9_subset_1(u1_struct_0(X1),sK9(X0,X1),k2_struct_0(X1)) & r2_hidden(sK9(X0,X1),u1_pre_topc(X0)) & m1_subset_1(sK9(X0,X1),k1_zfmisc_1(u1_struct_0(X0))))) [choice axiom]
310. ! [X5,X1,X0] : (? [X7] : (k9_subset_1(u1_struct_0(X1),X7,k2_struct_0(X1)) = X5 & r2_hidden(X7,u1_pre_topc(X0)) & m1_subset_1(X7,k1_zfmisc_1(u1_struct_0(X0)))) => (k9_subset_1(u1_struct_0(X1),sK10(X0,X1,X5),k2_struct_0(X1)) = X5 & r2_hidden(sK10(X0,X1,X5),u1_pre_topc(X0)) & m1_subset_1(sK10(X0,X1,X5),k1_zfmisc_1(u1_struct_0(X0))))) [choice axiom]
311. ! [X0] : (! [X1] : (((m1_pre_topc(X1,X0) | ((! [X3] : (k9_subset_1(u1_struct_0(X1),X3,k2_struct_0(X1)) != sK8(X0,X1) | ~r2_hidden(X3,u1_pre_topc(X0)) | ~m1_subset_1(X3,k1_zfmisc_1(u1_struct_0(X0)))) | ~r2_hidden(sK8(X0,X1),u1_pre_topc(X1))) & ((sK8(X0,X1) = k9_subset_1(u1_struct_0(X1),sK9(X0,X1),k2_struct_0(X1)) & r2_hidden(sK9(X0,X1),u1_pre_topc(X0)) & m1_subset_1(sK9(X0,X1),k1_zfmisc_1(u1_struct_0(X0)))) | r2_hidden(sK8(X0,X1),u1_pre_topc(X1))) & m1_subset_1(sK8(X0,X1),k1_zfmisc_1(u1_struct_0(X1)))) | ~r1_tarski(k2_struct_0(X1),k2_struct_0(X0))) & ((! [X5] : (((r2_hidden(X5,u1_pre_topc(X1)) | ! [X6] : (k9_subset_1(u1_struct_0(X1),X6,k2_struct_0(X1)) != X5 | ~r2_hidden(X6,u1_pre_topc(X0)) | ~m1_subset_1(X6,k1_zfmisc_1(u1_struct_0(X0))))) & ((k9_subset_1(u1_struct_0(X1),sK10(X0,X1,X5),k2_struct_0(X1)) = X5 & r2_hidden(sK10(X0,X1,X5),u1_pre_topc(X0)) & m1_subset_1(sK10(X0,X1,X5),k1_zfmisc_1(u1_struct_0(X0)))) | ~r2_hidden(X5,u1_pre_topc(X1)))) | ~m1_subset_1(X5,k1_zfmisc_1(u1_struct_0(X1)))) & r1_tarski(k2_struct_0(X1),k2_struct_0(X0))) | ~m1_pre_topc(X1,X0))) | ~l1_pre_topc(X1)) | ~l1_pre_topc(X0)) [skolemisation 307,310,309,308]
312. ! [X0] : (! [X1] : (((v3_pre_topc(X1,X0) | ~r2_hidden(X1,u1_pre_topc(X0))) & (r2_hidden(X1,u1_pre_topc(X0)) | ~v3_pre_topc(X1,X0))) | ~m1_subset_1(X1,k1_zfmisc_1(u1_struct_0(X0)))) | ~l1_pre_topc(X0)) [nnf transformation 204]
364. l1_pre_topc(sK0) [cnf transformation 296] {a:0,w:2,wCS:200,goal:1,sine:0,thAx:0,allAx:5,thDist:-5}
365. m1_pre_topc(sK1,sK0) [cnf transformation 296] {a:0,w:3,wCS:300,goal:1,sine:0,thAx:0,allAx:5,thDist:-5}
366. m1_subset_1(sK2,k1_zfmisc_1(u1_struct_0(sK1))) [cnf transformation 296] {a:0,w:5,wCS:500,goal:1,sine:0,thAx:0,allAx:5,thDist:-5}
367. m1_subset_1(sK3,k1_zfmisc_1(u1_struct_0(sK0))) | v3_pre_topc(sK2,sK1) [cnf transformation 296] {a:0,w:8,wCS:800,goal:1,sine:0,thAx:0,allAx:5,thDist:-5}
368. v3_pre_topc(sK3,sK0) | v3_pre_topc(sK2,sK1) [cnf transformation 296] {a:0,w:6,wCS:600,goal:1,sine:0,thAx:0,allAx:5,thDist:-5}
369. sK2 = k9_subset_1(u1_struct_0(sK1),sK3,k2_struct_0(sK1)) | v3_pre_topc(sK2,sK1) [cnf transformation 296] {a:0,w:11,wCS:1100,goal:1,sine:0,thAx:0,allAx:5,thDist:-5}
370. k9_subset_1(u1_struct_0(sK1),X3,k2_struct_0(sK1)) != sK2 | ~v3_pre_topc(X3,sK0) | ~m1_subset_1(X3,k1_zfmisc_1(u1_struct_0(sK0))) | ~v3_pre_topc(sK2,sK1) [cnf transformation 296] {a:0,w:19,wCS:1900,goal:1,sine:0,thAx:0,allAx:5,thDist:-5}
398. m1_subset_1(u1_pre_topc(X0),k1_zfmisc_1(k1_zfmisc_1(u1_struct_0(X0)))) | ~l1_pre_topc(X0) [cnf transformation 201] {a:0,w:9,wCS:3600,nSel:1,sine:2,thAx:0,allAx:1,thDist:-1}
400. m1_subset_1(sK10(X0,X1,X5),k1_zfmisc_1(u1_struct_0(X0))) | ~r2_hidden(X5,u1_pre_topc(X1)) | ~m1_subset_1(X5,k1_zfmisc_1(u1_struct_0(X1))) | ~m1_pre_topc(X1,X0) | ~l1_pre_topc(X1) | ~l1_pre_topc(X0) [cnf transformation 311] {a:0,w:24,wCS:9600,sine:2,thAx:0,allAx:4,thDist:-4}
401. r2_hidden(sK10(X0,X1,X5),u1_pre_topc(X0)) | ~r2_hidden(X5,u1_pre_topc(X1)) | ~m1_subset_1(X5,k1_zfmisc_1(u1_struct_0(X1))) | ~m1_pre_topc(X1,X0) | ~l1_pre_topc(X1) | ~l1_pre_topc(X0) [cnf transformation 311] {a:0,w:23,wCS:9200,sine:2,thAx:0,allAx:4,thDist:-4}
402. k9_subset_1(u1_struct_0(X1),sK10(X0,X1,X5),k2_struct_0(X1)) = X5 | ~r2_hidden(X5,u1_pre_topc(X1)) | ~m1_subset_1(X5,k1_zfmisc_1(u1_struct_0(X1))) | ~m1_pre_topc(X1,X0) | ~l1_pre_topc(X1) | ~l1_pre_topc(X0) [cnf transformation 311] {a:0,w:27,wCS:10800,sine:2,thAx:0,allAx:4,thDist:-4}
403. r2_hidden(X5,u1_pre_topc(X1)) | k9_subset_1(u1_struct_0(X1),X6,k2_struct_0(X1)) != X5 | ~r2_hidden(X6,u1_pre_topc(X0)) | ~m1_subset_1(X6,k1_zfmisc_1(u1_struct_0(X0))) | ~m1_subset_1(X5,k1_zfmisc_1(u1_struct_0(X1))) | ~m1_pre_topc(X1,X0) | ~l1_pre_topc(X1) | ~l1_pre_topc(X0) [cnf transformation 311] {a:0,w:33,wCS:13200,sine:2,thAx:0,allAx:4,thDist:-4}
409. ~m1_pre_topc(X1,X0) | l1_pre_topc(X1) | ~l1_pre_topc(X0) [cnf transformation 203] {a:0,w:7,wCS:2800,nSel:1,sine:1,thAx:0,allAx:1,thDist:-1}
410. ~m1_subset_1(X1,k1_zfmisc_1(u1_struct_0(X0))) | ~v3_pre_topc(X1,X0) | r2_hidden(X1,u1_pre_topc(X0)) | ~l1_pre_topc(X0) [cnf transformation 312] {a:0,w:14,wCS:5600,nSel:1,sine:1,thAx:0,allAx:1,thDist:-1}
411. ~m1_subset_1(X1,k1_zfmisc_1(u1_struct_0(X0))) | ~r2_hidden(X1,u1_pre_topc(X0)) | v3_pre_topc(X1,X0) | ~l1_pre_topc(X0) [cnf transformation 312] {a:0,w:14,wCS:5600,nSel:1,sine:1,thAx:0,allAx:1,thDist:-1}
479. ~m1_subset_1(X1,k1_zfmisc_1(X2)) | m1_subset_1(X0,X2) | ~r2_hidden(X0,X1) [cnf transformation 265] {a:0,w:10,wCS:4000,nSel:1,sine:2,thAx:0,allAx:1,thDist:-1}
557. r2_hidden(k9_subset_1(u1_struct_0(X1),X6,k2_struct_0(X1)),u1_pre_topc(X1)) | ~r2_hidden(X6,u1_pre_topc(X0)) | ~m1_subset_1(X6,k1_zfmisc_1(u1_struct_0(X0))) | ~m1_subset_1(k9_subset_1(u1_struct_0(X1),X6,k2_struct_0(X1)),k1_zfmisc_1(u1_struct_0(X1))) | ~m1_pre_topc(X1,X0) | ~l1_pre_topc(X1) | ~l1_pre_topc(X0) [equality resolution 403] {a:0,w:35,wCS:14000,sine:2,thAx:0,allAx:4,thDist:-4}
559. 1 <=> v3_pre_topc(sK2,sK1) [avatar definition]
563. 2 <=> ! [X3] : (k9_subset_1(u1_struct_0(sK1),X3,k2_struct_0(sK1)) != sK2 | ~m1_subset_1(X3,k1_zfmisc_1(u1_struct_0(sK0))) | ~v3_pre_topc(X3,sK0)) [avatar definition]
564. k9_subset_1(u1_struct_0(sK1),X3,k2_struct_0(sK1)) != sK2 | ~m1_subset_1(X3,k1_zfmisc_1(u1_struct_0(sK0))) | ~v3_pre_topc(X3,sK0) <- (2) [avatar component clause 563] {a:0,w:16,wCS:1600,nSel:1,goal:1,sine:255,thAx:0,allAx:5,thDist:-5}
565. ~1 | 2 [avatar split clause 370,563,559]
567. 3 <=> sK2 = k9_subset_1(u1_struct_0(sK1),sK3,k2_struct_0(sK1)) [avatar definition]
569. sK2 = k9_subset_1(u1_struct_0(sK1),sK3,k2_struct_0(sK1)) <- (3) [avatar component clause 567] {a:0,w:8,wCS:800,nSel:1,goal:1,sine:255,thAx:0,allAx:5,thDist:-5}
570. 1 | 3 [avatar split clause 369,567,559]
572. 4 <=> v3_pre_topc(sK3,sK0) [avatar definition]
575. 1 | 4 [avatar split clause 368,572,559]
577. 5 <=> m1_subset_1(sK3,k1_zfmisc_1(u1_struct_0(sK0))) [avatar definition]
579. m1_subset_1(sK3,k1_zfmisc_1(u1_struct_0(sK0))) <- (5) [avatar component clause 577] {a:0,w:5,wCS:500,nSel:1,goal:1,sine:255,thAx:0,allAx:5,thDist:-5}
580. 1 | 5 [avatar split clause 367,577,559]
582. 6 <=> m1_subset_1(sK2,k1_zfmisc_1(u1_struct_0(sK1))) [avatar definition]
584. m1_subset_1(sK2,k1_zfmisc_1(u1_struct_0(sK1))) <- (6) [avatar component clause 582] {a:0,w:5,wCS:500,nSel:1,goal:1,sine:255,thAx:0,allAx:5,thDist:-5}
585. 6 [avatar split clause 366,582]
587. 7 <=> m1_pre_topc(sK1,sK0) [avatar definition]
589. m1_pre_topc(sK1,sK0) <- (7) [avatar component clause 587] {a:0,w:3,wCS:300,nSel:1,goal:1,sine:255,thAx:0,allAx:5,thDist:-5}
590. 7 [avatar split clause 365,587]
592. 8 <=> l1_pre_topc(sK0) [avatar definition]
594. l1_pre_topc(sK0) <- (8) [avatar component clause 592] {a:0,w:2,wCS:200,nSel:1,goal:1,sine:255,thAx:0,allAx:5,thDist:-5}
595. 8 [avatar split clause 364,592]
1468. l1_pre_topc(sK1) | ~l1_pre_topc(sK0) <- (7) [resolution 409,589] {a:1,w:4,wCS:400,goal:1,sine:1,thAx:0,allAx:6,thDist:-6}
1471. l1_pre_topc(sK1) <- (7, 8) [subsumption resolution 1468,594] {a:1,w:2,wCS:200,goal:1,sine:1,thAx:0,allAx:6,thDist:-6}
1473. 144 <=> l1_pre_topc(sK1) [avatar definition]
1475. l1_pre_topc(sK1) <- (144) [avatar component clause 1473] {a:1,w:2,wCS:200,nSel:1,goal:1,sine:255,thAx:0,allAx:6,thDist:-6}
1476. 144 | ~7 | ~8 [avatar split clause 1471,592,587,1473]
2229. m1_subset_1(X19,k1_zfmisc_1(u1_struct_0(X20))) | ~r2_hidden(X19,u1_pre_topc(X20)) | ~l1_pre_topc(X20) [resolution 479,398] {a:1,w:11,wCS:4400,nSel:1,sine:2,thAx:0,allAx:2,thDist:-2}
2344. ~v3_pre_topc(sK3,sK0) | r2_hidden(sK3,u1_pre_topc(sK0)) | ~l1_pre_topc(sK0) <- (5) [resolution 410,579] {a:1,w:9,wCS:900,goal:1,sine:1,thAx:0,allAx:6,thDist:-6}
2345. ~v3_pre_topc(sK2,sK1) | r2_hidden(sK2,u1_pre_topc(sK1)) | ~l1_pre_topc(sK1) <- (6) [resolution 410,584] {a:1,w:9,wCS:900,goal:1,sine:1,thAx:0,allAx:6,thDist:-6}
2359. 236 <=> r2_hidden(sK3,u1_pre_topc(sK0)) [avatar definition]
2361. r2_hidden(sK3,u1_pre_topc(sK0)) <- (236) [avatar component clause 2359] {a:1,w:4,wCS:400,nSel:1,goal:1,sine:255,thAx:0,allAx:6,thDist:-6}
2364. ~v3_pre_topc(sK2,sK1) | r2_hidden(sK2,u1_pre_topc(sK1)) <- (6, 144) [subsumption resolution 2345,1475] {a:1,w:7,wCS:700,goal:1,sine:1,thAx:0,allAx:6,thDist:-6}
2366. 237 <=> r2_hidden(sK2,u1_pre_topc(sK1)) [avatar definition]
2368. r2_hidden(sK2,u1_pre_topc(sK1)) <- (237) [avatar component clause 2366] {a:1,w:4,wCS:400,nSel:1,goal:1,sine:255,thAx:0,allAx:6,thDist:-6}
2369. 237 | ~1 | ~6 | ~144 [avatar split clause 2364,1473,582,559,2366]
2370. ~v3_pre_topc(sK3,sK0) | r2_hidden(sK3,u1_pre_topc(sK0)) <- (5, 8) [subsumption resolution 2344,594] {a:1,w:7,wCS:700,goal:1,sine:1,thAx:0,allAx:6,thDist:-6}
2371. 236 | ~4 | ~5 | ~8 [avatar split clause 2370,592,577,572,2359]
2405. ~r2_hidden(sK2,u1_pre_topc(sK1)) | v3_pre_topc(sK2,sK1) | ~l1_pre_topc(sK1) <- (6) [resolution 411,584] {a:1,w:9,wCS:900,goal:1,sine:1,thAx:0,allAx:6,thDist:-6}
2447. r2_hidden(sK10(X0,X1,X5),u1_pre_topc(X0)) | ~r2_hidden(X5,u1_pre_topc(X1)) | ~m1_subset_1(X5,k1_zfmisc_1(u1_struct_0(X1))) | ~m1_pre_topc(X1,X0) | ~l1_pre_topc(X0) [subsumption resolution 401,409] {a:0,w:21,wCS:8400,nSel:1,sine:1,thAx:0,allAx:4,thDist:-4}
2451. m1_subset_1(sK10(X0,X1,X5),k1_zfmisc_1(u1_struct_0(X0))) | ~r2_hidden(X5,u1_pre_topc(X1)) | ~m1_subset_1(X5,k1_zfmisc_1(u1_struct_0(X1))) | ~m1_pre_topc(X1,X0) | ~l1_pre_topc(X0) [subsumption resolution 400,409] {a:0,w:22,wCS:8800,nSel:1,sine:1,thAx:0,allAx:4,thDist:-4}
2452. ~r2_hidden(X0,u1_pre_topc(X1)) | ~m1_subset_1(X0,k1_zfmisc_1(u1_struct_0(X1))) | ~m1_pre_topc(X1,X2) | ~l1_pre_topc(X2) | ~r2_hidden(sK10(X2,X1,X0),u1_pre_topc(X2)) | v3_pre_topc(sK10(X2,X1,X0),X2) | ~l1_pre_topc(X2) [resolution 2451,411] {a:1,w:29,wCS:11600,sine:1,thAx:0,allAx:5,thDist:-5}
2477. ~r2_hidden(X0,u1_pre_topc(X1)) | ~m1_subset_1(X0,k1_zfmisc_1(u1_struct_0(X1))) | ~m1_pre_topc(X1,X2) | ~l1_pre_topc(X2) | ~r2_hidden(sK10(X2,X1,X0),u1_pre_topc(X2)) | v3_pre_topc(sK10(X2,X1,X0),X2) [duplicate literal removal 2452] {a:1,w:27,wCS:10800,sine:1,thAx:0,allAx:5,thDist:-5}
2478. v3_pre_topc(sK10(X2,X1,X0),X2) | ~m1_subset_1(X0,k1_zfmisc_1(u1_struct_0(X1))) | ~m1_pre_topc(X1,X2) | ~l1_pre_topc(X2) | ~r2_hidden(X0,u1_pre_topc(X1)) [subsumption resolution 2477,2447] {a:1,w:20,wCS:8000,nSel:1,sine:1,thAx:0,allAx:5,thDist:-5}
2529. k9_subset_1(u1_struct_0(X1),sK10(X0,X1,X5),k2_struct_0(X1)) = X5 | ~r2_hidden(X5,u1_pre_topc(X1)) | ~m1_subset_1(X5,k1_zfmisc_1(u1_struct_0(X1))) | ~m1_pre_topc(X1,X0) | ~l1_pre_topc(X0) [subsumption resolution 402,409] {a:0,w:25,wCS:10000,nSel:1,sine:1,thAx:0,allAx:4,thDist:-4}
2541. sK2 != X1 | ~m1_subset_1(sK10(X0,sK1,X1),k1_zfmisc_1(u1_struct_0(sK0))) | ~v3_pre_topc(sK10(X0,sK1,X1),sK0) | ~r2_hidden(X1,u1_pre_topc(sK1)) | ~m1_subset_1(X1,k1_zfmisc_1(u1_struct_0(sK1))) | ~m1_pre_topc(sK1,X0) | ~l1_pre_topc(X0) <- (2) [superposition 564,2529] {a:1,w:31,wCS:3100,nSel:1,goal:1,sine:1,thAx:0,allAx:9,thDist:-9}
2561. ~m1_subset_1(k9_subset_1(u1_struct_0(X1),X6,k2_struct_0(X1)),k1_zfmisc_1(u1_struct_0(X1))) | ~r2_hidden(X6,u1_pre_topc(X0)) | ~m1_subset_1(X6,k1_zfmisc_1(u1_struct_0(X0))) | r2_hidden(k9_subset_1(u1_struct_0(X1),X6,k2_struct_0(X1)),u1_pre_topc(X1)) | ~m1_pre_topc(X1,X0) | ~l1_pre_topc(X0) [subsumption resolution 557,409] {a:0,w:33,wCS:13200,nSel:1,sine:1,thAx:0,allAx:4,thDist:-4}
3952. ~m1_subset_1(sK10(X0,sK1,sK2),k1_zfmisc_1(u1_struct_0(sK0))) | ~v3_pre_topc(sK10(X0,sK1,sK2),sK0) | ~r2_hidden(sK2,u1_pre_topc(sK1)) | ~m1_subset_1(sK2,k1_zfmisc_1(u1_struct_0(sK1))) | ~m1_pre_topc(sK1,X0) | ~l1_pre_topc(X0) <- (2) [equality resolution 2541] {a:2,w:28,wCS:2800,goal:1,sine:1,thAx:0,allAx:9,thDist:-9}
3953. ~m1_subset_1(sK10(X0,sK1,sK2),k1_zfmisc_1(u1_struct_0(sK0))) | ~v3_pre_topc(sK10(X0,sK1,sK2),sK0) | ~m1_subset_1(sK2,k1_zfmisc_1(u1_struct_0(sK1))) | ~m1_pre_topc(sK1,X0) | ~l1_pre_topc(X0) <- (2, 237) [subsumption resolution 3952,2368] {a:2,w:24,wCS:2400,goal:1,sine:1,thAx:0,allAx:9,thDist:-9}
3954. ~m1_subset_1(sK10(X0,sK1,sK2),k1_zfmisc_1(u1_struct_0(sK0))) | ~v3_pre_topc(sK10(X0,sK1,sK2),sK0) | ~m1_pre_topc(sK1,X0) | ~l1_pre_topc(X0) <- (2, 6, 237) [subsumption resolution 3953,584] {a:2,w:19,wCS:1900,nSel:1,goal:1,sine:1,thAx:0,allAx:9,thDist:-9}
4289. ~v3_pre_topc(sK10(sK0,sK1,sK2),sK0) | ~m1_pre_topc(sK1,sK0) | ~l1_pre_topc(sK0) | ~r2_hidden(sK2,u1_pre_topc(sK1)) | ~m1_subset_1(sK2,k1_zfmisc_1(u1_struct_0(sK1))) | ~m1_pre_topc(sK1,sK0) | ~l1_pre_topc(sK0) <- (2, 6, 237) [resolution 3954,2451] {a:3,w:25,wCS:2500,goal:1,sine:1,thAx:0,allAx:13,thDist:-13}
4292. ~v3_pre_topc(sK10(sK0,sK1,sK2),sK0) | ~m1_pre_topc(sK1,sK0) | ~l1_pre_topc(sK0) | ~r2_hidden(sK2,u1_pre_topc(sK1)) | ~m1_subset_1(sK2,k1_zfmisc_1(u1_struct_0(sK1))) <- (2, 6, 237) [duplicate literal removal 4289] {a:3,w:20,wCS:2000,goal:1,sine:1,thAx:0,allAx:13,thDist:-13}
4293. ~v3_pre_topc(sK10(sK0,sK1,sK2),sK0) | ~l1_pre_topc(sK0) | ~r2_hidden(sK2,u1_pre_topc(sK1)) | ~m1_subset_1(sK2,k1_zfmisc_1(u1_struct_0(sK1))) <- (2, 6, 7, 237) [subsumption resolution 4292,589] {a:3,w:17,wCS:1700,goal:1,sine:1,thAx:0,allAx:13,thDist:-13}
4294. ~v3_pre_topc(sK10(sK0,sK1,sK2),sK0) | ~r2_hidden(sK2,u1_pre_topc(sK1)) | ~m1_subset_1(sK2,k1_zfmisc_1(u1_struct_0(sK1))) <- (2, 6, 7, 8, 237) [subsumption resolution 4293,594] {a:3,w:15,wCS:1500,goal:1,sine:1,thAx:0,allAx:13,thDist:-13}
4295. ~v3_pre_topc(sK10(sK0,sK1,sK2),sK0) | ~m1_subset_1(sK2,k1_zfmisc_1(u1_struct_0(sK1))) <- (2, 6, 7, 8, 237) [subsumption resolution 4294,2368] {a:3,w:11,wCS:1100,goal:1,sine:1,thAx:0,allAx:13,thDist:-13}
4296. ~v3_pre_topc(sK10(sK0,sK1,sK2),sK0) <- (2, 6, 7, 8, 237) [subsumption resolution 4295,584] {a:3,w:6,wCS:600,goal:1,sine:1,thAx:0,allAx:13,thDist:-13}
4298. 370 <=> v3_pre_topc(sK10(sK0,sK1,sK2),sK0) [avatar definition]
4300. ~v3_pre_topc(sK10(sK0,sK1,sK2),sK0) <- (~370) [avatar component clause 4298] {a:3,w:6,wCS:600,nSel:1,goal:1,sine:255,thAx:0,allAx:13,thDist:-13}
4301. ~370 | ~2 | ~6 | ~7 | ~8 | ~237 [avatar split clause 4296,2366,592,587,582,563,4298]
5449. ~m1_subset_1(sK2,k1_zfmisc_1(u1_struct_0(sK1))) | ~m1_pre_topc(sK1,sK0) | ~l1_pre_topc(sK0) | ~r2_hidden(sK2,u1_pre_topc(sK1)) <- (~370) [resolution 2478,4300] {a:4,w:14,wCS:1400,goal:1,sine:1,thAx:0,allAx:18,thDist:-18}
5451. ~m1_pre_topc(sK1,sK0) | ~l1_pre_topc(sK0) | ~r2_hidden(sK2,u1_pre_topc(sK1)) <- (6, ~370) [subsumption resolution 5449,584] {a:4,w:9,wCS:900,goal:1,sine:1,thAx:0,allAx:18,thDist:-18}
5452. ~l1_pre_topc(sK0) | ~r2_hidden(sK2,u1_pre_topc(sK1)) <- (6, 7, ~370) [subsumption resolution 5451,589] {a:4,w:6,wCS:600,goal:1,sine:1,thAx:0,allAx:18,thDist:-18}
5453. ~r2_hidden(sK2,u1_pre_topc(sK1)) <- (6, 7, 8, ~370) [subsumption resolution 5452,594] {a:4,w:4,wCS:400,goal:1,sine:1,thAx:0,allAx:18,thDist:-18}
5458. ~r2_hidden(sK2,u1_pre_topc(sK1)) | v3_pre_topc(sK2,sK1) <- (6, 144) [subsumption resolution 2405,1475] {a:1,w:7,wCS:700,goal:1,sine:1,thAx:0,allAx:6,thDist:-6}
5459. 1 | ~237 | ~6 | ~144 [avatar split clause 5458,1473,582,2366,559]
5466. ~237 | ~6 | ~7 | ~8 | 370 [avatar split clause 5453,4298,592,587,582,2366]
5486. ~m1_subset_1(sK2,k1_zfmisc_1(u1_struct_0(sK1))) | ~r2_hidden(sK3,u1_pre_topc(X1)) | ~m1_subset_1(sK3,k1_zfmisc_1(u1_struct_0(X1))) | r2_hidden(sK2,u1_pre_topc(sK1)) | ~m1_pre_topc(sK1,X1) | ~l1_pre_topc(X1) <- (3) [superposition 2561,569] {a:1,w:23,wCS:2300,goal:1,sine:1,thAx:0,allAx:9,thDist:-9}
5523. ~r2_hidden(sK3,u1_pre_topc(X1)) | ~m1_subset_1(sK3,k1_zfmisc_1(u1_struct_0(X1))) | r2_hidden(sK2,u1_pre_topc(sK1)) | ~m1_pre_topc(sK1,X1) | ~l1_pre_topc(X1) <- (3, 6) [subsumption resolution 5486,584] {a:1,w:18,wCS:1800,goal:1,sine:1,thAx:0,allAx:9,thDist:-9}
5524. ~r2_hidden(sK3,u1_pre_topc(X1)) | r2_hidden(sK2,u1_pre_topc(sK1)) | ~m1_pre_topc(sK1,X1) | ~l1_pre_topc(X1) <- (3, 6) [subsumption resolution 5523,2229] {a:1,w:13,wCS:1300,goal:1,sine:1,thAx:0,allAx:9,thDist:-9}
5536. 397 <=> ! [X1] : (~r2_hidden(sK3,u1_pre_topc(X1)) | ~l1_pre_topc(X1) | ~m1_pre_topc(sK1,X1)) [avatar definition]
5537. ~r2_hidden(sK3,u1_pre_topc(X1)) | ~l1_pre_topc(X1) | ~m1_pre_topc(sK1,X1) <- (397) [avatar component clause 5536] {a:1,w:9,wCS:900,nSel:1,goal:1,sine:255,thAx:0,allAx:9,thDist:-9}
5538. 237 | 397 | ~3 | ~6 [avatar split clause 5524,582,567,5536,2366]
5692. ~l1_pre_topc(sK0) | ~m1_pre_topc(sK1,sK0) <- (236, 397) [resolution 5537,2361] {a:2,w:5,wCS:500,goal:1,sine:255,thAx:0,allAx:15,thDist:-15}
5695. ~m1_pre_topc(sK1,sK0) <- (8, 236, 397) [subsumption resolution 5692,594] {a:2,w:3,wCS:300,goal:1,sine:255,thAx:0,allAx:15,thDist:-15}
5696. $false <- (7, 8, 236, 397) [subsumption resolution 5695,589] {a:2,w:0,goal:1,sine:255,thAx:0,allAx:15,thDist:-15}
5697. ~7 | ~8 | ~236 | ~397 [avatar contradiction clause 5696]
5698. $false [avatar sat refutation 565,570,575,580,585,590,595,1476,2369,2371,4301,5459,5466,5538,5697] {a:0,w:0,goal:1,sine:0,thAx:0,allAx:4326,thDist:-4326}
% SZS output end Proof for tops_2__t24_tops_2
% ------------------------------
% Version: Vampire 4.5.1 (commit 226f88162 on 2021-09-12 20:13:44 +0200)
% Termination reason: Refutation

% >>> Input
% Input formulas: 143
% >>> Preprocessing
% Introduced skolems: 36
% Pure predicates: 11
% 
% >>> Saturation
% Initial clauses: 193
% Generated clauses: 3776
% Active clauses: 875
% Passive clauses: 1686
% Final active clauses: 759
% Final passive clauses: 730
% Main loop iterations started: 936
% 
% >>> Simplifying Inferences
% Duplicate literals: 153
% Trivial inequalities: 3
% Fw subsumption resolutions: 257
% Fw demodulations: 11
% Bw demodulations: 1
% 
% >>> Deletion Inferences
% Simple tautologies: 183
% Forward subsumptions: 973
% Backward subsumptions: 26
% 
% >>> Generating Inferences
% Binary resolution: 1896
% Unit resulting resolution: 18
% Forward superposition: 469
% Backward superposition: 221
% Self superposition: 1
% Equality resolution: 2
% 
% >>> AVATAR
% Split clauses: 200
% Split components: 428
% Sat splitting refutations: 35
% 
% >>> SAT Solver Statistics
% SAT solver clauses: 528
% SAT solver unit clauses: 63
% SAT solver binary clauses: 225
% 
% Memory used [KB]: 8827
% Time elapsed: 0.050 s
% ------------------------------
% ------------------------------
% Time measurement results:
% parsing: 0.002 s
% preprocessing: 0.001 s
% SAT solver time: 0.002 s
% minimizing solver time: 0.001 s
% sat proof minimization: 0.001 s
% term sharing: 0.001 s
% congruence closure: 0.007 s ( own 0.006 s ) 
% binary resolution index maintenance: 0.001 s
% backward subsumption index maintenance: 0.001 s
% backward demodulation index maintenance: 0.001 s
% splitting component index usage: 0.001 s
% forward subsumption: 0.008 s
% forward subsumption resolution: 0.004 s
% backward subsumption: 0.003 s
% resolution: 0.004 s ( own 0.003 s ) 
% unit resulting resolution: 0.004 s
% superposition: 0.002 s
% other: 0.050 s ( own 0.008 s ) 

