i: [1,637,0,2,1,1,0,0] t11_roughs_1
a: [3,970,0,2,1,637]
s: 970
i: [1,636,0,2,1,1,0,0] t11_roughs_1
a: [3,975,0,2,1,636]
s: 975
i: [1,635,0,2,1,1,0,0] t11_roughs_1
a: [3,980,0,2,1,635]
s: 980
i: [1,639,0,4,1,1,0,0] t11_roughs_1
a: [3,960,0,4,1,639]
s: 960
i: [1,641,0,5,1,1,0,0] t11_roughs_1
a: [3,950,0,5,1,641]
s: 950
i: [1,638,0,5,1,1,0,0] t11_roughs_1
a: [3,965,0,5,1,638]
s: 965
i: [1,642,0,2,1,0,0,3] fc7_card_1
a: [3,985,0,2,1,642]
s: 985
i: [1,643,0,2,1,0,0,4] fc8_numbers
a: [3,990,0,2,1,643]
s: 990
i: [1,644,0,2,1,0,0,3] fc6_numbers
a: [3,995,0,2,1,644]
s: 995
i: [1,645,0,2,1,0,0,3] fc7_numbers
a: [3,1000,0,2,1,645]
s: 1000
i: [1,646,0,2,1,0,0,255] spc1_boole
a: [3,1005,0,2,1,646]
s: 1005
i: [1,647,0,2,1,0,0,4] fc1_numbers
a: [3,1010,0,2,1,647]
s: 1010
i: [1,648,0,2,1,0,0,3] fc4_numbers
a: [3,1015,0,2,1,648]
s: 1015
i: [1,649,0,2,1,0,0,3] fc3_numbers
a: [3,1020,0,2,1,649]
s: 1020
i: [1,650,0,2,1,0,0,3] fc4_card_1
a: [3,1025,0,2,1,650]
s: 1025
i: [1,651,0,2,1,0,0,3] fc5_membered
a: [3,1030,0,2,1,651]
s: 1030
i: [1,652,0,2,1,0,0,3] fc4_membered
a: [3,1035,0,2,1,652]
s: 1035
i: [1,653,0,2,1,0,0,3] fc3_membered
a: [3,1040,0,2,1,653]
s: 1040
i: [1,654,0,2,1,0,0,3] fc6_membered
a: [3,1045,0,2,1,654]
s: 1045
i: [1,655,0,2,1,0,0,255] dt_o_0_0_xboole_0
a: [3,1050,0,2,1,655]
s: 1050
i: [1,656,0,2,1,0,0,3] fc1_xboole_0
a: [3,1055,0,2,1,656]
s: 1055
i: [1,661,0,2,1,0,0,255] spc1_numerals
a: [3,1095,0,2,1,661]
s: 1095
i: [1,904,0,2,1,0,0,4] rc3_card_1
a: [3,1100,0,2,1,904]
s: 1100
i: [1,905,0,2,1,0,0,2] rc2_xboole_0
a: [3,1105,0,2,1,905]
s: 1105
i: [1,906,0,2,1,0,0,1] existence_l1_orders_2
a: [3,1110,0,2,1,906]
s: 1110
i: [1,907,0,2,1,0,0,2] existence_l1_struct_0
a: [3,1115,0,2,1,907]
s: 1115
i: [1,908,0,2,1,0,0,4] rc1_card_1
a: [3,1120,0,2,1,908]
s: 1120
i: [1,909,0,2,1,0,0,6] rc1_xreal_0
a: [3,1125,0,2,1,909]
s: 1125
i: [1,910,0,2,1,0,0,5] rc1_xxreal_0
a: [3,1130,0,2,1,910]
s: 1130
i: [1,911,0,2,1,0,0,2] rc1_xboole_0
a: [3,1135,0,2,1,911]
s: 1135
i: [1,913,0,2,1,0,0,255] rc8_finseq_1
a: [3,1140,0,2,1,913]
s: 1140
i: [1,912,0,2,1,0,0,255] rc8_finseq_1
a: [3,1145,0,2,1,912]
s: 1145
i: [1,915,0,2,1,0,0,3] rc2_membered
a: [3,1150,0,2,1,915]
s: 1150
i: [1,914,0,2,1,0,0,3] rc2_membered
a: [3,1155,0,2,1,914]
s: 1155
i: [1,917,0,2,1,0,0,3] rc1_membered
a: [3,1160,0,2,1,917]
s: 1160
i: [1,916,0,2,1,0,0,3] rc1_membered
a: [3,1165,0,2,1,916]
s: 1165
i: [1,919,0,2,1,0,0,255] rc3_membered
a: [3,1170,0,2,1,919]
s: 1170
i: [1,918,0,2,1,0,0,255] rc3_membered
a: [3,1175,0,2,1,918]
s: 1175
i: [1,921,0,2,1,0,0,4] rc1_finset_1
a: [3,1180,0,2,1,921]
s: 1180
i: [1,920,0,2,1,0,0,4] rc1_finset_1
a: [3,1185,0,2,1,920]
s: 1185
i: [1,924,0,2,1,0,0,255] rc8_finset_1
a: [3,1190,0,2,1,924]
s: 1190
i: [1,923,0,2,1,0,0,255] rc8_finset_1
a: [3,1195,0,2,1,923]
s: 1195
i: [1,922,0,2,1,0,0,255] rc8_finset_1
a: [3,1200,0,2,1,922]
s: 1200
i: [1,926,0,2,1,0,0,3] rc1_relat_1
a: [3,1205,0,2,1,926]
s: 1205
i: [1,925,0,2,1,0,0,3] rc1_relat_1
a: [3,1210,0,2,1,925]
s: 1210
i: [1,929,0,2,1,0,0,255] rc3_xreal_0
a: [3,1215,0,2,1,929]
s: 1215
i: [1,928,0,2,1,0,0,255] rc3_xreal_0
a: [3,1220,0,2,1,928]
s: 1220
i: [1,927,0,2,1,0,0,255] rc3_xreal_0
a: [3,1225,0,2,1,927]
s: 1225
i: [1,932,0,2,1,0,0,255] rc2_xreal_0
a: [3,1230,0,2,1,932]
s: 1230
i: [1,931,0,2,1,0,0,255] rc2_xreal_0
a: [3,1235,0,2,1,931]
s: 1235
i: [1,930,0,2,1,0,0,255] rc2_xreal_0
a: [3,1240,0,2,1,930]
s: 1240
i: [1,934,0,2,1,0,0,4] rc3_xxreal_0
a: [3,1245,0,2,1,934]
s: 1245
i: [1,933,0,2,1,0,0,4] rc3_xxreal_0
a: [3,1250,0,2,1,933]
s: 1250
i: [1,936,0,2,1,0,0,255] rc2_xxreal_0
a: [3,1255,0,2,1,936]
s: 1255
i: [1,935,0,2,1,0,0,255] rc2_xxreal_0
a: [3,1260,0,2,1,935]
s: 1260
i: [1,937,0,2,1,0,0,255] rc2_relat_1
a: [3,1265,0,2,1,937]
s: 1265
i: [1,940,0,2,1,0,0,255] rc4_xreal_0
a: [3,1270,0,2,1,940]
s: 1270
i: [1,939,0,2,1,0,0,255] rc4_xreal_0
a: [3,1275,0,2,1,939]
s: 1275
i: [1,938,0,2,1,0,0,255] rc4_xreal_0
a: [3,1280,0,2,1,938]
s: 1280
i: [1,942,0,2,1,0,0,5] rc4_xxreal_0
a: [3,1285,0,2,1,942]
s: 1285
i: [1,941,0,2,1,0,0,5] rc4_xxreal_0
a: [3,1290,0,2,1,941]
s: 1290
i: [1,945,0,2,1,0,0,255] rc2_nat_1
a: [3,1295,0,2,1,945]
s: 1295
i: [1,944,0,2,1,0,0,255] rc2_nat_1
a: [3,1300,0,2,1,944]
s: 1300
i: [1,640,0,10,1,1,0,0] t11_roughs_1
a: [3,955,0,10,1,640]
s: 955
i: [1,665,0,3,1,0,0,1] fc1_subset_1
s: 665
i: [1,845,0,3,1,0,0,1] rc2_subset_1
s: 845
i: [1,848,0,3,1,0,0,255] reflexivity_r1_tarski
s: 848
i: [1,657,0,3,1,0,0,255] d2_xboole_0
a: [3,1060,0,3,1,657]
s: 1060
r: 1050
i: [1,658,0,3,1,0,0,2] redefinition_k5_numbers
a: [3,1065,0,3,1,658]
s: 1065
i: [1,659,0,3,1,0,0,3] t1_numerals
a: [3,1070,0,3,1,659]
s: 1070
i: [1,664,0,3,1,0,0,255] spc1_numerals
a: [3,1080,0,3,1,664]
s: 1080
i: [1,663,0,3,1,0,0,255] spc1_numerals
a: [3,1085,0,3,1,663]
s: 1085
d: [2,1308,0,3,1,2,22,1085,1065]
a: [3,1312,0,3,1,1308]
s: 1312
i: [1,671,0,4,2,0,0,255] cc5_finset_1
s: 671
i: [1,689,0,4,2,0,0,1] dt_l1_orders_2
s: 689
i: [1,712,0,4,2,0,0,255] cc1_card_1
s: 712
d: [2,1314,1,2,1,1,40,689,970]
a: [3,1319,1,2,1,1314]
s: 1319
i: [1,716,0,4,2,0,0,4] cc3_card_1
s: 716
d: [2,1315,1,2,1,1,40,689,1110]
a: [3,1324,1,2,1,1315]
s: 1324
i: [1,717,0,4,2,0,0,5] cc2_xreal_0
s: 717
i: [1,718,0,4,2,0,0,5] cc2_xxreal_0
s: 718
d: [2,1326,1,2,1,1,40,712,1025]
a: [3,1331,1,2,1,1326]
s: 1331
i: [1,719,0,4,2,0,0,5] cc5_card_1
s: 719
d: [2,1327,1,2,1,1,40,712,1120]
a: [3,1336,1,2,1,1327]
s: 1336
i: [1,720,0,4,2,0,0,255] cc1_nat_1
s: 720
i: [1,723,0,4,2,0,0,5] cc3_nat_1
s: 723
i: [1,724,0,4,2,0,0,3] cc2_membered
s: 724
i: [1,725,0,4,2,0,0,3] cc3_membered
s: 725
d: [2,1338,1,2,1,1,40,724,1030]
a: [3,1342,1,2,1,1338]
s: 1342
i: [1,728,0,4,2,0,0,255] cc5_membered
s: 728
i: [1,729,0,4,2,0,0,255] cc4_membered
s: 729
d: [2,1344,1,2,1,1,40,725,1035]
a: [3,1348,1,2,1,1344]
s: 1348
i: [1,732,0,4,2,0,0,6] cc4_xreal_0
s: 732
d: [2,1356,1,2,1,1,40,728,1040]
a: [3,1360,1,2,1,1356]
s: 1360
i: [1,733,0,4,2,0,0,255] cc4_finset_1
s: 733
i: [1,735,0,4,2,0,0,3] cc1_membered
s: 735
d: [2,1362,1,2,1,1,40,729,1040]
a: [3,1366,1,2,1,1362]
s: 1366
i: [1,742,0,4,2,0,0,255] cc8_finseq_1
s: 742
d: [2,1380,1,2,1,1,40,732,1125]
a: [3,1387,1,2,1,1380]
s: 1387
i: [1,743,0,4,2,0,0,255] cc6_finset_1
s: 743
i: [1,744,0,4,2,0,0,4] cc2_card_1
s: 744
d: [2,1389,1,2,1,1,40,735,1045]
a: [3,1396,1,2,1,1389]
s: 1396
i: [1,745,0,4,2,0,0,3] cc18_membered
s: 745
d: [2,1390,1,2,1,1,40,735,1150]
a: [3,1401,1,2,1,1390]
s: 1401
i: [1,746,0,4,2,0,0,4] cc1_finset_1
s: 746
i: [1,747,0,4,2,0,0,3] cc1_relat_1
s: 747
d: [2,1391,1,2,1,1,40,735,1160]
a: [3,1406,1,2,1,1391]
s: 1406
i: [1,843,0,4,1,0,0,1] existence_m1_subset_1
s: 843
d: [2,1392,1,2,1,1,40,735,1170]
a: [3,1411,1,2,1,1392]
s: 1411
i: [1,847,0,4,1,0,0,255] rc3_subset_1
s: 847
i: [1,849,0,4,1,0,0,2] fc6_relat_1
s: 849
d: [2,1413,1,2,1,1,40,742,1055]
a: [3,1421,1,2,1,1413]
s: 1421
i: [1,890,0,4,1,0,0,255] rc3_relat_1
s: 890
d: [2,1415,1,2,1,1,40,742,1135]
a: [3,1426,1,2,1,1415]
s: 1426
i: [1,894,0,4,1,0,0,255] rc1_relset_1
s: 894
i: [1,895,0,4,1,0,0,255] rc1_relset_1
s: 895
d: [2,1416,1,2,1,1,40,742,1280]
a: [3,1431,1,2,1,1416]
s: 1431
i: [1,660,0,4,1,0,0,3] dt_k5_numbers
a: [3,1075,0,4,1,660]
s: 1075
d: [2,1417,1,2,1,1,40,742,1290]
a: [3,1436,1,2,1,1417]
s: 1436
i: [1,662,0,4,1,0,0,255] spc1_numerals
a: [3,1090,0,4,1,662]
s: 1090
i: [1,943,0,4,1,0,0,255] rc2_nat_1
a: [3,1305,0,4,1,943]
s: 1305
d: [2,1438,1,2,1,1,40,743,1055]
a: [3,1446,1,2,1,1438]
s: 1446
d: [2,1593,0,4,1,2,22,1075,1065]
a: [3,1597,0,4,1,1593]
s: 1597
d: [2,1440,1,2,1,1,40,743,1135]
a: [3,1451,1,2,1,1440]
s: 1451
d: [2,1599,0,4,1,2,22,1090,1065]
a: [3,1603,0,4,1,1599]
s: 1603
i: [1,667,0,5,2,0,0,255] rc6_subset_1
s: 667
d: [2,1441,1,2,1,1,40,743,1280]
a: [3,1456,1,2,1,1441]
s: 1456
i: [1,669,0,5,2,0,0,255] rc7_finset_1
s: 669
d: [2,1442,1,2,1,1,40,743,1290]
a: [3,1461,1,2,1,1442]
s: 1461
i: [1,670,0,5,2,0,0,255] rc7_finset_1
s: 670
i: [1,672,0,5,2,0,0,4] fc9_card_1
s: 672
d: [2,1463,1,2,1,1,40,744,1055]
a: [3,1471,1,2,1,1463]
s: 1471
i: [1,674,0,5,2,0,0,4] rc4_card_1
s: 674
d: [2,1465,1,2,1,1,40,744,1135]
a: [3,1476,1,2,1,1465]
s: 1476
i: [1,678,0,5,2,0,0,1] rc1_subset_1
s: 678
i: [1,680,0,5,2,0,0,255] rc5_subset_1
s: 680
d: [2,1466,1,2,1,1,40,744,1280]
a: [3,1481,1,2,1,1466]
s: 1481
i: [1,681,0,5,2,0,0,255] rc5_subset_1
s: 681
d: [2,1467,1,2,1,1,40,744,1290]
a: [3,1486,1,2,1,1467]
s: 1486
i: [1,683,0,5,2,0,0,4] rc2_finset_1
s: 683
i: [1,684,0,5,2,0,0,4] rc2_finset_1
s: 684
d: [2,1494,1,2,1,1,40,745,1055]
a: [3,1502,1,2,1,1494]
s: 1502
i: [1,714,0,5,2,0,0,255] rc23_struct_0
s: 714
d: [2,1496,1,2,1,1,40,745,1135]
a: [3,1507,1,2,1,1496]
s: 1507
i: [1,738,0,5,2,0,0,255] fc31_finset_1
s: 738
i: [1,739,0,5,2,0,0,4] fc17_finset_1
s: 739
d: [2,1497,1,2,1,1,40,745,1280]
a: [3,1512,1,2,1,1497]
s: 1512
i: [1,748,0,5,2,0,0,2] t6_boole
s: 748
d: [2,1498,1,2,1,1,40,745,1290]
a: [3,1517,1,2,1,1498]
s: 1517
i: [1,749,0,5,2,0,0,255] cc8_card_1
s: 749
i: [1,758,0,5,2,0,0,255] cc7_card_1
s: 758
d: [2,1525,1,2,1,1,40,746,1055]
a: [3,1533,1,2,1,1525]
s: 1533
i: [1,759,0,5,2,0,0,255] cc9_card_1
s: 759
d: [2,1527,1,2,1,1,40,746,1135]
a: [3,1538,1,2,1,1527]
s: 1538
i: [1,760,0,5,2,0,0,255] cc9_card_1
s: 760
i: [1,761,0,5,2,0,0,3] cc2_nat_1
s: 761
d: [2,1528,1,2,1,1,40,746,1280]
a: [3,1543,1,2,1,1528]
s: 1543
i: [1,762,0,5,2,0,0,3] cc25_membered
s: 762
d: [2,1529,1,2,1,1,40,746,1290]
a: [3,1548,1,2,1,1529]
s: 1548
i: [1,763,0,5,2,0,0,3] cc4_card_1
s: 763
i: [1,764,0,5,2,0,0,6] cc1_xreal_0
s: 764
d: [2,1550,1,2,1,1,40,747,1055]
a: [3,1558,1,2,1,1550]
s: 1558
i: [1,838,0,5,2,0,0,1] t7_boole
s: 838
d: [2,1552,1,2,1,1,40,747,1135]
a: [3,1563,1,2,1,1552]
s: 1563
i: [1,844,0,5,1,0,0,1] rc2_subset_1
s: 844
i: [1,846,0,5,1,0,0,255] rc3_subset_1
s: 846
d: [2,1553,1,2,1,1,40,747,1280]
a: [3,1568,1,2,1,1553]
s: 1568
i: [1,891,0,5,1,0,0,255] rc3_relat_1
s: 891
d: [2,1554,1,2,1,1,40,747,1290]
a: [3,1573,1,2,1,1554]
s: 1573
i: [1,892,0,5,1,0,0,255] rc3_relat_1
s: 892
i: [1,896,0,5,1,0,0,255] rc1_relset_1
s: 896
d: [2,1669,1,2,1,1,40,763,1312]
a: [3,1674,1,2,1,1669]
s: 1674
i: [1,897,0,5,1,0,0,255] rc1_relset_1
s: 897
d: [2,1681,1,2,1,1,40,764,1080]
a: [3,1686,1,2,1,1681]
s: 1686
d: [2,1666,0,5,2,1,22,761,1065]
s: 1666
d: [2,1667,0,5,2,1,22,762,1065]
s: 1667
d: [2,1700,1,2,1,2,40,1666,1070]
a: [3,1706,1,2,1,1700]
s: 1706
i: [1,686,0,6,2,0,0,255] rc7_card_1
s: 686
d: [2,1701,1,2,1,2,40,1666,1312]
a: [3,1711,1,2,1,1701]
s: 1711
i: [1,688,0,6,2,0,0,255] rc4_subset_1
s: 688
i: [1,696,0,6,3,0,0,255] cc7_struct_0
s: 696
d: [2,1719,1,2,1,2,40,1667,1312]
a: [3,1724,1,2,1,1719]
s: 1724
i: [1,697,0,6,3,0,0,255] cc5_struct_0
s: 697
d: [2,1743,1,4,2,1,40,697,1115]
a: [3,1756,1,2,1,1743]
s: 1756
i: [1,699,0,6,3,0,0,255] cc17_struct_0
s: 699
i: [1,700,0,6,3,0,0,255] cc2_struct_0
s: 700
d: [2,1350,2,2,1,1,40,1342,725]
a: [3,1354,2,2,1,1350]
s: 1354
i: [1,701,0,6,3,0,0,255] cc6_struct_0
s: 701
d: [2,1368,2,2,1,1,40,1348,729]
a: [3,1373,2,2,1,1368]
s: 1373
i: [1,702,0,6,3,0,0,255] cc1_struct_0
s: 702
i: [1,705,0,6,3,0,0,255] cc4_struct_0
s: 705
d: [2,1369,2,2,1,1,40,1348,728]
a: [3,1378,2,2,1,1369]
s: 1378
i: [1,713,0,6,2,0,0,255] rc5_card_1
s: 713
d: [2,1784,1,5,2,0,40,713,760]
a: [3,1799,1,2,1,1784]
s: 1799
i: [1,715,0,6,2,0,0,255] rc23_struct_0
s: 715
i: [1,765,0,6,2,0,0,3] cc11_membered
s: 765
d: [2,1488,2,2,1,1,40,1396,724]
a: [3,1492,2,2,1,1488]
s: 1492
i: [1,766,0,6,2,0,0,3] cc8_membered
s: 766
d: [2,1817,1,2,1,1,40,766,1305]
a: [3,1837,1,2,1,1817]
s: 1837
i: [1,767,0,6,2,0,0,3] cc9_membered
s: 767
i: [1,768,0,6,2,0,0,3] cc10_membered
s: 768
d: [2,1519,2,2,1,1,40,1401,724]
a: [3,1523,2,2,1,1519]
s: 1523
i: [1,786,0,6,3,0,0,255] cc6_card_1
s: 786
d: [2,1893,1,4,2,1,40,786,1295]
a: [3,1903,1,2,1,1893]
s: 1903
i: [1,792,0,6,3,0,0,255] cc5_xxreal_0
s: 792
i: [1,794,0,6,3,0,0,255] cc5_xxreal_0
s: 794
d: [2,1917,1,4,2,1,40,792,1135]
a: [3,1923,1,2,1,1917]
s: 1923
i: [1,795,0,6,3,0,0,255] cc3_xxreal_0
s: 795
d: [2,1918,1,4,2,1,40,792,1280]
d: [2,1929,1,2,1,2,21,1918,1275]
a: [3,1933,1,2,1,1929]
s: 1933
i: [1,797,0,6,3,0,0,255] cc3_xxreal_0
s: 797
i: [1,801,0,6,3,0,0,3] cc8_valued_0
s: 801
d: [2,1919,1,4,2,1,40,792,1290]
d: [2,1935,1,2,1,2,21,1919,1285]
a: [3,1939,1,2,1,1935]
s: 1939
i: [1,808,0,6,3,0,0,255] cc6_valued_0
s: 808
d: [2,1941,1,4,2,1,40,794,1220]
d: [2,1943,1,2,1,2,21,1941,1225]
a: [3,1947,1,2,1,1943]
s: 1947
i: [1,810,0,6,3,0,0,255] cc5_valued_0
s: 810
i: [1,827,0,6,3,0,0,255] cc7_xxreal_0
s: 827
d: [2,1942,1,4,2,1,40,794,1245]
d: [2,1949,1,2,1,2,21,1942,1250]
a: [3,1953,1,2,1,1949]
s: 1953
i: [1,828,0,6,3,0,0,255] cc7_xxreal_0
s: 828
d: [2,1955,1,4,2,1,40,795,1055]
a: [3,1964,1,2,1,1955]
s: 1964
i: [1,833,0,6,3,0,0,3] cc9_valued_0
s: 833
d: [2,1983,0,4,2,0,21,833,747]
s: 1983
d: [2,1959,1,4,2,1,40,795,1280]
d: [2,1970,1,2,1,2,21,1959,1275]
a: [3,1974,1,2,1,1970]
s: 1974
i: [1,834,0,6,2,0,0,1] t1_subset
s: 834
d: [2,1960,1,4,2,1,40,795,1290]
d: [2,1976,1,2,1,2,21,1960,1285]
a: [3,1980,1,2,1,1976]
s: 1980
i: [1,850,0,6,2,0,0,255] fc86_valued_0
s: 850
i: [1,851,0,6,2,0,0,255] fc85_valued_0
s: 851
d: [2,1984,1,2,1,1,40,1983,1055]
a: [3,1993,1,2,1,1984]
s: 1993
i: [1,858,0,6,2,0,0,3] fc87_valued_0
s: 858
d: [2,1987,1,2,1,1,40,1983,1135]
a: [3,1998,1,2,1,1987]
s: 1998
i: [1,860,0,6,2,0,0,3] fc90_valued_0
s: 860
i: [1,865,0,6,2,0,0,1] symmetry_r1_xboole_0
s: 865
d: [2,1988,1,2,1,1,40,1983,1280]
a: [3,2003,1,2,1,1988]
s: 2003
i: [1,866,0,6,2,0,0,1] antisymmetry_r2_hidden
s: 866
d: [2,1989,1,2,1,1,40,1983,1290]
a: [3,2008,1,2,1,1989]
s: 2008
d: [2,1806,0,6,2,1,22,765,1065]
s: 1806
i: [1,666,0,7,2,0,0,255] rc6_subset_1
s: 666
d: [2,1575,2,2,1,1,40,1406,724]
a: [3,1579,2,2,1,1575]
s: 1579
i: [1,668,0,7,2,0,0,255] rc7_finset_1
s: 668
d: [2,2063,1,5,2,1,40,666,1806]
a: [3,2074,1,2,1,2063]
s: 2074
d: [2,2133,2,0,0,2,52,985,2074,671]
e: 2133
d: [2,2134,2,2,1,1,40,2074,671]
d: [2,2136,2,0,0,2,21,2134,985]
e: 2136
r: 2074
i: [1,673,0,7,2,0,0,4] rc4_card_1
s: 673
i: [1,677,0,7,2,0,0,1] rc1_subset_1
s: 677
a: [3,2073,1,2,1,2063]
s: 2073
i: [1,679,0,7,2,0,0,255] rc5_subset_1
s: 679
d: [2,2064,1,5,2,0,40,666,766]
a: [3,2083,1,2,1,2064]
s: 2083
d: [2,2224,2,0,0,2,52,990,2083,671]
e: 2224
d: [2,2225,2,2,1,1,40,2083,671]
d: [2,2227,2,0,0,2,21,2225,990]
e: 2227
r: 2083
i: [1,682,0,7,2,0,0,4] rc2_finset_1
s: 682
i: [1,685,0,7,2,0,0,255] rc7_card_1
s: 685
a: [3,2082,1,2,1,2064]
s: 2082
i: [1,687,0,7,2,0,0,255] rc4_subset_1
s: 687
d: [2,2065,1,5,2,0,40,666,768]
a: [3,2092,1,2,1,2065]
s: 2092
d: [2,2310,2,0,0,2,52,995,2092,671]
e: 2310
d: [2,2311,2,2,1,1,40,2092,671]
d: [2,2313,2,0,0,2,21,2311,995]
e: 2313
r: 2092
i: [1,693,0,7,3,0,0,255] cc13_membered
s: 693
i: [1,703,0,7,3,0,0,255] cc8_struct_0
s: 703
d: [2,2320,1,5,2,1,40,693,960]
a: [3,2363,1,3,1,2320]
s: 2363
i: [1,706,0,7,3,0,0,255] cc9_struct_0
s: 706
d: [2,2319,1,6,2,1,40,693,965]
a: [3,2354,1,4,1,2319]
s: 2354
i: [1,707,0,7,3,0,0,255] cc11_struct_0
s: 707
i: [1,708,0,7,3,0,0,255] cc11_struct_0
s: 708
a: [3,2091,1,2,1,2065]
s: 2091
i: [1,710,0,7,3,0,0,255] cc7_finset_1
s: 710
d: [2,2396,1,5,2,1,40,710,960]
a: [3,2427,1,3,1,2396]
s: 2427
i: [1,730,0,7,3,0,0,6] cc14_membered
s: 730
i: [1,736,0,7,3,0,0,5] cc17_membered
s: 736
d: [2,2441,1,5,2,1,40,730,960]
a: [3,2480,1,3,1,2441]
s: 2480
i: [1,769,0,7,3,0,0,255] fc9_struct_0
s: 769
d: [2,2496,1,5,2,1,40,736,960]
a: [3,2547,1,3,1,2496]
s: 2547
i: [1,770,0,7,3,0,0,255] fc6_struct_0
s: 770
i: [1,772,0,7,3,0,0,255] rc22_struct_0
s: 772
d: [2,2395,1,6,2,1,40,710,965]
a: [3,2418,1,4,1,2395]
s: 2418
i: [1,775,0,7,3,0,0,1] fc2_struct_0
s: 775
d: [2,2554,2,3,1,1,40,2418,738]
a: [3,2558,2,3,1,2554]
s: 2558
i: [1,777,0,7,3,0,0,1] rc4_struct_0
s: 777
i: [1,779,0,7,3,0,0,255] rc21_struct_0
s: 779
d: [2,2440,1,6,2,1,40,730,965]
a: [3,2471,1,4,1,2440]
s: 2471
i: [1,780,0,7,3,0,0,255] rc21_struct_0
s: 780
d: [2,2495,1,6,2,1,40,736,965]
a: [3,2538,1,4,1,2495]
s: 2538
i: [1,781,0,7,3,0,0,255] cc10_card_1
s: 781
i: [1,787,0,7,3,0,0,255] fc8_struct_0
s: 787
d: [2,2564,3,4,2,1,40,787,2558]
d: [2,2566,3,2,1,2,21,2564,1319]
a: [3,2570,3,2,1,2566]
s: 2570
i: [1,788,0,7,3,0,0,255] fc7_struct_0
s: 788
d: [2,2066,1,5,2,0,40,666,767]
a: [3,2101,1,2,1,2066]
s: 2101
d: [2,2575,2,0,0,2,52,1000,2101,671]
e: 2575
d: [2,2576,2,2,1,1,40,2101,671]
d: [2,2578,2,0,0,2,21,2576,1000]
e: 2578
r: 2101
i: [1,789,0,7,3,0,0,1] fc1_struct_0
s: 789
i: [1,803,0,7,3,0,0,3] cc1_valued_0
s: 803
a: [3,2100,1,2,1,2066]
s: 2100
i: [1,805,0,7,3,0,0,3] cc7_valued_0
s: 805
d: [2,2166,1,5,2,1,40,677,1806]
a: [3,2177,1,2,1,2166]
s: 2177
d: [2,2591,2,0,0,2,52,985,2177,746]
e: 2591
d: [2,2596,2,2,1,1,40,2177,746]
d: [2,2602,2,0,0,2,21,2596,985]
e: 2602
r: 2177
i: [1,815,0,7,3,0,0,3] cc31_valued_0
s: 815
i: [1,817,0,7,3,0,0,3] cc30_valued_0
s: 817
a: [3,2176,1,2,1,2166]
s: 2176
i: [1,819,0,7,3,0,0,3] cc3_valued_0
s: 819
d: [2,2316,1,4,2,1,40,693,1070]
d: [2,2342,1,2,1,2,21,2316,1964]
a: [3,2346,1,2,1,2342]
s: 2346
i: [1,821,0,7,3,0,0,3] cc4_valued_0
s: 821
i: [1,836,0,7,2,0,0,255] t3_subset
s: 836
d: [2,2437,1,4,2,1,40,730,1070]
a: [3,2466,1,2,1,2437]
s: 2466
d: [2,2629,2,0,0,2,52,1964,2466,732]
e: 2629
d: [2,2630,2,2,1,1,40,2466,732]
d: [2,2633,2,0,0,2,21,2630,1964]
e: 2633
r: 1964
i: [1,837,0,7,3,0,0,2] t8_boole
s: 837
a: [3,1963,1,2,1,1955]
s: 1963
i: [1,839,0,7,2,0,0,1] t2_tarski
s: 839
i: [1,854,0,7,2,0,0,3] fc89_valued_0
s: 854
a: [3,1968,1,2,1,1955]
s: 1968
i: [1,855,0,7,2,0,0,3] fc88_valued_0
s: 855
d: [2,2492,1,4,2,1,40,736,1070]
d: [2,2518,1,2,1,2,21,2492,1045]
a: [3,2522,1,2,1,2518]
s: 2522
d: [2,2604,0,7,3,1,22,815,1065]
s: 2604
i: [1,691,0,8,2,0,0,255] rc3_orders_2
s: 691
d: [2,2493,1,4,2,1,40,736,1080]
a: [3,2531,1,2,1,2493]
s: 2531
d: [2,2661,2,0,0,2,52,1799,2531,716]
e: 2661
d: [2,2667,2,2,1,1,40,2531,716]
d: [2,2669,2,0,0,2,21,2667,1799]
e: 2669
r: 1799
i: [1,692,0,8,3,0,0,255] cc11_finseq_1
s: 692
d: [2,2692,1,5,2,1,40,692,965]
a: [3,2718,1,3,1,2692]
s: 2718
i: [1,694,0,8,3,0,0,255] cc19_membered
s: 694
i: [1,695,0,8,3,0,0,255] cc20_membered
s: 695
d: [2,2762,2,0,0,3,52,1366,2346,1597,695]
e: 2762
d: [2,2764,1,4,2,1,40,695,1597]
d: [2,2780,1,2,1,2,21,2764,2346]
d: [2,2781,1,0,0,3,21,2780,1366]
e: 2781
r: 2346
d: [2,2731,1,5,2,1,40,694,965]
a: [3,2754,1,3,1,2731]
s: 2754
i: [1,711,0,8,3,0,0,255] cc8_finset_1
s: 711
a: [3,1798,1,2,1,1784]
s: 1798
i: [1,726,0,8,3,0,0,3] cc22_membered
s: 726
i: [1,727,0,8,3,0,0,3] cc23_membered
s: 727
d: [2,2821,1,5,2,1,40,726,965]
a: [3,2838,1,3,1,2821]
s: 2838
i: [1,731,0,8,3,0,0,3] cc21_membered
s: 731
d: [2,2855,1,5,2,1,40,727,965]
a: [3,2872,1,3,1,2855]
s: 2872
i: [1,734,0,8,3,0,0,255] cc5_subset_1
s: 734
i: [1,737,0,8,3,0,0,3] cc24_membered
s: 737
d: [2,2907,1,5,2,1,40,734,965]
a: [3,2924,1,3,1,2907]
s: 2924
i: [1,740,0,8,3,0,0,4] cc2_finset_1
s: 740
d: [2,2951,2,4,2,1,40,2924,788]
d: [2,2952,2,2,1,2,21,2951,1319]
a: [3,2956,2,2,1,2952]
s: 2956
i: [1,741,0,8,3,0,0,3] cc2_relat_1
s: 741
i: [1,750,0,8,3,0,0,1] cc1_subset_1
s: 750
d: [2,2976,1,5,2,1,40,741,965]
a: [3,3002,1,3,1,2976]
s: 3002
i: [1,783,0,8,4,0,0,255] cc4_xxreal_0
s: 783
d: [2,3015,1,5,2,1,40,750,965]
a: [3,3032,1,3,1,3015]
s: 3032
i: [1,785,0,8,4,0,0,255] cc6_xxreal_0
s: 785
i: [1,790,0,8,4,0,0,255] cc8_xxreal_0
s: 790
a: [3,2345,1,2,1,2342]
s: 2345
i: [1,823,0,8,3,0,0,3] cc2_valued_0
s: 823
a: [3,2527,1,2,1,2493]
s: 2527
i: [1,835,0,8,3,0,0,1] t2_subset
s: 835
r: 3032
i: [1,869,0,8,3,0,0,4] fc10_card_1
s: 869
a: [3,3036,1,2,1,3015]
s: 3036
r: 3036
i: [1,870,0,8,3,0,0,4] fc11_card_1
s: 870
a: [3,3035,1,2,1,3015]
s: 3035
i: [1,871,0,8,3,0,0,2] fc10_subset_1
s: 871
i: [1,878,0,8,3,0,0,4] fc14_finset_1
s: 878
s: 3032
i: [1,879,0,8,3,0,0,255] fc37_valued_0
s: 879
d: [2,3088,1,7,2,1,40,835,960]
d: [2,3133,1,4,1,2,21,3088,3032]
a: [3,3137,1,4,1,3133]
s: 3137
i: [1,880,0,8,3,0,0,255] fc38_valued_0
s: 880
i: [1,881,0,8,3,0,0,2] fc42_valued_0
s: 881
d: [2,3202,2,4,1,1,40,3137,866]
a: [3,3208,2,4,1,3202]
s: 3208
i: [1,882,0,8,3,0,0,2] fc39_valued_0
s: 882
d: [2,3087,1,9,2,1,40,835,965]
d: [2,3127,1,5,1,1,21,3087,665]
a: [3,3131,1,5,1,3127]
s: 3131
i: [1,887,0,8,2,0,0,2] cc1_relset_1
s: 887
i: [1,893,0,8,1,0,0,255] rc1_relset_1
s: 893
d: [2,3213,2,5,1,1,40,3131,866]
a: [3,3219,2,5,1,3213]
s: 3219
i: [1,709,0,9,4,0,0,255] cc10_struct_0
s: 709
d: [2,2691,1,4,2,1,40,692,1597]
a: [3,2709,1,2,1,2691]
s: 2709
i: [1,751,0,9,3,0,0,255] cc4_subset_1
s: 751
i: [1,752,0,9,4,0,0,255] cc7_relat_1
s: 752
d: [2,2730,1,4,2,1,40,694,1597]
d: [2,2745,1,2,1,2,21,2730,1360]
a: [3,2749,1,2,1,2745]
s: 2749
i: [1,755,0,9,4,0,0,3] cc8_relat_1
s: 755
d: [2,2788,1,4,2,1,40,711,1597]
a: [3,2806,1,2,1,2788]
s: 2806
i: [1,842,0,9,3,0,0,1] t5_subset
s: 842
i: [1,884,0,9,3,0,0,2] fc40_valued_0
s: 884
d: [2,2834,1,4,2,1,40,726,1305]
a: [3,2847,1,2,1,2834]
s: 2847
i: [1,885,0,9,3,0,0,2] fc41_valued_0
s: 885
d: [2,2868,1,4,2,1,40,727,1305]
a: [3,2881,1,2,1,2868]
s: 2881
i: [1,888,0,9,2,0,0,255] cc2_relset_1
s: 888
i: [1,889,0,9,2,0,0,255] cc2_relset_1
s: 889
d: [2,2975,1,4,2,1,40,741,1597]
a: [3,2993,1,2,1,2975]
s: 2993
i: [1,771,0,10,3,0,0,255] rc22_struct_0
s: 771
d: [2,3040,1,6,3,1,40,783,1130]
a: [3,3063,1,2,1,3040]
s: 3063
r: 3063
i: [1,776,0,10,3,0,0,1] rc4_struct_0
s: 776
i: [1,778,0,10,3,0,0,255] rc21_struct_0
s: 778
a: [3,3062,1,2,1,3040]
s: 3062
i: [1,798,0,10,4,0,0,255] cc10_valued_0
s: 798
a: [3,3067,1,2,1,3040]
s: 3067
i: [1,799,0,10,4,0,0,255] cc11_valued_0
s: 799
i: [1,806,0,10,4,0,0,3] cc15_valued_0
s: 806
d: [2,1581,2,2,1,1,40,1411,724]
a: [3,1585,2,2,1,1581]
s: 1585
i: [1,811,0,10,4,0,0,3] cc12_valued_0
s: 811
d: [2,1605,2,2,1,1,40,1471,712]
a: [3,1609,2,2,1,1605]
s: 1609
i: [1,840,0,10,3,0,0,1] t2_tarski
s: 840
i: [1,841,0,10,3,0,0,1] t4_subset
s: 841
d: [2,3533,1,7,2,1,40,841,965]
s: 3533
i: [1,852,0,10,3,0,0,255] cc16_valued_0
s: 852
d: [2,3551,2,10,3,1,40,3533,835]
d: [2,3556,2,7,2,2,21,3551,3032]
s: 3556
i: [1,853,0,10,3,0,0,255] cc17_valued_0
s: 853
i: [1,859,0,10,3,0,0,3] cc18_valued_0
s: 859
d: [2,3570,3,7,2,2,40,3556,866]
s: 3570
i: [1,861,0,10,3,0,0,3] cc21_valued_0
s: 861
d: [2,3599,4,8,2,2,40,3570,3556]
d: [2,3600,4,4,1,2,18,3599]
a: [3,3604,4,4,1,3600]
s: 3604
i: [1,862,0,10,3,0,0,2] cc4_relset_1
s: 862
i: [1,863,0,10,3,0,0,2] cc3_relset_1
s: 863
d: [2,1611,2,2,1,1,40,1476,712]
a: [3,1615,2,2,1,1611]
s: 1615
i: [1,675,0,11,4,0,0,255] cc3_subset_1
s: 675
d: [2,1617,2,2,1,1,40,1481,712]
a: [3,1621,2,2,1,1617]
s: 1621
i: [1,676,0,11,4,0,0,255] cc2_subset_1
s: 676
i: [1,690,0,11,2,0,0,1] dt_u1_orders_2
s: 690
d: [2,1624,2,2,1,1,40,1486,712]
a: [3,1628,2,2,1,1624]
s: 1628
i: [1,773,0,11,4,0,0,255] fc5_roughs_1
s: 773
d: [2,1630,2,2,1,1,40,1502,735]
a: [3,1634,2,2,1,1630]
s: 1634
i: [1,856,0,11,3,0,0,3] cc20_valued_0
s: 856
i: [1,857,0,11,3,0,0,3] cc19_valued_0
s: 857
d: [2,1636,2,2,1,1,40,1507,735]
a: [3,1640,2,2,1,1636]
s: 1640
i: [1,864,0,11,3,0,0,255] cc1_partfun1
s: 864
d: [2,1643,2,2,1,1,40,1512,735]
a: [3,1647,2,2,1,1643]
s: 1647
i: [1,877,0,11,4,0,0,255] fc19_struct_0
s: 877
i: [1,824,0,12,4,0,0,3] cc14_valued_0
s: 824
d: [2,1656,2,2,1,1,40,1517,735]
a: [3,1660,2,2,1,1656]
s: 1660
i: [1,825,0,12,4,0,0,3] cc13_valued_0
s: 825
d: [2,1694,2,2,1,1,40,1686,732]
a: [3,1698,2,2,1,1694]
s: 1698
i: [1,883,0,12,4,0,0,3] cc6_relat_1
s: 883
r: 825
r: 824
i: [1,886,0,12,4,0,0,255] cc5_relat_1
s: 886
d: [2,1734,2,2,1,1,40,1724,735]
a: [3,1738,2,2,1,1734]
s: 1738
i: [1,876,0,13,4,0,0,255] cc2_partfun1
s: 876
d: [2,1742,2,4,2,1,40,697,1324]
a: [3,1747,2,2,1,1742]
s: 1747
i: [1,875,0,14,4,0,0,255] existence_m2_subset_1
s: 875
d: [2,3927,0,12,3,0,21,875,750]
s: 3927
d: [2,1839,2,2,1,1,40,1837,729]
a: [3,1844,2,2,1,1839]
s: 1844
i: [1,902,0,14,2,0,0,1] dt_k6_eqrel_1
s: 902
d: [2,1840,2,2,1,1,40,1837,728]
a: [3,1849,2,2,1,1840]
s: 1849
i: [1,872,0,15,5,0,0,255] dt_m2_subset_1
s: 872
d: [2,3973,0,13,4,0,21,872,750]
s: 3973
d: [2,1895,2,4,2,1,40,786,1336]
a: [3,1912,2,2,1,1895]
s: 1912
i: [1,873,0,15,5,0,0,255] redefinition_m2_subset_1
s: 873
d: [2,2010,2,4,2,1,40,1993,801]
d: [2,2012,2,2,1,2,21,2010,1558]
a: [3,2016,2,2,1,2012]
s: 2016
d: [2,3977,0,13,4,0,21,873,750]
s: 3977
i: [1,874,0,15,5,0,0,255] redefinition_m2_subset_1
s: 874
d: [2,2022,2,4,2,1,40,1998,801]
d: [2,2023,2,2,1,2,21,2022,1563]
a: [3,2027,2,2,1,2023]
s: 2027
d: [2,3996,0,13,4,0,21,874,750]
s: 3996
r: 1747
r: 1912
r: 2418
r: 2427
r: 2547
r: 2558
r: 2570
r: 2718
r: 2838
r: 2924
r: 2956
r: 3002
r: 3570
r: 3556
r: 3032
r: 3035
r: 3137
r: 3208
r: 3604
a: [3,2357,1,2,1,2319]
s: 2357
i: [1,903,0,15,2,0,0,1] redefinition_k6_eqrel_1
s: 903
i: [1,774,0,16,4,0,0,255] d5_roughs_1
s: 774
a: [3,2422,1,2,1,2395]
s: 2422
i: [1,867,0,16,4,0,0,1] dt_k4_roughs_1
s: 867
a: [3,2431,1,2,1,2396]
s: 2431
i: [1,868,0,16,4,0,0,1] dt_k4_roughs_1
s: 868
i: [1,899,0,20,5,0,0,255] fraenkel_a_2_1_roughs_1
s: 899
a: [3,2551,1,2,1,2496]
s: 2551
r: 2551
i: [1,898,0,21,5,0,0,255] fraenkel_a_2_1_roughs_1
s: 898
a: [3,2550,1,2,1,2496]
s: 2550
i: [1,900,0,27,5,0,0,255] fraenkel_a_2_1_roughs_1
s: 900
i: [1,946,0,28,6,0,0,255] fraenkel_a_2_1_roughs_1
s: 946
a: [3,2722,1,2,1,2692]
s: 2722
a: [3,2842,1,2,1,2821]
s: 2842
r: 2842
a: [3,2841,1,2,1,2821]
s: 2841
a: [3,2928,1,2,1,2907]
s: 2928
a: [3,3006,1,2,1,2976]
s: 3006
s: 3036
s: 2427
d: [2,3158,2,2,1,1,40,3036,743]
a: [3,3170,2,2,1,3158]
s: 3170
s: 2547
s: 2838
d: [2,3159,2,2,1,1,40,3036,744]
a: [3,3175,2,2,1,3159]
s: 3175
r: 3036
r: 3175
s: 3035
a: [3,3174,2,2,1,3159]
s: 3174
a: [3,2923,1,3,1,2907]
s: 2923
s: 3002
a: [3,2955,2,2,1,2952]
s: 2955
s: 3032
d: [2,3160,2,2,1,1,40,3036,745]
a: [3,3180,2,2,1,3160]
s: 3180
a: [3,2876,1,2,1,2855]
s: 2876
d: [2,4256,2,0,0,2,52,2841,2876,724]
e: 4256
d: [2,4257,2,2,1,1,40,2876,724]
d: [2,4259,2,0,0,2,21,4257,2841]
e: 4259
r: 2876
r: 3180
d: [2,3287,1,6,2,1,40,842,965]
a: [3,4116,1,3,1,3287]
s: 4116
r: 3219
r: 3533
d: [2,4261,2,0,0,2,52,843,3035,4116,835]
e: 4261
r: 4116
a: [3,3179,2,2,1,3160]
s: 3179
a: [3,2417,1,4,1,2395]
s: 2417
d: [2,3165,2,2,1,1,40,3036,1983]
a: [3,3197,2,2,1,3165]
s: 3197
d: [2,3509,1,8,3,1,40,811,965]
a: [3,4085,1,2,1,3509]
s: 4085
d: [2,3461,1,8,3,1,40,799,965]
a: [3,4099,1,2,1,3461]
s: 4099
d: [2,3440,1,8,3,1,40,798,965]
a: [3,4108,1,2,1,3440]
s: 4108
s: 3137
a: [3,2569,3,2,1,2566]
s: 2569
d: [2,3258,1,7,2,1,40,751,965]
a: [3,4121,1,4,1,3258]
s: 4121
d: [2,4203,1,18,5,1,40,946,955]
d: [2,4208,1,14,4,2,21,4203,960]
d: [2,4209,1,9,3,3,21,4208,965]
d: [2,4210,1,7,2,4,21,4209,970]
d: [2,4211,1,5,1,5,21,4210,980]
a: [3,4215,1,5,1,4211]
s: 4215
d: [2,4280,2,14,4,1,44,4215,774]
d: [2,4296,2,9,3,2,21,4280,950]
d: [2,4297,2,4,2,3,21,4296,965]
d: [2,4298,2,2,1,4,21,4297,970]
d: [2,4299,2,0,0,5,21,4298,980]
e: 4299
f: 4299,4211,635,637,638,639,640,641
% Refutation found. Thanks to Tanya!
% SZS status Theorem for roughs_1__t11_roughs_1
% SZS output start Proof for roughs_1__t11_roughs_1
1. ! [X0] : ((l1_orders_2(X0) & v3_roughs_1(X0) & ~v2_struct_0(X0)) => ! [X1] : (m1_subset_1(X1,k1_zfmisc_1(u1_struct_0(X0))) => ! [X2] : (m1_subset_1(X2,u1_struct_0(X0)) => (~r1_xboole_0(k6_eqrel_1(u1_struct_0(X0),u1_struct_0(X0),u1_orders_2(X0),X2),X1) => r2_hidden(X2,k4_roughs_1(X0,X1)))))) [input t11_roughs_1]
2. ~! [X0] : ((l1_orders_2(X0) & v3_roughs_1(X0) & ~v2_struct_0(X0)) => ! [X1] : (m1_subset_1(X1,k1_zfmisc_1(u1_struct_0(X0))) => ! [X2] : (m1_subset_1(X2,u1_struct_0(X0)) => (~r1_xboole_0(k6_eqrel_1(u1_struct_0(X0),u1_struct_0(X0),u1_orders_2(X0),X2),X1) => r2_hidden(X2,k4_roughs_1(X0,X1)))))) [negated conjecture 1]
228. ! [X0,X1,X2] : ((m1_subset_1(X2,k1_zfmisc_1(u1_struct_0(X1))) & l1_orders_2(X1) & ~v2_struct_0(X1)) => (r2_hidden(X0,a_2_1_roughs_1(X1,X2)) <=> ? [X3] : (~r1_xboole_0(k6_eqrel_1(u1_struct_0(X1),u1_struct_0(X1),u1_orders_2(X1),X3),X2) & X0 = X3 & m1_subset_1(X3,u1_struct_0(X1))))) [input fraenkel_a_2_1_roughs_1]
248. ! [X0] : ((l1_orders_2(X0) & ~v2_struct_0(X0)) => ! [X1] : (m1_subset_1(X1,k1_zfmisc_1(u1_struct_0(X0))) => k4_roughs_1(X0,X1) = a_2_1_roughs_1(X0,X1))) [input d5_roughs_1]
287. ? [X0] : (? [X1] : (? [X2] : ((~r2_hidden(X2,k4_roughs_1(X0,X1)) & ~r1_xboole_0(k6_eqrel_1(u1_struct_0(X0),u1_struct_0(X0),u1_orders_2(X0),X2),X1)) & m1_subset_1(X2,u1_struct_0(X0))) & m1_subset_1(X1,k1_zfmisc_1(u1_struct_0(X0)))) & (l1_orders_2(X0) & v3_roughs_1(X0) & ~v2_struct_0(X0))) [ennf transformation 2]
288. ? [X0] : (? [X1] : (? [X2] : (~r2_hidden(X2,k4_roughs_1(X0,X1)) & ~r1_xboole_0(k6_eqrel_1(u1_struct_0(X0),u1_struct_0(X0),u1_orders_2(X0),X2),X1) & m1_subset_1(X2,u1_struct_0(X0))) & m1_subset_1(X1,k1_zfmisc_1(u1_struct_0(X0)))) & l1_orders_2(X0) & v3_roughs_1(X0) & ~v2_struct_0(X0)) [flattening 287]
393. ! [X0] : (! [X1] : (k4_roughs_1(X0,X1) = a_2_1_roughs_1(X0,X1) | ~m1_subset_1(X1,k1_zfmisc_1(u1_struct_0(X0)))) | (~l1_orders_2(X0) | v2_struct_0(X0))) [ennf transformation 248]
394. ! [X0] : (! [X1] : (k4_roughs_1(X0,X1) = a_2_1_roughs_1(X0,X1) | ~m1_subset_1(X1,k1_zfmisc_1(u1_struct_0(X0)))) | ~l1_orders_2(X0) | v2_struct_0(X0)) [flattening 393]
534. ! [X0,X1,X2] : ((r2_hidden(X0,a_2_1_roughs_1(X1,X2)) <=> ? [X3] : (~r1_xboole_0(k6_eqrel_1(u1_struct_0(X1),u1_struct_0(X1),u1_orders_2(X1),X3),X2) & X0 = X3 & m1_subset_1(X3,u1_struct_0(X1)))) | (~m1_subset_1(X2,k1_zfmisc_1(u1_struct_0(X1))) | ~l1_orders_2(X1) | v2_struct_0(X1))) [ennf transformation 228]
535. ! [X0,X1,X2] : ((r2_hidden(X0,a_2_1_roughs_1(X1,X2)) <=> ? [X3] : (~r1_xboole_0(k6_eqrel_1(u1_struct_0(X1),u1_struct_0(X1),u1_orders_2(X1),X3),X2) & X0 = X3 & m1_subset_1(X3,u1_struct_0(X1)))) | ~m1_subset_1(X2,k1_zfmisc_1(u1_struct_0(X1))) | ~l1_orders_2(X1) | v2_struct_0(X1)) [flattening 534]
538. ? [X0] : (? [X1] : (? [X2] : (~r2_hidden(X2,k4_roughs_1(X0,X1)) & ~r1_xboole_0(k6_eqrel_1(u1_struct_0(X0),u1_struct_0(X0),u1_orders_2(X0),X2),X1) & m1_subset_1(X2,u1_struct_0(X0))) & m1_subset_1(X1,k1_zfmisc_1(u1_struct_0(X0)))) & l1_orders_2(X0) & v3_roughs_1(X0) & ~v2_struct_0(X0)) => (? [X1] : (? [X2] : (~r2_hidden(X2,k4_roughs_1(sK0,X1)) & ~r1_xboole_0(k6_eqrel_1(u1_struct_0(sK0),u1_struct_0(sK0),u1_orders_2(sK0),X2),X1) & m1_subset_1(X2,u1_struct_0(sK0))) & m1_subset_1(X1,k1_zfmisc_1(u1_struct_0(sK0)))) & l1_orders_2(sK0) & v3_roughs_1(sK0) & ~v2_struct_0(sK0)) [choice axiom]
539. ? [X1] : (? [X2] : (~r2_hidden(X2,k4_roughs_1(sK0,X1)) & ~r1_xboole_0(k6_eqrel_1(u1_struct_0(sK0),u1_struct_0(sK0),u1_orders_2(sK0),X2),X1) & m1_subset_1(X2,u1_struct_0(sK0))) & m1_subset_1(X1,k1_zfmisc_1(u1_struct_0(sK0)))) => (? [X2] : (~r2_hidden(X2,k4_roughs_1(sK0,sK1)) & ~r1_xboole_0(k6_eqrel_1(u1_struct_0(sK0),u1_struct_0(sK0),u1_orders_2(sK0),X2),sK1) & m1_subset_1(X2,u1_struct_0(sK0))) & m1_subset_1(sK1,k1_zfmisc_1(u1_struct_0(sK0)))) [choice axiom]
540. ? [X2] : (~r2_hidden(X2,k4_roughs_1(sK0,sK1)) & ~r1_xboole_0(k6_eqrel_1(u1_struct_0(sK0),u1_struct_0(sK0),u1_orders_2(sK0),X2),sK1) & m1_subset_1(X2,u1_struct_0(sK0))) => (~r2_hidden(sK2,k4_roughs_1(sK0,sK1)) & ~r1_xboole_0(k6_eqrel_1(u1_struct_0(sK0),u1_struct_0(sK0),u1_orders_2(sK0),sK2),sK1) & m1_subset_1(sK2,u1_struct_0(sK0))) [choice axiom]
541. ((~r2_hidden(sK2,k4_roughs_1(sK0,sK1)) & ~r1_xboole_0(k6_eqrel_1(u1_struct_0(sK0),u1_struct_0(sK0),u1_orders_2(sK0),sK2),sK1) & m1_subset_1(sK2,u1_struct_0(sK0))) & m1_subset_1(sK1,k1_zfmisc_1(u1_struct_0(sK0)))) & l1_orders_2(sK0) & v3_roughs_1(sK0) & ~v2_struct_0(sK0) [skolemisation 288,540,539,538]
585. ! [X0,X1,X2] : (((r2_hidden(X0,a_2_1_roughs_1(X1,X2)) | ! [X3] : (r1_xboole_0(k6_eqrel_1(u1_struct_0(X1),u1_struct_0(X1),u1_orders_2(X1),X3),X2) | X0 != X3 | ~m1_subset_1(X3,u1_struct_0(X1)))) & (? [X3] : (~r1_xboole_0(k6_eqrel_1(u1_struct_0(X1),u1_struct_0(X1),u1_orders_2(X1),X3),X2) & X0 = X3 & m1_subset_1(X3,u1_struct_0(X1))) | ~r2_hidden(X0,a_2_1_roughs_1(X1,X2)))) | ~m1_subset_1(X2,k1_zfmisc_1(u1_struct_0(X1))) | ~l1_orders_2(X1) | v2_struct_0(X1)) [nnf transformation 535]
586. ! [X0,X1,X2] : (((r2_hidden(X0,a_2_1_roughs_1(X1,X2)) | ! [X3] : (r1_xboole_0(k6_eqrel_1(u1_struct_0(X1),u1_struct_0(X1),u1_orders_2(X1),X3),X2) | X0 != X3 | ~m1_subset_1(X3,u1_struct_0(X1)))) & (? [X4] : (~r1_xboole_0(k6_eqrel_1(u1_struct_0(X1),u1_struct_0(X1),u1_orders_2(X1),X4),X2) & X0 = X4 & m1_subset_1(X4,u1_struct_0(X1))) | ~r2_hidden(X0,a_2_1_roughs_1(X1,X2)))) | ~m1_subset_1(X2,k1_zfmisc_1(u1_struct_0(X1))) | ~l1_orders_2(X1) | v2_struct_0(X1)) [rectify 585]
587. ! [X2,X1,X0] : (? [X4] : (~r1_xboole_0(k6_eqrel_1(u1_struct_0(X1),u1_struct_0(X1),u1_orders_2(X1),X4),X2) & X0 = X4 & m1_subset_1(X4,u1_struct_0(X1))) => (~r1_xboole_0(k6_eqrel_1(u1_struct_0(X1),u1_struct_0(X1),u1_orders_2(X1),sK24(X0,X1,X2)),X2) & sK24(X0,X1,X2) = X0 & m1_subset_1(sK24(X0,X1,X2),u1_struct_0(X1)))) [choice axiom]
588. ! [X0,X1,X2] : (((r2_hidden(X0,a_2_1_roughs_1(X1,X2)) | ! [X3] : (r1_xboole_0(k6_eqrel_1(u1_struct_0(X1),u1_struct_0(X1),u1_orders_2(X1),X3),X2) | X0 != X3 | ~m1_subset_1(X3,u1_struct_0(X1)))) & ((~r1_xboole_0(k6_eqrel_1(u1_struct_0(X1),u1_struct_0(X1),u1_orders_2(X1),sK24(X0,X1,X2)),X2) & sK24(X0,X1,X2) = X0 & m1_subset_1(sK24(X0,X1,X2),u1_struct_0(X1))) | ~r2_hidden(X0,a_2_1_roughs_1(X1,X2)))) | ~m1_subset_1(X2,k1_zfmisc_1(u1_struct_0(X1))) | ~l1_orders_2(X1) | v2_struct_0(X1)) [skolemisation 586,587]
635. ~v2_struct_0(sK0) [cnf transformation 541] {a:0,w:2,wCS:200,goal:1,sine:0,thAx:0,allAx:4,thDist:-4}
637. l1_orders_2(sK0) [cnf transformation 541] {a:0,w:2,wCS:200,goal:1,sine:0,thAx:0,allAx:4,thDist:-4}
638. m1_subset_1(sK1,k1_zfmisc_1(u1_struct_0(sK0))) [cnf transformation 541] {a:0,w:5,wCS:500,goal:1,sine:0,thAx:0,allAx:4,thDist:-4}
639. m1_subset_1(sK2,u1_struct_0(sK0)) [cnf transformation 541] {a:0,w:4,wCS:400,goal:1,sine:0,thAx:0,allAx:4,thDist:-4}
640. ~r1_xboole_0(k6_eqrel_1(u1_struct_0(sK0),u1_struct_0(sK0),u1_orders_2(sK0),sK2),sK1) [cnf transformation 541] {a:0,w:10,wCS:1000,goal:1,sine:0,thAx:0,allAx:4,thDist:-4}
641. ~r2_hidden(sK2,k4_roughs_1(sK0,sK1)) [cnf transformation 541] {a:0,w:5,wCS:500,goal:1,sine:0,thAx:0,allAx:4,thDist:-4}
774. k4_roughs_1(X0,X1) = a_2_1_roughs_1(X0,X1) | ~m1_subset_1(X1,k1_zfmisc_1(u1_struct_0(X0))) | ~l1_orders_2(X0) | v2_struct_0(X0) [cnf transformation 394] {a:0,w:16,wCS:6400,nSel:1,sine:255,thAx:0,allAx:1,thDist:-1}
901. r2_hidden(X0,a_2_1_roughs_1(X1,X2)) | r1_xboole_0(k6_eqrel_1(u1_struct_0(X1),u1_struct_0(X1),u1_orders_2(X1),X3),X2) | X0 != X3 | ~m1_subset_1(X3,u1_struct_0(X1)) | ~m1_subset_1(X2,k1_zfmisc_1(u1_struct_0(X1))) | ~l1_orders_2(X1) | v2_struct_0(X1) [cnf transformation 588] {a:0,w:31,wCS:12400,sine:255,thAx:0,allAx:2,thDist:-2}
946. r1_xboole_0(k6_eqrel_1(u1_struct_0(X1),u1_struct_0(X1),u1_orders_2(X1),X3),X2) | r2_hidden(X3,a_2_1_roughs_1(X1,X2)) | ~m1_subset_1(X3,u1_struct_0(X1)) | ~m1_subset_1(X2,k1_zfmisc_1(u1_struct_0(X1))) | ~l1_orders_2(X1) | v2_struct_0(X1) [equality resolution 901] {a:0,w:28,wCS:11200,nSel:1,sine:255,thAx:0,allAx:2,thDist:-2}
948. 1 <=> r2_hidden(sK2,k4_roughs_1(sK0,sK1)) [avatar definition]
950. ~r2_hidden(sK2,k4_roughs_1(sK0,sK1)) <- (~1) [avatar component clause 948] {a:0,w:5,wCS:500,nSel:1,goal:1,sine:255,thAx:0,allAx:4,thDist:-4}
951. ~1 [avatar split clause 641,948]
953. 2 <=> r1_xboole_0(k6_eqrel_1(u1_struct_0(sK0),u1_struct_0(sK0),u1_orders_2(sK0),sK2),sK1) [avatar definition]
955. ~r1_xboole_0(k6_eqrel_1(u1_struct_0(sK0),u1_struct_0(sK0),u1_orders_2(sK0),sK2),sK1) <- (~2) [avatar component clause 953] {a:0,w:10,wCS:1000,nSel:1,goal:1,sine:255,thAx:0,allAx:4,thDist:-4}
956. ~2 [avatar split clause 640,953]
958. 3 <=> m1_subset_1(sK2,u1_struct_0(sK0)) [avatar definition]
960. m1_subset_1(sK2,u1_struct_0(sK0)) <- (3) [avatar component clause 958] {a:0,w:4,wCS:400,nSel:1,goal:1,sine:255,thAx:0,allAx:4,thDist:-4}
961. 3 [avatar split clause 639,958]
963. 4 <=> m1_subset_1(sK1,k1_zfmisc_1(u1_struct_0(sK0))) [avatar definition]
965. m1_subset_1(sK1,k1_zfmisc_1(u1_struct_0(sK0))) <- (4) [avatar component clause 963] {a:0,w:5,wCS:500,nSel:1,goal:1,sine:255,thAx:0,allAx:4,thDist:-4}
966. 4 [avatar split clause 638,963]
968. 5 <=> l1_orders_2(sK0) [avatar definition]
970. l1_orders_2(sK0) <- (5) [avatar component clause 968] {a:0,w:2,wCS:200,nSel:1,goal:1,sine:255,thAx:0,allAx:4,thDist:-4}
971. 5 [avatar split clause 637,968]
978. 7 <=> v2_struct_0(sK0) [avatar definition]
980. ~v2_struct_0(sK0) <- (~7) [avatar component clause 978] {a:0,w:2,wCS:200,nSel:1,goal:1,sine:255,thAx:0,allAx:4,thDist:-4}
981. ~7 [avatar split clause 635,978]
4203. r2_hidden(sK2,a_2_1_roughs_1(sK0,sK1)) | ~m1_subset_1(sK2,u1_struct_0(sK0)) | ~m1_subset_1(sK1,k1_zfmisc_1(u1_struct_0(sK0))) | ~l1_orders_2(sK0) | v2_struct_0(sK0) <- (~2) [resolution 946,955] {a:1,w:18,wCS:1800,goal:1,sine:255,thAx:0,allAx:6,thDist:-6}
4208. r2_hidden(sK2,a_2_1_roughs_1(sK0,sK1)) | ~m1_subset_1(sK1,k1_zfmisc_1(u1_struct_0(sK0))) | ~l1_orders_2(sK0) | v2_struct_0(sK0) <- (~2, 3) [subsumption resolution 4203,960] {a:1,w:14,wCS:1400,goal:1,sine:255,thAx:0,allAx:6,thDist:-6}
4209. r2_hidden(sK2,a_2_1_roughs_1(sK0,sK1)) | ~l1_orders_2(sK0) | v2_struct_0(sK0) <- (~2, 3, 4) [subsumption resolution 4208,965] {a:1,w:9,wCS:900,goal:1,sine:255,thAx:0,allAx:6,thDist:-6}
4210. r2_hidden(sK2,a_2_1_roughs_1(sK0,sK1)) | v2_struct_0(sK0) <- (~2, 3, 4, 5) [subsumption resolution 4209,970] {a:1,w:7,wCS:700,goal:1,sine:255,thAx:0,allAx:6,thDist:-6}
4211. r2_hidden(sK2,a_2_1_roughs_1(sK0,sK1)) <- (~2, 3, 4, 5, ~7) [subsumption resolution 4210,980] {a:1,w:5,wCS:500,goal:1,sine:255,thAx:0,allAx:6,thDist:-6}
4213. 360 <=> r2_hidden(sK2,a_2_1_roughs_1(sK0,sK1)) [avatar definition]
4215. r2_hidden(sK2,a_2_1_roughs_1(sK0,sK1)) <- (360) [avatar component clause 4213] {a:1,w:5,wCS:500,nSel:1,goal:1,sine:255,thAx:0,allAx:6,thDist:-6}
4216. 360 | 2 | ~3 | ~4 | ~5 | 7 [avatar split clause 4211,978,968,963,958,953,4213]
4280. r2_hidden(sK2,k4_roughs_1(sK0,sK1)) | ~m1_subset_1(sK1,k1_zfmisc_1(u1_struct_0(sK0))) | ~l1_orders_2(sK0) | v2_struct_0(sK0) <- (360) [superposition 4215,774] {a:2,w:14,wCS:1400,goal:1,sine:255,thAx:0,allAx:7,thDist:-7}
4296. ~m1_subset_1(sK1,k1_zfmisc_1(u1_struct_0(sK0))) | ~l1_orders_2(sK0) | v2_struct_0(sK0) <- (~1, 360) [subsumption resolution 4280,950] {a:2,w:9,wCS:900,goal:1,sine:255,thAx:0,allAx:7,thDist:-7}
4297. ~l1_orders_2(sK0) | v2_struct_0(sK0) <- (~1, 4, 360) [subsumption resolution 4296,965] {a:2,w:4,wCS:400,goal:1,sine:255,thAx:0,allAx:7,thDist:-7}
4298. v2_struct_0(sK0) <- (~1, 4, 5, 360) [subsumption resolution 4297,970] {a:2,w:2,wCS:200,goal:1,sine:255,thAx:0,allAx:7,thDist:-7}
4299. $false <- (~1, 4, 5, ~7, 360) [subsumption resolution 4298,980] {a:2,w:0,goal:1,sine:255,thAx:0,allAx:7,thDist:-7}
4300. 1 | ~4 | ~5 | 7 | ~360 [avatar contradiction clause 4299]
4301. $false [avatar sat refutation 951,956,961,966,971,981,4216,4300] {a:0,w:0,goal:1,sine:0,thAx:0,allAx:2080,thDist:-2080}
% SZS output end Proof for roughs_1__t11_roughs_1
% ------------------------------
% Version: Vampire 4.5.1 (commit 226f88162 on 2021-09-12 20:13:44 +0200)
% Termination reason: Refutation

% >>> Input
% Input formulas: 247
% >>> Preprocessing
% Introduced skolems: 48
% Pure predicates: 13
% Unused predicate definitions: 1
% 
% >>> Saturation
% Initial clauses: 311
% Generated clauses: 2222
% Active clauses: 442
% Passive clauses: 1406
% Final active clauses: 400
% Final passive clauses: 935
% Main loop iterations started: 466
% 
% >>> Simplifying Inferences
% Duplicate literals: 33
% Fw subsumption resolutions: 170
% Fw demodulations: 7
% Bw demodulations: 1
% 
% >>> Deletion Inferences
% Simple tautologies: 62
% Forward subsumptions: 178
% Backward subsumptions: 4
% 
% >>> Generating Inferences
% Binary resolution: 1283
% Unit resulting resolution: 10
% Forward superposition: 21
% Backward superposition: 8
% Self superposition: 1
% 
% >>> AVATAR
% Split clauses: 82
% Split components: 173
% Sat splitting refutations: 20
% 
% >>> SAT Solver Statistics
% SAT solver clauses: 379
% SAT solver unit clauses: 83
% SAT solver binary clauses: 169
% 
% Memory used [KB]: 7803
% Time elapsed: 0.024 s
% ------------------------------
% ------------------------------
% Time measurement results:
% parsing: 0.003 s
% preprocessing: 0.001 s
% minimizing solver time: 0.001 s
% term sharing: 0.002 s
% congruence closure: 0.001 s ( own 0.0000 s ) 
% unit clause index maintenance: 0.001 s
% binary resolution index maintenance: 0.001 s
% backward subsumption index maintenance: 0.001 s
% splitting component index maintenance: 0.001 s
% forward subsumption: 0.003 s
% forward subsumption resolution: 0.001 s
% unit resulting resolution: 0.002 s
% superposition: 0.001 s
% other: 0.024 s ( own 0.006 s ) 

