i: [1,106,0,2,1,1,0,0] t5_tops_1
a: [3,175,0,2,1,106]
s: 175
i: [1,110,0,3,1,1,0,0] t5_tops_1
a: [3,155,0,3,1,110]
s: 155
i: [1,109,0,3,1,1,0,0] t5_tops_1
a: [3,160,0,3,1,109]
s: 160
i: [1,111,0,5,1,1,0,0] t5_tops_1
a: [3,150,0,5,1,111]
s: 150
i: [1,108,0,5,1,1,0,0] t5_tops_1
a: [3,165,0,5,1,108]
s: 165
i: [1,107,0,5,1,1,0,0] t5_tops_1
a: [3,170,0,5,1,107]
s: 170
i: [1,112,0,2,1,0,0,255] dt_o_0_0_xboole_0
a: [3,180,0,2,1,112]
s: 180
i: [1,113,0,2,1,0,0,255] fc1_xboole_0
a: [3,185,0,2,1,113]
s: 185
i: [1,144,0,2,1,0,0,255] rc2_xboole_0
a: [3,195,0,2,1,144]
s: 195
i: [1,145,0,2,1,0,0,1] existence_l1_pre_topc
a: [3,200,0,2,1,145]
s: 200
i: [1,146,0,2,1,0,0,255] rc1_xboole_0
a: [3,205,0,2,1,146]
s: 205
i: [1,115,0,3,1,0,0,255] fc1_subset_1
s: 115
i: [1,137,0,3,1,0,0,255] rc2_subset_1
s: 137
i: [1,140,0,3,1,0,0,1] reflexivity_r1_tarski
s: 140
i: [1,114,0,3,1,0,0,255] d2_xboole_0
a: [3,190,0,3,1,114]
s: 190
r: 180
i: [1,135,0,4,1,0,0,1] existence_m1_subset_1
s: 135
i: [1,139,0,4,1,0,0,255] rc3_subset_1
s: 139
i: [1,119,0,5,2,0,0,255] rc1_subset_1
s: 119
i: [1,124,0,5,2,0,0,255] t6_boole
s: 124
i: [1,132,0,5,2,0,0,255] t7_boole
s: 132
i: [1,136,0,5,1,0,0,255] rc2_subset_1
s: 136
i: [1,138,0,5,1,0,0,255] rc3_subset_1
s: 138
i: [1,121,0,6,2,0,0,255] rc4_subset_1
s: 121
i: [1,127,0,6,2,0,0,255] t1_subset
s: 127
i: [1,141,0,6,2,0,0,255] antisymmetry_r2_hidden
s: 141
i: [1,118,0,7,2,0,0,255] rc1_subset_1
s: 118
i: [1,120,0,7,2,0,0,255] rc4_subset_1
s: 120
i: [1,129,0,7,2,0,0,1] t3_subset
s: 129
d: [2,210,1,4,1,1,40,129,165]
a: [3,220,1,4,1,210]
s: 220
i: [1,130,0,7,2,0,0,1] t3_subset
s: 130
i: [1,131,0,7,3,0,0,255] t8_boole
s: 131
d: [2,211,1,4,1,1,40,129,170]
a: [3,225,1,4,1,211]
s: 225
i: [1,125,0,8,3,0,0,255] cc1_subset_1
s: 125
d: [2,228,1,5,2,1,40,125,165]
a: [3,239,1,3,1,228]
s: 239
i: [1,128,0,8,3,0,0,255] t2_subset
s: 128
i: [1,126,0,9,3,0,0,255] cc4_subset_1
s: 126
d: [2,250,1,9,2,1,40,128,165]
d: [2,258,1,5,1,1,21,250,115]
a: [3,262,1,5,1,258]
s: 262
i: [1,134,0,9,3,0,0,255] t5_subset
s: 134
d: [2,251,1,9,2,1,40,128,170]
d: [2,264,1,5,1,1,21,251,115]
a: [3,268,1,5,1,264]
s: 268
i: [1,133,0,10,3,0,0,255] t4_subset
s: 133
i: [1,116,0,11,4,0,0,255] cc3_subset_1
s: 116
a: [3,242,1,2,1,228]
s: 242
i: [1,117,0,11,4,0,0,255] cc2_subset_1
s: 117
d: [2,229,1,5,2,1,40,125,170]
a: [3,247,1,2,1,229]
s: 247
i: [1,142,0,14,3,0,0,1] dt_k2_pre_topc
s: 142
i: [1,122,0,15,4,0,0,255] t22_pre_topc
s: 122
d: [2,347,1,10,3,1,40,122,165]
d: [2,357,1,8,2,2,21,347,175]
a: [3,365,1,3,1,357]
s: 365
i: [1,143,0,16,3,0,0,255] projectivity_k2_pre_topc
s: 143
d: [2,348,1,10,3,1,40,122,170]
d: [2,367,1,7,2,2,21,348,160]
d: [2,368,1,5,1,3,21,367,175]
a: [3,372,1,5,1,368]
s: 372
i: [1,123,0,22,5,0,0,1] t19_pre_topc
s: 123
d: [2,307,1,7,2,1,40,133,165]
s: 307
d: [2,283,2,5,1,1,40,262,141]
a: [3,289,2,5,1,283]
s: 289
d: [2,308,1,7,2,1,40,133,170]
s: 308
d: [2,299,2,5,1,1,40,268,141]
a: [3,305,2,5,1,299]
s: 305
d: [2,214,1,4,1,0,40,129,136]
s: 214
d: [2,215,1,4,1,0,40,129,138]
s: 215
d: [2,392,2,10,3,1,40,307,128]
d: [2,393,2,7,2,2,21,392,239]
s: 393
d: [2,216,1,5,1,0,40,129,135]
s: 216
d: [2,394,2,10,3,1,40,308,128]
d: [2,395,2,7,2,2,21,394,239]
s: 395
d: [2,233,1,5,2,0,40,125,138]
s: 233
d: [2,254,1,8,2,0,40,128,136]
d: [2,272,1,5,1,0,21,254,115]
s: 272
d: [2,396,3,7,2,2,40,393,141]
s: 396
d: [2,255,1,8,2,0,40,128,138]
d: [2,273,1,5,1,0,21,255,115]
s: 273
d: [2,405,4,8,2,3,40,396,395]
a: [3,415,4,4,1,405]
s: 415
d: [2,320,1,9,3,0,40,116,138]
d: [2,338,1,5,2,0,21,320,139]
s: 338
d: [2,212,1,6,2,0,40,129,118]
s: 212
d: [2,399,3,7,2,2,40,395,141]
s: 399
d: [2,213,1,6,2,0,40,129,120]
s: 213
a: [3,411,4,4,1,405]
s: 411
d: [2,235,1,6,2,0,40,125,135]
s: 235
d: [2,257,1,6,2,0,40,128,135]
s: 257
d: [2,381,2,20,5,1,44,123,372]
d: [2,387,2,15,4,2,21,381,170]
d: [2,388,2,13,3,3,21,387,175]
s: 388
d: [2,279,1,6,2,0,40,126,136]
s: 279
d: [2,429,3,8,2,4,40,388,165]
a: [3,445,3,3,1,429]
s: 445
d: [2,295,1,6,2,0,40,134,136]
s: 295
d: [2,296,1,6,2,0,40,134,138]
s: 296
d: [2,432,3,15,3,3,40,388,118]
d: [2,450,3,12,2,4,21,432,239]
a: [3,458,3,5,1,450]
s: 458
d: [2,319,1,9,3,0,40,116,136]
d: [2,337,1,6,2,0,21,319,137]
s: 337
d: [2,433,3,15,3,3,40,388,120]
d: [2,460,3,12,2,4,21,433,239]
a: [3,468,3,5,1,460]
s: 468
d: [2,208,1,7,3,0,44,124,124]
s: 208
d: [2,234,1,7,3,0,40,125,130]
s: 234
d: [2,434,3,12,2,3,40,388,136]
a: [3,477,3,5,1,434]
s: 477
d: [2,252,1,10,3,0,40,128,118]
d: [2,270,1,7,2,0,21,252,115]
s: 270
d: [2,435,3,12,2,3,40,388,138]
a: [3,486,3,5,1,435]
s: 486
d: [2,253,1,10,3,0,40,128,120]
d: [2,271,1,7,2,0,21,253,115]
s: 271
d: [2,256,1,10,3,0,40,128,130]
d: [2,274,1,7,2,0,21,256,115]
s: 274
d: [2,437,3,14,2,3,40,388,135]
a: [3,495,3,6,1,437]
s: 495
d: [2,282,1,7,2,0,40,126,135]
s: 282
d: [2,519,4,8,2,2,40,274,399]
s: 519
d: [2,298,1,7,2,0,40,134,135]
s: 298
d: [2,311,1,7,2,0,40,133,136]
s: 311
d: [2,520,4,8,2,2,40,274,396]
s: 520
d: [2,312,1,7,2,0,40,133,138]
s: 312
d: [2,436,3,12,3,3,40,388,130]
s: 436
d: [2,281,1,8,3,0,40,126,130]
s: 281
d: [2,297,1,8,3,0,40,134,130]
s: 297
r: 520
r: 519
r: 399
r: 396
r: 395
r: 393
r: 239
r: 242
r: 247
a: [3,243,1,2,1,228]
s: 243
a: [3,248,1,2,1,229]
s: 248
a: [3,238,1,3,1,228]
s: 238
d: [2,315,1,9,3,1,40,116,165]
d: [2,325,1,6,2,2,21,315,239]
a: [3,328,1,4,1,325]
s: 328
d: [2,316,1,9,3,1,40,116,170]
d: [2,331,1,6,2,2,21,316,239]
a: [3,334,1,4,1,331]
s: 334
d: [2,537,3,9,3,2,40,297,395]
a: [3,542,3,3,1,537]
s: 542
r: 411
r: 305
r: 308
d: [2,314,1,8,2,0,40,133,135]
s: 314
d: [2,538,3,9,3,2,40,297,393]
a: [3,549,3,3,1,538]
s: 549
r: 415
r: 289
r: 307
d: [2,309,1,9,3,0,40,133,118]
s: 309
d: [2,310,1,9,3,0,40,133,120]
s: 310
d: [2,530,2,7,2,1,40,297,262]
s: 530
d: [2,313,1,9,3,0,40,133,130]
s: 313
d: [2,531,2,7,2,1,40,297,268]
s: 531
d: [2,321,1,10,4,0,40,116,130]
s: 321
d: [2,322,1,11,3,0,40,116,135]
s: 322
d: [2,579,2,8,2,1,40,313,262]
s: 579
d: [2,344,1,13,3,0,40,142,129]
s: 344
d: [2,580,2,8,2,1,40,313,268]
s: 580
d: [2,343,1,14,4,0,40,142,125]
s: 343
r: 238
r: 328
r: 334
s: 239
a: [3,329,1,4,1,325]
s: 329
a: [3,335,1,4,1,331]
s: 335
d: [2,383,2,20,5,1,44,123,372]
d: [2,390,2,15,4,2,21,383,170]
d: [2,391,2,13,3,3,21,390,175]
s: 391
d: [2,638,3,0,0,6,52,155,150,165,391]
e: 638
d: [2,639,3,8,2,4,40,391,165]
d: [2,649,3,5,1,5,21,639,155]
d: [2,650,3,0,0,6,21,649,150]
e: 650
f: 650,368,106,107,108,109,110,111
% Refutation found. Thanks to Tanya!
% SZS status Theorem for tops_1__t5_tops_1
% SZS output start Proof for tops_1__t5_tops_1
1. ! [X0] : (l1_pre_topc(X0) => ! [X1] : (m1_subset_1(X1,k1_zfmisc_1(u1_struct_0(X0))) => ! [X2] : (m1_subset_1(X2,k1_zfmisc_1(u1_struct_0(X0))) => ((r1_tarski(X2,X1) & v4_pre_topc(X1,X0)) => r1_tarski(k2_pre_topc(X0,X2),X1))))) [input t5_tops_1]
2. ~! [X0] : (l1_pre_topc(X0) => ! [X1] : (m1_subset_1(X1,k1_zfmisc_1(u1_struct_0(X0))) => ! [X2] : (m1_subset_1(X2,k1_zfmisc_1(u1_struct_0(X0))) => ((r1_tarski(X2,X1) & v4_pre_topc(X1,X0)) => r1_tarski(k2_pre_topc(X0,X2),X1))))) [negated conjecture 1]
33. ! [X0] : (l1_pre_topc(X0) => ! [X1] : (m1_subset_1(X1,k1_zfmisc_1(u1_struct_0(X0))) => ! [X2] : (m1_subset_1(X2,k1_zfmisc_1(u1_struct_0(X0))) => (r1_tarski(X1,X2) => r1_tarski(k2_pre_topc(X0,X1),k2_pre_topc(X0,X2)))))) [input t19_pre_topc]
35. ! [X0] : (l1_pre_topc(X0) => ! [X1] : (m1_subset_1(X1,k1_zfmisc_1(u1_struct_0(X0))) => (((k2_pre_topc(X0,X1) = X1 & v2_pre_topc(X0)) => v4_pre_topc(X1,X0)) & (v4_pre_topc(X1,X0) => k2_pre_topc(X0,X1) = X1)))) [input t22_pre_topc]
53. ! [X0] : (l1_pre_topc(X0) => ! [X1] : (m1_subset_1(X1,k1_zfmisc_1(u1_struct_0(X0))) => (v4_pre_topc(X1,X0) => k2_pre_topc(X0,X1) = X1))) [pure predicate removal 35]
57. ? [X0] : (? [X1] : (? [X2] : ((~r1_tarski(k2_pre_topc(X0,X2),X1) & (r1_tarski(X2,X1) & v4_pre_topc(X1,X0))) & m1_subset_1(X2,k1_zfmisc_1(u1_struct_0(X0)))) & m1_subset_1(X1,k1_zfmisc_1(u1_struct_0(X0)))) & l1_pre_topc(X0)) [ennf transformation 2]
58. ? [X0] : (? [X1] : (? [X2] : (~r1_tarski(k2_pre_topc(X0,X2),X1) & r1_tarski(X2,X1) & v4_pre_topc(X1,X0) & m1_subset_1(X2,k1_zfmisc_1(u1_struct_0(X0)))) & m1_subset_1(X1,k1_zfmisc_1(u1_struct_0(X0)))) & l1_pre_topc(X0)) [flattening 57]
65. ! [X0] : (! [X1] : ((k2_pre_topc(X0,X1) = X1 | ~v4_pre_topc(X1,X0)) | ~m1_subset_1(X1,k1_zfmisc_1(u1_struct_0(X0)))) | ~l1_pre_topc(X0)) [ennf transformation 53]
66. ! [X0] : (! [X1] : (k2_pre_topc(X0,X1) = X1 | ~v4_pre_topc(X1,X0) | ~m1_subset_1(X1,k1_zfmisc_1(u1_struct_0(X0)))) | ~l1_pre_topc(X0)) [flattening 65]
67. ! [X0] : (! [X1] : (! [X2] : ((r1_tarski(k2_pre_topc(X0,X1),k2_pre_topc(X0,X2)) | ~r1_tarski(X1,X2)) | ~m1_subset_1(X2,k1_zfmisc_1(u1_struct_0(X0)))) | ~m1_subset_1(X1,k1_zfmisc_1(u1_struct_0(X0)))) | ~l1_pre_topc(X0)) [ennf transformation 33]
68. ! [X0] : (! [X1] : (! [X2] : (r1_tarski(k2_pre_topc(X0,X1),k2_pre_topc(X0,X2)) | ~r1_tarski(X1,X2) | ~m1_subset_1(X2,k1_zfmisc_1(u1_struct_0(X0)))) | ~m1_subset_1(X1,k1_zfmisc_1(u1_struct_0(X0)))) | ~l1_pre_topc(X0)) [flattening 67]
85. ? [X0] : (? [X1] : (? [X2] : (~r1_tarski(k2_pre_topc(X0,X2),X1) & r1_tarski(X2,X1) & v4_pre_topc(X1,X0) & m1_subset_1(X2,k1_zfmisc_1(u1_struct_0(X0)))) & m1_subset_1(X1,k1_zfmisc_1(u1_struct_0(X0)))) & l1_pre_topc(X0)) => (? [X1] : (? [X2] : (~r1_tarski(k2_pre_topc(sK0,X2),X1) & r1_tarski(X2,X1) & v4_pre_topc(X1,sK0) & m1_subset_1(X2,k1_zfmisc_1(u1_struct_0(sK0)))) & m1_subset_1(X1,k1_zfmisc_1(u1_struct_0(sK0)))) & l1_pre_topc(sK0)) [choice axiom]
86. ? [X1] : (? [X2] : (~r1_tarski(k2_pre_topc(sK0,X2),X1) & r1_tarski(X2,X1) & v4_pre_topc(X1,sK0) & m1_subset_1(X2,k1_zfmisc_1(u1_struct_0(sK0)))) & m1_subset_1(X1,k1_zfmisc_1(u1_struct_0(sK0)))) => (? [X2] : (~r1_tarski(k2_pre_topc(sK0,X2),sK1) & r1_tarski(X2,sK1) & v4_pre_topc(sK1,sK0) & m1_subset_1(X2,k1_zfmisc_1(u1_struct_0(sK0)))) & m1_subset_1(sK1,k1_zfmisc_1(u1_struct_0(sK0)))) [choice axiom]
87. ? [X2] : (~r1_tarski(k2_pre_topc(sK0,X2),sK1) & r1_tarski(X2,sK1) & v4_pre_topc(sK1,sK0) & m1_subset_1(X2,k1_zfmisc_1(u1_struct_0(sK0)))) => (~r1_tarski(k2_pre_topc(sK0,sK2),sK1) & r1_tarski(sK2,sK1) & v4_pre_topc(sK1,sK0) & m1_subset_1(sK2,k1_zfmisc_1(u1_struct_0(sK0)))) [choice axiom]
88. ((~r1_tarski(k2_pre_topc(sK0,sK2),sK1) & r1_tarski(sK2,sK1) & v4_pre_topc(sK1,sK0) & m1_subset_1(sK2,k1_zfmisc_1(u1_struct_0(sK0)))) & m1_subset_1(sK1,k1_zfmisc_1(u1_struct_0(sK0)))) & l1_pre_topc(sK0) [skolemisation 58,87,86,85]
106. l1_pre_topc(sK0) [cnf transformation 88] {a:0,w:2,wCS:200,goal:1,sine:0,thAx:0,allAx:4,thDist:-4}
107. m1_subset_1(sK1,k1_zfmisc_1(u1_struct_0(sK0))) [cnf transformation 88] {a:0,w:5,wCS:500,goal:1,sine:0,thAx:0,allAx:4,thDist:-4}
108. m1_subset_1(sK2,k1_zfmisc_1(u1_struct_0(sK0))) [cnf transformation 88] {a:0,w:5,wCS:500,goal:1,sine:0,thAx:0,allAx:4,thDist:-4}
109. v4_pre_topc(sK1,sK0) [cnf transformation 88] {a:0,w:3,wCS:300,goal:1,sine:0,thAx:0,allAx:4,thDist:-4}
110. r1_tarski(sK2,sK1) [cnf transformation 88] {a:0,w:3,wCS:300,goal:1,sine:0,thAx:0,allAx:4,thDist:-4}
111. ~r1_tarski(k2_pre_topc(sK0,sK2),sK1) [cnf transformation 88] {a:0,w:5,wCS:500,goal:1,sine:0,thAx:0,allAx:4,thDist:-4}
122. ~m1_subset_1(X1,k1_zfmisc_1(u1_struct_0(X0))) | ~v4_pre_topc(X1,X0) | k2_pre_topc(X0,X1) = X1 | ~l1_pre_topc(X0) [cnf transformation 66] {a:0,w:15,wCS:6000,nSel:1,sine:255,thAx:0,allAx:1,thDist:-1}
123. r1_tarski(k2_pre_topc(X0,X1),k2_pre_topc(X0,X2)) | ~r1_tarski(X1,X2) | ~m1_subset_1(X2,k1_zfmisc_1(u1_struct_0(X0))) | ~m1_subset_1(X1,k1_zfmisc_1(u1_struct_0(X0))) | ~l1_pre_topc(X0) [cnf transformation 68] {a:0,w:22,wCS:8800,nSel:1,sine:1,thAx:0,allAx:1,thDist:-1}
148. 1 <=> r1_tarski(k2_pre_topc(sK0,sK2),sK1) [avatar definition]
150. ~r1_tarski(k2_pre_topc(sK0,sK2),sK1) <- (~1) [avatar component clause 148] {a:0,w:5,wCS:500,nSel:1,goal:1,sine:255,thAx:0,allAx:4,thDist:-4}
151. ~1 [avatar split clause 111,148]
153. 2 <=> r1_tarski(sK2,sK1) [avatar definition]
155. r1_tarski(sK2,sK1) <- (2) [avatar component clause 153] {a:0,w:3,wCS:300,nSel:1,goal:1,sine:255,thAx:0,allAx:4,thDist:-4}
156. 2 [avatar split clause 110,153]
158. 3 <=> v4_pre_topc(sK1,sK0) [avatar definition]
160. v4_pre_topc(sK1,sK0) <- (3) [avatar component clause 158] {a:0,w:3,wCS:300,nSel:1,goal:1,sine:255,thAx:0,allAx:4,thDist:-4}
161. 3 [avatar split clause 109,158]
163. 4 <=> m1_subset_1(sK2,k1_zfmisc_1(u1_struct_0(sK0))) [avatar definition]
165. m1_subset_1(sK2,k1_zfmisc_1(u1_struct_0(sK0))) <- (4) [avatar component clause 163] {a:0,w:5,wCS:500,nSel:1,goal:1,sine:255,thAx:0,allAx:4,thDist:-4}
166. 4 [avatar split clause 108,163]
168. 5 <=> m1_subset_1(sK1,k1_zfmisc_1(u1_struct_0(sK0))) [avatar definition]
170. m1_subset_1(sK1,k1_zfmisc_1(u1_struct_0(sK0))) <- (5) [avatar component clause 168] {a:0,w:5,wCS:500,nSel:1,goal:1,sine:255,thAx:0,allAx:4,thDist:-4}
171. 5 [avatar split clause 107,168]
173. 6 <=> l1_pre_topc(sK0) [avatar definition]
175. l1_pre_topc(sK0) <- (6) [avatar component clause 173] {a:0,w:2,wCS:200,nSel:1,goal:1,sine:255,thAx:0,allAx:4,thDist:-4}
176. 6 [avatar split clause 106,173]
348. ~v4_pre_topc(sK1,sK0) | sK1 = k2_pre_topc(sK0,sK1) | ~l1_pre_topc(sK0) <- (5) [resolution 122,170] {a:1,w:10,wCS:1000,goal:1,sine:255,thAx:0,allAx:5,thDist:-5}
367. sK1 = k2_pre_topc(sK0,sK1) | ~l1_pre_topc(sK0) <- (3, 5) [subsumption resolution 348,160] {a:1,w:7,wCS:700,goal:1,sine:255,thAx:0,allAx:5,thDist:-5}
368. sK1 = k2_pre_topc(sK0,sK1) <- (3, 5, 6) [subsumption resolution 367,175] {a:1,w:5,wCS:500,goal:1,sine:255,thAx:0,allAx:5,thDist:-5}
370. 26 <=> sK1 = k2_pre_topc(sK0,sK1) [avatar definition]
372. sK1 = k2_pre_topc(sK0,sK1) <- (26) [avatar component clause 370] {a:1,w:5,wCS:500,nSel:1,goal:1,sine:255,thAx:0,allAx:5,thDist:-5}
373. 26 | ~3 | ~5 | ~6 [avatar split clause 368,173,168,158,370]
383. r1_tarski(k2_pre_topc(sK0,X3),sK1) | ~r1_tarski(X3,sK1) | ~m1_subset_1(sK1,k1_zfmisc_1(u1_struct_0(sK0))) | ~m1_subset_1(X3,k1_zfmisc_1(u1_struct_0(sK0))) | ~l1_pre_topc(sK0) <- (26) [superposition 123,372] {a:2,w:20,wCS:2000,goal:1,sine:1,thAx:0,allAx:6,thDist:-6}
390. r1_tarski(k2_pre_topc(sK0,X3),sK1) | ~r1_tarski(X3,sK1) | ~m1_subset_1(X3,k1_zfmisc_1(u1_struct_0(sK0))) | ~l1_pre_topc(sK0) <- (5, 26) [subsumption resolution 383,170] {a:2,w:15,wCS:1500,goal:1,sine:1,thAx:0,allAx:6,thDist:-6}
391. ~m1_subset_1(X3,k1_zfmisc_1(u1_struct_0(sK0))) | ~r1_tarski(X3,sK1) | r1_tarski(k2_pre_topc(sK0,X3),sK1) <- (5, 6, 26) [subsumption resolution 390,175] {a:2,w:13,wCS:1300,nSel:1,goal:1,sine:1,thAx:0,allAx:6,thDist:-6}
639. ~r1_tarski(sK2,sK1) | r1_tarski(k2_pre_topc(sK0,sK2),sK1) <- (4, 5, 6, 26) [resolution 391,165] {a:3,w:8,wCS:800,goal:1,sine:1,thAx:0,allAx:10,thDist:-10}
649. r1_tarski(k2_pre_topc(sK0,sK2),sK1) <- (2, 4, 5, 6, 26) [subsumption resolution 639,155] {a:3,w:5,wCS:500,goal:1,sine:1,thAx:0,allAx:10,thDist:-10}
650. $false <- (~1, 2, 4, 5, 6, 26) [subsumption resolution 649,150] {a:3,w:0,goal:1,sine:1,thAx:0,allAx:10,thDist:-10}
651. 1 | ~2 | ~4 | ~5 | ~6 | ~26 [avatar contradiction clause 650]
657. $false [avatar sat refutation 151,156,161,166,171,176,373,651] {a:0,w:0,goal:1,sine:0,thAx:0,allAx:479,thDist:-479}
% SZS output end Proof for tops_1__t5_tops_1
% ------------------------------
% Version: Vampire 4.5.1 (commit 226f88162 on 2021-09-12 20:13:44 +0200)
% Termination reason: Refutation

% >>> Input
% Input formulas: 41
% >>> Preprocessing
% Introduced skolems: 11
% Pure predicates: 2
% 
% >>> Saturation
% Initial clauses: 41
% Generated clauses: 377
% Active clauses: 116
% Passive clauses: 167
% Final active clauses: 97
% Final passive clauses: 47
% Main loop iterations started: 119
% 
% >>> Simplifying Inferences
% Duplicate literals: 13
% Fw subsumption resolutions: 42
% Fw demodulations: 4
% Bw demodulations: 1
% 
% >>> Deletion Inferences
% Simple tautologies: 25
% Forward subsumptions: 69
% Backward subsumptions: 6
% 
% >>> Generating Inferences
% Binary resolution: 200
% Unit resulting resolution: 1
% Forward superposition: 8
% Backward superposition: 4
% Self superposition: 2
% 
% >>> AVATAR
% Split clauses: 29
% Split components: 60
% Sat splitting refutations: 2
% 
% >>> SAT Solver Statistics
% SAT solver clauses: 55
% SAT solver unit clauses: 12
% SAT solver binary clauses: 6
% 
% Memory used [KB]: 9722
% Time elapsed: 0.006 s
% ------------------------------
% ------------------------------
% Time measurement results:
% parsing: 0.002 s
% backward demodulation index maintenance: 0.001 s
% forward demodulation: 0.002 s
% other: 0.006 s ( own 0.001 s ) 

