i: [1,278,0,2,1,1,0,0] t12_anproj_1
a: [3,445,0,2,1,278]
s: 445
i: [1,277,0,2,1,1,0,0] t12_anproj_1
a: [3,450,0,2,1,277]
s: 450
i: [1,276,0,2,1,1,0,0] t12_anproj_1
a: [3,455,0,2,1,276]
s: 455
i: [1,275,0,2,1,1,0,0] t12_anproj_1
a: [3,460,0,2,1,275]
s: 460
i: [1,274,0,2,1,1,0,0] t12_anproj_1
a: [3,465,0,2,1,274]
s: 465
i: [1,273,0,2,1,1,0,0] t12_anproj_1
a: [3,470,0,2,1,273]
s: 470
i: [1,272,0,2,1,1,0,0] t12_anproj_1
a: [3,475,0,2,1,272]
s: 475
i: [1,271,0,2,1,1,0,0] t12_anproj_1
a: [3,480,0,2,1,271]
s: 480
i: [1,270,0,2,1,1,0,0] t12_anproj_1
a: [3,485,0,2,1,270]
s: 485
i: [1,269,0,2,1,1,0,0] t12_anproj_1
a: [3,490,0,2,1,269]
s: 490
i: [1,283,0,21,6,1,0,0] t12_anproj_1
a: [3,404,0,3,1,283]
s: 404
i: [1,281,0,4,1,1,0,0] t12_anproj_1
a: [3,430,0,4,1,281]
s: 430
i: [1,280,0,4,1,1,0,0] t12_anproj_1
a: [3,435,0,4,1,280]
s: 435
i: [1,279,0,4,1,1,0,0] t12_anproj_1
a: [3,440,0,4,1,279]
s: 440
i: [1,282,0,5,1,1,0,0] t12_anproj_1
a: [3,425,0,5,1,282]
s: 425
i: [1,284,0,2,1,0,0,255] spc1_boole
a: [3,495,0,2,1,284]
s: 495
i: [1,289,0,2,1,0,0,255] fc6_ordinal1
a: [3,515,0,2,1,289]
s: 515
i: [1,288,0,2,1,0,0,255] fc6_ordinal1
a: [3,520,0,2,1,288]
s: 520
i: [1,373,0,2,1,0,0,255] existence_l1_algstr_0
a: [3,540,0,2,1,373]
s: 540
i: [1,374,0,2,1,0,0,255] existence_l2_algstr_0
a: [3,545,0,2,1,374]
s: 545
i: [1,375,0,2,1,0,0,1] existence_l1_rlvect_1
a: [3,550,0,2,1,375]
s: 550
i: [1,376,0,2,1,0,0,2] existence_l2_struct_0
a: [3,555,0,2,1,376]
s: 555
i: [1,377,0,2,1,0,0,2] existence_l1_struct_0
a: [3,560,0,2,1,377]
s: 560
i: [1,378,0,2,1,0,0,255] rc4_ordinal1
a: [3,565,0,2,1,378]
s: 565
i: [1,379,0,2,1,0,0,255] rc1_ordinal1
a: [3,570,0,2,1,379]
s: 570
i: [1,383,0,2,1,0,0,255] rc2_ordinal1
a: [3,575,0,2,1,383]
s: 575
i: [1,382,0,2,1,0,0,255] rc2_ordinal1
a: [3,580,0,2,1,382]
s: 580
i: [1,381,0,2,1,0,0,255] rc2_ordinal1
a: [3,585,0,2,1,381]
s: 585
i: [1,380,0,2,1,0,0,255] rc2_ordinal1
a: [3,590,0,2,1,380]
s: 590
i: [1,385,0,2,1,0,0,255] rc5_ordinal1
a: [3,595,0,2,1,385]
s: 595
i: [1,384,0,2,1,0,0,255] rc5_ordinal1
a: [3,600,0,2,1,384]
s: 600
i: [1,387,0,2,1,0,0,1] rc2_rlvect_1
a: [3,605,0,2,1,387]
s: 605
i: [1,386,0,2,1,0,0,1] rc2_rlvect_1
a: [3,610,0,2,1,386]
s: 610
i: [1,390,0,2,1,0,0,2] rc20_struct_0
a: [3,615,0,2,1,390]
s: 615
i: [1,389,0,2,1,0,0,2] rc20_struct_0
a: [3,620,0,2,1,389]
s: 620
i: [1,388,0,2,1,0,0,2] rc20_struct_0
a: [3,625,0,2,1,388]
s: 625
i: [1,391,0,2,1,0,0,255] rc4_xreal_0
a: [3,630,0,2,1,391]
s: 630
i: [1,365,0,3,1,0,0,255] reflexivity_r1_tarski
s: 365
i: [1,285,0,3,1,0,0,255] redefinition_k5_numbers
a: [3,500,0,3,1,285]
s: 500
i: [1,286,0,3,1,0,0,255] t1_numerals
a: [3,505,0,3,1,286]
s: 505
i: [1,292,0,3,1,0,0,255] spc1_numerals
a: [3,525,0,3,1,292]
s: 525
i: [1,291,0,3,1,0,0,255] spc1_numerals
a: [3,530,0,3,1,291]
s: 530
i: [1,392,0,3,1,0,0,255] rc1_real_1
a: [3,635,0,3,1,392]
s: 635
d: [2,637,0,3,1,2,22,530,500]
a: [3,641,0,3,1,637]
s: 641
i: [1,293,0,4,2,0,0,255] dt_l1_algstr_0
s: 293
i: [1,295,0,4,2,0,0,255] dt_l2_algstr_0
s: 295
d: [2,643,1,2,1,1,40,293,540]
a: [3,647,1,2,1,643]
s: 647
i: [1,296,0,4,2,0,0,255] dt_l2_algstr_0
s: 296
d: [2,649,1,2,1,1,40,295,545]
a: [3,653,1,2,1,649]
s: 653
i: [1,302,0,4,2,0,0,255] dt_l1_rlvect_1
s: 302
i: [1,303,0,4,2,0,0,2] dt_l2_struct_0
s: 303
d: [2,661,1,2,1,1,40,302,445]
a: [3,667,1,2,1,661]
s: 667
i: [1,326,0,4,2,0,0,255] cc6_ordinal1
s: 326
d: [2,697,2,2,1,1,40,667,296]
a: [3,702,2,2,1,697]
s: 702
i: [1,327,0,4,2,0,0,255] cc1_ordinal1
s: 327
i: [1,328,0,4,2,0,0,255] cc1_ordinal1
s: 328
d: [2,698,2,2,1,1,40,667,295]
a: [3,707,2,2,1,698]
s: 707
i: [1,330,0,4,2,0,0,255] cc9_ordinal1
s: 330
d: [2,721,3,2,1,1,40,702,293]
a: [3,725,3,2,1,721]
s: 725
i: [1,331,0,4,2,0,0,255] cc7_ordinal1
s: 331
i: [1,332,0,4,2,0,0,255] cc3_ordinal1
s: 332
d: [2,655,1,2,1,1,40,296,545]
a: [3,659,1,2,1,655]
s: 659
i: [1,364,0,4,1,0,0,1] existence_m1_subset_1
s: 364
d: [2,662,1,2,1,1,40,302,550]
a: [3,672,1,2,1,662]
s: 672
i: [1,287,0,4,1,0,0,255] dt_k5_numbers
a: [3,510,0,4,1,287]
s: 510
i: [1,290,0,4,1,0,0,255] spc1_numerals
a: [3,535,0,4,1,290]
s: 535
d: [2,663,1,2,1,1,40,302,610]
a: [3,677,1,2,1,663]
s: 677
d: [2,787,0,4,1,2,22,510,500]
a: [3,791,0,4,1,787]
s: 791
d: [2,679,1,2,1,1,40,303,555]
a: [3,685,1,2,1,679]
s: 685
d: [2,793,0,4,1,2,22,535,500]
a: [3,797,0,4,1,793]
s: 797
i: [1,333,0,5,2,0,0,255] t6_boole
s: 333
d: [2,680,1,2,1,1,40,303,625]
a: [3,690,1,2,1,680]
s: 690
i: [1,334,0,5,2,0,0,255] cc8_ordinal1
s: 334
d: [2,709,1,2,1,1,40,326,565]
a: [3,714,1,2,1,709]
s: 714
i: [1,361,0,5,2,0,0,255] t7_boole
s: 361
i: [1,304,0,6,2,0,0,1] fc10_struct_0
s: 304
d: [2,710,1,2,1,1,40,326,595]
a: [3,719,1,2,1,710]
s: 719
i: [1,311,0,6,2,0,0,1] rc17_struct_0
s: 311
d: [2,727,1,2,1,1,40,327,515]
a: [3,733,1,2,1,727]
s: 733
i: [1,312,0,6,3,0,0,255] cc7_struct_0
s: 312
i: [1,313,0,6,3,0,0,255] cc5_struct_0
s: 313
d: [2,728,1,2,1,1,40,327,570]
a: [3,738,1,2,1,728]
s: 738
i: [1,315,0,6,3,0,0,2] cc17_struct_0
s: 315
d: [2,740,1,2,1,1,40,328,515]
a: [3,746,1,2,1,740]
s: 746
i: [1,316,0,6,3,0,0,2] cc2_struct_0
s: 316
i: [1,317,0,6,3,0,0,255] cc6_struct_0
s: 317
d: [2,741,1,2,1,1,40,328,570]
a: [3,751,1,2,1,741]
s: 751
i: [1,318,0,6,3,0,0,2] cc1_struct_0
s: 318
d: [2,755,1,2,1,1,40,330,630]
a: [3,759,1,2,1,755]
s: 759
i: [1,321,0,6,3,0,0,255] cc4_struct_0
s: 321
i: [1,353,0,6,3,0,0,255] cc2_ordinal1
s: 353
d: [2,761,1,2,1,1,40,331,630]
a: [3,765,1,2,1,761]
s: 765
i: [1,357,0,6,2,0,0,255] t1_subset
s: 357
d: [2,767,1,2,1,1,40,332,630]
a: [3,771,1,2,1,767]
s: 771
i: [1,366,0,6,2,0,0,255] antisymmetry_r2_hidden
s: 366
i: [1,305,0,7,2,0,0,255] d6_struct_0
s: 305
d: [2,813,1,2,1,1,40,334,505]
a: [3,819,1,2,1,813]
s: 819
i: [1,306,0,7,2,0,0,255] dt_u2_struct_0
s: 306
d: [2,814,1,2,1,1,40,334,641]
a: [3,824,1,2,1,814]
s: 824
i: [1,307,0,7,2,0,0,2] dt_k4_struct_0
s: 307
i: [1,310,0,7,2,0,0,1] rc17_struct_0
s: 310
d: [2,855,1,4,2,1,40,312,615]
d: [2,856,1,2,1,2,21,855,690]
a: [3,860,1,2,1,856]
s: 860
i: [1,319,0,7,3,0,0,255] cc8_struct_0
s: 319
d: [2,865,1,4,2,1,40,313,560]
a: [3,888,1,2,1,865]
s: 888
i: [1,322,0,7,3,0,0,255] cc9_struct_0
s: 322
i: [1,323,0,7,3,0,0,255] cc11_struct_0
s: 323
d: [2,681,2,2,1,1,40,303,653]
a: [3,695,2,2,1,681]
s: 695
i: [1,324,0,7,3,0,0,255] cc11_struct_0
s: 324
d: [2,775,2,2,1,1,40,672,296]
a: [3,780,2,2,1,775]
s: 780
i: [1,329,0,7,3,0,0,255] cc5_ordinal1
s: 329
i: [1,335,0,7,3,0,0,255] fc9_struct_0
s: 335
d: [2,973,1,5,2,1,40,329,430]
a: [3,987,1,3,1,973]
s: 987
i: [1,338,0,7,3,0,0,255] fc6_struct_0
s: 338
d: [2,980,1,4,2,1,40,329,525]
a: [3,1006,1,2,1,980]
s: 1006
i: [1,340,0,7,3,0,0,255] rc22_struct_0
s: 340
i: [1,347,0,7,3,0,0,1] fc2_struct_0
s: 347
d: [2,776,2,2,1,1,40,672,295]
a: [3,785,2,2,1,776]
s: 785
i: [1,349,0,7,3,0,0,255] rc4_struct_0
s: 349
d: [2,799,2,2,1,1,40,677,296]
a: [3,804,2,2,1,799]
s: 804
i: [1,351,0,7,3,0,0,255] rc21_struct_0
s: 351
i: [1,352,0,7,3,0,0,255] rc21_struct_0
s: 352
d: [2,800,2,2,1,1,40,677,295]
a: [3,809,2,2,1,800]
s: 809
i: [1,354,0,7,3,0,0,255] fc8_struct_0
s: 354
d: [2,831,2,2,1,1,40,714,328]
a: [3,836,2,2,1,831]
s: 836
i: [1,355,0,7,3,0,0,255] fc7_struct_0
s: 355
i: [1,356,0,7,3,0,0,1] fc1_struct_0
s: 356
d: [2,832,2,2,1,1,40,714,327]
a: [3,841,2,2,1,832]
s: 841
i: [1,359,0,7,2,0,0,255] t3_subset
s: 359
d: [2,843,2,2,1,1,40,719,328]
a: [3,848,2,2,1,843]
s: 848
i: [1,360,0,7,3,0,0,2] t8_boole
s: 360
i: [1,294,0,8,3,0,0,255] cc10_ordinal1
s: 294
d: [2,1039,1,4,2,1,40,294,791]
a: [3,1045,1,2,1,1039]
s: 1045
i: [1,298,0,8,4,0,0,255] cc1_rlvect_1
s: 298
d: [2,844,2,2,1,1,40,719,327]
a: [3,853,2,2,1,844]
s: 853
i: [1,337,0,8,3,0,0,1] rc19_struct_0
s: 337
i: [1,358,0,8,3,0,0,255] t2_subset
s: 358
d: [2,1052,1,7,2,1,40,358,430]
a: [3,1071,1,3,1,1052]
s: 1071
d: [2,1118,4,0,0,3,52,490,725,1071,347]
e: 1118
d: [2,1119,2,0,0,2,52,987,1071,332]
e: 1119
d: [2,1120,2,4,2,1,40,1071,347]
d: [2,1126,2,2,1,2,21,1120,725]
d: [2,1127,2,0,0,3,21,1126,490]
e: 1127
d: [2,1121,2,3,1,1,40,1071,332]
d: [2,1129,2,0,0,2,21,1121,987]
e: 1129
r: 1071
i: [1,325,0,9,4,0,0,255] cc10_struct_0
s: 325
a: [3,1070,1,3,1,1052]
s: 1070
i: [1,336,0,9,3,0,0,1] rc19_struct_0
s: 336
i: [1,363,0,9,3,0,0,255] t5_subset
s: 363
a: [3,1067,1,4,1,1052]
s: 1067
i: [1,301,0,10,5,0,0,255] cc2_rlvect_1
s: 301
d: [2,1153,2,8,4,1,40,301,667]
d: [2,1157,2,6,3,2,21,1153,470]
d: [2,1158,2,4,2,3,21,1157,480]
d: [2,1159,2,2,1,4,21,1158,490]
a: [3,1163,2,2,1,1159]
s: 1163
i: [1,339,0,10,3,0,0,255] rc22_struct_0
s: 339
i: [1,348,0,10,3,0,0,255] rc4_struct_0
s: 348
d: [2,1053,1,7,2,1,40,358,435]
a: [3,1076,1,4,1,1053]
s: 1076
i: [1,350,0,10,3,0,0,255] rc21_struct_0
s: 350
d: [2,1054,1,7,2,1,40,358,440]
a: [3,1081,1,4,1,1054]
s: 1081
i: [1,362,0,10,3,0,0,255] t4_subset
s: 362
i: [1,393,0,11,3,0,0,1] d12_struct_0
s: 393
d: [2,1145,2,4,1,1,40,1067,366]
a: [3,1151,2,4,1,1145]
s: 1151
i: [1,308,0,13,4,0,0,1] d12_struct_0
s: 308
a: [3,399,0,3,1,283]
s: 399
a: [3,407,0,3,1,283]
s: 407
i: [1,370,0,14,4,0,0,255] existence_m2_subset_1
s: 370
d: [2,1245,1,9,3,1,40,308,435]
d: [2,1262,1,6,2,2,21,1245,404]
d: [2,1263,1,4,1,3,21,1262,707]
a: [3,1267,1,4,1,1263]
s: 1267
i: [1,367,0,15,5,0,0,255] dt_m2_subset_1
s: 367
d: [2,1218,2,4,1,1,40,1076,366]
a: [3,1224,2,4,1,1218]
s: 1224
i: [1,368,0,15,5,0,0,255] redefinition_m2_subset_1
s: 368
i: [1,369,0,15,5,0,0,255] redefinition_m2_subset_1
s: 369
d: [2,1230,2,4,1,1,40,1081,366]
a: [3,1236,2,4,1,1230]
s: 1236
i: [1,371,0,32,13,0,0,1] reflexivity_r1_anproj_1
s: 371
d: [2,1297,1,28,12,1,40,371,430]
d: [2,1305,1,26,11,2,21,1297,445]
d: [2,1306,1,24,10,3,21,1305,450]
d: [2,1307,1,22,9,4,21,1306,455]
d: [2,1308,1,20,8,5,21,1307,460]
d: [2,1309,1,18,7,6,21,1308,465]
d: [2,1310,1,16,6,7,21,1309,470]
d: [2,1311,1,14,5,8,21,1310,475]
d: [2,1312,1,12,4,9,21,1311,480]
d: [2,1313,1,10,3,10,21,1312,485]
d: [2,1314,1,8,2,11,21,1313,490]
s: 1314
i: [1,372,0,36,14,0,0,1] symmetry_r1_anproj_1
s: 372
i: [1,394,0,39,14,0,0,1] t10_anproj_1
s: 394
d: [2,1341,2,10,3,11,40,1314,336]
d: [2,1373,2,8,2,12,21,1341,707]
a: [3,1377,2,2,1,1373]
s: 1377
r: 1377
i: [1,395,0,39,14,0,0,1] t10_anproj_1
s: 395
a: [3,1376,2,2,1,1373]
s: 1376
i: [1,396,0,39,14,0,0,1] t10_anproj_1
s: 396
i: [1,344,0,41,15,0,0,1] t11_anproj_1
s: 344
a: [3,415,0,4,1,283]
s: 415
i: [1,345,0,41,15,0,0,1] t11_anproj_1
s: 345
a: [3,411,0,4,1,283]
s: 411
i: [1,346,0,41,15,0,0,1] t11_anproj_1
s: 346
a: [3,419,0,4,1,283]
s: 419
d: [2,1335,2,4,1,11,40,1314,430]
a: [3,1346,2,4,1,1335]
s: 1346
d: [2,1298,1,28,12,1,40,371,435]
d: [2,1315,1,26,11,2,21,1298,445]
d: [2,1316,1,24,10,3,21,1315,450]
d: [2,1317,1,22,9,4,21,1316,455]
d: [2,1318,1,20,8,5,21,1317,460]
d: [2,1319,1,18,7,6,21,1318,465]
d: [2,1320,1,16,6,7,21,1319,470]
d: [2,1321,1,14,5,8,21,1320,475]
d: [2,1322,1,12,4,9,21,1321,480]
d: [2,1323,1,10,3,10,21,1322,485]
d: [2,1324,1,8,2,11,21,1323,490]
s: 1324
d: [2,1336,2,4,1,12,40,1314,435]
a: [3,1351,2,4,1,1336]
s: 1351
d: [2,1299,1,28,12,1,40,371,440]
d: [2,1325,1,26,11,2,21,1299,445]
d: [2,1326,1,24,10,3,21,1325,450]
d: [2,1327,1,22,9,4,21,1326,455]
d: [2,1328,1,20,8,5,21,1327,460]
d: [2,1329,1,18,7,6,21,1328,465]
d: [2,1330,1,16,6,7,21,1329,470]
d: [2,1331,1,14,5,8,21,1330,475]
d: [2,1332,1,12,4,9,21,1331,480]
d: [2,1333,1,10,3,10,21,1332,485]
d: [2,1334,1,8,2,11,21,1333,490]
s: 1334
d: [2,1060,1,5,2,1,40,358,525]
a: [3,1099,1,2,1,1060]
s: 1099
d: [2,1480,2,0,0,2,52,1045,1099,330]
e: 1480
d: [2,1481,2,0,0,2,52,1006,1099,332]
e: 1481
d: [2,1482,2,2,1,1,40,1099,332]
d: [2,1487,2,0,0,2,21,1482,1006]
e: 1487
d: [2,1484,2,2,1,1,40,1099,330]
d: [2,1489,2,0,0,2,21,1484,1045]
e: 1489
r: 1006
r: 1045
r: 1099
d: [2,1337,2,4,1,12,40,1314,440]
a: [3,1356,2,4,1,1337]
s: 1356
d: [2,981,1,4,2,1,40,329,635]
a: [3,1011,1,2,1,981]
s: 1011
r: 1011
d: [2,1339,2,8,2,11,40,1314,306]
d: [2,1361,2,6,1,12,21,1339,707]
a: [3,1365,2,6,1,1361]
s: 1365
s: 1006
a: [3,1010,1,2,1,981]
s: 1010
d: [2,1340,2,8,2,11,40,1314,310]
d: [2,1367,2,6,1,12,21,1340,707]
a: [3,1371,2,6,1,1367]
s: 1371
a: [3,1049,1,2,1,1039]
s: 1049
a: [3,1381,2,6,1,1373]
s: 1381
a: [3,1098,1,2,1,1060]
s: 1098
d: [2,1154,1,8,4,1,40,301,545]
a: [3,1172,1,2,1,1154]
s: 1172
d: [2,1342,2,8,1,11,40,1314,364]
a: [3,1386,2,8,1,1342]
s: 1386
d: [2,815,1,3,1,0,40,334,364]
a: [3,829,1,3,1,815]
s: 829
d: [2,863,2,4,2,1,40,313,647]
a: [3,870,2,2,1,863]
s: 870
a: [3,1095,1,3,1,1060]
s: 1095
d: [2,1061,1,5,2,1,40,358,635]
a: [3,1104,1,3,1,1061]
s: 1104
d: [2,864,2,4,2,1,40,313,685]
a: [3,879,2,2,1,864]
s: 879
d: [2,1062,1,5,2,1,40,358,505]
d: [2,1106,1,3,1,2,21,1062,520]
a: [3,1110,1,3,1,1106]
s: 1110
d: [2,919,2,2,1,1,40,771,328]
a: [3,924,2,2,1,919]
s: 924
d: [2,1063,1,5,2,1,40,358,641]
d: [2,1112,1,3,1,2,21,1063,520]
a: [3,1116,1,3,1,1112]
s: 1116
d: [2,1138,1,5,2,1,40,363,791]
a: [3,1143,1,3,1,1138]
s: 1143
d: [2,1566,2,0,0,2,40,1143,1116]
e: 1566
d: [2,1565,2,0,0,2,40,1143,1110]
e: 1565
d: [2,1563,2,0,0,2,52,1110,1143]
e: 1563
d: [2,1564,2,0,0,3,52,505,520,1143,358]
e: 1564
r: 1143
d: [2,920,2,2,1,1,40,771,327]
a: [3,929,2,2,1,920]
s: 929
d: [2,1058,1,7,2,1,40,358,791]
a: [3,1086,1,4,1,1058]
s: 1086
d: [2,931,2,2,1,1,40,819,326]
a: [3,936,2,2,1,931]
s: 936
a: [3,1089,1,3,1,1058]
s: 1089
d: [2,812,1,5,2,1,44,505,333]
s: 812
d: [2,940,2,2,1,1,40,824,326]
a: [3,944,2,2,1,940]
s: 944
d: [2,972,1,5,2,0,40,329,364]
s: 972
d: [2,1155,2,8,4,1,40,301,672]
a: [3,1193,2,2,1,1155]
s: 1193
d: [2,1041,1,6,2,0,40,294,364]
s: 1041
d: [2,1051,1,6,2,0,40,358,364]
s: 1051
d: [2,1156,2,8,4,1,40,301,677]
d: [2,1195,2,6,3,2,21,1156,605]
a: [3,1207,2,2,1,1195]
s: 1207
d: [2,1239,1,6,2,1,40,362,791]
s: 1239
d: [2,950,3,4,2,1,40,695,315]
a: [3,955,3,2,1,950]
s: 955
d: [2,811,1,7,3,0,44,333,333]
s: 811
d: [2,938,1,9,3,0,44,306,305]
d: [2,939,1,7,2,0,18,938]
s: 939
d: [2,966,3,2,1,1,40,780,293]
a: [3,970,3,2,1,966]
s: 970
d: [2,1033,1,7,3,0,40,356,332]
s: 1033
a: [3,1184,2,2,1,1155]
s: 1184
d: [2,1034,1,7,3,0,40,356,331]
s: 1034
d: [2,1035,1,7,3,0,40,356,330]
s: 1035
d: [2,1019,3,2,1,1,40,804,293]
a: [3,1023,3,2,1,1019]
s: 1023
d: [2,1040,1,7,3,0,40,294,359]
s: 1040
d: [2,1580,3,2,1,1,40,936,328]
a: [3,1586,3,2,1,1580]
s: 1586
d: [2,1140,1,7,2,0,40,363,364]
s: 1140
d: [2,1249,1,13,4,0,40,308,310]
d: [2,1253,1,11,3,0,18,1249]
d: [2,1275,1,7,2,0,21,1253,311]
s: 1275
d: [2,1581,3,2,1,1,40,936,327]
a: [3,1591,3,2,1,1581]
s: 1591
d: [2,1285,1,11,4,1,40,369,791]
d: [2,1290,1,9,3,2,21,1285,520]
a: [3,1293,1,7,2,1290]
s: 1293
d: [2,1597,3,2,1,1,40,944,328]
a: [3,1602,3,2,1,1597]
s: 1602
d: [2,976,1,8,3,0,40,329,306]
s: 976
d: [2,977,1,8,3,0,40,329,307]
s: 977
d: [2,1598,3,2,1,1,40,944,327]
a: [3,1607,3,2,1,1598]
s: 1607
d: [2,978,1,8,3,0,40,329,310]
s: 978
d: [2,1523,2,3,1,1,40,829,326]
a: [3,1527,2,3,1,1523]
s: 1527
d: [2,1037,1,8,3,0,40,359,329]
s: 1037
d: [2,1139,1,8,3,0,40,363,359]
s: 1139
d: [2,1529,2,3,1,1,40,1095,366]
a: [3,1535,2,3,1,1529]
s: 1535
d: [2,1243,1,8,2,0,40,362,364]
s: 1243
d: [2,1537,2,3,1,1,40,1104,366]
a: [3,1543,2,3,1,1537]
s: 1543
d: [2,946,1,9,4,0,44,319,333]
s: 946
d: [2,948,1,9,4,0,44,322,333]
s: 948
d: [2,1545,2,3,1,1,40,1110,366]
a: [3,1552,2,3,1,1545]
s: 1552
d: [2,1238,1,9,3,0,40,362,359]
s: 1238
d: [2,1555,2,3,1,1,40,1116,366]
a: [3,1561,2,3,1,1555]
s: 1561
d: [2,1055,1,10,3,0,40,358,306]
s: 1055
d: [2,1056,1,10,3,0,40,358,307]
s: 1056
d: [2,1614,2,3,1,2,40,1239,1110]
a: [3,1620,2,3,1,1614]
s: 1620
d: [2,1057,1,10,3,0,40,358,310]
s: 1057
d: [2,1670,3,3,1,1,40,1527,328]
a: [3,1675,3,3,1,1670]
s: 1675
d: [2,1059,1,10,3,0,40,358,359]
s: 1059
d: [2,1137,1,10,4,0,40,336,329]
s: 1137
d: [2,1671,3,3,1,1,40,1527,327]
a: [3,1680,3,3,1,1671]
s: 1680
d: [2,1211,1,10,4,0,40,339,294]
s: 1211
d: [2,1708,3,5,2,1,40,1620,358]
d: [2,1711,3,3,1,2,21,1708,1098]
a: [3,1715,3,3,1,1711]
s: 1715
d: [2,1215,1,10,4,0,40,348,294]
s: 1215
d: [2,1227,1,10,4,0,40,350,294]
s: 1227
d: [2,1729,4,3,1,1,40,1715,366]
a: [3,1736,4,3,1,1729]
s: 1736
d: [2,1210,1,11,4,0,40,339,363]
s: 1210
d: [2,1388,2,37,14,1,44,394,1267]
d: [2,1389,2,33,13,2,21,1388,435]
d: [2,1390,2,31,12,3,21,1389,445]
d: [2,1391,2,29,11,4,21,1390,450]
d: [2,1392,2,27,10,5,21,1391,455]
d: [2,1393,2,25,9,6,21,1392,460]
d: [2,1394,2,23,8,7,21,1393,465]
d: [2,1395,2,21,7,8,21,1394,470]
d: [2,1396,2,19,6,9,21,1395,475]
d: [2,1397,2,17,5,10,21,1396,480]
d: [2,1398,2,15,4,11,21,1397,485]
d: [2,1399,2,13,3,12,21,1398,490]
s: 1399
d: [2,1213,1,11,4,0,40,339,329]
s: 1213
d: [2,1217,1,11,4,0,40,348,329]
s: 1217
d: [2,1407,2,37,14,1,44,395,1267]
d: [2,1408,2,33,13,2,21,1407,435]
d: [2,1409,2,31,12,3,21,1408,445]
d: [2,1410,2,29,11,4,21,1409,450]
d: [2,1411,2,27,10,5,21,1410,455]
d: [2,1412,2,25,9,6,21,1411,460]
d: [2,1413,2,23,8,7,21,1412,465]
d: [2,1414,2,21,7,8,21,1413,470]
d: [2,1415,2,19,6,9,21,1414,475]
d: [2,1416,2,17,5,10,21,1415,480]
d: [2,1417,2,15,4,11,21,1416,485]
d: [2,1418,2,13,3,12,21,1417,490]
s: 1418
d: [2,1744,3,0,0,15,52,440,430,425,1418]
e: 1744
d: [2,1745,3,8,2,13,40,1418,425]
d: [2,1747,3,4,1,14,21,1745,430]
d: [2,1748,3,0,0,15,21,1747,440]
e: 1748
r: 404
r: 407
r: 1418
r: 1399
r: 1267
a: [3,403,0,3,1,283]
s: 403
a: [3,408,0,3,1,283]
s: 408
d: [2,1244,1,9,3,1,40,308,430]
d: [2,1256,1,7,2,2,21,1244,707]
a: [3,1260,1,4,1,1256]
s: 1260
a: [3,1266,1,4,1,1263]
s: 1266
d: [2,1798,2,3,1,2,44,1266,1260]
a: [3,1802,2,3,1,1798]
s: 1802
d: [2,1229,1,11,4,0,40,350,329]
s: 1229
d: [2,1652,3,8,2,1,44,1371,1275]
d: [2,1655,3,6,1,2,21,1652,707]
a: [3,1755,3,6,1,1655]
s: 1755
d: [2,1136,1,12,4,0,40,336,358]
s: 1136
d: [2,1240,1,12,4,0,40,362,339]
s: 1240
d: [2,1760,2,37,14,1,44,396,1260]
d: [2,1765,2,33,13,2,21,1760,430]
d: [2,1766,2,31,12,3,21,1765,445]
d: [2,1767,2,29,11,4,21,1766,450]
d: [2,1768,2,27,10,5,21,1767,455]
d: [2,1769,2,25,9,6,21,1768,460]
d: [2,1770,2,23,8,7,21,1769,465]
d: [2,1771,2,21,7,8,21,1770,470]
d: [2,1772,2,19,6,9,21,1771,475]
d: [2,1773,2,17,5,10,21,1772,480]
d: [2,1774,2,15,4,11,21,1773,485]
d: [2,1775,2,13,3,12,21,1774,490]
s: 1775
d: [2,1241,1,12,4,0,40,362,348]
s: 1241
d: [2,1761,2,37,14,1,44,395,1260]
d: [2,1776,2,33,13,2,21,1761,430]
d: [2,1777,2,31,12,3,21,1776,445]
d: [2,1778,2,29,11,4,21,1777,450]
d: [2,1779,2,27,10,5,21,1778,455]
d: [2,1780,2,25,9,6,21,1779,460]
d: [2,1781,2,23,8,7,21,1780,465]
d: [2,1782,2,21,7,8,21,1781,470]
d: [2,1783,2,19,6,9,21,1782,475]
d: [2,1784,2,17,5,10,21,1783,480]
d: [2,1785,2,15,4,11,21,1784,485]
d: [2,1786,2,13,3,12,21,1785,490]
s: 1786
d: [2,1242,1,12,4,0,40,362,350]
s: 1242
d: [2,1251,1,13,3,0,40,308,364]
s: 1251
d: [2,1762,2,37,14,1,44,394,1260]
d: [2,1787,2,33,13,2,21,1762,430]
d: [2,1788,2,31,12,3,21,1787,445]
d: [2,1789,2,29,11,4,21,1788,450]
d: [2,1790,2,27,10,5,21,1789,455]
d: [2,1791,2,25,9,6,21,1790,460]
d: [2,1792,2,23,8,7,21,1791,465]
d: [2,1793,2,21,7,8,21,1792,470]
d: [2,1794,2,19,6,9,21,1793,475]
d: [2,1795,2,17,5,10,21,1794,480]
d: [2,1796,2,15,4,11,21,1795,485]
d: [2,1797,2,13,3,12,21,1796,490]
s: 1797
d: [2,1819,3,0,0,15,52,440,435,425,1797]
e: 1819
d: [2,1820,3,8,2,13,40,1797,425]
d: [2,1822,3,4,1,14,21,1820,435]
d: [2,1823,3,0,0,15,21,1822,440]
e: 1823
r: 399
r: 408
r: 1797
r: 1786
r: 1775
r: 1260
a: [3,400,0,3,1,283]
s: 400
s: 407
a: [3,1259,1,4,1,1256]
s: 1259
d: [2,1246,1,9,3,1,40,308,440]
d: [2,1269,1,7,2,2,21,1246,707]
a: [3,1273,1,4,1,1269]
s: 1273
r: 1259
r: 1266
d: [2,1830,1,3,1,2,23,1259,1273]
a: [3,1841,1,3,1,1830]
s: 1841
d: [2,1831,1,3,1,2,23,1266,1273]
a: [3,1846,1,3,1,1831]
s: 1846
s: 1755
d: [2,1279,1,21,7,0,40,367,370]
d: [2,1280,1,13,4,0,18,1279]
s: 1280
d: [2,1282,1,21,7,0,40,368,370]
d: [2,1283,1,13,4,0,18,1282]
s: 1283
d: [2,1833,2,37,14,1,44,396,1273]
d: [2,1848,2,33,13,2,21,1833,440]
d: [2,1849,2,31,12,3,21,1848,445]
d: [2,1850,2,29,11,4,21,1849,450]
d: [2,1851,2,27,10,5,21,1850,455]
d: [2,1852,2,25,9,6,21,1851,460]
d: [2,1853,2,23,8,7,21,1852,465]
d: [2,1854,2,21,7,8,21,1853,470]
d: [2,1855,2,19,6,9,21,1854,475]
d: [2,1856,2,17,5,10,21,1855,480]
d: [2,1857,2,15,4,11,21,1856,485]
d: [2,1858,2,13,3,12,21,1857,490]
s: 1858
d: [2,1908,3,0,0,15,52,435,430,425,1858]
e: 1908
d: [2,1909,3,8,2,13,40,1858,425]
d: [2,1911,3,4,1,14,21,1909,430]
d: [2,1912,3,0,0,15,21,1911,435]
e: 1912
d: [2,1431,1,36,14,1,40,344,425]
d: [2,1432,1,32,13,2,21,1431,440]
d: [2,1433,1,28,12,3,21,1432,430]
d: [2,1434,1,24,11,4,21,1433,435]
d: [2,1435,1,22,10,5,21,1434,445]
d: [2,1436,1,20,9,6,21,1435,450]
d: [2,1437,1,18,8,7,21,1436,455]
d: [2,1438,1,16,7,8,21,1437,460]
d: [2,1439,1,14,6,9,21,1438,465]
d: [2,1440,1,12,5,10,21,1439,470]
d: [2,1441,1,10,4,11,21,1440,475]
d: [2,1442,1,8,3,12,21,1441,480]
d: [2,1443,1,6,2,13,21,1442,485]
d: [2,1444,1,4,1,14,21,1443,490]
d: [2,1446,1,36,14,1,40,345,425]
d: [2,1447,1,32,13,2,21,1446,440]
d: [2,1448,1,28,12,3,21,1447,430]
d: [2,1449,1,24,11,4,21,1448,435]
d: [2,1450,1,22,10,5,21,1449,445]
d: [2,1451,1,20,9,6,21,1450,450]
d: [2,1452,1,18,8,7,21,1451,455]
d: [2,1453,1,16,7,8,21,1452,460]
d: [2,1454,1,14,6,9,21,1453,465]
d: [2,1455,1,12,5,10,21,1454,470]
d: [2,1456,1,10,4,11,21,1455,475]
d: [2,1457,1,8,3,12,21,1456,480]
d: [2,1458,1,6,2,13,21,1457,485]
d: [2,1459,1,4,1,14,21,1458,490]
d: [2,1461,1,36,14,1,40,346,425]
d: [2,1462,1,32,13,2,21,1461,440]
d: [2,1463,1,28,12,3,21,1462,430]
d: [2,1464,1,24,11,4,21,1463,435]
d: [2,1465,1,22,10,5,21,1464,445]
d: [2,1466,1,20,9,6,21,1465,450]
d: [2,1467,1,18,8,7,21,1466,455]
d: [2,1468,1,16,7,8,21,1467,460]
d: [2,1469,1,14,6,9,21,1468,465]
d: [2,1470,1,12,5,10,21,1469,470]
d: [2,1471,1,10,4,11,21,1470,475]
d: [2,1472,1,8,3,12,21,1471,480]
d: [2,1473,1,6,2,13,21,1472,485]
d: [2,1474,1,4,1,14,21,1473,490]
d: [2,1750,1,7,2,2,21,1245,707]
f: 1912,1823,1750,1748,1474,1459,1444,1269,1256,698,661,269,270,271,272,273,274,275,276,277,278,279,280,281,282,283
% Refutation found. Thanks to Tanya!
% SZS status Theorem for anproj_1__t12_anproj_1
% SZS output start Proof for anproj_1__t12_anproj_1
1. ! [X0] : ((l1_rlvect_1(X0) & v8_rlvect_1(X0) & v7_rlvect_1(X0) & v6_rlvect_1(X0) & v5_rlvect_1(X0) & v4_rlvect_1(X0) & v3_rlvect_1(X0) & v2_rlvect_1(X0) & v13_algstr_0(X0) & ~v2_struct_0(X0)) => ! [X1] : (m1_subset_1(X1,u1_struct_0(X0)) => ! [X2] : (m1_subset_1(X2,u1_struct_0(X0)) => ! [X3] : (m1_subset_1(X3,u1_struct_0(X0)) => (~r2_anproj_1(X0,X1,X2,X3) => (~r1_anproj_1(X0,X3,X1) & ~r1_anproj_1(X0,X2,X3) & ~r1_anproj_1(X0,X1,X2) & ~v9_struct_0(X3,X0) & ~v9_struct_0(X2,X0) & ~v9_struct_0(X1,X0))))))) [input t12_anproj_1]
2. ~! [X0] : ((l1_rlvect_1(X0) & v8_rlvect_1(X0) & v7_rlvect_1(X0) & v6_rlvect_1(X0) & v5_rlvect_1(X0) & v4_rlvect_1(X0) & v3_rlvect_1(X0) & v2_rlvect_1(X0) & v13_algstr_0(X0) & ~v2_struct_0(X0)) => ! [X1] : (m1_subset_1(X1,u1_struct_0(X0)) => ! [X2] : (m1_subset_1(X2,u1_struct_0(X0)) => ! [X3] : (m1_subset_1(X3,u1_struct_0(X0)) => (~r2_anproj_1(X0,X1,X2,X3) => (~r1_anproj_1(X0,X3,X1) & ~r1_anproj_1(X0,X2,X3) & ~r1_anproj_1(X0,X1,X2) & ~v9_struct_0(X3,X0) & ~v9_struct_0(X2,X0) & ~v9_struct_0(X1,X0))))))) [negated conjecture 1]
33. ! [X0] : (l2_struct_0(X0) => ! [X1] : (m1_subset_1(X1,u1_struct_0(X0)) => (v9_struct_0(X1,X0) <=> k4_struct_0(X0) = X1))) [input d12_struct_0]
42. ! [X0] : (l1_rlvect_1(X0) => l2_algstr_0(X0)) [input dt_l1_rlvect_1]
44. ! [X0] : (l2_algstr_0(X0) => (l1_algstr_0(X0) & l2_struct_0(X0))) [input dt_l2_algstr_0]
87. ! [X0] : ((l1_rlvect_1(X0) & v8_rlvect_1(X0) & v7_rlvect_1(X0) & v6_rlvect_1(X0) & v5_rlvect_1(X0) & v4_rlvect_1(X0) & v3_rlvect_1(X0) & v2_rlvect_1(X0) & v13_algstr_0(X0) & ~v2_struct_0(X0)) => ! [X1] : (m1_subset_1(X1,u1_struct_0(X0)) => ! [X2] : (m1_subset_1(X2,u1_struct_0(X0)) => ! [X3] : (m1_subset_1(X3,u1_struct_0(X0)) => (~(k4_struct_0(X0) != X3 & k4_struct_0(X0) != X2 & k4_struct_0(X0) != X1) => r2_anproj_1(X0,X1,X2,X3)))))) [input t10_anproj_1]
88. ! [X0] : ((l1_rlvect_1(X0) & v8_rlvect_1(X0) & v7_rlvect_1(X0) & v6_rlvect_1(X0) & v5_rlvect_1(X0) & v4_rlvect_1(X0) & v3_rlvect_1(X0) & v2_rlvect_1(X0) & v13_algstr_0(X0) & ~v2_struct_0(X0)) => ! [X1] : (m1_subset_1(X1,u1_struct_0(X0)) => ! [X2] : (m1_subset_1(X2,u1_struct_0(X0)) => ! [X3] : (m1_subset_1(X3,u1_struct_0(X0)) => (~(~r1_anproj_1(X0,X2,X3) & ~r1_anproj_1(X0,X3,X1) & ~r1_anproj_1(X0,X1,X2)) => r2_anproj_1(X0,X3,X1,X2)))))) [input t11_anproj_1]
127. ? [X0] : (? [X1] : (? [X2] : (? [X3] : (((r1_anproj_1(X0,X3,X1) | r1_anproj_1(X0,X2,X3) | r1_anproj_1(X0,X1,X2) | v9_struct_0(X3,X0) | v9_struct_0(X2,X0) | v9_struct_0(X1,X0)) & ~r2_anproj_1(X0,X1,X2,X3)) & m1_subset_1(X3,u1_struct_0(X0))) & m1_subset_1(X2,u1_struct_0(X0))) & m1_subset_1(X1,u1_struct_0(X0))) & (l1_rlvect_1(X0) & v8_rlvect_1(X0) & v7_rlvect_1(X0) & v6_rlvect_1(X0) & v5_rlvect_1(X0) & v4_rlvect_1(X0) & v3_rlvect_1(X0) & v2_rlvect_1(X0) & v13_algstr_0(X0) & ~v2_struct_0(X0))) [ennf transformation 2]
128. ? [X0] : (? [X1] : (? [X2] : (? [X3] : ((r1_anproj_1(X0,X3,X1) | r1_anproj_1(X0,X2,X3) | r1_anproj_1(X0,X1,X2) | v9_struct_0(X3,X0) | v9_struct_0(X2,X0) | v9_struct_0(X1,X0)) & ~r2_anproj_1(X0,X1,X2,X3) & m1_subset_1(X3,u1_struct_0(X0))) & m1_subset_1(X2,u1_struct_0(X0))) & m1_subset_1(X1,u1_struct_0(X0))) & l1_rlvect_1(X0) & v8_rlvect_1(X0) & v7_rlvect_1(X0) & v6_rlvect_1(X0) & v5_rlvect_1(X0) & v4_rlvect_1(X0) & v3_rlvect_1(X0) & v2_rlvect_1(X0) & v13_algstr_0(X0) & ~v2_struct_0(X0)) [flattening 127]
131. ! [X0] : ((l1_algstr_0(X0) & l2_struct_0(X0)) | ~l2_algstr_0(X0)) [ennf transformation 44]
138. ! [X0] : (l2_algstr_0(X0) | ~l1_rlvect_1(X0)) [ennf transformation 42]
144. ! [X0] : (! [X1] : ((v9_struct_0(X1,X0) <=> k4_struct_0(X0) = X1) | ~m1_subset_1(X1,u1_struct_0(X0))) | ~l2_struct_0(X0)) [ennf transformation 33]
184. ! [X0] : (! [X1] : (! [X2] : (! [X3] : ((r2_anproj_1(X0,X1,X2,X3) | (k4_struct_0(X0) != X3 & k4_struct_0(X0) != X2 & k4_struct_0(X0) != X1)) | ~m1_subset_1(X3,u1_struct_0(X0))) | ~m1_subset_1(X2,u1_struct_0(X0))) | ~m1_subset_1(X1,u1_struct_0(X0))) | (~l1_rlvect_1(X0) | ~v8_rlvect_1(X0) | ~v7_rlvect_1(X0) | ~v6_rlvect_1(X0) | ~v5_rlvect_1(X0) | ~v4_rlvect_1(X0) | ~v3_rlvect_1(X0) | ~v2_rlvect_1(X0) | ~v13_algstr_0(X0) | v2_struct_0(X0))) [ennf transformation 87]
185. ! [X0] : (! [X1] : (! [X2] : (! [X3] : (r2_anproj_1(X0,X1,X2,X3) | (k4_struct_0(X0) != X3 & k4_struct_0(X0) != X2 & k4_struct_0(X0) != X1) | ~m1_subset_1(X3,u1_struct_0(X0))) | ~m1_subset_1(X2,u1_struct_0(X0))) | ~m1_subset_1(X1,u1_struct_0(X0))) | ~l1_rlvect_1(X0) | ~v8_rlvect_1(X0) | ~v7_rlvect_1(X0) | ~v6_rlvect_1(X0) | ~v5_rlvect_1(X0) | ~v4_rlvect_1(X0) | ~v3_rlvect_1(X0) | ~v2_rlvect_1(X0) | ~v13_algstr_0(X0) | v2_struct_0(X0)) [flattening 184]
186. ! [X0] : (! [X1] : (! [X2] : (! [X3] : ((r2_anproj_1(X0,X3,X1,X2) | (~r1_anproj_1(X0,X2,X3) & ~r1_anproj_1(X0,X3,X1) & ~r1_anproj_1(X0,X1,X2))) | ~m1_subset_1(X3,u1_struct_0(X0))) | ~m1_subset_1(X2,u1_struct_0(X0))) | ~m1_subset_1(X1,u1_struct_0(X0))) | (~l1_rlvect_1(X0) | ~v8_rlvect_1(X0) | ~v7_rlvect_1(X0) | ~v6_rlvect_1(X0) | ~v5_rlvect_1(X0) | ~v4_rlvect_1(X0) | ~v3_rlvect_1(X0) | ~v2_rlvect_1(X0) | ~v13_algstr_0(X0) | v2_struct_0(X0))) [ennf transformation 88]
187. ! [X0] : (! [X1] : (! [X2] : (! [X3] : (r2_anproj_1(X0,X3,X1,X2) | (~r1_anproj_1(X0,X2,X3) & ~r1_anproj_1(X0,X3,X1) & ~r1_anproj_1(X0,X1,X2)) | ~m1_subset_1(X3,u1_struct_0(X0))) | ~m1_subset_1(X2,u1_struct_0(X0))) | ~m1_subset_1(X1,u1_struct_0(X0))) | ~l1_rlvect_1(X0) | ~v8_rlvect_1(X0) | ~v7_rlvect_1(X0) | ~v6_rlvect_1(X0) | ~v5_rlvect_1(X0) | ~v4_rlvect_1(X0) | ~v3_rlvect_1(X0) | ~v2_rlvect_1(X0) | ~v13_algstr_0(X0) | v2_struct_0(X0)) [flattening 186]
222. ? [X0] : (? [X1] : (? [X2] : (? [X3] : ((r1_anproj_1(X0,X3,X1) | r1_anproj_1(X0,X2,X3) | r1_anproj_1(X0,X1,X2) | v9_struct_0(X3,X0) | v9_struct_0(X2,X0) | v9_struct_0(X1,X0)) & ~r2_anproj_1(X0,X1,X2,X3) & m1_subset_1(X3,u1_struct_0(X0))) & m1_subset_1(X2,u1_struct_0(X0))) & m1_subset_1(X1,u1_struct_0(X0))) & l1_rlvect_1(X0) & v8_rlvect_1(X0) & v7_rlvect_1(X0) & v6_rlvect_1(X0) & v5_rlvect_1(X0) & v4_rlvect_1(X0) & v3_rlvect_1(X0) & v2_rlvect_1(X0) & v13_algstr_0(X0) & ~v2_struct_0(X0)) => (? [X1] : (? [X2] : (? [X3] : ((r1_anproj_1(sK0,X3,X1) | r1_anproj_1(sK0,X2,X3) | r1_anproj_1(sK0,X1,X2) | v9_struct_0(X3,sK0) | v9_struct_0(X2,sK0) | v9_struct_0(X1,sK0)) & ~r2_anproj_1(sK0,X1,X2,X3) & m1_subset_1(X3,u1_struct_0(sK0))) & m1_subset_1(X2,u1_struct_0(sK0))) & m1_subset_1(X1,u1_struct_0(sK0))) & l1_rlvect_1(sK0) & v8_rlvect_1(sK0) & v7_rlvect_1(sK0) & v6_rlvect_1(sK0) & v5_rlvect_1(sK0) & v4_rlvect_1(sK0) & v3_rlvect_1(sK0) & v2_rlvect_1(sK0) & v13_algstr_0(sK0) & ~v2_struct_0(sK0)) [choice axiom]
223. ? [X1] : (? [X2] : (? [X3] : ((r1_anproj_1(sK0,X3,X1) | r1_anproj_1(sK0,X2,X3) | r1_anproj_1(sK0,X1,X2) | v9_struct_0(X3,sK0) | v9_struct_0(X2,sK0) | v9_struct_0(X1,sK0)) & ~r2_anproj_1(sK0,X1,X2,X3) & m1_subset_1(X3,u1_struct_0(sK0))) & m1_subset_1(X2,u1_struct_0(sK0))) & m1_subset_1(X1,u1_struct_0(sK0))) => (? [X2] : (? [X3] : ((r1_anproj_1(sK0,X3,sK1) | r1_anproj_1(sK0,X2,X3) | r1_anproj_1(sK0,sK1,X2) | v9_struct_0(X3,sK0) | v9_struct_0(X2,sK0) | v9_struct_0(sK1,sK0)) & ~r2_anproj_1(sK0,sK1,X2,X3) & m1_subset_1(X3,u1_struct_0(sK0))) & m1_subset_1(X2,u1_struct_0(sK0))) & m1_subset_1(sK1,u1_struct_0(sK0))) [choice axiom]
224. ? [X2] : (? [X3] : ((r1_anproj_1(sK0,X3,sK1) | r1_anproj_1(sK0,X2,X3) | r1_anproj_1(sK0,sK1,X2) | v9_struct_0(X3,sK0) | v9_struct_0(X2,sK0) | v9_struct_0(sK1,sK0)) & ~r2_anproj_1(sK0,sK1,X2,X3) & m1_subset_1(X3,u1_struct_0(sK0))) & m1_subset_1(X2,u1_struct_0(sK0))) => (? [X3] : ((r1_anproj_1(sK0,X3,sK1) | r1_anproj_1(sK0,sK2,X3) | r1_anproj_1(sK0,sK1,sK2) | v9_struct_0(X3,sK0) | v9_struct_0(sK2,sK0) | v9_struct_0(sK1,sK0)) & ~r2_anproj_1(sK0,sK1,sK2,X3) & m1_subset_1(X3,u1_struct_0(sK0))) & m1_subset_1(sK2,u1_struct_0(sK0))) [choice axiom]
225. ? [X3] : ((r1_anproj_1(sK0,X3,sK1) | r1_anproj_1(sK0,sK2,X3) | r1_anproj_1(sK0,sK1,sK2) | v9_struct_0(X3,sK0) | v9_struct_0(sK2,sK0) | v9_struct_0(sK1,sK0)) & ~r2_anproj_1(sK0,sK1,sK2,X3) & m1_subset_1(X3,u1_struct_0(sK0))) => ((r1_anproj_1(sK0,sK3,sK1) | r1_anproj_1(sK0,sK2,sK3) | r1_anproj_1(sK0,sK1,sK2) | v9_struct_0(sK3,sK0) | v9_struct_0(sK2,sK0) | v9_struct_0(sK1,sK0)) & ~r2_anproj_1(sK0,sK1,sK2,sK3) & m1_subset_1(sK3,u1_struct_0(sK0))) [choice axiom]
226. ((((r1_anproj_1(sK0,sK3,sK1) | r1_anproj_1(sK0,sK2,sK3) | r1_anproj_1(sK0,sK1,sK2) | v9_struct_0(sK3,sK0) | v9_struct_0(sK2,sK0) | v9_struct_0(sK1,sK0)) & ~r2_anproj_1(sK0,sK1,sK2,sK3) & m1_subset_1(sK3,u1_struct_0(sK0))) & m1_subset_1(sK2,u1_struct_0(sK0))) & m1_subset_1(sK1,u1_struct_0(sK0))) & l1_rlvect_1(sK0) & v8_rlvect_1(sK0) & v7_rlvect_1(sK0) & v6_rlvect_1(sK0) & v5_rlvect_1(sK0) & v4_rlvect_1(sK0) & v3_rlvect_1(sK0) & v2_rlvect_1(sK0) & v13_algstr_0(sK0) & ~v2_struct_0(sK0) [skolemisation 128,225,224,223,222]
227. ! [X0] : (! [X1] : (((v9_struct_0(X1,X0) | k4_struct_0(X0) != X1) & (k4_struct_0(X0) = X1 | ~v9_struct_0(X1,X0))) | ~m1_subset_1(X1,u1_struct_0(X0))) | ~l2_struct_0(X0)) [nnf transformation 144]
269. ~v2_struct_0(sK0) [cnf transformation 226] {a:0,w:2,wCS:200,goal:1,sine:0,thAx:0,allAx:5,thDist:-5}
270. v13_algstr_0(sK0) [cnf transformation 226] {a:0,w:2,wCS:200,goal:1,sine:0,thAx:0,allAx:5,thDist:-5}
271. v2_rlvect_1(sK0) [cnf transformation 226] {a:0,w:2,wCS:200,goal:1,sine:0,thAx:0,allAx:5,thDist:-5}
272. v3_rlvect_1(sK0) [cnf transformation 226] {a:0,w:2,wCS:200,goal:1,sine:0,thAx:0,allAx:5,thDist:-5}
273. v4_rlvect_1(sK0) [cnf transformation 226] {a:0,w:2,wCS:200,goal:1,sine:0,thAx:0,allAx:5,thDist:-5}
274. v5_rlvect_1(sK0) [cnf transformation 226] {a:0,w:2,wCS:200,goal:1,sine:0,thAx:0,allAx:5,thDist:-5}
275. v6_rlvect_1(sK0) [cnf transformation 226] {a:0,w:2,wCS:200,goal:1,sine:0,thAx:0,allAx:5,thDist:-5}
276. v7_rlvect_1(sK0) [cnf transformation 226] {a:0,w:2,wCS:200,goal:1,sine:0,thAx:0,allAx:5,thDist:-5}
277. v8_rlvect_1(sK0) [cnf transformation 226] {a:0,w:2,wCS:200,goal:1,sine:0,thAx:0,allAx:5,thDist:-5}
278. l1_rlvect_1(sK0) [cnf transformation 226] {a:0,w:2,wCS:200,goal:1,sine:0,thAx:0,allAx:5,thDist:-5}
279. m1_subset_1(sK1,u1_struct_0(sK0)) [cnf transformation 226] {a:0,w:4,wCS:400,goal:1,sine:0,thAx:0,allAx:5,thDist:-5}
280. m1_subset_1(sK2,u1_struct_0(sK0)) [cnf transformation 226] {a:0,w:4,wCS:400,goal:1,sine:0,thAx:0,allAx:5,thDist:-5}
281. m1_subset_1(sK3,u1_struct_0(sK0)) [cnf transformation 226] {a:0,w:4,wCS:400,goal:1,sine:0,thAx:0,allAx:5,thDist:-5}
282. ~r2_anproj_1(sK0,sK1,sK2,sK3) [cnf transformation 226] {a:0,w:5,wCS:500,goal:1,sine:0,thAx:0,allAx:5,thDist:-5}
283. r1_anproj_1(sK0,sK3,sK1) | r1_anproj_1(sK0,sK2,sK3) | r1_anproj_1(sK0,sK1,sK2) | v9_struct_0(sK3,sK0) | v9_struct_0(sK2,sK0) | v9_struct_0(sK1,sK0) [cnf transformation 226] {a:0,w:21,wCS:2100,goal:1,sine:0,thAx:0,allAx:5,thDist:-5}
295. ~l2_algstr_0(X0) | l2_struct_0(X0) [cnf transformation 131] {a:0,w:4,wCS:1600,nSel:1,sine:255,thAx:0,allAx:1,thDist:-1}
302. ~l1_rlvect_1(X0) | l2_algstr_0(X0) [cnf transformation 138] {a:0,w:4,wCS:1600,nSel:1,sine:255,thAx:0,allAx:1,thDist:-1}
308. ~m1_subset_1(X1,u1_struct_0(X0)) | ~v9_struct_0(X1,X0) | k4_struct_0(X0) = X1 | ~l2_struct_0(X0) [cnf transformation 227] {a:0,w:13,wCS:5200,nSel:1,sine:1,thAx:0,allAx:1,thDist:-1}
341. r2_anproj_1(X0,X1,X2,X3) | k4_struct_0(X0) != X1 | ~m1_subset_1(X3,u1_struct_0(X0)) | ~m1_subset_1(X2,u1_struct_0(X0)) | ~m1_subset_1(X1,u1_struct_0(X0)) | ~l1_rlvect_1(X0) | ~v8_rlvect_1(X0) | ~v7_rlvect_1(X0) | ~v6_rlvect_1(X0) | ~v5_rlvect_1(X0) | ~v4_rlvect_1(X0) | ~v3_rlvect_1(X0) | ~v2_rlvect_1(X0) | ~v13_algstr_0(X0) | v2_struct_0(X0) [cnf transformation 185] {a:0,w:41,wCS:16400,sine:1,thAx:0,allAx:1,thDist:-1}
342. r2_anproj_1(X0,X1,X2,X3) | k4_struct_0(X0) != X2 | ~m1_subset_1(X3,u1_struct_0(X0)) | ~m1_subset_1(X2,u1_struct_0(X0)) | ~m1_subset_1(X1,u1_struct_0(X0)) | ~l1_rlvect_1(X0) | ~v8_rlvect_1(X0) | ~v7_rlvect_1(X0) | ~v6_rlvect_1(X0) | ~v5_rlvect_1(X0) | ~v4_rlvect_1(X0) | ~v3_rlvect_1(X0) | ~v2_rlvect_1(X0) | ~v13_algstr_0(X0) | v2_struct_0(X0) [cnf transformation 185] {a:0,w:41,wCS:16400,sine:1,thAx:0,allAx:1,thDist:-1}
343. r2_anproj_1(X0,X1,X2,X3) | k4_struct_0(X0) != X3 | ~m1_subset_1(X3,u1_struct_0(X0)) | ~m1_subset_1(X2,u1_struct_0(X0)) | ~m1_subset_1(X1,u1_struct_0(X0)) | ~l1_rlvect_1(X0) | ~v8_rlvect_1(X0) | ~v7_rlvect_1(X0) | ~v6_rlvect_1(X0) | ~v5_rlvect_1(X0) | ~v4_rlvect_1(X0) | ~v3_rlvect_1(X0) | ~v2_rlvect_1(X0) | ~v13_algstr_0(X0) | v2_struct_0(X0) [cnf transformation 185] {a:0,w:41,wCS:16400,sine:1,thAx:0,allAx:1,thDist:-1}
344. r2_anproj_1(X0,X3,X1,X2) | ~r1_anproj_1(X0,X1,X2) | ~m1_subset_1(X3,u1_struct_0(X0)) | ~m1_subset_1(X2,u1_struct_0(X0)) | ~m1_subset_1(X1,u1_struct_0(X0)) | ~l1_rlvect_1(X0) | ~v8_rlvect_1(X0) | ~v7_rlvect_1(X0) | ~v6_rlvect_1(X0) | ~v5_rlvect_1(X0) | ~v4_rlvect_1(X0) | ~v3_rlvect_1(X0) | ~v2_rlvect_1(X0) | ~v13_algstr_0(X0) | v2_struct_0(X0) [cnf transformation 187] {a:0,w:41,wCS:16400,nSel:1,sine:1,thAx:0,allAx:1,thDist:-1}
345. r2_anproj_1(X0,X3,X1,X2) | ~r1_anproj_1(X0,X3,X1) | ~m1_subset_1(X3,u1_struct_0(X0)) | ~m1_subset_1(X2,u1_struct_0(X0)) | ~m1_subset_1(X1,u1_struct_0(X0)) | ~l1_rlvect_1(X0) | ~v8_rlvect_1(X0) | ~v7_rlvect_1(X0) | ~v6_rlvect_1(X0) | ~v5_rlvect_1(X0) | ~v4_rlvect_1(X0) | ~v3_rlvect_1(X0) | ~v2_rlvect_1(X0) | ~v13_algstr_0(X0) | v2_struct_0(X0) [cnf transformation 187] {a:0,w:41,wCS:16400,nSel:1,sine:1,thAx:0,allAx:1,thDist:-1}
346. r2_anproj_1(X0,X3,X1,X2) | ~r1_anproj_1(X0,X2,X3) | ~m1_subset_1(X3,u1_struct_0(X0)) | ~m1_subset_1(X2,u1_struct_0(X0)) | ~m1_subset_1(X1,u1_struct_0(X0)) | ~l1_rlvect_1(X0) | ~v8_rlvect_1(X0) | ~v7_rlvect_1(X0) | ~v6_rlvect_1(X0) | ~v5_rlvect_1(X0) | ~v4_rlvect_1(X0) | ~v3_rlvect_1(X0) | ~v2_rlvect_1(X0) | ~v13_algstr_0(X0) | v2_struct_0(X0) [cnf transformation 187] {a:0,w:41,wCS:16400,nSel:1,sine:1,thAx:0,allAx:1,thDist:-1}
394. r2_anproj_1(X0,X1,X2,k4_struct_0(X0)) | ~m1_subset_1(k4_struct_0(X0),u1_struct_0(X0)) | ~m1_subset_1(X2,u1_struct_0(X0)) | ~m1_subset_1(X1,u1_struct_0(X0)) | ~l1_rlvect_1(X0) | ~v8_rlvect_1(X0) | ~v7_rlvect_1(X0) | ~v6_rlvect_1(X0) | ~v5_rlvect_1(X0) | ~v4_rlvect_1(X0) | ~v3_rlvect_1(X0) | ~v2_rlvect_1(X0) | ~v13_algstr_0(X0) | v2_struct_0(X0) [equality resolution 343] {a:0,w:39,wCS:15600,nSel:1,sine:1,thAx:0,allAx:1,thDist:-1}
395. r2_anproj_1(X0,X1,k4_struct_0(X0),X3) | ~m1_subset_1(X3,u1_struct_0(X0)) | ~m1_subset_1(k4_struct_0(X0),u1_struct_0(X0)) | ~m1_subset_1(X1,u1_struct_0(X0)) | ~l1_rlvect_1(X0) | ~v8_rlvect_1(X0) | ~v7_rlvect_1(X0) | ~v6_rlvect_1(X0) | ~v5_rlvect_1(X0) | ~v4_rlvect_1(X0) | ~v3_rlvect_1(X0) | ~v2_rlvect_1(X0) | ~v13_algstr_0(X0) | v2_struct_0(X0) [equality resolution 342] {a:0,w:39,wCS:15600,nSel:1,sine:1,thAx:0,allAx:1,thDist:-1}
396. r2_anproj_1(X0,k4_struct_0(X0),X2,X3) | ~m1_subset_1(X3,u1_struct_0(X0)) | ~m1_subset_1(X2,u1_struct_0(X0)) | ~m1_subset_1(k4_struct_0(X0),u1_struct_0(X0)) | ~l1_rlvect_1(X0) | ~v8_rlvect_1(X0) | ~v7_rlvect_1(X0) | ~v6_rlvect_1(X0) | ~v5_rlvect_1(X0) | ~v4_rlvect_1(X0) | ~v3_rlvect_1(X0) | ~v2_rlvect_1(X0) | ~v13_algstr_0(X0) | v2_struct_0(X0) [equality resolution 341] {a:0,w:39,wCS:15600,nSel:1,sine:1,thAx:0,allAx:1,thDist:-1}
398. 1 <=> v9_struct_0(sK1,sK0) [avatar definition]
402. 2 <=> v9_struct_0(sK2,sK0) [avatar definition]
406. 3 <=> v9_struct_0(sK3,sK0) [avatar definition]
410. 4 <=> r1_anproj_1(sK0,sK1,sK2) [avatar definition]
414. 5 <=> r1_anproj_1(sK0,sK2,sK3) [avatar definition]
418. 6 <=> r1_anproj_1(sK0,sK3,sK1) [avatar definition]
421. 1 | 2 | 3 | 4 | 5 | 6 [avatar split clause 283,418,414,410,406,402,398]
423. 7 <=> r2_anproj_1(sK0,sK1,sK2,sK3) [avatar definition]
425. ~r2_anproj_1(sK0,sK1,sK2,sK3) <- (~7) [avatar component clause 423] {a:0,w:5,wCS:500,nSel:1,goal:1,sine:255,thAx:0,allAx:5,thDist:-5}
426. ~7 [avatar split clause 282,423]
428. 8 <=> m1_subset_1(sK3,u1_struct_0(sK0)) [avatar definition]
430. m1_subset_1(sK3,u1_struct_0(sK0)) <- (8) [avatar component clause 428] {a:0,w:4,wCS:400,nSel:1,goal:1,sine:255,thAx:0,allAx:5,thDist:-5}
431. 8 [avatar split clause 281,428]
433. 9 <=> m1_subset_1(sK2,u1_struct_0(sK0)) [avatar definition]
435. m1_subset_1(sK2,u1_struct_0(sK0)) <- (9) [avatar component clause 433] {a:0,w:4,wCS:400,nSel:1,goal:1,sine:255,thAx:0,allAx:5,thDist:-5}
436. 9 [avatar split clause 280,433]
438. 10 <=> m1_subset_1(sK1,u1_struct_0(sK0)) [avatar definition]
440. m1_subset_1(sK1,u1_struct_0(sK0)) <- (10) [avatar component clause 438] {a:0,w:4,wCS:400,nSel:1,goal:1,sine:255,thAx:0,allAx:5,thDist:-5}
441. 10 [avatar split clause 279,438]
443. 11 <=> l1_rlvect_1(sK0) [avatar definition]
445. l1_rlvect_1(sK0) <- (11) [avatar component clause 443] {a:0,w:2,wCS:200,nSel:1,goal:1,sine:255,thAx:0,allAx:5,thDist:-5}
446. 11 [avatar split clause 278,443]
448. 12 <=> v8_rlvect_1(sK0) [avatar definition]
450. v8_rlvect_1(sK0) <- (12) [avatar component clause 448] {a:0,w:2,wCS:200,nSel:1,goal:1,sine:255,thAx:0,allAx:5,thDist:-5}
451. 12 [avatar split clause 277,448]
453. 13 <=> v7_rlvect_1(sK0) [avatar definition]
455. v7_rlvect_1(sK0) <- (13) [avatar component clause 453] {a:0,w:2,wCS:200,nSel:1,goal:1,sine:255,thAx:0,allAx:5,thDist:-5}
456. 13 [avatar split clause 276,453]
458. 14 <=> v6_rlvect_1(sK0) [avatar definition]
460. v6_rlvect_1(sK0) <- (14) [avatar component clause 458] {a:0,w:2,wCS:200,nSel:1,goal:1,sine:255,thAx:0,allAx:5,thDist:-5}
461. 14 [avatar split clause 275,458]
463. 15 <=> v5_rlvect_1(sK0) [avatar definition]
465. v5_rlvect_1(sK0) <- (15) [avatar component clause 463] {a:0,w:2,wCS:200,nSel:1,goal:1,sine:255,thAx:0,allAx:5,thDist:-5}
466. 15 [avatar split clause 274,463]
468. 16 <=> v4_rlvect_1(sK0) [avatar definition]
470. v4_rlvect_1(sK0) <- (16) [avatar component clause 468] {a:0,w:2,wCS:200,nSel:1,goal:1,sine:255,thAx:0,allAx:5,thDist:-5}
471. 16 [avatar split clause 273,468]
473. 17 <=> v3_rlvect_1(sK0) [avatar definition]
475. v3_rlvect_1(sK0) <- (17) [avatar component clause 473] {a:0,w:2,wCS:200,nSel:1,goal:1,sine:255,thAx:0,allAx:5,thDist:-5}
476. 17 [avatar split clause 272,473]
478. 18 <=> v2_rlvect_1(sK0) [avatar definition]
480. v2_rlvect_1(sK0) <- (18) [avatar component clause 478] {a:0,w:2,wCS:200,nSel:1,goal:1,sine:255,thAx:0,allAx:5,thDist:-5}
481. 18 [avatar split clause 271,478]
483. 19 <=> v13_algstr_0(sK0) [avatar definition]
485. v13_algstr_0(sK0) <- (19) [avatar component clause 483] {a:0,w:2,wCS:200,nSel:1,goal:1,sine:255,thAx:0,allAx:5,thDist:-5}
486. 19 [avatar split clause 270,483]
488. 20 <=> v2_struct_0(sK0) [avatar definition]
490. ~v2_struct_0(sK0) <- (~20) [avatar component clause 488] {a:0,w:2,wCS:200,nSel:1,goal:1,sine:255,thAx:0,allAx:5,thDist:-5}
491. ~20 [avatar split clause 269,488]
661. l2_algstr_0(sK0) <- (11) [resolution 302,445] {a:1,w:2,wCS:200,goal:1,sine:255,thAx:0,allAx:6,thDist:-6}
665. 54 <=> l2_algstr_0(sK0) [avatar definition]
667. l2_algstr_0(sK0) <- (54) [avatar component clause 665] {a:1,w:2,wCS:200,nSel:1,goal:1,sine:255,thAx:0,allAx:6,thDist:-6}
668. 54 | ~11 [avatar split clause 661,443,665]
698. l2_struct_0(sK0) <- (54) [resolution 667,295] {a:2,w:2,wCS:200,goal:1,sine:255,thAx:0,allAx:7,thDist:-7}
705. 61 <=> l2_struct_0(sK0) [avatar definition]
707. l2_struct_0(sK0) <- (61) [avatar component clause 705] {a:2,w:2,wCS:200,nSel:1,goal:1,sine:255,thAx:0,allAx:7,thDist:-7}
708. 61 | ~54 [avatar split clause 698,665,705]
1244. ~v9_struct_0(sK3,sK0) | sK3 = k4_struct_0(sK0) | ~l2_struct_0(sK0) <- (8) [resolution 308,430] {a:1,w:9,wCS:900,goal:1,sine:1,thAx:0,allAx:6,thDist:-6}
1245. ~v9_struct_0(sK2,sK0) | sK2 = k4_struct_0(sK0) | ~l2_struct_0(sK0) <- (9) [resolution 308,435] {a:1,w:9,wCS:900,goal:1,sine:1,thAx:0,allAx:6,thDist:-6}
1246. ~v9_struct_0(sK1,sK0) | sK1 = k4_struct_0(sK0) | ~l2_struct_0(sK0) <- (10) [resolution 308,440] {a:1,w:9,wCS:900,goal:1,sine:1,thAx:0,allAx:6,thDist:-6}
1256. ~v9_struct_0(sK3,sK0) | sK3 = k4_struct_0(sK0) <- (8, 61) [subsumption resolution 1244,707] {a:1,w:7,wCS:700,goal:1,sine:1,thAx:0,allAx:6,thDist:-6}
1258. 138 <=> sK3 = k4_struct_0(sK0) [avatar definition]
1260. sK3 = k4_struct_0(sK0) <- (138) [avatar component clause 1258] {a:1,w:4,wCS:400,nSel:1,goal:1,sine:255,thAx:0,allAx:6,thDist:-6}
1261. 138 | ~3 | ~8 | ~61 [avatar split clause 1256,705,428,406,1258]
1265. 139 <=> sK2 = k4_struct_0(sK0) [avatar definition]
1267. sK2 = k4_struct_0(sK0) <- (139) [avatar component clause 1265] {a:1,w:4,wCS:400,nSel:1,goal:1,sine:255,thAx:0,allAx:6,thDist:-6}
1269. ~v9_struct_0(sK1,sK0) | sK1 = k4_struct_0(sK0) <- (10, 61) [subsumption resolution 1246,707] {a:1,w:7,wCS:700,goal:1,sine:1,thAx:0,allAx:6,thDist:-6}
1271. 140 <=> sK1 = k4_struct_0(sK0) [avatar definition]
1273. sK1 = k4_struct_0(sK0) <- (140) [avatar component clause 1271] {a:1,w:4,wCS:400,nSel:1,goal:1,sine:255,thAx:0,allAx:6,thDist:-6}
1274. 140 | ~1 | ~10 | ~61 [avatar split clause 1269,705,438,398,1271]
1407. r2_anproj_1(sK0,X0,sK2,X1) | ~m1_subset_1(X1,u1_struct_0(sK0)) | ~m1_subset_1(sK2,u1_struct_0(sK0)) | ~m1_subset_1(X0,u1_struct_0(sK0)) | ~l1_rlvect_1(sK0) | ~v8_rlvect_1(sK0) | ~v7_rlvect_1(sK0) | ~v6_rlvect_1(sK0) | ~v5_rlvect_1(sK0) | ~v4_rlvect_1(sK0) | ~v3_rlvect_1(sK0) | ~v2_rlvect_1(sK0) | ~v13_algstr_0(sK0) | v2_struct_0(sK0) <- (139) [superposition 395,1267] {a:2,w:37,wCS:3700,goal:1,sine:1,thAx:0,allAx:7,thDist:-7}
1408. r2_anproj_1(sK0,X0,sK2,X1) | ~m1_subset_1(X1,u1_struct_0(sK0)) | ~m1_subset_1(X0,u1_struct_0(sK0)) | ~l1_rlvect_1(sK0) | ~v8_rlvect_1(sK0) | ~v7_rlvect_1(sK0) | ~v6_rlvect_1(sK0) | ~v5_rlvect_1(sK0) | ~v4_rlvect_1(sK0) | ~v3_rlvect_1(sK0) | ~v2_rlvect_1(sK0) | ~v13_algstr_0(sK0) | v2_struct_0(sK0) <- (9, 139) [subsumption resolution 1407,435] {a:2,w:33,wCS:3300,goal:1,sine:1,thAx:0,allAx:7,thDist:-7}
1409. r2_anproj_1(sK0,X0,sK2,X1) | ~m1_subset_1(X1,u1_struct_0(sK0)) | ~m1_subset_1(X0,u1_struct_0(sK0)) | ~v8_rlvect_1(sK0) | ~v7_rlvect_1(sK0) | ~v6_rlvect_1(sK0) | ~v5_rlvect_1(sK0) | ~v4_rlvect_1(sK0) | ~v3_rlvect_1(sK0) | ~v2_rlvect_1(sK0) | ~v13_algstr_0(sK0) | v2_struct_0(sK0) <- (9, 11, 139) [subsumption resolution 1408,445] {a:2,w:31,wCS:3100,goal:1,sine:1,thAx:0,allAx:7,thDist:-7}
1410. r2_anproj_1(sK0,X0,sK2,X1) | ~m1_subset_1(X1,u1_struct_0(sK0)) | ~m1_subset_1(X0,u1_struct_0(sK0)) | ~v7_rlvect_1(sK0) | ~v6_rlvect_1(sK0) | ~v5_rlvect_1(sK0) | ~v4_rlvect_1(sK0) | ~v3_rlvect_1(sK0) | ~v2_rlvect_1(sK0) | ~v13_algstr_0(sK0) | v2_struct_0(sK0) <- (9, 11, 12, 139) [subsumption resolution 1409,450] {a:2,w:29,wCS:2900,goal:1,sine:1,thAx:0,allAx:7,thDist:-7}
1411. r2_anproj_1(sK0,X0,sK2,X1) | ~m1_subset_1(X1,u1_struct_0(sK0)) | ~m1_subset_1(X0,u1_struct_0(sK0)) | ~v6_rlvect_1(sK0) | ~v5_rlvect_1(sK0) | ~v4_rlvect_1(sK0) | ~v3_rlvect_1(sK0) | ~v2_rlvect_1(sK0) | ~v13_algstr_0(sK0) | v2_struct_0(sK0) <- (9, 11, 12, 13, 139) [subsumption resolution 1410,455] {a:2,w:27,wCS:2700,goal:1,sine:1,thAx:0,allAx:7,thDist:-7}
1412. r2_anproj_1(sK0,X0,sK2,X1) | ~m1_subset_1(X1,u1_struct_0(sK0)) | ~m1_subset_1(X0,u1_struct_0(sK0)) | ~v5_rlvect_1(sK0) | ~v4_rlvect_1(sK0) | ~v3_rlvect_1(sK0) | ~v2_rlvect_1(sK0) | ~v13_algstr_0(sK0) | v2_struct_0(sK0) <- (9, 11, 12, 13, 14, 139) [subsumption resolution 1411,460] {a:2,w:25,wCS:2500,goal:1,sine:1,thAx:0,allAx:7,thDist:-7}
1413. r2_anproj_1(sK0,X0,sK2,X1) | ~m1_subset_1(X1,u1_struct_0(sK0)) | ~m1_subset_1(X0,u1_struct_0(sK0)) | ~v4_rlvect_1(sK0) | ~v3_rlvect_1(sK0) | ~v2_rlvect_1(sK0) | ~v13_algstr_0(sK0) | v2_struct_0(sK0) <- (9, 11, 12, 13, 14, 15, 139) [subsumption resolution 1412,465] {a:2,w:23,wCS:2300,goal:1,sine:1,thAx:0,allAx:7,thDist:-7}
1414. r2_anproj_1(sK0,X0,sK2,X1) | ~m1_subset_1(X1,u1_struct_0(sK0)) | ~m1_subset_1(X0,u1_struct_0(sK0)) | ~v3_rlvect_1(sK0) | ~v2_rlvect_1(sK0) | ~v13_algstr_0(sK0) | v2_struct_0(sK0) <- (9, 11, 12, 13, 14, 15, 16, 139) [subsumption resolution 1413,470] {a:2,w:21,wCS:2100,goal:1,sine:1,thAx:0,allAx:7,thDist:-7}
1415. r2_anproj_1(sK0,X0,sK2,X1) | ~m1_subset_1(X1,u1_struct_0(sK0)) | ~m1_subset_1(X0,u1_struct_0(sK0)) | ~v2_rlvect_1(sK0) | ~v13_algstr_0(sK0) | v2_struct_0(sK0) <- (9, 11, 12, 13, 14, 15, 16, 17, 139) [subsumption resolution 1414,475] {a:2,w:19,wCS:1900,goal:1,sine:1,thAx:0,allAx:7,thDist:-7}
1416. r2_anproj_1(sK0,X0,sK2,X1) | ~m1_subset_1(X1,u1_struct_0(sK0)) | ~m1_subset_1(X0,u1_struct_0(sK0)) | ~v13_algstr_0(sK0) | v2_struct_0(sK0) <- (9, 11, 12, 13, 14, 15, 16, 17, 18, 139) [subsumption resolution 1415,480] {a:2,w:17,wCS:1700,goal:1,sine:1,thAx:0,allAx:7,thDist:-7}
1417. r2_anproj_1(sK0,X0,sK2,X1) | ~m1_subset_1(X1,u1_struct_0(sK0)) | ~m1_subset_1(X0,u1_struct_0(sK0)) | v2_struct_0(sK0) <- (9, 11, 12, 13, 14, 15, 16, 17, 18, 19, 139) [subsumption resolution 1416,485] {a:2,w:15,wCS:1500,goal:1,sine:1,thAx:0,allAx:7,thDist:-7}
1418. r2_anproj_1(sK0,X0,sK2,X1) | ~m1_subset_1(X1,u1_struct_0(sK0)) | ~m1_subset_1(X0,u1_struct_0(sK0)) <- (9, 11, 12, 13, 14, 15, 16, 17, 18, 19, ~20, 139) [subsumption resolution 1417,490] {a:2,w:13,wCS:1300,nSel:1,goal:1,sine:1,thAx:0,allAx:7,thDist:-7}
1431. ~r1_anproj_1(sK0,sK2,sK3) | ~m1_subset_1(sK1,u1_struct_0(sK0)) | ~m1_subset_1(sK3,u1_struct_0(sK0)) | ~m1_subset_1(sK2,u1_struct_0(sK0)) | ~l1_rlvect_1(sK0) | ~v8_rlvect_1(sK0) | ~v7_rlvect_1(sK0) | ~v6_rlvect_1(sK0) | ~v5_rlvect_1(sK0) | ~v4_rlvect_1(sK0) | ~v3_rlvect_1(sK0) | ~v2_rlvect_1(sK0) | ~v13_algstr_0(sK0) | v2_struct_0(sK0) <- (~7) [resolution 344,425] {a:1,w:36,wCS:3600,goal:1,sine:1,thAx:0,allAx:6,thDist:-6}
1432. ~r1_anproj_1(sK0,sK2,sK3) | ~m1_subset_1(sK3,u1_struct_0(sK0)) | ~m1_subset_1(sK2,u1_struct_0(sK0)) | ~l1_rlvect_1(sK0) | ~v8_rlvect_1(sK0) | ~v7_rlvect_1(sK0) | ~v6_rlvect_1(sK0) | ~v5_rlvect_1(sK0) | ~v4_rlvect_1(sK0) | ~v3_rlvect_1(sK0) | ~v2_rlvect_1(sK0) | ~v13_algstr_0(sK0) | v2_struct_0(sK0) <- (~7, 10) [subsumption resolution 1431,440] {a:1,w:32,wCS:3200,goal:1,sine:1,thAx:0,allAx:6,thDist:-6}
1433. ~r1_anproj_1(sK0,sK2,sK3) | ~m1_subset_1(sK2,u1_struct_0(sK0)) | ~l1_rlvect_1(sK0) | ~v8_rlvect_1(sK0) | ~v7_rlvect_1(sK0) | ~v6_rlvect_1(sK0) | ~v5_rlvect_1(sK0) | ~v4_rlvect_1(sK0) | ~v3_rlvect_1(sK0) | ~v2_rlvect_1(sK0) | ~v13_algstr_0(sK0) | v2_struct_0(sK0) <- (~7, 8, 10) [subsumption resolution 1432,430] {a:1,w:28,wCS:2800,goal:1,sine:1,thAx:0,allAx:6,thDist:-6}
1434. ~r1_anproj_1(sK0,sK2,sK3) | ~l1_rlvect_1(sK0) | ~v8_rlvect_1(sK0) | ~v7_rlvect_1(sK0) | ~v6_rlvect_1(sK0) | ~v5_rlvect_1(sK0) | ~v4_rlvect_1(sK0) | ~v3_rlvect_1(sK0) | ~v2_rlvect_1(sK0) | ~v13_algstr_0(sK0) | v2_struct_0(sK0) <- (~7, 8, 9, 10) [subsumption resolution 1433,435] {a:1,w:24,wCS:2400,goal:1,sine:1,thAx:0,allAx:6,thDist:-6}
1435. ~r1_anproj_1(sK0,sK2,sK3) | ~v8_rlvect_1(sK0) | ~v7_rlvect_1(sK0) | ~v6_rlvect_1(sK0) | ~v5_rlvect_1(sK0) | ~v4_rlvect_1(sK0) | ~v3_rlvect_1(sK0) | ~v2_rlvect_1(sK0) | ~v13_algstr_0(sK0) | v2_struct_0(sK0) <- (~7, 8, 9, 10, 11) [subsumption resolution 1434,445] {a:1,w:22,wCS:2200,goal:1,sine:1,thAx:0,allAx:6,thDist:-6}
1436. ~r1_anproj_1(sK0,sK2,sK3) | ~v7_rlvect_1(sK0) | ~v6_rlvect_1(sK0) | ~v5_rlvect_1(sK0) | ~v4_rlvect_1(sK0) | ~v3_rlvect_1(sK0) | ~v2_rlvect_1(sK0) | ~v13_algstr_0(sK0) | v2_struct_0(sK0) <- (~7, 8, 9, 10, 11, 12) [subsumption resolution 1435,450] {a:1,w:20,wCS:2000,goal:1,sine:1,thAx:0,allAx:6,thDist:-6}
1437. ~r1_anproj_1(sK0,sK2,sK3) | ~v6_rlvect_1(sK0) | ~v5_rlvect_1(sK0) | ~v4_rlvect_1(sK0) | ~v3_rlvect_1(sK0) | ~v2_rlvect_1(sK0) | ~v13_algstr_0(sK0) | v2_struct_0(sK0) <- (~7, 8, 9, 10, 11, 12, 13) [subsumption resolution 1436,455] {a:1,w:18,wCS:1800,goal:1,sine:1,thAx:0,allAx:6,thDist:-6}
1438. ~r1_anproj_1(sK0,sK2,sK3) | ~v5_rlvect_1(sK0) | ~v4_rlvect_1(sK0) | ~v3_rlvect_1(sK0) | ~v2_rlvect_1(sK0) | ~v13_algstr_0(sK0) | v2_struct_0(sK0) <- (~7, 8, 9, 10, 11, 12, 13, 14) [subsumption resolution 1437,460] {a:1,w:16,wCS:1600,goal:1,sine:1,thAx:0,allAx:6,thDist:-6}
1439. ~r1_anproj_1(sK0,sK2,sK3) | ~v4_rlvect_1(sK0) | ~v3_rlvect_1(sK0) | ~v2_rlvect_1(sK0) | ~v13_algstr_0(sK0) | v2_struct_0(sK0) <- (~7, 8, 9, 10, 11, 12, 13, 14, 15) [subsumption resolution 1438,465] {a:1,w:14,wCS:1400,goal:1,sine:1,thAx:0,allAx:6,thDist:-6}
1440. ~r1_anproj_1(sK0,sK2,sK3) | ~v3_rlvect_1(sK0) | ~v2_rlvect_1(sK0) | ~v13_algstr_0(sK0) | v2_struct_0(sK0) <- (~7, 8, 9, 10, 11, 12, 13, 14, 15, 16) [subsumption resolution 1439,470] {a:1,w:12,wCS:1200,goal:1,sine:1,thAx:0,allAx:6,thDist:-6}
1441. ~r1_anproj_1(sK0,sK2,sK3) | ~v2_rlvect_1(sK0) | ~v13_algstr_0(sK0) | v2_struct_0(sK0) <- (~7, 8, 9, 10, 11, 12, 13, 14, 15, 16, 17) [subsumption resolution 1440,475] {a:1,w:10,wCS:1000,goal:1,sine:1,thAx:0,allAx:6,thDist:-6}
1442. ~r1_anproj_1(sK0,sK2,sK3) | ~v13_algstr_0(sK0) | v2_struct_0(sK0) <- (~7, 8, 9, 10, 11, 12, 13, 14, 15, 16, 17, 18) [subsumption resolution 1441,480] {a:1,w:8,wCS:800,goal:1,sine:1,thAx:0,allAx:6,thDist:-6}
1443. ~r1_anproj_1(sK0,sK2,sK3) | v2_struct_0(sK0) <- (~7, 8, 9, 10, 11, 12, 13, 14, 15, 16, 17, 18, 19) [subsumption resolution 1442,485] {a:1,w:6,wCS:600,goal:1,sine:1,thAx:0,allAx:6,thDist:-6}
1444. ~r1_anproj_1(sK0,sK2,sK3) <- (~7, 8, 9, 10, 11, 12, 13, 14, 15, 16, 17, 18, 19, ~20) [subsumption resolution 1443,490] {a:1,w:4,wCS:400,goal:1,sine:1,thAx:0,allAx:6,thDist:-6}
1445. ~5 | 7 | ~8 | ~9 | ~10 | ~11 | ~12 | ~13 | ~14 | ~15 | ~16 | ~17 | ~18 | ~19 | 20 [avatar split clause 1444,488,483,478,473,468,463,458,453,448,443,438,433,428,423,414]
1446. ~r1_anproj_1(sK0,sK1,sK2) | ~m1_subset_1(sK1,u1_struct_0(sK0)) | ~m1_subset_1(sK3,u1_struct_0(sK0)) | ~m1_subset_1(sK2,u1_struct_0(sK0)) | ~l1_rlvect_1(sK0) | ~v8_rlvect_1(sK0) | ~v7_rlvect_1(sK0) | ~v6_rlvect_1(sK0) | ~v5_rlvect_1(sK0) | ~v4_rlvect_1(sK0) | ~v3_rlvect_1(sK0) | ~v2_rlvect_1(sK0) | ~v13_algstr_0(sK0) | v2_struct_0(sK0) <- (~7) [resolution 345,425] {a:1,w:36,wCS:3600,goal:1,sine:1,thAx:0,allAx:6,thDist:-6}
1447. ~r1_anproj_1(sK0,sK1,sK2) | ~m1_subset_1(sK3,u1_struct_0(sK0)) | ~m1_subset_1(sK2,u1_struct_0(sK0)) | ~l1_rlvect_1(sK0) | ~v8_rlvect_1(sK0) | ~v7_rlvect_1(sK0) | ~v6_rlvect_1(sK0) | ~v5_rlvect_1(sK0) | ~v4_rlvect_1(sK0) | ~v3_rlvect_1(sK0) | ~v2_rlvect_1(sK0) | ~v13_algstr_0(sK0) | v2_struct_0(sK0) <- (~7, 10) [subsumption resolution 1446,440] {a:1,w:32,wCS:3200,goal:1,sine:1,thAx:0,allAx:6,thDist:-6}
1448. ~r1_anproj_1(sK0,sK1,sK2) | ~m1_subset_1(sK2,u1_struct_0(sK0)) | ~l1_rlvect_1(sK0) | ~v8_rlvect_1(sK0) | ~v7_rlvect_1(sK0) | ~v6_rlvect_1(sK0) | ~v5_rlvect_1(sK0) | ~v4_rlvect_1(sK0) | ~v3_rlvect_1(sK0) | ~v2_rlvect_1(sK0) | ~v13_algstr_0(sK0) | v2_struct_0(sK0) <- (~7, 8, 10) [subsumption resolution 1447,430] {a:1,w:28,wCS:2800,goal:1,sine:1,thAx:0,allAx:6,thDist:-6}
1449. ~r1_anproj_1(sK0,sK1,sK2) | ~l1_rlvect_1(sK0) | ~v8_rlvect_1(sK0) | ~v7_rlvect_1(sK0) | ~v6_rlvect_1(sK0) | ~v5_rlvect_1(sK0) | ~v4_rlvect_1(sK0) | ~v3_rlvect_1(sK0) | ~v2_rlvect_1(sK0) | ~v13_algstr_0(sK0) | v2_struct_0(sK0) <- (~7, 8, 9, 10) [subsumption resolution 1448,435] {a:1,w:24,wCS:2400,goal:1,sine:1,thAx:0,allAx:6,thDist:-6}
1450. ~r1_anproj_1(sK0,sK1,sK2) | ~v8_rlvect_1(sK0) | ~v7_rlvect_1(sK0) | ~v6_rlvect_1(sK0) | ~v5_rlvect_1(sK0) | ~v4_rlvect_1(sK0) | ~v3_rlvect_1(sK0) | ~v2_rlvect_1(sK0) | ~v13_algstr_0(sK0) | v2_struct_0(sK0) <- (~7, 8, 9, 10, 11) [subsumption resolution 1449,445] {a:1,w:22,wCS:2200,goal:1,sine:1,thAx:0,allAx:6,thDist:-6}
1451. ~r1_anproj_1(sK0,sK1,sK2) | ~v7_rlvect_1(sK0) | ~v6_rlvect_1(sK0) | ~v5_rlvect_1(sK0) | ~v4_rlvect_1(sK0) | ~v3_rlvect_1(sK0) | ~v2_rlvect_1(sK0) | ~v13_algstr_0(sK0) | v2_struct_0(sK0) <- (~7, 8, 9, 10, 11, 12) [subsumption resolution 1450,450] {a:1,w:20,wCS:2000,goal:1,sine:1,thAx:0,allAx:6,thDist:-6}
1452. ~r1_anproj_1(sK0,sK1,sK2) | ~v6_rlvect_1(sK0) | ~v5_rlvect_1(sK0) | ~v4_rlvect_1(sK0) | ~v3_rlvect_1(sK0) | ~v2_rlvect_1(sK0) | ~v13_algstr_0(sK0) | v2_struct_0(sK0) <- (~7, 8, 9, 10, 11, 12, 13) [subsumption resolution 1451,455] {a:1,w:18,wCS:1800,goal:1,sine:1,thAx:0,allAx:6,thDist:-6}
1453. ~r1_anproj_1(sK0,sK1,sK2) | ~v5_rlvect_1(sK0) | ~v4_rlvect_1(sK0) | ~v3_rlvect_1(sK0) | ~v2_rlvect_1(sK0) | ~v13_algstr_0(sK0) | v2_struct_0(sK0) <- (~7, 8, 9, 10, 11, 12, 13, 14) [subsumption resolution 1452,460] {a:1,w:16,wCS:1600,goal:1,sine:1,thAx:0,allAx:6,thDist:-6}
1454. ~r1_anproj_1(sK0,sK1,sK2) | ~v4_rlvect_1(sK0) | ~v3_rlvect_1(sK0) | ~v2_rlvect_1(sK0) | ~v13_algstr_0(sK0) | v2_struct_0(sK0) <- (~7, 8, 9, 10, 11, 12, 13, 14, 15) [subsumption resolution 1453,465] {a:1,w:14,wCS:1400,goal:1,sine:1,thAx:0,allAx:6,thDist:-6}
1455. ~r1_anproj_1(sK0,sK1,sK2) | ~v3_rlvect_1(sK0) | ~v2_rlvect_1(sK0) | ~v13_algstr_0(sK0) | v2_struct_0(sK0) <- (~7, 8, 9, 10, 11, 12, 13, 14, 15, 16) [subsumption resolution 1454,470] {a:1,w:12,wCS:1200,goal:1,sine:1,thAx:0,allAx:6,thDist:-6}
1456. ~r1_anproj_1(sK0,sK1,sK2) | ~v2_rlvect_1(sK0) | ~v13_algstr_0(sK0) | v2_struct_0(sK0) <- (~7, 8, 9, 10, 11, 12, 13, 14, 15, 16, 17) [subsumption resolution 1455,475] {a:1,w:10,wCS:1000,goal:1,sine:1,thAx:0,allAx:6,thDist:-6}
1457. ~r1_anproj_1(sK0,sK1,sK2) | ~v13_algstr_0(sK0) | v2_struct_0(sK0) <- (~7, 8, 9, 10, 11, 12, 13, 14, 15, 16, 17, 18) [subsumption resolution 1456,480] {a:1,w:8,wCS:800,goal:1,sine:1,thAx:0,allAx:6,thDist:-6}
1458. ~r1_anproj_1(sK0,sK1,sK2) | v2_struct_0(sK0) <- (~7, 8, 9, 10, 11, 12, 13, 14, 15, 16, 17, 18, 19) [subsumption resolution 1457,485] {a:1,w:6,wCS:600,goal:1,sine:1,thAx:0,allAx:6,thDist:-6}
1459. ~r1_anproj_1(sK0,sK1,sK2) <- (~7, 8, 9, 10, 11, 12, 13, 14, 15, 16, 17, 18, 19, ~20) [subsumption resolution 1458,490] {a:1,w:4,wCS:400,goal:1,sine:1,thAx:0,allAx:6,thDist:-6}
1460. ~4 | 7 | ~8 | ~9 | ~10 | ~11 | ~12 | ~13 | ~14 | ~15 | ~16 | ~17 | ~18 | ~19 | 20 [avatar split clause 1459,488,483,478,473,468,463,458,453,448,443,438,433,428,423,410]
1461. ~r1_anproj_1(sK0,sK3,sK1) | ~m1_subset_1(sK1,u1_struct_0(sK0)) | ~m1_subset_1(sK3,u1_struct_0(sK0)) | ~m1_subset_1(sK2,u1_struct_0(sK0)) | ~l1_rlvect_1(sK0) | ~v8_rlvect_1(sK0) | ~v7_rlvect_1(sK0) | ~v6_rlvect_1(sK0) | ~v5_rlvect_1(sK0) | ~v4_rlvect_1(sK0) | ~v3_rlvect_1(sK0) | ~v2_rlvect_1(sK0) | ~v13_algstr_0(sK0) | v2_struct_0(sK0) <- (~7) [resolution 346,425] {a:1,w:36,wCS:3600,goal:1,sine:1,thAx:0,allAx:6,thDist:-6}
1462. ~r1_anproj_1(sK0,sK3,sK1) | ~m1_subset_1(sK3,u1_struct_0(sK0)) | ~m1_subset_1(sK2,u1_struct_0(sK0)) | ~l1_rlvect_1(sK0) | ~v8_rlvect_1(sK0) | ~v7_rlvect_1(sK0) | ~v6_rlvect_1(sK0) | ~v5_rlvect_1(sK0) | ~v4_rlvect_1(sK0) | ~v3_rlvect_1(sK0) | ~v2_rlvect_1(sK0) | ~v13_algstr_0(sK0) | v2_struct_0(sK0) <- (~7, 10) [subsumption resolution 1461,440] {a:1,w:32,wCS:3200,goal:1,sine:1,thAx:0,allAx:6,thDist:-6}
1463. ~r1_anproj_1(sK0,sK3,sK1) | ~m1_subset_1(sK2,u1_struct_0(sK0)) | ~l1_rlvect_1(sK0) | ~v8_rlvect_1(sK0) | ~v7_rlvect_1(sK0) | ~v6_rlvect_1(sK0) | ~v5_rlvect_1(sK0) | ~v4_rlvect_1(sK0) | ~v3_rlvect_1(sK0) | ~v2_rlvect_1(sK0) | ~v13_algstr_0(sK0) | v2_struct_0(sK0) <- (~7, 8, 10) [subsumption resolution 1462,430] {a:1,w:28,wCS:2800,goal:1,sine:1,thAx:0,allAx:6,thDist:-6}
1464. ~r1_anproj_1(sK0,sK3,sK1) | ~l1_rlvect_1(sK0) | ~v8_rlvect_1(sK0) | ~v7_rlvect_1(sK0) | ~v6_rlvect_1(sK0) | ~v5_rlvect_1(sK0) | ~v4_rlvect_1(sK0) | ~v3_rlvect_1(sK0) | ~v2_rlvect_1(sK0) | ~v13_algstr_0(sK0) | v2_struct_0(sK0) <- (~7, 8, 9, 10) [subsumption resolution 1463,435] {a:1,w:24,wCS:2400,goal:1,sine:1,thAx:0,allAx:6,thDist:-6}
1465. ~r1_anproj_1(sK0,sK3,sK1) | ~v8_rlvect_1(sK0) | ~v7_rlvect_1(sK0) | ~v6_rlvect_1(sK0) | ~v5_rlvect_1(sK0) | ~v4_rlvect_1(sK0) | ~v3_rlvect_1(sK0) | ~v2_rlvect_1(sK0) | ~v13_algstr_0(sK0) | v2_struct_0(sK0) <- (~7, 8, 9, 10, 11) [subsumption resolution 1464,445] {a:1,w:22,wCS:2200,goal:1,sine:1,thAx:0,allAx:6,thDist:-6}
1466. ~r1_anproj_1(sK0,sK3,sK1) | ~v7_rlvect_1(sK0) | ~v6_rlvect_1(sK0) | ~v5_rlvect_1(sK0) | ~v4_rlvect_1(sK0) | ~v3_rlvect_1(sK0) | ~v2_rlvect_1(sK0) | ~v13_algstr_0(sK0) | v2_struct_0(sK0) <- (~7, 8, 9, 10, 11, 12) [subsumption resolution 1465,450] {a:1,w:20,wCS:2000,goal:1,sine:1,thAx:0,allAx:6,thDist:-6}
1467. ~r1_anproj_1(sK0,sK3,sK1) | ~v6_rlvect_1(sK0) | ~v5_rlvect_1(sK0) | ~v4_rlvect_1(sK0) | ~v3_rlvect_1(sK0) | ~v2_rlvect_1(sK0) | ~v13_algstr_0(sK0) | v2_struct_0(sK0) <- (~7, 8, 9, 10, 11, 12, 13) [subsumption resolution 1466,455] {a:1,w:18,wCS:1800,goal:1,sine:1,thAx:0,allAx:6,thDist:-6}
1468. ~r1_anproj_1(sK0,sK3,sK1) | ~v5_rlvect_1(sK0) | ~v4_rlvect_1(sK0) | ~v3_rlvect_1(sK0) | ~v2_rlvect_1(sK0) | ~v13_algstr_0(sK0) | v2_struct_0(sK0) <- (~7, 8, 9, 10, 11, 12, 13, 14) [subsumption resolution 1467,460] {a:1,w:16,wCS:1600,goal:1,sine:1,thAx:0,allAx:6,thDist:-6}
1469. ~r1_anproj_1(sK0,sK3,sK1) | ~v4_rlvect_1(sK0) | ~v3_rlvect_1(sK0) | ~v2_rlvect_1(sK0) | ~v13_algstr_0(sK0) | v2_struct_0(sK0) <- (~7, 8, 9, 10, 11, 12, 13, 14, 15) [subsumption resolution 1468,465] {a:1,w:14,wCS:1400,goal:1,sine:1,thAx:0,allAx:6,thDist:-6}
1470. ~r1_anproj_1(sK0,sK3,sK1) | ~v3_rlvect_1(sK0) | ~v2_rlvect_1(sK0) | ~v13_algstr_0(sK0) | v2_struct_0(sK0) <- (~7, 8, 9, 10, 11, 12, 13, 14, 15, 16) [subsumption resolution 1469,470] {a:1,w:12,wCS:1200,goal:1,sine:1,thAx:0,allAx:6,thDist:-6}
1471. ~r1_anproj_1(sK0,sK3,sK1) | ~v2_rlvect_1(sK0) | ~v13_algstr_0(sK0) | v2_struct_0(sK0) <- (~7, 8, 9, 10, 11, 12, 13, 14, 15, 16, 17) [subsumption resolution 1470,475] {a:1,w:10,wCS:1000,goal:1,sine:1,thAx:0,allAx:6,thDist:-6}
1472. ~r1_anproj_1(sK0,sK3,sK1) | ~v13_algstr_0(sK0) | v2_struct_0(sK0) <- (~7, 8, 9, 10, 11, 12, 13, 14, 15, 16, 17, 18) [subsumption resolution 1471,480] {a:1,w:8,wCS:800,goal:1,sine:1,thAx:0,allAx:6,thDist:-6}
1473. ~r1_anproj_1(sK0,sK3,sK1) | v2_struct_0(sK0) <- (~7, 8, 9, 10, 11, 12, 13, 14, 15, 16, 17, 18, 19) [subsumption resolution 1472,485] {a:1,w:6,wCS:600,goal:1,sine:1,thAx:0,allAx:6,thDist:-6}
1474. ~r1_anproj_1(sK0,sK3,sK1) <- (~7, 8, 9, 10, 11, 12, 13, 14, 15, 16, 17, 18, 19, ~20) [subsumption resolution 1473,490] {a:1,w:4,wCS:400,goal:1,sine:1,thAx:0,allAx:6,thDist:-6}
1475. ~6 | 7 | ~8 | ~9 | ~10 | ~11 | ~12 | ~13 | ~14 | ~15 | ~16 | ~17 | ~18 | ~19 | 20 [avatar split clause 1474,488,483,478,473,468,463,458,453,448,443,438,433,428,423,418]
1745. ~m1_subset_1(sK3,u1_struct_0(sK0)) | ~m1_subset_1(sK1,u1_struct_0(sK0)) <- (~7, 9, 11, 12, 13, 14, 15, 16, 17, 18, 19, ~20, 139) [resolution 1418,425] {a:3,w:8,wCS:800,goal:1,sine:1,thAx:0,allAx:12,thDist:-12}
1747. ~m1_subset_1(sK1,u1_struct_0(sK0)) <- (~7, 8, 9, 11, 12, 13, 14, 15, 16, 17, 18, 19, ~20, 139) [subsumption resolution 1745,430] {a:3,w:4,wCS:400,goal:1,sine:1,thAx:0,allAx:12,thDist:-12}
1748. $false <- (~7, 8, 9, 10, 11, 12, 13, 14, 15, 16, 17, 18, 19, ~20, 139) [subsumption resolution 1747,440] {a:3,w:0,goal:1,sine:1,thAx:0,allAx:12,thDist:-12}
1749. 7 | ~8 | ~9 | ~10 | ~11 | ~12 | ~13 | ~14 | ~15 | ~16 | ~17 | ~18 | ~19 | 20 | ~139 [avatar contradiction clause 1748]
1750. ~v9_struct_0(sK2,sK0) | sK2 = k4_struct_0(sK0) <- (9, 61) [subsumption resolution 1245,707] {a:1,w:7,wCS:700,goal:1,sine:1,thAx:0,allAx:6,thDist:-6}
1751. 139 | ~2 | ~9 | ~61 [avatar split clause 1750,705,433,402,1265]
1762. r2_anproj_1(sK0,X4,X5,sK3) | ~m1_subset_1(sK3,u1_struct_0(sK0)) | ~m1_subset_1(X5,u1_struct_0(sK0)) | ~m1_subset_1(X4,u1_struct_0(sK0)) | ~l1_rlvect_1(sK0) | ~v8_rlvect_1(sK0) | ~v7_rlvect_1(sK0) | ~v6_rlvect_1(sK0) | ~v5_rlvect_1(sK0) | ~v4_rlvect_1(sK0) | ~v3_rlvect_1(sK0) | ~v2_rlvect_1(sK0) | ~v13_algstr_0(sK0) | v2_struct_0(sK0) <- (138) [superposition 394,1260] {a:2,w:37,wCS:3700,goal:1,sine:1,thAx:0,allAx:7,thDist:-7}
1787. r2_anproj_1(sK0,X4,X5,sK3) | ~m1_subset_1(X5,u1_struct_0(sK0)) | ~m1_subset_1(X4,u1_struct_0(sK0)) | ~l1_rlvect_1(sK0) | ~v8_rlvect_1(sK0) | ~v7_rlvect_1(sK0) | ~v6_rlvect_1(sK0) | ~v5_rlvect_1(sK0) | ~v4_rlvect_1(sK0) | ~v3_rlvect_1(sK0) | ~v2_rlvect_1(sK0) | ~v13_algstr_0(sK0) | v2_struct_0(sK0) <- (8, 138) [subsumption resolution 1762,430] {a:2,w:33,wCS:3300,goal:1,sine:1,thAx:0,allAx:7,thDist:-7}
1788. r2_anproj_1(sK0,X4,X5,sK3) | ~m1_subset_1(X5,u1_struct_0(sK0)) | ~m1_subset_1(X4,u1_struct_0(sK0)) | ~v8_rlvect_1(sK0) | ~v7_rlvect_1(sK0) | ~v6_rlvect_1(sK0) | ~v5_rlvect_1(sK0) | ~v4_rlvect_1(sK0) | ~v3_rlvect_1(sK0) | ~v2_rlvect_1(sK0) | ~v13_algstr_0(sK0) | v2_struct_0(sK0) <- (8, 11, 138) [subsumption resolution 1787,445] {a:2,w:31,wCS:3100,goal:1,sine:1,thAx:0,allAx:7,thDist:-7}
1789. r2_anproj_1(sK0,X4,X5,sK3) | ~m1_subset_1(X5,u1_struct_0(sK0)) | ~m1_subset_1(X4,u1_struct_0(sK0)) | ~v7_rlvect_1(sK0) | ~v6_rlvect_1(sK0) | ~v5_rlvect_1(sK0) | ~v4_rlvect_1(sK0) | ~v3_rlvect_1(sK0) | ~v2_rlvect_1(sK0) | ~v13_algstr_0(sK0) | v2_struct_0(sK0) <- (8, 11, 12, 138) [subsumption resolution 1788,450] {a:2,w:29,wCS:2900,goal:1,sine:1,thAx:0,allAx:7,thDist:-7}
1790. r2_anproj_1(sK0,X4,X5,sK3) | ~m1_subset_1(X5,u1_struct_0(sK0)) | ~m1_subset_1(X4,u1_struct_0(sK0)) | ~v6_rlvect_1(sK0) | ~v5_rlvect_1(sK0) | ~v4_rlvect_1(sK0) | ~v3_rlvect_1(sK0) | ~v2_rlvect_1(sK0) | ~v13_algstr_0(sK0) | v2_struct_0(sK0) <- (8, 11, 12, 13, 138) [subsumption resolution 1789,455] {a:2,w:27,wCS:2700,goal:1,sine:1,thAx:0,allAx:7,thDist:-7}
1791. r2_anproj_1(sK0,X4,X5,sK3) | ~m1_subset_1(X5,u1_struct_0(sK0)) | ~m1_subset_1(X4,u1_struct_0(sK0)) | ~v5_rlvect_1(sK0) | ~v4_rlvect_1(sK0) | ~v3_rlvect_1(sK0) | ~v2_rlvect_1(sK0) | ~v13_algstr_0(sK0) | v2_struct_0(sK0) <- (8, 11, 12, 13, 14, 138) [subsumption resolution 1790,460] {a:2,w:25,wCS:2500,goal:1,sine:1,thAx:0,allAx:7,thDist:-7}
1792. r2_anproj_1(sK0,X4,X5,sK3) | ~m1_subset_1(X5,u1_struct_0(sK0)) | ~m1_subset_1(X4,u1_struct_0(sK0)) | ~v4_rlvect_1(sK0) | ~v3_rlvect_1(sK0) | ~v2_rlvect_1(sK0) | ~v13_algstr_0(sK0) | v2_struct_0(sK0) <- (8, 11, 12, 13, 14, 15, 138) [subsumption resolution 1791,465] {a:2,w:23,wCS:2300,goal:1,sine:1,thAx:0,allAx:7,thDist:-7}
1793. r2_anproj_1(sK0,X4,X5,sK3) | ~m1_subset_1(X5,u1_struct_0(sK0)) | ~m1_subset_1(X4,u1_struct_0(sK0)) | ~v3_rlvect_1(sK0) | ~v2_rlvect_1(sK0) | ~v13_algstr_0(sK0) | v2_struct_0(sK0) <- (8, 11, 12, 13, 14, 15, 16, 138) [subsumption resolution 1792,470] {a:2,w:21,wCS:2100,goal:1,sine:1,thAx:0,allAx:7,thDist:-7}
1794. r2_anproj_1(sK0,X4,X5,sK3) | ~m1_subset_1(X5,u1_struct_0(sK0)) | ~m1_subset_1(X4,u1_struct_0(sK0)) | ~v2_rlvect_1(sK0) | ~v13_algstr_0(sK0) | v2_struct_0(sK0) <- (8, 11, 12, 13, 14, 15, 16, 17, 138) [subsumption resolution 1793,475] {a:2,w:19,wCS:1900,goal:1,sine:1,thAx:0,allAx:7,thDist:-7}
1795. r2_anproj_1(sK0,X4,X5,sK3) | ~m1_subset_1(X5,u1_struct_0(sK0)) | ~m1_subset_1(X4,u1_struct_0(sK0)) | ~v13_algstr_0(sK0) | v2_struct_0(sK0) <- (8, 11, 12, 13, 14, 15, 16, 17, 18, 138) [subsumption resolution 1794,480] {a:2,w:17,wCS:1700,goal:1,sine:1,thAx:0,allAx:7,thDist:-7}
1796. r2_anproj_1(sK0,X4,X5,sK3) | ~m1_subset_1(X5,u1_struct_0(sK0)) | ~m1_subset_1(X4,u1_struct_0(sK0)) | v2_struct_0(sK0) <- (8, 11, 12, 13, 14, 15, 16, 17, 18, 19, 138) [subsumption resolution 1795,485] {a:2,w:15,wCS:1500,goal:1,sine:1,thAx:0,allAx:7,thDist:-7}
1797. r2_anproj_1(sK0,X4,X5,sK3) | ~m1_subset_1(X5,u1_struct_0(sK0)) | ~m1_subset_1(X4,u1_struct_0(sK0)) <- (8, 11, 12, 13, 14, 15, 16, 17, 18, 19, ~20, 138) [subsumption resolution 1796,490] {a:2,w:13,wCS:1300,nSel:1,goal:1,sine:1,thAx:0,allAx:7,thDist:-7}
1820. ~m1_subset_1(sK2,u1_struct_0(sK0)) | ~m1_subset_1(sK1,u1_struct_0(sK0)) <- (~7, 8, 11, 12, 13, 14, 15, 16, 17, 18, 19, ~20, 138) [resolution 1797,425] {a:3,w:8,wCS:800,goal:1,sine:1,thAx:0,allAx:12,thDist:-12}
1822. ~m1_subset_1(sK1,u1_struct_0(sK0)) <- (~7, 8, 9, 11, 12, 13, 14, 15, 16, 17, 18, 19, ~20, 138) [subsumption resolution 1820,435] {a:3,w:4,wCS:400,goal:1,sine:1,thAx:0,allAx:12,thDist:-12}
1823. $false <- (~7, 8, 9, 10, 11, 12, 13, 14, 15, 16, 17, 18, 19, ~20, 138) [subsumption resolution 1822,440] {a:3,w:0,goal:1,sine:1,thAx:0,allAx:12,thDist:-12}
1824. 7 | ~8 | ~9 | ~10 | ~11 | ~12 | ~13 | ~14 | ~15 | ~16 | ~17 | ~18 | ~19 | 20 | ~138 [avatar contradiction clause 1823]
1833. r2_anproj_1(sK0,sK1,X0,X1) | ~m1_subset_1(X1,u1_struct_0(sK0)) | ~m1_subset_1(X0,u1_struct_0(sK0)) | ~m1_subset_1(sK1,u1_struct_0(sK0)) | ~l1_rlvect_1(sK0) | ~v8_rlvect_1(sK0) | ~v7_rlvect_1(sK0) | ~v6_rlvect_1(sK0) | ~v5_rlvect_1(sK0) | ~v4_rlvect_1(sK0) | ~v3_rlvect_1(sK0) | ~v2_rlvect_1(sK0) | ~v13_algstr_0(sK0) | v2_struct_0(sK0) <- (140) [superposition 396,1273] {a:2,w:37,wCS:3700,goal:1,sine:1,thAx:0,allAx:7,thDist:-7}
1848. r2_anproj_1(sK0,sK1,X0,X1) | ~m1_subset_1(X1,u1_struct_0(sK0)) | ~m1_subset_1(X0,u1_struct_0(sK0)) | ~l1_rlvect_1(sK0) | ~v8_rlvect_1(sK0) | ~v7_rlvect_1(sK0) | ~v6_rlvect_1(sK0) | ~v5_rlvect_1(sK0) | ~v4_rlvect_1(sK0) | ~v3_rlvect_1(sK0) | ~v2_rlvect_1(sK0) | ~v13_algstr_0(sK0) | v2_struct_0(sK0) <- (10, 140) [subsumption resolution 1833,440] {a:2,w:33,wCS:3300,goal:1,sine:1,thAx:0,allAx:7,thDist:-7}
1849. r2_anproj_1(sK0,sK1,X0,X1) | ~m1_subset_1(X1,u1_struct_0(sK0)) | ~m1_subset_1(X0,u1_struct_0(sK0)) | ~v8_rlvect_1(sK0) | ~v7_rlvect_1(sK0) | ~v6_rlvect_1(sK0) | ~v5_rlvect_1(sK0) | ~v4_rlvect_1(sK0) | ~v3_rlvect_1(sK0) | ~v2_rlvect_1(sK0) | ~v13_algstr_0(sK0) | v2_struct_0(sK0) <- (10, 11, 140) [subsumption resolution 1848,445] {a:2,w:31,wCS:3100,goal:1,sine:1,thAx:0,allAx:7,thDist:-7}
1850. r2_anproj_1(sK0,sK1,X0,X1) | ~m1_subset_1(X1,u1_struct_0(sK0)) | ~m1_subset_1(X0,u1_struct_0(sK0)) | ~v7_rlvect_1(sK0) | ~v6_rlvect_1(sK0) | ~v5_rlvect_1(sK0) | ~v4_rlvect_1(sK0) | ~v3_rlvect_1(sK0) | ~v2_rlvect_1(sK0) | ~v13_algstr_0(sK0) | v2_struct_0(sK0) <- (10, 11, 12, 140) [subsumption resolution 1849,450] {a:2,w:29,wCS:2900,goal:1,sine:1,thAx:0,allAx:7,thDist:-7}
1851. r2_anproj_1(sK0,sK1,X0,X1) | ~m1_subset_1(X1,u1_struct_0(sK0)) | ~m1_subset_1(X0,u1_struct_0(sK0)) | ~v6_rlvect_1(sK0) | ~v5_rlvect_1(sK0) | ~v4_rlvect_1(sK0) | ~v3_rlvect_1(sK0) | ~v2_rlvect_1(sK0) | ~v13_algstr_0(sK0) | v2_struct_0(sK0) <- (10, 11, 12, 13, 140) [subsumption resolution 1850,455] {a:2,w:27,wCS:2700,goal:1,sine:1,thAx:0,allAx:7,thDist:-7}
1852. r2_anproj_1(sK0,sK1,X0,X1) | ~m1_subset_1(X1,u1_struct_0(sK0)) | ~m1_subset_1(X0,u1_struct_0(sK0)) | ~v5_rlvect_1(sK0) | ~v4_rlvect_1(sK0) | ~v3_rlvect_1(sK0) | ~v2_rlvect_1(sK0) | ~v13_algstr_0(sK0) | v2_struct_0(sK0) <- (10, 11, 12, 13, 14, 140) [subsumption resolution 1851,460] {a:2,w:25,wCS:2500,goal:1,sine:1,thAx:0,allAx:7,thDist:-7}
1853. r2_anproj_1(sK0,sK1,X0,X1) | ~m1_subset_1(X1,u1_struct_0(sK0)) | ~m1_subset_1(X0,u1_struct_0(sK0)) | ~v4_rlvect_1(sK0) | ~v3_rlvect_1(sK0) | ~v2_rlvect_1(sK0) | ~v13_algstr_0(sK0) | v2_struct_0(sK0) <- (10, 11, 12, 13, 14, 15, 140) [subsumption resolution 1852,465] {a:2,w:23,wCS:2300,goal:1,sine:1,thAx:0,allAx:7,thDist:-7}
1854. r2_anproj_1(sK0,sK1,X0,X1) | ~m1_subset_1(X1,u1_struct_0(sK0)) | ~m1_subset_1(X0,u1_struct_0(sK0)) | ~v3_rlvect_1(sK0) | ~v2_rlvect_1(sK0) | ~v13_algstr_0(sK0) | v2_struct_0(sK0) <- (10, 11, 12, 13, 14, 15, 16, 140) [subsumption resolution 1853,470] {a:2,w:21,wCS:2100,goal:1,sine:1,thAx:0,allAx:7,thDist:-7}
1855. r2_anproj_1(sK0,sK1,X0,X1) | ~m1_subset_1(X1,u1_struct_0(sK0)) | ~m1_subset_1(X0,u1_struct_0(sK0)) | ~v2_rlvect_1(sK0) | ~v13_algstr_0(sK0) | v2_struct_0(sK0) <- (10, 11, 12, 13, 14, 15, 16, 17, 140) [subsumption resolution 1854,475] {a:2,w:19,wCS:1900,goal:1,sine:1,thAx:0,allAx:7,thDist:-7}
1856. r2_anproj_1(sK0,sK1,X0,X1) | ~m1_subset_1(X1,u1_struct_0(sK0)) | ~m1_subset_1(X0,u1_struct_0(sK0)) | ~v13_algstr_0(sK0) | v2_struct_0(sK0) <- (10, 11, 12, 13, 14, 15, 16, 17, 18, 140) [subsumption resolution 1855,480] {a:2,w:17,wCS:1700,goal:1,sine:1,thAx:0,allAx:7,thDist:-7}
1857. r2_anproj_1(sK0,sK1,X0,X1) | ~m1_subset_1(X1,u1_struct_0(sK0)) | ~m1_subset_1(X0,u1_struct_0(sK0)) | v2_struct_0(sK0) <- (10, 11, 12, 13, 14, 15, 16, 17, 18, 19, 140) [subsumption resolution 1856,485] {a:2,w:15,wCS:1500,goal:1,sine:1,thAx:0,allAx:7,thDist:-7}
1858. r2_anproj_1(sK0,sK1,X0,X1) | ~m1_subset_1(X1,u1_struct_0(sK0)) | ~m1_subset_1(X0,u1_struct_0(sK0)) <- (10, 11, 12, 13, 14, 15, 16, 17, 18, 19, ~20, 140) [subsumption resolution 1857,490] {a:2,w:13,wCS:1300,nSel:1,goal:1,sine:1,thAx:0,allAx:7,thDist:-7}
1909. ~m1_subset_1(sK3,u1_struct_0(sK0)) | ~m1_subset_1(sK2,u1_struct_0(sK0)) <- (~7, 10, 11, 12, 13, 14, 15, 16, 17, 18, 19, ~20, 140) [resolution 1858,425] {a:3,w:8,wCS:800,goal:1,sine:1,thAx:0,allAx:12,thDist:-12}
1911. ~m1_subset_1(sK2,u1_struct_0(sK0)) <- (~7, 8, 10, 11, 12, 13, 14, 15, 16, 17, 18, 19, ~20, 140) [subsumption resolution 1909,430] {a:3,w:4,wCS:400,goal:1,sine:1,thAx:0,allAx:12,thDist:-12}
1912. $false <- (~7, 8, 9, 10, 11, 12, 13, 14, 15, 16, 17, 18, 19, ~20, 140) [subsumption resolution 1911,435] {a:3,w:0,goal:1,sine:1,thAx:0,allAx:12,thDist:-12}
1913. 7 | ~8 | ~9 | ~10 | ~11 | ~12 | ~13 | ~14 | ~15 | ~16 | ~17 | ~18 | ~19 | 20 | ~140 [avatar contradiction clause 1912]
1914. $false [avatar sat refutation 421,426,431,436,441,446,451,456,461,466,471,476,481,486,491,668,708,1261,1274,1445,1460,1475,1749,1751,1824,1913] {a:0,w:0,goal:1,sine:0,thAx:0,allAx:1397,thDist:-1397}
% SZS output end Proof for anproj_1__t12_anproj_1
% ------------------------------
% Version: Vampire 4.5.1 (commit 226f88162 on 2021-09-12 20:13:44 +0200)
% Termination reason: Refutation

% >>> Input
% Input formulas: 96
% >>> Preprocessing
% Introduced skolems: 24
% Pure predicates: 6
% Unused predicate definitions: 1
% 
% >>> Saturation
% Initial clauses: 124
% Generated clauses: 924
% Active clauses: 273
% Passive clauses: 355
% Final active clauses: 253
% Final passive clauses: 65
% Main loop iterations started: 287
% 
% >>> Simplifying Inferences
% Duplicate literals: 42
% Fw subsumption resolutions: 220
% Fw demodulations: 9
% Bw demodulations: 2
% 
% >>> Deletion Inferences
% Simple tautologies: 24
% Equational tautologies: 1
% Forward subsumptions: 102
% 
% >>> Generating Inferences
% Binary resolution: 308
% Unit resulting resolution: 9
% Forward superposition: 20
% Backward superposition: 22
% Self superposition: 1
% 
% >>> AVATAR
% Split clauses: 33
% Split components: 75
% Sat splitting refutations: 18
% 
% >>> SAT Solver Statistics
% SAT solver clauses: 191
% SAT solver unit clauses: 44
% SAT solver binary clauses: 73
% 
% Memory used [KB]: 6140
% Time elapsed: 0.007 s
% ------------------------------
% ------------------------------
% Time measurement results:
% term sharing: 0.001 s
% splitting component index maintenance: 0.001 s
% splitting component index usage: 0.001 s
% forward subsumption: 0.001 s
% unit resulting resolution: 0.001 s ( own 0.0000 s ) 
% other: 0.007 s ( own 0.003 s ) 

