i: [1,812,0,2,1,1,0,0] t71_fvaluat1
a: [3,1367,0,2,1,812]
s: 1367
i: [1,810,0,2,1,1,0,0] t71_fvaluat1
a: [3,1377,0,2,1,810]
s: 1377
i: [1,809,0,2,1,1,0,0] t71_fvaluat1
a: [3,1382,0,2,1,809]
s: 1382
i: [1,808,0,2,1,1,0,0] t71_fvaluat1
a: [3,1387,0,2,1,808]
s: 1387
i: [1,807,0,2,1,1,0,0] t71_fvaluat1
a: [3,1392,0,2,1,807]
s: 1392
i: [1,806,0,2,1,1,0,0] t71_fvaluat1
a: [3,1397,0,2,1,806]
s: 1397
i: [1,805,0,2,1,1,0,0] t71_fvaluat1
a: [3,1402,0,2,1,805]
s: 1402
i: [1,804,0,2,1,1,0,0] t71_fvaluat1
a: [3,1407,0,2,1,804]
s: 1407
i: [1,803,0,2,1,1,0,0] t71_fvaluat1
a: [3,1412,0,2,1,803]
s: 1412
i: [1,802,0,2,1,1,0,0] t71_fvaluat1
a: [3,1417,0,2,1,802]
s: 1417
i: [1,801,0,2,1,1,0,0] t71_fvaluat1
a: [3,1422,0,2,1,801]
s: 1422
i: [1,800,0,2,1,1,0,0] t71_fvaluat1
a: [3,1427,0,2,1,800]
s: 1427
i: [1,811,0,3,1,1,0,0] t71_fvaluat1
a: [3,1372,0,3,1,811]
s: 1372
i: [1,814,0,4,1,1,0,0] t71_fvaluat1
a: [3,1357,0,4,1,814]
s: 1357
i: [1,813,0,6,1,1,0,0] t71_fvaluat1
a: [3,1362,0,6,1,813]
s: 1362
i: [1,815,0,8,1,1,0,0] t71_fvaluat1
a: [3,1352,0,8,1,815]
s: 1352
i: [1,816,0,2,1,0,0,255] fc8_numbers
a: [3,1432,0,2,1,816]
s: 1432
i: [1,817,0,2,1,0,0,255] fc5_numbers
a: [3,1437,0,2,1,817]
s: 1437
i: [1,818,0,2,1,0,0,255] spc1_boole
a: [3,1442,0,2,1,818]
s: 1442
i: [1,819,0,2,1,0,0,4] fc1_numbers
a: [3,1447,0,2,1,819]
s: 1447
i: [1,820,0,2,1,0,0,255] fc2_membered
a: [3,1452,0,2,1,820]
s: 1452
i: [1,821,0,2,1,0,0,255] fc3_membered
a: [3,1457,0,2,1,821]
s: 1457
i: [1,822,0,2,1,0,0,255] fc6_membered
a: [3,1462,0,2,1,822]
s: 1462
i: [1,823,0,2,1,0,0,255] dt_o_0_0_xboole_0
a: [3,1467,0,2,1,823]
s: 1467
i: [1,824,0,2,1,0,0,255] fc1_xboole_0
a: [3,1472,0,2,1,824]
s: 1472
i: [1,830,0,2,1,0,0,255] fc6_ordinal1
a: [3,1497,0,2,1,830]
s: 1497
i: [1,829,0,2,1,0,0,255] fc6_ordinal1
a: [3,1502,0,2,1,829]
s: 1502
i: [1,831,0,2,1,0,0,255] spc1_numerals
a: [3,1522,0,2,1,831]
s: 1522
i: [1,1185,0,2,1,0,0,2] rc2_xboole_0
a: [3,1527,0,2,1,1185]
s: 1527
i: [1,1186,0,2,1,0,0,255] existence_l4_struct_0
a: [3,1532,0,2,1,1186]
s: 1532
i: [1,1187,0,2,1,0,0,255] existence_l1_algstr_0
a: [3,1537,0,2,1,1187]
s: 1537
i: [1,1188,0,2,1,0,0,255] existence_l5_algstr_0
a: [3,1542,0,2,1,1188]
s: 1542
i: [1,1189,0,2,1,0,0,255] existence_l3_struct_0
a: [3,1547,0,2,1,1189]
s: 1547
i: [1,1190,0,2,1,0,0,2] existence_l3_algstr_0
a: [3,1552,0,2,1,1190]
s: 1552
i: [1,1191,0,2,1,0,0,255] existence_l2_algstr_0
a: [3,1557,0,2,1,1191]
s: 1557
i: [1,1192,0,2,1,0,0,2] existence_l2_struct_0
a: [3,1562,0,2,1,1192]
s: 1562
i: [1,1193,0,2,1,0,0,255] existence_l4_algstr_0
a: [3,1567,0,2,1,1193]
s: 1567
i: [1,1194,0,2,1,0,0,3] rc2_int_1
a: [3,1572,0,2,1,1194]
s: 1572
i: [1,1195,0,2,1,0,0,3] existence_l1_struct_0
a: [3,1577,0,2,1,1195]
s: 1577
i: [1,1196,0,2,1,0,0,1] rc4_ordinal1
a: [3,1582,0,2,1,1196]
s: 1582
i: [1,1197,0,2,1,0,0,255] rc1_ordinal1
a: [3,1587,0,2,1,1197]
s: 1587
i: [1,1198,0,2,1,0,0,4] rc1_xcmplx_0
a: [3,1592,0,2,1,1198]
s: 1592
i: [1,1199,0,2,1,0,0,1] existence_l6_algstr_0
a: [3,1597,0,2,1,1199]
s: 1597
i: [1,1200,0,2,1,0,0,2] rc1_xreal_0
a: [3,1602,0,2,1,1200]
s: 1602
i: [1,1201,0,2,1,0,0,2] rc1_xxreal_0
a: [3,1607,0,2,1,1201]
s: 1607
i: [1,1202,0,2,1,0,0,2] rc1_xboole_0
a: [3,1612,0,2,1,1202]
s: 1612
i: [1,1206,0,2,1,0,0,255] rc2_ordinal1
a: [3,1617,0,2,1,1206]
s: 1617
i: [1,1205,0,2,1,0,0,255] rc2_ordinal1
a: [3,1622,0,2,1,1205]
s: 1622
i: [1,1204,0,2,1,0,0,255] rc2_ordinal1
a: [3,1627,0,2,1,1204]
s: 1627
i: [1,1203,0,2,1,0,0,255] rc2_ordinal1
a: [3,1632,0,2,1,1203]
s: 1632
i: [1,1208,0,2,1,0,0,255] rc8_finseq_1
a: [3,1637,0,2,1,1208]
s: 1637
i: [1,1207,0,2,1,0,0,255] rc8_finseq_1
a: [3,1642,0,2,1,1207]
s: 1642
i: [1,1210,0,2,1,0,0,1] rc5_ordinal1
a: [3,1647,0,2,1,1210]
s: 1647
i: [1,1209,0,2,1,0,0,1] rc5_ordinal1
a: [3,1652,0,2,1,1209]
s: 1652
i: [1,1212,0,2,1,0,0,4] rc2_xcmplx_0
a: [3,1657,0,2,1,1212]
s: 1657
i: [1,1211,0,2,1,0,0,4] rc2_xcmplx_0
a: [3,1662,0,2,1,1211]
s: 1662
i: [1,1214,0,2,1,0,0,3] rc1_membered
a: [3,1667,0,2,1,1214]
s: 1667
i: [1,1213,0,2,1,0,0,3] rc1_membered
a: [3,1672,0,2,1,1213]
s: 1672
i: [1,1216,0,2,1,0,0,3] rc2_membered
a: [3,1677,0,2,1,1216]
s: 1677
i: [1,1215,0,2,1,0,0,3] rc2_membered
a: [3,1682,0,2,1,1215]
s: 1682
i: [1,1218,0,2,1,0,0,255] rc3_membered
a: [3,1687,0,2,1,1218]
s: 1687
i: [1,1217,0,2,1,0,0,255] rc3_membered
a: [3,1692,0,2,1,1217]
s: 1692
i: [1,1221,0,2,1,0,0,255] rc2_vectsp_1
a: [3,1697,0,2,1,1221]
s: 1697
i: [1,1220,0,2,1,0,0,255] rc2_vectsp_1
a: [3,1702,0,2,1,1220]
s: 1702
i: [1,1219,0,2,1,0,0,255] rc2_vectsp_1
a: [3,1707,0,2,1,1219]
s: 1707
i: [1,1225,0,2,1,0,0,1] rc3_vectsp_1
a: [3,1712,0,2,1,1225]
s: 1712
i: [1,1224,0,2,1,0,0,1] rc3_vectsp_1
a: [3,1717,0,2,1,1224]
s: 1717
i: [1,1223,0,2,1,0,0,1] rc3_vectsp_1
a: [3,1722,0,2,1,1223]
s: 1722
i: [1,1222,0,2,1,0,0,1] rc3_vectsp_1
a: [3,1727,0,2,1,1222]
s: 1727
i: [1,1230,0,2,1,0,0,255] rc1_ideal_1
a: [3,1732,0,2,1,1230]
s: 1732
i: [1,1229,0,2,1,0,0,255] rc1_ideal_1
a: [3,1737,0,2,1,1229]
s: 1737
i: [1,1228,0,2,1,0,0,255] rc1_ideal_1
a: [3,1742,0,2,1,1228]
s: 1742
i: [1,1227,0,2,1,0,0,255] rc1_ideal_1
a: [3,1747,0,2,1,1227]
s: 1747
i: [1,1226,0,2,1,0,0,255] rc1_ideal_1
a: [3,1752,0,2,1,1226]
s: 1752
i: [1,1234,0,2,1,0,0,255] rc4_vectsp_1
a: [3,1757,0,2,1,1234]
s: 1757
i: [1,1233,0,2,1,0,0,255] rc4_vectsp_1
a: [3,1762,0,2,1,1233]
s: 1762
i: [1,1232,0,2,1,0,0,255] rc4_vectsp_1
a: [3,1767,0,2,1,1232]
s: 1767
i: [1,1231,0,2,1,0,0,255] rc4_vectsp_1
a: [3,1772,0,2,1,1231]
s: 1772
i: [1,1237,0,2,1,0,0,255] rc11_vectsp_1
a: [3,1777,0,2,1,1237]
s: 1777
i: [1,1236,0,2,1,0,0,255] rc11_vectsp_1
a: [3,1782,0,2,1,1236]
s: 1782
i: [1,1235,0,2,1,0,0,255] rc11_vectsp_1
a: [3,1787,0,2,1,1235]
s: 1787
i: [1,1240,0,2,1,0,0,2] rc20_struct_0
a: [3,1792,0,2,1,1240]
s: 1792
i: [1,1239,0,2,1,0,0,2] rc20_struct_0
a: [3,1797,0,2,1,1239]
s: 1797
i: [1,1238,0,2,1,0,0,2] rc20_struct_0
a: [3,1802,0,2,1,1238]
s: 1802
i: [1,1244,0,2,1,0,0,4] rc3_xreal_0
a: [3,1807,0,2,1,1244]
s: 1807
i: [1,1243,0,2,1,0,0,4] rc3_xreal_0
a: [3,1812,0,2,1,1243]
s: 1812
i: [1,1242,0,2,1,0,0,4] rc3_xreal_0
a: [3,1817,0,2,1,1242]
s: 1817
i: [1,1241,0,2,1,0,0,4] rc3_xreal_0
a: [3,1822,0,2,1,1241]
s: 1822
i: [1,1248,0,2,1,0,0,4] rc2_xreal_0
a: [3,1827,0,2,1,1248]
s: 1827
i: [1,1247,0,2,1,0,0,4] rc2_xreal_0
a: [3,1832,0,2,1,1247]
s: 1832
i: [1,1246,0,2,1,0,0,4] rc2_xreal_0
a: [3,1837,0,2,1,1246]
s: 1837
i: [1,1245,0,2,1,0,0,4] rc2_xreal_0
a: [3,1842,0,2,1,1245]
s: 1842
i: [1,1259,0,2,1,0,0,1] rc4_realset2
a: [3,1847,0,2,1,1259]
s: 1847
i: [1,1258,0,2,1,0,0,1] rc4_realset2
a: [3,1852,0,2,1,1258]
s: 1852
i: [1,1257,0,2,1,0,0,1] rc4_realset2
a: [3,1857,0,2,1,1257]
s: 1857
i: [1,1256,0,2,1,0,0,1] rc4_realset2
a: [3,1862,0,2,1,1256]
s: 1862
i: [1,1255,0,2,1,0,0,1] rc4_realset2
a: [3,1867,0,2,1,1255]
s: 1867
i: [1,1254,0,2,1,0,0,1] rc4_realset2
a: [3,1872,0,2,1,1254]
s: 1872
i: [1,1253,0,2,1,0,0,1] rc4_realset2
a: [3,1877,0,2,1,1253]
s: 1877
i: [1,1252,0,2,1,0,0,1] rc4_realset2
a: [3,1882,0,2,1,1252]
s: 1882
i: [1,1251,0,2,1,0,0,1] rc4_realset2
a: [3,1887,0,2,1,1251]
s: 1887
i: [1,1250,0,2,1,0,0,1] rc4_realset2
a: [3,1892,0,2,1,1250]
s: 1892
i: [1,1249,0,2,1,0,0,1] rc4_realset2
a: [3,1897,0,2,1,1249]
s: 1897
i: [1,1274,0,2,1,0,0,255] rc5_vectsp_1
a: [3,1902,0,2,1,1274]
s: 1902
i: [1,1273,0,2,1,0,0,255] rc5_vectsp_1
a: [3,1907,0,2,1,1273]
s: 1907
i: [1,1272,0,2,1,0,0,255] rc5_vectsp_1
a: [3,1912,0,2,1,1272]
s: 1912
i: [1,1271,0,2,1,0,0,255] rc5_vectsp_1
a: [3,1917,0,2,1,1271]
s: 1917
i: [1,1270,0,2,1,0,0,255] rc5_vectsp_1
a: [3,1922,0,2,1,1270]
s: 1922
i: [1,1269,0,2,1,0,0,255] rc5_vectsp_1
a: [3,1927,0,2,1,1269]
s: 1927
i: [1,1268,0,2,1,0,0,255] rc5_vectsp_1
a: [3,1932,0,2,1,1268]
s: 1932
i: [1,1267,0,2,1,0,0,255] rc5_vectsp_1
a: [3,1937,0,2,1,1267]
s: 1937
i: [1,1266,0,2,1,0,0,255] rc5_vectsp_1
a: [3,1942,0,2,1,1266]
s: 1942
i: [1,1265,0,2,1,0,0,255] rc5_vectsp_1
a: [3,1947,0,2,1,1265]
s: 1947
i: [1,1264,0,2,1,0,0,255] rc5_vectsp_1
a: [3,1952,0,2,1,1264]
s: 1952
i: [1,1263,0,2,1,0,0,255] rc5_vectsp_1
a: [3,1957,0,2,1,1263]
s: 1957
i: [1,1262,0,2,1,0,0,255] rc5_vectsp_1
a: [3,1962,0,2,1,1262]
s: 1962
i: [1,1261,0,2,1,0,0,255] rc5_vectsp_1
a: [3,1967,0,2,1,1261]
s: 1967
i: [1,1260,0,2,1,0,0,255] rc5_vectsp_1
a: [3,1972,0,2,1,1260]
s: 1972
i: [1,1286,0,2,1,0,0,255] rc2_ideal_1
a: [3,1977,0,2,1,1286]
s: 1977
i: [1,1285,0,2,1,0,0,255] rc2_ideal_1
a: [3,1982,0,2,1,1285]
s: 1982
i: [1,1284,0,2,1,0,0,255] rc2_ideal_1
a: [3,1987,0,2,1,1284]
s: 1987
i: [1,1283,0,2,1,0,0,255] rc2_ideal_1
a: [3,1992,0,2,1,1283]
s: 1992
i: [1,1282,0,2,1,0,0,255] rc2_ideal_1
a: [3,1997,0,2,1,1282]
s: 1997
i: [1,1281,0,2,1,0,0,255] rc2_ideal_1
a: [3,2002,0,2,1,1281]
s: 2002
i: [1,1280,0,2,1,0,0,255] rc2_ideal_1
a: [3,2007,0,2,1,1280]
s: 2007
i: [1,1279,0,2,1,0,0,255] rc2_ideal_1
a: [3,2012,0,2,1,1279]
s: 2012
i: [1,1278,0,2,1,0,0,255] rc2_ideal_1
a: [3,2017,0,2,1,1278]
s: 2017
i: [1,1277,0,2,1,0,0,255] rc2_ideal_1
a: [3,2022,0,2,1,1277]
s: 2022
i: [1,1276,0,2,1,0,0,255] rc2_ideal_1
a: [3,2027,0,2,1,1276]
s: 2027
i: [1,1275,0,2,1,0,0,255] rc2_ideal_1
a: [3,2032,0,2,1,1275]
s: 2032
i: [1,1291,0,2,1,0,0,2] rc1_realset2
a: [3,2037,0,2,1,1291]
s: 2037
i: [1,1290,0,2,1,0,0,2] rc1_realset2
a: [3,2042,0,2,1,1290]
s: 2042
i: [1,1289,0,2,1,0,0,2] rc1_realset2
a: [3,2047,0,2,1,1289]
s: 2047
i: [1,1288,0,2,1,0,0,2] rc1_realset2
a: [3,2052,0,2,1,1288]
s: 2052
i: [1,1287,0,2,1,0,0,2] rc1_realset2
a: [3,2057,0,2,1,1287]
s: 2057
i: [1,1299,0,2,1,0,0,255] rc1_vectsp_2
a: [3,2062,0,2,1,1299]
s: 2062
i: [1,1298,0,2,1,0,0,255] rc1_vectsp_2
a: [3,2067,0,2,1,1298]
s: 2067
i: [1,1297,0,2,1,0,0,255] rc1_vectsp_2
a: [3,2072,0,2,1,1297]
s: 2072
i: [1,1296,0,2,1,0,0,255] rc1_vectsp_2
a: [3,2077,0,2,1,1296]
s: 2077
i: [1,1295,0,2,1,0,0,255] rc1_vectsp_2
a: [3,2082,0,2,1,1295]
s: 2082
i: [1,1294,0,2,1,0,0,255] rc1_vectsp_2
a: [3,2087,0,2,1,1294]
s: 2087
i: [1,1293,0,2,1,0,0,255] rc1_vectsp_2
a: [3,2092,0,2,1,1293]
s: 2092
i: [1,1292,0,2,1,0,0,255] rc1_vectsp_2
a: [3,2097,0,2,1,1292]
s: 2097
i: [1,1301,0,2,1,0,0,2] rc17_algstr_0
a: [3,2102,0,2,1,1301]
s: 2102
i: [1,1300,0,2,1,0,0,2] rc17_algstr_0
a: [3,2107,0,2,1,1300]
s: 2107
i: [1,1304,0,2,1,0,0,255] rc18_algstr_0
a: [3,2112,0,2,1,1304]
s: 2112
i: [1,1302,0,2,1,0,0,255] rc18_algstr_0
a: [3,2122,0,2,1,1302]
s: 2122
i: [1,1307,0,2,1,0,0,255] rc3_fvaluat1
a: [3,2127,0,2,1,1307]
s: 2127
i: [1,1306,0,2,1,0,0,255] rc3_fvaluat1
a: [3,2132,0,2,1,1306]
s: 2132
i: [1,1305,0,2,1,0,0,255] rc3_fvaluat1
a: [3,2137,0,2,1,1305]
s: 2137
i: [1,1310,0,2,1,0,0,255] rc3_finseq_1
a: [3,2142,0,2,1,1310]
s: 2142
i: [1,1309,0,2,1,0,0,255] rc3_finseq_1
a: [3,2147,0,2,1,1309]
s: 2147
i: [1,1308,0,2,1,0,0,255] rc3_finseq_1
a: [3,2152,0,2,1,1308]
s: 2152
i: [1,1316,0,2,1,0,0,255] rc4_finseq_1
a: [3,2157,0,2,1,1316]
s: 2157
i: [1,1315,0,2,1,0,0,255] rc4_finseq_1
a: [3,2162,0,2,1,1315]
s: 2162
i: [1,1314,0,2,1,0,0,255] rc4_finseq_1
a: [3,2167,0,2,1,1314]
s: 2167
i: [1,1313,0,2,1,0,0,255] rc4_finseq_1
a: [3,2172,0,2,1,1313]
s: 2172
i: [1,1312,0,2,1,0,0,255] rc4_finseq_1
a: [3,2177,0,2,1,1312]
s: 2177
i: [1,1311,0,2,1,0,0,255] rc4_finseq_1
a: [3,2182,0,2,1,1311]
s: 2182
i: [1,1318,0,2,1,0,0,3] rc3_xxreal_0
a: [3,2187,0,2,1,1318]
s: 2187
i: [1,1317,0,2,1,0,0,3] rc3_xxreal_0
a: [3,2192,0,2,1,1317]
s: 2192
i: [1,1321,0,2,1,0,0,3] rc2_xxreal_3
a: [3,2197,0,2,1,1321]
s: 2197
i: [1,1320,0,2,1,0,0,3] rc2_xxreal_3
a: [3,2202,0,2,1,1320]
s: 2202
i: [1,1319,0,2,1,0,0,3] rc2_xxreal_3
a: [3,2207,0,2,1,1319]
s: 2207
i: [1,1323,0,2,1,0,0,4] rc2_xxreal_0
a: [3,2212,0,2,1,1323]
s: 2212
i: [1,1322,0,2,1,0,0,4] rc2_xxreal_0
a: [3,2217,0,2,1,1322]
s: 2217
i: [1,1326,0,2,1,0,0,4] rc1_xxreal_3
a: [3,2222,0,2,1,1326]
s: 2222
i: [1,1325,0,2,1,0,0,4] rc1_xxreal_3
a: [3,2227,0,2,1,1325]
s: 2227
i: [1,1324,0,2,1,0,0,4] rc1_xxreal_3
a: [3,2232,0,2,1,1324]
s: 2232
i: [1,1329,0,2,1,0,0,255] rc2_fvaluat1
a: [3,2237,0,2,1,1329]
s: 2237
i: [1,1328,0,2,1,0,0,255] rc2_fvaluat1
a: [3,2242,0,2,1,1328]
s: 2242
i: [1,1327,0,2,1,0,0,255] rc2_fvaluat1
a: [3,2247,0,2,1,1327]
s: 2247
i: [1,1333,0,2,1,0,0,4] rc4_xreal_0
a: [3,2252,0,2,1,1333]
s: 2252
i: [1,1332,0,2,1,0,0,4] rc4_xreal_0
a: [3,2257,0,2,1,1332]
s: 2257
i: [1,1331,0,2,1,0,0,4] rc4_xreal_0
a: [3,2262,0,2,1,1331]
s: 2262
i: [1,1330,0,2,1,0,0,4] rc4_xreal_0
a: [3,2267,0,2,1,1330]
s: 2267
i: [1,1335,0,2,1,0,0,2] rc4_xxreal_0
a: [3,2272,0,2,1,1335]
s: 2272
i: [1,1334,0,2,1,0,0,2] rc4_xxreal_0
a: [3,2277,0,2,1,1334]
s: 2277
i: [1,1340,0,2,1,0,0,255] rc1_fvaluat1
a: [3,2282,0,2,1,1340]
s: 2282
i: [1,1339,0,2,1,0,0,255] rc1_fvaluat1
a: [3,2287,0,2,1,1339]
s: 2287
i: [1,1338,0,2,1,0,0,255] rc1_fvaluat1
a: [3,2292,0,2,1,1338]
s: 2292
i: [1,1337,0,2,1,0,0,255] rc1_fvaluat1
a: [3,2297,0,2,1,1337]
s: 2297
i: [1,1345,0,2,1,0,0,3] rc1_int_1
a: [3,2307,0,2,1,1345]
s: 2307
i: [1,1344,0,2,1,0,0,3] rc1_int_1
a: [3,2312,0,2,1,1344]
s: 2312
i: [1,1343,0,2,1,0,0,3] rc1_int_1
a: [3,2317,0,2,1,1343]
s: 2317
i: [1,1342,0,2,1,0,0,3] rc1_int_1
a: [3,2322,0,2,1,1342]
s: 2322
i: [1,1348,0,2,1,0,0,255] rc2_nat_1
a: [3,2332,0,2,1,1348]
s: 2332
i: [1,1347,0,2,1,0,0,255] rc2_nat_1
a: [3,2337,0,2,1,1347]
s: 2337
i: [1,835,0,3,1,0,0,255] fc2_xboole_0
s: 835
i: [1,836,0,3,1,0,0,2] fc1_subset_1
s: 836
i: [1,1108,0,3,1,0,0,255] rc9_finseq_1
s: 1108
i: [1,1110,0,3,1,0,0,255] rc9_finseq_1
s: 1110
i: [1,1111,0,3,1,0,0,255] rc9_finseq_1
s: 1111
i: [1,1112,0,3,1,0,0,255] rc9_finseq_1
s: 1112
i: [1,1113,0,3,1,0,0,255] rc9_finseq_1
s: 1113
i: [1,1114,0,3,1,0,0,255] rc3_ordinal1
s: 1114
i: [1,1116,0,3,1,0,0,255] rc3_ordinal1
s: 1116
i: [1,1118,0,3,1,0,0,2] rc2_subset_1
s: 1118
i: [1,1122,0,3,1,0,0,255] rc4_fvaluat1
s: 1122
i: [1,1124,0,3,1,0,0,255] rc4_fvaluat1
s: 1124
i: [1,1126,0,3,1,0,0,255] rc4_fvaluat1
s: 1126
i: [1,1128,0,3,1,0,0,255] rc1_finseq_1
s: 1128
i: [1,1130,0,3,1,0,0,255] rc1_finseq_1
s: 1130
i: [1,1131,0,3,1,0,0,255] rc1_finseq_1
s: 1131
i: [1,1132,0,3,1,0,0,255] reflexivity_r1_tarski
s: 1132
i: [1,825,0,3,1,0,0,255] d2_xboole_0
a: [3,1477,0,3,1,825]
s: 1477
r: 1467
i: [1,826,0,3,1,0,0,255] redefinition_k5_numbers
a: [3,1482,0,3,1,826]
s: 1482
r: 1502
r: 1497
r: 1462
d: [2,2345,0,2,1,2,23,1502,1482]
a: [3,2351,0,2,1,2345]
s: 2351
d: [2,2346,0,2,1,2,23,1497,1482]
a: [3,2356,0,2,1,2346]
s: 2356
d: [2,2347,0,2,1,2,23,1462,1482]
a: [3,2361,0,2,1,2347]
s: 2361
i: [1,827,0,3,1,0,0,255] t1_numerals
a: [3,1487,0,3,1,827]
s: 1487
i: [1,834,0,3,1,0,0,255] spc1_numerals
a: [3,1507,0,3,1,834]
s: 1507
i: [1,833,0,3,1,0,0,255] spc1_numerals
a: [3,1512,0,3,1,833]
s: 1512
i: [1,1303,0,3,1,0,0,255] rc18_algstr_0
a: [3,2117,0,3,1,1303]
s: 2117
i: [1,1336,0,3,1,0,0,255] rc1_fvaluat1
a: [3,2302,0,3,1,1336]
s: 2302
i: [1,1341,0,3,1,0,0,3] rc1_int_1
a: [3,2327,0,3,1,1341]
s: 2327
d: [2,2363,0,3,1,2,22,1487,1482]
a: [3,2367,0,3,1,2363]
s: 2367
i: [1,850,0,4,2,0,0,255] dt_l4_struct_0
s: 850
d: [2,2369,1,2,1,1,40,850,1532]
a: [3,2373,1,2,1,2369]
s: 2373
i: [1,851,0,4,2,0,0,255] dt_l4_struct_0
s: 851
i: [1,853,0,4,2,0,0,255] dt_l1_algstr_0
s: 853
d: [2,2375,1,2,1,1,40,851,1532]
a: [3,2379,1,2,1,2375]
s: 2379
i: [1,863,0,4,2,0,0,255] dt_l5_algstr_0
s: 863
d: [2,2381,1,2,1,1,40,853,1537]
a: [3,2385,1,2,1,2381]
s: 2385
i: [1,864,0,4,2,0,0,255] dt_l5_algstr_0
s: 864
i: [1,865,0,4,2,0,0,255] dt_l3_struct_0
s: 865
d: [2,2387,1,2,1,1,40,863,1542]
a: [3,2392,1,2,1,2387]
s: 2392
i: [1,869,0,4,2,0,0,2] dt_l3_algstr_0
s: 869
d: [2,2388,1,2,1,1,40,863,1707]
a: [3,2397,1,2,1,2388]
s: 2397
i: [1,876,0,4,2,0,0,255] dt_l2_algstr_0
s: 876
i: [1,877,0,4,2,0,0,255] dt_l2_algstr_0
s: 877
d: [2,2399,1,2,1,1,40,864,1542]
a: [3,2404,1,2,1,2399]
s: 2404
i: [1,895,0,4,2,0,0,255] cc1_fvaluat1
s: 895
d: [2,2400,1,2,1,1,40,864,1707]
a: [3,2409,1,2,1,2400]
s: 2409
i: [1,898,0,4,2,0,0,255] cc2_membered
s: 898
i: [1,899,0,4,2,0,0,255] cc3_membered
s: 899
d: [2,2411,1,2,1,1,40,865,1547]
a: [3,2416,1,2,1,2411]
s: 2416
i: [1,904,0,4,2,0,0,2] dt_l2_struct_0
s: 904
d: [2,2423,1,2,1,1,40,869,1552]
a: [3,2428,1,2,1,2423]
s: 2428
i: [1,909,0,4,2,0,0,255] dt_l4_algstr_0
s: 909
i: [1,910,0,4,2,0,0,255] dt_l4_algstr_0
s: 910
d: [2,2424,1,2,1,1,40,869,1727]
a: [3,2433,1,2,1,2424]
s: 2433
i: [1,924,0,4,2,0,0,255] cc2_fvaluat1
s: 924
d: [2,2435,1,2,1,1,40,876,1557]
a: [3,2440,1,2,1,2435]
s: 2440
i: [1,925,0,4,2,0,0,3] cc3_int_1
s: 925
i: [1,944,0,4,2,0,0,255] cc5_membered
s: 944
d: [2,2436,1,2,1,1,40,876,1752]
a: [3,2445,1,2,1,2436]
s: 2445
i: [1,945,0,4,2,0,0,255] cc4_membered
s: 945
d: [2,2447,1,2,1,1,40,877,1557]
a: [3,2452,1,2,1,2447]
s: 2452
i: [1,949,0,4,2,0,0,3] cc2_int_1
s: 949
i: [1,950,0,4,2,0,0,255] cc6_ordinal1
s: 950
d: [2,2596,1,2,1,1,40,949,1427]
a: [3,2602,1,2,1,2596]
s: 2602
i: [1,951,0,4,2,0,0,4] cc2_xcmplx_0
s: 951
d: [2,2614,1,2,1,1,40,950,1427]
a: [3,2620,1,2,1,2614]
s: 2620
i: [1,952,0,4,2,0,0,1] cc2_xreal_0
s: 952
i: [1,953,0,4,2,0,0,1] cc2_xxreal_0
s: 953
d: [2,2644,1,2,1,1,40,951,1427]
a: [3,2650,1,2,1,2644]
s: 2650
i: [1,956,0,4,2,0,0,3] cc3_nat_1
s: 956
d: [2,2676,1,2,1,1,40,953,1427]
a: [3,2682,1,2,1,2676]
s: 2682
i: [1,957,0,4,2,0,0,255] cc1_nat_1
s: 957
i: [1,959,0,4,2,0,0,255] cc1_ordinal1
s: 959
d: [2,2632,2,2,1,1,40,2602,925]
a: [3,2637,2,2,1,2632]
s: 2637
i: [1,960,0,4,2,0,0,255] cc1_ordinal1
s: 960
d: [2,2633,2,2,1,1,40,2602,924]
a: [3,2642,2,2,1,2633]
s: 2642
i: [1,962,0,4,2,0,0,255] cc1_membered
s: 962
i: [1,966,0,4,2,0,0,255] dt_l6_algstr_0
s: 966
d: [2,2787,1,2,1,1,40,966,1377]
a: [3,2799,1,2,1,2787]
s: 2799
i: [1,967,0,4,2,0,0,255] dt_l6_algstr_0
s: 967
d: [2,2853,1,2,1,1,40,967,1377]
a: [3,2865,1,2,1,2853]
s: 2865
i: [1,989,0,4,2,0,0,4] cc3_xreal_0
s: 989
i: [1,990,0,4,2,0,0,2] cc4_xreal_0
s: 990
d: [2,2713,2,2,1,1,40,959,2620]
a: [3,2725,2,2,1,2713]
s: 2725
i: [1,993,0,4,2,0,0,255] cc9_ordinal1
s: 993
d: [2,2738,2,2,1,1,40,960,2620]
a: [3,2750,2,2,1,2738]
s: 2750
i: [1,994,0,4,2,0,0,255] cc8_finseq_1
s: 994
i: [1,995,0,4,2,0,0,1] cc7_ordinal1
s: 995
d: [2,2841,2,2,1,1,40,2799,877]
a: [3,2846,2,2,1,2841]
s: 2846
i: [1,996,0,4,2,0,0,255] cc3_ordinal1
s: 996
d: [2,2842,2,2,1,1,40,2799,876]
a: [3,2851,2,2,1,2842]
s: 2851
i: [1,997,0,4,2,0,0,3] cc18_membered
s: 997
i: [1,1107,0,4,1,0,0,1] existence_m1_subset_1
s: 1107
d: [2,2907,2,2,1,1,40,2865,864]
a: [3,2912,2,2,1,2907]
s: 2912
i: [1,1109,0,4,1,0,0,255] rc9_finseq_1
s: 1109
d: [2,2908,2,2,1,1,40,2865,863]
a: [3,2917,2,2,1,2908]
s: 2917
i: [1,1115,0,4,1,0,0,255] rc3_ordinal1
s: 1115
i: [1,1120,0,4,1,0,0,255] rc3_subset_1
s: 1120
d: [2,3023,3,2,1,1,40,2846,853]
a: [3,3027,3,2,1,3023]
s: 3027
i: [1,1123,0,4,1,0,0,255] rc4_fvaluat1
s: 1123
d: [2,3081,3,2,1,1,40,2912,851]
a: [3,3086,3,2,1,3081]
s: 3086
i: [1,1129,0,4,1,0,0,255] rc1_finseq_1
s: 1129
i: [1,1133,0,4,1,0,0,255] fc3_xboole_0
s: 1133
d: [2,3088,3,2,1,1,40,2917,910]
a: [3,3093,3,2,1,3088]
s: 3093
i: [1,1165,0,4,1,0,0,255] rc1_relset_1
s: 1165
d: [2,2448,1,2,1,1,40,877,1752]
a: [3,2457,1,2,1,2448]
s: 2457
i: [1,1166,0,4,1,0,0,255] rc1_relset_1
s: 1166
i: [1,828,0,4,1,0,0,4] dt_k5_numbers
a: [3,1492,0,4,1,828]
s: 1492
d: [2,2485,1,2,1,1,40,904,1562]
a: [3,2491,1,2,1,2485]
s: 2491
i: [1,832,0,4,1,0,0,255] spc1_numerals
a: [3,1517,0,4,1,832]
s: 1517
d: [2,2486,1,2,1,1,40,904,1802]
a: [3,2496,1,2,1,2486]
s: 2496
i: [1,1346,0,4,1,0,0,255] rc2_nat_1
a: [3,2342,0,4,1,1346]
s: 2342
i: [1,838,0,5,2,0,0,255] rc6_subset_1
s: 838
d: [2,2500,1,2,1,1,40,909,1567]
a: [3,2508,1,2,1,2500]
s: 2508
i: [1,842,0,5,2,0,0,2] rc1_subset_1
s: 842
d: [2,2502,1,2,1,1,40,909,1772]
a: [3,2514,1,2,1,2502]
s: 2514
i: [1,844,0,5,2,0,0,255] rc5_subset_1
s: 844
i: [1,845,0,5,2,0,0,255] rc5_subset_1
s: 845
d: [2,2503,1,2,1,1,40,909,1787]
a: [3,2519,1,2,1,2503]
s: 2519
i: [1,848,0,5,2,0,0,255] fc10_membered
s: 848
d: [2,2522,1,2,1,1,40,910,1567]
a: [3,2534,1,2,1,2522]
s: 2534
i: [1,854,0,5,2,0,0,255] dt_u1_algstr_0
s: 854
i: [1,870,0,5,2,0,0,255] dt_u2_algstr_0
s: 870
d: [2,2524,1,2,1,1,40,910,1772]
a: [3,2544,1,2,1,2524]
s: 2544
i: [1,926,0,5,2,0,0,255] fc11_membered
s: 926
d: [2,2525,1,2,1,1,40,910,1787]
a: [3,2549,1,2,1,2525]
s: 2549
i: [1,954,0,5,2,0,0,255] fc12_membered
s: 954
i: [1,963,0,5,2,0,0,255] fc7_membered
s: 963
d: [2,2551,1,2,1,1,40,924,1572]
a: [3,2556,1,2,1,2551]
s: 2556
i: [1,991,0,5,2,0,0,255] fc9_membered
s: 991
d: [2,2552,1,2,1,1,40,924,2307]
a: [3,2561,1,2,1,2552]
s: 2561
i: [1,992,0,5,2,0,0,255] fc8_membered
s: 992
i: [1,998,0,5,2,0,0,255] t6_boole
s: 998
d: [2,2569,1,2,1,1,40,925,1572]
a: [3,2574,1,2,1,2569]
s: 2574
i: [1,1001,0,5,2,0,0,255] cc8_ordinal1
s: 1001
d: [2,2576,1,2,1,1,40,944,1457]
a: [3,2580,1,2,1,2576]
s: 2580
i: [1,1002,0,5,2,0,0,255] cc1_xxreal_0
s: 1002
i: [1,1003,0,5,2,0,0,4] cc1_xcmplx_0
s: 1003
d: [2,2588,1,2,1,1,40,945,1457]
a: [3,2592,1,2,1,2588]
s: 2592
i: [1,1004,0,5,2,0,0,4] cc1_xreal_0
s: 1004
d: [2,2597,1,2,1,1,40,949,1582]
a: [3,2607,1,2,1,2597]
s: 2607
i: [1,1005,0,5,2,0,0,2] cc2_nat_1
s: 1005
i: [1,1006,0,5,2,0,0,2] cc25_membered
s: 1006
d: [2,2598,1,2,1,1,40,949,1647]
a: [3,2612,1,2,1,2598]
s: 2612
i: [1,1104,0,5,2,0,0,255] t7_boole
s: 1104
d: [2,2615,1,2,1,1,40,950,1582]
a: [3,2625,1,2,1,2615]
s: 2625
i: [1,1117,0,5,1,0,0,2] rc2_subset_1
s: 1117
i: [1,1119,0,5,1,0,0,255] rc3_subset_1
s: 1119
d: [2,2616,1,2,1,1,40,950,1647]
a: [3,2630,1,2,1,2616]
s: 2630
i: [1,1125,0,5,1,0,0,255] rc4_fvaluat1
s: 1125
d: [2,2645,1,2,1,1,40,951,1582]
a: [3,2655,1,2,1,2645]
s: 2655
i: [1,1167,0,5,1,0,0,255] rc1_relset_1
s: 1167
d: [2,3152,0,5,2,1,22,1001,1482]
s: 3152
d: [2,2646,1,2,1,1,40,951,1647]
a: [3,2660,1,2,1,2646]
s: 2660
i: [1,847,0,6,2,0,0,255] rc4_subset_1
s: 847
d: [2,2663,1,2,1,1,40,952,1582]
a: [3,2669,1,2,1,2663]
s: 2669
i: [1,852,0,6,3,0,0,255] cc3_struct_0
s: 852
i: [1,857,0,6,3,0,0,255] cc4_algstr_0
s: 857
d: [2,3275,3,4,2,1,40,852,2912]
d: [2,3279,3,2,1,2,21,3275,1417]
a: [3,3283,3,2,1,3279]
s: 3283
i: [1,858,0,6,3,0,0,255] cc4_algstr_0
s: 858
d: [2,2664,1,2,1,1,40,952,1647]
a: [3,2674,1,2,1,2664]
s: 2674
i: [1,905,0,6,2,0,0,255] fc10_struct_0
s: 905
i: [1,923,0,6,2,0,0,255] rc17_struct_0
s: 923
d: [2,2677,1,2,1,1,40,953,1582]
a: [3,2687,1,2,1,2677]
s: 2687
i: [1,928,0,6,3,0,0,255] cc7_struct_0
s: 928
d: [2,2678,1,2,1,1,40,953,1647]
a: [3,2692,1,2,1,2678]
s: 2692
i: [1,929,0,6,3,0,0,255] cc5_struct_0
s: 929
i: [1,931,0,6,3,0,0,2] cc17_struct_0
s: 931
d: [2,2694,1,2,1,1,40,956,1812]
a: [3,2700,1,2,1,2694]
s: 2700
i: [1,932,0,6,3,0,0,2] cc2_struct_0
s: 932
d: [2,2695,1,2,1,1,40,956,2187]
a: [3,2705,1,2,1,2695]
s: 2705
i: [1,933,0,6,3,0,0,255] cc6_struct_0
s: 933
i: [1,934,0,6,3,0,0,2] cc1_struct_0
s: 934
d: [2,2696,1,2,1,1,40,956,2202]
a: [3,2710,1,2,1,2696]
s: 2710
i: [1,937,0,6,3,0,0,255] cc4_struct_0
s: 937
d: [2,2712,1,2,1,1,40,959,2356]
a: [3,2720,1,2,1,2712]
s: 2720
i: [1,988,0,6,2,0,0,1] existence_m1_fvaluat1
s: 988
i: [1,1007,0,6,2,0,0,255] cc7_membered
s: 1007
d: [2,2714,1,2,1,1,40,959,1587]
a: [3,2730,1,2,1,2714]
s: 2730
i: [1,1008,0,6,2,0,0,255] cc8_membered
s: 1008
d: [2,2716,1,2,1,1,40,959,2332]
a: [3,2735,1,2,1,2716]
s: 2735
i: [1,1009,0,6,2,0,0,2] cc11_membered
s: 1009
i: [1,1060,0,6,3,0,0,255] cc2_ordinal1
s: 1060
d: [2,2737,1,2,1,1,40,960,2356]
a: [3,2745,1,2,1,2737]
s: 2745
i: [1,1065,0,6,3,0,0,255] cc3_fvaluat1
s: 1065
d: [2,2739,1,2,1,1,40,960,1587]
a: [3,2755,1,2,1,2739]
s: 2755
i: [1,1080,0,6,3,0,0,255] cc1_finseq_1
s: 1080
i: [1,1082,0,6,3,0,0,255] cc4_finseq_1
s: 1082
d: [2,2741,1,2,1,1,40,960,2332]
a: [3,2760,1,2,1,2741]
s: 2760
i: [1,1089,0,6,3,0,0,3] cc5_xxreal_0
s: 1089
d: [2,2763,1,2,1,1,40,962,2361]
a: [3,2770,1,2,1,2763]
s: 2770
i: [1,1091,0,6,3,0,0,3] cc5_xxreal_0
s: 1091
i: [1,1092,0,6,3,0,0,3] cc3_xxreal_0
s: 1092
d: [2,2764,1,2,1,1,40,962,1667]
a: [3,2775,1,2,1,2764]
s: 2775
i: [1,1094,0,6,3,0,0,3] cc3_xxreal_0
s: 1094
d: [2,2765,1,2,1,1,40,962,1677]
a: [3,2780,1,2,1,2765]
s: 2780
i: [1,1096,0,6,3,0,0,3] cc7_xxreal_0
s: 1096
i: [1,1097,0,6,3,0,0,3] cc7_xxreal_0
s: 1097
d: [2,2766,1,2,1,1,40,962,1687]
a: [3,2785,1,2,1,2766]
s: 2785
i: [1,1100,0,6,2,0,0,255] t1_subset
s: 1100
d: [2,2788,1,2,1,1,40,966,1597]
a: [3,2804,1,2,1,2788]
s: 2804
i: [1,1137,0,6,2,0,0,255] antisymmetry_r2_hidden
s: 1137
i: [1,837,0,7,2,0,0,255] rc6_subset_1
s: 837
d: [2,2789,1,2,1,1,40,966,1897]
a: [3,2809,1,2,1,2789]
s: 2809
i: [1,841,0,7,2,0,0,2] rc1_subset_1
s: 841
d: [2,2790,1,2,1,1,40,966,1972]
a: [3,2814,1,2,1,2790]
s: 2814
i: [1,843,0,7,2,0,0,255] rc5_subset_1
s: 843
i: [1,846,0,7,2,0,0,255] rc4_subset_1
s: 846
d: [2,2791,1,2,1,1,40,966,2032]
a: [3,2819,1,2,1,2791]
s: 2819
i: [1,866,0,7,2,0,0,255] dt_u3_struct_0
s: 866
d: [2,2792,1,2,1,1,40,966,2057]
a: [3,2824,1,2,1,2792]
s: 2824
i: [1,867,0,7,3,0,0,255] cc10_finseq_1
s: 867
i: [1,874,0,7,3,0,0,255] cc9_algstr_1
s: 874
d: [2,3818,1,7,2,1,40,867,1362]
a: [3,3860,1,5,1,3818]
s: 3860
i: [1,875,0,7,3,0,0,255] cc9_algstr_1
s: 875
d: [2,2793,1,2,1,1,40,966,2097]
a: [3,2829,1,2,1,2793]
s: 2829
i: [1,879,0,7,3,0,0,255] cc7_algstr_1
s: 879
i: [1,880,0,7,3,0,0,255] cc7_algstr_1
s: 880
d: [2,2794,1,2,1,1,40,966,2107]
a: [3,2834,1,2,1,2794]
s: 2834
i: [1,881,0,7,3,0,0,255] cc7_algstr_1
s: 881
d: [2,2795,1,2,1,1,40,966,2122]
a: [3,2839,1,2,1,2795]
s: 2839
i: [1,882,0,7,3,0,0,255] cc7_algstr_1
s: 882
i: [1,896,0,7,3,0,0,255] cc12_membered
s: 896
d: [2,3967,1,7,2,1,40,896,1362]
a: [3,4002,1,5,1,3967]
s: 4002
i: [1,900,0,7,3,0,0,255] cc15_membered
s: 900
d: [2,4023,1,7,2,1,40,900,1362]
a: [3,4061,1,5,1,4023]
s: 4061
i: [1,901,0,7,3,0,0,255] cc16_membered
s: 901
i: [1,906,0,7,2,0,0,255] d6_struct_0
s: 906
d: [2,4091,1,7,2,1,40,901,1362]
a: [3,4131,1,5,1,4091]
s: 4131
i: [1,907,0,7,2,0,0,255] dt_u2_struct_0
s: 907
d: [2,2854,1,2,1,1,40,967,1597]
a: [3,2870,1,2,1,2854]
s: 2870
i: [1,908,0,7,2,0,0,1] dt_k4_struct_0
s: 908
i: [1,922,0,7,2,0,0,255] rc17_struct_0
s: 922
d: [2,2855,1,2,1,1,40,967,1897]
a: [3,2875,1,2,1,2855]
s: 2875
i: [1,935,0,7,3,0,0,255] cc8_struct_0
s: 935
d: [2,2856,1,2,1,1,40,967,1972]
a: [3,2880,1,2,1,2856]
s: 2880
i: [1,938,0,7,3,0,0,255] cc9_struct_0
s: 938
i: [1,939,0,7,3,0,0,255] cc11_struct_0
s: 939
d: [2,2857,1,2,1,1,40,967,2032]
a: [3,2885,1,2,1,2857]
s: 2885
i: [1,940,0,7,3,0,0,255] cc11_struct_0
s: 940
d: [2,2858,1,2,1,1,40,967,2057]
a: [3,2890,1,2,1,2858]
s: 2890
i: [1,942,0,7,3,0,0,255] cc13_membered
s: 942
i: [1,946,0,7,3,0,0,255] cc14_membered
s: 946
d: [2,4248,1,7,2,1,40,942,1362]
a: [3,4284,1,5,1,4248]
s: 4284
i: [1,961,0,7,3,0,0,255] cc5_ordinal1
s: 961
d: [2,4302,1,7,2,1,40,946,1362]
a: [3,4334,1,5,1,4302]
s: 4334
i: [1,964,0,7,3,0,0,3] cc17_membered
s: 964
i: [1,984,0,7,3,0,0,255] dt_m1_fvaluat1
s: 984
d: [2,4465,1,4,2,1,40,984,1372]
d: [2,4468,1,2,1,2,21,4465,1377]
a: [3,4472,1,2,1,4468]
s: 4472
i: [1,986,0,7,3,0,0,255] dt_m1_fvaluat1
s: 986
d: [2,4474,1,4,2,1,40,986,1372]
d: [2,4477,1,2,1,2,21,4474,1377]
a: [3,4481,1,2,1,4477]
s: 4481
i: [1,1010,0,7,3,0,0,255] fc9_struct_0
s: 1010
i: [1,1013,0,7,3,0,0,255] fc6_struct_0
s: 1013
d: [2,4352,1,7,2,1,40,961,1362]
a: [3,4380,1,5,1,4352]
s: 4380
i: [1,1015,0,7,3,0,0,255] rc22_struct_0
s: 1015
d: [2,4407,1,7,2,1,40,964,1362]
a: [3,4440,1,5,1,4407]
s: 4440
i: [1,1028,0,7,3,0,0,1] dt_k4_group_1
s: 1028
i: [1,1032,0,7,3,0,0,255] rc5_ideal_1
s: 1032
d: [2,2859,1,2,1,1,40,967,2097]
a: [3,2895,1,2,1,2859]
s: 2895
i: [1,1035,0,7,3,0,0,255] rc4_ideal_1
s: 1035
d: [2,2860,1,2,1,1,40,967,2107]
a: [3,2900,1,2,1,2860]
s: 2900
i: [1,1038,0,7,3,0,0,255] rc3_ideal_1
s: 1038
i: [1,1039,0,7,3,0,0,3] fc2_struct_0
s: 1039
d: [2,2861,1,2,1,1,40,967,2122]
a: [3,2905,1,2,1,2861]
s: 2905
i: [1,1041,0,7,3,0,0,3] rc4_struct_0
s: 1041
d: [2,2920,1,2,1,1,40,989,1602]
a: [3,2929,1,2,1,2920]
s: 2929
i: [1,1043,0,7,3,0,0,255] rc21_struct_0
s: 1043
i: [1,1044,0,7,3,0,0,255] rc21_struct_0
s: 1044
d: [2,2924,1,2,1,1,40,989,2297]
a: [3,2934,1,2,1,2924]
s: 2934
i: [1,1051,0,7,3,0,0,255] rc8_ideal_1
s: 1051
d: [2,2937,1,2,1,1,40,990,1602]
a: [3,2946,1,2,1,2937]
s: 2946
i: [1,1054,0,7,3,0,0,255] rc7_ideal_1
s: 1054
i: [1,1057,0,7,3,0,0,255] rc6_ideal_1
s: 1057
d: [2,2948,1,2,1,1,40,993,1472]
a: [3,2956,1,2,1,2948]
s: 2956
i: [1,1063,0,7,3,0,0,255] fc8_struct_0
s: 1063
d: [2,2950,1,2,1,1,40,993,1612]
a: [3,2961,1,2,1,2950]
s: 2961
i: [1,1064,0,7,3,0,0,255] fc7_struct_0
s: 1064
i: [1,1098,0,7,3,0,0,3] fc1_struct_0
s: 1098
d: [2,2951,1,2,1,1,40,993,2267]
a: [3,2966,1,2,1,2951]
s: 2966
i: [1,1102,0,7,2,0,0,255] t3_subset
s: 1102
d: [2,2952,1,2,1,1,40,993,2277]
a: [3,2971,1,2,1,2952]
s: 2971
i: [1,1103,0,7,3,0,0,1] t8_boole
s: 1103
i: [1,1121,0,7,1,0,0,255] rc4_fvaluat1
s: 1121
d: [2,2973,1,2,1,1,40,994,1472]
a: [3,2981,1,2,1,2973]
s: 2981
i: [1,1127,0,7,1,0,0,255] rc1_finseq_1
s: 1127
d: [2,2975,1,2,1,1,40,994,1612]
a: [3,2986,1,2,1,2975]
s: 2986
i: [1,1134,0,7,1,0,0,255] commutativity_k2_tarski
s: 1134
i: [1,849,0,8,3,0,0,255] cc10_ordinal1
s: 849
d: [2,2976,1,2,1,1,40,994,2267]
a: [3,2991,1,2,1,2976]
s: 2991
i: [1,859,0,8,4,0,0,255] cc3_algstr_0
s: 859
d: [2,2977,1,2,1,1,40,994,2277]
a: [3,2996,1,2,1,2977]
s: 2996
i: [1,868,0,8,3,0,0,255] cc11_finseq_1
s: 868
i: [1,884,0,8,4,0,0,255] cc3_algstr_1
s: 884
d: [2,2998,1,2,1,1,40,995,1472]
a: [3,3006,1,2,1,2998]
s: 3006
i: [1,886,0,8,4,0,0,255] cc1_algstr_1
s: 886
d: [2,3000,1,2,1,1,40,995,1612]
a: [3,3011,1,2,1,3000]
s: 3011
i: [1,887,0,8,4,0,0,255] cc1_algstr_1
s: 887
i: [1,888,0,8,4,0,0,255] cc1_algstr_1
s: 888
d: [2,3001,1,2,1,1,40,995,2267]
a: [3,3016,1,2,1,3001]
s: 3016
i: [1,889,0,8,4,0,0,255] cc1_algstr_1
s: 889
d: [2,3002,1,2,1,1,40,995,2277]
a: [3,3021,1,2,1,3002]
s: 3021
i: [1,897,0,8,3,0,0,255] cc19_membered
s: 897
i: [1,902,0,8,3,0,0,255] cc23_membered
s: 902
d: [2,3029,1,2,1,1,40,996,1472]
a: [3,3037,1,2,1,3029]
s: 3037
i: [1,903,0,8,3,0,0,255] cc22_membered
s: 903
d: [2,3031,1,2,1,1,40,996,1612]
a: [3,3042,1,2,1,3031]
s: 3042
i: [1,919,0,8,4,0,0,255] cc3_vectsp_1
s: 919
i: [1,920,0,8,4,0,0,255] cc3_vectsp_1
s: 920
d: [2,4754,3,6,3,1,40,919,2917]
d: [2,4760,3,4,2,2,21,4754,1422]
a: [3,4768,3,2,1,4760]
s: 4768
i: [1,943,0,8,3,0,0,255] cc20_membered
s: 943
d: [2,3032,1,2,1,1,40,996,2267]
a: [3,3047,1,2,1,3032]
s: 3047
i: [1,947,0,8,3,0,0,255] cc21_membered
s: 947
i: [1,948,0,8,3,0,0,255] cc5_subset_1
s: 948
d: [2,3033,1,2,1,1,40,996,2277]
a: [3,3052,1,2,1,3033]
s: 3052
i: [1,965,0,8,3,0,0,3] cc24_membered
s: 965
d: [2,3056,1,2,1,1,40,997,1472]
a: [3,3064,1,2,1,3056]
s: 3064
i: [1,979,0,8,4,0,0,255] cc1_vectsp_1
s: 979
i: [1,980,0,8,4,0,0,255] cc1_vectsp_1
s: 980
d: [2,4964,1,6,3,1,40,979,1377]
d: [2,4973,1,4,2,2,21,4964,1402]
d: [2,4974,1,2,1,3,21,4973,1422]
a: [3,4978,1,2,1,4974]
s: 4978
i: [1,982,0,8,4,0,0,255] cc8_algstr_1
s: 982
d: [2,5053,1,6,3,1,40,980,1377]
d: [2,5062,1,4,2,2,21,5053,1402]
d: [2,5063,1,2,1,3,21,5062,1422]
a: [3,5067,1,2,1,5063]
s: 5067
i: [1,983,0,8,4,0,0,255] cc8_algstr_1
s: 983
i: [1,999,0,8,3,0,0,2] cc1_subset_1
s: 999
d: [2,3058,1,2,1,1,40,997,1612]
a: [3,3069,1,2,1,3058]
s: 3069
i: [1,1012,0,8,3,0,0,255] rc19_struct_0
s: 1012
d: [2,3059,1,2,1,1,40,997,2267]
a: [3,3074,1,2,1,3059]
s: 3074
i: [1,1017,0,8,4,0,0,3] cc4_xxreal_0
s: 1017
i: [1,1019,0,8,4,0,0,3] cc6_xxreal_0
s: 1019
d: [2,5160,2,6,3,1,40,1017,2682]
a: [3,5179,2,2,1,5160]
s: 5179
r: 5179
i: [1,1033,0,8,3,0,0,255] rc5_ideal_1
s: 1033
a: [3,5178,2,2,1,5160]
s: 5178
i: [1,1036,0,8,3,0,0,255] rc4_ideal_1
s: 1036
i: [1,1052,0,8,3,0,0,255] rc8_ideal_1
s: 1052
a: [3,5183,2,2,1,5160]
s: 5183
i: [1,1055,0,8,3,0,0,255] rc7_ideal_1
s: 1055
a: [3,5186,2,2,1,5160]
s: 5186
i: [1,1058,0,8,3,0,0,255] rc6_ideal_1
s: 1058
i: [1,1059,0,8,3,0,0,255] rc6_ideal_1
s: 1059
d: [2,3060,1,2,1,1,40,997,2277]
a: [3,3079,1,2,1,3060]
s: 3079
i: [1,1071,0,8,4,0,0,255] cc2_finseq_1
s: 1071
d: [2,5284,2,6,3,1,40,1071,4472]
a: [3,5303,2,2,1,5284]
s: 5303
i: [1,1074,0,8,4,0,0,255] cc6_finseq_1
s: 1074
i: [1,1084,0,8,4,0,0,3] cc1_xxreal_3
s: 1084
d: [2,3160,1,2,1,1,40,1003,1507]
a: [3,3166,1,2,1,3160]
s: 3166
i: [1,1085,0,8,4,0,0,3] cc8_xxreal_0
s: 1085
d: [2,3173,1,2,1,1,40,1004,1507]
a: [3,3179,1,2,1,3173]
s: 3179
i: [1,1088,0,8,4,0,0,3] cc2_xxreal_3
s: 1088
i: [1,1101,0,8,3,0,0,255] t2_subset
s: 1101
r: 3860
r: 4131
r: 5178
r: 5183
r: 5303
a: [3,3864,1,2,1,3818]
s: 3864
i: [1,1138,0,8,3,0,0,2] fc10_subset_1
s: 1138
a: [3,4135,1,2,1,4091]
s: 4135
r: 4135
i: [1,1155,0,8,3,0,0,255] fc16_membered
s: 1155
i: [1,1156,0,8,3,0,0,255] fc17_membered
s: 1156
a: [3,4134,1,2,1,4091]
s: 4134
i: [1,1157,0,8,3,0,0,255] fc18_membered
s: 1157
s: 5179
i: [1,1158,0,8,3,0,0,255] fc13_membered
s: 1158
i: [1,1159,0,8,3,0,0,255] fc15_membered
s: 1159
a: [3,5295,2,2,1,5284]
s: 5295
i: [1,1161,0,8,3,0,0,255] fc14_membered
s: 1161
a: [3,5299,2,2,1,5284]
s: 5299
i: [1,1162,0,8,2,0,0,2] cc1_relset_1
s: 1162
i: [1,1164,0,8,1,0,0,255] rc1_relset_1
s: 1164
d: [2,5251,3,2,1,1,40,5179,997]
a: [3,5259,3,2,1,5251]
s: 5259
r: 5179
r: 5259
i: [1,941,0,9,4,0,0,255] cc10_struct_0
s: 941
s: 5178
i: [1,1000,0,9,3,0,0,255] cc4_subset_1
s: 1000
i: [1,1011,0,9,3,0,0,255] rc19_struct_0
s: 1011
s: 5183
i: [1,1106,0,9,3,0,0,255] t5_subset
s: 1106
a: [3,5258,3,2,1,5251]
s: 5258
i: [1,1163,0,9,2,0,0,255] cc2_relset_1
s: 1163
i: [1,913,0,10,5,0,0,255] cc6_vectsp_1
s: 913
d: [2,5254,3,2,1,1,40,5179,994]
a: [3,5264,3,2,1,5254]
s: 5264
i: [1,915,0,10,5,0,0,255] cc1_vectsp_2
s: 915
d: [2,5255,3,2,1,1,40,5179,993]
a: [3,5269,3,2,1,5255]
s: 5269
i: [1,917,0,10,5,0,0,255] cc2_vectsp_2
s: 917
i: [1,977,0,10,5,0,0,255] cc2_vectsp_1
s: 977
s: 4131
i: [1,985,0,10,3,0,0,255] dt_m1_fvaluat1
s: 985
d: [2,5383,1,11,2,1,40,1101,1362]
a: [3,5425,1,6,1,5383]
s: 5425
i: [1,1014,0,10,3,0,0,255] rc22_struct_0
s: 1014
i: [1,1031,0,10,3,0,0,255] rc5_ideal_1
s: 1031
a: [3,5428,1,5,1,5383]
s: 5428
i: [1,1034,0,10,3,0,0,255] rc4_ideal_1
s: 1034
d: [2,5650,2,8,2,1,40,5428,1098]
a: [3,5654,2,4,1,5650]
s: 5654
i: [1,1037,0,10,3,0,0,255] rc3_ideal_1
s: 1037
i: [1,1040,0,10,3,0,0,3] rc4_struct_0
s: 1040
d: [2,5596,2,6,1,1,40,5425,1137]
a: [3,5602,2,6,1,5596]
s: 5602
i: [1,1042,0,10,3,0,0,255] rc21_struct_0
s: 1042
d: [2,3194,1,2,1,1,40,1005,1512]
a: [3,3200,1,2,1,3194]
s: 3200
i: [1,1050,0,10,3,0,0,255] rc8_ideal_1
s: 1050
i: [1,1053,0,10,3,0,0,255] rc7_ideal_1
s: 1053
d: [2,3195,1,2,1,1,40,1005,2367]
a: [3,3205,1,2,1,3195]
s: 3205
i: [1,1056,0,10,3,0,0,255] rc6_ideal_1
s: 1056
d: [2,3212,1,2,1,1,40,1006,1512]
a: [3,3218,1,2,1,3212]
s: 3218
i: [1,1099,0,10,1,0,0,255] d5_tarski
s: 1099
i: [1,1105,0,10,3,0,0,255] t4_subset
s: 1105
d: [2,3258,1,2,1,2,40,3152,1512]
a: [3,3264,1,2,1,3258]
s: 3264
i: [1,1135,0,10,3,0,0,2] cc4_relset_1
s: 1135
d: [2,3276,1,4,2,1,40,852,1532]
a: [3,3288,1,2,1,3276]
s: 3288
i: [1,1136,0,10,3,0,0,2] cc3_relset_1
s: 1136
i: [1,1160,0,10,4,0,0,255] fc4_fvaluat1
s: 1160
d: [2,3312,1,4,2,1,40,857,2017]
a: [3,3315,1,2,1,3312]
s: 3315
i: [1,839,0,11,4,0,0,255] cc3_subset_1
s: 839
a: [3,3320,1,2,1,3312]
s: 3320
i: [1,840,0,11,4,0,0,255] cc2_subset_1
s: 840
i: [1,1061,0,11,4,0,0,255] cc5_algstr_0
s: 1061
d: [2,5935,1,13,3,1,40,1061,1362]
a: [3,5942,1,4,1,5935]
s: 5942
i: [1,1062,0,11,4,0,0,255] cc6_algstr_0
s: 1062
a: [3,5946,1,4,1,5935]
s: 5946
i: [1,855,0,12,2,0,0,255] dt_u1_algstr_0
s: 855
i: [1,860,0,12,4,0,0,255] cc2_algstr_0
s: 860
d: [2,3322,1,4,2,1,40,858,2017]
a: [3,3326,1,2,1,3322]
s: 3326
i: [1,861,0,12,4,0,0,255] cc2_algstr_0
s: 861
d: [2,3331,1,4,2,1,40,928,1792]
d: [2,3332,1,2,1,2,21,3331,2496]
a: [3,3336,1,2,1,3332]
s: 3336
i: [1,871,0,12,2,0,0,255] dt_u2_algstr_0
s: 871
i: [1,893,0,12,6,0,0,255] cc4_algstr_1
s: 893
d: [2,5983,2,10,5,1,40,893,2799]
d: [2,5994,2,8,4,2,21,5983,1387]
d: [2,5995,2,6,3,3,21,5994,1392]
d: [2,5996,2,4,2,4,21,5995,1412]
d: [2,5997,2,2,1,5,21,5996,1422]
a: [3,6001,2,2,1,5997]
s: 6001
i: [1,894,0,12,6,0,0,255] cc4_algstr_1
s: 894
d: [2,6105,2,10,5,1,40,894,2799]
d: [2,6116,2,8,4,2,21,6105,1387]
d: [2,6117,2,6,3,3,21,6116,1392]
d: [2,6118,2,4,2,4,21,6117,1412]
d: [2,6119,2,2,1,5,21,6118,1422]
a: [3,6123,2,2,1,6119]
s: 6123
i: [1,987,0,12,3,0,0,255] dt_m1_fvaluat1
s: 987
i: [1,1029,0,13,3,0,0,1] dt_k4_group_1
s: 1029
d: [2,6203,3,6,3,1,40,6123,889]
d: [2,6207,3,4,2,2,21,6203,1422]
d: [2,6208,3,2,1,3,21,6207,2799]
a: [3,6212,3,2,1,6208]
s: 6212
i: [1,1169,0,13,5,0,0,255] fc29_finseq_1
s: 1169
d: [2,6204,3,6,3,1,40,6123,887]
d: [2,6214,3,4,2,2,21,6204,1422]
d: [2,6215,3,2,1,3,21,6214,2799]
a: [3,6219,3,2,1,6215]
s: 6219
i: [1,856,0,14,2,0,0,255] dt_u1_algstr_0
s: 856
i: [1,872,0,14,2,0,0,255] dt_u2_algstr_0
s: 872
d: [2,6205,3,6,3,1,40,6123,886]
d: [2,6221,3,4,2,2,21,6205,1422]
d: [2,6222,3,2,1,3,21,6221,2799]
a: [3,6226,3,2,1,6222]
s: 6226
i: [1,891,0,14,7,0,0,255] cc2_algstr_1
s: 891
d: [2,6206,3,6,3,1,40,6123,884]
d: [2,6228,3,4,2,2,21,6206,1422]
d: [2,6229,3,2,1,3,21,6228,2799]
a: [3,6233,3,2,1,6229]
s: 6233
i: [1,1078,0,14,3,0,0,255] d1_binop_1
s: 1078
i: [1,1142,0,14,4,0,0,255] existence_m2_subset_1
s: 1142
d: [2,6263,4,6,3,1,40,6219,859]
d: [2,6264,4,4,2,2,21,6263,2846]
a: [3,6268,4,2,1,6264]
s: 6268
d: [2,6331,0,12,3,0,21,1142,999]
s: 6331
d: [2,3343,1,4,2,1,40,929,1577]
a: [3,3385,1,2,1,3343]
s: 3385
i: [1,862,0,15,5,0,0,255] cc1_algstr_0
s: 862
i: [1,1026,0,15,6,0,0,255] fc2_ideal_1
s: 1026
d: [2,3442,1,2,1,1,40,1008,1492]
a: [3,3450,1,2,1,3442]
s: 3450
i: [1,1027,0,15,6,0,0,255] fc3_ideal_1
s: 1027
d: [2,3446,1,2,1,1,40,1008,2342]
a: [3,3470,1,2,1,3446]
s: 3470
i: [1,1030,0,15,3,0,0,1] dt_k4_group_1
s: 1030
i: [1,1139,0,15,5,0,0,255] dt_m2_subset_1
s: 1139
d: [2,3495,1,4,2,1,40,1065,2237]
a: [3,3501,1,2,1,3495]
s: 3501
d: [2,6377,0,13,4,0,21,1139,999]
s: 6377
d: [2,3496,1,4,2,1,40,1065,2282]
d: [2,3507,1,2,1,2,21,3496,2297]
a: [3,3511,1,2,1,3507]
s: 3511
i: [1,1140,0,15,5,0,0,255] redefinition_m2_subset_1
s: 1140
d: [2,6383,0,13,4,0,21,1140,999]
s: 6383
d: [2,3519,1,4,2,1,40,1080,2137]
a: [3,3525,1,2,1,3519]
s: 3525
i: [1,1141,0,15,5,0,0,255] redefinition_m2_subset_1
s: 1141
a: [3,3530,1,2,1,3519]
s: 3530
d: [2,6387,0,13,4,0,21,1141,999]
s: 6387
i: [1,968,0,17,3,0,0,255] abstractness_v36_algstr_0
s: 968
d: [2,3520,1,4,2,1,40,1080,2152]
a: [3,3534,1,2,1,3520]
s: 3534
i: [1,1022,0,17,8,0,0,255] rc9_ideal_1
s: 1022
a: [3,3539,1,2,1,3520]
s: 3539
i: [1,1168,0,17,5,0,0,2] dt_k3_fvaluat1
s: 1168
i: [1,972,0,18,9,0,0,255] cc2_realset2
s: 972
d: [2,6441,1,16,8,1,40,972,1377]
d: [2,6450,1,14,7,2,21,6441,1382]
d: [2,6451,1,12,6,3,21,6450,1402]
d: [2,6452,1,10,5,4,21,6451,1387]
d: [2,6453,1,8,4,5,21,6452,1392]
d: [2,6454,1,6,3,6,21,6453,1397]
d: [2,6455,1,4,2,7,21,6454,1412]
d: [2,6456,1,2,1,8,21,6455,1417]
a: [3,6460,1,2,1,6456]
s: 6460
i: [1,973,0,18,9,0,0,255] cc2_realset2
s: 973
d: [2,3542,1,4,2,1,40,1089,1812]
d: [2,3545,1,2,1,2,21,3542,1817]
a: [3,3549,1,2,1,3545]
s: 3549
i: [1,974,0,18,9,0,0,255] cc2_realset2
s: 974
i: [1,975,0,18,9,0,0,255] cc2_realset2
s: 975
d: [2,6682,4,0,0,9,52,4768,1417,1412,1397,1392,1387,1402,1382,1377,975]
e: 6682
d: [2,6683,1,16,8,1,40,975,1377]
d: [2,6693,1,14,7,2,21,6683,1382]
d: [2,6694,1,12,6,3,21,6693,1402]
d: [2,6695,1,10,5,4,21,6694,1387]
d: [2,6696,1,8,4,5,21,6695,1392]
d: [2,6697,1,6,3,6,21,6696,1397]
d: [2,6698,1,4,2,7,21,6697,1412]
d: [2,6699,1,2,1,8,21,6698,1417]
d: [2,6700,1,0,0,9,21,6699,4768]
e: 6700
r: 4768
d: [2,6622,1,16,8,1,40,974,1377]
d: [2,6631,1,14,7,2,21,6622,1382]
d: [2,6632,1,12,6,3,21,6631,1402]
d: [2,6633,1,10,5,4,21,6632,1387]
d: [2,6634,1,8,4,5,21,6633,1392]
d: [2,6635,1,6,3,6,21,6634,1397]
d: [2,6636,1,4,2,7,21,6635,1412]
d: [2,6637,1,2,1,8,21,6636,1417]
a: [3,6641,1,2,1,6637]
s: 6641
i: [1,1024,0,18,8,0,0,255] rc9_ideal_1
s: 1024
a: [3,4764,3,2,1,4760]
s: 4764
i: [1,1025,0,18,8,0,0,255] rc9_ideal_1
s: 1025
i: [1,1023,0,19,8,0,0,255] rc9_ideal_1
s: 1023
a: [3,4767,3,2,1,4760]
s: 4767
i: [1,1046,0,19,7,0,0,255] cc1_ideal_1
s: 1046
d: [2,4820,3,6,3,1,40,920,2917]
d: [2,4826,3,4,2,2,21,4820,1422]
a: [3,4830,3,2,1,4826]
s: 4830
i: [1,1048,0,19,7,0,0,255] cc2_ideal_1
s: 1048
i: [1,1021,0,20,8,0,0,255] rc9_ideal_1
s: 1021
d: [2,3543,1,4,2,1,40,1089,2187]
d: [2,3551,1,2,1,2,21,3543,2192]
a: [3,3555,1,2,1,3551]
s: 3555
i: [1,1049,0,20,5,0,0,1] d6_fvaluat1
s: 1049
d: [2,6857,1,17,5,1,44,1049,1352]
d: [2,6859,1,15,4,2,21,6857,1427]
d: [2,6860,1,13,3,3,21,6859,1377]
d: [2,6861,1,11,2,4,21,6860,1422]
a: [3,6865,1,4,1,6861]
s: 6865
i: [1,970,0,24,12,0,0,255] cc1_realset2
s: 970
i: [1,1143,0,27,12,0,0,1] dt_k7_fvaluat1
s: 1143
d: [2,3544,1,4,2,1,40,1089,2202]
d: [2,3557,1,2,1,2,21,3544,2207]
a: [3,3561,1,2,1,3557]
s: 3561
d: [2,6989,0,25,11,0,21,1143,973]
s: 6989
d: [2,3569,1,4,2,1,40,1091,1522]
a: [3,3577,1,2,1,3569]
s: 3577
i: [1,1144,0,27,12,0,0,1] dt_k7_fvaluat1
s: 1144
d: [2,6992,0,25,11,0,21,1144,973]
s: 6992
d: [2,3570,1,4,2,1,40,1091,1832]
d: [2,3580,1,2,1,2,21,3570,1837]
a: [3,3584,1,2,1,3580]
s: 3584
i: [1,1145,0,27,12,0,0,1] dt_k7_fvaluat1
s: 1145
d: [2,3571,1,4,2,1,40,1091,2212]
d: [2,3586,1,2,1,2,21,3571,2217]
a: [3,3590,1,2,1,3586]
s: 3590
d: [2,6993,0,25,11,0,21,1145,973]
s: 6993
i: [1,1146,0,27,12,0,0,1] dt_k7_fvaluat1
s: 1146
d: [2,3572,1,4,2,1,40,1091,2227]
d: [2,3592,1,2,1,2,21,3572,2232]
a: [3,3596,1,2,1,3592]
s: 3596
d: [2,6994,0,25,11,0,21,1146,973]
s: 6994
d: [2,3573,1,4,2,1,40,1091,2242]
d: [2,3598,1,2,1,2,21,3573,2247]
a: [3,3602,1,2,1,3598]
s: 3602
i: [1,1147,0,27,12,0,0,1] dt_k7_fvaluat1
s: 1147
d: [2,6995,0,25,11,0,21,1147,973]
s: 6995
d: [2,3574,1,4,2,1,40,1091,2287]
d: [2,3604,1,2,1,2,21,3574,2292]
a: [3,3608,1,2,1,3604]
s: 3608
i: [1,1148,0,27,12,0,0,1] dt_k7_fvaluat1
s: 1148
d: [2,3611,1,4,2,1,40,1092,1832]
d: [2,3616,1,2,1,2,21,3611,1837]
a: [3,3620,1,2,1,3616]
s: 3620
d: [2,6996,0,25,11,0,21,1148,973]
s: 6996
i: [1,1149,0,27,12,0,0,1] dt_k7_fvaluat1
s: 1149
d: [2,3612,1,4,2,1,40,1092,2212]
d: [2,3622,1,2,1,2,21,3612,2217]
a: [3,3626,1,2,1,3622]
s: 3626
d: [2,6997,0,25,11,0,21,1149,973]
s: 6997
d: [2,3613,1,4,2,1,40,1092,2227]
d: [2,3628,1,2,1,2,21,3613,2232]
a: [3,3632,1,2,1,3628]
s: 3632
i: [1,1150,0,27,12,0,0,1] dt_k7_fvaluat1
s: 1150
d: [2,7003,0,25,11,0,21,1150,973]
s: 7003
d: [2,3614,1,4,2,1,40,1092,2242]
d: [2,3634,1,2,1,2,21,3614,2247]
a: [3,3638,1,2,1,3634]
s: 3638
i: [1,1151,0,27,12,0,0,1] dt_k7_fvaluat1
s: 1151
d: [2,3615,1,4,2,1,40,1092,2287]
d: [2,3640,1,2,1,2,21,3615,2292]
a: [3,3644,1,2,1,3640]
s: 3644
d: [2,7004,0,25,11,0,21,1151,973]
s: 7004
i: [1,1152,0,27,12,0,0,1] dt_k7_fvaluat1
s: 1152
d: [2,3676,1,5,2,0,40,837,1007]
a: [3,3686,1,2,1,3676]
s: 3686
d: [2,7005,0,25,11,0,21,1152,973]
s: 7005
d: [2,3678,1,5,2,0,40,837,1009]
a: [3,3704,1,2,1,3678]
s: 3704
i: [1,1153,0,27,12,0,0,1] dt_k7_fvaluat1
s: 1153
d: [2,7006,0,25,11,0,21,1153,973]
s: 7006
d: [2,3814,1,4,2,1,40,867,1507]
a: [3,3832,1,2,1,3814]
s: 3832
i: [1,1154,0,27,12,0,0,1] dt_k7_fvaluat1
s: 1154
d: [2,3815,1,4,2,1,40,867,1512]
a: [3,3841,1,2,1,3815]
s: 3841
d: [2,7007,0,25,11,0,21,1154,973]
s: 7007
i: [1,1020,0,35,14,0,0,1] t51_fvaluat1
s: 1020
d: [2,3826,1,4,2,1,40,867,2302]
a: [3,3869,1,2,1,3826]
s: 3869
d: [2,7026,0,33,13,0,21,1020,973]
s: 7026
d: [2,7027,2,0,0,13,52,1422,1417,1412,1402,1397,1392,1387,1382,1377,1367,1372,6865,1362,7026]
e: 7027
d: [2,7032,1,27,12,1,40,7026,1362]
d: [2,7039,1,23,11,2,21,7032,6865]
d: [2,7040,1,21,10,3,21,7039,1367]
d: [2,7041,1,18,9,4,21,7040,1372]
d: [2,7042,1,16,8,5,21,7041,1377]
d: [2,7043,1,14,7,6,21,7042,1382]
d: [2,7044,1,12,6,7,21,7043,1387]
d: [2,7045,1,10,5,8,21,7044,1392]
d: [2,7046,1,8,4,9,21,7045,1397]
d: [2,7047,1,6,3,10,21,7046,1402]
d: [2,7048,1,4,2,11,21,7047,1412]
d: [2,7049,1,2,1,12,21,7048,1417]
d: [2,7050,1,0,0,13,21,7049,1422]
e: 7050
r: 6865
a: [3,6864,1,4,1,6861]
s: 6864
i: [1,927,0,37,14,0,0,2] t16_fvaluat1
s: 927
d: [2,7147,0,35,13,0,21,927,973]
s: 7147
a: [3,4065,1,2,1,4023]
s: 4065
i: [1,1178,0,45,9,0,0,255] dt_g6_algstr_0
s: 1178
a: [3,4338,1,2,1,4302]
s: 4338
i: [1,1179,0,45,9,0,0,255] dt_g6_algstr_0
s: 1179
i: [1,1170,0,47,10,0,0,255] fc31_algstr_0
s: 1170
a: [3,4006,1,2,1,3967]
s: 4006
i: [1,1171,0,47,10,0,0,255] fc31_algstr_0
s: 1171
a: [3,4288,1,2,1,4248]
s: 4288
r: 4288
r: 4338
i: [1,1172,0,47,10,0,0,255] fc29_algstr_0
s: 1172
i: [1,1173,0,47,10,0,0,255] fc29_algstr_0
s: 1173
a: [3,4287,1,2,1,4248]
s: 4287
i: [1,1174,0,47,10,0,0,255] fc4_realset2
s: 1174
a: [3,4337,1,2,1,4302]
s: 4337
i: [1,1175,0,47,10,0,0,255] fc4_realset2
s: 1175
i: [1,1176,0,47,10,0,0,255] fc30_algstr_0
s: 1176
d: [2,7064,2,11,4,1,40,6864,862]
d: [2,7078,2,9,3,2,21,7064,2846]
a: [3,7082,2,3,1,7078]
s: 7082
i: [1,1177,0,47,10,0,0,255] fc30_algstr_0
s: 1177
a: [3,7085,2,3,1,7078]
s: 7085
i: [1,1180,0,54,10,0,0,255] free_g6_algstr_0
s: 1180
i: [1,1181,0,54,10,0,0,255] free_g6_algstr_0
s: 1181
a: [3,7089,2,3,1,7078]
s: 7089
i: [1,1182,0,54,10,0,0,255] free_g6_algstr_0
s: 1182
d: [2,7070,2,5,2,1,40,6864,896]
a: [3,7105,2,3,1,7070]
s: 7105
i: [1,1183,0,54,10,0,0,255] free_g6_algstr_0
s: 1183
i: [1,1184,0,54,10,0,0,255] free_g6_algstr_0
s: 1184
d: [2,7072,2,5,2,1,40,6864,901]
d: [2,7112,2,3,1,2,21,7072,4134]
a: [3,7116,2,3,1,7112]
s: 7116
a: [3,6869,1,7,1,6861]
s: 6869
d: [2,7272,2,0,0,13,52,2602,1422,1417,1412,1402,1397,1392,1387,1382,1377,6864,1357,6869,7147]
e: 7272
d: [2,7273,2,33,13,1,44,7147,6869]
d: [2,7275,2,28,12,1,19,7273]
d: [2,7277,2,24,11,2,21,7275,1357]
d: [2,7278,2,20,10,3,21,7277,6864]
d: [2,7279,2,18,9,4,21,7278,1377]
d: [2,7280,2,16,8,5,21,7279,1382]
d: [2,7281,2,14,7,6,21,7280,1387]
d: [2,7282,2,12,6,7,21,7281,1392]
d: [2,7283,2,10,5,8,21,7282,1397]
d: [2,7284,2,8,4,9,21,7283,1402]
d: [2,7285,2,6,3,10,21,7284,1412]
d: [2,7286,2,4,2,11,21,7285,1417]
d: [2,7287,2,2,1,12,21,7286,1422]
d: [2,7288,2,0,0,13,21,7287,2602]
e: 7288
d: [2,6858,1,17,5,1,44,1352,1049]
d: [2,6871,1,15,4,2,21,6858,1427]
d: [2,6872,1,13,3,3,21,6871,1377]
d: [2,6873,1,11,2,4,21,6872,1422]
d: [2,7052,1,25,11,2,21,7032,1367]
d: [2,7053,1,22,10,3,21,7052,1372]
d: [2,7054,1,20,9,4,21,7053,1377]
d: [2,7055,1,18,8,5,21,7054,1382]
d: [2,7056,1,16,7,6,21,7055,1387]
d: [2,7057,1,14,6,7,21,7056,1392]
d: [2,7058,1,12,5,8,21,7057,1397]
d: [2,7059,1,10,4,9,21,7058,1402]
d: [2,7060,1,8,3,10,21,7059,1412]
d: [2,7061,1,6,2,11,21,7060,1417]
d: [2,7062,1,4,1,12,21,7061,1422]
f: 7288,7062,6873,2596,800,801,802,803,805,806,807,808,809,810,811,812,813,814,815
% Refutation found. Thanks to Tanya!
% SZS status Theorem for fvaluat1__t71_fvaluat1
% SZS output start Proof for fvaluat1__t71_fvaluat1
1. ! [X0] : (v7_ordinal1(X0) => ! [X1] : ((l6_algstr_0(X1) & v1_realset2(X1) & v4_rlvect_1(X1) & v3_rlvect_1(X1) & v2_rlvect_1(X1) & v5_vectsp_1(X1) & v3_group_1(X1) & v13_algstr_0(X1) & ~v6_struct_0(X1) & ~v2_struct_0(X1)) => ! [X2] : (m1_fvaluat1(X2,X1) => (v3_fvaluat1(X1) => ! [X3] : (m1_subset_1(X3,u1_struct_0(k7_fvaluat1(X1,X2))) => ~(k4_struct_0(X1) = k1_binop_1(k4_group_1(X1),X3,X0) & k4_struct_0(X1) != X3)))))) [input t71_fvaluat1]
2. ~! [X0] : (v7_ordinal1(X0) => ! [X1] : ((l6_algstr_0(X1) & v1_realset2(X1) & v4_rlvect_1(X1) & v3_rlvect_1(X1) & v2_rlvect_1(X1) & v5_vectsp_1(X1) & v3_group_1(X1) & v13_algstr_0(X1) & ~v6_struct_0(X1) & ~v2_struct_0(X1)) => ! [X2] : (m1_fvaluat1(X2,X1) => (v3_fvaluat1(X1) => ! [X3] : (m1_subset_1(X3,u1_struct_0(k7_fvaluat1(X1,X2))) => ~(k4_struct_0(X1) = k1_binop_1(k4_group_1(X1),X3,X0) & k4_struct_0(X1) != X3)))))) [negated conjecture 1]
51. ! [X0] : (v7_ordinal1(X0) => v1_int_1(X0)) [input cc2_int_1]
55. ! [X0] : (l6_algstr_0(X0) => ((v1_realset2(X0) & v5_vectsp_1(X0) & v4_rlvect_1(X0) & v3_rlvect_1(X0) & v2_rlvect_1(X0) & v13_algstr_0(X0) & ~v6_struct_0(X0)) => (v4_vectsp_1(X0) & v5_group_1(X0) & v3_group_1(X0) & v33_algstr_0(X0) & ~v6_struct_0(X0)))) [input cc2_realset2]
123. ! [X0] : ((l6_algstr_0(X0) & ~v2_struct_0(X0)) => ! [X1] : (m1_subset_1(X1,u1_struct_0(X0)) => ! [X2] : (v7_ordinal1(X2) => k3_fvaluat1(X0,X1,X2) = k1_binop_1(k4_group_1(X0),X1,X2)))) [input d6_fvaluat1]
288. ! [X0] : (v1_int_1(X0) => ! [X1] : ((l6_algstr_0(X1) & v1_realset2(X1) & v4_rlvect_1(X1) & v3_rlvect_1(X1) & v2_rlvect_1(X1) & v5_vectsp_1(X1) & v3_group_1(X1) & v13_algstr_0(X1) & ~v6_struct_0(X1) & ~v2_struct_0(X1)) => ! [X2] : (m1_subset_1(X2,u1_struct_0(X1)) => ~(k4_struct_0(X1) = k3_fvaluat1(X1,X2,X0) & k4_struct_0(X1) != X2)))) [input t16_fvaluat1]
294. ! [X0] : ((l6_algstr_0(X0) & v1_realset2(X0) & v4_rlvect_1(X0) & v3_rlvect_1(X0) & v2_rlvect_1(X0) & v5_vectsp_1(X0) & v3_group_1(X0) & v13_algstr_0(X0) & ~v6_struct_0(X0) & ~v2_struct_0(X0)) => ! [X1] : (m1_fvaluat1(X1,X0) => (v3_fvaluat1(X0) => ! [X2] : (m1_subset_1(X2,u1_struct_0(k7_fvaluat1(X0,X1))) => m1_subset_1(X2,u1_struct_0(X0)))))) [input t51_fvaluat1]
339. ? [X0] : (? [X1] : (? [X2] : ((? [X3] : ((k4_struct_0(X1) = k1_binop_1(k4_group_1(X1),X3,X0) & k4_struct_0(X1) != X3) & m1_subset_1(X3,u1_struct_0(k7_fvaluat1(X1,X2)))) & v3_fvaluat1(X1)) & m1_fvaluat1(X2,X1)) & (l6_algstr_0(X1) & v1_realset2(X1) & v4_rlvect_1(X1) & v3_rlvect_1(X1) & v2_rlvect_1(X1) & v5_vectsp_1(X1) & v3_group_1(X1) & v13_algstr_0(X1) & ~v6_struct_0(X1) & ~v2_struct_0(X1))) & v7_ordinal1(X0)) [ennf transformation 2]
340. ? [X0] : (? [X1] : (? [X2] : (? [X3] : (k4_struct_0(X1) = k1_binop_1(k4_group_1(X1),X3,X0) & k4_struct_0(X1) != X3 & m1_subset_1(X3,u1_struct_0(k7_fvaluat1(X1,X2)))) & v3_fvaluat1(X1) & m1_fvaluat1(X2,X1)) & l6_algstr_0(X1) & v1_realset2(X1) & v4_rlvect_1(X1) & v3_rlvect_1(X1) & v2_rlvect_1(X1) & v5_vectsp_1(X1) & v3_group_1(X1) & v13_algstr_0(X1) & ~v6_struct_0(X1) & ~v2_struct_0(X1)) & v7_ordinal1(X0)) [flattening 339]
415. ! [X0] : (! [X1] : (! [X2] : ((k4_struct_0(X1) != k3_fvaluat1(X1,X2,X0) | k4_struct_0(X1) = X2) | ~m1_subset_1(X2,u1_struct_0(X1))) | (~l6_algstr_0(X1) | ~v1_realset2(X1) | ~v4_rlvect_1(X1) | ~v3_rlvect_1(X1) | ~v2_rlvect_1(X1) | ~v5_vectsp_1(X1) | ~v3_group_1(X1) | ~v13_algstr_0(X1) | v6_struct_0(X1) | v2_struct_0(X1))) | ~v1_int_1(X0)) [ennf transformation 288]
416. ! [X0] : (! [X1] : (! [X2] : (k4_struct_0(X1) != k3_fvaluat1(X1,X2,X0) | k4_struct_0(X1) = X2 | ~m1_subset_1(X2,u1_struct_0(X1))) | ~l6_algstr_0(X1) | ~v1_realset2(X1) | ~v4_rlvect_1(X1) | ~v3_rlvect_1(X1) | ~v2_rlvect_1(X1) | ~v5_vectsp_1(X1) | ~v3_group_1(X1) | ~v13_algstr_0(X1) | v6_struct_0(X1) | v2_struct_0(X1)) | ~v1_int_1(X0)) [flattening 415]
446. ! [X0] : (v1_int_1(X0) | ~v7_ordinal1(X0)) [ennf transformation 51]
465. ! [X0] : (((v4_vectsp_1(X0) & v5_group_1(X0) & v3_group_1(X0) & v33_algstr_0(X0) & ~v6_struct_0(X0)) | (~v1_realset2(X0) | ~v5_vectsp_1(X0) | ~v4_rlvect_1(X0) | ~v3_rlvect_1(X0) | ~v2_rlvect_1(X0) | ~v13_algstr_0(X0) | v6_struct_0(X0))) | ~l6_algstr_0(X0)) [ennf transformation 55]
466. ! [X0] : ((v4_vectsp_1(X0) & v5_group_1(X0) & v3_group_1(X0) & v33_algstr_0(X0) & ~v6_struct_0(X0)) | ~v1_realset2(X0) | ~v5_vectsp_1(X0) | ~v4_rlvect_1(X0) | ~v3_rlvect_1(X0) | ~v2_rlvect_1(X0) | ~v13_algstr_0(X0) | v6_struct_0(X0) | ~l6_algstr_0(X0)) [flattening 465]
508. ! [X0] : (! [X1] : ((! [X2] : (m1_subset_1(X2,u1_struct_0(X0)) | ~m1_subset_1(X2,u1_struct_0(k7_fvaluat1(X0,X1)))) | ~v3_fvaluat1(X0)) | ~m1_fvaluat1(X1,X0)) | (~l6_algstr_0(X0) | ~v1_realset2(X0) | ~v4_rlvect_1(X0) | ~v3_rlvect_1(X0) | ~v2_rlvect_1(X0) | ~v5_vectsp_1(X0) | ~v3_group_1(X0) | ~v13_algstr_0(X0) | v6_struct_0(X0) | v2_struct_0(X0))) [ennf transformation 294]
509. ! [X0] : (! [X1] : (! [X2] : (m1_subset_1(X2,u1_struct_0(X0)) | ~m1_subset_1(X2,u1_struct_0(k7_fvaluat1(X0,X1)))) | ~v3_fvaluat1(X0) | ~m1_fvaluat1(X1,X0)) | ~l6_algstr_0(X0) | ~v1_realset2(X0) | ~v4_rlvect_1(X0) | ~v3_rlvect_1(X0) | ~v2_rlvect_1(X0) | ~v5_vectsp_1(X0) | ~v3_group_1(X0) | ~v13_algstr_0(X0) | v6_struct_0(X0) | v2_struct_0(X0)) [flattening 508]
534. ! [X0] : (! [X1] : (! [X2] : (k3_fvaluat1(X0,X1,X2) = k1_binop_1(k4_group_1(X0),X1,X2) | ~v7_ordinal1(X2)) | ~m1_subset_1(X1,u1_struct_0(X0))) | (~l6_algstr_0(X0) | v2_struct_0(X0))) [ennf transformation 123]
535. ! [X0] : (! [X1] : (! [X2] : (k3_fvaluat1(X0,X1,X2) = k1_binop_1(k4_group_1(X0),X1,X2) | ~v7_ordinal1(X2)) | ~m1_subset_1(X1,u1_struct_0(X0))) | ~l6_algstr_0(X0) | v2_struct_0(X0)) [flattening 534]
636. ? [X0] : (? [X1] : (? [X2] : (? [X3] : (k4_struct_0(X1) = k1_binop_1(k4_group_1(X1),X3,X0) & k4_struct_0(X1) != X3 & m1_subset_1(X3,u1_struct_0(k7_fvaluat1(X1,X2)))) & v3_fvaluat1(X1) & m1_fvaluat1(X2,X1)) & l6_algstr_0(X1) & v1_realset2(X1) & v4_rlvect_1(X1) & v3_rlvect_1(X1) & v2_rlvect_1(X1) & v5_vectsp_1(X1) & v3_group_1(X1) & v13_algstr_0(X1) & ~v6_struct_0(X1) & ~v2_struct_0(X1)) & v7_ordinal1(X0)) => (? [X1] : (? [X2] : (? [X3] : (k4_struct_0(X1) = k1_binop_1(k4_group_1(X1),X3,sK0) & k4_struct_0(X1) != X3 & m1_subset_1(X3,u1_struct_0(k7_fvaluat1(X1,X2)))) & v3_fvaluat1(X1) & m1_fvaluat1(X2,X1)) & l6_algstr_0(X1) & v1_realset2(X1) & v4_rlvect_1(X1) & v3_rlvect_1(X1) & v2_rlvect_1(X1) & v5_vectsp_1(X1) & v3_group_1(X1) & v13_algstr_0(X1) & ~v6_struct_0(X1) & ~v2_struct_0(X1)) & v7_ordinal1(sK0)) [choice axiom]
637. ? [X1] : (? [X2] : (? [X3] : (k4_struct_0(X1) = k1_binop_1(k4_group_1(X1),X3,sK0) & k4_struct_0(X1) != X3 & m1_subset_1(X3,u1_struct_0(k7_fvaluat1(X1,X2)))) & v3_fvaluat1(X1) & m1_fvaluat1(X2,X1)) & l6_algstr_0(X1) & v1_realset2(X1) & v4_rlvect_1(X1) & v3_rlvect_1(X1) & v2_rlvect_1(X1) & v5_vectsp_1(X1) & v3_group_1(X1) & v13_algstr_0(X1) & ~v6_struct_0(X1) & ~v2_struct_0(X1)) => (? [X2] : (? [X3] : (k4_struct_0(sK1) = k1_binop_1(k4_group_1(sK1),X3,sK0) & k4_struct_0(sK1) != X3 & m1_subset_1(X3,u1_struct_0(k7_fvaluat1(sK1,X2)))) & v3_fvaluat1(sK1) & m1_fvaluat1(X2,sK1)) & l6_algstr_0(sK1) & v1_realset2(sK1) & v4_rlvect_1(sK1) & v3_rlvect_1(sK1) & v2_rlvect_1(sK1) & v5_vectsp_1(sK1) & v3_group_1(sK1) & v13_algstr_0(sK1) & ~v6_struct_0(sK1) & ~v2_struct_0(sK1)) [choice axiom]
638. ? [X2] : (? [X3] : (k4_struct_0(sK1) = k1_binop_1(k4_group_1(sK1),X3,sK0) & k4_struct_0(sK1) != X3 & m1_subset_1(X3,u1_struct_0(k7_fvaluat1(sK1,X2)))) & v3_fvaluat1(sK1) & m1_fvaluat1(X2,sK1)) => (? [X3] : (k4_struct_0(sK1) = k1_binop_1(k4_group_1(sK1),X3,sK0) & k4_struct_0(sK1) != X3 & m1_subset_1(X3,u1_struct_0(k7_fvaluat1(sK1,sK2)))) & v3_fvaluat1(sK1) & m1_fvaluat1(sK2,sK1)) [choice axiom]
639. ? [X3] : (k4_struct_0(sK1) = k1_binop_1(k4_group_1(sK1),X3,sK0) & k4_struct_0(sK1) != X3 & m1_subset_1(X3,u1_struct_0(k7_fvaluat1(sK1,sK2)))) => (k4_struct_0(sK1) = k1_binop_1(k4_group_1(sK1),sK3,sK0) & k4_struct_0(sK1) != sK3 & m1_subset_1(sK3,u1_struct_0(k7_fvaluat1(sK1,sK2)))) [choice axiom]
640. (((k4_struct_0(sK1) = k1_binop_1(k4_group_1(sK1),sK3,sK0) & k4_struct_0(sK1) != sK3 & m1_subset_1(sK3,u1_struct_0(k7_fvaluat1(sK1,sK2)))) & v3_fvaluat1(sK1) & m1_fvaluat1(sK2,sK1)) & l6_algstr_0(sK1) & v1_realset2(sK1) & v4_rlvect_1(sK1) & v3_rlvect_1(sK1) & v2_rlvect_1(sK1) & v5_vectsp_1(sK1) & v3_group_1(sK1) & v13_algstr_0(sK1) & ~v6_struct_0(sK1) & ~v2_struct_0(sK1)) & v7_ordinal1(sK0) [skolemisation 340,639,638,637,636]
800. v7_ordinal1(sK0) [cnf transformation 640] {a:0,w:2,wCS:200,goal:1,sine:0,thAx:0,allAx:5,thDist:-5}
801. ~v2_struct_0(sK1) [cnf transformation 640] {a:0,w:2,wCS:200,goal:1,sine:0,thAx:0,allAx:5,thDist:-5}
802. ~v6_struct_0(sK1) [cnf transformation 640] {a:0,w:2,wCS:200,goal:1,sine:0,thAx:0,allAx:5,thDist:-5}
803. v13_algstr_0(sK1) [cnf transformation 640] {a:0,w:2,wCS:200,goal:1,sine:0,thAx:0,allAx:5,thDist:-5}
805. v5_vectsp_1(sK1) [cnf transformation 640] {a:0,w:2,wCS:200,goal:1,sine:0,thAx:0,allAx:5,thDist:-5}
806. v2_rlvect_1(sK1) [cnf transformation 640] {a:0,w:2,wCS:200,goal:1,sine:0,thAx:0,allAx:5,thDist:-5}
807. v3_rlvect_1(sK1) [cnf transformation 640] {a:0,w:2,wCS:200,goal:1,sine:0,thAx:0,allAx:5,thDist:-5}
808. v4_rlvect_1(sK1) [cnf transformation 640] {a:0,w:2,wCS:200,goal:1,sine:0,thAx:0,allAx:5,thDist:-5}
809. v1_realset2(sK1) [cnf transformation 640] {a:0,w:2,wCS:200,goal:1,sine:0,thAx:0,allAx:5,thDist:-5}
810. l6_algstr_0(sK1) [cnf transformation 640] {a:0,w:2,wCS:200,goal:1,sine:0,thAx:0,allAx:5,thDist:-5}
811. m1_fvaluat1(sK2,sK1) [cnf transformation 640] {a:0,w:3,wCS:300,goal:1,sine:0,thAx:0,allAx:5,thDist:-5}
812. v3_fvaluat1(sK1) [cnf transformation 640] {a:0,w:2,wCS:200,goal:1,sine:0,thAx:0,allAx:5,thDist:-5}
813. m1_subset_1(sK3,u1_struct_0(k7_fvaluat1(sK1,sK2))) [cnf transformation 640] {a:0,w:6,wCS:600,goal:1,sine:0,thAx:0,allAx:5,thDist:-5}
814. k4_struct_0(sK1) != sK3 [cnf transformation 640] {a:0,w:4,wCS:400,goal:1,sine:0,thAx:0,allAx:5,thDist:-5}
815. k4_struct_0(sK1) = k1_binop_1(k4_group_1(sK1),sK3,sK0) [cnf transformation 640] {a:0,w:8,wCS:800,goal:1,sine:0,thAx:0,allAx:5,thDist:-5}
927. k4_struct_0(X1) != k3_fvaluat1(X1,X2,X0) | k4_struct_0(X1) = X2 | ~m1_subset_1(X2,u1_struct_0(X1)) | ~l6_algstr_0(X1) | ~v1_realset2(X1) | ~v4_rlvect_1(X1) | ~v3_rlvect_1(X1) | ~v2_rlvect_1(X1) | ~v5_vectsp_1(X1) | ~v3_group_1(X1) | ~v13_algstr_0(X1) | v6_struct_0(X1) | v2_struct_0(X1) | ~v1_int_1(X0) [cnf transformation 416] {a:0,w:37,wCS:14800,sine:2,thAx:0,allAx:1,thDist:-1}
949. ~v7_ordinal1(X0) | v1_int_1(X0) [cnf transformation 446] {a:0,w:4,wCS:1600,nSel:1,sine:3,thAx:0,allAx:1,thDist:-1}
973. ~l6_algstr_0(X0) | ~v1_realset2(X0) | ~v5_vectsp_1(X0) | ~v4_rlvect_1(X0) | ~v3_rlvect_1(X0) | ~v2_rlvect_1(X0) | ~v13_algstr_0(X0) | v6_struct_0(X0) | v3_group_1(X0) [cnf transformation 466] {a:0,w:18,wCS:7200,nSel:1,sine:255,thAx:0,allAx:1,thDist:-1}
1020. m1_subset_1(X2,u1_struct_0(X0)) | ~m1_subset_1(X2,u1_struct_0(k7_fvaluat1(X0,X1))) | ~v3_fvaluat1(X0) | ~m1_fvaluat1(X1,X0) | ~l6_algstr_0(X0) | ~v1_realset2(X0) | ~v4_rlvect_1(X0) | ~v3_rlvect_1(X0) | ~v2_rlvect_1(X0) | ~v5_vectsp_1(X0) | ~v3_group_1(X0) | ~v13_algstr_0(X0) | v6_struct_0(X0) | v2_struct_0(X0) [cnf transformation 509] {a:0,w:35,wCS:14000,sine:1,thAx:0,allAx:1,thDist:-1}
1049. k3_fvaluat1(X0,X1,X2) = k1_binop_1(k4_group_1(X0),X1,X2) | ~v7_ordinal1(X2) | ~m1_subset_1(X1,u1_struct_0(X0)) | ~l6_algstr_0(X0) | v2_struct_0(X0) [cnf transformation 535] {a:0,w:20,wCS:8000,nSel:1,sine:1,thAx:0,allAx:1,thDist:-1}
1350. 1 <=> k4_struct_0(sK1) = k1_binop_1(k4_group_1(sK1),sK3,sK0) [avatar definition]
1352. k4_struct_0(sK1) = k1_binop_1(k4_group_1(sK1),sK3,sK0) <- (1) [avatar component clause 1350] {a:0,w:8,wCS:800,nSel:1,goal:1,sine:255,thAx:0,allAx:5,thDist:-5}
1353. 1 [avatar split clause 815,1350]
1355. 2 <=> k4_struct_0(sK1) = sK3 [avatar definition]
1357. k4_struct_0(sK1) != sK3 <- (~2) [avatar component clause 1355] {a:0,w:4,wCS:400,nSel:1,goal:1,sine:255,thAx:0,allAx:5,thDist:-5}
1358. ~2 [avatar split clause 814,1355]
1360. 3 <=> m1_subset_1(sK3,u1_struct_0(k7_fvaluat1(sK1,sK2))) [avatar definition]
1362. m1_subset_1(sK3,u1_struct_0(k7_fvaluat1(sK1,sK2))) <- (3) [avatar component clause 1360] {a:0,w:6,wCS:600,nSel:1,goal:1,sine:255,thAx:0,allAx:5,thDist:-5}
1363. 3 [avatar split clause 813,1360]
1365. 4 <=> v3_fvaluat1(sK1) [avatar definition]
1367. v3_fvaluat1(sK1) <- (4) [avatar component clause 1365] {a:0,w:2,wCS:200,nSel:1,goal:1,sine:255,thAx:0,allAx:5,thDist:-5}
1368. 4 [avatar split clause 812,1365]
1370. 5 <=> m1_fvaluat1(sK2,sK1) [avatar definition]
1372. m1_fvaluat1(sK2,sK1) <- (5) [avatar component clause 1370] {a:0,w:3,wCS:300,nSel:1,goal:1,sine:255,thAx:0,allAx:5,thDist:-5}
1373. 5 [avatar split clause 811,1370]
1375. 6 <=> l6_algstr_0(sK1) [avatar definition]
1377. l6_algstr_0(sK1) <- (6) [avatar component clause 1375] {a:0,w:2,wCS:200,nSel:1,goal:1,sine:255,thAx:0,allAx:5,thDist:-5}
1378. 6 [avatar split clause 810,1375]
1380. 7 <=> v1_realset2(sK1) [avatar definition]
1382. v1_realset2(sK1) <- (7) [avatar component clause 1380] {a:0,w:2,wCS:200,nSel:1,goal:1,sine:255,thAx:0,allAx:5,thDist:-5}
1383. 7 [avatar split clause 809,1380]
1385. 8 <=> v4_rlvect_1(sK1) [avatar definition]
1387. v4_rlvect_1(sK1) <- (8) [avatar component clause 1385] {a:0,w:2,wCS:200,nSel:1,goal:1,sine:255,thAx:0,allAx:5,thDist:-5}
1388. 8 [avatar split clause 808,1385]
1390. 9 <=> v3_rlvect_1(sK1) [avatar definition]
1392. v3_rlvect_1(sK1) <- (9) [avatar component clause 1390] {a:0,w:2,wCS:200,nSel:1,goal:1,sine:255,thAx:0,allAx:5,thDist:-5}
1393. 9 [avatar split clause 807,1390]
1395. 10 <=> v2_rlvect_1(sK1) [avatar definition]
1397. v2_rlvect_1(sK1) <- (10) [avatar component clause 1395] {a:0,w:2,wCS:200,nSel:1,goal:1,sine:255,thAx:0,allAx:5,thDist:-5}
1398. 10 [avatar split clause 806,1395]
1400. 11 <=> v5_vectsp_1(sK1) [avatar definition]
1402. v5_vectsp_1(sK1) <- (11) [avatar component clause 1400] {a:0,w:2,wCS:200,nSel:1,goal:1,sine:255,thAx:0,allAx:5,thDist:-5}
1403. 11 [avatar split clause 805,1400]
1410. 13 <=> v13_algstr_0(sK1) [avatar definition]
1412. v13_algstr_0(sK1) <- (13) [avatar component clause 1410] {a:0,w:2,wCS:200,nSel:1,goal:1,sine:255,thAx:0,allAx:5,thDist:-5}
1413. 13 [avatar split clause 803,1410]
1415. 14 <=> v6_struct_0(sK1) [avatar definition]
1417. ~v6_struct_0(sK1) <- (~14) [avatar component clause 1415] {a:0,w:2,wCS:200,nSel:1,goal:1,sine:255,thAx:0,allAx:5,thDist:-5}
1418. ~14 [avatar split clause 802,1415]
1420. 15 <=> v2_struct_0(sK1) [avatar definition]
1422. ~v2_struct_0(sK1) <- (~15) [avatar component clause 1420] {a:0,w:2,wCS:200,nSel:1,goal:1,sine:255,thAx:0,allAx:5,thDist:-5}
1423. ~15 [avatar split clause 801,1420]
1425. 16 <=> v7_ordinal1(sK0) [avatar definition]
1427. v7_ordinal1(sK0) <- (16) [avatar component clause 1425] {a:0,w:2,wCS:200,nSel:1,goal:1,sine:255,thAx:0,allAx:5,thDist:-5}
1428. 16 [avatar split clause 800,1425]
2596. v1_int_1(sK0) <- (16) [resolution 949,1427] {a:1,w:2,wCS:200,goal:1,sine:3,thAx:0,allAx:6,thDist:-6}
2600. 240 <=> v1_int_1(sK0) [avatar definition]
2602. v1_int_1(sK0) <- (240) [avatar component clause 2600] {a:1,w:2,wCS:200,nSel:1,goal:1,sine:255,thAx:0,allAx:6,thDist:-6}
2603. 240 | ~16 [avatar split clause 2596,1425,2600]
6858. k4_struct_0(sK1) = k3_fvaluat1(sK1,sK3,sK0) | ~v7_ordinal1(sK0) | ~m1_subset_1(sK3,u1_struct_0(sK1)) | ~l6_algstr_0(sK1) | v2_struct_0(sK1) <- (1) [superposition 1352,1049] {a:1,w:17,wCS:1700,goal:1,sine:1,thAx:0,allAx:6,thDist:-6}
6863. 736 <=> m1_subset_1(sK3,u1_struct_0(sK1)) [avatar definition]
6864. m1_subset_1(sK3,u1_struct_0(sK1)) <- (736) [avatar component clause 6863] {a:1,w:4,wCS:400,nSel:1,goal:1,sine:255,thAx:0,allAx:6,thDist:-6}
6867. 737 <=> k4_struct_0(sK1) = k3_fvaluat1(sK1,sK3,sK0) [avatar definition]
6869. k4_struct_0(sK1) = k3_fvaluat1(sK1,sK3,sK0) <- (737) [avatar component clause 6867] {a:1,w:7,wCS:700,nSel:1,goal:1,sine:255,thAx:0,allAx:6,thDist:-6}
6871. k4_struct_0(sK1) = k3_fvaluat1(sK1,sK3,sK0) | ~m1_subset_1(sK3,u1_struct_0(sK1)) | ~l6_algstr_0(sK1) | v2_struct_0(sK1) <- (1, 16) [subsumption resolution 6858,1427] {a:1,w:15,wCS:1500,goal:1,sine:1,thAx:0,allAx:6,thDist:-6}
6872. k4_struct_0(sK1) = k3_fvaluat1(sK1,sK3,sK0) | ~m1_subset_1(sK3,u1_struct_0(sK1)) | v2_struct_0(sK1) <- (1, 6, 16) [subsumption resolution 6871,1377] {a:1,w:13,wCS:1300,goal:1,sine:1,thAx:0,allAx:6,thDist:-6}
6873. k4_struct_0(sK1) = k3_fvaluat1(sK1,sK3,sK0) | ~m1_subset_1(sK3,u1_struct_0(sK1)) <- (1, 6, ~15, 16) [subsumption resolution 6872,1422] {a:1,w:11,wCS:1100,goal:1,sine:1,thAx:0,allAx:6,thDist:-6}
6874. ~736 | 737 | ~1 | ~6 | 15 | ~16 [avatar split clause 6873,1425,1420,1375,1350,6867,6863]
7026. ~m1_subset_1(X2,u1_struct_0(k7_fvaluat1(X0,X1))) | m1_subset_1(X2,u1_struct_0(X0)) | ~v3_fvaluat1(X0) | ~m1_fvaluat1(X1,X0) | ~l6_algstr_0(X0) | ~v1_realset2(X0) | ~v4_rlvect_1(X0) | ~v3_rlvect_1(X0) | ~v2_rlvect_1(X0) | ~v5_vectsp_1(X0) | ~v13_algstr_0(X0) | v6_struct_0(X0) | v2_struct_0(X0) [subsumption resolution 1020,973] {a:0,w:33,wCS:13200,nSel:1,sine:1,thAx:0,allAx:1,thDist:-1}
7032. m1_subset_1(sK3,u1_struct_0(sK1)) | ~v3_fvaluat1(sK1) | ~m1_fvaluat1(sK2,sK1) | ~l6_algstr_0(sK1) | ~v1_realset2(sK1) | ~v4_rlvect_1(sK1) | ~v3_rlvect_1(sK1) | ~v2_rlvect_1(sK1) | ~v5_vectsp_1(sK1) | ~v13_algstr_0(sK1) | v6_struct_0(sK1) | v2_struct_0(sK1) <- (3) [resolution 7026,1362] {a:1,w:27,wCS:2700,goal:1,sine:1,thAx:0,allAx:6,thDist:-6}
7052. m1_subset_1(sK3,u1_struct_0(sK1)) | ~m1_fvaluat1(sK2,sK1) | ~l6_algstr_0(sK1) | ~v1_realset2(sK1) | ~v4_rlvect_1(sK1) | ~v3_rlvect_1(sK1) | ~v2_rlvect_1(sK1) | ~v5_vectsp_1(sK1) | ~v13_algstr_0(sK1) | v6_struct_0(sK1) | v2_struct_0(sK1) <- (3, 4) [subsumption resolution 7032,1367] {a:1,w:25,wCS:2500,goal:1,sine:1,thAx:0,allAx:6,thDist:-6}
7053. m1_subset_1(sK3,u1_struct_0(sK1)) | ~l6_algstr_0(sK1) | ~v1_realset2(sK1) | ~v4_rlvect_1(sK1) | ~v3_rlvect_1(sK1) | ~v2_rlvect_1(sK1) | ~v5_vectsp_1(sK1) | ~v13_algstr_0(sK1) | v6_struct_0(sK1) | v2_struct_0(sK1) <- (3, 4, 5) [subsumption resolution 7052,1372] {a:1,w:22,wCS:2200,goal:1,sine:1,thAx:0,allAx:6,thDist:-6}
7054. m1_subset_1(sK3,u1_struct_0(sK1)) | ~v1_realset2(sK1) | ~v4_rlvect_1(sK1) | ~v3_rlvect_1(sK1) | ~v2_rlvect_1(sK1) | ~v5_vectsp_1(sK1) | ~v13_algstr_0(sK1) | v6_struct_0(sK1) | v2_struct_0(sK1) <- (3, 4, 5, 6) [subsumption resolution 7053,1377] {a:1,w:20,wCS:2000,goal:1,sine:1,thAx:0,allAx:6,thDist:-6}
7055. m1_subset_1(sK3,u1_struct_0(sK1)) | ~v4_rlvect_1(sK1) | ~v3_rlvect_1(sK1) | ~v2_rlvect_1(sK1) | ~v5_vectsp_1(sK1) | ~v13_algstr_0(sK1) | v6_struct_0(sK1) | v2_struct_0(sK1) <- (3, 4, 5, 6, 7) [subsumption resolution 7054,1382] {a:1,w:18,wCS:1800,goal:1,sine:1,thAx:0,allAx:6,thDist:-6}
7056. m1_subset_1(sK3,u1_struct_0(sK1)) | ~v3_rlvect_1(sK1) | ~v2_rlvect_1(sK1) | ~v5_vectsp_1(sK1) | ~v13_algstr_0(sK1) | v6_struct_0(sK1) | v2_struct_0(sK1) <- (3, 4, 5, 6, 7, 8) [subsumption resolution 7055,1387] {a:1,w:16,wCS:1600,goal:1,sine:1,thAx:0,allAx:6,thDist:-6}
7057. m1_subset_1(sK3,u1_struct_0(sK1)) | ~v2_rlvect_1(sK1) | ~v5_vectsp_1(sK1) | ~v13_algstr_0(sK1) | v6_struct_0(sK1) | v2_struct_0(sK1) <- (3, 4, 5, 6, 7, 8, 9) [subsumption resolution 7056,1392] {a:1,w:14,wCS:1400,goal:1,sine:1,thAx:0,allAx:6,thDist:-6}
7058. m1_subset_1(sK3,u1_struct_0(sK1)) | ~v5_vectsp_1(sK1) | ~v13_algstr_0(sK1) | v6_struct_0(sK1) | v2_struct_0(sK1) <- (3, 4, 5, 6, 7, 8, 9, 10) [subsumption resolution 7057,1397] {a:1,w:12,wCS:1200,goal:1,sine:1,thAx:0,allAx:6,thDist:-6}
7059. m1_subset_1(sK3,u1_struct_0(sK1)) | ~v13_algstr_0(sK1) | v6_struct_0(sK1) | v2_struct_0(sK1) <- (3, 4, 5, 6, 7, 8, 9, 10, 11) [subsumption resolution 7058,1402] {a:1,w:10,wCS:1000,goal:1,sine:1,thAx:0,allAx:6,thDist:-6}
7060. m1_subset_1(sK3,u1_struct_0(sK1)) | v6_struct_0(sK1) | v2_struct_0(sK1) <- (3, 4, 5, 6, 7, 8, 9, 10, 11, 13) [subsumption resolution 7059,1412] {a:1,w:8,wCS:800,goal:1,sine:1,thAx:0,allAx:6,thDist:-6}
7061. m1_subset_1(sK3,u1_struct_0(sK1)) | v2_struct_0(sK1) <- (3, 4, 5, 6, 7, 8, 9, 10, 11, 13, ~14) [subsumption resolution 7060,1417] {a:1,w:6,wCS:600,goal:1,sine:1,thAx:0,allAx:6,thDist:-6}
7062. m1_subset_1(sK3,u1_struct_0(sK1)) <- (3, 4, 5, 6, 7, 8, 9, 10, 11, 13, ~14, ~15) [subsumption resolution 7061,1422] {a:1,w:4,wCS:400,goal:1,sine:1,thAx:0,allAx:6,thDist:-6}
7063. 736 | ~3 | ~4 | ~5 | ~6 | ~7 | ~8 | ~9 | ~10 | ~11 | ~13 | 14 | 15 [avatar split clause 7062,1420,1415,1410,1400,1395,1390,1385,1380,1375,1370,1365,1360,6863]
7147. k4_struct_0(X1) != k3_fvaluat1(X1,X2,X0) | k4_struct_0(X1) = X2 | ~m1_subset_1(X2,u1_struct_0(X1)) | ~l6_algstr_0(X1) | ~v1_realset2(X1) | ~v4_rlvect_1(X1) | ~v3_rlvect_1(X1) | ~v2_rlvect_1(X1) | ~v5_vectsp_1(X1) | ~v13_algstr_0(X1) | v6_struct_0(X1) | v2_struct_0(X1) | ~v1_int_1(X0) [subsumption resolution 927,973] {a:0,w:35,wCS:14000,nSel:1,sine:2,thAx:0,allAx:1,thDist:-1}
7273. k4_struct_0(sK1) != k4_struct_0(sK1) | k4_struct_0(sK1) = sK3 | ~m1_subset_1(sK3,u1_struct_0(sK1)) | ~l6_algstr_0(sK1) | ~v1_realset2(sK1) | ~v4_rlvect_1(sK1) | ~v3_rlvect_1(sK1) | ~v2_rlvect_1(sK1) | ~v5_vectsp_1(sK1) | ~v13_algstr_0(sK1) | v6_struct_0(sK1) | v2_struct_0(sK1) | ~v1_int_1(sK0) <- (737) [superposition 7147,6869] {a:2,w:33,wCS:3300,goal:1,sine:2,thAx:0,allAx:7,thDist:-7}
7275. k4_struct_0(sK1) = sK3 | ~m1_subset_1(sK3,u1_struct_0(sK1)) | ~l6_algstr_0(sK1) | ~v1_realset2(sK1) | ~v4_rlvect_1(sK1) | ~v3_rlvect_1(sK1) | ~v2_rlvect_1(sK1) | ~v5_vectsp_1(sK1) | ~v13_algstr_0(sK1) | v6_struct_0(sK1) | v2_struct_0(sK1) | ~v1_int_1(sK0) <- (737) [trivial inequality removal 7273] {a:2,w:28,wCS:2800,goal:1,sine:2,thAx:0,allAx:7,thDist:-7}
7277. ~m1_subset_1(sK3,u1_struct_0(sK1)) | ~l6_algstr_0(sK1) | ~v1_realset2(sK1) | ~v4_rlvect_1(sK1) | ~v3_rlvect_1(sK1) | ~v2_rlvect_1(sK1) | ~v5_vectsp_1(sK1) | ~v13_algstr_0(sK1) | v6_struct_0(sK1) | v2_struct_0(sK1) | ~v1_int_1(sK0) <- (~2, 737) [subsumption resolution 7275,1357] {a:2,w:24,wCS:2400,goal:1,sine:2,thAx:0,allAx:7,thDist:-7}
7278. ~l6_algstr_0(sK1) | ~v1_realset2(sK1) | ~v4_rlvect_1(sK1) | ~v3_rlvect_1(sK1) | ~v2_rlvect_1(sK1) | ~v5_vectsp_1(sK1) | ~v13_algstr_0(sK1) | v6_struct_0(sK1) | v2_struct_0(sK1) | ~v1_int_1(sK0) <- (~2, 736, 737) [subsumption resolution 7277,6864] {a:2,w:20,wCS:2000,goal:1,sine:2,thAx:0,allAx:7,thDist:-7}
7279. ~v1_realset2(sK1) | ~v4_rlvect_1(sK1) | ~v3_rlvect_1(sK1) | ~v2_rlvect_1(sK1) | ~v5_vectsp_1(sK1) | ~v13_algstr_0(sK1) | v6_struct_0(sK1) | v2_struct_0(sK1) | ~v1_int_1(sK0) <- (~2, 6, 736, 737) [subsumption resolution 7278,1377] {a:2,w:18,wCS:1800,goal:1,sine:2,thAx:0,allAx:7,thDist:-7}
7280. ~v4_rlvect_1(sK1) | ~v3_rlvect_1(sK1) | ~v2_rlvect_1(sK1) | ~v5_vectsp_1(sK1) | ~v13_algstr_0(sK1) | v6_struct_0(sK1) | v2_struct_0(sK1) | ~v1_int_1(sK0) <- (~2, 6, 7, 736, 737) [subsumption resolution 7279,1382] {a:2,w:16,wCS:1600,goal:1,sine:2,thAx:0,allAx:7,thDist:-7}
7281. ~v3_rlvect_1(sK1) | ~v2_rlvect_1(sK1) | ~v5_vectsp_1(sK1) | ~v13_algstr_0(sK1) | v6_struct_0(sK1) | v2_struct_0(sK1) | ~v1_int_1(sK0) <- (~2, 6, 7, 8, 736, 737) [subsumption resolution 7280,1387] {a:2,w:14,wCS:1400,goal:1,sine:2,thAx:0,allAx:7,thDist:-7}
7282. ~v2_rlvect_1(sK1) | ~v5_vectsp_1(sK1) | ~v13_algstr_0(sK1) | v6_struct_0(sK1) | v2_struct_0(sK1) | ~v1_int_1(sK0) <- (~2, 6, 7, 8, 9, 736, 737) [subsumption resolution 7281,1392] {a:2,w:12,wCS:1200,goal:1,sine:2,thAx:0,allAx:7,thDist:-7}
7283. ~v5_vectsp_1(sK1) | ~v13_algstr_0(sK1) | v6_struct_0(sK1) | v2_struct_0(sK1) | ~v1_int_1(sK0) <- (~2, 6, 7, 8, 9, 10, 736, 737) [subsumption resolution 7282,1397] {a:2,w:10,wCS:1000,goal:1,sine:2,thAx:0,allAx:7,thDist:-7}
7284. ~v13_algstr_0(sK1) | v6_struct_0(sK1) | v2_struct_0(sK1) | ~v1_int_1(sK0) <- (~2, 6, 7, 8, 9, 10, 11, 736, 737) [subsumption resolution 7283,1402] {a:2,w:8,wCS:800,goal:1,sine:2,thAx:0,allAx:7,thDist:-7}
7285. v6_struct_0(sK1) | v2_struct_0(sK1) | ~v1_int_1(sK0) <- (~2, 6, 7, 8, 9, 10, 11, 13, 736, 737) [subsumption resolution 7284,1412] {a:2,w:6,wCS:600,goal:1,sine:2,thAx:0,allAx:7,thDist:-7}
7286. v2_struct_0(sK1) | ~v1_int_1(sK0) <- (~2, 6, 7, 8, 9, 10, 11, 13, ~14, 736, 737) [subsumption resolution 7285,1417] {a:2,w:4,wCS:400,goal:1,sine:2,thAx:0,allAx:7,thDist:-7}
7287. ~v1_int_1(sK0) <- (~2, 6, 7, 8, 9, 10, 11, 13, ~14, ~15, 736, 737) [subsumption resolution 7286,1422] {a:2,w:2,wCS:200,goal:1,sine:2,thAx:0,allAx:7,thDist:-7}
7288. $false <- (~2, 6, 7, 8, 9, 10, 11, 13, ~14, ~15, 240, 736, 737) [subsumption resolution 7287,2602] {a:2,w:0,goal:1,sine:2,thAx:0,allAx:7,thDist:-7}
7289. 2 | ~6 | ~7 | ~8 | ~9 | ~10 | ~11 | ~13 | 14 | 15 | ~240 | ~736 | ~737 [avatar contradiction clause 7288]
7294. $false [avatar sat refutation 1353,1358,1363,1368,1373,1378,1383,1388,1393,1398,1403,1413,1418,1423,1428,2603,6874,7063,7289] {a:0,w:0,goal:1,sine:0,thAx:0,allAx:4391,thDist:-4391}
% SZS output end Proof for fvaluat1__t71_fvaluat1
% ------------------------------
% Version: Vampire 4.5.1 (commit 226f88162 on 2021-09-12 20:13:44 +0200)
% Termination reason: Refutation

% >>> Input
% Input formulas: 297
% >>> Preprocessing
% Introduced skolems: 83
% Pure predicates: 8
% Unused predicate definitions: 1
% 
% >>> Saturation
% Initial clauses: 549
% Generated clauses: 3317
% Active clauses: 699
% Passive clauses: 1842
% Final active clauses: 682
% Final passive clauses: 1092
% Main loop iterations started: 738
% 
% >>> Simplifying Inferences
% Duplicate literals: 42
% Trivial inequalities: 1
% Fw subsumption resolutions: 442
% Fw demodulations: 2
% Bw demodulations: 4
% 
% >>> Deletion Inferences
% Simple tautologies: 60
% Equational tautologies: 5
% Forward subsumptions: 232
% 
% >>> Generating Inferences
% Binary resolution: 1577
% Unit resulting resolution: 3
% Forward superposition: 37
% Backward superposition: 18
% Self superposition: 2
% Equality resolution: 5
% 
% >>> AVATAR
% Split clauses: 171
% Split components: 509
% Sat splitting refutations: 6
% 
% >>> SAT Solver Statistics
% SAT solver clauses: 726
% SAT solver unit clauses: 213
% SAT solver binary clauses: 252
% 
% Memory used [KB]: 14583
% Time elapsed: 0.041 s
% ------------------------------
% ------------------------------
% Time measurement results:
% parsing: 0.002 s
% property evaluation: 0.001 s
% preprocessing: 0.001 s ( own 0.0000 s ) 
% sine selection: 0.001 s
% SAT solver time: 0.002 s
% congruence closure: 0.006 s
% forward subsumption: 0.002 s
% forward subsumption resolution: 0.001 s
% forward demodulation: 0.002 s
% resolution: 0.001 s
% unit resulting resolution: 0.005 s
% superposition: 0.001 s
% passive container maintenance: 0.001 s
% other: 0.041 s ( own 0.016 s ) 

