i: [1,750,0,2,1,1,0,0] t2_ndiff_4
a: [3,1234,0,2,1,750]
s: 1234
i: [1,748,0,2,1,1,0,0] t2_ndiff_4
a: [3,1244,0,2,1,748]
s: 1244
i: [1,746,0,2,1,1,0,0] t2_ndiff_4
a: [3,1254,0,2,1,746]
s: 1254
i: [1,744,0,2,1,1,0,0] t2_ndiff_4
a: [3,1264,0,2,1,744]
s: 1264
i: [1,751,0,3,1,1,0,0] t2_ndiff_4
a: [3,1229,0,3,1,751]
s: 1229
r: 1244
i: [1,753,0,9,2,1,0,0] t2_ndiff_4
a: [3,1219,0,4,1,753]
s: 1219
i: [1,745,0,4,1,1,0,0] t2_ndiff_4
a: [3,1259,0,4,1,745]
s: 1259
a: [3,1222,0,5,1,753]
s: 1222
d: [2,1952,0,5,1,2,22,1222,1229]
a: [3,1956,0,5,1,1952]
s: 1956
i: [1,747,0,7,1,1,0,0] t2_ndiff_4
a: [3,1249,0,7,1,747]
s: 1249
i: [1,749,0,8,1,1,0,0] t2_ndiff_4
a: [3,1239,0,8,1,749]
s: 1239
d: [2,1958,0,8,1,2,22,1239,1229]
a: [3,1962,0,8,1,1958]
s: 1962
i: [1,754,0,2,1,0,0,255] fc6_numbers
a: [3,1269,0,2,1,754]
s: 1269
i: [1,755,0,2,1,0,0,255] fc7_numbers
a: [3,1274,0,2,1,755]
s: 1274
i: [1,756,0,2,1,0,0,255] fc8_numbers
a: [3,1279,0,2,1,756]
s: 1279
i: [1,757,0,2,1,0,0,255] spc1_boole
a: [3,1284,0,2,1,757]
s: 1284
i: [1,758,0,2,1,0,0,255] fc4_numbers
a: [3,1289,0,2,1,758]
s: 1289
i: [1,759,0,2,1,0,0,255] fc3_numbers
a: [3,1294,0,2,1,759]
s: 1294
i: [1,760,0,2,1,0,0,1] fc1_numbers
a: [3,1299,0,2,1,760]
s: 1299
i: [1,761,0,2,1,0,0,255] fc5_membered
a: [3,1304,0,2,1,761]
s: 1304
i: [1,762,0,2,1,0,0,255] fc4_membered
a: [3,1309,0,2,1,762]
s: 1309
i: [1,763,0,2,1,0,0,255] fc3_membered
a: [3,1314,0,2,1,763]
s: 1314
i: [1,764,0,2,1,0,0,255] fc6_membered
a: [3,1319,0,2,1,764]
s: 1319
i: [1,765,0,2,1,0,0,255] fc1_xboole_0
a: [3,1324,0,2,1,765]
s: 1324
i: [1,770,0,2,1,0,0,255] fc6_ordinal1
a: [3,1344,0,2,1,770]
s: 1344
i: [1,769,0,2,1,0,0,255] fc6_ordinal1
a: [3,1349,0,2,1,769]
s: 1349
i: [1,771,0,2,1,0,0,255] spc1_numerals
a: [3,1369,0,2,1,771]
s: 1369
i: [1,1098,0,2,1,0,0,1] rc2_xboole_0
a: [3,1374,0,2,1,1098]
s: 1374
i: [1,1099,0,2,1,0,0,255] existence_l2_algstr_0
a: [3,1379,0,2,1,1099]
s: 1379
i: [1,1100,0,2,1,0,0,255] existence_l2_normsp_0
a: [3,1384,0,2,1,1100]
s: 1384
i: [1,1101,0,2,1,0,0,255] existence_l1_algstr_0
a: [3,1389,0,2,1,1101]
s: 1389
i: [1,1102,0,2,1,0,0,255] existence_l1_normsp_0
a: [3,1394,0,2,1,1102]
s: 1394
i: [1,1103,0,2,1,0,0,255] existence_l1_rlvect_1
a: [3,1399,0,2,1,1103]
s: 1399
i: [1,1104,0,2,1,0,0,255] existence_l2_struct_0
a: [3,1404,0,2,1,1104]
s: 1404
i: [1,1105,0,2,1,0,0,2] existence_l1_struct_0
a: [3,1409,0,2,1,1105]
s: 1409
i: [1,1106,0,2,1,0,0,2] existence_l1_normsp_1
a: [3,1414,0,2,1,1106]
s: 1414
i: [1,1107,0,2,1,0,0,2] rc4_ordinal1
a: [3,1419,0,2,1,1107]
s: 1419
i: [1,1108,0,2,1,0,0,1] rc1_xreal_0
a: [3,1424,0,2,1,1108]
s: 1424
i: [1,1109,0,2,1,0,0,255] rc1_ordinal1
a: [3,1429,0,2,1,1109]
s: 1429
i: [1,1110,0,2,1,0,0,2] rc1_xxreal_0
a: [3,1434,0,2,1,1110]
s: 1434
i: [1,1111,0,2,1,0,0,1] rc1_xboole_0
a: [3,1439,0,2,1,1111]
s: 1439
i: [1,1115,0,2,1,0,0,255] rc2_ordinal1
a: [3,1444,0,2,1,1115]
s: 1444
i: [1,1114,0,2,1,0,0,255] rc2_ordinal1
a: [3,1449,0,2,1,1114]
s: 1449
i: [1,1113,0,2,1,0,0,255] rc2_ordinal1
a: [3,1454,0,2,1,1113]
s: 1454
i: [1,1112,0,2,1,0,0,255] rc2_ordinal1
a: [3,1459,0,2,1,1112]
s: 1459
i: [1,1117,0,2,1,0,0,255] rc1_valued_2
a: [3,1464,0,2,1,1117]
s: 1464
i: [1,1116,0,2,1,0,0,255] rc1_valued_2
a: [3,1469,0,2,1,1116]
s: 1469
i: [1,1119,0,2,1,0,0,255] rc7_funct_1
a: [3,1474,0,2,1,1119]
s: 1474
i: [1,1118,0,2,1,0,0,255] rc7_funct_1
a: [3,1479,0,2,1,1118]
s: 1479
i: [1,1121,0,2,1,0,0,2] rc5_ordinal1
a: [3,1484,0,2,1,1121]
s: 1484
i: [1,1120,0,2,1,0,0,2] rc5_ordinal1
a: [3,1489,0,2,1,1120]
s: 1489
i: [1,1123,0,2,1,0,0,255] rc1_membered
a: [3,1494,0,2,1,1123]
s: 1494
i: [1,1122,0,2,1,0,0,255] rc1_membered
a: [3,1499,0,2,1,1122]
s: 1499
i: [1,1125,0,2,1,0,0,255] rc2_membered
a: [3,1504,0,2,1,1125]
s: 1504
i: [1,1124,0,2,1,0,0,255] rc2_membered
a: [3,1509,0,2,1,1124]
s: 1509
i: [1,1127,0,2,1,0,0,255] rc3_membered
a: [3,1514,0,2,1,1127]
s: 1514
i: [1,1126,0,2,1,0,0,255] rc3_membered
a: [3,1519,0,2,1,1126]
s: 1519
i: [1,1134,0,2,1,0,0,255] rc2_valued_0
a: [3,1524,0,2,1,1134]
s: 1524
i: [1,1133,0,2,1,0,0,255] rc2_valued_0
a: [3,1529,0,2,1,1133]
s: 1529
i: [1,1132,0,2,1,0,0,255] rc2_valued_0
a: [3,1534,0,2,1,1132]
s: 1534
i: [1,1129,0,2,1,0,0,255] rc2_valued_0
a: [3,1549,0,2,1,1129]
s: 1549
i: [1,1128,0,2,1,0,0,255] rc2_valued_0
a: [3,1554,0,2,1,1128]
s: 1554
i: [1,1137,0,2,1,0,0,255] rc20_struct_0
a: [3,1559,0,2,1,1137]
s: 1559
i: [1,1136,0,2,1,0,0,255] rc20_struct_0
a: [3,1564,0,2,1,1136]
s: 1564
i: [1,1135,0,2,1,0,0,255] rc20_struct_0
a: [3,1569,0,2,1,1135]
s: 1569
i: [1,1140,0,2,1,0,0,255] rc3_xreal_0
a: [3,1574,0,2,1,1140]
s: 1574
i: [1,1139,0,2,1,0,0,255] rc3_xreal_0
a: [3,1579,0,2,1,1139]
s: 1579
i: [1,1138,0,2,1,0,0,255] rc3_xreal_0
a: [3,1584,0,2,1,1138]
s: 1584
i: [1,1143,0,2,1,0,0,255] rc2_xreal_0
a: [3,1589,0,2,1,1143]
s: 1589
i: [1,1142,0,2,1,0,0,255] rc2_xreal_0
a: [3,1594,0,2,1,1142]
s: 1594
i: [1,1141,0,2,1,0,0,255] rc2_xreal_0
a: [3,1599,0,2,1,1141]
s: 1599
i: [1,1157,0,2,1,0,0,255] rc3_normsp_1
a: [3,1604,0,2,1,1157]
s: 1604
i: [1,1156,0,2,1,0,0,255] rc3_normsp_1
a: [3,1609,0,2,1,1156]
s: 1609
i: [1,1155,0,2,1,0,0,255] rc3_normsp_1
a: [3,1614,0,2,1,1155]
s: 1614
i: [1,1154,0,2,1,0,0,255] rc3_normsp_1
a: [3,1619,0,2,1,1154]
s: 1619
i: [1,1153,0,2,1,0,0,255] rc3_normsp_1
a: [3,1624,0,2,1,1153]
s: 1624
i: [1,1152,0,2,1,0,0,255] rc3_normsp_1
a: [3,1629,0,2,1,1152]
s: 1629
i: [1,1151,0,2,1,0,0,255] rc3_normsp_1
a: [3,1634,0,2,1,1151]
s: 1634
i: [1,1150,0,2,1,0,0,255] rc3_normsp_1
a: [3,1639,0,2,1,1150]
s: 1639
i: [1,1149,0,2,1,0,0,255] rc3_normsp_1
a: [3,1644,0,2,1,1149]
s: 1644
i: [1,1148,0,2,1,0,0,255] rc3_normsp_1
a: [3,1649,0,2,1,1148]
s: 1649
i: [1,1147,0,2,1,0,0,255] rc3_normsp_1
a: [3,1654,0,2,1,1147]
s: 1654
i: [1,1146,0,2,1,0,0,255] rc3_normsp_1
a: [3,1659,0,2,1,1146]
s: 1659
i: [1,1145,0,2,1,0,0,255] rc3_normsp_1
a: [3,1664,0,2,1,1145]
s: 1664
i: [1,1144,0,2,1,0,0,255] rc3_normsp_1
a: [3,1669,0,2,1,1144]
s: 1669
i: [1,1160,0,2,1,0,0,2] rc2_normsp_1
a: [3,1674,0,2,1,1160]
s: 1674
i: [1,1159,0,2,1,0,0,2] rc2_normsp_1
a: [3,1679,0,2,1,1159]
s: 1679
i: [1,1158,0,2,1,0,0,2] rc2_normsp_1
a: [3,1684,0,2,1,1158]
s: 1684
i: [1,1162,0,2,1,0,0,2] rc1_normsp_1
a: [3,1689,0,2,1,1162]
s: 1689
i: [1,1161,0,2,1,0,0,2] rc1_normsp_1
a: [3,1694,0,2,1,1161]
s: 1694
i: [1,1164,0,2,1,0,0,255] rc3_xxreal_0
a: [3,1699,0,2,1,1164]
s: 1699
i: [1,1163,0,2,1,0,0,255] rc3_xxreal_0
a: [3,1704,0,2,1,1163]
s: 1704
i: [1,1166,0,2,1,0,0,255] rc2_xxreal_0
a: [3,1709,0,2,1,1166]
s: 1709
i: [1,1165,0,2,1,0,0,255] rc2_xxreal_0
a: [3,1714,0,2,1,1165]
s: 1714
i: [1,1169,0,2,1,0,0,255] rc4_xreal_0
a: [3,1719,0,2,1,1169]
s: 1719
i: [1,1168,0,2,1,0,0,255] rc4_xreal_0
a: [3,1724,0,2,1,1168]
s: 1724
i: [1,1167,0,2,1,0,0,255] rc4_xreal_0
a: [3,1729,0,2,1,1167]
s: 1729
i: [1,1171,0,2,1,0,0,2] rc4_xxreal_0
a: [3,1734,0,2,1,1171]
s: 1734
i: [1,1170,0,2,1,0,0,2] rc4_xxreal_0
a: [3,1739,0,2,1,1170]
s: 1739
i: [1,1173,0,2,1,0,0,1] rc1_funct_1
a: [3,1744,0,2,1,1173]
s: 1744
i: [1,1172,0,2,1,0,0,1] rc1_funct_1
a: [3,1749,0,2,1,1172]
s: 1749
i: [1,1176,0,2,1,0,0,255] rc5_funct_1
a: [3,1754,0,2,1,1176]
s: 1754
i: [1,1175,0,2,1,0,0,255] rc5_funct_1
a: [3,1759,0,2,1,1175]
s: 1759
i: [1,1174,0,2,1,0,0,255] rc5_funct_1
a: [3,1764,0,2,1,1174]
s: 1764
i: [1,1178,0,2,1,0,0,255] rc2_funct_1
a: [3,1769,0,2,1,1178]
s: 1769
i: [1,1177,0,2,1,0,0,255] rc2_funct_1
a: [3,1774,0,2,1,1177]
s: 1774
i: [1,1181,0,2,1,0,0,255] rc2_valued_2
a: [3,1779,0,2,1,1181]
s: 1779
i: [1,1180,0,2,1,0,0,255] rc2_valued_2
a: [3,1784,0,2,1,1180]
s: 1784
i: [1,1179,0,2,1,0,0,255] rc2_valued_2
a: [3,1789,0,2,1,1179]
s: 1789
i: [1,1184,0,2,1,0,0,255] rc1_valued_0
a: [3,1794,0,2,1,1184]
s: 1794
i: [1,1183,0,2,1,0,0,255] rc1_valued_0
a: [3,1799,0,2,1,1183]
s: 1799
i: [1,1182,0,2,1,0,0,255] rc1_valued_0
a: [3,1804,0,2,1,1182]
s: 1804
i: [1,1187,0,2,1,0,0,255] rc2_valued_1
a: [3,1809,0,2,1,1187]
s: 1809
i: [1,1186,0,2,1,0,0,255] rc2_valued_1
a: [3,1814,0,2,1,1186]
s: 1814
i: [1,1185,0,2,1,0,0,255] rc2_valued_1
a: [3,1819,0,2,1,1185]
s: 1819
i: [1,1191,0,2,1,0,0,255] rc3_valued_1
a: [3,1824,0,2,1,1191]
s: 1824
i: [1,1190,0,2,1,0,0,255] rc3_valued_1
a: [3,1829,0,2,1,1190]
s: 1829
i: [1,1189,0,2,1,0,0,255] rc3_valued_1
a: [3,1834,0,2,1,1189]
s: 1834
i: [1,1188,0,2,1,0,0,255] rc3_valued_1
a: [3,1839,0,2,1,1188]
s: 1839
i: [1,1194,0,2,1,0,0,255] rc4_valued_1
a: [3,1844,0,2,1,1194]
s: 1844
i: [1,1193,0,2,1,0,0,255] rc4_valued_1
a: [3,1849,0,2,1,1193]
s: 1849
i: [1,1192,0,2,1,0,0,255] rc4_valued_1
a: [3,1854,0,2,1,1192]
s: 1854
i: [1,1197,0,2,1,0,0,255] rc2_nat_1
a: [3,1859,0,2,1,1197]
s: 1859
i: [1,1196,0,2,1,0,0,255] rc2_nat_1
a: [3,1864,0,2,1,1196]
s: 1864
i: [1,1201,0,2,1,0,0,255] rc1_rcomp_1
a: [3,1874,0,2,1,1201]
s: 1874
i: [1,1200,0,2,1,0,0,255] rc1_rcomp_1
a: [3,1879,0,2,1,1200]
s: 1879
i: [1,1199,0,2,1,0,0,255] rc1_rcomp_1
a: [3,1884,0,2,1,1199]
s: 1884
i: [1,1213,0,2,1,0,0,255] rc3_valued_0
a: [3,1894,0,2,1,1213]
s: 1894
i: [1,1212,0,2,1,0,0,255] rc3_valued_0
a: [3,1899,0,2,1,1212]
s: 1899
i: [1,1211,0,2,1,0,0,255] rc3_valued_0
a: [3,1904,0,2,1,1211]
s: 1904
i: [1,1210,0,2,1,0,0,255] rc3_valued_0
a: [3,1909,0,2,1,1210]
s: 1909
i: [1,1209,0,2,1,0,0,255] rc3_valued_0
a: [3,1914,0,2,1,1209]
s: 1914
i: [1,1206,0,2,1,0,0,255] rc3_valued_0
a: [3,1929,0,2,1,1206]
s: 1929
i: [1,1204,0,2,1,0,0,255] rc3_valued_0
a: [3,1939,0,2,1,1204]
s: 1939
i: [1,1203,0,2,1,0,0,255] rc3_valued_0
a: [3,1944,0,2,1,1203]
s: 1944
i: [1,1016,0,3,1,0,0,255] rc6_valued_0
s: 1016
i: [1,1017,0,3,1,0,0,255] rc6_valued_0
s: 1017
i: [1,1019,0,3,1,0,0,255] rc6_valued_0
s: 1019
i: [1,1020,0,3,1,0,0,255] rc5_valued_1
s: 1020
i: [1,1022,0,3,1,0,0,255] rc5_valued_1
s: 1022
i: [1,1024,0,3,1,0,0,255] rc5_valued_1
s: 1024
i: [1,1025,0,3,1,0,0,255] rc5_valued_1
s: 1025
i: [1,1026,0,3,1,0,0,255] rc5_valued_1
s: 1026
i: [1,1027,0,3,1,0,0,255] rc5_valued_1
s: 1027
i: [1,1028,0,3,1,0,0,255] rc3_ordinal1
s: 1028
i: [1,1030,0,3,1,0,0,255] rc3_ordinal1
s: 1030
i: [1,1032,0,3,1,0,0,255] rc1_finseq_2
s: 1032
i: [1,1034,0,3,1,0,0,255] rc4_valued_0
s: 1034
i: [1,1036,0,3,1,0,0,255] rc4_valued_0
s: 1036
i: [1,1037,0,3,1,0,0,255] rc4_valued_0
s: 1037
i: [1,1039,0,3,1,0,0,255] reflexivity_r1_tarski
s: 1039
i: [1,1079,0,3,1,0,0,255] rc6_funct_1
s: 1079
i: [1,1081,0,3,1,0,0,255] rc6_funct_1
s: 1081
i: [1,766,0,3,1,0,0,255] redefinition_k5_numbers
a: [3,1329,0,3,1,766]
s: 1329
r: 1349
r: 1344
r: 1319
d: [2,1964,0,2,1,2,23,1349,1329]
a: [3,1970,0,2,1,1964]
s: 1970
d: [2,1965,0,2,1,2,23,1344,1329]
a: [3,1975,0,2,1,1965]
s: 1975
d: [2,1966,0,2,1,2,23,1319,1329]
a: [3,1980,0,2,1,1966]
s: 1980
i: [1,767,0,3,1,0,0,255] t1_numerals
a: [3,1334,0,3,1,767]
s: 1334
i: [1,774,0,3,1,0,0,255] spc1_numerals
a: [3,1354,0,3,1,774]
s: 1354
i: [1,773,0,3,1,0,0,255] spc1_numerals
a: [3,1359,0,3,1,773]
s: 1359
i: [1,1131,0,3,1,0,0,255] rc2_valued_0
a: [3,1539,0,3,1,1131]
s: 1539
i: [1,1130,0,3,1,0,0,255] rc2_valued_0
a: [3,1544,0,3,1,1130]
s: 1544
i: [1,1207,0,3,1,0,0,255] rc3_valued_0
a: [3,1924,0,3,1,1207]
s: 1924
i: [1,1205,0,3,1,0,0,255] rc3_valued_0
a: [3,1934,0,3,1,1205]
s: 1934
d: [2,1982,0,3,1,2,22,1334,1329]
a: [3,1986,0,3,1,1982]
s: 1986
i: [1,775,0,4,2,0,0,255] dt_l2_normsp_0
s: 775
d: [2,1988,1,2,1,1,40,775,1384]
a: [3,1992,1,2,1,1988]
s: 1992
i: [1,776,0,4,2,0,0,255] dt_l2_normsp_0
s: 776
d: [2,1994,1,2,1,1,40,776,1384]
a: [3,1998,1,2,1,1994]
s: 1998
i: [1,777,0,4,2,0,0,255] dt_l2_algstr_0
s: 777
i: [1,778,0,4,2,0,0,255] dt_l2_algstr_0
s: 778
d: [2,2000,1,2,1,1,40,777,1379]
a: [3,2004,1,2,1,2000]
s: 2004
i: [1,780,0,4,2,0,0,255] dt_l1_rlvect_1
s: 780
d: [2,2006,1,2,1,1,40,778,1379]
a: [3,2010,1,2,1,2006]
s: 2010
i: [1,781,0,4,2,0,0,255] dt_l1_normsp_0
s: 781
i: [1,782,0,4,2,0,0,255] dt_l1_algstr_0
s: 782
d: [2,2012,1,2,1,1,40,780,1399]
a: [3,2016,1,2,1,2012]
s: 2016
i: [1,792,0,4,2,0,0,255] cc2_valued_2
s: 792
d: [2,2018,1,2,1,1,40,781,1394]
a: [3,2023,1,2,1,2018]
s: 2023
i: [1,793,0,4,2,0,0,255] cc3_valued_2
s: 793
i: [1,794,0,4,2,0,0,255] cc8_valued_2
s: 794
d: [2,2030,1,2,1,1,40,782,1389]
a: [3,2035,1,2,1,2030]
s: 2035
i: [1,801,0,4,2,0,0,255] cc7_valued_2
s: 801
d: [2,2019,2,2,1,1,40,781,1992]
a: [3,2028,2,2,1,2019]
s: 2028
i: [1,807,0,4,2,0,0,255] cc1_valued_2
s: 807
i: [1,813,0,4,2,0,0,255] cc5_valued_2
s: 813
d: [2,2054,1,2,1,1,40,807,1464]
a: [3,2058,1,2,1,2054]
s: 2058
i: [1,814,0,4,2,0,0,255] cc4_valued_2
s: 814
d: [2,2031,2,2,1,1,40,782,2010]
a: [3,2040,2,2,1,2031]
s: 2040
i: [1,817,0,4,2,0,0,255] dt_l2_struct_0
s: 817
i: [1,819,0,4,2,0,0,255] cc2_membered
s: 819
d: [2,2068,1,2,1,1,40,817,1404]
a: [3,2073,1,2,1,2068]
s: 2073
i: [1,820,0,4,2,0,0,255] cc3_membered
s: 820
d: [2,2069,1,2,1,1,40,817,1569]
a: [3,2078,1,2,1,2069]
s: 2078
i: [1,837,0,4,2,0,0,255] cc4_membered
s: 837
i: [1,838,0,4,2,0,0,255] cc5_membered
s: 838
d: [2,2080,1,2,1,1,40,819,1304]
a: [3,2084,1,2,1,2080]
s: 2084
i: [1,844,0,4,2,0,0,255] dt_l1_normsp_1
s: 844
d: [2,2086,1,2,1,1,40,820,1309]
a: [3,2090,1,2,1,2086]
s: 2090
i: [1,845,0,4,2,0,0,255] dt_l1_normsp_1
s: 845
i: [1,847,0,4,2,0,0,1] cc2_xreal_0
s: 847
d: [2,2092,1,2,1,1,40,837,1314]
a: [3,2097,1,2,1,2092]
s: 2097
i: [1,848,0,4,2,0,0,255] cc6_ordinal1
s: 848
d: [2,2099,1,2,1,1,40,838,1314]
a: [3,2104,1,2,1,2099]
s: 2104
i: [1,849,0,4,2,0,0,2] cc2_xxreal_0
s: 849
i: [1,855,0,4,2,0,0,255] cc3_nat_1
s: 855
d: [2,2112,1,2,1,1,40,844,1414]
a: [3,2119,1,2,1,2112]
s: 2119
i: [1,856,0,4,2,0,0,255] cc1_nat_1
s: 856
d: [2,2113,1,2,1,1,40,844,1669]
a: [3,2124,1,2,1,2113]
s: 2124
i: [1,876,0,4,2,0,0,1] cc4_xreal_0
s: 876
i: [1,877,0,4,2,0,0,255] cc1_membered
s: 877
d: [2,2232,1,2,1,1,40,876,1234]
a: [3,2240,1,2,1,2232]
s: 2240
i: [1,880,0,4,2,0,0,255] cc1_ordinal1
s: 880
d: [2,2114,1,2,1,1,40,844,1684]
a: [3,2129,1,2,1,2114]
s: 2129
i: [1,881,0,4,2,0,0,255] cc1_ordinal1
s: 881
i: [1,883,0,4,2,0,0,255] cc9_ordinal1
s: 883
d: [2,2115,1,2,1,1,40,844,1694]
a: [3,2134,1,2,1,2115]
s: 2134
i: [1,884,0,4,2,0,0,255] cc6_valued_2
s: 884
d: [2,2148,1,2,1,1,40,845,1414]
a: [3,2155,1,2,1,2148]
s: 2155
i: [1,885,0,4,2,0,0,255] cc7_funct_1
s: 885
i: [1,886,0,4,2,0,0,2] cc7_ordinal1
s: 886
d: [2,2149,1,2,1,1,40,845,1669]
a: [3,2160,1,2,1,2149]
s: 2160
i: [1,887,0,4,2,0,0,255] cc18_membered
s: 887
d: [2,2150,1,2,1,1,40,845,1684]
a: [3,2165,1,2,1,2150]
s: 2165
i: [1,888,0,4,2,0,0,255] cc3_ordinal1
s: 888
i: [1,889,0,4,2,0,0,1] cc1_funct_1
s: 889
d: [2,2151,1,2,1,1,40,845,1694]
a: [3,2170,1,2,1,2151]
s: 2170
i: [1,1014,0,4,1,0,0,255] existence_m1_finseq_2
s: 1014
d: [2,2172,1,2,1,1,40,847,1419]
a: [3,2177,1,2,1,2172]
s: 2177
i: [1,1015,0,4,1,0,0,1] existence_m1_subset_1
s: 1015
i: [1,1018,0,4,1,0,0,255] rc6_valued_0
s: 1018
d: [2,2173,1,2,1,1,40,847,1484]
a: [3,2182,1,2,1,2173]
s: 2182
i: [1,1021,0,4,1,0,0,255] rc5_valued_1
s: 1021
d: [2,2184,1,2,1,1,40,848,1419]
a: [3,2189,1,2,1,2184]
s: 2189
i: [1,1023,0,4,1,0,0,255] rc5_valued_1
s: 1023
i: [1,1029,0,4,1,0,0,255] rc3_ordinal1
s: 1029
d: [2,2185,1,2,1,1,40,848,1484]
a: [3,2194,1,2,1,2185]
s: 2194
i: [1,1031,0,4,1,0,0,255] rc1_finseq_2
s: 1031
d: [2,2196,1,2,1,1,40,849,1419]
a: [3,2201,1,2,1,2196]
s: 2201
i: [1,1035,0,4,1,0,0,255] rc4_valued_0
s: 1035
i: [1,1080,0,4,1,0,0,255] rc6_funct_1
s: 1080
d: [2,2197,1,2,1,1,40,849,1484]
a: [3,2206,1,2,1,2197]
s: 2206
i: [1,1083,0,4,1,0,0,255] rc1_relset_1
s: 1083
d: [2,2208,1,2,1,1,40,855,1579]
a: [3,2213,1,2,1,2208]
s: 2213
i: [1,1084,0,4,1,0,0,255] rc1_relset_1
s: 1084
i: [1,1087,0,4,1,0,0,255] rc1_funct_2
s: 1087
d: [2,2209,1,2,1,1,40,855,1699]
a: [3,2218,1,2,1,2209]
s: 2218
i: [1,1089,0,4,1,0,0,255] rc1_funct_2
s: 1089
d: [2,2233,1,2,1,1,40,876,1424]
a: [3,2245,1,2,1,2233]
s: 2245
i: [1,768,0,4,1,0,0,1] dt_k5_numbers
a: [3,1339,0,4,1,768]
s: 1339
i: [1,772,0,4,1,0,0,255] spc1_numerals
a: [3,1364,0,4,1,772]
s: 1364
d: [2,2247,1,2,1,1,40,877,1980]
a: [3,2254,1,2,1,2247]
s: 2254
i: [1,1195,0,4,1,0,0,255] rc2_nat_1
a: [3,1869,0,4,1,1195]
s: 1869
d: [2,2248,1,2,1,1,40,877,1494]
a: [3,2259,1,2,1,2248]
s: 2259
i: [1,1198,0,4,1,0,0,255] rc1_rcomp_1
a: [3,1889,0,4,1,1198]
s: 1889
i: [1,1208,0,4,1,0,0,255] rc3_valued_0
a: [3,1919,0,4,1,1208]
s: 1919
d: [2,2249,1,2,1,1,40,877,1504]
a: [3,2264,1,2,1,2249]
s: 2264
i: [1,783,0,5,2,0,0,255] dt_u1_normsp_0
s: 783
d: [2,2250,1,2,1,1,40,877,1514]
a: [3,2269,1,2,1,2250]
s: 2269
i: [1,786,0,5,2,0,0,255] dt_u1_rlvect_1
s: 786
i: [1,789,0,5,2,0,0,255] dt_u1_algstr_0
s: 789
d: [2,2271,1,2,1,1,40,880,1975]
a: [3,2278,1,2,1,2271]
s: 2278
i: [1,850,0,5,2,0,0,1] fc1_euclid
s: 850
d: [2,2272,1,2,1,1,40,880,1429]
a: [3,2283,1,2,1,2272]
s: 2283
i: [1,851,0,5,2,0,0,255] fc10_euclid
s: 851
i: [1,858,0,5,2,0,0,255] fc3_real_ns1
s: 858
d: [2,2274,1,2,1,1,40,880,1859]
a: [3,2288,1,2,1,2274]
s: 2288
i: [1,859,0,5,2,0,0,255] fc3_real_ns1
s: 859
d: [2,2296,1,2,1,1,40,881,1975]
a: [3,2303,1,2,1,2296]
s: 2303
i: [1,860,0,5,2,0,0,255] fc3_real_ns1
s: 860
i: [1,861,0,5,2,0,0,255] fc3_real_ns1
s: 861
d: [2,2297,1,2,1,1,40,881,1429]
a: [3,2308,1,2,1,2297]
s: 2308
i: [1,862,0,5,2,0,0,255] fc3_real_ns1
s: 862
d: [2,2299,1,2,1,1,40,881,1859]
a: [3,2313,1,2,1,2299]
s: 2313
i: [1,863,0,5,2,0,0,255] fc3_real_ns1
s: 863
i: [1,864,0,5,2,0,0,255] fc3_real_ns1
s: 864
d: [2,2315,1,2,1,1,40,883,1324]
a: [3,2322,1,2,1,2315]
s: 2322
i: [1,865,0,5,2,0,0,255] fc3_real_ns1
s: 865
d: [2,2316,1,2,1,1,40,883,1439]
a: [3,2327,1,2,1,2316]
s: 2327
i: [1,866,0,5,2,0,0,255] fc3_real_ns1
s: 866
i: [1,867,0,5,2,0,0,255] fc3_real_ns1
s: 867
d: [2,2317,1,2,1,1,40,883,1729]
a: [3,2332,1,2,1,2317]
s: 2332
i: [1,868,0,5,2,0,0,255] fc3_real_ns1
s: 868
d: [2,2318,1,2,1,1,40,883,1739]
a: [3,2337,1,2,1,2318]
s: 2337
i: [1,869,0,5,2,0,0,255] fc3_real_ns1
s: 869
i: [1,870,0,5,2,0,0,255] fc3_real_ns1
s: 870
d: [2,2345,1,2,1,1,40,884,1324]
a: [3,2352,1,2,1,2345]
s: 2352
i: [1,871,0,5,2,0,0,255] fc4_real_ns1
s: 871
d: [2,2346,1,2,1,1,40,884,1439]
a: [3,2357,1,2,1,2346]
s: 2357
i: [1,872,0,5,2,0,0,255] fc4_real_ns1
s: 872
i: [1,873,0,5,2,0,0,1] dt_k4_real_ns1
s: 873
d: [2,2347,1,2,1,1,40,884,1729]
a: [3,2362,1,2,1,2347]
s: 2362
i: [1,874,0,5,2,0,0,1] dt_k4_real_ns1
s: 874
d: [2,2348,1,2,1,1,40,884,1739]
a: [3,2367,1,2,1,2348]
s: 2367
i: [1,875,0,5,2,0,0,1] dt_k4_real_ns1
s: 875
i: [1,890,0,5,2,0,0,255] t6_boole
s: 890
d: [2,2381,1,2,1,1,40,885,1324]
a: [3,2388,1,2,1,2381]
s: 2388
i: [1,891,0,5,2,0,0,255] cc8_ordinal1
s: 891
d: [2,2382,1,2,1,1,40,885,1439]
a: [3,2393,1,2,1,2382]
s: 2393
i: [1,892,0,5,2,0,0,255] cc2_nat_1
s: 892
i: [1,893,0,5,2,0,0,255] cc25_membered
s: 893
d: [2,2383,1,2,1,1,40,885,1729]
a: [3,2398,1,2,1,2383]
s: 2398
i: [1,894,0,5,2,0,0,1] cc1_xreal_0
s: 894
d: [2,2384,1,2,1,1,40,885,1739]
a: [3,2403,1,2,1,2384]
s: 2403
i: [1,1006,0,5,2,0,0,255] cc2_finseq_2
s: 1006
i: [1,1011,0,5,2,0,0,255] t7_boole
s: 1011
d: [2,2405,1,2,1,1,40,886,1324]
a: [3,2412,1,2,1,2405]
s: 2412
i: [1,1038,0,5,1,0,0,255] rc4_valued_0
s: 1038
d: [2,2406,1,2,1,1,40,886,1439]
a: [3,2417,1,2,1,2406]
s: 2417
i: [1,1085,0,5,1,0,0,255] rc1_relset_1
s: 1085
i: [1,1088,0,5,1,0,0,255] rc1_funct_2
s: 1088
d: [2,2407,1,2,1,1,40,886,1729]
a: [3,2422,1,2,1,2407]
s: 2422
d: [2,2630,0,5,2,1,22,891,1329]
s: 2630
d: [2,2408,1,2,1,1,40,886,1739]
a: [3,2427,1,2,1,2408]
s: 2427
i: [1,823,0,6,3,0,0,255] cc7_struct_0
s: 823
i: [1,824,0,6,3,0,0,255] cc5_struct_0
s: 824
d: [2,2441,1,2,1,1,40,887,1324]
a: [3,2448,1,2,1,2441]
s: 2448
i: [1,826,0,6,3,0,0,2] cc17_struct_0
s: 826
d: [2,2442,1,2,1,1,40,887,1439]
a: [3,2453,1,2,1,2442]
s: 2453
i: [1,827,0,6,3,0,0,2] cc2_struct_0
s: 827
i: [1,828,0,6,3,0,0,2] cc1_struct_0
s: 828
d: [2,2443,1,2,1,1,40,887,1729]
a: [3,2458,1,2,1,2443]
s: 2458
i: [1,831,0,6,3,0,0,255] cc4_struct_0
s: 831
d: [2,2444,1,2,1,1,40,887,1739]
a: [3,2463,1,2,1,2444]
s: 2463
i: [1,832,0,6,3,0,0,255] cc6_struct_0
s: 832
i: [1,852,0,6,2,0,0,255] dt_k1_euclid
s: 852
d: [2,2477,1,2,1,1,40,888,1324]
a: [3,2484,1,2,1,2477]
s: 2484
i: [1,895,0,6,2,0,0,255] cc10_membered
s: 895
d: [2,2478,1,2,1,1,40,888,1439]
a: [3,2489,1,2,1,2478]
s: 2489
i: [1,896,0,6,2,0,0,255] cc9_membered
s: 896
i: [1,897,0,6,2,0,0,255] cc11_membered
s: 897
d: [2,2479,1,2,1,1,40,888,1729]
a: [3,2494,1,2,1,2479]
s: 2494
i: [1,898,0,6,2,0,0,255] cc8_membered
s: 898
d: [2,2480,1,2,1,1,40,888,1739]
a: [3,2499,1,2,1,2480]
s: 2499
i: [1,929,0,6,3,0,0,255] cc2_ordinal1
s: 929
i: [1,943,0,6,3,0,0,255] cc5_xxreal_0
s: 943
d: [2,2501,1,2,1,1,40,889,1324]
a: [3,2508,1,2,1,2501]
s: 2508
i: [1,945,0,6,3,0,0,255] cc5_xxreal_0
s: 945
d: [2,2502,1,2,1,1,40,889,1439]
a: [3,2513,1,2,1,2502]
s: 2513
i: [1,946,0,6,3,0,0,255] cc3_xxreal_0
s: 946
i: [1,948,0,6,3,0,0,255] cc3_xxreal_0
s: 948
d: [2,2503,1,2,1,1,40,889,1729]
a: [3,2518,1,2,1,2503]
s: 2518
i: [1,950,0,6,3,0,0,255] cc7_xxreal_0
s: 950
d: [2,2504,1,2,1,1,40,889,1739]
a: [3,2523,1,2,1,2504]
s: 2523
i: [1,951,0,6,3,0,0,255] cc7_xxreal_0
s: 951
i: [1,958,0,6,3,0,0,255] cc9_valued_0
s: 958
d: [2,2631,1,2,1,1,40,892,1359]
a: [3,2637,1,2,1,2631]
s: 2637
i: [1,960,0,6,3,0,0,255] cc23_valued_2
s: 960
d: [2,2632,1,2,1,1,40,892,1986]
a: [3,2642,1,2,1,2632]
s: 2642
i: [1,962,0,6,3,0,0,255] cc24_valued_2
s: 962
i: [1,966,0,6,3,0,0,255] cc22_valued_2
s: 966
d: [2,2649,1,2,1,1,40,893,1359]
a: [3,2655,1,2,1,2649]
s: 2655
i: [1,969,0,6,3,0,0,255] cc6_valued_0
s: 969
d: [2,2663,1,2,1,1,40,894,1354]
a: [3,2668,1,2,1,2663]
s: 2668
i: [1,971,0,6,3,0,0,255] cc5_valued_0
s: 971
i: [1,975,0,6,3,0,0,255] cc8_valued_0
s: 975
d: [2,2710,1,2,1,2,40,2630,1359]
a: [3,2716,1,2,1,2710]
s: 2716
i: [1,982,0,6,3,0,0,255] cc27_valued_2
s: 982
d: [2,2732,1,4,2,1,40,823,1559]
d: [2,2733,1,2,1,2,21,2732,2078]
a: [3,2737,1,2,1,2733]
s: 2737
i: [1,1005,0,6,2,0,0,255] t1_subset
s: 1005
i: [1,1047,0,6,2,0,0,255] fc85_valued_0
s: 1047
d: [2,2820,1,2,1,1,40,898,1339]
a: [3,2827,1,2,1,2820]
s: 2827
i: [1,1048,0,6,2,0,0,255] fc86_valued_0
s: 1048
d: [2,2821,1,2,1,1,40,898,1869]
a: [3,2832,1,2,1,2821]
s: 2832
i: [1,1059,0,6,2,0,0,255] fc87_valued_0
s: 1059
i: [1,1062,0,6,2,0,0,255] fc90_valued_0
s: 1062
d: [2,2855,1,4,2,1,40,943,1579]
d: [2,2857,1,2,1,2,21,2855,1584]
a: [3,2861,1,2,1,2857]
s: 2861
i: [1,1067,0,6,2,0,0,255] antisymmetry_r2_hidden
s: 1067
d: [2,2856,1,4,2,1,40,943,1699]
d: [2,2863,1,2,1,2,21,2856,1704]
a: [3,2867,1,2,1,2863]
s: 2867
i: [1,1090,0,6,1,0,0,255] rc1_funct_2
s: 1090
i: [1,1202,0,6,1,0,0,255] rc3_valued_0
a: [3,1949,0,6,1,1202]
s: 1949
d: [2,2870,1,4,2,1,40,945,1369]
a: [3,2875,1,2,1,2870]
s: 2875
i: [1,795,0,7,3,0,0,255] cc16_valued_2
s: 795
d: [2,3093,1,8,2,1,40,795,1249]
a: [3,3121,1,6,1,3093]
s: 3121
i: [1,802,0,7,3,0,0,255] cc15_valued_2
s: 802
i: [1,808,0,7,3,0,0,255] cc20_valued_2
s: 808
d: [2,3155,1,8,2,1,40,802,1249]
a: [3,3183,1,6,1,3155]
s: 3183
i: [1,809,0,7,3,0,0,255] cc13_membered
s: 809
d: [2,3217,1,8,2,1,40,808,1249]
a: [3,3245,1,6,1,3217]
s: 3245
i: [1,815,0,7,3,0,0,255] cc17_valued_2
s: 815
i: [1,818,0,7,2,0,0,255] dt_u2_struct_0
s: 818
d: [2,3279,1,8,2,1,40,809,1249]
a: [3,3289,1,6,1,3279]
s: 3289
i: [1,829,0,7,3,0,0,255] cc8_struct_0
s: 829
d: [2,3332,1,8,2,1,40,815,1249]
a: [3,3360,1,6,1,3332]
s: 3360
i: [1,833,0,7,3,0,0,255] cc9_struct_0
s: 833
i: [1,834,0,7,3,0,0,255] cc11_struct_0
s: 834
d: [2,3094,1,9,2,1,40,795,1962]
a: [3,3130,1,7,1,3094]
s: 3130
i: [1,835,0,7,3,0,0,255] cc11_struct_0
s: 835
d: [2,3156,1,9,2,1,40,802,1962]
a: [3,3192,1,7,1,3156]
s: 3192
i: [1,839,0,7,3,0,0,255] cc14_membered
s: 839
i: [1,841,0,7,3,0,0,255] cc8_funct_1
s: 841
d: [2,3403,1,8,2,1,40,839,1249]
a: [3,3415,1,6,1,3403]
s: 3415
i: [1,842,0,7,3,0,0,255] cc8_funct_1
s: 842
d: [2,3458,1,8,2,1,40,841,1249]
a: [3,3487,1,6,1,3458]
s: 3487
i: [1,878,0,7,3,0,0,255] cc17_membered
s: 878
i: [1,882,0,7,3,0,0,255] cc5_ordinal1
s: 882
d: [2,3553,1,8,2,1,40,878,1249]
a: [3,3563,1,6,1,3553]
s: 3563
i: [1,899,0,7,3,0,0,255] fc9_struct_0
s: 899
d: [2,3606,1,8,2,1,40,882,1249]
a: [3,3623,1,6,1,3606]
s: 3623
i: [1,908,0,7,3,0,0,1] fc2_struct_0
s: 908
i: [1,910,0,7,3,0,0,1] rc4_struct_0
s: 910
d: [2,3218,1,9,2,1,40,808,1962]
a: [3,3254,1,7,1,3218]
s: 3254
i: [1,912,0,7,3,0,0,255] rc21_struct_0
s: 912
d: [2,3280,1,9,2,1,40,809,1962]
a: [3,3298,1,7,1,3280]
s: 3298
i: [1,913,0,7,3,0,0,255] rc21_struct_0
s: 913
i: [1,914,0,7,3,0,0,255] fc6_struct_0
s: 914
d: [2,3333,1,9,2,1,40,815,1962]
a: [3,3369,1,7,1,3333]
s: 3369
i: [1,916,0,7,3,0,0,255] rc22_struct_0
s: 916
d: [2,3404,1,9,2,1,40,839,1962]
a: [3,3424,1,7,1,3404]
s: 3424
i: [1,917,0,7,3,0,0,1] fc2_real_ns1
s: 917
i: [1,918,0,7,3,0,0,1] fc2_real_ns1
s: 918
d: [2,3459,1,9,2,1,40,841,1962]
a: [3,3496,1,7,1,3459]
s: 3496
i: [1,919,0,7,3,0,0,1] fc2_real_ns1
s: 919
d: [2,3554,1,9,2,1,40,878,1962]
a: [3,3572,1,7,1,3554]
s: 3572
i: [1,938,0,7,3,0,0,255] fc8_struct_0
s: 938
i: [1,939,0,7,3,0,0,1] fc1_struct_0
s: 939
d: [2,3607,1,9,2,1,40,882,1962]
a: [3,3632,1,7,1,3607]
s: 3632
i: [1,940,0,7,3,0,0,255] fc7_struct_0
s: 940
d: [2,2871,1,4,2,1,40,945,1594]
d: [2,2878,1,2,1,2,21,2871,1599]
a: [3,2882,1,2,1,2878]
s: 2882
i: [1,977,0,7,3,0,0,255] cc1_valued_0
s: 977
i: [1,979,0,7,3,0,0,255] cc7_valued_0
s: 979
d: [2,2872,1,4,2,1,40,945,1709]
d: [2,2884,1,2,1,2,21,2872,1714]
a: [3,2888,1,2,1,2884]
s: 2888
i: [1,994,0,7,3,0,0,255] cc3_valued_0
s: 994
d: [2,2891,1,4,2,1,40,946,1594]
d: [2,2893,1,2,1,2,21,2891,1599]
a: [3,2897,1,2,1,2893]
s: 2897
i: [1,999,0,7,3,0,0,255] cc4_valued_0
s: 999
i: [1,1002,0,7,3,0,0,255] cc31_valued_0
s: 1002
d: [2,2892,1,4,2,1,40,946,1709]
d: [2,2899,1,2,1,2,21,2892,1714]
a: [3,2903,1,2,1,2899]
s: 2903
i: [1,1004,0,7,3,0,0,255] cc30_valued_0
s: 1004
d: [2,2913,1,4,2,1,40,958,1749]
a: [3,2926,1,2,1,2913]
s: 2926
i: [1,1009,0,7,2,0,0,255] t3_subset
s: 1009
i: [1,1010,0,7,3,0,0,1] t8_boole
s: 1010
d: [2,2914,1,4,2,1,40,958,1764]
a: [3,2935,1,2,1,2914]
s: 2935
i: [1,1033,0,7,1,0,0,255] rc4_valued_0
s: 1033
d: [2,2915,1,4,2,1,40,958,1774]
a: [3,2944,1,2,1,2915]
s: 2944
i: [1,1055,0,7,2,0,0,255] fc89_valued_0
s: 1055
i: [1,1056,0,7,2,0,0,255] fc88_valued_0
s: 1056
a: [3,2948,1,2,1,2915]
s: 2948
r: 2948
i: [1,1061,0,7,2,0,0,255] dt_k4_finseq_2
s: 1061
a: [3,2947,1,2,1,2915]
s: 2947
i: [1,779,0,8,3,0,0,255] cc10_ordinal1
s: 779
i: [1,784,0,8,2,0,0,255] dt_u1_normsp_0
s: 784
d: [2,3811,1,7,2,1,40,779,1249]
a: [3,3823,1,5,1,3811]
s: 3823
i: [1,796,0,8,3,0,0,255] cc19_valued_2
s: 796
d: [2,3812,1,8,2,1,40,779,1962]
a: [3,3832,1,6,1,3812]
s: 3832
i: [1,797,0,8,3,0,0,255] cc18_valued_2
s: 797
i: [1,798,0,8,3,0,0,255] cc12_valued_2
s: 798
d: [2,4010,1,7,2,1,40,798,1249]
a: [3,4022,1,5,1,4010]
s: 4022
i: [1,799,0,8,3,0,0,255] cc13_valued_2
s: 799
d: [2,4053,1,7,2,1,40,799,1249]
a: [3,4065,1,5,1,4053]
s: 4065
i: [1,800,0,8,3,0,0,255] cc10_valued_2
s: 800
i: [1,803,0,8,3,0,0,255] cc9_valued_2
s: 803
d: [2,4096,1,7,2,1,40,800,1249]
a: [3,4108,1,5,1,4096]
s: 4108
i: [1,810,0,8,3,0,0,255] cc14_valued_2
s: 810
d: [2,4139,1,7,2,1,40,803,1249]
a: [3,4151,1,5,1,4139]
s: 4151
i: [1,811,0,8,3,0,0,255] cc20_membered
s: 811
i: [1,812,0,8,3,0,0,255] cc19_membered
s: 812
d: [2,4182,1,7,2,1,40,810,1249]
a: [3,4194,1,5,1,4182]
s: 4194
i: [1,816,0,8,3,0,0,255] cc11_valued_2
s: 816
d: [2,4225,1,7,2,1,40,811,1249]
a: [3,4237,1,5,1,4225]
s: 4237
i: [1,821,0,8,3,0,0,255] cc23_membered
s: 821
i: [1,822,0,8,3,0,0,255] cc22_membered
s: 822
d: [2,4261,1,7,2,1,40,812,1249]
a: [3,4273,1,5,1,4261]
s: 4273
i: [1,840,0,8,3,0,0,255] cc21_membered
s: 840
d: [2,4297,1,7,2,1,40,816,1249]
a: [3,4309,1,5,1,4297]
s: 4309
i: [1,843,0,8,3,0,0,255] cc9_funct_1
s: 843
i: [1,853,0,8,2,0,0,255] d1_euclid
s: 853
d: [2,4340,1,7,2,1,40,821,1249]
a: [3,4352,1,5,1,4340]
s: 4352
i: [1,879,0,8,3,0,0,255] cc24_membered
s: 879
d: [2,4386,1,7,2,1,40,822,1249]
a: [3,4398,1,5,1,4386]
s: 4398
i: [1,921,0,8,4,0,0,255] cc4_xxreal_0
s: 921
i: [1,923,0,8,4,0,0,255] cc6_xxreal_0
s: 923
d: [2,4557,2,6,3,1,40,921,2240]
a: [3,4571,2,2,1,4557]
s: 4571
r: 4571
i: [1,937,0,8,4,0,0,255] cc6_funct_1
s: 937
a: [3,4570,2,2,1,4557]
s: 4570
i: [1,941,0,8,4,0,0,255] cc8_xxreal_0
s: 941
i: [1,956,0,8,4,0,0,255] cc4_funct_1
s: 956
a: [3,4575,2,2,1,4557]
s: 4575
d: [2,4674,0,6,3,0,21,956,889]
s: 4674
a: [3,4578,2,2,1,4557]
s: 4578
i: [1,983,0,8,4,0,0,255] cc5_funct_1
s: 983
i: [1,996,0,8,3,0,0,255] cc2_valued_0
s: 996
d: [2,4433,1,7,2,1,40,840,1249]
a: [3,4445,1,5,1,4433]
s: 4445
i: [1,1007,0,8,3,0,0,255] t2_subset
s: 1007
d: [2,4465,1,7,2,1,40,843,1249]
a: [3,4477,1,5,1,4465]
s: 4477
i: [1,1075,0,8,3,0,0,255] fc5_finseq_2
s: 1075
i: [1,1076,0,8,2,0,0,1] cc1_relset_1
s: 1076
a: [3,3491,1,2,1,3458]
s: 3491
i: [1,1082,0,8,1,0,0,255] rc1_relset_1
s: 1082
d: [2,4828,2,4,2,1,40,3491,4674]
a: [3,4834,2,2,1,4828]
s: 4834
i: [1,1086,0,8,1,0,0,255] rc1_funct_2
s: 1086
i: [1,836,0,9,4,0,0,255] cc10_struct_0
s: 836
d: [2,4510,1,7,2,1,40,879,1249]
a: [3,4522,1,5,1,4510]
s: 4522
i: [1,1013,0,9,3,0,0,255] t5_subset
s: 1013
d: [2,4906,1,8,2,1,40,1013,1249]
a: [3,4923,1,5,1,4906]
s: 4923
i: [1,1077,0,9,2,0,0,255] cc2_relset_1
s: 1077
i: [1,785,0,10,2,0,0,255] dt_u1_normsp_0
s: 785
d: [2,4938,1,4,1,1,40,1077,1249]
a: [3,4949,1,4,1,4938]
s: 4949
i: [1,909,0,10,3,0,0,1] rc4_struct_0
s: 909
d: [2,4939,1,5,1,1,40,1077,1962]
a: [3,4954,1,5,1,4939]
s: 4954
i: [1,911,0,10,3,0,0,255] rc21_struct_0
s: 911
i: [1,915,0,10,3,0,0,255] rc22_struct_0
s: 915
d: [2,3866,1,9,2,1,40,796,1249]
a: [3,3897,1,6,1,3866]
s: 3897
i: [1,933,0,10,5,0,0,255] cc22_valued_0
s: 933
d: [2,3940,1,9,2,1,40,797,1249]
a: [3,3971,1,6,1,3940]
s: 3971
i: [1,934,0,10,5,0,0,255] cc22_valued_0
s: 934
i: [1,967,0,10,4,0,0,255] cc10_valued_0
s: 967
d: [2,5079,1,12,3,1,40,967,1249]
a: [3,5107,1,5,1,5079]
s: 5107
i: [1,972,0,10,4,0,0,255] cc12_valued_0
s: 972
d: [2,5118,2,3,1,1,40,5107,1047]
a: [3,5122,2,3,1,5118]
s: 5122
i: [1,973,0,10,4,0,0,255] cc11_valued_0
s: 973
i: [1,980,0,10,4,0,0,255] cc15_valued_0
s: 980
a: [3,5103,1,5,1,5079]
s: 5103
i: [1,992,0,10,4,0,0,1] cc3_funct_1
s: 992
d: [2,4011,1,8,2,1,40,798,1962]
a: [3,4031,1,6,1,4011]
s: 4031
i: [1,1012,0,10,3,0,0,255] t4_subset
s: 1012
i: [1,1049,0,10,3,0,0,255] cc16_valued_0
s: 1049
d: [2,5259,1,6,2,1,40,1049,1962]
a: [3,5270,1,4,1,5259]
s: 5270
i: [1,1050,0,10,3,0,0,255] cc17_valued_0
s: 1050
d: [2,5273,1,5,2,1,40,1050,1249]
a: [3,5285,1,3,1,5273]
s: 5285
i: [1,1060,0,10,3,0,0,255] cc18_valued_0
s: 1060
i: [1,1063,0,10,3,0,0,255] cc21_valued_0
s: 1063
d: [2,5293,1,5,2,1,40,1060,1249]
a: [3,5305,1,3,1,5293]
s: 5305
i: [1,1064,0,10,3,0,0,1] cc3_relset_1
s: 1064
d: [2,5313,1,5,2,1,40,1063,1249]
a: [3,5328,1,3,1,5313]
s: 5328
i: [1,1065,0,10,3,0,0,1] cc4_relset_1
s: 1065
r: 1219
r: 1956
r: 3121
r: 3130
r: 3183
r: 3254
r: 3360
r: 3369
r: 3897
r: 4022
r: 4031
r: 4398
r: 4575
r: 4578
r: 4834
r: 4923
r: 5107
r: 5270
r: 5285
r: 5305
r: 5328
a: [3,1218,0,4,1,753]
s: 1218
a: [3,3125,1,2,1,3093]
s: 3125
a: [3,1955,0,5,1,1952]
s: 1955
a: [3,3187,1,2,1,3155]
s: 3187
i: [1,787,0,11,2,0,0,255] dt_u1_rlvect_1
s: 787
i: [1,1057,0,11,3,0,0,255] cc20_valued_0
s: 1057
a: [3,3249,1,2,1,3217]
s: 3249
i: [1,1058,0,11,3,0,0,255] cc19_valued_0
s: 1058
a: [3,3364,1,2,1,3332]
s: 3364
i: [1,790,0,12,2,0,0,255] dt_u1_algstr_0
s: 790
i: [1,997,0,12,4,0,0,255] cc14_valued_0
s: 997
a: [3,4026,1,2,1,4010]
s: 4026
i: [1,1000,0,12,4,0,0,255] cc13_valued_0
s: 1000
a: [3,4198,1,2,1,4182]
s: 4198
i: [1,1043,0,12,4,0,0,255] cc31_valued_2
s: 1043
i: [1,1045,0,12,4,0,0,255] cc32_valued_2
s: 1045
a: [3,4069,1,2,1,4053]
s: 4069
i: [1,1052,0,12,4,0,0,255] cc33_valued_2
s: 1052
a: [3,4313,1,2,1,4297]
s: 4313
i: [1,1054,0,12,4,0,0,255] cc30_valued_2
s: 1054
i: [1,788,0,13,2,0,0,255] dt_u1_rlvect_1
s: 788
a: [3,4112,1,2,1,4096]
s: 4112
r: 4026
r: 4112
r: 4313
r: 4069
r: 4198
i: [1,1008,0,13,3,0,0,255] cc4_funct_2
s: 1008
a: [3,4025,1,2,1,4010]
s: 4025
i: [1,1078,0,13,3,0,0,255] cc1_funct_2
s: 1078
i: [1,791,0,14,2,0,0,255] dt_u1_algstr_0
s: 791
a: [3,4068,1,2,1,4053]
s: 4068
i: [1,1071,0,14,4,0,0,1] existence_m2_subset_1
s: 1071
a: [3,4111,1,2,1,4096]
s: 4111
i: [1,1040,0,15,4,0,0,255] cc3_funct_2
s: 1040
i: [1,1066,0,15,4,0,0,255] cc2_funct_2
s: 1066
a: [3,4155,1,2,1,4139]
s: 4155
r: 4155
i: [1,1068,0,15,5,0,0,1] dt_m2_subset_1
s: 1068
a: [3,4154,1,2,1,4139]
s: 4154
i: [1,1069,0,15,5,0,0,1] redefinition_m2_subset_1
s: 1069
i: [1,1070,0,15,5,0,0,1] redefinition_m2_subset_1
s: 1070
a: [3,4197,1,2,1,4182]
s: 4197
i: [1,846,0,17,3,0,0,255] abstractness_v1_normsp_1
s: 846
a: [3,4312,1,2,1,4297]
s: 4312
i: [1,1073,0,18,6,0,0,255] cc8_funct_2
s: 1073
d: [2,5960,0,16,5,0,21,1073,889]
s: 5960
a: [3,4402,1,2,1,4386]
s: 4402
r: 4402
i: [1,924,0,26,7,0,0,1] d1_ndiff_4
s: 924
a: [3,4401,1,2,1,4386]
s: 4401
i: [1,926,0,27,7,0,0,1] d1_ndiff_4
s: 926
i: [1,927,0,29,7,0,0,1] d1_ndiff_4
s: 927
a: [3,4526,1,2,1,4510]
s: 4526
i: [1,901,0,31,15,0,0,255] rc2_ndiff_1
s: 901
a: [3,4356,1,2,1,4340]
s: 4356
d: [2,6007,2,0,0,2,52,4401,4356,819]
e: 6007
d: [2,6008,2,2,1,1,40,4356,819]
d: [2,6010,2,0,0,2,21,6008,4401]
e: 6010
r: 4401
i: [1,902,0,31,15,0,0,255] rc2_ndiff_1
s: 902
i: [1,904,0,31,15,0,0,255] rc2_ndiff_1
s: 904
s: 4402
i: [1,905,0,31,15,0,0,255] rc2_ndiff_1
s: 905
a: [3,4449,1,2,1,4433]
s: 4449
i: [1,906,0,32,15,0,0,255] rc2_ndiff_1
s: 906
i: [1,925,0,32,7,0,0,1] d1_ndiff_4
s: 925
a: [3,4241,1,2,1,4225]
s: 4241
i: [1,903,0,33,15,0,0,255] rc2_ndiff_1
s: 903
a: [3,4277,1,2,1,4261]
s: 4277
i: [1,907,0,34,15,0,0,255] rc2_ndiff_1
s: 907
i: [1,1214,0,36,9,0,0,1] d1_ndiff_4
d: [2,1215,0,34,8,0,18,1214]
s: 1215
a: [3,4574,2,2,1,4557]
s: 4574
i: [1,900,0,36,15,0,0,255] rc2_ndiff_1
s: 900
a: [3,4579,2,2,1,4557]
s: 4579
i: [1,1091,0,54,11,0,0,255] dt_g1_normsp_1
s: 1091
i: [1,1092,0,54,11,0,0,255] dt_g1_normsp_1
s: 1092
a: [3,4833,2,2,1,4828]
s: 4833
d: [2,6183,3,0,0,2,52,4197,4833,884]
e: 6183
d: [2,6185,3,2,1,1,40,4833,884]
d: [2,6192,3,0,0,2,21,6185,4197]
e: 6192
r: 4025
r: 4068
r: 4111
r: 4154
r: 4197
r: 4312
i: [1,1093,0,63,12,0,0,255] free_g1_normsp_1
s: 1093
a: [3,3567,1,2,1,3553]
s: 3567
i: [1,1094,0,63,12,0,0,255] free_g1_normsp_1
s: 1094
i: [1,1095,0,63,12,0,0,255] free_g1_normsp_1
s: 1095
a: [3,3293,1,2,1,3279]
s: 3293
i: [1,1096,0,63,12,0,0,255] free_g1_normsp_1
s: 1096
a: [3,3419,1,2,1,3403]
s: 3419
i: [1,1097,0,63,12,0,0,255] free_g1_normsp_1
s: 1097
a: [3,3627,1,2,1,3606]
s: 3627
r: 3567
r: 3627
r: 4833
r: 3293
r: 3419
a: [3,3292,1,2,1,3279]
s: 3292
a: [3,3418,1,2,1,3403]
s: 3418
a: [3,3566,1,2,1,3553]
s: 3566
a: [3,3626,1,2,1,3606]
s: 3626
a: [3,3827,1,2,1,3811]
s: 3827
s: 4026
s: 4069
s: 4112
s: 4155
s: 4198
s: 4313
a: [3,4481,1,2,1,4465]
s: 4481
s: 4834
a: [3,3901,1,3,1,3866]
s: 3901
r: 3901
a: [3,3900,1,3,1,3866]
s: 3900
d: [2,6258,2,0,0,3,52,3491,3249,3900,977]
e: 6258
d: [2,6259,2,4,2,1,40,3900,977]
d: [2,6261,2,2,1,2,21,6259,3249]
d: [2,6262,2,0,0,3,21,6261,3491]
e: 6262
r: 3900
a: [3,4838,2,2,1,4828]
s: 4838
a: [3,3975,1,3,1,3940]
s: 3975
d: [2,4829,2,4,2,1,40,3491,982]
a: [3,4843,2,2,1,4829]
s: 4843
r: 4843
a: [3,4919,1,3,1,4906]
s: 4919
d: [2,6268,3,0,0,2,52,1015,4834,4919,1007]
e: 6268
r: 4919
d: [2,5345,1,5,2,1,40,1065,1249]
d: [2,5353,1,3,1,2,21,5345,4834]
a: [3,5357,1,3,1,5353]
s: 5357
a: [3,4842,2,2,1,4829]
s: 4842
d: [2,5370,1,6,2,1,40,1057,1249]
a: [3,5385,1,3,1,5370]
s: 5385
d: [2,4633,3,2,1,1,40,4571,886]
a: [3,4654,3,2,1,4633]
s: 4654
d: [2,5398,1,6,2,1,40,1058,1249]
a: [3,5413,1,3,1,5398]
s: 5413
d: [2,5496,1,7,3,1,40,1043,1249]
d: [2,5509,1,5,2,2,21,5496,1254]
a: [3,5513,1,3,1,5509]
s: 5513
d: [2,5534,1,7,3,1,40,1045,1249]
d: [2,5547,1,5,2,2,21,5534,1254]
a: [3,5551,1,3,1,5547]
s: 5551
d: [2,5573,1,7,3,1,40,1052,1249]
d: [2,5586,1,5,2,2,21,5573,1254]
a: [3,5590,1,3,1,5586]
s: 5590
d: [2,5611,1,7,3,1,40,1054,1249]
d: [2,5624,1,5,2,2,21,5611,1254]
a: [3,5628,1,3,1,5624]
s: 5628
d: [2,5720,1,8,2,1,40,1078,1249]
a: [3,5735,1,3,1,5720]
s: 5735
d: [2,5314,1,6,2,1,40,1063,1962]
a: [3,5333,1,4,1,5314]
s: 5333
d: [2,6270,2,2,1,1,40,5628,851]
a: [3,6274,2,2,1,6270]
s: 6274
d: [2,5346,1,6,2,1,40,1065,1962]
d: [2,5359,1,4,1,2,21,5346,4834]
a: [3,5363,1,4,1,5359]
s: 5363
d: [2,6276,2,6,2,1,40,5363,939]
a: [3,6280,2,3,1,6276]
s: 6280
d: [2,5371,1,7,2,1,40,1057,1962]
a: [3,5390,1,4,1,5371]
s: 5390
d: [2,5399,1,7,2,1,40,1058,1962]
a: [3,5418,1,4,1,5399]
s: 5418
d: [2,5497,1,8,3,1,40,1043,1962]
d: [2,5519,1,6,2,2,21,5497,1254]
a: [3,5523,1,4,1,5519]
s: 5523
d: [2,5535,1,8,3,1,40,1045,1962]
d: [2,5557,1,6,2,2,21,5535,1254]
a: [3,5561,1,4,1,5557]
s: 5561
d: [2,5574,1,8,3,1,40,1052,1962]
d: [2,5592,1,6,2,2,21,5574,1254]
a: [3,5596,1,4,1,5592]
s: 5596
d: [2,5612,1,8,3,1,40,1054,1962]
d: [2,5634,1,6,2,2,21,5612,1254]
a: [3,5638,1,4,1,5634]
s: 5638
s: 4022
s: 4398
s: 4923
a: [3,5730,1,5,1,5720]
s: 5730
s: 3897
s: 4031
d: [2,4054,1,8,2,1,40,799,1962]
a: [3,4074,1,6,1,4054]
s: 4074
d: [2,4097,1,8,2,1,40,800,1962]
a: [3,4117,1,6,1,4097]
s: 4117
d: [2,4140,1,8,2,1,40,803,1962]
a: [3,4160,1,6,1,4140]
s: 4160
d: [2,4183,1,8,2,1,40,810,1962]
a: [3,4203,1,6,1,4183]
s: 4203
d: [2,4226,1,8,2,1,40,811,1962]
a: [3,4246,1,6,1,4226]
s: 4246
d: [2,4262,1,8,2,1,40,812,1962]
a: [3,4282,1,6,1,4262]
s: 4282
d: [2,4298,1,8,2,1,40,816,1962]
a: [3,4318,1,6,1,4298]
s: 4318
d: [2,4341,1,8,2,1,40,821,1962]
a: [3,4361,1,6,1,4341]
s: 4361
d: [2,4387,1,8,2,1,40,822,1962]
a: [3,4407,1,6,1,4387]
s: 4407
d: [2,4434,1,8,2,1,40,840,1962]
a: [3,4454,1,6,1,4434]
s: 4454
d: [2,4466,1,8,2,1,40,843,1962]
a: [3,4486,1,6,1,4466]
s: 4486
d: [2,4907,1,9,2,1,40,1013,1962]
a: [3,4928,1,6,1,4907]
s: 4928
d: [2,5080,1,14,3,1,40,967,1962]
a: [3,5112,1,6,1,5080]
s: 5112
a: [3,5116,1,6,1,5080]
s: 5116
r: 5116
a: [3,5115,1,6,1,5080]
s: 5115
d: [2,5721,1,9,2,1,40,1078,1962]
a: [3,5739,1,6,1,5721]
s: 5739
d: [2,3867,1,10,2,1,40,796,1962]
a: [3,3906,1,7,1,3867]
s: 3906
d: [2,3941,1,10,2,1,40,797,1962]
a: [3,3980,1,7,1,3941]
s: 3980
d: [2,4745,1,13,2,1,40,1007,1249]
a: [3,4775,1,7,1,4745]
s: 4775
a: [3,4778,1,6,1,4745]
s: 4778
d: [2,4746,1,15,2,1,40,1007,1962]
a: [3,4788,1,7,1,4746]
s: 4788
d: [2,6297,2,0,0,2,52,3496,4788,885]
e: 6297
d: [2,6298,2,0,0,2,52,3572,4788,887]
e: 6298
d: [2,6299,2,0,0,2,52,3632,4788,888]
e: 6299
d: [2,6302,2,7,1,1,40,4788,885]
d: [2,6310,2,0,0,2,21,6302,3496]
e: 6310
d: [2,6304,2,7,1,1,40,4788,887]
d: [2,6312,2,0,0,2,21,6304,3572]
e: 6312
d: [2,6305,2,7,1,1,40,4788,888]
d: [2,6314,2,0,0,2,21,6305,3632]
e: 6314
r: 4788
a: [3,4784,1,8,1,4746]
s: 4784
a: [3,4787,1,7,1,4746]
s: 4787
d: [2,2916,1,4,2,1,40,958,1789]
a: [3,2957,1,2,1,2916]
s: 2957
r: 2957
a: [3,2953,1,2,1,2916]
s: 2953
d: [2,6288,2,7,1,1,40,4775,1067]
a: [3,6294,2,7,1,6288]
s: 6294
a: [3,2956,1,2,1,2916]
s: 2956
d: [2,2920,1,4,2,1,40,958,1854]
a: [3,2962,1,2,1,2920]
s: 2962
d: [2,2969,1,4,2,1,40,966,1779]
d: [2,2970,1,2,1,2,21,2969,1789]
a: [3,2974,1,2,1,2970]
s: 2974
d: [2,2990,1,4,2,1,40,975,1524]
d: [2,2994,1,2,1,2,21,2990,1549]
a: [3,2998,1,2,1,2994]
s: 2998
d: [2,2991,1,4,2,1,40,975,1794]
d: [2,3000,1,2,1,2,21,2991,1804]
a: [3,3004,1,2,1,3000]
s: 3004
d: [2,3027,1,4,2,1,40,982,1804]
a: [3,3051,1,2,1,3027]
s: 3051
r: 3051
a: [3,3050,1,2,1,3027]
s: 3050
a: [3,3055,1,2,1,3027]
s: 3055
d: [2,3090,1,4,2,1,40,795,1354]
a: [3,3102,1,2,1,3090]
s: 3102
d: [2,3091,1,4,2,1,40,795,1359]
a: [3,3111,1,2,1,3091]
s: 3111
d: [2,3096,1,5,2,1,40,795,1339]
a: [3,3139,1,2,1,3096]
s: 3139
d: [2,3097,1,5,2,1,40,795,1869]
a: [3,3144,1,2,1,3097]
s: 3144
d: [2,3098,1,5,2,1,40,795,1889]
a: [3,3149,1,2,1,3098]
s: 3149
d: [2,3152,1,4,2,1,40,802,1354]
a: [3,3164,1,2,1,3152]
s: 3164
a: [3,3168,1,2,1,3152]
s: 3168
d: [2,3154,1,4,2,1,40,802,1986]
a: [3,3178,1,2,1,3154]
s: 3178
d: [2,3158,1,5,2,1,40,802,1339]
a: [3,3201,1,2,1,3158]
s: 3201
d: [2,3159,1,5,2,1,40,802,1869]
a: [3,3206,1,2,1,3159]
s: 3206
d: [2,3160,1,5,2,1,40,802,1889]
a: [3,3211,1,2,1,3160]
s: 3211
d: [2,3214,1,4,2,1,40,808,1354]
a: [3,3226,1,2,1,3214]
s: 3226
d: [2,3215,1,4,2,1,40,808,1359]
a: [3,3235,1,2,1,3215]
s: 3235
d: [2,3220,1,5,2,1,40,808,1339]
a: [3,3263,1,2,1,3220]
s: 3263
d: [2,3221,1,5,2,1,40,808,1869]
a: [3,3268,1,2,1,3221]
s: 3268
d: [2,3222,1,5,2,1,40,808,1889]
a: [3,3273,1,2,1,3222]
s: 3273
d: [2,3282,1,5,2,1,40,809,1339]
a: [3,3316,1,2,1,3282]
s: 3316
r: 3316
a: [3,3315,1,2,1,3282]
s: 3315
d: [2,3283,1,5,2,1,40,809,1869]
a: [3,3321,1,2,1,3283]
s: 3321
r: 3321
a: [3,3320,1,2,1,3283]
s: 3320
d: [2,3284,1,5,2,1,40,809,1889]
a: [3,3326,1,2,1,3284]
s: 3326
d: [2,3329,1,4,2,1,40,815,1354]
a: [3,3341,1,2,1,3329]
s: 3341
d: [2,3330,1,4,2,1,40,815,1359]
a: [3,3350,1,2,1,3330]
s: 3350
d: [2,3335,1,5,2,1,40,815,1339]
a: [3,3378,1,2,1,3335]
s: 3378
d: [2,3336,1,5,2,1,40,815,1869]
a: [3,3383,1,2,1,3336]
s: 3383
d: [2,3337,1,5,2,1,40,815,1889]
a: [3,3388,1,2,1,3337]
s: 3388
d: [2,3405,1,7,2,1,40,839,1949]
a: [3,3433,1,2,1,3405]
s: 3433
d: [2,3281,1,7,2,1,40,809,1949]
a: [3,3307,1,2,1,3281]
s: 3307
r: 3307
r: 3433
a: [3,3306,1,2,1,3281]
s: 3306
a: [3,3432,1,2,1,3405]
s: 3432
d: [2,3455,1,4,2,1,40,841,1354]
a: [3,3468,1,2,1,3455]
s: 3468
d: [2,3456,1,4,2,1,40,841,1359]
a: [3,3477,1,2,1,3456]
s: 3477
d: [2,3555,1,7,2,1,40,878,1949]
a: [3,3581,1,2,1,3555]
s: 3581
d: [2,6432,2,0,0,2,52,3432,3581,847]
e: 6432
d: [2,6433,2,0,0,2,52,3306,3581,849]
e: 6433
d: [2,6434,2,2,1,1,40,3581,849]
d: [2,6439,2,0,0,2,21,6434,3306]
e: 6439
d: [2,6436,2,2,1,1,40,3581,847]
d: [2,6441,2,0,0,2,21,6436,3432]
e: 6441
r: 3581
d: [2,3556,1,5,2,1,40,878,1339]
a: [3,3590,1,2,1,3556]
s: 3590
d: [2,6443,2,0,0,2,52,3315,3590,849]
e: 6443
d: [2,6444,2,2,1,1,40,3590,849]
d: [2,6448,2,0,0,2,21,6444,3315]
e: 6448
r: 3590
d: [2,3557,1,5,2,1,40,878,1869]
a: [3,3595,1,2,1,3557]
s: 3595
d: [2,6450,2,0,0,2,52,3320,3595,849]
e: 6450
d: [2,6451,2,2,1,1,40,3595,849]
d: [2,6455,2,0,0,2,21,6451,3320]
e: 6455
r: 3595
d: [2,3558,1,5,2,1,40,878,1889]
a: [3,3600,1,2,1,3558]
s: 3600
d: [2,3408,1,5,2,1,40,839,1889]
a: [3,3452,1,2,1,3408]
s: 3452
d: [2,3611,1,5,2,1,40,882,1889]
a: [3,3650,1,2,1,3611]
s: 3650
r: 3600
r: 3650
a: [3,3599,1,2,1,3558]
s: 3599
a: [3,3649,1,2,1,3611]
s: 3649
d: [2,3815,1,4,2,1,40,779,1339]
a: [3,3846,1,2,1,3815]
s: 3846
d: [2,3863,1,5,2,1,40,796,1354]
a: [3,3878,1,2,1,3863]
s: 3878
d: [2,3864,1,5,2,1,40,796,1359]
a: [3,3887,1,2,1,3864]
s: 3887
d: [2,3937,1,5,2,1,40,797,1354]
a: [3,3952,1,2,1,3937]
s: 3952
d: [2,3938,1,5,2,1,40,797,1359]
a: [3,3961,1,2,1,3938]
s: 3961
d: [2,4055,1,6,2,1,40,799,1949]
a: [3,4083,1,2,1,4055]
s: 4083
d: [2,4012,1,6,2,1,40,798,1949]
a: [3,4040,1,2,1,4012]
s: 4040
d: [2,4227,1,6,2,1,40,811,1949]
a: [3,4255,1,2,1,4227]
s: 4255
d: [2,4299,1,6,2,1,40,816,1949]
a: [3,4327,1,2,1,4299]
s: 4327
d: [2,4098,1,6,2,1,40,800,1949]
a: [3,4126,1,2,1,4098]
s: 4126
d: [2,4141,1,6,2,1,40,803,1949]
a: [3,4169,1,2,1,4141]
s: 4169
d: [2,4342,1,6,2,1,40,821,1949]
a: [3,4370,1,2,1,4342]
s: 4370
d: [2,4345,1,4,2,1,40,821,1869]
a: [3,4375,1,2,1,4345]
s: 4375
d: [2,4388,1,6,2,1,40,822,1949]
a: [3,4416,1,2,1,4388]
s: 4416
d: [2,4390,1,4,2,1,40,822,1339]
a: [3,4421,1,2,1,4390]
s: 4421
d: [2,4435,1,6,2,1,40,840,1949]
a: [3,4463,1,2,1,4435]
s: 4463
d: [2,4263,1,6,2,1,40,812,1949]
a: [3,4291,1,2,1,4263]
s: 4291
d: [2,4467,1,6,2,1,40,843,1949]
a: [3,4495,1,2,1,4467]
s: 4495
d: [2,4515,1,4,2,1,40,879,1869]
a: [3,4545,1,2,1,4515]
s: 4545
d: [2,4560,1,6,3,1,40,921,1434]
a: [3,4610,1,2,1,4560]
s: 4610
r: 4610
a: [3,4609,1,2,1,4560]
s: 4609
a: [3,4618,1,2,1,4560]
s: 4618
d: [2,4690,1,4,2,1,40,4674,1789]
a: [3,4700,1,2,1,4690]
s: 4700
d: [2,4691,1,4,2,1,40,4674,1804]
a: [3,4705,1,2,1,4691]
s: 4705
d: [2,5157,1,6,3,1,40,973,1339]
a: [3,5174,1,2,1,5157]
s: 5174
d: [2,5221,1,6,3,1,40,992,1339]
a: [3,5238,1,2,1,5221]
s: 5238
d: [2,5836,1,11,4,1,40,1068,1889]
d: [2,5854,1,9,3,2,21,5836,1299]
a: [3,5858,1,2,1,5854]
s: 5858
d: [2,6539,2,0,0,2,52,3599,5858,886]
e: 6539
d: [2,6540,2,0,0,2,52,3649,5858,888]
e: 6540
d: [2,6544,2,2,1,1,40,5858,886]
d: [2,6550,2,0,0,2,21,6544,3599]
e: 6550
d: [2,6546,2,2,1,1,40,5858,888]
d: [2,6552,2,0,0,2,21,6546,3649]
e: 6552
r: 3326
r: 5858
r: 3452
a: [3,3325,1,2,1,3284]
s: 3325
a: [3,3451,1,2,1,3408]
s: 3451
d: [2,5247,1,9,2,1,40,1012,1249]
s: 5247
d: [2,5248,1,10,2,1,40,1012,1962]
s: 5248
d: [2,6566,2,10,3,1,40,5247,882]
a: [3,6571,2,5,1,6566]
s: 6571
d: [2,4511,1,8,2,1,40,879,1962]
a: [3,4531,1,6,1,4511]
s: 4531
d: [2,6588,2,11,3,1,40,5248,882]
a: [3,6597,2,6,1,6588]
s: 6597
d: [2,5885,1,17,4,1,40,1069,1249]
a: [3,5906,1,10,2,5885]
s: 5906
r: 3292
r: 3418
r: 3566
r: 3626
r: 4834
r: 4842
s: 3293
s: 3419
s: 3567
s: 3627
a: [3,5555,1,2,1,5547]
s: 5555
a: [3,5517,1,2,1,5509]
s: 5517
a: [3,5632,1,2,1,5624]
s: 5632
d: [2,5926,1,17,4,1,40,1070,1249]
a: [3,5947,1,10,2,5926]
s: 5947
s: 4833
d: [2,5886,1,19,4,1,40,1069,1962]
a: [3,5910,1,11,2,5886]
s: 5910
d: [2,5927,1,19,4,1,40,1070,1962]
a: [3,5951,1,11,2,5927]
s: 5951
s: 4843
d: [2,5987,1,19,6,1,40,924,1249]
d: [2,5992,1,17,5,2,21,5987,1254]
d: [2,5993,1,13,4,3,21,5992,1259]
d: [2,5994,1,11,3,4,21,5993,1264]
s: 5994
d: [2,6222,2,2,1,1,40,3627,881]
a: [3,6227,2,2,1,6222]
s: 6227
d: [2,6084,1,26,7,1,40,1215,1962]
d: [2,6091,1,24,6,2,21,6084,1254]
d: [2,6092,1,17,5,3,21,6091,1249]
d: [2,6093,1,13,4,4,21,6092,1259]
d: [2,6094,1,11,3,5,21,6093,1264]
s: 6094
d: [2,5996,1,20,6,1,40,926,1249]
d: [2,6001,1,18,5,2,21,5996,1254]
d: [2,6002,1,14,4,3,21,6001,1259]
d: [2,6003,1,12,3,4,21,6002,1264]
s: 6003
d: [2,6223,2,2,1,1,40,3627,880]
a: [3,6232,2,2,1,6223]
s: 6232
d: [2,2633,1,3,1,0,40,892,1015]
a: [3,2647,1,3,1,2633]
s: 2647
d: [2,6316,2,8,1,1,40,4784,1067]
a: [3,6322,2,8,1,6316]
s: 6322
d: [2,2651,1,3,1,0,40,893,1015]
a: [3,2661,1,3,1,2651]
s: 2661
d: [2,2664,1,3,1,0,40,894,1015]
a: [3,2673,1,3,1,2664]
s: 2673
d: [2,2042,2,2,1,1,40,2016,778]
a: [3,2047,2,2,1,2042]
s: 2047
d: [2,2675,1,3,1,0,40,1006,1014]
s: 2675
d: [2,2043,2,2,1,1,40,2016,777]
a: [3,2052,2,2,1,2043]
s: 2052
d: [2,2676,1,3,1,0,40,1006,1031]
s: 2676
d: [2,2712,1,3,1,1,40,2630,1015]
a: [3,2721,1,3,1,2712]
s: 2721
d: [2,2060,2,2,1,1,40,2058,792]
a: [3,2064,2,2,1,2060]
s: 2064
d: [2,2988,1,6,2,0,40,975,1019]
d: [2,2993,1,3,1,0,21,2988,1016]
s: 2993
d: [2,2106,2,2,1,1,40,2084,820]
a: [3,2110,2,2,1,2106]
s: 2110
a: [3,3197,1,3,1,3158]
s: 3197
a: [3,3259,1,3,1,3220]
s: 3259
d: [2,2136,2,2,1,1,40,2090,838]
a: [3,2141,2,2,1,2136]
s: 2141
a: [3,3312,1,3,1,3282]
s: 3312
d: [2,2137,2,2,1,1,40,2090,837]
a: [3,2146,2,2,1,2137]
s: 2146
a: [3,3374,1,3,1,3335]
s: 3374
d: [2,3406,1,5,2,1,40,839,1339]
a: [3,3438,1,3,1,3406]
s: 3438
d: [2,2220,2,2,1,1,40,2119,780]
a: [3,2224,2,2,1,2220]
s: 2224
d: [2,3461,1,5,2,1,40,841,1339]
a: [3,3501,1,3,1,3461]
s: 3501
d: [2,2226,2,2,1,1,40,2124,780]
a: [3,2230,2,2,1,2226]
s: 2230
a: [3,3586,1,3,1,3556]
s: 3586
a: [3,3646,1,3,1,3611]
s: 3646
d: [2,2290,2,2,1,1,40,2129,780]
a: [3,2294,2,2,1,2290]
s: 2294
d: [2,3666,1,6,2,0,40,994,1029]
d: [2,3673,1,3,1,0,21,3666,1028]
a: [3,3677,1,3,1,3673]
s: 3677
d: [2,2339,2,2,1,1,40,2134,780]
a: [3,2343,2,2,1,2339]
s: 2343
d: [2,3667,1,6,2,0,40,994,1035]
d: [2,3679,1,3,1,0,21,3667,1034]
a: [3,3683,1,3,1,3679]
s: 3683
d: [2,3668,1,6,2,0,40,994,1080]
d: [2,3685,1,3,1,0,21,3668,1079]
a: [3,3689,1,3,1,3685]
s: 3689
d: [2,2369,2,2,1,1,40,2155,776]
a: [3,2374,2,2,1,2369]
s: 2374
d: [2,3697,1,6,2,0,40,999,1029]
d: [2,3704,1,3,1,0,21,3697,1028]
a: [3,3708,1,3,1,3704]
s: 3708
d: [2,2370,2,2,1,1,40,2155,775]
a: [3,2379,2,2,1,2370]
s: 2379
d: [2,3698,1,6,2,0,40,999,1035]
d: [2,3710,1,3,1,0,21,3698,1034]
a: [3,3714,1,3,1,3710]
s: 3714
d: [2,3699,1,6,2,0,40,999,1080]
d: [2,3716,1,3,1,0,21,3699,1079]
a: [3,3720,1,3,1,3716]
s: 3720
d: [2,2429,2,2,1,1,40,2160,776]
a: [3,2434,2,2,1,2429]
s: 2434
d: [2,3726,1,6,2,0,40,1002,1029]
d: [2,3732,1,3,1,0,21,3726,1028]
a: [3,3736,1,3,1,3732]
s: 3736
d: [2,2430,2,2,1,1,40,2160,775]
a: [3,2439,2,2,1,2430]
s: 2439
d: [2,3727,1,6,2,0,40,1002,1035]
d: [2,3738,1,3,1,0,21,3727,1034]
a: [3,3742,1,3,1,3738]
s: 3742
d: [2,3728,1,6,2,0,40,1002,1080]
d: [2,3744,1,3,1,0,21,3728,1079]
a: [3,3748,1,3,1,3744]
s: 3748
d: [2,2465,2,2,1,1,40,2165,776]
a: [3,2470,2,2,1,2465]
s: 2470
d: [2,3752,1,6,2,0,40,1004,1029]
d: [2,3757,1,3,1,0,21,3752,1028]
a: [3,3761,1,3,1,3757]
s: 3761
d: [2,2466,2,2,1,1,40,2165,775]
a: [3,2475,2,2,1,2466]
s: 2475
d: [2,3753,1,6,2,0,40,1004,1035]
d: [2,3763,1,3,1,0,21,3753,1034]
a: [3,3767,1,3,1,3763]
s: 3767
d: [2,3754,1,6,2,0,40,1004,1080]
d: [2,3769,1,3,1,0,21,3754,1079]
a: [3,3773,1,3,1,3769]
s: 3773
d: [2,2525,2,2,1,1,40,2170,776]
a: [3,2530,2,2,1,2525]
s: 2530
d: [2,3868,1,8,2,1,40,796,1949]
a: [3,3915,1,3,1,3868]
s: 3915
d: [2,2526,2,2,1,1,40,2170,775]
a: [3,2535,2,2,1,2526]
s: 2535
d: [2,3870,1,6,2,1,40,796,1339]
a: [3,3920,1,3,1,3870]
s: 3920
d: [2,3942,1,8,2,1,40,797,1949]
a: [3,3989,1,3,1,3942]
s: 3989
d: [2,2541,2,2,1,1,40,2189,881]
a: [3,2546,2,2,1,2541]
s: 2546
d: [2,3944,1,6,2,1,40,797,1339]
a: [3,3994,1,3,1,3944]
s: 3994
d: [2,2542,2,2,1,1,40,2189,880]
a: [3,2551,2,2,1,2542]
s: 2551
d: [2,4742,1,5,2,1,40,1007,1354]
d: [2,4754,1,3,1,2,21,4742,1299]
a: [3,4758,1,3,1,4754]
s: 4758
d: [2,4743,1,5,2,1,40,1007,1359]
d: [2,4760,1,3,1,2,21,4743,1970]
a: [3,4764,1,3,1,4760]
s: 4764
d: [2,2553,2,2,1,1,40,2194,881]
a: [3,2558,2,2,1,2553]
s: 2558
d: [2,4744,1,5,2,1,40,1007,1986]
d: [2,4766,1,3,1,2,21,4744,1970]
a: [3,4770,1,3,1,4766]
s: 4770
d: [2,2554,2,2,1,1,40,2194,880]
a: [3,2563,2,2,1,2554]
s: 2563
d: [2,4749,1,7,2,1,40,1007,1339]
a: [3,4806,1,3,1,4749]
s: 4806
d: [2,6953,2,0,0,2,52,3259,4806,884]
e: 6953
d: [2,6954,2,0,0,2,52,3501,4806,885]
e: 6954
d: [2,6955,2,0,0,2,52,3586,4806,887]
e: 6955
d: [2,6956,2,0,0,2,52,3646,4806,888]
e: 6956
d: [2,6958,2,3,1,1,40,4806,884]
d: [2,6968,2,0,0,2,21,6958,3259]
e: 6968
d: [2,6959,2,3,1,1,40,4806,885]
d: [2,6970,2,0,0,2,21,6959,3501]
e: 6970
d: [2,6961,2,3,1,1,40,4806,887]
d: [2,6972,2,0,0,2,21,6961,3586]
e: 6972
d: [2,6962,2,3,1,1,40,4806,888]
d: [2,6974,2,0,0,2,21,6962,3646]
e: 6974
r: 4806
d: [2,4911,1,7,2,1,40,1013,1949]
a: [3,4932,1,3,1,4911]
s: 4932
d: [2,6976,2,0,0,2,52,1015,1944,4932,1007]
e: 6976
r: 4932
d: [2,2572,2,2,1,1,40,2254,819]
a: [3,2576,2,2,1,2572]
s: 2576
d: [2,5424,1,8,3,1,40,997,1339]
a: [3,5441,1,3,1,5424]
s: 5441
d: [2,5075,1,6,3,1,40,967,1339]
a: [3,5092,1,2,1,5075]
s: 5092
d: [2,5462,1,8,3,1,40,1000,1339]
a: [3,5479,1,3,1,5462]
s: 5479
d: [2,5840,1,20,4,1,40,1068,1249]
a: [3,5865,1,13,2,5840]
s: 5865
d: [2,2578,2,2,1,1,40,2259,819]
a: [3,2582,2,2,1,2578]
s: 2582
d: [2,5841,1,23,4,1,40,1068,1962]
a: [3,5869,1,15,2,5841]
s: 5869
d: [2,2584,2,2,1,1,40,2264,819]
a: [3,2588,2,2,1,2584]
s: 2588
d: [2,2565,1,4,1,0,40,1083,883]
s: 2565
d: [2,2566,1,4,1,0,40,1083,884]
s: 2566
d: [2,2590,2,2,1,1,40,2269,819]
a: [3,2594,2,2,1,2590]
s: 2594
d: [2,2567,1,4,1,0,40,1083,885]
s: 2567
d: [2,2598,2,2,1,1,40,2352,807]
a: [3,2602,2,2,1,2598]
s: 2602
d: [2,2568,1,4,1,0,40,1083,886]
s: 2568
d: [2,2569,1,4,1,0,40,1083,887]
s: 2569
d: [2,2604,2,2,1,1,40,2357,807]
a: [3,2608,2,2,1,2604]
s: 2608
d: [2,2570,1,4,1,0,40,1083,888]
s: 2570
d: [2,2610,2,2,1,1,40,2362,807]
a: [3,2614,2,2,1,2610]
s: 2614
d: [2,2571,1,4,1,0,40,1083,889]
s: 2571
d: [2,2778,1,4,1,0,40,895,1015]
a: [3,2782,1,4,1,2778]
s: 2782
d: [2,2616,2,2,1,1,40,2367,807]
a: [3,2620,2,2,1,2616]
s: 2620
d: [2,2796,1,4,1,0,40,896,1015]
a: [3,2800,1,4,1,2796]
s: 2800
d: [2,2677,2,2,1,1,40,2412,849]
a: [3,2684,2,2,1,2677]
s: 2684
d: [2,2802,1,4,1,0,40,897,1015]
a: [3,2806,1,4,1,2802]
s: 2806
d: [2,2823,1,4,1,0,40,898,1015]
a: [3,2837,1,4,1,2823]
s: 2837
d: [2,2679,2,2,1,1,40,2412,847]
a: [3,2690,2,2,1,2679]
s: 2690
d: [2,2910,1,8,2,0,40,958,1084]
d: [2,2922,1,4,1,0,21,2910,1083]
s: 2922
d: [2,2692,2,2,1,1,40,2417,849]
a: [3,2698,2,2,1,2692]
s: 2698
d: [2,3020,1,8,2,0,40,982,1084]
d: [2,3032,1,4,1,0,21,3020,1083]
s: 3032
d: [2,3669,1,8,2,0,40,994,1085]
d: [2,3691,1,4,1,0,21,3669,1084]
s: 3691
d: [2,2694,2,2,1,1,40,2417,847]
a: [3,2704,2,2,1,2694]
s: 2704
d: [2,3670,1,8,2,0,40,994,1088]
d: [2,3692,1,4,1,0,21,3670,1087]
s: 3692
d: [2,2725,2,2,1,1,40,2427,847]
a: [3,2730,2,2,1,2725]
s: 2730
d: [2,3700,1,8,2,0,40,999,1085]
d: [2,3722,1,4,1,0,21,3700,1084]
s: 3722
d: [2,3701,1,8,2,0,40,999,1088]
d: [2,3723,1,4,1,0,21,3701,1087]
s: 3723
d: [2,2739,2,2,1,1,40,2448,877]
a: [3,2744,2,2,1,2739]
s: 2744
d: [2,3729,1,8,2,0,40,1002,1085]
d: [2,3750,1,4,1,0,21,3729,1084]
s: 3750
d: [2,2746,2,2,1,1,40,2453,877]
a: [3,2750,2,2,1,2746]
s: 2750
d: [2,3730,1,8,2,0,40,1002,1088]
d: [2,3751,1,4,1,0,21,3730,1087]
s: 3751
d: [2,3755,1,8,2,0,40,1004,1085]
d: [2,3775,1,4,1,0,21,3755,1084]
s: 3775
d: [2,2752,2,2,1,1,40,2458,877]
a: [3,2756,2,2,1,2752]
s: 2756
d: [2,3756,1,8,2,0,40,1004,1088]
d: [2,3776,1,4,1,0,21,3756,1087]
s: 3776
d: [2,2758,2,2,1,1,40,2463,877]
a: [3,2762,2,2,1,2758]
s: 2762
d: [2,3813,1,6,2,1,40,779,1949]
a: [3,3837,1,4,1,3813]
s: 3837
a: [3,4036,1,4,1,4012]
s: 4036
d: [2,2765,2,2,1,1,40,2484,881]
a: [3,2771,2,2,1,2765]
s: 2771
a: [3,4122,1,4,1,4098]
s: 4122
d: [2,2766,2,2,1,1,40,2484,880]
a: [3,2776,2,2,1,2766]
s: 2776
a: [3,4165,1,4,1,4141]
s: 4165
d: [2,4184,1,6,2,1,40,810,1949]
a: [3,4208,1,4,1,4184]
s: 4208
d: [2,2784,2,2,1,1,40,2489,881]
a: [3,2789,2,2,1,2784]
s: 2789
a: [3,4287,1,4,1,4263]
s: 4287
d: [2,2785,2,2,1,1,40,2489,880]
a: [3,2794,2,2,1,2785]
s: 2794
a: [3,4323,1,4,1,4299]
s: 4323
d: [2,4512,1,6,2,1,40,879,1949]
a: [3,4536,1,4,1,4512]
s: 4536
d: [2,2808,2,2,1,1,40,2494,881]
a: [3,2813,2,2,1,2808]
s: 2813
d: [2,4684,1,8,2,0,40,4674,1084]
d: [2,4696,1,4,1,0,21,4684,1083]
s: 4696
d: [2,2809,2,2,1,1,40,2494,880]
a: [3,2818,2,2,1,2809]
s: 2818
d: [2,4714,1,7,2,0,40,996,1029]
d: [2,4721,1,4,1,0,21,4714,1028]
a: [3,4725,1,4,1,4721]
s: 4725
d: [2,4715,1,7,2,0,40,996,1035]
d: [2,4727,1,4,1,0,21,4715,1034]
a: [3,4731,1,4,1,4727]
s: 4731
d: [2,2839,2,2,1,1,40,2499,881]
a: [3,2844,2,2,1,2839]
s: 2844
d: [2,4716,1,7,2,0,40,996,1080]
d: [2,4733,1,4,1,0,21,4716,1079]
a: [3,4737,1,4,1,4733]
s: 4737
d: [2,2840,2,2,1,1,40,2499,880]
a: [3,2849,2,2,1,2840]
s: 2849
a: [3,4802,1,4,1,4749]
s: 4802
a: [3,4805,1,3,1,4749]
s: 4805
d: [2,2976,2,2,1,1,40,2655,877]
a: [3,2980,2,2,1,2976]
s: 2980
d: [2,4750,1,7,2,1,40,1007,1869]
a: [3,4811,1,4,1,4750]
s: 4811
d: [2,3007,2,2,1,1,40,2716,848]
a: [3,3013,2,2,1,3007]
s: 3013
d: [2,4751,1,7,2,1,40,1007,1889]
a: [3,4816,1,4,1,4751]
s: 4816
a: [3,4936,1,4,1,4911]
s: 4936
d: [2,3062,2,2,1,1,40,2827,838]
a: [3,3067,2,2,1,3062]
s: 3067
d: [2,5705,1,9,2,0,40,1008,1033]
d: [2,5711,1,4,1,0,21,5705,1038]
a: [3,5715,1,4,1,5711]
s: 5715
d: [2,3063,2,2,1,1,40,2827,837]
a: [3,3072,2,2,1,3063]
s: 3072
d: [2,2596,1,5,2,0,40,851,814]
s: 2596
d: [2,2597,1,5,2,0,40,851,813]
s: 2597
d: [2,3074,2,2,1,1,40,2832,838]
a: [3,3079,2,2,1,3074]
s: 3079
d: [2,2622,1,5,2,0,40,875,845]
s: 2622
d: [2,3075,2,2,1,1,40,2832,837]
a: [3,3084,2,2,1,3075]
s: 3084
d: [2,2623,1,5,2,0,40,875,844]
s: 2623
d: [2,2627,1,5,2,1,44,1986,890]
s: 2627
d: [2,4558,2,6,3,1,40,921,2201]
a: [3,4592,2,2,1,4558]
s: 4592
d: [2,7208,3,0,0,2,52,1419,4592,855]
e: 7208
d: [2,7210,3,2,1,1,40,4592,855]
d: [2,7213,3,0,0,2,21,7210,1419]
e: 7213
r: 4592
d: [2,2764,1,5,2,0,40,852,1006]
s: 2764
a: [3,4588,2,2,1,4558]
s: 4588
d: [2,3089,1,5,2,0,40,795,1015]
s: 3089
d: [2,3151,1,5,2,0,40,802,1015]
s: 3151
a: [3,4583,2,2,1,4558]
s: 4583
d: [2,3213,1,5,2,0,40,808,1015]
s: 3213
a: [3,4591,2,2,1,4558]
s: 4591
d: [2,3275,1,5,2,0,40,809,1015]
s: 3275
a: [3,3303,1,5,1,3281]
s: 3303
d: [2,4559,2,6,3,1,40,921,2245]
a: [3,4601,2,2,1,4559]
s: 4601
d: [2,3328,1,5,2,0,40,815,1015]
s: 3328
a: [3,4596,2,2,1,4559]
s: 4596
d: [2,3399,1,5,2,0,40,839,1015]
s: 3399
a: [3,3429,1,5,1,3405]
s: 3429
a: [3,4604,2,2,1,4559]
s: 4604
d: [2,3454,1,5,2,0,40,841,1015]
s: 3454
d: [2,4561,2,6,3,1,40,921,2206]
d: [2,4620,2,4,2,2,21,4561,1489]
a: [3,4624,2,2,1,4620]
s: 4624
d: [2,3517,1,5,2,0,40,842,1015]
s: 3517
d: [2,3549,1,5,2,0,40,878,1015]
s: 3549
a: [3,4627,2,2,1,4620]
s: 4627
a: [3,3577,1,5,1,3555]
s: 3577
d: [2,6332,2,4,2,1,40,2974,960]
d: [2,6333,2,2,1,2,21,6332,1789]
a: [3,6337,2,2,1,6333]
s: 6337
d: [2,3602,1,5,2,0,40,882,1015]
s: 3602
d: [2,3608,1,7,2,1,40,882,1949]
a: [3,3637,1,5,1,3608]
s: 3637
d: [2,6339,2,4,2,1,40,2998,971]
d: [2,6341,2,2,1,2,21,6339,1549]
a: [3,6345,2,2,1,6341]
s: 6345
d: [2,3777,1,5,2,0,40,1009,898]
s: 3777
d: [2,6340,2,4,2,1,40,2998,969]
d: [2,6347,2,2,1,2,21,6340,1549]
a: [3,6351,2,2,1,6347]
s: 6351
d: [2,3778,1,5,2,0,40,1009,897]
s: 3778
d: [2,3779,1,5,2,0,40,1009,895]
s: 3779
d: [2,6353,2,4,2,1,40,3004,971]
d: [2,6355,2,2,1,2,21,6353,1804]
a: [3,6359,2,2,1,6355]
s: 6359
d: [2,3780,1,5,2,0,40,1009,896]
s: 3780
d: [2,6354,2,4,2,1,40,3004,969]
d: [2,6361,2,2,1,2,21,6354,1804]
a: [3,6365,2,2,1,6361]
s: 6365
a: [3,3911,1,5,1,3868]
s: 3911
a: [3,3985,1,5,1,3942]
s: 3985
d: [2,6497,2,2,1,1,40,4610,886]
a: [3,6518,2,2,1,6497]
s: 6518
d: [2,4717,1,9,2,0,40,996,1085]
d: [2,4739,1,5,1,0,21,4717,1084]
s: 4739
d: [2,6662,3,2,1,1,40,2047,782]
a: [3,6666,3,2,1,6662]
s: 6666
d: [2,4718,1,9,2,0,40,996,1088]
d: [2,4740,1,5,1,0,21,4718,1087]
s: 4740
d: [2,4957,1,5,2,0,40,785,1076]
s: 4957
d: [2,6688,3,2,1,1,40,2064,793]
a: [3,6692,3,2,1,6688]
s: 6692
d: [2,5260,1,5,2,0,40,1049,1033]
s: 5260
d: [2,6698,3,2,1,1,40,2110,838]
a: [3,6703,3,2,1,6698]
s: 6703
d: [2,5257,1,7,3,0,40,1049,785]
d: [2,5266,1,5,2,1,21,5257,2104]
s: 5266
d: [2,5275,1,5,2,0,40,1050,1033]
s: 5275
d: [2,6699,3,2,1,1,40,2110,837]
a: [3,6708,3,2,1,6699]
s: 6708
d: [2,5272,1,7,3,0,40,1050,785]
d: [2,5281,1,5,2,1,21,5272,2097]
s: 5281
d: [2,6710,3,2,1,1,40,2224,778]
a: [3,6715,3,2,1,6710]
s: 6715
d: [2,5295,1,5,2,0,40,1060,1033]
s: 5295
d: [2,5292,1,7,3,0,40,1060,785]
d: [2,5301,1,5,2,1,21,5292,1314]
s: 5301
d: [2,6718,3,2,1,1,40,2230,778]
a: [3,6723,3,2,1,6718]
s: 6723
d: [2,5315,1,5,2,0,40,1063,1033]
s: 5315
d: [2,6726,3,2,1,1,40,2294,778]
a: [3,6731,3,2,1,6726]
s: 6731
d: [2,5347,1,5,2,0,40,1065,1033]
s: 5347
d: [2,5498,1,8,3,0,40,1043,1033]
d: [2,5525,1,5,2,0,21,5498,1036]
s: 5525
d: [2,6748,3,2,1,1,40,2343,778]
a: [3,6753,3,2,1,6748]
s: 6753
d: [2,5536,1,8,3,0,40,1045,1033]
d: [2,5563,1,5,2,0,21,5536,1036]
s: 5563
d: [2,6784,3,2,1,1,40,2374,817]
a: [3,6788,3,2,1,6784]
s: 6788
d: [2,5575,1,8,3,0,40,1052,1033]
d: [2,5598,1,5,2,0,21,5575,1036]
s: 5598
d: [2,5613,1,8,3,0,40,1054,1033]
d: [2,5640,1,5,2,0,21,5613,1036]
s: 5640
d: [2,6834,3,2,1,1,40,2434,817]
a: [3,6838,3,2,1,6834]
s: 6838
d: [2,5660,1,5,2,0,40,788,1076]
s: 5660
d: [2,6863,3,2,1,1,40,2470,817]
a: [3,6867,3,2,1,6863]
s: 6867
d: [2,5707,1,11,2,0,40,1008,1086]
d: [2,5717,1,5,1,0,21,5707,1090]
s: 5717
d: [2,5754,1,5,2,0,40,791,1076]
s: 5754
d: [2,6913,3,2,1,1,40,2530,817]
a: [3,6917,3,2,1,6913]
s: 6917
d: [2,5966,1,12,4,0,40,5960,1033]
d: [2,5981,1,7,3,0,21,5966,1038]
d: [2,5982,1,5,2,1,21,5981,1970]
s: 5982
d: [2,6984,3,2,1,1,40,2582,820]
a: [3,6988,3,2,1,6984]
s: 6988
d: [2,2907,1,6,2,0,40,958,1028]
s: 2907
d: [2,2908,1,6,2,0,40,958,1034]
s: 2908
d: [2,6992,3,2,1,1,40,2588,820]
a: [3,6996,3,2,1,6992]
s: 6996
d: [2,2909,1,6,2,0,40,958,1079]
s: 2909
d: [2,6999,3,2,1,1,40,2594,820]
a: [3,7003,3,2,1,6999]
s: 7003
d: [2,3015,1,6,2,0,40,982,1016]
s: 3015
d: [2,3016,1,6,2,0,40,982,1020]
s: 3016
d: [2,7005,3,2,1,1,40,2602,792]
a: [3,7010,3,2,1,7005]
s: 7010
d: [2,3017,1,6,2,0,40,982,1028]
s: 3017
d: [2,7016,3,2,1,1,40,2608,792]
a: [3,7020,3,2,1,7016]
s: 7020
d: [2,3018,1,6,2,0,40,982,1034]
s: 3018
d: [2,3019,1,6,2,0,40,982,1079]
s: 3019
d: [2,7024,3,2,1,1,40,2614,792]
a: [3,7028,3,2,1,7024]
s: 7028
d: [2,3810,1,6,2,0,40,1061,1006]
s: 3810
d: [2,7036,3,2,1,1,40,2620,792]
a: [3,7040,3,2,1,7036]
s: 7040
d: [2,3819,1,6,2,0,40,779,1015]
s: 3819
d: [2,3862,1,6,2,0,40,796,1015]
s: 3862
d: [2,7093,3,2,1,1,40,2744,819]
a: [3,7098,3,2,1,7093]
s: 7098
d: [2,3936,1,6,2,0,40,797,1015]
s: 3936
d: [2,7100,3,2,1,1,40,2750,819]
a: [3,7104,3,2,1,7100]
s: 7104
d: [2,4018,1,6,2,0,40,798,1015]
s: 4018
d: [2,4061,1,6,2,0,40,799,1015]
s: 4061
d: [2,7112,3,2,1,1,40,2756,819]
a: [3,7116,3,2,1,7112]
s: 7116
d: [2,4104,1,6,2,0,40,800,1015]
s: 4104
d: [2,7122,3,2,1,1,40,2762,819]
a: [3,7126,3,2,1,7122]
s: 7126
d: [2,4147,1,6,2,0,40,803,1015]
s: 4147
d: [2,4190,1,6,2,0,40,810,1015]
s: 4190
d: [2,7146,3,2,1,1,40,2980,819]
a: [3,7150,3,2,1,7146]
s: 7150
d: [2,4233,1,6,2,0,40,811,1015]
s: 4233
d: [2,7160,3,2,1,1,40,3013,881]
a: [3,7165,3,2,1,7160]
s: 7165
d: [2,4269,1,6,2,0,40,812,1015]
s: 4269
d: [2,4305,1,6,2,0,40,816,1015]
s: 4305
d: [2,7161,3,2,1,1,40,3013,880]
a: [3,7170,3,2,1,7161]
s: 7170
d: [2,4348,1,6,2,0,40,821,1015]
s: 4348
d: [2,7242,3,4,2,1,40,6337,962]
d: [2,7243,3,2,1,2,21,7242,1789]
a: [3,7247,3,2,1,7243]
s: 7247
d: [2,4394,1,6,2,0,40,822,1015]
s: 4394
d: [2,4441,1,6,2,0,40,840,1015]
s: 4441
d: [2,7260,4,2,1,1,40,6692,814]
a: [3,7265,4,2,1,7260]
s: 7265
d: [2,4473,1,6,2,0,40,843,1015]
s: 4473
d: [2,7261,4,2,1,1,40,6692,813]
a: [3,7270,4,2,1,7261]
s: 7270
d: [2,4518,1,6,2,0,40,879,1015]
s: 4518
d: [2,4679,1,6,2,0,40,4674,1016]
s: 4679
d: [2,7308,4,2,1,1,40,6988,838]
a: [3,7313,4,2,1,7308]
s: 7313
d: [2,4680,1,6,2,0,40,4674,1020]
s: 4680
d: [2,7309,4,2,1,1,40,6988,837]
a: [3,7318,4,2,1,7309]
s: 7318
d: [2,4681,1,6,2,0,40,4674,1028]
s: 4681
d: [2,4683,1,6,2,0,40,4674,1079]
s: 4683
d: [2,7321,4,2,1,1,40,6996,838]
a: [3,7326,4,2,1,7321]
s: 7326
d: [2,4741,1,6,2,0,40,1007,1015]
s: 4741
d: [2,7322,4,2,1,1,40,6996,837]
a: [3,7331,4,2,1,7322]
s: 7331
d: [2,4747,1,11,2,1,40,1007,1949]
a: [3,4793,1,6,1,4747]
s: 4793
r: 4793
a: [3,4797,1,5,1,4747]
s: 4797
d: [2,7440,2,0,0,2,52,3577,4797,887]
e: 7440
d: [2,7441,2,0,0,2,52,3637,4797,888]
e: 7441
d: [2,7446,2,5,1,1,40,4797,887]
d: [2,7451,2,0,0,2,21,7446,3577]
e: 7451
d: [2,7447,2,5,1,1,40,4797,888]
d: [2,7453,2,0,0,2,21,7447,3637]
e: 7453
r: 4797
d: [2,7333,4,2,1,1,40,7003,838]
a: [3,7338,4,2,1,7333]
s: 7338
a: [3,4796,1,5,1,4747]
s: 4796
d: [2,7334,4,2,1,1,40,7003,837]
a: [3,7343,4,2,1,7334]
s: 7343
s: 4793
d: [2,4825,1,6,1,0,40,1076,1015]
s: 4825
d: [2,7345,4,2,1,1,40,7010,793]
a: [3,7350,4,2,1,7345]
s: 7350
d: [2,4956,1,6,2,0,40,785,1077]
s: 4956
d: [2,7352,4,2,1,1,40,7020,793]
a: [3,7356,4,2,1,7352]
s: 7356
d: [2,5243,1,6,2,1,40,1012,1339]
s: 5243
d: [2,5244,1,6,2,1,40,1012,1869]
s: 5244
d: [2,7359,4,2,1,1,40,7028,793]
a: [3,7363,4,2,1,7359]
s: 7363
d: [2,5245,1,6,2,1,40,1012,1889]
s: 5245
d: [2,7367,4,2,1,1,40,7040,793]
a: [3,7371,4,2,1,7367]
s: 7371
d: [2,5261,1,6,2,0,40,1049,1082]
s: 5261
d: [2,5262,1,6,2,0,40,1049,1086]
s: 5262
d: [2,7375,4,2,1,1,40,7098,820]
a: [3,7380,4,2,1,7375]
s: 7380
d: [2,5276,1,6,2,0,40,1050,1082]
s: 5276
d: [2,7383,4,2,1,1,40,7104,820]
a: [3,7387,4,2,1,7383]
s: 7387
d: [2,5277,1,6,2,0,40,1050,1086]
s: 5277
d: [2,5296,1,6,2,0,40,1060,1082]
s: 5296
d: [2,7391,4,2,1,1,40,7116,820]
a: [3,7395,4,2,1,7391]
s: 7395
d: [2,5297,1,6,2,0,40,1060,1086]
s: 5297
d: [2,7398,4,2,1,1,40,7126,820]
a: [3,7402,4,2,1,7398]
s: 7402
d: [2,5316,1,6,2,0,40,1063,1082]
s: 5316
d: [2,5317,1,6,2,0,40,1063,1086]
s: 5317
d: [2,7406,4,2,1,1,40,7150,820]
a: [3,7410,4,2,1,7406]
s: 7410
d: [2,5340,1,6,2,0,40,1064,1086]
s: 5340
d: [2,7419,5,2,1,1,40,7265,801]
a: [3,7423,5,2,1,7419]
s: 7423
d: [2,5349,1,6,2,0,40,1065,1086]
s: 5349
d: [2,5372,1,6,2,0,40,1057,1033]
s: 5372
d: [2,7462,5,2,1,1,40,7350,814]
a: [3,7468,5,2,1,7462]
s: 7468
d: [2,5400,1,6,2,0,40,1058,1033]
s: 5400
d: [2,7463,5,2,1,1,40,7350,813]
a: [3,7473,5,2,1,7463]
s: 7473
d: [2,5500,1,10,3,0,40,1043,1086]
d: [2,5526,1,6,2,0,21,5500,1089]
s: 5526
d: [2,5538,1,10,3,0,40,1045,1086]
d: [2,5564,1,6,2,0,21,5538,1089]
s: 5564
d: [2,7476,5,2,1,1,40,7356,814]
a: [3,7481,5,2,1,7476]
s: 7481
d: [2,5577,1,10,3,0,40,1052,1086]
d: [2,5599,1,6,2,0,21,5577,1089]
s: 5599
d: [2,7477,5,2,1,1,40,7356,813]
a: [3,7486,5,2,1,7477]
s: 7486
d: [2,5615,1,10,3,0,40,1054,1086]
d: [2,5641,1,6,2,0,21,5615,1089]
s: 5641
d: [2,5802,1,11,3,0,40,1040,1033]
d: [2,5814,1,6,2,0,21,5802,1038]
s: 5814
d: [2,7509,5,2,1,1,40,7363,814]
a: [3,7514,5,2,1,7509]
s: 7514
d: [2,2624,1,7,3,0,44,890,890]
s: 2624
d: [2,7510,5,2,1,1,40,7363,813]
a: [3,7519,5,2,1,7510]
s: 7519
d: [2,3655,1,7,3,0,40,939,883]
s: 3655
d: [2,3656,1,7,3,0,40,939,884]
s: 3656
d: [2,7527,5,2,1,1,40,7371,814]
a: [3,7532,5,2,1,7527]
s: 7532
d: [2,3657,1,7,3,0,40,939,885]
s: 3657
d: [2,7528,5,2,1,1,40,7371,813]
a: [3,7537,5,2,1,7528]
s: 7537
d: [2,3658,1,7,3,0,40,939,886]
s: 3658
d: [2,3659,1,7,3,0,40,939,887]
s: 3659
d: [2,7539,5,2,1,1,40,7380,838]
a: [3,7545,5,2,1,7539]
s: 7545
d: [2,3660,1,7,3,0,40,939,888]
s: 3660
d: [2,7540,5,2,1,1,40,7380,837]
a: [3,7550,5,2,1,7540]
s: 7550
d: [2,3661,1,7,3,0,40,939,889]
s: 3661
d: [2,3814,1,7,2,0,40,779,1033]
s: 3814
d: [2,7552,5,2,1,1,40,7387,838]
a: [3,7557,5,2,1,7552]
s: 7557
d: [2,3818,1,7,3,0,40,779,1009]
s: 3818
d: [2,7553,5,2,1,1,40,7387,837]
a: [3,7562,5,2,1,7553]
s: 7562
d: [2,4013,1,7,2,0,40,798,1033]
s: 4013
d: [2,4017,1,7,3,0,40,798,1009]
s: 4017
d: [2,7568,5,2,1,1,40,7395,838]
a: [3,7573,5,2,1,7568]
s: 7573
d: [2,4056,1,7,2,0,40,799,1033]
s: 4056
d: [2,7569,5,2,1,1,40,7395,837]
a: [3,7578,5,2,1,7569]
s: 7578
d: [2,4060,1,7,3,0,40,799,1009]
s: 4060
d: [2,4099,1,7,2,0,40,800,1033]
s: 4099
d: [2,7584,5,2,1,1,40,7402,838]
a: [3,7589,5,2,1,7584]
s: 7589
d: [2,4103,1,7,3,0,40,800,1009]
s: 4103
d: [2,7585,5,2,1,1,40,7402,837]
a: [3,7594,5,2,1,7585]
s: 7594
d: [2,4142,1,7,2,0,40,803,1033]
s: 4142
d: [2,4146,1,7,3,0,40,803,1009]
s: 4146
d: [2,7598,5,2,1,1,40,7410,838]
a: [3,7603,5,2,1,7598]
s: 7603
d: [2,4185,1,7,2,0,40,810,1033]
s: 4185
d: [2,7599,5,2,1,1,40,7410,837]
a: [3,7608,5,2,1,7599]
s: 7608
d: [2,4189,1,7,3,0,40,810,1009]
s: 4189
d: [2,4228,1,7,2,0,40,811,1033]
s: 4228
d: [2,6567,2,14,3,1,40,5247,1007]
d: [2,6576,2,9,2,2,21,6567,4923]
s: 6576
d: [2,4232,1,7,3,0,40,811,1009]
s: 4232
d: [2,6982,2,9,2,2,40,5865,5947]
s: 6982
d: [2,4264,1,7,2,0,40,812,1033]
s: 4264
d: [2,4268,1,7,3,0,40,812,1009]
s: 4268
d: [2,7663,3,9,2,2,40,6576,1067]
s: 7663
d: [2,4300,1,7,2,0,40,816,1033]
s: 4300
d: [2,7682,4,12,2,2,40,7663,6576]
d: [2,7683,4,6,1,2,18,7682]
a: [3,7687,4,6,1,7683]
s: 7687
d: [2,4304,1,7,3,0,40,816,1009]
s: 4304
d: [2,4343,1,7,2,0,40,821,1033]
s: 4343
d: [2,7679,3,14,3,2,40,6982,1007]
d: [2,7680,3,9,2,3,21,7679,4923]
s: 7680
d: [2,4347,1,7,3,0,40,821,1009]
s: 4347
d: [2,7690,4,9,2,3,40,7680,1067]
s: 7690
d: [2,4389,1,7,2,0,40,822,1033]
s: 4389
d: [2,4393,1,7,3,0,40,822,1009]
s: 4393
d: [2,7695,5,12,2,3,40,7690,7680]
d: [2,7697,5,6,1,3,18,7695]
a: [3,7701,5,6,1,7697]
s: 7701
d: [2,4436,1,7,2,0,40,840,1033]
s: 4436
d: [2,6589,2,16,3,1,40,5248,1007]
d: [2,6599,2,10,2,2,21,6589,4928]
s: 6599
d: [2,4440,1,7,3,0,40,840,1009]
s: 4440
d: [2,4468,1,7,2,0,40,843,1033]
s: 4468
d: [2,6990,2,10,2,2,40,5869,5951]
s: 6990
d: [2,4472,1,7,3,0,40,843,1009]
s: 4472
d: [2,7704,3,10,2,2,40,6599,1067]
s: 7704
d: [2,4513,1,7,2,0,40,879,1033]
s: 4513
d: [2,4517,1,7,3,0,40,879,1009]
s: 4517
d: [2,7727,4,14,2,2,40,7704,6599]
d: [2,7728,4,7,1,2,18,7727]
a: [3,7732,4,7,1,7728]
s: 7732
d: [2,4824,1,7,2,0,40,1076,1009]
s: 4824
d: [2,7735,2,0,0,1,52,5103,1039,4824]
e: 7735
r: 5103
s: 3901
a: [3,5102,1,5,1,5079]
s: 5102
d: [2,4916,1,7,2,0,40,1013,1015]
s: 4916
d: [2,7722,3,16,3,2,40,6990,1007]
d: [2,7723,3,10,2,3,21,7722,4928]
s: 7723
d: [2,4945,1,7,1,0,40,1077,1015]
s: 4945
d: [2,7749,4,10,2,3,40,7723,1067]
s: 7749
d: [2,5373,1,7,2,0,40,1057,1082]
s: 5373
d: [2,5374,1,7,2,0,40,1057,1086]
s: 5374
d: [2,7767,5,14,2,3,40,7749,7723]
d: [2,7769,5,7,1,3,18,7767]
a: [3,7773,5,7,1,7769]
s: 7773
d: [2,5401,1,7,2,0,40,1058,1082]
s: 5401
d: [2,6642,2,32,9,4,44,927,6003]
d: [2,6643,2,26,7,4,18,6642]
d: [2,6646,2,19,6,4,21,6643,1249]
d: [2,6647,2,17,5,4,21,6646,1254]
d: [2,6648,2,13,4,4,21,6647,1259]
d: [2,6649,2,11,3,4,21,6648,1264]
s: 6649
d: [2,7785,3,0,0,7,52,1234,1218,1955,6649]
e: 7785
d: [2,7786,3,6,2,5,40,6649,1955]
d: [2,7790,3,2,1,6,21,7786,1218]
d: [2,7791,3,0,0,7,21,7790,1234]
e: 7791
r: 1218
r: 1955
s: 1219
s: 1956
d: [2,7795,2,0,0,8,52,1234,1219,1956,6094]
e: 7795
d: [2,7796,1,0,0,8,52,1264,1234,1254,1259,1219,1249,1962,1956,1215]
e: 7796
d: [2,7797,2,6,2,6,40,1956,6094]
d: [2,7800,2,2,1,7,21,7797,1219]
d: [2,7801,2,0,0,8,21,7800,1234]
e: 7801
i: [1,752,0,9,2,1,0,0] t2_ndiff_4
a: [3,1223,0,5,1,753]
d: [2,5367,0,5,1,2,22,1223,1229]
d: [2,7793,0,5,1,2,22,1222,1229]
f: 7801,7793,7791,5367,1958,744,745,746,747,749,750,751,752,753
% Refutation found. Thanks to Tanya!
% SZS status Theorem for ndiff_4__t2_ndiff_4
% SZS output start Proof for ndiff_4__t2_ndiff_4
1. ! [X0] : ((m2_subset_1(X0,k1_numbers,k5_numbers) & ~v1_xboole_0(X0)) => ! [X1] : ((m1_subset_1(X1,k1_zfmisc_1(k2_zfmisc_1(k1_numbers,k1_euclid(X0)))) & v1_funct_1(X1)) => ! [X2] : ((m1_subset_1(X2,k1_zfmisc_1(k2_zfmisc_1(k1_numbers,u1_struct_0(k4_real_ns1(X0))))) & v1_funct_1(X2)) => ! [X3] : (v1_xreal_0(X3) => (X1 = X2 => (r1_ndiff_4(X0,X1,X3) <=> r1_ndiff_3(k4_real_ns1(X0),X2,X3))))))) [input t2_ndiff_4]
2. ~! [X0] : ((m2_subset_1(X0,k1_numbers,k5_numbers) & ~v1_xboole_0(X0)) => ! [X1] : ((m1_subset_1(X1,k1_zfmisc_1(k2_zfmisc_1(k1_numbers,k1_euclid(X0)))) & v1_funct_1(X1)) => ! [X2] : ((m1_subset_1(X2,k1_zfmisc_1(k2_zfmisc_1(k1_numbers,u1_struct_0(k4_real_ns1(X0))))) & v1_funct_1(X2)) => ! [X3] : (v1_xreal_0(X3) => (X1 = X2 => (r1_ndiff_4(X0,X1,X3) <=> r1_ndiff_3(k4_real_ns1(X0),X2,X3))))))) [negated conjecture 1]
148. ! [X0] : ((m2_subset_1(X0,k1_numbers,k5_numbers) & ~v1_xboole_0(X0)) => ! [X1] : ((m1_subset_1(X1,k1_zfmisc_1(k2_zfmisc_1(k1_numbers,k1_euclid(X0)))) & v1_funct_1(X1)) => ! [X2] : (v1_xreal_0(X2) => (r1_ndiff_4(X0,X1,X2) <=> ? [X3] : (r1_ndiff_3(k4_real_ns1(X0),X3,X2) & X1 = X3 & m1_subset_1(X3,k1_zfmisc_1(k2_zfmisc_1(k1_numbers,u1_struct_0(k4_real_ns1(X0))))) & v1_funct_1(X3)))))) [input d1_ndiff_4]
347. ? [X0] : (? [X1] : (? [X2] : (? [X3] : (((r1_ndiff_4(X0,X1,X3) <~> r1_ndiff_3(k4_real_ns1(X0),X2,X3)) & X1 = X2) & v1_xreal_0(X3)) & (m1_subset_1(X2,k1_zfmisc_1(k2_zfmisc_1(k1_numbers,u1_struct_0(k4_real_ns1(X0))))) & v1_funct_1(X2))) & (m1_subset_1(X1,k1_zfmisc_1(k2_zfmisc_1(k1_numbers,k1_euclid(X0)))) & v1_funct_1(X1))) & (m2_subset_1(X0,k1_numbers,k5_numbers) & ~v1_xboole_0(X0))) [ennf transformation 2]
348. ? [X0] : (? [X1] : (? [X2] : (? [X3] : ((r1_ndiff_4(X0,X1,X3) <~> r1_ndiff_3(k4_real_ns1(X0),X2,X3)) & X1 = X2 & v1_xreal_0(X3)) & m1_subset_1(X2,k1_zfmisc_1(k2_zfmisc_1(k1_numbers,u1_struct_0(k4_real_ns1(X0))))) & v1_funct_1(X2)) & m1_subset_1(X1,k1_zfmisc_1(k2_zfmisc_1(k1_numbers,k1_euclid(X0)))) & v1_funct_1(X1)) & m2_subset_1(X0,k1_numbers,k5_numbers) & ~v1_xboole_0(X0)) [flattening 347]
473. ! [X0] : (! [X1] : (! [X2] : ((r1_ndiff_4(X0,X1,X2) <=> ? [X3] : (r1_ndiff_3(k4_real_ns1(X0),X3,X2) & X1 = X3 & m1_subset_1(X3,k1_zfmisc_1(k2_zfmisc_1(k1_numbers,u1_struct_0(k4_real_ns1(X0))))) & v1_funct_1(X3))) | ~v1_xreal_0(X2)) | (~m1_subset_1(X1,k1_zfmisc_1(k2_zfmisc_1(k1_numbers,k1_euclid(X0)))) | ~v1_funct_1(X1))) | (~m2_subset_1(X0,k1_numbers,k5_numbers) | v1_xboole_0(X0))) [ennf transformation 148]
474. ! [X0] : (! [X1] : (! [X2] : ((r1_ndiff_4(X0,X1,X2) <=> ? [X3] : (r1_ndiff_3(k4_real_ns1(X0),X3,X2) & X1 = X3 & m1_subset_1(X3,k1_zfmisc_1(k2_zfmisc_1(k1_numbers,u1_struct_0(k4_real_ns1(X0))))) & v1_funct_1(X3))) | ~v1_xreal_0(X2)) | ~m1_subset_1(X1,k1_zfmisc_1(k2_zfmisc_1(k1_numbers,k1_euclid(X0)))) | ~v1_funct_1(X1)) | ~m2_subset_1(X0,k1_numbers,k5_numbers) | v1_xboole_0(X0)) [flattening 473]
615. ? [X0] : (? [X1] : (? [X2] : (? [X3] : (((~r1_ndiff_3(k4_real_ns1(X0),X2,X3) | ~r1_ndiff_4(X0,X1,X3)) & (r1_ndiff_3(k4_real_ns1(X0),X2,X3) | r1_ndiff_4(X0,X1,X3))) & X1 = X2 & v1_xreal_0(X3)) & m1_subset_1(X2,k1_zfmisc_1(k2_zfmisc_1(k1_numbers,u1_struct_0(k4_real_ns1(X0))))) & v1_funct_1(X2)) & m1_subset_1(X1,k1_zfmisc_1(k2_zfmisc_1(k1_numbers,k1_euclid(X0)))) & v1_funct_1(X1)) & m2_subset_1(X0,k1_numbers,k5_numbers) & ~v1_xboole_0(X0)) [nnf transformation 348]
616. ? [X0] : (? [X1] : (? [X2] : (? [X3] : ((~r1_ndiff_3(k4_real_ns1(X0),X2,X3) | ~r1_ndiff_4(X0,X1,X3)) & (r1_ndiff_3(k4_real_ns1(X0),X2,X3) | r1_ndiff_4(X0,X1,X3)) & X1 = X2 & v1_xreal_0(X3)) & m1_subset_1(X2,k1_zfmisc_1(k2_zfmisc_1(k1_numbers,u1_struct_0(k4_real_ns1(X0))))) & v1_funct_1(X2)) & m1_subset_1(X1,k1_zfmisc_1(k2_zfmisc_1(k1_numbers,k1_euclid(X0)))) & v1_funct_1(X1)) & m2_subset_1(X0,k1_numbers,k5_numbers) & ~v1_xboole_0(X0)) [flattening 615]
617. ? [X0] : (? [X1] : (? [X2] : (? [X3] : ((~r1_ndiff_3(k4_real_ns1(X0),X2,X3) | ~r1_ndiff_4(X0,X1,X3)) & (r1_ndiff_3(k4_real_ns1(X0),X2,X3) | r1_ndiff_4(X0,X1,X3)) & X1 = X2 & v1_xreal_0(X3)) & m1_subset_1(X2,k1_zfmisc_1(k2_zfmisc_1(k1_numbers,u1_struct_0(k4_real_ns1(X0))))) & v1_funct_1(X2)) & m1_subset_1(X1,k1_zfmisc_1(k2_zfmisc_1(k1_numbers,k1_euclid(X0)))) & v1_funct_1(X1)) & m2_subset_1(X0,k1_numbers,k5_numbers) & ~v1_xboole_0(X0)) => (? [X1] : (? [X2] : (? [X3] : ((~r1_ndiff_3(k4_real_ns1(sK0),X2,X3) | ~r1_ndiff_4(sK0,X1,X3)) & (r1_ndiff_3(k4_real_ns1(sK0),X2,X3) | r1_ndiff_4(sK0,X1,X3)) & X1 = X2 & v1_xreal_0(X3)) & m1_subset_1(X2,k1_zfmisc_1(k2_zfmisc_1(k1_numbers,u1_struct_0(k4_real_ns1(sK0))))) & v1_funct_1(X2)) & m1_subset_1(X1,k1_zfmisc_1(k2_zfmisc_1(k1_numbers,k1_euclid(sK0)))) & v1_funct_1(X1)) & m2_subset_1(sK0,k1_numbers,k5_numbers) & ~v1_xboole_0(sK0)) [choice axiom]
618. ? [X1] : (? [X2] : (? [X3] : ((~r1_ndiff_3(k4_real_ns1(sK0),X2,X3) | ~r1_ndiff_4(sK0,X1,X3)) & (r1_ndiff_3(k4_real_ns1(sK0),X2,X3) | r1_ndiff_4(sK0,X1,X3)) & X1 = X2 & v1_xreal_0(X3)) & m1_subset_1(X2,k1_zfmisc_1(k2_zfmisc_1(k1_numbers,u1_struct_0(k4_real_ns1(sK0))))) & v1_funct_1(X2)) & m1_subset_1(X1,k1_zfmisc_1(k2_zfmisc_1(k1_numbers,k1_euclid(sK0)))) & v1_funct_1(X1)) => (? [X2] : (? [X3] : ((~r1_ndiff_3(k4_real_ns1(sK0),X2,X3) | ~r1_ndiff_4(sK0,sK1,X3)) & (r1_ndiff_3(k4_real_ns1(sK0),X2,X3) | r1_ndiff_4(sK0,sK1,X3)) & sK1 = X2 & v1_xreal_0(X3)) & m1_subset_1(X2,k1_zfmisc_1(k2_zfmisc_1(k1_numbers,u1_struct_0(k4_real_ns1(sK0))))) & v1_funct_1(X2)) & m1_subset_1(sK1,k1_zfmisc_1(k2_zfmisc_1(k1_numbers,k1_euclid(sK0)))) & v1_funct_1(sK1)) [choice axiom]
619. ? [X2] : (? [X3] : ((~r1_ndiff_3(k4_real_ns1(sK0),X2,X3) | ~r1_ndiff_4(sK0,sK1,X3)) & (r1_ndiff_3(k4_real_ns1(sK0),X2,X3) | r1_ndiff_4(sK0,sK1,X3)) & sK1 = X2 & v1_xreal_0(X3)) & m1_subset_1(X2,k1_zfmisc_1(k2_zfmisc_1(k1_numbers,u1_struct_0(k4_real_ns1(sK0))))) & v1_funct_1(X2)) => (? [X3] : ((~r1_ndiff_3(k4_real_ns1(sK0),sK2,X3) | ~r1_ndiff_4(sK0,sK1,X3)) & (r1_ndiff_3(k4_real_ns1(sK0),sK2,X3) | r1_ndiff_4(sK0,sK1,X3)) & sK1 = sK2 & v1_xreal_0(X3)) & m1_subset_1(sK2,k1_zfmisc_1(k2_zfmisc_1(k1_numbers,u1_struct_0(k4_real_ns1(sK0))))) & v1_funct_1(sK2)) [choice axiom]
620. ? [X3] : ((~r1_ndiff_3(k4_real_ns1(sK0),sK2,X3) | ~r1_ndiff_4(sK0,sK1,X3)) & (r1_ndiff_3(k4_real_ns1(sK0),sK2,X3) | r1_ndiff_4(sK0,sK1,X3)) & sK1 = sK2 & v1_xreal_0(X3)) => ((~r1_ndiff_3(k4_real_ns1(sK0),sK2,sK3) | ~r1_ndiff_4(sK0,sK1,sK3)) & (r1_ndiff_3(k4_real_ns1(sK0),sK2,sK3) | r1_ndiff_4(sK0,sK1,sK3)) & sK1 = sK2 & v1_xreal_0(sK3)) [choice axiom]
621. ((((~r1_ndiff_3(k4_real_ns1(sK0),sK2,sK3) | ~r1_ndiff_4(sK0,sK1,sK3)) & (r1_ndiff_3(k4_real_ns1(sK0),sK2,sK3) | r1_ndiff_4(sK0,sK1,sK3)) & sK1 = sK2 & v1_xreal_0(sK3)) & m1_subset_1(sK2,k1_zfmisc_1(k2_zfmisc_1(k1_numbers,u1_struct_0(k4_real_ns1(sK0))))) & v1_funct_1(sK2)) & m1_subset_1(sK1,k1_zfmisc_1(k2_zfmisc_1(k1_numbers,k1_euclid(sK0)))) & v1_funct_1(sK1)) & m2_subset_1(sK0,k1_numbers,k5_numbers) & ~v1_xboole_0(sK0) [skolemisation 616,620,619,618,617]
630. ! [X0] : (! [X1] : (! [X2] : (((r1_ndiff_4(X0,X1,X2) | ! [X3] : (~r1_ndiff_3(k4_real_ns1(X0),X3,X2) | X1 != X3 | ~m1_subset_1(X3,k1_zfmisc_1(k2_zfmisc_1(k1_numbers,u1_struct_0(k4_real_ns1(X0))))) | ~v1_funct_1(X3))) & (? [X3] : (r1_ndiff_3(k4_real_ns1(X0),X3,X2) & X1 = X3 & m1_subset_1(X3,k1_zfmisc_1(k2_zfmisc_1(k1_numbers,u1_struct_0(k4_real_ns1(X0))))) & v1_funct_1(X3)) | ~r1_ndiff_4(X0,X1,X2))) | ~v1_xreal_0(X2)) | ~m1_subset_1(X1,k1_zfmisc_1(k2_zfmisc_1(k1_numbers,k1_euclid(X0)))) | ~v1_funct_1(X1)) | ~m2_subset_1(X0,k1_numbers,k5_numbers) | v1_xboole_0(X0)) [nnf transformation 474]
631. ! [X0] : (! [X1] : (! [X2] : (((r1_ndiff_4(X0,X1,X2) | ! [X3] : (~r1_ndiff_3(k4_real_ns1(X0),X3,X2) | X1 != X3 | ~m1_subset_1(X3,k1_zfmisc_1(k2_zfmisc_1(k1_numbers,u1_struct_0(k4_real_ns1(X0))))) | ~v1_funct_1(X3))) & (? [X4] : (r1_ndiff_3(k4_real_ns1(X0),X4,X2) & X1 = X4 & m1_subset_1(X4,k1_zfmisc_1(k2_zfmisc_1(k1_numbers,u1_struct_0(k4_real_ns1(X0))))) & v1_funct_1(X4)) | ~r1_ndiff_4(X0,X1,X2))) | ~v1_xreal_0(X2)) | ~m1_subset_1(X1,k1_zfmisc_1(k2_zfmisc_1(k1_numbers,k1_euclid(X0)))) | ~v1_funct_1(X1)) | ~m2_subset_1(X0,k1_numbers,k5_numbers) | v1_xboole_0(X0)) [rectify 630]
632. ! [X2,X1,X0] : (? [X4] : (r1_ndiff_3(k4_real_ns1(X0),X4,X2) & X1 = X4 & m1_subset_1(X4,k1_zfmisc_1(k2_zfmisc_1(k1_numbers,u1_struct_0(k4_real_ns1(X0))))) & v1_funct_1(X4)) => (r1_ndiff_3(k4_real_ns1(X0),sK8(X0,X1,X2),X2) & sK8(X0,X1,X2) = X1 & m1_subset_1(sK8(X0,X1,X2),k1_zfmisc_1(k2_zfmisc_1(k1_numbers,u1_struct_0(k4_real_ns1(X0))))) & v1_funct_1(sK8(X0,X1,X2)))) [choice axiom]
633. ! [X0] : (! [X1] : (! [X2] : (((r1_ndiff_4(X0,X1,X2) | ! [X3] : (~r1_ndiff_3(k4_real_ns1(X0),X3,X2) | X1 != X3 | ~m1_subset_1(X3,k1_zfmisc_1(k2_zfmisc_1(k1_numbers,u1_struct_0(k4_real_ns1(X0))))) | ~v1_funct_1(X3))) & ((r1_ndiff_3(k4_real_ns1(X0),sK8(X0,X1,X2),X2) & sK8(X0,X1,X2) = X1 & m1_subset_1(sK8(X0,X1,X2),k1_zfmisc_1(k2_zfmisc_1(k1_numbers,u1_struct_0(k4_real_ns1(X0))))) & v1_funct_1(sK8(X0,X1,X2))) | ~r1_ndiff_4(X0,X1,X2))) | ~v1_xreal_0(X2)) | ~m1_subset_1(X1,k1_zfmisc_1(k2_zfmisc_1(k1_numbers,k1_euclid(X0)))) | ~v1_funct_1(X1)) | ~m2_subset_1(X0,k1_numbers,k5_numbers) | v1_xboole_0(X0)) [skolemisation 631,632]
744. ~v1_xboole_0(sK0) [cnf transformation 621] {a:0,w:2,wCS:200,goal:1,sine:0,thAx:0,allAx:5,thDist:-5}
745. m2_subset_1(sK0,k1_numbers,k5_numbers) [cnf transformation 621] {a:0,w:4,wCS:400,goal:1,sine:0,thAx:0,allAx:5,thDist:-5}
746. v1_funct_1(sK1) [cnf transformation 621] {a:0,w:2,wCS:200,goal:1,sine:0,thAx:0,allAx:5,thDist:-5}
747. m1_subset_1(sK1,k1_zfmisc_1(k2_zfmisc_1(k1_numbers,k1_euclid(sK0)))) [cnf transformation 621] {a:0,w:7,wCS:700,goal:1,sine:0,thAx:0,allAx:5,thDist:-5}
749. m1_subset_1(sK2,k1_zfmisc_1(k2_zfmisc_1(k1_numbers,u1_struct_0(k4_real_ns1(sK0))))) [cnf transformation 621] {a:0,w:8,wCS:800,goal:1,sine:0,thAx:0,allAx:5,thDist:-5}
750. v1_xreal_0(sK3) [cnf transformation 621] {a:0,w:2,wCS:200,goal:1,sine:0,thAx:0,allAx:5,thDist:-5}
751. sK1 = sK2 [cnf transformation 621] {a:0,w:3,wCS:300,goal:1,sine:0,thAx:0,allAx:5,thDist:-5}
752. r1_ndiff_3(k4_real_ns1(sK0),sK2,sK3) | r1_ndiff_4(sK0,sK1,sK3) [cnf transformation 621] {a:0,w:9,wCS:900,goal:1,sine:0,thAx:0,allAx:5,thDist:-5}
753. ~r1_ndiff_3(k4_real_ns1(sK0),sK2,sK3) | ~r1_ndiff_4(sK0,sK1,sK3) [cnf transformation 621] {a:0,w:9,wCS:900,goal:1,sine:0,thAx:0,allAx:5,thDist:-5}
926. ~m1_subset_1(X1,k1_zfmisc_1(k2_zfmisc_1(k1_numbers,k1_euclid(X0)))) | ~r1_ndiff_4(X0,X1,X2) | ~v1_xreal_0(X2) | sK8(X0,X1,X2) = X1 | ~v1_funct_1(X1) | ~m2_subset_1(X0,k1_numbers,k5_numbers) | v1_xboole_0(X0) [cnf transformation 633] {a:0,w:27,wCS:10800,nSel:1,sine:1,thAx:0,allAx:2,thDist:-2}
927. r1_ndiff_3(k4_real_ns1(X0),sK8(X0,X1,X2),X2) | ~r1_ndiff_4(X0,X1,X2) | ~v1_xreal_0(X2) | ~m1_subset_1(X1,k1_zfmisc_1(k2_zfmisc_1(k1_numbers,k1_euclid(X0)))) | ~v1_funct_1(X1) | ~m2_subset_1(X0,k1_numbers,k5_numbers) | v1_xboole_0(X0) [cnf transformation 633] {a:0,w:29,wCS:11600,nSel:1,sine:1,thAx:0,allAx:2,thDist:-2}
928. r1_ndiff_4(X0,X1,X2) | ~r1_ndiff_3(k4_real_ns1(X0),X3,X2) | X1 != X3 | ~m1_subset_1(X3,k1_zfmisc_1(k2_zfmisc_1(k1_numbers,u1_struct_0(k4_real_ns1(X0))))) | ~v1_funct_1(X3) | ~v1_xreal_0(X2) | ~m1_subset_1(X1,k1_zfmisc_1(k2_zfmisc_1(k1_numbers,k1_euclid(X0)))) | ~v1_funct_1(X1) | ~m2_subset_1(X0,k1_numbers,k5_numbers) | v1_xboole_0(X0) [cnf transformation 633] {a:0,w:39,wCS:15600,sine:1,thAx:0,allAx:2,thDist:-2}
1214. r1_ndiff_4(X0,X3,X2) | ~r1_ndiff_3(k4_real_ns1(X0),X3,X2) | ~m1_subset_1(X3,k1_zfmisc_1(k2_zfmisc_1(k1_numbers,u1_struct_0(k4_real_ns1(X0))))) | ~v1_funct_1(X3) | ~v1_xreal_0(X2) | ~m1_subset_1(X3,k1_zfmisc_1(k2_zfmisc_1(k1_numbers,k1_euclid(X0)))) | ~v1_funct_1(X3) | ~m2_subset_1(X0,k1_numbers,k5_numbers) | v1_xboole_0(X0) [equality resolution 928] {a:0,w:36,wCS:14400,sine:1,thAx:0,allAx:2,thDist:-2}
1215. ~m1_subset_1(X3,k1_zfmisc_1(k2_zfmisc_1(k1_numbers,u1_struct_0(k4_real_ns1(X0))))) | ~r1_ndiff_3(k4_real_ns1(X0),X3,X2) | r1_ndiff_4(X0,X3,X2) | ~v1_funct_1(X3) | ~v1_xreal_0(X2) | ~m1_subset_1(X3,k1_zfmisc_1(k2_zfmisc_1(k1_numbers,k1_euclid(X0)))) | ~m2_subset_1(X0,k1_numbers,k5_numbers) | v1_xboole_0(X0) [duplicate literal removal 1214] {a:0,w:34,wCS:13600,nSel:1,sine:1,thAx:0,allAx:2,thDist:-2}
1217. 1 <=> r1_ndiff_4(sK0,sK1,sK3) [avatar definition]
1218. r1_ndiff_4(sK0,sK1,sK3) <- (1) [avatar component clause 1217] {a:0,w:4,wCS:400,nSel:1,goal:1,sine:255,thAx:0,allAx:5,thDist:-5}
1219. ~r1_ndiff_4(sK0,sK1,sK3) <- (~1) [avatar component clause 1217] {a:0,w:4,wCS:400,nSel:1,goal:1,sine:255,thAx:0,allAx:5,thDist:-5}
1221. 2 <=> r1_ndiff_3(k4_real_ns1(sK0),sK2,sK3) [avatar definition]
1222. r1_ndiff_3(k4_real_ns1(sK0),sK2,sK3) <- (2) [avatar component clause 1221] {a:0,w:5,wCS:500,goal:1,sine:255,thAx:0,allAx:5,thDist:-5}
1223. ~r1_ndiff_3(k4_real_ns1(sK0),sK2,sK3) <- (~2) [avatar component clause 1221] {a:0,w:5,wCS:500,goal:1,sine:255,thAx:0,allAx:5,thDist:-5}
1224. ~1 | ~2 [avatar split clause 753,1221,1217]
1225. 1 | 2 [avatar split clause 752,1221,1217]
1227. 3 <=> sK1 = sK2 [avatar definition]
1229. sK1 = sK2 <- (3) [avatar component clause 1227] {a:0,w:3,wCS:300,nSel:1,goal:1,sine:255,thAx:0,allAx:5,thDist:-5}
1230. 3 [avatar split clause 751,1227]
1232. 4 <=> v1_xreal_0(sK3) [avatar definition]
1234. v1_xreal_0(sK3) <- (4) [avatar component clause 1232] {a:0,w:2,wCS:200,nSel:1,goal:1,sine:255,thAx:0,allAx:5,thDist:-5}
1235. 4 [avatar split clause 750,1232]
1237. 5 <=> m1_subset_1(sK2,k1_zfmisc_1(k2_zfmisc_1(k1_numbers,u1_struct_0(k4_real_ns1(sK0))))) [avatar definition]
1239. m1_subset_1(sK2,k1_zfmisc_1(k2_zfmisc_1(k1_numbers,u1_struct_0(k4_real_ns1(sK0))))) <- (5) [avatar component clause 1237] {a:0,w:8,wCS:800,goal:1,sine:255,thAx:0,allAx:5,thDist:-5}
1240. 5 [avatar split clause 749,1237]
1247. 7 <=> m1_subset_1(sK1,k1_zfmisc_1(k2_zfmisc_1(k1_numbers,k1_euclid(sK0)))) [avatar definition]
1249. m1_subset_1(sK1,k1_zfmisc_1(k2_zfmisc_1(k1_numbers,k1_euclid(sK0)))) <- (7) [avatar component clause 1247] {a:0,w:7,wCS:700,nSel:1,goal:1,sine:255,thAx:0,allAx:5,thDist:-5}
1250. 7 [avatar split clause 747,1247]
1252. 8 <=> v1_funct_1(sK1) [avatar definition]
1254. v1_funct_1(sK1) <- (8) [avatar component clause 1252] {a:0,w:2,wCS:200,nSel:1,goal:1,sine:255,thAx:0,allAx:5,thDist:-5}
1255. 8 [avatar split clause 746,1252]
1257. 9 <=> m2_subset_1(sK0,k1_numbers,k5_numbers) [avatar definition]
1259. m2_subset_1(sK0,k1_numbers,k5_numbers) <- (9) [avatar component clause 1257] {a:0,w:4,wCS:400,nSel:1,goal:1,sine:255,thAx:0,allAx:5,thDist:-5}
1260. 9 [avatar split clause 745,1257]
1262. 10 <=> v1_xboole_0(sK0) [avatar definition]
1264. ~v1_xboole_0(sK0) <- (~10) [avatar component clause 1262] {a:0,w:2,wCS:200,nSel:1,goal:1,sine:255,thAx:0,allAx:5,thDist:-5}
1265. ~10 [avatar split clause 744,1262]
1954. 148 <=> r1_ndiff_3(k4_real_ns1(sK0),sK1,sK3) [avatar definition]
1955. ~r1_ndiff_3(k4_real_ns1(sK0),sK1,sK3) <- (~148) [avatar component clause 1954] {a:0,w:5,wCS:500,nSel:1,goal:1,sine:255,thAx:0,allAx:5,thDist:-5}
1956. r1_ndiff_3(k4_real_ns1(sK0),sK1,sK3) <- (148) [avatar component clause 1954] {a:0,w:5,wCS:500,nSel:1,goal:1,sine:255,thAx:0,allAx:5,thDist:-5}
1958. m1_subset_1(sK1,k1_zfmisc_1(k2_zfmisc_1(k1_numbers,u1_struct_0(k4_real_ns1(sK0))))) <- (3, 5) [forward demodulation 1239,1229] {a:0,w:8,wCS:800,goal:1,sine:255,thAx:0,allAx:5,thDist:-5}
1960. 149 <=> m1_subset_1(sK1,k1_zfmisc_1(k2_zfmisc_1(k1_numbers,u1_struct_0(k4_real_ns1(sK0))))) [avatar definition]
1962. m1_subset_1(sK1,k1_zfmisc_1(k2_zfmisc_1(k1_numbers,u1_struct_0(k4_real_ns1(sK0))))) <- (149) [avatar component clause 1960] {a:0,w:8,wCS:800,nSel:1,goal:1,sine:255,thAx:0,allAx:5,thDist:-5}
1963. 149 | ~3 | ~5 [avatar split clause 1958,1237,1227,1960]
5367. ~r1_ndiff_3(k4_real_ns1(sK0),sK1,sK3) <- (~2, 3) [forward demodulation 1223,1229] {a:0,w:5,wCS:500,goal:1,sine:255,thAx:0,allAx:5,thDist:-5}
5368. ~148 | 2 | ~3 [avatar split clause 5367,1227,1221,1954]
5996. ~r1_ndiff_4(sK0,sK1,X0) | ~v1_xreal_0(X0) | sK1 = sK8(sK0,sK1,X0) | ~v1_funct_1(sK1) | ~m2_subset_1(sK0,k1_numbers,k5_numbers) | v1_xboole_0(sK0) <- (7) [resolution 926,1249] {a:1,w:20,wCS:2000,goal:1,sine:1,thAx:0,allAx:7,thDist:-7}
6001. ~r1_ndiff_4(sK0,sK1,X0) | ~v1_xreal_0(X0) | sK1 = sK8(sK0,sK1,X0) | ~m2_subset_1(sK0,k1_numbers,k5_numbers) | v1_xboole_0(sK0) <- (7, 8) [subsumption resolution 5996,1254] {a:1,w:18,wCS:1800,goal:1,sine:1,thAx:0,allAx:7,thDist:-7}
6002. ~r1_ndiff_4(sK0,sK1,X0) | ~v1_xreal_0(X0) | sK1 = sK8(sK0,sK1,X0) | v1_xboole_0(sK0) <- (7, 8, 9) [subsumption resolution 6001,1259] {a:1,w:14,wCS:1400,goal:1,sine:1,thAx:0,allAx:7,thDist:-7}
6003. sK1 = sK8(sK0,sK1,X0) | ~v1_xreal_0(X0) | ~r1_ndiff_4(sK0,sK1,X0) <- (7, 8, 9, ~10) [subsumption resolution 6002,1264] {a:1,w:12,wCS:1200,nSel:1,goal:1,sine:1,thAx:0,allAx:7,thDist:-7}
6084. ~r1_ndiff_3(k4_real_ns1(sK0),sK1,X0) | r1_ndiff_4(sK0,sK1,X0) | ~v1_funct_1(sK1) | ~v1_xreal_0(X0) | ~m1_subset_1(sK1,k1_zfmisc_1(k2_zfmisc_1(k1_numbers,k1_euclid(sK0)))) | ~m2_subset_1(sK0,k1_numbers,k5_numbers) | v1_xboole_0(sK0) <- (149) [resolution 1215,1962] {a:1,w:26,wCS:2600,goal:1,sine:1,thAx:0,allAx:7,thDist:-7}
6091. ~r1_ndiff_3(k4_real_ns1(sK0),sK1,X0) | r1_ndiff_4(sK0,sK1,X0) | ~v1_xreal_0(X0) | ~m1_subset_1(sK1,k1_zfmisc_1(k2_zfmisc_1(k1_numbers,k1_euclid(sK0)))) | ~m2_subset_1(sK0,k1_numbers,k5_numbers) | v1_xboole_0(sK0) <- (8, 149) [subsumption resolution 6084,1254] {a:1,w:24,wCS:2400,goal:1,sine:1,thAx:0,allAx:7,thDist:-7}
6092. ~r1_ndiff_3(k4_real_ns1(sK0),sK1,X0) | r1_ndiff_4(sK0,sK1,X0) | ~v1_xreal_0(X0) | ~m2_subset_1(sK0,k1_numbers,k5_numbers) | v1_xboole_0(sK0) <- (7, 8, 149) [subsumption resolution 6091,1249] {a:1,w:17,wCS:1700,goal:1,sine:1,thAx:0,allAx:7,thDist:-7}
6093. ~r1_ndiff_3(k4_real_ns1(sK0),sK1,X0) | r1_ndiff_4(sK0,sK1,X0) | ~v1_xreal_0(X0) | v1_xboole_0(sK0) <- (7, 8, 9, 149) [subsumption resolution 6092,1259] {a:1,w:13,wCS:1300,goal:1,sine:1,thAx:0,allAx:7,thDist:-7}
6094. ~r1_ndiff_3(k4_real_ns1(sK0),sK1,X0) | r1_ndiff_4(sK0,sK1,X0) | ~v1_xreal_0(X0) <- (7, 8, 9, ~10, 149) [subsumption resolution 6093,1264] {a:1,w:11,wCS:1100,nSel:1,goal:1,sine:1,thAx:0,allAx:7,thDist:-7}
6642. r1_ndiff_3(k4_real_ns1(sK0),sK1,X2) | ~r1_ndiff_4(sK0,sK1,X2) | ~v1_xreal_0(X2) | ~m1_subset_1(sK1,k1_zfmisc_1(k2_zfmisc_1(k1_numbers,k1_euclid(sK0)))) | ~v1_funct_1(sK1) | ~m2_subset_1(sK0,k1_numbers,k5_numbers) | v1_xboole_0(sK0) | ~v1_xreal_0(X2) | ~r1_ndiff_4(sK0,sK1,X2) <- (7, 8, 9, ~10) [superposition 927,6003] {a:2,w:32,wCS:3200,goal:1,sine:1,thAx:0,allAx:9,thDist:-9}
6643. r1_ndiff_3(k4_real_ns1(sK0),sK1,X2) | ~r1_ndiff_4(sK0,sK1,X2) | ~v1_xreal_0(X2) | ~m1_subset_1(sK1,k1_zfmisc_1(k2_zfmisc_1(k1_numbers,k1_euclid(sK0)))) | ~v1_funct_1(sK1) | ~m2_subset_1(sK0,k1_numbers,k5_numbers) | v1_xboole_0(sK0) <- (7, 8, 9, ~10) [duplicate literal removal 6642] {a:2,w:26,wCS:2600,goal:1,sine:1,thAx:0,allAx:9,thDist:-9}
6646. r1_ndiff_3(k4_real_ns1(sK0),sK1,X2) | ~r1_ndiff_4(sK0,sK1,X2) | ~v1_xreal_0(X2) | ~v1_funct_1(sK1) | ~m2_subset_1(sK0,k1_numbers,k5_numbers) | v1_xboole_0(sK0) <- (7, 8, 9, ~10) [subsumption resolution 6643,1249] {a:2,w:19,wCS:1900,goal:1,sine:1,thAx:0,allAx:9,thDist:-9}
6647. r1_ndiff_3(k4_real_ns1(sK0),sK1,X2) | ~r1_ndiff_4(sK0,sK1,X2) | ~v1_xreal_0(X2) | ~m2_subset_1(sK0,k1_numbers,k5_numbers) | v1_xboole_0(sK0) <- (7, 8, 9, ~10) [subsumption resolution 6646,1254] {a:2,w:17,wCS:1700,goal:1,sine:1,thAx:0,allAx:9,thDist:-9}
6648. r1_ndiff_3(k4_real_ns1(sK0),sK1,X2) | ~r1_ndiff_4(sK0,sK1,X2) | ~v1_xreal_0(X2) | v1_xboole_0(sK0) <- (7, 8, 9, ~10) [subsumption resolution 6647,1259] {a:2,w:13,wCS:1300,goal:1,sine:1,thAx:0,allAx:9,thDist:-9}
6649. r1_ndiff_3(k4_real_ns1(sK0),sK1,X2) | ~r1_ndiff_4(sK0,sK1,X2) | ~v1_xreal_0(X2) <- (7, 8, 9, ~10) [subsumption resolution 6648,1264] {a:2,w:11,wCS:1100,nSel:1,goal:1,sine:1,thAx:0,allAx:9,thDist:-9}
7786. ~r1_ndiff_4(sK0,sK1,sK3) | ~v1_xreal_0(sK3) <- (7, 8, 9, ~10, ~148) [resolution 6649,1955] {a:3,w:6,wCS:600,goal:1,sine:1,thAx:0,allAx:14,thDist:-14}
7790. ~v1_xreal_0(sK3) <- (1, 7, 8, 9, ~10, ~148) [subsumption resolution 7786,1218] {a:3,w:2,wCS:200,goal:1,sine:1,thAx:0,allAx:14,thDist:-14}
7791. $false <- (1, 4, 7, 8, 9, ~10, ~148) [subsumption resolution 7790,1234] {a:3,w:0,goal:1,sine:1,thAx:0,allAx:14,thDist:-14}
7792. ~1 | ~4 | ~7 | ~8 | ~9 | 10 | 148 [avatar contradiction clause 7791]
7793. r1_ndiff_3(k4_real_ns1(sK0),sK1,sK3) <- (2, 3) [forward demodulation 1222,1229] {a:0,w:5,wCS:500,goal:1,sine:255,thAx:0,allAx:5,thDist:-5}
7794. 148 | ~2 | ~3 [avatar split clause 7793,1227,1221,1954]
7797. r1_ndiff_4(sK0,sK1,sK3) | ~v1_xreal_0(sK3) <- (7, 8, 9, ~10, 148, 149) [resolution 1956,6094] {a:2,w:6,wCS:600,goal:1,sine:1,thAx:0,allAx:12,thDist:-12}
7800. ~v1_xreal_0(sK3) <- (~1, 7, 8, 9, ~10, 148, 149) [subsumption resolution 7797,1219] {a:2,w:2,wCS:200,goal:1,sine:1,thAx:0,allAx:12,thDist:-12}
7801. $false <- (~1, 4, 7, 8, 9, ~10, 148, 149) [subsumption resolution 7800,1234] {a:2,w:0,goal:1,sine:1,thAx:0,allAx:12,thDist:-12}
7802. 1 | ~4 | ~7 | ~8 | ~9 | 10 | ~148 | ~149 [avatar contradiction clause 7801]
7803. $false [avatar sat refutation 1224,1225,1230,1235,1240,1250,1255,1260,1265,1963,5368,7792,7794,7802] {a:0,w:0,goal:1,sine:0,thAx:0,allAx:5710,thDist:-5710}
% SZS output end Proof for ndiff_4__t2_ndiff_4
% ------------------------------
% Version: Vampire 4.5.1 (commit 226f88162 on 2021-09-12 20:13:44 +0200)
% Termination reason: Refutation

% >>> Input
% Input formulas: 284
% >>> Preprocessing
% Introduced skolems: 63
% Pure predicates: 16
% Unused predicate definitions: 1
% 
% >>> Saturation
% Initial clauses: 470
% Generated clauses: 3689
% Active clauses: 1120
% Passive clauses: 1987
% Final active clauses: 1039
% Final passive clauses: 805
% Main loop iterations started: 1146
% 
% >>> Simplifying Inferences
% Duplicate literals: 27
% Fw subsumption resolutions: 303
% Fw demodulations: 6
% Bw demodulations: 4
% 
% >>> Deletion Inferences
% Simple tautologies: 81
% Equational tautologies: 5
% Forward subsumptions: 383
% 
% >>> Generating Inferences
% Binary resolution: 2000
% Unit resulting resolution: 25
% Forward superposition: 36
% Backward superposition: 8
% Self superposition: 1
% Equality resolution: 5
% 
% >>> AVATAR
% Split clauses: 295
% Split components: 641
% Sat splitting refutations: 46
% 
% >>> SAT Solver Statistics
% SAT solver clauses: 903
% SAT solver unit clauses: 169
% SAT solver binary clauses: 377
% 
% Memory used [KB]: 15991
% Time elapsed: 0.047 s
% ------------------------------
% ------------------------------
% Time measurement results:
% parsing: 0.001 s
% preprocessing: 0.001 s ( own 0.0000 s ) 
% sine selection: 0.001 s
% SAT solver time: 0.004 s
% term sharing: 0.002 s
% congruence closure: 0.006 s
% unit clause index maintenance: 0.001 s
% binary resolution index maintenance: 0.001 s
% backward superposition index maintenance: 0.001 s
% splitting component index maintenance: 0.001 s
% forward subsumption: 0.001 s
% forward subsumption resolution: 0.003 s
% backward subsumption: 0.001 s
% forward demodulation: 0.001 s
% resolution: 0.004 s
% unit resulting resolution: 0.005 s ( own 0.004 s ) 
% superposition: 0.002 s
% other: 0.047 s ( own 0.013 s ) 

