i: [1,567,0,3,1,1,0,0] t22_armstrng
a: [3,971,0,3,1,567]
s: 971
i: [1,566,0,3,1,1,0,0] t22_armstrng
a: [3,976,0,3,1,566]
s: 976
i: [1,565,0,3,1,1,0,0] t22_armstrng
a: [3,981,0,3,1,565]
s: 981
i: [1,564,0,8,1,1,0,0] t22_armstrng
a: [3,986,0,8,1,564]
s: 986
i: [1,568,0,2,1,0,0,255] fc8_numbers
a: [3,991,0,2,1,568]
s: 991
i: [1,569,0,2,1,0,0,255] fc7_card_1
a: [3,996,0,2,1,569]
s: 996
i: [1,570,0,2,1,0,0,255] fc1_numbers
a: [3,1001,0,2,1,570]
s: 1001
i: [1,571,0,2,1,0,0,255] spc1_boole
a: [3,1006,0,2,1,571]
s: 1006
i: [1,572,0,2,1,0,0,255] fc10_card_3
a: [3,1011,0,2,1,572]
s: 1011
i: [1,573,0,2,1,0,0,255] fc4_card_1
a: [3,1016,0,2,1,573]
s: 1016
i: [1,574,0,2,1,0,0,255] fc1_xboole_0
a: [3,1021,0,2,1,574]
s: 1021
i: [1,579,0,2,1,0,0,255] fc6_ordinal1
a: [3,1041,0,2,1,579]
s: 1041
i: [1,578,0,2,1,0,0,255] fc6_ordinal1
a: [3,1046,0,2,1,578]
s: 1046
i: [1,580,0,2,1,0,0,255] spc1_numerals
a: [3,1066,0,2,1,580]
s: 1066
i: [1,833,0,2,1,0,0,2] rc3_card_1
a: [3,1071,0,2,1,833]
s: 1071
i: [1,834,0,2,1,0,0,2] rc2_xboole_0
a: [3,1076,0,2,1,834]
s: 1076
i: [1,835,0,2,1,0,0,255] rc5_card_3
a: [3,1081,0,2,1,835]
s: 1081
i: [1,836,0,2,1,0,0,255] rc1_card_1
a: [3,1086,0,2,1,836]
s: 1086
i: [1,837,0,2,1,0,0,255] rc1_xreal_0
a: [3,1091,0,2,1,837]
s: 1091
i: [1,838,0,2,1,0,0,255] rc4_ordinal1
a: [3,1096,0,2,1,838]
s: 1096
i: [1,839,0,2,1,0,0,255] rc1_ordinal1
a: [3,1101,0,2,1,839]
s: 1101
i: [1,840,0,2,1,0,0,255] rc1_xxreal_0
a: [3,1106,0,2,1,840]
s: 1106
i: [1,841,0,2,1,0,0,2] rc1_xboole_0
a: [3,1111,0,2,1,841]
s: 1111
i: [1,843,0,2,1,0,0,255] rc8_finseq_1
a: [3,1116,0,2,1,843]
s: 1116
i: [1,842,0,2,1,0,0,255] rc8_finseq_1
a: [3,1121,0,2,1,842]
s: 1121
i: [1,847,0,2,1,0,0,255] rc2_ordinal1
a: [3,1126,0,2,1,847]
s: 1126
i: [1,846,0,2,1,0,0,255] rc2_ordinal1
a: [3,1131,0,2,1,846]
s: 1131
i: [1,845,0,2,1,0,0,255] rc2_ordinal1
a: [3,1136,0,2,1,845]
s: 1136
i: [1,844,0,2,1,0,0,255] rc2_ordinal1
a: [3,1141,0,2,1,844]
s: 1141
i: [1,856,0,2,1,0,0,255] rc1_nat_1
a: [3,1146,0,2,1,856]
s: 1146
i: [1,855,0,2,1,0,0,255] rc1_nat_1
a: [3,1151,0,2,1,855]
s: 1151
i: [1,854,0,2,1,0,0,255] rc1_nat_1
a: [3,1156,0,2,1,854]
s: 1156
i: [1,853,0,2,1,0,0,255] rc1_nat_1
a: [3,1161,0,2,1,853]
s: 1161
i: [1,852,0,2,1,0,0,255] rc1_nat_1
a: [3,1166,0,2,1,852]
s: 1166
i: [1,851,0,2,1,0,0,255] rc1_nat_1
a: [3,1171,0,2,1,851]
s: 1171
i: [1,850,0,2,1,0,0,255] rc1_nat_1
a: [3,1176,0,2,1,850]
s: 1176
i: [1,849,0,2,1,0,0,255] rc1_nat_1
a: [3,1181,0,2,1,849]
s: 1181
i: [1,848,0,2,1,0,0,255] rc1_nat_1
a: [3,1186,0,2,1,848]
s: 1186
i: [1,858,0,2,1,0,0,255] rc7_funct_1
a: [3,1191,0,2,1,858]
s: 1191
i: [1,857,0,2,1,0,0,255] rc7_funct_1
a: [3,1196,0,2,1,857]
s: 1196
i: [1,861,0,2,1,0,0,255] rc3_card_3
a: [3,1201,0,2,1,861]
s: 1201
i: [1,860,0,2,1,0,0,255] rc3_card_3
a: [3,1206,0,2,1,860]
s: 1206
i: [1,859,0,2,1,0,0,255] rc3_card_3
a: [3,1211,0,2,1,859]
s: 1211
i: [1,863,0,2,1,0,0,255] rc5_ordinal1
a: [3,1216,0,2,1,863]
s: 1216
i: [1,862,0,2,1,0,0,255] rc5_ordinal1
a: [3,1221,0,2,1,862]
s: 1221
i: [1,865,0,2,1,0,0,2] rc1_finset_1
a: [3,1226,0,2,1,865]
s: 1226
i: [1,864,0,2,1,0,0,2] rc1_finset_1
a: [3,1231,0,2,1,864]
s: 1231
i: [1,868,0,2,1,0,0,255] rc8_finset_1
a: [3,1236,0,2,1,868]
s: 1236
i: [1,867,0,2,1,0,0,255] rc8_finset_1
a: [3,1241,0,2,1,867]
s: 1241
i: [1,866,0,2,1,0,0,255] rc8_finset_1
a: [3,1246,0,2,1,866]
s: 1246
i: [1,870,0,2,1,0,0,2] rc1_relat_1
a: [3,1251,0,2,1,870]
s: 1251
i: [1,869,0,2,1,0,0,2] rc1_relat_1
a: [3,1256,0,2,1,869]
s: 1256
i: [1,873,0,2,1,0,0,255] rc4_funct_1
a: [3,1261,0,2,1,873]
s: 1261
i: [1,872,0,2,1,0,0,255] rc4_funct_1
a: [3,1266,0,2,1,872]
s: 1266
i: [1,871,0,2,1,0,0,255] rc4_funct_1
a: [3,1271,0,2,1,871]
s: 1271
i: [1,876,0,2,1,0,0,255] rc9_finset_1
a: [3,1276,0,2,1,876]
s: 1276
i: [1,875,0,2,1,0,0,255] rc9_finset_1
a: [3,1281,0,2,1,875]
s: 1281
i: [1,874,0,2,1,0,0,255] rc9_finset_1
a: [3,1286,0,2,1,874]
s: 1286
i: [1,880,0,2,1,0,0,2] rc3_finset_1
a: [3,1291,0,2,1,880]
s: 1291
i: [1,879,0,2,1,0,0,2] rc3_finset_1
a: [3,1296,0,2,1,879]
s: 1296
i: [1,878,0,2,1,0,0,2] rc3_finset_1
a: [3,1301,0,2,1,878]
s: 1301
i: [1,877,0,2,1,0,0,2] rc3_finset_1
a: [3,1306,0,2,1,877]
s: 1306
i: [1,882,0,2,1,0,0,255] rc1_margrel1
a: [3,1311,0,2,1,882]
s: 1311
i: [1,881,0,2,1,0,0,255] rc1_margrel1
a: [3,1316,0,2,1,881]
s: 1316
i: [1,887,0,2,1,0,0,255] rc2_card_1
a: [3,1321,0,2,1,887]
s: 1321
i: [1,886,0,2,1,0,0,255] rc2_card_1
a: [3,1326,0,2,1,886]
s: 1326
i: [1,885,0,2,1,0,0,255] rc2_card_1
a: [3,1331,0,2,1,885]
s: 1331
i: [1,884,0,2,1,0,0,255] rc2_card_1
a: [3,1336,0,2,1,884]
s: 1336
i: [1,883,0,2,1,0,0,255] rc2_card_1
a: [3,1341,0,2,1,883]
s: 1341
i: [1,890,0,2,1,0,0,255] rc3_xreal_0
a: [3,1346,0,2,1,890]
s: 1346
i: [1,889,0,2,1,0,0,255] rc3_xreal_0
a: [3,1351,0,2,1,889]
s: 1351
i: [1,888,0,2,1,0,0,255] rc3_xreal_0
a: [3,1356,0,2,1,888]
s: 1356
i: [1,893,0,2,1,0,0,255] rc2_xreal_0
a: [3,1361,0,2,1,893]
s: 1361
i: [1,892,0,2,1,0,0,255] rc2_xreal_0
a: [3,1366,0,2,1,892]
s: 1366
i: [1,891,0,2,1,0,0,255] rc2_xreal_0
a: [3,1371,0,2,1,891]
s: 1371
i: [1,896,0,2,1,0,0,255] rc8_pre_poly
a: [3,1376,0,2,1,896]
s: 1376
i: [1,895,0,2,1,0,0,255] rc8_pre_poly
a: [3,1381,0,2,1,895]
s: 1381
i: [1,894,0,2,1,0,0,255] rc8_pre_poly
a: [3,1386,0,2,1,894]
s: 1386
i: [1,898,0,2,1,0,0,255] rc3_xxreal_0
a: [3,1391,0,2,1,898]
s: 1391
i: [1,897,0,2,1,0,0,255] rc3_xxreal_0
a: [3,1396,0,2,1,897]
s: 1396
i: [1,900,0,2,1,0,0,255] rc2_xxreal_0
a: [3,1401,0,2,1,900]
s: 1401
i: [1,899,0,2,1,0,0,255] rc2_xxreal_0
a: [3,1406,0,2,1,899]
s: 1406
i: [1,903,0,2,1,0,0,255] rc4_xreal_0
a: [3,1411,0,2,1,903]
s: 1411
i: [1,902,0,2,1,0,0,255] rc4_xreal_0
a: [3,1416,0,2,1,902]
s: 1416
i: [1,901,0,2,1,0,0,255] rc4_xreal_0
a: [3,1421,0,2,1,901]
s: 1421
i: [1,905,0,2,1,0,0,255] rc4_xxreal_0
a: [3,1426,0,2,1,905]
s: 1426
i: [1,904,0,2,1,0,0,255] rc4_xxreal_0
a: [3,1431,0,2,1,904]
s: 1431
i: [1,906,0,2,1,0,0,255] rc2_relat_1
a: [3,1436,0,2,1,906]
s: 1436
i: [1,908,0,2,1,0,0,255] rc3_funct_1
a: [3,1441,0,2,1,908]
s: 1441
i: [1,907,0,2,1,0,0,255] rc3_funct_1
a: [3,1446,0,2,1,907]
s: 1446
i: [1,915,0,2,1,0,0,255] rc5_finseq_1
a: [3,1451,0,2,1,915]
s: 1451
i: [1,914,0,2,1,0,0,255] rc5_finseq_1
a: [3,1456,0,2,1,914]
s: 1456
i: [1,913,0,2,1,0,0,255] rc5_finseq_1
a: [3,1461,0,2,1,913]
s: 1461
i: [1,912,0,2,1,0,0,255] rc5_finseq_1
a: [3,1466,0,2,1,912]
s: 1466
i: [1,911,0,2,1,0,0,255] rc5_finseq_1
a: [3,1471,0,2,1,911]
s: 1471
i: [1,909,0,2,1,0,0,255] rc5_finseq_1
a: [3,1481,0,2,1,909]
s: 1481
i: [1,917,0,2,1,0,0,3] rc1_funct_1
a: [3,1486,0,2,1,917]
s: 1486
i: [1,916,0,2,1,0,0,3] rc1_funct_1
a: [3,1491,0,2,1,916]
s: 1491
i: [1,920,0,2,1,0,0,255] rc5_funct_1
a: [3,1496,0,2,1,920]
s: 1496
i: [1,919,0,2,1,0,0,255] rc5_funct_1
a: [3,1501,0,2,1,919]
s: 1501
i: [1,918,0,2,1,0,0,255] rc5_funct_1
a: [3,1506,0,2,1,918]
s: 1506
i: [1,923,0,2,1,0,0,2] rc6_card_3
a: [3,1511,0,2,1,923]
s: 1511
i: [1,922,0,2,1,0,0,2] rc6_card_3
a: [3,1516,0,2,1,922]
s: 1516
i: [1,921,0,2,1,0,0,2] rc6_card_3
a: [3,1521,0,2,1,921]
s: 1521
i: [1,925,0,2,1,0,0,255] rc2_funct_1
a: [3,1526,0,2,1,925]
s: 1526
i: [1,924,0,2,1,0,0,255] rc2_funct_1
a: [3,1531,0,2,1,924]
s: 1531
i: [1,928,0,2,1,0,0,255] rc7_pre_poly
a: [3,1536,0,2,1,928]
s: 1536
i: [1,927,0,2,1,0,0,255] rc7_pre_poly
a: [3,1541,0,2,1,927]
s: 1541
i: [1,926,0,2,1,0,0,255] rc7_pre_poly
a: [3,1546,0,2,1,926]
s: 1546
i: [1,930,0,2,1,0,0,255] rc1_card_3
a: [3,1551,0,2,1,930]
s: 1551
i: [1,929,0,2,1,0,0,255] rc1_card_3
a: [3,1556,0,2,1,929]
s: 1556
i: [1,933,0,2,1,0,0,255] rc1_funcop_1
a: [3,1561,0,2,1,933]
s: 1561
i: [1,932,0,2,1,0,0,255] rc1_funcop_1
a: [3,1566,0,2,1,932]
s: 1566
i: [1,931,0,2,1,0,0,255] rc1_funcop_1
a: [3,1571,0,2,1,931]
s: 1571
i: [1,937,0,2,1,0,0,255] rc2_funcop_1
a: [3,1576,0,2,1,937]
s: 1576
i: [1,936,0,2,1,0,0,255] rc2_funcop_1
a: [3,1581,0,2,1,936]
s: 1581
i: [1,935,0,2,1,0,0,255] rc2_funcop_1
a: [3,1586,0,2,1,935]
s: 1586
i: [1,934,0,2,1,0,0,255] rc2_funcop_1
a: [3,1591,0,2,1,934]
s: 1591
i: [1,940,0,2,1,0,0,255] rc3_finseq_1
a: [3,1596,0,2,1,940]
s: 1596
i: [1,939,0,2,1,0,0,255] rc3_finseq_1
a: [3,1601,0,2,1,939]
s: 1601
i: [1,938,0,2,1,0,0,255] rc3_finseq_1
a: [3,1606,0,2,1,938]
s: 1606
i: [1,947,0,2,1,0,0,255] rc4_finseq_1
a: [3,1611,0,2,1,947]
s: 1611
i: [1,946,0,2,1,0,0,255] rc4_finseq_1
a: [3,1616,0,2,1,946]
s: 1616
i: [1,945,0,2,1,0,0,255] rc4_finseq_1
a: [3,1621,0,2,1,945]
s: 1621
i: [1,944,0,2,1,0,0,255] rc4_finseq_1
a: [3,1626,0,2,1,944]
s: 1626
i: [1,943,0,2,1,0,0,255] rc4_finseq_1
a: [3,1631,0,2,1,943]
s: 1631
i: [1,941,0,2,1,0,0,255] rc4_finseq_1
a: [3,1641,0,2,1,941]
s: 1641
i: [1,954,0,2,1,0,0,255] rc10_pre_poly
a: [3,1646,0,2,1,954]
s: 1646
i: [1,953,0,2,1,0,0,255] rc10_pre_poly
a: [3,1651,0,2,1,953]
s: 1651
i: [1,952,0,2,1,0,0,255] rc10_pre_poly
a: [3,1656,0,2,1,952]
s: 1656
i: [1,951,0,2,1,0,0,255] rc10_pre_poly
a: [3,1661,0,2,1,951]
s: 1661
i: [1,950,0,2,1,0,0,255] rc10_pre_poly
a: [3,1666,0,2,1,950]
s: 1666
i: [1,948,0,2,1,0,0,255] rc10_pre_poly
a: [3,1676,0,2,1,948]
s: 1676
i: [1,964,0,2,1,0,0,255] rc3_nat_1
a: [3,1681,0,2,1,964]
s: 1681
i: [1,963,0,2,1,0,0,255] rc3_nat_1
a: [3,1686,0,2,1,963]
s: 1686
i: [1,962,0,2,1,0,0,255] rc3_nat_1
a: [3,1691,0,2,1,962]
s: 1691
i: [1,961,0,2,1,0,0,255] rc3_nat_1
a: [3,1696,0,2,1,961]
s: 1696
i: [1,960,0,2,1,0,0,255] rc3_nat_1
a: [3,1701,0,2,1,960]
s: 1701
i: [1,959,0,2,1,0,0,255] rc3_nat_1
a: [3,1706,0,2,1,959]
s: 1706
i: [1,958,0,2,1,0,0,255] rc3_nat_1
a: [3,1711,0,2,1,958]
s: 1711
i: [1,957,0,2,1,0,0,255] rc3_nat_1
a: [3,1716,0,2,1,957]
s: 1716
i: [1,956,0,2,1,0,0,255] rc3_nat_1
a: [3,1721,0,2,1,956]
s: 1721
i: [1,967,0,2,1,0,0,255] rc2_nat_1
a: [3,1731,0,2,1,967]
s: 1731
i: [1,966,0,2,1,0,0,255] rc2_nat_1
a: [3,1736,0,2,1,966]
s: 1736
i: [1,584,0,3,1,0,0,1] fc1_subset_1
s: 584
i: [1,763,0,3,1,0,0,255] rc9_funct_1
s: 763
i: [1,765,0,3,1,0,0,255] rc9_funct_1
s: 765
i: [1,766,0,3,1,0,0,255] rc9_finseq_1
s: 766
i: [1,769,0,3,1,0,0,255] rc9_finseq_1
s: 769
i: [1,770,0,3,1,0,0,255] rc9_finseq_1
s: 770
i: [1,771,0,3,1,0,0,255] rc9_finseq_1
s: 771
i: [1,772,0,3,1,0,0,255] rc9_finseq_1
s: 772
i: [1,773,0,3,1,0,0,255] rc3_ordinal1
s: 773
i: [1,775,0,3,1,0,0,255] rc3_ordinal1
s: 775
i: [1,777,0,3,1,0,0,1] rc2_subset_1
s: 777
i: [1,781,0,3,1,0,0,255] rc1_finseq_1
s: 781
i: [1,784,0,3,1,0,0,255] rc1_finseq_1
s: 784
i: [1,785,0,3,1,0,0,255] rc1_finseq_1
s: 785
i: [1,787,0,3,1,0,0,1] rc4_armstrng
s: 787
i: [1,788,0,3,1,0,0,1] rc4_armstrng
s: 788
i: [1,791,0,3,1,0,0,1] rc4_armstrng
s: 791
i: [1,792,0,3,1,0,0,255] reflexivity_r1_tarski
s: 792
i: [1,575,0,3,1,0,0,255] redefinition_k5_numbers
a: [3,1026,0,3,1,575]
s: 1026
i: [1,576,0,3,1,0,0,255] t1_numerals
a: [3,1031,0,3,1,576]
s: 1031
i: [1,583,0,3,1,0,0,255] spc1_numerals
a: [3,1051,0,3,1,583]
s: 1051
i: [1,582,0,3,1,0,0,255] spc1_numerals
a: [3,1056,0,3,1,582]
s: 1056
i: [1,910,0,3,1,0,0,255] rc5_finseq_1
a: [3,1476,0,3,1,910]
s: 1476
i: [1,942,0,3,1,0,0,255] rc4_finseq_1
a: [3,1636,0,3,1,942]
s: 1636
i: [1,949,0,3,1,0,0,255] rc10_pre_poly
a: [3,1671,0,3,1,949]
s: 1671
i: [1,955,0,3,1,0,0,255] rc3_nat_1
a: [3,1726,0,3,1,955]
s: 1726
d: [2,1743,0,3,1,2,22,1056,1026]
a: [3,1747,0,3,1,1743]
s: 1747
d: [2,1749,0,3,1,2,22,1476,1026]
a: [3,1753,0,3,1,1749]
s: 1753
d: [2,1755,0,3,1,2,22,1636,1026]
a: [3,1759,0,3,1,1755]
s: 1759
d: [2,1761,0,3,1,2,22,1671,1026]
a: [3,1765,0,3,1,1761]
s: 1765
d: [2,1767,0,3,1,2,22,1726,1026]
a: [3,1771,0,3,1,1767]
s: 1771
i: [1,592,0,4,2,0,0,255] cc5_finset_1
s: 592
i: [1,611,0,4,2,0,0,255] cc4_card_3
s: 611
i: [1,612,0,4,2,0,0,255] cc4_card_3
s: 612
d: [2,1774,1,2,1,1,40,611,1081]
a: [3,1778,1,2,1,1774]
s: 1778
i: [1,617,0,4,2,0,0,255] cc9_finseq_1
s: 617
i: [1,620,0,4,2,0,0,255] cc4_finset_1
s: 620
d: [2,1780,1,2,1,1,40,612,1011]
a: [3,1785,1,2,1,1780]
s: 1785
i: [1,628,0,4,2,0,0,255] cc1_card_1
s: 628
d: [2,1781,1,2,1,1,40,612,1081]
a: [3,1790,1,2,1,1781]
s: 1790
i: [1,633,0,4,2,0,0,255] cc4_xreal_0
s: 633
i: [1,634,0,4,2,0,0,255] cc3_card_1
s: 634
d: [2,1792,1,2,1,1,40,617,1116]
a: [3,1797,1,2,1,1792]
s: 1797
i: [1,635,0,4,2,0,0,255] cc2_xreal_0
s: 635
d: [2,1793,1,2,1,1,40,617,1316]
a: [3,1802,1,2,1,1793]
s: 1802
i: [1,636,0,4,2,0,0,255] cc6_ordinal1
s: 636
i: [1,637,0,4,2,0,0,255] cc2_xxreal_0
s: 637
d: [2,1805,1,2,1,1,40,628,1086]
a: [3,1812,1,2,1,1805]
s: 1812
i: [1,638,0,4,2,0,0,255] cc5_card_1
s: 638
d: [2,1814,1,2,1,1,40,633,1091]
a: [3,1823,1,2,1,1814]
s: 1823
i: [1,640,0,4,2,0,0,255] cc3_nat_1
s: 640
i: [1,641,0,4,2,0,0,255] cc1_nat_1
s: 641
d: [2,1825,1,2,1,1,40,634,1096]
a: [3,1832,1,2,1,1825]
s: 1832
i: [1,650,0,4,2,0,0,255] cc1_ordinal1
s: 650
d: [2,1827,1,2,1,1,40,634,1216]
a: [3,1837,1,2,1,1827]
s: 1837
i: [1,651,0,4,2,0,0,255] cc1_ordinal1
s: 651
i: [1,653,0,4,2,0,0,255] cc6_card_3
s: 653
d: [2,1839,1,2,1,1,40,635,1096]
a: [3,1846,1,2,1,1839]
s: 1846
i: [1,658,0,4,2,0,0,255] cc9_ordinal1
s: 658
d: [2,1841,1,2,1,1,40,635,1216]
a: [3,1851,1,2,1,1841]
s: 1851
i: [1,659,0,4,2,0,0,255] cc1_margrel1
s: 659
i: [1,660,0,4,2,0,0,255] cc6_finset_1
s: 660
d: [2,1853,1,2,1,1,40,636,1096]
a: [3,1860,1,2,1,1853]
s: 1860
i: [1,661,0,4,2,0,0,255] cc8_finseq_1
s: 661
d: [2,1855,1,2,1,1,40,636,1216]
a: [3,1865,1,2,1,1855]
s: 1865
i: [1,662,0,4,2,0,0,255] cc7_funct_1
s: 662
i: [1,663,0,4,2,0,0,255] cc2_card_1
s: 663
d: [2,1867,1,2,1,1,40,637,1096]
a: [3,1874,1,2,1,1867]
s: 1874
i: [1,664,0,4,2,0,0,255] cc7_ordinal1
s: 664
d: [2,1869,1,2,1,1,40,637,1216]
a: [3,1879,1,2,1,1869]
s: 1879
i: [1,665,0,4,2,0,0,255] cc3_ordinal1
s: 665
i: [1,666,0,4,2,0,0,2] cc1_finset_1
s: 666
d: [2,1881,1,2,1,1,40,638,1096]
a: [3,1888,1,2,1,1881]
s: 1888
i: [1,667,0,4,2,0,0,3] cc1_funct_1
s: 667
d: [2,1883,1,2,1,1,40,638,1216]
a: [3,1893,1,2,1,1883]
s: 1893
i: [1,668,0,4,2,0,0,2] cc1_relat_1
s: 668
i: [1,762,0,4,1,0,0,1] existence_m1_subset_1
s: 762
d: [2,1895,1,2,1,1,40,640,1096]
a: [3,1902,1,2,1,1895]
s: 1902
i: [1,764,0,4,1,0,0,255] rc9_funct_1
s: 764
d: [2,1896,1,2,1,1,40,640,1166]
a: [3,1907,1,2,1,1896]
s: 1907
i: [1,767,0,4,1,0,0,255] rc9_finseq_1
s: 767
i: [1,768,0,4,1,0,0,255] rc9_finseq_1
s: 768
d: [2,1897,1,2,1,1,40,640,1216]
a: [3,1912,1,2,1,1897]
s: 1912
i: [1,774,0,4,1,0,0,255] rc3_ordinal1
s: 774
d: [2,1898,1,2,1,1,40,640,1701]
a: [3,1917,1,2,1,1898]
s: 1917
i: [1,779,0,4,1,0,0,255] rc3_subset_1
s: 779
i: [1,782,0,4,1,0,0,255] rc1_finseq_1
s: 782
d: [2,1921,1,2,1,1,40,650,1041]
a: [3,1932,1,2,1,1921]
s: 1932
i: [1,783,0,4,1,0,0,255] rc1_finseq_1
s: 783
d: [2,1923,1,2,1,1,40,650,1101]
a: [3,1942,1,2,1,1923]
s: 1942
i: [1,793,0,4,1,0,0,1] fc6_relat_1
s: 793
i: [1,816,0,4,1,0,0,2] rc3_relat_1
s: 816
d: [2,1928,1,2,1,1,40,650,1731]
a: [3,1947,1,2,1,1928]
s: 1947
i: [1,819,0,4,1,0,0,2] rc6_funct_1
s: 819
d: [2,1951,1,2,1,1,40,651,1041]
a: [3,1962,1,2,1,1951]
s: 1962
i: [1,822,0,4,1,0,0,2] rc6_funct_1
s: 822
i: [1,823,0,4,1,0,0,2] rc5_finset_1
s: 823
d: [2,1953,1,2,1,1,40,651,1101]
a: [3,1972,1,2,1,1953]
s: 1972
i: [1,826,0,4,1,0,0,2] rc5_finset_1
s: 826
d: [2,1958,1,2,1,1,40,651,1731]
a: [3,1977,1,2,1,1958]
s: 1977
i: [1,827,0,4,1,0,0,2] rc5_finset_1
s: 827
i: [1,829,0,4,1,0,0,2] rc1_relset_1
s: 829
d: [2,1981,1,2,1,1,40,653,1151]
a: [3,1994,1,2,1,1981]
s: 1994
i: [1,830,0,4,1,0,0,2] rc1_relset_1
s: 830
d: [2,1982,1,2,1,1,40,653,1226]
a: [3,1999,1,2,1,1982]
s: 1999
i: [1,577,0,4,1,0,0,255] dt_k5_numbers
a: [3,1036,0,4,1,577]
s: 1036
i: [1,581,0,4,1,0,0,255] spc1_numerals
a: [3,1061,0,4,1,581]
s: 1061
d: [2,1983,1,2,1,1,40,653,1241]
a: [3,2004,1,2,1,1983]
s: 2004
i: [1,965,0,4,1,0,0,255] rc2_nat_1
a: [3,1741,0,4,1,965]
s: 1741
d: [2,1984,1,2,1,1,40,653,1291]
a: [3,2009,1,2,1,1984]
s: 2009
d: [2,2351,0,4,1,1,22,767,1026]
s: 2351
d: [2,2352,0,4,1,1,22,782,1026]
s: 2352
d: [2,1985,1,2,1,1,40,653,1326]
a: [3,2014,1,2,1,1985]
s: 2014
d: [2,2365,0,4,1,2,22,1036,1026]
a: [3,2369,0,4,1,2365]
s: 2369
d: [2,1986,1,2,1,1,40,653,1376]
a: [3,2019,1,2,1,1986]
s: 2019
d: [2,2371,0,4,1,2,22,1061,1026]
a: [3,2375,0,4,1,2371]
s: 2375
i: [1,585,0,5,1,0,0,255] redefinition_k9_setfam_1
s: 585
r: 986
r: 584
r: 2369
r: 1741
d: [2,2377,0,8,1,1,23,986,585]
a: [3,2384,0,8,1,2377]
s: 2384
d: [2,2378,0,3,1,0,23,584,585]
s: 2378
d: [2,1987,1,2,1,1,40,653,1461]
a: [3,2024,1,2,1,1987]
s: 2024
d: [2,2379,0,4,1,1,23,2369,585]
a: [3,2389,0,4,1,2379]
s: 2389
d: [2,2380,0,4,1,1,23,1741,585]
a: [3,2394,0,4,1,2380]
s: 2394
d: [2,1988,1,2,1,1,40,653,1621]
a: [3,2029,1,2,1,1988]
s: 2029
i: [1,588,0,5,2,0,0,255] rc6_subset_1
s: 588
d: [2,1990,1,2,1,1,40,653,1686]
a: [3,2034,1,2,1,1990]
s: 2034
i: [1,590,0,5,2,0,0,255] rc7_finset_1
s: 590
i: [1,591,0,5,2,0,0,255] rc7_finset_1
s: 591
d: [2,2038,1,2,1,1,40,658,1021]
a: [3,2046,1,2,1,2038]
s: 2046
i: [1,593,0,5,2,0,0,2] fc9_card_1
s: 593
d: [2,2040,1,2,1,1,40,658,1111]
a: [3,2051,1,2,1,2040]
s: 2051
i: [1,595,0,5,2,0,0,2] rc4_card_1
s: 595
i: [1,599,0,5,2,0,0,1] rc1_subset_1
s: 599
d: [2,2041,1,2,1,1,40,658,1421]
a: [3,2056,1,2,1,2041]
s: 2056
i: [1,601,0,5,2,0,0,255] rc5_subset_1
s: 601
d: [2,2042,1,2,1,1,40,658,1431]
a: [3,2061,1,2,1,2042]
s: 2061
i: [1,602,0,5,2,0,0,255] rc5_subset_1
s: 602
i: [1,604,0,5,2,0,0,2] rc2_finset_1
s: 604
d: [2,2065,1,2,1,1,40,659,1021]
a: [3,2073,1,2,1,2065]
s: 2073
i: [1,605,0,5,2,0,0,2] rc2_finset_1
s: 605
d: [2,2067,1,2,1,1,40,659,1111]
a: [3,2078,1,2,1,2067]
s: 2078
i: [1,630,0,5,2,0,0,255] rc6_card_1
s: 630
i: [1,631,0,5,2,0,0,255] rc6_card_1
s: 631
d: [2,2068,1,2,1,1,40,659,1421]
a: [3,2083,1,2,1,2068]
s: 2083
i: [1,643,0,5,2,0,0,255] rc7_finseq_1
s: 643
d: [2,2069,1,2,1,1,40,659,1431]
a: [3,2088,1,2,1,2069]
s: 2088
i: [1,645,0,5,2,0,0,255] rc7_finseq_1
s: 645
i: [1,646,0,5,2,0,0,255] rc7_finseq_1
s: 646
d: [2,2090,1,2,1,1,40,660,1021]
a: [3,2098,1,2,1,2090]
s: 2098
i: [1,648,0,5,2,0,0,255] rc7_finseq_1
s: 648
d: [2,2092,1,2,1,1,40,660,1111]
a: [3,2103,1,2,1,2092]
s: 2103
i: [1,649,0,5,2,0,0,255] rc7_finseq_1
s: 649
i: [1,654,0,5,2,0,0,255] fc31_finset_1
s: 654
d: [2,2093,1,2,1,1,40,660,1421]
a: [3,2108,1,2,1,2093]
s: 2108
i: [1,655,0,5,2,0,0,2] fc17_finset_1
s: 655
d: [2,2094,1,2,1,1,40,660,1431]
a: [3,2113,1,2,1,2094]
s: 2113
i: [1,669,0,5,2,0,0,255] t6_boole
s: 669
i: [1,670,0,5,2,0,0,255] cc8_card_1
s: 670
d: [2,2127,1,2,1,1,40,661,1021]
a: [3,2135,1,2,1,2127]
s: 2135
i: [1,680,0,5,2,0,0,255] cc7_card_1
s: 680
d: [2,2129,1,2,1,1,40,661,1111]
a: [3,2140,1,2,1,2129]
s: 2140
i: [1,681,0,5,2,0,0,255] cc9_card_1
s: 681
i: [1,682,0,5,2,0,0,255] cc9_card_1
s: 682
d: [2,2130,1,2,1,1,40,661,1421]
a: [3,2145,1,2,1,2130]
s: 2145
i: [1,683,0,5,2,0,0,255] cc1_xreal_0
s: 683
d: [2,2131,1,2,1,1,40,661,1431]
a: [3,2150,1,2,1,2131]
s: 2150
i: [1,684,0,5,2,0,0,255] cc8_ordinal1
s: 684
i: [1,685,0,5,2,0,0,255] cc4_card_1
s: 685
d: [2,2164,1,2,1,1,40,662,1021]
a: [3,2172,1,2,1,2164]
s: 2172
i: [1,686,0,5,2,0,0,255] cc2_nat_1
s: 686
d: [2,2166,1,2,1,1,40,662,1111]
a: [3,2177,1,2,1,2166]
s: 2177
i: [1,759,0,5,2,0,0,255] t7_boole
s: 759
i: [1,776,0,5,1,0,0,1] rc2_subset_1
s: 776
d: [2,2167,1,2,1,1,40,662,1421]
a: [3,2182,1,2,1,2167]
s: 2182
i: [1,778,0,5,1,0,0,255] rc3_subset_1
s: 778
d: [2,2168,1,2,1,1,40,662,1431]
a: [3,2187,1,2,1,2168]
s: 2187
i: [1,789,0,5,1,0,0,1] rc4_armstrng
s: 789
i: [1,790,0,5,1,0,0,1] rc4_armstrng
s: 790
d: [2,2189,1,2,1,1,40,663,1021]
a: [3,2197,1,2,1,2189]
s: 2197
i: [1,817,0,5,1,0,0,2] rc3_relat_1
s: 817
d: [2,2191,1,2,1,1,40,663,1111]
a: [3,2202,1,2,1,2191]
s: 2202
i: [1,818,0,5,1,0,0,2] rc3_relat_1
s: 818
i: [1,820,0,5,1,0,0,2] rc6_funct_1
s: 820
d: [2,2192,1,2,1,1,40,663,1421]
a: [3,2207,1,2,1,2192]
s: 2207
i: [1,821,0,5,1,0,0,2] rc6_funct_1
s: 821
d: [2,2193,1,2,1,1,40,663,1431]
a: [3,2212,1,2,1,2193]
s: 2212
i: [1,824,0,5,1,0,0,2] rc5_finset_1
s: 824
i: [1,825,0,5,1,0,0,2] rc5_finset_1
s: 825
d: [2,2214,1,2,1,1,40,664,1021]
a: [3,2222,1,2,1,2214]
s: 2222
i: [1,831,0,5,1,0,0,2] rc1_relset_1
s: 831
d: [2,2216,1,2,1,1,40,664,1111]
a: [3,2227,1,2,1,2216]
s: 2227
i: [1,832,0,5,1,0,0,2] rc1_relset_1
s: 832
d: [2,2397,0,5,2,0,22,593,585]
s: 2397
d: [2,2217,1,2,1,1,40,664,1421]
a: [3,2232,1,2,1,2217]
s: 2232
d: [2,2401,0,5,2,0,22,654,585]
s: 2401
d: [2,2218,1,2,1,1,40,664,1431]
a: [3,2237,1,2,1,2218]
s: 2237
d: [2,2402,0,5,2,0,22,655,585]
s: 2402
d: [2,2464,0,5,2,1,22,686,1026]
s: 2464
d: [2,2239,1,2,1,1,40,665,1021]
a: [3,2247,1,2,1,2239]
s: 2247
d: [2,2465,0,5,1,0,22,776,585]
s: 2465
d: [2,2241,1,2,1,1,40,665,1111]
a: [3,2252,1,2,1,2241]
s: 2252
d: [2,2466,0,5,1,0,22,778,585]
s: 2466
i: [1,586,0,6,1,0,0,1] dt_k9_setfam_1
s: 586
d: [2,2242,1,2,1,1,40,665,1421]
a: [3,2257,1,2,1,2242]
s: 2257
i: [1,607,0,6,2,0,0,255] rc7_card_1
s: 607
d: [2,2243,1,2,1,1,40,665,1431]
a: [3,2262,1,2,1,2243]
s: 2262
i: [1,609,0,6,2,0,0,255] rc4_subset_1
s: 609
i: [1,629,0,6,2,0,0,255] rc5_card_1
s: 629
d: [2,2264,1,2,1,1,40,666,1021]
a: [3,2272,1,2,1,2264]
s: 2272
i: [1,632,0,6,2,0,0,255] rc6_card_1
s: 632
d: [2,2266,1,2,1,1,40,666,1111]
a: [3,2277,1,2,1,2266]
s: 2277
i: [1,644,0,6,2,0,0,255] rc7_finseq_1
s: 644
i: [1,647,0,6,2,0,0,255] rc7_finseq_1
s: 647
d: [2,2267,1,2,1,1,40,666,1421]
a: [3,2282,1,2,1,2267]
s: 2282
i: [1,687,0,6,3,0,0,255] cc5_card_3
s: 687
d: [2,2268,1,2,1,1,40,666,1431]
a: [3,2287,1,2,1,2268]
s: 2287
i: [1,693,0,6,3,0,0,255] cc2_ordinal1
s: 693
i: [1,697,0,6,3,0,0,255] cc6_card_1
s: 697
d: [2,2295,1,2,1,1,40,667,1021]
a: [3,2303,1,2,1,2295]
s: 2303
i: [1,700,0,6,3,0,0,255] cc5_xxreal_0
s: 700
d: [2,2297,1,2,1,1,40,667,1111]
a: [3,2308,1,2,1,2297]
s: 2308
i: [1,702,0,6,3,0,0,255] cc5_xxreal_0
s: 702
i: [1,703,0,6,3,0,0,255] cc3_xxreal_0
s: 703
d: [2,2298,1,2,1,1,40,667,1421]
a: [3,2313,1,2,1,2298]
s: 2313
i: [1,705,0,6,3,0,0,255] cc3_xxreal_0
s: 705
d: [2,2299,1,2,1,1,40,667,1431]
a: [3,2318,1,2,1,2299]
s: 2318
i: [1,707,0,6,3,0,0,255] cc7_xxreal_0
s: 707
i: [1,708,0,6,3,0,0,255] cc7_xxreal_0
s: 708
d: [2,2326,1,2,1,1,40,668,1021]
a: [3,2334,1,2,1,2326]
s: 2334
i: [1,720,0,6,3,0,0,255] cc1_finseq_1
s: 720
d: [2,2328,1,2,1,1,40,668,1111]
a: [3,2339,1,2,1,2328]
s: 2339
d: [2,2831,0,4,2,0,21,720,668]
s: 2831
i: [1,722,0,6,3,0,0,255] cc4_finseq_1
s: 722
d: [2,2329,1,2,1,1,40,668,1421]
a: [3,2344,1,2,1,2329]
s: 2344
i: [1,754,0,6,2,0,0,255] t1_subset
s: 754
d: [2,2330,1,2,1,1,40,668,1431]
a: [3,2349,1,2,1,2330]
s: 2349
i: [1,796,0,6,2,0,0,255] antisymmetry_r2_hidden
s: 796
d: [2,2596,0,6,1,0,22,586,585]
d: [2,2597,0,6,1,0,22,2596,585]
s: 2597
d: [2,2419,1,2,1,1,40,683,1051]
a: [3,2424,1,2,1,2419]
s: 2424
d: [2,2679,0,6,2,1,22,644,1026]
s: 2679
d: [2,2433,1,2,1,1,40,684,1747]
a: [3,2440,1,2,1,2433]
s: 2440
i: [1,587,0,7,2,0,0,255] rc6_subset_1
s: 587
i: [1,589,0,7,2,0,0,255] rc7_finset_1
s: 589
d: [2,2448,1,2,1,1,40,685,1747]
a: [3,2455,1,2,1,2448]
s: 2455
i: [1,594,0,7,2,0,0,2] rc4_card_1
s: 594
d: [2,2556,1,2,1,2,40,2464,1747]
a: [3,2563,1,2,1,2556]
s: 2563
i: [1,598,0,7,2,0,0,1] rc1_subset_1
s: 598
i: [1,600,0,7,2,0,0,255] rc5_subset_1
s: 600
d: [2,2625,1,5,2,0,40,629,682]
a: [3,2639,1,2,1,2625]
s: 2639
i: [1,603,0,7,2,0,0,2] rc2_finset_1
s: 603
d: [2,2734,1,4,2,1,40,697,1101]
a: [3,2760,1,2,1,2734]
s: 2760
i: [1,606,0,7,2,0,0,255] rc7_card_1
s: 606
i: [1,608,0,7,2,0,0,255] rc4_subset_1
s: 608
d: [2,2736,1,4,2,1,40,697,1126]
a: [3,2765,1,2,1,2736]
s: 2765
r: 2765
i: [1,614,0,7,3,0,0,255] cc7_finset_1
s: 614
d: [2,2927,1,9,2,1,40,614,2384]
a: [3,2942,1,7,1,2927]
s: 2942
i: [1,618,0,7,3,0,0,255] cc10_finseq_1
s: 618
i: [1,622,0,7,3,0,0,255] cc8_funct_1
s: 622
d: [2,2949,2,6,1,1,40,2942,2401]
a: [3,2953,2,6,1,2949]
s: 2953
i: [1,623,0,7,3,0,0,255] cc8_funct_1
s: 623
d: [2,2960,1,9,2,1,40,618,2384]
a: [3,2993,1,7,1,2960]
s: 2993
i: [1,652,0,7,3,0,0,255] cc5_ordinal1
s: 652
i: [1,688,0,7,3,0,0,255] cc10_card_1
s: 688
d: [2,3014,1,9,2,1,40,622,2384]
a: [3,3046,1,7,1,3014]
s: 3046
i: [1,757,0,7,2,0,0,255] t3_subset
s: 757
d: [2,3104,1,9,2,1,40,652,2384]
a: [3,3120,1,7,1,3104]
s: 3120
i: [1,758,0,7,3,0,0,255] t8_boole
s: 758
i: [1,780,0,7,1,0,0,255] rc1_finseq_1
s: 780
a: [3,2764,1,2,1,2736]
s: 2764
d: [2,2879,0,7,2,0,22,587,585]
s: 2879
a: [3,2769,1,2,1,2736]
s: 2769
d: [2,2880,0,7,2,0,22,589,585]
s: 2880
d: [2,2887,0,7,2,0,22,594,585]
s: 2887
d: [2,2739,1,4,2,1,40,697,1331]
d: [2,2771,1,2,1,2,21,2739,1326]
a: [3,2775,1,2,1,2771]
s: 2775
d: [2,2888,0,7,2,0,22,598,585]
s: 2888
d: [2,2743,1,4,2,1,40,697,1731]
a: [3,2780,1,2,1,2743]
s: 2780
r: 2780
d: [2,2889,0,7,2,0,22,600,585]
s: 2889
d: [2,2892,0,7,2,0,22,603,585]
s: 2892
a: [3,2779,1,2,1,2743]
s: 2779
d: [2,2893,0,7,2,0,22,606,585]
s: 2893
a: [3,2784,1,2,1,2743]
s: 2784
d: [2,2894,0,7,2,0,22,608,585]
s: 2894
d: [2,3128,0,7,2,0,22,757,585]
s: 3128
d: [2,2787,1,4,2,1,40,700,1351]
d: [2,2789,1,2,1,2,21,2787,1356]
a: [3,2793,1,2,1,2789]
s: 2793
d: [2,3129,0,7,1,0,22,780,585]
d: [2,3130,0,7,1,1,22,3129,1026]
s: 3130
d: [2,2788,1,4,2,1,40,700,1391]
d: [2,2795,1,2,1,2,21,2788,1396]
a: [3,2799,1,2,1,2795]
s: 2799
i: [1,610,0,8,3,0,0,255] cc10_ordinal1
s: 610
i: [1,613,0,8,3,0,0,255] cc8_card_3
s: 613
d: [2,2801,1,4,2,1,40,702,1351]
d: [2,2803,1,2,1,2,21,2801,1356]
a: [3,2807,1,2,1,2803]
s: 2807
i: [1,615,0,8,3,0,0,255] cc8_finset_1
s: 615
d: [2,2802,1,4,2,1,40,702,1391]
d: [2,2809,1,2,1,2,21,2802,1396]
a: [3,2813,1,2,1,2809]
s: 2813
i: [1,616,0,8,3,0,0,255] cc7_card_3
s: 616
i: [1,619,0,8,3,0,0,255] cc11_finseq_1
s: 619
d: [2,2816,1,4,2,1,40,703,1366]
d: [2,2818,1,2,1,2,21,2816,1371]
a: [3,2822,1,2,1,2818]
s: 2822
i: [1,621,0,8,3,0,0,255] cc5_subset_1
s: 621
d: [2,2817,1,4,2,1,40,703,1401]
d: [2,2824,1,2,1,2,21,2817,1406]
a: [3,2828,1,2,1,2824]
s: 2828
i: [1,624,0,8,3,0,0,255] cc9_funct_1
s: 624
i: [1,656,0,8,3,0,0,2] cc2_finset_1
s: 656
d: [2,2832,1,2,1,1,40,2831,1021]
a: [3,2841,1,2,1,2832]
s: 2841
i: [1,671,0,8,3,0,0,1] cc1_subset_1
s: 671
d: [2,2835,1,2,1,1,40,2831,1111]
a: [3,2846,1,2,1,2835]
s: 2846
i: [1,679,0,8,3,0,0,1] cc2_relat_1
s: 679
i: [1,690,0,8,4,0,0,255] cc4_xxreal_0
s: 690
d: [2,2836,1,2,1,1,40,2831,1421]
a: [3,2851,1,2,1,2836]
s: 2851
i: [1,692,0,8,4,0,0,255] cc6_xxreal_0
s: 692
d: [2,2837,1,2,1,1,40,2831,1431]
a: [3,2856,1,2,1,2837]
s: 2856
i: [1,696,0,8,4,0,0,255] cc6_funct_1
s: 696
i: [1,698,0,8,4,0,0,255] cc8_xxreal_0
s: 698
d: [2,2957,1,4,2,1,40,618,1051]
a: [3,2978,1,2,1,2957]
s: 2978
i: [1,715,0,8,4,0,0,255] cc4_funct_1
s: 715
d: [2,2958,1,4,2,1,40,618,1747]
a: [3,2987,1,2,1,2958]
s: 2987
d: [2,3533,0,6,3,0,21,715,667]
d: [2,3534,0,4,2,0,21,3533,668]
s: 3534
i: [1,723,0,8,4,0,0,255] cc5_funct_1
s: 723
d: [2,3011,1,4,2,1,40,622,1051]
a: [3,3032,1,2,1,3011]
s: 3032
i: [1,728,0,8,4,0,0,255] cc4_pre_poly
s: 728
d: [2,3012,1,4,2,1,40,622,1747]
a: [3,3041,1,2,1,3012]
s: 3041
i: [1,737,0,8,4,0,0,255] cc6_finseq_1
s: 737
i: [1,740,0,8,4,0,0,255] cc2_finseq_1
s: 740
d: [2,3243,1,6,3,1,40,690,1106]
a: [3,3279,1,2,1,3243]
s: 3279
r: 3279
i: [1,749,0,8,4,0,0,255] cc5_pre_poly
s: 749
a: [3,3278,1,2,1,3243]
s: 3278
d: [2,3683,0,6,3,0,21,749,667]
d: [2,3684,0,4,2,0,21,3683,668]
s: 3684
i: [1,752,0,8,4,0,0,255] cc3_funcop_1
s: 752
a: [3,3283,1,2,1,3243]
s: 3283
d: [2,3711,0,6,3,0,21,752,667]
d: [2,3712,0,4,2,0,21,3711,668]
s: 3712
d: [2,3244,1,6,3,1,40,690,1161]
d: [2,3289,1,4,2,2,21,3244,1907]
d: [2,3290,1,2,1,3,21,3289,1186]
a: [3,3294,1,2,1,3290]
s: 3294
i: [1,755,0,8,3,0,0,255] t2_subset
s: 755
i: [1,797,0,8,3,0,0,1] fc11_card_1
s: 797
d: [2,3747,1,15,2,1,40,755,2384]
d: [2,3788,1,8,1,1,21,3747,2378]
a: [3,3792,1,8,1,3788]
s: 3792
i: [1,798,0,8,3,0,0,1] fc10_card_1
s: 798
d: [2,3252,1,6,3,1,40,690,1696]
d: [2,3303,1,4,2,2,21,3252,1917]
d: [2,3304,1,2,1,3,21,3303,1721]
a: [3,3308,1,2,1,3304]
s: 3308
i: [1,799,0,8,3,0,0,1] fc10_subset_1
s: 799
i: [1,804,0,8,3,0,0,2] rc6_finset_1
s: 804
d: [2,3320,1,6,3,1,40,696,1261]
d: [2,3366,1,4,2,2,21,3320,1266]
a: [3,3370,1,2,1,3366]
s: 3370
i: [1,805,0,8,3,0,0,2] rc6_finset_1
s: 805
d: [2,3321,1,6,3,1,40,696,1276]
d: [2,3376,1,4,2,2,21,3321,1281]
a: [3,3380,1,2,1,3376]
s: 3380
i: [1,808,0,8,3,0,0,2] rc6_finset_1
s: 808
i: [1,809,0,8,3,0,0,2] rc6_finset_1
s: 809
d: [2,3322,1,6,3,1,40,696,1296]
d: [2,3386,1,4,2,2,21,3322,1301]
a: [3,3390,1,2,1,3386]
s: 3390
i: [1,810,0,8,3,0,0,1] fc14_finset_1
s: 810
d: [2,3829,3,6,2,1,40,810,2953]
d: [2,3833,3,3,1,1,18,3829]
a: [3,3837,3,3,1,3833]
s: 3837
i: [1,813,0,8,2,0,0,1] cc1_relset_1
s: 813
i: [1,828,0,8,1,0,0,2] rc1_relset_1
s: 828
d: [2,3839,4,2,1,1,40,3837,2402]
a: [3,3843,4,2,1,3839]
s: 3843
d: [2,3230,0,8,3,0,22,610,585]
s: 3230
d: [2,3850,1,8,2,1,40,3230,2384]
a: [3,3876,1,6,1,3850]
s: 3876
d: [2,3231,0,8,3,0,22,613,585]
s: 3231
d: [2,3232,0,8,3,0,22,615,585]
s: 3232
d: [2,3890,1,8,2,1,40,3231,2384]
a: [3,3916,1,6,1,3890]
s: 3916
d: [2,3233,0,8,3,0,22,616,585]
s: 3233
d: [2,3930,1,8,2,1,40,3232,2384]
a: [3,3956,1,6,1,3930]
s: 3956
d: [2,3234,0,8,3,0,22,619,585]
s: 3234
d: [2,3235,0,8,3,0,22,621,585]
s: 3235
d: [2,3970,1,8,2,1,40,3233,2384]
a: [3,3987,1,6,1,3970]
s: 3987
d: [2,3236,0,8,3,0,22,624,585]
s: 3236
d: [2,4005,1,8,2,1,40,3234,2384]
a: [3,4022,1,6,1,4005]
s: 4022
d: [2,3237,0,8,3,0,22,656,585]
s: 3237
d: [2,3239,0,8,3,0,22,671,585]
s: 3239
d: [2,4031,1,8,2,1,40,3235,2384]
a: [3,4057,1,6,1,4031]
s: 4057
d: [2,3240,0,8,3,0,22,679,585]
s: 3240
a: [3,3050,1,2,1,3014]
s: 3050
d: [2,3845,0,8,2,0,22,813,585]
s: 3845
d: [2,3846,0,8,1,0,22,828,585]
s: 3846
d: [2,4071,1,8,2,1,40,3236,2384]
a: [3,4088,1,6,1,4071]
s: 4088
i: [1,672,0,9,3,0,0,255] cc4_subset_1
s: 672
d: [2,4114,1,8,2,1,40,3239,2384]
a: [3,4131,1,6,1,4114]
s: 4131
i: [1,673,0,9,4,0,0,2] cc8_relat_1
s: 673
i: [1,676,0,9,4,0,0,2] cc7_relat_1
s: 676
d: [2,3325,1,6,3,1,40,696,1441]
d: [2,3416,1,4,2,2,21,3325,1446]
a: [3,3420,1,2,1,3416]
s: 3420
i: [1,732,0,9,4,0,0,255] cc7_finseq_1
s: 732
d: [2,3326,1,6,3,1,40,696,1471]
d: [2,3426,1,4,2,2,21,3326,1481]
a: [3,3430,1,2,1,3426]
s: 3430
i: [1,742,0,9,4,0,0,255] cc5_finseq_1
s: 742
i: [1,761,0,9,3,0,0,255] t5_subset
s: 761
d: [2,3327,1,6,3,1,40,696,1486]
d: [2,3436,1,4,2,2,21,3327,1491]
a: [3,3440,1,2,1,3436]
s: 3440
i: [1,786,0,9,1,0,0,1] rc4_armstrng
s: 786
d: [2,3328,1,6,3,1,40,696,1501]
d: [2,3446,1,4,2,2,21,3328,1496]
d: [2,3447,1,2,1,3,21,3446,1506]
a: [3,3451,1,2,1,3447]
s: 3451
i: [1,806,0,9,3,0,0,2] rc6_finset_1
s: 806
i: [1,807,0,9,3,0,0,2] rc6_finset_1
s: 807
d: [2,3329,1,6,3,1,40,696,1516]
d: [2,3453,1,4,2,2,21,3329,1521]
a: [3,3457,1,2,1,3453]
s: 3457
i: [1,814,0,9,2,0,0,2] cc2_relset_1
s: 814
d: [2,3330,1,6,3,1,40,696,1526]
d: [2,3463,1,4,2,2,21,3330,1531]
a: [3,3467,1,2,1,3463]
s: 3467
i: [1,815,0,9,2,0,0,2] cc2_relset_1
s: 815
d: [2,4194,0,9,3,0,22,672,585]
s: 4194
d: [2,3331,1,6,3,1,40,696,1541]
d: [2,3473,1,4,2,2,21,3331,1546]
a: [3,3477,1,2,1,3473]
s: 3477
d: [2,4225,0,9,4,1,22,732,1026]
s: 4225
d: [2,3332,1,6,3,1,40,696,1551]
d: [2,3483,1,4,2,2,21,3332,1556]
a: [3,3487,1,2,1,3483]
s: 3487
d: [2,4226,0,9,4,1,22,742,1026]
s: 4226
d: [2,4227,0,9,3,0,22,761,585]
s: 4227
d: [2,3333,1,6,3,1,40,696,1566]
d: [2,3493,1,4,2,2,21,3333,1571]
a: [3,3497,1,2,1,3493]
s: 3497
d: [2,4228,0,9,1,0,22,786,585]
s: 4228
d: [2,3335,1,6,3,1,40,696,1601]
d: [2,3503,1,4,2,2,21,3335,1606]
a: [3,3507,1,2,1,3503]
s: 3507
d: [2,4231,0,9,2,0,22,814,585]
s: 4231
d: [2,4232,0,9,2,0,22,815,585]
s: 4232
d: [2,4295,1,4,1,1,40,4231,2384]
a: [3,4313,1,4,1,4295]
s: 4313
i: [1,753,0,10,4,0,0,3] cc3_funct_1
s: 753
d: [2,4316,1,4,1,1,40,4232,2384]
a: [3,4334,1,4,1,4316]
s: 4334
i: [1,760,0,10,3,0,0,255] t4_subset
s: 760
i: [1,794,0,10,3,0,0,1] cc3_relset_1
s: 794
d: [2,3336,1,6,3,1,40,696,1631]
d: [2,3513,1,4,2,2,21,3336,1641]
a: [3,3517,1,2,1,3513]
s: 3517
i: [1,795,0,10,3,0,0,1] cc4_relset_1
s: 795
d: [2,3337,1,6,3,1,40,696,1666]
d: [2,3523,1,4,2,2,21,3337,1676]
a: [3,3527,1,2,1,3523]
s: 3527
d: [2,4337,0,10,4,0,22,753,585]
s: 4337
d: [2,4339,0,10,3,0,22,760,585]
s: 4339
d: [2,4345,1,14,3,1,40,4337,2384]
d: [2,4366,1,8,2,1,21,4345,793]
a: [3,4370,1,6,1,4366]
s: 4370
d: [2,4340,0,10,3,0,22,794,585]
s: 4340
d: [2,3545,1,6,3,1,40,728,1536]
d: [2,3546,1,4,2,2,21,3545,1541]
d: [2,3547,1,2,1,3,21,3546,1546]
a: [3,3551,1,2,1,3547]
s: 3551
d: [2,4341,0,10,3,0,22,795,585]
s: 4341
i: [1,596,0,11,4,0,0,255] cc3_subset_1
s: 596
d: [2,3685,1,2,1,1,40,3684,1021]
a: [3,3694,1,2,1,3685]
s: 3694
i: [1,597,0,11,4,0,0,255] cc2_subset_1
s: 597
d: [2,3688,1,2,1,1,40,3684,1111]
a: [3,3699,1,2,1,3688]
s: 3699
i: [1,627,0,11,5,0,0,255] cc1_funcop_1
s: 627
d: [2,4432,0,11,4,0,22,596,585]
s: 4432
d: [2,3067,1,9,2,1,40,623,2384]
a: [3,3086,1,2,1,3067]
s: 3086
d: [2,4438,0,11,4,0,22,597,585]
s: 4438
a: [3,4134,1,2,1,4114]
s: 4134
i: [1,657,0,12,3,0,0,1] cc2_armstrng
s: 657
i: [1,811,0,12,4,0,0,2] cc6_relat_1
s: 811
d: [2,3689,1,2,1,1,40,3684,1421]
a: [3,3704,1,2,1,3689]
s: 3704
i: [1,812,0,12,4,0,0,2] cc5_relat_1
s: 812
d: [2,3690,1,2,1,1,40,3684,1431]
a: [3,3709,1,2,1,3690]
s: 3709
d: [2,4512,0,12,3,0,22,657,585]
s: 4512
d: [2,4513,0,12,4,0,22,811,585]
s: 4513
d: [2,3714,1,2,1,1,40,3712,1021]
a: [3,3723,1,2,1,3714]
s: 3723
r: 2760
r: 3120
r: 3390
r: 3420
r: 3487
r: 3527
r: 3876
r: 3916
r: 3987
d: [2,4518,0,12,4,0,22,812,585]
s: 4518
a: [3,3124,1,2,1,3104]
s: 3124
r: 3124
i: [1,803,0,14,4,0,0,255] existence_m2_subset_1
s: 803
d: [2,4620,0,14,4,0,22,803,585]
d: [2,4621,0,12,3,0,21,4620,3239]
s: 4621
a: [3,3123,1,2,1,3104]
s: 3123
i: [1,800,0,15,5,0,0,255] dt_m2_subset_1
s: 800
a: [3,3880,1,2,1,3850]
s: 3880
d: [2,4622,0,15,5,0,22,800,585]
d: [2,4623,0,13,4,0,21,4622,3239]
s: 4623
i: [1,801,0,15,5,0,0,255] redefinition_m2_subset_1
s: 801
a: [3,3920,1,2,1,3890]
s: 3920
d: [2,4627,0,15,5,0,22,801,585]
d: [2,4628,0,13,4,0,21,4627,3239]
s: 4628
a: [3,3991,1,2,1,3970]
s: 3991
i: [1,802,0,15,5,0,0,255] redefinition_m2_subset_1
s: 802
d: [2,4638,0,15,5,0,22,802,585]
d: [2,4639,0,13,4,0,21,4638,3239]
s: 4639
a: [3,2946,1,2,1,2927]
s: 2946
i: [1,756,0,17,4,0,0,1] cc5_armstrng
s: 756
s: 3120
d: [2,4668,0,17,4,0,22,756,585]
s: 4668
d: [2,4669,1,0,0,4,52,981,976,971,2384,4668]
e: 4669
d: [2,4671,1,9,3,1,40,4668,2384]
d: [2,4686,1,6,2,2,21,4671,971]
d: [2,4687,1,3,1,3,21,4686,976]
d: [2,4688,1,0,0,4,21,4687,981]
e: 4688
f: 4688,2377,564,565,566,567
% Refutation found. Thanks to Tanya!
% SZS status Theorem for armstrng__t22_armstrng
% SZS output start Proof for armstrng__t22_armstrng
1. ! [X0] : ! [X1] : (m1_subset_1(X1,k1_zfmisc_1(k2_zfmisc_1(k9_setfam_1(X0),k9_setfam_1(X0)))) => ((v4_armstrng(X1,X0) & v3_armstrng(X1,X0)) => v7_armstrng(X1,X0))) [input t22_armstrng]
2. ~! [X0] : ! [X1] : (m1_subset_1(X1,k1_zfmisc_1(k2_zfmisc_1(k9_setfam_1(X0),k9_setfam_1(X0)))) => ((v4_armstrng(X1,X0) & v3_armstrng(X1,X0)) => v7_armstrng(X1,X0))) [negated conjecture 1]
198. ! [X0] : k9_setfam_1(X0) = k1_zfmisc_1(X0) [input redefinition_k9_setfam_1]
205. ! [X0] : ! [X1] : (m1_subset_1(X1,k1_zfmisc_1(k2_zfmisc_1(k9_setfam_1(X0),k9_setfam_1(X0)))) => ((v4_armstrng(X1,X0) & v3_armstrng(X1,X0)) => v7_armstrng(X1,X0))) [input cc5_armstrng]
209. ~! [X0,X1] : (m1_subset_1(X1,k1_zfmisc_1(k2_zfmisc_1(k9_setfam_1(X0),k9_setfam_1(X0)))) => ((v4_armstrng(X1,X0) & v3_armstrng(X1,X0)) => v7_armstrng(X1,X0))) [flattening 2]
212. ! [X0,X1] : (m1_subset_1(X1,k1_zfmisc_1(k2_zfmisc_1(k9_setfam_1(X0),k9_setfam_1(X0)))) => ((v4_armstrng(X1,X0) & v3_armstrng(X1,X0)) => v7_armstrng(X1,X0))) [flattening 205]
247. ? [X0,X1] : ((~v7_armstrng(X1,X0) & (v4_armstrng(X1,X0) & v3_armstrng(X1,X0))) & m1_subset_1(X1,k1_zfmisc_1(k2_zfmisc_1(k9_setfam_1(X0),k9_setfam_1(X0))))) [ennf transformation 209]
248. ? [X0,X1] : (~v7_armstrng(X1,X0) & v4_armstrng(X1,X0) & v3_armstrng(X1,X0) & m1_subset_1(X1,k1_zfmisc_1(k2_zfmisc_1(k9_setfam_1(X0),k9_setfam_1(X0))))) [flattening 247]
386. ! [X0,X1] : ((v7_armstrng(X1,X0) | (~v4_armstrng(X1,X0) | ~v3_armstrng(X1,X0))) | ~m1_subset_1(X1,k1_zfmisc_1(k2_zfmisc_1(k9_setfam_1(X0),k9_setfam_1(X0))))) [ennf transformation 212]
387. ! [X0,X1] : (v7_armstrng(X1,X0) | ~v4_armstrng(X1,X0) | ~v3_armstrng(X1,X0) | ~m1_subset_1(X1,k1_zfmisc_1(k2_zfmisc_1(k9_setfam_1(X0),k9_setfam_1(X0))))) [flattening 386]
419. ? [X0,X1] : (~v7_armstrng(X1,X0) & v4_armstrng(X1,X0) & v3_armstrng(X1,X0) & m1_subset_1(X1,k1_zfmisc_1(k2_zfmisc_1(k9_setfam_1(X0),k9_setfam_1(X0))))) => (~v7_armstrng(sK1,sK0) & v4_armstrng(sK1,sK0) & v3_armstrng(sK1,sK0) & m1_subset_1(sK1,k1_zfmisc_1(k2_zfmisc_1(k9_setfam_1(sK0),k9_setfam_1(sK0))))) [choice axiom]
420. ~v7_armstrng(sK1,sK0) & v4_armstrng(sK1,sK0) & v3_armstrng(sK1,sK0) & m1_subset_1(sK1,k1_zfmisc_1(k2_zfmisc_1(k9_setfam_1(sK0),k9_setfam_1(sK0)))) [skolemisation 248,419]
564. m1_subset_1(sK1,k1_zfmisc_1(k2_zfmisc_1(k9_setfam_1(sK0),k9_setfam_1(sK0)))) [cnf transformation 420] {a:0,w:8,wCS:800,goal:1,sine:0,thAx:0,allAx:2,thDist:-2}
565. v3_armstrng(sK1,sK0) [cnf transformation 420] {a:0,w:3,wCS:300,goal:1,sine:0,thAx:0,allAx:2,thDist:-2}
566. v4_armstrng(sK1,sK0) [cnf transformation 420] {a:0,w:3,wCS:300,goal:1,sine:0,thAx:0,allAx:2,thDist:-2}
567. ~v7_armstrng(sK1,sK0) [cnf transformation 420] {a:0,w:3,wCS:300,goal:1,sine:0,thAx:0,allAx:2,thDist:-2}
585. k9_setfam_1(X0) = k1_zfmisc_1(X0) [cnf transformation 198] {a:0,w:5,wCS:2000,nSel:1,sine:255,thAx:0,allAx:1,thDist:-1}
756. v7_armstrng(X1,X0) | ~v4_armstrng(X1,X0) | ~v3_armstrng(X1,X0) | ~m1_subset_1(X1,k1_zfmisc_1(k2_zfmisc_1(k9_setfam_1(X0),k9_setfam_1(X0)))) [cnf transformation 387] {a:0,w:17,wCS:6800,sine:1,thAx:0,allAx:1,thDist:-1}
969. 1 <=> v7_armstrng(sK1,sK0) [avatar definition]
971. ~v7_armstrng(sK1,sK0) <- (~1) [avatar component clause 969] {a:0,w:3,wCS:300,nSel:1,goal:1,sine:255,thAx:0,allAx:2,thDist:-2}
972. ~1 [avatar split clause 567,969]
974. 2 <=> v4_armstrng(sK1,sK0) [avatar definition]
976. v4_armstrng(sK1,sK0) <- (2) [avatar component clause 974] {a:0,w:3,wCS:300,nSel:1,goal:1,sine:255,thAx:0,allAx:2,thDist:-2}
977. 2 [avatar split clause 566,974]
979. 3 <=> v3_armstrng(sK1,sK0) [avatar definition]
981. v3_armstrng(sK1,sK0) <- (3) [avatar component clause 979] {a:0,w:3,wCS:300,nSel:1,goal:1,sine:255,thAx:0,allAx:2,thDist:-2}
982. 3 [avatar split clause 565,979]
984. 4 <=> m1_subset_1(sK1,k1_zfmisc_1(k2_zfmisc_1(k9_setfam_1(sK0),k9_setfam_1(sK0)))) [avatar definition]
986. m1_subset_1(sK1,k1_zfmisc_1(k2_zfmisc_1(k9_setfam_1(sK0),k9_setfam_1(sK0)))) <- (4) [avatar component clause 984] {a:0,w:8,wCS:800,nSel:1,goal:1,sine:255,thAx:0,allAx:2,thDist:-2}
987. 4 [avatar split clause 564,984]
2377. m1_subset_1(sK1,k9_setfam_1(k2_zfmisc_1(k9_setfam_1(sK0),k9_setfam_1(sK0)))) <- (4) [backward demodulation 986,585] {a:0,w:8,wCS:800,goal:1,sine:255,thAx:0,allAx:2,thDist:-2}
2382. 251 <=> m1_subset_1(sK1,k9_setfam_1(k2_zfmisc_1(k9_setfam_1(sK0),k9_setfam_1(sK0)))) [avatar definition]
2384. m1_subset_1(sK1,k9_setfam_1(k2_zfmisc_1(k9_setfam_1(sK0),k9_setfam_1(sK0)))) <- (251) [avatar component clause 2382] {a:0,w:8,wCS:800,nSel:1,goal:1,sine:255,thAx:0,allAx:2,thDist:-2}
2385. 251 | ~4 [avatar split clause 2377,984,2382]
4668. ~m1_subset_1(X1,k9_setfam_1(k2_zfmisc_1(k9_setfam_1(X0),k9_setfam_1(X0)))) | v7_armstrng(X1,X0) | ~v4_armstrng(X1,X0) | ~v3_armstrng(X1,X0) [forward demodulation 756,585] {a:0,w:17,wCS:6800,nSel:1,sine:1,thAx:0,allAx:1,thDist:-1}
4671. v7_armstrng(sK1,sK0) | ~v4_armstrng(sK1,sK0) | ~v3_armstrng(sK1,sK0) <- (251) [resolution 4668,2384] {a:1,w:9,wCS:900,goal:1,sine:1,thAx:0,allAx:3,thDist:-3}
4686. ~v4_armstrng(sK1,sK0) | ~v3_armstrng(sK1,sK0) <- (~1, 251) [subsumption resolution 4671,971] {a:1,w:6,wCS:600,goal:1,sine:1,thAx:0,allAx:3,thDist:-3}
4687. ~v3_armstrng(sK1,sK0) <- (~1, 2, 251) [subsumption resolution 4686,976] {a:1,w:3,wCS:300,goal:1,sine:1,thAx:0,allAx:3,thDist:-3}
4688. $false <- (~1, 2, 3, 251) [subsumption resolution 4687,981] {a:1,w:0,goal:1,sine:1,thAx:0,allAx:3,thDist:-3}
4689. 1 | ~2 | ~3 | ~251 [avatar contradiction clause 4688]
4690. $false [avatar sat refutation 972,977,982,987,2385,4689] {a:0,w:0,goal:1,sine:0,thAx:0,allAx:2262,thDist:-2262}
% SZS output end Proof for armstrng__t22_armstrng
% ------------------------------
% Version: Vampire 4.5.1 (commit 226f88162 on 2021-09-12 20:13:44 +0200)
% Termination reason: Refutation

% >>> Input
% Input formulas: 207
% >>> Preprocessing
% Introduced skolems: 73
% Pure predicates: 10
% Unused predicate definitions: 1
% 
% >>> Saturation
% Initial clauses: 404
% Generated clauses: 2133
% Active clauses: 511
% Passive clauses: 1158
% Final active clauses: 494
% Final passive clauses: 567
% Main loop iterations started: 585
% 
% >>> Simplifying Inferences
% Duplicate literals: 12
% Fw subsumption resolutions: 166
% Fw demodulations: 62
% Bw demodulations: 4
% 
% >>> Deletion Inferences
% Simple tautologies: 90
% Forward subsumptions: 225
% 
% >>> Generating Inferences
% Binary resolution: 1042
% Unit resulting resolution: 1
% Forward superposition: 13
% Backward superposition: 5
% Self superposition: 1
% 
% >>> AVATAR
% Split clauses: 84
% Split components: 173
% Sat splitting refutations: 2
% 
% >>> SAT Solver Statistics
% SAT solver clauses: 484
% SAT solver unit clauses: 158
% SAT solver binary clauses: 209
% 
% Memory used [KB]: 8187
% Time elapsed: 0.019 s
% ------------------------------
% ------------------------------
% Time measurement results:
% parsing: 0.001 s
% preprocessing: 0.001 s
% congruence closure: 0.007 s
% backward subsumption: 0.001 s
% resolution: 0.001 s
% unit resulting resolution: 0.003 s
% superposition: 0.001 s
% other: 0.019 s ( own 0.004 s ) 

