i: [1,472,0,2,1,1,0,0] t3_toprealb
a: [3,763,0,2,1,472]
s: 763
i: [1,471,0,2,1,1,0,0] t3_toprealb
a: [3,768,0,2,1,471]
s: 768
i: [1,473,0,8,2,1,0,0] t3_toprealb
a: [3,758,0,3,1,473]
s: 758
i: [1,475,0,17,3,1,0,0] t3_toprealb
a: [3,745,0,5,1,475]
s: 745
i: [1,476,0,2,1,0,0,255] fc1_measure6
a: [3,773,0,2,1,476]
s: 773
i: [1,477,0,2,1,0,0,255] fc3_numbers
a: [3,778,0,2,1,477]
s: 778
i: [1,478,0,2,1,0,0,1] fc4_numbers
a: [3,783,0,2,1,478]
s: 783
i: [1,479,0,2,1,0,0,2] fc1_numbers
a: [3,788,0,2,1,479]
s: 788
i: [1,480,0,2,1,0,0,255] fc4_membered
a: [3,793,0,2,1,480]
s: 793
i: [1,481,0,2,1,0,0,255] fc5_membered
a: [3,798,0,2,1,481]
s: 798
i: [1,482,0,2,1,0,0,255] fc3_membered
a: [3,803,0,2,1,482]
s: 803
i: [1,483,0,2,1,0,0,255] dt_o_0_0_xboole_0
a: [3,808,0,2,1,483]
s: 808
i: [1,484,0,2,1,0,0,255] fc1_xboole_0
a: [3,813,0,2,1,484]
s: 813
i: [1,653,0,2,1,0,0,255] rc2_zfmisc_1
a: [3,823,0,2,1,653]
s: 823
i: [1,654,0,2,1,0,0,2] rc2_xboole_0
a: [3,828,0,2,1,654]
s: 828
i: [1,655,0,2,1,0,0,255] rc2_int_1
a: [3,833,0,2,1,655]
s: 833
i: [1,656,0,2,1,0,0,2] rc1_xcmplx_0
a: [3,838,0,2,1,656]
s: 838
i: [1,657,0,2,1,0,0,1] rc1_xreal_0
a: [3,843,0,2,1,657]
s: 843
i: [1,658,0,2,1,0,0,2] rc1_xxreal_0
a: [3,848,0,2,1,658]
s: 848
i: [1,659,0,2,1,0,0,2] rc1_xboole_0
a: [3,853,0,2,1,659]
s: 853
i: [1,661,0,2,1,0,0,255] rc3_measure6
a: [3,858,0,2,1,661]
s: 858
i: [1,660,0,2,1,0,0,255] rc3_measure6
a: [3,863,0,2,1,660]
s: 863
i: [1,663,0,2,1,0,0,255] rc2_measure6
a: [3,868,0,2,1,663]
s: 868
i: [1,662,0,2,1,0,0,255] rc2_measure6
a: [3,873,0,2,1,662]
s: 873
i: [1,665,0,2,1,0,0,255] rc7_funct_1
a: [3,878,0,2,1,665]
s: 878
i: [1,664,0,2,1,0,0,255] rc7_funct_1
a: [3,883,0,2,1,664]
s: 883
i: [1,667,0,2,1,0,0,255] rc2_membered
a: [3,888,0,2,1,667]
s: 888
i: [1,666,0,2,1,0,0,255] rc2_membered
a: [3,893,0,2,1,666]
s: 893
i: [1,669,0,2,1,0,0,255] rc1_membered
a: [3,898,0,2,1,669]
s: 898
i: [1,668,0,2,1,0,0,255] rc1_membered
a: [3,903,0,2,1,668]
s: 903
i: [1,671,0,2,1,0,0,255] rc3_membered
a: [3,908,0,2,1,671]
s: 908
i: [1,670,0,2,1,0,0,255] rc3_membered
a: [3,913,0,2,1,670]
s: 913
i: [1,673,0,2,1,0,0,255] rc1_zfmisc_1
a: [3,918,0,2,1,673]
s: 918
i: [1,672,0,2,1,0,0,255] rc1_zfmisc_1
a: [3,923,0,2,1,672]
s: 923
i: [1,675,0,2,1,0,0,2] rc2_xcmplx_0
a: [3,928,0,2,1,675]
s: 928
i: [1,674,0,2,1,0,0,2] rc2_xcmplx_0
a: [3,933,0,2,1,674]
s: 933
i: [1,682,0,2,1,0,0,255] rc2_valued_0
a: [3,938,0,2,1,682]
s: 938
i: [1,681,0,2,1,0,0,255] rc2_valued_0
a: [3,943,0,2,1,681]
s: 943
i: [1,680,0,2,1,0,0,255] rc2_valued_0
a: [3,948,0,2,1,680]
s: 948
i: [1,677,0,2,1,0,0,255] rc2_valued_0
a: [3,963,0,2,1,677]
s: 963
i: [1,676,0,2,1,0,0,255] rc2_valued_0
a: [3,968,0,2,1,676]
s: 968
i: [1,686,0,2,1,0,0,2] rc2_xreal_0
a: [3,973,0,2,1,686]
s: 973
i: [1,685,0,2,1,0,0,2] rc2_xreal_0
a: [3,978,0,2,1,685]
s: 978
i: [1,684,0,2,1,0,0,2] rc2_xreal_0
a: [3,983,0,2,1,684]
s: 983
i: [1,683,0,2,1,0,0,2] rc2_xreal_0
a: [3,988,0,2,1,683]
s: 988
i: [1,690,0,2,1,0,0,2] rc3_xreal_0
a: [3,993,0,2,1,690]
s: 993
i: [1,689,0,2,1,0,0,2] rc3_xreal_0
a: [3,998,0,2,1,689]
s: 998
i: [1,688,0,2,1,0,0,2] rc3_xreal_0
a: [3,1003,0,2,1,688]
s: 1003
i: [1,687,0,2,1,0,0,2] rc3_xreal_0
a: [3,1008,0,2,1,687]
s: 1008
i: [1,692,0,2,1,0,0,3] rc3_xxreal_0
a: [3,1013,0,2,1,692]
s: 1013
i: [1,691,0,2,1,0,0,3] rc3_xxreal_0
a: [3,1018,0,2,1,691]
s: 1018
i: [1,694,0,2,1,0,0,3] rc2_xxreal_0
a: [3,1023,0,2,1,694]
s: 1023
i: [1,693,0,2,1,0,0,3] rc2_xxreal_0
a: [3,1028,0,2,1,693]
s: 1028
i: [1,698,0,2,1,0,0,2] rc4_xreal_0
a: [3,1033,0,2,1,698]
s: 1033
i: [1,697,0,2,1,0,0,2] rc4_xreal_0
a: [3,1038,0,2,1,697]
s: 1038
i: [1,696,0,2,1,0,0,2] rc4_xreal_0
a: [3,1043,0,2,1,696]
s: 1043
i: [1,695,0,2,1,0,0,2] rc4_xreal_0
a: [3,1048,0,2,1,695]
s: 1048
i: [1,700,0,2,1,0,0,2] rc4_xxreal_0
a: [3,1053,0,2,1,700]
s: 1053
i: [1,699,0,2,1,0,0,2] rc4_xxreal_0
a: [3,1058,0,2,1,699]
s: 1058
i: [1,702,0,2,1,0,0,255] rc1_funct_1
a: [3,1063,0,2,1,702]
s: 1063
i: [1,701,0,2,1,0,0,255] rc1_funct_1
a: [3,1068,0,2,1,701]
s: 1068
i: [1,705,0,2,1,0,0,255] rc5_funct_1
a: [3,1073,0,2,1,705]
s: 1073
i: [1,704,0,2,1,0,0,255] rc5_funct_1
a: [3,1078,0,2,1,704]
s: 1078
i: [1,703,0,2,1,0,0,255] rc5_funct_1
a: [3,1083,0,2,1,703]
s: 1083
i: [1,707,0,2,1,0,0,255] rc2_funct_1
a: [3,1088,0,2,1,707]
s: 1088
i: [1,706,0,2,1,0,0,255] rc2_funct_1
a: [3,1093,0,2,1,706]
s: 1093
i: [1,710,0,2,1,0,0,255] rc1_funcop_1
a: [3,1098,0,2,1,710]
s: 1098
i: [1,709,0,2,1,0,0,255] rc1_funcop_1
a: [3,1103,0,2,1,709]
s: 1103
i: [1,708,0,2,1,0,0,255] rc1_funcop_1
a: [3,1108,0,2,1,708]
s: 1108
i: [1,713,0,2,1,0,0,255] rc1_valued_0
a: [3,1113,0,2,1,713]
s: 1113
i: [1,712,0,2,1,0,0,255] rc1_valued_0
a: [3,1118,0,2,1,712]
s: 1118
i: [1,711,0,2,1,0,0,255] rc1_valued_0
a: [3,1123,0,2,1,711]
s: 1123
i: [1,717,0,2,1,0,0,255] rc2_funcop_1
a: [3,1128,0,2,1,717]
s: 1128
i: [1,716,0,2,1,0,0,255] rc2_funcop_1
a: [3,1133,0,2,1,716]
s: 1133
i: [1,715,0,2,1,0,0,255] rc2_funcop_1
a: [3,1138,0,2,1,715]
s: 1138
i: [1,714,0,2,1,0,0,255] rc2_funcop_1
a: [3,1143,0,2,1,714]
s: 1143
i: [1,722,0,2,1,0,0,255] rc1_int_1
a: [3,1148,0,2,1,722]
s: 1148
i: [1,721,0,2,1,0,0,255] rc1_int_1
a: [3,1153,0,2,1,721]
s: 1153
i: [1,720,0,2,1,0,0,255] rc1_int_1
a: [3,1158,0,2,1,720]
s: 1158
i: [1,719,0,2,1,0,0,255] rc1_int_1
a: [3,1163,0,2,1,719]
s: 1163
i: [1,724,0,2,1,0,0,255] rc2_nat_1
a: [3,1173,0,2,1,724]
s: 1173
i: [1,730,0,2,1,0,0,255] rc5_measure6
a: [3,1183,0,2,1,730]
s: 1183
i: [1,729,0,2,1,0,0,255] rc5_measure6
a: [3,1188,0,2,1,729]
s: 1188
i: [1,728,0,2,1,0,0,255] rc5_measure6
a: [3,1193,0,2,1,728]
s: 1193
i: [1,727,0,2,1,0,0,255] rc5_measure6
a: [3,1198,0,2,1,727]
s: 1198
i: [1,726,0,2,1,0,0,255] rc5_measure6
a: [3,1203,0,2,1,726]
s: 1203
i: [1,736,0,2,1,0,0,255] rc4_measure6
a: [3,1213,0,2,1,736]
s: 1213
i: [1,735,0,2,1,0,0,255] rc4_measure6
a: [3,1218,0,2,1,735]
s: 1218
i: [1,734,0,2,1,0,0,255] rc4_measure6
a: [3,1223,0,2,1,734]
s: 1223
i: [1,733,0,2,1,0,0,255] rc4_measure6
a: [3,1228,0,2,1,733]
s: 1228
i: [1,732,0,2,1,0,0,255] rc4_measure6
a: [3,1233,0,2,1,732]
s: 1233
i: [1,740,0,2,1,0,0,255] rc1_rcomp_1
a: [3,1243,0,2,1,740]
s: 1243
i: [1,739,0,2,1,0,0,255] rc1_rcomp_1
a: [3,1248,0,2,1,739]
s: 1248
i: [1,738,0,2,1,0,0,255] rc1_rcomp_1
a: [3,1253,0,2,1,738]
s: 1253
i: [1,474,0,14,2,1,0,0] t3_toprealb
a: [3,753,0,9,1,474]
s: 753
i: [1,486,0,3,1,0,0,2] fc1_subset_1
s: 486
i: [1,626,0,3,1,0,0,2] rc2_subset_1
s: 626
i: [1,629,0,3,1,0,0,255] reflexivity_r1_tarski
s: 629
i: [1,485,0,3,1,0,0,255] d2_xboole_0
a: [3,818,0,3,1,485]
s: 818
r: 813
i: [1,679,0,3,1,0,0,255] rc2_valued_0
a: [3,953,0,3,1,679]
s: 953
i: [1,678,0,3,1,0,0,255] rc2_valued_0
a: [3,958,0,3,1,678]
s: 958
i: [1,718,0,3,1,0,0,255] rc1_int_1
a: [3,1168,0,3,1,718]
s: 1168
i: [1,487,0,4,2,0,0,255] cc2_zfmisc_1
s: 487
d: [2,1261,1,2,1,1,40,487,808]
a: [3,1269,1,2,1,1261]
s: 1269
i: [1,505,0,4,2,0,0,255] cc2_membered
s: 505
i: [1,506,0,4,2,0,0,255] cc3_membered
s: 506
d: [2,1263,1,2,1,1,40,487,853]
a: [3,1274,1,2,1,1263]
s: 1274
i: [1,510,0,4,2,0,0,255] cc2_int_1
s: 510
d: [2,1264,1,2,1,1,40,487,1048]
a: [3,1279,1,2,1,1264]
s: 1279
i: [1,511,0,4,2,0,0,255] cc2_xcmplx_0
s: 511
i: [1,512,0,4,2,0,0,255] cc2_xreal_0
s: 512
d: [2,1265,1,2,1,1,40,487,1058]
a: [3,1284,1,2,1,1265]
s: 1284
i: [1,513,0,4,2,0,0,255] cc2_xxreal_0
s: 513
d: [2,1286,1,2,1,1,40,505,798]
a: [3,1290,1,2,1,1286]
s: 1290
i: [1,516,0,4,2,0,0,255] cc3_nat_1
s: 516
i: [1,521,0,4,2,0,0,255] cc1_membered
s: 521
d: [2,1292,1,2,1,1,40,506,793]
a: [3,1296,1,2,1,1292]
s: 1296
i: [1,524,0,4,2,0,0,255] cc3_int_1
s: 524
d: [2,1304,1,2,1,1,40,516,998]
a: [3,1309,1,2,1,1304]
s: 1309
i: [1,526,0,4,2,0,0,255] cc5_membered
s: 526
i: [1,527,0,4,2,0,0,255] cc4_membered
s: 527
d: [2,1305,1,2,1,1,40,516,1013]
a: [3,1314,1,2,1,1305]
s: 1314
i: [1,530,0,4,2,0,0,2] cc3_xreal_0
s: 530
d: [2,1371,1,2,1,1,40,530,768]
a: [3,1381,1,2,1,1371]
s: 1381
i: [1,531,0,4,2,0,0,2] cc4_xreal_0
s: 531
i: [1,533,0,4,2,0,0,255] cc7_funct_1
s: 533
d: [2,1372,1,2,1,1,40,530,763]
a: [3,1386,1,2,1,1372]
s: 1386
i: [1,534,0,4,2,0,0,255] cc18_membered
s: 534
d: [2,1393,1,2,1,1,40,531,768]
a: [3,1403,1,2,1,1393]
s: 1403
i: [1,535,0,4,2,0,0,255] cc1_zfmisc_1
s: 535
i: [1,536,0,4,2,0,0,255] cc1_funct_1
s: 536
d: [2,1394,1,2,1,1,40,531,763]
a: [3,1408,1,2,1,1394]
s: 1408
i: [1,624,0,4,1,0,0,1] existence_m1_subset_1
s: 624
d: [2,1316,1,2,1,1,40,521,888]
a: [3,1322,1,2,1,1316]
s: 1322
i: [1,628,0,4,1,0,0,255] rc3_subset_1
s: 628
i: [1,723,0,4,1,0,0,255] rc2_nat_1
a: [3,1178,0,4,1,723]
s: 1178
d: [2,1317,1,2,1,1,40,521,898]
a: [3,1327,1,2,1,1317]
s: 1327
i: [1,725,0,4,1,0,0,255] rc5_measure6
a: [3,1208,0,4,1,725]
s: 1208
d: [2,1318,1,2,1,1,40,521,908]
a: [3,1332,1,2,1,1318]
s: 1332
i: [1,731,0,4,1,0,0,255] rc4_measure6
a: [3,1238,0,4,1,731]
s: 1238
i: [1,737,0,4,1,0,0,255] rc1_rcomp_1
a: [3,1258,0,4,1,737]
s: 1258
d: [2,1334,1,2,1,1,40,524,833]
a: [3,1339,1,2,1,1334]
s: 1339
i: [1,489,0,5,2,0,0,255] rc6_subset_1
s: 489
d: [2,1342,1,2,1,1,40,526,803]
a: [3,1354,1,2,1,1342]
s: 1354
i: [1,493,0,5,2,0,0,2] rc1_subset_1
s: 493
i: [1,495,0,5,2,0,0,255] rc5_subset_1
s: 495
d: [2,1357,1,2,1,1,40,527,803]
a: [3,1369,1,2,1,1357]
s: 1369
i: [1,496,0,5,2,0,0,255] rc5_subset_1
s: 496
d: [2,1373,1,2,1,1,40,530,843]
a: [3,1391,1,2,1,1373]
s: 1391
i: [1,537,0,5,2,0,0,255] t6_boole
s: 537
i: [1,540,0,5,2,0,0,255] cc1_int_1
s: 540
d: [2,1521,1,2,1,1,40,540,758]
a: [3,1526,1,2,1,1521]
s: 1526
i: [1,541,0,5,2,0,0,2] cc1_xcmplx_0
s: 541
d: [2,1533,2,2,1,1,40,1526,524]
a: [3,1537,2,2,1,1533]
s: 1537
i: [1,542,0,5,2,0,0,2] cc1_xreal_0
s: 542
i: [1,619,0,5,2,0,0,1] t7_boole
s: 619
d: [2,1546,3,2,1,1,40,1537,531]
a: [3,1551,3,2,1,1546]
s: 1551
i: [1,625,0,5,1,0,0,2] rc2_subset_1
s: 625
d: [2,1547,3,2,1,1,40,1537,530]
a: [3,1556,3,2,1,1547]
s: 1556
i: [1,627,0,5,1,0,0,255] rc3_subset_1
s: 627
d: [2,1520,0,5,2,1,22,537,818]
s: 1520
d: [2,1395,1,2,1,1,40,531,843]
a: [3,1413,1,2,1,1395]
s: 1413
i: [1,498,0,6,2,0,0,255] rc4_subset_1
s: 498
d: [2,1415,1,2,1,1,40,533,808]
a: [3,1423,1,2,1,1415]
s: 1423
i: [1,543,0,6,2,0,0,255] cc9_membered
s: 543
i: [1,544,0,6,2,0,0,255] cc10_membered
s: 544
d: [2,1417,1,2,1,1,40,533,853]
a: [3,1428,1,2,1,1417]
s: 1428
i: [1,545,0,6,2,0,0,255] cc8_membered
s: 545
d: [2,1418,1,2,1,1,40,533,1048]
a: [3,1433,1,2,1,1418]
s: 1433
i: [1,560,0,6,3,0,0,3] cc3_xxreal_0
s: 560
i: [1,562,0,6,3,0,0,3] cc3_xxreal_0
s: 562
d: [2,1419,1,2,1,1,40,533,1058]
a: [3,1438,1,2,1,1419]
s: 1438
i: [1,563,0,6,3,0,0,3] cc5_xxreal_0
s: 563
d: [2,1440,1,2,1,1,40,534,808]
a: [3,1448,1,2,1,1440]
s: 1448
i: [1,565,0,6,3,0,0,3] cc5_xxreal_0
s: 565
i: [1,567,0,6,3,0,0,3] cc7_xxreal_0
s: 567
d: [2,1442,1,2,1,1,40,534,853]
a: [3,1453,1,2,1,1442]
s: 1453
i: [1,568,0,6,3,0,0,3] cc7_xxreal_0
s: 568
d: [2,1443,1,2,1,1,40,534,1048]
a: [3,1458,1,2,1,1443]
s: 1458
i: [1,575,0,6,3,0,0,255] cc9_valued_0
s: 575
i: [1,578,0,6,3,0,0,255] cc8_valued_0
s: 578
d: [2,1444,1,2,1,1,40,534,1058]
a: [3,1463,1,2,1,1444]
s: 1463
i: [1,585,0,6,3,0,0,255] cc6_valued_0
s: 585
d: [2,1465,1,2,1,1,40,536,808]
a: [3,1473,1,2,1,1465]
s: 1473
i: [1,587,0,6,3,0,0,255] cc5_valued_0
s: 587
i: [1,615,0,6,2,0,0,1] t1_subset
s: 615
d: [2,1467,1,2,1,1,40,536,853]
a: [3,1478,1,2,1,1467]
s: 1478
i: [1,630,0,6,2,0,0,1] antisymmetry_r2_hidden
s: 630
d: [2,1468,1,2,1,1,40,536,1048]
a: [3,1483,1,2,1,1468]
s: 1483
i: [1,488,0,7,2,0,0,255] rc6_subset_1
s: 488
i: [1,492,0,7,2,0,0,2] rc1_subset_1
s: 492
d: [2,1469,1,2,1,1,40,536,1058]
a: [3,1488,1,2,1,1469]
s: 1488
i: [1,494,0,7,2,0,0,255] rc5_subset_1
s: 494
d: [2,1608,1,2,1,1,40,545,1178]
a: [3,1630,1,2,1,1608]
s: 1630
i: [1,497,0,7,2,0,0,255] rc4_subset_1
s: 497
i: [1,499,0,7,3,0,0,255] cc8_funct_1
s: 499
d: [2,1860,1,4,2,1,40,499,758]
a: [3,1876,1,2,1,1860]
s: 1876
i: [1,500,0,7,3,0,0,255] cc8_funct_1
s: 500
d: [2,1632,1,4,2,1,40,560,978]
d: [2,1634,1,2,1,2,21,1632,983]
a: [3,1638,1,2,1,1634]
s: 1638
i: [1,507,0,7,3,0,0,255] cc16_membered
s: 507
i: [1,517,0,7,3,0,0,255] cc12_membered
s: 517
d: [2,1633,1,4,2,1,40,560,1023]
d: [2,1640,1,2,1,2,21,1633,1028]
a: [3,1644,1,2,1,1640]
s: 1644
i: [1,518,0,7,3,0,0,255] cc13_membered
s: 518
d: [2,1646,1,4,2,1,40,562,978]
d: [2,1648,1,2,1,2,21,1646,983]
a: [3,1652,1,2,1,1648]
s: 1652
i: [1,522,0,7,3,0,0,255] cc17_membered
s: 522
i: [1,528,0,7,3,0,0,255] cc14_membered
s: 528
d: [2,2064,1,4,2,1,40,522,758]
a: [3,2080,1,2,1,2064]
s: 2080
i: [1,580,0,7,3,0,0,255] cc7_valued_0
s: 580
d: [2,1647,1,4,2,1,40,562,1023]
d: [2,1654,1,2,1,2,21,1647,1028]
a: [3,1658,1,2,1,1654]
s: 1658
i: [1,582,0,7,3,0,0,255] cc1_valued_0
s: 582
i: [1,606,0,7,3,0,0,255] cc4_valued_0
s: 606
d: [2,1660,1,4,2,1,40,563,998]
d: [2,1662,1,2,1,2,21,1660,1003]
a: [3,1666,1,2,1,1662]
s: 1666
i: [1,609,0,7,3,0,0,255] cc3_valued_0
s: 609
d: [2,1661,1,4,2,1,40,563,1013]
d: [2,1668,1,2,1,2,21,1661,1018]
a: [3,1672,1,2,1,1668]
s: 1672
i: [1,614,0,7,3,0,0,255] cc30_valued_0
s: 614
i: [1,617,0,7,2,0,0,255] t3_subset
s: 617
d: [2,1693,1,4,2,1,40,575,808]
a: [3,1705,1,2,1,1693]
s: 1705
i: [1,618,0,7,3,0,0,1] t8_boole
s: 618
d: [2,1695,1,4,2,1,40,575,853]
a: [3,1714,1,2,1,1695]
s: 1714
i: [1,620,0,7,2,0,0,1] t2_tarski
s: 620
i: [1,501,0,8,3,0,0,255] cc9_funct_1
s: 501
d: [2,1696,1,4,2,1,40,575,1048]
a: [3,1723,1,2,1,1696]
s: 1723
i: [1,508,0,8,3,0,0,255] cc22_membered
s: 508
d: [2,1697,1,4,2,1,40,575,1058]
a: [3,1732,1,2,1,1697]
s: 1732
i: [1,509,0,8,3,0,0,255] cc23_membered
s: 509
i: [1,519,0,8,3,0,0,255] cc20_membered
s: 519
d: [2,1734,1,4,2,1,40,578,938]
d: [2,1736,1,2,1,2,21,1734,963]
a: [3,1740,1,2,1,1736]
s: 1740
i: [1,520,0,8,3,0,0,255] cc19_membered
s: 520
d: [2,1735,1,4,2,1,40,578,1113]
d: [2,1742,1,2,1,2,21,1735,1123]
a: [3,1746,1,2,1,1742]
s: 1746
i: [1,523,0,8,3,0,0,255] cc24_membered
s: 523
i: [1,525,0,8,3,0,0,255] cc5_subset_1
s: 525
d: [2,1757,1,5,2,0,40,488,545]
a: [3,1782,1,2,1,1757]
s: 1782
i: [1,529,0,8,3,0,0,255] cc21_membered
s: 529
d: [2,1868,1,4,2,1,40,499,1168]
a: [3,1885,1,2,1,1868]
s: 1885
i: [1,538,0,8,3,0,0,2] cc1_subset_1
s: 538
i: [1,547,0,8,4,0,0,3] cc6_xxreal_0
s: 547
r: 745
r: 758
r: 1526
r: 1537
r: 1551
a: [3,1525,1,2,1,1521]
s: 1525
a: [3,757,0,3,1,473]
s: 757
a: [3,1536,2,2,1,1533]
s: 1536
a: [3,744,0,5,1,475]
s: 744
r: 744
r: 757
r: 1525
r: 1536
s: 758
s: 1526
s: 745
s: 1537
a: [3,748,0,12,2,475]
s: 748
d: [2,2558,1,0,0,3,52,758,753,748]
e: 2558
d: [2,2559,1,6,2,2,44,748,753]
d: [2,2560,1,3,1,2,19,2559]
d: [2,2562,1,0,0,3,21,2560,758]
e: 2562
r: 748
i: [1,549,0,8,4,0,0,3] cc4_xxreal_0
s: 549
d: [2,2428,2,6,3,1,40,547,1403]
a: [3,2443,2,2,1,2428]
s: 2443
r: 2443
i: [1,557,0,8,4,0,0,255] cc6_funct_1
s: 557
a: [3,2442,2,2,1,2428]
s: 2442
i: [1,558,0,8,4,0,0,3] cc8_xxreal_0
s: 558
i: [1,573,0,8,4,0,0,255] cc4_funct_1
s: 573
a: [3,2447,2,2,1,2428]
s: 2447
d: [2,2617,0,6,3,0,21,573,536]
s: 2617
d: [2,2429,2,6,3,1,40,547,1408]
a: [3,2456,2,2,1,2429]
s: 2456
r: 2456
i: [1,590,0,8,4,0,0,255] cc5_funct_1
s: 590
i: [1,603,0,8,4,0,0,255] cc3_funcop_1
s: 603
a: [3,2455,2,2,1,2429]
s: 2455
d: [2,2670,0,6,3,0,21,603,536]
s: 2670
a: [3,2460,2,2,1,2429]
s: 2460
i: [1,611,0,8,3,0,0,255] cc2_valued_0
s: 611
i: [1,616,0,8,3,0,0,1] t2_subset
s: 616
s: 1551
i: [1,635,0,8,3,0,0,255] fc1_nat_1
s: 635
d: [2,2619,3,2,1,1,40,2447,516]
a: [3,2623,3,2,1,2619]
s: 2623
i: [1,636,0,8,3,0,0,255] fc1_int_1
s: 636
i: [1,637,0,8,3,0,0,2] fc2_xcmplx_0
s: 637
d: [2,2677,3,2,1,1,40,2460,516]
a: [3,2681,3,2,1,2677]
s: 2681
i: [1,646,0,8,3,0,0,1] fc5_xreal_0
s: 646
d: [2,2430,4,6,3,1,40,547,1551]
a: [3,2469,4,2,1,2430]
s: 2469
r: 2469
i: [1,539,0,9,3,0,0,255] cc4_subset_1
s: 539
i: [1,623,0,9,3,0,0,1] t5_subset
s: 623
a: [3,2468,4,2,1,2430]
s: 2468
i: [1,553,0,10,5,0,0,255] cc22_valued_0
s: 553
a: [3,2473,4,2,1,2430]
s: 2473
i: [1,554,0,10,5,0,0,255] cc22_valued_0
s: 554
i: [1,576,0,10,4,0,0,255] cc10_valued_0
s: 576
a: [3,2083,1,2,1,2064]
s: 2083
i: [1,583,0,10,4,0,0,255] cc15_valued_0
s: 583
d: [2,2687,1,5,2,1,40,616,758]
d: [2,2701,1,3,1,2,21,2687,783]
a: [3,2705,1,3,1,2701]
s: 2705
i: [1,588,0,10,4,0,0,255] cc12_valued_0
s: 588
i: [1,589,0,10,4,0,0,255] cc11_valued_0
s: 589
d: [2,2923,2,3,1,1,40,2705,630]
a: [3,2929,2,3,1,2923]
s: 2929
i: [1,604,0,10,4,0,0,255] cc3_funct_1
s: 604
d: [2,2072,1,4,2,1,40,522,1168]
a: [3,2089,1,2,1,2072]
s: 2089
i: [1,621,0,10,3,0,0,1] t2_tarski
s: 621
i: [1,622,0,10,3,0,0,1] t4_subset
s: 622
d: [2,2220,1,4,2,1,40,508,1178]
a: [3,2227,1,2,1,2220]
s: 2227
i: [1,633,0,10,4,0,0,255] fc3_nat_1
s: 633
d: [2,2256,1,4,2,1,40,509,1178]
a: [3,2263,1,2,1,2256]
s: 2263
i: [1,634,0,10,4,0,0,255] fc4_nat_1
s: 634
i: [1,647,0,10,3,0,0,1] dt_k2_rcomp_1
s: 647
d: [2,3062,1,12,3,1,44,647,753]
a: [3,3115,1,4,1,3062]
s: 3115
i: [1,490,0,11,4,0,0,255] cc3_subset_1
s: 490
d: [2,2432,1,6,3,1,40,547,848]
a: [3,2495,1,2,1,2432]
s: 2495
r: 2495
i: [1,491,0,11,4,0,0,255] cc2_subset_1
s: 491
i: [1,504,0,11,5,0,0,255] cc1_funcop_1
s: 504
a: [3,2494,1,2,1,2432]
s: 2494
i: [1,532,0,11,3,0,0,1] d1_toprealb
s: 532
a: [3,2499,1,2,1,2432]
s: 2499
i: [1,638,0,11,3,0,0,1] commutativity_k2_xcmplx_0
s: 638
i: [1,648,0,11,3,0,0,1] redefinition_k2_rcomp_1
s: 648
d: [2,2439,1,6,3,1,40,547,1163]
a: [3,2508,1,2,1,2439]
s: 2508
r: 2508
i: [1,607,0,12,4,0,0,255] cc13_valued_0
s: 607
a: [3,2507,1,2,1,2439]
s: 2507
i: [1,612,0,12,4,0,0,255] cc14_valued_0
s: 612
i: [1,631,0,12,5,0,0,3] fc9_xreal_0
s: 631
a: [3,2512,1,2,1,2439]
s: 2512
i: [1,632,0,12,5,0,0,3] fc10_xreal_0
s: 632
a: [3,2092,1,2,1,2072]
s: 2092
i: [1,639,0,12,5,0,0,3] fc13_xreal_0
s: 639
i: [1,640,0,12,5,0,0,3] fc14_xreal_0
s: 640
d: [2,2601,1,6,3,1,40,557,918]
a: [3,2611,1,2,1,2601]
s: 2611
i: [1,641,0,12,5,0,0,3] fc12_xreal_0
s: 641
d: [2,2855,1,6,3,1,40,576,1178]
a: [3,2862,1,2,1,2855]
s: 2862
i: [1,642,0,12,5,0,0,3] fc11_xreal_0
s: 642
i: [1,643,0,12,5,0,0,2] fc9_topreala
s: 643
d: [2,3137,1,7,3,1,40,490,1258]
d: [2,3145,1,5,2,2,21,3137,788]
a: [3,3153,1,2,1,3145]
s: 3153
i: [1,644,0,12,5,0,0,2] fc13_topreala
s: 644
d: [2,3202,1,8,4,1,40,504,958]
d: [2,3207,1,6,3,2,21,3202,948]
d: [2,3208,1,4,2,3,21,3207,963]
a: [3,3212,1,2,1,3208]
s: 3212
i: [1,645,0,12,4,0,0,2] fc1_topreala
s: 645
i: [1,650,0,15,4,0,0,2] fraenkel_a_2_0_toprealb
s: 650
d: [2,2541,1,4,2,1,40,758,518]
a: [3,2550,1,2,1,2541]
s: 2550
i: [1,649,0,17,4,0,0,1] spc6_arithm
s: 649
d: [2,3420,1,16,5,0,40,650,517]
a: [3,3429,1,2,1,3420]
s: 3429
i: [1,741,0,18,4,0,0,2] fraenkel_a_2_0_toprealb
s: 741
r: 745
r: 753
s: 744
d: [2,2520,1,4,1,1,40,744,619]
a: [3,2534,1,4,1,2520]
s: 2534
a: [3,752,0,9,1,474]
s: 752
d: [2,2518,1,5,1,1,40,744,630]
a: [3,2524,1,5,1,2518]
s: 2524
s: 748
i: [1,651,0,24,4,0,0,2] fraenkel_a_2_0_toprealb
s: 651
d: [2,2519,1,5,1,1,40,744,615]
a: [3,2529,1,5,1,2519]
s: 2529
d: [2,1262,1,3,1,0,40,487,626]
s: 1262
d: [2,3541,2,6,2,1,40,2529,499]
a: [3,3552,2,4,1,3541]
s: 3552
d: [2,1416,1,3,1,0,40,533,626]
s: 1416
d: [2,1441,1,3,1,0,40,534,626]
s: 1441
d: [2,3543,2,6,2,1,40,2529,507]
a: [3,3566,2,4,1,3543]
s: 3566
d: [2,1466,1,3,1,0,40,536,626]
s: 1466
d: [2,3544,2,6,2,1,40,2529,517]
a: [3,3575,2,4,1,3544]
s: 3575
d: [2,1522,1,3,1,0,40,540,624]
a: [3,1531,1,3,1,1522]
s: 1531
d: [2,1539,1,3,1,0,40,541,624]
a: [3,1544,1,3,1,1539]
s: 1544
d: [2,3545,2,6,2,1,40,2529,518]
a: [3,3584,2,4,1,3545]
s: 3584
d: [2,1558,1,3,1,0,40,542,624]
a: [3,1563,1,3,1,1558]
s: 1563
d: [2,3546,2,6,2,1,40,2529,522]
a: [3,3593,2,4,1,3546]
s: 3593
d: [2,1570,1,3,1,0,40,543,625]
a: [3,1580,1,3,1,1570]
s: 1580
d: [2,1571,1,3,1,0,40,543,627]
a: [3,1585,1,3,1,1571]
s: 1585
d: [2,3547,2,6,2,1,40,2529,528]
a: [3,3602,2,4,1,3547]
s: 3602
d: [2,1588,1,3,1,0,40,544,625]
a: [3,1598,1,3,1,1588]
s: 1598
d: [2,1298,2,2,1,1,40,1290,506]
a: [3,1302,2,2,1,1298]
s: 1302
d: [2,3643,3,0,0,2,52,2550,1302,527]
e: 3643
d: [2,3644,3,0,0,2,52,3429,1302,526]
e: 3644
d: [2,3645,3,2,1,1,40,1302,527]
d: [2,3649,3,0,0,2,21,3645,2550]
e: 3649
d: [2,3646,3,2,1,1,40,1302,526]
d: [2,3651,3,0,0,2,21,3646,3429]
e: 3651
r: 2550
r: 3429
a: [3,2549,1,2,1,2541]
s: 2549
a: [3,3428,1,2,1,3420]
s: 3428
d: [2,1341,2,2,1,1,40,526,1296]
a: [3,1349,2,2,1,1341]
s: 1349
d: [2,1589,1,3,1,0,40,544,627]
a: [3,1603,1,3,1,1589]
s: 1603
d: [2,1356,2,2,1,1,40,527,1296]
a: [3,1364,2,2,1,1356]
s: 1364
d: [2,1606,1,3,1,0,40,545,625]
a: [3,1620,1,3,1,1606]
s: 1620
d: [2,1607,1,3,1,0,40,545,627]
a: [3,1625,1,3,1,1607]
s: 1625
d: [2,1490,2,2,1,1,40,1322,505]
a: [3,1494,2,2,1,1490]
s: 1494
d: [2,1755,1,5,2,0,40,488,543]
a: [3,1761,1,3,1,1755]
s: 1761
r: 1761
a: [3,1765,1,2,1,1755]
s: 1765
a: [3,1760,1,3,1,1755]
s: 1760
d: [2,1756,1,5,2,0,40,488,544]
a: [3,1770,1,3,1,1756]
s: 1770
r: 1770
a: [3,1774,1,2,1,1756]
s: 1774
a: [3,1769,1,3,1,1756]
s: 1769
d: [2,1496,2,2,1,1,40,1327,505]
a: [3,1500,2,2,1,1496]
s: 1500
a: [3,1779,1,3,1,1757]
s: 1779
d: [2,1785,1,5,2,0,40,492,543]
d: [2,1788,1,3,1,1,21,1785,778]
a: [3,1792,1,3,1,1788]
s: 1792
d: [2,1502,2,2,1,1,40,1332,505]
a: [3,1506,2,2,1,1502]
s: 1506
d: [2,1786,1,5,2,0,40,492,544]
d: [2,1794,1,3,1,1,21,1786,783]
a: [3,1798,1,3,1,1794]
s: 1798
d: [2,1508,2,2,1,1,40,1339,531]
a: [3,1513,2,2,1,1508]
s: 1513
d: [2,1787,1,5,2,0,40,492,545]
d: [2,1800,1,3,1,1,21,1787,788]
a: [3,1804,1,3,1,1800]
s: 1804
d: [2,1806,1,5,2,0,40,494,543]
d: [2,1809,1,3,1,1,21,1806,778]
a: [3,1813,1,3,1,1809]
s: 1813
d: [2,1509,2,2,1,1,40,1339,530]
a: [3,1518,2,2,1,1509]
s: 1518
d: [2,1807,1,5,2,0,40,494,544]
d: [2,1815,1,3,1,1,21,1807,783]
a: [3,1819,1,3,1,1815]
s: 1819
d: [2,1674,2,2,1,1,40,1448,521]
a: [3,1679,2,2,1,1674]
s: 1679
d: [2,1808,1,5,2,0,40,494,545]
d: [2,1821,1,3,1,1,21,1808,788]
a: [3,1825,1,3,1,1821]
s: 1825
d: [2,1839,1,5,2,0,40,497,543]
d: [2,1842,1,3,1,1,21,1839,778]
a: [3,1846,1,3,1,1842]
s: 1846
d: [2,1681,2,2,1,1,40,1453,521]
a: [3,1685,2,2,1,1681]
s: 1685
d: [2,1840,1,5,2,0,40,497,544]
d: [2,1848,1,3,1,1,21,1840,783]
a: [3,1852,1,3,1,1848]
s: 1852
d: [2,1687,2,2,1,1,40,1458,521]
a: [3,1691,2,2,1,1687]
s: 1691
d: [2,1841,1,5,2,0,40,497,545]
d: [2,1854,1,3,1,1,21,1841,788]
a: [3,1858,1,3,1,1854]
s: 1858
d: [2,1869,1,5,2,1,40,499,1178]
a: [3,1894,1,3,1,1869]
s: 1894
d: [2,1748,2,2,1,1,40,1463,521]
a: [3,1752,2,2,1,1748]
s: 1752
d: [2,1962,1,5,2,1,40,507,1178]
a: [3,1969,1,3,1,1962]
s: 1969
d: [2,1827,2,2,1,1,40,1630,527]
a: [3,1832,2,2,1,1827]
s: 1832
d: [2,1999,1,5,2,1,40,517,1178]
a: [3,2006,1,3,1,1999]
s: 2006
d: [2,2036,1,5,2,1,40,518,1178]
a: [3,2043,1,3,1,2036]
s: 2043
d: [2,1828,2,2,1,1,40,1630,526]
a: [3,1837,2,2,1,1828]
s: 1837
d: [2,2073,1,5,2,1,40,522,1178]
a: [3,2098,1,3,1,2073]
s: 2098
d: [2,2298,2,4,2,1,40,1740,587]
d: [2,2300,2,2,1,2,21,2298,963]
a: [3,2304,2,2,1,2300]
s: 2304
d: [2,2128,1,5,2,1,40,528,1178]
a: [3,2135,1,3,1,2128]
s: 2135
d: [2,2695,1,5,2,1,40,616,1168]
d: [2,2713,1,3,1,2,21,2695,788]
a: [3,2717,1,3,1,2713]
s: 2717
d: [2,2299,2,4,2,1,40,1740,585]
d: [2,2306,2,2,1,2,21,2299,963]
a: [3,2310,2,2,1,2306]
s: 2310
d: [2,3525,1,16,4,1,44,748,638]
d: [2,3529,1,14,3,2,21,3525,1381]
s: 3529
d: [2,2326,2,4,2,1,40,1746,587]
d: [2,2328,2,2,1,2,21,2326,1123]
a: [3,2332,2,2,1,2328]
s: 2332
d: [2,3526,1,16,4,1,44,748,638]
d: [2,3530,1,14,3,2,21,3526,1381]
s: 3530
d: [2,3527,1,16,4,1,44,748,638]
d: [2,3531,1,14,3,2,21,3527,1386]
s: 3531
d: [2,2327,2,4,2,1,40,1746,585]
d: [2,2334,2,2,1,2,21,2327,1123]
a: [3,2338,2,2,1,2334]
s: 2338
d: [2,3528,1,16,4,1,44,748,638]
d: [2,3532,1,14,3,2,21,3528,1386]
s: 3532
d: [2,2431,2,6,3,1,40,547,1413]
a: [3,2482,2,2,1,2431]
s: 2482
r: 2482
d: [2,3535,1,18,5,1,44,748,651]
d: [2,3539,1,16,4,2,21,3535,763]
d: [2,3540,1,14,3,3,21,3539,768]
s: 3540
d: [2,3497,1,12,4,1,44,741,753]
d: [2,3511,1,9,3,2,21,3497,758]
d: [2,3512,1,7,2,3,21,3511,763]
d: [2,3513,1,5,1,4,21,3512,768]
a: [3,3516,1,5,1,3513]
s: 3516
d: [2,3984,2,9,3,1,44,3516,532]
d: [2,3985,2,4,2,2,21,3984,744]
d: [2,3986,2,2,1,3,21,3985,763]
d: [2,3987,2,0,0,4,21,3986,768]
e: 3987
r: 3516
d: [2,3978,2,11,2,3,47,3540]
a: [3,3982,2,6,1,3978]
s: 3982
r: 744
r: 3540
r: 3531
r: 3529
r: 748
r: 752
r: 3982
r: 2534
s: 745
a: [3,2533,1,4,1,2520]
s: 2533
d: [2,3996,3,0,0,2,52,3552,2533,533]
e: 3996
d: [2,3997,3,0,0,2,52,3593,2533,534]
e: 3997
d: [2,3999,2,4,1,1,40,2533,533]
d: [2,4007,2,0,0,2,21,3999,3552]
e: 4007
d: [2,4000,2,4,1,1,40,2533,534]
d: [2,4009,2,0,0,2,21,4000,3593]
e: 4009
r: 3552
r: 3593
s: 753
a: [3,3517,1,5,1,3513]
s: 3517
d: [2,4051,2,9,3,1,44,3517,532]
d: [2,4067,2,4,2,2,21,4051,745]
d: [2,4068,2,2,1,3,21,4067,763]
d: [2,4069,2,0,0,4,21,4068,768]
e: 4069
d: [2,3989,3,9,3,1,40,3982,650]
d: [2,3990,3,7,2,2,21,3989,763]
d: [2,3991,3,5,1,3,21,3990,768]
d: [2,4042,1,12,4,1,44,741,753]
d: [2,4044,1,9,3,2,21,4042,758]
d: [2,4045,1,7,2,3,21,4044,763]
d: [2,4046,1,5,1,4,21,4045,768]
f: 4069,4046,3991,3987,3978,471,472,473,474,475
% Refutation found. Thanks to Tanya!
% SZS status Theorem for toprealb__t3_toprealb
% SZS output start Proof for toprealb__t3_toprealb
1. ! [X0] : (v1_xreal_0(X0) => ! [X1] : (v1_xreal_0(X1) => ! [X2] : (r2_hidden(X2,k1_toprealb(X0,X1)) <=> ? [X3] : (k2_rcomp_1(k2_xcmplx_0(X0,X3),k2_xcmplx_0(X1,X3)) = X2 & m1_subset_1(X3,k4_numbers))))) [input t3_toprealb]
2. ~! [X0] : (v1_xreal_0(X0) => ! [X1] : (v1_xreal_0(X1) => ! [X2] : (r2_hidden(X2,k1_toprealb(X0,X1)) <=> ? [X3] : (k2_rcomp_1(k2_xcmplx_0(X0,X3),k2_xcmplx_0(X1,X3)) = X2 & m1_subset_1(X3,k4_numbers))))) [negated conjecture 1]
158. ! [X0,X1,X2] : ((v1_xreal_0(X2) & v1_xreal_0(X1)) => (r2_hidden(X0,a_2_0_toprealb(X1,X2)) <=> ? [X3] : (k2_rcomp_1(k2_xcmplx_0(X1,X3),k2_xcmplx_0(X2,X3)) = X0 & m1_subset_1(X3,k4_numbers)))) [input fraenkel_a_2_0_toprealb]
180. ! [X0] : (v1_xreal_0(X0) => ! [X1] : (v1_xreal_0(X1) => k1_toprealb(X0,X1) = a_2_0_toprealb(X0,X1))) [input d1_toprealb]
209. ? [X0] : (? [X1] : (? [X2] : (r2_hidden(X2,k1_toprealb(X0,X1)) <~> ? [X3] : (k2_rcomp_1(k2_xcmplx_0(X0,X3),k2_xcmplx_0(X1,X3)) = X2 & m1_subset_1(X3,k4_numbers))) & v1_xreal_0(X1)) & v1_xreal_0(X0)) [ennf transformation 2]
249. ! [X0] : (! [X1] : (k1_toprealb(X0,X1) = a_2_0_toprealb(X0,X1) | ~v1_xreal_0(X1)) | ~v1_xreal_0(X0)) [ennf transformation 180]
376. ! [X0,X1,X2] : ((r2_hidden(X0,a_2_0_toprealb(X1,X2)) <=> ? [X3] : (k2_rcomp_1(k2_xcmplx_0(X1,X3),k2_xcmplx_0(X2,X3)) = X0 & m1_subset_1(X3,k4_numbers))) | (~v1_xreal_0(X2) | ~v1_xreal_0(X1))) [ennf transformation 158]
377. ! [X0,X1,X2] : ((r2_hidden(X0,a_2_0_toprealb(X1,X2)) <=> ? [X3] : (k2_rcomp_1(k2_xcmplx_0(X1,X3),k2_xcmplx_0(X2,X3)) = X0 & m1_subset_1(X3,k4_numbers))) | ~v1_xreal_0(X2) | ~v1_xreal_0(X1)) [flattening 376]
378. ? [X0] : (? [X1] : (? [X2] : ((! [X3] : (k2_rcomp_1(k2_xcmplx_0(X0,X3),k2_xcmplx_0(X1,X3)) != X2 | ~m1_subset_1(X3,k4_numbers)) | ~r2_hidden(X2,k1_toprealb(X0,X1))) & (? [X3] : (k2_rcomp_1(k2_xcmplx_0(X0,X3),k2_xcmplx_0(X1,X3)) = X2 & m1_subset_1(X3,k4_numbers)) | r2_hidden(X2,k1_toprealb(X0,X1)))) & v1_xreal_0(X1)) & v1_xreal_0(X0)) [nnf transformation 209]
379. ? [X0] : (? [X1] : (? [X2] : ((! [X3] : (k2_rcomp_1(k2_xcmplx_0(X0,X3),k2_xcmplx_0(X1,X3)) != X2 | ~m1_subset_1(X3,k4_numbers)) | ~r2_hidden(X2,k1_toprealb(X0,X1))) & (? [X4] : (k2_rcomp_1(k2_xcmplx_0(X0,X4),k2_xcmplx_0(X1,X4)) = X2 & m1_subset_1(X4,k4_numbers)) | r2_hidden(X2,k1_toprealb(X0,X1)))) & v1_xreal_0(X1)) & v1_xreal_0(X0)) [rectify 378]
380. ? [X0] : (? [X1] : (? [X2] : ((! [X3] : (k2_rcomp_1(k2_xcmplx_0(X0,X3),k2_xcmplx_0(X1,X3)) != X2 | ~m1_subset_1(X3,k4_numbers)) | ~r2_hidden(X2,k1_toprealb(X0,X1))) & (? [X4] : (k2_rcomp_1(k2_xcmplx_0(X0,X4),k2_xcmplx_0(X1,X4)) = X2 & m1_subset_1(X4,k4_numbers)) | r2_hidden(X2,k1_toprealb(X0,X1)))) & v1_xreal_0(X1)) & v1_xreal_0(X0)) => (? [X1] : (? [X2] : ((! [X3] : (k2_rcomp_1(k2_xcmplx_0(sK0,X3),k2_xcmplx_0(X1,X3)) != X2 | ~m1_subset_1(X3,k4_numbers)) | ~r2_hidden(X2,k1_toprealb(sK0,X1))) & (? [X4] : (k2_rcomp_1(k2_xcmplx_0(sK0,X4),k2_xcmplx_0(X1,X4)) = X2 & m1_subset_1(X4,k4_numbers)) | r2_hidden(X2,k1_toprealb(sK0,X1)))) & v1_xreal_0(X1)) & v1_xreal_0(sK0)) [choice axiom]
381. ? [X1] : (? [X2] : ((! [X3] : (k2_rcomp_1(k2_xcmplx_0(sK0,X3),k2_xcmplx_0(X1,X3)) != X2 | ~m1_subset_1(X3,k4_numbers)) | ~r2_hidden(X2,k1_toprealb(sK0,X1))) & (? [X4] : (k2_rcomp_1(k2_xcmplx_0(sK0,X4),k2_xcmplx_0(X1,X4)) = X2 & m1_subset_1(X4,k4_numbers)) | r2_hidden(X2,k1_toprealb(sK0,X1)))) & v1_xreal_0(X1)) => (? [X2] : ((! [X3] : (k2_rcomp_1(k2_xcmplx_0(sK0,X3),k2_xcmplx_0(sK1,X3)) != X2 | ~m1_subset_1(X3,k4_numbers)) | ~r2_hidden(X2,k1_toprealb(sK0,sK1))) & (? [X4] : (k2_rcomp_1(k2_xcmplx_0(sK0,X4),k2_xcmplx_0(sK1,X4)) = X2 & m1_subset_1(X4,k4_numbers)) | r2_hidden(X2,k1_toprealb(sK0,sK1)))) & v1_xreal_0(sK1)) [choice axiom]
382. ? [X2] : ((! [X3] : (k2_rcomp_1(k2_xcmplx_0(sK0,X3),k2_xcmplx_0(sK1,X3)) != X2 | ~m1_subset_1(X3,k4_numbers)) | ~r2_hidden(X2,k1_toprealb(sK0,sK1))) & (? [X4] : (k2_rcomp_1(k2_xcmplx_0(sK0,X4),k2_xcmplx_0(sK1,X4)) = X2 & m1_subset_1(X4,k4_numbers)) | r2_hidden(X2,k1_toprealb(sK0,sK1)))) => ((! [X3] : (k2_rcomp_1(k2_xcmplx_0(sK0,X3),k2_xcmplx_0(sK1,X3)) != sK2 | ~m1_subset_1(X3,k4_numbers)) | ~r2_hidden(sK2,k1_toprealb(sK0,sK1))) & (? [X4] : (k2_rcomp_1(k2_xcmplx_0(sK0,X4),k2_xcmplx_0(sK1,X4)) = sK2 & m1_subset_1(X4,k4_numbers)) | r2_hidden(sK2,k1_toprealb(sK0,sK1)))) [choice axiom]
383. ? [X4] : (k2_rcomp_1(k2_xcmplx_0(sK0,X4),k2_xcmplx_0(sK1,X4)) = sK2 & m1_subset_1(X4,k4_numbers)) => (sK2 = k2_rcomp_1(k2_xcmplx_0(sK0,sK3),k2_xcmplx_0(sK1,sK3)) & m1_subset_1(sK3,k4_numbers)) [choice axiom]
384. (((! [X3] : (k2_rcomp_1(k2_xcmplx_0(sK0,X3),k2_xcmplx_0(sK1,X3)) != sK2 | ~m1_subset_1(X3,k4_numbers)) | ~r2_hidden(sK2,k1_toprealb(sK0,sK1))) & ((sK2 = k2_rcomp_1(k2_xcmplx_0(sK0,sK3),k2_xcmplx_0(sK1,sK3)) & m1_subset_1(sK3,k4_numbers)) | r2_hidden(sK2,k1_toprealb(sK0,sK1)))) & v1_xreal_0(sK1)) & v1_xreal_0(sK0) [skolemisation 379,383,382,381,380]
401. ! [X0,X1,X2] : (((r2_hidden(X0,a_2_0_toprealb(X1,X2)) | ! [X3] : (k2_rcomp_1(k2_xcmplx_0(X1,X3),k2_xcmplx_0(X2,X3)) != X0 | ~m1_subset_1(X3,k4_numbers))) & (? [X3] : (k2_rcomp_1(k2_xcmplx_0(X1,X3),k2_xcmplx_0(X2,X3)) = X0 & m1_subset_1(X3,k4_numbers)) | ~r2_hidden(X0,a_2_0_toprealb(X1,X2)))) | ~v1_xreal_0(X2) | ~v1_xreal_0(X1)) [nnf transformation 377]
402. ! [X0,X1,X2] : (((r2_hidden(X0,a_2_0_toprealb(X1,X2)) | ! [X3] : (k2_rcomp_1(k2_xcmplx_0(X1,X3),k2_xcmplx_0(X2,X3)) != X0 | ~m1_subset_1(X3,k4_numbers))) & (? [X4] : (k2_rcomp_1(k2_xcmplx_0(X1,X4),k2_xcmplx_0(X2,X4)) = X0 & m1_subset_1(X4,k4_numbers)) | ~r2_hidden(X0,a_2_0_toprealb(X1,X2)))) | ~v1_xreal_0(X2) | ~v1_xreal_0(X1)) [rectify 401]
403. ! [X2,X1,X0] : (? [X4] : (k2_rcomp_1(k2_xcmplx_0(X1,X4),k2_xcmplx_0(X2,X4)) = X0 & m1_subset_1(X4,k4_numbers)) => (k2_rcomp_1(k2_xcmplx_0(X1,sK12(X0,X1,X2)),k2_xcmplx_0(X2,sK12(X0,X1,X2))) = X0 & m1_subset_1(sK12(X0,X1,X2),k4_numbers))) [choice axiom]
404. ! [X0,X1,X2] : (((r2_hidden(X0,a_2_0_toprealb(X1,X2)) | ! [X3] : (k2_rcomp_1(k2_xcmplx_0(X1,X3),k2_xcmplx_0(X2,X3)) != X0 | ~m1_subset_1(X3,k4_numbers))) & ((k2_rcomp_1(k2_xcmplx_0(X1,sK12(X0,X1,X2)),k2_xcmplx_0(X2,sK12(X0,X1,X2))) = X0 & m1_subset_1(sK12(X0,X1,X2),k4_numbers)) | ~r2_hidden(X0,a_2_0_toprealb(X1,X2)))) | ~v1_xreal_0(X2) | ~v1_xreal_0(X1)) [skolemisation 402,403]
471. v1_xreal_0(sK0) [cnf transformation 384] {a:0,w:2,wCS:200,goal:1,sine:0,thAx:0,allAx:5,thDist:-5}
472. v1_xreal_0(sK1) [cnf transformation 384] {a:0,w:2,wCS:200,goal:1,sine:0,thAx:0,allAx:5,thDist:-5}
473. m1_subset_1(sK3,k4_numbers) | r2_hidden(sK2,k1_toprealb(sK0,sK1)) [cnf transformation 384] {a:0,w:8,wCS:800,goal:1,sine:0,thAx:0,allAx:5,thDist:-5}
474. sK2 = k2_rcomp_1(k2_xcmplx_0(sK0,sK3),k2_xcmplx_0(sK1,sK3)) | r2_hidden(sK2,k1_toprealb(sK0,sK1)) [cnf transformation 384] {a:0,w:14,wCS:1400,goal:1,sine:0,thAx:0,allAx:5,thDist:-5}
475. k2_rcomp_1(k2_xcmplx_0(sK0,X3),k2_xcmplx_0(sK1,X3)) != sK2 | ~m1_subset_1(X3,k4_numbers) | ~r2_hidden(sK2,k1_toprealb(sK0,sK1)) [cnf transformation 384] {a:0,w:17,wCS:1700,goal:1,sine:0,thAx:0,allAx:5,thDist:-5}
532. k1_toprealb(X0,X1) = a_2_0_toprealb(X0,X1) | ~v1_xreal_0(X1) | ~v1_xreal_0(X0) [cnf transformation 249] {a:0,w:11,wCS:4400,nSel:1,sine:1,thAx:0,allAx:1,thDist:-1}
650. m1_subset_1(sK12(X0,X1,X2),k4_numbers) | ~r2_hidden(X0,a_2_0_toprealb(X1,X2)) | ~v1_xreal_0(X2) | ~v1_xreal_0(X1) [cnf transformation 404] {a:0,w:15,wCS:6000,nSel:1,sine:2,thAx:0,allAx:2,thDist:-2}
651. k2_rcomp_1(k2_xcmplx_0(X1,sK12(X0,X1,X2)),k2_xcmplx_0(X2,sK12(X0,X1,X2))) = X0 | ~r2_hidden(X0,a_2_0_toprealb(X1,X2)) | ~v1_xreal_0(X2) | ~v1_xreal_0(X1) [cnf transformation 404] {a:0,w:24,wCS:9600,nSel:1,sine:2,thAx:0,allAx:2,thDist:-2}
652. r2_hidden(X0,a_2_0_toprealb(X1,X2)) | k2_rcomp_1(k2_xcmplx_0(X1,X3),k2_xcmplx_0(X2,X3)) != X0 | ~m1_subset_1(X3,k4_numbers) | ~v1_xreal_0(X2) | ~v1_xreal_0(X1) [cnf transformation 404] {a:0,w:21,wCS:8400,sine:2,thAx:0,allAx:2,thDist:-2}
741. r2_hidden(k2_rcomp_1(k2_xcmplx_0(X1,X3),k2_xcmplx_0(X2,X3)),a_2_0_toprealb(X1,X2)) | ~m1_subset_1(X3,k4_numbers) | ~v1_xreal_0(X2) | ~v1_xreal_0(X1) [equality resolution 652] {a:0,w:18,wCS:7200,nSel:1,sine:2,thAx:0,allAx:2,thDist:-2}
743. 1 <=> r2_hidden(sK2,k1_toprealb(sK0,sK1)) [avatar definition]
744. r2_hidden(sK2,k1_toprealb(sK0,sK1)) <- (1) [avatar component clause 743] {a:0,w:5,wCS:500,nSel:1,goal:1,sine:255,thAx:0,allAx:5,thDist:-5}
745. ~r2_hidden(sK2,k1_toprealb(sK0,sK1)) <- (~1) [avatar component clause 743] {a:0,w:5,wCS:500,nSel:1,goal:1,sine:255,thAx:0,allAx:5,thDist:-5}
747. 2 <=> ! [X3] : (k2_rcomp_1(k2_xcmplx_0(sK0,X3),k2_xcmplx_0(sK1,X3)) != sK2 | ~m1_subset_1(X3,k4_numbers)) [avatar definition]
748. k2_rcomp_1(k2_xcmplx_0(sK0,X3),k2_xcmplx_0(sK1,X3)) != sK2 | ~m1_subset_1(X3,k4_numbers) <- (2) [avatar component clause 747] {a:0,w:12,wCS:1200,nSel:1,goal:1,sine:255,thAx:0,allAx:5,thDist:-5}
749. ~1 | 2 [avatar split clause 475,747,743]
751. 3 <=> sK2 = k2_rcomp_1(k2_xcmplx_0(sK0,sK3),k2_xcmplx_0(sK1,sK3)) [avatar definition]
753. sK2 = k2_rcomp_1(k2_xcmplx_0(sK0,sK3),k2_xcmplx_0(sK1,sK3)) <- (3) [avatar component clause 751] {a:0,w:9,wCS:900,nSel:1,goal:1,sine:255,thAx:0,allAx:5,thDist:-5}
754. 1 | 3 [avatar split clause 474,751,743]
756. 4 <=> m1_subset_1(sK3,k4_numbers) [avatar definition]
758. m1_subset_1(sK3,k4_numbers) <- (4) [avatar component clause 756] {a:0,w:3,wCS:300,nSel:1,goal:1,sine:255,thAx:0,allAx:5,thDist:-5}
759. 1 | 4 [avatar split clause 473,756,743]
761. 5 <=> v1_xreal_0(sK1) [avatar definition]
763. v1_xreal_0(sK1) <- (5) [avatar component clause 761] {a:0,w:2,wCS:200,nSel:1,goal:1,sine:255,thAx:0,allAx:5,thDist:-5}
764. 5 [avatar split clause 472,761]
766. 6 <=> v1_xreal_0(sK0) [avatar definition]
768. v1_xreal_0(sK0) <- (6) [avatar component clause 766] {a:0,w:2,wCS:200,nSel:1,goal:1,sine:255,thAx:0,allAx:5,thDist:-5}
769. 6 [avatar split clause 471,766]
3515. 399 <=> r2_hidden(sK2,a_2_0_toprealb(sK0,sK1)) [avatar definition]
3516. ~r2_hidden(sK2,a_2_0_toprealb(sK0,sK1)) <- (~399) [avatar component clause 3515] {a:1,w:5,wCS:500,nSel:1,goal:1,sine:255,thAx:0,allAx:7,thDist:-7}
3517. r2_hidden(sK2,a_2_0_toprealb(sK0,sK1)) <- (399) [avatar component clause 3515] {a:1,w:5,wCS:500,nSel:1,goal:1,sine:255,thAx:0,allAx:7,thDist:-7}
3535. sK2 != X0 | ~m1_subset_1(sK12(X0,sK0,sK1),k4_numbers) | ~r2_hidden(X0,a_2_0_toprealb(sK0,sK1)) | ~v1_xreal_0(sK1) | ~v1_xreal_0(sK0) <- (2) [superposition 748,651] {a:1,w:18,wCS:1800,goal:1,sine:2,thAx:0,allAx:7,thDist:-7}
3539. sK2 != X0 | ~m1_subset_1(sK12(X0,sK0,sK1),k4_numbers) | ~r2_hidden(X0,a_2_0_toprealb(sK0,sK1)) | ~v1_xreal_0(sK0) <- (2, 5) [subsumption resolution 3535,763] {a:1,w:16,wCS:1600,goal:1,sine:2,thAx:0,allAx:7,thDist:-7}
3540. sK2 != X0 | ~m1_subset_1(sK12(X0,sK0,sK1),k4_numbers) | ~r2_hidden(X0,a_2_0_toprealb(sK0,sK1)) <- (2, 5, 6) [subsumption resolution 3539,768] {a:1,w:14,wCS:1400,nSel:1,goal:1,sine:2,thAx:0,allAx:7,thDist:-7}
3978. ~m1_subset_1(sK12(sK2,sK0,sK1),k4_numbers) | ~r2_hidden(sK2,a_2_0_toprealb(sK0,sK1)) <- (2, 5, 6) [equality resolution 3540] {a:2,w:11,wCS:1100,goal:1,sine:2,thAx:0,allAx:7,thDist:-7}
3980. 470 <=> m1_subset_1(sK12(sK2,sK0,sK1),k4_numbers) [avatar definition]
3982. ~m1_subset_1(sK12(sK2,sK0,sK1),k4_numbers) <- (~470) [avatar component clause 3980] {a:2,w:6,wCS:600,nSel:1,goal:1,sine:255,thAx:0,allAx:7,thDist:-7}
3983. ~399 | ~470 | ~2 | ~5 | ~6 [avatar split clause 3978,766,761,747,3980,3515]
3984. ~r2_hidden(sK2,k1_toprealb(sK0,sK1)) | ~v1_xreal_0(sK1) | ~v1_xreal_0(sK0) <- (~399) [superposition 3516,532] {a:2,w:9,wCS:900,goal:1,sine:1,thAx:0,allAx:8,thDist:-8}
3985. ~v1_xreal_0(sK1) | ~v1_xreal_0(sK0) <- (1, ~399) [subsumption resolution 3984,744] {a:2,w:4,wCS:400,goal:1,sine:1,thAx:0,allAx:8,thDist:-8}
3986. ~v1_xreal_0(sK0) <- (1, 5, ~399) [subsumption resolution 3985,763] {a:2,w:2,wCS:200,goal:1,sine:1,thAx:0,allAx:8,thDist:-8}
3987. $false <- (1, 5, 6, ~399) [subsumption resolution 3986,768] {a:2,w:0,goal:1,sine:1,thAx:0,allAx:8,thDist:-8}
3988. ~1 | ~5 | ~6 | 399 [avatar contradiction clause 3987]
3989. ~r2_hidden(sK2,a_2_0_toprealb(sK0,sK1)) | ~v1_xreal_0(sK1) | ~v1_xreal_0(sK0) <- (~470) [resolution 3982,650] {a:3,w:9,wCS:900,goal:1,sine:2,thAx:0,allAx:9,thDist:-9}
3990. ~r2_hidden(sK2,a_2_0_toprealb(sK0,sK1)) | ~v1_xreal_0(sK0) <- (5, ~470) [subsumption resolution 3989,763] {a:3,w:7,wCS:700,goal:1,sine:2,thAx:0,allAx:9,thDist:-9}
3991. ~r2_hidden(sK2,a_2_0_toprealb(sK0,sK1)) <- (5, 6, ~470) [subsumption resolution 3990,768] {a:3,w:5,wCS:500,goal:1,sine:2,thAx:0,allAx:9,thDist:-9}
3992. ~399 | ~5 | ~6 | 470 [avatar split clause 3991,3980,766,761,3515]
4042. r2_hidden(sK2,a_2_0_toprealb(sK0,sK1)) | ~m1_subset_1(sK3,k4_numbers) | ~v1_xreal_0(sK1) | ~v1_xreal_0(sK0) <- (3) [superposition 741,753] {a:1,w:12,wCS:1200,goal:1,sine:2,thAx:0,allAx:7,thDist:-7}
4044. r2_hidden(sK2,a_2_0_toprealb(sK0,sK1)) | ~v1_xreal_0(sK1) | ~v1_xreal_0(sK0) <- (3, 4) [subsumption resolution 4042,758] {a:1,w:9,wCS:900,goal:1,sine:2,thAx:0,allAx:7,thDist:-7}
4045. r2_hidden(sK2,a_2_0_toprealb(sK0,sK1)) | ~v1_xreal_0(sK0) <- (3, 4, 5) [subsumption resolution 4044,763] {a:1,w:7,wCS:700,goal:1,sine:2,thAx:0,allAx:7,thDist:-7}
4046. r2_hidden(sK2,a_2_0_toprealb(sK0,sK1)) <- (3, 4, 5, 6) [subsumption resolution 4045,768] {a:1,w:5,wCS:500,goal:1,sine:2,thAx:0,allAx:7,thDist:-7}
4047. 399 | ~3 | ~4 | ~5 | ~6 [avatar split clause 4046,766,761,756,751,3515]
4051. r2_hidden(sK2,k1_toprealb(sK0,sK1)) | ~v1_xreal_0(sK1) | ~v1_xreal_0(sK0) <- (399) [superposition 3517,532] {a:2,w:9,wCS:900,goal:1,sine:1,thAx:0,allAx:8,thDist:-8}
4067. ~v1_xreal_0(sK1) | ~v1_xreal_0(sK0) <- (~1, 399) [subsumption resolution 4051,745] {a:2,w:4,wCS:400,goal:1,sine:1,thAx:0,allAx:8,thDist:-8}
4068. ~v1_xreal_0(sK0) <- (~1, 5, 399) [subsumption resolution 4067,763] {a:2,w:2,wCS:200,goal:1,sine:1,thAx:0,allAx:8,thDist:-8}
4069. $false <- (~1, 5, 6, 399) [subsumption resolution 4068,768] {a:2,w:0,goal:1,sine:1,thAx:0,allAx:8,thDist:-8}
4070. 1 | ~5 | ~6 | ~399 [avatar contradiction clause 4069]
4071. $false [avatar sat refutation 749,754,759,764,769,3983,3988,3992,4047,4070] {a:0,w:0,goal:1,sine:0,thAx:0,allAx:2717,thDist:-2717}
% SZS output end Proof for toprealb__t3_toprealb
% ------------------------------
% Version: Vampire 4.5.1 (commit 226f88162 on 2021-09-12 20:13:44 +0200)
% Termination reason: Refutation

% >>> Input
% Input formulas: 179
% >>> Preprocessing
% Introduced skolems: 46
% Pure predicates: 9
% Unused predicate definitions: 1
% 
% >>> Saturation
% Initial clauses: 270
% Generated clauses: 1589
% Active clauses: 393
% Passive clauses: 765
% Final active clauses: 359
% Final passive clauses: 352
% Main loop iterations started: 406
% 
% >>> Simplifying Inferences
% Duplicate literals: 42
% Trivial inequalities: 1
% Fw subsumption resolutions: 126
% Fw demodulations: 1
% Bw demodulations: 1
% 
% >>> Deletion Inferences
% Simple tautologies: 57
% Forward subsumptions: 163
% 
% >>> Generating Inferences
% Binary resolution: 724
% Unit resulting resolution: 5
% Forward superposition: 54
% Backward superposition: 34
% Self superposition: 2
% Equality resolution: 1
% 
% >>> AVATAR
% Split clauses: 159
% Split components: 377
% Sat splitting refutations: 12
% 
% >>> SAT Solver Statistics
% SAT solver clauses: 454
% SAT solver unit clauses: 112
% SAT solver binary clauses: 172
% 
% Memory used [KB]: 12025
% Time elapsed: 0.022 s
% ------------------------------
% ------------------------------
% Time measurement results:
% parsing: 0.001 s
% preprocessing: 0.001 s
% sat proof minimization: 0.001 s
% splitting model update: 0.001 s
% congruence closure: 0.003 s
% forward subsumption: 0.002 s
% forward subsumption resolution: 0.002 s
% backward subsumption: 0.001 s
% unit resulting resolution: 0.003 s
% superposition: 0.001 s
% passive container maintenance: 0.001 s
% other: 0.022 s ( own 0.005 s ) 

