i: [1,326,0,2,1,1,0,0] t75_flang_3
a: [3,501,0,2,1,326]
s: 501
i: [1,325,0,5,1,1,0,0] t75_flang_3
a: [3,506,0,5,1,325]
s: 506
i: [1,328,0,2,1,0,0,1] spc1_boole
a: [3,511,0,2,1,328]
s: 511
i: [1,329,0,2,1,0,0,255] fc1_xboole_0
a: [3,516,0,2,1,329]
s: 516
i: [1,337,0,2,1,0,0,255] fc6_ordinal1
a: [3,551,0,2,1,337]
s: 551
i: [1,336,0,2,1,0,0,255] fc6_ordinal1
a: [3,556,0,2,1,336]
s: 556
i: [1,338,0,2,1,0,0,1] spc1_numerals
a: [3,576,0,2,1,338]
s: 576
i: [1,456,0,2,1,0,0,2] rc2_xboole_0
a: [3,588,0,2,1,456]
s: 588
i: [1,457,0,2,1,0,0,2] rc1_xreal_0
a: [3,593,0,2,1,457]
s: 593
i: [1,458,0,2,1,0,0,1] rc4_ordinal1
a: [3,598,0,2,1,458]
s: 598
i: [1,459,0,2,1,0,0,3] rc1_ordinal1
a: [3,603,0,2,1,459]
s: 603
i: [1,460,0,2,1,0,0,3] rc1_xxreal_0
a: [3,608,0,2,1,460]
s: 608
i: [1,461,0,2,1,0,0,2] rc1_xboole_0
a: [3,613,0,2,1,461]
s: 613
i: [1,465,0,2,1,0,0,255] rc2_ordinal1
a: [3,618,0,2,1,465]
s: 618
i: [1,464,0,2,1,0,0,255] rc2_ordinal1
a: [3,623,0,2,1,464]
s: 623
i: [1,463,0,2,1,0,0,255] rc2_ordinal1
a: [3,628,0,2,1,463]
s: 628
i: [1,462,0,2,1,0,0,255] rc2_ordinal1
a: [3,633,0,2,1,462]
s: 633
i: [1,467,0,2,1,0,0,1] rc5_ordinal1
a: [3,638,0,2,1,467]
s: 638
i: [1,466,0,2,1,0,0,1] rc5_ordinal1
a: [3,643,0,2,1,466]
s: 643
i: [1,471,0,2,1,0,0,255] rc3_xreal_0
a: [3,648,0,2,1,471]
s: 648
i: [1,470,0,2,1,0,0,255] rc3_xreal_0
a: [3,653,0,2,1,470]
s: 653
i: [1,469,0,2,1,0,0,255] rc3_xreal_0
a: [3,658,0,2,1,469]
s: 658
i: [1,468,0,2,1,0,0,255] rc3_xreal_0
a: [3,663,0,2,1,468]
s: 663
i: [1,475,0,2,1,0,0,255] rc2_xreal_0
a: [3,668,0,2,1,475]
s: 668
i: [1,474,0,2,1,0,0,255] rc2_xreal_0
a: [3,673,0,2,1,474]
s: 673
i: [1,473,0,2,1,0,0,255] rc2_xreal_0
a: [3,678,0,2,1,473]
s: 678
i: [1,472,0,2,1,0,0,255] rc2_xreal_0
a: [3,683,0,2,1,472]
s: 683
i: [1,477,0,2,1,0,0,3] rc3_xxreal_0
a: [3,688,0,2,1,477]
s: 688
i: [1,476,0,2,1,0,0,3] rc3_xxreal_0
a: [3,693,0,2,1,476]
s: 693
i: [1,479,0,2,1,0,0,3] rc2_xxreal_0
a: [3,698,0,2,1,479]
s: 698
i: [1,478,0,2,1,0,0,3] rc2_xxreal_0
a: [3,703,0,2,1,478]
s: 703
i: [1,483,0,2,1,0,0,255] rc4_xreal_0
a: [3,708,0,2,1,483]
s: 708
i: [1,482,0,2,1,0,0,255] rc4_xreal_0
a: [3,713,0,2,1,482]
s: 713
i: [1,481,0,2,1,0,0,255] rc4_xreal_0
a: [3,718,0,2,1,481]
s: 718
i: [1,480,0,2,1,0,0,255] rc4_xreal_0
a: [3,723,0,2,1,480]
s: 723
i: [1,485,0,2,1,0,0,3] rc4_xxreal_0
a: [3,728,0,2,1,485]
s: 728
i: [1,484,0,2,1,0,0,3] rc4_xxreal_0
a: [3,733,0,2,1,484]
s: 733
i: [1,488,0,2,1,0,0,2] rc2_nat_1
a: [3,738,0,2,1,488]
s: 738
i: [1,487,0,2,1,0,0,2] rc2_nat_1
a: [3,743,0,2,1,487]
s: 743
i: [1,342,0,3,1,0,0,1] fc20_afinsq_1
s: 342
i: [1,343,0,3,1,0,0,1] fc1_subset_1
s: 343
i: [1,417,0,3,1,0,0,1] rc2_subset_1
s: 417
i: [1,420,0,3,1,0,0,255] reflexivity_r1_tarski
s: 420
i: [1,330,0,3,1,0,0,255] redefinition_k6_numbers
a: [3,521,0,3,1,330]
s: 521
r: 516
d: [2,750,0,2,1,2,23,516,521]
a: [3,754,0,2,1,750]
s: 754
i: [1,331,0,3,1,0,0,255] redefinition_k5_numbers
a: [3,526,0,3,1,331]
s: 526
r: 556
r: 551
d: [2,756,0,2,1,2,23,556,526]
a: [3,761,0,2,1,756]
s: 761
d: [2,757,0,2,1,2,23,551,526]
a: [3,766,0,2,1,757]
s: 766
i: [1,332,0,3,1,0,0,1] rqLessOrEqual__r1_xxreal_0__r1_r1
a: [3,531,0,3,1,332]
s: 531
i: [1,333,0,3,1,0,0,255] t1_numerals
a: [3,536,0,3,1,333]
s: 536
i: [1,341,0,3,1,0,0,1] spc1_numerals
a: [3,561,0,3,1,341]
s: 561
i: [1,340,0,3,1,0,0,1] spc1_numerals
a: [3,566,0,3,1,340]
s: 566
d: [2,768,0,3,1,2,22,536,526]
d: [2,769,0,3,1,3,22,768,521]
a: [3,773,0,3,1,769]
s: 773
i: [1,327,0,16,1,1,0,0] t75_flang_3
a: [3,496,0,16,1,327]
s: 496
i: [1,344,0,4,1,0,0,255] dt_k3_catalan2
s: 344
i: [1,354,0,4,2,0,0,255] cc3_xreal_0
s: 354
d: [2,775,1,2,1,1,40,354,593]
a: [3,782,1,2,1,775]
s: 782
i: [1,355,0,4,2,0,0,3] cc4_xreal_0
s: 355
d: [2,784,1,2,1,1,40,355,593]
a: [3,791,1,2,1,784]
s: 791
i: [1,364,0,4,2,0,0,1] cc2_xreal_0
s: 364
i: [1,365,0,4,2,0,0,3] cc6_ordinal1
s: 365
d: [2,793,1,2,1,1,40,364,501]
a: [3,799,1,2,1,793]
s: 799
i: [1,366,0,4,2,0,0,3] cc2_xxreal_0
s: 366
d: [2,811,1,2,1,1,40,365,501]
a: [3,817,1,2,1,811]
s: 817
i: [1,368,0,4,2,0,0,1] cc3_nat_1
s: 368
i: [1,369,0,4,2,0,0,3] cc1_nat_1
s: 369
d: [2,829,2,2,1,1,40,799,355]
a: [3,834,2,2,1,829]
s: 834
i: [1,372,0,4,2,0,0,255] cc1_ordinal1
s: 372
d: [2,830,2,2,1,1,40,799,354]
a: [3,839,2,2,1,830]
s: 839
i: [1,373,0,4,2,0,0,255] cc1_ordinal1
s: 373
i: [1,375,0,4,2,0,0,255] cc9_ordinal1
s: 375
d: [2,868,2,2,1,1,40,372,817]
a: [3,880,2,2,1,868]
s: 880
i: [1,376,0,4,2,0,0,1] cc7_ordinal1
s: 376
d: [2,893,2,2,1,1,40,373,817]
a: [3,905,2,2,1,893]
s: 905
i: [1,377,0,4,2,0,0,3] cc3_ordinal1
s: 377
i: [1,414,0,4,1,0,0,255] existence_m1_catalan2
s: 414
d: [2,794,1,2,1,1,40,364,598]
a: [3,804,1,2,1,794]
s: 804
i: [1,415,0,4,1,0,0,1] existence_m1_subset_1
s: 415
d: [2,795,1,2,1,1,40,364,638]
a: [3,809,1,2,1,795]
s: 809
i: [1,419,0,4,1,0,0,255] rc3_subset_1
s: 419
i: [1,334,0,4,1,0,0,2] dt_k5_numbers
a: [3,541,0,4,1,334]
s: 541
d: [2,812,1,2,1,1,40,365,598]
a: [3,822,1,2,1,812]
s: 822
i: [1,335,0,4,1,0,0,255] dt_k6_numbers
a: [3,546,0,4,1,335]
s: 546
d: [2,813,1,2,1,1,40,365,638]
a: [3,827,1,2,1,813]
s: 827
i: [1,339,0,4,1,0,0,1] spc1_numerals
a: [3,571,0,4,1,339]
s: 571
i: [1,486,0,4,1,0,0,2] rc2_nat_1
a: [3,748,0,4,1,486]
s: 748
d: [2,842,1,2,1,1,40,366,598]
a: [3,848,1,2,1,842]
s: 848
i: [1,345,0,5,1,0,0,2] redefinition_k3_catalan2
s: 345
r: 344
d: [2,843,1,2,1,1,40,366,638]
a: [3,853,1,2,1,843]
s: 853
d: [2,1032,0,4,1,0,23,344,345]
s: 1032
i: [1,349,0,5,2,0,0,1] rc1_subset_1
s: 349
d: [2,855,1,2,1,1,40,368,653]
a: [3,860,1,2,1,855]
s: 860
i: [1,371,0,5,2,0,0,255] fc3_ordinal1
s: 371
d: [2,856,1,2,1,1,40,368,688]
a: [3,865,1,2,1,856]
s: 865
i: [1,378,0,5,2,0,0,255] t6_boole
s: 378
i: [1,381,0,5,2,0,0,255] cc8_ordinal1
s: 381
d: [2,867,1,2,1,1,40,372,766]
a: [3,875,1,2,1,867]
s: 875
i: [1,382,0,5,2,0,0,2] cc2_nat_1
s: 382
d: [2,869,1,2,1,1,40,372,603]
a: [3,885,1,2,1,869]
s: 885
i: [1,383,0,5,2,0,0,2] cc1_xreal_0
s: 383
i: [1,400,0,5,2,0,0,255] dt_m1_catalan2
s: 400
d: [2,871,1,2,1,1,40,372,738]
a: [3,890,1,2,1,871]
s: 890
i: [1,409,0,5,2,0,0,255] t7_boole
s: 409
d: [2,892,1,2,1,1,40,373,766]
a: [3,900,1,2,1,892]
s: 900
i: [1,416,0,5,1,0,0,1] rc2_subset_1
s: 416
i: [1,418,0,5,1,0,0,255] rc3_subset_1
s: 418
d: [2,894,1,2,1,1,40,373,603]
a: [3,910,1,2,1,894]
s: 910
i: [1,434,0,7,3,0,0,2] reflexivity_r1_xxreal_0
a: [3,583,0,5,2,434]
s: 583
d: [2,896,1,2,1,1,40,373,738]
a: [3,915,1,2,1,896]
s: 915
d: [2,1035,0,5,2,1,22,378,521]
s: 1035
d: [2,1036,0,5,2,1,22,381,526]
s: 1036
d: [2,917,1,2,1,1,40,375,754]
a: [3,925,1,2,1,917]
s: 925
i: [1,351,0,6,2,0,0,255] rc4_subset_1
s: 351
d: [2,919,1,2,1,1,40,375,613]
a: [3,930,1,2,1,919]
s: 930
i: [1,388,0,6,3,0,0,255] cc2_ordinal1
s: 388
i: [1,391,0,6,3,0,0,3] cc5_xxreal_0
s: 391
d: [2,1093,3,4,2,1,40,391,834]
a: [3,1107,3,2,1,1093]
s: 1107
i: [1,393,0,6,3,0,0,3] cc5_xxreal_0
s: 393
d: [2,920,1,2,1,1,40,375,723]
a: [3,935,1,2,1,920]
s: 935
i: [1,394,0,6,3,0,0,3] cc3_xxreal_0
s: 394
i: [1,396,0,6,3,0,0,3] cc3_xxreal_0
s: 396
d: [2,921,1,2,1,1,40,375,733]
a: [3,940,1,2,1,921]
s: 940
i: [1,398,0,6,3,0,0,3] cc7_xxreal_0
s: 398
d: [2,942,1,2,1,1,40,376,754]
a: [3,950,1,2,1,942]
s: 950
i: [1,399,0,6,3,0,0,3] cc7_xxreal_0
s: 399
i: [1,401,0,6,2,0,0,255] t1_subset
s: 401
d: [2,944,1,2,1,1,40,376,613]
a: [3,955,1,2,1,944]
s: 955
i: [1,421,0,6,2,0,0,255] antisymmetry_r2_hidden
s: 421
d: [2,945,1,2,1,1,40,376,723]
a: [3,960,1,2,1,945]
s: 960
i: [1,348,0,7,2,0,0,1] rc1_subset_1
s: 348
i: [1,350,0,7,2,0,0,255] rc4_subset_1
s: 350
d: [2,946,1,2,1,1,40,376,733]
a: [3,965,1,2,1,946]
s: 965
i: [1,353,0,7,2,0,0,255] t1_arithm
s: 353
d: [2,967,1,2,1,1,40,377,754]
a: [3,975,1,2,1,967]
s: 975
i: [1,374,0,7,3,0,0,3] cc5_ordinal1
s: 374
i: [1,407,0,7,2,0,0,255] t3_subset
s: 407
d: [2,1261,1,6,2,1,40,374,506]
a: [3,1282,1,4,1,1261]
s: 1282
i: [1,408,0,7,3,0,0,1] t8_boole
s: 408
d: [2,969,1,2,1,1,40,377,613]
a: [3,980,1,2,1,969]
s: 980
i: [1,410,0,7,2,0,0,255] t2_tarski
s: 410
i: [1,352,0,8,3,0,0,255] cc10_ordinal1
s: 352
d: [2,1306,1,5,2,1,40,352,506]
a: [3,1325,1,3,1,1306]
s: 1325
i: [1,379,0,8,3,0,0,1] cc1_subset_1
s: 379
d: [2,970,1,2,1,1,40,377,723]
a: [3,985,1,2,1,970]
s: 985
i: [1,385,0,8,4,0,0,3] cc4_xxreal_0
s: 385
i: [1,387,0,8,4,0,0,3] cc6_xxreal_0
s: 387
a: [3,1110,3,2,1,1093]
s: 1110
d: [2,1407,4,0,0,2,52,501,1110,368]
e: 1407
d: [2,1408,4,2,1,1,40,1110,368]
d: [2,1410,4,0,0,2,21,1408,501]
e: 1410
r: 1107
r: 1110
i: [1,389,0,8,4,0,0,3] cc8_xxreal_0
s: 389
a: [3,1106,3,2,1,1093]
s: 1106
r: 1106
i: [1,402,0,8,3,0,0,255] t2_subset
s: 402
i: [1,430,0,8,3,0,0,1] fc5_xreal_0
s: 430
s: 1107
i: [1,433,0,8,3,0,0,1] fc1_nat_1
s: 433
a: [3,1111,3,2,1,1093]
s: 1111
i: [1,380,0,9,3,0,0,255] cc4_subset_1
s: 380
i: [1,413,0,9,3,0,0,255] t5_subset
s: 413
d: [2,1365,3,6,3,1,40,385,834]
d: [2,1376,3,4,2,2,21,1365,1107]
a: [3,1380,3,2,1,1376]
s: 1380
i: [1,411,0,10,3,0,0,255] t2_tarski
s: 411
d: [2,1426,1,9,2,1,40,402,506]
d: [2,1457,1,5,1,1,21,1426,343]
a: [3,1461,1,5,1,1457]
s: 1461
i: [1,412,0,10,3,0,0,255] t4_subset
s: 412
i: [1,431,0,10,4,0,0,1] fc3_nat_1
s: 431
d: [2,1519,2,5,1,1,40,1461,421]
a: [3,1525,2,5,1,1519]
s: 1525
i: [1,432,0,10,4,0,0,1] fc4_nat_1
s: 432
d: [2,1529,1,7,2,1,40,412,506]
s: 1529
i: [1,435,0,10,4,0,0,2] connectedness_r1_xxreal_0
s: 435
i: [1,346,0,11,4,0,0,255] cc3_subset_1
s: 346
d: [2,1553,1,9,3,1,40,346,506]
d: [2,1562,1,6,2,1,21,1553,342]
a: [3,1570,1,2,1,1562]
s: 1570
i: [1,347,0,11,4,0,0,255] cc2_subset_1
s: 347
d: [2,1539,2,8,3,1,40,1529,374]
a: [3,1544,2,3,1,1539]
s: 1544
i: [1,358,0,11,5,0,0,2] t2_real
s: 358
i: [1,359,0,11,5,0,0,2] t1_real
s: 359
d: [2,1538,2,10,3,1,40,1529,402]
d: [2,1540,2,7,2,1,21,1538,342]
s: 1540
i: [1,360,0,11,5,0,0,2] t8_real
s: 360
d: [2,1588,3,7,2,1,40,1540,421]
s: 1588
i: [1,361,0,11,5,0,0,2] t7_real
s: 361
i: [1,362,0,11,5,0,0,2] t3_real
s: 362
d: [2,1595,4,8,2,1,40,1588,1540]
d: [2,1596,4,4,1,1,18,1595]
a: [3,1600,4,4,1,1596]
s: 1600
i: [1,363,0,11,5,0,0,2] t4_real
s: 363
d: [2,971,1,2,1,1,40,377,733]
a: [3,990,1,2,1,971]
s: 990
i: [1,429,0,11,3,0,0,255] commutativity_k2_xcmplx_0
s: 429
i: [1,422,0,12,2,0,0,1] dt_k2_flang_3
s: 422
d: [2,1037,1,2,1,1,40,382,566]
a: [3,1043,1,2,1,1037]
s: 1043
i: [1,423,0,12,5,0,0,1] fc9_xreal_0
s: 423
d: [2,1038,1,2,1,1,40,382,773]
a: [3,1048,1,2,1,1038]
s: 1048
i: [1,424,0,12,5,0,0,1] fc10_xreal_0
s: 424
i: [1,436,0,12,5,0,0,1] fc13_xreal_0
s: 436
d: [2,1055,1,2,1,1,40,383,561]
a: [3,1060,1,2,1,1055]
s: 1060
i: [1,437,0,12,5,0,0,1] fc14_xreal_0
s: 437
d: [2,1073,1,2,1,2,40,1036,566]
a: [3,1079,1,2,1,1073]
s: 1079
i: [1,438,0,12,5,0,0,1] fc12_xreal_0
s: 438
i: [1,439,0,12,5,0,0,1] fc11_xreal_0
s: 439
d: [2,1096,1,4,2,1,40,391,608]
a: [3,1133,1,2,1,1096]
s: 1133
r: 1133
i: [1,356,0,13,6,0,0,2] t5_real
s: 356
a: [3,1134,1,2,1,1096]
s: 1134
i: [1,357,0,13,6,0,0,2] t6_real
s: 357
i: [1,403,0,13,2,0,0,255] d2_flang_3
s: 403
a: [3,1137,1,2,1,1096]
s: 1137
i: [1,404,0,13,2,0,0,1] t50_flang_3
s: 404
d: [2,1098,1,4,2,1,40,391,658]
d: [2,1140,1,2,1,2,21,1098,653]
a: [3,1144,1,2,1,1140]
s: 1144
i: [1,428,0,14,4,0,0,2] existence_m2_subset_1
s: 428
d: [2,1754,0,12,3,0,21,428,379]
s: 1754
d: [2,1099,1,4,2,1,40,391,678]
a: [3,1149,1,2,1,1099]
s: 1149
i: [1,425,0,15,5,0,0,2] dt_m2_subset_1
s: 425
a: [3,1153,1,2,1,1099]
s: 1153
d: [2,1755,0,13,4,0,21,425,379]
s: 1755
i: [1,426,0,15,5,0,0,2] redefinition_m2_subset_1
s: 426
d: [2,1100,1,4,2,1,40,391,693]
d: [2,1155,1,2,1,2,21,1100,688]
a: [3,1159,1,2,1,1155]
s: 1159
d: [2,1767,0,13,4,0,21,426,379]
s: 1767
d: [2,1101,1,4,2,1,40,391,703]
a: [3,1164,1,2,1,1101]
s: 1164
i: [1,427,0,15,5,0,0,2] redefinition_m2_subset_1
s: 427
d: [2,1772,0,13,4,0,21,427,379]
s: 1772
d: [2,1776,1,10,3,1,40,1772,506]
d: [2,1784,1,8,2,2,21,1776,1570]
s: 1784
i: [1,442,0,15,3,0,0,255] fraenkel_a_2_0_flang_3
s: 442
d: [2,1788,2,14,4,2,40,1784,1755]
d: [2,1789,2,9,3,2,21,1788,506]
d: [2,1790,2,7,2,2,21,1789,1570]
s: 1790
i: [1,447,0,15,3,0,0,2] dt_k7_flang_1
s: 447
i: [1,449,0,15,3,0,0,1] dt_k1_flang_3
s: 449
d: [2,1792,3,10,3,2,40,1790,402]
d: [2,1794,3,7,2,2,21,1792,342]
s: 1794
d: [2,1795,0,15,3,0,22,447,345]
d: [2,1796,0,15,3,0,22,1795,345]
s: 1796
d: [2,1810,4,7,2,2,40,1794,421]
s: 1810
i: [1,441,0,16,3,0,0,255] fraenkel_a_2_0_flang_3
s: 441
i: [1,443,0,16,3,0,0,255] fraenkel_a_2_0_flang_3
s: 443
d: [2,1825,5,8,2,2,40,1810,1794]
d: [2,1827,5,4,1,2,18,1825]
a: [3,1831,5,4,1,1827]
s: 1831
i: [1,405,0,17,3,0,0,255] d1_flang_3
s: 405
a: [3,1168,1,2,1,1101]
s: 1168
i: [1,446,0,17,4,0,0,255] spc6_arithm
s: 446
i: [1,440,0,18,3,0,0,255] fraenkel_a_2_0_flang_3
s: 440
d: [2,1102,1,4,2,1,40,391,713]
d: [2,1170,1,2,1,2,21,1102,723]
a: [3,1174,1,2,1,1170]
s: 1174
i: [1,448,0,18,3,0,0,1] dt_k6_flang_1
s: 448
d: [2,1103,1,4,2,1,40,391,728]
d: [2,1176,1,2,1,2,21,1103,733]
a: [3,1180,1,2,1,1176]
s: 1180
d: [2,1903,0,18,3,0,22,448,345]
d: [2,1904,0,18,3,0,22,1903,345]
d: [2,1905,0,18,3,0,22,1904,345]
s: 1905
i: [1,452,0,19,4,0,0,255] fraenkel_a_3_0_flang_3
s: 452
d: [2,1182,1,4,2,1,40,393,576]
a: [3,1187,1,2,1,1182]
s: 1187
i: [1,451,0,20,4,0,0,255] fraenkel_a_3_0_flang_3
s: 451
d: [2,1257,1,4,2,1,40,374,561]
a: [3,1275,1,2,1,1257]
s: 1275
i: [1,453,0,20,4,0,0,255] fraenkel_a_3_0_flang_3
s: 453
i: [1,444,0,22,3,0,0,255] fraenkel_a_2_0_flang_3
s: 444
d: [2,1305,1,4,2,1,40,352,541]
a: [3,1316,1,2,1,1305]
s: 1316
i: [1,450,0,22,4,0,0,255] fraenkel_a_3_0_flang_3
s: 450
d: [2,1337,1,4,2,1,40,379,541]
d: [2,1345,1,2,1,2,21,1337,761]
a: [3,1349,1,2,1,1345]
s: 1349
i: [1,406,0,26,4,0,0,1] t22_flang_3
s: 406
i: [1,490,0,26,5,0,0,255] fraenkel_a_2_0_flang_3
s: 490
d: [2,1614,1,11,4,0,44,429,353]
d: [2,1629,1,9,3,0,18,1614]
a: [3,1633,1,2,1,1629]
s: 1633
d: [2,1967,0,18,4,0,21,490,1796]
s: 1967
d: [2,1690,1,12,6,0,44,438,353]
d: [2,1694,1,10,5,0,21,1690,354]
a: [3,1698,1,2,1,1694]
s: 1698
i: [1,454,0,27,4,0,0,255] fraenkel_a_3_0_flang_3
s: 454
i: [1,492,0,29,6,0,0,255] fraenkel_a_3_0_flang_3
s: 492
d: [2,993,2,2,1,1,40,804,354]
a: [3,998,2,2,1,993]
s: 998
d: [2,1994,0,21,5,0,21,492,1796]
s: 1994
d: [2,1001,2,2,1,1,40,809,354]
a: [3,1006,2,2,1,1001]
s: 1006
d: [2,918,1,3,1,0,40,375,417]
s: 918
d: [2,943,1,3,1,0,40,376,417]
s: 943
d: [2,1008,2,2,1,1,40,822,373]
a: [3,1013,2,2,1,1008]
s: 1013
d: [2,968,1,3,1,0,40,377,417]
s: 968
d: [2,1009,2,2,1,1,40,822,372]
a: [3,1018,2,2,1,1009]
s: 1018
d: [2,1039,1,3,1,0,40,382,415]
a: [3,1053,1,3,1,1039]
s: 1053
d: [2,1056,1,3,1,0,40,383,415]
a: [3,1065,1,3,1,1056]
s: 1065
d: [2,1020,2,2,1,1,40,827,373]
a: [3,1025,2,2,1,1020]
s: 1025
d: [2,1067,1,3,1,0,40,400,414]
s: 1067
d: [2,1021,2,2,1,1,40,827,372]
a: [3,1030,2,2,1,1021]
s: 1030
d: [2,1075,1,3,1,1,40,1036,415]
a: [3,1085,1,3,1,1075]
s: 1085
d: [2,1422,1,5,2,1,40,402,561]
a: [3,1437,1,3,1,1422]
s: 1437
d: [2,1094,2,4,2,1,40,391,791]
a: [3,1115,2,2,1,1094]
s: 1115
d: [2,1423,1,5,2,1,40,402,566]
d: [2,1439,1,3,1,2,21,1423,761]
a: [3,1443,1,3,1,1439]
s: 1443
a: [3,1120,2,2,1,1094]
s: 1120
d: [2,1425,1,5,2,1,40,402,773]
d: [2,1451,1,3,1,2,21,1425,761]
a: [3,1455,1,3,1,1451]
s: 1455
d: [2,1756,1,9,3,1,40,1755,546]
d: [2,1760,1,5,2,2,21,1756,541]
d: [2,1761,1,3,1,3,21,1760,761]
a: [3,1765,1,3,1,1761]
s: 1765
d: [2,1095,2,4,2,1,40,391,848]
a: [3,1124,2,2,1,1095]
s: 1124
r: 1124
d: [2,1424,1,7,2,1,40,402,541]
d: [2,1445,1,4,1,1,21,1424,343]
a: [3,1449,1,4,1,1445]
s: 1449
a: [3,1125,2,2,1,1095]
s: 1125
d: [2,1432,1,7,2,1,40,402,748]
d: [2,1467,1,4,1,1,21,1432,343]
a: [3,1471,1,4,1,1467]
s: 1471
d: [2,1033,1,5,2,0,40,371,373]
s: 1033
a: [3,1128,2,2,1,1095]
s: 1128
d: [2,2124,3,0,0,2,52,598,1128,368]
e: 2124
d: [2,2125,3,2,1,1,40,1128,368]
d: [2,2127,3,0,0,2,21,2125,598]
e: 2127
r: 1128
d: [2,1034,1,5,2,0,40,371,372]
s: 1034
a: [3,1129,2,2,1,1095]
s: 1129
d: [2,1071,1,5,2,2,44,773,1035]
s: 1071
d: [2,1264,1,5,2,0,40,374,415]
s: 1264
d: [2,1201,2,2,1,1,40,950,366]
a: [3,1208,2,2,1,1201]
s: 1208
d: [2,1310,1,5,2,0,40,352,416]
s: 1310
d: [2,1203,2,2,1,1,40,950,364]
a: [3,1214,2,2,1,1203]
s: 1214
d: [2,2141,3,0,0,2,52,1633,1214,354]
e: 2141
d: [2,2143,3,2,1,1,40,1214,354]
d: [2,2146,3,0,0,2,21,2143,1633]
e: 2146
r: 1633
a: [3,1632,1,2,1,1629]
s: 1632
d: [2,1311,1,5,2,0,40,352,418]
s: 1311
d: [2,1216,2,2,1,1,40,955,366]
a: [3,1222,2,2,1,1216]
s: 1222
d: [2,1343,1,5,2,0,40,379,418]
s: 1343
d: [2,1218,2,2,1,1,40,955,364]
a: [3,1228,2,2,1,1218]
s: 1228
d: [2,1430,1,8,2,0,40,402,416]
d: [2,1465,1,5,1,0,21,1430,343]
s: 1465
d: [2,1431,1,8,2,0,40,402,418]
d: [2,1466,1,5,1,0,21,1431,343]
s: 1466
d: [2,1236,2,2,1,1,40,965,364]
a: [3,1241,2,2,1,1236]
s: 1241
d: [2,1558,1,9,3,0,40,346,418]
d: [2,1573,1,5,2,0,21,1558,419]
s: 1573
d: [2,1244,2,2,1,1,40,975,373]
a: [3,1250,2,2,1,1244]
s: 1250
d: [2,1070,1,6,2,2,44,546,1035]
s: 1070
d: [2,1265,1,6,2,0,40,374,416]
s: 1265
d: [2,1245,2,2,1,1,40,975,372]
a: [3,1255,2,2,1,1245]
s: 1255
d: [2,1266,1,6,2,0,40,374,418]
s: 1266
d: [2,1289,2,2,1,1,40,980,373]
a: [3,1294,2,2,1,1289]
s: 1294
d: [2,1309,1,6,2,0,40,352,415]
s: 1309
d: [2,1341,1,6,2,0,40,379,415]
s: 1341
d: [2,1290,2,2,1,1,40,980,372]
a: [3,1299,2,2,1,1290]
s: 1299
d: [2,1429,1,6,2,0,40,402,415]
s: 1429
d: [2,1353,2,2,1,1,40,985,373]
a: [3,1358,2,2,1,1353]
s: 1358
d: [2,1486,1,6,2,0,40,380,416]
s: 1486
d: [2,1505,1,6,2,0,40,413,416]
s: 1505
d: [2,1354,2,2,1,1,40,985,372]
a: [3,1363,2,2,1,1354]
s: 1363
d: [2,1506,1,6,2,0,40,413,418]
s: 1506
d: [2,1367,2,6,3,1,40,385,848]
a: [3,1390,2,2,1,1367]
s: 1390
d: [2,1528,1,6,2,1,40,412,541]
s: 1528
d: [2,1500,1,5,2,1,40,413,541]
a: [3,1510,1,3,1,1500]
s: 1510
r: 1528
d: [2,2226,2,0,0,2,40,1510,1455]
e: 2226
d: [2,2225,2,0,0,2,40,1510,1443]
e: 2225
d: [2,2221,2,0,0,2,52,1443,1510]
e: 2221
d: [2,2222,2,0,0,3,52,566,761,1510,402]
e: 2222
d: [2,2223,2,0,0,2,52,1443,1510,410]
e: 2223
d: [2,2224,2,0,0,2,52,761,1510,1429]
e: 2224
d: [2,2228,2,2,1,1,40,1510,1429]
d: [2,2235,2,0,0,2,21,2228,761]
e: 2235
r: 1510
d: [2,1369,2,6,3,1,40,385,853]
d: [2,1397,2,4,2,2,21,1369,643]
a: [3,1401,2,2,1,1397]
s: 1401
s: 1528
a: [3,1404,2,2,1,1397]
s: 1404
d: [2,1535,1,6,2,1,40,412,748]
s: 1535
d: [2,1507,1,5,2,1,40,413,748]
a: [3,1514,1,3,1,1507]
s: 1514
r: 1535
d: [2,2261,2,0,0,2,52,415,743,1514,402]
e: 2261
d: [2,2262,2,0,0,2,52,743,1514,1429]
e: 2262
d: [2,2264,2,2,1,1,40,1514,1429]
d: [2,2267,2,0,0,2,21,2264,743]
e: 2267
r: 1514
d: [2,1602,2,2,1,1,40,990,373]
a: [3,1607,2,2,1,1602]
s: 1607
s: 1535
d: [2,1603,2,2,1,1,40,990,372]
a: [3,1612,2,2,1,1603]
s: 1612
d: [2,1557,1,9,3,0,40,346,416]
d: [2,1572,1,6,2,0,21,1557,417]
s: 1572
a: [3,1701,1,6,3,1694]
s: 1701
d: [2,2276,3,0,0,4,52,1698,1048,1214,1701]
e: 2276
d: [2,2279,3,4,2,2,40,1701,1214]
d: [2,2291,3,2,1,3,21,2279,1048]
d: [2,2292,3,0,0,4,21,2291,1698]
e: 2292
r: 1698
r: 1701
s: 1698
d: [2,1069,1,7,3,1,44,1035,1035]
s: 1069
d: [2,1669,2,2,1,1,40,1060,354]
a: [3,1674,2,2,1,1669]
s: 1674
d: [2,1301,1,7,2,0,40,410,421]
s: 1301
d: [2,1302,1,7,2,0,40,410,401]
s: 1302
d: [2,1715,2,2,1,1,40,1133,376]
a: [3,1724,2,2,1,1715]
s: 1724
d: [2,1304,1,7,3,0,40,352,407]
s: 1304
d: [2,1920,2,2,1,1,40,1275,373]
a: [3,1925,2,2,1,1920]
s: 1925
d: [2,1307,1,7,3,0,40,352,348]
s: 1307
d: [2,1308,1,7,3,0,40,352,350]
s: 1308
d: [2,1921,2,2,1,1,40,1275,372]
a: [3,1930,2,2,1,1921]
s: 1930
d: [2,1336,1,7,3,0,40,379,407]
s: 1336
d: [2,2051,3,2,1,1,40,1115,377]
a: [3,2057,3,2,1,2051]
s: 2057
d: [2,1421,1,10,3,0,40,402,407]
d: [2,1433,1,7,2,0,21,1421,343]
s: 1433
d: [2,1427,1,10,3,0,40,402,348]
d: [2,1463,1,7,2,0,21,1427,343]
s: 1463
d: [2,2052,3,2,1,1,40,1115,376]
a: [3,2062,3,2,1,2052]
s: 2062
d: [2,1428,1,10,3,0,40,402,350]
d: [2,1464,1,7,2,0,21,1428,343]
s: 1464
d: [2,2053,3,2,1,1,40,1115,375]
a: [3,2067,3,2,1,2053]
s: 2067
d: [2,1485,1,7,2,0,40,380,415]
s: 1485
d: [2,1504,1,7,2,0,40,413,415]
s: 1504
d: [2,2151,3,4,2,1,40,1222,391]
d: [2,2152,3,2,1,2,21,2151,613]
a: [3,2156,3,2,1,2152]
s: 2156
d: [2,1533,1,7,2,0,40,412,416]
s: 1533
d: [2,2162,3,2,1,1,40,1228,354]
a: [3,2166,3,2,1,2162]
s: 2166
d: [2,1534,1,7,2,0,40,412,418]
s: 1534
a: [3,1636,1,7,2,1629]
s: 1636
d: [2,2175,3,2,1,1,40,1241,354]
a: [3,2179,3,2,1,2175]
s: 2179
d: [2,1775,1,9,3,1,40,1772,541]
d: [2,1783,1,7,2,2,21,1775,761]
s: 1783
d: [2,2373,4,8,2,1,40,1433,1588]
s: 2373
d: [2,1782,1,9,3,1,40,1772,748]
d: [2,1786,1,7,2,2,21,1782,743]
s: 1786
d: [2,1262,1,8,3,0,40,374,348]
s: 1262
d: [2,2357,4,2,1,1,40,2057,373]
a: [3,2362,4,2,1,2357]
s: 2362
d: [2,1263,1,8,3,0,40,374,350]
s: 1263
d: [2,2358,4,2,1,1,40,2057,372]
a: [3,2367,4,2,1,2358]
s: 2367
d: [2,1288,1,8,3,0,40,407,374]
s: 1288
d: [2,1473,1,8,3,0,40,430,355]
s: 1473
d: [2,2372,5,8,2,2,40,1433,1810]
s: 2372
d: [2,1474,1,8,3,0,40,430,354]
s: 1474
d: [2,2430,6,5,1,2,40,2372,420]
a: [3,2434,6,5,1,2430]
s: 2434
d: [2,1476,1,8,3,0,40,433,366]
s: 1476
d: [2,1477,1,8,3,0,40,433,365]
s: 1477
d: [2,2006,2,3,1,0,40,943,366]
s: 2006
d: [2,1478,1,8,3,0,40,433,364]
s: 1478
d: [2,2007,2,3,1,0,40,943,365]
s: 2007
d: [2,1480,1,8,3,0,40,380,407]
s: 1480
d: [2,1499,1,8,3,0,40,413,407]
s: 1499
d: [2,2008,2,3,1,0,40,943,364]
s: 2008
d: [2,1532,1,8,2,0,40,412,415]
s: 1532
d: [2,2010,2,3,1,0,40,968,373]
s: 2010
d: [2,1734,1,18,9,0,40,356,360]
d: [2,1736,1,14,7,0,18,1734]
a: [3,1741,1,8,4,1736]
s: 1741
r: 1698
r: 1741
a: [3,1697,1,2,1,1694]
s: 1697
d: [2,2496,3,0,0,3,52,1208,754,1697,394]
e: 2496
d: [2,2497,2,4,2,1,40,1697,394]
d: [2,2501,2,2,1,2,21,2497,754]
d: [2,2502,2,0,0,3,21,2501,1208]
e: 2502
r: 1697
s: 1698
s: 1741
d: [2,1366,2,6,3,1,40,385,791]
a: [3,1385,2,2,1,1366]
s: 1385
d: [2,2521,3,0,0,3,52,791,1115,1385,394]
e: 2521
d: [2,2522,3,4,2,1,40,1385,394]
d: [2,2525,3,2,1,2,21,2522,1115]
d: [2,2526,3,0,0,3,21,2525,791]
e: 2526
r: 1385
d: [2,1243,1,9,3,1,44,353,1035]
s: 1243
d: [2,1527,1,9,3,0,40,412,407]
s: 1527
d: [2,2288,2,4,2,2,40,1701,708]
d: [2,2295,2,2,1,3,21,2288,1174]
a: [3,2306,2,2,1,2295]
s: 2306
d: [2,2568,3,0,0,3,52,713,723,2306,394]
e: 2568
d: [2,2569,3,4,2,1,40,2306,394]
d: [2,2572,3,2,1,2,21,2569,723]
d: [2,2573,3,0,0,3,21,2572,713]
e: 2573
r: 2306
d: [2,1530,1,9,3,0,40,412,348]
s: 1530
a: [3,2305,2,2,1,2295]
s: 2305
d: [2,1531,1,9,3,0,40,412,350]
s: 1531
d: [2,1972,1,14,4,0,40,1967,409]
a: [3,1978,1,9,2,1972]
s: 1978
d: [2,2585,2,4,1,2,40,1978,506]
a: [3,2597,2,4,1,2585]
s: 2597
d: [2,1551,1,10,4,0,40,346,407]
s: 1551
d: [2,2289,3,4,2,2,40,1701,1241]
d: [2,2296,3,2,1,3,21,2289,1180]
a: [3,2301,3,2,1,2296]
s: 2301
d: [2,2602,4,0,0,3,52,728,733,2301,394]
e: 2602
d: [2,2603,4,4,2,1,40,2301,394]
d: [2,2606,4,2,1,2,21,2603,733]
d: [2,2607,4,0,0,3,21,2606,728]
e: 2607
r: 2301
d: [2,1556,1,11,3,0,40,346,415]
s: 1556
d: [2,1576,1,15,7,0,40,358,435]
d: [2,1579,1,13,6,0,21,1576,355]
d: [2,1580,1,11,5,0,21,1579,355]
s: 1580
a: [3,2300,3,2,1,2296]
s: 2300
d: [2,1583,1,15,7,0,40,359,435]
d: [2,1586,1,13,6,0,21,1583,355]
d: [2,1587,1,11,5,0,21,1586,355]
s: 1587
d: [2,2284,3,4,2,2,40,1701,1228]
a: [3,2311,3,2,1,2284]
s: 2311
d: [2,2635,4,0,0,3,52,1222,613,2311,394]
e: 2635
d: [2,2636,4,4,2,1,40,2311,394]
d: [2,2639,4,2,1,2,21,2636,613]
d: [2,2640,4,0,0,3,21,2639,1222]
e: 2640
r: 2311
d: [2,1758,1,17,5,0,40,1755,1754]
d: [2,1759,1,11,3,0,18,1758]
s: 1759
d: [2,1770,1,17,5,0,40,1767,1754]
d: [2,1771,1,11,3,0,18,1770]
s: 1771
a: [3,2310,3,2,1,2284]
s: 2310
d: [2,1777,1,14,4,0,40,1772,348]
d: [2,1785,1,11,3,0,21,1777,349]
s: 1785
d: [2,2011,2,3,1,0,40,968,372]
s: 2011
d: [2,1518,1,12,3,0,40,411,410]
s: 1518
d: [2,1646,1,12,3,0,40,422,352]
s: 1646
d: [2,2685,3,15,3,1,40,1518,1540]
a: [3,2701,3,6,1,2685]
s: 2701
d: [2,1647,1,16,3,0,40,422,402]
d: [2,1650,1,12,2,0,21,1647,343]
s: 1650
d: [2,2684,4,15,3,2,40,1518,1794]
a: [3,2690,4,6,1,2684]
s: 2690
d: [2,1659,1,12,5,0,40,436,368]
s: 1659
d: [2,1661,1,16,7,0,44,436,429]
d: [2,1664,1,14,6,0,21,1661,354]
d: [2,1665,1,12,5,0,21,1664,354]
s: 1665
d: [2,2012,2,3,1,1,40,1065,355]
a: [3,2017,2,3,1,2012]
s: 2017
d: [2,1662,1,16,7,0,44,436,429]
d: [2,1666,1,14,6,0,21,1662,354]
d: [2,1667,1,12,5,0,21,1666,354]
s: 1667
d: [2,2013,2,3,1,1,40,1065,354]
a: [3,2022,2,3,1,2013]
s: 2022
d: [2,1677,1,12,5,0,40,437,368]
s: 1677
d: [2,1691,1,16,7,0,44,438,429]
d: [2,1703,1,14,6,0,21,1691,354]
d: [2,1704,1,12,5,0,21,1703,354]
s: 1704
d: [2,2025,2,3,1,1,40,1085,366]
a: [3,2031,2,3,1,2025]
s: 2031
d: [2,1692,1,16,7,0,44,438,429]
d: [2,1705,1,14,6,0,21,1692,354]
d: [2,1706,1,12,5,0,21,1705,354]
s: 1706
d: [2,2026,2,3,1,1,40,1085,365]
a: [3,2036,2,3,1,2026]
s: 2036
d: [2,1773,1,12,4,0,40,1772,407]
s: 1773
d: [2,1781,1,12,3,0,40,1772,418]
s: 1781
d: [2,2027,2,3,1,1,40,1085,364]
a: [3,2041,2,3,1,2027]
s: 2041
d: [2,1648,1,13,3,0,40,422,374]
s: 1648
d: [2,2043,2,3,1,1,40,1437,421]
a: [3,2049,2,3,1,2043]
s: 2049
d: [2,1751,1,13,3,0,44,371,403]
s: 1751
d: [2,1846,1,17,5,0,44,446,353]
d: [2,1873,1,15,4,0,18,1846]
a: [3,1876,1,13,3,1873]
s: 1876
d: [2,2823,2,8,2,1,40,1751,506]
a: [3,2841,2,4,1,2823]
s: 2841
d: [2,1642,1,14,3,0,40,422,412]
s: 1642
d: [2,2069,2,3,1,1,40,1443,421]
a: [3,2075,2,3,1,2069]
s: 2075
d: [2,1778,1,14,4,0,40,1772,350]
s: 1778
d: [2,1641,1,18,4,0,40,422,346]
d: [2,1649,1,15,3,0,21,1641,342]
s: 1649
d: [2,2077,2,3,1,1,40,1455,421]
a: [3,2084,2,3,1,2077]
s: 2084
d: [2,1779,1,15,3,0,40,1772,415]
s: 1779
d: [2,2087,2,5,2,1,40,1765,402]
d: [2,2091,2,3,1,2,21,2087,1349]
a: [3,2095,2,3,1,2091]
s: 2095
d: [2,1798,1,15,4,0,40,449,352]
s: 1798
d: [2,1804,1,19,4,0,40,449,402]
d: [2,1809,1,15,3,0,21,1804,343]
s: 1809
d: [2,2281,2,6,2,2,40,1701,1065]
a: [3,2317,2,3,1,2281]
s: 2317
d: [2,1815,1,15,4,0,40,1796,352]
s: 1815
a: [3,2320,2,3,1,2281]
s: 2320
d: [2,1821,1,19,4,0,40,1796,402]
d: [2,1824,1,15,3,0,21,1821,343]
s: 1824
d: [2,1899,1,25,5,0,44,440,441]
d: [2,1900,1,15,3,0,18,1899]
s: 1900
d: [2,2333,2,6,2,0,40,1302,383]
a: [3,2339,2,3,1,2333]
s: 2339
r: 2339
d: [2,1688,1,16,6,0,40,438,394]
s: 1688
a: [3,2338,2,3,1,2333]
s: 2338
d: [2,3010,1,12,5,0,21,1688,1473]
s: 3010
d: [2,1689,1,16,6,0,40,438,393]
s: 1689
a: [3,2342,2,3,1,2333]
s: 2342
d: [2,3039,3,0,0,2,40,2342,2095]
e: 3039
d: [2,3038,3,0,0,2,40,2342,1437]
e: 3038
d: [2,3034,3,0,0,2,52,1437,2342]
e: 3034
d: [2,3035,3,0,0,3,52,561,1349,2342,402]
e: 3035
d: [2,3036,3,0,0,2,52,1437,2342,410]
e: 3036
d: [2,3037,3,0,0,2,52,1349,2342,1429]
e: 3037
d: [2,3041,3,2,1,1,40,2342,1429]
d: [2,3048,3,0,0,2,21,3041,1349]
e: 3048
r: 2338
r: 2342
d: [2,3033,1,12,5,0,21,1689,1473]
s: 3033
s: 2339
d: [2,1708,1,16,6,0,40,439,394]
s: 1708
d: [2,3078,1,12,5,0,21,1708,1473]
s: 3078
d: [2,2334,2,6,2,1,40,1302,1036]
a: [3,2347,2,3,1,2334]
s: 2347
d: [2,1709,1,16,6,0,40,439,393]
s: 1709
d: [2,2335,2,6,2,0,40,1302,382]
a: [3,2352,2,3,1,2335]
s: 2352
d: [2,3112,1,12,5,0,21,1709,1473]
s: 3112
d: [2,1805,1,16,4,0,40,449,374]
s: 1805
d: [2,2478,2,9,3,2,40,1741,1065]
a: [3,2490,2,3,1,2478]
s: 2490
d: [2,1822,1,16,4,0,40,1796,374]
s: 1822
d: [2,2457,3,6,2,0,40,2006,391]
d: [2,2458,3,3,1,0,21,2457,417]
s: 2458
d: [2,1858,1,18,6,0,44,430,446]
d: [2,1885,1,16,5,0,21,1858,354]
s: 1885
d: [2,1801,1,17,4,0,40,449,412]
s: 1801
d: [2,2469,3,3,1,0,40,2008,354]
s: 2469
d: [2,1818,1,17,4,0,40,1796,412]
s: 1818
d: [2,2755,3,9,3,1,40,2031,385]
d: [2,2757,3,6,2,2,21,2755,1053]
a: [3,2761,3,3,1,2757]
s: 2761
d: [2,1845,1,17,4,0,44,371,405]
s: 1845
d: [2,1848,1,21,6,0,44,446,429]
d: [2,1871,1,17,4,0,18,1848]
s: 1871
d: [2,2767,3,3,1,1,40,2036,373]
a: [3,2772,3,3,1,2767]
s: 2772
d: [2,1847,1,21,6,0,44,446,429]
d: [2,1872,1,17,4,0,18,1847]
s: 1872
d: [2,2768,3,3,1,1,40,2036,372]
a: [3,2777,3,3,1,2768]
s: 2777
d: [2,1850,1,19,5,0,44,446,353]
a: [3,1880,1,17,4,1850]
s: 1880
d: [2,1998,1,17,5,0,40,1994,409]
s: 1998
d: [2,2791,3,3,1,1,40,2041,354]
a: [3,2797,3,3,1,2791]
s: 2797
d: [2,1791,1,18,3,0,40,442,410]
s: 1791
d: [2,2912,3,3,1,1,40,2095,421]
a: [3,2919,3,3,1,2912]
s: 2919
d: [2,1835,1,18,4,1,44,443,1035]
s: 1835
d: [2,1861,1,18,6,0,44,433,446]
s: 1861
d: [2,2984,3,9,3,2,40,2339,1741]
a: [3,2998,3,3,1,2984]
s: 2998
d: [2,1891,1,18,4,0,40,440,352]
s: 1891
d: [2,2985,3,3,1,1,40,2339,355]
a: [3,3003,3,3,1,2985]
s: 3003
d: [2,1897,1,22,4,0,40,440,402]
d: [2,1902,1,18,3,0,21,1897,343]
s: 1902
d: [2,1907,1,18,4,0,40,1905,352]
s: 1907
a: [3,2993,3,3,1,2984]
s: 2993
d: [2,1913,1,22,4,0,40,1905,402]
d: [2,1916,1,18,3,0,21,1913,343]
s: 1916
d: [2,2986,3,3,1,1,40,2339,354]
a: [3,3008,3,3,1,2986]
s: 3008
d: [2,1954,1,31,7,0,44,450,451]
d: [2,1955,1,18,4,0,18,1954]
s: 1955
d: [2,1970,1,18,4,0,40,1967,421]
s: 1970
d: [2,3094,3,3,1,1,40,2347,366]
a: [3,3100,3,3,1,3094]
s: 3100
d: [2,1971,1,18,4,0,40,1967,401]
s: 1971
d: [2,3095,3,3,1,1,40,2347,365]
a: [3,3105,3,3,1,3095]
s: 3105
d: [2,1969,1,23,5,0,40,1967,442]
d: [2,1975,1,18,4,0,18,1969]
s: 1975
d: [2,1973,1,34,6,0,44,1967,444]
d: [2,1974,1,29,5,0,18,1973]
d: [2,1983,1,24,4,0,21,1974,442]
d: [2,1984,1,18,3,0,21,1983,443]
s: 1984
d: [2,3096,3,3,1,1,40,2347,364]
a: [3,3110,3,3,1,3096]
s: 3110
d: [2,1797,1,22,5,0,40,449,346]
d: [2,1808,1,19,4,0,21,1797,342]
s: 1808
d: [2,3218,4,3,1,1,40,2761,375]
a: [3,3222,4,3,1,3218]
s: 3222
d: [2,1814,1,22,5,0,40,1796,346]
d: [2,1823,1,19,4,0,21,1814,342]
s: 1823
d: [2,1898,1,19,4,0,40,440,374]
s: 1898
d: [2,3433,4,3,1,1,40,2998,368]
a: [3,3437,4,3,1,3433]
s: 3437
d: [2,1914,1,19,4,0,40,1905,374]
s: 1914
d: [2,3489,4,9,3,1,40,3100,385]
d: [2,3491,4,6,2,2,21,3489,2352]
a: [3,3495,4,3,1,3491]
s: 3495
d: [2,1960,1,35,6,0,44,1905,406]
d: [2,1965,1,27,5,0,21,1960,449]
d: [2,1966,1,19,4,0,21,1965,1796]
s: 1966
d: [2,1833,1,24,6,0,40,443,360]
d: [2,1836,1,22,5,1,21,1833,1048]
a: [3,1839,1,20,4,1836]
s: 1839
d: [2,3510,4,3,1,1,40,3105,373]
a: [3,3515,4,3,1,3510]
s: 3515
d: [2,1859,1,20,7,0,44,431,446]
s: 1859
d: [2,3511,4,3,1,1,40,3105,372]
a: [3,3520,4,3,1,3511]
s: 3520
d: [2,1894,1,20,4,0,40,440,412]
s: 1894
d: [2,1910,1,20,4,0,40,1905,412]
s: 1910
d: [2,3545,4,3,1,1,40,3110,354]
a: [3,3551,4,3,1,3545]
s: 3551
d: [2,1774,1,21,4,0,40,1772,422]
s: 1774
d: [2,3589,5,3,1,1,40,3495,375]
a: [3,3593,5,3,1,3589]
s: 3593
d: [2,1834,1,23,5,0,40,443,435]
a: [3,1843,1,21,4,1834]
s: 1843
d: [2,1857,1,23,6,0,44,429,446]
d: [2,1866,1,21,5,0,18,1857]
s: 1866
d: [2,1654,2,4,2,2,44,1048,1035]
s: 1654
r: 391
d: [2,1856,1,23,6,0,44,429,446]
d: [2,1867,1,21,5,0,18,1856]
s: 1867
d: [2,2105,2,4,1,1,40,1449,421]
a: [3,2111,2,4,1,2105]
s: 2111
d: [2,1852,1,23,6,0,44,446,429]
d: [2,1868,1,21,5,0,18,1852]
s: 1868
d: [2,1851,1,23,6,0,44,446,429]
d: [2,1869,1,21,5,0,18,1851]
s: 1869
d: [2,2113,2,4,1,1,40,1471,421]
a: [3,2119,2,4,1,2113]
s: 2119
d: [2,1996,1,21,5,0,40,1994,421]
s: 1996
d: [2,2132,2,4,2,2,40,1071,382]
s: 2132
d: [2,1997,1,21,5,0,40,1994,401]
s: 1997
d: [2,1995,1,28,7,0,40,1994,452]
d: [2,2003,1,21,5,0,18,1995]
s: 2003
d: [2,2149,2,4,2,2,44,1632,1035]
s: 2149
d: [2,1860,1,22,7,0,44,432,446]
s: 1860
d: [2,2208,2,7,2,1,40,1528,410]
a: [3,2213,2,4,1,2208]
s: 2213
d: [2,1854,1,24,8,0,44,423,446]
d: [2,1883,1,22,7,0,21,1854,354]
s: 1883
d: [2,1855,1,24,8,0,44,424,446]
d: [2,1884,1,22,7,0,21,1855,354]
s: 1884
r: 1107
r: 1115
r: 1120
r: 1282
r: 1316
r: 1401
r: 1404
r: 2372
r: 1810
r: 1794
r: 1790
r: 1784
r: 1570
r: 1978
r: 2057
r: 2317
r: 2320
r: 2367
r: 2434
r: 2597
r: 2690
r: 2761
r: 2841
r: 2993
r: 2998
r: 3222
r: 3437
r: 2062
a: [3,1286,1,2,1,1261]
s: 1286
a: [3,1569,1,2,1,1562]
s: 1569
a: [3,1329,1,2,1,1306]
s: 1329
s: 1282
a: [3,1566,1,4,1,1562]
s: 1566
d: [2,4143,2,2,1,1,40,1286,373]
a: [3,4148,2,2,1,4143]
s: 4148
a: [3,1320,1,2,1,1305]
s: 1320
d: [2,4144,2,2,1,1,40,1286,372]
a: [3,4153,2,2,1,4144]
s: 4153
d: [2,1312,1,4,2,1,40,352,748]
a: [3,1334,1,2,1,1312]
s: 1334
a: [3,1981,1,5,2,1972]
s: 1981
r: 1967
r: 1970
r: 1971
r: 1975
d: [2,4157,2,2,1,1,40,1569,376]
a: [3,4167,2,2,1,4157]
s: 4167
d: [2,1862,1,24,8,0,44,436,446]
d: [2,1886,1,22,7,0,21,1862,354]
s: 1886
s: 1107
d: [2,1863,1,24,8,0,44,437,446]
d: [2,1887,1,22,7,0,21,1863,354]
s: 1887
d: [2,1864,1,24,8,0,44,438,446]
d: [2,1888,1,22,7,0,21,1864,354]
s: 1888
d: [2,4155,3,2,1,3,40,1569,2149]
a: [3,4162,3,2,1,4155]
s: 4162
d: [2,1865,1,24,8,0,44,439,446]
d: [2,1889,1,22,7,0,21,1865,354]
s: 1889
d: [2,4188,3,2,1,1,40,4167,366]
a: [3,4194,3,2,1,4188]
s: 4194
d: [2,1890,1,25,5,0,40,440,346]
d: [2,1901,1,22,4,0,21,1890,342]
s: 1901
d: [2,1906,1,25,5,0,40,1905,346]
d: [2,1915,1,22,4,0,21,1906,342]
s: 1915
d: [2,4190,3,2,1,1,40,4167,364]
a: [3,4199,3,2,1,4190]
s: 4199
d: [2,1946,1,22,5,0,40,450,352]
s: 1946
d: [2,1415,4,2,1,1,40,1106,375]
a: [3,1419,4,2,1,1415]
s: 1419
d: [2,1952,1,26,5,0,40,450,402]
d: [2,1957,1,22,4,0,21,1952,343]
s: 1957
d: [2,1917,1,23,4,0,40,452,410]
s: 1917
a: [3,2837,2,4,1,2823]
s: 2837
d: [2,1953,1,23,5,0,40,450,374]
s: 1953
d: [2,4446,3,4,1,1,40,2837,373]
a: [3,4451,3,4,1,4446]
s: 4451
d: [2,1958,1,30,5,0,44,406,404]
d: [2,1962,1,25,4,0,18,1958]
d: [2,1963,1,23,3,1,21,1962,1079]
s: 1963
d: [2,1949,1,24,5,0,40,450,412]
s: 1949
d: [2,4447,3,4,1,1,40,2837,372]
a: [3,4456,3,4,1,4447]
s: 4456
d: [2,1935,1,29,7,0,40,453,358]
d: [2,1941,1,27,6,0,21,1935,364]
d: [2,1942,1,25,5,0,21,1941,368]
s: 1942
a: [3,1116,2,2,1,1094]
s: 1116
d: [2,1803,1,26,5,0,40,449,1772]
s: 1803
d: [2,1820,1,26,5,0,40,1796,1772]
s: 1820
a: [3,1119,2,2,1,1094]
s: 1119
d: [2,1849,1,29,7,0,44,446,446]
d: [2,1870,1,27,6,0,18,1849]
s: 1870
a: [3,1400,2,2,1,1397]
s: 1400
d: [2,1932,1,31,8,0,40,453,357]
d: [2,1936,1,29,7,0,21,1932,364]
d: [2,1937,1,27,6,0,21,1936,368]
s: 1937
d: [2,1934,1,29,7,0,40,453,359]
d: [2,1940,1,27,6,0,21,1934,364]
s: 1940
a: [3,1405,2,2,1,1397]
s: 1405
d: [2,4669,3,0,0,2,52,638,1405,368]
e: 4669
d: [2,4671,3,2,1,1,40,1405,368]
d: [2,4673,3,0,0,2,21,4671,638]
e: 4673
r: 1400
r: 1405
d: [2,1945,1,30,6,0,40,450,346]
d: [2,1956,1,27,5,0,21,1945,342]
s: 1956
s: 1401
d: [2,1999,1,37,7,0,44,1994,444]
d: [2,2002,1,32,6,0,18,1999]
d: [2,2004,1,27,5,0,21,2002,442]
s: 2004
d: [2,1896,1,29,5,0,40,440,1772]
s: 1896
s: 1404
d: [2,1912,1,29,5,0,40,1905,1772]
s: 1912
a: [3,2056,3,2,1,2051]
s: 2056
d: [2,1986,1,40,7,0,44,1967,454]
d: [2,1991,1,35,6,0,18,1986]
d: [2,1992,1,29,5,0,21,1991,452]
s: 1992
d: [2,1933,1,35,8,0,40,453,356]
d: [2,1938,1,33,7,0,21,1933,364]
d: [2,1939,1,31,6,0,21,1938,368]
s: 1939
a: [3,2061,3,2,1,2052]
s: 2061
d: [2,1959,1,42,6,0,44,406,444]
d: [2,1961,1,37,5,0,18,1959]
d: [2,1964,1,32,4,0,21,1961,442]
s: 1964
a: [3,2366,4,2,1,2358]
s: 2366
d: [2,2000,1,43,8,0,44,1994,454]
d: [2,2001,1,38,7,0,18,2000]
d: [2,2005,1,32,6,0,21,2001,452]
s: 2005
d: [2,1951,1,35,6,0,40,450,1772]
s: 1951
a: [3,2316,2,3,1,2281]
s: 2316
d: [2,1987,1,48,7,0,44,406,454]
d: [2,1990,1,43,6,0,18,1987]
d: [2,1993,1,37,5,0,21,1990,452]
s: 1993
a: [3,2321,2,3,1,2281]
s: 2321
d: [2,4465,2,20,3,2,44,496,1963]
d: [2,4474,2,18,2,3,21,4465,501]
d: [2,4475,2,13,1,4,21,4474,506]
a: [3,4479,2,13,1,4475]
s: 4479
d: [2,4793,3,17,3,1,44,4479,429]
d: [2,4796,3,4,2,1,19,4793]
d: [2,4797,3,2,1,2,21,4796,839]
d: [2,4798,3,0,0,3,21,4797,1674]
e: 4798
d: [2,4794,3,17,3,1,44,4479,429]
d: [2,4795,3,4,2,1,19,4794]
d: [2,4800,3,2,1,2,21,4795,1674]
d: [2,4801,3,0,0,3,21,4800,839]
e: 4801
f: 4801,4475,1669,1073,1055,830,793,340,341,331,325,326,327
% Refutation found. Thanks to Tanya!
% SZS status Theorem for flang_3__t75_flang_3
% SZS output start Proof for flang_3__t75_flang_3
1. ! [X0] : ! [X1] : (m1_subset_1(X1,k1_zfmisc_1(k8_afinsq_1(X0))) => ! [X2] : (v7_ordinal1(X2) => k6_flang_1(X0,k2_flang_3(X0,X1),k7_flang_1(X0,X1,X2)) = k1_flang_3(X0,X1,k2_xcmplx_0(X2,1)))) [input t75_flang_3]
2. ~! [X0] : ! [X1] : (m1_subset_1(X1,k1_zfmisc_1(k8_afinsq_1(X0))) => ! [X2] : (v7_ordinal1(X2) => k6_flang_1(X0,k2_flang_3(X0,X1),k7_flang_1(X0,X1,X2)) = k1_flang_3(X0,X1,k2_xcmplx_0(X2,1)))) [negated conjecture 1]
9. ! [X0] : (m1_subset_1(X0,k1_numbers) => v1_xreal_0(X0)) [input cc1_xreal_0]
13. ! [X0] : (v7_ordinal1(X0) => v1_xreal_0(X0)) [input cc2_xreal_0]
18. ! [X0] : (v1_xreal_0(X0) => v1_xcmplx_0(X0)) [input cc3_xreal_0]
30. ! [X0] : (m1_subset_1(X0,k4_ordinal1) => v7_ordinal1(X0)) [input cc8_ordinal1]
33. ! [X0,X1] : ((v1_xcmplx_0(X1) & v1_xcmplx_0(X0)) => k2_xcmplx_0(X0,X1) = k2_xcmplx_0(X1,X0)) [input commutativity_k2_xcmplx_0]
95. k5_numbers = k4_ordinal1 [input redefinition_k5_numbers]
102. m1_subset_1(1,k1_numbers) & m1_subset_1(1,k5_numbers) & m2_subset_1(1,k1_numbers,k5_numbers) & v2_xxreal_0(1) [input spc1_numerals]
108. ! [X0] : ! [X1] : (m1_subset_1(X1,k1_zfmisc_1(k8_afinsq_1(X0))) => ! [X2] : (v7_ordinal1(X2) => ! [X3] : (v7_ordinal1(X3) => k1_flang_3(X0,X1,k2_xcmplx_0(X2,X3)) = k6_flang_1(X0,k1_flang_3(X0,X1,X2),k7_flang_1(X0,X1,X3))))) [input t22_flang_3]
116. ! [X0] : ! [X1] : (m1_subset_1(X1,k1_zfmisc_1(k8_afinsq_1(X0))) => k2_flang_3(X0,X1) = k1_flang_3(X0,X1,1)) [input t50_flang_3]
125. ~! [X0,X1] : (m1_subset_1(X1,k1_zfmisc_1(k8_afinsq_1(X0))) => ! [X2] : (v7_ordinal1(X2) => k6_flang_1(X0,k2_flang_3(X0,X1),k7_flang_1(X0,X1,X2)) = k1_flang_3(X0,X1,k2_xcmplx_0(X2,1)))) [flattening 2]
131. ! [X0,X1] : (m1_subset_1(X1,k1_zfmisc_1(k8_afinsq_1(X0))) => k2_flang_3(X0,X1) = k1_flang_3(X0,X1,1)) [flattening 116]
133. ! [X0,X1] : (m1_subset_1(X1,k1_zfmisc_1(k8_afinsq_1(X0))) => ! [X2] : (v7_ordinal1(X2) => ! [X3] : (v7_ordinal1(X3) => k1_flang_3(X0,X1,k2_xcmplx_0(X2,X3)) = k6_flang_1(X0,k1_flang_3(X0,X1,X2),k7_flang_1(X0,X1,X3))))) [flattening 108]
147. ? [X0,X1] : (? [X2] : (k6_flang_1(X0,k2_flang_3(X0,X1),k7_flang_1(X0,X1,X2)) != k1_flang_3(X0,X1,k2_xcmplx_0(X2,1)) & v7_ordinal1(X2)) & m1_subset_1(X1,k1_zfmisc_1(k8_afinsq_1(X0)))) [ennf transformation 125]
156. ! [X0] : (v1_xcmplx_0(X0) | ~v1_xreal_0(X0)) [ennf transformation 18]
174. ! [X0] : (v1_xreal_0(X0) | ~v7_ordinal1(X0)) [ennf transformation 13]
188. ! [X0] : (v7_ordinal1(X0) | ~m1_subset_1(X0,k4_ordinal1)) [ennf transformation 30]
190. ! [X0] : (v1_xreal_0(X0) | ~m1_subset_1(X0,k1_numbers)) [ennf transformation 9]
210. ! [X0,X1] : (k2_flang_3(X0,X1) = k1_flang_3(X0,X1,1) | ~m1_subset_1(X1,k1_zfmisc_1(k8_afinsq_1(X0)))) [ennf transformation 131]
212. ! [X0,X1] : (! [X2] : (! [X3] : (k1_flang_3(X0,X1,k2_xcmplx_0(X2,X3)) = k6_flang_1(X0,k1_flang_3(X0,X1,X2),k7_flang_1(X0,X1,X3)) | ~v7_ordinal1(X3)) | ~v7_ordinal1(X2)) | ~m1_subset_1(X1,k1_zfmisc_1(k8_afinsq_1(X0)))) [ennf transformation 133]
232. ! [X0,X1] : (k2_xcmplx_0(X0,X1) = k2_xcmplx_0(X1,X0) | (~v1_xcmplx_0(X1) | ~v1_xcmplx_0(X0))) [ennf transformation 33]
233. ! [X0,X1] : (k2_xcmplx_0(X0,X1) = k2_xcmplx_0(X1,X0) | ~v1_xcmplx_0(X1) | ~v1_xcmplx_0(X0)) [flattening 232]
265. ? [X0,X1] : (? [X2] : (k6_flang_1(X0,k2_flang_3(X0,X1),k7_flang_1(X0,X1,X2)) != k1_flang_3(X0,X1,k2_xcmplx_0(X2,1)) & v7_ordinal1(X2)) & m1_subset_1(X1,k1_zfmisc_1(k8_afinsq_1(X0)))) => (? [X2] : (k6_flang_1(sK0,k2_flang_3(sK0,sK1),k7_flang_1(sK0,sK1,X2)) != k1_flang_3(sK0,sK1,k2_xcmplx_0(X2,1)) & v7_ordinal1(X2)) & m1_subset_1(sK1,k1_zfmisc_1(k8_afinsq_1(sK0)))) [choice axiom]
266. ? [X2] : (k6_flang_1(sK0,k2_flang_3(sK0,sK1),k7_flang_1(sK0,sK1,X2)) != k1_flang_3(sK0,sK1,k2_xcmplx_0(X2,1)) & v7_ordinal1(X2)) => (k6_flang_1(sK0,k2_flang_3(sK0,sK1),k7_flang_1(sK0,sK1,sK2)) != k1_flang_3(sK0,sK1,k2_xcmplx_0(sK2,1)) & v7_ordinal1(sK2)) [choice axiom]
267. (k6_flang_1(sK0,k2_flang_3(sK0,sK1),k7_flang_1(sK0,sK1,sK2)) != k1_flang_3(sK0,sK1,k2_xcmplx_0(sK2,1)) & v7_ordinal1(sK2)) & m1_subset_1(sK1,k1_zfmisc_1(k8_afinsq_1(sK0))) [skolemisation 147,266,265]
325. m1_subset_1(sK1,k1_zfmisc_1(k8_afinsq_1(sK0))) [cnf transformation 267] {a:0,w:5,wCS:500,goal:1,sine:0,thAx:0,allAx:3,thDist:-3}
326. v7_ordinal1(sK2) [cnf transformation 267] {a:0,w:2,wCS:200,goal:1,sine:0,thAx:0,allAx:3,thDist:-3}
327. k6_flang_1(sK0,k2_flang_3(sK0,sK1),k7_flang_1(sK0,sK1,sK2)) != k1_flang_3(sK0,sK1,k2_xcmplx_0(sK2,1)) [cnf transformation 267] {a:0,w:16,wCS:1600,goal:1,sine:0,thAx:0,allAx:3,thDist:-3}
331. k5_numbers = k4_ordinal1 [cnf transformation 95] {a:0,w:3,wCS:1200,sine:255,thAx:0,allAx:1,thDist:-1}
340. m1_subset_1(1,k5_numbers) [cnf transformation 102] {a:0,w:3,wCS:1200,sine:1,thAx:0,allAx:1,thDist:-1}
341. m1_subset_1(1,k1_numbers) [cnf transformation 102] {a:0,w:3,wCS:1200,sine:1,thAx:0,allAx:1,thDist:-1}
354. ~v1_xreal_0(X0) | v1_xcmplx_0(X0) [cnf transformation 156] {a:0,w:4,wCS:1600,nSel:1,sine:255,thAx:0,allAx:1,thDist:-1}
364. ~v7_ordinal1(X0) | v1_xreal_0(X0) [cnf transformation 174] {a:0,w:4,wCS:1600,nSel:1,sine:1,thAx:0,allAx:1,thDist:-1}
381. v7_ordinal1(X0) | ~m1_subset_1(X0,k4_ordinal1) [cnf transformation 188] {a:0,w:5,wCS:2000,sine:255,thAx:0,allAx:1,thDist:-1}
383. ~m1_subset_1(X0,k1_numbers) | v1_xreal_0(X0) [cnf transformation 190] {a:0,w:5,wCS:2000,nSel:1,sine:2,thAx:0,allAx:1,thDist:-1}
404. k2_flang_3(X0,X1) = k1_flang_3(X0,X1,1) | ~m1_subset_1(X1,k1_zfmisc_1(k8_afinsq_1(X0))) [cnf transformation 210] {a:0,w:13,wCS:5200,nSel:1,sine:1,thAx:0,allAx:1,thDist:-1}
406. k1_flang_3(X0,X1,k2_xcmplx_0(X2,X3)) = k6_flang_1(X0,k1_flang_3(X0,X1,X2),k7_flang_1(X0,X1,X3)) | ~v7_ordinal1(X3) | ~v7_ordinal1(X2) | ~m1_subset_1(X1,k1_zfmisc_1(k8_afinsq_1(X0))) [cnf transformation 212] {a:0,w:26,wCS:10400,nSel:1,sine:1,thAx:0,allAx:1,thDist:-1}
429. k2_xcmplx_0(X0,X1) = k2_xcmplx_0(X1,X0) | ~v1_xcmplx_0(X1) | ~v1_xcmplx_0(X0) [cnf transformation 233] {a:0,w:11,wCS:4400,nSel:1,sine:255,thAx:0,allAx:1,thDist:-1}
494. 1 <=> k6_flang_1(sK0,k2_flang_3(sK0,sK1),k7_flang_1(sK0,sK1,sK2)) = k1_flang_3(sK0,sK1,k2_xcmplx_0(sK2,1)) [avatar definition]
496. k6_flang_1(sK0,k2_flang_3(sK0,sK1),k7_flang_1(sK0,sK1,sK2)) != k1_flang_3(sK0,sK1,k2_xcmplx_0(sK2,1)) <- (~1) [avatar component clause 494] {a:0,w:16,wCS:1600,nSel:1,goal:1,sine:255,thAx:0,allAx:3,thDist:-3}
497. ~1 [avatar split clause 327,494]
499. 2 <=> v7_ordinal1(sK2) [avatar definition]
501. v7_ordinal1(sK2) <- (2) [avatar component clause 499] {a:0,w:2,wCS:200,nSel:1,goal:1,sine:255,thAx:0,allAx:3,thDist:-3}
502. 2 [avatar split clause 326,499]
504. 3 <=> m1_subset_1(sK1,k1_zfmisc_1(k8_afinsq_1(sK0))) [avatar definition]
506. m1_subset_1(sK1,k1_zfmisc_1(k8_afinsq_1(sK0))) <- (3) [avatar component clause 504] {a:0,w:5,wCS:500,nSel:1,goal:1,sine:255,thAx:0,allAx:3,thDist:-3}
507. 3 [avatar split clause 325,504]
524. 7 <=> k5_numbers = k4_ordinal1 [avatar definition]
526. k5_numbers = k4_ordinal1 <- (7) [avatar component clause 524] {a:0,w:3,wCS:1200,nSel:1,sine:255,thAx:0,allAx:1,thDist:-1}
527. 7 [avatar split clause 331,524]
559. 14 <=> m1_subset_1(1,k1_numbers) [avatar definition]
561. m1_subset_1(1,k1_numbers) <- (14) [avatar component clause 559] {a:0,w:3,wCS:1200,nSel:1,sine:255,thAx:0,allAx:1,thDist:-1}
562. 14 [avatar split clause 341,559]
564. 15 <=> m1_subset_1(1,k5_numbers) [avatar definition]
566. m1_subset_1(1,k5_numbers) <- (15) [avatar component clause 564] {a:0,w:3,wCS:1200,nSel:1,sine:255,thAx:0,allAx:1,thDist:-1}
567. 15 [avatar split clause 340,564]
793. v1_xreal_0(sK2) <- (2) [resolution 364,501] {a:1,w:2,wCS:200,goal:1,sine:1,thAx:0,allAx:4,thDist:-4}
797. 59 <=> v1_xreal_0(sK2) [avatar definition]
799. v1_xreal_0(sK2) <- (59) [avatar component clause 797] {a:1,w:2,wCS:200,nSel:1,goal:1,sine:255,thAx:0,allAx:4,thDist:-4}
800. 59 | ~2 [avatar split clause 793,499,797]
830. v1_xcmplx_0(sK2) <- (59) [resolution 799,354] {a:2,w:2,wCS:200,goal:1,sine:255,thAx:0,allAx:5,thDist:-5}
837. 66 <=> v1_xcmplx_0(sK2) [avatar definition]
839. v1_xcmplx_0(sK2) <- (66) [avatar component clause 837] {a:2,w:2,wCS:200,nSel:1,goal:1,sine:255,thAx:0,allAx:5,thDist:-5}
840. 66 | ~59 [avatar split clause 830,797,837]
1036. ~m1_subset_1(X0,k5_numbers) | v7_ordinal1(X0) <- (7) [forward demodulation 381,526] {a:0,w:5,wCS:2000,nSel:1,sine:255,thAx:0,allAx:1,thDist:-1}
1055. v1_xreal_0(1) <- (14) [resolution 383,561] {a:1,w:2,wCS:800,sine:2,thAx:0,allAx:2,thDist:-2}
1058. 100 <=> v1_xreal_0(1) [avatar definition]
1060. v1_xreal_0(1) <- (100) [avatar component clause 1058] {a:1,w:2,wCS:800,nSel:1,sine:255,thAx:0,allAx:2,thDist:-2}
1061. 100 | ~14 [avatar split clause 1055,559,1058]
1073. v7_ordinal1(1) <- (7, 15) [resolution 1036,566] {a:1,w:2,wCS:800,sine:255,thAx:0,allAx:2,thDist:-2}
1077. 102 <=> v7_ordinal1(1) [avatar definition]
1079. v7_ordinal1(1) <- (102) [avatar component clause 1077] {a:1,w:2,wCS:800,nSel:1,sine:255,thAx:0,allAx:2,thDist:-2}
1080. 102 | ~7 | ~15 [avatar split clause 1073,564,524,1077]
1669. v1_xcmplx_0(1) <- (100) [resolution 1060,354] {a:2,w:2,wCS:800,sine:255,thAx:0,allAx:3,thDist:-3}
1672. 169 <=> v1_xcmplx_0(1) [avatar definition]
1674. v1_xcmplx_0(1) <- (169) [avatar component clause 1672] {a:2,w:2,wCS:800,nSel:1,sine:255,thAx:0,allAx:3,thDist:-3}
1675. 169 | ~100 [avatar split clause 1669,1058,1672]
1958. k6_flang_1(X0,k2_flang_3(X0,X1),k7_flang_1(X0,X1,X2)) = k1_flang_3(X0,X1,k2_xcmplx_0(1,X2)) | ~v7_ordinal1(X2) | ~v7_ordinal1(1) | ~m1_subset_1(X1,k1_zfmisc_1(k8_afinsq_1(X0))) | ~m1_subset_1(X1,k1_zfmisc_1(k8_afinsq_1(X0))) [superposition 406,404] {a:1,w:30,wCS:12000,sine:1,thAx:0,allAx:2,thDist:-2}
1962. k6_flang_1(X0,k2_flang_3(X0,X1),k7_flang_1(X0,X1,X2)) = k1_flang_3(X0,X1,k2_xcmplx_0(1,X2)) | ~v7_ordinal1(X2) | ~v7_ordinal1(1) | ~m1_subset_1(X1,k1_zfmisc_1(k8_afinsq_1(X0))) [duplicate literal removal 1958] {a:1,w:25,wCS:10000,sine:1,thAx:0,allAx:2,thDist:-2}
1963. k6_flang_1(X0,k2_flang_3(X0,X1),k7_flang_1(X0,X1,X2)) = k1_flang_3(X0,X1,k2_xcmplx_0(1,X2)) | ~v7_ordinal1(X2) | ~m1_subset_1(X1,k1_zfmisc_1(k8_afinsq_1(X0))) <- (102) [subsumption resolution 1962,1079] {a:1,w:23,wCS:9200,nSel:1,sine:1,thAx:0,allAx:2,thDist:-2}
4465. k1_flang_3(sK0,sK1,k2_xcmplx_0(sK2,1)) != k1_flang_3(sK0,sK1,k2_xcmplx_0(1,sK2)) | ~v7_ordinal1(sK2) | ~m1_subset_1(sK1,k1_zfmisc_1(k8_afinsq_1(sK0))) <- (~1, 102) [superposition 496,1963] {a:2,w:20,wCS:2000,goal:1,sine:1,thAx:0,allAx:5,thDist:-5}
4474. k1_flang_3(sK0,sK1,k2_xcmplx_0(sK2,1)) != k1_flang_3(sK0,sK1,k2_xcmplx_0(1,sK2)) | ~m1_subset_1(sK1,k1_zfmisc_1(k8_afinsq_1(sK0))) <- (~1, 2, 102) [subsumption resolution 4465,501] {a:2,w:18,wCS:1800,goal:1,sine:1,thAx:0,allAx:5,thDist:-5}
4475. k1_flang_3(sK0,sK1,k2_xcmplx_0(sK2,1)) != k1_flang_3(sK0,sK1,k2_xcmplx_0(1,sK2)) <- (~1, 2, 3, 102) [subsumption resolution 4474,506] {a:2,w:13,wCS:1300,goal:1,sine:1,thAx:0,allAx:5,thDist:-5}
4477. 270 <=> k1_flang_3(sK0,sK1,k2_xcmplx_0(sK2,1)) = k1_flang_3(sK0,sK1,k2_xcmplx_0(1,sK2)) [avatar definition]
4479. k1_flang_3(sK0,sK1,k2_xcmplx_0(sK2,1)) != k1_flang_3(sK0,sK1,k2_xcmplx_0(1,sK2)) <- (~270) [avatar component clause 4477] {a:2,w:13,wCS:1300,nSel:1,goal:1,sine:255,thAx:0,allAx:5,thDist:-5}
4480. ~270 | 1 | ~2 | ~3 | ~102 [avatar split clause 4475,1077,504,499,494,4477]
4794. k1_flang_3(sK0,sK1,k2_xcmplx_0(1,sK2)) != k1_flang_3(sK0,sK1,k2_xcmplx_0(1,sK2)) | ~v1_xcmplx_0(1) | ~v1_xcmplx_0(sK2) <- (~270) [superposition 4479,429] {a:3,w:17,wCS:1700,goal:1,sine:255,thAx:0,allAx:6,thDist:-6}
4795. ~v1_xcmplx_0(1) | ~v1_xcmplx_0(sK2) <- (~270) [trivial inequality removal 4794] {a:3,w:4,wCS:400,goal:1,sine:255,thAx:0,allAx:6,thDist:-6}
4800. ~v1_xcmplx_0(sK2) <- (169, ~270) [subsumption resolution 4795,1674] {a:3,w:2,wCS:200,goal:1,sine:255,thAx:0,allAx:6,thDist:-6}
4801. $false <- (66, 169, ~270) [subsumption resolution 4800,839] {a:3,w:0,goal:1,sine:255,thAx:0,allAx:6,thDist:-6}
4802. ~66 | ~169 | 270 [avatar contradiction clause 4801]
4803. $false [avatar sat refutation 497,502,507,527,562,567,800,840,1061,1080,1675,4480,4802] {a:0,w:0,goal:1,sine:0,thAx:0,allAx:2148,thDist:-2148}
% SZS output end Proof for flang_3__t75_flang_3
% ------------------------------
% Version: Vampire 4.5.1 (commit 226f88162 on 2021-09-12 20:13:44 +0200)
% Termination reason: Refutation

% >>> Input
% Input formulas: 123
% >>> Preprocessing
% Introduced skolems: 30
% Pure predicates: 3
% Unused predicate definitions: 1
% 
% >>> Saturation
% Initial clauses: 164
% Generated clauses: 3384
% Active clauses: 532
% Passive clauses: 1518
% Final active clauses: 470
% Final passive clauses: 919
% Main loop iterations started: 570
% 
% >>> Simplifying Inferences
% Duplicate literals: 615
% Trivial inequalities: 2
% Fw subsumption resolutions: 569
% Fw demodulations: 9
% Bw demodulations: 4
% 
% >>> Deletion Inferences
% Simple tautologies: 110
% Forward subsumptions: 411
% Backward subsumptions: 7
% 
% >>> Generating Inferences
% Binary resolution: 1056
% Unit resulting resolution: 20
% Factoring: 1
% Forward superposition: 487
% Backward superposition: 300
% Self superposition: 11
% 
% >>> AVATAR
% Split clauses: 85
% Split components: 184
% Sat splitting refutations: 39
% 
% >>> SAT Solver Statistics
% SAT solver clauses: 353
% SAT solver unit clauses: 52
% SAT solver binary clauses: 169
% 
% Memory used [KB]: 8571
% Time elapsed: 0.049 s
% ------------------------------
% ------------------------------
% Time measurement results:
% parsing: 0.001 s
% SAT solver time: 0.001 s
% term sharing: 0.004 s
% congruence closure: 0.004 s
% binary resolution index maintenance: 0.001 s
% backward demodulation index maintenance: 0.002 s
% forward subsumption: 0.012 s
% forward subsumption resolution: 0.004 s
% backward subsumption: 0.001 s
% forward demodulation: 0.002 s
% resolution: 0.002 s
% unit resulting resolution: 0.005 s ( own 0.002 s ) 
% superposition: 0.003 s ( own 0.002 s ) 
% passive container maintenance: 0.001 s
% other: 0.049 s ( own 0.010 s ) 

