i: [1,188,0,2,1,1,0,0] t45_xxreal_0
a: [3,314,0,2,1,188]
s: 314
i: [1,187,0,2,1,1,0,0] t45_xxreal_0
a: [3,319,0,2,1,187]
s: 319
i: [1,186,0,2,1,1,0,0] t45_xxreal_0
a: [3,324,0,2,1,186]
s: 324
i: [1,193,0,3,1,1,0,0] t45_xxreal_0
a: [3,289,0,3,1,193]
s: 289
i: [1,192,0,3,1,1,0,0] t45_xxreal_0
a: [3,294,0,3,1,192]
s: 294
i: [1,191,0,3,1,1,0,0] t45_xxreal_0
a: [3,299,0,3,1,191]
s: 299
i: [1,190,0,3,1,1,0,0] t45_xxreal_0
a: [3,304,0,3,1,190]
s: 304
i: [1,189,0,3,1,1,0,0] t45_xxreal_0
a: [3,309,0,3,1,189]
s: 309
i: [1,194,0,2,1,0,0,1] fc1_numbers
a: [3,329,0,2,1,194]
s: 329
i: [1,195,0,2,1,0,0,255] fc3_xxreal_0
a: [3,334,0,2,1,195]
s: 334
i: [1,196,0,2,1,0,0,255] fc4_xxreal_0
a: [3,339,0,2,1,196]
s: 339
i: [1,197,0,2,1,0,0,255] fc2_xxreal_0
a: [3,344,0,2,1,197]
s: 344
i: [1,198,0,2,1,0,0,255] fc1_xxreal_0
a: [3,349,0,2,1,198]
s: 349
i: [1,199,0,2,1,0,0,255] dt_o_0_0_xboole_0
a: [3,354,0,2,1,199]
s: 354
i: [1,200,0,2,1,0,0,255] fc1_xboole_0
a: [3,359,0,2,1,200]
s: 359
i: [1,210,0,2,1,0,0,255] fc6_ordinal1
a: [3,404,0,2,1,210]
s: 404
i: [1,209,0,2,1,0,0,255] fc6_ordinal1
a: [3,409,0,2,1,209]
s: 409
i: [1,269,0,2,1,0,0,2] rc2_xboole_0
a: [3,421,0,2,1,269]
s: 421
i: [1,270,0,2,1,0,0,255] rc4_ordinal1
a: [3,426,0,2,1,270]
s: 426
i: [1,271,0,2,1,0,0,255] rc1_ordinal1
a: [3,431,0,2,1,271]
s: 431
i: [1,272,0,2,1,0,0,1] rc1_xxreal_0
a: [3,436,0,2,1,272]
s: 436
i: [1,273,0,2,1,0,0,2] rc1_xboole_0
a: [3,441,0,2,1,273]
s: 441
i: [1,277,0,2,1,0,0,255] rc2_ordinal1
a: [3,446,0,2,1,277]
s: 446
i: [1,276,0,2,1,0,0,255] rc2_ordinal1
a: [3,451,0,2,1,276]
s: 451
i: [1,275,0,2,1,0,0,255] rc2_ordinal1
a: [3,456,0,2,1,275]
s: 456
i: [1,274,0,2,1,0,0,255] rc2_ordinal1
a: [3,461,0,2,1,274]
s: 461
i: [1,279,0,2,1,0,0,255] rc5_ordinal1
a: [3,466,0,2,1,279]
s: 466
i: [1,278,0,2,1,0,0,255] rc5_ordinal1
a: [3,471,0,2,1,278]
s: 471
i: [1,281,0,2,1,0,0,255] rc2_xxreal_0
a: [3,476,0,2,1,281]
s: 476
i: [1,280,0,2,1,0,0,255] rc2_xxreal_0
a: [3,481,0,2,1,280]
s: 481
i: [1,283,0,2,1,0,0,255] rc3_xxreal_0
a: [3,486,0,2,1,283]
s: 486
i: [1,282,0,2,1,0,0,255] rc3_xxreal_0
a: [3,491,0,2,1,282]
s: 491
i: [1,285,0,2,1,0,0,1] rc4_xxreal_0
a: [3,496,0,2,1,285]
s: 496
i: [1,284,0,2,1,0,0,1] rc4_xxreal_0
a: [3,501,0,2,1,284]
s: 501
i: [1,211,0,3,1,0,0,255] fc2_xboole_0
s: 211
i: [1,253,0,3,1,0,0,255] reflexivity_r1_tarski
s: 253
i: [1,201,0,3,1,0,0,255] redefinition_k5_numbers
a: [3,364,0,3,1,201]
s: 364
i: [1,202,0,3,1,0,0,255] d2_xboole_0
a: [3,369,0,3,1,202]
s: 369
r: 354
i: [1,203,0,3,1,0,0,255] redefinition_k6_numbers
a: [3,374,0,3,1,203]
s: 374
i: [1,204,0,3,1,0,0,255] d2_xxreal_0
a: [3,379,0,3,1,204]
s: 379
r: 349
r: 334
d: [2,504,0,2,1,2,23,349,379]
a: [3,509,0,2,1,504]
s: 509
d: [2,505,0,2,1,2,23,334,379]
a: [3,514,0,2,1,505]
s: 514
i: [1,216,0,4,2,0,0,255] cc6_ordinal1
s: 216
d: [2,516,1,2,1,1,40,216,426]
a: [3,521,1,2,1,516]
s: 521
i: [1,217,0,4,2,0,0,255] cc2_xxreal_0
s: 217
i: [1,218,0,4,2,0,0,255] cc1_ordinal1
s: 218
d: [2,517,1,2,1,1,40,216,466]
a: [3,526,1,2,1,517]
s: 526
i: [1,219,0,4,2,0,0,255] cc1_ordinal1
s: 219
d: [2,528,1,2,1,1,40,217,426]
a: [3,533,1,2,1,528]
s: 533
i: [1,223,0,4,2,0,0,255] cc9_ordinal1
s: 223
i: [1,224,0,4,2,0,0,255] cc7_ordinal1
s: 224
d: [2,529,1,2,1,1,40,217,466]
a: [3,538,1,2,1,529]
s: 538
i: [1,225,0,4,2,0,0,255] cc3_ordinal1
s: 225
d: [2,540,1,2,1,1,40,218,404]
a: [3,547,1,2,1,540]
s: 547
i: [1,252,0,4,1,0,0,2] existence_m1_subset_1
s: 252
i: [1,254,0,4,1,0,0,255] fc3_xboole_0
s: 254
d: [2,542,1,2,1,1,40,218,431]
a: [3,557,1,2,1,542]
s: 557
i: [1,205,0,4,1,0,0,255] dt_k5_numbers
a: [3,384,0,4,1,205]
s: 384
d: [2,565,1,2,1,1,40,219,404]
a: [3,573,1,2,1,565]
s: 573
i: [1,206,0,4,1,0,0,255] dt_k6_numbers
a: [3,389,0,4,1,206]
s: 389
d: [2,644,0,4,1,2,22,384,364]
a: [3,648,0,4,1,644]
s: 648
d: [2,567,1,2,1,1,40,219,431]
a: [3,583,1,2,1,567]
s: 583
d: [2,650,0,4,1,2,22,389,364]
d: [2,651,0,4,1,3,22,650,374]
a: [3,655,0,4,1,651]
s: 655
d: [2,590,1,2,1,1,40,223,359]
a: [3,596,1,2,1,590]
s: 596
i: [1,212,0,5,1,0,0,255] t4_boole
s: 212
i: [1,213,0,5,1,0,0,255] t3_boole
s: 213
d: [2,591,1,2,1,1,40,223,441]
a: [3,601,1,2,1,591]
s: 601
i: [1,214,0,5,1,0,0,255] t1_boole
s: 214
d: [2,592,1,2,1,1,40,223,501]
a: [3,606,1,2,1,592]
s: 606
i: [1,226,0,5,2,0,0,255] t6_boole
s: 226
i: [1,227,0,5,2,0,0,255] cc8_ordinal1
s: 227
d: [2,608,1,2,1,1,40,224,359]
a: [3,614,1,2,1,608]
s: 614
i: [1,249,0,5,2,0,0,1] t7_boole
s: 249
d: [2,609,1,2,1,1,40,224,441]
a: [3,619,1,2,1,609]
s: 619
i: [1,255,0,5,1,0,0,255] idempotence_k2_xboole_0
s: 255
i: [1,207,0,5,1,0,0,255] d3_xxreal_0
a: [3,394,0,5,1,207]
s: 394
d: [2,610,1,2,1,1,40,224,501]
a: [3,624,1,2,1,610]
s: 624
i: [1,267,0,7,3,0,0,1] reflexivity_r1_xxreal_0
a: [3,416,0,5,2,267]
s: 416
d: [2,626,1,2,1,1,40,225,359]
a: [3,632,1,2,1,626]
s: 632
d: [2,689,0,5,1,2,22,394,374]
a: [3,693,0,5,1,689]
s: 693
i: [1,232,0,6,3,0,0,255] cc2_ordinal1
s: 232
d: [2,627,1,2,1,1,40,225,441]
a: [3,637,1,2,1,627]
s: 637
i: [1,235,0,6,3,0,0,255] cc5_xxreal_0
s: 235
d: [2,628,1,2,1,1,40,225,501]
a: [3,642,1,2,1,628]
s: 642
i: [1,237,0,6,3,0,0,255] cc5_xxreal_0
s: 237
i: [1,238,0,6,3,0,0,255] cc3_xxreal_0
s: 238
d: [2,727,1,4,2,1,40,235,339]
d: [2,729,1,2,1,2,21,727,344]
a: [3,733,1,2,1,729]
s: 733
i: [1,240,0,6,3,0,0,255] cc3_xxreal_0
s: 240
d: [2,728,1,4,2,1,40,235,486]
d: [2,735,1,2,1,2,21,728,491]
a: [3,739,1,2,1,735]
s: 739
i: [1,242,0,6,3,0,0,255] cc7_xxreal_0
s: 242
i: [1,243,0,6,3,0,0,255] cc7_xxreal_0
s: 243
d: [2,753,1,4,2,1,40,237,339]
d: [2,755,1,2,1,2,21,753,344]
a: [3,759,1,2,1,755]
s: 759
i: [1,245,0,6,2,0,0,1] t1_subset
s: 245
d: [2,775,1,3,1,1,40,245,304]
a: [3,780,1,3,1,775]
s: 780
i: [1,256,0,6,1,0,0,255] dt_k6_subset_1
s: 256
i: [1,260,0,6,2,0,0,255] fc4_xboole_0
s: 260
d: [2,776,1,3,1,1,40,245,309]
a: [3,785,1,3,1,776]
s: 785
i: [1,261,0,6,2,0,0,255] fc5_xboole_0
s: 261
d: [2,754,1,4,2,1,40,237,486]
d: [2,761,1,2,1,2,21,754,491]
a: [3,765,1,2,1,761]
s: 765
i: [1,262,0,6,2,0,0,1] antisymmetry_r2_hidden
s: 262
i: [1,220,0,7,3,0,0,255] cc5_ordinal1
s: 220
d: [2,805,2,4,2,1,40,220,785]
a: [3,811,2,2,1,805]
s: 811
i: [1,247,0,7,2,0,0,255] t3_subset
s: 247
d: [2,791,1,3,1,1,40,262,304]
a: [3,796,1,3,1,791]
s: 796
i: [1,248,0,7,3,0,0,255] t8_boole
s: 248
i: [1,257,0,7,1,0,0,255] redefinition_k6_subset_1
s: 257
d: [2,792,1,3,1,1,40,262,309]
a: [3,801,1,3,1,792]
s: 801
i: [1,258,0,7,1,0,0,255] commutativity_k2_tarski
s: 258
d: [2,767,1,4,2,1,40,238,476]
d: [2,769,1,2,1,2,21,767,481]
a: [3,773,1,2,1,769]
s: 773
i: [1,259,0,7,1,0,0,255] commutativity_k2_xboole_0
s: 259
i: [1,215,0,8,3,0,0,255] cc10_ordinal1
s: 215
d: [2,838,1,4,2,1,40,215,648]
a: [3,844,1,2,1,838]
s: 844
i: [1,229,0,8,4,0,0,255] cc4_xxreal_0
s: 229
d: [2,852,1,6,3,1,40,229,324]
a: [3,864,1,2,1,852]
s: 864
r: 864
i: [1,231,0,8,4,0,0,255] cc6_xxreal_0
s: 231
i: [1,233,0,8,4,0,0,255] cc8_xxreal_0
s: 233
a: [3,863,1,2,1,852]
s: 863
i: [1,246,0,8,3,0,0,1] t2_subset
s: 246
a: [3,868,1,2,1,852]
s: 868
i: [1,251,0,9,3,0,0,1] t5_subset
s: 251
i: [1,244,0,10,1,0,0,255] d5_tarski
s: 244
d: [2,853,1,6,3,1,40,229,319]
a: [3,877,1,2,1,853]
s: 877
r: 877
i: [1,250,0,10,3,0,0,1] t4_subset
s: 250
a: [3,876,1,2,1,853]
s: 876
i: [1,268,0,10,4,0,0,1] connectedness_r1_xxreal_0
s: 268
i: [1,208,0,13,1,0,0,255] d1_numbers
a: [3,399,0,13,1,208]
s: 399
a: [3,881,1,2,1,853]
s: 881
i: [1,266,0,14,4,0,0,255] existence_m2_subset_1
s: 266
d: [2,854,1,6,3,1,40,229,314]
a: [3,890,1,2,1,854]
s: 890
r: 890
i: [1,263,0,15,5,0,0,255] dt_m2_subset_1
s: 263
i: [1,264,0,15,5,0,0,255] redefinition_m2_subset_1
s: 264
a: [3,889,1,2,1,854]
s: 889
i: [1,265,0,15,5,0,0,255] redefinition_m2_subset_1
s: 265
a: [3,894,1,2,1,854]
s: 894
i: [1,221,0,16,6,0,0,255] t10_xxreal_0
s: 221
i: [1,222,0,16,6,0,0,255] t13_xxreal_0
s: 222
r: 894
a: [3,893,1,2,1,854]
s: 893
d: [2,1053,0,16,6,1,22,221,379]
s: 1053
d: [2,1054,1,13,5,1,40,222,294]
d: [2,1060,1,10,4,2,21,1054,289]
d: [2,1061,1,7,3,3,21,1060,304]
d: [2,1062,1,5,2,4,21,1061,314]
d: [2,1063,1,3,1,5,21,1062,319]
d: [2,1071,1,13,5,2,40,1053,299]
d: [2,1076,1,10,4,3,21,1071,289]
d: [2,1077,1,7,3,4,21,1076,309]
d: [2,1078,1,5,2,5,21,1077,314]
d: [2,1079,1,3,1,6,21,1078,324]
f: 1079,1063,755,204,197,196,195,186,187,188,189,190,191,192,193
% Refutation found. Thanks to Tanya!
% SZS status Theorem for xxreal_0__t45_xxreal_0
% SZS output start Proof for xxreal_0__t45_xxreal_0
1. ! [X0] : (v1_xxreal_0(X0) => ! [X1] : (v1_xxreal_0(X1) => ! [X2] : (v1_xxreal_0(X2) => ((r1_xxreal_0(X2,X1) & r1_xxreal_0(X0,X2) & r2_hidden(X1,k1_numbers) & r2_hidden(X0,k1_numbers)) => r2_hidden(X2,k1_numbers))))) [input t45_xxreal_0]
2. ~! [X0] : (v1_xxreal_0(X0) => ! [X1] : (v1_xxreal_0(X1) => ! [X2] : (v1_xxreal_0(X2) => ((r1_xxreal_0(X2,X1) & r1_xxreal_0(X0,X2) & r2_hidden(X1,k1_numbers) & r2_hidden(X0,k1_numbers)) => r2_hidden(X2,k1_numbers))))) [negated conjecture 1]
13. ! [X0] : ((v3_xxreal_0(X0) & v1_xxreal_0(X0)) => (~v2_xxreal_0(X0) & v1_xxreal_0(X0) & ~v1_xboole_0(X0))) [input cc5_xxreal_0]
26. k1_numbers = k1_xxreal_0 [input d2_xxreal_0]
54. v1_xxreal_0(k2_xxreal_0) [input fc2_xxreal_0]
56. v2_xxreal_0(k1_xxreal_0) [input fc3_xxreal_0]
58. v3_xxreal_0(k2_xxreal_0) [input fc4_xxreal_0]
79. ! [X0] : (v1_xxreal_0(X0) => ! [X1] : (v1_xxreal_0(X1) => ~(k1_xxreal_0 != X1 & ~r2_hidden(X1,k1_numbers) & r1_xxreal_0(X0,X1) & r2_hidden(X0,k1_numbers)))) [input t10_xxreal_0]
80. ! [X0] : (v1_xxreal_0(X0) => ! [X1] : (v1_xxreal_0(X1) => ~(k2_xxreal_0 != X1 & ~r2_hidden(X1,k1_numbers) & r1_xxreal_0(X1,X0) & r2_hidden(X0,k1_numbers)))) [input t13_xxreal_0]
105. ? [X0] : (? [X1] : (? [X2] : ((~r2_hidden(X2,k1_numbers) & (r1_xxreal_0(X2,X1) & r1_xxreal_0(X0,X2) & r2_hidden(X1,k1_numbers) & r2_hidden(X0,k1_numbers))) & v1_xxreal_0(X2)) & v1_xxreal_0(X1)) & v1_xxreal_0(X0)) [ennf transformation 2]
106. ? [X0] : (? [X1] : (? [X2] : (~r2_hidden(X2,k1_numbers) & r1_xxreal_0(X2,X1) & r1_xxreal_0(X0,X2) & r2_hidden(X1,k1_numbers) & r2_hidden(X0,k1_numbers) & v1_xxreal_0(X2)) & v1_xxreal_0(X1)) & v1_xxreal_0(X0)) [flattening 105]
112. ! [X0] : (! [X1] : ((k1_xxreal_0 = X1 | r2_hidden(X1,k1_numbers) | ~r1_xxreal_0(X0,X1) | ~r2_hidden(X0,k1_numbers)) | ~v1_xxreal_0(X1)) | ~v1_xxreal_0(X0)) [ennf transformation 79]
113. ! [X0] : (! [X1] : (k1_xxreal_0 = X1 | r2_hidden(X1,k1_numbers) | ~r1_xxreal_0(X0,X1) | ~r2_hidden(X0,k1_numbers) | ~v1_xxreal_0(X1)) | ~v1_xxreal_0(X0)) [flattening 112]
114. ! [X0] : (! [X1] : ((k2_xxreal_0 = X1 | r2_hidden(X1,k1_numbers) | ~r1_xxreal_0(X1,X0) | ~r2_hidden(X0,k1_numbers)) | ~v1_xxreal_0(X1)) | ~v1_xxreal_0(X0)) [ennf transformation 80]
115. ! [X0] : (! [X1] : (k2_xxreal_0 = X1 | r2_hidden(X1,k1_numbers) | ~r1_xxreal_0(X1,X0) | ~r2_hidden(X0,k1_numbers) | ~v1_xxreal_0(X1)) | ~v1_xxreal_0(X0)) [flattening 114]
129. ! [X0] : ((~v2_xxreal_0(X0) & v1_xxreal_0(X0) & ~v1_xboole_0(X0)) | (~v3_xxreal_0(X0) | ~v1_xxreal_0(X0))) [ennf transformation 13]
130. ! [X0] : ((~v2_xxreal_0(X0) & v1_xxreal_0(X0) & ~v1_xboole_0(X0)) | ~v3_xxreal_0(X0) | ~v1_xxreal_0(X0)) [flattening 129]
157. ? [X0] : (? [X1] : (? [X2] : (~r2_hidden(X2,k1_numbers) & r1_xxreal_0(X2,X1) & r1_xxreal_0(X0,X2) & r2_hidden(X1,k1_numbers) & r2_hidden(X0,k1_numbers) & v1_xxreal_0(X2)) & v1_xxreal_0(X1)) & v1_xxreal_0(X0)) => (? [X1] : (? [X2] : (~r2_hidden(X2,k1_numbers) & r1_xxreal_0(X2,X1) & r1_xxreal_0(sK0,X2) & r2_hidden(X1,k1_numbers) & r2_hidden(sK0,k1_numbers) & v1_xxreal_0(X2)) & v1_xxreal_0(X1)) & v1_xxreal_0(sK0)) [choice axiom]
158. ? [X1] : (? [X2] : (~r2_hidden(X2,k1_numbers) & r1_xxreal_0(X2,X1) & r1_xxreal_0(sK0,X2) & r2_hidden(X1,k1_numbers) & r2_hidden(sK0,k1_numbers) & v1_xxreal_0(X2)) & v1_xxreal_0(X1)) => (? [X2] : (~r2_hidden(X2,k1_numbers) & r1_xxreal_0(X2,sK1) & r1_xxreal_0(sK0,X2) & r2_hidden(sK1,k1_numbers) & r2_hidden(sK0,k1_numbers) & v1_xxreal_0(X2)) & v1_xxreal_0(sK1)) [choice axiom]
159. ? [X2] : (~r2_hidden(X2,k1_numbers) & r1_xxreal_0(X2,sK1) & r1_xxreal_0(sK0,X2) & r2_hidden(sK1,k1_numbers) & r2_hidden(sK0,k1_numbers) & v1_xxreal_0(X2)) => (~r2_hidden(sK2,k1_numbers) & r1_xxreal_0(sK2,sK1) & r1_xxreal_0(sK0,sK2) & r2_hidden(sK1,k1_numbers) & r2_hidden(sK0,k1_numbers) & v1_xxreal_0(sK2)) [choice axiom]
160. ((~r2_hidden(sK2,k1_numbers) & r1_xxreal_0(sK2,sK1) & r1_xxreal_0(sK0,sK2) & r2_hidden(sK1,k1_numbers) & r2_hidden(sK0,k1_numbers) & v1_xxreal_0(sK2)) & v1_xxreal_0(sK1)) & v1_xxreal_0(sK0) [skolemisation 106,159,158,157]
186. v1_xxreal_0(sK0) [cnf transformation 160] {a:0,w:2,wCS:200,goal:1,sine:0,thAx:0,allAx:4,thDist:-4}
187. v1_xxreal_0(sK1) [cnf transformation 160] {a:0,w:2,wCS:200,goal:1,sine:0,thAx:0,allAx:4,thDist:-4}
188. v1_xxreal_0(sK2) [cnf transformation 160] {a:0,w:2,wCS:200,goal:1,sine:0,thAx:0,allAx:4,thDist:-4}
189. r2_hidden(sK0,k1_numbers) [cnf transformation 160] {a:0,w:3,wCS:300,goal:1,sine:0,thAx:0,allAx:4,thDist:-4}
190. r2_hidden(sK1,k1_numbers) [cnf transformation 160] {a:0,w:3,wCS:300,goal:1,sine:0,thAx:0,allAx:4,thDist:-4}
191. r1_xxreal_0(sK0,sK2) [cnf transformation 160] {a:0,w:3,wCS:300,goal:1,sine:0,thAx:0,allAx:4,thDist:-4}
192. r1_xxreal_0(sK2,sK1) [cnf transformation 160] {a:0,w:3,wCS:300,goal:1,sine:0,thAx:0,allAx:4,thDist:-4}
193. ~r2_hidden(sK2,k1_numbers) [cnf transformation 160] {a:0,w:3,wCS:300,goal:1,sine:0,thAx:0,allAx:4,thDist:-4}
195. v2_xxreal_0(k1_xxreal_0) [cnf transformation 56] {a:0,w:2,wCS:800,sine:255,thAx:0,allAx:1,thDist:-1}
196. v3_xxreal_0(k2_xxreal_0) [cnf transformation 58] {a:0,w:2,wCS:800,sine:255,thAx:0,allAx:1,thDist:-1}
197. v1_xxreal_0(k2_xxreal_0) [cnf transformation 54] {a:0,w:2,wCS:800,sine:255,thAx:0,allAx:1,thDist:-1}
204. k1_numbers = k1_xxreal_0 [cnf transformation 26] {a:0,w:3,wCS:1200,sine:255,thAx:0,allAx:1,thDist:-1}
221. k1_xxreal_0 = X1 | r2_hidden(X1,k1_numbers) | ~r1_xxreal_0(X0,X1) | ~r2_hidden(X0,k1_numbers) | ~v1_xxreal_0(X1) | ~v1_xxreal_0(X0) [cnf transformation 113] {a:0,w:16,wCS:6400,sine:255,thAx:0,allAx:1,thDist:-1}
222. ~r1_xxreal_0(X1,X0) | r2_hidden(X1,k1_numbers) | k2_xxreal_0 = X1 | ~r2_hidden(X0,k1_numbers) | ~v1_xxreal_0(X1) | ~v1_xxreal_0(X0) [cnf transformation 115] {a:0,w:16,wCS:6400,nSel:1,sine:255,thAx:0,allAx:1,thDist:-1}
237. ~v3_xxreal_0(X0) | ~v2_xxreal_0(X0) | ~v1_xxreal_0(X0) [cnf transformation 130] {a:0,w:6,wCS:2400,nSel:1,sine:255,thAx:0,allAx:1,thDist:-1}
287. 1 <=> r2_hidden(sK2,k1_numbers) [avatar definition]
289. ~r2_hidden(sK2,k1_numbers) <- (~1) [avatar component clause 287] {a:0,w:3,wCS:300,nSel:1,goal:1,sine:255,thAx:0,allAx:4,thDist:-4}
290. ~1 [avatar split clause 193,287]
292. 2 <=> r1_xxreal_0(sK2,sK1) [avatar definition]
294. r1_xxreal_0(sK2,sK1) <- (2) [avatar component clause 292] {a:0,w:3,wCS:300,nSel:1,goal:1,sine:255,thAx:0,allAx:4,thDist:-4}
295. 2 [avatar split clause 192,292]
297. 3 <=> r1_xxreal_0(sK0,sK2) [avatar definition]
299. r1_xxreal_0(sK0,sK2) <- (3) [avatar component clause 297] {a:0,w:3,wCS:300,nSel:1,goal:1,sine:255,thAx:0,allAx:4,thDist:-4}
300. 3 [avatar split clause 191,297]
302. 4 <=> r2_hidden(sK1,k1_numbers) [avatar definition]
304. r2_hidden(sK1,k1_numbers) <- (4) [avatar component clause 302] {a:0,w:3,wCS:300,nSel:1,goal:1,sine:255,thAx:0,allAx:4,thDist:-4}
305. 4 [avatar split clause 190,302]
307. 5 <=> r2_hidden(sK0,k1_numbers) [avatar definition]
309. r2_hidden(sK0,k1_numbers) <- (5) [avatar component clause 307] {a:0,w:3,wCS:300,nSel:1,goal:1,sine:255,thAx:0,allAx:4,thDist:-4}
310. 5 [avatar split clause 189,307]
312. 6 <=> v1_xxreal_0(sK2) [avatar definition]
314. v1_xxreal_0(sK2) <- (6) [avatar component clause 312] {a:0,w:2,wCS:200,nSel:1,goal:1,sine:255,thAx:0,allAx:4,thDist:-4}
315. 6 [avatar split clause 188,312]
317. 7 <=> v1_xxreal_0(sK1) [avatar definition]
319. v1_xxreal_0(sK1) <- (7) [avatar component clause 317] {a:0,w:2,wCS:200,nSel:1,goal:1,sine:255,thAx:0,allAx:4,thDist:-4}
320. 7 [avatar split clause 187,317]
322. 8 <=> v1_xxreal_0(sK0) [avatar definition]
324. v1_xxreal_0(sK0) <- (8) [avatar component clause 322] {a:0,w:2,wCS:200,nSel:1,goal:1,sine:255,thAx:0,allAx:4,thDist:-4}
325. 8 [avatar split clause 186,322]
332. 10 <=> v2_xxreal_0(k1_xxreal_0) [avatar definition]
335. 10 [avatar split clause 195,332]
337. 11 <=> v3_xxreal_0(k2_xxreal_0) [avatar definition]
339. v3_xxreal_0(k2_xxreal_0) <- (11) [avatar component clause 337] {a:0,w:2,wCS:800,nSel:1,sine:255,thAx:0,allAx:1,thDist:-1}
340. 11 [avatar split clause 196,337]
342. 12 <=> v1_xxreal_0(k2_xxreal_0) [avatar definition]
344. v1_xxreal_0(k2_xxreal_0) <- (12) [avatar component clause 342] {a:0,w:2,wCS:800,nSel:1,sine:255,thAx:0,allAx:1,thDist:-1}
345. 12 [avatar split clause 197,342]
377. 19 <=> k1_numbers = k1_xxreal_0 [avatar definition]
379. k1_numbers = k1_xxreal_0 <- (19) [avatar component clause 377] {a:0,w:3,wCS:1200,nSel:1,sine:255,thAx:0,allAx:1,thDist:-1}
380. 19 [avatar split clause 204,377]
753. ~v2_xxreal_0(k2_xxreal_0) | ~v1_xxreal_0(k2_xxreal_0) <- (11) [resolution 237,339] {a:1,w:4,wCS:1600,sine:255,thAx:0,allAx:2,thDist:-2}
755. ~v2_xxreal_0(k2_xxreal_0) <- (11, 12) [subsumption resolution 753,344] {a:1,w:2,wCS:800,sine:255,thAx:0,allAx:2,thDist:-2}
757. 82 <=> v2_xxreal_0(k2_xxreal_0) [avatar definition]
760. ~82 | ~11 | ~12 [avatar split clause 755,342,337,757]
1053. ~r1_xxreal_0(X0,X1) | r2_hidden(X1,k1_numbers) | k1_numbers = X1 | ~r2_hidden(X0,k1_numbers) | ~v1_xxreal_0(X1) | ~v1_xxreal_0(X0) <- (19) [forward demodulation 221,379] {a:0,w:16,wCS:6400,nSel:1,sine:255,thAx:0,allAx:1,thDist:-1}
1054. r2_hidden(sK2,k1_numbers) | k2_xxreal_0 = sK2 | ~r2_hidden(sK1,k1_numbers) | ~v1_xxreal_0(sK2) | ~v1_xxreal_0(sK1) <- (2) [resolution 222,294] {a:1,w:13,wCS:1300,goal:1,sine:255,thAx:0,allAx:5,thDist:-5}
1060. k2_xxreal_0 = sK2 | ~r2_hidden(sK1,k1_numbers) | ~v1_xxreal_0(sK2) | ~v1_xxreal_0(sK1) <- (~1, 2) [subsumption resolution 1054,289] {a:1,w:10,wCS:1000,goal:1,sine:255,thAx:0,allAx:5,thDist:-5}
1061. k2_xxreal_0 = sK2 | ~v1_xxreal_0(sK2) | ~v1_xxreal_0(sK1) <- (~1, 2, 4) [subsumption resolution 1060,304] {a:1,w:7,wCS:700,goal:1,sine:255,thAx:0,allAx:5,thDist:-5}
1062. k2_xxreal_0 = sK2 | ~v1_xxreal_0(sK1) <- (~1, 2, 4, 6) [subsumption resolution 1061,314] {a:1,w:5,wCS:500,goal:1,sine:255,thAx:0,allAx:5,thDist:-5}
1063. k2_xxreal_0 = sK2 <- (~1, 2, 4, 6, 7) [subsumption resolution 1062,319] {a:1,w:3,wCS:300,goal:1,sine:255,thAx:0,allAx:5,thDist:-5}
1065. 123 <=> k2_xxreal_0 = sK2 [avatar definition]
1068. 123 | 1 | ~2 | ~4 | ~6 | ~7 [avatar split clause 1063,317,312,302,292,287,1065]
1071. r2_hidden(sK2,k1_numbers) | k1_numbers = sK2 | ~r2_hidden(sK0,k1_numbers) | ~v1_xxreal_0(sK2) | ~v1_xxreal_0(sK0) <- (3, 19) [resolution 1053,299] {a:1,w:13,wCS:1300,goal:1,sine:255,thAx:0,allAx:5,thDist:-5}
1076. k1_numbers = sK2 | ~r2_hidden(sK0,k1_numbers) | ~v1_xxreal_0(sK2) | ~v1_xxreal_0(sK0) <- (~1, 3, 19) [subsumption resolution 1071,289] {a:1,w:10,wCS:1000,goal:1,sine:255,thAx:0,allAx:5,thDist:-5}
1077. k1_numbers = sK2 | ~v1_xxreal_0(sK2) | ~v1_xxreal_0(sK0) <- (~1, 3, 5, 19) [subsumption resolution 1076,309] {a:1,w:7,wCS:700,goal:1,sine:255,thAx:0,allAx:5,thDist:-5}
1078. k1_numbers = sK2 | ~v1_xxreal_0(sK0) <- (~1, 3, 5, 6, 19) [subsumption resolution 1077,314] {a:1,w:5,wCS:500,goal:1,sine:255,thAx:0,allAx:5,thDist:-5}
1079. k1_numbers = sK2 <- (~1, 3, 5, 6, 8, 19) [subsumption resolution 1078,324] {a:1,w:3,wCS:300,goal:1,sine:255,thAx:0,allAx:5,thDist:-5}
1081. 124 <=> k1_numbers = sK2 [avatar definition]
1084. 124 | 1 | ~3 | ~5 | ~6 | ~8 | ~19 [avatar split clause 1079,377,322,312,307,297,287,1081]
1085. k1_numbers != k1_xxreal_0 | k1_numbers != sK2 | k2_xxreal_0 != sK2 | v2_xxreal_0(k2_xxreal_0) | ~v2_xxreal_0(k1_xxreal_0) [theory tautology sat conflict] {a:0,w:13,wCS:5200,sine:255,thAx:0,allAx:1,thDist:-1}
1086. $false [avatar sat refutation 290,295,300,305,310,315,320,325,335,340,345,380,760,1068,1084,1085] {a:0,w:0,goal:1,sine:0,thAx:0,allAx:568,thDist:-568}
% SZS output end Proof for xxreal_0__t45_xxreal_0
% ------------------------------
% Version: Vampire 4.5.1 (commit 226f88162 on 2021-09-12 20:13:44 +0200)
% Termination reason: Refutation

% >>> Input
% Input formulas: 90
% >>> Preprocessing
% Introduced skolems: 15
% Pure predicates: 2
% Unused predicate definitions: 1
% 
% >>> Saturation
% Initial clauses: 100
% Generated clauses: 398
% Active clauses: 129
% Passive clauses: 207
% Final active clauses: 122
% Final passive clauses: 69
% Main loop iterations started: 138
% 
% >>> Simplifying Inferences
% Duplicate literals: 15
% Fw subsumption resolutions: 22
% Fw demodulations: 5
% Bw demodulations: 3
% 
% >>> Deletion Inferences
% Simple tautologies: 12
% Forward subsumptions: 40
% 
% >>> Generating Inferences
% Binary resolution: 114
% Factoring: 1
% Forward superposition: 16
% Backward superposition: 20
% Self superposition: 2
% 
% >>> AVATAR
% Split clauses: 11
% Split components: 27
% 
% >>> SAT Solver Statistics
% SAT solver clauses: 118
% SAT solver unit clauses: 43
% SAT solver binary clauses: 47
% 
% Memory used [KB]: 10106
% Time elapsed: 0.005 s
% ------------------------------
% ------------------------------
% Time measurement results:
% parsing: 0.001 s
% minimizing solver time: 0.001 s
% congruence closure: 0.002 s ( own 0.001 s ) 
% other: 0.005 s ( own 0.002 s ) 

