i: [1,163,0,7,2,1,0,0] l4_wellord1
a: [3,240,0,2,1,163]
s: 240
i: [1,157,0,2,1,1,0,0] l4_wellord1
a: [3,273,0,2,1,157]
s: 273
i: [1,164,0,2,1,0,0,255] dt_o_0_0_xboole_0
a: [3,278,0,2,1,164]
s: 278
i: [1,221,0,2,1,0,0,255] rc7_funct_1
a: [3,288,0,2,1,221]
s: 288
i: [1,220,0,2,1,0,0,255] rc7_funct_1
a: [3,293,0,2,1,220]
s: 293
i: [1,223,0,2,1,0,0,2] rc1_relat_1
a: [3,298,0,2,1,223]
s: 298
i: [1,222,0,2,1,0,0,2] rc1_relat_1
a: [3,303,0,2,1,222]
s: 303
i: [1,226,0,2,1,0,0,255] rc4_funct_1
a: [3,308,0,2,1,226]
s: 308
i: [1,225,0,2,1,0,0,255] rc4_funct_1
a: [3,313,0,2,1,225]
s: 313
i: [1,224,0,2,1,0,0,255] rc4_funct_1
a: [3,318,0,2,1,224]
s: 318
i: [1,227,0,2,1,0,0,255] rc2_relat_1
a: [3,323,0,2,1,227]
s: 323
i: [1,229,0,2,1,0,0,255] rc3_funct_1
a: [3,328,0,2,1,229]
s: 328
i: [1,228,0,2,1,0,0,255] rc3_funct_1
a: [3,333,0,2,1,228]
s: 333
i: [1,231,0,2,1,0,0,3] rc1_funct_1
a: [3,338,0,2,1,231]
s: 338
i: [1,230,0,2,1,0,0,3] rc1_funct_1
a: [3,343,0,2,1,230]
s: 343
i: [1,234,0,2,1,0,0,255] rc5_funct_1
a: [3,348,0,2,1,234]
s: 348
i: [1,233,0,2,1,0,0,255] rc5_funct_1
a: [3,353,0,2,1,233]
s: 353
i: [1,232,0,2,1,0,0,255] rc5_funct_1
a: [3,358,0,2,1,232]
s: 358
i: [1,236,0,2,1,0,0,255] rc2_funct_1
a: [3,363,0,2,1,236]
s: 363
i: [1,235,0,2,1,0,0,255] rc2_funct_1
a: [3,368,0,2,1,235]
s: 368
i: [1,165,0,3,1,0,0,255] d2_xboole_0
a: [3,283,0,3,1,165]
s: 283
r: 278
d: [2,370,0,2,1,2,23,278,283]
a: [3,374,0,2,1,370]
s: 374
i: [1,169,0,4,2,0,0,255] cc7_funct_1
s: 169
d: [2,376,1,2,1,1,40,169,374]
a: [3,380,1,2,1,376]
s: 380
i: [1,170,0,4,2,0,0,3] cc1_funct_1
s: 170
i: [1,171,0,4,2,0,0,2] cc1_relat_1
s: 171
d: [2,382,1,2,1,1,40,170,374]
a: [3,386,1,2,1,382]
s: 386
i: [1,210,0,4,1,0,0,255] existence_m1_subset_1
s: 210
d: [2,388,1,2,1,1,40,171,374]
a: [3,392,1,2,1,388]
s: 392
i: [1,166,0,5,1,0,0,255] t1_boole
s: 166
i: [1,172,0,5,2,0,0,255] t6_boole
s: 172
i: [1,173,0,5,2,0,0,2] fc10_relat_1
s: 173
i: [1,174,0,5,2,0,0,2] fc11_relat_1
s: 174
i: [1,209,0,5,2,0,0,1] t7_boole
s: 209
i: [1,211,0,5,1,0,0,2] idempotence_k2_xboole_0
s: 211
i: [1,212,0,5,1,0,0,255] fc1_funct_1
s: 212
i: [1,213,0,5,1,0,0,255] fc5_relat_1
s: 213
i: [1,158,0,23,6,1,0,0] l4_wellord1
a: [3,268,0,21,5,158]
s: 268
d: [2,406,1,18,5,1,40,268,209]
d: [2,409,1,13,4,1,21,406,209]
a: [3,413,1,2,1,409]
s: 413
i: [1,206,0,6,2,0,0,255] t1_subset
s: 206
i: [1,216,0,6,2,0,0,1] antisymmetry_r2_hidden
s: 216
d: [2,400,1,5,2,0,40,173,171]
s: 400
i: [1,167,0,7,3,0,0,255] cc8_funct_1
s: 167
d: [2,401,1,5,2,0,40,173,170]
s: 401
i: [1,168,0,7,3,0,0,255] cc8_funct_1
s: 168
i: [1,185,0,7,3,0,0,2] fc8_relat_1
s: 185
d: [2,402,1,5,2,0,40,173,169]
s: 402
i: [1,186,0,7,3,0,0,2] fc9_relat_1
s: 186
d: [2,403,1,5,2,0,40,174,171]
s: 403
i: [1,190,0,7,3,0,0,2] fc24_relat_1
s: 190
i: [1,191,0,7,3,0,0,2] fc25_relat_1
s: 191
d: [2,404,1,5,2,0,40,174,170]
s: 404
i: [1,204,0,7,3,0,0,255] fc14_funct_1
s: 204
d: [2,405,1,5,2,0,40,174,169]
s: 405
i: [1,208,0,7,3,0,0,1] t8_boole
s: 208
i: [1,214,0,7,1,0,0,255] commutativity_k2_tarski
s: 214
d: [2,420,1,5,2,0,40,167,210]
s: 420
i: [1,215,0,7,1,0,0,2] commutativity_k2_xboole_0
s: 215
d: [2,421,1,5,2,0,40,168,210]
s: 421
i: [1,176,0,8,3,0,0,1] d14_relat_2
s: 176
i: [1,177,0,8,3,0,0,1] d14_relat_2
s: 177
d: [2,424,1,5,1,0,44,215,166]
s: 424
i: [1,189,0,8,4,0,0,255] cc6_funct_1
s: 189
d: [2,425,1,5,1,0,44,215,166]
s: 425
i: [1,196,0,8,4,0,0,255] cc4_funct_1
s: 196
d: [2,437,0,6,3,0,21,196,170]
d: [2,438,0,4,2,0,21,437,171]
s: 438
d: [2,439,1,2,1,1,40,438,374]
a: [3,445,1,2,1,439]
s: 445
i: [1,200,0,8,4,0,0,255] cc5_funct_1
s: 200
d: [2,426,1,5,1,0,44,166,215]
s: 426
i: [1,207,0,8,3,0,0,255] t2_subset
s: 207
i: [1,218,0,8,3,0,0,2] fc3_relat_1
s: 218
d: [2,427,1,5,1,0,44,166,215]
s: 427
i: [1,219,0,8,1,0,0,255] fc7_relat_1
s: 219
d: [2,440,1,5,2,0,40,438,173]
s: 440
i: [1,184,0,9,4,0,0,2] fc18_funct_1
s: 184
i: [1,199,0,9,4,0,0,255] fc13_funct_1
s: 199
d: [2,441,1,5,2,0,40,438,174]
s: 441
i: [1,203,0,9,4,0,0,255] fc12_funct_1
s: 203
d: [2,418,1,21,5,1,40,206,268]
s: 418
i: [1,175,0,10,2,0,0,1] d6_relat_1
s: 175
i: [1,179,0,10,3,0,0,2] d6_relat_2
s: 179
d: [2,465,2,22,6,1,40,418,168]
a: [3,470,2,2,1,465]
s: 470
i: [1,180,0,10,3,0,0,2] d6_relat_2
s: 180
d: [2,419,1,21,5,1,40,216,268]
s: 419
i: [1,205,0,10,1,0,0,255] d5_tarski
s: 205
i: [1,181,0,12,3,0,0,2] d6_relat_2
s: 181
d: [2,448,1,6,2,0,40,207,210]
s: 448
i: [1,217,0,12,5,0,0,255] fc15_funct_1
s: 217
d: [2,493,2,6,2,0,40,448,216]
s: 493
i: [1,182,0,14,3,0,0,2] d6_relat_2
s: 182
i: [1,183,0,14,3,0,0,2] d6_relat_2
s: 183
d: [2,394,1,7,3,0,44,172,172]
s: 394
i: [1,178,0,24,7,0,0,2] d6_relat_2
s: 178
d: [2,395,1,7,2,0,44,166,172]
s: 395
d: [2,482,1,7,3,0,40,179,209]
s: 482
d: [2,485,1,7,3,0,40,180,209]
s: 485
d: [2,430,2,7,2,0,44,424,172]
s: 430
d: [2,499,1,33,6,1,40,182,268]
d: [2,500,1,31,5,2,21,499,273]
s: 500
d: [2,541,2,27,6,2,40,500,183]
d: [2,545,2,24,5,2,18,541]
d: [2,546,2,22,4,2,21,545,273]
s: 546
r: 500
d: [2,501,1,33,6,1,40,183,268]
d: [2,502,1,31,5,2,21,501,273]
s: 502
d: [2,480,1,10,3,0,40,179,216]
s: 480
d: [2,549,3,27,6,2,44,181,546]
d: [2,552,3,24,5,2,18,549]
d: [2,553,3,17,4,2,19,552]
d: [2,558,3,15,3,2,21,553,273]
s: 558
r: 546
d: [2,481,1,10,3,0,40,179,206]
s: 481
d: [2,560,4,17,4,2,40,558,180]
d: [2,561,4,13,3,2,18,560]
d: [2,562,4,11,2,2,21,561,273]
a: [3,570,4,7,1,562]
s: 570
d: [2,483,1,10,3,0,40,180,216]
s: 483
d: [2,484,1,10,3,0,40,180,206]
s: 484
a: [3,566,4,4,1,562]
s: 566
d: [2,582,5,0,0,3,52,273,240,566,177]
e: 582
d: [2,583,5,4,2,1,40,566,177]
d: [2,585,5,2,1,2,21,583,240]
d: [2,586,5,0,0,3,21,585,273]
e: 586
r: 240
a: [3,239,0,2,1,163]
s: 239
i: [1,161,0,5,2,1,0,0] l4_wellord1
a: [3,254,0,3,1,161]
s: 254
i: [1,160,0,6,2,1,0,0] l4_wellord1
a: [3,259,0,4,1,160]
s: 259
i: [1,159,0,6,2,1,0,0] l4_wellord1
a: [3,264,0,4,1,159]
s: 264
d: [2,592,1,3,1,1,40,259,209]
a: [3,606,1,3,1,592]
s: 606
a: [3,244,0,5,1,163]
s: 244
r: 558
r: 419
r: 418
r: 268
d: [2,590,1,4,1,1,40,259,216]
a: [3,596,1,4,1,590]
s: 596
i: [1,162,0,7,2,1,0,0] l4_wellord1
a: [3,249,0,5,1,162]
s: 249
d: [2,634,5,0,0,7,52,273,566,264,259,254,244,249,178]
e: 634
d: [2,635,5,0,0,7,52,273,566,259,264,254,244,249,178]
e: 635
r: 566
r: 570
d: [2,591,1,4,1,1,40,259,206]
a: [3,601,1,4,1,591]
s: 601
d: [2,644,2,5,2,1,40,601,168]
a: [3,649,2,3,1,644]
s: 649
d: [2,608,1,4,1,1,40,264,216]
a: [3,614,1,4,1,608]
s: 614
d: [2,609,1,4,1,1,40,264,206]
a: [3,619,1,4,1,609]
s: 619
d: [2,623,1,19,6,1,40,244,178]
d: [2,628,1,16,5,2,21,623,254]
d: [2,629,1,14,4,3,21,628,273]
a: [3,632,1,9,3,629]
s: 632
d: [2,663,2,12,4,1,40,632,176]
d: [2,665,2,8,3,2,21,663,259]
d: [2,666,2,4,2,3,21,665,264]
d: [2,667,2,2,1,4,21,666,239]
d: [2,668,2,0,0,5,21,667,273]
e: 668
d: [2,575,5,6,2,1,40,570,179]
d: [2,576,5,4,1,2,21,575,273]
d: [2,588,5,2,1,2,21,583,273]
d: [2,636,1,19,6,1,40,249,178]
d: [2,639,1,14,5,2,21,636,244]
d: [2,640,1,11,4,3,21,639,254]
d: [2,641,1,9,3,4,21,640,273]
f: 668,641,588,576,562,157,158,159,160,161,162,163
% Refutation found. Thanks to Tanya!
% SZS status Theorem for wellord1__l4_wellord1
% SZS output start Proof for wellord1__l4_wellord1
1. ! [X0] : (v1_relat_1(X0) => (v6_relat_2(X0) <=> ! [X1] : ! [X2] : ~(~r2_hidden(k4_tarski(X2,X1),X0) & ~r2_hidden(k4_tarski(X1,X2),X0) & X1 != X2 & r2_hidden(X2,k1_relat_1(X0)) & r2_hidden(X1,k1_relat_1(X0))))) [input l4_wellord1]
2. ~! [X0] : (v1_relat_1(X0) => (v6_relat_2(X0) <=> ! [X1] : ! [X2] : ~(~r2_hidden(k4_tarski(X2,X1),X0) & ~r2_hidden(k4_tarski(X1,X2),X0) & X1 != X2 & r2_hidden(X2,k1_relat_1(X0)) & r2_hidden(X1,k1_relat_1(X0))))) [negated conjecture 1]
16. ! [X0] : (v1_relat_1(X0) => (v6_relat_2(X0) <=> r6_relat_2(X0,k1_relat_1(X0)))) [input d14_relat_2]
20. ! [X0] : (v1_relat_1(X0) => ! [X1] : (r6_relat_2(X0,X1) <=> ! [X2] : ! [X3] : ~(~r2_hidden(k4_tarski(X3,X2),X0) & ~r2_hidden(k4_tarski(X2,X3),X0) & X2 != X3 & r2_hidden(X3,X1) & r2_hidden(X2,X1)))) [input d6_relat_2]
63. ~! [X0] : (v1_relat_1(X0) => (v6_relat_2(X0) <=> ! [X1,X2] : ~(~r2_hidden(k4_tarski(X2,X1),X0) & ~r2_hidden(k4_tarski(X1,X2),X0) & X1 != X2 & r2_hidden(X2,k1_relat_1(X0)) & r2_hidden(X1,k1_relat_1(X0))))) [flattening 2]
64. ! [X0] : (v1_relat_1(X0) => ! [X1] : (r6_relat_2(X0,X1) <=> ! [X2,X3] : ~(~r2_hidden(k4_tarski(X3,X2),X0) & ~r2_hidden(k4_tarski(X2,X3),X0) & X2 != X3 & r2_hidden(X3,X1) & r2_hidden(X2,X1)))) [flattening 20]
79. ? [X0] : ((v6_relat_2(X0) <~> ! [X1,X2] : (r2_hidden(k4_tarski(X2,X1),X0) | r2_hidden(k4_tarski(X1,X2),X0) | X1 = X2 | ~r2_hidden(X2,k1_relat_1(X0)) | ~r2_hidden(X1,k1_relat_1(X0)))) & v1_relat_1(X0)) [ennf transformation 63]
88. ! [X0] : ((v6_relat_2(X0) <=> r6_relat_2(X0,k1_relat_1(X0))) | ~v1_relat_1(X0)) [ennf transformation 16]
89. ! [X0] : (! [X1] : (r6_relat_2(X0,X1) <=> ! [X2,X3] : (r2_hidden(k4_tarski(X3,X2),X0) | r2_hidden(k4_tarski(X2,X3),X0) | X2 = X3 | ~r2_hidden(X3,X1) | ~r2_hidden(X2,X1))) | ~v1_relat_1(X0)) [ennf transformation 64]
128. ? [X0] : (((? [X1,X2] : (~r2_hidden(k4_tarski(X2,X1),X0) & ~r2_hidden(k4_tarski(X1,X2),X0) & X1 != X2 & r2_hidden(X2,k1_relat_1(X0)) & r2_hidden(X1,k1_relat_1(X0))) | ~v6_relat_2(X0)) & (! [X1,X2] : (r2_hidden(k4_tarski(X2,X1),X0) | r2_hidden(k4_tarski(X1,X2),X0) | X1 = X2 | ~r2_hidden(X2,k1_relat_1(X0)) | ~r2_hidden(X1,k1_relat_1(X0))) | v6_relat_2(X0))) & v1_relat_1(X0)) [nnf transformation 79]
129. ? [X0] : ((? [X1,X2] : (~r2_hidden(k4_tarski(X2,X1),X0) & ~r2_hidden(k4_tarski(X1,X2),X0) & X1 != X2 & r2_hidden(X2,k1_relat_1(X0)) & r2_hidden(X1,k1_relat_1(X0))) | ~v6_relat_2(X0)) & (! [X1,X2] : (r2_hidden(k4_tarski(X2,X1),X0) | r2_hidden(k4_tarski(X1,X2),X0) | X1 = X2 | ~r2_hidden(X2,k1_relat_1(X0)) | ~r2_hidden(X1,k1_relat_1(X0))) | v6_relat_2(X0)) & v1_relat_1(X0)) [flattening 128]
130. ? [X0] : ((? [X1,X2] : (~r2_hidden(k4_tarski(X2,X1),X0) & ~r2_hidden(k4_tarski(X1,X2),X0) & X1 != X2 & r2_hidden(X2,k1_relat_1(X0)) & r2_hidden(X1,k1_relat_1(X0))) | ~v6_relat_2(X0)) & (! [X3,X4] : (r2_hidden(k4_tarski(X4,X3),X0) | r2_hidden(k4_tarski(X3,X4),X0) | X3 = X4 | ~r2_hidden(X4,k1_relat_1(X0)) | ~r2_hidden(X3,k1_relat_1(X0))) | v6_relat_2(X0)) & v1_relat_1(X0)) [rectify 129]
131. ? [X0] : ((? [X1,X2] : (~r2_hidden(k4_tarski(X2,X1),X0) & ~r2_hidden(k4_tarski(X1,X2),X0) & X1 != X2 & r2_hidden(X2,k1_relat_1(X0)) & r2_hidden(X1,k1_relat_1(X0))) | ~v6_relat_2(X0)) & (! [X3,X4] : (r2_hidden(k4_tarski(X4,X3),X0) | r2_hidden(k4_tarski(X3,X4),X0) | X3 = X4 | ~r2_hidden(X4,k1_relat_1(X0)) | ~r2_hidden(X3,k1_relat_1(X0))) | v6_relat_2(X0)) & v1_relat_1(X0)) => ((? [X2,X1] : (~r2_hidden(k4_tarski(X2,X1),sK0) & ~r2_hidden(k4_tarski(X1,X2),sK0) & X1 != X2 & r2_hidden(X2,k1_relat_1(sK0)) & r2_hidden(X1,k1_relat_1(sK0))) | ~v6_relat_2(sK0)) & (! [X4,X3] : (r2_hidden(k4_tarski(X4,X3),sK0) | r2_hidden(k4_tarski(X3,X4),sK0) | X3 = X4 | ~r2_hidden(X4,k1_relat_1(sK0)) | ~r2_hidden(X3,k1_relat_1(sK0))) | v6_relat_2(sK0)) & v1_relat_1(sK0)) [choice axiom]
132. ? [X2,X1] : (~r2_hidden(k4_tarski(X2,X1),sK0) & ~r2_hidden(k4_tarski(X1,X2),sK0) & X1 != X2 & r2_hidden(X2,k1_relat_1(sK0)) & r2_hidden(X1,k1_relat_1(sK0))) => (~r2_hidden(k4_tarski(sK2,sK1),sK0) & ~r2_hidden(k4_tarski(sK1,sK2),sK0) & sK1 != sK2 & r2_hidden(sK2,k1_relat_1(sK0)) & r2_hidden(sK1,k1_relat_1(sK0))) [choice axiom]
133. ((~r2_hidden(k4_tarski(sK2,sK1),sK0) & ~r2_hidden(k4_tarski(sK1,sK2),sK0) & sK1 != sK2 & r2_hidden(sK2,k1_relat_1(sK0)) & r2_hidden(sK1,k1_relat_1(sK0))) | ~v6_relat_2(sK0)) & (! [X3,X4] : (r2_hidden(k4_tarski(X4,X3),sK0) | r2_hidden(k4_tarski(X3,X4),sK0) | X3 = X4 | ~r2_hidden(X4,k1_relat_1(sK0)) | ~r2_hidden(X3,k1_relat_1(sK0))) | v6_relat_2(sK0)) & v1_relat_1(sK0) [skolemisation 130,132,131]
134. ! [X0] : (((v6_relat_2(X0) | ~r6_relat_2(X0,k1_relat_1(X0))) & (r6_relat_2(X0,k1_relat_1(X0)) | ~v6_relat_2(X0))) | ~v1_relat_1(X0)) [nnf transformation 88]
135. ! [X0] : (! [X1] : ((r6_relat_2(X0,X1) | ? [X2,X3] : (~r2_hidden(k4_tarski(X3,X2),X0) & ~r2_hidden(k4_tarski(X2,X3),X0) & X2 != X3 & r2_hidden(X3,X1) & r2_hidden(X2,X1))) & (! [X2,X3] : (r2_hidden(k4_tarski(X3,X2),X0) | r2_hidden(k4_tarski(X2,X3),X0) | X2 = X3 | ~r2_hidden(X3,X1) | ~r2_hidden(X2,X1)) | ~r6_relat_2(X0,X1))) | ~v1_relat_1(X0)) [nnf transformation 89]
136. ! [X0] : (! [X1] : ((r6_relat_2(X0,X1) | ? [X2,X3] : (~r2_hidden(k4_tarski(X3,X2),X0) & ~r2_hidden(k4_tarski(X2,X3),X0) & X2 != X3 & r2_hidden(X3,X1) & r2_hidden(X2,X1))) & (! [X4,X5] : (r2_hidden(k4_tarski(X5,X4),X0) | r2_hidden(k4_tarski(X4,X5),X0) | X4 = X5 | ~r2_hidden(X5,X1) | ~r2_hidden(X4,X1)) | ~r6_relat_2(X0,X1))) | ~v1_relat_1(X0)) [rectify 135]
137. ! [X1,X0] : (? [X2,X3] : (~r2_hidden(k4_tarski(X3,X2),X0) & ~r2_hidden(k4_tarski(X2,X3),X0) & X2 != X3 & r2_hidden(X3,X1) & r2_hidden(X2,X1)) => (~r2_hidden(k4_tarski(sK4(X0,X1),sK3(X0,X1)),X0) & ~r2_hidden(k4_tarski(sK3(X0,X1),sK4(X0,X1)),X0) & sK3(X0,X1) != sK4(X0,X1) & r2_hidden(sK4(X0,X1),X1) & r2_hidden(sK3(X0,X1),X1))) [choice axiom]
138. ! [X0] : (! [X1] : ((r6_relat_2(X0,X1) | (~r2_hidden(k4_tarski(sK4(X0,X1),sK3(X0,X1)),X0) & ~r2_hidden(k4_tarski(sK3(X0,X1),sK4(X0,X1)),X0) & sK3(X0,X1) != sK4(X0,X1) & r2_hidden(sK4(X0,X1),X1) & r2_hidden(sK3(X0,X1),X1))) & (! [X4,X5] : (r2_hidden(k4_tarski(X5,X4),X0) | r2_hidden(k4_tarski(X4,X5),X0) | X4 = X5 | ~r2_hidden(X5,X1) | ~r2_hidden(X4,X1)) | ~r6_relat_2(X0,X1))) | ~v1_relat_1(X0)) [skolemisation 136,137]
157. v1_relat_1(sK0) [cnf transformation 133] {a:0,w:2,wCS:200,goal:1,sine:0,thAx:0,allAx:3,thDist:-3}
158. r2_hidden(k4_tarski(X4,X3),sK0) | r2_hidden(k4_tarski(X3,X4),sK0) | X3 = X4 | ~r2_hidden(X4,k1_relat_1(sK0)) | ~r2_hidden(X3,k1_relat_1(sK0)) | v6_relat_2(sK0) [cnf transformation 133] {a:0,w:23,wCS:2300,goal:1,sine:0,thAx:0,allAx:3,thDist:-3}
159. r2_hidden(sK1,k1_relat_1(sK0)) | ~v6_relat_2(sK0) [cnf transformation 133] {a:0,w:6,wCS:600,goal:1,sine:0,thAx:0,allAx:3,thDist:-3}
160. r2_hidden(sK2,k1_relat_1(sK0)) | ~v6_relat_2(sK0) [cnf transformation 133] {a:0,w:6,wCS:600,goal:1,sine:0,thAx:0,allAx:3,thDist:-3}
161. sK1 != sK2 | ~v6_relat_2(sK0) [cnf transformation 133] {a:0,w:5,wCS:500,goal:1,sine:0,thAx:0,allAx:3,thDist:-3}
162. ~r2_hidden(k4_tarski(sK1,sK2),sK0) | ~v6_relat_2(sK0) [cnf transformation 133] {a:0,w:7,wCS:700,goal:1,sine:0,thAx:0,allAx:3,thDist:-3}
163. ~r2_hidden(k4_tarski(sK2,sK1),sK0) | ~v6_relat_2(sK0) [cnf transformation 133] {a:0,w:7,wCS:700,goal:1,sine:0,thAx:0,allAx:3,thDist:-3}
176. r6_relat_2(X0,k1_relat_1(X0)) | ~v6_relat_2(X0) | ~v1_relat_1(X0) [cnf transformation 134] {a:0,w:8,wCS:3200,nSel:1,sine:1,thAx:0,allAx:1,thDist:-1}
177. ~r6_relat_2(X0,k1_relat_1(X0)) | v6_relat_2(X0) | ~v1_relat_1(X0) [cnf transformation 134] {a:0,w:8,wCS:3200,nSel:1,sine:1,thAx:0,allAx:1,thDist:-1}
178. r2_hidden(k4_tarski(X5,X4),X0) | r2_hidden(k4_tarski(X4,X5),X0) | X4 = X5 | ~r2_hidden(X5,X1) | ~r2_hidden(X4,X1) | ~r6_relat_2(X0,X1) | ~v1_relat_1(X0) [cnf transformation 138] {a:0,w:24,wCS:9600,nSel:1,sine:2,thAx:0,allAx:2,thDist:-2}
179. r2_hidden(sK3(X0,X1),X1) | r6_relat_2(X0,X1) | ~v1_relat_1(X0) [cnf transformation 138] {a:0,w:10,wCS:4000,nSel:1,sine:2,thAx:0,allAx:2,thDist:-2}
180. r2_hidden(sK4(X0,X1),X1) | r6_relat_2(X0,X1) | ~v1_relat_1(X0) [cnf transformation 138] {a:0,w:10,wCS:4000,nSel:1,sine:2,thAx:0,allAx:2,thDist:-2}
181. sK3(X0,X1) != sK4(X0,X1) | r6_relat_2(X0,X1) | ~v1_relat_1(X0) [cnf transformation 138] {a:0,w:12,wCS:4800,nSel:1,sine:2,thAx:0,allAx:2,thDist:-2}
182. ~r2_hidden(k4_tarski(sK3(X0,X1),sK4(X0,X1)),X0) | r6_relat_2(X0,X1) | ~v1_relat_1(X0) [cnf transformation 138] {a:0,w:14,wCS:5600,nSel:1,sine:2,thAx:0,allAx:2,thDist:-2}
183. ~r2_hidden(k4_tarski(sK4(X0,X1),sK3(X0,X1)),X0) | r6_relat_2(X0,X1) | ~v1_relat_1(X0) [cnf transformation 138] {a:0,w:14,wCS:5600,nSel:1,sine:2,thAx:0,allAx:2,thDist:-2}
238. 1 <=> v6_relat_2(sK0) [avatar definition]
239. v6_relat_2(sK0) <- (1) [avatar component clause 238] {a:0,w:2,wCS:200,nSel:1,goal:1,sine:255,thAx:0,allAx:3,thDist:-3}
242. 2 <=> r2_hidden(k4_tarski(sK2,sK1),sK0) [avatar definition]
244. ~r2_hidden(k4_tarski(sK2,sK1),sK0) <- (~2) [avatar component clause 242] {a:0,w:5,wCS:500,nSel:1,goal:1,sine:255,thAx:0,allAx:3,thDist:-3}
245. ~1 | ~2 [avatar split clause 163,242,238]
247. 3 <=> r2_hidden(k4_tarski(sK1,sK2),sK0) [avatar definition]
249. ~r2_hidden(k4_tarski(sK1,sK2),sK0) <- (~3) [avatar component clause 247] {a:0,w:5,wCS:500,nSel:1,goal:1,sine:255,thAx:0,allAx:3,thDist:-3}
250. ~1 | ~3 [avatar split clause 162,247,238]
252. 4 <=> sK1 = sK2 [avatar definition]
254. sK1 != sK2 <- (~4) [avatar component clause 252] {a:0,w:3,wCS:300,nSel:1,goal:1,sine:255,thAx:0,allAx:3,thDist:-3}
255. ~1 | ~4 [avatar split clause 161,252,238]
257. 5 <=> r2_hidden(sK2,k1_relat_1(sK0)) [avatar definition]
259. r2_hidden(sK2,k1_relat_1(sK0)) <- (5) [avatar component clause 257] {a:0,w:4,wCS:400,nSel:1,goal:1,sine:255,thAx:0,allAx:3,thDist:-3}
260. ~1 | 5 [avatar split clause 160,257,238]
262. 6 <=> r2_hidden(sK1,k1_relat_1(sK0)) [avatar definition]
264. r2_hidden(sK1,k1_relat_1(sK0)) <- (6) [avatar component clause 262] {a:0,w:4,wCS:400,nSel:1,goal:1,sine:255,thAx:0,allAx:3,thDist:-3}
265. ~1 | 6 [avatar split clause 159,262,238]
267. 7 <=> ! [X3,X4] : (r2_hidden(k4_tarski(X4,X3),sK0) | ~r2_hidden(X3,k1_relat_1(sK0)) | ~r2_hidden(X4,k1_relat_1(sK0)) | X3 = X4 | r2_hidden(k4_tarski(X3,X4),sK0)) [avatar definition]
268. r2_hidden(k4_tarski(X4,X3),sK0) | ~r2_hidden(X3,k1_relat_1(sK0)) | ~r2_hidden(X4,k1_relat_1(sK0)) | X3 = X4 | r2_hidden(k4_tarski(X3,X4),sK0) <- (7) [avatar component clause 267] {a:0,w:21,wCS:2100,nSel:1,goal:1,sine:255,thAx:0,allAx:3,thDist:-3}
269. 1 | 7 [avatar split clause 158,267,238]
271. 8 <=> v1_relat_1(sK0) [avatar definition]
273. v1_relat_1(sK0) <- (8) [avatar component clause 271] {a:0,w:2,wCS:200,nSel:1,goal:1,sine:255,thAx:0,allAx:3,thDist:-3}
274. 8 [avatar split clause 157,271]
499. r6_relat_2(sK0,X0) | ~v1_relat_1(sK0) | ~r2_hidden(sK4(sK0,X0),k1_relat_1(sK0)) | ~r2_hidden(sK3(sK0,X0),k1_relat_1(sK0)) | sK4(sK0,X0) = sK3(sK0,X0) | r2_hidden(k4_tarski(sK4(sK0,X0),sK3(sK0,X0)),sK0) <- (7) [resolution 182,268] {a:1,w:33,wCS:3300,goal:1,sine:2,thAx:0,allAx:5,thDist:-5}
500. r2_hidden(k4_tarski(sK4(sK0,X0),sK3(sK0,X0)),sK0) | ~r2_hidden(sK4(sK0,X0),k1_relat_1(sK0)) | ~r2_hidden(sK3(sK0,X0),k1_relat_1(sK0)) | sK4(sK0,X0) = sK3(sK0,X0) | r6_relat_2(sK0,X0) <- (7, 8) [subsumption resolution 499,273] {a:1,w:31,wCS:3100,nSel:1,goal:1,sine:2,thAx:0,allAx:5,thDist:-5}
541. ~r2_hidden(sK4(sK0,X0),k1_relat_1(sK0)) | ~r2_hidden(sK3(sK0,X0),k1_relat_1(sK0)) | sK4(sK0,X0) = sK3(sK0,X0) | r6_relat_2(sK0,X0) | r6_relat_2(sK0,X0) | ~v1_relat_1(sK0) <- (7, 8) [resolution 500,183] {a:2,w:27,wCS:2700,goal:1,sine:2,thAx:0,allAx:7,thDist:-7}
545. ~r2_hidden(sK4(sK0,X0),k1_relat_1(sK0)) | ~r2_hidden(sK3(sK0,X0),k1_relat_1(sK0)) | sK4(sK0,X0) = sK3(sK0,X0) | r6_relat_2(sK0,X0) | ~v1_relat_1(sK0) <- (7, 8) [duplicate literal removal 541] {a:2,w:24,wCS:2400,goal:1,sine:2,thAx:0,allAx:7,thDist:-7}
546. sK4(sK0,X0) = sK3(sK0,X0) | ~r2_hidden(sK3(sK0,X0),k1_relat_1(sK0)) | ~r2_hidden(sK4(sK0,X0),k1_relat_1(sK0)) | r6_relat_2(sK0,X0) <- (7, 8) [subsumption resolution 545,273] {a:2,w:22,wCS:2200,nSel:1,goal:1,sine:2,thAx:0,allAx:7,thDist:-7}
549. sK3(sK0,X2) != sK3(sK0,X2) | r6_relat_2(sK0,X2) | ~v1_relat_1(sK0) | ~r2_hidden(sK3(sK0,X2),k1_relat_1(sK0)) | ~r2_hidden(sK4(sK0,X2),k1_relat_1(sK0)) | r6_relat_2(sK0,X2) <- (7, 8) [superposition 181,546] {a:3,w:27,wCS:2700,goal:1,sine:2,thAx:0,allAx:9,thDist:-9}
552. sK3(sK0,X2) != sK3(sK0,X2) | r6_relat_2(sK0,X2) | ~v1_relat_1(sK0) | ~r2_hidden(sK3(sK0,X2),k1_relat_1(sK0)) | ~r2_hidden(sK4(sK0,X2),k1_relat_1(sK0)) <- (7, 8) [duplicate literal removal 549] {a:3,w:24,wCS:2400,goal:1,sine:2,thAx:0,allAx:9,thDist:-9}
553. r6_relat_2(sK0,X2) | ~v1_relat_1(sK0) | ~r2_hidden(sK3(sK0,X2),k1_relat_1(sK0)) | ~r2_hidden(sK4(sK0,X2),k1_relat_1(sK0)) <- (7, 8) [trivial inequality removal 552] {a:3,w:17,wCS:1700,goal:1,sine:2,thAx:0,allAx:9,thDist:-9}
558. ~r2_hidden(sK4(sK0,X2),k1_relat_1(sK0)) | ~r2_hidden(sK3(sK0,X2),k1_relat_1(sK0)) | r6_relat_2(sK0,X2) <- (7, 8) [subsumption resolution 553,273] {a:3,w:15,wCS:1500,nSel:1,goal:1,sine:2,thAx:0,allAx:9,thDist:-9}
560. ~r2_hidden(sK3(sK0,k1_relat_1(sK0)),k1_relat_1(sK0)) | r6_relat_2(sK0,k1_relat_1(sK0)) | r6_relat_2(sK0,k1_relat_1(sK0)) | ~v1_relat_1(sK0) <- (7, 8) [resolution 558,180] {a:4,w:17,wCS:1700,goal:1,sine:2,thAx:0,allAx:11,thDist:-11}
561. ~r2_hidden(sK3(sK0,k1_relat_1(sK0)),k1_relat_1(sK0)) | r6_relat_2(sK0,k1_relat_1(sK0)) | ~v1_relat_1(sK0) <- (7, 8) [duplicate literal removal 560] {a:4,w:13,wCS:1300,goal:1,sine:2,thAx:0,allAx:11,thDist:-11}
562. ~r2_hidden(sK3(sK0,k1_relat_1(sK0)),k1_relat_1(sK0)) | r6_relat_2(sK0,k1_relat_1(sK0)) <- (7, 8) [subsumption resolution 561,273] {a:4,w:11,wCS:1100,goal:1,sine:2,thAx:0,allAx:11,thDist:-11}
564. 38 <=> r6_relat_2(sK0,k1_relat_1(sK0)) [avatar definition]
566. r6_relat_2(sK0,k1_relat_1(sK0)) <- (38) [avatar component clause 564] {a:4,w:4,wCS:400,nSel:1,goal:1,sine:255,thAx:0,allAx:11,thDist:-11}
568. 39 <=> r2_hidden(sK3(sK0,k1_relat_1(sK0)),k1_relat_1(sK0)) [avatar definition]
570. ~r2_hidden(sK3(sK0,k1_relat_1(sK0)),k1_relat_1(sK0)) <- (~39) [avatar component clause 568] {a:4,w:7,wCS:700,nSel:1,goal:1,sine:255,thAx:0,allAx:11,thDist:-11}
571. 38 | ~39 | ~7 | ~8 [avatar split clause 562,271,267,568,564]
575. r6_relat_2(sK0,k1_relat_1(sK0)) | ~v1_relat_1(sK0) <- (~39) [resolution 570,179] {a:5,w:6,wCS:600,goal:1,sine:2,thAx:0,allAx:13,thDist:-13}
576. r6_relat_2(sK0,k1_relat_1(sK0)) <- (8, ~39) [subsumption resolution 575,273] {a:5,w:4,wCS:400,goal:1,sine:2,thAx:0,allAx:13,thDist:-13}
577. 38 | ~8 | 39 [avatar split clause 576,568,271,564]
583. v6_relat_2(sK0) | ~v1_relat_1(sK0) <- (38) [resolution 566,177] {a:5,w:4,wCS:400,goal:1,sine:1,thAx:0,allAx:12,thDist:-12}
588. v6_relat_2(sK0) <- (8, 38) [subsumption resolution 583,273] {a:5,w:2,wCS:200,goal:1,sine:1,thAx:0,allAx:12,thDist:-12}
589. 1 | ~8 | ~38 [avatar split clause 588,564,271,238]
631. 45 <=> ! [X0] : (~r2_hidden(sK2,X0) | ~r6_relat_2(sK0,X0) | ~r2_hidden(sK1,X0)) [avatar definition]
632. ~r6_relat_2(sK0,X0) | ~r2_hidden(sK2,X0) | ~r2_hidden(sK1,X0) <- (45) [avatar component clause 631] {a:1,w:9,wCS:900,nSel:1,goal:1,sine:255,thAx:0,allAx:5,thDist:-5}
636. r2_hidden(k4_tarski(sK2,sK1),sK0) | sK1 = sK2 | ~r2_hidden(sK1,X0) | ~r2_hidden(sK2,X0) | ~r6_relat_2(sK0,X0) | ~v1_relat_1(sK0) <- (~3) [resolution 249,178] {a:1,w:19,wCS:1900,goal:1,sine:2,thAx:0,allAx:5,thDist:-5}
639. sK1 = sK2 | ~r2_hidden(sK1,X0) | ~r2_hidden(sK2,X0) | ~r6_relat_2(sK0,X0) | ~v1_relat_1(sK0) <- (~2, ~3) [subsumption resolution 636,244] {a:1,w:14,wCS:1400,goal:1,sine:2,thAx:0,allAx:5,thDist:-5}
640. ~r2_hidden(sK1,X0) | ~r2_hidden(sK2,X0) | ~r6_relat_2(sK0,X0) | ~v1_relat_1(sK0) <- (~2, ~3, ~4) [subsumption resolution 639,254] {a:1,w:11,wCS:1100,goal:1,sine:2,thAx:0,allAx:5,thDist:-5}
641. ~r2_hidden(sK1,X0) | ~r2_hidden(sK2,X0) | ~r6_relat_2(sK0,X0) <- (~2, ~3, ~4, 8) [subsumption resolution 640,273] {a:1,w:9,wCS:900,goal:1,sine:2,thAx:0,allAx:5,thDist:-5}
642. 45 | 2 | 3 | 4 | ~8 [avatar split clause 641,271,252,247,242,631]
663. ~r2_hidden(sK2,k1_relat_1(sK0)) | ~r2_hidden(sK1,k1_relat_1(sK0)) | ~v6_relat_2(sK0) | ~v1_relat_1(sK0) <- (45) [resolution 632,176] {a:2,w:12,wCS:1200,goal:1,sine:1,thAx:0,allAx:6,thDist:-6}
665. ~r2_hidden(sK1,k1_relat_1(sK0)) | ~v6_relat_2(sK0) | ~v1_relat_1(sK0) <- (5, 45) [subsumption resolution 663,259] {a:2,w:8,wCS:800,goal:1,sine:1,thAx:0,allAx:6,thDist:-6}
666. ~v6_relat_2(sK0) | ~v1_relat_1(sK0) <- (5, 6, 45) [subsumption resolution 665,264] {a:2,w:4,wCS:400,goal:1,sine:1,thAx:0,allAx:6,thDist:-6}
667. ~v1_relat_1(sK0) <- (1, 5, 6, 45) [subsumption resolution 666,239] {a:2,w:2,wCS:200,goal:1,sine:1,thAx:0,allAx:6,thDist:-6}
668. $false <- (1, 5, 6, 8, 45) [subsumption resolution 667,273] {a:2,w:0,goal:1,sine:1,thAx:0,allAx:6,thDist:-6}
669. ~1 | ~5 | ~6 | ~8 | ~45 [avatar contradiction clause 668]
670. $false [avatar sat refutation 245,250,255,260,265,269,274,571,577,589,642,669] {a:0,w:0,goal:1,sine:0,thAx:0,allAx:360,thDist:-360}
% SZS output end Proof for wellord1__l4_wellord1
% ------------------------------
% Version: Vampire 4.5.1 (commit 226f88162 on 2021-09-12 20:13:44 +0200)
% Termination reason: Refutation

% >>> Input
% Input formulas: 61
% >>> Preprocessing
% Introduced skolems: 14
% Pure predicates: 4
% 
% >>> Saturation
% Initial clauses: 80
% Generated clauses: 321
% Active clauses: 112
% Passive clauses: 159
% Final active clauses: 102
% Final passive clauses: 35
% Main loop iterations started: 120
% 
% >>> Simplifying Inferences
% Duplicate literals: 17
% Trivial inequalities: 1
% Fw subsumption resolutions: 32
% Bw demodulations: 1
% 
% >>> Deletion Inferences
% Simple tautologies: 22
% Equational tautologies: 2
% Forward subsumptions: 43
% Backward subsumptions: 2
% 
% >>> Generating Inferences
% Binary resolution: 80
% Unit resulting resolution: 3
% Factoring: 2
% Forward superposition: 29
% Backward superposition: 27
% Self superposition: 2
% 
% >>> AVATAR
% Split clauses: 13
% Split components: 26
% Sat splitting refutations: 5
% 
% >>> SAT Solver Statistics
% SAT solver clauses: 55
% SAT solver unit clauses: 20
% SAT solver binary clauses: 16
% 
% Memory used [KB]: 5373
% Time elapsed: 0.006 s
% ------------------------------
% ------------------------------
% Time measurement results:
% parsing: 0.002 s
% SAT solver time: 0.001 s
% forward subsumption resolution: 0.001 s
% other: 0.006 s ( own 0.002 s ) 

