i: [1,387,0,2,1,1,0,0] t47_bhsp_2
a: [3,593,0,2,1,387]
s: 593
i: [1,386,0,2,1,1,0,0] t47_bhsp_2
a: [3,598,0,2,1,386]
s: 598
i: [1,385,0,2,1,1,0,0] t47_bhsp_2
a: [3,603,0,2,1,385]
s: 603
i: [1,384,0,2,1,1,0,0] t47_bhsp_2
a: [3,608,0,2,1,384]
s: 608
i: [1,383,0,2,1,1,0,0] t47_bhsp_2
a: [3,613,0,2,1,383]
s: 613
i: [1,382,0,2,1,1,0,0] t47_bhsp_2
a: [3,618,0,2,1,382]
s: 618
i: [1,381,0,2,1,1,0,0] t47_bhsp_2
a: [3,623,0,2,1,381]
s: 623
i: [1,380,0,2,1,1,0,0] t47_bhsp_2
a: [3,628,0,2,1,380]
s: 628
i: [1,379,0,2,1,1,0,0] t47_bhsp_2
a: [3,633,0,2,1,379]
s: 633
i: [1,378,0,2,1,1,0,0] t47_bhsp_2
a: [3,638,0,2,1,378]
s: 638
i: [1,377,0,2,1,1,0,0] t47_bhsp_2
a: [3,643,0,2,1,377]
s: 643
i: [1,390,0,3,1,1,0,0] t47_bhsp_2
a: [3,578,0,3,1,390]
s: 578
i: [1,389,0,4,1,1,0,0] t47_bhsp_2
a: [3,583,0,4,1,389]
s: 583
i: [1,388,0,4,1,1,0,0] t47_bhsp_2
a: [3,588,0,4,1,388]
s: 588
i: [1,392,0,14,2,1,0,0] t47_bhsp_2
a: [3,568,0,6,1,392]
s: 568
a: [3,571,0,8,1,392]
s: 571
i: [1,393,0,2,1,0,0,255] spc1_boole
a: [3,648,0,2,1,393]
s: 648
i: [1,394,0,2,1,0,0,255] fc3_membered
a: [3,653,0,2,1,394]
s: 653
i: [1,395,0,2,1,0,0,255] fc6_membered
a: [3,658,0,2,1,395]
s: 658
i: [1,396,0,2,1,0,0,255] fc1_xboole_0
a: [3,663,0,2,1,396]
s: 663
i: [1,402,0,2,1,0,0,255] fc6_ordinal1
a: [3,688,0,2,1,402]
s: 688
i: [1,401,0,2,1,0,0,255] fc6_ordinal1
a: [3,693,0,2,1,401]
s: 693
i: [1,403,0,2,1,0,0,255] spc1_numerals
a: [3,713,0,2,1,403]
s: 713
i: [1,514,0,7,3,0,0,1] reflexivity_r1_xxreal_0
a: [3,717,0,2,1,514]
s: 717
i: [1,522,0,2,1,0,0,2] rc2_xboole_0
a: [3,725,0,2,1,522]
s: 725
i: [1,523,0,2,1,0,0,255] existence_l1_rlvect_1
a: [3,730,0,2,1,523]
s: 730
i: [1,524,0,2,1,0,0,255] existence_l1_algstr_0
a: [3,735,0,2,1,524]
s: 735
i: [1,525,0,2,1,0,0,2] existence_l2_algstr_0
a: [3,740,0,2,1,525]
s: 740
i: [1,526,0,2,1,0,0,1] existence_l1_bhsp_1
a: [3,745,0,2,1,526]
s: 745
i: [1,527,0,2,1,0,0,255] existence_l2_struct_0
a: [3,750,0,2,1,527]
s: 750
i: [1,528,0,2,1,0,0,2] existence_l1_struct_0
a: [3,755,0,2,1,528]
s: 755
i: [1,529,0,2,1,0,0,255] rc4_ordinal1
a: [3,760,0,2,1,529]
s: 760
i: [1,530,0,2,1,0,0,255] rc1_ordinal1
a: [3,765,0,2,1,530]
s: 765
i: [1,531,0,2,1,0,0,2] rc1_xreal_0
a: [3,770,0,2,1,531]
s: 770
i: [1,532,0,2,1,0,0,2] rc1_xxreal_0
a: [3,775,0,2,1,532]
s: 775
d: [2,932,0,0,0,2,21,775,717]
e: 932
r: 717
s: 775
i: [1,533,0,2,1,0,0,2] rc1_xboole_0
a: [3,780,0,2,1,533]
s: 780
i: [1,537,0,2,1,0,0,255] rc2_ordinal1
a: [3,785,0,2,1,537]
s: 785
i: [1,536,0,2,1,0,0,255] rc2_ordinal1
a: [3,790,0,2,1,536]
s: 790
i: [1,535,0,2,1,0,0,255] rc2_ordinal1
a: [3,795,0,2,1,535]
s: 795
i: [1,534,0,2,1,0,0,255] rc2_ordinal1
a: [3,800,0,2,1,534]
s: 800
i: [1,539,0,2,1,0,0,255] rc5_ordinal1
a: [3,805,0,2,1,539]
s: 805
i: [1,538,0,2,1,0,0,255] rc5_ordinal1
a: [3,810,0,2,1,538]
s: 810
i: [1,541,0,2,1,0,0,255] rc1_membered
a: [3,815,0,2,1,541]
s: 815
i: [1,540,0,2,1,0,0,255] rc1_membered
a: [3,820,0,2,1,540]
s: 820
i: [1,543,0,2,1,0,0,255] rc2_membered
a: [3,825,0,2,1,543]
s: 825
i: [1,542,0,2,1,0,0,255] rc2_membered
a: [3,830,0,2,1,542]
s: 830
i: [1,545,0,2,1,0,0,255] rc3_membered
a: [3,835,0,2,1,545]
s: 835
i: [1,544,0,2,1,0,0,255] rc3_membered
a: [3,840,0,2,1,544]
s: 840
i: [1,548,0,2,1,0,0,255] rc20_struct_0
a: [3,845,0,2,1,548]
s: 845
i: [1,547,0,2,1,0,0,255] rc20_struct_0
a: [3,850,0,2,1,547]
s: 850
i: [1,546,0,2,1,0,0,255] rc20_struct_0
a: [3,855,0,2,1,546]
s: 855
i: [1,551,0,2,1,0,0,255] rc3_xreal_0
a: [3,860,0,2,1,551]
s: 860
i: [1,550,0,2,1,0,0,255] rc3_xreal_0
a: [3,865,0,2,1,550]
s: 865
i: [1,549,0,2,1,0,0,255] rc3_xreal_0
a: [3,870,0,2,1,549]
s: 870
i: [1,554,0,2,1,0,0,255] rc2_xreal_0
a: [3,875,0,2,1,554]
s: 875
i: [1,553,0,2,1,0,0,255] rc2_xreal_0
a: [3,880,0,2,1,553]
s: 880
i: [1,552,0,2,1,0,0,255] rc2_xreal_0
a: [3,885,0,2,1,552]
s: 885
i: [1,556,0,2,1,0,0,2] rc3_xxreal_0
a: [3,890,0,2,1,556]
s: 890
i: [1,555,0,2,1,0,0,2] rc3_xxreal_0
a: [3,895,0,2,1,555]
s: 895
i: [1,558,0,2,1,0,0,2] rc2_xxreal_0
a: [3,900,0,2,1,558]
s: 900
i: [1,557,0,2,1,0,0,2] rc2_xxreal_0
a: [3,905,0,2,1,557]
s: 905
i: [1,561,0,2,1,0,0,255] rc4_xreal_0
a: [3,910,0,2,1,561]
s: 910
i: [1,560,0,2,1,0,0,255] rc4_xreal_0
a: [3,915,0,2,1,560]
s: 915
i: [1,559,0,2,1,0,0,255] rc4_xreal_0
a: [3,920,0,2,1,559]
s: 920
i: [1,563,0,2,1,0,0,2] rc4_xxreal_0
a: [3,925,0,2,1,563]
s: 925
i: [1,562,0,2,1,0,0,2] rc4_xxreal_0
a: [3,930,0,2,1,562]
s: 930
i: [1,507,0,3,1,0,0,255] reflexivity_r1_tarski
s: 507
i: [1,397,0,3,1,0,0,255] redefinition_k5_numbers
a: [3,668,0,3,1,397]
s: 668
r: 693
r: 688
r: 658
d: [2,934,0,2,1,2,23,693,668]
a: [3,940,0,2,1,934]
s: 940
d: [2,935,0,2,1,2,23,688,668]
a: [3,945,0,2,1,935]
s: 945
d: [2,936,0,2,1,2,23,658,668]
a: [3,950,0,2,1,936]
s: 950
i: [1,398,0,3,1,0,0,255] rqLessOrEqual__r1_xxreal_0__r1_r1
a: [3,673,0,3,1,398]
s: 673
i: [1,399,0,3,1,0,0,255] t1_numerals
a: [3,678,0,3,1,399]
s: 678
i: [1,406,0,3,1,0,0,255] spc1_numerals
a: [3,698,0,3,1,406]
s: 698
i: [1,405,0,3,1,0,0,255] spc1_numerals
a: [3,703,0,3,1,405]
s: 703
d: [2,952,0,3,1,2,22,678,668]
a: [3,956,0,3,1,952]
s: 956
i: [1,407,0,4,2,0,0,255] dt_l1_rlvect_1
s: 407
d: [2,958,1,2,1,1,40,407,730]
a: [3,962,1,2,1,958]
s: 962
i: [1,408,0,4,2,0,0,255] dt_l1_algstr_0
s: 408
i: [1,410,0,4,2,0,0,255] dt_l2_algstr_0
s: 410
d: [2,964,1,2,1,1,40,408,735]
a: [3,968,1,2,1,964]
s: 968
i: [1,411,0,4,2,0,0,255] dt_l2_algstr_0
s: 411
d: [2,970,1,2,1,1,40,410,740]
a: [3,975,1,2,1,970]
s: 975
i: [1,415,0,4,2,0,0,255] cc2_membered
s: 415
i: [1,416,0,4,2,0,0,255] cc3_membered
s: 416
d: [2,982,1,2,1,1,40,411,740]
a: [3,987,1,2,1,982]
s: 987
i: [1,419,0,4,2,0,0,255] dt_l1_bhsp_1
s: 419
d: [2,1000,1,2,1,1,40,419,593]
a: [3,1005,1,2,1,1000]
s: 1005
i: [1,420,0,4,2,0,0,255] dt_l2_struct_0
s: 420
i: [1,435,0,4,2,0,0,255] cc5_membered
s: 435
d: [2,1012,2,2,1,1,40,1005,407]
a: [3,1016,2,2,1,1012]
s: 1016
i: [1,436,0,4,2,0,0,255] cc4_membered
s: 436
d: [2,1038,3,2,1,1,40,1016,411]
a: [3,1043,3,2,1,1038]
s: 1043
i: [1,439,0,4,2,0,0,255] cc6_ordinal1
s: 439
i: [1,440,0,4,2,0,0,255] cc2_xreal_0
s: 440
d: [2,1039,3,2,1,1,40,1016,410]
a: [3,1048,3,2,1,1039]
s: 1048
i: [1,441,0,4,2,0,0,255] cc2_xxreal_0
s: 441
d: [2,1056,4,2,1,1,40,1043,408]
a: [3,1060,4,2,1,1056]
s: 1060
i: [1,442,0,4,2,0,0,255] cc1_ordinal1
s: 442
i: [1,443,0,4,2,0,0,255] cc1_ordinal1
s: 443
d: [2,1001,1,2,1,1,40,419,745]
a: [3,1010,1,2,1,1001]
s: 1010
i: [1,445,0,4,2,0,0,2] cc4_xreal_0
s: 445
d: [2,1018,1,2,1,1,40,420,750]
a: [3,1024,1,2,1,1018]
s: 1024
i: [1,454,0,4,2,0,0,255] cc1_membered
s: 454
i: [1,457,0,4,2,0,0,255] cc9_ordinal1
s: 457
d: [2,1019,1,2,1,1,40,420,855]
a: [3,1029,1,2,1,1019]
s: 1029
i: [1,458,0,4,2,0,0,255] cc7_ordinal1
s: 458
d: [2,1032,1,2,1,1,40,435,653]
a: [3,1036,1,2,1,1032]
s: 1036
i: [1,459,0,4,2,0,0,255] cc3_ordinal1
s: 459
i: [1,460,0,4,2,0,0,255] cc18_membered
s: 460
d: [2,1050,1,2,1,1,40,436,653]
a: [3,1054,1,2,1,1050]
s: 1054
i: [1,506,0,4,1,0,0,1] existence_m1_subset_1
s: 506
d: [2,1062,1,2,1,1,40,439,760]
a: [3,1067,1,2,1,1062]
s: 1067
i: [1,400,0,4,1,0,0,255] dt_k5_numbers
a: [3,683,0,4,1,400]
s: 683
i: [1,404,0,4,1,0,0,255] spc1_numerals
a: [3,708,0,4,1,404]
s: 708
d: [2,1063,1,2,1,1,40,439,805]
a: [3,1072,1,2,1,1063]
s: 1072
i: [1,461,0,5,2,0,0,255] t6_boole
s: 461
d: [2,1074,1,2,1,1,40,440,760]
a: [3,1079,1,2,1,1074]
s: 1079
i: [1,462,0,5,2,0,0,255] cc25_membered
s: 462
i: [1,463,0,5,2,0,0,255] cc8_ordinal1
s: 463
d: [2,1075,1,2,1,1,40,440,805]
a: [3,1084,1,2,1,1075]
s: 1084
i: [1,464,0,5,2,0,0,1] cc1_xreal_0
s: 464
d: [2,1308,1,2,1,1,40,464,578]
a: [3,1318,1,2,1,1308]
s: 1318
i: [1,501,0,5,2,0,0,1] t7_boole
s: 501
a: [3,720,0,5,2,514]
s: 720
d: [2,1325,2,2,1,1,40,1318,445]
a: [3,1329,2,2,1,1325]
s: 1329
d: [2,1304,0,5,2,1,22,463,668]
s: 1304
d: [2,1088,1,2,1,1,40,441,760]
a: [3,1093,1,2,1,1088]
s: 1093
i: [1,421,0,6,3,0,0,255] cc7_struct_0
s: 421
i: [1,422,0,6,3,0,0,255] cc5_struct_0
s: 422
d: [2,1089,1,2,1,1,40,441,805]
a: [3,1098,1,2,1,1089]
s: 1098
i: [1,424,0,6,3,0,0,255] cc17_struct_0
s: 424
d: [2,1101,1,2,1,1,40,442,765]
a: [3,1106,1,2,1,1101]
s: 1106
i: [1,425,0,6,3,0,0,255] cc2_struct_0
s: 425
i: [1,426,0,6,3,0,0,255] cc6_struct_0
s: 426
d: [2,1102,1,2,1,1,40,442,945]
a: [3,1111,1,2,1,1102]
s: 1111
i: [1,427,0,6,3,0,0,255] cc1_struct_0
s: 427
d: [2,1114,1,2,1,1,40,443,765]
a: [3,1119,1,2,1,1114]
s: 1119
i: [1,430,0,6,3,0,0,255] cc4_struct_0
s: 430
i: [1,465,0,6,2,0,0,255] cc11_membered
s: 465
d: [2,1115,1,2,1,1,40,443,945]
a: [3,1124,1,2,1,1115]
s: 1124
i: [1,466,0,6,2,0,0,255] cc8_membered
s: 466
d: [2,1132,1,2,1,1,40,445,770]
a: [3,1139,1,2,1,1132]
s: 1139
i: [1,482,0,6,3,0,0,255] cc2_ordinal1
s: 482
i: [1,488,0,6,3,0,0,2] cc5_xxreal_0
s: 488
d: [2,1141,1,2,1,1,40,454,950]
a: [3,1148,1,2,1,1141]
s: 1148
i: [1,490,0,6,3,0,0,2] cc5_xxreal_0
s: 490
d: [2,1142,1,2,1,1,40,454,815]
a: [3,1153,1,2,1,1142]
s: 1153
i: [1,491,0,6,3,0,0,2] cc3_xxreal_0
s: 491
i: [1,493,0,6,3,0,0,2] cc3_xxreal_0
s: 493
d: [2,1143,1,2,1,1,40,454,825]
a: [3,1158,1,2,1,1143]
s: 1158
i: [1,495,0,6,3,0,0,2] cc7_xxreal_0
s: 495
d: [2,1144,1,2,1,1,40,454,835]
a: [3,1163,1,2,1,1144]
s: 1163
i: [1,496,0,6,3,0,0,2] cc7_xxreal_0
s: 496
i: [1,497,0,6,2,0,0,1] t1_subset
s: 497
d: [2,1165,1,2,1,1,40,457,663]
a: [3,1172,1,2,1,1165]
s: 1172
i: [1,508,0,6,2,0,0,1] antisymmetry_r2_hidden
s: 508
d: [2,1166,1,2,1,1,40,457,780]
a: [3,1177,1,2,1,1166]
s: 1177
i: [1,412,0,7,3,0,0,255] cc13_membered
s: 412
i: [1,428,0,7,3,0,0,255] cc8_struct_0
s: 428
d: [2,1497,1,5,2,1,40,412,588]
a: [3,1529,1,3,1,1497]
s: 1529
i: [1,431,0,7,3,0,0,255] cc9_struct_0
s: 431
d: [2,1167,1,2,1,1,40,457,920]
a: [3,1182,1,2,1,1167]
s: 1182
i: [1,432,0,7,3,0,0,255] cc11_struct_0
s: 432
i: [1,433,0,7,3,0,0,255] cc11_struct_0
s: 433
d: [2,1168,1,2,1,1,40,457,930]
a: [3,1187,1,2,1,1168]
s: 1187
i: [1,437,0,7,3,0,0,255] cc14_membered
s: 437
d: [2,1548,1,5,2,1,40,437,588]
a: [3,1572,1,3,1,1548]
s: 1572
i: [1,444,0,7,3,0,0,255] cc5_ordinal1
s: 444
i: [1,455,0,7,3,0,0,255] cc17_membered
s: 455
d: [2,1587,1,5,2,1,40,444,588]
a: [3,1607,1,3,1,1587]
s: 1607
i: [1,467,0,7,3,0,0,255] fc9_struct_0
s: 467
d: [2,1627,1,5,2,1,40,455,588]
a: [3,1652,1,3,1,1627]
s: 1652
i: [1,468,0,7,3,0,0,255] fc6_struct_0
s: 468
i: [1,470,0,7,3,0,0,255] rc22_struct_0
s: 470
d: [2,1189,1,2,1,1,40,458,663]
a: [3,1196,1,2,1,1189]
s: 1196
i: [1,472,0,7,3,0,0,1] fc2_struct_0
s: 472
d: [2,1190,1,2,1,1,40,458,780]
a: [3,1201,1,2,1,1190]
s: 1201
i: [1,474,0,7,3,0,0,1] rc4_struct_0
s: 474
i: [1,476,0,7,3,0,0,255] rc21_struct_0
s: 476
d: [2,1191,1,2,1,1,40,458,920]
a: [3,1206,1,2,1,1191]
s: 1206
i: [1,477,0,7,3,0,0,255] rc21_struct_0
s: 477
d: [2,1192,1,2,1,1,40,458,930]
a: [3,1211,1,2,1,1192]
s: 1211
i: [1,483,0,7,3,0,0,255] fc8_struct_0
s: 483
i: [1,484,0,7,3,0,0,255] fc7_struct_0
s: 484
d: [2,1213,1,2,1,1,40,459,663]
a: [3,1220,1,2,1,1213]
s: 1220
i: [1,485,0,7,3,0,0,1] fc1_struct_0
s: 485
d: [2,1214,1,2,1,1,40,459,780]
a: [3,1225,1,2,1,1214]
s: 1225
i: [1,499,0,7,2,0,0,255] t3_subset
s: 499
i: [1,500,0,7,3,0,0,255] t8_boole
s: 500
d: [2,1215,1,2,1,1,40,459,920]
a: [3,1230,1,2,1,1215]
s: 1230
i: [1,502,0,7,2,0,0,1] t2_tarski
s: 502
d: [2,1216,1,2,1,1,40,459,930]
a: [3,1235,1,2,1,1216]
s: 1235
i: [1,409,0,8,3,0,0,255] cc10_ordinal1
s: 409
i: [1,413,0,8,3,0,0,255] cc20_membered
s: 413
d: [2,1237,1,2,1,1,40,460,663]
a: [3,1244,1,2,1,1237]
s: 1244
i: [1,414,0,8,3,0,0,255] cc19_membered
s: 414
d: [2,1238,1,2,1,1,40,460,780]
a: [3,1249,1,2,1,1238]
s: 1249
i: [1,417,0,8,3,0,0,255] cc23_membered
s: 417
i: [1,418,0,8,3,0,0,255] cc22_membered
s: 418
d: [2,1239,1,2,1,1,40,460,920]
a: [3,1254,1,2,1,1239]
s: 1254
i: [1,438,0,8,3,0,0,255] cc21_membered
s: 438
d: [2,1240,1,2,1,1,40,460,930]
a: [3,1259,1,2,1,1240]
s: 1259
i: [1,456,0,8,3,0,0,255] cc24_membered
s: 456
i: [1,479,0,8,4,0,0,2] cc4_xxreal_0
s: 479
d: [2,1840,3,6,3,1,40,479,1329]
a: [3,1854,3,2,1,1840]
s: 1854
r: 1854
i: [1,481,0,8,4,0,0,2] cc6_xxreal_0
s: 481
a: [3,1853,3,2,1,1840]
s: 1853
i: [1,486,0,8,4,0,0,2] cc8_xxreal_0
s: 486
i: [1,498,0,8,3,0,0,1] t2_subset
s: 498
a: [3,1858,3,2,1,1840]
s: 1858
i: [1,434,0,9,4,0,0,255] cc10_struct_0
s: 434
d: [2,1934,1,7,2,1,40,498,588]
a: [3,1975,1,3,1,1934]
s: 1975
d: [2,1992,5,0,0,3,52,643,1060,1975,472]
e: 1992
d: [2,1993,2,0,0,2,52,1607,1975,459]
e: 1993
d: [2,1994,2,0,0,2,52,1652,1975,460]
e: 1994
d: [2,1995,2,4,2,1,40,1975,472]
d: [2,2003,2,2,1,2,21,1995,1060]
d: [2,2004,2,0,0,3,21,2003,643]
e: 2004
d: [2,1996,2,3,1,1,40,1975,460]
d: [2,2006,2,0,0,2,21,1996,1652]
e: 2006
d: [2,1997,2,3,1,1,40,1975,459]
d: [2,2008,2,0,0,2,21,1997,1607]
e: 2008
r: 1975
i: [1,505,0,9,3,0,0,1] t5_subset
s: 505
i: [1,469,0,10,3,0,0,255] rc22_struct_0
s: 469
a: [3,1974,1,3,1,1934]
s: 1974
i: [1,473,0,10,3,0,0,1] rc4_struct_0
s: 473
d: [2,1936,1,5,2,1,40,498,578]
a: [3,1985,1,3,1,1936]
s: 1985
i: [1,475,0,10,3,0,0,255] rc21_struct_0
s: 475
i: [1,503,0,10,3,0,0,1] t2_tarski
s: 503
d: [2,2044,2,3,1,1,40,1985,508]
a: [3,2050,2,3,1,2044]
s: 2050
i: [1,504,0,10,3,0,0,1] t4_subset
s: 504
a: [3,1971,1,4,1,1934]
s: 1971
i: [1,515,0,10,4,0,0,1] connectedness_r1_xxreal_0
s: 515
i: [1,448,0,11,5,0,0,1] t2_real
s: 448
a: [3,1861,3,2,1,1840]
s: 1861
i: [1,449,0,11,5,0,0,1] t1_real
s: 449
d: [2,1935,1,7,2,1,40,498,583]
a: [3,1980,1,4,1,1935]
s: 1980
i: [1,450,0,11,5,0,0,1] t8_real
s: 450
i: [1,451,0,11,5,0,0,1] t7_real
s: 451
d: [2,2073,2,4,1,1,40,1971,508]
a: [3,2079,2,4,1,2073]
s: 2079
i: [1,452,0,11,5,0,0,1] t3_real
s: 452
d: [2,2109,2,4,1,1,40,1980,508]
a: [3,2115,2,4,1,2109]
s: 2115
i: [1,453,0,11,5,0,0,1] t4_real
s: 453
i: [1,446,0,13,6,0,0,1] t5_real
s: 446
d: [2,1290,1,2,1,1,40,462,703]
a: [3,1296,1,2,1,1290]
s: 1296
i: [1,447,0,13,6,0,0,1] t6_real
s: 447
d: [2,1307,1,2,1,1,40,464,698]
a: [3,1313,1,2,1,1307]
s: 1313
i: [1,513,0,14,4,0,0,255] existence_m2_subset_1
s: 513
i: [1,510,0,15,5,0,0,255] dt_m2_subset_1
s: 510
d: [2,1331,1,2,1,2,40,1304,703]
a: [3,1337,1,2,1,1331]
s: 1337
i: [1,511,0,15,5,0,0,255] redefinition_m2_subset_1
s: 511
d: [2,1345,1,4,2,1,40,421,845]
d: [2,1346,1,2,1,2,21,1345,1029]
a: [3,1350,1,2,1,1346]
s: 1350
i: [1,512,0,15,5,0,0,255] redefinition_m2_subset_1
s: 512
r: 1985
i: [1,517,0,17,4,0,0,1] dt_k5_algstr_0
s: 517
a: [3,1984,1,3,1,1936]
s: 1984
i: [1,509,0,31,13,0,0,1] dt_k3_bhsp_1
s: 509
d: [2,1355,1,4,2,1,40,422,755]
a: [3,1378,1,2,1,1355]
s: 1378
i: [1,516,0,37,14,0,0,1] dt_k5_bhsp_2
s: 516
i: [1,471,0,38,14,0,0,255] d6_bhsp_2
s: 471
d: [2,1410,1,2,1,1,40,466,683]
a: [3,1415,1,2,1,1410]
s: 1415
i: [1,519,0,42,15,0,0,255] fraenkel_a_3_1_bhsp_2
s: 519
d: [2,1425,1,4,2,1,40,488,865]
d: [2,1427,1,2,1,2,21,1425,870]
a: [3,1431,1,2,1,1427]
s: 1431
i: [1,518,0,43,15,0,0,255] fraenkel_a_3_1_bhsp_2
s: 518
i: [1,520,0,47,15,0,0,255] fraenkel_a_3_1_bhsp_2
s: 520
d: [2,1426,1,4,2,1,40,488,890]
d: [2,1433,1,2,1,2,21,1426,895]
a: [3,1437,1,2,1,1433]
s: 1437
i: [1,564,0,47,16,0,0,255] fraenkel_a_3_1_bhsp_2
s: 564
r: 568
r: 571
a: [3,567,0,6,1,392]
s: 567
r: 567
s: 568
s: 571
d: [2,2238,1,39,15,1,40,564,571]
d: [2,2244,1,35,14,2,21,2238,588]
d: [2,2245,1,32,13,3,21,2244,578]
d: [2,2246,1,28,12,4,21,2245,583]
d: [2,2247,1,26,11,5,21,2246,593]
d: [2,2248,1,24,10,6,21,2247,598]
d: [2,2249,1,22,9,7,21,2248,603]
d: [2,2250,1,20,8,8,21,2249,608]
d: [2,2251,1,18,7,9,21,2250,613]
d: [2,2252,1,16,6,10,21,2251,618]
d: [2,2253,1,14,5,11,21,2252,623]
d: [2,2254,1,12,4,12,21,2253,628]
d: [2,2255,1,10,3,13,21,2254,633]
d: [2,2256,1,8,2,14,21,2255,638]
d: [2,2257,1,6,1,15,21,2256,643]
a: [3,2261,1,6,1,2257]
s: 2261
d: [2,2306,2,35,14,1,44,2261,471]
d: [2,2322,2,29,13,2,21,2306,568]
d: [2,2323,2,26,12,3,21,2322,578]
d: [2,2324,2,22,11,4,21,2323,583]
d: [2,2325,2,20,10,5,21,2324,593]
d: [2,2326,2,18,9,6,21,2325,598]
d: [2,2327,2,16,8,7,21,2326,603]
d: [2,2328,2,14,7,8,21,2327,608]
d: [2,2329,2,12,6,9,21,2328,613]
d: [2,2330,2,10,5,10,21,2329,618]
d: [2,2331,2,8,4,11,21,2330,623]
d: [2,2332,2,6,3,12,21,2331,628]
d: [2,2333,2,4,2,13,21,2332,633]
d: [2,2334,2,2,1,14,21,2333,638]
d: [2,2335,2,0,0,15,21,2334,643]
e: 2335
r: 568
r: 571
r: 2261
s: 567
d: [2,2267,1,5,1,1,40,567,501]
a: [3,2281,1,5,1,2267]
s: 2281
a: [3,572,0,8,1,392]
s: 572
a: [3,2260,1,6,1,2257]
s: 2260
d: [2,2362,2,35,14,1,44,2260,471]
d: [2,2363,2,29,13,2,21,2362,567]
d: [2,2364,2,26,12,3,21,2363,578]
d: [2,2365,2,22,11,4,21,2364,583]
d: [2,2366,2,20,10,5,21,2365,593]
d: [2,2367,2,18,9,6,21,2366,598]
d: [2,2368,2,16,8,7,21,2367,603]
d: [2,2369,2,14,7,8,21,2368,608]
d: [2,2370,2,12,6,9,21,2369,613]
d: [2,2371,2,10,5,10,21,2370,618]
d: [2,2372,2,8,4,11,21,2371,623]
d: [2,2373,2,6,3,12,21,2372,628]
d: [2,2374,2,4,2,13,21,2373,633]
d: [2,2375,2,2,1,14,21,2374,638]
d: [2,2376,2,0,0,15,21,2375,643]
e: 2376
r: 2260
d: [2,2305,2,5,1,1,40,2261,501]
a: [3,2320,2,5,1,2305]
s: 2320
s: 2261
d: [2,2265,1,6,1,1,40,567,508]
a: [3,2271,1,6,1,2265]
s: 2271
d: [2,2266,1,6,1,1,40,567,497]
a: [3,2276,1,6,1,2266]
s: 2276
d: [2,2083,1,18,4,1,40,448,571]
d: [2,2089,1,16,3,2,21,2083,1318]
a: [3,2093,1,7,1,2089]
s: 2093
d: [2,2386,2,7,2,1,40,2276,455]
a: [3,2393,2,5,1,2386]
s: 2393
d: [2,2344,1,17,3,1,40,572,515]
d: [2,2352,1,15,2,2,21,2344,1329]
a: [3,2356,1,7,1,2352]
s: 2356
d: [2,2387,2,7,2,1,40,2276,444]
a: [3,2398,2,5,1,2387]
s: 2398
d: [2,1445,1,4,2,1,40,490,865]
d: [2,1447,1,2,1,2,21,1445,870]
a: [3,1451,1,2,1,1447]
s: 1451
d: [2,1446,1,4,2,1,40,490,890]
d: [2,1453,1,2,1,2,21,1446,895]
a: [3,1457,1,2,1,1453]
s: 1457
d: [2,2388,2,7,2,1,40,2276,437]
a: [3,2403,2,5,1,2388]
s: 2403
d: [2,1466,1,4,2,1,40,491,880]
d: [2,1468,1,2,1,2,21,1466,885]
a: [3,1472,1,2,1,1468]
s: 1472
d: [2,2389,2,7,2,1,40,2276,412]
a: [3,2408,2,5,1,2389]
s: 2408
d: [2,1467,1,4,2,1,40,491,900]
d: [2,1474,1,2,1,2,21,1467,905]
a: [3,1478,1,2,1,1474]
s: 1478
d: [2,1493,1,4,2,1,40,412,698]
d: [2,1501,1,2,1,2,21,1493,1054]
a: [3,1505,1,2,1,1501]
s: 1505
d: [2,2303,2,6,1,1,40,2261,508]
a: [3,2310,2,6,1,2303]
s: 2310
d: [2,1494,1,4,2,1,40,412,703]
a: [3,1509,1,2,1,1494]
s: 1509
d: [2,2304,2,6,1,1,40,2261,497]
a: [3,2315,2,6,1,2304]
s: 2315
d: [2,1496,1,4,2,1,40,412,956]
a: [3,1524,1,2,1,1496]
s: 1524
d: [2,1547,1,4,2,1,40,437,956]
a: [3,1567,1,2,1,1547]
s: 1567
d: [2,2413,3,7,2,1,40,2315,455]
a: [3,2421,3,5,1,2413]
s: 2421
d: [2,1583,1,4,2,1,40,444,698]
a: [3,1594,1,2,1,1583]
s: 1594
d: [2,2414,3,7,2,1,40,2315,444]
a: [3,2426,3,5,1,2414]
s: 2426
a: [3,1598,1,2,1,1583]
s: 1598
d: [2,1623,1,4,2,1,40,455,698]
a: [3,1634,1,2,1,1623]
s: 1634
d: [2,2415,3,7,2,1,40,2315,437]
a: [3,2431,3,5,1,2415]
s: 2431
d: [2,1771,1,4,2,1,40,409,683]
a: [3,1776,1,2,1,1771]
s: 1776
d: [2,2416,3,7,2,1,40,2315,412]
a: [3,2436,3,5,1,2416]
s: 2436
d: [2,1795,1,4,2,1,40,414,683]
d: [2,1797,1,2,1,2,21,1795,1036]
a: [3,1801,1,2,1,1797]
s: 1801
d: [2,1843,1,6,3,1,40,479,775]
a: [3,1893,1,2,1,1843]
s: 1893
r: 1893
a: [3,1892,1,2,1,1843]
s: 1892
a: [3,1897,1,2,1,1843]
s: 1897
d: [2,1930,1,5,2,1,40,498,698]
a: [3,1945,1,2,1,1930]
s: 1945
d: [2,2483,2,0,0,2,52,1776,1945,457]
e: 2483
d: [2,2484,2,0,0,2,52,1594,1945,459]
e: 2484
d: [2,2485,2,0,0,2,52,1634,1945,460]
e: 2485
d: [2,2486,2,2,1,1,40,1945,460]
d: [2,2493,2,0,0,2,21,2486,1634]
e: 2493
d: [2,2487,2,2,1,1,40,1945,459]
d: [2,2495,2,0,0,2,21,2487,1594]
e: 2495
d: [2,2489,2,2,1,1,40,1945,457]
d: [2,2497,2,0,0,2,21,2489,1776]
e: 2497
r: 1945
r: 1984
s: 1985
a: [3,1944,1,2,1,1930]
s: 1944
d: [2,971,2,2,1,1,40,410,962]
a: [3,980,2,2,1,971]
s: 980
d: [2,1292,1,3,1,0,40,462,506]
a: [3,1302,1,3,1,1292]
s: 1302
d: [2,983,2,2,1,1,40,411,962]
a: [3,992,2,2,1,983]
s: 992
d: [2,1309,1,3,1,0,40,464,506]
a: [3,1323,1,3,1,1309]
s: 1323
d: [2,1333,1,3,1,1,40,1304,506]
a: [3,1343,1,3,1,1333]
s: 1343
d: [2,994,2,2,1,1,40,987,408]
a: [3,998,2,2,1,994]
s: 998
d: [2,1495,1,5,2,1,40,412,683]
a: [3,1515,1,3,1,1495]
s: 1515
d: [2,1126,2,2,1,1,40,1010,407]
a: [3,1130,2,2,1,1126]
s: 1130
d: [2,1546,1,5,2,1,40,437,683]
a: [3,1558,1,3,1,1546]
s: 1558
d: [2,1625,1,5,2,1,40,455,683]
a: [3,1641,1,3,1,1625]
s: 1641
d: [2,1261,2,2,1,1,40,1067,443]
a: [3,1266,2,2,1,1261]
s: 1266
a: [3,1941,1,3,1,1930]
s: 1941
d: [2,1262,2,2,1,1,40,1067,442]
a: [3,1271,2,2,1,1262]
s: 1271
d: [2,1931,1,5,2,1,40,498,703]
d: [2,1947,1,3,1,2,21,1931,940]
a: [3,1951,1,3,1,1947]
s: 1951
d: [2,1933,1,5,2,1,40,498,956]
d: [2,1962,1,3,1,2,21,1933,940]
a: [3,1966,1,3,1,1962]
s: 1966
d: [2,1273,2,2,1,1,40,1072,443]
a: [3,1278,2,2,1,1273]
s: 1278
d: [2,2011,1,5,2,1,40,505,683]
a: [3,2015,1,3,1,2011]
s: 2015
d: [2,2600,2,0,0,2,40,2015,1966]
e: 2600
d: [2,2599,2,0,0,2,40,2015,1951]
e: 2599
d: [2,2596,2,0,0,2,52,1951,2015]
e: 2596
d: [2,2597,2,0,0,2,52,1951,2015,502]
e: 2597
d: [2,2598,2,0,0,3,52,703,940,2015,498]
e: 2598
r: 2015
d: [2,1274,2,2,1,1,40,1072,442]
a: [3,1283,2,2,1,1274]
s: 1283
d: [2,1404,1,4,1,0,40,465,506]
a: [3,1408,1,4,1,1404]
s: 1408
d: [2,1411,1,4,1,0,40,466,506]
a: [3,1420,1,4,1,1411]
s: 1420
d: [2,1353,2,4,2,1,40,422,968]
a: [3,1360,2,2,1,1353]
s: 1360
d: [2,1932,1,7,2,1,40,498,683]
a: [3,1956,1,4,1,1932]
s: 1956
d: [2,1354,2,4,2,1,40,422,1024]
a: [3,1369,2,2,1,1354]
s: 1369
a: [3,1959,1,3,1,1932]
s: 1959
d: [2,1286,1,5,2,1,44,956,461]
s: 1286
d: [2,1439,2,2,1,1,40,1148,415]
a: [3,1443,2,2,1,1439]
s: 1443
d: [2,1500,1,5,2,0,40,412,506]
s: 1500
d: [2,1459,2,2,1,1,40,1153,415]
a: [3,1463,2,2,1,1459]
s: 1463
d: [2,1551,1,5,2,0,40,437,506]
s: 1551
d: [2,1590,1,5,2,0,40,444,506]
s: 1590
d: [2,1480,2,2,1,1,40,1158,415]
a: [3,1484,2,2,1,1480]
s: 1484
d: [2,1630,1,5,2,0,40,455,506]
s: 1630
d: [2,1486,2,2,1,1,40,1163,415]
a: [3,1490,2,2,1,1486]
s: 1490
d: [2,1737,1,5,2,0,40,499,465]
s: 1737
d: [2,1738,1,5,2,0,40,499,466]
s: 1738
d: [2,1675,2,2,1,1,40,1201,441]
a: [3,1681,2,2,1,1675]
s: 1681
d: [2,1772,1,6,2,0,40,409,506]
s: 1772
d: [2,1676,2,2,1,1,40,1201,440]
a: [3,1686,2,2,1,1676]
s: 1686
d: [2,1784,1,6,2,0,40,413,506]
s: 1784
d: [2,1796,1,6,2,0,40,414,506]
s: 1796
d: [2,1694,2,2,1,1,40,1211,440]
a: [3,1699,2,2,1,1694]
s: 1699
d: [2,1811,1,6,2,0,40,417,506]
s: 1811
d: [2,1706,2,2,1,1,40,1220,443]
a: [3,1712,2,2,1,1706]
s: 1712
d: [2,1814,1,6,2,0,40,418,506]
s: 1814
d: [2,1828,1,6,2,0,40,438,506]
s: 1828
d: [2,1707,2,2,1,1,40,1220,442]
a: [3,1717,2,2,1,1707]
s: 1717
d: [2,1839,1,6,2,0,40,456,506]
s: 1839
d: [2,1725,2,2,1,1,40,1225,443]
a: [3,1730,2,2,1,1725]
s: 1730
d: [2,1937,1,6,2,0,40,498,506]
s: 1937
d: [2,2068,1,6,2,1,40,504,683]
s: 2068
d: [2,1726,2,2,1,1,40,1225,442]
a: [3,1735,2,2,1,1726]
s: 1735
d: [2,1285,1,7,3,0,44,461,461]
s: 1285
d: [2,1743,2,2,1,1,40,1230,443]
a: [3,1748,2,2,1,1743]
s: 1748
d: [2,1720,1,7,3,0,40,485,460]
s: 1720
d: [2,1721,1,7,3,0,40,485,459]
s: 1721
d: [2,1744,2,2,1,1,40,1230,442]
a: [3,1753,2,2,1,1744]
s: 1753
d: [2,1722,1,7,3,0,40,485,458]
s: 1722
d: [2,1758,2,2,1,1,40,1235,443]
a: [3,1763,2,2,1,1758]
s: 1763
d: [2,1723,1,7,3,0,40,485,457]
s: 1723
d: [2,1755,1,7,2,0,40,502,508]
s: 1755
d: [2,1759,2,2,1,1,40,1235,442]
a: [3,1768,2,2,1,1759]
s: 1768
d: [2,1756,1,7,2,0,40,502,497]
s: 1756
d: [2,1787,2,2,1,1,40,1244,454]
a: [3,1792,2,2,1,1787]
s: 1792
d: [2,1770,1,7,3,0,40,409,499]
s: 1770
d: [2,1782,1,7,3,0,40,413,499]
s: 1782
d: [2,1803,2,2,1,1,40,1249,454]
a: [3,1807,2,2,1,1803]
s: 1807
d: [2,1794,1,7,3,0,40,414,499]
s: 1794
d: [2,1820,2,2,1,1,40,1254,454]
a: [3,1824,2,2,1,1820]
s: 1824
d: [2,1809,1,7,3,0,40,417,499]
s: 1809
d: [2,1812,1,7,3,0,40,418,499]
s: 1812
d: [2,1831,2,2,1,1,40,1259,454]
a: [3,1835,2,2,1,1831]
s: 1835
d: [2,1826,1,7,3,0,40,438,499]
s: 1826
d: [2,1841,2,6,3,1,40,479,1093]
a: [3,1867,2,2,1,1841]
s: 1867
r: 1867
d: [2,1837,1,7,3,0,40,456,499]
s: 1837
d: [2,2012,1,7,2,0,40,505,506]
s: 2012
a: [3,1866,2,2,1,1841]
s: 1866
d: [2,2165,1,11,4,1,40,512,683]
d: [2,2170,1,9,3,2,21,2165,940]
a: [3,2173,1,7,2,2170]
s: 2173
a: [3,1871,2,2,1,1841]
s: 1871
d: [2,1739,1,8,3,0,40,499,455]
s: 1739
d: [2,1740,1,8,3,0,40,499,444]
s: 1740
d: [2,1842,2,6,3,1,40,479,1139]
a: [3,1880,2,2,1,1842]
s: 1880
r: 1880
d: [2,1741,1,8,3,0,40,499,437]
s: 1741
a: [3,1879,2,2,1,1842]
s: 1879
d: [2,1742,1,8,3,0,40,499,412]
s: 1742
d: [2,2010,1,8,3,0,40,505,499]
s: 2010
a: [3,1884,2,2,1,1842]
s: 1884
d: [2,2072,1,8,2,0,40,504,506]
s: 2072
d: [2,1844,2,6,3,1,40,479,1098]
d: [2,1903,2,4,2,2,21,1844,810]
a: [3,1907,2,2,1,1903]
s: 1907
d: [2,2124,1,18,9,0,40,446,450]
d: [2,2126,1,14,7,0,18,2124]
a: [3,2131,1,8,4,2126]
s: 2131
r: 2131
a: [3,2134,1,6,3,2126]
s: 2134
r: 2134
d: [2,2136,2,2,1,1,40,1296,454]
a: [3,2140,2,2,1,2136]
s: 2140
s: 2131
d: [2,2444,2,2,1,1,40,1598,443]
a: [3,2449,2,2,1,2444]
s: 2449
d: [2,1540,1,9,4,0,44,428,461]
s: 1540
d: [2,1542,1,9,4,0,44,431,461]
s: 1542
d: [2,2445,2,2,1,1,40,1598,442]
a: [3,2454,2,2,1,2445]
s: 2454
d: [2,2067,1,9,3,0,40,504,499]
s: 2067
d: [2,2503,3,2,1,1,40,980,420]
a: [3,2507,3,2,1,2503]
s: 2507
d: [2,1929,1,10,3,0,40,498,499]
s: 1929
d: [2,2017,1,10,4,0,40,469,409]
s: 2017
d: [2,2541,3,4,2,1,40,998,424]
a: [3,2546,3,2,1,2541]
s: 2546
d: [2,2018,1,10,4,0,40,469,413]
s: 2018
d: [2,2557,3,2,1,1,40,1130,411]
a: [3,2562,3,2,1,2557]
s: 2562
d: [2,2019,1,10,4,0,40,469,414]
s: 2019
d: [2,2020,1,10,4,0,40,469,417]
s: 2020
d: [2,2558,3,2,1,1,40,1130,410]
a: [3,2567,3,2,1,2558]
s: 2567
d: [2,2021,1,10,4,0,40,469,418]
s: 2021
d: [2,2646,3,2,1,1,40,1463,416]
a: [3,2650,3,2,1,2646]
s: 2650
d: [2,2022,1,10,4,0,40,469,438]
s: 2022
d: [2,2023,1,10,4,0,40,469,456]
s: 2023
d: [2,2655,3,2,1,1,40,1484,416]
a: [3,2659,3,2,1,2655]
s: 2659
d: [2,2031,1,10,4,0,40,473,409]
s: 2031
d: [2,2664,3,2,1,1,40,1490,416]
a: [3,2668,3,2,1,2664]
s: 2668
d: [2,2032,1,10,4,0,40,473,413]
s: 2032
d: [2,2033,1,10,4,0,40,473,414]
s: 2033
d: [2,2772,3,2,1,1,40,1792,415]
a: [3,2777,3,2,1,2772]
s: 2777
d: [2,2034,1,10,4,0,40,473,417]
s: 2034
d: [2,2781,3,2,1,1,40,1807,415]
a: [3,2785,3,2,1,2781]
s: 2785
d: [2,2035,1,10,4,0,40,473,418]
s: 2035
d: [2,2036,1,10,4,0,40,473,438]
s: 2036
d: [2,2788,3,2,1,1,40,1824,415]
a: [3,2792,3,2,1,2788]
s: 2792
d: [2,2037,1,10,4,0,40,473,456]
s: 2037
d: [2,2796,3,2,1,1,40,1835,415]
a: [3,2800,3,2,1,2796]
s: 2800
d: [2,2053,1,10,4,0,40,475,409]
s: 2053
d: [2,2054,1,10,4,0,40,475,413]
s: 2054
d: [2,2935,3,2,1,1,40,2140,415]
a: [3,2939,3,2,1,2935]
s: 2939
d: [2,2055,1,10,4,0,40,475,414]
s: 2055
d: [2,2969,4,4,2,1,40,2507,424]
a: [3,2974,4,2,1,2969]
s: 2974
d: [2,2056,1,10,4,0,40,475,417]
s: 2056
d: [2,2057,1,10,4,0,40,475,418]
s: 2057
d: [2,2990,4,2,1,1,40,2562,408]
a: [3,2994,4,2,1,2990]
s: 2994
d: [2,2058,1,10,4,0,40,475,438]
s: 2058
d: [2,2998,4,2,1,1,40,2650,436]
a: [3,3003,4,2,1,2998]
s: 3003
d: [2,2059,1,10,4,0,40,475,456]
s: 2059
d: [2,2024,1,11,4,0,40,469,505]
s: 2024
d: [2,2999,4,2,1,1,40,2650,435]
a: [3,3008,4,2,1,2999]
s: 3008
d: [2,2026,1,11,4,0,40,469,455]
s: 2026
d: [2,3012,4,2,1,1,40,2659,436]
a: [3,3017,4,2,1,3012]
s: 3017
d: [2,2027,1,11,4,0,40,469,444]
s: 2027
d: [2,2028,1,11,4,0,40,469,437]
s: 2028
d: [2,3013,4,2,1,1,40,2659,435]
a: [3,3022,4,2,1,3013]
s: 3022
d: [2,2029,1,11,4,0,40,469,412]
s: 2029
d: [2,3026,4,2,1,1,40,2668,436]
a: [3,3031,4,2,1,3026]
s: 3031
d: [2,2040,1,11,4,0,40,473,455]
s: 2040
d: [2,2041,1,11,4,0,40,473,444]
s: 2041
d: [2,3027,4,2,1,1,40,2668,435]
a: [3,3036,4,2,1,3027]
s: 3036
d: [2,2042,1,11,4,0,40,473,437]
s: 2042
d: [2,3038,4,2,1,1,40,2777,416]
a: [3,3043,4,2,1,3038]
s: 3043
d: [2,2043,1,11,4,0,40,473,412]
s: 2043
d: [2,2062,1,11,4,0,40,475,455]
s: 2062
d: [2,3045,4,2,1,1,40,2785,416]
a: [3,3049,4,2,1,3045]
s: 3049
d: [2,2063,1,11,4,0,40,475,444]
s: 2063
d: [2,3051,4,2,1,1,40,2792,416]
a: [3,3055,4,2,1,3051]
s: 3055
d: [2,2064,1,11,4,0,40,475,437]
s: 2064
d: [2,2065,1,11,4,0,40,475,412]
s: 2065
d: [2,3059,4,2,1,1,40,2800,416]
a: [3,3063,4,2,1,3059]
s: 3063
d: [2,2086,1,15,7,0,40,448,515]
d: [2,2099,1,13,6,0,21,2086,445]
d: [2,2100,1,11,5,0,21,2099,445]
s: 2100
d: [2,2886,2,4,2,2,40,2134,1567]
a: [3,2901,2,2,1,2886]
s: 2901
d: [2,3157,3,0,0,3,52,1524,663,2901,488]
e: 3157
d: [2,3159,3,4,2,1,40,2901,488]
d: [2,3163,3,2,1,2,21,3159,663]
d: [2,3164,3,0,0,3,21,3163,1524]
e: 3164
r: 2901
s: 2134
r: 2131
d: [2,2104,1,15,7,0,40,449,515]
d: [2,2107,1,13,6,0,21,2104,445]
d: [2,2108,1,11,5,0,21,2107,445]
s: 2108
a: [3,2900,2,2,1,2886]
s: 2900
d: [2,2066,1,12,3,0,40,503,502]
s: 2066
a: [3,2905,2,2,1,2886]
s: 2905
d: [2,3198,3,0,0,3,52,1524,663,2905,491]
e: 3198
d: [2,3199,3,4,2,1,40,2905,491]
d: [2,3202,3,2,1,2,21,3199,663]
d: [2,3203,3,0,0,3,21,3202,1524]
e: 3203
r: 2134
r: 2905
s: 2131
d: [2,2069,1,12,4,0,40,504,469]
s: 2069
a: [3,2904,2,2,1,2886]
s: 2904
d: [2,2070,1,12,4,0,40,504,473]
s: 2070
d: [2,2896,2,4,2,2,40,2134,910]
a: [3,2920,2,2,1,2896]
s: 2920
d: [2,3226,3,0,0,3,52,915,920,2920,488]
e: 3226
d: [2,3228,3,4,2,1,40,2920,488]
d: [2,3231,3,2,1,2,21,3228,920]
d: [2,3232,3,0,0,3,21,3231,915]
e: 3232
r: 2920
d: [2,2071,1,12,4,0,40,504,475]
s: 2071
d: [2,2154,1,21,7,0,40,510,513]
d: [2,2155,1,13,4,0,18,2154]
s: 2155
a: [3,2919,2,2,1,2896]
s: 2919
d: [2,2162,1,21,7,0,40,511,513]
d: [2,2163,1,13,4,0,18,2162]
s: 2163
d: [2,2892,3,4,2,2,40,2134,1686]
a: [3,2911,3,2,1,2892]
s: 2911
d: [2,3299,4,0,0,3,52,1681,780,2911,488]
e: 3299
d: [2,3301,4,4,2,1,40,2911,488]
d: [2,3304,4,2,1,2,21,3301,780]
d: [2,3305,4,0,0,3,21,3304,1681]
e: 3305
r: 2911
d: [2,2025,1,14,4,0,40,469,498]
s: 2025
d: [2,2039,1,14,4,0,40,473,498]
s: 2039
a: [3,2910,3,2,1,2892]
s: 2910
d: [2,2061,1,14,4,0,40,475,498]
s: 2061
d: [2,2897,3,4,2,2,40,2134,1699]
a: [3,2929,3,2,1,2897]
s: 2929
d: [2,3316,4,0,0,3,52,925,930,2929,488]
e: 3316
d: [2,3318,4,4,2,1,40,2929,488]
d: [2,3321,4,2,1,2,21,3318,930]
d: [2,3322,4,0,0,3,21,3321,925]
e: 3322
r: 2929
d: [2,2164,1,14,5,0,40,512,499]
s: 2164
d: [2,2169,1,17,4,0,40,512,506]
s: 2169
a: [3,2928,3,2,1,2897]
s: 2928
d: [2,2167,1,20,6,0,40,512,473]
d: [2,2175,1,18,5,0,21,2167,485]
s: 2175
d: [2,3067,4,2,1,1,40,2939,416]
a: [3,3071,4,2,1,3067]
s: 3071
d: [2,2168,1,20,6,0,40,512,475]
d: [2,2176,1,18,5,0,21,2168,485]
s: 2176
d: [2,2178,1,18,5,0,40,517,455]
s: 2178
d: [2,3073,5,4,2,1,40,2994,424]
a: [3,3078,5,2,1,3073]
s: 3078
d: [2,2179,1,18,5,0,40,517,444]
s: 2179
d: [2,3093,5,2,1,1,40,3043,436]
a: [3,3099,5,2,1,3093]
s: 3099
d: [2,2180,1,18,5,0,40,517,437]
s: 2180
d: [2,2181,1,18,5,0,40,517,412]
s: 2181
d: [2,3094,5,2,1,1,40,3043,435]
a: [3,3104,5,2,1,3094]
s: 3104
d: [2,2166,1,20,6,0,40,512,469]
s: 2166
d: [2,3106,5,2,1,1,40,3049,436]
a: [3,3111,5,2,1,3106]
s: 3111
d: [2,2177,1,20,5,0,40,517,498]
s: 2177
d: [2,2182,1,30,13,0,40,509,464]
s: 2182
d: [2,3373,2,26,12,1,40,2182,588]
d: [2,3381,2,24,11,2,21,3373,593]
d: [2,3382,2,22,10,3,21,3381,598]
d: [2,3383,2,20,9,4,21,3382,603]
d: [2,3384,2,18,8,5,21,3383,608]
d: [2,3385,2,16,7,6,21,3384,613]
d: [2,3386,2,14,6,7,21,3385,618]
d: [2,3387,2,12,5,8,21,3386,623]
d: [2,3388,2,10,4,9,21,3387,628]
d: [2,3389,2,8,3,10,21,3388,633]
d: [2,3390,2,6,2,11,21,3389,638]
d: [2,3391,2,4,1,12,21,3390,643]
a: [3,3395,2,4,1,3391]
s: 3395
d: [2,2186,1,32,14,0,40,509,437]
d: [2,2200,1,30,13,1,21,2186,653]
s: 2200
d: [2,3374,2,26,12,1,40,2182,583]
d: [2,3397,2,24,11,2,21,3374,593]
d: [2,3398,2,22,10,3,21,3397,598]
d: [2,3399,2,20,9,4,21,3398,603]
d: [2,3400,2,18,8,5,21,3399,608]
d: [2,3401,2,16,7,6,21,3400,613]
d: [2,3402,2,14,6,7,21,3401,618]
d: [2,3403,2,12,5,8,21,3402,623]
d: [2,3404,2,10,4,9,21,3403,628]
d: [2,3405,2,8,3,10,21,3404,633]
d: [2,3406,2,6,2,11,21,3405,638]
d: [2,3407,2,4,1,12,21,3406,643]
a: [3,3411,2,4,1,3407]
s: 3411
d: [2,2187,1,32,14,0,40,509,412]
d: [2,2201,1,30,13,1,21,2187,1054]
s: 2201
d: [2,2183,1,33,14,0,40,509,498]
a: [3,2190,1,31,13,2183]
s: 2190
d: [2,3413,3,12,3,2,40,3395,2131]
a: [3,3418,3,4,1,3413]
s: 3418
d: [2,2202,1,37,15,0,40,516,409]
s: 2202
a: [3,3421,3,4,1,3413]
s: 3421
d: [2,2203,1,37,15,0,40,516,413]
s: 2203
d: [2,2204,1,37,15,0,40,516,414]
s: 2204
d: [2,3414,3,4,1,1,40,3395,445]
a: [3,3431,3,4,1,3414]
s: 3431
d: [2,2205,1,37,15,0,40,516,417]
s: 2205
d: [2,3433,3,12,3,2,40,3411,2131]
a: [3,3438,3,4,1,3433]
s: 3438
d: [2,2206,1,37,15,0,40,516,418]
s: 2206
d: [2,2207,1,37,15,0,40,516,438]
s: 2207
a: [3,3441,3,4,1,3433]
s: 3441
d: [2,2208,1,37,15,0,40,516,456]
s: 2208
d: [2,3434,3,4,1,1,40,3411,445]
a: [3,3451,3,4,1,3434]
s: 3451
d: [2,2210,1,38,15,0,40,516,505]
s: 2210
d: [2,2213,1,38,15,0,40,516,455]
s: 2213
d: [2,3107,5,2,1,1,40,3049,435]
a: [3,3116,5,2,1,3107]
s: 3116
d: [2,2214,1,38,15,0,40,516,444]
s: 2214
d: [2,3509,3,33,14,1,40,2214,2398]
d: [2,3512,3,29,13,2,21,3509,583]
d: [2,3513,3,27,12,3,21,3512,593]
d: [2,3514,3,25,11,4,21,3513,598]
d: [2,3515,3,23,10,5,21,3514,603]
d: [2,3516,3,21,9,6,21,3515,608]
d: [2,3517,3,19,8,7,21,3516,613]
d: [2,3518,3,17,7,8,21,3517,618]
d: [2,3519,3,15,6,9,21,3518,623]
d: [2,3520,3,13,5,10,21,3519,628]
d: [2,3521,3,11,4,11,21,3520,633]
d: [2,3522,3,9,3,12,21,3521,638]
d: [2,3523,3,7,2,13,21,3522,643]
d: [2,3524,3,4,1,14,21,3523,578]
a: [3,3528,3,4,1,3524]
s: 3528
d: [2,2215,1,38,15,0,40,516,437]
s: 2215
d: [2,2216,1,38,15,0,40,516,412]
s: 2216
d: [2,3118,5,2,1,1,40,3055,436]
a: [3,3123,5,2,1,3118]
s: 3123
d: [2,2209,1,39,15,0,40,516,504]
s: 2209
d: [2,3119,5,2,1,1,40,3055,435]
a: [3,3128,5,2,1,3119]
s: 3128
d: [2,2226,1,74,29,0,44,518,519]
d: [2,2227,1,39,15,0,18,2226]
s: 2227
d: [2,2212,1,41,15,0,40,516,498]
s: 2212
d: [2,3130,5,2,1,1,40,3063,436]
a: [3,3135,5,2,1,3130]
s: 3135
d: [2,2232,1,78,29,0,44,520,519]
d: [2,2233,1,43,15,0,18,2232]
s: 2233
d: [2,3544,2,0,0,15,52,643,638,633,628,623,618,613,608,603,598,593,578,583,2261,572,2233]
e: 3544
d: [2,3546,2,35,14,1,40,2233,572]
d: [2,3553,2,29,13,2,21,3546,2261]
d: [2,3554,2,26,12,3,21,3553,578]
d: [2,3555,2,22,11,4,21,3554,583]
d: [2,3556,2,20,10,5,21,3555,593]
d: [2,3557,2,18,9,6,21,3556,598]
d: [2,3558,2,16,8,7,21,3557,603]
d: [2,3559,2,14,7,8,21,3558,608]
d: [2,3560,2,12,6,9,21,3559,613]
d: [2,3561,2,10,5,10,21,3560,618]
d: [2,3562,2,8,4,11,21,3561,623]
d: [2,3563,2,6,3,12,21,3562,628]
d: [2,3564,2,4,2,13,21,3563,633]
d: [2,3565,2,2,1,14,21,3564,638]
d: [2,3566,2,0,0,15,21,3565,643]
e: 3566
i: [1,391,0,14,2,1,0,0] t47_bhsp_2
d: [2,2283,1,39,15,1,40,571,564]
d: [2,2288,1,35,14,2,21,2283,588]
d: [2,2289,1,32,13,3,21,2288,578]
d: [2,2290,1,28,12,4,21,2289,583]
d: [2,2291,1,26,11,5,21,2290,593]
d: [2,2292,1,24,10,6,21,2291,598]
d: [2,2293,1,22,9,7,21,2292,603]
d: [2,2294,1,20,8,8,21,2293,608]
d: [2,2295,1,18,7,9,21,2294,613]
d: [2,2296,1,16,6,10,21,2295,618]
d: [2,2297,1,14,5,11,21,2296,623]
d: [2,2298,1,12,4,12,21,2297,628]
d: [2,2299,1,10,3,13,21,2298,633]
d: [2,2300,1,8,2,14,21,2299,638]
d: [2,2301,1,6,1,15,21,2300,643]
f: 3566,2376,2335,2301,377,378,379,380,381,382,383,384,385,386,387,388,389,390,391,392
% Refutation found. Thanks to Tanya!
% SZS status Theorem for bhsp_2__t47_bhsp_2
% SZS output start Proof for bhsp_2__t47_bhsp_2
1. ! [X0] : ((l1_bhsp_1(X0) & v2_bhsp_1(X0) & v8_rlvect_1(X0) & v7_rlvect_1(X0) & v6_rlvect_1(X0) & v5_rlvect_1(X0) & v4_rlvect_1(X0) & v3_rlvect_1(X0) & v2_rlvect_1(X0) & v13_algstr_0(X0) & ~v2_struct_0(X0)) => ! [X1] : (m1_subset_1(X1,u1_struct_0(X0)) => ! [X2] : (m1_subset_1(X2,u1_struct_0(X0)) => ! [X3] : (m1_subset_1(X3,k1_numbers) => (r2_hidden(X1,k5_bhsp_2(X0,X2,X3)) <=> r1_xxreal_0(k3_bhsp_1(X0,k5_algstr_0(X0,X2,X1)),X3)))))) [input t47_bhsp_2]
2. ~! [X0] : ((l1_bhsp_1(X0) & v2_bhsp_1(X0) & v8_rlvect_1(X0) & v7_rlvect_1(X0) & v6_rlvect_1(X0) & v5_rlvect_1(X0) & v4_rlvect_1(X0) & v3_rlvect_1(X0) & v2_rlvect_1(X0) & v13_algstr_0(X0) & ~v2_struct_0(X0)) => ! [X1] : (m1_subset_1(X1,u1_struct_0(X0)) => ! [X2] : (m1_subset_1(X2,u1_struct_0(X0)) => ! [X3] : (m1_subset_1(X3,k1_numbers) => (r2_hidden(X1,k5_bhsp_2(X0,X2,X3)) <=> r1_xxreal_0(k3_bhsp_1(X0,k5_algstr_0(X0,X2,X1)),X3)))))) [negated conjecture 1]
59. ! [X0] : ((l1_bhsp_1(X0) & v2_bhsp_1(X0) & v8_rlvect_1(X0) & v7_rlvect_1(X0) & v6_rlvect_1(X0) & v5_rlvect_1(X0) & v4_rlvect_1(X0) & v3_rlvect_1(X0) & v2_rlvect_1(X0) & v13_algstr_0(X0) & ~v2_struct_0(X0)) => ! [X1] : (m1_subset_1(X1,u1_struct_0(X0)) => ! [X2] : (m1_subset_1(X2,k1_numbers) => k5_bhsp_2(X0,X1,X2) = a_3_1_bhsp_2(X0,X1,X2)))) [input d6_bhsp_2]
97. ! [X0,X1,X2,X3] : ((m1_subset_1(X3,k1_numbers) & m1_subset_1(X2,u1_struct_0(X1)) & l1_bhsp_1(X1) & v2_bhsp_1(X1) & v8_rlvect_1(X1) & v7_rlvect_1(X1) & v6_rlvect_1(X1) & v5_rlvect_1(X1) & v4_rlvect_1(X1) & v3_rlvect_1(X1) & v2_rlvect_1(X1) & v13_algstr_0(X1) & ~v2_struct_0(X1)) => (r2_hidden(X0,a_3_1_bhsp_2(X1,X2,X3)) <=> ? [X4] : (r1_xxreal_0(k3_bhsp_1(X1,k5_algstr_0(X1,X2,X4)),X3) & X0 = X4 & m1_subset_1(X4,u1_struct_0(X1))))) [input fraenkel_a_3_1_bhsp_2]
166. ? [X0] : (? [X1] : (? [X2] : (? [X3] : ((r2_hidden(X1,k5_bhsp_2(X0,X2,X3)) <~> r1_xxreal_0(k3_bhsp_1(X0,k5_algstr_0(X0,X2,X1)),X3)) & m1_subset_1(X3,k1_numbers)) & m1_subset_1(X2,u1_struct_0(X0))) & m1_subset_1(X1,u1_struct_0(X0))) & (l1_bhsp_1(X0) & v2_bhsp_1(X0) & v8_rlvect_1(X0) & v7_rlvect_1(X0) & v6_rlvect_1(X0) & v5_rlvect_1(X0) & v4_rlvect_1(X0) & v3_rlvect_1(X0) & v2_rlvect_1(X0) & v13_algstr_0(X0) & ~v2_struct_0(X0))) [ennf transformation 2]
167. ? [X0] : (? [X1] : (? [X2] : (? [X3] : ((r2_hidden(X1,k5_bhsp_2(X0,X2,X3)) <~> r1_xxreal_0(k3_bhsp_1(X0,k5_algstr_0(X0,X2,X1)),X3)) & m1_subset_1(X3,k1_numbers)) & m1_subset_1(X2,u1_struct_0(X0))) & m1_subset_1(X1,u1_struct_0(X0))) & l1_bhsp_1(X0) & v2_bhsp_1(X0) & v8_rlvect_1(X0) & v7_rlvect_1(X0) & v6_rlvect_1(X0) & v5_rlvect_1(X0) & v4_rlvect_1(X0) & v3_rlvect_1(X0) & v2_rlvect_1(X0) & v13_algstr_0(X0) & ~v2_struct_0(X0)) [flattening 166]
248. ! [X0] : (! [X1] : (! [X2] : (k5_bhsp_2(X0,X1,X2) = a_3_1_bhsp_2(X0,X1,X2) | ~m1_subset_1(X2,k1_numbers)) | ~m1_subset_1(X1,u1_struct_0(X0))) | (~l1_bhsp_1(X0) | ~v2_bhsp_1(X0) | ~v8_rlvect_1(X0) | ~v7_rlvect_1(X0) | ~v6_rlvect_1(X0) | ~v5_rlvect_1(X0) | ~v4_rlvect_1(X0) | ~v3_rlvect_1(X0) | ~v2_rlvect_1(X0) | ~v13_algstr_0(X0) | v2_struct_0(X0))) [ennf transformation 59]
249. ! [X0] : (! [X1] : (! [X2] : (k5_bhsp_2(X0,X1,X2) = a_3_1_bhsp_2(X0,X1,X2) | ~m1_subset_1(X2,k1_numbers)) | ~m1_subset_1(X1,u1_struct_0(X0))) | ~l1_bhsp_1(X0) | ~v2_bhsp_1(X0) | ~v8_rlvect_1(X0) | ~v7_rlvect_1(X0) | ~v6_rlvect_1(X0) | ~v5_rlvect_1(X0) | ~v4_rlvect_1(X0) | ~v3_rlvect_1(X0) | ~v2_rlvect_1(X0) | ~v13_algstr_0(X0) | v2_struct_0(X0)) [flattening 248]
303. ! [X0,X1,X2,X3] : ((r2_hidden(X0,a_3_1_bhsp_2(X1,X2,X3)) <=> ? [X4] : (r1_xxreal_0(k3_bhsp_1(X1,k5_algstr_0(X1,X2,X4)),X3) & X0 = X4 & m1_subset_1(X4,u1_struct_0(X1)))) | (~m1_subset_1(X3,k1_numbers) | ~m1_subset_1(X2,u1_struct_0(X1)) | ~l1_bhsp_1(X1) | ~v2_bhsp_1(X1) | ~v8_rlvect_1(X1) | ~v7_rlvect_1(X1) | ~v6_rlvect_1(X1) | ~v5_rlvect_1(X1) | ~v4_rlvect_1(X1) | ~v3_rlvect_1(X1) | ~v2_rlvect_1(X1) | ~v13_algstr_0(X1) | v2_struct_0(X1))) [ennf transformation 97]
304. ! [X0,X1,X2,X3] : ((r2_hidden(X0,a_3_1_bhsp_2(X1,X2,X3)) <=> ? [X4] : (r1_xxreal_0(k3_bhsp_1(X1,k5_algstr_0(X1,X2,X4)),X3) & X0 = X4 & m1_subset_1(X4,u1_struct_0(X1)))) | ~m1_subset_1(X3,k1_numbers) | ~m1_subset_1(X2,u1_struct_0(X1)) | ~l1_bhsp_1(X1) | ~v2_bhsp_1(X1) | ~v8_rlvect_1(X1) | ~v7_rlvect_1(X1) | ~v6_rlvect_1(X1) | ~v5_rlvect_1(X1) | ~v4_rlvect_1(X1) | ~v3_rlvect_1(X1) | ~v2_rlvect_1(X1) | ~v13_algstr_0(X1) | v2_struct_0(X1)) [flattening 303]
305. ? [X0] : (? [X1] : (? [X2] : (? [X3] : (((~r1_xxreal_0(k3_bhsp_1(X0,k5_algstr_0(X0,X2,X1)),X3) | ~r2_hidden(X1,k5_bhsp_2(X0,X2,X3))) & (r1_xxreal_0(k3_bhsp_1(X0,k5_algstr_0(X0,X2,X1)),X3) | r2_hidden(X1,k5_bhsp_2(X0,X2,X3)))) & m1_subset_1(X3,k1_numbers)) & m1_subset_1(X2,u1_struct_0(X0))) & m1_subset_1(X1,u1_struct_0(X0))) & l1_bhsp_1(X0) & v2_bhsp_1(X0) & v8_rlvect_1(X0) & v7_rlvect_1(X0) & v6_rlvect_1(X0) & v5_rlvect_1(X0) & v4_rlvect_1(X0) & v3_rlvect_1(X0) & v2_rlvect_1(X0) & v13_algstr_0(X0) & ~v2_struct_0(X0)) [nnf transformation 167]
306. ? [X0] : (? [X1] : (? [X2] : (? [X3] : ((~r1_xxreal_0(k3_bhsp_1(X0,k5_algstr_0(X0,X2,X1)),X3) | ~r2_hidden(X1,k5_bhsp_2(X0,X2,X3))) & (r1_xxreal_0(k3_bhsp_1(X0,k5_algstr_0(X0,X2,X1)),X3) | r2_hidden(X1,k5_bhsp_2(X0,X2,X3))) & m1_subset_1(X3,k1_numbers)) & m1_subset_1(X2,u1_struct_0(X0))) & m1_subset_1(X1,u1_struct_0(X0))) & l1_bhsp_1(X0) & v2_bhsp_1(X0) & v8_rlvect_1(X0) & v7_rlvect_1(X0) & v6_rlvect_1(X0) & v5_rlvect_1(X0) & v4_rlvect_1(X0) & v3_rlvect_1(X0) & v2_rlvect_1(X0) & v13_algstr_0(X0) & ~v2_struct_0(X0)) [flattening 305]
307. ? [X0] : (? [X1] : (? [X2] : (? [X3] : ((~r1_xxreal_0(k3_bhsp_1(X0,k5_algstr_0(X0,X2,X1)),X3) | ~r2_hidden(X1,k5_bhsp_2(X0,X2,X3))) & (r1_xxreal_0(k3_bhsp_1(X0,k5_algstr_0(X0,X2,X1)),X3) | r2_hidden(X1,k5_bhsp_2(X0,X2,X3))) & m1_subset_1(X3,k1_numbers)) & m1_subset_1(X2,u1_struct_0(X0))) & m1_subset_1(X1,u1_struct_0(X0))) & l1_bhsp_1(X0) & v2_bhsp_1(X0) & v8_rlvect_1(X0) & v7_rlvect_1(X0) & v6_rlvect_1(X0) & v5_rlvect_1(X0) & v4_rlvect_1(X0) & v3_rlvect_1(X0) & v2_rlvect_1(X0) & v13_algstr_0(X0) & ~v2_struct_0(X0)) => (? [X1] : (? [X2] : (? [X3] : ((~r1_xxreal_0(k3_bhsp_1(sK0,k5_algstr_0(sK0,X2,X1)),X3) | ~r2_hidden(X1,k5_bhsp_2(sK0,X2,X3))) & (r1_xxreal_0(k3_bhsp_1(sK0,k5_algstr_0(sK0,X2,X1)),X3) | r2_hidden(X1,k5_bhsp_2(sK0,X2,X3))) & m1_subset_1(X3,k1_numbers)) & m1_subset_1(X2,u1_struct_0(sK0))) & m1_subset_1(X1,u1_struct_0(sK0))) & l1_bhsp_1(sK0) & v2_bhsp_1(sK0) & v8_rlvect_1(sK0) & v7_rlvect_1(sK0) & v6_rlvect_1(sK0) & v5_rlvect_1(sK0) & v4_rlvect_1(sK0) & v3_rlvect_1(sK0) & v2_rlvect_1(sK0) & v13_algstr_0(sK0) & ~v2_struct_0(sK0)) [choice axiom]
308. ? [X1] : (? [X2] : (? [X3] : ((~r1_xxreal_0(k3_bhsp_1(sK0,k5_algstr_0(sK0,X2,X1)),X3) | ~r2_hidden(X1,k5_bhsp_2(sK0,X2,X3))) & (r1_xxreal_0(k3_bhsp_1(sK0,k5_algstr_0(sK0,X2,X1)),X3) | r2_hidden(X1,k5_bhsp_2(sK0,X2,X3))) & m1_subset_1(X3,k1_numbers)) & m1_subset_1(X2,u1_struct_0(sK0))) & m1_subset_1(X1,u1_struct_0(sK0))) => (? [X2] : (? [X3] : ((~r1_xxreal_0(k3_bhsp_1(sK0,k5_algstr_0(sK0,X2,sK1)),X3) | ~r2_hidden(sK1,k5_bhsp_2(sK0,X2,X3))) & (r1_xxreal_0(k3_bhsp_1(sK0,k5_algstr_0(sK0,X2,sK1)),X3) | r2_hidden(sK1,k5_bhsp_2(sK0,X2,X3))) & m1_subset_1(X3,k1_numbers)) & m1_subset_1(X2,u1_struct_0(sK0))) & m1_subset_1(sK1,u1_struct_0(sK0))) [choice axiom]
309. ? [X2] : (? [X3] : ((~r1_xxreal_0(k3_bhsp_1(sK0,k5_algstr_0(sK0,X2,sK1)),X3) | ~r2_hidden(sK1,k5_bhsp_2(sK0,X2,X3))) & (r1_xxreal_0(k3_bhsp_1(sK0,k5_algstr_0(sK0,X2,sK1)),X3) | r2_hidden(sK1,k5_bhsp_2(sK0,X2,X3))) & m1_subset_1(X3,k1_numbers)) & m1_subset_1(X2,u1_struct_0(sK0))) => (? [X3] : ((~r1_xxreal_0(k3_bhsp_1(sK0,k5_algstr_0(sK0,sK2,sK1)),X3) | ~r2_hidden(sK1,k5_bhsp_2(sK0,sK2,X3))) & (r1_xxreal_0(k3_bhsp_1(sK0,k5_algstr_0(sK0,sK2,sK1)),X3) | r2_hidden(sK1,k5_bhsp_2(sK0,sK2,X3))) & m1_subset_1(X3,k1_numbers)) & m1_subset_1(sK2,u1_struct_0(sK0))) [choice axiom]
310. ? [X3] : ((~r1_xxreal_0(k3_bhsp_1(sK0,k5_algstr_0(sK0,sK2,sK1)),X3) | ~r2_hidden(sK1,k5_bhsp_2(sK0,sK2,X3))) & (r1_xxreal_0(k3_bhsp_1(sK0,k5_algstr_0(sK0,sK2,sK1)),X3) | r2_hidden(sK1,k5_bhsp_2(sK0,sK2,X3))) & m1_subset_1(X3,k1_numbers)) => ((~r1_xxreal_0(k3_bhsp_1(sK0,k5_algstr_0(sK0,sK2,sK1)),sK3) | ~r2_hidden(sK1,k5_bhsp_2(sK0,sK2,sK3))) & (r1_xxreal_0(k3_bhsp_1(sK0,k5_algstr_0(sK0,sK2,sK1)),sK3) | r2_hidden(sK1,k5_bhsp_2(sK0,sK2,sK3))) & m1_subset_1(sK3,k1_numbers)) [choice axiom]
311. ((((~r1_xxreal_0(k3_bhsp_1(sK0,k5_algstr_0(sK0,sK2,sK1)),sK3) | ~r2_hidden(sK1,k5_bhsp_2(sK0,sK2,sK3))) & (r1_xxreal_0(k3_bhsp_1(sK0,k5_algstr_0(sK0,sK2,sK1)),sK3) | r2_hidden(sK1,k5_bhsp_2(sK0,sK2,sK3))) & m1_subset_1(sK3,k1_numbers)) & m1_subset_1(sK2,u1_struct_0(sK0))) & m1_subset_1(sK1,u1_struct_0(sK0))) & l1_bhsp_1(sK0) & v2_bhsp_1(sK0) & v8_rlvect_1(sK0) & v7_rlvect_1(sK0) & v6_rlvect_1(sK0) & v5_rlvect_1(sK0) & v4_rlvect_1(sK0) & v3_rlvect_1(sK0) & v2_rlvect_1(sK0) & v13_algstr_0(sK0) & ~v2_struct_0(sK0) [skolemisation 306,310,309,308,307]
325. ! [X0,X1,X2,X3] : (((r2_hidden(X0,a_3_1_bhsp_2(X1,X2,X3)) | ! [X4] : (~r1_xxreal_0(k3_bhsp_1(X1,k5_algstr_0(X1,X2,X4)),X3) | X0 != X4 | ~m1_subset_1(X4,u1_struct_0(X1)))) & (? [X4] : (r1_xxreal_0(k3_bhsp_1(X1,k5_algstr_0(X1,X2,X4)),X3) & X0 = X4 & m1_subset_1(X4,u1_struct_0(X1))) | ~r2_hidden(X0,a_3_1_bhsp_2(X1,X2,X3)))) | ~m1_subset_1(X3,k1_numbers) | ~m1_subset_1(X2,u1_struct_0(X1)) | ~l1_bhsp_1(X1) | ~v2_bhsp_1(X1) | ~v8_rlvect_1(X1) | ~v7_rlvect_1(X1) | ~v6_rlvect_1(X1) | ~v5_rlvect_1(X1) | ~v4_rlvect_1(X1) | ~v3_rlvect_1(X1) | ~v2_rlvect_1(X1) | ~v13_algstr_0(X1) | v2_struct_0(X1)) [nnf transformation 304]
326. ! [X0,X1,X2,X3] : (((r2_hidden(X0,a_3_1_bhsp_2(X1,X2,X3)) | ! [X4] : (~r1_xxreal_0(k3_bhsp_1(X1,k5_algstr_0(X1,X2,X4)),X3) | X0 != X4 | ~m1_subset_1(X4,u1_struct_0(X1)))) & (? [X5] : (r1_xxreal_0(k3_bhsp_1(X1,k5_algstr_0(X1,X2,X5)),X3) & X0 = X5 & m1_subset_1(X5,u1_struct_0(X1))) | ~r2_hidden(X0,a_3_1_bhsp_2(X1,X2,X3)))) | ~m1_subset_1(X3,k1_numbers) | ~m1_subset_1(X2,u1_struct_0(X1)) | ~l1_bhsp_1(X1) | ~v2_bhsp_1(X1) | ~v8_rlvect_1(X1) | ~v7_rlvect_1(X1) | ~v6_rlvect_1(X1) | ~v5_rlvect_1(X1) | ~v4_rlvect_1(X1) | ~v3_rlvect_1(X1) | ~v2_rlvect_1(X1) | ~v13_algstr_0(X1) | v2_struct_0(X1)) [rectify 325]
327. ! [X3,X2,X1,X0] : (? [X5] : (r1_xxreal_0(k3_bhsp_1(X1,k5_algstr_0(X1,X2,X5)),X3) & X0 = X5 & m1_subset_1(X5,u1_struct_0(X1))) => (r1_xxreal_0(k3_bhsp_1(X1,k5_algstr_0(X1,X2,sK10(X0,X1,X2,X3))),X3) & sK10(X0,X1,X2,X3) = X0 & m1_subset_1(sK10(X0,X1,X2,X3),u1_struct_0(X1)))) [choice axiom]
328. ! [X0,X1,X2,X3] : (((r2_hidden(X0,a_3_1_bhsp_2(X1,X2,X3)) | ! [X4] : (~r1_xxreal_0(k3_bhsp_1(X1,k5_algstr_0(X1,X2,X4)),X3) | X0 != X4 | ~m1_subset_1(X4,u1_struct_0(X1)))) & ((r1_xxreal_0(k3_bhsp_1(X1,k5_algstr_0(X1,X2,sK10(X0,X1,X2,X3))),X3) & sK10(X0,X1,X2,X3) = X0 & m1_subset_1(sK10(X0,X1,X2,X3),u1_struct_0(X1))) | ~r2_hidden(X0,a_3_1_bhsp_2(X1,X2,X3)))) | ~m1_subset_1(X3,k1_numbers) | ~m1_subset_1(X2,u1_struct_0(X1)) | ~l1_bhsp_1(X1) | ~v2_bhsp_1(X1) | ~v8_rlvect_1(X1) | ~v7_rlvect_1(X1) | ~v6_rlvect_1(X1) | ~v5_rlvect_1(X1) | ~v4_rlvect_1(X1) | ~v3_rlvect_1(X1) | ~v2_rlvect_1(X1) | ~v13_algstr_0(X1) | v2_struct_0(X1)) [skolemisation 326,327]
377. ~v2_struct_0(sK0) [cnf transformation 311] {a:0,w:2,wCS:200,goal:1,sine:0,thAx:0,allAx:5,thDist:-5}
378. v13_algstr_0(sK0) [cnf transformation 311] {a:0,w:2,wCS:200,goal:1,sine:0,thAx:0,allAx:5,thDist:-5}
379. v2_rlvect_1(sK0) [cnf transformation 311] {a:0,w:2,wCS:200,goal:1,sine:0,thAx:0,allAx:5,thDist:-5}
380. v3_rlvect_1(sK0) [cnf transformation 311] {a:0,w:2,wCS:200,goal:1,sine:0,thAx:0,allAx:5,thDist:-5}
381. v4_rlvect_1(sK0) [cnf transformation 311] {a:0,w:2,wCS:200,goal:1,sine:0,thAx:0,allAx:5,thDist:-5}
382. v5_rlvect_1(sK0) [cnf transformation 311] {a:0,w:2,wCS:200,goal:1,sine:0,thAx:0,allAx:5,thDist:-5}
383. v6_rlvect_1(sK0) [cnf transformation 311] {a:0,w:2,wCS:200,goal:1,sine:0,thAx:0,allAx:5,thDist:-5}
384. v7_rlvect_1(sK0) [cnf transformation 311] {a:0,w:2,wCS:200,goal:1,sine:0,thAx:0,allAx:5,thDist:-5}
385. v8_rlvect_1(sK0) [cnf transformation 311] {a:0,w:2,wCS:200,goal:1,sine:0,thAx:0,allAx:5,thDist:-5}
386. v2_bhsp_1(sK0) [cnf transformation 311] {a:0,w:2,wCS:200,goal:1,sine:0,thAx:0,allAx:5,thDist:-5}
387. l1_bhsp_1(sK0) [cnf transformation 311] {a:0,w:2,wCS:200,goal:1,sine:0,thAx:0,allAx:5,thDist:-5}
388. m1_subset_1(sK1,u1_struct_0(sK0)) [cnf transformation 311] {a:0,w:4,wCS:400,goal:1,sine:0,thAx:0,allAx:5,thDist:-5}
389. m1_subset_1(sK2,u1_struct_0(sK0)) [cnf transformation 311] {a:0,w:4,wCS:400,goal:1,sine:0,thAx:0,allAx:5,thDist:-5}
390. m1_subset_1(sK3,k1_numbers) [cnf transformation 311] {a:0,w:3,wCS:300,goal:1,sine:0,thAx:0,allAx:5,thDist:-5}
391. r1_xxreal_0(k3_bhsp_1(sK0,k5_algstr_0(sK0,sK2,sK1)),sK3) | r2_hidden(sK1,k5_bhsp_2(sK0,sK2,sK3)) [cnf transformation 311] {a:0,w:14,wCS:1400,goal:1,sine:0,thAx:0,allAx:5,thDist:-5}
392. ~r1_xxreal_0(k3_bhsp_1(sK0,k5_algstr_0(sK0,sK2,sK1)),sK3) | ~r2_hidden(sK1,k5_bhsp_2(sK0,sK2,sK3)) [cnf transformation 311] {a:0,w:14,wCS:1400,goal:1,sine:0,thAx:0,allAx:5,thDist:-5}
471. k5_bhsp_2(X0,X1,X2) = a_3_1_bhsp_2(X0,X1,X2) | ~m1_subset_1(X2,k1_numbers) | ~m1_subset_1(X1,u1_struct_0(X0)) | ~l1_bhsp_1(X0) | ~v2_bhsp_1(X0) | ~v8_rlvect_1(X0) | ~v7_rlvect_1(X0) | ~v6_rlvect_1(X0) | ~v5_rlvect_1(X0) | ~v4_rlvect_1(X0) | ~v3_rlvect_1(X0) | ~v2_rlvect_1(X0) | ~v13_algstr_0(X0) | v2_struct_0(X0) [cnf transformation 249] {a:0,w:38,wCS:15200,nSel:1,sine:255,thAx:0,allAx:1,thDist:-1}
519. sK10(X0,X1,X2,X3) = X0 | ~r2_hidden(X0,a_3_1_bhsp_2(X1,X2,X3)) | ~m1_subset_1(X3,k1_numbers) | ~m1_subset_1(X2,u1_struct_0(X1)) | ~l1_bhsp_1(X1) | ~v2_bhsp_1(X1) | ~v8_rlvect_1(X1) | ~v7_rlvect_1(X1) | ~v6_rlvect_1(X1) | ~v5_rlvect_1(X1) | ~v4_rlvect_1(X1) | ~v3_rlvect_1(X1) | ~v2_rlvect_1(X1) | ~v13_algstr_0(X1) | v2_struct_0(X1) [cnf transformation 328] {a:0,w:42,wCS:16800,nSel:1,sine:255,thAx:0,allAx:2,thDist:-2}
520. r1_xxreal_0(k3_bhsp_1(X1,k5_algstr_0(X1,X2,sK10(X0,X1,X2,X3))),X3) | ~r2_hidden(X0,a_3_1_bhsp_2(X1,X2,X3)) | ~m1_subset_1(X3,k1_numbers) | ~m1_subset_1(X2,u1_struct_0(X1)) | ~l1_bhsp_1(X1) | ~v2_bhsp_1(X1) | ~v8_rlvect_1(X1) | ~v7_rlvect_1(X1) | ~v6_rlvect_1(X1) | ~v5_rlvect_1(X1) | ~v4_rlvect_1(X1) | ~v3_rlvect_1(X1) | ~v2_rlvect_1(X1) | ~v13_algstr_0(X1) | v2_struct_0(X1) [cnf transformation 328] {a:0,w:47,wCS:18800,nSel:1,sine:255,thAx:0,allAx:2,thDist:-2}
521. r2_hidden(X0,a_3_1_bhsp_2(X1,X2,X3)) | ~r1_xxreal_0(k3_bhsp_1(X1,k5_algstr_0(X1,X2,X4)),X3) | X0 != X4 | ~m1_subset_1(X4,u1_struct_0(X1)) | ~m1_subset_1(X3,k1_numbers) | ~m1_subset_1(X2,u1_struct_0(X1)) | ~l1_bhsp_1(X1) | ~v2_bhsp_1(X1) | ~v8_rlvect_1(X1) | ~v7_rlvect_1(X1) | ~v6_rlvect_1(X1) | ~v5_rlvect_1(X1) | ~v4_rlvect_1(X1) | ~v3_rlvect_1(X1) | ~v2_rlvect_1(X1) | ~v13_algstr_0(X1) | v2_struct_0(X1) [cnf transformation 328] {a:0,w:50,wCS:20000,sine:255,thAx:0,allAx:2,thDist:-2}
564. ~r1_xxreal_0(k3_bhsp_1(X1,k5_algstr_0(X1,X2,X4)),X3) | r2_hidden(X4,a_3_1_bhsp_2(X1,X2,X3)) | ~m1_subset_1(X4,u1_struct_0(X1)) | ~m1_subset_1(X3,k1_numbers) | ~m1_subset_1(X2,u1_struct_0(X1)) | ~l1_bhsp_1(X1) | ~v2_bhsp_1(X1) | ~v8_rlvect_1(X1) | ~v7_rlvect_1(X1) | ~v6_rlvect_1(X1) | ~v5_rlvect_1(X1) | ~v4_rlvect_1(X1) | ~v3_rlvect_1(X1) | ~v2_rlvect_1(X1) | ~v13_algstr_0(X1) | v2_struct_0(X1) [equality resolution 521] {a:0,w:47,wCS:18800,nSel:1,sine:255,thAx:0,allAx:2,thDist:-2}
566. 1 <=> r2_hidden(sK1,k5_bhsp_2(sK0,sK2,sK3)) [avatar definition]
567. r2_hidden(sK1,k5_bhsp_2(sK0,sK2,sK3)) <- (1) [avatar component clause 566] {a:0,w:6,wCS:600,nSel:1,goal:1,sine:255,thAx:0,allAx:5,thDist:-5}
568. ~r2_hidden(sK1,k5_bhsp_2(sK0,sK2,sK3)) <- (~1) [avatar component clause 566] {a:0,w:6,wCS:600,nSel:1,goal:1,sine:255,thAx:0,allAx:5,thDist:-5}
570. 2 <=> r1_xxreal_0(k3_bhsp_1(sK0,k5_algstr_0(sK0,sK2,sK1)),sK3) [avatar definition]
571. r1_xxreal_0(k3_bhsp_1(sK0,k5_algstr_0(sK0,sK2,sK1)),sK3) <- (2) [avatar component clause 570] {a:0,w:8,wCS:800,nSel:1,goal:1,sine:255,thAx:0,allAx:5,thDist:-5}
572. ~r1_xxreal_0(k3_bhsp_1(sK0,k5_algstr_0(sK0,sK2,sK1)),sK3) <- (~2) [avatar component clause 570] {a:0,w:8,wCS:800,nSel:1,goal:1,sine:255,thAx:0,allAx:5,thDist:-5}
573. ~1 | ~2 [avatar split clause 392,570,566]
574. 1 | 2 [avatar split clause 391,570,566]
576. 3 <=> m1_subset_1(sK3,k1_numbers) [avatar definition]
578. m1_subset_1(sK3,k1_numbers) <- (3) [avatar component clause 576] {a:0,w:3,wCS:300,nSel:1,goal:1,sine:255,thAx:0,allAx:5,thDist:-5}
579. 3 [avatar split clause 390,576]
581. 4 <=> m1_subset_1(sK2,u1_struct_0(sK0)) [avatar definition]
583. m1_subset_1(sK2,u1_struct_0(sK0)) <- (4) [avatar component clause 581] {a:0,w:4,wCS:400,nSel:1,goal:1,sine:255,thAx:0,allAx:5,thDist:-5}
584. 4 [avatar split clause 389,581]
586. 5 <=> m1_subset_1(sK1,u1_struct_0(sK0)) [avatar definition]
588. m1_subset_1(sK1,u1_struct_0(sK0)) <- (5) [avatar component clause 586] {a:0,w:4,wCS:400,nSel:1,goal:1,sine:255,thAx:0,allAx:5,thDist:-5}
589. 5 [avatar split clause 388,586]
591. 6 <=> l1_bhsp_1(sK0) [avatar definition]
593. l1_bhsp_1(sK0) <- (6) [avatar component clause 591] {a:0,w:2,wCS:200,nSel:1,goal:1,sine:255,thAx:0,allAx:5,thDist:-5}
594. 6 [avatar split clause 387,591]
596. 7 <=> v2_bhsp_1(sK0) [avatar definition]
598. v2_bhsp_1(sK0) <- (7) [avatar component clause 596] {a:0,w:2,wCS:200,nSel:1,goal:1,sine:255,thAx:0,allAx:5,thDist:-5}
599. 7 [avatar split clause 386,596]
601. 8 <=> v8_rlvect_1(sK0) [avatar definition]
603. v8_rlvect_1(sK0) <- (8) [avatar component clause 601] {a:0,w:2,wCS:200,nSel:1,goal:1,sine:255,thAx:0,allAx:5,thDist:-5}
604. 8 [avatar split clause 385,601]
606. 9 <=> v7_rlvect_1(sK0) [avatar definition]
608. v7_rlvect_1(sK0) <- (9) [avatar component clause 606] {a:0,w:2,wCS:200,nSel:1,goal:1,sine:255,thAx:0,allAx:5,thDist:-5}
609. 9 [avatar split clause 384,606]
611. 10 <=> v6_rlvect_1(sK0) [avatar definition]
613. v6_rlvect_1(sK0) <- (10) [avatar component clause 611] {a:0,w:2,wCS:200,nSel:1,goal:1,sine:255,thAx:0,allAx:5,thDist:-5}
614. 10 [avatar split clause 383,611]
616. 11 <=> v5_rlvect_1(sK0) [avatar definition]
618. v5_rlvect_1(sK0) <- (11) [avatar component clause 616] {a:0,w:2,wCS:200,nSel:1,goal:1,sine:255,thAx:0,allAx:5,thDist:-5}
619. 11 [avatar split clause 382,616]
621. 12 <=> v4_rlvect_1(sK0) [avatar definition]
623. v4_rlvect_1(sK0) <- (12) [avatar component clause 621] {a:0,w:2,wCS:200,nSel:1,goal:1,sine:255,thAx:0,allAx:5,thDist:-5}
624. 12 [avatar split clause 381,621]
626. 13 <=> v3_rlvect_1(sK0) [avatar definition]
628. v3_rlvect_1(sK0) <- (13) [avatar component clause 626] {a:0,w:2,wCS:200,nSel:1,goal:1,sine:255,thAx:0,allAx:5,thDist:-5}
629. 13 [avatar split clause 380,626]
631. 14 <=> v2_rlvect_1(sK0) [avatar definition]
633. v2_rlvect_1(sK0) <- (14) [avatar component clause 631] {a:0,w:2,wCS:200,nSel:1,goal:1,sine:255,thAx:0,allAx:5,thDist:-5}
634. 14 [avatar split clause 379,631]
636. 15 <=> v13_algstr_0(sK0) [avatar definition]
638. v13_algstr_0(sK0) <- (15) [avatar component clause 636] {a:0,w:2,wCS:200,nSel:1,goal:1,sine:255,thAx:0,allAx:5,thDist:-5}
639. 15 [avatar split clause 378,636]
641. 16 <=> v2_struct_0(sK0) [avatar definition]
643. ~v2_struct_0(sK0) <- (~16) [avatar component clause 641] {a:0,w:2,wCS:200,nSel:1,goal:1,sine:255,thAx:0,allAx:5,thDist:-5}
644. ~16 [avatar split clause 377,641]
2232. r1_xxreal_0(k3_bhsp_1(X1,k5_algstr_0(X1,X2,X0)),X3) | ~r2_hidden(X0,a_3_1_bhsp_2(X1,X2,X3)) | ~m1_subset_1(X3,k1_numbers) | ~m1_subset_1(X2,u1_struct_0(X1)) | ~l1_bhsp_1(X1) | ~v2_bhsp_1(X1) | ~v8_rlvect_1(X1) | ~v7_rlvect_1(X1) | ~v6_rlvect_1(X1) | ~v5_rlvect_1(X1) | ~v4_rlvect_1(X1) | ~v3_rlvect_1(X1) | ~v2_rlvect_1(X1) | ~v13_algstr_0(X1) | v2_struct_0(X1) | ~r2_hidden(X0,a_3_1_bhsp_2(X1,X2,X3)) | ~m1_subset_1(X3,k1_numbers) | ~m1_subset_1(X2,u1_struct_0(X1)) | ~l1_bhsp_1(X1) | ~v2_bhsp_1(X1) | ~v8_rlvect_1(X1) | ~v7_rlvect_1(X1) | ~v6_rlvect_1(X1) | ~v5_rlvect_1(X1) | ~v4_rlvect_1(X1) | ~v3_rlvect_1(X1) | ~v2_rlvect_1(X1) | ~v13_algstr_0(X1) | v2_struct_0(X1) [superposition 520,519] {a:1,w:78,wCS:31200,sine:255,thAx:0,allAx:4,thDist:-4}
2233. r1_xxreal_0(k3_bhsp_1(X1,k5_algstr_0(X1,X2,X0)),X3) | ~r2_hidden(X0,a_3_1_bhsp_2(X1,X2,X3)) | ~m1_subset_1(X3,k1_numbers) | ~m1_subset_1(X2,u1_struct_0(X1)) | ~l1_bhsp_1(X1) | ~v2_bhsp_1(X1) | ~v8_rlvect_1(X1) | ~v7_rlvect_1(X1) | ~v6_rlvect_1(X1) | ~v5_rlvect_1(X1) | ~v4_rlvect_1(X1) | ~v3_rlvect_1(X1) | ~v2_rlvect_1(X1) | ~v13_algstr_0(X1) | v2_struct_0(X1) [duplicate literal removal 2232] {a:1,w:43,wCS:17200,nSel:1,sine:255,thAx:0,allAx:4,thDist:-4}
2259. 248 <=> r2_hidden(sK1,a_3_1_bhsp_2(sK0,sK2,sK3)) [avatar definition]
2260. ~r2_hidden(sK1,a_3_1_bhsp_2(sK0,sK2,sK3)) <- (~248) [avatar component clause 2259] {a:1,w:6,wCS:600,nSel:1,goal:1,sine:255,thAx:0,allAx:7,thDist:-7}
2261. r2_hidden(sK1,a_3_1_bhsp_2(sK0,sK2,sK3)) <- (248) [avatar component clause 2259] {a:1,w:6,wCS:600,nSel:1,goal:1,sine:255,thAx:0,allAx:7,thDist:-7}
2283. r2_hidden(sK1,a_3_1_bhsp_2(sK0,sK2,sK3)) | ~m1_subset_1(sK1,u1_struct_0(sK0)) | ~m1_subset_1(sK3,k1_numbers) | ~m1_subset_1(sK2,u1_struct_0(sK0)) | ~l1_bhsp_1(sK0) | ~v2_bhsp_1(sK0) | ~v8_rlvect_1(sK0) | ~v7_rlvect_1(sK0) | ~v6_rlvect_1(sK0) | ~v5_rlvect_1(sK0) | ~v4_rlvect_1(sK0) | ~v3_rlvect_1(sK0) | ~v2_rlvect_1(sK0) | ~v13_algstr_0(sK0) | v2_struct_0(sK0) <- (2) [resolution 571,564] {a:1,w:39,wCS:3900,goal:1,sine:255,thAx:0,allAx:7,thDist:-7}
2288. r2_hidden(sK1,a_3_1_bhsp_2(sK0,sK2,sK3)) | ~m1_subset_1(sK3,k1_numbers) | ~m1_subset_1(sK2,u1_struct_0(sK0)) | ~l1_bhsp_1(sK0) | ~v2_bhsp_1(sK0) | ~v8_rlvect_1(sK0) | ~v7_rlvect_1(sK0) | ~v6_rlvect_1(sK0) | ~v5_rlvect_1(sK0) | ~v4_rlvect_1(sK0) | ~v3_rlvect_1(sK0) | ~v2_rlvect_1(sK0) | ~v13_algstr_0(sK0) | v2_struct_0(sK0) <- (2, 5) [subsumption resolution 2283,588] {a:1,w:35,wCS:3500,goal:1,sine:255,thAx:0,allAx:7,thDist:-7}
2289. r2_hidden(sK1,a_3_1_bhsp_2(sK0,sK2,sK3)) | ~m1_subset_1(sK2,u1_struct_0(sK0)) | ~l1_bhsp_1(sK0) | ~v2_bhsp_1(sK0) | ~v8_rlvect_1(sK0) | ~v7_rlvect_1(sK0) | ~v6_rlvect_1(sK0) | ~v5_rlvect_1(sK0) | ~v4_rlvect_1(sK0) | ~v3_rlvect_1(sK0) | ~v2_rlvect_1(sK0) | ~v13_algstr_0(sK0) | v2_struct_0(sK0) <- (2, 3, 5) [subsumption resolution 2288,578] {a:1,w:32,wCS:3200,goal:1,sine:255,thAx:0,allAx:7,thDist:-7}
2290. r2_hidden(sK1,a_3_1_bhsp_2(sK0,sK2,sK3)) | ~l1_bhsp_1(sK0) | ~v2_bhsp_1(sK0) | ~v8_rlvect_1(sK0) | ~v7_rlvect_1(sK0) | ~v6_rlvect_1(sK0) | ~v5_rlvect_1(sK0) | ~v4_rlvect_1(sK0) | ~v3_rlvect_1(sK0) | ~v2_rlvect_1(sK0) | ~v13_algstr_0(sK0) | v2_struct_0(sK0) <- (2, 3, 4, 5) [subsumption resolution 2289,583] {a:1,w:28,wCS:2800,goal:1,sine:255,thAx:0,allAx:7,thDist:-7}
2291. r2_hidden(sK1,a_3_1_bhsp_2(sK0,sK2,sK3)) | ~v2_bhsp_1(sK0) | ~v8_rlvect_1(sK0) | ~v7_rlvect_1(sK0) | ~v6_rlvect_1(sK0) | ~v5_rlvect_1(sK0) | ~v4_rlvect_1(sK0) | ~v3_rlvect_1(sK0) | ~v2_rlvect_1(sK0) | ~v13_algstr_0(sK0) | v2_struct_0(sK0) <- (2, 3, 4, 5, 6) [subsumption resolution 2290,593] {a:1,w:26,wCS:2600,goal:1,sine:255,thAx:0,allAx:7,thDist:-7}
2292. r2_hidden(sK1,a_3_1_bhsp_2(sK0,sK2,sK3)) | ~v8_rlvect_1(sK0) | ~v7_rlvect_1(sK0) | ~v6_rlvect_1(sK0) | ~v5_rlvect_1(sK0) | ~v4_rlvect_1(sK0) | ~v3_rlvect_1(sK0) | ~v2_rlvect_1(sK0) | ~v13_algstr_0(sK0) | v2_struct_0(sK0) <- (2, 3, 4, 5, 6, 7) [subsumption resolution 2291,598] {a:1,w:24,wCS:2400,goal:1,sine:255,thAx:0,allAx:7,thDist:-7}
2293. r2_hidden(sK1,a_3_1_bhsp_2(sK0,sK2,sK3)) | ~v7_rlvect_1(sK0) | ~v6_rlvect_1(sK0) | ~v5_rlvect_1(sK0) | ~v4_rlvect_1(sK0) | ~v3_rlvect_1(sK0) | ~v2_rlvect_1(sK0) | ~v13_algstr_0(sK0) | v2_struct_0(sK0) <- (2, 3, 4, 5, 6, 7, 8) [subsumption resolution 2292,603] {a:1,w:22,wCS:2200,goal:1,sine:255,thAx:0,allAx:7,thDist:-7}
2294. r2_hidden(sK1,a_3_1_bhsp_2(sK0,sK2,sK3)) | ~v6_rlvect_1(sK0) | ~v5_rlvect_1(sK0) | ~v4_rlvect_1(sK0) | ~v3_rlvect_1(sK0) | ~v2_rlvect_1(sK0) | ~v13_algstr_0(sK0) | v2_struct_0(sK0) <- (2, 3, 4, 5, 6, 7, 8, 9) [subsumption resolution 2293,608] {a:1,w:20,wCS:2000,goal:1,sine:255,thAx:0,allAx:7,thDist:-7}
2295. r2_hidden(sK1,a_3_1_bhsp_2(sK0,sK2,sK3)) | ~v5_rlvect_1(sK0) | ~v4_rlvect_1(sK0) | ~v3_rlvect_1(sK0) | ~v2_rlvect_1(sK0) | ~v13_algstr_0(sK0) | v2_struct_0(sK0) <- (2, 3, 4, 5, 6, 7, 8, 9, 10) [subsumption resolution 2294,613] {a:1,w:18,wCS:1800,goal:1,sine:255,thAx:0,allAx:7,thDist:-7}
2296. r2_hidden(sK1,a_3_1_bhsp_2(sK0,sK2,sK3)) | ~v4_rlvect_1(sK0) | ~v3_rlvect_1(sK0) | ~v2_rlvect_1(sK0) | ~v13_algstr_0(sK0) | v2_struct_0(sK0) <- (2, 3, 4, 5, 6, 7, 8, 9, 10, 11) [subsumption resolution 2295,618] {a:1,w:16,wCS:1600,goal:1,sine:255,thAx:0,allAx:7,thDist:-7}
2297. r2_hidden(sK1,a_3_1_bhsp_2(sK0,sK2,sK3)) | ~v3_rlvect_1(sK0) | ~v2_rlvect_1(sK0) | ~v13_algstr_0(sK0) | v2_struct_0(sK0) <- (2, 3, 4, 5, 6, 7, 8, 9, 10, 11, 12) [subsumption resolution 2296,623] {a:1,w:14,wCS:1400,goal:1,sine:255,thAx:0,allAx:7,thDist:-7}
2298. r2_hidden(sK1,a_3_1_bhsp_2(sK0,sK2,sK3)) | ~v2_rlvect_1(sK0) | ~v13_algstr_0(sK0) | v2_struct_0(sK0) <- (2, 3, 4, 5, 6, 7, 8, 9, 10, 11, 12, 13) [subsumption resolution 2297,628] {a:1,w:12,wCS:1200,goal:1,sine:255,thAx:0,allAx:7,thDist:-7}
2299. r2_hidden(sK1,a_3_1_bhsp_2(sK0,sK2,sK3)) | ~v13_algstr_0(sK0) | v2_struct_0(sK0) <- (2, 3, 4, 5, 6, 7, 8, 9, 10, 11, 12, 13, 14) [subsumption resolution 2298,633] {a:1,w:10,wCS:1000,goal:1,sine:255,thAx:0,allAx:7,thDist:-7}
2300. r2_hidden(sK1,a_3_1_bhsp_2(sK0,sK2,sK3)) | v2_struct_0(sK0) <- (2, 3, 4, 5, 6, 7, 8, 9, 10, 11, 12, 13, 14, 15) [subsumption resolution 2299,638] {a:1,w:8,wCS:800,goal:1,sine:255,thAx:0,allAx:7,thDist:-7}
2301. r2_hidden(sK1,a_3_1_bhsp_2(sK0,sK2,sK3)) <- (2, 3, 4, 5, 6, 7, 8, 9, 10, 11, 12, 13, 14, 15, ~16) [subsumption resolution 2300,643] {a:1,w:6,wCS:600,goal:1,sine:255,thAx:0,allAx:7,thDist:-7}
2302. 248 | ~2 | ~3 | ~4 | ~5 | ~6 | ~7 | ~8 | ~9 | ~10 | ~11 | ~12 | ~13 | ~14 | ~15 | 16 [avatar split clause 2301,641,636,631,626,621,616,611,606,601,596,591,586,581,576,570,2259]
2306. r2_hidden(sK1,k5_bhsp_2(sK0,sK2,sK3)) | ~m1_subset_1(sK3,k1_numbers) | ~m1_subset_1(sK2,u1_struct_0(sK0)) | ~l1_bhsp_1(sK0) | ~v2_bhsp_1(sK0) | ~v8_rlvect_1(sK0) | ~v7_rlvect_1(sK0) | ~v6_rlvect_1(sK0) | ~v5_rlvect_1(sK0) | ~v4_rlvect_1(sK0) | ~v3_rlvect_1(sK0) | ~v2_rlvect_1(sK0) | ~v13_algstr_0(sK0) | v2_struct_0(sK0) <- (248) [superposition 2261,471] {a:2,w:35,wCS:3500,goal:1,sine:255,thAx:0,allAx:8,thDist:-8}
2322. ~m1_subset_1(sK3,k1_numbers) | ~m1_subset_1(sK2,u1_struct_0(sK0)) | ~l1_bhsp_1(sK0) | ~v2_bhsp_1(sK0) | ~v8_rlvect_1(sK0) | ~v7_rlvect_1(sK0) | ~v6_rlvect_1(sK0) | ~v5_rlvect_1(sK0) | ~v4_rlvect_1(sK0) | ~v3_rlvect_1(sK0) | ~v2_rlvect_1(sK0) | ~v13_algstr_0(sK0) | v2_struct_0(sK0) <- (~1, 248) [subsumption resolution 2306,568] {a:2,w:29,wCS:2900,goal:1,sine:255,thAx:0,allAx:8,thDist:-8}
2323. ~m1_subset_1(sK2,u1_struct_0(sK0)) | ~l1_bhsp_1(sK0) | ~v2_bhsp_1(sK0) | ~v8_rlvect_1(sK0) | ~v7_rlvect_1(sK0) | ~v6_rlvect_1(sK0) | ~v5_rlvect_1(sK0) | ~v4_rlvect_1(sK0) | ~v3_rlvect_1(sK0) | ~v2_rlvect_1(sK0) | ~v13_algstr_0(sK0) | v2_struct_0(sK0) <- (~1, 3, 248) [subsumption resolution 2322,578] {a:2,w:26,wCS:2600,goal:1,sine:255,thAx:0,allAx:8,thDist:-8}
2324. ~l1_bhsp_1(sK0) | ~v2_bhsp_1(sK0) | ~v8_rlvect_1(sK0) | ~v7_rlvect_1(sK0) | ~v6_rlvect_1(sK0) | ~v5_rlvect_1(sK0) | ~v4_rlvect_1(sK0) | ~v3_rlvect_1(sK0) | ~v2_rlvect_1(sK0) | ~v13_algstr_0(sK0) | v2_struct_0(sK0) <- (~1, 3, 4, 248) [subsumption resolution 2323,583] {a:2,w:22,wCS:2200,goal:1,sine:255,thAx:0,allAx:8,thDist:-8}
2325. ~v2_bhsp_1(sK0) | ~v8_rlvect_1(sK0) | ~v7_rlvect_1(sK0) | ~v6_rlvect_1(sK0) | ~v5_rlvect_1(sK0) | ~v4_rlvect_1(sK0) | ~v3_rlvect_1(sK0) | ~v2_rlvect_1(sK0) | ~v13_algstr_0(sK0) | v2_struct_0(sK0) <- (~1, 3, 4, 6, 248) [subsumption resolution 2324,593] {a:2,w:20,wCS:2000,goal:1,sine:255,thAx:0,allAx:8,thDist:-8}
2326. ~v8_rlvect_1(sK0) | ~v7_rlvect_1(sK0) | ~v6_rlvect_1(sK0) | ~v5_rlvect_1(sK0) | ~v4_rlvect_1(sK0) | ~v3_rlvect_1(sK0) | ~v2_rlvect_1(sK0) | ~v13_algstr_0(sK0) | v2_struct_0(sK0) <- (~1, 3, 4, 6, 7, 248) [subsumption resolution 2325,598] {a:2,w:18,wCS:1800,goal:1,sine:255,thAx:0,allAx:8,thDist:-8}
2327. ~v7_rlvect_1(sK0) | ~v6_rlvect_1(sK0) | ~v5_rlvect_1(sK0) | ~v4_rlvect_1(sK0) | ~v3_rlvect_1(sK0) | ~v2_rlvect_1(sK0) | ~v13_algstr_0(sK0) | v2_struct_0(sK0) <- (~1, 3, 4, 6, 7, 8, 248) [subsumption resolution 2326,603] {a:2,w:16,wCS:1600,goal:1,sine:255,thAx:0,allAx:8,thDist:-8}
2328. ~v6_rlvect_1(sK0) | ~v5_rlvect_1(sK0) | ~v4_rlvect_1(sK0) | ~v3_rlvect_1(sK0) | ~v2_rlvect_1(sK0) | ~v13_algstr_0(sK0) | v2_struct_0(sK0) <- (~1, 3, 4, 6, 7, 8, 9, 248) [subsumption resolution 2327,608] {a:2,w:14,wCS:1400,goal:1,sine:255,thAx:0,allAx:8,thDist:-8}
2329. ~v5_rlvect_1(sK0) | ~v4_rlvect_1(sK0) | ~v3_rlvect_1(sK0) | ~v2_rlvect_1(sK0) | ~v13_algstr_0(sK0) | v2_struct_0(sK0) <- (~1, 3, 4, 6, 7, 8, 9, 10, 248) [subsumption resolution 2328,613] {a:2,w:12,wCS:1200,goal:1,sine:255,thAx:0,allAx:8,thDist:-8}
2330. ~v4_rlvect_1(sK0) | ~v3_rlvect_1(sK0) | ~v2_rlvect_1(sK0) | ~v13_algstr_0(sK0) | v2_struct_0(sK0) <- (~1, 3, 4, 6, 7, 8, 9, 10, 11, 248) [subsumption resolution 2329,618] {a:2,w:10,wCS:1000,goal:1,sine:255,thAx:0,allAx:8,thDist:-8}
2331. ~v3_rlvect_1(sK0) | ~v2_rlvect_1(sK0) | ~v13_algstr_0(sK0) | v2_struct_0(sK0) <- (~1, 3, 4, 6, 7, 8, 9, 10, 11, 12, 248) [subsumption resolution 2330,623] {a:2,w:8,wCS:800,goal:1,sine:255,thAx:0,allAx:8,thDist:-8}
2332. ~v2_rlvect_1(sK0) | ~v13_algstr_0(sK0) | v2_struct_0(sK0) <- (~1, 3, 4, 6, 7, 8, 9, 10, 11, 12, 13, 248) [subsumption resolution 2331,628] {a:2,w:6,wCS:600,goal:1,sine:255,thAx:0,allAx:8,thDist:-8}
2333. ~v13_algstr_0(sK0) | v2_struct_0(sK0) <- (~1, 3, 4, 6, 7, 8, 9, 10, 11, 12, 13, 14, 248) [subsumption resolution 2332,633] {a:2,w:4,wCS:400,goal:1,sine:255,thAx:0,allAx:8,thDist:-8}
2334. v2_struct_0(sK0) <- (~1, 3, 4, 6, 7, 8, 9, 10, 11, 12, 13, 14, 15, 248) [subsumption resolution 2333,638] {a:2,w:2,wCS:200,goal:1,sine:255,thAx:0,allAx:8,thDist:-8}
2335. $false <- (~1, 3, 4, 6, 7, 8, 9, 10, 11, 12, 13, 14, 15, ~16, 248) [subsumption resolution 2334,643] {a:2,w:0,goal:1,sine:255,thAx:0,allAx:8,thDist:-8}
2336. 1 | ~3 | ~4 | ~6 | ~7 | ~8 | ~9 | ~10 | ~11 | ~12 | ~13 | ~14 | ~15 | 16 | ~248 [avatar contradiction clause 2335]
2362. ~r2_hidden(sK1,k5_bhsp_2(sK0,sK2,sK3)) | ~m1_subset_1(sK3,k1_numbers) | ~m1_subset_1(sK2,u1_struct_0(sK0)) | ~l1_bhsp_1(sK0) | ~v2_bhsp_1(sK0) | ~v8_rlvect_1(sK0) | ~v7_rlvect_1(sK0) | ~v6_rlvect_1(sK0) | ~v5_rlvect_1(sK0) | ~v4_rlvect_1(sK0) | ~v3_rlvect_1(sK0) | ~v2_rlvect_1(sK0) | ~v13_algstr_0(sK0) | v2_struct_0(sK0) <- (~248) [superposition 2260,471] {a:2,w:35,wCS:3500,goal:1,sine:255,thAx:0,allAx:8,thDist:-8}
2363. ~m1_subset_1(sK3,k1_numbers) | ~m1_subset_1(sK2,u1_struct_0(sK0)) | ~l1_bhsp_1(sK0) | ~v2_bhsp_1(sK0) | ~v8_rlvect_1(sK0) | ~v7_rlvect_1(sK0) | ~v6_rlvect_1(sK0) | ~v5_rlvect_1(sK0) | ~v4_rlvect_1(sK0) | ~v3_rlvect_1(sK0) | ~v2_rlvect_1(sK0) | ~v13_algstr_0(sK0) | v2_struct_0(sK0) <- (1, ~248) [subsumption resolution 2362,567] {a:2,w:29,wCS:2900,goal:1,sine:255,thAx:0,allAx:8,thDist:-8}
2364. ~m1_subset_1(sK2,u1_struct_0(sK0)) | ~l1_bhsp_1(sK0) | ~v2_bhsp_1(sK0) | ~v8_rlvect_1(sK0) | ~v7_rlvect_1(sK0) | ~v6_rlvect_1(sK0) | ~v5_rlvect_1(sK0) | ~v4_rlvect_1(sK0) | ~v3_rlvect_1(sK0) | ~v2_rlvect_1(sK0) | ~v13_algstr_0(sK0) | v2_struct_0(sK0) <- (1, 3, ~248) [subsumption resolution 2363,578] {a:2,w:26,wCS:2600,goal:1,sine:255,thAx:0,allAx:8,thDist:-8}
2365. ~l1_bhsp_1(sK0) | ~v2_bhsp_1(sK0) | ~v8_rlvect_1(sK0) | ~v7_rlvect_1(sK0) | ~v6_rlvect_1(sK0) | ~v5_rlvect_1(sK0) | ~v4_rlvect_1(sK0) | ~v3_rlvect_1(sK0) | ~v2_rlvect_1(sK0) | ~v13_algstr_0(sK0) | v2_struct_0(sK0) <- (1, 3, 4, ~248) [subsumption resolution 2364,583] {a:2,w:22,wCS:2200,goal:1,sine:255,thAx:0,allAx:8,thDist:-8}
2366. ~v2_bhsp_1(sK0) | ~v8_rlvect_1(sK0) | ~v7_rlvect_1(sK0) | ~v6_rlvect_1(sK0) | ~v5_rlvect_1(sK0) | ~v4_rlvect_1(sK0) | ~v3_rlvect_1(sK0) | ~v2_rlvect_1(sK0) | ~v13_algstr_0(sK0) | v2_struct_0(sK0) <- (1, 3, 4, 6, ~248) [subsumption resolution 2365,593] {a:2,w:20,wCS:2000,goal:1,sine:255,thAx:0,allAx:8,thDist:-8}
2367. ~v8_rlvect_1(sK0) | ~v7_rlvect_1(sK0) | ~v6_rlvect_1(sK0) | ~v5_rlvect_1(sK0) | ~v4_rlvect_1(sK0) | ~v3_rlvect_1(sK0) | ~v2_rlvect_1(sK0) | ~v13_algstr_0(sK0) | v2_struct_0(sK0) <- (1, 3, 4, 6, 7, ~248) [subsumption resolution 2366,598] {a:2,w:18,wCS:1800,goal:1,sine:255,thAx:0,allAx:8,thDist:-8}
2368. ~v7_rlvect_1(sK0) | ~v6_rlvect_1(sK0) | ~v5_rlvect_1(sK0) | ~v4_rlvect_1(sK0) | ~v3_rlvect_1(sK0) | ~v2_rlvect_1(sK0) | ~v13_algstr_0(sK0) | v2_struct_0(sK0) <- (1, 3, 4, 6, 7, 8, ~248) [subsumption resolution 2367,603] {a:2,w:16,wCS:1600,goal:1,sine:255,thAx:0,allAx:8,thDist:-8}
2369. ~v6_rlvect_1(sK0) | ~v5_rlvect_1(sK0) | ~v4_rlvect_1(sK0) | ~v3_rlvect_1(sK0) | ~v2_rlvect_1(sK0) | ~v13_algstr_0(sK0) | v2_struct_0(sK0) <- (1, 3, 4, 6, 7, 8, 9, ~248) [subsumption resolution 2368,608] {a:2,w:14,wCS:1400,goal:1,sine:255,thAx:0,allAx:8,thDist:-8}
2370. ~v5_rlvect_1(sK0) | ~v4_rlvect_1(sK0) | ~v3_rlvect_1(sK0) | ~v2_rlvect_1(sK0) | ~v13_algstr_0(sK0) | v2_struct_0(sK0) <- (1, 3, 4, 6, 7, 8, 9, 10, ~248) [subsumption resolution 2369,613] {a:2,w:12,wCS:1200,goal:1,sine:255,thAx:0,allAx:8,thDist:-8}
2371. ~v4_rlvect_1(sK0) | ~v3_rlvect_1(sK0) | ~v2_rlvect_1(sK0) | ~v13_algstr_0(sK0) | v2_struct_0(sK0) <- (1, 3, 4, 6, 7, 8, 9, 10, 11, ~248) [subsumption resolution 2370,618] {a:2,w:10,wCS:1000,goal:1,sine:255,thAx:0,allAx:8,thDist:-8}
2372. ~v3_rlvect_1(sK0) | ~v2_rlvect_1(sK0) | ~v13_algstr_0(sK0) | v2_struct_0(sK0) <- (1, 3, 4, 6, 7, 8, 9, 10, 11, 12, ~248) [subsumption resolution 2371,623] {a:2,w:8,wCS:800,goal:1,sine:255,thAx:0,allAx:8,thDist:-8}
2373. ~v2_rlvect_1(sK0) | ~v13_algstr_0(sK0) | v2_struct_0(sK0) <- (1, 3, 4, 6, 7, 8, 9, 10, 11, 12, 13, ~248) [subsumption resolution 2372,628] {a:2,w:6,wCS:600,goal:1,sine:255,thAx:0,allAx:8,thDist:-8}
2374. ~v13_algstr_0(sK0) | v2_struct_0(sK0) <- (1, 3, 4, 6, 7, 8, 9, 10, 11, 12, 13, 14, ~248) [subsumption resolution 2373,633] {a:2,w:4,wCS:400,goal:1,sine:255,thAx:0,allAx:8,thDist:-8}
2375. v2_struct_0(sK0) <- (1, 3, 4, 6, 7, 8, 9, 10, 11, 12, 13, 14, 15, ~248) [subsumption resolution 2374,638] {a:2,w:2,wCS:200,goal:1,sine:255,thAx:0,allAx:8,thDist:-8}
2376. $false <- (1, 3, 4, 6, 7, 8, 9, 10, 11, 12, 13, 14, 15, ~16, ~248) [subsumption resolution 2375,643] {a:2,w:0,goal:1,sine:255,thAx:0,allAx:8,thDist:-8}
2377. ~1 | ~3 | ~4 | ~6 | ~7 | ~8 | ~9 | ~10 | ~11 | ~12 | ~13 | ~14 | ~15 | 16 | 248 [avatar contradiction clause 2376]
3546. ~r2_hidden(sK1,a_3_1_bhsp_2(sK0,sK2,sK3)) | ~m1_subset_1(sK3,k1_numbers) | ~m1_subset_1(sK2,u1_struct_0(sK0)) | ~l1_bhsp_1(sK0) | ~v2_bhsp_1(sK0) | ~v8_rlvect_1(sK0) | ~v7_rlvect_1(sK0) | ~v6_rlvect_1(sK0) | ~v5_rlvect_1(sK0) | ~v4_rlvect_1(sK0) | ~v3_rlvect_1(sK0) | ~v2_rlvect_1(sK0) | ~v13_algstr_0(sK0) | v2_struct_0(sK0) <- (~2) [resolution 2233,572] {a:2,w:35,wCS:3500,goal:1,sine:255,thAx:0,allAx:9,thDist:-9}
3553. ~m1_subset_1(sK3,k1_numbers) | ~m1_subset_1(sK2,u1_struct_0(sK0)) | ~l1_bhsp_1(sK0) | ~v2_bhsp_1(sK0) | ~v8_rlvect_1(sK0) | ~v7_rlvect_1(sK0) | ~v6_rlvect_1(sK0) | ~v5_rlvect_1(sK0) | ~v4_rlvect_1(sK0) | ~v3_rlvect_1(sK0) | ~v2_rlvect_1(sK0) | ~v13_algstr_0(sK0) | v2_struct_0(sK0) <- (~2, 248) [subsumption resolution 3546,2261] {a:2,w:29,wCS:2900,goal:1,sine:255,thAx:0,allAx:9,thDist:-9}
3554. ~m1_subset_1(sK2,u1_struct_0(sK0)) | ~l1_bhsp_1(sK0) | ~v2_bhsp_1(sK0) | ~v8_rlvect_1(sK0) | ~v7_rlvect_1(sK0) | ~v6_rlvect_1(sK0) | ~v5_rlvect_1(sK0) | ~v4_rlvect_1(sK0) | ~v3_rlvect_1(sK0) | ~v2_rlvect_1(sK0) | ~v13_algstr_0(sK0) | v2_struct_0(sK0) <- (~2, 3, 248) [subsumption resolution 3553,578] {a:2,w:26,wCS:2600,goal:1,sine:255,thAx:0,allAx:9,thDist:-9}
3555. ~l1_bhsp_1(sK0) | ~v2_bhsp_1(sK0) | ~v8_rlvect_1(sK0) | ~v7_rlvect_1(sK0) | ~v6_rlvect_1(sK0) | ~v5_rlvect_1(sK0) | ~v4_rlvect_1(sK0) | ~v3_rlvect_1(sK0) | ~v2_rlvect_1(sK0) | ~v13_algstr_0(sK0) | v2_struct_0(sK0) <- (~2, 3, 4, 248) [subsumption resolution 3554,583] {a:2,w:22,wCS:2200,goal:1,sine:255,thAx:0,allAx:9,thDist:-9}
3556. ~v2_bhsp_1(sK0) | ~v8_rlvect_1(sK0) | ~v7_rlvect_1(sK0) | ~v6_rlvect_1(sK0) | ~v5_rlvect_1(sK0) | ~v4_rlvect_1(sK0) | ~v3_rlvect_1(sK0) | ~v2_rlvect_1(sK0) | ~v13_algstr_0(sK0) | v2_struct_0(sK0) <- (~2, 3, 4, 6, 248) [subsumption resolution 3555,593] {a:2,w:20,wCS:2000,goal:1,sine:255,thAx:0,allAx:9,thDist:-9}
3557. ~v8_rlvect_1(sK0) | ~v7_rlvect_1(sK0) | ~v6_rlvect_1(sK0) | ~v5_rlvect_1(sK0) | ~v4_rlvect_1(sK0) | ~v3_rlvect_1(sK0) | ~v2_rlvect_1(sK0) | ~v13_algstr_0(sK0) | v2_struct_0(sK0) <- (~2, 3, 4, 6, 7, 248) [subsumption resolution 3556,598] {a:2,w:18,wCS:1800,goal:1,sine:255,thAx:0,allAx:9,thDist:-9}
3558. ~v7_rlvect_1(sK0) | ~v6_rlvect_1(sK0) | ~v5_rlvect_1(sK0) | ~v4_rlvect_1(sK0) | ~v3_rlvect_1(sK0) | ~v2_rlvect_1(sK0) | ~v13_algstr_0(sK0) | v2_struct_0(sK0) <- (~2, 3, 4, 6, 7, 8, 248) [subsumption resolution 3557,603] {a:2,w:16,wCS:1600,goal:1,sine:255,thAx:0,allAx:9,thDist:-9}
3559. ~v6_rlvect_1(sK0) | ~v5_rlvect_1(sK0) | ~v4_rlvect_1(sK0) | ~v3_rlvect_1(sK0) | ~v2_rlvect_1(sK0) | ~v13_algstr_0(sK0) | v2_struct_0(sK0) <- (~2, 3, 4, 6, 7, 8, 9, 248) [subsumption resolution 3558,608] {a:2,w:14,wCS:1400,goal:1,sine:255,thAx:0,allAx:9,thDist:-9}
3560. ~v5_rlvect_1(sK0) | ~v4_rlvect_1(sK0) | ~v3_rlvect_1(sK0) | ~v2_rlvect_1(sK0) | ~v13_algstr_0(sK0) | v2_struct_0(sK0) <- (~2, 3, 4, 6, 7, 8, 9, 10, 248) [subsumption resolution 3559,613] {a:2,w:12,wCS:1200,goal:1,sine:255,thAx:0,allAx:9,thDist:-9}
3561. ~v4_rlvect_1(sK0) | ~v3_rlvect_1(sK0) | ~v2_rlvect_1(sK0) | ~v13_algstr_0(sK0) | v2_struct_0(sK0) <- (~2, 3, 4, 6, 7, 8, 9, 10, 11, 248) [subsumption resolution 3560,618] {a:2,w:10,wCS:1000,goal:1,sine:255,thAx:0,allAx:9,thDist:-9}
3562. ~v3_rlvect_1(sK0) | ~v2_rlvect_1(sK0) | ~v13_algstr_0(sK0) | v2_struct_0(sK0) <- (~2, 3, 4, 6, 7, 8, 9, 10, 11, 12, 248) [subsumption resolution 3561,623] {a:2,w:8,wCS:800,goal:1,sine:255,thAx:0,allAx:9,thDist:-9}
3563. ~v2_rlvect_1(sK0) | ~v13_algstr_0(sK0) | v2_struct_0(sK0) <- (~2, 3, 4, 6, 7, 8, 9, 10, 11, 12, 13, 248) [subsumption resolution 3562,628] {a:2,w:6,wCS:600,goal:1,sine:255,thAx:0,allAx:9,thDist:-9}
3564. ~v13_algstr_0(sK0) | v2_struct_0(sK0) <- (~2, 3, 4, 6, 7, 8, 9, 10, 11, 12, 13, 14, 248) [subsumption resolution 3563,633] {a:2,w:4,wCS:400,goal:1,sine:255,thAx:0,allAx:9,thDist:-9}
3565. v2_struct_0(sK0) <- (~2, 3, 4, 6, 7, 8, 9, 10, 11, 12, 13, 14, 15, 248) [subsumption resolution 3564,638] {a:2,w:2,wCS:200,goal:1,sine:255,thAx:0,allAx:9,thDist:-9}
3566. $false <- (~2, 3, 4, 6, 7, 8, 9, 10, 11, 12, 13, 14, 15, ~16, 248) [subsumption resolution 3565,643] {a:2,w:0,goal:1,sine:255,thAx:0,allAx:9,thDist:-9}
3567. 2 | ~3 | ~4 | ~6 | ~7 | ~8 | ~9 | ~10 | ~11 | ~12 | ~13 | ~14 | ~15 | 16 | ~248 [avatar contradiction clause 3566]
3572. $false [avatar sat refutation 573,574,579,584,589,594,599,604,609,614,619,624,629,634,639,644,2302,2336,2377,3567] {a:0,w:0,goal:1,sine:0,thAx:0,allAx:2719,thDist:-2719}
% SZS output end Proof for bhsp_2__t47_bhsp_2
% ------------------------------
% Version: Vampire 4.5.1 (commit 226f88162 on 2021-09-12 20:13:44 +0200)
% Termination reason: Refutation

% >>> Input
% Input formulas: 142
% >>> Preprocessing
% Introduced skolems: 35
% Pure predicates: 5
% Unused predicate definitions: 1
% 
% >>> Saturation
% Initial clauses: 187
% Generated clauses: 1667
% Active clauses: 511
% Passive clauses: 731
% Final active clauses: 482
% Final passive clauses: 196
% Main loop iterations started: 528
% 
% >>> Simplifying Inferences
% Duplicate literals: 171
% Fw subsumption resolutions: 214
% Fw demodulations: 2
% Bw demodulations: 3
% 
% >>> Deletion Inferences
% Simple tautologies: 55
% Forward subsumptions: 202
% Backward subsumptions: 1
% 
% >>> Generating Inferences
% Binary resolution: 812
% Unit resulting resolution: 15
% Factoring: 1
% Forward superposition: 33
% Backward superposition: 2
% Self superposition: 1
% 
% >>> AVATAR
% Split clauses: 91
% Split components: 192
% Sat splitting refutations: 32
% 
% >>> SAT Solver Statistics
% SAT solver clauses: 409
% SAT solver unit clauses: 74
% SAT solver binary clauses: 208
% 
% Memory used [KB]: 7803
% Time elapsed: 0.015 s
% ------------------------------
% ------------------------------
% Time measurement results:
% preprocessing: 0.001 s
% congruence closure: 0.003 s
% binary resolution index maintenance: 0.001 s
% forward subsumption: 0.001 s
% resolution: 0.001 s
% unit resulting resolution: 0.001 s
% superposition: 0.001 s
% literal selection: 0.001 s
% other: 0.015 s ( own 0.005 s ) 

