i: [1,77,0,2,1,1,0,0] t12_ordinal4
a: [3,129,0,2,1,77]
s: 129
i: [1,76,0,2,1,1,0,0] t12_ordinal4
a: [3,134,0,2,1,76]
s: 134
i: [1,75,0,2,1,1,0,0] t12_ordinal4
a: [3,139,0,2,1,75]
s: 139
i: [1,74,0,2,1,1,0,0] t12_ordinal4
a: [3,144,0,2,1,74]
s: 144
i: [1,73,0,2,1,1,0,0] t12_ordinal4
a: [3,149,0,2,1,73]
s: 149
i: [1,72,0,2,1,1,0,0] t12_ordinal4
a: [3,154,0,2,1,72]
s: 154
i: [1,71,0,2,1,1,0,0] t12_ordinal4
a: [3,159,0,2,1,71]
s: 159
i: [1,70,0,2,1,1,0,0] t12_ordinal4
a: [3,164,0,2,1,70]
s: 164
i: [1,69,0,2,1,1,0,0] t12_ordinal4
a: [3,169,0,2,1,69]
s: 169
i: [1,78,0,16,4,1,0,0] t12_ordinal4
a: [3,112,0,4,1,78]
s: 112
i: [1,102,0,2,1,0,0,2] rc1_ordinal1
a: [3,174,0,2,1,102]
s: 174
i: [1,106,0,2,1,0,0,1] rc2_ordinal2
a: [3,179,0,2,1,106]
s: 179
i: [1,105,0,2,1,0,0,1] rc2_ordinal2
a: [3,184,0,2,1,105]
s: 184
i: [1,104,0,2,1,0,0,1] rc2_ordinal2
a: [3,189,0,2,1,104]
s: 189
i: [1,103,0,2,1,0,0,1] rc2_ordinal2
a: [3,194,0,2,1,103]
s: 194
i: [1,108,0,2,1,0,0,1] rc1_funct_1
a: [3,199,0,2,1,108]
s: 199
i: [1,107,0,2,1,0,0,1] rc1_funct_1
a: [3,204,0,2,1,107]
s: 204
i: [1,98,0,3,1,0,0,255] reflexivity_r1_tarski
s: 98
i: [1,79,0,4,2,0,0,255] cc1_ordinal1
s: 79
i: [1,80,0,4,2,0,0,255] cc1_ordinal1
s: 80
i: [1,97,0,4,1,0,0,255] existence_m1_subset_1
s: 97
d: [2,206,1,2,1,1,40,79,174]
a: [3,210,1,2,1,206]
s: 210
i: [1,99,0,4,1,0,0,1] dt_k3_relat_1
s: 99
d: [2,219,1,0,0,1,40,99,112]
e: 219
d: [2,218,1,0,0,1,52,112,99]
e: 218
r: 112
a: [3,116,0,4,1,78]
s: 116
i: [1,92,0,5,2,0,0,255] d7_ordinal1
s: 92
i: [1,93,0,5,2,0,0,255] d7_ordinal1
s: 93
d: [2,212,1,2,1,1,40,80,174]
a: [3,216,1,2,1,212]
s: 216
i: [1,85,0,6,3,0,0,255] cc2_ordinal1
s: 85
d: [2,222,1,5,2,0,40,92,80]
s: 222
i: [1,81,0,7,3,0,0,255] cc5_ordinal1
s: 81
i: [1,82,0,7,3,0,0,255] cc2_ordinal2
s: 82
d: [2,223,1,5,2,0,40,92,79]
s: 223
i: [1,94,0,7,2,0,0,255] t3_subset
s: 94
d: [2,227,1,5,2,0,40,81,97]
s: 227
i: [1,95,0,7,2,0,0,255] t3_subset
s: 95
i: [1,87,0,9,4,0,0,255] fc4_ordinal1
s: 87
d: [2,228,1,5,1,0,40,94,97]
s: 228
i: [1,88,0,9,4,0,0,255] d4_ordinal2
s: 88
d: [2,229,2,5,2,0,40,227,80]
s: 229
i: [1,96,0,9,3,0,0,255] t1_xboole_1
s: 96
i: [1,91,0,10,4,0,0,255] cc3_funct_1
s: 91
d: [2,230,2,5,2,0,40,227,79]
s: 230
i: [1,83,0,11,3,0,0,255] t26_relat_1
s: 83
d: [2,232,1,8,3,0,40,95,81]
s: 232
i: [1,89,0,11,4,0,0,255] d4_ordinal2
s: 89
i: [1,90,0,12,5,0,0,255] d4_ordinal2
s: 90
d: [2,241,2,5,2,0,40,232,98]
s: 241
i: [1,100,0,12,5,0,0,1] fc2_funct_1
s: 100
d: [2,238,1,8,3,0,40,91,97]
s: 238
i: [1,101,0,12,5,0,0,1] fc2_funct_1
s: 101
i: [1,84,0,13,3,0,0,255] t147_relat_1
s: 84
d: [2,237,2,8,2,0,40,96,228]
s: 237
i: [1,86,0,16,7,0,0,1] t11_ordinal4
s: 86
d: [2,252,3,7,1,0,40,237,228]
s: 252
d: [2,233,1,9,4,0,40,88,80]
s: 233
d: [2,234,1,9,4,0,40,88,79]
s: 234
d: [2,239,1,9,4,0,40,91,95]
s: 239
d: [2,246,1,9,4,0,40,90,98]
s: 246
d: [2,257,4,9,2,0,40,252,232]
s: 257
d: [2,240,1,14,4,0,40,83,96]
s: 240
d: [2,245,1,14,5,0,40,89,96]
s: 245
d: [2,259,4,9,1,0,40,252,237]
s: 259
d: [2,247,1,19,6,0,40,90,83]
d: [2,250,1,15,5,0,21,247,99]
s: 250
d: [2,266,5,9,2,0,40,257,80]
s: 266
d: [2,253,1,16,7,0,40,86,80]
s: 253
d: [2,254,1,16,7,0,40,86,79]
s: 254
d: [2,267,5,9,2,0,40,257,79]
s: 267
d: [2,255,1,22,9,0,44,86,84]
d: [2,256,1,20,8,0,18,255]
s: 256
d: [2,258,4,10,2,0,40,252,96]
s: 258
d: [2,243,2,13,4,0,40,232,83]
s: 243
d: [2,244,2,13,5,0,40,89,232]
s: 244
d: [2,263,4,10,3,0,40,239,252]
s: 263
d: [2,270,2,13,3,0,40,240,228]
s: 270
d: [2,279,5,11,2,0,40,259,232]
s: 279
d: [2,275,2,13,4,0,40,245,228]
s: 275
d: [2,264,2,15,5,0,40,239,83]
s: 264
d: [2,281,5,11,1,0,40,259,237]
s: 281
d: [2,265,2,15,6,0,40,239,89]
s: 265
d: [2,297,5,11,1,0,40,258,252]
s: 297
d: [2,268,2,19,5,0,40,240,83]
d: [2,272,2,15,4,0,21,268,99]
s: 272
d: [2,273,2,17,6,0,40,245,83]
d: [2,277,2,15,5,0,18,273]
s: 277
d: [2,310,6,11,2,0,40,279,80]
s: 310
d: [2,284,2,19,8,0,40,250,101]
d: [2,285,2,15,6,0,18,284]
s: 285
d: [2,311,6,11,2,0,40,279,79]
s: 311
d: [2,292,2,19,8,0,40,256,93]
s: 292
d: [2,288,2,22,9,0,44,253,84]
d: [2,289,2,20,8,0,18,288]
s: 289
d: [2,338,3,15,7,1,40,292,116]
d: [2,339,3,13,6,2,21,338,154]
d: [2,340,3,11,5,3,21,339,159]
d: [2,341,3,9,4,4,21,340,164]
d: [2,342,3,7,3,5,21,341,169]
d: [2,343,3,5,2,6,21,342,149]
d: [2,344,3,3,1,7,21,343,129]
a: [3,348,3,3,1,344]
s: 348
d: [2,351,4,0,0,2,52,144,348,92]
e: 351
d: [2,352,4,2,1,1,40,348,92]
d: [2,354,4,0,0,2,21,352,144]
e: 354
r: 116
r: 348
a: [3,115,0,4,1,78]
s: 115
a: [3,347,3,3,1,344]
s: 347
a: [3,120,0,4,1,78]
s: 120
d: [2,369,1,0,0,5,52,169,159,149,139,120,101]
e: 369
d: [2,370,1,8,4,1,40,120,101]
d: [2,372,1,6,3,2,21,370,139]
d: [2,373,1,4,2,3,21,372,149]
d: [2,374,1,2,1,4,21,373,159]
d: [2,375,1,0,0,5,21,374,169]
e: 375
r: 120
a: [3,119,0,4,1,78]
s: 119
d: [2,377,2,11,4,1,40,119,250]
d: [2,378,2,9,3,2,21,377,149]
d: [2,379,2,7,2,3,21,378,169]
a: [3,383,2,3,1,379]
s: 383
a: [3,124,0,4,1,78]
s: 124
d: [2,357,4,3,1,1,40,347,80]
a: [3,362,4,3,1,357]
s: 362
d: [2,290,2,22,9,0,44,254,84]
d: [2,291,2,20,8,0,18,290]
s: 291
d: [2,293,2,20,8,0,40,256,80]
s: 293
d: [2,358,4,3,1,1,40,347,79]
a: [3,367,4,3,1,358]
s: 367
d: [2,294,2,20,8,0,40,256,79]
s: 294
d: [2,278,5,12,3,0,40,259,239]
s: 278
d: [2,300,3,13,4,0,40,243,80]
s: 300
d: [2,301,3,13,4,0,40,243,79]
s: 301
d: [2,280,5,12,2,0,40,259,96]
s: 280
d: [2,306,3,15,4,0,40,270,232]
s: 306
d: [2,298,5,13,1,0,40,258,259]
s: 298
d: [2,313,3,15,5,0,40,275,232]
s: 313
d: [2,299,3,20,6,0,40,243,246]
d: [2,302,3,16,5,0,21,299,99]
s: 302
d: [2,316,6,13,2,0,40,281,232]
s: 316
d: [2,307,3,16,4,0,40,270,96]
s: 307
d: [2,318,6,13,1,0,40,281,237]
s: 318
d: [2,314,3,16,5,0,40,275,96]
s: 314
d: [2,331,3,23,8,0,40,277,90]
d: [2,335,3,19,7,0,21,331,99]
d: [2,336,3,16,6,0,21,335,88]
s: 336
d: [2,419,4,0,0,6,52,149,139,169,134,124,119,336]
e: 419
d: [2,421,4,12,5,1,40,336,119]
d: [2,424,4,10,4,2,21,421,139]
d: [2,425,4,8,3,3,21,424,134]
d: [2,426,4,6,2,4,21,425,169]
d: [2,427,4,2,1,5,21,426,124]
d: [2,428,4,0,0,6,21,427,149]
e: 428
f: 428,375,354,344,218,69,70,71,72,73,74,75,76,77,78
% Refutation found. Thanks to Tanya!
% SZS status Theorem for ordinal4__t12_ordinal4
% SZS output start Proof for ordinal4__t12_ordinal4
1. ! [X0] : ((v1_ordinal2(X0) & v1_funct_1(X0) & v5_ordinal1(X0) & v1_relat_1(X0)) => ! [X1] : ((v1_ordinal2(X1) & v1_funct_1(X1) & v5_ordinal1(X1) & v1_relat_1(X1)) => (v2_ordinal2(X0) => (v1_ordinal2(k3_relat_1(X0,X1)) & v1_funct_1(k3_relat_1(X0,X1)) & v5_ordinal1(k3_relat_1(X0,X1)) & v1_relat_1(k3_relat_1(X0,X1)))))) [input t12_ordinal4]
2. ~! [X0] : ((v1_ordinal2(X0) & v1_funct_1(X0) & v5_ordinal1(X0) & v1_relat_1(X0)) => ! [X1] : ((v1_ordinal2(X1) & v1_funct_1(X1) & v5_ordinal1(X1) & v1_relat_1(X1)) => (v2_ordinal2(X0) => (v1_ordinal2(k3_relat_1(X0,X1)) & v1_funct_1(k3_relat_1(X0,X1)) & v5_ordinal1(k3_relat_1(X0,X1)) & v1_relat_1(k3_relat_1(X0,X1)))))) [negated conjecture 1]
8. ! [X0] : ((v1_funct_1(X0) & v1_relat_1(X0)) => (v1_ordinal2(X0) <=> ? [X1] : (r1_tarski(k10_xtuple_0(X0),X1) & v3_ordinal1(X1)))) [input d4_ordinal2]
9. ! [X0] : (v5_ordinal1(X0) <=> v3_ordinal1(k9_xtuple_0(X0))) [input d7_ordinal1]
12. ! [X0,X1] : v1_relat_1(k3_relat_1(X0,X1)) [input dt_k3_relat_1]
17. ! [X0,X1] : ((v1_funct_1(X1) & v1_relat_1(X1) & v1_funct_1(X0) & v1_relat_1(X0)) => (v1_funct_1(k3_relat_1(X0,X1)) & v1_relat_1(k3_relat_1(X0,X1)))) [input fc2_funct_1]
23. ! [X0] : ((v1_ordinal2(X0) & v1_funct_1(X0) & v5_ordinal1(X0) & v1_relat_1(X0)) => ! [X1] : (v3_ordinal1(X1) => (v2_ordinal2(X0) => v3_ordinal1(k8_relat_1(X0,X1))))) [input t11_ordinal4]
24. ! [X0] : (v1_relat_1(X0) => ! [X1] : (v1_relat_1(X1) => k9_xtuple_0(k3_relat_1(X0,X1)) = k8_relat_1(X0,k9_xtuple_0(X1)))) [input t147_relat_1]
25. ! [X0] : ! [X1] : ! [X2] : ((r1_tarski(X1,X2) & r1_tarski(X0,X1)) => r1_tarski(X0,X2)) [input t1_xboole_1]
26. ! [X0] : (v1_relat_1(X0) => ! [X1] : (v1_relat_1(X1) => r1_tarski(k10_xtuple_0(k3_relat_1(X0,X1)),k10_xtuple_0(X1)))) [input t26_relat_1]
29. ! [X0,X1,X2] : ((r1_tarski(X1,X2) & r1_tarski(X0,X1)) => r1_tarski(X0,X2)) [flattening 25]
31. ? [X0] : (? [X1] : (((~v1_ordinal2(k3_relat_1(X0,X1)) | ~v1_funct_1(k3_relat_1(X0,X1)) | ~v5_ordinal1(k3_relat_1(X0,X1)) | ~v1_relat_1(k3_relat_1(X0,X1))) & v2_ordinal2(X0)) & (v1_ordinal2(X1) & v1_funct_1(X1) & v5_ordinal1(X1) & v1_relat_1(X1))) & (v1_ordinal2(X0) & v1_funct_1(X0) & v5_ordinal1(X0) & v1_relat_1(X0))) [ennf transformation 2]
32. ? [X0] : (? [X1] : ((~v1_ordinal2(k3_relat_1(X0,X1)) | ~v1_funct_1(k3_relat_1(X0,X1)) | ~v5_ordinal1(k3_relat_1(X0,X1)) | ~v1_relat_1(k3_relat_1(X0,X1))) & v2_ordinal2(X0) & v1_ordinal2(X1) & v1_funct_1(X1) & v5_ordinal1(X1) & v1_relat_1(X1)) & v1_ordinal2(X0) & v1_funct_1(X0) & v5_ordinal1(X0) & v1_relat_1(X0)) [flattening 31]
36. ! [X0] : (! [X1] : (r1_tarski(k10_xtuple_0(k3_relat_1(X0,X1)),k10_xtuple_0(X1)) | ~v1_relat_1(X1)) | ~v1_relat_1(X0)) [ennf transformation 26]
37. ! [X0] : (! [X1] : (k9_xtuple_0(k3_relat_1(X0,X1)) = k8_relat_1(X0,k9_xtuple_0(X1)) | ~v1_relat_1(X1)) | ~v1_relat_1(X0)) [ennf transformation 24]
40. ! [X0] : (! [X1] : ((v3_ordinal1(k8_relat_1(X0,X1)) | ~v2_ordinal2(X0)) | ~v3_ordinal1(X1)) | (~v1_ordinal2(X0) | ~v1_funct_1(X0) | ~v5_ordinal1(X0) | ~v1_relat_1(X0))) [ennf transformation 23]
41. ! [X0] : (! [X1] : (v3_ordinal1(k8_relat_1(X0,X1)) | ~v2_ordinal2(X0) | ~v3_ordinal1(X1)) | ~v1_ordinal2(X0) | ~v1_funct_1(X0) | ~v5_ordinal1(X0) | ~v1_relat_1(X0)) [flattening 40]
44. ! [X0] : ((v1_ordinal2(X0) <=> ? [X1] : (r1_tarski(k10_xtuple_0(X0),X1) & v3_ordinal1(X1))) | (~v1_funct_1(X0) | ~v1_relat_1(X0))) [ennf transformation 8]
45. ! [X0] : ((v1_ordinal2(X0) <=> ? [X1] : (r1_tarski(k10_xtuple_0(X0),X1) & v3_ordinal1(X1))) | ~v1_funct_1(X0) | ~v1_relat_1(X0)) [flattening 44]
48. ! [X0,X1,X2] : (r1_tarski(X0,X2) | (~r1_tarski(X1,X2) | ~r1_tarski(X0,X1))) [ennf transformation 29]
49. ! [X0,X1,X2] : (r1_tarski(X0,X2) | ~r1_tarski(X1,X2) | ~r1_tarski(X0,X1)) [flattening 48]
50. ! [X0,X1] : ((v1_funct_1(k3_relat_1(X0,X1)) & v1_relat_1(k3_relat_1(X0,X1))) | (~v1_funct_1(X1) | ~v1_relat_1(X1) | ~v1_funct_1(X0) | ~v1_relat_1(X0))) [ennf transformation 17]
51. ! [X0,X1] : ((v1_funct_1(k3_relat_1(X0,X1)) & v1_relat_1(k3_relat_1(X0,X1))) | ~v1_funct_1(X1) | ~v1_relat_1(X1) | ~v1_funct_1(X0) | ~v1_relat_1(X0)) [flattening 50]
52. ? [X0] : (? [X1] : ((~v1_ordinal2(k3_relat_1(X0,X1)) | ~v1_funct_1(k3_relat_1(X0,X1)) | ~v5_ordinal1(k3_relat_1(X0,X1)) | ~v1_relat_1(k3_relat_1(X0,X1))) & v2_ordinal2(X0) & v1_ordinal2(X1) & v1_funct_1(X1) & v5_ordinal1(X1) & v1_relat_1(X1)) & v1_ordinal2(X0) & v1_funct_1(X0) & v5_ordinal1(X0) & v1_relat_1(X0)) => (? [X1] : ((~v1_ordinal2(k3_relat_1(sK0,X1)) | ~v1_funct_1(k3_relat_1(sK0,X1)) | ~v5_ordinal1(k3_relat_1(sK0,X1)) | ~v1_relat_1(k3_relat_1(sK0,X1))) & v2_ordinal2(sK0) & v1_ordinal2(X1) & v1_funct_1(X1) & v5_ordinal1(X1) & v1_relat_1(X1)) & v1_ordinal2(sK0) & v1_funct_1(sK0) & v5_ordinal1(sK0) & v1_relat_1(sK0)) [choice axiom]
53. ? [X1] : ((~v1_ordinal2(k3_relat_1(sK0,X1)) | ~v1_funct_1(k3_relat_1(sK0,X1)) | ~v5_ordinal1(k3_relat_1(sK0,X1)) | ~v1_relat_1(k3_relat_1(sK0,X1))) & v2_ordinal2(sK0) & v1_ordinal2(X1) & v1_funct_1(X1) & v5_ordinal1(X1) & v1_relat_1(X1)) => ((~v1_ordinal2(k3_relat_1(sK0,sK1)) | ~v1_funct_1(k3_relat_1(sK0,sK1)) | ~v5_ordinal1(k3_relat_1(sK0,sK1)) | ~v1_relat_1(k3_relat_1(sK0,sK1))) & v2_ordinal2(sK0) & v1_ordinal2(sK1) & v1_funct_1(sK1) & v5_ordinal1(sK1) & v1_relat_1(sK1)) [choice axiom]
54. ((~v1_ordinal2(k3_relat_1(sK0,sK1)) | ~v1_funct_1(k3_relat_1(sK0,sK1)) | ~v5_ordinal1(k3_relat_1(sK0,sK1)) | ~v1_relat_1(k3_relat_1(sK0,sK1))) & v2_ordinal2(sK0) & v1_ordinal2(sK1) & v1_funct_1(sK1) & v5_ordinal1(sK1) & v1_relat_1(sK1)) & v1_ordinal2(sK0) & v1_funct_1(sK0) & v5_ordinal1(sK0) & v1_relat_1(sK0) [skolemisation 32,53,52]
55. ! [X0] : (((v1_ordinal2(X0) | ! [X1] : (~r1_tarski(k10_xtuple_0(X0),X1) | ~v3_ordinal1(X1))) & (? [X1] : (r1_tarski(k10_xtuple_0(X0),X1) & v3_ordinal1(X1)) | ~v1_ordinal2(X0))) | ~v1_funct_1(X0) | ~v1_relat_1(X0)) [nnf transformation 45]
56. ! [X0] : (((v1_ordinal2(X0) | ! [X1] : (~r1_tarski(k10_xtuple_0(X0),X1) | ~v3_ordinal1(X1))) & (? [X2] : (r1_tarski(k10_xtuple_0(X0),X2) & v3_ordinal1(X2)) | ~v1_ordinal2(X0))) | ~v1_funct_1(X0) | ~v1_relat_1(X0)) [rectify 55]
57. ! [X0] : (? [X2] : (r1_tarski(k10_xtuple_0(X0),X2) & v3_ordinal1(X2)) => (r1_tarski(k10_xtuple_0(X0),sK2(X0)) & v3_ordinal1(sK2(X0)))) [choice axiom]
58. ! [X0] : (((v1_ordinal2(X0) | ! [X1] : (~r1_tarski(k10_xtuple_0(X0),X1) | ~v3_ordinal1(X1))) & ((r1_tarski(k10_xtuple_0(X0),sK2(X0)) & v3_ordinal1(sK2(X0))) | ~v1_ordinal2(X0))) | ~v1_funct_1(X0) | ~v1_relat_1(X0)) [skolemisation 56,57]
59. ! [X0] : ((v5_ordinal1(X0) | ~v3_ordinal1(k9_xtuple_0(X0))) & (v3_ordinal1(k9_xtuple_0(X0)) | ~v5_ordinal1(X0))) [nnf transformation 9]
69. v1_relat_1(sK0) [cnf transformation 54] {a:0,w:2,wCS:200,goal:1,sine:0,thAx:0,allAx:3,thDist:-3}
70. v5_ordinal1(sK0) [cnf transformation 54] {a:0,w:2,wCS:200,goal:1,sine:0,thAx:0,allAx:3,thDist:-3}
71. v1_funct_1(sK0) [cnf transformation 54] {a:0,w:2,wCS:200,goal:1,sine:0,thAx:0,allAx:3,thDist:-3}
72. v1_ordinal2(sK0) [cnf transformation 54] {a:0,w:2,wCS:200,goal:1,sine:0,thAx:0,allAx:3,thDist:-3}
73. v1_relat_1(sK1) [cnf transformation 54] {a:0,w:2,wCS:200,goal:1,sine:0,thAx:0,allAx:3,thDist:-3}
74. v5_ordinal1(sK1) [cnf transformation 54] {a:0,w:2,wCS:200,goal:1,sine:0,thAx:0,allAx:3,thDist:-3}
75. v1_funct_1(sK1) [cnf transformation 54] {a:0,w:2,wCS:200,goal:1,sine:0,thAx:0,allAx:3,thDist:-3}
76. v1_ordinal2(sK1) [cnf transformation 54] {a:0,w:2,wCS:200,goal:1,sine:0,thAx:0,allAx:3,thDist:-3}
77. v2_ordinal2(sK0) [cnf transformation 54] {a:0,w:2,wCS:200,goal:1,sine:0,thAx:0,allAx:3,thDist:-3}
78. ~v1_ordinal2(k3_relat_1(sK0,sK1)) | ~v1_funct_1(k3_relat_1(sK0,sK1)) | ~v5_ordinal1(k3_relat_1(sK0,sK1)) | ~v1_relat_1(k3_relat_1(sK0,sK1)) [cnf transformation 54] {a:0,w:16,wCS:1600,goal:1,sine:0,thAx:0,allAx:3,thDist:-3}
83. r1_tarski(k10_xtuple_0(k3_relat_1(X0,X1)),k10_xtuple_0(X1)) | ~v1_relat_1(X1) | ~v1_relat_1(X0) [cnf transformation 36] {a:0,w:11,wCS:4400,nSel:1,sine:255,thAx:0,allAx:1,thDist:-1}
84. k9_xtuple_0(k3_relat_1(X0,X1)) = k8_relat_1(X0,k9_xtuple_0(X1)) | ~v1_relat_1(X1) | ~v1_relat_1(X0) [cnf transformation 37] {a:0,w:13,wCS:5200,nSel:1,sine:255,thAx:0,allAx:1,thDist:-1}
86. v3_ordinal1(k8_relat_1(X0,X1)) | ~v2_ordinal2(X0) | ~v3_ordinal1(X1) | ~v1_ordinal2(X0) | ~v1_funct_1(X0) | ~v5_ordinal1(X0) | ~v1_relat_1(X0) [cnf transformation 41] {a:0,w:16,wCS:6400,nSel:1,sine:1,thAx:0,allAx:1,thDist:-1}
88. v3_ordinal1(sK2(X0)) | ~v1_ordinal2(X0) | ~v1_funct_1(X0) | ~v1_relat_1(X0) [cnf transformation 58] {a:0,w:9,wCS:3600,nSel:1,sine:255,thAx:0,allAx:2,thDist:-2}
89. r1_tarski(k10_xtuple_0(X0),sK2(X0)) | ~v1_ordinal2(X0) | ~v1_funct_1(X0) | ~v1_relat_1(X0) [cnf transformation 58] {a:0,w:11,wCS:4400,nSel:1,sine:255,thAx:0,allAx:2,thDist:-2}
90. ~r1_tarski(k10_xtuple_0(X0),X1) | v1_ordinal2(X0) | ~v3_ordinal1(X1) | ~v1_funct_1(X0) | ~v1_relat_1(X0) [cnf transformation 58] {a:0,w:12,wCS:4800,nSel:1,sine:255,thAx:0,allAx:2,thDist:-2}
92. v3_ordinal1(k9_xtuple_0(X0)) | ~v5_ordinal1(X0) [cnf transformation 59] {a:0,w:5,wCS:2000,nSel:1,sine:255,thAx:0,allAx:1,thDist:-1}
93. ~v3_ordinal1(k9_xtuple_0(X0)) | v5_ordinal1(X0) [cnf transformation 59] {a:0,w:5,wCS:2000,nSel:1,sine:255,thAx:0,allAx:1,thDist:-1}
96. ~r1_tarski(X1,X2) | r1_tarski(X0,X2) | ~r1_tarski(X0,X1) [cnf transformation 49] {a:0,w:9,wCS:3600,nSel:1,sine:255,thAx:0,allAx:1,thDist:-1}
99. v1_relat_1(k3_relat_1(X0,X1)) [cnf transformation 12] {a:0,w:4,wCS:1600,nSel:1,sine:1,thAx:0,allAx:1,thDist:-1}
101. v1_funct_1(k3_relat_1(X0,X1)) | ~v1_funct_1(X1) | ~v1_relat_1(X1) | ~v1_funct_1(X0) | ~v1_relat_1(X0) [cnf transformation 51] {a:0,w:12,wCS:4800,nSel:1,sine:1,thAx:0,allAx:1,thDist:-1}
110. 1 <=> v1_relat_1(k3_relat_1(sK0,sK1)) [avatar definition]
112. ~v1_relat_1(k3_relat_1(sK0,sK1)) <- (~1) [avatar component clause 110] {a:0,w:4,wCS:400,nSel:1,goal:1,sine:255,thAx:0,allAx:3,thDist:-3}
114. 2 <=> v5_ordinal1(k3_relat_1(sK0,sK1)) [avatar definition]
116. ~v5_ordinal1(k3_relat_1(sK0,sK1)) <- (~2) [avatar component clause 114] {a:0,w:4,wCS:400,nSel:1,goal:1,sine:255,thAx:0,allAx:3,thDist:-3}
118. 3 <=> v1_funct_1(k3_relat_1(sK0,sK1)) [avatar definition]
119. v1_funct_1(k3_relat_1(sK0,sK1)) <- (3) [avatar component clause 118] {a:0,w:4,wCS:400,nSel:1,goal:1,sine:255,thAx:0,allAx:3,thDist:-3}
120. ~v1_funct_1(k3_relat_1(sK0,sK1)) <- (~3) [avatar component clause 118] {a:0,w:4,wCS:400,nSel:1,goal:1,sine:255,thAx:0,allAx:3,thDist:-3}
122. 4 <=> v1_ordinal2(k3_relat_1(sK0,sK1)) [avatar definition]
124. ~v1_ordinal2(k3_relat_1(sK0,sK1)) <- (~4) [avatar component clause 122] {a:0,w:4,wCS:400,nSel:1,goal:1,sine:255,thAx:0,allAx:3,thDist:-3}
125. ~1 | ~2 | ~3 | ~4 [avatar split clause 78,122,118,114,110]
127. 5 <=> v2_ordinal2(sK0) [avatar definition]
129. v2_ordinal2(sK0) <- (5) [avatar component clause 127] {a:0,w:2,wCS:200,nSel:1,goal:1,sine:255,thAx:0,allAx:3,thDist:-3}
130. 5 [avatar split clause 77,127]
132. 6 <=> v1_ordinal2(sK1) [avatar definition]
134. v1_ordinal2(sK1) <- (6) [avatar component clause 132] {a:0,w:2,wCS:200,nSel:1,goal:1,sine:255,thAx:0,allAx:3,thDist:-3}
135. 6 [avatar split clause 76,132]
137. 7 <=> v1_funct_1(sK1) [avatar definition]
139. v1_funct_1(sK1) <- (7) [avatar component clause 137] {a:0,w:2,wCS:200,nSel:1,goal:1,sine:255,thAx:0,allAx:3,thDist:-3}
140. 7 [avatar split clause 75,137]
142. 8 <=> v5_ordinal1(sK1) [avatar definition]
144. v5_ordinal1(sK1) <- (8) [avatar component clause 142] {a:0,w:2,wCS:200,nSel:1,goal:1,sine:255,thAx:0,allAx:3,thDist:-3}
145. 8 [avatar split clause 74,142]
147. 9 <=> v1_relat_1(sK1) [avatar definition]
149. v1_relat_1(sK1) <- (9) [avatar component clause 147] {a:0,w:2,wCS:200,nSel:1,goal:1,sine:255,thAx:0,allAx:3,thDist:-3}
150. 9 [avatar split clause 73,147]
152. 10 <=> v1_ordinal2(sK0) [avatar definition]
154. v1_ordinal2(sK0) <- (10) [avatar component clause 152] {a:0,w:2,wCS:200,nSel:1,goal:1,sine:255,thAx:0,allAx:3,thDist:-3}
155. 10 [avatar split clause 72,152]
157. 11 <=> v1_funct_1(sK0) [avatar definition]
159. v1_funct_1(sK0) <- (11) [avatar component clause 157] {a:0,w:2,wCS:200,nSel:1,goal:1,sine:255,thAx:0,allAx:3,thDist:-3}
160. 11 [avatar split clause 71,157]
162. 12 <=> v5_ordinal1(sK0) [avatar definition]
164. v5_ordinal1(sK0) <- (12) [avatar component clause 162] {a:0,w:2,wCS:200,nSel:1,goal:1,sine:255,thAx:0,allAx:3,thDist:-3}
165. 12 [avatar split clause 70,162]
167. 13 <=> v1_relat_1(sK0) [avatar definition]
169. v1_relat_1(sK0) <- (13) [avatar component clause 167] {a:0,w:2,wCS:200,nSel:1,goal:1,sine:255,thAx:0,allAx:3,thDist:-3}
170. 13 [avatar split clause 69,167]
218. $false <- (~1) [unit resulting resolution 112,99] {a:1,w:0,goal:1,sine:1,thAx:0,allAx:4,thDist:-4}
221. 1 [avatar contradiction clause 218]
245. ~r1_tarski(X2,k10_xtuple_0(X1)) | ~v1_funct_1(X1) | ~v1_relat_1(X1) | r1_tarski(X2,sK2(X1)) | ~v1_ordinal2(X1) [resolution 89,96] {a:1,w:14,wCS:5600,nSel:1,sine:255,thAx:0,allAx:3,thDist:-3}
255. v3_ordinal1(k9_xtuple_0(k3_relat_1(X0,X1))) | ~v2_ordinal2(X0) | ~v3_ordinal1(k9_xtuple_0(X1)) | ~v1_ordinal2(X0) | ~v1_funct_1(X0) | ~v5_ordinal1(X0) | ~v1_relat_1(X0) | ~v1_relat_1(X1) | ~v1_relat_1(X0) [superposition 86,84] {a:1,w:22,wCS:8800,sine:1,thAx:0,allAx:2,thDist:-2}
256. v3_ordinal1(k9_xtuple_0(k3_relat_1(X0,X1))) | ~v2_ordinal2(X0) | ~v3_ordinal1(k9_xtuple_0(X1)) | ~v1_ordinal2(X0) | ~v1_funct_1(X0) | ~v5_ordinal1(X0) | ~v1_relat_1(X0) | ~v1_relat_1(X1) [duplicate literal removal 255] {a:1,w:20,wCS:8000,nSel:1,sine:1,thAx:0,allAx:2,thDist:-2}
273. ~v1_funct_1(X0) | ~v1_relat_1(X0) | r1_tarski(k10_xtuple_0(k3_relat_1(X1,X0)),sK2(X0)) | ~v1_ordinal2(X0) | ~v1_relat_1(X0) | ~v1_relat_1(X1) [resolution 245,83] {a:2,w:17,wCS:6800,sine:255,thAx:0,allAx:4,thDist:-4}
277. r1_tarski(k10_xtuple_0(k3_relat_1(X1,X0)),sK2(X0)) | ~v1_relat_1(X0) | ~v1_funct_1(X0) | ~v1_ordinal2(X0) | ~v1_relat_1(X1) [duplicate literal removal 273] {a:2,w:15,wCS:6000,nSel:1,sine:255,thAx:0,allAx:4,thDist:-4}
292. v5_ordinal1(k3_relat_1(X0,X1)) | ~v3_ordinal1(k9_xtuple_0(X1)) | ~v1_ordinal2(X0) | ~v1_funct_1(X0) | ~v5_ordinal1(X0) | ~v1_relat_1(X0) | ~v1_relat_1(X1) | ~v2_ordinal2(X0) [resolution 256,93] {a:2,w:19,wCS:7600,nSel:1,sine:1,thAx:0,allAx:3,thDist:-3}
331. ~v1_relat_1(X0) | ~v1_funct_1(X0) | ~v1_ordinal2(X0) | ~v1_relat_1(X1) | v1_ordinal2(k3_relat_1(X1,X0)) | ~v3_ordinal1(sK2(X0)) | ~v1_funct_1(k3_relat_1(X1,X0)) | ~v1_relat_1(k3_relat_1(X1,X0)) [resolution 277,90] {a:3,w:23,wCS:9200,sine:255,thAx:0,allAx:6,thDist:-6}
335. ~v1_relat_1(X0) | ~v1_funct_1(X0) | ~v1_ordinal2(X0) | ~v1_relat_1(X1) | v1_ordinal2(k3_relat_1(X1,X0)) | ~v3_ordinal1(sK2(X0)) | ~v1_funct_1(k3_relat_1(X1,X0)) [subsumption resolution 331,99] {a:3,w:19,wCS:7600,sine:1,thAx:0,allAx:6,thDist:-6}
336. ~v1_funct_1(k3_relat_1(X1,X0)) | ~v1_funct_1(X0) | ~v1_ordinal2(X0) | ~v1_relat_1(X1) | v1_ordinal2(k3_relat_1(X1,X0)) | ~v1_relat_1(X0) [subsumption resolution 335,88] {a:3,w:16,wCS:6400,nSel:1,sine:1,thAx:0,allAx:6,thDist:-6}
338. ~v3_ordinal1(k9_xtuple_0(sK1)) | ~v1_ordinal2(sK0) | ~v1_funct_1(sK0) | ~v5_ordinal1(sK0) | ~v1_relat_1(sK0) | ~v1_relat_1(sK1) | ~v2_ordinal2(sK0) <- (~2) [resolution 292,116] {a:3,w:15,wCS:1500,goal:1,sine:1,thAx:0,allAx:6,thDist:-6}
339. ~v3_ordinal1(k9_xtuple_0(sK1)) | ~v1_funct_1(sK0) | ~v5_ordinal1(sK0) | ~v1_relat_1(sK0) | ~v1_relat_1(sK1) | ~v2_ordinal2(sK0) <- (~2, 10) [subsumption resolution 338,154] {a:3,w:13,wCS:1300,goal:1,sine:1,thAx:0,allAx:6,thDist:-6}
340. ~v3_ordinal1(k9_xtuple_0(sK1)) | ~v5_ordinal1(sK0) | ~v1_relat_1(sK0) | ~v1_relat_1(sK1) | ~v2_ordinal2(sK0) <- (~2, 10, 11) [subsumption resolution 339,159] {a:3,w:11,wCS:1100,goal:1,sine:1,thAx:0,allAx:6,thDist:-6}
341. ~v3_ordinal1(k9_xtuple_0(sK1)) | ~v1_relat_1(sK0) | ~v1_relat_1(sK1) | ~v2_ordinal2(sK0) <- (~2, 10, 11, 12) [subsumption resolution 340,164] {a:3,w:9,wCS:900,goal:1,sine:1,thAx:0,allAx:6,thDist:-6}
342. ~v3_ordinal1(k9_xtuple_0(sK1)) | ~v1_relat_1(sK1) | ~v2_ordinal2(sK0) <- (~2, 10, 11, 12, 13) [subsumption resolution 341,169] {a:3,w:7,wCS:700,goal:1,sine:1,thAx:0,allAx:6,thDist:-6}
343. ~v3_ordinal1(k9_xtuple_0(sK1)) | ~v2_ordinal2(sK0) <- (~2, 9, 10, 11, 12, 13) [subsumption resolution 342,149] {a:3,w:5,wCS:500,goal:1,sine:1,thAx:0,allAx:6,thDist:-6}
344. ~v3_ordinal1(k9_xtuple_0(sK1)) <- (~2, 5, 9, 10, 11, 12, 13) [subsumption resolution 343,129] {a:3,w:3,wCS:300,goal:1,sine:1,thAx:0,allAx:6,thDist:-6}
346. 23 <=> v3_ordinal1(k9_xtuple_0(sK1)) [avatar definition]
348. ~v3_ordinal1(k9_xtuple_0(sK1)) <- (~23) [avatar component clause 346] {a:3,w:3,wCS:300,nSel:1,goal:1,sine:255,thAx:0,allAx:6,thDist:-6}
349. ~23 | 2 | ~5 | ~9 | ~10 | ~11 | ~12 | ~13 [avatar split clause 344,167,162,157,152,147,127,114,346]
352. ~v5_ordinal1(sK1) <- (~23) [resolution 348,92] {a:4,w:2,wCS:200,goal:1,sine:255,thAx:0,allAx:7,thDist:-7}
354. $false <- (8, ~23) [subsumption resolution 352,144] {a:4,w:0,goal:1,sine:255,thAx:0,allAx:7,thDist:-7}
355. ~8 | 23 [avatar contradiction clause 354]
370. ~v1_funct_1(sK1) | ~v1_relat_1(sK1) | ~v1_funct_1(sK0) | ~v1_relat_1(sK0) <- (~3) [resolution 120,101] {a:1,w:8,wCS:800,goal:1,sine:1,thAx:0,allAx:4,thDist:-4}
372. ~v1_relat_1(sK1) | ~v1_funct_1(sK0) | ~v1_relat_1(sK0) <- (~3, 7) [subsumption resolution 370,139] {a:1,w:6,wCS:600,goal:1,sine:1,thAx:0,allAx:4,thDist:-4}
373. ~v1_funct_1(sK0) | ~v1_relat_1(sK0) <- (~3, 7, 9) [subsumption resolution 372,149] {a:1,w:4,wCS:400,goal:1,sine:1,thAx:0,allAx:4,thDist:-4}
374. ~v1_relat_1(sK0) <- (~3, 7, 9, 11) [subsumption resolution 373,159] {a:1,w:2,wCS:200,goal:1,sine:1,thAx:0,allAx:4,thDist:-4}
375. $false <- (~3, 7, 9, 11, 13) [subsumption resolution 374,169] {a:1,w:0,goal:1,sine:1,thAx:0,allAx:4,thDist:-4}
376. 3 | ~7 | ~9 | ~11 | ~13 [avatar contradiction clause 375]
421. ~v1_funct_1(sK1) | ~v1_ordinal2(sK1) | ~v1_relat_1(sK0) | v1_ordinal2(k3_relat_1(sK0,sK1)) | ~v1_relat_1(sK1) <- (3) [resolution 336,119] {a:4,w:12,wCS:1200,goal:1,sine:1,thAx:0,allAx:9,thDist:-9}
424. ~v1_ordinal2(sK1) | ~v1_relat_1(sK0) | v1_ordinal2(k3_relat_1(sK0,sK1)) | ~v1_relat_1(sK1) <- (3, 7) [subsumption resolution 421,139] {a:4,w:10,wCS:1000,goal:1,sine:1,thAx:0,allAx:9,thDist:-9}
425. ~v1_relat_1(sK0) | v1_ordinal2(k3_relat_1(sK0,sK1)) | ~v1_relat_1(sK1) <- (3, 6, 7) [subsumption resolution 424,134] {a:4,w:8,wCS:800,goal:1,sine:1,thAx:0,allAx:9,thDist:-9}
426. v1_ordinal2(k3_relat_1(sK0,sK1)) | ~v1_relat_1(sK1) <- (3, 6, 7, 13) [subsumption resolution 425,169] {a:4,w:6,wCS:600,goal:1,sine:1,thAx:0,allAx:9,thDist:-9}
427. ~v1_relat_1(sK1) <- (3, ~4, 6, 7, 13) [subsumption resolution 426,124] {a:4,w:2,wCS:200,goal:1,sine:1,thAx:0,allAx:9,thDist:-9}
428. $false <- (3, ~4, 6, 7, 9, 13) [subsumption resolution 427,149] {a:4,w:0,goal:1,sine:1,thAx:0,allAx:9,thDist:-9}
429. ~3 | 4 | ~6 | ~7 | ~9 | ~13 [avatar contradiction clause 428]
430. $false [avatar sat refutation 125,130,135,140,145,150,155,160,165,170,221,349,355,376,429] {a:0,w:0,goal:1,sine:0,thAx:0,allAx:195,thDist:-195}
% SZS output end Proof for ordinal4__t12_ordinal4
% ------------------------------
% Version: Vampire 4.5.1 (commit 226f88162 on 2021-09-12 20:13:44 +0200)
% Termination reason: Refutation

% >>> Input
% Input formulas: 26
% Introduced skolems: 7
% 
% >>> Saturation
% Initial clauses: 40
% Generated clauses: 256
% Active clauses: 104
% Passive clauses: 160
% Final active clauses: 100
% Final passive clauses: 49
% Main loop iterations started: 111
% 
% >>> Simplifying Inferences
% Duplicate literals: 13
% Fw subsumption resolutions: 26
% 
% >>> Deletion Inferences
% Simple tautologies: 5
% Forward subsumptions: 31
% 
% >>> Generating Inferences
% Binary resolution: 144
% Unit resulting resolution: 4
% Forward superposition: 3
% 
% >>> AVATAR
% Split clauses: 2
% Split components: 6
% Sat splitting refutations: 8
% 
% >>> SAT Solver Statistics
% SAT solver clauses: 33
% SAT solver unit clauses: 18
% SAT solver binary clauses: 6
% 
% Memory used [KB]: 5245
% Time elapsed: 0.003 s
% ------------------------------
% ------------------------------
% Time measurement results:
% sat proof minimization: 0.001 s
% unit resulting resolution: 0.001 s
% other: 0.003 s ( own 0.001 s ) 

