i: [1,381,0,2,1,1,0,0] t59_tex_3
a: [3,572,0,2,1,381]
s: 572
i: [1,377,0,2,1,1,0,0] t59_tex_3
a: [3,592,0,2,1,377]
s: 592
i: [1,376,0,2,1,1,0,0] t59_tex_3
a: [3,597,0,2,1,376]
s: 597
i: [1,375,0,2,1,1,0,0] t59_tex_3
a: [3,602,0,2,1,375]
s: 602
i: [1,374,0,2,1,1,0,0] t59_tex_3
a: [3,607,0,2,1,374]
s: 607
i: [1,380,0,3,1,1,0,0] t59_tex_3
a: [3,577,0,3,1,380]
s: 577
i: [1,379,0,3,1,1,0,0] t59_tex_3
a: [3,582,0,3,1,379]
s: 582
i: [1,378,0,3,1,1,0,0] t59_tex_3
a: [3,587,0,3,1,378]
s: 587
i: [1,382,0,2,1,0,0,255] spc1_boole
a: [3,612,0,2,1,382]
s: 612
i: [1,383,0,2,1,0,0,255] fc1_xboole_0
a: [3,617,0,2,1,383]
s: 617
i: [1,565,0,2,1,0,0,255] rc2_xboole_0
a: [3,622,0,2,1,565]
s: 622
i: [1,566,0,2,1,0,0,255] existence_l1_struct_0
a: [3,627,0,2,1,566]
s: 627
i: [1,567,0,2,1,0,0,255] rc1_xboole_0
a: [3,632,0,2,1,567]
s: 632
i: [1,568,0,2,1,0,0,1] existence_l1_pre_topc
a: [3,637,0,2,1,568]
s: 637
i: [1,399,0,4,2,0,0,255] dt_l1_pre_topc
s: 399
i: [1,563,0,4,1,0,0,255] existence_m1_subset_1
s: 563
d: [2,639,1,2,1,1,40,399,597]
a: [3,644,1,2,1,639]
s: 644
i: [1,398,0,5,2,0,0,255] t6_boole
s: 398
d: [2,640,1,2,1,1,40,399,637]
a: [3,649,1,2,1,640]
s: 649
i: [1,562,0,5,2,0,0,255] t7_boole
s: 562
i: [1,384,0,6,3,0,0,255] cc7_struct_0
s: 384
i: [1,385,0,6,3,0,0,255] cc5_struct_0
s: 385
i: [1,387,0,6,3,0,0,255] cc2_struct_0
s: 387
d: [2,653,1,4,2,1,40,385,627]
a: [3,659,1,2,1,653]
s: 659
i: [1,388,0,6,3,0,0,255] cc17_struct_0
s: 388
i: [1,389,0,6,3,0,0,255] cc6_struct_0
s: 389
d: [2,655,2,4,2,1,40,385,649]
a: [3,668,2,2,1,655]
s: 668
i: [1,390,0,6,3,0,0,255] cc1_struct_0
s: 390
i: [1,393,0,6,3,0,0,255] cc4_struct_0
s: 393
i: [1,400,0,6,3,0,0,1] cc4_tdlat_3
s: 400
i: [1,401,0,6,3,0,0,2] cc2_tdlat_3
s: 401
i: [1,402,0,6,3,0,0,1] cc3_tdlat_3
s: 402
i: [1,403,0,6,3,0,0,2] cc1_tdlat_3
s: 403
i: [1,432,0,6,2,0,0,1] existence_m1_pre_topc
s: 432
i: [1,559,0,6,2,0,0,255] t1_subset
s: 559
i: [1,564,0,6,2,0,0,255] antisymmetry_r2_hidden
s: 564
i: [1,391,0,7,3,0,0,255] cc8_struct_0
s: 391
i: [1,394,0,7,3,0,0,255] cc9_struct_0
s: 394
i: [1,395,0,7,3,0,0,255] cc11_struct_0
s: 395
i: [1,396,0,7,3,0,0,255] cc11_struct_0
s: 396
i: [1,431,0,7,3,0,0,1] dt_m1_pre_topc
s: 431
d: [2,691,1,4,2,1,40,431,587]
d: [2,694,1,2,1,2,21,691,597]
a: [3,698,1,2,1,694]
s: 698
i: [1,561,0,7,3,0,0,255] t8_boole
s: 561
d: [2,700,2,2,1,1,40,698,399]
a: [3,704,2,2,1,700]
s: 704
i: [1,424,0,8,4,0,0,1] cc8_tdlat_3
s: 424
i: [1,426,0,8,4,0,0,1] cc7_tdlat_3
s: 426
d: [2,692,1,7,3,0,40,431,432]
d: [2,693,1,5,2,0,18,692]
s: 693
i: [1,466,0,8,3,0,0,255] rc9_tex_2
s: 466
d: [2,708,2,5,2,0,40,693,399]
s: 708
i: [1,467,0,8,3,0,0,255] rc9_tex_2
s: 467
i: [1,560,0,8,3,0,0,255] t2_subset
s: 560
d: [2,715,1,6,2,0,40,560,563]
s: 715
i: [1,397,0,9,4,0,0,255] cc10_struct_0
s: 397
d: [2,716,2,6,2,0,40,715,564]
s: 716
i: [1,429,0,9,4,0,0,255] cc1_tex_1
s: 429
i: [1,430,0,9,4,0,0,255] cc1_tex_1
s: 430
d: [2,651,1,7,3,0,44,398,398]
s: 651
i: [1,554,0,9,4,0,0,1] cc1_pre_topc
s: 554
d: [2,729,1,6,3,1,40,554,587]
d: [2,734,1,4,2,2,21,729,597]
d: [2,735,1,2,1,3,21,734,602]
a: [3,739,1,2,1,735]
s: 739
i: [1,405,0,10,5,0,0,2] cc4_tex_1
s: 405
i: [1,408,0,10,5,0,0,2] cc3_tex_1
s: 408
d: [2,709,1,9,4,0,40,466,431]
d: [2,710,1,7,3,0,18,709]
s: 710
i: [1,412,0,10,5,0,0,1] cc5_tex_1
s: 412
d: [2,730,1,9,4,0,40,554,432]
d: [2,733,1,7,3,0,18,730]
s: 733
i: [1,413,0,10,5,0,0,1] cc5_tex_1
s: 413
i: [1,416,0,10,5,0,0,255] cc12_tdlat_3
s: 416
d: [2,741,2,7,3,0,40,710,399]
s: 741
i: [1,422,0,10,5,0,0,255] cc13_tdlat_3
s: 422
d: [2,744,1,8,4,1,40,422,572]
d: [2,745,1,6,3,2,21,744,602]
d: [2,746,1,4,2,3,21,745,607]
d: [2,747,1,2,1,4,21,746,597]
a: [3,751,1,2,1,747]
s: 751
i: [1,445,0,11,5,0,0,1] cc21_tex_2
s: 445
i: [1,446,0,11,5,0,0,1] cc19_tex_2
s: 446
d: [2,762,1,8,4,1,40,445,587]
d: [2,767,1,6,3,2,21,762,597]
d: [2,768,1,4,2,3,21,767,607]
a: [3,772,1,2,1,768]
s: 772
i: [1,447,0,11,5,0,0,2] cc17_tex_2
s: 447
d: [2,778,1,8,4,1,40,446,587]
d: [2,783,1,6,3,2,21,778,597]
d: [2,784,1,4,2,3,21,783,607]
a: [3,788,1,2,1,784]
s: 788
i: [1,448,0,11,5,0,0,2] cc16_tex_2
s: 448
i: [1,449,0,11,5,0,0,1] cc20_tex_2
s: 449
d: [2,753,2,8,4,1,40,751,416]
d: [2,754,2,6,3,2,21,753,602]
d: [2,755,2,4,2,3,21,754,607]
d: [2,756,2,2,1,4,21,755,597]
a: [3,760,2,2,1,756]
s: 760
i: [1,450,0,11,5,0,0,2] cc15_tex_2
s: 450
d: [2,711,3,8,3,0,40,708,387]
s: 711
i: [1,451,0,11,5,0,0,1] cc18_tex_2
s: 451
i: [1,452,0,11,5,0,0,2] cc14_tex_2
s: 452
d: [2,712,3,8,3,0,40,708,385]
s: 712
i: [1,521,0,11,5,0,0,1] rc5_tdlat_3
s: 521
d: [2,800,0,9,4,0,21,521,401]
s: 800
i: [1,522,0,11,5,0,0,1] rc5_tdlat_3
s: 522
d: [2,801,0,9,4,0,21,522,401]
s: 801
d: [2,687,1,9,4,0,44,391,398]
s: 687
i: [1,523,0,11,5,0,0,1] rc5_tdlat_3
s: 523
d: [2,812,0,9,4,0,21,523,401]
s: 812
i: [1,418,0,12,6,0,0,2] cc2_tex_1
s: 418
d: [2,815,0,10,5,0,21,418,401]
s: 815
d: [2,689,1,9,4,0,44,394,398]
s: 689
i: [1,520,0,12,5,0,0,1] rc5_tdlat_3
s: 520
d: [2,731,1,11,5,0,40,554,466]
d: [2,732,1,9,4,0,18,731]
s: 732
d: [2,824,0,10,4,0,21,520,401]
s: 824
i: [1,507,0,13,6,0,0,2] cc6_tdlat_3
s: 507
d: [2,830,1,11,5,0,40,824,431]
d: [2,831,1,9,4,0,18,830]
s: 831
d: [2,837,0,11,5,0,21,507,401]
s: 837
d: [2,839,1,8,4,1,40,837,587]
d: [2,846,1,6,3,2,21,839,772]
d: [2,847,1,4,2,3,21,846,597]
d: [2,848,1,2,1,4,21,847,607]
a: [3,852,1,2,1,848]
s: 852
i: [1,526,0,13,6,0,0,1] cc5_tdlat_3
s: 526
d: [2,854,0,11,5,0,21,526,403]
s: 854
d: [2,855,1,8,4,1,40,854,587]
d: [2,862,1,6,3,2,21,855,788]
d: [2,863,1,4,2,3,21,862,597]
d: [2,864,1,2,1,4,21,863,607]
a: [3,868,1,2,1,864]
s: 868
i: [1,556,0,13,5,0,0,255] cc10_tex_2
s: 556
d: [2,841,1,13,6,0,40,837,466]
d: [2,844,1,9,4,0,18,841]
s: 844
i: [1,434,0,14,6,0,0,2] cc12_tex_2
s: 434
i: [1,436,0,14,6,0,0,2] cc13_tex_2
s: 436
d: [2,876,1,11,5,1,40,434,587]
d: [2,883,1,9,4,2,21,876,592]
d: [2,884,1,7,3,3,21,883,597]
a: [3,896,1,2,1,884]
s: 896
i: [1,454,0,14,6,0,0,255] cc36_tex_2
s: 454
d: [2,840,1,11,5,0,40,837,432]
d: [2,845,1,9,4,0,18,840]
s: 845
i: [1,465,0,14,6,0,0,255] cc35_tex_2
s: 465
i: [1,524,0,14,6,0,0,1] cc5_tdlat_3
s: 524
d: [2,857,1,13,6,0,40,854,466]
d: [2,860,1,9,4,0,18,857]
s: 860
d: [2,905,0,12,5,0,21,524,403]
s: 905
d: [2,856,1,11,5,0,40,854,432]
d: [2,861,1,9,4,0,18,856]
s: 861
i: [1,525,0,14,6,0,0,1] cc5_tdlat_3
s: 525
d: [2,921,0,12,5,0,21,525,403]
s: 921
d: [2,838,2,9,4,0,40,831,399]
s: 838
i: [1,456,0,15,7,0,0,2] cc23_tex_2
s: 456
d: [2,871,2,12,5,0,40,844,401]
d: [2,874,2,9,4,0,21,871,710]
s: 874
i: [1,458,0,15,7,0,0,2] cc24_tex_2
s: 458
i: [1,460,0,15,7,0,0,2] cc22_tex_2
s: 460
d: [2,872,2,12,5,0,40,844,400]
d: [2,875,2,9,4,0,21,872,710]
s: 875
i: [1,462,0,15,7,0,0,2] cc25_tex_2
s: 462
d: [2,899,2,12,5,0,40,845,401]
d: [2,903,2,9,4,0,21,899,693]
s: 903
i: [1,463,0,15,7,0,0,2] cc25_tex_2
s: 463
i: [1,479,0,15,7,0,0,255] cc15_tdlat_3
s: 479
d: [2,958,1,12,6,1,40,479,587]
d: [2,965,1,10,5,2,21,958,592]
d: [2,966,1,8,4,3,21,965,597]
d: [2,967,1,6,3,4,21,966,751]
d: [2,968,1,4,2,5,21,967,602]
d: [2,969,1,2,1,6,21,968,607]
a: [3,973,1,2,1,969]
s: 973
i: [1,480,0,15,6,0,0,255] cc5_tex_3
s: 480
d: [2,976,2,8,4,1,40,973,416]
d: [2,977,2,6,3,2,21,976,739]
d: [2,978,2,4,2,3,21,977,592]
d: [2,979,2,2,1,4,21,978,698]
a: [3,983,2,2,1,979]
s: 983
i: [1,481,0,15,6,0,0,255] cc16_tex_3
s: 481
i: [1,482,0,15,6,0,0,2] cc27_tex_2
s: 482
a: [3,892,1,3,1,884]
s: 892
i: [1,483,0,15,6,0,0,255] cc7_tex_3
s: 483
d: [2,1001,2,10,4,1,40,892,556]
d: [2,1002,2,8,3,2,21,1001,592]
d: [2,1003,2,5,2,3,21,1002,587]
d: [2,1004,2,3,1,4,21,1003,597]
a: [3,1008,2,3,1,1004]
s: 1008
i: [1,484,0,15,6,0,0,1] cc28_tex_2
s: 484
i: [1,485,0,15,6,0,0,255] cc6_tex_3
s: 485
a: [3,887,1,2,1,884]
s: 887
i: [1,486,0,15,6,0,0,1] cc26_tex_2
s: 486
d: [2,900,2,12,5,0,40,845,400]
d: [2,904,2,9,4,0,21,900,693]
s: 904
i: [1,487,0,15,6,0,0,1] cc26_tex_2
s: 487
i: [1,488,0,15,6,0,0,255] cc18_tex_3
s: 488
d: [2,906,2,12,5,0,40,860,403]
d: [2,908,2,9,4,0,21,906,710]
s: 908
i: [1,489,0,15,6,0,0,255] cc17_tex_3
s: 489
d: [2,907,2,12,5,0,40,860,402]
d: [2,909,2,9,4,0,21,907,710]
s: 909
i: [1,490,0,15,6,0,0,255] cc15_tex_3
s: 490
i: [1,491,0,15,6,0,0,255] cc14_tex_3
s: 491
d: [2,917,2,12,5,0,40,861,403]
d: [2,919,2,9,4,0,21,917,693]
s: 919
i: [1,492,0,15,6,0,0,255] cc13_tex_3
s: 492
d: [2,918,2,12,5,0,40,861,402]
d: [2,920,2,9,4,0,21,918,693]
s: 920
i: [1,493,0,15,6,0,0,255] cc4_tex_3
s: 493
i: [1,540,0,15,7,0,0,1] cc9_tdlat_3
s: 540
a: [3,776,1,2,1,768]
s: 776
i: [1,558,0,15,6,0,0,255] cc11_tex_2
s: 558
d: [2,713,1,10,4,0,40,467,396]
s: 713
d: [2,1054,0,12,5,0,21,558,556]
s: 1054
i: [1,528,0,16,7,0,0,1] cc22_tex_3
s: 528
d: [2,1055,1,7,3,0,21,713,741]
s: 1055
d: [2,1061,0,14,6,0,21,528,403]
s: 1061
d: [2,1064,2,10,4,0,40,1055,384]
d: [2,1067,2,7,3,0,21,1064,741]
s: 1067
i: [1,542,0,16,7,0,0,255] cc25_tex_3
s: 542
i: [1,438,0,17,8,0,0,2] cc34_tex_2
s: 438
d: [2,714,1,10,4,0,40,467,395]
s: 714
d: [2,1069,0,15,7,0,21,438,401]
s: 1069
d: [2,1070,1,7,3,0,21,714,741]
s: 1070
i: [1,495,0,17,7,0,0,1] cc12_tex_3
s: 495
i: [1,497,0,17,7,0,0,1] cc11_tex_3
s: 497
d: [2,723,1,12,6,0,40,429,397]
d: [2,725,1,10,5,0,21,723,399]
s: 725
i: [1,509,0,17,8,0,0,2] cc32_tex_2
s: 509
d: [2,726,1,12,6,0,40,430,397]
d: [2,728,1,10,5,0,21,726,399]
s: 728
d: [2,1079,0,15,7,0,21,509,401]
s: 1079
i: [1,513,0,17,8,0,0,2] cc31_tex_2
s: 513
d: [2,764,1,14,6,0,40,445,466]
d: [2,765,1,10,4,0,18,764]
s: 765
i: [1,529,0,17,7,0,0,255] cc40_tex_2
s: 529
d: [2,763,1,12,5,0,40,445,432]
d: [2,766,1,10,4,0,18,763]
s: 766
d: [2,1090,0,15,6,0,21,529,403]
s: 1090
i: [1,530,0,17,7,0,0,255] cc39_tex_2
s: 530
d: [2,780,1,14,6,0,40,446,466]
d: [2,781,1,10,4,0,18,780]
s: 781
i: [1,531,0,17,7,0,0,2] cc24_tex_3
s: 531
d: [2,779,1,12,5,0,40,446,432]
d: [2,782,1,10,4,0,18,779]
s: 782
d: [2,1102,0,15,6,0,21,531,403]
s: 1102
i: [1,532,0,17,7,0,0,255] cc37_tex_2
s: 532
d: [2,792,1,14,6,0,40,447,466]
d: [2,793,1,10,4,0,18,792]
s: 793
d: [2,1105,0,15,6,0,21,532,403]
s: 1105
d: [2,791,1,12,5,0,40,447,432]
d: [2,794,1,10,4,0,18,791]
s: 794
i: [1,533,0,17,7,0,0,2] cc23_tex_3
s: 533
i: [1,534,0,17,7,0,0,255] cc38_tex_2
s: 534
d: [2,797,1,14,6,0,40,448,466]
d: [2,798,1,10,4,0,18,797]
s: 798
i: [1,536,0,17,8,0,0,2] cc30_tex_2
s: 536
d: [2,796,1,12,5,0,40,448,432]
d: [2,799,1,10,4,0,18,796]
s: 799
d: [2,1112,0,15,7,0,21,536,403]
s: 1112
i: [1,538,0,17,8,0,0,2] cc29_tex_2
s: 538
d: [2,912,1,14,6,0,40,905,466]
d: [2,915,1,10,4,0,18,912]
s: 915
i: [1,543,0,17,7,0,0,1] cc10_tdlat_3
s: 543
d: [2,911,1,12,5,0,40,905,432]
d: [2,916,1,10,4,0,18,911]
s: 916
i: [1,544,0,17,7,0,0,255] cc27_tex_3
s: 544
i: [1,545,0,17,7,0,0,1] cc11_tdlat_3
s: 545
d: [2,985,1,12,5,1,40,482,587]
d: [2,992,1,10,4,2,21,985,597]
d: [2,993,1,8,3,3,21,992,602]
d: [2,994,1,6,2,4,21,993,607]
a: [3,998,1,3,1,994]
s: 998
d: [2,1135,2,0,0,7,52,607,602,597,592,587,582,998,495]
e: 1135
d: [2,1137,2,14,6,1,40,998,495]
d: [2,1139,2,11,5,2,21,1137,582]
d: [2,1140,2,9,4,3,21,1139,592]
d: [2,1141,2,6,3,4,21,1140,587]
d: [2,1142,2,4,2,5,21,1141,597]
d: [2,1143,2,2,1,6,21,1142,602]
d: [2,1144,2,0,0,7,21,1143,607]
e: 1144
d: [2,1124,1,14,6,1,40,545,577]
d: [2,1129,1,11,5,2,21,1124,587]
d: [2,1130,1,9,4,3,21,1129,597]
d: [2,1131,1,7,3,4,21,1130,572]
d: [2,1132,1,5,2,5,21,1131,602]
d: [2,1133,1,3,1,6,21,1132,607]
f: 1144,1133,374,375,376,377,378,379,380,381
% Refutation found. Thanks to Tanya!
% SZS status Theorem for tex_3__t59_tex_3
% SZS output start Proof for tex_3__t59_tex_3
1. ! [X0] : ((l1_pre_topc(X0) & v2_pre_topc(X0) & ~v2_struct_0(X0)) => ~(v3_tdlat_3(X0) & ? [X1] : (v1_borsuk_1(X1,X0) & v3_tex_3(X1,X0) & m1_pre_topc(X1,X0) & ~v2_struct_0(X1)))) [input t59_tex_3]
2. ~! [X0] : ((l1_pre_topc(X0) & v2_pre_topc(X0) & ~v2_struct_0(X0)) => ~(v3_tdlat_3(X0) & ? [X1] : (v1_borsuk_1(X1,X0) & v3_tex_3(X1,X0) & m1_pre_topc(X1,X0) & ~v2_struct_0(X1)))) [negated conjecture 1]
110. ! [X0] : ((l1_pre_topc(X0) & v3_tdlat_3(X0) & v2_pre_topc(X0) & ~v2_struct_0(X0)) => ! [X1] : (m1_pre_topc(X1,X0) => (v1_borsuk_1(X1,X0) => v1_tsep_1(X1,X0)))) [input cc11_tdlat_3]
111. ! [X0] : ((l1_pre_topc(X0) & v2_pre_topc(X0) & ~v2_struct_0(X0)) => ! [X1] : (m1_pre_topc(X1,X0) => ((v3_tex_3(X1,X0) & ~v2_struct_0(X1)) => (~v1_tsep_1(X1,X0) & ~v2_struct_0(X1))))) [input cc12_tex_3]
133. ? [X0] : ((v3_tdlat_3(X0) & ? [X1] : (v1_borsuk_1(X1,X0) & v3_tex_3(X1,X0) & m1_pre_topc(X1,X0) & ~v2_struct_0(X1))) & (l1_pre_topc(X0) & v2_pre_topc(X0) & ~v2_struct_0(X0))) [ennf transformation 2]
134. ? [X0] : (v3_tdlat_3(X0) & ? [X1] : (v1_borsuk_1(X1,X0) & v3_tex_3(X1,X0) & m1_pre_topc(X1,X0) & ~v2_struct_0(X1)) & l1_pre_topc(X0) & v2_pre_topc(X0) & ~v2_struct_0(X0)) [flattening 133]
263. ! [X0] : (! [X1] : (((~v1_tsep_1(X1,X0) & ~v2_struct_0(X1)) | (~v3_tex_3(X1,X0) | v2_struct_0(X1))) | ~m1_pre_topc(X1,X0)) | (~l1_pre_topc(X0) | ~v2_pre_topc(X0) | v2_struct_0(X0))) [ennf transformation 111]
264. ! [X0] : (! [X1] : ((~v1_tsep_1(X1,X0) & ~v2_struct_0(X1)) | ~v3_tex_3(X1,X0) | v2_struct_0(X1) | ~m1_pre_topc(X1,X0)) | ~l1_pre_topc(X0) | ~v2_pre_topc(X0) | v2_struct_0(X0)) [flattening 263]
329. ! [X0] : (! [X1] : ((v1_tsep_1(X1,X0) | ~v1_borsuk_1(X1,X0)) | ~m1_pre_topc(X1,X0)) | (~l1_pre_topc(X0) | ~v3_tdlat_3(X0) | ~v2_pre_topc(X0) | v2_struct_0(X0))) [ennf transformation 110]
330. ! [X0] : (! [X1] : (v1_tsep_1(X1,X0) | ~v1_borsuk_1(X1,X0) | ~m1_pre_topc(X1,X0)) | ~l1_pre_topc(X0) | ~v3_tdlat_3(X0) | ~v2_pre_topc(X0) | v2_struct_0(X0)) [flattening 329]
355. ? [X0] : (v3_tdlat_3(X0) & ? [X1] : (v1_borsuk_1(X1,X0) & v3_tex_3(X1,X0) & m1_pre_topc(X1,X0) & ~v2_struct_0(X1)) & l1_pre_topc(X0) & v2_pre_topc(X0) & ~v2_struct_0(X0)) => (v3_tdlat_3(sK0) & ? [X1] : (v1_borsuk_1(X1,sK0) & v3_tex_3(X1,sK0) & m1_pre_topc(X1,sK0) & ~v2_struct_0(X1)) & l1_pre_topc(sK0) & v2_pre_topc(sK0) & ~v2_struct_0(sK0)) [choice axiom]
356. ? [X1] : (v1_borsuk_1(X1,sK0) & v3_tex_3(X1,sK0) & m1_pre_topc(X1,sK0) & ~v2_struct_0(X1)) => (v1_borsuk_1(sK1,sK0) & v3_tex_3(sK1,sK0) & m1_pre_topc(sK1,sK0) & ~v2_struct_0(sK1)) [choice axiom]
357. v3_tdlat_3(sK0) & (v1_borsuk_1(sK1,sK0) & v3_tex_3(sK1,sK0) & m1_pre_topc(sK1,sK0) & ~v2_struct_0(sK1)) & l1_pre_topc(sK0) & v2_pre_topc(sK0) & ~v2_struct_0(sK0) [skolemisation 134,356,355]
374. ~v2_struct_0(sK0) [cnf transformation 357] {a:0,w:2,wCS:200,goal:1,sine:0,thAx:0,allAx:3,thDist:-3}
375. v2_pre_topc(sK0) [cnf transformation 357] {a:0,w:2,wCS:200,goal:1,sine:0,thAx:0,allAx:3,thDist:-3}
376. l1_pre_topc(sK0) [cnf transformation 357] {a:0,w:2,wCS:200,goal:1,sine:0,thAx:0,allAx:3,thDist:-3}
377. ~v2_struct_0(sK1) [cnf transformation 357] {a:0,w:2,wCS:200,goal:1,sine:0,thAx:0,allAx:3,thDist:-3}
378. m1_pre_topc(sK1,sK0) [cnf transformation 357] {a:0,w:3,wCS:300,goal:1,sine:0,thAx:0,allAx:3,thDist:-3}
379. v3_tex_3(sK1,sK0) [cnf transformation 357] {a:0,w:3,wCS:300,goal:1,sine:0,thAx:0,allAx:3,thDist:-3}
380. v1_borsuk_1(sK1,sK0) [cnf transformation 357] {a:0,w:3,wCS:300,goal:1,sine:0,thAx:0,allAx:3,thDist:-3}
381. v3_tdlat_3(sK0) [cnf transformation 357] {a:0,w:2,wCS:200,goal:1,sine:0,thAx:0,allAx:3,thDist:-3}
495. ~v1_tsep_1(X1,X0) | ~v3_tex_3(X1,X0) | v2_struct_0(X1) | ~m1_pre_topc(X1,X0) | ~l1_pre_topc(X0) | ~v2_pre_topc(X0) | v2_struct_0(X0) [cnf transformation 264] {a:0,w:17,wCS:6800,nSel:1,sine:1,thAx:0,allAx:1,thDist:-1}
545. ~v1_borsuk_1(X1,X0) | v1_tsep_1(X1,X0) | ~m1_pre_topc(X1,X0) | ~l1_pre_topc(X0) | ~v3_tdlat_3(X0) | ~v2_pre_topc(X0) | v2_struct_0(X0) [cnf transformation 330] {a:0,w:17,wCS:6800,nSel:1,sine:1,thAx:0,allAx:1,thDist:-1}
570. 1 <=> v3_tdlat_3(sK0) [avatar definition]
572. v3_tdlat_3(sK0) <- (1) [avatar component clause 570] {a:0,w:2,wCS:200,nSel:1,goal:1,sine:255,thAx:0,allAx:3,thDist:-3}
573. 1 [avatar split clause 381,570]
575. 2 <=> v1_borsuk_1(sK1,sK0) [avatar definition]
577. v1_borsuk_1(sK1,sK0) <- (2) [avatar component clause 575] {a:0,w:3,wCS:300,nSel:1,goal:1,sine:255,thAx:0,allAx:3,thDist:-3}
578. 2 [avatar split clause 380,575]
580. 3 <=> v3_tex_3(sK1,sK0) [avatar definition]
582. v3_tex_3(sK1,sK0) <- (3) [avatar component clause 580] {a:0,w:3,wCS:300,nSel:1,goal:1,sine:255,thAx:0,allAx:3,thDist:-3}
583. 3 [avatar split clause 379,580]
585. 4 <=> m1_pre_topc(sK1,sK0) [avatar definition]
587. m1_pre_topc(sK1,sK0) <- (4) [avatar component clause 585] {a:0,w:3,wCS:300,nSel:1,goal:1,sine:255,thAx:0,allAx:3,thDist:-3}
588. 4 [avatar split clause 378,585]
590. 5 <=> v2_struct_0(sK1) [avatar definition]
592. ~v2_struct_0(sK1) <- (~5) [avatar component clause 590] {a:0,w:2,wCS:200,nSel:1,goal:1,sine:255,thAx:0,allAx:3,thDist:-3}
593. ~5 [avatar split clause 377,590]
595. 6 <=> l1_pre_topc(sK0) [avatar definition]
597. l1_pre_topc(sK0) <- (6) [avatar component clause 595] {a:0,w:2,wCS:200,nSel:1,goal:1,sine:255,thAx:0,allAx:3,thDist:-3}
598. 6 [avatar split clause 376,595]
600. 7 <=> v2_pre_topc(sK0) [avatar definition]
602. v2_pre_topc(sK0) <- (7) [avatar component clause 600] {a:0,w:2,wCS:200,nSel:1,goal:1,sine:255,thAx:0,allAx:3,thDist:-3}
603. 7 [avatar split clause 375,600]
605. 8 <=> v2_struct_0(sK0) [avatar definition]
607. ~v2_struct_0(sK0) <- (~8) [avatar component clause 605] {a:0,w:2,wCS:200,nSel:1,goal:1,sine:255,thAx:0,allAx:3,thDist:-3}
608. ~8 [avatar split clause 374,605]
996. 38 <=> v1_tsep_1(sK1,sK0) [avatar definition]
998. v1_tsep_1(sK1,sK0) <- (38) [avatar component clause 996] {a:1,w:3,wCS:300,nSel:1,goal:1,sine:255,thAx:0,allAx:4,thDist:-4}
1124. v1_tsep_1(sK1,sK0) | ~m1_pre_topc(sK1,sK0) | ~l1_pre_topc(sK0) | ~v3_tdlat_3(sK0) | ~v2_pre_topc(sK0) | v2_struct_0(sK0) <- (2) [resolution 545,577] {a:1,w:14,wCS:1400,goal:1,sine:1,thAx:0,allAx:4,thDist:-4}
1129. v1_tsep_1(sK1,sK0) | ~l1_pre_topc(sK0) | ~v3_tdlat_3(sK0) | ~v2_pre_topc(sK0) | v2_struct_0(sK0) <- (2, 4) [subsumption resolution 1124,587] {a:1,w:11,wCS:1100,goal:1,sine:1,thAx:0,allAx:4,thDist:-4}
1130. v1_tsep_1(sK1,sK0) | ~v3_tdlat_3(sK0) | ~v2_pre_topc(sK0) | v2_struct_0(sK0) <- (2, 4, 6) [subsumption resolution 1129,597] {a:1,w:9,wCS:900,goal:1,sine:1,thAx:0,allAx:4,thDist:-4}
1131. v1_tsep_1(sK1,sK0) | ~v2_pre_topc(sK0) | v2_struct_0(sK0) <- (1, 2, 4, 6) [subsumption resolution 1130,572] {a:1,w:7,wCS:700,goal:1,sine:1,thAx:0,allAx:4,thDist:-4}
1132. v1_tsep_1(sK1,sK0) | v2_struct_0(sK0) <- (1, 2, 4, 6, 7) [subsumption resolution 1131,602] {a:1,w:5,wCS:500,goal:1,sine:1,thAx:0,allAx:4,thDist:-4}
1133. v1_tsep_1(sK1,sK0) <- (1, 2, 4, 6, 7, ~8) [subsumption resolution 1132,607] {a:1,w:3,wCS:300,goal:1,sine:1,thAx:0,allAx:4,thDist:-4}
1134. 38 | ~1 | ~2 | ~4 | ~6 | ~7 | 8 [avatar split clause 1133,605,600,595,585,575,570,996]
1137. ~v3_tex_3(sK1,sK0) | v2_struct_0(sK1) | ~m1_pre_topc(sK1,sK0) | ~l1_pre_topc(sK0) | ~v2_pre_topc(sK0) | v2_struct_0(sK0) <- (38) [resolution 998,495] {a:2,w:14,wCS:1400,goal:1,sine:1,thAx:0,allAx:5,thDist:-5}
1139. v2_struct_0(sK1) | ~m1_pre_topc(sK1,sK0) | ~l1_pre_topc(sK0) | ~v2_pre_topc(sK0) | v2_struct_0(sK0) <- (3, 38) [subsumption resolution 1137,582] {a:2,w:11,wCS:1100,goal:1,sine:1,thAx:0,allAx:5,thDist:-5}
1140. ~m1_pre_topc(sK1,sK0) | ~l1_pre_topc(sK0) | ~v2_pre_topc(sK0) | v2_struct_0(sK0) <- (3, ~5, 38) [subsumption resolution 1139,592] {a:2,w:9,wCS:900,goal:1,sine:1,thAx:0,allAx:5,thDist:-5}
1141. ~l1_pre_topc(sK0) | ~v2_pre_topc(sK0) | v2_struct_0(sK0) <- (3, 4, ~5, 38) [subsumption resolution 1140,587] {a:2,w:6,wCS:600,goal:1,sine:1,thAx:0,allAx:5,thDist:-5}
1142. ~v2_pre_topc(sK0) | v2_struct_0(sK0) <- (3, 4, ~5, 6, 38) [subsumption resolution 1141,597] {a:2,w:4,wCS:400,goal:1,sine:1,thAx:0,allAx:5,thDist:-5}
1143. v2_struct_0(sK0) <- (3, 4, ~5, 6, 7, 38) [subsumption resolution 1142,602] {a:2,w:2,wCS:200,goal:1,sine:1,thAx:0,allAx:5,thDist:-5}
1144. $false <- (3, 4, ~5, 6, 7, ~8, 38) [subsumption resolution 1143,607] {a:2,w:0,goal:1,sine:1,thAx:0,allAx:5,thDist:-5}
1145. ~3 | ~4 | 5 | ~6 | ~7 | 8 | ~38 [avatar contradiction clause 1144]
1146. $false [avatar sat refutation 573,578,583,588,593,598,603,608,1134,1145] {a:0,w:0,goal:1,sine:0,thAx:0,allAx:273,thDist:-273}
% SZS output end Proof for tex_3__t59_tex_3
% ------------------------------
% Version: Vampire 4.5.1 (commit 226f88162 on 2021-09-12 20:13:44 +0200)
% Termination reason: Refutation

% >>> Input
% Input formulas: 126
% >>> Preprocessing
% Introduced skolems: 10
% Pure predicates: 1
% 
% >>> Saturation
% Initial clauses: 195
% Generated clauses: 612
% Active clauses: 146
% Passive clauses: 282
% Final active clauses: 146
% Final passive clauses: 85
% Main loop iterations started: 197
% 
% >>> Simplifying Inferences
% Duplicate literals: 142
% Fw subsumption resolutions: 110
% 
% >>> Deletion Inferences
% Simple tautologies: 61
% Forward subsumptions: 83
% 
% >>> Generating Inferences
% Binary resolution: 179
% Unit resulting resolution: 1
% Forward superposition: 2
% Backward superposition: 1
% Self superposition: 1
% 
% >>> AVATAR
% Split clauses: 8
% Split components: 17
% Sat splitting refutations: 2
% 
% >>> SAT Solver Statistics
% SAT solver clauses: 41
% SAT solver unit clauses: 14
% SAT solver binary clauses: 3
% 
% Memory used [KB]: 9978
% Time elapsed: 0.007 s
% ------------------------------
% ------------------------------
% Time measurement results:
% parsing: 0.001 s
% preprocessing: 0.001 s ( own 0.0000 s ) 
% sine selection: 0.001 s
% forward subsumption: 0.001 s
% forward subsumption resolution: 0.001 s
% other: 0.007 s ( own 0.003 s ) 

