i: [1,87,0,2,1,1,0,0] t8_yellow_4
a: [3,152,0,2,1,87]
s: 152
i: [1,92,0,3,1,1,0,0] t8_yellow_4
a: [3,127,0,3,1,92]
s: 127
i: [1,91,0,3,1,1,0,0] t8_yellow_4
a: [3,132,0,3,1,91]
s: 132
i: [1,90,0,4,1,1,0,0] t8_yellow_4
a: [3,137,0,4,1,90]
s: 137
i: [1,89,0,5,1,1,0,0] t8_yellow_4
a: [3,142,0,5,1,89]
s: 142
i: [1,88,0,5,1,1,0,0] t8_yellow_4
a: [3,147,0,5,1,88]
s: 147
i: [1,93,0,2,1,0,0,255] dt_o_0_0_xboole_0
a: [3,157,0,2,1,93]
s: 157
i: [1,123,0,2,1,0,0,1] existence_l1_orders_2
a: [3,167,0,2,1,123]
s: 167
i: [1,121,0,3,1,0,0,1] reflexivity_r1_tarski
s: 121
i: [1,94,0,3,1,0,0,255] d2_xboole_0
a: [3,162,0,3,1,94]
s: 162
r: 157
d: [2,169,0,2,1,2,23,157,162]
a: [3,173,0,2,1,169]
s: 173
i: [1,120,0,4,1,0,0,1] existence_m1_subset_1
s: 120
i: [1,108,0,5,2,0,0,255] t6_boole
s: 108
i: [1,117,0,5,2,0,0,255] t7_boole
s: 117
i: [1,109,0,6,2,0,0,2] t1_subset
s: 109
i: [1,122,0,6,2,0,0,2] antisymmetry_r2_hidden
s: 122
i: [1,114,0,7,2,0,0,1] t3_subset
s: 114
i: [1,115,0,7,2,0,0,1] t3_subset
s: 115
d: [2,177,1,4,1,1,40,114,142]
a: [3,183,1,4,1,177]
s: 183
i: [1,116,0,7,3,0,0,255] t8_boole
s: 116
i: [1,107,0,8,2,0,0,255] rc1_waybel_0
s: 107
d: [2,178,1,4,1,1,40,114,147]
a: [3,188,1,4,1,178]
s: 188
i: [1,110,0,8,3,0,0,255] t2_subset
s: 110
d: [2,192,1,9,2,1,40,110,142]
a: [3,204,1,4,1,192]
s: 204
i: [1,112,0,8,2,0,0,1] d3_tarski
s: 112
i: [1,113,0,8,2,0,0,1] d3_tarski
s: 113
d: [2,179,1,5,1,0,40,114,120]
s: 179
i: [1,111,0,9,3,0,0,1] d3_tarski
s: 111
d: [2,213,1,5,2,0,40,112,117]
s: 213
i: [1,119,0,9,3,0,0,255] t5_subset
s: 119
i: [1,118,0,10,3,0,0,1] t4_subset
s: 118
d: [2,217,2,2,1,1,40,213,127]
a: [3,221,2,2,1,217]
s: 221
i: [1,98,0,15,4,0,0,1] d20_waybel_0
s: 98
d: [2,223,1,6,2,1,40,119,142]
a: [3,234,1,3,1,223]
s: 234
i: [1,100,0,15,4,0,0,1] d20_waybel_0
s: 100
i: [1,96,0,16,4,0,0,1] d20_waybel_0
s: 96
d: [2,246,1,10,3,1,40,98,147]
d: [2,251,1,8,2,2,21,246,152]
a: [3,255,1,3,1,251]
s: 255
i: [1,97,0,16,4,0,0,1] d20_waybel_0
s: 97
d: [2,240,1,7,2,1,40,118,142]
s: 240
i: [1,99,0,18,4,0,0,1] d20_waybel_0
s: 99
i: [1,105,0,22,5,0,0,1] d2_yellow_4
s: 105
d: [2,241,1,7,2,1,40,118,147]
s: 241
i: [1,104,0,23,5,0,0,1] d2_yellow_4
s: 104
d: [2,263,2,10,3,1,40,240,110]
d: [2,264,2,7,2,2,21,263,234]
s: 264
i: [1,95,0,28,8,0,0,1] d20_waybel_0
s: 95
d: [2,278,0,24,7,0,21,95,118]
s: 278
d: [2,269,2,10,3,1,40,241,110]
d: [2,270,2,7,2,2,21,269,234]
s: 270
i: [1,102,0,29,7,0,0,1] d2_yellow_4
s: 102
d: [2,273,3,7,2,2,40,264,122]
s: 273
d: [2,295,0,25,6,0,21,102,118]
s: 295
i: [1,101,0,30,7,0,0,1] d2_yellow_4
s: 101
d: [2,296,4,8,2,3,40,273,270]
a: [3,306,4,4,1,296]
s: 306
d: [2,313,0,26,6,0,21,101,118]
s: 313
d: [2,290,3,7,2,2,40,270,122]
s: 290
i: [1,103,0,30,7,0,0,1] d2_yellow_4
s: 103
d: [2,320,0,26,6,0,21,103,118]
s: 320
a: [3,302,4,4,1,296]
s: 302
i: [1,106,0,30,7,0,0,1] d2_yellow_4
s: 106
d: [2,272,3,10,3,2,40,264,111]
s: 272
d: [2,321,0,26,6,0,21,106,118]
s: 321
d: [2,279,1,19,6,1,40,278,142]
d: [2,285,1,16,5,2,21,279,132]
d: [2,286,1,14,4,3,21,285,152]
s: 286
d: [2,276,3,10,2,2,40,264,113]
s: 276
d: [2,280,1,19,6,1,40,278,147]
d: [2,287,1,16,5,2,21,280,255]
d: [2,288,1,14,4,3,21,287,152]
s: 288
d: [2,289,3,10,3,2,40,270,111]
s: 289
d: [2,196,1,6,2,0,40,110,120]
s: 196
d: [2,175,1,7,3,0,44,108,108]
s: 175
d: [2,293,3,10,2,2,40,270,113]
s: 293
d: [2,191,1,7,2,0,40,107,114]
s: 191
d: [2,277,3,18,4,2,40,264,100]
s: 277
d: [2,227,1,7,2,0,40,119,120]
s: 227
d: [2,211,1,8,2,0,40,112,122]
s: 211
d: [2,294,3,18,4,2,40,270,100]
s: 294
d: [2,212,1,8,2,0,40,112,109]
s: 212
d: [2,326,2,26,6,3,40,286,99]
d: [2,328,2,24,5,3,21,326,152]
s: 328
d: [2,226,1,8,3,0,40,119,115]
s: 226
a: [3,230,1,3,1,223]
s: 230
r: 276
r: 277
r: 328
r: 306
r: 240
r: 264
r: 273
r: 272
r: 286
d: [2,375,2,2,1,1,40,230,196]
a: [3,379,2,2,1,375]
s: 379
d: [2,224,1,6,2,1,40,119,147]
a: [3,238,1,3,1,224]
s: 238
r: 293
r: 294
r: 302
r: 241
r: 270
r: 290
r: 288
r: 289
d: [2,381,3,0,0,2,52,120,221,238,110]
e: 381
d: [2,382,2,0,0,2,52,127,238,112]
e: 382
d: [2,383,3,0,0,2,52,221,238,196]
e: 383
d: [2,387,2,2,1,1,40,238,196]
d: [2,391,2,0,0,2,21,387,221]
e: 391
r: 238
d: [2,374,2,3,1,1,40,230,112]
s: 374
r: 183
s: 241
s: 288
s: 302
d: [2,244,1,8,2,0,40,118,120]
s: 244
d: [2,361,3,9,3,2,40,226,270]
a: [3,369,3,6,2,361]
s: 369
d: [2,225,1,9,3,0,40,119,107]
s: 225
d: [2,243,1,9,3,0,40,118,115]
s: 243
s: 270
d: [2,195,1,10,3,0,40,110,115]
s: 195
d: [2,393,2,10,3,1,40,241,110]
d: [2,394,2,7,2,2,21,393,234]
s: 394
d: [2,242,1,10,3,0,40,118,107]
s: 242
d: [2,216,1,11,3,0,40,111,112]
s: 216
d: [2,441,2,6,2,1,40,216,230]
s: 441
d: [2,194,1,12,3,0,40,110,107]
s: 194
d: [2,451,3,5,1,1,40,441,179]
s: 451
d: [2,247,1,15,4,0,40,98,107]
d: [2,250,1,13,3,0,18,247]
s: 250
d: [2,248,1,14,4,0,40,98,115]
s: 248
d: [2,475,2,9,3,1,40,248,230]
d: [2,481,2,5,2,1,21,475,374]
s: 481
d: [2,268,1,18,5,0,40,105,117]
s: 268
s: 290
d: [2,249,1,19,3,0,40,98,120]
s: 249
d: [2,261,1,19,5,0,40,96,110]
s: 261
d: [2,417,3,7,2,2,40,270,122]
s: 417
d: [2,262,1,19,5,0,40,97,110]
s: 262
d: [2,482,2,13,4,1,40,268,142]
d: [2,489,2,11,3,2,21,482,152]
d: [2,490,2,9,2,3,21,489,379]
s: 490
r: 481
r: 451
r: 441
r: 374
r: 230
r: 490
r: 379
s: 183
s: 240
a: [3,378,2,2,1,375]
s: 378
s: 286
s: 306
d: [2,312,1,21,6,0,40,295,117]
s: 312
d: [2,266,1,22,5,0,40,105,122]
s: 266
s: 264
d: [2,267,1,22,5,0,40,105,109]
s: 267
d: [2,548,2,10,3,1,40,240,110]
d: [2,549,2,7,2,2,21,548,234]
s: 549
d: [2,281,1,24,7,0,40,278,107]
d: [2,284,1,22,6,0,18,281]
s: 284
d: [2,282,1,23,7,0,40,278,115]
s: 282
s: 273
d: [2,265,1,25,6,0,40,105,111]
s: 265
d: [2,568,3,7,2,2,40,264,122]
s: 568
d: [2,310,1,25,6,0,40,295,122]
s: 310
d: [2,311,1,25,6,0,40,295,109]
s: 311
s: 272
d: [2,271,1,26,6,0,40,104,110]
s: 271
s: 276
d: [2,314,1,29,7,0,40,313,110]
d: [2,315,1,26,6,0,21,314,119]
s: 315
d: [2,283,1,28,6,0,40,278,120]
s: 283
d: [2,628,4,11,3,2,40,276,216]
d: [2,629,4,7,2,2,18,628]
s: 629
d: [2,309,1,28,7,0,40,295,111]
s: 309
s: 289
d: [2,324,1,47,10,0,40,321,320]
d: [2,325,1,45,9,0,18,324]
s: 325
s: 328
s: 293
d: [2,333,2,26,6,3,40,288,99]
d: [2,335,2,24,5,3,21,333,152]
s: 335
d: [2,680,4,11,3,2,40,293,216]
d: [2,681,4,7,2,2,18,680]
s: 681
d: [2,395,2,26,6,3,40,288,99]
d: [2,397,2,24,5,3,21,395,152]
s: 397
d: [2,550,2,26,6,3,40,286,99]
d: [2,552,2,24,5,3,21,550,152]
s: 552
d: [2,414,3,10,3,2,40,270,243]
s: 414
d: [2,341,2,6,2,0,40,196,122]
s: 341
d: [2,416,3,10,3,2,40,270,111]
s: 416
d: [2,349,2,6,2,0,40,227,196]
s: 349
d: [2,327,2,32,8,3,40,286,320]
d: [2,329,2,30,7,3,21,327,152]
d: [2,330,2,26,6,3,21,329,118]
s: 330
d: [2,420,3,10,2,2,40,270,113]
s: 420
d: [2,334,2,32,8,3,40,288,320]
d: [2,336,2,30,7,3,21,334,152]
d: [2,337,2,26,6,3,21,336,118]
s: 337
d: [2,565,3,10,3,2,40,264,243]
s: 565
d: [2,396,2,32,8,3,40,288,320]
d: [2,398,2,30,7,3,21,396,152]
d: [2,399,2,26,6,3,21,398,118]
s: 399
d: [2,551,2,32,8,3,40,286,320]
d: [2,553,2,30,7,3,21,551,152]
d: [2,554,2,26,6,3,21,553,118]
s: 554
d: [2,567,3,10,3,2,40,264,111]
s: 567
d: [2,348,2,7,2,0,40,227,112]
s: 348
d: [2,571,3,10,2,2,40,264,113]
s: 571
d: [2,366,2,7,3,0,40,226,196]
s: 366
d: [2,474,2,11,4,0,40,248,117]
d: [2,480,2,7,3,0,21,474,213]
s: 480
d: [2,493,4,11,3,2,40,290,195]
s: 493
d: [2,365,2,8,3,0,40,226,112]
s: 365
d: [2,595,4,11,3,2,40,273,195]
s: 595
d: [2,409,2,8,3,0,40,225,196]
s: 409
d: [2,440,2,8,3,0,40,216,117]
s: 440
s: 277
d: [2,340,2,9,3,0,40,196,111]
s: 340
s: 294
d: [2,408,2,9,3,0,40,225,112]
s: 408
d: [2,413,2,9,3,0,40,243,196]
s: 413
d: [2,358,3,28,7,3,40,328,97]
d: [2,359,3,20,5,3,18,358]
d: [2,360,3,18,4,3,21,359,152]
s: 360
r: 328
d: [2,466,2,9,3,0,40,250,117]
s: 466
d: [2,421,3,18,4,2,40,270,100]
s: 421
d: [2,460,2,11,4,0,40,250,225]
d: [2,467,2,9,3,0,18,460]
s: 467
d: [2,352,2,10,2,0,40,212,114]
s: 352
d: [2,572,3,18,4,2,40,264,100]
s: 572
d: [2,403,2,10,2,0,40,244,196]
s: 403
d: [2,676,3,28,7,3,40,328,97]
d: [2,677,3,20,5,3,18,676]
d: [2,678,3,18,4,3,21,677,152]
s: 678
d: [2,425,2,10,3,0,40,195,122]
s: 425
d: [2,446,2,10,3,0,40,216,227]
s: 446
d: [2,685,3,28,7,3,40,335,97]
d: [2,686,3,20,5,3,18,685]
d: [2,687,3,18,4,3,21,686,152]
s: 687
r: 335
d: [2,412,2,11,3,0,40,243,112]
s: 412
d: [2,356,3,23,5,4,40,328,241]
s: 356
d: [2,433,2,11,3,0,40,242,196]
s: 433
d: [2,436,2,11,4,0,40,216,226]
s: 436
d: [2,800,3,14,5,0,40,436,408]
a: [3,806,3,2,1,800]
s: 806
r: 378
r: 221
r: 225
r: 409
r: 408
r: 467
r: 234
r: 480
r: 446
r: 436
r: 369
r: 366
r: 365
r: 349
r: 348
r: 312
r: 268
r: 227
r: 226
r: 213
r: 119
r: 117
r: 116
r: 108
d: [2,813,4,0,0,2,40,806,204]
e: 813
d: [2,812,4,0,0,2,40,806,173]
e: 812
d: [2,811,4,0,0,2,52,173,806]
e: 811
r: 806
s: 108
s: 221
s: 117
s: 116
s: 378
s: 119
s: 234
s: 213
d: [2,834,1,5,2,0,40,117,112]
s: 834
s: 369
s: 227
d: [2,675,3,23,5,4,40,328,241]
s: 675
d: [2,817,1,7,3,0,44,108,108]
s: 817
d: [2,844,1,7,2,0,40,119,120]
s: 844
d: [2,683,3,23,5,4,40,335,240]
s: 683
s: 226
s: 349
d: [2,843,1,8,3,0,40,119,115]
s: 843
s: 225
d: [2,870,2,6,2,0,40,227,196]
s: 870
d: [2,842,1,9,3,0,40,119,107]
s: 842
d: [2,698,3,39,10,3,40,330,295]
d: [2,701,3,34,9,3,18,698]
d: [2,702,3,29,8,3,21,701,142]
d: [2,703,3,27,7,3,21,702,152]
s: 703
s: 268
d: [2,827,1,18,5,0,40,117,105]
s: 827
d: [2,905,4,26,7,3,40,703,107]
d: [2,915,4,24,6,3,21,905,152]
a: [3,919,4,5,1,915]
s: 919
s: 312
d: [2,907,4,28,6,3,40,703,120]
a: [3,927,4,7,1,907]
s: 927
d: [2,830,1,21,6,0,40,117,295]
s: 830
s: 348
d: [2,908,4,38,7,3,40,703,403]
a: [3,939,4,9,1,908]
s: 939
s: 366
d: [2,904,4,22,6,4,40,703,147]
d: [2,914,4,18,5,5,21,904,137]
s: 914
s: 480
d: [2,868,2,7,2,0,40,227,112]
s: 868
d: [2,981,5,13,4,5,40,914,147]
d: [2,991,5,10,3,5,18,981]
d: [2,992,5,6,2,5,21,991,137]
s: 992
r: 914
d: [2,889,2,7,3,0,40,226,196]
s: 889
d: [2,1000,6,6,2,5,40,992,196]
d: [2,1002,6,4,1,6,21,1000,221]
a: [3,1006,6,4,1,1002]
s: 1006
s: 365
s: 409
d: [2,1012,7,4,1,1,40,1006,122]
a: [3,1017,7,4,1,1012]
s: 1017
d: [2,835,2,8,3,0,40,117,216]
s: 835
d: [2,1013,7,4,1,1,40,1006,109]
a: [3,1022,7,4,1,1013]
s: 1022
d: [2,887,2,8,3,0,40,226,112]
s: 887
d: [2,899,2,8,3,0,40,225,196]
s: 899
d: [2,1008,7,5,2,1,40,1006,226]
s: 1008
s: 408
d: [2,1010,7,7,2,1,40,1006,243]
s: 1010
s: 467
d: [2,824,2,9,3,0,40,117,250]
s: 824
d: [2,1045,8,23,6,1,40,1010,312]
a: [3,1061,8,3,1,1045]
s: 1061
d: [2,897,2,9,3,0,40,225,112]
s: 897
d: [2,1042,8,10,3,1,40,1010,119]
a: [3,1053,8,4,1,1042]
s: 1053
r: 1017
d: [2,1083,9,0,0,2,52,120,1061,1053,110]
e: 1083
d: [2,1084,9,0,0,2,52,1061,1053,196]
e: 1084
d: [2,1085,9,0,0,2,52,1061,121,1053,340]
e: 1085
d: [2,1093,9,3,1,1,40,1053,196]
d: [2,1098,9,0,0,2,21,1093,1061]
e: 1098
r: 1053
d: [2,891,2,11,4,0,40,225,250]
d: [2,901,2,9,3,0,18,891]
s: 901
s: 446
s: 1017
d: [2,869,2,10,3,0,40,227,216]
s: 869
d: [2,1049,8,29,7,4,40,1010,703]
a: [3,1080,8,5,1,1049]
s: 1080
s: 436
d: [2,438,2,11,3,0,40,216,122]
s: 438
a: [3,1056,8,6,2,1042]
s: 1056
d: [2,439,2,11,3,0,40,216,109]
s: 439
d: [2,1011,7,7,2,1,40,1006,111]
s: 1011
d: [2,496,2,11,3,0,40,249,227]
s: 496
d: [2,822,2,11,4,0,40,117,248]
s: 822
d: [2,1146,8,8,2,1,40,1011,341]
d: [2,1147,8,5,1,2,21,1146,1061]
a: [3,1151,8,5,1,1147]
s: 1151
d: [2,862,2,11,3,0,40,227,249]
s: 862
d: [2,1050,8,9,3,1,40,1010,110]
d: [2,1082,8,7,2,1,21,1050,1008]
s: 1082
d: [2,888,2,11,4,0,40,226,216]
s: 888
d: [2,351,2,12,3,0,40,212,119]
s: 351
d: [2,1134,8,7,2,1,40,1011,122]
s: 1134
d: [2,402,2,12,2,0,40,244,112]
s: 402
d: [2,1173,9,8,2,1,40,1134,1011]
d: [2,1174,9,4,1,1,18,1173]
a: [3,1178,9,4,1,1174]
s: 1178
d: [2,423,2,12,4,0,40,195,226]
s: 423
d: [2,443,2,12,4,0,40,216,225]
s: 443
d: [2,1143,8,7,2,1,40,1011,227]
s: 1143
d: [2,455,2,12,3,0,40,194,122]
s: 455
d: [2,998,6,8,2,5,40,992,112]
s: 998
d: [2,1194,7,6,2,5,40,998,113]
d: [2,1201,7,3,1,5,18,1194]
d: [2,1203,7,0,0,6,21,1201,127]
e: 1203
f: 1203,87,88,89,90,91,92
% Refutation found. Thanks to Tanya!
% SZS status Theorem for yellow_4__t8_yellow_4
% SZS output start Proof for yellow_4__t8_yellow_4
1. ! [X0] : (l1_orders_2(X0) => ! [X1] : (m1_subset_1(X1,k1_zfmisc_1(u1_struct_0(X0))) => ! [X2] : (m1_subset_1(X2,k1_zfmisc_1(u1_struct_0(X0))) => ((v13_waybel_0(X2,X0) & r2_yellow_4(X0,X2,X1)) => r1_tarski(X1,X2))))) [input t8_yellow_4]
2. ~! [X0] : (l1_orders_2(X0) => ! [X1] : (m1_subset_1(X1,k1_zfmisc_1(u1_struct_0(X0))) => ! [X2] : (m1_subset_1(X2,k1_zfmisc_1(u1_struct_0(X0))) => ((v13_waybel_0(X2,X0) & r2_yellow_4(X0,X2,X1)) => r1_tarski(X1,X2))))) [negated conjecture 1]
5. ! [X0] : (l1_orders_2(X0) => ! [X1] : (m1_subset_1(X1,k1_zfmisc_1(u1_struct_0(X0))) => (v13_waybel_0(X1,X0) <=> ! [X2] : (m1_subset_1(X2,u1_struct_0(X0)) => ! [X3] : (m1_subset_1(X3,u1_struct_0(X0)) => ((r1_orders_2(X0,X2,X3) & r2_hidden(X2,X1)) => r2_hidden(X3,X1))))))) [input d20_waybel_0]
7. ! [X0] : (l1_orders_2(X0) => ! [X1] : (m1_subset_1(X1,k1_zfmisc_1(u1_struct_0(X0))) => ! [X2] : (m1_subset_1(X2,k1_zfmisc_1(u1_struct_0(X0))) => (r2_yellow_4(X0,X1,X2) <=> ! [X3] : (m1_subset_1(X3,u1_struct_0(X0)) => ~(! [X4] : (m1_subset_1(X4,u1_struct_0(X0)) => ~(r1_orders_2(X0,X4,X3) & r2_hidden(X4,X1))) & r2_hidden(X3,X2))))))) [input d2_yellow_4]
8. ! [X0] : ! [X1] : (r1_tarski(X0,X1) <=> ! [X2] : (r2_hidden(X2,X0) => r2_hidden(X2,X1))) [input d3_tarski]
24. ! [X0] : ! [X1] : ! [X2] : ((m1_subset_1(X1,k1_zfmisc_1(X2)) & r2_hidden(X0,X1)) => m1_subset_1(X0,X2)) [input t4_subset]
31. ! [X0,X1] : (r1_tarski(X0,X1) <=> ! [X2] : (r2_hidden(X2,X0) => r2_hidden(X2,X1))) [flattening 8]
35. ! [X0,X1,X2] : ((m1_subset_1(X1,k1_zfmisc_1(X2)) & r2_hidden(X0,X1)) => m1_subset_1(X0,X2)) [flattening 24]
44. ? [X0] : (? [X1] : (? [X2] : ((~r1_tarski(X1,X2) & (v13_waybel_0(X2,X0) & r2_yellow_4(X0,X2,X1))) & m1_subset_1(X2,k1_zfmisc_1(u1_struct_0(X0)))) & m1_subset_1(X1,k1_zfmisc_1(u1_struct_0(X0)))) & l1_orders_2(X0)) [ennf transformation 2]
45. ? [X0] : (? [X1] : (? [X2] : (~r1_tarski(X1,X2) & v13_waybel_0(X2,X0) & r2_yellow_4(X0,X2,X1) & m1_subset_1(X2,k1_zfmisc_1(u1_struct_0(X0)))) & m1_subset_1(X1,k1_zfmisc_1(u1_struct_0(X0)))) & l1_orders_2(X0)) [flattening 44]
46. ! [X0] : (! [X1] : ((v13_waybel_0(X1,X0) <=> ! [X2] : (! [X3] : ((r2_hidden(X3,X1) | (~r1_orders_2(X0,X2,X3) | ~r2_hidden(X2,X1))) | ~m1_subset_1(X3,u1_struct_0(X0))) | ~m1_subset_1(X2,u1_struct_0(X0)))) | ~m1_subset_1(X1,k1_zfmisc_1(u1_struct_0(X0)))) | ~l1_orders_2(X0)) [ennf transformation 5]
47. ! [X0] : (! [X1] : ((v13_waybel_0(X1,X0) <=> ! [X2] : (! [X3] : (r2_hidden(X3,X1) | ~r1_orders_2(X0,X2,X3) | ~r2_hidden(X2,X1) | ~m1_subset_1(X3,u1_struct_0(X0))) | ~m1_subset_1(X2,u1_struct_0(X0)))) | ~m1_subset_1(X1,k1_zfmisc_1(u1_struct_0(X0)))) | ~l1_orders_2(X0)) [flattening 46]
48. ! [X0] : (! [X1] : (! [X2] : ((r2_yellow_4(X0,X1,X2) <=> ! [X3] : ((? [X4] : ((r1_orders_2(X0,X4,X3) & r2_hidden(X4,X1)) & m1_subset_1(X4,u1_struct_0(X0))) | ~r2_hidden(X3,X2)) | ~m1_subset_1(X3,u1_struct_0(X0)))) | ~m1_subset_1(X2,k1_zfmisc_1(u1_struct_0(X0)))) | ~m1_subset_1(X1,k1_zfmisc_1(u1_struct_0(X0)))) | ~l1_orders_2(X0)) [ennf transformation 7]
49. ! [X0] : (! [X1] : (! [X2] : ((r2_yellow_4(X0,X1,X2) <=> ! [X3] : (? [X4] : (r1_orders_2(X0,X4,X3) & r2_hidden(X4,X1) & m1_subset_1(X4,u1_struct_0(X0))) | ~r2_hidden(X3,X2) | ~m1_subset_1(X3,u1_struct_0(X0)))) | ~m1_subset_1(X2,k1_zfmisc_1(u1_struct_0(X0)))) | ~m1_subset_1(X1,k1_zfmisc_1(u1_struct_0(X0)))) | ~l1_orders_2(X0)) [flattening 48]
55. ! [X0,X1] : (r1_tarski(X0,X1) <=> ! [X2] : (r2_hidden(X2,X1) | ~r2_hidden(X2,X0))) [ennf transformation 31]
58. ! [X0,X1,X2] : (m1_subset_1(X0,X2) | (~m1_subset_1(X1,k1_zfmisc_1(X2)) | ~r2_hidden(X0,X1))) [ennf transformation 35]
59. ! [X0,X1,X2] : (m1_subset_1(X0,X2) | ~m1_subset_1(X1,k1_zfmisc_1(X2)) | ~r2_hidden(X0,X1)) [flattening 58]
62. ? [X0] : (? [X1] : (? [X2] : (~r1_tarski(X1,X2) & v13_waybel_0(X2,X0) & r2_yellow_4(X0,X2,X1) & m1_subset_1(X2,k1_zfmisc_1(u1_struct_0(X0)))) & m1_subset_1(X1,k1_zfmisc_1(u1_struct_0(X0)))) & l1_orders_2(X0)) => (? [X1] : (? [X2] : (~r1_tarski(X1,X2) & v13_waybel_0(X2,sK0) & r2_yellow_4(sK0,X2,X1) & m1_subset_1(X2,k1_zfmisc_1(u1_struct_0(sK0)))) & m1_subset_1(X1,k1_zfmisc_1(u1_struct_0(sK0)))) & l1_orders_2(sK0)) [choice axiom]
63. ? [X1] : (? [X2] : (~r1_tarski(X1,X2) & v13_waybel_0(X2,sK0) & r2_yellow_4(sK0,X2,X1) & m1_subset_1(X2,k1_zfmisc_1(u1_struct_0(sK0)))) & m1_subset_1(X1,k1_zfmisc_1(u1_struct_0(sK0)))) => (? [X2] : (~r1_tarski(sK1,X2) & v13_waybel_0(X2,sK0) & r2_yellow_4(sK0,X2,sK1) & m1_subset_1(X2,k1_zfmisc_1(u1_struct_0(sK0)))) & m1_subset_1(sK1,k1_zfmisc_1(u1_struct_0(sK0)))) [choice axiom]
64. ? [X2] : (~r1_tarski(sK1,X2) & v13_waybel_0(X2,sK0) & r2_yellow_4(sK0,X2,sK1) & m1_subset_1(X2,k1_zfmisc_1(u1_struct_0(sK0)))) => (~r1_tarski(sK1,sK2) & v13_waybel_0(sK2,sK0) & r2_yellow_4(sK0,sK2,sK1) & m1_subset_1(sK2,k1_zfmisc_1(u1_struct_0(sK0)))) [choice axiom]
65. ((~r1_tarski(sK1,sK2) & v13_waybel_0(sK2,sK0) & r2_yellow_4(sK0,sK2,sK1) & m1_subset_1(sK2,k1_zfmisc_1(u1_struct_0(sK0)))) & m1_subset_1(sK1,k1_zfmisc_1(u1_struct_0(sK0)))) & l1_orders_2(sK0) [skolemisation 45,64,63,62]
66. ! [X0] : (! [X1] : (((v13_waybel_0(X1,X0) | ? [X2] : (? [X3] : (~r2_hidden(X3,X1) & r1_orders_2(X0,X2,X3) & r2_hidden(X2,X1) & m1_subset_1(X3,u1_struct_0(X0))) & m1_subset_1(X2,u1_struct_0(X0)))) & (! [X2] : (! [X3] : (r2_hidden(X3,X1) | ~r1_orders_2(X0,X2,X3) | ~r2_hidden(X2,X1) | ~m1_subset_1(X3,u1_struct_0(X0))) | ~m1_subset_1(X2,u1_struct_0(X0))) | ~v13_waybel_0(X1,X0))) | ~m1_subset_1(X1,k1_zfmisc_1(u1_struct_0(X0)))) | ~l1_orders_2(X0)) [nnf transformation 47]
67. ! [X0] : (! [X1] : (((v13_waybel_0(X1,X0) | ? [X2] : (? [X3] : (~r2_hidden(X3,X1) & r1_orders_2(X0,X2,X3) & r2_hidden(X2,X1) & m1_subset_1(X3,u1_struct_0(X0))) & m1_subset_1(X2,u1_struct_0(X0)))) & (! [X4] : (! [X5] : (r2_hidden(X5,X1) | ~r1_orders_2(X0,X4,X5) | ~r2_hidden(X4,X1) | ~m1_subset_1(X5,u1_struct_0(X0))) | ~m1_subset_1(X4,u1_struct_0(X0))) | ~v13_waybel_0(X1,X0))) | ~m1_subset_1(X1,k1_zfmisc_1(u1_struct_0(X0)))) | ~l1_orders_2(X0)) [rectify 66]
68. ! [X1,X0] : (? [X2] : (? [X3] : (~r2_hidden(X3,X1) & r1_orders_2(X0,X2,X3) & r2_hidden(X2,X1) & m1_subset_1(X3,u1_struct_0(X0))) & m1_subset_1(X2,u1_struct_0(X0))) => (? [X3] : (~r2_hidden(X3,X1) & r1_orders_2(X0,sK3(X0,X1),X3) & r2_hidden(sK3(X0,X1),X1) & m1_subset_1(X3,u1_struct_0(X0))) & m1_subset_1(sK3(X0,X1),u1_struct_0(X0)))) [choice axiom]
69. ! [X1,X0] : (? [X3] : (~r2_hidden(X3,X1) & r1_orders_2(X0,sK3(X0,X1),X3) & r2_hidden(sK3(X0,X1),X1) & m1_subset_1(X3,u1_struct_0(X0))) => (~r2_hidden(sK4(X0,X1),X1) & r1_orders_2(X0,sK3(X0,X1),sK4(X0,X1)) & r2_hidden(sK3(X0,X1),X1) & m1_subset_1(sK4(X0,X1),u1_struct_0(X0)))) [choice axiom]
70. ! [X0] : (! [X1] : (((v13_waybel_0(X1,X0) | ((~r2_hidden(sK4(X0,X1),X1) & r1_orders_2(X0,sK3(X0,X1),sK4(X0,X1)) & r2_hidden(sK3(X0,X1),X1) & m1_subset_1(sK4(X0,X1),u1_struct_0(X0))) & m1_subset_1(sK3(X0,X1),u1_struct_0(X0)))) & (! [X4] : (! [X5] : (r2_hidden(X5,X1) | ~r1_orders_2(X0,X4,X5) | ~r2_hidden(X4,X1) | ~m1_subset_1(X5,u1_struct_0(X0))) | ~m1_subset_1(X4,u1_struct_0(X0))) | ~v13_waybel_0(X1,X0))) | ~m1_subset_1(X1,k1_zfmisc_1(u1_struct_0(X0)))) | ~l1_orders_2(X0)) [skolemisation 67,69,68]
71. ! [X0] : (! [X1] : (! [X2] : (((r2_yellow_4(X0,X1,X2) | ? [X3] : (! [X4] : (~r1_orders_2(X0,X4,X3) | ~r2_hidden(X4,X1) | ~m1_subset_1(X4,u1_struct_0(X0))) & r2_hidden(X3,X2) & m1_subset_1(X3,u1_struct_0(X0)))) & (! [X3] : (? [X4] : (r1_orders_2(X0,X4,X3) & r2_hidden(X4,X1) & m1_subset_1(X4,u1_struct_0(X0))) | ~r2_hidden(X3,X2) | ~m1_subset_1(X3,u1_struct_0(X0))) | ~r2_yellow_4(X0,X1,X2))) | ~m1_subset_1(X2,k1_zfmisc_1(u1_struct_0(X0)))) | ~m1_subset_1(X1,k1_zfmisc_1(u1_struct_0(X0)))) | ~l1_orders_2(X0)) [nnf transformation 49]
72. ! [X0] : (! [X1] : (! [X2] : (((r2_yellow_4(X0,X1,X2) | ? [X3] : (! [X4] : (~r1_orders_2(X0,X4,X3) | ~r2_hidden(X4,X1) | ~m1_subset_1(X4,u1_struct_0(X0))) & r2_hidden(X3,X2) & m1_subset_1(X3,u1_struct_0(X0)))) & (! [X5] : (? [X6] : (r1_orders_2(X0,X6,X5) & r2_hidden(X6,X1) & m1_subset_1(X6,u1_struct_0(X0))) | ~r2_hidden(X5,X2) | ~m1_subset_1(X5,u1_struct_0(X0))) | ~r2_yellow_4(X0,X1,X2))) | ~m1_subset_1(X2,k1_zfmisc_1(u1_struct_0(X0)))) | ~m1_subset_1(X1,k1_zfmisc_1(u1_struct_0(X0)))) | ~l1_orders_2(X0)) [rectify 71]
73. ! [X2,X1,X0] : (? [X3] : (! [X4] : (~r1_orders_2(X0,X4,X3) | ~r2_hidden(X4,X1) | ~m1_subset_1(X4,u1_struct_0(X0))) & r2_hidden(X3,X2) & m1_subset_1(X3,u1_struct_0(X0))) => (! [X4] : (~r1_orders_2(X0,X4,sK5(X0,X1,X2)) | ~r2_hidden(X4,X1) | ~m1_subset_1(X4,u1_struct_0(X0))) & r2_hidden(sK5(X0,X1,X2),X2) & m1_subset_1(sK5(X0,X1,X2),u1_struct_0(X0)))) [choice axiom]
74. ! [X5,X1,X0] : (? [X6] : (r1_orders_2(X0,X6,X5) & r2_hidden(X6,X1) & m1_subset_1(X6,u1_struct_0(X0))) => (r1_orders_2(X0,sK6(X0,X1,X5),X5) & r2_hidden(sK6(X0,X1,X5),X1) & m1_subset_1(sK6(X0,X1,X5),u1_struct_0(X0)))) [choice axiom]
75. ! [X0] : (! [X1] : (! [X2] : (((r2_yellow_4(X0,X1,X2) | (! [X4] : (~r1_orders_2(X0,X4,sK5(X0,X1,X2)) | ~r2_hidden(X4,X1) | ~m1_subset_1(X4,u1_struct_0(X0))) & r2_hidden(sK5(X0,X1,X2),X2) & m1_subset_1(sK5(X0,X1,X2),u1_struct_0(X0)))) & (! [X5] : ((r1_orders_2(X0,sK6(X0,X1,X5),X5) & r2_hidden(sK6(X0,X1,X5),X1) & m1_subset_1(sK6(X0,X1,X5),u1_struct_0(X0))) | ~r2_hidden(X5,X2) | ~m1_subset_1(X5,u1_struct_0(X0))) | ~r2_yellow_4(X0,X1,X2))) | ~m1_subset_1(X2,k1_zfmisc_1(u1_struct_0(X0)))) | ~m1_subset_1(X1,k1_zfmisc_1(u1_struct_0(X0)))) | ~l1_orders_2(X0)) [skolemisation 72,74,73]
78. ! [X0,X1] : ((r1_tarski(X0,X1) | ? [X2] : (~r2_hidden(X2,X1) & r2_hidden(X2,X0))) & (! [X2] : (r2_hidden(X2,X1) | ~r2_hidden(X2,X0)) | ~r1_tarski(X0,X1))) [nnf transformation 55]
79. ! [X0,X1] : ((r1_tarski(X0,X1) | ? [X2] : (~r2_hidden(X2,X1) & r2_hidden(X2,X0))) & (! [X3] : (r2_hidden(X3,X1) | ~r2_hidden(X3,X0)) | ~r1_tarski(X0,X1))) [rectify 78]
80. ! [X1,X0] : (? [X2] : (~r2_hidden(X2,X1) & r2_hidden(X2,X0)) => (~r2_hidden(sK8(X0,X1),X1) & r2_hidden(sK8(X0,X1),X0))) [choice axiom]
81. ! [X0,X1] : ((r1_tarski(X0,X1) | (~r2_hidden(sK8(X0,X1),X1) & r2_hidden(sK8(X0,X1),X0))) & (! [X3] : (r2_hidden(X3,X1) | ~r2_hidden(X3,X0)) | ~r1_tarski(X0,X1))) [skolemisation 79,80]
87. l1_orders_2(sK0) [cnf transformation 65] {a:0,w:2,wCS:200,goal:1,sine:0,thAx:0,allAx:4,thDist:-4}
88. m1_subset_1(sK1,k1_zfmisc_1(u1_struct_0(sK0))) [cnf transformation 65] {a:0,w:5,wCS:500,goal:1,sine:0,thAx:0,allAx:4,thDist:-4}
89. m1_subset_1(sK2,k1_zfmisc_1(u1_struct_0(sK0))) [cnf transformation 65] {a:0,w:5,wCS:500,goal:1,sine:0,thAx:0,allAx:4,thDist:-4}
90. r2_yellow_4(sK0,sK2,sK1) [cnf transformation 65] {a:0,w:4,wCS:400,goal:1,sine:0,thAx:0,allAx:4,thDist:-4}
91. v13_waybel_0(sK2,sK0) [cnf transformation 65] {a:0,w:3,wCS:300,goal:1,sine:0,thAx:0,allAx:4,thDist:-4}
92. ~r1_tarski(sK1,sK2) [cnf transformation 65] {a:0,w:3,wCS:300,goal:1,sine:0,thAx:0,allAx:4,thDist:-4}
95. r2_hidden(X5,X1) | ~r1_orders_2(X0,X4,X5) | ~r2_hidden(X4,X1) | ~m1_subset_1(X5,u1_struct_0(X0)) | ~m1_subset_1(X4,u1_struct_0(X0)) | ~v13_waybel_0(X1,X0) | ~m1_subset_1(X1,k1_zfmisc_1(u1_struct_0(X0))) | ~l1_orders_2(X0) [cnf transformation 70] {a:0,w:28,wCS:11200,sine:1,thAx:0,allAx:3,thDist:-3}
102. r2_hidden(sK6(X0,X1,X5),X1) | ~r2_hidden(X5,X2) | ~m1_subset_1(X5,u1_struct_0(X0)) | ~r2_yellow_4(X0,X1,X2) | ~m1_subset_1(X2,k1_zfmisc_1(u1_struct_0(X0))) | ~m1_subset_1(X1,k1_zfmisc_1(u1_struct_0(X0))) | ~l1_orders_2(X0) [cnf transformation 75] {a:0,w:29,wCS:11600,sine:1,thAx:0,allAx:3,thDist:-3}
103. r1_orders_2(X0,sK6(X0,X1,X5),X5) | ~r2_hidden(X5,X2) | ~m1_subset_1(X5,u1_struct_0(X0)) | ~r2_yellow_4(X0,X1,X2) | ~m1_subset_1(X2,k1_zfmisc_1(u1_struct_0(X0))) | ~m1_subset_1(X1,k1_zfmisc_1(u1_struct_0(X0))) | ~l1_orders_2(X0) [cnf transformation 75] {a:0,w:30,wCS:12000,sine:1,thAx:0,allAx:3,thDist:-3}
112. r2_hidden(sK8(X0,X1),X0) | r1_tarski(X0,X1) [cnf transformation 81] {a:0,w:8,wCS:3200,nSel:1,sine:1,thAx:0,allAx:2,thDist:-2}
113. ~r2_hidden(sK8(X0,X1),X1) | r1_tarski(X0,X1) [cnf transformation 81] {a:0,w:8,wCS:3200,nSel:1,sine:1,thAx:0,allAx:2,thDist:-2}
118. ~m1_subset_1(X1,k1_zfmisc_1(X2)) | m1_subset_1(X0,X2) | ~r2_hidden(X0,X1) [cnf transformation 59] {a:0,w:10,wCS:4000,nSel:1,sine:1,thAx:0,allAx:1,thDist:-1}
125. 1 <=> r1_tarski(sK1,sK2) [avatar definition]
127. ~r1_tarski(sK1,sK2) <- (~1) [avatar component clause 125] {a:0,w:3,wCS:300,nSel:1,goal:1,sine:255,thAx:0,allAx:4,thDist:-4}
128. ~1 [avatar split clause 92,125]
130. 2 <=> v13_waybel_0(sK2,sK0) [avatar definition]
132. v13_waybel_0(sK2,sK0) <- (2) [avatar component clause 130] {a:0,w:3,wCS:300,nSel:1,goal:1,sine:255,thAx:0,allAx:4,thDist:-4}
133. 2 [avatar split clause 91,130]
135. 3 <=> r2_yellow_4(sK0,sK2,sK1) [avatar definition]
137. r2_yellow_4(sK0,sK2,sK1) <- (3) [avatar component clause 135] {a:0,w:4,wCS:400,nSel:1,goal:1,sine:255,thAx:0,allAx:4,thDist:-4}
138. 3 [avatar split clause 90,135]
140. 4 <=> m1_subset_1(sK2,k1_zfmisc_1(u1_struct_0(sK0))) [avatar definition]
142. m1_subset_1(sK2,k1_zfmisc_1(u1_struct_0(sK0))) <- (4) [avatar component clause 140] {a:0,w:5,wCS:500,nSel:1,goal:1,sine:255,thAx:0,allAx:4,thDist:-4}
143. 4 [avatar split clause 89,140]
145. 5 <=> m1_subset_1(sK1,k1_zfmisc_1(u1_struct_0(sK0))) [avatar definition]
147. m1_subset_1(sK1,k1_zfmisc_1(u1_struct_0(sK0))) <- (5) [avatar component clause 145] {a:0,w:5,wCS:500,nSel:1,goal:1,sine:255,thAx:0,allAx:4,thDist:-4}
148. 5 [avatar split clause 88,145]
150. 6 <=> l1_orders_2(sK0) [avatar definition]
152. l1_orders_2(sK0) <- (6) [avatar component clause 150] {a:0,w:2,wCS:200,nSel:1,goal:1,sine:255,thAx:0,allAx:4,thDist:-4}
153. 6 [avatar split clause 87,150]
278. ~m1_subset_1(X1,k1_zfmisc_1(u1_struct_0(X0))) | ~r1_orders_2(X0,X4,X5) | ~r2_hidden(X4,X1) | ~m1_subset_1(X5,u1_struct_0(X0)) | ~v13_waybel_0(X1,X0) | r2_hidden(X5,X1) | ~l1_orders_2(X0) [subsumption resolution 95,118] {a:0,w:24,wCS:9600,nSel:1,sine:1,thAx:0,allAx:3,thDist:-3}
279. ~r1_orders_2(sK0,X0,X1) | ~r2_hidden(X0,sK2) | ~m1_subset_1(X1,u1_struct_0(sK0)) | ~v13_waybel_0(sK2,sK0) | r2_hidden(X1,sK2) | ~l1_orders_2(sK0) <- (4) [resolution 278,142] {a:1,w:19,wCS:1900,goal:1,sine:1,thAx:0,allAx:7,thDist:-7}
285. ~r1_orders_2(sK0,X0,X1) | ~r2_hidden(X0,sK2) | ~m1_subset_1(X1,u1_struct_0(sK0)) | r2_hidden(X1,sK2) | ~l1_orders_2(sK0) <- (2, 4) [subsumption resolution 279,132] {a:1,w:16,wCS:1600,goal:1,sine:1,thAx:0,allAx:7,thDist:-7}
286. ~r1_orders_2(sK0,X0,X1) | ~r2_hidden(X0,sK2) | ~m1_subset_1(X1,u1_struct_0(sK0)) | r2_hidden(X1,sK2) <- (2, 4, 6) [subsumption resolution 285,152] {a:1,w:14,wCS:1400,nSel:1,goal:1,sine:1,thAx:0,allAx:7,thDist:-7}
295. r2_hidden(sK6(X0,X1,X5),X1) | ~r2_hidden(X5,X2) | ~r2_yellow_4(X0,X1,X2) | ~m1_subset_1(X2,k1_zfmisc_1(u1_struct_0(X0))) | ~m1_subset_1(X1,k1_zfmisc_1(u1_struct_0(X0))) | ~l1_orders_2(X0) [subsumption resolution 102,118] {a:0,w:25,wCS:10000,nSel:1,sine:1,thAx:0,allAx:3,thDist:-3}
320. r1_orders_2(X0,sK6(X0,X1,X5),X5) | ~r2_hidden(X5,X2) | ~r2_yellow_4(X0,X1,X2) | ~m1_subset_1(X2,k1_zfmisc_1(u1_struct_0(X0))) | ~m1_subset_1(X1,k1_zfmisc_1(u1_struct_0(X0))) | ~l1_orders_2(X0) [subsumption resolution 103,118] {a:0,w:26,wCS:10400,nSel:1,sine:1,thAx:0,allAx:3,thDist:-3}
327. ~r2_hidden(sK6(sK0,X1,X2),sK2) | ~m1_subset_1(X2,u1_struct_0(sK0)) | r2_hidden(X2,sK2) | ~r2_hidden(X2,X3) | ~r2_yellow_4(sK0,X1,X3) | ~m1_subset_1(X3,k1_zfmisc_1(u1_struct_0(sK0))) | ~m1_subset_1(X1,k1_zfmisc_1(u1_struct_0(sK0))) | ~l1_orders_2(sK0) <- (2, 4, 6) [resolution 286,320] {a:2,w:32,wCS:3200,goal:1,sine:1,thAx:0,allAx:10,thDist:-10}
329. ~r2_hidden(sK6(sK0,X1,X2),sK2) | ~m1_subset_1(X2,u1_struct_0(sK0)) | r2_hidden(X2,sK2) | ~r2_hidden(X2,X3) | ~r2_yellow_4(sK0,X1,X3) | ~m1_subset_1(X3,k1_zfmisc_1(u1_struct_0(sK0))) | ~m1_subset_1(X1,k1_zfmisc_1(u1_struct_0(sK0))) <- (2, 4, 6) [subsumption resolution 327,152] {a:2,w:30,wCS:3000,goal:1,sine:1,thAx:0,allAx:10,thDist:-10}
330. ~r2_hidden(sK6(sK0,X1,X2),sK2) | r2_hidden(X2,sK2) | ~r2_hidden(X2,X3) | ~r2_yellow_4(sK0,X1,X3) | ~m1_subset_1(X3,k1_zfmisc_1(u1_struct_0(sK0))) | ~m1_subset_1(X1,k1_zfmisc_1(u1_struct_0(sK0))) <- (2, 4, 6) [subsumption resolution 329,118] {a:2,w:26,wCS:2600,nSel:1,goal:1,sine:1,thAx:0,allAx:10,thDist:-10}
698. r2_hidden(X0,sK2) | ~r2_hidden(X0,X1) | ~r2_yellow_4(sK0,sK2,X1) | ~m1_subset_1(X1,k1_zfmisc_1(u1_struct_0(sK0))) | ~m1_subset_1(sK2,k1_zfmisc_1(u1_struct_0(sK0))) | ~r2_hidden(X0,X2) | ~r2_yellow_4(sK0,sK2,X2) | ~m1_subset_1(X2,k1_zfmisc_1(u1_struct_0(sK0))) | ~m1_subset_1(sK2,k1_zfmisc_1(u1_struct_0(sK0))) | ~l1_orders_2(sK0) <- (2, 4, 6) [resolution 330,295] {a:3,w:39,wCS:3900,goal:1,sine:1,thAx:0,allAx:13,thDist:-13}
701. r2_hidden(X0,sK2) | ~r2_hidden(X0,X1) | ~r2_yellow_4(sK0,sK2,X1) | ~m1_subset_1(X1,k1_zfmisc_1(u1_struct_0(sK0))) | ~m1_subset_1(sK2,k1_zfmisc_1(u1_struct_0(sK0))) | ~r2_hidden(X0,X2) | ~r2_yellow_4(sK0,sK2,X2) | ~m1_subset_1(X2,k1_zfmisc_1(u1_struct_0(sK0))) | ~l1_orders_2(sK0) <- (2, 4, 6) [duplicate literal removal 698] {a:3,w:34,wCS:3400,goal:1,sine:1,thAx:0,allAx:13,thDist:-13}
702. r2_hidden(X0,sK2) | ~r2_hidden(X0,X1) | ~r2_yellow_4(sK0,sK2,X1) | ~m1_subset_1(X1,k1_zfmisc_1(u1_struct_0(sK0))) | ~r2_hidden(X0,X2) | ~r2_yellow_4(sK0,sK2,X2) | ~m1_subset_1(X2,k1_zfmisc_1(u1_struct_0(sK0))) | ~l1_orders_2(sK0) <- (2, 4, 6) [subsumption resolution 701,142] {a:3,w:29,wCS:2900,goal:1,sine:1,thAx:0,allAx:13,thDist:-13}
703. ~m1_subset_1(X2,k1_zfmisc_1(u1_struct_0(sK0))) | ~r2_hidden(X0,X1) | ~r2_yellow_4(sK0,sK2,X1) | ~m1_subset_1(X1,k1_zfmisc_1(u1_struct_0(sK0))) | ~r2_hidden(X0,X2) | ~r2_yellow_4(sK0,sK2,X2) | r2_hidden(X0,sK2) <- (2, 4, 6) [subsumption resolution 702,152] {a:3,w:27,wCS:2700,nSel:1,goal:1,sine:1,thAx:0,allAx:13,thDist:-13}
904. ~r2_hidden(X2,X3) | ~r2_yellow_4(sK0,sK2,X3) | ~m1_subset_1(X3,k1_zfmisc_1(u1_struct_0(sK0))) | ~r2_hidden(X2,sK1) | ~r2_yellow_4(sK0,sK2,sK1) | r2_hidden(X2,sK2) <- (2, 4, 5, 6) [resolution 703,147] {a:4,w:22,wCS:2200,goal:1,sine:1,thAx:0,allAx:17,thDist:-17}
914. ~m1_subset_1(X3,k1_zfmisc_1(u1_struct_0(sK0))) | ~r2_yellow_4(sK0,sK2,X3) | ~r2_hidden(X2,X3) | ~r2_hidden(X2,sK1) | r2_hidden(X2,sK2) <- (2, 3, 4, 5, 6) [subsumption resolution 904,137] {a:4,w:18,wCS:1800,nSel:1,goal:1,sine:1,thAx:0,allAx:17,thDist:-17}
981. ~r2_yellow_4(sK0,sK2,sK1) | ~r2_hidden(X1,sK1) | ~r2_hidden(X1,sK1) | r2_hidden(X1,sK2) <- (2, 3, 4, 5, 6) [resolution 914,147] {a:5,w:13,wCS:1300,goal:1,sine:1,thAx:0,allAx:21,thDist:-21}
991. ~r2_yellow_4(sK0,sK2,sK1) | ~r2_hidden(X1,sK1) | r2_hidden(X1,sK2) <- (2, 3, 4, 5, 6) [duplicate literal removal 981] {a:5,w:10,wCS:1000,goal:1,sine:1,thAx:0,allAx:21,thDist:-21}
992. ~r2_hidden(X1,sK1) | r2_hidden(X1,sK2) <- (2, 3, 4, 5, 6) [subsumption resolution 991,137] {a:5,w:6,wCS:600,nSel:1,goal:1,sine:1,thAx:0,allAx:21,thDist:-21}
998. r2_hidden(sK8(sK1,X13),sK2) | r1_tarski(sK1,X13) <- (2, 3, 4, 5, 6) [resolution 992,112] {a:6,w:8,wCS:800,nSel:1,goal:1,sine:1,thAx:0,allAx:23,thDist:-23}
1194. r1_tarski(sK1,sK2) | r1_tarski(sK1,sK2) <- (2, 3, 4, 5, 6) [resolution 998,113] {a:7,w:6,wCS:600,goal:1,sine:1,thAx:0,allAx:25,thDist:-25}
1201. r1_tarski(sK1,sK2) <- (2, 3, 4, 5, 6) [duplicate literal removal 1194] {a:7,w:3,wCS:300,goal:1,sine:1,thAx:0,allAx:25,thDist:-25}
1203. $false <- (~1, 2, 3, 4, 5, 6) [subsumption resolution 1201,127] {a:7,w:0,goal:1,sine:1,thAx:0,allAx:25,thDist:-25}
1204. 1 | ~2 | ~3 | ~4 | ~5 | ~6 [avatar contradiction clause 1203]
1205. $false [avatar sat refutation 128,133,138,143,148,153,1204] {a:0,w:0,goal:1,sine:0,thAx:0,allAx:1039,thDist:-1039}
% SZS output end Proof for yellow_4__t8_yellow_4
% ------------------------------
% Version: Vampire 4.5.1 (commit 226f88162 on 2021-09-12 20:13:44 +0200)
% Termination reason: Refutation

% >>> Input
% Input formulas: 27
% >>> Preprocessing
% Introduced skolems: 11
% Pure predicates: 3
% 
% >>> Saturation
% Initial clauses: 37
% Generated clauses: 943
% Active clauses: 204
% Passive clauses: 578
% Final active clauses: 147
% Final passive clauses: 320
% Main loop iterations started: 254
% 
% >>> Simplifying Inferences
% Duplicate literals: 53
% Fw subsumption resolutions: 61
% Bw demodulations: 1
% 
% >>> Deletion Inferences
% Simple tautologies: 26
% Forward subsumptions: 207
% Backward subsumptions: 46
% 
% >>> Generating Inferences
% Binary resolution: 708
% Unit resulting resolution: 7
% Backward superposition: 2
% Self superposition: 2
% 
% >>> AVATAR
% Split clauses: 22
% Split components: 46
% Sat splitting refutations: 12
% 
% >>> SAT Solver Statistics
% SAT solver clauses: 64
% SAT solver unit clauses: 12
% SAT solver binary clauses: 20
% 
% Memory used [KB]: 5756
% Time elapsed: 0.012 s
% ------------------------------
% ------------------------------
% Time measurement results:
% forward subsumption index maintenance: 0.001 s
% forward subsumption: 0.001 s
% forward subsumption resolution: 0.001 s
% forward demodulation: 0.001 s
% resolution: 0.003 s
% unit resulting resolution: 0.003 s
% other: 0.012 s ( own 0.002 s ) 

