i: [1,445,0,2,1,1,0,0] t40_limfunc1
a: [3,733,0,2,1,445]
s: 733
i: [1,443,0,2,1,1,0,0] t40_limfunc1
a: [3,743,0,2,1,443]
s: 743
i: [1,442,0,2,1,1,0,0] t40_limfunc1
a: [3,748,0,2,1,442]
s: 748
i: [1,439,0,2,1,1,0,0] t40_limfunc1
a: [3,763,0,2,1,439]
s: 763
i: [1,444,0,4,1,1,0,0] t40_limfunc1
a: [3,738,0,4,1,444]
s: 738
i: [1,440,0,4,1,1,0,0] t40_limfunc1
a: [3,758,0,4,1,440]
s: 758
i: [1,446,0,5,1,1,0,0] t40_limfunc1
a: [3,728,0,5,1,446]
s: 728
i: [1,441,0,6,1,1,0,0] t40_limfunc1
a: [3,753,0,6,1,441]
s: 753
i: [1,447,0,2,1,0,0,255] fc6_numbers
a: [3,768,0,2,1,447]
s: 768
i: [1,448,0,2,1,0,0,255] fc7_numbers
a: [3,773,0,2,1,448]
s: 773
i: [1,449,0,2,1,0,0,255] fc8_numbers
a: [3,778,0,2,1,449]
s: 778
i: [1,450,0,2,1,0,0,4] fc4_numbers
a: [3,783,0,2,1,450]
s: 783
i: [1,451,0,2,1,0,0,3] fc3_numbers
a: [3,788,0,2,1,451]
s: 788
i: [1,452,0,2,1,0,0,1] fc1_numbers
a: [3,793,0,2,1,452]
s: 793
i: [1,453,0,2,1,0,0,255] fc5_membered
a: [3,798,0,2,1,453]
s: 798
i: [1,454,0,2,1,0,0,255] fc4_membered
a: [3,803,0,2,1,454]
s: 803
i: [1,455,0,2,1,0,0,2] fc3_membered
a: [3,808,0,2,1,455]
s: 808
i: [1,456,0,2,1,0,0,3] fc6_membered
a: [3,813,0,2,1,456]
s: 813
i: [1,457,0,2,1,0,0,255] dt_o_0_0_xboole_0
a: [3,818,0,2,1,457]
s: 818
i: [1,465,0,2,1,0,0,3] fc6_ordinal1
a: [3,853,0,2,1,465]
s: 853
i: [1,464,0,2,1,0,0,3] fc6_ordinal1
a: [3,858,0,2,1,464]
s: 858
i: [1,679,0,2,1,0,0,4] rc4_ordinal1
a: [3,863,0,2,1,679]
s: 863
i: [1,680,0,2,1,0,0,4] rc1_ordinal1
a: [3,868,0,2,1,680]
s: 868
i: [1,681,0,2,1,0,0,5] rc1_xreal_0
a: [3,873,0,2,1,681]
s: 873
i: [1,682,0,2,1,0,0,5] rc1_xxreal_0
a: [3,878,0,2,1,682]
s: 878
i: [1,686,0,2,1,0,0,255] rc2_ordinal1
a: [3,883,0,2,1,686]
s: 883
i: [1,685,0,2,1,0,0,255] rc2_ordinal1
a: [3,888,0,2,1,685]
s: 888
i: [1,684,0,2,1,0,0,255] rc2_ordinal1
a: [3,893,0,2,1,684]
s: 893
i: [1,683,0,2,1,0,0,255] rc2_ordinal1
a: [3,898,0,2,1,683]
s: 898
i: [1,688,0,2,1,0,0,4] rc5_ordinal1
a: [3,903,0,2,1,688]
s: 903
i: [1,687,0,2,1,0,0,4] rc5_ordinal1
a: [3,908,0,2,1,687]
s: 908
i: [1,690,0,2,1,0,0,4] rc1_membered
a: [3,913,0,2,1,690]
s: 913
i: [1,689,0,2,1,0,0,4] rc1_membered
a: [3,918,0,2,1,689]
s: 918
i: [1,692,0,2,1,0,0,4] rc2_membered
a: [3,923,0,2,1,692]
s: 923
i: [1,691,0,2,1,0,0,4] rc2_membered
a: [3,928,0,2,1,691]
s: 928
i: [1,694,0,2,1,0,0,4] rc3_membered
a: [3,933,0,2,1,694]
s: 933
i: [1,693,0,2,1,0,0,4] rc3_membered
a: [3,938,0,2,1,693]
s: 938
i: [1,697,0,2,1,0,0,255] rc2_xreal_0
a: [3,943,0,2,1,697]
s: 943
i: [1,696,0,2,1,0,0,255] rc2_xreal_0
a: [3,948,0,2,1,696]
s: 948
i: [1,695,0,2,1,0,0,255] rc2_xreal_0
a: [3,953,0,2,1,695]
s: 953
i: [1,700,0,2,1,0,0,255] rc3_xreal_0
a: [3,958,0,2,1,700]
s: 958
i: [1,699,0,2,1,0,0,255] rc3_xreal_0
a: [3,963,0,2,1,699]
s: 963
i: [1,698,0,2,1,0,0,255] rc3_xreal_0
a: [3,968,0,2,1,698]
s: 968
i: [1,702,0,2,1,0,0,255] rc3_xxreal_0
a: [3,973,0,2,1,702]
s: 973
i: [1,701,0,2,1,0,0,255] rc3_xxreal_0
a: [3,978,0,2,1,701]
s: 978
i: [1,704,0,2,1,0,0,255] rc2_xxreal_0
a: [3,983,0,2,1,704]
s: 983
i: [1,703,0,2,1,0,0,255] rc2_xxreal_0
a: [3,988,0,2,1,703]
s: 988
i: [1,707,0,2,1,0,0,255] rc4_xreal_0
a: [3,993,0,2,1,707]
s: 993
i: [1,706,0,2,1,0,0,255] rc4_xreal_0
a: [3,998,0,2,1,706]
s: 998
i: [1,705,0,2,1,0,0,255] rc4_xreal_0
a: [3,1003,0,2,1,705]
s: 1003
i: [1,709,0,2,1,0,0,5] rc4_xxreal_0
a: [3,1008,0,2,1,709]
s: 1008
i: [1,708,0,2,1,0,0,5] rc4_xxreal_0
a: [3,1013,0,2,1,708]
s: 1013
i: [1,712,0,2,1,0,0,255] rc1_funcop_1
a: [3,1018,0,2,1,712]
s: 1018
i: [1,711,0,2,1,0,0,255] rc1_funcop_1
a: [3,1023,0,2,1,711]
s: 1023
i: [1,710,0,2,1,0,0,255] rc1_funcop_1
a: [3,1028,0,2,1,710]
s: 1028
i: [1,715,0,2,1,0,0,3] rc1_valued_0
a: [3,1033,0,2,1,715]
s: 1033
i: [1,714,0,2,1,0,0,3] rc1_valued_0
a: [3,1038,0,2,1,714]
s: 1038
i: [1,713,0,2,1,0,0,3] rc1_valued_0
a: [3,1043,0,2,1,713]
s: 1043
i: [1,719,0,2,1,0,0,2] rc2_valued_1
a: [3,1048,0,2,1,719]
s: 1048
i: [1,718,0,2,1,0,0,2] rc2_valued_1
a: [3,1053,0,2,1,718]
s: 1053
i: [1,716,0,2,1,0,0,2] rc2_valued_1
a: [3,1063,0,2,1,716]
s: 1063
i: [1,724,0,2,1,0,0,255] rc3_valued_1
a: [3,1068,0,2,1,724]
s: 1068
i: [1,723,0,2,1,0,0,255] rc3_valued_1
a: [3,1073,0,2,1,723]
s: 1073
i: [1,722,0,2,1,0,0,255] rc3_valued_1
a: [3,1078,0,2,1,722]
s: 1078
i: [1,720,0,2,1,0,0,255] rc3_valued_1
a: [3,1088,0,2,1,720]
s: 1088
i: [1,593,0,3,1,0,0,1] rc4_funcop_1
s: 593
i: [1,594,0,3,1,0,0,1] rc4_funcop_1
s: 594
i: [1,596,0,3,1,0,0,1] rc4_funcop_1
s: 596
i: [1,598,0,3,1,0,0,2] rc6_valued_0
s: 598
i: [1,600,0,3,1,0,0,2] rc6_valued_0
s: 600
i: [1,602,0,3,1,0,0,2] rc6_valued_0
s: 602
i: [1,603,0,3,1,0,0,2] rc5_valued_1
s: 603
i: [1,606,0,3,1,0,0,2] rc5_valued_1
s: 606
i: [1,608,0,3,1,0,0,2] rc5_valued_1
s: 608
i: [1,609,0,3,1,0,0,2] rc5_valued_1
s: 609
i: [1,610,0,3,1,0,0,2] rc5_valued_1
s: 610
i: [1,611,0,3,1,0,0,2] rc5_valued_1
s: 611
i: [1,612,0,3,1,0,0,255] rc3_ordinal1
s: 612
i: [1,614,0,3,1,0,0,255] rc3_ordinal1
s: 614
i: [1,615,0,3,1,0,0,255] reflexivity_r1_tarski
s: 615
i: [1,458,0,3,1,0,0,255] d2_xboole_0
a: [3,823,0,3,1,458]
s: 823
i: [1,459,0,3,1,0,0,1] redefinition_k6_numbers
a: [3,828,0,3,1,459]
s: 828
r: 823
i: [1,460,0,3,1,0,0,3] redefinition_k5_numbers
a: [3,833,0,3,1,460]
s: 833
r: 858
r: 853
r: 813
d: [2,1096,0,2,1,2,23,858,833]
a: [3,1102,0,2,1,1096]
s: 1102
d: [2,1097,0,2,1,2,23,853,833]
a: [3,1107,0,2,1,1097]
s: 1107
d: [2,1098,0,2,1,2,23,813,833]
a: [3,1112,0,2,1,1098]
s: 1112
i: [1,461,0,3,1,0,0,2] t1_numerals
a: [3,838,0,3,1,461]
s: 838
i: [1,717,0,3,1,0,0,2] rc2_valued_1
a: [3,1058,0,3,1,717]
s: 1058
i: [1,721,0,3,1,0,0,255] rc3_valued_1
a: [3,1083,0,3,1,721]
s: 1083
d: [2,1090,0,3,1,2,23,823,828]
a: [3,1094,0,3,1,1090]
s: 1094
r: 818
d: [2,1121,0,2,1,2,23,818,1094]
a: [3,1125,0,2,1,1121]
s: 1125
d: [2,1114,0,3,1,2,22,838,833]
d: [2,1115,0,3,1,3,22,1114,828]
a: [3,1119,0,3,1,1115]
s: 1119
i: [1,470,0,4,2,0,0,255] cc2_membered
s: 470
d: [2,1127,1,2,1,1,40,470,798]
a: [3,1131,1,2,1,1127]
s: 1131
i: [1,472,0,4,2,0,0,255] cc3_membered
s: 472
i: [1,474,0,4,2,0,0,255] cc4_membered
s: 474
d: [2,1133,1,2,1,1,40,472,803]
a: [3,1138,1,2,1,1133]
s: 1138
i: [1,475,0,4,2,0,0,255] cc5_membered
s: 475
d: [2,1145,1,2,1,1,40,474,808]
a: [3,1149,1,2,1,1145]
s: 1149
i: [1,478,0,4,2,0,0,4] cc6_ordinal1
s: 478
i: [1,479,0,4,2,0,0,4] cc2_xreal_0
s: 479
d: [2,1157,1,2,1,1,40,475,808]
a: [3,1162,1,2,1,1157]
s: 1162
i: [1,480,0,4,2,0,0,4] cc2_xxreal_0
s: 480
d: [2,1169,1,2,1,1,40,478,863]
a: [3,1174,1,2,1,1169]
s: 1174
i: [1,481,0,4,2,0,0,255] cc1_ordinal1
s: 481
i: [1,482,0,4,2,0,0,255] cc1_ordinal1
s: 482
d: [2,1170,1,2,1,1,40,478,903]
a: [3,1179,1,2,1,1170]
s: 1179
i: [1,484,0,4,2,0,0,5] cc4_xreal_0
s: 484
d: [2,1181,1,2,1,1,40,479,863]
a: [3,1186,1,2,1,1181]
s: 1186
i: [1,485,0,4,2,0,0,255] cc1_membered
s: 485
i: [1,488,0,4,2,0,0,255] cc9_ordinal1
s: 488
d: [2,1182,1,2,1,1,40,479,903]
a: [3,1191,1,2,1,1182]
s: 1191
i: [1,489,0,4,2,0,0,4] cc7_ordinal1
s: 489
d: [2,1193,1,2,1,1,40,480,863]
a: [3,1198,1,2,1,1193]
s: 1198
i: [1,490,0,4,2,0,0,4] cc3_ordinal1
s: 490
i: [1,491,0,4,2,0,0,4] cc18_membered
s: 491
d: [2,1194,1,2,1,1,40,480,903]
a: [3,1203,1,2,1,1194]
s: 1203
i: [1,592,0,4,1,0,0,1] existence_m1_subset_1
s: 592
d: [2,1205,1,2,1,1,40,481,1107]
a: [3,1212,1,2,1,1205]
s: 1212
i: [1,595,0,4,1,0,0,1] rc4_funcop_1
s: 595
i: [1,597,0,4,1,0,0,1] rc4_funcop_1
s: 597
d: [2,1207,1,2,1,1,40,481,868]
a: [3,1222,1,2,1,1207]
s: 1222
i: [1,599,0,4,1,0,0,2] rc6_valued_0
s: 599
d: [2,1224,1,2,1,1,40,482,1107]
a: [3,1231,1,2,1,1224]
s: 1231
i: [1,601,0,4,1,0,0,2] rc6_valued_0
s: 601
i: [1,604,0,4,1,0,0,2] rc5_valued_1
s: 604
d: [2,1226,1,2,1,1,40,482,868]
a: [3,1241,1,2,1,1226]
s: 1241
i: [1,605,0,4,1,0,0,2] rc5_valued_1
s: 605
d: [2,1255,1,2,1,1,40,484,873]
a: [3,1262,1,2,1,1255]
s: 1262
i: [1,607,0,4,1,0,0,2] rc5_valued_1
s: 607
i: [1,613,0,4,1,0,0,255] rc3_ordinal1
s: 613
d: [2,1266,1,2,1,1,40,485,1112]
a: [3,1273,1,2,1,1266]
s: 1273
i: [1,659,0,4,1,0,0,2] rc1_relset_1
s: 659
d: [2,1267,1,2,1,1,40,485,913]
a: [3,1278,1,2,1,1267]
s: 1278
i: [1,660,0,4,1,0,0,2] rc1_relset_1
s: 660
i: [1,664,0,4,1,0,0,2] rc1_funct_2
s: 664
d: [2,1268,1,2,1,1,40,485,923]
a: [3,1283,1,2,1,1268]
s: 1283
i: [1,667,0,4,1,0,0,2] rc1_funct_2
s: 667
d: [2,1269,1,2,1,1,40,485,933]
a: [3,1288,1,2,1,1269]
s: 1288
i: [1,462,0,4,1,0,0,1] dt_k5_numbers
a: [3,843,0,4,1,462]
s: 843
i: [1,463,0,4,1,0,0,1] dt_k6_numbers
a: [3,848,0,4,1,463]
s: 848
d: [2,1290,1,2,1,1,40,488,1013]
a: [3,1296,1,2,1,1290]
s: 1296
i: [1,492,0,5,2,0,0,2] t6_boole
s: 492
d: [2,1291,1,2,1,1,40,488,1003]
a: [3,1301,1,2,1,1291]
s: 1301
i: [1,493,0,5,2,0,0,3] cc8_ordinal1
s: 493
i: [1,494,0,5,2,0,0,4] cc25_membered
s: 494
d: [2,1292,1,2,1,1,40,488,1125]
a: [3,1306,1,2,1,1292]
s: 1306
i: [1,495,0,5,2,0,0,5] cc1_xreal_0
s: 495
d: [2,1310,1,2,1,1,40,489,1013]
a: [3,1316,1,2,1,1310]
s: 1316
i: [1,589,0,5,2,0,0,255] t7_boole
s: 589
i: [1,661,0,5,1,0,0,2] rc1_relset_1
s: 661
d: [2,1311,1,2,1,1,40,489,1003]
a: [3,1321,1,2,1,1311]
s: 1321
i: [1,662,0,5,1,0,0,2] rc1_relset_1
s: 662
d: [2,1312,1,2,1,1,40,489,1125]
a: [3,1326,1,2,1,1312]
s: 1326
i: [1,665,0,5,1,0,0,2] rc1_funct_2
s: 665
i: [1,666,0,5,1,0,0,2] rc1_funct_2
s: 666
d: [2,1328,1,2,1,1,40,490,1013]
a: [3,1334,1,2,1,1328]
s: 1334
d: [2,1392,0,5,2,1,22,492,828]
s: 1392
d: [2,1329,1,2,1,1,40,490,1003]
a: [3,1339,1,2,1,1329]
s: 1339
d: [2,1393,0,5,2,1,22,493,833]
s: 1393
i: [1,496,0,6,2,0,0,255] cc10_membered
s: 496
d: [2,1330,1,2,1,1,40,490,1125]
a: [3,1344,1,2,1,1330]
s: 1344
i: [1,497,0,6,2,0,0,255] cc9_membered
s: 497
d: [2,1346,1,2,1,1,40,491,1013]
a: [3,1352,1,2,1,1346]
s: 1352
i: [1,498,0,6,2,0,0,4] cc11_membered
s: 498
i: [1,499,0,6,2,0,0,2] cc8_membered
s: 499
d: [2,1347,1,2,1,1,40,491,1003]
a: [3,1357,1,2,1,1347]
s: 1357
i: [1,510,0,6,3,0,0,255] cc2_ordinal1
s: 510
d: [2,1348,1,2,1,1,40,491,1125]
a: [3,1362,1,2,1,1348]
s: 1362
i: [1,513,0,6,3,0,0,255] cc3_xxreal_0
s: 513
i: [1,515,0,6,3,0,0,255] cc3_xxreal_0
s: 515
d: [2,1509,1,2,1,1,40,499,843]
a: [3,1514,1,2,1,1509]
s: 1514
i: [1,516,0,6,3,0,0,255] cc5_xxreal_0
s: 516
d: [2,1537,1,4,2,1,40,513,1125]
a: [3,1544,1,2,1,1537]
s: 1544
i: [1,518,0,6,3,0,0,255] cc5_xxreal_0
s: 518
i: [1,520,0,6,3,0,0,255] cc7_xxreal_0
s: 520
d: [2,1539,1,4,2,1,40,513,1003]
d: [2,1546,1,2,1,2,21,1539,998]
a: [3,1550,1,2,1,1546]
s: 1550
i: [1,521,0,6,3,0,0,255] cc7_xxreal_0
s: 521
d: [2,1540,1,4,2,1,40,513,1013]
d: [2,1552,1,2,1,2,21,1540,1008]
a: [3,1556,1,2,1,1552]
s: 1556
i: [1,523,0,6,3,0,0,3] cc9_valued_0
s: 523
i: [1,530,0,6,3,0,0,3] cc8_valued_0
s: 530
d: [2,1558,1,4,2,1,40,515,963]
d: [2,1560,1,2,1,2,21,1558,968]
a: [3,1564,1,2,1,1560]
s: 1564
i: [1,538,0,6,3,0,0,2] cc5_valued_0
s: 538
d: [2,1559,1,4,2,1,40,515,973]
d: [2,1566,1,2,1,2,21,1559,978]
a: [3,1570,1,2,1,1566]
s: 1570
i: [1,540,0,6,3,0,0,3] cc6_valued_0
s: 540
i: [1,584,0,6,2,0,0,255] t1_subset
s: 584
d: [2,1584,1,4,2,1,40,516,963]
d: [2,1586,1,2,1,2,21,1584,968]
a: [3,1590,1,2,1,1586]
s: 1590
i: [1,618,0,6,2,0,0,2] rc3_funcop_1
s: 618
d: [2,1585,1,4,2,1,40,516,973]
d: [2,1592,1,2,1,2,21,1585,978]
a: [3,1596,1,2,1,1592]
s: 1596
i: [1,621,0,6,2,0,0,2] rc3_funcop_1
s: 621
i: [1,623,0,6,2,0,0,255] fc86_valued_0
s: 623
d: [2,1599,1,4,2,1,40,523,1125]
a: [3,1610,1,2,1,1599]
s: 1610
i: [1,625,0,6,2,0,0,255] fc85_valued_0
s: 625
d: [2,1601,1,4,2,1,40,523,1003]
a: [3,1620,1,2,1,1601]
s: 1620
i: [1,631,0,6,2,0,0,2] fc87_valued_0
s: 631
i: [1,633,0,6,2,0,0,3] fc90_valued_0
s: 633
d: [2,1602,1,4,2,1,40,523,1013]
a: [3,1629,1,2,1,1602]
s: 1629
i: [1,638,0,6,2,0,0,255] antisymmetry_r2_hidden
s: 638
d: [2,1631,1,4,2,1,40,530,1033]
d: [2,1634,1,2,1,2,21,1631,1043]
a: [3,1638,1,2,1,1634]
s: 1638
i: [1,668,0,6,1,0,0,2] rc1_funct_2
s: 668
i: [1,467,0,7,3,0,0,255] cc13_membered
s: 467
d: [2,1663,1,7,2,1,40,467,753]
a: [3,1678,1,5,1,1663]
s: 1678
i: [1,476,0,7,3,0,0,5] cc14_membered
s: 476
d: [2,1686,1,7,2,1,40,476,753]
a: [3,1702,1,5,1,1686]
s: 1702
i: [1,483,0,7,3,0,0,4] cc5_ordinal1
s: 483
i: [1,486,0,7,3,0,0,4] cc17_membered
s: 486
d: [2,1710,1,7,2,1,40,483,753]
a: [3,1715,1,5,1,1710]
s: 1715
i: [1,532,0,7,3,0,0,3] cc1_valued_0
s: 532
d: [2,1723,1,7,2,1,40,486,753]
a: [3,1737,1,5,1,1723]
s: 1737
i: [1,534,0,7,3,0,0,3] cc7_valued_0
s: 534
i: [1,569,0,7,3,0,0,4] cc3_valued_0
s: 569
d: [2,1134,2,2,1,1,40,472,1131]
a: [3,1143,2,2,1,1134]
s: 1143
i: [1,578,0,7,3,0,0,3] cc4_valued_0
s: 578
d: [2,1151,2,2,1,1,40,1138,474]
a: [3,1155,2,2,1,1151]
s: 1155
i: [1,581,0,7,3,0,0,3] cc31_valued_0
s: 581
i: [1,583,0,7,3,0,0,3] cc30_valued_0
s: 583
d: [2,1158,2,2,1,1,40,475,1138]
a: [3,1167,2,2,1,1158]
s: 1167
i: [1,587,0,7,2,0,0,255] t3_subset
s: 587
d: [2,1206,2,2,1,1,40,481,1174]
a: [3,1217,2,2,1,1206]
s: 1217
i: [1,588,0,7,3,0,0,1] t8_boole
s: 588
i: [1,619,0,7,2,0,0,2] rc3_funcop_1
s: 619
d: [2,1225,2,2,1,1,40,482,1174]
a: [3,1236,2,2,1,1225]
s: 1236
i: [1,620,0,7,2,0,0,2] rc3_funcop_1
s: 620
d: [2,1243,2,2,1,1,40,1179,482]
a: [3,1248,2,2,1,1243]
s: 1248
i: [1,622,0,7,2,0,0,2] rc3_funcop_1
s: 622
i: [1,627,0,7,2,0,0,255] fc89_valued_0
s: 627
d: [2,1244,2,2,1,1,40,1179,481]
a: [3,1253,2,2,1,1244]
s: 1253
i: [1,629,0,7,2,0,0,255] fc88_valued_0
s: 629
d: [2,1364,2,2,1,1,40,1273,470]
a: [3,1368,2,2,1,1364]
s: 1368
i: [1,466,0,8,3,0,0,255] cc10_ordinal1
s: 466
i: [1,468,0,8,3,0,0,255] cc20_membered
s: 468
d: [2,1827,1,6,2,1,40,466,753]
a: [3,1841,1,4,1,1827]
s: 1841
i: [1,469,0,8,3,0,0,255] cc19_membered
s: 469
d: [2,1849,1,6,2,1,40,468,753]
a: [3,1856,1,4,1,1849]
s: 1856
i: [1,471,0,8,3,0,0,255] cc23_membered
s: 471
i: [1,473,0,8,3,0,0,255] cc22_membered
s: 473
d: [2,1864,1,6,2,1,40,469,753]
a: [3,1871,1,4,1,1864]
s: 1871
i: [1,477,0,8,3,0,0,2] cc21_membered
s: 477
d: [2,1879,1,6,2,1,40,471,753]
a: [3,1884,1,4,1,1879]
s: 1884
i: [1,487,0,8,3,0,0,4] cc24_membered
s: 487
i: [1,507,0,8,4,0,0,255] cc6_xxreal_0
s: 507
d: [2,1892,1,6,2,1,40,473,753]
a: [3,1897,1,4,1,1892]
s: 1897
i: [1,509,0,8,4,0,0,255] cc4_xxreal_0
s: 509
d: [2,1905,1,6,2,1,40,477,753]
a: [3,1910,1,4,1,1905]
s: 1910
i: [1,511,0,8,4,0,0,255] cc8_xxreal_0
s: 511
i: [1,567,0,8,4,0,0,255] cc3_funcop_1
s: 567
d: [2,1918,1,6,2,1,40,487,753]
a: [3,1923,1,4,1,1918]
s: 1923
i: [1,571,0,8,3,0,0,4] cc2_valued_0
s: 571
d: [2,1826,1,4,2,1,40,466,843]
a: [3,1832,1,2,1,1826]
s: 1832
i: [1,585,0,8,3,0,0,255] t2_subset
s: 585
i: [1,654,0,8,2,0,0,1] cc1_relset_1
s: 654
d: [2,2039,1,2,1,1,40,654,753]
a: [3,2044,1,2,1,2039]
s: 2044
i: [1,658,0,8,1,0,0,2] rc1_relset_1
s: 658
d: [2,2012,1,11,2,1,40,585,753]
a: [3,2032,1,6,1,2012]
s: 2032
i: [1,663,0,8,1,0,0,2] rc1_funct_2
s: 663
i: [1,549,0,9,4,0,0,2] dt_k35_valued_1
s: 549
a: [3,2035,1,5,1,2012]
s: 2035
i: [1,550,0,9,4,0,0,2] dt_k35_valued_1
s: 550
d: [2,2059,2,6,1,1,40,2032,638]
a: [3,2065,2,6,1,2059]
s: 2065
i: [1,551,0,9,4,0,0,2] dt_k35_valued_1
s: 551
i: [1,561,0,9,4,0,0,2] fc64_valued_1
s: 561
d: [2,1931,1,6,3,1,40,507,878]
a: [3,1968,1,2,1,1931]
s: 1968
r: 1968
i: [1,562,0,9,4,0,0,2] fc64_valued_1
s: 562
a: [3,1967,1,2,1,1931]
s: 1967
i: [1,563,0,9,4,0,0,2] fc64_valued_1
s: 563
i: [1,564,0,9,4,0,0,2] fc64_valued_1
s: 564
a: [3,1972,1,2,1,1931]
s: 1972
i: [1,591,0,9,3,0,0,255] t5_subset
s: 591
d: [2,2137,1,7,2,1,40,591,753]
a: [3,2147,1,4,1,2137]
s: 2147
i: [1,655,0,9,2,0,0,2] cc2_relset_1
s: 655
i: [1,656,0,9,2,0,0,2] cc2_relset_1
s: 656
d: [2,2150,1,3,1,1,40,655,753]
a: [3,2157,1,3,1,2150]
s: 2157
i: [1,528,0,10,4,0,0,2] cc11_valued_0
s: 528
d: [2,2160,1,3,1,1,40,656,753]
a: [3,2167,1,3,1,2160]
s: 2167
i: [1,535,0,10,4,0,0,3] cc15_valued_0
s: 535
i: [1,536,0,10,4,0,0,3] cc10_valued_0
s: 536
d: [2,2201,2,4,2,1,40,2167,583]
d: [2,2202,2,2,1,2,21,2201,2044]
a: [3,2206,2,2,1,2202]
s: 2206
i: [1,541,0,10,4,0,0,3] cc12_valued_0
s: 541
d: [2,2171,1,10,3,1,40,528,753]
a: [3,2199,1,2,1,2171]
s: 2199
i: [1,547,0,10,5,0,0,1] cc24_valued_0
s: 547
i: [1,559,0,10,5,0,0,255] cc1_seq_2
s: 559
d: [2,2234,1,10,3,1,40,536,753]
a: [3,2254,1,2,1,2234]
s: 2254
i: [1,560,0,10,5,0,0,255] cc1_seq_2
s: 560
d: [2,2279,2,8,4,1,40,547,2199]
d: [2,2282,2,6,3,2,21,2279,733]
d: [2,2283,2,4,2,3,21,2282,763]
d: [2,2284,2,2,1,4,21,2283,2044]
a: [3,2288,2,2,1,2284]
s: 2288
i: [1,573,0,10,4,0,0,2] fc65_valued_1
s: 573
i: [1,575,0,10,4,0,0,2] fc65_valued_1
s: 575
a: [3,2191,1,4,1,2171]
s: 2191
i: [1,576,0,10,4,0,0,2] fc65_valued_1
s: 576
a: [3,2195,1,4,1,2171]
s: 2195
d: [2,2353,2,0,0,2,52,1149,2195,623]
e: 2353
d: [2,2354,2,2,1,1,40,2195,623]
d: [2,2356,2,0,0,2,21,2354,1149]
e: 2356
r: 2195
i: [1,590,0,10,3,0,0,255] t4_subset
s: 590
i: [1,617,0,10,2,0,0,2] rc3_funcop_1
s: 617
a: [3,2194,1,4,1,2171]
s: 2194
i: [1,624,0,10,3,0,0,255] cc17_valued_0
s: 624
d: [2,2360,1,8,2,1,40,590,753]
s: 2360
i: [1,626,0,10,3,0,0,255] cc16_valued_0
s: 626
i: [1,632,0,10,3,0,0,2] cc18_valued_0
s: 632
d: [2,2394,2,9,3,1,40,2360,483]
a: [3,2401,2,4,1,2394]
s: 2401
i: [1,634,0,10,3,0,0,3] cc21_valued_0
s: 634
d: [2,2419,1,4,2,1,40,634,753]
a: [3,2427,1,2,1,2419]
s: 2427
i: [1,635,0,10,3,0,0,1] cc4_relset_1
s: 635
i: [1,636,0,10,3,0,0,1] cc3_relset_1
s: 636
a: [3,1975,1,2,1,1931]
s: 1975
i: [1,548,0,11,4,0,0,2] involutiveness_k35_valued_1
s: 548
d: [2,2170,1,6,3,1,40,528,843]
a: [3,2178,1,2,1,2170]
s: 2178
i: [1,574,0,11,4,0,0,2] fc65_valued_1
s: 574
i: [1,628,0,11,3,0,0,255] cc20_valued_0
s: 628
d: [2,2465,1,5,2,1,40,628,753]
a: [3,2473,1,2,1,2465]
s: 2473
i: [1,630,0,11,3,0,0,255] cc19_valued_0
s: 630
d: [2,2480,1,5,2,1,40,630,753]
a: [3,2488,1,2,1,2480]
s: 2488
i: [1,555,0,12,6,0,0,255] cc2_seq_2
s: 555
i: [1,572,0,12,4,0,0,4] cc14_valued_0
s: 572
d: [2,2392,2,12,3,1,40,2360,585]
d: [2,2397,2,8,2,2,21,2392,2147]
s: 2397
i: [1,579,0,12,4,0,0,3] cc13_valued_0
s: 579
d: [2,1374,2,2,1,1,40,1278,470]
a: [3,1378,2,2,1,1374]
s: 1378
i: [1,646,0,12,5,0,0,2] fc112_valued_1
s: 646
i: [1,648,0,12,5,0,0,2] fc112_valued_1
s: 648
d: [2,1380,2,2,1,1,40,1283,470]
a: [3,1384,2,2,1,1380]
s: 1384
i: [1,649,0,12,5,0,0,2] fc112_valued_1
s: 649
d: [2,1386,2,2,1,1,40,1288,470]
a: [3,1390,2,2,1,1386]
s: 1390
i: [1,586,0,13,3,0,0,2] cc4_funct_2
s: 586
i: [1,647,0,13,5,0,0,2] fc112_valued_1
s: 647
d: [2,1409,2,2,1,1,40,1316,479]
a: [3,1414,2,2,1,1409]
s: 1414
i: [1,657,0,13,3,0,0,2] cc1_funct_2
s: 657
d: [2,1421,2,2,1,1,40,1326,480]
a: [3,1427,2,2,1,1421]
s: 1427
i: [1,642,0,14,4,0,0,2] existence_m2_subset_1
s: 642
i: [1,524,0,15,4,0,0,255] dt_k1_seq_2
s: 524
d: [2,2550,1,9,3,1,40,524,753]
d: [2,2555,1,5,2,2,21,2550,758]
d: [2,2556,1,3,1,3,21,2555,763]
a: [3,2560,1,3,1,2556]
s: 2560
i: [1,616,0,15,4,0,0,2] cc3_funct_2
s: 616
d: [2,2616,1,9,3,1,40,616,753]
d: [2,2622,1,5,2,2,21,2616,758]
d: [2,2623,1,3,1,3,21,2622,793]
a: [3,2627,1,3,1,2623]
s: 2627
i: [1,637,0,15,4,0,0,2] cc2_funct_2
s: 637
i: [1,639,0,15,5,0,0,2] dt_m2_subset_1
s: 639
d: [2,2609,2,3,1,1,40,2560,484]
a: [3,2613,2,3,1,2609]
s: 2613
i: [1,640,0,15,5,0,0,2] redefinition_m2_subset_1
s: 640
d: [2,2648,3,9,3,1,40,2613,507]
a: [3,2652,3,3,1,2648]
s: 2652
r: 2652
i: [1,641,0,15,5,0,0,2] redefinition_m2_subset_1
s: 641
r: 2397
r: 2147
i: [1,650,0,15,6,0,0,2] fc116_valued_1
s: 650
a: [3,2143,1,3,1,2137]
s: 2143
r: 2065
r: 2360
i: [1,651,0,15,6,0,0,2] fc116_valued_1
s: 651
a: [3,2651,3,3,1,2648]
s: 2651
i: [1,653,0,15,6,0,0,2] fc116_valued_1
s: 653
i: [1,677,0,15,4,0,0,1] dt_k37_valued_1
s: 677
a: [3,2656,3,3,1,2648]
s: 2656
i: [1,505,0,16,5,0,0,255] cc4_seq_2
s: 505
d: [2,2755,1,10,4,1,40,505,753]
d: [2,2760,1,8,3,2,21,2755,743]
d: [2,2761,1,4,2,3,21,2760,758]
d: [2,2762,1,2,1,4,21,2761,763]
a: [3,2766,1,2,1,2762]
s: 2766
i: [1,525,0,16,4,0,0,1] dt_k2_seq_2
s: 525
i: [1,652,0,16,6,0,0,2] fc116_valued_1
s: 652
d: [2,2807,2,8,4,1,40,2766,560]
d: [2,2809,2,6,3,2,21,2807,2206]
d: [2,2810,2,4,2,3,21,2809,763]
d: [2,2811,2,2,1,4,21,2810,2044]
a: [3,2815,2,2,1,2811]
s: 2815
i: [1,526,0,17,4,0,0,255] redefinition_k2_seq_2
s: 526
r: 2651
r: 2656
d: [2,2808,2,8,4,1,40,2766,559]
d: [2,2817,2,6,3,2,21,2808,2206]
d: [2,2818,2,4,2,3,21,2817,763]
d: [2,2819,2,2,1,4,21,2818,2044]
a: [3,2823,2,2,1,2819]
s: 2823
i: [1,675,0,17,4,0,0,1] redefinition_k37_valued_1
s: 675
i: [1,502,0,18,6,0,0,2] cc3_seq_4
s: 502
d: [2,2903,1,13,4,1,44,728,675]
d: [2,2904,1,7,3,2,21,2903,753]
d: [2,2905,1,5,2,3,21,2904,763]
d: [2,2906,1,3,1,4,21,2905,808]
a: [3,2910,1,3,1,2906]
s: 2910
i: [1,644,0,18,6,0,0,1] cc8_funct_2
s: 644
d: [2,2714,1,15,4,1,40,641,753]
d: [2,2721,1,11,3,2,21,2714,2147]
a: [3,2724,1,2,1,2721]
s: 2724
d: [2,2973,2,0,0,2,52,2143,592,2724,585]
e: 2973
r: 2143
i: [1,669,0,19,6,0,0,255] fc66_valued_1
s: 669
i: [1,671,0,19,6,0,0,255] fc68_valued_1
s: 671
d: [2,2976,1,13,5,1,40,669,753]
d: [2,2982,1,9,4,2,21,2976,758]
d: [2,2983,1,7,3,3,21,2982,763]
d: [2,2984,1,5,2,4,21,2983,1162]
d: [2,2985,1,3,1,5,21,2984,793]
a: [3,2989,1,3,1,2985]
s: 2989
i: [1,673,0,19,6,0,0,2] fc67_valued_1
s: 673
s: 2652
i: [1,676,0,19,4,0,0,1] involutiveness_k37_valued_1
s: 676
i: [1,678,0,19,4,0,0,1] dt_k37_valued_1
s: 678
a: [3,2655,3,3,1,2648]
s: 2655
i: [1,670,0,20,6,0,0,255] fc66_valued_1
s: 670
a: [3,2659,3,3,1,2648]
s: 2659
i: [1,672,0,20,6,0,0,255] fc68_valued_1
s: 672
i: [1,674,0,20,6,0,0,2] fc67_valued_1
s: 674
d: [2,2665,4,3,1,1,40,2652,488]
a: [3,2675,4,3,1,2665]
s: 2675
i: [1,527,0,27,8,0,0,1] t38_limfunc1
s: 527
d: [2,3160,3,0,0,8,52,763,743,2288,748,758,738,728,753,527]
e: 3160
d: [2,3161,1,26,8,1,44,527,738]
d: [2,3162,1,23,7,1,19,3161]
d: [2,3164,1,21,6,2,21,3162,2288]
d: [2,3165,1,16,5,3,21,3164,728]
d: [2,3166,1,14,4,4,21,3165,743]
d: [2,3167,1,12,3,5,21,3166,748]
d: [2,3168,1,6,2,6,21,3167,753]
d: [2,3169,1,2,1,7,21,3168,758]
d: [2,3170,1,0,0,8,21,3169,763]
e: 3170
d: [2,2257,3,4,2,1,40,2206,538]
d: [2,2260,3,2,1,2,21,2257,2044]
f: 3170,2284,2260,2202,2160,2039,439,440,441,442,443,444,445,446
% Refutation found. Thanks to Tanya!
% SZS status Theorem for limfunc1__t40_limfunc1
% SZS output start Proof for limfunc1__t40_limfunc1
1. ! [X0] : ((m1_subset_1(X0,k1_zfmisc_1(k2_zfmisc_1(k5_numbers,k1_numbers))) & v1_funct_2(X0,k5_numbers,k1_numbers) & v1_funct_1(X0)) => ((v6_valued_0(X0) & k2_seq_2(X0) = k6_numbers & v2_comseq_2(X0) & v2_relat_1(X0)) => v1_limfunc1(k37_valued_1(k5_numbers,k1_numbers,X0)))) [input t40_limfunc1]
2. ~! [X0] : ((m1_subset_1(X0,k1_zfmisc_1(k2_zfmisc_1(k5_numbers,k1_numbers))) & v1_funct_2(X0,k5_numbers,k1_numbers) & v1_funct_1(X0)) => ((v6_valued_0(X0) & k2_seq_2(X0) = k6_numbers & v2_comseq_2(X0) & v2_relat_1(X0)) => v1_limfunc1(k37_valued_1(k5_numbers,k1_numbers,X0)))) [negated conjecture 1]
12. ! [X0] : ((v6_valued_0(X0) & v2_valued_0(X0) & v1_funct_1(X0) & v1_relat_1(X0)) => (v8_valued_0(X0) & v2_valued_0(X0) & v1_funct_1(X0) & v1_relat_1(X0))) [input cc24_valued_0]
66. ! [X0] : ((v3_valued_0(X0) & v1_relat_1(X0)) => (v2_valued_0(X0) & v1_relat_1(X0))) [input cc5_valued_0]
112. ! [X0] : ((v5_relat_1(X0,k1_numbers) & v1_relat_1(X0)) => (v3_valued_0(X0) & v1_relat_1(X0))) [input cc30_valued_0]
166. ! [X0,X1] : ! [X2] : (m1_subset_1(X2,k1_zfmisc_1(k2_zfmisc_1(X0,X1))) => v1_relat_1(X2)) [input cc1_relset_1]
169. ! [X0,X1] : ! [X2] : (m1_subset_1(X2,k1_zfmisc_1(k2_zfmisc_1(X0,X1))) => (v5_relat_1(X2,X1) & v4_relat_1(X2,X0))) [input cc2_relset_1]
178. ! [X0] : ((m1_subset_1(X0,k1_zfmisc_1(k2_zfmisc_1(k5_numbers,k1_numbers))) & v1_funct_2(X0,k5_numbers,k1_numbers) & v1_funct_1(X0)) => ((v8_valued_0(X0) & k2_seq_2(X0) = k6_numbers & v2_comseq_2(X0) & v2_relat_1(X0)) => v1_limfunc1(k37_valued_1(k5_numbers,k1_numbers,X0)))) [input t38_limfunc1]
188. ! [X0,X1,X2] : (m1_subset_1(X2,k1_zfmisc_1(k2_zfmisc_1(X0,X1))) => v1_relat_1(X2)) [flattening 166]
189. ! [X0,X1,X2] : (m1_subset_1(X2,k1_zfmisc_1(k2_zfmisc_1(X0,X1))) => (v5_relat_1(X2,X1) & v4_relat_1(X2,X0))) [flattening 169]
208. ? [X0] : ((~v1_limfunc1(k37_valued_1(k5_numbers,k1_numbers,X0)) & (v6_valued_0(X0) & k2_seq_2(X0) = k6_numbers & v2_comseq_2(X0) & v2_relat_1(X0))) & (m1_subset_1(X0,k1_zfmisc_1(k2_zfmisc_1(k5_numbers,k1_numbers))) & v1_funct_2(X0,k5_numbers,k1_numbers) & v1_funct_1(X0))) [ennf transformation 2]
209. ? [X0] : (~v1_limfunc1(k37_valued_1(k5_numbers,k1_numbers,X0)) & v6_valued_0(X0) & k2_seq_2(X0) = k6_numbers & v2_comseq_2(X0) & v2_relat_1(X0) & m1_subset_1(X0,k1_zfmisc_1(k2_zfmisc_1(k5_numbers,k1_numbers))) & v1_funct_2(X0,k5_numbers,k1_numbers) & v1_funct_1(X0)) [flattening 208]
269. ! [X0] : ((v1_limfunc1(k37_valued_1(k5_numbers,k1_numbers,X0)) | (~v8_valued_0(X0) | k2_seq_2(X0) != k6_numbers | ~v2_comseq_2(X0) | ~v2_relat_1(X0))) | (~m1_subset_1(X0,k1_zfmisc_1(k2_zfmisc_1(k5_numbers,k1_numbers))) | ~v1_funct_2(X0,k5_numbers,k1_numbers) | ~v1_funct_1(X0))) [ennf transformation 178]
270. ! [X0] : (v1_limfunc1(k37_valued_1(k5_numbers,k1_numbers,X0)) | ~v8_valued_0(X0) | k2_seq_2(X0) != k6_numbers | ~v2_comseq_2(X0) | ~v2_relat_1(X0) | ~m1_subset_1(X0,k1_zfmisc_1(k2_zfmisc_1(k5_numbers,k1_numbers))) | ~v1_funct_2(X0,k5_numbers,k1_numbers) | ~v1_funct_1(X0)) [flattening 269]
283. ! [X0] : ((v2_valued_0(X0) & v1_relat_1(X0)) | (~v3_valued_0(X0) | ~v1_relat_1(X0))) [ennf transformation 66]
284. ! [X0] : ((v2_valued_0(X0) & v1_relat_1(X0)) | ~v3_valued_0(X0) | ~v1_relat_1(X0)) [flattening 283]
291. ! [X0] : ((v8_valued_0(X0) & v2_valued_0(X0) & v1_funct_1(X0) & v1_relat_1(X0)) | (~v6_valued_0(X0) | ~v2_valued_0(X0) | ~v1_funct_1(X0) | ~v1_relat_1(X0))) [ennf transformation 12]
292. ! [X0] : ((v8_valued_0(X0) & v2_valued_0(X0) & v1_funct_1(X0) & v1_relat_1(X0)) | ~v6_valued_0(X0) | ~v2_valued_0(X0) | ~v1_funct_1(X0) | ~v1_relat_1(X0)) [flattening 291]
319. ! [X0] : ((v3_valued_0(X0) & v1_relat_1(X0)) | (~v5_relat_1(X0,k1_numbers) | ~v1_relat_1(X0))) [ennf transformation 112]
320. ! [X0] : ((v3_valued_0(X0) & v1_relat_1(X0)) | ~v5_relat_1(X0,k1_numbers) | ~v1_relat_1(X0)) [flattening 319]
364. ! [X0,X1,X2] : (v1_relat_1(X2) | ~m1_subset_1(X2,k1_zfmisc_1(k2_zfmisc_1(X0,X1)))) [ennf transformation 188]
365. ! [X0,X1,X2] : ((v5_relat_1(X2,X1) & v4_relat_1(X2,X0)) | ~m1_subset_1(X2,k1_zfmisc_1(k2_zfmisc_1(X0,X1)))) [ennf transformation 189]
380. ? [X0] : (~v1_limfunc1(k37_valued_1(k5_numbers,k1_numbers,X0)) & v6_valued_0(X0) & k2_seq_2(X0) = k6_numbers & v2_comseq_2(X0) & v2_relat_1(X0) & m1_subset_1(X0,k1_zfmisc_1(k2_zfmisc_1(k5_numbers,k1_numbers))) & v1_funct_2(X0,k5_numbers,k1_numbers) & v1_funct_1(X0)) => (~v1_limfunc1(k37_valued_1(k5_numbers,k1_numbers,sK0)) & v6_valued_0(sK0) & k6_numbers = k2_seq_2(sK0) & v2_comseq_2(sK0) & v2_relat_1(sK0) & m1_subset_1(sK0,k1_zfmisc_1(k2_zfmisc_1(k5_numbers,k1_numbers))) & v1_funct_2(sK0,k5_numbers,k1_numbers) & v1_funct_1(sK0)) [choice axiom]
381. ~v1_limfunc1(k37_valued_1(k5_numbers,k1_numbers,sK0)) & v6_valued_0(sK0) & k6_numbers = k2_seq_2(sK0) & v2_comseq_2(sK0) & v2_relat_1(sK0) & m1_subset_1(sK0,k1_zfmisc_1(k2_zfmisc_1(k5_numbers,k1_numbers))) & v1_funct_2(sK0,k5_numbers,k1_numbers) & v1_funct_1(sK0) [skolemisation 209,380]
439. v1_funct_1(sK0) [cnf transformation 381] {a:0,w:2,wCS:200,goal:1,sine:0,thAx:0,allAx:2,thDist:-2}
440. v1_funct_2(sK0,k5_numbers,k1_numbers) [cnf transformation 381] {a:0,w:4,wCS:400,goal:1,sine:0,thAx:0,allAx:2,thDist:-2}
441. m1_subset_1(sK0,k1_zfmisc_1(k2_zfmisc_1(k5_numbers,k1_numbers))) [cnf transformation 381] {a:0,w:6,wCS:600,goal:1,sine:0,thAx:0,allAx:2,thDist:-2}
442. v2_relat_1(sK0) [cnf transformation 381] {a:0,w:2,wCS:200,goal:1,sine:0,thAx:0,allAx:2,thDist:-2}
443. v2_comseq_2(sK0) [cnf transformation 381] {a:0,w:2,wCS:200,goal:1,sine:0,thAx:0,allAx:2,thDist:-2}
444. k6_numbers = k2_seq_2(sK0) [cnf transformation 381] {a:0,w:4,wCS:400,goal:1,sine:0,thAx:0,allAx:2,thDist:-2}
445. v6_valued_0(sK0) [cnf transformation 381] {a:0,w:2,wCS:200,goal:1,sine:0,thAx:0,allAx:2,thDist:-2}
446. ~v1_limfunc1(k37_valued_1(k5_numbers,k1_numbers,sK0)) [cnf transformation 381] {a:0,w:5,wCS:500,goal:1,sine:0,thAx:0,allAx:2,thDist:-2}
527. k2_seq_2(X0) != k6_numbers | ~v8_valued_0(X0) | v1_limfunc1(k37_valued_1(k5_numbers,k1_numbers,X0)) | ~v2_comseq_2(X0) | ~v2_relat_1(X0) | ~m1_subset_1(X0,k1_zfmisc_1(k2_zfmisc_1(k5_numbers,k1_numbers))) | ~v1_funct_2(X0,k5_numbers,k1_numbers) | ~v1_funct_1(X0) [cnf transformation 270] {a:0,w:27,wCS:10800,nSel:1,sine:1,thAx:0,allAx:1,thDist:-1}
538. ~v3_valued_0(X0) | v2_valued_0(X0) | ~v1_relat_1(X0) [cnf transformation 284] {a:0,w:6,wCS:2400,nSel:1,sine:2,thAx:0,allAx:1,thDist:-1}
547. ~v2_valued_0(X0) | ~v6_valued_0(X0) | v8_valued_0(X0) | ~v1_funct_1(X0) | ~v1_relat_1(X0) [cnf transformation 292] {a:0,w:10,wCS:4000,nSel:1,sine:1,thAx:0,allAx:1,thDist:-1}
583. ~v5_relat_1(X0,k1_numbers) | v3_valued_0(X0) | ~v1_relat_1(X0) [cnf transformation 320] {a:0,w:7,wCS:2800,nSel:1,sine:3,thAx:0,allAx:1,thDist:-1}
654. ~m1_subset_1(X2,k1_zfmisc_1(k2_zfmisc_1(X0,X1))) | v1_relat_1(X2) [cnf transformation 364] {a:0,w:8,wCS:3200,nSel:1,sine:1,thAx:0,allAx:1,thDist:-1}
656. ~m1_subset_1(X2,k1_zfmisc_1(k2_zfmisc_1(X0,X1))) | v5_relat_1(X2,X1) [cnf transformation 365] {a:0,w:9,wCS:3600,nSel:1,sine:2,thAx:0,allAx:1,thDist:-1}
726. 1 <=> v1_limfunc1(k37_valued_1(k5_numbers,k1_numbers,sK0)) [avatar definition]
728. ~v1_limfunc1(k37_valued_1(k5_numbers,k1_numbers,sK0)) <- (~1) [avatar component clause 726] {a:0,w:5,wCS:500,nSel:1,goal:1,sine:255,thAx:0,allAx:2,thDist:-2}
729. ~1 [avatar split clause 446,726]
731. 2 <=> v6_valued_0(sK0) [avatar definition]
733. v6_valued_0(sK0) <- (2) [avatar component clause 731] {a:0,w:2,wCS:200,nSel:1,goal:1,sine:255,thAx:0,allAx:2,thDist:-2}
734. 2 [avatar split clause 445,731]
736. 3 <=> k6_numbers = k2_seq_2(sK0) [avatar definition]
738. k6_numbers = k2_seq_2(sK0) <- (3) [avatar component clause 736] {a:0,w:4,wCS:400,nSel:1,goal:1,sine:255,thAx:0,allAx:2,thDist:-2}
739. 3 [avatar split clause 444,736]
741. 4 <=> v2_comseq_2(sK0) [avatar definition]
743. v2_comseq_2(sK0) <- (4) [avatar component clause 741] {a:0,w:2,wCS:200,nSel:1,goal:1,sine:255,thAx:0,allAx:2,thDist:-2}
744. 4 [avatar split clause 443,741]
746. 5 <=> v2_relat_1(sK0) [avatar definition]
748. v2_relat_1(sK0) <- (5) [avatar component clause 746] {a:0,w:2,wCS:200,nSel:1,goal:1,sine:255,thAx:0,allAx:2,thDist:-2}
749. 5 [avatar split clause 442,746]
751. 6 <=> m1_subset_1(sK0,k1_zfmisc_1(k2_zfmisc_1(k5_numbers,k1_numbers))) [avatar definition]
753. m1_subset_1(sK0,k1_zfmisc_1(k2_zfmisc_1(k5_numbers,k1_numbers))) <- (6) [avatar component clause 751] {a:0,w:6,wCS:600,nSel:1,goal:1,sine:255,thAx:0,allAx:2,thDist:-2}
754. 6 [avatar split clause 441,751]
756. 7 <=> v1_funct_2(sK0,k5_numbers,k1_numbers) [avatar definition]
758. v1_funct_2(sK0,k5_numbers,k1_numbers) <- (7) [avatar component clause 756] {a:0,w:4,wCS:400,nSel:1,goal:1,sine:255,thAx:0,allAx:2,thDist:-2}
759. 7 [avatar split clause 440,756]
761. 8 <=> v1_funct_1(sK0) [avatar definition]
763. v1_funct_1(sK0) <- (8) [avatar component clause 761] {a:0,w:2,wCS:200,nSel:1,goal:1,sine:255,thAx:0,allAx:2,thDist:-2}
764. 8 [avatar split clause 439,761]
2039. v1_relat_1(sK0) <- (6) [resolution 654,753] {a:1,w:2,wCS:200,goal:1,sine:1,thAx:0,allAx:3,thDist:-3}
2042. 213 <=> v1_relat_1(sK0) [avatar definition]
2044. v1_relat_1(sK0) <- (213) [avatar component clause 2042] {a:1,w:2,wCS:200,nSel:1,goal:1,sine:255,thAx:0,allAx:3,thDist:-3}
2045. 213 | ~6 [avatar split clause 2039,751,2042]
2160. v5_relat_1(sK0,k1_numbers) <- (6) [resolution 656,753] {a:1,w:3,wCS:300,goal:1,sine:2,thAx:0,allAx:3,thDist:-3}
2165. 226 <=> v5_relat_1(sK0,k1_numbers) [avatar definition]
2167. v5_relat_1(sK0,k1_numbers) <- (226) [avatar component clause 2165] {a:1,w:3,wCS:300,nSel:1,goal:1,sine:255,thAx:0,allAx:3,thDist:-3}
2168. 226 | ~6 [avatar split clause 2160,751,2165]
2197. 232 <=> v2_valued_0(sK0) [avatar definition]
2199. v2_valued_0(sK0) <- (232) [avatar component clause 2197] {a:1,w:2,wCS:200,nSel:1,goal:1,sine:255,thAx:0,allAx:3,thDist:-3}
2201. v3_valued_0(sK0) | ~v1_relat_1(sK0) <- (226) [resolution 2167,583] {a:2,w:4,wCS:400,goal:1,sine:3,thAx:0,allAx:4,thDist:-4}
2202. v3_valued_0(sK0) <- (213, 226) [subsumption resolution 2201,2044] {a:2,w:2,wCS:200,goal:1,sine:3,thAx:0,allAx:4,thDist:-4}
2204. 233 <=> v3_valued_0(sK0) [avatar definition]
2206. v3_valued_0(sK0) <- (233) [avatar component clause 2204] {a:2,w:2,wCS:200,nSel:1,goal:1,sine:255,thAx:0,allAx:4,thDist:-4}
2207. 233 | ~213 | ~226 [avatar split clause 2202,2165,2042,2204]
2257. v2_valued_0(sK0) | ~v1_relat_1(sK0) <- (233) [resolution 2206,538] {a:3,w:4,wCS:400,goal:1,sine:2,thAx:0,allAx:5,thDist:-5}
2260. v2_valued_0(sK0) <- (213, 233) [subsumption resolution 2257,2044] {a:3,w:2,wCS:200,goal:1,sine:2,thAx:0,allAx:5,thDist:-5}
2261. 232 | ~213 | ~233 [avatar split clause 2260,2204,2042,2197]
2279. ~v6_valued_0(sK0) | v8_valued_0(sK0) | ~v1_funct_1(sK0) | ~v1_relat_1(sK0) <- (232) [resolution 547,2199] {a:2,w:8,wCS:800,goal:1,sine:1,thAx:0,allAx:4,thDist:-4}
2282. v8_valued_0(sK0) | ~v1_funct_1(sK0) | ~v1_relat_1(sK0) <- (2, 232) [subsumption resolution 2279,733] {a:2,w:6,wCS:600,goal:1,sine:1,thAx:0,allAx:4,thDist:-4}
2283. v8_valued_0(sK0) | ~v1_relat_1(sK0) <- (2, 8, 232) [subsumption resolution 2282,763] {a:2,w:4,wCS:400,goal:1,sine:1,thAx:0,allAx:4,thDist:-4}
2284. v8_valued_0(sK0) <- (2, 8, 213, 232) [subsumption resolution 2283,2044] {a:2,w:2,wCS:200,goal:1,sine:1,thAx:0,allAx:4,thDist:-4}
2286. 244 <=> v8_valued_0(sK0) [avatar definition]
2288. v8_valued_0(sK0) <- (244) [avatar component clause 2286] {a:2,w:2,wCS:200,nSel:1,goal:1,sine:255,thAx:0,allAx:4,thDist:-4}
2289. 244 | ~2 | ~8 | ~213 | ~232 [avatar split clause 2284,2197,2042,761,731,2286]
3161. k6_numbers != k6_numbers | ~v8_valued_0(sK0) | v1_limfunc1(k37_valued_1(k5_numbers,k1_numbers,sK0)) | ~v2_comseq_2(sK0) | ~v2_relat_1(sK0) | ~m1_subset_1(sK0,k1_zfmisc_1(k2_zfmisc_1(k5_numbers,k1_numbers))) | ~v1_funct_2(sK0,k5_numbers,k1_numbers) | ~v1_funct_1(sK0) <- (3) [superposition 527,738] {a:1,w:26,wCS:2600,goal:1,sine:1,thAx:0,allAx:3,thDist:-3}
3162. ~v8_valued_0(sK0) | v1_limfunc1(k37_valued_1(k5_numbers,k1_numbers,sK0)) | ~v2_comseq_2(sK0) | ~v2_relat_1(sK0) | ~m1_subset_1(sK0,k1_zfmisc_1(k2_zfmisc_1(k5_numbers,k1_numbers))) | ~v1_funct_2(sK0,k5_numbers,k1_numbers) | ~v1_funct_1(sK0) <- (3) [trivial inequality removal 3161] {a:1,w:23,wCS:2300,goal:1,sine:1,thAx:0,allAx:3,thDist:-3}
3164. v1_limfunc1(k37_valued_1(k5_numbers,k1_numbers,sK0)) | ~v2_comseq_2(sK0) | ~v2_relat_1(sK0) | ~m1_subset_1(sK0,k1_zfmisc_1(k2_zfmisc_1(k5_numbers,k1_numbers))) | ~v1_funct_2(sK0,k5_numbers,k1_numbers) | ~v1_funct_1(sK0) <- (3, 244) [subsumption resolution 3162,2288] {a:1,w:21,wCS:2100,goal:1,sine:1,thAx:0,allAx:3,thDist:-3}
3165. ~v2_comseq_2(sK0) | ~v2_relat_1(sK0) | ~m1_subset_1(sK0,k1_zfmisc_1(k2_zfmisc_1(k5_numbers,k1_numbers))) | ~v1_funct_2(sK0,k5_numbers,k1_numbers) | ~v1_funct_1(sK0) <- (~1, 3, 244) [subsumption resolution 3164,728] {a:1,w:16,wCS:1600,goal:1,sine:1,thAx:0,allAx:3,thDist:-3}
3166. ~v2_relat_1(sK0) | ~m1_subset_1(sK0,k1_zfmisc_1(k2_zfmisc_1(k5_numbers,k1_numbers))) | ~v1_funct_2(sK0,k5_numbers,k1_numbers) | ~v1_funct_1(sK0) <- (~1, 3, 4, 244) [subsumption resolution 3165,743] {a:1,w:14,wCS:1400,goal:1,sine:1,thAx:0,allAx:3,thDist:-3}
3167. ~m1_subset_1(sK0,k1_zfmisc_1(k2_zfmisc_1(k5_numbers,k1_numbers))) | ~v1_funct_2(sK0,k5_numbers,k1_numbers) | ~v1_funct_1(sK0) <- (~1, 3, 4, 5, 244) [subsumption resolution 3166,748] {a:1,w:12,wCS:1200,goal:1,sine:1,thAx:0,allAx:3,thDist:-3}
3168. ~v1_funct_2(sK0,k5_numbers,k1_numbers) | ~v1_funct_1(sK0) <- (~1, 3, 4, 5, 6, 244) [subsumption resolution 3167,753] {a:1,w:6,wCS:600,goal:1,sine:1,thAx:0,allAx:3,thDist:-3}
3169. ~v1_funct_1(sK0) <- (~1, 3, 4, 5, 6, 7, 244) [subsumption resolution 3168,758] {a:1,w:2,wCS:200,goal:1,sine:1,thAx:0,allAx:3,thDist:-3}
3170. $false <- (~1, 3, 4, 5, 6, 7, 8, 244) [subsumption resolution 3169,763] {a:1,w:0,goal:1,sine:1,thAx:0,allAx:3,thDist:-3}
3171. 1 | ~3 | ~4 | ~5 | ~6 | ~7 | ~8 | ~244 [avatar contradiction clause 3170]
3172. $false [avatar sat refutation 729,734,739,744,749,754,759,764,2045,2168,2207,2261,2289,3171] {a:0,w:0,goal:1,sine:0,thAx:0,allAx:1515,thDist:-1515}
% SZS output end Proof for limfunc1__t40_limfunc1
% ------------------------------
% Version: Vampire 4.5.1 (commit 226f88162 on 2021-09-12 20:13:44 +0200)
% Termination reason: Refutation

% >>> Input
% Input formulas: 177
% >>> Preprocessing
% Introduced skolems: 29
% Pure predicates: 6
% Unused predicate definitions: 1
% 
% >>> Saturation
% Initial clauses: 286
% Generated clauses: 1432
% Active clauses: 354
% Passive clauses: 761
% Final active clauses: 339
% Final passive clauses: 391
% Main loop iterations started: 368
% 
% >>> Simplifying Inferences
% Duplicate literals: 29
% Trivial inequalities: 1
% Fw subsumption resolutions: 217
% Fw demodulations: 6
% Bw demodulations: 5
% 
% >>> Deletion Inferences
% Simple tautologies: 44
% Forward subsumptions: 106
% Backward subsumptions: 2
% 
% >>> Generating Inferences
% Binary resolution: 611
% Unit resulting resolution: 3
% Forward superposition: 13
% Backward superposition: 14
% Self superposition: 1
% 
% >>> AVATAR
% Split clauses: 65
% Split components: 170
% Sat splitting refutations: 5
% 
% >>> SAT Solver Statistics
% SAT solver clauses: 293
% SAT solver unit clauses: 90
% SAT solver binary clauses: 91
% 
% Memory used [KB]: 11513
% Time elapsed: 0.016 s
% ------------------------------
% ------------------------------
% Time measurement results:
% parsing: 0.001 s
% preprocessing: 0.001 s
% SAT solver time: 0.001 s
% minimizing solver time: 0.001 s
% term sharing: 0.001 s
% congruence closure: 0.003 s ( own 0.002 s ) 
% forward subsumption index maintenance: 0.001 s
% forward subsumption: 0.001 s
% resolution: 0.002 s
% unit resulting resolution: 0.001 s
% passive container maintenance: 0.002 s
% other: 0.016 s ( own 0.002 s ) 

