i: [1,108,0,2,1,1,0,0] t49_parsp_2
a: [3,206,0,2,1,108]
s: 206
i: [1,107,0,2,1,1,0,0] t49_parsp_2
a: [3,211,0,2,1,107]
s: 211
i: [1,106,0,2,1,1,0,0] t49_parsp_2
a: [3,216,0,2,1,106]
s: 216
i: [1,105,0,2,1,1,0,0] t49_parsp_2
a: [3,221,0,2,1,105]
s: 221
i: [1,112,0,4,1,1,0,0] t49_parsp_2
a: [3,186,0,4,1,112]
s: 186
i: [1,111,0,4,1,1,0,0] t49_parsp_2
a: [3,191,0,4,1,111]
s: 191
i: [1,110,0,4,1,1,0,0] t49_parsp_2
a: [3,196,0,4,1,110]
s: 196
i: [1,109,0,4,1,1,0,0] t49_parsp_2
a: [3,201,0,4,1,109]
s: 201
i: [1,114,0,6,1,1,0,0] t49_parsp_2
a: [3,176,0,6,1,114]
s: 176
i: [1,113,0,6,1,1,0,0] t49_parsp_2
a: [3,181,0,6,1,113]
s: 181
i: [1,115,0,2,1,0,0,255] fc1_xboole_0
a: [3,226,0,2,1,115]
s: 226
i: [1,154,0,2,1,0,0,255] rc2_xboole_0
a: [3,231,0,2,1,154]
s: 231
i: [1,155,0,2,1,0,0,2] existence_l1_struct_0
a: [3,236,0,2,1,155]
s: 236
i: [1,156,0,2,1,0,0,255] rc1_xboole_0
a: [3,241,0,2,1,156]
s: 241
i: [1,157,0,2,1,0,0,1] existence_l1_parsp_1
a: [3,246,0,2,1,157]
s: 246
i: [1,159,0,2,1,0,0,1] rc2_parsp_1
a: [3,251,0,2,1,159]
s: 251
i: [1,158,0,2,1,0,0,1] rc2_parsp_1
a: [3,256,0,2,1,158]
s: 256
i: [1,130,0,4,2,0,0,1] dt_l1_parsp_1
s: 130
d: [2,258,1,2,1,1,40,130,206]
a: [3,264,1,2,1,258]
s: 264
i: [1,153,0,4,1,0,0,1] existence_m1_subset_1
s: 153
i: [1,116,0,6,3,0,0,255] cc7_struct_0
s: 116
d: [2,259,1,2,1,1,40,130,246]
a: [3,269,1,2,1,259]
s: 269
i: [1,117,0,6,3,0,0,255] cc5_struct_0
s: 117
d: [2,260,1,2,1,1,40,130,256]
a: [3,274,1,2,1,260]
s: 274
i: [1,119,0,6,3,0,0,255] cc17_struct_0
s: 119
i: [1,120,0,6,3,0,0,255] cc2_struct_0
s: 120
d: [2,276,1,4,2,1,40,117,236]
a: [3,282,1,2,1,276]
s: 282
i: [1,121,0,6,3,0,0,255] cc6_struct_0
s: 121
d: [2,278,2,4,2,1,40,117,269]
a: [3,291,2,2,1,278]
s: 291
i: [1,122,0,6,3,0,0,255] cc1_struct_0
s: 122
i: [1,125,0,6,3,0,0,255] cc4_struct_0
s: 125
i: [1,123,0,7,3,0,0,255] cc8_struct_0
s: 123
i: [1,126,0,7,3,0,0,255] cc11_struct_0
s: 126
i: [1,127,0,7,3,0,0,255] cc11_struct_0
s: 127
i: [1,128,0,7,3,0,0,255] cc9_struct_0
s: 128
i: [1,131,0,7,3,0,0,255] fc9_struct_0
s: 131
i: [1,132,0,7,3,0,0,255] fc6_struct_0
s: 132
i: [1,149,0,7,3,0,0,255] fc2_struct_0
s: 149
i: [1,150,0,7,3,0,0,255] fc8_struct_0
s: 150
i: [1,151,0,7,3,0,0,255] fc7_struct_0
s: 151
i: [1,152,0,7,3,0,0,255] fc1_struct_0
s: 152
i: [1,129,0,9,4,0,0,255] cc10_struct_0
s: 129
i: [1,165,0,28,8,0,0,1] t25_parsp_1
d: [2,170,0,20,6,0,18,165]
s: 170
i: [1,163,0,28,8,0,0,1] t25_parsp_1
d: [2,171,0,20,6,0,18,163]
s: 171
i: [1,161,0,30,9,0,0,255] d4_parsp_2
d: [2,172,0,22,7,0,18,161]
s: 172
i: [1,167,0,28,8,0,0,1] t25_parsp_1
d: [2,168,0,24,7,0,18,167]
s: 168
i: [1,166,0,28,8,0,0,1] t25_parsp_1
d: [2,169,0,24,7,0,18,166]
s: 169
i: [1,133,0,29,9,0,0,1] t45_parsp_2
s: 133
i: [1,134,0,42,11,0,0,255] d4_parsp_2
s: 134
i: [1,135,0,42,11,0,0,255] d4_parsp_2
s: 135
i: [1,136,0,42,11,0,0,255] d4_parsp_2
s: 136
i: [1,137,0,42,11,0,0,255] d4_parsp_2
s: 137
i: [1,138,0,49,11,0,0,255] d4_parsp_2
s: 138
i: [1,139,0,49,11,0,0,255] d4_parsp_2
s: 139
i: [1,140,0,49,11,0,0,255] d4_parsp_2
s: 140
i: [1,141,0,49,11,0,0,255] d4_parsp_2
s: 141
i: [1,143,0,50,13,0,0,255] d4_parsp_2
s: 143
i: [1,144,0,50,13,0,0,255] t39_parsp_2
s: 144
d: [2,326,1,97,22,0,40,143,139]
d: [2,333,1,81,16,0,18,326]
d: [2,334,1,72,15,0,21,333,137]
d: [2,335,1,63,14,0,21,334,135]
s: 335
d: [2,327,1,97,22,0,40,143,138]
d: [2,332,1,81,16,0,18,327]
d: [2,336,1,72,15,0,21,332,136]
d: [2,337,1,63,14,0,21,336,134]
s: 337
d: [2,328,1,97,22,0,40,143,141]
d: [2,331,1,81,16,0,18,328]
d: [2,338,1,72,15,0,21,331,137]
d: [2,339,1,63,14,0,21,338,135]
s: 339
d: [2,360,2,80,23,0,40,335,141]
d: [2,363,2,39,11,0,18,360]
s: 363
d: [2,329,1,97,22,0,40,143,140]
d: [2,330,1,81,16,0,18,329]
d: [2,340,1,72,15,0,21,330,136]
d: [2,341,1,63,14,0,21,340,134]
s: 341
d: [2,382,3,33,10,1,40,363,181]
d: [2,385,3,29,9,2,21,382,196]
d: [2,386,3,25,8,3,21,385,201]
d: [2,387,3,21,7,4,21,386,186]
d: [2,388,3,17,6,5,21,387,191]
d: [2,389,3,15,5,6,21,388,206]
d: [2,390,3,13,4,7,21,389,211]
d: [2,391,3,11,3,8,21,390,216]
d: [2,392,3,9,2,9,21,391,221]
a: [3,396,3,6,1,392]
s: 396
d: [2,342,1,97,22,0,40,144,139]
d: [2,349,1,81,16,0,18,342]
d: [2,350,1,72,15,0,21,349,137]
d: [2,351,1,63,14,0,21,350,135]
s: 351
d: [2,343,1,97,22,0,40,144,138]
d: [2,348,1,81,16,0,18,343]
d: [2,352,1,72,15,0,21,348,136]
d: [2,353,1,63,14,0,21,352,134]
s: 353
d: [2,358,2,80,23,0,40,335,139]
d: [2,365,2,39,11,0,18,358]
s: 365
r: 396
d: [2,344,1,97,22,0,40,144,141]
d: [2,347,1,81,16,0,18,344]
d: [2,354,1,72,15,0,21,347,137]
d: [2,355,1,63,14,0,21,354,135]
s: 355
a: [3,400,3,3,1,392]
s: 400
r: 181
r: 176
r: 186
r: 400
s: 186
s: 176
a: [3,399,3,3,1,392]
s: 399
s: 181
s: 396
d: [2,345,1,97,22,0,40,144,140]
d: [2,346,1,81,16,0,18,345]
d: [2,356,1,72,15,0,21,346,136]
d: [2,357,1,63,14,0,21,356,134]
s: 357
d: [2,369,2,80,23,0,40,337,140]
d: [2,370,2,39,11,0,18,369]
s: 370
d: [2,427,3,33,10,1,40,365,181]
d: [2,431,3,29,9,2,21,427,196]
d: [2,432,3,25,8,3,21,431,201]
d: [2,433,3,23,7,4,21,432,206]
d: [2,434,3,21,6,5,21,433,211]
d: [2,435,3,19,5,6,21,434,216]
d: [2,436,3,17,4,7,21,435,221]
d: [2,437,3,13,3,8,21,436,186]
d: [2,438,3,9,2,9,21,437,191]
a: [3,442,3,6,1,438]
s: 442
d: [2,367,2,80,23,0,40,337,138]
d: [2,372,2,39,11,0,18,367]
s: 372
d: [2,428,4,33,10,1,40,365,396]
d: [2,444,4,29,9,2,21,428,186]
d: [2,445,4,25,8,3,21,444,191]
d: [2,446,4,23,7,4,21,445,206]
d: [2,447,4,21,6,5,21,446,211]
d: [2,448,4,19,5,6,21,447,216]
d: [2,449,4,17,4,7,21,448,221]
d: [2,450,4,13,3,8,21,449,196]
d: [2,451,4,9,2,9,21,450,201]
a: [3,455,4,6,1,451]
s: 455
d: [2,376,2,80,23,0,40,339,141]
d: [2,379,2,39,11,0,18,376]
s: 379
d: [2,405,2,80,23,0,40,341,140]
d: [2,406,2,39,11,0,18,405]
s: 406
d: [2,413,2,80,23,0,40,351,141]
d: [2,416,2,39,11,0,18,413]
s: 416
r: 396
r: 399
r: 442
d: [2,469,0,6,1,2,23,181,400]
a: [3,475,0,6,1,469]
s: 475
s: 400
r: 455
r: 181
r: 176
r: 186
d: [2,470,0,6,1,2,23,176,400]
a: [3,480,0,6,1,470]
s: 480
d: [2,411,2,80,23,0,40,351,139]
d: [2,418,2,39,11,0,18,411]
s: 418
a: [3,459,4,3,1,451]
s: 459
r: 480
r: 475
r: 196
d: [2,721,0,6,1,2,23,480,459]
a: [3,727,0,6,1,721]
s: 727
d: [2,734,1,0,0,6,52,221,216,206,201,191,727,170]
e: 734
d: [2,735,1,14,5,1,40,727,170]
d: [2,737,1,10,4,2,21,735,191]
d: [2,738,1,6,3,3,21,737,201]
d: [2,739,1,4,2,4,21,738,206]
d: [2,740,1,2,1,5,21,739,216]
d: [2,741,1,0,0,6,21,740,221]
e: 741
r: 400
r: 727
s: 399
s: 186
a: [3,726,0,6,1,721]
s: 726
d: [2,722,0,6,1,2,23,475,459]
a: [3,732,0,6,1,722]
s: 732
d: [2,752,0,6,1,2,22,176,459]
a: [3,756,0,6,1,752]
s: 756
d: [2,758,0,6,1,2,22,181,459]
a: [3,762,0,6,1,758]
s: 762
d: [2,802,4,0,0,9,52,221,216,211,206,399,201,191,186,762,133]
e: 802
d: [2,803,1,23,8,1,40,762,133]
d: [2,821,1,20,7,2,21,803,399]
d: [2,822,1,16,6,3,21,821,186]
d: [2,823,1,12,5,4,21,822,191]
d: [2,824,1,8,4,5,21,823,201]
d: [2,825,1,6,3,6,21,824,206]
d: [2,826,1,4,2,7,21,825,211]
d: [2,827,1,2,1,8,21,826,216]
d: [2,828,1,0,0,9,21,827,221]
e: 828
d: [2,576,4,33,10,1,40,416,396]
d: [2,606,4,29,9,2,21,576,186]
d: [2,607,4,25,8,3,21,606,191]
d: [2,608,4,21,7,4,21,607,196]
d: [2,609,4,17,6,5,21,608,201]
d: [2,610,4,15,5,6,21,609,206]
d: [2,611,4,13,4,7,21,610,211]
d: [2,612,4,11,3,8,21,611,216]
d: [2,613,4,9,2,9,21,612,221]
d: [2,614,4,3,1,10,21,613,176]
d: [2,524,3,33,10,1,40,370,181]
d: [2,628,3,29,9,2,21,524,196]
d: [2,629,3,25,8,3,21,628,201]
d: [2,630,3,21,7,4,21,629,186]
d: [2,631,3,17,6,5,21,630,191]
d: [2,632,3,15,5,6,21,631,206]
d: [2,633,3,13,4,7,21,632,211]
d: [2,634,3,11,3,8,21,633,216]
d: [2,635,3,9,2,9,21,634,221]
d: [2,700,0,6,1,2,23,176,400]
f: 828,758,741,721,700,635,614,105,106,107,108,109,110,111,112,113,114
% Refutation found. Thanks to Tanya!
% SZS status Theorem for parsp_2__t49_parsp_2
% SZS output start Proof for parsp_2__t49_parsp_2
1. ! [X0] : ((l1_parsp_1(X0) & v1_parsp_2(X0) & v2_parsp_1(X0) & ~v2_struct_0(X0)) => ! [X1] : (m1_subset_1(X1,u1_struct_0(X0)) => ! [X2] : (m1_subset_1(X2,u1_struct_0(X0)) => ! [X3] : (m1_subset_1(X3,u1_struct_0(X0)) => ! [X4] : (m1_subset_1(X4,u1_struct_0(X0)) => (r3_parsp_2(X0,X1,X2,X3,X4) => r1_parsp_1(X0,X1,X3,X2,X4))))))) [input t49_parsp_2]
2. ~! [X0] : ((l1_parsp_1(X0) & v1_parsp_2(X0) & v2_parsp_1(X0) & ~v2_struct_0(X0)) => ! [X1] : (m1_subset_1(X1,u1_struct_0(X0)) => ! [X2] : (m1_subset_1(X2,u1_struct_0(X0)) => ! [X3] : (m1_subset_1(X3,u1_struct_0(X0)) => ! [X4] : (m1_subset_1(X4,u1_struct_0(X0)) => (r3_parsp_2(X0,X1,X2,X3,X4) => r1_parsp_1(X0,X1,X3,X2,X4))))))) [negated conjecture 1]
14. ! [X0] : ((l1_parsp_1(X0) & v1_parsp_2(X0) & v2_parsp_1(X0) & ~v2_struct_0(X0)) => ! [X1] : (m1_subset_1(X1,u1_struct_0(X0)) => ! [X2] : (m1_subset_1(X2,u1_struct_0(X0)) => ! [X3] : (m1_subset_1(X3,u1_struct_0(X0)) => ! [X4] : (m1_subset_1(X4,u1_struct_0(X0)) => (r3_parsp_2(X0,X1,X2,X3,X4) <=> ~(! [X5] : (m1_subset_1(X5,u1_struct_0(X0)) => ! [X6] : (m1_subset_1(X6,u1_struct_0(X0)) => ~(r2_parsp_2(X0,X5,X6,X3,X4) & r2_parsp_2(X0,X5,X6,X1,X2)))) & ~(X3 = X4 & X1 = X2)))))))) [input d4_parsp_2]
33. ! [X0] : ((l1_parsp_1(X0) & v2_parsp_1(X0) & ~v2_struct_0(X0)) => ! [X1] : (m1_subset_1(X1,u1_struct_0(X0)) => ! [X2] : (m1_subset_1(X2,u1_struct_0(X0)) => ! [X3] : (m1_subset_1(X3,u1_struct_0(X0)) => ! [X4] : (m1_subset_1(X4,u1_struct_0(X0)) => (~(~(X2 = X3 & X1 = X4) & ~(X2 = X4 & X1 = X3) & X3 != X4 & X1 != X2) => r1_parsp_1(X0,X1,X2,X3,X4))))))) [input t25_parsp_1]
34. ! [X0] : ((l1_parsp_1(X0) & v1_parsp_2(X0) & v2_parsp_1(X0) & ~v2_struct_0(X0)) => ! [X1] : (m1_subset_1(X1,u1_struct_0(X0)) => ! [X2] : (m1_subset_1(X2,u1_struct_0(X0)) => ! [X3] : (m1_subset_1(X3,u1_struct_0(X0)) => ! [X4] : (m1_subset_1(X4,u1_struct_0(X0)) => ! [X5] : (m1_subset_1(X5,u1_struct_0(X0)) => ! [X6] : (m1_subset_1(X6,u1_struct_0(X0)) => ((r2_parsp_2(X0,X1,X2,X5,X6) & r2_parsp_2(X0,X1,X2,X3,X4)) => r1_parsp_1(X0,X3,X5,X4,X6))))))))) [input t39_parsp_2]
35. ! [X0] : ((l1_parsp_1(X0) & v1_parsp_2(X0) & v2_parsp_1(X0) & ~v2_struct_0(X0)) => ! [X1] : (m1_subset_1(X1,u1_struct_0(X0)) => ! [X2] : (m1_subset_1(X2,u1_struct_0(X0)) => ! [X3] : (m1_subset_1(X3,u1_struct_0(X0)) => (r3_parsp_2(X0,X1,X1,X2,X3) => X2 = X3))))) [input t45_parsp_2]
36. ? [X0] : (? [X1] : (? [X2] : (? [X3] : (? [X4] : ((~r1_parsp_1(X0,X1,X3,X2,X4) & r3_parsp_2(X0,X1,X2,X3,X4)) & m1_subset_1(X4,u1_struct_0(X0))) & m1_subset_1(X3,u1_struct_0(X0))) & m1_subset_1(X2,u1_struct_0(X0))) & m1_subset_1(X1,u1_struct_0(X0))) & (l1_parsp_1(X0) & v1_parsp_2(X0) & v2_parsp_1(X0) & ~v2_struct_0(X0))) [ennf transformation 2]
37. ? [X0] : (? [X1] : (? [X2] : (? [X3] : (? [X4] : (~r1_parsp_1(X0,X1,X3,X2,X4) & r3_parsp_2(X0,X1,X2,X3,X4) & m1_subset_1(X4,u1_struct_0(X0))) & m1_subset_1(X3,u1_struct_0(X0))) & m1_subset_1(X2,u1_struct_0(X0))) & m1_subset_1(X1,u1_struct_0(X0))) & l1_parsp_1(X0) & v1_parsp_2(X0) & v2_parsp_1(X0) & ~v2_struct_0(X0)) [flattening 36]
65. ! [X0] : (! [X1] : (! [X2] : (! [X3] : ((X2 = X3 | ~r3_parsp_2(X0,X1,X1,X2,X3)) | ~m1_subset_1(X3,u1_struct_0(X0))) | ~m1_subset_1(X2,u1_struct_0(X0))) | ~m1_subset_1(X1,u1_struct_0(X0))) | (~l1_parsp_1(X0) | ~v1_parsp_2(X0) | ~v2_parsp_1(X0) | v2_struct_0(X0))) [ennf transformation 35]
66. ! [X0] : (! [X1] : (! [X2] : (! [X3] : (X2 = X3 | ~r3_parsp_2(X0,X1,X1,X2,X3) | ~m1_subset_1(X3,u1_struct_0(X0))) | ~m1_subset_1(X2,u1_struct_0(X0))) | ~m1_subset_1(X1,u1_struct_0(X0))) | ~l1_parsp_1(X0) | ~v1_parsp_2(X0) | ~v2_parsp_1(X0) | v2_struct_0(X0)) [flattening 65]
67. ! [X0] : (! [X1] : (! [X2] : (! [X3] : (! [X4] : ((r3_parsp_2(X0,X1,X2,X3,X4) <=> (? [X5] : (? [X6] : ((r2_parsp_2(X0,X5,X6,X3,X4) & r2_parsp_2(X0,X5,X6,X1,X2)) & m1_subset_1(X6,u1_struct_0(X0))) & m1_subset_1(X5,u1_struct_0(X0))) | (X3 = X4 & X1 = X2))) | ~m1_subset_1(X4,u1_struct_0(X0))) | ~m1_subset_1(X3,u1_struct_0(X0))) | ~m1_subset_1(X2,u1_struct_0(X0))) | ~m1_subset_1(X1,u1_struct_0(X0))) | (~l1_parsp_1(X0) | ~v1_parsp_2(X0) | ~v2_parsp_1(X0) | v2_struct_0(X0))) [ennf transformation 14]
68. ! [X0] : (! [X1] : (! [X2] : (! [X3] : (! [X4] : ((r3_parsp_2(X0,X1,X2,X3,X4) <=> (? [X5] : (? [X6] : (r2_parsp_2(X0,X5,X6,X3,X4) & r2_parsp_2(X0,X5,X6,X1,X2) & m1_subset_1(X6,u1_struct_0(X0))) & m1_subset_1(X5,u1_struct_0(X0))) | (X3 = X4 & X1 = X2))) | ~m1_subset_1(X4,u1_struct_0(X0))) | ~m1_subset_1(X3,u1_struct_0(X0))) | ~m1_subset_1(X2,u1_struct_0(X0))) | ~m1_subset_1(X1,u1_struct_0(X0))) | ~l1_parsp_1(X0) | ~v1_parsp_2(X0) | ~v2_parsp_1(X0) | v2_struct_0(X0)) [flattening 67]
69. ! [X0] : (! [X1] : (! [X2] : (! [X3] : (! [X4] : (! [X5] : (! [X6] : ((r1_parsp_1(X0,X3,X5,X4,X6) | (~r2_parsp_2(X0,X1,X2,X5,X6) | ~r2_parsp_2(X0,X1,X2,X3,X4))) | ~m1_subset_1(X6,u1_struct_0(X0))) | ~m1_subset_1(X5,u1_struct_0(X0))) | ~m1_subset_1(X4,u1_struct_0(X0))) | ~m1_subset_1(X3,u1_struct_0(X0))) | ~m1_subset_1(X2,u1_struct_0(X0))) | ~m1_subset_1(X1,u1_struct_0(X0))) | (~l1_parsp_1(X0) | ~v1_parsp_2(X0) | ~v2_parsp_1(X0) | v2_struct_0(X0))) [ennf transformation 34]
70. ! [X0] : (! [X1] : (! [X2] : (! [X3] : (! [X4] : (! [X5] : (! [X6] : (r1_parsp_1(X0,X3,X5,X4,X6) | ~r2_parsp_2(X0,X1,X2,X5,X6) | ~r2_parsp_2(X0,X1,X2,X3,X4) | ~m1_subset_1(X6,u1_struct_0(X0))) | ~m1_subset_1(X5,u1_struct_0(X0))) | ~m1_subset_1(X4,u1_struct_0(X0))) | ~m1_subset_1(X3,u1_struct_0(X0))) | ~m1_subset_1(X2,u1_struct_0(X0))) | ~m1_subset_1(X1,u1_struct_0(X0))) | ~l1_parsp_1(X0) | ~v1_parsp_2(X0) | ~v2_parsp_1(X0) | v2_struct_0(X0)) [flattening 69]
71. ! [X0] : (! [X1] : (! [X2] : (! [X3] : (! [X4] : ((r1_parsp_1(X0,X1,X2,X3,X4) | ((X2 != X3 | X1 != X4) & (X2 != X4 | X1 != X3) & X3 != X4 & X1 != X2)) | ~m1_subset_1(X4,u1_struct_0(X0))) | ~m1_subset_1(X3,u1_struct_0(X0))) | ~m1_subset_1(X2,u1_struct_0(X0))) | ~m1_subset_1(X1,u1_struct_0(X0))) | (~l1_parsp_1(X0) | ~v2_parsp_1(X0) | v2_struct_0(X0))) [ennf transformation 33]
72. ! [X0] : (! [X1] : (! [X2] : (! [X3] : (! [X4] : (r1_parsp_1(X0,X1,X2,X3,X4) | ((X2 != X3 | X1 != X4) & (X2 != X4 | X1 != X3) & X3 != X4 & X1 != X2) | ~m1_subset_1(X4,u1_struct_0(X0))) | ~m1_subset_1(X3,u1_struct_0(X0))) | ~m1_subset_1(X2,u1_struct_0(X0))) | ~m1_subset_1(X1,u1_struct_0(X0))) | ~l1_parsp_1(X0) | ~v2_parsp_1(X0) | v2_struct_0(X0)) [flattening 71]
81. ? [X0] : (? [X1] : (? [X2] : (? [X3] : (? [X4] : (~r1_parsp_1(X0,X1,X3,X2,X4) & r3_parsp_2(X0,X1,X2,X3,X4) & m1_subset_1(X4,u1_struct_0(X0))) & m1_subset_1(X3,u1_struct_0(X0))) & m1_subset_1(X2,u1_struct_0(X0))) & m1_subset_1(X1,u1_struct_0(X0))) & l1_parsp_1(X0) & v1_parsp_2(X0) & v2_parsp_1(X0) & ~v2_struct_0(X0)) => (? [X1] : (? [X2] : (? [X3] : (? [X4] : (~r1_parsp_1(sK0,X1,X3,X2,X4) & r3_parsp_2(sK0,X1,X2,X3,X4) & m1_subset_1(X4,u1_struct_0(sK0))) & m1_subset_1(X3,u1_struct_0(sK0))) & m1_subset_1(X2,u1_struct_0(sK0))) & m1_subset_1(X1,u1_struct_0(sK0))) & l1_parsp_1(sK0) & v1_parsp_2(sK0) & v2_parsp_1(sK0) & ~v2_struct_0(sK0)) [choice axiom]
82. ? [X1] : (? [X2] : (? [X3] : (? [X4] : (~r1_parsp_1(sK0,X1,X3,X2,X4) & r3_parsp_2(sK0,X1,X2,X3,X4) & m1_subset_1(X4,u1_struct_0(sK0))) & m1_subset_1(X3,u1_struct_0(sK0))) & m1_subset_1(X2,u1_struct_0(sK0))) & m1_subset_1(X1,u1_struct_0(sK0))) => (? [X2] : (? [X3] : (? [X4] : (~r1_parsp_1(sK0,sK1,X3,X2,X4) & r3_parsp_2(sK0,sK1,X2,X3,X4) & m1_subset_1(X4,u1_struct_0(sK0))) & m1_subset_1(X3,u1_struct_0(sK0))) & m1_subset_1(X2,u1_struct_0(sK0))) & m1_subset_1(sK1,u1_struct_0(sK0))) [choice axiom]
83. ? [X2] : (? [X3] : (? [X4] : (~r1_parsp_1(sK0,sK1,X3,X2,X4) & r3_parsp_2(sK0,sK1,X2,X3,X4) & m1_subset_1(X4,u1_struct_0(sK0))) & m1_subset_1(X3,u1_struct_0(sK0))) & m1_subset_1(X2,u1_struct_0(sK0))) => (? [X3] : (? [X4] : (~r1_parsp_1(sK0,sK1,X3,sK2,X4) & r3_parsp_2(sK0,sK1,sK2,X3,X4) & m1_subset_1(X4,u1_struct_0(sK0))) & m1_subset_1(X3,u1_struct_0(sK0))) & m1_subset_1(sK2,u1_struct_0(sK0))) [choice axiom]
84. ? [X3] : (? [X4] : (~r1_parsp_1(sK0,sK1,X3,sK2,X4) & r3_parsp_2(sK0,sK1,sK2,X3,X4) & m1_subset_1(X4,u1_struct_0(sK0))) & m1_subset_1(X3,u1_struct_0(sK0))) => (? [X4] : (~r1_parsp_1(sK0,sK1,sK3,sK2,X4) & r3_parsp_2(sK0,sK1,sK2,sK3,X4) & m1_subset_1(X4,u1_struct_0(sK0))) & m1_subset_1(sK3,u1_struct_0(sK0))) [choice axiom]
85. ? [X4] : (~r1_parsp_1(sK0,sK1,sK3,sK2,X4) & r3_parsp_2(sK0,sK1,sK2,sK3,X4) & m1_subset_1(X4,u1_struct_0(sK0))) => (~r1_parsp_1(sK0,sK1,sK3,sK2,sK4) & r3_parsp_2(sK0,sK1,sK2,sK3,sK4) & m1_subset_1(sK4,u1_struct_0(sK0))) [choice axiom]
86. ((((~r1_parsp_1(sK0,sK1,sK3,sK2,sK4) & r3_parsp_2(sK0,sK1,sK2,sK3,sK4) & m1_subset_1(sK4,u1_struct_0(sK0))) & m1_subset_1(sK3,u1_struct_0(sK0))) & m1_subset_1(sK2,u1_struct_0(sK0))) & m1_subset_1(sK1,u1_struct_0(sK0))) & l1_parsp_1(sK0) & v1_parsp_2(sK0) & v2_parsp_1(sK0) & ~v2_struct_0(sK0) [skolemisation 37,85,84,83,82,81]
87. ! [X0] : (! [X1] : (! [X2] : (! [X3] : (! [X4] : (((r3_parsp_2(X0,X1,X2,X3,X4) | (! [X5] : (! [X6] : (~r2_parsp_2(X0,X5,X6,X3,X4) | ~r2_parsp_2(X0,X5,X6,X1,X2) | ~m1_subset_1(X6,u1_struct_0(X0))) | ~m1_subset_1(X5,u1_struct_0(X0))) & (X3 != X4 | X1 != X2))) & ((? [X5] : (? [X6] : (r2_parsp_2(X0,X5,X6,X3,X4) & r2_parsp_2(X0,X5,X6,X1,X2) & m1_subset_1(X6,u1_struct_0(X0))) & m1_subset_1(X5,u1_struct_0(X0))) | (X3 = X4 & X1 = X2)) | ~r3_parsp_2(X0,X1,X2,X3,X4))) | ~m1_subset_1(X4,u1_struct_0(X0))) | ~m1_subset_1(X3,u1_struct_0(X0))) | ~m1_subset_1(X2,u1_struct_0(X0))) | ~m1_subset_1(X1,u1_struct_0(X0))) | ~l1_parsp_1(X0) | ~v1_parsp_2(X0) | ~v2_parsp_1(X0) | v2_struct_0(X0)) [nnf transformation 68]
88. ! [X0] : (! [X1] : (! [X2] : (! [X3] : (! [X4] : (((r3_parsp_2(X0,X1,X2,X3,X4) | (! [X5] : (! [X6] : (~r2_parsp_2(X0,X5,X6,X3,X4) | ~r2_parsp_2(X0,X5,X6,X1,X2) | ~m1_subset_1(X6,u1_struct_0(X0))) | ~m1_subset_1(X5,u1_struct_0(X0))) & (X3 != X4 | X1 != X2))) & (? [X5] : (? [X6] : (r2_parsp_2(X0,X5,X6,X3,X4) & r2_parsp_2(X0,X5,X6,X1,X2) & m1_subset_1(X6,u1_struct_0(X0))) & m1_subset_1(X5,u1_struct_0(X0))) | (X3 = X4 & X1 = X2) | ~r3_parsp_2(X0,X1,X2,X3,X4))) | ~m1_subset_1(X4,u1_struct_0(X0))) | ~m1_subset_1(X3,u1_struct_0(X0))) | ~m1_subset_1(X2,u1_struct_0(X0))) | ~m1_subset_1(X1,u1_struct_0(X0))) | ~l1_parsp_1(X0) | ~v1_parsp_2(X0) | ~v2_parsp_1(X0) | v2_struct_0(X0)) [flattening 87]
89. ! [X0] : (! [X1] : (! [X2] : (! [X3] : (! [X4] : (((r3_parsp_2(X0,X1,X2,X3,X4) | (! [X5] : (! [X6] : (~r2_parsp_2(X0,X5,X6,X3,X4) | ~r2_parsp_2(X0,X5,X6,X1,X2) | ~m1_subset_1(X6,u1_struct_0(X0))) | ~m1_subset_1(X5,u1_struct_0(X0))) & (X3 != X4 | X1 != X2))) & (? [X7] : (? [X8] : (r2_parsp_2(X0,X7,X8,X3,X4) & r2_parsp_2(X0,X7,X8,X1,X2) & m1_subset_1(X8,u1_struct_0(X0))) & m1_subset_1(X7,u1_struct_0(X0))) | (X3 = X4 & X1 = X2) | ~r3_parsp_2(X0,X1,X2,X3,X4))) | ~m1_subset_1(X4,u1_struct_0(X0))) | ~m1_subset_1(X3,u1_struct_0(X0))) | ~m1_subset_1(X2,u1_struct_0(X0))) | ~m1_subset_1(X1,u1_struct_0(X0))) | ~l1_parsp_1(X0) | ~v1_parsp_2(X0) | ~v2_parsp_1(X0) | v2_struct_0(X0)) [rectify 88]
90. ! [X4,X3,X2,X1,X0] : (? [X7] : (? [X8] : (r2_parsp_2(X0,X7,X8,X3,X4) & r2_parsp_2(X0,X7,X8,X1,X2) & m1_subset_1(X8,u1_struct_0(X0))) & m1_subset_1(X7,u1_struct_0(X0))) => (? [X8] : (r2_parsp_2(X0,sK5(X0,X1,X2,X3,X4),X8,X3,X4) & r2_parsp_2(X0,sK5(X0,X1,X2,X3,X4),X8,X1,X2) & m1_subset_1(X8,u1_struct_0(X0))) & m1_subset_1(sK5(X0,X1,X2,X3,X4),u1_struct_0(X0)))) [choice axiom]
91. ! [X4,X3,X2,X1,X0] : (? [X8] : (r2_parsp_2(X0,sK5(X0,X1,X2,X3,X4),X8,X3,X4) & r2_parsp_2(X0,sK5(X0,X1,X2,X3,X4),X8,X1,X2) & m1_subset_1(X8,u1_struct_0(X0))) => (r2_parsp_2(X0,sK5(X0,X1,X2,X3,X4),sK6(X0,X1,X2,X3,X4),X3,X4) & r2_parsp_2(X0,sK5(X0,X1,X2,X3,X4),sK6(X0,X1,X2,X3,X4),X1,X2) & m1_subset_1(sK6(X0,X1,X2,X3,X4),u1_struct_0(X0)))) [choice axiom]
92. ! [X0] : (! [X1] : (! [X2] : (! [X3] : (! [X4] : (((r3_parsp_2(X0,X1,X2,X3,X4) | (! [X5] : (! [X6] : (~r2_parsp_2(X0,X5,X6,X3,X4) | ~r2_parsp_2(X0,X5,X6,X1,X2) | ~m1_subset_1(X6,u1_struct_0(X0))) | ~m1_subset_1(X5,u1_struct_0(X0))) & (X3 != X4 | X1 != X2))) & (((r2_parsp_2(X0,sK5(X0,X1,X2,X3,X4),sK6(X0,X1,X2,X3,X4),X3,X4) & r2_parsp_2(X0,sK5(X0,X1,X2,X3,X4),sK6(X0,X1,X2,X3,X4),X1,X2) & m1_subset_1(sK6(X0,X1,X2,X3,X4),u1_struct_0(X0))) & m1_subset_1(sK5(X0,X1,X2,X3,X4),u1_struct_0(X0))) | (X3 = X4 & X1 = X2) | ~r3_parsp_2(X0,X1,X2,X3,X4))) | ~m1_subset_1(X4,u1_struct_0(X0))) | ~m1_subset_1(X3,u1_struct_0(X0))) | ~m1_subset_1(X2,u1_struct_0(X0))) | ~m1_subset_1(X1,u1_struct_0(X0))) | ~l1_parsp_1(X0) | ~v1_parsp_2(X0) | ~v2_parsp_1(X0) | v2_struct_0(X0)) [skolemisation 89,91,90]
105. ~v2_struct_0(sK0) [cnf transformation 86] {a:0,w:2,wCS:200,goal:1,sine:0,thAx:0,allAx:6,thDist:-6}
106. v2_parsp_1(sK0) [cnf transformation 86] {a:0,w:2,wCS:200,goal:1,sine:0,thAx:0,allAx:6,thDist:-6}
107. v1_parsp_2(sK0) [cnf transformation 86] {a:0,w:2,wCS:200,goal:1,sine:0,thAx:0,allAx:6,thDist:-6}
108. l1_parsp_1(sK0) [cnf transformation 86] {a:0,w:2,wCS:200,goal:1,sine:0,thAx:0,allAx:6,thDist:-6}
109. m1_subset_1(sK1,u1_struct_0(sK0)) [cnf transformation 86] {a:0,w:4,wCS:400,goal:1,sine:0,thAx:0,allAx:6,thDist:-6}
110. m1_subset_1(sK2,u1_struct_0(sK0)) [cnf transformation 86] {a:0,w:4,wCS:400,goal:1,sine:0,thAx:0,allAx:6,thDist:-6}
111. m1_subset_1(sK3,u1_struct_0(sK0)) [cnf transformation 86] {a:0,w:4,wCS:400,goal:1,sine:0,thAx:0,allAx:6,thDist:-6}
112. m1_subset_1(sK4,u1_struct_0(sK0)) [cnf transformation 86] {a:0,w:4,wCS:400,goal:1,sine:0,thAx:0,allAx:6,thDist:-6}
113. r3_parsp_2(sK0,sK1,sK2,sK3,sK4) [cnf transformation 86] {a:0,w:6,wCS:600,goal:1,sine:0,thAx:0,allAx:6,thDist:-6}
114. ~r1_parsp_1(sK0,sK1,sK3,sK2,sK4) [cnf transformation 86] {a:0,w:6,wCS:600,goal:1,sine:0,thAx:0,allAx:6,thDist:-6}
133. ~r3_parsp_2(X0,X1,X1,X2,X3) | X2 = X3 | ~m1_subset_1(X3,u1_struct_0(X0)) | ~m1_subset_1(X2,u1_struct_0(X0)) | ~m1_subset_1(X1,u1_struct_0(X0)) | ~l1_parsp_1(X0) | ~v1_parsp_2(X0) | ~v2_parsp_1(X0) | v2_struct_0(X0) [cnf transformation 66] {a:0,w:29,wCS:11600,nSel:1,sine:1,thAx:0,allAx:1,thDist:-1}
134. m1_subset_1(sK5(X0,X1,X2,X3,X4),u1_struct_0(X0)) | X1 = X2 | ~r3_parsp_2(X0,X1,X2,X3,X4) | ~m1_subset_1(X4,u1_struct_0(X0)) | ~m1_subset_1(X3,u1_struct_0(X0)) | ~m1_subset_1(X2,u1_struct_0(X0)) | ~m1_subset_1(X1,u1_struct_0(X0)) | ~l1_parsp_1(X0) | ~v1_parsp_2(X0) | ~v2_parsp_1(X0) | v2_struct_0(X0) [cnf transformation 92] {a:0,w:42,wCS:16800,nSel:1,sine:255,thAx:0,allAx:3,thDist:-3}
135. m1_subset_1(sK5(X0,X1,X2,X3,X4),u1_struct_0(X0)) | X3 = X4 | ~r3_parsp_2(X0,X1,X2,X3,X4) | ~m1_subset_1(X4,u1_struct_0(X0)) | ~m1_subset_1(X3,u1_struct_0(X0)) | ~m1_subset_1(X2,u1_struct_0(X0)) | ~m1_subset_1(X1,u1_struct_0(X0)) | ~l1_parsp_1(X0) | ~v1_parsp_2(X0) | ~v2_parsp_1(X0) | v2_struct_0(X0) [cnf transformation 92] {a:0,w:42,wCS:16800,nSel:1,sine:255,thAx:0,allAx:3,thDist:-3}
136. m1_subset_1(sK6(X0,X1,X2,X3,X4),u1_struct_0(X0)) | X1 = X2 | ~r3_parsp_2(X0,X1,X2,X3,X4) | ~m1_subset_1(X4,u1_struct_0(X0)) | ~m1_subset_1(X3,u1_struct_0(X0)) | ~m1_subset_1(X2,u1_struct_0(X0)) | ~m1_subset_1(X1,u1_struct_0(X0)) | ~l1_parsp_1(X0) | ~v1_parsp_2(X0) | ~v2_parsp_1(X0) | v2_struct_0(X0) [cnf transformation 92] {a:0,w:42,wCS:16800,nSel:1,sine:255,thAx:0,allAx:3,thDist:-3}
137. m1_subset_1(sK6(X0,X1,X2,X3,X4),u1_struct_0(X0)) | X3 = X4 | ~r3_parsp_2(X0,X1,X2,X3,X4) | ~m1_subset_1(X4,u1_struct_0(X0)) | ~m1_subset_1(X3,u1_struct_0(X0)) | ~m1_subset_1(X2,u1_struct_0(X0)) | ~m1_subset_1(X1,u1_struct_0(X0)) | ~l1_parsp_1(X0) | ~v1_parsp_2(X0) | ~v2_parsp_1(X0) | v2_struct_0(X0) [cnf transformation 92] {a:0,w:42,wCS:16800,nSel:1,sine:255,thAx:0,allAx:3,thDist:-3}
138. r2_parsp_2(X0,sK5(X0,X1,X2,X3,X4),sK6(X0,X1,X2,X3,X4),X1,X2) | X1 = X2 | ~r3_parsp_2(X0,X1,X2,X3,X4) | ~m1_subset_1(X4,u1_struct_0(X0)) | ~m1_subset_1(X3,u1_struct_0(X0)) | ~m1_subset_1(X2,u1_struct_0(X0)) | ~m1_subset_1(X1,u1_struct_0(X0)) | ~l1_parsp_1(X0) | ~v1_parsp_2(X0) | ~v2_parsp_1(X0) | v2_struct_0(X0) [cnf transformation 92] {a:0,w:49,wCS:19600,nSel:1,sine:255,thAx:0,allAx:3,thDist:-3}
139. r2_parsp_2(X0,sK5(X0,X1,X2,X3,X4),sK6(X0,X1,X2,X3,X4),X1,X2) | X3 = X4 | ~r3_parsp_2(X0,X1,X2,X3,X4) | ~m1_subset_1(X4,u1_struct_0(X0)) | ~m1_subset_1(X3,u1_struct_0(X0)) | ~m1_subset_1(X2,u1_struct_0(X0)) | ~m1_subset_1(X1,u1_struct_0(X0)) | ~l1_parsp_1(X0) | ~v1_parsp_2(X0) | ~v2_parsp_1(X0) | v2_struct_0(X0) [cnf transformation 92] {a:0,w:49,wCS:19600,nSel:1,sine:255,thAx:0,allAx:3,thDist:-3}
140. r2_parsp_2(X0,sK5(X0,X1,X2,X3,X4),sK6(X0,X1,X2,X3,X4),X3,X4) | X1 = X2 | ~r3_parsp_2(X0,X1,X2,X3,X4) | ~m1_subset_1(X4,u1_struct_0(X0)) | ~m1_subset_1(X3,u1_struct_0(X0)) | ~m1_subset_1(X2,u1_struct_0(X0)) | ~m1_subset_1(X1,u1_struct_0(X0)) | ~l1_parsp_1(X0) | ~v1_parsp_2(X0) | ~v2_parsp_1(X0) | v2_struct_0(X0) [cnf transformation 92] {a:0,w:49,wCS:19600,nSel:1,sine:255,thAx:0,allAx:3,thDist:-3}
141. r2_parsp_2(X0,sK5(X0,X1,X2,X3,X4),sK6(X0,X1,X2,X3,X4),X3,X4) | X3 = X4 | ~r3_parsp_2(X0,X1,X2,X3,X4) | ~m1_subset_1(X4,u1_struct_0(X0)) | ~m1_subset_1(X3,u1_struct_0(X0)) | ~m1_subset_1(X2,u1_struct_0(X0)) | ~m1_subset_1(X1,u1_struct_0(X0)) | ~l1_parsp_1(X0) | ~v1_parsp_2(X0) | ~v2_parsp_1(X0) | v2_struct_0(X0) [cnf transformation 92] {a:0,w:49,wCS:19600,nSel:1,sine:255,thAx:0,allAx:3,thDist:-3}
143. ~r2_parsp_2(X0,X5,X6,X3,X4) | r3_parsp_2(X0,X1,X2,X3,X4) | ~r2_parsp_2(X0,X5,X6,X1,X2) | ~m1_subset_1(X6,u1_struct_0(X0)) | ~m1_subset_1(X5,u1_struct_0(X0)) | ~m1_subset_1(X4,u1_struct_0(X0)) | ~m1_subset_1(X3,u1_struct_0(X0)) | ~m1_subset_1(X2,u1_struct_0(X0)) | ~m1_subset_1(X1,u1_struct_0(X0)) | ~l1_parsp_1(X0) | ~v1_parsp_2(X0) | ~v2_parsp_1(X0) | v2_struct_0(X0) [cnf transformation 92] {a:0,w:50,wCS:20000,nSel:1,sine:255,thAx:0,allAx:3,thDist:-3}
144. ~r2_parsp_2(X0,X1,X2,X5,X6) | r1_parsp_1(X0,X3,X5,X4,X6) | ~r2_parsp_2(X0,X1,X2,X3,X4) | ~m1_subset_1(X6,u1_struct_0(X0)) | ~m1_subset_1(X5,u1_struct_0(X0)) | ~m1_subset_1(X4,u1_struct_0(X0)) | ~m1_subset_1(X3,u1_struct_0(X0)) | ~m1_subset_1(X2,u1_struct_0(X0)) | ~m1_subset_1(X1,u1_struct_0(X0)) | ~l1_parsp_1(X0) | ~v1_parsp_2(X0) | ~v2_parsp_1(X0) | v2_struct_0(X0) [cnf transformation 70] {a:0,w:50,wCS:20000,nSel:1,sine:255,thAx:0,allAx:1,thDist:-1}
147. r1_parsp_1(X0,X1,X2,X3,X4) | X2 != X4 | X1 != X3 | ~m1_subset_1(X4,u1_struct_0(X0)) | ~m1_subset_1(X3,u1_struct_0(X0)) | ~m1_subset_1(X2,u1_struct_0(X0)) | ~m1_subset_1(X1,u1_struct_0(X0)) | ~l1_parsp_1(X0) | ~v2_parsp_1(X0) | v2_struct_0(X0) [cnf transformation 72] {a:0,w:34,wCS:13600,sine:1,thAx:0,allAx:1,thDist:-1}
164. r1_parsp_1(X0,X1,X4,X3,X4) | X1 != X3 | ~m1_subset_1(X4,u1_struct_0(X0)) | ~m1_subset_1(X3,u1_struct_0(X0)) | ~m1_subset_1(X4,u1_struct_0(X0)) | ~m1_subset_1(X1,u1_struct_0(X0)) | ~l1_parsp_1(X0) | ~v2_parsp_1(X0) | v2_struct_0(X0) [equality resolution 147] {a:0,w:31,wCS:12400,sine:1,thAx:0,allAx:1,thDist:-1}
165. r1_parsp_1(X0,X3,X4,X3,X4) | ~m1_subset_1(X4,u1_struct_0(X0)) | ~m1_subset_1(X3,u1_struct_0(X0)) | ~m1_subset_1(X4,u1_struct_0(X0)) | ~m1_subset_1(X3,u1_struct_0(X0)) | ~l1_parsp_1(X0) | ~v2_parsp_1(X0) | v2_struct_0(X0) [equality resolution 164] {a:0,w:28,wCS:11200,sine:1,thAx:0,allAx:1,thDist:-1}
170. r1_parsp_1(X0,X3,X4,X3,X4) | ~m1_subset_1(X4,u1_struct_0(X0)) | ~m1_subset_1(X3,u1_struct_0(X0)) | ~l1_parsp_1(X0) | ~v2_parsp_1(X0) | v2_struct_0(X0) [duplicate literal removal 165] {a:0,w:20,wCS:8000,nSel:1,sine:1,thAx:0,allAx:1,thDist:-1}
174. 1 <=> r1_parsp_1(sK0,sK1,sK3,sK2,sK4) [avatar definition]
176. ~r1_parsp_1(sK0,sK1,sK3,sK2,sK4) <- (~1) [avatar component clause 174] {a:0,w:6,wCS:600,nSel:1,goal:1,sine:255,thAx:0,allAx:6,thDist:-6}
177. ~1 [avatar split clause 114,174]
179. 2 <=> r3_parsp_2(sK0,sK1,sK2,sK3,sK4) [avatar definition]
181. r3_parsp_2(sK0,sK1,sK2,sK3,sK4) <- (2) [avatar component clause 179] {a:0,w:6,wCS:600,nSel:1,goal:1,sine:255,thAx:0,allAx:6,thDist:-6}
182. 2 [avatar split clause 113,179]
184. 3 <=> m1_subset_1(sK4,u1_struct_0(sK0)) [avatar definition]
186. m1_subset_1(sK4,u1_struct_0(sK0)) <- (3) [avatar component clause 184] {a:0,w:4,wCS:400,nSel:1,goal:1,sine:255,thAx:0,allAx:6,thDist:-6}
187. 3 [avatar split clause 112,184]
189. 4 <=> m1_subset_1(sK3,u1_struct_0(sK0)) [avatar definition]
191. m1_subset_1(sK3,u1_struct_0(sK0)) <- (4) [avatar component clause 189] {a:0,w:4,wCS:400,nSel:1,goal:1,sine:255,thAx:0,allAx:6,thDist:-6}
192. 4 [avatar split clause 111,189]
194. 5 <=> m1_subset_1(sK2,u1_struct_0(sK0)) [avatar definition]
196. m1_subset_1(sK2,u1_struct_0(sK0)) <- (5) [avatar component clause 194] {a:0,w:4,wCS:400,nSel:1,goal:1,sine:255,thAx:0,allAx:6,thDist:-6}
197. 5 [avatar split clause 110,194]
199. 6 <=> m1_subset_1(sK1,u1_struct_0(sK0)) [avatar definition]
201. m1_subset_1(sK1,u1_struct_0(sK0)) <- (6) [avatar component clause 199] {a:0,w:4,wCS:400,nSel:1,goal:1,sine:255,thAx:0,allAx:6,thDist:-6}
202. 6 [avatar split clause 109,199]
204. 7 <=> l1_parsp_1(sK0) [avatar definition]
206. l1_parsp_1(sK0) <- (7) [avatar component clause 204] {a:0,w:2,wCS:200,nSel:1,goal:1,sine:255,thAx:0,allAx:6,thDist:-6}
207. 7 [avatar split clause 108,204]
209. 8 <=> v1_parsp_2(sK0) [avatar definition]
211. v1_parsp_2(sK0) <- (8) [avatar component clause 209] {a:0,w:2,wCS:200,nSel:1,goal:1,sine:255,thAx:0,allAx:6,thDist:-6}
212. 8 [avatar split clause 107,209]
214. 9 <=> v2_parsp_1(sK0) [avatar definition]
216. v2_parsp_1(sK0) <- (9) [avatar component clause 214] {a:0,w:2,wCS:200,nSel:1,goal:1,sine:255,thAx:0,allAx:6,thDist:-6}
217. 9 [avatar split clause 106,214]
219. 10 <=> v2_struct_0(sK0) [avatar definition]
221. ~v2_struct_0(sK0) <- (~10) [avatar component clause 219] {a:0,w:2,wCS:200,nSel:1,goal:1,sine:255,thAx:0,allAx:6,thDist:-6}
222. ~10 [avatar split clause 105,219]
327. r3_parsp_2(X7,X8,X9,X10,X11) | ~r2_parsp_2(X7,sK5(X7,X10,X11,X12,X13),sK6(X7,X10,X11,X12,X13),X8,X9) | ~m1_subset_1(sK6(X7,X10,X11,X12,X13),u1_struct_0(X7)) | ~m1_subset_1(sK5(X7,X10,X11,X12,X13),u1_struct_0(X7)) | ~m1_subset_1(X11,u1_struct_0(X7)) | ~m1_subset_1(X10,u1_struct_0(X7)) | ~m1_subset_1(X9,u1_struct_0(X7)) | ~m1_subset_1(X8,u1_struct_0(X7)) | ~l1_parsp_1(X7) | ~v1_parsp_2(X7) | ~v2_parsp_1(X7) | v2_struct_0(X7) | X10 = X11 | ~r3_parsp_2(X7,X10,X11,X12,X13) | ~m1_subset_1(X13,u1_struct_0(X7)) | ~m1_subset_1(X12,u1_struct_0(X7)) | ~m1_subset_1(X11,u1_struct_0(X7)) | ~m1_subset_1(X10,u1_struct_0(X7)) | ~l1_parsp_1(X7) | ~v1_parsp_2(X7) | ~v2_parsp_1(X7) | v2_struct_0(X7) [resolution 143,138] {a:1,w:97,wCS:38800,sine:255,thAx:0,allAx:6,thDist:-6}
332. r3_parsp_2(X7,X8,X9,X10,X11) | ~r2_parsp_2(X7,sK5(X7,X10,X11,X12,X13),sK6(X7,X10,X11,X12,X13),X8,X9) | ~m1_subset_1(sK6(X7,X10,X11,X12,X13),u1_struct_0(X7)) | ~m1_subset_1(sK5(X7,X10,X11,X12,X13),u1_struct_0(X7)) | ~m1_subset_1(X11,u1_struct_0(X7)) | ~m1_subset_1(X10,u1_struct_0(X7)) | ~m1_subset_1(X9,u1_struct_0(X7)) | ~m1_subset_1(X8,u1_struct_0(X7)) | ~l1_parsp_1(X7) | ~v1_parsp_2(X7) | ~v2_parsp_1(X7) | v2_struct_0(X7) | X10 = X11 | ~r3_parsp_2(X7,X10,X11,X12,X13) | ~m1_subset_1(X13,u1_struct_0(X7)) | ~m1_subset_1(X12,u1_struct_0(X7)) [duplicate literal removal 327] {a:1,w:81,wCS:32400,sine:255,thAx:0,allAx:6,thDist:-6}
336. r3_parsp_2(X7,X8,X9,X10,X11) | ~r2_parsp_2(X7,sK5(X7,X10,X11,X12,X13),sK6(X7,X10,X11,X12,X13),X8,X9) | ~m1_subset_1(sK5(X7,X10,X11,X12,X13),u1_struct_0(X7)) | ~m1_subset_1(X11,u1_struct_0(X7)) | ~m1_subset_1(X10,u1_struct_0(X7)) | ~m1_subset_1(X9,u1_struct_0(X7)) | ~m1_subset_1(X8,u1_struct_0(X7)) | ~l1_parsp_1(X7) | ~v1_parsp_2(X7) | ~v2_parsp_1(X7) | v2_struct_0(X7) | X10 = X11 | ~r3_parsp_2(X7,X10,X11,X12,X13) | ~m1_subset_1(X13,u1_struct_0(X7)) | ~m1_subset_1(X12,u1_struct_0(X7)) [subsumption resolution 332,136] {a:1,w:72,wCS:28800,sine:255,thAx:0,allAx:6,thDist:-6}
337. ~r2_parsp_2(X7,sK5(X7,X10,X11,X12,X13),sK6(X7,X10,X11,X12,X13),X8,X9) | r3_parsp_2(X7,X8,X9,X10,X11) | ~m1_subset_1(X11,u1_struct_0(X7)) | ~m1_subset_1(X10,u1_struct_0(X7)) | ~m1_subset_1(X9,u1_struct_0(X7)) | ~m1_subset_1(X8,u1_struct_0(X7)) | ~l1_parsp_1(X7) | ~v1_parsp_2(X7) | ~v2_parsp_1(X7) | v2_struct_0(X7) | X10 = X11 | ~r3_parsp_2(X7,X10,X11,X12,X13) | ~m1_subset_1(X13,u1_struct_0(X7)) | ~m1_subset_1(X12,u1_struct_0(X7)) [subsumption resolution 336,134] {a:1,w:63,wCS:25200,nSel:1,sine:255,thAx:0,allAx:6,thDist:-6}
342. r1_parsp_1(X0,X1,X2,X3,X4) | ~r2_parsp_2(X0,sK5(X0,X2,X4,X5,X6),sK6(X0,X2,X4,X5,X6),X1,X3) | ~m1_subset_1(X4,u1_struct_0(X0)) | ~m1_subset_1(X2,u1_struct_0(X0)) | ~m1_subset_1(X3,u1_struct_0(X0)) | ~m1_subset_1(X1,u1_struct_0(X0)) | ~m1_subset_1(sK6(X0,X2,X4,X5,X6),u1_struct_0(X0)) | ~m1_subset_1(sK5(X0,X2,X4,X5,X6),u1_struct_0(X0)) | ~l1_parsp_1(X0) | ~v1_parsp_2(X0) | ~v2_parsp_1(X0) | v2_struct_0(X0) | X5 = X6 | ~r3_parsp_2(X0,X2,X4,X5,X6) | ~m1_subset_1(X6,u1_struct_0(X0)) | ~m1_subset_1(X5,u1_struct_0(X0)) | ~m1_subset_1(X4,u1_struct_0(X0)) | ~m1_subset_1(X2,u1_struct_0(X0)) | ~l1_parsp_1(X0) | ~v1_parsp_2(X0) | ~v2_parsp_1(X0) | v2_struct_0(X0) [resolution 144,139] {a:1,w:97,wCS:38800,sine:255,thAx:0,allAx:4,thDist:-4}
349. r1_parsp_1(X0,X1,X2,X3,X4) | ~r2_parsp_2(X0,sK5(X0,X2,X4,X5,X6),sK6(X0,X2,X4,X5,X6),X1,X3) | ~m1_subset_1(X4,u1_struct_0(X0)) | ~m1_subset_1(X2,u1_struct_0(X0)) | ~m1_subset_1(X3,u1_struct_0(X0)) | ~m1_subset_1(X1,u1_struct_0(X0)) | ~m1_subset_1(sK6(X0,X2,X4,X5,X6),u1_struct_0(X0)) | ~m1_subset_1(sK5(X0,X2,X4,X5,X6),u1_struct_0(X0)) | ~l1_parsp_1(X0) | ~v1_parsp_2(X0) | ~v2_parsp_1(X0) | v2_struct_0(X0) | X5 = X6 | ~r3_parsp_2(X0,X2,X4,X5,X6) | ~m1_subset_1(X6,u1_struct_0(X0)) | ~m1_subset_1(X5,u1_struct_0(X0)) [duplicate literal removal 342] {a:1,w:81,wCS:32400,sine:255,thAx:0,allAx:4,thDist:-4}
350. r1_parsp_1(X0,X1,X2,X3,X4) | ~r2_parsp_2(X0,sK5(X0,X2,X4,X5,X6),sK6(X0,X2,X4,X5,X6),X1,X3) | ~m1_subset_1(X4,u1_struct_0(X0)) | ~m1_subset_1(X2,u1_struct_0(X0)) | ~m1_subset_1(X3,u1_struct_0(X0)) | ~m1_subset_1(X1,u1_struct_0(X0)) | ~m1_subset_1(sK5(X0,X2,X4,X5,X6),u1_struct_0(X0)) | ~l1_parsp_1(X0) | ~v1_parsp_2(X0) | ~v2_parsp_1(X0) | v2_struct_0(X0) | X5 = X6 | ~r3_parsp_2(X0,X2,X4,X5,X6) | ~m1_subset_1(X6,u1_struct_0(X0)) | ~m1_subset_1(X5,u1_struct_0(X0)) [subsumption resolution 349,137] {a:1,w:72,wCS:28800,sine:255,thAx:0,allAx:4,thDist:-4}
351. ~r2_parsp_2(X0,sK5(X0,X2,X4,X5,X6),sK6(X0,X2,X4,X5,X6),X1,X3) | r1_parsp_1(X0,X1,X2,X3,X4) | ~m1_subset_1(X4,u1_struct_0(X0)) | ~m1_subset_1(X2,u1_struct_0(X0)) | ~m1_subset_1(X3,u1_struct_0(X0)) | ~m1_subset_1(X1,u1_struct_0(X0)) | ~l1_parsp_1(X0) | ~v1_parsp_2(X0) | ~v2_parsp_1(X0) | v2_struct_0(X0) | X5 = X6 | ~r3_parsp_2(X0,X2,X4,X5,X6) | ~m1_subset_1(X6,u1_struct_0(X0)) | ~m1_subset_1(X5,u1_struct_0(X0)) [subsumption resolution 350,135] {a:1,w:63,wCS:25200,nSel:1,sine:255,thAx:0,allAx:4,thDist:-4}
369. r3_parsp_2(X15,X16,X17,X18,X19) | ~m1_subset_1(X19,u1_struct_0(X15)) | ~m1_subset_1(X18,u1_struct_0(X15)) | ~m1_subset_1(X17,u1_struct_0(X15)) | ~m1_subset_1(X16,u1_struct_0(X15)) | ~l1_parsp_1(X15) | ~v1_parsp_2(X15) | ~v2_parsp_1(X15) | v2_struct_0(X15) | X18 = X19 | ~r3_parsp_2(X15,X18,X19,X16,X17) | ~m1_subset_1(X17,u1_struct_0(X15)) | ~m1_subset_1(X16,u1_struct_0(X15)) | X18 = X19 | ~r3_parsp_2(X15,X18,X19,X16,X17) | ~m1_subset_1(X17,u1_struct_0(X15)) | ~m1_subset_1(X16,u1_struct_0(X15)) | ~m1_subset_1(X19,u1_struct_0(X15)) | ~m1_subset_1(X18,u1_struct_0(X15)) | ~l1_parsp_1(X15) | ~v1_parsp_2(X15) | ~v2_parsp_1(X15) | v2_struct_0(X15) [resolution 337,140] {a:2,w:80,wCS:32000,sine:255,thAx:0,allAx:9,thDist:-9}
370. ~r3_parsp_2(X15,X18,X19,X16,X17) | ~m1_subset_1(X19,u1_struct_0(X15)) | ~m1_subset_1(X18,u1_struct_0(X15)) | ~m1_subset_1(X17,u1_struct_0(X15)) | ~m1_subset_1(X16,u1_struct_0(X15)) | ~l1_parsp_1(X15) | ~v1_parsp_2(X15) | ~v2_parsp_1(X15) | v2_struct_0(X15) | X18 = X19 | r3_parsp_2(X15,X16,X17,X18,X19) [duplicate literal removal 369] {a:2,w:39,wCS:15600,nSel:1,sine:255,thAx:0,allAx:9,thDist:-9}
394. 27 <=> r3_parsp_2(sK0,sK3,sK4,sK1,sK2) [avatar definition]
396. r3_parsp_2(sK0,sK3,sK4,sK1,sK2) <- (27) [avatar component clause 394] {a:3,w:6,wCS:600,nSel:1,goal:1,sine:255,thAx:0,allAx:15,thDist:-15}
398. 28 <=> sK3 = sK4 [avatar definition]
399. sK3 != sK4 <- (~28) [avatar component clause 398] {a:3,w:3,wCS:300,nSel:1,goal:1,sine:255,thAx:0,allAx:15,thDist:-15}
400. sK3 = sK4 <- (28) [avatar component clause 398] {a:3,w:3,wCS:300,nSel:1,goal:1,sine:255,thAx:0,allAx:15,thDist:-15}
413. r1_parsp_1(X10,X11,X12,X13,X14) | ~m1_subset_1(X14,u1_struct_0(X10)) | ~m1_subset_1(X12,u1_struct_0(X10)) | ~m1_subset_1(X13,u1_struct_0(X10)) | ~m1_subset_1(X11,u1_struct_0(X10)) | ~l1_parsp_1(X10) | ~v1_parsp_2(X10) | ~v2_parsp_1(X10) | v2_struct_0(X10) | X11 = X13 | ~r3_parsp_2(X10,X12,X14,X11,X13) | ~m1_subset_1(X13,u1_struct_0(X10)) | ~m1_subset_1(X11,u1_struct_0(X10)) | X11 = X13 | ~r3_parsp_2(X10,X12,X14,X11,X13) | ~m1_subset_1(X13,u1_struct_0(X10)) | ~m1_subset_1(X11,u1_struct_0(X10)) | ~m1_subset_1(X14,u1_struct_0(X10)) | ~m1_subset_1(X12,u1_struct_0(X10)) | ~l1_parsp_1(X10) | ~v1_parsp_2(X10) | ~v2_parsp_1(X10) | v2_struct_0(X10) [resolution 351,141] {a:2,w:80,wCS:32000,sine:255,thAx:0,allAx:7,thDist:-7}
416. ~r3_parsp_2(X10,X12,X14,X11,X13) | ~m1_subset_1(X14,u1_struct_0(X10)) | ~m1_subset_1(X12,u1_struct_0(X10)) | ~m1_subset_1(X13,u1_struct_0(X10)) | ~m1_subset_1(X11,u1_struct_0(X10)) | ~l1_parsp_1(X10) | ~v1_parsp_2(X10) | ~v2_parsp_1(X10) | v2_struct_0(X10) | X11 = X13 | r1_parsp_1(X10,X11,X12,X13,X14) [duplicate literal removal 413] {a:2,w:39,wCS:15600,nSel:1,sine:255,thAx:0,allAx:7,thDist:-7}
457. 31 <=> sK1 = sK2 [avatar definition]
459. sK1 = sK2 <- (31) [avatar component clause 457] {a:4,w:3,wCS:300,nSel:1,goal:1,sine:255,thAx:0,allAx:24,thDist:-24}
478. 33 <=> r1_parsp_1(sK0,sK1,sK3,sK2,sK3) [avatar definition]
480. ~r1_parsp_1(sK0,sK1,sK3,sK2,sK3) <- (~33) [avatar component clause 478] {a:0,w:6,wCS:600,nSel:1,goal:1,sine:255,thAx:0,allAx:6,thDist:-6}
524. ~m1_subset_1(sK2,u1_struct_0(sK0)) | ~m1_subset_1(sK1,u1_struct_0(sK0)) | ~m1_subset_1(sK4,u1_struct_0(sK0)) | ~m1_subset_1(sK3,u1_struct_0(sK0)) | ~l1_parsp_1(sK0) | ~v1_parsp_2(sK0) | ~v2_parsp_1(sK0) | v2_struct_0(sK0) | sK1 = sK2 | r3_parsp_2(sK0,sK3,sK4,sK1,sK2) <- (2) [resolution 370,181] {a:3,w:33,wCS:3300,goal:1,sine:255,thAx:0,allAx:15,thDist:-15}
576. ~m1_subset_1(sK4,u1_struct_0(sK0)) | ~m1_subset_1(sK3,u1_struct_0(sK0)) | ~m1_subset_1(sK2,u1_struct_0(sK0)) | ~m1_subset_1(sK1,u1_struct_0(sK0)) | ~l1_parsp_1(sK0) | ~v1_parsp_2(sK0) | ~v2_parsp_1(sK0) | v2_struct_0(sK0) | sK1 = sK2 | r1_parsp_1(sK0,sK1,sK3,sK2,sK4) <- (27) [resolution 416,396] {a:4,w:33,wCS:3300,goal:1,sine:255,thAx:0,allAx:22,thDist:-22}
606. ~m1_subset_1(sK3,u1_struct_0(sK0)) | ~m1_subset_1(sK2,u1_struct_0(sK0)) | ~m1_subset_1(sK1,u1_struct_0(sK0)) | ~l1_parsp_1(sK0) | ~v1_parsp_2(sK0) | ~v2_parsp_1(sK0) | v2_struct_0(sK0) | sK1 = sK2 | r1_parsp_1(sK0,sK1,sK3,sK2,sK4) <- (3, 27) [subsumption resolution 576,186] {a:4,w:29,wCS:2900,goal:1,sine:255,thAx:0,allAx:22,thDist:-22}
607. ~m1_subset_1(sK2,u1_struct_0(sK0)) | ~m1_subset_1(sK1,u1_struct_0(sK0)) | ~l1_parsp_1(sK0) | ~v1_parsp_2(sK0) | ~v2_parsp_1(sK0) | v2_struct_0(sK0) | sK1 = sK2 | r1_parsp_1(sK0,sK1,sK3,sK2,sK4) <- (3, 4, 27) [subsumption resolution 606,191] {a:4,w:25,wCS:2500,goal:1,sine:255,thAx:0,allAx:22,thDist:-22}
608. ~m1_subset_1(sK1,u1_struct_0(sK0)) | ~l1_parsp_1(sK0) | ~v1_parsp_2(sK0) | ~v2_parsp_1(sK0) | v2_struct_0(sK0) | sK1 = sK2 | r1_parsp_1(sK0,sK1,sK3,sK2,sK4) <- (3, 4, 5, 27) [subsumption resolution 607,196] {a:4,w:21,wCS:2100,goal:1,sine:255,thAx:0,allAx:22,thDist:-22}
609. ~l1_parsp_1(sK0) | ~v1_parsp_2(sK0) | ~v2_parsp_1(sK0) | v2_struct_0(sK0) | sK1 = sK2 | r1_parsp_1(sK0,sK1,sK3,sK2,sK4) <- (3, 4, 5, 6, 27) [subsumption resolution 608,201] {a:4,w:17,wCS:1700,goal:1,sine:255,thAx:0,allAx:22,thDist:-22}
610. ~v1_parsp_2(sK0) | ~v2_parsp_1(sK0) | v2_struct_0(sK0) | sK1 = sK2 | r1_parsp_1(sK0,sK1,sK3,sK2,sK4) <- (3, 4, 5, 6, 7, 27) [subsumption resolution 609,206] {a:4,w:15,wCS:1500,goal:1,sine:255,thAx:0,allAx:22,thDist:-22}
611. ~v2_parsp_1(sK0) | v2_struct_0(sK0) | sK1 = sK2 | r1_parsp_1(sK0,sK1,sK3,sK2,sK4) <- (3, 4, 5, 6, 7, 8, 27) [subsumption resolution 610,211] {a:4,w:13,wCS:1300,goal:1,sine:255,thAx:0,allAx:22,thDist:-22}
612. v2_struct_0(sK0) | sK1 = sK2 | r1_parsp_1(sK0,sK1,sK3,sK2,sK4) <- (3, 4, 5, 6, 7, 8, 9, 27) [subsumption resolution 611,216] {a:4,w:11,wCS:1100,goal:1,sine:255,thAx:0,allAx:22,thDist:-22}
613. sK1 = sK2 | r1_parsp_1(sK0,sK1,sK3,sK2,sK4) <- (3, 4, 5, 6, 7, 8, 9, ~10, 27) [subsumption resolution 612,221] {a:4,w:9,wCS:900,goal:1,sine:255,thAx:0,allAx:22,thDist:-22}
614. sK1 = sK2 <- (~1, 3, 4, 5, 6, 7, 8, 9, ~10, 27) [subsumption resolution 613,176] {a:4,w:3,wCS:300,goal:1,sine:255,thAx:0,allAx:22,thDist:-22}
615. 31 | 1 | ~3 | ~4 | ~5 | ~6 | ~7 | ~8 | ~9 | 10 | ~27 [avatar split clause 614,394,219,214,209,204,199,194,189,184,174,457]
628. ~m1_subset_1(sK1,u1_struct_0(sK0)) | ~m1_subset_1(sK4,u1_struct_0(sK0)) | ~m1_subset_1(sK3,u1_struct_0(sK0)) | ~l1_parsp_1(sK0) | ~v1_parsp_2(sK0) | ~v2_parsp_1(sK0) | v2_struct_0(sK0) | sK1 = sK2 | r3_parsp_2(sK0,sK3,sK4,sK1,sK2) <- (2, 5) [subsumption resolution 524,196] {a:3,w:29,wCS:2900,goal:1,sine:255,thAx:0,allAx:15,thDist:-15}
629. ~m1_subset_1(sK4,u1_struct_0(sK0)) | ~m1_subset_1(sK3,u1_struct_0(sK0)) | ~l1_parsp_1(sK0) | ~v1_parsp_2(sK0) | ~v2_parsp_1(sK0) | v2_struct_0(sK0) | sK1 = sK2 | r3_parsp_2(sK0,sK3,sK4,sK1,sK2) <- (2, 5, 6) [subsumption resolution 628,201] {a:3,w:25,wCS:2500,goal:1,sine:255,thAx:0,allAx:15,thDist:-15}
630. ~m1_subset_1(sK3,u1_struct_0(sK0)) | ~l1_parsp_1(sK0) | ~v1_parsp_2(sK0) | ~v2_parsp_1(sK0) | v2_struct_0(sK0) | sK1 = sK2 | r3_parsp_2(sK0,sK3,sK4,sK1,sK2) <- (2, 3, 5, 6) [subsumption resolution 629,186] {a:3,w:21,wCS:2100,goal:1,sine:255,thAx:0,allAx:15,thDist:-15}
631. ~l1_parsp_1(sK0) | ~v1_parsp_2(sK0) | ~v2_parsp_1(sK0) | v2_struct_0(sK0) | sK1 = sK2 | r3_parsp_2(sK0,sK3,sK4,sK1,sK2) <- (2, 3, 4, 5, 6) [subsumption resolution 630,191] {a:3,w:17,wCS:1700,goal:1,sine:255,thAx:0,allAx:15,thDist:-15}
632. ~v1_parsp_2(sK0) | ~v2_parsp_1(sK0) | v2_struct_0(sK0) | sK1 = sK2 | r3_parsp_2(sK0,sK3,sK4,sK1,sK2) <- (2, 3, 4, 5, 6, 7) [subsumption resolution 631,206] {a:3,w:15,wCS:1500,goal:1,sine:255,thAx:0,allAx:15,thDist:-15}
633. ~v2_parsp_1(sK0) | v2_struct_0(sK0) | sK1 = sK2 | r3_parsp_2(sK0,sK3,sK4,sK1,sK2) <- (2, 3, 4, 5, 6, 7, 8) [subsumption resolution 632,211] {a:3,w:13,wCS:1300,goal:1,sine:255,thAx:0,allAx:15,thDist:-15}
634. v2_struct_0(sK0) | sK1 = sK2 | r3_parsp_2(sK0,sK3,sK4,sK1,sK2) <- (2, 3, 4, 5, 6, 7, 8, 9) [subsumption resolution 633,216] {a:3,w:11,wCS:1100,goal:1,sine:255,thAx:0,allAx:15,thDist:-15}
635. sK1 = sK2 | r3_parsp_2(sK0,sK3,sK4,sK1,sK2) <- (2, 3, 4, 5, 6, 7, 8, 9, ~10) [subsumption resolution 634,221] {a:3,w:9,wCS:900,goal:1,sine:255,thAx:0,allAx:15,thDist:-15}
636. 27 | 31 | ~2 | ~3 | ~4 | ~5 | ~6 | ~7 | ~8 | ~9 | 10 [avatar split clause 635,219,214,209,204,199,194,189,184,179,457,394]
700. ~r1_parsp_1(sK0,sK1,sK3,sK2,sK3) <- (~1, 28) [backward demodulation 176,400] {a:0,w:6,wCS:600,goal:1,sine:255,thAx:0,allAx:6,thDist:-6}
703. ~33 | 1 | ~28 [avatar split clause 700,398,174,478]
721. ~r1_parsp_1(sK0,sK1,sK3,sK1,sK3) <- (31, ~33) [backward demodulation 480,459] {a:0,w:6,wCS:600,goal:1,sine:255,thAx:0,allAx:6,thDist:-6}
725. 39 <=> r1_parsp_1(sK0,sK1,sK3,sK1,sK3) [avatar definition]
727. ~r1_parsp_1(sK0,sK1,sK3,sK1,sK3) <- (~39) [avatar component clause 725] {a:0,w:6,wCS:600,nSel:1,goal:1,sine:255,thAx:0,allAx:6,thDist:-6}
728. ~39 | ~31 | 33 [avatar split clause 721,478,457,725]
735. ~m1_subset_1(sK3,u1_struct_0(sK0)) | ~m1_subset_1(sK1,u1_struct_0(sK0)) | ~l1_parsp_1(sK0) | ~v2_parsp_1(sK0) | v2_struct_0(sK0) <- (~39) [resolution 727,170] {a:1,w:14,wCS:1400,goal:1,sine:1,thAx:0,allAx:7,thDist:-7}
737. ~m1_subset_1(sK1,u1_struct_0(sK0)) | ~l1_parsp_1(sK0) | ~v2_parsp_1(sK0) | v2_struct_0(sK0) <- (4, ~39) [subsumption resolution 735,191] {a:1,w:10,wCS:1000,goal:1,sine:1,thAx:0,allAx:7,thDist:-7}
738. ~l1_parsp_1(sK0) | ~v2_parsp_1(sK0) | v2_struct_0(sK0) <- (4, 6, ~39) [subsumption resolution 737,201] {a:1,w:6,wCS:600,goal:1,sine:1,thAx:0,allAx:7,thDist:-7}
739. ~v2_parsp_1(sK0) | v2_struct_0(sK0) <- (4, 6, 7, ~39) [subsumption resolution 738,206] {a:1,w:4,wCS:400,goal:1,sine:1,thAx:0,allAx:7,thDist:-7}
740. v2_struct_0(sK0) <- (4, 6, 7, 9, ~39) [subsumption resolution 739,216] {a:1,w:2,wCS:200,goal:1,sine:1,thAx:0,allAx:7,thDist:-7}
741. $false <- (4, 6, 7, 9, ~10, ~39) [subsumption resolution 740,221] {a:1,w:0,goal:1,sine:1,thAx:0,allAx:7,thDist:-7}
742. ~4 | ~6 | ~7 | ~9 | 10 | 39 [avatar contradiction clause 741]
758. r3_parsp_2(sK0,sK1,sK1,sK3,sK4) <- (2, 31) [forward demodulation 181,459] {a:0,w:6,wCS:600,goal:1,sine:255,thAx:0,allAx:6,thDist:-6}
760. 42 <=> r3_parsp_2(sK0,sK1,sK1,sK3,sK4) [avatar definition]
762. r3_parsp_2(sK0,sK1,sK1,sK3,sK4) <- (42) [avatar component clause 760] {a:0,w:6,wCS:600,nSel:1,goal:1,sine:255,thAx:0,allAx:6,thDist:-6}
763. 42 | ~2 | ~31 [avatar split clause 758,457,179,760]
803. sK3 = sK4 | ~m1_subset_1(sK4,u1_struct_0(sK0)) | ~m1_subset_1(sK3,u1_struct_0(sK0)) | ~m1_subset_1(sK1,u1_struct_0(sK0)) | ~l1_parsp_1(sK0) | ~v1_parsp_2(sK0) | ~v2_parsp_1(sK0) | v2_struct_0(sK0) <- (42) [resolution 762,133] {a:1,w:23,wCS:2300,goal:1,sine:1,thAx:0,allAx:7,thDist:-7}
821. ~m1_subset_1(sK4,u1_struct_0(sK0)) | ~m1_subset_1(sK3,u1_struct_0(sK0)) | ~m1_subset_1(sK1,u1_struct_0(sK0)) | ~l1_parsp_1(sK0) | ~v1_parsp_2(sK0) | ~v2_parsp_1(sK0) | v2_struct_0(sK0) <- (~28, 42) [subsumption resolution 803,399] {a:1,w:20,wCS:2000,goal:1,sine:1,thAx:0,allAx:7,thDist:-7}
822. ~m1_subset_1(sK3,u1_struct_0(sK0)) | ~m1_subset_1(sK1,u1_struct_0(sK0)) | ~l1_parsp_1(sK0) | ~v1_parsp_2(sK0) | ~v2_parsp_1(sK0) | v2_struct_0(sK0) <- (3, ~28, 42) [subsumption resolution 821,186] {a:1,w:16,wCS:1600,goal:1,sine:1,thAx:0,allAx:7,thDist:-7}
823. ~m1_subset_1(sK1,u1_struct_0(sK0)) | ~l1_parsp_1(sK0) | ~v1_parsp_2(sK0) | ~v2_parsp_1(sK0) | v2_struct_0(sK0) <- (3, 4, ~28, 42) [subsumption resolution 822,191] {a:1,w:12,wCS:1200,goal:1,sine:1,thAx:0,allAx:7,thDist:-7}
824. ~l1_parsp_1(sK0) | ~v1_parsp_2(sK0) | ~v2_parsp_1(sK0) | v2_struct_0(sK0) <- (3, 4, 6, ~28, 42) [subsumption resolution 823,201] {a:1,w:8,wCS:800,goal:1,sine:1,thAx:0,allAx:7,thDist:-7}
825. ~v1_parsp_2(sK0) | ~v2_parsp_1(sK0) | v2_struct_0(sK0) <- (3, 4, 6, 7, ~28, 42) [subsumption resolution 824,206] {a:1,w:6,wCS:600,goal:1,sine:1,thAx:0,allAx:7,thDist:-7}
826. ~v2_parsp_1(sK0) | v2_struct_0(sK0) <- (3, 4, 6, 7, 8, ~28, 42) [subsumption resolution 825,211] {a:1,w:4,wCS:400,goal:1,sine:1,thAx:0,allAx:7,thDist:-7}
827. v2_struct_0(sK0) <- (3, 4, 6, 7, 8, 9, ~28, 42) [subsumption resolution 826,216] {a:1,w:2,wCS:200,goal:1,sine:1,thAx:0,allAx:7,thDist:-7}
828. $false <- (3, 4, 6, 7, 8, 9, ~10, ~28, 42) [subsumption resolution 827,221] {a:1,w:0,goal:1,sine:1,thAx:0,allAx:7,thDist:-7}
829. ~3 | ~4 | ~6 | ~7 | ~8 | ~9 | 10 | 28 | ~42 [avatar contradiction clause 828]
870. $false [avatar sat refutation 177,182,187,192,197,202,207,212,217,222,615,636,703,728,742,763,829] {a:0,w:0,goal:1,sine:0,thAx:0,allAx:1060,thDist:-1060}
% SZS output end Proof for parsp_2__t49_parsp_2
% ------------------------------
% Version: Vampire 4.5.1 (commit 226f88162 on 2021-09-12 20:13:44 +0200)
% Termination reason: Refutation

% >>> Input
% Input formulas: 34
% Introduced skolems: 13
% 
% >>> Saturation
% Initial clauses: 55
% Generated clauses: 582
% Active clauses: 90
% Passive clauses: 123
% Final active clauses: 73
% Final passive clauses: 26
% Main loop iterations started: 94
% 
% >>> Simplifying Inferences
% Duplicate literals: 562
% Fw subsumption resolutions: 213
% Fw demodulations: 10
% Bw demodulations: 10
% 
% >>> Deletion Inferences
% Simple tautologies: 12
% Equational tautologies: 26
% Forward subsumptions: 35
% 
% >>> Generating Inferences
% Binary resolution: 125
% Unit resulting resolution: 2
% 
% >>> AVATAR
% Split clauses: 20
% Split components: 41
% Sat splitting refutations: 4
% 
% >>> SAT Solver Statistics
% SAT solver clauses: 65
% SAT solver unit clauses: 17
% SAT solver binary clauses: 3
% 
% Memory used [KB]: 5628
% Time elapsed: 0.010 s
% ------------------------------
% ------------------------------
% Time measurement results:
% parsing: 0.002 s
% backward subsumption index maintenance: 0.001 s
% resolution: 0.002 s
% unit resulting resolution: 0.002 s
% other: 0.010 s ( own 0.003 s ) 

