i: [1,200,0,2,1,1,0,0] t92_funct_2
a: [3,329,0,2,1,200]
s: 329
i: [1,199,0,2,1,1,0,0] t92_funct_2
a: [3,334,0,2,1,199]
s: 334
i: [1,202,0,8,2,1,0,0] t92_funct_2
a: [3,315,0,4,1,202]
s: 315
i: [1,201,0,5,1,1,0,0] t92_funct_2
a: [3,324,0,5,1,201]
s: 324
i: [1,203,0,2,1,0,0,255] dt_o_0_0_xboole_0
a: [3,339,0,2,1,203]
s: 339
i: [1,204,0,2,1,0,0,255] fc1_xboole_0
a: [3,344,0,2,1,204]
s: 344
i: [1,284,0,2,1,0,0,2] rc2_xboole_0
a: [3,354,0,2,1,284]
s: 354
i: [1,285,0,2,1,0,0,2] rc1_xboole_0
a: [3,359,0,2,1,285]
s: 359
i: [1,287,0,2,1,0,0,255] rc7_funct_1
a: [3,364,0,2,1,287]
s: 364
i: [1,286,0,2,1,0,0,255] rc7_funct_1
a: [3,369,0,2,1,286]
s: 369
i: [1,289,0,2,1,0,0,1] rc1_relat_1
a: [3,374,0,2,1,289]
s: 374
i: [1,288,0,2,1,0,0,1] rc1_relat_1
a: [3,379,0,2,1,288]
s: 379
i: [1,292,0,2,1,0,0,255] rc4_funct_1
a: [3,384,0,2,1,292]
s: 384
i: [1,291,0,2,1,0,0,255] rc4_funct_1
a: [3,389,0,2,1,291]
s: 389
i: [1,290,0,2,1,0,0,255] rc4_funct_1
a: [3,394,0,2,1,290]
s: 394
i: [1,293,0,2,1,0,0,255] rc2_relat_1
a: [3,399,0,2,1,293]
s: 399
i: [1,295,0,2,1,0,0,255] rc3_funct_1
a: [3,404,0,2,1,295]
s: 404
i: [1,294,0,2,1,0,0,255] rc3_funct_1
a: [3,409,0,2,1,294]
s: 409
i: [1,297,0,2,1,0,0,1] rc1_funct_1
a: [3,414,0,2,1,297]
s: 414
i: [1,296,0,2,1,0,0,1] rc1_funct_1
a: [3,419,0,2,1,296]
s: 419
i: [1,300,0,2,1,0,0,255] rc5_funct_1
a: [3,424,0,2,1,300]
s: 424
i: [1,299,0,2,1,0,0,255] rc5_funct_1
a: [3,429,0,2,1,299]
s: 429
i: [1,298,0,2,1,0,0,255] rc5_funct_1
a: [3,434,0,2,1,298]
s: 434
i: [1,302,0,2,1,0,0,255] rc2_funct_1
a: [3,439,0,2,1,302]
s: 439
i: [1,301,0,2,1,0,0,255] rc2_funct_1
a: [3,444,0,2,1,301]
s: 444
i: [1,206,0,3,1,0,0,2] fc1_subset_1
s: 206
i: [1,277,0,3,1,0,0,2] rc2_subset_1
s: 277
i: [1,280,0,3,1,0,0,1] reflexivity_r1_tarski
s: 280
i: [1,205,0,3,1,0,0,255] d2_xboole_0
a: [3,349,0,3,1,205]
s: 349
r: 339
i: [1,207,0,4,1,0,0,1] fc2_funct_2
s: 207
i: [1,224,0,4,2,0,0,255] cc7_funct_1
s: 224
d: [2,447,1,2,1,1,40,224,344]
a: [3,453,1,2,1,447]
s: 453
i: [1,225,0,4,2,0,0,1] cc1_funct_1
s: 225
d: [2,449,1,2,1,1,40,224,359]
a: [3,458,1,2,1,449]
s: 458
i: [1,226,0,4,2,0,0,1] cc1_relat_1
s: 226
i: [1,275,0,4,1,0,0,2] existence_m1_subset_1
s: 275
d: [2,460,1,2,1,1,40,225,344]
a: [3,466,1,2,1,460]
s: 466
i: [1,279,0,4,1,0,0,255] rc3_subset_1
s: 279
d: [2,462,1,2,1,1,40,225,359]
a: [3,471,1,2,1,462]
s: 471
i: [1,209,0,5,2,0,0,2] rc6_subset_1
s: 209
i: [1,213,0,5,2,0,0,2] rc1_subset_1
s: 213
d: [2,473,1,2,1,1,40,226,344]
a: [3,479,1,2,1,473]
s: 479
i: [1,215,0,5,2,0,0,2] rc5_subset_1
s: 215
d: [2,475,1,2,1,1,40,226,359]
a: [3,484,1,2,1,475]
s: 484
i: [1,216,0,5,2,0,0,2] rc5_subset_1
s: 216
i: [1,227,0,5,2,0,0,255] t6_boole
s: 227
d: [2,448,1,3,1,0,40,224,277]
s: 448
i: [1,228,0,5,2,0,0,1] fc10_relat_1
s: 228
d: [2,461,1,3,1,0,40,225,277]
s: 461
i: [1,229,0,5,2,0,0,1] fc4_xtuple_0
s: 229
i: [1,230,0,5,2,0,0,1] fc5_xtuple_0
s: 230
d: [2,474,1,3,1,0,40,226,277]
s: 474
i: [1,231,0,5,2,0,0,1] fc11_relat_1
s: 231
i: [1,260,0,5,2,0,0,1] t7_boole
s: 260
i: [1,276,0,5,1,0,0,2] rc2_subset_1
s: 276
i: [1,278,0,5,1,0,0,255] rc3_subset_1
s: 278
d: [2,497,1,4,1,1,40,260,324]
a: [3,501,1,4,1,497]
s: 501
i: [1,218,0,6,2,0,0,255] rc4_subset_1
s: 218
d: [2,491,1,5,2,0,40,228,226]
s: 491
i: [1,255,0,6,2,0,0,1] t1_subset
s: 255
i: [1,281,0,6,2,0,0,1] fc1_funct_2
s: 281
d: [2,503,1,5,1,1,40,255,324]
a: [3,507,1,5,1,503]
s: 507
i: [1,282,0,6,2,0,0,1] antisymmetry_r2_hidden
s: 282
d: [2,509,1,5,1,1,40,282,324]
a: [3,513,1,5,1,509]
s: 513
i: [1,208,0,7,2,0,0,2] rc6_subset_1
s: 208
i: [1,212,0,7,2,0,0,2] rc1_subset_1
s: 212
d: [2,492,1,5,2,0,40,228,225]
s: 492
i: [1,214,0,7,2,0,0,2] rc5_subset_1
s: 214
d: [2,493,1,5,2,0,40,228,224]
s: 493
i: [1,217,0,7,2,0,0,255] rc4_subset_1
s: 217
i: [1,219,0,7,3,0,0,255] cc8_funct_1
s: 219
d: [2,494,1,5,2,0,40,230,226]
s: 494
i: [1,220,0,7,3,0,0,255] cc8_funct_1
s: 220
d: [2,495,1,5,2,0,40,230,225]
s: 495
i: [1,235,0,7,3,0,0,1] fc8_relat_1
s: 235
i: [1,236,0,7,3,0,0,1] fc9_relat_1
s: 236
d: [2,496,1,5,2,0,40,230,224]
s: 496
i: [1,240,0,7,3,0,0,1] fc24_relat_1
s: 240
d: [2,520,1,5,2,0,40,219,275]
s: 520
i: [1,241,0,7,3,0,0,1] fc25_relat_1
s: 241
i: [1,257,0,7,2,0,0,1] t3_subset
s: 257
d: [2,538,1,4,1,0,40,257,276]
s: 538
i: [1,258,0,7,2,0,0,1] t3_subset
s: 258
d: [2,539,1,4,1,0,40,257,278]
s: 539
i: [1,259,0,7,3,0,0,1] t8_boole
s: 259
i: [1,221,0,8,3,0,0,255] cc9_funct_1
s: 221
d: [2,528,1,5,2,0,40,220,275]
s: 528
i: [1,222,0,8,3,0,0,2] cc5_subset_1
s: 222
d: [2,537,1,5,1,0,40,257,275]
s: 537
i: [1,223,0,8,3,0,0,2] cc2_relat_1
s: 223
i: [1,232,0,8,3,0,0,2] cc1_subset_1
s: 232
d: [2,550,1,5,2,0,40,221,278]
s: 550
i: [1,239,0,8,4,0,0,255] cc6_funct_1
s: 239
d: [2,557,1,5,2,0,40,222,276]
s: 557
i: [1,243,0,8,4,0,0,255] cc5_funct_1
s: 243
i: [1,252,0,8,4,0,0,255] cc4_funct_1
s: 252
d: [2,581,0,6,3,0,21,252,225]
d: [2,582,0,4,2,0,21,581,226]
s: 582
i: [1,256,0,8,3,0,0,1] t2_subset
s: 256
d: [2,585,1,2,1,1,40,582,344]
a: [3,591,1,2,1,585]
s: 591
i: [1,283,0,8,3,0,0,1] fc3_funct_2
s: 283
i: [1,233,0,9,3,0,0,255] cc4_subset_1
s: 233
d: [2,617,2,4,2,1,40,283,501]
a: [3,629,2,2,1,617]
s: 629
i: [1,234,0,9,4,0,0,1] fc18_funct_1
s: 234
d: [2,587,1,2,1,1,40,582,359]
a: [3,596,1,2,1,587]
s: 596
i: [1,242,0,9,4,0,0,255] fc13_funct_1
s: 242
i: [1,246,0,9,4,0,0,255] fc12_funct_1
s: 246
d: [2,586,1,3,1,0,40,582,277]
s: 586
i: [1,274,0,9,3,0,0,1] t5_subset
s: 274
d: [2,558,1,5,2,0,40,222,278]
s: 558
i: [1,247,0,10,4,0,0,1] cc3_funct_1
s: 247
i: [1,261,0,10,3,0,0,1] t4_subset
s: 261
d: [2,566,1,5,2,0,40,223,278]
s: 566
i: [1,310,0,10,2,0,0,1] d2_funct_2
s: 310
d: [2,671,1,5,1,1,40,310,324]
a: [3,675,1,5,1,671]
s: 675
i: [1,311,0,10,2,0,0,1] d2_funct_2
s: 311
i: [1,210,0,11,4,0,0,255] cc3_subset_1
s: 210
d: [2,677,1,5,1,1,40,311,324]
a: [3,681,1,5,1,677]
s: 681
i: [1,211,0,11,4,0,0,255] cc2_subset_1
s: 211
d: [2,574,1,5,2,0,40,232,278]
s: 574
i: [1,309,0,11,2,0,0,1] d2_funct_2
s: 309
i: [1,307,0,12,2,0,0,1] d2_funct_2
s: 307
d: [2,583,1,5,2,0,40,582,228]
s: 583
i: [1,308,0,12,2,0,0,1] d2_funct_2
s: 308
d: [2,584,1,5,2,0,40,582,230]
s: 584
i: [1,306,0,14,4,0,0,1] d2_funct_2
s: 306
i: [1,268,0,16,3,0,0,1] d2_funct_2
s: 268
d: [2,605,1,8,2,0,40,256,276]
d: [2,612,1,5,1,0,21,605,206]
s: 612
i: [1,269,0,16,3,0,0,1] d2_funct_2
s: 269
d: [2,606,1,8,2,0,40,256,278]
d: [2,613,1,5,1,0,21,606,206]
s: 613
i: [1,271,0,18,3,0,0,1] d2_funct_2
s: 271
i: [1,272,0,18,3,0,0,1] d2_funct_2
s: 272
d: [2,690,1,9,3,0,40,210,278]
d: [2,695,1,5,2,0,21,690,279]
s: 695
i: [1,270,0,20,3,0,0,1] d2_funct_2
s: 270
d: [2,578,2,11,4,0,40,557,239]
d: [2,579,2,8,3,0,21,578,461]
d: [2,580,2,5,2,0,21,579,474]
s: 580
i: [1,303,0,28,6,0,0,1] d2_funct_2
s: 303
d: [2,522,1,6,2,0,40,219,278]
s: 522
d: [2,696,2,5,2,0,40,574,582]
s: 696
d: [2,530,1,6,2,0,40,220,278]
s: 530
d: [2,697,2,5,2,0,40,574,226]
s: 697
d: [2,533,1,6,2,0,40,257,208]
s: 533
d: [2,534,1,6,2,0,40,257,212]
s: 534
d: [2,698,2,5,2,0,40,574,225]
s: 698
d: [2,535,1,6,2,0,40,257,214]
s: 535
d: [2,699,2,5,2,0,40,574,224]
s: 699
d: [2,536,1,6,2,0,40,257,217]
s: 536
d: [2,548,1,6,2,0,40,221,275]
s: 548
d: [2,731,2,5,1,0,40,612,282]
s: 731
d: [2,556,1,6,2,0,40,222,275]
s: 556
d: [2,739,2,5,1,0,40,613,282]
s: 739
d: [2,564,1,6,2,0,40,223,275]
s: 564
d: [2,572,1,6,2,0,40,232,275]
s: 572
d: [2,604,1,6,2,0,40,256,275]
s: 604
d: [2,637,1,6,2,0,40,233,276]
s: 637
d: [2,652,1,6,2,0,40,274,276]
s: 652
d: [2,653,1,6,2,0,40,274,278]
s: 653
d: [2,689,1,9,3,0,40,210,276]
d: [2,694,1,6,2,0,21,689,277]
s: 694
d: [2,769,2,6,2,0,40,572,582]
s: 769
d: [2,486,1,7,3,0,44,227,227]
s: 486
d: [2,770,2,6,2,0,40,572,226]
s: 770
d: [2,543,1,7,3,0,40,221,258]
s: 543
d: [2,544,1,7,3,0,40,221,208]
s: 544
d: [2,771,2,6,2,0,40,572,225]
s: 771
d: [2,545,1,7,3,0,40,221,212]
s: 545
d: [2,772,2,6,2,0,40,572,224]
s: 772
d: [2,546,1,7,3,0,40,221,214]
s: 546
d: [2,547,1,7,3,0,40,221,217]
s: 547
d: [2,773,2,6,2,0,40,604,282]
s: 773
d: [2,551,1,7,3,0,40,222,258]
s: 551
d: [2,553,1,7,3,0,40,222,212]
s: 553
d: [2,555,1,7,3,0,40,222,217]
s: 555
d: [2,559,1,7,3,0,40,223,258]
s: 559
d: [2,560,1,7,3,0,40,223,208]
s: 560
d: [2,561,1,7,3,0,40,223,212]
s: 561
d: [2,562,1,7,3,0,40,223,214]
s: 562
d: [2,563,1,7,3,0,40,223,217]
s: 563
d: [2,567,1,7,3,0,40,232,258]
s: 567
d: [2,568,1,7,3,0,40,232,208]
s: 568
d: [2,598,1,10,3,0,40,256,258]
d: [2,607,1,7,2,0,21,598,206]
s: 607
d: [2,600,1,10,3,0,40,256,208]
d: [2,608,1,7,2,0,21,600,206]
s: 608
d: [2,601,1,10,3,0,40,256,212]
d: [2,609,1,7,2,0,21,601,206]
s: 609
d: [2,602,1,10,3,0,40,256,214]
d: [2,610,1,7,2,0,21,602,206]
s: 610
d: [2,603,1,10,3,0,40,256,217]
d: [2,611,1,7,2,0,21,603,206]
s: 611
d: [2,636,1,7,2,0,40,233,275]
s: 636
d: [2,651,1,7,2,0,40,274,275]
s: 651
d: [2,662,1,7,3,0,40,247,278]
s: 662
d: [2,669,1,7,2,0,40,261,276]
s: 669
d: [2,670,1,7,2,0,40,261,278]
s: 670
d: [2,516,1,8,3,0,40,219,208]
s: 516
d: [2,786,2,7,3,0,40,543,533]
s: 786
d: [2,517,1,8,3,0,40,219,212]
s: 517
d: [2,518,1,8,3,0,40,219,214]
s: 518
d: [2,787,2,7,3,0,40,543,534]
s: 787
d: [2,519,1,8,3,0,40,219,217]
s: 519
d: [2,788,2,7,3,0,40,543,535]
s: 788
d: [2,524,1,8,3,0,40,220,208]
s: 524
d: [2,525,1,8,3,0,40,220,212]
s: 525
d: [2,789,2,7,3,0,40,543,536]
s: 789
d: [2,526,1,8,3,0,40,220,214]
s: 526
d: [2,797,2,7,3,0,40,551,534]
s: 797
d: [2,527,1,8,3,0,40,220,217]
s: 527
d: [2,541,1,8,3,0,40,258,220]
s: 541
d: [2,799,2,7,3,0,40,551,536]
s: 799
d: [2,542,1,8,3,0,40,258,219]
s: 542
d: [2,808,2,7,3,0,40,559,533]
s: 808
d: [2,618,1,8,3,0,40,283,582]
s: 618
d: [2,619,1,8,3,0,40,283,226]
s: 619
d: [2,809,2,7,3,0,40,559,534]
s: 809
d: [2,620,1,8,3,0,40,283,225]
s: 620
d: [2,810,2,7,3,0,40,559,535]
s: 810
d: [2,621,1,8,3,0,40,283,224]
s: 621
d: [2,631,1,8,3,0,40,233,258]
s: 631
d: [2,811,2,7,3,0,40,559,536]
s: 811
d: [2,632,1,8,3,0,40,233,208]
s: 632
d: [2,818,2,7,3,0,40,567,533]
s: 818
d: [2,646,1,8,3,0,40,274,258]
s: 646
d: [2,647,1,8,3,0,40,274,208]
s: 647
d: [2,827,2,7,3,0,40,568,582]
s: 827
d: [2,660,1,8,3,0,40,247,275]
s: 660
d: [2,828,2,7,3,0,40,568,226]
s: 828
d: [2,668,1,8,2,0,40,261,275]
s: 668
d: [2,655,1,9,4,0,40,247,258]
s: 655
d: [2,829,2,7,3,0,40,568,225]
s: 829
d: [2,656,1,9,4,0,40,247,208]
s: 656
d: [2,830,2,7,3,0,40,568,224]
s: 830
d: [2,657,1,9,4,0,40,247,212]
s: 657
d: [2,658,1,9,4,0,40,247,214]
s: 658
d: [2,831,2,7,2,0,40,607,282]
s: 831
d: [2,659,1,9,4,0,40,247,217]
s: 659
d: [2,834,2,7,2,0,40,608,282]
s: 834
d: [2,663,1,9,3,0,40,261,258]
s: 663
d: [2,664,1,9,3,0,40,261,208]
s: 664
d: [2,837,2,7,2,0,40,609,282]
s: 837
d: [2,665,1,9,3,0,40,261,212]
s: 665
d: [2,840,2,7,2,0,40,610,282]
s: 840
d: [2,666,1,9,3,0,40,261,214]
s: 666
d: [2,667,1,9,3,0,40,261,217]
s: 667
d: [2,843,2,7,2,0,40,611,282]
s: 843
d: [2,702,1,14,3,0,44,307,309]
d: [2,703,1,9,2,0,18,702]
s: 703
a: [3,318,0,4,1,202]
s: 318
d: [2,704,1,14,3,0,44,308,309]
d: [2,713,1,9,2,0,18,704]
s: 713
d: [2,958,2,0,0,2,52,315,324,713]
e: 958
d: [2,959,2,4,1,1,40,713,324]
d: [2,965,2,0,0,2,21,959,315]
e: 965
d: [2,909,2,4,1,1,40,703,324]
f: 965,909,201,202
% Refutation found. Thanks to Tanya!
% SZS status Theorem for funct_2__t92_funct_2
% SZS output start Proof for funct_2__t92_funct_2
1. ! [X0] : ! [X1] : ! [X2] : ((v1_funct_1(X2) & v1_relat_1(X2)) => (r2_hidden(X2,k1_funct_2(X0,X1)) => (r1_tarski(k10_xtuple_0(X2),X1) & k9_xtuple_0(X2) = X0))) [input t92_funct_2]
2. ~! [X0] : ! [X1] : ! [X2] : ((v1_funct_1(X2) & v1_relat_1(X2)) => (r2_hidden(X2,k1_funct_2(X0,X1)) => (r1_tarski(k10_xtuple_0(X2),X1) & k9_xtuple_0(X2) = X0))) [negated conjecture 1]
22. ! [X0] : ! [X1] : ! [X2] : (k1_funct_2(X0,X1) = X2 <=> ! [X3] : (r2_hidden(X3,X2) <=> ? [X4] : (r1_tarski(k10_xtuple_0(X4),X1) & k9_xtuple_0(X4) = X0 & X3 = X4 & v1_funct_1(X4) & v1_relat_1(X4)))) [input d2_funct_2]
74. ~! [X0,X1,X2] : ((v1_funct_1(X2) & v1_relat_1(X2)) => (r2_hidden(X2,k1_funct_2(X0,X1)) => (r1_tarski(k10_xtuple_0(X2),X1) & k9_xtuple_0(X2) = X0))) [flattening 2]
81. ! [X0,X1,X2] : (k1_funct_2(X0,X1) = X2 <=> ! [X3] : (r2_hidden(X3,X2) <=> ? [X4] : (r1_tarski(k10_xtuple_0(X4),X1) & k9_xtuple_0(X4) = X0 & X3 = X4 & v1_funct_1(X4) & v1_relat_1(X4)))) [flattening 22]
92. ? [X0,X1,X2] : (((~r1_tarski(k10_xtuple_0(X2),X1) | k9_xtuple_0(X2) != X0) & r2_hidden(X2,k1_funct_2(X0,X1))) & (v1_funct_1(X2) & v1_relat_1(X2))) [ennf transformation 74]
93. ? [X0,X1,X2] : ((~r1_tarski(k10_xtuple_0(X2),X1) | k9_xtuple_0(X2) != X0) & r2_hidden(X2,k1_funct_2(X0,X1)) & v1_funct_1(X2) & v1_relat_1(X2)) [flattening 92]
156. ? [X0,X1,X2] : ((~r1_tarski(k10_xtuple_0(X2),X1) | k9_xtuple_0(X2) != X0) & r2_hidden(X2,k1_funct_2(X0,X1)) & v1_funct_1(X2) & v1_relat_1(X2)) => ((~r1_tarski(k10_xtuple_0(sK2),sK1) | sK0 != k9_xtuple_0(sK2)) & r2_hidden(sK2,k1_funct_2(sK0,sK1)) & v1_funct_1(sK2) & v1_relat_1(sK2)) [choice axiom]
157. (~r1_tarski(k10_xtuple_0(sK2),sK1) | sK0 != k9_xtuple_0(sK2)) & r2_hidden(sK2,k1_funct_2(sK0,sK1)) & v1_funct_1(sK2) & v1_relat_1(sK2) [skolemisation 93,156]
167. ! [X0,X1,X2] : ((k1_funct_2(X0,X1) = X2 | ? [X3] : ((! [X4] : (~r1_tarski(k10_xtuple_0(X4),X1) | k9_xtuple_0(X4) != X0 | X3 != X4 | ~v1_funct_1(X4) | ~v1_relat_1(X4)) | ~r2_hidden(X3,X2)) & (? [X4] : (r1_tarski(k10_xtuple_0(X4),X1) & k9_xtuple_0(X4) = X0 & X3 = X4 & v1_funct_1(X4) & v1_relat_1(X4)) | r2_hidden(X3,X2)))) & (! [X3] : ((r2_hidden(X3,X2) | ! [X4] : (~r1_tarski(k10_xtuple_0(X4),X1) | k9_xtuple_0(X4) != X0 | X3 != X4 | ~v1_funct_1(X4) | ~v1_relat_1(X4))) & (? [X4] : (r1_tarski(k10_xtuple_0(X4),X1) & k9_xtuple_0(X4) = X0 & X3 = X4 & v1_funct_1(X4) & v1_relat_1(X4)) | ~r2_hidden(X3,X2))) | k1_funct_2(X0,X1) != X2)) [nnf transformation 81]
168. ! [X0,X1,X2] : ((k1_funct_2(X0,X1) = X2 | ? [X3] : ((! [X4] : (~r1_tarski(k10_xtuple_0(X4),X1) | k9_xtuple_0(X4) != X0 | X3 != X4 | ~v1_funct_1(X4) | ~v1_relat_1(X4)) | ~r2_hidden(X3,X2)) & (? [X5] : (r1_tarski(k10_xtuple_0(X5),X1) & k9_xtuple_0(X5) = X0 & X3 = X5 & v1_funct_1(X5) & v1_relat_1(X5)) | r2_hidden(X3,X2)))) & (! [X6] : ((r2_hidden(X6,X2) | ! [X7] : (~r1_tarski(k10_xtuple_0(X7),X1) | k9_xtuple_0(X7) != X0 | X6 != X7 | ~v1_funct_1(X7) | ~v1_relat_1(X7))) & (? [X8] : (r1_tarski(k10_xtuple_0(X8),X1) & k9_xtuple_0(X8) = X0 & X6 = X8 & v1_funct_1(X8) & v1_relat_1(X8)) | ~r2_hidden(X6,X2))) | k1_funct_2(X0,X1) != X2)) [rectify 167]
169. ! [X2,X1,X0] : (? [X3] : ((! [X4] : (~r1_tarski(k10_xtuple_0(X4),X1) | k9_xtuple_0(X4) != X0 | X3 != X4 | ~v1_funct_1(X4) | ~v1_relat_1(X4)) | ~r2_hidden(X3,X2)) & (? [X5] : (r1_tarski(k10_xtuple_0(X5),X1) & k9_xtuple_0(X5) = X0 & X3 = X5 & v1_funct_1(X5) & v1_relat_1(X5)) | r2_hidden(X3,X2))) => ((! [X4] : (~r1_tarski(k10_xtuple_0(X4),X1) | k9_xtuple_0(X4) != X0 | sK7(X0,X1,X2) != X4 | ~v1_funct_1(X4) | ~v1_relat_1(X4)) | ~r2_hidden(sK7(X0,X1,X2),X2)) & (? [X5] : (r1_tarski(k10_xtuple_0(X5),X1) & k9_xtuple_0(X5) = X0 & sK7(X0,X1,X2) = X5 & v1_funct_1(X5) & v1_relat_1(X5)) | r2_hidden(sK7(X0,X1,X2),X2)))) [choice axiom]
170. ! [X2,X1,X0] : (? [X5] : (r1_tarski(k10_xtuple_0(X5),X1) & k9_xtuple_0(X5) = X0 & sK7(X0,X1,X2) = X5 & v1_funct_1(X5) & v1_relat_1(X5)) => (r1_tarski(k10_xtuple_0(sK8(X0,X1,X2)),X1) & k9_xtuple_0(sK8(X0,X1,X2)) = X0 & sK7(X0,X1,X2) = sK8(X0,X1,X2) & v1_funct_1(sK8(X0,X1,X2)) & v1_relat_1(sK8(X0,X1,X2)))) [choice axiom]
171. ! [X6,X1,X0] : (? [X8] : (r1_tarski(k10_xtuple_0(X8),X1) & k9_xtuple_0(X8) = X0 & X6 = X8 & v1_funct_1(X8) & v1_relat_1(X8)) => (r1_tarski(k10_xtuple_0(sK9(X0,X1,X6)),X1) & k9_xtuple_0(sK9(X0,X1,X6)) = X0 & sK9(X0,X1,X6) = X6 & v1_funct_1(sK9(X0,X1,X6)) & v1_relat_1(sK9(X0,X1,X6)))) [choice axiom]
172. ! [X0,X1,X2] : ((k1_funct_2(X0,X1) = X2 | ((! [X4] : (~r1_tarski(k10_xtuple_0(X4),X1) | k9_xtuple_0(X4) != X0 | sK7(X0,X1,X2) != X4 | ~v1_funct_1(X4) | ~v1_relat_1(X4)) | ~r2_hidden(sK7(X0,X1,X2),X2)) & ((r1_tarski(k10_xtuple_0(sK8(X0,X1,X2)),X1) & k9_xtuple_0(sK8(X0,X1,X2)) = X0 & sK7(X0,X1,X2) = sK8(X0,X1,X2) & v1_funct_1(sK8(X0,X1,X2)) & v1_relat_1(sK8(X0,X1,X2))) | r2_hidden(sK7(X0,X1,X2),X2)))) & (! [X6] : ((r2_hidden(X6,X2) | ! [X7] : (~r1_tarski(k10_xtuple_0(X7),X1) | k9_xtuple_0(X7) != X0 | X6 != X7 | ~v1_funct_1(X7) | ~v1_relat_1(X7))) & ((r1_tarski(k10_xtuple_0(sK9(X0,X1,X6)),X1) & k9_xtuple_0(sK9(X0,X1,X6)) = X0 & sK9(X0,X1,X6) = X6 & v1_funct_1(sK9(X0,X1,X6)) & v1_relat_1(sK9(X0,X1,X6))) | ~r2_hidden(X6,X2))) | k1_funct_2(X0,X1) != X2)) [skolemisation 168,171,170,169]
201. r2_hidden(sK2,k1_funct_2(sK0,sK1)) [cnf transformation 157] {a:0,w:5,wCS:500,goal:1,sine:0,thAx:0,allAx:2,thDist:-2}
202. ~r1_tarski(k10_xtuple_0(sK2),sK1) | sK0 != k9_xtuple_0(sK2) [cnf transformation 157] {a:0,w:8,wCS:800,goal:1,sine:0,thAx:0,allAx:2,thDist:-2}
264. sK9(X0,X1,X6) = X6 | ~r2_hidden(X6,X2) | k1_funct_2(X0,X1) != X2 [cnf transformation 172] {a:0,w:14,wCS:5600,sine:1,thAx:0,allAx:4,thDist:-4}
265. k9_xtuple_0(sK9(X0,X1,X6)) = X0 | ~r2_hidden(X6,X2) | k1_funct_2(X0,X1) != X2 [cnf transformation 172] {a:0,w:15,wCS:6000,sine:1,thAx:0,allAx:4,thDist:-4}
266. r1_tarski(k10_xtuple_0(sK9(X0,X1,X6)),X1) | ~r2_hidden(X6,X2) | k1_funct_2(X0,X1) != X2 [cnf transformation 172] {a:0,w:15,wCS:6000,sine:1,thAx:0,allAx:4,thDist:-4}
307. r1_tarski(k10_xtuple_0(sK9(X0,X1,X6)),X1) | ~r2_hidden(X6,k1_funct_2(X0,X1)) [equality resolution 266] {a:0,w:12,wCS:4800,nSel:1,sine:1,thAx:0,allAx:4,thDist:-4}
308. k9_xtuple_0(sK9(X0,X1,X6)) = X0 | ~r2_hidden(X6,k1_funct_2(X0,X1)) [equality resolution 265] {a:0,w:12,wCS:4800,nSel:1,sine:1,thAx:0,allAx:4,thDist:-4}
309. sK9(X0,X1,X6) = X6 | ~r2_hidden(X6,k1_funct_2(X0,X1)) [equality resolution 264] {a:0,w:11,wCS:4400,nSel:1,sine:1,thAx:0,allAx:4,thDist:-4}
313. 1 <=> sK0 = k9_xtuple_0(sK2) [avatar definition]
315. sK0 != k9_xtuple_0(sK2) <- (~1) [avatar component clause 313] {a:0,w:4,wCS:400,nSel:1,goal:1,sine:255,thAx:0,allAx:2,thDist:-2}
317. 2 <=> r1_tarski(k10_xtuple_0(sK2),sK1) [avatar definition]
320. ~1 | ~2 [avatar split clause 202,317,313]
322. 3 <=> r2_hidden(sK2,k1_funct_2(sK0,sK1)) [avatar definition]
324. r2_hidden(sK2,k1_funct_2(sK0,sK1)) <- (3) [avatar component clause 322] {a:0,w:5,wCS:500,nSel:1,goal:1,sine:255,thAx:0,allAx:2,thDist:-2}
325. 3 [avatar split clause 201,322]
702. r1_tarski(k10_xtuple_0(X2),X1) | ~r2_hidden(X2,k1_funct_2(X0,X1)) | ~r2_hidden(X2,k1_funct_2(X0,X1)) [superposition 307,309] {a:1,w:14,wCS:5600,sine:1,thAx:0,allAx:8,thDist:-8}
703. ~r2_hidden(X2,k1_funct_2(X0,X1)) | r1_tarski(k10_xtuple_0(X2),X1) [duplicate literal removal 702] {a:1,w:9,wCS:3600,nSel:1,sine:1,thAx:0,allAx:8,thDist:-8}
704. k9_xtuple_0(X2) = X0 | ~r2_hidden(X2,k1_funct_2(X0,X1)) | ~r2_hidden(X2,k1_funct_2(X0,X1)) [superposition 308,309] {a:1,w:14,wCS:5600,sine:1,thAx:0,allAx:8,thDist:-8}
713. ~r2_hidden(X2,k1_funct_2(X0,X1)) | k9_xtuple_0(X2) = X0 [duplicate literal removal 704] {a:1,w:9,wCS:3600,nSel:1,sine:1,thAx:0,allAx:8,thDist:-8}
909. r1_tarski(k10_xtuple_0(sK2),sK1) <- (3) [resolution 703,324] {a:2,w:4,wCS:400,goal:1,sine:1,thAx:0,allAx:10,thDist:-10}
914. 2 | ~3 [avatar split clause 909,322,317]
959. sK0 = k9_xtuple_0(sK2) <- (3) [resolution 713,324] {a:2,w:4,wCS:400,goal:1,sine:1,thAx:0,allAx:10,thDist:-10}
965. $false <- (~1, 3) [subsumption resolution 959,315] {a:2,w:0,goal:1,sine:1,thAx:0,allAx:10,thDist:-10}
966. 1 | ~3 [avatar contradiction clause 965]
967. $false [avatar sat refutation 320,325,914,966] {a:0,w:0,goal:1,sine:0,thAx:0,allAx:213,thDist:-213}
% SZS output end Proof for funct_2__t92_funct_2
% ------------------------------
% Version: Vampire 4.5.1 (commit 226f88162 on 2021-09-12 20:13:44 +0200)
% Termination reason: Refutation

% >>> Input
% Input formulas: 72
% >>> Preprocessing
% Introduced skolems: 23
% Pure predicates: 4
% 
% >>> Saturation
% Initial clauses: 104
% Generated clauses: 556
% Active clauses: 222
% Passive clauses: 350
% Final active clauses: 221
% Final passive clauses: 110
% Main loop iterations started: 240
% 
% >>> Simplifying Inferences
% Duplicate literals: 13
% Fw subsumption resolutions: 32
% Bw demodulations: 1
% 
% >>> Deletion Inferences
% Simple tautologies: 46
% Equational tautologies: 1
% Forward subsumptions: 85
% 
% >>> Generating Inferences
% Binary resolution: 332
% Unit resulting resolution: 1
% Forward superposition: 6
% Backward superposition: 25
% Self superposition: 1
% 
% >>> AVATAR
% Split clauses: 6
% Split components: 13
% Sat splitting refutations: 2
% 
% >>> SAT Solver Statistics
% SAT solver clauses: 49
% SAT solver unit clauses: 25
% SAT solver binary clauses: 17
% 
% Memory used [KB]: 5500
% Time elapsed: 0.007 s
% ------------------------------
% ------------------------------
% Time measurement results:
% property evaluation: 0.001 s
% preprocessing: 0.001 s ( own 0.0000 s ) 
% forward subsumption: 0.001 s
% other: 0.007 s ( own 0.005 s ) 

