i: [1,523,0,2,1,1,0,0] t87_finseqop
a: [3,920,0,2,1,523]
s: 920
i: [1,521,0,2,1,1,0,0] t87_finseqop
a: [3,930,0,2,1,521]
s: 930
i: [1,528,0,3,1,1,0,0] t87_finseqop
a: [3,895,0,3,1,528]
s: 895
i: [1,527,0,3,1,1,0,0] t87_finseqop
a: [3,900,0,3,1,527]
s: 900
i: [1,526,0,3,1,1,0,0] t87_finseqop
a: [3,905,0,3,1,526]
s: 905
i: [1,522,0,3,1,1,0,0] t87_finseqop
a: [3,925,0,3,1,522]
s: 925
i: [1,524,0,6,1,1,0,0] t87_finseqop
a: [3,915,0,6,1,524]
s: 915
i: [1,525,0,8,1,1,0,0] t87_finseqop
a: [3,910,0,8,1,525]
s: 910
i: [1,530,0,2,1,0,0,255] fc7_card_1
a: [3,935,0,2,1,530]
s: 935
i: [1,531,0,2,1,0,0,255] spc1_boole
a: [3,940,0,2,1,531]
s: 940
i: [1,532,0,2,1,0,0,255] fc4_card_1
a: [3,945,0,2,1,532]
s: 945
i: [1,533,0,2,1,0,0,255] fc1_xboole_0
a: [3,950,0,2,1,533]
s: 950
i: [1,538,0,2,1,0,0,255] fc6_ordinal1
a: [3,970,0,2,1,538]
s: 970
i: [1,537,0,2,1,0,0,255] fc6_ordinal1
a: [3,975,0,2,1,537]
s: 975
i: [1,818,0,2,1,0,0,5] rc3_card_1
a: [3,995,0,2,1,818]
s: 995
i: [1,819,0,2,1,0,0,1] rc2_xboole_0
a: [3,1000,0,2,1,819]
s: 1000
i: [1,820,0,2,1,0,0,255] rc1_card_1
a: [3,1005,0,2,1,820]
s: 1005
i: [1,821,0,2,1,0,0,255] rc4_ordinal1
a: [3,1010,0,2,1,821]
s: 1010
i: [1,822,0,2,1,0,0,255] rc1_ordinal1
a: [3,1015,0,2,1,822]
s: 1015
i: [1,823,0,2,1,0,0,1] rc1_xboole_0
a: [3,1020,0,2,1,823]
s: 1020
i: [1,827,0,2,1,0,0,255] rc2_ordinal1
a: [3,1025,0,2,1,827]
s: 1025
i: [1,826,0,2,1,0,0,255] rc2_ordinal1
a: [3,1030,0,2,1,826]
s: 1030
i: [1,825,0,2,1,0,0,255] rc2_ordinal1
a: [3,1035,0,2,1,825]
s: 1035
i: [1,824,0,2,1,0,0,255] rc2_ordinal1
a: [3,1040,0,2,1,824]
s: 1040
i: [1,829,0,2,1,0,0,4] rc8_finseq_1
a: [3,1045,0,2,1,829]
s: 1045
i: [1,828,0,2,1,0,0,4] rc8_finseq_1
a: [3,1050,0,2,1,828]
s: 1050
i: [1,830,0,2,1,0,0,255] rc2_xcmplx_0
a: [3,1055,0,2,1,830]
s: 1055
i: [1,832,0,2,1,0,0,4] rc7_funct_1
a: [3,1060,0,2,1,832]
s: 1060
i: [1,831,0,2,1,0,0,4] rc7_funct_1
a: [3,1065,0,2,1,831]
s: 1065
i: [1,834,0,2,1,0,0,255] rc5_ordinal1
a: [3,1070,0,2,1,834]
s: 1070
i: [1,833,0,2,1,0,0,255] rc5_ordinal1
a: [3,1075,0,2,1,833]
s: 1075
i: [1,836,0,2,1,0,0,2] rc1_relat_1
a: [3,1080,0,2,1,836]
s: 1080
i: [1,835,0,2,1,0,0,2] rc1_relat_1
a: [3,1085,0,2,1,835]
s: 1085
i: [1,840,0,2,1,0,0,255] rc4_funct_1
a: [3,1090,0,2,1,840]
s: 1090
i: [1,839,0,2,1,0,0,255] rc4_funct_1
a: [3,1095,0,2,1,839]
s: 1095
i: [1,838,0,2,1,0,0,255] rc4_funct_1
a: [3,1100,0,2,1,838]
s: 1100
i: [1,837,0,2,1,0,0,255] rc4_funct_1
a: [3,1105,0,2,1,837]
s: 1105
i: [1,845,0,2,1,0,0,255] rc2_card_1
a: [3,1110,0,2,1,845]
s: 1110
i: [1,844,0,2,1,0,0,255] rc2_card_1
a: [3,1115,0,2,1,844]
s: 1115
i: [1,843,0,2,1,0,0,255] rc2_card_1
a: [3,1120,0,2,1,843]
s: 1120
i: [1,842,0,2,1,0,0,255] rc2_card_1
a: [3,1125,0,2,1,842]
s: 1125
i: [1,841,0,2,1,0,0,255] rc2_card_1
a: [3,1130,0,2,1,841]
s: 1130
i: [1,847,0,2,1,0,0,255] rc2_relat_1
a: [3,1135,0,2,1,847]
s: 1135
i: [1,846,0,2,1,0,0,255] rc2_relat_1
a: [3,1140,0,2,1,846]
s: 1140
i: [1,850,0,2,1,0,0,255] rc3_funct_1
a: [3,1145,0,2,1,850]
s: 1145
i: [1,849,0,2,1,0,0,255] rc3_funct_1
a: [3,1150,0,2,1,849]
s: 1150
i: [1,848,0,2,1,0,0,255] rc3_funct_1
a: [3,1155,0,2,1,848]
s: 1155
i: [1,858,0,2,1,0,0,255] rc5_finseq_1
a: [3,1160,0,2,1,858]
s: 1160
i: [1,857,0,2,1,0,0,255] rc5_finseq_1
a: [3,1165,0,2,1,857]
s: 1165
i: [1,856,0,2,1,0,0,255] rc5_finseq_1
a: [3,1170,0,2,1,856]
s: 1170
i: [1,855,0,2,1,0,0,255] rc5_finseq_1
a: [3,1175,0,2,1,855]
s: 1175
i: [1,854,0,2,1,0,0,255] rc5_finseq_1
a: [3,1180,0,2,1,854]
s: 1180
i: [1,852,0,2,1,0,0,255] rc5_finseq_1
a: [3,1190,0,2,1,852]
s: 1190
i: [1,851,0,2,1,0,0,255] rc5_finseq_1
a: [3,1195,0,2,1,851]
s: 1195
i: [1,860,0,2,1,0,0,1] rc1_funct_1
a: [3,1200,0,2,1,860]
s: 1200
i: [1,859,0,2,1,0,0,1] rc1_funct_1
a: [3,1205,0,2,1,859]
s: 1205
i: [1,863,0,2,1,0,0,255] rc5_funct_1
a: [3,1210,0,2,1,863]
s: 1210
i: [1,862,0,2,1,0,0,255] rc5_funct_1
a: [3,1215,0,2,1,862]
s: 1215
i: [1,861,0,2,1,0,0,255] rc5_funct_1
a: [3,1220,0,2,1,861]
s: 1220
i: [1,867,0,2,1,0,0,255] rc2_funcop_1
a: [3,1225,0,2,1,867]
s: 1225
i: [1,866,0,2,1,0,0,255] rc2_funcop_1
a: [3,1230,0,2,1,866]
s: 1230
i: [1,865,0,2,1,0,0,255] rc2_funcop_1
a: [3,1235,0,2,1,865]
s: 1235
i: [1,864,0,2,1,0,0,255] rc2_funcop_1
a: [3,1240,0,2,1,864]
s: 1240
i: [1,870,0,2,1,0,0,255] rc2_funct_1
a: [3,1245,0,2,1,870]
s: 1245
i: [1,869,0,2,1,0,0,255] rc2_funct_1
a: [3,1250,0,2,1,869]
s: 1250
i: [1,868,0,2,1,0,0,255] rc2_funct_1
a: [3,1255,0,2,1,868]
s: 1255
i: [1,873,0,2,1,0,0,4] rc1_funcop_1
a: [3,1260,0,2,1,873]
s: 1260
i: [1,872,0,2,1,0,0,4] rc1_funcop_1
a: [3,1265,0,2,1,872]
s: 1265
i: [1,871,0,2,1,0,0,4] rc1_funcop_1
a: [3,1270,0,2,1,871]
s: 1270
i: [1,876,0,2,1,0,0,255] rc3_finseq_1
a: [3,1275,0,2,1,876]
s: 1275
i: [1,875,0,2,1,0,0,255] rc3_finseq_1
a: [3,1280,0,2,1,875]
s: 1280
i: [1,874,0,2,1,0,0,255] rc3_finseq_1
a: [3,1285,0,2,1,874]
s: 1285
i: [1,883,0,2,1,0,0,255] rc4_finseq_1
a: [3,1290,0,2,1,883]
s: 1290
i: [1,882,0,2,1,0,0,255] rc4_finseq_1
a: [3,1295,0,2,1,882]
s: 1295
i: [1,881,0,2,1,0,0,255] rc4_finseq_1
a: [3,1300,0,2,1,881]
s: 1300
i: [1,880,0,2,1,0,0,255] rc4_finseq_1
a: [3,1305,0,2,1,880]
s: 1305
i: [1,879,0,2,1,0,0,255] rc4_finseq_1
a: [3,1310,0,2,1,879]
s: 1310
i: [1,877,0,2,1,0,0,255] rc4_finseq_1
a: [3,1320,0,2,1,877]
s: 1320
i: [1,886,0,2,1,0,0,255] rc2_nat_1
a: [3,1325,0,2,1,886]
s: 1325
i: [1,885,0,2,1,0,0,255] rc2_nat_1
a: [3,1330,0,2,1,885]
s: 1330
i: [1,542,0,3,1,0,0,1] fc1_subset_1
s: 542
i: [1,543,0,3,1,0,0,2] dt_k4_relat_1
s: 543
i: [1,545,0,3,1,0,0,255] fc4_funct_1
s: 545
i: [1,546,0,3,1,0,0,255] fc4_funct_1
s: 546
i: [1,547,0,3,1,0,0,2] fc3_funct_1
s: 547
i: [1,548,0,3,1,0,0,2] fc3_funct_1
s: 548
i: [1,549,0,3,1,0,0,2] fc11_funct_2
s: 549
i: [1,551,0,3,1,0,0,2] fc11_funct_2
s: 551
i: [1,553,0,3,1,0,0,2] fc28_relat_1
s: 553
i: [1,691,0,3,1,0,0,255] rc9_funct_1
s: 691
i: [1,692,0,3,1,0,0,255] rc9_funct_1
s: 692
i: [1,694,0,3,1,0,0,255] rc9_funct_1
s: 694
i: [1,695,0,3,1,0,0,255] rc4_funcop_1
s: 695
i: [1,696,0,3,1,0,0,255] rc4_funcop_1
s: 696
i: [1,698,0,3,1,0,0,255] rc4_funcop_1
s: 698
i: [1,700,0,3,1,0,0,255] rc9_finseq_1
s: 700
i: [1,703,0,3,1,0,0,255] rc9_finseq_1
s: 703
i: [1,704,0,3,1,0,0,255] rc9_finseq_1
s: 704
i: [1,705,0,3,1,0,0,255] rc9_finseq_1
s: 705
i: [1,706,0,3,1,0,0,255] rc9_finseq_1
s: 706
i: [1,707,0,3,1,0,0,255] rc3_ordinal1
s: 707
i: [1,709,0,3,1,0,0,255] rc3_ordinal1
s: 709
i: [1,711,0,3,1,0,0,1] rc2_subset_1
s: 711
i: [1,715,0,3,1,0,0,4] rc1_finseq_1
s: 715
i: [1,718,0,3,1,0,0,4] rc1_finseq_1
s: 718
i: [1,719,0,3,1,0,0,4] rc1_finseq_1
s: 719
i: [1,720,0,3,1,0,0,255] reflexivity_r1_tarski
s: 720
i: [1,534,0,3,1,0,0,255] redefinition_k5_numbers
a: [3,955,0,3,1,534]
s: 955
r: 975
r: 970
r: 945
r: 935
d: [2,1337,0,2,1,2,23,975,955]
a: [3,1344,0,2,1,1337]
s: 1344
d: [2,1338,0,2,1,2,23,970,955]
a: [3,1349,0,2,1,1338]
s: 1349
d: [2,1339,0,2,1,2,23,945,955]
a: [3,1354,0,2,1,1339]
s: 1354
d: [2,1340,0,2,1,2,23,935,955]
a: [3,1359,0,2,1,1340]
s: 1359
i: [1,535,0,3,1,0,0,255] t1_numerals
a: [3,960,0,3,1,535]
s: 960
i: [1,541,0,3,1,0,0,255] spc1_numerals
a: [3,980,0,3,1,541]
s: 980
i: [1,540,0,3,1,0,0,255] spc1_numerals
a: [3,985,0,3,1,540]
s: 985
i: [1,853,0,3,1,0,0,255] rc5_finseq_1
a: [3,1185,0,3,1,853]
s: 1185
i: [1,878,0,3,1,0,0,255] rc4_finseq_1
a: [3,1315,0,3,1,878]
s: 1315
d: [2,1361,0,3,1,2,22,960,955]
a: [3,1365,0,3,1,1361]
s: 1365
i: [1,529,0,16,1,1,0,0] t87_finseqop
a: [3,890,0,16,1,529]
s: 890
i: [1,550,0,4,1,0,0,2] fc11_funct_2
s: 550
i: [1,552,0,4,1,0,0,2] fc11_funct_2
s: 552
i: [1,554,0,4,1,0,0,2] fc28_relat_1
s: 554
i: [1,555,0,4,1,0,0,2] fc28_relat_1
s: 555
i: [1,556,0,4,1,0,0,1] dt_k6_partfun1
s: 556
i: [1,582,0,4,2,0,0,4] cc9_finseq_1
s: 582
i: [1,592,0,4,2,0,0,255] cc1_card_1
s: 592
d: [2,1367,1,2,1,1,40,582,1045]
a: [3,1371,1,2,1,1367]
s: 1371
i: [1,597,0,4,2,0,0,255] cc3_card_1
s: 597
d: [2,1374,1,2,1,1,40,592,1005]
a: [3,1379,1,2,1,1374]
s: 1379
i: [1,598,0,4,2,0,0,255] cc6_ordinal1
s: 598
i: [1,599,0,4,2,0,0,255] cc5_card_1
s: 599
d: [2,1381,1,2,1,1,40,597,1010]
a: [3,1386,1,2,1,1381]
s: 1386
i: [1,601,0,4,2,0,0,255] cc1_nat_1
s: 601
d: [2,1382,1,2,1,1,40,597,1070]
a: [3,1391,1,2,1,1382]
s: 1391
i: [1,610,0,4,2,0,0,255] cc1_ordinal1
s: 610
i: [1,611,0,4,2,0,0,255] cc1_ordinal1
s: 611
d: [2,1393,1,2,1,1,40,598,1010]
a: [3,1398,1,2,1,1393]
s: 1398
i: [1,613,0,4,2,0,0,255] cc9_ordinal1
s: 613
d: [2,1394,1,2,1,1,40,598,1070]
a: [3,1403,1,2,1,1394]
s: 1403
i: [1,614,0,4,2,0,0,4] cc8_finseq_1
s: 614
i: [1,615,0,4,2,0,0,4] cc7_funct_1
s: 615
d: [2,1405,1,2,1,1,40,599,1010]
a: [3,1410,1,2,1,1405]
s: 1410
i: [1,616,0,4,2,0,0,255] cc2_card_1
s: 616
d: [2,1406,1,2,1,1,40,599,1070]
a: [3,1415,1,2,1,1406]
s: 1415
i: [1,617,0,4,2,0,0,255] cc7_ordinal1
s: 617
i: [1,618,0,4,2,0,0,255] cc3_ordinal1
s: 618
d: [2,1421,1,2,1,1,40,610,1349]
a: [3,1430,1,2,1,1421]
s: 1430
i: [1,619,0,4,2,0,0,1] cc1_funct_1
s: 619
d: [2,1423,1,2,1,1,40,610,1015]
a: [3,1440,1,2,1,1423]
s: 1440
i: [1,620,0,4,2,0,0,2] cc1_relat_1
s: 620
i: [1,690,0,4,1,0,0,1] existence_m1_subset_1
s: 690
d: [2,1426,1,2,1,1,40,610,1325]
a: [3,1445,1,2,1,1426]
s: 1445
i: [1,693,0,4,1,0,0,255] rc9_funct_1
s: 693
d: [2,1447,1,2,1,1,40,611,1349]
a: [3,1456,1,2,1,1447]
s: 1456
i: [1,697,0,4,1,0,0,255] rc4_funcop_1
s: 697
i: [1,699,0,4,1,0,0,255] rc4_funcop_1
s: 699
d: [2,1449,1,2,1,1,40,611,1015]
a: [3,1466,1,2,1,1449]
s: 1466
i: [1,701,0,4,1,0,0,255] rc9_finseq_1
s: 701
d: [2,1452,1,2,1,1,40,611,1325]
a: [3,1471,1,2,1,1452]
s: 1471
i: [1,702,0,4,1,0,0,255] rc9_finseq_1
s: 702
i: [1,708,0,4,1,0,0,255] rc3_ordinal1
s: 708
d: [2,1485,1,2,1,1,40,613,950]
a: [3,1491,1,2,1,1485]
s: 1491
i: [1,713,0,4,1,0,0,255] rc3_subset_1
s: 713
d: [2,1486,1,2,1,1,40,613,1020]
a: [3,1496,1,2,1,1486]
s: 1496
i: [1,716,0,4,1,0,0,4] rc1_finseq_1
s: 716
i: [1,717,0,4,1,0,0,4] rc1_finseq_1
s: 717
d: [2,1510,1,2,1,1,40,614,950]
a: [3,1516,1,2,1,1510]
s: 1516
i: [1,721,0,4,1,0,0,3] dt_k3_relat_1
s: 721
d: [2,1511,1,2,1,1,40,614,1020]
a: [3,1521,1,2,1,1511]
s: 1521
i: [1,722,0,4,1,0,0,1] fc6_relat_1
s: 722
i: [1,771,0,4,1,0,0,3] rc3_relat_1
s: 771
d: [2,1523,1,2,1,1,40,615,950]
a: [3,1529,1,2,1,1523]
s: 1529
i: [1,774,0,4,1,0,0,3] rc6_funct_1
s: 774
d: [2,1524,1,2,1,1,40,615,1020]
a: [3,1534,1,2,1,1524]
s: 1534
i: [1,777,0,4,1,0,0,3] rc6_funct_1
s: 777
i: [1,779,0,4,1,0,0,3] rc1_relset_1
s: 779
d: [2,1536,1,2,1,1,40,616,950]
a: [3,1542,1,2,1,1536]
s: 1542
i: [1,780,0,4,1,0,0,3] rc1_relset_1
s: 780
d: [2,1537,1,2,1,1,40,616,1020]
a: [3,1547,1,2,1,1537]
s: 1547
i: [1,784,0,4,1,0,0,3] rc1_funct_2
s: 784
i: [1,787,0,4,1,0,0,3] rc1_funct_2
s: 787
d: [2,1549,1,2,1,1,40,617,950]
a: [3,1555,1,2,1,1549]
s: 1555
i: [1,536,0,4,1,0,0,255] dt_k5_numbers
a: [3,965,0,4,1,536]
s: 965
d: [2,1550,1,2,1,1,40,617,1020]
a: [3,1560,1,2,1,1550]
s: 1560
i: [1,539,0,4,1,0,0,255] spc1_numerals
a: [3,990,0,4,1,539]
s: 990
i: [1,884,0,4,1,0,0,255] rc2_nat_1
a: [3,1335,0,4,1,884]
s: 1335
d: [2,1562,1,2,1,1,40,618,950]
a: [3,1568,1,2,1,1562]
s: 1568
i: [1,544,0,5,1,0,0,1] redefinition_k6_partfun1
s: 544
r: 555
r: 552
r: 550
r: 548
r: 546
r: 543
d: [2,1563,1,2,1,1,40,618,1020]
a: [3,1573,1,2,1,1563]
s: 1573
d: [2,1650,0,3,1,0,23,548,544]
s: 1650
d: [2,1651,0,3,1,0,23,546,544]
s: 1651
d: [2,1575,1,2,1,1,40,619,950]
a: [3,1581,1,2,1,1575]
s: 1581
d: [2,1652,0,3,1,0,23,543,544]
s: 1652
d: [2,1576,1,2,1,1,40,619,1020]
a: [3,1586,1,2,1,1576]
s: 1586
d: [2,1647,0,4,1,0,23,555,544]
s: 1647
d: [2,1649,0,4,1,0,23,550,544]
s: 1649
d: [2,1588,1,2,1,1,40,620,950]
a: [3,1594,1,2,1,1588]
s: 1594
i: [1,559,0,5,2,0,0,255] rc6_subset_1
s: 559
d: [2,1589,1,2,1,1,40,620,1020]
a: [3,1599,1,2,1,1589]
s: 1599
i: [1,560,0,5,2,0,0,5] fc9_card_1
s: 560
i: [1,562,0,5,2,0,0,5] rc4_card_1
s: 562
d: [2,1422,2,2,1,1,40,610,1379]
a: [3,1435,2,2,1,1422]
s: 1435
i: [1,563,0,5,2,0,0,2] fc7_relset_1
s: 563
d: [2,1448,2,2,1,1,40,611,1379]
a: [3,1461,2,2,1,1448]
s: 1461
i: [1,564,0,5,2,0,0,2] fc7_relset_1
s: 564
i: [1,573,0,5,2,0,0,1] rc1_subset_1
s: 573
d: [2,1473,2,2,1,1,40,1398,611]
a: [3,1478,2,2,1,1473]
s: 1478
i: [1,575,0,5,2,0,0,255] rc5_subset_1
s: 575
d: [2,1474,2,2,1,1,40,1398,610]
a: [3,1483,2,2,1,1474]
s: 1483
i: [1,576,0,5,2,0,0,255] rc5_subset_1
s: 576
i: [1,594,0,5,2,0,0,255] rc6_card_1
s: 594
d: [2,1498,2,2,1,1,40,1403,611]
a: [3,1503,2,2,1,1498]
s: 1503
i: [1,595,0,5,2,0,0,255] rc6_card_1
s: 595
d: [2,1499,2,2,1,1,40,1403,610]
a: [3,1508,2,2,1,1499]
s: 1508
i: [1,603,0,5,2,0,0,255] rc7_finseq_1
s: 603
i: [1,605,0,5,2,0,0,255] rc7_finseq_1
s: 605
d: [2,1617,2,2,1,1,40,1555,599]
a: [3,1623,2,2,1,1617]
s: 1623
i: [1,606,0,5,2,0,0,255] rc7_finseq_1
s: 606
d: [2,1626,2,2,1,1,40,1560,599]
a: [3,1632,2,2,1,1626]
s: 1632
i: [1,608,0,5,2,0,0,255] rc7_finseq_1
s: 608
i: [1,609,0,5,2,0,0,255] rc7_finseq_1
s: 609
d: [2,1635,2,2,1,1,40,1568,611]
a: [3,1640,2,2,1,1635]
s: 1640
i: [1,621,0,5,2,0,0,255] t6_boole
s: 621
d: [2,1636,2,2,1,1,40,1568,610]
a: [3,1645,2,2,1,1636]
s: 1645
i: [1,622,0,5,2,0,0,255] cc8_card_1
s: 622
i: [1,632,0,5,2,0,0,255] cc7_card_1
s: 632
d: [2,1653,2,2,1,1,40,1573,611]
a: [3,1658,2,2,1,1653]
s: 1658
i: [1,633,0,5,2,0,0,255] cc9_card_1
s: 633
d: [2,1654,2,2,1,1,40,1573,610]
a: [3,1663,2,2,1,1654]
s: 1663
i: [1,634,0,5,2,0,0,255] cc9_card_1
s: 634
i: [1,635,0,5,2,0,0,255] cc8_ordinal1
s: 635
d: [2,1487,1,3,1,0,40,613,711]
s: 1487
i: [1,636,0,5,2,0,0,255] cc4_card_1
s: 636
d: [2,1512,1,3,1,0,40,614,711]
s: 1512
i: [1,687,0,5,2,0,0,255] t7_boole
s: 687
i: [1,710,0,5,1,0,0,1] rc2_subset_1
s: 710
d: [2,1525,1,3,1,0,40,615,711]
s: 1525
i: [1,712,0,5,1,0,0,255] rc3_subset_1
s: 712
d: [2,1538,1,3,1,0,40,616,711]
s: 1538
i: [1,772,0,5,1,0,0,3] rc3_relat_1
s: 772
i: [1,773,0,5,1,0,0,3] rc3_relat_1
s: 773
d: [2,1551,1,3,1,0,40,617,711]
s: 1551
i: [1,775,0,5,1,0,0,3] rc6_funct_1
s: 775
d: [2,1564,1,3,1,0,40,618,711]
s: 1564
i: [1,776,0,5,1,0,0,3] rc6_funct_1
s: 776
i: [1,781,0,5,1,0,0,3] rc1_relset_1
s: 781
d: [2,1577,1,3,1,0,40,619,711]
s: 1577
i: [1,782,0,5,1,0,0,3] rc1_relset_1
s: 782
d: [2,1590,1,3,1,0,40,620,711]
s: 1590
i: [1,785,0,5,1,0,0,3] rc1_funct_2
s: 785
i: [1,786,0,5,1,0,0,3] rc1_funct_2
s: 786
d: [2,1686,2,3,1,0,40,1512,582]
s: 1686
d: [2,1665,0,5,2,0,22,563,544]
s: 1665
d: [2,1687,2,3,1,0,40,1538,592]
s: 1687
d: [2,1684,0,5,2,1,22,635,955]
s: 1684
d: [2,1685,0,5,2,1,22,636,955]
s: 1685
d: [2,1693,1,2,1,2,40,1684,985]
a: [3,1699,1,2,1,1693]
s: 1699
i: [1,578,0,6,2,0,0,255] rc7_card_1
s: 578
d: [2,1706,1,2,1,2,40,1685,985]
a: [3,1712,1,2,1,1706]
s: 1712
i: [1,580,0,6,2,0,0,255] rc4_subset_1
s: 580
i: [1,593,0,6,2,0,0,255] rc5_card_1
s: 593
d: [2,1720,2,2,1,1,40,1699,598]
a: [3,1726,2,2,1,1720]
s: 1726
i: [1,596,0,6,2,0,0,255] rc6_card_1
s: 596
d: [2,1721,2,2,1,1,40,1699,597]
a: [3,1731,2,2,1,1721]
s: 1731
i: [1,604,0,6,2,0,0,255] rc7_finseq_1
s: 604
i: [1,607,0,6,2,0,0,255] rc7_finseq_1
s: 607
d: [2,1754,3,2,1,1,40,1726,611]
a: [3,1759,3,2,1,1754]
s: 1759
i: [1,638,0,6,3,0,0,255] cc2_ordinal1
s: 638
d: [2,1755,3,2,1,1,40,1726,610]
a: [3,1764,3,2,1,1755]
s: 1764
i: [1,642,0,6,3,0,0,255] cc6_card_1
s: 642
i: [1,650,0,6,3,0,0,255] cc3_relat_1
s: 650
d: [2,1825,1,4,2,1,40,642,1115]
d: [2,1828,1,2,1,2,21,1825,1120]
a: [3,1832,1,2,1,1828]
s: 1832
d: [2,1852,0,4,2,0,21,650,620]
s: 1852
d: [2,1826,1,4,2,1,40,642,1170]
a: [3,1837,1,2,1,1826]
s: 1837
i: [1,652,0,6,3,0,0,255] cc4_relat_1
s: 652
d: [2,1870,0,4,2,0,21,652,620]
s: 1870
d: [2,1827,1,4,2,1,40,642,1300]
a: [3,1846,1,2,1,1827]
s: 1846
i: [1,654,0,6,3,0,0,4] cc1_finseq_1
s: 654
d: [2,1856,1,2,1,1,40,1852,950]
a: [3,1863,1,2,1,1856]
s: 1863
d: [2,1885,0,4,2,0,21,654,620]
s: 1885
i: [1,656,0,6,3,0,0,4] cc4_finseq_1
s: 656
d: [2,1859,1,2,1,1,40,1852,1020]
a: [3,1868,1,2,1,1859]
s: 1868
i: [1,682,0,6,2,0,0,255] t1_subset
s: 682
d: [2,1871,1,2,1,1,40,1870,950]
a: [3,1878,1,2,1,1871]
s: 1878
i: [1,725,0,6,2,0,0,2] rc3_funcop_1
s: 725
i: [1,728,0,6,2,0,0,2] rc3_funcop_1
s: 728
d: [2,1874,1,2,1,1,40,1870,1020]
a: [3,1883,1,2,1,1874]
s: 1883
i: [1,733,0,6,2,0,0,255] antisymmetry_r2_hidden
s: 733
d: [2,1887,1,2,1,1,40,1885,950]
a: [3,1894,1,2,1,1887]
s: 1894
i: [1,788,0,6,1,0,0,3] rc1_funct_2
s: 788
i: [1,557,0,7,1,0,0,1] dt_k6_partfun1
s: 557
d: [2,1890,1,2,1,1,40,1885,1020]
a: [3,1899,1,2,1,1890]
s: 1899
i: [1,558,0,7,2,0,0,255] rc6_subset_1
s: 558
d: [2,1695,1,3,1,1,40,1684,690]
a: [3,1704,1,3,1,1695]
s: 1704
i: [1,561,0,7,2,0,0,5] rc4_card_1
s: 561
i: [1,572,0,7,2,0,0,1] rc1_subset_1
s: 572
d: [2,1708,1,3,1,1,40,1685,690]
a: [3,1717,1,3,1,1708]
s: 1717
i: [1,574,0,7,2,0,0,255] rc5_subset_1
s: 574
d: [2,1735,1,5,2,0,40,593,632]
d: [2,1738,1,3,1,1,21,1735,1542]
a: [3,1742,1,3,1,1738]
s: 1742
i: [1,577,0,7,2,0,0,255] rc7_card_1
s: 577
i: [1,579,0,7,2,0,0,255] rc4_subset_1
s: 579
d: [2,1736,1,5,2,0,40,593,634]
a: [3,1747,1,3,1,1736]
s: 1747
i: [1,583,0,7,3,0,0,4] cc10_finseq_1
s: 583
d: [2,1990,1,4,2,1,40,583,925]
a: [3,2028,1,2,1,1990]
s: 2028
i: [1,585,0,7,3,0,0,4] cc8_funct_1
s: 585
i: [1,586,0,7,3,0,0,4] cc8_funct_1
s: 586
d: [2,2053,1,4,2,1,40,585,925]
a: [3,2091,1,2,1,2053]
s: 2091
i: [1,612,0,7,3,0,0,255] cc5_ordinal1
s: 612
d: [2,2154,1,4,2,1,40,612,925]
a: [3,2169,1,2,1,2154]
s: 2169
i: [1,637,0,7,3,0,0,255] cc10_card_1
s: 637
i: [1,685,0,7,2,0,0,255] t3_subset
s: 685
d: [2,1991,1,9,2,1,40,583,910]
a: [3,2037,1,7,1,1991]
s: 2037
i: [1,686,0,7,3,0,0,1] t8_boole
s: 686
d: [2,2054,1,9,2,1,40,585,910]
a: [3,2100,1,7,1,2054]
s: 2100
i: [1,714,0,7,1,0,0,4] rc1_finseq_1
s: 714
i: [1,726,0,7,2,0,0,2] rc3_funcop_1
s: 726
d: [2,2155,1,9,2,1,40,612,910]
a: [3,2178,1,7,1,2155]
s: 2178
i: [1,727,0,7,2,0,0,2] rc3_funcop_1
s: 727
d: [2,1986,1,4,2,1,40,583,980]
a: [3,2005,1,2,1,1986]
s: 2005
i: [1,729,0,7,2,0,0,2] rc3_funcop_1
s: 729
i: [1,581,0,8,3,0,0,255] cc10_ordinal1
s: 581
d: [2,2197,1,8,2,1,40,581,910]
a: [3,2221,1,6,1,2197]
s: 2221
i: [1,584,0,8,3,0,0,4] cc11_finseq_1
s: 584
d: [2,2235,1,8,2,1,40,584,910]
a: [3,2250,1,6,1,2235]
s: 2250
i: [1,587,0,8,3,0,0,4] cc9_funct_1
s: 587
i: [1,591,0,8,3,0,0,255] cc5_subset_1
s: 591
d: [2,2259,1,8,2,1,40,587,910]
a: [3,2275,1,6,1,2259]
s: 2275
i: [1,623,0,8,3,0,0,1] cc1_subset_1
s: 623
d: [2,2289,1,8,2,1,40,591,910]
a: [3,2313,1,6,1,2289]
s: 2313
i: [1,631,0,8,3,0,0,1] cc2_relat_1
s: 631
i: [1,641,0,8,4,0,0,255] cc6_funct_1
s: 641
r: 2091
r: 2100
r: 2178
a: [3,2095,1,2,1,2053]
s: 2095
i: [1,645,0,8,4,0,0,255] cc4_funct_1
s: 645
a: [3,2104,1,2,1,2054]
s: 2104
d: [2,2564,0,6,3,0,21,645,619]
d: [2,2565,0,4,2,0,21,2564,620]
s: 2565
i: [1,648,0,8,4,0,0,255] cc2_funct_1
s: 648
d: [2,2116,1,4,2,1,40,586,925]
a: [3,2142,1,2,1,2116]
s: 2142
d: [2,2585,0,6,3,0,21,648,619]
d: [2,2586,0,4,2,0,21,2585,620]
s: 2586
a: [3,2182,1,2,1,2155]
s: 2182
r: 2182
i: [1,657,0,8,4,0,0,255] cc5_funct_1
s: 657
i: [1,668,0,8,4,0,0,255] cc6_finseq_1
s: 668
a: [3,2031,1,2,1,1990]
s: 2031
i: [1,671,0,8,4,0,0,4] cc2_finseq_1
s: 671
a: [3,2040,1,2,1,1991]
s: 2040
i: [1,678,0,8,4,0,0,4] cc3_funcop_1
s: 678
d: [2,2887,0,6,3,0,21,678,619]
d: [2,2888,0,4,2,0,21,2887,620]
s: 2888
a: [3,2181,1,2,1,2155]
s: 2181
i: [1,683,0,8,3,0,0,255] t2_subset
s: 683
a: [3,2316,1,2,1,2289]
s: 2316
i: [1,734,0,8,3,0,0,5] fc10_card_1
s: 734
i: [1,735,0,8,3,0,0,5] fc11_card_1
s: 735
d: [2,2327,1,8,2,1,40,623,910]
a: [3,2352,1,2,1,2327]
s: 2352
d: [2,2980,2,0,0,2,52,2181,2352,618]
e: 2980
d: [2,2981,2,0,0,2,52,2040,2352,1885]
e: 2981
d: [2,2987,2,2,1,1,40,2352,618]
d: [2,2998,2,0,0,2,21,2987,2181]
e: 2998
d: [2,2992,2,2,1,1,40,2352,1885]
d: [2,3000,2,0,0,2,21,2992,2040]
e: 3000
r: 2352
i: [1,736,0,8,3,0,0,1] fc10_subset_1
s: 736
d: [2,2554,2,6,3,1,40,2095,641]
a: [3,2558,2,2,1,2554]
s: 2558
i: [1,747,0,8,3,0,0,3] fc12_relat_1
s: 747
i: [1,748,0,8,3,0,0,3] fc12_relat_1
s: 748
d: [2,2915,1,5,2,1,40,683,925]
d: [2,2953,1,3,1,2,21,2915,930]
a: [3,2957,1,3,1,2953]
s: 2957
i: [1,749,0,8,3,0,0,3] fc13_relat_1
s: 749
d: [2,3016,2,3,1,1,40,2957,733]
a: [3,3022,2,3,1,3016]
s: 3022
i: [1,750,0,8,3,0,0,3] fc13_relat_1
s: 750
i: [1,767,0,8,2,0,0,1] cc1_relset_1
s: 767
a: [3,2348,1,6,1,2327]
s: 2348
i: [1,778,0,8,1,0,0,3] rc1_relset_1
s: 778
s: 2178
i: [1,783,0,8,1,0,0,3] rc1_funct_2
s: 783
i: [1,624,0,9,3,0,0,255] cc4_subset_1
s: 624
d: [2,2916,1,15,2,1,40,683,910]
d: [2,2959,1,8,1,1,21,2916,542]
a: [3,2963,1,8,1,2959]
s: 2963
i: [1,625,0,9,4,0,0,3] cc8_relat_1
s: 625
d: [2,1987,1,4,2,1,40,583,985]
a: [3,2014,1,2,1,1987]
s: 2014
i: [1,628,0,9,4,0,0,3] cc7_relat_1
s: 628
i: [1,663,0,9,4,0,0,255] cc7_finseq_1
s: 663
d: [2,2049,1,4,2,1,40,585,980]
a: [3,2072,1,2,1,2049]
s: 2072
i: [1,673,0,9,4,0,0,4] cc5_finseq_1
s: 673
a: [3,2008,1,2,1,1986]
s: 2008
i: [1,689,0,9,3,0,0,255] t5_subset
s: 689
i: [1,768,0,9,2,0,0,3] cc2_relset_1
s: 768
d: [2,3196,1,5,1,1,40,768,910]
a: [3,3212,1,5,1,3196]
s: 3212
i: [1,769,0,9,2,0,0,3] cc2_relset_1
s: 769
d: [2,3223,1,3,1,1,40,769,910]
a: [3,3239,1,3,1,3223]
s: 3239
i: [1,679,0,10,4,0,0,1] cc3_funct_1
s: 679
i: [1,688,0,10,3,0,0,255] t4_subset
s: 688
d: [2,3214,2,8,3,1,40,3212,628]
d: [2,3215,2,6,2,2,21,3214,2104]
a: [3,3219,2,4,1,3215]
s: 3219
i: [1,724,0,10,2,0,0,2] rc3_funcop_1
s: 724
d: [2,2050,1,4,2,1,40,585,985]
a: [3,2076,1,2,1,2050]
s: 2076
i: [1,730,0,10,3,0,0,1] cc3_relset_1
s: 730
i: [1,731,0,10,3,0,0,1] cc4_relset_1
s: 731
d: [2,2051,1,5,2,1,40,585,965]
a: [3,2086,1,2,1,2051]
s: 2086
r: 2086
i: [1,752,0,10,4,0,0,255] fc19_funct_1
s: 752
a: [3,2085,1,2,1,2051]
s: 2085
i: [1,757,0,10,4,0,0,3] fc8_funcop_1
s: 757
i: [1,758,0,10,4,0,0,3] fc8_funcop_1
s: 758
d: [2,2064,1,5,2,1,40,585,1335]
a: [3,2109,1,2,1,2064]
s: 2109
r: 2109
i: [1,763,0,10,4,0,0,255] fc15_relat_1
s: 763
a: [3,2108,1,2,1,2064]
s: 2108
i: [1,764,0,10,4,0,0,255] fc15_relat_1
s: 764
i: [1,567,0,11,4,0,0,255] cc3_subset_1
s: 567
a: [3,2351,1,2,1,2327]
s: 2351
i: [1,568,0,11,4,0,0,255] cc2_subset_1
s: 568
d: [2,2112,1,4,2,1,40,586,980]
a: [3,2131,1,2,1,2112]
s: 2131
i: [1,590,0,11,5,0,0,4] cc1_funcop_1
s: 590
i: [1,800,0,11,4,0,0,3] fc29_relat_1
s: 800
s: 2091
i: [1,802,0,11,4,0,0,3] fc30_relat_1
s: 802
d: [2,2114,1,5,2,1,40,586,965]
a: [3,2137,1,2,1,2114]
s: 2137
i: [1,759,0,12,5,0,0,255] dt_k15_funct_3
s: 759
i: [1,760,0,12,5,0,0,255] dt_k15_funct_3
s: 760
d: [2,2127,1,5,2,1,40,586,1335]
a: [3,2147,1,2,1,2127]
s: 2147
i: [1,761,0,12,5,0,0,3] fc2_funct_1
s: 761
d: [2,2196,1,4,2,1,40,581,965]
a: [3,2212,1,2,1,2196]
s: 2212
i: [1,762,0,12,5,0,0,3] fc2_funct_1
s: 762
i: [1,765,0,12,4,0,0,3] cc6_relat_1
s: 765
d: [2,2270,1,4,2,1,40,587,1335]
a: [3,2284,1,2,1,2270]
s: 2284
i: [1,766,0,12,4,0,0,3] cc5_relat_1
s: 766
d: [2,2288,1,4,2,1,40,591,965]
a: [3,2308,1,2,1,2288]
s: 2308
i: [1,801,0,12,4,0,0,3] fc29_relat_1
s: 801
i: [1,803,0,12,4,0,0,3] fc30_relat_1
s: 803
d: [2,2300,1,4,2,1,40,591,1335]
a: [3,2322,1,2,1,2300]
s: 2322
i: [1,684,0,13,3,0,0,2] cc4_funct_2
s: 684
d: [2,2326,1,4,2,1,40,623,965]
d: [2,2339,1,2,1,2,21,2326,1344]
a: [3,2343,1,2,1,2339]
s: 2343
i: [1,770,0,13,3,0,0,2] cc1_funct_2
s: 770
i: [1,789,0,13,5,0,0,3] fc29_finseq_1
s: 789
d: [2,2358,1,4,2,1,40,631,965]
a: [3,2374,1,2,1,2358]
s: 2374
i: [1,790,0,13,5,0,0,3] fc17_funct_1
s: 790
d: [2,2397,1,6,3,1,40,641,1080]
a: [3,2448,1,2,1,2397]
s: 2448
i: [1,791,0,13,5,0,0,3] fc17_funct_1
s: 791
i: [1,681,0,14,3,0,0,255] d1_binop_1
s: 681
d: [2,2398,1,6,3,1,40,641,1100]
d: [2,2454,1,4,2,2,21,2398,1090]
a: [3,2462,1,2,1,2454]
s: 2462
i: [1,740,0,14,4,0,0,255] existence_m2_subset_1
s: 740
d: [2,2399,1,6,3,1,40,641,1140]
a: [3,2471,1,2,1,2399]
s: 2471
d: [2,3583,0,12,3,0,21,740,623]
s: 3583
i: [1,755,0,14,6,0,0,4] fc9_funcop_1
s: 755
d: [2,2400,1,6,3,1,40,641,1155]
d: [2,2477,1,4,2,2,21,2400,1145]
a: [3,2481,1,2,1,2477]
s: 2481
i: [1,756,0,14,6,0,0,4] fc9_funcop_1
s: 756
d: [2,2401,1,6,3,1,40,641,1195]
d: [2,2487,1,4,2,2,21,2401,1180]
a: [3,2491,1,2,1,2487]
s: 2491
i: [1,723,0,15,4,0,0,2] cc3_funct_2
s: 723
i: [1,732,0,15,4,0,0,2] cc2_funct_2
s: 732
d: [2,3586,1,13,3,1,40,723,910]
d: [2,3601,1,7,2,2,21,3586,915]
d: [2,3602,1,5,1,3,21,3601,930]
a: [3,3606,1,5,1,3602]
s: 3606
i: [1,737,0,15,5,0,0,255] dt_m2_subset_1
s: 737
d: [2,2402,1,6,3,1,40,641,1205]
d: [2,2497,1,4,2,2,21,2402,1200]
a: [3,2501,1,2,1,2497]
s: 2501
d: [2,3626,0,13,4,0,21,737,623]
s: 3626
i: [1,738,0,15,5,0,0,255] redefinition_m2_subset_1
s: 738
d: [2,2403,1,6,3,1,40,641,1220]
d: [2,2507,1,4,2,2,21,2403,1215]
d: [2,2508,1,2,1,3,21,2507,1210]
a: [3,2512,1,2,1,2508]
s: 2512
d: [2,3630,0,13,4,0,21,738,623]
s: 3630
d: [2,2405,1,6,3,1,40,641,1255]
d: [2,2514,1,4,2,2,21,2405,1250]
a: [3,2518,1,2,1,2514]
s: 2518
i: [1,739,0,15,5,0,0,255] redefinition_m2_subset_1
s: 739
d: [2,3634,0,13,4,0,21,739,623]
s: 3634
d: [2,2406,1,6,3,1,40,641,1270]
d: [2,2524,1,4,2,2,21,2406,1265]
a: [3,2528,1,2,1,2524]
s: 2528
i: [1,753,0,16,7,0,0,255] fc7_funct_1
s: 753
d: [2,2407,1,6,3,1,40,641,1285]
d: [2,2534,1,4,2,2,21,2407,1280]
a: [3,2538,1,2,1,2534]
s: 2538
i: [1,754,0,16,7,0,0,255] fc7_funct_1
s: 754
i: [1,798,0,17,7,0,0,255] dt_k6_finseqop
s: 798
d: [2,2408,1,6,3,1,40,641,1320]
d: [2,2544,1,4,2,2,21,2408,1310]
a: [3,2552,1,2,1,2544]
s: 2552
i: [1,799,0,17,7,0,0,255] dt_k6_finseqop
s: 799
d: [2,2587,1,2,1,1,40,2586,950]
a: [3,2595,1,2,1,2587]
s: 2595
i: [1,742,0,18,6,0,0,1] cc8_funct_2
s: 742
d: [2,3662,0,16,5,0,21,742,619]
s: 3662
d: [2,2591,1,2,1,1,40,2586,1020]
a: [3,2605,1,2,1,2591]
s: 2605
i: [1,751,0,21,4,0,0,1] dt_k4_binop_1
s: 751
d: [2,3688,1,13,3,1,40,751,910]
d: [2,3701,1,7,2,2,21,3688,915]
d: [2,3702,1,5,1,3,21,3701,920]
a: [3,3706,1,5,1,3702]
s: 3706
i: [1,680,0,22,7,0,0,255] d4_finseqop
s: 680
i: [1,744,0,22,5,0,0,1] dt_k5_finseqop
s: 744
d: [2,3748,1,14,4,1,40,744,910]
d: [2,3762,1,8,3,2,21,3748,915]
d: [2,3763,1,6,2,3,21,3762,920]
d: [2,3764,1,4,1,4,21,3763,930]
a: [3,3768,1,4,1,3764]
s: 3768
i: [1,745,0,24,5,0,0,1] dt_k5_finseqop
s: 745
d: [2,3712,2,7,2,1,40,3706,683]
d: [2,3717,2,5,1,2,21,3712,930]
a: [3,3721,2,5,1,3717]
s: 3721
i: [1,804,0,24,6,0,0,2] dt_k3_funct_2
s: 804
i: [1,746,0,26,5,0,0,1] dt_k5_finseqop
s: 746
d: [2,3801,3,5,1,1,40,3721,733]
a: [3,3807,3,5,1,3801]
s: 3807
i: [1,805,0,26,6,0,0,2] redefinition_k3_funct_2
s: 805
d: [2,3775,1,16,4,1,40,745,910]
d: [2,3789,1,10,3,2,21,3775,915]
d: [2,3790,1,8,2,3,21,3789,920]
d: [2,3791,1,6,1,4,21,3790,930]
a: [3,3795,1,6,1,3791]
s: 3795
i: [1,810,0,28,7,0,0,3] fc4_funct_2
s: 810
i: [1,812,0,28,7,0,0,3] fc5_funct_2
s: 812
d: [2,3845,1,18,4,1,40,746,910]
d: [2,3859,1,12,3,2,21,3845,915]
d: [2,3860,1,10,2,3,21,3859,920]
d: [2,3861,1,8,1,4,21,3860,930]
a: [3,3865,1,8,1,3861]
s: 3865
i: [1,814,0,29,6,0,0,1] dt_k5_binop_1
s: 814
d: [2,3928,2,4,1,1,40,3865,767]
a: [3,3966,2,4,1,3928]
s: 3966
i: [1,792,0,30,8,0,0,2] fc9_nat_1
s: 792
i: [1,794,0,30,8,0,0,3] fc8_nat_1
s: 794
d: [2,3933,2,14,4,1,40,3865,3662]
d: [2,3955,2,12,3,1,18,3933]
d: [2,3980,2,6,2,2,21,3955,3795]
d: [2,3981,2,4,1,3,21,3980,930]
a: [3,3985,2,4,1,3981]
s: 3985
i: [1,797,0,30,8,0,0,3] fc8_nat_1
s: 797
d: [2,3937,2,8,2,1,40,3865,581]
a: [3,4000,2,4,1,3937]
s: 4000
i: [1,811,0,30,7,0,0,3] fc4_funct_2
s: 811
i: [1,813,0,30,7,0,0,3] fc5_funct_2
s: 813
d: [2,3938,2,8,2,1,40,3865,584]
a: [3,4009,2,4,1,3938]
s: 4009
i: [1,816,0,30,8,0,0,3] fc8_funct_2
s: 816
d: [2,3939,2,8,2,1,40,3865,587]
a: [3,4018,2,4,1,3939]
s: 4018
i: [1,793,0,31,8,0,0,2] fc9_nat_1
s: 793
i: [1,795,0,31,8,0,0,3] fc8_nat_1
s: 795
d: [2,3940,2,8,2,1,40,3865,591]
a: [3,4027,2,4,1,3940]
s: 4027
i: [1,796,0,31,8,0,0,3] fc8_nat_1
s: 796
a: [3,4030,2,4,1,3940]
s: 4030
i: [1,815,0,32,6,0,0,255] redefinition_k5_binop_1
s: 815
i: [1,817,0,32,8,0,0,3] fc8_funct_2
s: 817
d: [2,3954,2,9,2,1,40,3865,583]
a: [3,4067,2,4,1,3954]
s: 4067
i: [1,569,0,33,7,0,0,1] t15_setwiseo
s: 569
d: [2,3924,2,13,3,1,40,3865,723]
d: [2,3956,2,7,2,2,21,3924,3795]
d: [2,3957,2,5,1,3,21,3956,930]
a: [3,3961,2,5,1,3957]
s: 3961
i: [1,570,0,33,7,0,0,1] t15_setwiseo
s: 570
i: [1,571,0,40,8,0,0,1] t61_finseqop
s: 571
d: [2,3929,2,5,1,1,40,3865,768]
a: [3,3971,2,5,1,3929]
s: 3971
i: [1,807,0,48,11,0,0,1] dt_k7_finseqop
s: 807
d: [2,3930,2,5,1,1,40,3865,769]
a: [3,3976,2,5,1,3930]
s: 3976
i: [1,806,0,52,11,0,0,255] redefinition_k7_finseqop
s: 806
i: [1,808,0,52,11,0,0,1] dt_k7_finseqop
s: 808
d: [2,4391,1,66,11,1,44,890,806]
d: [2,4392,1,58,10,2,21,4391,3865]
d: [2,4393,1,52,9,3,21,4392,3795]
d: [2,4394,1,48,8,4,21,4393,3768]
d: [2,4395,1,41,7,4,21,4394,557]
d: [2,4396,1,38,6,4,21,4395,1650]
d: [2,4397,1,30,5,5,21,4396,910]
d: [2,4398,1,24,4,6,21,4397,915]
d: [2,4399,1,22,3,7,21,4398,920]
d: [2,4400,1,20,2,8,21,4399,930]
a: [3,4404,1,5,1,4400]
s: 4404
d: [2,4412,2,0,0,1,52,556,557,4404,770]
e: 4412
r: 4404
i: [1,809,0,54,11,0,0,1] dt_k7_finseqop
s: 809
a: [3,4403,1,5,1,4400]
s: 4403
i: [1,565,0,56,10,0,0,1] t82_finseqop
s: 565
i: [1,566,0,56,10,0,0,1] t82_finseqop
s: 566
d: [2,3951,2,9,2,1,40,3865,612]
a: [3,4050,2,5,1,3951]
s: 4050
d: [2,2639,1,6,3,1,40,668,1080]
a: [3,2695,1,2,1,2639]
s: 2695
a: [3,4064,2,5,1,3954]
s: 4064
d: [2,2640,1,6,3,1,40,668,1100]
d: [2,2697,1,4,2,2,21,2640,1090]
a: [3,2705,1,2,1,2697]
s: 2705
d: [2,2641,1,6,3,1,40,668,1140]
a: [3,2714,1,2,1,2641]
s: 2714
d: [2,2642,1,6,3,1,40,668,1155]
d: [2,2716,1,4,2,2,21,2642,1145]
a: [3,2724,1,2,1,2716]
s: 2724
d: [2,2644,1,6,3,1,40,668,1205]
d: [2,2726,1,4,2,2,21,2644,1200]
a: [3,2734,1,2,1,2726]
s: 2734
d: [2,2645,1,6,3,1,40,668,1220]
d: [2,2736,1,4,2,2,21,2645,1215]
a: [3,2744,1,2,1,2736]
s: 2744
d: [2,2646,1,6,3,1,40,668,1240]
d: [2,2746,1,4,2,2,21,2646,1235]
a: [3,2754,1,2,1,2746]
s: 2754
d: [2,2647,1,6,3,1,40,668,1255]
d: [2,2756,1,4,2,2,21,2647,1250]
a: [3,2764,1,2,1,2756]
s: 2764
d: [2,2648,1,6,3,1,40,668,1270]
d: [2,2766,1,4,2,2,21,2648,1265]
a: [3,2774,1,2,1,2766]
s: 2774
d: [2,2806,1,6,3,1,40,671,1285]
d: [2,2877,1,4,2,2,21,2806,1280]
a: [3,2885,1,2,1,2877]
s: 2885
d: [2,2889,1,2,1,1,40,2888,950]
a: [3,2897,1,2,1,2889]
s: 2897
d: [2,2893,1,2,1,1,40,2888,1020]
a: [3,2907,1,2,1,2893]
s: 2907
d: [2,4288,1,60,6,1,44,890,815]
d: [2,4289,1,55,5,2,21,4288,3706]
d: [2,4290,1,52,4,3,21,4289,925]
a: [3,4294,1,9,1,4290]
s: 4294
d: [2,4555,2,0,0,9,52,930,920,1650,3768,4403,915,3795,557,910,3865,4294,807]
e: 4555
r: 4294
d: [2,3104,2,8,1,1,40,2963,733]
a: [3,3110,2,8,1,3104]
s: 3110
a: [3,4293,1,9,1,4290]
s: 4293
d: [2,3950,2,13,2,1,40,3865,683]
d: [2,4041,2,8,1,1,21,3950,542]
a: [3,4045,2,8,1,4041]
s: 4045
d: [2,3269,1,10,2,1,40,688,910]
s: 3269
d: [2,3458,1,16,3,1,40,765,910]
d: [2,3478,1,10,2,1,21,3458,722]
s: 3478
d: [2,4593,2,11,3,1,40,3269,612]
a: [3,4601,2,6,1,4593]
s: 4601
d: [2,3490,1,16,3,1,40,766,910]
d: [2,3510,1,10,2,1,21,3490,722]
s: 3510
d: [2,4606,2,21,4,1,40,3510,673]
d: [2,4608,2,15,3,1,21,4606,722]
a: [3,4612,2,6,1,4608]
s: 4612
d: [2,3638,1,13,3,1,40,3634,910]
d: [2,3654,1,11,2,2,21,3638,2351]
s: 3654
d: [2,1737,1,5,2,0,40,593,633]
a: [3,1752,1,3,1,1737]
s: 1752
d: [2,4568,2,59,11,1,44,4293,806]
d: [2,4569,2,51,10,2,21,4568,3865]
d: [2,4570,2,45,9,3,21,4569,3795]
d: [2,4571,2,41,8,4,21,4570,3768]
d: [2,4572,2,34,7,4,21,4571,557]
d: [2,4573,2,29,6,5,21,4572,4403]
d: [2,4574,2,26,5,5,21,4573,1650]
d: [2,4575,2,18,4,6,21,4574,910]
d: [2,4576,2,12,3,7,21,4575,915]
d: [2,4577,2,10,2,8,21,4576,920]
d: [2,4578,2,8,1,9,21,4577,930]
a: [3,4582,2,8,1,4578]
s: 4582
d: [2,1766,1,5,2,0,40,596,632]
d: [2,1769,1,3,1,1,21,1766,1542]
a: [3,1773,1,3,1,1769]
s: 1773
d: [2,2381,2,6,3,1,40,641,1594]
d: [2,2410,2,4,2,2,21,2381,1581]
a: [3,2414,2,2,1,2410]
s: 2414
d: [2,1767,1,5,2,0,40,596,634]
a: [3,1778,1,3,1,1767]
s: 1778
d: [2,1768,1,5,2,0,40,596,633]
a: [3,1783,1,3,1,1768]
s: 1783
a: [3,2418,2,2,1,2410]
s: 2418
d: [2,1786,1,5,2,0,40,607,632]
d: [2,1789,1,3,1,1,21,1786,1555]
a: [3,1793,1,3,1,1789]
s: 1793
d: [2,2396,2,6,3,1,40,641,1599]
d: [2,2431,2,4,2,2,21,2396,1586]
a: [3,2435,2,2,1,2431]
s: 2435
d: [2,1787,1,5,2,0,40,607,634]
d: [2,1795,1,3,1,1,21,1787,1699]
a: [3,1799,1,3,1,1795]
s: 1799
d: [2,1788,1,5,2,0,40,607,633]
d: [2,1801,1,3,1,1,21,1788,1699]
a: [3,1805,1,3,1,1801]
s: 1805
a: [3,2439,2,2,1,2431]
s: 2439
d: [2,1857,1,3,1,0,40,1852,711]
s: 1857
d: [2,2621,2,6,3,1,40,668,1594]
d: [2,2652,2,4,2,2,21,2621,1894]
d: [2,2653,2,2,1,3,21,2652,1581]
a: [3,2657,2,2,1,2653]
s: 2657
d: [2,1872,1,3,1,0,40,1870,711]
s: 1872
d: [2,1888,1,3,1,0,40,1885,711]
s: 1888
d: [2,2638,2,6,3,1,40,668,1599]
d: [2,2681,2,4,2,2,21,2638,1899]
d: [2,2682,2,2,1,3,21,2681,1586]
a: [3,2686,2,2,1,2682]
s: 2686
d: [2,1988,1,5,2,1,40,583,965]
a: [3,2019,1,3,1,1988]
s: 2019
d: [2,3152,2,6,3,1,40,2072,641]
a: [3,3161,2,2,1,3152]
s: 3161
a: [3,2082,1,3,1,2051]
s: 2082
d: [2,2575,1,3,1,0,40,2565,711]
s: 2575
d: [2,4584,3,8,1,1,40,4045,733]
a: [3,4590,3,8,1,4584]
s: 4590
d: [2,2589,1,3,1,0,40,2586,711]
s: 2589
d: [2,3945,2,10,2,1,40,3865,688]
s: 3945
d: [2,2632,1,9,3,0,40,668,715]
d: [2,2676,1,6,2,0,21,2632,719]
d: [2,2677,1,3,1,0,21,2676,718]
s: 2677
d: [2,2789,1,9,3,0,40,671,715]
d: [2,2820,1,6,2,0,21,2789,719]
d: [2,2821,1,3,1,0,21,2820,718]
s: 2821
d: [2,3947,2,14,3,1,40,3865,765]
d: [2,4035,2,10,2,1,21,3947,722]
s: 4035
d: [2,2891,1,3,1,0,40,2888,711]
s: 2891
d: [2,3948,2,14,3,1,40,3865,766]
d: [2,4036,2,10,2,1,21,3948,722]
s: 4036
d: [2,2911,1,5,2,1,40,683,980]
a: [3,2933,1,3,1,2911]
s: 2933
d: [2,2912,1,5,2,1,40,683,985]
d: [2,2935,1,3,1,2,21,2912,1344]
a: [3,2939,1,3,1,2935]
s: 2939
d: [2,4806,3,17,4,1,40,4036,673]
d: [2,4808,3,13,3,1,21,4806,722]
a: [3,4812,3,4,1,4808]
s: 4812
d: [2,2914,1,5,2,1,40,683,1365]
d: [2,2947,1,3,1,2,21,2914,1344]
a: [3,2951,1,3,1,2947]
s: 2951
d: [2,4592,2,16,3,1,40,3269,683]
d: [2,4597,2,10,2,2,21,4592,2348]
s: 4597
d: [2,4072,1,21,5,1,40,814,910]
d: [2,4085,1,15,4,2,21,4072,915]
d: [2,4086,1,13,3,3,21,4085,920]
s: 4086
a: [3,4298,1,13,1,4290]
s: 4298
d: [2,4871,2,0,0,9,52,930,920,1650,3768,4403,915,3795,557,910,3865,4298,808]
e: 4871
d: [2,4872,2,51,10,1,40,4298,808]
d: [2,4875,2,43,9,2,21,4872,3865]
d: [2,4876,2,37,8,3,21,4875,3795]
d: [2,4877,2,33,7,4,21,4876,3768]
d: [2,4878,2,26,6,4,21,4877,557]
d: [2,4879,2,21,5,5,21,4878,4403]
d: [2,4880,2,18,4,5,21,4879,1650]
d: [2,4881,2,10,3,6,21,4880,910]
d: [2,4882,2,4,2,7,21,4881,915]
d: [2,4883,2,2,1,8,21,4882,920]
d: [2,4884,2,0,0,9,21,4883,930]
e: 4884
r: 4298
d: [2,4629,2,20,4,2,40,3654,3626]
d: [2,4630,2,12,3,2,21,4629,910]
d: [2,4631,2,10,2,2,21,4630,2351]
s: 4631
a: [3,4297,1,13,1,4290]
s: 4297
d: [2,4853,3,10,2,2,40,4597,733]
s: 4853
a: [3,4302,1,15,1,4290]
s: 4302
d: [2,4925,2,0,0,9,52,930,920,1650,3768,4403,915,3795,557,910,3865,4302,809]
e: 4925
d: [2,4926,2,51,10,1,40,4302,809]
d: [2,4930,2,43,9,2,21,4926,3865]
d: [2,4931,2,37,8,3,21,4930,3795]
d: [2,4932,2,33,7,4,21,4931,3768]
d: [2,4933,2,26,6,4,21,4932,557]
d: [2,4934,2,21,5,5,21,4933,4403]
d: [2,4935,2,18,4,5,21,4934,1650]
d: [2,4936,2,10,3,6,21,4935,910]
d: [2,4937,2,4,2,7,21,4936,915]
d: [2,4938,2,2,1,8,21,4937,920]
d: [2,4939,2,0,0,9,21,4938,930]
e: 4939
r: 4302
a: [3,4301,1,15,1,4290]
s: 4301
r: 2040
r: 2181
r: 4853
r: 4597
r: 2348
r: 4631
r: 3654
r: 2351
r: 3219
s: 2351
s: 2348
d: [2,2607,2,2,1,1,40,2182,611]
a: [3,2612,2,2,1,2607]
s: 2612
s: 2182
a: [3,5124,1,11,2,3638]
s: 5124
d: [2,2608,2,2,1,1,40,2182,610]
a: [3,2617,2,2,1,2608]
s: 2617
a: [3,4306,1,15,1,4290]
s: 4306
d: [2,2624,2,6,3,1,40,668,2104]
d: [2,2665,2,4,2,2,21,2624,920]
a: [3,2669,2,2,1,2665]
s: 2669
a: [3,4408,1,15,1,4400]
s: 4408
d: [2,4495,1,59,10,1,44,890,565]
d: [2,4510,1,51,9,2,21,4495,3865]
d: [2,4511,1,45,8,3,21,4510,3795]
d: [2,4512,1,41,7,4,21,4511,3768]
d: [2,4513,1,33,6,5,21,4512,910]
d: [2,4514,1,27,5,6,21,4513,915]
d: [2,4515,1,25,4,7,21,4514,920]
d: [2,4516,1,20,3,8,21,4515,3706]
d: [2,4517,1,17,2,9,21,4516,925]
d: [2,4518,1,15,1,10,21,4517,930]
a: [3,4522,1,15,1,4518]
s: 4522
d: [2,2781,2,6,3,1,40,671,2104]
d: [2,2809,2,4,2,2,21,2781,920]
a: [3,2813,2,2,1,2809]
s: 2813
r: 2182
r: 2612
s: 2181
a: [3,2611,2,2,1,2607]
s: 2611
d: [2,3902,1,24,6,1,40,812,910]
d: [2,3917,1,18,5,2,21,3902,915]
d: [2,3918,1,16,4,3,21,3917,920]
s: 3918
d: [2,1605,1,4,1,0,40,779,613]
s: 1605
s: 3219
d: [2,1606,1,4,1,0,40,779,614]
s: 1606
d: [2,5231,2,13,3,3,40,3918,557]
d: [2,5246,2,8,2,4,21,5231,4403]
d: [2,5247,2,5,1,4,21,5246,1650]
a: [3,5251,2,5,1,5247]
s: 5251
d: [2,1607,1,4,1,0,40,779,615]
s: 1607
d: [2,1608,1,4,1,0,40,779,616]
s: 1608
d: [2,5234,2,23,4,3,40,3918,558]
d: [2,5260,2,19,3,4,21,5234,4027]
a: [3,5264,2,5,1,5260]
s: 5264
d: [2,1609,1,4,1,0,40,779,617]
s: 1609
d: [2,5236,2,23,4,3,40,3918,572]
a: [3,5294,2,5,1,5236]
s: 5294
d: [2,1610,1,4,1,0,40,779,618]
s: 1610
d: [2,1611,1,4,1,0,40,779,619]
s: 1611
d: [2,5238,2,23,4,3,40,3918,577]
a: [3,5320,2,5,1,5238]
s: 5320
d: [2,1612,1,4,1,0,40,779,620]
s: 1612
d: [2,5239,2,23,4,3,40,3918,579]
a: [3,5333,2,5,1,5239]
s: 5333
d: [2,1858,1,4,1,0,40,1852,779]
s: 1858
d: [2,1873,1,4,1,0,40,1870,779]
s: 1873
d: [2,5242,2,19,3,3,40,3918,712]
a: [3,5369,2,5,1,5242]
s: 5369
d: [2,1889,1,4,1,0,40,1885,779]
s: 1889
d: [2,5232,2,16,3,4,40,3918,3865]
d: [2,5253,2,10,2,5,21,5232,3795]
d: [2,5254,2,6,1,6,21,5253,3768]
a: [3,5258,2,6,1,5254]
s: 5258
d: [2,2576,1,4,1,0,40,2565,779]
s: 2576
d: [2,2590,1,4,1,0,40,2586,779]
s: 2590
d: [2,5240,2,22,3,3,40,3918,690]
a: [3,5346,2,6,1,5240]
s: 5346
d: [2,2892,1,4,1,0,40,2888,779]
s: 2892
d: [2,5243,2,18,4,3,40,3918,724]
d: [2,5379,2,16,3,4,21,5243,930]
a: [3,5387,2,6,1,5379]
s: 5387
d: [2,2913,1,7,2,1,40,683,965]
d: [2,2941,1,4,1,1,21,2913,542]
a: [3,2945,1,4,1,2941]
s: 2945
d: [2,2927,1,7,2,1,40,683,1335]
d: [2,2974,1,4,1,1,21,2927,542]
a: [3,2978,1,4,1,2974]
s: 2978
d: [2,5244,2,16,3,3,40,3918,778]
a: [3,5400,2,6,1,5244]
s: 5400
d: [2,4145,1,28,6,1,40,813,910]
d: [2,4162,1,22,5,2,21,4145,915]
d: [2,4163,1,20,4,3,21,4162,920]
s: 4163
d: [2,5245,2,16,3,3,40,3918,783]
d: [2,5406,2,10,2,3,21,5245,788]
d: [2,5407,2,6,1,3,21,5406,787]
a: [3,5411,2,6,1,5407]
s: 5411
d: [2,4173,1,32,7,1,40,816,910]
d: [2,4191,1,26,6,2,21,4173,915]
d: [2,4192,1,24,5,3,21,4191,920]
a: [3,5144,1,20,4,4192]
s: 5144
d: [2,1669,1,5,2,1,44,1365,621]
s: 1669
d: [2,5235,2,23,4,3,40,3918,561]
a: [3,5285,2,7,1,5235]
s: 5285
d: [2,1733,1,5,2,0,40,578,634]
s: 1733
d: [2,5237,2,23,4,3,40,3918,574]
a: [3,5311,2,7,1,5237]
s: 5311
d: [2,1734,1,5,2,0,40,578,633]
s: 1734
d: [2,1998,1,5,2,0,40,583,690]
s: 1998
d: [2,5241,2,19,3,3,40,3918,710]
d: [2,5356,2,14,2,3,21,5241,1577]
a: [3,5360,2,7,1,5356]
s: 5360
d: [2,2061,1,5,2,0,40,585,690]
s: 2061
d: [2,4918,4,14,2,2,40,4853,4597]
d: [2,4919,4,7,1,2,18,4918]
a: [3,4923,4,7,1,4919]
s: 4923
d: [2,2124,1,5,2,0,40,586,690]
s: 2124
d: [2,2162,1,5,2,0,40,612,690]
s: 2162
d: [2,3953,2,9,2,1,40,3865,585]
a: [3,4059,2,5,1,3953]
s: 4059
d: [2,2206,1,5,2,0,40,581,712]
s: 2206
d: [2,5452,2,24,3,1,40,5144,783]
d: [2,5477,2,18,2,1,21,5452,787]
d: [2,5478,2,8,1,1,21,5477,788]
s: 5478
d: [2,2244,1,5,2,0,40,584,712]
s: 2244
d: [2,2268,1,5,2,0,40,587,712]
s: 2268
d: [2,4961,2,9,1,1,40,4301,767]
a: [3,5036,2,9,1,4961]
s: 5036
d: [2,2297,1,5,2,0,40,591,710]
s: 2297
d: [2,5498,3,59,11,1,44,5036,806]
d: [2,5525,3,51,10,2,21,5498,3865]
d: [2,5526,3,45,9,3,21,5525,3795]
d: [2,5527,3,41,8,4,21,5526,3768]
d: [2,5528,3,34,7,4,21,5527,557]
d: [2,5529,3,29,6,5,21,5528,4403]
d: [2,5530,3,26,5,5,21,5529,1650]
d: [2,5531,3,18,4,6,21,5530,910]
d: [2,5532,3,12,3,7,21,5531,915]
d: [2,5533,3,10,2,8,21,5532,920]
d: [2,5534,3,8,1,9,21,5533,930]
a: [3,5538,3,8,1,5534]
s: 5538
d: [2,2298,1,5,2,0,40,591,712]
s: 2298
d: [2,2336,1,5,2,0,40,623,712]
s: 2336
d: [2,5540,4,24,3,1,40,5538,671]
d: [2,5543,4,16,2,2,21,5540,4582]
a: [3,5551,4,8,1,5543]
s: 5551
d: [2,2368,1,5,2,0,40,631,712]
s: 2368
d: [2,5542,4,24,3,1,40,5538,641]
d: [2,5559,4,16,2,2,21,5542,4582]
a: [3,5563,4,8,1,5559]
s: 5563
d: [2,2924,1,8,2,0,40,683,710]
d: [2,2971,1,5,1,0,21,2924,542]
s: 2971
d: [2,2925,1,8,2,0,40,683,712]
d: [2,2972,1,5,1,0,21,2925,542]
s: 2972
d: [2,4969,2,28,4,1,40,4301,3662]
d: [2,5058,2,15,3,2,21,4969,4297]
d: [2,5059,2,13,2,3,21,5058,930]
d: [2,5060,2,9,1,4,21,5059,3219]
a: [3,5064,2,9,1,5060]
s: 5064
d: [2,3049,1,5,1,0,40,767,712]
s: 3049
d: [2,5592,3,59,11,1,44,5064,806]
d: [2,5593,3,51,10,2,21,5592,3865]
d: [2,5594,3,45,9,3,21,5593,3795]
d: [2,5595,3,41,8,4,21,5594,3768]
d: [2,5596,3,34,7,4,21,5595,557]
d: [2,5597,3,29,6,5,21,5596,4403]
d: [2,5598,3,26,5,5,21,5597,1650]
d: [2,5599,3,18,4,6,21,5598,910]
d: [2,5600,3,12,3,7,21,5599,915]
d: [2,5601,3,10,2,8,21,5600,920]
d: [2,5602,3,8,1,9,21,5601,930]
a: [3,5606,3,8,1,5602]
s: 5606
d: [2,3112,1,8,3,0,40,625,1647]
d: [2,3121,1,5,2,0,21,3112,1652]
s: 3121
d: [2,3113,1,8,3,0,40,625,702]
d: [2,3122,1,5,2,0,21,3113,700]
s: 3122
d: [2,5185,2,36,8,1,44,4522,571]
d: [2,5197,2,33,7,2,21,5185,895]
d: [2,5198,2,30,6,3,21,5197,905]
d: [2,5199,2,27,5,4,21,5198,900]
d: [2,5200,2,19,4,5,21,5199,910]
d: [2,5201,2,13,3,6,21,5200,915]
d: [2,5202,2,11,2,7,21,5201,920]
d: [2,5203,2,9,1,8,21,5202,930]
a: [3,5207,2,9,1,5203]
s: 5207
d: [2,5640,3,0,0,7,52,930,920,900,925,915,910,5207,570]
e: 5640
d: [2,5641,3,27,7,1,44,5207,570]
d: [2,5643,3,24,6,1,19,5641]
d: [2,5645,3,21,5,2,21,5643,925]
d: [2,5646,3,18,4,3,21,5645,900]
d: [2,5647,3,10,3,4,21,5646,910]
d: [2,5648,3,4,2,5,21,5647,915]
d: [2,5649,3,2,1,6,21,5648,920]
d: [2,5650,3,0,0,7,21,5649,930]
e: 5650
f: 5650,5203,4518,3861,3791,3764,3702,521,522,523,524,525,526,527,528,529
% Refutation found. Thanks to Tanya!
% SZS status Theorem for finseqop__t87_finseqop
% SZS output start Proof for finseqop__t87_finseqop
1. ! [X0] : (~v1_xboole_0(X0) => ! [X1] : (m1_subset_1(X1,X0) => ! [X2] : ((m1_subset_1(X2,k1_zfmisc_1(k2_zfmisc_1(k2_zfmisc_1(X0,X0),X0))) & v1_funct_2(X2,k2_zfmisc_1(X0,X0),X0) & v1_funct_1(X2)) => ((v1_finseqop(X2,X0) & v1_setwiseo(X2,X0) & v2_binop_1(X2,X0)) => k5_binop_1(X0,k7_finseqop(X0,X2,k6_partfun1(X0),k5_finseqop(X0,X2)),X1,k4_binop_1(X0,X2)) = X1)))) [input t87_finseqop]
2. ~! [X0] : (~v1_xboole_0(X0) => ! [X1] : (m1_subset_1(X1,X0) => ! [X2] : ((m1_subset_1(X2,k1_zfmisc_1(k2_zfmisc_1(k2_zfmisc_1(X0,X0),X0))) & v1_funct_2(X2,k2_zfmisc_1(X0,X0),X0) & v1_funct_1(X2)) => ((v1_finseqop(X2,X0) & v1_setwiseo(X2,X0) & v2_binop_1(X2,X0)) => k5_binop_1(X0,k7_finseqop(X0,X2,k6_partfun1(X0),k5_finseqop(X0,X2)),X1,k4_binop_1(X0,X2)) = X1)))) [negated conjecture 1]
84. ! [X0,X1] : ((m1_subset_1(X1,k1_zfmisc_1(k2_zfmisc_1(k2_zfmisc_1(X0,X0),X0))) & v1_funct_2(X1,k2_zfmisc_1(X0,X0),X0) & v1_funct_1(X1)) => m1_subset_1(k4_binop_1(X0,X1),X0)) [input dt_k4_binop_1]
89. ! [X0,X1] : ((m1_subset_1(X1,k1_zfmisc_1(k2_zfmisc_1(k2_zfmisc_1(X0,X0),X0))) & v1_funct_2(X1,k2_zfmisc_1(X0,X0),X0) & v1_funct_1(X1) & ~v1_xboole_0(X0)) => (m1_subset_1(k5_finseqop(X0,X1),k1_zfmisc_1(k2_zfmisc_1(X0,X0))) & v1_funct_2(k5_finseqop(X0,X1),X0,X0) & v1_funct_1(k5_finseqop(X0,X1)))) [input dt_k5_finseqop]
187. ! [X0] : (~v1_xboole_0(X0) => ! [X1] : ((m1_subset_1(X1,k1_zfmisc_1(k2_zfmisc_1(k2_zfmisc_1(X0,X0),X0))) & v1_funct_2(X1,k2_zfmisc_1(X0,X0),X0) & v1_funct_1(X1)) => (v1_setwiseo(X1,X0) => ! [X2] : (m1_subset_1(X2,X0) => (k5_binop_1(X0,X1,X2,k4_binop_1(X0,X1)) = X2 & k5_binop_1(X0,X1,k4_binop_1(X0,X1),X2) = X2))))) [input t15_setwiseo]
194. ! [X0] : (~v1_xboole_0(X0) => ! [X1] : ((m1_subset_1(X1,k1_zfmisc_1(k2_zfmisc_1(k2_zfmisc_1(X0,X0),X0))) & v1_funct_2(X1,k2_zfmisc_1(X0,X0),X0) & v1_funct_1(X1)) => ((v1_finseqop(X1,X0) & v2_binop_1(X1,X0) & v1_setwiseo(X1,X0)) => k4_binop_1(X0,X1) = k3_funct_2(X0,X0,k5_finseqop(X0,X1),k4_binop_1(X0,X1))))) [input t61_finseqop]
197. ! [X0] : (~v1_xboole_0(X0) => ! [X1] : (m1_subset_1(X1,X0) => ! [X2] : (m1_subset_1(X2,X0) => ! [X3] : ((m1_subset_1(X3,k1_zfmisc_1(k2_zfmisc_1(k2_zfmisc_1(X0,X0),X0))) & v1_funct_2(X3,k2_zfmisc_1(X0,X0),X0) & v1_funct_1(X3)) => ! [X4] : ((m1_subset_1(X4,k1_zfmisc_1(k2_zfmisc_1(X0,X0))) & v1_funct_2(X4,X0,X0) & v1_funct_1(X4)) => (k5_binop_1(X0,k7_finseqop(X0,X3,X4,k6_partfun1(X0)),X1,X2) = k5_binop_1(X0,X3,k3_funct_2(X0,X0,X4,X1),X2) & k5_binop_1(X0,k7_finseqop(X0,X3,k6_partfun1(X0),X4),X1,X2) = k5_binop_1(X0,X3,X1,k3_funct_2(X0,X0,X4,X2)))))))) [input t82_finseqop]
224. ? [X0] : (? [X1] : (? [X2] : ((k5_binop_1(X0,k7_finseqop(X0,X2,k6_partfun1(X0),k5_finseqop(X0,X2)),X1,k4_binop_1(X0,X2)) != X1 & (v1_finseqop(X2,X0) & v1_setwiseo(X2,X0) & v2_binop_1(X2,X0))) & (m1_subset_1(X2,k1_zfmisc_1(k2_zfmisc_1(k2_zfmisc_1(X0,X0),X0))) & v1_funct_2(X2,k2_zfmisc_1(X0,X0),X0) & v1_funct_1(X2))) & m1_subset_1(X1,X0)) & ~v1_xboole_0(X0)) [ennf transformation 2]
225. ? [X0] : (? [X1] : (? [X2] : (k5_binop_1(X0,k7_finseqop(X0,X2,k6_partfun1(X0),k5_finseqop(X0,X2)),X1,k4_binop_1(X0,X2)) != X1 & v1_finseqop(X2,X0) & v1_setwiseo(X2,X0) & v2_binop_1(X2,X0) & m1_subset_1(X2,k1_zfmisc_1(k2_zfmisc_1(k2_zfmisc_1(X0,X0),X0))) & v1_funct_2(X2,k2_zfmisc_1(X0,X0),X0) & v1_funct_1(X2)) & m1_subset_1(X1,X0)) & ~v1_xboole_0(X0)) [flattening 224]
230. ! [X0] : (! [X1] : (! [X2] : (! [X3] : (! [X4] : ((k5_binop_1(X0,k7_finseqop(X0,X3,X4,k6_partfun1(X0)),X1,X2) = k5_binop_1(X0,X3,k3_funct_2(X0,X0,X4,X1),X2) & k5_binop_1(X0,k7_finseqop(X0,X3,k6_partfun1(X0),X4),X1,X2) = k5_binop_1(X0,X3,X1,k3_funct_2(X0,X0,X4,X2))) | (~m1_subset_1(X4,k1_zfmisc_1(k2_zfmisc_1(X0,X0))) | ~v1_funct_2(X4,X0,X0) | ~v1_funct_1(X4))) | (~m1_subset_1(X3,k1_zfmisc_1(k2_zfmisc_1(k2_zfmisc_1(X0,X0),X0))) | ~v1_funct_2(X3,k2_zfmisc_1(X0,X0),X0) | ~v1_funct_1(X3))) | ~m1_subset_1(X2,X0)) | ~m1_subset_1(X1,X0)) | v1_xboole_0(X0)) [ennf transformation 197]
231. ! [X0] : (! [X1] : (! [X2] : (! [X3] : (! [X4] : ((k5_binop_1(X0,k7_finseqop(X0,X3,X4,k6_partfun1(X0)),X1,X2) = k5_binop_1(X0,X3,k3_funct_2(X0,X0,X4,X1),X2) & k5_binop_1(X0,k7_finseqop(X0,X3,k6_partfun1(X0),X4),X1,X2) = k5_binop_1(X0,X3,X1,k3_funct_2(X0,X0,X4,X2))) | ~m1_subset_1(X4,k1_zfmisc_1(k2_zfmisc_1(X0,X0))) | ~v1_funct_2(X4,X0,X0) | ~v1_funct_1(X4)) | ~m1_subset_1(X3,k1_zfmisc_1(k2_zfmisc_1(k2_zfmisc_1(X0,X0),X0))) | ~v1_funct_2(X3,k2_zfmisc_1(X0,X0),X0) | ~v1_funct_1(X3)) | ~m1_subset_1(X2,X0)) | ~m1_subset_1(X1,X0)) | v1_xboole_0(X0)) [flattening 230]
236. ! [X0] : (! [X1] : ((! [X2] : ((k5_binop_1(X0,X1,X2,k4_binop_1(X0,X1)) = X2 & k5_binop_1(X0,X1,k4_binop_1(X0,X1),X2) = X2) | ~m1_subset_1(X2,X0)) | ~v1_setwiseo(X1,X0)) | (~m1_subset_1(X1,k1_zfmisc_1(k2_zfmisc_1(k2_zfmisc_1(X0,X0),X0))) | ~v1_funct_2(X1,k2_zfmisc_1(X0,X0),X0) | ~v1_funct_1(X1))) | v1_xboole_0(X0)) [ennf transformation 187]
237. ! [X0] : (! [X1] : (! [X2] : ((k5_binop_1(X0,X1,X2,k4_binop_1(X0,X1)) = X2 & k5_binop_1(X0,X1,k4_binop_1(X0,X1),X2) = X2) | ~m1_subset_1(X2,X0)) | ~v1_setwiseo(X1,X0) | ~m1_subset_1(X1,k1_zfmisc_1(k2_zfmisc_1(k2_zfmisc_1(X0,X0),X0))) | ~v1_funct_2(X1,k2_zfmisc_1(X0,X0),X0) | ~v1_funct_1(X1)) | v1_xboole_0(X0)) [flattening 236]
238. ! [X0] : (! [X1] : ((k4_binop_1(X0,X1) = k3_funct_2(X0,X0,k5_finseqop(X0,X1),k4_binop_1(X0,X1)) | (~v1_finseqop(X1,X0) | ~v2_binop_1(X1,X0) | ~v1_setwiseo(X1,X0))) | (~m1_subset_1(X1,k1_zfmisc_1(k2_zfmisc_1(k2_zfmisc_1(X0,X0),X0))) | ~v1_funct_2(X1,k2_zfmisc_1(X0,X0),X0) | ~v1_funct_1(X1))) | v1_xboole_0(X0)) [ennf transformation 194]
239. ! [X0] : (! [X1] : (k4_binop_1(X0,X1) = k3_funct_2(X0,X0,k5_finseqop(X0,X1),k4_binop_1(X0,X1)) | ~v1_finseqop(X1,X0) | ~v2_binop_1(X1,X0) | ~v1_setwiseo(X1,X0) | ~m1_subset_1(X1,k1_zfmisc_1(k2_zfmisc_1(k2_zfmisc_1(X0,X0),X0))) | ~v1_funct_2(X1,k2_zfmisc_1(X0,X0),X0) | ~v1_funct_1(X1)) | v1_xboole_0(X0)) [flattening 238]
358. ! [X0,X1] : ((m1_subset_1(k5_finseqop(X0,X1),k1_zfmisc_1(k2_zfmisc_1(X0,X0))) & v1_funct_2(k5_finseqop(X0,X1),X0,X0) & v1_funct_1(k5_finseqop(X0,X1))) | (~m1_subset_1(X1,k1_zfmisc_1(k2_zfmisc_1(k2_zfmisc_1(X0,X0),X0))) | ~v1_funct_2(X1,k2_zfmisc_1(X0,X0),X0) | ~v1_funct_1(X1) | v1_xboole_0(X0))) [ennf transformation 89]
359. ! [X0,X1] : ((m1_subset_1(k5_finseqop(X0,X1),k1_zfmisc_1(k2_zfmisc_1(X0,X0))) & v1_funct_2(k5_finseqop(X0,X1),X0,X0) & v1_funct_1(k5_finseqop(X0,X1))) | ~m1_subset_1(X1,k1_zfmisc_1(k2_zfmisc_1(k2_zfmisc_1(X0,X0),X0))) | ~v1_funct_2(X1,k2_zfmisc_1(X0,X0),X0) | ~v1_funct_1(X1) | v1_xboole_0(X0)) [flattening 358]
364. ! [X0,X1] : (m1_subset_1(k4_binop_1(X0,X1),X0) | (~m1_subset_1(X1,k1_zfmisc_1(k2_zfmisc_1(k2_zfmisc_1(X0,X0),X0))) | ~v1_funct_2(X1,k2_zfmisc_1(X0,X0),X0) | ~v1_funct_1(X1))) [ennf transformation 84]
365. ! [X0,X1] : (m1_subset_1(k4_binop_1(X0,X1),X0) | ~m1_subset_1(X1,k1_zfmisc_1(k2_zfmisc_1(k2_zfmisc_1(X0,X0),X0))) | ~v1_funct_2(X1,k2_zfmisc_1(X0,X0),X0) | ~v1_funct_1(X1)) [flattening 364]
420. ? [X0] : (? [X1] : (? [X2] : (k5_binop_1(X0,k7_finseqop(X0,X2,k6_partfun1(X0),k5_finseqop(X0,X2)),X1,k4_binop_1(X0,X2)) != X1 & v1_finseqop(X2,X0) & v1_setwiseo(X2,X0) & v2_binop_1(X2,X0) & m1_subset_1(X2,k1_zfmisc_1(k2_zfmisc_1(k2_zfmisc_1(X0,X0),X0))) & v1_funct_2(X2,k2_zfmisc_1(X0,X0),X0) & v1_funct_1(X2)) & m1_subset_1(X1,X0)) & ~v1_xboole_0(X0)) => (? [X1] : (? [X2] : (k5_binop_1(sK0,k7_finseqop(sK0,X2,k6_partfun1(sK0),k5_finseqop(sK0,X2)),X1,k4_binop_1(sK0,X2)) != X1 & v1_finseqop(X2,sK0) & v1_setwiseo(X2,sK0) & v2_binop_1(X2,sK0) & m1_subset_1(X2,k1_zfmisc_1(k2_zfmisc_1(k2_zfmisc_1(sK0,sK0),sK0))) & v1_funct_2(X2,k2_zfmisc_1(sK0,sK0),sK0) & v1_funct_1(X2)) & m1_subset_1(X1,sK0)) & ~v1_xboole_0(sK0)) [choice axiom]
421. ? [X1] : (? [X2] : (k5_binop_1(sK0,k7_finseqop(sK0,X2,k6_partfun1(sK0),k5_finseqop(sK0,X2)),X1,k4_binop_1(sK0,X2)) != X1 & v1_finseqop(X2,sK0) & v1_setwiseo(X2,sK0) & v2_binop_1(X2,sK0) & m1_subset_1(X2,k1_zfmisc_1(k2_zfmisc_1(k2_zfmisc_1(sK0,sK0),sK0))) & v1_funct_2(X2,k2_zfmisc_1(sK0,sK0),sK0) & v1_funct_1(X2)) & m1_subset_1(X1,sK0)) => (? [X2] : (sK1 != k5_binop_1(sK0,k7_finseqop(sK0,X2,k6_partfun1(sK0),k5_finseqop(sK0,X2)),sK1,k4_binop_1(sK0,X2)) & v1_finseqop(X2,sK0) & v1_setwiseo(X2,sK0) & v2_binop_1(X2,sK0) & m1_subset_1(X2,k1_zfmisc_1(k2_zfmisc_1(k2_zfmisc_1(sK0,sK0),sK0))) & v1_funct_2(X2,k2_zfmisc_1(sK0,sK0),sK0) & v1_funct_1(X2)) & m1_subset_1(sK1,sK0)) [choice axiom]
422. ? [X2] : (sK1 != k5_binop_1(sK0,k7_finseqop(sK0,X2,k6_partfun1(sK0),k5_finseqop(sK0,X2)),sK1,k4_binop_1(sK0,X2)) & v1_finseqop(X2,sK0) & v1_setwiseo(X2,sK0) & v2_binop_1(X2,sK0) & m1_subset_1(X2,k1_zfmisc_1(k2_zfmisc_1(k2_zfmisc_1(sK0,sK0),sK0))) & v1_funct_2(X2,k2_zfmisc_1(sK0,sK0),sK0) & v1_funct_1(X2)) => (sK1 != k5_binop_1(sK0,k7_finseqop(sK0,sK2,k6_partfun1(sK0),k5_finseqop(sK0,sK2)),sK1,k4_binop_1(sK0,sK2)) & v1_finseqop(sK2,sK0) & v1_setwiseo(sK2,sK0) & v2_binop_1(sK2,sK0) & m1_subset_1(sK2,k1_zfmisc_1(k2_zfmisc_1(k2_zfmisc_1(sK0,sK0),sK0))) & v1_funct_2(sK2,k2_zfmisc_1(sK0,sK0),sK0) & v1_funct_1(sK2)) [choice axiom]
423. ((sK1 != k5_binop_1(sK0,k7_finseqop(sK0,sK2,k6_partfun1(sK0),k5_finseqop(sK0,sK2)),sK1,k4_binop_1(sK0,sK2)) & v1_finseqop(sK2,sK0) & v1_setwiseo(sK2,sK0) & v2_binop_1(sK2,sK0) & m1_subset_1(sK2,k1_zfmisc_1(k2_zfmisc_1(k2_zfmisc_1(sK0,sK0),sK0))) & v1_funct_2(sK2,k2_zfmisc_1(sK0,sK0),sK0) & v1_funct_1(sK2)) & m1_subset_1(sK1,sK0)) & ~v1_xboole_0(sK0) [skolemisation 225,422,421,420]
521. ~v1_xboole_0(sK0) [cnf transformation 423] {a:0,w:2,wCS:200,goal:1,sine:0,thAx:0,allAx:4,thDist:-4}
522. m1_subset_1(sK1,sK0) [cnf transformation 423] {a:0,w:3,wCS:300,goal:1,sine:0,thAx:0,allAx:4,thDist:-4}
523. v1_funct_1(sK2) [cnf transformation 423] {a:0,w:2,wCS:200,goal:1,sine:0,thAx:0,allAx:4,thDist:-4}
524. v1_funct_2(sK2,k2_zfmisc_1(sK0,sK0),sK0) [cnf transformation 423] {a:0,w:6,wCS:600,goal:1,sine:0,thAx:0,allAx:4,thDist:-4}
525. m1_subset_1(sK2,k1_zfmisc_1(k2_zfmisc_1(k2_zfmisc_1(sK0,sK0),sK0))) [cnf transformation 423] {a:0,w:8,wCS:800,goal:1,sine:0,thAx:0,allAx:4,thDist:-4}
526. v2_binop_1(sK2,sK0) [cnf transformation 423] {a:0,w:3,wCS:300,goal:1,sine:0,thAx:0,allAx:4,thDist:-4}
527. v1_setwiseo(sK2,sK0) [cnf transformation 423] {a:0,w:3,wCS:300,goal:1,sine:0,thAx:0,allAx:4,thDist:-4}
528. v1_finseqop(sK2,sK0) [cnf transformation 423] {a:0,w:3,wCS:300,goal:1,sine:0,thAx:0,allAx:4,thDist:-4}
529. sK1 != k5_binop_1(sK0,k7_finseqop(sK0,sK2,k6_partfun1(sK0),k5_finseqop(sK0,sK2)),sK1,k4_binop_1(sK0,sK2)) [cnf transformation 423] {a:0,w:16,wCS:1600,goal:1,sine:0,thAx:0,allAx:4,thDist:-4}
565. k5_binop_1(X0,k7_finseqop(X0,X3,k6_partfun1(X0),X4),X1,X2) = k5_binop_1(X0,X3,X1,k3_funct_2(X0,X0,X4,X2)) | ~m1_subset_1(X4,k1_zfmisc_1(k2_zfmisc_1(X0,X0))) | ~v1_funct_2(X4,X0,X0) | ~v1_funct_1(X4) | ~m1_subset_1(X3,k1_zfmisc_1(k2_zfmisc_1(k2_zfmisc_1(X0,X0),X0))) | ~v1_funct_2(X3,k2_zfmisc_1(X0,X0),X0) | ~v1_funct_1(X3) | ~m1_subset_1(X2,X0) | ~m1_subset_1(X1,X0) | v1_xboole_0(X0) [cnf transformation 231] {a:0,w:56,wCS:22400,nSel:1,sine:1,thAx:0,allAx:1,thDist:-1}
570. k5_binop_1(X0,X1,X2,k4_binop_1(X0,X1)) = X2 | ~m1_subset_1(X2,X0) | ~v1_setwiseo(X1,X0) | ~m1_subset_1(X1,k1_zfmisc_1(k2_zfmisc_1(k2_zfmisc_1(X0,X0),X0))) | ~v1_funct_2(X1,k2_zfmisc_1(X0,X0),X0) | ~v1_funct_1(X1) | v1_xboole_0(X0) [cnf transformation 237] {a:0,w:33,wCS:13200,nSel:1,sine:1,thAx:0,allAx:1,thDist:-1}
571. k4_binop_1(X0,X1) = k3_funct_2(X0,X0,k5_finseqop(X0,X1),k4_binop_1(X0,X1)) | ~v1_finseqop(X1,X0) | ~v2_binop_1(X1,X0) | ~v1_setwiseo(X1,X0) | ~m1_subset_1(X1,k1_zfmisc_1(k2_zfmisc_1(k2_zfmisc_1(X0,X0),X0))) | ~v1_funct_2(X1,k2_zfmisc_1(X0,X0),X0) | ~v1_funct_1(X1) | v1_xboole_0(X0) [cnf transformation 239] {a:0,w:40,wCS:16000,nSel:1,sine:1,thAx:0,allAx:1,thDist:-1}
744. ~m1_subset_1(X1,k1_zfmisc_1(k2_zfmisc_1(k2_zfmisc_1(X0,X0),X0))) | v1_funct_1(k5_finseqop(X0,X1)) | ~v1_funct_2(X1,k2_zfmisc_1(X0,X0),X0) | ~v1_funct_1(X1) | v1_xboole_0(X0) [cnf transformation 359] {a:0,w:22,wCS:8800,nSel:1,sine:1,thAx:0,allAx:1,thDist:-1}
745. ~m1_subset_1(X1,k1_zfmisc_1(k2_zfmisc_1(k2_zfmisc_1(X0,X0),X0))) | v1_funct_2(k5_finseqop(X0,X1),X0,X0) | ~v1_funct_2(X1,k2_zfmisc_1(X0,X0),X0) | ~v1_funct_1(X1) | v1_xboole_0(X0) [cnf transformation 359] {a:0,w:24,wCS:9600,nSel:1,sine:1,thAx:0,allAx:1,thDist:-1}
746. ~m1_subset_1(X1,k1_zfmisc_1(k2_zfmisc_1(k2_zfmisc_1(X0,X0),X0))) | m1_subset_1(k5_finseqop(X0,X1),k1_zfmisc_1(k2_zfmisc_1(X0,X0))) | ~v1_funct_2(X1,k2_zfmisc_1(X0,X0),X0) | ~v1_funct_1(X1) | v1_xboole_0(X0) [cnf transformation 359] {a:0,w:26,wCS:10400,nSel:1,sine:1,thAx:0,allAx:1,thDist:-1}
751. ~m1_subset_1(X1,k1_zfmisc_1(k2_zfmisc_1(k2_zfmisc_1(X0,X0),X0))) | m1_subset_1(k4_binop_1(X0,X1),X0) | ~v1_funct_2(X1,k2_zfmisc_1(X0,X0),X0) | ~v1_funct_1(X1) [cnf transformation 365] {a:0,w:21,wCS:8400,nSel:1,sine:1,thAx:0,allAx:1,thDist:-1}
888. 1 <=> sK1 = k5_binop_1(sK0,k7_finseqop(sK0,sK2,k6_partfun1(sK0),k5_finseqop(sK0,sK2)),sK1,k4_binop_1(sK0,sK2)) [avatar definition]
890. sK1 != k5_binop_1(sK0,k7_finseqop(sK0,sK2,k6_partfun1(sK0),k5_finseqop(sK0,sK2)),sK1,k4_binop_1(sK0,sK2)) <- (~1) [avatar component clause 888] {a:0,w:16,wCS:1600,nSel:1,goal:1,sine:255,thAx:0,allAx:4,thDist:-4}
891. ~1 [avatar split clause 529,888]
893. 2 <=> v1_finseqop(sK2,sK0) [avatar definition]
895. v1_finseqop(sK2,sK0) <- (2) [avatar component clause 893] {a:0,w:3,wCS:300,nSel:1,goal:1,sine:255,thAx:0,allAx:4,thDist:-4}
896. 2 [avatar split clause 528,893]
898. 3 <=> v1_setwiseo(sK2,sK0) [avatar definition]
900. v1_setwiseo(sK2,sK0) <- (3) [avatar component clause 898] {a:0,w:3,wCS:300,nSel:1,goal:1,sine:255,thAx:0,allAx:4,thDist:-4}
901. 3 [avatar split clause 527,898]
903. 4 <=> v2_binop_1(sK2,sK0) [avatar definition]
905. v2_binop_1(sK2,sK0) <- (4) [avatar component clause 903] {a:0,w:3,wCS:300,nSel:1,goal:1,sine:255,thAx:0,allAx:4,thDist:-4}
906. 4 [avatar split clause 526,903]
908. 5 <=> m1_subset_1(sK2,k1_zfmisc_1(k2_zfmisc_1(k2_zfmisc_1(sK0,sK0),sK0))) [avatar definition]
910. m1_subset_1(sK2,k1_zfmisc_1(k2_zfmisc_1(k2_zfmisc_1(sK0,sK0),sK0))) <- (5) [avatar component clause 908] {a:0,w:8,wCS:800,nSel:1,goal:1,sine:255,thAx:0,allAx:4,thDist:-4}
911. 5 [avatar split clause 525,908]
913. 6 <=> v1_funct_2(sK2,k2_zfmisc_1(sK0,sK0),sK0) [avatar definition]
915. v1_funct_2(sK2,k2_zfmisc_1(sK0,sK0),sK0) <- (6) [avatar component clause 913] {a:0,w:6,wCS:600,nSel:1,goal:1,sine:255,thAx:0,allAx:4,thDist:-4}
916. 6 [avatar split clause 524,913]
918. 7 <=> v1_funct_1(sK2) [avatar definition]
920. v1_funct_1(sK2) <- (7) [avatar component clause 918] {a:0,w:2,wCS:200,nSel:1,goal:1,sine:255,thAx:0,allAx:4,thDist:-4}
921. 7 [avatar split clause 523,918]
923. 8 <=> m1_subset_1(sK1,sK0) [avatar definition]
925. m1_subset_1(sK1,sK0) <- (8) [avatar component clause 923] {a:0,w:3,wCS:300,nSel:1,goal:1,sine:255,thAx:0,allAx:4,thDist:-4}
926. 8 [avatar split clause 522,923]
928. 9 <=> v1_xboole_0(sK0) [avatar definition]
930. ~v1_xboole_0(sK0) <- (~9) [avatar component clause 928] {a:0,w:2,wCS:200,nSel:1,goal:1,sine:255,thAx:0,allAx:4,thDist:-4}
931. ~9 [avatar split clause 521,928]
3688. m1_subset_1(k4_binop_1(sK0,sK2),sK0) | ~v1_funct_2(sK2,k2_zfmisc_1(sK0,sK0),sK0) | ~v1_funct_1(sK2) <- (5) [resolution 751,910] {a:1,w:13,wCS:1300,goal:1,sine:1,thAx:0,allAx:5,thDist:-5}
3701. m1_subset_1(k4_binop_1(sK0,sK2),sK0) | ~v1_funct_1(sK2) <- (5, 6) [subsumption resolution 3688,915] {a:1,w:7,wCS:700,goal:1,sine:1,thAx:0,allAx:5,thDist:-5}
3702. m1_subset_1(k4_binop_1(sK0,sK2),sK0) <- (5, 6, 7) [subsumption resolution 3701,920] {a:1,w:5,wCS:500,goal:1,sine:1,thAx:0,allAx:5,thDist:-5}
3704. 333 <=> m1_subset_1(k4_binop_1(sK0,sK2),sK0) [avatar definition]
3706. m1_subset_1(k4_binop_1(sK0,sK2),sK0) <- (333) [avatar component clause 3704] {a:1,w:5,wCS:500,nSel:1,goal:1,sine:255,thAx:0,allAx:5,thDist:-5}
3707. 333 | ~5 | ~6 | ~7 [avatar split clause 3702,918,913,908,3704]
3748. v1_funct_1(k5_finseqop(sK0,sK2)) | ~v1_funct_2(sK2,k2_zfmisc_1(sK0,sK0),sK0) | ~v1_funct_1(sK2) | v1_xboole_0(sK0) <- (5) [resolution 744,910] {a:1,w:14,wCS:1400,goal:1,sine:1,thAx:0,allAx:5,thDist:-5}
3762. v1_funct_1(k5_finseqop(sK0,sK2)) | ~v1_funct_1(sK2) | v1_xboole_0(sK0) <- (5, 6) [subsumption resolution 3748,915] {a:1,w:8,wCS:800,goal:1,sine:1,thAx:0,allAx:5,thDist:-5}
3763. v1_funct_1(k5_finseqop(sK0,sK2)) | v1_xboole_0(sK0) <- (5, 6, 7) [subsumption resolution 3762,920] {a:1,w:6,wCS:600,goal:1,sine:1,thAx:0,allAx:5,thDist:-5}
3764. v1_funct_1(k5_finseqop(sK0,sK2)) <- (5, 6, 7, ~9) [subsumption resolution 3763,930] {a:1,w:4,wCS:400,goal:1,sine:1,thAx:0,allAx:5,thDist:-5}
3766. 335 <=> v1_funct_1(k5_finseqop(sK0,sK2)) [avatar definition]
3768. v1_funct_1(k5_finseqop(sK0,sK2)) <- (335) [avatar component clause 3766] {a:1,w:4,wCS:400,nSel:1,goal:1,sine:255,thAx:0,allAx:5,thDist:-5}
3769. 335 | ~5 | ~6 | ~7 | 9 [avatar split clause 3764,928,918,913,908,3766]
3775. v1_funct_2(k5_finseqop(sK0,sK2),sK0,sK0) | ~v1_funct_2(sK2,k2_zfmisc_1(sK0,sK0),sK0) | ~v1_funct_1(sK2) | v1_xboole_0(sK0) <- (5) [resolution 745,910] {a:1,w:16,wCS:1600,goal:1,sine:1,thAx:0,allAx:5,thDist:-5}
3789. v1_funct_2(k5_finseqop(sK0,sK2),sK0,sK0) | ~v1_funct_1(sK2) | v1_xboole_0(sK0) <- (5, 6) [subsumption resolution 3775,915] {a:1,w:10,wCS:1000,goal:1,sine:1,thAx:0,allAx:5,thDist:-5}
3790. v1_funct_2(k5_finseqop(sK0,sK2),sK0,sK0) | v1_xboole_0(sK0) <- (5, 6, 7) [subsumption resolution 3789,920] {a:1,w:8,wCS:800,goal:1,sine:1,thAx:0,allAx:5,thDist:-5}
3791. v1_funct_2(k5_finseqop(sK0,sK2),sK0,sK0) <- (5, 6, 7, ~9) [subsumption resolution 3790,930] {a:1,w:6,wCS:600,goal:1,sine:1,thAx:0,allAx:5,thDist:-5}
3793. 336 <=> v1_funct_2(k5_finseqop(sK0,sK2),sK0,sK0) [avatar definition]
3795. v1_funct_2(k5_finseqop(sK0,sK2),sK0,sK0) <- (336) [avatar component clause 3793] {a:1,w:6,wCS:600,nSel:1,goal:1,sine:255,thAx:0,allAx:5,thDist:-5}
3796. 336 | ~5 | ~6 | ~7 | 9 [avatar split clause 3791,928,918,913,908,3793]
3845. m1_subset_1(k5_finseqop(sK0,sK2),k1_zfmisc_1(k2_zfmisc_1(sK0,sK0))) | ~v1_funct_2(sK2,k2_zfmisc_1(sK0,sK0),sK0) | ~v1_funct_1(sK2) | v1_xboole_0(sK0) <- (5) [resolution 746,910] {a:1,w:18,wCS:1800,goal:1,sine:1,thAx:0,allAx:5,thDist:-5}
3859. m1_subset_1(k5_finseqop(sK0,sK2),k1_zfmisc_1(k2_zfmisc_1(sK0,sK0))) | ~v1_funct_1(sK2) | v1_xboole_0(sK0) <- (5, 6) [subsumption resolution 3845,915] {a:1,w:12,wCS:1200,goal:1,sine:1,thAx:0,allAx:5,thDist:-5}
3860. m1_subset_1(k5_finseqop(sK0,sK2),k1_zfmisc_1(k2_zfmisc_1(sK0,sK0))) | v1_xboole_0(sK0) <- (5, 6, 7) [subsumption resolution 3859,920] {a:1,w:10,wCS:1000,goal:1,sine:1,thAx:0,allAx:5,thDist:-5}
3861. m1_subset_1(k5_finseqop(sK0,sK2),k1_zfmisc_1(k2_zfmisc_1(sK0,sK0))) <- (5, 6, 7, ~9) [subsumption resolution 3860,930] {a:1,w:8,wCS:800,goal:1,sine:1,thAx:0,allAx:5,thDist:-5}
3863. 338 <=> m1_subset_1(k5_finseqop(sK0,sK2),k1_zfmisc_1(k2_zfmisc_1(sK0,sK0))) [avatar definition]
3865. m1_subset_1(k5_finseqop(sK0,sK2),k1_zfmisc_1(k2_zfmisc_1(sK0,sK0))) <- (338) [avatar component clause 3863] {a:1,w:8,wCS:800,nSel:1,goal:1,sine:255,thAx:0,allAx:5,thDist:-5}
3866. 338 | ~5 | ~6 | ~7 | 9 [avatar split clause 3861,928,918,913,908,3863]
4495. sK1 != k5_binop_1(sK0,sK2,sK1,k3_funct_2(sK0,sK0,k5_finseqop(sK0,sK2),k4_binop_1(sK0,sK2))) | ~m1_subset_1(k5_finseqop(sK0,sK2),k1_zfmisc_1(k2_zfmisc_1(sK0,sK0))) | ~v1_funct_2(k5_finseqop(sK0,sK2),sK0,sK0) | ~v1_funct_1(k5_finseqop(sK0,sK2)) | ~m1_subset_1(sK2,k1_zfmisc_1(k2_zfmisc_1(k2_zfmisc_1(sK0,sK0),sK0))) | ~v1_funct_2(sK2,k2_zfmisc_1(sK0,sK0),sK0) | ~v1_funct_1(sK2) | ~m1_subset_1(k4_binop_1(sK0,sK2),sK0) | ~m1_subset_1(sK1,sK0) | v1_xboole_0(sK0) <- (~1) [superposition 890,565] {a:1,w:59,wCS:5900,goal:1,sine:1,thAx:0,allAx:5,thDist:-5}
4510. sK1 != k5_binop_1(sK0,sK2,sK1,k3_funct_2(sK0,sK0,k5_finseqop(sK0,sK2),k4_binop_1(sK0,sK2))) | ~v1_funct_2(k5_finseqop(sK0,sK2),sK0,sK0) | ~v1_funct_1(k5_finseqop(sK0,sK2)) | ~m1_subset_1(sK2,k1_zfmisc_1(k2_zfmisc_1(k2_zfmisc_1(sK0,sK0),sK0))) | ~v1_funct_2(sK2,k2_zfmisc_1(sK0,sK0),sK0) | ~v1_funct_1(sK2) | ~m1_subset_1(k4_binop_1(sK0,sK2),sK0) | ~m1_subset_1(sK1,sK0) | v1_xboole_0(sK0) <- (~1, 338) [subsumption resolution 4495,3865] {a:1,w:51,wCS:5100,goal:1,sine:1,thAx:0,allAx:5,thDist:-5}
4511. sK1 != k5_binop_1(sK0,sK2,sK1,k3_funct_2(sK0,sK0,k5_finseqop(sK0,sK2),k4_binop_1(sK0,sK2))) | ~v1_funct_1(k5_finseqop(sK0,sK2)) | ~m1_subset_1(sK2,k1_zfmisc_1(k2_zfmisc_1(k2_zfmisc_1(sK0,sK0),sK0))) | ~v1_funct_2(sK2,k2_zfmisc_1(sK0,sK0),sK0) | ~v1_funct_1(sK2) | ~m1_subset_1(k4_binop_1(sK0,sK2),sK0) | ~m1_subset_1(sK1,sK0) | v1_xboole_0(sK0) <- (~1, 336, 338) [subsumption resolution 4510,3795] {a:1,w:45,wCS:4500,goal:1,sine:1,thAx:0,allAx:5,thDist:-5}
4512. sK1 != k5_binop_1(sK0,sK2,sK1,k3_funct_2(sK0,sK0,k5_finseqop(sK0,sK2),k4_binop_1(sK0,sK2))) | ~m1_subset_1(sK2,k1_zfmisc_1(k2_zfmisc_1(k2_zfmisc_1(sK0,sK0),sK0))) | ~v1_funct_2(sK2,k2_zfmisc_1(sK0,sK0),sK0) | ~v1_funct_1(sK2) | ~m1_subset_1(k4_binop_1(sK0,sK2),sK0) | ~m1_subset_1(sK1,sK0) | v1_xboole_0(sK0) <- (~1, 335, 336, 338) [subsumption resolution 4511,3768] {a:1,w:41,wCS:4100,goal:1,sine:1,thAx:0,allAx:5,thDist:-5}
4513. sK1 != k5_binop_1(sK0,sK2,sK1,k3_funct_2(sK0,sK0,k5_finseqop(sK0,sK2),k4_binop_1(sK0,sK2))) | ~v1_funct_2(sK2,k2_zfmisc_1(sK0,sK0),sK0) | ~v1_funct_1(sK2) | ~m1_subset_1(k4_binop_1(sK0,sK2),sK0) | ~m1_subset_1(sK1,sK0) | v1_xboole_0(sK0) <- (~1, 5, 335, 336, 338) [subsumption resolution 4512,910] {a:1,w:33,wCS:3300,goal:1,sine:1,thAx:0,allAx:5,thDist:-5}
4514. sK1 != k5_binop_1(sK0,sK2,sK1,k3_funct_2(sK0,sK0,k5_finseqop(sK0,sK2),k4_binop_1(sK0,sK2))) | ~v1_funct_1(sK2) | ~m1_subset_1(k4_binop_1(sK0,sK2),sK0) | ~m1_subset_1(sK1,sK0) | v1_xboole_0(sK0) <- (~1, 5, 6, 335, 336, 338) [subsumption resolution 4513,915] {a:1,w:27,wCS:2700,goal:1,sine:1,thAx:0,allAx:5,thDist:-5}
4515. sK1 != k5_binop_1(sK0,sK2,sK1,k3_funct_2(sK0,sK0,k5_finseqop(sK0,sK2),k4_binop_1(sK0,sK2))) | ~m1_subset_1(k4_binop_1(sK0,sK2),sK0) | ~m1_subset_1(sK1,sK0) | v1_xboole_0(sK0) <- (~1, 5, 6, 7, 335, 336, 338) [subsumption resolution 4514,920] {a:1,w:25,wCS:2500,goal:1,sine:1,thAx:0,allAx:5,thDist:-5}
4516. sK1 != k5_binop_1(sK0,sK2,sK1,k3_funct_2(sK0,sK0,k5_finseqop(sK0,sK2),k4_binop_1(sK0,sK2))) | ~m1_subset_1(sK1,sK0) | v1_xboole_0(sK0) <- (~1, 5, 6, 7, 333, 335, 336, 338) [subsumption resolution 4515,3706] {a:1,w:20,wCS:2000,goal:1,sine:1,thAx:0,allAx:5,thDist:-5}
4517. sK1 != k5_binop_1(sK0,sK2,sK1,k3_funct_2(sK0,sK0,k5_finseqop(sK0,sK2),k4_binop_1(sK0,sK2))) | v1_xboole_0(sK0) <- (~1, 5, 6, 7, 8, 333, 335, 336, 338) [subsumption resolution 4516,925] {a:1,w:17,wCS:1700,goal:1,sine:1,thAx:0,allAx:5,thDist:-5}
4518. sK1 != k5_binop_1(sK0,sK2,sK1,k3_funct_2(sK0,sK0,k5_finseqop(sK0,sK2),k4_binop_1(sK0,sK2))) <- (~1, 5, 6, 7, 8, ~9, 333, 335, 336, 338) [subsumption resolution 4517,930] {a:1,w:15,wCS:1500,goal:1,sine:1,thAx:0,allAx:5,thDist:-5}
4520. 375 <=> sK1 = k5_binop_1(sK0,sK2,sK1,k3_funct_2(sK0,sK0,k5_finseqop(sK0,sK2),k4_binop_1(sK0,sK2))) [avatar definition]
4522. sK1 != k5_binop_1(sK0,sK2,sK1,k3_funct_2(sK0,sK0,k5_finseqop(sK0,sK2),k4_binop_1(sK0,sK2))) <- (~375) [avatar component clause 4520] {a:1,w:15,wCS:1500,nSel:1,goal:1,sine:255,thAx:0,allAx:5,thDist:-5}
4523. ~375 | 1 | ~5 | ~6 | ~7 | ~8 | 9 | ~333 | ~335 | ~336 | ~338 [avatar split clause 4518,3863,3793,3766,3704,928,923,918,913,908,888,4520]
5185. sK1 != k5_binop_1(sK0,sK2,sK1,k4_binop_1(sK0,sK2)) | ~v1_finseqop(sK2,sK0) | ~v2_binop_1(sK2,sK0) | ~v1_setwiseo(sK2,sK0) | ~m1_subset_1(sK2,k1_zfmisc_1(k2_zfmisc_1(k2_zfmisc_1(sK0,sK0),sK0))) | ~v1_funct_2(sK2,k2_zfmisc_1(sK0,sK0),sK0) | ~v1_funct_1(sK2) | v1_xboole_0(sK0) <- (~375) [superposition 4522,571] {a:2,w:36,wCS:3600,goal:1,sine:1,thAx:0,allAx:6,thDist:-6}
5197. sK1 != k5_binop_1(sK0,sK2,sK1,k4_binop_1(sK0,sK2)) | ~v2_binop_1(sK2,sK0) | ~v1_setwiseo(sK2,sK0) | ~m1_subset_1(sK2,k1_zfmisc_1(k2_zfmisc_1(k2_zfmisc_1(sK0,sK0),sK0))) | ~v1_funct_2(sK2,k2_zfmisc_1(sK0,sK0),sK0) | ~v1_funct_1(sK2) | v1_xboole_0(sK0) <- (2, ~375) [subsumption resolution 5185,895] {a:2,w:33,wCS:3300,goal:1,sine:1,thAx:0,allAx:6,thDist:-6}
5198. sK1 != k5_binop_1(sK0,sK2,sK1,k4_binop_1(sK0,sK2)) | ~v1_setwiseo(sK2,sK0) | ~m1_subset_1(sK2,k1_zfmisc_1(k2_zfmisc_1(k2_zfmisc_1(sK0,sK0),sK0))) | ~v1_funct_2(sK2,k2_zfmisc_1(sK0,sK0),sK0) | ~v1_funct_1(sK2) | v1_xboole_0(sK0) <- (2, 4, ~375) [subsumption resolution 5197,905] {a:2,w:30,wCS:3000,goal:1,sine:1,thAx:0,allAx:6,thDist:-6}
5199. sK1 != k5_binop_1(sK0,sK2,sK1,k4_binop_1(sK0,sK2)) | ~m1_subset_1(sK2,k1_zfmisc_1(k2_zfmisc_1(k2_zfmisc_1(sK0,sK0),sK0))) | ~v1_funct_2(sK2,k2_zfmisc_1(sK0,sK0),sK0) | ~v1_funct_1(sK2) | v1_xboole_0(sK0) <- (2, 3, 4, ~375) [subsumption resolution 5198,900] {a:2,w:27,wCS:2700,goal:1,sine:1,thAx:0,allAx:6,thDist:-6}
5200. sK1 != k5_binop_1(sK0,sK2,sK1,k4_binop_1(sK0,sK2)) | ~v1_funct_2(sK2,k2_zfmisc_1(sK0,sK0),sK0) | ~v1_funct_1(sK2) | v1_xboole_0(sK0) <- (2, 3, 4, 5, ~375) [subsumption resolution 5199,910] {a:2,w:19,wCS:1900,goal:1,sine:1,thAx:0,allAx:6,thDist:-6}
5201. sK1 != k5_binop_1(sK0,sK2,sK1,k4_binop_1(sK0,sK2)) | ~v1_funct_1(sK2) | v1_xboole_0(sK0) <- (2, 3, 4, 5, 6, ~375) [subsumption resolution 5200,915] {a:2,w:13,wCS:1300,goal:1,sine:1,thAx:0,allAx:6,thDist:-6}
5202. sK1 != k5_binop_1(sK0,sK2,sK1,k4_binop_1(sK0,sK2)) | v1_xboole_0(sK0) <- (2, 3, 4, 5, 6, 7, ~375) [subsumption resolution 5201,920] {a:2,w:11,wCS:1100,goal:1,sine:1,thAx:0,allAx:6,thDist:-6}
5203. sK1 != k5_binop_1(sK0,sK2,sK1,k4_binop_1(sK0,sK2)) <- (2, 3, 4, 5, 6, 7, ~9, ~375) [subsumption resolution 5202,930] {a:2,w:9,wCS:900,goal:1,sine:1,thAx:0,allAx:6,thDist:-6}
5205. 445 <=> sK1 = k5_binop_1(sK0,sK2,sK1,k4_binop_1(sK0,sK2)) [avatar definition]
5207. sK1 != k5_binop_1(sK0,sK2,sK1,k4_binop_1(sK0,sK2)) <- (~445) [avatar component clause 5205] {a:2,w:9,wCS:900,nSel:1,goal:1,sine:255,thAx:0,allAx:6,thDist:-6}
5208. ~445 | ~2 | ~3 | ~4 | ~5 | ~6 | ~7 | 9 | 375 [avatar split clause 5203,4520,928,918,913,908,903,898,893,5205]
5641. sK1 != sK1 | ~m1_subset_1(sK1,sK0) | ~v1_setwiseo(sK2,sK0) | ~m1_subset_1(sK2,k1_zfmisc_1(k2_zfmisc_1(k2_zfmisc_1(sK0,sK0),sK0))) | ~v1_funct_2(sK2,k2_zfmisc_1(sK0,sK0),sK0) | ~v1_funct_1(sK2) | v1_xboole_0(sK0) <- (~445) [superposition 5207,570] {a:3,w:27,wCS:2700,goal:1,sine:1,thAx:0,allAx:7,thDist:-7}
5643. ~m1_subset_1(sK1,sK0) | ~v1_setwiseo(sK2,sK0) | ~m1_subset_1(sK2,k1_zfmisc_1(k2_zfmisc_1(k2_zfmisc_1(sK0,sK0),sK0))) | ~v1_funct_2(sK2,k2_zfmisc_1(sK0,sK0),sK0) | ~v1_funct_1(sK2) | v1_xboole_0(sK0) <- (~445) [trivial inequality removal 5641] {a:3,w:24,wCS:2400,goal:1,sine:1,thAx:0,allAx:7,thDist:-7}
5645. ~v1_setwiseo(sK2,sK0) | ~m1_subset_1(sK2,k1_zfmisc_1(k2_zfmisc_1(k2_zfmisc_1(sK0,sK0),sK0))) | ~v1_funct_2(sK2,k2_zfmisc_1(sK0,sK0),sK0) | ~v1_funct_1(sK2) | v1_xboole_0(sK0) <- (8, ~445) [subsumption resolution 5643,925] {a:3,w:21,wCS:2100,goal:1,sine:1,thAx:0,allAx:7,thDist:-7}
5646. ~m1_subset_1(sK2,k1_zfmisc_1(k2_zfmisc_1(k2_zfmisc_1(sK0,sK0),sK0))) | ~v1_funct_2(sK2,k2_zfmisc_1(sK0,sK0),sK0) | ~v1_funct_1(sK2) | v1_xboole_0(sK0) <- (3, 8, ~445) [subsumption resolution 5645,900] {a:3,w:18,wCS:1800,goal:1,sine:1,thAx:0,allAx:7,thDist:-7}
5647. ~v1_funct_2(sK2,k2_zfmisc_1(sK0,sK0),sK0) | ~v1_funct_1(sK2) | v1_xboole_0(sK0) <- (3, 5, 8, ~445) [subsumption resolution 5646,910] {a:3,w:10,wCS:1000,goal:1,sine:1,thAx:0,allAx:7,thDist:-7}
5648. ~v1_funct_1(sK2) | v1_xboole_0(sK0) <- (3, 5, 6, 8, ~445) [subsumption resolution 5647,915] {a:3,w:4,wCS:400,goal:1,sine:1,thAx:0,allAx:7,thDist:-7}
5649. v1_xboole_0(sK0) <- (3, 5, 6, 7, 8, ~445) [subsumption resolution 5648,920] {a:3,w:2,wCS:200,goal:1,sine:1,thAx:0,allAx:7,thDist:-7}
5650. $false <- (3, 5, 6, 7, 8, ~9, ~445) [subsumption resolution 5649,930] {a:3,w:0,goal:1,sine:1,thAx:0,allAx:7,thDist:-7}
5651. ~3 | ~5 | ~6 | ~7 | ~8 | 9 | 445 [avatar contradiction clause 5650]
5657. $false [avatar sat refutation 891,896,901,906,911,916,921,926,931,3707,3769,3796,3866,4523,5208,5651] {a:0,w:0,goal:1,sine:0,thAx:0,allAx:3181,thDist:-3181}
% SZS output end Proof for finseqop__t87_finseqop
% ------------------------------
% Version: Vampire 4.5.1 (commit 226f88162 on 2021-09-12 20:13:44 +0200)
% Termination reason: Refutation

% >>> Input
% Input formulas: 197
% >>> Preprocessing
% Introduced skolems: 51
% Pure predicates: 6
% Unused predicate definitions: 1
% 
% >>> Saturation
% Initial clauses: 366
% Generated clauses: 3122
% Active clauses: 607
% Passive clauses: 1637
% Final active clauses: 575
% Final passive clauses: 972
% Main loop iterations started: 647
% 
% >>> Simplifying Inferences
% Duplicate literals: 154
% Trivial inequalities: 1
% Fw subsumption resolutions: 633
% Fw demodulations: 5
% Bw demodulations: 10
% 
% >>> Deletion Inferences
% Simple tautologies: 62
% Forward subsumptions: 278
% 
% >>> Generating Inferences
% Binary resolution: 1508
% Unit resulting resolution: 7
% Forward superposition: 47
% Backward superposition: 42
% Self superposition: 1
% 
% >>> AVATAR
% Split clauses: 167
% Split components: 374
% Sat splitting refutations: 12
% 
% >>> SAT Solver Statistics
% SAT solver clauses: 465
% SAT solver unit clauses: 91
% SAT solver binary clauses: 159
% 
% Memory used [KB]: 9594
% Time elapsed: 0.050 s
% ------------------------------
% ------------------------------
% Time measurement results:
% parsing: 0.002 s
% preprocessing: 0.001 s
% term sharing: 0.005 s
% congruence closure: 0.005 s
% binary resolution index maintenance: 0.001 s
% forward subsumption: 0.007 s
% forward subsumption resolution: 0.002 s
% forward demodulation: 0.001 s
% resolution: 0.003 s ( own 0.002 s ) 
% unit resulting resolution: 0.014 s ( own 0.010 s ) 
% superposition: 0.002 s
% other: 0.050 s ( own 0.012 s ) 

