i: [1,361,0,4,1,1,0,0] t1_hilbert1
a: [3,594,0,4,1,361]
s: 594
i: [1,360,0,4,1,1,0,0] t1_hilbert1
a: [3,599,0,4,1,360]
s: 599
i: [1,362,0,2,1,0,0,255] spc2_boole
a: [3,604,0,2,1,362]
s: 604
i: [1,363,0,2,1,0,0,255] spc1_boole
a: [3,609,0,2,1,363]
s: 609
i: [1,364,0,2,1,0,0,255] fc1_hilbert1
a: [3,614,0,2,1,364]
s: 614
i: [1,365,0,2,1,0,0,255] fc2_hilbert1
a: [3,619,0,2,1,365]
s: 619
i: [1,374,0,2,1,0,0,255] fc6_ordinal1
a: [3,659,0,2,1,374]
s: 659
i: [1,373,0,2,1,0,0,255] fc6_ordinal1
a: [3,664,0,2,1,373]
s: 664
i: [1,510,0,2,1,0,0,255] rc9_finseq_1
a: [3,722,0,2,1,510]
s: 722
i: [1,509,0,2,1,0,0,255] rc9_finseq_1
a: [3,727,0,2,1,509]
s: 727
i: [1,508,0,2,1,0,0,255] rc9_finseq_1
a: [3,732,0,2,1,508]
s: 732
i: [1,507,0,2,1,0,0,255] rc9_finseq_1
a: [3,737,0,2,1,507]
s: 737
i: [1,512,0,2,1,0,0,255] rc3_ordinal1
a: [3,742,0,2,1,512]
s: 742
i: [1,511,0,2,1,0,0,255] rc3_ordinal1
a: [3,747,0,2,1,511]
s: 747
i: [1,552,0,2,1,0,0,255] rc6_funct_1
a: [3,752,0,2,1,552]
s: 752
i: [1,551,0,2,1,0,0,255] rc6_funct_1
a: [3,757,0,2,1,551]
s: 757
i: [1,557,0,2,1,0,0,255] rc4_ordinal1
a: [3,762,0,2,1,557]
s: 762
i: [1,558,0,2,1,0,0,255] rc1_ordinal1
a: [3,767,0,2,1,558]
s: 767
i: [1,560,0,2,1,0,0,255] rc1_hilbert1
a: [3,772,0,2,1,560]
s: 772
i: [1,559,0,2,1,0,0,255] rc1_hilbert1
a: [3,777,0,2,1,559]
s: 777
i: [1,564,0,2,1,0,0,255] rc2_ordinal1
a: [3,782,0,2,1,564]
s: 782
i: [1,563,0,2,1,0,0,255] rc2_ordinal1
a: [3,787,0,2,1,563]
s: 787
i: [1,562,0,2,1,0,0,255] rc2_ordinal1
a: [3,792,0,2,1,562]
s: 792
i: [1,561,0,2,1,0,0,255] rc2_ordinal1
a: [3,797,0,2,1,561]
s: 797
i: [1,566,0,2,1,0,0,255] rc8_finseq_1
a: [3,802,0,2,1,566]
s: 802
i: [1,565,0,2,1,0,0,255] rc8_finseq_1
a: [3,807,0,2,1,565]
s: 807
i: [1,568,0,2,1,0,0,255] rc5_ordinal1
a: [3,812,0,2,1,568]
s: 812
i: [1,567,0,2,1,0,0,255] rc5_ordinal1
a: [3,817,0,2,1,567]
s: 817
i: [1,570,0,2,1,0,0,255] rc7_funct_1
a: [3,822,0,2,1,570]
s: 822
i: [1,569,0,2,1,0,0,255] rc7_funct_1
a: [3,827,0,2,1,569]
s: 827
i: [1,572,0,2,1,0,0,2] rc1_funct_1
a: [3,832,0,2,1,572]
s: 832
i: [1,571,0,2,1,0,0,2] rc1_funct_1
a: [3,837,0,2,1,571]
s: 837
i: [1,575,0,2,1,0,0,255] rc5_funct_1
a: [3,842,0,2,1,575]
s: 842
i: [1,574,0,2,1,0,0,255] rc5_funct_1
a: [3,847,0,2,1,574]
s: 847
i: [1,573,0,2,1,0,0,255] rc5_funct_1
a: [3,852,0,2,1,573]
s: 852
i: [1,577,0,2,1,0,0,255] rc2_funct_1
a: [3,857,0,2,1,577]
s: 857
i: [1,576,0,2,1,0,0,255] rc2_funct_1
a: [3,862,0,2,1,576]
s: 862
i: [1,580,0,2,1,0,0,255] rc3_finseq_1
a: [3,867,0,2,1,580]
s: 867
i: [1,579,0,2,1,0,0,255] rc3_finseq_1
a: [3,872,0,2,1,579]
s: 872
i: [1,578,0,2,1,0,0,255] rc3_finseq_1
a: [3,877,0,2,1,578]
s: 877
i: [1,585,0,2,1,0,0,255] rc4_finseq_1
a: [3,882,0,2,1,585]
s: 882
i: [1,584,0,2,1,0,0,255] rc4_finseq_1
a: [3,887,0,2,1,584]
s: 887
i: [1,583,0,2,1,0,0,255] rc4_finseq_1
a: [3,892,0,2,1,583]
s: 892
i: [1,582,0,2,1,0,0,255] rc4_finseq_1
a: [3,897,0,2,1,582]
s: 897
i: [1,581,0,2,1,0,0,255] rc4_finseq_1
a: [3,902,0,2,1,581]
s: 902
i: [1,381,0,3,1,0,0,255] fc16_finseq_1
s: 381
i: [1,382,0,3,1,0,0,1] fc1_subset_1
s: 382
i: [1,383,0,3,1,0,0,255] fc7_finseq_1
s: 383
i: [1,385,0,3,1,0,0,255] fc6_finseq_1
s: 385
i: [1,386,0,3,1,0,0,255] fc6_finseq_1
s: 386
i: [1,514,0,3,1,0,0,255] rc2_finseq_1
s: 514
i: [1,515,0,3,1,0,0,255] rc2_finseq_1
s: 515
i: [1,516,0,3,1,0,0,255] rc2_finseq_1
s: 516
i: [1,517,0,3,1,0,0,255] rc2_finseq_1
s: 517
i: [1,519,0,3,1,0,0,1] rc2_subset_1
s: 519
i: [1,523,0,3,1,0,0,255] rc1_finseq_1
s: 523
i: [1,524,0,3,1,0,0,255] rc1_finseq_1
s: 524
i: [1,525,0,3,1,0,0,255] rc1_finseq_1
s: 525
i: [1,526,0,3,1,0,0,255] reflexivity_r1_tarski
s: 526
i: [1,366,0,3,1,0,0,255] redefinition_k6_numbers
a: [3,624,0,3,1,366]
s: 624
i: [1,367,0,3,1,0,0,255] redefinition_k5_numbers
a: [3,629,0,3,1,367]
s: 629
r: 664
r: 659
d: [2,904,0,2,1,2,23,664,629]
a: [3,909,0,2,1,904]
s: 909
d: [2,905,0,2,1,2,23,659,629]
a: [3,914,0,2,1,905]
s: 914
i: [1,368,0,3,1,0,0,255] t1_numerals
a: [3,634,0,3,1,368]
s: 634
i: [1,369,0,3,1,0,0,1] dt_k2_hilbert1
a: [3,639,0,3,1,369]
s: 639
i: [1,377,0,3,1,0,0,255] spc2_numerals
a: [3,669,0,3,1,377]
s: 669
i: [1,376,0,3,1,0,0,255] spc2_numerals
a: [3,674,0,3,1,376]
s: 674
i: [1,380,0,3,1,0,0,255] spc1_numerals
a: [3,684,0,3,1,380]
s: 684
i: [1,379,0,3,1,0,0,255] spc1_numerals
a: [3,689,0,3,1,379]
s: 689
d: [2,916,0,3,1,2,22,634,629]
d: [2,917,0,3,1,3,22,916,624]
a: [3,921,0,3,1,917]
s: 921
i: [1,384,0,4,1,0,0,255] fc24_finseq_1
s: 384
i: [1,404,0,4,2,0,0,255] cc1_hilbert1
s: 404
i: [1,406,0,4,2,0,0,255] cc9_finseq_1
s: 406
d: [2,923,1,2,1,1,40,404,614]
a: [3,928,1,2,1,923]
s: 928
i: [1,410,0,4,2,0,0,255] cc6_ordinal1
s: 410
i: [1,419,0,4,2,0,0,255] cc1_ordinal1
s: 419
d: [2,930,1,2,1,1,40,406,802]
a: [3,934,1,2,1,930]
s: 934
i: [1,420,0,4,2,0,0,255] cc1_ordinal1
s: 420
d: [2,936,1,2,1,1,40,410,762]
a: [3,941,1,2,1,936]
s: 941
i: [1,422,0,4,2,0,0,255] cc9_ordinal1
s: 422
i: [1,423,0,4,2,0,0,255] cc8_finseq_1
s: 423
d: [2,937,1,2,1,1,40,410,812]
a: [3,946,1,2,1,937]
s: 946
i: [1,424,0,4,2,0,0,255] cc7_ordinal1
s: 424
d: [2,949,1,2,1,1,40,419,767]
a: [3,954,1,2,1,949]
s: 954
i: [1,425,0,4,2,0,0,255] cc7_funct_1
s: 425
i: [1,426,0,4,2,0,0,255] cc3_ordinal1
s: 426
d: [2,950,1,2,1,1,40,419,914]
a: [3,959,1,2,1,950]
s: 959
i: [1,427,0,4,2,0,0,2] cc1_funct_1
s: 427
d: [2,962,1,2,1,1,40,420,767]
a: [3,967,1,2,1,962]
s: 967
i: [1,504,0,4,1,0,0,255] existence_m2_finseq_1
s: 504
i: [1,505,0,4,1,0,0,255] existence_m1_finseq_1
s: 505
d: [2,963,1,2,1,1,40,420,914]
a: [3,972,1,2,1,963]
s: 972
i: [1,506,0,4,1,0,0,1] existence_m1_subset_1
s: 506
d: [2,974,2,2,1,1,40,941,420]
a: [3,979,2,2,1,974]
s: 979
i: [1,513,0,4,1,0,0,255] rc2_finseq_1
s: 513
i: [1,521,0,4,1,0,0,255] rc3_subset_1
s: 521
d: [2,975,2,2,1,1,40,941,419]
a: [3,984,2,2,1,975]
s: 984
i: [1,370,0,4,1,0,0,255] dt_k5_numbers
a: [3,644,0,4,1,370]
s: 644
d: [2,990,2,2,1,1,40,946,420]
a: [3,995,2,2,1,990]
s: 995
i: [1,371,0,4,1,0,0,255] dt_k6_numbers
a: [3,649,0,4,1,371]
s: 649
i: [1,375,0,4,1,0,0,255] spc2_numerals
a: [3,679,0,4,1,375]
s: 679
d: [2,991,2,2,1,1,40,946,419]
a: [3,1000,2,2,1,991]
s: 1000
i: [1,378,0,4,1,0,0,255] spc1_numerals
a: [3,694,0,4,1,378]
s: 694
d: [2,986,1,3,1,0,40,422,516]
s: 986
i: [1,388,0,5,2,0,0,255] rc6_subset_1
s: 388
i: [1,392,0,5,2,0,0,255] rc6_finseq_1
s: 392
d: [2,987,1,3,1,0,40,422,519]
s: 987
i: [1,393,0,5,2,0,0,255] rc6_finseq_1
s: 393
d: [2,988,1,3,1,0,40,423,516]
s: 988
i: [1,394,0,5,2,0,0,255] rc6_finseq_1
s: 394
i: [1,395,0,5,2,0,0,255] rc6_finseq_1
s: 395
d: [2,989,1,3,1,0,40,423,519]
s: 989
i: [1,396,0,5,2,0,0,255] rc6_finseq_1
s: 396
d: [2,1002,1,3,1,0,40,424,516]
s: 1002
i: [1,398,0,5,2,0,0,1] rc1_subset_1
s: 398
i: [1,400,0,5,2,0,0,255] rc5_subset_1
s: 400
d: [2,1003,1,3,1,0,40,424,519]
s: 1003
i: [1,401,0,5,2,0,0,255] rc5_subset_1
s: 401
d: [2,1004,1,3,1,0,40,425,516]
s: 1004
i: [1,411,0,5,2,0,0,255] rc7_finseq_1
s: 411
i: [1,412,0,5,2,0,0,255] rc7_finseq_1
s: 412
d: [2,1005,1,3,1,0,40,425,519]
s: 1005
i: [1,414,0,5,2,0,0,255] rc7_finseq_1
s: 414
d: [2,1006,1,3,1,0,40,426,516]
s: 1006
i: [1,415,0,5,2,0,0,255] rc7_finseq_1
s: 415
i: [1,428,0,5,2,0,0,255] t6_boole
s: 428
d: [2,1007,1,3,1,0,40,426,519]
s: 1007
i: [1,431,0,5,2,0,0,255] cc8_ordinal1
s: 431
d: [2,1009,1,3,1,0,40,427,519]
s: 1009
i: [1,432,0,5,2,0,0,1] cc3_hilbert1
s: 432
i: [1,489,0,5,2,0,0,255] dt_m2_finseq_1
s: 489
d: [2,1020,1,2,1,1,40,432,639]
a: [3,1025,1,2,1,1020]
s: 1025
i: [1,490,0,5,2,0,0,255] dt_m2_finseq_1
s: 490
d: [2,1021,1,3,1,0,40,432,506]
a: [3,1030,1,3,1,1021]
s: 1030
i: [1,492,0,5,2,0,0,255] dt_m1_finseq_1
s: 492
i: [1,493,0,5,2,0,0,255] dt_m1_finseq_1
s: 493
d: [2,1032,1,3,1,0,40,489,504]
s: 1032
i: [1,494,0,5,2,0,0,255] dt_m1_finseq_1
s: 494
d: [2,1033,1,3,1,0,40,490,504]
s: 1033
i: [1,501,0,5,2,0,0,1] t7_boole
s: 501
i: [1,518,0,5,1,0,0,1] rc2_subset_1
s: 518
d: [2,1034,1,3,1,0,40,492,505]
s: 1034
i: [1,520,0,5,1,0,0,255] rc3_subset_1
s: 520
d: [2,1036,1,3,1,0,40,493,505]
s: 1036
i: [1,372,0,5,1,0,0,255] d7_hilbert1
a: [3,654,0,5,1,372]
s: 654
d: [2,1016,0,5,2,1,22,428,624]
s: 1016
d: [2,1038,1,3,1,0,40,494,505]
s: 1038
d: [2,1019,0,5,2,1,22,431,629]
s: 1019
d: [2,1044,1,2,1,2,40,1019,921]
a: [3,1051,1,2,1,1044]
s: 1051
i: [1,391,0,6,2,0,0,255] rc6_finseq_1
s: 391
i: [1,403,0,6,2,0,0,255] rc4_subset_1
s: 403
d: [2,1045,1,2,1,2,40,1019,689]
a: [3,1056,1,2,1,1045]
s: 1056
i: [1,413,0,6,2,0,0,255] rc7_finseq_1
s: 413
d: [2,1046,1,2,1,2,40,1019,674]
a: [3,1061,1,2,1,1046]
s: 1061
i: [1,460,0,6,3,0,0,255] cc2_ordinal1
s: 460
i: [1,470,0,6,3,0,0,2] cc4_finseq_1
s: 470
d: [2,1068,2,2,1,1,40,1051,410]
a: [3,1073,2,2,1,1068]
s: 1073
i: [1,472,0,6,3,0,0,2] cc1_finseq_1
s: 472
d: [2,1078,2,2,1,1,40,1056,410]
a: [3,1082,2,2,1,1078]
s: 1082
i: [1,488,0,6,2,0,0,1] t1_subset
s: 488
i: [1,496,0,6,2,0,0,255] redefinition_m2_finseq_1
s: 496
d: [2,1084,2,2,1,1,40,1061,410]
a: [3,1088,2,2,1,1084]
s: 1088
i: [1,497,0,6,2,0,0,255] redefinition_m2_finseq_1
s: 497
d: [2,1097,3,2,1,1,40,1073,420]
a: [3,1103,3,2,1,1097]
s: 1103
i: [1,527,0,6,2,0,0,1] antisymmetry_r2_hidden
s: 527
i: [1,387,0,7,2,0,0,255] rc6_subset_1
s: 387
d: [2,1098,3,2,1,1,40,1073,419]
a: [3,1108,3,2,1,1098]
s: 1108
i: [1,397,0,7,2,0,0,1] rc1_subset_1
s: 397
d: [2,1110,3,2,1,1,40,1082,420]
a: [3,1115,3,2,1,1110]
s: 1115
i: [1,399,0,7,2,0,0,255] rc5_subset_1
s: 399
i: [1,402,0,7,2,0,0,255] rc4_subset_1
s: 402
d: [2,1111,3,2,1,1,40,1082,419]
a: [3,1120,3,2,1,1111]
s: 1120
i: [1,407,0,7,3,0,0,255] cc10_finseq_1
s: 407
d: [2,1149,1,5,2,1,40,407,599]
a: [3,1194,1,3,1,1149]
s: 1194
i: [1,416,0,7,3,0,0,255] cc8_funct_1
s: 416
i: [1,417,0,7,3,0,0,255] cc8_funct_1
s: 417
d: [2,1207,1,5,2,1,40,416,599]
a: [3,1258,1,3,1,1207]
s: 1258
i: [1,421,0,7,3,0,0,255] cc5_ordinal1
s: 421
d: [2,1319,1,5,2,1,40,421,599]
a: [3,1339,1,3,1,1319]
s: 1339
i: [1,498,0,7,2,0,0,255] t3_subset
s: 498
i: [1,499,0,7,2,0,0,255] t3_subset
s: 499
d: [2,1346,1,3,1,1,40,498,599]
a: [3,1362,1,3,1,1346]
s: 1362
i: [1,500,0,7,3,0,0,255] t8_boole
s: 500
d: [2,1144,1,4,2,1,40,407,921]
a: [3,1169,1,2,1,1144]
s: 1169
i: [1,522,0,7,1,0,0,255] rc1_finseq_1
s: 522
i: [1,405,0,8,3,0,0,255] cc10_ordinal1
s: 405
d: [2,1376,1,4,2,1,40,405,599]
a: [3,1397,1,2,1,1376]
s: 1397
i: [1,408,0,8,3,0,0,255] cc11_finseq_1
s: 408
d: [2,1405,1,4,2,1,40,408,599]
a: [3,1419,1,2,1,1405]
s: 1419
i: [1,409,0,8,3,0,0,255] cc5_subset_1
s: 409
i: [1,418,0,8,3,0,0,255] cc9_funct_1
s: 418
d: [2,1427,1,4,2,1,40,409,599]
a: [3,1448,1,2,1,1427]
s: 1448
i: [1,429,0,8,3,0,0,1] cc1_subset_1
s: 429
d: [2,1456,1,4,2,1,40,418,599]
d: [2,1466,1,2,1,2,21,1456,619]
a: [3,1470,1,2,1,1466]
s: 1470
i: [1,463,0,8,4,0,0,255] cc6_funct_1
s: 463
i: [1,468,0,8,4,0,0,255] cc4_funct_1
s: 468
d: [2,1145,1,4,2,1,40,407,684]
a: [3,1178,1,2,1,1145]
s: 1178
d: [2,1490,0,6,3,0,21,468,427]
s: 1490
d: [2,1200,1,4,2,1,40,416,639]
d: [2,1215,1,2,1,2,21,1200,619]
a: [3,1219,1,2,1,1215]
s: 1219
i: [1,473,0,8,4,0,0,255] cc5_funct_1
s: 473
i: [1,483,0,8,4,0,0,255] cc6_finseq_1
s: 483
d: [2,1202,1,4,2,1,40,416,921]
a: [3,1233,1,2,1,1202]
s: 1233
i: [1,495,0,8,3,0,0,1] t2_subset
s: 495
d: [2,1577,1,7,2,1,40,495,599]
d: [2,1627,1,4,1,1,21,1577,382]
a: [3,1631,1,4,1,1627]
s: 1631
i: [1,528,0,8,3,0,0,255] fc10_subset_1
s: 528
i: [1,430,0,9,3,0,0,255] cc4_subset_1
s: 430
d: [2,1640,2,4,1,1,40,1631,527]
a: [3,1646,2,4,1,1640]
s: 1646
i: [1,435,0,9,2,0,0,1] dt_k5_hilbert1
s: 435
d: [2,1203,1,4,2,1,40,416,684]
a: [3,1242,1,2,1,1203]
s: 1242
i: [1,436,0,9,3,0,0,255] d10_hilbert1
s: 436
i: [1,491,0,9,2,0,0,255] dt_m2_finseq_1
s: 491
d: [2,1680,1,5,2,1,40,436,599]
a: [3,1695,1,2,1,1680]
s: 1695
i: [1,503,0,9,3,0,0,1] t5_subset
s: 503
d: [2,1681,1,9,3,0,40,436,387]
d: [2,1697,1,7,2,1,21,1681,1448]
a: [3,1705,1,3,1,1697]
s: 1705
i: [1,487,0,10,4,0,0,1] cc3_funct_1
s: 487
i: [1,502,0,10,3,0,0,1] t4_subset
s: 502
d: [2,1833,1,6,2,1,40,502,599]
s: 1833
i: [1,533,0,10,3,0,0,255] dt_k12_finseq_1
s: 533
d: [2,1264,1,4,2,1,40,417,639]
d: [2,1279,1,2,1,2,21,1264,619]
a: [3,1283,1,2,1,1279]
s: 1283
i: [1,389,0,11,4,0,0,255] cc3_subset_1
s: 389
i: [1,390,0,11,4,0,0,255] cc2_subset_1
s: 390
d: [2,1865,1,7,3,1,40,389,599]
d: [2,1878,1,5,2,2,21,1865,928]
a: [3,1886,1,2,1,1878]
s: 1886
i: [1,534,0,11,3,0,0,255] redefinition_k12_finseq_1
s: 534
d: [2,1312,1,4,2,1,40,421,639]
a: [3,1330,1,2,1,1312]
s: 1330
i: [1,535,0,11,3,0,0,255] dt_k1_nat_1
s: 535
i: [1,549,0,11,3,0,0,255] dt_k4_hilbert1
s: 549
d: [2,1375,1,4,2,1,40,405,644]
a: [3,1388,1,2,1,1375]
s: 1388
i: [1,550,0,11,3,0,0,255] dt_k3_hilbert1
s: 550
d: [2,1426,1,4,2,1,40,409,644]
a: [3,1439,1,2,1,1426]
s: 1439
i: [1,536,0,12,3,0,0,255] redefinition_k1_nat_1
s: 536
i: [1,537,0,12,3,0,0,255] commutativity_k1_nat_1
s: 537
d: [2,1473,1,4,2,1,40,429,644]
d: [2,1483,1,2,1,2,21,1473,909]
a: [3,1487,1,2,1,1483]
s: 1487
i: [1,443,0,13,4,0,0,255] d10_hilbert1
s: 443
a: [3,1690,1,3,1,1680]
s: 1690
i: [1,444,0,13,4,0,0,255] d10_hilbert1
s: 444
i: [1,445,0,13,4,0,0,255] d10_hilbert1
s: 445
a: [3,1700,1,4,1,1697]
s: 1700
i: [1,532,0,14,4,0,0,255] existence_m2_subset_1
s: 532
d: [2,1500,1,6,3,1,40,483,742]
d: [2,1515,1,4,2,2,21,1500,747]
a: [3,1523,1,2,1,1515]
s: 1523
d: [2,2081,0,12,3,0,21,532,429]
s: 2081
i: [1,529,0,15,5,0,0,255] dt_m2_subset_1
s: 529
d: [2,1504,1,6,3,1,40,483,752]
d: [2,1529,1,4,2,2,21,1504,757]
a: [3,1537,1,2,1,1529]
s: 1537
d: [2,2082,0,13,4,0,21,529,429]
s: 2082
d: [2,1505,1,6,3,1,40,483,832]
d: [2,1539,1,4,2,2,21,1505,837]
a: [3,1547,1,2,1,1539]
s: 1547
i: [1,530,0,15,5,0,0,255] redefinition_m2_subset_1
s: 530
d: [2,2098,0,13,4,0,21,530,429]
s: 2098
d: [2,1506,1,6,3,1,40,483,847]
d: [2,1549,1,4,2,2,21,1506,852]
a: [3,1557,1,2,1,1549]
s: 1557
i: [1,531,0,15,5,0,0,255] redefinition_m2_subset_1
s: 531
d: [2,1507,1,6,3,1,40,483,857]
d: [2,1559,1,4,2,2,21,1507,862]
a: [3,1567,1,2,1,1559]
s: 1567
d: [2,2107,0,13,4,0,21,531,429]
s: 2107
i: [1,546,0,16,7,0,0,255] dt_k7_finseq_1
s: 546
d: [2,2112,1,9,3,1,40,2107,599]
d: [2,2122,1,7,2,2,21,2112,1886]
s: 2122
i: [1,547,0,16,7,0,0,255] dt_k7_finseq_1
s: 547
d: [2,2126,2,12,4,2,40,2122,2082]
d: [2,2127,2,8,3,2,21,2126,599]
d: [2,2128,2,6,2,2,21,2127,1886]
s: 2128
r: 2128
r: 2122
r: 1886
i: [1,548,0,16,7,0,0,255] dt_k7_finseq_1
s: 548
i: [1,433,0,17,3,0,0,255] d9_hilbert1
s: 433
a: [3,1885,1,2,1,1878]
s: 1885
r: 1885
i: [1,434,0,17,3,0,0,255] d8_hilbert1
s: 434
s: 1886
i: [1,454,0,17,4,0,0,255] d11_hilbert1
s: 454
i: [1,538,0,18,8,0,0,255] fc18_finseq_1
s: 538
a: [3,1882,1,3,1,1878]
s: 1882
i: [1,539,0,18,8,0,0,255] fc18_finseq_1
s: 539
d: [2,2131,3,4,1,2,40,2128,506]
a: [3,2135,3,4,1,2131]
s: 2135
r: 1886
r: 2135
i: [1,540,0,18,8,0,0,255] fc18_finseq_1
s: 540
i: [1,541,0,18,8,0,0,255] fc18_finseq_1
s: 541
a: [3,1261,1,2,1,1207]
s: 1261
i: [1,542,0,18,8,0,0,255] fc17_finseq_1
s: 542
d: [2,1271,1,5,2,1,40,417,599]
a: [3,1310,1,2,1,1271]
s: 1310
i: [1,543,0,18,8,0,0,255] fc17_finseq_1
s: 543
i: [1,544,0,18,8,0,0,255] fc17_finseq_1
s: 544
a: [3,1343,1,2,1,1319]
s: 1343
r: 1343
i: [1,545,0,18,8,0,0,255] fc17_finseq_1
s: 545
a: [3,1342,1,2,1,1319]
s: 1342
i: [1,440,0,22,6,0,0,255] d10_hilbert1
a: [3,709,0,19,5,440]
s: 709
i: [1,442,0,26,8,0,0,255] d10_hilbert1
a: [3,698,0,3,1,442]
s: 698
r: 709
r: 550
r: 549
r: 434
r: 433
r: 432
d: [2,2252,1,0,0,1,40,698,506]
e: 2252
d: [2,2250,1,0,0,2,40,698,639]
e: 2250
d: [2,2249,1,0,0,2,52,639,698]
e: 2249
r: 698
a: [3,1401,1,2,1,1376]
s: 1401
s: 432
a: [3,1423,1,2,1,1405]
s: 1423
s: 549
s: 550
s: 1886
s: 433
d: [2,2152,2,2,1,1,40,1885,424]
a: [3,2163,2,2,1,2152]
s: 2163
d: [2,2291,3,0,0,2,52,1342,2163,410]
e: 2291
d: [2,2292,3,2,1,1,40,2163,410]
d: [2,2294,3,0,0,2,21,2292,1342]
e: 2294
r: 2163
s: 434
s: 709
d: [2,2191,4,3,1,1,40,2135,432]
a: [3,2200,4,3,1,2191]
s: 2200
i: [1,439,0,22,6,0,0,255] d10_hilbert1
a: [3,713,0,19,5,439]
s: 713
d: [2,2194,4,5,2,1,40,2135,417]
d: [2,2208,4,3,1,2,21,2194,619]
a: [3,2212,4,3,1,2208]
s: 2212
r: 1342
r: 1886
i: [1,437,0,22,6,0,0,255] d10_hilbert1
a: [3,717,0,19,5,437]
s: 717
i: [1,588,0,20,5,0,0,255] d11_hilbert1
s: 588
s: 1343
d: [2,2331,0,15,4,0,21,588,435]
s: 2331
s: 1885
i: [1,457,0,21,5,0,0,255] d11_hilbert1
s: 457
i: [1,586,0,21,5,0,0,255] d11_hilbert1
s: 586
s: 2163
d: [2,2359,0,16,4,0,21,586,435]
s: 2359
d: [2,2229,2,2,1,1,40,1343,420]
a: [3,2234,2,2,1,2229]
s: 2234
i: [1,587,0,21,5,0,0,255] d11_hilbert1
s: 587
d: [2,2368,0,16,4,0,21,587,435]
s: 2368
d: [2,2230,2,2,1,1,40,1343,419]
a: [3,2239,2,2,1,2230]
s: 2239
i: [1,441,0,24,6,0,0,255] d10_hilbert1
a: [3,705,0,21,5,441]
s: 705
d: [2,2195,4,5,2,1,40,2135,416]
d: [2,2214,4,3,1,2,21,2195,619]
a: [3,2217,4,3,1,2214]
s: 2217
d: [2,2376,5,0,0,2,52,1470,506,2217,416]
e: 2376
r: 2217
i: [1,458,0,22,5,0,0,255] d11_hilbert1
s: 458
i: [1,589,0,22,5,0,0,255] d11_hilbert1
s: 589
a: [3,2218,4,3,1,2214]
s: 2218
d: [2,2378,0,17,4,0,21,589,435]
s: 2378
d: [2,2319,5,9,3,1,40,2212,483]
d: [2,2320,5,6,2,2,21,2319,2200]
a: [3,2324,5,3,1,2320]
s: 2324
i: [1,456,0,23,5,0,0,255] d11_hilbert1
s: 456
a: [3,701,0,23,7,442]
s: 701
a: [3,2134,3,4,1,2131]
s: 2134
d: [2,2439,0,20,6,1,21,701,502]
s: 2439
d: [2,2192,4,6,2,1,40,2135,495]
d: [2,2202,4,4,1,2,21,2192,928]
a: [3,2206,4,4,1,2202]
s: 2206
d: [2,2450,5,0,0,2,52,2134,2206,488]
e: 2450
d: [2,2452,5,4,1,1,40,2206,488]
d: [2,2455,5,0,0,2,21,2452,2134]
e: 2455
r: 2206
i: [1,459,0,24,5,0,0,255] d11_hilbert1
s: 459
i: [1,553,0,27,11,0,0,255] fc28_finseq_1
s: 553
a: [3,2139,1,7,2,2112]
s: 2139
i: [1,554,0,27,11,0,0,255] fc28_finseq_1
s: 554
d: [2,1796,1,11,4,0,40,487,435]
a: [3,1810,1,2,1,1796]
s: 1810
i: [1,556,0,27,11,0,0,255] fc28_finseq_1
s: 556
i: [1,590,0,28,8,0,0,255] d11_hilbert1
s: 590
d: [2,1797,1,6,3,1,40,487,644]
a: [3,1826,1,2,1,1797]
s: 1826
d: [2,2459,0,25,7,0,21,590,502]
d: [2,2460,0,20,6,0,21,2459,435]
s: 2460
d: [2,1853,2,6,3,1,40,1283,483]
d: [2,1854,2,4,2,2,21,1853,1025]
d: [2,1855,2,2,1,3,21,1854,1219]
a: [3,1859,2,2,1,1855]
s: 1859
i: [1,438,0,30,6,0,0,255] d10_hilbert1
s: 438
i: [1,555,0,30,11,0,0,255] fc28_finseq_1
s: 555
d: [2,1123,3,2,1,1,40,1088,420]
a: [3,1128,3,2,1,1123]
s: 1128
i: [1,455,0,31,8,0,0,255] d11_hilbert1
s: 455
d: [2,1124,3,2,1,1,40,1088,419]
a: [3,1133,3,2,1,1124]
s: 1133
i: [1,446,0,78,9,0,0,255] d10_hilbert1
s: 446
i: [1,448,0,78,9,0,0,255] d10_hilbert1
s: 448
d: [2,2338,1,11,3,1,40,2331,599]
s: 2338
i: [1,447,0,81,9,0,0,255] d10_hilbert1
s: 447
d: [2,1047,1,3,1,1,40,1019,506]
a: [3,1066,1,3,1,1047]
s: 1066
d: [2,1143,1,5,2,1,40,407,644]
a: [3,1160,1,3,1,1143]
s: 1160
d: [2,1201,1,5,2,1,40,416,644]
a: [3,1224,1,3,1,1201]
s: 1224
d: [2,1345,1,3,1,1,40,498,644]
a: [3,1357,1,3,1,1345]
s: 1357
d: [2,1491,1,6,2,0,40,1490,516]
d: [2,1493,1,3,1,0,21,1491,514]
s: 1493
d: [2,1494,1,9,3,0,40,483,386]
d: [2,1510,1,6,2,0,21,1494,383]
d: [2,1511,1,3,1,0,21,1510,385]
s: 1511
d: [2,1501,1,9,3,0,40,483,515]
d: [2,1525,1,6,2,0,21,1501,517]
d: [2,1526,1,3,1,0,21,1525,514]
s: 1526
d: [2,1503,1,9,3,0,40,483,524]
d: [2,1527,1,6,2,0,21,1503,525]
d: [2,1528,1,3,1,0,21,1527,523]
s: 1528
d: [2,1570,1,5,2,1,40,495,639]
d: [2,1587,1,3,1,2,21,1570,928]
a: [3,1591,1,3,1,1587]
s: 1591
d: [2,1572,1,5,2,1,40,495,921]
d: [2,1599,1,3,1,2,21,1572,909]
a: [3,1603,1,3,1,1599]
s: 1603
d: [2,1573,1,5,2,1,40,495,684]
a: [3,1608,1,3,1,1573]
s: 1608
d: [2,1574,1,5,2,1,40,495,689]
d: [2,1610,1,3,1,2,21,1574,909]
a: [3,1614,1,3,1,1610]
s: 1614
d: [2,1575,1,5,2,1,40,495,669]
a: [3,1619,1,3,1,1575]
s: 1619
d: [2,1576,1,5,2,1,40,495,674]
d: [2,1621,1,3,1,2,21,1576,909]
a: [3,1625,1,3,1,1621]
s: 1625
d: [2,1682,1,9,3,0,40,436,397]
d: [2,1707,1,7,2,1,21,1682,928]
a: [3,1715,1,3,1,1707]
s: 1715
d: [2,1683,1,9,3,0,40,436,399]
d: [2,1717,1,7,2,1,21,1683,928]
a: [3,1725,1,3,1,1717]
s: 1725
d: [2,1684,1,9,3,0,40,436,402]
d: [2,1727,1,7,2,1,21,1684,928]
a: [3,1735,1,3,1,1727]
s: 1735
d: [2,1686,1,7,2,0,40,436,518]
a: [3,1753,1,3,1,1686]
s: 1753
d: [2,1687,1,7,2,0,40,436,520]
a: [3,1762,1,3,1,1687]
s: 1762
d: [2,1845,1,8,3,1,44,533,654]
d: [2,1846,1,5,2,2,21,1845,921]
d: [2,1847,1,3,1,3,21,1846,909]
a: [3,1851,1,3,1,1847]
s: 1851
d: [2,2084,1,9,3,1,40,2082,649]
d: [2,2091,1,5,2,2,21,2084,644]
d: [2,2092,1,3,1,3,21,2091,909]
a: [3,2096,1,3,1,2092]
s: 2096
d: [2,2339,1,15,4,0,40,2331,387]
d: [2,2346,1,13,3,1,21,2339,1448]
s: 2346
d: [2,1122,1,4,1,0,40,496,504]
s: 1122
d: [2,1010,2,3,1,0,40,988,406]
s: 1010
d: [2,1135,1,4,1,0,40,497,505]
s: 1135
d: [2,1011,2,3,1,0,40,989,406]
s: 1011
d: [2,1136,1,4,1,0,40,497,513]
s: 1136
d: [2,1352,1,4,1,0,40,498,518]
s: 1352
d: [2,1012,2,3,1,0,40,1002,410]
s: 1012
d: [2,1353,1,4,1,0,40,498,520]
s: 1353
d: [2,1013,2,3,1,0,40,1003,410]
s: 1013
d: [2,1571,1,7,2,1,40,495,644]
d: [2,1593,1,4,1,1,21,1571,382]
a: [3,1597,1,4,1,1593]
s: 1597
a: [3,1710,1,4,1,1707]
s: 1710
d: [2,1014,2,3,1,0,40,1006,420]
s: 1014
a: [3,1720,1,4,1,1717]
s: 1720
d: [2,1015,2,3,1,0,40,1006,419]
s: 1015
a: [3,1730,1,4,1,1727]
s: 1730
d: [2,1685,1,9,2,0,40,436,506]
a: [3,1744,1,4,1,1685]
s: 1744
d: [2,1017,2,3,1,0,40,1007,420]
s: 1017
a: [3,1748,1,4,1,1686]
s: 1748
d: [2,1018,2,3,1,0,40,1007,419]
s: 1018
a: [3,1757,1,4,1,1687]
s: 1757
d: [2,1890,1,9,3,1,44,534,654]
d: [2,1894,1,6,2,2,21,1890,921]
d: [2,1895,1,4,1,3,21,1894,909]
a: [3,1899,1,4,1,1895]
s: 1899
d: [2,2613,2,2,1,1,44,381,1899]
a: [3,2622,2,2,1,2613]
s: 2622
d: [2,1043,1,5,2,2,44,921,1016]
s: 1043
d: [2,1498,2,9,3,0,40,483,1036]
d: [2,1513,2,6,2,0,21,1498,1038]
d: [2,1514,2,3,1,0,21,1513,1034]
s: 1514
d: [2,1154,1,5,2,0,40,407,506]
s: 1154
d: [2,1212,1,5,2,0,40,416,506]
s: 1212
d: [2,2512,2,3,1,1,40,1066,410]
a: [3,2516,2,3,1,2512]
s: 2516
d: [2,1276,1,5,2,0,40,417,506]
s: 1276
d: [2,2518,2,3,1,1,40,1591,527]
a: [3,2524,2,3,1,2518]
s: 2524
d: [2,1324,1,5,2,0,40,421,506]
s: 1324
d: [2,1351,1,5,1,0,40,498,506]
s: 1351
d: [2,2526,2,3,1,1,40,1603,527]
a: [3,2533,2,3,1,2526]
s: 2533
d: [2,1383,1,5,2,0,40,405,520]
s: 1383
d: [2,2535,2,3,1,1,40,1608,527]
a: [3,2541,2,3,1,2535]
s: 2541
d: [2,1412,1,5,2,0,40,408,520]
s: 1412
d: [2,1433,1,5,2,0,40,409,518]
s: 1433
d: [2,2543,2,3,1,1,40,1614,527]
a: [3,2549,2,3,1,2543]
s: 2549
d: [2,1434,1,5,2,0,40,409,520]
s: 1434
d: [2,2551,2,3,1,1,40,1619,527]
a: [3,2557,2,3,1,2551]
s: 2557
d: [2,1463,1,5,2,0,40,418,520]
s: 1463
d: [2,1481,1,5,2,0,40,429,520]
s: 1481
d: [2,2559,2,3,1,1,40,1625,527]
a: [3,2565,2,3,1,2559]
s: 2565
d: [2,1583,1,8,2,0,40,495,518]
d: [2,1637,1,5,1,0,21,1583,382]
s: 1637
d: [2,2567,2,3,1,1,40,1851,496]
a: [3,2573,2,3,1,2567]
s: 2573
d: [2,1584,1,8,2,0,40,495,520]
d: [2,1638,1,5,1,0,21,1584,382]
s: 1638
a: [3,1739,1,5,1,1685]
s: 1739
d: [2,2575,2,5,2,1,40,2096,495]
d: [2,2581,2,3,1,2,21,2575,1487]
a: [3,2585,2,3,1,2581]
s: 2585
d: [2,1872,1,9,3,0,40,389,520]
d: [2,1889,1,5,2,0,21,1872,521]
s: 1889
d: [2,2590,2,3,1,0,40,1122,492]
s: 2590
d: [2,1042,1,6,2,2,44,649,1016]
s: 1042
d: [2,1096,1,6,2,0,40,470,519]
s: 1096
d: [2,2609,2,3,1,1,44,384,1899]
a: [3,2617,2,3,1,2609]
s: 2617
d: [2,1137,1,6,2,0,40,497,391]
s: 1137
d: [2,2631,3,3,1,1,40,2516,420]
a: [3,2636,3,3,1,2631]
s: 2636
d: [2,1155,1,6,2,0,40,407,518]
s: 1155
d: [2,1156,1,6,2,0,40,407,520]
s: 1156
d: [2,2632,3,3,1,1,40,2516,419]
a: [3,2641,3,3,1,2632]
s: 2641
d: [2,1213,1,6,2,0,40,416,518]
s: 1213
d: [2,2670,3,3,1,1,40,2585,527]
a: [3,2677,3,3,1,2670]
s: 2677
d: [2,1214,1,6,2,0,40,416,520]
s: 1214
d: [2,1278,1,6,2,0,40,417,520]
s: 1278
d: [2,2597,2,4,1,1,40,1597,527]
a: [3,2603,2,4,1,2597]
s: 2603
d: [2,1326,1,6,2,0,40,421,520]
s: 1326
d: [2,1139,4,4,2,2,44,1103,1016]
s: 1139
d: [2,1347,1,6,2,0,40,498,387]
s: 1347
d: [2,1348,1,6,2,0,40,498,397]
s: 1348
d: [2,1140,4,4,2,2,44,1108,1016]
s: 1140
d: [2,1349,1,6,2,0,40,498,399]
s: 1349
d: [2,2529,2,5,2,2,44,1603,1016]
s: 2529
d: [2,1350,1,6,2,0,40,498,402]
s: 1350
d: [2,1369,1,6,1,0,40,522,498]
s: 1369
d: [2,2701,3,19,6,3,40,2529,2439]
a: [3,2714,3,4,1,2701]
s: 2714
d: [2,1381,1,6,2,0,40,405,506]
s: 1381
d: [2,2766,4,3,1,1,40,2714,499]
a: [3,2770,4,3,1,2766]
s: 2770
d: [2,1410,1,6,2,0,40,408,506]
s: 1410
d: [2,1432,1,6,2,0,40,409,506]
s: 1432
d: [2,2580,2,5,2,2,44,2096,1016]
s: 2580
d: [2,1461,1,6,2,0,40,418,506]
s: 1461
d: [2,2625,2,7,3,2,40,1043,495]
d: [2,2630,2,5,2,3,21,2625,909]
s: 2630
d: [2,1479,1,6,2,0,40,429,506]
s: 1479
d: [2,1492,1,6,2,0,40,1490,519]
s: 1492
d: [2,2645,2,5,2,0,40,1324,420]
s: 2645
d: [2,1582,1,6,2,0,40,495,506]
s: 1582
d: [2,2646,2,5,2,0,40,1324,419]
s: 2646
d: [2,1656,1,6,2,0,40,430,518]
s: 1656
d: [2,1787,1,6,2,0,40,503,518]
s: 1787
d: [2,2648,2,5,2,0,40,1412,406]
s: 2648
d: [2,1788,1,6,2,0,40,503,520]
s: 1788
d: [2,2652,2,5,2,0,40,1481,422]
s: 2652
d: [2,1832,1,6,2,1,40,502,644]
s: 1832
d: [2,1871,1,9,3,0,40,389,518]
d: [2,1888,1,6,2,0,21,1871,519]
s: 1888
d: [2,2836,2,6,2,1,40,1832,1582]
d: [2,2837,2,4,1,2,21,2836,909]
a: [3,2841,2,4,1,2837]
s: 2841
d: [2,1040,1,7,3,1,44,1016,1016]
s: 1040
d: [2,2844,3,6,2,1,40,2841,495]
d: [2,2849,3,4,1,2,21,2844,1487]
a: [3,2853,3,4,1,2849]
s: 2853
d: [2,1041,1,7,2,2,44,654,1016]
s: 1041
d: [2,1374,1,7,3,0,40,405,499]
s: 1374
d: [2,2855,4,4,1,1,40,2853,527]
a: [3,2861,4,4,1,2855]
s: 2861
d: [2,1377,1,7,3,0,40,405,387]
s: 1377
d: [2,2653,2,5,2,0,40,1481,423]
s: 2653
d: [2,1378,1,7,3,0,40,405,397]
s: 1378
d: [2,1379,1,7,3,0,40,405,399]
s: 1379
d: [2,2654,2,5,2,0,40,1481,424]
s: 2654
d: [2,1380,1,7,3,0,40,405,402]
s: 1380
d: [2,2655,2,5,2,0,40,1481,425]
s: 2655
d: [2,1384,1,7,2,0,40,405,522]
s: 1384
d: [2,1403,1,7,3,0,40,408,499]
s: 1403
d: [2,2656,2,5,2,0,40,1481,426]
s: 2656
d: [2,1406,1,7,3,0,40,408,387]
s: 1406
d: [2,2657,2,5,2,0,40,1481,427]
s: 2657
d: [2,1407,1,7,3,0,40,408,397]
s: 1407
d: [2,1408,1,7,3,0,40,408,399]
s: 1408
d: [2,2660,2,5,1,0,40,1637,527]
s: 2660
d: [2,1409,1,7,3,0,40,408,402]
s: 1409
d: [2,2667,2,5,1,0,40,1638,527]
s: 2667
d: [2,1413,1,7,2,0,40,408,522]
s: 1413
d: [2,1425,1,7,3,0,40,409,499]
s: 1425
d: [2,2681,2,11,4,2,40,1042,2082]
d: [2,2682,2,7,3,3,21,2681,644]
d: [2,2683,2,5,2,4,21,2682,909]
s: 2683
d: [2,1429,1,7,3,0,40,409,397]
s: 1429
d: [2,2673,3,5,2,2,44,2585,1016]
s: 2673
d: [2,1431,1,7,3,0,40,409,402]
s: 1431
d: [2,1435,1,7,2,0,40,409,522]
s: 1435
d: [2,2921,4,19,6,3,40,2673,2439]
a: [3,2934,4,4,1,2921]
s: 2934
d: [2,1454,1,7,3,0,40,418,499]
s: 1454
d: [2,2987,5,3,1,1,40,2934,499]
a: [3,2991,5,3,1,2987]
s: 2991
d: [2,1457,1,7,3,0,40,418,387]
s: 1457
d: [2,1458,1,7,3,0,40,418,397]
s: 1458
d: [2,2774,3,7,3,2,40,2580,495]
d: [2,2779,3,5,2,3,21,2774,1487]
s: 2779
d: [2,1459,1,7,3,0,40,418,399]
s: 1459
d: [2,2884,3,5,2,0,40,2653,406]
s: 2884
d: [2,1460,1,7,3,0,40,418,402]
s: 1460
d: [2,1464,1,7,2,0,40,418,522]
s: 1464
d: [2,2885,3,5,2,0,40,2654,410]
s: 2885
d: [2,1472,1,7,3,0,40,429,499]
s: 1472
d: [2,2898,3,5,2,0,40,2656,420]
s: 2898
d: [2,1475,1,7,3,0,40,429,387]
s: 1475
d: [2,1482,1,7,2,0,40,429,522]
s: 1482
d: [2,2899,3,5,2,0,40,2656,419]
s: 2899
d: [2,1569,1,10,3,0,40,495,499]
d: [2,1586,1,7,2,0,21,1569,382]
s: 1586
d: [2,2692,5,5,2,2,40,1139,1481]
s: 2692
d: [2,1578,1,10,3,0,40,495,387]
d: [2,1633,1,7,2,0,21,1578,382]
s: 1633
d: [2,1579,1,10,3,0,40,495,397]
d: [2,1634,1,7,2,0,21,1579,382]
s: 1634
d: [2,2696,5,5,2,2,40,1140,1481]
s: 2696
d: [2,1580,1,10,3,0,40,495,399]
d: [2,1635,1,7,2,0,21,1580,382]
s: 1635
d: [2,1497,2,9,3,0,40,483,1032]
d: [2,1512,2,6,2,0,21,1497,1033]
s: 1512
d: [2,1581,1,10,3,0,40,495,402]
d: [2,1636,1,7,2,0,21,1581,382]
s: 1636
d: [2,1585,1,12,2,0,40,495,522]
d: [2,1639,1,7,1,0,21,1585,382]
s: 1639
d: [2,3046,2,3,1,0,21,1512,2590]
s: 3046
d: [2,1655,1,7,2,0,40,430,506]
s: 1655
d: [2,2607,2,6,2,2,44,1899,1016]
s: 2607
d: [2,1667,1,9,3,0,40,435,418]
d: [2,1676,1,7,2,1,21,1667,619]
s: 1676
r: 2346
r: 1448
s: 1448
a: [3,1452,1,2,1,1427]
s: 1452
d: [2,1786,1,7,2,0,40,503,506]
s: 1786
d: [2,3061,2,3,1,2,40,1676,599]
a: [3,3074,2,3,1,3061]
s: 3074
d: [2,1805,1,7,3,0,40,487,520]
s: 1805
d: [2,1839,1,7,2,0,40,502,518]
s: 1839
d: [2,3062,2,6,2,1,40,1676,387]
d: [2,3076,2,4,1,2,21,3062,1448]
a: [3,3080,2,4,1,3076]
s: 3080
d: [2,1840,1,7,2,0,40,502,520]
s: 1840
d: [2,3063,2,6,2,1,40,1676,397]
d: [2,3082,2,4,1,2,21,3063,928]
a: [3,3086,2,4,1,3082]
s: 3086
d: [2,2111,1,9,3,1,40,2107,644]
d: [2,2121,1,7,2,2,21,2111,909]
s: 2121
d: [2,1150,1,8,3,0,40,407,387]
s: 1150
d: [2,3064,2,6,2,1,40,1676,399]
d: [2,3088,2,4,1,2,21,3064,928]
a: [3,3092,2,4,1,3088]
s: 3092
d: [2,1151,1,8,3,0,40,407,397]
s: 1151
d: [2,3065,2,6,2,1,40,1676,402]
d: [2,3094,2,4,1,2,21,3065,928]
a: [3,3098,2,4,1,3094]
s: 3098
d: [2,1152,1,8,3,0,40,407,399]
s: 1152
d: [2,1153,1,8,3,0,40,407,402]
s: 1153
d: [2,3069,2,4,1,1,40,1676,518]
a: [3,3108,2,4,1,3069]
s: 3108
d: [2,1208,1,8,3,0,40,416,387]
s: 1208
d: [2,3070,2,4,1,1,40,1676,520]
a: [3,3113,2,4,1,3070]
s: 3113
d: [2,1209,1,8,3,0,40,416,397]
s: 1209
d: [2,1210,1,8,3,0,40,416,399]
s: 1210
d: [2,3068,2,5,1,1,40,1676,506]
a: [3,3103,2,5,1,3068]
s: 3103
d: [2,1211,1,8,3,0,40,416,402]
s: 1211
d: [2,2772,2,6,2,0,40,1410,406]
s: 2772
d: [2,1272,1,8,3,0,40,417,387]
s: 1272
d: [2,1273,1,8,3,0,40,417,397]
s: 1273
d: [2,2780,2,6,2,0,40,1479,422]
s: 2780
d: [2,1274,1,8,3,0,40,417,399]
s: 1274
d: [2,2781,2,6,2,0,40,1479,423]
s: 2781
d: [2,1275,1,8,3,0,40,417,402]
s: 1275
d: [2,1320,1,8,3,0,40,421,387]
s: 1320
d: [2,2782,2,6,2,0,40,1479,424]
s: 2782
d: [2,1321,1,8,3,0,40,421,397]
s: 1321
d: [2,2783,2,6,2,0,40,1479,425]
s: 2783
d: [2,1322,1,8,3,0,40,421,399]
s: 1322
d: [2,1323,1,8,3,0,40,421,402]
s: 1323
d: [2,2784,2,6,2,0,40,1479,426]
s: 2784
d: [2,1365,1,8,3,0,40,499,421]
s: 1365
d: [2,3172,2,5,2,0,40,1365,526]
s: 3172
d: [2,1366,1,8,3,0,40,499,417]
s: 1366
d: [2,1367,1,8,3,0,40,499,416]
s: 1367
d: [2,3184,2,5,2,0,40,1366,526]
s: 3184
d: [2,1368,1,8,3,0,40,499,407]
s: 1368
d: [2,3196,2,5,2,0,40,1367,526]
s: 3196
d: [2,1370,1,8,2,0,40,522,421]
s: 1370
d: [2,1648,1,8,3,0,40,430,499]
s: 1648
d: [2,3208,2,5,2,0,40,1368,526]
s: 3208
d: [2,1651,1,8,3,0,40,430,387]
s: 1651
d: [2,3220,2,5,2,0,40,1648,526]
s: 3220
d: [2,1670,1,8,2,0,40,435,498]
s: 1670
r: 1448
a: [3,1447,1,2,1,1427]
s: 1447
d: [2,3234,2,4,1,1,40,1670,599]
a: [3,3247,2,4,1,3234]
s: 3247
d: [2,1666,1,9,3,0,40,435,409]
a: [3,3131,1,7,2,1666]
s: 3131
r: 1447
r: 3131
s: 1448
d: [2,1678,1,8,3,0,40,436,499]
s: 1678
d: [2,1770,1,8,2,0,40,491,498]
s: 1770
d: [2,3296,3,5,2,1,40,3247,1425]
d: [2,3300,3,3,1,2,21,3296,1447]
a: [3,3304,3,3,1,3300]
s: 3304
d: [2,1777,1,8,3,0,40,503,499]
s: 1777
d: [2,3354,3,7,2,1,40,1678,3247]
d: [2,3363,3,3,1,2,21,3354,594]
a: [3,3367,3,3,1,3363]
s: 3367
d: [2,1782,1,8,3,0,40,503,387]
s: 1782
d: [2,1789,1,8,2,0,40,503,522]
s: 1789
d: [2,3379,4,9,3,1,40,3304,463]
a: [3,3387,4,3,1,3379]
s: 3387
d: [2,1803,1,8,3,0,40,487,506]
s: 1803
d: [2,3235,2,7,2,0,40,1670,387]
d: [2,3249,2,5,1,1,21,3235,1448]
a: [3,3253,2,5,1,3249]
s: 3253
d: [2,1838,1,8,2,0,40,502,506]
s: 1838
d: [2,2243,1,14,5,1,40,709,501]
a: [3,2247,1,8,3,2243]
s: 2247
d: [2,3423,3,9,2,1,40,3253,1678]
a: [3,3438,3,4,1,3423]
s: 3438
d: [2,1671,1,12,3,0,40,435,495]
d: [2,1677,1,9,2,0,21,1671,382]
s: 1677
d: [2,3236,2,7,2,0,40,1670,397]
d: [2,3255,2,5,1,1,21,3236,928]
a: [3,3259,2,5,1,3255]
s: 3259
d: [2,1764,1,9,3,0,40,491,405]
s: 1764
d: [2,1765,1,9,3,0,40,491,408]
s: 1765
d: [2,3468,3,9,2,1,40,3259,1678]
a: [3,3483,3,4,1,3468]
s: 3483
d: [2,1766,1,9,3,0,40,491,409]
s: 1766
d: [2,3237,2,7,2,0,40,1670,399]
d: [2,3261,2,5,1,1,21,3237,928]
a: [3,3265,2,5,1,3261]
s: 3265
d: [2,1767,1,9,3,0,40,491,418]
s: 1767
d: [2,1768,1,9,3,0,40,491,429]
s: 1768
d: [2,3489,3,9,2,1,40,3265,1678]
a: [3,3504,3,4,1,3489]
s: 3504
d: [2,1771,1,14,3,0,40,491,495]
d: [2,1776,1,9,2,0,21,1771,382]
s: 1776
d: [2,3238,2,7,2,0,40,1670,402]
d: [2,3267,2,5,1,1,21,3238,928]
a: [3,3271,2,5,1,3267]
s: 3271
d: [2,1794,1,9,4,0,40,487,499]
s: 1794
d: [2,1799,1,9,4,0,40,487,387]
s: 1799
d: [2,3519,3,9,2,1,40,3271,1678]
a: [3,3534,3,4,1,3519]
s: 3534
d: [2,1800,1,9,4,0,40,487,397]
s: 1800
d: [2,3242,2,5,1,0,40,1670,518]
a: [3,3281,2,5,1,3242]
s: 3281
d: [2,1801,1,9,4,0,40,487,399]
s: 1801
d: [2,1802,1,9,4,0,40,487,402]
s: 1802
d: [2,3560,3,9,2,1,40,3281,1678]
a: [3,3576,3,4,1,3560]
s: 3576
d: [2,1829,1,9,3,0,40,502,499]
s: 1829
d: [2,3587,3,7,2,1,40,1829,3247]
s: 3587
d: [2,1834,1,9,3,0,40,502,387]
s: 1834
d: [2,1835,1,9,3,0,40,502,397]
s: 1835
d: [2,3609,4,8,2,1,40,3587,1582]
a: [3,3617,4,5,1,3609]
s: 3617
r: 3617
d: [2,1836,1,9,3,0,40,502,399]
s: 1836
a: [3,3613,4,3,1,3609]
s: 3613
r: 3613
d: [2,1837,1,9,3,0,40,502,402]
s: 1837
d: [2,1841,1,9,2,0,40,502,522]
s: 1841
a: [3,3612,4,3,1,3609]
s: 3612
d: [2,1843,1,9,3,0,40,533,490]
s: 1843
d: [2,3634,5,4,1,1,40,3617,432]
a: [3,3643,5,4,1,3634]
s: 3643
d: [2,1844,1,9,3,0,40,533,489]
s: 1844
d: [2,1892,1,14,5,0,44,533,534]
d: [2,1893,1,9,3,0,18,1892]
s: 1893
d: [2,3637,5,6,2,1,40,3617,417]
d: [2,3651,5,4,1,2,21,3637,619]
a: [3,3655,5,4,1,3651]
s: 3655
d: [2,1658,1,10,2,0,40,430,522]
s: 1658
d: [2,3638,5,6,2,1,40,3617,416]
d: [2,3657,5,4,1,2,21,3638,619]
a: [3,3661,5,4,1,3657]
s: 3661
d: [2,1772,1,10,3,0,40,491,421]
s: 1772
d: [2,1774,1,10,3,0,40,491,416]
s: 1774
d: [2,3740,6,12,3,1,40,3655,483]
d: [2,3741,6,8,2,2,21,3740,3643]
a: [3,3745,6,4,1,3741]
s: 3745
d: [2,1778,1,10,3,0,40,503,491]
s: 1778
s: 3617
d: [2,1842,1,10,3,0,40,533,496]
s: 1842
d: [2,1861,1,10,4,0,40,389,499]
s: 1861
d: [2,3767,3,11,3,1,40,1861,3253]
d: [2,3785,3,9,2,2,21,3767,928]
a: [3,3789,3,4,1,3785]
s: 3789
d: [2,1904,1,10,3,0,40,549,432]
s: 1904
d: [2,3635,5,7,2,1,40,3617,495]
d: [2,3645,5,5,1,2,21,3635,928]
a: [3,3649,5,5,1,3645]
s: 3649
d: [2,1907,1,12,4,0,40,549,417]
d: [2,1911,1,10,3,1,21,1907,619]
s: 1911
d: [2,1908,1,12,4,0,40,549,416]
d: [2,1912,1,10,3,1,21,1908,619]
s: 1912
d: [2,3835,6,5,1,1,40,3649,527]
a: [3,3841,6,5,1,3835]
s: 3841
d: [2,1913,1,10,3,0,40,550,432]
s: 1913
d: [2,3588,3,8,2,1,40,1829,3253]
s: 3588
d: [2,1916,1,12,4,0,40,550,417]
d: [2,1920,1,10,3,1,21,1916,619]
s: 1920
d: [2,1917,1,12,4,0,40,550,416]
d: [2,1921,1,10,3,1,21,1917,619]
s: 1921
d: [2,3851,4,10,2,1,40,3588,1582]
d: [2,3852,4,6,1,2,21,3851,3789]
a: [3,3856,4,6,1,3852]
s: 3856
r: 1448
r: 3588
r: 3253
r: 3856
s: 1447
a: [3,3252,2,5,1,3249]
s: 3252
s: 3131
d: [2,2083,1,16,5,0,40,2082,535]
d: [2,2089,1,12,4,1,21,2083,644]
d: [2,2090,1,10,3,2,21,2089,909]
s: 2090
a: [3,3855,4,6,1,3852]
s: 3855
d: [2,2099,1,16,5,0,40,2098,535]
d: [2,2105,1,12,4,1,21,2099,644]
d: [2,2106,1,10,3,2,21,2105,909]
s: 2106
d: [2,3916,2,11,4,2,40,2090,421]
a: [3,3927,2,2,1,3916]
s: 3927
d: [2,2260,1,10,3,0,40,549,432]
s: 2260
d: [2,2263,1,12,4,0,40,549,417]
d: [2,2267,1,10,3,1,21,2263,619]
s: 2267
d: [2,3310,2,6,2,1,40,3131,397]
d: [2,3319,2,4,1,2,21,3310,928]
a: [3,3323,2,4,1,3319]
s: 3323
d: [2,2264,1,12,4,0,40,549,416]
d: [2,2268,1,10,3,1,21,2264,619]
s: 2268
d: [2,3311,2,6,2,1,40,3131,399]
d: [2,3325,2,4,1,2,21,3311,928]
a: [3,3329,2,4,1,3325]
s: 3329
d: [2,2269,1,10,3,0,40,550,432]
s: 2269
d: [2,2272,1,12,4,0,40,550,417]
d: [2,2276,1,10,3,1,21,2272,619]
s: 2276
d: [2,3312,2,6,2,1,40,3131,402]
d: [2,3331,2,4,1,2,21,3312,928]
a: [3,3335,2,4,1,3331]
s: 3335
d: [2,2273,1,12,4,0,40,550,416]
d: [2,2277,1,10,3,1,21,2273,619]
s: 2277
d: [2,3316,2,4,1,1,40,3131,518]
a: [3,3345,2,4,1,3316]
s: 3345
d: [2,1489,1,11,4,0,40,463,401]
s: 1489
d: [2,1679,1,11,3,0,40,436,435]
s: 1679
r: 1160
r: 1169
r: 1194
r: 1261
r: 1419
r: 1690
r: 1700
r: 1710
r: 1715
r: 1720
r: 1725
r: 1730
r: 1735
r: 1757
r: 1762
r: 1810
r: 2139
r: 2200
r: 2212
r: 2714
r: 3080
r: 3252
r: 3387
r: 3483
r: 3612
r: 3617
r: 3649
r: 3655
r: 3661
r: 3745
r: 3789
r: 3841
r: 3855
r: 1447
a: [3,1198,1,2,1,1149]
s: 1198
s: 1261
s: 1419
s: 1448
s: 1194
d: [2,2157,2,4,2,1,40,1885,1490]
a: [3,2171,2,2,1,2157]
s: 2171
s: 1690
a: [3,3383,4,3,1,3379]
s: 3383
s: 1700
d: [2,1927,1,9,3,1,40,443,599]
d: [2,1935,1,7,2,2,21,1927,1695]
a: [3,1939,1,4,1,1935]
s: 1939
r: 1939
a: [3,3390,4,3,1,3379]
s: 3390
a: [3,1938,1,4,1,1935]
s: 1938
d: [2,3293,3,6,2,1,40,3247,1368]
a: [3,4063,3,3,1,3293]
s: 4063
a: [3,1164,1,2,1,1143]
s: 1164
s: 1169
s: 3613
a: [3,1173,1,2,1,1144]
s: 1173
r: 1173
s: 3387
a: [3,1172,1,2,1,1144]
s: 1172
a: [3,1182,1,2,1,1145]
s: 1182
d: [2,3671,5,3,1,1,40,3613,422]
a: [3,3684,5,3,1,3671]
s: 3684
d: [2,1147,1,4,2,1,40,407,669]
a: [3,1188,1,2,1,1147]
s: 1188
d: [2,3672,5,3,1,1,40,3613,423]
a: [3,3689,5,3,1,3672]
s: 3689
a: [3,1714,1,3,1,1707]
s: 1714
a: [3,1724,1,3,1,1717]
s: 1724
d: [2,3673,5,3,1,1,40,3613,424]
a: [3,3694,5,3,1,3673]
s: 3694
a: [3,1734,1,3,1,1727]
s: 1734
d: [2,3675,5,3,1,1,40,3613,426]
a: [3,3699,5,3,1,3675]
s: 3699
a: [3,1761,1,3,1,1687]
s: 1761
a: [3,1711,1,4,1,1707]
s: 1711
d: [2,3678,5,3,1,3,40,3613,1139]
a: [3,3705,5,3,1,3678]
s: 3705
a: [3,1721,1,4,1,1717]
s: 1721
d: [2,3679,5,3,1,3,40,3613,1140]
a: [3,3710,5,3,1,3679]
s: 3710
a: [3,1731,1,4,1,1727]
s: 1731
a: [3,1758,1,4,1,1687]
s: 1758
s: 3080
a: [3,1817,1,7,2,1796]
s: 1817
d: [2,4341,2,6,2,1,40,1817,387]
d: [2,4350,2,4,1,2,21,4341,1448]
a: [3,4354,2,4,1,4350]
s: 4354
d: [2,1830,1,11,3,0,40,502,491]
s: 1830
d: [2,1831,1,11,3,0,40,502,435]
s: 1831
d: [2,3766,3,9,3,1,40,1861,3247]
d: [2,4191,3,7,2,2,21,3766,928]
a: [3,4195,3,4,1,4191]
s: 4195
d: [2,1866,1,11,4,0,40,389,387]
s: 1866
d: [2,4373,3,12,3,1,40,4354,483]
a: [3,4377,3,4,1,4373]
s: 4377
d: [2,1870,1,11,3,0,40,389,506]
s: 1870
d: [2,1863,1,13,4,0,40,389,435]
d: [2,1877,1,11,3,1,21,1863,928]
s: 1877
a: [3,3660,5,4,1,3657]
s: 3660
d: [2,4470,6,0,0,2,52,3074,3660,1212]
e: 4470
d: [2,4471,6,0,0,2,52,3074,506,3660,416]
e: 4471
d: [2,4472,6,3,1,1,40,3660,1212]
d: [2,4475,6,0,0,2,21,4472,3074]
e: 4475
r: 3660
d: [2,1905,1,13,4,0,40,549,495]
d: [2,1910,1,11,3,1,21,1905,928]
s: 1910
a: [3,3654,5,4,1,3651]
s: 3654
d: [2,4480,6,0,0,2,52,3074,3654,1276]
e: 4480
d: [2,4481,6,0,0,2,52,3074,506,3654,417]
e: 4481
d: [2,4482,6,3,1,1,40,3654,1276]
d: [2,4485,6,0,0,2,21,4482,3074]
e: 4485
r: 3643
r: 3654
d: [2,1914,1,13,4,0,40,550,495]
d: [2,1919,1,11,3,1,21,1914,928]
s: 1919
d: [2,1922,1,16,5,0,44,535,537]
d: [2,1924,1,11,3,0,18,1922]
s: 1924
a: [3,3642,5,4,1,3634]
s: 3642
d: [2,4562,6,0,0,2,52,3689,3642,1154]
e: 4562
d: [2,4563,6,0,0,2,52,3689,506,3642,407]
e: 4563
d: [2,4564,6,3,1,1,40,3642,1154]
d: [2,4567,6,0,0,2,21,4564,3689]
e: 4567
r: 3642
d: [2,2087,1,17,5,0,40,2082,2081]
d: [2,2088,1,11,3,0,18,2087]
s: 2088
s: 3655
d: [2,2103,1,17,5,0,40,2098,2081]
d: [2,2104,1,11,3,0,18,2103]
s: 2104
d: [2,2114,1,14,4,0,40,2107,397]
d: [2,2123,1,11,3,0,21,2114,398]
s: 2123
s: 3661
d: [2,2115,1,14,4,0,40,2107,399]
d: [2,2124,1,11,3,0,21,2115,400]
s: 2124
s: 3745
d: [2,2261,1,13,4,0,40,549,495]
d: [2,2266,1,11,3,1,21,2261,928]
s: 2266
d: [2,2270,1,13,4,0,40,550,495]
d: [2,2275,1,11,3,1,21,2270,928]
s: 2275
s: 3253
d: [2,1769,1,12,3,0,40,491,430]
s: 1769
a: [3,3793,3,5,1,3785]
s: 3793
d: [2,1925,1,12,4,0,40,443,499]
s: 1925
d: [2,1981,1,12,4,0,40,444,499]
s: 1981
a: [3,3616,4,5,1,3609]
s: 3616
d: [2,2031,1,12,4,0,40,445,499]
s: 2031
a: [3,3648,5,5,1,3645]
s: 3648
d: [2,2108,1,12,4,0,40,2107,499]
s: 2108
d: [2,2119,1,12,3,0,40,2107,520]
s: 2119
d: [2,3860,5,5,1,1,40,3856,432]
a: [3,3869,5,5,1,3860]
s: 3869
d: [2,1873,1,13,3,0,40,389,522]
s: 1873
d: [2,3863,5,7,2,1,40,3856,417]
d: [2,3877,5,5,1,2,21,3863,619]
a: [3,3881,5,5,1,3877]
s: 3881
d: [2,2344,1,13,3,0,40,2331,518]
s: 2344
d: [2,2345,1,13,3,0,40,2331,520]
s: 2345
d: [2,3864,5,7,2,1,40,3856,416]
d: [2,3883,5,5,1,2,21,3864,619]
a: [3,3887,5,5,1,3883]
s: 3887
d: [2,2340,1,15,4,0,40,2331,397]
d: [2,2347,1,13,3,1,21,2340,928]
s: 2347
d: [2,4728,6,15,3,1,40,3881,483]
d: [2,4729,6,10,2,2,21,4728,3869]
a: [3,4733,6,5,1,4729]
s: 4733
d: [2,2341,1,15,4,0,40,2331,399]
d: [2,2348,1,13,3,1,21,2341,928]
s: 2348
d: [2,2342,1,15,4,0,40,2331,402]
d: [2,2349,1,13,3,1,21,2342,928]
s: 2349
s: 3856
a: [3,3127,1,13,3,2339]
s: 3127
d: [2,3861,5,8,2,1,40,3856,495]
d: [2,3871,5,6,1,2,21,3861,928]
a: [3,3875,5,6,1,3871]
s: 3875
d: [2,1862,1,14,4,0,40,389,491]
s: 1862
d: [2,2109,1,14,4,0,40,2107,491]
s: 2109
d: [2,4743,6,6,1,1,40,3875,527]
a: [3,4749,6,6,1,4743]
s: 4749
d: [2,2113,1,14,4,0,40,2107,387]
s: 2113
d: [2,4680,3,8,2,1,40,3253,1829]
s: 4680
d: [2,2116,1,14,4,0,40,2107,402]
s: 2116
d: [2,2120,1,14,3,0,40,2107,522]
s: 2120
a: [3,2710,3,2,1,2701]
s: 2710
d: [2,2336,1,14,4,0,40,2331,499]
s: 2336
d: [2,3457,2,8,3,1,40,2247,402]
d: [2,4141,2,6,2,2,21,3457,928]
a: [3,4145,2,3,1,4141]
s: 4145
d: [2,2117,1,15,3,0,40,2107,506]
s: 2117
d: [2,2343,1,15,3,0,40,2331,506]
s: 2343
d: [2,3462,2,6,2,1,40,2247,520]
a: [3,4152,2,3,1,3462]
s: 4152
d: [2,2388,1,17,5,0,40,2378,418]
d: [2,2403,1,15,4,1,21,2388,619]
s: 2403
d: [2,4795,2,11,3,2,40,2403,599]
s: 4795
d: [2,2391,1,19,6,0,40,2378,487]
a: [3,2406,1,15,4,2391]
s: 2406
d: [2,2387,1,17,5,0,40,2378,409]
a: [3,3123,1,15,4,2387]
s: 3123
d: [2,4814,2,11,3,2,40,2406,599]
s: 4814
d: [2,1926,1,16,4,0,40,443,435]
s: 1926
d: [2,4833,2,11,3,2,40,3123,599]
s: 4833
d: [2,1982,1,16,4,0,40,444,435]
s: 1982
d: [2,2032,1,16,4,0,40,445,435]
s: 2032
d: [2,4271,2,3,1,1,40,1711,501]
a: [3,4285,2,3,1,4271]
s: 4285
d: [2,2110,1,16,4,0,40,2107,435]
s: 2110
d: [2,4291,2,3,1,1,40,1721,501]
a: [3,4305,2,3,1,4291]
s: 4305
d: [2,2141,1,21,5,0,44,433,534]
d: [2,2145,1,18,4,1,21,2141,674]
d: [2,2146,1,16,3,2,21,2145,909]
s: 2146
d: [2,2173,1,21,5,0,44,434,534]
d: [2,2177,1,18,4,1,21,2173,689]
d: [2,2178,1,16,3,2,21,2177,909]
s: 2178
d: [2,4796,2,15,4,1,40,2403,387]
d: [2,4807,2,13,3,2,21,4796,1448]
s: 4807
d: [2,2182,1,16,4,0,40,454,432]
s: 2182
d: [2,4815,2,15,4,1,40,2406,387]
d: [2,4826,2,13,3,2,21,4815,1448]
s: 4826
d: [2,2185,1,18,5,0,40,454,417]
d: [2,2189,1,16,4,1,21,2185,619]
s: 2189
d: [2,2186,1,18,5,0,40,454,416]
d: [2,2190,1,16,4,1,21,2186,619]
s: 2190
d: [2,4909,2,12,3,2,40,2189,599]
s: 4909
r: 4826
r: 4807
r: 1448
s: 1447
d: [2,4947,3,8,2,2,40,4909,599]
a: [3,4962,3,4,1,4947]
s: 4962
s: 1810
d: [2,2257,1,16,4,0,40,432,454]
s: 2257
d: [2,5060,4,12,3,1,40,4962,483]
a: [3,5064,4,4,1,5060]
s: 5064
d: [2,2278,1,21,5,0,44,433,534]
d: [2,2284,1,18,4,1,21,2278,674]
d: [2,2285,1,16,3,2,21,2284,909]
s: 2285
d: [2,4949,3,12,3,2,40,4909,397]
d: [2,4978,3,10,2,3,21,4949,928]
a: [3,4982,3,5,1,4978]
s: 4982
d: [2,2296,1,21,5,0,44,434,534]
d: [2,2302,1,18,4,1,21,2296,689]
d: [2,2303,1,16,3,2,21,2302,909]
s: 2303
d: [2,2392,1,16,4,0,40,2378,498]
s: 2392
d: [2,4950,3,12,3,2,40,4909,399]
d: [2,4988,3,10,2,3,21,4950,928]
a: [3,4992,3,5,1,4988]
s: 4992
d: [2,2383,1,20,5,0,40,2378,436]
d: [2,2401,1,16,4,0,21,2383,2331]
s: 2401
d: [2,4951,3,12,3,2,40,4909,402]
d: [2,4998,3,10,2,3,21,4951,928]
a: [3,5002,3,5,1,4998]
s: 5002
d: [2,2187,1,18,5,0,40,454,407]
a: [3,4119,1,16,4,2187]
s: 4119
d: [2,2183,1,19,5,0,40,454,495]
d: [2,2188,1,17,4,1,21,2183,928]
s: 2188
d: [2,4955,3,10,2,2,40,4909,518]
a: [3,5024,3,5,1,4955]
s: 5024
r: 2344
r: 3345
r: 3576
r: 3281
r: 3108
d: [2,5173,1,11,3,1,23,2344,5024]
s: 5173
d: [2,4956,3,10,2,2,40,4909,520]
a: [3,5029,3,5,1,4956]
s: 5029
d: [2,2337,1,17,4,0,40,2331,435]
s: 2337
d: [2,2396,1,20,5,0,40,2378,495]
d: [2,2408,1,17,4,0,21,2396,382]
s: 2408
d: [2,5075,4,15,3,1,40,4982,483]
a: [3,5079,4,5,1,5075]
s: 5079
d: [2,2241,1,19,5,1,40,709,527]
s: 2241
d: [2,5106,4,15,3,1,40,4992,483]
a: [3,5110,4,5,1,5106]
s: 5110
d: [2,2242,1,19,5,1,40,709,488]
s: 2242
d: [2,2309,1,19,5,1,40,709,527]
s: 2309
d: [2,5126,4,15,3,1,40,5002,483]
a: [3,5130,4,5,1,5126]
s: 5130
d: [2,2310,1,19,5,1,40,709,488]
s: 2310
d: [2,5187,4,15,3,1,40,5029,483]
a: [3,5191,4,5,1,5187]
s: 5191
d: [2,2314,1,19,5,1,40,713,527]
s: 2314
d: [2,2315,1,19,5,1,40,713,488]
s: 2315
d: [2,4954,3,12,2,2,40,4909,506]
a: [3,5011,3,6,1,4954]
s: 5011
d: [2,2326,1,19,5,1,40,717,527]
s: 2326
d: [2,5591,4,18,3,1,40,5011,483]
a: [3,5595,4,6,1,5591]
s: 5595
d: [2,2327,1,19,5,1,40,717,488]
s: 2327
d: [2,2393,1,19,5,0,40,2378,502]
s: 2393
d: [2,4945,3,11,3,2,40,4909,499]
s: 4945
d: [2,2129,1,24,9,0,40,547,483]
d: [2,2130,1,20,8,0,21,2129,546]
s: 2130
d: [2,4928,2,12,3,2,40,2190,599]
s: 4928
r: 1198
r: 3613
r: 3616
r: 3648
r: 5173
r: 5024
r: 5064
r: 5079
r: 5110
r: 5130
r: 5191
r: 5595
s: 2344
d: [2,5801,1,16,7,0,21,2130,548]
s: 5801
a: [3,5063,4,4,1,5060]
s: 5063
d: [2,2384,1,22,6,0,40,2378,389]
d: [2,2402,1,20,5,1,21,2384,928]
s: 2402
a: [3,5072,4,4,1,5060]
s: 5072
d: [2,2441,1,29,9,2,40,2439,713]
d: [2,2446,1,20,6,2,18,2441]
s: 2446
d: [2,2440,1,29,9,2,40,2439,709]
d: [2,2447,1,20,6,2,18,2440]
s: 2447
s: 3643
d: [2,2369,1,21,5,1,40,705,527]
s: 2369
a: [3,5020,3,5,1,4955]
s: 5020
d: [2,2370,1,21,5,1,40,705,488]
s: 2370
d: [2,2418,1,23,6,0,40,456,418]
d: [2,2433,1,21,5,1,21,2418,619]
s: 2433
d: [2,5815,3,10,2,2,40,4928,518]
a: [3,5864,3,5,1,5815]
s: 5864
d: [2,2421,1,25,7,0,40,456,487]
a: [3,2436,1,21,5,2421]
s: 2436
s: 3617
d: [2,2487,1,42,11,0,40,455,457]
d: [2,2498,1,26,7,0,18,2487]
d: [2,2501,1,21,6,0,21,2498,457]
s: 2501
d: [2,2417,1,23,6,0,40,456,409]
a: [3,3119,1,21,5,2417]
s: 3119
a: [3,5078,4,5,1,5075]
s: 5078
d: [2,2422,1,22,5,0,40,456,498]
s: 2422
a: [3,5087,4,5,1,5075]
s: 5087
d: [2,2413,1,26,6,0,40,456,436]
d: [2,2431,1,22,5,0,21,2413,457]
s: 2431
d: [2,2442,1,31,9,2,40,2439,717]
d: [2,2445,1,25,7,2,18,2442]
d: [2,2448,1,22,6,2,21,2445,502]
s: 2448
a: [3,5109,4,5,1,5106]
s: 5109
d: [2,2495,1,26,7,0,42,455]
d: [2,2496,1,22,6,0,18,2495]
s: 2496
a: [3,5118,4,5,1,5106]
s: 5118
d: [2,2486,1,43,11,0,40,455,458]
d: [2,2499,1,27,7,0,18,2486]
d: [2,2500,1,22,6,0,21,2499,458]
s: 2500
d: [2,2426,1,26,6,0,40,456,495]
d: [2,2438,1,23,5,0,21,2426,382]
s: 2438
a: [3,5129,4,5,1,5126]
s: 5129
d: [2,2423,1,25,6,0,40,456,502]
s: 2423
a: [3,5138,4,5,1,5126]
s: 5138
d: [2,2379,1,26,6,0,40,2378,2331]
s: 2379
d: [2,2395,1,26,6,0,40,2378,2107]
s: 2395
a: [3,5190,4,5,1,5187]
s: 5190
d: [2,2414,1,28,7,0,40,456,389]
d: [2,2432,1,26,6,1,21,2414,928]
s: 2432
a: [3,5199,4,5,1,5187]
s: 5199
d: [2,2443,1,35,9,2,40,2439,705]
d: [2,2444,1,29,7,2,18,2443]
d: [2,2449,1,26,6,2,21,2444,502]
s: 2449
d: [2,2491,1,28,8,0,40,455,501]
s: 2491
d: [2,5909,4,15,3,1,40,5020,483]
a: [3,5917,4,5,1,5909]
s: 5917
d: [2,2466,1,30,6,0,40,438,527]
s: 2466
s: 3649
d: [2,2467,1,30,6,0,40,438,488]
s: 2467
d: [2,2479,1,35,13,0,44,555,537]
d: [2,2480,1,30,11,0,18,2479]
s: 2480
s: 3841
d: [2,2478,1,35,13,0,44,555,537]
d: [2,2483,1,33,12,1,21,2478,1019]
d: [2,2484,1,31,11,1,21,2483,1019]
s: 2484
a: [3,5594,4,6,1,5591]
s: 5594
d: [2,2489,1,31,8,0,40,455,527]
s: 2489
d: [2,2490,1,31,8,0,40,455,488]
s: 2490
a: [3,5603,4,6,1,5591]
s: 5603
d: [2,2142,1,34,9,0,44,548,433]
d: [2,2147,1,32,8,0,21,2142,432]
s: 2147
d: [2,5802,3,11,3,2,40,4928,499]
s: 5802
d: [2,2143,1,34,9,0,44,547,433]
d: [2,2148,1,32,8,0,21,2143,432]
s: 2148
d: [2,2144,1,34,9,0,44,546,433]
d: [2,2149,1,32,8,0,21,2144,432]
s: 2149
d: [2,5142,2,12,3,2,40,4119,599]
s: 5142
r: 5072
r: 5087
r: 5138
r: 5199
r: 5917
d: [2,2174,1,34,9,0,44,548,434]
d: [2,2179,1,32,8,0,21,2174,432]
s: 2179
a: [3,5068,4,4,1,5060]
s: 5068
d: [2,2175,1,34,9,0,44,547,434]
d: [2,2180,1,32,8,0,21,2175,432]
s: 2180
d: [2,2176,1,34,9,0,44,546,434]
d: [2,2181,1,32,8,0,21,2176,432]
s: 2181
a: [3,5071,4,4,1,5060]
s: 5071
d: [2,2281,1,34,9,0,44,548,433]
d: [2,2288,1,32,8,0,21,2281,432]
s: 2288
a: [3,4996,3,5,1,4988]
s: 4996
r: 2348
r: 3329
r: 3504
r: 3265
r: 3092
d: [2,6656,1,11,3,2,23,2348,4996]
s: 6656
d: [2,2282,1,34,9,0,44,547,433]
d: [2,2289,1,32,8,0,21,2282,432]
s: 2289
a: [3,5083,4,5,1,5075]
s: 5083
d: [2,2283,1,34,9,0,44,546,433]
d: [2,2290,1,32,8,0,21,2283,432]
s: 2290
a: [3,5086,4,5,1,5075]
s: 5086
d: [2,2299,1,34,9,0,44,548,434]
d: [2,2306,1,32,8,0,21,2299,432]
s: 2306
d: [2,2300,1,34,9,0,44,547,434]
d: [2,2307,1,32,8,0,21,2300,432]
s: 2307
a: [3,5134,4,5,1,5126]
s: 5134
d: [2,2301,1,34,9,0,44,546,434]
d: [2,2308,1,32,8,0,21,2301,432]
s: 2308
a: [3,5137,4,5,1,5126]
s: 5137
d: [2,2409,1,32,7,0,40,456,2331]
s: 2409
d: [2,2425,1,32,7,0,40,456,2107]
s: 2425
a: [3,5195,4,5,1,5187]
s: 5195
d: [2,2225,1,36,10,0,44,544,433]
d: [2,2227,1,34,9,0,21,2225,432]
s: 2227
a: [3,5198,4,5,1,5187]
s: 5198
d: [2,2226,1,36,10,0,44,544,434]
d: [2,2228,1,34,9,0,21,2226,432]
s: 2228
d: [2,2279,1,36,10,0,44,544,433]
d: [2,2286,1,34,9,0,21,2279,432]
s: 2286
a: [3,5913,4,5,1,5909]
s: 5913
d: [2,2297,1,36,10,0,44,544,434]
d: [2,2304,1,34,9,0,21,2297,432]
s: 2304
a: [3,5916,4,5,1,5909]
s: 5916
d: [2,2494,1,53,10,0,40,455,2359]
d: [2,2503,1,47,9,0,21,2494,2331]
d: [2,2504,1,39,8,0,21,2503,2378]
d: [2,2505,1,34,7,0,21,2504,454]
s: 2505
d: [2,2361,1,43,7,1,40,2359,709]
d: [2,2364,1,35,6,1,21,2361,2331]
s: 2364
d: [2,6669,4,21,6,1,44,2460,4996]
a: [3,6673,4,5,1,6669]
s: 6673
d: [2,6731,5,0,0,2,52,928,6673,399]
e: 6731
d: [2,6732,5,2,1,1,40,6673,399]
d: [2,6735,5,0,0,2,21,6732,928]
e: 6735
r: 6656
r: 4996
r: 5118
r: 6673
s: 2348
a: [3,4995,3,5,1,4988]
s: 4995
d: [2,6730,1,25,5,1,21,2364,2378]
s: 6730
d: [2,2362,1,43,7,1,40,2359,713]
d: [2,2365,1,35,6,1,21,2362,2331]
s: 2365
a: [3,5114,4,5,1,5106]
s: 5114
d: [2,6757,1,25,5,1,21,2365,2378]
s: 6757
a: [3,5117,4,5,1,5106]
s: 5117
d: [2,2363,1,43,7,1,40,2359,717]
d: [2,2366,1,35,6,1,21,2363,2331]
s: 2366
d: [2,6773,1,25,5,1,21,2366,2378]
s: 6773
a: [3,6672,4,5,1,6669]
s: 6672
d: [2,2220,1,40,10,0,44,540,433]
d: [2,2222,1,38,9,0,21,2220,432]
s: 2222
d: [2,6813,5,5,2,1,40,6672,409]
d: [2,6834,5,3,1,2,21,6813,1447]
a: [3,6838,5,3,1,6834]
s: 6838
d: [2,2221,1,40,10,0,44,540,434]
d: [2,2223,1,38,9,0,21,2221,432]
s: 2223
d: [2,2280,1,40,10,0,44,540,433]
d: [2,2287,1,38,9,0,21,2280,432]
s: 2287
d: [2,6814,5,5,2,1,40,6672,418]
d: [2,6840,5,3,1,2,21,6814,619]
a: [3,6844,5,3,1,6840]
s: 6844
d: [2,2298,1,40,10,0,44,540,434]
d: [2,2305,1,38,9,0,21,2298,432]
s: 2305
d: [2,6868,6,9,3,1,40,6838,463]
a: [3,6876,6,3,1,6868]
s: 6876
d: [2,2465,1,46,10,1,40,438,2439]
d: [2,2472,1,40,8,1,18,2465]
s: 2472
d: [2,2373,1,51,7,1,40,705,2359]
d: [2,2375,1,41,6,1,21,2373,2331]
s: 2375
d: [2,6818,5,4,1,1,40,6672,498]
a: [3,6849,5,4,1,6818]
s: 6849
d: [2,6899,1,29,5,1,21,2375,2378]
s: 6899
d: [2,6822,5,8,2,1,40,6672,495]
d: [2,6852,5,5,1,1,21,6822,382]
a: [3,6856,5,5,1,6852]
s: 6856
d: [2,2492,1,47,12,0,40,455,2460]
d: [2,2502,1,42,11,0,21,2492,435]
s: 2502
d: [2,2471,1,78,8,0,40,438,2359]
d: [2,2474,1,62,7,0,21,2471,2331]
d: [2,2475,1,44,6,0,21,2474,2378]
s: 2475
d: [2,6929,6,5,1,1,40,6856,527]
a: [3,6935,6,5,1,6929]
s: 6935
d: [2,2476,1,52,13,0,44,555,433]
d: [2,2481,1,50,12,0,21,2476,432]
s: 2481
a: [3,5015,3,6,1,4954]
s: 5015
r: 2343
r: 3103
d: [2,7051,1,12,3,1,23,2343,5015]
s: 7051
d: [2,2477,1,52,13,0,44,555,434]
d: [2,2482,1,50,12,0,21,2477,432]
s: 2482
d: [2,6819,5,7,2,1,40,6672,502]
s: 6819
r: 1724
s: 1725
d: [2,7105,6,8,2,1,40,6819,1582]
d: [2,7121,6,5,1,2,21,7105,4305]
a: [3,7125,6,5,1,7121]
s: 7125
d: [2,1930,1,14,4,0,40,443,399]
d: [2,1954,1,12,3,1,21,1930,928]
a: [3,1958,1,5,1,1954]
s: 1958
d: [2,1986,1,14,4,0,40,444,399]
d: [2,2004,1,12,3,1,21,1986,928]
a: [3,2008,1,5,1,2004]
s: 2008
r: 1721
r: 2008
d: [2,7145,7,4,1,1,40,7125,432]
a: [3,7154,7,4,1,7145]
s: 7154
s: 1720
d: [2,7148,7,6,2,1,40,7125,417]
d: [2,7162,7,4,1,2,21,7148,619]
a: [3,7166,7,4,1,7162]
s: 7166
a: [3,2007,1,5,1,2004]
s: 2007
d: [2,2036,1,14,4,0,40,445,399]
d: [2,2054,1,12,3,1,21,2036,928]
a: [3,2058,1,5,1,2054]
s: 2058
r: 2058
d: [2,7149,7,6,2,1,40,7125,416]
d: [2,7168,7,4,1,2,21,7149,619]
a: [3,7172,7,4,1,7168]
s: 7172
a: [3,2057,1,5,1,2054]
s: 2057
d: [2,7236,8,12,3,1,40,7166,483]
d: [2,7237,8,8,2,2,21,7236,7154]
a: [3,7241,8,4,1,7237]
s: 7241
s: 3092
s: 3108
d: [2,7146,7,7,2,1,40,7125,495]
d: [2,7156,7,5,1,2,21,7146,928]
a: [3,7160,7,5,1,7156]
s: 7160
s: 3329
d: [2,7274,8,5,1,1,40,7160,527]
a: [3,7280,8,5,1,7274]
s: 7280
s: 3345
d: [2,3317,2,4,1,1,40,3131,520]
a: [3,3350,2,4,1,3317]
s: 3350
d: [2,6913,6,7,2,1,40,6849,1829]
s: 6913
d: [2,4013,2,9,2,0,40,1679,520]
a: [3,4026,2,4,1,4013]
s: 4026
d: [2,6821,5,12,3,1,40,6672,2107]
d: [2,6851,5,9,2,2,21,6821,4305]
s: 6851
d: [2,3897,2,6,2,1,40,3131,387]
a: [3,4203,2,4,1,3897]
s: 4203
d: [2,4260,2,4,2,2,44,1172,1016]
s: 4260
d: [2,7301,3,0,0,2,52,517,516,4260]
e: 7301
d: [2,7305,3,3,1,2,40,4260,516]
d: [2,7309,3,0,0,2,21,7305,517]
e: 7309
r: 4260
r: 1172
d: [2,7297,6,15,4,2,40,6851,2082]
d: [2,7298,6,10,3,2,21,7297,6672]
d: [2,7299,6,7,2,2,21,7298,4305]
s: 7299
s: 1173
d: [2,6592,3,11,3,2,40,5142,499]
s: 6592
d: [2,2629,2,6,3,2,40,1043,407]
a: [3,4039,2,4,2,2629]
s: 4039
r: 470
s: 1198
d: [2,7318,7,14,3,2,40,7299,2104]
d: [2,7319,7,11,2,2,21,7318,4305]
s: 7319
d: [2,4269,2,4,1,1,40,1711,527]
a: [3,4275,2,4,1,4269]
s: 4275
d: [2,7330,8,10,2,2,40,7319,432]
s: 7330
d: [2,4270,2,4,1,1,40,1711,488]
a: [3,4280,2,4,1,4270]
s: 4280
a: [3,1334,1,2,1,1312]
s: 1334
r: 1334
d: [2,7339,9,5,1,2,40,7330,6672]
a: [3,7346,9,5,1,7339]
s: 7346
a: [3,1333,1,2,1,1312]
s: 1333
d: [2,7341,9,9,2,2,40,7330,499]
s: 7341
d: [2,4289,2,4,1,1,40,1721,527]
a: [3,4295,2,4,1,4289]
s: 4295
d: [2,4290,2,4,1,1,40,1721,488]
a: [3,4300,2,4,1,4290]
s: 4300
d: [2,7372,3,0,0,3,52,4305,1720,4300,495]
e: 7372
d: [2,7374,3,7,2,1,40,4300,495]
d: [2,7380,3,4,1,2,21,7374,4305]
d: [2,7381,3,0,0,3,21,7380,1720]
e: 7381
r: 4300
d: [2,7333,8,12,3,2,40,7319,417]
d: [2,7337,8,10,2,3,21,7333,619]
s: 7337
d: [2,4308,2,4,1,1,40,1731,527]
a: [3,4314,2,4,1,4308]
s: 4314
d: [2,7384,9,5,1,3,40,7337,6672]
a: [3,7391,9,5,1,7384]
s: 7391
d: [2,4309,2,4,1,1,40,1731,488]
a: [3,4319,2,4,1,4309]
s: 4319
d: [2,4324,2,4,1,1,40,1758,527]
a: [3,4330,2,4,1,4324]
s: 4330
d: [2,7395,10,15,3,1,40,7391,483]
d: [2,7396,10,10,2,2,21,7395,7346]
a: [3,7400,10,5,1,7396]
s: 7400
d: [2,4325,2,4,1,1,40,1758,488]
a: [3,4335,2,4,1,4325]
s: 4335
d: [2,7386,9,9,2,3,40,7337,499]
s: 7386
d: [2,4349,2,4,1,1,40,1817,520]
a: [3,4371,2,4,1,4349]
s: 4371
d: [2,4442,2,9,2,1,40,1877,520]
a: [3,4464,2,4,1,4442]
s: 4464
d: [2,7334,8,12,3,2,40,7319,416]
d: [2,7338,8,10,2,3,21,7334,619]
s: 7338
d: [2,7440,11,0,0,4,52,7400,6672,7338]
e: 7440
d: [2,7441,9,5,1,3,40,7338,6672]
d: [2,7446,9,0,0,4,21,7441,7400]
e: 7446
d: [2,7442,9,7,2,3,40,7338,399]
d: [2,7448,9,2,1,4,21,7442,7400]
d: [2,7449,9,0,0,5,21,7448,928]
e: 7449
r: 7400
d: [2,4487,2,21,7,2,40,1919,2439]
d: [2,4494,2,18,6,2,18,4487]
d: [2,4495,2,15,5,2,21,4494,488]
a: [3,4506,2,4,1,4495]
s: 4506
d: [2,7454,3,0,0,1,52,526,4506,499]
e: 7454
d: [2,7455,3,3,1,1,40,4506,499]
d: [2,7457,3,0,0,1,21,7455,526]
e: 7457
r: 1447
r: 4814
r: 2406
r: 2436
r: 3119
r: 4833
r: 3123
r: 4506
s: 1448
a: [3,4502,2,2,1,4495]
s: 4502
a: [3,4505,2,4,1,4495]
s: 4505
r: 1817
r: 4502
d: [2,7491,3,8,2,3,40,4505,4909]
a: [3,7573,3,4,1,7491]
s: 7573
a: [3,4501,2,2,1,4495]
s: 4501
d: [2,7492,3,8,2,3,40,4505,4928]
a: [3,7582,3,4,1,7492]
s: 7582
d: [2,6683,2,46,14,0,40,2227,547]
d: [2,6686,2,44,13,0,21,6683,432]
a: [3,6690,2,4,1,6686]
s: 6690
d: [2,7609,3,8,3,1,44,6690,534]
d: [2,7610,3,5,2,1,21,7609,385]
d: [2,7611,3,2,1,2,21,7610,674]
d: [2,7612,3,0,0,3,21,7611,909]
e: 7612
r: 6690
a: [3,6689,2,4,1,6686]
s: 6689
d: [2,7493,3,8,2,3,40,4505,5142]
a: [3,7587,3,4,1,7493]
s: 7587
a: [3,6694,2,4,1,6686]
s: 6694
d: [2,7616,3,0,0,3,52,909,674,6694,1844]
e: 7616
d: [2,7617,3,5,2,1,40,6694,1844]
d: [2,7621,3,3,1,2,21,7617,909]
d: [2,7622,3,0,0,3,21,7621,674]
e: 7622
d: [2,7619,3,8,3,1,44,6694,534]
d: [2,7624,3,5,2,1,21,7619,386]
d: [2,7625,3,2,1,2,21,7624,674]
d: [2,7626,3,0,0,3,21,7625,909]
e: 7626
r: 6694
d: [2,7602,4,12,3,1,40,7573,483]
a: [3,7606,4,4,1,7602]
s: 7606
a: [3,6693,2,4,1,6686]
s: 6693
a: [3,6698,2,4,1,6686]
s: 6698
d: [2,7637,3,0,0,3,52,909,674,6698,1843]
e: 7637
d: [2,7638,3,5,2,1,40,6698,1843]
d: [2,7642,3,3,1,2,21,7638,909]
d: [2,7643,3,0,0,3,21,7642,674]
e: 7643
d: [2,7640,3,8,3,1,44,6698,534]
d: [2,7645,3,5,2,1,21,7640,383]
d: [2,7646,3,2,1,2,21,7645,674]
d: [2,7647,3,0,0,3,21,7646,909]
e: 7647
r: 6698
d: [2,4948,3,12,3,2,40,4909,387]
d: [2,4968,3,10,2,3,21,4948,1448]
a: [3,4972,3,5,1,4968]
s: 4972
a: [3,6697,2,4,1,6686]
s: 6697
d: [2,6600,3,12,3,2,40,5142,387]
a: [3,7462,3,5,1,6600]
s: 7462
d: [2,6705,2,46,14,0,40,2228,547]
d: [2,6708,2,44,13,0,21,6705,432]
a: [3,6712,2,4,1,6708]
s: 6712
d: [2,7658,3,8,3,1,44,6712,534]
d: [2,7659,3,5,2,1,21,7658,385]
d: [2,7660,3,2,1,2,21,7659,689]
d: [2,7661,3,0,0,3,21,7660,909]
e: 7661
r: 6712
a: [3,6711,2,4,1,6708]
s: 6711
d: [2,5808,3,12,3,2,40,4928,387]
a: [3,7467,3,5,1,5808]
s: 7467
a: [3,6716,2,4,1,6708]
s: 6716
d: [2,7665,3,0,0,3,52,909,689,6716,1844]
e: 7665
d: [2,7666,3,5,2,1,40,6716,1844]
d: [2,7670,3,3,1,2,21,7666,909]
d: [2,7671,3,0,0,3,21,7670,689]
e: 7671
d: [2,7668,3,8,3,1,44,6716,534]
d: [2,7673,3,5,2,1,21,7668,386]
d: [2,7674,3,2,1,2,21,7673,689]
d: [2,7675,3,0,0,3,21,7674,909]
e: 7675
r: 6716
d: [2,7649,4,15,3,1,40,4972,483]
a: [3,7653,4,5,1,7649]
s: 7653
a: [3,6715,2,4,1,6708]
s: 6715
a: [3,6720,2,4,1,6708]
s: 6720
d: [2,7686,3,0,0,3,52,909,689,6720,1843]
e: 7686
d: [2,7687,3,5,2,1,40,6720,1843]
d: [2,7691,3,3,1,2,21,7687,909]
d: [2,7692,3,0,0,3,21,7691,689]
e: 7692
d: [2,7689,3,8,3,1,44,6720,534]
d: [2,7694,3,5,2,1,21,7689,383]
d: [2,7695,3,2,1,2,21,7694,689]
d: [2,7696,3,0,0,3,21,7695,909]
e: 7696
r: 6720
a: [3,7399,10,5,1,7396]
s: 7399
a: [3,6719,2,4,1,6708]
s: 6719
a: [3,7404,10,5,1,7396]
s: 7404
d: [2,7174,2,4,1,1,40,1958,432]
a: [3,7183,2,4,1,7174]
s: 7183
d: [2,7177,2,6,2,1,40,1958,417]
d: [2,7191,2,4,1,2,21,7177,619]
a: [3,7195,2,4,1,7191]
s: 7195
d: [2,7443,9,9,2,3,40,7338,499]
s: 7443
d: [2,7178,2,6,2,1,40,1958,416]
d: [2,7197,2,4,1,2,21,7178,619]
a: [3,7201,2,4,1,7197]
s: 7201
d: [2,7331,8,13,3,2,40,7319,495]
d: [2,7336,8,11,2,3,21,7331,928]
s: 7336
s: 3265
s: 3281
d: [2,7342,9,11,2,2,40,7330,491]
s: 7342
d: [2,3243,2,5,1,0,40,1670,520]
a: [3,3286,2,5,1,3243]
s: 3286
d: [2,7387,9,11,2,3,40,7337,491]
s: 7387
d: [2,3315,2,5,1,1,40,3131,506]
a: [3,3340,2,5,1,3315]
s: 3340
d: [2,4011,2,11,2,0,40,1679,506]
a: [3,4017,2,5,1,4011]
s: 4017
d: [2,7444,9,11,2,3,40,7338,491]
s: 7444
d: [2,4347,2,5,1,1,40,1817,506]
a: [3,4365,2,5,1,4347]
s: 4365
d: [2,7707,9,11,2,3,40,7336,527]
s: 7707
d: [2,5250,2,27,6,1,40,2242,436]
a: [3,5342,2,5,1,5250]
s: 5342
d: [2,7175,2,7,2,1,40,1958,495]
d: [2,7185,2,5,1,2,21,7175,928]
a: [3,7189,2,5,1,7185]
s: 7189
d: [2,7327,3,3,1,1,40,4039,519]
s: 7327
r: 1096
r: 1155
d: [2,2785,2,6,2,0,40,1479,427]
s: 2785
d: [2,7351,3,5,2,1,40,4280,421]
a: [3,7358,3,3,1,7351]
s: 7358
d: [2,2791,2,6,2,0,40,1582,527]
s: 2791
d: [2,2863,2,11,4,2,44,1041,534]
d: [2,2868,2,9,3,3,21,2863,909]
d: [2,2869,2,6,2,4,21,2868,1043]
s: 2869
d: [2,7407,3,5,2,1,40,4319,421]
d: [2,7411,3,3,1,2,21,7407,1333]
a: [3,7415,3,3,1,7411]
s: 7415
d: [2,2866,2,11,4,2,44,534,1041]
d: [2,2870,2,9,3,3,21,2866,909]
d: [2,2871,2,6,2,4,21,2870,1043]
s: 2871
d: [2,7418,3,5,2,1,40,4335,421]
d: [2,7422,3,3,1,2,21,7418,1333]
a: [3,7426,3,3,1,7422]
s: 7426
d: [2,3059,2,6,2,1,40,1676,499]
s: 3059
d: [2,3165,2,12,4,2,40,2121,2082]
d: [2,3166,2,8,3,2,21,3165,644]
d: [2,3167,2,6,2,2,21,3166,909]
s: 3167
d: [2,7790,3,4,1,2,40,3059,3247]
a: [3,7811,3,4,1,7790]
s: 7811
d: [2,3241,2,6,1,0,40,1670,506]
a: [3,3276,2,6,1,3241]
s: 3276
d: [2,7791,3,5,1,2,40,3059,3253]
a: [3,7816,3,5,1,7791]
s: 7816
d: [2,3894,2,6,2,1,40,3131,499]
s: 3894
r: 3894
r: 3131
d: [2,4440,2,11,2,1,40,1877,506]
a: [3,4458,2,6,1,4440]
s: 4458
d: [2,7479,3,3,1,2,40,4505,1676]
a: [3,7540,3,3,1,7479]
s: 7540
a: [3,4509,2,6,2,4495]
s: 4509
d: [2,7480,3,7,2,1,40,4505,1679]
a: [3,7545,3,3,1,7480]
s: 7545
d: [2,2876,2,7,3,0,40,1374,1347]
s: 2876
d: [2,2877,2,7,3,0,40,1374,1348]
s: 2877
d: [2,7482,3,7,2,2,40,4505,1877]
a: [3,7559,3,3,1,7482]
s: 7559
d: [2,2878,2,7,3,0,40,1374,1349]
s: 2878
d: [2,7489,3,3,1,2,40,4505,3131]
a: [3,7568,3,3,1,7489]
s: 7568
d: [2,2879,2,7,3,0,40,1374,1350]
s: 2879
d: [2,2883,2,7,2,0,40,1374,1369]
s: 2883
d: [2,7481,3,3,1,2,40,4505,1817]
a: [3,7553,3,3,1,7481]
s: 7553
d: [2,2890,2,7,3,0,40,1403,1347]
s: 2890
d: [2,6801,5,13,3,2,40,6672,2403]
s: 6801
d: [2,2891,2,7,3,0,40,1403,1348]
s: 2891
d: [2,2892,2,7,3,0,40,1403,1349]
s: 2892
d: [2,7317,7,13,3,2,40,7299,2088]
s: 7317
d: [2,2893,2,7,3,0,40,1403,1350]
s: 2893
d: [2,7955,8,12,3,2,40,7317,432]
s: 7955
r: 7955
r: 7707
r: 7444
r: 7443
r: 7387
r: 7386
r: 7342
r: 7341
r: 7338
r: 7337
r: 7336
r: 7330
r: 7319
r: 7317
r: 7299
r: 6851
r: 4305
a: [3,4304,2,3,1,4291]
s: 4304
d: [2,8060,3,0,0,2,52,928,4304,400]
e: 8060
d: [2,8061,3,2,1,1,40,4304,400]
d: [2,8073,3,0,0,2,21,8061,928]
e: 8073
r: 4304
s: 4305
d: [2,7973,9,14,3,2,40,7955,402]
d: [2,8027,9,11,2,2,21,7973,4305]
a: [3,8035,9,4,1,8027]
s: 8035
r: 8035
d: [2,2897,2,7,2,0,40,1403,1369]
s: 2897
a: [3,8034,9,4,1,8027]
s: 8034
d: [2,2900,2,7,3,0,40,1406,406]
s: 2900
d: [2,2902,2,7,3,0,40,1407,406]
s: 2902
d: [2,7965,9,31,6,3,40,7955,2242]
a: [3,7982,9,6,1,7965]
s: 7982
d: [2,2903,2,7,3,0,40,1408,406]
s: 2903
d: [2,8139,10,5,1,1,40,7982,499]
a: [3,8143,10,5,1,8139]
s: 8143
d: [2,2904,2,7,3,0,40,1409,406]
s: 2904
d: [2,2910,2,7,3,0,40,1425,1348]
s: 2910
d: [2,7971,9,14,3,2,40,7955,397]
d: [2,8007,9,11,2,2,21,7971,4305]
a: [3,8011,9,7,1,8007]
s: 8011
d: [2,2912,2,7,3,0,40,1425,1350]
s: 2912
d: [2,7972,9,14,3,2,40,7955,399]
d: [2,8017,9,11,2,2,21,7972,4305]
a: [3,8021,9,7,1,8017]
s: 8021
d: [2,2916,2,7,2,0,40,1425,1369]
s: 2916
d: [2,2997,2,7,3,0,40,1454,1347]
s: 2997
a: [3,8031,9,7,1,8027]
s: 8031
d: [2,2998,2,7,3,0,40,1454,1348]
s: 2998
d: [2,7976,9,11,2,2,40,7955,520]
a: [3,8049,9,7,1,7976]
s: 8049
d: [2,2999,2,7,3,0,40,1454,1349]
s: 2999
d: [2,3000,2,7,3,0,40,1454,1350]
s: 3000
d: [2,7974,9,13,2,2,40,7955,506]
a: [3,8040,9,8,1,7974]
s: 8040
d: [2,3004,2,7,2,0,40,1454,1369]
s: 3004
a: [3,8058,5,9,2,6821]
s: 8058
d: [2,3009,2,7,3,0,40,1472,1347]
s: 3009
d: [2,3016,2,7,2,0,40,1472,1369]
s: 3016
d: [2,8146,6,15,4,1,40,8058,2082]
d: [2,8147,6,10,3,2,21,8146,6672]
d: [2,8148,6,7,2,3,21,8147,4305]
s: 8148
d: [2,3018,2,7,3,0,40,1475,422]
s: 3018
d: [2,8156,7,14,3,3,40,8148,2104]
d: [2,8157,7,11,2,3,21,8156,4305]
s: 8157
d: [2,3019,2,7,3,0,40,1475,423]
s: 3019
d: [2,3020,2,7,3,0,40,1475,424]
s: 3020
d: [2,8159,8,10,2,3,40,8157,432]
s: 8159
d: [2,3021,2,7,3,0,40,1475,425]
s: 3021
d: [2,8172,9,9,2,3,40,8159,499]
s: 8172
d: [2,3022,2,7,3,0,40,1475,426]
s: 3022
d: [2,3023,2,7,3,0,40,1475,427]
s: 3023
d: [2,8162,8,12,3,3,40,8157,417]
d: [2,8166,8,10,2,4,21,8162,619]
s: 8166
d: [2,3028,2,7,2,0,40,1586,527]
s: 3028
d: [2,8179,9,9,2,4,40,8166,499]
s: 8179
d: [2,3037,2,7,2,0,40,1633,527]
s: 3037
d: [2,3040,2,7,2,0,40,1634,527]
s: 3040
d: [2,8163,8,12,3,3,40,8157,416]
d: [2,8167,8,10,2,4,21,8163,619]
s: 8167
d: [2,3043,2,7,2,0,40,1635,527]
s: 3043
d: [2,8189,9,9,2,4,40,8167,499]
s: 8189
d: [2,3047,2,7,2,0,40,1636,527]
s: 3047
d: [2,3050,2,7,1,0,40,1639,527]
s: 3050
d: [2,8158,8,11,2,4,40,8157,4509]
s: 8158
d: [2,3232,2,7,2,0,40,1670,499]
s: 3232
d: [2,8160,8,13,3,3,40,8157,495]
d: [2,8165,8,11,2,4,21,8160,928]
s: 8165
d: [2,3451,2,7,3,1,40,2247,499]
s: 3451
d: [2,3632,2,10,3,0,40,1835,1582]
d: [2,3633,2,7,2,0,21,3632,398]
s: 3633
r: 4501
r: 8158
r: 4509
d: [2,8274,7,9,2,3,40,3633,8148]
d: [2,8410,7,6,1,3,21,8274,4305]
a: [3,8414,7,6,1,8410]
s: 8414
s: 4502
d: [2,8416,8,5,1,1,40,8414,432]
a: [3,8425,8,5,1,8416]
s: 8425
d: [2,3669,2,10,3,0,40,1836,1582]
d: [2,3670,2,7,2,0,21,3669,400]
s: 3670
d: [2,4393,2,25,6,1,40,1831,709]
d: [2,4400,2,20,5,1,21,4393,435]
a: [3,4403,2,7,2,4400]
s: 4403
r: 2502
r: 1679
d: [2,8419,8,7,2,1,40,8414,417]
d: [2,8433,8,5,1,2,21,8419,619]
a: [3,8437,8,5,1,8433]
s: 8437
d: [2,6746,2,20,5,1,40,6730,501]
a: [3,6752,2,7,2,6746]
s: 6752
r: 1877
d: [2,8672,3,5,1,1,40,6752,506]
d: [2,8689,3,2,1,2,22,8672,5015]
d: [2,8690,3,0,0,3,21,8689,1885]
e: 8690
r: 7051
r: 5015
r: 5603
s: 3612
s: 2343
s: 3103
s: 3789
s: 3340
d: [2,8420,8,7,2,1,40,8414,416]
d: [2,8439,8,5,1,2,21,8420,619]
a: [3,8443,8,5,1,8439]
s: 8443
s: 4017
s: 4365
d: [2,8649,9,15,3,1,40,8437,483]
d: [2,8650,9,10,2,2,21,8649,8425]
a: [3,8654,9,5,1,8650]
s: 8654
a: [3,4454,2,5,1,4440]
s: 4454
a: [3,5599,4,6,1,5591]
s: 5599
s: 3276
s: 4458
a: [3,5602,4,6,1,5591]
s: 5602
d: [2,2643,2,11,4,0,40,1276,483]
d: [2,2644,2,8,3,0,21,2643,1212]
s: 2644
d: [2,8483,7,9,2,3,40,3670,8148]
d: [2,8607,7,6,1,3,21,8483,4305]
a: [3,8611,7,6,1,8607]
s: 8611
d: [2,2649,2,11,4,0,40,1433,463]
d: [2,2650,2,8,3,0,21,2649,1009]
s: 2650
d: [2,2658,2,8,3,0,40,1481,470]
s: 2658
d: [2,8758,8,5,1,1,40,8611,432]
a: [3,8767,8,5,1,8758]
s: 8767
d: [2,2659,2,8,3,0,40,1481,1490]
s: 2659
d: [2,8787,9,9,2,1,40,8767,2644]
a: [3,8795,9,4,1,8787]
s: 8795
d: [2,8797,10,0,0,3,52,4305,6844,8795,1459]
e: 8797
d: [2,8799,10,6,2,1,40,8795,1459]
d: [2,8802,10,3,1,2,21,8799,6844]
d: [2,8803,10,0,0,3,21,8802,4305]
e: 8803
r: 8795
d: [2,3060,2,8,2,1,40,1676,435]
s: 3060
d: [2,3163,2,8,2,0,40,1840,1582]
s: 3163
r: 1758
r: 1761
r: 4152
a: [3,8794,9,4,1,8787]
s: 8794
s: 1762
d: [2,8761,8,7,2,1,40,8611,417]
d: [2,8775,8,5,1,2,21,8761,619]
a: [3,8779,8,5,1,8775]
s: 8779
s: 1757
a: [3,4151,2,3,1,3462]
s: 4151
d: [2,9033,3,0,0,2,52,928,4151,1889]
e: 9033
d: [2,9034,3,0,0,2,52,928,521,520,4151,389]
e: 9034
d: [2,9035,4,0,0,2,52,7426,4151,426]
e: 9035
d: [2,9036,3,0,0,2,52,928,1353,521,4151,1861]
e: 9036
d: [2,9037,3,2,1,1,40,4151,1889]
d: [2,9052,3,0,0,2,21,9037,928]
e: 9052
d: [2,9042,3,3,1,1,40,4151,426]
d: [2,9054,3,0,0,2,21,9042,7426]
e: 9054
r: 1757
r: 1762
r: 4151
d: [2,8762,8,7,2,1,40,8611,416]
d: [2,8781,8,5,1,2,21,8762,619]
a: [3,8785,8,5,1,8781]
s: 8785
s: 1761
a: [3,8791,9,5,1,8787]
s: 8791
s: 1758
s: 4152
d: [2,8895,7,10,2,3,40,3163,8148]
a: [3,9021,7,6,1,8895]
s: 9021
d: [2,3183,2,8,2,0,40,1365,1369]
s: 3183
d: [2,9063,8,5,1,1,40,9021,432]
a: [3,9072,8,5,1,9063]
s: 9072
d: [2,3224,2,8,3,0,40,1648,1347]
s: 3224
d: [2,3399,2,8,3,0,40,1777,1347]
s: 3399
d: [2,9092,9,9,2,1,40,9072,2644]
a: [3,9100,9,4,1,9092]
s: 9100
d: [2,9102,10,0,0,2,52,6844,9100,1463]
e: 9102
d: [2,9103,10,0,0,2,52,6844,1353,9100,1454]
e: 9103
d: [2,9104,10,0,0,2,52,6844,520,9100,418]
e: 9104
d: [2,9107,10,3,1,1,40,9100,1463]
d: [2,9111,10,0,0,2,21,9107,6844]
e: 9111
r: 9100
d: [2,3406,2,8,2,0,40,1777,1369]
s: 3406
a: [3,9099,9,4,1,9092]
s: 9099
d: [2,3738,2,8,3,1,44,1893,1899]
s: 3738
d: [2,4608,2,10,3,0,40,2104,432]
d: [2,4635,2,8,2,1,21,4608,928]
s: 4635
d: [2,9066,8,7,2,1,40,9021,417]
d: [2,9080,8,5,1,2,21,9066,619]
a: [3,9084,8,5,1,9080]
s: 9084
d: [2,4633,2,10,3,1,40,2104,1019]
d: [2,4660,2,8,2,2,21,4633,909]
s: 4660
d: [2,9067,8,7,2,1,40,9021,416]
d: [2,9086,8,5,1,2,21,9067,619]
a: [3,9090,8,5,1,9086]
s: 9090
d: [2,5120,2,22,6,0,40,2401,2359]
d: [2,5124,2,11,3,0,18,5120]
d: [2,5125,2,8,2,1,21,5124,639]
s: 5125
d: [2,9157,3,0,0,3,52,594,599,5125]
e: 9157
d: [2,9166,3,4,1,2,40,5125,599]
d: [2,9183,3,0,0,3,21,9166,594]
e: 9183
f: 9183,369,360,361
% Refutation found. Thanks to Tanya!
% SZS status Theorem for hilbert1__t1_hilbert1
% SZS output start Proof for hilbert1__t1_hilbert1
1. ! [X0] : (m1_subset_1(X0,k1_zfmisc_1(k1_hilbert1)) => r2_hidden(k2_hilbert1,k5_hilbert1(X0))) [input t1_hilbert1]
2. ~! [X0] : (m1_subset_1(X0,k1_zfmisc_1(k1_hilbert1)) => r2_hidden(k2_hilbert1,k5_hilbert1(X0))) [negated conjecture 1]
43. ! [X0] : (m1_subset_1(X0,k1_zfmisc_1(k1_hilbert1)) => (v6_hilbert1(X0) <=> (! [X1] : (m1_subset_1(X1,k1_hilbert1) => ! [X2] : (m1_subset_1(X2,k1_hilbert1) => ! [X3] : (m1_subset_1(X3,k1_hilbert1) => (((r2_hidden(k3_hilbert1(X1,X2),X0) & r2_hidden(X1,X0)) => r2_hidden(X2,X0)) & r2_hidden(k3_hilbert1(X1,k3_hilbert1(X2,k4_hilbert1(X1,X2))),X0) & r2_hidden(k3_hilbert1(k4_hilbert1(X1,X2),X2),X0) & r2_hidden(k3_hilbert1(k4_hilbert1(X1,X2),X1),X0) & r2_hidden(k3_hilbert1(k3_hilbert1(X1,k3_hilbert1(X2,X3)),k3_hilbert1(k3_hilbert1(X1,X2),k3_hilbert1(X1,X3))),X0) & r2_hidden(k3_hilbert1(X1,k3_hilbert1(X2,X1)),X0))))) & r2_hidden(k2_hilbert1,X0)))) [input d10_hilbert1]
44. ! [X0] : (m1_subset_1(X0,k1_zfmisc_1(k1_hilbert1)) => ! [X1] : (m1_subset_1(X1,k1_zfmisc_1(k1_hilbert1)) => (k5_hilbert1(X0) = X1 <=> ! [X2] : (m1_subset_1(X2,k1_hilbert1) => (r2_hidden(X2,X1) <=> ! [X3] : (m1_subset_1(X3,k1_zfmisc_1(k1_hilbert1)) => ((r1_tarski(X0,X3) & v6_hilbert1(X3)) => r2_hidden(X2,X3)))))))) [input d11_hilbert1]
54. m1_subset_1(k2_hilbert1,k1_hilbert1) [input dt_k2_hilbert1]
61. ! [X0] : (m1_subset_1(X0,k1_zfmisc_1(k1_hilbert1)) => m1_subset_1(k5_hilbert1(X0),k1_zfmisc_1(k1_hilbert1))) [input dt_k5_hilbert1]
175. ? [X0] : (~r2_hidden(k2_hilbert1,k5_hilbert1(X0)) & m1_subset_1(X0,k1_zfmisc_1(k1_hilbert1))) [ennf transformation 2]
210. ! [X0] : (m1_subset_1(k5_hilbert1(X0),k1_zfmisc_1(k1_hilbert1)) | ~m1_subset_1(X0,k1_zfmisc_1(k1_hilbert1))) [ennf transformation 61]
211. ! [X0] : ((v6_hilbert1(X0) <=> (! [X1] : (! [X2] : (! [X3] : (((r2_hidden(X2,X0) | (~r2_hidden(k3_hilbert1(X1,X2),X0) | ~r2_hidden(X1,X0))) & r2_hidden(k3_hilbert1(X1,k3_hilbert1(X2,k4_hilbert1(X1,X2))),X0) & r2_hidden(k3_hilbert1(k4_hilbert1(X1,X2),X2),X0) & r2_hidden(k3_hilbert1(k4_hilbert1(X1,X2),X1),X0) & r2_hidden(k3_hilbert1(k3_hilbert1(X1,k3_hilbert1(X2,X3)),k3_hilbert1(k3_hilbert1(X1,X2),k3_hilbert1(X1,X3))),X0) & r2_hidden(k3_hilbert1(X1,k3_hilbert1(X2,X1)),X0)) | ~m1_subset_1(X3,k1_hilbert1)) | ~m1_subset_1(X2,k1_hilbert1)) | ~m1_subset_1(X1,k1_hilbert1)) & r2_hidden(k2_hilbert1,X0))) | ~m1_subset_1(X0,k1_zfmisc_1(k1_hilbert1))) [ennf transformation 43]
212. ! [X0] : ((v6_hilbert1(X0) <=> (! [X1] : (! [X2] : (! [X3] : (((r2_hidden(X2,X0) | ~r2_hidden(k3_hilbert1(X1,X2),X0) | ~r2_hidden(X1,X0)) & r2_hidden(k3_hilbert1(X1,k3_hilbert1(X2,k4_hilbert1(X1,X2))),X0) & r2_hidden(k3_hilbert1(k4_hilbert1(X1,X2),X2),X0) & r2_hidden(k3_hilbert1(k4_hilbert1(X1,X2),X1),X0) & r2_hidden(k3_hilbert1(k3_hilbert1(X1,k3_hilbert1(X2,X3)),k3_hilbert1(k3_hilbert1(X1,X2),k3_hilbert1(X1,X3))),X0) & r2_hidden(k3_hilbert1(X1,k3_hilbert1(X2,X1)),X0)) | ~m1_subset_1(X3,k1_hilbert1)) | ~m1_subset_1(X2,k1_hilbert1)) | ~m1_subset_1(X1,k1_hilbert1)) & r2_hidden(k2_hilbert1,X0))) | ~m1_subset_1(X0,k1_zfmisc_1(k1_hilbert1))) [flattening 211]
213. ! [X0] : (! [X1] : ((k5_hilbert1(X0) = X1 <=> ! [X2] : ((r2_hidden(X2,X1) <=> ! [X3] : ((r2_hidden(X2,X3) | (~r1_tarski(X0,X3) | ~v6_hilbert1(X3))) | ~m1_subset_1(X3,k1_zfmisc_1(k1_hilbert1)))) | ~m1_subset_1(X2,k1_hilbert1))) | ~m1_subset_1(X1,k1_zfmisc_1(k1_hilbert1))) | ~m1_subset_1(X0,k1_zfmisc_1(k1_hilbert1))) [ennf transformation 44]
214. ! [X0] : (! [X1] : ((k5_hilbert1(X0) = X1 <=> ! [X2] : ((r2_hidden(X2,X1) <=> ! [X3] : (r2_hidden(X2,X3) | ~r1_tarski(X0,X3) | ~v6_hilbert1(X3) | ~m1_subset_1(X3,k1_zfmisc_1(k1_hilbert1)))) | ~m1_subset_1(X2,k1_hilbert1))) | ~m1_subset_1(X1,k1_zfmisc_1(k1_hilbert1))) | ~m1_subset_1(X0,k1_zfmisc_1(k1_hilbert1))) [flattening 213]
280. ? [X0] : (~r2_hidden(k2_hilbert1,k5_hilbert1(X0)) & m1_subset_1(X0,k1_zfmisc_1(k1_hilbert1))) => (~r2_hidden(k2_hilbert1,k5_hilbert1(sK0)) & m1_subset_1(sK0,k1_zfmisc_1(k1_hilbert1))) [choice axiom]
281. ~r2_hidden(k2_hilbert1,k5_hilbert1(sK0)) & m1_subset_1(sK0,k1_zfmisc_1(k1_hilbert1)) [skolemisation 175,280]
294. ! [X0] : (((v6_hilbert1(X0) | (? [X1] : (? [X2] : (? [X3] : (((~r2_hidden(X2,X0) & r2_hidden(k3_hilbert1(X1,X2),X0) & r2_hidden(X1,X0)) | ~r2_hidden(k3_hilbert1(X1,k3_hilbert1(X2,k4_hilbert1(X1,X2))),X0) | ~r2_hidden(k3_hilbert1(k4_hilbert1(X1,X2),X2),X0) | ~r2_hidden(k3_hilbert1(k4_hilbert1(X1,X2),X1),X0) | ~r2_hidden(k3_hilbert1(k3_hilbert1(X1,k3_hilbert1(X2,X3)),k3_hilbert1(k3_hilbert1(X1,X2),k3_hilbert1(X1,X3))),X0) | ~r2_hidden(k3_hilbert1(X1,k3_hilbert1(X2,X1)),X0)) & m1_subset_1(X3,k1_hilbert1)) & m1_subset_1(X2,k1_hilbert1)) & m1_subset_1(X1,k1_hilbert1)) | ~r2_hidden(k2_hilbert1,X0))) & ((! [X1] : (! [X2] : (! [X3] : (((r2_hidden(X2,X0) | ~r2_hidden(k3_hilbert1(X1,X2),X0) | ~r2_hidden(X1,X0)) & r2_hidden(k3_hilbert1(X1,k3_hilbert1(X2,k4_hilbert1(X1,X2))),X0) & r2_hidden(k3_hilbert1(k4_hilbert1(X1,X2),X2),X0) & r2_hidden(k3_hilbert1(k4_hilbert1(X1,X2),X1),X0) & r2_hidden(k3_hilbert1(k3_hilbert1(X1,k3_hilbert1(X2,X3)),k3_hilbert1(k3_hilbert1(X1,X2),k3_hilbert1(X1,X3))),X0) & r2_hidden(k3_hilbert1(X1,k3_hilbert1(X2,X1)),X0)) | ~m1_subset_1(X3,k1_hilbert1)) | ~m1_subset_1(X2,k1_hilbert1)) | ~m1_subset_1(X1,k1_hilbert1)) & r2_hidden(k2_hilbert1,X0)) | ~v6_hilbert1(X0))) | ~m1_subset_1(X0,k1_zfmisc_1(k1_hilbert1))) [nnf transformation 212]
295. ! [X0] : (((v6_hilbert1(X0) | ? [X1] : (? [X2] : (? [X3] : (((~r2_hidden(X2,X0) & r2_hidden(k3_hilbert1(X1,X2),X0) & r2_hidden(X1,X0)) | ~r2_hidden(k3_hilbert1(X1,k3_hilbert1(X2,k4_hilbert1(X1,X2))),X0) | ~r2_hidden(k3_hilbert1(k4_hilbert1(X1,X2),X2),X0) | ~r2_hidden(k3_hilbert1(k4_hilbert1(X1,X2),X1),X0) | ~r2_hidden(k3_hilbert1(k3_hilbert1(X1,k3_hilbert1(X2,X3)),k3_hilbert1(k3_hilbert1(X1,X2),k3_hilbert1(X1,X3))),X0) | ~r2_hidden(k3_hilbert1(X1,k3_hilbert1(X2,X1)),X0)) & m1_subset_1(X3,k1_hilbert1)) & m1_subset_1(X2,k1_hilbert1)) & m1_subset_1(X1,k1_hilbert1)) | ~r2_hidden(k2_hilbert1,X0)) & ((! [X1] : (! [X2] : (! [X3] : (((r2_hidden(X2,X0) | ~r2_hidden(k3_hilbert1(X1,X2),X0) | ~r2_hidden(X1,X0)) & r2_hidden(k3_hilbert1(X1,k3_hilbert1(X2,k4_hilbert1(X1,X2))),X0) & r2_hidden(k3_hilbert1(k4_hilbert1(X1,X2),X2),X0) & r2_hidden(k3_hilbert1(k4_hilbert1(X1,X2),X1),X0) & r2_hidden(k3_hilbert1(k3_hilbert1(X1,k3_hilbert1(X2,X3)),k3_hilbert1(k3_hilbert1(X1,X2),k3_hilbert1(X1,X3))),X0) & r2_hidden(k3_hilbert1(X1,k3_hilbert1(X2,X1)),X0)) | ~m1_subset_1(X3,k1_hilbert1)) | ~m1_subset_1(X2,k1_hilbert1)) | ~m1_subset_1(X1,k1_hilbert1)) & r2_hidden(k2_hilbert1,X0)) | ~v6_hilbert1(X0))) | ~m1_subset_1(X0,k1_zfmisc_1(k1_hilbert1))) [flattening 294]
296. ! [X0] : (((v6_hilbert1(X0) | ? [X1] : (? [X2] : (? [X3] : (((~r2_hidden(X2,X0) & r2_hidden(k3_hilbert1(X1,X2),X0) & r2_hidden(X1,X0)) | ~r2_hidden(k3_hilbert1(X1,k3_hilbert1(X2,k4_hilbert1(X1,X2))),X0) | ~r2_hidden(k3_hilbert1(k4_hilbert1(X1,X2),X2),X0) | ~r2_hidden(k3_hilbert1(k4_hilbert1(X1,X2),X1),X0) | ~r2_hidden(k3_hilbert1(k3_hilbert1(X1,k3_hilbert1(X2,X3)),k3_hilbert1(k3_hilbert1(X1,X2),k3_hilbert1(X1,X3))),X0) | ~r2_hidden(k3_hilbert1(X1,k3_hilbert1(X2,X1)),X0)) & m1_subset_1(X3,k1_hilbert1)) & m1_subset_1(X2,k1_hilbert1)) & m1_subset_1(X1,k1_hilbert1)) | ~r2_hidden(k2_hilbert1,X0)) & ((! [X4] : (! [X5] : (! [X6] : (((r2_hidden(X5,X0) | ~r2_hidden(k3_hilbert1(X4,X5),X0) | ~r2_hidden(X4,X0)) & r2_hidden(k3_hilbert1(X4,k3_hilbert1(X5,k4_hilbert1(X4,X5))),X0) & r2_hidden(k3_hilbert1(k4_hilbert1(X4,X5),X5),X0) & r2_hidden(k3_hilbert1(k4_hilbert1(X4,X5),X4),X0) & r2_hidden(k3_hilbert1(k3_hilbert1(X4,k3_hilbert1(X5,X6)),k3_hilbert1(k3_hilbert1(X4,X5),k3_hilbert1(X4,X6))),X0) & r2_hidden(k3_hilbert1(X4,k3_hilbert1(X5,X4)),X0)) | ~m1_subset_1(X6,k1_hilbert1)) | ~m1_subset_1(X5,k1_hilbert1)) | ~m1_subset_1(X4,k1_hilbert1)) & r2_hidden(k2_hilbert1,X0)) | ~v6_hilbert1(X0))) | ~m1_subset_1(X0,k1_zfmisc_1(k1_hilbert1))) [rectify 295]
297. ! [X0] : (? [X1] : (? [X2] : (? [X3] : (((~r2_hidden(X2,X0) & r2_hidden(k3_hilbert1(X1,X2),X0) & r2_hidden(X1,X0)) | ~r2_hidden(k3_hilbert1(X1,k3_hilbert1(X2,k4_hilbert1(X1,X2))),X0) | ~r2_hidden(k3_hilbert1(k4_hilbert1(X1,X2),X2),X0) | ~r2_hidden(k3_hilbert1(k4_hilbert1(X1,X2),X1),X0) | ~r2_hidden(k3_hilbert1(k3_hilbert1(X1,k3_hilbert1(X2,X3)),k3_hilbert1(k3_hilbert1(X1,X2),k3_hilbert1(X1,X3))),X0) | ~r2_hidden(k3_hilbert1(X1,k3_hilbert1(X2,X1)),X0)) & m1_subset_1(X3,k1_hilbert1)) & m1_subset_1(X2,k1_hilbert1)) & m1_subset_1(X1,k1_hilbert1)) => (? [X2] : (? [X3] : (((~r2_hidden(X2,X0) & r2_hidden(k3_hilbert1(sK7(X0),X2),X0) & r2_hidden(sK7(X0),X0)) | ~r2_hidden(k3_hilbert1(sK7(X0),k3_hilbert1(X2,k4_hilbert1(sK7(X0),X2))),X0) | ~r2_hidden(k3_hilbert1(k4_hilbert1(sK7(X0),X2),X2),X0) | ~r2_hidden(k3_hilbert1(k4_hilbert1(sK7(X0),X2),sK7(X0)),X0) | ~r2_hidden(k3_hilbert1(k3_hilbert1(sK7(X0),k3_hilbert1(X2,X3)),k3_hilbert1(k3_hilbert1(sK7(X0),X2),k3_hilbert1(sK7(X0),X3))),X0) | ~r2_hidden(k3_hilbert1(sK7(X0),k3_hilbert1(X2,sK7(X0))),X0)) & m1_subset_1(X3,k1_hilbert1)) & m1_subset_1(X2,k1_hilbert1)) & m1_subset_1(sK7(X0),k1_hilbert1))) [choice axiom]
298. ! [X0] : (? [X2] : (? [X3] : (((~r2_hidden(X2,X0) & r2_hidden(k3_hilbert1(sK7(X0),X2),X0) & r2_hidden(sK7(X0),X0)) | ~r2_hidden(k3_hilbert1(sK7(X0),k3_hilbert1(X2,k4_hilbert1(sK7(X0),X2))),X0) | ~r2_hidden(k3_hilbert1(k4_hilbert1(sK7(X0),X2),X2),X0) | ~r2_hidden(k3_hilbert1(k4_hilbert1(sK7(X0),X2),sK7(X0)),X0) | ~r2_hidden(k3_hilbert1(k3_hilbert1(sK7(X0),k3_hilbert1(X2,X3)),k3_hilbert1(k3_hilbert1(sK7(X0),X2),k3_hilbert1(sK7(X0),X3))),X0) | ~r2_hidden(k3_hilbert1(sK7(X0),k3_hilbert1(X2,sK7(X0))),X0)) & m1_subset_1(X3,k1_hilbert1)) & m1_subset_1(X2,k1_hilbert1)) => (? [X3] : (((~r2_hidden(sK8(X0),X0) & r2_hidden(k3_hilbert1(sK7(X0),sK8(X0)),X0) & r2_hidden(sK7(X0),X0)) | ~r2_hidden(k3_hilbert1(sK7(X0),k3_hilbert1(sK8(X0),k4_hilbert1(sK7(X0),sK8(X0)))),X0) | ~r2_hidden(k3_hilbert1(k4_hilbert1(sK7(X0),sK8(X0)),sK8(X0)),X0) | ~r2_hidden(k3_hilbert1(k4_hilbert1(sK7(X0),sK8(X0)),sK7(X0)),X0) | ~r2_hidden(k3_hilbert1(k3_hilbert1(sK7(X0),k3_hilbert1(sK8(X0),X3)),k3_hilbert1(k3_hilbert1(sK7(X0),sK8(X0)),k3_hilbert1(sK7(X0),X3))),X0) | ~r2_hidden(k3_hilbert1(sK7(X0),k3_hilbert1(sK8(X0),sK7(X0))),X0)) & m1_subset_1(X3,k1_hilbert1)) & m1_subset_1(sK8(X0),k1_hilbert1))) [choice axiom]
299. ! [X0] : (? [X3] : (((~r2_hidden(sK8(X0),X0) & r2_hidden(k3_hilbert1(sK7(X0),sK8(X0)),X0) & r2_hidden(sK7(X0),X0)) | ~r2_hidden(k3_hilbert1(sK7(X0),k3_hilbert1(sK8(X0),k4_hilbert1(sK7(X0),sK8(X0)))),X0) | ~r2_hidden(k3_hilbert1(k4_hilbert1(sK7(X0),sK8(X0)),sK8(X0)),X0) | ~r2_hidden(k3_hilbert1(k4_hilbert1(sK7(X0),sK8(X0)),sK7(X0)),X0) | ~r2_hidden(k3_hilbert1(k3_hilbert1(sK7(X0),k3_hilbert1(sK8(X0),X3)),k3_hilbert1(k3_hilbert1(sK7(X0),sK8(X0)),k3_hilbert1(sK7(X0),X3))),X0) | ~r2_hidden(k3_hilbert1(sK7(X0),k3_hilbert1(sK8(X0),sK7(X0))),X0)) & m1_subset_1(X3,k1_hilbert1)) => (((~r2_hidden(sK8(X0),X0) & r2_hidden(k3_hilbert1(sK7(X0),sK8(X0)),X0) & r2_hidden(sK7(X0),X0)) | ~r2_hidden(k3_hilbert1(sK7(X0),k3_hilbert1(sK8(X0),k4_hilbert1(sK7(X0),sK8(X0)))),X0) | ~r2_hidden(k3_hilbert1(k4_hilbert1(sK7(X0),sK8(X0)),sK8(X0)),X0) | ~r2_hidden(k3_hilbert1(k4_hilbert1(sK7(X0),sK8(X0)),sK7(X0)),X0) | ~r2_hidden(k3_hilbert1(k3_hilbert1(sK7(X0),k3_hilbert1(sK8(X0),sK9(X0))),k3_hilbert1(k3_hilbert1(sK7(X0),sK8(X0)),k3_hilbert1(sK7(X0),sK9(X0)))),X0) | ~r2_hidden(k3_hilbert1(sK7(X0),k3_hilbert1(sK8(X0),sK7(X0))),X0)) & m1_subset_1(sK9(X0),k1_hilbert1))) [choice axiom]
300. ! [X0] : (((v6_hilbert1(X0) | (((((~r2_hidden(sK8(X0),X0) & r2_hidden(k3_hilbert1(sK7(X0),sK8(X0)),X0) & r2_hidden(sK7(X0),X0)) | ~r2_hidden(k3_hilbert1(sK7(X0),k3_hilbert1(sK8(X0),k4_hilbert1(sK7(X0),sK8(X0)))),X0) | ~r2_hidden(k3_hilbert1(k4_hilbert1(sK7(X0),sK8(X0)),sK8(X0)),X0) | ~r2_hidden(k3_hilbert1(k4_hilbert1(sK7(X0),sK8(X0)),sK7(X0)),X0) | ~r2_hidden(k3_hilbert1(k3_hilbert1(sK7(X0),k3_hilbert1(sK8(X0),sK9(X0))),k3_hilbert1(k3_hilbert1(sK7(X0),sK8(X0)),k3_hilbert1(sK7(X0),sK9(X0)))),X0) | ~r2_hidden(k3_hilbert1(sK7(X0),k3_hilbert1(sK8(X0),sK7(X0))),X0)) & m1_subset_1(sK9(X0),k1_hilbert1)) & m1_subset_1(sK8(X0),k1_hilbert1)) & m1_subset_1(sK7(X0),k1_hilbert1)) | ~r2_hidden(k2_hilbert1,X0)) & ((! [X4] : (! [X5] : (! [X6] : (((r2_hidden(X5,X0) | ~r2_hidden(k3_hilbert1(X4,X5),X0) | ~r2_hidden(X4,X0)) & r2_hidden(k3_hilbert1(X4,k3_hilbert1(X5,k4_hilbert1(X4,X5))),X0) & r2_hidden(k3_hilbert1(k4_hilbert1(X4,X5),X5),X0) & r2_hidden(k3_hilbert1(k4_hilbert1(X4,X5),X4),X0) & r2_hidden(k3_hilbert1(k3_hilbert1(X4,k3_hilbert1(X5,X6)),k3_hilbert1(k3_hilbert1(X4,X5),k3_hilbert1(X4,X6))),X0) & r2_hidden(k3_hilbert1(X4,k3_hilbert1(X5,X4)),X0)) | ~m1_subset_1(X6,k1_hilbert1)) | ~m1_subset_1(X5,k1_hilbert1)) | ~m1_subset_1(X4,k1_hilbert1)) & r2_hidden(k2_hilbert1,X0)) | ~v6_hilbert1(X0))) | ~m1_subset_1(X0,k1_zfmisc_1(k1_hilbert1))) [skolemisation 296,299,298,297]
301. ! [X0] : (! [X1] : (((k5_hilbert1(X0) = X1 | ? [X2] : (((? [X3] : (~r2_hidden(X2,X3) & r1_tarski(X0,X3) & v6_hilbert1(X3) & m1_subset_1(X3,k1_zfmisc_1(k1_hilbert1))) | ~r2_hidden(X2,X1)) & (! [X3] : (r2_hidden(X2,X3) | ~r1_tarski(X0,X3) | ~v6_hilbert1(X3) | ~m1_subset_1(X3,k1_zfmisc_1(k1_hilbert1))) | r2_hidden(X2,X1))) & m1_subset_1(X2,k1_hilbert1))) & (! [X2] : (((r2_hidden(X2,X1) | ? [X3] : (~r2_hidden(X2,X3) & r1_tarski(X0,X3) & v6_hilbert1(X3) & m1_subset_1(X3,k1_zfmisc_1(k1_hilbert1)))) & (! [X3] : (r2_hidden(X2,X3) | ~r1_tarski(X0,X3) | ~v6_hilbert1(X3) | ~m1_subset_1(X3,k1_zfmisc_1(k1_hilbert1))) | ~r2_hidden(X2,X1))) | ~m1_subset_1(X2,k1_hilbert1)) | k5_hilbert1(X0) != X1)) | ~m1_subset_1(X1,k1_zfmisc_1(k1_hilbert1))) | ~m1_subset_1(X0,k1_zfmisc_1(k1_hilbert1))) [nnf transformation 214]
302. ! [X0] : (! [X1] : (((k5_hilbert1(X0) = X1 | ? [X2] : ((? [X3] : (~r2_hidden(X2,X3) & r1_tarski(X0,X3) & v6_hilbert1(X3) & m1_subset_1(X3,k1_zfmisc_1(k1_hilbert1))) | ~r2_hidden(X2,X1)) & (! [X3] : (r2_hidden(X2,X3) | ~r1_tarski(X0,X3) | ~v6_hilbert1(X3) | ~m1_subset_1(X3,k1_zfmisc_1(k1_hilbert1))) | r2_hidden(X2,X1)) & m1_subset_1(X2,k1_hilbert1))) & (! [X2] : (((r2_hidden(X2,X1) | ? [X3] : (~r2_hidden(X2,X3) & r1_tarski(X0,X3) & v6_hilbert1(X3) & m1_subset_1(X3,k1_zfmisc_1(k1_hilbert1)))) & (! [X3] : (r2_hidden(X2,X3) | ~r1_tarski(X0,X3) | ~v6_hilbert1(X3) | ~m1_subset_1(X3,k1_zfmisc_1(k1_hilbert1))) | ~r2_hidden(X2,X1))) | ~m1_subset_1(X2,k1_hilbert1)) | k5_hilbert1(X0) != X1)) | ~m1_subset_1(X1,k1_zfmisc_1(k1_hilbert1))) | ~m1_subset_1(X0,k1_zfmisc_1(k1_hilbert1))) [flattening 301]
303. ! [X0] : (! [X1] : (((k5_hilbert1(X0) = X1 | ? [X2] : ((? [X3] : (~r2_hidden(X2,X3) & r1_tarski(X0,X3) & v6_hilbert1(X3) & m1_subset_1(X3,k1_zfmisc_1(k1_hilbert1))) | ~r2_hidden(X2,X1)) & (! [X4] : (r2_hidden(X2,X4) | ~r1_tarski(X0,X4) | ~v6_hilbert1(X4) | ~m1_subset_1(X4,k1_zfmisc_1(k1_hilbert1))) | r2_hidden(X2,X1)) & m1_subset_1(X2,k1_hilbert1))) & (! [X5] : (((r2_hidden(X5,X1) | ? [X6] : (~r2_hidden(X5,X6) & r1_tarski(X0,X6) & v6_hilbert1(X6) & m1_subset_1(X6,k1_zfmisc_1(k1_hilbert1)))) & (! [X7] : (r2_hidden(X5,X7) | ~r1_tarski(X0,X7) | ~v6_hilbert1(X7) | ~m1_subset_1(X7,k1_zfmisc_1(k1_hilbert1))) | ~r2_hidden(X5,X1))) | ~m1_subset_1(X5,k1_hilbert1)) | k5_hilbert1(X0) != X1)) | ~m1_subset_1(X1,k1_zfmisc_1(k1_hilbert1))) | ~m1_subset_1(X0,k1_zfmisc_1(k1_hilbert1))) [rectify 302]
304. ! [X1,X0] : (? [X2] : ((? [X3] : (~r2_hidden(X2,X3) & r1_tarski(X0,X3) & v6_hilbert1(X3) & m1_subset_1(X3,k1_zfmisc_1(k1_hilbert1))) | ~r2_hidden(X2,X1)) & (! [X4] : (r2_hidden(X2,X4) | ~r1_tarski(X0,X4) | ~v6_hilbert1(X4) | ~m1_subset_1(X4,k1_zfmisc_1(k1_hilbert1))) | r2_hidden(X2,X1)) & m1_subset_1(X2,k1_hilbert1)) => ((? [X3] : (~r2_hidden(sK10(X0,X1),X3) & r1_tarski(X0,X3) & v6_hilbert1(X3) & m1_subset_1(X3,k1_zfmisc_1(k1_hilbert1))) | ~r2_hidden(sK10(X0,X1),X1)) & (! [X4] : (r2_hidden(sK10(X0,X1),X4) | ~r1_tarski(X0,X4) | ~v6_hilbert1(X4) | ~m1_subset_1(X4,k1_zfmisc_1(k1_hilbert1))) | r2_hidden(sK10(X0,X1),X1)) & m1_subset_1(sK10(X0,X1),k1_hilbert1))) [choice axiom]
305. ! [X1,X0] : (? [X3] : (~r2_hidden(sK10(X0,X1),X3) & r1_tarski(X0,X3) & v6_hilbert1(X3) & m1_subset_1(X3,k1_zfmisc_1(k1_hilbert1))) => (~r2_hidden(sK10(X0,X1),sK11(X0,X1)) & r1_tarski(X0,sK11(X0,X1)) & v6_hilbert1(sK11(X0,X1)) & m1_subset_1(sK11(X0,X1),k1_zfmisc_1(k1_hilbert1)))) [choice axiom]
306. ! [X5,X0] : (? [X6] : (~r2_hidden(X5,X6) & r1_tarski(X0,X6) & v6_hilbert1(X6) & m1_subset_1(X6,k1_zfmisc_1(k1_hilbert1))) => (~r2_hidden(X5,sK12(X0,X5)) & r1_tarski(X0,sK12(X0,X5)) & v6_hilbert1(sK12(X0,X5)) & m1_subset_1(sK12(X0,X5),k1_zfmisc_1(k1_hilbert1)))) [choice axiom]
307. ! [X0] : (! [X1] : (((k5_hilbert1(X0) = X1 | (((~r2_hidden(sK10(X0,X1),sK11(X0,X1)) & r1_tarski(X0,sK11(X0,X1)) & v6_hilbert1(sK11(X0,X1)) & m1_subset_1(sK11(X0,X1),k1_zfmisc_1(k1_hilbert1))) | ~r2_hidden(sK10(X0,X1),X1)) & (! [X4] : (r2_hidden(sK10(X0,X1),X4) | ~r1_tarski(X0,X4) | ~v6_hilbert1(X4) | ~m1_subset_1(X4,k1_zfmisc_1(k1_hilbert1))) | r2_hidden(sK10(X0,X1),X1)) & m1_subset_1(sK10(X0,X1),k1_hilbert1))) & (! [X5] : (((r2_hidden(X5,X1) | (~r2_hidden(X5,sK12(X0,X5)) & r1_tarski(X0,sK12(X0,X5)) & v6_hilbert1(sK12(X0,X5)) & m1_subset_1(sK12(X0,X5),k1_zfmisc_1(k1_hilbert1)))) & (! [X7] : (r2_hidden(X5,X7) | ~r1_tarski(X0,X7) | ~v6_hilbert1(X7) | ~m1_subset_1(X7,k1_zfmisc_1(k1_hilbert1))) | ~r2_hidden(X5,X1))) | ~m1_subset_1(X5,k1_hilbert1)) | k5_hilbert1(X0) != X1)) | ~m1_subset_1(X1,k1_zfmisc_1(k1_hilbert1))) | ~m1_subset_1(X0,k1_zfmisc_1(k1_hilbert1))) [skolemisation 303,306,305,304]
360. m1_subset_1(sK0,k1_zfmisc_1(k1_hilbert1)) [cnf transformation 281] {a:0,w:4,wCS:400,goal:1,sine:0,thAx:0,allAx:2,thDist:-2}
361. ~r2_hidden(k2_hilbert1,k5_hilbert1(sK0)) [cnf transformation 281] {a:0,w:4,wCS:400,goal:1,sine:0,thAx:0,allAx:2,thDist:-2}
369. m1_subset_1(k2_hilbert1,k1_hilbert1) [cnf transformation 54] {a:0,w:3,wCS:1200,sine:1,thAx:0,allAx:1,thDist:-1}
435. m1_subset_1(k5_hilbert1(X0),k1_zfmisc_1(k1_hilbert1)) | ~m1_subset_1(X0,k1_zfmisc_1(k1_hilbert1)) [cnf transformation 210] {a:0,w:9,wCS:3600,nSel:1,sine:1,thAx:0,allAx:1,thDist:-1}
436. ~m1_subset_1(X0,k1_zfmisc_1(k1_hilbert1)) | ~v6_hilbert1(X0) | r2_hidden(k2_hilbert1,X0) [cnf transformation 300] {a:0,w:9,wCS:3600,nSel:1,sine:255,thAx:0,allAx:4,thDist:-4}
450. r2_hidden(X5,X1) | m1_subset_1(sK12(X0,X5),k1_zfmisc_1(k1_hilbert1)) | ~m1_subset_1(X5,k1_hilbert1) | k5_hilbert1(X0) != X1 | ~m1_subset_1(X1,k1_zfmisc_1(k1_hilbert1)) | ~m1_subset_1(X0,k1_zfmisc_1(k1_hilbert1)) [cnf transformation 307] {a:0,w:24,wCS:9600,sine:255,thAx:0,allAx:4,thDist:-4}
451. r2_hidden(X5,X1) | v6_hilbert1(sK12(X0,X5)) | ~m1_subset_1(X5,k1_hilbert1) | k5_hilbert1(X0) != X1 | ~m1_subset_1(X1,k1_zfmisc_1(k1_hilbert1)) | ~m1_subset_1(X0,k1_zfmisc_1(k1_hilbert1)) [cnf transformation 307] {a:0,w:22,wCS:8800,sine:255,thAx:0,allAx:4,thDist:-4}
453. r2_hidden(X5,X1) | ~r2_hidden(X5,sK12(X0,X5)) | ~m1_subset_1(X5,k1_hilbert1) | k5_hilbert1(X0) != X1 | ~m1_subset_1(X1,k1_zfmisc_1(k1_hilbert1)) | ~m1_subset_1(X0,k1_zfmisc_1(k1_hilbert1)) [cnf transformation 307] {a:0,w:23,wCS:9200,sine:255,thAx:0,allAx:4,thDist:-4}
586. r2_hidden(X5,k5_hilbert1(X0)) | ~r2_hidden(X5,sK12(X0,X5)) | ~m1_subset_1(X5,k1_hilbert1) | ~m1_subset_1(k5_hilbert1(X0),k1_zfmisc_1(k1_hilbert1)) | ~m1_subset_1(X0,k1_zfmisc_1(k1_hilbert1)) [equality resolution 453] {a:0,w:21,wCS:8400,sine:255,thAx:0,allAx:4,thDist:-4}
588. r2_hidden(X5,k5_hilbert1(X0)) | v6_hilbert1(sK12(X0,X5)) | ~m1_subset_1(X5,k1_hilbert1) | ~m1_subset_1(k5_hilbert1(X0),k1_zfmisc_1(k1_hilbert1)) | ~m1_subset_1(X0,k1_zfmisc_1(k1_hilbert1)) [equality resolution 451] {a:0,w:20,wCS:8000,sine:255,thAx:0,allAx:4,thDist:-4}
589. r2_hidden(X5,k5_hilbert1(X0)) | m1_subset_1(sK12(X0,X5),k1_zfmisc_1(k1_hilbert1)) | ~m1_subset_1(X5,k1_hilbert1) | ~m1_subset_1(k5_hilbert1(X0),k1_zfmisc_1(k1_hilbert1)) | ~m1_subset_1(X0,k1_zfmisc_1(k1_hilbert1)) [equality resolution 450] {a:0,w:22,wCS:8800,sine:255,thAx:0,allAx:4,thDist:-4}
592. 1 <=> r2_hidden(k2_hilbert1,k5_hilbert1(sK0)) [avatar definition]
594. ~r2_hidden(k2_hilbert1,k5_hilbert1(sK0)) <- (~1) [avatar component clause 592] {a:0,w:4,wCS:400,nSel:1,goal:1,sine:255,thAx:0,allAx:2,thDist:-2}
595. ~1 [avatar split clause 361,592]
597. 2 <=> m1_subset_1(sK0,k1_zfmisc_1(k1_hilbert1)) [avatar definition]
599. m1_subset_1(sK0,k1_zfmisc_1(k1_hilbert1)) <- (2) [avatar component clause 597] {a:0,w:4,wCS:400,nSel:1,goal:1,sine:255,thAx:0,allAx:2,thDist:-2}
600. 2 [avatar split clause 360,597]
637. 10 <=> m1_subset_1(k2_hilbert1,k1_hilbert1) [avatar definition]
639. m1_subset_1(k2_hilbert1,k1_hilbert1) <- (10) [avatar component clause 637] {a:0,w:3,wCS:1200,nSel:1,sine:255,thAx:0,allAx:1,thDist:-1}
640. 10 [avatar split clause 369,637]
2331. ~m1_subset_1(X0,k1_zfmisc_1(k1_hilbert1)) | v6_hilbert1(sK12(X0,X5)) | ~m1_subset_1(X5,k1_hilbert1) | r2_hidden(X5,k5_hilbert1(X0)) [subsumption resolution 588,435] {a:0,w:15,wCS:6000,nSel:1,sine:1,thAx:0,allAx:4,thDist:-4}
2359. ~r2_hidden(X5,sK12(X0,X5)) | r2_hidden(X5,k5_hilbert1(X0)) | ~m1_subset_1(X5,k1_hilbert1) | ~m1_subset_1(X0,k1_zfmisc_1(k1_hilbert1)) [subsumption resolution 586,435] {a:0,w:16,wCS:6400,nSel:1,sine:1,thAx:0,allAx:4,thDist:-4}
2378. m1_subset_1(sK12(X0,X5),k1_zfmisc_1(k1_hilbert1)) | r2_hidden(X5,k5_hilbert1(X0)) | ~m1_subset_1(X5,k1_hilbert1) | ~m1_subset_1(X0,k1_zfmisc_1(k1_hilbert1)) [subsumption resolution 589,435] {a:0,w:17,wCS:6800,nSel:1,sine:1,thAx:0,allAx:4,thDist:-4}
2383. r2_hidden(X9,k5_hilbert1(X10)) | ~m1_subset_1(X9,k1_hilbert1) | ~m1_subset_1(X10,k1_zfmisc_1(k1_hilbert1)) | ~v6_hilbert1(sK12(X10,X9)) | r2_hidden(k2_hilbert1,sK12(X10,X9)) [resolution 2378,436] {a:1,w:20,wCS:8000,sine:1,thAx:0,allAx:8,thDist:-8}
2401. r2_hidden(k2_hilbert1,sK12(X10,X9)) | ~m1_subset_1(X9,k1_hilbert1) | ~m1_subset_1(X10,k1_zfmisc_1(k1_hilbert1)) | r2_hidden(X9,k5_hilbert1(X10)) [subsumption resolution 2383,2331] {a:1,w:16,wCS:6400,nSel:1,sine:1,thAx:0,allAx:8,thDist:-8}
5120. ~m1_subset_1(k2_hilbert1,k1_hilbert1) | ~m1_subset_1(X0,k1_zfmisc_1(k1_hilbert1)) | r2_hidden(k2_hilbert1,k5_hilbert1(X0)) | r2_hidden(k2_hilbert1,k5_hilbert1(X0)) | ~m1_subset_1(k2_hilbert1,k1_hilbert1) | ~m1_subset_1(X0,k1_zfmisc_1(k1_hilbert1)) [resolution 2401,2359] {a:2,w:22,wCS:8800,sine:1,thAx:0,allAx:12,thDist:-12}
5124. ~m1_subset_1(k2_hilbert1,k1_hilbert1) | ~m1_subset_1(X0,k1_zfmisc_1(k1_hilbert1)) | r2_hidden(k2_hilbert1,k5_hilbert1(X0)) [duplicate literal removal 5120] {a:2,w:11,wCS:4400,sine:1,thAx:0,allAx:12,thDist:-12}
5125. ~m1_subset_1(X0,k1_zfmisc_1(k1_hilbert1)) | r2_hidden(k2_hilbert1,k5_hilbert1(X0)) <- (10) [subsumption resolution 5124,639] {a:2,w:8,wCS:3200,nSel:1,sine:1,thAx:0,allAx:12,thDist:-12}
9166. r2_hidden(k2_hilbert1,k5_hilbert1(sK0)) <- (2, 10) [resolution 5125,599] {a:3,w:4,wCS:400,goal:1,sine:1,thAx:0,allAx:14,thDist:-14}
9183. $false <- (~1, 2, 10) [subsumption resolution 9166,594] {a:3,w:0,goal:1,sine:1,thAx:0,allAx:14,thDist:-14}
9184. 1 | ~2 | ~10 [avatar contradiction clause 9183]
9192. $false [avatar sat refutation 595,600,640,9184] {a:0,w:0,goal:1,sine:0,thAx:0,allAx:11985,thDist:-11985}
% SZS output end Proof for hilbert1__t1_hilbert1
% ------------------------------
% Version: Vampire 4.5.1 (commit 226f88162 on 2021-09-12 20:13:44 +0200)
% Termination reason: Refutation

% >>> Input
% Input formulas: 128
% >>> Preprocessing
% Introduced skolems: 36
% Pure predicates: 11
% 
% >>> Saturation
% Initial clauses: 226
% Generated clauses: 5209
% Active clauses: 1036
% Passive clauses: 2069
% Final active clauses: 862
% Final passive clauses: 819
% Main loop iterations started: 1145
% 
% >>> Simplifying Inferences
% Duplicate literals: 268
% Fw subsumption resolutions: 744
% Fw demodulations: 13
% Bw demodulations: 14
% 
% >>> Deletion Inferences
% Simple tautologies: 109
% Forward subsumptions: 1145
% Backward subsumptions: 12
% 
% >>> Generating Inferences
% Binary resolution: 3041
% Unit resulting resolution: 29
% Factoring: 2
% Forward superposition: 102
% Backward superposition: 82
% Self superposition: 1
% 
% >>> AVATAR
% Split clauses: 613
% Split components: 1554
% Sat splitting refutations: 59
% 
% >>> SAT Solver Statistics
% SAT solver clauses: 1107
% SAT solver unit clauses: 70
% SAT solver binary clauses: 240
% 
% Memory used [KB]: 17142
% Time elapsed: 0.076 s
% ------------------------------
% ------------------------------
% Time measurement results:
% property evaluation: 0.001 s
% preprocessing: 0.001 s ( own 0.0000 s ) 
% SAT solver time: 0.004 s
% term sharing: 0.001 s
% splitting model update: 0.002 s ( own 0.0000 s ) 
% congruence closure: 0.007 s
% backward subsumption index maintenance: 0.004 s
% backward superposition index maintenance: 0.003 s
% backward demodulation index maintenance: 0.002 s
% splitting component index usage: 0.001 s
% forward subsumption: 0.013 s
% forward subsumption resolution: 0.010 s
% forward demodulation: 0.001 s
% resolution: 0.009 s
% unit resulting resolution: 0.010 s ( own 0.009 s ) 
% superposition: 0.003 s
% passive container maintenance: 0.001 s
% other: 0.076 s ( own 0.007 s ) 

