i: [1,394,0,2,1,1,0,0] t80_tdlat_2
a: [3,568,0,2,1,394]
s: 568
i: [1,393,0,2,1,1,0,0] t80_tdlat_2
a: [3,573,0,2,1,393]
s: 573
i: [1,392,0,2,1,1,0,0] t80_tdlat_2
a: [3,578,0,2,1,392]
s: 578
i: [1,397,0,3,1,1,0,0] t80_tdlat_2
a: [3,553,0,3,1,397]
s: 553
i: [1,396,0,3,1,1,0,0] t80_tdlat_2
a: [3,558,0,3,1,396]
s: 558
i: [1,395,0,6,1,1,0,0] t80_tdlat_2
a: [3,563,0,6,1,395]
s: 563
i: [1,398,0,2,1,0,0,255] spc1_boole
a: [3,583,0,2,1,398]
s: 583
i: [1,399,0,2,1,0,0,255] fc3_membered
a: [3,588,0,2,1,399]
s: 588
i: [1,400,0,2,1,0,0,255] fc6_membered
a: [3,593,0,2,1,400]
s: 593
i: [1,401,0,2,1,0,0,255] fc1_xboole_0
a: [3,598,0,2,1,401]
s: 598
i: [1,534,0,2,1,0,0,2] rc2_xboole_0
a: [3,633,0,2,1,534]
s: 633
i: [1,535,0,2,1,0,0,2] existence_l1_struct_0
a: [3,638,0,2,1,535]
s: 638
i: [1,536,0,2,1,0,0,1] existence_l1_pre_topc
a: [3,643,0,2,1,536]
s: 643
i: [1,537,0,2,1,0,0,2] rc1_xboole_0
a: [3,648,0,2,1,537]
s: 648
i: [1,539,0,2,1,0,0,255] rc8_finseq_1
a: [3,653,0,2,1,539]
s: 653
i: [1,538,0,2,1,0,0,255] rc8_finseq_1
a: [3,658,0,2,1,538]
s: 658
i: [1,541,0,2,1,0,0,255] rc1_membered
a: [3,663,0,2,1,541]
s: 663
i: [1,540,0,2,1,0,0,255] rc1_membered
a: [3,668,0,2,1,540]
s: 668
i: [1,543,0,2,1,0,0,255] rc2_membered
a: [3,673,0,2,1,543]
s: 673
i: [1,542,0,2,1,0,0,255] rc2_membered
a: [3,678,0,2,1,542]
s: 678
i: [1,545,0,2,1,0,0,255] rc3_membered
a: [3,683,0,2,1,545]
s: 683
i: [1,544,0,2,1,0,0,255] rc3_membered
a: [3,688,0,2,1,544]
s: 688
i: [1,547,0,2,1,0,0,255] rc1_relat_1
a: [3,693,0,2,1,547]
s: 693
i: [1,546,0,2,1,0,0,255] rc1_relat_1
a: [3,698,0,2,1,546]
s: 698
i: [1,548,0,2,1,0,0,255] rc2_relat_1
a: [3,703,0,2,1,548]
s: 703
i: [1,549,0,2,1,0,0,255] rc4_xreal_0
a: [3,708,0,2,1,549]
s: 708
i: [1,408,0,3,1,0,0,2] fc1_subset_1
s: 408
i: [1,525,0,3,1,0,0,2] rc2_subset_1
s: 525
i: [1,528,0,3,1,0,0,2] reflexivity_r1_tarski
s: 528
i: [1,402,0,3,1,0,0,255] redefinition_k5_numbers
a: [3,603,0,3,1,402]
s: 603
r: 593
d: [2,710,0,2,1,2,23,593,603]
a: [3,714,0,2,1,710]
s: 714
i: [1,403,0,3,1,0,0,255] t1_numerals
a: [3,608,0,3,1,403]
s: 608
i: [1,407,0,3,1,0,0,255] spc1_numerals
a: [3,618,0,3,1,407]
s: 618
i: [1,406,0,3,1,0,0,255] spc1_numerals
a: [3,623,0,3,1,406]
s: 623
d: [2,716,0,3,1,2,22,608,603]
a: [3,720,0,3,1,716]
s: 720
i: [1,422,0,4,2,0,0,255] cc2_membered
s: 422
i: [1,423,0,4,2,0,0,255] cc3_membered
s: 423
i: [1,440,0,4,2,0,0,2] dt_l1_pre_topc
s: 440
d: [2,722,1,2,1,1,40,440,568]
a: [3,727,1,2,1,722]
s: 727
i: [1,447,0,4,2,0,0,255] cc4_membered
s: 447
i: [1,448,0,4,2,0,0,255] cc5_membered
s: 448
d: [2,723,1,2,1,1,40,440,643]
a: [3,732,1,2,1,723]
s: 732
i: [1,451,0,4,2,0,0,255] cc1_membered
s: 451
d: [2,734,1,2,1,1,40,447,588]
a: [3,738,1,2,1,734]
s: 738
i: [1,454,0,4,2,0,0,255] cc8_finseq_1
s: 454
i: [1,455,0,4,2,0,0,255] cc18_membered
s: 455
d: [2,740,1,2,1,1,40,448,588]
a: [3,744,1,2,1,740]
s: 744
i: [1,456,0,4,2,0,0,255] cc1_relat_1
s: 456
d: [2,746,1,2,1,1,40,451,714]
a: [3,753,1,2,1,746]
s: 753
i: [1,523,0,4,1,0,0,1] existence_m1_subset_1
s: 523
i: [1,527,0,4,1,0,0,255] rc3_subset_1
s: 527
d: [2,747,1,2,1,1,40,451,663]
a: [3,758,1,2,1,747]
s: 758
i: [1,404,0,4,1,0,0,255] dt_k5_numbers
a: [3,613,0,4,1,404]
s: 613
d: [2,748,1,2,1,1,40,451,673]
a: [3,763,1,2,1,748]
s: 763
i: [1,405,0,4,1,0,0,255] spc1_numerals
a: [3,628,0,4,1,405]
s: 628
i: [1,410,0,5,2,0,0,255] rc6_subset_1
s: 410
d: [2,749,1,2,1,1,40,451,683]
a: [3,768,1,2,1,749]
s: 768
i: [1,414,0,5,2,0,0,2] rc1_subset_1
s: 414
d: [2,770,1,2,1,1,40,454,598]
a: [3,777,1,2,1,770]
s: 777
i: [1,416,0,5,2,0,0,255] rc5_subset_1
s: 416
i: [1,417,0,5,2,0,0,255] rc5_subset_1
s: 417
d: [2,772,1,2,1,1,40,454,648]
a: [3,782,1,2,1,772]
s: 782
i: [1,457,0,5,2,0,0,255] t6_boole
s: 457
d: [2,773,1,2,1,1,40,454,708]
a: [3,787,1,2,1,773]
s: 787
i: [1,460,0,5,2,0,0,255] cc25_membered
s: 460
i: [1,519,0,5,2,0,0,255] t7_boole
s: 519
d: [2,789,1,2,1,1,40,455,598]
a: [3,796,1,2,1,789]
s: 796
i: [1,524,0,5,1,0,0,2] rc2_subset_1
s: 524
d: [2,791,1,2,1,1,40,455,648]
a: [3,801,1,2,1,791]
s: 801
i: [1,526,0,5,1,0,0,255] rc3_subset_1
s: 526
i: [1,419,0,6,2,0,0,255] rc4_subset_1
s: 419
d: [2,792,1,2,1,1,40,455,708]
a: [3,806,1,2,1,792]
s: 806
i: [1,426,0,6,3,0,0,255] cc7_struct_0
s: 426
d: [2,808,1,2,1,1,40,456,598]
a: [3,815,1,2,1,808]
s: 815
i: [1,427,0,6,3,0,0,255] cc5_struct_0
s: 427
i: [1,429,0,6,3,0,0,255] cc2_struct_0
s: 429
d: [2,810,1,2,1,1,40,456,648]
a: [3,820,1,2,1,810]
s: 820
i: [1,430,0,6,3,0,0,255] cc17_struct_0
s: 430
d: [2,811,1,2,1,1,40,456,708]
a: [3,825,1,2,1,811]
s: 825
i: [1,431,0,6,3,0,0,255] cc6_struct_0
s: 431
i: [1,432,0,6,3,0,0,255] cc1_struct_0
s: 432
d: [2,855,1,2,1,1,40,460,623]
a: [3,861,1,2,1,855]
s: 861
i: [1,435,0,6,3,0,0,255] cc4_struct_0
s: 435
d: [2,889,1,4,2,1,40,427,638]
a: [3,895,1,2,1,889]
s: 895
i: [1,445,0,6,2,0,0,255] rc5_tops_1
s: 445
i: [1,461,0,6,2,0,0,255] cc11_membered
s: 461
d: [2,827,2,2,1,1,40,753,422]
a: [3,831,2,2,1,827]
s: 831
i: [1,462,0,6,2,0,0,255] cc8_membered
s: 462
d: [2,833,2,2,1,1,40,758,422]
a: [3,837,2,2,1,833]
s: 837
i: [1,514,0,6,2,0,0,255] t1_subset
s: 514
i: [1,529,0,6,2,0,0,255] antisymmetry_r2_hidden
s: 529
d: [2,839,2,2,1,1,40,763,422]
a: [3,843,2,2,1,839]
s: 843
i: [1,409,0,7,2,0,0,255] rc6_subset_1
s: 409
d: [2,845,2,2,1,1,40,768,422]
a: [3,849,2,2,1,845]
s: 849
i: [1,413,0,7,2,0,0,2] rc1_subset_1
s: 413
i: [1,415,0,7,2,0,0,255] rc5_subset_1
s: 415
d: [2,1011,1,5,2,0,40,413,461]
a: [3,1020,1,2,1,1011]
s: 1020
r: 1020
i: [1,418,0,7,2,0,0,255] rc4_subset_1
s: 418
s: 1020
i: [1,433,0,7,3,0,0,255] cc8_struct_0
s: 433
i: [1,436,0,7,3,0,0,255] cc9_struct_0
s: 436
d: [2,1012,1,5,2,0,40,413,462]
a: [3,1029,1,2,1,1012]
s: 1029
r: 1029
i: [1,437,0,7,3,0,0,255] cc11_struct_0
s: 437
a: [3,1028,1,2,1,1012]
s: 1028
i: [1,438,0,7,3,0,0,255] cc11_struct_0
s: 438
i: [1,463,0,7,3,0,0,255] fc9_struct_0
s: 463
d: [2,869,2,2,1,1,40,796,451]
a: [3,874,2,2,1,869]
s: 874
i: [1,464,0,7,3,0,0,255] fc6_struct_0
s: 464
d: [2,876,2,2,1,1,40,801,451]
a: [3,880,2,2,1,876]
s: 880
i: [1,466,0,7,3,0,0,255] rc22_struct_0
s: 466
i: [1,481,0,7,3,0,0,1] fc2_struct_0
s: 481
d: [2,882,2,2,1,1,40,806,451]
a: [3,886,2,2,1,882]
s: 886
i: [1,483,0,7,3,0,0,1] rc4_struct_0
s: 483
d: [2,891,2,4,2,1,40,427,732]
a: [3,904,2,2,1,891]
s: 904
i: [1,485,0,7,3,0,0,255] rc21_struct_0
s: 485
i: [1,486,0,7,3,0,0,255] rc21_struct_0
s: 486
d: [2,923,2,2,1,1,40,861,451]
a: [3,927,2,2,1,923]
s: 927
i: [1,487,0,7,3,0,0,2] fc3_tdlat_1
s: 487
d: [2,1043,2,2,1,1,40,1020,456]
a: [3,1049,2,2,1,1043]
s: 1049
i: [1,488,0,7,3,0,0,2] fc1_tdlat_1
s: 488
i: [1,507,0,7,3,0,0,255] fc8_struct_0
s: 507
d: [2,1045,2,2,1,1,40,1020,454]
a: [3,1054,2,2,1,1045]
s: 1054
i: [1,508,0,7,3,0,0,255] fc7_struct_0
s: 508
d: [2,947,3,2,1,1,40,831,423]
a: [3,951,3,2,1,947]
s: 951
i: [1,511,0,7,3,0,0,1] fc1_struct_0
s: 511
i: [1,516,0,7,2,0,0,2] t3_subset
s: 516
d: [2,1142,1,5,1,1,40,516,563]
a: [3,1158,1,5,1,1142]
s: 1158
i: [1,517,0,7,2,0,0,2] t3_subset
s: 517
d: [2,973,3,2,1,1,40,837,423]
a: [3,977,3,2,1,973]
s: 977
i: [1,518,0,7,3,0,0,255] t8_boole
s: 518
i: [1,420,0,8,3,0,0,255] cc20_membered
s: 420
d: [2,1177,1,6,2,1,40,420,563]
a: [3,1190,1,4,1,1177]
s: 1190
i: [1,421,0,8,3,0,0,255] cc19_membered
s: 421
d: [2,1198,1,6,2,1,40,421,563]
a: [3,1211,1,4,1,1198]
s: 1211
i: [1,424,0,8,3,0,0,255] cc22_membered
s: 424
i: [1,425,0,8,3,0,0,255] cc23_membered
s: 425
d: [2,1219,1,6,2,1,40,424,563]
a: [3,1230,1,4,1,1219]
s: 1230
i: [1,444,0,8,2,0,0,255] rc5_tops_1
s: 444
d: [2,1238,1,6,2,1,40,425,563]
a: [3,1249,1,4,1,1238]
s: 1249
i: [1,446,0,8,3,0,0,255] cc11_finseq_1
s: 446
i: [1,449,0,8,3,0,0,255] cc21_membered
s: 449
d: [2,1262,1,6,2,1,40,446,563]
a: [3,1274,1,4,1,1262]
s: 1274
i: [1,450,0,8,3,0,0,255] cc5_subset_1
s: 450
d: [2,1282,1,6,2,1,40,449,563]
a: [3,1294,1,4,1,1282]
s: 1294
i: [1,452,0,8,3,0,0,255] cc24_membered
s: 452
i: [1,453,0,8,3,0,0,255] cc2_relat_1
s: 453
d: [2,1302,1,6,2,1,40,450,563]
a: [3,1315,1,4,1,1302]
s: 1315
i: [1,458,0,8,3,0,0,2] cc1_subset_1
s: 458
d: [2,1323,1,6,2,1,40,452,563]
a: [3,1335,1,4,1,1323]
s: 1335
i: [1,497,0,8,3,0,0,255] rc7_tops_1
s: 497
i: [1,499,0,8,3,0,0,255] rc10_pre_topc
s: 499
d: [2,1343,1,6,2,1,40,453,563]
a: [3,1355,1,4,1,1343]
s: 1355
i: [1,501,0,8,3,0,0,255] rc6_pre_topc
s: 501
d: [2,986,1,5,2,0,40,409,462]
a: [3,1002,1,2,1,986]
s: 1002
i: [1,503,0,8,3,0,0,255] rc1_tops_1
s: 503
i: [1,505,0,8,3,0,0,255] rc2_tops_1
s: 505
d: [2,979,3,2,1,1,40,843,423]
a: [3,983,3,2,1,979]
s: 983
i: [1,506,0,8,3,0,0,255] rc2_tops_1
s: 506
d: [2,1005,3,2,1,1,40,849,423]
a: [3,1009,3,2,1,1005]
s: 1009
i: [1,515,0,8,3,0,0,255] t2_subset
s: 515
r: 1028
i: [1,439,0,9,4,0,0,255] cc10_struct_0
s: 439
d: [2,1401,1,11,2,1,40,515,563]
d: [2,1423,1,6,1,1,21,1401,408]
a: [3,1427,1,6,1,1423]
s: 1427
i: [1,441,0,9,2,0,0,2] dt_k1_tdlat_1
s: 441
d: [2,1441,2,6,1,1,40,1427,529]
a: [3,1447,2,6,1,1441]
s: 1447
i: [1,442,0,9,2,0,0,2] dt_k9_tdlat_1
s: 442
i: [1,459,0,9,3,0,0,255] cc4_subset_1
s: 459
s: 1029
i: [1,472,0,9,4,0,0,255] rc6_tops_1
s: 472
d: [2,1077,2,2,1,1,40,1029,456]
a: [3,1083,2,2,1,1077]
s: 1083
i: [1,475,0,9,4,0,0,255] rc7_pre_topc
s: 475
i: [1,478,0,9,4,0,0,255] rc3_tops_1
s: 478
d: [2,1078,2,2,1,1,40,1029,455]
a: [3,1088,2,2,1,1078]
s: 1088
r: 1029
r: 1088
i: [1,489,0,9,3,0,0,2] t35_tdlat_1
s: 489
s: 1028
i: [1,521,0,9,3,0,0,2] t1_xboole_1
s: 521
i: [1,522,0,9,3,0,0,255] t5_subset
s: 522
d: [2,1506,2,8,2,1,40,521,1158]
s: 1506
i: [1,465,0,10,3,0,0,255] rc22_struct_0
s: 465
a: [3,1087,2,2,1,1078]
s: 1087
i: [1,473,0,10,4,0,0,255] rc6_tops_1
s: 473
i: [1,476,0,10,4,0,0,255] rc7_pre_topc
s: 476
d: [2,1079,2,2,1,1,40,1029,454]
a: [3,1093,2,2,1,1079]
s: 1093
i: [1,479,0,10,4,0,0,255] rc3_tops_1
s: 479
d: [2,1095,3,2,1,1,40,874,422]
a: [3,1100,3,2,1,1095]
s: 1100
i: [1,480,0,10,4,0,0,255] rc3_tops_1
s: 480
i: [1,482,0,10,3,0,0,1] rc4_struct_0
s: 482
d: [2,1102,3,2,1,1,40,880,422]
a: [3,1106,3,2,1,1102]
s: 1106
i: [1,484,0,10,3,0,0,255] rc21_struct_0
s: 484
d: [2,1108,3,2,1,1,40,886,422]
a: [3,1112,3,2,1,1108]
s: 1112
i: [1,496,0,10,3,0,0,255] rc7_tops_1
s: 496
i: [1,498,0,10,3,0,0,255] rc10_pre_topc
s: 498
d: [2,1114,3,2,1,1,40,927,422]
a: [3,1118,3,2,1,1114]
s: 1118
i: [1,500,0,10,3,0,0,255] rc6_pre_topc
s: 500
d: [2,1124,4,2,1,1,40,951,448]
a: [3,1129,4,2,1,1124]
s: 1129
i: [1,502,0,10,3,0,0,255] rc1_tops_1
s: 502
i: [1,504,0,10,3,0,0,255] rc2_tops_1
s: 504
d: [2,1125,4,2,1,1,40,951,447]
a: [3,1134,4,2,1,1125]
s: 1134
i: [1,520,0,10,3,0,0,255] t4_subset
s: 520
d: [2,1671,1,8,2,1,40,520,563]
s: 1671
i: [1,411,0,11,4,0,0,255] cc3_subset_1
s: 411
r: 1020
i: [1,412,0,11,4,0,0,255] cc2_subset_1
s: 412
d: [2,1797,1,11,3,1,40,411,563]
d: [2,1826,1,7,2,1,21,1797,408]
a: [3,1834,1,2,1,1826]
s: 1834
i: [1,443,0,12,4,0,0,255] cc2_tops_1
s: 443
d: [2,1688,2,8,3,1,40,1671,420]
a: [3,1706,2,3,1,1688]
s: 1706
i: [1,471,0,12,4,0,0,255] rc6_tops_1
s: 471
i: [1,474,0,12,4,0,0,255] rc7_pre_topc
s: 474
d: [2,1689,2,8,3,1,40,1671,421]
a: [3,1714,2,3,1,1689]
s: 1714
i: [1,477,0,12,4,0,0,255] rc3_tops_1
s: 477
d: [2,1690,2,8,3,1,40,1671,424]
a: [3,1722,2,3,1,1690]
s: 1722
i: [1,490,0,14,5,0,0,255] cc3_tops_1
s: 490
i: [1,491,0,14,5,0,0,255] cc1_tops_1
s: 491
d: [2,1691,2,8,3,1,40,1671,425]
a: [3,1730,2,3,1,1691]
s: 1730
i: [1,492,0,14,5,0,0,255] cc2_pre_topc
s: 492
r: 1211
r: 1834
a: [3,1215,1,2,1,1198]
s: 1215
i: [1,533,0,14,4,0,0,255] existence_m2_subset_1
s: 533
d: [2,2039,0,12,3,0,21,533,458]
s: 2039
d: [2,1692,2,8,3,1,40,1671,446]
a: [3,1738,2,3,1,1692]
s: 1738
i: [1,493,0,15,5,0,0,255] cc4_tops_1
s: 493
d: [2,1694,2,8,3,1,40,1671,450]
a: [3,1754,2,3,1,1694]
s: 1754
i: [1,530,0,15,5,0,0,255] dt_m2_subset_1
s: 530
d: [2,2084,0,13,4,0,21,530,458]
s: 2084
d: [2,2077,3,4,2,1,40,1754,508]
d: [2,2078,3,2,1,2,21,2077,727]
a: [3,2082,3,2,1,2078]
s: 2082
i: [1,531,0,15,5,0,0,255] redefinition_m2_subset_1
s: 531
d: [2,1697,2,8,3,1,40,1671,458]
a: [3,1777,2,3,1,1697]
s: 1777
d: [2,2089,3,0,0,3,52,578,727,1777,481]
e: 2089
d: [2,2090,3,0,0,2,52,1738,1777,454]
e: 2090
d: [2,2091,3,4,2,1,40,1777,481]
d: [2,2097,3,2,1,2,21,2091,727]
d: [2,2098,3,0,0,3,21,2097,578]
e: 2098
d: [2,2094,3,3,1,1,40,1777,454]
d: [2,2100,3,0,0,2,21,2094,1738]
e: 2100
r: 1777
d: [2,2088,0,13,4,0,21,531,458]
s: 2088
i: [1,532,0,15,5,0,0,255] redefinition_m2_subset_1
s: 532
a: [3,1778,2,3,1,1697]
s: 1778
d: [2,2105,0,13,4,0,21,532,458]
s: 2105
a: [3,1833,1,2,1,1826]
s: 1833
i: [1,494,0,17,6,0,0,255] cc6_tops_1
s: 494
i: [1,495,0,18,6,0,0,255] cc5_tops_1
s: 495
a: [3,1278,1,2,1,1262]
s: 1278
i: [1,467,0,19,6,0,0,1] t65_tdlat_2
s: 467
a: [3,1339,1,2,1,1323]
s: 1339
i: [1,468,0,19,6,0,0,1] t65_tdlat_2
s: 468
i: [1,469,0,19,6,0,0,1] t79_tdlat_2
s: 469
a: [3,1253,1,2,1,1238]
s: 1253
i: [1,470,0,19,6,0,0,1] t79_tdlat_2
s: 470
a: [3,1234,1,2,1,1219]
s: 1234
a: [3,1298,1,2,1,1282]
s: 1298
a: [3,1194,1,2,1,1177]
s: 1194
a: [3,1359,1,2,1,1343]
s: 1359
d: [2,2241,1,13,5,1,40,467,563]
d: [2,2253,1,10,4,2,21,2241,553]
d: [2,2254,1,8,3,3,21,2253,568]
d: [2,2255,1,6,2,4,21,2254,573]
d: [2,2256,1,4,1,5,21,2255,578]
a: [3,2260,1,4,1,2256]
s: 2260
d: [2,2305,1,13,5,1,40,470,563]
d: [2,2315,1,10,4,2,21,2305,558]
d: [2,2316,1,8,3,3,21,2315,568]
d: [2,2317,1,6,2,4,21,2316,573]
d: [2,2318,1,4,1,5,21,2317,578]
a: [3,2322,1,4,1,2318]
s: 2322
a: [3,1830,1,5,1,1826]
s: 1830
d: [2,985,1,5,2,0,40,409,461]
a: [3,994,1,2,1,985]
s: 994
d: [2,1693,2,8,3,1,40,1671,449]
a: [3,1749,2,5,2,1693]
s: 1749
s: 1020
d: [2,1695,2,8,3,1,40,1671,452]
a: [3,1765,2,5,2,1695]
s: 1765
d: [2,771,1,3,1,0,40,454,525]
s: 771
d: [2,790,1,3,1,0,40,455,525]
s: 790
d: [2,1696,2,8,3,1,40,1671,453]
a: [3,1773,2,5,2,1696]
s: 1773
d: [2,809,1,3,1,0,40,456,525]
s: 809
a: [3,1781,2,5,2,1697]
s: 1781
d: [2,857,1,3,1,0,40,460,523]
a: [3,867,1,3,1,857]
s: 867
d: [2,930,1,3,1,0,40,461,524]
a: [3,940,1,3,1,930]
s: 940
d: [2,1701,2,9,3,1,40,1671,522]
a: [3,1789,2,6,2,1701]
s: 1789
d: [2,931,1,3,1,0,40,461,526]
a: [3,945,1,3,1,931]
s: 945
d: [2,1699,2,7,2,1,40,1671,516]
s: 1699
d: [2,955,1,3,1,0,40,462,524]
a: [3,966,1,3,1,955]
s: 966
d: [2,956,1,3,1,0,40,462,526]
a: [3,971,1,3,1,956]
s: 971
d: [2,1698,2,10,3,1,40,1671,459]
a: [3,1785,2,7,2,1698]
s: 1785
a: [3,999,1,3,1,986]
s: 999
r: 999
r: 1002
d: [2,2375,3,8,2,1,40,1785,419]
d: [2,2376,3,5,1,2,21,2375,1778]
a: [3,2380,3,5,1,2376]
s: 2380
a: [3,1003,1,2,1,986]
s: 1003
a: [3,998,1,3,1,986]
s: 998
d: [2,2332,2,7,2,1,40,2322,521]
s: 2332
a: [3,1016,1,3,1,1011]
s: 1016
r: 1016
d: [2,1702,2,12,3,1,40,1671,515]
d: [2,1791,2,8,2,1,21,1702,408]
s: 1791
a: [3,1015,1,3,1,1011]
s: 1015
a: [3,1025,1,3,1,1012]
s: 1025
r: 1025
r: 1028
r: 1087
r: 1015
r: 1020
d: [2,2401,3,8,2,2,40,1791,1789]
a: [3,2408,3,5,1,2401]
s: 2408
a: [3,1019,1,2,1,1011]
s: 1019
s: 1028
s: 1016
s: 1025
d: [2,1850,2,10,4,1,40,443,1671]
d: [2,1874,2,8,3,2,21,1850,568]
s: 1874
d: [2,1031,1,5,2,0,40,415,461]
a: [3,1036,1,3,1,1031]
s: 1036
r: 1019
r: 1036
d: [2,2439,2,6,2,3,21,1874,1781]
s: 2439
s: 1020
a: [3,1035,1,3,1,1031]
s: 1035
d: [2,1937,2,12,5,1,40,490,1671]
d: [2,1967,2,10,4,2,21,1937,568]
d: [2,1968,2,8,3,3,21,1967,573]
s: 1968
d: [2,1032,1,5,2,0,40,415,462]
a: [3,1041,1,3,1,1032]
s: 1041
r: 1028
r: 1041
d: [2,2449,2,6,2,4,21,1968,1781]
s: 2449
s: 1029
a: [3,1040,1,3,1,1032]
s: 1040
d: [2,1971,2,12,5,1,40,491,1671]
d: [2,2001,2,10,4,2,21,1971,568]
d: [2,2002,2,8,3,3,21,2001,573]
s: 2002
d: [2,1056,1,5,2,0,40,418,461]
a: [3,1061,1,3,1,1056]
s: 1061
r: 1061
d: [2,2466,2,6,2,4,21,2002,1781]
s: 2466
a: [3,1060,1,3,1,1056]
s: 1060
d: [2,1057,1,5,2,0,40,418,462]
a: [3,1066,1,3,1,1057]
s: 1066
r: 1066
d: [2,2005,2,12,5,1,40,492,1671]
d: [2,2035,2,10,4,2,21,2005,568]
d: [2,2036,2,8,3,3,21,2035,573]
s: 2036
a: [3,1065,1,3,1,1057]
s: 1065
d: [2,2485,2,6,2,4,21,2036,1781]
s: 2485
d: [2,1141,1,3,1,1,40,516,613]
a: [3,1153,1,3,1,1141]
s: 1153
d: [2,1397,1,5,2,1,40,515,618]
d: [2,1411,1,3,1,2,21,1397,1028]
a: [3,1415,1,3,1,1411]
s: 1415
d: [2,2487,2,0,0,2,52,1029,1415,519]
e: 2487
d: [2,2491,2,2,1,1,40,1415,519]
d: [2,2493,2,0,0,2,21,2491,1029]
e: 2493
r: 1415
s: 1088
d: [2,1476,1,5,2,1,40,459,613]
a: [3,1491,1,3,1,1476]
s: 1491
d: [2,1499,3,2,1,1,40,1088,451]
a: [3,1503,3,2,1,1499]
s: 1503
r: 1020
r: 1029
r: 1035
r: 1040
r: 1060
r: 1065
r: 1088
r: 1503
s: 1019
s: 1028
s: 1087
s: 1036
a: [3,1502,3,2,1,1499]
s: 1502
s: 1041
s: 1061
d: [2,1163,4,2,1,1,40,977,448]
a: [3,1168,4,2,1,1163]
s: 1168
s: 1066
d: [2,1164,4,2,1,1,40,977,447]
a: [3,1173,4,2,1,1164]
s: 1173
s: 1415
d: [2,1400,1,5,2,1,40,515,720]
a: [3,1843,1,3,1,1400]
s: 1843
d: [2,2515,3,3,1,2,40,1415,1789]
a: [3,2522,3,3,1,2515]
s: 2522
d: [2,1398,1,5,2,1,40,515,623]
a: [3,1848,1,3,1,1398]
s: 1848
d: [2,2529,3,3,1,2,40,1843,1789]
a: [3,2537,3,3,1,2529]
s: 2537
d: [2,1509,1,5,2,1,40,522,613]
a: [3,2429,1,3,1,1509]
s: 2429
d: [2,2557,2,0,0,2,40,2429,1848]
e: 2557
d: [2,2556,2,0,0,2,40,2429,1843]
e: 2556
d: [2,2554,2,0,0,2,52,1848,2429]
e: 2554
d: [2,2555,2,0,0,3,52,623,1019,2429,515]
e: 2555
r: 2429
d: [2,929,1,4,1,0,40,461,523]
a: [3,935,1,4,1,929]
s: 935
d: [2,1372,4,2,1,1,40,983,448]
a: [3,1377,4,2,1,1372]
s: 1377
d: [2,954,1,4,1,0,40,462,523]
a: [3,961,1,4,1,954]
s: 961
d: [2,1373,4,2,1,1,40,983,447]
a: [3,1382,4,2,1,1373]
s: 1382
d: [2,1148,1,4,1,0,40,516,524]
s: 1148
d: [2,1149,1,4,1,0,40,516,526]
s: 1149
d: [2,1384,4,2,1,1,40,1009,448]
a: [3,1389,4,2,1,1384]
s: 1389
d: [2,1399,1,7,2,1,40,515,613]
d: [2,1417,1,4,1,1,21,1399,408]
a: [3,1421,1,4,1,1417]
s: 1421
d: [2,2582,3,4,1,2,40,1421,1789]
a: [3,2589,3,4,1,2582]
s: 2589
d: [2,853,1,5,2,1,44,720,457]
s: 853
d: [2,1147,1,5,1,0,40,516,523]
s: 1147
d: [2,1385,4,2,1,1,40,1009,447]
a: [3,1394,4,2,1,1385]
s: 1394
d: [2,1160,1,5,2,0,40,517,461]
s: 1160
d: [2,1537,4,2,1,1,40,1100,423]
a: [3,1542,4,2,1,1537]
s: 1542
d: [2,1161,1,5,2,0,40,517,462]
s: 1161
d: [2,1183,1,5,2,0,40,420,524]
s: 1183
d: [2,1559,4,2,1,1,40,1106,423]
a: [3,1563,4,2,1,1559]
s: 1563
d: [2,1184,1,5,2,0,40,420,526]
s: 1184
d: [2,1580,4,2,1,1,40,1112,423]
a: [3,1584,4,2,1,1580]
s: 1584
d: [2,1204,1,5,2,0,40,421,524]
s: 1204
d: [2,1205,1,5,2,0,40,421,526]
s: 1205
d: [2,1616,4,2,1,1,40,1118,423]
a: [3,1620,4,2,1,1616]
s: 1620
d: [2,1225,1,5,2,0,40,424,524]
s: 1225
d: [2,2604,5,2,1,1,40,1542,448]
a: [3,2610,5,2,1,2604]
s: 2610
d: [2,1226,1,5,2,0,40,424,526]
s: 1226
d: [2,1244,1,5,2,0,40,425,524]
s: 1244
d: [2,2605,5,2,1,1,40,1542,447]
a: [3,2615,5,2,1,2605]
s: 2615
d: [2,1245,1,5,2,0,40,425,526]
s: 1245
d: [2,2622,5,2,1,1,40,1563,448]
a: [3,2627,5,2,1,2622]
s: 2627
d: [2,1269,1,5,2,0,40,446,524]
s: 1269
d: [2,1270,1,5,2,0,40,446,526]
s: 1270
d: [2,2623,5,2,1,1,40,1563,447]
a: [3,2632,5,2,1,2623]
s: 2632
d: [2,1289,1,5,2,0,40,449,524]
s: 1289
d: [2,2634,5,2,1,1,40,1584,448]
a: [3,2639,5,2,1,2634]
s: 2639
d: [2,1290,1,5,2,0,40,449,526]
s: 1290
d: [2,1309,1,5,2,0,40,450,524]
s: 1309
d: [2,2635,5,2,1,1,40,1584,447]
a: [3,2644,5,2,1,2635]
s: 2644
d: [2,1310,1,5,2,0,40,450,526]
s: 1310
d: [2,2646,5,2,1,1,40,1620,448]
a: [3,2651,5,2,1,2646]
s: 2651
d: [2,1330,1,5,2,0,40,452,524]
s: 1330
d: [2,1331,1,5,2,0,40,452,526]
s: 1331
d: [2,2647,5,2,1,1,40,1620,447]
a: [3,2656,5,2,1,2647]
s: 2656
d: [2,1350,1,5,2,0,40,453,524]
s: 1350
d: [2,1793,2,12,4,1,40,411,1671]
a: [3,1819,2,9,3,1793]
s: 1819
r: 2485
r: 2466
r: 2449
r: 2439
r: 1781
d: [2,1351,1,5,2,0,40,453,526]
s: 1351
d: [2,1371,1,5,2,0,40,458,526]
s: 1371
d: [2,2672,2,5,2,2,21,1819,1785]
s: 2672
d: [2,1408,1,8,2,0,40,515,524]
d: [2,1434,1,5,1,0,21,1408,408]
s: 1434
d: [2,2676,3,4,1,1,40,1434,1789]
s: 2676
r: 2589
r: 2408
r: 1447
d: [2,1409,1,8,2,0,40,515,526]
d: [2,1435,1,5,1,0,21,1409,408]
s: 1435
d: [2,1813,1,9,3,0,40,411,526]
d: [2,1837,1,5,2,0,21,1813,527]
s: 1837
s: 1874
d: [2,1143,1,6,2,0,40,516,409]
s: 1143
s: 1968
d: [2,1144,1,6,2,0,40,516,413]
s: 1144
d: [2,1145,1,6,2,0,40,516,415]
s: 1145
s: 2002
d: [2,1146,1,6,2,0,40,516,418]
s: 1146
s: 2036
d: [2,1182,1,6,2,0,40,420,523]
s: 1182
d: [2,1203,1,6,2,0,40,421,523]
s: 1203
d: [2,2040,2,13,5,1,40,493,1671]
d: [2,2070,2,11,4,2,21,2040,568]
d: [2,2071,2,9,3,3,21,2070,573]
s: 2071
d: [2,1224,1,6,2,0,40,424,523]
s: 1224
d: [2,2697,3,12,4,3,40,2071,497]
d: [2,2698,3,10,3,3,21,2697,568]
d: [2,2699,3,8,2,3,21,2698,573]
a: [3,2703,3,4,1,2699]
s: 2703
d: [2,1243,1,6,2,0,40,425,523]
s: 1243
d: [2,1268,1,6,2,0,40,446,523]
s: 1268
d: [2,1700,2,10,3,1,40,1671,520]
s: 1700
d: [2,1288,1,6,2,0,40,449,523]
s: 1288
d: [2,2350,3,10,3,1,40,1699,521]
s: 2350
d: [2,1308,1,6,2,0,40,450,523]
s: 1308
d: [2,1329,1,6,2,0,40,452,523]
s: 1329
d: [2,2394,3,10,3,1,40,2332,521]
s: 2394
d: [2,1349,1,6,2,0,40,453,523]
s: 1349
d: [2,2153,2,15,6,1,40,494,1671]
d: [2,2183,2,13,5,2,21,2153,568]
d: [2,2184,2,11,4,3,21,2183,573]
s: 2184
d: [2,1369,1,6,2,0,40,458,523]
s: 1369
d: [2,1407,1,6,2,0,40,515,523]
s: 1407
r: 2672
r: 1785
s: 1781
d: [2,1486,1,6,2,0,40,459,524]
s: 1486
s: 1874
d: [2,1519,1,6,2,0,40,522,524]
s: 1519
d: [2,1520,1,6,2,0,40,522,526]
s: 1520
d: [2,2732,2,6,2,3,21,1874,1781]
s: 2732
r: 2071
d: [2,1668,1,6,2,1,40,520,613]
s: 1668
r: 1019
r: 1491
r: 1843
r: 1848
s: 1020
a: [3,1490,1,3,1,1476]
s: 1490
a: [3,1842,1,3,1,1400]
s: 1842
s: 1968
a: [3,1847,1,3,1,1398]
s: 1847
d: [2,2760,2,6,2,4,21,1968,1781]
s: 2760
d: [2,1812,1,9,3,0,40,411,524]
d: [2,1836,1,6,2,0,21,1812,525]
s: 1836
d: [2,851,1,7,3,0,44,457,457]
s: 851
s: 2002
d: [2,1137,1,7,3,0,40,511,456]
s: 1137
d: [2,2763,2,6,2,4,21,2002,1781]
s: 2763
d: [2,1138,1,7,3,0,40,511,455]
s: 1138
d: [2,1139,1,7,3,0,40,511,454]
s: 1139
s: 2036
d: [2,1175,1,7,3,0,40,420,517]
s: 1175
d: [2,2772,4,11,4,1,40,1175,2394]
a: [3,2791,4,3,1,2772]
s: 2791
d: [2,1178,1,7,3,0,40,420,409]
s: 1178
d: [2,1179,1,7,3,0,40,420,413]
s: 1179
d: [2,2767,2,6,2,4,21,2036,1781]
s: 2767
d: [2,1180,1,7,3,0,40,420,415]
s: 1180
s: 1819
d: [2,1181,1,7,3,0,40,420,418]
s: 1181
d: [2,1196,1,7,3,0,40,421,517]
s: 1196
d: [2,2803,4,11,4,1,40,1196,2394]
a: [3,2826,4,3,1,2803]
s: 2826
s: 1211
d: [2,2798,2,7,2,2,21,1819,1781]
s: 2798
d: [2,1199,1,7,3,0,40,421,409]
s: 1199
d: [2,1200,1,7,3,0,40,421,413]
s: 1200
d: [2,2829,3,5,1,2,40,2798,527]
a: [3,2834,3,5,1,2829]
s: 2834
d: [2,1201,1,7,3,0,40,421,415]
s: 1201
s: 2184
d: [2,1202,1,7,3,0,40,421,418]
s: 1202
d: [2,1217,1,7,3,0,40,424,517]
s: 1217
d: [2,2840,4,11,4,1,40,1217,2394]
a: [3,2859,4,3,1,2840]
s: 2859
d: [2,1220,1,7,3,0,40,424,409]
s: 1220
d: [2,1521,3,11,3,1,40,1506,521]
s: 1521
d: [2,1221,1,7,3,0,40,424,413]
s: 1221
d: [2,1222,1,7,3,0,40,424,415]
s: 1222
d: [2,2198,2,16,6,1,40,495,1671]
d: [2,2228,2,14,5,2,21,2198,568]
d: [2,2229,2,12,4,3,21,2228,573]
s: 2229
d: [2,1223,1,7,3,0,40,424,418]
s: 1223
d: [2,2336,2,3,1,0,40,790,451]
s: 2336
r: 1244
d: [2,1236,1,7,3,0,40,425,517]
s: 1236
d: [2,1239,1,7,3,0,40,425,409]
s: 1239
d: [2,2879,4,11,4,1,40,1236,2394]
a: [3,2898,4,3,1,2879]
s: 2898
d: [2,1240,1,7,3,0,40,425,413]
s: 1240
d: [2,2337,2,3,1,1,40,867,451]
a: [3,2341,2,3,1,2337]
s: 2341
d: [2,1241,1,7,3,0,40,425,415]
s: 1241
d: [2,1242,1,7,3,0,40,425,418]
s: 1242
d: [2,2344,2,3,1,1,40,945,451]
a: [3,2348,2,3,1,2344]
s: 2348
d: [2,1259,1,7,2,0,40,444,516]
s: 1259
d: [2,2351,2,3,1,1,40,966,448]
a: [3,2356,2,3,1,2351]
s: 2356
d: [2,1260,1,7,3,0,40,446,517]
s: 1260
d: [2,1263,1,7,3,0,40,446,409]
s: 1263
d: [2,2930,4,11,4,1,40,1260,2394]
a: [3,2950,4,3,1,2930]
s: 2950
d: [2,1264,1,7,3,0,40,446,413]
s: 1264
d: [2,2352,2,3,1,1,40,966,447]
a: [3,2361,2,3,1,2352]
s: 2361
d: [2,1265,1,7,3,0,40,446,415]
s: 1265
d: [2,1266,1,7,3,0,40,446,418]
s: 1266
d: [2,2363,2,3,1,1,40,971,448]
a: [3,2368,2,3,1,2363]
s: 2368
d: [2,1280,1,7,3,0,40,449,517]
s: 1280
a: [3,1746,2,3,1,1693]
s: 1746
d: [2,1283,1,7,3,0,40,449,409]
s: 1283
d: [2,1284,1,7,3,0,40,449,413]
s: 1284
d: [2,2961,4,11,4,1,40,1280,2394]
a: [3,2985,4,3,1,2961]
s: 2985
d: [2,1285,1,7,3,0,40,449,415]
s: 1285
d: [2,2364,2,3,1,1,40,971,447]
a: [3,2373,2,3,1,2364]
s: 2373
d: [2,1286,1,7,3,0,40,449,418]
s: 1286
d: [2,1300,1,7,3,0,40,450,517]
s: 1300
d: [2,3005,4,11,4,1,40,1300,2394]
a: [3,3025,4,3,1,3005]
s: 3025
d: [2,1304,1,7,3,0,40,450,413]
s: 1304
d: [2,2395,2,3,1,1,40,1016,451]
a: [3,2399,2,3,1,2395]
s: 2399
r: 1016
r: 2399
s: 1015
d: [2,1306,1,7,3,0,40,450,418]
s: 1306
a: [3,2398,2,3,1,2395]
s: 2398
d: [2,1321,1,7,3,0,40,452,517]
s: 1321
a: [3,1762,2,3,1,1695]
s: 1762
d: [2,1324,1,7,3,0,40,452,409]
s: 1324
d: [2,1325,1,7,3,0,40,452,413]
s: 1325
d: [2,3044,4,11,4,1,40,1321,2394]
a: [3,3068,4,3,1,3044]
s: 3068
d: [2,1326,1,7,3,0,40,452,415]
s: 1326
d: [2,2413,2,3,1,1,40,1025,448]
a: [3,2418,2,3,1,2413]
s: 2418
d: [2,1327,1,7,3,0,40,452,418]
s: 1327
d: [2,1341,1,7,3,0,40,453,517]
s: 1341
a: [3,1770,2,3,1,1696]
s: 1770
d: [2,1344,1,7,3,0,40,453,409]
s: 1344
d: [2,3085,4,11,4,1,40,1341,2394]
a: [3,3109,4,3,1,3085]
s: 3109
d: [2,1345,1,7,3,0,40,453,413]
s: 1345
d: [2,1346,1,7,3,0,40,453,415]
s: 1346
d: [2,2414,2,3,1,1,40,1025,447]
a: [3,2423,2,3,1,2414]
s: 2423
d: [2,1347,1,7,3,0,40,453,418]
s: 1347
d: [2,2440,2,3,1,1,40,1036,451]
a: [3,2444,2,3,1,2440]
s: 2444
r: 1036
r: 2444
s: 1035
d: [2,1361,1,7,3,0,40,458,517]
s: 1361
d: [2,3128,4,11,4,1,40,1361,2394]
a: [3,3148,4,3,1,3128]
s: 3148
d: [2,1364,1,7,3,0,40,458,409]
s: 1364
a: [3,2443,2,3,1,2440]
s: 2443
d: [2,1396,1,10,3,0,40,515,517]
d: [2,1410,1,7,2,0,21,1396,408]
s: 1410
d: [2,1402,1,10,3,0,40,515,409]
d: [2,1429,1,7,2,0,21,1402,408]
s: 1429
d: [2,2450,2,3,1,1,40,1041,448]
a: [3,2455,2,3,1,2450]
s: 2455
d: [2,1403,1,10,3,0,40,515,413]
d: [2,1430,1,7,2,0,21,1403,408]
s: 1430
d: [2,2451,2,3,1,1,40,1041,447]
a: [3,2460,2,3,1,2451]
s: 2460
d: [2,1404,1,10,3,0,40,515,415]
d: [2,1431,1,7,2,0,21,1404,408]
s: 1431
d: [2,1405,1,10,3,0,40,515,418]
d: [2,1432,1,7,2,0,21,1405,408]
s: 1432
d: [2,2467,2,3,1,1,40,1061,451]
a: [3,2471,2,3,1,2467]
s: 2471
r: 1061
r: 2471
s: 1060
a: [3,2470,2,3,1,2467]
s: 2470
d: [2,1485,1,7,2,0,40,459,523]
s: 1485
d: [2,1518,1,7,2,0,40,522,523]
s: 1518
d: [2,2473,2,3,1,1,40,1066,448]
a: [3,2478,2,3,1,2473]
s: 2478
d: [2,1686,1,7,2,0,40,520,524]
s: 1686
d: [2,2474,2,3,1,1,40,1066,447]
a: [3,2483,2,3,1,2474]
s: 2483
d: [2,1687,1,7,2,0,40,520,526]
s: 1687
d: [2,1866,1,11,3,0,40,443,524]
d: [2,1876,1,7,2,0,21,1866,525]
s: 1876
d: [2,2516,2,3,1,1,40,1415,529]
a: [3,2527,2,3,1,2516]
s: 2527
d: [2,2109,1,9,3,1,40,2105,613]
a: [3,2134,1,7,2,2109]
s: 2134
d: [2,2530,2,3,1,1,40,1843,529]
a: [3,2542,2,3,1,2530]
s: 2542
d: [2,1255,1,8,3,0,40,444,425]
s: 1255
d: [2,1256,1,8,3,0,40,444,424]
s: 1256
d: [2,2545,2,3,1,1,40,1848,529]
a: [3,2552,2,3,1,2545]
s: 2552
d: [2,1257,1,8,3,0,40,444,421]
s: 1257
d: [2,2873,3,3,1,0,40,2336,422]
s: 2873
r: 1225
d: [2,1258,1,8,3,0,40,444,420]
s: 1258
d: [2,1267,1,8,3,0,40,446,444]
s: 1267
d: [2,2906,3,3,1,1,40,2341,422]
a: [3,2910,3,3,1,2906]
s: 2910
d: [2,1287,1,8,3,0,40,449,444]
s: 1287
d: [2,2914,3,3,1,1,40,2348,422]
a: [3,2918,3,3,1,2914]
s: 2918
d: [2,1307,1,8,3,0,40,450,444]
s: 1307
d: [2,1328,1,8,3,0,40,452,444]
s: 1328
d: [2,3193,4,3,1,0,40,2873,423]
s: 3193
r: 1289
r: 966
d: [2,1348,1,8,3,0,40,453,444]
s: 1348
d: [2,3196,4,3,1,1,40,2910,423]
a: [3,3200,4,3,1,3196]
s: 3200
d: [2,1368,1,8,3,0,40,458,444]
s: 1368
d: [2,1406,1,12,3,0,40,515,444]
d: [2,1433,1,8,2,0,21,1406,408]
s: 1433
d: [2,3202,4,3,1,1,40,2918,423]
a: [3,3206,4,3,1,3202]
s: 3206
d: [2,1459,1,8,2,0,40,441,516]
s: 1459
d: [2,3212,5,3,1,0,40,3193,448]
s: 3212
r: 2356
r: 1204
d: [2,1472,1,8,2,0,40,442,516]
s: 1472
d: [2,1475,1,8,3,0,40,459,517]
s: 1475
d: [2,3213,5,3,1,0,40,3193,447]
s: 3213
r: 2361
r: 1183
d: [2,1480,1,8,3,0,40,459,409]
s: 1480
d: [2,3216,5,3,1,1,40,3200,448]
a: [3,3221,5,3,1,3216]
s: 3221
d: [2,1508,1,8,3,0,40,522,517]
s: 1508
d: [2,1513,1,8,3,0,40,522,409]
s: 1513
d: [2,3217,5,3,1,1,40,3200,447]
a: [3,3226,5,3,1,3217]
s: 3226
d: [2,1685,1,8,2,0,40,520,523]
s: 1685
d: [2,3234,5,3,1,1,40,3206,448]
a: [3,3239,5,3,1,3234]
s: 3239
d: [2,2053,1,16,6,0,40,493,496]
d: [2,2065,1,12,4,0,18,2053]
d: [2,2076,1,8,3,0,21,2065,497]
s: 2076
d: [2,1073,1,9,4,0,44,433,457]
s: 1073
d: [2,3235,5,3,1,1,40,3206,447]
a: [3,3244,5,3,1,3235]
s: 3244
d: [2,1075,1,9,4,0,44,436,457]
s: 1075
d: [2,2108,2,13,4,1,40,2105,1671]
s: 2108
d: [2,1449,1,9,3,0,40,441,420]
s: 1449
d: [2,1450,1,9,3,0,40,441,421]
s: 1450
d: [2,2713,4,13,4,1,40,2350,521]
s: 2713
d: [2,1451,1,9,3,0,40,441,424]
s: 1451
d: [2,2715,4,13,4,1,40,2394,521]
s: 2715
d: [2,1452,1,9,3,0,40,441,425]
s: 1452
d: [2,1453,1,9,3,0,40,441,446]
s: 1453
d: [2,2869,4,14,4,1,40,1521,521]
s: 2869
d: [2,1454,1,9,3,0,40,441,449]
s: 1454
d: [2,2562,2,4,1,1,40,935,451]
a: [3,2566,2,4,1,2562]
s: 2566
d: [2,1455,1,9,3,0,40,441,450]
s: 1455
d: [2,1456,1,9,3,0,40,441,452]
s: 1456
d: [2,2568,2,4,1,1,40,961,448]
a: [3,2573,2,4,1,2568]
s: 2573
d: [2,1457,1,9,3,0,40,441,453]
s: 1457
d: [2,2569,2,4,1,1,40,961,447]
a: [3,2578,2,4,1,2569]
s: 2578
d: [2,1460,1,14,3,0,40,441,515]
d: [2,1461,1,9,2,0,21,1460,408]
s: 1461
d: [2,1462,1,9,3,0,40,442,420]
s: 1462
d: [2,2583,2,4,1,1,40,1421,529]
a: [3,2594,2,4,1,2583]
s: 2594
d: [2,1463,1,9,3,0,40,442,421]
s: 1463
d: [2,1096,3,4,2,1,44,874,457]
s: 1096
d: [2,1464,1,9,3,0,40,442,424]
s: 1464
d: [2,1465,1,9,3,0,40,442,425]
s: 1465
d: [2,3364,3,4,1,1,40,2566,422]
a: [3,3368,3,4,1,3364]
s: 3368
d: [2,1466,1,9,3,0,40,442,446]
s: 1466
d: [2,1538,4,4,2,1,44,1100,457]
s: 1538
d: [2,1467,1,9,3,0,40,442,449]
s: 1467
d: [2,1468,1,9,3,0,40,442,450]
s: 1468
d: [2,3384,4,4,1,1,40,3368,423]
a: [3,3388,4,4,1,3384]
s: 3388
d: [2,1469,1,9,3,0,40,442,452]
s: 1469
d: [2,3325,5,16,5,1,40,2713,521]
s: 3325
d: [2,1470,1,9,3,0,40,442,453]
s: 1470
d: [2,1473,1,14,3,0,40,442,515]
d: [2,1474,1,9,2,0,21,1473,408]
s: 1474
d: [2,3338,5,16,5,1,40,2715,521]
s: 3338
d: [2,1517,1,9,3,0,40,522,444]
s: 1517
d: [2,2606,5,4,2,1,44,1542,457]
s: 2606
d: [2,1533,1,9,3,0,40,465,516]
s: 1533
d: [2,1555,1,9,3,0,40,482,516]
s: 1555
d: [2,3400,5,4,1,1,40,3388,448]
a: [3,3405,5,4,1,3400]
s: 3405
d: [2,1576,1,9,3,0,40,484,516]
s: 1576
d: [2,3401,5,4,1,1,40,3388,447]
a: [3,3410,5,4,1,3401]
s: 3410
d: [2,1597,1,9,3,0,40,496,516]
s: 1597
d: [2,1612,1,9,3,0,40,498,516]
s: 1612
d: [2,2659,6,4,2,1,44,2610,457]
s: 2659
d: [2,1633,1,9,3,0,40,500,516]
s: 1633
d: [2,2662,6,4,2,1,44,2615,457]
s: 2662
d: [2,1648,1,9,3,0,40,502,516]
s: 1648
d: [2,1663,1,9,3,0,40,504,516]
s: 1663
d: [2,3351,5,17,5,1,40,2869,521]
s: 3351
d: [2,1667,1,9,3,0,40,520,517]
s: 1667
d: [2,3608,2,7,2,1,40,1667,2322]
s: 3608
d: [2,1672,1,9,3,0,40,520,409]
s: 1672
d: [2,1673,1,9,3,0,40,520,413]
s: 1673
d: [2,3625,3,10,3,1,40,3608,515]
d: [2,3626,3,7,2,2,21,3625,3148]
s: 3626
d: [2,1674,1,9,3,0,40,520,415]
s: 1674
d: [2,3630,4,7,2,3,40,3626,1789]
a: [3,3637,4,4,1,3630]
s: 3637
d: [2,1675,1,9,3,0,40,520,418]
s: 1675
d: [2,1888,1,12,5,0,40,471,458]
d: [2,1895,1,9,4,0,21,1888,472]
s: 1895
d: [2,3602,3,10,3,1,40,1667,2332]
s: 3602
d: [2,1908,1,12,5,0,40,474,458]
d: [2,1915,1,9,4,0,21,1908,475]
s: 1915
d: [2,3643,4,13,4,1,40,3602,515]
d: [2,3644,4,10,3,2,21,3643,3148]
s: 3644
d: [2,1928,1,12,5,0,40,477,458]
d: [2,1935,1,9,4,0,21,1928,478]
s: 1935
d: [2,1956,1,13,4,0,40,490,524]
d: [2,1970,1,9,3,0,21,1956,525]
s: 1970
d: [2,3646,5,10,3,2,40,3644,529]
s: 3646
r: 3646
r: 3644
r: 3626
r: 3148
d: [2,1990,1,13,4,0,40,491,524]
d: [2,2004,1,9,3,0,21,1990,525]
s: 2004
s: 3148
d: [2,2024,1,13,4,0,40,492,524]
d: [2,2038,1,9,3,0,21,2024,525]
s: 2038
d: [2,1484,1,10,3,0,40,459,444]
s: 1484
d: [2,3129,3,8,3,1,40,1361,2332]
a: [3,3152,3,5,2,3129]
s: 3152
r: 3152
d: [2,1522,1,10,4,0,40,465,420]
s: 1522
a: [3,3665,3,7,2,3625]
s: 3665
d: [2,1523,1,10,4,0,40,465,421]
s: 1523
d: [2,1524,1,10,4,0,40,465,424]
s: 1524
d: [2,3652,6,14,4,2,40,3646,3644]
a: [3,3657,6,7,2,3652]
s: 3657
d: [2,1525,1,10,4,0,40,465,425]
s: 1525
d: [2,3741,7,8,2,1,40,3657,1474]
d: [2,3745,7,6,1,2,21,3741,568]
a: [3,3749,7,6,1,3745]
s: 3749
d: [2,1526,1,10,4,0,40,465,446]
s: 1526
d: [2,1527,1,10,4,0,40,465,449]
s: 1527
a: [3,3144,4,8,3,3128]
s: 3144
r: 3144
d: [2,1529,1,10,4,0,40,465,452]
s: 1529
d: [2,3743,7,8,2,1,40,3657,1410]
s: 3743
d: [2,1530,1,10,4,0,40,465,453]
s: 1530
d: [2,1531,1,10,4,0,40,465,458]
s: 1531
d: [2,3768,8,9,3,1,40,3743,489]
d: [2,3783,8,7,2,2,21,3768,568]
d: [2,3784,8,5,1,3,21,3783,573]
a: [3,3788,8,5,1,3784]
s: 3788
d: [2,1535,1,14,4,0,40,465,515]
d: [2,1536,1,10,3,0,21,1535,408]
s: 1536
d: [2,3770,8,5,1,1,40,3743,528]
a: [3,3793,8,5,1,3770]
s: 3793
d: [2,1544,1,10,4,0,40,482,420]
s: 1544
d: [2,1545,1,10,4,0,40,482,421]
s: 1545
d: [2,3771,8,18,5,2,40,3743,3325]
a: [3,3801,8,5,1,3771]
s: 3801
d: [2,1546,1,10,4,0,40,482,424]
s: 1546
a: [3,3661,4,10,3,3643]
s: 3661
d: [2,1547,1,10,4,0,40,482,425]
s: 1547
d: [2,1548,1,10,4,0,40,482,446]
s: 1548
d: [2,3837,5,10,3,1,40,3661,529]
s: 3837
d: [2,1549,1,10,4,0,40,482,449]
s: 1549
d: [2,3843,6,11,3,1,40,3837,1474]
d: [2,3848,6,9,2,2,21,3843,568]
s: 3848
d: [2,1550,1,10,4,0,40,482,450]
s: 1550
d: [2,1551,1,10,4,0,40,482,452]
s: 1551
d: [2,3850,7,10,2,2,40,3848,1410]
s: 3850
d: [2,1552,1,10,4,0,40,482,453]
s: 1552
d: [2,3857,8,7,1,2,40,3850,528]
a: [3,3874,8,7,1,3857]
s: 3874
d: [2,1557,1,14,4,0,40,482,515]
d: [2,1558,1,10,3,0,21,1557,408]
s: 1558
d: [2,1565,1,10,4,0,40,484,420]
s: 1565
d: [2,3598,3,11,3,1,40,1667,1506]
s: 3598
d: [2,1566,1,10,4,0,40,484,421]
s: 1566
d: [2,3901,4,10,3,1,40,3598,516]
s: 3901
d: [2,1567,1,10,4,0,40,484,424]
s: 1567
d: [2,1568,1,10,4,0,40,484,425]
s: 1568
d: [2,3882,4,13,5,1,40,3598,443]
d: [2,3906,4,11,4,2,21,3882,568]
s: 3906
a: [3,1319,1,2,1,1302]
s: 1319
d: [2,3943,5,9,3,2,40,3906,1148]
s: 3943
d: [2,1569,1,10,4,0,40,484,446]
s: 1569
d: [2,1570,1,10,4,0,40,484,449]
s: 1570
d: [2,3944,5,9,3,2,40,3906,1149]
s: 3944
d: [2,1572,1,10,4,0,40,484,452]
s: 1572
d: [2,3952,6,12,3,2,40,3944,1407]
a: [3,3960,6,4,1,3952]
s: 3960
d: [2,1573,1,10,4,0,40,484,453]
s: 1573
d: [2,1578,1,14,4,0,40,484,515]
d: [2,1579,1,10,3,0,21,1578,408]
s: 1579
d: [2,3942,5,10,3,2,40,3906,1147]
s: 3942
d: [2,1586,1,10,4,0,40,496,420]
s: 1586
d: [2,3970,6,15,3,2,40,3942,1407]
a: [3,3978,6,5,1,3970]
s: 3978
d: [2,1587,1,10,4,0,40,496,421]
s: 1587
d: [2,1588,1,10,4,0,40,496,424]
s: 1588
d: [2,3883,4,15,6,1,40,3598,490]
d: [2,3907,4,13,5,2,21,3883,568]
d: [2,3908,4,11,4,3,21,3907,573]
s: 3908
d: [2,1589,1,10,4,0,40,496,425]
s: 1589
d: [2,3986,5,9,3,3,40,3908,1148]
s: 3986
d: [2,1590,1,10,4,0,40,496,446]
s: 1590
d: [2,1591,1,10,4,0,40,496,449]
s: 1591
d: [2,3987,5,9,3,3,40,3908,1149]
s: 3987
d: [2,1592,1,10,4,0,40,496,450]
s: 1592
d: [2,3985,5,10,3,3,40,3908,1147]
s: 3985
d: [2,1593,1,10,4,0,40,496,452]
s: 1593
d: [2,1594,1,10,4,0,40,496,453]
s: 1594
d: [2,3884,4,15,6,1,40,3598,491]
d: [2,3909,4,13,5,2,21,3884,568]
d: [2,3910,4,11,4,3,21,3909,573]
s: 3910
d: [2,1595,1,10,4,0,40,496,458]
s: 1595
d: [2,4005,5,9,3,3,40,3910,1148]
s: 4005
d: [2,1599,1,14,4,0,40,496,515]
d: [2,1600,1,10,3,0,21,1599,408]
s: 1600
d: [2,1601,1,10,4,0,40,498,420]
s: 1601
d: [2,4006,5,9,3,3,40,3910,1149]
s: 4006
d: [2,1602,1,10,4,0,40,498,421]
s: 1602
d: [2,4004,5,10,3,3,40,3910,1147]
s: 4004
d: [2,1603,1,10,4,0,40,498,424]
s: 1603
d: [2,1604,1,10,4,0,40,498,425]
s: 1604
d: [2,3885,4,15,6,1,40,3598,492]
d: [2,3911,4,13,5,2,21,3885,568]
d: [2,3912,4,11,4,3,21,3911,573]
s: 3912
d: [2,1605,1,10,4,0,40,498,446]
s: 1605
d: [2,4022,5,9,3,3,40,3912,1148]
s: 4022
d: [2,1606,1,10,4,0,40,498,449]
s: 1606
d: [2,1607,1,10,4,0,40,498,450]
s: 1607
d: [2,4023,5,9,3,3,40,3912,1149]
s: 4023
d: [2,1608,1,10,4,0,40,498,452]
s: 1608
d: [2,4021,5,10,3,3,40,3912,1147]
s: 4021
d: [2,1609,1,10,4,0,40,498,453]
s: 1609
d: [2,1610,1,10,4,0,40,498,458]
s: 1610
d: [2,3905,4,15,4,1,40,3598,515]
d: [2,3920,4,11,3,1,21,3905,408]
s: 3920
d: [2,1614,1,14,4,0,40,498,515]
d: [2,1615,1,10,3,0,21,1614,408]
s: 1615
d: [2,4038,5,11,3,1,40,3920,529]
s: 4038
d: [2,1622,1,10,4,0,40,500,420]
s: 1622
d: [2,1623,1,10,4,0,40,500,421]
s: 1623
d: [2,4048,6,16,4,1,40,4038,3920]
a: [3,4055,6,8,2,4048]
s: 4055
d: [2,1624,1,10,4,0,40,500,424]
s: 1624
d: [2,4059,7,9,2,1,40,4055,1410]
s: 4059
d: [2,1625,1,10,4,0,40,500,425]
s: 1625
d: [2,1626,1,10,4,0,40,500,446]
s: 1626
d: [2,3845,6,11,3,1,40,3837,1410]
s: 3845
r: 3148
r: 3850
r: 3848
r: 3845
r: 3837
r: 3661
d: [2,1627,1,10,4,0,40,500,449]
s: 1627
a: [3,2411,3,3,1,2401]
s: 2411
r: 2834
r: 2703
r: 2380
r: 3637
r: 2522
r: 2537
r: 2676
r: 3665
r: 3608
r: 3325
r: 2798
r: 2767
r: 2763
r: 2760
r: 2732
r: 2713
r: 2350
r: 1791
r: 1789
r: 1781
r: 1773
r: 1765
r: 1749
r: 1699
r: 1671
d: [2,1628,1,10,4,0,40,500,450]
s: 1628
d: [2,1629,1,10,4,0,40,500,452]
s: 1629
a: [3,3147,4,3,1,3128]
s: 3147
d: [2,4109,5,0,0,3,52,573,568,3147,487]
e: 4109
d: [2,4110,5,0,0,2,52,2950,3147,454]
e: 4110
d: [2,4111,5,0,0,2,52,3068,3147,455]
e: 4111
d: [2,4112,5,0,0,2,52,3109,3147,456]
e: 4112
d: [2,4113,5,0,0,3,52,2898,3147,1096]
e: 4113
d: [2,4114,5,0,0,3,52,2859,3147,1538]
e: 4114
d: [2,4115,6,0,0,3,52,2985,3147,2606]
e: 4115
d: [2,4116,7,0,0,3,52,2826,3147,2659]
e: 4116
d: [2,4117,7,0,0,3,52,2791,3147,2662]
e: 4117
d: [2,4118,5,4,2,1,40,3147,487]
d: [2,4136,5,2,1,2,21,4118,568]
d: [2,4137,5,0,0,3,21,4136,573]
e: 4137
d: [2,4119,5,3,1,1,40,3147,454]
d: [2,4139,5,0,0,2,21,4119,2950]
e: 4139
d: [2,4120,5,3,1,1,40,3147,455]
d: [2,4141,5,0,0,2,21,4120,3068]
e: 4141
d: [2,4121,5,3,1,1,40,3147,456]
d: [2,4143,5,0,0,2,21,4121,3109]
e: 4143
d: [2,4122,5,3,1,2,40,3147,1096]
d: [2,4145,5,0,0,3,21,4122,2898]
e: 4145
d: [2,4123,5,3,1,2,40,3147,1538]
d: [2,4147,5,0,0,3,21,4123,2859]
e: 4147
d: [2,4124,6,3,1,2,40,3147,2606]
d: [2,4149,6,0,0,3,21,4124,2985]
e: 4149
d: [2,4125,7,3,1,2,40,3147,2659]
d: [2,4151,7,0,0,3,21,4125,2826]
e: 4151
d: [2,4126,7,3,1,2,40,3147,2662]
d: [2,4153,7,0,0,3,21,4126,2791]
e: 4153
r: 3147
d: [2,1630,1,10,4,0,40,500,453]
s: 1630
s: 3148
d: [2,1631,1,10,4,0,40,500,458]
s: 1631
d: [2,1635,1,14,4,0,40,500,515]
d: [2,1636,1,10,3,0,21,1635,408]
s: 1636
d: [2,3721,4,3,1,1,40,3152,1149]
a: [3,3735,4,3,1,3721]
s: 3735
r: 3735
d: [2,1637,1,10,4,0,40,502,420]
s: 1637
a: [3,3734,4,3,1,3721]
s: 3734
d: [2,4211,5,0,0,2,52,1833,3734,1371]
e: 4211
d: [2,4212,5,0,0,2,52,1833,526,3734,458]
e: 4212
d: [2,4213,5,0,0,2,52,1833,1149,3734,1361]
e: 4213
d: [2,4214,5,2,1,1,40,3734,1371]
d: [2,4218,5,0,0,2,21,4214,1833]
e: 4218
r: 1833
r: 3734
s: 1833
d: [2,2112,1,11,3,1,40,2105,563]
a: [3,2138,1,9,2,2112]
s: 2138
s: 3735
d: [2,1638,1,10,4,0,40,502,421]
s: 1638
d: [2,4163,5,3,1,1,40,3735,454]
a: [3,4174,5,3,1,4163]
s: 4174
d: [2,1639,1,10,4,0,40,502,424]
s: 1639
d: [2,1640,1,10,4,0,40,502,425]
s: 1640
d: [2,4164,5,3,1,1,40,3735,455]
a: [3,4179,5,3,1,4164]
s: 4179
d: [2,1641,1,10,4,0,40,502,446]
s: 1641
d: [2,4165,5,3,1,1,40,3735,456]
a: [3,4184,5,3,1,4165]
s: 4184
d: [2,1642,1,10,4,0,40,502,449]
s: 1642
d: [2,1643,1,10,4,0,40,502,450]
s: 1643
d: [2,4166,5,3,1,2,40,3735,1096]
a: [3,4189,5,3,1,4166]
s: 4189
d: [2,1644,1,10,4,0,40,502,452]
s: 1644
d: [2,4167,5,3,1,2,40,3735,1538]
a: [3,4194,5,3,1,4167]
s: 4194
d: [2,1645,1,10,4,0,40,502,453]
s: 1645
d: [2,1646,1,10,4,0,40,502,458]
s: 1646
d: [2,4168,6,3,1,2,40,3735,2606]
a: [3,4199,6,3,1,4168]
s: 4199
d: [2,1650,1,14,4,0,40,502,515]
d: [2,1651,1,10,3,0,21,1650,408]
s: 1651
d: [2,4169,7,3,1,2,40,3735,2659]
a: [3,4204,7,3,1,4169]
s: 4204
d: [2,1652,1,10,4,0,40,504,420]
s: 1652
d: [2,1653,1,10,4,0,40,504,421]
s: 1653
d: [2,4170,7,3,1,2,40,3735,2662]
a: [3,4209,7,3,1,4170]
s: 4209
d: [2,1654,1,10,4,0,40,504,424]
s: 1654
d: [2,3280,2,7,2,1,40,1475,2322]
a: [3,3703,2,4,1,3280]
s: 3703
d: [2,1655,1,10,4,0,40,504,425]
s: 1655
d: [2,1656,1,10,4,0,40,504,446]
s: 1656
d: [2,3719,4,4,1,1,40,3152,1147]
a: [3,3730,4,4,1,3719]
s: 3730
r: 3730
d: [2,1657,1,10,4,0,40,504,449]
s: 1657
a: [3,3729,4,4,1,3719]
s: 3729
d: [2,4410,5,0,0,2,52,1833,3729,1369]
e: 4410
d: [2,4411,5,0,0,2,52,1833,523,3729,458]
e: 4411
d: [2,4412,5,0,0,2,52,1833,1147,3729,1361]
e: 4412
d: [2,4413,5,2,1,1,40,3729,1369]
d: [2,4417,5,0,0,2,21,4413,1833]
e: 4417
r: 1833
r: 2411
r: 3729
s: 1833
s: 1671
s: 2522
d: [2,1658,1,10,4,0,40,504,450]
s: 1658
s: 2537
d: [2,1659,1,10,4,0,40,504,452]
s: 1659
d: [2,1660,1,10,4,0,40,504,453]
s: 1660
s: 2589
d: [2,1661,1,10,4,0,40,504,458]
s: 1661
s: 2703
d: [2,1665,1,14,4,0,40,504,515]
d: [2,1666,1,10,3,0,21,1665,408]
s: 1666
d: [2,1676,1,10,3,0,40,520,444]
s: 1676
s: 3637
d: [2,1792,1,10,4,0,40,411,517]
s: 1792
d: [2,4487,5,0,0,4,52,1833,3148,3703,2322,1792]
e: 4487
d: [2,4503,2,9,3,1,40,1792,2322]
d: [2,4535,2,5,2,2,21,4503,3703]
d: [2,4536,2,2,1,3,21,4535,3148]
d: [2,4537,2,0,0,4,21,4536,1833]
e: 4537
r: 3703
a: [3,3702,2,4,1,3280]
s: 3702
d: [2,2048,1,18,7,0,40,493,471]
d: [2,2068,1,14,5,0,18,2048]
d: [2,2073,1,10,4,0,21,2068,473]
s: 2073
d: [2,2163,1,21,8,0,40,494,477]
d: [2,2179,1,17,6,0,18,2163]
d: [2,2190,1,13,5,0,21,2179,479]
d: [2,2191,1,10,4,0,21,2190,478]
s: 2191
s: 3730
d: [2,2239,1,17,6,0,40,467,441]
d: [2,2250,1,15,5,0,18,2239]
d: [2,2251,1,10,4,0,21,2250,528]
s: 2251
d: [2,4362,5,4,1,1,40,3730,454]
a: [3,4373,5,4,1,4362]
s: 4373
d: [2,2240,1,17,6,0,40,467,442]
d: [2,2249,1,15,5,0,18,2240]
d: [2,2252,1,10,4,0,21,2249,489]
s: 2252
d: [2,2285,1,17,6,0,40,469,442]
d: [2,2294,1,15,5,0,18,2285]
d: [2,2296,1,10,4,0,21,2294,528]
s: 2296
d: [2,4363,5,4,1,1,40,3730,455]
a: [3,4378,5,4,1,4363]
s: 4378
d: [2,1534,1,11,4,0,40,465,522]
s: 1534
d: [2,4364,5,4,1,1,40,3730,456]
a: [3,4383,5,4,1,4364]
s: 4383
d: [2,1598,1,11,4,0,40,496,522]
s: 1598
d: [2,1613,1,11,4,0,40,498,522]
s: 1613
d: [2,4365,5,4,1,2,40,3730,1096]
a: [3,4388,5,4,1,4365]
s: 4388
d: [2,1634,1,11,4,0,40,500,522]
s: 1634
d: [2,4366,5,4,1,2,40,3730,1538]
a: [3,4393,5,4,1,4366]
s: 4393
d: [2,1649,1,11,4,0,40,502,522]
s: 1649
d: [2,1664,1,11,4,0,40,504,522]
s: 1664
d: [2,4367,6,4,1,2,40,3730,2606]
a: [3,4398,6,4,1,4367]
s: 4398
d: [2,1669,1,11,3,0,40,520,441]
s: 1669
d: [2,4368,7,4,1,2,40,3730,2659]
a: [3,4403,7,4,1,4368]
s: 4403
d: [2,1670,1,11,3,0,40,520,442]
s: 1670
d: [2,1798,1,11,4,0,40,411,409]
s: 1798
d: [2,4369,7,4,1,2,40,3730,2662]
a: [3,4408,7,4,1,4369]
s: 4408
d: [2,1811,1,11,3,0,40,411,523]
s: 1811
d: [2,3782,8,9,2,2,40,3743,2332]
a: [3,3826,8,4,1,3782]
s: 3826
d: [2,1795,1,15,4,0,40,411,441]
d: [2,1824,1,11,3,0,21,1795,408]
s: 1824
d: [2,1796,1,15,4,0,40,411,442]
d: [2,1825,1,11,3,0,21,1796,408]
s: 1825
s: 2380
d: [2,1851,1,11,4,0,40,443,517]
s: 1851
s: 2408
d: [2,1867,1,11,3,0,40,443,526]
s: 1867
d: [2,1864,1,13,5,0,40,443,504]
d: [2,1868,1,11,4,0,18,1864]
s: 1868
s: 2834
d: [2,1863,1,13,5,0,40,443,502]
d: [2,1869,1,11,4,0,18,1863]
s: 1869
s: 1447
d: [2,1862,1,13,5,0,40,443,500]
d: [2,1870,1,11,4,0,18,1862]
s: 1870
d: [2,1861,1,13,5,0,40,443,498]
d: [2,1871,1,11,4,0,18,1861]
s: 1871
d: [2,3296,3,9,3,1,40,1508,2332]
a: [3,3694,3,6,2,3296]
s: 3694
r: 3657
r: 4055
r: 4038
r: 3920
r: 3912
r: 3910
r: 3908
r: 3906
r: 3901
r: 3602
r: 3598
r: 3694
d: [2,1860,1,13,5,0,40,443,496]
d: [2,1872,1,11,4,0,18,1860]
s: 1872
s: 1699
d: [2,1857,1,13,5,0,40,443,465]
d: [2,1875,1,11,4,0,21,1857,440]
s: 1875
d: [2,1890,1,11,4,0,40,471,516]
s: 1890
s: 3608
d: [2,1910,1,11,4,0,40,474,516]
s: 1910
d: [2,4454,2,7,2,1,40,1671,516]
s: 4454
d: [2,1930,1,11,4,0,40,477,516]
s: 1930
d: [2,1954,1,15,6,0,40,490,504]
d: [2,1958,1,11,4,0,18,1954]
s: 1958
s: 3665
d: [2,1953,1,15,6,0,40,490,502]
d: [2,1959,1,11,4,0,18,1953]
s: 1959
d: [2,3274,3,10,3,1,40,1475,2332]
a: [3,3707,3,7,2,3274]
s: 3707
d: [2,4753,4,0,0,2,52,528,3702,3707]
e: 4753
d: [2,4754,4,3,1,2,40,3707,3702]
d: [2,4760,4,0,0,2,21,4754,528]
e: 4760
r: 3707
d: [2,1952,1,15,6,0,40,490,500]
d: [2,1960,1,11,4,0,18,1952]
s: 1960
d: [2,1951,1,15,6,0,40,490,498]
d: [2,1961,1,11,4,0,18,1951]
s: 1961
d: [2,3738,4,7,2,1,40,3665,529]
s: 3738
d: [2,1943,1,13,5,0,40,490,444]
d: [2,1966,1,11,4,0,18,1943]
s: 1966
d: [2,4750,4,7,2,1,40,3665,529]
s: 4750
d: [2,1986,1,15,6,0,40,491,500]
d: [2,1994,1,11,4,0,18,1986]
s: 1994
d: [2,1984,1,15,6,0,40,491,496]
d: [2,1996,1,11,4,0,18,1984]
s: 1996
s: 3657
d: [2,1977,1,13,5,0,40,491,444]
d: [2,2000,1,11,4,0,18,1977]
s: 2000
d: [2,3781,8,12,3,2,40,3743,2394]
a: [3,3821,8,7,2,3781]
s: 3821
d: [2,2021,1,15,6,0,40,492,502]
d: [2,2027,1,11,4,0,18,2021]
s: 2027
d: [2,2019,1,15,6,0,40,492,498]
d: [2,2029,1,11,4,0,18,2019]
s: 2029
d: [2,4774,9,8,3,1,40,3821,489]
d: [2,4787,9,6,2,2,21,4774,568]
d: [2,4788,9,4,1,3,21,4787,573]
a: [3,4792,9,4,1,4788]
s: 4792
d: [2,2018,1,15,6,0,40,492,496]
d: [2,2030,1,11,4,0,18,2018]
s: 2030
s: 1791
d: [2,2011,1,13,5,0,40,492,444]
d: [2,2034,1,11,4,0,18,2011]
s: 2034
d: [2,2086,1,17,5,0,40,2084,2039]
d: [2,2087,1,11,3,0,18,2086]
s: 2087
s: 1874
d: [2,2103,1,17,5,0,40,2088,2039]
d: [2,2104,1,11,3,0,18,2103]
s: 2104
s: 1968
d: [2,2114,1,14,4,0,40,2105,413]
d: [2,2140,1,11,3,0,21,2114,414]
s: 2140
d: [2,2115,1,14,4,0,40,2105,415]
d: [2,2141,1,11,3,0,21,2115,416]
s: 2141
s: 2002
d: [2,2166,1,19,7,0,40,494,496]
d: [2,2178,1,15,5,0,18,2166]
d: [2,2194,1,11,4,0,21,2178,497]
s: 2194
s: 2036
d: [2,2167,1,19,7,0,40,494,498]
d: [2,2177,1,15,5,0,18,2167]
d: [2,2195,1,11,4,0,21,2177,499]
s: 2195
d: [2,2169,1,19,7,0,40,494,502]
d: [2,2175,1,15,5,0,18,2169]
d: [2,2196,1,11,4,0,21,2175,503]
s: 2196
d: [2,4435,2,10,4,1,40,1671,443]
d: [2,4459,2,8,3,2,21,4435,568]
s: 4459
d: [2,2170,1,19,7,0,40,494,504]
d: [2,2174,1,15,5,0,18,2170]
d: [2,2197,1,11,4,0,21,2174,505]
s: 2197
d: [2,4436,2,12,5,1,40,1671,490]
d: [2,4460,2,10,4,2,21,4436,568]
d: [2,4461,2,8,3,3,21,4460,573]
s: 4461
d: [2,1507,1,12,4,0,40,521,489]
s: 1507
d: [2,4910,2,0,0,4,52,573,568,2260,2322,1507]
e: 4910
d: [2,4916,2,8,3,1,40,1507,2322]
d: [2,4933,2,4,2,2,21,4916,2260]
d: [2,4934,2,2,1,3,21,4933,568]
d: [2,4935,2,0,0,4,21,4934,573]
e: 4935
f: 4935,2318,2256,392,393,394,395,396,397
% Refutation found. Thanks to Tanya!
% SZS status Theorem for tdlat_2__t80_tdlat_2
% SZS output start Proof for tdlat_2__t80_tdlat_2
1. ! [X0] : ((l1_pre_topc(X0) & v2_pre_topc(X0) & ~v2_struct_0(X0)) => ! [X1] : (m1_subset_1(X1,k1_zfmisc_1(k1_zfmisc_1(u1_struct_0(X0)))) => (v3_tdlat_2(X1,X0) => v1_tdlat_2(X1,X0)))) [input t80_tdlat_2]
2. ~! [X0] : ((l1_pre_topc(X0) & v2_pre_topc(X0) & ~v2_struct_0(X0)) => ! [X1] : (m1_subset_1(X1,k1_zfmisc_1(k1_zfmisc_1(u1_struct_0(X0)))) => (v3_tdlat_2(X1,X0) => v1_tdlat_2(X1,X0)))) [negated conjecture 1]
130. ! [X0] : ! [X1] : ! [X2] : ((r1_tarski(X1,X2) & r1_tarski(X0,X1)) => r1_tarski(X0,X2)) [input t1_xboole_1]
132. ! [X0] : ((l1_pre_topc(X0) & v2_pre_topc(X0)) => r1_tarski(k9_tdlat_1(X0),k1_tdlat_1(X0))) [input t35_tdlat_1]
136. ! [X0] : ((l1_pre_topc(X0) & v2_pre_topc(X0) & ~v2_struct_0(X0)) => ! [X1] : (m1_subset_1(X1,k1_zfmisc_1(k1_zfmisc_1(u1_struct_0(X0)))) => (r1_tarski(X1,k1_tdlat_1(X0)) <=> v1_tdlat_2(X1,X0)))) [input t65_tdlat_2]
138. ! [X0] : ((l1_pre_topc(X0) & v2_pre_topc(X0) & ~v2_struct_0(X0)) => ! [X1] : (m1_subset_1(X1,k1_zfmisc_1(k1_zfmisc_1(u1_struct_0(X0)))) => (r1_tarski(X1,k9_tdlat_1(X0)) <=> v3_tdlat_2(X1,X0)))) [input t79_tdlat_2]
147. ! [X0,X1,X2] : ((r1_tarski(X1,X2) & r1_tarski(X0,X1)) => r1_tarski(X0,X2)) [flattening 130]
181. ? [X0] : (? [X1] : ((~v1_tdlat_2(X1,X0) & v3_tdlat_2(X1,X0)) & m1_subset_1(X1,k1_zfmisc_1(k1_zfmisc_1(u1_struct_0(X0))))) & (l1_pre_topc(X0) & v2_pre_topc(X0) & ~v2_struct_0(X0))) [ennf transformation 2]
182. ? [X0] : (? [X1] : (~v1_tdlat_2(X1,X0) & v3_tdlat_2(X1,X0) & m1_subset_1(X1,k1_zfmisc_1(k1_zfmisc_1(u1_struct_0(X0))))) & l1_pre_topc(X0) & v2_pre_topc(X0) & ~v2_struct_0(X0)) [flattening 181]
248. ! [X0] : (! [X1] : ((r1_tarski(X1,k1_tdlat_1(X0)) <=> v1_tdlat_2(X1,X0)) | ~m1_subset_1(X1,k1_zfmisc_1(k1_zfmisc_1(u1_struct_0(X0))))) | (~l1_pre_topc(X0) | ~v2_pre_topc(X0) | v2_struct_0(X0))) [ennf transformation 136]
249. ! [X0] : (! [X1] : ((r1_tarski(X1,k1_tdlat_1(X0)) <=> v1_tdlat_2(X1,X0)) | ~m1_subset_1(X1,k1_zfmisc_1(k1_zfmisc_1(u1_struct_0(X0))))) | ~l1_pre_topc(X0) | ~v2_pre_topc(X0) | v2_struct_0(X0)) [flattening 248]
250. ! [X0] : (! [X1] : ((r1_tarski(X1,k9_tdlat_1(X0)) <=> v3_tdlat_2(X1,X0)) | ~m1_subset_1(X1,k1_zfmisc_1(k1_zfmisc_1(u1_struct_0(X0))))) | (~l1_pre_topc(X0) | ~v2_pre_topc(X0) | v2_struct_0(X0))) [ennf transformation 138]
251. ! [X0] : (! [X1] : ((r1_tarski(X1,k9_tdlat_1(X0)) <=> v3_tdlat_2(X1,X0)) | ~m1_subset_1(X1,k1_zfmisc_1(k1_zfmisc_1(u1_struct_0(X0))))) | ~l1_pre_topc(X0) | ~v2_pre_topc(X0) | v2_struct_0(X0)) [flattening 250]
268. ! [X0] : (r1_tarski(k9_tdlat_1(X0),k1_tdlat_1(X0)) | (~l1_pre_topc(X0) | ~v2_pre_topc(X0))) [ennf transformation 132]
269. ! [X0] : (r1_tarski(k9_tdlat_1(X0),k1_tdlat_1(X0)) | ~l1_pre_topc(X0) | ~v2_pre_topc(X0)) [flattening 268]
313. ! [X0,X1,X2] : (r1_tarski(X0,X2) | (~r1_tarski(X1,X2) | ~r1_tarski(X0,X1))) [ennf transformation 147]
314. ! [X0,X1,X2] : (r1_tarski(X0,X2) | ~r1_tarski(X1,X2) | ~r1_tarski(X0,X1)) [flattening 313]
323. ? [X0] : (? [X1] : (~v1_tdlat_2(X1,X0) & v3_tdlat_2(X1,X0) & m1_subset_1(X1,k1_zfmisc_1(k1_zfmisc_1(u1_struct_0(X0))))) & l1_pre_topc(X0) & v2_pre_topc(X0) & ~v2_struct_0(X0)) => (? [X1] : (~v1_tdlat_2(X1,sK0) & v3_tdlat_2(X1,sK0) & m1_subset_1(X1,k1_zfmisc_1(k1_zfmisc_1(u1_struct_0(sK0))))) & l1_pre_topc(sK0) & v2_pre_topc(sK0) & ~v2_struct_0(sK0)) [choice axiom]
324. ? [X1] : (~v1_tdlat_2(X1,sK0) & v3_tdlat_2(X1,sK0) & m1_subset_1(X1,k1_zfmisc_1(k1_zfmisc_1(u1_struct_0(sK0))))) => (~v1_tdlat_2(sK1,sK0) & v3_tdlat_2(sK1,sK0) & m1_subset_1(sK1,k1_zfmisc_1(k1_zfmisc_1(u1_struct_0(sK0))))) [choice axiom]
325. (~v1_tdlat_2(sK1,sK0) & v3_tdlat_2(sK1,sK0) & m1_subset_1(sK1,k1_zfmisc_1(k1_zfmisc_1(u1_struct_0(sK0))))) & l1_pre_topc(sK0) & v2_pre_topc(sK0) & ~v2_struct_0(sK0) [skolemisation 182,324,323]
338. ! [X0] : (! [X1] : (((r1_tarski(X1,k1_tdlat_1(X0)) | ~v1_tdlat_2(X1,X0)) & (v1_tdlat_2(X1,X0) | ~r1_tarski(X1,k1_tdlat_1(X0)))) | ~m1_subset_1(X1,k1_zfmisc_1(k1_zfmisc_1(u1_struct_0(X0))))) | ~l1_pre_topc(X0) | ~v2_pre_topc(X0) | v2_struct_0(X0)) [nnf transformation 249]
339. ! [X0] : (! [X1] : (((r1_tarski(X1,k9_tdlat_1(X0)) | ~v3_tdlat_2(X1,X0)) & (v3_tdlat_2(X1,X0) | ~r1_tarski(X1,k9_tdlat_1(X0)))) | ~m1_subset_1(X1,k1_zfmisc_1(k1_zfmisc_1(u1_struct_0(X0))))) | ~l1_pre_topc(X0) | ~v2_pre_topc(X0) | v2_struct_0(X0)) [nnf transformation 251]
392. ~v2_struct_0(sK0) [cnf transformation 325] {a:0,w:2,wCS:200,goal:1,sine:0,thAx:0,allAx:3,thDist:-3}
393. v2_pre_topc(sK0) [cnf transformation 325] {a:0,w:2,wCS:200,goal:1,sine:0,thAx:0,allAx:3,thDist:-3}
394. l1_pre_topc(sK0) [cnf transformation 325] {a:0,w:2,wCS:200,goal:1,sine:0,thAx:0,allAx:3,thDist:-3}
395. m1_subset_1(sK1,k1_zfmisc_1(k1_zfmisc_1(u1_struct_0(sK0)))) [cnf transformation 325] {a:0,w:6,wCS:600,goal:1,sine:0,thAx:0,allAx:3,thDist:-3}
396. v3_tdlat_2(sK1,sK0) [cnf transformation 325] {a:0,w:3,wCS:300,goal:1,sine:0,thAx:0,allAx:3,thDist:-3}
397. ~v1_tdlat_2(sK1,sK0) [cnf transformation 325] {a:0,w:3,wCS:300,goal:1,sine:0,thAx:0,allAx:3,thDist:-3}
467. ~m1_subset_1(X1,k1_zfmisc_1(k1_zfmisc_1(u1_struct_0(X0)))) | ~r1_tarski(X1,k1_tdlat_1(X0)) | v1_tdlat_2(X1,X0) | ~l1_pre_topc(X0) | ~v2_pre_topc(X0) | v2_struct_0(X0) [cnf transformation 338] {a:0,w:19,wCS:7600,nSel:1,sine:1,thAx:0,allAx:1,thDist:-1}
470. ~m1_subset_1(X1,k1_zfmisc_1(k1_zfmisc_1(u1_struct_0(X0)))) | ~v3_tdlat_2(X1,X0) | r1_tarski(X1,k9_tdlat_1(X0)) | ~l1_pre_topc(X0) | ~v2_pre_topc(X0) | v2_struct_0(X0) [cnf transformation 339] {a:0,w:19,wCS:7600,nSel:1,sine:1,thAx:0,allAx:1,thDist:-1}
489. r1_tarski(k9_tdlat_1(X0),k1_tdlat_1(X0)) | ~l1_pre_topc(X0) | ~v2_pre_topc(X0) [cnf transformation 269] {a:0,w:9,wCS:3600,nSel:1,sine:2,thAx:0,allAx:1,thDist:-1}
521. ~r1_tarski(X1,X2) | r1_tarski(X0,X2) | ~r1_tarski(X0,X1) [cnf transformation 314] {a:0,w:9,wCS:3600,nSel:1,sine:2,thAx:0,allAx:1,thDist:-1}
551. 1 <=> v1_tdlat_2(sK1,sK0) [avatar definition]
553. ~v1_tdlat_2(sK1,sK0) <- (~1) [avatar component clause 551] {a:0,w:3,wCS:300,nSel:1,goal:1,sine:255,thAx:0,allAx:3,thDist:-3}
554. ~1 [avatar split clause 397,551]
556. 2 <=> v3_tdlat_2(sK1,sK0) [avatar definition]
558. v3_tdlat_2(sK1,sK0) <- (2) [avatar component clause 556] {a:0,w:3,wCS:300,nSel:1,goal:1,sine:255,thAx:0,allAx:3,thDist:-3}
559. 2 [avatar split clause 396,556]
561. 3 <=> m1_subset_1(sK1,k1_zfmisc_1(k1_zfmisc_1(u1_struct_0(sK0)))) [avatar definition]
563. m1_subset_1(sK1,k1_zfmisc_1(k1_zfmisc_1(u1_struct_0(sK0)))) <- (3) [avatar component clause 561] {a:0,w:6,wCS:600,nSel:1,goal:1,sine:255,thAx:0,allAx:3,thDist:-3}
564. 3 [avatar split clause 395,561]
566. 4 <=> l1_pre_topc(sK0) [avatar definition]
568. l1_pre_topc(sK0) <- (4) [avatar component clause 566] {a:0,w:2,wCS:200,nSel:1,goal:1,sine:255,thAx:0,allAx:3,thDist:-3}
569. 4 [avatar split clause 394,566]
571. 5 <=> v2_pre_topc(sK0) [avatar definition]
573. v2_pre_topc(sK0) <- (5) [avatar component clause 571] {a:0,w:2,wCS:200,nSel:1,goal:1,sine:255,thAx:0,allAx:3,thDist:-3}
574. 5 [avatar split clause 393,571]
576. 6 <=> v2_struct_0(sK0) [avatar definition]
578. ~v2_struct_0(sK0) <- (~6) [avatar component clause 576] {a:0,w:2,wCS:200,nSel:1,goal:1,sine:255,thAx:0,allAx:3,thDist:-3}
579. ~6 [avatar split clause 392,576]
1507. ~r1_tarski(X3,k9_tdlat_1(X4)) | r1_tarski(X3,k1_tdlat_1(X4)) | ~l1_pre_topc(X4) | ~v2_pre_topc(X4) [resolution 521,489] {a:1,w:12,wCS:4800,nSel:1,sine:2,thAx:0,allAx:2,thDist:-2}
2241. ~r1_tarski(sK1,k1_tdlat_1(sK0)) | v1_tdlat_2(sK1,sK0) | ~l1_pre_topc(sK0) | ~v2_pre_topc(sK0) | v2_struct_0(sK0) <- (3) [resolution 467,563] {a:1,w:13,wCS:1300,goal:1,sine:1,thAx:0,allAx:4,thDist:-4}
2253. ~r1_tarski(sK1,k1_tdlat_1(sK0)) | ~l1_pre_topc(sK0) | ~v2_pre_topc(sK0) | v2_struct_0(sK0) <- (~1, 3) [subsumption resolution 2241,553] {a:1,w:10,wCS:1000,goal:1,sine:1,thAx:0,allAx:4,thDist:-4}
2254. ~r1_tarski(sK1,k1_tdlat_1(sK0)) | ~v2_pre_topc(sK0) | v2_struct_0(sK0) <- (~1, 3, 4) [subsumption resolution 2253,568] {a:1,w:8,wCS:800,goal:1,sine:1,thAx:0,allAx:4,thDist:-4}
2255. ~r1_tarski(sK1,k1_tdlat_1(sK0)) | v2_struct_0(sK0) <- (~1, 3, 4, 5) [subsumption resolution 2254,573] {a:1,w:6,wCS:600,goal:1,sine:1,thAx:0,allAx:4,thDist:-4}
2256. ~r1_tarski(sK1,k1_tdlat_1(sK0)) <- (~1, 3, 4, 5, ~6) [subsumption resolution 2255,578] {a:1,w:4,wCS:400,goal:1,sine:1,thAx:0,allAx:4,thDist:-4}
2258. 167 <=> r1_tarski(sK1,k1_tdlat_1(sK0)) [avatar definition]
2260. ~r1_tarski(sK1,k1_tdlat_1(sK0)) <- (~167) [avatar component clause 2258] {a:1,w:4,wCS:400,nSel:1,goal:1,sine:255,thAx:0,allAx:4,thDist:-4}
2261. ~167 | 1 | ~3 | ~4 | ~5 | 6 [avatar split clause 2256,576,571,566,561,551,2258]
2305. ~v3_tdlat_2(sK1,sK0) | r1_tarski(sK1,k9_tdlat_1(sK0)) | ~l1_pre_topc(sK0) | ~v2_pre_topc(sK0) | v2_struct_0(sK0) <- (3) [resolution 470,563] {a:1,w:13,wCS:1300,goal:1,sine:1,thAx:0,allAx:4,thDist:-4}
2315. r1_tarski(sK1,k9_tdlat_1(sK0)) | ~l1_pre_topc(sK0) | ~v2_pre_topc(sK0) | v2_struct_0(sK0) <- (2, 3) [subsumption resolution 2305,558] {a:1,w:10,wCS:1000,goal:1,sine:1,thAx:0,allAx:4,thDist:-4}
2316. r1_tarski(sK1,k9_tdlat_1(sK0)) | ~v2_pre_topc(sK0) | v2_struct_0(sK0) <- (2, 3, 4) [subsumption resolution 2315,568] {a:1,w:8,wCS:800,goal:1,sine:1,thAx:0,allAx:4,thDist:-4}
2317. r1_tarski(sK1,k9_tdlat_1(sK0)) | v2_struct_0(sK0) <- (2, 3, 4, 5) [subsumption resolution 2316,573] {a:1,w:6,wCS:600,goal:1,sine:1,thAx:0,allAx:4,thDist:-4}
2318. r1_tarski(sK1,k9_tdlat_1(sK0)) <- (2, 3, 4, 5, ~6) [subsumption resolution 2317,578] {a:1,w:4,wCS:400,goal:1,sine:1,thAx:0,allAx:4,thDist:-4}
2320. 168 <=> r1_tarski(sK1,k9_tdlat_1(sK0)) [avatar definition]
2322. r1_tarski(sK1,k9_tdlat_1(sK0)) <- (168) [avatar component clause 2320] {a:1,w:4,wCS:400,nSel:1,goal:1,sine:255,thAx:0,allAx:4,thDist:-4}
2323. 168 | ~2 | ~3 | ~4 | ~5 | 6 [avatar split clause 2318,576,571,566,561,556,2320]
4916. r1_tarski(sK1,k1_tdlat_1(sK0)) | ~l1_pre_topc(sK0) | ~v2_pre_topc(sK0) <- (168) [resolution 1507,2322] {a:2,w:8,wCS:800,goal:1,sine:2,thAx:0,allAx:6,thDist:-6}
4933. ~l1_pre_topc(sK0) | ~v2_pre_topc(sK0) <- (~167, 168) [subsumption resolution 4916,2260] {a:2,w:4,wCS:400,goal:1,sine:2,thAx:0,allAx:6,thDist:-6}
4934. ~v2_pre_topc(sK0) <- (4, ~167, 168) [subsumption resolution 4933,568] {a:2,w:2,wCS:200,goal:1,sine:2,thAx:0,allAx:6,thDist:-6}
4935. $false <- (4, 5, ~167, 168) [subsumption resolution 4934,573] {a:2,w:0,goal:1,sine:2,thAx:0,allAx:6,thDist:-6}
4936. ~4 | ~5 | 167 | ~168 [avatar contradiction clause 4935]
4940. $false [avatar sat refutation 554,559,564,569,574,579,2261,2323,4936] {a:0,w:0,goal:1,sine:0,thAx:0,allAx:4167,thDist:-4167}
% SZS output end Proof for tdlat_2__t80_tdlat_2
% ------------------------------
% Version: Vampire 4.5.1 (commit 226f88162 on 2021-09-12 20:13:44 +0200)
% Termination reason: Refutation

% >>> Input
% Input formulas: 139
% >>> Preprocessing
% Introduced skolems: 33
% Pure predicates: 13
% 
% >>> Saturation
% Initial clauses: 158
% Generated clauses: 3341
% Active clauses: 809
% Passive clauses: 1642
% Final active clauses: 687
% Final passive clauses: 761
% Main loop iterations started: 850
% 
% >>> Simplifying Inferences
% Duplicate literals: 191
% Fw subsumption resolutions: 304
% Fw demodulations: 1
% Bw demodulations: 1
% 
% >>> Deletion Inferences
% Simple tautologies: 69
% Forward subsumptions: 770
% Backward subsumptions: 48
% 
% >>> Generating Inferences
% Binary resolution: 2213
% Unit resulting resolution: 23
% Forward superposition: 12
% Backward superposition: 3
% Self superposition: 1
% 
% >>> AVATAR
% Split clauses: 132
% Split components: 267
% Sat splitting refutations: 42
% 
% >>> SAT Solver Statistics
% SAT solver clauses: 427
% SAT solver unit clauses: 39
% SAT solver binary clauses: 195
% 
% Memory used [KB]: 12537
% Time elapsed: 0.039 s
% ------------------------------
% ------------------------------
% Time measurement results:
% parsing: 0.001 s
% SAT solver time: 0.001 s
% sat proof minimization: 0.001 s
% term sharing: 0.002 s
% congruence closure: 0.003 s
% backward subsumption index maintenance: 0.001 s ( own 0.0000 s ) 
% backward superposition index maintenance: 0.002 s
% backward demodulation index maintenance: 0.001 s
% forward subsumption: 0.004 s
% forward subsumption resolution: 0.005 s
% resolution: 0.005 s
% unit resulting resolution: 0.005 s ( own 0.004 s ) 
% superposition: 0.002 s
% other: 0.039 s ( own 0.008 s ) 

