i: [1,284,0,2,1,1,0,0] t80_xcmplx_1
a: [3,441,0,2,1,284]
s: 441
i: [1,283,0,2,1,1,0,0] t80_xcmplx_1
a: [3,446,0,2,1,283]
s: 446
i: [1,282,0,2,1,1,0,0] t80_xcmplx_1
a: [3,451,0,2,1,282]
s: 451
i: [1,286,0,2,1,0,0,255] spc1_boole
a: [3,456,0,2,1,286]
s: 456
i: [1,287,0,2,1,0,0,255] fc1_xboole_0
a: [3,461,0,2,1,287]
s: 461
i: [1,298,0,2,1,0,0,255] fc6_ordinal1
a: [3,506,0,2,1,298]
s: 506
i: [1,297,0,2,1,0,0,255] fc6_ordinal1
a: [3,511,0,2,1,297]
s: 511
i: [1,299,0,2,1,0,0,255] spc1_numerals
a: [3,531,0,2,1,299]
s: 531
i: [1,400,0,2,1,0,0,2] rc2_xboole_0
a: [3,536,0,2,1,400]
s: 536
i: [1,401,0,2,1,0,0,255] rc4_ordinal1
a: [3,541,0,2,1,401]
s: 541
i: [1,402,0,2,1,0,0,255] rc1_ordinal1
a: [3,546,0,2,1,402]
s: 546
i: [1,403,0,2,1,0,0,2] rc1_xreal_0
a: [3,551,0,2,1,403]
s: 551
i: [1,404,0,2,1,0,0,255] rc1_xxreal_0
a: [3,556,0,2,1,404]
s: 556
i: [1,405,0,2,1,0,0,2] rc1_xboole_0
a: [3,561,0,2,1,405]
s: 561
i: [1,406,0,2,1,0,0,1] rc1_xcmplx_0
a: [3,566,0,2,1,406]
s: 566
i: [1,410,0,2,1,0,0,255] rc2_ordinal1
a: [3,571,0,2,1,410]
s: 571
i: [1,409,0,2,1,0,0,255] rc2_ordinal1
a: [3,576,0,2,1,409]
s: 576
i: [1,408,0,2,1,0,0,255] rc2_ordinal1
a: [3,581,0,2,1,408]
s: 581
i: [1,407,0,2,1,0,0,255] rc2_ordinal1
a: [3,586,0,2,1,407]
s: 586
i: [1,412,0,2,1,0,0,255] rc5_ordinal1
a: [3,591,0,2,1,412]
s: 591
i: [1,411,0,2,1,0,0,255] rc5_ordinal1
a: [3,596,0,2,1,411]
s: 596
i: [1,414,0,2,1,0,0,2] rc2_xcmplx_0
a: [3,601,0,2,1,414]
s: 601
i: [1,413,0,2,1,0,0,2] rc2_xcmplx_0
a: [3,606,0,2,1,413]
s: 606
i: [1,416,0,2,1,0,0,255] rc3_xxreal_0
a: [3,611,0,2,1,416]
s: 611
i: [1,415,0,2,1,0,0,255] rc3_xxreal_0
a: [3,616,0,2,1,415]
s: 616
i: [1,418,0,2,1,0,0,255] rc2_xxreal_0
a: [3,621,0,2,1,418]
s: 621
i: [1,417,0,2,1,0,0,255] rc2_xxreal_0
a: [3,626,0,2,1,417]
s: 626
i: [1,420,0,2,1,0,0,255] rc4_xxreal_0
a: [3,631,0,2,1,420]
s: 631
i: [1,419,0,2,1,0,0,255] rc4_xxreal_0
a: [3,636,0,2,1,419]
s: 636
i: [1,424,0,2,1,0,0,255] rc4_xreal_0
a: [3,641,0,2,1,424]
s: 641
i: [1,423,0,2,1,0,0,255] rc4_xreal_0
a: [3,646,0,2,1,423]
s: 646
i: [1,422,0,2,1,0,0,255] rc4_xreal_0
a: [3,651,0,2,1,422]
s: 651
i: [1,421,0,2,1,0,0,255] rc4_xreal_0
a: [3,656,0,2,1,421]
s: 656
i: [1,428,0,2,1,0,0,255] rc3_xreal_0
a: [3,661,0,2,1,428]
s: 661
i: [1,427,0,2,1,0,0,255] rc3_xreal_0
a: [3,666,0,2,1,427]
s: 666
i: [1,426,0,2,1,0,0,255] rc3_xreal_0
a: [3,671,0,2,1,426]
s: 671
i: [1,425,0,2,1,0,0,255] rc3_xreal_0
a: [3,676,0,2,1,425]
s: 676
i: [1,432,0,2,1,0,0,255] rc2_xreal_0
a: [3,681,0,2,1,432]
s: 681
i: [1,431,0,2,1,0,0,255] rc2_xreal_0
a: [3,686,0,2,1,431]
s: 686
i: [1,430,0,2,1,0,0,255] rc2_xreal_0
a: [3,691,0,2,1,430]
s: 691
i: [1,429,0,2,1,0,0,255] rc2_xreal_0
a: [3,696,0,2,1,429]
s: 696
i: [1,285,0,11,1,1,0,0] t80_xcmplx_1
a: [3,436,0,11,1,285]
s: 436
i: [1,374,0,3,1,0,0,255] reflexivity_r1_tarski
s: 374
i: [1,288,0,3,1,0,0,255] redefinition_k5_numbers
a: [3,466,0,3,1,288]
s: 466
i: [1,289,0,3,1,0,0,255] t1_numerals
a: [3,471,0,3,1,289]
s: 471
i: [1,302,0,3,1,0,0,255] spc1_numerals
a: [3,516,0,3,1,302]
s: 516
i: [1,301,0,3,1,0,0,255] spc1_numerals
a: [3,521,0,3,1,301]
s: 521
d: [2,698,0,3,1,2,22,521,466]
a: [3,702,0,3,1,698]
s: 702
i: [1,304,0,4,2,0,0,255] cc6_ordinal1
s: 304
i: [1,305,0,4,2,0,0,255] cc2_xreal_0
s: 305
i: [1,306,0,4,2,0,0,255] cc2_xxreal_0
s: 306
d: [2,704,1,2,1,1,40,304,541]
a: [3,709,1,2,1,704]
s: 709
i: [1,307,0,4,2,0,0,255] cc2_xcmplx_0
s: 307
d: [2,705,1,2,1,1,40,304,591]
a: [3,714,1,2,1,705]
s: 714
i: [1,308,0,4,2,0,0,255] cc1_ordinal1
s: 308
i: [1,309,0,4,2,0,0,255] cc1_ordinal1
s: 309
d: [2,716,1,2,1,1,40,305,541]
a: [3,721,1,2,1,716]
s: 721
i: [1,311,0,4,2,0,0,255] cc4_xreal_0
s: 311
d: [2,717,1,2,1,1,40,305,591]
a: [3,726,1,2,1,717]
s: 726
i: [1,312,0,4,2,0,0,2] cc3_xreal_0
s: 312
i: [1,317,0,4,2,0,0,255] cc9_ordinal1
s: 317
d: [2,728,1,2,1,1,40,306,541]
a: [3,733,1,2,1,728]
s: 733
i: [1,318,0,4,2,0,0,255] cc7_ordinal1
s: 318
d: [2,729,1,2,1,1,40,306,591]
a: [3,738,1,2,1,729]
s: 738
i: [1,319,0,4,2,0,0,255] cc3_ordinal1
s: 319
i: [1,373,0,4,1,0,0,255] existence_m1_subset_1
s: 373
d: [2,740,1,2,1,1,40,307,541]
a: [3,745,1,2,1,740]
s: 745
i: [1,290,0,4,1,0,0,255] dt_k5_numbers
a: [3,476,0,4,1,290]
s: 476
d: [2,741,1,2,1,1,40,307,591]
a: [3,750,1,2,1,741]
s: 750
i: [1,300,0,4,1,0,0,255] spc1_numerals
a: [3,526,0,4,1,300]
s: 526
d: [2,900,0,4,1,2,22,476,466]
a: [3,904,0,4,1,900]
s: 904
d: [2,752,1,2,1,1,40,308,506]
a: [3,760,1,2,1,752]
s: 760
d: [2,906,0,4,1,2,22,526,466]
a: [3,910,0,4,1,906]
s: 910
d: [2,754,1,2,1,1,40,308,546]
a: [3,770,1,2,1,754]
s: 770
i: [1,313,0,5,2,0,0,255] fc3_xreal_0
s: 313
i: [1,314,0,5,2,0,0,255] fc3_xreal_0
s: 314
d: [2,777,1,2,1,1,40,309,506]
a: [3,785,1,2,1,777]
s: 785
i: [1,315,0,5,2,0,0,255] fc4_xreal_0
s: 315
d: [2,779,1,2,1,1,40,309,546]
a: [3,795,1,2,1,779]
s: 795
i: [1,316,0,5,2,0,0,255] fc4_xreal_0
s: 316
i: [1,320,0,5,2,0,0,255] t6_boole
s: 320
d: [2,803,1,2,1,1,40,311,551]
a: [3,811,1,2,1,803]
s: 811
i: [1,321,0,5,2,0,0,255] dt_k4_xcmplx_0
s: 321
d: [2,816,1,2,1,1,40,312,551]
a: [3,825,1,2,1,816]
s: 825
i: [1,322,0,5,2,0,0,255] dt_k5_xcmplx_0
s: 322
i: [1,331,0,5,2,0,0,255] cc8_ordinal1
s: 331
d: [2,828,1,2,1,1,40,317,461]
a: [3,835,1,2,1,828]
s: 835
i: [1,332,0,5,2,0,0,255] cc1_xreal_0
s: 332
d: [2,829,1,2,1,1,40,317,561]
a: [3,840,1,2,1,829]
s: 840
i: [1,333,0,5,2,0,0,255] cc1_xcmplx_0
s: 333
i: [1,370,0,5,2,0,0,255] t7_boole
s: 370
d: [2,830,1,2,1,1,40,317,636]
a: [3,845,1,2,1,830]
s: 845
i: [1,291,0,5,1,0,0,255] rqRealNeg__k4_xcmplx_0__rm1_r1
a: [3,481,0,5,1,291]
s: 481
d: [2,831,1,2,1,1,40,317,656]
a: [3,850,1,2,1,831]
s: 850
i: [1,292,0,5,1,0,0,255] rqRealDiv__k7_xcmplx_0__r1_r1_r1
a: [3,486,0,5,1,292]
s: 486
i: [1,293,0,5,1,0,0,255] rqRealMult__k3_xcmplx_0__r1_r1_r1
a: [3,491,0,5,1,293]
s: 491
d: [2,852,1,2,1,1,40,318,461]
a: [3,859,1,2,1,852]
s: 859
i: [1,350,0,6,3,0,0,255] cc2_ordinal1
s: 350
d: [2,853,1,2,1,1,40,318,561]
a: [3,864,1,2,1,853]
s: 864
i: [1,353,0,6,3,0,0,255] cc5_xxreal_0
s: 353
i: [1,355,0,6,3,0,0,255] cc5_xxreal_0
s: 355
d: [2,854,1,2,1,1,40,318,636]
a: [3,869,1,2,1,854]
s: 869
i: [1,356,0,6,3,0,0,255] cc3_xxreal_0
s: 356
d: [2,855,1,2,1,1,40,318,656]
a: [3,874,1,2,1,855]
s: 874
i: [1,358,0,6,3,0,0,255] cc3_xxreal_0
s: 358
i: [1,364,0,6,3,0,0,255] cc7_xxreal_0
s: 364
d: [2,876,1,2,1,1,40,319,461]
a: [3,883,1,2,1,876]
s: 883
i: [1,365,0,6,3,0,0,255] cc7_xxreal_0
s: 365
d: [2,877,1,2,1,1,40,319,561]
a: [3,888,1,2,1,877]
s: 888
i: [1,366,0,6,2,0,0,255] t1_subset
s: 366
i: [1,375,0,6,2,0,0,255] antisymmetry_r2_hidden
s: 375
d: [2,878,1,2,1,1,40,319,636]
a: [3,893,1,2,1,878]
s: 893
i: [1,310,0,7,3,0,0,255] cc5_ordinal1
s: 310
d: [2,879,1,2,1,1,40,319,656]
a: [3,898,1,2,1,879]
s: 898
i: [1,323,0,7,2,0,0,255] involutiveness_k4_xcmplx_0
s: 323
i: [1,324,0,7,2,0,0,255] involutiveness_k5_xcmplx_0
s: 324
d: [2,920,1,2,1,1,40,331,702]
a: [3,926,1,2,1,920]
s: 926
i: [1,325,0,7,2,0,0,255] t6_arithm
s: 325
d: [2,934,1,2,1,1,40,332,516]
a: [3,939,1,2,1,934]
s: 939
i: [1,326,0,7,2,0,0,255] t3_arithm
s: 326
i: [1,334,0,7,3,0,0,255] fc16_xreal_0
s: 334
d: [2,946,1,2,1,1,40,333,516]
a: [3,951,1,2,1,946]
s: 951
i: [1,335,0,7,3,0,0,255] fc16_xreal_0
s: 335
d: [2,1016,1,4,2,1,40,353,611]
d: [2,1018,1,2,1,2,21,1016,616]
a: [3,1022,1,2,1,1018]
s: 1022
i: [1,336,0,7,3,0,0,255] fc30_xreal_0
s: 336
i: [1,337,0,7,3,0,0,255] fc30_xreal_0
s: 337
d: [2,1017,1,4,2,1,40,353,666]
d: [2,1024,1,2,1,2,21,1017,671]
a: [3,1028,1,2,1,1024]
s: 1028
i: [1,338,0,7,3,0,0,255] fc15_xreal_0
s: 338
d: [2,1030,1,4,2,1,40,355,611]
d: [2,1032,1,2,1,2,21,1030,616]
a: [3,1036,1,2,1,1032]
s: 1036
i: [1,339,0,7,3,0,0,255] fc15_xreal_0
s: 339
i: [1,340,0,7,3,0,0,255] fc28_xreal_0
s: 340
d: [2,1031,1,4,2,1,40,355,666]
d: [2,1038,1,2,1,2,21,1031,671]
a: [3,1042,1,2,1,1038]
s: 1042
i: [1,341,0,7,3,0,0,255] fc28_xreal_0
s: 341
d: [2,1060,1,4,2,1,40,356,621]
d: [2,1062,1,2,1,2,21,1060,626]
a: [3,1066,1,2,1,1062]
s: 1066
i: [1,346,0,7,3,0,0,255] fc6_xcmplx_0
s: 346
i: [1,347,0,7,3,0,0,255] fc6_xcmplx_0
s: 347
d: [2,1061,1,4,2,1,40,356,686]
d: [2,1068,1,2,1,2,21,1061,691]
a: [3,1072,1,2,1,1068]
s: 1072
i: [1,348,0,7,3,0,0,255] fc7_xcmplx_0
s: 348
d: [2,1118,1,4,2,1,40,310,516]
a: [3,1128,1,2,1,1118]
s: 1128
i: [1,349,0,7,3,0,0,255] fc7_xcmplx_0
s: 349
i: [1,359,0,7,3,0,0,255] fc29_xreal_0
s: 359
d: [2,753,2,2,1,1,40,308,709]
a: [3,765,2,2,1,753]
s: 765
i: [1,360,0,7,3,0,0,255] fc29_xreal_0
s: 360
d: [2,756,2,2,1,1,40,308,714]
a: [3,775,2,2,1,756]
s: 775
i: [1,361,0,7,3,0,0,255] fc27_xreal_0
s: 361
i: [1,362,0,7,3,0,0,255] fc27_xreal_0
s: 362
d: [2,778,2,2,1,1,40,309,709]
a: [3,790,2,2,1,778]
s: 790
i: [1,368,0,7,2,0,0,255] t3_subset
s: 368
d: [2,781,2,2,1,1,40,309,714]
a: [3,800,2,2,1,781]
s: 800
i: [1,369,0,7,3,0,0,1] t8_boole
s: 369
i: [1,295,0,7,1,0,0,255] rqRealDiv__k7_xcmplx_0__r1_rm1_rm1
a: [3,496,0,7,1,295]
s: 496
d: [2,972,2,2,1,1,40,859,307]
a: [3,980,2,2,1,972]
s: 980
i: [1,296,0,7,1,0,0,255] rqRealDiv__k7_xcmplx_0__rm1_r1_rm1
a: [3,501,0,7,1,296]
s: 501
d: [2,973,2,2,1,1,40,859,306]
a: [3,985,2,2,1,973]
s: 985
i: [1,303,0,8,3,0,0,255] cc10_ordinal1
s: 303
i: [1,327,0,8,2,0,0,255] spc3_arithm
s: 327
d: [2,1219,1,4,2,1,40,303,904]
a: [3,1224,1,2,1,1219]
s: 1224
i: [1,343,0,8,4,0,0,255] cc4_xxreal_0
s: 343
d: [2,1259,1,6,3,1,40,343,556]
a: [3,1296,1,2,1,1259]
s: 1296
r: 1296
i: [1,345,0,8,4,0,0,255] cc6_xxreal_0
s: 345
i: [1,351,0,8,4,0,0,255] cc8_xxreal_0
s: 351
a: [3,1295,1,2,1,1259]
s: 1295
i: [1,367,0,8,3,0,0,255] t2_subset
s: 367
a: [3,1300,1,2,1,1259]
s: 1300
i: [1,390,0,8,3,0,0,1] fc6_xreal_0
s: 390
i: [1,391,0,8,3,0,0,1] fc8_xreal_0
s: 391
d: [2,974,2,2,1,1,40,859,305]
a: [3,990,2,2,1,974]
s: 990
i: [1,392,0,8,3,0,0,1] fc5_xcmplx_0
s: 392
d: [2,996,2,2,1,1,40,864,307]
a: [3,1003,2,2,1,996]
s: 1003
i: [1,393,0,8,3,0,0,1] fc3_xcmplx_0
s: 393
i: [1,328,0,9,2,0,0,255] spc2_arithm
s: 328
d: [2,997,2,2,1,1,40,864,306]
a: [3,1008,2,2,1,997]
s: 1008
i: [1,372,0,9,3,0,0,255] t5_subset
s: 372
d: [2,1337,1,5,2,1,40,367,516]
a: [3,1361,1,2,1,1337]
s: 1361
i: [1,371,0,10,3,0,0,255] t4_subset
s: 371
i: [1,394,0,11,3,0,0,1] commutativity_k3_xcmplx_0
s: 394
d: [2,1417,1,17,3,1,44,436,394]
d: [2,1444,1,15,2,2,21,1417,451]
a: [3,1448,1,4,1,1444]
s: 1448
d: [2,1460,2,0,0,3,52,441,446,1448,392]
e: 1460
d: [2,1461,2,4,2,1,40,1448,392]
d: [2,1463,2,2,1,2,21,1461,446]
d: [2,1464,2,0,0,3,21,1463,441]
e: 1464
r: 1448
i: [1,329,0,12,3,0,0,255] d9_xcmplx_0
s: 329
a: [3,1447,1,4,1,1444]
s: 1447
i: [1,376,0,12,5,0,0,1] fc26_xreal_0
s: 376
i: [1,377,0,12,5,0,0,1] fc33_xreal_0
s: 377
d: [2,998,2,2,1,1,40,864,305]
a: [3,1013,2,2,1,998]
s: 1013
i: [1,378,0,12,5,0,0,1] fc32_xreal_0
s: 378
d: [2,1044,2,2,1,1,40,869,307]
a: [3,1051,2,2,1,1044]
s: 1051
i: [1,379,0,12,5,0,0,1] fc31_xreal_0
s: 379
i: [1,380,0,12,5,0,0,1] fc23_xreal_0
s: 380
d: [2,1046,2,2,1,1,40,869,305]
a: [3,1056,2,2,1,1046]
s: 1056
i: [1,381,0,12,5,0,0,1] fc24_xreal_0
s: 381
d: [2,1079,2,2,1,1,40,883,309]
a: [3,1085,2,2,1,1079]
s: 1085
i: [1,382,0,12,5,0,0,1] fc34_xreal_0
s: 382
i: [1,383,0,12,5,0,0,1] fc25_xreal_0
s: 383
d: [2,1080,2,2,1,1,40,883,308]
a: [3,1090,2,2,1,1080]
s: 1090
i: [1,388,0,12,5,0,0,1] fc9_xcmplx_0
s: 388
d: [2,1092,2,2,1,1,40,888,309]
a: [3,1097,2,2,1,1092]
s: 1097
i: [1,389,0,12,5,0,0,1] fc8_xcmplx_0
s: 389
i: [1,395,0,12,3,0,0,255] spc12_arithm
s: 395
d: [2,1093,2,2,1,1,40,888,308]
a: [3,1102,2,2,1,1093]
s: 1102
i: [1,396,0,13,3,0,0,255] spc11_arithm
s: 396
d: [2,1104,2,2,1,1,40,893,309]
a: [3,1109,2,2,1,1104]
s: 1109
i: [1,387,0,14,4,0,0,255] existence_m2_subset_1
s: 387
i: [1,397,0,14,3,0,0,255] spc10_arithm
s: 397
d: [2,1105,2,2,1,1,40,893,308]
a: [3,1114,2,2,1,1105]
s: 1114
i: [1,384,0,15,5,0,0,255] dt_m2_subset_1
s: 384
d: [2,1132,2,2,1,1,40,898,309]
a: [3,1137,2,2,1,1132]
s: 1137
i: [1,385,0,15,5,0,0,255] redefinition_m2_subset_1
s: 385
i: [1,386,0,15,5,0,0,255] redefinition_m2_subset_1
s: 386
d: [2,1133,2,2,1,1,40,898,308]
a: [3,1142,2,2,1,1133]
s: 1142
i: [1,330,0,17,4,0,0,1] l26_xcmplx_1
s: 330
d: [2,1151,2,2,1,1,40,926,306]
a: [3,1158,2,2,1,1151]
s: 1158
i: [1,398,0,17,4,0,0,1] spc4_arithm
s: 398
i: [1,399,0,17,4,0,0,1] spc7_arithm
s: 399
d: [2,1192,2,2,1,1,40,1128,309]
a: [3,1197,2,2,1,1192]
s: 1197
a: [3,1452,1,11,1,1444]
s: 1452
d: [2,1193,2,2,1,1,40,1128,308]
a: [3,1202,2,2,1,1193]
s: 1202
d: [2,921,1,3,1,0,40,331,373]
a: [3,931,1,3,1,921]
s: 931
d: [2,935,1,3,1,0,40,332,373]
a: [3,944,1,3,1,935]
s: 944
d: [2,1257,2,6,3,1,40,343,733]
a: [3,1270,2,2,1,1257]
s: 1270
r: 1270
d: [2,947,1,3,1,0,40,333,373]
a: [3,956,1,3,1,947]
s: 956
a: [3,1269,2,2,1,1257]
s: 1269
d: [2,958,1,5,2,1,44,321,481]
a: [3,964,1,3,1,958]
s: 964
d: [2,1883,2,0,0,2,52,951,964,321]
e: 1883
d: [2,1884,2,0,0,2,52,939,964,313]
e: 1884
d: [2,1885,2,2,1,1,40,964,321]
d: [2,1889,2,0,0,2,21,1885,951]
e: 1889
d: [2,1886,2,2,1,1,40,964,313]
d: [2,1891,2,0,0,2,21,1886,939]
e: 1891
r: 964
a: [3,963,1,3,1,958]
s: 963
a: [3,1274,2,2,1,1257]
s: 1274
d: [2,959,1,5,2,1,44,314,481]
a: [3,969,1,3,1,959]
s: 969
d: [2,1894,2,0,0,2,52,939,969,314]
e: 1894
d: [2,1895,2,2,1,1,40,969,314]
d: [2,1897,2,0,0,2,21,1895,939]
e: 1897
r: 969
d: [2,1175,1,8,3,1,44,339,481]
a: [3,1184,1,2,1,1175]
s: 1184
a: [3,968,1,3,1,959]
s: 968
d: [2,1166,1,8,3,1,44,335,481]
d: [2,1168,1,6,2,2,21,1166,531]
a: [3,1172,1,3,1,1168]
s: 1172
d: [2,1258,2,6,3,1,40,343,811]
a: [3,1283,2,2,1,1258]
s: 1283
r: 1283
a: [3,1179,1,3,1,1175]
s: 1179
a: [3,1282,2,2,1,1258]
s: 1282
d: [2,1336,1,5,2,1,40,367,471]
d: [2,1349,1,3,1,2,21,1336,511]
a: [3,1353,1,3,1,1349]
s: 1353
a: [3,1358,1,3,1,1337]
s: 1358
a: [3,1287,2,2,1,1258]
s: 1287
d: [2,1338,1,5,2,1,40,367,702]
d: [2,1364,1,3,1,2,21,1338,511]
a: [3,1368,1,3,1,1364]
s: 1368
d: [2,1260,2,6,3,1,40,343,738]
d: [2,1306,2,4,2,2,21,1260,596]
a: [3,1310,2,2,1,1306]
s: 1310
d: [2,1230,1,6,2,1,44,327,486]
d: [2,1238,1,4,1,2,21,1230,951]
a: [3,1242,1,4,1,1238]
s: 1242
d: [2,1335,1,7,2,1,40,367,904]
a: [3,1343,1,4,1,1335]
s: 1343
d: [2,1834,2,17,4,1,44,1452,398]
d: [2,1835,2,15,3,2,21,1834,446]
d: [2,1836,2,13,2,3,21,1835,441]
d: [2,1837,2,11,1,4,21,1836,451]
a: [3,1841,2,11,1,1837]
s: 1841
d: [2,1988,3,0,0,4,52,451,446,441,1841,330]
e: 1988
d: [2,1989,3,17,4,1,44,1841,330]
d: [2,1990,3,6,3,1,19,1989]
d: [2,1992,3,4,2,2,21,1990,441]
d: [2,1993,3,2,1,3,21,1992,446]
d: [2,1994,3,0,0,4,21,1993,451]
e: 1994
d: [2,1422,1,17,3,1,44,436,394]
d: [2,1456,1,15,2,2,21,1422,451]
f: 1994,1837,1464,1456,282,283,284,285
% Refutation found. Thanks to Tanya!
% SZS status Theorem for xcmplx_1__t80_xcmplx_1
% SZS output start Proof for xcmplx_1__t80_xcmplx_1
1. ! [X0] : (v1_xcmplx_0(X0) => ! [X1] : (v1_xcmplx_0(X1) => ! [X2] : (v1_xcmplx_0(X2) => k7_xcmplx_0(X0,k7_xcmplx_0(X1,X2)) = k3_xcmplx_0(k7_xcmplx_0(X2,X1),X0)))) [input t80_xcmplx_1]
2. ~! [X0] : (v1_xcmplx_0(X0) => ! [X1] : (v1_xcmplx_0(X1) => ! [X2] : (v1_xcmplx_0(X2) => k7_xcmplx_0(X0,k7_xcmplx_0(X1,X2)) = k3_xcmplx_0(k7_xcmplx_0(X2,X1),X0)))) [negated conjecture 1]
27. ! [X0,X1] : ((v1_xcmplx_0(X1) & v1_xcmplx_0(X0)) => k3_xcmplx_0(X0,X1) = k3_xcmplx_0(X1,X0)) [input commutativity_k3_xcmplx_0]
60. ! [X0,X1] : ((v1_xcmplx_0(X1) & v1_xcmplx_0(X0)) => v1_xcmplx_0(k7_xcmplx_0(X0,X1))) [input fc5_xcmplx_0]
70. ! [X0] : (v1_xcmplx_0(X0) => ! [X1] : (v1_xcmplx_0(X1) => ! [X2] : (v1_xcmplx_0(X2) => k7_xcmplx_0(X0,k7_xcmplx_0(X1,X2)) = k7_xcmplx_0(k3_xcmplx_0(X0,X2),X1)))) [input l26_xcmplx_1]
103. ! [X0,X1,X2] : ((v1_xcmplx_0(X2) & v1_xcmplx_0(X1) & v1_xcmplx_0(X0)) => k3_xcmplx_0(X0,k7_xcmplx_0(X1,X2)) = k7_xcmplx_0(k3_xcmplx_0(X0,X1),X2)) [input spc4_arithm]
126. ? [X0] : (? [X1] : (? [X2] : (k7_xcmplx_0(X0,k7_xcmplx_0(X1,X2)) != k3_xcmplx_0(k7_xcmplx_0(X2,X1),X0) & v1_xcmplx_0(X2)) & v1_xcmplx_0(X1)) & v1_xcmplx_0(X0)) [ennf transformation 2]
151. ! [X0] : (! [X1] : (! [X2] : (k7_xcmplx_0(X0,k7_xcmplx_0(X1,X2)) = k7_xcmplx_0(k3_xcmplx_0(X0,X2),X1) | ~v1_xcmplx_0(X2)) | ~v1_xcmplx_0(X1)) | ~v1_xcmplx_0(X0)) [ennf transformation 70]
225. ! [X0,X1] : (v1_xcmplx_0(k7_xcmplx_0(X0,X1)) | (~v1_xcmplx_0(X1) | ~v1_xcmplx_0(X0))) [ennf transformation 60]
226. ! [X0,X1] : (v1_xcmplx_0(k7_xcmplx_0(X0,X1)) | ~v1_xcmplx_0(X1) | ~v1_xcmplx_0(X0)) [flattening 225]
229. ! [X0,X1] : (k3_xcmplx_0(X0,X1) = k3_xcmplx_0(X1,X0) | (~v1_xcmplx_0(X1) | ~v1_xcmplx_0(X0))) [ennf transformation 27]
230. ! [X0,X1] : (k3_xcmplx_0(X0,X1) = k3_xcmplx_0(X1,X0) | ~v1_xcmplx_0(X1) | ~v1_xcmplx_0(X0)) [flattening 229]
237. ! [X0,X1,X2] : (k3_xcmplx_0(X0,k7_xcmplx_0(X1,X2)) = k7_xcmplx_0(k3_xcmplx_0(X0,X1),X2) | (~v1_xcmplx_0(X2) | ~v1_xcmplx_0(X1) | ~v1_xcmplx_0(X0))) [ennf transformation 103]
238. ! [X0,X1,X2] : (k3_xcmplx_0(X0,k7_xcmplx_0(X1,X2)) = k7_xcmplx_0(k3_xcmplx_0(X0,X1),X2) | ~v1_xcmplx_0(X2) | ~v1_xcmplx_0(X1) | ~v1_xcmplx_0(X0)) [flattening 237]
241. ? [X0] : (? [X1] : (? [X2] : (k7_xcmplx_0(X0,k7_xcmplx_0(X1,X2)) != k3_xcmplx_0(k7_xcmplx_0(X2,X1),X0) & v1_xcmplx_0(X2)) & v1_xcmplx_0(X1)) & v1_xcmplx_0(X0)) => (? [X1] : (? [X2] : (k7_xcmplx_0(sK0,k7_xcmplx_0(X1,X2)) != k3_xcmplx_0(k7_xcmplx_0(X2,X1),sK0) & v1_xcmplx_0(X2)) & v1_xcmplx_0(X1)) & v1_xcmplx_0(sK0)) [choice axiom]
242. ? [X1] : (? [X2] : (k7_xcmplx_0(sK0,k7_xcmplx_0(X1,X2)) != k3_xcmplx_0(k7_xcmplx_0(X2,X1),sK0) & v1_xcmplx_0(X2)) & v1_xcmplx_0(X1)) => (? [X2] : (k7_xcmplx_0(sK0,k7_xcmplx_0(sK1,X2)) != k3_xcmplx_0(k7_xcmplx_0(X2,sK1),sK0) & v1_xcmplx_0(X2)) & v1_xcmplx_0(sK1)) [choice axiom]
243. ? [X2] : (k7_xcmplx_0(sK0,k7_xcmplx_0(sK1,X2)) != k3_xcmplx_0(k7_xcmplx_0(X2,sK1),sK0) & v1_xcmplx_0(X2)) => (k7_xcmplx_0(sK0,k7_xcmplx_0(sK1,sK2)) != k3_xcmplx_0(k7_xcmplx_0(sK2,sK1),sK0) & v1_xcmplx_0(sK2)) [choice axiom]
244. ((k7_xcmplx_0(sK0,k7_xcmplx_0(sK1,sK2)) != k3_xcmplx_0(k7_xcmplx_0(sK2,sK1),sK0) & v1_xcmplx_0(sK2)) & v1_xcmplx_0(sK1)) & v1_xcmplx_0(sK0) [skolemisation 126,243,242,241]
282. v1_xcmplx_0(sK0) [cnf transformation 244] {a:0,w:2,wCS:200,goal:1,sine:0,thAx:0,allAx:4,thDist:-4}
283. v1_xcmplx_0(sK1) [cnf transformation 244] {a:0,w:2,wCS:200,goal:1,sine:0,thAx:0,allAx:4,thDist:-4}
284. v1_xcmplx_0(sK2) [cnf transformation 244] {a:0,w:2,wCS:200,goal:1,sine:0,thAx:0,allAx:4,thDist:-4}
285. k7_xcmplx_0(sK0,k7_xcmplx_0(sK1,sK2)) != k3_xcmplx_0(k7_xcmplx_0(sK2,sK1),sK0) [cnf transformation 244] {a:0,w:11,wCS:1100,goal:1,sine:0,thAx:0,allAx:4,thDist:-4}
330. k7_xcmplx_0(X0,k7_xcmplx_0(X1,X2)) = k7_xcmplx_0(k3_xcmplx_0(X0,X2),X1) | ~v1_xcmplx_0(X2) | ~v1_xcmplx_0(X1) | ~v1_xcmplx_0(X0) [cnf transformation 151] {a:0,w:17,wCS:6800,nSel:1,sine:1,thAx:0,allAx:1,thDist:-1}
392. v1_xcmplx_0(k7_xcmplx_0(X0,X1)) | ~v1_xcmplx_0(X1) | ~v1_xcmplx_0(X0) [cnf transformation 226] {a:0,w:8,wCS:3200,nSel:1,sine:1,thAx:0,allAx:1,thDist:-1}
394. k3_xcmplx_0(X0,X1) = k3_xcmplx_0(X1,X0) | ~v1_xcmplx_0(X1) | ~v1_xcmplx_0(X0) [cnf transformation 230] {a:0,w:11,wCS:4400,nSel:1,sine:1,thAx:0,allAx:1,thDist:-1}
398. k3_xcmplx_0(X0,k7_xcmplx_0(X1,X2)) = k7_xcmplx_0(k3_xcmplx_0(X0,X1),X2) | ~v1_xcmplx_0(X2) | ~v1_xcmplx_0(X1) | ~v1_xcmplx_0(X0) [cnf transformation 238] {a:0,w:17,wCS:6800,nSel:1,sine:1,thAx:0,allAx:1,thDist:-1}
434. 1 <=> k7_xcmplx_0(sK0,k7_xcmplx_0(sK1,sK2)) = k3_xcmplx_0(k7_xcmplx_0(sK2,sK1),sK0) [avatar definition]
436. k7_xcmplx_0(sK0,k7_xcmplx_0(sK1,sK2)) != k3_xcmplx_0(k7_xcmplx_0(sK2,sK1),sK0) <- (~1) [avatar component clause 434] {a:0,w:11,wCS:1100,nSel:1,goal:1,sine:255,thAx:0,allAx:4,thDist:-4}
437. ~1 [avatar split clause 285,434]
439. 2 <=> v1_xcmplx_0(sK2) [avatar definition]
441. v1_xcmplx_0(sK2) <- (2) [avatar component clause 439] {a:0,w:2,wCS:200,nSel:1,goal:1,sine:255,thAx:0,allAx:4,thDist:-4}
442. 2 [avatar split clause 284,439]
444. 3 <=> v1_xcmplx_0(sK1) [avatar definition]
446. v1_xcmplx_0(sK1) <- (3) [avatar component clause 444] {a:0,w:2,wCS:200,nSel:1,goal:1,sine:255,thAx:0,allAx:4,thDist:-4}
447. 3 [avatar split clause 283,444]
449. 4 <=> v1_xcmplx_0(sK0) [avatar definition]
451. v1_xcmplx_0(sK0) <- (4) [avatar component clause 449] {a:0,w:2,wCS:200,nSel:1,goal:1,sine:255,thAx:0,allAx:4,thDist:-4}
452. 4 [avatar split clause 282,449]
1422. k7_xcmplx_0(sK0,k7_xcmplx_0(sK1,sK2)) != k3_xcmplx_0(sK0,k7_xcmplx_0(sK2,sK1)) | ~v1_xcmplx_0(k7_xcmplx_0(sK2,sK1)) | ~v1_xcmplx_0(sK0) <- (~1) [superposition 436,394] {a:1,w:17,wCS:1700,goal:1,sine:1,thAx:0,allAx:5,thDist:-5}
1446. 151 <=> v1_xcmplx_0(k7_xcmplx_0(sK2,sK1)) [avatar definition]
1448. ~v1_xcmplx_0(k7_xcmplx_0(sK2,sK1)) <- (~151) [avatar component clause 1446] {a:1,w:4,wCS:400,nSel:1,goal:1,sine:255,thAx:0,allAx:5,thDist:-5}
1450. 152 <=> k7_xcmplx_0(sK0,k7_xcmplx_0(sK1,sK2)) = k3_xcmplx_0(sK0,k7_xcmplx_0(sK2,sK1)) [avatar definition]
1452. k7_xcmplx_0(sK0,k7_xcmplx_0(sK1,sK2)) != k3_xcmplx_0(sK0,k7_xcmplx_0(sK2,sK1)) <- (~152) [avatar component clause 1450] {a:1,w:11,wCS:1100,nSel:1,goal:1,sine:255,thAx:0,allAx:5,thDist:-5}
1456. k7_xcmplx_0(sK0,k7_xcmplx_0(sK1,sK2)) != k3_xcmplx_0(sK0,k7_xcmplx_0(sK2,sK1)) | ~v1_xcmplx_0(k7_xcmplx_0(sK2,sK1)) <- (~1, 4) [subsumption resolution 1422,451] {a:1,w:15,wCS:1500,goal:1,sine:1,thAx:0,allAx:5,thDist:-5}
1457. ~151 | ~152 | 1 | ~4 [avatar split clause 1456,449,434,1450,1446]
1461. ~v1_xcmplx_0(sK1) | ~v1_xcmplx_0(sK2) <- (~151) [resolution 1448,392] {a:2,w:4,wCS:400,goal:1,sine:1,thAx:0,allAx:6,thDist:-6}
1463. ~v1_xcmplx_0(sK2) <- (3, ~151) [subsumption resolution 1461,446] {a:2,w:2,wCS:200,goal:1,sine:1,thAx:0,allAx:6,thDist:-6}
1464. $false <- (2, 3, ~151) [subsumption resolution 1463,441] {a:2,w:0,goal:1,sine:1,thAx:0,allAx:6,thDist:-6}
1465. ~2 | ~3 | 151 [avatar contradiction clause 1464]
1834. k7_xcmplx_0(sK0,k7_xcmplx_0(sK1,sK2)) != k7_xcmplx_0(k3_xcmplx_0(sK0,sK2),sK1) | ~v1_xcmplx_0(sK1) | ~v1_xcmplx_0(sK2) | ~v1_xcmplx_0(sK0) <- (~152) [superposition 1452,398] {a:2,w:17,wCS:1700,goal:1,sine:1,thAx:0,allAx:6,thDist:-6}
1835. k7_xcmplx_0(sK0,k7_xcmplx_0(sK1,sK2)) != k7_xcmplx_0(k3_xcmplx_0(sK0,sK2),sK1) | ~v1_xcmplx_0(sK2) | ~v1_xcmplx_0(sK0) <- (3, ~152) [subsumption resolution 1834,446] {a:2,w:15,wCS:1500,goal:1,sine:1,thAx:0,allAx:6,thDist:-6}
1836. k7_xcmplx_0(sK0,k7_xcmplx_0(sK1,sK2)) != k7_xcmplx_0(k3_xcmplx_0(sK0,sK2),sK1) | ~v1_xcmplx_0(sK0) <- (2, 3, ~152) [subsumption resolution 1835,441] {a:2,w:13,wCS:1300,goal:1,sine:1,thAx:0,allAx:6,thDist:-6}
1837. k7_xcmplx_0(sK0,k7_xcmplx_0(sK1,sK2)) != k7_xcmplx_0(k3_xcmplx_0(sK0,sK2),sK1) <- (2, 3, 4, ~152) [subsumption resolution 1836,451] {a:2,w:11,wCS:1100,goal:1,sine:1,thAx:0,allAx:6,thDist:-6}
1839. 160 <=> k7_xcmplx_0(sK0,k7_xcmplx_0(sK1,sK2)) = k7_xcmplx_0(k3_xcmplx_0(sK0,sK2),sK1) [avatar definition]
1841. k7_xcmplx_0(sK0,k7_xcmplx_0(sK1,sK2)) != k7_xcmplx_0(k3_xcmplx_0(sK0,sK2),sK1) <- (~160) [avatar component clause 1839] {a:2,w:11,wCS:1100,nSel:1,goal:1,sine:255,thAx:0,allAx:6,thDist:-6}
1842. ~160 | ~2 | ~3 | ~4 | 152 [avatar split clause 1837,1450,449,444,439,1839]
1989. k7_xcmplx_0(sK0,k7_xcmplx_0(sK1,sK2)) != k7_xcmplx_0(sK0,k7_xcmplx_0(sK1,sK2)) | ~v1_xcmplx_0(sK2) | ~v1_xcmplx_0(sK1) | ~v1_xcmplx_0(sK0) <- (~160) [superposition 1841,330] {a:3,w:17,wCS:1700,goal:1,sine:1,thAx:0,allAx:7,thDist:-7}
1990. ~v1_xcmplx_0(sK2) | ~v1_xcmplx_0(sK1) | ~v1_xcmplx_0(sK0) <- (~160) [trivial inequality removal 1989] {a:3,w:6,wCS:600,goal:1,sine:1,thAx:0,allAx:7,thDist:-7}
1992. ~v1_xcmplx_0(sK1) | ~v1_xcmplx_0(sK0) <- (2, ~160) [subsumption resolution 1990,441] {a:3,w:4,wCS:400,goal:1,sine:1,thAx:0,allAx:7,thDist:-7}
1993. ~v1_xcmplx_0(sK0) <- (2, 3, ~160) [subsumption resolution 1992,446] {a:3,w:2,wCS:200,goal:1,sine:1,thAx:0,allAx:7,thDist:-7}
1994. $false <- (2, 3, 4, ~160) [subsumption resolution 1993,451] {a:3,w:0,goal:1,sine:1,thAx:0,allAx:7,thDist:-7}
1995. ~2 | ~3 | ~4 | 160 [avatar contradiction clause 1994]
1996. $false [avatar sat refutation 437,442,447,452,1457,1465,1842,1995] {a:0,w:0,goal:1,sine:0,thAx:0,allAx:957,thDist:-957}
% SZS output end Proof for xcmplx_1__t80_xcmplx_1
% ------------------------------
% Version: Vampire 4.5.1 (commit 226f88162 on 2021-09-12 20:13:44 +0200)
% Termination reason: Refutation

% >>> Input
% Input formulas: 114
% >>> Preprocessing
% Introduced skolems: 21
% Pure predicates: 1
% Unused predicate definitions: 1
% 
% >>> Saturation
% Initial clauses: 151
% Generated clauses: 988
% Active clauses: 220
% Passive clauses: 402
% Final active clauses: 214
% Final passive clauses: 165
% Main loop iterations started: 237
% 
% >>> Simplifying Inferences
% Duplicate literals: 100
% Trivial inequalities: 1
% Fw subsumption resolutions: 147
% Fw demodulations: 3
% 
% >>> Deletion Inferences
% Simple tautologies: 52
% Equational tautologies: 1
% Forward subsumptions: 117
% 
% >>> Generating Inferences
% Binary resolution: 198
% Unit resulting resolution: 5
% Forward superposition: 140
% Backward superposition: 94
% Self superposition: 2
% 
% >>> AVATAR
% Split clauses: 32
% Split components: 70
% Sat splitting refutations: 10
% 
% >>> SAT Solver Statistics
% SAT solver clauses: 202
% SAT solver unit clauses: 56
% SAT solver binary clauses: 101
% 
% Memory used [KB]: 6140
% Time elapsed: 0.010 s
% ------------------------------
% ------------------------------
% Time measurement results:
% parsing: 0.001 s
% term sharing: 0.001 s
% congruence closure: 0.001 s
% forward subsumption: 0.002 s
% superposition: 0.002 s ( own 0.001 s ) 
% other: 0.010 s ( own 0.004 s ) 

