i: [1,253,0,2,1,1,0,0] t27_jordan17
a: [3,589,0,2,1,253]
s: 589
i: [1,262,0,3,1,1,0,0] t27_jordan17
a: [3,544,0,3,1,262]
s: 544
i: [1,261,0,3,1,1,0,0] t27_jordan17
a: [3,549,0,3,1,261]
s: 549
i: [1,260,0,3,1,1,0,0] t27_jordan17
a: [3,554,0,3,1,260]
s: 554
i: [1,259,0,3,1,1,0,0] t27_jordan17
a: [3,559,0,3,1,259]
s: 559
i: [1,258,0,5,1,1,0,0] t27_jordan17
a: [3,564,0,5,1,258]
s: 564
i: [1,257,0,5,1,1,0,0] t27_jordan17
a: [3,569,0,5,1,257]
s: 569
i: [1,256,0,5,1,1,0,0] t27_jordan17
a: [3,574,0,5,1,256]
s: 574
i: [1,255,0,5,1,1,0,0] t27_jordan17
a: [3,579,0,5,1,255]
s: 579
i: [1,268,0,6,1,1,0,0] t27_jordan17
a: [3,514,0,6,1,268]
s: 514
i: [1,267,0,6,1,1,0,0] t27_jordan17
a: [3,519,0,6,1,267]
s: 519
i: [1,266,0,6,1,1,0,0] t27_jordan17
a: [3,524,0,6,1,266]
s: 524
i: [1,265,0,6,1,1,0,0] t27_jordan17
a: [3,529,0,6,1,265]
s: 529
i: [1,264,0,6,1,1,0,0] t27_jordan17
a: [3,534,0,6,1,264]
s: 534
i: [1,263,0,6,1,1,0,0] t27_jordan17
a: [3,539,0,6,1,263]
s: 539
i: [1,254,0,6,1,1,0,0] t27_jordan17
a: [3,584,0,6,1,254]
s: 584
i: [1,269,0,2,1,0,0,1] spc2_boole
a: [3,594,0,2,1,269]
s: 594
i: [1,270,0,2,1,0,0,255] fc3_membered
a: [3,599,0,2,1,270]
s: 599
i: [1,271,0,2,1,0,0,255] fc6_membered
a: [3,604,0,2,1,271]
s: 604
i: [1,426,0,2,1,0,0,255] existence_l2_algstr_0
a: [3,639,0,2,1,426]
s: 639
i: [1,427,0,2,1,0,0,255] existence_l1_algstr_0
a: [3,644,0,2,1,427]
s: 644
i: [1,428,0,2,1,0,0,255] existence_l1_pre_topc
a: [3,649,0,2,1,428]
s: 649
i: [1,429,0,2,1,0,0,255] existence_l1_rlvect_1
a: [3,654,0,2,1,429]
s: 654
i: [1,430,0,2,1,0,0,255] existence_l2_struct_0
a: [3,659,0,2,1,430]
s: 659
i: [1,431,0,2,1,0,0,255] existence_l1_rltopsp1
a: [3,664,0,2,1,431]
s: 664
i: [1,433,0,2,1,0,0,255] rc1_membered
a: [3,669,0,2,1,433]
s: 669
i: [1,432,0,2,1,0,0,255] rc1_membered
a: [3,674,0,2,1,432]
s: 674
i: [1,435,0,2,1,0,0,255] rc2_membered
a: [3,679,0,2,1,435]
s: 679
i: [1,434,0,2,1,0,0,255] rc2_membered
a: [3,684,0,2,1,434]
s: 684
i: [1,437,0,2,1,0,0,255] rc3_membered
a: [3,689,0,2,1,437]
s: 689
i: [1,436,0,2,1,0,0,255] rc3_membered
a: [3,694,0,2,1,436]
s: 694
i: [1,438,0,2,1,0,0,255] rc4_xreal_0
a: [3,699,0,2,1,438]
s: 699
i: [1,409,0,3,1,0,0,255] reflexivity_r1_tarski
s: 409
i: [1,272,0,3,1,0,0,255] redefinition_k5_numbers
a: [3,609,0,3,1,272]
s: 609
r: 604
d: [2,701,0,2,1,2,23,604,609]
a: [3,705,0,2,1,701]
s: 705
i: [1,273,0,3,1,0,0,255] t1_numerals
a: [3,614,0,3,1,273]
s: 614
i: [1,277,0,3,1,0,0,255] spc2_numerals
a: [3,624,0,3,1,277]
s: 624
i: [1,276,0,3,1,0,0,255] spc2_numerals
a: [3,629,0,3,1,276]
s: 629
d: [2,707,0,3,1,2,22,614,609]
a: [3,711,0,3,1,707]
s: 711
i: [1,283,0,4,2,0,0,255] dt_l2_algstr_0
s: 283
i: [1,284,0,4,2,0,0,255] dt_l2_algstr_0
s: 284
d: [2,713,1,2,1,1,40,283,639]
a: [3,717,1,2,1,713]
s: 717
i: [1,285,0,4,2,0,0,255] dt_l1_rlvect_1
s: 285
d: [2,719,1,2,1,1,40,284,639]
a: [3,723,1,2,1,719]
s: 723
i: [1,296,0,4,2,0,0,255] cc2_membered
s: 296
i: [1,297,0,4,2,0,0,255] cc3_membered
s: 297
d: [2,725,1,2,1,1,40,285,654]
a: [3,729,1,2,1,725]
s: 729
i: [1,300,0,4,2,0,0,255] dt_l1_rltopsp1
s: 300
d: [2,743,1,2,1,1,40,300,664]
a: [3,747,1,2,1,743]
s: 747
i: [1,301,0,4,2,0,0,255] dt_l1_rltopsp1
s: 301
i: [1,303,0,4,2,0,0,255] cc4_membered
s: 303
d: [2,755,1,2,1,1,40,301,664]
a: [3,759,1,2,1,755]
s: 759
i: [1,304,0,4,2,0,0,255] cc5_membered
s: 304
d: [2,761,1,2,1,1,40,303,599]
a: [3,765,1,2,1,761]
s: 765
i: [1,306,0,4,2,0,0,255] cc1_membered
s: 306
i: [1,309,0,4,2,0,0,255] cc18_membered
s: 309
d: [2,767,1,2,1,1,40,304,599]
a: [3,771,1,2,1,767]
s: 771
i: [1,408,0,4,1,0,0,1] existence_m1_subset_1
s: 408
d: [2,773,1,2,1,1,40,306,705]
a: [3,780,1,2,1,773]
s: 780
i: [1,418,0,4,1,0,0,255] rc1_relset_1
s: 418
i: [1,274,0,4,1,0,0,255] dt_k5_numbers
a: [3,619,0,4,1,274]
s: 619
d: [2,774,1,2,1,1,40,306,669]
a: [3,785,1,2,1,774]
s: 785
i: [1,275,0,4,1,0,0,255] spc2_numerals
a: [3,634,0,4,1,275]
s: 634
d: [2,775,1,2,1,1,40,306,679]
a: [3,790,1,2,1,775]
s: 790
i: [1,278,0,5,2,0,0,255] fc5_euclid
s: 278
i: [1,279,0,5,2,0,0,255] fc6_euclid
s: 279
d: [2,776,1,2,1,1,40,306,689]
a: [3,795,1,2,1,776]
s: 795
i: [1,280,0,5,2,0,0,255] fc7_euclid
s: 280
d: [2,797,1,2,1,1,40,309,699]
a: [3,801,1,2,1,797]
s: 801
i: [1,281,0,5,2,0,0,255] dt_k15_euclid
s: 281
i: [1,282,0,5,2,0,0,255] dt_k15_euclid
s: 282
d: [2,731,2,2,1,1,40,729,284]
a: [3,736,2,2,1,731]
s: 736
i: [1,288,0,5,2,0,0,255] dt_u1_rlvect_1
s: 288
d: [2,732,2,2,1,1,40,729,283]
a: [3,741,2,2,1,732]
s: 741
i: [1,291,0,5,2,0,0,255] dt_u1_algstr_0
s: 291
i: [1,310,0,5,2,0,0,255] t6_boole
s: 310
d: [2,749,2,2,1,1,40,747,285]
a: [3,753,2,2,1,749]
s: 753
i: [1,311,0,5,2,0,0,255] cc25_membered
s: 311
d: [2,850,1,2,1,1,40,311,629]
a: [3,856,1,2,1,850]
s: 856
i: [1,405,0,5,2,0,0,1] t7_boole
s: 405
i: [1,312,0,6,2,0,0,255] cc11_membered
s: 312
d: [2,874,1,2,1,1,40,405,559]
a: [3,881,1,2,1,874]
s: 881
i: [1,313,0,6,2,0,0,255] cc8_membered
s: 313
d: [2,851,1,2,1,1,40,311,711]
a: [3,861,1,2,1,851]
s: 861
i: [1,401,0,6,2,0,0,1] t1_subset
s: 401
i: [1,412,0,6,2,0,0,1] antisymmetry_r2_hidden
s: 412
d: [2,911,1,3,1,1,40,401,559]
a: [3,918,1,3,1,911]
s: 918
i: [1,286,0,7,2,0,0,255] dt_u2_struct_0
s: 286
d: [2,912,1,3,1,1,40,401,554]
a: [3,923,1,3,1,912]
s: 923
i: [1,307,0,7,3,0,0,255] cc17_membered
s: 307
i: [1,403,0,7,2,0,0,255] t3_subset
s: 403
d: [2,970,2,4,2,1,40,307,918]
a: [3,1034,2,2,1,970]
s: 1034
i: [1,404,0,7,3,0,0,255] t8_boole
s: 404
d: [2,913,1,3,1,1,40,401,549]
a: [3,928,1,3,1,913]
s: 928
i: [1,294,0,8,3,0,0,255] cc19_membered
s: 294
i: [1,295,0,8,3,0,0,255] cc20_membered
s: 295
d: [2,914,1,3,1,1,40,401,544]
a: [3,933,1,3,1,914]
s: 933
i: [1,298,0,8,3,0,0,255] cc23_membered
s: 298
d: [2,935,1,3,1,1,40,412,559]
a: [3,942,1,3,1,935]
s: 942
i: [1,299,0,8,3,0,0,255] cc22_membered
s: 299
i: [1,305,0,8,3,0,0,255] cc21_membered
s: 305
d: [2,936,1,3,1,1,40,412,554]
a: [3,947,1,3,1,936]
s: 947
i: [1,308,0,8,3,0,0,255] cc24_membered
s: 308
d: [2,937,1,3,1,1,40,412,549]
a: [3,952,1,3,1,937]
s: 952
i: [1,402,0,8,3,0,0,1] t2_subset
s: 402
i: [1,417,0,8,1,0,0,255] rc1_relset_1
s: 417
d: [2,938,1,3,1,1,40,412,544]
a: [3,957,1,3,1,938]
s: 957
i: [1,287,0,9,2,0,0,255] dt_u1_pre_topc
s: 287
d: [2,960,1,6,2,1,40,307,579]
a: [3,975,1,4,1,960]
s: 975
i: [1,407,0,9,3,0,0,1] t5_subset
s: 407
i: [1,314,0,10,3,0,0,255] cc1_topreal2
s: 314
d: [2,1041,1,6,2,1,40,294,584]
a: [3,1048,1,4,1,1041]
s: 1048
i: [1,406,0,10,3,0,0,1] t4_subset
s: 406
d: [2,1060,1,6,2,1,40,295,584]
a: [3,1067,1,4,1,1060]
s: 1067
i: [1,410,0,10,3,0,0,255] cc4_relset_1
s: 410
i: [1,411,0,10,3,0,0,255] cc3_relset_1
s: 411
d: [2,1080,1,6,2,1,40,298,584]
a: [3,1087,1,4,1,1080]
s: 1087
i: [1,289,0,11,2,0,0,255] dt_u1_rlvect_1
s: 289
d: [2,1093,1,6,2,1,40,299,584]
a: [3,1100,1,4,1,1093]
s: 1100
i: [1,292,0,12,2,0,0,255] dt_u1_algstr_0
s: 292
i: [1,290,0,13,2,0,0,255] dt_u1_rlvect_1
s: 290
d: [2,1111,1,6,2,1,40,305,584]
a: [3,1118,1,4,1,1111]
s: 1118
i: [1,293,0,14,2,0,0,255] dt_u1_algstr_0
s: 293
d: [2,1133,1,9,2,1,40,402,579]
a: [3,1154,1,4,1,1133]
s: 1154
i: [1,416,0,14,4,0,0,255] existence_m2_subset_1
s: 416
i: [1,413,0,15,5,0,0,255] dt_m2_subset_1
s: 413
d: [2,965,1,7,2,1,40,307,584]
a: [3,999,1,5,1,965]
s: 999
i: [1,414,0,15,5,0,0,255] redefinition_m2_subset_1
s: 414
a: [3,1151,1,5,1,1133]
s: 1151
i: [1,415,0,15,5,0,0,255] redefinition_m2_subset_1
s: 415
i: [1,302,0,17,3,0,0,255] abstractness_v5_rltopsp1
s: 302
d: [2,1134,1,9,2,1,40,402,574]
a: [3,1160,1,5,1,1134]
s: 1160
i: [1,400,0,32,8,0,0,2] t7_jordan16
s: 400
d: [2,1135,1,9,2,1,40,402,569]
a: [3,1165,1,5,1,1135]
s: 1165
d: [2,1327,0,27,7,0,21,400,406]
d: [2,1328,0,22,6,0,21,1327,406]
s: 1328
i: [1,320,0,48,10,0,0,1] d1_jordan17
d: [2,443,0,40,8,0,18,320]
s: 443
d: [2,1136,1,9,2,1,40,402,564]
a: [3,1170,1,5,1,1136]
s: 1170
i: [1,323,0,48,10,0,0,1] d1_jordan17
d: [2,446,0,40,8,0,18,323]
s: 446
d: [2,1297,2,5,1,1,40,1151,412]
a: [3,1303,2,5,1,1297]
s: 1303
i: [1,325,0,48,10,0,0,1] d1_jordan17
d: [2,448,0,40,8,0,18,325]
s: 448
i: [1,329,0,48,10,0,0,1] d1_jordan17
d: [2,452,0,40,8,0,18,329]
s: 452
d: [2,1319,2,5,1,1,40,1160,412]
a: [3,1325,2,5,1,1319]
s: 1325
i: [1,330,0,48,10,0,0,1] d1_jordan17
d: [2,453,0,40,8,0,18,330]
s: 453
d: [2,1329,2,5,1,1,40,1165,412]
a: [3,1335,2,5,1,1329]
s: 1335
i: [1,331,0,48,10,0,0,1] d1_jordan17
d: [2,454,0,40,8,0,18,331]
s: 454
i: [1,332,0,48,10,0,0,1] d1_jordan17
d: [2,455,0,40,8,0,18,332]
s: 455
d: [2,1345,2,5,1,1,40,1170,412]
a: [3,1351,2,5,1,1345]
s: 1351
i: [1,339,0,48,10,0,0,1] d1_jordan17
d: [2,460,0,40,8,0,18,339]
s: 460
d: [2,1138,1,11,2,1,40,402,584]
a: [3,1175,1,6,1,1138]
s: 1175
i: [1,345,0,48,10,0,0,1] d1_jordan17
d: [2,466,0,40,8,0,18,345]
s: 466
i: [1,347,0,48,10,0,0,1] d1_jordan17
d: [2,468,0,40,8,0,18,347]
s: 468
a: [3,1178,1,5,1,1138]
s: 1178
i: [1,357,0,48,10,0,0,1] d1_jordan17
d: [2,475,0,40,8,0,18,357]
s: 475
d: [2,1353,2,6,1,1,40,1175,412]
a: [3,1359,2,6,1,1353]
s: 1359
i: [1,360,0,48,10,0,0,1] d1_jordan17
d: [2,478,0,40,8,0,18,360]
s: 478
i: [1,361,0,48,10,0,0,1] d1_jordan17
d: [2,479,0,40,8,0,18,361]
s: 479
d: [2,1258,1,8,2,1,40,406,584]
s: 1258
i: [1,363,0,48,10,0,0,1] d1_jordan17
d: [2,481,0,40,8,0,18,363]
s: 481
d: [2,892,1,2,1,1,40,313,619]
a: [3,897,1,2,1,892]
s: 897
i: [1,365,0,48,10,0,0,1] d1_jordan17
d: [2,483,0,40,8,0,18,365]
s: 483
i: [1,366,0,48,10,0,0,1] d1_jordan17
d: [2,484,0,40,8,0,18,366]
s: 484
d: [2,967,1,4,2,1,40,307,629]
d: [2,1014,1,2,1,2,21,967,705]
a: [3,1018,1,2,1,1014]
s: 1018
i: [1,370,0,48,10,0,0,1] d1_jordan17
d: [2,488,0,40,8,0,18,370]
s: 488
d: [2,968,1,4,2,1,40,307,711]
d: [2,1020,1,2,1,2,21,968,705]
a: [3,1024,1,2,1,1020]
s: 1024
i: [1,371,0,48,10,0,0,1] d1_jordan17
d: [2,489,0,40,8,0,18,371]
s: 489
i: [1,373,0,48,10,0,0,1] d1_jordan17
d: [2,491,0,40,8,0,18,373]
s: 491
d: [2,1042,1,4,2,1,40,294,619]
d: [2,1054,1,2,1,2,21,1042,771]
a: [3,1058,1,2,1,1054]
s: 1058
i: [1,374,0,48,10,0,0,1] d1_jordan17
d: [2,492,0,40,8,0,18,374]
s: 492
d: [2,1061,1,4,2,1,40,295,619]
d: [2,1073,1,2,1,2,21,1061,765]
a: [3,1077,1,2,1,1073]
s: 1077
i: [1,379,0,48,10,0,0,1] d1_jordan17
d: [2,496,0,40,8,0,18,379]
s: 496
i: [1,385,0,48,10,0,0,1] d1_jordan17
d: [2,501,0,40,8,0,18,385]
s: 501
d: [2,1141,1,5,2,1,40,402,629]
a: [3,1197,1,2,1,1141]
s: 1197
i: [1,387,0,48,10,0,0,1] d1_jordan17
d: [2,503,0,40,8,0,18,387]
s: 503
d: [2,1143,1,5,2,1,40,402,624]
a: [3,1210,1,2,1,1143]
s: 1210
i: [1,388,0,48,10,0,0,1] d1_jordan17
d: [2,504,0,40,8,0,18,388]
s: 504
i: [1,396,0,44,9,0,0,1] d1_jordan17
s: 396
d: [2,1362,2,12,3,1,40,1258,402]
d: [2,1364,2,8,2,2,21,1362,1154]
s: 1364
i: [1,397,0,44,9,0,0,1] d1_jordan17
s: 397
d: [2,803,2,2,1,1,40,780,296]
a: [3,807,2,2,1,803]
s: 807
i: [1,398,0,44,9,0,0,1] d1_jordan17
s: 398
i: [1,399,0,44,9,0,0,1] d1_jordan17
s: 399
d: [2,810,2,2,1,1,40,785,296]
a: [3,814,2,2,1,810]
s: 814
i: [1,316,0,48,10,0,0,1] d1_jordan17
d: [2,439,0,44,9,0,18,316]
s: 439
d: [2,816,2,2,1,1,40,790,296]
a: [3,820,2,2,1,816]
s: 820
i: [1,317,0,48,10,0,0,1] d1_jordan17
d: [2,440,0,44,9,0,18,317]
s: 440
i: [1,318,0,48,10,0,0,1] d1_jordan17
d: [2,441,0,44,9,0,18,318]
s: 441
d: [2,822,2,2,1,1,40,795,296]
a: [3,826,2,2,1,822]
s: 826
i: [1,319,0,48,10,0,0,1] d1_jordan17
d: [2,442,0,44,9,0,18,319]
s: 442
d: [2,828,2,2,1,1,40,801,306]
a: [3,832,2,2,1,828]
s: 832
i: [1,321,0,48,10,0,0,1] d1_jordan17
d: [2,444,0,44,9,0,18,321]
s: 444
i: [1,322,0,48,10,0,0,1] d1_jordan17
d: [2,445,0,44,9,0,18,322]
s: 445
d: [2,868,2,2,1,1,40,856,306]
a: [3,872,2,2,1,868]
s: 872
i: [1,324,0,48,10,0,0,1] d1_jordan17
d: [2,447,0,44,9,0,18,324]
s: 447
d: [2,904,2,2,1,1,40,861,306]
a: [3,909,2,2,1,904]
s: 909
i: [1,326,0,48,10,0,0,1] d1_jordan17
d: [2,449,0,44,9,0,18,326]
s: 449
i: [1,327,0,48,10,0,0,1] d1_jordan17
d: [2,450,0,44,9,0,18,327]
s: 450
d: [2,1374,3,8,2,2,40,1364,412]
s: 1374
i: [1,328,0,48,10,0,0,1] d1_jordan17
d: [2,451,0,44,9,0,18,328]
s: 451
d: [2,1424,4,10,2,2,40,1374,1364]
d: [2,1425,4,5,1,2,18,1424]
a: [3,1429,4,5,1,1425]
s: 1429
i: [1,333,0,48,10,0,0,1] d1_jordan17
d: [2,456,0,44,9,0,18,333]
s: 456
i: [1,334,0,48,10,0,0,1] d1_jordan17
d: [2,457,0,44,9,0,18,334]
s: 457
d: [2,838,3,2,1,1,40,753,284]
a: [3,843,3,2,1,838]
s: 843
i: [1,336,0,48,10,0,0,1] d1_jordan17
d: [2,458,0,44,9,0,18,336]
s: 458
d: [2,839,3,2,1,1,40,753,283]
a: [3,848,3,2,1,839]
s: 848
i: [1,338,0,48,10,0,0,1] d1_jordan17
d: [2,459,0,44,9,0,18,338]
s: 459
i: [1,340,0,48,10,0,0,1] d1_jordan17
d: [2,461,0,44,9,0,18,340]
s: 461
d: [2,1387,3,2,1,1,40,814,297]
a: [3,1391,3,2,1,1387]
s: 1391
i: [1,341,0,48,10,0,0,1] d1_jordan17
d: [2,462,0,44,9,0,18,341]
s: 462
d: [2,1393,3,2,1,1,40,820,297]
a: [3,1397,3,2,1,1393]
s: 1397
i: [1,342,0,48,10,0,0,1] d1_jordan17
d: [2,463,0,44,9,0,18,342]
s: 463
i: [1,343,0,48,10,0,0,1] d1_jordan17
d: [2,464,0,44,9,0,18,343]
s: 464
d: [2,1399,3,2,1,1,40,826,297]
a: [3,1403,3,2,1,1399]
s: 1403
i: [1,344,0,48,10,0,0,1] d1_jordan17
d: [2,465,0,44,9,0,18,344]
s: 465
d: [2,1405,3,2,1,1,40,832,296]
a: [3,1409,3,2,1,1405]
s: 1409
i: [1,346,0,48,10,0,0,1] d1_jordan17
d: [2,467,0,44,9,0,18,346]
s: 467
i: [1,348,0,48,10,0,0,1] d1_jordan17
d: [2,469,0,44,9,0,18,348]
s: 469
d: [2,1411,3,2,1,1,40,872,296]
a: [3,1415,3,2,1,1411]
s: 1415
i: [1,350,0,48,10,0,0,1] d1_jordan17
d: [2,470,0,44,9,0,18,350]
s: 470
d: [2,1417,3,2,1,1,40,909,296]
a: [3,1422,3,2,1,1417]
s: 1422
i: [1,351,0,48,10,0,0,1] d1_jordan17
d: [2,471,0,44,9,0,18,351]
s: 471
i: [1,352,0,48,10,0,0,1] d1_jordan17
d: [2,472,0,44,9,0,18,352]
s: 472
d: [2,1431,4,2,1,1,40,1391,304]
a: [3,1436,4,2,1,1431]
s: 1436
i: [1,354,0,48,10,0,0,1] d1_jordan17
d: [2,473,0,44,9,0,18,354]
s: 473
d: [2,1432,4,2,1,1,40,1391,303]
a: [3,1441,4,2,1,1432]
s: 1441
i: [1,356,0,48,10,0,0,1] d1_jordan17
d: [2,474,0,44,9,0,18,356]
s: 474
i: [1,358,0,48,10,0,0,1] d1_jordan17
d: [2,476,0,44,9,0,18,358]
s: 476
d: [2,1443,4,2,1,1,40,1397,304]
a: [3,1448,4,2,1,1443]
s: 1448
i: [1,359,0,48,10,0,0,1] d1_jordan17
d: [2,477,0,44,9,0,18,359]
s: 477
d: [2,1444,4,2,1,1,40,1397,303]
a: [3,1453,4,2,1,1444]
s: 1453
i: [1,362,0,48,10,0,0,1] d1_jordan17
d: [2,480,0,44,9,0,18,362]
s: 480
i: [1,364,0,48,10,0,0,1] d1_jordan17
d: [2,482,0,44,9,0,18,364]
s: 482
d: [2,1455,4,2,1,1,40,1403,304]
a: [3,1460,4,2,1,1455]
s: 1460
i: [1,367,0,48,10,0,0,1] d1_jordan17
d: [2,485,0,44,9,0,18,367]
s: 485
d: [2,1456,4,2,1,1,40,1403,303]
a: [3,1465,4,2,1,1456]
s: 1465
i: [1,368,0,48,10,0,0,1] d1_jordan17
d: [2,486,0,44,9,0,18,368]
s: 486
i: [1,369,0,48,10,0,0,1] d1_jordan17
d: [2,487,0,44,9,0,18,369]
s: 487
d: [2,1467,4,2,1,1,40,1409,297]
a: [3,1471,4,2,1,1467]
s: 1471
i: [1,372,0,48,10,0,0,1] d1_jordan17
d: [2,490,0,44,9,0,18,372]
s: 490
d: [2,1473,4,2,1,1,40,1415,297]
a: [3,1477,4,2,1,1473]
s: 1477
i: [1,376,0,48,10,0,0,1] d1_jordan17
d: [2,493,0,44,9,0,18,376]
s: 493
i: [1,377,0,48,10,0,0,1] d1_jordan17
d: [2,494,0,44,9,0,18,377]
s: 494
d: [2,1479,4,2,1,1,40,1422,297]
a: [3,1484,4,2,1,1479]
s: 1484
i: [1,378,0,48,10,0,0,1] d1_jordan17
d: [2,495,0,44,9,0,18,378]
s: 495
d: [2,1486,5,2,1,1,40,1471,304]
a: [3,1491,5,2,1,1486]
s: 1491
i: [1,380,0,48,10,0,0,1] d1_jordan17
d: [2,497,0,44,9,0,18,380]
s: 497
i: [1,382,0,48,10,0,0,1] d1_jordan17
d: [2,498,0,44,9,0,18,382]
s: 498
d: [2,1487,5,2,1,1,40,1471,303]
a: [3,1496,5,2,1,1487]
s: 1496
i: [1,383,0,48,10,0,0,1] d1_jordan17
d: [2,499,0,44,9,0,18,383]
s: 499
d: [2,1498,5,2,1,1,40,1477,304]
a: [3,1503,5,2,1,1498]
s: 1503
i: [1,384,0,48,10,0,0,1] d1_jordan17
d: [2,500,0,44,9,0,18,384]
s: 500
i: [1,386,0,48,10,0,0,1] d1_jordan17
d: [2,502,0,44,9,0,18,386]
s: 502
d: [2,1499,5,2,1,1,40,1477,303]
a: [3,1508,5,2,1,1499]
s: 1508
i: [1,389,0,48,10,0,0,1] d1_jordan17
d: [2,505,0,44,9,0,18,389]
s: 505
d: [2,1510,5,2,1,1,40,1484,304]
a: [3,1516,5,2,1,1510]
s: 1516
i: [1,390,0,48,10,0,0,1] d1_jordan17
d: [2,506,0,44,9,0,18,390]
s: 506
i: [1,391,0,48,10,0,0,1] d1_jordan17
d: [2,507,0,44,9,0,18,391]
s: 507
d: [2,1511,5,2,1,1,40,1484,303]
a: [3,1521,5,2,1,1511]
s: 1521
i: [1,392,0,48,10,0,0,1] d1_jordan17
d: [2,508,0,44,9,0,18,392]
s: 508
d: [2,1310,1,15,4,1,40,415,584]
d: [2,1317,1,13,3,2,21,1310,881]
d: [2,1318,1,9,2,3,21,1317,1154]
s: 1318
i: [1,393,0,48,10,0,0,1] d1_jordan17
d: [2,509,0,44,9,0,18,393]
s: 509
i: [1,394,0,48,10,0,0,1] d1_jordan17
d: [2,510,0,44,9,0,18,394]
s: 510
d: [2,1526,2,20,5,3,40,1318,413]
d: [2,1527,2,14,4,3,21,1526,584]
d: [2,1528,2,12,3,3,21,1527,881]
d: [2,1529,2,8,2,3,21,1528,1154]
s: 1529
i: [1,419,0,47,9,0,0,255] dt_g1_rltopsp1
s: 419
d: [2,1530,3,12,3,3,40,1529,402]
d: [2,1532,3,8,2,3,21,1530,1154]
s: 1532
i: [1,420,0,47,9,0,0,255] dt_g1_rltopsp1
s: 420
i: [1,315,0,48,10,0,0,1] d1_jordan17
s: 315
d: [2,1539,4,8,2,3,40,1532,412]
s: 1539
i: [1,335,0,48,10,0,0,1] d1_jordan17
s: 335
d: [2,1549,5,10,2,3,40,1539,1532]
d: [2,1551,5,5,1,3,18,1549]
a: [3,1555,5,5,1,1551]
s: 1555
i: [1,337,0,48,10,0,0,1] d1_jordan17
s: 337
i: [1,349,0,48,10,0,0,1] d1_jordan17
s: 349
d: [2,852,1,3,1,0,40,311,408]
a: [3,866,1,3,1,852]
s: 866
i: [1,353,0,48,10,0,0,1] d1_jordan17
s: 353
d: [2,966,1,5,2,1,40,307,619]
a: [3,1008,1,3,1,966]
s: 1008
i: [1,355,0,48,10,0,0,1] d1_jordan17
s: 355
i: [1,375,0,48,10,0,0,1] d1_jordan17
s: 375
a: [3,1207,1,3,1,1143]
s: 1207
i: [1,381,0,48,10,0,0,1] d1_jordan17
s: 381
d: [2,1557,2,3,1,1,40,866,306]
a: [3,1561,2,3,1,1557]
s: 1561
i: [1,395,0,48,10,0,0,1] d1_jordan17
s: 395
i: [1,421,0,56,10,0,0,255] free_g1_rltopsp1
s: 421
d: [2,1563,2,3,1,1,40,1207,412]
a: [3,1569,2,3,1,1563]
s: 1569
i: [1,422,0,56,10,0,0,255] free_g1_rltopsp1
s: 422
d: [2,1571,3,3,1,1,40,1561,296]
a: [3,1575,3,3,1,1571]
s: 1575
i: [1,423,0,56,10,0,0,255] free_g1_rltopsp1
s: 423
i: [1,424,0,56,10,0,0,255] free_g1_rltopsp1
s: 424
d: [2,1583,4,3,1,1,40,1575,297]
a: [3,1587,4,3,1,1583]
s: 1587
i: [1,425,0,56,10,0,0,255] free_g1_rltopsp1
s: 425
d: [2,1595,5,3,1,1,40,1587,304]
a: [3,1600,5,3,1,1595]
s: 1600
d: [2,1338,1,16,5,1,40,1328,584]
d: [2,1340,1,14,4,2,21,1338,589]
s: 1340
d: [2,809,1,4,1,0,40,418,309]
s: 809
d: [2,1610,2,10,3,2,42,1340]
d: [2,1611,2,7,2,2,18,1610]
s: 1611
d: [2,886,1,4,1,0,40,312,408]
a: [3,890,1,4,1,886]
s: 890
d: [2,1596,5,3,1,1,40,1587,303]
a: [3,1605,5,3,1,1596]
s: 1605
d: [2,893,1,4,1,0,40,313,408]
a: [3,902,1,4,1,893]
s: 902
d: [2,1139,1,7,2,1,40,402,619]
a: [3,1184,1,4,1,1139]
s: 1184
a: [3,1187,1,3,1,1139]
s: 1187
d: [2,834,1,5,2,0,40,282,301]
s: 834
d: [2,1369,2,4,2,1,44,1024,310]
s: 1369
a: [3,1012,1,2,1,966]
s: 1012
d: [2,835,1,5,2,0,40,282,300]
s: 835
d: [2,1640,3,2,1,2,40,1369,699]
a: [3,1646,3,2,1,1640]
s: 1646
d: [2,837,1,5,2,1,44,711,310]
s: 837
d: [2,1612,2,4,1,0,40,809,306]
s: 1612
d: [2,959,1,5,2,0,40,307,408]
s: 959
d: [2,1037,1,5,2,0,40,403,312]
s: 1037
d: [2,1613,2,4,1,1,40,890,306]
a: [3,1617,2,4,1,1613]
s: 1617
d: [2,1038,1,5,2,0,40,403,313]
s: 1038
d: [2,1619,2,4,1,1,40,902,304]
a: [3,1624,2,4,1,1619]
s: 1624
d: [2,1044,1,6,2,0,40,294,408]
s: 1044
d: [2,1063,1,6,2,0,40,295,408]
s: 1063
d: [2,1620,2,4,1,1,40,902,303]
a: [3,1629,2,4,1,1620]
s: 1629
d: [2,1083,1,6,2,0,40,298,408]
s: 1083
d: [2,1631,2,4,1,1,40,1184,412]
a: [3,1637,2,4,1,1631]
s: 1637
d: [2,1096,1,6,2,0,40,299,408]
s: 1096
d: [2,1114,1,6,2,0,40,305,408]
s: 1114
d: [2,1418,3,4,2,1,44,909,310]
s: 1418
d: [2,1129,1,6,2,0,40,308,408]
s: 1129
d: [2,1641,3,4,1,1,40,1369,418]
s: 1641
d: [2,1132,1,6,2,0,40,402,408]
s: 1132
d: [2,1245,1,12,2,0,40,314,408]
a: [3,1249,1,6,1,1245]
s: 1249
d: [2,1653,3,4,1,0,40,1612,296]
s: 1653
a: [3,1253,1,6,1,1245]
s: 1253
d: [2,1655,3,4,1,1,40,1617,296]
a: [3,1659,3,4,1,1655]
s: 1659
d: [2,1257,1,6,2,1,40,406,619]
s: 1257
d: [2,836,1,7,3,0,44,310,310]
s: 836
d: [2,1480,4,4,2,1,44,1422,310]
s: 1480
d: [2,1043,1,7,3,0,40,294,403]
s: 1043
d: [2,1673,4,4,1,0,40,1653,297]
s: 1673
d: [2,1062,1,7,3,0,40,295,403]
s: 1062
d: [2,1082,1,7,3,0,40,298,403]
s: 1082
d: [2,1674,4,4,1,1,40,1659,297]
a: [3,1678,4,4,1,1674]
s: 1678
d: [2,1095,1,7,3,0,40,299,403]
s: 1095
d: [2,1512,5,4,2,1,44,1484,310]
s: 1512
d: [2,1113,1,7,3,0,40,305,403]
s: 1113
d: [2,1128,1,7,3,0,40,308,403]
s: 1128
d: [2,1685,5,4,1,0,40,1673,304]
s: 1685
d: [2,1234,1,7,2,0,40,407,408]
s: 1234
d: [2,1686,5,4,1,0,40,1673,303]
s: 1686
d: [2,964,1,8,3,0,40,307,286]
s: 964
d: [2,1039,1,8,3,0,40,403,307]
s: 1039
d: [2,1689,5,4,1,1,40,1678,304]
a: [3,1694,5,4,1,1689]
s: 1694
d: [2,1213,1,8,2,0,40,417,308]
s: 1213
d: [2,1690,5,4,1,1,40,1678,303]
a: [3,1699,5,4,1,1690]
s: 1699
d: [2,1214,1,8,2,0,40,417,305]
s: 1214
d: [2,1215,1,8,2,0,40,417,299]
s: 1215
d: [2,1523,6,4,2,1,44,1516,310]
s: 1523
d: [2,1216,1,8,2,0,40,417,298]
s: 1216
d: [2,1524,6,4,2,1,44,1521,310]
s: 1524
d: [2,1217,1,8,2,0,40,417,295]
s: 1217
d: [2,1218,1,8,2,0,40,417,294]
s: 1218
d: [2,1649,2,5,2,0,40,835,285]
s: 1649
d: [2,1229,1,8,3,0,40,407,403]
s: 1229
d: [2,1708,2,5,2,0,40,1039,409]
s: 1708
d: [2,1260,1,8,2,0,40,406,408]
s: 1260
d: [2,1263,1,8,2,0,40,410,408]
s: 1263
d: [2,1715,3,5,2,0,40,1649,284]
s: 1715
d: [2,1266,1,8,2,0,40,411,408]
s: 1266
d: [2,1716,3,5,2,0,40,1649,283]
s: 1716
d: [2,1268,1,8,3,0,40,290,410]
s: 1268
d: [2,1280,1,8,3,0,40,293,410]
s: 1280
d: [2,1662,2,6,2,0,40,1083,296]
s: 1662
d: [2,1220,1,9,2,0,40,417,307]
s: 1220
d: [2,1663,2,6,2,0,40,1096,297]
s: 1663
d: [2,1221,1,9,3,0,40,287,308]
s: 1221
d: [2,1222,1,9,3,0,40,287,305]
s: 1222
d: [2,1664,2,6,2,0,40,1114,304]
s: 1664
d: [2,1223,1,9,3,0,40,287,299]
s: 1223
d: [2,1665,2,6,2,0,40,1114,303]
s: 1665
d: [2,1224,1,9,3,0,40,287,298]
s: 1224
d: [2,1225,1,9,3,0,40,287,295]
s: 1225
d: [2,1669,2,6,2,0,40,1129,306]
s: 1669
d: [2,1226,1,9,3,0,40,287,294]
s: 1226
d: [2,1670,2,6,2,0,40,1132,412]
s: 1670
d: [2,1233,1,9,2,0,40,407,417]
s: 1233
d: [2,1243,1,9,3,0,40,314,403]
s: 1243
d: [2,1707,2,6,2,0,40,1234,1132]
s: 1707
d: [2,1255,1,9,3,0,40,406,403]
s: 1255
d: [2,1733,3,6,2,0,40,1662,297]
s: 1733
d: [2,1261,1,9,3,0,40,410,403]
s: 1261
d: [2,1264,1,9,3,0,40,411,403]
s: 1264
d: [2,1750,2,6,2,0,40,1261,409]
s: 1750
d: [2,1372,1,38,8,1,40,396,584]
s: 1372
d: [2,1759,2,32,7,2,40,1372,514]
d: [2,1777,2,27,6,3,21,1759,574]
d: [2,1778,2,22,5,4,21,1777,569]
d: [2,1779,2,17,4,5,21,1778,564]
d: [2,1780,2,12,3,6,21,1779,579]
a: [3,1784,2,4,1,1780]
s: 1784
r: 1784
d: [2,1378,1,38,8,1,40,397,584]
s: 1378
d: [2,1382,1,38,8,1,40,398,584]
s: 1382
a: [3,1783,2,4,1,1780]
s: 1783
d: [2,1385,1,38,8,1,40,399,584]
s: 1385
r: 1012
r: 1048
r: 1087
r: 1151
r: 1539
r: 1532
r: 1529
r: 1374
r: 1364
r: 1318
r: 1154
r: 1165
r: 1170
r: 1175
r: 1178
r: 1184
r: 1187
r: 1197
r: 1207
r: 1210
r: 1249
r: 1303
r: 1351
r: 1569
r: 1637
r: 1160
a: [3,1052,1,2,1,1041]
s: 1052
a: [3,1091,1,2,1,1080]
s: 1091
a: [3,1104,1,2,1,1093]
s: 1104
r: 1091
r: 1104
a: [3,1090,1,2,1,1080]
s: 1090
a: [3,1103,1,2,1,1093]
s: 1103
d: [2,1232,1,7,2,1,40,407,584]
a: [3,1241,1,3,1,1232]
s: 1241
r: 1359
r: 1429
r: 1258
r: 1340
r: 1611
d: [2,2037,2,0,0,2,40,1241,544]
e: 2037
d: [2,2036,2,0,0,2,40,1241,549]
e: 2036
d: [2,2035,2,0,0,2,40,1241,554]
e: 2035
d: [2,2034,2,0,0,2,40,1241,559]
e: 2034
d: [2,2031,2,0,0,2,52,559,1241]
e: 2031
d: [2,2032,2,0,0,3,52,918,881,1241,402]
e: 2032
d: [2,2033,2,0,0,2,52,881,1241,1132]
e: 2033
d: [2,2038,2,2,1,1,40,1241,1132]
d: [2,2046,2,0,0,2,21,2038,881]
e: 2046
r: 1241
s: 1087
s: 1154
a: [3,1788,2,4,1,1780]
s: 1788
s: 1151
a: [3,1792,2,4,1,1780]
s: 1792
s: 1160
s: 1165
d: [2,1760,2,32,7,2,40,1372,519]
d: [2,1794,2,27,6,3,21,1760,569]
d: [2,1795,2,22,5,4,21,1794,574]
d: [2,1796,2,17,4,5,21,1795,564]
d: [2,1797,2,12,3,6,21,1796,579]
a: [3,1801,2,4,1,1797]
s: 1801
s: 1170
d: [2,1761,2,32,7,2,40,1372,524]
d: [2,1807,2,27,6,3,21,1761,574]
d: [2,1808,2,22,5,4,21,1807,564]
d: [2,1809,2,17,4,5,21,1808,569]
d: [2,1810,2,12,3,6,21,1809,579]
a: [3,1814,2,4,1,1810]
s: 1814
a: [3,1179,1,5,1,1138]
s: 1179
d: [2,2062,2,0,0,2,52,999,1179,309]
e: 2062
d: [2,2063,2,5,1,1,40,1179,309]
d: [2,2071,2,0,0,2,21,2063,999]
e: 2071
r: 999
r: 1179
a: [3,1003,1,2,1,965]
s: 1003
a: [3,1818,2,4,1,1810]
s: 1818
d: [2,2104,3,0,0,6,52,589,544,549,1792,584,1818,1328]
e: 2104
d: [2,2105,3,0,0,6,52,589,549,544,1792,584,1818,1328]
e: 2105
r: 1818
s: 1178
a: [3,1805,2,4,1,1797]
s: 1805
s: 1175
s: 1258
d: [2,1762,2,32,7,2,40,1372,529]
d: [2,1820,2,27,6,3,21,1762,564]
d: [2,1821,2,22,5,4,21,1820,574]
d: [2,1822,2,17,4,5,21,1821,569]
d: [2,1823,2,12,3,6,21,1822,579]
a: [3,1827,2,4,1,1823]
s: 1827
d: [2,2116,3,0,0,6,52,589,544,554,1805,584,1827,1328]
e: 2116
d: [2,2117,3,0,0,6,52,589,554,544,1805,584,1827,1328]
e: 2117
r: 1827
s: 1012
d: [2,1763,2,32,7,2,40,1372,534]
d: [2,1829,2,27,6,3,21,1763,569]
d: [2,1830,2,22,5,4,21,1829,564]
d: [2,1831,2,17,4,5,21,1830,574]
d: [2,1832,2,12,3,6,21,1831,579]
a: [3,1836,2,4,1,1832]
s: 1836
s: 1197
a: [3,1211,1,2,1,1143]
s: 1211
d: [2,1850,2,32,7,2,40,1378,529]
d: [2,1888,2,27,6,3,21,1850,564]
d: [2,1889,2,22,5,4,21,1888,574]
d: [2,1890,2,17,4,5,21,1889,569]
d: [2,1891,2,12,3,6,21,1890,579]
a: [3,1895,2,4,1,1891]
s: 1895
d: [2,2146,3,0,0,6,52,589,559,544,1788,584,1895,1328]
e: 2146
d: [2,2147,3,0,0,6,52,589,544,559,1788,584,1895,1328]
e: 2147
r: 1805
r: 1895
d: [2,969,1,4,2,1,40,307,624]
a: [3,1028,1,2,1,969]
s: 1028
s: 1827
d: [2,1094,1,4,2,1,40,299,619]
a: [3,1108,1,2,1,1094]
s: 1108
a: [3,2016,1,9,2,1317]
s: 2016
d: [2,1847,2,32,7,2,40,1378,514]
d: [2,1865,2,27,6,3,21,1847,574]
d: [2,1866,2,22,5,4,21,1865,569]
d: [2,1867,2,17,4,5,21,1866,564]
d: [2,1868,2,12,3,6,21,1867,579]
a: [3,1872,2,4,1,1868]
s: 1872
d: [2,2158,3,0,0,6,52,589,559,554,1836,584,1872,1328]
e: 2158
d: [2,2159,3,0,0,6,52,589,554,559,1836,584,1872,1328]
e: 2159
r: 1783
r: 1792
r: 1801
r: 1827
r: 1872
a: [3,1188,1,3,1,1139]
s: 1188
d: [2,2162,2,0,0,2,52,1008,1188,309]
e: 2162
d: [2,2163,2,3,1,1,40,1188,309]
d: [2,2171,2,0,0,2,21,2163,1008]
e: 2171
r: 1008
s: 1784
a: [3,1007,1,3,1,966]
s: 1007
a: [3,1193,1,3,1,1141]
s: 1193
d: [2,2208,2,0,0,2,52,1197,1193,405]
e: 2208
d: [2,2209,2,0,0,3,52,1211,619,1193,407]
e: 2209
d: [2,2210,2,0,0,2,52,1197,409,1193,1229]
e: 2210
d: [2,2214,2,2,1,1,40,1193,405]
d: [2,2218,2,0,0,2,21,2214,1197]
e: 2218
r: 1197
r: 1211
a: [3,1800,2,4,1,1797]
s: 1800
a: [3,1196,1,2,1,1141]
s: 1196
s: 1818
d: [2,1142,1,5,2,1,40,402,711]
a: [3,1202,1,3,1,1142]
s: 1202
s: 1207
d: [2,1848,2,32,7,2,40,1378,519]
d: [2,1874,2,27,6,3,21,1848,569]
d: [2,1875,2,22,5,4,21,1874,574]
d: [2,1876,2,17,4,5,21,1875,564]
d: [2,1877,2,12,3,6,21,1876,579]
a: [3,1881,2,4,1,1877]
s: 1881
d: [2,2247,3,0,0,6,52,589,559,549,1814,584,1881,1328]
e: 2247
d: [2,2248,3,0,0,6,52,589,549,559,1814,584,1881,1328]
e: 2248
d: [2,1764,2,32,7,2,40,1372,539]
d: [2,1838,2,27,6,3,21,1764,564]
d: [2,1839,2,22,5,4,21,1838,569]
d: [2,1840,2,17,4,5,21,1839,574]
d: [2,1841,2,12,3,6,21,1840,579]
d: [2,1843,3,10,3,3,40,1784,1340]
d: [2,1844,3,7,2,4,21,1843,549]
d: [2,1845,3,4,1,5,21,1844,554]
d: [2,1849,2,32,7,2,40,1378,524]
d: [2,1883,2,27,6,3,21,1849,574]
d: [2,1884,2,22,5,4,21,1883,564]
d: [2,1885,2,17,4,5,21,1884,569]
d: [2,1886,2,12,3,6,21,1885,579]
d: [2,1851,2,32,7,2,40,1378,534]
d: [2,1897,2,27,6,3,21,1851,569]
d: [2,1898,2,22,5,4,21,1897,564]
d: [2,1899,2,17,4,5,21,1898,574]
d: [2,1900,2,12,3,6,21,1899,579]
d: [2,1852,2,32,7,2,40,1378,539]
d: [2,1902,2,27,6,3,21,1852,564]
d: [2,1903,2,22,5,4,21,1902,569]
d: [2,1904,2,17,4,5,21,1903,574]
d: [2,1905,2,12,3,6,21,1904,579]
d: [2,1907,2,32,7,2,40,1382,514]
d: [2,1925,2,27,6,3,21,1907,574]
d: [2,1926,2,22,5,4,21,1925,569]
d: [2,1927,2,17,4,5,21,1926,564]
d: [2,1928,2,12,3,6,21,1927,579]
d: [2,1908,2,32,7,2,40,1382,519]
d: [2,1930,2,27,6,3,21,1908,569]
d: [2,1931,2,22,5,4,21,1930,574]
d: [2,1932,2,17,4,5,21,1931,564]
d: [2,1933,2,12,3,6,21,1932,579]
d: [2,1909,2,32,7,2,40,1382,524]
d: [2,1935,2,27,6,3,21,1909,574]
d: [2,1936,2,22,5,4,21,1935,564]
d: [2,1937,2,17,4,5,21,1936,569]
d: [2,1938,2,12,3,6,21,1937,579]
d: [2,1910,2,32,7,2,40,1382,529]
d: [2,1940,2,27,6,3,21,1910,564]
d: [2,1941,2,22,5,4,21,1940,574]
d: [2,1942,2,17,4,5,21,1941,569]
d: [2,1943,2,12,3,6,21,1942,579]
d: [2,1911,2,32,7,2,40,1382,534]
d: [2,1945,2,27,6,3,21,1911,569]
d: [2,1946,2,22,5,4,21,1945,564]
d: [2,1947,2,17,4,5,21,1946,574]
d: [2,1948,2,12,3,6,21,1947,579]
d: [2,1912,2,32,7,2,40,1382,539]
d: [2,1950,2,27,6,3,21,1912,564]
d: [2,1951,2,22,5,4,21,1950,569]
d: [2,1952,2,17,4,5,21,1951,574]
d: [2,1953,2,12,3,6,21,1952,579]
d: [2,1955,2,32,7,2,40,1385,514]
d: [2,1973,2,27,6,3,21,1955,574]
d: [2,1974,2,22,5,4,21,1973,569]
d: [2,1975,2,17,4,5,21,1974,564]
d: [2,1976,2,12,3,6,21,1975,579]
d: [2,1956,2,32,7,2,40,1385,519]
d: [2,1978,2,27,6,3,21,1956,569]
d: [2,1979,2,22,5,4,21,1978,574]
d: [2,1980,2,17,4,5,21,1979,564]
d: [2,1981,2,12,3,6,21,1980,579]
d: [2,1957,2,32,7,2,40,1385,524]
d: [2,1983,2,27,6,3,21,1957,574]
d: [2,1984,2,22,5,4,21,1983,564]
d: [2,1985,2,17,4,5,21,1984,569]
d: [2,1986,2,12,3,6,21,1985,579]
d: [2,1958,2,32,7,2,40,1385,529]
d: [2,1988,2,27,6,3,21,1958,564]
d: [2,1989,2,22,5,4,21,1988,574]
d: [2,1990,2,17,4,5,21,1989,569]
d: [2,1991,2,12,3,6,21,1990,579]
d: [2,1992,2,8,2,7,21,1991,1783]
d: [2,1959,2,32,7,2,40,1385,534]
d: [2,1994,2,27,6,3,21,1959,569]
d: [2,1995,2,22,5,4,21,1994,564]
d: [2,1996,2,17,4,5,21,1995,574]
d: [2,1997,2,12,3,6,21,1996,579]
d: [2,1960,2,32,7,2,40,1385,539]
d: [2,1999,2,27,6,3,21,1960,564]
d: [2,2000,2,22,5,4,21,1999,569]
d: [2,2001,2,17,4,5,21,2000,574]
d: [2,2002,2,12,3,6,21,2001,579]
f: 2248,2159,2147,2117,2105,2002,1997,1992,1986,1981,1976,1953,1948,1943,1938,1933,1928,1905,1900,1891,1886,1877,1868,1845,1841,1832,1823,1810,1797,1780,253,254,255,256,257,258,259,260,261,262,263,264,265,266,267,268
% Refutation found. Thanks to Tanya!
% SZS status Theorem for jordan17__t27_jordan17
% SZS output start Proof for jordan17__t27_jordan17
1. ! [X0] : ((m1_subset_1(X0,k1_zfmisc_1(u1_struct_0(k15_euclid(2)))) & v1_topreal2(X0)) => ! [X1] : (m1_subset_1(X1,u1_struct_0(k15_euclid(2))) => ! [X2] : (m1_subset_1(X2,u1_struct_0(k15_euclid(2))) => ! [X3] : (m1_subset_1(X3,u1_struct_0(k15_euclid(2))) => ! [X4] : (m1_subset_1(X4,u1_struct_0(k15_euclid(2))) => ~(~r1_jordan17(X0,X1,X4,X3,X2) & ~r1_jordan17(X0,X1,X4,X2,X3) & ~r1_jordan17(X0,X1,X3,X4,X2) & ~r1_jordan17(X0,X1,X3,X2,X4) & ~r1_jordan17(X0,X1,X2,X4,X3) & ~r1_jordan17(X0,X1,X2,X3,X4) & r2_hidden(X4,X0) & r2_hidden(X3,X0) & r2_hidden(X2,X0) & r2_hidden(X1,X0))))))) [input t27_jordan17]
2. ~! [X0] : ((m1_subset_1(X0,k1_zfmisc_1(u1_struct_0(k15_euclid(2)))) & v1_topreal2(X0)) => ! [X1] : (m1_subset_1(X1,u1_struct_0(k15_euclid(2))) => ! [X2] : (m1_subset_1(X2,u1_struct_0(k15_euclid(2))) => ! [X3] : (m1_subset_1(X3,u1_struct_0(k15_euclid(2))) => ! [X4] : (m1_subset_1(X4,u1_struct_0(k15_euclid(2))) => ~(~r1_jordan17(X0,X1,X4,X3,X2) & ~r1_jordan17(X0,X1,X4,X2,X3) & ~r1_jordan17(X0,X1,X3,X4,X2) & ~r1_jordan17(X0,X1,X3,X2,X4) & ~r1_jordan17(X0,X1,X2,X4,X3) & ~r1_jordan17(X0,X1,X2,X3,X4) & r2_hidden(X4,X0) & r2_hidden(X3,X0) & r2_hidden(X2,X0) & r2_hidden(X1,X0))))))) [negated conjecture 1]
39. ! [X0] : (m1_subset_1(X0,k1_zfmisc_1(u1_struct_0(k15_euclid(2)))) => ! [X1] : (m1_subset_1(X1,u1_struct_0(k15_euclid(2))) => ! [X2] : (m1_subset_1(X2,u1_struct_0(k15_euclid(2))) => ! [X3] : (m1_subset_1(X3,u1_struct_0(k15_euclid(2))) => ! [X4] : (m1_subset_1(X4,u1_struct_0(k15_euclid(2))) => (r1_jordan17(X0,X1,X2,X3,X4) <=> ~(~(r1_jordan6(X0,X2,X3) & r1_jordan6(X0,X1,X2) & r1_jordan6(X0,X4,X1)) & ~(r1_jordan6(X0,X1,X2) & r1_jordan6(X0,X4,X1) & r1_jordan6(X0,X3,X4)) & ~(r1_jordan6(X0,X4,X1) & r1_jordan6(X0,X3,X4) & r1_jordan6(X0,X2,X3)) & ~(r1_jordan6(X0,X3,X4) & r1_jordan6(X0,X2,X3) & r1_jordan6(X0,X1,X2))))))))) [input d1_jordan17]
95. ! [X0] : ! [X1] : ! [X2] : ((m1_subset_1(X1,k1_zfmisc_1(X2)) & r2_hidden(X0,X1)) => m1_subset_1(X0,X2)) [input t4_subset]
99. ! [X0] : ((m1_subset_1(X0,k1_zfmisc_1(u1_struct_0(k15_euclid(2)))) & v1_topreal2(X0)) => ! [X1] : (m1_subset_1(X1,u1_struct_0(k15_euclid(2))) => ! [X2] : (m1_subset_1(X2,u1_struct_0(k15_euclid(2))) => ~(~r1_jordan6(X0,X2,X1) & ~r1_jordan6(X0,X1,X2) & r2_hidden(X2,X0) & r2_hidden(X1,X0))))) [input t7_jordan16]
106. ! [X0,X1,X2] : ((m1_subset_1(X1,k1_zfmisc_1(X2)) & r2_hidden(X0,X1)) => m1_subset_1(X0,X2)) [flattening 95]
159. ? [X0] : (? [X1] : (? [X2] : (? [X3] : (? [X4] : ((~r1_jordan17(X0,X1,X4,X3,X2) & ~r1_jordan17(X0,X1,X4,X2,X3) & ~r1_jordan17(X0,X1,X3,X4,X2) & ~r1_jordan17(X0,X1,X3,X2,X4) & ~r1_jordan17(X0,X1,X2,X4,X3) & ~r1_jordan17(X0,X1,X2,X3,X4) & r2_hidden(X4,X0) & r2_hidden(X3,X0) & r2_hidden(X2,X0) & r2_hidden(X1,X0)) & m1_subset_1(X4,u1_struct_0(k15_euclid(2)))) & m1_subset_1(X3,u1_struct_0(k15_euclid(2)))) & m1_subset_1(X2,u1_struct_0(k15_euclid(2)))) & m1_subset_1(X1,u1_struct_0(k15_euclid(2)))) & (m1_subset_1(X0,k1_zfmisc_1(u1_struct_0(k15_euclid(2)))) & v1_topreal2(X0))) [ennf transformation 2]
160. ? [X0] : (? [X1] : (? [X2] : (? [X3] : (? [X4] : (~r1_jordan17(X0,X1,X4,X3,X2) & ~r1_jordan17(X0,X1,X4,X2,X3) & ~r1_jordan17(X0,X1,X3,X4,X2) & ~r1_jordan17(X0,X1,X3,X2,X4) & ~r1_jordan17(X0,X1,X2,X4,X3) & ~r1_jordan17(X0,X1,X2,X3,X4) & r2_hidden(X4,X0) & r2_hidden(X3,X0) & r2_hidden(X2,X0) & r2_hidden(X1,X0) & m1_subset_1(X4,u1_struct_0(k15_euclid(2)))) & m1_subset_1(X3,u1_struct_0(k15_euclid(2)))) & m1_subset_1(X2,u1_struct_0(k15_euclid(2)))) & m1_subset_1(X1,u1_struct_0(k15_euclid(2)))) & m1_subset_1(X0,k1_zfmisc_1(u1_struct_0(k15_euclid(2)))) & v1_topreal2(X0)) [flattening 159]
193. ! [X0] : (! [X1] : (! [X2] : (! [X3] : (! [X4] : ((r1_jordan17(X0,X1,X2,X3,X4) <=> ((r1_jordan6(X0,X2,X3) & r1_jordan6(X0,X1,X2) & r1_jordan6(X0,X4,X1)) | (r1_jordan6(X0,X1,X2) & r1_jordan6(X0,X4,X1) & r1_jordan6(X0,X3,X4)) | (r1_jordan6(X0,X4,X1) & r1_jordan6(X0,X3,X4) & r1_jordan6(X0,X2,X3)) | (r1_jordan6(X0,X3,X4) & r1_jordan6(X0,X2,X3) & r1_jordan6(X0,X1,X2)))) | ~m1_subset_1(X4,u1_struct_0(k15_euclid(2)))) | ~m1_subset_1(X3,u1_struct_0(k15_euclid(2)))) | ~m1_subset_1(X2,u1_struct_0(k15_euclid(2)))) | ~m1_subset_1(X1,u1_struct_0(k15_euclid(2)))) | ~m1_subset_1(X0,k1_zfmisc_1(u1_struct_0(k15_euclid(2))))) [ennf transformation 39]
194. ! [X0] : (! [X1] : (! [X2] : ((r1_jordan6(X0,X2,X1) | r1_jordan6(X0,X1,X2) | ~r2_hidden(X2,X0) | ~r2_hidden(X1,X0)) | ~m1_subset_1(X2,u1_struct_0(k15_euclid(2)))) | ~m1_subset_1(X1,u1_struct_0(k15_euclid(2)))) | (~m1_subset_1(X0,k1_zfmisc_1(u1_struct_0(k15_euclid(2)))) | ~v1_topreal2(X0))) [ennf transformation 99]
195. ! [X0] : (! [X1] : (! [X2] : (r1_jordan6(X0,X2,X1) | r1_jordan6(X0,X1,X2) | ~r2_hidden(X2,X0) | ~r2_hidden(X1,X0) | ~m1_subset_1(X2,u1_struct_0(k15_euclid(2)))) | ~m1_subset_1(X1,u1_struct_0(k15_euclid(2)))) | ~m1_subset_1(X0,k1_zfmisc_1(u1_struct_0(k15_euclid(2)))) | ~v1_topreal2(X0)) [flattening 194]
202. ! [X0,X1,X2] : (m1_subset_1(X0,X2) | (~m1_subset_1(X1,k1_zfmisc_1(X2)) | ~r2_hidden(X0,X1))) [ennf transformation 106]
203. ! [X0,X1,X2] : (m1_subset_1(X0,X2) | ~m1_subset_1(X1,k1_zfmisc_1(X2)) | ~r2_hidden(X0,X1)) [flattening 202]
218. ? [X0] : (? [X1] : (? [X2] : (? [X3] : (? [X4] : (~r1_jordan17(X0,X1,X4,X3,X2) & ~r1_jordan17(X0,X1,X4,X2,X3) & ~r1_jordan17(X0,X1,X3,X4,X2) & ~r1_jordan17(X0,X1,X3,X2,X4) & ~r1_jordan17(X0,X1,X2,X4,X3) & ~r1_jordan17(X0,X1,X2,X3,X4) & r2_hidden(X4,X0) & r2_hidden(X3,X0) & r2_hidden(X2,X0) & r2_hidden(X1,X0) & m1_subset_1(X4,u1_struct_0(k15_euclid(2)))) & m1_subset_1(X3,u1_struct_0(k15_euclid(2)))) & m1_subset_1(X2,u1_struct_0(k15_euclid(2)))) & m1_subset_1(X1,u1_struct_0(k15_euclid(2)))) & m1_subset_1(X0,k1_zfmisc_1(u1_struct_0(k15_euclid(2)))) & v1_topreal2(X0)) => (? [X1] : (? [X2] : (? [X3] : (? [X4] : (~r1_jordan17(sK0,X1,X4,X3,X2) & ~r1_jordan17(sK0,X1,X4,X2,X3) & ~r1_jordan17(sK0,X1,X3,X4,X2) & ~r1_jordan17(sK0,X1,X3,X2,X4) & ~r1_jordan17(sK0,X1,X2,X4,X3) & ~r1_jordan17(sK0,X1,X2,X3,X4) & r2_hidden(X4,sK0) & r2_hidden(X3,sK0) & r2_hidden(X2,sK0) & r2_hidden(X1,sK0) & m1_subset_1(X4,u1_struct_0(k15_euclid(2)))) & m1_subset_1(X3,u1_struct_0(k15_euclid(2)))) & m1_subset_1(X2,u1_struct_0(k15_euclid(2)))) & m1_subset_1(X1,u1_struct_0(k15_euclid(2)))) & m1_subset_1(sK0,k1_zfmisc_1(u1_struct_0(k15_euclid(2)))) & v1_topreal2(sK0)) [choice axiom]
219. ? [X1] : (? [X2] : (? [X3] : (? [X4] : (~r1_jordan17(sK0,X1,X4,X3,X2) & ~r1_jordan17(sK0,X1,X4,X2,X3) & ~r1_jordan17(sK0,X1,X3,X4,X2) & ~r1_jordan17(sK0,X1,X3,X2,X4) & ~r1_jordan17(sK0,X1,X2,X4,X3) & ~r1_jordan17(sK0,X1,X2,X3,X4) & r2_hidden(X4,sK0) & r2_hidden(X3,sK0) & r2_hidden(X2,sK0) & r2_hidden(X1,sK0) & m1_subset_1(X4,u1_struct_0(k15_euclid(2)))) & m1_subset_1(X3,u1_struct_0(k15_euclid(2)))) & m1_subset_1(X2,u1_struct_0(k15_euclid(2)))) & m1_subset_1(X1,u1_struct_0(k15_euclid(2)))) => (? [X2] : (? [X3] : (? [X4] : (~r1_jordan17(sK0,sK1,X4,X3,X2) & ~r1_jordan17(sK0,sK1,X4,X2,X3) & ~r1_jordan17(sK0,sK1,X3,X4,X2) & ~r1_jordan17(sK0,sK1,X3,X2,X4) & ~r1_jordan17(sK0,sK1,X2,X4,X3) & ~r1_jordan17(sK0,sK1,X2,X3,X4) & r2_hidden(X4,sK0) & r2_hidden(X3,sK0) & r2_hidden(X2,sK0) & r2_hidden(sK1,sK0) & m1_subset_1(X4,u1_struct_0(k15_euclid(2)))) & m1_subset_1(X3,u1_struct_0(k15_euclid(2)))) & m1_subset_1(X2,u1_struct_0(k15_euclid(2)))) & m1_subset_1(sK1,u1_struct_0(k15_euclid(2)))) [choice axiom]
220. ? [X2] : (? [X3] : (? [X4] : (~r1_jordan17(sK0,sK1,X4,X3,X2) & ~r1_jordan17(sK0,sK1,X4,X2,X3) & ~r1_jordan17(sK0,sK1,X3,X4,X2) & ~r1_jordan17(sK0,sK1,X3,X2,X4) & ~r1_jordan17(sK0,sK1,X2,X4,X3) & ~r1_jordan17(sK0,sK1,X2,X3,X4) & r2_hidden(X4,sK0) & r2_hidden(X3,sK0) & r2_hidden(X2,sK0) & r2_hidden(sK1,sK0) & m1_subset_1(X4,u1_struct_0(k15_euclid(2)))) & m1_subset_1(X3,u1_struct_0(k15_euclid(2)))) & m1_subset_1(X2,u1_struct_0(k15_euclid(2)))) => (? [X3] : (? [X4] : (~r1_jordan17(sK0,sK1,X4,X3,sK2) & ~r1_jordan17(sK0,sK1,X4,sK2,X3) & ~r1_jordan17(sK0,sK1,X3,X4,sK2) & ~r1_jordan17(sK0,sK1,X3,sK2,X4) & ~r1_jordan17(sK0,sK1,sK2,X4,X3) & ~r1_jordan17(sK0,sK1,sK2,X3,X4) & r2_hidden(X4,sK0) & r2_hidden(X3,sK0) & r2_hidden(sK2,sK0) & r2_hidden(sK1,sK0) & m1_subset_1(X4,u1_struct_0(k15_euclid(2)))) & m1_subset_1(X3,u1_struct_0(k15_euclid(2)))) & m1_subset_1(sK2,u1_struct_0(k15_euclid(2)))) [choice axiom]
221. ? [X3] : (? [X4] : (~r1_jordan17(sK0,sK1,X4,X3,sK2) & ~r1_jordan17(sK0,sK1,X4,sK2,X3) & ~r1_jordan17(sK0,sK1,X3,X4,sK2) & ~r1_jordan17(sK0,sK1,X3,sK2,X4) & ~r1_jordan17(sK0,sK1,sK2,X4,X3) & ~r1_jordan17(sK0,sK1,sK2,X3,X4) & r2_hidden(X4,sK0) & r2_hidden(X3,sK0) & r2_hidden(sK2,sK0) & r2_hidden(sK1,sK0) & m1_subset_1(X4,u1_struct_0(k15_euclid(2)))) & m1_subset_1(X3,u1_struct_0(k15_euclid(2)))) => (? [X4] : (~r1_jordan17(sK0,sK1,X4,sK3,sK2) & ~r1_jordan17(sK0,sK1,X4,sK2,sK3) & ~r1_jordan17(sK0,sK1,sK3,X4,sK2) & ~r1_jordan17(sK0,sK1,sK3,sK2,X4) & ~r1_jordan17(sK0,sK1,sK2,X4,sK3) & ~r1_jordan17(sK0,sK1,sK2,sK3,X4) & r2_hidden(X4,sK0) & r2_hidden(sK3,sK0) & r2_hidden(sK2,sK0) & r2_hidden(sK1,sK0) & m1_subset_1(X4,u1_struct_0(k15_euclid(2)))) & m1_subset_1(sK3,u1_struct_0(k15_euclid(2)))) [choice axiom]
222. ? [X4] : (~r1_jordan17(sK0,sK1,X4,sK3,sK2) & ~r1_jordan17(sK0,sK1,X4,sK2,sK3) & ~r1_jordan17(sK0,sK1,sK3,X4,sK2) & ~r1_jordan17(sK0,sK1,sK3,sK2,X4) & ~r1_jordan17(sK0,sK1,sK2,X4,sK3) & ~r1_jordan17(sK0,sK1,sK2,sK3,X4) & r2_hidden(X4,sK0) & r2_hidden(sK3,sK0) & r2_hidden(sK2,sK0) & r2_hidden(sK1,sK0) & m1_subset_1(X4,u1_struct_0(k15_euclid(2)))) => (~r1_jordan17(sK0,sK1,sK4,sK3,sK2) & ~r1_jordan17(sK0,sK1,sK4,sK2,sK3) & ~r1_jordan17(sK0,sK1,sK3,sK4,sK2) & ~r1_jordan17(sK0,sK1,sK3,sK2,sK4) & ~r1_jordan17(sK0,sK1,sK2,sK4,sK3) & ~r1_jordan17(sK0,sK1,sK2,sK3,sK4) & r2_hidden(sK4,sK0) & r2_hidden(sK3,sK0) & r2_hidden(sK2,sK0) & r2_hidden(sK1,sK0) & m1_subset_1(sK4,u1_struct_0(k15_euclid(2)))) [choice axiom]
223. ((((~r1_jordan17(sK0,sK1,sK4,sK3,sK2) & ~r1_jordan17(sK0,sK1,sK4,sK2,sK3) & ~r1_jordan17(sK0,sK1,sK3,sK4,sK2) & ~r1_jordan17(sK0,sK1,sK3,sK2,sK4) & ~r1_jordan17(sK0,sK1,sK2,sK4,sK3) & ~r1_jordan17(sK0,sK1,sK2,sK3,sK4) & r2_hidden(sK4,sK0) & r2_hidden(sK3,sK0) & r2_hidden(sK2,sK0) & r2_hidden(sK1,sK0) & m1_subset_1(sK4,u1_struct_0(k15_euclid(2)))) & m1_subset_1(sK3,u1_struct_0(k15_euclid(2)))) & m1_subset_1(sK2,u1_struct_0(k15_euclid(2)))) & m1_subset_1(sK1,u1_struct_0(k15_euclid(2)))) & m1_subset_1(sK0,k1_zfmisc_1(u1_struct_0(k15_euclid(2)))) & v1_topreal2(sK0) [skolemisation 160,222,221,220,219,218]
224. ! [X0] : (! [X1] : (! [X2] : (! [X3] : (! [X4] : (((r1_jordan17(X0,X1,X2,X3,X4) | ((~r1_jordan6(X0,X2,X3) | ~r1_jordan6(X0,X1,X2) | ~r1_jordan6(X0,X4,X1)) & (~r1_jordan6(X0,X1,X2) | ~r1_jordan6(X0,X4,X1) | ~r1_jordan6(X0,X3,X4)) & (~r1_jordan6(X0,X4,X1) | ~r1_jordan6(X0,X3,X4) | ~r1_jordan6(X0,X2,X3)) & (~r1_jordan6(X0,X3,X4) | ~r1_jordan6(X0,X2,X3) | ~r1_jordan6(X0,X1,X2)))) & (((r1_jordan6(X0,X2,X3) & r1_jordan6(X0,X1,X2) & r1_jordan6(X0,X4,X1)) | (r1_jordan6(X0,X1,X2) & r1_jordan6(X0,X4,X1) & r1_jordan6(X0,X3,X4)) | (r1_jordan6(X0,X4,X1) & r1_jordan6(X0,X3,X4) & r1_jordan6(X0,X2,X3)) | (r1_jordan6(X0,X3,X4) & r1_jordan6(X0,X2,X3) & r1_jordan6(X0,X1,X2))) | ~r1_jordan17(X0,X1,X2,X3,X4))) | ~m1_subset_1(X4,u1_struct_0(k15_euclid(2)))) | ~m1_subset_1(X3,u1_struct_0(k15_euclid(2)))) | ~m1_subset_1(X2,u1_struct_0(k15_euclid(2)))) | ~m1_subset_1(X1,u1_struct_0(k15_euclid(2)))) | ~m1_subset_1(X0,k1_zfmisc_1(u1_struct_0(k15_euclid(2))))) [nnf transformation 193]
225. ! [X0] : (! [X1] : (! [X2] : (! [X3] : (! [X4] : (((r1_jordan17(X0,X1,X2,X3,X4) | ((~r1_jordan6(X0,X2,X3) | ~r1_jordan6(X0,X1,X2) | ~r1_jordan6(X0,X4,X1)) & (~r1_jordan6(X0,X1,X2) | ~r1_jordan6(X0,X4,X1) | ~r1_jordan6(X0,X3,X4)) & (~r1_jordan6(X0,X4,X1) | ~r1_jordan6(X0,X3,X4) | ~r1_jordan6(X0,X2,X3)) & (~r1_jordan6(X0,X3,X4) | ~r1_jordan6(X0,X2,X3) | ~r1_jordan6(X0,X1,X2)))) & ((r1_jordan6(X0,X2,X3) & r1_jordan6(X0,X1,X2) & r1_jordan6(X0,X4,X1)) | (r1_jordan6(X0,X1,X2) & r1_jordan6(X0,X4,X1) & r1_jordan6(X0,X3,X4)) | (r1_jordan6(X0,X4,X1) & r1_jordan6(X0,X3,X4) & r1_jordan6(X0,X2,X3)) | (r1_jordan6(X0,X3,X4) & r1_jordan6(X0,X2,X3) & r1_jordan6(X0,X1,X2)) | ~r1_jordan17(X0,X1,X2,X3,X4))) | ~m1_subset_1(X4,u1_struct_0(k15_euclid(2)))) | ~m1_subset_1(X3,u1_struct_0(k15_euclid(2)))) | ~m1_subset_1(X2,u1_struct_0(k15_euclid(2)))) | ~m1_subset_1(X1,u1_struct_0(k15_euclid(2)))) | ~m1_subset_1(X0,k1_zfmisc_1(u1_struct_0(k15_euclid(2))))) [flattening 224]
253. v1_topreal2(sK0) [cnf transformation 223] {a:0,w:2,wCS:200,goal:1,sine:0,thAx:0,allAx:6,thDist:-6}
254. m1_subset_1(sK0,k1_zfmisc_1(u1_struct_0(k15_euclid(2)))) [cnf transformation 223] {a:0,w:6,wCS:600,goal:1,sine:0,thAx:0,allAx:6,thDist:-6}
255. m1_subset_1(sK1,u1_struct_0(k15_euclid(2))) [cnf transformation 223] {a:0,w:5,wCS:500,goal:1,sine:0,thAx:0,allAx:6,thDist:-6}
256. m1_subset_1(sK2,u1_struct_0(k15_euclid(2))) [cnf transformation 223] {a:0,w:5,wCS:500,goal:1,sine:0,thAx:0,allAx:6,thDist:-6}
257. m1_subset_1(sK3,u1_struct_0(k15_euclid(2))) [cnf transformation 223] {a:0,w:5,wCS:500,goal:1,sine:0,thAx:0,allAx:6,thDist:-6}
258. m1_subset_1(sK4,u1_struct_0(k15_euclid(2))) [cnf transformation 223] {a:0,w:5,wCS:500,goal:1,sine:0,thAx:0,allAx:6,thDist:-6}
259. r2_hidden(sK1,sK0) [cnf transformation 223] {a:0,w:3,wCS:300,goal:1,sine:0,thAx:0,allAx:6,thDist:-6}
260. r2_hidden(sK2,sK0) [cnf transformation 223] {a:0,w:3,wCS:300,goal:1,sine:0,thAx:0,allAx:6,thDist:-6}
261. r2_hidden(sK3,sK0) [cnf transformation 223] {a:0,w:3,wCS:300,goal:1,sine:0,thAx:0,allAx:6,thDist:-6}
262. r2_hidden(sK4,sK0) [cnf transformation 223] {a:0,w:3,wCS:300,goal:1,sine:0,thAx:0,allAx:6,thDist:-6}
263. ~r1_jordan17(sK0,sK1,sK2,sK3,sK4) [cnf transformation 223] {a:0,w:6,wCS:600,goal:1,sine:0,thAx:0,allAx:6,thDist:-6}
264. ~r1_jordan17(sK0,sK1,sK2,sK4,sK3) [cnf transformation 223] {a:0,w:6,wCS:600,goal:1,sine:0,thAx:0,allAx:6,thDist:-6}
265. ~r1_jordan17(sK0,sK1,sK3,sK2,sK4) [cnf transformation 223] {a:0,w:6,wCS:600,goal:1,sine:0,thAx:0,allAx:6,thDist:-6}
266. ~r1_jordan17(sK0,sK1,sK3,sK4,sK2) [cnf transformation 223] {a:0,w:6,wCS:600,goal:1,sine:0,thAx:0,allAx:6,thDist:-6}
267. ~r1_jordan17(sK0,sK1,sK4,sK2,sK3) [cnf transformation 223] {a:0,w:6,wCS:600,goal:1,sine:0,thAx:0,allAx:6,thDist:-6}
268. ~r1_jordan17(sK0,sK1,sK4,sK3,sK2) [cnf transformation 223] {a:0,w:6,wCS:600,goal:1,sine:0,thAx:0,allAx:6,thDist:-6}
396. ~m1_subset_1(X0,k1_zfmisc_1(u1_struct_0(k15_euclid(2)))) | ~r1_jordan6(X0,X3,X4) | ~r1_jordan6(X0,X2,X3) | ~r1_jordan6(X0,X1,X2) | ~m1_subset_1(X4,u1_struct_0(k15_euclid(2))) | ~m1_subset_1(X3,u1_struct_0(k15_euclid(2))) | ~m1_subset_1(X2,u1_struct_0(k15_euclid(2))) | ~m1_subset_1(X1,u1_struct_0(k15_euclid(2))) | r1_jordan17(X0,X1,X2,X3,X4) [cnf transformation 225] {a:0,w:44,wCS:17600,nSel:1,sine:1,thAx:0,allAx:1,thDist:-1}
397. ~m1_subset_1(X0,k1_zfmisc_1(u1_struct_0(k15_euclid(2)))) | ~r1_jordan6(X0,X4,X1) | ~r1_jordan6(X0,X3,X4) | ~r1_jordan6(X0,X2,X3) | ~m1_subset_1(X4,u1_struct_0(k15_euclid(2))) | ~m1_subset_1(X3,u1_struct_0(k15_euclid(2))) | ~m1_subset_1(X2,u1_struct_0(k15_euclid(2))) | ~m1_subset_1(X1,u1_struct_0(k15_euclid(2))) | r1_jordan17(X0,X1,X2,X3,X4) [cnf transformation 225] {a:0,w:44,wCS:17600,nSel:1,sine:1,thAx:0,allAx:1,thDist:-1}
398. ~m1_subset_1(X0,k1_zfmisc_1(u1_struct_0(k15_euclid(2)))) | ~r1_jordan6(X0,X1,X2) | ~r1_jordan6(X0,X4,X1) | ~r1_jordan6(X0,X3,X4) | ~m1_subset_1(X4,u1_struct_0(k15_euclid(2))) | ~m1_subset_1(X3,u1_struct_0(k15_euclid(2))) | ~m1_subset_1(X2,u1_struct_0(k15_euclid(2))) | ~m1_subset_1(X1,u1_struct_0(k15_euclid(2))) | r1_jordan17(X0,X1,X2,X3,X4) [cnf transformation 225] {a:0,w:44,wCS:17600,nSel:1,sine:1,thAx:0,allAx:1,thDist:-1}
399. ~m1_subset_1(X0,k1_zfmisc_1(u1_struct_0(k15_euclid(2)))) | ~r1_jordan6(X0,X2,X3) | ~r1_jordan6(X0,X1,X2) | ~r1_jordan6(X0,X4,X1) | ~m1_subset_1(X4,u1_struct_0(k15_euclid(2))) | ~m1_subset_1(X3,u1_struct_0(k15_euclid(2))) | ~m1_subset_1(X2,u1_struct_0(k15_euclid(2))) | ~m1_subset_1(X1,u1_struct_0(k15_euclid(2))) | r1_jordan17(X0,X1,X2,X3,X4) [cnf transformation 225] {a:0,w:44,wCS:17600,nSel:1,sine:1,thAx:0,allAx:1,thDist:-1}
400. r1_jordan6(X0,X2,X1) | r1_jordan6(X0,X1,X2) | ~r2_hidden(X2,X0) | ~r2_hidden(X1,X0) | ~m1_subset_1(X2,u1_struct_0(k15_euclid(2))) | ~m1_subset_1(X1,u1_struct_0(k15_euclid(2))) | ~m1_subset_1(X0,k1_zfmisc_1(u1_struct_0(k15_euclid(2)))) | ~v1_topreal2(X0) [cnf transformation 195] {a:0,w:32,wCS:12800,sine:2,thAx:0,allAx:1,thDist:-1}
406. ~m1_subset_1(X1,k1_zfmisc_1(X2)) | m1_subset_1(X0,X2) | ~r2_hidden(X0,X1) [cnf transformation 203] {a:0,w:10,wCS:4000,nSel:1,sine:1,thAx:0,allAx:1,thDist:-1}
512. 1 <=> r1_jordan17(sK0,sK1,sK4,sK3,sK2) [avatar definition]
514. ~r1_jordan17(sK0,sK1,sK4,sK3,sK2) <- (~1) [avatar component clause 512] {a:0,w:6,wCS:600,nSel:1,goal:1,sine:255,thAx:0,allAx:6,thDist:-6}
515. ~1 [avatar split clause 268,512]
517. 2 <=> r1_jordan17(sK0,sK1,sK4,sK2,sK3) [avatar definition]
519. ~r1_jordan17(sK0,sK1,sK4,sK2,sK3) <- (~2) [avatar component clause 517] {a:0,w:6,wCS:600,nSel:1,goal:1,sine:255,thAx:0,allAx:6,thDist:-6}
520. ~2 [avatar split clause 267,517]
522. 3 <=> r1_jordan17(sK0,sK1,sK3,sK4,sK2) [avatar definition]
524. ~r1_jordan17(sK0,sK1,sK3,sK4,sK2) <- (~3) [avatar component clause 522] {a:0,w:6,wCS:600,nSel:1,goal:1,sine:255,thAx:0,allAx:6,thDist:-6}
525. ~3 [avatar split clause 266,522]
527. 4 <=> r1_jordan17(sK0,sK1,sK3,sK2,sK4) [avatar definition]
529. ~r1_jordan17(sK0,sK1,sK3,sK2,sK4) <- (~4) [avatar component clause 527] {a:0,w:6,wCS:600,nSel:1,goal:1,sine:255,thAx:0,allAx:6,thDist:-6}
530. ~4 [avatar split clause 265,527]
532. 5 <=> r1_jordan17(sK0,sK1,sK2,sK4,sK3) [avatar definition]
534. ~r1_jordan17(sK0,sK1,sK2,sK4,sK3) <- (~5) [avatar component clause 532] {a:0,w:6,wCS:600,nSel:1,goal:1,sine:255,thAx:0,allAx:6,thDist:-6}
535. ~5 [avatar split clause 264,532]
537. 6 <=> r1_jordan17(sK0,sK1,sK2,sK3,sK4) [avatar definition]
539. ~r1_jordan17(sK0,sK1,sK2,sK3,sK4) <- (~6) [avatar component clause 537] {a:0,w:6,wCS:600,nSel:1,goal:1,sine:255,thAx:0,allAx:6,thDist:-6}
540. ~6 [avatar split clause 263,537]
542. 7 <=> r2_hidden(sK4,sK0) [avatar definition]
544. r2_hidden(sK4,sK0) <- (7) [avatar component clause 542] {a:0,w:3,wCS:300,nSel:1,goal:1,sine:255,thAx:0,allAx:6,thDist:-6}
545. 7 [avatar split clause 262,542]
547. 8 <=> r2_hidden(sK3,sK0) [avatar definition]
549. r2_hidden(sK3,sK0) <- (8) [avatar component clause 547] {a:0,w:3,wCS:300,nSel:1,goal:1,sine:255,thAx:0,allAx:6,thDist:-6}
550. 8 [avatar split clause 261,547]
552. 9 <=> r2_hidden(sK2,sK0) [avatar definition]
554. r2_hidden(sK2,sK0) <- (9) [avatar component clause 552] {a:0,w:3,wCS:300,nSel:1,goal:1,sine:255,thAx:0,allAx:6,thDist:-6}
555. 9 [avatar split clause 260,552]
557. 10 <=> r2_hidden(sK1,sK0) [avatar definition]
559. r2_hidden(sK1,sK0) <- (10) [avatar component clause 557] {a:0,w:3,wCS:300,nSel:1,goal:1,sine:255,thAx:0,allAx:6,thDist:-6}
560. 10 [avatar split clause 259,557]
562. 11 <=> m1_subset_1(sK4,u1_struct_0(k15_euclid(2))) [avatar definition]
564. m1_subset_1(sK4,u1_struct_0(k15_euclid(2))) <- (11) [avatar component clause 562] {a:0,w:5,wCS:500,nSel:1,goal:1,sine:255,thAx:0,allAx:6,thDist:-6}
565. 11 [avatar split clause 258,562]
567. 12 <=> m1_subset_1(sK3,u1_struct_0(k15_euclid(2))) [avatar definition]
569. m1_subset_1(sK3,u1_struct_0(k15_euclid(2))) <- (12) [avatar component clause 567] {a:0,w:5,wCS:500,nSel:1,goal:1,sine:255,thAx:0,allAx:6,thDist:-6}
570. 12 [avatar split clause 257,567]
572. 13 <=> m1_subset_1(sK2,u1_struct_0(k15_euclid(2))) [avatar definition]
574. m1_subset_1(sK2,u1_struct_0(k15_euclid(2))) <- (13) [avatar component clause 572] {a:0,w:5,wCS:500,nSel:1,goal:1,sine:255,thAx:0,allAx:6,thDist:-6}
575. 13 [avatar split clause 256,572]
577. 14 <=> m1_subset_1(sK1,u1_struct_0(k15_euclid(2))) [avatar definition]
579. m1_subset_1(sK1,u1_struct_0(k15_euclid(2))) <- (14) [avatar component clause 577] {a:0,w:5,wCS:500,nSel:1,goal:1,sine:255,thAx:0,allAx:6,thDist:-6}
580. 14 [avatar split clause 255,577]
582. 15 <=> m1_subset_1(sK0,k1_zfmisc_1(u1_struct_0(k15_euclid(2)))) [avatar definition]
584. m1_subset_1(sK0,k1_zfmisc_1(u1_struct_0(k15_euclid(2)))) <- (15) [avatar component clause 582] {a:0,w:6,wCS:600,nSel:1,goal:1,sine:255,thAx:0,allAx:6,thDist:-6}
585. 15 [avatar split clause 254,582]
587. 16 <=> v1_topreal2(sK0) [avatar definition]
589. v1_topreal2(sK0) <- (16) [avatar component clause 587] {a:0,w:2,wCS:200,nSel:1,goal:1,sine:255,thAx:0,allAx:6,thDist:-6}
590. 16 [avatar split clause 253,587]
1327. r1_jordan6(X0,X2,X1) | r1_jordan6(X0,X1,X2) | ~r2_hidden(X2,X0) | ~r2_hidden(X1,X0) | ~m1_subset_1(X1,u1_struct_0(k15_euclid(2))) | ~m1_subset_1(X0,k1_zfmisc_1(u1_struct_0(k15_euclid(2)))) | ~v1_topreal2(X0) [subsumption resolution 400,406] {a:0,w:27,wCS:10800,sine:1,thAx:0,allAx:1,thDist:-1}
1328. ~m1_subset_1(X0,k1_zfmisc_1(u1_struct_0(k15_euclid(2)))) | r1_jordan6(X0,X1,X2) | ~r2_hidden(X2,X0) | ~r2_hidden(X1,X0) | r1_jordan6(X0,X2,X1) | ~v1_topreal2(X0) [subsumption resolution 1327,406] {a:0,w:22,wCS:8800,nSel:1,sine:1,thAx:0,allAx:1,thDist:-1}
1338. r1_jordan6(sK0,X3,X4) | ~r2_hidden(X4,sK0) | ~r2_hidden(X3,sK0) | r1_jordan6(sK0,X4,X3) | ~v1_topreal2(sK0) <- (15) [resolution 1328,584] {a:1,w:16,wCS:1600,goal:1,sine:1,thAx:0,allAx:7,thDist:-7}
1340. r1_jordan6(sK0,X4,X3) | ~r2_hidden(X4,sK0) | ~r2_hidden(X3,sK0) | r1_jordan6(sK0,X3,X4) <- (15, 16) [subsumption resolution 1338,589] {a:1,w:14,wCS:1400,nSel:1,goal:1,sine:1,thAx:0,allAx:7,thDist:-7}
1372. r1_jordan17(sK0,X8,X7,X5,X6) | ~r1_jordan6(sK0,X7,X5) | ~r1_jordan6(sK0,X8,X7) | ~m1_subset_1(X6,u1_struct_0(k15_euclid(2))) | ~m1_subset_1(X5,u1_struct_0(k15_euclid(2))) | ~m1_subset_1(X7,u1_struct_0(k15_euclid(2))) | ~m1_subset_1(X8,u1_struct_0(k15_euclid(2))) | ~r1_jordan6(sK0,X5,X6) <- (15) [resolution 396,584] {a:1,w:38,wCS:3800,nSel:1,goal:1,sine:1,thAx:0,allAx:7,thDist:-7}
1378. r1_jordan17(sK0,X6,X8,X7,X5) | ~r1_jordan6(sK0,X7,X5) | ~r1_jordan6(sK0,X8,X7) | ~m1_subset_1(X5,u1_struct_0(k15_euclid(2))) | ~m1_subset_1(X7,u1_struct_0(k15_euclid(2))) | ~m1_subset_1(X8,u1_struct_0(k15_euclid(2))) | ~m1_subset_1(X6,u1_struct_0(k15_euclid(2))) | ~r1_jordan6(sK0,X5,X6) <- (15) [resolution 397,584] {a:1,w:38,wCS:3800,nSel:1,goal:1,sine:1,thAx:0,allAx:7,thDist:-7}
1382. r1_jordan17(sK0,X5,X6,X8,X7) | ~r1_jordan6(sK0,X7,X5) | ~r1_jordan6(sK0,X8,X7) | ~m1_subset_1(X7,u1_struct_0(k15_euclid(2))) | ~m1_subset_1(X8,u1_struct_0(k15_euclid(2))) | ~m1_subset_1(X6,u1_struct_0(k15_euclid(2))) | ~m1_subset_1(X5,u1_struct_0(k15_euclid(2))) | ~r1_jordan6(sK0,X5,X6) <- (15) [resolution 398,584] {a:1,w:38,wCS:3800,nSel:1,goal:1,sine:1,thAx:0,allAx:7,thDist:-7}
1385. r1_jordan17(sK0,X7,X5,X6,X8) | ~r1_jordan6(sK0,X7,X5) | ~r1_jordan6(sK0,X8,X7) | ~m1_subset_1(X8,u1_struct_0(k15_euclid(2))) | ~m1_subset_1(X6,u1_struct_0(k15_euclid(2))) | ~m1_subset_1(X5,u1_struct_0(k15_euclid(2))) | ~m1_subset_1(X7,u1_struct_0(k15_euclid(2))) | ~r1_jordan6(sK0,X5,X6) <- (15) [resolution 399,584] {a:1,w:38,wCS:3800,nSel:1,goal:1,sine:1,thAx:0,allAx:7,thDist:-7}
1759. ~r1_jordan6(sK0,sK4,sK3) | ~r1_jordan6(sK0,sK1,sK4) | ~m1_subset_1(sK2,u1_struct_0(k15_euclid(2))) | ~m1_subset_1(sK3,u1_struct_0(k15_euclid(2))) | ~m1_subset_1(sK4,u1_struct_0(k15_euclid(2))) | ~m1_subset_1(sK1,u1_struct_0(k15_euclid(2))) | ~r1_jordan6(sK0,sK3,sK2) <- (~1, 15) [resolution 1372,514] {a:2,w:32,wCS:3200,goal:1,sine:1,thAx:0,allAx:13,thDist:-13}
1760. ~r1_jordan6(sK0,sK4,sK2) | ~r1_jordan6(sK0,sK1,sK4) | ~m1_subset_1(sK3,u1_struct_0(k15_euclid(2))) | ~m1_subset_1(sK2,u1_struct_0(k15_euclid(2))) | ~m1_subset_1(sK4,u1_struct_0(k15_euclid(2))) | ~m1_subset_1(sK1,u1_struct_0(k15_euclid(2))) | ~r1_jordan6(sK0,sK2,sK3) <- (~2, 15) [resolution 1372,519] {a:2,w:32,wCS:3200,goal:1,sine:1,thAx:0,allAx:13,thDist:-13}
1761. ~r1_jordan6(sK0,sK3,sK4) | ~r1_jordan6(sK0,sK1,sK3) | ~m1_subset_1(sK2,u1_struct_0(k15_euclid(2))) | ~m1_subset_1(sK4,u1_struct_0(k15_euclid(2))) | ~m1_subset_1(sK3,u1_struct_0(k15_euclid(2))) | ~m1_subset_1(sK1,u1_struct_0(k15_euclid(2))) | ~r1_jordan6(sK0,sK4,sK2) <- (~3, 15) [resolution 1372,524] {a:2,w:32,wCS:3200,goal:1,sine:1,thAx:0,allAx:13,thDist:-13}
1762. ~r1_jordan6(sK0,sK3,sK2) | ~r1_jordan6(sK0,sK1,sK3) | ~m1_subset_1(sK4,u1_struct_0(k15_euclid(2))) | ~m1_subset_1(sK2,u1_struct_0(k15_euclid(2))) | ~m1_subset_1(sK3,u1_struct_0(k15_euclid(2))) | ~m1_subset_1(sK1,u1_struct_0(k15_euclid(2))) | ~r1_jordan6(sK0,sK2,sK4) <- (~4, 15) [resolution 1372,529] {a:2,w:32,wCS:3200,goal:1,sine:1,thAx:0,allAx:13,thDist:-13}
1763. ~r1_jordan6(sK0,sK2,sK4) | ~r1_jordan6(sK0,sK1,sK2) | ~m1_subset_1(sK3,u1_struct_0(k15_euclid(2))) | ~m1_subset_1(sK4,u1_struct_0(k15_euclid(2))) | ~m1_subset_1(sK2,u1_struct_0(k15_euclid(2))) | ~m1_subset_1(sK1,u1_struct_0(k15_euclid(2))) | ~r1_jordan6(sK0,sK4,sK3) <- (~5, 15) [resolution 1372,534] {a:2,w:32,wCS:3200,goal:1,sine:1,thAx:0,allAx:13,thDist:-13}
1764. ~r1_jordan6(sK0,sK2,sK3) | ~r1_jordan6(sK0,sK1,sK2) | ~m1_subset_1(sK4,u1_struct_0(k15_euclid(2))) | ~m1_subset_1(sK3,u1_struct_0(k15_euclid(2))) | ~m1_subset_1(sK2,u1_struct_0(k15_euclid(2))) | ~m1_subset_1(sK1,u1_struct_0(k15_euclid(2))) | ~r1_jordan6(sK0,sK3,sK4) <- (~6, 15) [resolution 1372,539] {a:2,w:32,wCS:3200,goal:1,sine:1,thAx:0,allAx:13,thDist:-13}
1777. ~r1_jordan6(sK0,sK4,sK3) | ~r1_jordan6(sK0,sK1,sK4) | ~m1_subset_1(sK3,u1_struct_0(k15_euclid(2))) | ~m1_subset_1(sK4,u1_struct_0(k15_euclid(2))) | ~m1_subset_1(sK1,u1_struct_0(k15_euclid(2))) | ~r1_jordan6(sK0,sK3,sK2) <- (~1, 13, 15) [subsumption resolution 1759,574] {a:2,w:27,wCS:2700,goal:1,sine:1,thAx:0,allAx:13,thDist:-13}
1778. ~r1_jordan6(sK0,sK4,sK3) | ~r1_jordan6(sK0,sK1,sK4) | ~m1_subset_1(sK4,u1_struct_0(k15_euclid(2))) | ~m1_subset_1(sK1,u1_struct_0(k15_euclid(2))) | ~r1_jordan6(sK0,sK3,sK2) <- (~1, 12, 13, 15) [subsumption resolution 1777,569] {a:2,w:22,wCS:2200,goal:1,sine:1,thAx:0,allAx:13,thDist:-13}
1779. ~r1_jordan6(sK0,sK4,sK3) | ~r1_jordan6(sK0,sK1,sK4) | ~m1_subset_1(sK1,u1_struct_0(k15_euclid(2))) | ~r1_jordan6(sK0,sK3,sK2) <- (~1, 11, 12, 13, 15) [subsumption resolution 1778,564] {a:2,w:17,wCS:1700,goal:1,sine:1,thAx:0,allAx:13,thDist:-13}
1780. ~r1_jordan6(sK0,sK4,sK3) | ~r1_jordan6(sK0,sK1,sK4) | ~r1_jordan6(sK0,sK3,sK2) <- (~1, 11, 12, 13, 14, 15) [subsumption resolution 1779,579] {a:2,w:12,wCS:1200,goal:1,sine:1,thAx:0,allAx:13,thDist:-13}
1782. 169 <=> r1_jordan6(sK0,sK3,sK2) [avatar definition]
1783. r1_jordan6(sK0,sK3,sK2) <- (169) [avatar component clause 1782] {a:2,w:4,wCS:400,nSel:1,goal:1,sine:255,thAx:0,allAx:13,thDist:-13}
1784. ~r1_jordan6(sK0,sK3,sK2) <- (~169) [avatar component clause 1782] {a:2,w:4,wCS:400,nSel:1,goal:1,sine:255,thAx:0,allAx:13,thDist:-13}
1786. 170 <=> r1_jordan6(sK0,sK1,sK4) [avatar definition]
1788. ~r1_jordan6(sK0,sK1,sK4) <- (~170) [avatar component clause 1786] {a:2,w:4,wCS:400,nSel:1,goal:1,sine:255,thAx:0,allAx:13,thDist:-13}
1790. 171 <=> r1_jordan6(sK0,sK4,sK3) [avatar definition]
1792. ~r1_jordan6(sK0,sK4,sK3) <- (~171) [avatar component clause 1790] {a:2,w:4,wCS:400,nSel:1,goal:1,sine:255,thAx:0,allAx:13,thDist:-13}
1793. ~169 | ~170 | ~171 | 1 | ~11 | ~12 | ~13 | ~14 | ~15 [avatar split clause 1780,582,577,572,567,562,512,1790,1786,1782]
1794. ~r1_jordan6(sK0,sK4,sK2) | ~r1_jordan6(sK0,sK1,sK4) | ~m1_subset_1(sK2,u1_struct_0(k15_euclid(2))) | ~m1_subset_1(sK4,u1_struct_0(k15_euclid(2))) | ~m1_subset_1(sK1,u1_struct_0(k15_euclid(2))) | ~r1_jordan6(sK0,sK2,sK3) <- (~2, 12, 15) [subsumption resolution 1760,569] {a:2,w:27,wCS:2700,goal:1,sine:1,thAx:0,allAx:13,thDist:-13}
1795. ~r1_jordan6(sK0,sK4,sK2) | ~r1_jordan6(sK0,sK1,sK4) | ~m1_subset_1(sK4,u1_struct_0(k15_euclid(2))) | ~m1_subset_1(sK1,u1_struct_0(k15_euclid(2))) | ~r1_jordan6(sK0,sK2,sK3) <- (~2, 12, 13, 15) [subsumption resolution 1794,574] {a:2,w:22,wCS:2200,goal:1,sine:1,thAx:0,allAx:13,thDist:-13}
1796. ~r1_jordan6(sK0,sK4,sK2) | ~r1_jordan6(sK0,sK1,sK4) | ~m1_subset_1(sK1,u1_struct_0(k15_euclid(2))) | ~r1_jordan6(sK0,sK2,sK3) <- (~2, 11, 12, 13, 15) [subsumption resolution 1795,564] {a:2,w:17,wCS:1700,goal:1,sine:1,thAx:0,allAx:13,thDist:-13}
1797. ~r1_jordan6(sK0,sK4,sK2) | ~r1_jordan6(sK0,sK1,sK4) | ~r1_jordan6(sK0,sK2,sK3) <- (~2, 11, 12, 13, 14, 15) [subsumption resolution 1796,579] {a:2,w:12,wCS:1200,goal:1,sine:1,thAx:0,allAx:13,thDist:-13}
1799. 172 <=> r1_jordan6(sK0,sK2,sK3) [avatar definition]
1803. 173 <=> r1_jordan6(sK0,sK4,sK2) [avatar definition]
1805. ~r1_jordan6(sK0,sK4,sK2) <- (~173) [avatar component clause 1803] {a:2,w:4,wCS:400,nSel:1,goal:1,sine:255,thAx:0,allAx:13,thDist:-13}
1806. ~172 | ~170 | ~173 | 2 | ~11 | ~12 | ~13 | ~14 | ~15 [avatar split clause 1797,582,577,572,567,562,517,1803,1786,1799]
1807. ~r1_jordan6(sK0,sK3,sK4) | ~r1_jordan6(sK0,sK1,sK3) | ~m1_subset_1(sK4,u1_struct_0(k15_euclid(2))) | ~m1_subset_1(sK3,u1_struct_0(k15_euclid(2))) | ~m1_subset_1(sK1,u1_struct_0(k15_euclid(2))) | ~r1_jordan6(sK0,sK4,sK2) <- (~3, 13, 15) [subsumption resolution 1761,574] {a:2,w:27,wCS:2700,goal:1,sine:1,thAx:0,allAx:13,thDist:-13}
1808. ~r1_jordan6(sK0,sK3,sK4) | ~r1_jordan6(sK0,sK1,sK3) | ~m1_subset_1(sK3,u1_struct_0(k15_euclid(2))) | ~m1_subset_1(sK1,u1_struct_0(k15_euclid(2))) | ~r1_jordan6(sK0,sK4,sK2) <- (~3, 11, 13, 15) [subsumption resolution 1807,564] {a:2,w:22,wCS:2200,goal:1,sine:1,thAx:0,allAx:13,thDist:-13}
1809. ~r1_jordan6(sK0,sK3,sK4) | ~r1_jordan6(sK0,sK1,sK3) | ~m1_subset_1(sK1,u1_struct_0(k15_euclid(2))) | ~r1_jordan6(sK0,sK4,sK2) <- (~3, 11, 12, 13, 15) [subsumption resolution 1808,569] {a:2,w:17,wCS:1700,goal:1,sine:1,thAx:0,allAx:13,thDist:-13}
1810. ~r1_jordan6(sK0,sK3,sK4) | ~r1_jordan6(sK0,sK1,sK3) | ~r1_jordan6(sK0,sK4,sK2) <- (~3, 11, 12, 13, 14, 15) [subsumption resolution 1809,579] {a:2,w:12,wCS:1200,goal:1,sine:1,thAx:0,allAx:13,thDist:-13}
1812. 174 <=> r1_jordan6(sK0,sK1,sK3) [avatar definition]
1814. ~r1_jordan6(sK0,sK1,sK3) <- (~174) [avatar component clause 1812] {a:2,w:4,wCS:400,nSel:1,goal:1,sine:255,thAx:0,allAx:13,thDist:-13}
1816. 175 <=> r1_jordan6(sK0,sK3,sK4) [avatar definition]
1818. ~r1_jordan6(sK0,sK3,sK4) <- (~175) [avatar component clause 1816] {a:2,w:4,wCS:400,nSel:1,goal:1,sine:255,thAx:0,allAx:13,thDist:-13}
1819. ~173 | ~174 | ~175 | 3 | ~11 | ~12 | ~13 | ~14 | ~15 [avatar split clause 1810,582,577,572,567,562,522,1816,1812,1803]
1820. ~r1_jordan6(sK0,sK3,sK2) | ~r1_jordan6(sK0,sK1,sK3) | ~m1_subset_1(sK2,u1_struct_0(k15_euclid(2))) | ~m1_subset_1(sK3,u1_struct_0(k15_euclid(2))) | ~m1_subset_1(sK1,u1_struct_0(k15_euclid(2))) | ~r1_jordan6(sK0,sK2,sK4) <- (~4, 11, 15) [subsumption resolution 1762,564] {a:2,w:27,wCS:2700,goal:1,sine:1,thAx:0,allAx:13,thDist:-13}
1821. ~r1_jordan6(sK0,sK3,sK2) | ~r1_jordan6(sK0,sK1,sK3) | ~m1_subset_1(sK3,u1_struct_0(k15_euclid(2))) | ~m1_subset_1(sK1,u1_struct_0(k15_euclid(2))) | ~r1_jordan6(sK0,sK2,sK4) <- (~4, 11, 13, 15) [subsumption resolution 1820,574] {a:2,w:22,wCS:2200,goal:1,sine:1,thAx:0,allAx:13,thDist:-13}
1822. ~r1_jordan6(sK0,sK3,sK2) | ~r1_jordan6(sK0,sK1,sK3) | ~m1_subset_1(sK1,u1_struct_0(k15_euclid(2))) | ~r1_jordan6(sK0,sK2,sK4) <- (~4, 11, 12, 13, 15) [subsumption resolution 1821,569] {a:2,w:17,wCS:1700,goal:1,sine:1,thAx:0,allAx:13,thDist:-13}
1823. ~r1_jordan6(sK0,sK3,sK2) | ~r1_jordan6(sK0,sK1,sK3) | ~r1_jordan6(sK0,sK2,sK4) <- (~4, 11, 12, 13, 14, 15) [subsumption resolution 1822,579] {a:2,w:12,wCS:1200,goal:1,sine:1,thAx:0,allAx:13,thDist:-13}
1825. 176 <=> r1_jordan6(sK0,sK2,sK4) [avatar definition]
1827. ~r1_jordan6(sK0,sK2,sK4) <- (~176) [avatar component clause 1825] {a:2,w:4,wCS:400,nSel:1,goal:1,sine:255,thAx:0,allAx:13,thDist:-13}
1828. ~176 | ~174 | ~169 | 4 | ~11 | ~12 | ~13 | ~14 | ~15 [avatar split clause 1823,582,577,572,567,562,527,1782,1812,1825]
1829. ~r1_jordan6(sK0,sK2,sK4) | ~r1_jordan6(sK0,sK1,sK2) | ~m1_subset_1(sK4,u1_struct_0(k15_euclid(2))) | ~m1_subset_1(sK2,u1_struct_0(k15_euclid(2))) | ~m1_subset_1(sK1,u1_struct_0(k15_euclid(2))) | ~r1_jordan6(sK0,sK4,sK3) <- (~5, 12, 15) [subsumption resolution 1763,569] {a:2,w:27,wCS:2700,goal:1,sine:1,thAx:0,allAx:13,thDist:-13}
1830. ~r1_jordan6(sK0,sK2,sK4) | ~r1_jordan6(sK0,sK1,sK2) | ~m1_subset_1(sK2,u1_struct_0(k15_euclid(2))) | ~m1_subset_1(sK1,u1_struct_0(k15_euclid(2))) | ~r1_jordan6(sK0,sK4,sK3) <- (~5, 11, 12, 15) [subsumption resolution 1829,564] {a:2,w:22,wCS:2200,goal:1,sine:1,thAx:0,allAx:13,thDist:-13}
1831. ~r1_jordan6(sK0,sK2,sK4) | ~r1_jordan6(sK0,sK1,sK2) | ~m1_subset_1(sK1,u1_struct_0(k15_euclid(2))) | ~r1_jordan6(sK0,sK4,sK3) <- (~5, 11, 12, 13, 15) [subsumption resolution 1830,574] {a:2,w:17,wCS:1700,goal:1,sine:1,thAx:0,allAx:13,thDist:-13}
1832. ~r1_jordan6(sK0,sK2,sK4) | ~r1_jordan6(sK0,sK1,sK2) | ~r1_jordan6(sK0,sK4,sK3) <- (~5, 11, 12, 13, 14, 15) [subsumption resolution 1831,579] {a:2,w:12,wCS:1200,goal:1,sine:1,thAx:0,allAx:13,thDist:-13}
1834. 177 <=> r1_jordan6(sK0,sK1,sK2) [avatar definition]
1836. ~r1_jordan6(sK0,sK1,sK2) <- (~177) [avatar component clause 1834] {a:2,w:4,wCS:400,nSel:1,goal:1,sine:255,thAx:0,allAx:13,thDist:-13}
1837. ~171 | ~177 | ~176 | 5 | ~11 | ~12 | ~13 | ~14 | ~15 [avatar split clause 1832,582,577,572,567,562,532,1825,1834,1790]
1838. ~r1_jordan6(sK0,sK2,sK3) | ~r1_jordan6(sK0,sK1,sK2) | ~m1_subset_1(sK3,u1_struct_0(k15_euclid(2))) | ~m1_subset_1(sK2,u1_struct_0(k15_euclid(2))) | ~m1_subset_1(sK1,u1_struct_0(k15_euclid(2))) | ~r1_jordan6(sK0,sK3,sK4) <- (~6, 11, 15) [subsumption resolution 1764,564] {a:2,w:27,wCS:2700,goal:1,sine:1,thAx:0,allAx:13,thDist:-13}
1839. ~r1_jordan6(sK0,sK2,sK3) | ~r1_jordan6(sK0,sK1,sK2) | ~m1_subset_1(sK2,u1_struct_0(k15_euclid(2))) | ~m1_subset_1(sK1,u1_struct_0(k15_euclid(2))) | ~r1_jordan6(sK0,sK3,sK4) <- (~6, 11, 12, 15) [subsumption resolution 1838,569] {a:2,w:22,wCS:2200,goal:1,sine:1,thAx:0,allAx:13,thDist:-13}
1840. ~r1_jordan6(sK0,sK2,sK3) | ~r1_jordan6(sK0,sK1,sK2) | ~m1_subset_1(sK1,u1_struct_0(k15_euclid(2))) | ~r1_jordan6(sK0,sK3,sK4) <- (~6, 11, 12, 13, 15) [subsumption resolution 1839,574] {a:2,w:17,wCS:1700,goal:1,sine:1,thAx:0,allAx:13,thDist:-13}
1841. ~r1_jordan6(sK0,sK2,sK3) | ~r1_jordan6(sK0,sK1,sK2) | ~r1_jordan6(sK0,sK3,sK4) <- (~6, 11, 12, 13, 14, 15) [subsumption resolution 1840,579] {a:2,w:12,wCS:1200,goal:1,sine:1,thAx:0,allAx:13,thDist:-13}
1842. ~175 | ~177 | ~172 | 6 | ~11 | ~12 | ~13 | ~14 | ~15 [avatar split clause 1841,582,577,572,567,562,537,1799,1834,1816]
1843. ~r2_hidden(sK3,sK0) | ~r2_hidden(sK2,sK0) | r1_jordan6(sK0,sK2,sK3) <- (15, 16, ~169) [resolution 1784,1340] {a:3,w:10,wCS:1000,goal:1,sine:1,thAx:0,allAx:20,thDist:-20}
1844. ~r2_hidden(sK2,sK0) | r1_jordan6(sK0,sK2,sK3) <- (8, 15, 16, ~169) [subsumption resolution 1843,549] {a:3,w:7,wCS:700,goal:1,sine:1,thAx:0,allAx:20,thDist:-20}
1845. r1_jordan6(sK0,sK2,sK3) <- (8, 9, 15, 16, ~169) [subsumption resolution 1844,554] {a:3,w:4,wCS:400,goal:1,sine:1,thAx:0,allAx:20,thDist:-20}
1846. 172 | ~8 | ~9 | ~15 | ~16 | 169 [avatar split clause 1845,1782,587,582,552,547,1799]
1847. ~r1_jordan6(sK0,sK3,sK2) | ~r1_jordan6(sK0,sK4,sK3) | ~m1_subset_1(sK2,u1_struct_0(k15_euclid(2))) | ~m1_subset_1(sK3,u1_struct_0(k15_euclid(2))) | ~m1_subset_1(sK4,u1_struct_0(k15_euclid(2))) | ~m1_subset_1(sK1,u1_struct_0(k15_euclid(2))) | ~r1_jordan6(sK0,sK2,sK1) <- (~1, 15) [resolution 1378,514] {a:2,w:32,wCS:3200,goal:1,sine:1,thAx:0,allAx:13,thDist:-13}
1848. ~r1_jordan6(sK0,sK2,sK3) | ~r1_jordan6(sK0,sK4,sK2) | ~m1_subset_1(sK3,u1_struct_0(k15_euclid(2))) | ~m1_subset_1(sK2,u1_struct_0(k15_euclid(2))) | ~m1_subset_1(sK4,u1_struct_0(k15_euclid(2))) | ~m1_subset_1(sK1,u1_struct_0(k15_euclid(2))) | ~r1_jordan6(sK0,sK3,sK1) <- (~2, 15) [resolution 1378,519] {a:2,w:32,wCS:3200,goal:1,sine:1,thAx:0,allAx:13,thDist:-13}
1849. ~r1_jordan6(sK0,sK4,sK2) | ~r1_jordan6(sK0,sK3,sK4) | ~m1_subset_1(sK2,u1_struct_0(k15_euclid(2))) | ~m1_subset_1(sK4,u1_struct_0(k15_euclid(2))) | ~m1_subset_1(sK3,u1_struct_0(k15_euclid(2))) | ~m1_subset_1(sK1,u1_struct_0(k15_euclid(2))) | ~r1_jordan6(sK0,sK2,sK1) <- (~3, 15) [resolution 1378,524] {a:2,w:32,wCS:3200,goal:1,sine:1,thAx:0,allAx:13,thDist:-13}
1850. ~r1_jordan6(sK0,sK2,sK4) | ~r1_jordan6(sK0,sK3,sK2) | ~m1_subset_1(sK4,u1_struct_0(k15_euclid(2))) | ~m1_subset_1(sK2,u1_struct_0(k15_euclid(2))) | ~m1_subset_1(sK3,u1_struct_0(k15_euclid(2))) | ~m1_subset_1(sK1,u1_struct_0(k15_euclid(2))) | ~r1_jordan6(sK0,sK4,sK1) <- (~4, 15) [resolution 1378,529] {a:2,w:32,wCS:3200,goal:1,sine:1,thAx:0,allAx:13,thDist:-13}
1851. ~r1_jordan6(sK0,sK4,sK3) | ~r1_jordan6(sK0,sK2,sK4) | ~m1_subset_1(sK3,u1_struct_0(k15_euclid(2))) | ~m1_subset_1(sK4,u1_struct_0(k15_euclid(2))) | ~m1_subset_1(sK2,u1_struct_0(k15_euclid(2))) | ~m1_subset_1(sK1,u1_struct_0(k15_euclid(2))) | ~r1_jordan6(sK0,sK3,sK1) <- (~5, 15) [resolution 1378,534] {a:2,w:32,wCS:3200,goal:1,sine:1,thAx:0,allAx:13,thDist:-13}
1852. ~r1_jordan6(sK0,sK3,sK4) | ~r1_jordan6(sK0,sK2,sK3) | ~m1_subset_1(sK4,u1_struct_0(k15_euclid(2))) | ~m1_subset_1(sK3,u1_struct_0(k15_euclid(2))) | ~m1_subset_1(sK2,u1_struct_0(k15_euclid(2))) | ~m1_subset_1(sK1,u1_struct_0(k15_euclid(2))) | ~r1_jordan6(sK0,sK4,sK1) <- (~6, 15) [resolution 1378,539] {a:2,w:32,wCS:3200,goal:1,sine:1,thAx:0,allAx:13,thDist:-13}
1865. ~r1_jordan6(sK0,sK3,sK2) | ~r1_jordan6(sK0,sK4,sK3) | ~m1_subset_1(sK3,u1_struct_0(k15_euclid(2))) | ~m1_subset_1(sK4,u1_struct_0(k15_euclid(2))) | ~m1_subset_1(sK1,u1_struct_0(k15_euclid(2))) | ~r1_jordan6(sK0,sK2,sK1) <- (~1, 13, 15) [subsumption resolution 1847,574] {a:2,w:27,wCS:2700,goal:1,sine:1,thAx:0,allAx:13,thDist:-13}
1866. ~r1_jordan6(sK0,sK3,sK2) | ~r1_jordan6(sK0,sK4,sK3) | ~m1_subset_1(sK4,u1_struct_0(k15_euclid(2))) | ~m1_subset_1(sK1,u1_struct_0(k15_euclid(2))) | ~r1_jordan6(sK0,sK2,sK1) <- (~1, 12, 13, 15) [subsumption resolution 1865,569] {a:2,w:22,wCS:2200,goal:1,sine:1,thAx:0,allAx:13,thDist:-13}
1867. ~r1_jordan6(sK0,sK3,sK2) | ~r1_jordan6(sK0,sK4,sK3) | ~m1_subset_1(sK1,u1_struct_0(k15_euclid(2))) | ~r1_jordan6(sK0,sK2,sK1) <- (~1, 11, 12, 13, 15) [subsumption resolution 1866,564] {a:2,w:17,wCS:1700,goal:1,sine:1,thAx:0,allAx:13,thDist:-13}
1868. ~r1_jordan6(sK0,sK3,sK2) | ~r1_jordan6(sK0,sK4,sK3) | ~r1_jordan6(sK0,sK2,sK1) <- (~1, 11, 12, 13, 14, 15) [subsumption resolution 1867,579] {a:2,w:12,wCS:1200,goal:1,sine:1,thAx:0,allAx:13,thDist:-13}
1870. 178 <=> r1_jordan6(sK0,sK2,sK1) [avatar definition]
1872. ~r1_jordan6(sK0,sK2,sK1) <- (~178) [avatar component clause 1870] {a:2,w:4,wCS:400,nSel:1,goal:1,sine:255,thAx:0,allAx:13,thDist:-13}
1873. ~178 | ~171 | ~169 | 1 | ~11 | ~12 | ~13 | ~14 | ~15 [avatar split clause 1868,582,577,572,567,562,512,1782,1790,1870]
1874. ~r1_jordan6(sK0,sK2,sK3) | ~r1_jordan6(sK0,sK4,sK2) | ~m1_subset_1(sK2,u1_struct_0(k15_euclid(2))) | ~m1_subset_1(sK4,u1_struct_0(k15_euclid(2))) | ~m1_subset_1(sK1,u1_struct_0(k15_euclid(2))) | ~r1_jordan6(sK0,sK3,sK1) <- (~2, 12, 15) [subsumption resolution 1848,569] {a:2,w:27,wCS:2700,goal:1,sine:1,thAx:0,allAx:13,thDist:-13}
1875. ~r1_jordan6(sK0,sK2,sK3) | ~r1_jordan6(sK0,sK4,sK2) | ~m1_subset_1(sK4,u1_struct_0(k15_euclid(2))) | ~m1_subset_1(sK1,u1_struct_0(k15_euclid(2))) | ~r1_jordan6(sK0,sK3,sK1) <- (~2, 12, 13, 15) [subsumption resolution 1874,574] {a:2,w:22,wCS:2200,goal:1,sine:1,thAx:0,allAx:13,thDist:-13}
1876. ~r1_jordan6(sK0,sK2,sK3) | ~r1_jordan6(sK0,sK4,sK2) | ~m1_subset_1(sK1,u1_struct_0(k15_euclid(2))) | ~r1_jordan6(sK0,sK3,sK1) <- (~2, 11, 12, 13, 15) [subsumption resolution 1875,564] {a:2,w:17,wCS:1700,goal:1,sine:1,thAx:0,allAx:13,thDist:-13}
1877. ~r1_jordan6(sK0,sK2,sK3) | ~r1_jordan6(sK0,sK4,sK2) | ~r1_jordan6(sK0,sK3,sK1) <- (~2, 11, 12, 13, 14, 15) [subsumption resolution 1876,579] {a:2,w:12,wCS:1200,goal:1,sine:1,thAx:0,allAx:13,thDist:-13}
1879. 179 <=> r1_jordan6(sK0,sK3,sK1) [avatar definition]
1881. ~r1_jordan6(sK0,sK3,sK1) <- (~179) [avatar component clause 1879] {a:2,w:4,wCS:400,nSel:1,goal:1,sine:255,thAx:0,allAx:13,thDist:-13}
1882. ~179 | ~173 | ~172 | 2 | ~11 | ~12 | ~13 | ~14 | ~15 [avatar split clause 1877,582,577,572,567,562,517,1799,1803,1879]
1883. ~r1_jordan6(sK0,sK4,sK2) | ~r1_jordan6(sK0,sK3,sK4) | ~m1_subset_1(sK4,u1_struct_0(k15_euclid(2))) | ~m1_subset_1(sK3,u1_struct_0(k15_euclid(2))) | ~m1_subset_1(sK1,u1_struct_0(k15_euclid(2))) | ~r1_jordan6(sK0,sK2,sK1) <- (~3, 13, 15) [subsumption resolution 1849,574] {a:2,w:27,wCS:2700,goal:1,sine:1,thAx:0,allAx:13,thDist:-13}
1884. ~r1_jordan6(sK0,sK4,sK2) | ~r1_jordan6(sK0,sK3,sK4) | ~m1_subset_1(sK3,u1_struct_0(k15_euclid(2))) | ~m1_subset_1(sK1,u1_struct_0(k15_euclid(2))) | ~r1_jordan6(sK0,sK2,sK1) <- (~3, 11, 13, 15) [subsumption resolution 1883,564] {a:2,w:22,wCS:2200,goal:1,sine:1,thAx:0,allAx:13,thDist:-13}
1885. ~r1_jordan6(sK0,sK4,sK2) | ~r1_jordan6(sK0,sK3,sK4) | ~m1_subset_1(sK1,u1_struct_0(k15_euclid(2))) | ~r1_jordan6(sK0,sK2,sK1) <- (~3, 11, 12, 13, 15) [subsumption resolution 1884,569] {a:2,w:17,wCS:1700,goal:1,sine:1,thAx:0,allAx:13,thDist:-13}
1886. ~r1_jordan6(sK0,sK4,sK2) | ~r1_jordan6(sK0,sK3,sK4) | ~r1_jordan6(sK0,sK2,sK1) <- (~3, 11, 12, 13, 14, 15) [subsumption resolution 1885,579] {a:2,w:12,wCS:1200,goal:1,sine:1,thAx:0,allAx:13,thDist:-13}
1887. ~178 | ~175 | ~173 | 3 | ~11 | ~12 | ~13 | ~14 | ~15 [avatar split clause 1886,582,577,572,567,562,522,1803,1816,1870]
1888. ~r1_jordan6(sK0,sK2,sK4) | ~r1_jordan6(sK0,sK3,sK2) | ~m1_subset_1(sK2,u1_struct_0(k15_euclid(2))) | ~m1_subset_1(sK3,u1_struct_0(k15_euclid(2))) | ~m1_subset_1(sK1,u1_struct_0(k15_euclid(2))) | ~r1_jordan6(sK0,sK4,sK1) <- (~4, 11, 15) [subsumption resolution 1850,564] {a:2,w:27,wCS:2700,goal:1,sine:1,thAx:0,allAx:13,thDist:-13}
1889. ~r1_jordan6(sK0,sK2,sK4) | ~r1_jordan6(sK0,sK3,sK2) | ~m1_subset_1(sK3,u1_struct_0(k15_euclid(2))) | ~m1_subset_1(sK1,u1_struct_0(k15_euclid(2))) | ~r1_jordan6(sK0,sK4,sK1) <- (~4, 11, 13, 15) [subsumption resolution 1888,574] {a:2,w:22,wCS:2200,goal:1,sine:1,thAx:0,allAx:13,thDist:-13}
1890. ~r1_jordan6(sK0,sK2,sK4) | ~r1_jordan6(sK0,sK3,sK2) | ~m1_subset_1(sK1,u1_struct_0(k15_euclid(2))) | ~r1_jordan6(sK0,sK4,sK1) <- (~4, 11, 12, 13, 15) [subsumption resolution 1889,569] {a:2,w:17,wCS:1700,goal:1,sine:1,thAx:0,allAx:13,thDist:-13}
1891. ~r1_jordan6(sK0,sK2,sK4) | ~r1_jordan6(sK0,sK3,sK2) | ~r1_jordan6(sK0,sK4,sK1) <- (~4, 11, 12, 13, 14, 15) [subsumption resolution 1890,579] {a:2,w:12,wCS:1200,goal:1,sine:1,thAx:0,allAx:13,thDist:-13}
1893. 180 <=> r1_jordan6(sK0,sK4,sK1) [avatar definition]
1895. ~r1_jordan6(sK0,sK4,sK1) <- (~180) [avatar component clause 1893] {a:2,w:4,wCS:400,nSel:1,goal:1,sine:255,thAx:0,allAx:13,thDist:-13}
1896. ~180 | ~169 | ~176 | 4 | ~11 | ~12 | ~13 | ~14 | ~15 [avatar split clause 1891,582,577,572,567,562,527,1825,1782,1893]
1897. ~r1_jordan6(sK0,sK4,sK3) | ~r1_jordan6(sK0,sK2,sK4) | ~m1_subset_1(sK4,u1_struct_0(k15_euclid(2))) | ~m1_subset_1(sK2,u1_struct_0(k15_euclid(2))) | ~m1_subset_1(sK1,u1_struct_0(k15_euclid(2))) | ~r1_jordan6(sK0,sK3,sK1) <- (~5, 12, 15) [subsumption resolution 1851,569] {a:2,w:27,wCS:2700,goal:1,sine:1,thAx:0,allAx:13,thDist:-13}
1898. ~r1_jordan6(sK0,sK4,sK3) | ~r1_jordan6(sK0,sK2,sK4) | ~m1_subset_1(sK2,u1_struct_0(k15_euclid(2))) | ~m1_subset_1(sK1,u1_struct_0(k15_euclid(2))) | ~r1_jordan6(sK0,sK3,sK1) <- (~5, 11, 12, 15) [subsumption resolution 1897,564] {a:2,w:22,wCS:2200,goal:1,sine:1,thAx:0,allAx:13,thDist:-13}
1899. ~r1_jordan6(sK0,sK4,sK3) | ~r1_jordan6(sK0,sK2,sK4) | ~m1_subset_1(sK1,u1_struct_0(k15_euclid(2))) | ~r1_jordan6(sK0,sK3,sK1) <- (~5, 11, 12, 13, 15) [subsumption resolution 1898,574] {a:2,w:17,wCS:1700,goal:1,sine:1,thAx:0,allAx:13,thDist:-13}
1900. ~r1_jordan6(sK0,sK4,sK3) | ~r1_jordan6(sK0,sK2,sK4) | ~r1_jordan6(sK0,sK3,sK1) <- (~5, 11, 12, 13, 14, 15) [subsumption resolution 1899,579] {a:2,w:12,wCS:1200,goal:1,sine:1,thAx:0,allAx:13,thDist:-13}
1901. ~179 | ~176 | ~171 | 5 | ~11 | ~12 | ~13 | ~14 | ~15 [avatar split clause 1900,582,577,572,567,562,532,1790,1825,1879]
1902. ~r1_jordan6(sK0,sK3,sK4) | ~r1_jordan6(sK0,sK2,sK3) | ~m1_subset_1(sK3,u1_struct_0(k15_euclid(2))) | ~m1_subset_1(sK2,u1_struct_0(k15_euclid(2))) | ~m1_subset_1(sK1,u1_struct_0(k15_euclid(2))) | ~r1_jordan6(sK0,sK4,sK1) <- (~6, 11, 15) [subsumption resolution 1852,564] {a:2,w:27,wCS:2700,goal:1,sine:1,thAx:0,allAx:13,thDist:-13}
1903. ~r1_jordan6(sK0,sK3,sK4) | ~r1_jordan6(sK0,sK2,sK3) | ~m1_subset_1(sK2,u1_struct_0(k15_euclid(2))) | ~m1_subset_1(sK1,u1_struct_0(k15_euclid(2))) | ~r1_jordan6(sK0,sK4,sK1) <- (~6, 11, 12, 15) [subsumption resolution 1902,569] {a:2,w:22,wCS:2200,goal:1,sine:1,thAx:0,allAx:13,thDist:-13}
1904. ~r1_jordan6(sK0,sK3,sK4) | ~r1_jordan6(sK0,sK2,sK3) | ~m1_subset_1(sK1,u1_struct_0(k15_euclid(2))) | ~r1_jordan6(sK0,sK4,sK1) <- (~6, 11, 12, 13, 15) [subsumption resolution 1903,574] {a:2,w:17,wCS:1700,goal:1,sine:1,thAx:0,allAx:13,thDist:-13}
1905. ~r1_jordan6(sK0,sK3,sK4) | ~r1_jordan6(sK0,sK2,sK3) | ~r1_jordan6(sK0,sK4,sK1) <- (~6, 11, 12, 13, 14, 15) [subsumption resolution 1904,579] {a:2,w:12,wCS:1200,goal:1,sine:1,thAx:0,allAx:13,thDist:-13}
1906. ~180 | ~172 | ~175 | 6 | ~11 | ~12 | ~13 | ~14 | ~15 [avatar split clause 1905,582,577,572,567,562,537,1816,1799,1893]
1907. ~r1_jordan6(sK0,sK2,sK1) | ~r1_jordan6(sK0,sK3,sK2) | ~m1_subset_1(sK2,u1_struct_0(k15_euclid(2))) | ~m1_subset_1(sK3,u1_struct_0(k15_euclid(2))) | ~m1_subset_1(sK4,u1_struct_0(k15_euclid(2))) | ~m1_subset_1(sK1,u1_struct_0(k15_euclid(2))) | ~r1_jordan6(sK0,sK1,sK4) <- (~1, 15) [resolution 1382,514] {a:2,w:32,wCS:3200,goal:1,sine:1,thAx:0,allAx:13,thDist:-13}
1908. ~r1_jordan6(sK0,sK3,sK1) | ~r1_jordan6(sK0,sK2,sK3) | ~m1_subset_1(sK3,u1_struct_0(k15_euclid(2))) | ~m1_subset_1(sK2,u1_struct_0(k15_euclid(2))) | ~m1_subset_1(sK4,u1_struct_0(k15_euclid(2))) | ~m1_subset_1(sK1,u1_struct_0(k15_euclid(2))) | ~r1_jordan6(sK0,sK1,sK4) <- (~2, 15) [resolution 1382,519] {a:2,w:32,wCS:3200,goal:1,sine:1,thAx:0,allAx:13,thDist:-13}
1909. ~r1_jordan6(sK0,sK2,sK1) | ~r1_jordan6(sK0,sK4,sK2) | ~m1_subset_1(sK2,u1_struct_0(k15_euclid(2))) | ~m1_subset_1(sK4,u1_struct_0(k15_euclid(2))) | ~m1_subset_1(sK3,u1_struct_0(k15_euclid(2))) | ~m1_subset_1(sK1,u1_struct_0(k15_euclid(2))) | ~r1_jordan6(sK0,sK1,sK3) <- (~3, 15) [resolution 1382,524] {a:2,w:32,wCS:3200,goal:1,sine:1,thAx:0,allAx:13,thDist:-13}
1910. ~r1_jordan6(sK0,sK4,sK1) | ~r1_jordan6(sK0,sK2,sK4) | ~m1_subset_1(sK4,u1_struct_0(k15_euclid(2))) | ~m1_subset_1(sK2,u1_struct_0(k15_euclid(2))) | ~m1_subset_1(sK3,u1_struct_0(k15_euclid(2))) | ~m1_subset_1(sK1,u1_struct_0(k15_euclid(2))) | ~r1_jordan6(sK0,sK1,sK3) <- (~4, 15) [resolution 1382,529] {a:2,w:32,wCS:3200,goal:1,sine:1,thAx:0,allAx:13,thDist:-13}
1911. ~r1_jordan6(sK0,sK3,sK1) | ~r1_jordan6(sK0,sK4,sK3) | ~m1_subset_1(sK3,u1_struct_0(k15_euclid(2))) | ~m1_subset_1(sK4,u1_struct_0(k15_euclid(2))) | ~m1_subset_1(sK2,u1_struct_0(k15_euclid(2))) | ~m1_subset_1(sK1,u1_struct_0(k15_euclid(2))) | ~r1_jordan6(sK0,sK1,sK2) <- (~5, 15) [resolution 1382,534] {a:2,w:32,wCS:3200,goal:1,sine:1,thAx:0,allAx:13,thDist:-13}
1912. ~r1_jordan6(sK0,sK4,sK1) | ~r1_jordan6(sK0,sK3,sK4) | ~m1_subset_1(sK4,u1_struct_0(k15_euclid(2))) | ~m1_subset_1(sK3,u1_struct_0(k15_euclid(2))) | ~m1_subset_1(sK2,u1_struct_0(k15_euclid(2))) | ~m1_subset_1(sK1,u1_struct_0(k15_euclid(2))) | ~r1_jordan6(sK0,sK1,sK2) <- (~6, 15) [resolution 1382,539] {a:2,w:32,wCS:3200,goal:1,sine:1,thAx:0,allAx:13,thDist:-13}
1925. ~r1_jordan6(sK0,sK2,sK1) | ~r1_jordan6(sK0,sK3,sK2) | ~m1_subset_1(sK3,u1_struct_0(k15_euclid(2))) | ~m1_subset_1(sK4,u1_struct_0(k15_euclid(2))) | ~m1_subset_1(sK1,u1_struct_0(k15_euclid(2))) | ~r1_jordan6(sK0,sK1,sK4) <- (~1, 13, 15) [subsumption resolution 1907,574] {a:2,w:27,wCS:2700,goal:1,sine:1,thAx:0,allAx:13,thDist:-13}
1926. ~r1_jordan6(sK0,sK2,sK1) | ~r1_jordan6(sK0,sK3,sK2) | ~m1_subset_1(sK4,u1_struct_0(k15_euclid(2))) | ~m1_subset_1(sK1,u1_struct_0(k15_euclid(2))) | ~r1_jordan6(sK0,sK1,sK4) <- (~1, 12, 13, 15) [subsumption resolution 1925,569] {a:2,w:22,wCS:2200,goal:1,sine:1,thAx:0,allAx:13,thDist:-13}
1927. ~r1_jordan6(sK0,sK2,sK1) | ~r1_jordan6(sK0,sK3,sK2) | ~m1_subset_1(sK1,u1_struct_0(k15_euclid(2))) | ~r1_jordan6(sK0,sK1,sK4) <- (~1, 11, 12, 13, 15) [subsumption resolution 1926,564] {a:2,w:17,wCS:1700,goal:1,sine:1,thAx:0,allAx:13,thDist:-13}
1928. ~r1_jordan6(sK0,sK2,sK1) | ~r1_jordan6(sK0,sK3,sK2) | ~r1_jordan6(sK0,sK1,sK4) <- (~1, 11, 12, 13, 14, 15) [subsumption resolution 1927,579] {a:2,w:12,wCS:1200,goal:1,sine:1,thAx:0,allAx:13,thDist:-13}
1929. ~170 | ~169 | ~178 | 1 | ~11 | ~12 | ~13 | ~14 | ~15 [avatar split clause 1928,582,577,572,567,562,512,1870,1782,1786]
1930. ~r1_jordan6(sK0,sK3,sK1) | ~r1_jordan6(sK0,sK2,sK3) | ~m1_subset_1(sK2,u1_struct_0(k15_euclid(2))) | ~m1_subset_1(sK4,u1_struct_0(k15_euclid(2))) | ~m1_subset_1(sK1,u1_struct_0(k15_euclid(2))) | ~r1_jordan6(sK0,sK1,sK4) <- (~2, 12, 15) [subsumption resolution 1908,569] {a:2,w:27,wCS:2700,goal:1,sine:1,thAx:0,allAx:13,thDist:-13}
1931. ~r1_jordan6(sK0,sK3,sK1) | ~r1_jordan6(sK0,sK2,sK3) | ~m1_subset_1(sK4,u1_struct_0(k15_euclid(2))) | ~m1_subset_1(sK1,u1_struct_0(k15_euclid(2))) | ~r1_jordan6(sK0,sK1,sK4) <- (~2, 12, 13, 15) [subsumption resolution 1930,574] {a:2,w:22,wCS:2200,goal:1,sine:1,thAx:0,allAx:13,thDist:-13}
1932. ~r1_jordan6(sK0,sK3,sK1) | ~r1_jordan6(sK0,sK2,sK3) | ~m1_subset_1(sK1,u1_struct_0(k15_euclid(2))) | ~r1_jordan6(sK0,sK1,sK4) <- (~2, 11, 12, 13, 15) [subsumption resolution 1931,564] {a:2,w:17,wCS:1700,goal:1,sine:1,thAx:0,allAx:13,thDist:-13}
1933. ~r1_jordan6(sK0,sK3,sK1) | ~r1_jordan6(sK0,sK2,sK3) | ~r1_jordan6(sK0,sK1,sK4) <- (~2, 11, 12, 13, 14, 15) [subsumption resolution 1932,579] {a:2,w:12,wCS:1200,goal:1,sine:1,thAx:0,allAx:13,thDist:-13}
1934. ~170 | ~172 | ~179 | 2 | ~11 | ~12 | ~13 | ~14 | ~15 [avatar split clause 1933,582,577,572,567,562,517,1879,1799,1786]
1935. ~r1_jordan6(sK0,sK2,sK1) | ~r1_jordan6(sK0,sK4,sK2) | ~m1_subset_1(sK4,u1_struct_0(k15_euclid(2))) | ~m1_subset_1(sK3,u1_struct_0(k15_euclid(2))) | ~m1_subset_1(sK1,u1_struct_0(k15_euclid(2))) | ~r1_jordan6(sK0,sK1,sK3) <- (~3, 13, 15) [subsumption resolution 1909,574] {a:2,w:27,wCS:2700,goal:1,sine:1,thAx:0,allAx:13,thDist:-13}
1936. ~r1_jordan6(sK0,sK2,sK1) | ~r1_jordan6(sK0,sK4,sK2) | ~m1_subset_1(sK3,u1_struct_0(k15_euclid(2))) | ~m1_subset_1(sK1,u1_struct_0(k15_euclid(2))) | ~r1_jordan6(sK0,sK1,sK3) <- (~3, 11, 13, 15) [subsumption resolution 1935,564] {a:2,w:22,wCS:2200,goal:1,sine:1,thAx:0,allAx:13,thDist:-13}
1937. ~r1_jordan6(sK0,sK2,sK1) | ~r1_jordan6(sK0,sK4,sK2) | ~m1_subset_1(sK1,u1_struct_0(k15_euclid(2))) | ~r1_jordan6(sK0,sK1,sK3) <- (~3, 11, 12, 13, 15) [subsumption resolution 1936,569] {a:2,w:17,wCS:1700,goal:1,sine:1,thAx:0,allAx:13,thDist:-13}
1938. ~r1_jordan6(sK0,sK2,sK1) | ~r1_jordan6(sK0,sK4,sK2) | ~r1_jordan6(sK0,sK1,sK3) <- (~3, 11, 12, 13, 14, 15) [subsumption resolution 1937,579] {a:2,w:12,wCS:1200,goal:1,sine:1,thAx:0,allAx:13,thDist:-13}
1939. ~174 | ~173 | ~178 | 3 | ~11 | ~12 | ~13 | ~14 | ~15 [avatar split clause 1938,582,577,572,567,562,522,1870,1803,1812]
1940. ~r1_jordan6(sK0,sK4,sK1) | ~r1_jordan6(sK0,sK2,sK4) | ~m1_subset_1(sK2,u1_struct_0(k15_euclid(2))) | ~m1_subset_1(sK3,u1_struct_0(k15_euclid(2))) | ~m1_subset_1(sK1,u1_struct_0(k15_euclid(2))) | ~r1_jordan6(sK0,sK1,sK3) <- (~4, 11, 15) [subsumption resolution 1910,564] {a:2,w:27,wCS:2700,goal:1,sine:1,thAx:0,allAx:13,thDist:-13}
1941. ~r1_jordan6(sK0,sK4,sK1) | ~r1_jordan6(sK0,sK2,sK4) | ~m1_subset_1(sK3,u1_struct_0(k15_euclid(2))) | ~m1_subset_1(sK1,u1_struct_0(k15_euclid(2))) | ~r1_jordan6(sK0,sK1,sK3) <- (~4, 11, 13, 15) [subsumption resolution 1940,574] {a:2,w:22,wCS:2200,goal:1,sine:1,thAx:0,allAx:13,thDist:-13}
1942. ~r1_jordan6(sK0,sK4,sK1) | ~r1_jordan6(sK0,sK2,sK4) | ~m1_subset_1(sK1,u1_struct_0(k15_euclid(2))) | ~r1_jordan6(sK0,sK1,sK3) <- (~4, 11, 12, 13, 15) [subsumption resolution 1941,569] {a:2,w:17,wCS:1700,goal:1,sine:1,thAx:0,allAx:13,thDist:-13}
1943. ~r1_jordan6(sK0,sK4,sK1) | ~r1_jordan6(sK0,sK2,sK4) | ~r1_jordan6(sK0,sK1,sK3) <- (~4, 11, 12, 13, 14, 15) [subsumption resolution 1942,579] {a:2,w:12,wCS:1200,goal:1,sine:1,thAx:0,allAx:13,thDist:-13}
1944. ~174 | ~176 | ~180 | 4 | ~11 | ~12 | ~13 | ~14 | ~15 [avatar split clause 1943,582,577,572,567,562,527,1893,1825,1812]
1945. ~r1_jordan6(sK0,sK3,sK1) | ~r1_jordan6(sK0,sK4,sK3) | ~m1_subset_1(sK4,u1_struct_0(k15_euclid(2))) | ~m1_subset_1(sK2,u1_struct_0(k15_euclid(2))) | ~m1_subset_1(sK1,u1_struct_0(k15_euclid(2))) | ~r1_jordan6(sK0,sK1,sK2) <- (~5, 12, 15) [subsumption resolution 1911,569] {a:2,w:27,wCS:2700,goal:1,sine:1,thAx:0,allAx:13,thDist:-13}
1946. ~r1_jordan6(sK0,sK3,sK1) | ~r1_jordan6(sK0,sK4,sK3) | ~m1_subset_1(sK2,u1_struct_0(k15_euclid(2))) | ~m1_subset_1(sK1,u1_struct_0(k15_euclid(2))) | ~r1_jordan6(sK0,sK1,sK2) <- (~5, 11, 12, 15) [subsumption resolution 1945,564] {a:2,w:22,wCS:2200,goal:1,sine:1,thAx:0,allAx:13,thDist:-13}
1947. ~r1_jordan6(sK0,sK3,sK1) | ~r1_jordan6(sK0,sK4,sK3) | ~m1_subset_1(sK1,u1_struct_0(k15_euclid(2))) | ~r1_jordan6(sK0,sK1,sK2) <- (~5, 11, 12, 13, 15) [subsumption resolution 1946,574] {a:2,w:17,wCS:1700,goal:1,sine:1,thAx:0,allAx:13,thDist:-13}
1948. ~r1_jordan6(sK0,sK3,sK1) | ~r1_jordan6(sK0,sK4,sK3) | ~r1_jordan6(sK0,sK1,sK2) <- (~5, 11, 12, 13, 14, 15) [subsumption resolution 1947,579] {a:2,w:12,wCS:1200,goal:1,sine:1,thAx:0,allAx:13,thDist:-13}
1949. ~177 | ~171 | ~179 | 5 | ~11 | ~12 | ~13 | ~14 | ~15 [avatar split clause 1948,582,577,572,567,562,532,1879,1790,1834]
1950. ~r1_jordan6(sK0,sK4,sK1) | ~r1_jordan6(sK0,sK3,sK4) | ~m1_subset_1(sK3,u1_struct_0(k15_euclid(2))) | ~m1_subset_1(sK2,u1_struct_0(k15_euclid(2))) | ~m1_subset_1(sK1,u1_struct_0(k15_euclid(2))) | ~r1_jordan6(sK0,sK1,sK2) <- (~6, 11, 15) [subsumption resolution 1912,564] {a:2,w:27,wCS:2700,goal:1,sine:1,thAx:0,allAx:13,thDist:-13}
1951. ~r1_jordan6(sK0,sK4,sK1) | ~r1_jordan6(sK0,sK3,sK4) | ~m1_subset_1(sK2,u1_struct_0(k15_euclid(2))) | ~m1_subset_1(sK1,u1_struct_0(k15_euclid(2))) | ~r1_jordan6(sK0,sK1,sK2) <- (~6, 11, 12, 15) [subsumption resolution 1950,569] {a:2,w:22,wCS:2200,goal:1,sine:1,thAx:0,allAx:13,thDist:-13}
1952. ~r1_jordan6(sK0,sK4,sK1) | ~r1_jordan6(sK0,sK3,sK4) | ~m1_subset_1(sK1,u1_struct_0(k15_euclid(2))) | ~r1_jordan6(sK0,sK1,sK2) <- (~6, 11, 12, 13, 15) [subsumption resolution 1951,574] {a:2,w:17,wCS:1700,goal:1,sine:1,thAx:0,allAx:13,thDist:-13}
1953. ~r1_jordan6(sK0,sK4,sK1) | ~r1_jordan6(sK0,sK3,sK4) | ~r1_jordan6(sK0,sK1,sK2) <- (~6, 11, 12, 13, 14, 15) [subsumption resolution 1952,579] {a:2,w:12,wCS:1200,goal:1,sine:1,thAx:0,allAx:13,thDist:-13}
1954. ~177 | ~175 | ~180 | 6 | ~11 | ~12 | ~13 | ~14 | ~15 [avatar split clause 1953,582,577,572,567,562,537,1893,1816,1834]
1955. ~r1_jordan6(sK0,sK1,sK4) | ~r1_jordan6(sK0,sK2,sK1) | ~m1_subset_1(sK2,u1_struct_0(k15_euclid(2))) | ~m1_subset_1(sK3,u1_struct_0(k15_euclid(2))) | ~m1_subset_1(sK4,u1_struct_0(k15_euclid(2))) | ~m1_subset_1(sK1,u1_struct_0(k15_euclid(2))) | ~r1_jordan6(sK0,sK4,sK3) <- (~1, 15) [resolution 1385,514] {a:2,w:32,wCS:3200,goal:1,sine:1,thAx:0,allAx:13,thDist:-13}
1956. ~r1_jordan6(sK0,sK1,sK4) | ~r1_jordan6(sK0,sK3,sK1) | ~m1_subset_1(sK3,u1_struct_0(k15_euclid(2))) | ~m1_subset_1(sK2,u1_struct_0(k15_euclid(2))) | ~m1_subset_1(sK4,u1_struct_0(k15_euclid(2))) | ~m1_subset_1(sK1,u1_struct_0(k15_euclid(2))) | ~r1_jordan6(sK0,sK4,sK2) <- (~2, 15) [resolution 1385,519] {a:2,w:32,wCS:3200,goal:1,sine:1,thAx:0,allAx:13,thDist:-13}
1957. ~r1_jordan6(sK0,sK1,sK3) | ~r1_jordan6(sK0,sK2,sK1) | ~m1_subset_1(sK2,u1_struct_0(k15_euclid(2))) | ~m1_subset_1(sK4,u1_struct_0(k15_euclid(2))) | ~m1_subset_1(sK3,u1_struct_0(k15_euclid(2))) | ~m1_subset_1(sK1,u1_struct_0(k15_euclid(2))) | ~r1_jordan6(sK0,sK3,sK4) <- (~3, 15) [resolution 1385,524] {a:2,w:32,wCS:3200,goal:1,sine:1,thAx:0,allAx:13,thDist:-13}
1958. ~r1_jordan6(sK0,sK1,sK3) | ~r1_jordan6(sK0,sK4,sK1) | ~m1_subset_1(sK4,u1_struct_0(k15_euclid(2))) | ~m1_subset_1(sK2,u1_struct_0(k15_euclid(2))) | ~m1_subset_1(sK3,u1_struct_0(k15_euclid(2))) | ~m1_subset_1(sK1,u1_struct_0(k15_euclid(2))) | ~r1_jordan6(sK0,sK3,sK2) <- (~4, 15) [resolution 1385,529] {a:2,w:32,wCS:3200,goal:1,sine:1,thAx:0,allAx:13,thDist:-13}
1959. ~r1_jordan6(sK0,sK1,sK2) | ~r1_jordan6(sK0,sK3,sK1) | ~m1_subset_1(sK3,u1_struct_0(k15_euclid(2))) | ~m1_subset_1(sK4,u1_struct_0(k15_euclid(2))) | ~m1_subset_1(sK2,u1_struct_0(k15_euclid(2))) | ~m1_subset_1(sK1,u1_struct_0(k15_euclid(2))) | ~r1_jordan6(sK0,sK2,sK4) <- (~5, 15) [resolution 1385,534] {a:2,w:32,wCS:3200,goal:1,sine:1,thAx:0,allAx:13,thDist:-13}
1960. ~r1_jordan6(sK0,sK1,sK2) | ~r1_jordan6(sK0,sK4,sK1) | ~m1_subset_1(sK4,u1_struct_0(k15_euclid(2))) | ~m1_subset_1(sK3,u1_struct_0(k15_euclid(2))) | ~m1_subset_1(sK2,u1_struct_0(k15_euclid(2))) | ~m1_subset_1(sK1,u1_struct_0(k15_euclid(2))) | ~r1_jordan6(sK0,sK2,sK3) <- (~6, 15) [resolution 1385,539] {a:2,w:32,wCS:3200,goal:1,sine:1,thAx:0,allAx:13,thDist:-13}
1973. ~r1_jordan6(sK0,sK1,sK4) | ~r1_jordan6(sK0,sK2,sK1) | ~m1_subset_1(sK3,u1_struct_0(k15_euclid(2))) | ~m1_subset_1(sK4,u1_struct_0(k15_euclid(2))) | ~m1_subset_1(sK1,u1_struct_0(k15_euclid(2))) | ~r1_jordan6(sK0,sK4,sK3) <- (~1, 13, 15) [subsumption resolution 1955,574] {a:2,w:27,wCS:2700,goal:1,sine:1,thAx:0,allAx:13,thDist:-13}
1974. ~r1_jordan6(sK0,sK1,sK4) | ~r1_jordan6(sK0,sK2,sK1) | ~m1_subset_1(sK4,u1_struct_0(k15_euclid(2))) | ~m1_subset_1(sK1,u1_struct_0(k15_euclid(2))) | ~r1_jordan6(sK0,sK4,sK3) <- (~1, 12, 13, 15) [subsumption resolution 1973,569] {a:2,w:22,wCS:2200,goal:1,sine:1,thAx:0,allAx:13,thDist:-13}
1975. ~r1_jordan6(sK0,sK1,sK4) | ~r1_jordan6(sK0,sK2,sK1) | ~m1_subset_1(sK1,u1_struct_0(k15_euclid(2))) | ~r1_jordan6(sK0,sK4,sK3) <- (~1, 11, 12, 13, 15) [subsumption resolution 1974,564] {a:2,w:17,wCS:1700,goal:1,sine:1,thAx:0,allAx:13,thDist:-13}
1976. ~r1_jordan6(sK0,sK1,sK4) | ~r1_jordan6(sK0,sK2,sK1) | ~r1_jordan6(sK0,sK4,sK3) <- (~1, 11, 12, 13, 14, 15) [subsumption resolution 1975,579] {a:2,w:12,wCS:1200,goal:1,sine:1,thAx:0,allAx:13,thDist:-13}
1977. ~171 | ~178 | ~170 | 1 | ~11 | ~12 | ~13 | ~14 | ~15 [avatar split clause 1976,582,577,572,567,562,512,1786,1870,1790]
1978. ~r1_jordan6(sK0,sK1,sK4) | ~r1_jordan6(sK0,sK3,sK1) | ~m1_subset_1(sK2,u1_struct_0(k15_euclid(2))) | ~m1_subset_1(sK4,u1_struct_0(k15_euclid(2))) | ~m1_subset_1(sK1,u1_struct_0(k15_euclid(2))) | ~r1_jordan6(sK0,sK4,sK2) <- (~2, 12, 15) [subsumption resolution 1956,569] {a:2,w:27,wCS:2700,goal:1,sine:1,thAx:0,allAx:13,thDist:-13}
1979. ~r1_jordan6(sK0,sK1,sK4) | ~r1_jordan6(sK0,sK3,sK1) | ~m1_subset_1(sK4,u1_struct_0(k15_euclid(2))) | ~m1_subset_1(sK1,u1_struct_0(k15_euclid(2))) | ~r1_jordan6(sK0,sK4,sK2) <- (~2, 12, 13, 15) [subsumption resolution 1978,574] {a:2,w:22,wCS:2200,goal:1,sine:1,thAx:0,allAx:13,thDist:-13}
1980. ~r1_jordan6(sK0,sK1,sK4) | ~r1_jordan6(sK0,sK3,sK1) | ~m1_subset_1(sK1,u1_struct_0(k15_euclid(2))) | ~r1_jordan6(sK0,sK4,sK2) <- (~2, 11, 12, 13, 15) [subsumption resolution 1979,564] {a:2,w:17,wCS:1700,goal:1,sine:1,thAx:0,allAx:13,thDist:-13}
1981. ~r1_jordan6(sK0,sK1,sK4) | ~r1_jordan6(sK0,sK3,sK1) | ~r1_jordan6(sK0,sK4,sK2) <- (~2, 11, 12, 13, 14, 15) [subsumption resolution 1980,579] {a:2,w:12,wCS:1200,goal:1,sine:1,thAx:0,allAx:13,thDist:-13}
1982. ~173 | ~179 | ~170 | 2 | ~11 | ~12 | ~13 | ~14 | ~15 [avatar split clause 1981,582,577,572,567,562,517,1786,1879,1803]
1983. ~r1_jordan6(sK0,sK1,sK3) | ~r1_jordan6(sK0,sK2,sK1) | ~m1_subset_1(sK4,u1_struct_0(k15_euclid(2))) | ~m1_subset_1(sK3,u1_struct_0(k15_euclid(2))) | ~m1_subset_1(sK1,u1_struct_0(k15_euclid(2))) | ~r1_jordan6(sK0,sK3,sK4) <- (~3, 13, 15) [subsumption resolution 1957,574] {a:2,w:27,wCS:2700,goal:1,sine:1,thAx:0,allAx:13,thDist:-13}
1984. ~r1_jordan6(sK0,sK1,sK3) | ~r1_jordan6(sK0,sK2,sK1) | ~m1_subset_1(sK3,u1_struct_0(k15_euclid(2))) | ~m1_subset_1(sK1,u1_struct_0(k15_euclid(2))) | ~r1_jordan6(sK0,sK3,sK4) <- (~3, 11, 13, 15) [subsumption resolution 1983,564] {a:2,w:22,wCS:2200,goal:1,sine:1,thAx:0,allAx:13,thDist:-13}
1985. ~r1_jordan6(sK0,sK1,sK3) | ~r1_jordan6(sK0,sK2,sK1) | ~m1_subset_1(sK1,u1_struct_0(k15_euclid(2))) | ~r1_jordan6(sK0,sK3,sK4) <- (~3, 11, 12, 13, 15) [subsumption resolution 1984,569] {a:2,w:17,wCS:1700,goal:1,sine:1,thAx:0,allAx:13,thDist:-13}
1986. ~r1_jordan6(sK0,sK1,sK3) | ~r1_jordan6(sK0,sK2,sK1) | ~r1_jordan6(sK0,sK3,sK4) <- (~3, 11, 12, 13, 14, 15) [subsumption resolution 1985,579] {a:2,w:12,wCS:1200,goal:1,sine:1,thAx:0,allAx:13,thDist:-13}
1987. ~175 | ~178 | ~174 | 3 | ~11 | ~12 | ~13 | ~14 | ~15 [avatar split clause 1986,582,577,572,567,562,522,1812,1870,1816]
1988. ~r1_jordan6(sK0,sK1,sK3) | ~r1_jordan6(sK0,sK4,sK1) | ~m1_subset_1(sK2,u1_struct_0(k15_euclid(2))) | ~m1_subset_1(sK3,u1_struct_0(k15_euclid(2))) | ~m1_subset_1(sK1,u1_struct_0(k15_euclid(2))) | ~r1_jordan6(sK0,sK3,sK2) <- (~4, 11, 15) [subsumption resolution 1958,564] {a:2,w:27,wCS:2700,goal:1,sine:1,thAx:0,allAx:13,thDist:-13}
1989. ~r1_jordan6(sK0,sK1,sK3) | ~r1_jordan6(sK0,sK4,sK1) | ~m1_subset_1(sK3,u1_struct_0(k15_euclid(2))) | ~m1_subset_1(sK1,u1_struct_0(k15_euclid(2))) | ~r1_jordan6(sK0,sK3,sK2) <- (~4, 11, 13, 15) [subsumption resolution 1988,574] {a:2,w:22,wCS:2200,goal:1,sine:1,thAx:0,allAx:13,thDist:-13}
1990. ~r1_jordan6(sK0,sK1,sK3) | ~r1_jordan6(sK0,sK4,sK1) | ~m1_subset_1(sK1,u1_struct_0(k15_euclid(2))) | ~r1_jordan6(sK0,sK3,sK2) <- (~4, 11, 12, 13, 15) [subsumption resolution 1989,569] {a:2,w:17,wCS:1700,goal:1,sine:1,thAx:0,allAx:13,thDist:-13}
1991. ~r1_jordan6(sK0,sK1,sK3) | ~r1_jordan6(sK0,sK4,sK1) | ~r1_jordan6(sK0,sK3,sK2) <- (~4, 11, 12, 13, 14, 15) [subsumption resolution 1990,579] {a:2,w:12,wCS:1200,goal:1,sine:1,thAx:0,allAx:13,thDist:-13}
1992. ~r1_jordan6(sK0,sK1,sK3) | ~r1_jordan6(sK0,sK4,sK1) <- (~4, 11, 12, 13, 14, 15, 169) [subsumption resolution 1991,1783] {a:2,w:8,wCS:800,goal:1,sine:1,thAx:0,allAx:13,thDist:-13}
1993. ~180 | ~174 | 4 | ~11 | ~12 | ~13 | ~14 | ~15 | ~169 [avatar split clause 1992,1782,582,577,572,567,562,527,1812,1893]
1994. ~r1_jordan6(sK0,sK1,sK2) | ~r1_jordan6(sK0,sK3,sK1) | ~m1_subset_1(sK4,u1_struct_0(k15_euclid(2))) | ~m1_subset_1(sK2,u1_struct_0(k15_euclid(2))) | ~m1_subset_1(sK1,u1_struct_0(k15_euclid(2))) | ~r1_jordan6(sK0,sK2,sK4) <- (~5, 12, 15) [subsumption resolution 1959,569] {a:2,w:27,wCS:2700,goal:1,sine:1,thAx:0,allAx:13,thDist:-13}
1995. ~r1_jordan6(sK0,sK1,sK2) | ~r1_jordan6(sK0,sK3,sK1) | ~m1_subset_1(sK2,u1_struct_0(k15_euclid(2))) | ~m1_subset_1(sK1,u1_struct_0(k15_euclid(2))) | ~r1_jordan6(sK0,sK2,sK4) <- (~5, 11, 12, 15) [subsumption resolution 1994,564] {a:2,w:22,wCS:2200,goal:1,sine:1,thAx:0,allAx:13,thDist:-13}
1996. ~r1_jordan6(sK0,sK1,sK2) | ~r1_jordan6(sK0,sK3,sK1) | ~m1_subset_1(sK1,u1_struct_0(k15_euclid(2))) | ~r1_jordan6(sK0,sK2,sK4) <- (~5, 11, 12, 13, 15) [subsumption resolution 1995,574] {a:2,w:17,wCS:1700,goal:1,sine:1,thAx:0,allAx:13,thDist:-13}
1997. ~r1_jordan6(sK0,sK1,sK2) | ~r1_jordan6(sK0,sK3,sK1) | ~r1_jordan6(sK0,sK2,sK4) <- (~5, 11, 12, 13, 14, 15) [subsumption resolution 1996,579] {a:2,w:12,wCS:1200,goal:1,sine:1,thAx:0,allAx:13,thDist:-13}
1998. ~176 | ~179 | ~177 | 5 | ~11 | ~12 | ~13 | ~14 | ~15 [avatar split clause 1997,582,577,572,567,562,532,1834,1879,1825]
1999. ~r1_jordan6(sK0,sK1,sK2) | ~r1_jordan6(sK0,sK4,sK1) | ~m1_subset_1(sK3,u1_struct_0(k15_euclid(2))) | ~m1_subset_1(sK2,u1_struct_0(k15_euclid(2))) | ~m1_subset_1(sK1,u1_struct_0(k15_euclid(2))) | ~r1_jordan6(sK0,sK2,sK3) <- (~6, 11, 15) [subsumption resolution 1960,564] {a:2,w:27,wCS:2700,goal:1,sine:1,thAx:0,allAx:13,thDist:-13}
2000. ~r1_jordan6(sK0,sK1,sK2) | ~r1_jordan6(sK0,sK4,sK1) | ~m1_subset_1(sK2,u1_struct_0(k15_euclid(2))) | ~m1_subset_1(sK1,u1_struct_0(k15_euclid(2))) | ~r1_jordan6(sK0,sK2,sK3) <- (~6, 11, 12, 15) [subsumption resolution 1999,569] {a:2,w:22,wCS:2200,goal:1,sine:1,thAx:0,allAx:13,thDist:-13}
2001. ~r1_jordan6(sK0,sK1,sK2) | ~r1_jordan6(sK0,sK4,sK1) | ~m1_subset_1(sK1,u1_struct_0(k15_euclid(2))) | ~r1_jordan6(sK0,sK2,sK3) <- (~6, 11, 12, 13, 15) [subsumption resolution 2000,574] {a:2,w:17,wCS:1700,goal:1,sine:1,thAx:0,allAx:13,thDist:-13}
2002. ~r1_jordan6(sK0,sK1,sK2) | ~r1_jordan6(sK0,sK4,sK1) | ~r1_jordan6(sK0,sK2,sK3) <- (~6, 11, 12, 13, 14, 15) [subsumption resolution 2001,579] {a:2,w:12,wCS:1200,goal:1,sine:1,thAx:0,allAx:13,thDist:-13}
2003. ~172 | ~180 | ~177 | 6 | ~11 | ~12 | ~13 | ~14 | ~15 [avatar split clause 2002,582,577,572,567,562,537,1834,1893,1799]
2105. $false <- (7, 8, 15, 16, ~171, ~175) [unit resulting resolution 589,549,544,1792,584,1818,1328] {a:3,w:0,goal:1,sine:1,thAx:0,allAx:51,thDist:-51}
2107. ~7 | ~8 | ~15 | ~16 | 171 | 175 [avatar contradiction clause 2105]
2117. $false <- (7, 9, 15, 16, ~173, ~176) [unit resulting resolution 589,554,544,1805,584,1827,1328] {a:3,w:0,goal:1,sine:1,thAx:0,allAx:51,thDist:-51}
2119. ~7 | ~9 | ~15 | ~16 | 173 | 176 [avatar contradiction clause 2117]
2147. $false <- (7, 10, 15, 16, ~170, ~180) [unit resulting resolution 589,544,559,1788,584,1895,1328] {a:3,w:0,goal:1,sine:1,thAx:0,allAx:51,thDist:-51}
2149. ~7 | ~10 | ~15 | ~16 | 170 | 180 [avatar contradiction clause 2147]
2159. $false <- (9, 10, 15, 16, ~177, ~178) [unit resulting resolution 589,554,559,1836,584,1872,1328] {a:3,w:0,goal:1,sine:1,thAx:0,allAx:51,thDist:-51}
2161. ~9 | ~10 | ~15 | ~16 | 177 | 178 [avatar contradiction clause 2159]
2248. $false <- (8, 10, 15, 16, ~174, ~179) [unit resulting resolution 589,549,559,1814,584,1881,1328] {a:3,w:0,goal:1,sine:1,thAx:0,allAx:51,thDist:-51}
2250. ~8 | ~10 | ~15 | ~16 | 174 | 179 [avatar contradiction clause 2248]
2251. $false [avatar sat refutation 515,520,525,530,535,540,545,550,555,560,565,570,575,580,585,590,1793,1806,1819,1828,1837,1842,1846,1873,1882,1887,1896,1901,1906,1929,1934,1939,1944,1949,1954,1977,1982,1987,1993,1998,2003,2107,2119,2149,2161,2250] {a:0,w:0,goal:1,sine:0,thAx:0,allAx:2701,thDist:-2701}
% SZS output end Proof for jordan17__t27_jordan17
% ------------------------------
% Version: Vampire 4.5.1 (commit 226f88162 on 2021-09-12 20:13:44 +0200)
% Termination reason: Refutation

% >>> Input
% Input formulas: 99
% >>> Preprocessing
% Introduced skolems: 18
% Pure predicates: 26
% Unused predicate definitions: 1
% 
% >>> Saturation
% Initial clauses: 186
% Generated clauses: 1196
% Active clauses: 344
% Passive clauses: 568
% Final active clauses: 294
% Final passive clauses: 126
% Main loop iterations started: 432
% 
% >>> Simplifying Inferences
% Duplicate literals: 201
% Fw subsumption resolutions: 127
% Fw demodulations: 1
% Bw demodulations: 1
% 
% >>> Deletion Inferences
% Simple tautologies: 33
% Equational tautologies: 5
% Forward subsumptions: 180
% Backward subsumptions: 5
% 
% >>> Generating Inferences
% Binary resolution: 481
% Unit resulting resolution: 18
% Factoring: 1
% Forward superposition: 18
% Backward superposition: 1
% Self superposition: 1
% Equality resolution: 5
% 
% >>> AVATAR
% Split clauses: 58
% Split components: 140
% Sat splitting refutations: 26
% 
% >>> SAT Solver Statistics
% SAT solver clauses: 258
% SAT solver unit clauses: 41
% SAT solver binary clauses: 118
% 
% Memory used [KB]: 6908
% Time elapsed: 0.021 s
% ------------------------------
% ------------------------------
% Time measurement results:
% parsing: 0.001 s
% sat proof minimization: 0.001 s
% term sharing: 0.002 s
% congruence closure: 0.003 s
% backward superposition index maintenance: 0.001 s
% forward subsumption: 0.002 s
% forward demodulation: 0.001 s
% resolution: 0.001 s
% unit resulting resolution: 0.006 s ( own 0.004 s ) 
% other: 0.021 s ( own 0.005 s ) 

