i: [1,112,0,2,1,1,0,0] t9_parsp_2
a: [3,275,0,2,1,112]
s: 275
i: [1,111,0,2,1,1,0,0] t9_parsp_2
a: [3,280,0,2,1,111]
s: 280
i: [1,110,0,2,1,1,0,0] t9_parsp_2
a: [3,285,0,2,1,110]
s: 285
i: [1,109,0,2,1,1,0,0] t9_parsp_2
a: [3,290,0,2,1,109]
s: 290
i: [1,115,0,3,1,1,0,0] t9_parsp_2
a: [3,260,0,3,1,115]
s: 260
i: [1,114,0,4,1,1,0,0] t9_parsp_2
a: [3,265,0,4,1,114]
s: 265
i: [1,113,0,4,1,1,0,0] t9_parsp_2
a: [3,270,0,4,1,113]
s: 270
i: [1,117,0,2,1,0,0,255] fc1_xboole_0
a: [3,295,0,2,1,117]
s: 295
i: [1,251,0,2,1,0,0,255] rc2_xboole_0
a: [3,300,0,2,1,251]
s: 300
i: [1,252,0,2,1,0,0,2] existence_l1_struct_0
a: [3,305,0,2,1,252]
s: 305
i: [1,253,0,2,1,0,0,255] rc1_xboole_0
a: [3,310,0,2,1,253]
s: 310
i: [1,254,0,2,1,0,0,1] existence_l1_parsp_1
a: [3,315,0,2,1,254]
s: 315
i: [1,256,0,2,1,0,0,1] rc2_parsp_1
a: [3,320,0,2,1,256]
s: 320
i: [1,255,0,2,1,0,0,1] rc2_parsp_1
a: [3,325,0,2,1,255]
s: 325
i: [1,116,0,10,2,1,0,0] t9_parsp_2
s: 116
i: [1,132,0,4,2,0,0,1] dt_l1_parsp_1
s: 132
d: [2,327,1,2,1,1,40,132,275]
a: [3,333,1,2,1,327]
s: 333
i: [1,250,0,4,1,0,0,1] existence_m1_subset_1
s: 250
d: [2,328,1,2,1,1,40,132,315]
a: [3,338,1,2,1,328]
s: 338
i: [1,118,0,6,3,0,0,255] cc7_struct_0
s: 118
i: [1,119,0,6,3,0,0,255] cc5_struct_0
s: 119
d: [2,329,1,2,1,1,40,132,325]
a: [3,343,1,2,1,329]
s: 343
i: [1,121,0,6,3,0,0,255] cc17_struct_0
s: 121
d: [2,345,1,4,2,1,40,119,305]
a: [3,351,1,2,1,345]
s: 351
i: [1,122,0,6,3,0,0,255] cc2_struct_0
s: 122
i: [1,123,0,6,3,0,0,255] cc6_struct_0
s: 123
d: [2,347,2,4,2,1,40,119,338]
a: [3,360,2,2,1,347]
s: 360
i: [1,124,0,6,3,0,0,255] cc1_struct_0
s: 124
i: [1,127,0,6,3,0,0,255] cc4_struct_0
s: 127
i: [1,125,0,7,3,0,0,255] cc8_struct_0
s: 125
i: [1,128,0,7,3,0,0,255] cc11_struct_0
s: 128
i: [1,129,0,7,3,0,0,255] cc11_struct_0
s: 129
i: [1,130,0,7,3,0,0,255] cc9_struct_0
s: 130
i: [1,133,0,7,3,0,0,255] fc9_struct_0
s: 133
i: [1,134,0,7,3,0,0,255] fc6_struct_0
s: 134
i: [1,246,0,7,3,0,0,255] fc2_struct_0
s: 246
i: [1,247,0,7,3,0,0,255] fc8_struct_0
s: 247
i: [1,248,0,7,3,0,0,255] fc7_struct_0
s: 248
i: [1,249,0,7,3,0,0,255] fc1_struct_0
s: 249
i: [1,131,0,9,4,0,0,255] cc10_struct_0
s: 131
i: [1,135,0,13,5,0,0,1] d1_parsp_2
s: 135
i: [1,136,0,13,5,0,0,1] d1_parsp_2
s: 136
i: [1,137,0,13,5,0,0,1] d1_parsp_2
s: 137
i: [1,138,0,18,5,0,0,1] d1_parsp_2
s: 138
i: [1,141,0,36,10,0,0,1] d1_parsp_2
s: 141
i: [1,142,0,36,10,0,0,1] d1_parsp_2
s: 142
i: [1,143,0,36,10,0,0,1] d1_parsp_2
s: 143
i: [1,144,0,36,10,0,0,1] d1_parsp_2
s: 144
i: [1,149,0,36,10,0,0,1] d1_parsp_2
s: 149
i: [1,150,0,36,10,0,0,1] d1_parsp_2
s: 150
i: [1,151,0,36,10,0,0,1] d1_parsp_2
s: 151
i: [1,152,0,36,10,0,0,1] d1_parsp_2
s: 152
i: [1,157,0,36,10,0,0,1] d1_parsp_2
s: 157
i: [1,158,0,36,10,0,0,1] d1_parsp_2
s: 158
i: [1,159,0,36,10,0,0,1] d1_parsp_2
s: 159
i: [1,160,0,36,10,0,0,1] d1_parsp_2
s: 160
i: [1,165,0,36,10,0,0,1] d1_parsp_2
s: 165
i: [1,166,0,36,10,0,0,1] d1_parsp_2
s: 166
i: [1,167,0,36,10,0,0,1] d1_parsp_2
s: 167
i: [1,168,0,36,10,0,0,1] d1_parsp_2
s: 168
i: [1,173,0,36,10,0,0,1] d1_parsp_2
s: 173
i: [1,174,0,36,10,0,0,1] d1_parsp_2
s: 174
i: [1,175,0,36,10,0,0,1] d1_parsp_2
s: 175
i: [1,176,0,36,10,0,0,1] d1_parsp_2
s: 176
i: [1,181,0,36,10,0,0,1] d1_parsp_2
s: 181
i: [1,182,0,36,10,0,0,1] d1_parsp_2
s: 182
i: [1,183,0,36,10,0,0,1] d1_parsp_2
s: 183
i: [1,184,0,36,10,0,0,1] d1_parsp_2
s: 184
i: [1,145,0,41,10,0,0,1] d1_parsp_2
s: 145
i: [1,146,0,41,10,0,0,1] d1_parsp_2
s: 146
i: [1,147,0,41,10,0,0,1] d1_parsp_2
s: 147
i: [1,148,0,41,10,0,0,1] d1_parsp_2
s: 148
i: [1,153,0,41,10,0,0,1] d1_parsp_2
s: 153
i: [1,154,0,41,10,0,0,1] d1_parsp_2
s: 154
i: [1,155,0,41,10,0,0,1] d1_parsp_2
s: 155
i: [1,156,0,41,10,0,0,1] d1_parsp_2
s: 156
i: [1,161,0,41,10,0,0,1] d1_parsp_2
s: 161
i: [1,162,0,41,10,0,0,1] d1_parsp_2
s: 162
i: [1,163,0,41,10,0,0,1] d1_parsp_2
s: 163
i: [1,164,0,41,10,0,0,1] d1_parsp_2
s: 164
i: [1,169,0,41,10,0,0,1] d1_parsp_2
s: 169
i: [1,170,0,41,10,0,0,1] d1_parsp_2
s: 170
i: [1,171,0,41,10,0,0,1] d1_parsp_2
s: 171
i: [1,172,0,41,10,0,0,1] d1_parsp_2
s: 172
i: [1,177,0,41,10,0,0,1] d1_parsp_2
s: 177
i: [1,178,0,41,10,0,0,1] d1_parsp_2
s: 178
i: [1,179,0,41,10,0,0,1] d1_parsp_2
s: 179
i: [1,180,0,41,10,0,0,1] d1_parsp_2
s: 180
i: [1,185,0,41,10,0,0,1] d1_parsp_2
s: 185
i: [1,186,0,41,10,0,0,1] d1_parsp_2
s: 186
i: [1,187,0,41,10,0,0,1] d1_parsp_2
s: 187
i: [1,188,0,41,10,0,0,1] d1_parsp_2
s: 188
i: [1,189,0,41,10,0,0,1] d1_parsp_2
s: 189
i: [1,190,0,41,10,0,0,1] d1_parsp_2
s: 190
i: [1,191,0,41,10,0,0,1] d1_parsp_2
s: 191
i: [1,192,0,41,10,0,0,1] d1_parsp_2
s: 192
i: [1,197,0,41,10,0,0,1] d1_parsp_2
s: 197
i: [1,198,0,41,10,0,0,1] d1_parsp_2
s: 198
i: [1,199,0,41,10,0,0,1] d1_parsp_2
s: 199
i: [1,200,0,41,10,0,0,1] d1_parsp_2
s: 200
i: [1,205,0,41,10,0,0,1] d1_parsp_2
s: 205
i: [1,206,0,41,10,0,0,1] d1_parsp_2
s: 206
i: [1,207,0,41,10,0,0,1] d1_parsp_2
s: 207
i: [1,208,0,41,10,0,0,1] d1_parsp_2
s: 208
i: [1,213,0,41,10,0,0,1] d1_parsp_2
s: 213
i: [1,214,0,41,10,0,0,1] d1_parsp_2
s: 214
i: [1,215,0,41,10,0,0,1] d1_parsp_2
s: 215
i: [1,216,0,41,10,0,0,1] d1_parsp_2
s: 216
i: [1,221,0,41,10,0,0,1] d1_parsp_2
s: 221
i: [1,222,0,41,10,0,0,1] d1_parsp_2
s: 222
i: [1,223,0,41,10,0,0,1] d1_parsp_2
s: 223
i: [1,224,0,41,10,0,0,1] d1_parsp_2
s: 224
i: [1,229,0,41,10,0,0,1] d1_parsp_2
s: 229
i: [1,230,0,41,10,0,0,1] d1_parsp_2
s: 230
i: [1,231,0,41,10,0,0,1] d1_parsp_2
s: 231
i: [1,232,0,41,10,0,0,1] d1_parsp_2
s: 232
i: [1,237,0,41,10,0,0,1] d1_parsp_2
s: 237
i: [1,238,0,41,10,0,0,1] d1_parsp_2
s: 238
i: [1,239,0,41,10,0,0,1] d1_parsp_2
s: 239
i: [1,240,0,41,10,0,0,1] d1_parsp_2
s: 240
i: [1,193,0,46,10,0,0,1] d1_parsp_2
s: 193
i: [1,194,0,46,10,0,0,1] d1_parsp_2
s: 194
i: [1,195,0,46,10,0,0,1] d1_parsp_2
s: 195
i: [1,196,0,46,10,0,0,1] d1_parsp_2
s: 196
i: [1,201,0,46,10,0,0,1] d1_parsp_2
s: 201
i: [1,202,0,46,10,0,0,1] d1_parsp_2
s: 202
i: [1,203,0,46,10,0,0,1] d1_parsp_2
s: 203
i: [1,204,0,46,10,0,0,1] d1_parsp_2
s: 204
r: 360
a: [3,364,2,2,1,347]
s: 364
i: [1,209,0,46,10,0,0,1] d1_parsp_2
s: 209
i: [1,210,0,46,10,0,0,1] d1_parsp_2
s: 210
d: [2,369,2,4,2,1,40,121,338]
a: [3,379,2,2,1,369]
s: 379
i: [1,211,0,46,10,0,0,1] d1_parsp_2
s: 211
i: [1,212,0,46,10,0,0,1] d1_parsp_2
s: 212
i: [1,217,0,46,10,0,0,1] d1_parsp_2
s: 217
i: [1,218,0,46,10,0,0,1] d1_parsp_2
s: 218
i: [1,219,0,46,10,0,0,1] d1_parsp_2
s: 219
i: [1,220,0,46,10,0,0,1] d1_parsp_2
s: 220
i: [1,225,0,46,10,0,0,1] d1_parsp_2
s: 225
i: [1,226,0,46,10,0,0,1] d1_parsp_2
s: 226
i: [1,227,0,46,10,0,0,1] d1_parsp_2
s: 227
i: [1,228,0,46,10,0,0,1] d1_parsp_2
s: 228
i: [1,233,0,46,10,0,0,1] d1_parsp_2
s: 233
i: [1,234,0,46,10,0,0,1] d1_parsp_2
s: 234
i: [1,235,0,46,10,0,0,1] d1_parsp_2
s: 235
i: [1,236,0,46,10,0,0,1] d1_parsp_2
s: 236
i: [1,241,0,46,10,0,0,1] d1_parsp_2
s: 241
i: [1,242,0,46,10,0,0,1] d1_parsp_2
s: 242
i: [1,243,0,46,10,0,0,1] d1_parsp_2
s: 243
i: [1,244,0,46,10,0,0,1] d1_parsp_2
s: 244
i: [1,139,0,48,12,0,0,1] d1_parsp_2
s: 139
d: [2,1738,1,46,12,0,40,139,116]
d: [2,1879,1,38,10,0,18,1738]
d: [2,1880,1,34,9,1,21,1879,265]
d: [2,1881,1,30,8,2,21,1880,270]
d: [2,1882,1,28,7,3,21,1881,280]
d: [2,1883,1,26,6,4,21,1882,275]
d: [2,1884,1,24,5,5,21,1883,285]
d: [2,1885,1,22,4,6,21,1884,290]
d: [2,1886,1,16,3,6,21,1885,116]
a: [3,1890,1,6,1,1886]
s: 1890
r: 1890
i: [1,245,0,53,13,0,0,1] t38_parsp_1
s: 245
a: [3,1889,1,6,1,1886]
s: 1889
i: [1,140,0,74,17,0,0,1] d1_parsp_2
s: 140
a: [3,1893,1,10,2,1886]
s: 1893
d: [2,1909,1,51,13,0,40,245,116]
d: [2,1958,1,47,12,0,18,1909]
d: [2,1959,1,44,11,1,21,1958,260]
d: [2,1960,1,40,10,2,21,1959,265]
d: [2,1961,1,36,9,3,21,1960,270]
d: [2,1962,1,34,8,4,21,1961,275]
d: [2,1963,1,32,7,5,21,1962,285]
d: [2,1964,1,30,6,6,21,1963,290]
d: [2,1965,1,24,5,6,21,1964,116]
d: [2,1966,1,18,4,6,21,1965,116]
s: 1966
d: [2,2157,2,0,0,7,52,270,270,265,1889,1966]
e: 2157
d: [2,2158,2,12,3,7,40,1966,1889]
d: [2,2193,2,8,2,7,18,2158]
d: [2,2195,2,4,1,7,21,2193,265]
d: [2,2196,2,0,0,7,21,2195,270]
e: 2196
r: 1889
s: 1890
d: [2,2189,2,23,7,6,40,1966,138]
d: [2,2203,2,21,6,7,21,2189,280]
d: [2,2204,2,19,5,7,21,2203,275]
d: [2,2205,2,17,4,7,21,2204,285]
d: [2,2206,2,15,3,7,21,2205,290]
a: [3,2210,2,5,1,2206]
s: 2210
d: [2,2245,3,0,0,5,52,290,285,275,280,2210,135]
e: 2245
d: [2,2246,3,8,4,1,40,2210,135]
d: [2,2248,3,6,3,2,21,2246,280]
d: [2,2249,3,4,2,3,21,2248,275]
d: [2,2250,3,2,1,4,21,2249,285]
d: [2,2251,3,0,0,5,21,2250,290]
e: 2251
r: 2210
a: [3,2209,2,5,1,2206]
s: 2209
a: [3,2214,2,5,1,2206]
s: 2214
d: [2,2253,3,0,0,5,52,290,285,275,280,2214,136]
e: 2253
d: [2,2254,3,8,4,1,40,2214,136]
d: [2,2256,3,6,3,2,21,2254,280]
d: [2,2257,3,4,2,3,21,2256,275]
d: [2,2258,3,2,1,4,21,2257,285]
d: [2,2259,3,0,0,5,21,2258,290]
e: 2259
r: 2214
a: [3,2213,2,5,1,2206]
s: 2213
a: [3,2218,2,5,1,2206]
s: 2218
d: [2,2261,3,0,0,5,52,290,285,275,280,2218,137]
e: 2261
d: [2,2262,3,8,4,1,40,2218,137]
d: [2,2264,3,6,3,2,21,2262,280]
d: [2,2265,3,4,2,3,21,2264,275]
d: [2,2266,3,2,1,4,21,2265,285]
d: [2,2267,3,0,0,5,21,2266,290]
e: 2267
f: 2267,2259,2251,2206,109,110,111,112,113,114,115
% Refutation found. Thanks to Tanya!
% SZS status Theorem for parsp_2__t9_parsp_2
% SZS output start Proof for parsp_2__t9_parsp_2
1. ! [X0] : ((l1_parsp_1(X0) & v1_parsp_2(X0) & v2_parsp_1(X0) & ~v2_struct_0(X0)) => ! [X1] : (m1_subset_1(X1,u1_struct_0(X0)) => ! [X2] : (m1_subset_1(X2,u1_struct_0(X0)) => ~(! [X3] : (m1_subset_1(X3,u1_struct_0(X0)) => r1_parsp_1(X0,X1,X2,X1,X3)) & X1 != X2)))) [input t9_parsp_2]
2. ~! [X0] : ((l1_parsp_1(X0) & v1_parsp_2(X0) & v2_parsp_1(X0) & ~v2_struct_0(X0)) => ! [X1] : (m1_subset_1(X1,u1_struct_0(X0)) => ! [X2] : (m1_subset_1(X2,u1_struct_0(X0)) => ~(! [X3] : (m1_subset_1(X3,u1_struct_0(X0)) => r1_parsp_1(X0,X1,X2,X1,X3)) & X1 != X2)))) [negated conjecture 1]
14. ! [X0] : ((l1_parsp_1(X0) & v2_parsp_1(X0) & ~v2_struct_0(X0)) => (v1_parsp_2(X0) <=> (! [X1] : (m1_subset_1(X1,u1_struct_0(X0)) => ! [X2] : (m1_subset_1(X2,u1_struct_0(X0)) => ! [X3] : (m1_subset_1(X3,u1_struct_0(X0)) => ! [X4] : (m1_subset_1(X4,u1_struct_0(X0)) => ! [X5] : (m1_subset_1(X5,u1_struct_0(X0)) => ! [X6] : (m1_subset_1(X6,u1_struct_0(X0)) => ((r1_parsp_1(X0,X1,X3,X4,X6) & r1_parsp_1(X0,X1,X2,X4,X5) & r1_parsp_1(X0,X1,X4,X3,X6) & r1_parsp_1(X0,X1,X4,X2,X5)) => (r1_parsp_1(X0,X2,X3,X5,X6) | r1_parsp_1(X0,X1,X4,X1,X3) | r1_parsp_1(X0,X1,X4,X1,X2))))))))) & ! [X1] : (m1_subset_1(X1,u1_struct_0(X0)) => ! [X2] : (m1_subset_1(X2,u1_struct_0(X0)) => ! [X3] : (m1_subset_1(X3,u1_struct_0(X0)) => ! [X4] : (m1_subset_1(X4,u1_struct_0(X0)) => ((r1_parsp_1(X0,X1,X3,X2,X4) & r1_parsp_1(X0,X1,X2,X3,X4) & r1_parsp_1(X0,X2,X3,X1,X4)) => r1_parsp_1(X0,X1,X2,X1,X3)))))) & ~! [X1] : (m1_subset_1(X1,u1_struct_0(X0)) => ! [X2] : (m1_subset_1(X2,u1_struct_0(X0)) => ! [X3] : (m1_subset_1(X3,u1_struct_0(X0)) => r1_parsp_1(X0,X1,X2,X1,X3))))))) [input d1_parsp_2]
33. ! [X0] : ((l1_parsp_1(X0) & v2_parsp_1(X0) & ~v2_struct_0(X0)) => ! [X1] : (m1_subset_1(X1,u1_struct_0(X0)) => ! [X2] : (m1_subset_1(X2,u1_struct_0(X0)) => ! [X3] : (m1_subset_1(X3,u1_struct_0(X0)) => ! [X4] : (m1_subset_1(X4,u1_struct_0(X0)) => ! [X5] : (m1_subset_1(X5,u1_struct_0(X0)) => ~(r1_parsp_1(X0,X4,X5,X4,X3) & r1_parsp_1(X0,X4,X5,X4,X2) & r1_parsp_1(X0,X4,X5,X4,X1) & X4 != X5 & ~r1_parsp_1(X0,X1,X2,X1,X3)))))))) [input t38_parsp_1]
34. ! [X0] : ((l1_parsp_1(X0) & v2_parsp_1(X0) & ~v2_struct_0(X0)) => (v1_parsp_2(X0) <=> (! [X1] : (m1_subset_1(X1,u1_struct_0(X0)) => ! [X2] : (m1_subset_1(X2,u1_struct_0(X0)) => ! [X3] : (m1_subset_1(X3,u1_struct_0(X0)) => ! [X4] : (m1_subset_1(X4,u1_struct_0(X0)) => ! [X5] : (m1_subset_1(X5,u1_struct_0(X0)) => ! [X6] : (m1_subset_1(X6,u1_struct_0(X0)) => ((r1_parsp_1(X0,X1,X3,X4,X6) & r1_parsp_1(X0,X1,X2,X4,X5) & r1_parsp_1(X0,X1,X4,X3,X6) & r1_parsp_1(X0,X1,X4,X2,X5)) => (r1_parsp_1(X0,X2,X3,X5,X6) | r1_parsp_1(X0,X1,X4,X1,X3) | r1_parsp_1(X0,X1,X4,X1,X2))))))))) & ! [X7] : (m1_subset_1(X7,u1_struct_0(X0)) => ! [X8] : (m1_subset_1(X8,u1_struct_0(X0)) => ! [X9] : (m1_subset_1(X9,u1_struct_0(X0)) => ! [X10] : (m1_subset_1(X10,u1_struct_0(X0)) => ((r1_parsp_1(X0,X7,X9,X8,X10) & r1_parsp_1(X0,X7,X8,X9,X10) & r1_parsp_1(X0,X8,X9,X7,X10)) => r1_parsp_1(X0,X7,X8,X7,X9)))))) & ~! [X11] : (m1_subset_1(X11,u1_struct_0(X0)) => ! [X12] : (m1_subset_1(X12,u1_struct_0(X0)) => ! [X13] : (m1_subset_1(X13,u1_struct_0(X0)) => r1_parsp_1(X0,X11,X12,X11,X13))))))) [rectify 14]
35. ? [X0] : (? [X1] : (? [X2] : ((! [X3] : (r1_parsp_1(X0,X1,X2,X1,X3) | ~m1_subset_1(X3,u1_struct_0(X0))) & X1 != X2) & m1_subset_1(X2,u1_struct_0(X0))) & m1_subset_1(X1,u1_struct_0(X0))) & (l1_parsp_1(X0) & v1_parsp_2(X0) & v2_parsp_1(X0) & ~v2_struct_0(X0))) [ennf transformation 2]
36. ? [X0] : (? [X1] : (? [X2] : (! [X3] : (r1_parsp_1(X0,X1,X2,X1,X3) | ~m1_subset_1(X3,u1_struct_0(X0))) & X1 != X2 & m1_subset_1(X2,u1_struct_0(X0))) & m1_subset_1(X1,u1_struct_0(X0))) & l1_parsp_1(X0) & v1_parsp_2(X0) & v2_parsp_1(X0) & ~v2_struct_0(X0)) [flattening 35]
64. ! [X0] : ((v1_parsp_2(X0) <=> (! [X1] : (! [X2] : (! [X3] : (! [X4] : (! [X5] : (! [X6] : (((r1_parsp_1(X0,X2,X3,X5,X6) | r1_parsp_1(X0,X1,X4,X1,X3) | r1_parsp_1(X0,X1,X4,X1,X2)) | (~r1_parsp_1(X0,X1,X3,X4,X6) | ~r1_parsp_1(X0,X1,X2,X4,X5) | ~r1_parsp_1(X0,X1,X4,X3,X6) | ~r1_parsp_1(X0,X1,X4,X2,X5))) | ~m1_subset_1(X6,u1_struct_0(X0))) | ~m1_subset_1(X5,u1_struct_0(X0))) | ~m1_subset_1(X4,u1_struct_0(X0))) | ~m1_subset_1(X3,u1_struct_0(X0))) | ~m1_subset_1(X2,u1_struct_0(X0))) | ~m1_subset_1(X1,u1_struct_0(X0))) & ! [X7] : (! [X8] : (! [X9] : (! [X10] : ((r1_parsp_1(X0,X7,X8,X7,X9) | (~r1_parsp_1(X0,X7,X9,X8,X10) | ~r1_parsp_1(X0,X7,X8,X9,X10) | ~r1_parsp_1(X0,X8,X9,X7,X10))) | ~m1_subset_1(X10,u1_struct_0(X0))) | ~m1_subset_1(X9,u1_struct_0(X0))) | ~m1_subset_1(X8,u1_struct_0(X0))) | ~m1_subset_1(X7,u1_struct_0(X0))) & ? [X11] : (? [X12] : (? [X13] : (~r1_parsp_1(X0,X11,X12,X11,X13) & m1_subset_1(X13,u1_struct_0(X0))) & m1_subset_1(X12,u1_struct_0(X0))) & m1_subset_1(X11,u1_struct_0(X0))))) | (~l1_parsp_1(X0) | ~v2_parsp_1(X0) | v2_struct_0(X0))) [ennf transformation 34]
65. ! [X0] : ((v1_parsp_2(X0) <=> (! [X1] : (! [X2] : (! [X3] : (! [X4] : (! [X5] : (! [X6] : (r1_parsp_1(X0,X2,X3,X5,X6) | r1_parsp_1(X0,X1,X4,X1,X3) | r1_parsp_1(X0,X1,X4,X1,X2) | ~r1_parsp_1(X0,X1,X3,X4,X6) | ~r1_parsp_1(X0,X1,X2,X4,X5) | ~r1_parsp_1(X0,X1,X4,X3,X6) | ~r1_parsp_1(X0,X1,X4,X2,X5) | ~m1_subset_1(X6,u1_struct_0(X0))) | ~m1_subset_1(X5,u1_struct_0(X0))) | ~m1_subset_1(X4,u1_struct_0(X0))) | ~m1_subset_1(X3,u1_struct_0(X0))) | ~m1_subset_1(X2,u1_struct_0(X0))) | ~m1_subset_1(X1,u1_struct_0(X0))) & ! [X7] : (! [X8] : (! [X9] : (! [X10] : (r1_parsp_1(X0,X7,X8,X7,X9) | ~r1_parsp_1(X0,X7,X9,X8,X10) | ~r1_parsp_1(X0,X7,X8,X9,X10) | ~r1_parsp_1(X0,X8,X9,X7,X10) | ~m1_subset_1(X10,u1_struct_0(X0))) | ~m1_subset_1(X9,u1_struct_0(X0))) | ~m1_subset_1(X8,u1_struct_0(X0))) | ~m1_subset_1(X7,u1_struct_0(X0))) & ? [X11] : (? [X12] : (? [X13] : (~r1_parsp_1(X0,X11,X12,X11,X13) & m1_subset_1(X13,u1_struct_0(X0))) & m1_subset_1(X12,u1_struct_0(X0))) & m1_subset_1(X11,u1_struct_0(X0))))) | ~l1_parsp_1(X0) | ~v2_parsp_1(X0) | v2_struct_0(X0)) [flattening 64]
66. ! [X0] : (! [X1] : (! [X2] : (! [X3] : (! [X4] : (! [X5] : ((~r1_parsp_1(X0,X4,X5,X4,X3) | ~r1_parsp_1(X0,X4,X5,X4,X2) | ~r1_parsp_1(X0,X4,X5,X4,X1) | X4 = X5 | r1_parsp_1(X0,X1,X2,X1,X3)) | ~m1_subset_1(X5,u1_struct_0(X0))) | ~m1_subset_1(X4,u1_struct_0(X0))) | ~m1_subset_1(X3,u1_struct_0(X0))) | ~m1_subset_1(X2,u1_struct_0(X0))) | ~m1_subset_1(X1,u1_struct_0(X0))) | (~l1_parsp_1(X0) | ~v2_parsp_1(X0) | v2_struct_0(X0))) [ennf transformation 33]
67. ! [X0] : (! [X1] : (! [X2] : (! [X3] : (! [X4] : (! [X5] : (~r1_parsp_1(X0,X4,X5,X4,X3) | ~r1_parsp_1(X0,X4,X5,X4,X2) | ~r1_parsp_1(X0,X4,X5,X4,X1) | X4 = X5 | r1_parsp_1(X0,X1,X2,X1,X3) | ~m1_subset_1(X5,u1_struct_0(X0))) | ~m1_subset_1(X4,u1_struct_0(X0))) | ~m1_subset_1(X3,u1_struct_0(X0))) | ~m1_subset_1(X2,u1_struct_0(X0))) | ~m1_subset_1(X1,u1_struct_0(X0))) | ~l1_parsp_1(X0) | ~v2_parsp_1(X0) | v2_struct_0(X0)) [flattening 66]
76. ? [X0] : (? [X1] : (? [X2] : (! [X3] : (r1_parsp_1(X0,X1,X2,X1,X3) | ~m1_subset_1(X3,u1_struct_0(X0))) & X1 != X2 & m1_subset_1(X2,u1_struct_0(X0))) & m1_subset_1(X1,u1_struct_0(X0))) & l1_parsp_1(X0) & v1_parsp_2(X0) & v2_parsp_1(X0) & ~v2_struct_0(X0)) => (? [X1] : (? [X2] : (! [X3] : (r1_parsp_1(sK0,X1,X2,X1,X3) | ~m1_subset_1(X3,u1_struct_0(sK0))) & X1 != X2 & m1_subset_1(X2,u1_struct_0(sK0))) & m1_subset_1(X1,u1_struct_0(sK0))) & l1_parsp_1(sK0) & v1_parsp_2(sK0) & v2_parsp_1(sK0) & ~v2_struct_0(sK0)) [choice axiom]
77. ? [X1] : (? [X2] : (! [X3] : (r1_parsp_1(sK0,X1,X2,X1,X3) | ~m1_subset_1(X3,u1_struct_0(sK0))) & X1 != X2 & m1_subset_1(X2,u1_struct_0(sK0))) & m1_subset_1(X1,u1_struct_0(sK0))) => (? [X2] : (! [X3] : (r1_parsp_1(sK0,sK1,X2,sK1,X3) | ~m1_subset_1(X3,u1_struct_0(sK0))) & sK1 != X2 & m1_subset_1(X2,u1_struct_0(sK0))) & m1_subset_1(sK1,u1_struct_0(sK0))) [choice axiom]
78. ? [X2] : (! [X3] : (r1_parsp_1(sK0,sK1,X2,sK1,X3) | ~m1_subset_1(X3,u1_struct_0(sK0))) & sK1 != X2 & m1_subset_1(X2,u1_struct_0(sK0))) => (! [X3] : (r1_parsp_1(sK0,sK1,sK2,sK1,X3) | ~m1_subset_1(X3,u1_struct_0(sK0))) & sK1 != sK2 & m1_subset_1(sK2,u1_struct_0(sK0))) [choice axiom]
79. ((! [X3] : (r1_parsp_1(sK0,sK1,sK2,sK1,X3) | ~m1_subset_1(X3,u1_struct_0(sK0))) & sK1 != sK2 & m1_subset_1(sK2,u1_struct_0(sK0))) & m1_subset_1(sK1,u1_struct_0(sK0))) & l1_parsp_1(sK0) & v1_parsp_2(sK0) & v2_parsp_1(sK0) & ~v2_struct_0(sK0) [skolemisation 36,78,77,76]
80. ! [X0] : (((v1_parsp_2(X0) | (? [X1] : (? [X2] : (? [X3] : (? [X4] : (? [X5] : (? [X6] : (~r1_parsp_1(X0,X2,X3,X5,X6) & ~r1_parsp_1(X0,X1,X4,X1,X3) & ~r1_parsp_1(X0,X1,X4,X1,X2) & r1_parsp_1(X0,X1,X3,X4,X6) & r1_parsp_1(X0,X1,X2,X4,X5) & r1_parsp_1(X0,X1,X4,X3,X6) & r1_parsp_1(X0,X1,X4,X2,X5) & m1_subset_1(X6,u1_struct_0(X0))) & m1_subset_1(X5,u1_struct_0(X0))) & m1_subset_1(X4,u1_struct_0(X0))) & m1_subset_1(X3,u1_struct_0(X0))) & m1_subset_1(X2,u1_struct_0(X0))) & m1_subset_1(X1,u1_struct_0(X0))) | ? [X7] : (? [X8] : (? [X9] : (? [X10] : (~r1_parsp_1(X0,X7,X8,X7,X9) & r1_parsp_1(X0,X7,X9,X8,X10) & r1_parsp_1(X0,X7,X8,X9,X10) & r1_parsp_1(X0,X8,X9,X7,X10) & m1_subset_1(X10,u1_struct_0(X0))) & m1_subset_1(X9,u1_struct_0(X0))) & m1_subset_1(X8,u1_struct_0(X0))) & m1_subset_1(X7,u1_struct_0(X0))) | ! [X11] : (! [X12] : (! [X13] : (r1_parsp_1(X0,X11,X12,X11,X13) | ~m1_subset_1(X13,u1_struct_0(X0))) | ~m1_subset_1(X12,u1_struct_0(X0))) | ~m1_subset_1(X11,u1_struct_0(X0))))) & ((! [X1] : (! [X2] : (! [X3] : (! [X4] : (! [X5] : (! [X6] : (r1_parsp_1(X0,X2,X3,X5,X6) | r1_parsp_1(X0,X1,X4,X1,X3) | r1_parsp_1(X0,X1,X4,X1,X2) | ~r1_parsp_1(X0,X1,X3,X4,X6) | ~r1_parsp_1(X0,X1,X2,X4,X5) | ~r1_parsp_1(X0,X1,X4,X3,X6) | ~r1_parsp_1(X0,X1,X4,X2,X5) | ~m1_subset_1(X6,u1_struct_0(X0))) | ~m1_subset_1(X5,u1_struct_0(X0))) | ~m1_subset_1(X4,u1_struct_0(X0))) | ~m1_subset_1(X3,u1_struct_0(X0))) | ~m1_subset_1(X2,u1_struct_0(X0))) | ~m1_subset_1(X1,u1_struct_0(X0))) & ! [X7] : (! [X8] : (! [X9] : (! [X10] : (r1_parsp_1(X0,X7,X8,X7,X9) | ~r1_parsp_1(X0,X7,X9,X8,X10) | ~r1_parsp_1(X0,X7,X8,X9,X10) | ~r1_parsp_1(X0,X8,X9,X7,X10) | ~m1_subset_1(X10,u1_struct_0(X0))) | ~m1_subset_1(X9,u1_struct_0(X0))) | ~m1_subset_1(X8,u1_struct_0(X0))) | ~m1_subset_1(X7,u1_struct_0(X0))) & ? [X11] : (? [X12] : (? [X13] : (~r1_parsp_1(X0,X11,X12,X11,X13) & m1_subset_1(X13,u1_struct_0(X0))) & m1_subset_1(X12,u1_struct_0(X0))) & m1_subset_1(X11,u1_struct_0(X0)))) | ~v1_parsp_2(X0))) | ~l1_parsp_1(X0) | ~v2_parsp_1(X0) | v2_struct_0(X0)) [nnf transformation 65]
81. ! [X0] : (((v1_parsp_2(X0) | ? [X1] : (? [X2] : (? [X3] : (? [X4] : (? [X5] : (? [X6] : (~r1_parsp_1(X0,X2,X3,X5,X6) & ~r1_parsp_1(X0,X1,X4,X1,X3) & ~r1_parsp_1(X0,X1,X4,X1,X2) & r1_parsp_1(X0,X1,X3,X4,X6) & r1_parsp_1(X0,X1,X2,X4,X5) & r1_parsp_1(X0,X1,X4,X3,X6) & r1_parsp_1(X0,X1,X4,X2,X5) & m1_subset_1(X6,u1_struct_0(X0))) & m1_subset_1(X5,u1_struct_0(X0))) & m1_subset_1(X4,u1_struct_0(X0))) & m1_subset_1(X3,u1_struct_0(X0))) & m1_subset_1(X2,u1_struct_0(X0))) & m1_subset_1(X1,u1_struct_0(X0))) | ? [X7] : (? [X8] : (? [X9] : (? [X10] : (~r1_parsp_1(X0,X7,X8,X7,X9) & r1_parsp_1(X0,X7,X9,X8,X10) & r1_parsp_1(X0,X7,X8,X9,X10) & r1_parsp_1(X0,X8,X9,X7,X10) & m1_subset_1(X10,u1_struct_0(X0))) & m1_subset_1(X9,u1_struct_0(X0))) & m1_subset_1(X8,u1_struct_0(X0))) & m1_subset_1(X7,u1_struct_0(X0))) | ! [X11] : (! [X12] : (! [X13] : (r1_parsp_1(X0,X11,X12,X11,X13) | ~m1_subset_1(X13,u1_struct_0(X0))) | ~m1_subset_1(X12,u1_struct_0(X0))) | ~m1_subset_1(X11,u1_struct_0(X0)))) & ((! [X1] : (! [X2] : (! [X3] : (! [X4] : (! [X5] : (! [X6] : (r1_parsp_1(X0,X2,X3,X5,X6) | r1_parsp_1(X0,X1,X4,X1,X3) | r1_parsp_1(X0,X1,X4,X1,X2) | ~r1_parsp_1(X0,X1,X3,X4,X6) | ~r1_parsp_1(X0,X1,X2,X4,X5) | ~r1_parsp_1(X0,X1,X4,X3,X6) | ~r1_parsp_1(X0,X1,X4,X2,X5) | ~m1_subset_1(X6,u1_struct_0(X0))) | ~m1_subset_1(X5,u1_struct_0(X0))) | ~m1_subset_1(X4,u1_struct_0(X0))) | ~m1_subset_1(X3,u1_struct_0(X0))) | ~m1_subset_1(X2,u1_struct_0(X0))) | ~m1_subset_1(X1,u1_struct_0(X0))) & ! [X7] : (! [X8] : (! [X9] : (! [X10] : (r1_parsp_1(X0,X7,X8,X7,X9) | ~r1_parsp_1(X0,X7,X9,X8,X10) | ~r1_parsp_1(X0,X7,X8,X9,X10) | ~r1_parsp_1(X0,X8,X9,X7,X10) | ~m1_subset_1(X10,u1_struct_0(X0))) | ~m1_subset_1(X9,u1_struct_0(X0))) | ~m1_subset_1(X8,u1_struct_0(X0))) | ~m1_subset_1(X7,u1_struct_0(X0))) & ? [X11] : (? [X12] : (? [X13] : (~r1_parsp_1(X0,X11,X12,X11,X13) & m1_subset_1(X13,u1_struct_0(X0))) & m1_subset_1(X12,u1_struct_0(X0))) & m1_subset_1(X11,u1_struct_0(X0)))) | ~v1_parsp_2(X0))) | ~l1_parsp_1(X0) | ~v2_parsp_1(X0) | v2_struct_0(X0)) [flattening 80]
82. ! [X0] : (((v1_parsp_2(X0) | ? [X1] : (? [X2] : (? [X3] : (? [X4] : (? [X5] : (? [X6] : (~r1_parsp_1(X0,X2,X3,X5,X6) & ~r1_parsp_1(X0,X1,X4,X1,X3) & ~r1_parsp_1(X0,X1,X4,X1,X2) & r1_parsp_1(X0,X1,X3,X4,X6) & r1_parsp_1(X0,X1,X2,X4,X5) & r1_parsp_1(X0,X1,X4,X3,X6) & r1_parsp_1(X0,X1,X4,X2,X5) & m1_subset_1(X6,u1_struct_0(X0))) & m1_subset_1(X5,u1_struct_0(X0))) & m1_subset_1(X4,u1_struct_0(X0))) & m1_subset_1(X3,u1_struct_0(X0))) & m1_subset_1(X2,u1_struct_0(X0))) & m1_subset_1(X1,u1_struct_0(X0))) | ? [X7] : (? [X8] : (? [X9] : (? [X10] : (~r1_parsp_1(X0,X7,X8,X7,X9) & r1_parsp_1(X0,X7,X9,X8,X10) & r1_parsp_1(X0,X7,X8,X9,X10) & r1_parsp_1(X0,X8,X9,X7,X10) & m1_subset_1(X10,u1_struct_0(X0))) & m1_subset_1(X9,u1_struct_0(X0))) & m1_subset_1(X8,u1_struct_0(X0))) & m1_subset_1(X7,u1_struct_0(X0))) | ! [X11] : (! [X12] : (! [X13] : (r1_parsp_1(X0,X11,X12,X11,X13) | ~m1_subset_1(X13,u1_struct_0(X0))) | ~m1_subset_1(X12,u1_struct_0(X0))) | ~m1_subset_1(X11,u1_struct_0(X0)))) & ((! [X14] : (! [X15] : (! [X16] : (! [X17] : (! [X18] : (! [X19] : (r1_parsp_1(X0,X15,X16,X18,X19) | r1_parsp_1(X0,X14,X17,X14,X16) | r1_parsp_1(X0,X14,X17,X14,X15) | ~r1_parsp_1(X0,X14,X16,X17,X19) | ~r1_parsp_1(X0,X14,X15,X17,X18) | ~r1_parsp_1(X0,X14,X17,X16,X19) | ~r1_parsp_1(X0,X14,X17,X15,X18) | ~m1_subset_1(X19,u1_struct_0(X0))) | ~m1_subset_1(X18,u1_struct_0(X0))) | ~m1_subset_1(X17,u1_struct_0(X0))) | ~m1_subset_1(X16,u1_struct_0(X0))) | ~m1_subset_1(X15,u1_struct_0(X0))) | ~m1_subset_1(X14,u1_struct_0(X0))) & ! [X20] : (! [X21] : (! [X22] : (! [X23] : (r1_parsp_1(X0,X20,X21,X20,X22) | ~r1_parsp_1(X0,X20,X22,X21,X23) | ~r1_parsp_1(X0,X20,X21,X22,X23) | ~r1_parsp_1(X0,X21,X22,X20,X23) | ~m1_subset_1(X23,u1_struct_0(X0))) | ~m1_subset_1(X22,u1_struct_0(X0))) | ~m1_subset_1(X21,u1_struct_0(X0))) | ~m1_subset_1(X20,u1_struct_0(X0))) & ? [X24] : (? [X25] : (? [X26] : (~r1_parsp_1(X0,X24,X25,X24,X26) & m1_subset_1(X26,u1_struct_0(X0))) & m1_subset_1(X25,u1_struct_0(X0))) & m1_subset_1(X24,u1_struct_0(X0)))) | ~v1_parsp_2(X0))) | ~l1_parsp_1(X0) | ~v2_parsp_1(X0) | v2_struct_0(X0)) [rectify 81]
83. ! [X0] : (? [X1] : (? [X2] : (? [X3] : (? [X4] : (? [X5] : (? [X6] : (~r1_parsp_1(X0,X2,X3,X5,X6) & ~r1_parsp_1(X0,X1,X4,X1,X3) & ~r1_parsp_1(X0,X1,X4,X1,X2) & r1_parsp_1(X0,X1,X3,X4,X6) & r1_parsp_1(X0,X1,X2,X4,X5) & r1_parsp_1(X0,X1,X4,X3,X6) & r1_parsp_1(X0,X1,X4,X2,X5) & m1_subset_1(X6,u1_struct_0(X0))) & m1_subset_1(X5,u1_struct_0(X0))) & m1_subset_1(X4,u1_struct_0(X0))) & m1_subset_1(X3,u1_struct_0(X0))) & m1_subset_1(X2,u1_struct_0(X0))) & m1_subset_1(X1,u1_struct_0(X0))) => (? [X2] : (? [X3] : (? [X4] : (? [X5] : (? [X6] : (~r1_parsp_1(X0,X2,X3,X5,X6) & ~r1_parsp_1(X0,sK3(X0),X4,sK3(X0),X3) & ~r1_parsp_1(X0,sK3(X0),X4,sK3(X0),X2) & r1_parsp_1(X0,sK3(X0),X3,X4,X6) & r1_parsp_1(X0,sK3(X0),X2,X4,X5) & r1_parsp_1(X0,sK3(X0),X4,X3,X6) & r1_parsp_1(X0,sK3(X0),X4,X2,X5) & m1_subset_1(X6,u1_struct_0(X0))) & m1_subset_1(X5,u1_struct_0(X0))) & m1_subset_1(X4,u1_struct_0(X0))) & m1_subset_1(X3,u1_struct_0(X0))) & m1_subset_1(X2,u1_struct_0(X0))) & m1_subset_1(sK3(X0),u1_struct_0(X0)))) [choice axiom]
84. ! [X0] : (? [X2] : (? [X3] : (? [X4] : (? [X5] : (? [X6] : (~r1_parsp_1(X0,X2,X3,X5,X6) & ~r1_parsp_1(X0,sK3(X0),X4,sK3(X0),X3) & ~r1_parsp_1(X0,sK3(X0),X4,sK3(X0),X2) & r1_parsp_1(X0,sK3(X0),X3,X4,X6) & r1_parsp_1(X0,sK3(X0),X2,X4,X5) & r1_parsp_1(X0,sK3(X0),X4,X3,X6) & r1_parsp_1(X0,sK3(X0),X4,X2,X5) & m1_subset_1(X6,u1_struct_0(X0))) & m1_subset_1(X5,u1_struct_0(X0))) & m1_subset_1(X4,u1_struct_0(X0))) & m1_subset_1(X3,u1_struct_0(X0))) & m1_subset_1(X2,u1_struct_0(X0))) => (? [X3] : (? [X4] : (? [X5] : (? [X6] : (~r1_parsp_1(X0,sK4(X0),X3,X5,X6) & ~r1_parsp_1(X0,sK3(X0),X4,sK3(X0),X3) & ~r1_parsp_1(X0,sK3(X0),X4,sK3(X0),sK4(X0)) & r1_parsp_1(X0,sK3(X0),X3,X4,X6) & r1_parsp_1(X0,sK3(X0),sK4(X0),X4,X5) & r1_parsp_1(X0,sK3(X0),X4,X3,X6) & r1_parsp_1(X0,sK3(X0),X4,sK4(X0),X5) & m1_subset_1(X6,u1_struct_0(X0))) & m1_subset_1(X5,u1_struct_0(X0))) & m1_subset_1(X4,u1_struct_0(X0))) & m1_subset_1(X3,u1_struct_0(X0))) & m1_subset_1(sK4(X0),u1_struct_0(X0)))) [choice axiom]
85. ! [X0] : (? [X3] : (? [X4] : (? [X5] : (? [X6] : (~r1_parsp_1(X0,sK4(X0),X3,X5,X6) & ~r1_parsp_1(X0,sK3(X0),X4,sK3(X0),X3) & ~r1_parsp_1(X0,sK3(X0),X4,sK3(X0),sK4(X0)) & r1_parsp_1(X0,sK3(X0),X3,X4,X6) & r1_parsp_1(X0,sK3(X0),sK4(X0),X4,X5) & r1_parsp_1(X0,sK3(X0),X4,X3,X6) & r1_parsp_1(X0,sK3(X0),X4,sK4(X0),X5) & m1_subset_1(X6,u1_struct_0(X0))) & m1_subset_1(X5,u1_struct_0(X0))) & m1_subset_1(X4,u1_struct_0(X0))) & m1_subset_1(X3,u1_struct_0(X0))) => (? [X4] : (? [X5] : (? [X6] : (~r1_parsp_1(X0,sK4(X0),sK5(X0),X5,X6) & ~r1_parsp_1(X0,sK3(X0),X4,sK3(X0),sK5(X0)) & ~r1_parsp_1(X0,sK3(X0),X4,sK3(X0),sK4(X0)) & r1_parsp_1(X0,sK3(X0),sK5(X0),X4,X6) & r1_parsp_1(X0,sK3(X0),sK4(X0),X4,X5) & r1_parsp_1(X0,sK3(X0),X4,sK5(X0),X6) & r1_parsp_1(X0,sK3(X0),X4,sK4(X0),X5) & m1_subset_1(X6,u1_struct_0(X0))) & m1_subset_1(X5,u1_struct_0(X0))) & m1_subset_1(X4,u1_struct_0(X0))) & m1_subset_1(sK5(X0),u1_struct_0(X0)))) [choice axiom]
86. ! [X0] : (? [X4] : (? [X5] : (? [X6] : (~r1_parsp_1(X0,sK4(X0),sK5(X0),X5,X6) & ~r1_parsp_1(X0,sK3(X0),X4,sK3(X0),sK5(X0)) & ~r1_parsp_1(X0,sK3(X0),X4,sK3(X0),sK4(X0)) & r1_parsp_1(X0,sK3(X0),sK5(X0),X4,X6) & r1_parsp_1(X0,sK3(X0),sK4(X0),X4,X5) & r1_parsp_1(X0,sK3(X0),X4,sK5(X0),X6) & r1_parsp_1(X0,sK3(X0),X4,sK4(X0),X5) & m1_subset_1(X6,u1_struct_0(X0))) & m1_subset_1(X5,u1_struct_0(X0))) & m1_subset_1(X4,u1_struct_0(X0))) => (? [X5] : (? [X6] : (~r1_parsp_1(X0,sK4(X0),sK5(X0),X5,X6) & ~r1_parsp_1(X0,sK3(X0),sK6(X0),sK3(X0),sK5(X0)) & ~r1_parsp_1(X0,sK3(X0),sK6(X0),sK3(X0),sK4(X0)) & r1_parsp_1(X0,sK3(X0),sK5(X0),sK6(X0),X6) & r1_parsp_1(X0,sK3(X0),sK4(X0),sK6(X0),X5) & r1_parsp_1(X0,sK3(X0),sK6(X0),sK5(X0),X6) & r1_parsp_1(X0,sK3(X0),sK6(X0),sK4(X0),X5) & m1_subset_1(X6,u1_struct_0(X0))) & m1_subset_1(X5,u1_struct_0(X0))) & m1_subset_1(sK6(X0),u1_struct_0(X0)))) [choice axiom]
87. ! [X0] : (? [X5] : (? [X6] : (~r1_parsp_1(X0,sK4(X0),sK5(X0),X5,X6) & ~r1_parsp_1(X0,sK3(X0),sK6(X0),sK3(X0),sK5(X0)) & ~r1_parsp_1(X0,sK3(X0),sK6(X0),sK3(X0),sK4(X0)) & r1_parsp_1(X0,sK3(X0),sK5(X0),sK6(X0),X6) & r1_parsp_1(X0,sK3(X0),sK4(X0),sK6(X0),X5) & r1_parsp_1(X0,sK3(X0),sK6(X0),sK5(X0),X6) & r1_parsp_1(X0,sK3(X0),sK6(X0),sK4(X0),X5) & m1_subset_1(X6,u1_struct_0(X0))) & m1_subset_1(X5,u1_struct_0(X0))) => (? [X6] : (~r1_parsp_1(X0,sK4(X0),sK5(X0),sK7(X0),X6) & ~r1_parsp_1(X0,sK3(X0),sK6(X0),sK3(X0),sK5(X0)) & ~r1_parsp_1(X0,sK3(X0),sK6(X0),sK3(X0),sK4(X0)) & r1_parsp_1(X0,sK3(X0),sK5(X0),sK6(X0),X6) & r1_parsp_1(X0,sK3(X0),sK4(X0),sK6(X0),sK7(X0)) & r1_parsp_1(X0,sK3(X0),sK6(X0),sK5(X0),X6) & r1_parsp_1(X0,sK3(X0),sK6(X0),sK4(X0),sK7(X0)) & m1_subset_1(X6,u1_struct_0(X0))) & m1_subset_1(sK7(X0),u1_struct_0(X0)))) [choice axiom]
88. ! [X0] : (? [X6] : (~r1_parsp_1(X0,sK4(X0),sK5(X0),sK7(X0),X6) & ~r1_parsp_1(X0,sK3(X0),sK6(X0),sK3(X0),sK5(X0)) & ~r1_parsp_1(X0,sK3(X0),sK6(X0),sK3(X0),sK4(X0)) & r1_parsp_1(X0,sK3(X0),sK5(X0),sK6(X0),X6) & r1_parsp_1(X0,sK3(X0),sK4(X0),sK6(X0),sK7(X0)) & r1_parsp_1(X0,sK3(X0),sK6(X0),sK5(X0),X6) & r1_parsp_1(X0,sK3(X0),sK6(X0),sK4(X0),sK7(X0)) & m1_subset_1(X6,u1_struct_0(X0))) => (~r1_parsp_1(X0,sK4(X0),sK5(X0),sK7(X0),sK8(X0)) & ~r1_parsp_1(X0,sK3(X0),sK6(X0),sK3(X0),sK5(X0)) & ~r1_parsp_1(X0,sK3(X0),sK6(X0),sK3(X0),sK4(X0)) & r1_parsp_1(X0,sK3(X0),sK5(X0),sK6(X0),sK8(X0)) & r1_parsp_1(X0,sK3(X0),sK4(X0),sK6(X0),sK7(X0)) & r1_parsp_1(X0,sK3(X0),sK6(X0),sK5(X0),sK8(X0)) & r1_parsp_1(X0,sK3(X0),sK6(X0),sK4(X0),sK7(X0)) & m1_subset_1(sK8(X0),u1_struct_0(X0)))) [choice axiom]
89. ! [X0] : (? [X7] : (? [X8] : (? [X9] : (? [X10] : (~r1_parsp_1(X0,X7,X8,X7,X9) & r1_parsp_1(X0,X7,X9,X8,X10) & r1_parsp_1(X0,X7,X8,X9,X10) & r1_parsp_1(X0,X8,X9,X7,X10) & m1_subset_1(X10,u1_struct_0(X0))) & m1_subset_1(X9,u1_struct_0(X0))) & m1_subset_1(X8,u1_struct_0(X0))) & m1_subset_1(X7,u1_struct_0(X0))) => (? [X8] : (? [X9] : (? [X10] : (~r1_parsp_1(X0,sK9(X0),X8,sK9(X0),X9) & r1_parsp_1(X0,sK9(X0),X9,X8,X10) & r1_parsp_1(X0,sK9(X0),X8,X9,X10) & r1_parsp_1(X0,X8,X9,sK9(X0),X10) & m1_subset_1(X10,u1_struct_0(X0))) & m1_subset_1(X9,u1_struct_0(X0))) & m1_subset_1(X8,u1_struct_0(X0))) & m1_subset_1(sK9(X0),u1_struct_0(X0)))) [choice axiom]
90. ! [X0] : (? [X8] : (? [X9] : (? [X10] : (~r1_parsp_1(X0,sK9(X0),X8,sK9(X0),X9) & r1_parsp_1(X0,sK9(X0),X9,X8,X10) & r1_parsp_1(X0,sK9(X0),X8,X9,X10) & r1_parsp_1(X0,X8,X9,sK9(X0),X10) & m1_subset_1(X10,u1_struct_0(X0))) & m1_subset_1(X9,u1_struct_0(X0))) & m1_subset_1(X8,u1_struct_0(X0))) => (? [X9] : (? [X10] : (~r1_parsp_1(X0,sK9(X0),sK10(X0),sK9(X0),X9) & r1_parsp_1(X0,sK9(X0),X9,sK10(X0),X10) & r1_parsp_1(X0,sK9(X0),sK10(X0),X9,X10) & r1_parsp_1(X0,sK10(X0),X9,sK9(X0),X10) & m1_subset_1(X10,u1_struct_0(X0))) & m1_subset_1(X9,u1_struct_0(X0))) & m1_subset_1(sK10(X0),u1_struct_0(X0)))) [choice axiom]
91. ! [X0] : (? [X9] : (? [X10] : (~r1_parsp_1(X0,sK9(X0),sK10(X0),sK9(X0),X9) & r1_parsp_1(X0,sK9(X0),X9,sK10(X0),X10) & r1_parsp_1(X0,sK9(X0),sK10(X0),X9,X10) & r1_parsp_1(X0,sK10(X0),X9,sK9(X0),X10) & m1_subset_1(X10,u1_struct_0(X0))) & m1_subset_1(X9,u1_struct_0(X0))) => (? [X10] : (~r1_parsp_1(X0,sK9(X0),sK10(X0),sK9(X0),sK11(X0)) & r1_parsp_1(X0,sK9(X0),sK11(X0),sK10(X0),X10) & r1_parsp_1(X0,sK9(X0),sK10(X0),sK11(X0),X10) & r1_parsp_1(X0,sK10(X0),sK11(X0),sK9(X0),X10) & m1_subset_1(X10,u1_struct_0(X0))) & m1_subset_1(sK11(X0),u1_struct_0(X0)))) [choice axiom]
92. ! [X0] : (? [X10] : (~r1_parsp_1(X0,sK9(X0),sK10(X0),sK9(X0),sK11(X0)) & r1_parsp_1(X0,sK9(X0),sK11(X0),sK10(X0),X10) & r1_parsp_1(X0,sK9(X0),sK10(X0),sK11(X0),X10) & r1_parsp_1(X0,sK10(X0),sK11(X0),sK9(X0),X10) & m1_subset_1(X10,u1_struct_0(X0))) => (~r1_parsp_1(X0,sK9(X0),sK10(X0),sK9(X0),sK11(X0)) & r1_parsp_1(X0,sK9(X0),sK11(X0),sK10(X0),sK12(X0)) & r1_parsp_1(X0,sK9(X0),sK10(X0),sK11(X0),sK12(X0)) & r1_parsp_1(X0,sK10(X0),sK11(X0),sK9(X0),sK12(X0)) & m1_subset_1(sK12(X0),u1_struct_0(X0)))) [choice axiom]
93. ! [X0] : (? [X24] : (? [X25] : (? [X26] : (~r1_parsp_1(X0,X24,X25,X24,X26) & m1_subset_1(X26,u1_struct_0(X0))) & m1_subset_1(X25,u1_struct_0(X0))) & m1_subset_1(X24,u1_struct_0(X0))) => (? [X25] : (? [X26] : (~r1_parsp_1(X0,sK13(X0),X25,sK13(X0),X26) & m1_subset_1(X26,u1_struct_0(X0))) & m1_subset_1(X25,u1_struct_0(X0))) & m1_subset_1(sK13(X0),u1_struct_0(X0)))) [choice axiom]
94. ! [X0] : (? [X25] : (? [X26] : (~r1_parsp_1(X0,sK13(X0),X25,sK13(X0),X26) & m1_subset_1(X26,u1_struct_0(X0))) & m1_subset_1(X25,u1_struct_0(X0))) => (? [X26] : (~r1_parsp_1(X0,sK13(X0),sK14(X0),sK13(X0),X26) & m1_subset_1(X26,u1_struct_0(X0))) & m1_subset_1(sK14(X0),u1_struct_0(X0)))) [choice axiom]
95. ! [X0] : (? [X26] : (~r1_parsp_1(X0,sK13(X0),sK14(X0),sK13(X0),X26) & m1_subset_1(X26,u1_struct_0(X0))) => (~r1_parsp_1(X0,sK13(X0),sK14(X0),sK13(X0),sK15(X0)) & m1_subset_1(sK15(X0),u1_struct_0(X0)))) [choice axiom]
96. ! [X0] : (((v1_parsp_2(X0) | ((((((~r1_parsp_1(X0,sK4(X0),sK5(X0),sK7(X0),sK8(X0)) & ~r1_parsp_1(X0,sK3(X0),sK6(X0),sK3(X0),sK5(X0)) & ~r1_parsp_1(X0,sK3(X0),sK6(X0),sK3(X0),sK4(X0)) & r1_parsp_1(X0,sK3(X0),sK5(X0),sK6(X0),sK8(X0)) & r1_parsp_1(X0,sK3(X0),sK4(X0),sK6(X0),sK7(X0)) & r1_parsp_1(X0,sK3(X0),sK6(X0),sK5(X0),sK8(X0)) & r1_parsp_1(X0,sK3(X0),sK6(X0),sK4(X0),sK7(X0)) & m1_subset_1(sK8(X0),u1_struct_0(X0))) & m1_subset_1(sK7(X0),u1_struct_0(X0))) & m1_subset_1(sK6(X0),u1_struct_0(X0))) & m1_subset_1(sK5(X0),u1_struct_0(X0))) & m1_subset_1(sK4(X0),u1_struct_0(X0))) & m1_subset_1(sK3(X0),u1_struct_0(X0))) | ((((~r1_parsp_1(X0,sK9(X0),sK10(X0),sK9(X0),sK11(X0)) & r1_parsp_1(X0,sK9(X0),sK11(X0),sK10(X0),sK12(X0)) & r1_parsp_1(X0,sK9(X0),sK10(X0),sK11(X0),sK12(X0)) & r1_parsp_1(X0,sK10(X0),sK11(X0),sK9(X0),sK12(X0)) & m1_subset_1(sK12(X0),u1_struct_0(X0))) & m1_subset_1(sK11(X0),u1_struct_0(X0))) & m1_subset_1(sK10(X0),u1_struct_0(X0))) & m1_subset_1(sK9(X0),u1_struct_0(X0))) | ! [X11] : (! [X12] : (! [X13] : (r1_parsp_1(X0,X11,X12,X11,X13) | ~m1_subset_1(X13,u1_struct_0(X0))) | ~m1_subset_1(X12,u1_struct_0(X0))) | ~m1_subset_1(X11,u1_struct_0(X0)))) & ((! [X14] : (! [X15] : (! [X16] : (! [X17] : (! [X18] : (! [X19] : (r1_parsp_1(X0,X15,X16,X18,X19) | r1_parsp_1(X0,X14,X17,X14,X16) | r1_parsp_1(X0,X14,X17,X14,X15) | ~r1_parsp_1(X0,X14,X16,X17,X19) | ~r1_parsp_1(X0,X14,X15,X17,X18) | ~r1_parsp_1(X0,X14,X17,X16,X19) | ~r1_parsp_1(X0,X14,X17,X15,X18) | ~m1_subset_1(X19,u1_struct_0(X0))) | ~m1_subset_1(X18,u1_struct_0(X0))) | ~m1_subset_1(X17,u1_struct_0(X0))) | ~m1_subset_1(X16,u1_struct_0(X0))) | ~m1_subset_1(X15,u1_struct_0(X0))) | ~m1_subset_1(X14,u1_struct_0(X0))) & ! [X20] : (! [X21] : (! [X22] : (! [X23] : (r1_parsp_1(X0,X20,X21,X20,X22) | ~r1_parsp_1(X0,X20,X22,X21,X23) | ~r1_parsp_1(X0,X20,X21,X22,X23) | ~r1_parsp_1(X0,X21,X22,X20,X23) | ~m1_subset_1(X23,u1_struct_0(X0))) | ~m1_subset_1(X22,u1_struct_0(X0))) | ~m1_subset_1(X21,u1_struct_0(X0))) | ~m1_subset_1(X20,u1_struct_0(X0))) & (((~r1_parsp_1(X0,sK13(X0),sK14(X0),sK13(X0),sK15(X0)) & m1_subset_1(sK15(X0),u1_struct_0(X0))) & m1_subset_1(sK14(X0),u1_struct_0(X0))) & m1_subset_1(sK13(X0),u1_struct_0(X0)))) | ~v1_parsp_2(X0))) | ~l1_parsp_1(X0) | ~v2_parsp_1(X0) | v2_struct_0(X0)) [skolemisation 82,95,94,93,92,91,90,89,88,87,86,85,84,83]
109. ~v2_struct_0(sK0) [cnf transformation 79] {a:0,w:2,wCS:200,goal:1,sine:0,thAx:0,allAx:4,thDist:-4}
110. v2_parsp_1(sK0) [cnf transformation 79] {a:0,w:2,wCS:200,goal:1,sine:0,thAx:0,allAx:4,thDist:-4}
111. v1_parsp_2(sK0) [cnf transformation 79] {a:0,w:2,wCS:200,goal:1,sine:0,thAx:0,allAx:4,thDist:-4}
112. l1_parsp_1(sK0) [cnf transformation 79] {a:0,w:2,wCS:200,goal:1,sine:0,thAx:0,allAx:4,thDist:-4}
113. m1_subset_1(sK1,u1_struct_0(sK0)) [cnf transformation 79] {a:0,w:4,wCS:400,goal:1,sine:0,thAx:0,allAx:4,thDist:-4}
114. m1_subset_1(sK2,u1_struct_0(sK0)) [cnf transformation 79] {a:0,w:4,wCS:400,goal:1,sine:0,thAx:0,allAx:4,thDist:-4}
115. sK1 != sK2 [cnf transformation 79] {a:0,w:3,wCS:300,goal:1,sine:0,thAx:0,allAx:4,thDist:-4}
116. r1_parsp_1(sK0,sK1,sK2,sK1,X3) | ~m1_subset_1(X3,u1_struct_0(sK0)) [cnf transformation 79] {a:0,w:10,wCS:1000,nSel:1,goal:1,sine:0,thAx:0,allAx:4,thDist:-4}
135. m1_subset_1(sK13(X0),u1_struct_0(X0)) | ~v1_parsp_2(X0) | ~l1_parsp_1(X0) | ~v2_parsp_1(X0) | v2_struct_0(X0) [cnf transformation 96] {a:0,w:13,wCS:5200,nSel:1,sine:1,thAx:0,allAx:14,thDist:-14}
136. m1_subset_1(sK14(X0),u1_struct_0(X0)) | ~v1_parsp_2(X0) | ~l1_parsp_1(X0) | ~v2_parsp_1(X0) | v2_struct_0(X0) [cnf transformation 96] {a:0,w:13,wCS:5200,nSel:1,sine:1,thAx:0,allAx:14,thDist:-14}
137. m1_subset_1(sK15(X0),u1_struct_0(X0)) | ~v1_parsp_2(X0) | ~l1_parsp_1(X0) | ~v2_parsp_1(X0) | v2_struct_0(X0) [cnf transformation 96] {a:0,w:13,wCS:5200,nSel:1,sine:1,thAx:0,allAx:14,thDist:-14}
138. ~r1_parsp_1(X0,sK13(X0),sK14(X0),sK13(X0),sK15(X0)) | ~v1_parsp_2(X0) | ~l1_parsp_1(X0) | ~v2_parsp_1(X0) | v2_struct_0(X0) [cnf transformation 96] {a:0,w:18,wCS:7200,nSel:1,sine:1,thAx:0,allAx:14,thDist:-14}
245. ~r1_parsp_1(X0,X4,X5,X4,X3) | ~r1_parsp_1(X0,X4,X5,X4,X2) | ~r1_parsp_1(X0,X4,X5,X4,X1) | X4 = X5 | r1_parsp_1(X0,X1,X2,X1,X3) | ~m1_subset_1(X5,u1_struct_0(X0)) | ~m1_subset_1(X4,u1_struct_0(X0)) | ~m1_subset_1(X3,u1_struct_0(X0)) | ~m1_subset_1(X2,u1_struct_0(X0)) | ~m1_subset_1(X1,u1_struct_0(X0)) | ~l1_parsp_1(X0) | ~v2_parsp_1(X0) | v2_struct_0(X0) [cnf transformation 67] {a:0,w:53,wCS:21200,nSel:1,sine:1,thAx:0,allAx:1,thDist:-1}
258. 1 <=> sK1 = sK2 [avatar definition]
260. sK1 != sK2 <- (~1) [avatar component clause 258] {a:0,w:3,wCS:300,nSel:1,goal:1,sine:255,thAx:0,allAx:4,thDist:-4}
261. ~1 [avatar split clause 115,258]
263. 2 <=> m1_subset_1(sK2,u1_struct_0(sK0)) [avatar definition]
265. m1_subset_1(sK2,u1_struct_0(sK0)) <- (2) [avatar component clause 263] {a:0,w:4,wCS:400,nSel:1,goal:1,sine:255,thAx:0,allAx:4,thDist:-4}
266. 2 [avatar split clause 114,263]
268. 3 <=> m1_subset_1(sK1,u1_struct_0(sK0)) [avatar definition]
270. m1_subset_1(sK1,u1_struct_0(sK0)) <- (3) [avatar component clause 268] {a:0,w:4,wCS:400,nSel:1,goal:1,sine:255,thAx:0,allAx:4,thDist:-4}
271. 3 [avatar split clause 113,268]
273. 4 <=> l1_parsp_1(sK0) [avatar definition]
275. l1_parsp_1(sK0) <- (4) [avatar component clause 273] {a:0,w:2,wCS:200,nSel:1,goal:1,sine:255,thAx:0,allAx:4,thDist:-4}
276. 4 [avatar split clause 112,273]
278. 5 <=> v1_parsp_2(sK0) [avatar definition]
280. v1_parsp_2(sK0) <- (5) [avatar component clause 278] {a:0,w:2,wCS:200,nSel:1,goal:1,sine:255,thAx:0,allAx:4,thDist:-4}
281. 5 [avatar split clause 111,278]
283. 6 <=> v2_parsp_1(sK0) [avatar definition]
285. v2_parsp_1(sK0) <- (6) [avatar component clause 283] {a:0,w:2,wCS:200,nSel:1,goal:1,sine:255,thAx:0,allAx:4,thDist:-4}
286. 6 [avatar split clause 110,283]
288. 7 <=> v2_struct_0(sK0) [avatar definition]
290. ~v2_struct_0(sK0) <- (~7) [avatar component clause 288] {a:0,w:2,wCS:200,nSel:1,goal:1,sine:255,thAx:0,allAx:4,thDist:-4}
291. ~7 [avatar split clause 109,288]
1909. ~r1_parsp_1(sK0,sK1,sK2,sK1,X0) | ~r1_parsp_1(sK0,sK1,sK2,sK1,X1) | sK1 = sK2 | r1_parsp_1(sK0,X1,X0,X1,X2) | ~m1_subset_1(sK2,u1_struct_0(sK0)) | ~m1_subset_1(sK1,u1_struct_0(sK0)) | ~m1_subset_1(X2,u1_struct_0(sK0)) | ~m1_subset_1(X0,u1_struct_0(sK0)) | ~m1_subset_1(X1,u1_struct_0(sK0)) | ~l1_parsp_1(sK0) | ~v2_parsp_1(sK0) | v2_struct_0(sK0) | ~m1_subset_1(X2,u1_struct_0(sK0)) [resolution 245,116] {a:1,w:51,wCS:5100,goal:1,sine:0,thAx:0,allAx:5,thDist:-5}
1958. ~r1_parsp_1(sK0,sK1,sK2,sK1,X0) | ~r1_parsp_1(sK0,sK1,sK2,sK1,X1) | sK1 = sK2 | r1_parsp_1(sK0,X1,X0,X1,X2) | ~m1_subset_1(sK2,u1_struct_0(sK0)) | ~m1_subset_1(sK1,u1_struct_0(sK0)) | ~m1_subset_1(X2,u1_struct_0(sK0)) | ~m1_subset_1(X0,u1_struct_0(sK0)) | ~m1_subset_1(X1,u1_struct_0(sK0)) | ~l1_parsp_1(sK0) | ~v2_parsp_1(sK0) | v2_struct_0(sK0) [duplicate literal removal 1909] {a:1,w:47,wCS:4700,goal:1,sine:0,thAx:0,allAx:5,thDist:-5}
1959. ~r1_parsp_1(sK0,sK1,sK2,sK1,X0) | ~r1_parsp_1(sK0,sK1,sK2,sK1,X1) | r1_parsp_1(sK0,X1,X0,X1,X2) | ~m1_subset_1(sK2,u1_struct_0(sK0)) | ~m1_subset_1(sK1,u1_struct_0(sK0)) | ~m1_subset_1(X2,u1_struct_0(sK0)) | ~m1_subset_1(X0,u1_struct_0(sK0)) | ~m1_subset_1(X1,u1_struct_0(sK0)) | ~l1_parsp_1(sK0) | ~v2_parsp_1(sK0) | v2_struct_0(sK0) <- (~1) [subsumption resolution 1958,260] {a:1,w:44,wCS:4400,goal:1,sine:0,thAx:0,allAx:5,thDist:-5}
1960. ~r1_parsp_1(sK0,sK1,sK2,sK1,X0) | ~r1_parsp_1(sK0,sK1,sK2,sK1,X1) | r1_parsp_1(sK0,X1,X0,X1,X2) | ~m1_subset_1(sK1,u1_struct_0(sK0)) | ~m1_subset_1(X2,u1_struct_0(sK0)) | ~m1_subset_1(X0,u1_struct_0(sK0)) | ~m1_subset_1(X1,u1_struct_0(sK0)) | ~l1_parsp_1(sK0) | ~v2_parsp_1(sK0) | v2_struct_0(sK0) <- (~1, 2) [subsumption resolution 1959,265] {a:1,w:40,wCS:4000,goal:1,sine:0,thAx:0,allAx:5,thDist:-5}
1961. ~r1_parsp_1(sK0,sK1,sK2,sK1,X0) | ~r1_parsp_1(sK0,sK1,sK2,sK1,X1) | r1_parsp_1(sK0,X1,X0,X1,X2) | ~m1_subset_1(X2,u1_struct_0(sK0)) | ~m1_subset_1(X0,u1_struct_0(sK0)) | ~m1_subset_1(X1,u1_struct_0(sK0)) | ~l1_parsp_1(sK0) | ~v2_parsp_1(sK0) | v2_struct_0(sK0) <- (~1, 2, 3) [subsumption resolution 1960,270] {a:1,w:36,wCS:3600,goal:1,sine:0,thAx:0,allAx:5,thDist:-5}
1962. ~r1_parsp_1(sK0,sK1,sK2,sK1,X0) | ~r1_parsp_1(sK0,sK1,sK2,sK1,X1) | r1_parsp_1(sK0,X1,X0,X1,X2) | ~m1_subset_1(X2,u1_struct_0(sK0)) | ~m1_subset_1(X0,u1_struct_0(sK0)) | ~m1_subset_1(X1,u1_struct_0(sK0)) | ~v2_parsp_1(sK0) | v2_struct_0(sK0) <- (~1, 2, 3, 4) [subsumption resolution 1961,275] {a:1,w:34,wCS:3400,goal:1,sine:0,thAx:0,allAx:5,thDist:-5}
1963. ~r1_parsp_1(sK0,sK1,sK2,sK1,X0) | ~r1_parsp_1(sK0,sK1,sK2,sK1,X1) | r1_parsp_1(sK0,X1,X0,X1,X2) | ~m1_subset_1(X2,u1_struct_0(sK0)) | ~m1_subset_1(X0,u1_struct_0(sK0)) | ~m1_subset_1(X1,u1_struct_0(sK0)) | v2_struct_0(sK0) <- (~1, 2, 3, 4, 6) [subsumption resolution 1962,285] {a:1,w:32,wCS:3200,goal:1,sine:0,thAx:0,allAx:5,thDist:-5}
1964. ~r1_parsp_1(sK0,sK1,sK2,sK1,X0) | ~r1_parsp_1(sK0,sK1,sK2,sK1,X1) | r1_parsp_1(sK0,X1,X0,X1,X2) | ~m1_subset_1(X2,u1_struct_0(sK0)) | ~m1_subset_1(X0,u1_struct_0(sK0)) | ~m1_subset_1(X1,u1_struct_0(sK0)) <- (~1, 2, 3, 4, 6, ~7) [subsumption resolution 1963,290] {a:1,w:30,wCS:3000,goal:1,sine:0,thAx:0,allAx:5,thDist:-5}
1965. ~r1_parsp_1(sK0,sK1,sK2,sK1,X1) | r1_parsp_1(sK0,X1,X0,X1,X2) | ~m1_subset_1(X2,u1_struct_0(sK0)) | ~m1_subset_1(X0,u1_struct_0(sK0)) | ~m1_subset_1(X1,u1_struct_0(sK0)) <- (~1, 2, 3, 4, 6, ~7) [subsumption resolution 1964,116] {a:1,w:24,wCS:2400,goal:1,sine:0,thAx:0,allAx:5,thDist:-5}
1966. r1_parsp_1(sK0,X1,X0,X1,X2) | ~m1_subset_1(X2,u1_struct_0(sK0)) | ~m1_subset_1(X0,u1_struct_0(sK0)) | ~m1_subset_1(X1,u1_struct_0(sK0)) <- (~1, 2, 3, 4, 6, ~7) [subsumption resolution 1965,116] {a:1,w:18,wCS:1800,nSel:1,goal:1,sine:0,thAx:0,allAx:5,thDist:-5}
2189. ~m1_subset_1(sK15(sK0),u1_struct_0(sK0)) | ~m1_subset_1(sK14(sK0),u1_struct_0(sK0)) | ~m1_subset_1(sK13(sK0),u1_struct_0(sK0)) | ~v1_parsp_2(sK0) | ~l1_parsp_1(sK0) | ~v2_parsp_1(sK0) | v2_struct_0(sK0) <- (~1, 2, 3, 4, 6, ~7) [resolution 1966,138] {a:2,w:23,wCS:2300,goal:1,sine:0,thAx:0,allAx:19,thDist:-19}
2203. ~m1_subset_1(sK15(sK0),u1_struct_0(sK0)) | ~m1_subset_1(sK14(sK0),u1_struct_0(sK0)) | ~m1_subset_1(sK13(sK0),u1_struct_0(sK0)) | ~l1_parsp_1(sK0) | ~v2_parsp_1(sK0) | v2_struct_0(sK0) <- (~1, 2, 3, 4, 5, 6, ~7) [subsumption resolution 2189,280] {a:2,w:21,wCS:2100,goal:1,sine:0,thAx:0,allAx:19,thDist:-19}
2204. ~m1_subset_1(sK15(sK0),u1_struct_0(sK0)) | ~m1_subset_1(sK14(sK0),u1_struct_0(sK0)) | ~m1_subset_1(sK13(sK0),u1_struct_0(sK0)) | ~v2_parsp_1(sK0) | v2_struct_0(sK0) <- (~1, 2, 3, 4, 5, 6, ~7) [subsumption resolution 2203,275] {a:2,w:19,wCS:1900,goal:1,sine:0,thAx:0,allAx:19,thDist:-19}
2205. ~m1_subset_1(sK15(sK0),u1_struct_0(sK0)) | ~m1_subset_1(sK14(sK0),u1_struct_0(sK0)) | ~m1_subset_1(sK13(sK0),u1_struct_0(sK0)) | v2_struct_0(sK0) <- (~1, 2, 3, 4, 5, 6, ~7) [subsumption resolution 2204,285] {a:2,w:17,wCS:1700,goal:1,sine:0,thAx:0,allAx:19,thDist:-19}
2206. ~m1_subset_1(sK15(sK0),u1_struct_0(sK0)) | ~m1_subset_1(sK14(sK0),u1_struct_0(sK0)) | ~m1_subset_1(sK13(sK0),u1_struct_0(sK0)) <- (~1, 2, 3, 4, 5, 6, ~7) [subsumption resolution 2205,290] {a:2,w:15,wCS:1500,goal:1,sine:0,thAx:0,allAx:19,thDist:-19}
2208. 27 <=> m1_subset_1(sK13(sK0),u1_struct_0(sK0)) [avatar definition]
2210. ~m1_subset_1(sK13(sK0),u1_struct_0(sK0)) <- (~27) [avatar component clause 2208] {a:2,w:5,wCS:500,nSel:1,goal:1,sine:255,thAx:0,allAx:19,thDist:-19}
2212. 28 <=> m1_subset_1(sK14(sK0),u1_struct_0(sK0)) [avatar definition]
2214. ~m1_subset_1(sK14(sK0),u1_struct_0(sK0)) <- (~28) [avatar component clause 2212] {a:2,w:5,wCS:500,nSel:1,goal:1,sine:255,thAx:0,allAx:19,thDist:-19}
2216. 29 <=> m1_subset_1(sK15(sK0),u1_struct_0(sK0)) [avatar definition]
2218. ~m1_subset_1(sK15(sK0),u1_struct_0(sK0)) <- (~29) [avatar component clause 2216] {a:2,w:5,wCS:500,nSel:1,goal:1,sine:255,thAx:0,allAx:19,thDist:-19}
2219. ~27 | ~28 | ~29 | 1 | ~2 | ~3 | ~4 | ~5 | ~6 | 7 [avatar split clause 2206,288,283,278,273,268,263,258,2216,2212,2208]
2246. ~v1_parsp_2(sK0) | ~l1_parsp_1(sK0) | ~v2_parsp_1(sK0) | v2_struct_0(sK0) <- (~27) [resolution 2210,135] {a:3,w:8,wCS:800,goal:1,sine:1,thAx:0,allAx:33,thDist:-33}
2248. ~l1_parsp_1(sK0) | ~v2_parsp_1(sK0) | v2_struct_0(sK0) <- (5, ~27) [subsumption resolution 2246,280] {a:3,w:6,wCS:600,goal:1,sine:1,thAx:0,allAx:33,thDist:-33}
2249. ~v2_parsp_1(sK0) | v2_struct_0(sK0) <- (4, 5, ~27) [subsumption resolution 2248,275] {a:3,w:4,wCS:400,goal:1,sine:1,thAx:0,allAx:33,thDist:-33}
2250. v2_struct_0(sK0) <- (4, 5, 6, ~27) [subsumption resolution 2249,285] {a:3,w:2,wCS:200,goal:1,sine:1,thAx:0,allAx:33,thDist:-33}
2251. $false <- (4, 5, 6, ~7, ~27) [subsumption resolution 2250,290] {a:3,w:0,goal:1,sine:1,thAx:0,allAx:33,thDist:-33}
2252. ~4 | ~5 | ~6 | 7 | 27 [avatar contradiction clause 2251]
2254. ~v1_parsp_2(sK0) | ~l1_parsp_1(sK0) | ~v2_parsp_1(sK0) | v2_struct_0(sK0) <- (~28) [resolution 2214,136] {a:3,w:8,wCS:800,goal:1,sine:1,thAx:0,allAx:33,thDist:-33}
2256. ~l1_parsp_1(sK0) | ~v2_parsp_1(sK0) | v2_struct_0(sK0) <- (5, ~28) [subsumption resolution 2254,280] {a:3,w:6,wCS:600,goal:1,sine:1,thAx:0,allAx:33,thDist:-33}
2257. ~v2_parsp_1(sK0) | v2_struct_0(sK0) <- (4, 5, ~28) [subsumption resolution 2256,275] {a:3,w:4,wCS:400,goal:1,sine:1,thAx:0,allAx:33,thDist:-33}
2258. v2_struct_0(sK0) <- (4, 5, 6, ~28) [subsumption resolution 2257,285] {a:3,w:2,wCS:200,goal:1,sine:1,thAx:0,allAx:33,thDist:-33}
2259. $false <- (4, 5, 6, ~7, ~28) [subsumption resolution 2258,290] {a:3,w:0,goal:1,sine:1,thAx:0,allAx:33,thDist:-33}
2260. ~4 | ~5 | ~6 | 7 | 28 [avatar contradiction clause 2259]
2262. ~v1_parsp_2(sK0) | ~l1_parsp_1(sK0) | ~v2_parsp_1(sK0) | v2_struct_0(sK0) <- (~29) [resolution 2218,137] {a:3,w:8,wCS:800,goal:1,sine:1,thAx:0,allAx:33,thDist:-33}
2264. ~l1_parsp_1(sK0) | ~v2_parsp_1(sK0) | v2_struct_0(sK0) <- (5, ~29) [subsumption resolution 2262,280] {a:3,w:6,wCS:600,goal:1,sine:1,thAx:0,allAx:33,thDist:-33}
2265. ~v2_parsp_1(sK0) | v2_struct_0(sK0) <- (4, 5, ~29) [subsumption resolution 2264,275] {a:3,w:4,wCS:400,goal:1,sine:1,thAx:0,allAx:33,thDist:-33}
2266. v2_struct_0(sK0) <- (4, 5, 6, ~29) [subsumption resolution 2265,285] {a:3,w:2,wCS:200,goal:1,sine:1,thAx:0,allAx:33,thDist:-33}
2267. $false <- (4, 5, 6, ~7, ~29) [subsumption resolution 2266,290] {a:3,w:0,goal:1,sine:1,thAx:0,allAx:33,thDist:-33}
2268. ~4 | ~5 | ~6 | 7 | 29 [avatar contradiction clause 2267]
2269. $false [avatar sat refutation 261,266,271,276,281,286,291,2219,2252,2260,2268] {a:0,w:0,goal:1,sine:0,thAx:0,allAx:578,thDist:-578}
% SZS output end Proof for parsp_2__t9_parsp_2
% ------------------------------
% Version: Vampire 4.5.1 (commit 226f88162 on 2021-09-12 20:13:44 +0200)
% Termination reason: Refutation

% >>> Input
% Input formulas: 32
% Introduced skolems: 22
% 
% >>> Saturation
% Initial clauses: 148
% Generated clauses: 2041
% Active clauses: 159
% Passive clauses: 165
% Final active clauses: 154
% Final passive clauses: 2
% Main loop iterations started: 163
% 
% >>> Simplifying Inferences
% Duplicate literals: 3548
% Fw subsumption resolutions: 59
% 
% >>> Deletion Inferences
% Simple tautologies: 574
% Equational tautologies: 1
% Forward subsumptions: 333
% 
% >>> Generating Inferences
% Binary resolution: 920
% Unit resulting resolution: 4
% 
% >>> AVATAR
% Split clauses: 7
% Split components: 15
% Sat splitting refutations: 8
% 
% >>> SAT Solver Statistics
% SAT solver clauses: 36
% SAT solver unit clauses: 14
% SAT solver binary clauses: 3
% 
% Memory used [KB]: 6140
% Time elapsed: 0.016 s
% ------------------------------
% ------------------------------
% Time measurement results:
% preprocessing: 0.001 s
% term sharing: 0.003 s
% backward subsumption index maintenance: 0.001 s
% backward demodulation index maintenance: 0.001 s
% forward subsumption: 0.003 s
% forward subsumption resolution: 0.001 s
% resolution: 0.004 s ( own 0.002 s ) 
% unit resulting resolution: 0.003 s ( own 0.002 s ) 
% other: 0.016 s ( own 0.002 s ) 

