i: [1,567,0,2,1,1,0,0] l3_radix_4
a: [3,860,0,2,1,567]
s: 860
i: [1,566,0,2,1,1,0,0] l3_radix_4
a: [3,865,0,2,1,566]
s: 865
i: [1,565,0,2,1,1,0,0] l3_radix_4
a: [3,870,0,2,1,565]
s: 870
i: [1,564,0,2,1,1,0,0] l3_radix_4
a: [3,875,0,2,1,564]
s: 875
i: [1,568,0,4,1,1,0,0] l3_radix_4
a: [3,855,0,4,1,568]
s: 855
i: [1,570,0,2,1,0,0,255] fc3_numbers
a: [3,880,0,2,1,570]
s: 880
i: [1,571,0,2,1,0,0,4] fc1_numbers
a: [3,885,0,2,1,571]
s: 885
i: [1,572,0,2,1,0,0,3] fc4_numbers
a: [3,890,0,2,1,572]
s: 890
i: [1,573,0,2,1,0,0,2] spc2_boole
a: [3,895,0,2,1,573]
s: 895
i: [1,574,0,2,1,0,0,1] spc1_boole
a: [3,900,0,2,1,574]
s: 900
i: [1,575,0,2,1,0,0,255] fc4_membered
a: [3,905,0,2,1,575]
s: 905
i: [1,576,0,2,1,0,0,255] fc5_membered
a: [3,910,0,2,1,576]
s: 910
i: [1,577,0,2,1,0,0,255] fc3_membered
a: [3,915,0,2,1,577]
s: 915
i: [1,578,0,2,1,0,0,255] fc6_membered
a: [3,920,0,2,1,578]
s: 920
i: [1,579,0,2,1,0,0,255] fc1_xboole_0
a: [3,925,0,2,1,579]
s: 925
i: [1,615,0,2,1,0,0,3] spc2_numerals
a: [3,1110,0,2,1,615]
s: 1110
i: [1,619,0,2,1,0,0,3] spc1_numerals
a: [3,1130,0,2,1,619]
s: 1130
i: [1,814,0,2,1,0,0,2] rc2_xboole_0
a: [3,1142,0,2,1,814]
s: 1142
i: [1,815,0,2,1,0,0,2] rc2_int_1
a: [3,1147,0,2,1,815]
s: 1147
i: [1,816,0,2,1,0,0,2] rc1_xreal_0
a: [3,1152,0,2,1,816]
s: 1152
i: [1,817,0,2,1,0,0,2] rc1_xboole_0
a: [3,1157,0,2,1,817]
s: 1157
i: [1,819,0,2,1,0,0,255] rc1_membered
a: [3,1162,0,2,1,819]
s: 1162
i: [1,818,0,2,1,0,0,255] rc1_membered
a: [3,1167,0,2,1,818]
s: 1167
i: [1,821,0,2,1,0,0,255] rc2_membered
a: [3,1172,0,2,1,821]
s: 1172
i: [1,820,0,2,1,0,0,255] rc2_membered
a: [3,1177,0,2,1,820]
s: 1177
i: [1,823,0,2,1,0,0,255] rc3_membered
a: [3,1182,0,2,1,823]
s: 1182
i: [1,822,0,2,1,0,0,255] rc3_membered
a: [3,1187,0,2,1,822]
s: 1187
i: [1,827,0,2,1,0,0,255] rc3_xreal_0
a: [3,1192,0,2,1,827]
s: 1192
i: [1,826,0,2,1,0,0,255] rc3_xreal_0
a: [3,1197,0,2,1,826]
s: 1197
i: [1,825,0,2,1,0,0,255] rc3_xreal_0
a: [3,1202,0,2,1,825]
s: 1202
i: [1,824,0,2,1,0,0,255] rc3_xreal_0
a: [3,1207,0,2,1,824]
s: 1207
i: [1,831,0,2,1,0,0,255] rc2_xreal_0
a: [3,1212,0,2,1,831]
s: 1212
i: [1,830,0,2,1,0,0,255] rc2_xreal_0
a: [3,1217,0,2,1,830]
s: 1217
i: [1,829,0,2,1,0,0,255] rc2_xreal_0
a: [3,1222,0,2,1,829]
s: 1222
i: [1,828,0,2,1,0,0,255] rc2_xreal_0
a: [3,1227,0,2,1,828]
s: 1227
i: [1,833,0,2,1,0,0,255] rc1_valued_0
a: [3,1232,0,2,1,833]
s: 1232
i: [1,832,0,2,1,0,0,255] rc1_valued_0
a: [3,1237,0,2,1,832]
s: 1237
i: [1,837,0,2,1,0,0,255] rc4_xreal_0
a: [3,1242,0,2,1,837]
s: 1242
i: [1,836,0,2,1,0,0,255] rc4_xreal_0
a: [3,1247,0,2,1,836]
s: 1247
i: [1,835,0,2,1,0,0,255] rc4_xreal_0
a: [3,1252,0,2,1,835]
s: 1252
i: [1,834,0,2,1,0,0,255] rc4_xreal_0
a: [3,1257,0,2,1,834]
s: 1257
i: [1,842,0,2,1,0,0,255] rc1_int_1
a: [3,1262,0,2,1,842]
s: 1262
i: [1,841,0,2,1,0,0,255] rc1_int_1
a: [3,1267,0,2,1,841]
s: 1267
i: [1,840,0,2,1,0,0,255] rc1_int_1
a: [3,1272,0,2,1,840]
s: 1272
i: [1,839,0,2,1,0,0,255] rc1_int_1
a: [3,1277,0,2,1,839]
s: 1277
i: [1,844,0,2,1,0,0,255] rc2_nat_1
a: [3,1287,0,2,1,844]
s: 1287
i: [1,736,0,3,1,0,0,255] reflexivity_r1_tarski
s: 736
i: [1,580,0,3,1,0,0,2] rqLessOrEqual__r1_xxreal_0__r2_r1
a: [3,930,0,3,1,580]
s: 930
i: [1,581,0,3,1,0,0,255] redefinition_k5_numbers
a: [3,935,0,3,1,581]
s: 935
r: 920
d: [2,1294,0,2,1,2,23,920,935]
a: [3,1298,0,2,1,1294]
s: 1298
i: [1,582,0,3,1,0,0,2] rqLessOrEqual__r1_xxreal_0__r2_r2
a: [3,940,0,3,1,582]
s: 940
i: [1,583,0,3,1,0,0,2] rqLessOrEqual__r1_xxreal_0__r1_r2
a: [3,945,0,3,1,583]
s: 945
i: [1,584,0,3,1,0,0,2] rqLessOrEqual__r1_xxreal_0__r1_r1
a: [3,950,0,3,1,584]
s: 950
i: [1,585,0,3,1,0,0,255] t1_numerals
a: [3,955,0,3,1,585]
s: 955
i: [1,618,0,3,1,0,0,3] spc2_numerals
a: [3,1095,0,3,1,618]
s: 1095
i: [1,617,0,3,1,0,0,3] spc2_numerals
a: [3,1100,0,3,1,617]
s: 1100
i: [1,622,0,3,1,0,0,3] spc1_numerals
a: [3,1115,0,3,1,622]
s: 1115
i: [1,621,0,3,1,0,0,3] spc1_numerals
a: [3,1120,0,3,1,621]
s: 1120
i: [1,838,0,3,1,0,0,255] rc1_int_1
a: [3,1282,0,3,1,838]
s: 1282
d: [2,1300,0,3,1,2,22,955,935]
a: [3,1304,0,3,1,1300]
s: 1304
i: [1,627,0,4,2,0,0,255] cc2_membered
s: 627
d: [2,1306,1,2,1,1,40,627,910]
a: [3,1310,1,2,1,1306]
s: 1310
i: [1,628,0,4,2,0,0,255] cc3_membered
s: 628
d: [2,1312,1,2,1,1,40,628,905]
a: [3,1317,1,2,1,1312]
s: 1317
i: [1,632,0,4,2,0,0,255] cc4_membered
s: 632
i: [1,633,0,4,2,0,0,255] cc5_membered
s: 633
d: [2,1324,1,2,1,1,40,632,915]
a: [3,1329,1,2,1,1324]
s: 1329
i: [1,636,0,4,2,0,0,255] cc1_membered
s: 636
d: [2,1336,1,2,1,1,40,633,915]
a: [3,1341,1,2,1,1336]
s: 1341
i: [1,639,0,4,2,0,0,2] cc2_int_1
s: 639
i: [1,640,0,4,2,0,0,1] cc2_xreal_0
s: 640
d: [2,1372,1,2,1,1,40,639,875]
a: [3,1379,1,2,1,1372]
s: 1379
i: [1,649,0,4,2,0,0,3] cc3_nat_1
s: 649
d: [2,1373,1,2,1,1,40,639,870]
a: [3,1384,1,2,1,1373]
s: 1384
i: [1,661,0,4,2,0,0,2] cc3_int_1
s: 661
i: [1,666,0,4,2,0,0,255] cc4_xreal_0
s: 666
d: [2,1374,1,2,1,1,40,639,865]
a: [3,1389,1,2,1,1374]
s: 1389
i: [1,667,0,4,2,0,0,3] cc3_xreal_0
s: 667
d: [2,1375,1,2,1,1,40,639,860]
a: [3,1394,1,2,1,1375]
s: 1394
i: [1,678,0,4,2,0,0,255] cc18_membered
s: 678
i: [1,733,0,4,1,0,0,2] existence_m1_finseq_1
s: 733
d: [2,1396,1,2,1,1,40,640,875]
a: [3,1403,1,2,1,1396]
s: 1403
i: [1,734,0,4,1,0,0,2] existence_m2_finseq_1
s: 734
d: [2,1397,1,2,1,1,40,640,870]
a: [3,1408,1,2,1,1397]
s: 1408
i: [1,735,0,4,1,0,0,2] existence_m1_subset_1
s: 735
i: [1,806,0,4,1,0,0,255] rc1_relset_1
s: 806
d: [2,1398,1,2,1,1,40,640,865]
a: [3,1413,1,2,1,1398]
s: 1413
i: [1,807,0,4,1,0,0,255] rc1_relset_1
s: 807
d: [2,1399,1,2,1,1,40,640,860]
a: [3,1418,1,2,1,1399]
s: 1418
i: [1,586,0,4,1,0,0,2] rqLessOrEqual__r1_xxreal_0__r2_rm2
a: [3,960,0,4,1,586]
s: 960
i: [1,587,0,4,1,0,0,2] rqLessOrEqual__r1_xxreal_0__r2_rm1
a: [3,965,0,4,1,587]
s: 965
d: [2,1479,2,2,1,1,40,1403,667]
a: [3,1484,2,2,1,1479]
s: 1484
i: [1,588,0,4,1,0,0,2] rqLessOrEqual__r1_xxreal_0__r1_rm2
a: [3,970,0,4,1,588]
s: 970
d: [2,1480,2,2,1,1,40,1403,666]
a: [3,1489,2,2,1,1480]
s: 1489
i: [1,589,0,4,1,0,0,2] rqLessOrEqual__r1_xxreal_0__r1_rm1
a: [3,975,0,4,1,589]
s: 975
i: [1,590,0,4,1,0,0,2] rqLessOrEqual__r1_xxreal_0__rm2_r2
a: [3,980,0,4,1,590]
s: 980
d: [2,1491,2,2,1,1,40,1408,667]
a: [3,1496,2,2,1,1491]
s: 1496
i: [1,591,0,4,1,0,0,2] rqLessOrEqual__r1_xxreal_0__rm2_r1
a: [3,985,0,4,1,591]
s: 985
d: [2,1492,2,2,1,1,40,1408,666]
a: [3,1501,2,2,1,1492]
s: 1501
i: [1,592,0,4,1,0,0,2] rqLessOrEqual__r1_xxreal_0__rm1_r2
a: [3,990,0,4,1,592]
s: 990
i: [1,593,0,4,1,0,0,2] rqLessOrEqual__r1_xxreal_0__rm1_r1
a: [3,995,0,4,1,593]
s: 995
d: [2,1504,2,2,1,1,40,1413,667]
a: [3,1509,2,2,1,1504]
s: 1509
i: [1,594,0,4,1,0,0,4] dt_k5_numbers
a: [3,1000,0,4,1,594]
s: 1000
d: [2,1505,2,2,1,1,40,1413,666]
a: [3,1514,2,2,1,1505]
s: 1514
i: [1,616,0,4,1,0,0,3] spc2_numerals
a: [3,1105,0,4,1,616]
s: 1105
i: [1,620,0,4,1,0,0,3] spc1_numerals
a: [3,1125,0,4,1,620]
s: 1125
d: [2,1516,2,2,1,1,40,1418,667]
a: [3,1521,2,2,1,1516]
s: 1521
i: [1,843,0,4,1,0,0,255] rc2_nat_1
a: [3,1292,0,4,1,843]
s: 1292
d: [2,1517,2,2,1,1,40,1418,666]
a: [3,1526,2,2,1,1517]
s: 1526
i: [1,650,0,5,2,0,0,2] dt_k3_radix_1
s: 650
i: [1,662,0,5,2,0,0,2] fc3_int_1
s: 662
d: [2,1348,1,2,1,1,40,636,1298]
a: [3,1355,1,2,1,1348]
s: 1355
i: [1,663,0,5,2,0,0,2] fc3_int_1
s: 663
d: [2,1349,1,2,1,1,40,636,1162]
a: [3,1360,1,2,1,1349]
s: 1360
i: [1,664,0,5,2,0,0,3] dt_k4_xcmplx_0
s: 664
i: [1,668,0,5,2,0,0,3] fc3_xreal_0
s: 668
d: [2,1350,1,2,1,1,40,636,1172]
a: [3,1365,1,2,1,1350]
s: 1365
i: [1,669,0,5,2,0,0,3] fc3_xreal_0
s: 669
d: [2,1351,1,2,1,1,40,636,1182]
a: [3,1370,1,2,1,1351]
s: 1370
i: [1,679,0,5,2,0,0,255] t6_boole
s: 679
i: [1,680,0,5,2,0,0,4] cc1_xreal_0
s: 680
d: [2,1420,1,2,1,1,40,649,1197]
a: [3,1424,1,2,1,1420]
s: 1424
i: [1,681,0,5,2,0,0,2] cc1_int_1
s: 681
d: [2,1428,1,2,1,1,40,661,1147]
a: [3,1435,1,2,1,1428]
s: 1435
i: [1,682,0,5,2,0,0,2] cc2_nat_1
s: 682
i: [1,683,0,5,2,0,0,255] cc25_membered
s: 683
d: [2,1437,1,2,1,1,40,666,1152]
a: [3,1445,1,2,1,1437]
s: 1445
i: [1,720,0,5,2,0,0,255] dt_m1_finseq_1
s: 720
d: [2,1449,1,2,1,1,40,667,1152]
a: [3,1457,1,2,1,1449]
s: 1457
i: [1,728,0,5,2,0,0,1] t7_boole
s: 728
i: [1,808,0,5,1,0,0,255] rc1_relset_1
s: 808
d: [2,1640,1,3,1,1,40,728,855]
a: [3,1644,1,3,1,1640]
s: 1644
i: [1,595,0,5,1,0,0,2] rqLessOrEqual__r1_xxreal_0__rm1_rm2
a: [3,1005,0,5,1,595]
s: 1005
d: [2,1461,1,2,1,1,40,678,925]
a: [3,1467,1,2,1,1461]
s: 1467
i: [1,596,0,5,1,0,0,2] rqRealNeg__k4_xcmplx_0__rm2_r2
a: [3,1010,0,5,1,596]
s: 1010
i: [1,597,0,5,1,0,0,1] rqRealAdd__k2_xcmplx_0__r1_r1_r2
a: [3,1015,0,5,1,597]
s: 1015
d: [2,1462,1,2,1,1,40,678,1157]
a: [3,1472,1,2,1,1462]
s: 1472
i: [1,598,0,5,1,0,0,1] rqRealNeg__k4_xcmplx_0__rm1_r1
a: [3,1020,0,5,1,598]
s: 1020
d: [2,1463,1,2,1,1,40,678,1257]
a: [3,1477,1,2,1,1463]
s: 1477
i: [1,599,0,5,1,0,0,3] rqRealDiff__k6_xcmplx_0__r2_r1_r1
a: [3,1025,0,5,1,599]
s: 1025
i: [1,602,0,5,1,0,0,2] rqLessOrEqual__r1_xxreal_0__rm2_rm2
a: [3,1030,0,5,1,602]
s: 1030
d: [2,1558,1,2,1,1,40,680,1115]
a: [3,1565,1,2,1,1558]
s: 1565
i: [1,603,0,5,1,0,0,2] rqLessOrEqual__r1_xxreal_0__rm2_rm1
a: [3,1035,0,5,1,603]
s: 1035
d: [2,1559,1,2,1,1,40,680,1095]
a: [3,1570,1,2,1,1559]
s: 1570
i: [1,604,0,5,1,0,0,2] rqLessOrEqual__r1_xxreal_0__rm1_rm1
a: [3,1040,0,5,1,604]
s: 1040
i: [1,765,0,7,3,0,0,255] reflexivity_r1_xxreal_0
a: [3,1137,0,5,2,765]
s: 1137
d: [2,1595,1,2,1,1,40,682,1120]
a: [3,1602,1,2,1,1595]
s: 1602
i: [1,569,0,21,1,1,0,0] l3_radix_4
a: [3,850,0,21,1,569]
s: 850
d: [2,1596,1,2,1,1,40,682,1100]
a: [3,1607,1,2,1,1596]
s: 1607
i: [1,641,0,6,2,0,0,3] dt_k1_radix_1
s: 641
i: [1,684,0,6,2,0,0,255] cc9_membered
s: 684
d: [2,1597,1,2,1,1,40,682,1304]
a: [3,1612,1,2,1,1597]
s: 1612
i: [1,685,0,6,2,0,0,255] cc8_membered
s: 685
d: [2,1619,1,2,1,1,40,683,1120]
a: [3,1626,1,2,1,1619]
s: 1626
i: [1,686,0,6,2,0,0,255] cc10_membered
s: 686
i: [1,687,0,6,2,0,0,255] cc11_membered
s: 687
d: [2,1620,1,2,1,1,40,683,1100]
a: [3,1631,1,2,1,1620]
s: 1631
i: [1,695,0,6,3,0,0,255] cc8_valued_0
s: 695
d: [2,1654,1,5,2,1,44,668,1010]
a: [3,1666,1,2,1,1654]
s: 1666
i: [1,702,0,6,3,0,0,255] cc5_valued_0
s: 702
i: [1,704,0,6,3,0,0,255] cc6_valued_0
s: 704
d: [2,1690,1,5,2,1,44,668,1020]
a: [3,1702,1,2,1,1690]
s: 1702
i: [1,719,0,6,3,0,0,255] cc9_valued_0
s: 719
d: [2,1750,1,2,1,1,40,685,1000]
a: [3,1756,1,2,1,1750]
s: 1756
i: [1,722,0,6,2,0,0,1] t1_subset
s: 722
i: [1,724,0,6,2,0,0,2] redefinition_m2_finseq_1
s: 724
d: [2,1843,1,4,1,1,40,722,855]
a: [3,1847,1,4,1,1843]
s: 1847
i: [1,725,0,6,2,0,0,2] redefinition_m2_finseq_1
s: 725
d: [2,1752,1,2,1,1,40,685,1292]
a: [3,1766,1,2,1,1752]
s: 1766
i: [1,737,0,6,2,0,0,255] fc85_valued_0
s: 737
i: [1,738,0,6,2,0,0,255] fc86_valued_0
s: 738
d: [2,1792,1,4,2,1,40,695,1232]
d: [2,1793,1,2,1,2,21,1792,1237]
a: [3,1797,1,2,1,1793]
s: 1797
i: [1,745,0,6,2,0,0,255] fc87_valued_0
s: 745
d: [2,1799,1,4,2,1,40,719,925]
a: [3,1810,1,2,1,1799]
s: 1810
i: [1,747,0,6,2,0,0,255] fc90_valued_0
s: 747
i: [1,756,0,6,2,0,0,1] antisymmetry_r2_hidden
s: 756
d: [2,1881,1,4,1,1,40,756,855]
a: [3,1885,1,4,1,1881]
s: 1885
i: [1,605,0,6,1,0,0,3] rqRealDiff__k6_xcmplx_0__r1_rm1_r2
a: [3,1045,0,6,1,605]
s: 1045
d: [2,1801,1,4,2,1,40,719,1157]
a: [3,1820,1,2,1,1801]
s: 1820
i: [1,606,0,6,1,0,0,1] rqRealAdd__k2_xcmplx_0__r2_rm1_r1
a: [3,1050,0,6,1,606]
s: 1050
i: [1,607,0,6,1,0,0,1] rqRealAdd__k2_xcmplx_0__rm1_r2_r1
a: [3,1055,0,6,1,607]
s: 1055
d: [2,1802,1,4,2,1,40,719,1257]
a: [3,1829,1,2,1,1802]
s: 1829
i: [1,608,0,6,1,0,0,3] rqRealDiff__k6_xcmplx_0__r1_r2_rm1
a: [3,1060,0,6,1,608]
s: 1060
d: [2,1313,2,2,1,1,40,628,1310]
a: [3,1322,2,2,1,1313]
s: 1322
i: [1,623,0,7,3,0,0,255] cc13_membered
s: 623
i: [1,624,0,7,3,0,0,255] cc12_membered
s: 624
d: [2,1905,1,4,2,1,40,623,1304]
a: [3,1932,1,2,1,1905]
s: 1932
i: [1,629,0,7,3,0,0,255] cc16_membered
s: 629
d: [2,1656,1,5,2,1,44,663,1010]
a: [3,1680,1,2,1,1656]
s: 1680
i: [1,634,0,7,3,0,0,255] cc14_membered
s: 634
i: [1,637,0,7,3,0,0,255] cc17_membered
s: 637
d: [2,1692,1,5,2,1,44,663,1020]
a: [3,1716,1,2,1,1692]
s: 1716
i: [1,642,0,7,2,0,0,255] d2_radix_1
s: 642
d: [2,1945,1,4,2,1,40,624,1304]
a: [3,1966,1,2,1,1945]
s: 1966
i: [1,643,0,7,2,0,0,255] redefinition_k3_radix_1
s: 643
i: [1,644,0,7,2,0,0,255] redefinition_k2_finseq_1
s: 644
d: [2,1980,1,4,2,1,40,629,1304]
d: [2,2005,1,2,1,2,21,1980,1355]
a: [3,2009,1,2,1,2005]
s: 2009
i: [1,645,0,7,2,0,0,1] dt_k2_finseq_1
s: 645
d: [2,2023,1,4,2,1,40,634,1304]
d: [2,2038,1,2,1,2,21,2023,1756]
a: [3,2042,1,2,1,2038]
s: 2042
i: [1,651,0,7,2,0,0,2] dt_k3_radix_1
s: 651
i: [1,665,0,7,2,0,0,3] involutiveness_k4_xcmplx_0
s: 665
d: [2,2049,1,4,2,1,40,637,1115]
a: [3,2063,1,2,1,2049]
s: 2063
i: [1,688,0,7,3,0,0,3] fc16_xreal_0
s: 688
a: [3,2067,1,2,1,2049]
s: 2067
i: [1,689,0,7,3,0,0,3] fc16_xreal_0
s: 689
i: [1,690,0,7,3,0,0,3] fc15_xreal_0
s: 690
d: [2,2053,1,4,2,1,40,637,1095]
a: [3,2084,1,2,1,2053]
s: 2084
i: [1,691,0,7,3,0,0,3] fc15_xreal_0
s: 691
d: [2,2055,1,4,2,1,40,637,1304]
d: [2,2088,1,2,1,2,21,2055,1298]
a: [3,2092,1,2,1,2088]
s: 2092
i: [1,697,0,7,3,0,0,255] cc7_valued_0
s: 697
i: [1,699,0,7,3,0,0,255] cc1_valued_0
s: 699
d: [2,1325,2,2,1,1,40,632,1317]
a: [3,1334,2,2,1,1325]
s: 1334
i: [1,707,0,7,3,0,0,255] cc4_valued_0
s: 707
d: [2,1337,2,2,1,1,40,633,1317]
a: [3,1346,2,2,1,1337]
s: 1346
i: [1,710,0,7,3,0,0,255] cc30_valued_0
s: 710
i: [1,712,0,7,3,0,0,255] cc3_valued_0
s: 712
d: [2,1528,2,2,1,1,40,1355,627]
a: [3,1532,2,2,1,1528]
s: 1532
i: [1,717,0,7,3,0,0,255] cc31_valued_0
s: 717
d: [2,1535,2,2,1,1,40,1360,627]
a: [3,1539,2,2,1,1535]
s: 1539
i: [1,726,0,7,2,0,0,255] t3_subset
s: 726
i: [1,727,0,7,3,0,0,2] t8_boole
s: 727
d: [2,1541,2,2,1,1,40,1365,627]
a: [3,1545,2,2,1,1541]
s: 1545
i: [1,729,0,7,2,0,0,1] t2_tarski
s: 729
d: [2,1549,2,2,1,1,40,1370,627]
a: [3,1553,2,2,1,1549]
s: 1553
i: [1,741,0,7,2,0,0,255] fc88_valued_0
s: 741
i: [1,742,0,7,2,0,0,255] fc89_valued_0
s: 742
d: [2,1583,2,2,1,1,40,1435,667]
a: [3,1588,2,2,1,1583]
s: 1588
i: [1,609,0,7,1,0,0,3] rqRealDiff__k6_xcmplx_0__rm1_rm2_r1
a: [3,1065,0,7,1,609]
s: 1065
d: [2,1584,2,2,1,1,40,1435,666]
a: [3,1593,2,2,1,1584]
s: 1593
i: [1,610,0,7,1,0,0,3] rqRealDiff__k6_xcmplx_0__rm1_r1_rm2
a: [3,1070,0,7,1,610]
s: 1070
i: [1,611,0,7,1,0,0,1] rqRealAdd__k2_xcmplx_0__r1_rm2_rm1
a: [3,1075,0,7,1,611]
s: 1075
d: [2,1646,2,2,1,1,40,1467,636]
a: [3,1651,2,2,1,1646]
s: 1651
i: [1,612,0,7,1,0,0,1] rqRealAdd__k2_xcmplx_0__rm2_r1_rm1
a: [3,1080,0,7,1,612]
s: 1080
d: [2,1683,2,2,1,1,40,1472,636]
a: [3,1687,2,2,1,1683]
s: 1687
i: [1,625,0,8,3,0,0,255] cc19_membered
s: 625
i: [1,626,0,8,3,0,0,255] cc20_membered
s: 626
d: [2,1719,2,2,1,1,40,1477,636]
a: [3,1723,2,2,1,1719]
s: 1723
i: [1,630,0,8,3,0,0,255] cc22_membered
s: 630
d: [2,2343,1,4,2,1,40,630,1292]
a: [3,2349,1,2,1,2343]
s: 2349
i: [1,631,0,8,3,0,0,255] cc23_membered
s: 631
i: [1,635,0,8,3,0,0,255] cc21_membered
s: 635
d: [2,1974,1,4,2,1,40,629,1115]
a: [3,1988,1,2,1,1974]
s: 1988
i: [1,638,0,8,3,0,0,255] cc24_membered
s: 638
d: [2,2379,1,7,3,0,40,638,651]
a: [3,2386,1,2,1,2379]
s: 2386
i: [1,646,0,8,2,0,0,255] d1_radix_1
s: 646
i: [1,714,0,8,3,0,0,255] cc2_valued_0
s: 714
d: [2,1726,2,2,1,1,40,1565,666]
a: [3,1731,2,2,1,1726]
s: 1731
i: [1,723,0,8,3,0,0,1] t2_subset
s: 723
d: [2,2399,1,5,2,1,40,723,1120]
a: [3,2431,1,2,1,2399]
s: 2431
i: [1,769,0,8,3,0,0,3] fc4_newton
s: 769
i: [1,770,0,8,3,0,0,1] fc1_nat_1
s: 770
d: [2,1734,2,2,1,1,40,1570,666]
a: [3,1739,2,2,1,1734]
s: 1739
i: [1,777,0,8,3,0,0,255] dt_k6_int_1
s: 777
d: [2,1768,2,2,1,1,40,1626,636]
a: [3,1772,2,2,1,1768]
s: 1772
i: [1,778,0,8,3,0,0,255] dt_k5_int_1
s: 778
i: [1,779,0,8,3,0,0,2] fc4_int_1
s: 779
d: [2,1786,2,2,1,1,40,1631,636]
a: [3,1790,2,2,1,1786]
s: 1790
i: [1,780,0,8,3,0,0,2] fc1_int_1
s: 780
d: [2,1831,2,2,1,1,40,1756,633]
a: [3,1836,2,2,1,1831]
s: 1836
i: [1,781,0,8,3,0,0,3] fc3_newton
s: 781
i: [1,786,0,8,3,0,0,3] fc2_newton
s: 786
d: [2,1832,2,2,1,1,40,1756,632]
a: [3,1841,2,2,1,1832]
s: 1841
i: [1,787,0,8,3,0,0,255] dt_k3_power
s: 787
d: [2,1851,2,2,1,1,40,1766,633]
a: [3,1856,2,2,1,1851]
s: 1856
i: [1,788,0,8,3,0,0,4] fc37_xreal_0
s: 788
i: [1,789,0,8,3,0,0,3] fc7_xreal_0
s: 789
d: [2,1852,2,2,1,1,40,1766,632]
a: [3,1861,2,2,1,1852]
s: 1861
i: [1,790,0,8,3,0,0,1] fc5_xreal_0
s: 790
d: [2,1863,2,4,2,1,40,1797,704]
d: [2,1865,2,2,1,2,21,1863,1237]
a: [3,1869,2,2,1,1865]
s: 1869
i: [1,791,0,8,3,0,0,4] fc38_xreal_0
s: 791
i: [1,792,0,8,3,0,0,4] fc38_xreal_0
s: 792
d: [2,1864,2,4,2,1,40,1797,702]
d: [2,1871,2,2,1,2,21,1864,1237]
a: [3,1875,2,2,1,1871]
s: 1875
i: [1,803,0,8,2,0,0,255] cc1_relset_1
s: 803
d: [2,2481,2,4,2,1,40,2431,719]
a: [3,2490,2,2,1,2481]
s: 2490
i: [1,805,0,8,1,0,0,255] rc1_relset_1
s: 805
i: [1,613,0,8,1,0,0,1] rqRealAdd__k2_xcmplx_0__rm1_rm1_rm2
a: [3,1085,0,8,1,613]
s: 1085
d: [2,1887,3,2,1,1,40,1322,633]
a: [3,1892,3,2,1,1887]
s: 1892
i: [1,614,0,8,1,0,0,3] rqRealDiff__k6_xcmplx_0__rm2_rm1_rm1
a: [3,1090,0,8,1,614]
s: 1090
d: [2,1888,3,2,1,1,40,1322,632]
a: [3,1897,3,2,1,1888]
s: 1897
i: [1,721,0,9,2,0,0,255] dt_m2_finseq_1
s: 721
i: [1,732,0,9,3,0,0,1] t5_subset
s: 732
d: [2,2251,3,2,1,1,40,1539,628]
a: [3,2255,3,2,1,2251]
s: 2255
i: [1,771,0,9,3,0,0,3] dt_k4_nat_d
s: 771
d: [2,2266,3,2,1,1,40,1545,628]
a: [3,2270,3,2,1,2266]
s: 2270
i: [1,772,0,9,3,0,0,3] dt_k3_nat_d
s: 772
i: [1,773,0,9,3,0,0,3] dt_k7_nat_d
s: 773
r: 1137
r: 1829
r: 2386
r: 2490
a: [3,1134,0,2,1,765]
s: 1134
d: [2,2701,1,0,0,2,40,1134,1277]
e: 2701
d: [2,2700,1,0,0,2,40,1134,1247]
e: 2700
d: [2,2699,1,0,0,2,40,1134,1222]
e: 2699
d: [2,2698,1,0,0,2,40,1134,1202]
e: 2698
d: [2,2697,2,0,0,2,40,1134,1445]
e: 2697
d: [2,2696,3,0,0,2,40,1134,1593]
e: 2696
d: [2,2695,3,0,0,2,40,1134,1526]
e: 2695
d: [2,2694,3,0,0,2,40,1134,1514]
e: 2694
d: [2,2693,3,0,0,2,40,1134,1501]
e: 2693
d: [2,2692,3,0,0,2,40,1134,1489]
e: 2692
d: [2,2691,2,0,0,2,40,1134,1932]
e: 2691
d: [2,2690,3,0,0,2,40,1134,1739]
e: 2690
d: [2,2689,3,0,0,2,40,1134,1731]
e: 2689
d: [2,2680,3,0,0,2,52,1731,1134]
e: 2680
d: [2,2681,2,0,0,3,52,1329,1115,1134,623]
e: 2681
d: [2,2682,3,0,0,3,52,1841,1120,1134,623]
e: 2682
d: [2,2683,2,0,0,3,52,1329,1095,1134,623]
e: 2683
d: [2,2684,3,0,0,3,52,1841,1100,1134,623]
e: 2684
d: [2,2685,3,0,0,3,52,1841,1304,1134,623]
e: 2685
d: [2,2686,4,0,0,2,52,1897,735,1134,623]
e: 2686
d: [2,2687,2,0,0,3,52,1329,1282,1134,623]
e: 2687
d: [2,2688,2,0,0,2,52,1565,1134,666]
e: 2688
r: 1134
s: 1137
a: [3,1825,1,2,1,1802]
s: 1825
i: [1,804,0,9,2,0,0,255] cc2_relset_1
s: 804
i: [1,692,0,10,4,0,0,255] cc10_valued_0
s: 692
s: 1829
i: [1,693,0,10,4,0,0,255] cc11_valued_0
s: 693
d: [2,2051,1,5,2,1,40,637,1000]
a: [3,2078,1,2,1,2051]
s: 2078
i: [1,700,0,10,4,0,0,255] cc15_valued_0
s: 700
r: 2431
i: [1,705,0,10,4,0,0,255] cc12_valued_0
s: 705
d: [2,1976,1,5,2,1,40,629,1000]
a: [3,1999,1,2,1,1976]
s: 1999
i: [1,730,0,10,3,0,0,1] t2_tarski
s: 730
d: [2,2019,1,5,2,1,40,634,1000]
a: [3,2035,1,2,1,2019]
s: 2035
i: [1,731,0,10,3,0,0,1] t4_subset
s: 731
i: [1,739,0,10,3,0,0,255] cc17_valued_0
s: 739
d: [2,1901,1,5,2,1,40,623,1000]
a: [3,1920,1,2,1,1901]
s: 1920
i: [1,740,0,10,3,0,0,255] cc16_valued_0
s: 740
d: [2,1941,1,5,2,1,40,624,1000]
a: [3,1957,1,2,1,1941]
s: 1957
i: [1,746,0,10,3,0,0,255] cc18_valued_0
s: 746
i: [1,748,0,10,3,0,0,255] cc21_valued_0
s: 748
d: [2,2059,1,5,2,1,40,637,1292]
a: [3,2102,1,2,1,2059]
s: 2102
r: 2102
i: [1,754,0,10,3,0,0,255] cc4_relset_1
s: 754
a: [3,2101,1,2,1,2059]
s: 2101
i: [1,755,0,10,3,0,0,255] cc3_relset_1
s: 755
i: [1,766,0,10,4,0,0,255] connectedness_r1_xxreal_0
s: 766
s: 2431
i: [1,767,0,10,4,0,0,1] fc3_nat_1
s: 767
d: [2,2736,1,9,4,0,40,692,645]
a: [3,2745,1,2,1,2736]
s: 2745
i: [1,768,0,10,4,0,0,1] fc4_nat_1
s: 768
i: [1,652,0,11,4,0,0,1] t1_finseq_1
s: 652
d: [2,2988,1,7,3,1,40,652,855]
d: [2,2990,1,5,2,2,21,2988,875]
d: [2,2991,1,3,1,3,21,2990,860]
a: [3,2995,1,3,1,2991]
s: 2995
i: [1,653,0,11,4,0,0,1] t1_finseq_1
s: 653
d: [2,2997,1,7,3,1,40,653,855]
d: [2,2999,1,5,2,2,21,2997,875]
d: [2,3000,1,3,1,3,21,2999,860]
a: [3,3004,1,3,1,3000]
s: 3004
i: [1,672,0,11,5,0,0,3] t2_real
s: 672
i: [1,673,0,11,5,0,0,4] t1_real
s: 673
d: [2,3018,2,8,4,1,40,672,3004]
d: [2,3028,2,6,3,2,21,3018,1403]
d: [2,3029,2,4,2,3,21,3028,1418]
a: [3,3032,2,2,1,3029]
s: 3032
i: [1,674,0,11,5,0,0,4] t8_real
s: 674
a: [3,3037,2,2,1,3029]
s: 3037
i: [1,675,0,11,5,0,0,4] t7_real
s: 675
i: [1,676,0,11,5,0,0,3] t3_real
s: 676
d: [2,3055,2,8,4,1,40,673,3004]
d: [2,3073,2,6,3,2,21,3055,1403]
d: [2,3074,2,4,2,3,21,3073,1418]
a: [3,3078,2,2,1,3074]
s: 3078
i: [1,677,0,11,5,0,0,4] t4_real
s: 677
a: [3,3081,2,2,1,3074]
s: 3081
i: [1,743,0,11,3,0,0,255] cc19_valued_0
s: 743
i: [1,744,0,11,3,0,0,255] cc20_valued_0
s: 744
d: [2,2737,1,6,3,1,40,692,1000]
a: [3,2753,1,2,1,2737]
s: 2753
i: [1,749,0,11,3,0,0,255] fraenkel_a_1_0_radix_1
s: 749
s: 2386
i: [1,750,0,11,3,0,0,255] fraenkel_a_1_0_radix_1
s: 750
i: [1,774,0,11,3,0,0,255] redefinition_k4_nat_d
s: 774
d: [2,2738,1,9,4,0,40,692,651]
a: [3,2762,1,2,1,2738]
s: 2762
i: [1,775,0,11,3,0,0,255] redefinition_k3_nat_d
s: 775
d: [2,2778,1,9,4,0,40,693,645]
a: [3,2787,1,2,1,2778]
s: 2787
i: [1,776,0,11,3,0,0,3] redefinition_k7_nat_d
s: 776
i: [1,782,0,11,3,0,0,3] commutativity_k2_xcmplx_0
s: 782
a: [3,2485,2,2,1,2481]
s: 2485
i: [1,708,0,12,4,0,0,255] cc13_valued_0
s: 708
s: 2490
i: [1,715,0,12,4,0,0,3] cc14_valued_0
s: 715
i: [1,761,0,12,5,0,0,3] fc9_xreal_0
s: 761
d: [2,2275,3,2,1,1,40,1553,628]
a: [3,2279,3,2,1,2275]
s: 2279
i: [1,762,0,12,5,0,0,3] fc17_xreal_0
s: 762
d: [2,2283,3,2,1,1,40,1651,627]
a: [3,2288,3,2,1,2283]
s: 2288
i: [1,763,0,12,5,0,0,3] fc18_xreal_0
s: 763
i: [1,764,0,12,5,0,0,4] fc10_xreal_0
s: 764
d: [2,2290,3,2,1,1,40,1687,627]
a: [3,2294,3,2,1,2290]
s: 2294
i: [1,783,0,12,3,0,0,3] spc1_arithm
s: 783
d: [2,2332,3,2,1,1,40,1723,627]
a: [3,2336,3,2,1,2332]
s: 2336
i: [1,793,0,12,5,0,0,3] fc21_xreal_0
s: 793
i: [1,794,0,12,5,0,0,3] fc22_xreal_0
s: 794
d: [2,2515,3,2,1,1,40,1772,627]
a: [3,2519,3,2,1,2515]
s: 2519
i: [1,795,0,12,5,0,0,4] fc13_xreal_0
s: 795
d: [2,2530,3,2,1,1,40,1790,627]
a: [3,2534,3,2,1,2530]
s: 2534
i: [1,796,0,12,5,0,0,4] fc14_xreal_0
s: 796
i: [1,797,0,12,5,0,0,4] fc11_xreal_0
s: 797
d: [2,2617,4,2,1,1,40,2255,633]
a: [3,2622,4,2,1,2617]
s: 2622
i: [1,798,0,12,5,0,0,4] fc12_xreal_0
s: 798
d: [2,2618,4,2,1,1,40,2255,632]
a: [3,2627,4,2,1,2618]
s: 2627
i: [1,799,0,12,5,0,0,3] fc20_xreal_0
s: 799
i: [1,800,0,12,5,0,0,3] fc19_xreal_0
s: 800
d: [2,2642,4,2,1,1,40,2270,633]
a: [3,2647,4,2,1,2642]
s: 2647
i: [1,801,0,12,3,0,0,3] dt_k13_newton
s: 801
d: [2,2643,4,2,1,1,40,2270,632]
a: [3,2652,4,2,1,2643]
s: 2652
i: [1,810,0,12,4,0,0,1] dt_k10_radix_1
s: 810
i: [1,670,0,13,6,0,0,4] t5_real
s: 670
d: [2,3208,4,2,1,1,40,2279,633]
a: [3,3213,4,2,1,3208]
s: 3213
i: [1,671,0,13,6,0,0,4] t6_real
s: 671
d: [2,3209,4,2,1,1,40,2279,632]
a: [3,3218,4,2,1,3209]
s: 3218
i: [1,784,0,13,3,0,0,3] spc9_arithm
s: 784
i: [1,802,0,13,3,0,0,3] redefinition_k13_newton
s: 802
d: [2,3227,4,2,1,1,40,2288,628]
a: [3,3232,4,2,1,3227]
s: 3232
i: [1,811,0,13,4,0,0,1] dt_k10_radix_1
s: 811
d: [2,3257,4,2,1,1,40,2294,628]
a: [3,3261,4,2,1,3257]
s: 3261
i: [1,654,0,14,5,0,0,1] t1_finseq_1
s: 654
i: [1,656,0,14,5,0,0,1] t12_nat_1
s: 656
d: [2,3303,4,2,1,1,40,2336,628]
a: [3,3307,4,2,1,3303]
s: 3307
i: [1,751,0,14,3,0,0,255] fraenkel_a_1_0_radix_1
s: 751
d: [2,3335,4,2,1,1,40,2519,628]
a: [3,3339,4,2,1,3335]
s: 3339
i: [1,760,0,14,4,0,0,3] existence_m2_subset_1
s: 760
i: [1,785,0,14,3,0,0,3] spc8_arithm
s: 785
d: [2,3361,4,2,1,1,40,2534,628]
a: [3,3365,4,2,1,3361]
s: 3365
i: [1,809,0,14,4,0,0,2] dt_k9_radix_1
s: 809
d: [2,3552,5,2,1,1,40,3232,633]
a: [3,3558,5,2,1,3552]
s: 3558
i: [1,752,0,15,3,0,0,255] fraenkel_a_1_0_radix_1
s: 752
i: [1,757,0,15,5,0,0,3] dt_m2_subset_1
s: 757
d: [2,3553,5,2,1,1,40,3232,632]
a: [3,3563,5,2,1,3553]
s: 3563
i: [1,758,0,15,5,0,0,3] redefinition_m2_subset_1
s: 758
d: [2,3568,5,2,1,1,40,3261,633]
a: [3,3573,5,2,1,3568]
s: 3573
i: [1,759,0,15,5,0,0,3] redefinition_m2_subset_1
s: 759
i: [1,812,0,17,4,0,0,3] spc6_arithm
s: 812
d: [2,3569,5,2,1,1,40,3261,632]
a: [3,3578,5,2,1,3569]
s: 3578
i: [1,813,0,19,6,0,0,1] dt_k4_radix_1
s: 813
d: [2,3634,5,2,1,1,40,3307,633]
a: [3,3639,5,2,1,3634]
s: 3639
i: [1,846,0,22,5,0,0,255] fraenkel_a_1_0_radix_1
s: 846
i: [1,655,0,24,4,0,0,2] d8_radix_1
s: 655
d: [2,3635,5,2,1,1,40,3307,632]
a: [3,3644,5,2,1,3635]
s: 3644
i: [1,658,0,25,7,0,0,1] d9_radix_1
s: 658
d: [2,3652,5,2,1,1,40,3339,633]
a: [3,3657,5,2,1,3652]
s: 3657
i: [1,659,0,27,7,0,0,1] d9_radix_1
s: 659
i: [1,660,0,37,7,0,0,1] d9_radix_1
s: 660
d: [2,3653,5,2,1,1,40,3339,632]
a: [3,3662,5,2,1,3653]
s: 3662
i: [1,845,0,38,8,0,0,1] d9_radix_1
s: 845
d: [2,3724,5,2,1,1,40,3365,633]
a: [3,3729,5,2,1,3724]
s: 3729
d: [2,3883,0,31,7,0,21,845,811]
d: [2,3884,0,25,6,0,21,3883,810]
s: 3884
d: [2,3885,1,29,6,1,44,850,3884]
d: [2,3890,1,27,5,2,21,3885,860]
d: [2,3891,1,25,4,3,21,3890,870]
d: [2,3892,1,23,3,4,21,3891,865]
a: [3,3896,1,4,1,3892]
s: 3896
d: [2,3909,2,0,0,3,52,875,2067,3896,770]
e: 3909
d: [2,3910,2,4,2,1,40,3896,770]
d: [2,3914,2,2,1,2,21,3910,2067]
d: [2,3915,2,0,0,3,21,3914,875]
e: 3915
r: 3896
a: [3,3895,1,4,1,3892]
s: 3895
a: [3,3900,1,6,1,3892]
s: 3900
d: [2,3921,2,4,1,1,40,3895,640]
a: [3,3928,2,4,1,3921]
s: 3928
d: [2,1560,1,3,1,0,40,680,735]
a: [3,1575,1,3,1,1560]
s: 1575
d: [2,1577,1,3,1,0,40,681,735]
a: [3,1581,1,3,1,1577]
s: 1581
d: [2,3922,2,4,1,1,40,3895,639]
a: [3,3933,2,4,1,3922]
s: 3933
d: [2,1598,1,3,1,0,40,682,735]
a: [3,1617,1,3,1,1598]
s: 1617
d: [2,3923,2,8,3,1,44,3895,782]
d: [2,3935,2,6,2,2,21,3923,1484]
d: [2,3936,2,4,1,3,21,3935,1702]
a: [3,3940,2,4,1,3936]
s: 3940
d: [2,1622,1,3,1,0,40,683,735]
a: [3,1637,1,3,1,1622]
s: 1637
d: [2,1639,1,3,1,0,40,720,733]
s: 1639
d: [2,3966,3,4,1,1,40,3928,667]
a: [3,3973,3,4,1,3966]
s: 3973
d: [2,1653,1,5,2,1,44,669,1010]
a: [3,1661,1,3,1,1653]
s: 1661
d: [2,4043,2,0,0,2,52,1570,1661,669]
e: 4043
d: [2,4044,2,2,1,1,40,1661,669]
d: [2,4046,2,0,0,2,21,4044,1570]
e: 4046
r: 1661
d: [2,3967,3,4,1,1,40,3928,666]
a: [3,3978,3,4,1,3967]
s: 3978
a: [3,1660,1,3,1,1653]
s: 1660
d: [2,1655,1,5,2,1,44,664,1010]
a: [3,1670,1,3,1,1655]
s: 1670
d: [2,3968,3,8,3,1,44,3928,782]
d: [2,3980,3,6,2,2,21,3968,1484]
d: [2,3981,3,4,1,3,21,3980,1702]
a: [3,3985,3,4,1,3981]
s: 3985
a: [3,1675,1,3,1,1656]
s: 1675
d: [2,4009,3,8,3,1,44,3933,782]
d: [2,4011,3,6,2,2,21,4009,1484]
d: [2,4012,3,4,1,3,21,4011,1702]
a: [3,4016,3,4,1,4012]
s: 4016
d: [2,1689,1,5,2,1,44,669,1020]
a: [3,1697,1,3,1,1689]
s: 1697
d: [2,4074,2,0,0,2,52,1565,1697,669]
e: 4074
d: [2,4075,2,2,1,1,40,1697,669]
d: [2,4077,2,0,0,2,21,4075,1565]
e: 4077
r: 1697
a: [3,1696,1,3,1,1689]
s: 1696
d: [2,4031,4,8,3,1,44,3973,782]
d: [2,4033,4,6,2,2,21,4031,1484]
d: [2,4034,4,4,1,3,21,4033,1702]
a: [3,4038,4,4,1,4034]
s: 4038
d: [2,1691,1,5,2,1,44,664,1020]
a: [3,1706,1,3,1,1691]
s: 1706
d: [2,4048,4,8,3,1,44,3978,782]
d: [2,4050,4,6,2,2,21,4048,1484]
d: [2,4051,4,4,1,3,21,4050,1702]
a: [3,4055,4,4,1,4051]
s: 4055
a: [3,1916,1,3,1,1901]
s: 1916
a: [3,1953,1,3,1,1941]
s: 1953
d: [2,3945,2,14,4,1,40,3900,654]
d: [2,3948,2,11,3,2,21,3945,2995]
d: [2,3949,2,7,2,3,21,3948,3895]
d: [2,3950,2,5,1,4,21,3949,860]
a: [3,3954,2,5,1,3950]
s: 3954
d: [2,4087,3,0,0,5,52,860,875,2067,3004,3954,656]
e: 4087
d: [2,4088,3,9,4,1,40,3954,656]
d: [2,4094,3,6,3,2,21,4088,3004]
d: [2,4095,3,4,2,3,21,4094,2067]
d: [2,4096,3,2,1,4,21,4095,875]
d: [2,4097,3,0,0,5,21,4096,860]
e: 4097
r: 3900
r: 3954
a: [3,3899,1,6,1,3892]
s: 3899
a: [3,3953,2,5,1,3950]
s: 3953
a: [3,1995,1,3,1,1976]
s: 1995
a: [3,2031,1,3,1,2019]
s: 2031
d: [2,4136,3,14,5,1,40,3953,671]
d: [2,4142,3,12,4,2,21,4136,3032]
d: [2,4143,3,8,3,3,21,4142,3928]
d: [2,4144,3,6,2,4,21,4143,1418]
a: [3,4152,3,4,1,4144]
s: 4152
a: [3,2074,1,3,1,2051]
s: 2074
d: [2,4139,3,12,4,1,40,3953,672]
d: [2,4166,3,10,3,2,21,4139,3032]
d: [2,4167,3,6,2,3,21,4166,3928]
d: [2,4168,3,4,1,4,21,4167,1418]
a: [3,4172,3,4,1,4168]
s: 4172
d: [2,2112,1,8,3,0,40,645,637]
a: [3,2120,1,3,1,2112]
s: 2120
d: [2,2113,1,8,3,0,40,645,634]
a: [3,2128,1,3,1,2113]
s: 2128
d: [2,4185,4,8,3,1,44,4152,782]
d: [2,4187,4,6,2,2,21,4185,1484]
d: [2,4188,4,4,1,3,21,4187,1702]
a: [3,4192,4,4,1,4188]
s: 4192
d: [2,2114,1,8,3,0,40,645,629]
a: [3,2136,1,3,1,2114]
s: 2136
d: [2,4199,4,8,3,1,44,4172,782]
d: [2,4201,4,6,2,2,21,4199,1484]
d: [2,4202,4,4,1,3,21,4201,1702]
a: [3,4206,4,4,1,4202]
s: 4206
d: [2,2115,1,8,3,0,40,645,624]
a: [3,2144,1,3,1,2115]
s: 2144
d: [2,2116,1,8,3,0,40,645,623]
a: [3,2152,1,3,1,2116]
s: 2152
d: [2,4109,2,5,1,1,40,3899,728]
a: [3,4128,2,5,1,4109]
s: 4128
d: [2,2162,1,8,3,0,40,651,634]
a: [3,2179,1,3,1,2162]
s: 2179
d: [2,4140,3,9,3,1,44,3953,782]
d: [2,4174,3,7,2,2,21,4140,1484]
d: [2,4175,3,5,1,3,21,4174,1702]
a: [3,4179,3,5,1,4175]
s: 4179
d: [2,2163,1,8,3,0,40,651,629]
a: [3,2187,1,3,1,2163]
s: 2187
d: [2,2165,1,8,3,0,40,651,623]
a: [3,2203,1,3,1,2165]
s: 2203
d: [2,4214,3,9,3,1,44,4128,782]
d: [2,4216,3,7,2,2,21,4214,1484]
d: [2,4217,3,5,1,3,21,4216,1702]
a: [3,4221,3,5,1,4217]
s: 4221
d: [2,2215,1,8,3,1,44,689,1010]
d: [2,2218,1,6,2,2,21,2215,1110]
a: [3,2222,1,3,1,2218]
s: 2222
d: [2,3946,2,10,3,1,44,3900,782]
d: [2,3956,2,8,2,2,21,3946,1484]
d: [2,3957,2,6,1,3,21,3956,1702]
a: [3,3960,2,6,1,3957]
s: 3960
d: [2,2216,1,8,3,1,44,689,1020]
d: [2,2224,1,6,2,2,21,2216,1130]
a: [3,2228,1,3,1,2224]
s: 2228
d: [2,2398,1,5,2,1,40,723,1115]
d: [2,2418,1,3,1,2,21,2398,885]
a: [3,2422,1,3,1,2418]
s: 2422
d: [2,4107,2,6,1,1,40,3899,756]
a: [3,4118,2,6,1,4107]
s: 4118
a: [3,2427,1,3,1,2399]
s: 2427
d: [2,4267,2,0,0,2,52,2431,2427,728]
e: 4267
d: [2,4270,2,2,1,1,40,2427,728]
d: [2,4272,2,0,0,2,21,4270,2431]
e: 4272
r: 2427
d: [2,4108,2,6,1,1,40,3899,722]
a: [3,4123,2,6,1,4108]
s: 4123
d: [2,2400,1,7,2,1,40,723,1000]
a: [3,2440,1,3,1,2400]
s: 2440
d: [2,4288,2,0,0,2,52,2074,2440,678]
e: 4288
d: [2,4290,2,3,1,1,40,2440,678]
d: [2,4292,2,0,0,2,21,4290,2074]
e: 4292
r: 2440
d: [2,2402,1,5,2,1,40,723,1095]
d: [2,2446,1,3,1,2,21,2402,885]
a: [3,2450,1,3,1,2446]
s: 2450
d: [2,4235,3,6,1,1,40,3960,756]
a: [3,4241,3,6,1,4235]
s: 4241
d: [2,2403,1,5,2,1,40,723,1100]
a: [3,2455,1,3,1,2403]
s: 2455
d: [2,4302,2,0,0,2,52,2431,2455,728]
e: 4302
d: [2,4305,2,2,1,1,40,2455,728]
d: [2,4307,2,0,0,2,21,4305,2431]
e: 4307
r: 2455
d: [2,4236,3,6,1,1,40,3960,722]
a: [3,4246,3,6,1,4236]
s: 4246
d: [2,2405,1,5,2,1,40,723,1304]
a: [3,2468,1,3,1,2405]
s: 2468
d: [2,4315,2,0,0,2,52,2431,2468,728]
e: 4315
d: [2,4318,2,2,1,1,40,2468,728]
d: [2,4321,2,0,0,2,21,4318,2431]
e: 4321
r: 2468
d: [2,2408,1,5,2,1,40,723,1282]
d: [2,2470,1,3,1,2,21,2408,885]
a: [3,2474,1,3,1,2470]
s: 2474
d: [2,3725,5,2,1,1,40,3365,632]
a: [3,3734,5,2,1,3725]
s: 3734
d: [2,2497,1,8,3,1,44,770,1075]
d: [2,2502,1,6,2,2,21,2497,2067]
a: [3,2506,1,3,1,2502]
s: 2506
a: [3,2509,1,3,1,2502]
s: 2509
d: [2,3053,1,12,4,1,40,673,1035]
a: [3,3071,1,3,1,3053]
s: 3071
a: [3,3904,1,13,1,3892]
s: 3904
d: [2,4331,2,0,0,6,52,865,875,870,860,855,3904,3884]
e: 4331
d: [2,4332,2,21,6,1,44,3904,3884]
d: [2,4333,2,12,5,1,19,4332]
d: [2,4335,2,8,4,2,21,4333,855]
d: [2,4336,2,6,3,3,21,4335,860]
d: [2,4337,2,4,2,4,21,4336,870]
d: [2,4338,2,2,1,5,21,4337,875]
d: [2,4339,2,0,0,6,21,4338,865]
e: 4339
d: [2,2050,1,4,2,1,40,637,1120]
d: [2,2069,1,2,1,2,21,2050,1298]
f: 4339,4097,3950,3915,3892,3000,2991,2069,1294,621,581,578,564,565,566,567,568,569
% Refutation found. Thanks to Tanya!
% SZS status Theorem for radix_4__l3_radix_4
% SZS output start Proof for radix_4__l3_radix_4
1. ! [X0] : (v7_ordinal1(X0) => ! [X1] : (v7_ordinal1(X1) => ! [X2] : (v7_ordinal1(X2) => ! [X3] : (v7_ordinal1(X3) => (r2_hidden(X3,k2_finseq_1(X0)) => k4_radix_1(X3,X2,k2_xcmplx_0(X0,1),k10_radix_1(X2,k2_xcmplx_0(X0,1),X1)) = k4_radix_1(X3,X2,X0,k10_radix_1(X2,X0,X1))))))) [input l3_radix_4]
2. ~! [X0] : (v7_ordinal1(X0) => ! [X1] : (v7_ordinal1(X1) => ! [X2] : (v7_ordinal1(X2) => ! [X3] : (v7_ordinal1(X3) => (r2_hidden(X3,k2_finseq_1(X0)) => k4_radix_1(X3,X2,k2_xcmplx_0(X0,1),k10_radix_1(X2,k2_xcmplx_0(X0,1),X1)) = k4_radix_1(X3,X2,X0,k10_radix_1(X2,X0,X1))))))) [negated conjecture 1]
18. ! [X0] : (v6_membered(X0) => ! [X1] : (m1_subset_1(X1,X0) => v7_ordinal1(X1))) [input cc17_membered]
70. ! [X0] : (v7_ordinal1(X0) => ! [X1] : (v7_ordinal1(X1) => ! [X2] : (v7_ordinal1(X2) => ! [X3] : ((m2_finseq_1(X3,k3_radix_1(X0)) & v3_card_1(X3,X1)) => (k10_radix_1(X0,X1,X2) = X3 <=> ! [X4] : (v7_ordinal1(X4) => (r2_hidden(X4,k2_finseq_1(X1)) => k4_radix_1(X4,X0,X1,X3) = k9_radix_1(X4,X0,X2)))))))) [input d9_radix_1]
71. ! [X0,X1,X2] : ((v7_ordinal1(X2) & v7_ordinal1(X1) & v7_ordinal1(X0)) => (m2_finseq_1(k10_radix_1(X0,X1,X2),k3_radix_1(X0)) & v3_card_1(k10_radix_1(X0,X1,X2),X1))) [input dt_k10_radix_1]
118. ! [X0,X1] : ((v7_ordinal1(X1) & v7_ordinal1(X0)) => v7_ordinal1(k2_xcmplx_0(X0,X1))) [input fc1_nat_1]
144. v6_membered(k4_ordinal1) [input fc6_membered]
177. k5_numbers = k4_ordinal1 [input redefinition_k5_numbers]
217. m1_subset_1(1,k1_numbers) & m1_subset_1(1,k5_numbers) & m2_subset_1(1,k1_numbers,k5_numbers) & v2_xxreal_0(1) [input spc1_numerals]
223. ! [X0] : (v7_ordinal1(X0) => ! [X1] : (v7_ordinal1(X1) => ! [X2] : (v7_ordinal1(X2) => (r1_xxreal_0(X0,X1) => r1_xxreal_0(X0,k2_xcmplx_0(X1,X2)))))) [input t12_nat_1]
224. ! [X0] : (v7_ordinal1(X0) => ! [X1] : (v7_ordinal1(X1) => (r2_hidden(X0,k2_finseq_1(X1)) <=> (r1_xxreal_0(X0,X1) & r1_xxreal_0(1,X0))))) [input t1_finseq_1]
277. ? [X0] : (? [X1] : (? [X2] : (? [X3] : ((k4_radix_1(X3,X2,k2_xcmplx_0(X0,1),k10_radix_1(X2,k2_xcmplx_0(X0,1),X1)) != k4_radix_1(X3,X2,X0,k10_radix_1(X2,X0,X1)) & r2_hidden(X3,k2_finseq_1(X0))) & v7_ordinal1(X3)) & v7_ordinal1(X2)) & v7_ordinal1(X1)) & v7_ordinal1(X0)) [ennf transformation 2]
278. ? [X0] : (? [X1] : (? [X2] : (? [X3] : (k4_radix_1(X3,X2,k2_xcmplx_0(X0,1),k10_radix_1(X2,k2_xcmplx_0(X0,1),X1)) != k4_radix_1(X3,X2,X0,k10_radix_1(X2,X0,X1)) & r2_hidden(X3,k2_finseq_1(X0)) & v7_ordinal1(X3)) & v7_ordinal1(X2)) & v7_ordinal1(X1)) & v7_ordinal1(X0)) [flattening 277]
293. ! [X0] : (! [X1] : (v7_ordinal1(X1) | ~m1_subset_1(X1,X0)) | ~v6_membered(X0)) [ennf transformation 18]
306. ! [X0] : (! [X1] : ((r2_hidden(X0,k2_finseq_1(X1)) <=> (r1_xxreal_0(X0,X1) & r1_xxreal_0(1,X0))) | ~v7_ordinal1(X1)) | ~v7_ordinal1(X0)) [ennf transformation 224]
308. ! [X0] : (! [X1] : (! [X2] : ((r1_xxreal_0(X0,k2_xcmplx_0(X1,X2)) | ~r1_xxreal_0(X0,X1)) | ~v7_ordinal1(X2)) | ~v7_ordinal1(X1)) | ~v7_ordinal1(X0)) [ennf transformation 223]
309. ! [X0] : (! [X1] : (! [X2] : (r1_xxreal_0(X0,k2_xcmplx_0(X1,X2)) | ~r1_xxreal_0(X0,X1) | ~v7_ordinal1(X2)) | ~v7_ordinal1(X1)) | ~v7_ordinal1(X0)) [flattening 308]
310. ! [X0] : (! [X1] : (! [X2] : (! [X3] : ((k10_radix_1(X0,X1,X2) = X3 <=> ! [X4] : ((k4_radix_1(X4,X0,X1,X3) = k9_radix_1(X4,X0,X2) | ~r2_hidden(X4,k2_finseq_1(X1))) | ~v7_ordinal1(X4))) | (~m2_finseq_1(X3,k3_radix_1(X0)) | ~v3_card_1(X3,X1))) | ~v7_ordinal1(X2)) | ~v7_ordinal1(X1)) | ~v7_ordinal1(X0)) [ennf transformation 70]
311. ! [X0] : (! [X1] : (! [X2] : (! [X3] : ((k10_radix_1(X0,X1,X2) = X3 <=> ! [X4] : (k4_radix_1(X4,X0,X1,X3) = k9_radix_1(X4,X0,X2) | ~r2_hidden(X4,k2_finseq_1(X1)) | ~v7_ordinal1(X4))) | ~m2_finseq_1(X3,k3_radix_1(X0)) | ~v3_card_1(X3,X1)) | ~v7_ordinal1(X2)) | ~v7_ordinal1(X1)) | ~v7_ordinal1(X0)) [flattening 310]
435. ! [X0,X1] : (v7_ordinal1(k2_xcmplx_0(X0,X1)) | (~v7_ordinal1(X1) | ~v7_ordinal1(X0))) [ennf transformation 118]
436. ! [X0,X1] : (v7_ordinal1(k2_xcmplx_0(X0,X1)) | ~v7_ordinal1(X1) | ~v7_ordinal1(X0)) [flattening 435]
503. ! [X0,X1,X2] : ((m2_finseq_1(k10_radix_1(X0,X1,X2),k3_radix_1(X0)) & v3_card_1(k10_radix_1(X0,X1,X2),X1)) | (~v7_ordinal1(X2) | ~v7_ordinal1(X1) | ~v7_ordinal1(X0))) [ennf transformation 71]
504. ! [X0,X1,X2] : ((m2_finseq_1(k10_radix_1(X0,X1,X2),k3_radix_1(X0)) & v3_card_1(k10_radix_1(X0,X1,X2),X1)) | ~v7_ordinal1(X2) | ~v7_ordinal1(X1) | ~v7_ordinal1(X0)) [flattening 503]
509. ? [X0] : (? [X1] : (? [X2] : (? [X3] : (k4_radix_1(X3,X2,k2_xcmplx_0(X0,1),k10_radix_1(X2,k2_xcmplx_0(X0,1),X1)) != k4_radix_1(X3,X2,X0,k10_radix_1(X2,X0,X1)) & r2_hidden(X3,k2_finseq_1(X0)) & v7_ordinal1(X3)) & v7_ordinal1(X2)) & v7_ordinal1(X1)) & v7_ordinal1(X0)) => (? [X1] : (? [X2] : (? [X3] : (k4_radix_1(X3,X2,k2_xcmplx_0(sK0,1),k10_radix_1(X2,k2_xcmplx_0(sK0,1),X1)) != k4_radix_1(X3,X2,sK0,k10_radix_1(X2,sK0,X1)) & r2_hidden(X3,k2_finseq_1(sK0)) & v7_ordinal1(X3)) & v7_ordinal1(X2)) & v7_ordinal1(X1)) & v7_ordinal1(sK0)) [choice axiom]
510. ? [X1] : (? [X2] : (? [X3] : (k4_radix_1(X3,X2,k2_xcmplx_0(sK0,1),k10_radix_1(X2,k2_xcmplx_0(sK0,1),X1)) != k4_radix_1(X3,X2,sK0,k10_radix_1(X2,sK0,X1)) & r2_hidden(X3,k2_finseq_1(sK0)) & v7_ordinal1(X3)) & v7_ordinal1(X2)) & v7_ordinal1(X1)) => (? [X2] : (? [X3] : (k4_radix_1(X3,X2,k2_xcmplx_0(sK0,1),k10_radix_1(X2,k2_xcmplx_0(sK0,1),sK1)) != k4_radix_1(X3,X2,sK0,k10_radix_1(X2,sK0,sK1)) & r2_hidden(X3,k2_finseq_1(sK0)) & v7_ordinal1(X3)) & v7_ordinal1(X2)) & v7_ordinal1(sK1)) [choice axiom]
511. ? [X2] : (? [X3] : (k4_radix_1(X3,X2,k2_xcmplx_0(sK0,1),k10_radix_1(X2,k2_xcmplx_0(sK0,1),sK1)) != k4_radix_1(X3,X2,sK0,k10_radix_1(X2,sK0,sK1)) & r2_hidden(X3,k2_finseq_1(sK0)) & v7_ordinal1(X3)) & v7_ordinal1(X2)) => (? [X3] : (k4_radix_1(X3,sK2,k2_xcmplx_0(sK0,1),k10_radix_1(sK2,k2_xcmplx_0(sK0,1),sK1)) != k4_radix_1(X3,sK2,sK0,k10_radix_1(sK2,sK0,sK1)) & r2_hidden(X3,k2_finseq_1(sK0)) & v7_ordinal1(X3)) & v7_ordinal1(sK2)) [choice axiom]
512. ? [X3] : (k4_radix_1(X3,sK2,k2_xcmplx_0(sK0,1),k10_radix_1(sK2,k2_xcmplx_0(sK0,1),sK1)) != k4_radix_1(X3,sK2,sK0,k10_radix_1(sK2,sK0,sK1)) & r2_hidden(X3,k2_finseq_1(sK0)) & v7_ordinal1(X3)) => (k4_radix_1(sK3,sK2,k2_xcmplx_0(sK0,1),k10_radix_1(sK2,k2_xcmplx_0(sK0,1),sK1)) != k4_radix_1(sK3,sK2,sK0,k10_radix_1(sK2,sK0,sK1)) & r2_hidden(sK3,k2_finseq_1(sK0)) & v7_ordinal1(sK3)) [choice axiom]
513. (((k4_radix_1(sK3,sK2,k2_xcmplx_0(sK0,1),k10_radix_1(sK2,k2_xcmplx_0(sK0,1),sK1)) != k4_radix_1(sK3,sK2,sK0,k10_radix_1(sK2,sK0,sK1)) & r2_hidden(sK3,k2_finseq_1(sK0)) & v7_ordinal1(sK3)) & v7_ordinal1(sK2)) & v7_ordinal1(sK1)) & v7_ordinal1(sK0) [skolemisation 278,512,511,510,509]
514. ! [X0] : (! [X1] : (((r2_hidden(X0,k2_finseq_1(X1)) | (~r1_xxreal_0(X0,X1) | ~r1_xxreal_0(1,X0))) & ((r1_xxreal_0(X0,X1) & r1_xxreal_0(1,X0)) | ~r2_hidden(X0,k2_finseq_1(X1)))) | ~v7_ordinal1(X1)) | ~v7_ordinal1(X0)) [nnf transformation 306]
515. ! [X0] : (! [X1] : (((r2_hidden(X0,k2_finseq_1(X1)) | ~r1_xxreal_0(X0,X1) | ~r1_xxreal_0(1,X0)) & ((r1_xxreal_0(X0,X1) & r1_xxreal_0(1,X0)) | ~r2_hidden(X0,k2_finseq_1(X1)))) | ~v7_ordinal1(X1)) | ~v7_ordinal1(X0)) [flattening 514]
516. ! [X0] : (! [X1] : (! [X2] : (! [X3] : (((k10_radix_1(X0,X1,X2) = X3 | ? [X4] : (k4_radix_1(X4,X0,X1,X3) != k9_radix_1(X4,X0,X2) & r2_hidden(X4,k2_finseq_1(X1)) & v7_ordinal1(X4))) & (! [X4] : (k4_radix_1(X4,X0,X1,X3) = k9_radix_1(X4,X0,X2) | ~r2_hidden(X4,k2_finseq_1(X1)) | ~v7_ordinal1(X4)) | k10_radix_1(X0,X1,X2) != X3)) | ~m2_finseq_1(X3,k3_radix_1(X0)) | ~v3_card_1(X3,X1)) | ~v7_ordinal1(X2)) | ~v7_ordinal1(X1)) | ~v7_ordinal1(X0)) [nnf transformation 311]
517. ! [X0] : (! [X1] : (! [X2] : (! [X3] : (((k10_radix_1(X0,X1,X2) = X3 | ? [X4] : (k4_radix_1(X4,X0,X1,X3) != k9_radix_1(X4,X0,X2) & r2_hidden(X4,k2_finseq_1(X1)) & v7_ordinal1(X4))) & (! [X5] : (k4_radix_1(X5,X0,X1,X3) = k9_radix_1(X5,X0,X2) | ~r2_hidden(X5,k2_finseq_1(X1)) | ~v7_ordinal1(X5)) | k10_radix_1(X0,X1,X2) != X3)) | ~m2_finseq_1(X3,k3_radix_1(X0)) | ~v3_card_1(X3,X1)) | ~v7_ordinal1(X2)) | ~v7_ordinal1(X1)) | ~v7_ordinal1(X0)) [rectify 516]
518. ! [X3,X2,X1,X0] : (? [X4] : (k4_radix_1(X4,X0,X1,X3) != k9_radix_1(X4,X0,X2) & r2_hidden(X4,k2_finseq_1(X1)) & v7_ordinal1(X4)) => (k4_radix_1(sK4(X0,X1,X2,X3),X0,X1,X3) != k9_radix_1(sK4(X0,X1,X2,X3),X0,X2) & r2_hidden(sK4(X0,X1,X2,X3),k2_finseq_1(X1)) & v7_ordinal1(sK4(X0,X1,X2,X3)))) [choice axiom]
519. ! [X0] : (! [X1] : (! [X2] : (! [X3] : (((k10_radix_1(X0,X1,X2) = X3 | (k4_radix_1(sK4(X0,X1,X2,X3),X0,X1,X3) != k9_radix_1(sK4(X0,X1,X2,X3),X0,X2) & r2_hidden(sK4(X0,X1,X2,X3),k2_finseq_1(X1)) & v7_ordinal1(sK4(X0,X1,X2,X3)))) & (! [X5] : (k4_radix_1(X5,X0,X1,X3) = k9_radix_1(X5,X0,X2) | ~r2_hidden(X5,k2_finseq_1(X1)) | ~v7_ordinal1(X5)) | k10_radix_1(X0,X1,X2) != X3)) | ~m2_finseq_1(X3,k3_radix_1(X0)) | ~v3_card_1(X3,X1)) | ~v7_ordinal1(X2)) | ~v7_ordinal1(X1)) | ~v7_ordinal1(X0)) [skolemisation 517,518]
564. v7_ordinal1(sK0) [cnf transformation 513] {a:0,w:2,wCS:200,goal:1,sine:0,thAx:0,allAx:5,thDist:-5}
565. v7_ordinal1(sK1) [cnf transformation 513] {a:0,w:2,wCS:200,goal:1,sine:0,thAx:0,allAx:5,thDist:-5}
566. v7_ordinal1(sK2) [cnf transformation 513] {a:0,w:2,wCS:200,goal:1,sine:0,thAx:0,allAx:5,thDist:-5}
567. v7_ordinal1(sK3) [cnf transformation 513] {a:0,w:2,wCS:200,goal:1,sine:0,thAx:0,allAx:5,thDist:-5}
568. r2_hidden(sK3,k2_finseq_1(sK0)) [cnf transformation 513] {a:0,w:4,wCS:400,goal:1,sine:0,thAx:0,allAx:5,thDist:-5}
569. k4_radix_1(sK3,sK2,k2_xcmplx_0(sK0,1),k10_radix_1(sK2,k2_xcmplx_0(sK0,1),sK1)) != k4_radix_1(sK3,sK2,sK0,k10_radix_1(sK2,sK0,sK1)) [cnf transformation 513] {a:0,w:21,wCS:2100,goal:1,sine:0,thAx:0,allAx:5,thDist:-5}
578. v6_membered(k4_ordinal1) [cnf transformation 144] {a:0,w:2,wCS:800,sine:255,thAx:0,allAx:1,thDist:-1}
581. k5_numbers = k4_ordinal1 [cnf transformation 177] {a:0,w:3,wCS:1200,sine:255,thAx:0,allAx:1,thDist:-1}
621. m1_subset_1(1,k5_numbers) [cnf transformation 217] {a:0,w:3,wCS:1200,sine:3,thAx:0,allAx:1,thDist:-1}
637. ~m1_subset_1(X1,X0) | v7_ordinal1(X1) | ~v6_membered(X0) [cnf transformation 293] {a:0,w:7,wCS:2800,nSel:1,sine:255,thAx:0,allAx:1,thDist:-1}
652. ~r2_hidden(X0,k2_finseq_1(X1)) | r1_xxreal_0(1,X0) | ~v7_ordinal1(X1) | ~v7_ordinal1(X0) [cnf transformation 515] {a:0,w:11,wCS:4400,nSel:1,sine:1,thAx:0,allAx:1,thDist:-1}
653. ~r2_hidden(X0,k2_finseq_1(X1)) | r1_xxreal_0(X0,X1) | ~v7_ordinal1(X1) | ~v7_ordinal1(X0) [cnf transformation 515] {a:0,w:11,wCS:4400,nSel:1,sine:1,thAx:0,allAx:1,thDist:-1}
654. r2_hidden(X0,k2_finseq_1(X1)) | ~r1_xxreal_0(X0,X1) | ~r1_xxreal_0(1,X0) | ~v7_ordinal1(X1) | ~v7_ordinal1(X0) [cnf transformation 515] {a:0,w:14,wCS:5600,nSel:1,sine:1,thAx:0,allAx:1,thDist:-1}
656. r1_xxreal_0(X0,k2_xcmplx_0(X1,X2)) | ~r1_xxreal_0(X0,X1) | ~v7_ordinal1(X2) | ~v7_ordinal1(X1) | ~v7_ordinal1(X0) [cnf transformation 309] {a:0,w:14,wCS:5600,nSel:1,sine:1,thAx:0,allAx:1,thDist:-1}
657. k4_radix_1(X5,X0,X1,X3) = k9_radix_1(X5,X0,X2) | ~r2_hidden(X5,k2_finseq_1(X1)) | ~v7_ordinal1(X5) | k10_radix_1(X0,X1,X2) != X3 | ~m2_finseq_1(X3,k3_radix_1(X0)) | ~v3_card_1(X3,X1) | ~v7_ordinal1(X2) | ~v7_ordinal1(X1) | ~v7_ordinal1(X0) [cnf transformation 519] {a:0,w:35,wCS:14000,sine:1,thAx:0,allAx:2,thDist:-2}
770. v7_ordinal1(k2_xcmplx_0(X0,X1)) | ~v7_ordinal1(X1) | ~v7_ordinal1(X0) [cnf transformation 436] {a:0,w:8,wCS:3200,nSel:1,sine:1,thAx:0,allAx:1,thDist:-1}
810. v3_card_1(k10_radix_1(X0,X1,X2),X1) | ~v7_ordinal1(X2) | ~v7_ordinal1(X1) | ~v7_ordinal1(X0) [cnf transformation 504] {a:0,w:12,wCS:4800,nSel:1,sine:1,thAx:0,allAx:1,thDist:-1}
811. m2_finseq_1(k10_radix_1(X0,X1,X2),k3_radix_1(X0)) | ~v7_ordinal1(X2) | ~v7_ordinal1(X1) | ~v7_ordinal1(X0) [cnf transformation 504] {a:0,w:13,wCS:5200,nSel:1,sine:1,thAx:0,allAx:1,thDist:-1}
845. k9_radix_1(X5,X0,X2) = k4_radix_1(X5,X0,X1,k10_radix_1(X0,X1,X2)) | ~r2_hidden(X5,k2_finseq_1(X1)) | ~v7_ordinal1(X5) | ~m2_finseq_1(k10_radix_1(X0,X1,X2),k3_radix_1(X0)) | ~v3_card_1(k10_radix_1(X0,X1,X2),X1) | ~v7_ordinal1(X2) | ~v7_ordinal1(X1) | ~v7_ordinal1(X0) [equality resolution 657] {a:0,w:38,wCS:15200,sine:1,thAx:0,allAx:2,thDist:-2}
848. 1 <=> k4_radix_1(sK3,sK2,k2_xcmplx_0(sK0,1),k10_radix_1(sK2,k2_xcmplx_0(sK0,1),sK1)) = k4_radix_1(sK3,sK2,sK0,k10_radix_1(sK2,sK0,sK1)) [avatar definition]
850. k4_radix_1(sK3,sK2,k2_xcmplx_0(sK0,1),k10_radix_1(sK2,k2_xcmplx_0(sK0,1),sK1)) != k4_radix_1(sK3,sK2,sK0,k10_radix_1(sK2,sK0,sK1)) <- (~1) [avatar component clause 848] {a:0,w:21,wCS:2100,nSel:1,goal:1,sine:255,thAx:0,allAx:5,thDist:-5}
851. ~1 [avatar split clause 569,848]
853. 2 <=> r2_hidden(sK3,k2_finseq_1(sK0)) [avatar definition]
855. r2_hidden(sK3,k2_finseq_1(sK0)) <- (2) [avatar component clause 853] {a:0,w:4,wCS:400,nSel:1,goal:1,sine:255,thAx:0,allAx:5,thDist:-5}
856. 2 [avatar split clause 568,853]
858. 3 <=> v7_ordinal1(sK3) [avatar definition]
860. v7_ordinal1(sK3) <- (3) [avatar component clause 858] {a:0,w:2,wCS:200,nSel:1,goal:1,sine:255,thAx:0,allAx:5,thDist:-5}
861. 3 [avatar split clause 567,858]
863. 4 <=> v7_ordinal1(sK2) [avatar definition]
865. v7_ordinal1(sK2) <- (4) [avatar component clause 863] {a:0,w:2,wCS:200,nSel:1,goal:1,sine:255,thAx:0,allAx:5,thDist:-5}
866. 4 [avatar split clause 566,863]
868. 5 <=> v7_ordinal1(sK1) [avatar definition]
870. v7_ordinal1(sK1) <- (5) [avatar component clause 868] {a:0,w:2,wCS:200,nSel:1,goal:1,sine:255,thAx:0,allAx:5,thDist:-5}
871. 5 [avatar split clause 565,868]
873. 6 <=> v7_ordinal1(sK0) [avatar definition]
875. v7_ordinal1(sK0) <- (6) [avatar component clause 873] {a:0,w:2,wCS:200,nSel:1,goal:1,sine:255,thAx:0,allAx:5,thDist:-5}
876. 6 [avatar split clause 564,873]
918. 15 <=> v6_membered(k4_ordinal1) [avatar definition]
920. v6_membered(k4_ordinal1) <- (15) [avatar component clause 918] {a:0,w:2,wCS:800,nSel:1,sine:255,thAx:0,allAx:1,thDist:-1}
921. 15 [avatar split clause 578,918]
933. 18 <=> k5_numbers = k4_ordinal1 [avatar definition]
935. k5_numbers = k4_ordinal1 <- (18) [avatar component clause 933] {a:0,w:3,wCS:1200,nSel:1,sine:255,thAx:0,allAx:1,thDist:-1}
936. 18 [avatar split clause 581,933]
1118. 55 <=> m1_subset_1(1,k5_numbers) [avatar definition]
1120. m1_subset_1(1,k5_numbers) <- (55) [avatar component clause 1118] {a:0,w:3,wCS:1200,nSel:1,sine:255,thAx:0,allAx:1,thDist:-1}
1121. 55 [avatar split clause 621,1118]
1294. v6_membered(k5_numbers) <- (15, 18) [backward demodulation 920,935] {a:0,w:2,wCS:800,sine:255,thAx:0,allAx:1,thDist:-1}
1296. 91 <=> v6_membered(k5_numbers) [avatar definition]
1298. v6_membered(k5_numbers) <- (91) [avatar component clause 1296] {a:0,w:2,wCS:800,nSel:1,sine:255,thAx:0,allAx:1,thDist:-1}
1299. 91 | ~15 | ~18 [avatar split clause 1294,933,918,1296]
2050. v7_ordinal1(1) | ~v6_membered(k5_numbers) <- (55) [resolution 637,1120] {a:1,w:4,wCS:1600,sine:255,thAx:0,allAx:2,thDist:-2}
2065. 205 <=> v7_ordinal1(1) [avatar definition]
2067. v7_ordinal1(1) <- (205) [avatar component clause 2065] {a:1,w:2,wCS:800,nSel:1,sine:255,thAx:0,allAx:2,thDist:-2}
2069. v7_ordinal1(1) <- (55, 91) [subsumption resolution 2050,1298] {a:1,w:2,wCS:800,sine:255,thAx:0,allAx:2,thDist:-2}
2070. 205 | ~55 | ~91 [avatar split clause 2069,1296,1118,2065]
2988. r1_xxreal_0(1,sK3) | ~v7_ordinal1(sK0) | ~v7_ordinal1(sK3) <- (2) [resolution 652,855] {a:1,w:7,wCS:700,goal:1,sine:1,thAx:0,allAx:6,thDist:-6}
2990. r1_xxreal_0(1,sK3) | ~v7_ordinal1(sK3) <- (2, 6) [subsumption resolution 2988,875] {a:1,w:5,wCS:500,goal:1,sine:1,thAx:0,allAx:6,thDist:-6}
2991. r1_xxreal_0(1,sK3) <- (2, 3, 6) [subsumption resolution 2990,860] {a:1,w:3,wCS:300,goal:1,sine:1,thAx:0,allAx:6,thDist:-6}
2993. 307 <=> r1_xxreal_0(1,sK3) [avatar definition]
2995. r1_xxreal_0(1,sK3) <- (307) [avatar component clause 2993] {a:1,w:3,wCS:300,nSel:1,goal:1,sine:255,thAx:0,allAx:6,thDist:-6}
2996. 307 | ~2 | ~3 | ~6 [avatar split clause 2991,873,858,853,2993]
2997. r1_xxreal_0(sK3,sK0) | ~v7_ordinal1(sK0) | ~v7_ordinal1(sK3) <- (2) [resolution 653,855] {a:1,w:7,wCS:700,goal:1,sine:1,thAx:0,allAx:6,thDist:-6}
2999. r1_xxreal_0(sK3,sK0) | ~v7_ordinal1(sK3) <- (2, 6) [subsumption resolution 2997,875] {a:1,w:5,wCS:500,goal:1,sine:1,thAx:0,allAx:6,thDist:-6}
3000. r1_xxreal_0(sK3,sK0) <- (2, 3, 6) [subsumption resolution 2999,860] {a:1,w:3,wCS:300,goal:1,sine:1,thAx:0,allAx:6,thDist:-6}
3002. 308 <=> r1_xxreal_0(sK3,sK0) [avatar definition]
3004. r1_xxreal_0(sK3,sK0) <- (308) [avatar component clause 3002] {a:1,w:3,wCS:300,nSel:1,goal:1,sine:255,thAx:0,allAx:6,thDist:-6}
3005. 308 | ~2 | ~3 | ~6 [avatar split clause 3000,873,858,853,3002]
3883. k9_radix_1(X5,X0,X2) = k4_radix_1(X5,X0,X1,k10_radix_1(X0,X1,X2)) | ~r2_hidden(X5,k2_finseq_1(X1)) | ~v7_ordinal1(X5) | ~v3_card_1(k10_radix_1(X0,X1,X2),X1) | ~v7_ordinal1(X2) | ~v7_ordinal1(X1) | ~v7_ordinal1(X0) [subsumption resolution 845,811] {a:0,w:31,wCS:12400,sine:1,thAx:0,allAx:2,thDist:-2}
3884. k9_radix_1(X5,X0,X2) = k4_radix_1(X5,X0,X1,k10_radix_1(X0,X1,X2)) | ~r2_hidden(X5,k2_finseq_1(X1)) | ~v7_ordinal1(X5) | ~v7_ordinal1(X2) | ~v7_ordinal1(X1) | ~v7_ordinal1(X0) [subsumption resolution 3883,810] {a:0,w:25,wCS:10000,nSel:1,sine:1,thAx:0,allAx:2,thDist:-2}
3885. k4_radix_1(sK3,sK2,sK0,k10_radix_1(sK2,sK0,sK1)) != k9_radix_1(sK3,sK2,sK1) | ~r2_hidden(sK3,k2_finseq_1(k2_xcmplx_0(sK0,1))) | ~v7_ordinal1(sK3) | ~v7_ordinal1(sK1) | ~v7_ordinal1(k2_xcmplx_0(sK0,1)) | ~v7_ordinal1(sK2) <- (~1) [superposition 850,3884] {a:1,w:29,wCS:2900,goal:1,sine:1,thAx:0,allAx:7,thDist:-7}
3890. k4_radix_1(sK3,sK2,sK0,k10_radix_1(sK2,sK0,sK1)) != k9_radix_1(sK3,sK2,sK1) | ~r2_hidden(sK3,k2_finseq_1(k2_xcmplx_0(sK0,1))) | ~v7_ordinal1(sK1) | ~v7_ordinal1(k2_xcmplx_0(sK0,1)) | ~v7_ordinal1(sK2) <- (~1, 3) [subsumption resolution 3885,860] {a:1,w:27,wCS:2700,goal:1,sine:1,thAx:0,allAx:7,thDist:-7}
3891. k4_radix_1(sK3,sK2,sK0,k10_radix_1(sK2,sK0,sK1)) != k9_radix_1(sK3,sK2,sK1) | ~r2_hidden(sK3,k2_finseq_1(k2_xcmplx_0(sK0,1))) | ~v7_ordinal1(k2_xcmplx_0(sK0,1)) | ~v7_ordinal1(sK2) <- (~1, 3, 5) [subsumption resolution 3890,870] {a:1,w:25,wCS:2500,goal:1,sine:1,thAx:0,allAx:7,thDist:-7}
3892. k4_radix_1(sK3,sK2,sK0,k10_radix_1(sK2,sK0,sK1)) != k9_radix_1(sK3,sK2,sK1) | ~r2_hidden(sK3,k2_finseq_1(k2_xcmplx_0(sK0,1))) | ~v7_ordinal1(k2_xcmplx_0(sK0,1)) <- (~1, 3, 4, 5) [subsumption resolution 3891,865] {a:1,w:23,wCS:2300,goal:1,sine:1,thAx:0,allAx:7,thDist:-7}
3894. 358 <=> v7_ordinal1(k2_xcmplx_0(sK0,1)) [avatar definition]
3895. v7_ordinal1(k2_xcmplx_0(sK0,1)) <- (358) [avatar component clause 3894] {a:1,w:4,wCS:400,nSel:1,goal:1,sine:255,thAx:0,allAx:7,thDist:-7}
3896. ~v7_ordinal1(k2_xcmplx_0(sK0,1)) <- (~358) [avatar component clause 3894] {a:1,w:4,wCS:400,nSel:1,goal:1,sine:255,thAx:0,allAx:7,thDist:-7}
3898. 359 <=> r2_hidden(sK3,k2_finseq_1(k2_xcmplx_0(sK0,1))) [avatar definition]
3900. ~r2_hidden(sK3,k2_finseq_1(k2_xcmplx_0(sK0,1))) <- (~359) [avatar component clause 3898] {a:1,w:6,wCS:600,nSel:1,goal:1,sine:255,thAx:0,allAx:7,thDist:-7}
3902. 360 <=> k4_radix_1(sK3,sK2,sK0,k10_radix_1(sK2,sK0,sK1)) = k9_radix_1(sK3,sK2,sK1) [avatar definition]
3904. k4_radix_1(sK3,sK2,sK0,k10_radix_1(sK2,sK0,sK1)) != k9_radix_1(sK3,sK2,sK1) <- (~360) [avatar component clause 3902] {a:1,w:13,wCS:1300,nSel:1,goal:1,sine:255,thAx:0,allAx:7,thDist:-7}
3905. ~358 | ~359 | ~360 | 1 | ~3 | ~4 | ~5 [avatar split clause 3892,868,863,858,848,3902,3898,3894]
3910. ~v7_ordinal1(1) | ~v7_ordinal1(sK0) <- (~358) [resolution 3896,770] {a:2,w:4,wCS:400,goal:1,sine:1,thAx:0,allAx:8,thDist:-8}
3914. ~v7_ordinal1(sK0) <- (205, ~358) [subsumption resolution 3910,2067] {a:2,w:2,wCS:200,goal:1,sine:1,thAx:0,allAx:8,thDist:-8}
3915. $false <- (6, 205, ~358) [subsumption resolution 3914,875] {a:2,w:0,goal:1,sine:1,thAx:0,allAx:8,thDist:-8}
3916. ~6 | ~205 | 358 [avatar contradiction clause 3915]
3945. ~r1_xxreal_0(sK3,k2_xcmplx_0(sK0,1)) | ~r1_xxreal_0(1,sK3) | ~v7_ordinal1(k2_xcmplx_0(sK0,1)) | ~v7_ordinal1(sK3) <- (~359) [resolution 3900,654] {a:2,w:14,wCS:1400,goal:1,sine:1,thAx:0,allAx:8,thDist:-8}
3948. ~r1_xxreal_0(sK3,k2_xcmplx_0(sK0,1)) | ~v7_ordinal1(k2_xcmplx_0(sK0,1)) | ~v7_ordinal1(sK3) <- (307, ~359) [subsumption resolution 3945,2995] {a:2,w:11,wCS:1100,goal:1,sine:1,thAx:0,allAx:8,thDist:-8}
3949. ~r1_xxreal_0(sK3,k2_xcmplx_0(sK0,1)) | ~v7_ordinal1(sK3) <- (307, 358, ~359) [subsumption resolution 3948,3895] {a:2,w:7,wCS:700,goal:1,sine:1,thAx:0,allAx:8,thDist:-8}
3950. ~r1_xxreal_0(sK3,k2_xcmplx_0(sK0,1)) <- (3, 307, 358, ~359) [subsumption resolution 3949,860] {a:2,w:5,wCS:500,goal:1,sine:1,thAx:0,allAx:8,thDist:-8}
3952. 364 <=> r1_xxreal_0(sK3,k2_xcmplx_0(sK0,1)) [avatar definition]
3954. ~r1_xxreal_0(sK3,k2_xcmplx_0(sK0,1)) <- (~364) [avatar component clause 3952] {a:2,w:5,wCS:500,nSel:1,goal:1,sine:255,thAx:0,allAx:8,thDist:-8}
3955. ~364 | ~3 | ~307 | ~358 | 359 [avatar split clause 3950,3898,3894,2993,858,3952]
4088. ~r1_xxreal_0(sK3,sK0) | ~v7_ordinal1(1) | ~v7_ordinal1(sK0) | ~v7_ordinal1(sK3) <- (~364) [resolution 3954,656] {a:3,w:9,wCS:900,goal:1,sine:1,thAx:0,allAx:9,thDist:-9}
4094. ~v7_ordinal1(1) | ~v7_ordinal1(sK0) | ~v7_ordinal1(sK3) <- (308, ~364) [subsumption resolution 4088,3004] {a:3,w:6,wCS:600,goal:1,sine:1,thAx:0,allAx:9,thDist:-9}
4095. ~v7_ordinal1(sK0) | ~v7_ordinal1(sK3) <- (205, 308, ~364) [subsumption resolution 4094,2067] {a:3,w:4,wCS:400,goal:1,sine:1,thAx:0,allAx:9,thDist:-9}
4096. ~v7_ordinal1(sK3) <- (6, 205, 308, ~364) [subsumption resolution 4095,875] {a:3,w:2,wCS:200,goal:1,sine:1,thAx:0,allAx:9,thDist:-9}
4097. $false <- (3, 6, 205, 308, ~364) [subsumption resolution 4096,860] {a:3,w:0,goal:1,sine:1,thAx:0,allAx:9,thDist:-9}
4098. ~3 | ~6 | ~205 | ~308 | 364 [avatar contradiction clause 4097]
4332. k9_radix_1(sK3,sK2,sK1) != k9_radix_1(sK3,sK2,sK1) | ~r2_hidden(sK3,k2_finseq_1(sK0)) | ~v7_ordinal1(sK3) | ~v7_ordinal1(sK1) | ~v7_ordinal1(sK0) | ~v7_ordinal1(sK2) <- (~360) [superposition 3904,3884] {a:2,w:21,wCS:2100,goal:1,sine:1,thAx:0,allAx:9,thDist:-9}
4333. ~r2_hidden(sK3,k2_finseq_1(sK0)) | ~v7_ordinal1(sK3) | ~v7_ordinal1(sK1) | ~v7_ordinal1(sK0) | ~v7_ordinal1(sK2) <- (~360) [trivial inequality removal 4332] {a:2,w:12,wCS:1200,goal:1,sine:1,thAx:0,allAx:9,thDist:-9}
4335. ~v7_ordinal1(sK3) | ~v7_ordinal1(sK1) | ~v7_ordinal1(sK0) | ~v7_ordinal1(sK2) <- (2, ~360) [subsumption resolution 4333,855] {a:2,w:8,wCS:800,goal:1,sine:1,thAx:0,allAx:9,thDist:-9}
4336. ~v7_ordinal1(sK1) | ~v7_ordinal1(sK0) | ~v7_ordinal1(sK2) <- (2, 3, ~360) [subsumption resolution 4335,860] {a:2,w:6,wCS:600,goal:1,sine:1,thAx:0,allAx:9,thDist:-9}
4337. ~v7_ordinal1(sK0) | ~v7_ordinal1(sK2) <- (2, 3, 5, ~360) [subsumption resolution 4336,870] {a:2,w:4,wCS:400,goal:1,sine:1,thAx:0,allAx:9,thDist:-9}
4338. ~v7_ordinal1(sK2) <- (2, 3, 5, 6, ~360) [subsumption resolution 4337,875] {a:2,w:2,wCS:200,goal:1,sine:1,thAx:0,allAx:9,thDist:-9}
4339. $false <- (2, 3, 4, 5, 6, ~360) [subsumption resolution 4338,865] {a:2,w:0,goal:1,sine:1,thAx:0,allAx:9,thDist:-9}
4340. ~2 | ~3 | ~4 | ~5 | ~6 | 360 [avatar contradiction clause 4339]
4341. $false [avatar sat refutation 851,856,861,866,871,876,921,936,1121,1299,2070,2996,3005,3905,3916,3955,4098,4340] {a:0,w:0,goal:1,sine:0,thAx:0,allAx:2962,thDist:-2962}
% SZS output end Proof for radix_4__l3_radix_4
% ------------------------------
% Version: Vampire 4.5.1 (commit 226f88162 on 2021-09-12 20:13:44 +0200)
% Termination reason: Refutation

% >>> Input
% Input formulas: 241
% >>> Preprocessing
% Introduced skolems: 25
% Pure predicates: 7
% Unused predicate definitions: 1
% 
% >>> Saturation
% Initial clauses: 281
% Generated clauses: 2129
% Active clauses: 468
% Passive clauses: 899
% Final active clauses: 451
% Final passive clauses: 412
% Main loop iterations started: 476
% 
% >>> Simplifying Inferences
% Duplicate literals: 130
% Trivial inequalities: 1
% Fw subsumption resolutions: 311
% Fw demodulations: 1
% Bw demodulations: 1
% 
% >>> Deletion Inferences
% Simple tautologies: 43
% Equational tautologies: 2
% Forward subsumptions: 279
% Fw demodulations to eq. taut.: 2
% 
% >>> Generating Inferences
% Binary resolution: 716
% Unit resulting resolution: 18
% Factoring: 1
% Forward superposition: 239
% Backward superposition: 102
% Self superposition: 2
% 
% >>> AVATAR
% Split clauses: 161
% Split components: 405
% Sat splitting refutations: 40
% 
% >>> SAT Solver Statistics
% SAT solver clauses: 492
% SAT solver unit clauses: 96
% SAT solver binary clauses: 193
% 
% Memory used [KB]: 7931
% Time elapsed: 0.026 s
% ------------------------------
% ------------------------------
% Time measurement results:
% parsing: 0.003 s
% SAT solver time: 0.001 s
% term sharing: 0.001 s
% congruence closure: 0.005 s
% backward demodulation index maintenance: 0.002 s
% forward subsumption: 0.001 s
% forward subsumption resolution: 0.001 s
% forward demodulation: 0.001 s
% resolution: 0.002 s
% unit resulting resolution: 0.001 s ( own 0.0000 s ) 
% superposition: 0.001 s
% other: 0.026 s ( own 0.008 s ) 

