i: [1,113,0,2,1,1,0,0] t1_incsp_1
a: [3,203,0,2,1,113]
s: 203
i: [1,119,0,16,3,1,0,0] t1_incsp_1
a: [3,176,0,4,1,119]
s: 176
a: [3,180,0,4,1,119]
s: 180
i: [1,116,0,4,1,1,0,0] t1_incsp_1
a: [3,188,0,4,1,116]
s: 188
i: [1,115,0,4,1,1,0,0] t1_incsp_1
a: [3,193,0,4,1,115]
s: 193
i: [1,114,0,4,1,1,0,0] t1_incsp_1
a: [3,198,0,4,1,114]
s: 198
a: [3,173,0,8,1,119]
s: 173
i: [1,120,0,2,1,0,0,255] fc1_xboole_0
a: [3,208,0,2,1,120]
s: 208
i: [1,162,0,2,1,0,0,2] rc2_xboole_0
a: [3,213,0,2,1,162]
s: 213
i: [1,163,0,2,1,0,0,1] existence_l1_incsp_1
a: [3,218,0,2,1,163]
s: 218
i: [1,164,0,2,1,0,0,2] rc1_xboole_0
a: [3,223,0,2,1,164]
s: 223
i: [1,121,0,3,1,0,0,2] fc1_subset_1
s: 121
i: [1,152,0,3,1,0,0,2] rc2_subset_1
s: 152
i: [1,155,0,3,1,0,0,255] reflexivity_r1_tarski
s: 155
i: [1,150,0,4,1,0,0,1] existence_m1_subset_1
s: 150
i: [1,154,0,4,1,0,0,255] rc3_subset_1
s: 154
i: [1,156,0,4,1,0,0,2] fc3_xboole_0
s: 156
i: [1,125,0,5,2,0,0,2] rc1_subset_1
s: 125
i: [1,128,0,5,2,0,0,1] dt_u2_incsp_1
s: 128
i: [1,129,0,5,2,0,0,1] dt_u1_incsp_1
s: 129
i: [1,134,0,5,2,0,0,255] t6_boole
s: 134
i: [1,141,0,5,2,0,0,2] t7_boole
s: 141
i: [1,151,0,5,1,0,0,2] rc2_subset_1
s: 151
i: [1,153,0,5,1,0,0,255] rc3_subset_1
s: 153
i: [1,166,0,5,1,0,0,2] d2_tarski
s: 166
i: [1,168,0,5,1,0,0,2] d2_tarski
s: 168
i: [1,127,0,6,2,0,0,255] rc4_subset_1
s: 127
i: [1,137,0,6,2,0,0,2] t1_subset
s: 137
d: [2,229,1,5,1,0,40,137,166]
s: 229
i: [1,158,0,6,2,0,0,2] antisymmetry_r2_hidden
s: 158
i: [1,124,0,7,2,0,0,2] rc1_subset_1
s: 124
d: [2,230,1,5,1,0,40,137,168]
s: 230
i: [1,126,0,7,2,0,0,255] rc4_subset_1
s: 126
d: [2,231,1,5,1,0,40,158,166]
s: 231
i: [1,139,0,7,2,0,0,255] t3_subset
s: 139
i: [1,140,0,7,3,0,0,2] t8_boole
s: 140
d: [2,232,1,5,1,0,40,158,168]
s: 232
i: [1,157,0,7,1,0,0,2] commutativity_k2_tarski
s: 157
d: [2,225,1,7,3,0,44,134,134]
s: 225
i: [1,135,0,8,3,0,0,2] cc1_subset_1
s: 135
i: [1,138,0,8,3,0,0,2] t2_subset
s: 138
d: [2,255,1,7,2,1,40,138,188]
a: [3,280,1,3,1,255]
s: 280
d: [2,292,2,0,0,2,52,203,280,129]
e: 292
d: [2,293,2,2,1,1,40,280,129]
d: [2,295,2,0,0,2,21,293,203]
e: 295
r: 280
i: [1,136,0,9,3,0,0,255] cc4_subset_1
s: 136
a: [3,279,1,3,1,255]
s: 279
i: [1,149,0,9,3,0,0,2] t5_subset
s: 149
i: [1,142,0,10,3,0,0,2] t4_subset
s: 142
d: [2,254,1,7,2,1,40,138,198]
a: [3,267,1,4,1,254]
s: 267
i: [1,122,0,11,4,0,0,255] cc3_subset_1
s: 122
a: [3,270,1,3,1,254]
s: 270
i: [1,123,0,11,4,0,0,255] cc2_subset_1
s: 123
i: [1,169,0,11,3,0,0,2] d2_tarski
s: 169
a: [3,276,1,4,1,255]
s: 276
i: [1,159,0,15,4,0,0,1] dt_k7_domain_1
s: 159
d: [2,256,1,7,2,1,40,138,193]
a: [3,285,1,4,1,256]
s: 285
i: [1,160,0,16,4,0,0,1] redefinition_k7_domain_1
s: 160
i: [1,147,0,17,3,0,0,2] d2_tarski
s: 147
d: [2,315,2,4,1,1,40,267,158]
a: [3,321,2,4,1,315]
s: 321
i: [1,148,0,17,3,0,0,2] d2_tarski
s: 148
d: [2,338,2,4,1,1,40,276,158]
a: [3,344,2,4,1,338]
s: 344
i: [1,161,0,17,4,0,0,1] commutativity_k7_domain_1
s: 161
i: [1,132,0,21,5,0,0,1] d4_incsp_1
s: 132
d: [2,354,2,4,1,1,40,285,158]
a: [3,360,2,4,1,354]
s: 360
i: [1,131,0,22,5,0,0,1] d4_incsp_1
s: 131
d: [2,362,1,17,4,1,44,173,160]
d: [2,365,1,13,3,2,21,362,188]
d: [2,366,1,9,2,3,21,365,193]
d: [2,367,1,6,1,4,21,366,279]
a: [3,371,1,6,1,367]
s: 371
i: [1,133,0,22,5,0,0,1] d4_incsp_1
s: 133
i: [1,146,0,23,4,0,0,2] d2_tarski
s: 146
d: [2,250,1,5,2,0,40,135,153]
s: 250
i: [1,130,0,26,7,0,0,1] d4_incsp_1
s: 130
d: [2,259,1,8,2,0,40,138,151]
d: [2,289,1,5,1,0,21,259,121]
s: 289
d: [2,395,0,22,6,0,21,130,142]
s: 395
d: [2,260,1,8,2,0,40,138,153]
d: [2,290,1,5,1,0,21,260,121]
s: 290
d: [2,327,1,9,3,0,40,122,153]
d: [2,333,1,5,2,0,21,327,154]
s: 333
d: [2,252,1,6,2,0,40,135,150]
s: 252
d: [2,396,2,5,1,0,40,289,158]
s: 396
d: [2,253,1,6,2,0,40,138,150]
s: 253
d: [2,299,1,6,2,0,40,136,151]
s: 299
d: [2,409,2,5,1,0,40,290,158]
s: 409
d: [2,305,1,6,2,0,40,149,151]
s: 305
d: [2,306,1,6,2,0,40,149,153]
s: 306
d: [2,326,1,9,3,0,40,122,151]
d: [2,332,1,6,2,0,21,326,152]
s: 332
d: [2,251,1,7,3,0,40,135,139]
s: 251
d: [2,413,2,6,2,0,40,253,158]
s: 413
d: [2,257,1,10,3,0,40,138,124]
d: [2,287,1,7,2,0,21,257,121]
s: 287
d: [2,258,1,10,3,0,40,138,126]
d: [2,288,1,7,2,0,21,258,121]
s: 288
d: [2,261,1,10,3,0,40,138,139]
d: [2,291,1,7,2,0,21,261,121]
s: 291
d: [2,302,1,7,2,0,40,136,150]
s: 302
d: [2,432,2,6,1,0,40,291,232]
s: 432
d: [2,308,1,7,2,0,40,149,150]
s: 308
d: [2,436,2,6,1,0,40,291,231]
s: 436
d: [2,311,1,7,2,0,40,142,151]
s: 311
d: [2,312,1,7,2,0,40,142,153]
s: 312
d: [2,437,3,6,1,0,44,432,157]
s: 437
d: [2,301,1,8,3,0,40,136,139]
s: 301
d: [2,450,2,5,2,0,40,301,155]
s: 450
d: [2,307,1,8,3,0,40,149,139]
s: 307
d: [2,314,1,8,2,0,40,142,150]
s: 314
d: [2,438,3,6,1,0,44,432,157]
s: 438
d: [2,309,1,9,3,0,40,142,124]
s: 309
d: [2,426,2,7,2,0,40,287,158]
s: 426
d: [2,310,1,9,3,0,40,142,126]
s: 310
d: [2,313,1,9,3,0,40,142,139]
s: 313
d: [2,429,2,7,2,0,40,288,158]
s: 429
d: [2,328,1,10,4,0,40,122,139]
s: 328
d: [2,433,2,7,2,0,40,291,158]
s: 433
d: [2,329,1,11,3,0,40,122,150]
s: 329
d: [2,363,1,22,7,0,44,159,160]
d: [2,364,1,14,4,0,18,363]
s: 364
d: [2,455,2,10,3,0,40,309,253]
d: [2,458,2,7,2,0,21,455,125]
s: 458
d: [2,351,1,18,5,0,40,159,138]
d: [2,353,1,15,4,0,21,351,121]
s: 353
d: [2,486,3,9,3,0,40,458,138]
d: [2,487,3,7,2,0,18,486]
s: 487
d: [2,377,1,24,7,0,44,160,161]
d: [2,380,1,16,4,0,18,377]
s: 380
d: [2,375,1,24,7,0,44,160,161]
d: [2,382,1,16,4,0,18,375]
s: 382
d: [2,484,3,10,3,0,40,458,135]
d: [2,492,3,7,2,0,21,484,121]
s: 492
d: [2,374,1,24,7,0,44,161,160]
d: [2,383,1,16,4,0,18,374]
s: 383
d: [2,503,4,7,2,0,40,487,158]
s: 503
d: [2,373,1,24,7,0,44,161,160]
d: [2,384,1,16,4,0,18,373]
s: 384
d: [2,347,1,17,5,0,40,159,142]
s: 347
d: [2,447,2,8,2,0,40,312,253]
s: 447
d: [2,387,1,17,5,0,40,132,141]
s: 387
d: [2,464,3,8,2,0,40,433,291]
s: 464
d: [2,346,1,21,6,0,40,159,122]
d: [2,352,1,19,5,0,18,346]
s: 352
d: [2,393,1,19,4,0,40,146,141]
s: 393
d: [2,572,4,5,1,0,40,464,155]
s: 572
d: [2,385,1,21,5,0,40,132,158]
s: 385
d: [2,482,3,11,3,0,40,458,149]
d: [2,490,3,8,2,0,21,482,121]
s: 490
d: [2,386,1,21,5,0,40,132,137]
s: 386
d: [2,402,1,21,5,0,40,395,151]
s: 402
d: [2,483,3,11,3,0,40,458,136]
d: [2,491,3,8,2,0,21,483,121]
s: 491
d: [2,403,1,21,5,0,40,395,153]
s: 403
d: [2,556,3,10,3,0,40,447,138]
d: [2,557,3,8,2,0,21,556,250]
s: 557
d: [2,404,1,21,6,0,40,395,139]
s: 404
d: [2,400,1,24,6,0,40,395,124]
d: [2,407,1,21,5,0,21,400,129]
s: 407
d: [2,611,4,6,2,0,40,557,305]
s: 611
d: [2,401,1,24,6,0,40,395,126]
d: [2,408,1,21,5,0,21,401,129]
s: 408
d: [2,613,4,6,2,0,40,557,306]
s: 613
d: [2,389,1,25,6,0,40,131,138]
d: [2,390,1,22,5,0,21,389,129]
s: 390
d: [2,391,1,23,4,0,40,146,158]
s: 391
d: [2,608,4,7,2,0,40,557,308]
s: 608
d: [2,392,1,23,4,0,40,146,137]
s: 392
d: [2,507,4,11,3,0,40,487,309]
d: [2,516,4,8,2,0,21,507,125]
s: 516
d: [2,405,1,23,5,0,40,395,150]
s: 405
d: [2,399,1,36,8,0,40,395,159]
d: [2,406,1,33,7,0,21,399,129]
s: 406
d: [2,600,4,8,2,0,40,557,158]
s: 600
d: [2,388,1,35,6,0,40,132,169]
s: 388
d: [2,609,4,8,2,0,40,557,490]
s: 609
d: [2,394,1,39,5,0,40,146,169]
s: 394
d: [2,452,2,10,2,0,40,314,253]
s: 452
d: [2,638,5,10,3,0,40,516,138]
d: [2,639,5,8,2,0,18,638]
s: 639
d: [2,459,2,10,3,0,40,310,253]
s: 459
d: [2,635,5,11,3,0,40,516,135]
d: [2,644,5,8,2,0,21,635,121]
s: 644
d: [2,416,2,16,3,0,40,253,169]
d: [2,417,2,12,2,0,21,416,156]
s: 417
d: [2,561,2,16,4,0,40,387,151]
d: [2,570,2,12,3,0,21,561,152]
s: 570
d: [2,702,6,8,2,0,40,639,158]
s: 702
d: [2,474,2,17,5,0,40,364,138]
d: [2,479,2,14,4,0,21,474,121]
s: 479
d: [2,481,3,12,3,0,40,458,142]
d: [2,489,3,9,2,0,21,481,121]
s: 489
d: [2,499,2,22,7,0,44,353,160]
d: [2,500,2,14,4,0,18,499]
s: 500
d: [2,521,2,22,7,0,44,353,380]
d: [2,530,2,14,4,0,18,521]
s: 530
d: [2,739,3,9,2,0,46,417]
s: 739
d: [2,494,2,15,4,0,40,353,158]
s: 494
d: [2,755,4,6,1,0,47,739]
s: 755
d: [2,469,2,16,5,0,40,364,142]
s: 469
d: [2,545,2,24,8,0,44,347,160]
d: [2,546,2,16,5,0,18,545]
s: 546
d: [2,742,3,9,3,0,40,479,232]
s: 742
d: [2,542,2,24,8,0,44,347,380]
d: [2,549,2,16,5,0,18,542]
s: 549
d: [2,743,3,9,3,0,40,479,231]
s: 743
d: [2,562,2,16,4,0,40,387,153]
s: 562
d: [2,563,2,16,5,0,40,387,139]
s: 563
d: [2,513,4,9,2,0,40,487,312]
s: 513
d: [2,560,2,19,5,0,40,387,126]
d: [2,569,2,16,4,0,21,560,129]
s: 569
d: [2,633,5,12,3,0,40,516,149]
d: [2,642,5,9,2,0,21,633,121]
s: 642
d: [2,584,2,16,4,0,46,393]
s: 584
d: [2,565,2,18,4,0,40,387,150]
s: 565
d: [2,634,5,12,3,0,40,516,136]
d: [2,643,5,9,2,0,21,634,121]
s: 643
d: [2,419,2,19,5,0,40,305,132]
s: 419
d: [2,791,5,11,3,0,40,513,138]
d: [2,792,5,9,2,0,21,791,250]
s: 792
d: [2,422,2,19,5,0,40,306,132]
s: 422
d: [2,614,2,19,5,0,40,404,155]
s: 614
d: [2,707,6,12,3,0,40,639,309]
d: [2,717,6,9,2,0,21,707,125]
s: 717
d: [2,538,2,20,5,0,40,347,253]
s: 538
d: [2,798,6,9,2,0,40,642,557]
s: 798
d: [2,440,2,21,5,0,40,308,132]
s: 440
d: [2,420,2,22,4,0,40,305,146]
s: 420
d: [2,806,6,9,2,0,40,792,158]
s: 806
d: [2,423,2,22,4,0,40,306,146]
s: 423
d: [2,818,6,9,2,0,40,792,642]
s: 818
d: [2,617,2,22,5,0,40,390,158]
s: 617
d: [2,445,2,24,5,0,40,311,132]
s: 445
d: [2,832,7,11,3,0,40,717,138]
d: [2,833,7,9,2,0,18,832]
s: 833
d: [2,448,2,24,5,0,40,312,132]
s: 448
d: [2,829,7,12,3,0,40,717,135]
d: [2,838,7,9,2,0,21,829,121]
s: 838
d: [2,441,2,25,4,0,40,308,146]
s: 441
d: [2,596,2,25,6,0,40,386,135]
s: 596
d: [2,899,8,9,2,0,40,833,158]
s: 899
d: [2,456,2,26,6,0,40,309,132]
s: 456
d: [2,700,3,12,3,0,40,452,138]
d: [2,701,3,10,2,0,21,700,252]
s: 701
d: [2,460,2,26,6,0,40,310,132]
s: 460
d: [2,594,2,26,6,0,40,386,149]
s: 594
d: [2,968,4,7,2,0,40,701,305]
s: 968
d: [2,595,2,26,6,0,40,386,136]
s: 595
d: [2,970,4,7,2,0,40,701,306]
s: 970
d: [2,446,2,27,4,0,40,311,146]
s: 446
d: [2,449,2,27,4,0,40,312,146]
s: 449
d: [2,963,4,8,2,0,40,701,308]
s: 963
d: [2,453,2,27,5,0,40,314,132]
s: 453
d: [2,965,4,9,2,0,40,701,490]
s: 965
d: [2,593,2,27,6,0,40,386,142]
s: 593
d: [2,558,2,31,7,0,40,387,159]
d: [2,568,2,28,6,0,21,558,129]
s: 568
d: [2,1036,3,20,5,1,40,568,173]
d: [2,1047,3,16,4,2,21,1036,198]
d: [2,1048,3,14,3,3,21,1047,203]
d: [2,1049,3,10,2,4,21,1048,188]
d: [2,1050,3,6,1,5,21,1049,193]
a: [3,1054,3,6,1,1050]
s: 1054
d: [2,626,2,28,5,0,40,392,135]
s: 626
d: [2,725,3,12,4,0,40,459,138]
d: [2,726,3,10,3,0,18,725]
s: 726
d: [2,457,2,29,5,0,40,309,146]
s: 457
d: [2,461,2,29,5,0,40,310,146]
s: 461
d: [2,610,4,10,2,0,40,557,311]
s: 610
d: [2,473,2,32,8,0,40,364,395]
d: [2,478,2,29,7,0,21,473,129]
s: 478
d: [2,612,4,10,2,0,40,557,312]
s: 612
d: [2,624,2,29,5,0,40,392,149]
s: 624
d: [2,625,2,29,5,0,40,392,136]
s: 625
d: [2,954,4,10,2,0,40,701,158]
s: 954
d: [2,647,2,40,10,0,44,406,380]
d: [2,654,2,32,8,0,18,647]
d: [2,655,2,29,7,0,21,654,129]
s: 655
d: [2,1067,4,10,3,0,40,726,158]
s: 1067
d: [2,650,2,40,10,0,44,406,160]
d: [2,651,2,32,8,0,18,650]
d: [2,656,2,29,7,0,21,651,129]
s: 656
d: [2,623,2,30,5,0,40,392,142]
s: 623
d: [2,632,5,13,3,0,40,516,142]
d: [2,641,5,10,2,0,21,632,121]
s: 641
d: [2,665,2,30,6,0,46,388]
s: 665
d: [2,1130,5,12,3,0,40,610,138]
d: [2,1131,5,10,2,0,21,1130,611]
s: 1131
d: [2,454,2,31,4,0,40,314,146]
s: 454
d: [2,663,2,50,10,0,44,131,388]
d: [2,667,2,31,6,0,18,663]
s: 667
d: [2,1199,6,7,2,0,40,1131,305]
s: 1199
d: [2,662,2,50,10,0,44,133,388]
d: [2,668,2,31,6,0,18,662]
s: 668
d: [2,1201,6,7,2,0,40,1131,306]
s: 1201
d: [2,659,2,50,10,0,44,390,388]
d: [2,671,2,31,6,0,18,659]
s: 671
d: [2,592,2,32,7,0,40,386,122]
s: 592
d: [2,1193,6,8,2,0,40,1131,308]
s: 1193
d: [2,682,2,34,5,0,46,394]
s: 682
d: [2,1195,6,9,2,0,40,1131,490]
s: 1195
d: [2,683,2,34,5,0,46,394]
s: 683
d: [2,684,2,34,5,0,46,394]
s: 684
d: [2,1141,5,12,3,0,40,612,138]
d: [2,1142,5,10,2,0,21,1141,613]
s: 1142
d: [2,680,2,46,7,0,44,148,394]
d: [2,686,2,39,6,0,18,680]
d: [2,691,2,34,5,0,21,686,166]
s: 691
d: [2,1298,6,7,2,0,40,1142,305]
s: 1298
d: [2,681,2,46,7,0,44,147,394]
d: [2,685,2,39,6,0,18,681]
d: [2,692,2,34,5,0,21,685,166]
s: 692
d: [2,622,2,35,6,0,40,392,122]
s: 622
d: [2,1300,6,7,2,0,40,1142,306]
s: 1300
d: [2,540,2,38,8,0,40,347,132]
s: 540
d: [2,1292,6,8,2,0,40,1142,308]
s: 1292
d: [2,597,2,41,8,0,40,386,387]
s: 597
d: [2,541,2,43,7,0,40,347,146]
s: 541
d: [2,1294,6,9,2,0,40,1142,490]
s: 1294
d: [2,627,2,45,7,0,40,392,387]
s: 627
d: [2,714,6,10,2,0,40,639,312]
s: 714
d: [2,598,2,46,9,0,40,386,395]
s: 598
d: [2,628,2,50,8,0,40,392,395]
s: 628
d: [2,966,6,10,2,0,40,701,642]
s: 966
d: [2,554,3,11,3,0,40,447,135]
s: 554
d: [2,1180,6,10,2,0,40,1131,158]
s: 1180
d: [2,722,3,14,4,0,40,459,135]
d: [2,731,3,11,3,0,21,722,121]
s: 731
d: [2,552,3,12,3,0,40,447,149]
s: 552
d: [2,1197,6,10,2,0,40,1131,642]
s: 1197
d: [2,553,3,12,3,0,40,447,136]
s: 553
d: [2,1279,6,10,2,0,40,1142,158]
s: 1279
d: [2,720,3,15,4,0,40,459,149]
d: [2,729,3,12,3,0,21,720,121]
s: 729
d: [2,721,3,15,4,0,40,459,136]
d: [2,730,3,12,3,0,21,721,121]
s: 730
d: [2,1296,6,10,2,0,40,1142,642]
s: 1296
d: [2,480,3,16,4,0,40,458,122]
d: [2,488,3,13,3,0,21,480,121]
s: 488
d: [2,827,7,13,3,0,40,717,149]
d: [2,836,7,10,2,0,21,827,121]
s: 836
d: [2,551,3,13,3,0,40,447,142]
s: 551
d: [2,697,3,13,3,0,40,452,135]
s: 697
d: [2,828,7,13,3,0,40,717,136]
d: [2,837,7,10,2,0,21,828,121]
s: 837
d: [2,719,3,16,4,0,40,459,142]
d: [2,728,3,13,3,0,21,719,121]
s: 728
d: [2,1367,7,12,3,0,40,714,138]
d: [2,1368,7,10,2,0,21,1367,250]
s: 1368
d: [2,801,3,13,3,0,47,584]
s: 801
d: [2,695,3,14,3,0,40,452,149]
s: 695
d: [2,905,8,13,3,0,40,833,309]
d: [2,918,8,10,2,0,21,905,125]
s: 918
d: [2,696,3,14,3,0,40,452,136]
s: 696
d: [2,1406,8,10,2,0,40,836,792]
s: 1406
d: [2,744,3,14,4,0,40,479,158]
s: 744
d: [2,759,3,22,7,0,44,494,160]
d: [2,760,3,14,4,0,18,759]
s: 760
d: [2,1409,8,10,2,0,40,836,557]
s: 1409
d: [2,756,3,22,7,0,44,494,380]
d: [2,763,3,14,4,0,18,756]
s: 763
d: [2,1438,8,10,2,0,40,1368,158]
s: 1438
d: [2,769,3,18,5,0,40,469,253]
d: [2,777,3,14,4,0,21,769,156]
s: 777
d: [2,849,3,26,8,0,44,538,380]
d: [2,856,3,18,5,0,18,849]
d: [2,865,3,14,4,0,21,856,156]
s: 865
d: [2,1456,8,10,2,0,40,1368,836]
s: 1456
d: [2,852,3,26,8,0,44,538,160]
d: [2,853,3,18,5,0,18,852]
d: [2,866,3,14,4,0,21,853,156]
s: 866
d: [2,1509,9,12,3,0,40,918,138]
d: [2,1510,9,10,2,0,18,1509]
s: 1510
d: [2,694,3,15,3,0,40,452,142]
s: 694
d: [2,740,3,21,6,0,40,570,402]
d: [2,741,3,15,4,0,18,740]
s: 741
r: 402
d: [2,1506,9,13,3,0,40,918,135]
d: [2,1515,9,10,2,0,21,1506,121]
s: 1515
d: [2,550,3,17,4,0,40,447,122]
s: 550
d: [2,1544,10,10,2,0,40,1510,158]
s: 1544
d: [2,718,3,20,5,0,40,459,122]
d: [2,727,3,17,4,0,21,718,121]
s: 727
d: [2,805,3,18,5,0,40,419,139]
s: 805
d: [2,508,4,11,3,0,40,487,310]
s: 508
d: [2,824,3,18,5,0,40,422,139]
s: 824
d: [2,509,4,11,2,0,40,487,314]
s: 509
d: [2,875,3,18,4,0,46,420]
s: 875
d: [2,884,3,18,4,0,46,423]
s: 884
d: [2,1614,5,13,4,0,40,508,138]
d: [2,1615,5,11,3,0,18,1614]
s: 1615
d: [2,566,3,24,5,0,40,387,458]
d: [2,571,3,20,4,0,21,566,121]
s: 571
d: [2,1630,5,13,3,0,40,509,138]
d: [2,1631,5,11,2,0,21,1630,252]
s: 1631
d: [2,693,3,20,4,0,40,452,122]
s: 693
d: [2,848,3,22,6,0,40,538,138]
d: [2,857,3,20,5,0,18,848]
s: 857
d: [2,819,6,11,2,0,40,792,311]
s: 819
d: [2,868,3,20,5,0,40,440,139]
s: 868
d: [2,821,6,11,2,0,40,792,312]
s: 821
d: [2,933,3,20,4,0,46,441]
s: 933
d: [2,845,3,26,6,0,40,538,135]
d: [2,862,3,23,5,0,21,845,121]
s: 862
d: [2,1634,6,11,3,0,40,1615,158]
s: 1634
d: [2,843,3,27,6,0,40,538,149]
d: [2,860,3,24,5,0,21,843,121]
s: 860
d: [2,1667,6,11,2,0,40,1631,158]
s: 1667
d: [2,844,3,27,6,0,40,538,136]
d: [2,861,3,24,5,0,21,844,121]
s: 861
d: [2,897,3,26,6,0,40,445,138]
d: [2,898,3,24,5,0,21,897,419]
s: 898
d: [2,826,7,14,3,0,40,717,142]
d: [2,835,7,11,2,0,21,826,121]
s: 835
d: [2,926,3,26,6,0,40,448,138]
d: [2,927,3,24,5,0,21,926,422]
s: 927
d: [2,1749,7,13,3,0,40,819,138]
d: [2,1750,7,11,2,0,21,1749,611]
s: 1750
d: [2,937,3,24,6,0,40,596,139]
s: 937
d: [2,1063,3,24,5,0,46,626]
s: 1063
d: [2,1758,7,13,3,0,40,821,138]
d: [2,1759,7,11,2,0,21,1758,613]
s: 1759
d: [2,485,3,29,6,0,40,458,395]
d: [2,493,3,25,5,0,21,485,121]
s: 493
d: [2,914,8,11,2,0,40,833,312]
s: 914
d: [2,567,3,25,5,0,40,387,447]
s: 567
d: [2,723,3,29,6,0,40,459,387]
d: [2,732,3,25,5,0,21,723,121]
s: 732
d: [2,1408,8,11,2,0,40,836,701]
s: 1408
d: [2,842,3,28,6,0,40,538,142]
d: [2,859,3,25,5,0,21,842,121]
s: 859
d: [2,1410,8,11,2,0,40,836,1131]
s: 1410
d: [2,1061,3,34,7,0,44,148,626]
d: [2,1065,3,28,6,0,18,1061]
d: [2,1066,3,25,5,0,19,1065]
s: 1066
d: [2,945,3,28,7,0,40,456,138]
d: [2,946,3,26,6,0,18,945]
s: 946
d: [2,1411,8,11,2,0,40,836,1142]
s: 1411
d: [2,978,3,28,7,0,40,460,138]
d: [2,979,3,26,6,0,18,978]
s: 979
d: [2,1685,8,11,2,0,40,1631,836]
s: 1685
d: [2,1003,3,29,5,0,40,446,138]
d: [2,1006,3,27,4,0,21,1003,420]
s: 1006
d: [2,1014,3,29,5,0,40,449,138]
d: [2,1017,3,27,4,0,21,1014,423]
s: 1017
d: [2,1895,8,11,2,0,40,1750,158]
s: 1895
d: [2,1025,3,29,6,0,40,453,138]
d: [2,1026,3,27,5,0,21,1025,440]
s: 1026
d: [2,1915,8,11,2,0,40,1750,836]
s: 1915
d: [2,1179,3,27,5,0,47,665]
s: 1179
d: [2,1223,3,46,10,0,44,617,667]
d: [2,1224,3,27,6,0,18,1223]
s: 1224
d: [2,1928,8,11,2,0,40,1759,158]
s: 1928
d: [2,1222,3,46,10,0,44,390,667]
d: [2,1225,3,27,6,0,18,1222]
s: 1225
d: [2,1948,8,11,2,0,40,1759,836]
s: 1948
d: [2,1219,3,46,10,0,44,133,667]
d: [2,1228,3,27,6,0,18,1219]
s: 1228
d: [2,1217,3,46,10,0,44,131,667]
d: [2,1230,3,27,6,0,18,1217]
s: 1230
d: [2,1504,9,14,3,0,40,918,149]
d: [2,1513,9,11,2,0,21,1504,121]
s: 1513
d: [2,1243,3,46,10,0,44,617,668]
d: [2,1244,3,27,6,0,18,1243]
s: 1244
d: [2,1505,9,14,3,0,40,918,136]
d: [2,1514,9,11,2,0,21,1505,121]
s: 1514
d: [2,1242,3,46,10,0,44,390,668]
d: [2,1245,3,27,6,0,18,1242]
s: 1245
d: [2,1239,3,46,10,0,44,133,668]
d: [2,1248,3,27,6,0,18,1239]
s: 1248
d: [2,1969,9,13,3,0,40,914,138]
d: [2,1970,9,11,2,0,21,1969,250]
s: 1970
d: [2,1237,3,46,10,0,44,131,668]
d: [2,1250,3,27,6,0,18,1237]
s: 1250
d: [2,1550,10,14,3,0,40,1510,309]
d: [2,1574,10,11,2,0,21,1550,125]
s: 1574
d: [2,1263,3,46,10,0,44,617,671]
d: [2,1264,3,27,6,0,18,1263]
s: 1264
d: [2,1262,3,46,10,0,44,390,671]
d: [2,1265,3,27,6,0,18,1262]
s: 1265
d: [2,2239,10,11,2,0,40,1513,1368]
s: 2239
d: [2,1259,3,46,10,0,44,133,671]
d: [2,1268,3,27,6,0,18,1259]
s: 1268
d: [2,2242,10,11,2,0,40,1513,792]
s: 2242
d: [2,1257,3,46,10,0,44,131,671]
d: [2,1270,3,27,6,0,18,1257]
s: 1270
d: [2,698,3,28,5,0,40,452,387]
s: 698
d: [2,2247,10,11,2,0,40,1513,557]
s: 2247
d: [2,894,3,28,6,0,40,445,135]
s: 894
d: [2,2273,10,11,2,0,40,1970,158]
s: 2273
d: [2,923,3,28,6,0,40,448,135]
s: 923
d: [2,942,3,31,7,0,40,456,135]
d: [2,951,3,28,6,0,21,942,121]
s: 951
d: [2,2295,10,11,2,0,40,1970,1513]
s: 2295
d: [2,975,3,31,7,0,40,460,135]
d: [2,984,3,28,6,0,21,975,121]
s: 984
d: [2,2318,11,13,3,0,40,1574,138]
d: [2,2319,11,11,2,0,18,2318]
s: 2319
d: [2,1062,3,34,7,0,44,147,626]
d: [2,1064,3,28,6,0,18,1062]
s: 1064
d: [2,892,3,29,6,0,40,445,149]
s: 892
r: 173
r: 180
r: 1054
a: [3,181,0,4,1,119]
s: 181
a: [3,172,0,8,1,119]
s: 172
d: [2,2414,2,17,4,1,44,172,380]
d: [2,2420,2,13,3,2,21,2414,193]
d: [2,2421,2,9,2,3,21,2420,188]
d: [2,2422,2,6,1,4,21,2421,279]
d: [2,2423,2,6,1,4,22,2422,157]
d: [2,2424,2,0,0,5,21,2423,371]
e: 2424
d: [2,2415,1,17,4,1,44,172,160]
d: [2,2426,1,11,3,2,21,2415,371]
d: [2,2427,1,7,2,3,21,2426,188]
d: [2,2428,1,3,1,4,21,2427,193]
d: [2,2429,1,0,0,5,21,2428,279]
e: 2429
r: 371
a: [3,370,1,6,1,367]
s: 370
d: [2,2436,3,0,0,6,52,203,181,198,188,166,193,370,478]
e: 2436
r: 176
r: 181
a: [3,177,0,4,1,119]
s: 177
d: [2,2443,3,0,0,6,52,203,188,193,168,370,198,177,478]
e: 2443
r: 172
r: 177
r: 370
s: 176
s: 180
s: 173
s: 371
s: 1054
d: [2,893,3,29,6,0,40,445,136]
s: 893
d: [2,2315,11,14,3,0,40,1574,135]
d: [2,2324,11,11,2,0,21,2315,121]
s: 2324
d: [2,921,3,29,6,0,40,448,149]
s: 921
d: [2,2348,12,11,2,0,40,2319,158]
s: 2348
d: [2,922,3,29,6,0,40,448,136]
s: 922
d: [2,940,3,32,7,0,40,456,149]
d: [2,949,3,29,6,0,21,940,121]
s: 949
d: [2,605,4,12,3,0,40,557,309]
s: 605
d: [2,941,3,32,7,0,40,456,136]
d: [2,950,3,29,6,0,21,941,121]
s: 950
d: [2,606,4,12,3,0,40,557,310]
s: 606
d: [2,973,3,32,7,0,40,460,149]
d: [2,982,3,29,6,0,21,973,121]
s: 982
d: [2,974,3,32,7,0,40,460,136]
d: [2,983,3,29,6,0,21,974,121]
s: 983
d: [2,607,4,12,2,0,40,557,314]
s: 607
d: [2,1096,3,31,6,0,40,457,138]
d: [2,1098,3,29,5,0,18,1096]
s: 1098
d: [2,749,4,12,2,0,40,489,253]
s: 749
d: [2,1113,3,31,6,0,40,461,138]
d: [2,1115,3,29,5,0,18,1113]
s: 1115
d: [2,555,3,30,6,0,40,447,395]
s: 555
d: [2,967,4,12,2,0,40,701,311]
s: 967
d: [2,724,3,34,7,0,40,459,395]
d: [2,733,3,30,6,0,21,724,121]
s: 733
d: [2,969,4,12,2,0,40,701,312]
s: 969
d: [2,891,3,30,6,0,40,445,142]
s: 891
d: [2,920,3,30,6,0,40,448,142]
s: 920
d: [2,1073,4,15,4,0,40,726,309]
d: [2,1088,4,12,3,0,21,1073,125]
s: 1088
d: [2,939,3,33,7,0,40,456,142]
d: [2,948,3,30,6,0,21,939,121]
s: 948
d: [2,1382,4,12,3,0,40,552,557]
s: 1382
d: [2,972,3,33,7,0,40,460,142]
d: [2,981,3,30,6,0,21,972,121]
s: 981
d: [2,841,3,34,7,0,40,538,122]
d: [2,858,3,31,6,0,21,841,121]
s: 858
d: [2,1395,4,12,3,0,40,729,557]
s: 1395
d: [2,888,3,50,10,0,44,617,388]
d: [2,889,3,31,6,0,18,888]
s: 889
d: [2,788,5,12,3,0,40,513,135]
s: 788
d: [2,1022,3,31,6,0,40,453,135]
s: 1022
d: [2,1027,3,31,6,0,40,593,253]
s: 1027
d: [2,1611,5,15,4,0,40,508,135]
d: [2,1620,5,12,3,0,21,1611,121]
s: 1620
d: [2,1209,3,33,5,0,40,454,138]
d: [2,1212,3,31,4,0,21,1209,441]
s: 1212
d: [2,2527,5,14,4,0,40,605,138]
d: [2,2528,5,12,3,0,18,2527]
s: 2528
d: [2,1213,3,31,6,0,44,667,157]
s: 1213
d: [2,1214,3,31,6,0,44,667,157]
s: 1214
d: [2,2543,5,14,4,0,40,606,138]
d: [2,2544,5,12,3,0,18,2543]
s: 2544
d: [2,1233,3,31,6,0,44,668,157]
s: 1233
d: [2,2587,5,14,3,0,40,607,138]
d: [2,2588,5,12,2,0,21,2587,608]
s: 2588
d: [2,1234,3,31,6,0,44,668,157]
s: 1234
d: [2,1253,3,31,6,0,44,671,157]
s: 1253
d: [2,3124,6,8,2,0,40,2588,305]
s: 3124
d: [2,1254,3,31,6,0,44,671,157]
s: 1254
d: [2,3127,6,8,2,0,40,2588,306]
s: 3127
d: [2,1275,3,31,4,0,47,682]
s: 1275
d: [2,1277,3,31,4,0,47,683]
s: 1277
d: [2,3109,6,9,2,0,40,2588,308]
s: 3109
d: [2,1278,3,31,4,0,47,684]
s: 1278
d: [2,3111,6,10,2,0,40,2588,490]
s: 3111
d: [2,1000,3,32,5,0,40,446,135]
s: 1000
d: [2,1011,3,32,5,0,40,449,135]
s: 1011
d: [2,3113,6,11,2,0,40,2588,642]
s: 3113
d: [2,1020,3,32,6,0,40,453,149]
s: 1020
d: [2,2639,5,14,3,0,40,749,138]
d: [2,2640,5,12,2,0,21,2639,492]
s: 2640
d: [2,1021,3,32,6,0,40,453,136]
s: 1021
d: [2,1093,3,35,6,0,40,457,135]
d: [2,1103,3,32,5,0,21,1093,121]
s: 1103
d: [2,3328,6,8,2,0,40,2640,305]
s: 3328
d: [2,1110,3,35,6,0,40,461,135]
d: [2,1120,3,32,5,0,21,1110,121]
s: 1120
d: [2,3331,6,8,2,0,40,2640,306]
s: 3331
d: [2,699,3,33,6,0,40,452,395]
s: 699
d: [2,998,3,33,5,0,40,446,149]
s: 998
d: [2,3313,6,9,2,0,40,2640,308]
s: 3313
d: [2,999,3,33,5,0,40,446,136]
s: 999
d: [2,3315,6,10,2,0,40,2640,490]
s: 3315
d: [2,1009,3,33,5,0,40,449,149]
s: 1009
d: [2,1010,3,33,5,0,40,449,136]
s: 1010
d: [2,3317,6,11,2,0,40,2640,642]
s: 3317
d: [2,1019,3,33,6,0,40,453,142]
s: 1019
d: [2,2693,5,14,3,0,40,967,138]
d: [2,2694,5,12,2,0,21,2693,968]
s: 2694
d: [2,1091,3,36,6,0,40,457,149]
d: [2,1101,3,33,5,0,21,1091,121]
s: 1101
d: [2,1092,3,36,6,0,40,457,136]
d: [2,1102,3,33,5,0,21,1092,121]
s: 1102
d: [2,3519,6,8,2,0,40,2694,305]
s: 3519
d: [2,1108,3,36,6,0,40,461,149]
d: [2,1118,3,33,5,0,21,1108,121]
s: 1118
d: [2,3522,6,8,2,0,40,2694,306]
s: 3522
d: [2,1109,3,36,6,0,40,461,136]
d: [2,1119,3,33,5,0,21,1109,121]
s: 1119
d: [2,997,3,34,5,0,40,446,142]
s: 997
d: [2,3504,6,9,2,0,40,2694,308]
s: 3504
d: [2,1008,3,34,5,0,40,449,142]
s: 1008
d: [2,3506,6,10,2,0,40,2694,490]
s: 3506
d: [2,1090,3,37,6,0,40,457,142]
d: [2,1100,3,34,5,0,21,1090,121]
s: 1100
d: [2,1107,3,37,6,0,40,461,142]
d: [2,1117,3,34,5,0,21,1107,121]
s: 1117
d: [2,3508,6,11,2,0,40,2694,642]
s: 3508
d: [2,1157,3,34,5,0,40,623,253]
s: 1157
d: [2,2704,5,14,3,0,40,969,138]
d: [2,2705,5,12,2,0,21,2704,970]
s: 2705
d: [2,773,3,35,8,0,40,469,132]
s: 773
d: [2,1318,3,43,11,0,44,540,160]
d: [2,1319,3,35,8,0,18,1318]
s: 1319
d: [2,3826,6,8,2,0,40,2705,305]
s: 3826
d: [2,1315,3,43,11,0,44,540,380]
d: [2,1322,3,35,8,0,18,1315]
s: 1322
d: [2,3829,6,8,2,0,40,2705,306]
s: 3829
d: [2,890,3,36,7,0,40,445,122]
s: 890
d: [2,919,3,36,7,0,40,448,122]
s: 919
d: [2,3811,6,9,2,0,40,2705,308]
s: 3811
d: [2,938,3,39,8,0,40,456,122]
d: [2,947,3,36,7,0,21,938,121]
s: 947
d: [2,3813,6,10,2,0,40,2705,490]
s: 3813
d: [2,971,3,39,8,0,40,460,122]
d: [2,980,3,36,7,0,21,971,121]
s: 980
d: [2,1206,3,36,5,0,40,454,135]
s: 1206
d: [2,3815,6,11,2,0,40,2705,642]
s: 3815
d: [2,1204,3,37,5,0,40,454,149]
s: 1204
d: [2,2773,5,14,4,0,40,1088,138]
d: [2,2774,5,12,3,0,18,2773]
s: 2774
d: [2,1205,3,37,5,0,40,454,136]
s: 1205
d: [2,1203,3,38,5,0,40,454,142]
s: 1203
d: [2,708,6,12,3,0,40,639,310]
s: 708
d: [2,1314,3,40,9,0,40,540,138]
d: [2,1323,3,38,8,0,18,1314]
s: 1323
d: [2,709,6,12,2,0,40,639,314]
s: 709
d: [2,774,3,39,7,0,40,469,146]
s: 774
d: [2,1343,3,47,10,0,44,541,160]
d: [2,1345,3,39,7,0,18,1343]
s: 1345
d: [2,1198,6,12,2,0,40,1131,311]
s: 1198
d: [2,1340,3,47,10,0,44,541,380]
d: [2,1348,3,39,7,0,18,1340]
s: 1348
d: [2,1200,6,12,2,0,40,1131,312]
s: 1200
d: [2,996,3,40,6,0,40,446,122]
s: 996
d: [2,1007,3,40,6,0,40,449,122]
s: 1007
d: [2,1297,6,12,2,0,40,1142,311]
s: 1297
d: [2,1018,3,40,7,0,40,453,122]
s: 1018
d: [2,1299,6,12,2,0,40,1142,312]
s: 1299
d: [2,1089,3,43,7,0,40,457,122]
d: [2,1099,3,40,6,0,21,1089,121]
s: 1099
d: [2,1106,3,43,7,0,40,461,122]
d: [2,1116,3,40,6,0,21,1106,121]
s: 1116
d: [2,1379,6,12,3,0,40,552,792]
s: 1379
d: [2,846,3,45,8,0,40,538,387]
d: [2,863,3,41,7,0,21,846,121]
s: 863
d: [2,1392,6,12,3,0,40,729,792]
s: 1392
d: [2,994,3,42,9,0,40,594,132]
s: 994
d: [2,1311,3,45,9,0,40,540,135]
d: [2,1328,3,42,8,0,21,1311,121]
s: 1328
d: [2,2932,6,12,3,0,40,2528,158]
s: 2932
d: [2,1309,3,46,9,0,40,540,149]
d: [2,1326,3,43,8,0,21,1309,121]
s: 1326
d: [2,3009,6,12,3,0,40,2544,158]
s: 3009
d: [2,1310,3,46,9,0,40,540,136]
d: [2,1327,3,43,8,0,21,1310,121]
s: 1327
d: [2,1339,3,45,8,0,40,541,138]
d: [2,1349,3,43,7,0,18,1339]
s: 1349
d: [2,3086,6,12,2,0,40,2588,158]
s: 3086
d: [2,1308,3,47,9,0,40,540,142]
d: [2,1325,3,44,8,0,21,1308,121]
s: 1325
d: [2,3289,6,12,2,0,40,2640,158]
s: 3289
d: [2,895,3,45,8,0,40,445,387]
s: 895
d: [2,924,3,45,8,0,40,448,387]
s: 924
d: [2,3477,6,12,2,0,40,2694,158]
s: 3477
d: [2,943,3,49,9,0,40,456,387]
d: [2,952,3,45,8,0,21,943,121]
s: 952
d: [2,3778,6,12,2,0,40,2705,158]
s: 3778
d: [2,976,3,49,9,0,40,460,387]
d: [2,985,3,45,8,0,21,976,121]
s: 985
d: [2,1151,3,45,8,0,40,624,132]
s: 1151
d: [2,3926,6,12,3,0,40,2774,158]
s: 3926
d: [2,1202,3,45,6,0,40,454,122]
s: 1202
d: [2,4035,7,14,4,0,40,708,138]
d: [2,4036,7,12,3,0,18,4035]
s: 4036
d: [2,847,3,50,9,0,40,538,395]
d: [2,864,3,46,8,0,21,847,121]
s: 864
d: [2,995,3,48,8,0,40,594,146]
s: 995
d: [2,4116,7,14,3,0,40,709,138]
d: [2,4117,7,12,2,0,21,4116,252]
s: 4117
d: [2,1336,3,51,8,0,40,541,135]
d: [2,1354,3,48,7,0,21,1336,121]
s: 1354
d: [2,4153,7,14,3,0,40,1198,138]
d: [2,4154,7,12,2,0,21,4153,1199]
s: 4154
d: [2,1023,3,49,8,0,40,453,387]
s: 1023
d: [2,1334,3,52,8,0,40,541,149]
d: [2,1352,3,49,7,0,21,1334,121]
s: 1352
d: [2,4633,8,8,2,0,40,4154,305]
s: 4633
d: [2,1335,3,52,8,0,40,541,136]
d: [2,1353,3,49,7,0,21,1335,121]
s: 1353
d: [2,4636,8,8,2,0,40,4154,306]
s: 4636
d: [2,896,3,50,9,0,40,445,395]
s: 896
d: [2,925,3,50,9,0,40,448,395]
s: 925
d: [2,4618,8,9,2,0,40,4154,308]
s: 4618
d: [2,944,3,54,10,0,40,456,395]
d: [2,953,3,50,9,0,21,944,121]
s: 953
d: [2,4620,8,10,2,0,40,4154,490]
s: 4620
d: [2,977,3,54,10,0,40,460,395]
d: [2,986,3,50,9,0,21,977,121]
s: 986
d: [2,1001,3,50,7,0,40,446,387]
s: 1001
d: [2,4622,8,11,2,0,40,4154,642]
s: 4622
d: [2,1012,3,50,7,0,40,449,387]
s: 1012
d: [2,4162,7,14,3,0,40,1200,138]
d: [2,4163,7,12,2,0,21,4162,1201]
s: 4163
d: [2,1034,3,50,9,0,40,593,132]
s: 1034
d: [2,1094,3,54,8,0,40,457,387]
d: [2,1104,3,50,7,0,21,1094,121]
s: 1104
d: [2,4780,8,8,2,0,40,4163,305]
s: 4780
d: [2,1111,3,54,8,0,40,461,387]
d: [2,1121,3,50,7,0,21,1111,121]
s: 1121
d: [2,4783,8,8,2,0,40,4163,306]
s: 4783
d: [2,1333,3,53,8,0,40,541,142]
d: [2,1351,3,50,7,0,21,1333,121]
s: 1351
d: [2,1152,3,51,7,0,40,624,146]
s: 1152
d: [2,4765,8,9,2,0,40,4163,308]
s: 4765
d: [2,1307,3,55,10,0,40,540,122]
d: [2,1324,3,52,9,0,21,1307,121]
s: 1324
d: [2,4767,8,10,2,0,40,4163,490]
s: 4767
d: [2,1165,3,53,8,0,40,623,132]
s: 1165
d: [2,1024,3,54,9,0,40,453,395]
s: 1024
d: [2,4769,8,11,2,0,40,4163,642]
s: 4769
d: [2,1002,3,55,8,0,40,446,395]
s: 1002
d: [2,4183,7,14,3,0,40,1297,138]
d: [2,4184,7,12,2,0,21,4183,1298]
s: 4184
d: [2,1013,3,55,8,0,40,449,395]
s: 1013
d: [2,1095,3,59,9,0,40,457,395]
d: [2,1105,3,55,8,0,21,1095,121]
s: 1105
d: [2,4961,8,8,2,0,40,4184,305]
s: 4961
d: [2,1112,3,59,9,0,40,461,395]
d: [2,1122,3,55,8,0,21,1112,121]
s: 1122
d: [2,4964,8,8,2,0,40,4184,306]
s: 4964
d: [2,1207,3,55,7,0,40,454,387]
s: 1207
d: [2,1035,3,56,8,0,40,593,146]
s: 1035
d: [2,4946,8,9,2,0,40,4184,308]
s: 4946
d: [2,1332,3,61,9,0,40,541,122]
d: [2,1350,3,58,8,0,21,1332,121]
s: 1350
d: [2,4948,8,10,2,0,40,4184,490]
s: 4948
d: [2,1166,3,59,7,0,40,623,146]
s: 1166
d: [2,1208,3,60,8,0,40,454,395]
s: 1208
d: [2,4950,8,11,2,0,40,4184,642]
s: 4950
d: [2,1312,3,67,11,0,40,540,387]
d: [2,1329,3,63,10,0,21,1312,121]
s: 1329
d: [2,4194,7,14,3,0,40,1299,138]
d: [2,4195,7,12,2,0,21,4194,1300]
s: 4195
d: [2,1313,3,72,12,0,40,540,395]
d: [2,1330,3,68,11,0,21,1313,121]
s: 1330
d: [2,1337,3,74,10,0,40,541,387]
d: [2,1355,3,70,9,0,21,1337,121]
s: 1355
d: [2,5103,8,8,2,0,40,4195,305]
s: 5103
d: [2,1338,3,79,11,0,40,541,395]
d: [2,1356,3,75,10,0,21,1338,121]
s: 1356
d: [2,5106,8,8,2,0,40,4195,306]
s: 5106
d: [2,750,4,13,2,0,40,489,487]
s: 750
d: [2,1084,4,13,3,0,40,726,312]
s: 1084
d: [2,5088,8,9,2,0,40,4195,308]
s: 5088
d: [2,1381,4,13,3,0,40,552,701]
s: 1381
d: [2,5090,8,10,2,0,40,4195,490]
s: 5090
d: [2,1394,4,13,3,0,40,729,701]
s: 1394
d: [2,506,4,18,3,0,40,487,169]
d: [2,515,4,14,2,0,21,506,156]
s: 515
d: [2,5177,5,10,2,0,46,515]
s: 5177
d: [2,752,4,14,2,0,40,489,557]
s: 752
d: [2,5178,6,7,1,0,47,5177]
s: 5178
d: [2,960,4,14,3,0,40,701,309]
s: 960
d: [2,961,4,14,3,0,40,701,310]
s: 961
d: [2,5193,7,6,1,0,44,150,5178]
s: 5193
d: [2,962,4,14,2,0,40,701,314]
s: 962
d: [2,5191,7,11,2,0,44,413,5178]
s: 5191
d: [2,1497,4,14,3,0,40,695,557]
s: 1497
d: [2,1530,4,16,5,0,40,777,138]
d: [2,1536,4,14,4,0,18,1530]
s: 1536
d: [2,5192,7,11,2,0,44,253,5178]
s: 5192
d: [2,1729,4,26,8,0,44,857,380]
d: [2,1736,4,18,5,0,18,1729]
d: [2,1740,4,14,4,0,21,1736,156]
s: 1740
d: [2,5092,8,11,2,0,40,4195,642]
s: 5092
d: [2,1732,4,26,8,0,44,857,160]
d: [2,1733,4,18,5,0,18,1732]
d: [2,1741,4,14,4,0,21,1733,156]
s: 1741
d: [2,770,4,19,5,0,40,469,487]
d: [2,778,4,15,4,0,21,770,156]
s: 778
d: [2,5226,8,11,2,0,40,5193,138]
s: 5226
d: [2,1074,4,15,4,0,40,726,310]
s: 1074
d: [2,1458,8,12,3,0,40,1368,729]
s: 1458
d: [2,1496,4,15,3,0,40,695,701]
s: 1496
d: [2,1527,4,18,5,0,40,777,135]
d: [2,1541,4,15,4,0,21,1527,121]
s: 1541
d: [2,1460,8,12,3,0,40,1368,552]
s: 1460
d: [2,1632,4,15,3,0,47,875]
s: 1632
d: [2,1461,8,12,2,0,40,1368,311]
s: 1461
d: [2,1633,4,15,3,0,47,884]
s: 1633
d: [2,1761,4,30,8,0,44,862,380]
d: [2,1768,4,22,6,0,18,1761]
d: [2,1769,4,18,5,0,21,1768,156]
d: [2,1770,4,15,4,0,21,1769,121]
s: 1770
d: [2,1463,8,12,2,0,40,1368,312]
s: 1463
d: [2,1764,4,30,8,0,44,862,160]
d: [2,1765,4,22,6,0,18,1764]
d: [2,1771,4,18,5,0,21,1765,156]
d: [2,1772,4,15,4,0,21,1771,121]
s: 1772
d: [2,3115,8,12,2,0,40,2588,836]
s: 3115
d: [2,964,4,16,2,0,40,701,489]
s: 964
d: [2,1077,4,16,3,0,40,726,314]
s: 1077
d: [2,3319,8,12,2,0,40,2640,836]
s: 3319
d: [2,1414,4,16,3,0,40,551,253]
s: 1414
d: [2,3510,8,12,2,0,40,2694,836]
s: 3510
d: [2,1426,4,16,3,0,40,728,253]
s: 1426
d: [2,1525,4,19,5,0,40,777,149]
d: [2,1539,4,16,4,0,21,1525,121]
s: 1539
d: [2,3817,8,12,2,0,40,2705,836]
s: 3817
d: [2,1526,4,19,5,0,40,777,136]
d: [2,1540,4,16,4,0,21,1526,121]
s: 1540
d: [2,4422,8,12,3,0,40,4036,158]
s: 4422
d: [2,1790,4,31,8,0,44,860,380]
d: [2,1797,4,23,6,0,18,1790]
d: [2,1798,4,19,5,0,21,1797,156]
d: [2,1799,4,16,4,0,21,1798,121]
s: 1799
d: [2,1793,4,31,8,0,44,860,160]
d: [2,1794,4,23,6,0,18,1793]
d: [2,1800,4,19,5,0,21,1794,156]
d: [2,1801,4,16,4,0,21,1800,121]
s: 1801
d: [2,4504,8,12,2,0,40,4117,158]
s: 4504
d: [2,1802,4,31,8,0,44,861,380]
d: [2,1809,4,23,6,0,18,1802]
d: [2,1810,4,19,5,0,21,1809,156]
d: [2,1811,4,16,4,0,21,1810,121]
s: 1811
d: [2,4581,8,12,2,0,40,4154,158]
s: 4581
d: [2,1805,4,31,8,0,44,861,160]
d: [2,1806,4,23,6,0,18,1805]
d: [2,1812,4,19,5,0,21,1806,156]
d: [2,1813,4,16,4,0,21,1812,121]
s: 1813
d: [2,1415,4,17,3,0,40,551,487]
s: 1415
d: [2,4624,8,12,2,0,40,4154,836]
s: 4624
d: [2,1427,4,17,3,0,40,728,487]
s: 1427
d: [2,4727,8,12,2,0,40,4163,158]
s: 4727
d: [2,1524,4,20,5,0,40,777,142]
d: [2,1538,4,17,4,0,21,1524,121]
s: 1538
r: 267
r: 270
a: [3,271,1,3,1,254]
s: 271
d: [2,5600,2,0,0,2,52,203,271,128]
e: 5600
d: [2,5601,2,2,1,1,40,271,128]
d: [2,5603,2,0,0,2,21,5601,203]
e: 5603
r: 271
s: 270
s: 267
d: [2,4771,8,12,2,0,40,4163,836]
s: 4771
d: [2,1760,4,17,3,0,47,933]
s: 1760
d: [2,1992,4,32,8,0,44,859,380]
d: [2,1999,4,24,6,0,18,1992]
d: [2,2000,4,20,5,0,21,1999,156]
d: [2,2001,4,17,4,0,21,2000,121]
s: 2001
d: [2,4907,8,12,2,0,40,4184,158]
s: 4907
d: [2,1995,4,32,8,0,44,859,160]
d: [2,1996,4,24,6,0,18,1995]
d: [2,2002,4,20,5,0,21,1996,156]
d: [2,2003,4,17,4,0,21,2002,121]
s: 2003
d: [2,4952,8,12,2,0,40,4184,836]
s: 4952
d: [2,1421,4,18,3,0,40,551,557]
s: 1421
d: [2,1433,4,18,3,0,40,728,557]
s: 1433
d: [2,5049,8,12,2,0,40,4195,158]
s: 5049
d: [2,604,4,19,3,0,40,557,169]
s: 604
d: [2,5094,8,12,2,0,40,4195,836]
s: 5094
d: [2,1079,4,19,3,0,40,726,489]
s: 1079
d: [2,1072,4,23,4,0,40,726,169]
d: [2,1087,4,19,3,0,21,1072,156]
s: 1087
d: [2,1503,9,15,3,0,40,918,142]
d: [2,1512,9,12,2,0,21,1503,121]
s: 1512
d: [2,1575,4,19,3,0,40,694,253]
s: 1575
d: [2,5403,9,14,3,0,40,1461,138]
d: [2,5404,9,12,2,0,21,5403,611]
s: 5404
d: [2,1598,4,19,4,0,40,741,557]
s: 1598
d: [2,772,4,20,5,0,40,469,557]
s: 772
d: [2,5429,9,14,3,0,40,1463,138]
d: [2,5430,9,12,2,0,21,5429,613]
s: 5430
d: [2,1071,4,24,6,0,40,726,469]
d: [2,1086,4,20,5,0,21,1071,156]
s: 1086
d: [2,1570,10,12,2,0,40,1510,312]
s: 1570
d: [2,1420,4,20,3,0,40,551,701]
s: 1420
d: [2,1432,4,20,3,0,40,728,701]
s: 1432
d: [2,2241,10,12,2,0,40,1513,1631]
s: 2241
d: [2,1576,4,20,3,0,40,694,487]
s: 1576
d: [2,2243,10,12,2,0,40,1513,1750]
s: 2243
d: [2,1699,4,20,5,0,40,857,158]
s: 1699
d: [2,539,4,21,5,0,40,347,487]
s: 539
d: [2,2244,10,12,2,0,40,1513,1759]
s: 2244
d: [2,1523,4,24,6,0,40,777,122]
d: [2,1537,4,21,5,0,21,1523,121]
s: 1537
d: [2,2246,10,12,2,0,40,1513,701]
s: 2246
d: [2,1584,4,21,3,0,40,694,557]
s: 1584
d: [2,1597,4,21,4,0,40,741,701]
s: 1597
d: [2,2248,10,12,2,0,40,1513,1131]
s: 2248
d: [2,1841,4,21,5,0,40,898,305]
s: 1841
d: [2,2249,10,12,2,0,40,1513,1142]
s: 2249
d: [2,1844,4,21,5,0,40,898,306]
s: 1844
d: [2,1891,4,21,5,0,40,927,305]
s: 1891
d: [2,2297,10,12,3,0,40,1970,729]
s: 2297
d: [2,1894,4,21,5,0,40,927,306]
s: 1894
d: [2,2301,10,12,3,0,40,1970,552]
s: 2301
d: [2,1927,4,21,4,0,47,1063]
s: 1927
d: [2,2844,4,36,9,0,44,858,380]
d: [2,2851,4,28,7,0,18,2844]
d: [2,2853,4,24,6,0,21,2851,156]
d: [2,2854,4,21,5,0,21,2853,121]
s: 2854
d: [2,4548,10,12,2,0,40,4117,1513]
s: 4548
d: [2,2847,4,36,9,0,44,858,160]
d: [2,2848,4,28,7,0,18,2847]
d: [2,2855,4,24,6,0,21,2848,156]
d: [2,2856,4,21,5,0,21,2855,121]
s: 2856
d: [2,5741,10,12,2,0,40,5404,158]
s: 5741
d: [2,603,4,22,5,0,40,557,347]
s: 603
d: [2,958,4,22,5,0,40,701,469]
s: 958
d: [2,5790,10,12,2,0,40,5404,1513]
s: 5790
d: [2,959,4,22,3,0,40,701,169]
s: 959
d: [2,5822,10,12,2,0,40,5430,158]
s: 5822
d: [2,2019,4,31,7,0,44,147,1066]
d: [2,2020,4,25,6,0,18,2019]
d: [2,2021,4,22,5,0,19,2020]
s: 2021
d: [2,590,4,23,5,0,40,490,132]
s: 590
d: [2,5871,10,12,2,0,40,5430,1513]
s: 5871
d: [2,1419,4,23,4,0,40,551,726]
s: 1419
d: [2,2313,11,15,3,0,40,1574,149]
d: [2,2322,11,12,2,0,21,2313,121]
s: 2322
d: [2,1431,4,23,4,0,40,728,726]
s: 1431
d: [2,1583,4,23,3,0,40,694,701]
s: 1583
d: [2,2314,11,15,3,0,40,1574,136]
d: [2,2323,11,12,2,0,21,2314,121]
s: 2323
d: [2,1828,4,23,5,0,40,898,308]
s: 1828
d: [2,5910,11,14,3,0,40,1570,138]
d: [2,5911,11,12,2,0,21,5910,250]
s: 5911
d: [2,1877,4,23,5,0,40,927,308]
s: 1877
d: [2,2199,4,23,5,0,40,1026,305]
s: 2199
d: [2,2354,12,15,3,0,40,2319,309]
d: [2,2384,12,12,2,0,21,2354,125]
s: 2384
d: [2,2202,4,23,5,0,40,1026,306]
s: 2202
d: [2,6106,12,12,2,0,40,2322,1970]
s: 6106
d: [2,2209,4,42,9,0,44,617,1179]
d: [2,2210,4,23,5,0,18,2209]
s: 2210
d: [2,2208,4,42,9,0,44,390,1179]
d: [2,2211,4,23,5,0,18,2208]
s: 2211
d: [2,6109,12,12,2,0,40,2322,1368]
s: 6109
d: [2,2205,4,42,9,0,44,133,1179]
d: [2,2214,4,23,5,0,18,2205]
s: 2214
d: [2,6114,12,12,2,0,40,2322,792]
s: 6114
d: [2,2203,4,42,9,0,44,131,1179]
d: [2,2216,4,23,5,0,18,2203]
s: 2216
d: [2,957,4,24,5,0,40,701,347]
s: 957
d: [2,6123,12,12,2,0,40,2322,557]
s: 6123
d: [2,1705,4,27,6,0,40,857,309]
d: [2,1739,4,24,5,0,21,1705,125]
s: 1739
d: [2,6167,12,12,2,0,40,5911,158]
s: 6167
d: [2,1785,4,24,5,0,40,860,557]
s: 1785
d: [2,1814,4,24,5,0,40,898,158]
s: 1814
d: [2,6217,12,12,2,0,40,5911,2322]
s: 6217
d: [2,1863,4,24,5,0,40,927,158]
s: 1863
d: [2,6238,13,14,3,0,40,2384,138]
d: [2,6239,13,12,2,0,18,6238]
s: 6239
d: [2,1727,4,25,5,0,40,857,312]
s: 1727
d: [2,1784,4,25,5,0,40,860,701]
s: 1784
d: [2,6235,13,15,3,0,40,2384,135]
d: [2,6244,13,12,2,0,21,6235,121]
s: 6244
d: [2,1830,4,25,5,0,40,898,490]
s: 1830
d: [2,6331,14,12,2,0,40,6239,158]
s: 6331
d: [2,1879,4,25,5,0,40,927,490]
s: 1879
d: [2,2018,4,31,7,0,44,148,1066]
d: [2,2022,4,25,6,0,18,2018]
s: 2022
d: [2,786,5,13,3,0,40,513,149]
s: 786
d: [2,2127,4,25,4,0,40,1006,305]
s: 2127
d: [2,787,5,13,3,0,40,513,136]
s: 787
d: [2,2130,4,25,4,0,40,1006,306]
s: 2130
d: [2,2163,4,25,4,0,40,1017,305]
s: 2163
d: [2,1127,5,13,3,0,40,610,135]
s: 1127
d: [2,2166,4,25,4,0,40,1017,306]
s: 2166
d: [2,1138,5,13,3,0,40,612,135]
s: 1138
d: [2,2185,4,25,5,0,40,1026,308]
s: 2185
d: [2,993,4,26,6,0,40,594,557]
s: 993
d: [2,1609,5,16,4,0,40,508,149]
d: [2,1618,5,13,3,0,21,1609,121]
s: 1618
d: [2,2025,4,26,6,0,40,946,158]
s: 2025
d: [2,1610,5,16,4,0,40,508,136]
d: [2,1619,5,13,3,0,21,1610,121]
s: 1619
d: [2,2062,4,26,6,0,40,979,158]
s: 2062
d: [2,2217,4,26,6,0,40,1224,139]
s: 2217
d: [2,2524,5,16,4,0,40,605,135]
d: [2,2533,5,13,3,0,21,2524,121]
s: 2533
d: [2,2221,4,26,6,0,40,1225,139]
s: 2221
d: [2,2540,5,16,4,0,40,606,135]
d: [2,2549,5,13,3,0,21,2540,121]
s: 2549
d: [2,2225,4,26,6,0,40,1228,139]
s: 2225
d: [2,2229,4,26,6,0,40,1230,139]
s: 2229
d: [2,2770,5,16,4,0,40,1088,135]
d: [2,2779,5,13,3,0,21,2770,121]
s: 2779
d: [2,2259,4,26,6,0,40,1244,139]
s: 2259
d: [2,5156,5,15,3,0,40,750,138]
d: [2,5157,5,13,2,0,21,5156,492]
s: 5157
d: [2,2264,4,26,6,0,40,1245,139]
s: 2264
d: [2,2268,4,26,6,0,40,1248,139]
s: 2268
d: [2,5165,5,15,4,0,40,1084,138]
d: [2,5166,5,13,3,0,21,5165,250]
s: 5166
d: [2,2307,4,26,6,0,40,1250,139]
s: 2307
d: [2,5176,5,13,2,0,44,150,515]
s: 5176
d: [2,2327,4,26,6,0,40,1264,139]
s: 2327
d: [2,2331,4,26,6,0,40,1265,139]
s: 2331
d: [2,6734,6,12,2,0,44,150,5176]
s: 6734
d: [2,2336,4,26,6,0,40,1268,139]
s: 2336
d: [2,812,6,13,3,0,40,792,309]
s: 812
d: [2,2340,4,26,6,0,40,1270,139]
s: 2340
d: [2,3175,4,26,4,0,46,1275]
s: 3175
d: [2,813,6,13,3,0,40,792,310]
s: 813
d: [2,3176,4,26,4,0,46,1275]
s: 3176
d: [2,814,6,13,2,0,40,792,314]
s: 814
d: [2,3172,4,38,6,0,44,148,1275]
d: [2,3179,4,31,5,0,18,3172]
d: [2,3184,4,26,4,0,21,3179,168]
s: 3184
d: [2,3173,4,38,6,0,44,147,1275]
d: [2,3178,4,31,5,0,18,3173]
d: [2,3185,4,26,4,0,21,3178,168]
s: 3185
d: [2,1383,6,13,3,0,40,552,1131]
s: 1383
d: [2,3195,4,26,4,0,46,1277]
s: 3195
d: [2,1384,6,13,3,0,40,552,1142]
s: 1384
d: [2,3196,4,26,4,0,46,1277]
s: 3196
d: [2,3192,4,38,6,0,44,148,1277]
d: [2,3199,4,31,5,0,18,3192]
d: [2,3204,4,26,4,0,21,3199,166]
s: 3204
d: [2,1396,6,13,3,0,40,729,1131]
s: 1396
d: [2,3193,4,38,6,0,44,147,1277]
d: [2,3198,4,31,5,0,18,3193]
d: [2,3205,4,26,4,0,21,3198,166]
s: 3205
d: [2,1397,6,13,3,0,40,729,1142]
s: 1397
d: [2,3220,4,26,4,0,46,1278]
s: 3220
d: [2,3221,4,26,4,0,46,1278]
s: 3221
d: [2,1640,6,16,4,0,40,1615,309]
d: [2,1666,6,13,3,0,21,1640,125]
s: 1666
d: [2,3217,4,38,6,0,44,148,1278]
d: [2,3224,4,31,5,0,18,3217]
d: [2,3229,4,26,4,0,21,3224,168]
s: 3229
d: [2,1687,6,13,3,0,40,1631,729]
s: 1687
d: [2,3218,4,38,6,0,44,147,1278]
d: [2,3223,4,31,5,0,18,3218]
d: [2,3230,4,26,4,0,21,3223,168]
s: 3230
d: [2,992,4,27,6,0,40,594,701]
s: 992
d: [2,1691,6,13,3,0,40,1631,552]
s: 1691
d: [2,1070,4,27,6,0,40,726,347]
s: 1070
d: [2,1692,6,13,2,0,40,1631,311]
s: 1692
d: [2,1385,4,27,6,0,40,552,132]
s: 1385
d: [2,1398,4,27,6,0,40,729,132]
s: 1398
d: [2,1695,6,13,2,0,40,1631,312]
s: 1695
d: [2,1582,4,27,4,0,40,694,726]
s: 1582
d: [2,6447,6,13,3,0,40,786,792]
s: 6447
d: [2,1706,4,27,6,0,40,857,310]
s: 1706
d: [2,1840,4,27,5,0,40,898,311]
s: 1840
d: [2,6456,6,13,3,0,40,786,557]
s: 6456
d: [2,1843,4,27,5,0,40,898,312]
s: 1843
d: [2,6544,6,13,3,0,40,1618,792]
s: 6544
d: [2,1890,4,27,5,0,40,927,311]
s: 1890
d: [2,1893,4,27,5,0,40,927,312]
s: 1893
d: [2,6553,6,13,3,0,40,1618,557]
s: 6553
d: [2,2098,4,27,4,0,40,1006,158]
s: 2098
d: [2,6590,6,13,2,0,40,5157,158]
s: 6590
d: [2,2134,4,27,4,0,40,1017,158]
s: 2134
d: [2,2170,4,27,5,0,40,1026,158]
s: 2170
d: [2,6658,6,13,3,0,40,5166,158]
s: 6658
d: [2,2187,4,27,5,0,40,1026,490]
s: 2187
d: [2,6724,6,13,2,0,44,5176,157]
s: 6724
d: [2,2219,4,27,6,0,44,1224,157]
s: 2219
d: [2,2220,4,27,6,0,44,1224,157]
s: 2220
d: [2,6725,6,13,2,0,44,5176,157]
s: 6725
d: [2,2223,4,27,6,0,44,1225,157]
s: 2223
d: [2,1364,7,13,3,0,40,714,135]
s: 1364
d: [2,2224,4,27,6,0,44,1225,157]
s: 2224
d: [2,2227,4,27,6,0,44,1228,157]
s: 2227
d: [2,4032,7,16,4,0,40,708,135]
d: [2,4041,7,13,3,0,21,4032,121]
s: 4041
d: [2,2228,4,27,6,0,44,1228,157]
s: 2228
d: [2,6752,7,15,4,0,40,812,138]
d: [2,6753,7,13,3,0,18,6752]
s: 6753
d: [2,2261,4,27,6,0,44,1244,157]
s: 2261
d: [2,2262,4,27,6,0,44,1244,157]
s: 2262
d: [2,6771,7,15,4,0,40,813,138]
d: [2,6772,7,13,3,0,18,6771]
s: 6772
d: [2,2266,4,27,6,0,44,1245,157]
s: 2266
d: [2,6788,7,15,3,0,40,814,138]
d: [2,6789,7,13,2,0,21,6788,608]
s: 6789
d: [2,2267,4,27,6,0,44,1245,157]
s: 2267
d: [2,2329,4,27,6,0,44,1264,157]
s: 2329
d: [2,6805,7,15,4,0,40,1666,138]
d: [2,6806,7,13,3,0,18,6805]
s: 6806
d: [2,2330,4,27,6,0,44,1264,157]
s: 2330
d: [2,6845,7,15,3,0,40,1692,138]
d: [2,6846,7,13,2,0,21,6845,968]
s: 6846
d: [2,2344,4,27,6,0,40,894,139]
s: 2344
d: [2,2345,4,27,6,0,40,923,139]
s: 2345
d: [2,6860,7,15,3,0,40,1695,138]
d: [2,6861,7,13,2,0,21,6860,970]
s: 6861
d: [2,2346,4,27,6,0,40,951,139]
s: 2346
d: [2,906,8,13,3,0,40,833,310]
s: 906
d: [2,2347,4,27,6,0,40,984,139]
s: 2347
d: [2,2868,4,46,10,0,44,617,889]
d: [2,2869,4,27,6,0,18,2868]
s: 2869
d: [2,907,8,13,2,0,40,833,314]
s: 907
d: [2,2867,4,46,10,0,44,390,889]
d: [2,2870,4,27,6,0,18,2867]
s: 2870
d: [2,1917,8,13,3,0,40,1750,729]
s: 1917
d: [2,2864,4,46,10,0,44,133,889]
d: [2,2873,4,27,6,0,18,2864]
s: 2873
d: [2,2862,4,46,10,0,44,131,889]
d: [2,2875,4,27,6,0,18,2862]
s: 2875
d: [2,1921,8,13,3,0,40,1750,552]
s: 1921
d: [2,2993,4,46,10,0,44,617,1213]
d: [2,2994,4,27,6,0,18,2993]
s: 2994
d: [2,1922,8,13,2,0,40,1750,311]
s: 1922
d: [2,3070,4,46,10,0,44,617,1233]
d: [2,3071,4,27,6,0,18,3070]
s: 3071
d: [2,3144,4,46,10,0,44,617,1253]
d: [2,3145,4,27,6,0,18,3144]
s: 3145
d: [2,1925,8,13,2,0,40,1750,312]
s: 1925
d: [2,3239,4,27,5,0,46,1000]
s: 3239
d: [2,1950,8,13,3,0,40,1759,729]
s: 1950
d: [2,3250,4,27,5,0,46,1011]
s: 3250
d: [2,3339,4,27,5,0,46,1103]
s: 3339
d: [2,1954,8,13,3,0,40,1759,552]
s: 1954
d: [2,3350,4,27,5,0,46,1120]
s: 3350
d: [2,1955,8,13,2,0,40,1759,311]
s: 1955
d: [2,591,4,28,4,0,40,490,146]
s: 591
d: [2,1528,4,32,7,0,40,777,387]
d: [2,1542,4,28,6,0,21,1528,121]
s: 1542
d: [2,1958,8,13,2,0,40,1759,312]
s: 1958
d: [2,2113,4,28,4,0,40,1006,308]
s: 2113
d: [2,4550,8,13,3,0,40,4117,729]
s: 4550
d: [2,2149,4,28,4,0,40,1017,308]
s: 2149
d: [2,2260,4,31,8,0,40,1244,364]
d: [2,2263,4,28,7,0,21,2260,129]
s: 2263
d: [2,4554,8,13,3,0,40,4117,552]
s: 4554
d: [2,2269,4,31,8,0,40,1248,364]
d: [2,2272,4,28,7,0,21,2269,129]
s: 2272
d: [2,7485,5,0,0,7,52,203,193,188,180,176,198,371,2272]
e: 7485
d: [2,7487,5,22,6,1,40,2272,371]
d: [2,7492,5,18,5,2,21,7487,198]
d: [2,7493,5,14,4,3,21,7492,176]
d: [2,7494,5,12,3,4,21,7493,203]
d: [2,7495,5,8,2,5,21,7494,180]
d: [2,7496,5,4,1,6,21,7495,188]
d: [2,7497,5,0,0,7,21,7496,193]
e: 7497
i: [1,118,0,12,2,1,0,0] t1_incsp_1
i: [1,117,0,12,2,1,0,0] t1_incsp_1
d: [2,2447,1,17,4,1,44,173,160]
d: [2,2458,1,13,3,2,21,2447,188]
d: [2,2459,1,9,2,3,21,2458,193]
d: [2,2460,1,6,1,4,21,2459,279]
f: 7497,2460,2443,2436,2423,295,113,114,115,116,117,118,119
% Refutation found. Thanks to Tanya!
% SZS status Theorem for incsp_1__t1_incsp_1
% SZS output start Proof for incsp_1__t1_incsp_1
1. ! [X0] : (l1_incsp_1(X0) => ! [X1] : (m1_subset_1(X1,u2_incsp_1(X0)) => ! [X2] : (m1_subset_1(X2,u1_incsp_1(X0)) => ! [X3] : (m1_subset_1(X3,u1_incsp_1(X0)) => (r4_incsp_1(X0,k7_domain_1(u1_incsp_1(X0),X2,X3),X1) <=> (r1_incsp_1(X0,X3,X1) & r1_incsp_1(X0,X2,X1))))))) [input t1_incsp_1]
2. ~! [X0] : (l1_incsp_1(X0) => ! [X1] : (m1_subset_1(X1,u2_incsp_1(X0)) => ! [X2] : (m1_subset_1(X2,u1_incsp_1(X0)) => ! [X3] : (m1_subset_1(X3,u1_incsp_1(X0)) => (r4_incsp_1(X0,k7_domain_1(u1_incsp_1(X0),X2,X3),X1) <=> (r1_incsp_1(X0,X3,X1) & r1_incsp_1(X0,X2,X1))))))) [negated conjecture 1]
8. ! [X0,X1] : k2_tarski(X0,X1) = k2_tarski(X1,X0) [input commutativity_k2_tarski]
9. ! [X0,X1,X2] : ((m1_subset_1(X2,X0) & m1_subset_1(X1,X0) & ~v1_xboole_0(X0)) => k7_domain_1(X0,X1,X2) = k7_domain_1(X0,X2,X1)) [input commutativity_k7_domain_1]
10. ! [X0] : ! [X1] : ! [X2] : (k2_tarski(X0,X1) = X2 <=> ! [X3] : (r2_hidden(X3,X2) <=> (X1 = X3 | X0 = X3))) [input d2_tarski]
11. ! [X0] : (l1_incsp_1(X0) => ! [X1] : (m1_subset_1(X1,k1_zfmisc_1(u1_incsp_1(X0))) => ! [X2] : (m1_subset_1(X2,u2_incsp_1(X0)) => (r4_incsp_1(X0,X1,X2) <=> ! [X3] : (m1_subset_1(X3,u1_incsp_1(X0)) => (r2_hidden(X3,X1) => r1_incsp_1(X0,X3,X2))))))) [input d4_incsp_1]
15. ! [X0,X1,X2] : ((m1_subset_1(X2,X0) & m1_subset_1(X1,X0) & ~v1_xboole_0(X0)) => m1_subset_1(k7_domain_1(X0,X1,X2),k1_zfmisc_1(X0))) [input dt_k7_domain_1]
18. ! [X0] : (l1_incsp_1(X0) => ~v1_xboole_0(u1_incsp_1(X0))) [input dt_u1_incsp_1]
31. ! [X0,X1,X2] : ((m1_subset_1(X2,X0) & m1_subset_1(X1,X0) & ~v1_xboole_0(X0)) => k7_domain_1(X0,X1,X2) = k2_tarski(X1,X2)) [input redefinition_k7_domain_1]
36. ! [X0] : ! [X1] : ! [X2] : ((m1_subset_1(X1,k1_zfmisc_1(X2)) & r2_hidden(X0,X1)) => m1_subset_1(X0,X2)) [input t4_subset]
46. ! [X0,X1,X2] : ((m1_subset_1(X1,k1_zfmisc_1(X2)) & r2_hidden(X0,X1)) => m1_subset_1(X0,X2)) [flattening 36]
47. ! [X0,X1,X2] : (k2_tarski(X0,X1) = X2 <=> ! [X3] : (r2_hidden(X3,X2) <=> (X1 = X3 | X0 = X3))) [flattening 10]
51. ? [X0] : (? [X1] : (? [X2] : (? [X3] : ((r4_incsp_1(X0,k7_domain_1(u1_incsp_1(X0),X2,X3),X1) <~> (r1_incsp_1(X0,X3,X1) & r1_incsp_1(X0,X2,X1))) & m1_subset_1(X3,u1_incsp_1(X0))) & m1_subset_1(X2,u1_incsp_1(X0))) & m1_subset_1(X1,u2_incsp_1(X0))) & l1_incsp_1(X0)) [ennf transformation 2]
59. ! [X0] : (~v1_xboole_0(u1_incsp_1(X0)) | ~l1_incsp_1(X0)) [ennf transformation 18]
60. ! [X0] : (! [X1] : (! [X2] : ((r4_incsp_1(X0,X1,X2) <=> ! [X3] : ((r1_incsp_1(X0,X3,X2) | ~r2_hidden(X3,X1)) | ~m1_subset_1(X3,u1_incsp_1(X0)))) | ~m1_subset_1(X2,u2_incsp_1(X0))) | ~m1_subset_1(X1,k1_zfmisc_1(u1_incsp_1(X0)))) | ~l1_incsp_1(X0)) [ennf transformation 11]
61. ! [X0] : (! [X1] : (! [X2] : ((r4_incsp_1(X0,X1,X2) <=> ! [X3] : (r1_incsp_1(X0,X3,X2) | ~r2_hidden(X3,X1) | ~m1_subset_1(X3,u1_incsp_1(X0)))) | ~m1_subset_1(X2,u2_incsp_1(X0))) | ~m1_subset_1(X1,k1_zfmisc_1(u1_incsp_1(X0)))) | ~l1_incsp_1(X0)) [flattening 60]
71. ! [X0,X1,X2] : (m1_subset_1(X0,X2) | (~m1_subset_1(X1,k1_zfmisc_1(X2)) | ~r2_hidden(X0,X1))) [ennf transformation 46]
72. ! [X0,X1,X2] : (m1_subset_1(X0,X2) | ~m1_subset_1(X1,k1_zfmisc_1(X2)) | ~r2_hidden(X0,X1)) [flattening 71]
75. ! [X0,X1,X2] : (m1_subset_1(k7_domain_1(X0,X1,X2),k1_zfmisc_1(X0)) | (~m1_subset_1(X2,X0) | ~m1_subset_1(X1,X0) | v1_xboole_0(X0))) [ennf transformation 15]
76. ! [X0,X1,X2] : (m1_subset_1(k7_domain_1(X0,X1,X2),k1_zfmisc_1(X0)) | ~m1_subset_1(X2,X0) | ~m1_subset_1(X1,X0) | v1_xboole_0(X0)) [flattening 75]
77. ! [X0,X1,X2] : (k7_domain_1(X0,X1,X2) = k2_tarski(X1,X2) | (~m1_subset_1(X2,X0) | ~m1_subset_1(X1,X0) | v1_xboole_0(X0))) [ennf transformation 31]
78. ! [X0,X1,X2] : (k7_domain_1(X0,X1,X2) = k2_tarski(X1,X2) | ~m1_subset_1(X2,X0) | ~m1_subset_1(X1,X0) | v1_xboole_0(X0)) [flattening 77]
79. ! [X0,X1,X2] : (k7_domain_1(X0,X1,X2) = k7_domain_1(X0,X2,X1) | (~m1_subset_1(X2,X0) | ~m1_subset_1(X1,X0) | v1_xboole_0(X0))) [ennf transformation 9]
80. ! [X0,X1,X2] : (k7_domain_1(X0,X1,X2) = k7_domain_1(X0,X2,X1) | ~m1_subset_1(X2,X0) | ~m1_subset_1(X1,X0) | v1_xboole_0(X0)) [flattening 79]
81. ? [X0] : (? [X1] : (? [X2] : (? [X3] : ((((~r1_incsp_1(X0,X3,X1) | ~r1_incsp_1(X0,X2,X1)) | ~r4_incsp_1(X0,k7_domain_1(u1_incsp_1(X0),X2,X3),X1)) & ((r1_incsp_1(X0,X3,X1) & r1_incsp_1(X0,X2,X1)) | r4_incsp_1(X0,k7_domain_1(u1_incsp_1(X0),X2,X3),X1))) & m1_subset_1(X3,u1_incsp_1(X0))) & m1_subset_1(X2,u1_incsp_1(X0))) & m1_subset_1(X1,u2_incsp_1(X0))) & l1_incsp_1(X0)) [nnf transformation 51]
82. ? [X0] : (? [X1] : (? [X2] : (? [X3] : ((~r1_incsp_1(X0,X3,X1) | ~r1_incsp_1(X0,X2,X1) | ~r4_incsp_1(X0,k7_domain_1(u1_incsp_1(X0),X2,X3),X1)) & ((r1_incsp_1(X0,X3,X1) & r1_incsp_1(X0,X2,X1)) | r4_incsp_1(X0,k7_domain_1(u1_incsp_1(X0),X2,X3),X1)) & m1_subset_1(X3,u1_incsp_1(X0))) & m1_subset_1(X2,u1_incsp_1(X0))) & m1_subset_1(X1,u2_incsp_1(X0))) & l1_incsp_1(X0)) [flattening 81]
83. ? [X0] : (? [X1] : (? [X2] : (? [X3] : ((~r1_incsp_1(X0,X3,X1) | ~r1_incsp_1(X0,X2,X1) | ~r4_incsp_1(X0,k7_domain_1(u1_incsp_1(X0),X2,X3),X1)) & ((r1_incsp_1(X0,X3,X1) & r1_incsp_1(X0,X2,X1)) | r4_incsp_1(X0,k7_domain_1(u1_incsp_1(X0),X2,X3),X1)) & m1_subset_1(X3,u1_incsp_1(X0))) & m1_subset_1(X2,u1_incsp_1(X0))) & m1_subset_1(X1,u2_incsp_1(X0))) & l1_incsp_1(X0)) => (? [X1] : (? [X2] : (? [X3] : ((~r1_incsp_1(sK0,X3,X1) | ~r1_incsp_1(sK0,X2,X1) | ~r4_incsp_1(sK0,k7_domain_1(u1_incsp_1(sK0),X2,X3),X1)) & ((r1_incsp_1(sK0,X3,X1) & r1_incsp_1(sK0,X2,X1)) | r4_incsp_1(sK0,k7_domain_1(u1_incsp_1(sK0),X2,X3),X1)) & m1_subset_1(X3,u1_incsp_1(sK0))) & m1_subset_1(X2,u1_incsp_1(sK0))) & m1_subset_1(X1,u2_incsp_1(sK0))) & l1_incsp_1(sK0)) [choice axiom]
84. ? [X1] : (? [X2] : (? [X3] : ((~r1_incsp_1(sK0,X3,X1) | ~r1_incsp_1(sK0,X2,X1) | ~r4_incsp_1(sK0,k7_domain_1(u1_incsp_1(sK0),X2,X3),X1)) & ((r1_incsp_1(sK0,X3,X1) & r1_incsp_1(sK0,X2,X1)) | r4_incsp_1(sK0,k7_domain_1(u1_incsp_1(sK0),X2,X3),X1)) & m1_subset_1(X3,u1_incsp_1(sK0))) & m1_subset_1(X2,u1_incsp_1(sK0))) & m1_subset_1(X1,u2_incsp_1(sK0))) => (? [X2] : (? [X3] : ((~r1_incsp_1(sK0,X3,sK1) | ~r1_incsp_1(sK0,X2,sK1) | ~r4_incsp_1(sK0,k7_domain_1(u1_incsp_1(sK0),X2,X3),sK1)) & ((r1_incsp_1(sK0,X3,sK1) & r1_incsp_1(sK0,X2,sK1)) | r4_incsp_1(sK0,k7_domain_1(u1_incsp_1(sK0),X2,X3),sK1)) & m1_subset_1(X3,u1_incsp_1(sK0))) & m1_subset_1(X2,u1_incsp_1(sK0))) & m1_subset_1(sK1,u2_incsp_1(sK0))) [choice axiom]
85. ? [X2] : (? [X3] : ((~r1_incsp_1(sK0,X3,sK1) | ~r1_incsp_1(sK0,X2,sK1) | ~r4_incsp_1(sK0,k7_domain_1(u1_incsp_1(sK0),X2,X3),sK1)) & ((r1_incsp_1(sK0,X3,sK1) & r1_incsp_1(sK0,X2,sK1)) | r4_incsp_1(sK0,k7_domain_1(u1_incsp_1(sK0),X2,X3),sK1)) & m1_subset_1(X3,u1_incsp_1(sK0))) & m1_subset_1(X2,u1_incsp_1(sK0))) => (? [X3] : ((~r1_incsp_1(sK0,X3,sK1) | ~r1_incsp_1(sK0,sK2,sK1) | ~r4_incsp_1(sK0,k7_domain_1(u1_incsp_1(sK0),sK2,X3),sK1)) & ((r1_incsp_1(sK0,X3,sK1) & r1_incsp_1(sK0,sK2,sK1)) | r4_incsp_1(sK0,k7_domain_1(u1_incsp_1(sK0),sK2,X3),sK1)) & m1_subset_1(X3,u1_incsp_1(sK0))) & m1_subset_1(sK2,u1_incsp_1(sK0))) [choice axiom]
86. ? [X3] : ((~r1_incsp_1(sK0,X3,sK1) | ~r1_incsp_1(sK0,sK2,sK1) | ~r4_incsp_1(sK0,k7_domain_1(u1_incsp_1(sK0),sK2,X3),sK1)) & ((r1_incsp_1(sK0,X3,sK1) & r1_incsp_1(sK0,sK2,sK1)) | r4_incsp_1(sK0,k7_domain_1(u1_incsp_1(sK0),sK2,X3),sK1)) & m1_subset_1(X3,u1_incsp_1(sK0))) => ((~r1_incsp_1(sK0,sK3,sK1) | ~r1_incsp_1(sK0,sK2,sK1) | ~r4_incsp_1(sK0,k7_domain_1(u1_incsp_1(sK0),sK2,sK3),sK1)) & ((r1_incsp_1(sK0,sK3,sK1) & r1_incsp_1(sK0,sK2,sK1)) | r4_incsp_1(sK0,k7_domain_1(u1_incsp_1(sK0),sK2,sK3),sK1)) & m1_subset_1(sK3,u1_incsp_1(sK0))) [choice axiom]
87. ((((~r1_incsp_1(sK0,sK3,sK1) | ~r1_incsp_1(sK0,sK2,sK1) | ~r4_incsp_1(sK0,k7_domain_1(u1_incsp_1(sK0),sK2,sK3),sK1)) & ((r1_incsp_1(sK0,sK3,sK1) & r1_incsp_1(sK0,sK2,sK1)) | r4_incsp_1(sK0,k7_domain_1(u1_incsp_1(sK0),sK2,sK3),sK1)) & m1_subset_1(sK3,u1_incsp_1(sK0))) & m1_subset_1(sK2,u1_incsp_1(sK0))) & m1_subset_1(sK1,u2_incsp_1(sK0))) & l1_incsp_1(sK0) [skolemisation 82,86,85,84,83]
92. ! [X0] : (! [X1] : (! [X2] : (((r4_incsp_1(X0,X1,X2) | ? [X3] : (~r1_incsp_1(X0,X3,X2) & r2_hidden(X3,X1) & m1_subset_1(X3,u1_incsp_1(X0)))) & (! [X3] : (r1_incsp_1(X0,X3,X2) | ~r2_hidden(X3,X1) | ~m1_subset_1(X3,u1_incsp_1(X0))) | ~r4_incsp_1(X0,X1,X2))) | ~m1_subset_1(X2,u2_incsp_1(X0))) | ~m1_subset_1(X1,k1_zfmisc_1(u1_incsp_1(X0)))) | ~l1_incsp_1(X0)) [nnf transformation 61]
93. ! [X0] : (! [X1] : (! [X2] : (((r4_incsp_1(X0,X1,X2) | ? [X3] : (~r1_incsp_1(X0,X3,X2) & r2_hidden(X3,X1) & m1_subset_1(X3,u1_incsp_1(X0)))) & (! [X4] : (r1_incsp_1(X0,X4,X2) | ~r2_hidden(X4,X1) | ~m1_subset_1(X4,u1_incsp_1(X0))) | ~r4_incsp_1(X0,X1,X2))) | ~m1_subset_1(X2,u2_incsp_1(X0))) | ~m1_subset_1(X1,k1_zfmisc_1(u1_incsp_1(X0)))) | ~l1_incsp_1(X0)) [rectify 92]
94. ! [X2,X1,X0] : (? [X3] : (~r1_incsp_1(X0,X3,X2) & r2_hidden(X3,X1) & m1_subset_1(X3,u1_incsp_1(X0))) => (~r1_incsp_1(X0,sK6(X0,X1,X2),X2) & r2_hidden(sK6(X0,X1,X2),X1) & m1_subset_1(sK6(X0,X1,X2),u1_incsp_1(X0)))) [choice axiom]
95. ! [X0] : (! [X1] : (! [X2] : (((r4_incsp_1(X0,X1,X2) | (~r1_incsp_1(X0,sK6(X0,X1,X2),X2) & r2_hidden(sK6(X0,X1,X2),X1) & m1_subset_1(sK6(X0,X1,X2),u1_incsp_1(X0)))) & (! [X4] : (r1_incsp_1(X0,X4,X2) | ~r2_hidden(X4,X1) | ~m1_subset_1(X4,u1_incsp_1(X0))) | ~r4_incsp_1(X0,X1,X2))) | ~m1_subset_1(X2,u2_incsp_1(X0))) | ~m1_subset_1(X1,k1_zfmisc_1(u1_incsp_1(X0)))) | ~l1_incsp_1(X0)) [skolemisation 93,94]
96. ! [X0,X1,X2] : ((k2_tarski(X0,X1) = X2 | ? [X3] : (((X1 != X3 & X0 != X3) | ~r2_hidden(X3,X2)) & ((X1 = X3 | X0 = X3) | r2_hidden(X3,X2)))) & (! [X3] : ((r2_hidden(X3,X2) | (X1 != X3 & X0 != X3)) & ((X1 = X3 | X0 = X3) | ~r2_hidden(X3,X2))) | k2_tarski(X0,X1) != X2)) [nnf transformation 47]
97. ! [X0,X1,X2] : ((k2_tarski(X0,X1) = X2 | ? [X3] : (((X1 != X3 & X0 != X3) | ~r2_hidden(X3,X2)) & (X1 = X3 | X0 = X3 | r2_hidden(X3,X2)))) & (! [X3] : ((r2_hidden(X3,X2) | (X1 != X3 & X0 != X3)) & (X1 = X3 | X0 = X3 | ~r2_hidden(X3,X2))) | k2_tarski(X0,X1) != X2)) [flattening 96]
98. ! [X0,X1,X2] : ((k2_tarski(X0,X1) = X2 | ? [X3] : (((X1 != X3 & X0 != X3) | ~r2_hidden(X3,X2)) & (X1 = X3 | X0 = X3 | r2_hidden(X3,X2)))) & (! [X4] : ((r2_hidden(X4,X2) | (X1 != X4 & X0 != X4)) & (X1 = X4 | X0 = X4 | ~r2_hidden(X4,X2))) | k2_tarski(X0,X1) != X2)) [rectify 97]
99. ! [X2,X1,X0] : (? [X3] : (((X1 != X3 & X0 != X3) | ~r2_hidden(X3,X2)) & (X1 = X3 | X0 = X3 | r2_hidden(X3,X2))) => (((sK7(X0,X1,X2) != X1 & sK7(X0,X1,X2) != X0) | ~r2_hidden(sK7(X0,X1,X2),X2)) & (sK7(X0,X1,X2) = X1 | sK7(X0,X1,X2) = X0 | r2_hidden(sK7(X0,X1,X2),X2)))) [choice axiom]
100. ! [X0,X1,X2] : ((k2_tarski(X0,X1) = X2 | (((sK7(X0,X1,X2) != X1 & sK7(X0,X1,X2) != X0) | ~r2_hidden(sK7(X0,X1,X2),X2)) & (sK7(X0,X1,X2) = X1 | sK7(X0,X1,X2) = X0 | r2_hidden(sK7(X0,X1,X2),X2)))) & (! [X4] : ((r2_hidden(X4,X2) | (X1 != X4 & X0 != X4)) & (X1 = X4 | X0 = X4 | ~r2_hidden(X4,X2))) | k2_tarski(X0,X1) != X2)) [skolemisation 98,99]
113. l1_incsp_1(sK0) [cnf transformation 87] {a:0,w:2,wCS:200,goal:1,sine:0,thAx:0,allAx:5,thDist:-5}
114. m1_subset_1(sK1,u2_incsp_1(sK0)) [cnf transformation 87] {a:0,w:4,wCS:400,goal:1,sine:0,thAx:0,allAx:5,thDist:-5}
115. m1_subset_1(sK2,u1_incsp_1(sK0)) [cnf transformation 87] {a:0,w:4,wCS:400,goal:1,sine:0,thAx:0,allAx:5,thDist:-5}
116. m1_subset_1(sK3,u1_incsp_1(sK0)) [cnf transformation 87] {a:0,w:4,wCS:400,goal:1,sine:0,thAx:0,allAx:5,thDist:-5}
117. r1_incsp_1(sK0,sK2,sK1) | r4_incsp_1(sK0,k7_domain_1(u1_incsp_1(sK0),sK2,sK3),sK1) [cnf transformation 87] {a:0,w:12,wCS:1200,goal:1,sine:0,thAx:0,allAx:5,thDist:-5}
118. r1_incsp_1(sK0,sK3,sK1) | r4_incsp_1(sK0,k7_domain_1(u1_incsp_1(sK0),sK2,sK3),sK1) [cnf transformation 87] {a:0,w:12,wCS:1200,goal:1,sine:0,thAx:0,allAx:5,thDist:-5}
119. ~r1_incsp_1(sK0,sK3,sK1) | ~r1_incsp_1(sK0,sK2,sK1) | ~r4_incsp_1(sK0,k7_domain_1(u1_incsp_1(sK0),sK2,sK3),sK1) [cnf transformation 87] {a:0,w:16,wCS:1600,goal:1,sine:0,thAx:0,allAx:5,thDist:-5}
129. ~v1_xboole_0(u1_incsp_1(X0)) | ~l1_incsp_1(X0) [cnf transformation 59] {a:0,w:5,wCS:2000,nSel:1,sine:1,thAx:0,allAx:1,thDist:-1}
130. r1_incsp_1(X0,X4,X2) | ~r2_hidden(X4,X1) | ~m1_subset_1(X4,u1_incsp_1(X0)) | ~r4_incsp_1(X0,X1,X2) | ~m1_subset_1(X2,u2_incsp_1(X0)) | ~m1_subset_1(X1,k1_zfmisc_1(u1_incsp_1(X0))) | ~l1_incsp_1(X0) [cnf transformation 95] {a:0,w:26,wCS:10400,sine:1,thAx:0,allAx:2,thDist:-2}
132. r2_hidden(sK6(X0,X1,X2),X1) | r4_incsp_1(X0,X1,X2) | ~m1_subset_1(X2,u2_incsp_1(X0)) | ~m1_subset_1(X1,k1_zfmisc_1(u1_incsp_1(X0))) | ~l1_incsp_1(X0) [cnf transformation 95] {a:0,w:21,wCS:8400,nSel:1,sine:1,thAx:0,allAx:2,thDist:-2}
133. ~r1_incsp_1(X0,sK6(X0,X1,X2),X2) | r4_incsp_1(X0,X1,X2) | ~m1_subset_1(X2,u2_incsp_1(X0)) | ~m1_subset_1(X1,k1_zfmisc_1(u1_incsp_1(X0))) | ~l1_incsp_1(X0) [cnf transformation 95] {a:0,w:22,wCS:8800,nSel:1,sine:1,thAx:0,allAx:2,thDist:-2}
142. ~m1_subset_1(X1,k1_zfmisc_1(X2)) | m1_subset_1(X0,X2) | ~r2_hidden(X0,X1) [cnf transformation 72] {a:0,w:10,wCS:4000,nSel:1,sine:2,thAx:0,allAx:1,thDist:-1}
143. X1 = X4 | X0 = X4 | ~r2_hidden(X4,X2) | k2_tarski(X0,X1) != X2 [cnf transformation 100] {a:0,w:14,wCS:5600,sine:2,thAx:0,allAx:2,thDist:-2}
144. r2_hidden(X4,X2) | X0 != X4 | k2_tarski(X0,X1) != X2 [cnf transformation 100] {a:0,w:11,wCS:4400,sine:2,thAx:0,allAx:2,thDist:-2}
145. r2_hidden(X4,X2) | X1 != X4 | k2_tarski(X0,X1) != X2 [cnf transformation 100] {a:0,w:11,wCS:4400,sine:2,thAx:0,allAx:2,thDist:-2}
157. k2_tarski(X0,X1) = k2_tarski(X1,X0) [cnf transformation 8] {a:0,w:7,wCS:2800,nSel:1,sine:2,thAx:0,allAx:1,thDist:-1}
159. m1_subset_1(k7_domain_1(X0,X1,X2),k1_zfmisc_1(X0)) | ~m1_subset_1(X2,X0) | ~m1_subset_1(X1,X0) | v1_xboole_0(X0) [cnf transformation 76] {a:0,w:15,wCS:6000,nSel:1,sine:1,thAx:0,allAx:1,thDist:-1}
160. k7_domain_1(X0,X1,X2) = k2_tarski(X1,X2) | ~m1_subset_1(X2,X0) | ~m1_subset_1(X1,X0) | v1_xboole_0(X0) [cnf transformation 78] {a:0,w:16,wCS:6400,nSel:1,sine:1,thAx:0,allAx:1,thDist:-1}
161. k7_domain_1(X0,X1,X2) = k7_domain_1(X0,X2,X1) | ~m1_subset_1(X2,X0) | ~m1_subset_1(X1,X0) | v1_xboole_0(X0) [cnf transformation 80] {a:0,w:17,wCS:6800,nSel:1,sine:1,thAx:0,allAx:1,thDist:-1}
165. r2_hidden(X4,X2) | k2_tarski(X0,X4) != X2 [equality resolution 145] {a:0,w:8,wCS:3200,sine:2,thAx:0,allAx:2,thDist:-2}
166. r2_hidden(X4,k2_tarski(X0,X4)) [equality resolution 165] {a:0,w:5,wCS:2000,nSel:1,sine:2,thAx:0,allAx:2,thDist:-2}
167. r2_hidden(X4,X2) | k2_tarski(X4,X1) != X2 [equality resolution 144] {a:0,w:8,wCS:3200,sine:2,thAx:0,allAx:2,thDist:-2}
168. r2_hidden(X4,k2_tarski(X4,X1)) [equality resolution 167] {a:0,w:5,wCS:2000,nSel:1,sine:2,thAx:0,allAx:2,thDist:-2}
169. ~r2_hidden(X4,k2_tarski(X0,X1)) | X0 = X4 | X1 = X4 [equality resolution 143] {a:0,w:11,wCS:4400,nSel:1,sine:2,thAx:0,allAx:2,thDist:-2}
171. 1 <=> r4_incsp_1(sK0,k7_domain_1(u1_incsp_1(sK0),sK2,sK3),sK1) [avatar definition]
172. r4_incsp_1(sK0,k7_domain_1(u1_incsp_1(sK0),sK2,sK3),sK1) <- (1) [avatar component clause 171] {a:0,w:8,wCS:800,nSel:1,goal:1,sine:255,thAx:0,allAx:5,thDist:-5}
173. ~r4_incsp_1(sK0,k7_domain_1(u1_incsp_1(sK0),sK2,sK3),sK1) <- (~1) [avatar component clause 171] {a:0,w:8,wCS:800,nSel:1,goal:1,sine:255,thAx:0,allAx:5,thDist:-5}
175. 2 <=> r1_incsp_1(sK0,sK2,sK1) [avatar definition]
176. r1_incsp_1(sK0,sK2,sK1) <- (2) [avatar component clause 175] {a:0,w:4,wCS:400,nSel:1,goal:1,sine:255,thAx:0,allAx:5,thDist:-5}
177. ~r1_incsp_1(sK0,sK2,sK1) <- (~2) [avatar component clause 175] {a:0,w:4,wCS:400,nSel:1,goal:1,sine:255,thAx:0,allAx:5,thDist:-5}
179. 3 <=> r1_incsp_1(sK0,sK3,sK1) [avatar definition]
180. r1_incsp_1(sK0,sK3,sK1) <- (3) [avatar component clause 179] {a:0,w:4,wCS:400,nSel:1,goal:1,sine:255,thAx:0,allAx:5,thDist:-5}
181. ~r1_incsp_1(sK0,sK3,sK1) <- (~3) [avatar component clause 179] {a:0,w:4,wCS:400,nSel:1,goal:1,sine:255,thAx:0,allAx:5,thDist:-5}
182. ~1 | ~2 | ~3 [avatar split clause 119,179,175,171]
183. 1 | 3 [avatar split clause 118,179,171]
184. 1 | 2 [avatar split clause 117,175,171]
186. 4 <=> m1_subset_1(sK3,u1_incsp_1(sK0)) [avatar definition]
188. m1_subset_1(sK3,u1_incsp_1(sK0)) <- (4) [avatar component clause 186] {a:0,w:4,wCS:400,nSel:1,goal:1,sine:255,thAx:0,allAx:5,thDist:-5}
189. 4 [avatar split clause 116,186]
191. 5 <=> m1_subset_1(sK2,u1_incsp_1(sK0)) [avatar definition]
193. m1_subset_1(sK2,u1_incsp_1(sK0)) <- (5) [avatar component clause 191] {a:0,w:4,wCS:400,nSel:1,goal:1,sine:255,thAx:0,allAx:5,thDist:-5}
194. 5 [avatar split clause 115,191]
196. 6 <=> m1_subset_1(sK1,u2_incsp_1(sK0)) [avatar definition]
198. m1_subset_1(sK1,u2_incsp_1(sK0)) <- (6) [avatar component clause 196] {a:0,w:4,wCS:400,nSel:1,goal:1,sine:255,thAx:0,allAx:5,thDist:-5}
199. 6 [avatar split clause 114,196]
201. 7 <=> l1_incsp_1(sK0) [avatar definition]
203. l1_incsp_1(sK0) <- (7) [avatar component clause 201] {a:0,w:2,wCS:200,nSel:1,goal:1,sine:255,thAx:0,allAx:5,thDist:-5}
204. 7 [avatar split clause 113,201]
278. 15 <=> v1_xboole_0(u1_incsp_1(sK0)) [avatar definition]
279. ~v1_xboole_0(u1_incsp_1(sK0)) <- (~15) [avatar component clause 278] {a:1,w:3,wCS:300,nSel:1,goal:1,sine:255,thAx:0,allAx:6,thDist:-6}
280. v1_xboole_0(u1_incsp_1(sK0)) <- (15) [avatar component clause 278] {a:1,w:3,wCS:300,nSel:1,goal:1,sine:255,thAx:0,allAx:6,thDist:-6}
293. ~l1_incsp_1(sK0) <- (15) [resolution 280,129] {a:2,w:2,wCS:200,goal:1,sine:1,thAx:0,allAx:7,thDist:-7}
295. $false <- (7, 15) [subsumption resolution 293,203] {a:2,w:0,goal:1,sine:1,thAx:0,allAx:7,thDist:-7}
296. ~7 | ~15 [avatar contradiction clause 295]
363. m1_subset_1(k2_tarski(X1,X2),k1_zfmisc_1(X0)) | ~m1_subset_1(X2,X0) | ~m1_subset_1(X1,X0) | v1_xboole_0(X0) | ~m1_subset_1(X2,X0) | ~m1_subset_1(X1,X0) | v1_xboole_0(X0) [superposition 159,160] {a:1,w:22,wCS:8800,sine:1,thAx:0,allAx:2,thDist:-2}
364. m1_subset_1(k2_tarski(X1,X2),k1_zfmisc_1(X0)) | ~m1_subset_1(X2,X0) | ~m1_subset_1(X1,X0) | v1_xboole_0(X0) [duplicate literal removal 363] {a:1,w:14,wCS:5600,nSel:1,sine:1,thAx:0,allAx:2,thDist:-2}
369. 20 <=> r4_incsp_1(sK0,k2_tarski(sK2,sK3),sK1) [avatar definition]
370. r4_incsp_1(sK0,k2_tarski(sK2,sK3),sK1) <- (20) [avatar component clause 369] {a:1,w:6,wCS:600,nSel:1,goal:1,sine:255,thAx:0,allAx:6,thDist:-6}
371. ~r4_incsp_1(sK0,k2_tarski(sK2,sK3),sK1) <- (~20) [avatar component clause 369] {a:1,w:6,wCS:600,nSel:1,goal:1,sine:255,thAx:0,allAx:6,thDist:-6}
377. k7_domain_1(X0,X2,X1) = k2_tarski(X1,X2) | ~m1_subset_1(X2,X0) | ~m1_subset_1(X1,X0) | v1_xboole_0(X0) | ~m1_subset_1(X1,X0) | ~m1_subset_1(X2,X0) | v1_xboole_0(X0) [superposition 160,161] {a:1,w:24,wCS:9600,sine:1,thAx:0,allAx:2,thDist:-2}
380. k7_domain_1(X0,X2,X1) = k2_tarski(X1,X2) | ~m1_subset_1(X2,X0) | ~m1_subset_1(X1,X0) | v1_xboole_0(X0) [duplicate literal removal 377] {a:1,w:16,wCS:6400,nSel:1,sine:1,thAx:0,allAx:2,thDist:-2}
388. sK6(X9,k2_tarski(X10,X11),X12) = X11 | ~m1_subset_1(X12,u2_incsp_1(X9)) | ~m1_subset_1(k2_tarski(X10,X11),k1_zfmisc_1(u1_incsp_1(X9))) | ~l1_incsp_1(X9) | sK6(X9,k2_tarski(X10,X11),X12) = X10 | r4_incsp_1(X9,k2_tarski(X10,X11),X12) [resolution 132,169] {a:1,w:35,wCS:14000,nSel:1,sine:1,thAx:0,allAx:4,thDist:-4}
395. ~m1_subset_1(X1,k1_zfmisc_1(u1_incsp_1(X0))) | ~r2_hidden(X4,X1) | ~r4_incsp_1(X0,X1,X2) | ~m1_subset_1(X2,u2_incsp_1(X0)) | r1_incsp_1(X0,X4,X2) | ~l1_incsp_1(X0) [subsumption resolution 130,142] {a:0,w:22,wCS:8800,nSel:1,sine:1,thAx:0,allAx:2,thDist:-2}
473. ~m1_subset_1(X17,u1_incsp_1(X18)) | ~m1_subset_1(X19,u1_incsp_1(X18)) | v1_xboole_0(u1_incsp_1(X18)) | ~r2_hidden(X20,k2_tarski(X19,X17)) | ~r4_incsp_1(X18,k2_tarski(X19,X17),X21) | ~m1_subset_1(X21,u2_incsp_1(X18)) | r1_incsp_1(X18,X20,X21) | ~l1_incsp_1(X18) [resolution 364,395] {a:2,w:32,wCS:12800,sine:1,thAx:0,allAx:4,thDist:-4}
478. ~r4_incsp_1(X18,k2_tarski(X19,X17),X21) | ~m1_subset_1(X19,u1_incsp_1(X18)) | ~r2_hidden(X20,k2_tarski(X19,X17)) | ~m1_subset_1(X17,u1_incsp_1(X18)) | ~m1_subset_1(X21,u2_incsp_1(X18)) | r1_incsp_1(X18,X20,X21) | ~l1_incsp_1(X18) [subsumption resolution 473,129] {a:2,w:29,wCS:11600,nSel:1,sine:1,thAx:0,allAx:4,thDist:-4}
662. ~r1_incsp_1(X12,X14,X15) | r4_incsp_1(X12,k2_tarski(X13,X14),X15) | ~m1_subset_1(X15,u2_incsp_1(X12)) | ~m1_subset_1(k2_tarski(X13,X14),k1_zfmisc_1(u1_incsp_1(X12))) | ~l1_incsp_1(X12) | ~m1_subset_1(X15,u2_incsp_1(X12)) | ~m1_subset_1(k2_tarski(X13,X14),k1_zfmisc_1(u1_incsp_1(X12))) | ~l1_incsp_1(X12) | sK6(X12,k2_tarski(X13,X14),X15) = X13 | r4_incsp_1(X12,k2_tarski(X13,X14),X15) [superposition 133,388] {a:2,w:50,wCS:20000,sine:1,thAx:0,allAx:6,thDist:-6}
668. sK6(X12,k2_tarski(X13,X14),X15) = X13 | r4_incsp_1(X12,k2_tarski(X13,X14),X15) | ~m1_subset_1(X15,u2_incsp_1(X12)) | ~m1_subset_1(k2_tarski(X13,X14),k1_zfmisc_1(u1_incsp_1(X12))) | ~l1_incsp_1(X12) | ~r1_incsp_1(X12,X14,X15) [duplicate literal removal 662] {a:2,w:31,wCS:12400,nSel:1,sine:1,thAx:0,allAx:6,thDist:-6}
1239. ~r1_incsp_1(X16,X17,X19) | r4_incsp_1(X16,k2_tarski(X17,X18),X19) | ~m1_subset_1(X19,u2_incsp_1(X16)) | ~m1_subset_1(k2_tarski(X17,X18),k1_zfmisc_1(u1_incsp_1(X16))) | ~l1_incsp_1(X16) | r4_incsp_1(X16,k2_tarski(X17,X18),X19) | ~m1_subset_1(X19,u2_incsp_1(X16)) | ~m1_subset_1(k2_tarski(X17,X18),k1_zfmisc_1(u1_incsp_1(X16))) | ~l1_incsp_1(X16) | ~r1_incsp_1(X16,X18,X19) [superposition 133,668] {a:3,w:46,wCS:18400,sine:1,thAx:0,allAx:8,thDist:-8}
1248. ~m1_subset_1(k2_tarski(X17,X18),k1_zfmisc_1(u1_incsp_1(X16))) | r4_incsp_1(X16,k2_tarski(X17,X18),X19) | ~m1_subset_1(X19,u2_incsp_1(X16)) | ~r1_incsp_1(X16,X17,X19) | ~l1_incsp_1(X16) | ~r1_incsp_1(X16,X18,X19) [duplicate literal removal 1239] {a:3,w:27,wCS:10800,nSel:1,sine:1,thAx:0,allAx:8,thDist:-8}
2269. r4_incsp_1(X4,k2_tarski(X5,X6),X7) | ~m1_subset_1(X7,u2_incsp_1(X4)) | ~r1_incsp_1(X4,X5,X7) | ~l1_incsp_1(X4) | ~r1_incsp_1(X4,X6,X7) | ~m1_subset_1(X6,u1_incsp_1(X4)) | ~m1_subset_1(X5,u1_incsp_1(X4)) | v1_xboole_0(u1_incsp_1(X4)) [resolution 1248,364] {a:4,w:31,wCS:12400,sine:1,thAx:0,allAx:10,thDist:-10}
2272. r4_incsp_1(X4,k2_tarski(X5,X6),X7) | ~m1_subset_1(X7,u2_incsp_1(X4)) | ~r1_incsp_1(X4,X5,X7) | ~l1_incsp_1(X4) | ~r1_incsp_1(X4,X6,X7) | ~m1_subset_1(X6,u1_incsp_1(X4)) | ~m1_subset_1(X5,u1_incsp_1(X4)) [subsumption resolution 2269,129] {a:4,w:28,wCS:11200,nSel:1,sine:1,thAx:0,allAx:10,thDist:-10}
2414. r4_incsp_1(sK0,k2_tarski(sK3,sK2),sK1) | ~m1_subset_1(sK2,u1_incsp_1(sK0)) | ~m1_subset_1(sK3,u1_incsp_1(sK0)) | v1_xboole_0(u1_incsp_1(sK0)) <- (1) [superposition 172,380] {a:2,w:17,wCS:1700,goal:1,sine:1,thAx:0,allAx:7,thDist:-7}
2420. r4_incsp_1(sK0,k2_tarski(sK3,sK2),sK1) | ~m1_subset_1(sK3,u1_incsp_1(sK0)) | v1_xboole_0(u1_incsp_1(sK0)) <- (1, 5) [subsumption resolution 2414,193] {a:2,w:13,wCS:1300,goal:1,sine:1,thAx:0,allAx:7,thDist:-7}
2421. r4_incsp_1(sK0,k2_tarski(sK3,sK2),sK1) | v1_xboole_0(u1_incsp_1(sK0)) <- (1, 4, 5) [subsumption resolution 2420,188] {a:2,w:9,wCS:900,goal:1,sine:1,thAx:0,allAx:7,thDist:-7}
2422. r4_incsp_1(sK0,k2_tarski(sK3,sK2),sK1) <- (1, 4, 5, ~15) [subsumption resolution 2421,279] {a:2,w:6,wCS:600,goal:1,sine:1,thAx:0,allAx:7,thDist:-7}
2423. r4_incsp_1(sK0,k2_tarski(sK2,sK3),sK1) <- (1, 4, 5, ~15) [forward demodulation 2422,157] {a:2,w:6,wCS:600,goal:1,sine:1,thAx:0,allAx:7,thDist:-7}
2435. 20 | ~1 | ~4 | ~5 | 15 [avatar split clause 2423,278,191,186,171,369]
2436. $false <- (~3, 4, 5, 6, 7, 20) [unit resulting resolution 203,181,198,188,166,193,370,478] {a:3,w:0,goal:1,sine:1,thAx:0,allAx:37,thDist:-37}
2438. 3 | ~4 | ~5 | ~6 | ~7 | ~20 [avatar contradiction clause 2436]
2443. $false <- (~2, 4, 5, 6, 7, 20) [unit resulting resolution 203,188,193,168,370,198,177,478] {a:3,w:0,goal:1,sine:1,thAx:0,allAx:37,thDist:-37}
2444. 2 | ~4 | ~5 | ~6 | ~7 | ~20 [avatar contradiction clause 2443]
2447. ~r4_incsp_1(sK0,k2_tarski(sK2,sK3),sK1) | ~m1_subset_1(sK3,u1_incsp_1(sK0)) | ~m1_subset_1(sK2,u1_incsp_1(sK0)) | v1_xboole_0(u1_incsp_1(sK0)) <- (~1) [superposition 173,160] {a:1,w:17,wCS:1700,goal:1,sine:1,thAx:0,allAx:6,thDist:-6}
2458. ~r4_incsp_1(sK0,k2_tarski(sK2,sK3),sK1) | ~m1_subset_1(sK2,u1_incsp_1(sK0)) | v1_xboole_0(u1_incsp_1(sK0)) <- (~1, 4) [subsumption resolution 2447,188] {a:1,w:13,wCS:1300,goal:1,sine:1,thAx:0,allAx:6,thDist:-6}
2459. ~r4_incsp_1(sK0,k2_tarski(sK2,sK3),sK1) | v1_xboole_0(u1_incsp_1(sK0)) <- (~1, 4, 5) [subsumption resolution 2458,193] {a:1,w:9,wCS:900,goal:1,sine:1,thAx:0,allAx:6,thDist:-6}
2460. ~r4_incsp_1(sK0,k2_tarski(sK2,sK3),sK1) <- (~1, 4, 5, ~15) [subsumption resolution 2459,279] {a:1,w:6,wCS:600,goal:1,sine:1,thAx:0,allAx:6,thDist:-6}
2461. ~20 | 1 | ~4 | ~5 | 15 [avatar split clause 2460,278,191,186,171,369]
7487. ~m1_subset_1(sK1,u2_incsp_1(sK0)) | ~r1_incsp_1(sK0,sK2,sK1) | ~l1_incsp_1(sK0) | ~r1_incsp_1(sK0,sK3,sK1) | ~m1_subset_1(sK3,u1_incsp_1(sK0)) | ~m1_subset_1(sK2,u1_incsp_1(sK0)) <- (~20) [resolution 2272,371] {a:5,w:22,wCS:2200,goal:1,sine:1,thAx:0,allAx:16,thDist:-16}
7492. ~r1_incsp_1(sK0,sK2,sK1) | ~l1_incsp_1(sK0) | ~r1_incsp_1(sK0,sK3,sK1) | ~m1_subset_1(sK3,u1_incsp_1(sK0)) | ~m1_subset_1(sK2,u1_incsp_1(sK0)) <- (6, ~20) [subsumption resolution 7487,198] {a:5,w:18,wCS:1800,goal:1,sine:1,thAx:0,allAx:16,thDist:-16}
7493. ~l1_incsp_1(sK0) | ~r1_incsp_1(sK0,sK3,sK1) | ~m1_subset_1(sK3,u1_incsp_1(sK0)) | ~m1_subset_1(sK2,u1_incsp_1(sK0)) <- (2, 6, ~20) [subsumption resolution 7492,176] {a:5,w:14,wCS:1400,goal:1,sine:1,thAx:0,allAx:16,thDist:-16}
7494. ~r1_incsp_1(sK0,sK3,sK1) | ~m1_subset_1(sK3,u1_incsp_1(sK0)) | ~m1_subset_1(sK2,u1_incsp_1(sK0)) <- (2, 6, 7, ~20) [subsumption resolution 7493,203] {a:5,w:12,wCS:1200,goal:1,sine:1,thAx:0,allAx:16,thDist:-16}
7495. ~m1_subset_1(sK3,u1_incsp_1(sK0)) | ~m1_subset_1(sK2,u1_incsp_1(sK0)) <- (2, 3, 6, 7, ~20) [subsumption resolution 7494,180] {a:5,w:8,wCS:800,goal:1,sine:1,thAx:0,allAx:16,thDist:-16}
7496. ~m1_subset_1(sK2,u1_incsp_1(sK0)) <- (2, 3, 4, 6, 7, ~20) [subsumption resolution 7495,188] {a:5,w:4,wCS:400,goal:1,sine:1,thAx:0,allAx:16,thDist:-16}
7497. $false <- (2, 3, 4, 5, 6, 7, ~20) [subsumption resolution 7496,193] {a:5,w:0,goal:1,sine:1,thAx:0,allAx:16,thDist:-16}
7498. ~2 | ~3 | ~4 | ~5 | ~6 | ~7 | 20 [avatar contradiction clause 7497]
7499. $false [avatar sat refutation 182,183,184,189,194,199,204,296,2435,2438,2444,2461,7498] {a:0,w:0,goal:1,sine:0,thAx:0,allAx:394,thDist:-394}
% SZS output end Proof for incsp_1__t1_incsp_1
% ------------------------------
% Version: Vampire 4.5.1 (commit 226f88162 on 2021-09-12 20:13:44 +0200)
% Termination reason: Refutation

% >>> Input
% Input formulas: 39
% >>> Preprocessing
% Introduced skolems: 14
% Unused predicate definitions: 1
% 
% >>> Saturation
% Initial clauses: 52
% Generated clauses: 6920
% Active clauses: 748
% Passive clauses: 4220
% Final active clauses: 734
% Final passive clauses: 3369
% Main loop iterations started: 848
% 
% >>> Simplifying Inferences
% Duplicate literals: 1220
% Trivial inequalities: 31
% Fw subsumption resolutions: 573
% Fw demodulations: 3
% 
% >>> Deletion Inferences
% Simple tautologies: 96
% Equational tautologies: 3
% Forward subsumptions: 1556
% Backward subsumptions: 1
% 
% >>> Generating Inferences
% Binary resolution: 5041
% Unit resulting resolution: 5
% Factoring: 1
% Forward superposition: 386
% Backward superposition: 232
% Self superposition: 1
% Equality factoring: 35
% Equality resolution: 21
% 
% >>> AVATAR
% Split clauses: 6
% Split components: 13
% Sat splitting refutations: 10
% 
% >>> SAT Solver Statistics
% SAT solver clauses: 37
% SAT solver unit clauses: 8
% SAT solver binary clauses: 10
% 
% Memory used [KB]: 11001
% Time elapsed: 0.092 s
% ------------------------------
% ------------------------------
% Time measurement results:
% preprocessing: 0.001 s ( own 0.0000 s ) 
% term sharing: 0.014 s
% forward subsumption index maintenance: 0.002 s
% binary resolution index maintenance: 0.001 s
% backward subsumption index maintenance: 0.005 s ( own 0.004 s ) 
% backward superposition index maintenance: 0.002 s
% backward demodulation index maintenance: 0.002 s ( own 0.001 s ) 
% forward subsumption: 0.020 s
% forward subsumption resolution: 0.011 s
% backward subsumption: 0.003 s
% forward demodulation: 0.002 s
% resolution: 0.024 s ( own 0.016 s ) 
% unit resulting resolution: 0.001 s ( own 0.0000 s ) 
% superposition: 0.008 s ( own 0.006 s ) 
% passive container maintenance: 0.001 s
% other: 0.092 s ( own 0.009 s ) 

