i: [1,268,0,2,1,1,0,0] t60_quatern3
a: [3,389,0,2,1,268]
s: 389
i: [1,267,0,2,1,1,0,0] t60_quatern3
a: [3,394,0,2,1,267]
s: 394
i: [1,266,0,2,1,1,0,0] t60_quatern3
a: [3,399,0,2,1,266]
s: 399
i: [1,270,0,2,1,0,0,255] spc3_boole
a: [3,404,0,2,1,270]
s: 404
i: [1,271,0,2,1,0,0,2] fc1_quaterni
a: [3,409,0,2,1,271]
s: 409
i: [1,272,0,2,1,0,0,255] spc2_boole
a: [3,414,0,2,1,272]
s: 414
i: [1,273,0,2,1,0,0,255] spc4_boole
a: [3,419,0,2,1,273]
s: 419
i: [1,274,0,2,1,0,0,255] fc1_membered
a: [3,424,0,2,1,274]
s: 424
i: [1,275,0,2,1,0,0,255] fc3_membered
a: [3,429,0,2,1,275]
s: 429
i: [1,276,0,2,1,0,0,255] fc6_membered
a: [3,434,0,2,1,276]
s: 434
i: [1,373,0,2,1,0,0,1] rc1_quaterni
a: [3,514,0,2,1,373]
s: 514
i: [1,375,0,2,1,0,0,255] rc1_membered
a: [3,519,0,2,1,375]
s: 519
i: [1,374,0,2,1,0,0,255] rc1_membered
a: [3,524,0,2,1,374]
s: 524
i: [1,377,0,2,1,0,0,255] rc2_membered
a: [3,529,0,2,1,377]
s: 529
i: [1,376,0,2,1,0,0,255] rc2_membered
a: [3,534,0,2,1,376]
s: 534
i: [1,379,0,2,1,0,0,255] rc3_membered
a: [3,539,0,2,1,379]
s: 539
i: [1,378,0,2,1,0,0,255] rc3_membered
a: [3,544,0,2,1,378]
s: 544
i: [1,336,0,3,1,0,0,255] reflexivity_r1_tarski
s: 336
i: [1,277,0,3,1,0,0,255] redefinition_k6_numbers
a: [3,439,0,3,1,277]
s: 439
i: [1,278,0,3,1,0,0,255] redefinition_k5_numbers
a: [3,444,0,3,1,278]
s: 444
r: 434
d: [2,546,0,2,1,2,23,434,444]
a: [3,550,0,2,1,546]
s: 550
i: [1,279,0,3,1,0,0,255] t1_numerals
a: [3,449,0,3,1,279]
s: 449
i: [1,285,0,3,1,0,0,255] spc3_numerals
a: [3,469,0,3,1,285]
s: 469
i: [1,284,0,3,1,0,0,255] spc3_numerals
a: [3,474,0,3,1,284]
s: 474
i: [1,288,0,3,1,0,0,255] spc2_numerals
a: [3,484,0,3,1,288]
s: 484
i: [1,287,0,3,1,0,0,255] spc2_numerals
a: [3,489,0,3,1,287]
s: 489
i: [1,291,0,3,1,0,0,255] spc4_numerals
a: [3,499,0,3,1,291]
s: 499
i: [1,290,0,3,1,0,0,255] spc4_numerals
a: [3,504,0,3,1,290]
s: 504
d: [2,552,0,3,1,2,22,449,444]
d: [2,553,0,3,1,3,22,552,439]
a: [3,557,0,3,1,553]
s: 557
i: [1,269,0,13,1,1,0,0] t60_quatern3
a: [3,384,0,13,1,269]
s: 384
i: [1,296,0,4,2,0,0,255] cc2_membered
s: 296
i: [1,297,0,4,2,0,0,255] cc3_membered
s: 297
i: [1,301,0,4,2,0,0,255] cc4_membered
s: 301
d: [2,559,1,2,1,1,40,301,429]
a: [3,563,1,2,1,559]
s: 563
i: [1,302,0,4,2,0,0,255] cc5_membered
s: 302
i: [1,312,0,4,2,0,0,255] cc1_membered
s: 312
d: [2,565,1,2,1,1,40,302,429]
a: [3,569,1,2,1,565]
s: 569
i: [1,314,0,4,2,0,0,255] cc18_membered
s: 314
d: [2,571,1,2,1,1,40,312,550]
a: [3,578,1,2,1,571]
s: 578
i: [1,335,0,4,1,0,0,2] existence_m1_subset_1
s: 335
i: [1,280,0,4,1,0,0,255] dt_k5_numbers
a: [3,454,0,4,1,280]
s: 454
d: [2,572,1,2,1,1,40,312,519]
a: [3,583,1,2,1,572]
s: 583
i: [1,281,0,4,1,0,0,255] dt_k6_numbers
a: [3,459,0,4,1,281]
s: 459
d: [2,573,1,2,1,1,40,312,529]
a: [3,588,1,2,1,573]
s: 588
i: [1,283,0,4,1,0,0,255] spc3_numerals
a: [3,479,0,4,1,283]
s: 479
i: [1,286,0,4,1,0,0,255] spc2_numerals
a: [3,494,0,4,1,286]
s: 494
d: [2,574,1,2,1,1,40,312,539]
a: [3,593,1,2,1,574]
s: 593
i: [1,289,0,4,1,0,0,255] spc4_numerals
a: [3,509,0,4,1,289]
s: 509
d: [2,595,2,2,1,1,40,578,296]
a: [3,599,2,2,1,595]
s: 599
i: [1,292,0,5,1,0,0,255] t4_boole
s: 292
i: [1,293,0,5,1,0,0,255] t3_boole
s: 293
d: [2,601,2,2,1,1,40,583,296]
a: [3,605,2,2,1,601]
s: 605
i: [1,294,0,5,1,0,0,255] t1_boole
s: 294
d: [2,607,2,2,1,1,40,588,296]
a: [3,611,2,2,1,607]
s: 611
i: [1,304,0,5,2,0,0,255] dt_k8_quaterni
s: 304
i: [1,315,0,5,2,0,0,255] t6_boole
s: 315
d: [2,613,2,2,1,1,40,593,296]
a: [3,617,2,2,1,613]
s: 617
i: [1,316,0,5,2,0,0,2] cc1_quaterni
s: 316
d: [2,619,3,2,1,1,40,599,297]
a: [3,623,3,2,1,619]
s: 623
i: [1,317,0,5,2,0,0,255] cc25_membered
s: 317
i: [1,330,0,5,2,0,0,255] t7_boole
s: 330
d: [2,665,1,2,1,1,40,317,504]
a: [3,673,1,2,1,665]
s: 673
i: [1,337,0,5,1,0,0,255] idempotence_k2_xboole_0
s: 337
d: [2,666,1,2,1,1,40,317,557]
a: [3,678,1,2,1,666]
s: 678
d: [2,625,0,5,1,1,22,292,439]
s: 625
d: [2,626,0,5,1,1,22,293,439]
s: 626
d: [2,667,1,2,1,1,40,317,489]
a: [3,683,1,2,1,667]
s: 683
d: [2,633,0,5,1,1,22,294,439]
s: 633
d: [2,668,1,2,1,1,40,317,474]
a: [3,688,1,2,1,668]
s: 688
d: [2,640,0,5,2,1,22,315,439]
s: 640
i: [1,305,0,6,2,0,0,1] dt_k28_quaterni
s: 305
d: [2,695,2,2,1,1,40,673,312]
a: [3,699,2,2,1,695]
s: 699
i: [1,318,0,6,2,0,0,255] cc6_membered
s: 318
d: [2,701,2,2,1,1,40,678,312]
a: [3,705,2,2,1,701]
s: 705
i: [1,319,0,6,2,0,0,255] cc11_membered
s: 319
i: [1,320,0,6,2,0,0,255] cc8_membered
s: 320
d: [2,707,2,2,1,1,40,683,312]
a: [3,711,2,2,1,707]
s: 711
i: [1,326,0,6,2,0,0,255] t1_subset
s: 326
d: [2,713,2,2,1,1,40,688,312]
a: [3,717,2,2,1,713]
s: 717
i: [1,338,0,6,1,0,0,255] dt_k6_subset_1
s: 338
i: [1,343,0,6,2,0,0,255] fc44_membered
s: 343
d: [2,627,3,2,1,1,40,605,297]
a: [3,631,3,2,1,627]
s: 631
i: [1,344,0,6,2,0,0,255] fc46_membered
s: 344
d: [2,634,3,2,1,1,40,611,297]
a: [3,638,3,2,1,634]
s: 638
i: [1,345,0,6,2,0,0,255] fc47_membered
s: 345
i: [1,346,0,6,2,0,0,255] fc43_membered
s: 346
d: [2,641,3,2,1,1,40,617,297]
a: [3,645,3,2,1,641]
s: 645
i: [1,347,0,6,2,0,0,255] fc45_membered
s: 347
d: [2,727,3,2,1,1,40,699,296]
a: [3,731,3,2,1,727]
s: 731
i: [1,348,0,6,2,0,0,255] fc48_membered
s: 348
i: [1,349,0,6,2,0,0,255] antisymmetry_r2_hidden
s: 349
d: [2,739,3,2,1,1,40,705,296]
a: [3,744,3,2,1,739]
s: 744
i: [1,367,0,6,2,0,0,255] dt_m1_funct_2
s: 367
d: [2,759,3,2,1,1,40,711,296]
a: [3,763,3,2,1,759]
s: 763
i: [1,368,0,6,1,0,0,255] existence_m1_funct_2
s: 368
i: [1,306,0,7,2,0,0,255] redefinition_k28_quaterni
s: 306
d: [2,765,3,2,1,1,40,717,296]
a: [3,769,3,2,1,765]
s: 769
i: [1,307,0,7,2,0,0,255] involutiveness_k8_quaterni
s: 307
d: [2,653,4,2,1,1,40,623,302]
a: [3,658,4,2,1,653]
s: 658
i: [1,308,0,7,2,0,0,1] involutiveness_k28_quaterni
s: 308
i: [1,322,0,7,2,0,0,255] fraenkel_a_0_0_quaterni
s: 322
d: [2,654,4,2,1,1,40,623,301]
a: [3,663,4,2,1,654]
s: 663
i: [1,328,0,7,2,0,0,255] t3_subset
s: 328
d: [2,776,4,2,1,1,40,631,302]
a: [3,781,4,2,1,776]
s: 781
i: [1,329,0,7,3,0,0,3] t8_boole
s: 329
i: [1,331,0,7,2,0,0,255] t2_tarski
s: 331
d: [2,777,4,2,1,1,40,631,301]
a: [3,786,4,2,1,777]
s: 786
i: [1,339,0,7,1,0,0,255] redefinition_k6_subset_1
s: 339
r: 348
r: 347
r: 346
r: 345
r: 344
r: 343
d: [2,791,4,2,1,1,40,638,302]
a: [3,796,4,2,1,791]
s: 796
d: [2,869,0,6,2,0,23,348,339]
s: 869
d: [2,870,0,6,2,0,23,347,339]
s: 870
d: [2,792,4,2,1,1,40,638,301]
a: [3,801,4,2,1,792]
s: 801
d: [2,871,0,6,2,0,23,346,339]
s: 871
d: [2,808,4,2,1,1,40,645,302]
a: [3,813,4,2,1,808]
s: 813
d: [2,872,0,6,2,0,23,345,339]
s: 872
d: [2,873,0,6,2,0,23,344,339]
s: 873
d: [2,809,4,2,1,1,40,645,301]
a: [3,818,4,2,1,809]
s: 818
d: [2,874,0,6,2,0,23,343,339]
s: 874
d: [2,824,4,2,1,1,40,731,297]
a: [3,828,4,2,1,824]
s: 828
i: [1,340,0,7,1,0,0,255] commutativity_k2_xboole_0
s: 340
i: [1,295,0,8,3,0,0,255] cc20_membered
s: 295
d: [2,833,4,2,1,1,40,744,297]
a: [3,838,4,2,1,833]
s: 838
i: [1,298,0,8,3,0,0,255] cc23_membered
s: 298
d: [2,840,4,2,1,1,40,763,297]
a: [3,844,4,2,1,840]
s: 844
i: [1,299,0,8,3,0,0,255] cc22_membered
s: 299
i: [1,300,0,8,3,0,0,255] cc19_membered
s: 300
d: [2,849,4,2,1,1,40,769,297]
a: [3,853,4,2,1,849]
s: 853
i: [1,303,0,8,3,0,0,255] cc21_membered
s: 303
d: [2,884,5,2,1,1,40,828,302]
a: [3,889,5,2,1,884]
s: 889
i: [1,313,0,8,3,0,0,255] cc24_membered
s: 313
i: [1,327,0,8,3,0,0,255] t2_subset
s: 327
d: [2,964,1,5,2,1,40,327,499]
a: [3,990,1,2,1,964]
s: 990
i: [1,341,0,8,2,0,0,255] dt_k9_funct_2
s: 341
d: [2,965,1,5,2,1,40,327,504]
a: [3,999,1,2,1,965]
s: 999
i: [1,354,0,8,3,0,0,255] fc26_membered
s: 354
i: [1,355,0,8,3,0,0,255] fc28_membered
s: 355
d: [2,1026,2,2,1,1,40,990,314]
a: [3,1030,2,2,1,1026]
s: 1030
r: 990
r: 1030
i: [1,356,0,8,3,0,0,255] fc29_membered
s: 356
a: [3,989,1,2,1,964]
s: 989
i: [1,357,0,8,3,0,0,255] fc25_membered
s: 357
i: [1,358,0,8,3,0,0,255] fc27_membered
s: 358
a: [3,1029,2,2,1,1026]
s: 1029
i: [1,359,0,8,3,0,0,255] fc6_quaterni
s: 359
d: [2,885,5,2,1,1,40,828,301]
a: [3,894,5,2,1,885]
s: 894
i: [1,366,0,8,3,0,0,255] fc30_membered
s: 366
i: [1,323,0,9,2,0,0,255] fraenkel_a_0_0_quaterni
s: 323
d: [2,904,5,2,1,1,40,838,302]
a: [3,910,5,2,1,904]
s: 910
i: [1,324,0,9,2,0,0,255] fraenkel_a_0_0_quaterni
s: 324
d: [2,905,5,2,1,1,40,838,301]
a: [3,915,5,2,1,905]
s: 915
i: [1,334,0,9,3,0,0,255] t5_subset
s: 334
i: [1,342,0,9,2,0,0,255] redefinition_k9_funct_2
s: 342
d: [2,921,5,2,1,1,40,844,302]
a: [3,926,5,2,1,921]
s: 926
i: [1,360,0,9,3,0,0,1] dt_k29_quaterni
s: 360
d: [2,922,5,2,1,1,40,844,301]
a: [3,931,5,2,1,922]
s: 931
i: [1,361,0,9,3,0,0,1] dt_k26_quaterni
s: 361
i: [1,282,0,9,1,0,0,255] d1_quaterni
a: [3,464,0,9,1,282]
s: 464
d: [2,1096,1,10,3,1,44,355,464]
a: [3,1129,1,2,1,1096]
s: 1129
i: [1,332,0,10,3,0,0,255] t2_tarski
s: 332
d: [2,1100,1,10,3,1,44,366,464]
a: [3,1178,1,2,1,1100]
s: 1178
i: [1,333,0,10,3,0,0,255] t4_subset
s: 333
i: [1,321,0,11,2,0,0,255] fraenkel_a_0_0_quaterni
s: 321
d: [2,941,5,2,1,1,40,853,302]
a: [3,946,5,2,1,941]
s: 946
i: [1,362,0,11,3,0,0,255] commutativity_k7_quaterni
s: 362
d: [2,942,5,2,1,1,40,853,301]
a: [3,951,5,2,1,942]
s: 951
i: [1,363,0,11,3,0,0,255] redefinition_k29_quaterni
s: 363
i: [1,364,0,11,3,0,0,255] redefinition_k26_quaterni
s: 364
d: [2,647,1,3,1,0,40,316,335]
a: [3,651,1,3,1,647]
s: 651
i: [1,365,0,11,3,0,0,1] commutativity_k26_quaterni
s: 365
d: [2,1205,1,18,3,1,44,384,365]
d: [2,1211,1,16,2,2,21,1205,394]
a: [3,1215,1,3,1,1211]
s: 1215
i: [1,309,0,12,3,0,0,255] d9_quaterni
s: 309
i: [1,310,0,13,3,0,0,1] t52_quatern3
s: 310
d: [2,669,1,3,1,0,40,317,335]
a: [3,693,1,3,1,669]
s: 693
i: [1,311,0,13,3,0,0,1] t53_quatern3
s: 311
d: [2,963,1,7,2,1,40,327,454]
a: [3,981,1,3,1,963]
s: 981
i: [1,353,0,14,4,0,0,255] existence_m2_subset_1
s: 353
i: [1,370,0,14,4,0,0,255] redefinition_m2_funct_2
s: 370
a: [3,986,1,3,1,964]
s: 986
i: [1,371,0,14,4,0,0,255] redefinition_m2_funct_2
s: 371
d: [2,968,1,5,2,1,40,327,484]
a: [3,1009,1,3,1,968]
s: 1009
i: [1,372,0,14,3,0,0,255] existence_m2_funct_2
s: 372
i: [1,350,0,15,5,0,0,255] dt_m2_subset_1
s: 350
d: [2,970,1,5,2,1,40,327,469]
a: [3,1019,1,3,1,970]
s: 1019
i: [1,351,0,15,5,0,0,255] redefinition_m2_subset_1
s: 351
d: [2,1251,2,3,1,1,40,693,312]
a: [3,1255,2,3,1,1251]
s: 1255
i: [1,352,0,15,5,0,0,255] redefinition_m2_subset_1
s: 352
i: [1,369,0,17,4,0,0,255] dt_m2_funct_2
s: 369
d: [2,1276,2,3,1,1,40,981,314]
a: [3,1280,2,3,1,1276]
s: 1280
r: 981
r: 1280
i: [1,380,0,20,4,0,0,255] fraenkel_a_0_0_quaterni
s: 380
a: [3,980,1,3,1,963]
s: 980
d: [2,1260,1,17,3,1,44,384,311]
d: [2,1269,1,15,2,2,21,1260,394]
d: [2,1270,1,13,1,3,21,1269,399]
a: [3,1274,1,13,1,1270]
s: 1274
d: [2,733,1,4,1,0,40,318,335]
a: [3,737,1,4,1,733]
s: 737
d: [2,1362,2,19,3,1,44,1274,310]
d: [2,1363,2,6,2,1,19,1362]
d: [2,1364,2,4,1,2,21,1363,389]
a: [3,1368,2,4,1,1364]
s: 1368
d: [2,746,1,4,1,0,40,319,335]
a: [3,750,1,4,1,746]
s: 750
a: [3,1279,2,3,1,1276]
s: 1279
d: [2,753,1,4,1,0,40,320,335]
a: [3,757,1,4,1,753]
s: 757
d: [2,771,1,4,1,0,40,338,318]
s: 771
d: [2,1292,2,3,1,1,40,986,349]
a: [3,1298,2,3,1,1292]
s: 1298
d: [2,772,1,4,1,0,40,338,319]
s: 772
d: [2,1302,2,3,1,1,40,1009,349]
a: [3,1308,2,3,1,1302]
s: 1308
d: [2,773,1,4,1,0,40,338,320]
s: 773
d: [2,846,1,4,1,0,40,368,367]
s: 846
d: [2,1318,2,3,1,1,40,1019,349]
a: [3,1324,2,3,1,1318]
s: 1324
a: [3,977,1,4,1,963]
s: 977
d: [2,1332,3,3,1,1,40,1255,296]
a: [3,1336,3,3,1,1332]
s: 1336
d: [2,721,1,5,2,2,44,557,640]
s: 721
d: [2,726,1,5,2,0,40,305,316]
s: 726
d: [2,1407,2,0,0,2,52,399,1215,726]
e: 1407
d: [2,1408,2,2,1,1,40,726,1215]
d: [2,1411,2,0,0,2,21,1408,399]
e: 1411
r: 1215
a: [3,1214,1,3,1,1211]
s: 1214
a: [3,1219,1,13,1,1211]
s: 1219
d: [2,1399,4,3,1,1,40,1336,297]
a: [3,1403,4,3,1,1399]
s: 1403
d: [2,847,1,7,3,0,44,304,306]
d: [2,848,1,5,2,0,18,847]
s: 848
d: [2,863,1,5,2,0,40,328,318]
s: 863
d: [2,1413,5,3,1,1,40,1403,302]
a: [3,1418,5,3,1,1413]
s: 1418
d: [2,864,1,5,2,0,40,328,319]
s: 864
d: [2,1414,5,3,1,1,40,1403,301]
a: [3,1423,5,3,1,1414]
s: 1423
d: [2,865,1,5,2,0,40,328,320]
s: 865
d: [2,875,1,5,1,1,44,339,625]
s: 875
d: [2,1370,2,4,1,1,40,750,312]
a: [3,1374,2,4,1,1370]
s: 1374
d: [2,876,1,5,1,1,44,339,626]
s: 876
d: [2,1376,2,4,1,1,40,757,302]
a: [3,1381,2,4,1,1376]
s: 1381
d: [2,877,1,5,1,1,44,625,339]
s: 877
d: [2,878,1,5,1,1,44,626,339]
s: 878
d: [2,1377,2,4,1,1,40,757,301]
a: [3,1386,2,4,1,1377]
s: 1386
d: [2,896,1,5,1,1,44,340,633]
s: 896
d: [2,1388,2,4,1,0,40,772,312]
s: 1388
d: [2,897,1,5,1,1,44,340,633]
s: 897
d: [2,898,1,5,1,1,44,633,340]
s: 898
d: [2,1389,2,4,1,0,40,773,302]
s: 1389
d: [2,899,1,5,1,1,44,633,340]
s: 899
d: [2,1390,2,4,1,0,40,773,301]
s: 1390
d: [2,720,1,6,2,2,44,459,640]
s: 720
d: [2,788,1,6,2,0,40,344,297]
s: 788
d: [2,1391,2,4,1,1,40,977,349]
a: [3,1397,2,4,1,1391]
s: 1397
d: [2,803,1,6,2,0,40,345,296]
s: 803
d: [2,1429,2,4,1,1,44,338,875]
a: [3,1439,2,4,1,1429]
s: 1439
d: [2,820,1,6,2,0,40,347,302]
s: 820
d: [2,821,1,6,2,0,40,347,301]
s: 821
d: [2,1485,3,11,4,1,40,1439,352]
d: [2,1488,3,9,3,1,18,1485]
a: [3,1492,3,2,1,1488]
s: 1492
d: [2,830,1,6,2,0,40,348,312]
s: 830
d: [2,1448,2,4,1,1,44,338,876]
s: 1448
r: 1439
d: [2,879,1,6,2,0,40,869,312]
s: 879
d: [2,880,1,6,2,0,40,870,302]
s: 880
d: [2,740,3,4,2,2,44,705,640]
s: 740
d: [2,881,1,6,2,0,40,870,301]
s: 881
d: [2,1441,3,4,1,1,40,1374,296]
a: [3,1445,3,4,1,1441]
s: 1445
d: [2,882,1,6,2,0,40,872,296]
s: 882
d: [2,883,1,6,2,0,40,873,297]
s: 883
d: [2,1469,3,4,1,0,40,1388,296]
s: 1469
d: [2,903,1,6,2,0,40,295,335]
s: 903
d: [2,1486,3,7,2,1,40,1439,327]
a: [3,1500,3,4,1,1486]
s: 1500
d: [2,920,1,6,2,0,40,298,335]
s: 920
d: [2,936,1,6,2,0,40,299,335]
s: 936
a: [3,1503,3,3,1,1486]
s: 1503
d: [2,940,1,6,2,0,40,300,335]
s: 940
d: [2,834,4,4,2,2,44,744,640]
s: 834
d: [2,956,1,6,2,0,40,303,335]
s: 956
d: [2,960,1,6,2,0,40,313,335]
s: 960
d: [2,1534,4,4,1,1,40,1445,297]
a: [3,1538,4,4,1,1534]
s: 1538
d: [2,972,1,6,2,0,40,327,335]
s: 972
d: [2,1547,4,4,1,0,40,1469,297]
s: 1547
d: [2,962,1,8,3,0,40,327,305]
d: [2,973,1,6,2,1,21,962,409]
s: 973
d: [2,1032,1,6,2,0,40,341,367]
s: 1032
d: [2,1549,4,4,1,1,40,1500,349]
a: [3,1556,4,4,1,1549]
s: 1556
d: [2,1095,1,10,3,1,44,354,464]
a: [3,1112,1,6,1,1095]
s: 1112
d: [2,1592,2,4,1,1,40,1112,881]
a: [3,1597,2,4,1,1592]
s: 1597
d: [2,1097,1,10,3,1,44,356,464]
a: [3,1138,1,6,1,1097]
s: 1138
d: [2,1098,1,10,3,1,44,357,464]
d: [2,1148,1,8,2,2,21,1098,424]
a: [3,1152,1,6,1,1148]
s: 1152
d: [2,1593,2,4,1,1,40,1112,874]
a: [3,1602,2,4,1,1593]
s: 1602
d: [2,1099,1,10,3,1,44,358,464]
a: [3,1161,1,6,1,1099]
s: 1161
d: [2,1604,2,4,1,1,40,1138,879]
a: [3,1609,2,4,1,1604]
s: 1609
d: [2,1186,1,6,2,1,40,333,454]
s: 1186
d: [2,1282,1,17,4,0,40,370,321]
d: [2,1283,1,15,3,1,21,1282,989]
a: [3,1287,1,6,1,1283]
s: 1287
d: [2,1640,2,0,0,2,52,989,1287,341]
e: 1640
d: [2,1641,2,2,1,1,40,1287,341]
d: [2,1643,2,0,0,2,21,1641,989]
e: 1643
r: 989
r: 1029
r: 1287
s: 989
a: [3,1286,1,6,1,1283]
s: 1286
s: 1030
d: [2,1475,1,6,2,0,22,788,339]
s: 1475
d: [2,1476,1,6,2,0,22,803,339]
s: 1476
d: [2,1045,3,2,1,1,40,1030,312]
a: [3,1049,3,2,1,1045]
s: 1049
r: 1030
r: 1049
d: [2,1506,1,6,2,0,22,820,339]
s: 1506
s: 1029
d: [2,1507,1,6,2,0,22,821,339]
s: 1507
d: [2,1510,1,6,2,0,22,830,339]
s: 1510
a: [3,1048,3,2,1,1045]
s: 1048
d: [2,719,1,7,3,1,44,640,640]
s: 719
d: [2,1630,2,7,2,1,40,1186,331]
a: [3,1634,2,3,1,1630]
s: 1634
r: 1397
r: 1186
d: [2,722,1,7,2,1,44,625,640]
s: 722
d: [2,723,1,7,2,1,44,626,640]
s: 723
d: [2,1605,2,4,1,1,40,1138,872]
a: [3,1614,2,4,1,1605]
s: 1614
d: [2,724,1,7,2,1,44,633,640]
s: 724
d: [2,1672,2,9,2,2,44,724,464]
a: [3,1687,2,2,1,1672]
s: 1687
d: [2,855,1,9,3,0,44,307,306]
d: [2,859,1,7,2,0,18,855]
s: 859
d: [2,856,1,10,3,0,44,307,306]
d: [2,860,1,7,2,0,21,856,304]
s: 860
d: [2,1617,2,4,1,1,40,1152,871]
a: [3,1621,2,4,1,1617]
s: 1621
d: [2,857,1,10,3,0,44,306,307]
d: [2,861,1,7,2,0,21,857,304]
s: 861
d: [2,1623,2,4,1,1,40,1161,883]
a: [3,1628,2,4,1,1623]
s: 1628
d: [2,866,1,7,2,0,40,331,349]
s: 866
d: [2,867,1,7,2,0,40,331,326]
s: 867
d: [2,1728,2,6,2,0,40,867,316]
a: [3,1756,2,3,1,1728]
s: 1756
d: [2,900,1,7,3,0,40,295,328]
s: 900
d: [2,1652,2,4,1,1,40,1286,367]
a: [3,1656,2,4,1,1652]
s: 1656
d: [2,917,1,7,3,0,40,298,328]
s: 917
d: [2,933,1,7,3,0,40,299,328]
s: 933
d: [2,1725,2,8,2,0,40,867,319]
a: [3,1732,2,4,1,1725]
s: 1732
r: 1732
d: [2,937,1,7,3,0,40,300,328]
s: 937
a: [3,1731,2,4,1,1725]
s: 1731
d: [2,953,1,7,3,0,40,303,328]
s: 953
d: [2,957,1,7,3,0,40,313,328]
s: 957
a: [3,1735,2,4,1,1725]
s: 1735
r: 1731
r: 1735
d: [2,1083,1,7,2,0,40,334,338]
s: 1083
s: 1732
d: [2,1084,1,7,2,0,40,334,335]
s: 1084
d: [2,1358,1,24,5,0,44,380,324]
d: [2,1359,1,21,4,0,19,1358]
d: [2,1360,1,15,3,0,21,1359,323]
d: [2,1361,1,7,2,0,21,1360,321]
s: 1361
d: [2,1726,2,8,2,0,40,867,318]
a: [3,1740,2,4,1,1726]
s: 1740
d: [2,1668,1,7,2,1,22,722,339]
s: 1668
d: [2,1727,2,8,2,0,40,867,320]
a: [3,1748,2,4,1,1727]
s: 1748
r: 1748
d: [2,1669,1,7,2,1,22,723,339]
s: 1669
d: [2,862,1,8,3,0,44,305,308]
s: 862
d: [2,1857,2,9,2,2,44,464,1669]
d: [2,1858,2,9,2,2,22,1857,340]
a: [3,1862,2,2,1,1858]
s: 1862
d: [2,1868,1,5,2,0,21,862,726]
s: 1868
a: [3,1747,2,4,1,1727]
s: 1747
d: [2,1039,1,8,3,0,40,355,297]
s: 1039
d: [2,1051,1,8,3,0,40,356,296]
s: 1051
a: [3,1751,2,4,1,1727]
s: 1751
d: [2,1895,3,0,0,2,40,1751,977]
e: 1895
d: [2,1891,3,0,0,2,52,977,1751]
e: 1891
d: [2,1892,3,0,0,3,52,1448,980,1751,327]
e: 1892
d: [2,1893,3,0,0,2,52,977,1751,331]
e: 1893
d: [2,1894,3,0,0,2,52,980,1751,972]
e: 1894
d: [2,1897,3,3,1,1,40,1751,972]
d: [2,1903,3,0,0,2,21,1897,980]
e: 1903
r: 977
r: 980
r: 1279
s: 981
r: 981
r: 1747
r: 1751
s: 980
s: 977
d: [2,1062,1,8,3,0,40,358,302]
s: 1062
s: 1280
d: [2,1063,1,8,3,0,40,358,301]
s: 1063
d: [2,1352,3,3,1,1,40,1280,312]
a: [3,1356,3,3,1,1352]
s: 1356
r: 1280
r: 1356
d: [2,1069,1,8,3,0,40,366,312]
s: 1069
d: [2,1075,1,11,3,0,44,323,322]
d: [2,1076,1,8,2,0,18,1075]
s: 1076
s: 1279
d: [2,1078,1,11,3,0,44,324,322]
d: [2,1079,1,8,2,0,18,1078]
s: 1079
a: [3,1355,3,3,1,1352]
s: 1355
d: [2,1081,1,8,3,0,40,334,328]
s: 1081
d: [2,1085,1,8,3,0,40,360,316]
s: 1085
d: [2,1950,3,0,0,3,52,394,399,1368,1085]
e: 1950
d: [2,1951,3,4,2,1,40,1085,1368]
d: [2,1955,3,2,1,2,21,1951,399]
d: [2,1956,3,0,0,3,21,1955,394]
e: 1956
f: 1956,1364,1270,266,267,268,269
% Refutation found. Thanks to Tanya!
% SZS status Theorem for quatern3__t60_quatern3
% SZS output start Proof for quatern3__t60_quatern3
1. ! [X0] : (v1_quaterni(X0) => ! [X1] : (v1_quaterni(X1) => ! [X2] : (v1_quaterni(X2) => k28_quaterni(k26_quaterni(k29_quaterni(X0,X1),X2)) = k29_quaterni(k26_quaterni(k28_quaterni(X0),X1),X2)))) [input t60_quatern3]
2. ~! [X0] : (v1_quaterni(X0) => ! [X1] : (v1_quaterni(X1) => ! [X2] : (v1_quaterni(X2) => k28_quaterni(k26_quaterni(k29_quaterni(X0,X1),X2)) = k29_quaterni(k26_quaterni(k28_quaterni(X0),X1),X2)))) [negated conjecture 1]
14. ! [X0] : (m1_subset_1(X0,k1_quaterni) => v1_quaterni(X0)) [input cc1_quaterni]
42. ! [X0,X1] : ((v1_quaterni(X1) & v1_quaterni(X0)) => m1_subset_1(k29_quaterni(X0,X1),k1_quaterni)) [input dt_k29_quaterni]
117. ! [X0] : (v1_quaterni(X0) => ! [X1] : (v1_quaterni(X1) => k28_quaterni(k26_quaterni(X0,X1)) = k29_quaterni(k28_quaterni(X0),X1))) [input t52_quatern3]
118. ! [X0] : (v1_quaterni(X0) => ! [X1] : (v1_quaterni(X1) => k26_quaterni(k28_quaterni(X0),X1) = k28_quaterni(k29_quaterni(X0,X1)))) [input t53_quatern3]
153. ? [X0] : (? [X1] : (? [X2] : (k28_quaterni(k26_quaterni(k29_quaterni(X0,X1),X2)) != k29_quaterni(k26_quaterni(k28_quaterni(X0),X1),X2) & v1_quaterni(X2)) & v1_quaterni(X1)) & v1_quaterni(X0)) [ennf transformation 2]
169. ! [X0] : (! [X1] : (k28_quaterni(k26_quaterni(X0,X1)) = k29_quaterni(k28_quaterni(X0),X1) | ~v1_quaterni(X1)) | ~v1_quaterni(X0)) [ennf transformation 117]
170. ! [X0] : (! [X1] : (k26_quaterni(k28_quaterni(X0),X1) = k28_quaterni(k29_quaterni(X0,X1)) | ~v1_quaterni(X1)) | ~v1_quaterni(X0)) [ennf transformation 118]
175. ! [X0] : (v1_quaterni(X0) | ~m1_subset_1(X0,k1_quaterni)) [ennf transformation 14]
217. ! [X0,X1] : (m1_subset_1(k29_quaterni(X0,X1),k1_quaterni) | (~v1_quaterni(X1) | ~v1_quaterni(X0))) [ennf transformation 42]
218. ! [X0,X1] : (m1_subset_1(k29_quaterni(X0,X1),k1_quaterni) | ~v1_quaterni(X1) | ~v1_quaterni(X0)) [flattening 217]
238. ? [X0] : (? [X1] : (? [X2] : (k28_quaterni(k26_quaterni(k29_quaterni(X0,X1),X2)) != k29_quaterni(k26_quaterni(k28_quaterni(X0),X1),X2) & v1_quaterni(X2)) & v1_quaterni(X1)) & v1_quaterni(X0)) => (? [X1] : (? [X2] : (k28_quaterni(k26_quaterni(k29_quaterni(sK0,X1),X2)) != k29_quaterni(k26_quaterni(k28_quaterni(sK0),X1),X2) & v1_quaterni(X2)) & v1_quaterni(X1)) & v1_quaterni(sK0)) [choice axiom]
239. ? [X1] : (? [X2] : (k28_quaterni(k26_quaterni(k29_quaterni(sK0,X1),X2)) != k29_quaterni(k26_quaterni(k28_quaterni(sK0),X1),X2) & v1_quaterni(X2)) & v1_quaterni(X1)) => (? [X2] : (k28_quaterni(k26_quaterni(k29_quaterni(sK0,sK1),X2)) != k29_quaterni(k26_quaterni(k28_quaterni(sK0),sK1),X2) & v1_quaterni(X2)) & v1_quaterni(sK1)) [choice axiom]
240. ? [X2] : (k28_quaterni(k26_quaterni(k29_quaterni(sK0,sK1),X2)) != k29_quaterni(k26_quaterni(k28_quaterni(sK0),sK1),X2) & v1_quaterni(X2)) => (k28_quaterni(k26_quaterni(k29_quaterni(sK0,sK1),sK2)) != k29_quaterni(k26_quaterni(k28_quaterni(sK0),sK1),sK2) & v1_quaterni(sK2)) [choice axiom]
241. ((k28_quaterni(k26_quaterni(k29_quaterni(sK0,sK1),sK2)) != k29_quaterni(k26_quaterni(k28_quaterni(sK0),sK1),sK2) & v1_quaterni(sK2)) & v1_quaterni(sK1)) & v1_quaterni(sK0) [skolemisation 153,240,239,238]
266. v1_quaterni(sK0) [cnf transformation 241] {a:0,w:2,wCS:200,goal:1,sine:0,thAx:0,allAx:4,thDist:-4}
267. v1_quaterni(sK1) [cnf transformation 241] {a:0,w:2,wCS:200,goal:1,sine:0,thAx:0,allAx:4,thDist:-4}
268. v1_quaterni(sK2) [cnf transformation 241] {a:0,w:2,wCS:200,goal:1,sine:0,thAx:0,allAx:4,thDist:-4}
269. k28_quaterni(k26_quaterni(k29_quaterni(sK0,sK1),sK2)) != k29_quaterni(k26_quaterni(k28_quaterni(sK0),sK1),sK2) [cnf transformation 241] {a:0,w:13,wCS:1300,goal:1,sine:0,thAx:0,allAx:4,thDist:-4}
310. k28_quaterni(k26_quaterni(X0,X1)) = k29_quaterni(k28_quaterni(X0),X1) | ~v1_quaterni(X1) | ~v1_quaterni(X0) [cnf transformation 169] {a:0,w:13,wCS:5200,nSel:1,sine:1,thAx:0,allAx:1,thDist:-1}
311. k26_quaterni(k28_quaterni(X0),X1) = k28_quaterni(k29_quaterni(X0,X1)) | ~v1_quaterni(X1) | ~v1_quaterni(X0) [cnf transformation 170] {a:0,w:13,wCS:5200,nSel:1,sine:1,thAx:0,allAx:1,thDist:-1}
316. ~m1_subset_1(X0,k1_quaterni) | v1_quaterni(X0) [cnf transformation 175] {a:0,w:5,wCS:2000,nSel:1,sine:2,thAx:0,allAx:1,thDist:-1}
360. m1_subset_1(k29_quaterni(X0,X1),k1_quaterni) | ~v1_quaterni(X1) | ~v1_quaterni(X0) [cnf transformation 218] {a:0,w:9,wCS:3600,nSel:1,sine:1,thAx:0,allAx:1,thDist:-1}
382. 1 <=> k28_quaterni(k26_quaterni(k29_quaterni(sK0,sK1),sK2)) = k29_quaterni(k26_quaterni(k28_quaterni(sK0),sK1),sK2) [avatar definition]
384. k28_quaterni(k26_quaterni(k29_quaterni(sK0,sK1),sK2)) != k29_quaterni(k26_quaterni(k28_quaterni(sK0),sK1),sK2) <- (~1) [avatar component clause 382] {a:0,w:13,wCS:1300,nSel:1,goal:1,sine:255,thAx:0,allAx:4,thDist:-4}
385. ~1 [avatar split clause 269,382]
387. 2 <=> v1_quaterni(sK2) [avatar definition]
389. v1_quaterni(sK2) <- (2) [avatar component clause 387] {a:0,w:2,wCS:200,nSel:1,goal:1,sine:255,thAx:0,allAx:4,thDist:-4}
390. 2 [avatar split clause 268,387]
392. 3 <=> v1_quaterni(sK1) [avatar definition]
394. v1_quaterni(sK1) <- (3) [avatar component clause 392] {a:0,w:2,wCS:200,nSel:1,goal:1,sine:255,thAx:0,allAx:4,thDist:-4}
395. 3 [avatar split clause 267,392]
397. 4 <=> v1_quaterni(sK0) [avatar definition]
399. v1_quaterni(sK0) <- (4) [avatar component clause 397] {a:0,w:2,wCS:200,nSel:1,goal:1,sine:255,thAx:0,allAx:4,thDist:-4}
400. 4 [avatar split clause 266,397]
1085. v1_quaterni(k29_quaterni(X1,X0)) | ~v1_quaterni(X1) | ~v1_quaterni(X0) [resolution 360,316] {a:1,w:8,wCS:3200,nSel:1,sine:1,thAx:0,allAx:2,thDist:-2}
1260. k28_quaterni(k26_quaterni(k29_quaterni(sK0,sK1),sK2)) != k29_quaterni(k28_quaterni(k29_quaterni(sK0,sK1)),sK2) | ~v1_quaterni(sK1) | ~v1_quaterni(sK0) <- (~1) [superposition 384,311] {a:1,w:17,wCS:1700,goal:1,sine:1,thAx:0,allAx:5,thDist:-5}
1269. k28_quaterni(k26_quaterni(k29_quaterni(sK0,sK1),sK2)) != k29_quaterni(k28_quaterni(k29_quaterni(sK0,sK1)),sK2) | ~v1_quaterni(sK0) <- (~1, 3) [subsumption resolution 1260,394] {a:1,w:15,wCS:1500,goal:1,sine:1,thAx:0,allAx:5,thDist:-5}
1270. k28_quaterni(k26_quaterni(k29_quaterni(sK0,sK1),sK2)) != k29_quaterni(k28_quaterni(k29_quaterni(sK0,sK1)),sK2) <- (~1, 3, 4) [subsumption resolution 1269,399] {a:1,w:13,wCS:1300,goal:1,sine:1,thAx:0,allAx:5,thDist:-5}
1272. 121 <=> k28_quaterni(k26_quaterni(k29_quaterni(sK0,sK1),sK2)) = k29_quaterni(k28_quaterni(k29_quaterni(sK0,sK1)),sK2) [avatar definition]
1274. k28_quaterni(k26_quaterni(k29_quaterni(sK0,sK1),sK2)) != k29_quaterni(k28_quaterni(k29_quaterni(sK0,sK1)),sK2) <- (~121) [avatar component clause 1272] {a:1,w:13,wCS:1300,nSel:1,goal:1,sine:255,thAx:0,allAx:5,thDist:-5}
1275. ~121 | 1 | ~3 | ~4 [avatar split clause 1270,397,392,382,1272]
1362. k28_quaterni(k26_quaterni(k29_quaterni(sK0,sK1),sK2)) != k28_quaterni(k26_quaterni(k29_quaterni(sK0,sK1),sK2)) | ~v1_quaterni(sK2) | ~v1_quaterni(k29_quaterni(sK0,sK1)) <- (~121) [superposition 1274,310] {a:2,w:19,wCS:1900,goal:1,sine:1,thAx:0,allAx:6,thDist:-6}
1363. ~v1_quaterni(sK2) | ~v1_quaterni(k29_quaterni(sK0,sK1)) <- (~121) [trivial inequality removal 1362] {a:2,w:6,wCS:600,goal:1,sine:1,thAx:0,allAx:6,thDist:-6}
1364. ~v1_quaterni(k29_quaterni(sK0,sK1)) <- (2, ~121) [subsumption resolution 1363,389] {a:2,w:4,wCS:400,goal:1,sine:1,thAx:0,allAx:6,thDist:-6}
1366. 130 <=> v1_quaterni(k29_quaterni(sK0,sK1)) [avatar definition]
1368. ~v1_quaterni(k29_quaterni(sK0,sK1)) <- (~130) [avatar component clause 1366] {a:2,w:4,wCS:400,nSel:1,goal:1,sine:255,thAx:0,allAx:6,thDist:-6}
1369. ~130 | ~2 | 121 [avatar split clause 1364,1272,387,1366]
1951. ~v1_quaterni(sK0) | ~v1_quaterni(sK1) <- (~130) [resolution 1085,1368] {a:3,w:4,wCS:400,goal:1,sine:1,thAx:0,allAx:8,thDist:-8}
1955. ~v1_quaterni(sK1) <- (4, ~130) [subsumption resolution 1951,399] {a:3,w:2,wCS:200,goal:1,sine:1,thAx:0,allAx:8,thDist:-8}
1956. $false <- (3, 4, ~130) [subsumption resolution 1955,394] {a:3,w:0,goal:1,sine:1,thAx:0,allAx:8,thDist:-8}
1957. ~3 | ~4 | 130 [avatar contradiction clause 1956]
1959. $false [avatar sat refutation 385,390,395,400,1275,1369,1957] {a:0,w:0,goal:1,sine:0,thAx:0,allAx:1022,thDist:-1022}
% SZS output end Proof for quatern3__t60_quatern3
% ------------------------------
% Version: Vampire 4.5.1 (commit 226f88162 on 2021-09-12 20:13:44 +0200)
% Termination reason: Refutation

% >>> Input
% Input formulas: 121
% >>> Preprocessing
% Introduced skolems: 13
% Pure predicates: 12
% Unused predicate definitions: 1
% 
% >>> Saturation
% Initial clauses: 114
% Generated clauses: 1001
% Active clauses: 310
% Passive clauses: 445
% Final active clauses: 278
% Final passive clauses: 109
% Main loop iterations started: 336
% 
% >>> Simplifying Inferences
% Duplicate literals: 64
% Trivial inequalities: 2
% Fw subsumption resolutions: 37
% Fw demodulations: 14
% Bw demodulations: 7
% 
% >>> Deletion Inferences
% Simple tautologies: 88
% Forward subsumptions: 211
% Backward subsumptions: 3
% 
% >>> Generating Inferences
% Binary resolution: 315
% Unit resulting resolution: 7
% Forward superposition: 139
% Backward superposition: 138
% Self superposition: 1
% 
% >>> AVATAR
% Split clauses: 29
% Split components: 63
% Sat splitting refutations: 12
% 
% >>> SAT Solver Statistics
% SAT solver clauses: 182
% SAT solver unit clauses: 38
% SAT solver binary clauses: 109
% 
% Memory used [KB]: 10746
% Time elapsed: 0.014 s
% ------------------------------
% ------------------------------
% Time measurement results:
% parsing: 0.001 s
% term sharing: 0.002 s
% non unit clause index maintenance: 0.001 s
% forward subsumption: 0.001 s
% forward demodulation: 0.001 s
% resolution: 0.001 s
% unit resulting resolution: 0.003 s ( own 0.002 s ) 
% superposition: 0.001 s ( own 0.0000 s ) 
% other: 0.014 s ( own 0.005 s ) 

