i: [1,172,0,2,1,1,0,0] t13_wellord1
a: [3,264,0,2,1,172]
s: 264
i: [1,173,0,13,2,1,0,0] t13_wellord1
a: [3,255,0,7,1,173]
s: 255
i: [1,174,0,2,1,0,0,255] dt_o_0_0_xboole_0
a: [3,269,0,2,1,174]
s: 269
i: [1,236,0,2,1,0,0,255] rc7_funct_1
a: [3,279,0,2,1,236]
s: 279
i: [1,235,0,2,1,0,0,255] rc7_funct_1
a: [3,284,0,2,1,235]
s: 284
i: [1,238,0,2,1,0,0,3] rc1_relat_1
a: [3,289,0,2,1,238]
s: 289
i: [1,237,0,2,1,0,0,3] rc1_relat_1
a: [3,294,0,2,1,237]
s: 294
i: [1,241,0,2,1,0,0,255] rc4_funct_1
a: [3,299,0,2,1,241]
s: 299
i: [1,240,0,2,1,0,0,255] rc4_funct_1
a: [3,304,0,2,1,240]
s: 304
i: [1,239,0,2,1,0,0,255] rc4_funct_1
a: [3,309,0,2,1,239]
s: 309
i: [1,242,0,2,1,0,0,255] rc2_relat_1
a: [3,314,0,2,1,242]
s: 314
i: [1,244,0,2,1,0,0,255] rc3_funct_1
a: [3,319,0,2,1,244]
s: 319
i: [1,243,0,2,1,0,0,255] rc3_funct_1
a: [3,324,0,2,1,243]
s: 324
i: [1,246,0,2,1,0,0,3] rc1_funct_1
a: [3,329,0,2,1,246]
s: 329
i: [1,245,0,2,1,0,0,3] rc1_funct_1
a: [3,334,0,2,1,245]
s: 334
i: [1,249,0,2,1,0,0,255] rc5_funct_1
a: [3,339,0,2,1,249]
s: 339
i: [1,248,0,2,1,0,0,255] rc5_funct_1
a: [3,344,0,2,1,248]
s: 344
i: [1,247,0,2,1,0,0,255] rc5_funct_1
a: [3,349,0,2,1,247]
s: 349
i: [1,251,0,2,1,0,0,255] rc2_funct_1
a: [3,354,0,2,1,251]
s: 354
i: [1,250,0,2,1,0,0,255] rc2_funct_1
a: [3,359,0,2,1,250]
s: 359
i: [1,225,0,3,1,0,0,1] reflexivity_r1_tarski
s: 225
i: [1,175,0,3,1,0,0,255] d2_xboole_0
a: [3,274,0,3,1,175]
s: 274
r: 269
d: [2,361,0,2,1,2,23,269,274]
a: [3,365,0,2,1,361]
s: 365
i: [1,181,0,4,2,0,0,255] cc7_funct_1
s: 181
i: [1,182,0,4,2,0,0,3] cc1_funct_1
s: 182
i: [1,183,0,4,2,0,0,3] cc1_relat_1
s: 183
d: [2,367,1,2,1,1,40,181,365]
a: [3,371,1,2,1,367]
s: 371
i: [1,224,0,4,1,0,0,2] existence_m1_subset_1
s: 224
d: [2,373,1,2,1,1,40,182,365]
a: [3,377,1,2,1,373]
s: 377
i: [1,226,0,4,1,0,0,255] fc6_relat_1
s: 226
i: [1,176,0,5,1,0,0,255] t2_boole
s: 176
d: [2,379,1,2,1,1,40,183,365]
a: [3,383,1,2,1,379]
s: 383
i: [1,177,0,5,1,0,0,255] t1_boole
s: 177
i: [1,184,0,5,2,0,0,255] t6_boole
s: 184
i: [1,185,0,5,2,0,0,2] fc10_relat_1
s: 185
i: [1,186,0,5,2,0,0,2] fc11_relat_1
s: 186
i: [1,219,0,5,2,0,0,2] t7_boole
s: 219
i: [1,227,0,5,1,0,0,2] idempotence_k2_xboole_0
s: 227
i: [1,228,0,5,1,0,0,255] idempotence_k3_xboole_0
s: 228
i: [1,212,0,6,2,0,0,2] t1_subset
s: 212
i: [1,231,0,6,2,0,0,1] dt_k2_wellord1
s: 231
d: [2,392,1,5,2,0,40,185,183]
s: 392
i: [1,232,0,6,2,0,0,255] fc1_relat_1
s: 232
d: [2,393,1,5,2,0,40,185,182]
s: 393
i: [1,233,0,6,2,0,0,2] antisymmetry_r2_hidden
s: 233
i: [1,178,0,7,3,0,0,255] cc8_funct_1
s: 178
d: [2,394,1,5,2,0,40,185,181]
s: 394
i: [1,179,0,7,3,0,0,255] cc8_funct_1
s: 179
d: [2,395,1,5,2,0,40,186,183]
s: 395
i: [1,191,0,7,3,0,0,2] fc8_relat_1
s: 191
i: [1,192,0,7,3,0,0,2] fc9_relat_1
s: 192
d: [2,396,1,5,2,0,40,186,182]
s: 396
i: [1,196,0,7,3,0,0,2] fc24_relat_1
s: 196
d: [2,397,1,5,2,0,40,186,181]
s: 397
i: [1,197,0,7,3,0,0,2] fc25_relat_1
s: 197
i: [1,216,0,7,2,0,0,1] t3_subset
s: 216
d: [2,400,1,5,2,0,40,178,224]
s: 400
i: [1,217,0,7,2,0,0,1] t3_subset
s: 217
d: [2,401,1,5,2,0,40,179,224]
s: 401
i: [1,218,0,7,3,0,0,2] t8_boole
s: 218
i: [1,229,0,7,1,0,0,2] commutativity_k2_xboole_0
s: 229
d: [2,404,1,5,1,0,40,216,224]
s: 404
i: [1,230,0,7,1,0,0,255] commutativity_k3_xboole_0
s: 230
d: [2,408,1,5,1,0,44,229,177]
s: 408
i: [1,180,0,8,3,0,0,255] cc9_funct_1
s: 180
i: [1,189,0,8,3,0,0,2] cc2_relat_1
s: 189
d: [2,409,1,5,1,0,44,229,177]
s: 409
i: [1,195,0,8,4,0,0,255] cc6_funct_1
s: 195
d: [2,410,1,5,1,0,44,177,229]
s: 410
i: [1,202,0,8,4,0,0,255] cc4_funct_1
s: 202
d: [2,429,0,6,3,0,21,202,182]
d: [2,430,0,4,2,0,21,429,183]
s: 430
d: [2,431,1,2,1,1,40,430,365]
a: [3,437,1,2,1,431]
s: 437
i: [1,206,0,8,4,0,0,255] cc5_funct_1
s: 206
d: [2,411,1,5,1,0,44,177,229]
s: 411
i: [1,211,0,8,3,0,0,2] t2_subset
s: 211
i: [1,214,0,8,2,0,0,1] d3_tarski
s: 214
d: [2,412,1,5,1,0,44,230,176]
s: 412
i: [1,215,0,8,2,0,0,1] d3_tarski
s: 215
d: [2,413,1,5,1,0,44,230,176]
s: 413
i: [1,234,0,8,3,0,0,2] fc3_relat_1
s: 234
i: [1,190,0,9,4,0,0,2] fc18_funct_1
s: 190
d: [2,414,1,5,1,0,44,176,230]
s: 414
i: [1,205,0,9,4,0,0,255] fc13_funct_1
s: 205
d: [2,416,1,5,1,0,44,176,230]
s: 416
i: [1,209,0,9,4,0,0,255] fc12_funct_1
s: 209
i: [1,213,0,9,3,0,0,1] d3_tarski
s: 213
d: [2,432,1,5,2,0,40,430,185]
s: 432
i: [1,223,0,9,3,0,0,2] t5_subset
s: 223
d: [2,433,1,5,2,0,40,430,186]
s: 433
i: [1,187,0,10,2,0,0,1] d6_relat_1
s: 187
i: [1,210,0,10,4,0,0,2] cc3_funct_1
s: 210
d: [2,444,1,5,2,0,40,214,219]
s: 444
i: [1,222,0,10,3,0,0,2] t4_subset
s: 222
d: [2,472,2,5,1,1,40,444,255]
a: [3,476,2,5,1,472]
s: 476
i: [1,188,0,11,2,0,0,255] d6_wellord1
s: 188
i: [1,221,0,11,3,0,0,1] t12_wellord1
s: 221
d: [2,483,2,7,2,0,44,188,412]
d: [2,491,2,5,1,1,21,483,383]
s: 491
i: [1,220,0,12,3,0,0,1] t12_wellord1
s: 220
d: [2,488,2,7,2,0,44,412,188]
d: [2,493,2,5,1,1,21,488,383]
s: 493
d: [2,415,1,6,2,0,44,232,230]
s: 415
d: [2,417,1,6,2,0,44,232,230]
s: 417
d: [2,423,1,6,2,0,40,180,224]
s: 423
d: [2,425,1,6,2,0,40,189,224]
s: 425
d: [2,440,1,6,2,0,40,211,224]
s: 440
d: [2,385,1,7,3,0,44,184,184]
s: 385
d: [2,386,1,7,2,0,44,176,184]
s: 386
d: [2,508,2,6,2,0,40,440,233]
s: 508
d: [2,387,1,7,2,0,44,177,184]
s: 387
d: [2,424,1,7,3,0,40,180,217]
s: 424
d: [2,426,1,7,3,0,40,189,217]
s: 426
d: [2,467,1,7,2,0,40,223,224]
s: 467
d: [2,539,2,6,2,0,40,467,440]
s: 539
d: [2,406,1,8,3,0,40,217,179]
s: 406
d: [2,540,3,6,2,0,40,539,430]
s: 540
d: [2,407,1,8,3,0,40,217,178]
s: 407
d: [2,442,1,8,2,0,40,214,233]
s: 442
d: [2,541,3,6,2,0,40,539,183]
s: 541
d: [2,443,1,8,2,0,40,214,212]
s: 443
d: [2,542,3,6,2,0,40,539,182]
s: 542
d: [2,468,1,8,3,0,40,223,217]
s: 468
d: [2,470,1,8,3,0,40,210,224]
s: 470
d: [2,543,3,6,2,0,40,539,181]
s: 543
d: [2,478,1,8,2,0,40,222,224]
s: 478
d: [2,418,2,7,2,0,44,408,184]
s: 418
d: [2,471,1,9,4,0,40,210,217]
s: 471
d: [2,479,1,9,3,0,40,222,217]
s: 479
d: [2,445,2,7,2,0,44,412,184]
s: 445
d: [2,480,1,13,2,0,44,188,228]
d: [2,490,1,9,1,0,21,480,226]
s: 490
d: [2,513,2,7,2,0,44,386,230]
s: 513
d: [2,484,1,13,2,0,44,228,188]
d: [2,492,1,9,1,0,21,484,226]
s: 492
d: [2,441,1,10,3,0,40,211,217]
s: 441
d: [2,514,2,7,2,0,44,386,230]
s: 514
d: [2,466,1,11,3,0,40,213,214]
s: 466
d: [2,518,2,7,2,0,44,230,386]
s: 518
d: [2,469,1,11,4,0,44,234,187]
s: 469
d: [2,481,1,11,2,0,44,188,230]
s: 481
d: [2,612,2,10,4,0,40,469,395]
d: [2,613,2,8,3,0,21,612,183]
d: [2,614,2,5,2,0,21,613,392]
s: 614
d: [2,482,1,11,2,0,44,188,230]
s: 482
d: [2,519,2,7,2,0,44,230,386]
s: 519
d: [2,485,1,11,2,0,44,230,188]
s: 485
d: [2,486,1,11,2,0,44,230,188]
s: 486
d: [2,523,2,7,2,0,44,387,229]
s: 523
d: [2,427,1,13,5,0,40,195,196]
s: 427
d: [2,524,2,7,2,0,44,387,229]
s: 524
d: [2,428,1,13,5,0,40,195,197]
s: 428
d: [2,464,1,15,6,0,40,209,195]
s: 464
d: [2,528,2,7,2,0,44,229,387]
s: 528
d: [2,494,1,16,3,0,40,221,214]
s: 494
d: [2,529,2,7,2,0,44,229,387]
s: 529
d: [2,499,1,17,3,0,40,220,214]
s: 499
d: [2,538,2,7,2,0,40,467,214]
s: 538
d: [2,554,2,7,3,0,40,468,440]
s: 554
d: [2,617,2,9,3,0,44,481,386]
d: [2,632,2,7,2,0,21,617,183]
s: 632
d: [2,683,3,5,2,1,44,476,632]
a: [3,690,3,2,1,683]
s: 690
d: [2,624,2,9,3,0,44,386,481]
d: [2,635,2,7,2,0,21,624,183]
s: 635
d: [2,553,2,8,3,0,40,468,214]
s: 553
d: [2,495,3,7,2,1,44,491,184]
s: 495
d: [2,604,2,8,3,0,40,466,219]
s: 604
d: [2,496,3,9,3,1,44,221,491]
d: [2,498,3,7,2,1,21,496,383]
s: 498
d: [2,641,2,14,3,0,40,494,215]
d: [2,654,2,8,2,0,18,641]
s: 654
d: [2,507,2,9,3,0,40,440,213]
s: 507
d: [2,704,4,8,2,1,40,498,440]
a: [3,714,4,3,1,704]
s: 714
r: 714
d: [2,545,2,9,3,0,40,443,179]
s: 545
a: [3,713,4,3,1,704]
s: 713
d: [2,546,2,9,3,0,40,443,178]
s: 546
d: [2,572,2,9,3,0,40,479,440]
s: 572
d: [2,724,3,6,2,1,44,654,491]
d: [2,727,3,4,1,1,21,724,383]
s: 727
d: [2,778,5,0,0,3,52,365,713,727,554]
e: 778
r: 713
d: [2,588,2,13,3,0,44,221,490]
d: [2,590,2,9,2,0,21,588,226]
s: 590
s: 714
d: [2,659,2,16,3,0,40,499,215]
d: [2,668,2,9,2,0,18,659]
s: 668
d: [2,819,3,0,0,2,52,264,255,668]
e: 819
d: [2,820,3,2,1,1,40,668,255]
d: [2,830,3,0,0,2,21,820,264]
e: 830
r: 255
a: [3,259,0,6,1,173]
s: 259
d: [2,832,3,0,0,2,52,264,259,654]
e: 832
d: [2,833,3,2,1,1,40,259,654]
d: [2,837,3,0,0,2,21,833,264]
e: 837
f: 837,830,172,173
% Refutation found. Thanks to Tanya!
% SZS status Theorem for wellord1__t13_wellord1
% SZS output start Proof for wellord1__t13_wellord1
1. ! [X0] : ! [X1] : (v1_relat_1(X1) => (r1_tarski(k1_relat_1(k2_wellord1(X1,X0)),X0) & r1_tarski(k1_relat_1(k2_wellord1(X1,X0)),k1_relat_1(X1)))) [input t13_wellord1]
2. ~! [X0] : ! [X1] : (v1_relat_1(X1) => (r1_tarski(k1_relat_1(k2_wellord1(X1,X0)),X0) & r1_tarski(k1_relat_1(k2_wellord1(X1,X0)),k1_relat_1(X1)))) [negated conjecture 1]
20. ! [X0] : ! [X1] : (r1_tarski(X0,X1) <=> ! [X2] : (r2_hidden(X2,X0) => r2_hidden(X2,X1))) [input d3_tarski]
59. ! [X0] : ! [X1] : ! [X2] : (v1_relat_1(X2) => (r2_hidden(X0,k1_relat_1(k2_wellord1(X2,X1))) => (r2_hidden(X0,X1) & r2_hidden(X0,k1_relat_1(X2))))) [input t12_wellord1]
70. ~! [X0,X1] : (v1_relat_1(X1) => (r1_tarski(k1_relat_1(k2_wellord1(X1,X0)),X0) & r1_tarski(k1_relat_1(k2_wellord1(X1,X0)),k1_relat_1(X1)))) [flattening 2]
73. ! [X0,X1] : (r1_tarski(X0,X1) <=> ! [X2] : (r2_hidden(X2,X0) => r2_hidden(X2,X1))) [flattening 20]
77. ! [X0,X1,X2] : (v1_relat_1(X2) => (r2_hidden(X0,k1_relat_1(k2_wellord1(X2,X1))) => (r2_hidden(X0,X1) & r2_hidden(X0,k1_relat_1(X2))))) [flattening 59]
91. ? [X0,X1] : ((~r1_tarski(k1_relat_1(k2_wellord1(X1,X0)),X0) | ~r1_tarski(k1_relat_1(k2_wellord1(X1,X0)),k1_relat_1(X1))) & v1_relat_1(X1)) [ennf transformation 70]
134. ! [X0,X1] : (r1_tarski(X0,X1) <=> ! [X2] : (r2_hidden(X2,X1) | ~r2_hidden(X2,X0))) [ennf transformation 73]
137. ! [X0,X1,X2] : (((r2_hidden(X0,X1) & r2_hidden(X0,k1_relat_1(X2))) | ~r2_hidden(X0,k1_relat_1(k2_wellord1(X2,X1)))) | ~v1_relat_1(X2)) [ennf transformation 77]
138. ! [X0,X1,X2] : ((r2_hidden(X0,X1) & r2_hidden(X0,k1_relat_1(X2))) | ~r2_hidden(X0,k1_relat_1(k2_wellord1(X2,X1))) | ~v1_relat_1(X2)) [flattening 137]
147. ? [X0,X1] : ((~r1_tarski(k1_relat_1(k2_wellord1(X1,X0)),X0) | ~r1_tarski(k1_relat_1(k2_wellord1(X1,X0)),k1_relat_1(X1))) & v1_relat_1(X1)) => ((~r1_tarski(k1_relat_1(k2_wellord1(sK1,sK0)),sK0) | ~r1_tarski(k1_relat_1(k2_wellord1(sK1,sK0)),k1_relat_1(sK1))) & v1_relat_1(sK1)) [choice axiom]
148. (~r1_tarski(k1_relat_1(k2_wellord1(sK1,sK0)),sK0) | ~r1_tarski(k1_relat_1(k2_wellord1(sK1,sK0)),k1_relat_1(sK1))) & v1_relat_1(sK1) [skolemisation 91,147]
149. ! [X0,X1] : ((r1_tarski(X0,X1) | ? [X2] : (~r2_hidden(X2,X1) & r2_hidden(X2,X0))) & (! [X2] : (r2_hidden(X2,X1) | ~r2_hidden(X2,X0)) | ~r1_tarski(X0,X1))) [nnf transformation 134]
150. ! [X0,X1] : ((r1_tarski(X0,X1) | ? [X2] : (~r2_hidden(X2,X1) & r2_hidden(X2,X0))) & (! [X3] : (r2_hidden(X3,X1) | ~r2_hidden(X3,X0)) | ~r1_tarski(X0,X1))) [rectify 149]
151. ! [X1,X0] : (? [X2] : (~r2_hidden(X2,X1) & r2_hidden(X2,X0)) => (~r2_hidden(sK2(X0,X1),X1) & r2_hidden(sK2(X0,X1),X0))) [choice axiom]
152. ! [X0,X1] : ((r1_tarski(X0,X1) | (~r2_hidden(sK2(X0,X1),X1) & r2_hidden(sK2(X0,X1),X0))) & (! [X3] : (r2_hidden(X3,X1) | ~r2_hidden(X3,X0)) | ~r1_tarski(X0,X1))) [skolemisation 150,151]
172. v1_relat_1(sK1) [cnf transformation 148] {a:0,w:2,wCS:200,goal:1,sine:0,thAx:0,allAx:2,thDist:-2}
173. ~r1_tarski(k1_relat_1(k2_wellord1(sK1,sK0)),sK0) | ~r1_tarski(k1_relat_1(k2_wellord1(sK1,sK0)),k1_relat_1(sK1)) [cnf transformation 148] {a:0,w:13,wCS:1300,goal:1,sine:0,thAx:0,allAx:2,thDist:-2}
214. r2_hidden(sK2(X0,X1),X0) | r1_tarski(X0,X1) [cnf transformation 152] {a:0,w:8,wCS:3200,nSel:1,sine:1,thAx:0,allAx:2,thDist:-2}
215. ~r2_hidden(sK2(X0,X1),X1) | r1_tarski(X0,X1) [cnf transformation 152] {a:0,w:8,wCS:3200,nSel:1,sine:1,thAx:0,allAx:2,thDist:-2}
220. ~r2_hidden(X0,k1_relat_1(k2_wellord1(X2,X1))) | r2_hidden(X0,k1_relat_1(X2)) | ~v1_relat_1(X2) [cnf transformation 138] {a:0,w:12,wCS:4800,nSel:1,sine:1,thAx:0,allAx:1,thDist:-1}
221. ~r2_hidden(X0,k1_relat_1(k2_wellord1(X2,X1))) | r2_hidden(X0,X1) | ~v1_relat_1(X2) [cnf transformation 138] {a:0,w:11,wCS:4400,nSel:1,sine:1,thAx:0,allAx:1,thDist:-1}
253. 1 <=> r1_tarski(k1_relat_1(k2_wellord1(sK1,sK0)),k1_relat_1(sK1)) [avatar definition]
255. ~r1_tarski(k1_relat_1(k2_wellord1(sK1,sK0)),k1_relat_1(sK1)) <- (~1) [avatar component clause 253] {a:0,w:7,wCS:700,nSel:1,goal:1,sine:255,thAx:0,allAx:2,thDist:-2}
257. 2 <=> r1_tarski(k1_relat_1(k2_wellord1(sK1,sK0)),sK0) [avatar definition]
259. ~r1_tarski(k1_relat_1(k2_wellord1(sK1,sK0)),sK0) <- (~2) [avatar component clause 257] {a:0,w:6,wCS:600,nSel:1,goal:1,sine:255,thAx:0,allAx:2,thDist:-2}
260. ~1 | ~2 [avatar split clause 173,257,253]
262. 3 <=> v1_relat_1(sK1) [avatar definition]
264. v1_relat_1(sK1) <- (3) [avatar component clause 262] {a:0,w:2,wCS:200,nSel:1,goal:1,sine:255,thAx:0,allAx:2,thDist:-2}
265. 3 [avatar split clause 172,262]
494. r2_hidden(sK2(k1_relat_1(k2_wellord1(X0,X1)),X2),X1) | ~v1_relat_1(X0) | r1_tarski(k1_relat_1(k2_wellord1(X0,X1)),X2) [resolution 221,214] {a:1,w:16,wCS:6400,nSel:1,sine:1,thAx:0,allAx:3,thDist:-3}
499. r2_hidden(sK2(k1_relat_1(k2_wellord1(X0,X1)),X2),k1_relat_1(X0)) | ~v1_relat_1(X0) | r1_tarski(k1_relat_1(k2_wellord1(X0,X1)),X2) [resolution 220,214] {a:1,w:17,wCS:6800,nSel:1,sine:1,thAx:0,allAx:3,thDist:-3}
641. ~v1_relat_1(X0) | r1_tarski(k1_relat_1(k2_wellord1(X0,X1)),X1) | r1_tarski(k1_relat_1(k2_wellord1(X0,X1)),X1) [resolution 494,215] {a:2,w:14,wCS:5600,sine:1,thAx:0,allAx:5,thDist:-5}
654. r1_tarski(k1_relat_1(k2_wellord1(X0,X1)),X1) | ~v1_relat_1(X0) [duplicate literal removal 641] {a:2,w:8,wCS:3200,nSel:1,sine:1,thAx:0,allAx:5,thDist:-5}
659. ~v1_relat_1(X8) | r1_tarski(k1_relat_1(k2_wellord1(X8,X9)),k1_relat_1(X8)) | r1_tarski(k1_relat_1(k2_wellord1(X8,X9)),k1_relat_1(X8)) [resolution 499,215] {a:2,w:16,wCS:6400,sine:1,thAx:0,allAx:5,thDist:-5}
668. r1_tarski(k1_relat_1(k2_wellord1(X8,X9)),k1_relat_1(X8)) | ~v1_relat_1(X8) [duplicate literal removal 659] {a:2,w:9,wCS:3600,nSel:1,sine:1,thAx:0,allAx:5,thDist:-5}
820. ~v1_relat_1(sK1) <- (~1) [resolution 668,255] {a:3,w:2,wCS:200,goal:1,sine:1,thAx:0,allAx:7,thDist:-7}
830. $false <- (~1, 3) [subsumption resolution 820,264] {a:3,w:0,goal:1,sine:1,thAx:0,allAx:7,thDist:-7}
831. 1 | ~3 [avatar contradiction clause 830]
833. ~v1_relat_1(sK1) <- (~2) [resolution 259,654] {a:3,w:2,wCS:200,goal:1,sine:1,thAx:0,allAx:7,thDist:-7}
837. $false <- (~2, 3) [subsumption resolution 833,264] {a:3,w:0,goal:1,sine:1,thAx:0,allAx:7,thDist:-7}
838. 2 | ~3 [avatar contradiction clause 837]
839. $false [avatar sat refutation 260,265,831,838] {a:0,w:0,goal:1,sine:0,thAx:0,allAx:307,thDist:-307}
% SZS output end Proof for wellord1__t13_wellord1
% ------------------------------
% Version: Vampire 4.5.1 (commit 226f88162 on 2021-09-12 20:13:44 +0200)
% Termination reason: Refutation

% >>> Input
% Input formulas: 68
% >>> Preprocessing
% Introduced skolems: 12
% Pure predicates: 4
% 
% >>> Saturation
% Initial clauses: 80
% Generated clauses: 513
% Active clauses: 145
% Passive clauses: 285
% Final active clauses: 141
% Final passive clauses: 112
% Main loop iterations started: 171
% 
% >>> Simplifying Inferences
% Duplicate literals: 11
% Fw subsumption resolutions: 33
% Fw demodulations: 2
% Bw demodulations: 1
% 
% >>> Deletion Inferences
% Simple tautologies: 41
% Forward subsumptions: 111
% 
% >>> Generating Inferences
% Binary resolution: 196
% Unit resulting resolution: 3
% Forward superposition: 71
% Backward superposition: 68
% Self superposition: 1
% 
% >>> AVATAR
% Split clauses: 7
% Split components: 14
% Sat splitting refutations: 5
% 
% >>> SAT Solver Statistics
% SAT solver clauses: 49
% SAT solver unit clauses: 20
% SAT solver binary clauses: 19
% 
% Memory used [KB]: 5373
% Time elapsed: 0.005 s
% ------------------------------
% ------------------------------
% Time measurement results:
% preprocessing: 0.001 s
% superposition: 0.001 s
% passive container maintenance: 0.001 s
% other: 0.005 s ( own 0.002 s ) 

