i: [1,864,0,2,1,1,0,0] t8_integra5
a: [3,1431,0,2,1,864]
s: 1431
i: [1,862,0,2,1,1,0,0] t8_integra5
a: [3,1441,0,2,1,862]
s: 1441
i: [1,861,0,2,1,1,0,0] t8_integra5
a: [3,1446,0,2,1,861]
s: 1446
i: [1,863,0,4,1,1,0,0] t8_integra5
a: [3,1436,0,4,1,863]
s: 1436
i: [1,866,0,6,1,1,0,0] t8_integra5
a: [3,1421,0,6,1,866]
s: 1421
i: [1,865,0,6,1,1,0,0] t8_integra5
a: [3,1426,0,6,1,865]
s: 1426
i: [1,867,0,8,1,1,0,0] t8_integra5
a: [3,1416,0,8,1,867]
s: 1416
i: [1,868,0,2,1,0,0,255] fc7_card_1
a: [3,1451,0,2,1,868]
s: 1451
i: [1,869,0,2,1,0,0,4] fc7_numbers
a: [3,1456,0,2,1,869]
s: 1456
i: [1,870,0,2,1,0,0,5] fc6_numbers
a: [3,1461,0,2,1,870]
s: 1461
i: [1,871,0,2,1,0,0,1] fc8_numbers
a: [3,1466,0,2,1,871]
s: 1466
i: [1,872,0,2,1,0,0,255] spc1_boole
a: [3,1471,0,2,1,872]
s: 1471
i: [1,873,0,2,1,0,0,5] fc4_numbers
a: [3,1476,0,2,1,873]
s: 1476
i: [1,874,0,2,1,0,0,4] fc3_numbers
a: [3,1481,0,2,1,874]
s: 1481
i: [1,875,0,2,1,0,0,1] fc1_numbers
a: [3,1486,0,2,1,875]
s: 1486
i: [1,876,0,2,1,0,0,255] fc4_card_1
a: [3,1491,0,2,1,876]
s: 1491
i: [1,877,0,2,1,0,0,3] fc4_membered
a: [3,1496,0,2,1,877]
s: 1496
i: [1,878,0,2,1,0,0,2] fc17_xxreal_2
a: [3,1501,0,2,1,878]
s: 1501
i: [1,879,0,2,1,0,0,5] fc5_membered
a: [3,1506,0,2,1,879]
s: 1506
i: [1,880,0,2,1,0,0,2] fc3_membered
a: [3,1511,0,2,1,880]
s: 1511
i: [1,881,0,2,1,0,0,255] fc6_membered
a: [3,1516,0,2,1,881]
s: 1516
i: [1,882,0,2,1,0,0,255] fc1_xboole_0
a: [3,1521,0,2,1,882]
s: 1521
i: [1,888,0,2,1,0,0,255] fc11_xxreal_2
a: [3,1546,0,2,1,888]
s: 1546
i: [1,887,0,2,1,0,0,255] fc11_xxreal_2
a: [3,1551,0,2,1,887]
s: 1551
i: [1,889,0,2,1,0,0,255] spc1_numerals
a: [3,1571,0,2,1,889]
s: 1571
i: [1,1274,0,2,1,0,0,255] rc2_zfmisc_1
a: [3,1583,0,2,1,1274]
s: 1583
i: [1,1275,0,2,1,0,0,2] rc3_card_1
a: [3,1588,0,2,1,1275]
s: 1588
i: [1,1276,0,2,1,0,0,1] rc2_xboole_0
a: [3,1593,0,2,1,1276]
s: 1593
i: [1,1277,0,2,1,0,0,255] rc1_card_1
a: [3,1598,0,2,1,1277]
s: 1598
i: [1,1278,0,2,1,0,0,2] rc1_xreal_0
a: [3,1603,0,2,1,1278]
s: 1603
i: [1,1279,0,2,1,0,0,3] rc1_xxreal_0
a: [3,1608,0,2,1,1279]
s: 1608
i: [1,1280,0,2,1,0,0,1] rc1_xboole_0
a: [3,1613,0,2,1,1280]
s: 1613
i: [1,1282,0,2,1,0,0,255] rc8_finseq_1
a: [3,1618,0,2,1,1282]
s: 1618
i: [1,1281,0,2,1,0,0,255] rc8_finseq_1
a: [3,1623,0,2,1,1281]
s: 1623
i: [1,1284,0,2,1,0,0,255] rc1_zfmisc_1
a: [3,1628,0,2,1,1284]
s: 1628
i: [1,1283,0,2,1,0,0,255] rc1_zfmisc_1
a: [3,1633,0,2,1,1283]
s: 1633
i: [1,1286,0,2,1,0,0,3] rc1_membered
a: [3,1638,0,2,1,1286]
s: 1638
i: [1,1285,0,2,1,0,0,3] rc1_membered
a: [3,1643,0,2,1,1285]
s: 1643
i: [1,1288,0,2,1,0,0,3] rc2_membered
a: [3,1648,0,2,1,1288]
s: 1648
i: [1,1287,0,2,1,0,0,3] rc2_membered
a: [3,1653,0,2,1,1287]
s: 1653
i: [1,1290,0,2,1,0,0,255] rc3_membered
a: [3,1658,0,2,1,1290]
s: 1658
i: [1,1289,0,2,1,0,0,255] rc3_membered
a: [3,1663,0,2,1,1289]
s: 1663
i: [1,1292,0,2,1,0,0,2] rc1_finset_1
a: [3,1668,0,2,1,1292]
s: 1668
i: [1,1291,0,2,1,0,0,2] rc1_finset_1
a: [3,1673,0,2,1,1291]
s: 1673
i: [1,1295,0,2,1,0,0,255] rc8_finset_1
a: [3,1678,0,2,1,1295]
s: 1678
i: [1,1294,0,2,1,0,0,255] rc8_finset_1
a: [3,1683,0,2,1,1294]
s: 1683
i: [1,1293,0,2,1,0,0,255] rc8_finset_1
a: [3,1688,0,2,1,1293]
s: 1688
i: [1,1297,0,2,1,0,0,1] rc1_relat_1
a: [3,1693,0,2,1,1297]
s: 1693
i: [1,1296,0,2,1,0,0,1] rc1_relat_1
a: [3,1698,0,2,1,1296]
s: 1698
i: [1,1301,0,2,1,0,0,255] rc9_finset_1
a: [3,1703,0,2,1,1301]
s: 1703
i: [1,1300,0,2,1,0,0,255] rc9_finset_1
a: [3,1708,0,2,1,1300]
s: 1708
i: [1,1299,0,2,1,0,0,255] rc9_finset_1
a: [3,1713,0,2,1,1299]
s: 1713
i: [1,1298,0,2,1,0,0,255] rc9_finset_1
a: [3,1718,0,2,1,1298]
s: 1718
i: [1,1305,0,2,1,0,0,1] rc3_finset_1
a: [3,1723,0,2,1,1305]
s: 1723
i: [1,1304,0,2,1,0,0,1] rc3_finset_1
a: [3,1728,0,2,1,1304]
s: 1728
i: [1,1303,0,2,1,0,0,1] rc3_finset_1
a: [3,1733,0,2,1,1303]
s: 1733
i: [1,1302,0,2,1,0,0,1] rc3_finset_1
a: [3,1738,0,2,1,1302]
s: 1738
i: [1,1308,0,2,1,0,0,255] rc3_xreal_0
a: [3,1743,0,2,1,1308]
s: 1743
i: [1,1307,0,2,1,0,0,255] rc3_xreal_0
a: [3,1748,0,2,1,1307]
s: 1748
i: [1,1306,0,2,1,0,0,255] rc3_xreal_0
a: [3,1753,0,2,1,1306]
s: 1753
i: [1,1311,0,2,1,0,0,255] rc2_xreal_0
a: [3,1758,0,2,1,1311]
s: 1758
i: [1,1310,0,2,1,0,0,255] rc2_xreal_0
a: [3,1763,0,2,1,1310]
s: 1763
i: [1,1309,0,2,1,0,0,255] rc2_xreal_0
a: [3,1768,0,2,1,1309]
s: 1768
i: [1,1320,0,2,1,0,0,2] rc3_xxreal_2
a: [3,1773,0,2,1,1320]
s: 1773
i: [1,1319,0,2,1,0,0,2] rc3_xxreal_2
a: [3,1778,0,2,1,1319]
s: 1778
i: [1,1318,0,2,1,0,0,2] rc3_xxreal_2
a: [3,1783,0,2,1,1318]
s: 1783
i: [1,1317,0,2,1,0,0,2] rc3_xxreal_2
a: [3,1788,0,2,1,1317]
s: 1788
i: [1,1316,0,2,1,0,0,2] rc3_xxreal_2
a: [3,1793,0,2,1,1316]
s: 1793
i: [1,1315,0,2,1,0,0,2] rc3_xxreal_2
a: [3,1798,0,2,1,1315]
s: 1798
i: [1,1314,0,2,1,0,0,2] rc3_xxreal_2
a: [3,1803,0,2,1,1314]
s: 1803
i: [1,1313,0,2,1,0,0,2] rc3_xxreal_2
a: [3,1808,0,2,1,1313]
s: 1808
i: [1,1312,0,2,1,0,0,2] rc3_xxreal_2
a: [3,1813,0,2,1,1312]
s: 1813
i: [1,1329,0,2,1,0,0,255] rc1_xxreal_2
a: [3,1818,0,2,1,1329]
s: 1818
i: [1,1328,0,2,1,0,0,255] rc1_xxreal_2
a: [3,1823,0,2,1,1328]
s: 1823
i: [1,1327,0,2,1,0,0,255] rc1_xxreal_2
a: [3,1828,0,2,1,1327]
s: 1828
i: [1,1326,0,2,1,0,0,255] rc1_xxreal_2
a: [3,1833,0,2,1,1326]
s: 1833
i: [1,1325,0,2,1,0,0,255] rc1_xxreal_2
a: [3,1838,0,2,1,1325]
s: 1838
i: [1,1324,0,2,1,0,0,255] rc1_xxreal_2
a: [3,1843,0,2,1,1324]
s: 1843
i: [1,1323,0,2,1,0,0,255] rc1_xxreal_2
a: [3,1848,0,2,1,1323]
s: 1848
i: [1,1322,0,2,1,0,0,255] rc1_xxreal_2
a: [3,1853,0,2,1,1322]
s: 1853
i: [1,1321,0,2,1,0,0,255] rc1_xxreal_2
a: [3,1858,0,2,1,1321]
s: 1858
i: [1,1332,0,2,1,0,0,3] rc2_xxreal_2
a: [3,1863,0,2,1,1332]
s: 1863
i: [1,1331,0,2,1,0,0,3] rc2_xxreal_2
a: [3,1868,0,2,1,1331]
s: 1868
i: [1,1330,0,2,1,0,0,3] rc2_xxreal_2
a: [3,1873,0,2,1,1330]
s: 1873
i: [1,1334,0,2,1,0,0,3] rc3_xxreal_0
a: [3,1878,0,2,1,1334]
s: 1878
i: [1,1333,0,2,1,0,0,3] rc3_xxreal_0
a: [3,1883,0,2,1,1333]
s: 1883
i: [1,1336,0,2,1,0,0,3] rc2_xxreal_0
a: [3,1888,0,2,1,1336]
s: 1888
i: [1,1335,0,2,1,0,0,3] rc2_xxreal_0
a: [3,1893,0,2,1,1335]
s: 1893
i: [1,1340,0,2,1,0,0,255] rc6_xxreal_2
a: [3,1898,0,2,1,1340]
s: 1898
i: [1,1339,0,2,1,0,0,255] rc6_xxreal_2
a: [3,1903,0,2,1,1339]
s: 1903
i: [1,1338,0,2,1,0,0,255] rc6_xxreal_2
a: [3,1908,0,2,1,1338]
s: 1908
i: [1,1337,0,2,1,0,0,255] rc6_xxreal_2
a: [3,1913,0,2,1,1337]
s: 1913
i: [1,1345,0,2,1,0,0,255] rc8_xxreal_2
a: [3,1918,0,2,1,1345]
s: 1918
i: [1,1344,0,2,1,0,0,255] rc8_xxreal_2
a: [3,1923,0,2,1,1344]
s: 1923
i: [1,1343,0,2,1,0,0,255] rc8_xxreal_2
a: [3,1928,0,2,1,1343]
s: 1928
i: [1,1342,0,2,1,0,0,255] rc8_xxreal_2
a: [3,1933,0,2,1,1342]
s: 1933
i: [1,1341,0,2,1,0,0,255] rc8_xxreal_2
a: [3,1938,0,2,1,1341]
s: 1938
i: [1,1348,0,2,1,0,0,2] rc4_xxreal_2
a: [3,1943,0,2,1,1348]
s: 1943
i: [1,1347,0,2,1,0,0,2] rc4_xxreal_2
a: [3,1948,0,2,1,1347]
s: 1948
i: [1,1346,0,2,1,0,0,2] rc4_xxreal_2
a: [3,1953,0,2,1,1346]
s: 1953
i: [1,1352,0,2,1,0,0,255] rc7_xxreal_2
a: [3,1958,0,2,1,1352]
s: 1958
i: [1,1351,0,2,1,0,0,255] rc7_xxreal_2
a: [3,1963,0,2,1,1351]
s: 1963
i: [1,1350,0,2,1,0,0,255] rc7_xxreal_2
a: [3,1968,0,2,1,1350]
s: 1968
i: [1,1349,0,2,1,0,0,255] rc7_xxreal_2
a: [3,1973,0,2,1,1349]
s: 1973
i: [1,1356,0,2,1,0,0,255] rc5_xxreal_2
a: [3,1978,0,2,1,1356]
s: 1978
i: [1,1355,0,2,1,0,0,255] rc5_xxreal_2
a: [3,1983,0,2,1,1355]
s: 1983
i: [1,1354,0,2,1,0,0,255] rc5_xxreal_2
a: [3,1988,0,2,1,1354]
s: 1988
i: [1,1353,0,2,1,0,0,255] rc5_xxreal_2
a: [3,1993,0,2,1,1353]
s: 1993
i: [1,1359,0,2,1,0,0,255] rc4_xreal_0
a: [3,1998,0,2,1,1359]
s: 1998
i: [1,1358,0,2,1,0,0,255] rc4_xreal_0
a: [3,2003,0,2,1,1358]
s: 2003
i: [1,1357,0,2,1,0,0,255] rc4_xreal_0
a: [3,2008,0,2,1,1357]
s: 2008
i: [1,1361,0,2,1,0,0,3] rc4_xxreal_0
a: [3,2013,0,2,1,1361]
s: 2013
i: [1,1360,0,2,1,0,0,3] rc4_xxreal_0
a: [3,2018,0,2,1,1360]
s: 2018
i: [1,1362,0,2,1,0,0,255] rc2_relat_1
a: [3,2023,0,2,1,1362]
s: 2023
i: [1,1369,0,2,1,0,0,255] rc5_finseq_1
a: [3,2028,0,2,1,1369]
s: 2028
i: [1,1368,0,2,1,0,0,255] rc5_finseq_1
a: [3,2033,0,2,1,1368]
s: 2033
i: [1,1367,0,2,1,0,0,255] rc5_finseq_1
a: [3,2038,0,2,1,1367]
s: 2038
i: [1,1366,0,2,1,0,0,255] rc5_finseq_1
a: [3,2043,0,2,1,1366]
s: 2043
i: [1,1365,0,2,1,0,0,255] rc5_finseq_1
a: [3,2048,0,2,1,1365]
s: 2048
i: [1,1363,0,2,1,0,0,255] rc5_finseq_1
a: [3,2058,0,2,1,1363]
s: 2058
i: [1,1373,0,2,1,0,0,255] rc1_valued_1
a: [3,2063,0,2,1,1373]
s: 2063
i: [1,1372,0,2,1,0,0,255] rc1_valued_1
a: [3,2068,0,2,1,1372]
s: 2068
i: [1,1371,0,2,1,0,0,255] rc1_valued_1
a: [3,2073,0,2,1,1371]
s: 2073
i: [1,1370,0,2,1,0,0,255] rc1_valued_1
a: [3,2078,0,2,1,1370]
s: 2078
i: [1,1376,0,2,1,0,0,255] rc3_finseq_1
a: [3,2083,0,2,1,1376]
s: 2083
i: [1,1375,0,2,1,0,0,255] rc3_finseq_1
a: [3,2088,0,2,1,1375]
s: 2088
i: [1,1374,0,2,1,0,0,255] rc3_finseq_1
a: [3,2093,0,2,1,1374]
s: 2093
i: [1,1379,0,2,1,0,0,255] rc1_valued_0
a: [3,2098,0,2,1,1379]
s: 2098
i: [1,1378,0,2,1,0,0,255] rc1_valued_0
a: [3,2103,0,2,1,1378]
s: 2103
i: [1,1377,0,2,1,0,0,255] rc1_valued_0
a: [3,2108,0,2,1,1377]
s: 2108
i: [1,1383,0,2,1,0,0,3] rc2_valued_1
a: [3,2113,0,2,1,1383]
s: 2113
i: [1,1382,0,2,1,0,0,3] rc2_valued_1
a: [3,2118,0,2,1,1382]
s: 2118
i: [1,1380,0,2,1,0,0,3] rc2_valued_1
a: [3,2128,0,2,1,1380]
s: 2128
i: [1,1388,0,2,1,0,0,3] rc3_valued_1
a: [3,2133,0,2,1,1388]
s: 2133
i: [1,1387,0,2,1,0,0,3] rc3_valued_1
a: [3,2138,0,2,1,1387]
s: 2138
i: [1,1386,0,2,1,0,0,3] rc3_valued_1
a: [3,2143,0,2,1,1386]
s: 2143
i: [1,1384,0,2,1,0,0,3] rc3_valued_1
a: [3,2153,0,2,1,1384]
s: 2153
i: [1,1395,0,2,1,0,0,255] rc4_finseq_1
a: [3,2158,0,2,1,1395]
s: 2158
i: [1,1394,0,2,1,0,0,255] rc4_finseq_1
a: [3,2163,0,2,1,1394]
s: 2163
i: [1,1393,0,2,1,0,0,255] rc4_finseq_1
a: [3,2168,0,2,1,1393]
s: 2168
i: [1,1392,0,2,1,0,0,255] rc4_finseq_1
a: [3,2173,0,2,1,1392]
s: 2173
i: [1,1391,0,2,1,0,0,255] rc4_finseq_1
a: [3,2178,0,2,1,1391]
s: 2178
i: [1,1389,0,2,1,0,0,255] rc4_finseq_1
a: [3,2188,0,2,1,1389]
s: 2188
i: [1,1399,0,2,1,0,0,255] rc4_valued_1
a: [3,2198,0,2,1,1399]
s: 2198
i: [1,1398,0,2,1,0,0,255] rc4_valued_1
a: [3,2203,0,2,1,1398]
s: 2203
i: [1,1396,0,2,1,0,0,255] rc4_valued_1
a: [3,2213,0,2,1,1396]
s: 2213
i: [1,1406,0,2,1,0,0,255] rc1_measure5
a: [3,2218,0,2,1,1406]
s: 2218
i: [1,1405,0,2,1,0,0,255] rc1_measure5
a: [3,2223,0,2,1,1405]
s: 2223
i: [1,1404,0,2,1,0,0,255] rc1_measure5
a: [3,2228,0,2,1,1404]
s: 2228
i: [1,1403,0,2,1,0,0,255] rc1_measure5
a: [3,2233,0,2,1,1403]
s: 2233
i: [1,1402,0,2,1,0,0,255] rc1_measure5
a: [3,2238,0,2,1,1402]
s: 2238
i: [1,1412,0,2,1,0,0,1] rc2_measure5
a: [3,2248,0,2,1,1412]
s: 2248
i: [1,1411,0,2,1,0,0,1] rc2_measure5
a: [3,2253,0,2,1,1411]
s: 2253
i: [1,1410,0,2,1,0,0,1] rc2_measure5
a: [3,2258,0,2,1,1410]
s: 2258
i: [1,1409,0,2,1,0,0,1] rc2_measure5
a: [3,2263,0,2,1,1409]
s: 2263
i: [1,1408,0,2,1,0,0,1] rc2_measure5
a: [3,2268,0,2,1,1408]
s: 2268
i: [1,1128,0,3,1,0,0,255] rc9_finseq_1
s: 1128
i: [1,1131,0,3,1,0,0,255] rc9_finseq_1
s: 1131
i: [1,1132,0,3,1,0,0,255] rc9_finseq_1
s: 1132
i: [1,1133,0,3,1,0,0,255] rc9_finseq_1
s: 1133
i: [1,1134,0,3,1,0,0,255] rc9_finseq_1
s: 1134
i: [1,1136,0,3,1,0,0,255] rc1_finseq_1
s: 1136
i: [1,1139,0,3,1,0,0,255] rc1_finseq_1
s: 1139
i: [1,1140,0,3,1,0,0,255] rc1_finseq_1
s: 1140
i: [1,1141,0,3,1,0,0,255] reflexivity_r1_tarski
s: 1141
i: [1,883,0,3,1,0,0,255] redefinition_k5_numbers
a: [3,1526,0,3,1,883]
s: 1526
r: 1516
r: 1491
r: 1451
d: [2,2275,0,2,1,2,23,1516,1526]
a: [3,2281,0,2,1,2275]
s: 2281
d: [2,2276,0,2,1,2,23,1491,1526]
a: [3,2286,0,2,1,2276]
s: 2286
d: [2,2277,0,2,1,2,23,1451,1526]
a: [3,2291,0,2,1,2277]
s: 2291
i: [1,884,0,3,1,0,0,255] rqLessOrEqual__r1_xxreal_0__r1_r1
a: [3,1531,0,3,1,884]
s: 1531
i: [1,885,0,3,1,0,0,255] t1_numerals
a: [3,1536,0,3,1,885]
s: 1536
i: [1,892,0,3,1,0,0,255] spc1_numerals
a: [3,1556,0,3,1,892]
s: 1556
i: [1,891,0,3,1,0,0,255] spc1_numerals
a: [3,1561,0,3,1,891]
s: 1561
i: [1,1364,0,3,1,0,0,255] rc5_finseq_1
a: [3,2053,0,3,1,1364]
s: 2053
i: [1,1381,0,3,1,0,0,3] rc2_valued_1
a: [3,2123,0,3,1,1381]
s: 2123
i: [1,1385,0,3,1,0,0,3] rc3_valued_1
a: [3,2148,0,3,1,1385]
s: 2148
i: [1,1390,0,3,1,0,0,255] rc4_finseq_1
a: [3,2183,0,3,1,1390]
s: 2183
i: [1,1400,0,3,1,0,0,255] rc4_valued_1
a: [3,2193,0,3,1,1400]
s: 2193
i: [1,1397,0,3,1,0,0,255] rc4_valued_1
a: [3,2208,0,3,1,1397]
s: 2208
d: [2,2293,0,3,1,2,22,1536,1526]
a: [3,2297,0,3,1,2293]
s: 2297
i: [1,894,0,4,2,0,0,255] cc2_zfmisc_1
s: 894
d: [2,2299,1,2,1,1,40,894,1521]
a: [3,2306,1,2,1,2299]
s: 2306
i: [1,898,0,4,2,0,0,255] cc5_finset_1
s: 898
d: [2,2300,1,2,1,1,40,894,1613]
a: [3,2311,1,2,1,2300]
s: 2311
i: [1,909,0,4,2,0,0,255] cc3_card_1
s: 909
i: [1,910,0,4,2,0,0,255] cc2_xreal_0
s: 910
d: [2,2301,1,2,1,1,40,894,2008]
a: [3,2316,1,2,1,2301]
s: 2316
i: [1,911,0,4,2,0,0,255] cc2_xxreal_0
s: 911
d: [2,2302,1,2,1,1,40,894,2018]
a: [3,2321,1,2,1,2302]
s: 2321
i: [1,912,0,4,2,0,0,255] cc5_card_1
s: 912
i: [1,922,0,4,2,0,0,255] cc1_card_1
s: 922
d: [2,2323,1,2,1,1,40,898,1628]
a: [3,2328,1,2,1,2323]
s: 2328
i: [1,927,0,4,2,0,0,255] cc4_finset_1
s: 927
d: [2,2353,1,2,1,1,40,922,1598]
a: [3,2358,1,2,1,2353]
s: 2358
i: [1,929,0,4,2,0,0,3] cc3_membered
s: 929
i: [1,931,0,4,2,0,0,2] cc4_xreal_0
s: 931
d: [2,2354,1,2,1,1,40,922,2286]
a: [3,2363,1,2,1,2354]
s: 2363
i: [1,940,0,4,2,0,0,3] cc2_membered
s: 940
d: [2,2365,1,2,1,1,40,929,1496]
a: [3,2371,1,2,1,2365]
s: 2371
i: [1,942,0,4,2,0,0,2] cc5_membered
s: 942
i: [1,943,0,4,2,0,0,2] cc4_membered
s: 943
d: [2,2373,1,2,1,1,40,931,1603]
a: [3,2380,1,2,1,2373]
s: 2380
i: [1,946,0,4,2,0,0,3] cc1_membered
s: 946
d: [2,2382,1,2,1,1,40,940,1506]
a: [3,2388,1,2,1,2382]
s: 2388
i: [1,948,0,4,2,0,0,255] cc9_xxreal_2
s: 948
i: [1,956,0,4,2,0,0,255] cc8_finseq_1
s: 956
d: [2,2390,1,2,1,1,40,942,1511]
a: [3,2399,1,2,1,2390]
s: 2399
i: [1,957,0,4,2,0,0,255] cc6_finset_1
s: 957
d: [2,2406,1,2,1,1,40,943,1511]
a: [3,2415,1,2,1,2406]
s: 2415
i: [1,958,0,4,2,0,0,255] cc2_card_1
s: 958
i: [1,959,0,4,2,0,0,255] cc1_zfmisc_1
s: 959
d: [2,2422,1,2,1,1,40,946,2281]
a: [3,2432,1,2,1,2422]
s: 2432
i: [1,960,0,4,2,0,0,3] cc18_membered
s: 960
d: [2,2423,1,2,1,1,40,946,1638]
a: [3,2437,1,2,1,2423]
s: 2437
i: [1,961,0,4,2,0,0,2] cc1_finset_1
s: 961
i: [1,962,0,4,2,0,0,1] cc1_relat_1
s: 962
d: [2,2424,1,2,1,1,40,946,1648]
a: [3,2442,1,2,1,2424]
s: 2442
i: [1,1127,0,4,1,0,0,1] existence_m1_subset_1
s: 1127
d: [2,2425,1,2,1,1,40,946,1658]
a: [3,2447,1,2,1,2425]
s: 2447
i: [1,1129,0,4,1,0,0,255] rc9_finseq_1
s: 1129
i: [1,1130,0,4,1,0,0,255] rc9_finseq_1
s: 1130
d: [2,2428,1,2,1,1,40,946,1873]
a: [3,2452,1,2,1,2428]
s: 2452
i: [1,1137,0,4,1,0,0,255] rc1_finseq_1
s: 1137
d: [2,2460,1,2,1,1,40,948,2281]
a: [3,2470,1,2,1,2460]
s: 2470
i: [1,1138,0,4,1,0,0,255] rc1_finseq_1
s: 1138
i: [1,1142,0,4,1,0,0,1] fc6_relat_1
s: 1142
d: [2,2461,1,2,1,1,40,948,1638]
a: [3,2475,1,2,1,2461]
s: 2475
i: [1,1245,0,4,1,0,0,3] rc3_relat_1
s: 1245
d: [2,2462,1,2,1,1,40,948,1648]
a: [3,2480,1,2,1,2462]
s: 2480
i: [1,1248,0,4,1,0,0,3] rc5_finset_1
s: 1248
i: [1,1251,0,4,1,0,0,3] rc5_finset_1
s: 1251
d: [2,2463,1,2,1,1,40,948,1658]
a: [3,2485,1,2,1,2463]
s: 2485
i: [1,1252,0,4,1,0,0,3] rc5_finset_1
s: 1252
d: [2,2464,1,2,1,1,40,948,1788]
a: [3,2490,1,2,1,2464]
s: 2490
i: [1,1254,0,4,1,0,0,3] rc1_relset_1
s: 1254
i: [1,1255,0,4,1,0,0,3] rc1_relset_1
s: 1255
d: [2,2465,1,2,1,1,40,948,1833]
a: [3,2495,1,2,1,2465]
s: 2495
i: [1,886,0,4,1,0,0,3] dt_k5_numbers
a: [3,1541,0,4,1,886]
s: 1541
d: [2,2466,1,2,1,1,40,948,1873]
a: [3,2500,1,2,1,2466]
s: 2500
i: [1,890,0,4,1,0,0,255] spc1_numerals
a: [3,1566,0,4,1,890]
s: 1566
i: [1,1401,0,4,1,0,0,255] rc1_measure5
a: [3,2243,0,4,1,1401]
s: 2243
d: [2,2502,1,2,1,1,40,956,1521]
a: [3,2509,1,2,1,2502]
s: 2509
i: [1,1407,0,4,1,0,0,1] rc2_measure5
a: [3,2273,0,4,1,1407]
s: 2273
d: [2,2503,1,2,1,1,40,956,1613]
a: [3,2514,1,2,1,2503]
s: 2514
i: [1,893,0,5,1,0,0,255] t2_boole
s: 893
i: [1,896,0,5,2,0,0,255] rc7_finset_1
s: 896
d: [2,2504,1,2,1,1,40,956,2008]
a: [3,2519,1,2,1,2504]
s: 2519
i: [1,897,0,5,2,0,0,255] rc7_finset_1
s: 897
d: [2,2505,1,2,1,1,40,956,2018]
a: [3,2524,1,2,1,2505]
s: 2524
i: [1,899,0,5,2,0,0,2] fc9_card_1
s: 899
i: [1,901,0,5,2,0,0,2] rc4_card_1
s: 901
d: [2,2526,1,2,1,1,40,957,1521]
a: [3,2533,1,2,1,2526]
s: 2533
i: [1,903,0,5,2,0,0,2] rc2_finset_1
s: 903
d: [2,2527,1,2,1,1,40,957,1613]
a: [3,2538,1,2,1,2527]
s: 2538
i: [1,904,0,5,2,0,0,2] rc2_finset_1
s: 904
i: [1,913,0,5,2,0,0,255] rc7_finseq_1
s: 913
d: [2,2528,1,2,1,1,40,957,2008]
a: [3,2543,1,2,1,2528]
s: 2543
i: [1,915,0,5,2,0,0,255] rc7_finseq_1
s: 915
d: [2,2529,1,2,1,1,40,957,2018]
a: [3,2548,1,2,1,2529]
s: 2548
i: [1,916,0,5,2,0,0,255] rc7_finseq_1
s: 916
i: [1,918,0,5,2,0,0,255] rc7_finseq_1
s: 918
d: [2,2550,1,2,1,1,40,958,1521]
a: [3,2557,1,2,1,2550]
s: 2557
i: [1,919,0,5,2,0,0,255] rc7_finseq_1
s: 919
d: [2,2551,1,2,1,1,40,958,1613]
a: [3,2562,1,2,1,2551]
s: 2562
i: [1,924,0,5,2,0,0,255] rc6_card_1
s: 924
i: [1,925,0,5,2,0,0,255] rc6_card_1
s: 925
d: [2,2552,1,2,1,1,40,958,2008]
a: [3,2567,1,2,1,2552]
s: 2567
i: [1,953,0,5,2,0,0,255] fc31_finset_1
s: 953
d: [2,2553,1,2,1,1,40,958,2018]
a: [3,2572,1,2,1,2553]
s: 2572
i: [1,954,0,5,2,0,0,2] fc17_finset_1
s: 954
i: [1,963,0,5,2,0,0,255] t6_boole
s: 963
d: [2,2580,1,2,1,1,40,960,1521]
a: [3,2587,1,2,1,2580]
s: 2587
i: [1,964,0,5,2,0,0,2] fc10_relat_1
s: 964
d: [2,2581,1,2,1,1,40,960,1613]
a: [3,2592,1,2,1,2581]
s: 2592
i: [1,965,0,5,2,0,0,255] cc8_card_1
s: 965
i: [1,974,0,5,2,0,0,255] cc7_card_1
s: 974
d: [2,2582,1,2,1,1,40,960,2008]
a: [3,2597,1,2,1,2582]
s: 2597
i: [1,975,0,5,2,0,0,255] cc9_card_1
s: 975
d: [2,2583,1,2,1,1,40,960,2018]
a: [3,2602,1,2,1,2583]
s: 2602
i: [1,976,0,5,2,0,0,255] cc9_card_1
s: 976
i: [1,977,0,5,2,0,0,255] cc4_card_1
s: 977
d: [2,2618,1,2,1,1,40,962,1521]
a: [3,2625,1,2,1,2618]
s: 2625
i: [1,978,0,5,2,0,0,3] cc25_membered
s: 978
d: [2,2619,1,2,1,1,40,962,1613]
a: [3,2630,1,2,1,2619]
s: 2630
i: [1,979,0,5,2,0,0,2] cc1_xreal_0
s: 979
i: [1,1123,0,5,2,0,0,2] t7_boole
s: 1123
d: [2,2620,1,2,1,1,40,962,2008]
a: [3,2635,1,2,1,2620]
s: 2635
i: [1,1143,0,5,1,0,0,2] idempotence_k3_xboole_0
s: 1143
d: [2,2621,1,2,1,1,40,962,2018]
a: [3,2640,1,2,1,2621]
s: 2640
i: [1,1246,0,5,1,0,0,3] rc3_relat_1
s: 1246
i: [1,1247,0,5,1,0,0,3] rc3_relat_1
s: 1247
d: [2,2747,1,2,1,1,40,975,2193]
a: [3,2751,1,2,1,2747]
s: 2751
i: [1,1249,0,5,1,0,0,3] rc5_finset_1
s: 1249
d: [2,2765,1,2,1,1,40,976,2193]
a: [3,2769,1,2,1,2765]
s: 2769
i: [1,1250,0,5,1,0,0,3] rc5_finset_1
s: 1250
i: [1,1256,0,5,1,0,0,3] rc1_relset_1
s: 1256
d: [2,2773,1,2,1,1,40,978,1561]
a: [3,2779,1,2,1,2773]
s: 2779
i: [1,1257,0,5,1,0,0,3] rc1_relset_1
s: 1257
d: [2,2786,1,2,1,1,40,979,1556]
a: [3,2791,1,2,1,2786]
s: 2791
i: [1,1194,0,7,3,0,0,2] reflexivity_r1_xxreal_0
a: [3,1578,0,5,2,1194]
s: 1578
d: [2,2771,0,5,2,1,22,977,1526]
s: 2771
d: [2,2817,1,2,1,2,40,2771,1561]
a: [3,2823,1,2,1,2817]
s: 2823
i: [1,906,0,6,2,0,0,255] rc7_card_1
s: 906
d: [2,2324,2,2,1,1,40,898,2306]
a: [3,2333,2,2,1,2324]
s: 2333
i: [1,914,0,6,2,0,0,255] rc7_finseq_1
s: 914
i: [1,917,0,6,2,0,0,255] rc7_finseq_1
s: 917
d: [2,2834,1,5,2,0,40,917,974]
a: [3,2844,1,2,1,2834]
s: 2844
i: [1,923,0,6,2,0,0,255] rc5_card_1
s: 923
d: [2,2835,1,5,2,0,40,917,976]
a: [3,2853,1,2,1,2835]
s: 2853
i: [1,926,0,6,2,0,0,255] rc6_card_1
s: 926
i: [1,980,0,6,2,0,0,3] cc9_membered
s: 980
d: [2,2862,1,5,2,0,40,923,976]
a: [3,2877,1,2,1,2862]
s: 2877
i: [1,981,0,6,2,0,0,5] cc10_membered
s: 981
d: [2,2335,2,2,1,1,40,2311,898]
a: [3,2339,2,2,1,2335]
s: 2339
i: [1,982,0,6,2,0,0,3] cc11_membered
s: 982
i: [1,983,0,6,2,0,0,2] cc8_membered
s: 983
d: [2,2922,1,2,1,1,40,983,1436]
a: [3,2934,1,2,1,2922]
s: 2934
i: [1,994,0,6,3,0,0,255] cc6_card_1
s: 994
d: [2,2941,2,2,1,1,40,2934,943]
a: [3,2946,2,2,1,2941]
s: 2946
i: [1,1008,0,6,3,0,0,2] cc12_xxreal_2
s: 1008
i: [1,1010,0,6,3,0,0,255] cc11_xxreal_2
s: 1010
d: [2,2942,2,2,1,1,40,2934,942]
a: [3,2951,2,2,1,2942]
s: 2951
i: [1,1012,0,6,3,0,0,255] cc10_xxreal_2
s: 1012
d: [2,2921,1,2,1,1,40,983,1541]
a: [3,2929,1,2,1,2921]
s: 2929
r: 2853
i: [1,1014,0,6,3,0,0,2] cc6_xxreal_2
s: 1014
i: [1,1019,0,6,3,0,0,3] cc3_xxreal_2
s: 1019
d: [2,2964,1,4,2,1,40,1008,1773]
d: [2,2965,1,2,1,2,21,2964,1793]
a: [3,2969,1,2,1,2965]
s: 2969
i: [1,1021,0,6,3,0,0,255] cc13_xxreal_2
s: 1021
d: [2,2971,1,4,2,1,40,1010,1818]
d: [2,2974,1,2,1,2,21,2971,1848]
a: [3,2978,1,2,1,2974]
s: 2978
i: [1,1023,0,6,3,0,0,3] cc5_xxreal_0
s: 1023
i: [1,1025,0,6,3,0,0,3] cc5_xxreal_0
s: 1025
d: [2,2972,1,4,2,1,40,1010,1903]
a: [3,2987,1,2,1,2972]
s: 2987
i: [1,1026,0,6,3,0,0,3] cc3_xxreal_0
s: 1026
d: [2,2973,1,4,2,1,40,1010,1983]
a: [3,2996,1,2,1,2973]
s: 2996
i: [1,1028,0,6,3,0,0,3] cc3_xxreal_0
s: 1028
i: [1,1036,0,6,3,0,0,255] cc4_xxreal_2
s: 1036
d: [2,3277,3,4,2,1,40,1036,2946]
a: [3,3300,3,2,1,3277]
s: 3300
i: [1,1037,0,6,3,0,0,255] cc4_xxreal_2
s: 1037
d: [2,3000,1,4,2,1,40,1012,1968]
a: [3,3005,1,2,1,3000]
s: 3005
i: [1,1039,0,6,3,0,0,2] cc14_xxreal_2
s: 1039
i: [1,1041,0,6,3,0,0,255] cc17_xxreal_2
s: 1041
a: [3,2991,1,2,1,2973]
s: 2991
r: 2991
i: [1,1043,0,6,3,0,0,3] cc16_xxreal_2
s: 1043
a: [3,2992,1,2,1,2973]
s: 2992
i: [1,1045,0,6,3,0,0,2] cc15_xxreal_2
s: 1045
i: [1,1047,0,6,3,0,0,3] cc7_xxreal_0
s: 1047
d: [2,3001,1,4,2,1,40,1012,1988]
a: [3,3014,1,2,1,3001]
s: 3014
i: [1,1048,0,6,3,0,0,3] cc7_xxreal_0
s: 1048
d: [2,3038,1,4,2,1,40,1014,1668]
a: [3,3085,1,2,1,3038]
s: 3085
i: [1,1050,0,6,3,0,0,255] cc3_relat_1
s: 1050
d: [2,3486,0,4,2,0,21,1050,962]
s: 3486
d: [2,3039,1,4,2,1,40,1014,1683]
a: [3,3094,1,2,1,3039]
s: 3094
i: [1,1052,0,6,3,0,0,255] cc9_finset_1
s: 1052
d: [2,3040,1,4,2,1,40,1014,1723]
a: [3,3103,1,2,1,3040]
s: 3103
d: [2,3513,0,4,2,0,21,1052,962]
s: 3513
i: [1,1055,0,6,3,0,0,255] cc9_valued_0
s: 1055
d: [2,3041,1,4,2,1,40,1014,1863]
a: [3,3112,1,2,1,3041]
s: 3112
d: [2,3540,0,4,2,0,21,1055,962]
s: 3540
d: [2,3042,1,4,2,1,40,1014,2038]
a: [3,3121,1,2,1,3042]
s: 3121
i: [1,1058,0,6,3,0,0,255] cc8_valued_0
s: 1058
i: [1,1066,0,6,3,0,0,255] cc6_valued_0
s: 1066
d: [2,3043,1,4,2,1,40,1014,2133]
a: [3,3130,1,2,1,3043]
s: 3130
i: [1,1068,0,6,3,0,0,255] cc5_valued_0
s: 1068
d: [2,3044,1,4,2,1,40,1014,2168]
a: [3,3139,1,2,1,3044]
s: 3139
i: [1,1096,0,6,3,0,0,255] cc1_finseq_1
s: 1096
d: [2,3574,0,4,2,0,21,1096,962]
s: 3574
d: [2,3045,1,4,2,1,40,1014,2198]
a: [3,3148,1,2,1,3045]
s: 3148
i: [1,1098,0,6,3,0,0,255] cc4_finseq_1
s: 1098
d: [2,3155,1,4,2,1,40,1019,2281]
a: [3,3175,1,2,1,3155]
s: 3175
i: [1,1114,0,6,2,0,0,2] t1_subset
s: 1114
i: [1,1145,0,6,2,0,0,255] fc85_valued_0
s: 1145
d: [2,3158,1,4,2,1,40,1019,1638]
d: [2,3181,1,2,1,2,21,3158,1643]
a: [3,3185,1,2,1,3181]
s: 3185
i: [1,1146,0,6,2,0,0,2] fc31_membered
s: 1146
d: [2,3159,1,4,2,1,40,1019,1648]
d: [2,3187,1,2,1,2,21,3159,1653]
a: [3,3191,1,2,1,3187]
s: 3191
i: [1,1147,0,6,2,0,0,2] fc32_membered
s: 1147
i: [1,1149,0,6,2,0,0,3] fc37_membered
s: 1149
d: [2,3160,1,4,2,1,40,1019,1658]
d: [2,3193,1,2,1,2,21,3160,1663]
a: [3,3197,1,2,1,3193]
s: 3197
i: [1,1150,0,6,2,0,0,3] fc38_membered
s: 1150
d: [2,3163,1,4,2,1,40,1019,1873]
d: [2,3199,1,2,1,2,21,3163,1868]
a: [3,3203,1,2,1,3199]
s: 3203
i: [1,1153,0,6,2,0,0,3] fc40_membered
s: 1153
i: [1,1154,0,6,2,0,0,3] fc39_membered
s: 1154
d: [2,3213,1,4,2,1,40,1023,1748]
d: [2,3215,1,2,1,2,21,3213,1753]
a: [3,3219,1,2,1,3215]
s: 3219
i: [1,1157,0,6,2,0,0,2] fc87_valued_0
s: 1157
d: [2,3214,1,4,2,1,40,1023,1878]
d: [2,3221,1,2,1,2,21,3214,1883]
a: [3,3225,1,2,1,3221]
s: 3225
i: [1,1158,0,6,2,0,0,2] fc36_membered
s: 1158
i: [1,1159,0,6,2,0,0,2] fc35_membered
s: 1159
d: [2,3227,1,4,2,1,40,1025,1748]
d: [2,3229,1,2,1,2,21,3227,1753]
a: [3,3233,1,2,1,3229]
s: 3233
i: [1,1161,0,6,2,0,0,255] fc90_valued_0
s: 1161
d: [2,3228,1,4,2,1,40,1025,1878]
d: [2,3235,1,2,1,2,21,3228,1883]
a: [3,3239,1,2,1,3235]
s: 3239
i: [1,1162,0,6,2,0,0,3] fc41_membered
s: 1162
i: [1,1163,0,6,2,0,0,3] fc42_membered
s: 1163
d: [2,3252,1,4,2,1,40,1026,1763]
d: [2,3254,1,2,1,2,21,3252,1768]
a: [3,3258,1,2,1,3254]
s: 3258
i: [1,1165,0,6,2,0,0,255] fc86_valued_0
s: 1165
d: [2,3253,1,4,2,1,40,1026,1888]
d: [2,3260,1,2,1,2,21,3253,1893]
a: [3,3264,1,2,1,3260]
s: 3264
i: [1,1166,0,6,2,0,0,2] fc34_membered
s: 1166
i: [1,1167,0,6,2,0,0,2] fc33_membered
s: 1167
d: [2,3280,1,4,2,1,40,1036,1913]
a: [3,3309,1,2,1,3280]
s: 3309
i: [1,1169,0,6,2,0,0,2] fc11_finset_1
s: 1169
d: [2,3281,1,4,2,1,40,1036,1938]
a: [3,3318,1,2,1,3281]
s: 3318
i: [1,1170,0,6,2,0,0,2] fc10_finset_1
s: 1170
i: [1,1171,0,6,2,0,0,1] fc4_zfmisc_1
s: 1171
d: [2,3282,1,4,2,1,40,1036,1953]
a: [3,3327,1,2,1,3282]
s: 3327
i: [1,1172,0,6,2,0,0,1] fc3_zfmisc_1
s: 1172
d: [2,3283,1,4,2,1,40,1036,1973]
a: [3,3332,1,2,1,3283]
s: 3332
i: [1,1175,0,6,2,0,0,2] fc1_relat_1
s: 1175
i: [1,1176,0,6,2,0,0,2] dt_k5_relat_1
s: 1176
d: [2,3284,1,4,2,1,40,1036,1993]
a: [3,3337,1,2,1,3284]
s: 3337
i: [1,1178,0,6,2,0,0,2] antisymmetry_r2_hidden
s: 1178
d: [2,3285,1,4,2,1,40,1036,2228]
a: [3,3346,1,2,1,3285]
s: 3346
i: [1,895,0,7,2,0,0,255] rc7_finset_1
s: 895
i: [1,900,0,7,2,0,0,2] rc4_card_1
s: 900
d: [2,3286,1,4,2,1,40,1036,2258]
a: [3,3355,1,2,1,3286]
s: 3355
i: [1,902,0,7,2,0,0,2] rc2_finset_1
s: 902
a: [3,3179,1,2,1,3155]
s: 3179
d: [2,3819,2,0,0,2,52,2291,3179,961]
e: 3819
d: [2,3825,2,2,1,1,40,3179,961]
d: [2,3832,2,0,0,2,21,3825,2291]
e: 3832
r: 3179
i: [1,905,0,7,2,0,0,255] rc7_card_1
s: 905
i: [1,907,0,7,3,0,0,255] cc10_finseq_1
s: 907
d: [2,3865,1,7,2,1,40,907,1426]
a: [3,3900,1,5,1,3865]
s: 3900
i: [1,920,0,7,3,0,0,255] cc7_finset_1
s: 920
d: [2,3926,1,7,2,1,40,920,1426]
a: [3,3949,1,5,1,3926]
s: 3949
i: [1,944,0,7,3,0,0,2] cc14_membered
s: 944
i: [1,949,0,7,3,0,0,255] cc17_membered
s: 949
d: [2,4024,2,0,0,3,52,2281,2844,2297,949]
e: 4024
d: [2,4037,1,4,2,1,40,949,2297]
d: [2,4040,1,2,1,2,21,4037,2844]
d: [2,4041,1,0,0,3,21,4040,2281]
e: 4041
r: 2844
d: [2,3966,2,4,1,1,40,3949,953]
a: [3,3970,2,4,1,3966]
s: 3970
i: [1,951,0,7,3,0,0,3] cc13_membered
s: 951
d: [2,3976,1,7,2,1,40,944,1426]
a: [3,4002,1,5,1,3976]
s: 4002
i: [1,988,0,7,3,0,0,255] cc10_card_1
s: 988
i: [1,993,0,7,3,0,0,2] fc8_relat_1
s: 993
d: [2,4029,1,7,2,1,40,949,1426]
a: [3,4063,1,5,1,4029]
s: 4063
i: [1,1000,0,7,3,0,0,255] fc24_relat_1
s: 1000
d: [2,4088,1,7,2,1,40,951,1426]
a: [3,4116,1,5,1,4088]
s: 4116
i: [1,1060,0,7,3,0,0,255] cc7_valued_0
s: 1060
i: [1,1062,0,7,3,0,0,255] cc1_valued_0
s: 1062
a: [3,2843,1,2,1,2834]
s: 2843
i: [1,1094,0,7,3,0,0,2] fc19_finset_1
s: 1094
a: [3,2852,1,2,1,2835]
s: 2852
d: [2,4150,2,0,0,2,52,2877,2852,909]
e: 4150
d: [2,4154,2,2,1,1,40,2852,909]
d: [2,4156,2,0,0,2,21,4154,2877]
e: 4156
r: 2877
i: [1,1101,0,7,3,0,0,5] cc3_valued_0
s: 1101
i: [1,1103,0,7,3,0,0,4] cc4_valued_0
s: 1103
a: [3,2876,1,2,1,2862]
s: 2876
i: [1,1109,0,7,3,0,0,255] cc31_valued_0
s: 1109
a: [3,3178,1,2,1,3155]
s: 3178
i: [1,1111,0,7,3,0,0,2] cc30_valued_0
s: 1111
i: [1,1120,0,7,2,0,0,255] t3_subset
s: 1120
d: [2,4251,1,3,1,1,40,1120,1436]
a: [3,4268,1,3,1,4251]
s: 4268
i: [1,1121,0,7,2,0,0,255] t3_subset
s: 1121
d: [2,4252,1,5,1,1,40,1120,1426]
a: [3,4273,1,5,1,4252]
s: 4273
i: [1,1122,0,7,3,0,0,2] t8_boole
s: 1122
i: [1,1135,0,7,1,0,0,255] rc1_finseq_1
s: 1135
d: [2,3359,1,4,2,1,40,1037,1808]
d: [2,3370,1,2,1,2,21,3359,1773]
a: [3,3374,1,2,1,3370]
s: 3374
i: [1,1144,0,7,1,0,0,2] commutativity_k3_xboole_0
s: 1144
d: [2,3430,1,4,2,1,40,1041,1913]
d: [2,3437,1,2,1,2,21,3430,1903]
a: [3,3441,1,2,1,3437]
s: 3441
i: [1,1151,0,7,2,0,0,3] fc88_valued_0
s: 1151
i: [1,1155,0,7,2,0,0,5] fc89_valued_0
s: 1155
d: [2,3434,1,4,2,1,40,1041,1993]
d: [2,3443,1,2,1,2,21,3434,1983]
a: [3,3447,1,2,1,3443]
s: 3447
i: [1,908,0,8,3,0,0,255] cc11_finseq_1
s: 908
d: [2,4343,1,6,2,1,40,908,1426]
a: [3,4361,1,4,1,4343]
s: 4361
i: [1,921,0,8,3,0,0,255] cc8_finset_1
s: 921
i: [1,928,0,8,3,0,0,2] cc19_membered
s: 928
d: [2,4380,1,6,2,1,40,921,1426]
a: [3,4406,1,4,1,4380]
s: 4406
i: [1,930,0,8,3,0,0,3] cc22_membered
s: 930
d: [2,4425,1,6,2,1,40,928,1426]
a: [3,4439,1,4,1,4425]
s: 4439
i: [1,941,0,8,3,0,0,3] cc23_membered
s: 941
i: [1,945,0,8,3,0,0,2] cc21_membered
s: 945
d: [2,4488,1,4,2,1,40,941,1436]
a: [3,4501,1,2,1,4488]
s: 4501
i: [1,950,0,8,3,0,0,3] cc24_membered
s: 950
d: [2,4448,1,6,2,1,40,930,1426]
a: [3,4470,1,4,1,4448]
s: 4470
i: [1,952,0,8,3,0,0,2] cc20_membered
s: 952
i: [1,955,0,8,3,0,0,2] cc2_finset_1
s: 955
d: [2,4489,1,6,2,1,40,941,1426]
a: [3,4510,1,4,1,4489]
s: 4510
i: [1,972,0,8,2,0,0,2] rd4_relat_1
s: 972
d: [2,4529,1,6,2,1,40,945,1426]
a: [3,4541,1,4,1,4529]
s: 4541
i: [1,973,0,8,3,0,0,1] cc2_relat_1
s: 973
i: [1,984,0,8,3,0,0,255] cc1_measure5
s: 984
d: [2,4623,1,6,2,1,40,973,1426]
d: [2,4646,1,2,1,1,21,4623,1142]
a: [3,4650,1,2,1,4646]
s: 4650
i: [1,985,0,8,3,0,0,1] cc2_measure5
s: 985
d: [2,4664,1,4,2,1,40,984,1436]
a: [3,4684,1,2,1,4664]
s: 4684
i: [1,986,0,8,3,0,0,255] cc5_measure5
s: 986
i: [1,990,0,8,4,0,0,3] cc4_xxreal_0
s: 990
a: [3,4688,1,2,1,4664]
s: 4688
i: [1,992,0,8,4,0,0,3] cc6_xxreal_0
s: 992
d: [2,4550,1,6,2,1,40,950,1426]
a: [3,4567,1,4,1,4550]
s: 4567
i: [1,1003,0,8,4,0,0,255] cc8_xxreal_2
s: 1003
i: [1,1006,0,8,4,0,0,255] cc7_xxreal_2
s: 1006
d: [2,4586,1,6,2,1,40,952,1426]
a: [3,4600,1,4,1,4586]
s: 4600
i: [1,1015,0,8,4,0,0,3] cc8_xxreal_0
s: 1015
d: [2,3463,1,4,2,1,40,1043,1973]
d: [2,3467,1,2,1,2,21,3463,1968]
a: [3,3471,1,2,1,3467]
s: 3471
i: [1,1031,0,8,4,0,0,255] cc2_xxreal_2
s: 1031
i: [1,1032,0,8,4,0,0,255] cc2_xxreal_2
s: 1032
d: [2,3925,1,5,2,1,40,920,1436]
a: [3,3943,1,2,1,3925]
s: 3943
i: [1,1034,0,8,4,0,0,255] cc5_xxreal_2
s: 1034
d: [2,4991,2,0,0,4,52,3337,3014,2996,1993,1034]
e: 4991
d: [2,5002,1,6,3,1,40,1034,1993]
d: [2,5014,1,4,2,2,21,5002,2996]
d: [2,5015,1,2,1,3,21,5014,3014]
d: [2,5016,1,0,0,4,21,5015,3337]
e: 5016
r: 2996
d: [2,4995,3,6,3,1,40,1034,2946]
d: [2,5006,3,4,2,2,21,4995,3300]
a: [3,5037,3,2,1,5006]
s: 5037
i: [1,1086,0,8,4,0,0,255] cc6_finseq_1
s: 1086
i: [1,1089,0,8,4,0,0,255] cc2_finseq_1
s: 1089
a: [3,3903,1,2,1,3865]
s: 3903
i: [1,1099,0,8,3,0,0,2] fc108_valued_1
s: 1099
a: [3,2995,1,2,1,2973]
s: 2995
i: [1,1105,0,8,3,0,0,4] cc2_valued_0
s: 1105
i: [1,1113,0,8,2,0,0,255] t28_xboole_1
s: 1113
a: [3,3008,1,2,1,3000]
s: 3008
i: [1,1115,0,8,3,0,0,2] t2_subset
s: 1115
d: [2,5381,1,11,2,1,40,1115,1426]
a: [3,5414,1,6,1,5381]
s: 5414
i: [1,1179,0,8,3,0,0,1] fc11_card_1
s: 1179
i: [1,1180,0,8,3,0,0,1] fc10_card_1
s: 1180
a: [3,5417,1,5,1,5381]
s: 5417
i: [1,1185,0,8,3,0,0,3] rc6_finset_1
s: 1185
d: [2,5442,2,6,1,1,40,5414,1178]
a: [3,5448,2,6,1,5442]
s: 5448
i: [1,1186,0,8,3,0,0,3] rc6_finset_1
s: 1186
i: [1,1189,0,8,3,0,0,3] rc6_finset_1
s: 1189
a: [3,3304,1,2,1,3280]
s: 3304
i: [1,1190,0,8,3,0,0,3] rc6_finset_1
s: 1190
d: [2,3362,1,4,2,1,40,1037,1938]
a: [3,3378,1,2,1,3362]
s: 3378
i: [1,1200,0,8,3,0,0,1] fc14_finset_1
s: 1200
i: [1,1203,0,8,3,0,0,2] fc17_relat_1
s: 1203
d: [2,3363,1,4,2,1,40,1037,1953]
a: [3,3383,1,2,1,3363]
s: 3383
d: [2,5459,0,6,2,0,21,1203,962]
s: 5459
d: [2,3366,1,4,2,1,40,1037,2228]
a: [3,3393,1,2,1,3366]
s: 3393
i: [1,1204,0,8,3,0,0,2] fc17_relat_1
s: 1204
i: [1,1205,0,8,3,0,0,255] fc23_relat_1
s: 1205
d: [2,3367,1,4,2,1,40,1037,2258]
a: [3,3398,1,2,1,3367]
s: 3398
i: [1,1206,0,8,3,0,0,255] fc23_relat_1
s: 1206
d: [2,3487,1,2,1,1,40,3486,1521]
a: [3,3496,1,2,1,3487]
s: 3496
i: [1,1208,0,8,3,0,0,255] fc43_valued_0
s: 1208
i: [1,1209,0,8,3,0,0,255] fc43_valued_0
s: 1209
d: [2,3490,1,2,1,1,40,3486,1613]
a: [3,3501,1,2,1,3490]
s: 3501
i: [1,1211,0,8,3,0,0,255] fc48_valued_0
s: 1211
d: [2,3491,1,2,1,1,40,3486,2008]
a: [3,3506,1,2,1,3491]
s: 3506
i: [1,1212,0,8,3,0,0,255] fc48_valued_0
s: 1212
i: [1,1214,0,8,3,0,0,255] fc44_valued_0
s: 1214
d: [2,3492,1,2,1,1,40,3486,2018]
a: [3,3511,1,2,1,3492]
s: 3511
i: [1,1215,0,8,3,0,0,255] fc44_valued_0
s: 1215
d: [2,3514,1,2,1,1,40,3513,1521]
a: [3,3523,1,2,1,3514]
s: 3523
i: [1,1217,0,8,3,0,0,2] fc45_valued_0
s: 1217
i: [1,1218,0,8,3,0,0,2] fc45_valued_0
s: 1218
d: [2,3517,1,2,1,1,40,3513,1613]
a: [3,3528,1,2,1,3517]
s: 3528
i: [1,1227,0,8,3,0,0,2] fc26_finset_1
s: 1227
d: [2,3518,1,2,1,1,40,3513,2008]
a: [3,3533,1,2,1,3518]
s: 3533
i: [1,1228,0,8,3,0,0,2] fc26_finset_1
s: 1228
i: [1,1229,0,8,3,0,0,2] fc16_relat_1
s: 1229
d: [2,3519,1,2,1,1,40,3513,2018]
a: [3,3538,1,2,1,3519]
s: 3538
i: [1,1230,0,8,3,0,0,2] fc16_relat_1
s: 1230
d: [2,3541,1,2,1,1,40,3540,1521]
a: [3,3550,1,2,1,3541]
s: 3550
i: [1,1242,0,8,2,0,0,1] cc1_relset_1
s: 1242
i: [1,1253,0,8,1,0,0,3] rc1_relset_1
s: 1253
d: [2,3544,1,2,1,1,40,3540,1613]
a: [3,3555,1,2,1,3544]
s: 3555
i: [1,966,0,9,4,0,0,3] cc7_relat_1
s: 966
d: [2,3545,1,2,1,1,40,3540,2008]
a: [3,3560,1,2,1,3545]
s: 3560
i: [1,969,0,9,4,0,0,3] cc8_relat_1
s: 969
i: [1,1071,0,9,4,0,0,255] cc7_finseq_1
s: 1071
d: [2,3546,1,2,1,1,40,3540,2018]
a: [3,3565,1,2,1,3546]
s: 3565
i: [1,1091,0,9,4,0,0,255] cc5_finseq_1
s: 1091
d: [2,3567,1,4,2,1,40,1058,2098]
d: [2,3568,1,2,1,2,21,3567,2108]
a: [3,3572,1,2,1,3568]
s: 3572
i: [1,1126,0,9,3,0,0,2] t5_subset
s: 1126
i: [1,1187,0,9,3,0,0,3] rc6_finset_1
s: 1187
d: [2,5614,1,7,2,1,40,1126,1426]
a: [3,5630,1,4,1,5614]
s: 5630
i: [1,1188,0,9,3,0,0,3] rc6_finset_1
s: 1188
d: [2,3575,1,2,1,1,40,3574,1521]
a: [3,3584,1,2,1,3575]
s: 3584
i: [1,1233,0,9,3,0,0,5] fc47_valued_0
s: 1233
i: [1,1235,0,9,3,0,0,4] fc46_valued_0
s: 1235
d: [2,3578,1,2,1,1,40,3574,1613]
a: [3,3589,1,2,1,3578]
s: 3589
i: [1,1243,0,9,2,0,0,3] cc2_relset_1
s: 1243
d: [2,5650,1,3,1,1,40,1243,1426]
a: [3,5661,1,3,1,5650]
s: 5661
i: [1,1244,0,9,2,0,0,3] cc2_relset_1
s: 1244
i: [1,1264,0,9,3,0,0,3] fc27_relat_1
s: 1264
d: [2,5665,1,3,1,1,40,1244,1426]
a: [3,5676,1,3,1,5665]
s: 5676
i: [1,1268,0,9,3,0,0,2] fc26_relat_1
s: 1268
d: [2,5678,2,4,2,1,40,5676,1111]
d: [2,5680,2,2,1,2,21,5678,4650]
a: [3,5684,2,2,1,5680]
s: 5684
i: [1,987,0,10,4,0,0,1] cc2_integra1
s: 987
d: [2,5700,4,0,0,4,52,3300,1446,1441,1436,987]
e: 5700
d: [2,5701,2,0,0,4,52,3355,2268,2248,2273,987]
e: 5701
d: [2,5704,1,6,3,1,40,987,1436]
d: [2,5715,1,4,2,2,21,5704,1441]
d: [2,5716,1,2,1,3,21,5715,1446]
d: [2,5717,1,0,0,4,21,5716,3300]
e: 5717
d: [2,5710,1,6,3,1,40,987,2273]
d: [2,5724,1,4,2,2,21,5710,2248]
d: [2,5725,1,2,1,3,21,5724,2268]
d: [2,5726,1,0,0,4,21,5725,3355]
e: 5726
r: 3300
r: 3355
r: 3398
r: 5037
i: [1,998,0,10,5,0,0,255] cc22_valued_0
s: 998
a: [3,3296,3,2,1,3277]
s: 3296
i: [1,999,0,10,5,0,0,255] cc22_valued_0
s: 999
a: [3,4504,1,2,1,4488]
s: 4504
i: [1,1056,0,10,4,0,0,255] cc10_valued_0
s: 1056
i: [1,1063,0,10,4,0,0,255] cc15_valued_0
s: 1063
a: [3,3299,3,2,1,3277]
s: 3299
i: [1,1064,0,10,4,0,0,255] cc11_valued_0
s: 1064
a: [3,5036,3,2,1,5006]
s: 5036
i: [1,1069,0,10,4,0,0,2] cc12_valued_0
s: 1069
i: [1,1125,0,10,3,0,0,2] t4_subset
s: 1125
d: [2,4549,1,4,2,1,40,950,1436]
a: [3,4561,1,2,1,4549]
s: 4561
i: [1,1148,0,10,3,0,0,255] cc16_valued_0
s: 1148
d: [2,5686,3,4,2,1,40,5684,1068]
d: [2,5688,3,2,1,2,21,5686,4650]
a: [3,5692,3,2,1,5688]
s: 5692
i: [1,1160,0,10,3,0,0,2] cc18_valued_0
s: 1160
i: [1,1164,0,10,3,0,0,255] cc21_valued_0
s: 1164
d: [2,5687,3,4,2,1,40,5684,1066]
d: [2,5694,3,2,1,2,21,5687,4650]
a: [3,5698,3,2,1,5694]
s: 5698
i: [1,1168,0,10,3,0,0,255] cc17_valued_0
s: 1168
d: [2,5988,4,8,4,1,40,5692,999]
d: [2,5990,4,6,3,2,21,5988,1431]
d: [2,5991,4,4,2,3,21,5990,4650]
a: [3,5995,4,2,1,5991]
s: 5995
i: [1,1173,0,10,3,0,0,1] cc4_relset_1
s: 1173
i: [1,1174,0,10,3,0,0,1] cc3_relset_1
s: 1174
d: [2,5829,1,10,3,1,40,1063,1426]
d: [2,5853,1,6,2,1,21,5829,1142]
a: [3,5857,1,4,1,5853]
s: 5857
i: [1,1195,0,10,4,0,0,2] connectedness_r1_xxreal_0
s: 1195
d: [2,5966,1,6,2,1,40,1125,1436]
s: 5966
i: [1,1201,0,10,4,0,0,2] fc27_finset_1
s: 1201
i: [1,1202,0,10,4,0,0,2] fc27_finset_1
s: 1202
d: [2,5967,1,8,2,1,40,1125,1426]
s: 5967
i: [1,1207,0,10,4,0,0,255] fc13_valued_0
s: 1207
a: [3,3351,1,2,1,3286]
s: 3351
i: [1,1210,0,10,4,0,0,255] fc23_valued_0
s: 1210
i: [1,1213,0,10,4,0,0,255] fc15_valued_0
s: 1213
a: [3,3354,1,2,1,3286]
s: 3354
i: [1,1216,0,10,4,0,0,2] fc17_valued_0
s: 1216
a: [3,3399,1,2,1,3367]
s: 3399
i: [1,1219,0,10,4,0,0,255] fc35_finset_1
s: 1219
i: [1,1220,0,10,4,0,0,255] fc13_finseq_1
s: 1220
d: [2,3579,1,2,1,1,40,3574,2008]
a: [3,3594,1,2,1,3579]
s: 3594
i: [1,1221,0,10,4,0,0,255] fc13_finseq_1
s: 1221
d: [2,3580,1,2,1,1,40,3574,2018]
a: [3,3599,1,2,1,3580]
s: 3599
i: [1,1222,0,10,4,0,0,255] fc66_valued_0
s: 1222
i: [1,1223,0,10,4,0,0,255] fc62_valued_0
s: 1223
d: [2,3603,1,4,2,0,44,1146,893]
a: [3,3607,1,2,1,3603]
s: 3607
r: 4439
r: 1145
r: 1146
r: 1147
r: 928
r: 1148
d: [2,6150,2,0,0,2,40,3607,2263]
e: 6150
d: [2,6149,2,0,0,2,40,3607,2233]
e: 6149
d: [2,6148,2,0,0,2,40,3607,1858]
e: 6148
d: [2,6147,2,0,0,2,40,3607,1813]
e: 6147
d: [2,6146,3,0,0,2,40,3607,2951]
e: 6146
d: [2,6145,2,0,0,2,40,3607,2399]
e: 6145
d: [2,6143,2,0,0,2,52,2399,3607]
e: 6143
d: [2,6144,2,0,0,2,52,1511,3607,942]
e: 6144
r: 3607
s: 1145
s: 4439
s: 1146
s: 1147
a: [3,3611,1,2,1,3603]
s: 3611
s: 928
d: [2,3617,1,4,2,0,44,1149,893]
a: [3,3621,1,2,1,3617]
s: 3621
r: 4470
r: 929
r: 1149
r: 1150
r: 1151
r: 930
d: [2,6192,2,0,0,2,40,3621,1843]
e: 6192
d: [2,6191,2,0,0,2,40,3621,1798]
e: 6191
d: [2,6190,2,0,0,2,40,3621,1496]
e: 6190
d: [2,6189,2,0,0,2,40,3621,2388]
e: 6189
d: [2,6186,2,0,0,2,52,2388,3621]
e: 6186
d: [2,6187,2,0,0,1,52,1127,3621,980]
e: 6187
d: [2,6188,2,0,0,2,52,1506,3621,940]
e: 6188
r: 3621
s: 929
s: 1149
s: 4470
s: 1150
a: [3,3625,1,2,1,3617]
s: 3625
s: 1151
s: 930
d: [2,3684,1,4,2,0,44,1167,893]
a: [3,3688,1,2,1,3684]
s: 3688
r: 4600
r: 4116
r: 1168
r: 1167
r: 1166
r: 1165
r: 1045
r: 1043
r: 1041
r: 1039
r: 1037
r: 1036
r: 1034
r: 1032
r: 1031
r: 952
r: 951
d: [2,6253,2,0,0,2,40,3688,2258]
e: 6253
d: [2,6252,2,0,0,2,40,3688,2228]
e: 6252
d: [2,6251,2,0,0,2,40,3688,1993]
e: 6251
d: [2,6250,2,0,0,2,40,3688,1973]
e: 6250
d: [2,6249,2,0,0,2,40,3688,1953]
e: 6249
d: [2,6248,2,0,0,2,40,3688,1938]
e: 6248
d: [2,6247,2,0,0,2,40,3688,1913]
e: 6247
d: [2,6246,2,0,0,2,40,3688,1853]
e: 6246
d: [2,6245,2,0,0,2,40,3688,1808]
e: 6245
d: [2,6244,3,0,0,2,40,3688,2946]
e: 6244
d: [2,6243,2,0,0,2,40,3688,2415]
e: 6243
d: [2,6241,2,0,0,2,52,2415,3688]
e: 6241
d: [2,6242,2,0,0,2,52,1511,3688,943]
e: 6242
r: 3688
s: 1036
s: 4600
s: 1037
s: 1039
s: 4116
s: 1041
a: [3,3692,1,2,1,3684]
s: 3692
s: 1043
s: 1045
d: [2,3862,1,4,2,1,40,907,1556]
a: [3,3877,1,2,1,3862]
s: 3877
s: 1165
d: [2,3872,1,4,2,1,40,907,1561]
a: [3,3919,1,2,1,3872]
s: 3919
s: 1166
s: 1167
d: [2,3931,1,5,2,1,40,920,2243]
a: [3,3958,1,2,1,3931]
s: 3958
s: 951
d: [2,3932,1,5,2,1,40,920,2273]
a: [3,3963,1,2,1,3932]
s: 3963
s: 952
s: 1031
d: [2,3984,1,4,2,1,40,944,2297]
d: [2,4018,1,2,1,2,21,3984,2929]
a: [3,4022,1,2,1,4018]
s: 4022
s: 1032
d: [2,4026,1,4,2,1,40,949,1556]
a: [3,4082,1,2,1,4026]
s: 4082
s: 1034
s: 1148
d: [2,4096,1,4,2,1,40,951,2297]
a: [3,4136,1,2,1,4096]
s: 4136
s: 1168
d: [2,4378,1,4,2,1,40,921,1541]
a: [3,4392,1,2,1,4378]
s: 4392
i: [1,1224,0,10,4,0,0,2] fc63_valued_0
s: 1224
i: [1,1234,0,10,3,0,0,5] fc47_valued_0
s: 1234
d: [2,4446,1,4,2,1,40,930,1541]
a: [3,4460,1,2,1,4446]
s: 4460
i: [1,1236,0,10,3,0,0,4] fc46_valued_0
s: 1236
d: [2,4496,1,4,2,1,40,941,2273]
a: [3,4523,1,2,1,4496]
s: 4523
i: [1,1237,0,10,3,0,0,2] rd8_relat_1
s: 1237
i: [1,1258,0,10,2,0,0,255] idempotence_k9_subset_1
s: 1258
d: [2,4557,1,4,2,1,40,950,2273]
a: [3,4580,1,2,1,4557]
s: 4580
i: [1,1265,0,10,3,0,0,3] fc27_relat_1
s: 1265
d: [2,4621,1,4,2,1,40,973,1541]
a: [3,4635,1,2,1,4621]
s: 4635
i: [1,1266,0,10,3,0,0,3] fc27_relat_1
s: 1266
i: [1,1269,0,10,3,0,0,2] fc26_relat_1
s: 1269
r: 1236
r: 1234
d: [2,4663,1,4,2,1,40,984,1541]
a: [3,4679,1,2,1,4663]
s: 4679
i: [1,934,0,11,5,0,0,2] t2_real
s: 934
d: [2,4669,1,4,2,1,40,984,2243]
d: [2,4729,1,2,1,2,21,4669,2218]
a: [3,4733,1,2,1,4729]
s: 4733
i: [1,935,0,11,5,0,0,2] t1_real
s: 935
i: [1,936,0,11,5,0,0,2] t8_real
s: 936
d: [2,4670,1,4,2,1,40,984,2273]
a: [3,4738,1,2,1,4670]
s: 4738
i: [1,937,0,11,5,0,0,2] t7_real
s: 937
a: [3,4742,1,2,1,4670]
s: 4742
i: [1,938,0,11,5,0,0,2] t3_real
s: 938
i: [1,939,0,11,5,0,0,2] t4_real
s: 939
d: [2,4754,1,4,2,1,40,985,1541]
a: [3,4766,1,2,1,4754]
s: 4766
i: [1,1112,0,11,2,0,0,2] t61_relat_1
s: 1112
d: [2,4760,1,4,2,1,40,985,2243]
a: [3,4796,1,2,1,4760]
s: 4796
i: [1,1152,0,11,3,0,0,3] cc19_valued_0
s: 1152
i: [1,1156,0,11,3,0,0,5] cc20_valued_0
s: 1156
d: [2,4838,1,6,3,1,40,990,1608]
a: [3,4861,1,2,1,4838]
s: 4861
r: 4861
i: [1,1177,0,11,2,0,0,2] rd5_relat_1
s: 1177
a: [3,4860,1,2,1,4838]
s: 4860
i: [1,1225,0,11,4,0,0,255] dt_k1_seq_1
s: 1225
i: [1,1238,0,11,3,0,0,255] redefinition_k1_relset_1
s: 1238
a: [3,4865,1,2,1,4838]
s: 4865
i: [1,1239,0,11,3,0,0,255] dt_k1_relset_1
s: 1239
d: [2,4897,1,6,3,1,40,1031,1938]
d: [2,4912,1,4,2,2,21,4897,1933]
d: [2,4913,1,2,1,3,21,4912,1928]
a: [3,4917,1,2,1,4913]
s: 4917
i: [1,1259,0,11,2,0,0,255] dt_k9_subset_1
s: 1259
i: [1,1270,0,11,2,0,0,2] fc8_relset_1
s: 1270
d: [2,4898,1,6,3,1,40,1031,1953]
d: [2,4919,1,4,2,2,21,4898,1948]
a: [3,4927,1,2,1,4919]
s: 4927
i: [1,1106,0,12,4,0,0,5] cc14_valued_0
s: 1106
d: [2,6856,1,12,3,1,40,1106,1426]
d: [2,6866,1,8,2,1,21,6856,1142]
a: [3,6870,1,5,1,6866]
s: 6870
i: [1,1107,0,12,4,0,0,4] cc13_valued_0
s: 1107
i: [1,1196,0,12,5,0,0,2] fc18_xxreal_2
s: 1196
d: [2,6885,1,12,3,1,40,1107,1426]
d: [2,6895,1,8,2,1,21,6885,1142]
a: [3,6899,1,5,1,6895]
s: 6899
i: [1,1231,0,12,4,0,0,4] fc19_valued_0
s: 1231
d: [2,4950,1,6,3,1,40,1032,1973]
d: [2,4972,1,4,2,2,21,4950,3471]
d: [2,4973,1,2,1,3,21,4972,1963]
a: [3,4977,1,2,1,4973]
s: 4977
i: [1,1232,0,12,4,0,0,5] fc21_valued_0
s: 1232
i: [1,1240,0,12,4,0,0,3] cc5_relat_1
s: 1240
d: [2,6961,1,12,3,1,40,1240,1426]
d: [2,6971,1,8,2,1,21,6961,1142]
s: 6971
i: [1,1241,0,12,4,0,0,3] cc6_relat_1
s: 1241
r: 1107
r: 1106
d: [2,6974,2,15,4,1,40,6971,1091]
d: [2,6976,2,11,3,1,21,6974,1142]
a: [3,6980,2,4,1,6976]
s: 6980
i: [1,1260,0,12,2,0,0,255] redefinition_k9_subset_1
s: 1260
i: [1,1263,0,12,4,0,0,3] fc2_relset_1
s: 1263
d: [2,7001,1,12,3,1,40,1241,1426]
d: [2,7011,1,8,2,1,21,7001,1142]
s: 7011
i: [1,1267,0,12,4,0,0,2] fc5_relset_1
s: 1267
r: 1231
r: 1232
d: [2,4997,1,6,3,1,40,1034,1853]
d: [2,5007,1,4,2,2,21,4997,2978]
d: [2,5008,1,2,1,3,21,5007,2495]
a: [3,5032,1,2,1,5008]
s: 5032
i: [1,932,0,13,6,0,0,2] t5_real
s: 932
i: [1,933,0,13,6,0,0,2] t6_real
s: 933
d: [2,5052,1,6,3,1,40,1086,1693]
a: [3,5101,1,2,1,5052]
s: 5101
i: [1,1193,0,13,5,0,0,255] fc14_card_1
s: 1193
d: [2,5053,1,6,3,1,40,1086,1713]
d: [2,5107,1,4,2,2,21,5053,1708]
a: [3,5115,1,2,1,5107]
s: 5115
i: [1,1226,0,13,4,0,0,255] redefinition_k1_seq_1
s: 1226
i: [1,1261,0,13,2,0,0,255] commutativity_k9_subset_1
s: 1261
d: [2,5054,1,6,3,1,40,1086,1733]
d: [2,5117,1,4,2,2,21,5054,1728]
a: [3,5125,1,2,1,5117]
s: 5125
i: [1,1262,0,13,5,0,0,255] fc29_finseq_1
s: 1262
d: [2,5057,1,6,3,1,40,1086,2023]
a: [3,5156,1,2,1,5057]
s: 5156
i: [1,1116,0,14,5,0,0,1] t71_rfunct_1
s: 1116
i: [1,1184,0,14,4,0,0,255] existence_m2_subset_1
s: 1184
d: [2,5059,1,6,3,1,40,1086,2078]
d: [2,5158,1,4,2,2,21,5059,2063]
d: [2,5159,1,2,1,3,21,5158,2073]
a: [3,5163,1,2,1,5159]
s: 5163
i: [1,1272,0,14,3,0,0,1] dt_k2_partfun1
s: 1272
d: [2,7115,1,8,2,1,40,1272,1426]
d: [2,7123,1,6,1,2,21,7115,1431]
s: 7123
i: [1,1181,0,15,5,0,0,255] dt_m2_subset_1
s: 1181
i: [1,1182,0,15,5,0,0,255] redefinition_m2_subset_1
s: 1182
d: [2,5061,1,6,3,1,40,1086,2108]
d: [2,5165,1,4,2,2,21,5061,2103]
a: [3,5173,1,2,1,5165]
s: 5173
i: [1,1183,0,15,5,0,0,255] redefinition_m2_subset_1
s: 1183
r: 5630
a: [3,5626,1,3,1,5614]
s: 5626
r: 5448
r: 5967
i: [1,1191,0,15,5,0,0,2] fc10_relset_1
s: 1191
i: [1,1192,0,15,5,0,0,2] fc10_relset_1
s: 1192
a: [3,5629,1,4,1,5614]
s: 5629
d: [2,7184,2,0,0,2,52,4361,5629,956]
e: 7184
d: [2,7185,2,0,0,2,52,4406,5629,957]
e: 7185
d: [2,7186,2,0,0,2,52,4567,5629,960]
e: 7186
d: [2,7187,3,0,0,2,52,3970,5629,961]
e: 7187
d: [2,7188,2,0,0,2,52,5857,5629,3540]
e: 7188
d: [2,7190,2,4,1,1,40,5629,956]
d: [2,7205,2,0,0,2,21,7190,4361]
e: 7205
d: [2,7191,2,4,1,1,40,5629,957]
d: [2,7207,2,0,0,2,21,7191,4406]
e: 7207
d: [2,7193,2,4,1,1,40,5629,960]
d: [2,7209,2,0,0,2,21,7193,4567]
e: 7209
d: [2,7194,2,4,1,1,40,5629,961]
d: [2,7211,2,0,0,2,21,7194,3970]
e: 7211
d: [2,7198,2,4,1,1,40,5629,3540]
d: [2,7213,2,0,0,2,21,7198,5857]
e: 7213
r: 3949
r: 3970
r: 4361
r: 4406
r: 4567
r: 5857
r: 5629
r: 6870
r: 6899
i: [1,1271,0,17,3,0,0,1] redefinition_k2_partfun1
s: 1271
a: [3,3953,1,2,1,3926]
s: 3953
i: [1,1198,0,18,5,0,0,1] dt_k1_integra5
s: 1198
i: [1,1273,0,18,3,0,0,1] dt_k2_partfun1
s: 1273
a: [3,4365,1,2,1,4343]
s: 4365
i: [1,1124,0,19,4,0,0,2] t47_funct_1
s: 1124
a: [3,4410,1,2,1,4380]
s: 4410
i: [1,1119,0,20,6,0,0,1] t71_rfunct_1
s: 1119
i: [1,1118,0,21,6,0,0,1] t71_rfunct_1
s: 1118
a: [3,4544,1,2,1,4529]
s: 4544
i: [1,1197,0,21,5,0,0,1] redefinition_k1_integra5
s: 1197
a: [3,4571,1,2,1,4550]
s: 4571
r: 4571
i: [1,1199,0,22,5,0,0,1] dt_k1_integra5
s: 1199
i: [1,1117,0,23,6,0,0,1] t71_rfunct_1
s: 1117
a: [3,4570,1,2,1,4550]
s: 4570
a: [3,5861,1,2,1,5853]
s: 5861
d: [2,7136,1,15,4,1,40,1183,1426]
d: [2,7152,1,11,3,2,21,7136,5630]
a: [3,7156,1,2,1,7152]
s: 7156
d: [2,7570,5,0,0,2,52,5995,7156,894]
e: 7570
d: [2,7571,2,0,0,2,52,4570,7156,960]
e: 7571
d: [2,7572,2,0,0,2,52,3903,7156,3574]
e: 7572
d: [2,7573,2,2,1,1,40,7156,894]
d: [2,7587,2,0,0,2,21,7573,5995]
e: 7587
d: [2,7577,2,2,1,1,40,7156,960]
d: [2,7589,2,0,0,2,21,7577,4570]
e: 7589
d: [2,7583,2,2,1,1,40,7156,3574]
d: [2,7591,2,0,0,2,21,7583,3903]
e: 7591
r: 7156
a: [3,6874,1,3,1,6866]
s: 6874
a: [3,6903,1,3,1,6895]
s: 6903
s: 4567
s: 5630
d: [2,7250,1,12,3,1,44,1421,1271]
d: [2,7253,1,6,2,2,21,7250,1426]
d: [2,7254,1,4,1,3,21,7253,1431]
a: [3,7258,1,4,1,7254]
s: 7258
d: [2,7251,1,18,3,1,44,1416,1271]
a: [3,7263,1,4,1,7251]
s: 7263
d: [2,7632,2,0,0,5,52,1431,1446,1436,1426,7263,1198]
e: 7632
r: 7263
a: [3,7262,1,4,1,7251]
s: 7262
d: [2,7604,2,7,3,1,44,7258,1237]
d: [2,7622,2,5,2,2,21,7604,4650]
a: [3,7626,2,3,1,7622]
s: 7626
a: [3,3948,1,5,1,3926]
s: 3948
a: [3,3969,2,4,1,3966]
s: 3969
d: [2,7634,3,0,0,3,52,1466,1486,3969,1180]
e: 7634
d: [2,7635,3,0,0,3,52,1466,1486,3969,1179]
e: 7635
d: [2,7636,3,4,2,1,40,3969,1180]
d: [2,7641,3,2,1,2,21,7636,1486]
d: [2,7642,3,0,0,3,21,7641,1466]
e: 7642
d: [2,7637,3,4,2,1,40,3969,1179]
d: [2,7644,3,2,1,2,21,7637,1486]
d: [2,7645,3,0,0,3,21,7644,1466]
e: 7645
r: 3969
a: [3,6869,1,5,1,6866]
s: 6869
r: 6869
s: 5857
s: 3970
s: 6870
d: [2,7252,2,12,3,2,44,7123,1271]
d: [2,7273,2,6,2,2,21,7252,1426]
d: [2,7274,2,4,1,2,21,7273,1431]
s: 7274
a: [3,6898,1,5,1,6895]
s: 6898
r: 6898
s: 6899
d: [2,7602,2,10,4,1,40,7258,1116]
d: [2,7605,2,8,3,2,21,7602,5684]
d: [2,7606,2,6,2,3,21,7605,1431]
d: [2,7607,2,4,1,4,21,7606,4650]
a: [3,7611,2,4,1,7607]
s: 7611
d: [2,7135,1,11,4,1,40,1183,1436]
d: [2,7150,1,9,3,2,21,7135,1446]
d: [2,7151,1,7,2,3,21,7150,1486]
s: 7151
d: [2,7603,2,18,5,1,44,7258,1197]
d: [2,7613,2,14,4,2,21,7603,1436]
d: [2,7614,2,12,3,3,21,7613,1446]
d: [2,7615,2,6,2,4,21,7614,1426]
d: [2,7616,2,4,1,5,21,7615,1431]
a: [3,7620,2,4,1,7616]
s: 7620
a: [3,7267,1,8,1,7251]
s: 7267
d: [2,7685,2,0,0,5,52,1431,1446,1436,1426,7267,1199]
e: 7685
d: [2,7686,2,14,4,1,40,7267,1199]
d: [2,7689,2,10,3,2,21,7686,1436]
d: [2,7690,2,8,2,3,21,7689,1446]
d: [2,7691,2,2,1,4,21,7690,1426]
d: [2,7692,2,0,0,5,21,7691,1431]
e: 7692
r: 7267
a: [3,7271,1,6,1,7251]
s: 7271
d: [2,7674,3,4,1,1,40,7611,931]
a: [3,7678,3,4,1,7674]
s: 7678
a: [3,7266,1,8,1,7251]
s: 7266
d: [2,7695,2,13,3,1,44,7271,1237]
d: [2,7708,2,9,2,2,21,7695,7620]
d: [2,7741,2,5,1,1,40,7266,1243]
d: [2,7753,2,8,2,1,40,7266,973]
d: [2,7877,2,4,1,1,21,7753,1142]
f: 7877,7741,7708,7692,7632,7616,7251,7254,861,863,864,865,866,867
% Refutation found. Thanks to Tanya!
% SZS status Theorem for integra5__t8_integra5
% SZS output start Proof for integra5__t8_integra5
1. ! [X0] : ((m1_subset_1(X0,k1_zfmisc_1(k1_numbers)) & v2_measure5(X0) & ~v1_xboole_0(X0)) => ! [X1] : ((m1_subset_1(X1,k1_zfmisc_1(k2_zfmisc_1(k1_numbers,k1_numbers))) & v1_funct_1(X1)) => (v2_seq_2(k2_partfun1(k1_numbers,k1_numbers,X1,X0)) => v2_seq_2(k2_partfun1(X0,k1_numbers,k1_integra5(X1,X0),X0))))) [input t8_integra5]
2. ~! [X0] : ((m1_subset_1(X0,k1_zfmisc_1(k1_numbers)) & v2_measure5(X0) & ~v1_xboole_0(X0)) => ! [X1] : ((m1_subset_1(X1,k1_zfmisc_1(k2_zfmisc_1(k1_numbers,k1_numbers))) & v1_funct_1(X1)) => (v2_seq_2(k2_partfun1(k1_numbers,k1_numbers,X1,X0)) => v2_seq_2(k2_partfun1(X0,k1_numbers,k1_integra5(X1,X0),X0))))) [negated conjecture 1]
66. ! [X0] : (v1_relat_1(X0) => ! [X1] : (m1_subset_1(X1,k1_zfmisc_1(X0)) => v1_relat_1(X1))) [input cc2_relat_1]
67. ! [X0,X1] : ! [X2] : (m1_subset_1(X2,k1_zfmisc_1(k2_zfmisc_1(X0,X1))) => (v5_relat_1(X2,X1) & v4_relat_1(X2,X0))) [input cc2_relset_1]
134. ! [X0,X1] : ((m1_subset_1(X1,k1_zfmisc_1(k1_numbers)) & ~v1_xboole_0(X1) & m1_subset_1(X0,k1_zfmisc_1(k2_zfmisc_1(k1_numbers,k1_numbers))) & v1_funct_1(X0)) => (m1_subset_1(k1_integra5(X0,X1),k1_zfmisc_1(k2_zfmisc_1(X1,k1_numbers))) & v1_funct_1(k1_integra5(X0,X1)))) [input dt_k1_integra5]
230. ! [X0,X1] : v1_relat_1(k2_zfmisc_1(X0,X1)) [input fc6_relat_1]
302. ! [X0,X1] : ((v4_relat_1(X1,X0) & v1_relat_1(X1)) => k5_relat_1(X1,X0) = X1) [input rd8_relat_1]
303. ! [X0,X1] : ((m1_subset_1(X1,k1_zfmisc_1(k1_numbers)) & ~v1_xboole_0(X1) & m1_subset_1(X0,k1_zfmisc_1(k2_zfmisc_1(k1_numbers,k1_numbers))) & v1_funct_1(X0)) => k1_integra5(X0,X1) = k5_relat_1(X0,X1)) [input redefinition_k1_integra5]
306. ! [X0,X1,X2,X3] : ((m1_subset_1(X2,k1_zfmisc_1(k2_zfmisc_1(X0,X1))) & v1_funct_1(X2)) => k2_partfun1(X0,X1,X2,X3) = k5_relat_1(X2,X3)) [input redefinition_k2_partfun1]
351. ! [X0,X1,X2] : (m1_subset_1(X2,k1_zfmisc_1(k2_zfmisc_1(X0,X1))) => (v5_relat_1(X2,X1) & v4_relat_1(X2,X0))) [flattening 67]
378. ? [X0] : (? [X1] : ((~v2_seq_2(k2_partfun1(X0,k1_numbers,k1_integra5(X1,X0),X0)) & v2_seq_2(k2_partfun1(k1_numbers,k1_numbers,X1,X0))) & (m1_subset_1(X1,k1_zfmisc_1(k2_zfmisc_1(k1_numbers,k1_numbers))) & v1_funct_1(X1))) & (m1_subset_1(X0,k1_zfmisc_1(k1_numbers)) & v2_measure5(X0) & ~v1_xboole_0(X0))) [ennf transformation 2]
379. ? [X0] : (? [X1] : (~v2_seq_2(k2_partfun1(X0,k1_numbers,k1_integra5(X1,X0),X0)) & v2_seq_2(k2_partfun1(k1_numbers,k1_numbers,X1,X0)) & m1_subset_1(X1,k1_zfmisc_1(k2_zfmisc_1(k1_numbers,k1_numbers))) & v1_funct_1(X1)) & m1_subset_1(X0,k1_zfmisc_1(k1_numbers)) & v2_measure5(X0) & ~v1_xboole_0(X0)) [flattening 378]
450. ! [X0] : (! [X1] : (v1_relat_1(X1) | ~m1_subset_1(X1,k1_zfmisc_1(X0))) | ~v1_relat_1(X0)) [ennf transformation 66]
652. ! [X0,X1] : (k1_integra5(X0,X1) = k5_relat_1(X0,X1) | (~m1_subset_1(X1,k1_zfmisc_1(k1_numbers)) | v1_xboole_0(X1) | ~m1_subset_1(X0,k1_zfmisc_1(k2_zfmisc_1(k1_numbers,k1_numbers))) | ~v1_funct_1(X0))) [ennf transformation 303]
653. ! [X0,X1] : (k1_integra5(X0,X1) = k5_relat_1(X0,X1) | ~m1_subset_1(X1,k1_zfmisc_1(k1_numbers)) | v1_xboole_0(X1) | ~m1_subset_1(X0,k1_zfmisc_1(k2_zfmisc_1(k1_numbers,k1_numbers))) | ~v1_funct_1(X0)) [flattening 652]
654. ! [X0,X1] : ((m1_subset_1(k1_integra5(X0,X1),k1_zfmisc_1(k2_zfmisc_1(X1,k1_numbers))) & v1_funct_1(k1_integra5(X0,X1))) | (~m1_subset_1(X1,k1_zfmisc_1(k1_numbers)) | v1_xboole_0(X1) | ~m1_subset_1(X0,k1_zfmisc_1(k2_zfmisc_1(k1_numbers,k1_numbers))) | ~v1_funct_1(X0))) [ennf transformation 134]
655. ! [X0,X1] : ((m1_subset_1(k1_integra5(X0,X1),k1_zfmisc_1(k2_zfmisc_1(X1,k1_numbers))) & v1_funct_1(k1_integra5(X0,X1))) | ~m1_subset_1(X1,k1_zfmisc_1(k1_numbers)) | v1_xboole_0(X1) | ~m1_subset_1(X0,k1_zfmisc_1(k2_zfmisc_1(k1_numbers,k1_numbers))) | ~v1_funct_1(X0)) [flattening 654]
706. ! [X0,X1] : (k5_relat_1(X1,X0) = X1 | (~v4_relat_1(X1,X0) | ~v1_relat_1(X1))) [ennf transformation 302]
707. ! [X0,X1] : (k5_relat_1(X1,X0) = X1 | ~v4_relat_1(X1,X0) | ~v1_relat_1(X1)) [flattening 706]
717. ! [X0,X1,X2] : ((v5_relat_1(X2,X1) & v4_relat_1(X2,X0)) | ~m1_subset_1(X2,k1_zfmisc_1(k2_zfmisc_1(X0,X1)))) [ennf transformation 351]
733. ! [X0,X1,X2,X3] : (k2_partfun1(X0,X1,X2,X3) = k5_relat_1(X2,X3) | (~m1_subset_1(X2,k1_zfmisc_1(k2_zfmisc_1(X0,X1))) | ~v1_funct_1(X2))) [ennf transformation 306]
734. ! [X0,X1,X2,X3] : (k2_partfun1(X0,X1,X2,X3) = k5_relat_1(X2,X3) | ~m1_subset_1(X2,k1_zfmisc_1(k2_zfmisc_1(X0,X1))) | ~v1_funct_1(X2)) [flattening 733]
737. ? [X0] : (? [X1] : (~v2_seq_2(k2_partfun1(X0,k1_numbers,k1_integra5(X1,X0),X0)) & v2_seq_2(k2_partfun1(k1_numbers,k1_numbers,X1,X0)) & m1_subset_1(X1,k1_zfmisc_1(k2_zfmisc_1(k1_numbers,k1_numbers))) & v1_funct_1(X1)) & m1_subset_1(X0,k1_zfmisc_1(k1_numbers)) & v2_measure5(X0) & ~v1_xboole_0(X0)) => (? [X1] : (~v2_seq_2(k2_partfun1(sK0,k1_numbers,k1_integra5(X1,sK0),sK0)) & v2_seq_2(k2_partfun1(k1_numbers,k1_numbers,X1,sK0)) & m1_subset_1(X1,k1_zfmisc_1(k2_zfmisc_1(k1_numbers,k1_numbers))) & v1_funct_1(X1)) & m1_subset_1(sK0,k1_zfmisc_1(k1_numbers)) & v2_measure5(sK0) & ~v1_xboole_0(sK0)) [choice axiom]
738. ? [X1] : (~v2_seq_2(k2_partfun1(sK0,k1_numbers,k1_integra5(X1,sK0),sK0)) & v2_seq_2(k2_partfun1(k1_numbers,k1_numbers,X1,sK0)) & m1_subset_1(X1,k1_zfmisc_1(k2_zfmisc_1(k1_numbers,k1_numbers))) & v1_funct_1(X1)) => (~v2_seq_2(k2_partfun1(sK0,k1_numbers,k1_integra5(sK1,sK0),sK0)) & v2_seq_2(k2_partfun1(k1_numbers,k1_numbers,sK1,sK0)) & m1_subset_1(sK1,k1_zfmisc_1(k2_zfmisc_1(k1_numbers,k1_numbers))) & v1_funct_1(sK1)) [choice axiom]
739. (~v2_seq_2(k2_partfun1(sK0,k1_numbers,k1_integra5(sK1,sK0),sK0)) & v2_seq_2(k2_partfun1(k1_numbers,k1_numbers,sK1,sK0)) & m1_subset_1(sK1,k1_zfmisc_1(k2_zfmisc_1(k1_numbers,k1_numbers))) & v1_funct_1(sK1)) & m1_subset_1(sK0,k1_zfmisc_1(k1_numbers)) & v2_measure5(sK0) & ~v1_xboole_0(sK0) [skolemisation 379,738,737]
861. ~v1_xboole_0(sK0) [cnf transformation 739] {a:0,w:2,wCS:200,goal:1,sine:0,thAx:0,allAx:3,thDist:-3}
863. m1_subset_1(sK0,k1_zfmisc_1(k1_numbers)) [cnf transformation 739] {a:0,w:4,wCS:400,goal:1,sine:0,thAx:0,allAx:3,thDist:-3}
864. v1_funct_1(sK1) [cnf transformation 739] {a:0,w:2,wCS:200,goal:1,sine:0,thAx:0,allAx:3,thDist:-3}
865. m1_subset_1(sK1,k1_zfmisc_1(k2_zfmisc_1(k1_numbers,k1_numbers))) [cnf transformation 739] {a:0,w:6,wCS:600,goal:1,sine:0,thAx:0,allAx:3,thDist:-3}
866. v2_seq_2(k2_partfun1(k1_numbers,k1_numbers,sK1,sK0)) [cnf transformation 739] {a:0,w:6,wCS:600,goal:1,sine:0,thAx:0,allAx:3,thDist:-3}
867. ~v2_seq_2(k2_partfun1(sK0,k1_numbers,k1_integra5(sK1,sK0),sK0)) [cnf transformation 739] {a:0,w:8,wCS:800,goal:1,sine:0,thAx:0,allAx:3,thDist:-3}
973. ~m1_subset_1(X1,k1_zfmisc_1(X0)) | v1_relat_1(X1) | ~v1_relat_1(X0) [cnf transformation 450] {a:0,w:8,wCS:3200,nSel:1,sine:1,thAx:0,allAx:1,thDist:-1}
1142. v1_relat_1(k2_zfmisc_1(X0,X1)) [cnf transformation 230] {a:0,w:4,wCS:1600,nSel:1,sine:1,thAx:0,allAx:1,thDist:-1}
1197. k1_integra5(X0,X1) = k5_relat_1(X0,X1) | ~m1_subset_1(X1,k1_zfmisc_1(k1_numbers)) | v1_xboole_0(X1) | ~m1_subset_1(X0,k1_zfmisc_1(k2_zfmisc_1(k1_numbers,k1_numbers))) | ~v1_funct_1(X0) [cnf transformation 653] {a:0,w:21,wCS:8400,nSel:1,sine:1,thAx:0,allAx:1,thDist:-1}
1198. ~m1_subset_1(X0,k1_zfmisc_1(k2_zfmisc_1(k1_numbers,k1_numbers))) | ~m1_subset_1(X1,k1_zfmisc_1(k1_numbers)) | v1_xboole_0(X1) | v1_funct_1(k1_integra5(X0,X1)) | ~v1_funct_1(X0) [cnf transformation 655] {a:0,w:18,wCS:7200,nSel:1,sine:1,thAx:0,allAx:1,thDist:-1}
1199. m1_subset_1(k1_integra5(X0,X1),k1_zfmisc_1(k2_zfmisc_1(X1,k1_numbers))) | ~m1_subset_1(X1,k1_zfmisc_1(k1_numbers)) | v1_xboole_0(X1) | ~m1_subset_1(X0,k1_zfmisc_1(k2_zfmisc_1(k1_numbers,k1_numbers))) | ~v1_funct_1(X0) [cnf transformation 655] {a:0,w:22,wCS:8800,nSel:1,sine:1,thAx:0,allAx:1,thDist:-1}
1237. k5_relat_1(X1,X0) = X1 | ~v4_relat_1(X1,X0) | ~v1_relat_1(X1) [cnf transformation 707] {a:0,w:10,wCS:4000,nSel:1,sine:2,thAx:0,allAx:1,thDist:-1}
1243. ~m1_subset_1(X2,k1_zfmisc_1(k2_zfmisc_1(X0,X1))) | v4_relat_1(X2,X0) [cnf transformation 717] {a:0,w:9,wCS:3600,nSel:1,sine:3,thAx:0,allAx:1,thDist:-1}
1271. k2_partfun1(X0,X1,X2,X3) = k5_relat_1(X2,X3) | ~m1_subset_1(X2,k1_zfmisc_1(k2_zfmisc_1(X0,X1))) | ~v1_funct_1(X2) [cnf transformation 734] {a:0,w:17,wCS:6800,nSel:1,sine:1,thAx:0,allAx:1,thDist:-1}
1414. 1 <=> v2_seq_2(k2_partfun1(sK0,k1_numbers,k1_integra5(sK1,sK0),sK0)) [avatar definition]
1416. ~v2_seq_2(k2_partfun1(sK0,k1_numbers,k1_integra5(sK1,sK0),sK0)) <- (~1) [avatar component clause 1414] {a:0,w:8,wCS:800,nSel:1,goal:1,sine:255,thAx:0,allAx:3,thDist:-3}
1417. ~1 [avatar split clause 867,1414]
1419. 2 <=> v2_seq_2(k2_partfun1(k1_numbers,k1_numbers,sK1,sK0)) [avatar definition]
1421. v2_seq_2(k2_partfun1(k1_numbers,k1_numbers,sK1,sK0)) <- (2) [avatar component clause 1419] {a:0,w:6,wCS:600,nSel:1,goal:1,sine:255,thAx:0,allAx:3,thDist:-3}
1422. 2 [avatar split clause 866,1419]
1424. 3 <=> m1_subset_1(sK1,k1_zfmisc_1(k2_zfmisc_1(k1_numbers,k1_numbers))) [avatar definition]
1426. m1_subset_1(sK1,k1_zfmisc_1(k2_zfmisc_1(k1_numbers,k1_numbers))) <- (3) [avatar component clause 1424] {a:0,w:6,wCS:600,nSel:1,goal:1,sine:255,thAx:0,allAx:3,thDist:-3}
1427. 3 [avatar split clause 865,1424]
1429. 4 <=> v1_funct_1(sK1) [avatar definition]
1431. v1_funct_1(sK1) <- (4) [avatar component clause 1429] {a:0,w:2,wCS:200,nSel:1,goal:1,sine:255,thAx:0,allAx:3,thDist:-3}
1432. 4 [avatar split clause 864,1429]
1434. 5 <=> m1_subset_1(sK0,k1_zfmisc_1(k1_numbers)) [avatar definition]
1436. m1_subset_1(sK0,k1_zfmisc_1(k1_numbers)) <- (5) [avatar component clause 1434] {a:0,w:4,wCS:400,nSel:1,goal:1,sine:255,thAx:0,allAx:3,thDist:-3}
1437. 5 [avatar split clause 863,1434]
1444. 7 <=> v1_xboole_0(sK0) [avatar definition]
1446. ~v1_xboole_0(sK0) <- (~7) [avatar component clause 1444] {a:0,w:2,wCS:200,nSel:1,goal:1,sine:255,thAx:0,allAx:3,thDist:-3}
1447. ~7 [avatar split clause 861,1444]
7250. v2_seq_2(k5_relat_1(sK1,sK0)) | ~m1_subset_1(sK1,k1_zfmisc_1(k2_zfmisc_1(k1_numbers,k1_numbers))) | ~v1_funct_1(sK1) <- (2) [superposition 1421,1271] {a:1,w:12,wCS:1200,goal:1,sine:1,thAx:0,allAx:4,thDist:-4}
7251. ~v2_seq_2(k5_relat_1(k1_integra5(sK1,sK0),sK0)) | ~m1_subset_1(k1_integra5(sK1,sK0),k1_zfmisc_1(k2_zfmisc_1(sK0,k1_numbers))) | ~v1_funct_1(k1_integra5(sK1,sK0)) <- (~1) [superposition 1416,1271] {a:1,w:18,wCS:1800,goal:1,sine:1,thAx:0,allAx:4,thDist:-4}
7253. v2_seq_2(k5_relat_1(sK1,sK0)) | ~v1_funct_1(sK1) <- (2, 3) [subsumption resolution 7250,1426] {a:1,w:6,wCS:600,goal:1,sine:1,thAx:0,allAx:4,thDist:-4}
7254. v2_seq_2(k5_relat_1(sK1,sK0)) <- (2, 3, 4) [subsumption resolution 7253,1431] {a:1,w:4,wCS:400,goal:1,sine:1,thAx:0,allAx:4,thDist:-4}
7256. 690 <=> v2_seq_2(k5_relat_1(sK1,sK0)) [avatar definition]
7258. v2_seq_2(k5_relat_1(sK1,sK0)) <- (690) [avatar component clause 7256] {a:1,w:4,wCS:400,nSel:1,goal:1,sine:255,thAx:0,allAx:4,thDist:-4}
7259. 690 | ~2 | ~3 | ~4 [avatar split clause 7254,1429,1424,1419,7256]
7261. 691 <=> v1_funct_1(k1_integra5(sK1,sK0)) [avatar definition]
7263. ~v1_funct_1(k1_integra5(sK1,sK0)) <- (~691) [avatar component clause 7261] {a:1,w:4,wCS:400,nSel:1,goal:1,sine:255,thAx:0,allAx:4,thDist:-4}
7265. 692 <=> m1_subset_1(k1_integra5(sK1,sK0),k1_zfmisc_1(k2_zfmisc_1(sK0,k1_numbers))) [avatar definition]
7266. m1_subset_1(k1_integra5(sK1,sK0),k1_zfmisc_1(k2_zfmisc_1(sK0,k1_numbers))) <- (692) [avatar component clause 7265] {a:1,w:8,wCS:800,nSel:1,goal:1,sine:255,thAx:0,allAx:4,thDist:-4}
7267. ~m1_subset_1(k1_integra5(sK1,sK0),k1_zfmisc_1(k2_zfmisc_1(sK0,k1_numbers))) <- (~692) [avatar component clause 7265] {a:1,w:8,wCS:800,nSel:1,goal:1,sine:255,thAx:0,allAx:4,thDist:-4}
7269. 693 <=> v2_seq_2(k5_relat_1(k1_integra5(sK1,sK0),sK0)) [avatar definition]
7271. ~v2_seq_2(k5_relat_1(k1_integra5(sK1,sK0),sK0)) <- (~693) [avatar component clause 7269] {a:1,w:6,wCS:600,nSel:1,goal:1,sine:255,thAx:0,allAx:4,thDist:-4}
7272. ~691 | ~692 | ~693 | 1 [avatar split clause 7251,1414,7269,7265,7261]
7603. v2_seq_2(k1_integra5(sK1,sK0)) | ~m1_subset_1(sK0,k1_zfmisc_1(k1_numbers)) | v1_xboole_0(sK0) | ~m1_subset_1(sK1,k1_zfmisc_1(k2_zfmisc_1(k1_numbers,k1_numbers))) | ~v1_funct_1(sK1) <- (690) [superposition 7258,1197] {a:2,w:18,wCS:1800,goal:1,sine:1,thAx:0,allAx:5,thDist:-5}
7613. v2_seq_2(k1_integra5(sK1,sK0)) | v1_xboole_0(sK0) | ~m1_subset_1(sK1,k1_zfmisc_1(k2_zfmisc_1(k1_numbers,k1_numbers))) | ~v1_funct_1(sK1) <- (5, 690) [subsumption resolution 7603,1436] {a:2,w:14,wCS:1400,goal:1,sine:1,thAx:0,allAx:5,thDist:-5}
7614. v2_seq_2(k1_integra5(sK1,sK0)) | ~m1_subset_1(sK1,k1_zfmisc_1(k2_zfmisc_1(k1_numbers,k1_numbers))) | ~v1_funct_1(sK1) <- (5, ~7, 690) [subsumption resolution 7613,1446] {a:2,w:12,wCS:1200,goal:1,sine:1,thAx:0,allAx:5,thDist:-5}
7615. v2_seq_2(k1_integra5(sK1,sK0)) | ~v1_funct_1(sK1) <- (3, 5, ~7, 690) [subsumption resolution 7614,1426] {a:2,w:6,wCS:600,goal:1,sine:1,thAx:0,allAx:5,thDist:-5}
7616. v2_seq_2(k1_integra5(sK1,sK0)) <- (3, 4, 5, ~7, 690) [subsumption resolution 7615,1431] {a:2,w:4,wCS:400,goal:1,sine:1,thAx:0,allAx:5,thDist:-5}
7618. 714 <=> v2_seq_2(k1_integra5(sK1,sK0)) [avatar definition]
7620. v2_seq_2(k1_integra5(sK1,sK0)) <- (714) [avatar component clause 7618] {a:2,w:4,wCS:400,nSel:1,goal:1,sine:255,thAx:0,allAx:5,thDist:-5}
7621. 714 | ~3 | ~4 | ~5 | 7 | ~690 [avatar split clause 7616,7256,1444,1434,1429,1424,7618]
7632. $false <- (3, 4, 5, ~7, ~691) [unit resulting resolution 1431,1446,1436,1426,7263,1198] {a:2,w:0,goal:1,sine:1,thAx:0,allAx:17,thDist:-17}
7633. ~3 | ~4 | ~5 | 7 | 691 [avatar contradiction clause 7632]
7686. ~m1_subset_1(sK0,k1_zfmisc_1(k1_numbers)) | v1_xboole_0(sK0) | ~m1_subset_1(sK1,k1_zfmisc_1(k2_zfmisc_1(k1_numbers,k1_numbers))) | ~v1_funct_1(sK1) <- (~692) [resolution 7267,1199] {a:2,w:14,wCS:1400,goal:1,sine:1,thAx:0,allAx:5,thDist:-5}
7689. v1_xboole_0(sK0) | ~m1_subset_1(sK1,k1_zfmisc_1(k2_zfmisc_1(k1_numbers,k1_numbers))) | ~v1_funct_1(sK1) <- (5, ~692) [subsumption resolution 7686,1436] {a:2,w:10,wCS:1000,goal:1,sine:1,thAx:0,allAx:5,thDist:-5}
7690. ~m1_subset_1(sK1,k1_zfmisc_1(k2_zfmisc_1(k1_numbers,k1_numbers))) | ~v1_funct_1(sK1) <- (5, ~7, ~692) [subsumption resolution 7689,1446] {a:2,w:8,wCS:800,goal:1,sine:1,thAx:0,allAx:5,thDist:-5}
7691. ~v1_funct_1(sK1) <- (3, 5, ~7, ~692) [subsumption resolution 7690,1426] {a:2,w:2,wCS:200,goal:1,sine:1,thAx:0,allAx:5,thDist:-5}
7692. $false <- (3, 4, 5, ~7, ~692) [subsumption resolution 7691,1431] {a:2,w:0,goal:1,sine:1,thAx:0,allAx:5,thDist:-5}
7693. ~3 | ~4 | ~5 | 7 | 692 [avatar contradiction clause 7692]
7695. ~v2_seq_2(k1_integra5(sK1,sK0)) | ~v4_relat_1(k1_integra5(sK1,sK0),sK0) | ~v1_relat_1(k1_integra5(sK1,sK0)) <- (~693) [superposition 7271,1237] {a:2,w:13,wCS:1300,goal:1,sine:2,thAx:0,allAx:5,thDist:-5}
7708. ~v4_relat_1(k1_integra5(sK1,sK0),sK0) | ~v1_relat_1(k1_integra5(sK1,sK0)) <- (~693, 714) [subsumption resolution 7695,7620] {a:2,w:9,wCS:900,goal:1,sine:2,thAx:0,allAx:5,thDist:-5}
7710. 721 <=> v1_relat_1(k1_integra5(sK1,sK0)) [avatar definition]
7714. 722 <=> v4_relat_1(k1_integra5(sK1,sK0),sK0) [avatar definition]
7717. ~721 | ~722 | 693 | ~714 [avatar split clause 7708,7618,7269,7714,7710]
7741. v4_relat_1(k1_integra5(sK1,sK0),sK0) <- (692) [resolution 7266,1243] {a:2,w:5,wCS:500,goal:1,sine:3,thAx:0,allAx:5,thDist:-5}
7753. v1_relat_1(k1_integra5(sK1,sK0)) | ~v1_relat_1(k2_zfmisc_1(sK0,k1_numbers)) <- (692) [resolution 7266,973] {a:2,w:8,wCS:800,goal:1,sine:1,thAx:0,allAx:5,thDist:-5}
7789. 722 | ~692 [avatar split clause 7741,7265,7714]
7877. v1_relat_1(k1_integra5(sK1,sK0)) <- (692) [subsumption resolution 7753,1142] {a:2,w:4,wCS:400,goal:1,sine:1,thAx:0,allAx:5,thDist:-5}
7878. 721 | ~692 [avatar split clause 7877,7265,7710]
7980. $false [avatar sat refutation 1417,1422,1427,1432,1437,1447,7259,7272,7621,7633,7693,7717,7789,7878] {a:0,w:0,goal:1,sine:0,thAx:0,allAx:4361,thDist:-4361}
% SZS output end Proof for integra5__t8_integra5
% ------------------------------
% Version: Vampire 4.5.1 (commit 226f88162 on 2021-09-12 20:13:44 +0200)
% Termination reason: Refutation

% >>> Input
% Input formulas: 335
% >>> Preprocessing
% Introduced skolems: 61
% Pure predicates: 12
% 
% >>> Saturation
% Initial clauses: 552
% Generated clauses: 3939
% Active clauses: 735
% Passive clauses: 1880
% Final active clauses: 664
% Final passive clauses: 1106
% Main loop iterations started: 768
% 
% >>> Simplifying Inferences
% Duplicate literals: 113
% Fw subsumption resolutions: 452
% Fw demodulations: 2
% Bw demodulations: 3
% 
% >>> Deletion Inferences
% Simple tautologies: 193
% Forward subsumptions: 507
% Backward subsumptions: 37
% 
% >>> Generating Inferences
% Binary resolution: 1814
% Unit resulting resolution: 25
% Factoring: 1
% Forward superposition: 186
% Backward superposition: 148
% Self superposition: 2
% 
% >>> AVATAR
% Split clauses: 286
% Split components: 622
% Sat splitting refutations: 63
% 
% >>> SAT Solver Statistics
% SAT solver clauses: 802
% SAT solver unit clauses: 188
% SAT solver binary clauses: 245
% 
% Memory used [KB]: 14583
% Time elapsed: 0.050 s
% ------------------------------
% ------------------------------
% Time measurement results:
% parsing: 0.003 s
% property evaluation: 0.001 s
% preprocessing: 0.001 s
% SAT solver time: 0.002 s
% sat proof minimization: 0.001 s
% congruence closure: 0.008 s
% forward subsumption index maintenance: 0.001 s
% binary resolution index maintenance: 0.001 s
% backward subsumption index maintenance: 0.002 s
% splitting component index usage: 0.001 s
% forward subsumption: 0.007 s
% forward subsumption resolution: 0.005 s
% forward demodulation: 0.001 s
% superposition: 0.002 s
% passive container maintenance: 0.001 s
% other: 0.050 s ( own 0.013 s ) 

