i: [1,56,0,2,1,0,0,255] dt_o_0_0_xboole_0
a: [3,87,0,2,1,56]
s: 87
i: [1,57,0,2,1,0,0,255] fc1_xboole_0
a: [3,92,0,2,1,57]
s: 92
i: [1,77,0,2,1,0,0,2] rc2_xboole_0
a: [3,102,0,2,1,77]
s: 102
i: [1,78,0,2,1,0,0,2] rc1_xboole_0
a: [3,107,0,2,1,78]
s: 107
i: [1,59,0,3,1,0,0,2] fc2_xboole_0
s: 59
i: [1,58,0,3,1,0,0,255] d2_xboole_0
a: [3,97,0,3,1,58]
s: 97
r: 87
i: [1,70,0,4,1,0,0,1] fc1_zfmisc_1
s: 70
i: [1,71,0,4,1,0,0,1] fc3_xboole_0
s: 71
i: [1,60,0,5,1,0,0,255] t1_boole
s: 60
i: [1,61,0,5,2,0,0,255] t6_boole
s: 61
i: [1,72,0,5,1,0,0,2] idempotence_k2_xboole_0
s: 72
i: [1,55,0,21,1,1,0,0] t122_zfmisc_1
a: [3,82,0,21,1,55]
s: 82
i: [1,75,0,6,2,0,0,2] fc5_xboole_0
s: 75
i: [1,76,0,6,2,0,0,2] fc4_xboole_0
s: 76
i: [1,64,0,7,3,0,0,2] t8_boole
s: 64
i: [1,73,0,7,1,0,0,2] commutativity_k2_xboole_0
s: 73
d: [2,117,1,5,1,0,44,73,60]
s: 117
i: [1,74,0,7,1,0,0,1] commutativity_k2_tarski
s: 74
d: [2,118,1,5,1,0,44,73,60]
s: 118
i: [1,62,0,9,1,0,0,2] t1_enumset1
s: 62
i: [1,63,0,10,1,0,0,1] d5_tarski
s: 63
d: [2,119,1,5,1,0,44,60,73]
s: 119
i: [1,65,0,13,1,0,0,1] t97_zfmisc_1
s: 65
d: [2,122,1,5,1,0,44,60,73]
s: 122
i: [1,66,0,13,1,0,0,1] t97_zfmisc_1
s: 66
i: [1,69,0,13,1,0,0,1] t5_enumset1
s: 69
d: [2,134,1,6,1,0,44,62,72]
s: 134
i: [1,67,0,14,1,0,0,1] t30_zfmisc_1
s: 67
d: [2,137,1,6,1,0,44,72,62]
s: 137
i: [1,68,0,14,1,0,0,1] t30_zfmisc_1
s: 68
d: [2,182,1,10,2,0,44,76,69]
d: [2,184,1,6,1,0,21,182,71]
s: 184
d: [2,183,1,10,2,0,44,75,69]
d: [2,185,1,6,1,0,21,183,71]
s: 185
d: [2,110,1,7,3,0,44,61,61]
s: 110
d: [2,111,1,7,2,0,44,60,61]
s: 111
d: [2,199,1,7,1,0,44,71,67]
s: 199
d: [2,213,1,7,1,0,44,71,68]
s: 213
d: [2,237,2,6,1,0,44,199,134]
s: 237
d: [2,135,1,9,1,0,44,62,73]
s: 135
d: [2,243,2,6,1,0,44,213,134]
s: 243
d: [2,136,1,9,1,0,44,62,73]
s: 136
d: [2,138,1,9,1,0,44,73,62]
s: 138
d: [2,125,2,7,2,0,44,117,61]
s: 125
d: [2,139,1,9,1,0,44,73,62]
s: 139
d: [2,188,2,9,1,0,44,63,134]
d: [2,190,2,7,1,0,22,188,134]
s: 190
d: [2,176,1,9,1,0,44,69,72]
s: 176
d: [2,179,1,9,1,0,44,72,69]
s: 179
d: [2,219,2,7,2,0,44,111,73]
s: 219
d: [2,142,1,10,1,0,44,63,74]
s: 142
d: [2,220,2,7,2,0,44,111,73]
s: 220
d: [2,143,1,10,1,0,44,63,74]
s: 143
d: [2,145,1,10,1,0,44,63,74]
s: 145
d: [2,226,2,7,2,0,44,73,111]
s: 226
d: [2,146,1,10,1,0,44,63,74]
s: 146
d: [2,227,2,7,2,0,44,73,111]
s: 227
d: [2,147,1,10,1,0,44,74,63]
s: 147
d: [2,148,1,10,1,0,44,74,63]
s: 148
d: [2,238,2,7,1,0,44,199,63]
s: 238
d: [2,156,1,10,2,0,44,76,65]
s: 156
d: [2,244,2,7,1,0,44,213,63]
s: 244
d: [2,157,1,10,2,0,44,75,65]
s: 157
d: [2,166,1,10,2,0,44,76,66]
s: 166
d: [2,300,2,7,1,0,44,199,142]
s: 300
d: [2,167,1,10,2,0,44,75,66]
s: 167
d: [2,301,2,7,1,0,44,213,142]
s: 301
d: [2,151,1,13,1,0,44,65,73]
s: 151
d: [2,152,1,13,1,0,44,65,73]
s: 152
d: [2,316,2,7,1,0,44,199,145]
s: 316
d: [2,154,1,13,1,0,44,73,65]
s: 154
d: [2,317,2,7,1,0,44,213,145]
s: 317
d: [2,155,1,13,1,0,44,73,65]
s: 155
d: [2,160,1,13,1,0,44,66,73]
s: 160
d: [2,329,2,8,2,0,44,156,117]
s: 329
d: [2,161,1,13,1,0,44,66,73]
s: 161
d: [2,333,2,8,2,0,44,157,60]
s: 333
d: [2,164,1,13,1,0,44,73,66]
s: 164
d: [2,165,1,13,1,0,44,73,66]
s: 165
d: [2,354,2,8,2,0,44,166,117]
s: 354
d: [2,170,1,13,1,0,44,69,74]
s: 170
d: [2,357,2,8,2,0,44,167,60]
s: 357
d: [2,171,1,13,1,0,44,69,74]
s: 171
d: [2,173,1,13,1,0,44,69,74]
s: 173
d: [2,434,2,9,1,0,44,170,72]
s: 434
d: [2,174,1,13,1,0,44,69,74]
s: 174
d: [2,440,2,9,1,0,44,72,170]
s: 440
d: [2,177,1,13,1,0,44,69,73]
s: 177
d: [2,178,1,13,1,0,44,69,73]
s: 178
d: [2,469,2,9,1,0,44,173,72]
s: 469
d: [2,180,1,13,1,0,44,73,69]
s: 180
d: [2,476,2,9,1,0,44,72,173]
s: 476
d: [2,181,1,13,1,0,44,73,69]
s: 181
d: [2,191,1,14,1,0,44,67,74]
s: 191
d: [2,193,2,11,1,0,44,67,134]
d: [2,201,2,10,1,0,22,193,134]
s: 201
r: 237
d: [2,192,1,14,1,0,44,67,74]
s: 192
d: [2,200,2,11,1,0,44,134,67]
d: [2,202,2,10,1,0,22,200,134]
s: 202
d: [2,197,1,14,1,0,44,74,67]
s: 197
d: [2,198,1,14,1,0,44,74,67]
s: 198
d: [2,206,2,11,1,0,44,68,134]
d: [2,216,2,10,1,0,22,206,134]
s: 216
d: [2,204,1,14,1,0,44,68,74]
s: 204
d: [2,214,2,11,1,0,44,134,68]
d: [2,218,2,10,1,0,22,214,134]
s: 218
d: [2,205,1,14,1,0,44,68,74]
s: 205
d: [2,211,1,14,1,0,44,74,68]
s: 211
d: [2,239,2,10,1,0,44,199,67]
s: 239
d: [2,212,1,14,1,0,44,74,68]
s: 212
d: [2,240,2,10,1,0,44,199,68]
s: 240
d: [2,144,1,15,1,0,44,63,63]
s: 144
d: [2,172,1,16,1,0,44,69,63]
s: 172
d: [2,682,2,8,1,0,44,184,172]
s: 682
d: [2,175,1,16,1,0,44,69,63]
s: 175
d: [2,700,3,7,1,0,44,682,134]
s: 700
d: [2,196,1,19,1,0,44,63,67]
s: 196
d: [2,210,1,19,1,0,44,63,68]
s: 210
d: [2,753,4,7,1,0,44,700,73]
s: 753
d: [2,194,1,20,1,0,44,69,67]
s: 194
d: [2,754,4,7,1,0,44,700,73]
s: 754
d: [2,195,1,20,1,0,44,69,67]
s: 195
d: [2,208,1,20,1,0,44,69,68]
s: 208
d: [2,731,2,8,1,0,44,184,175]
s: 731
d: [2,209,1,20,1,0,44,69,68]
s: 209
d: [2,697,3,8,1,0,44,682,190]
s: 697
d: [2,245,2,10,1,0,44,213,67]
s: 245
d: [2,246,2,10,1,0,44,213,68]
s: 246
d: [2,701,3,8,1,0,44,682,63]
s: 701
d: [2,292,2,10,1,0,44,142,74]
s: 292
d: [2,702,3,8,1,0,44,682,142]
s: 702
d: [2,293,2,10,1,0,44,142,74]
s: 293
d: [2,298,2,10,1,0,44,74,142]
s: 298
d: [2,708,3,8,1,0,44,682,145]
s: 708
d: [2,299,2,10,1,0,44,74,142]
s: 299
d: [2,711,3,8,1,0,44,682,73]
s: 711
d: [2,303,2,10,1,0,44,145,74]
s: 303
d: [2,304,2,10,1,0,44,145,74]
s: 304
d: [2,712,3,8,1,0,44,682,73]
s: 712
d: [2,324,2,10,2,0,44,156,73]
s: 324
d: [2,1053,3,8,1,0,44,731,63]
s: 1053
d: [2,325,2,10,2,0,44,156,73]
s: 325
d: [2,336,2,10,3,0,44,157,111]
s: 336
d: [2,1054,3,8,1,0,44,731,142]
s: 1054
d: [2,349,2,10,2,0,44,166,73]
s: 349
d: [2,1062,3,8,1,0,44,731,145]
s: 1062
d: [2,350,2,10,2,0,44,166,73]
s: 350
d: [2,360,2,10,3,0,44,167,111]
s: 360
d: [2,1063,3,8,1,0,44,731,190]
s: 1063
d: [2,552,2,10,1,0,44,199,191]
s: 552
d: [2,1163,4,8,1,0,44,697,73]
s: 1163
d: [2,553,2,10,1,0,44,213,191]
s: 553
d: [2,535,2,11,1,0,44,191,134]
d: [2,556,2,10,1,0,22,535,134]
s: 556
d: [2,1164,4,8,1,0,44,697,73]
s: 1164
d: [2,554,2,11,1,0,44,134,191]
d: [2,558,2,10,1,0,22,554,134]
s: 558
d: [2,595,2,10,1,0,44,199,204]
s: 595
d: [2,596,2,10,1,0,44,213,204]
s: 596
d: [2,330,2,11,2,0,44,156,135]
s: 330
d: [2,322,3,10,3,0,44,156,125]
s: 322
d: [2,331,2,11,2,0,44,156,62]
s: 331
d: [2,347,3,10,3,0,44,166,125]
s: 347
d: [2,343,2,11,2,0,44,157,135]
s: 343
d: [2,344,2,11,2,0,44,157,62]
s: 344
d: [2,615,3,10,1,0,44,239,63]
s: 615
d: [2,355,2,11,2,0,44,166,135]
s: 355
d: [2,616,3,10,1,0,44,239,142]
s: 616
d: [2,356,2,11,2,0,44,166,62]
s: 356
d: [2,367,2,11,2,0,44,167,135]
s: 367
d: [2,621,3,10,1,0,44,239,145]
s: 621
d: [2,368,2,11,2,0,44,167,62]
s: 368
d: [2,627,3,10,1,0,44,240,63]
s: 627
d: [2,369,2,11,1,0,44,151,65]
s: 369
d: [2,376,2,11,1,0,44,65,151]
s: 376
d: [2,628,3,10,1,0,44,240,142]
s: 628
d: [2,393,2,11,1,0,44,160,66]
s: 393
d: [2,633,3,10,1,0,44,240,145]
s: 633
d: [2,401,2,11,1,0,44,66,160]
s: 401
d: [2,433,2,11,1,0,44,170,69]
s: 433
d: [2,1512,3,9,1,0,44,433,469]
s: 1512
d: [2,439,2,11,1,0,44,69,170]
s: 439
d: [2,1521,3,9,1,0,44,433,469]
s: 1521
d: [2,467,2,11,1,0,44,173,170]
s: 467
d: [2,468,2,11,1,0,44,173,69]
s: 468
d: [2,1532,3,9,1,0,44,469,433]
s: 1532
d: [2,474,2,11,1,0,44,170,173]
s: 474
d: [2,1542,3,9,1,0,44,469,433]
s: 1542
d: [2,475,2,11,1,0,44,69,173]
s: 475
d: [2,504,2,11,1,0,44,177,173]
s: 504
d: [2,1169,3,10,1,0,44,245,63]
s: 1169
d: [2,505,2,11,1,0,44,177,170]
s: 505
d: [2,1170,3,10,1,0,44,245,142]
s: 1170
d: [2,506,2,11,1,0,44,177,69]
s: 506
d: [2,512,2,11,1,0,44,173,177]
s: 512
d: [2,1178,3,10,1,0,44,245,145]
s: 1178
d: [2,513,2,11,1,0,44,170,177]
s: 513
d: [2,1184,3,10,1,0,44,246,63]
s: 1184
d: [2,514,2,11,1,0,44,69,177]
s: 514
d: [2,881,2,11,1,0,44,184,194]
s: 881
d: [2,1856,3,10,1,0,44,881,134]
d: [2,1873,3,9,1,0,22,1856,201]
s: 1873
d: [2,946,2,11,1,0,44,184,195]
s: 946
d: [2,1896,3,10,1,0,44,946,134]
d: [2,1927,3,9,1,0,22,1896,201]
s: 1927
d: [2,1017,2,11,1,0,44,184,208]
s: 1017
d: [2,1111,2,11,1,0,44,184,209]
s: 1111
d: [2,1891,4,9,1,0,44,1873,73]
s: 1891
d: [2,186,2,12,1,0,44,69,134]
s: 186
d: [2,2057,3,7,1,0,44,184,186]
s: 2057
r: 1873
r: 1063
d: [2,187,2,12,1,0,44,69,134]
s: 187
d: [2,419,2,12,1,0,44,170,134]
s: 419
d: [2,2166,3,7,1,0,44,184,187]
s: 2166
r: 1927
r: 697
d: [2,427,2,12,1,0,44,170,134]
s: 427
d: [2,2121,4,7,1,0,44,2057,73]
s: 2121
d: [2,453,2,12,1,0,44,173,134]
s: 453
d: [2,461,2,12,1,0,44,173,134]
s: 461
d: [2,2122,4,7,1,0,44,2057,73]
s: 2122
d: [2,490,2,12,1,0,44,177,134]
s: 490
d: [2,2035,3,11,1,0,44,186,134]
d: [2,2093,3,9,1,0,22,2035,62]
s: 2093
d: [2,498,2,12,1,0,44,177,134]
s: 498
d: [2,222,2,13,2,0,44,111,65]
s: 222
d: [2,2144,3,11,1,0,44,187,134]
d: [2,2204,3,9,1,0,22,2144,62]
s: 2204
d: [2,223,2,13,2,0,44,111,66]
s: 223
d: [2,2259,3,11,1,0,44,427,134]
d: [2,2328,3,9,1,0,22,2259,62]
s: 2328
d: [2,231,2,13,2,0,44,65,111]
s: 231
d: [2,232,2,13,2,0,44,66,111]
s: 232
d: [2,2367,3,11,1,0,44,453,134]
d: [2,2438,3,9,1,0,22,2367,62]
s: 2438
d: [2,373,2,13,2,0,44,151,111]
s: 373
d: [2,2460,3,11,1,0,44,490,134]
d: [2,2538,3,9,1,0,22,2460,62]
s: 2538
d: [2,383,2,13,2,0,44,111,151]
s: 383
d: [2,396,2,13,2,0,44,160,111]
s: 396
d: [2,1892,4,9,1,0,44,1873,73]
s: 1892
d: [2,407,2,13,2,0,44,111,160]
s: 407
d: [2,2581,4,9,1,0,44,2093,504]
s: 2581
d: [2,425,2,13,1,0,44,170,74]
s: 425
d: [2,426,2,13,1,0,44,170,74]
s: 426
d: [2,2582,4,9,1,0,44,2093,504]
s: 2582
d: [2,437,2,13,1,0,44,170,73]
s: 437
d: [2,2583,4,9,1,0,44,2093,506]
s: 2583
d: [2,438,2,13,1,0,44,170,73]
s: 438
d: [2,441,2,13,1,0,44,73,170]
s: 441
d: [2,2584,4,9,1,0,44,2093,506]
s: 2584
d: [2,442,2,13,1,0,44,73,170]
s: 442
d: [2,2597,4,9,1,0,44,504,2093]
s: 2597
d: [2,451,2,13,1,0,44,173,74]
s: 451
d: [2,452,2,13,1,0,44,173,74]
s: 452
d: [2,2598,4,9,1,0,44,504,2093]
s: 2598
d: [2,472,2,13,1,0,44,173,73]
s: 472
d: [2,2599,4,9,1,0,44,506,2093]
s: 2599
d: [2,473,2,13,1,0,44,173,73]
s: 473
d: [2,477,2,13,1,0,44,73,173]
s: 477
d: [2,2600,4,9,1,0,44,506,2093]
s: 2600
d: [2,478,2,13,1,0,44,73,173]
s: 478
d: [2,1185,3,10,1,0,44,246,142]
s: 1185
d: [2,488,2,13,1,0,44,177,74]
s: 488
d: [2,489,2,13,1,0,44,177,74]
s: 489
d: [2,1193,3,10,1,0,44,246,145]
s: 1193
d: [2,496,2,13,1,0,44,177,74]
s: 496
d: [2,1244,3,10,1,0,44,239,292]
s: 1244
d: [2,497,2,13,1,0,44,177,74]
s: 497
d: [2,531,2,13,1,0,44,191,67]
s: 531
d: [2,1245,3,10,1,0,44,240,292]
s: 1245
d: [2,536,2,13,1,0,44,67,191]
s: 536
d: [2,1246,3,10,1,0,44,245,292]
s: 1246
d: [2,574,2,13,1,0,44,204,68]
s: 574
d: [2,580,2,13,1,0,44,68,204]
s: 580
d: [2,1247,3,10,1,0,44,246,292]
s: 1247
d: [2,288,2,14,1,0,44,142,63]
s: 288
d: [2,1842,3,10,1,0,44,881,134]
s: 1842
d: [2,289,2,14,1,0,44,142,142]
s: 289
d: [2,310,2,14,1,0,44,145,145]
s: 310
d: [2,1910,3,10,1,0,44,946,134]
s: 1910
d: [2,311,2,14,1,0,44,63,145]
s: 311
d: [2,1950,3,10,1,0,44,1017,134]
s: 1950
d: [2,326,2,14,2,0,44,156,69]
s: 326
d: [2,327,2,14,2,0,44,156,65]
s: 327
d: [2,1998,3,10,1,0,44,1111,134]
s: 1998
d: [2,328,2,14,2,0,44,156,66]
s: 328
d: [2,2111,4,10,1,0,44,2057,191]
s: 2111
d: [2,339,2,14,2,0,44,157,69]
s: 339
d: [2,340,2,14,2,0,44,157,65]
s: 340
d: [2,2112,4,10,1,0,44,2057,67]
s: 2112
d: [2,341,2,14,2,0,44,157,66]
s: 341
d: [2,2113,4,10,1,0,44,2057,204]
s: 2113
d: [2,351,2,14,2,0,44,166,69]
s: 351
d: [2,352,2,14,2,0,44,166,65]
s: 352
d: [2,2114,4,10,1,0,44,2057,68]
s: 2114
d: [2,353,2,14,2,0,44,166,66]
s: 353
d: [2,2225,4,10,1,0,44,2166,191]
s: 2225
d: [2,363,2,14,2,0,44,167,69]
s: 363
d: [2,364,2,14,2,0,44,167,65]
s: 364
d: [2,2226,4,10,1,0,44,2166,67]
s: 2226
d: [2,365,2,14,2,0,44,167,66]
s: 365
d: [2,2227,4,10,1,0,44,2166,204]
s: 2227
d: [2,385,2,14,2,0,44,156,151]
s: 385
d: [2,386,2,14,2,0,44,157,151]
s: 386
d: [2,2228,4,10,1,0,44,2166,68]
s: 2228
d: [2,387,2,14,2,0,44,166,151]
s: 387
d: [2,3480,4,10,1,0,44,1842,63]
s: 3480
d: [2,388,2,14,2,0,44,167,151]
s: 388
d: [2,409,2,14,2,0,44,156,160]
s: 409
d: [2,3481,4,10,1,0,44,1842,142]
s: 3481
d: [2,410,2,14,2,0,44,157,160]
s: 410
d: [2,3490,4,10,1,0,44,1842,145]
s: 3490
d: [2,411,2,14,2,0,44,166,160]
s: 411
d: [2,412,2,14,2,0,44,167,160]
s: 412
d: [2,3491,4,10,1,0,44,1842,292]
s: 3491
d: [2,447,2,14,2,0,44,156,170]
s: 447
d: [2,3496,4,10,1,0,44,1842,73]
s: 3496
d: [2,448,2,14,2,0,44,157,170]
s: 448
d: [2,449,2,14,2,0,44,166,170]
s: 449
d: [2,3497,4,10,1,0,44,1842,73]
s: 3497
d: [2,450,2,14,2,0,44,167,170]
s: 450
d: [2,3655,4,10,1,0,44,1910,63]
s: 3655
d: [2,483,2,14,2,0,44,156,173]
s: 483
d: [2,484,2,14,2,0,44,157,173]
s: 484
d: [2,3656,4,10,1,0,44,1910,142]
s: 3656
d: [2,485,2,14,2,0,44,166,173]
s: 485
d: [2,3666,4,10,1,0,44,1910,145]
s: 3666
d: [2,486,2,14,2,0,44,167,173]
s: 486
d: [2,522,2,14,2,0,44,156,177]
s: 522
d: [2,3667,4,10,1,0,44,1910,292]
s: 3667
d: [2,523,2,14,2,0,44,157,177]
s: 523
d: [2,3680,4,10,1,0,44,1950,63]
s: 3680
d: [2,524,2,14,2,0,44,166,177]
s: 524
d: [2,525,2,14,2,0,44,167,177]
s: 525
d: [2,3681,4,10,1,0,44,1950,142]
s: 3681
d: [2,294,2,15,1,0,44,63,142]
s: 294
d: [2,3691,4,10,1,0,44,1950,145]
s: 3691
d: [2,306,2,15,1,0,44,145,63]
s: 306
d: [2,307,2,15,1,0,44,145,142]
s: 307
d: [2,3692,4,10,1,0,44,1950,292]
s: 3692
d: [2,315,2,15,1,0,44,142,145]
s: 315
d: [2,3698,4,10,1,0,44,1950,73]
s: 3698
d: [2,637,2,15,1,0,44,144,74]
s: 637
d: [2,638,2,15,1,0,44,144,74]
s: 638
d: [2,3699,4,10,1,0,44,1950,73]
s: 3699
d: [2,670,2,15,1,0,44,172,134]
d: [2,686,2,15,1,0,22,670,190]
s: 686
d: [2,3788,4,10,1,0,44,1998,63]
s: 3788
d: [2,715,2,15,1,0,44,175,134]
d: [2,733,2,15,1,0,22,715,190]
s: 733
d: [2,295,2,16,1,0,44,69,142]
s: 295
d: [2,3789,4,10,1,0,44,1998,142]
s: 3789
d: [2,296,2,16,1,0,44,69,142]
s: 296
d: [2,3799,4,10,1,0,44,1998,145]
s: 3799
d: [2,312,2,16,1,0,44,69,145]
s: 312
d: [2,313,2,16,1,0,44,69,145]
s: 313
d: [2,3800,4,10,1,0,44,1998,292]
s: 3800
d: [2,420,2,16,1,0,44,170,63]
s: 420
d: [2,4230,5,10,1,0,44,3480,73]
s: 4230
d: [2,421,2,16,1,0,44,170,142]
s: 421
d: [2,424,2,16,1,0,44,170,145]
s: 424
d: [2,4231,5,10,1,0,44,3480,73]
s: 4231
d: [2,428,2,16,1,0,44,170,63]
s: 428
d: [2,4404,5,10,1,0,44,3680,73]
s: 4404
d: [2,429,2,16,1,0,44,170,142]
s: 429
d: [2,432,2,16,1,0,44,170,145]
s: 432
d: [2,4405,5,10,1,0,44,3680,73]
s: 4405
d: [2,454,2,16,1,0,44,173,63]
s: 454
d: [2,703,3,11,1,0,44,682,191]
s: 703
d: [2,455,2,16,1,0,44,173,142]
s: 455
d: [2,458,2,16,1,0,44,173,145]
s: 458
d: [2,704,3,11,1,0,44,682,67]
s: 704
d: [2,462,2,16,1,0,44,173,63]
s: 462
d: [2,705,3,11,1,0,44,682,204]
s: 705
d: [2,463,2,16,1,0,44,173,142]
s: 463
d: [2,466,2,16,1,0,44,173,145]
s: 466
d: [2,706,3,11,1,0,44,682,68]
s: 706
d: [2,491,2,16,1,0,44,177,63]
s: 491
d: [2,707,3,11,1,0,44,682,144]
s: 707
d: [2,492,2,16,1,0,44,177,142]
s: 492
d: [2,495,2,16,1,0,44,177,145]
s: 495
d: [2,1057,3,11,1,0,44,731,191]
s: 1057
d: [2,499,2,16,1,0,44,177,63]
s: 499
d: [2,1058,3,11,1,0,44,731,67]
s: 1058
d: [2,500,2,16,1,0,44,177,142]
s: 500
d: [2,503,2,16,1,0,44,177,145]
s: 503
d: [2,1059,3,11,1,0,44,731,204]
s: 1059
d: [2,668,2,16,1,0,44,172,74]
s: 668
d: [2,1060,3,11,1,0,44,731,68]
s: 1060
d: [2,669,2,16,1,0,44,172,74]
s: 669
d: [2,713,2,16,1,0,44,175,74]
s: 713
d: [2,1061,3,11,1,0,44,731,144]
s: 1061
d: [2,714,2,16,1,0,44,175,74]
s: 714
d: [2,1273,3,11,2,0,44,330,74]
s: 1273
d: [2,889,2,18,2,0,44,156,194]
s: 889
d: [2,891,2,18,2,0,44,166,194]
s: 891
d: [2,1274,3,11,2,0,44,330,74]
s: 1274
d: [2,863,2,19,1,0,44,194,134]
d: [2,899,2,18,1,0,22,863,201]
s: 899
d: [2,1304,3,11,2,0,44,355,74]
s: 1304
d: [2,956,2,18,2,0,44,157,195]
s: 956
d: [2,958,2,18,2,0,44,167,195]
s: 958
d: [2,1305,3,11,2,0,44,355,74]
s: 1305
d: [2,915,2,19,1,0,44,195,134]
d: [2,966,2,18,1,0,22,915,201]
s: 966
d: [2,1336,3,11,2,0,44,369,125]
s: 1336
d: [2,1025,2,18,2,0,44,156,208]
s: 1025
d: [2,1027,2,18,2,0,44,166,208]
s: 1027
d: [2,7549,4,9,2,0,44,1336,117]
s: 7549
d: [2,997,2,19,1,0,44,208,134]
d: [2,1039,2,18,1,0,22,997,201]
s: 1039
d: [2,7637,5,10,3,0,44,354,7549]
a: [3,7773,5,4,1,7637]
s: 7773
d: [2,1122,2,18,2,0,44,157,209]
s: 1122
d: [2,1124,2,18,2,0,44,167,209]
s: 1124
d: [2,7737,5,10,3,0,44,354,7549]
a: [3,7794,5,6,2,7737]
s: 7794
d: [2,1079,2,19,1,0,44,209,134]
d: [2,1136,2,18,1,0,22,1079,201]
s: 1136
d: [2,7815,6,10,3,1,44,7794,1336]
d: [2,7825,6,8,2,1,21,7815,75]
s: 7825
d: [2,290,2,19,1,0,44,142,67]
s: 290
d: [2,291,2,19,1,0,44,142,68]
s: 291
d: [2,7830,7,8,2,1,44,7825,73]
s: 7830
d: [2,308,2,19,1,0,44,145,67]
s: 308
d: [2,7831,7,8,2,1,44,7825,73]
s: 7831
d: [2,309,2,19,1,0,44,145,68]
s: 309
d: [2,538,2,19,1,0,44,63,191]
s: 538
d: [2,7818,6,10,2,1,44,7794,369]
s: 7818
d: [2,544,2,19,1,0,44,142,191]
s: 544
d: [2,7819,6,10,2,1,44,7794,369]
s: 7819
d: [2,545,2,19,1,0,44,145,191]
s: 545
d: [2,581,2,19,1,0,44,63,204]
s: 581
d: [2,1337,3,11,2,0,44,369,111]
s: 1337
d: [2,587,2,19,1,0,44,142,204]
s: 587
d: [2,1354,3,11,2,0,44,369,125]
s: 1354
d: [2,588,2,19,1,0,44,145,204]
s: 588
d: [2,647,2,19,1,0,44,144,145]
s: 647
d: [2,1355,3,11,2,0,44,369,111]
s: 1355
d: [2,756,2,19,1,0,44,196,74]
s: 756
d: [2,1352,3,13,1,0,44,369,62]
d: [2,1412,3,11,1,0,22,1352,62]
s: 1412
r: 574
d: [2,757,2,19,1,0,44,196,74]
s: 757
d: [2,769,2,19,1,0,44,196,74]
s: 769
d: [2,8976,4,15,2,0,44,356,1412]
d: [2,9053,4,8,1,0,21,8976,213]
s: 9053
d: [2,770,2,19,1,0,44,196,74]
s: 770
d: [2,8977,4,15,2,0,44,355,1412]
d: [2,9054,4,8,1,0,21,8977,213]
s: 9054
d: [2,775,2,19,1,0,44,74,196]
s: 775
d: [2,776,2,19,1,0,44,74,196]
s: 776
d: [2,9027,4,15,2,0,44,356,1412]
d: [2,9055,4,8,1,0,21,9027,213]
s: 9055
d: [2,795,2,19,1,0,44,210,74]
s: 795
d: [2,9028,4,15,2,0,44,355,1412]
d: [2,9056,4,8,1,0,21,9028,213]
s: 9056
d: [2,796,2,19,1,0,44,210,74]
s: 796
d: [2,809,2,19,1,0,44,210,74]
s: 809
d: [2,9060,5,8,1,0,44,9053,63]
s: 9060
d: [2,810,2,19,1,0,44,210,74]
s: 810
d: [2,9061,5,8,1,0,44,9053,142]
s: 9061
d: [2,815,2,19,1,0,44,74,210]
s: 815
d: [2,816,2,19,1,0,44,74,210]
s: 816
d: [2,9075,5,8,1,0,44,9053,145]
s: 9075
d: [2,850,2,19,1,0,44,194,134]
s: 850
d: [2,9076,5,8,1,0,44,9053,292]
s: 9076
d: [2,928,2,19,1,0,44,195,134]
s: 928
d: [2,984,2,19,1,0,44,208,134]
s: 984
d: [2,9087,5,8,1,0,44,9053,63]
s: 9087
d: [2,1092,2,19,1,0,44,209,134]
s: 1092
d: [2,9088,5,8,1,0,44,9053,142]
s: 9088
d: [2,422,2,20,1,0,44,170,67]
s: 422
d: [2,423,2,20,1,0,44,170,68]
s: 423
d: [2,9102,5,8,1,0,44,9053,145]
s: 9102
d: [2,430,2,20,1,0,44,170,67]
s: 430
d: [2,9103,5,8,1,0,44,9053,292]
s: 9103
d: [2,431,2,20,1,0,44,170,68]
s: 431
d: [2,456,2,20,1,0,44,173,67]
s: 456
d: [2,9118,6,8,1,0,44,9060,63]
s: 9118
d: [2,457,2,20,1,0,44,173,68]
s: 457
d: [2,9119,6,8,1,0,44,9060,142]
s: 9119
d: [2,464,2,20,1,0,44,173,67]
s: 464
d: [2,465,2,20,1,0,44,173,68]
s: 465
d: [2,9133,6,8,1,0,44,9060,145]
s: 9133
d: [2,493,2,20,1,0,44,177,67]
s: 493
d: [2,9134,6,8,1,0,44,9060,292]
s: 9134
d: [2,494,2,20,1,0,44,177,68]
s: 494
d: [2,501,2,20,1,0,44,177,67]
s: 501
d: [2,9599,6,8,1,0,44,9087,63]
s: 9599
d: [2,502,2,20,1,0,44,177,68]
s: 502
d: [2,9600,6,8,1,0,44,9087,142]
s: 9600
d: [2,539,2,20,1,0,44,69,191]
s: 539
d: [2,540,2,20,1,0,44,69,191]
s: 540
d: [2,9614,6,8,1,0,44,9087,145]
s: 9614
d: [2,546,2,20,1,0,44,170,191]
s: 546
r: 7773
r: 7830
r: 7825
r: 7818
r: 7794
a: [3,7791,5,4,1,7737]
s: 7791
d: [2,547,2,20,1,0,44,170,191]
s: 547
d: [2,548,2,20,1,0,44,173,191]
s: 548
a: [3,7770,5,6,2,7637]
s: 7770
d: [2,549,2,20,1,0,44,173,191]
s: 549
d: [2,7738,5,12,4,0,44,360,7549]
a: [3,7798,5,6,2,7738]
s: 7798
d: [2,550,2,20,1,0,44,177,191]
s: 550
d: [2,551,2,20,1,0,44,177,191]
s: 551
d: [2,14435,6,6,2,1,44,7791,61]
s: 14435
d: [2,582,2,20,1,0,44,69,204]
s: 582
d: [2,7638,5,12,4,0,44,360,7549]
a: [3,7777,5,8,3,7638]
s: 7777
d: [2,583,2,20,1,0,44,69,204]
s: 583
d: [2,589,2,20,1,0,44,170,204]
s: 589
d: [2,9615,6,8,1,0,44,9087,292]
s: 9615
d: [2,590,2,20,1,0,44,170,204]
s: 590
d: [2,14850,6,8,2,1,40,7770,157]
s: 14850
d: [2,591,2,20,1,0,44,173,204]
s: 591
d: [2,592,2,20,1,0,44,173,204]
s: 592
d: [2,14851,6,8,2,1,40,7770,156]
s: 14851
d: [2,593,2,20,1,0,44,177,204]
s: 593
d: [2,14856,6,10,3,1,44,7770,1337]
d: [2,14866,6,8,2,1,21,14856,76]
s: 14866
d: [2,594,2,20,1,0,44,177,204]
s: 594
d: [2,640,2,20,1,0,44,144,63]
s: 640
d: [2,14857,6,10,3,1,44,7770,1336]
d: [2,14867,6,8,2,1,21,14857,75]
s: 14867
d: [2,641,2,20,1,0,44,144,142]
s: 641
r: 14851
r: 14850
r: 7770
r: 7777
r: 14435
r: 7791
r: 7798
s: 7773
d: [2,648,2,20,1,0,44,63,144]
s: 648
d: [2,653,2,20,1,0,44,145,144]
s: 653
a: [3,7790,5,4,1,7737]
s: 7790
d: [2,678,2,20,1,0,44,172,145]
s: 678
s: 7794
d: [2,723,2,20,1,0,44,175,145]
s: 723
d: [2,848,2,20,1,0,44,194,74]
s: 848
d: [2,18246,6,10,3,1,44,7794,1337]
d: [2,18257,6,8,2,1,21,18246,76]
s: 18257
d: [2,849,2,20,1,0,44,194,74]
s: 849
d: [2,18247,6,10,3,1,44,7794,1336]
d: [2,18258,6,8,2,1,21,18247,75]
s: 18258
d: [2,861,2,20,1,0,44,194,74]
s: 861
d: [2,862,2,20,1,0,44,194,74]
s: 862
d: [2,18264,7,8,2,1,44,18257,73]
s: 18264
d: [2,876,2,20,1,0,44,194,73]
s: 876
d: [2,18265,7,8,2,1,44,18257,73]
s: 18265
d: [2,877,2,20,1,0,44,194,73]
s: 877
d: [2,883,2,20,1,0,44,73,194]
s: 883
d: [2,18250,6,10,2,1,44,7794,369]
s: 18250
d: [2,884,2,20,1,0,44,73,194]
s: 884
d: [2,18251,6,10,2,1,44,7794,369]
s: 18251
d: [2,913,2,20,1,0,44,195,74]
s: 913
d: [2,914,2,20,1,0,44,195,74]
s: 914
d: [2,1370,3,13,1,0,44,369,62]
d: [2,1418,3,11,1,0,22,1370,62]
s: 1418
d: [2,926,2,20,1,0,44,195,74]
s: 926
d: [2,1420,3,11,2,0,44,393,125]
s: 1420
d: [2,927,2,20,1,0,44,195,74]
s: 927
d: [2,941,2,20,1,0,44,195,73]
s: 941
d: [2,18511,4,12,3,0,44,329,1420]
d: [2,18548,4,6,2,1,21,18511,7773]
a: [3,18551,4,2,1,18548]
s: 18551
r: 102
r: 59
r: 3680
r: 1950
r: 3480
r: 1842
r: 2166
r: 753
r: 700
r: 701
r: 705
r: 703
r: 682
r: 1059
r: 1057
r: 3788
r: 1998
r: 3655
r: 1910
r: 1111
r: 946
r: 2057
r: 1017
r: 881
r: 731
r: 75
r: 76
r: 184
r: 70
r: 627
r: 240
r: 615
r: 239
r: 238
r: 199
r: 7773
r: 156
r: 157
r: 18250
r: 326
r: 339
r: 447
r: 484
r: 9118
r: 9060
r: 244
r: 328
r: 341
r: 327
r: 340
r: 1184
r: 246
r: 1169
r: 245
r: 213
r: 9087
r: 9053
r: 330
r: 331
r: 166
r: 167
r: 351
r: 363
r: 449
r: 486
r: 353
r: 365
r: 352
r: 364
r: 355
r: 356
r: 18258
r: 18257
r: 396
r: 373
r: 354
r: 329
r: 223
r: 222
r: 71
r: 7794
r: 7549
r: 1420
r: 1337
r: 1336
r: 360
r: 336
r: 125
r: 111
r: 64
r: 61
d: [2,18560,5,0,0,2,40,18551,92]
e: 18560
d: [2,18559,5,0,0,2,40,18551,107]
e: 18559
d: [2,18558,5,0,0,2,52,107,18551]
e: 18558
r: 18551
s: 102
s: 59
s: 70
s: 71
a: [3,18554,4,4,1,18548]
s: 18554
s: 61
s: 7773
s: 75
s: 76
s: 184
s: 64
d: [2,18610,1,6,2,0,44,75,73]
s: 18610
d: [2,18611,1,6,2,0,44,75,73]
s: 18611
d: [2,18612,1,10,2,0,44,75,69]
d: [2,18656,1,6,1,0,21,18612,71]
s: 18656
d: [2,18697,1,10,2,0,44,76,69]
d: [2,18741,1,6,1,0,21,18697,71]
s: 18741
s: 111
d: [2,18613,2,10,2,0,44,75,170]
d: [2,18657,2,6,1,0,21,18613,71]
s: 18657
s: 199
s: 213
d: [2,18614,2,10,2,0,44,75,173]
d: [2,18658,2,6,1,0,21,18614,71]
s: 18658
d: [2,18575,1,7,1,0,44,71,67]
s: 18575
d: [2,18615,2,10,2,0,44,75,177]
d: [2,18659,2,6,1,0,21,18615,71]
s: 18659
d: [2,18577,1,7,1,0,44,71,68]
s: 18577
d: [2,18604,1,7,3,0,44,61,61]
s: 18604
d: [2,18698,2,10,2,0,44,76,170]
d: [2,18742,2,6,1,0,21,18698,71]
s: 18742
d: [2,18605,1,7,2,0,44,60,61]
s: 18605
d: [2,18699,2,10,2,0,44,76,173]
d: [2,18743,2,6,1,0,21,18699,71]
s: 18743
s: 156
s: 157
d: [2,18700,2,10,2,0,44,76,177]
d: [2,18744,2,6,1,0,21,18700,71]
s: 18744
s: 166
d: [2,18616,3,10,2,0,44,75,425]
d: [2,18660,3,6,1,0,21,18616,71]
s: 18660
s: 167
s: 125
d: [2,18617,3,10,2,0,44,75,437]
d: [2,18661,3,6,1,0,21,18617,71]
s: 18661
s: 238
d: [2,18618,3,10,2,0,44,75,472]
d: [2,18662,3,6,1,0,21,18618,71]
s: 18662
s: 244
d: [2,18574,2,7,1,0,44,71,191]
s: 18574
d: [2,18631,3,9,2,0,44,75,498]
d: [2,18675,3,6,1,0,21,18631,59]
s: 18675
d: [2,18576,2,7,1,0,44,71,204]
s: 18576
d: [2,18632,3,9,2,0,44,75,427]
d: [2,18676,3,6,1,0,21,18632,59]
s: 18676
d: [2,18607,2,7,2,0,44,117,61]
s: 18607
d: [2,18848,2,7,2,0,44,111,73]
s: 18848
d: [2,18633,3,9,2,0,44,75,186]
d: [2,18677,3,6,1,0,21,18633,59]
s: 18677
d: [2,18849,2,7,2,0,44,111,73]
s: 18849
d: [2,18653,3,10,2,0,44,75,490]
d: [2,18690,3,6,1,0,21,18653,71]
s: 18690
d: [2,18894,2,7,2,0,44,73,111]
s: 18894
d: [2,18895,2,7,2,0,44,73,111]
s: 18895
d: [2,18654,3,10,2,0,44,75,453]
d: [2,18691,3,6,1,0,21,18654,71]
s: 18691
s: 329
d: [2,18655,3,10,2,0,44,75,187]
d: [2,18692,3,6,1,0,21,18655,71]
s: 18692
s: 354
s: 682
d: [2,18701,3,10,2,0,44,76,425]
d: [2,18745,3,6,1,0,21,18701,71]
s: 18745
s: 731
d: [2,18702,3,10,2,0,44,76,437]
d: [2,18746,3,6,1,0,21,18702,71]
s: 18746
d: [2,18797,2,8,1,0,44,184,175]
s: 18797
d: [2,18826,2,8,1,0,44,184,172]
s: 18826
d: [2,18703,3,10,2,0,44,76,472]
d: [2,18747,3,6,1,0,21,18703,71]
s: 18747
s: 239
d: [2,18716,3,10,2,0,44,76,498]
d: [2,18760,3,6,1,0,21,18716,71]
s: 18760
s: 240
s: 245
d: [2,18717,3,10,2,0,44,76,427]
d: [2,18761,3,6,1,0,21,18717,71]
s: 18761
s: 246
d: [2,18718,3,10,2,0,44,76,186]
d: [2,18762,3,6,1,0,21,18718,71]
s: 18762
s: 336
s: 360
d: [2,18738,3,9,2,0,44,76,490]
d: [2,18775,3,6,1,0,21,18738,59]
s: 18775
d: [2,18624,2,17,2,0,44,75,194]
d: [2,18668,2,10,1,1,21,18624,18554]
s: 18668
d: [2,18739,3,9,2,0,44,76,453]
d: [2,18776,3,6,1,0,21,18739,59]
s: 18776
d: [2,18630,2,17,2,0,44,75,208]
d: [2,18674,2,10,1,1,21,18630,18554]
s: 18674
d: [2,18643,2,14,2,0,44,75,195]
d: [2,18683,2,10,1,0,21,18643,71]
s: 18683
d: [2,18740,3,9,2,0,44,76,187]
d: [2,18777,3,6,1,0,21,18740,59]
s: 18777
d: [2,18649,2,14,2,0,44,75,209]
d: [2,18689,2,10,1,0,21,18649,71]
s: 18689
s: 7794
d: [2,18709,2,14,2,0,44,76,194]
d: [2,18753,2,10,1,0,21,18709,71]
s: 18753
d: [2,18715,2,14,2,0,44,76,208]
d: [2,18759,2,10,1,0,21,18715,71]
s: 18759
s: 700
d: [2,18728,2,17,2,0,44,76,195]
d: [2,18768,2,10,1,1,21,18728,18554]
s: 18768
s: 2057
d: [2,18734,2,17,2,0,44,76,209]
d: [2,18774,2,10,1,1,21,18734,18554]
s: 18774
s: 330
s: 2166
s: 331
d: [2,18792,3,7,1,0,44,184,490]
s: 18792
s: 355
s: 356
d: [2,18793,3,7,1,0,44,184,427]
s: 18793
s: 881
d: [2,18794,3,7,1,0,44,184,186]
s: 18794
s: 946
s: 1017
d: [2,18817,3,7,1,0,44,184,498]
s: 18817
s: 1111
d: [2,18818,3,7,1,0,44,184,453]
s: 18818
d: [2,18806,2,11,1,0,44,184,194]
s: 18806
d: [2,18812,2,11,1,0,44,184,208]
s: 18812
d: [2,18819,3,7,1,0,44,184,187]
s: 18819
d: [2,18835,2,11,1,0,44,184,195]
s: 18835
d: [2,19049,3,7,1,0,44,682,134]
s: 19049
d: [2,18841,2,11,1,0,44,184,209]
s: 18841
s: 222
d: [2,19083,3,7,1,0,44,731,134]
s: 19083
s: 223
s: 753
s: 373
s: 396
d: [2,19119,4,7,1,0,44,700,73]
s: 19119
s: 326
d: [2,19120,4,7,1,0,44,700,73]
s: 19120
s: 327
s: 328
d: [2,19157,4,7,1,0,44,2057,73]
s: 19157
s: 339
d: [2,19158,4,7,1,0,44,2057,73]
s: 19158
s: 340
s: 341
d: [2,19163,4,7,1,0,44,2166,63]
s: 19163
s: 351
d: [2,19164,4,7,1,0,44,2166,142]
s: 19164
s: 352
s: 353
d: [2,19180,4,7,1,0,44,2166,145]
s: 19180
s: 363
d: [2,19181,4,7,1,0,44,2166,292]
s: 19181
s: 364
s: 365
s: 701
s: 447
d: [2,18795,3,8,1,0,44,184,491]
s: 18795
s: 449
s: 484
d: [2,18796,3,8,1,0,44,184,428]
s: 18796
s: 486
d: [2,18798,3,8,1,0,44,184,492]
s: 18798
d: [2,942,2,20,1,0,44,195,73]
s: 942
d: [2,949,2,20,1,0,44,73,195]
s: 949
d: [2,18799,3,8,1,0,44,184,429]
s: 18799
d: [2,950,2,20,1,0,44,73,195]
s: 950
d: [2,18800,3,8,1,0,44,184,296]
s: 18800
d: [2,982,2,20,1,0,44,208,74]
s: 982
d: [2,983,2,20,1,0,44,208,74]
s: 983
d: [2,18813,3,8,1,0,44,184,495]
s: 18813
d: [2,995,2,20,1,0,44,208,74]
s: 995
d: [2,18814,3,8,1,0,44,184,432]
s: 18814
d: [2,996,2,20,1,0,44,208,74]
s: 996
d: [2,1010,2,20,1,0,44,208,73]
s: 1010
d: [2,18815,3,8,1,0,44,184,313]
s: 18815
d: [2,1011,2,20,1,0,44,208,73]
s: 1011
d: [2,18816,3,8,1,0,44,184,463]
s: 18816
d: [2,1019,2,20,1,0,44,73,208]
s: 1019
d: [2,1020,2,20,1,0,44,73,208]
s: 1020
d: [2,18824,3,8,1,0,44,184,499]
s: 18824
d: [2,1077,2,20,1,0,44,209,74]
s: 1077
d: [2,18825,3,8,1,0,44,184,454]
s: 18825
d: [2,1078,2,20,1,0,44,209,74]
s: 1078
d: [2,1090,2,20,1,0,44,209,74]
s: 1090
d: [2,18827,3,8,1,0,44,184,500]
s: 18827
d: [2,1091,2,20,1,0,44,209,74]
s: 1091
d: [2,18828,3,8,1,0,44,184,455]
s: 18828
d: [2,1105,2,20,1,0,44,209,73]
s: 1105
d: [2,1106,2,20,1,0,44,209,73]
s: 1106
d: [2,18829,3,8,1,0,44,184,295]
s: 18829
d: [2,1115,2,20,1,0,44,73,209]
s: 1115
d: [2,18844,3,8,1,0,44,184,503]
s: 18844
d: [2,1116,2,20,1,0,44,73,209]
s: 1116
d: [2,18238,2,20,1,0,22,678,433]
s: 18238
d: [2,18845,3,8,1,0,44,184,458]
s: 18845
d: [2,18259,2,20,1,0,22,723,468]
s: 18259
d: [2,18846,3,8,1,0,44,184,312]
s: 18846
d: [2,649,2,21,1,0,44,69,144]
s: 649
d: [2,650,2,21,1,0,44,69,144]
s: 650
d: [2,18847,3,8,1,0,44,184,421]
s: 18847
d: [2,652,2,21,1,0,44,142,144]
s: 652
d: [2,19046,3,8,1,0,44,682,190]
s: 19046
d: [2,654,2,21,1,0,44,170,144]
s: 654
d: [2,655,2,21,1,0,44,170,144]
s: 655
d: [2,19050,3,8,1,0,44,682,63]
s: 19050
d: [2,656,2,21,1,0,44,173,144]
s: 656
d: [2,19051,3,8,1,0,44,682,142]
s: 19051
d: [2,657,2,21,1,0,44,173,144]
s: 657
d: [2,658,2,21,1,0,44,177,144]
s: 658
d: [2,19067,3,8,1,0,44,682,145]
s: 19067
d: [2,659,2,21,1,0,44,177,144]
s: 659
d: [2,19068,3,8,1,0,44,682,292]
s: 19068
d: [2,671,2,21,1,0,44,172,63]
s: 671
d: [2,672,2,21,1,0,44,172,142]
s: 672
d: [2,19079,3,8,1,0,44,682,73]
s: 19079
d: [2,716,2,21,1,0,44,175,63]
s: 716
d: [2,19080,3,8,1,0,44,682,73]
s: 19080
d: [2,717,2,21,1,0,44,175,142]
s: 717
d: [2,890,2,21,2,0,44,157,194]
s: 890
d: [2,19084,3,8,1,0,44,731,63]
s: 19084
d: [2,892,2,21,2,0,44,167,194]
s: 892
d: [2,19085,3,8,1,0,44,731,142]
s: 19085
d: [2,955,2,21,2,0,44,156,195]
s: 955
d: [2,957,2,21,2,0,44,166,195]
s: 957
d: [2,19101,3,8,1,0,44,731,145]
s: 19101
d: [2,1026,2,21,2,0,44,157,208]
s: 1026
d: [2,19102,3,8,1,0,44,731,292]
s: 19102
d: [2,1028,2,21,2,0,44,167,208]
s: 1028
d: [2,1121,2,21,2,0,44,156,209]
s: 1121
d: [2,19111,3,8,1,0,44,731,190]
s: 19111
d: [2,1123,2,21,2,0,44,166,209]
s: 1123
s: 9053
d: [2,767,2,23,1,0,44,196,145]
s: 767
d: [2,807,2,23,1,0,44,210,145]
s: 807
s: 9060
d: [2,851,2,23,1,0,44,194,63]
s: 851
s: 9087
d: [2,852,2,23,1,0,44,194,142]
s: 852
d: [2,860,2,23,1,0,44,194,145]
s: 860
s: 9118
d: [2,864,2,23,1,0,44,194,63]
s: 864
s: 18257
d: [2,865,2,23,1,0,44,194,142]
s: 865
d: [2,873,2,23,1,0,44,194,145]
s: 873
s: 18258
d: [2,916,2,23,1,0,44,195,63]
s: 916
s: 7549
d: [2,917,2,23,1,0,44,195,142]
s: 917
d: [2,925,2,23,1,0,44,195,145]
s: 925
d: [2,18475,4,9,2,0,44,1420,117]
s: 18475
d: [2,929,2,23,1,0,44,195,63]
s: 929
s: 615
d: [2,930,2,23,1,0,44,195,142]
s: 930
d: [2,938,2,23,1,0,44,195,145]
s: 938
s: 627
d: [2,985,2,23,1,0,44,208,63]
s: 985
s: 1169
d: [2,986,2,23,1,0,44,208,142]
s: 986
d: [2,994,2,23,1,0,44,208,145]
s: 994
s: 1184
d: [2,998,2,23,1,0,44,208,63]
s: 998
s: 1842
d: [2,999,2,23,1,0,44,208,142]
s: 999
d: [2,1007,2,23,1,0,44,208,145]
s: 1007
s: 1910
d: [2,1080,2,23,1,0,44,209,63]
s: 1080
r: 18554
s: 7791
s: 199
s: 213
s: 7770
s: 18575
s: 7798
s: 18577
s: 156
d: [2,28931,6,6,2,1,44,7791,61]
s: 28931
s: 157
s: 238
s: 166
s: 167
s: 244
d: [2,18635,1,10,2,0,44,75,65]
s: 18635
s: 18574
d: [2,18637,1,10,2,0,44,75,66]
s: 18637
d: [2,18720,1,10,2,0,44,76,65]
s: 18720
s: 18576
d: [2,18722,1,10,2,0,44,76,66]
s: 18722
d: [2,28939,2,7,1,0,44,199,63]
s: 28939
d: [2,28940,2,7,1,0,44,199,142]
s: 28940
d: [2,28959,2,7,1,0,44,199,145]
s: 28959
d: [2,28977,2,7,1,0,44,213,63]
s: 28977
d: [2,28978,2,7,1,0,44,213,142]
s: 28978
d: [2,28997,2,7,1,0,44,213,145]
s: 28997
s: 329
s: 354
d: [2,28960,3,7,1,0,44,199,292]
s: 28960
d: [2,29079,2,8,2,0,44,156,117]
s: 29079
d: [2,28998,3,7,1,0,44,213,292]
s: 28998
d: [2,29108,2,8,2,0,44,157,60]
s: 29108
d: [2,29219,2,8,2,0,44,166,117]
s: 29219
d: [2,29236,2,8,2,0,44,167,60]
s: 29236
s: 239
s: 9053
s: 240
s: 245
s: 7777
s: 246
s: 9060
s: 336
s: 360
s: 9087
d: [2,18634,2,10,2,0,44,75,151]
s: 18634
d: [2,29380,5,8,1,0,44,9053,63]
s: 29380
d: [2,18636,2,10,2,0,44,75,160]
s: 18636
d: [2,18719,2,10,2,0,44,76,151]
s: 18719
d: [2,29381,5,8,1,0,44,9053,142]
s: 29381
d: [2,18721,2,10,2,0,44,76,160]
s: 18721
d: [2,29400,5,8,1,0,44,9053,145]
s: 29400
d: [2,28947,2,10,1,0,44,199,191]
s: 28947
d: [2,28948,2,10,1,0,44,199,67]
s: 28948
d: [2,29401,5,8,1,0,44,9053,292]
s: 29401
d: [2,28949,2,10,1,0,44,199,204]
s: 28949
d: [2,29413,5,8,1,0,44,9053,63]
s: 29413
d: [2,28950,2,10,1,0,44,199,68]
s: 28950
d: [2,28951,2,10,1,0,44,199,144]
s: 28951
d: [2,29414,5,8,1,0,44,9053,142]
s: 29414
d: [2,28985,2,10,1,0,44,213,191]
s: 28985
d: [2,29433,5,8,1,0,44,9053,145]
s: 29433
d: [2,28986,2,10,1,0,44,213,67]
s: 28986
d: [2,28987,2,10,1,0,44,213,204]
s: 28987
d: [2,29434,5,8,1,0,44,9053,292]
s: 29434
d: [2,28988,2,10,1,0,44,213,68]
s: 28988
s: 9118
d: [2,28989,2,10,1,0,44,213,144]
s: 28989
d: [2,29037,2,10,2,0,44,156,73]
s: 29037
d: [2,29032,6,8,2,1,40,156,7770]
s: 29032
d: [2,29038,2,10,2,0,44,156,73]
s: 29038
d: [2,29106,6,8,2,1,40,157,7770]
s: 29106
d: [2,29111,2,10,3,0,44,157,111]
s: 29111
d: [2,29177,2,10,2,0,44,166,73]
s: 29177
d: [2,29171,6,8,2,1,40,166,7798]
s: 29171
d: [2,29178,2,10,2,0,44,166,73]
s: 29178
d: [2,29234,6,8,2,1,40,167,7798]
s: 29234
d: [2,29239,2,10,3,0,44,167,111]
s: 29239
s: 330
d: [2,29605,6,8,1,0,44,9060,63]
s: 29605
s: 331
d: [2,29606,6,8,1,0,44,9060,142]
s: 29606
s: 355
s: 356
d: [2,29625,6,8,1,0,44,9060,145]
s: 29625
d: [2,28941,2,11,1,0,44,199,196]
s: 28941
d: [2,29626,6,8,1,0,44,9060,292]
s: 29626
d: [2,28944,2,11,1,0,44,199,210]
s: 28944
d: [2,28979,2,11,1,0,44,213,196]
s: 28979
d: [2,29677,6,8,1,0,44,9087,63]
s: 29677
d: [2,28982,2,11,1,0,44,213,210]
s: 28982
d: [2,29678,6,8,1,0,44,9087,142]
s: 29678
d: [2,29080,2,11,2,0,44,156,135]
s: 29080
d: [2,29081,2,11,2,0,44,156,62]
s: 29081
d: [2,29697,6,8,1,0,44,9087,145]
s: 29697
d: [2,29155,2,11,2,0,44,157,135]
s: 29155
d: [2,29698,6,8,1,0,44,9087,292]
s: 29698
d: [2,29156,2,11,2,0,44,157,62]
s: 29156
d: [2,29220,2,11,2,0,44,166,135]
s: 29220
d: [2,29722,7,8,2,1,44,29032,73]
s: 29722
d: [2,29221,2,11,2,0,44,166,62]
s: 29221
d: [2,29723,7,8,2,1,44,29032,73]
s: 29723
d: [2,29283,2,11,2,0,44,167,135]
s: 29283
d: [2,29284,2,11,2,0,44,167,62]
s: 29284
d: [2,29826,7,8,2,1,44,29171,73]
s: 29826
s: 222
d: [2,29827,7,8,2,1,44,29171,73]
s: 29827
s: 223
s: 373
s: 615
s: 396
s: 627
d: [2,18872,2,13,2,0,44,111,151]
s: 18872
d: [2,18873,2,13,2,0,44,111,65]
s: 18873
s: 1169
d: [2,18874,2,13,2,0,44,111,160]
s: 18874
s: 1184
d: [2,18875,2,13,2,0,44,111,66]
s: 18875
d: [2,18936,2,13,2,0,44,151,111]
s: 18936
s: 1950
d: [2,18937,2,13,2,0,44,65,111]
s: 18937
s: 1998
d: [2,18938,2,13,2,0,44,160,111]
s: 18938
d: [2,18939,2,13,2,0,44,66,111]
s: 18939
d: [2,18638,3,14,2,0,44,75,551]
d: [2,18678,3,10,1,0,21,18638,71]
s: 18678
s: 326
d: [2,18639,3,14,2,0,44,75,548]
d: [2,18679,3,10,1,0,21,18639,71]
s: 18679
s: 327
s: 328
d: [2,18640,3,14,2,0,44,75,493]
d: [2,18680,3,10,1,0,21,18640,71]
s: 18680
s: 339
d: [2,18641,3,14,2,0,44,75,456]
d: [2,18681,3,10,1,0,21,18641,71]
s: 18681
s: 340
s: 341
d: [2,18642,3,14,2,0,44,75,422]
d: [2,18682,3,10,1,0,21,18642,71]
s: 18682
s: 351
d: [2,18644,3,14,2,0,44,75,594]
d: [2,18684,3,10,1,0,21,18644,71]
s: 18684
s: 352
s: 353
d: [2,18645,3,14,2,0,44,75,591]
d: [2,18685,3,10,1,0,21,18645,71]
s: 18685
s: 363
d: [2,18646,3,14,2,0,44,75,494]
d: [2,18686,3,10,1,0,21,18646,71]
s: 18686
s: 364
s: 365
d: [2,18647,3,14,2,0,44,75,457]
d: [2,18687,3,10,1,0,21,18647,71]
s: 18687
s: 447
d: [2,18648,3,14,2,0,44,75,423]
d: [2,18688,3,10,1,0,21,18648,71]
s: 18688
s: 449
s: 484
d: [2,18704,3,14,2,0,44,76,550]
d: [2,18748,3,10,1,0,21,18704,71]
s: 18748
s: 486
d: [2,18705,3,14,2,0,44,76,546]
d: [2,18749,3,10,1,0,21,18705,71]
s: 18749
d: [2,29039,2,14,2,0,44,156,69]
s: 29039
d: [2,29040,2,14,2,0,44,156,170]
s: 29040
d: [2,18706,3,14,2,0,44,76,501]
d: [2,18750,3,10,1,0,21,18706,71]
s: 18750
d: [2,29041,2,14,2,0,44,156,173]
s: 29041
d: [2,18707,3,14,2,0,44,76,464]
d: [2,18751,3,10,1,0,21,18707,71]
s: 18751
d: [2,29042,2,14,2,0,44,156,177]
s: 29042
d: [2,29062,2,14,2,0,44,156,151]
s: 29062
d: [2,18708,3,14,2,0,44,76,430]
d: [2,18752,3,10,1,0,21,18708,71]
s: 18752
d: [2,29063,2,14,2,0,44,156,65]
s: 29063
d: [2,18710,3,14,2,0,44,76,593]
d: [2,18754,3,10,1,0,21,18710,71]
s: 18754
d: [2,29064,2,14,2,0,44,156,160]
s: 29064
d: [2,29065,2,14,2,0,44,156,66]
s: 29065
d: [2,18711,3,14,2,0,44,76,589]
d: [2,18755,3,10,1,0,21,18711,71]
s: 18755
d: [2,29114,2,14,2,0,44,157,69]
s: 29114
d: [2,18712,3,14,2,0,44,76,502]
d: [2,18756,3,10,1,0,21,18712,71]
s: 18756
d: [2,29115,2,14,2,0,44,157,170]
s: 29115
d: [2,29116,2,14,2,0,44,157,173]
s: 29116
d: [2,18713,3,14,2,0,44,76,465]
d: [2,18757,3,10,1,0,21,18713,71]
s: 18757
d: [2,29117,2,14,2,0,44,157,177]
s: 29117
d: [2,18714,3,14,2,0,44,76,431]
d: [2,18758,3,10,1,0,21,18714,71]
s: 18758
d: [2,29137,2,14,2,0,44,157,151]
s: 29137
d: [2,29138,2,14,2,0,44,157,65]
s: 29138
d: [2,18822,3,10,1,0,44,184,850]
s: 18822
d: [2,29139,2,14,2,0,44,157,160]
s: 29139
d: [2,18823,3,10,1,0,44,184,984]
s: 18823
d: [2,29140,2,14,2,0,44,157,66]
s: 29140
d: [2,29179,2,14,2,0,44,166,69]
s: 29179
d: [2,18842,3,10,1,0,44,184,928]
s: 18842
d: [2,29180,2,14,2,0,44,166,170]
s: 29180
d: [2,18843,3,10,1,0,44,184,1092]
s: 18843
d: [2,29181,2,14,2,0,44,166,173]
s: 29181
d: [2,29182,2,14,2,0,44,166,177]
s: 29182
d: [2,19200,3,10,1,0,44,881,134]
s: 19200
d: [2,29202,2,14,2,0,44,166,151]
s: 29202
d: [2,19305,3,10,1,0,44,946,134]
s: 19305
d: [2,29203,2,14,2,0,44,166,65]
s: 29203
d: [2,29204,2,14,2,0,44,166,160]
s: 29204
d: [2,19346,3,10,1,0,44,1017,134]
s: 19346
d: [2,29205,2,14,2,0,44,166,66]
s: 29205
d: [2,19451,3,10,1,0,44,1111,134]
s: 19451
d: [2,29242,2,14,2,0,44,167,69]
s: 29242
d: [2,29243,2,14,2,0,44,167,170]
s: 29243
d: [2,28952,3,10,1,0,44,199,294]
s: 28952
d: [2,29244,2,14,2,0,44,167,173]
s: 29244
d: [2,28953,3,10,1,0,44,199,289]
s: 28953
d: [2,29245,2,14,2,0,44,167,177]
s: 29245
d: [2,29265,2,14,2,0,44,167,151]
s: 29265
d: [2,28954,3,10,1,0,44,199,288]
s: 28954
d: [2,29266,2,14,2,0,44,167,65]
s: 29266
d: [2,28961,3,10,1,0,44,199,310]
s: 28961
d: [2,29267,2,14,2,0,44,167,160]
s: 29267
d: [2,29268,2,14,2,0,44,167,66]
s: 29268
d: [2,28962,3,10,1,0,44,199,306]
s: 28962
d: [2,29051,2,18,2,0,44,156,194]
s: 29051
d: [2,28963,3,10,1,0,44,199,307]
s: 28963
d: [2,29057,2,18,2,0,44,156,208]
s: 29057
d: [2,29146,2,18,2,0,44,157,195]
s: 29146
d: [2,28990,3,10,1,0,44,213,294]
s: 28990
d: [2,29152,2,18,2,0,44,157,209]
s: 29152
d: [2,28991,3,10,1,0,44,213,289]
s: 28991
d: [2,29191,2,18,2,0,44,166,194]
s: 29191
d: [2,29197,2,18,2,0,44,166,208]
s: 29197
d: [2,28992,3,10,1,0,44,213,288]
s: 28992
d: [2,29274,2,18,2,0,44,167,195]
s: 29274
d: [2,28999,3,10,1,0,44,213,310]
s: 28999
d: [2,29280,2,18,2,0,44,167,209]
s: 29280
d: [2,18862,2,20,2,0,44,111,194]
s: 18862
d: [2,29000,3,10,1,0,44,213,306]
s: 29000
d: [2,18868,2,20,2,0,44,111,208]
s: 18868
d: [2,29001,3,10,1,0,44,213,307]
s: 29001
d: [2,18909,2,20,2,0,44,194,111]
s: 18909
d: [2,18915,2,20,2,0,44,208,111]
s: 18915
d: [2,29035,3,10,3,0,44,156,125]
s: 29035
s: 890
d: [2,29085,3,10,2,0,44,156,369]
s: 29085
s: 892
s: 955
d: [2,29086,3,10,2,0,44,156,369]
s: 29086
s: 957
d: [2,29175,3,10,3,0,44,166,125]
s: 29175
s: 1026
s: 1028
d: [2,29225,3,10,2,0,44,166,393]
s: 29225
s: 1121
d: [2,29226,3,10,2,0,44,166,393]
s: 29226
s: 1123
d: [2,29071,2,21,2,0,44,156,195]
s: 29071
d: [2,29338,3,10,1,0,44,239,63]
s: 29338
d: [2,29077,2,21,2,0,44,156,209]
s: 29077
d: [2,29339,3,10,1,0,44,239,142]
s: 29339
d: [2,29126,2,21,2,0,44,157,194]
s: 29126
d: [2,29132,2,21,2,0,44,157,208]
s: 29132
d: [2,29358,3,10,1,0,44,239,145]
s: 29358
d: [2,29211,2,21,2,0,44,166,195]
s: 29211
d: [2,29359,3,10,1,0,44,239,292]
s: 29359
d: [2,29217,2,21,2,0,44,166,209]
s: 29217
d: [2,29254,2,21,2,0,44,167,194]
s: 29254
d: [2,29450,3,10,1,0,44,240,63]
s: 29450
d: [2,29260,2,21,2,0,44,167,208]
s: 29260
d: [2,29451,3,10,1,0,44,240,142]
s: 29451
d: [2,1081,2,23,1,0,44,209,142]
s: 1081
d: [2,1089,2,23,1,0,44,209,145]
s: 1089
d: [2,29470,3,10,1,0,44,240,145]
s: 29470
d: [2,1093,2,23,1,0,44,209,63]
s: 1093
d: [2,29471,3,10,1,0,44,240,292]
s: 29471
d: [2,1094,2,23,1,0,44,209,142]
s: 1094
d: [2,1102,2,23,1,0,44,209,145]
s: 1102
d: [2,29491,3,10,1,0,44,245,63]
s: 29491
d: [2,759,2,24,1,0,44,196,63]
s: 759
d: [2,29492,3,10,1,0,44,245,142]
s: 29492
d: [2,760,2,24,1,0,44,196,142]
s: 760
d: [2,798,2,24,1,0,44,210,63]
s: 798
d: [2,29511,3,10,1,0,44,245,145]
s: 29511
d: [2,799,2,24,1,0,44,210,142]
s: 799
d: [2,29512,3,10,1,0,44,245,292]
s: 29512
d: [2,673,2,25,1,0,44,172,191]
s: 673
d: [2,674,2,25,1,0,44,172,67]
s: 674
d: [2,29562,3,10,1,0,44,246,63]
s: 29562
d: [2,675,2,25,1,0,44,172,204]
s: 675
d: [2,29563,3,10,1,0,44,246,142]
s: 29563
d: [2,676,2,25,1,0,44,172,68]
s: 676
d: [2,718,2,25,1,0,44,175,191]
s: 718
d: [2,29582,3,10,1,0,44,246,145]
s: 29582
d: [2,719,2,25,1,0,44,175,67]
s: 719
d: [2,29583,3,10,1,0,44,246,292]
s: 29583
d: [2,720,2,25,1,0,44,175,204]
s: 720
d: [2,721,2,25,1,0,44,175,68]
s: 721
s: 3480
d: [2,772,2,25,1,0,44,69,196]
s: 772
s: 3655
d: [2,773,2,25,1,0,44,69,196]
s: 773
d: [2,777,2,25,1,0,44,142,196]
s: 777
s: 3680
d: [2,780,2,25,1,0,44,170,196]
s: 780
s: 3788
d: [2,781,2,25,1,0,44,170,196]
s: 781
d: [2,783,2,25,1,0,44,173,196]
s: 783
d: [2,19131,4,10,1,0,44,2057,191]
s: 19131
d: [2,784,2,25,1,0,44,173,196]
s: 784
d: [2,19132,4,10,1,0,44,2057,67]
s: 19132
d: [2,786,2,25,1,0,44,177,196]
s: 786
d: [2,787,2,25,1,0,44,177,196]
s: 787
s: 18554
r: 627
r: 240
r: 615
r: 239
r: 238
r: 199
r: 156
r: 157
r: 1121
r: 955
r: 1026
r: 890
r: 326
r: 339
r: 447
r: 484
r: 9118
r: 9060
r: 244
r: 328
r: 341
r: 327
r: 340
r: 1184
r: 246
r: 1169
r: 245
r: 213
r: 9087
r: 9053
r: 330
r: 331
r: 166
r: 167
r: 1123
r: 957
r: 1028
r: 892
r: 351
r: 363
r: 449
r: 486
r: 353
r: 365
r: 352
r: 364
r: 355
r: 356
r: 396
r: 373
r: 360
r: 354
r: 336
r: 329
r: 223
r: 222
d: [2,42527,6,0,0,2,40,18554,7791]
e: 42527
d: [2,42520,6,0,0,2,52,7791,18554]
e: 42520
d: [2,42521,7,0,0,3,52,107,18554,28931]
e: 42521
d: [2,42522,6,0,0,3,52,107,107,18554,7777]
e: 42522
d: [2,42523,6,0,0,4,52,107,92,18554,7777]
e: 42523
d: [2,42524,6,0,0,4,52,107,7791,18554,7777]
e: 42524
d: [2,42525,6,0,0,3,52,107,18554,7770]
e: 42525
d: [2,42526,6,0,0,3,52,107,18554,7798]
e: 42526
r: 29106
r: 29032
r: 7770
r: 7777
r: 28931
r: 7791
r: 29234
r: 29171
r: 7798
d: [2,812,2,25,1,0,44,69,210]
s: 812
d: [2,19133,4,10,1,0,44,2057,204]
s: 19133
d: [2,813,2,25,1,0,44,69,210]
s: 813
d: [2,817,2,25,1,0,44,142,210]
s: 817
d: [2,19134,4,10,1,0,44,2057,68]
s: 19134
d: [2,820,2,25,1,0,44,170,210]
s: 820
d: [2,19169,4,10,1,0,44,2166,191]
s: 19169
d: [2,821,2,25,1,0,44,170,210]
s: 821
d: [2,823,2,25,1,0,44,173,210]
s: 823
d: [2,19170,4,10,1,0,44,2166,67]
s: 19170
d: [2,824,2,25,1,0,44,173,210]
s: 824
d: [2,19171,4,10,1,0,44,2166,204]
s: 19171
d: [2,826,2,25,1,0,44,177,210]
s: 826
d: [2,827,2,25,1,0,44,177,210]
s: 827
d: [2,19172,4,10,1,0,44,2166,68]
s: 19172
d: [2,677,2,26,1,0,44,172,144]
s: 677
d: [2,19173,4,10,1,0,44,2166,144]
s: 19173
d: [2,722,2,26,1,0,44,175,144]
s: 722
d: [2,642,2,27,1,0,44,144,191]
s: 642
d: [2,19174,4,10,1,0,44,2166,294]
s: 19174
d: [2,643,2,27,1,0,44,144,67]
s: 643
d: [2,19175,4,10,1,0,44,2166,289]
s: 19175
d: [2,644,2,27,1,0,44,144,204]
s: 644
d: [2,645,2,27,1,0,44,144,68]
s: 645
d: [2,19176,4,10,1,0,44,2166,288]
s: 19176
d: [2,771,2,27,1,0,44,63,196]
s: 771
d: [2,19182,4,10,1,0,44,2166,310]
s: 19182
d: [2,779,2,27,1,0,44,145,196]
s: 779
d: [2,811,2,27,1,0,44,63,210]
s: 811
d: [2,19183,4,10,1,0,44,2166,306]
s: 19183
d: [2,819,2,27,1,0,44,145,210]
s: 819
d: [2,19184,4,10,1,0,44,2166,307]
s: 19184
d: [2,855,2,27,1,0,44,194,191]
s: 855
d: [2,856,2,27,1,0,44,194,67]
s: 856
d: [2,47655,3,21,1,1,44,82,855]
d: [2,47836,3,21,1,1,22,47655,531]
a: [3,47840,3,21,1,47836]
s: 47840
d: [2,48330,4,17,1,1,44,47840,151]
d: [2,48334,4,17,1,1,22,48330,73]
d: [2,48335,4,15,1,1,22,48334,62]
d: [2,48336,4,0,0,1,19,48335]
e: 48336
d: [2,48331,4,17,1,1,44,47840,65]
d: [2,48338,4,15,1,1,22,48331,62]
d: [2,48339,4,0,0,1,19,48338]
e: 48339
d: [2,48026,3,21,1,1,44,82,856]
f: 48339,48026,55
% Refutation found. Thanks to Tanya!
% SZS status Theorem for zfmisc_1__t122_zfmisc_1
% SZS output start Proof for zfmisc_1__t122_zfmisc_1
1. ! [X0] : ! [X1] : ! [X2] : ! [X3] : k2_zfmisc_1(k2_tarski(X0,X1),k2_tarski(X2,X3)) = k2_enumset1(k4_tarski(X0,X2),k4_tarski(X0,X3),k4_tarski(X1,X2),k4_tarski(X1,X3)) [input t122_zfmisc_1]
2. ~! [X0] : ! [X1] : ! [X2] : ! [X3] : k2_zfmisc_1(k2_tarski(X0,X1),k2_tarski(X2,X3)) = k2_enumset1(k4_tarski(X0,X2),k4_tarski(X0,X3),k4_tarski(X1,X2),k4_tarski(X1,X3)) [negated conjecture 1]
26. ! [X0] : ! [X1] : k2_tarski(X0,X1) = k2_xboole_0(k1_tarski(X0),k1_tarski(X1)) [input t1_enumset1]
27. ! [X0] : ! [X1] : ! [X2] : (k2_zfmisc_1(k2_tarski(X0,X1),k1_tarski(X2)) = k2_tarski(k4_tarski(X0,X2),k4_tarski(X1,X2)) & k2_zfmisc_1(k1_tarski(X0),k2_tarski(X1,X2)) = k2_tarski(k4_tarski(X0,X1),k4_tarski(X0,X2))) [input t30_zfmisc_1]
28. ! [X0] : ! [X1] : ! [X2] : ! [X3] : k2_enumset1(X0,X1,X2,X3) = k2_xboole_0(k2_tarski(X0,X1),k2_tarski(X2,X3)) [input t5_enumset1]
32. ! [X0] : ! [X1] : ! [X2] : (k2_zfmisc_1(X2,k2_xboole_0(X0,X1)) = k2_xboole_0(k2_zfmisc_1(X2,X0),k2_zfmisc_1(X2,X1)) & k2_zfmisc_1(k2_xboole_0(X0,X1),X2) = k2_xboole_0(k2_zfmisc_1(X0,X2),k2_zfmisc_1(X1,X2))) [input t97_zfmisc_1]
33. ~! [X0,X1,X2,X3] : k2_zfmisc_1(k2_tarski(X0,X1),k2_tarski(X2,X3)) = k2_enumset1(k4_tarski(X0,X2),k4_tarski(X0,X3),k4_tarski(X1,X2),k4_tarski(X1,X3)) [flattening 2]
34. ! [X0,X1] : k2_tarski(X0,X1) = k2_xboole_0(k1_tarski(X0),k1_tarski(X1)) [flattening 26]
38. ! [X0,X1,X2] : (k2_zfmisc_1(X2,k2_xboole_0(X0,X1)) = k2_xboole_0(k2_zfmisc_1(X2,X0),k2_zfmisc_1(X2,X1)) & k2_zfmisc_1(k2_xboole_0(X0,X1),X2) = k2_xboole_0(k2_zfmisc_1(X0,X2),k2_zfmisc_1(X1,X2))) [flattening 32]
39. ! [X0,X1,X2] : (k2_zfmisc_1(k2_tarski(X0,X1),k1_tarski(X2)) = k2_tarski(k4_tarski(X0,X2),k4_tarski(X1,X2)) & k2_zfmisc_1(k1_tarski(X0),k2_tarski(X1,X2)) = k2_tarski(k4_tarski(X0,X1),k4_tarski(X0,X2))) [flattening 27]
40. ! [X0,X1,X2,X3] : k2_enumset1(X0,X1,X2,X3) = k2_xboole_0(k2_tarski(X0,X1),k2_tarski(X2,X3)) [flattening 28]
44. ? [X0,X1,X2,X3] : k2_zfmisc_1(k2_tarski(X0,X1),k2_tarski(X2,X3)) != k2_enumset1(k4_tarski(X0,X2),k4_tarski(X0,X3),k4_tarski(X1,X2),k4_tarski(X1,X3)) [ennf transformation 33]
49. ? [X0,X1,X2,X3] : k2_zfmisc_1(k2_tarski(X0,X1),k2_tarski(X2,X3)) != k2_enumset1(k4_tarski(X0,X2),k4_tarski(X0,X3),k4_tarski(X1,X2),k4_tarski(X1,X3)) => k2_zfmisc_1(k2_tarski(sK0,sK1),k2_tarski(sK2,sK3)) != k2_enumset1(k4_tarski(sK0,sK2),k4_tarski(sK0,sK3),k4_tarski(sK1,sK2),k4_tarski(sK1,sK3)) [choice axiom]
50. k2_zfmisc_1(k2_tarski(sK0,sK1),k2_tarski(sK2,sK3)) != k2_enumset1(k4_tarski(sK0,sK2),k4_tarski(sK0,sK3),k4_tarski(sK1,sK2),k4_tarski(sK1,sK3)) [skolemisation 44,49]
55. k2_zfmisc_1(k2_tarski(sK0,sK1),k2_tarski(sK2,sK3)) != k2_enumset1(k4_tarski(sK0,sK2),k4_tarski(sK0,sK3),k4_tarski(sK1,sK2),k4_tarski(sK1,sK3)) [cnf transformation 50] {a:0,w:21,wCS:2100,goal:1,sine:0,thAx:0,allAx:2,thDist:-2}
62. k2_tarski(X0,X1) = k2_xboole_0(k1_tarski(X0),k1_tarski(X1)) [cnf transformation 34] {a:0,w:9,wCS:3600,nSel:1,sine:2,thAx:0,allAx:1,thDist:-1}
65. k2_zfmisc_1(k2_xboole_0(X0,X1),X2) = k2_xboole_0(k2_zfmisc_1(X0,X2),k2_zfmisc_1(X1,X2)) [cnf transformation 38] {a:0,w:13,wCS:5200,nSel:1,sine:1,thAx:0,allAx:1,thDist:-1}
67. k2_zfmisc_1(k1_tarski(X0),k2_tarski(X1,X2)) = k2_tarski(k4_tarski(X0,X1),k4_tarski(X0,X2)) [cnf transformation 39] {a:0,w:14,wCS:5600,nSel:1,sine:1,thAx:0,allAx:1,thDist:-1}
69. k2_enumset1(X0,X1,X2,X3) = k2_xboole_0(k2_tarski(X0,X1),k2_tarski(X2,X3)) [cnf transformation 40] {a:0,w:13,wCS:5200,nSel:1,sine:1,thAx:0,allAx:1,thDist:-1}
80. 1 <=> k2_zfmisc_1(k2_tarski(sK0,sK1),k2_tarski(sK2,sK3)) = k2_enumset1(k4_tarski(sK0,sK2),k4_tarski(sK0,sK3),k4_tarski(sK1,sK2),k4_tarski(sK1,sK3)) [avatar definition]
82. k2_zfmisc_1(k2_tarski(sK0,sK1),k2_tarski(sK2,sK3)) != k2_enumset1(k4_tarski(sK0,sK2),k4_tarski(sK0,sK3),k4_tarski(sK1,sK2),k4_tarski(sK1,sK3)) <- (~1) [avatar component clause 80] {a:0,w:21,wCS:2100,nSel:1,goal:1,sine:255,thAx:0,allAx:2,thDist:-2}
83. ~1 [avatar split clause 55,80]
194. k2_enumset1(X3,X4,k4_tarski(X0,X1),k4_tarski(X0,X2)) = k2_xboole_0(k2_tarski(X3,X4),k2_zfmisc_1(k1_tarski(X0),k2_tarski(X1,X2))) [superposition 69,67] {a:1,w:20,wCS:8000,nSel:1,sine:1,thAx:0,allAx:2,thDist:-2}
856. k2_enumset1(k4_tarski(X42,X43),k4_tarski(X42,X44),k4_tarski(X45,X46),k4_tarski(X45,X47)) = k2_xboole_0(k2_zfmisc_1(k1_tarski(X42),k2_tarski(X43,X44)),k2_zfmisc_1(k1_tarski(X45),k2_tarski(X46,X47))) [superposition 194,67] {a:2,w:27,wCS:10800,nSel:1,sine:1,thAx:0,allAx:3,thDist:-3}
47838. 15 <=> k2_zfmisc_1(k2_tarski(sK0,sK1),k2_tarski(sK2,sK3)) = k2_xboole_0(k2_zfmisc_1(k1_tarski(sK0),k2_tarski(sK2,sK3)),k2_zfmisc_1(k1_tarski(sK1),k2_tarski(sK2,sK3))) [avatar definition]
47840. k2_zfmisc_1(k2_tarski(sK0,sK1),k2_tarski(sK2,sK3)) != k2_xboole_0(k2_zfmisc_1(k1_tarski(sK0),k2_tarski(sK2,sK3)),k2_zfmisc_1(k1_tarski(sK1),k2_tarski(sK2,sK3))) <- (~15) [avatar component clause 47838] {a:3,w:21,wCS:2100,nSel:1,goal:1,sine:255,thAx:0,allAx:6,thDist:-6}
48026. k2_zfmisc_1(k2_tarski(sK0,sK1),k2_tarski(sK2,sK3)) != k2_xboole_0(k2_zfmisc_1(k1_tarski(sK0),k2_tarski(sK2,sK3)),k2_zfmisc_1(k1_tarski(sK1),k2_tarski(sK2,sK3))) <- (~1) [superposition 82,856] {a:3,w:21,wCS:2100,goal:1,sine:1,thAx:0,allAx:5,thDist:-5}
48205. ~15 | 1 [avatar split clause 48026,80,47838]
48331. k2_zfmisc_1(k2_tarski(sK0,sK1),k2_tarski(sK2,sK3)) != k2_zfmisc_1(k2_xboole_0(k1_tarski(sK0),k1_tarski(sK1)),k2_tarski(sK2,sK3)) <- (~15) [superposition 47840,65] {a:4,w:17,wCS:1700,goal:1,sine:1,thAx:0,allAx:7,thDist:-7}
48338. k2_zfmisc_1(k2_tarski(sK0,sK1),k2_tarski(sK2,sK3)) != k2_zfmisc_1(k2_tarski(sK0,sK1),k2_tarski(sK2,sK3)) <- (~15) [forward demodulation 48331,62] {a:4,w:15,wCS:1500,goal:1,sine:1,thAx:0,allAx:7,thDist:-7}
48339. $false <- (~15) [trivial inequality removal 48338] {a:4,w:0,goal:1,sine:1,thAx:0,allAx:7,thDist:-7}
48340. 15 [avatar contradiction clause 48339]
48341. $false [avatar sat refutation 83,48205,48340] {a:0,w:0,goal:1,sine:0,thAx:0,allAx:743,thDist:-743}
% SZS output end Proof for zfmisc_1__t122_zfmisc_1
% ------------------------------
% Version: Vampire 4.5.1 (commit 226f88162 on 2021-09-12 20:13:44 +0200)
% Termination reason: Refutation

% >>> Input
% Input formulas: 31
% >>> Preprocessing
% Introduced skolems: 6
% Pure predicates: 1
% 
% >>> Saturation
% Initial clauses: 24
% Generated clauses: 48479
% Active clauses: 407
% Passive clauses: 17712
% Final active clauses: 230
% Final passive clauses: 16440
% Main loop iterations started: 1087
% 
% >>> Simplifying Inferences
% Duplicate literals: 11
% Trivial inequalities: 2
% Fw subsumption resolutions: 103
% Fw demodulations: 19201
% Bw demodulations: 2
% 
% >>> Deletion Inferences
% Simple tautologies: 193
% Forward subsumptions: 8915
% Backward subsumptions: 152
% Fw demodulations to eq. taut.: 2971
% 
% >>> Generating Inferences
% Binary resolution: 251
% Unit resulting resolution: 8
% Forward superposition: 16757
% Backward superposition: 11789
% Self superposition: 38
% 
% >>> AVATAR
% Split clauses: 6
% Split components: 13
% Sat splitting refutations: 13
% 
% >>> SAT Solver Statistics
% SAT solver clauses: 50
% SAT solver unit clauses: 8
% SAT solver binary clauses: 31
% 
% Memory used [KB]: 45670
% Time elapsed: 0.622 s
% ------------------------------
% ------------------------------
% Time measurement results:
% term sharing: 0.194 s
% splitting model update: 0.002 s
% congruence closure: 0.001 s
% unit clause index maintenance: 0.003 s
% backward subsumption index maintenance: 0.003 s ( own 0.001 s ) 
% backward superposition index maintenance: 0.001 s
% backward demodulation index maintenance: 0.004 s
% splitting component index usage: 0.007 s ( own 0.002 s ) 
% forward subsumption: 0.065 s
% forward subsumption resolution: 0.021 s
% backward subsumption: 0.003 s
% forward demodulation: 0.252 s ( own 0.158 s ) 
% unit resulting resolution: 0.003 s
% superposition: 0.202 s ( own 0.109 s ) 
% passive container maintenance: 0.025 s
% other: 0.622 s ( own 0.030 s ) 

