i: [1,313,0,3,1,1,0,0] l40_tex_2
a: [3,490,0,3,1,313]
s: 490
i: [1,312,0,3,1,1,0,0] l40_tex_2
a: [3,495,0,3,1,312]
s: 495
i: [1,314,0,5,1,1,0,0] l40_tex_2
a: [3,485,0,5,1,314]
s: 485
i: [1,315,0,2,1,0,0,255] fc7_card_1
a: [3,500,0,2,1,315]
s: 500
i: [1,316,0,2,1,0,0,255] spc1_boole
a: [3,505,0,2,1,316]
s: 505
i: [1,317,0,2,1,0,0,255] fc4_card_1
a: [3,510,0,2,1,317]
s: 510
i: [1,318,0,2,1,0,0,255] dt_o_0_0_xboole_0
a: [3,515,0,2,1,318]
s: 515
i: [1,319,0,2,1,0,0,1] fc1_xboole_0
a: [3,520,0,2,1,319]
s: 520
i: [1,325,0,2,1,0,0,255] fc6_ordinal1
a: [3,545,0,2,1,325]
s: 545
i: [1,324,0,2,1,0,0,255] fc6_ordinal1
a: [3,550,0,2,1,324]
s: 550
i: [1,445,0,2,1,0,0,255] rc3_card_1
a: [3,570,0,2,1,445]
s: 570
i: [1,446,0,2,1,0,0,255] rc2_zfmisc_1
a: [3,575,0,2,1,446]
s: 575
i: [1,447,0,2,1,0,0,2] rc2_xboole_0
a: [3,580,0,2,1,447]
s: 580
i: [1,448,0,2,1,0,0,255] rc1_card_1
a: [3,585,0,2,1,448]
s: 585
i: [1,449,0,2,1,0,0,255] rc4_ordinal1
a: [3,590,0,2,1,449]
s: 590
i: [1,450,0,2,1,0,0,255] rc1_ordinal1
a: [3,595,0,2,1,450]
s: 595
i: [1,451,0,2,1,0,0,2] rc1_xboole_0
a: [3,600,0,2,1,451]
s: 600
i: [1,455,0,2,1,0,0,255] rc2_ordinal1
a: [3,605,0,2,1,455]
s: 605
i: [1,454,0,2,1,0,0,255] rc2_ordinal1
a: [3,610,0,2,1,454]
s: 610
i: [1,453,0,2,1,0,0,255] rc2_ordinal1
a: [3,615,0,2,1,453]
s: 615
i: [1,452,0,2,1,0,0,255] rc2_ordinal1
a: [3,620,0,2,1,452]
s: 620
i: [1,457,0,2,1,0,0,255] rc7_funct_1
a: [3,625,0,2,1,457]
s: 625
i: [1,456,0,2,1,0,0,255] rc7_funct_1
a: [3,630,0,2,1,456]
s: 630
i: [1,459,0,2,1,0,0,255] rc5_ordinal1
a: [3,635,0,2,1,459]
s: 635
i: [1,458,0,2,1,0,0,255] rc5_ordinal1
a: [3,640,0,2,1,458]
s: 640
i: [1,461,0,2,1,0,0,255] rc1_zfmisc_1
a: [3,645,0,2,1,461]
s: 645
i: [1,460,0,2,1,0,0,255] rc1_zfmisc_1
a: [3,650,0,2,1,460]
s: 650
i: [1,463,0,2,1,0,0,3] rc1_relat_1
a: [3,655,0,2,1,463]
s: 655
i: [1,462,0,2,1,0,0,3] rc1_relat_1
a: [3,660,0,2,1,462]
s: 660
i: [1,466,0,2,1,0,0,255] rc4_funct_1
a: [3,665,0,2,1,466]
s: 665
i: [1,465,0,2,1,0,0,255] rc4_funct_1
a: [3,670,0,2,1,465]
s: 670
i: [1,464,0,2,1,0,0,255] rc4_funct_1
a: [3,675,0,2,1,464]
s: 675
i: [1,471,0,2,1,0,0,255] rc2_card_1
a: [3,680,0,2,1,471]
s: 680
i: [1,470,0,2,1,0,0,255] rc2_card_1
a: [3,685,0,2,1,470]
s: 685
i: [1,469,0,2,1,0,0,255] rc2_card_1
a: [3,690,0,2,1,469]
s: 690
i: [1,468,0,2,1,0,0,255] rc2_card_1
a: [3,695,0,2,1,468]
s: 695
i: [1,467,0,2,1,0,0,255] rc2_card_1
a: [3,700,0,2,1,467]
s: 700
i: [1,472,0,2,1,0,0,255] rc2_relat_1
a: [3,705,0,2,1,472]
s: 705
i: [1,474,0,2,1,0,0,255] rc3_funct_1
a: [3,710,0,2,1,474]
s: 710
i: [1,473,0,2,1,0,0,255] rc3_funct_1
a: [3,715,0,2,1,473]
s: 715
i: [1,476,0,2,1,0,0,255] rc1_funct_1
a: [3,720,0,2,1,476]
s: 720
i: [1,475,0,2,1,0,0,255] rc1_funct_1
a: [3,725,0,2,1,475]
s: 725
i: [1,479,0,2,1,0,0,255] rc5_funct_1
a: [3,730,0,2,1,479]
s: 730
i: [1,478,0,2,1,0,0,255] rc5_funct_1
a: [3,735,0,2,1,478]
s: 735
i: [1,477,0,2,1,0,0,255] rc5_funct_1
a: [3,740,0,2,1,477]
s: 740
i: [1,481,0,2,1,0,0,255] rc2_funct_1
a: [3,745,0,2,1,481]
s: 745
i: [1,480,0,2,1,0,0,255] rc2_funct_1
a: [3,750,0,2,1,480]
s: 750
i: [1,329,0,3,1,0,0,2] fc1_subset_1
s: 329
i: [1,428,0,3,1,0,0,2] rc2_subset_1
s: 428
i: [1,431,0,3,1,0,0,1] reflexivity_r1_tarski
s: 431
i: [1,320,0,3,1,0,0,255] redefinition_k5_numbers
a: [3,525,0,3,1,320]
s: 525
i: [1,321,0,3,1,0,0,255] d2_xboole_0
a: [3,530,0,3,1,321]
s: 530
r: 515
i: [1,322,0,3,1,0,0,255] t1_numerals
a: [3,535,0,3,1,322]
s: 535
i: [1,328,0,3,1,0,0,255] spc1_numerals
a: [3,555,0,3,1,328]
s: 555
i: [1,327,0,3,1,0,0,255] spc1_numerals
a: [3,560,0,3,1,327]
s: 560
d: [2,753,0,3,1,2,22,560,525]
a: [3,757,0,3,1,753]
s: 757
i: [1,336,0,4,2,0,0,255] cc2_zfmisc_1
s: 336
i: [1,366,0,4,2,0,0,255] cc3_card_1
s: 366
d: [2,759,1,2,1,1,40,336,520]
a: [3,765,1,2,1,759]
s: 765
i: [1,367,0,4,2,0,0,255] cc5_card_1
s: 367
i: [1,368,0,4,2,0,0,255] cc1_card_1
s: 368
d: [2,761,1,2,1,1,40,336,600]
a: [3,770,1,2,1,761]
s: 770
i: [1,369,0,4,2,0,0,255] cc6_ordinal1
s: 369
d: [2,772,1,2,1,1,40,366,590]
a: [3,777,1,2,1,772]
s: 777
i: [1,374,0,4,2,0,0,255] cc1_ordinal1
s: 374
i: [1,375,0,4,2,0,0,255] cc1_ordinal1
s: 375
d: [2,773,1,2,1,1,40,366,635]
a: [3,782,1,2,1,773]
s: 782
i: [1,379,0,4,2,0,0,255] cc9_ordinal1
s: 379
d: [2,784,1,2,1,1,40,367,590]
a: [3,789,1,2,1,784]
s: 789
i: [1,380,0,4,2,0,0,255] cc7_funct_1
s: 380
i: [1,381,0,4,2,0,0,255] cc7_ordinal1
s: 381
d: [2,785,1,2,1,1,40,367,635]
a: [3,794,1,2,1,785]
s: 794
i: [1,382,0,4,2,0,0,255] cc2_card_1
s: 382
d: [2,797,1,2,1,1,40,368,585]
a: [3,802,1,2,1,797]
s: 802
i: [1,383,0,4,2,0,0,255] cc3_ordinal1
s: 383
i: [1,384,0,4,2,0,0,255] cc1_funct_1
s: 384
d: [2,804,1,2,1,1,40,369,590]
a: [3,809,1,2,1,804]
s: 809
i: [1,385,0,4,2,0,0,255] cc1_zfmisc_1
s: 385
d: [2,805,1,2,1,1,40,369,635]
a: [3,814,1,2,1,805]
s: 814
i: [1,386,0,4,2,0,0,3] cc1_relat_1
s: 386
i: [1,426,0,4,1,0,0,2] existence_m1_subset_1
s: 426
d: [2,818,1,2,1,1,40,374,545]
a: [3,825,1,2,1,818]
s: 825
i: [1,430,0,4,1,0,0,255] rc3_subset_1
s: 430
d: [2,819,1,2,1,1,40,374,595]
a: [3,830,1,2,1,819]
s: 830
i: [1,323,0,4,1,0,0,255] dt_k5_numbers
a: [3,540,0,4,1,323]
s: 540
i: [1,326,0,4,1,0,0,255] spc1_numerals
a: [3,565,0,4,1,326]
s: 565
d: [2,832,1,2,1,1,40,375,545]
a: [3,839,1,2,1,832]
s: 839
d: [2,975,0,4,1,2,22,540,525]
a: [3,979,0,4,1,975]
s: 979
d: [2,833,1,2,1,1,40,375,595]
a: [3,844,1,2,1,833]
s: 844
d: [2,981,0,4,1,2,22,565,525]
a: [3,985,0,4,1,981]
s: 985
i: [1,330,0,5,1,0,0,2] t4_boole
s: 330
d: [2,848,1,2,1,1,40,379,520]
a: [3,854,1,2,1,848]
s: 854
i: [1,331,0,5,1,0,0,2] t3_boole
s: 331
d: [2,850,1,2,1,1,40,379,600]
a: [3,859,1,2,1,850]
s: 859
i: [1,332,0,5,1,0,0,2] t1_boole
s: 332
i: [1,333,0,5,2,0,0,255] fc9_card_1
s: 333
d: [2,861,1,2,1,1,40,380,520]
a: [3,867,1,2,1,861]
s: 867
i: [1,335,0,5,2,0,0,255] rc4_card_1
s: 335
d: [2,863,1,2,1,1,40,380,600]
a: [3,872,1,2,1,863]
s: 872
i: [1,342,0,5,2,0,0,255] rc6_subset_1
s: 342
i: [1,344,0,5,2,0,0,255] rc2_tex_2
s: 344
d: [2,874,1,2,1,1,40,381,520]
a: [3,880,1,2,1,874]
s: 880
i: [1,345,0,5,2,0,0,255] rc2_tex_2
s: 345
d: [2,876,1,2,1,1,40,381,600]
a: [3,885,1,2,1,876]
s: 885
i: [1,348,0,5,2,0,0,255] rc1_tex_2
s: 348
i: [1,349,0,5,2,0,0,255] rc1_tex_2
s: 349
d: [2,887,1,2,1,1,40,382,520]
a: [3,893,1,2,1,887]
s: 893
i: [1,354,0,5,2,0,0,2] rc1_subset_1
s: 354
d: [2,889,1,2,1,1,40,382,600]
a: [3,898,1,2,1,889]
s: 898
i: [1,356,0,5,2,0,0,255] rc5_subset_1
s: 356
i: [1,357,0,5,2,0,0,255] rc5_subset_1
s: 357
d: [2,912,1,2,1,1,40,383,520]
a: [3,918,1,2,1,912]
s: 918
i: [1,371,0,5,2,0,0,255] rc6_card_1
s: 371
d: [2,914,1,2,1,1,40,383,600]
a: [3,923,1,2,1,914]
s: 923
i: [1,372,0,5,2,0,0,255] rc6_card_1
s: 372
i: [1,387,0,5,2,0,0,1] t6_boole
s: 387
d: [2,925,1,2,1,1,40,384,520]
a: [3,931,1,2,1,925]
s: 931
i: [1,388,0,5,2,0,0,1] cc8_card_1
s: 388
d: [2,927,1,2,1,1,40,384,600]
a: [3,936,1,2,1,927]
s: 936
i: [1,391,0,5,2,0,0,1] cc7_card_1
s: 391
i: [1,392,0,5,2,0,0,255] cc9_card_1
s: 392
d: [2,962,1,2,1,1,40,386,520]
a: [3,968,1,2,1,962]
s: 968
i: [1,393,0,5,2,0,0,255] cc9_card_1
s: 393
d: [2,964,1,2,1,1,40,386,600]
a: [3,973,1,2,1,964]
s: 973
i: [1,398,0,5,2,0,0,255] cc8_ordinal1
s: 398
i: [1,399,0,5,2,0,0,255] cc4_card_1
s: 399
d: [2,1053,1,2,1,1,40,398,757]
a: [3,1058,1,2,1,1053]
s: 1058
i: [1,423,0,5,2,0,0,255] t7_boole
s: 423
d: [2,1066,1,2,1,1,40,399,757]
a: [3,1072,1,2,1,1066]
s: 1072
i: [1,427,0,5,1,0,0,2] rc2_subset_1
s: 427
i: [1,429,0,5,1,0,0,255] rc3_subset_1
s: 429
d: [2,900,2,2,1,1,40,802,375]
a: [3,905,2,2,1,900]
s: 905
i: [1,432,0,5,1,0,0,2] idempotence_k2_xboole_0
s: 432
d: [2,901,2,2,1,1,40,802,374]
a: [3,910,2,2,1,901]
s: 910
i: [1,346,0,6,2,0,0,255] rc2_tex_2
s: 346
i: [1,350,0,6,2,0,0,255] rc1_tex_2
s: 350
d: [2,938,2,2,1,1,40,809,375]
a: [3,943,2,2,1,938]
s: 943
i: [1,359,0,6,2,0,0,255] rc7_card_1
s: 359
d: [2,939,2,2,1,1,40,809,374]
a: [3,948,2,2,1,939]
s: 948
i: [1,361,0,6,2,0,0,255] rc4_subset_1
s: 361
i: [1,370,0,6,2,0,0,255] rc5_card_1
s: 370
d: [2,950,2,2,1,1,40,814,375]
a: [3,955,2,2,1,950]
s: 955
i: [1,373,0,6,2,0,0,255] rc6_card_1
s: 373
d: [2,951,2,2,1,1,40,814,374]
a: [3,960,2,2,1,951]
s: 960
i: [1,401,0,6,3,0,0,255] cc2_ordinal1
s: 401
i: [1,402,0,6,3,0,0,255] cc6_card_1
s: 402
d: [2,1143,1,4,2,1,40,402,685]
d: [2,1144,1,2,1,2,21,1143,690]
a: [3,1148,1,2,1,1144]
s: 1148
i: [1,417,0,6,2,0,0,255] t1_subset
s: 417
d: [2,988,2,2,1,1,40,880,367]
a: [3,994,2,2,1,988]
s: 994
i: [1,433,0,6,1,0,0,1] dt_k6_subset_1
s: 433
i: [1,436,0,6,2,0,0,2] fc5_xboole_0
s: 436
d: [2,1155,1,4,1,1,44,433,485]
a: [3,1159,1,4,1,1155]
s: 1159
i: [1,437,0,6,2,0,0,2] fc4_xboole_0
s: 437
d: [2,1163,2,6,2,1,44,1159,387]
s: 1163
i: [1,438,0,6,2,0,0,2] fc2_relat_1
s: 438
i: [1,439,0,6,2,0,0,255] antisymmetry_r2_hidden
s: 439
d: [2,998,2,2,1,1,40,885,367]
a: [3,1004,2,2,1,998]
s: 1004
i: [1,334,0,7,2,0,0,255] rc4_card_1
s: 334
d: [2,1011,2,2,1,1,40,918,375]
a: [3,1016,2,2,1,1011]
s: 1016
i: [1,341,0,7,2,0,0,255] rc6_subset_1
s: 341
i: [1,343,0,7,2,0,0,255] rc2_tex_2
s: 343
d: [2,1012,2,2,1,1,40,918,374]
a: [3,1021,2,2,1,1012]
s: 1021
i: [1,347,0,7,2,0,0,255] rc1_tex_2
s: 347
d: [2,1023,2,2,1,1,40,923,375]
a: [3,1028,2,2,1,1023]
s: 1028
i: [1,353,0,7,2,0,0,2] rc1_subset_1
s: 353
i: [1,355,0,7,2,0,0,255] rc5_subset_1
s: 355
d: [2,1024,2,2,1,1,40,923,374]
a: [3,1033,2,2,1,1024]
s: 1033
i: [1,358,0,7,2,0,0,255] rc7_card_1
s: 358
d: [2,1079,2,2,1,1,40,1058,369]
a: [3,1085,2,2,1,1079]
s: 1085
i: [1,360,0,7,2,0,0,255] rc4_subset_1
s: 360
i: [1,363,0,7,3,0,0,255] cc8_funct_1
s: 363
d: [2,1189,1,4,2,1,40,363,555]
a: [3,1206,1,2,1,1189]
s: 1206
i: [1,364,0,7,3,0,0,255] cc8_funct_1
s: 364
d: [2,1190,1,4,2,1,40,363,757]
a: [3,1215,1,2,1,1190]
s: 1215
i: [1,376,0,7,3,0,0,255] cc5_ordinal1
s: 376
i: [1,400,0,7,3,0,0,255] cc10_card_1
s: 400
d: [2,1081,2,2,1,1,40,1058,366]
a: [3,1091,2,2,1,1081]
s: 1091
i: [1,420,0,7,2,0,0,1] t3_subset
s: 420
d: [2,1277,2,3,1,1,40,420,1159]
a: [3,1293,2,3,1,1277]
s: 1293
i: [1,421,0,7,2,0,0,1] t3_subset
s: 421
i: [1,422,0,7,3,0,0,1] t8_boole
s: 422
d: [2,1275,3,5,2,1,40,420,1163]
s: 1275
i: [1,434,0,7,1,0,0,1] redefinition_k6_subset_1
s: 434
r: 438
d: [2,1300,3,5,2,1,44,1293,387]
s: 1300
d: [2,1305,0,6,2,0,23,438,434]
s: 1305
i: [1,435,0,7,1,0,0,2] commutativity_k2_xboole_0
s: 435
d: [2,1173,3,2,1,1,40,1085,375]
a: [3,1178,3,2,1,1173]
s: 1178
i: [1,362,0,8,3,0,0,255] cc10_ordinal1
s: 362
d: [2,1324,1,4,2,1,40,362,979]
a: [3,1339,1,2,1,1324]
s: 1339
i: [1,365,0,8,3,0,0,255] cc9_funct_1
s: 365
i: [1,377,0,8,3,0,0,255] cc5_subset_1
s: 377
d: [2,1365,1,4,2,1,40,377,979]
a: [3,1380,1,2,1,1365]
s: 1380
i: [1,378,0,8,3,0,0,3] cc2_relat_1
s: 378
d: [2,1390,1,4,2,1,40,378,979]
a: [3,1405,1,2,1,1390]
s: 1405
i: [1,389,0,8,3,0,0,2] cc1_subset_1
s: 389
i: [1,405,0,8,4,0,0,255] cc6_funct_1
s: 405
d: [2,1411,1,4,2,1,40,389,979]
d: [2,1423,1,2,1,2,21,1411,550]
a: [3,1427,1,2,1,1423]
s: 1427
i: [1,406,0,8,4,0,0,255] cc5_funct_1
s: 406
d: [2,1433,1,6,3,1,40,405,655]
a: [3,1458,1,2,1,1433]
s: 1458
i: [1,414,0,8,4,0,0,255] cc4_funct_1
s: 414
d: [2,1528,0,6,3,0,21,414,384]
d: [2,1529,0,4,2,0,21,1528,386]
s: 1529
d: [2,1434,1,6,3,1,40,405,670]
d: [2,1468,1,4,2,2,21,1434,665]
a: [3,1472,1,2,1,1468]
s: 1472
i: [1,419,0,8,3,0,0,255] t2_subset
s: 419
d: [2,1539,2,7,2,1,40,419,1159]
d: [2,1563,2,4,1,1,21,1539,329]
a: [3,1567,2,4,1,1563]
s: 1567
i: [1,444,0,8,3,0,0,2] fc3_relat_1
s: 444
i: [1,390,0,9,3,0,0,255] cc4_subset_1
s: 390
d: [2,1612,3,7,3,1,40,390,1163]
a: [3,1631,3,2,1,1612]
s: 1631
i: [1,425,0,9,3,0,0,255] t5_subset
s: 425
d: [2,1597,3,4,1,1,40,1567,439]
a: [3,1604,3,4,1,1597]
s: 1604
i: [1,409,0,10,4,0,0,255] cc3_funct_1
s: 409
i: [1,418,0,10,2,0,0,1] t45_xboole_1
s: 418
d: [2,1535,3,9,3,1,40,419,1163]
d: [2,1554,3,6,2,1,21,1535,329]
s: 1554
i: [1,424,0,10,3,0,0,255] t4_subset
s: 424
d: [2,1681,2,6,2,1,40,424,1159]
s: 1681
d: [2,1674,0,10,2,0,22,418,434]
s: 1674
d: [2,1695,1,8,2,1,44,1674,485]
d: [2,1699,1,5,1,2,21,1695,495]
d: [2,1700,1,3,1,2,22,1699,332]
d: [2,1701,1,0,0,3,21,1700,490]
e: 1701
f: 1701,312,313,314
% Refutation found. Thanks to Tanya!
% SZS status Theorem for tex_2__l40_tex_2
% SZS output start Proof for tex_2__l40_tex_2
1. ! [X0] : ! [X1] : ~(k6_subset_1(X1,X0) = k1_xboole_0 & X0 != X1 & r1_tarski(X0,X1)) [input l40_tex_2]
2. ~! [X0] : ! [X1] : ~(k6_subset_1(X1,X0) = k1_xboole_0 & X0 != X1 & r1_tarski(X0,X1)) [negated conjecture 1]
108. ! [X0,X1] : k6_subset_1(X0,X1) = k4_xboole_0(X0,X1) [input redefinition_k6_subset_1]
113. ! [X0] : k2_xboole_0(X0,k1_xboole_0) = X0 [input t1_boole]
119. ! [X0] : ! [X1] : (r1_tarski(X0,X1) => k2_xboole_0(X0,k4_xboole_0(X1,X0)) = X1) [input t45_xboole_1]
126. ~! [X0,X1] : ~(k6_subset_1(X1,X0) = k1_xboole_0 & X0 != X1 & r1_tarski(X0,X1)) [flattening 2]
128. ! [X0,X1] : (r1_tarski(X0,X1) => k2_xboole_0(X0,k4_xboole_0(X1,X0)) = X1) [flattening 119]
147. ? [X0,X1] : (k6_subset_1(X1,X0) = k1_xboole_0 & X0 != X1 & r1_tarski(X0,X1)) [ennf transformation 126]
222. ! [X0,X1] : (k2_xboole_0(X0,k4_xboole_0(X1,X0)) = X1 | ~r1_tarski(X0,X1)) [ennf transformation 128]
242. ? [X0,X1] : (k6_subset_1(X1,X0) = k1_xboole_0 & X0 != X1 & r1_tarski(X0,X1)) => (k1_xboole_0 = k6_subset_1(sK1,sK0) & sK0 != sK1 & r1_tarski(sK0,sK1)) [choice axiom]
243. k1_xboole_0 = k6_subset_1(sK1,sK0) & sK0 != sK1 & r1_tarski(sK0,sK1) [skolemisation 147,242]
312. r1_tarski(sK0,sK1) [cnf transformation 243] {a:0,w:3,wCS:300,goal:1,sine:0,thAx:0,allAx:2,thDist:-2}
313. sK0 != sK1 [cnf transformation 243] {a:0,w:3,wCS:300,goal:1,sine:0,thAx:0,allAx:2,thDist:-2}
314. k1_xboole_0 = k6_subset_1(sK1,sK0) [cnf transformation 243] {a:0,w:5,wCS:500,goal:1,sine:0,thAx:0,allAx:2,thDist:-2}
332. k2_xboole_0(X0,k1_xboole_0) = X0 [cnf transformation 113] {a:0,w:5,wCS:2000,nSel:1,sine:2,thAx:0,allAx:1,thDist:-1}
418. k2_xboole_0(X0,k4_xboole_0(X1,X0)) = X1 | ~r1_tarski(X0,X1) [cnf transformation 222] {a:0,w:10,wCS:4000,sine:1,thAx:0,allAx:1,thDist:-1}
434. k6_subset_1(X0,X1) = k4_xboole_0(X0,X1) [cnf transformation 108] {a:0,w:7,wCS:2800,nSel:1,sine:1,thAx:0,allAx:1,thDist:-1}
483. 1 <=> k1_xboole_0 = k6_subset_1(sK1,sK0) [avatar definition]
485. k1_xboole_0 = k6_subset_1(sK1,sK0) <- (1) [avatar component clause 483] {a:0,w:5,wCS:500,nSel:1,goal:1,sine:255,thAx:0,allAx:2,thDist:-2}
486. 1 [avatar split clause 314,483]
488. 2 <=> sK0 = sK1 [avatar definition]
490. sK0 != sK1 <- (~2) [avatar component clause 488] {a:0,w:3,wCS:300,nSel:1,goal:1,sine:255,thAx:0,allAx:2,thDist:-2}
491. ~2 [avatar split clause 313,488]
493. 3 <=> r1_tarski(sK0,sK1) [avatar definition]
495. r1_tarski(sK0,sK1) <- (3) [avatar component clause 493] {a:0,w:3,wCS:300,nSel:1,goal:1,sine:255,thAx:0,allAx:2,thDist:-2}
496. 3 [avatar split clause 312,493]
1674. k2_xboole_0(X0,k6_subset_1(X1,X0)) = X1 | ~r1_tarski(X0,X1) [forward demodulation 418,434] {a:0,w:10,wCS:4000,nSel:1,sine:1,thAx:0,allAx:1,thDist:-1}
1695. sK1 = k2_xboole_0(sK0,k1_xboole_0) | ~r1_tarski(sK0,sK1) <- (1) [superposition 1674,485] {a:1,w:8,wCS:800,goal:1,sine:1,thAx:0,allAx:3,thDist:-3}
1699. sK1 = k2_xboole_0(sK0,k1_xboole_0) <- (1, 3) [subsumption resolution 1695,495] {a:1,w:5,wCS:500,goal:1,sine:1,thAx:0,allAx:3,thDist:-3}
1700. sK0 = sK1 <- (1, 3) [forward demodulation 1699,332] {a:1,w:3,wCS:300,goal:1,sine:1,thAx:0,allAx:3,thDist:-3}
1701. $false <- (1, ~2, 3) [subsumption resolution 1700,490] {a:1,w:0,goal:1,sine:1,thAx:0,allAx:3,thDist:-3}
1702. ~1 | 2 | ~3 [avatar contradiction clause 1701]
1703. $false [avatar sat refutation 486,491,496,1702] {a:0,w:0,goal:1,sine:0,thAx:0,allAx:665,thDist:-665}
% SZS output end Proof for tex_2__l40_tex_2
% ------------------------------
% Version: Vampire 4.5.1 (commit 226f88162 on 2021-09-12 20:13:44 +0200)
% Termination reason: Refutation

% >>> Input
% Input formulas: 124
% >>> Preprocessing
% Introduced skolems: 35
% Pure predicates: 6
% 
% >>> Saturation
% Initial clauses: 170
% Generated clauses: 764
% Active clauses: 207
% Passive clauses: 435
% Final active clauses: 205
% Final passive clauses: 220
% Main loop iterations started: 215
% 
% >>> Simplifying Inferences
% Duplicate literals: 1
% Fw subsumption resolutions: 37
% Fw demodulations: 5
% Bw demodulations: 2
% 
% >>> Deletion Inferences
% Simple tautologies: 41
% Forward subsumptions: 97
% 
% >>> Generating Inferences
% Binary resolution: 360
% Forward superposition: 29
% Backward superposition: 22
% Self superposition: 1
% 
% >>> AVATAR
% Split clauses: 20
% Split components: 42
% Sat splitting refutations: 1
% 
% >>> SAT Solver Statistics
% SAT solver clauses: 155
% SAT solver unit clauses: 56
% SAT solver binary clauses: 69
% 
% Memory used [KB]: 10362
% Time elapsed: 0.007 s
% ------------------------------
% ------------------------------
% Time measurement results:
% parsing: 0.001 s ( own 0.0000 s ) 
% term sharing: 0.001 s
% congruence closure: 0.001 s
% forward subsumption index maintenance: 0.001 s
% forward subsumption: 0.001 s
% superposition: 0.001 s
% other: 0.007 s ( own 0.002 s ) 

