i: [1,157,0,2,1,1,0,0] t4_grfunc_1
a: [3,266,0,2,1,157]
s: 266
i: [1,156,0,2,1,1,0,0] t4_grfunc_1
a: [3,271,0,2,1,156]
s: 271
i: [1,155,0,2,1,1,0,0] t4_grfunc_1
a: [3,276,0,2,1,155]
s: 276
i: [1,154,0,2,1,1,0,0] t4_grfunc_1
a: [3,281,0,2,1,154]
s: 281
i: [1,159,0,14,2,1,0,0] t4_grfunc_1
a: [3,252,0,7,1,159]
s: 252
i: [1,158,0,7,1,1,0,0] t4_grfunc_1
a: [3,261,0,7,1,158]
s: 261
i: [1,160,0,2,1,0,0,255] dt_o_0_0_xboole_0
a: [3,286,0,2,1,160]
s: 286
i: [1,225,0,2,1,0,0,3] rc7_funct_1
a: [3,296,0,2,1,225]
s: 296
i: [1,224,0,2,1,0,0,3] rc7_funct_1
a: [3,301,0,2,1,224]
s: 301
i: [1,227,0,2,1,0,0,2] rc1_relat_1
a: [3,306,0,2,1,227]
s: 306
i: [1,226,0,2,1,0,0,2] rc1_relat_1
a: [3,311,0,2,1,226]
s: 311
i: [1,231,0,2,1,0,0,2] rc4_funct_1
a: [3,316,0,2,1,231]
s: 316
i: [1,230,0,2,1,0,0,2] rc4_funct_1
a: [3,321,0,2,1,230]
s: 321
i: [1,229,0,2,1,0,0,2] rc4_funct_1
a: [3,326,0,2,1,229]
s: 326
i: [1,228,0,2,1,0,0,2] rc4_funct_1
a: [3,331,0,2,1,228]
s: 331
i: [1,233,0,2,1,0,0,2] rc2_relat_1
a: [3,336,0,2,1,233]
s: 336
i: [1,232,0,2,1,0,0,2] rc2_relat_1
a: [3,341,0,2,1,232]
s: 341
i: [1,236,0,2,1,0,0,2] rc3_funct_1
a: [3,346,0,2,1,236]
s: 346
i: [1,235,0,2,1,0,0,2] rc3_funct_1
a: [3,351,0,2,1,235]
s: 351
i: [1,234,0,2,1,0,0,2] rc3_funct_1
a: [3,356,0,2,1,234]
s: 356
i: [1,238,0,2,1,0,0,1] rc1_funct_1
a: [3,361,0,2,1,238]
s: 361
i: [1,237,0,2,1,0,0,1] rc1_funct_1
a: [3,366,0,2,1,237]
s: 366
i: [1,241,0,2,1,0,0,255] rc5_funct_1
a: [3,371,0,2,1,241]
s: 371
i: [1,240,0,2,1,0,0,255] rc5_funct_1
a: [3,376,0,2,1,240]
s: 376
i: [1,239,0,2,1,0,0,255] rc5_funct_1
a: [3,381,0,2,1,239]
s: 381
i: [1,244,0,2,1,0,0,255] rc2_funct_1
a: [3,386,0,2,1,244]
s: 386
i: [1,243,0,2,1,0,0,255] rc2_funct_1
a: [3,391,0,2,1,243]
s: 391
i: [1,242,0,2,1,0,0,255] rc2_funct_1
a: [3,396,0,2,1,242]
s: 396
i: [1,161,0,3,1,0,0,255] d2_xboole_0
a: [3,291,0,3,1,161]
s: 291
r: 286
d: [2,398,0,2,1,2,23,286,291]
a: [3,402,0,2,1,398]
s: 402
i: [1,164,0,4,2,0,0,3] cc7_funct_1
s: 164
d: [2,404,1,2,1,1,40,164,402]
a: [3,408,1,2,1,404]
s: 408
i: [1,165,0,4,2,0,0,1] cc1_funct_1
s: 165
d: [2,410,1,2,1,1,40,165,402]
a: [3,414,1,2,1,410]
s: 414
i: [1,166,0,4,2,0,0,2] cc1_relat_1
s: 166
i: [1,204,0,4,1,0,0,2] existence_m1_subset_1
s: 204
d: [2,416,1,2,1,1,40,166,402]
a: [3,420,1,2,1,416]
s: 420
i: [1,205,0,4,1,0,0,1] dt_k3_relat_1
s: 205
i: [1,167,0,5,2,0,0,255] t6_boole
s: 167
i: [1,168,0,5,2,0,0,2] fc10_relat_1
s: 168
i: [1,169,0,5,2,0,0,2] fc4_xtuple_0
s: 169
i: [1,194,0,5,2,0,0,1] t7_boole
s: 194
i: [1,206,0,5,1,0,0,255] fc1_funct_1
s: 206
d: [2,430,1,4,1,1,40,194,261]
a: [3,434,1,4,1,430]
s: 434
i: [1,207,0,5,1,0,0,255] fc5_relat_1
s: 207
i: [1,183,0,6,3,0,0,255] cc3_relat_1
s: 183
d: [2,436,0,4,2,0,21,183,166]
s: 436
i: [1,185,0,6,3,0,0,2] cc4_relat_1
s: 185
d: [2,437,1,2,1,1,40,436,402]
a: [3,442,1,2,1,437]
s: 442
d: [2,444,0,4,2,0,21,185,166]
s: 444
i: [1,192,0,6,2,0,0,2] t1_subset
s: 192
d: [2,453,1,7,1,1,40,192,261]
a: [3,457,1,7,1,453]
s: 457
i: [1,209,0,6,2,0,0,1] antisymmetry_r2_hidden
s: 209
d: [2,459,1,7,1,1,40,209,261]
a: [3,463,1,7,1,459]
s: 463
i: [1,162,0,7,3,0,0,2] cc8_funct_1
s: 162
i: [1,163,0,7,3,0,0,2] cc8_funct_1
s: 163
d: [2,466,2,8,2,1,40,162,457]
a: [3,470,2,4,1,466]
s: 470
i: [1,171,0,7,3,0,0,2] fc8_relat_1
s: 171
d: [2,446,1,2,1,1,40,444,402]
a: [3,451,1,2,1,446]
s: 451
i: [1,175,0,7,3,0,0,255] fc24_relat_1
s: 175
i: [1,189,0,7,3,0,0,255] fc14_funct_1
s: 189
d: [2,427,1,5,2,0,40,168,166]
s: 427
i: [1,193,0,7,3,0,0,2] t8_boole
s: 193
d: [2,428,1,5,2,0,40,168,165]
s: 428
i: [1,208,0,7,1,0,0,255] commutativity_k2_tarski
s: 208
i: [1,174,0,8,4,0,0,255] cc6_funct_1
s: 174
d: [2,429,1,5,2,0,40,168,164]
s: 429
i: [1,178,0,8,4,0,0,255] cc4_funct_1
s: 178
d: [2,486,0,6,3,0,21,178,166]
d: [2,487,0,4,2,0,21,486,165]
s: 487
i: [1,181,0,8,4,0,0,255] cc2_funct_1
s: 181
d: [2,495,0,6,3,0,21,181,166]
d: [2,496,0,4,2,0,21,495,165]
s: 496
d: [2,488,1,2,1,1,40,487,402]
a: [3,493,1,2,1,488]
s: 493
i: [1,186,0,8,4,0,0,255] cc5_funct_1
s: 186
d: [2,497,1,2,1,1,40,496,402]
a: [3,502,1,2,1,497]
s: 502
i: [1,191,0,8,3,0,0,2] t2_subset
s: 191
i: [1,211,0,8,3,0,0,1] fc12_relat_1
s: 211
d: [2,508,2,4,2,1,40,211,434]
d: [2,516,2,2,1,2,21,508,281]
a: [3,520,2,2,1,516]
s: 520
i: [1,212,0,8,3,0,0,1] fc12_relat_1
s: 212
d: [2,438,1,5,2,0,40,436,168]
s: 438
i: [1,213,0,8,3,0,0,1] fc13_relat_1
s: 213
i: [1,214,0,8,3,0,0,1] fc13_relat_1
s: 214
d: [2,522,2,4,2,1,40,213,434]
d: [2,530,2,2,1,2,21,522,271]
a: [3,534,2,2,1,530]
s: 534
i: [1,223,0,8,1,0,0,255] fc7_relat_1
s: 223
d: [2,447,1,5,2,0,40,444,168]
s: 447
i: [1,170,0,9,4,0,0,255] fc18_funct_1
s: 170
i: [1,190,0,10,1,0,0,255] d5_tarski
s: 190
d: [2,465,1,5,2,0,40,162,204]
s: 465
i: [1,215,0,10,4,0,0,255] fc19_funct_1
s: 215
d: [2,476,1,5,2,0,40,163,204]
s: 476
i: [1,221,0,10,4,0,0,2] fc15_relat_1
s: 221
i: [1,222,0,10,4,0,0,2] fc15_relat_1
s: 222
d: [2,489,1,5,2,0,40,487,168]
s: 489
i: [1,218,0,12,5,0,0,255] fc15_funct_1
s: 218
d: [2,498,1,5,2,0,40,496,168]
s: 498
i: [1,219,0,12,5,0,0,1] fc2_funct_1
s: 219
i: [1,220,0,12,5,0,0,1] fc2_funct_1
s: 220
d: [2,506,1,6,2,0,40,191,204]
s: 506
i: [1,201,0,13,4,0,0,1] t1_funct_1
s: 201
d: [2,560,1,14,3,1,40,201,261]
d: [2,561,1,10,2,1,21,560,205]
a: [3,565,1,4,1,561]
s: 565
d: [2,571,2,0,0,5,52,271,266,281,276,565,220]
e: 571
d: [2,572,2,8,4,1,40,565,220]
d: [2,574,2,6,3,2,21,572,276]
d: [2,575,2,4,2,3,21,574,281]
d: [2,576,2,2,1,4,21,575,266]
d: [2,577,2,0,0,5,21,576,271]
e: 577
r: 565
i: [1,202,0,14,4,0,0,1] t1_funct_1
s: 202
i: [1,248,0,15,4,0,0,1] t1_funct_1
s: 248
a: [3,564,1,4,1,561]
s: 564
i: [1,210,0,16,6,0,0,1] fc11_funct_1
s: 210
d: [2,586,1,8,3,1,40,248,252]
d: [2,594,1,6,2,2,21,586,266]
d: [2,595,1,4,1,3,21,594,271]
a: [3,599,1,4,1,595]
s: 599
i: [1,216,0,16,7,0,0,255] fc7_funct_1
s: 216
i: [1,217,0,16,7,0,0,255] fc7_funct_1
s: 217
a: [3,569,1,6,1,561]
s: 569
i: [1,246,0,20,3,0,0,1] d8_relat_1
s: 246
d: [2,606,2,5,1,1,40,569,194]
a: [3,620,2,5,1,606]
s: 620
d: [2,622,0,16,2,0,21,246,205]
s: 622
i: [1,247,0,20,3,0,0,1] d8_relat_1
s: 247
d: [2,604,2,6,1,1,40,569,209]
a: [3,610,2,6,1,604]
s: 610
d: [2,629,0,16,2,0,21,247,205]
s: 629
d: [2,605,2,6,1,1,40,569,192]
a: [3,615,2,6,1,605]
s: 615
i: [1,245,0,21,4,0,0,1] d8_relat_1
s: 245
d: [2,665,0,17,3,0,21,245,205]
s: 665
d: [2,635,3,22,5,1,40,615,210]
d: [2,639,3,18,4,2,21,635,564]
d: [2,640,3,14,3,2,21,639,205]
d: [2,641,3,10,2,3,21,640,434]
a: [3,645,3,4,1,641]
s: 645
i: [1,198,0,29,4,0,0,1] d8_relat_1
s: 198
d: [2,673,4,6,3,1,40,645,222]
d: [2,674,4,4,2,2,21,673,281]
d: [2,675,4,2,1,3,21,674,271]
a: [3,679,4,2,1,675]
s: 679
i: [1,199,0,29,4,0,0,1] d8_relat_1
s: 199
i: [1,200,0,34,5,0,0,1] d8_relat_1
s: 200
d: [2,637,3,7,2,1,40,615,163]
a: [3,654,3,5,1,637]
s: 654
d: [2,579,1,15,3,1,40,202,261]
d: [2,580,1,11,2,1,21,579,205]
a: [3,584,1,7,1,580]
s: 584
d: [2,695,2,14,4,1,44,215,584]
d: [2,696,2,10,3,2,21,695,564]
d: [2,697,2,6,2,2,21,696,205]
a: [3,701,2,4,1,697]
s: 701
d: [2,591,1,10,4,0,40,248,194]
d: [2,601,1,8,3,0,21,591,166]
d: [2,602,1,6,2,0,21,601,165]
s: 602
d: [2,422,1,7,3,0,44,167,167]
s: 422
d: [2,557,2,6,2,0,40,506,209]
s: 557
d: [2,509,1,8,3,0,40,211,164]
s: 509
d: [2,707,2,13,4,0,40,602,248]
d: [2,714,2,10,3,0,21,707,428]
d: [2,715,2,7,2,0,21,714,427]
s: 715
d: [2,510,1,8,3,0,40,211,165]
s: 510
d: [2,512,1,8,3,0,40,211,436]
s: 512
d: [2,722,3,6,2,0,40,715,506]
s: 722
d: [2,513,1,8,3,0,40,211,444]
s: 513
d: [2,725,4,6,2,0,40,722,164]
s: 725
d: [2,514,1,8,3,0,40,211,487]
s: 514
d: [2,515,1,8,3,0,40,211,496]
s: 515
d: [2,726,4,6,2,0,40,722,165]
s: 726
d: [2,523,1,8,3,0,40,213,164]
s: 523
d: [2,727,4,6,2,0,40,722,166]
s: 727
d: [2,524,1,8,3,0,40,213,165]
s: 524
d: [2,526,1,8,3,0,40,213,436]
s: 526
d: [2,728,4,6,2,0,40,722,436]
s: 728
d: [2,527,1,8,3,0,40,213,444]
s: 527
d: [2,729,4,6,2,0,40,722,444]
s: 729
d: [2,528,1,8,3,0,40,213,487]
s: 528
d: [2,529,1,8,3,0,40,213,496]
s: 529
d: [2,730,4,6,2,0,40,722,487]
s: 730
d: [2,628,1,9,2,0,40,622,194]
s: 628
d: [2,731,4,6,2,0,40,722,496]
s: 731
d: [2,634,1,9,2,0,40,629,194]
s: 634
d: [2,540,1,10,1,0,44,190,208]
s: 540
d: [2,541,1,10,1,0,44,190,208]
s: 541
d: [2,543,1,10,1,0,44,190,208]
s: 543
d: [2,544,1,10,1,0,44,190,208]
s: 544
d: [2,545,1,10,1,0,44,208,190]
s: 545
d: [2,546,1,10,1,0,44,208,190]
s: 546
d: [2,547,1,10,4,0,40,215,164]
s: 547
d: [2,548,1,10,4,0,40,215,165]
s: 548
d: [2,549,1,10,4,0,40,215,166]
s: 549
d: [2,550,1,10,4,0,40,215,436]
s: 550
d: [2,551,1,10,4,0,40,215,444]
s: 551
d: [2,552,1,10,4,0,40,215,487]
s: 552
d: [2,553,1,10,4,0,40,215,496]
s: 553
d: [2,708,2,10,2,0,40,602,629]
s: 708
d: [2,485,1,13,5,0,40,174,175]
s: 485
d: [2,603,1,14,5,0,40,210,204]
s: 603
d: [2,709,2,10,2,0,40,602,622]
s: 709
d: [2,670,1,14,3,0,40,665,194]
s: 670
d: [2,795,2,11,2,1,40,670,261]
s: 795
d: [2,542,1,15,1,0,44,190,190]
s: 542
d: [2,589,1,15,4,0,40,248,209]
s: 589
d: [2,756,2,10,1,0,44,540,208]
s: 756
d: [2,590,1,15,4,0,40,248,192]
s: 590
d: [2,757,2,10,1,0,44,540,208]
s: 757
d: [2,631,1,15,4,0,40,629,201]
s: 631
d: [2,833,2,0,0,4,52,271,266,599,261,631]
e: 833
d: [2,834,2,8,3,1,40,631,261]
d: [2,842,2,4,2,2,21,834,599]
d: [2,843,2,2,1,3,21,842,266]
d: [2,844,2,0,0,4,21,843,271]
e: 844
r: 252
r: 599
a: [3,251,0,7,1,159]
s: 251
a: [3,598,1,4,1,595]
s: 598
a: [3,256,0,7,1,159]
s: 256
d: [2,872,2,3,1,1,40,598,194]
a: [3,886,2,3,1,872]
s: 886
d: [2,853,1,7,1,1,40,251,209]
a: [3,862,1,7,1,853]
s: 862
d: [2,854,1,7,1,1,40,251,192]
a: [3,867,1,7,1,854]
s: 867
d: [2,890,2,8,2,1,40,867,163]
a: [3,895,2,2,1,890]
s: 895
d: [2,626,1,16,2,0,40,622,209]
s: 626
d: [2,870,2,4,1,1,40,598,209]
a: [3,876,2,4,1,870]
s: 876
d: [2,627,1,16,2,0,40,622,192]
s: 627
d: [2,632,1,16,2,0,40,629,209]
s: 632
d: [2,871,2,4,1,1,40,598,192]
a: [3,881,2,4,1,871]
s: 881
d: [2,633,1,16,2,0,40,629,192]
s: 633
d: [2,911,3,12,5,1,40,881,210]
d: [2,915,3,10,4,2,21,911,266]
d: [2,916,3,8,3,3,21,915,271]
d: [2,917,3,6,2,4,21,916,520]
a: [3,921,3,2,1,917]
s: 921
d: [2,668,1,17,3,0,40,665,209]
s: 668
d: [2,669,1,17,3,0,40,665,192]
s: 669
d: [2,913,3,5,2,1,40,881,163]
a: [3,930,3,3,1,913]
s: 930
d: [2,556,1,18,5,0,44,218,190]
s: 556
d: [2,850,2,11,2,1,40,251,670]
s: 850
d: [2,625,1,19,4,0,40,622,201]
s: 625
d: [2,624,1,20,4,0,40,622,202]
s: 624
d: [2,952,3,13,2,1,40,850,629]
s: 952
d: [2,630,1,20,4,0,40,629,202]
s: 630
d: [2,951,3,14,4,1,40,850,248]
s: 951
d: [2,667,1,24,5,0,40,665,201]
d: [2,672,1,20,4,0,21,667,205]
s: 672
d: [2,685,1,20,4,0,40,198,194]
s: 685
d: [2,983,4,15,2,1,40,952,629]
s: 983
d: [2,690,1,20,4,0,40,199,194]
s: 690
d: [2,982,4,20,4,1,40,952,248]
d: [2,984,4,16,3,1,21,982,205]
s: 984
d: [2,666,1,25,5,0,40,665,202]
d: [2,671,1,21,4,0,21,666,205]
s: 671
d: [2,682,1,29,6,0,40,198,201]
s: 682
d: [2,1069,2,17,4,1,44,671,584]
d: [2,1101,2,13,3,2,21,1069,564]
s: 1101
d: [2,683,1,29,4,0,40,198,209]
s: 683
d: [2,1140,3,10,2,3,40,1101,251]
s: 1140
d: [2,684,1,29,4,0,40,198,192]
s: 684
d: [2,687,1,29,6,0,40,199,201]
s: 687
d: [2,1146,4,17,4,3,40,1140,248]
d: [2,1148,4,15,3,4,21,1146,276]
d: [2,1149,4,13,2,5,21,1148,281]
a: [3,1153,4,6,1,1149]
s: 1153
d: [2,688,1,29,4,0,40,199,209]
s: 688
d: [2,1141,3,18,5,2,40,1101,248]
d: [2,1143,3,14,4,3,21,1141,598]
d: [2,1144,3,12,3,4,21,1143,266]
d: [2,1145,3,10,2,5,21,1144,271]
s: 1145
d: [2,689,1,29,4,0,40,199,192]
s: 689
d: [2,681,1,33,6,0,40,198,202]
s: 681
d: [2,1072,2,17,4,1,44,584,671]
d: [2,1103,2,13,3,2,21,1072,564]
s: 1103
d: [2,686,1,33,6,0,40,199,202]
s: 686
d: [2,1040,5,17,2,1,40,983,629]
s: 1040
d: [2,691,1,51,6,0,40,200,665]
d: [2,692,1,47,5,0,21,691,205]
s: 692
d: [2,1024,2,11,4,0,40,685,194]
d: [2,1035,2,9,3,0,21,1024,166]
s: 1035
d: [2,1284,6,19,4,1,44,1040,1035]
a: [3,1319,6,6,2,1284]
s: 1319
d: [2,1053,2,11,4,0,40,690,194]
d: [2,1064,2,9,3,0,21,1053,166]
s: 1064
r: 1319
a: [3,1322,6,13,2,1284]
s: 1322
d: [2,760,2,10,1,0,44,208,540]
s: 760
d: [2,761,2,10,1,0,44,208,540]
s: 761
d: [2,1408,7,15,2,1,40,1322,629]
s: 1408
d: [2,762,2,10,1,0,44,543,208]
s: 762
d: [2,1417,8,17,2,1,40,1408,629]
s: 1417
d: [2,763,2,10,1,0,44,543,208]
s: 763
d: [2,786,2,14,7,0,40,603,215]
d: [2,787,2,10,5,0,18,786]
s: 787
d: [2,1446,3,8,4,1,40,787,321]
d: [2,1450,3,6,3,2,21,1446,316]
d: [2,1451,3,4,2,3,21,1450,326]
d: [2,1452,3,2,1,4,21,1451,331]
a: [3,1456,3,2,1,1452]
s: 1456
d: [2,1025,2,13,4,0,40,685,602]
d: [2,1036,2,10,3,0,21,1025,427]
s: 1036
r: 1417
r: 1408
r: 1322
d: [2,1363,6,19,4,1,44,1040,1064]
a: [3,1400,6,2,1,1363]
s: 1400
r: 331
r: 311
r: 301
r: 520
r: 534
r: 886
r: 620
r: 171
r: 603
r: 210
r: 795
r: 670
r: 1040
r: 984
r: 983
r: 952
r: 951
r: 850
r: 434
r: 1064
r: 1036
r: 1035
r: 731
r: 730
r: 729
r: 728
r: 727
r: 726
r: 725
r: 722
r: 715
r: 709
r: 708
r: 690
r: 685
r: 634
r: 628
r: 602
r: 529
r: 528
r: 527
r: 526
r: 524
r: 523
r: 515
r: 514
r: 513
r: 512
r: 510
r: 509
r: 498
r: 496
r: 489
r: 487
r: 447
r: 444
r: 438
r: 436
r: 429
r: 428
r: 427
r: 213
r: 211
r: 194
r: 193
r: 168
r: 167
r: 166
r: 165
r: 164
d: [2,1787,7,0,0,2,40,1400,402]
e: 1787
d: [2,1783,7,0,0,2,52,402,1400]
e: 1783
d: [2,1784,7,0,0,5,52,442,451,420,414,1400,787]
e: 1784
d: [2,1785,7,0,0,4,52,420,442,414,1400,215]
e: 1785
r: 1400
s: 301
s: 311
s: 520
s: 331
s: 534
s: 164
s: 165
s: 886
s: 166
s: 434
s: 436
s: 444
s: 620
s: 487
d: [2,1447,3,8,4,1,40,787,336]
d: [2,1458,3,6,3,2,21,1447,341]
a: [3,1462,3,2,1,1458]
s: 1462
s: 496
s: 167
d: [2,1448,3,8,4,1,40,787,351]
d: [2,1472,3,6,3,2,21,1448,346]
d: [2,1473,3,4,2,3,21,1472,356]
a: [3,1477,3,2,1,1473]
s: 1477
s: 168
d: [2,1577,4,19,6,1,44,951,1036]
d: [2,1756,4,17,5,1,21,1577,166]
d: [2,1757,4,15,4,1,21,1756,165]
a: [3,1760,4,9,2,1757]
s: 1760
s: 194
s: 171
s: 795
s: 193
s: 850
s: 211
s: 213
s: 952
s: 210
d: [2,1849,3,13,2,1,40,850,629]
s: 1849
s: 427
s: 428
s: 1322
s: 429
s: 951
s: 438
s: 447
d: [2,1848,3,14,4,1,40,850,248]
s: 1848
s: 489
d: [2,1518,6,20,4,1,44,1040,1036]
a: [3,1645,6,14,2,1518]
s: 1645
s: 498
d: [2,1817,1,5,2,0,40,168,164]
s: 1817
s: 983
d: [2,1818,1,5,2,0,40,168,165]
s: 1818
d: [2,1872,4,15,2,1,40,952,629]
s: 1872
d: [2,1819,1,5,2,0,40,168,166]
s: 1819
d: [2,1820,1,5,2,0,40,168,436]
s: 1820
d: [2,1887,7,15,2,1,40,1322,629]
s: 1887
d: [2,1821,1,5,2,0,40,168,444]
s: 1821
d: [2,1551,3,14,6,0,44,170,1036]
d: [2,1661,3,12,5,0,21,1551,166]
d: [2,1662,3,10,4,0,21,1661,165]
a: [3,1665,3,4,2,1662]
s: 1665
r: 1665
d: [2,1822,1,5,2,0,40,168,487]
s: 1822
d: [2,1823,1,5,2,0,40,168,496]
s: 1823
d: [2,1553,3,12,5,0,44,175,1036]
d: [2,1670,3,10,4,0,21,1553,166]
a: [3,1673,3,4,2,1670]
s: 1673
s: 602
s: 984
d: [2,1826,1,10,4,0,40,194,248]
d: [2,1841,1,8,3,0,21,1826,166]
d: [2,1842,1,6,2,0,21,1841,165]
s: 1842
d: [2,1806,1,7,3,0,44,167,167]
s: 1806
d: [2,1871,4,20,4,1,40,952,248]
d: [2,1873,4,16,3,1,21,1871,205]
s: 1873
s: 509
d: [2,1885,7,16,3,1,40,1322,665]
s: 1885
s: 510
s: 512
d: [2,1522,9,20,4,1,44,1417,1036]
d: [2,1614,9,18,3,1,18,1522]
a: [3,1651,9,16,2,1614]
s: 1651
s: 513
s: 1040
s: 514
s: 515
d: [2,1902,5,17,2,1,40,983,629]
s: 1902
s: 523
d: [2,1895,7,17,3,1,40,1645,665]
s: 1895
s: 524
s: 526
d: [2,1906,8,17,2,1,40,1887,629]
s: 1906
s: 527
d: [2,953,3,18,3,1,40,850,665]
s: 953
s: 528
s: 529
d: [2,1850,3,18,3,1,40,850,665]
s: 1850
d: [2,1854,1,8,3,0,40,211,164]
s: 1854
d: [2,1147,4,18,2,3,40,1140,629]
s: 1147
d: [2,1855,1,8,3,0,40,211,165]
s: 1855
d: [2,1857,1,8,3,0,40,211,436]
s: 1857
d: [2,1886,7,24,4,1,40,1322,248]
d: [2,1888,7,18,3,1,21,1886,205]
s: 1888
d: [2,1858,1,8,3,0,40,211,444]
s: 1858
d: [2,1952,10,18,2,1,40,1651,629]
s: 1952
d: [2,1859,1,8,3,0,40,211,487]
s: 1859
d: [2,1860,1,8,3,0,40,211,496]
s: 1860
d: [2,1142,3,19,3,2,40,1101,629]
s: 1142
d: [2,1863,1,8,3,0,40,213,164]
s: 1863
d: [2,1986,4,17,3,2,40,1142,622]
d: [2,1991,4,10,2,2,18,1986]
s: 1991
d: [2,1864,1,8,3,0,40,213,165]
s: 1864
d: [2,1866,1,8,3,0,40,213,436]
s: 1866
d: [2,1997,5,18,2,2,40,1991,629]
s: 1997
d: [2,1867,1,8,3,0,40,213,444]
s: 1867
d: [2,1244,6,19,2,1,40,1040,629]
s: 1244
d: [2,1868,1,8,3,0,40,213,487]
s: 1868
d: [2,1869,1,8,3,0,40,213,496]
s: 1869
d: [2,1958,6,19,2,1,40,1040,629]
s: 1958
s: 628
d: [2,1968,9,19,2,1,40,1906,629]
s: 1968
s: 634
r: 1885
d: [2,1827,1,9,2,0,40,194,629]
s: 1827
d: [2,1039,5,26,4,1,40,983,248]
d: [2,1041,5,20,3,1,21,1039,205]
s: 1041
d: [2,1828,1,9,2,0,40,194,622]
s: 1828
d: [2,1901,5,26,4,1,40,983,248]
d: [2,1903,5,20,3,1,21,1901,205]
s: 1903
s: 603
s: 670
d: [2,1896,7,27,4,1,40,1645,248]
d: [2,1898,7,20,3,1,21,1896,205]
s: 1898
d: [2,1835,1,14,3,0,40,194,665]
s: 1835
d: [2,1984,11,20,2,1,40,1952,629]
s: 1984
d: [2,1874,1,14,5,0,40,210,204]
s: 1874
s: 685
d: [2,1976,5,21,3,3,40,1147,665]
s: 1976
s: 690
d: [2,2090,6,32,6,3,44,1976,630]
d: [2,2100,6,30,5,4,21,2090,276]
d: [2,2101,6,28,4,5,21,2100,281]
d: [2,2102,6,19,3,5,21,2101,665]
a: [3,2105,6,12,2,2102]
s: 2105
r: 1976
d: [2,1825,1,20,4,0,40,194,198]
s: 1825
d: [2,1829,1,20,4,0,40,194,199]
s: 1829
d: [2,2091,6,26,4,3,44,622,1976]
d: [2,2107,6,17,3,3,21,2091,665]
s: 2107
s: 715
d: [2,2094,6,26,4,3,44,626,1976]
d: [2,2110,6,17,3,3,21,2094,665]
s: 2110
d: [2,1882,2,12,5,0,40,428,485]
d: [2,1883,2,10,4,0,21,1882,166]
d: [2,1884,2,7,3,0,21,1883,427]
s: 1884
d: [2,1921,2,13,4,0,40,602,248]
d: [2,1934,2,10,3,0,21,1921,428]
d: [2,1935,2,7,2,0,21,1934,427]
s: 1935
d: [2,2095,6,26,4,3,44,627,1976]
d: [2,2111,6,17,3,3,21,2095,665]
s: 2111
s: 1035
d: [2,2199,6,20,5,1,44,1041,1035]
a: [3,2281,6,14,3,2199]
s: 2281
s: 1064
d: [2,1931,2,13,4,0,40,602,625]
d: [2,1940,2,11,3,0,21,1931,166]
d: [2,1941,2,9,2,0,21,1940,165]
s: 1941
d: [2,2093,6,29,6,3,44,625,1976]
d: [2,2109,6,20,5,3,21,2093,665]
s: 2109
d: [2,2077,2,11,4,0,40,685,194]
d: [2,2088,2,9,3,0,21,2077,166]
s: 2088
d: [2,2151,7,20,2,1,40,2105,629]
s: 2151
d: [2,2138,2,11,4,0,40,690,194]
d: [2,2148,2,9,3,0,21,2138,166]
s: 2148
s: 708
r: 1895
d: [2,2399,8,18,2,1,40,2151,622]
d: [2,2406,8,9,1,1,18,2399]
s: 2406
s: 709
d: [2,2404,8,31,5,1,44,2151,630]
d: [2,2405,8,22,4,1,18,2404]
d: [2,2407,8,20,3,2,21,2405,276]
d: [2,2408,8,18,2,3,21,2407,281]
a: [3,2411,8,9,1,2408]
s: 2411
r: 1147
r: 2151
s: 1036
d: [2,1054,2,13,4,0,40,690,602]
d: [2,1065,2,10,3,0,21,1054,427]
s: 1065
r: 1673
r: 654
r: 701
r: 930
r: 1153
r: 1477
a: [3,705,2,2,1,697]
s: 705
r: 705
a: [3,704,2,2,1,697]
s: 704
a: [3,658,3,2,1,637]
s: 658
s: 701
d: [2,1922,2,10,2,0,40,602,629]
s: 1922
d: [2,638,3,7,2,1,40,615,162]
a: [3,663,3,2,1,638]
s: 663
d: [2,1923,2,10,2,0,40,602,622]
s: 1923
s: 1153
d: [2,2080,2,13,4,0,40,685,602]
d: [2,2089,2,10,3,0,21,2080,427]
s: 2089
d: [2,2141,2,13,4,0,40,690,602]
d: [2,2149,2,10,3,0,21,2141,427]
s: 2149
a: [3,1157,4,7,1,1149]
s: 1157
d: [2,739,2,11,2,0,40,628,629]
s: 739
d: [2,3059,5,8,4,1,44,215,1157]
d: [2,3070,5,6,3,2,21,3059,704]
d: [2,3071,5,4,2,3,21,3070,276]
d: [2,3072,5,2,1,4,21,3071,281]
a: [3,3076,5,2,1,3072]
s: 3076
d: [2,740,2,11,2,0,40,628,622]
s: 740
d: [2,747,2,11,2,0,40,634,629]
s: 747
a: [3,1481,3,2,1,1473]
s: 1481
r: 1481
d: [2,748,2,11,2,0,40,634,622]
s: 748
s: 1477
d: [2,1018,2,15,4,0,40,685,634]
d: [2,1031,2,11,3,0,21,1018,205]
s: 1031
d: [2,1019,2,15,4,0,40,685,628]
d: [2,1032,2,11,3,0,21,1019,205]
s: 1032
a: [3,1480,3,2,1,1473]
s: 1480
d: [2,1047,2,15,4,0,40,690,634]
d: [2,1060,2,11,3,0,21,1047,205]
s: 1060
d: [2,1911,4,2,1,2,40,1665,402]
a: [3,1916,4,2,1,1911]
s: 1916
d: [2,1048,2,15,4,0,40,690,628]
d: [2,1061,2,11,3,0,21,1048,205]
s: 1061
d: [2,2010,2,11,2,0,40,628,629]
s: 2010
d: [2,2802,4,19,6,1,44,951,1065]
d: [2,2921,4,17,5,1,21,2802,166]
d: [2,2922,4,15,4,1,21,2921,165]
a: [3,2925,4,9,2,2922]
s: 2925
d: [2,2011,2,11,2,0,40,628,622]
s: 2011
d: [2,2461,9,11,1,1,40,2411,629]
s: 2461
d: [2,2075,2,15,4,0,40,685,628]
d: [2,2086,2,11,3,0,21,2075,205]
s: 2086
d: [2,2135,2,15,4,0,40,690,634]
d: [2,2145,2,11,3,0,21,2135,205]
s: 2145
d: [2,2460,9,16,3,1,40,2411,248]
d: [2,2464,9,12,2,1,21,2460,205]
s: 2464
d: [2,2136,2,15,4,0,40,690,628]
d: [2,2146,2,11,3,0,21,2136,205]
s: 2146
d: [2,3143,10,13,1,1,40,2461,629]
s: 3143
d: [2,738,2,16,4,0,40,628,248]
d: [2,743,2,12,3,0,21,738,205]
s: 743
d: [2,746,2,16,4,0,40,634,248]
d: [2,751,2,12,3,0,21,746,205]
s: 751
r: 2281
d: [2,2804,7,19,4,1,44,1645,1065]
d: [2,2825,7,17,3,1,18,2804]
a: [3,2930,7,15,2,2825]
s: 2930
d: [2,2009,2,16,4,0,40,628,248]
d: [2,2017,2,12,3,0,21,2009,205]
s: 2017
d: [2,3166,11,15,1,1,40,3143,629]
s: 3166
d: [2,2029,2,16,4,0,40,634,248]
d: [2,2037,2,12,3,0,21,2029,205]
s: 2037
d: [2,754,2,14,1,0,44,540,190]
s: 754
s: 1665
d: [2,755,2,14,1,0,44,540,540]
s: 755
d: [2,2501,6,22,5,1,44,1041,1036]
a: [3,2647,6,16,3,2501]
s: 2647
d: [2,766,2,14,1,0,44,543,543]
s: 766
d: [2,769,2,14,1,0,44,190,543]
s: 769
d: [2,3142,10,22,3,1,40,2461,248]
d: [2,3152,10,16,2,1,21,3142,205]
s: 3152
d: [2,958,2,14,4,0,40,625,194]
s: 958
d: [2,3351,3,7,3,1,40,958,261]
d: [2,3368,3,5,2,2,21,3351,276]
d: [2,3369,3,3,1,3,21,3368,281]
a: [3,3373,3,3,1,3369]
s: 3373
d: [2,1839,2,14,4,0,40,194,625]
s: 1839
d: [2,1919,2,18,4,0,40,602,672]
d: [2,1933,2,14,3,0,21,1919,165]
s: 1933
d: [2,2805,10,21,4,1,44,1651,1065]
d: [2,2824,10,19,3,1,18,2805]
a: [3,2934,10,17,2,2824]
s: 2934
d: [2,759,2,15,1,0,44,190,540]
s: 759
d: [2,3265,12,17,1,1,40,3166,629]
s: 3265
d: [2,764,2,15,1,0,44,543,190]
s: 764
d: [2,765,2,15,1,0,44,543,540]
s: 765
d: [2,3317,7,22,5,1,44,2647,1065]
d: [2,3326,7,20,4,1,18,3317]
a: [3,3330,7,18,3,3326]
s: 3330
d: [2,767,2,15,1,0,44,540,543]
s: 767
d: [2,3243,8,18,3,1,40,2930,665]
s: 3243
d: [2,804,2,15,1,0,44,542,208]
s: 804
d: [2,805,2,15,1,0,44,542,208]
s: 805
d: [2,2807,11,23,4,1,44,1952,1065]
d: [2,2822,11,21,3,1,18,2807]
a: [3,2942,11,19,2,2822]
s: 2942
d: [2,967,2,19,7,0,44,553,624]
d: [2,972,2,15,5,0,18,967]
s: 972
d: [2,3428,13,19,1,1,40,3265,629]
s: 3428
d: [2,966,2,19,7,0,44,552,624]
d: [2,973,2,15,5,0,18,966]
s: 973
d: [2,965,2,19,7,0,44,551,624]
d: [2,974,2,15,5,0,18,965]
s: 974
d: [2,3300,4,5,2,1,40,1665,168]
s: 3300
d: [2,964,2,19,7,0,44,550,624]
d: [2,975,2,15,5,0,18,964]
s: 975
d: [2,3165,11,28,3,1,40,3143,248]
d: [2,3179,11,20,2,1,21,3165,205]
s: 3179
d: [2,963,2,19,7,0,44,549,624]
d: [2,976,2,15,5,0,18,963]
s: 976
d: [2,962,2,19,7,0,44,548,624]
d: [2,977,2,15,5,0,18,962]
s: 977
d: [2,1998,6,21,3,2,40,1997,665]
s: 1998
d: [2,961,2,19,7,0,44,547,624]
d: [2,978,2,15,5,0,18,961]
s: 978
d: [2,3755,7,26,4,2,44,622,1998]
d: [2,3764,7,17,3,2,21,3755,665]
s: 3764
d: [2,959,2,19,7,0,44,215,624]
d: [2,980,2,15,5,0,18,959]
s: 980
d: [2,799,2,16,3,0,40,670,622]
s: 799
d: [2,3829,3,9,2,1,40,799,261]
s: 3829
d: [2,828,2,16,5,0,40,590,163]
s: 828
d: [2,3854,4,11,2,1,40,3829,629]
s: 3854
d: [2,829,2,16,5,0,40,590,162]
s: 829
d: [2,2054,2,16,3,0,40,670,622]
s: 2054
d: [2,3853,4,12,4,1,40,3829,248]
s: 3853
d: [2,837,2,17,4,0,40,631,629]
s: 837
d: [2,3868,5,13,2,1,40,3854,629]
s: 3868
d: [2,907,2,17,3,0,40,627,163]
s: 907
d: [2,908,2,17,3,0,40,627,162]
s: 908
d: [2,3867,5,18,4,1,40,3854,248]
d: [2,3873,5,14,3,1,21,3867,205]
s: 3873
d: [2,934,2,17,3,0,40,633,163]
s: 934
d: [2,3944,6,19,5,1,44,3873,1065]
d: [2,3947,6,15,4,1,21,3944,165]
a: [3,3950,6,8,2,3947]
s: 3950
d: [2,935,2,17,3,0,40,633,162]
s: 935
d: [2,758,2,18,5,0,44,218,540]
s: 758
d: [2,1525,9,20,4,1,44,1417,1036]
a: [3,1655,9,6,2,1525]
s: 1655
r: 1655
r: 3950
d: [2,768,2,18,5,0,44,218,543]
s: 768
a: [3,3953,6,7,2,3947]
s: 3953
d: [2,836,2,22,6,0,40,631,248]
d: [2,846,2,18,5,0,21,836,205]
s: 846
d: [2,939,2,18,4,0,40,669,163]
s: 939
d: [2,3945,6,19,5,1,44,3873,1036]
d: [2,3955,6,15,4,1,21,3945,165]
a: [3,3958,6,7,2,3955]
s: 3958
d: [2,940,2,18,4,0,40,669,162]
s: 940
r: 1157
r: 1462
r: 1477
r: 1480
r: 3300
r: 1665
r: 1916
a: [3,1466,3,2,1,1458]
s: 1466
r: 1466
d: [2,942,2,18,5,0,44,556,208]
s: 942
d: [2,943,2,18,5,0,44,556,208]
s: 943
s: 1462
d: [2,992,2,25,5,0,44,633,630]
d: [2,993,2,18,4,0,18,992]
s: 993
a: [3,1465,3,2,1,1458]
s: 1465
d: [2,991,2,25,5,0,44,632,630]
d: [2,994,2,18,4,0,18,991]
s: 994
d: [2,990,2,25,5,0,44,629,630]
d: [2,995,2,18,4,0,18,990]
s: 995
a: [3,1476,3,2,1,1473]
s: 1476
d: [2,989,2,25,5,0,44,627,630]
d: [2,996,2,18,4,0,18,989]
s: 996
d: [2,2099,6,28,4,3,44,633,1976]
d: [2,2125,6,19,3,3,21,2099,665]
a: [3,2129,6,7,1,2125]
s: 2129
d: [2,4211,7,0,0,3,52,534,256,2129,191]
e: 4211
d: [2,4212,7,9,2,1,40,2129,191]
d: [2,4216,7,7,1,2,21,4212,534]
d: [2,4217,7,0,0,3,21,4216,256]
e: 4217
d: [2,847,2,6,2,2,21,834,266]
d: [2,848,2,4,1,3,21,847,271]
d: [2,4184,3,11,3,1,40,996,261]
d: [2,4201,3,9,2,2,21,4184,266]
d: [2,4202,3,7,1,3,21,4201,271]
f: 4217,4202,848,595,530,430,156,157,158,159
% Refutation found. Thanks to Tanya!
% SZS status Theorem for grfunc_1__t4_grfunc_1
% SZS output start Proof for grfunc_1__t4_grfunc_1
1. ! [X0] : ! [X1] : ! [X2] : ((v1_funct_1(X2) & v1_relat_1(X2)) => ! [X3] : ((v1_funct_1(X3) & v1_relat_1(X3)) => (r2_hidden(k4_tarski(X0,X1),k3_relat_1(X3,X2)) => (r2_hidden(k4_tarski(k1_funct_1(X3,X0),X1),X2) & r2_hidden(k4_tarski(X0,k1_funct_1(X3,X0)),X3))))) [input t4_grfunc_1]
2. ~! [X0] : ! [X1] : ! [X2] : ((v1_funct_1(X2) & v1_relat_1(X2)) => ! [X3] : ((v1_funct_1(X3) & v1_relat_1(X3)) => (r2_hidden(k4_tarski(X0,X1),k3_relat_1(X3,X2)) => (r2_hidden(k4_tarski(k1_funct_1(X3,X0),X1),X2) & r2_hidden(k4_tarski(X0,k1_funct_1(X3,X0)),X3))))) [negated conjecture 1]
17. ! [X0] : ! [X1] : ! [X2] : (v1_relat_1(X2) => (k3_relat_1(X0,X1) = X2 <=> ! [X3] : ! [X4] : (r2_hidden(k4_tarski(X3,X4),X2) <=> ? [X5] : (r2_hidden(k4_tarski(X5,X4),X1) & r2_hidden(k4_tarski(X3,X5),X0))))) [input d8_relat_1]
22. ! [X0,X1] : v1_relat_1(k3_relat_1(X0,X1)) [input dt_k3_relat_1]
31. ! [X0,X1] : ((v1_relat_1(X1) & v1_xboole_0(X0)) => (v1_relat_1(k3_relat_1(X1,X0)) & v1_xboole_0(k3_relat_1(X1,X0)))) [input fc13_relat_1]
55. ! [X0] : ! [X1] : ! [X2] : ((v1_funct_1(X2) & v1_relat_1(X2)) => (r2_hidden(k4_tarski(X0,X1),X2) <=> (k1_funct_1(X2,X0) = X1 & r2_hidden(X0,k9_xtuple_0(X2))))) [input t1_funct_1]
56. ! [X0] : ! [X1] : (r2_hidden(X0,X1) => m1_subset_1(X0,X1)) [input t1_subset]
57. ! [X0] : ! [X1] : (m1_subset_1(X0,X1) => (r2_hidden(X0,X1) | v1_xboole_0(X1))) [input t2_subset]
59. ! [X0] : ! [X1] : ~(v1_xboole_0(X1) & r2_hidden(X0,X1)) [input t7_boole]
61. ~! [X0,X1,X2] : ((v1_funct_1(X2) & v1_relat_1(X2)) => ! [X3] : ((v1_funct_1(X3) & v1_relat_1(X3)) => (r2_hidden(k4_tarski(X0,X1),k3_relat_1(X3,X2)) => (r2_hidden(k4_tarski(k1_funct_1(X3,X0),X1),X2) & r2_hidden(k4_tarski(X0,k1_funct_1(X3,X0)),X3))))) [flattening 2]
63. ! [X0,X1] : (m1_subset_1(X0,X1) => (r2_hidden(X0,X1) | v1_xboole_0(X1))) [flattening 57]
64. ! [X0,X1] : (r2_hidden(X0,X1) => m1_subset_1(X0,X1)) [flattening 56]
66. ! [X0,X1] : ~(v1_xboole_0(X1) & r2_hidden(X0,X1)) [flattening 59]
67. ! [X0,X1,X2] : (v1_relat_1(X2) => (k3_relat_1(X0,X1) = X2 <=> ! [X3,X4] : (r2_hidden(k4_tarski(X3,X4),X2) <=> ? [X5] : (r2_hidden(k4_tarski(X5,X4),X1) & r2_hidden(k4_tarski(X3,X5),X0))))) [flattening 17]
68. ! [X0,X1,X2] : ((v1_funct_1(X2) & v1_relat_1(X2)) => (r2_hidden(k4_tarski(X0,X1),X2) <=> (k1_funct_1(X2,X0) = X1 & r2_hidden(X0,k9_xtuple_0(X2))))) [flattening 55]
71. ? [X0,X1,X2] : (? [X3] : (((~r2_hidden(k4_tarski(k1_funct_1(X3,X0),X1),X2) | ~r2_hidden(k4_tarski(X0,k1_funct_1(X3,X0)),X3)) & r2_hidden(k4_tarski(X0,X1),k3_relat_1(X3,X2))) & (v1_funct_1(X3) & v1_relat_1(X3))) & (v1_funct_1(X2) & v1_relat_1(X2))) [ennf transformation 61]
72. ? [X0,X1,X2] : (? [X3] : ((~r2_hidden(k4_tarski(k1_funct_1(X3,X0),X1),X2) | ~r2_hidden(k4_tarski(X0,k1_funct_1(X3,X0)),X3)) & r2_hidden(k4_tarski(X0,X1),k3_relat_1(X3,X2)) & v1_funct_1(X3) & v1_relat_1(X3)) & v1_funct_1(X2) & v1_relat_1(X2)) [flattening 71]
100. ! [X0,X1] : ((r2_hidden(X0,X1) | v1_xboole_0(X1)) | ~m1_subset_1(X0,X1)) [ennf transformation 63]
101. ! [X0,X1] : (r2_hidden(X0,X1) | v1_xboole_0(X1) | ~m1_subset_1(X0,X1)) [flattening 100]
102. ! [X0,X1] : (m1_subset_1(X0,X1) | ~r2_hidden(X0,X1)) [ennf transformation 64]
104. ! [X0,X1] : (~v1_xboole_0(X1) | ~r2_hidden(X0,X1)) [ennf transformation 66]
105. ! [X0,X1,X2] : ((k3_relat_1(X0,X1) = X2 <=> ! [X3,X4] : (r2_hidden(k4_tarski(X3,X4),X2) <=> ? [X5] : (r2_hidden(k4_tarski(X5,X4),X1) & r2_hidden(k4_tarski(X3,X5),X0)))) | ~v1_relat_1(X2)) [ennf transformation 67]
106. ! [X0,X1,X2] : ((r2_hidden(k4_tarski(X0,X1),X2) <=> (k1_funct_1(X2,X0) = X1 & r2_hidden(X0,k9_xtuple_0(X2)))) | (~v1_funct_1(X2) | ~v1_relat_1(X2))) [ennf transformation 68]
107. ! [X0,X1,X2] : ((r2_hidden(k4_tarski(X0,X1),X2) <=> (k1_funct_1(X2,X0) = X1 & r2_hidden(X0,k9_xtuple_0(X2)))) | ~v1_funct_1(X2) | ~v1_relat_1(X2)) [flattening 106]
113. ! [X0,X1] : ((v1_relat_1(k3_relat_1(X1,X0)) & v1_xboole_0(k3_relat_1(X1,X0))) | (~v1_relat_1(X1) | ~v1_xboole_0(X0))) [ennf transformation 31]
114. ! [X0,X1] : ((v1_relat_1(k3_relat_1(X1,X0)) & v1_xboole_0(k3_relat_1(X1,X0))) | ~v1_relat_1(X1) | ~v1_xboole_0(X0)) [flattening 113]
125. ? [X0,X1,X2] : (? [X3] : ((~r2_hidden(k4_tarski(k1_funct_1(X3,X0),X1),X2) | ~r2_hidden(k4_tarski(X0,k1_funct_1(X3,X0)),X3)) & r2_hidden(k4_tarski(X0,X1),k3_relat_1(X3,X2)) & v1_funct_1(X3) & v1_relat_1(X3)) & v1_funct_1(X2) & v1_relat_1(X2)) => (? [X3] : ((~r2_hidden(k4_tarski(k1_funct_1(X3,sK0),sK1),sK2) | ~r2_hidden(k4_tarski(sK0,k1_funct_1(X3,sK0)),X3)) & r2_hidden(k4_tarski(sK0,sK1),k3_relat_1(X3,sK2)) & v1_funct_1(X3) & v1_relat_1(X3)) & v1_funct_1(sK2) & v1_relat_1(sK2)) [choice axiom]
126. ? [X3] : ((~r2_hidden(k4_tarski(k1_funct_1(X3,sK0),sK1),sK2) | ~r2_hidden(k4_tarski(sK0,k1_funct_1(X3,sK0)),X3)) & r2_hidden(k4_tarski(sK0,sK1),k3_relat_1(X3,sK2)) & v1_funct_1(X3) & v1_relat_1(X3)) => ((~r2_hidden(k4_tarski(k1_funct_1(sK3,sK0),sK1),sK2) | ~r2_hidden(k4_tarski(sK0,k1_funct_1(sK3,sK0)),sK3)) & r2_hidden(k4_tarski(sK0,sK1),k3_relat_1(sK3,sK2)) & v1_funct_1(sK3) & v1_relat_1(sK3)) [choice axiom]
127. ((~r2_hidden(k4_tarski(k1_funct_1(sK3,sK0),sK1),sK2) | ~r2_hidden(k4_tarski(sK0,k1_funct_1(sK3,sK0)),sK3)) & r2_hidden(k4_tarski(sK0,sK1),k3_relat_1(sK3,sK2)) & v1_funct_1(sK3) & v1_relat_1(sK3)) & v1_funct_1(sK2) & v1_relat_1(sK2) [skolemisation 72,126,125]
128. ! [X0,X1,X2] : (((k3_relat_1(X0,X1) = X2 | ? [X3,X4] : ((! [X5] : (~r2_hidden(k4_tarski(X5,X4),X1) | ~r2_hidden(k4_tarski(X3,X5),X0)) | ~r2_hidden(k4_tarski(X3,X4),X2)) & (? [X5] : (r2_hidden(k4_tarski(X5,X4),X1) & r2_hidden(k4_tarski(X3,X5),X0)) | r2_hidden(k4_tarski(X3,X4),X2)))) & (! [X3,X4] : ((r2_hidden(k4_tarski(X3,X4),X2) | ! [X5] : (~r2_hidden(k4_tarski(X5,X4),X1) | ~r2_hidden(k4_tarski(X3,X5),X0))) & (? [X5] : (r2_hidden(k4_tarski(X5,X4),X1) & r2_hidden(k4_tarski(X3,X5),X0)) | ~r2_hidden(k4_tarski(X3,X4),X2))) | k3_relat_1(X0,X1) != X2)) | ~v1_relat_1(X2)) [nnf transformation 105]
129. ! [X0,X1,X2] : (((k3_relat_1(X0,X1) = X2 | ? [X3,X4] : ((! [X5] : (~r2_hidden(k4_tarski(X5,X4),X1) | ~r2_hidden(k4_tarski(X3,X5),X0)) | ~r2_hidden(k4_tarski(X3,X4),X2)) & (? [X6] : (r2_hidden(k4_tarski(X6,X4),X1) & r2_hidden(k4_tarski(X3,X6),X0)) | r2_hidden(k4_tarski(X3,X4),X2)))) & (! [X7,X8] : ((r2_hidden(k4_tarski(X7,X8),X2) | ! [X9] : (~r2_hidden(k4_tarski(X9,X8),X1) | ~r2_hidden(k4_tarski(X7,X9),X0))) & (? [X10] : (r2_hidden(k4_tarski(X10,X8),X1) & r2_hidden(k4_tarski(X7,X10),X0)) | ~r2_hidden(k4_tarski(X7,X8),X2))) | k3_relat_1(X0,X1) != X2)) | ~v1_relat_1(X2)) [rectify 128]
130. ! [X2,X1,X0] : (? [X3,X4] : ((! [X5] : (~r2_hidden(k4_tarski(X5,X4),X1) | ~r2_hidden(k4_tarski(X3,X5),X0)) | ~r2_hidden(k4_tarski(X3,X4),X2)) & (? [X6] : (r2_hidden(k4_tarski(X6,X4),X1) & r2_hidden(k4_tarski(X3,X6),X0)) | r2_hidden(k4_tarski(X3,X4),X2))) => ((! [X5] : (~r2_hidden(k4_tarski(X5,sK5(X0,X1,X2)),X1) | ~r2_hidden(k4_tarski(sK4(X0,X1,X2),X5),X0)) | ~r2_hidden(k4_tarski(sK4(X0,X1,X2),sK5(X0,X1,X2)),X2)) & (? [X6] : (r2_hidden(k4_tarski(X6,sK5(X0,X1,X2)),X1) & r2_hidden(k4_tarski(sK4(X0,X1,X2),X6),X0)) | r2_hidden(k4_tarski(sK4(X0,X1,X2),sK5(X0,X1,X2)),X2)))) [choice axiom]
131. ! [X2,X1,X0] : (? [X6] : (r2_hidden(k4_tarski(X6,sK5(X0,X1,X2)),X1) & r2_hidden(k4_tarski(sK4(X0,X1,X2),X6),X0)) => (r2_hidden(k4_tarski(sK6(X0,X1,X2),sK5(X0,X1,X2)),X1) & r2_hidden(k4_tarski(sK4(X0,X1,X2),sK6(X0,X1,X2)),X0))) [choice axiom]
132. ! [X8,X7,X1,X0] : (? [X10] : (r2_hidden(k4_tarski(X10,X8),X1) & r2_hidden(k4_tarski(X7,X10),X0)) => (r2_hidden(k4_tarski(sK7(X0,X1,X7,X8),X8),X1) & r2_hidden(k4_tarski(X7,sK7(X0,X1,X7,X8)),X0))) [choice axiom]
133. ! [X0,X1,X2] : (((k3_relat_1(X0,X1) = X2 | ((! [X5] : (~r2_hidden(k4_tarski(X5,sK5(X0,X1,X2)),X1) | ~r2_hidden(k4_tarski(sK4(X0,X1,X2),X5),X0)) | ~r2_hidden(k4_tarski(sK4(X0,X1,X2),sK5(X0,X1,X2)),X2)) & ((r2_hidden(k4_tarski(sK6(X0,X1,X2),sK5(X0,X1,X2)),X1) & r2_hidden(k4_tarski(sK4(X0,X1,X2),sK6(X0,X1,X2)),X0)) | r2_hidden(k4_tarski(sK4(X0,X1,X2),sK5(X0,X1,X2)),X2)))) & (! [X7,X8] : ((r2_hidden(k4_tarski(X7,X8),X2) | ! [X9] : (~r2_hidden(k4_tarski(X9,X8),X1) | ~r2_hidden(k4_tarski(X7,X9),X0))) & ((r2_hidden(k4_tarski(sK7(X0,X1,X7,X8),X8),X1) & r2_hidden(k4_tarski(X7,sK7(X0,X1,X7,X8)),X0)) | ~r2_hidden(k4_tarski(X7,X8),X2))) | k3_relat_1(X0,X1) != X2)) | ~v1_relat_1(X2)) [skolemisation 129,132,131,130]
134. ! [X0,X1,X2] : (((r2_hidden(k4_tarski(X0,X1),X2) | (k1_funct_1(X2,X0) != X1 | ~r2_hidden(X0,k9_xtuple_0(X2)))) & ((k1_funct_1(X2,X0) = X1 & r2_hidden(X0,k9_xtuple_0(X2))) | ~r2_hidden(k4_tarski(X0,X1),X2))) | ~v1_funct_1(X2) | ~v1_relat_1(X2)) [nnf transformation 107]
135. ! [X0,X1,X2] : (((r2_hidden(k4_tarski(X0,X1),X2) | k1_funct_1(X2,X0) != X1 | ~r2_hidden(X0,k9_xtuple_0(X2))) & ((k1_funct_1(X2,X0) = X1 & r2_hidden(X0,k9_xtuple_0(X2))) | ~r2_hidden(k4_tarski(X0,X1),X2))) | ~v1_funct_1(X2) | ~v1_relat_1(X2)) [flattening 134]
156. v1_relat_1(sK3) [cnf transformation 127] {a:0,w:2,wCS:200,goal:1,sine:0,thAx:0,allAx:3,thDist:-3}
157. v1_funct_1(sK3) [cnf transformation 127] {a:0,w:2,wCS:200,goal:1,sine:0,thAx:0,allAx:3,thDist:-3}
158. r2_hidden(k4_tarski(sK0,sK1),k3_relat_1(sK3,sK2)) [cnf transformation 127] {a:0,w:7,wCS:700,goal:1,sine:0,thAx:0,allAx:3,thDist:-3}
159. ~r2_hidden(k4_tarski(k1_funct_1(sK3,sK0),sK1),sK2) | ~r2_hidden(k4_tarski(sK0,k1_funct_1(sK3,sK0)),sK3) [cnf transformation 127] {a:0,w:14,wCS:1400,goal:1,sine:0,thAx:0,allAx:3,thDist:-3}
191. ~m1_subset_1(X0,X1) | v1_xboole_0(X1) | r2_hidden(X0,X1) [cnf transformation 101] {a:0,w:8,wCS:3200,nSel:1,sine:2,thAx:0,allAx:1,thDist:-1}
192. ~r2_hidden(X0,X1) | m1_subset_1(X0,X1) [cnf transformation 102] {a:0,w:6,wCS:2400,nSel:1,sine:2,thAx:0,allAx:1,thDist:-1}
194. ~r2_hidden(X0,X1) | ~v1_xboole_0(X1) [cnf transformation 104] {a:0,w:5,wCS:2000,nSel:1,sine:1,thAx:0,allAx:1,thDist:-1}
195. r2_hidden(k4_tarski(X7,sK7(X0,X1,X7,X8)),X0) | ~r2_hidden(k4_tarski(X7,X8),X2) | k3_relat_1(X0,X1) != X2 | ~v1_relat_1(X2) [cnf transformation 133] {a:0,w:21,wCS:8400,sine:1,thAx:0,allAx:4,thDist:-4}
196. r2_hidden(k4_tarski(sK7(X0,X1,X7,X8),X8),X1) | ~r2_hidden(k4_tarski(X7,X8),X2) | k3_relat_1(X0,X1) != X2 | ~v1_relat_1(X2) [cnf transformation 133] {a:0,w:21,wCS:8400,sine:1,thAx:0,allAx:4,thDist:-4}
201. ~r2_hidden(k4_tarski(X0,X1),X2) | r2_hidden(X0,k9_xtuple_0(X2)) | ~v1_funct_1(X2) | ~v1_relat_1(X2) [cnf transformation 135] {a:0,w:13,wCS:5200,nSel:1,sine:1,thAx:0,allAx:1,thDist:-1}
202. ~r2_hidden(k4_tarski(X0,X1),X2) | k1_funct_1(X2,X0) = X1 | ~v1_funct_1(X2) | ~v1_relat_1(X2) [cnf transformation 135] {a:0,w:14,wCS:5600,nSel:1,sine:1,thAx:0,allAx:1,thDist:-1}
203. r2_hidden(k4_tarski(X0,X1),X2) | k1_funct_1(X2,X0) != X1 | ~r2_hidden(X0,k9_xtuple_0(X2)) | ~v1_funct_1(X2) | ~v1_relat_1(X2) [cnf transformation 135] {a:0,w:18,wCS:7200,sine:1,thAx:0,allAx:1,thDist:-1}
205. v1_relat_1(k3_relat_1(X0,X1)) [cnf transformation 22] {a:0,w:4,wCS:1600,nSel:1,sine:1,thAx:0,allAx:1,thDist:-1}
213. v1_xboole_0(k3_relat_1(X1,X0)) | ~v1_relat_1(X1) | ~v1_xboole_0(X0) [cnf transformation 114] {a:0,w:8,wCS:3200,nSel:1,sine:1,thAx:0,allAx:1,thDist:-1}
246. r2_hidden(k4_tarski(sK7(X0,X1,X7,X8),X8),X1) | ~r2_hidden(k4_tarski(X7,X8),k3_relat_1(X0,X1)) | ~v1_relat_1(k3_relat_1(X0,X1)) [equality resolution 196] {a:0,w:20,wCS:8000,sine:1,thAx:0,allAx:4,thDist:-4}
247. r2_hidden(k4_tarski(X7,sK7(X0,X1,X7,X8)),X0) | ~r2_hidden(k4_tarski(X7,X8),k3_relat_1(X0,X1)) | ~v1_relat_1(k3_relat_1(X0,X1)) [equality resolution 195] {a:0,w:20,wCS:8000,sine:1,thAx:0,allAx:4,thDist:-4}
248. r2_hidden(k4_tarski(X0,k1_funct_1(X2,X0)),X2) | ~r2_hidden(X0,k9_xtuple_0(X2)) | ~v1_funct_1(X2) | ~v1_relat_1(X2) [equality resolution 203] {a:0,w:15,wCS:6000,nSel:1,sine:1,thAx:0,allAx:1,thDist:-1}
250. 1 <=> r2_hidden(k4_tarski(sK0,k1_funct_1(sK3,sK0)),sK3) [avatar definition]
252. ~r2_hidden(k4_tarski(sK0,k1_funct_1(sK3,sK0)),sK3) <- (~1) [avatar component clause 250] {a:0,w:7,wCS:700,nSel:1,goal:1,sine:255,thAx:0,allAx:3,thDist:-3}
254. 2 <=> r2_hidden(k4_tarski(k1_funct_1(sK3,sK0),sK1),sK2) [avatar definition]
256. ~r2_hidden(k4_tarski(k1_funct_1(sK3,sK0),sK1),sK2) <- (~2) [avatar component clause 254] {a:0,w:7,wCS:700,nSel:1,goal:1,sine:255,thAx:0,allAx:3,thDist:-3}
257. ~1 | ~2 [avatar split clause 159,254,250]
259. 3 <=> r2_hidden(k4_tarski(sK0,sK1),k3_relat_1(sK3,sK2)) [avatar definition]
261. r2_hidden(k4_tarski(sK0,sK1),k3_relat_1(sK3,sK2)) <- (3) [avatar component clause 259] {a:0,w:7,wCS:700,nSel:1,goal:1,sine:255,thAx:0,allAx:3,thDist:-3}
262. 3 [avatar split clause 158,259]
264. 4 <=> v1_funct_1(sK3) [avatar definition]
266. v1_funct_1(sK3) <- (4) [avatar component clause 264] {a:0,w:2,wCS:200,nSel:1,goal:1,sine:255,thAx:0,allAx:3,thDist:-3}
267. 4 [avatar split clause 157,264]
269. 5 <=> v1_relat_1(sK3) [avatar definition]
271. v1_relat_1(sK3) <- (5) [avatar component clause 269] {a:0,w:2,wCS:200,nSel:1,goal:1,sine:255,thAx:0,allAx:3,thDist:-3}
272. 5 [avatar split clause 156,269]
430. ~v1_xboole_0(k3_relat_1(sK3,sK2)) <- (3) [resolution 194,261] {a:1,w:4,wCS:400,goal:1,sine:1,thAx:0,allAx:4,thDist:-4}
432. 35 <=> v1_xboole_0(k3_relat_1(sK3,sK2)) [avatar definition]
434. ~v1_xboole_0(k3_relat_1(sK3,sK2)) <- (~35) [avatar component clause 432] {a:1,w:4,wCS:400,nSel:1,goal:1,sine:255,thAx:0,allAx:4,thDist:-4}
435. ~35 | ~3 [avatar split clause 430,259,432]
522. ~v1_relat_1(sK3) | ~v1_xboole_0(sK2) <- (~35) [resolution 213,434] {a:2,w:4,wCS:400,goal:1,sine:1,thAx:0,allAx:5,thDist:-5}
530. ~v1_xboole_0(sK2) <- (5, ~35) [subsumption resolution 522,271] {a:2,w:2,wCS:200,goal:1,sine:1,thAx:0,allAx:5,thDist:-5}
532. 46 <=> v1_xboole_0(sK2) [avatar definition]
534. ~v1_xboole_0(sK2) <- (~46) [avatar component clause 532] {a:2,w:2,wCS:200,nSel:1,goal:1,sine:255,thAx:0,allAx:5,thDist:-5}
535. ~46 | ~5 | 35 [avatar split clause 530,432,269,532]
586. ~r2_hidden(sK0,k9_xtuple_0(sK3)) | ~v1_funct_1(sK3) | ~v1_relat_1(sK3) <- (~1) [resolution 248,252] {a:1,w:8,wCS:800,goal:1,sine:1,thAx:0,allAx:4,thDist:-4}
594. ~r2_hidden(sK0,k9_xtuple_0(sK3)) | ~v1_relat_1(sK3) <- (~1, 4) [subsumption resolution 586,266] {a:1,w:6,wCS:600,goal:1,sine:1,thAx:0,allAx:4,thDist:-4}
595. ~r2_hidden(sK0,k9_xtuple_0(sK3)) <- (~1, 4, 5) [subsumption resolution 594,271] {a:1,w:4,wCS:400,goal:1,sine:1,thAx:0,allAx:4,thDist:-4}
597. 50 <=> r2_hidden(sK0,k9_xtuple_0(sK3)) [avatar definition]
600. ~50 | 1 | ~4 | ~5 [avatar split clause 595,269,264,250,597]
622. r2_hidden(k4_tarski(sK7(X0,X1,X7,X8),X8),X1) | ~r2_hidden(k4_tarski(X7,X8),k3_relat_1(X0,X1)) [subsumption resolution 246,205] {a:0,w:16,wCS:6400,nSel:1,sine:1,thAx:0,allAx:4,thDist:-4}
627. m1_subset_1(k4_tarski(sK7(X14,X15,X12,X13),X13),X15) | ~r2_hidden(k4_tarski(X12,X13),k3_relat_1(X14,X15)) [resolution 622,192] {a:1,w:16,wCS:6400,nSel:1,sine:1,thAx:0,allAx:5,thDist:-5}
629. r2_hidden(k4_tarski(X7,sK7(X0,X1,X7,X8)),X0) | ~r2_hidden(k4_tarski(X7,X8),k3_relat_1(X0,X1)) [subsumption resolution 247,205] {a:0,w:16,wCS:6400,nSel:1,sine:1,thAx:0,allAx:4,thDist:-4}
630. k1_funct_1(X2,X0) = sK7(X2,X3,X0,X1) | ~r2_hidden(k4_tarski(X0,X1),k3_relat_1(X2,X3)) | ~v1_funct_1(X2) | ~v1_relat_1(X2) [resolution 629,202] {a:1,w:20,wCS:8000,nSel:1,sine:1,thAx:0,allAx:5,thDist:-5}
631. ~r2_hidden(k4_tarski(X4,X5),k3_relat_1(X6,X7)) | r2_hidden(X4,k9_xtuple_0(X6)) | ~v1_funct_1(X6) | ~v1_relat_1(X6) [resolution 629,201] {a:1,w:15,wCS:6000,nSel:1,sine:1,thAx:0,allAx:5,thDist:-5}
834. r2_hidden(sK0,k9_xtuple_0(sK3)) | ~v1_funct_1(sK3) | ~v1_relat_1(sK3) <- (3) [resolution 631,261] {a:2,w:8,wCS:800,goal:1,sine:1,thAx:0,allAx:8,thDist:-8}
847. r2_hidden(sK0,k9_xtuple_0(sK3)) | ~v1_relat_1(sK3) <- (3, 4) [subsumption resolution 834,266] {a:2,w:6,wCS:600,goal:1,sine:1,thAx:0,allAx:8,thDist:-8}
848. r2_hidden(sK0,k9_xtuple_0(sK3)) <- (3, 4, 5) [subsumption resolution 847,271] {a:2,w:4,wCS:400,goal:1,sine:1,thAx:0,allAx:8,thDist:-8}
849. 50 | ~3 | ~4 | ~5 [avatar split clause 848,269,264,259,597]
989. m1_subset_1(k4_tarski(k1_funct_1(X16,X18),X19),X17) | ~r2_hidden(k4_tarski(X18,X19),k3_relat_1(X16,X17)) | ~r2_hidden(k4_tarski(X18,X19),k3_relat_1(X16,X17)) | ~v1_funct_1(X16) | ~v1_relat_1(X16) [superposition 627,630] {a:2,w:25,wCS:10000,sine:1,thAx:0,allAx:10,thDist:-10}
996. ~r2_hidden(k4_tarski(X18,X19),k3_relat_1(X16,X17)) | m1_subset_1(k4_tarski(k1_funct_1(X16,X18),X19),X17) | ~v1_funct_1(X16) | ~v1_relat_1(X16) [duplicate literal removal 989] {a:2,w:18,wCS:7200,nSel:1,sine:1,thAx:0,allAx:10,thDist:-10}
2127. 120 <=> m1_subset_1(k4_tarski(k1_funct_1(sK3,sK0),sK1),sK2) [avatar definition]
2129. m1_subset_1(k4_tarski(k1_funct_1(sK3,sK0),sK1),sK2) <- (120) [avatar component clause 2127] {a:6,w:7,wCS:700,nSel:1,goal:1,sine:255,thAx:0,allAx:25,thDist:-25}
4184. m1_subset_1(k4_tarski(k1_funct_1(sK3,sK0),sK1),sK2) | ~v1_funct_1(sK3) | ~v1_relat_1(sK3) <- (3) [resolution 996,261] {a:3,w:11,wCS:1100,goal:1,sine:1,thAx:0,allAx:13,thDist:-13}
4201. m1_subset_1(k4_tarski(k1_funct_1(sK3,sK0),sK1),sK2) | ~v1_relat_1(sK3) <- (3, 4) [subsumption resolution 4184,266] {a:3,w:9,wCS:900,goal:1,sine:1,thAx:0,allAx:13,thDist:-13}
4202. m1_subset_1(k4_tarski(k1_funct_1(sK3,sK0),sK1),sK2) <- (3, 4, 5) [subsumption resolution 4201,271] {a:3,w:7,wCS:700,goal:1,sine:1,thAx:0,allAx:13,thDist:-13}
4203. 120 | ~3 | ~4 | ~5 [avatar split clause 4202,269,264,259,2127]
4212. v1_xboole_0(sK2) | r2_hidden(k4_tarski(k1_funct_1(sK3,sK0),sK1),sK2) <- (120) [resolution 2129,191] {a:7,w:9,wCS:900,goal:1,sine:2,thAx:0,allAx:26,thDist:-26}
4216. r2_hidden(k4_tarski(k1_funct_1(sK3,sK0),sK1),sK2) <- (~46, 120) [subsumption resolution 4212,534] {a:7,w:7,wCS:700,goal:1,sine:2,thAx:0,allAx:26,thDist:-26}
4217. $false <- (~2, ~46, 120) [subsumption resolution 4216,256] {a:7,w:0,goal:1,sine:2,thAx:0,allAx:26,thDist:-26}
4218. 2 | 46 | ~120 [avatar contradiction clause 4217]
4219. $false [avatar sat refutation 257,262,267,272,435,535,600,849,4203,4218] {a:0,w:0,goal:1,sine:0,thAx:0,allAx:4532,thDist:-4532}
% SZS output end Proof for grfunc_1__t4_grfunc_1
% ------------------------------
% Version: Vampire 4.5.1 (commit 226f88162 on 2021-09-12 20:13:44 +0200)
% Termination reason: Refutation

% >>> Input
% Input formulas: 59
% >>> Preprocessing
% Introduced skolems: 17
% Pure predicates: 1
% 
% >>> Saturation
% Initial clauses: 91
% Generated clauses: 3425
% Active clauses: 379
% Passive clauses: 1210
% Final active clauses: 275
% Final passive clauses: 711
% Main loop iterations started: 479
% 
% >>> Simplifying Inferences
% Duplicate literals: 316
% Fw subsumption resolutions: 464
% Fw demodulations: 1
% Bw demodulations: 1
% 
% >>> Deletion Inferences
% Simple tautologies: 37
% Equational tautologies: 3
% Forward subsumptions: 1235
% Backward subsumptions: 76
% 
% >>> Generating Inferences
% Binary resolution: 987
% Unit resulting resolution: 6
% Forward superposition: 486
% Backward superposition: 823
% Self superposition: 21
% 
% >>> AVATAR
% Split clauses: 169
% Split components: 353
% Sat splitting refutations: 10
% 
% >>> SAT Solver Statistics
% SAT solver clauses: 296
% SAT solver unit clauses: 44
% SAT solver binary clauses: 136
% 
% Memory used [KB]: 7803
% Time elapsed: 0.040 s
% ------------------------------
% ------------------------------
% Time measurement results:
% parsing: 0.002 s
% SAT solver time: 0.001 s
% term sharing: 0.004 s
% splitting model update: 0.001 s ( own 0.0000 s ) 
% congruence closure: 0.001 s
% backward superposition index maintenance: 0.002 s
% forward superposition index maintenance: 0.001 s
% splitting component index usage: 0.001 s
% forward subsumption: 0.009 s
% forward subsumption resolution: 0.003 s
% resolution: 0.003 s ( own 0.002 s ) 
% unit resulting resolution: 0.003 s ( own 0.002 s ) 
% superposition: 0.008 s ( own 0.006 s ) 
% passive container maintenance: 0.001 s
% other: 0.040 s ( own 0.005 s ) 

