i: [1,155,0,2,1,1,0,0] t16_membered
a: [3,221,0,2,1,155]
s: 221
i: [1,157,0,3,1,1,0,0] t16_membered
a: [3,216,0,3,1,157]
s: 216
i: [1,156,0,5,2,1,0,0] t16_membered
s: 156
i: [1,158,0,2,1,0,0,1] fc3_numbers
a: [3,226,0,2,1,158]
s: 226
i: [1,159,0,2,1,0,0,1] fc4_membered
a: [3,231,0,2,1,159]
s: 231
i: [1,160,0,2,1,0,0,255] dt_o_0_0_xboole_0
a: [3,236,0,2,1,160]
s: 236
i: [1,198,0,2,1,0,0,255] rc2_int_1
a: [3,246,0,2,1,198]
s: 246
i: [1,199,0,2,1,0,0,1] rc2_rat_1
a: [3,251,0,2,1,199]
s: 251
i: [1,200,0,2,1,0,0,3] rc4_ordinal1
a: [3,256,0,2,1,200]
s: 256
i: [1,201,0,2,1,0,0,255] rc1_ordinal1
a: [3,261,0,2,1,201]
s: 261
i: [1,205,0,2,1,0,0,255] rc2_ordinal1
a: [3,266,0,2,1,205]
s: 266
i: [1,204,0,2,1,0,0,255] rc2_ordinal1
a: [3,271,0,2,1,204]
s: 271
i: [1,203,0,2,1,0,0,255] rc2_ordinal1
a: [3,276,0,2,1,203]
s: 276
i: [1,202,0,2,1,0,0,255] rc2_ordinal1
a: [3,281,0,2,1,202]
s: 281
i: [1,207,0,2,1,0,0,3] rc5_ordinal1
a: [3,286,0,2,1,207]
s: 286
i: [1,206,0,2,1,0,0,3] rc5_ordinal1
a: [3,291,0,2,1,206]
s: 291
i: [1,208,0,2,1,0,0,255] rc2_xcmplx_0
a: [3,296,0,2,1,208]
s: 296
i: [1,209,0,2,1,0,0,255] rc4_xreal_0
a: [3,301,0,2,1,209]
s: 301
i: [1,210,0,2,1,0,0,255] rc3_xreal_0
a: [3,306,0,2,1,210]
s: 306
i: [1,196,0,3,1,0,0,2] reflexivity_r1_tarski
s: 196
i: [1,211,0,3,1,0,0,1] d10_xboole_0
s: 211
i: [1,212,0,3,1,0,0,1] d10_xboole_0
s: 212
i: [1,161,0,3,1,0,0,255] d2_xboole_0
a: [3,241,0,3,1,161]
s: 241
r: 236
d: [2,308,0,2,1,2,23,236,241]
a: [3,312,0,2,1,308]
s: 312
i: [1,163,0,4,2,0,0,255] cc2_rat_1
s: 163
i: [1,166,0,4,2,0,0,255] cc9_ordinal1
s: 166
d: [2,314,1,2,1,1,40,163,246]
a: [3,318,1,2,1,314]
s: 318
i: [1,167,0,4,2,0,0,3] cc7_ordinal1
s: 167
d: [2,320,1,2,1,1,40,166,301]
a: [3,325,1,2,1,320]
s: 325
i: [1,168,0,4,2,0,0,255] cc3_ordinal1
s: 168
i: [1,170,0,4,2,0,0,255] cc2_int_1
s: 170
d: [2,321,1,2,1,1,40,166,312]
a: [3,330,1,2,1,321]
s: 330
i: [1,171,0,4,2,0,0,255] cc6_ordinal1
s: 171
d: [2,332,1,2,1,1,40,167,301]
a: [3,337,1,2,1,332]
s: 337
i: [1,173,0,4,2,0,0,255] cc3_nat_1
s: 173
i: [1,174,0,4,2,0,0,255] cc1_nat_1
s: 174
d: [2,333,1,2,1,1,40,167,312]
a: [3,342,1,2,1,333]
s: 342
i: [1,176,0,4,2,0,0,255] cc1_ordinal1
s: 176
d: [2,344,1,2,1,1,40,168,301]
a: [3,349,1,2,1,344]
s: 349
i: [1,177,0,4,2,0,0,255] cc1_ordinal1
s: 177
i: [1,195,0,4,1,0,0,2] existence_m1_subset_1
s: 195
d: [2,345,1,2,1,1,40,168,312]
a: [3,354,1,2,1,345]
s: 354
i: [1,164,0,5,2,0,0,2] t4_membered
s: 164
d: [2,356,1,2,1,1,40,170,256]
a: [3,361,1,2,1,356]
s: 361
i: [1,169,0,5,2,0,0,255] t6_boole
s: 169
i: [1,192,0,5,2,0,0,1] t7_boole
s: 192
d: [2,451,1,4,2,0,40,192,156]
a: [3,458,1,2,1,451]
s: 458
i: [1,179,0,6,2,0,0,3] cc9_membered
s: 179
d: [2,357,1,2,1,1,40,170,286]
a: [3,366,1,2,1,357]
s: 366
i: [1,180,0,6,3,0,0,255] cc2_ordinal1
s: 180
i: [1,181,0,6,2,0,0,1] t1_subset
s: 181
d: [2,473,1,5,2,0,40,181,156]
s: 473
i: [1,197,0,6,2,0,0,1] antisymmetry_r2_hidden
s: 197
d: [2,474,1,5,2,0,40,197,156]
s: 474
i: [1,165,0,7,3,0,0,1] cc15_membered
s: 165
i: [1,178,0,7,3,0,0,255] cc5_ordinal1
s: 178
d: [2,475,2,4,2,0,40,474,156]
d: [2,476,2,2,1,0,18,475]
a: [3,480,2,2,1,476]
s: 480
i: [1,189,0,7,2,0,0,2] t3_subset
s: 189
d: [2,485,2,6,3,0,40,178,473]
a: [3,489,2,2,1,485]
s: 489
i: [1,190,0,7,2,0,0,2] t3_subset
s: 190
i: [1,191,0,7,3,0,0,1] t8_boole
s: 191
d: [2,368,1,2,1,1,40,171,256]
a: [3,373,1,2,1,368]
s: 373
i: [1,162,0,8,3,0,0,255] cc10_ordinal1
s: 162
d: [2,369,1,2,1,1,40,171,286]
a: [3,378,1,2,1,369]
s: 378
i: [1,182,0,8,3,0,0,1] t2_subset
s: 182
i: [1,187,0,8,2,0,0,2] d3_tarski
s: 187
d: [2,388,1,2,1,1,40,173,306]
a: [3,392,1,2,1,388]
s: 392
i: [1,188,0,8,2,0,0,2] d3_tarski
s: 188
d: [2,532,1,7,2,0,40,188,156]
s: 532
i: [1,185,0,9,3,0,0,1] d10_xboole_0
s: 185
i: [1,186,0,9,3,0,0,2] d3_tarski
s: 186
d: [2,402,1,2,1,1,40,176,261]
a: [3,407,1,2,1,402]
s: 407
i: [1,194,0,9,3,0,0,3] t5_subset
s: 194
d: [2,415,1,2,1,1,40,177,261]
a: [3,421,1,2,1,415]
s: 421
i: [1,193,0,10,3,0,0,3] t4_subset
s: 193
d: [2,460,1,4,1,0,40,179,195]
a: [3,464,1,4,1,460]
s: 464
d: [2,381,2,2,1,1,40,337,170]
a: [3,386,2,2,1,381]
s: 386
d: [2,482,1,5,2,0,40,165,195]
s: 482
d: [2,395,2,2,1,1,40,342,170]
a: [3,400,2,2,1,395]
s: 400
d: [2,484,1,5,2,0,40,178,195]
s: 484
d: [2,494,1,5,1,0,40,189,195]
s: 494
d: [2,409,2,2,1,1,40,349,176]
a: [3,413,2,2,1,409]
s: 413
d: [2,495,1,5,2,0,40,190,179]
s: 495
d: [2,417,2,2,1,1,40,177,349]
a: [3,426,2,2,1,417]
s: 426
d: [2,530,1,5,2,0,40,187,192]
s: 530
d: [2,511,1,6,2,0,40,162,195]
s: 511
d: [2,428,2,2,1,1,40,354,177]
a: [3,433,2,2,1,428]
s: 433
d: [2,525,1,6,2,0,40,182,195]
s: 525
d: [2,429,2,2,1,1,40,354,176]
a: [3,438,2,2,1,429]
s: 438
d: [2,446,1,7,3,0,44,169,169]
s: 446
d: [2,512,1,7,3,0,40,162,190]
s: 512
d: [2,440,2,2,1,1,40,361,163]
a: [3,444,2,2,1,440]
s: 444
d: [2,538,1,7,2,0,40,194,195]
s: 538
d: [2,466,2,2,1,1,40,366,163]
a: [3,470,2,2,1,466]
s: 470
d: [2,497,1,8,3,0,40,190,178]
s: 497
d: [2,498,1,8,3,0,40,190,165]
s: 498
d: [2,499,2,2,1,1,40,373,177]
a: [3,504,2,2,1,499]
s: 504
d: [2,528,1,8,2,0,40,187,197]
s: 528
d: [2,500,2,2,1,1,40,373,176]
a: [3,509,2,2,1,500]
s: 509
d: [2,529,1,8,2,0,40,187,181]
s: 529
d: [2,535,1,8,3,0,40,185,164]
s: 535
d: [2,513,2,2,1,1,40,378,177]
a: [3,518,2,2,1,513]
s: 518
d: [2,537,1,8,3,0,40,186,164]
s: 537
d: [2,632,2,7,3,0,40,537,156]
d: [2,635,2,5,2,1,21,632,221]
s: 635
d: [2,539,1,8,3,0,40,194,190]
s: 539
d: [2,541,1,8,2,0,40,193,195]
s: 541
d: [2,637,3,5,2,1,40,635,197]
s: 637
d: [2,542,1,9,3,0,40,193,190]
s: 542
d: [2,649,4,4,2,1,40,637,635]
d: [2,650,4,2,1,1,18,649]
a: [3,654,4,2,1,650]
s: 654
d: [2,527,1,10,3,0,40,182,190]
s: 527
d: [2,514,2,2,1,1,40,378,176]
a: [3,523,2,2,1,514]
s: 523
d: [2,638,3,5,2,1,40,635,181]
s: 638
d: [2,574,2,6,3,0,40,512,164]
a: [3,583,2,2,1,574]
s: 583
d: [2,668,4,6,3,1,40,638,178]
a: [3,673,4,2,1,668]
s: 673
d: [2,665,2,9,3,0,40,527,474]
s: 665
d: [2,588,2,7,3,0,40,497,164]
a: [3,594,2,3,1,588]
s: 594
d: [2,675,3,6,2,0,40,665,196]
a: [3,681,3,3,1,675]
s: 681
d: [2,600,2,7,3,0,40,498,164]
a: [3,606,2,3,1,600]
s: 606
d: [2,676,3,8,3,0,40,665,164]
d: [2,687,3,6,2,1,21,676,221]
a: [3,691,3,3,1,687]
s: 691
d: [2,601,2,7,3,0,40,498,530]
a: [3,613,2,3,1,601]
s: 613
r: 606
r: 498
d: [2,566,2,4,2,0,40,530,495]
s: 566
d: [2,641,3,7,2,1,40,635,188]
s: 641
d: [2,556,2,5,2,0,40,484,177]
s: 556
d: [2,543,3,2,1,1,40,386,163]
a: [3,547,3,2,1,543]
s: 547
d: [2,557,2,5,2,0,40,484,176]
s: 557
d: [2,587,2,5,2,0,40,497,196]
s: 587
d: [2,549,3,2,1,1,40,400,163]
a: [3,554,3,2,1,549]
s: 554
a: [3,616,2,4,2,601]
s: 616
d: [2,697,3,2,1,1,40,566,301]
a: [3,702,3,2,1,697]
s: 702
d: [2,599,2,5,2,0,40,498,196]
s: 599
d: [2,569,2,6,2,0,40,525,197]
s: 569
d: [2,698,3,2,1,1,40,566,312]
a: [3,707,3,2,1,698]
s: 707
d: [2,586,2,6,2,0,40,538,525]
s: 586
d: [2,664,4,9,3,1,40,527,637]
s: 664
d: [2,585,2,7,2,0,40,538,187]
s: 585
d: [2,558,2,8,2,0,40,494,186]
s: 558
d: [2,726,3,8,3,0,40,585,512]
a: [3,739,3,2,1,726]
s: 739
r: 583
r: 162
r: 511
r: 512
d: [2,749,4,0,0,2,40,739,330]
e: 749
d: [2,748,4,0,0,2,40,739,325]
e: 748
d: [2,746,4,0,0,2,52,325,739]
e: 746
d: [2,747,4,0,0,2,52,301,739,166]
e: 747
r: 739
s: 162
s: 583
s: 511
d: [2,754,1,6,2,0,40,162,195]
s: 754
d: [2,725,3,9,3,0,40,585,497]
a: [3,732,3,3,1,725]
s: 732
r: 594
r: 497
r: 587
s: 512
d: [2,550,3,4,2,1,44,400,169]
s: 550
d: [2,755,1,7,3,0,40,162,190]
s: 755
d: [2,565,2,8,3,0,40,530,185]
s: 565
d: [2,568,3,4,2,1,44,433,169]
s: 568
d: [2,634,2,8,3,0,40,537,525]
s: 634
d: [2,572,3,4,2,1,44,438,169]
s: 572
d: [2,657,2,8,3,0,40,542,164]
s: 657
d: [2,619,2,9,2,0,40,529,179]
s: 619
d: [2,715,3,6,2,1,40,586,616]
s: 715
d: [2,625,2,9,3,0,40,529,178]
s: 625
d: [2,716,3,6,2,0,40,586,566]
s: 716
d: [2,626,2,9,3,0,40,529,165]
s: 626
d: [2,559,2,10,2,0,40,494,185]
s: 559
d: [2,790,3,8,3,0,40,626,532]
d: [2,793,3,5,2,0,18,790]
s: 793
d: [2,803,4,7,3,0,40,793,535]
d: [2,810,4,5,2,1,21,803,231]
d: [2,811,4,2,1,2,21,810,216]
d: [2,812,4,0,0,3,21,811,221]
e: 812
f: 812,159,155,157
% Refutation found. Thanks to Tanya!
% SZS status Theorem for membered__t16_membered
% SZS output start Proof for membered__t16_membered
1. ! [X0] : (v4_membered(X0) => (! [X1] : (v1_rat_1(X1) => r2_hidden(X1,X0)) => k3_numbers = X0)) [input t16_membered]
2. ~! [X0] : (v4_membered(X0) => (! [X1] : (v1_rat_1(X1) => r2_hidden(X1,X0)) => k3_numbers = X0)) [negated conjecture 1]
8. ! [X0] : (v4_membered(X0) => ! [X1] : (m1_subset_1(X1,X0) => v1_rat_1(X1))) [input cc15_membered]
31. ! [X0] : ! [X1] : (X0 = X1 <=> (r1_tarski(X1,X0) & r1_tarski(X0,X1))) [input d10_xboole_0]
33. ! [X0] : ! [X1] : (r1_tarski(X0,X1) <=> ! [X2] : (r2_hidden(X2,X0) => r2_hidden(X2,X1))) [input d3_tarski]
41. v4_membered(k3_numbers) [input fc4_membered]
55. ! [X0] : ! [X1] : (r2_hidden(X0,X1) => m1_subset_1(X0,X1)) [input t1_subset]
58. ! [X0] : (v4_membered(X0) => r1_tarski(X0,k3_numbers)) [input t4_membered]
64. ! [X0,X1] : (r2_hidden(X0,X1) => m1_subset_1(X0,X1)) [flattening 55]
66. ! [X0,X1] : (X0 = X1 <=> (r1_tarski(X1,X0) & r1_tarski(X0,X1))) [flattening 31]
67. ! [X0,X1] : (r1_tarski(X0,X1) <=> ! [X2] : (r2_hidden(X2,X0) => r2_hidden(X2,X1))) [flattening 33]
97. ? [X0] : ((k3_numbers != X0 & ! [X1] : (r2_hidden(X1,X0) | ~v1_rat_1(X1))) & v4_membered(X0)) [ennf transformation 2]
98. ? [X0] : (k3_numbers != X0 & ! [X1] : (r2_hidden(X1,X0) | ~v1_rat_1(X1)) & v4_membered(X0)) [flattening 97]
101. ! [X0] : (r1_tarski(X0,k3_numbers) | ~v4_membered(X0)) [ennf transformation 58]
102. ! [X0] : (! [X1] : (v1_rat_1(X1) | ~m1_subset_1(X1,X0)) | ~v4_membered(X0)) [ennf transformation 8]
116. ! [X0,X1] : (m1_subset_1(X0,X1) | ~r2_hidden(X0,X1)) [ennf transformation 64]
119. ! [X0,X1] : (r1_tarski(X0,X1) <=> ! [X2] : (r2_hidden(X2,X1) | ~r2_hidden(X2,X0))) [ennf transformation 67]
126. ? [X0] : (k3_numbers != X0 & ! [X1] : (r2_hidden(X1,X0) | ~v1_rat_1(X1)) & v4_membered(X0)) => (k3_numbers != sK0 & ! [X1] : (r2_hidden(X1,sK0) | ~v1_rat_1(X1)) & v4_membered(sK0)) [choice axiom]
127. k3_numbers != sK0 & ! [X1] : (r2_hidden(X1,sK0) | ~v1_rat_1(X1)) & v4_membered(sK0) [skolemisation 98,126]
128. ! [X0,X1] : ((X0 = X1 | (~r1_tarski(X1,X0) | ~r1_tarski(X0,X1))) & ((r1_tarski(X1,X0) & r1_tarski(X0,X1)) | X0 != X1)) [nnf transformation 66]
129. ! [X0,X1] : ((X0 = X1 | ~r1_tarski(X1,X0) | ~r1_tarski(X0,X1)) & ((r1_tarski(X1,X0) & r1_tarski(X0,X1)) | X0 != X1)) [flattening 128]
130. ! [X0,X1] : ((r1_tarski(X0,X1) | ? [X2] : (~r2_hidden(X2,X1) & r2_hidden(X2,X0))) & (! [X2] : (r2_hidden(X2,X1) | ~r2_hidden(X2,X0)) | ~r1_tarski(X0,X1))) [nnf transformation 119]
131. ! [X0,X1] : ((r1_tarski(X0,X1) | ? [X2] : (~r2_hidden(X2,X1) & r2_hidden(X2,X0))) & (! [X3] : (r2_hidden(X3,X1) | ~r2_hidden(X3,X0)) | ~r1_tarski(X0,X1))) [rectify 130]
132. ! [X1,X0] : (? [X2] : (~r2_hidden(X2,X1) & r2_hidden(X2,X0)) => (~r2_hidden(sK1(X0,X1),X1) & r2_hidden(sK1(X0,X1),X0))) [choice axiom]
133. ! [X0,X1] : ((r1_tarski(X0,X1) | (~r2_hidden(sK1(X0,X1),X1) & r2_hidden(sK1(X0,X1),X0))) & (! [X3] : (r2_hidden(X3,X1) | ~r2_hidden(X3,X0)) | ~r1_tarski(X0,X1))) [skolemisation 131,132]
155. v4_membered(sK0) [cnf transformation 127] {a:0,w:2,wCS:200,goal:1,sine:0,thAx:0,allAx:2,thDist:-2}
156. r2_hidden(X1,sK0) | ~v1_rat_1(X1) [cnf transformation 127] {a:0,w:5,wCS:500,nSel:1,goal:1,sine:0,thAx:0,allAx:2,thDist:-2}
157. k3_numbers != sK0 [cnf transformation 127] {a:0,w:3,wCS:300,goal:1,sine:0,thAx:0,allAx:2,thDist:-2}
159. v4_membered(k3_numbers) [cnf transformation 41] {a:0,w:2,wCS:800,sine:1,thAx:0,allAx:1,thDist:-1}
164. r1_tarski(X0,k3_numbers) | ~v4_membered(X0) [cnf transformation 101] {a:0,w:5,wCS:2000,nSel:1,sine:2,thAx:0,allAx:1,thDist:-1}
165. ~m1_subset_1(X1,X0) | v1_rat_1(X1) | ~v4_membered(X0) [cnf transformation 102] {a:0,w:7,wCS:2800,nSel:1,sine:1,thAx:0,allAx:1,thDist:-1}
181. ~r2_hidden(X0,X1) | m1_subset_1(X0,X1) [cnf transformation 116] {a:0,w:6,wCS:2400,nSel:1,sine:1,thAx:0,allAx:1,thDist:-1}
185. ~r1_tarski(X1,X0) | X0 = X1 | ~r1_tarski(X0,X1) [cnf transformation 129] {a:0,w:9,wCS:3600,nSel:1,sine:1,thAx:0,allAx:1,thDist:-1}
187. r2_hidden(sK1(X0,X1),X0) | r1_tarski(X0,X1) [cnf transformation 133] {a:0,w:8,wCS:3200,nSel:1,sine:2,thAx:0,allAx:2,thDist:-2}
188. ~r2_hidden(sK1(X0,X1),X1) | r1_tarski(X0,X1) [cnf transformation 133] {a:0,w:8,wCS:3200,nSel:1,sine:2,thAx:0,allAx:2,thDist:-2}
214. 1 <=> k3_numbers = sK0 [avatar definition]
216. k3_numbers != sK0 <- (~1) [avatar component clause 214] {a:0,w:3,wCS:300,nSel:1,goal:1,sine:255,thAx:0,allAx:2,thDist:-2}
217. ~1 [avatar split clause 157,214]
219. 2 <=> v4_membered(sK0) [avatar definition]
221. v4_membered(sK0) <- (2) [avatar component clause 219] {a:0,w:2,wCS:200,nSel:1,goal:1,sine:255,thAx:0,allAx:2,thDist:-2}
222. 2 [avatar split clause 155,219]
229. 4 <=> v4_membered(k3_numbers) [avatar definition]
231. v4_membered(k3_numbers) <- (4) [avatar component clause 229] {a:0,w:2,wCS:800,nSel:1,sine:255,thAx:0,allAx:1,thDist:-1}
232. 4 [avatar split clause 159,229]
529. m1_subset_1(sK1(X2,X3),X2) | r1_tarski(X2,X3) [resolution 187,181] {a:1,w:8,wCS:3200,nSel:1,sine:1,thAx:0,allAx:3,thDist:-3}
532. ~v1_rat_1(sK1(X1,sK0)) | r1_tarski(X1,sK0) [resolution 188,156] {a:1,w:7,wCS:700,nSel:1,goal:1,sine:0,thAx:0,allAx:4,thDist:-4}
535. ~r1_tarski(k3_numbers,X1) | k3_numbers = X1 | ~v4_membered(X1) [resolution 185,164] {a:1,w:8,wCS:3200,nSel:1,sine:1,thAx:0,allAx:2,thDist:-2}
626. v1_rat_1(sK1(X15,X16)) | r1_tarski(X15,X16) | ~v4_membered(X15) [resolution 529,165] {a:2,w:9,wCS:3600,nSel:1,sine:1,thAx:0,allAx:4,thDist:-4}
790. r1_tarski(X0,sK0) | ~v4_membered(X0) | r1_tarski(X0,sK0) [resolution 626,532] {a:3,w:8,wCS:800,goal:1,sine:0,thAx:0,allAx:8,thDist:-8}
793. r1_tarski(X0,sK0) | ~v4_membered(X0) [duplicate literal removal 790] {a:3,w:5,wCS:500,nSel:1,goal:1,sine:0,thAx:0,allAx:8,thDist:-8}
803. ~v4_membered(k3_numbers) | k3_numbers = sK0 | ~v4_membered(sK0) [resolution 793,535] {a:4,w:7,wCS:700,goal:1,sine:0,thAx:0,allAx:10,thDist:-10}
810. k3_numbers = sK0 | ~v4_membered(sK0) <- (4) [subsumption resolution 803,231] {a:4,w:5,wCS:500,goal:1,sine:0,thAx:0,allAx:10,thDist:-10}
811. ~v4_membered(sK0) <- (~1, 4) [subsumption resolution 810,216] {a:4,w:2,wCS:200,goal:1,sine:0,thAx:0,allAx:10,thDist:-10}
812. $false <- (~1, 2, 4) [subsumption resolution 811,221] {a:4,w:0,goal:1,sine:0,thAx:0,allAx:10,thDist:-10}
813. 1 | ~2 | ~4 [avatar contradiction clause 812]
814. $false [avatar sat refutation 217,222,232,813] {a:0,w:0,goal:1,sine:0,thAx:0,allAx:412,thDist:-412}
% SZS output end Proof for membered__t16_membered
% ------------------------------
% Version: Vampire 4.5.1 (commit 226f88162 on 2021-09-12 20:13:44 +0200)
% Termination reason: Refutation

% >>> Input
% Input formulas: 62
% >>> Preprocessing
% Introduced skolems: 12
% Pure predicates: 8
% 
% >>> Saturation
% Initial clauses: 56
% Generated clauses: 364
% Active clauses: 150
% Passive clauses: 193
% Final active clauses: 139
% Final passive clauses: 36
% Main loop iterations started: 157
% 
% >>> Simplifying Inferences
% Duplicate literals: 6
% Fw subsumption resolutions: 6
% Bw demodulations: 1
% 
% >>> Deletion Inferences
% Simple tautologies: 12
% Equational tautologies: 4
% Forward subsumptions: 76
% Backward subsumptions: 9
% 
% >>> Generating Inferences
% Binary resolution: 213
% Unit resulting resolution: 2
% Forward superposition: 5
% Backward superposition: 4
% Self superposition: 1
% 
% >>> AVATAR
% Split clauses: 13
% Split components: 26
% Sat splitting refutations: 5
% 
% >>> SAT Solver Statistics
% SAT solver clauses: 76
% SAT solver unit clauses: 21
% SAT solver binary clauses: 49
% 
% Memory used [KB]: 9850
% Time elapsed: 0.005 s
% ------------------------------
% ------------------------------
% Time measurement results:
% preprocessing: 0.001 s
% forward subsumption resolution: 0.001 s
% backward subsumption: 0.001 s
% other: 0.005 s ( own 0.002 s ) 

