i: [1,219,0,2,1,1,0,0] t27_funcop_1
a: [3,358,0,2,1,219]
s: 358
i: [1,218,0,2,1,1,0,0] t27_funcop_1
a: [3,363,0,2,1,218]
s: 363
i: [1,217,0,2,1,1,0,0] t27_funcop_1
a: [3,368,0,2,1,217]
s: 368
i: [1,216,0,2,1,1,0,0] t27_funcop_1
a: [3,373,0,2,1,216]
s: 373
i: [1,220,0,7,1,1,0,0] t27_funcop_1
a: [3,353,0,7,1,220]
s: 353
i: [1,222,0,2,1,0,0,255] fc1_xboole_0
a: [3,378,0,2,1,222]
s: 378
i: [1,317,0,2,1,0,0,2] rc2_xboole_0
a: [3,383,0,2,1,317]
s: 383
i: [1,318,0,2,1,0,0,2] rc1_xboole_0
a: [3,388,0,2,1,318]
s: 388
i: [1,320,0,2,1,0,0,255] rc7_funct_1
a: [3,393,0,2,1,320]
s: 393
i: [1,319,0,2,1,0,0,255] rc7_funct_1
a: [3,398,0,2,1,319]
s: 398
i: [1,322,0,2,1,0,0,2] rc1_relat_1
a: [3,403,0,2,1,322]
s: 403
i: [1,321,0,2,1,0,0,2] rc1_relat_1
a: [3,408,0,2,1,321]
s: 408
i: [1,326,0,2,1,0,0,255] rc4_funct_1
a: [3,413,0,2,1,326]
s: 413
i: [1,325,0,2,1,0,0,255] rc4_funct_1
a: [3,418,0,2,1,325]
s: 418
i: [1,324,0,2,1,0,0,255] rc4_funct_1
a: [3,423,0,2,1,324]
s: 423
i: [1,323,0,2,1,0,0,255] rc4_funct_1
a: [3,428,0,2,1,323]
s: 428
i: [1,328,0,2,1,0,0,255] rc2_relat_1
a: [3,433,0,2,1,328]
s: 433
i: [1,327,0,2,1,0,0,255] rc2_relat_1
a: [3,438,0,2,1,327]
s: 438
i: [1,331,0,2,1,0,0,255] rc3_funct_1
a: [3,443,0,2,1,331]
s: 443
i: [1,330,0,2,1,0,0,255] rc3_funct_1
a: [3,448,0,2,1,330]
s: 448
i: [1,329,0,2,1,0,0,255] rc3_funct_1
a: [3,453,0,2,1,329]
s: 453
i: [1,333,0,2,1,0,0,1] rc1_funct_1
a: [3,458,0,2,1,333]
s: 458
i: [1,332,0,2,1,0,0,1] rc1_funct_1
a: [3,463,0,2,1,332]
s: 463
i: [1,336,0,2,1,0,0,255] rc5_funct_1
a: [3,468,0,2,1,336]
s: 468
i: [1,335,0,2,1,0,0,255] rc5_funct_1
a: [3,473,0,2,1,335]
s: 473
i: [1,334,0,2,1,0,0,255] rc5_funct_1
a: [3,478,0,2,1,334]
s: 478
i: [1,339,0,2,1,0,0,255] rc2_funct_1
a: [3,483,0,2,1,339]
s: 483
i: [1,338,0,2,1,0,0,255] rc2_funct_1
a: [3,488,0,2,1,338]
s: 488
i: [1,337,0,2,1,0,0,255] rc2_funct_1
a: [3,493,0,2,1,337]
s: 493
i: [1,223,0,3,1,0,0,255] fc2_xboole_0
s: 223
i: [1,221,0,13,1,1,0,0] t27_funcop_1
a: [3,348,0,13,1,221]
s: 348
i: [1,224,0,4,1,0,0,255] fc2_funcop_1
s: 224
i: [1,228,0,4,2,0,0,255] cc7_funct_1
s: 228
d: [2,495,1,2,1,1,40,228,378]
a: [3,501,1,2,1,495]
s: 501
i: [1,229,0,4,2,0,0,1] cc1_funct_1
s: 229
i: [1,230,0,4,2,0,0,2] cc1_relat_1
s: 230
d: [2,496,1,2,1,1,40,228,388]
a: [3,506,1,2,1,496]
s: 506
i: [1,277,0,4,1,0,0,255] existence_m1_subset_1
s: 277
d: [2,508,1,2,1,1,40,229,378]
a: [3,514,1,2,1,508]
s: 514
i: [1,278,0,4,1,0,0,255] fc3_xboole_0
s: 278
i: [1,279,0,4,1,0,0,255] fc6_relat_1
s: 279
d: [2,509,1,2,1,1,40,229,388]
a: [3,519,1,2,1,509]
s: 519
i: [1,280,0,4,1,0,0,2] dt_k3_relat_1
s: 280
d: [2,521,1,2,1,1,40,230,378]
a: [3,527,1,2,1,521]
s: 527
i: [1,286,0,4,1,0,0,2] fc1_funcop_1
s: 286
i: [1,287,0,4,1,0,0,2] fc1_funcop_1
s: 287
d: [2,522,1,2,1,1,40,230,388]
a: [3,532,1,2,1,522]
s: 532
i: [1,225,0,5,1,0,0,255] t2_boole
s: 225
d: [2,497,1,4,1,0,40,228,224]
s: 497
i: [1,231,0,5,2,0,0,255] t6_boole
s: 231
i: [1,232,0,5,2,0,0,1] fc4_xtuple_0
s: 232
d: [2,510,1,4,1,0,40,229,224]
s: 510
i: [1,233,0,5,2,0,0,1] fc10_relat_1
s: 233
d: [2,523,1,4,1,0,40,230,224]
s: 523
i: [1,269,0,5,2,0,0,1] t7_boole
s: 269
i: [1,281,0,5,1,0,0,3] idempotence_k3_xboole_0
s: 281
d: [2,545,1,6,1,1,40,269,353]
a: [3,549,1,6,1,545]
s: 549
i: [1,282,0,5,1,0,0,255] fc1_funct_1
s: 282
d: [2,551,2,5,1,1,40,549,232]
a: [3,555,2,5,1,551]
s: 555
i: [1,283,0,5,1,0,0,255] fc5_relat_1
s: 283
i: [1,247,0,6,3,0,0,255] cc3_relat_1
s: 247
d: [2,557,0,4,2,0,21,247,230]
s: 557
i: [1,249,0,6,3,0,0,255] cc4_relat_1
s: 249
d: [2,560,1,2,1,1,40,557,378]
a: [3,565,1,2,1,560]
s: 565
d: [2,572,0,4,2,0,21,249,230]
s: 572
i: [1,264,0,6,2,0,0,255] t1_subset
s: 264
d: [2,588,1,7,1,1,40,264,353]
a: [3,592,1,7,1,588]
s: 592
i: [1,288,0,6,2,0,0,2] fc4_funcop_1
s: 288
d: [2,561,1,2,1,1,40,557,388]
a: [3,570,1,2,1,561]
s: 570
i: [1,289,0,6,2,0,0,2] fc3_funcop_1
s: 289
i: [1,290,0,6,2,0,0,3] fc1_relat_1
s: 290
d: [2,576,1,2,1,1,40,572,378]
a: [3,581,1,2,1,576]
s: 581
i: [1,291,0,6,2,0,0,1] antisymmetry_r2_hidden
s: 291
d: [2,604,1,7,1,1,40,291,353]
a: [3,608,1,7,1,604]
s: 608
i: [1,226,0,7,3,0,0,255] cc8_funct_1
s: 226
i: [1,227,0,7,3,0,0,255] cc8_funct_1
s: 227
d: [2,611,2,8,2,1,40,226,592]
a: [3,615,2,6,1,611]
s: 615
i: [1,235,0,7,3,0,0,1] fc8_relat_1
s: 235
d: [2,577,1,2,1,1,40,572,388]
a: [3,586,1,2,1,577]
s: 586
i: [1,239,0,7,3,0,0,255] fc24_relat_1
s: 239
i: [1,253,0,7,3,0,0,255] fc14_funct_1
s: 253
d: [2,559,1,4,1,0,40,557,224]
s: 559
i: [1,268,0,7,3,0,0,1] t8_boole
s: 268
d: [2,575,1,4,1,0,40,572,224]
s: 575
i: [1,284,0,7,1,0,0,255] commutativity_k2_tarski
s: 284
i: [1,285,0,7,1,0,0,3] commutativity_k3_xboole_0
s: 285
d: [2,542,1,5,2,0,40,232,230]
s: 542
i: [1,238,0,8,4,0,0,255] cc6_funct_1
s: 238
d: [2,543,1,5,2,0,40,232,229]
s: 543
i: [1,242,0,8,4,0,0,255] cc4_funct_1
s: 242
d: [2,640,0,6,3,0,21,242,229]
d: [2,641,0,4,2,0,21,640,230]
s: 641
d: [2,645,1,2,1,1,40,641,378]
a: [3,650,1,2,1,645]
s: 650
i: [1,245,0,8,4,0,0,255] cc2_funct_1
s: 245
d: [2,646,1,2,1,1,40,641,388]
a: [3,655,1,2,1,646]
s: 655
d: [2,658,0,6,3,0,21,245,229]
d: [2,659,0,4,2,0,21,658,230]
s: 659
i: [1,250,0,8,4,0,0,255] cc5_funct_1
s: 250
d: [2,663,1,2,1,1,40,659,378]
a: [3,668,1,2,1,663]
s: 668
i: [1,261,0,8,1,0,0,255] d2_funcop_1
s: 261
d: [2,664,1,2,1,1,40,659,388]
a: [3,673,1,2,1,664]
s: 673
i: [1,263,0,8,3,0,0,255] t2_subset
s: 263
i: [1,292,0,8,3,0,0,255] fc10_subset_1
s: 292
d: [2,643,1,4,1,0,40,641,224]
s: 643
i: [1,294,0,8,3,0,0,2] fc13_relat_1
s: 294
d: [2,661,1,4,1,0,40,659,224]
s: 661
i: [1,295,0,8,3,0,0,2] fc13_relat_1
s: 295
i: [1,296,0,8,3,0,0,2] fc12_relat_1
s: 296
d: [2,544,1,5,2,0,40,232,228]
s: 544
i: [1,297,0,8,3,0,0,2] fc12_relat_1
s: 297
d: [2,558,1,5,2,0,40,557,232]
s: 558
i: [1,316,0,8,1,0,0,255] fc7_relat_1
s: 316
i: [1,343,0,8,2,0,0,3] d4_xboole_0
s: 343
d: [2,574,1,5,2,0,40,572,232]
s: 574
i: [1,344,0,8,2,0,0,3] d4_xboole_0
s: 344
d: [2,610,1,5,2,0,40,226,277]
s: 610
i: [1,234,0,9,4,0,0,255] fc18_funct_1
s: 234
i: [1,262,0,10,1,0,0,255] d5_tarski
s: 262
d: [2,716,1,4,1,0,44,278,262]
s: 716
i: [1,270,0,10,2,0,0,2] t7_funcop_1
s: 270
d: [2,621,1,5,2,0,40,227,277]
s: 621
i: [1,298,0,10,4,0,0,255] fc19_funct_1
s: 298
i: [1,312,0,10,4,0,0,255] fc15_relat_1
s: 312
d: [2,633,1,5,1,0,44,285,225]
s: 633
i: [1,313,0,10,4,0,0,255] fc15_relat_1
s: 313
d: [2,634,1,5,1,0,44,285,225]
s: 634
i: [1,342,0,11,3,0,0,3] d4_xboole_0
s: 342
i: [1,307,0,12,5,0,0,255] fc15_funct_1
s: 307
d: [2,635,1,5,1,0,44,225,285]
s: 635
i: [1,308,0,12,5,0,0,2] dt_k13_funct_3
s: 308
d: [2,637,1,5,1,0,44,225,285]
s: 637
i: [1,309,0,12,5,0,0,2] dt_k13_funct_3
s: 309
i: [1,310,0,12,5,0,0,2] fc2_funct_1
s: 310
d: [2,642,1,5,2,0,40,641,232]
s: 642
i: [1,311,0,12,5,0,0,2] fc2_funct_1
s: 311
d: [2,660,1,5,2,0,40,659,232]
s: 660
i: [1,314,0,13,5,0,0,1] fc6_funcop_1
s: 314
i: [1,315,0,13,5,0,0,1] fc6_funcop_1
s: 315
d: [2,535,1,6,2,0,44,224,231]
s: 535
i: [1,260,0,14,3,0,0,1] d1_binop_1
s: 260
d: [2,596,1,6,2,0,40,289,572]
s: 596
i: [1,301,0,14,6,0,0,2] fc2_funct_3
s: 301
i: [1,302,0,14,6,0,0,2] fc2_funct_3
s: 302
d: [2,597,1,6,2,0,40,289,557]
s: 597
i: [1,303,0,14,6,0,0,2] fc2_funct_3
s: 303
d: [2,600,1,6,2,0,40,289,228]
s: 600
d: [2,757,0,12,5,0,21,303,230]
d: [2,758,0,10,4,0,21,757,229]
s: 758
i: [1,304,0,14,6,0,0,2] fc1_funct_3
s: 304
d: [2,636,1,6,2,0,44,290,285]
s: 636
i: [1,305,0,14,6,0,0,2] fc1_funct_3
s: 305
d: [2,638,1,6,2,0,44,290,285]
s: 638
i: [1,306,0,14,6,0,0,2] fc1_funct_3
s: 306
d: [2,771,0,12,5,0,21,306,230]
d: [2,772,0,10,4,0,21,771,229]
s: 772
d: [2,644,1,6,2,0,40,641,289]
s: 644
i: [1,293,0,16,6,0,0,255] fc11_funct_1
s: 293
d: [2,781,2,27,5,1,40,293,592]
d: [2,782,2,22,4,2,21,781,555]
a: [3,786,2,5,1,782]
s: 786
d: [2,800,3,0,0,5,52,363,358,373,368,786,314]
e: 800
d: [2,801,3,8,4,1,40,786,314]
d: [2,803,3,6,3,2,21,801,368]
d: [2,804,3,4,2,3,21,803,373]
d: [2,805,3,2,1,4,21,804,358]
d: [2,806,3,0,0,5,21,805,363]
e: 806
r: 786
i: [1,299,0,16,7,0,0,255] fc7_funct_1
s: 299
i: [1,300,0,16,7,0,0,255] fc7_funct_1
s: 300
a: [3,785,2,5,1,782]
s: 785
i: [1,274,0,17,3,0,0,3] d4_xboole_0
s: 274
a: [3,790,2,5,1,782]
s: 790
i: [1,275,0,17,3,0,0,3] d4_xboole_0
s: 275
i: [1,265,0,18,6,0,0,1] t11_funct_1
s: 265
d: [2,662,1,6,2,0,40,659,289]
s: 662
i: [1,266,0,20,6,0,0,1] t11_funct_1
s: 266
d: [2,677,1,6,2,0,40,263,277]
s: 677
i: [1,254,0,21,5,0,0,1] d4_funcop_1
s: 254
i: [1,276,0,23,4,0,0,3] d4_xboole_0
s: 276
d: [2,703,1,6,2,0,44,344,225]
s: 703
i: [1,267,0,24,7,0,0,1] t11_funct_1
s: 267
d: [2,538,2,6,2,0,44,497,231]
s: 538
i: [1,341,0,26,7,0,0,2] d7_funct_3
s: 341
d: [2,861,0,22,6,0,21,341,309]
d: [2,862,0,18,5,0,21,861,308]
s: 862
d: [2,629,2,6,2,0,44,559,231]
s: 629
i: [1,257,0,32,9,0,0,2] d7_funct_3
s: 257
d: [2,630,2,6,2,0,44,575,231]
s: 630
i: [1,340,0,35,8,0,0,2] d7_funct_3
s: 340
d: [2,882,0,31,7,0,21,340,309]
d: [2,883,0,27,6,0,21,882,308]
s: 883
d: [2,680,2,6,2,0,44,643,231]
s: 680
i: [1,259,0,36,8,0,0,1] l24_funcop_1
s: 259
d: [2,688,2,6,2,0,44,661,231]
s: 688
i: [1,258,0,45,9,0,0,2] d7_funct_3
s: 258
d: [2,534,1,7,3,0,44,231,231]
s: 534
d: [2,731,2,6,2,0,44,343,633]
s: 731
d: [2,536,1,7,2,0,44,225,231]
s: 536
d: [2,824,2,6,2,0,40,677,291]
s: 824
d: [2,681,1,8,3,0,40,294,228]
s: 681
d: [2,682,1,8,3,0,40,294,229]
s: 682
d: [2,727,2,7,2,0,44,633,231]
s: 727
d: [2,684,1,8,3,0,40,294,557]
s: 684
d: [2,918,2,7,2,0,44,536,285]
s: 918
d: [2,685,1,8,3,0,40,294,572]
s: 685
d: [2,686,1,8,3,0,40,294,641]
s: 686
d: [2,919,2,7,2,0,44,536,285]
s: 919
d: [2,687,1,8,3,0,40,294,659]
s: 687
d: [2,922,2,7,2,0,44,285,536]
s: 922
d: [2,689,1,8,3,0,40,296,228]
s: 689
d: [2,690,1,8,3,0,40,296,229]
s: 690
d: [2,923,2,7,2,0,44,285,536]
s: 923
d: [2,692,1,8,3,0,40,296,557]
s: 692
d: [2,693,1,8,3,0,40,296,572]
s: 693
d: [2,694,1,8,3,0,40,296,641]
s: 694
d: [2,695,1,8,3,0,40,296,659]
s: 695
d: [2,701,1,8,2,0,44,343,285]
s: 701
d: [2,702,1,8,2,0,44,343,285]
s: 702
d: [2,724,1,17,5,0,44,298,270]
d: [2,725,1,13,4,0,21,724,287]
d: [2,726,1,9,3,0,21,725,286]
s: 726
d: [2,709,1,10,1,0,44,262,284]
s: 709
d: [2,710,1,10,1,0,44,262,284]
s: 710
d: [2,976,2,5,2,0,40,726,559]
a: [3,980,2,3,1,976]
s: 980
r: 703
d: [2,712,1,10,1,0,44,262,284]
s: 712
d: [2,713,1,10,1,0,44,262,284]
s: 713
d: [2,714,1,10,1,0,44,284,262]
s: 714
d: [2,715,1,10,1,0,44,284,262]
s: 715
d: [2,717,1,10,4,0,40,298,228]
s: 717
d: [2,718,1,10,4,0,40,298,229]
s: 718
d: [2,1009,2,17,5,0,44,717,270]
d: [2,1012,2,13,4,0,21,1009,286]
d: [2,1013,2,9,3,0,21,1012,287]
s: 1013
d: [2,719,1,10,4,0,40,298,230]
s: 719
d: [2,720,1,10,4,0,40,298,557]
s: 720
d: [2,1014,2,17,5,0,44,718,270]
d: [2,1017,2,13,4,0,21,1014,286]
d: [2,1018,2,9,3,0,21,1017,287]
s: 1018
d: [2,721,1,10,4,0,40,298,572]
s: 721
d: [2,1021,2,17,5,0,44,719,270]
d: [2,1024,2,13,4,0,21,1021,286]
d: [2,1025,2,9,3,0,21,1024,287]
s: 1025
d: [2,722,1,10,4,0,40,298,641]
s: 722
d: [2,723,1,10,4,0,40,298,659]
s: 723
d: [2,1026,2,17,5,0,44,720,270]
d: [2,1029,2,13,4,0,21,1026,286]
d: [2,1030,2,9,3,0,21,1029,287]
s: 1030
d: [2,739,1,10,3,0,40,342,269]
s: 739
d: [2,1033,2,17,5,0,44,721,270]
d: [2,1036,2,13,4,0,21,1033,286]
d: [2,1037,2,9,3,0,21,1036,287]
s: 1037
d: [2,759,1,10,4,0,40,758,228]
s: 759
d: [2,760,1,10,4,0,40,758,229]
s: 760
d: [2,1040,2,17,5,0,44,722,270]
d: [2,1043,2,13,4,0,21,1040,286]
d: [2,1044,2,9,3,0,21,1043,287]
s: 1044
d: [2,761,1,10,4,0,40,758,230]
s: 761
d: [2,1045,2,17,5,0,44,723,270]
d: [2,1048,2,13,4,0,21,1045,286]
d: [2,1049,2,9,3,0,21,1048,287]
s: 1049
d: [2,762,1,10,4,0,40,758,557]
s: 762
d: [2,763,1,10,4,0,40,758,572]
s: 763
d: [2,764,1,10,4,0,40,758,641]
s: 764
d: [2,765,1,10,4,0,40,758,659]
s: 765
d: [2,773,1,10,4,0,40,772,228]
s: 773
d: [2,774,1,10,4,0,40,772,229]
s: 774
d: [2,775,1,10,4,0,40,772,230]
s: 775
d: [2,776,1,10,4,0,40,772,557]
s: 776
d: [2,777,1,10,4,0,40,772,572]
s: 777
d: [2,778,1,10,4,0,40,772,641]
s: 778
d: [2,779,1,10,4,0,40,772,659]
s: 779
d: [2,737,1,11,3,0,40,342,291]
s: 737
d: [2,827,2,10,2,0,40,677,344]
s: 827
d: [2,738,1,11,3,0,40,342,264]
s: 738
d: [2,1081,3,6,2,0,40,827,269]
s: 1081
d: [2,751,1,15,6,0,44,298,260]
d: [2,752,1,11,4,0,18,751]
s: 752
d: [2,813,1,11,2,0,42,274]
s: 813
d: [2,1109,4,6,2,0,40,1081,228]
s: 1109
d: [2,819,1,11,2,0,42,275]
s: 819
d: [2,1110,4,6,2,0,40,1081,229]
s: 1110
d: [2,866,1,15,5,0,44,281,862]
d: [2,874,1,11,3,0,18,866]
s: 874
d: [2,863,1,15,5,0,44,862,281]
d: [2,875,1,11,3,0,18,863]
s: 875
d: [2,1111,4,6,2,0,40,1081,230]
s: 1111
d: [2,639,1,13,5,0,40,238,239]
s: 639
d: [2,1112,4,6,2,0,40,1081,557]
s: 1112
d: [2,749,1,21,4,0,44,260,270]
d: [2,753,1,17,3,0,21,749,287]
d: [2,754,1,13,2,0,21,753,286]
s: 754
d: [2,750,1,21,4,0,44,270,260]
d: [2,755,1,17,3,0,21,750,287]
d: [2,756,1,13,2,0,21,755,286]
s: 756
d: [2,1113,4,6,2,0,40,1081,572]
s: 1113
d: [2,810,1,13,3,0,40,274,269]
s: 810
d: [2,1114,4,6,2,0,40,1081,641]
s: 1114
d: [2,816,1,13,3,0,40,275,269]
s: 816
d: [2,780,1,14,5,0,40,293,277]
s: 780
d: [2,1115,4,6,2,0,40,1081,659]
s: 1115
d: [2,711,1,15,1,0,44,262,262]
s: 711
d: [2,1120,4,6,2,0,44,1081,285]
s: 1120
d: [2,869,1,16,6,0,44,290,862]
s: 869
d: [2,808,1,17,3,0,40,274,291]
s: 808
d: [2,1121,4,6,2,0,44,1081,285]
s: 1121
d: [2,809,1,17,3,0,40,274,264]
s: 809
d: [2,1149,5,6,2,0,44,1109,285]
s: 1149
d: [2,814,1,17,3,0,40,275,291]
s: 814
d: [2,815,1,17,3,0,40,275,264]
s: 815
d: [2,1150,5,6,2,0,44,1109,285]
s: 1150
d: [2,748,1,18,5,0,44,307,262]
s: 748
d: [2,1169,5,6,2,0,44,1110,285]
s: 1169
d: [2,834,1,22,7,0,44,294,254]
d: [2,845,1,20,6,0,21,834,230]
d: [2,846,1,18,5,0,21,845,229]
s: 846
d: [2,864,1,18,5,0,44,862,285]
s: 864
d: [2,1170,5,6,2,0,44,1110,285]
s: 1170
d: [2,865,1,18,5,0,44,862,285]
s: 865
d: [2,1217,5,6,2,0,44,1111,285]
s: 1217
d: [2,867,1,18,5,0,44,285,862]
s: 867
d: [2,868,1,18,5,0,44,285,862]
s: 868
d: [2,1218,5,6,2,0,44,1111,285]
s: 1218
d: [2,871,1,18,6,0,44,343,862]
s: 871
d: [2,1229,5,6,2,0,44,1112,285]
s: 1229
d: [2,872,1,18,6,0,44,344,862]
s: 872
d: [2,835,1,22,7,0,44,296,254]
d: [2,842,1,20,6,0,18,835]
s: 842
d: [2,1230,5,6,2,0,44,1112,285]
s: 1230
d: [2,892,1,21,6,0,44,283,883]
s: 892
d: [2,1245,5,6,2,0,44,1113,285]
s: 1245
d: [2,893,1,21,6,0,44,282,883]
s: 893
d: [2,838,1,24,8,0,44,313,254]
d: [2,839,1,22,7,0,18,838]
s: 839
d: [2,1246,5,6,2,0,44,1113,285]
s: 1246
d: [2,870,1,22,7,0,44,342,862]
s: 870
d: [2,1265,5,6,2,0,44,1114,285]
s: 1265
d: [2,811,1,23,3,0,40,274,344]
s: 811
d: [2,812,1,23,3,0,40,274,343]
s: 812
d: [2,1266,5,6,2,0,44,1114,285]
s: 1266
d: [2,817,1,23,3,0,40,275,344]
s: 817
d: [2,1293,5,6,2,0,44,1115,285]
s: 1293
d: [2,818,1,23,3,0,40,275,343]
s: 818
d: [2,890,1,24,6,0,44,316,883]
s: 890
d: [2,1294,5,6,2,0,44,1115,285]
s: 1294
d: [2,891,1,24,6,0,44,316,883]
s: 891
d: [2,1311,5,6,2,0,40,1120,228]
s: 1311
d: [2,856,1,33,8,0,44,267,270]
d: [2,859,1,29,7,0,21,856,287]
d: [2,860,1,25,6,0,21,859,286]
s: 860
d: [2,877,1,29,9,0,44,257,281]
d: [2,880,1,25,7,0,18,877]
s: 880
d: [2,1312,5,6,2,0,40,1120,229]
s: 1312
d: [2,884,1,36,7,0,44,883,270]
d: [2,896,1,32,6,0,21,884,287]
d: [2,897,1,28,5,0,21,896,286]
s: 897
d: [2,1313,5,6,2,0,40,1120,230]
s: 1313
d: [2,886,1,36,7,0,44,883,270]
d: [2,898,1,32,6,0,21,886,287]
d: [2,899,1,28,5,0,21,898,286]
s: 899
d: [2,857,1,33,9,0,44,267,260]
d: [2,858,1,29,7,0,18,857]
s: 858
d: [2,1314,5,6,2,0,40,1120,557]
s: 1314
d: [2,876,1,39,13,0,44,257,862]
d: [2,881,1,31,9,0,18,876]
s: 881
d: [2,1315,5,6,2,0,40,1120,572]
s: 1315
d: [2,878,1,32,9,0,44,257,285]
s: 878
d: [2,879,1,32,9,0,44,257,285]
s: 879
d: [2,1316,5,6,2,0,40,1120,641]
s: 1316
d: [2,888,1,34,8,0,44,260,883]
s: 888
d: [2,1317,5,6,2,0,40,1120,659]
s: 1317
d: [2,887,1,38,8,0,44,883,260]
d: [2,894,1,34,6,0,18,887]
s: 894
r: 790
d: [2,885,1,38,8,0,44,883,260]
d: [2,895,1,34,6,0,18,885]
s: 895
a: [3,794,2,5,1,782]
s: 794
d: [2,1845,3,0,0,5,52,363,358,373,368,794,315]
e: 1845
d: [2,1846,3,8,4,1,40,794,315]
d: [2,1848,3,6,3,2,21,1846,368]
d: [2,1849,3,4,2,3,21,1848,373]
d: [2,1850,3,2,1,4,21,1849,358]
d: [2,1851,3,0,0,5,21,1850,363]
e: 1851
r: 794
d: [2,820,1,35,7,0,40,265,275]
s: 820
a: [3,793,2,5,1,782]
s: 793
d: [2,821,1,35,7,0,40,265,274]
s: 821
d: [2,836,1,40,11,0,44,300,254]
d: [2,841,1,36,9,0,18,836]
s: 841
a: [3,798,2,7,1,782]
s: 798
d: [2,822,1,37,7,0,40,266,275]
s: 822
d: [2,1905,3,15,3,1,40,798,298]
d: [2,1906,3,10,2,2,21,1905,793]
d: [2,1907,3,5,1,3,21,1906,785]
a: [3,1911,3,5,1,1907]
s: 1911
d: [2,823,1,37,7,0,40,266,274]
s: 823
d: [2,900,1,45,9,0,44,259,270]
d: [2,906,1,41,8,0,21,900,287]
d: [2,907,1,37,7,0,21,906,286]
s: 907
d: [2,1253,2,9,3,0,40,810,269]
s: 1253
d: [2,902,1,45,9,0,44,259,270]
d: [2,908,1,41,8,0,21,902,287]
d: [2,909,1,37,7,0,21,908,286]
s: 909
d: [2,1273,2,9,3,0,40,816,269]
s: 1273
d: [2,831,1,42,10,0,44,265,254]
d: [2,844,1,38,8,0,18,831]
s: 844
d: [2,849,1,39,5,0,40,276,342]
s: 849
d: [2,1363,2,23,7,0,40,846,775]
d: [2,1369,2,18,6,0,21,1363,286]
d: [2,1370,2,13,5,0,21,1369,287]
d: [2,1371,2,11,4,0,21,1370,230]
d: [2,1372,2,9,3,0,21,1371,229]
s: 1372
d: [2,832,1,44,10,0,44,266,254]
d: [2,843,1,40,8,0,18,832]
s: 843
d: [2,2259,3,4,2,1,40,1372,555]
a: [3,2270,3,2,1,2259]
s: 2270
d: [2,903,1,47,10,0,44,259,260]
d: [2,904,1,43,8,0,18,903]
s: 904
d: [2,901,1,47,10,0,44,259,260]
d: [2,905,1,43,8,0,18,901]
s: 905
d: [2,2031,3,9,3,0,44,1253,285]
s: 2031
d: [2,912,1,57,14,0,44,258,883]
d: [2,913,1,49,10,0,18,912]
s: 913
d: [2,2032,3,9,3,0,44,1253,285]
s: 2032
d: [2,910,1,60,10,0,44,258,270]
d: [2,914,1,56,9,0,21,910,287]
d: [2,915,1,52,8,0,21,914,286]
s: 915
d: [2,911,1,60,10,0,44,258,270]
d: [2,916,1,56,9,0,21,911,287]
d: [2,917,1,52,8,0,21,916,286]
s: 917
d: [2,2038,3,9,3,0,44,285,1253]
s: 2038
d: [2,828,2,10,2,0,40,677,343]
s: 828
d: [2,2039,3,9,3,0,44,285,1253]
s: 2039
d: [2,989,2,10,1,0,44,709,284]
s: 989
d: [2,990,2,10,1,0,44,709,284]
s: 990
d: [2,2260,3,9,3,0,40,1372,228]
s: 2260
d: [2,993,2,10,1,0,44,284,709]
s: 993
d: [2,2261,3,9,3,0,40,1372,229]
s: 2261
d: [2,994,2,10,1,0,44,284,709]
s: 994
d: [2,1000,2,10,1,0,44,712,284]
s: 1000
d: [2,2262,3,9,3,0,40,1372,230]
s: 2262
d: [2,1001,2,10,1,0,44,712,284]
s: 1001
d: [2,2263,3,9,3,0,40,1372,557]
s: 2263
d: [2,1281,2,14,7,0,40,780,298]
d: [2,1284,2,10,5,0,18,1281]
s: 1284
d: [2,1010,2,15,6,0,44,717,260]
d: [2,1011,2,11,4,0,18,1010]
s: 1011
d: [2,2478,3,8,4,1,40,1284,418]
d: [2,2482,3,6,3,2,21,2478,413]
d: [2,2483,3,4,2,3,21,2482,423]
d: [2,2484,3,2,1,4,21,2483,428]
a: [3,2488,3,2,1,2484]
s: 2488
d: [2,1015,2,15,6,0,44,718,260]
d: [2,1016,2,11,4,0,18,1015]
s: 1016
d: [2,2479,3,8,4,1,40,1284,433]
d: [2,2490,3,6,3,2,21,2479,438]
a: [3,2494,3,2,1,2490]
s: 2494
d: [2,1022,2,15,6,0,44,719,260]
d: [2,1023,2,11,4,0,18,1022]
s: 1023
d: [2,1027,2,15,6,0,44,720,260]
d: [2,1028,2,11,4,0,18,1027]
s: 1028
d: [2,2480,3,8,4,1,40,1284,448]
d: [2,2504,3,6,3,2,21,2480,443]
d: [2,2505,3,4,2,3,21,2504,453]
a: [3,2509,3,2,1,2505]
s: 2509
d: [2,1034,2,15,6,0,44,721,260]
d: [2,1035,2,11,4,0,18,1034]
s: 1035
d: [2,2264,3,9,3,0,40,1372,572]
s: 2264
d: [2,1041,2,15,6,0,44,722,260]
d: [2,1042,2,11,4,0,18,1041]
s: 1042
d: [2,1046,2,15,6,0,44,723,260]
d: [2,1047,2,11,4,0,18,1046]
s: 1047
d: [2,2265,3,9,3,0,40,1372,641]
s: 2265
d: [2,1125,2,11,4,0,40,752,228]
s: 1125
d: [2,2266,3,9,3,0,40,1372,659]
s: 2266
d: [2,1126,2,11,4,0,40,752,229]
s: 1126
d: [2,1127,2,11,4,0,40,752,230]
s: 1127
d: [2,1079,3,10,2,0,40,827,291]
s: 1079
d: [2,1128,2,11,4,0,40,752,557]
s: 1128
d: [2,1080,3,10,2,0,40,827,264]
s: 1080
d: [2,1129,2,11,4,0,40,752,572]
s: 1129
d: [2,1130,2,11,4,0,40,752,641]
s: 1130
d: [2,1091,3,10,2,0,44,827,285]
s: 1091
d: [2,1131,2,11,4,0,40,752,659]
s: 1131
d: [2,1092,3,10,2,0,44,827,285]
s: 1092
d: [2,1135,2,11,2,0,40,813,291]
s: 1135
d: [2,1136,2,11,2,0,40,813,264]
s: 1136
d: [2,2428,3,10,2,0,40,828,291]
s: 2428
d: [2,1134,2,22,4,0,40,813,276]
d: [2,1143,2,17,3,0,18,1134]
d: [2,1144,2,11,2,0,21,1143,274]
s: 1144
d: [2,2627,3,28,3,0,40,1144,817]
d: [2,2642,3,19,2,0,18,2627]
d: [2,2649,3,9,1,0,21,2642,1144]
s: 2649
d: [2,1155,2,11,2,0,40,819,291]
s: 1155
d: [2,1156,2,11,2,0,40,819,264]
s: 1156
d: [2,2629,3,28,3,0,40,1144,818]
d: [2,2640,3,19,2,0,18,2629]
d: [2,2650,3,9,1,0,21,2640,1144]
s: 2650
d: [2,1154,2,22,4,0,40,819,276]
d: [2,1163,2,17,3,0,18,1154]
d: [2,1164,2,11,2,0,21,1163,275]
s: 1164
d: [2,2786,3,28,3,0,40,1164,811]
d: [2,2799,3,19,2,0,18,2786]
d: [2,2807,3,9,1,0,21,2799,1164]
s: 2807
d: [2,1174,2,11,4,0,44,232,874]
s: 1174
d: [2,1184,2,11,4,0,44,542,874]
s: 1184
d: [2,2788,3,28,3,0,40,1164,812]
d: [2,2797,3,19,2,0,18,2788]
d: [2,2808,3,9,1,0,21,2797,1164]
s: 2808
d: [2,1185,2,11,4,0,44,543,874]
s: 1185
d: [2,2659,4,9,1,0,44,2649,285]
s: 2659
d: [2,1186,2,11,4,0,44,544,874]
s: 1186
d: [2,1187,2,11,4,0,44,558,874]
s: 1187
d: [2,2660,4,9,1,0,44,2649,285]
s: 2660
d: [2,1188,2,11,4,0,44,574,874]
s: 1188
d: [2,2669,4,9,1,0,44,2649,285]
s: 2669
d: [2,1189,2,11,4,0,44,642,874]
s: 1189
d: [2,1190,2,11,4,0,44,660,874]
s: 1190
d: [2,2670,4,9,1,0,44,2649,285]
s: 2670
d: [2,1175,2,19,6,0,44,234,874]
d: [2,1193,2,15,5,0,21,1175,309]
d: [2,1194,2,11,4,0,21,1193,308]
s: 1194
d: [2,2672,4,9,1,0,44,285,2649]
s: 2672
d: [2,1176,2,15,5,0,44,235,874]
d: [2,1195,2,11,4,0,21,1176,308]
s: 1195
d: [2,1177,2,15,5,0,44,239,874]
d: [2,1196,2,11,4,0,21,1177,308]
s: 1196
d: [2,2673,4,9,1,0,44,285,2649]
s: 2673
d: [2,1365,2,25,8,0,40,846,308]
d: [2,1367,2,21,6,0,18,1365]
d: [2,1373,2,16,5,0,21,1367,287]
d: [2,1374,2,11,4,0,21,1373,286]
s: 1374
r: 846
a: [3,2274,3,2,1,2259]
s: 2274
d: [2,1460,2,25,8,0,40,842,772]
d: [2,1464,2,20,7,0,21,1460,287]
d: [2,1465,2,15,6,0,21,1464,286]
d: [2,1466,2,13,5,0,21,1465,230]
d: [2,1467,2,11,4,0,21,1466,229]
s: 1467
d: [2,1097,2,12,4,0,40,738,227]
s: 1097
d: [2,3009,3,10,4,0,44,1097,281]
d: [2,3024,3,7,3,0,18,3009]
s: 3024
d: [2,1098,2,12,4,0,40,738,226]
s: 1098
d: [2,3055,3,10,4,0,44,1098,281]
d: [2,3070,3,7,3,0,18,3055]
s: 3070
r: 615
r: 798
r: 980
r: 2270
s: 703
a: [3,619,2,2,1,611]
s: 619
d: [2,622,2,8,2,1,40,227,592]
a: [3,626,2,2,1,622]
s: 626
s: 790
s: 2270
a: [3,983,2,2,1,976]
s: 983
r: 388
r: 378
r: 294
r: 296
r: 1195
r: 758
r: 772
r: 289
r: 224
r: 2428
r: 1120
r: 1081
r: 1080
r: 1079
r: 828
r: 827
r: 752
r: 298
r: 232
r: 1174
r: 842
r: 1372
r: 1374
r: 1467
r: 1284
r: 824
r: 780
r: 726
r: 677
r: 293
r: 292
r: 288
r: 263
r: 235
d: [2,3203,3,0,0,2,40,983,428]
e: 3203
d: [2,3202,3,0,0,2,40,983,408]
e: 3202
d: [2,3201,3,0,0,2,40,983,398]
e: 3201
d: [2,3200,3,0,0,2,40,983,383]
e: 3200
d: [2,3199,4,0,0,2,40,983,2274]
e: 3199
d: [2,3198,4,0,0,2,40,983,2270]
e: 3198
d: [2,3190,3,0,0,1,40,983,223]
e: 3190
d: [2,3189,3,0,0,1,40,983,716]
e: 3189
d: [2,3187,3,0,0,1,40,983,278]
e: 3187
d: [2,3186,3,0,0,2,40,983,549]
e: 3186
d: [2,3185,3,0,0,2,40,983,555]
e: 3185
d: [2,3165,3,0,0,2,52,555,983]
e: 3165
d: [2,3166,3,0,0,2,52,348,983,983,268]
e: 3166
d: [2,3167,3,0,0,2,52,983,348,983,268]
e: 3167
d: [2,3168,3,0,0,2,52,983,348,983,268]
e: 3168
d: [2,3169,3,0,0,2,52,353,983,269]
e: 3169
d: [2,3170,4,0,0,2,52,1911,983,557]
e: 3170
d: [2,3171,3,0,0,2,52,790,983,572]
e: 3171
d: [2,3172,3,0,0,2,52,468,983,641]
e: 3172
d: [2,3173,4,0,0,2,52,983,1911,983,2263]
e: 3173
d: [2,3174,4,0,0,2,52,983,1911,983,2263]
e: 3174
d: [2,3175,4,0,0,2,52,983,790,983,2264]
e: 3175
d: [2,3176,4,0,0,2,52,983,790,983,2264]
e: 3176
d: [2,3177,3,0,0,2,52,353,353,983,739]
e: 3177
r: 983
s: 378
s: 388
s: 224
s: 980
r: 703
s: 232
s: 288
s: 289
s: 235
s: 677
s: 263
s: 292
d: [2,3250,1,6,2,0,44,224,231]
s: 3250
s: 294
s: 824
s: 296
s: 298
d: [2,3295,2,6,2,0,40,677,291]
s: 3295
s: 758
s: 1081
s: 772
s: 293
s: 1120
s: 726
d: [2,3386,4,6,2,0,44,1081,285]
s: 3386
d: [2,3340,1,17,5,0,44,298,270]
d: [2,3346,1,13,4,0,21,3340,287]
d: [2,3347,1,9,3,0,21,3346,286]
s: 3347
s: 752
d: [2,3387,4,6,2,0,44,1081,285]
s: 3387
d: [2,3339,1,15,6,0,44,298,260]
d: [2,3345,1,11,4,0,18,3339]
s: 3345
d: [2,3389,4,6,2,0,44,1081,2808]
s: 3389
s: 780
d: [2,3424,1,14,5,0,40,293,277]
s: 3424
s: 1372
d: [2,3320,1,22,7,0,44,294,254]
d: [2,3321,1,20,6,0,21,3320,230]
d: [2,3322,1,18,5,0,21,3321,229]
s: 3322
d: [2,2734,4,9,1,0,44,2650,285]
s: 2734
s: 842
d: [2,3330,1,22,7,0,44,296,254]
d: [2,3331,1,20,6,0,18,3330]
s: 3331
d: [2,2735,4,9,1,0,44,2650,285]
s: 2735
s: 827
d: [2,2737,4,9,1,0,44,285,2650]
s: 2737
s: 828
s: 1284
d: [2,2738,4,9,1,0,44,285,2650]
s: 2738
d: [2,3302,2,10,2,0,40,677,344]
s: 3302
d: [2,2815,4,9,1,0,44,2807,285]
s: 2815
d: [2,3303,2,10,2,0,40,677,343]
s: 3303
d: [2,3471,2,14,7,0,40,780,298]
d: [2,3478,2,10,5,0,18,3471]
s: 3478
d: [2,2816,4,9,1,0,44,2807,285]
s: 2816
s: 1174
s: 1079
s: 1195
s: 1374
r: 3322
s: 1080
s: 1467
s: 2428
d: [2,3280,2,11,4,0,44,232,874]
s: 3280
d: [2,3291,2,15,5,0,44,235,874]
d: [2,3292,2,11,4,0,21,3291,308]
s: 3292
d: [2,2429,3,10,2,0,40,828,264]
s: 2429
d: [2,3495,2,25,8,0,40,3322,308]
d: [2,3497,2,21,6,0,18,3495]
d: [2,3499,2,16,5,0,21,3497,287]
d: [2,3500,2,11,4,0,21,3499,286]
s: 3500
d: [2,3514,3,10,2,0,40,827,291]
s: 3514
d: [2,3502,2,25,8,0,40,842,772]
d: [2,3506,2,20,7,0,21,3502,287]
d: [2,3507,2,15,6,0,21,3506,286]
d: [2,3508,2,13,5,0,21,3507,230]
d: [2,3509,2,11,4,0,21,3508,229]
s: 3509
d: [2,1251,2,13,3,0,40,810,291]
s: 1251
d: [2,3515,3,10,2,0,40,827,264]
s: 3515
d: [2,1252,2,13,3,0,40,810,264]
s: 1252
d: [2,3529,3,10,2,0,44,827,285]
s: 3529
d: [2,1271,2,13,3,0,40,816,291]
s: 1271
d: [2,1272,2,13,3,0,40,816,264]
s: 1272
d: [2,3530,3,10,2,0,44,827,285]
s: 3530
d: [2,1486,2,27,9,0,40,839,775]
d: [2,1492,2,22,8,0,21,1486,286]
d: [2,1493,2,17,7,0,21,1492,287]
d: [2,1494,2,15,6,0,21,1493,230]
d: [2,1495,2,13,5,0,21,1494,229]
s: 1495
d: [2,3542,3,10,2,0,40,828,291]
s: 3542
d: [2,987,2,14,1,0,44,709,262]
s: 987
d: [2,988,2,14,1,0,44,709,709]
s: 988
d: [2,3543,3,10,2,0,40,828,264]
s: 3543
d: [2,1004,2,14,1,0,44,712,712]
s: 1004
d: [2,2586,4,10,2,0,44,1079,285]
s: 2586
d: [2,1005,2,14,1,0,44,262,712]
s: 1005
d: [2,992,2,15,1,0,44,262,709]
s: 992
d: [2,2587,4,10,2,0,44,1079,285]
s: 2587
d: [2,1002,2,15,1,0,44,712,262]
s: 1002
d: [2,2601,4,10,2,0,44,1080,285]
s: 2601
d: [2,1003,2,15,1,0,44,712,709]
s: 1003
d: [2,1008,2,15,1,0,44,709,712]
s: 1008
d: [2,2602,4,10,2,0,44,1080,285]
s: 2602
d: [2,1299,2,15,1,0,44,711,284]
s: 1299
d: [2,2912,4,10,2,0,44,1080,2808]
s: 2912
d: [2,1300,2,15,1,0,44,711,284]
s: 1300
d: [2,1488,2,29,10,0,40,839,308]
d: [2,1490,2,25,8,0,18,1488]
d: [2,1496,2,20,7,0,21,1490,287]
d: [2,1497,2,15,6,0,21,1496,286]
s: 1497
r: 839
d: [2,3849,3,10,5,1,40,1497,790]
d: [2,3851,3,8,4,2,21,3849,363]
d: [2,3852,3,6,3,3,21,3851,368]
d: [2,3853,3,4,2,4,21,3852,373]
d: [2,3854,3,2,1,5,21,3853,358]
a: [3,3858,3,2,1,3854]
s: 3858
d: [2,1533,2,15,2,0,42,811]
s: 1533
d: [2,3868,3,9,2,0,40,1533,269]
s: 3868
d: [2,1555,2,15,2,0,42,812]
s: 1555
d: [2,1577,2,15,2,0,42,817]
s: 1577
d: [2,3908,4,7,2,0,44,3868,225]
s: 3908
d: [2,1609,2,15,2,0,42,818]
s: 1609
d: [2,4177,5,19,4,0,44,811,3908]
d: [2,4241,5,13,3,0,21,4177,269]
a: [3,4244,5,2,1,4241]
s: 4244
r: 428
r: 408
r: 398
r: 383
r: 2274
r: 2270
r: 842
r: 1190
r: 1189
r: 1188
r: 1187
r: 1186
r: 1185
r: 1184
r: 1174
r: 292
r: 223
r: 288
r: 716
r: 739
r: 278
r: 780
r: 293
r: 235
r: 1195
r: 549
r: 555
r: 3908
r: 3868
r: 2266
r: 2265
r: 2264
r: 2263
r: 2262
r: 2261
r: 2260
r: 1495
r: 1467
r: 1374
r: 1372
r: 1293
r: 1273
r: 1272
r: 1271
r: 1265
r: 1253
r: 1252
r: 1251
r: 1245
r: 1229
r: 1217
r: 1169
r: 1149
r: 1120
r: 1115
r: 1114
r: 1113
r: 1112
r: 1111
r: 1110
r: 1109
r: 1081
r: 816
r: 810
r: 779
r: 778
r: 777
r: 776
r: 775
r: 774
r: 773
r: 772
r: 765
r: 764
r: 763
r: 762
r: 761
r: 760
r: 759
r: 758
r: 727
r: 695
r: 694
r: 693
r: 692
r: 690
r: 689
r: 687
r: 686
r: 685
r: 684
r: 682
r: 681
r: 662
r: 660
r: 659
r: 644
r: 642
r: 641
r: 600
r: 597
r: 596
r: 574
r: 572
r: 558
r: 557
r: 544
r: 543
r: 542
r: 536
r: 296
r: 294
r: 289
r: 269
r: 268
r: 232
r: 231
r: 230
r: 229
r: 228
d: [2,4320,6,0,0,2,40,4244,388]
e: 4320
d: [2,4319,6,0,0,2,40,4244,378]
e: 4319
d: [2,4318,6,0,0,1,40,4244,224]
e: 4318
d: [2,4302,6,0,0,2,52,378,4244]
e: 4302
d: [2,4303,6,0,0,2,52,980,277,4244,263]
e: 4303
d: [2,4304,6,0,0,2,52,980,4244,677]
e: 4304
d: [2,4305,6,0,0,1,52,559,575,286,287,4244,1284]
e: 4305
d: [2,4306,6,0,0,5,52,565,581,527,514,4244,1284]
e: 4306
d: [2,4307,6,0,0,5,52,570,586,532,519,4244,1284]
e: 4307
d: [2,4308,6,0,0,1,52,286,559,287,4244,298]
e: 4308
d: [2,4309,6,0,0,4,52,527,565,514,4244,298]
e: 4309
d: [2,4310,6,0,0,4,52,532,570,519,4244,298]
e: 4310
d: [2,4311,6,0,0,1,52,286,559,287,4244,752]
e: 4311
d: [2,4312,6,0,0,4,52,527,565,514,4244,752]
e: 4312
d: [2,4313,6,0,0,4,52,532,570,519,4244,752]
e: 4313
d: [2,4314,6,0,0,2,52,980,4244,827]
e: 4314
d: [2,4315,6,0,0,2,52,980,4244,828]
e: 4315
r: 4244
s: 383
s: 398
s: 2270
s: 408
s: 2274
s: 428
s: 223
s: 555
s: 228
s: 549
s: 229
s: 230
s: 278
s: 557
s: 572
s: 641
s: 659
s: 716
s: 231
d: [2,4355,1,4,1,0,44,278,262]
s: 4355
s: 232
s: 269
d: [2,4356,2,4,1,0,44,278,709]
s: 4356
s: 288
d: [2,4361,2,4,1,0,44,278,712]
s: 4361
s: 289
s: 235
d: [2,4362,3,4,1,0,44,278,989]
s: 4362
s: 268
s: 542
s: 292
s: 294
s: 543
s: 296
s: 544
s: 758
s: 772
s: 558
s: 293
s: 574
s: 642
s: 660
d: [2,4408,1,5,2,0,40,232,228]
s: 4408
d: [2,4409,1,5,2,0,40,232,229]
s: 4409
d: [2,4410,1,5,2,0,40,232,230]
s: 4410
d: [2,4411,1,5,2,0,40,232,557]
s: 4411
d: [2,4412,1,5,2,0,40,232,572]
s: 4412
d: [2,4413,1,5,2,0,40,232,641]
s: 4413
d: [2,4414,1,5,2,0,40,232,659]
s: 4414
d: [2,4406,3,5,2,1,44,980,231]
s: 4406
s: 596
s: 597
s: 600
s: 644
s: 662
d: [2,4390,1,6,2,0,44,224,231]
s: 4390
d: [2,4444,1,6,2,0,40,289,228]
s: 4444
d: [2,4447,1,6,2,0,40,289,557]
s: 4447
d: [2,4448,1,6,2,0,40,289,572]
s: 4448
d: [2,4449,1,6,2,0,40,289,641]
s: 4449
d: [2,4450,1,6,2,0,40,289,659]
s: 4450
s: 536
d: [2,4393,2,6,2,0,44,497,231]
s: 4393
d: [2,4389,1,7,3,0,44,231,231]
s: 4389
d: [2,4397,2,6,2,0,44,559,231]
s: 4397
d: [2,4391,1,7,2,0,44,225,231]
s: 4391
s: 681
d: [2,4399,2,6,2,0,44,575,231]
s: 4399
s: 682
d: [2,4402,2,6,2,0,44,643,231]
s: 4402
s: 684
s: 685
d: [2,4404,2,6,2,0,44,661,231]
s: 4404
s: 686
s: 1081
s: 687
s: 689
d: [2,4440,3,6,2,0,40,269,827]
s: 4440
s: 690
d: [2,4441,3,6,2,0,40,269,828]
s: 4441
s: 692
s: 693
s: 1109
s: 694
s: 1110
s: 695
d: [2,4456,1,8,3,0,40,294,228]
s: 4456
s: 1111
d: [2,4457,1,8,3,0,40,294,229]
s: 4457
s: 1112
d: [2,4459,1,8,3,0,40,294,557]
s: 4459
d: [2,4460,1,8,3,0,40,294,572]
s: 4460
s: 1113
d: [2,4461,1,8,3,0,40,294,641]
s: 4461
s: 1114
d: [2,4462,1,8,3,0,40,294,659]
s: 4462
d: [2,4470,1,8,3,0,40,296,228]
s: 4470
s: 1115
d: [2,4471,1,8,3,0,40,296,229]
s: 4471
s: 1120
d: [2,4473,1,8,3,0,40,296,557]
s: 4473
d: [2,4474,1,8,3,0,40,296,572]
s: 4474
d: [2,4577,4,6,2,0,40,1081,228]
s: 4577
d: [2,4475,1,8,3,0,40,296,641]
s: 4475
d: [2,4578,4,6,2,0,40,1081,229]
s: 4578
d: [2,4476,1,8,3,0,40,296,659]
s: 4476
s: 739
d: [2,4579,4,6,2,0,40,1081,230]
s: 4579
s: 759
d: [2,4580,4,6,2,0,40,1081,557]
s: 4580
s: 760
s: 761
d: [2,4581,4,6,2,0,40,1081,572]
s: 4581
s: 762
d: [2,4582,4,6,2,0,40,1081,641]
s: 4582
s: 763
s: 764
d: [2,4583,4,6,2,0,40,1081,659]
s: 4583
s: 765
d: [2,4585,4,6,2,0,44,1081,285]
s: 4585
s: 773
s: 774
d: [2,4586,4,6,2,0,44,1081,285]
s: 4586
s: 775
d: [2,4589,4,6,2,0,44,1081,2808]
s: 4589
s: 776
s: 777
d: [2,4603,4,6,2,0,40,4441,228]
s: 4603
s: 778
d: [2,4604,4,6,2,0,40,4441,229]
s: 4604
s: 779
d: [2,4416,1,10,3,0,40,269,342]
s: 4416
d: [2,4605,4,6,2,0,40,4441,230]
s: 4605
d: [2,4480,1,10,4,0,40,758,228]
s: 4480
d: [2,4606,4,6,2,0,40,4441,557]
s: 4606
d: [2,4481,1,10,4,0,40,758,229]
s: 4481
d: [2,4482,1,10,4,0,40,758,230]
s: 4482
d: [2,4607,4,6,2,0,40,4441,572]
s: 4607
d: [2,4483,1,10,4,0,40,758,557]
s: 4483
d: [2,4608,4,6,2,0,40,4441,641]
s: 4608
d: [2,4484,1,10,4,0,40,758,572]
s: 4484
d: [2,4485,1,10,4,0,40,758,641]
s: 4485
d: [2,4609,4,6,2,0,40,4441,659]
s: 4609
d: [2,4486,1,10,4,0,40,758,659]
s: 4486
s: 1149
d: [2,4487,1,10,4,0,40,772,228]
s: 4487
d: [2,4488,1,10,4,0,40,772,229]
s: 4488
s: 1169
d: [2,4489,1,10,4,0,40,772,230]
s: 4489
s: 1217
d: [2,4490,1,10,4,0,40,772,557]
s: 4490
d: [2,4491,1,10,4,0,40,772,572]
s: 4491
s: 1229
d: [2,4492,1,10,4,0,40,772,641]
s: 4492
s: 1245
d: [2,4493,1,10,4,0,40,772,659]
s: 4493
s: 810
s: 1265
s: 816
s: 1293
d: [2,4431,1,13,3,0,40,269,275]
s: 4431
d: [2,4432,1,13,3,0,40,269,274]
s: 4432
d: [2,4631,5,6,2,0,44,1109,285]
s: 4631
s: 780
d: [2,4632,5,6,2,0,44,1109,285]
s: 4632
d: [2,4500,1,14,5,0,40,293,277]
s: 4500
d: [2,4463,1,22,7,0,44,294,254]
d: [2,4464,1,20,6,0,21,4463,230]
d: [2,4465,1,18,5,0,21,4464,229]
s: 4465
d: [2,4635,5,6,2,0,44,1109,2808]
s: 4635
s: 842
d: [2,4645,5,6,2,0,44,1110,285]
s: 4645
d: [2,4477,1,22,7,0,44,296,254]
d: [2,4478,1,20,6,0,18,4477]
s: 4478
s: 727
d: [2,4646,5,6,2,0,44,1110,285]
s: 4646
d: [2,4357,2,7,1,0,44,278,711]
s: 4357
d: [2,4649,5,6,2,0,44,1110,2808]
s: 4649
d: [2,4401,2,7,2,0,44,633,231]
s: 4401
d: [2,4425,2,7,2,0,40,269,813]
s: 4425
d: [2,4659,5,6,2,0,44,1111,285]
s: 4659
d: [2,4428,2,7,2,0,40,269,819]
s: 4428
d: [2,4660,5,6,2,0,44,1111,285]
s: 4660
d: [2,4466,2,12,5,0,40,543,639]
d: [2,4468,2,10,4,0,21,4466,230]
d: [2,4469,2,7,3,0,21,4468,542]
s: 4469
d: [2,4519,2,7,2,0,44,536,285]
s: 4519
d: [2,4663,5,6,2,0,44,1111,2808]
s: 4663
d: [2,4520,2,7,2,0,44,536,285]
s: 4520
d: [2,4671,5,6,2,0,44,1112,285]
s: 4671
d: [2,4526,2,7,2,0,44,285,536]
s: 4526
d: [2,4527,2,7,2,0,44,285,536]
s: 4527
d: [2,4672,5,6,2,0,44,1112,285]
s: 4672
s: 1253
d: [2,4675,5,6,2,0,44,1112,2808]
s: 4675
s: 1273
s: 1372
d: [2,4684,5,6,2,0,44,1113,285]
s: 4684
d: [2,4844,2,9,3,0,40,810,269]
s: 4844
d: [2,4685,5,6,2,0,44,1113,285]
s: 4685
d: [2,4865,2,9,3,0,40,816,269]
s: 4865
d: [2,4896,2,23,7,0,40,4465,775]
d: [2,4902,2,18,6,0,21,4896,286]
d: [2,4903,2,13,5,0,21,4902,287]
d: [2,4904,2,11,4,0,21,4903,230]
d: [2,4905,2,9,3,0,21,4904,229]
s: 4905
d: [2,4688,5,6,2,0,44,1113,2808]
s: 4688
s: 1174
d: [2,4696,5,6,2,0,44,1114,285]
s: 4696
s: 1184
s: 1185
d: [2,4697,5,6,2,0,44,1114,285]
s: 4697
s: 1186
d: [2,4700,5,6,2,0,44,1114,2808]
s: 4700
s: 1187
s: 1188
d: [2,4708,5,6,2,0,44,1115,285]
s: 4708
s: 1189
d: [2,4709,5,6,2,0,44,1115,285]
s: 4709
s: 1190
s: 1195
d: [2,4712,5,6,2,0,44,1115,2808]
s: 4712
s: 1374
r: 4465
d: [2,4358,3,7,1,0,44,278,992]
s: 4358
s: 1467
d: [2,4415,2,11,4,0,44,232,874]
s: 4415
d: [2,4359,3,7,1,0,44,278,988]
s: 4359
d: [2,4452,2,15,5,0,44,235,874]
d: [2,4453,2,11,4,0,21,4452,308]
s: 4453
d: [2,4360,3,7,1,0,44,278,987]
s: 4360
d: [2,4454,2,11,4,0,44,542,874]
s: 4454
d: [2,4467,2,11,4,0,44,543,874]
s: 4467
d: [2,4363,3,7,1,0,44,278,1004]
s: 4363
d: [2,4479,2,11,4,0,44,544,874]
s: 4479
d: [2,4364,3,7,1,0,44,278,1002]
s: 4364
d: [2,4494,2,11,4,0,44,558,874]
s: 4494
d: [2,4507,2,11,4,0,44,574,874]
s: 4507
d: [2,4365,3,7,1,0,44,278,1003]
s: 4365
d: [2,4508,2,11,4,0,44,642,874]
s: 4508
d: [2,4862,3,12,3,0,40,816,1144]
d: [2,4879,3,7,2,0,18,4862]
s: 4879
d: [2,4509,2,11,4,0,44,660,874]
s: 4509
d: [2,4898,2,25,8,0,40,4465,308]
d: [2,4900,2,21,6,0,18,4898]
d: [2,4906,2,16,5,0,21,4900,287]
d: [2,4907,2,11,4,0,21,4906,286]
s: 4907
s: 3908
d: [2,4909,2,25,8,0,40,842,772]
d: [2,4913,2,20,7,0,21,4909,287]
d: [2,4914,2,15,6,0,21,4913,286]
d: [2,4915,2,13,5,0,21,4914,230]
d: [2,4916,2,11,4,0,21,4915,229]
s: 4916
d: [2,3925,4,7,2,0,44,3868,225]
s: 3925
s: 1251
s: 1252
d: [2,3982,4,7,2,0,44,225,3868]
s: 3982
s: 1271
d: [2,4041,4,7,2,0,44,225,3868]
s: 4041
s: 1272
s: 1495
d: [2,4523,4,7,2,0,44,536,2649]
s: 4523
d: [2,4847,2,13,3,0,40,810,291]
s: 4847
d: [2,4552,4,7,2,0,44,2649,536]
s: 4552
d: [2,4848,2,13,3,0,40,810,264]
s: 4848
d: [2,4868,2,13,3,0,40,816,291]
s: 4868
d: [2,4560,4,7,2,0,44,2649,536]
s: 4560
d: [2,4869,2,13,3,0,40,816,264]
s: 4869
d: [2,4150,5,7,2,0,44,3908,285]
s: 4150
d: [2,873,2,16,6,0,44,636,862]
s: 873
d: [2,1364,2,20,7,0,40,846,761]
d: [2,1368,2,16,5,0,18,1364]
s: 1368
d: [2,4151,5,7,2,0,44,3908,285]
s: 4151
d: [2,1389,2,16,6,0,44,290,864]
s: 1389
d: [2,4159,5,7,2,0,44,3908,2808]
s: 4159
d: [2,1648,2,20,6,0,47,880]
d: [2,1649,2,16,4,0,18,1648]
s: 1649
d: [2,3494,2,20,7,0,40,3322,761]
d: [2,3498,2,16,5,0,18,3494]
s: 3498
d: [2,4165,5,7,2,0,44,285,3908]
s: 4165
d: [2,4897,2,20,7,0,40,4465,761]
d: [2,4901,2,16,5,0,18,4897]
s: 4901
d: [2,4166,5,7,2,0,44,285,3908]
s: 4166
d: [2,852,2,17,3,0,40,703,275]
s: 852
d: [2,853,2,17,3,0,40,703,274]
s: 853
d: [2,4218,5,7,2,0,44,2808,3908]
s: 4218
d: [2,1223,2,21,7,0,44,639,874]
d: [2,1224,2,17,6,0,21,1223,308]
s: 1224
d: [2,4208,5,13,3,0,44,1577,3908]
d: [2,4263,5,7,2,0,21,4208,269]
s: 4263
d: [2,1256,2,17,3,0,40,810,344]
s: 1256
d: [2,1257,2,17,3,0,40,810,343]
s: 1257
d: [2,5245,5,7,2,0,44,3908,285]
s: 5245
d: [2,1276,2,17,3,0,40,816,344]
s: 1276
d: [2,5246,5,7,2,0,44,3908,285]
s: 5246
d: [2,1277,2,17,3,0,40,816,343]
s: 1277
d: [2,1283,2,25,6,0,44,780,270]
d: [2,1287,2,21,5,0,21,1283,287]
d: [2,1288,2,17,4,0,21,1287,286]
s: 1288
d: [2,5252,5,7,2,0,44,3908,2808]
s: 5252
d: [2,1385,2,25,9,0,44,862,864]
d: [2,1412,2,17,5,0,18,1385]
s: 1412
r: 1911
r: 2494
a: [3,797,2,7,1,782]
s: 797
r: 797
s: 798
d: [2,1378,2,25,9,0,44,864,862]
d: [2,1415,2,17,5,0,18,1378]
s: 1415
s: 1911
d: [2,1525,2,17,3,0,40,811,269]
s: 1525
a: [3,2498,3,2,1,2490]
s: 2498
r: 2498
d: [2,1534,2,17,3,0,44,811,225]
s: 1534
d: [2,1547,2,17,3,0,40,812,269]
s: 1547
s: 2494
d: [2,1562,2,17,3,0,44,812,633]
s: 1562
a: [3,2497,3,2,1,2490]
s: 2497
d: [2,1569,2,17,3,0,40,817,269]
s: 1569
d: [2,1578,2,17,3,0,44,817,225]
s: 1578
d: [2,5258,5,7,2,0,44,285,3908]
s: 5258
d: [2,1601,2,17,3,0,40,818,269]
s: 1601
d: [2,5259,5,7,2,0,44,285,3908]
s: 5259
d: [2,1616,2,17,3,0,44,818,633]
s: 1616
d: [2,3136,2,17,3,0,40,703,275]
s: 3136
d: [2,5310,5,7,2,0,44,2808,3908]
s: 5310
d: [2,3137,2,17,3,0,40,703,274]
s: 3137
d: [2,5293,5,13,3,0,44,1577,3908]
d: [2,5336,5,7,2,0,21,5293,269]
s: 5336
d: [2,3138,2,23,3,0,40,703,817]
d: [2,3148,2,21,3,0,22,3138,633]
d: [2,3149,2,19,3,0,22,3148,633]
d: [2,3150,2,17,3,0,22,3149,633]
s: 3150
d: [2,3139,2,23,3,0,40,703,811]
d: [2,3151,2,21,3,0,22,3139,633]
d: [2,3152,2,19,3,0,22,3151,633]
d: [2,3153,2,17,3,0,22,3152,633]
s: 3153
s: 2260
d: [2,3140,2,23,3,0,40,703,818]
d: [2,3154,2,21,3,0,22,3140,225]
d: [2,3155,2,19,3,0,22,3154,225]
d: [2,3156,2,17,3,0,22,3155,225]
s: 3156
s: 2261
d: [2,3141,2,23,3,0,40,703,812]
d: [2,3157,2,21,3,0,22,3141,225]
d: [2,3158,2,19,3,0,22,3157,225]
d: [2,3159,2,17,3,0,22,3158,225]
s: 3159
d: [2,3473,2,25,6,0,44,780,270]
d: [2,3481,2,21,5,0,21,3473,287]
d: [2,3482,2,17,4,0,21,3481,286]
s: 3482
s: 2262
d: [2,4433,2,17,3,0,40,269,817]
s: 4433
s: 2263
d: [2,4434,2,17,3,0,40,269,811]
s: 4434
d: [2,4435,2,17,3,0,40,269,818]
s: 4435
s: 2264
d: [2,4436,2,17,3,0,40,269,812]
s: 4436
s: 2265
d: [2,4853,2,17,3,0,40,810,344]
s: 4853
d: [2,4854,2,17,3,0,40,810,343]
s: 4854
s: 2266
d: [2,4874,2,17,3,0,40,816,344]
s: 4874
s: 3868
d: [2,4875,2,17,3,0,40,816,343]
s: 4875
d: [2,4884,2,25,6,0,44,780,270]
d: [2,4892,2,21,5,0,21,4884,287]
d: [2,4893,2,17,4,0,21,4892,286]
s: 4893
d: [2,4083,3,9,2,0,40,1555,269]
s: 4083
d: [2,921,2,18,6,0,44,536,862]
s: 921
d: [2,4118,3,9,2,0,40,1577,269]
s: 4118
d: [2,931,2,18,6,0,44,862,536]
s: 931
d: [2,932,2,22,7,0,44,681,254]
d: [2,933,2,20,6,0,21,932,230]
d: [2,934,2,18,5,0,21,933,229]
s: 934
d: [2,4270,3,9,2,0,40,1609,269]
s: 4270
d: [2,952,2,22,7,0,44,684,254]
d: [2,953,2,20,6,0,21,952,230]
d: [2,954,2,18,5,0,21,953,229]
s: 954
d: [2,4426,3,9,2,0,40,269,1533]
s: 4426
d: [2,955,2,22,7,0,44,685,254]
d: [2,956,2,20,6,0,21,955,230]
d: [2,957,2,18,5,0,21,956,229]
s: 957
d: [2,958,2,22,7,0,44,686,254]
d: [2,959,2,20,6,0,21,958,230]
d: [2,960,2,18,5,0,21,959,229]
s: 960
d: [2,4427,3,9,2,0,40,269,1555]
s: 4427
d: [2,961,2,22,7,0,44,687,254]
d: [2,962,2,20,6,0,21,961,230]
d: [2,963,2,18,5,0,21,962,229]
s: 963
d: [2,4429,3,9,2,0,40,269,1577]
s: 4429
d: [2,991,2,18,5,0,44,307,709]
s: 991
d: [2,1007,2,18,5,0,44,307,712]
s: 1007
d: [2,4430,3,9,2,0,40,269,1609]
s: 4430
d: [2,1330,2,18,4,0,40,809,227]
s: 1330
d: [2,4992,3,9,3,0,44,1253,285]
s: 4992
d: [2,1331,2,18,4,0,40,809,226]
s: 1331
d: [2,1343,2,18,4,0,40,815,227]
s: 1343
d: [2,4993,3,9,3,0,44,1253,285]
s: 4993
d: [2,1344,2,18,4,0,40,815,226]
s: 1344
d: [2,5006,3,9,3,0,44,285,1253]
s: 5006
d: [2,1346,2,18,5,0,44,748,284]
s: 1346
d: [2,1347,2,18,5,0,44,748,284]
s: 1347
d: [2,5007,3,9,3,0,44,285,1253]
s: 5007
d: [2,1381,2,18,6,0,44,864,536]
s: 1381
d: [2,5166,3,9,3,0,40,1372,228]
s: 5166
d: [2,1391,2,18,6,0,44,343,864]
s: 1391
d: [2,1392,2,18,6,0,44,344,864]
s: 1392
d: [2,5167,3,9,3,0,40,1372,229]
s: 5167
d: [2,1393,2,18,6,0,44,536,864]
s: 1393
d: [2,5168,3,9,3,0,40,1372,230]
s: 5168
d: [2,1461,2,22,8,0,40,842,758]
d: [2,1463,2,18,6,0,18,1461]
s: 1463
d: [2,3503,2,22,8,0,40,842,758]
d: [2,3505,2,18,6,0,18,3503]
s: 3505
d: [2,5169,3,9,3,0,40,1372,557]
s: 5169
d: [2,4521,2,18,6,0,44,536,864]
s: 4521
d: [2,5170,3,9,3,0,40,1372,572]
s: 5170
d: [2,4522,2,18,6,0,44,536,862]
s: 4522
d: [2,4557,2,18,6,0,44,864,536]
s: 4557
d: [2,5171,3,9,3,0,40,1372,641]
s: 5171
d: [2,4559,2,18,6,0,44,862,536]
s: 4559
d: [2,5172,3,9,3,0,40,1372,659]
s: 5172
d: [2,4563,2,22,7,0,44,681,254]
d: [2,4564,2,20,6,0,21,4563,230]
d: [2,4565,2,18,5,0,21,4564,229]
s: 4565
d: [2,4567,2,22,7,0,44,684,254]
d: [2,4568,2,20,6,0,21,4567,230]
d: [2,4569,2,18,5,0,21,4568,229]
s: 4569
d: [2,5468,3,34,5,0,40,1256,276]
d: [2,5500,3,27,4,0,18,5468]
d: [2,5502,3,19,3,0,21,5500,816]
d: [2,5503,3,9,2,0,21,5502,810]
s: 5503
r: 790
r: 3858
a: [3,789,2,5,1,782]
s: 789
d: [2,5513,3,34,5,0,40,1257,276]
d: [2,5545,3,27,4,0,18,5513]
d: [2,5547,3,19,3,0,21,5545,816]
d: [2,5548,3,9,2,0,21,5547,810]
s: 5548
d: [2,4571,2,22,7,0,44,685,254]
d: [2,4572,2,20,6,0,21,4571,230]
d: [2,4573,2,18,5,0,21,4572,229]
s: 4573
d: [2,4574,2,22,7,0,44,686,254]
d: [2,4575,2,20,6,0,21,4574,230]
d: [2,4576,2,18,5,0,21,4575,229]
s: 4576
d: [2,5558,3,34,5,0,40,1276,276]
d: [2,5590,3,27,4,0,18,5558]
d: [2,5592,3,17,3,0,21,5590,816]
d: [2,5593,3,9,2,0,21,5592,810]
s: 5593
d: [2,4596,2,22,7,0,44,687,254]
d: [2,4597,2,20,6,0,21,4596,230]
d: [2,4598,2,18,5,0,21,4597,229]
s: 4598
d: [2,5603,3,34,5,0,40,1277,276]
d: [2,5635,3,27,4,0,18,5603]
d: [2,5637,3,17,3,0,21,5635,816]
d: [2,5638,3,9,2,0,21,5637,810]
s: 5638
d: [2,4910,2,22,8,0,40,842,758]
d: [2,4912,2,18,6,0,18,4910]
s: 4912
d: [2,1140,2,19,2,0,40,813,344]
s: 1140
d: [2,3898,4,9,2,0,44,3868,285]
s: 3898
d: [2,1141,2,19,2,0,40,813,343]
s: 1141
d: [2,3899,4,9,2,0,44,3868,285]
s: 3899
d: [2,1160,2,19,2,0,40,819,344]
s: 1160
d: [2,1161,2,19,2,0,40,819,343]
s: 1161
d: [2,3907,4,9,2,0,44,3868,2808]
s: 3907
d: [2,1304,2,19,1,0,44,711,712]
s: 1304
d: [2,3915,4,9,2,0,44,3868,285]
s: 3915
d: [2,4535,2,19,4,0,44,811,536]
s: 4535
d: [2,4537,2,19,4,0,44,817,536]
s: 4537
d: [2,3916,4,9,2,0,44,3868,285]
s: 3916
d: [2,889,2,20,6,0,44,716,883]
s: 889
d: [2,3924,4,9,2,0,44,3868,2808]
s: 3924
d: [2,964,2,22,7,0,44,689,254]
d: [2,965,2,20,6,0,18,964]
s: 965
d: [2,968,2,22,7,0,44,692,254]
d: [2,969,2,20,6,0,18,968]
s: 969
d: [2,3932,4,9,2,0,44,285,3868]
s: 3932
d: [2,970,2,22,7,0,44,693,254]
d: [2,971,2,20,6,0,18,970]
s: 971
d: [2,3933,4,9,2,0,44,285,3868]
s: 3933
d: [2,972,2,22,7,0,44,694,254]
d: [2,973,2,20,6,0,18,972]
s: 973
d: [2,974,2,22,7,0,44,695,254]
d: [2,975,2,20,6,0,18,974]
s: 975
d: [2,3981,4,9,2,0,44,2808,3868]
s: 3981
d: [2,1069,2,20,4,0,40,737,342]
s: 1069
d: [2,3991,4,9,2,0,44,285,3868]
s: 3991
d: [2,1191,2,28,7,0,44,862,874]
d: [2,1209,2,24,6,0,21,1191,309]
d: [2,1210,2,20,5,0,21,1209,308]
s: 1210
d: [2,1192,2,28,7,0,44,862,874]
d: [2,1211,2,24,6,0,21,1192,309]
d: [2,1212,2,20,5,0,21,1211,308]
s: 1212
d: [2,3992,4,9,2,0,44,285,3868]
s: 3992
d: [2,1282,2,28,7,0,44,780,874]
d: [2,1285,2,24,6,0,21,1282,309]
d: [2,1286,2,20,5,0,21,1285,308]
s: 1286
d: [2,4040,4,9,2,0,44,2808,3868]
s: 4040
d: [2,1301,2,20,1,0,44,711,262]
s: 1301
d: [2,1302,2,20,1,0,44,711,709]
s: 1302
d: [2,4998,4,9,3,0,44,1253,2808]
s: 4998
d: [2,1305,2,20,1,0,44,262,711]
s: 1305
d: [2,5056,4,9,3,0,44,2808,1253]
s: 5056
d: [2,1309,2,20,1,0,44,712,711]
s: 1309
d: [2,1376,2,28,7,0,44,864,874]
d: [2,1416,2,24,6,0,21,1376,309]
d: [2,1417,2,20,5,0,21,1416,308]
s: 1417
d: [2,6117,4,9,2,0,44,3868,285]
s: 6117
d: [2,1377,2,28,7,0,44,864,874]
d: [2,1418,2,24,6,0,21,1377,309]
d: [2,1419,2,20,5,0,21,1418,308]
s: 1419
d: [2,6118,4,9,2,0,44,3868,285]
s: 6118
d: [2,1487,2,24,9,0,40,839,761]
d: [2,1491,2,20,7,0,18,1487]
s: 1491
d: [2,1896,2,38,11,0,40,841,765]
d: [2,1898,2,34,9,0,18,1896]
d: [2,1903,2,27,8,0,21,1898,760]
d: [2,1904,2,20,7,0,21,1903,761]
s: 1904
d: [2,6128,4,9,2,0,44,3868,2808]
s: 6128
d: [2,3472,2,28,7,0,44,780,874]
d: [2,3479,2,24,6,0,21,3472,309]
d: [2,3480,2,20,5,0,21,3479,308]
s: 3480
d: [2,6136,4,9,2,0,44,3868,285]
s: 6136
d: [2,4386,2,20,6,0,44,716,883]
s: 4386
d: [2,4599,2,22,7,0,44,689,254]
d: [2,4600,2,20,6,0,18,4599]
s: 4600
d: [2,6137,4,9,2,0,44,3868,285]
s: 6137
d: [2,4623,2,22,7,0,44,692,254]
d: [2,4624,2,20,6,0,18,4623]
s: 4624
d: [2,6147,4,9,2,0,44,3868,2808]
s: 6147
d: [2,4626,2,22,7,0,44,693,254]
d: [2,4627,2,20,6,0,18,4626]
s: 4627
d: [2,4642,2,22,7,0,44,694,254]
d: [2,4643,2,20,6,0,18,4642]
s: 4643
d: [2,6155,4,9,2,0,44,285,3868]
s: 6155
d: [2,4656,2,22,7,0,44,695,254]
d: [2,4657,2,20,6,0,18,4656]
s: 4657
d: [2,6156,4,9,2,0,44,285,3868]
s: 6156
d: [2,4736,2,38,11,0,40,765,841]
d: [2,4737,2,34,9,0,18,4736]
d: [2,4738,2,27,8,0,21,4737,760]
d: [2,4739,2,20,7,0,21,4738,761]
s: 4739
d: [2,4883,2,28,7,0,44,780,874]
d: [2,4890,2,24,6,0,21,4883,309]
d: [2,4891,2,20,5,0,21,4890,308]
s: 4891
d: [2,6217,4,9,2,0,44,2808,3868]
s: 6217
d: [2,830,2,21,6,0,40,677,265]
s: 830
d: [2,6227,4,9,2,0,44,285,3868]
s: 6227
d: [2,1059,2,21,7,0,44,739,862]
s: 1059
d: [2,1308,2,21,1,0,44,709,711]
s: 1308
d: [2,6228,4,9,2,0,44,285,3868]
s: 6228
d: [2,1398,2,21,7,0,44,739,864]
s: 1398
d: [2,6289,4,9,2,0,44,2808,3868]
s: 6289
d: [2,1436,2,21,6,0,40,871,677]
s: 1436
d: [2,1456,2,21,6,0,40,872,677]
s: 1456
d: [2,6335,4,9,2,0,44,4083,285]
s: 6335
d: [2,1503,2,21,7,0,40,870,269]
s: 1503
d: [2,6336,4,9,2,0,44,4083,285]
s: 6336
d: [2,3299,2,21,6,0,40,677,265]
s: 3299
d: [2,3300,2,21,6,0,40,677,872]
s: 3300
d: [2,6348,4,9,2,0,44,4083,2808]
s: 6348
d: [2,3301,2,21,6,0,40,677,871]
s: 3301
d: [2,6377,4,9,2,0,44,285,4083]
s: 6377
d: [2,4417,2,21,7,0,40,269,870]
s: 4417
d: [2,4728,2,21,7,0,44,739,864]
s: 4728
d: [2,6378,4,9,2,0,44,285,4083]
s: 6378
d: [2,4729,2,21,7,0,44,739,862]
s: 4729
d: [2,6441,4,9,2,0,44,2808,4083]
s: 6441
d: [2,1077,2,22,7,0,44,737,862]
s: 1077
d: [2,1106,2,22,7,0,44,738,862]
s: 1106
d: [2,6344,4,11,3,0,44,4083,4083]
d: [2,6556,4,9,2,0,18,6344]
s: 6556
d: [2,1183,2,30,8,0,44,293,874]
d: [2,1207,2,26,7,0,21,1183,309]
d: [2,1208,2,22,6,0,21,1207,308]
s: 1208
r: 626
r: 789
r: 798
r: 1911
s: 3858
s: 790
s: 615
s: 797
d: [2,1390,2,22,7,0,44,342,864]
s: 1390
d: [2,5857,3,7,1,1,40,797,228]
a: [3,5867,3,7,1,5857]
s: 5867
d: [2,1396,2,22,7,0,44,737,864]
s: 1396
d: [2,1397,2,22,7,0,44,738,864]
s: 1397
d: [2,5858,3,7,1,1,40,797,229]
a: [3,5872,3,7,1,5858]
s: 5872
d: [2,1501,2,22,7,0,40,870,291]
s: 1501
d: [2,5859,3,7,1,1,40,797,230]
a: [3,5877,3,7,1,5859]
s: 5877
d: [2,1502,2,22,7,0,40,870,264]
s: 1502
d: [2,3425,2,30,8,0,44,293,874]
d: [2,3426,2,26,7,0,21,3425,309]
d: [2,3427,2,22,6,0,21,3426,308]
s: 3427
d: [2,5860,3,7,1,1,40,797,557]
a: [3,5882,3,7,1,5860]
s: 5882
d: [2,4503,2,30,8,0,44,293,874]
d: [2,4504,2,26,7,0,21,4503,309]
d: [2,4505,2,22,6,0,21,4504,308]
s: 4505
d: [2,5861,3,7,1,1,40,797,572]
a: [3,5887,3,7,1,5861]
s: 5887
d: [2,829,2,23,6,0,40,677,266]
s: 829
d: [2,1351,2,23,5,0,44,748,712]
s: 1351
d: [2,5862,3,7,1,1,40,797,641]
a: [3,5892,3,7,1,5862]
s: 5892
d: [2,1350,2,33,5,0,44,748,711]
d: [2,1352,2,28,4,0,21,1350,282]
d: [2,1353,2,23,3,0,21,1352,283]
s: 1353
d: [2,5863,3,7,1,1,40,797,659]
a: [3,5897,3,7,1,5863]
s: 5897
d: [2,1523,2,23,3,0,40,811,291]
s: 1523
d: [2,1524,2,23,3,0,40,811,264]
s: 1524
d: [2,7261,4,9,2,0,44,5503,285]
s: 7261
d: [2,1538,2,23,3,0,44,811,285]
s: 1538
d: [2,7262,4,9,2,0,44,5503,285]
s: 7262
d: [2,1539,2,23,3,0,44,811,285]
s: 1539
d: [2,1545,2,23,3,0,40,812,291]
s: 1545
d: [2,7276,4,9,2,0,44,5503,2808]
s: 7276
d: [2,1546,2,23,3,0,40,812,264]
s: 1546
d: [2,7287,4,9,2,0,44,5503,285]
s: 7287
d: [2,1567,2,23,3,0,40,817,291]
s: 1567
d: [2,1568,2,23,3,0,40,817,264]
s: 1568
d: [2,7288,4,9,2,0,44,5503,285]
s: 7288
d: [2,1582,2,23,3,0,44,817,285]
s: 1582
d: [2,7302,4,9,2,0,44,5503,2808]
s: 7302
d: [2,1583,2,23,3,0,44,817,285]
s: 1583
d: [2,1599,2,23,3,0,40,818,291]
s: 1599
d: [2,7307,4,9,2,0,44,285,5503]
s: 7307
d: [2,1600,2,23,3,0,40,818,264]
s: 1600
d: [2,7308,4,9,2,0,44,285,5503]
s: 7308
d: [2,3298,2,23,6,0,40,677,266]
s: 3298
d: [2,1462,2,32,8,0,44,842,874]
d: [2,1468,2,28,7,0,21,1462,309]
d: [2,1469,2,24,6,0,21,1468,308]
s: 1469
d: [2,7375,4,9,2,0,44,2808,5503]
s: 7375
d: [2,1470,2,32,8,0,44,892,260]
d: [2,1471,2,28,7,0,21,1470,309]
d: [2,1472,2,24,6,0,21,1471,308]
s: 1472
d: [2,7270,4,11,3,0,44,5503,4083]
d: [2,7378,4,9,2,0,18,7270]
s: 7378
d: [2,1483,2,32,8,0,44,893,260]
d: [2,1484,2,28,7,0,21,1483,309]
d: [2,1485,2,24,6,0,21,1484,308]
s: 1485
d: [2,1623,2,24,6,0,44,890,284]
s: 1623
d: [2,7421,4,9,2,0,44,5548,285]
s: 7421
d: [2,1624,2,24,6,0,44,890,284]
s: 1624
d: [2,7422,4,9,2,0,44,5548,285]
s: 7422
d: [2,1637,2,24,6,0,40,860,269]
s: 1637
d: [2,1806,2,24,6,0,44,716,894]
s: 1806
d: [2,7436,4,9,2,0,44,5548,2808]
s: 7436
d: [2,1833,2,24,6,0,44,716,895]
s: 1833
d: [2,7442,4,9,2,0,44,285,5548]
s: 7442
d: [2,3504,2,32,8,0,44,842,874]
d: [2,3510,2,28,7,0,21,3504,309]
d: [2,3511,2,24,6,0,21,3510,308]
s: 3511
d: [2,4387,2,24,6,0,44,716,894]
s: 4387
d: [2,7443,4,9,2,0,44,285,5548]
s: 7443
d: [2,4388,2,24,6,0,44,716,895]
s: 4388
d: [2,7511,4,9,2,0,44,2808,5548]
s: 7511
d: [2,4419,2,24,6,0,40,269,860]
s: 4419
d: [2,4911,2,32,8,0,44,842,874]
d: [2,4917,2,28,7,0,21,4911,309]
d: [2,4918,2,24,6,0,21,4917,308]
s: 4918
d: [2,7528,4,9,2,0,44,5593,285]
s: 7528
d: [2,1178,2,33,7,0,44,254,874]
d: [2,1197,2,29,6,0,21,1178,309]
d: [2,1198,2,25,5,0,21,1197,308]
s: 1198
d: [2,7529,4,9,2,0,44,5593,285]
s: 7529
d: [2,1307,2,25,5,0,44,307,711]
s: 1307
d: [2,1348,2,25,5,0,44,748,262]
s: 1348
d: [2,7543,4,9,2,0,44,5593,2808]
s: 7543
d: [2,1349,2,25,5,0,44,748,709]
s: 1349
d: [2,7537,4,11,3,0,44,5593,4083]
d: [2,7653,4,9,2,0,18,7537]
s: 7653
d: [2,1635,2,25,6,0,40,860,291]
s: 1635
d: [2,1636,2,25,6,0,40,860,264]
s: 1636
d: [2,7032,3,12,3,1,40,1330,980]
d: [2,7038,3,10,3,1,22,7032,633]
s: 7038
d: [2,1633,2,37,10,0,40,860,266]
d: [2,1642,2,33,8,0,18,1633]
d: [2,1643,2,29,7,0,21,1642,287]
d: [2,1644,2,25,6,0,21,1643,286]
s: 1644
d: [2,7054,3,12,3,1,40,1331,980]
d: [2,7060,3,10,3,1,22,7054,633]
s: 7060
d: [2,1182,2,34,9,0,44,267,874]
d: [2,1205,2,30,8,0,21,1182,309]
d: [2,1206,2,26,7,0,21,1205,308]
s: 1206
d: [2,1366,2,30,7,0,44,846,874]
d: [2,1375,2,26,6,0,21,1366,309]
s: 1375
d: [2,7076,3,12,3,1,40,1343,980]
d: [2,7082,3,10,3,1,22,7076,225]
s: 7082
d: [2,1730,2,26,7,0,40,858,269]
s: 1730
d: [2,7098,3,12,3,1,40,1344,980]
d: [2,7104,3,10,3,1,22,7098,225]
s: 7104
d: [2,3496,2,30,7,0,44,3322,874]
d: [2,3501,2,26,6,0,21,3496,309]
s: 3501
d: [2,4423,2,26,7,0,40,269,858]
s: 4423
d: [2,3532,4,10,2,0,44,827,2808]
s: 3532
d: [2,4899,2,30,7,0,44,4465,874]
d: [2,4908,2,26,6,0,21,4899,309]
s: 4908
d: [2,3596,4,10,2,0,44,1079,285]
s: 3596
d: [2,1622,2,35,8,0,44,890,260]
d: [2,1625,2,31,7,0,21,1622,309]
d: [2,1626,2,27,6,0,21,1625,308]
s: 1626
d: [2,1627,2,35,8,0,44,891,260]
d: [2,1631,2,31,7,0,21,1627,309]
d: [2,1632,2,27,6,0,21,1631,308]
s: 1632
d: [2,3597,4,10,2,0,44,1079,285]
s: 3597
d: [2,1895,2,41,11,0,40,841,779]
d: [2,1899,2,36,10,0,21,1895,286]
d: [2,1900,2,31,9,0,21,1899,287]
d: [2,1901,2,29,8,0,21,1900,230]
d: [2,1902,2,27,7,0,21,1901,229]
s: 1902
d: [2,3599,4,10,2,0,44,1079,2808]
s: 3599
d: [2,4769,2,41,11,0,40,779,841]
d: [2,4770,2,36,10,0,21,4769,286]
d: [2,4771,2,31,9,0,21,4770,287]
d: [2,4772,2,29,8,0,21,4771,230]
d: [2,4773,2,27,7,0,21,4772,229]
s: 4773
d: [2,1255,2,28,7,0,40,810,265]
s: 1255
d: [2,3646,4,10,2,0,44,1080,285]
s: 3646
d: [2,1275,2,28,7,0,40,816,265]
s: 1275
d: [2,3647,4,10,2,0,44,1080,285]
s: 3647
d: [2,1303,2,28,1,0,44,711,711]
s: 1303
d: [2,1433,2,28,7,0,40,871,810]
s: 1433
d: [2,3649,4,10,2,0,44,1080,2808]
s: 3649
d: [2,1435,2,28,7,0,40,871,816]
s: 1435
d: [2,3936,4,10,3,0,44,343,3868]
s: 3936
d: [2,1453,2,28,7,0,40,872,810]
s: 1453
d: [2,1455,2,28,7,0,40,872,816]
s: 1455
d: [2,3995,4,10,3,0,44,343,3868]
s: 3995
d: [2,1859,2,28,7,0,40,820,269]
s: 1859
d: [2,6159,4,10,3,0,44,343,3868]
s: 6159
d: [2,1860,2,28,6,0,42,820]
s: 1860
d: [2,1880,2,28,7,0,40,821,269]
s: 1880
d: [2,6231,4,10,3,0,44,343,3868]
s: 6231
d: [2,1881,2,28,6,0,42,821]
s: 1881
d: [2,6381,4,10,3,0,44,343,4083]
s: 6381
d: [2,1920,2,28,7,0,40,822,269]
s: 1920
d: [2,1949,2,28,7,0,40,823,269]
s: 1949
d: [2,6456,4,10,3,0,44,344,4083]
s: 6456
d: [2,4420,2,28,7,0,40,269,823]
s: 4420
d: [2,6752,4,10,3,0,44,344,4270]
s: 6752
d: [2,4421,2,28,7,0,40,269,822]
s: 4421
d: [2,4437,2,28,7,0,40,269,821]
s: 4437
d: [2,6828,4,10,3,0,44,344,4270]
s: 6828
d: [2,4438,2,28,7,0,40,269,820]
s: 4438
d: [2,7318,4,12,4,0,44,739,5503]
d: [2,7377,4,10,3,0,18,7318]
s: 7377
d: [2,4850,2,28,7,0,40,810,265]
s: 4850
d: [2,4851,2,28,7,0,40,810,872]
s: 4851
d: [2,10654,4,7,2,0,21,7377,3936]
s: 10654
r: 3936
d: [2,4852,2,28,7,0,40,810,871]
s: 4852
d: [2,10694,5,7,2,0,44,10654,285]
s: 10694
d: [2,4871,2,28,7,0,40,816,265]
s: 4871
d: [2,4872,2,28,7,0,40,816,872]
s: 4872
d: [2,10695,5,7,2,0,44,10654,285]
s: 10695
d: [2,4873,2,28,7,0,40,816,871]
s: 4873
d: [2,10703,5,9,3,0,44,10654,4083]
d: [2,10720,5,7,2,0,18,10703]
s: 10720
d: [2,1332,2,29,7,0,40,809,293]
s: 1332
d: [2,1345,2,29,7,0,40,815,293]
s: 1345
d: [2,10706,5,9,3,0,44,10654,4270]
a: [3,10728,5,7,2,10706]
s: 10728
d: [2,1530,2,29,3,0,40,811,344]
s: 1530
d: [2,10691,5,8,2,0,40,10654,827]
s: 10691
d: [2,1531,2,29,3,0,40,811,343]
s: 1531
d: [2,1552,2,29,3,0,40,812,344]
s: 1552
d: [2,10692,5,8,2,0,40,10654,828]
s: 10692
r: 619
r: 790
r: 797
r: 5867
r: 5877
r: 5897
s: 798
s: 1911
d: [2,1553,2,29,3,0,40,812,343]
s: 1553
d: [2,1574,2,29,3,0,40,817,344]
s: 1574
a: [3,5876,3,7,1,5859]
s: 5876
d: [2,1575,2,29,3,0,40,817,343]
s: 1575
d: [2,10827,6,8,2,1,40,10728,827]
s: 10827
d: [2,1606,2,29,3,0,40,818,344]
s: 1606
d: [2,1607,2,29,3,0,40,818,343]
s: 1607
d: [2,10828,6,8,2,1,40,10728,828]
s: 10828
d: [2,1647,2,37,9,0,44,880,874]
d: [2,1652,2,33,8,0,21,1647,309]
d: [2,1653,2,29,7,0,21,1652,308]
s: 1653
d: [2,10953,6,8,2,0,40,10691,228]
s: 10953
d: [2,1728,2,29,7,0,40,858,291]
s: 1728
d: [2,1729,2,29,7,0,40,858,264]
s: 1729
d: [2,10954,6,8,2,0,40,10691,229]
s: 10954
d: [2,1726,2,37,11,0,40,858,266]
d: [2,1735,2,29,7,0,18,1726]
s: 1735
d: [2,10955,6,8,2,0,40,10691,230]
s: 10955
d: [2,3420,2,29,7,0,40,293,815]
s: 3420
d: [2,3421,2,29,7,0,40,293,809]
s: 3421
d: [2,10956,6,8,2,0,40,10691,557]
s: 10956
d: [2,4496,2,29,7,0,40,293,815]
s: 4496
d: [2,10957,6,8,2,0,40,10691,572]
s: 10957
d: [2,4497,2,29,7,0,40,293,809]
s: 4497
d: [2,1132,2,34,11,0,44,752,259]
d: [2,1133,2,30,9,0,18,1132]
s: 1133
d: [2,10958,6,8,2,0,40,10691,641]
s: 10958
d: [2,1254,2,30,7,0,40,810,266]
s: 1254
d: [2,10959,6,8,2,0,40,10691,659]
s: 10959
d: [2,1274,2,30,7,0,40,816,266]
s: 1274
d: [2,1489,2,34,9,0,44,839,874]
d: [2,1498,2,30,8,0,21,1489,309]
s: 1498
d: [2,10961,6,8,2,0,44,10691,285]
s: 10961
d: [2,3463,2,34,11,0,44,752,259]
d: [2,3469,2,30,9,0,18,3463]
s: 3469
d: [2,10962,6,8,2,0,44,10691,285]
s: 10962
d: [2,4849,2,30,7,0,40,810,266]
s: 4849
d: [2,4870,2,30,7,0,40,816,266]
s: 4870
d: [2,10992,6,8,2,0,44,10691,285]
s: 10992
d: [2,1384,2,39,13,0,44,257,864]
d: [2,1413,2,31,9,0,18,1384]
s: 1413
d: [2,10993,6,8,2,0,44,10691,285]
s: 10993
d: [2,1684,2,57,9,0,44,899,897]
d: [2,1714,2,47,8,0,18,1684]
d: [2,1715,2,43,7,0,21,1714,287]
d: [2,1716,2,39,6,0,21,1715,286]
d: [2,1717,2,35,5,0,21,1716,287]
d: [2,1718,2,31,4,0,21,1717,286]
s: 1718
d: [2,1690,2,57,9,0,44,897,899]
d: [2,1709,2,47,8,0,18,1690]
d: [2,1719,2,43,7,0,21,1709,287]
d: [2,1720,2,39,6,0,21,1719,286]
d: [2,1721,2,35,5,0,21,1720,287]
d: [2,1722,2,31,4,0,21,1721,286]
s: 1722
d: [2,11007,6,8,2,0,44,10691,2808]
s: 11007
d: [2,1746,2,39,13,0,44,878,862]
d: [2,1753,2,31,9,0,18,1746]
s: 1753
d: [2,10970,6,10,3,0,44,10691,4083]
d: [2,11012,6,8,2,0,18,10970]
s: 11012
d: [2,930,2,32,10,0,44,257,536]
s: 930
d: [2,1139,2,32,6,0,40,813,265]
s: 1139
d: [2,10973,6,10,3,0,44,10691,4270]
a: [3,11022,6,8,2,10973]
s: 11022
d: [2,1159,2,32,6,0,40,819,265]
s: 1159
d: [2,11209,6,8,2,0,40,10692,228]
s: 11209
d: [2,1432,2,32,6,0,40,871,813]
s: 1432
d: [2,1434,2,32,6,0,40,871,819]
s: 1434
d: [2,11210,6,8,2,0,40,10692,229]
s: 11210
d: [2,1452,2,32,6,0,40,872,813]
s: 1452
d: [2,11211,6,8,2,0,40,10692,230]
s: 11211
d: [2,1454,2,32,6,0,40,872,819]
s: 1454
d: [2,1505,2,32,8,0,40,870,737]
s: 1505
d: [2,11212,6,8,2,0,40,10692,557]
s: 11212
d: [2,1749,2,32,10,0,44,878,536]
s: 1749
d: [2,11213,6,8,2,0,40,10692,572]
s: 11213
d: [2,2088,2,40,11,0,44,909,254]
d: [2,2118,2,32,7,0,18,2088]
s: 2118
d: [2,2283,2,32,8,0,40,843,269]
s: 2283
d: [2,13743,3,25,7,1,40,2283,353]
d: [2,13821,3,23,6,2,21,13743,358]
d: [2,13822,3,21,5,3,21,13821,363]
d: [2,13823,3,19,4,4,21,13822,368]
d: [2,13824,3,17,3,5,21,13823,373]
a: [3,13828,3,3,1,13824]
s: 13828
d: [2,4422,2,32,8,0,40,269,843]
s: 4422
d: [2,13666,3,32,7,1,44,348,2118]
d: [2,13702,3,19,6,1,19,13666]
d: [2,13718,3,12,5,2,21,13702,353]
d: [2,13719,3,10,4,3,21,13718,358]
d: [2,13720,3,8,3,4,21,13719,363]
d: [2,13721,3,6,2,5,21,13720,368]
d: [2,13722,3,4,1,6,21,13721,373]
a: [3,13726,3,4,1,13722]
s: 13726
d: [2,4556,2,32,10,0,44,878,536]
s: 4556
d: [2,4558,2,32,10,0,44,257,536]
s: 4558
d: [2,11214,6,8,2,0,40,10692,641]
s: 11214
r: 2509
r: 3858
r: 5872
r: 5887
r: 5892
r: 13828
s: 789
a: [3,13836,3,7,1,13824]
s: 13836
d: [2,13950,4,0,0,3,52,373,368,286,287,13836,309]
e: 13950
d: [2,13953,4,14,4,1,40,13836,309]
d: [2,13957,4,9,3,1,21,13953,287]
d: [2,13958,4,4,2,1,21,13957,286]
d: [2,13959,4,2,1,2,21,13958,368]
d: [2,13960,4,0,0,3,21,13959,373]
e: 13960
r: 13836
d: [2,1646,2,41,9,0,44,880,874]
d: [2,1650,2,37,8,0,21,1646,309]
d: [2,1651,2,33,7,0,21,1650,308]
s: 1651
d: [2,1662,2,39,8,0,44,298,897]
d: [2,1681,2,33,7,0,21,1662,716]
s: 1681
s: 13828
d: [2,1694,2,39,8,0,44,298,899]
d: [2,1723,2,33,7,0,21,1694,716]
s: 1723
a: [3,13835,3,7,1,13824]
s: 13835
d: [2,1794,2,37,8,0,44,894,260]
d: [2,1812,2,33,6,0,18,1794]
s: 1812
d: [2,1824,2,37,8,0,44,895,260]
d: [2,1838,2,33,6,0,18,1824]
s: 1838
a: [3,2513,3,2,1,2505]
s: 2513
r: 2513
d: [2,2215,2,47,12,0,40,844,872]
d: [2,2226,2,43,10,0,18,2215]
d: [2,2227,2,38,9,0,21,2226,287]
d: [2,2228,2,33,8,0,21,2227,286]
s: 2228
a: [3,13832,3,7,1,13824]
s: 13832
d: [2,14495,4,0,0,3,52,373,368,286,287,13832,308]
e: 14495
d: [2,14498,4,14,4,1,40,13832,308]
d: [2,14502,4,9,3,1,21,14498,287]
d: [2,14503,4,4,2,1,21,14502,286]
d: [2,14504,4,2,1,2,21,14503,368]
d: [2,14505,4,0,0,3,21,14504,373]
e: 14505
d: [2,14366,3,26,7,1,40,2228,353]
d: [2,14448,3,19,6,2,21,14366,13835]
d: [2,14449,3,17,5,3,21,14448,358]
d: [2,14450,3,15,4,4,21,14449,363]
d: [2,14451,3,13,3,5,21,14450,368]
d: [2,14452,3,11,2,6,21,14451,373]
d: [2,14453,3,7,1,7,21,14452,13726]
f: 14505,14453,13960,13722,216,217,218,219,220,221
% Refutation found. Thanks to Tanya!
% SZS status Theorem for funcop_1__t27_funcop_1
% SZS output start Proof for funcop_1__t27_funcop_1
1. ! [X0] : ((v1_funct_1(X0) & v1_relat_1(X0)) => ! [X1] : ((v1_funct_1(X1) & v1_relat_1(X1)) => ! [X2] : ! [X3] : (r2_hidden(X2,k9_xtuple_0(k4_funcop_1(X1,X0,X3))) => k1_funct_1(k4_funcop_1(X1,X0,X3),X2) = k1_binop_1(X1,k1_funct_1(X0,X2),X3)))) [input t27_funcop_1]
2. ~! [X0] : ((v1_funct_1(X0) & v1_relat_1(X0)) => ! [X1] : ((v1_funct_1(X1) & v1_relat_1(X1)) => ! [X2] : ! [X3] : (r2_hidden(X2,k9_xtuple_0(k4_funcop_1(X1,X0,X3))) => k1_funct_1(k4_funcop_1(X1,X0,X3),X2) = k1_binop_1(X1,k1_funct_1(X0,X2),X3)))) [negated conjecture 1]
18. ! [X0] : ((v1_funct_1(X0) & v1_relat_1(X0)) => ! [X1] : ((v1_funct_1(X1) & v1_relat_1(X1)) => ! [X2] : k4_funcop_1(X0,X1,X2) = k3_relat_1(k13_funct_3(X1,k2_funcop_1(k9_xtuple_0(X1),X2)),X0))) [input d4_funcop_1]
19. ! [X0] : ! [X1] : ! [X2] : (k3_xboole_0(X0,X1) = X2 <=> ! [X3] : (r2_hidden(X3,X2) <=> (r2_hidden(X3,X1) & r2_hidden(X3,X0)))) [input d4_xboole_0]
21. ! [X0] : ((v1_funct_1(X0) & v1_relat_1(X0)) => ! [X1] : ((v1_funct_1(X1) & v1_relat_1(X1)) => ! [X2] : ((v1_funct_1(X2) & v1_relat_1(X2)) => (k13_funct_3(X0,X1) = X2 <=> (! [X3] : (r2_hidden(X3,k9_xtuple_0(X2)) => k1_funct_1(X2,X3) = k4_tarski(k1_funct_1(X0,X3),k1_funct_1(X1,X3))) & k9_xtuple_0(X2) = k3_xboole_0(k9_xtuple_0(X0),k9_xtuple_0(X1))))))) [input d7_funct_3]
22. ! [X0,X1] : ((v1_funct_1(X1) & v1_relat_1(X1) & v1_funct_1(X0) & v1_relat_1(X0)) => (v1_funct_1(k13_funct_3(X0,X1)) & v1_relat_1(k13_funct_3(X0,X1)))) [input dt_k13_funct_3]
47. ! [X0,X1] : (v1_funct_1(k2_funcop_1(X0,X1)) & v1_relat_1(k2_funcop_1(X0,X1))) [input fc1_funcop_1]
69. ! [X0] : ((v1_funct_1(X0) & v1_relat_1(X0)) => ! [X1] : ((v1_funct_1(X1) & v1_relat_1(X1)) => ! [X2] : ((v1_funct_1(X2) & v1_relat_1(X2)) => ! [X3] : (r2_hidden(X3,k9_xtuple_0(k3_relat_1(k13_funct_3(X0,X1),X2))) => k1_funct_1(k3_relat_1(k13_funct_3(X0,X1),X2),X3) = k1_binop_1(X2,k1_funct_1(X0,X3),k1_funct_1(X1,X3)))))) [input l24_funcop_1]
81. ! [X0] : ! [X1] : ((v1_funct_1(X1) & v1_relat_1(X1)) => ! [X2] : ((v1_funct_1(X2) & v1_relat_1(X2)) => (r2_hidden(X0,k9_xtuple_0(k3_relat_1(X2,X1))) <=> (r2_hidden(k1_funct_1(X2,X0),k9_xtuple_0(X1)) & r2_hidden(X0,k9_xtuple_0(X2)))))) [input t11_funct_1]
87. ! [X0] : ! [X1] : ! [X2] : (r2_hidden(X1,X0) => k1_funct_1(k2_funcop_1(X0,X2),X1) = X2) [input t7_funcop_1]
89. ~! [X0] : ((v1_funct_1(X0) & v1_relat_1(X0)) => ! [X1] : ((v1_funct_1(X1) & v1_relat_1(X1)) => ! [X2,X3] : (r2_hidden(X2,k9_xtuple_0(k4_funcop_1(X1,X0,X3))) => k1_funct_1(k4_funcop_1(X1,X0,X3),X2) = k1_binop_1(X1,k1_funct_1(X0,X2),X3)))) [flattening 2]
95. ! [X0,X1] : ((v1_funct_1(X1) & v1_relat_1(X1)) => ! [X2] : ((v1_funct_1(X2) & v1_relat_1(X2)) => (r2_hidden(X0,k9_xtuple_0(k3_relat_1(X2,X1))) <=> (r2_hidden(k1_funct_1(X2,X0),k9_xtuple_0(X1)) & r2_hidden(X0,k9_xtuple_0(X2)))))) [flattening 81]
98. ! [X0,X1,X2] : (r2_hidden(X1,X0) => k1_funct_1(k2_funcop_1(X0,X2),X1) = X2) [flattening 87]
99. ! [X0,X1,X2] : (k3_xboole_0(X0,X1) = X2 <=> ! [X3] : (r2_hidden(X3,X2) <=> (r2_hidden(X3,X1) & r2_hidden(X3,X0)))) [flattening 19]
103. ? [X0] : (? [X1] : (? [X2,X3] : (k1_funct_1(k4_funcop_1(X1,X0,X3),X2) != k1_binop_1(X1,k1_funct_1(X0,X2),X3) & r2_hidden(X2,k9_xtuple_0(k4_funcop_1(X1,X0,X3)))) & (v1_funct_1(X1) & v1_relat_1(X1))) & (v1_funct_1(X0) & v1_relat_1(X0))) [ennf transformation 89]
104. ? [X0] : (? [X1] : (? [X2,X3] : (k1_funct_1(k4_funcop_1(X1,X0,X3),X2) != k1_binop_1(X1,k1_funct_1(X0,X2),X3) & r2_hidden(X2,k9_xtuple_0(k4_funcop_1(X1,X0,X3)))) & v1_funct_1(X1) & v1_relat_1(X1)) & v1_funct_1(X0) & v1_relat_1(X0)) [flattening 103]
132. ! [X0] : (! [X1] : (! [X2] : k4_funcop_1(X0,X1,X2) = k3_relat_1(k13_funct_3(X1,k2_funcop_1(k9_xtuple_0(X1),X2)),X0) | (~v1_funct_1(X1) | ~v1_relat_1(X1))) | (~v1_funct_1(X0) | ~v1_relat_1(X0))) [ennf transformation 18]
133. ! [X0] : (! [X1] : (! [X2] : k4_funcop_1(X0,X1,X2) = k3_relat_1(k13_funct_3(X1,k2_funcop_1(k9_xtuple_0(X1),X2)),X0) | ~v1_funct_1(X1) | ~v1_relat_1(X1)) | ~v1_funct_1(X0) | ~v1_relat_1(X0)) [flattening 132]
134. ! [X0] : (! [X1] : (! [X2] : ((k13_funct_3(X0,X1) = X2 <=> (! [X3] : (k1_funct_1(X2,X3) = k4_tarski(k1_funct_1(X0,X3),k1_funct_1(X1,X3)) | ~r2_hidden(X3,k9_xtuple_0(X2))) & k9_xtuple_0(X2) = k3_xboole_0(k9_xtuple_0(X0),k9_xtuple_0(X1)))) | (~v1_funct_1(X2) | ~v1_relat_1(X2))) | (~v1_funct_1(X1) | ~v1_relat_1(X1))) | (~v1_funct_1(X0) | ~v1_relat_1(X0))) [ennf transformation 21]
135. ! [X0] : (! [X1] : (! [X2] : ((k13_funct_3(X0,X1) = X2 <=> (! [X3] : (k1_funct_1(X2,X3) = k4_tarski(k1_funct_1(X0,X3),k1_funct_1(X1,X3)) | ~r2_hidden(X3,k9_xtuple_0(X2))) & k9_xtuple_0(X2) = k3_xboole_0(k9_xtuple_0(X0),k9_xtuple_0(X1)))) | ~v1_funct_1(X2) | ~v1_relat_1(X2)) | ~v1_funct_1(X1) | ~v1_relat_1(X1)) | ~v1_funct_1(X0) | ~v1_relat_1(X0)) [flattening 134]
136. ! [X0] : (! [X1] : (! [X2] : (! [X3] : (k1_funct_1(k3_relat_1(k13_funct_3(X0,X1),X2),X3) = k1_binop_1(X2,k1_funct_1(X0,X3),k1_funct_1(X1,X3)) | ~r2_hidden(X3,k9_xtuple_0(k3_relat_1(k13_funct_3(X0,X1),X2)))) | (~v1_funct_1(X2) | ~v1_relat_1(X2))) | (~v1_funct_1(X1) | ~v1_relat_1(X1))) | (~v1_funct_1(X0) | ~v1_relat_1(X0))) [ennf transformation 69]
137. ! [X0] : (! [X1] : (! [X2] : (! [X3] : (k1_funct_1(k3_relat_1(k13_funct_3(X0,X1),X2),X3) = k1_binop_1(X2,k1_funct_1(X0,X3),k1_funct_1(X1,X3)) | ~r2_hidden(X3,k9_xtuple_0(k3_relat_1(k13_funct_3(X0,X1),X2)))) | ~v1_funct_1(X2) | ~v1_relat_1(X2)) | ~v1_funct_1(X1) | ~v1_relat_1(X1)) | ~v1_funct_1(X0) | ~v1_relat_1(X0)) [flattening 136]
143. ! [X0,X1] : (! [X2] : ((r2_hidden(X0,k9_xtuple_0(k3_relat_1(X2,X1))) <=> (r2_hidden(k1_funct_1(X2,X0),k9_xtuple_0(X1)) & r2_hidden(X0,k9_xtuple_0(X2)))) | (~v1_funct_1(X2) | ~v1_relat_1(X2))) | (~v1_funct_1(X1) | ~v1_relat_1(X1))) [ennf transformation 95]
144. ! [X0,X1] : (! [X2] : ((r2_hidden(X0,k9_xtuple_0(k3_relat_1(X2,X1))) <=> (r2_hidden(k1_funct_1(X2,X0),k9_xtuple_0(X1)) & r2_hidden(X0,k9_xtuple_0(X2)))) | ~v1_funct_1(X2) | ~v1_relat_1(X2)) | ~v1_funct_1(X1) | ~v1_relat_1(X1)) [flattening 143]
147. ! [X0,X1,X2] : (k1_funct_1(k2_funcop_1(X0,X2),X1) = X2 | ~r2_hidden(X1,X0)) [ennf transformation 98]
170. ! [X0,X1] : ((v1_funct_1(k13_funct_3(X0,X1)) & v1_relat_1(k13_funct_3(X0,X1))) | (~v1_funct_1(X1) | ~v1_relat_1(X1) | ~v1_funct_1(X0) | ~v1_relat_1(X0))) [ennf transformation 22]
171. ! [X0,X1] : ((v1_funct_1(k13_funct_3(X0,X1)) & v1_relat_1(k13_funct_3(X0,X1))) | ~v1_funct_1(X1) | ~v1_relat_1(X1) | ~v1_funct_1(X0) | ~v1_relat_1(X0)) [flattening 170]
178. ? [X0] : (? [X1] : (? [X2,X3] : (k1_funct_1(k4_funcop_1(X1,X0,X3),X2) != k1_binop_1(X1,k1_funct_1(X0,X2),X3) & r2_hidden(X2,k9_xtuple_0(k4_funcop_1(X1,X0,X3)))) & v1_funct_1(X1) & v1_relat_1(X1)) & v1_funct_1(X0) & v1_relat_1(X0)) => (? [X1] : (? [X3,X2] : (k1_funct_1(k4_funcop_1(X1,sK0,X3),X2) != k1_binop_1(X1,k1_funct_1(sK0,X2),X3) & r2_hidden(X2,k9_xtuple_0(k4_funcop_1(X1,sK0,X3)))) & v1_funct_1(X1) & v1_relat_1(X1)) & v1_funct_1(sK0) & v1_relat_1(sK0)) [choice axiom]
179. ? [X1] : (? [X3,X2] : (k1_funct_1(k4_funcop_1(X1,sK0,X3),X2) != k1_binop_1(X1,k1_funct_1(sK0,X2),X3) & r2_hidden(X2,k9_xtuple_0(k4_funcop_1(X1,sK0,X3)))) & v1_funct_1(X1) & v1_relat_1(X1)) => (? [X3,X2] : (k1_funct_1(k4_funcop_1(sK1,sK0,X3),X2) != k1_binop_1(sK1,k1_funct_1(sK0,X2),X3) & r2_hidden(X2,k9_xtuple_0(k4_funcop_1(sK1,sK0,X3)))) & v1_funct_1(sK1) & v1_relat_1(sK1)) [choice axiom]
180. ? [X3,X2] : (k1_funct_1(k4_funcop_1(sK1,sK0,X3),X2) != k1_binop_1(sK1,k1_funct_1(sK0,X2),X3) & r2_hidden(X2,k9_xtuple_0(k4_funcop_1(sK1,sK0,X3)))) => (k1_funct_1(k4_funcop_1(sK1,sK0,sK3),sK2) != k1_binop_1(sK1,k1_funct_1(sK0,sK2),sK3) & r2_hidden(sK2,k9_xtuple_0(k4_funcop_1(sK1,sK0,sK3)))) [choice axiom]
181. ((k1_funct_1(k4_funcop_1(sK1,sK0,sK3),sK2) != k1_binop_1(sK1,k1_funct_1(sK0,sK2),sK3) & r2_hidden(sK2,k9_xtuple_0(k4_funcop_1(sK1,sK0,sK3)))) & v1_funct_1(sK1) & v1_relat_1(sK1)) & v1_funct_1(sK0) & v1_relat_1(sK0) [skolemisation 104,180,179,178]
182. ! [X0] : (! [X1] : (! [X2] : (((k13_funct_3(X0,X1) = X2 | (? [X3] : (k1_funct_1(X2,X3) != k4_tarski(k1_funct_1(X0,X3),k1_funct_1(X1,X3)) & r2_hidden(X3,k9_xtuple_0(X2))) | k9_xtuple_0(X2) != k3_xboole_0(k9_xtuple_0(X0),k9_xtuple_0(X1)))) & ((! [X3] : (k1_funct_1(X2,X3) = k4_tarski(k1_funct_1(X0,X3),k1_funct_1(X1,X3)) | ~r2_hidden(X3,k9_xtuple_0(X2))) & k9_xtuple_0(X2) = k3_xboole_0(k9_xtuple_0(X0),k9_xtuple_0(X1))) | k13_funct_3(X0,X1) != X2)) | ~v1_funct_1(X2) | ~v1_relat_1(X2)) | ~v1_funct_1(X1) | ~v1_relat_1(X1)) | ~v1_funct_1(X0) | ~v1_relat_1(X0)) [nnf transformation 135]
183. ! [X0] : (! [X1] : (! [X2] : (((k13_funct_3(X0,X1) = X2 | ? [X3] : (k1_funct_1(X2,X3) != k4_tarski(k1_funct_1(X0,X3),k1_funct_1(X1,X3)) & r2_hidden(X3,k9_xtuple_0(X2))) | k9_xtuple_0(X2) != k3_xboole_0(k9_xtuple_0(X0),k9_xtuple_0(X1))) & ((! [X3] : (k1_funct_1(X2,X3) = k4_tarski(k1_funct_1(X0,X3),k1_funct_1(X1,X3)) | ~r2_hidden(X3,k9_xtuple_0(X2))) & k9_xtuple_0(X2) = k3_xboole_0(k9_xtuple_0(X0),k9_xtuple_0(X1))) | k13_funct_3(X0,X1) != X2)) | ~v1_funct_1(X2) | ~v1_relat_1(X2)) | ~v1_funct_1(X1) | ~v1_relat_1(X1)) | ~v1_funct_1(X0) | ~v1_relat_1(X0)) [flattening 182]
184. ! [X0] : (! [X1] : (! [X2] : (((k13_funct_3(X0,X1) = X2 | ? [X3] : (k1_funct_1(X2,X3) != k4_tarski(k1_funct_1(X0,X3),k1_funct_1(X1,X3)) & r2_hidden(X3,k9_xtuple_0(X2))) | k9_xtuple_0(X2) != k3_xboole_0(k9_xtuple_0(X0),k9_xtuple_0(X1))) & ((! [X4] : (k1_funct_1(X2,X4) = k4_tarski(k1_funct_1(X0,X4),k1_funct_1(X1,X4)) | ~r2_hidden(X4,k9_xtuple_0(X2))) & k9_xtuple_0(X2) = k3_xboole_0(k9_xtuple_0(X0),k9_xtuple_0(X1))) | k13_funct_3(X0,X1) != X2)) | ~v1_funct_1(X2) | ~v1_relat_1(X2)) | ~v1_funct_1(X1) | ~v1_relat_1(X1)) | ~v1_funct_1(X0) | ~v1_relat_1(X0)) [rectify 183]
185. ! [X2,X1,X0] : (? [X3] : (k1_funct_1(X2,X3) != k4_tarski(k1_funct_1(X0,X3),k1_funct_1(X1,X3)) & r2_hidden(X3,k9_xtuple_0(X2))) => (k1_funct_1(X2,sK4(X0,X1,X2)) != k4_tarski(k1_funct_1(X0,sK4(X0,X1,X2)),k1_funct_1(X1,sK4(X0,X1,X2))) & r2_hidden(sK4(X0,X1,X2),k9_xtuple_0(X2)))) [choice axiom]
186. ! [X0] : (! [X1] : (! [X2] : (((k13_funct_3(X0,X1) = X2 | (k1_funct_1(X2,sK4(X0,X1,X2)) != k4_tarski(k1_funct_1(X0,sK4(X0,X1,X2)),k1_funct_1(X1,sK4(X0,X1,X2))) & r2_hidden(sK4(X0,X1,X2),k9_xtuple_0(X2))) | k9_xtuple_0(X2) != k3_xboole_0(k9_xtuple_0(X0),k9_xtuple_0(X1))) & ((! [X4] : (k1_funct_1(X2,X4) = k4_tarski(k1_funct_1(X0,X4),k1_funct_1(X1,X4)) | ~r2_hidden(X4,k9_xtuple_0(X2))) & k9_xtuple_0(X2) = k3_xboole_0(k9_xtuple_0(X0),k9_xtuple_0(X1))) | k13_funct_3(X0,X1) != X2)) | ~v1_funct_1(X2) | ~v1_relat_1(X2)) | ~v1_funct_1(X1) | ~v1_relat_1(X1)) | ~v1_funct_1(X0) | ~v1_relat_1(X0)) [skolemisation 184,185]
187. ! [X0,X1] : (! [X2] : (((r2_hidden(X0,k9_xtuple_0(k3_relat_1(X2,X1))) | (~r2_hidden(k1_funct_1(X2,X0),k9_xtuple_0(X1)) | ~r2_hidden(X0,k9_xtuple_0(X2)))) & ((r2_hidden(k1_funct_1(X2,X0),k9_xtuple_0(X1)) & r2_hidden(X0,k9_xtuple_0(X2))) | ~r2_hidden(X0,k9_xtuple_0(k3_relat_1(X2,X1))))) | ~v1_funct_1(X2) | ~v1_relat_1(X2)) | ~v1_funct_1(X1) | ~v1_relat_1(X1)) [nnf transformation 144]
188. ! [X0,X1] : (! [X2] : (((r2_hidden(X0,k9_xtuple_0(k3_relat_1(X2,X1))) | ~r2_hidden(k1_funct_1(X2,X0),k9_xtuple_0(X1)) | ~r2_hidden(X0,k9_xtuple_0(X2))) & ((r2_hidden(k1_funct_1(X2,X0),k9_xtuple_0(X1)) & r2_hidden(X0,k9_xtuple_0(X2))) | ~r2_hidden(X0,k9_xtuple_0(k3_relat_1(X2,X1))))) | ~v1_funct_1(X2) | ~v1_relat_1(X2)) | ~v1_funct_1(X1) | ~v1_relat_1(X1)) [flattening 187]
189. ! [X0,X1,X2] : ((k3_xboole_0(X0,X1) = X2 | ? [X3] : (((~r2_hidden(X3,X1) | ~r2_hidden(X3,X0)) | ~r2_hidden(X3,X2)) & ((r2_hidden(X3,X1) & r2_hidden(X3,X0)) | r2_hidden(X3,X2)))) & (! [X3] : ((r2_hidden(X3,X2) | (~r2_hidden(X3,X1) | ~r2_hidden(X3,X0))) & ((r2_hidden(X3,X1) & r2_hidden(X3,X0)) | ~r2_hidden(X3,X2))) | k3_xboole_0(X0,X1) != X2)) [nnf transformation 99]
190. ! [X0,X1,X2] : ((k3_xboole_0(X0,X1) = X2 | ? [X3] : ((~r2_hidden(X3,X1) | ~r2_hidden(X3,X0) | ~r2_hidden(X3,X2)) & ((r2_hidden(X3,X1) & r2_hidden(X3,X0)) | r2_hidden(X3,X2)))) & (! [X3] : ((r2_hidden(X3,X2) | ~r2_hidden(X3,X1) | ~r2_hidden(X3,X0)) & ((r2_hidden(X3,X1) & r2_hidden(X3,X0)) | ~r2_hidden(X3,X2))) | k3_xboole_0(X0,X1) != X2)) [flattening 189]
191. ! [X0,X1,X2] : ((k3_xboole_0(X0,X1) = X2 | ? [X3] : ((~r2_hidden(X3,X1) | ~r2_hidden(X3,X0) | ~r2_hidden(X3,X2)) & ((r2_hidden(X3,X1) & r2_hidden(X3,X0)) | r2_hidden(X3,X2)))) & (! [X4] : ((r2_hidden(X4,X2) | ~r2_hidden(X4,X1) | ~r2_hidden(X4,X0)) & ((r2_hidden(X4,X1) & r2_hidden(X4,X0)) | ~r2_hidden(X4,X2))) | k3_xboole_0(X0,X1) != X2)) [rectify 190]
192. ! [X2,X1,X0] : (? [X3] : ((~r2_hidden(X3,X1) | ~r2_hidden(X3,X0) | ~r2_hidden(X3,X2)) & ((r2_hidden(X3,X1) & r2_hidden(X3,X0)) | r2_hidden(X3,X2))) => ((~r2_hidden(sK5(X0,X1,X2),X1) | ~r2_hidden(sK5(X0,X1,X2),X0) | ~r2_hidden(sK5(X0,X1,X2),X2)) & ((r2_hidden(sK5(X0,X1,X2),X1) & r2_hidden(sK5(X0,X1,X2),X0)) | r2_hidden(sK5(X0,X1,X2),X2)))) [choice axiom]
193. ! [X0,X1,X2] : ((k3_xboole_0(X0,X1) = X2 | ((~r2_hidden(sK5(X0,X1,X2),X1) | ~r2_hidden(sK5(X0,X1,X2),X0) | ~r2_hidden(sK5(X0,X1,X2),X2)) & ((r2_hidden(sK5(X0,X1,X2),X1) & r2_hidden(sK5(X0,X1,X2),X0)) | r2_hidden(sK5(X0,X1,X2),X2)))) & (! [X4] : ((r2_hidden(X4,X2) | ~r2_hidden(X4,X1) | ~r2_hidden(X4,X0)) & ((r2_hidden(X4,X1) & r2_hidden(X4,X0)) | ~r2_hidden(X4,X2))) | k3_xboole_0(X0,X1) != X2)) [skolemisation 191,192]
216. v1_relat_1(sK0) [cnf transformation 181] {a:0,w:2,wCS:200,goal:1,sine:0,thAx:0,allAx:4,thDist:-4}
217. v1_funct_1(sK0) [cnf transformation 181] {a:0,w:2,wCS:200,goal:1,sine:0,thAx:0,allAx:4,thDist:-4}
218. v1_relat_1(sK1) [cnf transformation 181] {a:0,w:2,wCS:200,goal:1,sine:0,thAx:0,allAx:4,thDist:-4}
219. v1_funct_1(sK1) [cnf transformation 181] {a:0,w:2,wCS:200,goal:1,sine:0,thAx:0,allAx:4,thDist:-4}
220. r2_hidden(sK2,k9_xtuple_0(k4_funcop_1(sK1,sK0,sK3))) [cnf transformation 181] {a:0,w:7,wCS:700,goal:1,sine:0,thAx:0,allAx:4,thDist:-4}
221. k1_funct_1(k4_funcop_1(sK1,sK0,sK3),sK2) != k1_binop_1(sK1,k1_funct_1(sK0,sK2),sK3) [cnf transformation 181] {a:0,w:13,wCS:1300,goal:1,sine:0,thAx:0,allAx:4,thDist:-4}
254. k4_funcop_1(X0,X1,X2) = k3_relat_1(k13_funct_3(X1,k2_funcop_1(k9_xtuple_0(X1),X2)),X0) | ~v1_funct_1(X1) | ~v1_relat_1(X1) | ~v1_funct_1(X0) | ~v1_relat_1(X0) [cnf transformation 133] {a:0,w:21,wCS:8400,nSel:1,sine:1,thAx:0,allAx:1,thDist:-1}
255. k9_xtuple_0(X2) = k3_xboole_0(k9_xtuple_0(X0),k9_xtuple_0(X1)) | k13_funct_3(X0,X1) != X2 | ~v1_funct_1(X2) | ~v1_relat_1(X2) | ~v1_funct_1(X1) | ~v1_relat_1(X1) | ~v1_funct_1(X0) | ~v1_relat_1(X0) [cnf transformation 186] {a:0,w:25,wCS:10000,sine:2,thAx:0,allAx:2,thDist:-2}
259. k1_funct_1(k3_relat_1(k13_funct_3(X0,X1),X2),X3) = k1_binop_1(X2,k1_funct_1(X0,X3),k1_funct_1(X1,X3)) | ~r2_hidden(X3,k9_xtuple_0(k3_relat_1(k13_funct_3(X0,X1),X2))) | ~v1_funct_1(X2) | ~v1_relat_1(X2) | ~v1_funct_1(X1) | ~v1_relat_1(X1) | ~v1_funct_1(X0) | ~v1_relat_1(X0) [cnf transformation 137] {a:0,w:36,wCS:14400,nSel:1,sine:1,thAx:0,allAx:1,thDist:-1}
265. ~r2_hidden(X0,k9_xtuple_0(k3_relat_1(X2,X1))) | r2_hidden(X0,k9_xtuple_0(X2)) | ~v1_funct_1(X2) | ~v1_relat_1(X2) | ~v1_funct_1(X1) | ~v1_relat_1(X1) [cnf transformation 188] {a:0,w:18,wCS:7200,nSel:1,sine:1,thAx:0,allAx:1,thDist:-1}
270. k1_funct_1(k2_funcop_1(X0,X2),X1) = X2 | ~r2_hidden(X1,X0) [cnf transformation 147] {a:0,w:10,wCS:4000,nSel:1,sine:2,thAx:0,allAx:1,thDist:-1}
271. r2_hidden(X4,X0) | ~r2_hidden(X4,X2) | k3_xboole_0(X0,X1) != X2 [cnf transformation 193] {a:0,w:11,wCS:4400,sine:3,thAx:0,allAx:2,thDist:-2}
286. v1_relat_1(k2_funcop_1(X0,X1)) [cnf transformation 47] {a:0,w:4,wCS:1600,nSel:1,sine:2,thAx:0,allAx:1,thDist:-1}
287. v1_funct_1(k2_funcop_1(X0,X1)) [cnf transformation 47] {a:0,w:4,wCS:1600,nSel:1,sine:2,thAx:0,allAx:1,thDist:-1}
308. v1_relat_1(k13_funct_3(X0,X1)) | ~v1_funct_1(X1) | ~v1_relat_1(X1) | ~v1_funct_1(X0) | ~v1_relat_1(X0) [cnf transformation 171] {a:0,w:12,wCS:4800,nSel:1,sine:2,thAx:0,allAx:1,thDist:-1}
309. v1_funct_1(k13_funct_3(X0,X1)) | ~v1_funct_1(X1) | ~v1_relat_1(X1) | ~v1_funct_1(X0) | ~v1_relat_1(X0) [cnf transformation 171] {a:0,w:12,wCS:4800,nSel:1,sine:2,thAx:0,allAx:1,thDist:-1}
341. k3_xboole_0(k9_xtuple_0(X0),k9_xtuple_0(X1)) = k9_xtuple_0(k13_funct_3(X0,X1)) | ~v1_funct_1(k13_funct_3(X0,X1)) | ~v1_relat_1(k13_funct_3(X0,X1)) | ~v1_funct_1(X1) | ~v1_relat_1(X1) | ~v1_funct_1(X0) | ~v1_relat_1(X0) [equality resolution 255] {a:0,w:26,wCS:10400,sine:2,thAx:0,allAx:2,thDist:-2}
344. ~r2_hidden(X4,k3_xboole_0(X0,X1)) | r2_hidden(X4,X0) [equality resolution 271] {a:0,w:8,wCS:3200,nSel:1,sine:3,thAx:0,allAx:2,thDist:-2}
346. 1 <=> k1_funct_1(k4_funcop_1(sK1,sK0,sK3),sK2) = k1_binop_1(sK1,k1_funct_1(sK0,sK2),sK3) [avatar definition]
348. k1_funct_1(k4_funcop_1(sK1,sK0,sK3),sK2) != k1_binop_1(sK1,k1_funct_1(sK0,sK2),sK3) <- (~1) [avatar component clause 346] {a:0,w:13,wCS:1300,nSel:1,goal:1,sine:255,thAx:0,allAx:4,thDist:-4}
349. ~1 [avatar split clause 221,346]
351. 2 <=> r2_hidden(sK2,k9_xtuple_0(k4_funcop_1(sK1,sK0,sK3))) [avatar definition]
353. r2_hidden(sK2,k9_xtuple_0(k4_funcop_1(sK1,sK0,sK3))) <- (2) [avatar component clause 351] {a:0,w:7,wCS:700,nSel:1,goal:1,sine:255,thAx:0,allAx:4,thDist:-4}
354. 2 [avatar split clause 220,351]
356. 3 <=> v1_funct_1(sK1) [avatar definition]
358. v1_funct_1(sK1) <- (3) [avatar component clause 356] {a:0,w:2,wCS:200,nSel:1,goal:1,sine:255,thAx:0,allAx:4,thDist:-4}
359. 3 [avatar split clause 219,356]
361. 4 <=> v1_relat_1(sK1) [avatar definition]
363. v1_relat_1(sK1) <- (4) [avatar component clause 361] {a:0,w:2,wCS:200,nSel:1,goal:1,sine:255,thAx:0,allAx:4,thDist:-4}
364. 4 [avatar split clause 218,361]
366. 5 <=> v1_funct_1(sK0) [avatar definition]
368. v1_funct_1(sK0) <- (5) [avatar component clause 366] {a:0,w:2,wCS:200,nSel:1,goal:1,sine:255,thAx:0,allAx:4,thDist:-4}
369. 5 [avatar split clause 217,366]
371. 6 <=> v1_relat_1(sK0) [avatar definition]
373. v1_relat_1(sK0) <- (6) [avatar component clause 371] {a:0,w:2,wCS:200,nSel:1,goal:1,sine:255,thAx:0,allAx:4,thDist:-4}
374. 6 [avatar split clause 216,371]
831. ~r2_hidden(X3,k9_xtuple_0(k4_funcop_1(X2,X0,X1))) | r2_hidden(X3,k9_xtuple_0(k13_funct_3(X0,k2_funcop_1(k9_xtuple_0(X0),X1)))) | ~v1_funct_1(k13_funct_3(X0,k2_funcop_1(k9_xtuple_0(X0),X1))) | ~v1_relat_1(k13_funct_3(X0,k2_funcop_1(k9_xtuple_0(X0),X1))) | ~v1_funct_1(X2) | ~v1_relat_1(X2) | ~v1_funct_1(X0) | ~v1_relat_1(X0) | ~v1_funct_1(X2) | ~v1_relat_1(X2) [superposition 265,254] {a:1,w:42,wCS:16800,sine:1,thAx:0,allAx:2,thDist:-2}
844. r2_hidden(X3,k9_xtuple_0(k13_funct_3(X0,k2_funcop_1(k9_xtuple_0(X0),X1)))) | ~r2_hidden(X3,k9_xtuple_0(k4_funcop_1(X2,X0,X1))) | ~v1_funct_1(k13_funct_3(X0,k2_funcop_1(k9_xtuple_0(X0),X1))) | ~v1_relat_1(k13_funct_3(X0,k2_funcop_1(k9_xtuple_0(X0),X1))) | ~v1_funct_1(X2) | ~v1_relat_1(X2) | ~v1_funct_1(X0) | ~v1_relat_1(X0) [duplicate literal removal 831] {a:1,w:38,wCS:15200,nSel:1,sine:1,thAx:0,allAx:2,thDist:-2}
861. k3_xboole_0(k9_xtuple_0(X0),k9_xtuple_0(X1)) = k9_xtuple_0(k13_funct_3(X0,X1)) | ~v1_relat_1(k13_funct_3(X0,X1)) | ~v1_funct_1(X1) | ~v1_relat_1(X1) | ~v1_funct_1(X0) | ~v1_relat_1(X0) [subsumption resolution 341,309] {a:0,w:22,wCS:8800,sine:2,thAx:0,allAx:2,thDist:-2}
862. k3_xboole_0(k9_xtuple_0(X0),k9_xtuple_0(X1)) = k9_xtuple_0(k13_funct_3(X0,X1)) | ~v1_funct_1(X1) | ~v1_relat_1(X1) | ~v1_funct_1(X0) | ~v1_relat_1(X0) [subsumption resolution 861,308] {a:0,w:18,wCS:7200,nSel:1,sine:2,thAx:0,allAx:2,thDist:-2}
872. ~r2_hidden(X15,k9_xtuple_0(k13_funct_3(X13,X14))) | r2_hidden(X15,k9_xtuple_0(X13)) | ~v1_funct_1(X14) | ~v1_relat_1(X14) | ~v1_funct_1(X13) | ~v1_relat_1(X13) [superposition 344,862] {a:1,w:18,wCS:7200,nSel:1,sine:2,thAx:0,allAx:4,thDist:-4}
902. k1_funct_1(k3_relat_1(k13_funct_3(X3,k2_funcop_1(X0,X1)),X4),X2) = k1_binop_1(X4,k1_funct_1(X3,X2),X1) | ~r2_hidden(X2,k9_xtuple_0(k3_relat_1(k13_funct_3(X3,k2_funcop_1(X0,X1)),X4))) | ~v1_funct_1(X4) | ~v1_relat_1(X4) | ~v1_funct_1(k2_funcop_1(X0,X1)) | ~v1_relat_1(k2_funcop_1(X0,X1)) | ~v1_funct_1(X3) | ~v1_relat_1(X3) | ~r2_hidden(X2,X0) [superposition 259,270] {a:1,w:45,wCS:18000,sine:1,thAx:0,allAx:2,thDist:-2}
908. k1_funct_1(k3_relat_1(k13_funct_3(X3,k2_funcop_1(X0,X1)),X4),X2) = k1_binop_1(X4,k1_funct_1(X3,X2),X1) | ~r2_hidden(X2,k9_xtuple_0(k3_relat_1(k13_funct_3(X3,k2_funcop_1(X0,X1)),X4))) | ~v1_funct_1(X4) | ~v1_relat_1(X4) | ~v1_relat_1(k2_funcop_1(X0,X1)) | ~v1_funct_1(X3) | ~v1_relat_1(X3) | ~r2_hidden(X2,X0) [subsumption resolution 902,287] {a:1,w:41,wCS:16400,sine:1,thAx:0,allAx:2,thDist:-2}
909. k1_funct_1(k3_relat_1(k13_funct_3(X3,k2_funcop_1(X0,X1)),X4),X2) = k1_binop_1(X4,k1_funct_1(X3,X2),X1) | ~r2_hidden(X2,k9_xtuple_0(k3_relat_1(k13_funct_3(X3,k2_funcop_1(X0,X1)),X4))) | ~v1_funct_1(X4) | ~v1_relat_1(X4) | ~v1_funct_1(X3) | ~v1_relat_1(X3) | ~r2_hidden(X2,X0) [subsumption resolution 908,286] {a:1,w:37,wCS:14800,nSel:1,sine:1,thAx:0,allAx:2,thDist:-2}
2088. k1_binop_1(X2,k1_funct_1(X0,X3),X1) = k1_funct_1(k4_funcop_1(X2,X0,X1),X3) | ~r2_hidden(X3,k9_xtuple_0(k4_funcop_1(X2,X0,X1))) | ~v1_funct_1(X2) | ~v1_relat_1(X2) | ~v1_funct_1(X0) | ~v1_relat_1(X0) | ~r2_hidden(X3,k9_xtuple_0(X0)) | ~v1_funct_1(X0) | ~v1_relat_1(X0) | ~v1_funct_1(X2) | ~v1_relat_1(X2) [superposition 909,254] {a:2,w:40,wCS:16000,sine:1,thAx:0,allAx:3,thDist:-3}
2118. k1_binop_1(X2,k1_funct_1(X0,X3),X1) = k1_funct_1(k4_funcop_1(X2,X0,X1),X3) | ~r2_hidden(X3,k9_xtuple_0(k4_funcop_1(X2,X0,X1))) | ~v1_funct_1(X2) | ~v1_relat_1(X2) | ~v1_funct_1(X0) | ~v1_relat_1(X0) | ~r2_hidden(X3,k9_xtuple_0(X0)) [duplicate literal removal 2088] {a:2,w:32,wCS:12800,nSel:1,sine:1,thAx:0,allAx:3,thDist:-3}
2215. ~r2_hidden(X0,k9_xtuple_0(k4_funcop_1(X1,X2,X3))) | ~v1_funct_1(k13_funct_3(X2,k2_funcop_1(k9_xtuple_0(X2),X3))) | ~v1_relat_1(k13_funct_3(X2,k2_funcop_1(k9_xtuple_0(X2),X3))) | ~v1_funct_1(X1) | ~v1_relat_1(X1) | ~v1_funct_1(X2) | ~v1_relat_1(X2) | r2_hidden(X0,k9_xtuple_0(X2)) | ~v1_funct_1(k2_funcop_1(k9_xtuple_0(X2),X3)) | ~v1_relat_1(k2_funcop_1(k9_xtuple_0(X2),X3)) | ~v1_funct_1(X2) | ~v1_relat_1(X2) [resolution 844,872] {a:2,w:47,wCS:18800,sine:1,thAx:0,allAx:6,thDist:-6}
2226. ~r2_hidden(X0,k9_xtuple_0(k4_funcop_1(X1,X2,X3))) | ~v1_funct_1(k13_funct_3(X2,k2_funcop_1(k9_xtuple_0(X2),X3))) | ~v1_relat_1(k13_funct_3(X2,k2_funcop_1(k9_xtuple_0(X2),X3))) | ~v1_funct_1(X1) | ~v1_relat_1(X1) | ~v1_funct_1(X2) | ~v1_relat_1(X2) | r2_hidden(X0,k9_xtuple_0(X2)) | ~v1_funct_1(k2_funcop_1(k9_xtuple_0(X2),X3)) | ~v1_relat_1(k2_funcop_1(k9_xtuple_0(X2),X3)) [duplicate literal removal 2215] {a:2,w:43,wCS:17200,sine:1,thAx:0,allAx:6,thDist:-6}
2227. ~r2_hidden(X0,k9_xtuple_0(k4_funcop_1(X1,X2,X3))) | ~v1_funct_1(k13_funct_3(X2,k2_funcop_1(k9_xtuple_0(X2),X3))) | ~v1_relat_1(k13_funct_3(X2,k2_funcop_1(k9_xtuple_0(X2),X3))) | ~v1_funct_1(X1) | ~v1_relat_1(X1) | ~v1_funct_1(X2) | ~v1_relat_1(X2) | r2_hidden(X0,k9_xtuple_0(X2)) | ~v1_relat_1(k2_funcop_1(k9_xtuple_0(X2),X3)) [subsumption resolution 2226,287] {a:2,w:38,wCS:15200,sine:1,thAx:0,allAx:6,thDist:-6}
2228. ~r2_hidden(X0,k9_xtuple_0(k4_funcop_1(X1,X2,X3))) | ~v1_funct_1(k13_funct_3(X2,k2_funcop_1(k9_xtuple_0(X2),X3))) | ~v1_relat_1(k13_funct_3(X2,k2_funcop_1(k9_xtuple_0(X2),X3))) | ~v1_funct_1(X1) | ~v1_relat_1(X1) | ~v1_funct_1(X2) | ~v1_relat_1(X2) | r2_hidden(X0,k9_xtuple_0(X2)) [subsumption resolution 2227,286] {a:2,w:33,wCS:13200,nSel:1,sine:1,thAx:0,allAx:6,thDist:-6}
13666. k1_funct_1(k4_funcop_1(sK1,sK0,sK3),sK2) != k1_funct_1(k4_funcop_1(sK1,sK0,sK3),sK2) | ~r2_hidden(sK2,k9_xtuple_0(k4_funcop_1(sK1,sK0,sK3))) | ~v1_funct_1(sK1) | ~v1_relat_1(sK1) | ~v1_funct_1(sK0) | ~v1_relat_1(sK0) | ~r2_hidden(sK2,k9_xtuple_0(sK0)) <- (~1) [superposition 348,2118] {a:3,w:32,wCS:3200,goal:1,sine:1,thAx:0,allAx:7,thDist:-7}
13702. ~r2_hidden(sK2,k9_xtuple_0(k4_funcop_1(sK1,sK0,sK3))) | ~v1_funct_1(sK1) | ~v1_relat_1(sK1) | ~v1_funct_1(sK0) | ~v1_relat_1(sK0) | ~r2_hidden(sK2,k9_xtuple_0(sK0)) <- (~1) [trivial inequality removal 13666] {a:3,w:19,wCS:1900,goal:1,sine:1,thAx:0,allAx:7,thDist:-7}
13718. ~v1_funct_1(sK1) | ~v1_relat_1(sK1) | ~v1_funct_1(sK0) | ~v1_relat_1(sK0) | ~r2_hidden(sK2,k9_xtuple_0(sK0)) <- (~1, 2) [subsumption resolution 13702,353] {a:3,w:12,wCS:1200,goal:1,sine:1,thAx:0,allAx:7,thDist:-7}
13719. ~v1_relat_1(sK1) | ~v1_funct_1(sK0) | ~v1_relat_1(sK0) | ~r2_hidden(sK2,k9_xtuple_0(sK0)) <- (~1, 2, 3) [subsumption resolution 13718,358] {a:3,w:10,wCS:1000,goal:1,sine:1,thAx:0,allAx:7,thDist:-7}
13720. ~v1_funct_1(sK0) | ~v1_relat_1(sK0) | ~r2_hidden(sK2,k9_xtuple_0(sK0)) <- (~1, 2, 3, 4) [subsumption resolution 13719,363] {a:3,w:8,wCS:800,goal:1,sine:1,thAx:0,allAx:7,thDist:-7}
13721. ~v1_relat_1(sK0) | ~r2_hidden(sK2,k9_xtuple_0(sK0)) <- (~1, 2, 3, 4, 5) [subsumption resolution 13720,368] {a:3,w:6,wCS:600,goal:1,sine:1,thAx:0,allAx:7,thDist:-7}
13722. ~r2_hidden(sK2,k9_xtuple_0(sK0)) <- (~1, 2, 3, 4, 5, 6) [subsumption resolution 13721,373] {a:3,w:4,wCS:400,goal:1,sine:1,thAx:0,allAx:7,thDist:-7}
13724. 110 <=> r2_hidden(sK2,k9_xtuple_0(sK0)) [avatar definition]
13726. ~r2_hidden(sK2,k9_xtuple_0(sK0)) <- (~110) [avatar component clause 13724] {a:3,w:4,wCS:400,nSel:1,goal:1,sine:255,thAx:0,allAx:7,thDist:-7}
13727. ~110 | 1 | ~2 | ~3 | ~4 | ~5 | ~6 [avatar split clause 13722,371,366,361,356,351,346,13724]
13830. 112 <=> v1_relat_1(k13_funct_3(sK0,k2_funcop_1(k9_xtuple_0(sK0),sK3))) [avatar definition]
13832. ~v1_relat_1(k13_funct_3(sK0,k2_funcop_1(k9_xtuple_0(sK0),sK3))) <- (~112) [avatar component clause 13830] {a:3,w:7,wCS:700,nSel:1,goal:1,sine:255,thAx:0,allAx:7,thDist:-7}
13834. 113 <=> v1_funct_1(k13_funct_3(sK0,k2_funcop_1(k9_xtuple_0(sK0),sK3))) [avatar definition]
13835. v1_funct_1(k13_funct_3(sK0,k2_funcop_1(k9_xtuple_0(sK0),sK3))) <- (113) [avatar component clause 13834] {a:3,w:7,wCS:700,nSel:1,goal:1,sine:255,thAx:0,allAx:7,thDist:-7}
13836. ~v1_funct_1(k13_funct_3(sK0,k2_funcop_1(k9_xtuple_0(sK0),sK3))) <- (~113) [avatar component clause 13834] {a:3,w:7,wCS:700,nSel:1,goal:1,sine:255,thAx:0,allAx:7,thDist:-7}
13953. ~v1_funct_1(k2_funcop_1(k9_xtuple_0(sK0),sK3)) | ~v1_relat_1(k2_funcop_1(k9_xtuple_0(sK0),sK3)) | ~v1_funct_1(sK0) | ~v1_relat_1(sK0) <- (~113) [resolution 13836,309] {a:4,w:14,wCS:1400,goal:1,sine:2,thAx:0,allAx:8,thDist:-8}
13957. ~v1_relat_1(k2_funcop_1(k9_xtuple_0(sK0),sK3)) | ~v1_funct_1(sK0) | ~v1_relat_1(sK0) <- (~113) [subsumption resolution 13953,287] {a:4,w:9,wCS:900,goal:1,sine:2,thAx:0,allAx:8,thDist:-8}
13958. ~v1_funct_1(sK0) | ~v1_relat_1(sK0) <- (~113) [subsumption resolution 13957,286] {a:4,w:4,wCS:400,goal:1,sine:2,thAx:0,allAx:8,thDist:-8}
13959. ~v1_relat_1(sK0) <- (5, ~113) [subsumption resolution 13958,368] {a:4,w:2,wCS:200,goal:1,sine:2,thAx:0,allAx:8,thDist:-8}
13960. $false <- (5, 6, ~113) [subsumption resolution 13959,373] {a:4,w:0,goal:1,sine:2,thAx:0,allAx:8,thDist:-8}
13961. ~5 | ~6 | 113 [avatar contradiction clause 13960]
14366. ~v1_funct_1(k13_funct_3(sK0,k2_funcop_1(k9_xtuple_0(sK0),sK3))) | ~v1_relat_1(k13_funct_3(sK0,k2_funcop_1(k9_xtuple_0(sK0),sK3))) | ~v1_funct_1(sK1) | ~v1_relat_1(sK1) | ~v1_funct_1(sK0) | ~v1_relat_1(sK0) | r2_hidden(sK2,k9_xtuple_0(sK0)) <- (2) [resolution 2228,353] {a:3,w:26,wCS:2600,goal:1,sine:1,thAx:0,allAx:10,thDist:-10}
14448. ~v1_relat_1(k13_funct_3(sK0,k2_funcop_1(k9_xtuple_0(sK0),sK3))) | ~v1_funct_1(sK1) | ~v1_relat_1(sK1) | ~v1_funct_1(sK0) | ~v1_relat_1(sK0) | r2_hidden(sK2,k9_xtuple_0(sK0)) <- (2, 113) [subsumption resolution 14366,13835] {a:3,w:19,wCS:1900,goal:1,sine:1,thAx:0,allAx:10,thDist:-10}
14449. ~v1_relat_1(k13_funct_3(sK0,k2_funcop_1(k9_xtuple_0(sK0),sK3))) | ~v1_relat_1(sK1) | ~v1_funct_1(sK0) | ~v1_relat_1(sK0) | r2_hidden(sK2,k9_xtuple_0(sK0)) <- (2, 3, 113) [subsumption resolution 14448,358] {a:3,w:17,wCS:1700,goal:1,sine:1,thAx:0,allAx:10,thDist:-10}
14450. ~v1_relat_1(k13_funct_3(sK0,k2_funcop_1(k9_xtuple_0(sK0),sK3))) | ~v1_funct_1(sK0) | ~v1_relat_1(sK0) | r2_hidden(sK2,k9_xtuple_0(sK0)) <- (2, 3, 4, 113) [subsumption resolution 14449,363] {a:3,w:15,wCS:1500,goal:1,sine:1,thAx:0,allAx:10,thDist:-10}
14451. ~v1_relat_1(k13_funct_3(sK0,k2_funcop_1(k9_xtuple_0(sK0),sK3))) | ~v1_relat_1(sK0) | r2_hidden(sK2,k9_xtuple_0(sK0)) <- (2, 3, 4, 5, 113) [subsumption resolution 14450,368] {a:3,w:13,wCS:1300,goal:1,sine:1,thAx:0,allAx:10,thDist:-10}
14452. ~v1_relat_1(k13_funct_3(sK0,k2_funcop_1(k9_xtuple_0(sK0),sK3))) | r2_hidden(sK2,k9_xtuple_0(sK0)) <- (2, 3, 4, 5, 6, 113) [subsumption resolution 14451,373] {a:3,w:11,wCS:1100,goal:1,sine:1,thAx:0,allAx:10,thDist:-10}
14453. ~v1_relat_1(k13_funct_3(sK0,k2_funcop_1(k9_xtuple_0(sK0),sK3))) <- (2, 3, 4, 5, 6, ~110, 113) [subsumption resolution 14452,13726] {a:3,w:7,wCS:700,goal:1,sine:1,thAx:0,allAx:10,thDist:-10}
14454. ~112 | ~2 | ~3 | ~4 | ~5 | ~6 | 110 | ~113 [avatar split clause 14453,13834,13724,371,366,361,356,351,13830]
14498. ~v1_funct_1(k2_funcop_1(k9_xtuple_0(sK0),sK3)) | ~v1_relat_1(k2_funcop_1(k9_xtuple_0(sK0),sK3)) | ~v1_funct_1(sK0) | ~v1_relat_1(sK0) <- (~112) [resolution 13832,308] {a:4,w:14,wCS:1400,goal:1,sine:2,thAx:0,allAx:8,thDist:-8}
14502. ~v1_relat_1(k2_funcop_1(k9_xtuple_0(sK0),sK3)) | ~v1_funct_1(sK0) | ~v1_relat_1(sK0) <- (~112) [subsumption resolution 14498,287] {a:4,w:9,wCS:900,goal:1,sine:2,thAx:0,allAx:8,thDist:-8}
14503. ~v1_funct_1(sK0) | ~v1_relat_1(sK0) <- (~112) [subsumption resolution 14502,286] {a:4,w:4,wCS:400,goal:1,sine:2,thAx:0,allAx:8,thDist:-8}
14504. ~v1_relat_1(sK0) <- (5, ~112) [subsumption resolution 14503,368] {a:4,w:2,wCS:200,goal:1,sine:2,thAx:0,allAx:8,thDist:-8}
14505. $false <- (5, 6, ~112) [subsumption resolution 14504,373] {a:4,w:0,goal:1,sine:2,thAx:0,allAx:8,thDist:-8}
14506. ~5 | ~6 | 112 [avatar contradiction clause 14505]
14507. $false [avatar sat refutation 349,354,359,364,369,374,13727,13961,14454,14506] {a:0,w:0,goal:1,sine:0,thAx:0,allAx:4123,thDist:-4123}
% SZS output end Proof for funcop_1__t27_funcop_1
% ------------------------------
% Version: Vampire 4.5.1 (commit 226f88162 on 2021-09-12 20:13:44 +0200)
% Termination reason: Refutation

% >>> Input
% Input formulas: 87
% >>> Preprocessing
% Introduced skolems: 17
% Pure predicates: 1
% 
% >>> Saturation
% Initial clauses: 124
% Generated clauses: 13838
% Active clauses: 705
% Passive clauses: 5115
% Final active clauses: 511
% Final passive clauses: 3920
% Main loop iterations started: 1189
% 
% >>> Simplifying Inferences
% Duplicate literals: 2331
% Trivial inequalities: 1
% Fw subsumption resolutions: 2175
% Fw demodulations: 287
% 
% >>> Deletion Inferences
% Simple tautologies: 266
% Equational tautologies: 3
% Forward subsumptions: 4792
% Backward subsumptions: 161
% Fw demodulations to eq. taut.: 4
% 
% >>> Generating Inferences
% Binary resolution: 2528
% Unit resulting resolution: 31
% Factoring: 16
% Forward superposition: 4426
% Backward superposition: 2545
% Self superposition: 52
% Equality resolution: 8
% 
% >>> AVATAR
% Split clauses: 118
% Split components: 245
% Sat splitting refutations: 49
% 
% >>> SAT Solver Statistics
% SAT solver clauses: 332
% SAT solver unit clauses: 100
% SAT solver binary clauses: 189
% 
% Memory used [KB]: 15223
% Time elapsed: 0.186 s
% ------------------------------
% ------------------------------
% Time measurement results:
% parsing: 0.001 s
% SAT solver time: 0.002 s
% term sharing: 0.030 s
% congruence closure: 0.001 s
% non unit clause index maintenance: 0.002 s
% forward subsumption index maintenance: 0.001 s
% binary resolution index maintenance: 0.002 s
% backward subsumption index maintenance: 0.002 s ( own 0.0000 s ) 
% backward demodulation index maintenance: 0.001 s
% splitting component index usage: 0.001 s ( own 0.0000 s ) 
% forward subsumption: 0.041 s
% forward subsumption resolution: 0.026 s
% backward subsumption: 0.003 s
% forward demodulation: 0.020 s ( own 0.019 s ) 
% resolution: 0.007 s ( own 0.002 s ) 
% unit resulting resolution: 0.006 s ( own 0.005 s ) 
% superposition: 0.043 s ( own 0.023 s ) 
% passive container maintenance: 0.003 s
% other: 0.186 s ( own 0.024 s ) 

