i: [1,191,0,2,1,1,0,0] l2_xreal_0
a: [3,312,0,2,1,191]
s: 312
i: [1,195,0,6,2,1,0,0] l2_xreal_0
a: [3,288,0,3,1,195]
s: 288
i: [1,193,0,3,1,1,0,0] l2_xreal_0
a: [3,302,0,3,1,193]
s: 302
i: [1,192,0,3,1,1,0,0] l2_xreal_0
a: [3,307,0,3,1,192]
s: 307
i: [1,194,0,5,1,1,0,0] l2_xreal_0
a: [3,297,0,5,1,194]
s: 297
i: [1,196,0,2,1,0,0,2] fc2_numbers
a: [3,317,0,2,1,196]
s: 317
i: [1,197,0,2,1,0,0,2] spc1_boole
a: [3,322,0,2,1,197]
s: 322
i: [1,198,0,2,1,0,0,1] fc1_numbers
a: [3,327,0,2,1,198]
s: 327
i: [1,199,0,2,1,0,0,5] fc1_xboole_0
a: [3,332,0,2,1,199]
s: 332
i: [1,206,0,2,1,0,0,4] fc6_ordinal1
a: [3,362,0,2,1,206]
s: 362
i: [1,205,0,2,1,0,0,4] fc6_ordinal1
a: [3,367,0,2,1,205]
s: 367
i: [1,207,0,2,1,0,0,2] spc1_numerals
a: [3,387,0,2,1,207]
s: 387
i: [1,265,0,2,1,0,0,2] rc2_xboole_0
a: [3,400,0,2,1,265]
s: 400
i: [1,266,0,2,1,0,0,1] rc1_xreal_0
a: [3,405,0,2,1,266]
s: 405
i: [1,267,0,2,1,0,0,2] rc4_ordinal1
a: [3,410,0,2,1,267]
s: 410
i: [1,268,0,2,1,0,0,3] rc1_ordinal1
a: [3,415,0,2,1,268]
s: 415
i: [1,269,0,2,1,0,0,2] rc1_xxreal_0
a: [3,420,0,2,1,269]
s: 420
i: [1,270,0,2,1,0,0,2] rc1_xboole_0
a: [3,425,0,2,1,270]
s: 425
i: [1,274,0,2,1,0,0,255] rc2_ordinal1
a: [3,430,0,2,1,274]
s: 430
i: [1,273,0,2,1,0,0,255] rc2_ordinal1
a: [3,435,0,2,1,273]
s: 435
i: [1,272,0,2,1,0,0,255] rc2_ordinal1
a: [3,440,0,2,1,272]
s: 440
i: [1,271,0,2,1,0,0,255] rc2_ordinal1
a: [3,445,0,2,1,271]
s: 445
i: [1,276,0,2,1,0,0,2] rc5_ordinal1
a: [3,450,0,2,1,276]
s: 450
i: [1,275,0,2,1,0,0,2] rc5_ordinal1
a: [3,455,0,2,1,275]
s: 455
i: [1,277,0,2,1,0,0,3] rc2_xcmplx_0
a: [3,460,0,2,1,277]
s: 460
i: [1,279,0,2,1,0,0,255] rc3_xxreal_0
a: [3,465,0,2,1,279]
s: 465
i: [1,278,0,2,1,0,0,255] rc3_xxreal_0
a: [3,470,0,2,1,278]
s: 470
i: [1,281,0,2,1,0,0,3] rc2_xxreal_0
a: [3,475,0,2,1,281]
s: 475
i: [1,280,0,2,1,0,0,3] rc2_xxreal_0
a: [3,480,0,2,1,280]
s: 480
i: [1,283,0,2,1,0,0,2] rc4_xxreal_0
a: [3,485,0,2,1,283]
s: 485
i: [1,282,0,2,1,0,0,2] rc4_xxreal_0
a: [3,490,0,2,1,282]
s: 490
i: [1,254,0,3,1,0,0,255] reflexivity_r1_tarski
s: 254
i: [1,200,0,3,1,0,0,3] redefinition_k5_numbers
a: [3,337,0,3,1,200]
s: 337
i: [1,201,0,3,1,0,0,5] redefinition_k6_numbers
a: [3,342,0,3,1,201]
s: 342
r: 332
d: [2,492,0,2,1,2,23,332,342]
a: [3,496,0,2,1,492]
s: 496
i: [1,202,0,3,1,0,0,4] t1_numerals
a: [3,347,0,3,1,202]
s: 347
i: [1,210,0,3,1,0,0,2] spc1_numerals
a: [3,372,0,3,1,210]
s: 372
i: [1,209,0,3,1,0,0,2] spc1_numerals
a: [3,377,0,3,1,209]
s: 377
i: [1,284,0,11,3,0,0,1] d5_arytm_0
a: [3,392,0,3,1,284]
s: 392
d: [2,498,0,3,1,2,22,347,342]
a: [3,502,0,3,1,498]
s: 502
d: [2,504,0,3,1,2,22,377,337]
a: [3,508,0,3,1,504]
s: 508
i: [1,212,0,4,2,0,0,1] cc4_xreal_0
s: 212
i: [1,213,0,4,2,0,0,1] cc2_xreal_0
s: 213
d: [2,510,1,2,1,1,40,212,312]
a: [3,515,1,2,1,510]
s: 515
i: [1,214,0,4,2,0,0,2] cc6_ordinal1
s: 214
i: [1,215,0,4,2,0,0,2] cc2_xxreal_0
s: 215
d: [2,511,1,2,1,1,40,212,405]
a: [3,520,1,2,1,511]
s: 520
i: [1,216,0,4,2,0,0,255] cc1_ordinal1
s: 216
d: [2,522,1,2,1,1,40,213,410]
a: [3,527,1,2,1,522]
s: 527
i: [1,217,0,4,2,0,0,255] cc1_ordinal1
s: 217
i: [1,219,0,4,2,0,0,255] cc9_ordinal1
s: 219
d: [2,523,1,2,1,1,40,213,450]
a: [3,532,1,2,1,523]
s: 532
i: [1,220,0,4,2,0,0,2] cc7_ordinal1
s: 220
d: [2,534,1,2,1,1,40,214,410]
a: [3,539,1,2,1,534]
s: 539
i: [1,221,0,4,2,0,0,3] cc3_ordinal1
s: 221
i: [1,253,0,4,1,0,0,1] existence_m1_subset_1
s: 253
d: [2,535,1,2,1,1,40,214,450]
a: [3,544,1,2,1,535]
s: 544
i: [1,255,0,4,1,0,0,255] fc3_xboole_0
s: 255
d: [2,546,1,2,1,1,40,215,410]
a: [3,551,1,2,1,546]
s: 551
i: [1,203,0,4,1,0,0,3] dt_k5_numbers
a: [3,352,0,4,1,203]
s: 352
i: [1,204,0,4,1,0,0,3] dt_k6_numbers
a: [3,357,0,4,1,204]
s: 357
d: [2,547,1,2,1,1,40,215,450]
a: [3,556,1,2,1,547]
s: 556
i: [1,208,0,4,1,0,0,2] spc1_numerals
a: [3,382,0,4,1,208]
s: 382
d: [2,558,1,2,1,1,40,216,362]
a: [3,564,1,2,1,558]
s: 564
d: [2,666,0,4,1,2,22,352,337]
a: [3,670,0,4,1,666]
s: 670
d: [2,672,0,4,1,2,22,357,337]
a: [3,676,0,4,1,672]
s: 676
d: [2,559,1,2,1,1,40,216,415]
a: [3,569,1,2,1,559]
s: 569
d: [2,678,0,4,1,2,22,382,337]
a: [3,682,0,4,1,678]
s: 682
d: [2,573,1,2,1,1,40,217,362]
a: [3,579,1,2,1,573]
s: 579
i: [1,222,0,5,2,0,0,5] t6_boole
s: 222
i: [1,223,0,5,2,0,0,4] cc8_ordinal1
s: 223
d: [2,574,1,2,1,1,40,217,415]
a: [3,584,1,2,1,574]
s: 584
i: [1,224,0,5,2,0,0,1] cc1_xreal_0
s: 224
d: [2,699,1,2,1,1,40,224,302]
a: [3,706,1,2,1,699]
s: 706
i: [1,244,0,5,2,0,0,1] d1_xreal_0
s: 244
i: [1,245,0,5,2,0,0,1] d1_xreal_0
s: 245
d: [2,700,1,2,1,1,40,224,307]
a: [3,711,1,2,1,700]
s: 711
i: [1,250,0,5,2,0,0,2] t7_boole
s: 250
d: [2,723,2,2,1,1,40,706,212]
a: [3,727,2,2,1,723]
s: 727
d: [2,684,0,5,2,1,22,222,342]
s: 684
i: [1,232,0,6,3,0,0,255] cc2_ordinal1
s: 232
d: [2,730,2,2,1,1,40,711,212]
a: [3,734,2,2,1,730]
s: 734
i: [1,235,0,6,3,0,0,255] cc5_xxreal_0
s: 235
d: [2,586,1,2,1,1,40,219,490]
a: [3,592,1,2,1,586]
s: 592
i: [1,237,0,6,3,0,0,255] cc5_xxreal_0
s: 237
i: [1,238,0,6,3,0,0,255] cc3_xxreal_0
s: 238
d: [2,587,1,2,1,1,40,219,425]
a: [3,597,1,2,1,587]
s: 597
i: [1,240,0,6,3,0,0,255] cc3_xxreal_0
s: 240
d: [2,588,1,2,1,1,40,219,496]
a: [3,602,1,2,1,588]
s: 602
i: [1,242,0,6,3,0,0,255] cc7_xxreal_0
s: 242
i: [1,243,0,6,3,0,0,255] cc7_xxreal_0
s: 243
d: [2,606,1,2,1,1,40,220,490]
a: [3,612,1,2,1,606]
s: 612
i: [1,246,0,6,2,0,0,2] t1_subset
s: 246
d: [2,607,1,2,1,1,40,220,425]
a: [3,617,1,2,1,607]
s: 617
i: [1,257,0,6,2,0,0,2] antisymmetry_r2_hidden
s: 257
i: [1,218,0,7,3,0,0,3] cc5_ordinal1
s: 218
d: [2,794,1,4,2,1,40,218,302]
a: [3,803,1,2,1,794]
s: 803
i: [1,248,0,7,2,0,0,255] t3_subset
s: 248
d: [2,608,1,2,1,1,40,220,496]
a: [3,622,1,2,1,608]
s: 622
i: [1,249,0,7,3,0,0,1] t8_boole
s: 249
i: [1,256,0,7,1,0,0,255] commutativity_k2_tarski
s: 256
d: [2,636,1,2,1,1,40,221,490]
a: [3,642,1,2,1,636]
s: 642
i: [1,211,0,8,3,0,0,255] cc10_ordinal1
s: 211
d: [2,637,1,2,1,1,40,221,425]
a: [3,647,1,2,1,637]
s: 647
i: [1,229,0,8,4,0,0,255] cc4_xxreal_0
s: 229
i: [1,231,0,8,4,0,0,255] cc6_xxreal_0
s: 231
d: [2,877,2,6,3,1,40,229,515]
a: [3,890,2,2,1,877]
s: 890
r: 890
i: [1,233,0,8,4,0,0,255] cc8_xxreal_0
s: 233
a: [3,889,2,2,1,877]
s: 889
i: [1,247,0,8,3,0,0,2] t2_subset
s: 247
i: [1,252,0,9,3,0,0,2] t5_subset
s: 252
a: [3,894,2,2,1,877]
s: 894
i: [1,251,0,10,3,0,0,2] t4_subset
s: 251
d: [2,878,3,6,3,1,40,229,734]
a: [3,903,3,2,1,878]
s: 903
r: 903
i: [1,262,0,11,3,0,0,1] dt_k5_arytm_0
s: 262
i: [1,225,0,14,3,0,0,2] t8_arytm_0
s: 225
a: [3,902,3,2,1,878]
s: 902
i: [1,261,0,14,4,0,0,3] existence_m2_subset_1
s: 261
a: [3,907,3,2,1,878]
s: 907
i: [1,258,0,15,5,0,0,3] dt_m2_subset_1
s: 258
d: [2,1083,1,0,0,5,52,327,367,392,676,670,258]
e: 1083
d: [2,1084,1,11,4,1,40,258,676]
d: [2,1089,1,8,3,2,21,1084,392]
d: [2,1090,1,4,2,3,21,1089,670]
d: [2,1091,1,2,1,4,21,1090,367]
d: [2,1092,1,0,0,5,21,1091,327]
e: 1092
r: 392
a: [3,391,0,3,1,284]
s: 391
d: [2,879,3,6,3,1,40,229,727]
a: [3,916,3,2,1,879]
s: 916
d: [2,1109,4,0,0,3,52,496,288,916,249]
e: 1109
d: [2,1110,4,0,0,3,52,496,288,916,249]
e: 1110
d: [2,1111,4,0,0,3,52,288,916,684]
e: 1111
r: 916
a: [3,395,0,8,2,284]
s: 395
a: [3,920,3,2,1,879]
s: 920
i: [1,259,0,15,5,0,0,3] redefinition_m2_subset_1
s: 259
i: [1,260,0,15,5,0,0,3] redefinition_m2_subset_1
s: 260
a: [3,915,3,2,1,879]
s: 915
i: [1,227,0,19,4,0,0,1] d5_arytm_0
s: 227
d: [2,994,1,5,2,1,40,247,302]
d: [2,1001,1,3,1,2,21,994,327]
a: [3,1005,1,3,1,1001]
s: 1005
i: [1,263,0,20,4,0,0,255] redefinition_k5_funct_4
s: 263
i: [1,264,0,21,4,0,0,255] dt_k5_funct_4
s: 264
d: [2,995,1,5,2,1,40,247,307]
d: [2,1007,1,3,1,2,21,995,327]
a: [3,1011,1,3,1,1007]
s: 1011
d: [2,1063,1,9,3,1,44,262,297]
d: [2,1073,1,6,2,2,21,1063,302]
d: [2,1074,1,3,1,3,21,1073,307]
a: [3,1078,1,3,1,1074]
s: 1078
d: [2,1138,2,3,1,1,40,1005,257]
a: [3,1144,2,3,1,1138]
s: 1144
d: [2,638,1,2,1,1,40,221,496]
a: [3,652,1,2,1,638]
s: 652
d: [2,686,1,2,1,1,40,223,508]
a: [3,692,1,2,1,686]
s: 692
d: [2,1169,2,3,1,1,40,1011,257]
a: [3,1175,2,3,1,1169]
s: 1175
d: [2,701,1,2,1,1,40,224,372]
a: [3,716,1,2,1,701]
s: 716
d: [2,1177,2,5,2,1,40,1078,247]
d: [2,1179,2,3,1,2,21,1177,317]
a: [3,1183,2,3,1,1179]
s: 1183
d: [2,745,1,4,2,1,40,235,465]
d: [2,746,1,2,1,2,21,745,470]
a: [3,750,1,2,1,746]
s: 750
d: [2,752,1,4,2,1,40,237,465]
d: [2,753,1,2,1,2,21,752,470]
a: [3,757,1,2,1,753]
s: 757
d: [2,1211,3,3,1,1,40,1183,257]
a: [3,1217,3,3,1,1211]
s: 1217
d: [2,760,1,4,2,1,40,238,475]
d: [2,761,1,2,1,2,21,760,480]
a: [3,765,1,2,1,761]
s: 765
d: [2,796,1,4,2,1,40,218,372]
a: [3,817,1,2,1,796]
s: 817
d: [2,853,1,4,2,1,40,211,670]
a: [3,859,1,2,1,853]
s: 859
d: [2,882,1,6,3,1,40,229,420]
a: [3,955,1,2,1,882]
s: 955
r: 955
a: [3,954,1,2,1,882]
s: 954
a: [3,959,1,2,1,882]
s: 959
d: [2,1062,1,12,4,0,40,262,218]
a: [3,1068,1,2,1,1062]
s: 1068
d: [2,687,1,3,1,0,40,223,253]
a: [3,697,1,3,1,687]
s: 697
d: [2,702,1,3,1,0,40,224,253]
a: [3,721,1,3,1,702]
s: 721
d: [2,624,2,2,1,1,40,539,217]
a: [3,629,2,2,1,624]
s: 629
d: [2,996,1,5,2,1,40,247,372]
d: [2,1013,1,3,1,2,21,996,327]
a: [3,1017,1,3,1,1013]
s: 1017
d: [2,625,2,2,1,1,40,539,216]
a: [3,634,2,2,1,625]
s: 634
d: [2,999,1,5,2,1,40,247,502]
d: [2,1028,1,3,1,2,21,999,367]
a: [3,1032,1,3,1,1028]
s: 1032
d: [2,1000,1,5,2,1,40,247,508]
d: [2,1034,1,3,1,2,21,1000,367]
a: [3,1038,1,3,1,1034]
s: 1038
d: [2,654,2,2,1,1,40,544,217]
a: [3,659,2,2,1,654]
s: 659
d: [2,1099,1,5,2,1,40,391,247]
d: [2,1103,1,3,1,2,21,1099,327]
a: [3,1107,1,3,1,1103]
s: 1107
d: [2,655,2,2,1,1,40,544,216]
a: [3,664,2,2,1,655]
s: 664
d: [2,997,1,7,2,1,40,247,670]
a: [3,1022,1,4,1,997]
s: 1022
a: [3,1025,1,3,1,997]
s: 1025
d: [2,770,2,2,1,1,40,612,213]
a: [3,775,2,2,1,770]
s: 775
d: [2,739,1,5,2,2,44,502,684]
s: 739
d: [2,778,2,2,1,1,40,617,215]
a: [3,784,2,2,1,778]
s: 784
d: [2,777,1,5,2,0,40,246,244]
s: 777
d: [2,792,1,5,2,0,40,257,244]
s: 792
d: [2,780,2,2,1,1,40,617,213]
a: [3,790,2,2,1,780]
s: 790
d: [2,793,1,5,2,0,40,218,253]
s: 793
d: [2,824,2,2,1,1,40,622,215]
a: [3,831,2,2,1,824]
s: 831
d: [2,1101,1,5,2,2,44,391,684]
s: 1101
d: [2,738,1,6,2,2,44,676,684]
s: 738
d: [2,826,2,2,1,1,40,622,213]
a: [3,837,2,2,1,826]
s: 837
d: [2,855,1,6,2,0,40,211,253]
s: 855
d: [2,841,2,2,1,1,40,642,217]
a: [3,846,2,2,1,841]
s: 846
d: [2,993,1,6,2,0,40,247,253]
s: 993
d: [2,1044,1,6,2,1,40,251,670]
s: 1044
d: [2,842,2,2,1,1,40,642,216]
a: [3,851,2,2,1,842]
s: 851
d: [2,1119,1,12,4,1,44,262,395]
d: [2,1120,1,9,3,1,18,1119]
d: [2,1121,1,6,2,2,21,1120,391]
s: 1121
d: [2,1369,2,3,1,3,40,1121,307]
a: [3,1385,2,3,1,1369]
s: 1385
d: [2,737,1,7,3,1,44,684,684]
s: 737
d: [2,854,1,7,3,0,40,211,248]
s: 854
d: [2,1370,2,3,1,3,40,1121,302]
a: [3,1390,2,3,1,1370]
s: 1390
d: [2,1042,1,7,2,0,40,252,253]
s: 1042
d: [2,1397,3,5,2,1,40,1385,247]
d: [2,1399,3,3,1,2,21,1397,317]
a: [3,1403,3,3,1,1399]
s: 1403
d: [2,1129,1,11,4,1,40,260,670]
d: [2,1132,1,9,3,2,21,1129,367]
d: [2,1133,1,7,2,3,21,1132,327]
s: 1133
d: [2,823,1,8,3,0,40,248,218]
s: 823
d: [2,1406,3,5,2,1,40,1390,247]
d: [2,1408,3,3,1,2,21,1406,317]
a: [3,1412,3,3,1,1408]
s: 1412
d: [2,1041,1,8,3,0,40,252,248]
s: 1041
d: [2,1415,4,3,1,1,40,1403,257]
a: [3,1421,4,3,1,1415]
s: 1421
d: [2,1046,1,8,2,0,40,251,253]
s: 1046
d: [2,1045,1,9,3,0,40,251,248]
s: 1045
d: [2,1429,4,3,1,1,40,1412,257]
a: [3,1435,4,3,1,1429]
s: 1435
d: [2,998,1,10,3,0,40,247,248]
s: 998
d: [2,865,2,2,1,1,40,647,217]
a: [3,870,2,2,1,865]
s: 870
d: [2,1118,1,10,3,2,44,395,684]
s: 1118
d: [2,1061,1,13,4,0,40,262,247]
d: [2,1064,1,11,3,1,21,1061,317]
s: 1064
d: [2,866,2,2,1,1,40,647,216]
a: [3,875,2,2,1,866]
s: 875
d: [2,1080,1,13,3,0,40,225,244]
s: 1080
d: [2,880,2,6,3,1,40,229,520]
a: [3,929,2,2,1,880]
s: 929
r: 929
d: [2,1086,1,21,7,0,40,258,261]
d: [2,1087,1,13,4,0,18,1086]
s: 1087
d: [2,1127,1,21,7,0,40,259,261]
d: [2,1128,1,13,4,0,18,1127]
s: 1128
a: [3,928,2,2,1,880]
s: 928
d: [2,1148,1,21,6,0,44,225,263]
d: [2,1149,1,15,4,0,18,1148]
d: [2,1154,1,13,3,1,21,1149,327]
s: 1154
a: [3,933,2,2,1,880]
s: 933
d: [2,1130,1,14,5,0,40,260,248]
s: 1130
d: [2,1135,1,20,6,0,44,225,227]
d: [2,1136,1,14,4,0,18,1135]
s: 1136
d: [2,1525,2,12,4,1,44,1136,297]
d: [2,1529,2,9,3,2,21,1525,302]
d: [2,1530,2,6,2,3,21,1529,307]
d: [2,1531,2,3,1,4,21,1530,288]
a: [3,1535,2,3,1,1531]
s: 1535
d: [2,1537,3,0,0,2,52,312,1535,244]
e: 1537
d: [2,1538,3,2,1,1,40,1535,244]
d: [2,1540,3,0,0,2,21,1538,312]
e: 1540
r: 288
r: 915
r: 920
r: 1535
d: [2,1094,1,7,3,2,21,1084,670]
d: [2,1095,1,5,2,3,21,1094,367]
d: [2,1096,1,3,1,4,21,1095,327]
d: [2,1445,2,8,3,3,44,1118,297]
d: [2,1546,2,5,2,4,21,1445,307]
f: 1546,1530,1540,1096,672,666,284,205,204,203,201,200,199,198,191,192,193,194,195
% Refutation found. Thanks to Tanya!
% SZS status Theorem for xreal_0__l2_xreal_0
% SZS output start Proof for xreal_0__l2_xreal_0
1. ! [X0] : (v1_xreal_0(X0) => ! [X1] : (m1_subset_1(X1,k1_numbers) => ! [X2] : (m1_subset_1(X2,k1_numbers) => (k5_arytm_0(X1,X2) = X0 => (X0 = X1 & k6_numbers = X2))))) [input l2_xreal_0]
2. ~! [X0] : (v1_xreal_0(X0) => ! [X1] : (m1_subset_1(X1,k1_numbers) => ! [X2] : (m1_subset_1(X2,k1_numbers) => (k5_arytm_0(X1,X2) = X0 => (X0 = X1 & k6_numbers = X2))))) [negated conjecture 1]
29. ! [X0] : (v1_xreal_0(X0) <=> r2_hidden(X0,k1_numbers)) [input d1_xreal_0]
30. ! [X0] : (m1_subset_1(X0,k1_numbers) => ! [X1] : (m1_subset_1(X1,k1_numbers) => ((k6_numbers != X1 => k5_arytm_0(X0,X1) = k5_funct_4(k1_numbers,k6_numbers,1,X0,X1)) & (k6_numbers = X1 => k5_arytm_0(X0,X1) = X0)))) [input d5_arytm_0]
41. m1_subset_1(k5_numbers,k1_zfmisc_1(k1_numbers)) [input dt_k5_numbers]
42. m2_subset_1(k6_numbers,k1_numbers,k5_numbers) [input dt_k6_numbers]
44. ! [X0,X1] : ((m1_subset_1(X1,k1_zfmisc_1(X0)) & ~v1_xboole_0(X1) & ~v1_xboole_0(X0)) => ! [X2] : (m2_subset_1(X2,X0,X1) => m1_subset_1(X2,X0))) [input dt_m2_subset_1]
47. ~v1_xboole_0(k1_numbers) [input fc1_numbers]
48. v1_xboole_0(k1_xboole_0) [input fc1_xboole_0]
51. v3_ordinal1(k4_ordinal1) & ~v1_xboole_0(k4_ordinal1) [input fc6_ordinal1]
68. k4_ordinal1 = k5_numbers [input redefinition_k5_numbers]
69. k6_numbers = k1_xboole_0 [input redefinition_k6_numbers]
80. ! [X0] : (v1_xboole_0(X0) => k1_xboole_0 = X0) [input t6_boole]
82. ! [X0] : (m1_subset_1(X0,k1_numbers) => ! [X1] : (m1_subset_1(X1,k1_numbers) => ~r2_hidden(k5_funct_4(k1_numbers,k6_numbers,1,X0,X1),k1_numbers))) [input t8_arytm_0]
104. ? [X0] : (? [X1] : (? [X2] : (((X0 != X1 | k6_numbers != X2) & k5_arytm_0(X1,X2) = X0) & m1_subset_1(X2,k1_numbers)) & m1_subset_1(X1,k1_numbers)) & v1_xreal_0(X0)) [ennf transformation 2]
105. ? [X0] : (? [X1] : (? [X2] : ((X0 != X1 | k6_numbers != X2) & k5_arytm_0(X1,X2) = X0 & m1_subset_1(X2,k1_numbers)) & m1_subset_1(X1,k1_numbers)) & v1_xreal_0(X0)) [flattening 104]
116. ! [X0] : (k1_xboole_0 = X0 | ~v1_xboole_0(X0)) [ennf transformation 80]
119. ! [X0] : (! [X1] : (~r2_hidden(k5_funct_4(k1_numbers,k6_numbers,1,X0,X1),k1_numbers) | ~m1_subset_1(X1,k1_numbers)) | ~m1_subset_1(X0,k1_numbers)) [ennf transformation 82]
120. ! [X0] : (! [X1] : (((k5_arytm_0(X0,X1) = k5_funct_4(k1_numbers,k6_numbers,1,X0,X1) | k6_numbers = X1) & (k5_arytm_0(X0,X1) = X0 | k6_numbers != X1)) | ~m1_subset_1(X1,k1_numbers)) | ~m1_subset_1(X0,k1_numbers)) [ennf transformation 30]
145. ! [X0,X1] : (! [X2] : (m1_subset_1(X2,X0) | ~m2_subset_1(X2,X0,X1)) | (~m1_subset_1(X1,k1_zfmisc_1(X0)) | v1_xboole_0(X1) | v1_xboole_0(X0))) [ennf transformation 44]
146. ! [X0,X1] : (! [X2] : (m1_subset_1(X2,X0) | ~m2_subset_1(X2,X0,X1)) | ~m1_subset_1(X1,k1_zfmisc_1(X0)) | v1_xboole_0(X1) | v1_xboole_0(X0)) [flattening 145]
157. ? [X0] : (? [X1] : (? [X2] : ((X0 != X1 | k6_numbers != X2) & k5_arytm_0(X1,X2) = X0 & m1_subset_1(X2,k1_numbers)) & m1_subset_1(X1,k1_numbers)) & v1_xreal_0(X0)) => (? [X1] : (? [X2] : ((sK0 != X1 | k6_numbers != X2) & k5_arytm_0(X1,X2) = sK0 & m1_subset_1(X2,k1_numbers)) & m1_subset_1(X1,k1_numbers)) & v1_xreal_0(sK0)) [choice axiom]
158. ? [X1] : (? [X2] : ((sK0 != X1 | k6_numbers != X2) & k5_arytm_0(X1,X2) = sK0 & m1_subset_1(X2,k1_numbers)) & m1_subset_1(X1,k1_numbers)) => (? [X2] : ((sK0 != sK1 | k6_numbers != X2) & sK0 = k5_arytm_0(sK1,X2) & m1_subset_1(X2,k1_numbers)) & m1_subset_1(sK1,k1_numbers)) [choice axiom]
159. ? [X2] : ((sK0 != sK1 | k6_numbers != X2) & sK0 = k5_arytm_0(sK1,X2) & m1_subset_1(X2,k1_numbers)) => ((sK0 != sK1 | k6_numbers != sK2) & sK0 = k5_arytm_0(sK1,sK2) & m1_subset_1(sK2,k1_numbers)) [choice axiom]
160. (((sK0 != sK1 | k6_numbers != sK2) & sK0 = k5_arytm_0(sK1,sK2) & m1_subset_1(sK2,k1_numbers)) & m1_subset_1(sK1,k1_numbers)) & v1_xreal_0(sK0) [skolemisation 105,159,158,157]
161. ! [X0] : ((v1_xreal_0(X0) | ~r2_hidden(X0,k1_numbers)) & (r2_hidden(X0,k1_numbers) | ~v1_xreal_0(X0))) [nnf transformation 29]
191. v1_xreal_0(sK0) [cnf transformation 160] {a:0,w:2,wCS:200,goal:1,sine:0,thAx:0,allAx:4,thDist:-4}
192. m1_subset_1(sK1,k1_numbers) [cnf transformation 160] {a:0,w:3,wCS:300,goal:1,sine:0,thAx:0,allAx:4,thDist:-4}
193. m1_subset_1(sK2,k1_numbers) [cnf transformation 160] {a:0,w:3,wCS:300,goal:1,sine:0,thAx:0,allAx:4,thDist:-4}
194. sK0 = k5_arytm_0(sK1,sK2) [cnf transformation 160] {a:0,w:5,wCS:500,goal:1,sine:0,thAx:0,allAx:4,thDist:-4}
195. sK0 != sK1 | k6_numbers != sK2 [cnf transformation 160] {a:0,w:6,wCS:600,goal:1,sine:0,thAx:0,allAx:4,thDist:-4}
198. ~v1_xboole_0(k1_numbers) [cnf transformation 47] {a:0,w:2,wCS:800,sine:1,thAx:0,allAx:1,thDist:-1}
199. v1_xboole_0(k1_xboole_0) [cnf transformation 48] {a:0,w:2,wCS:800,sine:5,thAx:0,allAx:1,thDist:-1}
200. k4_ordinal1 = k5_numbers [cnf transformation 68] {a:0,w:3,wCS:1200,sine:3,thAx:0,allAx:1,thDist:-1}
201. k6_numbers = k1_xboole_0 [cnf transformation 69] {a:0,w:3,wCS:1200,sine:5,thAx:0,allAx:1,thDist:-1}
203. m1_subset_1(k5_numbers,k1_zfmisc_1(k1_numbers)) [cnf transformation 41] {a:0,w:4,wCS:1600,sine:3,thAx:0,allAx:1,thDist:-1}
204. m2_subset_1(k6_numbers,k1_numbers,k5_numbers) [cnf transformation 42] {a:0,w:4,wCS:1600,sine:3,thAx:0,allAx:1,thDist:-1}
205. ~v1_xboole_0(k4_ordinal1) [cnf transformation 51] {a:0,w:2,wCS:800,sine:4,thAx:0,allAx:1,thDist:-1}
222. k1_xboole_0 = X0 | ~v1_xboole_0(X0) [cnf transformation 116] {a:0,w:5,wCS:2000,sine:5,thAx:0,allAx:1,thDist:-1}
225. ~r2_hidden(k5_funct_4(k1_numbers,k6_numbers,1,X0,X1),k1_numbers) | ~m1_subset_1(X1,k1_numbers) | ~m1_subset_1(X0,k1_numbers) [cnf transformation 119] {a:0,w:14,wCS:5600,nSel:1,sine:2,thAx:0,allAx:1,thDist:-1}
226. k5_arytm_0(X0,X1) = X0 | k6_numbers != X1 | ~m1_subset_1(X1,k1_numbers) | ~m1_subset_1(X0,k1_numbers) [cnf transformation 120] {a:0,w:14,wCS:5600,sine:1,thAx:0,allAx:1,thDist:-1}
227. k5_arytm_0(X0,X1) = k5_funct_4(k1_numbers,k6_numbers,1,X0,X1) | k6_numbers = X1 | ~m1_subset_1(X1,k1_numbers) | ~m1_subset_1(X0,k1_numbers) [cnf transformation 120] {a:0,w:19,wCS:7600,nSel:1,sine:1,thAx:0,allAx:1,thDist:-1}
244. r2_hidden(X0,k1_numbers) | ~v1_xreal_0(X0) [cnf transformation 161] {a:0,w:5,wCS:2000,nSel:1,sine:1,thAx:0,allAx:1,thDist:-1}
258. ~m2_subset_1(X2,X0,X1) | m1_subset_1(X2,X0) | ~m1_subset_1(X1,k1_zfmisc_1(X0)) | v1_xboole_0(X1) | v1_xboole_0(X0) [cnf transformation 146] {a:0,w:15,wCS:6000,nSel:1,sine:3,thAx:0,allAx:1,thDist:-1}
284. k5_arytm_0(X0,k6_numbers) = X0 | ~m1_subset_1(k6_numbers,k1_numbers) | ~m1_subset_1(X0,k1_numbers) [equality resolution 226] {a:0,w:11,wCS:4400,sine:1,thAx:0,allAx:1,thDist:-1}
286. 1 <=> k6_numbers = sK2 [avatar definition]
290. 2 <=> sK0 = sK1 [avatar definition]
293. ~1 | ~2 [avatar split clause 195,290,286]
295. 3 <=> sK0 = k5_arytm_0(sK1,sK2) [avatar definition]
297. sK0 = k5_arytm_0(sK1,sK2) <- (3) [avatar component clause 295] {a:0,w:5,wCS:500,nSel:1,goal:1,sine:255,thAx:0,allAx:4,thDist:-4}
298. 3 [avatar split clause 194,295]
300. 4 <=> m1_subset_1(sK2,k1_numbers) [avatar definition]
302. m1_subset_1(sK2,k1_numbers) <- (4) [avatar component clause 300] {a:0,w:3,wCS:300,nSel:1,goal:1,sine:255,thAx:0,allAx:4,thDist:-4}
303. 4 [avatar split clause 193,300]
305. 5 <=> m1_subset_1(sK1,k1_numbers) [avatar definition]
307. m1_subset_1(sK1,k1_numbers) <- (5) [avatar component clause 305] {a:0,w:3,wCS:300,nSel:1,goal:1,sine:255,thAx:0,allAx:4,thDist:-4}
308. 5 [avatar split clause 192,305]
310. 6 <=> v1_xreal_0(sK0) [avatar definition]
312. v1_xreal_0(sK0) <- (6) [avatar component clause 310] {a:0,w:2,wCS:200,nSel:1,goal:1,sine:255,thAx:0,allAx:4,thDist:-4}
313. 6 [avatar split clause 191,310]
325. 9 <=> v1_xboole_0(k1_numbers) [avatar definition]
327. ~v1_xboole_0(k1_numbers) <- (~9) [avatar component clause 325] {a:0,w:2,wCS:800,nSel:1,sine:255,thAx:0,allAx:1,thDist:-1}
328. ~9 [avatar split clause 198,325]
330. 10 <=> v1_xboole_0(k1_xboole_0) [avatar definition]
333. 10 [avatar split clause 199,330]
335. 11 <=> k4_ordinal1 = k5_numbers [avatar definition]
337. k4_ordinal1 = k5_numbers <- (11) [avatar component clause 335] {a:0,w:3,wCS:1200,nSel:1,sine:255,thAx:0,allAx:1,thDist:-1}
338. 11 [avatar split clause 200,335]
340. 12 <=> k6_numbers = k1_xboole_0 [avatar definition]
342. k6_numbers = k1_xboole_0 <- (12) [avatar component clause 340] {a:0,w:3,wCS:1200,nSel:1,sine:255,thAx:0,allAx:1,thDist:-1}
343. 12 [avatar split clause 201,340]
350. 14 <=> m1_subset_1(k5_numbers,k1_zfmisc_1(k1_numbers)) [avatar definition]
352. m1_subset_1(k5_numbers,k1_zfmisc_1(k1_numbers)) <- (14) [avatar component clause 350] {a:0,w:4,wCS:1600,sine:255,thAx:0,allAx:1,thDist:-1}
353. 14 [avatar split clause 203,350]
355. 15 <=> m2_subset_1(k6_numbers,k1_numbers,k5_numbers) [avatar definition]
357. m2_subset_1(k6_numbers,k1_numbers,k5_numbers) <- (15) [avatar component clause 355] {a:0,w:4,wCS:1600,sine:255,thAx:0,allAx:1,thDist:-1}
358. 15 [avatar split clause 204,355]
365. 17 <=> v1_xboole_0(k4_ordinal1) [avatar definition]
367. ~v1_xboole_0(k4_ordinal1) <- (~17) [avatar component clause 365] {a:0,w:2,wCS:800,nSel:1,sine:255,thAx:0,allAx:1,thDist:-1}
368. ~17 [avatar split clause 205,365]
390. 22 <=> m1_subset_1(k6_numbers,k1_numbers) [avatar definition]
394. 23 <=> ! [X0] : (k5_arytm_0(X0,k6_numbers) = X0 | ~m1_subset_1(X0,k1_numbers)) [avatar definition]
395. k5_arytm_0(X0,k6_numbers) = X0 | ~m1_subset_1(X0,k1_numbers) <- (23) [avatar component clause 394] {a:0,w:8,wCS:3200,nSel:1,sine:255,thAx:0,allAx:1,thDist:-1}
396. ~22 | 23 [avatar split clause 284,394,390]
666. m1_subset_1(k4_ordinal1,k1_zfmisc_1(k1_numbers)) <- (11, 14) [forward demodulation 352,337] {a:0,w:4,wCS:1600,sine:255,thAx:0,allAx:1,thDist:-1}
668. 71 <=> m1_subset_1(k4_ordinal1,k1_zfmisc_1(k1_numbers)) [avatar definition]
670. m1_subset_1(k4_ordinal1,k1_zfmisc_1(k1_numbers)) <- (71) [avatar component clause 668] {a:0,w:4,wCS:1600,nSel:1,sine:255,thAx:0,allAx:1,thDist:-1}
671. 71 | ~11 | ~14 [avatar split clause 666,350,335,668]
672. m2_subset_1(k6_numbers,k1_numbers,k4_ordinal1) <- (11, 15) [forward demodulation 357,337] {a:0,w:4,wCS:1600,sine:255,thAx:0,allAx:1,thDist:-1}
674. 72 <=> m2_subset_1(k6_numbers,k1_numbers,k4_ordinal1) [avatar definition]
676. m2_subset_1(k6_numbers,k1_numbers,k4_ordinal1) <- (72) [avatar component clause 674] {a:0,w:4,wCS:1600,nSel:1,sine:255,thAx:0,allAx:1,thDist:-1}
677. 72 | ~11 | ~15 [avatar split clause 672,355,335,674]
684. k6_numbers = X0 | ~v1_xboole_0(X0) <- (12) [forward demodulation 222,342] {a:0,w:5,wCS:2000,nSel:1,sine:5,thAx:0,allAx:1,thDist:-1}
914. 106 <=> v1_xboole_0(sK2) [avatar definition]
1084. m1_subset_1(k6_numbers,k1_numbers) | ~m1_subset_1(k4_ordinal1,k1_zfmisc_1(k1_numbers)) | v1_xboole_0(k4_ordinal1) | v1_xboole_0(k1_numbers) <- (72) [resolution 258,676] {a:1,w:11,wCS:4400,sine:3,thAx:0,allAx:2,thDist:-2}
1094. m1_subset_1(k6_numbers,k1_numbers) | v1_xboole_0(k4_ordinal1) | v1_xboole_0(k1_numbers) <- (71, 72) [subsumption resolution 1084,670] {a:1,w:7,wCS:2800,sine:3,thAx:0,allAx:2,thDist:-2}
1095. m1_subset_1(k6_numbers,k1_numbers) | v1_xboole_0(k1_numbers) <- (~17, 71, 72) [subsumption resolution 1094,367] {a:1,w:5,wCS:2000,sine:3,thAx:0,allAx:2,thDist:-2}
1096. m1_subset_1(k6_numbers,k1_numbers) <- (~9, ~17, 71, 72) [subsumption resolution 1095,327] {a:1,w:3,wCS:1200,sine:3,thAx:0,allAx:2,thDist:-2}
1097. 22 | 9 | 17 | ~71 | ~72 [avatar split clause 1096,674,668,365,325,390]
1118. k5_arytm_0(X1,X0) = X1 | ~m1_subset_1(X1,k1_numbers) | ~v1_xboole_0(X0) <- (12, 23) [superposition 395,684] {a:1,w:10,wCS:4000,nSel:1,sine:5,thAx:0,allAx:2,thDist:-2}
1135. ~r2_hidden(k5_arytm_0(X0,X1),k1_numbers) | ~m1_subset_1(X1,k1_numbers) | ~m1_subset_1(X0,k1_numbers) | k6_numbers = X1 | ~m1_subset_1(X1,k1_numbers) | ~m1_subset_1(X0,k1_numbers) [superposition 225,227] {a:1,w:20,wCS:8000,sine:1,thAx:0,allAx:2,thDist:-2}
1136. ~r2_hidden(k5_arytm_0(X0,X1),k1_numbers) | ~m1_subset_1(X1,k1_numbers) | ~m1_subset_1(X0,k1_numbers) | k6_numbers = X1 [duplicate literal removal 1135] {a:1,w:14,wCS:5600,nSel:1,sine:1,thAx:0,allAx:2,thDist:-2}
1445. sK0 = sK1 | ~m1_subset_1(sK1,k1_numbers) | ~v1_xboole_0(sK2) <- (3, 12, 23) [superposition 1118,297] {a:2,w:8,wCS:800,goal:1,sine:5,thAx:0,allAx:6,thDist:-6}
1525. ~r2_hidden(sK0,k1_numbers) | ~m1_subset_1(sK2,k1_numbers) | ~m1_subset_1(sK1,k1_numbers) | k6_numbers = sK2 <- (3) [superposition 1136,297] {a:2,w:12,wCS:1200,goal:1,sine:1,thAx:0,allAx:6,thDist:-6}
1529. ~r2_hidden(sK0,k1_numbers) | ~m1_subset_1(sK1,k1_numbers) | k6_numbers = sK2 <- (3, 4) [subsumption resolution 1525,302] {a:2,w:9,wCS:900,goal:1,sine:1,thAx:0,allAx:6,thDist:-6}
1530. ~r2_hidden(sK0,k1_numbers) | k6_numbers = sK2 <- (3, 4, 5) [subsumption resolution 1529,307] {a:2,w:6,wCS:600,goal:1,sine:1,thAx:0,allAx:6,thDist:-6}
1533. 173 <=> r2_hidden(sK0,k1_numbers) [avatar definition]
1535. ~r2_hidden(sK0,k1_numbers) <- (~173) [avatar component clause 1533] {a:2,w:3,wCS:300,nSel:1,goal:1,sine:255,thAx:0,allAx:6,thDist:-6}
1538. ~v1_xreal_0(sK0) <- (~173) [resolution 1535,244] {a:3,w:2,wCS:200,goal:1,sine:1,thAx:0,allAx:7,thDist:-7}
1540. $false <- (6, ~173) [subsumption resolution 1538,312] {a:3,w:0,goal:1,sine:1,thAx:0,allAx:7,thDist:-7}
1541. ~6 | 173 [avatar contradiction clause 1540]
1542. k6_numbers != k1_xboole_0 | k6_numbers != sK2 | v1_xboole_0(sK2) | ~v1_xboole_0(k1_xboole_0) [theory tautology sat conflict] {a:0,w:10,wCS:4000,sine:255,thAx:0,allAx:1,thDist:-1}
1543. 1 | ~173 | ~3 | ~4 | ~5 [avatar split clause 1530,305,300,295,1533,286]
1546. sK0 = sK1 | ~v1_xboole_0(sK2) <- (3, 5, 12, 23) [subsumption resolution 1445,307] {a:2,w:5,wCS:500,goal:1,sine:5,thAx:0,allAx:6,thDist:-6}
1547. ~106 | 2 | ~3 | ~5 | ~12 | ~23 [avatar split clause 1546,394,340,305,295,290,914]
1548. $false [avatar sat refutation 293,298,303,308,313,328,333,338,343,353,358,368,396,671,677,1097,1541,1542,1543,1547] {a:0,w:0,goal:1,sine:0,thAx:0,allAx:1040,thDist:-1040}
% SZS output end Proof for xreal_0__l2_xreal_0
% ------------------------------
% Version: Vampire 4.5.1 (commit 226f88162 on 2021-09-12 20:13:44 +0200)
% Termination reason: Refutation

% >>> Input
% Input formulas: 82
% >>> Preprocessing
% Introduced skolems: 17
% Pure predicates: 5
% Unused predicate definitions: 1
% 
% >>> Saturation
% Initial clauses: 93
% Generated clauses: 649
% Active clauses: 195
% Passive clauses: 295
% Final active clauses: 184
% Final passive clauses: 87
% Main loop iterations started: 207
% 
% >>> Simplifying Inferences
% Duplicate literals: 35
% Fw subsumption resolutions: 55
% Fw demodulations: 6
% Bw demodulations: 1
% 
% >>> Deletion Inferences
% Simple tautologies: 14
% Forward subsumptions: 86
% 
% >>> Generating Inferences
% Binary resolution: 265
% Unit resulting resolution: 5
% Forward superposition: 27
% Backward superposition: 12
% Self superposition: 1
% 
% >>> AVATAR
% Split clauses: 20
% Split components: 46
% Sat splitting refutations: 7
% 
% >>> SAT Solver Statistics
% SAT solver clauses: 184
% SAT solver unit clauses: 41
% SAT solver binary clauses: 88
% 
% Memory used [KB]: 10362
% Time elapsed: 0.008 s
% ------------------------------
% ------------------------------
% Time measurement results:
% parsing: 0.001 s
% SAT solver time: 0.001 s
% minimizing solver time: 0.001 s
% congruence closure: 0.002 s ( own 0.001 s ) 
% unit clause index maintenance: 0.001 s
% forward subsumption resolution: 0.001 s
% other: 0.008 s ( own 0.002 s ) 

