i: [1,411,0,2,1,1,0,0] t10_functor1
a: [3,711,0,2,1,411]
s: 711
i: [1,410,0,2,1,1,0,0] t10_functor1
a: [3,716,0,2,1,410]
s: 716
i: [1,409,0,2,1,1,0,0] t10_functor1
a: [3,721,0,2,1,409]
s: 721
i: [1,408,0,2,1,1,0,0] t10_functor1
a: [3,726,0,2,1,408]
s: 726
i: [1,407,0,2,1,1,0,0] t10_functor1
a: [3,731,0,2,1,407]
s: 731
i: [1,406,0,2,1,1,0,0] t10_functor1
a: [3,736,0,2,1,406]
s: 736
i: [1,405,0,2,1,1,0,0] t10_functor1
a: [3,741,0,2,1,405]
s: 741
i: [1,404,0,2,1,1,0,0] t10_functor1
a: [3,746,0,2,1,404]
s: 746
i: [1,416,0,4,1,1,0,0] t10_functor1
a: [3,686,0,4,1,416]
s: 686
i: [1,415,0,4,1,1,0,0] t10_functor1
a: [3,691,0,4,1,415]
s: 691
i: [1,414,0,4,1,1,0,0] t10_functor1
a: [3,696,0,4,1,414]
s: 696
i: [1,413,0,4,1,1,0,0] t10_functor1
a: [3,701,0,4,1,413]
s: 701
i: [1,412,0,4,1,1,0,0] t10_functor1
a: [3,706,0,4,1,412]
s: 706
i: [1,418,0,2,1,0,0,255] spc1_boole
a: [3,751,0,2,1,418]
s: 751
i: [1,419,0,2,1,0,0,255] fc1_xboole_0
a: [3,756,0,2,1,419]
s: 756
i: [1,644,0,2,1,0,0,255] rc2_xboole_0
a: [3,761,0,2,1,644]
s: 761
i: [1,645,0,2,1,0,0,2] existence_l1_struct_0
a: [3,766,0,2,1,645]
s: 766
i: [1,646,0,2,1,0,0,1] existence_l1_altcat_1
a: [3,771,0,2,1,646]
s: 771
i: [1,647,0,2,1,0,0,255] rc1_xboole_0
a: [3,776,0,2,1,647]
s: 776
i: [1,649,0,2,1,0,0,255] rc7_funct_1
a: [3,781,0,2,1,649]
s: 781
i: [1,648,0,2,1,0,0,255] rc7_funct_1
a: [3,786,0,2,1,648]
s: 786
i: [1,651,0,2,1,0,0,255] rc1_relat_1
a: [3,791,0,2,1,651]
s: 791
i: [1,650,0,2,1,0,0,255] rc1_relat_1
a: [3,796,0,2,1,650]
s: 796
i: [1,655,0,2,1,0,0,255] rc4_funct_1
a: [3,801,0,2,1,655]
s: 801
i: [1,654,0,2,1,0,0,255] rc4_funct_1
a: [3,806,0,2,1,654]
s: 806
i: [1,653,0,2,1,0,0,255] rc4_funct_1
a: [3,811,0,2,1,653]
s: 811
i: [1,652,0,2,1,0,0,255] rc4_funct_1
a: [3,816,0,2,1,652]
s: 816
i: [1,658,0,2,1,0,0,1] rc2_altcat_2
a: [3,821,0,2,1,658]
s: 821
i: [1,657,0,2,1,0,0,1] rc2_altcat_2
a: [3,826,0,2,1,657]
s: 826
i: [1,656,0,2,1,0,0,1] rc2_altcat_2
a: [3,831,0,2,1,656]
s: 831
i: [1,660,0,2,1,0,0,255] rc2_relat_1
a: [3,836,0,2,1,660]
s: 836
i: [1,659,0,2,1,0,0,255] rc2_relat_1
a: [3,841,0,2,1,659]
s: 841
i: [1,663,0,2,1,0,0,255] rc3_funct_1
a: [3,846,0,2,1,663]
s: 846
i: [1,662,0,2,1,0,0,255] rc3_funct_1
a: [3,851,0,2,1,662]
s: 851
i: [1,661,0,2,1,0,0,255] rc3_funct_1
a: [3,856,0,2,1,661]
s: 856
i: [1,665,0,2,1,0,0,255] rc1_funct_1
a: [3,861,0,2,1,665]
s: 861
i: [1,664,0,2,1,0,0,255] rc1_funct_1
a: [3,866,0,2,1,664]
s: 866
i: [1,668,0,2,1,0,0,255] rc5_funct_1
a: [3,871,0,2,1,668]
s: 871
i: [1,667,0,2,1,0,0,255] rc5_funct_1
a: [3,876,0,2,1,667]
s: 876
i: [1,666,0,2,1,0,0,255] rc5_funct_1
a: [3,881,0,2,1,666]
s: 881
i: [1,670,0,2,1,0,0,255] rc2_funct_1
a: [3,886,0,2,1,670]
s: 886
i: [1,669,0,2,1,0,0,255] rc2_funct_1
a: [3,891,0,2,1,669]
s: 891
i: [1,674,0,2,1,0,0,255] rc2_funcop_1
a: [3,896,0,2,1,674]
s: 896
i: [1,673,0,2,1,0,0,255] rc2_funcop_1
a: [3,901,0,2,1,673]
s: 901
i: [1,672,0,2,1,0,0,255] rc2_funcop_1
a: [3,906,0,2,1,672]
s: 906
i: [1,671,0,2,1,0,0,255] rc2_funcop_1
a: [3,911,0,2,1,671]
s: 911
i: [1,677,0,2,1,0,0,255] rc1_funcop_1
a: [3,916,0,2,1,677]
s: 916
i: [1,676,0,2,1,0,0,255] rc1_funcop_1
a: [3,921,0,2,1,676]
s: 921
i: [1,675,0,2,1,0,0,255] rc1_funcop_1
a: [3,926,0,2,1,675]
s: 926
i: [1,417,0,9,1,1,0,0] t10_functor1
a: [3,681,0,9,1,417]
s: 681
i: [1,420,0,3,1,0,0,255] fc1_subset_1
s: 420
i: [1,539,0,3,1,0,0,255] rc2_pboole
s: 539
i: [1,540,0,3,1,0,0,255] rc2_pboole
s: 540
i: [1,542,0,3,1,0,0,255] rc2_pboole
s: 542
i: [1,544,0,3,1,0,0,255] rc9_funct_1
s: 544
i: [1,545,0,3,1,0,0,255] rc9_funct_1
s: 545
i: [1,547,0,3,1,0,0,255] rc9_funct_1
s: 547
i: [1,548,0,3,1,0,0,255] rc4_funcop_1
s: 548
i: [1,549,0,3,1,0,0,255] rc4_funcop_1
s: 549
i: [1,551,0,3,1,0,0,255] rc4_funcop_1
s: 551
i: [1,553,0,3,1,0,0,255] rc3_pboole
s: 553
i: [1,554,0,3,1,0,0,255] rc3_pboole
s: 554
i: [1,556,0,3,1,0,0,255] rc3_pboole
s: 556
i: [1,558,0,3,1,0,0,255] rc1_pboole
s: 558
i: [1,560,0,3,1,0,0,255] rc1_pboole
s: 560
i: [1,562,0,3,1,0,0,255] rc4_pboole
s: 562
i: [1,564,0,3,1,0,0,255] rc4_pboole
s: 564
i: [1,566,0,3,1,0,0,255] rc4_pboole
s: 566
i: [1,568,0,3,1,0,0,255] rc2_subset_1
s: 568
i: [1,571,0,3,1,0,0,255] reflexivity_r1_tarski
s: 571
i: [1,473,0,4,2,0,0,1] dt_l1_altcat_1
s: 473
d: [2,928,1,2,1,1,40,473,741]
a: [3,936,1,2,1,928]
s: 936
i: [1,481,0,4,2,0,0,255] cc7_funct_1
s: 481
d: [2,929,1,2,1,1,40,473,726]
a: [3,941,1,2,1,929]
s: 941
i: [1,482,0,4,2,0,0,255] cc1_funct_1
s: 482
i: [1,483,0,4,2,0,0,255] cc1_relat_1
s: 483
d: [2,930,1,2,1,1,40,473,711]
a: [3,946,1,2,1,930]
s: 946
i: [1,538,0,4,1,0,0,255] existence_m1_subset_1
s: 538
d: [2,931,1,2,1,1,40,473,771]
a: [3,951,1,2,1,931]
s: 951
i: [1,541,0,4,1,0,0,255] rc2_pboole
s: 541
i: [1,543,0,4,1,0,0,255] rc2_pboole
s: 543
d: [2,932,1,2,1,1,40,473,831]
a: [3,956,1,2,1,932]
s: 956
i: [1,546,0,4,1,0,0,255] rc9_funct_1
s: 546
d: [2,958,1,2,1,1,40,481,756]
a: [3,964,1,2,1,958]
s: 964
i: [1,550,0,4,1,0,0,255] rc4_funcop_1
s: 550
i: [1,552,0,4,1,0,0,255] rc4_funcop_1
s: 552
d: [2,959,1,2,1,1,40,481,776]
a: [3,969,1,2,1,959]
s: 969
i: [1,555,0,4,1,0,0,255] rc3_pboole
s: 555
d: [2,971,1,2,1,1,40,482,756]
a: [3,977,1,2,1,971]
s: 977
i: [1,557,0,4,1,0,0,255] rc3_pboole
s: 557
i: [1,559,0,4,1,0,0,255] rc1_pboole
s: 559
d: [2,972,1,2,1,1,40,482,776]
a: [3,982,1,2,1,972]
s: 982
i: [1,561,0,4,1,0,0,255] rc1_pboole
s: 561
d: [2,984,1,2,1,1,40,483,756]
a: [3,990,1,2,1,984]
s: 990
i: [1,563,0,4,1,0,0,255] rc4_pboole
s: 563
i: [1,565,0,4,1,0,0,255] rc4_pboole
s: 565
d: [2,985,1,2,1,1,40,483,776]
a: [3,995,1,2,1,985]
s: 995
i: [1,570,0,4,1,0,0,255] rc3_subset_1
s: 570
d: [2,960,1,3,1,0,40,481,568]
s: 960
i: [1,572,0,4,1,0,0,255] fc6_relat_1
s: 572
i: [1,604,0,4,1,0,0,255] rc3_relat_1
s: 604
d: [2,973,1,3,1,0,40,482,568]
s: 973
i: [1,607,0,4,1,0,0,255] rc6_funct_1
s: 607
d: [2,986,1,3,1,0,40,483,568]
s: 986
i: [1,610,0,4,1,0,0,255] rc6_funct_1
s: 610
i: [1,612,0,4,1,0,0,255] rc1_relset_1
s: 612
i: [1,613,0,4,1,0,0,255] rc1_relset_1
s: 613
i: [1,617,0,4,1,0,0,255] rc1_funct_2
s: 617
i: [1,620,0,4,1,0,0,255] rc1_funct_2
s: 620
i: [1,422,0,5,2,0,0,255] rc6_subset_1
s: 422
i: [1,446,0,5,2,0,0,255] rc1_subset_1
s: 446
d: [2,997,1,4,1,0,40,612,483]
s: 997
i: [1,448,0,5,2,0,0,255] rc5_subset_1
s: 448
d: [2,998,1,4,1,0,40,612,482]
s: 998
i: [1,449,0,5,2,0,0,255] rc5_subset_1
s: 449
i: [1,474,0,5,2,0,0,255] dt_u1_altcat_1
s: 474
d: [2,999,1,4,1,0,40,612,481]
s: 999
i: [1,476,0,5,2,0,0,255] dt_u1_altcat_1
s: 476
i: [1,484,0,5,2,0,0,255] t6_boole
s: 484
i: [1,535,0,5,2,0,0,255] t7_boole
s: 535
i: [1,567,0,5,1,0,0,255] rc2_subset_1
s: 567
i: [1,569,0,5,1,0,0,255] rc3_subset_1
s: 569
i: [1,605,0,5,1,0,0,255] rc3_relat_1
s: 605
i: [1,606,0,5,1,0,0,255] rc3_relat_1
s: 606
i: [1,608,0,5,1,0,0,255] rc6_funct_1
s: 608
i: [1,609,0,5,1,0,0,255] rc6_funct_1
s: 609
i: [1,614,0,5,1,0,0,255] rc1_relset_1
s: 614
i: [1,615,0,5,1,0,0,255] rc1_relset_1
s: 615
i: [1,618,0,5,1,0,0,255] rc1_funct_2
s: 618
i: [1,619,0,5,1,0,0,255] rc1_funct_2
s: 619
i: [1,451,0,6,2,0,0,255] rc4_subset_1
s: 451
i: [1,452,0,6,3,0,0,255] cc7_struct_0
s: 452
i: [1,453,0,6,3,0,0,255] cc5_struct_0
s: 453
d: [2,1008,1,4,2,1,40,453,766]
a: [3,1014,1,2,1,1008]
s: 1014
i: [1,455,0,6,3,0,0,255] cc2_struct_0
s: 455
i: [1,456,0,6,3,0,0,255] cc17_struct_0
s: 456
d: [2,1009,2,4,2,1,40,453,951]
a: [3,1023,2,2,1,1009]
s: 1023
i: [1,457,0,6,3,0,0,255] cc6_struct_0
s: 457
i: [1,458,0,6,3,0,0,255] cc1_struct_0
s: 458
i: [1,461,0,6,3,0,0,255] cc4_struct_0
s: 461
i: [1,518,0,6,3,0,0,255] cc3_relat_1
s: 518
d: [2,1040,0,4,2,0,21,518,483]
s: 1040
i: [1,520,0,6,3,0,0,255] cc4_relat_1
s: 520
d: [2,1041,1,2,1,1,40,1040,756]
a: [3,1048,1,2,1,1041]
s: 1048
d: [2,1055,0,4,2,0,21,520,483]
s: 1055
i: [1,530,0,6,2,0,0,255] t1_subset
s: 530
d: [2,1044,1,2,1,1,40,1040,776]
a: [3,1053,1,2,1,1044]
s: 1053
i: [1,574,0,6,2,0,0,255] rc7_pboole
s: 574
d: [2,1057,1,2,1,1,40,1055,756]
a: [3,1064,1,2,1,1057]
s: 1064
i: [1,577,0,6,2,0,0,255] rc7_pboole
s: 577
i: [1,580,0,6,2,0,0,255] rc3_funcop_1
s: 580
d: [2,1060,1,2,1,1,40,1055,776]
a: [3,1069,1,2,1,1060]
s: 1069
i: [1,583,0,6,2,0,0,255] rc3_funcop_1
s: 583
d: [2,1042,1,3,1,0,40,1040,568]
s: 1042
i: [1,588,0,6,2,0,0,255] antisymmetry_r2_hidden
s: 588
i: [1,621,0,6,1,0,0,255] rc1_funct_2
s: 621
d: [2,1058,1,3,1,0,40,1055,568]
s: 1058
i: [1,421,0,7,2,0,0,255] rc6_subset_1
s: 421
d: [2,1043,1,4,1,0,40,1040,612]
s: 1043
i: [1,445,0,7,2,0,0,255] rc1_subset_1
s: 445
i: [1,447,0,7,2,0,0,255] rc5_subset_1
s: 447
d: [2,1059,1,4,1,0,40,1055,612]
s: 1059
i: [1,450,0,7,2,0,0,255] rc4_subset_1
s: 450
i: [1,459,0,7,3,0,0,255] cc8_struct_0
s: 459
i: [1,462,0,7,3,0,0,255] cc11_struct_0
s: 462
i: [1,463,0,7,3,0,0,255] cc11_struct_0
s: 463
i: [1,464,0,7,3,0,0,255] cc9_struct_0
s: 464
i: [1,466,0,7,3,0,0,255] cc8_funct_1
s: 466
d: [2,1080,1,5,2,0,40,466,538]
s: 1080
i: [1,467,0,7,3,0,0,255] cc8_funct_1
s: 467
i: [1,494,0,7,3,0,0,255] fc9_struct_0
s: 494
d: [2,1087,1,5,2,0,40,467,538]
s: 1087
i: [1,495,0,7,3,0,0,255] fc6_struct_0
s: 495
d: [2,1082,1,6,2,0,40,466,569]
s: 1082
i: [1,497,0,7,3,0,0,255] rc22_struct_0
s: 497
i: [1,498,0,7,3,0,0,255] fc2_struct_0
s: 498
d: [2,1089,1,6,2,0,40,467,569]
s: 1089
i: [1,500,0,7,3,0,0,255] rc4_struct_0
s: 500
i: [1,502,0,7,3,0,0,255] rc21_struct_0
s: 502
i: [1,503,0,7,3,0,0,255] rc21_struct_0
s: 503
i: [1,506,0,7,3,0,0,255] fc8_struct_0
s: 506
i: [1,510,0,7,3,0,0,255] fc7_struct_0
s: 510
i: [1,511,0,7,3,0,0,255] fc1_struct_0
s: 511
i: [1,533,0,7,2,0,0,255] t3_subset
s: 533
i: [1,534,0,7,3,0,0,255] t8_boole
s: 534
i: [1,575,0,7,2,0,0,255] rc7_pboole
s: 575
i: [1,576,0,7,2,0,0,255] rc7_pboole
s: 576
i: [1,578,0,7,2,0,0,255] rc7_pboole
s: 578
i: [1,581,0,7,2,0,0,255] rc3_funcop_1
s: 581
i: [1,582,0,7,2,0,0,255] rc3_funcop_1
s: 582
i: [1,584,0,7,2,0,0,255] rc3_funcop_1
s: 584
d: [2,1000,1,7,3,0,44,484,484]
s: 1000
i: [1,468,0,8,3,0,0,255] cc9_funct_1
s: 468
d: [2,1110,1,5,2,0,40,468,569]
s: 1110
i: [1,472,0,8,3,0,0,255] cc5_subset_1
s: 472
i: [1,485,0,8,3,0,0,255] cc1_subset_1
s: 485
d: [2,1117,1,5,2,0,40,472,567]
s: 1117
i: [1,493,0,8,3,0,0,255] cc2_relat_1
s: 493
d: [2,1118,1,5,2,0,40,472,569]
s: 1118
i: [1,509,0,8,4,0,0,255] cc6_funct_1
s: 509
i: [1,516,0,8,4,0,0,255] cc4_funct_1
s: 516
d: [2,1142,0,6,3,0,21,516,482]
d: [2,1143,0,4,2,0,21,1142,483]
s: 1143
i: [1,521,0,8,4,0,0,255] cc5_funct_1
s: 521
d: [2,1144,1,2,1,1,40,1143,756]
a: [3,1152,1,2,1,1144]
s: 1152
i: [1,528,0,8,4,0,0,255] cc3_funcop_1
s: 528
d: [2,1160,0,6,3,0,21,528,482]
d: [2,1161,0,4,2,0,21,1160,483]
s: 1161
d: [2,1148,1,2,1,1,40,1143,776]
a: [3,1157,1,2,1,1148]
s: 1157
i: [1,531,0,8,3,0,0,255] t2_subset
s: 531
d: [2,1162,1,2,1,1,40,1161,756]
a: [3,1170,1,2,1,1162]
s: 1170
i: [1,589,0,8,3,0,0,255] fc10_subset_1
s: 589
i: [1,600,0,8,2,0,0,255] cc1_relset_1
s: 600
d: [2,1166,1,2,1,1,40,1161,776]
a: [3,1175,1,2,1,1166]
s: 1175
i: [1,611,0,8,1,0,0,255] rc1_relset_1
s: 611
d: [2,1146,1,3,1,0,40,1143,568]
s: 1146
i: [1,616,0,8,1,0,0,255] rc1_funct_2
s: 616
i: [1,465,0,9,4,0,0,255] cc10_struct_0
s: 465
d: [2,1164,1,3,1,0,40,1161,568]
s: 1164
i: [1,486,0,9,3,0,0,255] cc4_subset_1
s: 486
d: [2,1147,1,4,1,0,40,1143,612]
s: 1147
i: [1,487,0,9,4,0,0,255] cc8_relat_1
s: 487
i: [1,490,0,9,4,0,0,255] cc7_relat_1
s: 490
d: [2,1165,1,4,1,0,40,1161,612]
s: 1165
i: [1,537,0,9,3,0,0,255] t5_subset
s: 537
d: [2,1126,1,5,2,0,40,485,569]
s: 1126
i: [1,601,0,9,2,0,0,255] cc2_relset_1
s: 601
i: [1,602,0,9,2,0,0,255] cc2_relset_1
s: 602
d: [2,1134,1,5,2,0,40,493,569]
s: 1134
i: [1,475,0,10,2,0,0,255] dt_u1_altcat_1
s: 475
d: [2,1183,1,8,2,0,40,531,567]
d: [2,1190,1,5,1,0,21,1183,420]
s: 1190
i: [1,477,0,10,2,0,0,255] dt_u1_altcat_1
s: 477
i: [1,496,0,10,3,0,0,255] rc22_struct_0
s: 496
d: [2,1184,1,8,2,0,40,531,569]
d: [2,1191,1,5,1,0,21,1184,420]
s: 1191
i: [1,499,0,10,3,0,0,255] rc4_struct_0
s: 499
d: [2,1200,1,5,1,0,40,600,569]
s: 1200
i: [1,501,0,10,3,0,0,255] rc21_struct_0
s: 501
i: [1,529,0,10,4,0,0,255] cc3_funct_1
s: 529
d: [2,1242,1,8,3,0,40,490,541]
d: [2,1254,1,5,2,0,21,1242,539]
s: 1254
i: [1,536,0,10,3,0,0,255] t4_subset
s: 536
d: [2,1243,1,8,3,0,40,490,546]
d: [2,1255,1,5,2,0,21,1243,544]
s: 1255
i: [1,579,0,10,2,0,0,255] rc3_funcop_1
s: 579
i: [1,585,0,10,3,0,0,255] cc4_relset_1
s: 585
d: [2,1244,1,8,3,0,40,490,550]
d: [2,1256,1,5,2,0,21,1244,548]
s: 1256
i: [1,586,0,10,3,0,0,255] cc3_relset_1
s: 586
d: [2,1245,1,8,3,0,40,490,555]
d: [2,1257,1,5,2,0,21,1245,553]
s: 1257
i: [1,593,0,10,3,0,0,255] existence_l1_functor0
s: 593
i: [1,595,0,10,3,0,0,1] existence_l2_functor0
s: 595
d: [2,1246,1,8,3,0,40,490,559]
d: [2,1258,1,5,2,0,21,1246,558]
s: 1258
i: [1,596,0,10,3,0,0,2] rc3_functor0
s: 596
d: [2,1247,1,8,3,0,40,490,563]
d: [2,1259,1,5,2,0,21,1247,562]
s: 1259
i: [1,597,0,10,3,0,0,2] rc3_functor0
s: 597
i: [1,423,0,11,4,0,0,255] cc3_subset_1
s: 423
d: [2,1459,1,9,3,0,40,423,569]
d: [2,1467,1,5,2,0,21,1459,570]
s: 1467
i: [1,424,0,11,4,0,0,255] cc2_subset_1
s: 424
d: [2,1138,2,11,4,0,40,509,1117]
d: [2,1140,2,8,3,0,21,1138,973]
d: [2,1141,2,5,2,0,21,1140,986]
s: 1141
i: [1,471,0,11,5,0,0,255] cc1_funcop_1
s: 471
i: [1,594,0,12,4,0,0,255] dt_l2_functor0
s: 594
d: [2,1485,1,8,3,1,40,594,701]
d: [2,1491,1,6,2,2,21,1485,726]
d: [2,1492,1,4,1,3,21,1491,741]
a: [3,1496,1,4,1,1492]
s: 1496
i: [1,598,0,12,4,0,0,255] cc6_relat_1
s: 598
d: [2,1486,1,8,3,1,40,594,696]
d: [2,1498,1,6,2,2,21,1486,711]
d: [2,1499,1,4,1,3,21,1498,726]
a: [3,1503,1,4,1,1499]
s: 1503
i: [1,599,0,12,4,0,0,255] cc5_relat_1
s: 599
i: [1,532,0,13,3,0,0,255] cc4_funct_2
s: 532
d: [2,1549,1,11,2,0,40,532,616]
d: [2,1550,1,5,1,0,21,1549,621]
s: 1550
i: [1,603,0,13,3,0,0,255] cc1_funct_2
s: 603
d: [2,1275,2,5,2,0,40,1126,481]
s: 1275
i: [1,622,0,13,4,0,0,255] dt_u1_functor0
s: 622
i: [1,625,0,13,4,0,0,255] fc7_functor0
s: 625
d: [2,1276,2,5,2,0,40,1126,482]
s: 1276
i: [1,440,0,14,6,0,0,255] cc5_pboole
s: 440
d: [2,1277,2,5,2,0,40,1126,483]
s: 1277
d: [2,1563,0,12,5,0,21,440,482]
d: [2,1564,0,10,4,0,21,1563,483]
s: 1564
i: [1,573,0,15,4,0,0,255] cc3_funct_2
s: 573
d: [2,1565,1,9,3,0,40,1564,541]
d: [2,1578,1,5,2,0,21,1565,543]
s: 1578
i: [1,587,0,15,4,0,0,255] cc2_funct_2
s: 587
d: [2,1567,1,9,3,0,40,1564,550]
d: [2,1579,1,5,2,0,21,1567,552]
s: 1579
i: [1,426,0,16,7,0,0,255] cc2_pboole
s: 426
i: [1,431,0,16,7,0,0,255] cc4_pboole
s: 431
d: [2,1568,1,9,3,0,40,1564,555]
d: [2,1580,1,5,2,0,21,1568,557]
s: 1580
i: [1,436,0,16,7,0,0,255] cc1_pboole
s: 436
d: [2,1569,1,9,3,0,40,1564,559]
d: [2,1581,1,5,2,0,21,1569,561]
s: 1581
i: [1,478,0,16,5,0,0,1] d33_functor0
s: 478
i: [1,479,0,16,5,0,0,1] d33_functor0
s: 479
d: [2,1668,1,12,4,1,40,478,686]
d: [2,1670,1,8,3,2,21,1668,696]
d: [2,1671,1,6,2,3,21,1670,711]
d: [2,1672,1,4,1,4,21,1671,726]
a: [3,1676,1,4,1,1672]
s: 1676
i: [1,591,0,18,6,0,0,255] cc8_funct_2
s: 591
d: [2,1669,1,12,4,1,40,478,691]
d: [2,1678,1,8,3,2,21,1669,701]
d: [2,1679,1,6,2,3,21,1678,726]
d: [2,1680,1,4,1,4,21,1679,741]
a: [3,1684,1,4,1,1680]
s: 1684
d: [2,1704,0,16,5,0,21,591,482]
s: 1704
i: [1,480,0,20,6,0,0,1] d33_functor0
s: 480
d: [2,1686,1,12,4,1,40,479,686]
d: [2,1688,1,8,3,2,21,1686,696]
d: [2,1689,1,6,2,3,21,1688,711]
d: [2,1690,1,4,1,4,21,1689,726]
a: [3,1694,1,4,1,1690]
s: 1694
i: [1,623,0,23,4,0,0,255] dt_u1_functor0
s: 623
d: [2,1687,1,12,4,1,40,479,691]
d: [2,1696,1,8,3,2,21,1687,701]
d: [2,1697,1,6,2,3,21,1696,726]
d: [2,1698,1,4,1,4,21,1697,741]
a: [3,1702,1,4,1,1698]
s: 1702
i: [1,624,0,25,4,0,0,255] dt_u1_functor0
s: 624
r: 1014
i: [1,627,0,25,5,0,0,255] abstractness_v9_functor0
s: 627
s: 1014
i: [1,626,0,31,4,0,0,255] dt_u2_functor0
s: 626
a: [3,1018,1,2,1,1008]
s: 1018
i: [1,636,0,37,12,0,0,1] dt_k13_functor0
s: 636
i: [1,637,0,37,12,0,0,1] dt_k13_functor0
s: 637
d: [2,1570,1,9,3,0,40,1564,563]
d: [2,1582,1,5,2,0,21,1570,565]
s: 1582
i: [1,634,0,41,13,0,0,1] fc20_functor0
s: 634
d: [2,1614,1,18,6,0,40,426,541]
d: [2,1627,1,14,5,0,21,1614,543]
d: [2,1628,1,11,4,0,21,1627,542]
d: [2,1629,1,8,3,0,21,1628,540]
d: [2,1630,1,5,2,0,21,1629,539]
s: 1630
i: [1,635,0,41,13,0,0,1] fc20_functor0
s: 635
i: [1,638,0,41,13,0,0,255] cc1_functor0
s: 638
d: [2,1616,1,18,6,0,40,426,550]
d: [2,1634,1,14,5,0,21,1616,552]
d: [2,1635,1,11,4,0,21,1634,551]
d: [2,1636,1,8,3,0,21,1635,549]
d: [2,1637,1,5,2,0,21,1636,548]
s: 1637
i: [1,639,0,41,13,0,0,255] dt_m1_functor0
s: 639
d: [2,1617,1,18,6,0,40,426,555]
d: [2,1638,1,14,5,0,21,1617,557]
d: [2,1639,1,11,4,0,21,1638,556]
d: [2,1640,1,8,3,0,21,1639,554]
d: [2,1641,1,5,2,0,21,1640,553]
s: 1641
i: [1,641,0,41,13,0,0,255] dt_m1_functor0
s: 641
i: [1,640,0,42,13,0,0,255] dt_m1_functor0
s: 640
d: [2,1278,2,5,2,0,40,1126,1040]
s: 1278
i: [1,642,0,42,13,0,0,255] dt_m1_functor0
s: 642
d: [2,1279,2,5,2,0,40,1126,1055]
s: 1279
i: [1,643,0,44,12,0,0,255] existence_m1_functor0
s: 643
i: [1,504,0,45,14,0,0,2] t7_functor1
s: 504
d: [2,1280,2,5,2,0,40,1126,1143]
s: 1280
i: [1,505,0,45,14,0,0,2] t6_functor1
s: 505
d: [2,1281,2,5,2,0,40,1126,1161]
s: 1281
i: [1,628,0,57,7,0,0,255] dt_g2_functor0
s: 628
i: [1,629,0,57,7,0,0,255] dt_g2_functor0
s: 629
d: [2,1304,2,5,1,0,40,1190,588]
s: 1304
i: [1,630,0,63,8,0,0,255] free_g2_functor0
s: 630
d: [2,1317,2,5,1,0,40,1191,588]
s: 1317
i: [1,631,0,63,8,0,0,255] free_g2_functor0
s: 631
i: [1,632,0,63,8,0,0,255] free_g2_functor0
s: 632
d: [2,1353,2,5,2,0,40,1254,481]
s: 1353
i: [1,633,0,63,8,0,0,255] free_g2_functor0
s: 633
d: [2,1357,2,5,2,0,40,1254,1055]
s: 1357
d: [2,1108,1,6,2,0,40,468,538]
s: 1108
d: [2,1116,1,6,2,0,40,472,538]
s: 1116
d: [2,1358,2,5,2,0,40,1254,1143]
s: 1358
d: [2,1124,1,6,2,0,40,485,538]
s: 1124
d: [2,1359,2,5,2,0,40,1254,1161]
s: 1359
d: [2,1132,1,6,2,0,40,493,538]
s: 1132
d: [2,1182,1,6,2,0,40,531,538]
s: 1182
d: [2,1373,2,5,2,0,40,1255,481]
s: 1373
d: [2,1198,1,6,1,0,40,600,538]
s: 1198
d: [2,1376,2,5,2,0,40,1255,1040]
s: 1376
d: [2,1229,1,6,2,0,40,486,567]
s: 1229
d: [2,1234,1,10,3,0,40,487,606]
d: [2,1239,1,6,2,0,21,1234,604]
s: 1239
d: [2,1378,2,5,2,0,40,1255,1143]
s: 1378
d: [2,1235,1,10,3,0,40,487,609]
d: [2,1240,1,6,2,0,21,1235,607]
s: 1240
d: [2,1379,2,5,2,0,40,1255,1161]
s: 1379
d: [2,1237,1,10,3,0,40,487,619]
d: [2,1241,1,6,2,0,21,1237,617]
s: 1241
d: [2,1249,1,10,3,0,40,490,605]
d: [2,1261,1,6,2,0,21,1249,604]
s: 1261
d: [2,1408,2,5,2,0,40,1256,481]
s: 1408
d: [2,1250,1,10,3,0,40,490,608]
d: [2,1262,1,6,2,0,21,1250,607]
s: 1262
d: [2,1411,2,5,2,0,40,1256,1040]
s: 1411
d: [2,1252,1,10,3,0,40,490,618]
d: [2,1263,1,6,2,0,21,1252,617]
s: 1263
d: [2,1271,1,6,2,0,40,537,567]
s: 1271
d: [2,1413,2,5,2,0,40,1256,1143]
s: 1413
d: [2,1272,1,6,2,0,40,537,569]
s: 1272
d: [2,1414,2,5,2,0,40,1256,1161]
s: 1414
d: [2,1288,1,6,1,0,40,601,567]
s: 1288
d: [2,1289,1,6,1,0,40,601,569]
s: 1289
d: [2,1428,2,5,2,0,40,1257,481]
s: 1428
d: [2,1298,1,6,1,0,40,602,567]
s: 1298
d: [2,1431,2,5,2,0,40,1257,1040]
s: 1431
d: [2,1299,1,6,1,0,40,602,569]
s: 1299
d: [2,1405,1,6,2,0,40,585,616]
s: 1405
d: [2,1433,2,5,2,0,40,1257,1143]
s: 1433
d: [2,1397,1,11,3,0,40,585,445]
d: [2,1406,1,6,2,0,21,1397,446]
s: 1406
d: [2,1434,2,5,2,0,40,1257,1161]
s: 1434
d: [2,1398,1,11,3,0,40,585,447]
d: [2,1407,1,6,2,0,21,1398,448]
s: 1407
d: [2,1425,1,6,2,0,40,586,616]
s: 1425
d: [2,1435,2,5,2,0,40,1258,481]
s: 1435
d: [2,1417,1,11,3,0,40,586,445]
d: [2,1426,1,6,2,0,21,1417,446]
s: 1426
d: [2,1438,2,5,2,0,40,1258,1040]
s: 1438
d: [2,1418,1,11,3,0,40,586,447]
d: [2,1427,1,6,2,0,21,1418,448]
s: 1427
d: [2,1458,1,9,3,0,40,423,567]
d: [2,1466,1,6,2,0,21,1458,568]
s: 1466
d: [2,1439,2,5,2,0,40,1258,1055]
s: 1439
d: [2,1472,1,14,4,0,40,471,609]
d: [2,1479,1,10,3,0,21,1472,610]
d: [2,1480,1,6,2,0,21,1479,607]
s: 1480
d: [2,1440,2,5,2,0,40,1258,1143]
s: 1440
d: [2,1474,1,14,4,0,40,471,619]
d: [2,1481,1,10,3,0,21,1474,620]
d: [2,1482,1,6,2,0,21,1481,617]
s: 1482
d: [2,1095,1,7,3,0,40,511,1055]
s: 1095
d: [2,1441,2,5,2,0,40,1258,1161]
s: 1441
d: [2,1096,1,7,3,0,40,511,1040]
s: 1096
d: [2,1442,2,5,2,0,40,1259,481]
s: 1442
d: [2,1097,1,7,3,0,40,511,483]
s: 1097
d: [2,1098,1,7,3,0,40,511,482]
s: 1098
d: [2,1445,2,5,2,0,40,1259,1040]
s: 1445
d: [2,1099,1,7,3,0,40,511,481]
s: 1099
d: [2,1446,2,5,2,0,40,1259,1055]
s: 1446
d: [2,1103,1,7,3,0,40,468,533]
s: 1103
d: [2,1104,1,7,3,0,40,468,421]
s: 1104
d: [2,1447,2,5,2,0,40,1259,1143]
s: 1447
d: [2,1105,1,7,3,0,40,468,445]
s: 1105
d: [2,1860,2,6,2,0,40,1124,481]
s: 1860
d: [2,1106,1,7,3,0,40,468,447]
s: 1106
d: [2,1107,1,7,3,0,40,468,450]
s: 1107
d: [2,1861,2,6,2,0,40,1124,482]
s: 1861
d: [2,1111,1,7,3,0,40,472,533]
s: 1111
d: [2,1862,2,6,2,0,40,1124,483]
s: 1862
d: [2,1113,1,7,3,0,40,472,445]
s: 1113
d: [2,1115,1,7,3,0,40,472,450]
s: 1115
d: [2,1863,2,6,2,0,40,1124,1040]
s: 1863
d: [2,1119,1,7,3,0,40,485,533]
s: 1119
d: [2,1864,2,6,2,0,40,1124,1055]
s: 1864
d: [2,1120,1,7,3,0,40,485,421]
s: 1120
d: [2,1127,1,7,3,0,40,493,533]
s: 1127
d: [2,1865,2,6,2,0,40,1124,1143]
s: 1865
d: [2,1128,1,7,3,0,40,493,421]
s: 1128
d: [2,1866,2,6,2,0,40,1124,1161]
s: 1866
d: [2,1129,1,7,3,0,40,493,445]
s: 1129
d: [2,1130,1,7,3,0,40,493,447]
s: 1130
d: [2,1867,2,6,2,0,40,1182,588]
s: 1867
d: [2,1131,1,7,3,0,40,493,450]
s: 1131
d: [2,1870,2,6,2,0,40,1239,481]
s: 1870
d: [2,1145,1,7,3,0,40,1143,511]
s: 1145
d: [2,1163,1,7,3,0,40,1161,511]
s: 1163
d: [2,1871,2,6,2,0,40,1239,482]
s: 1871
d: [2,1177,1,10,3,0,40,531,533]
d: [2,1185,1,7,2,0,21,1177,420]
s: 1185
d: [2,1873,2,6,2,0,40,1239,1040]
s: 1873
d: [2,1178,1,10,3,0,40,531,421]
d: [2,1186,1,7,2,0,21,1178,420]
s: 1186
d: [2,1179,1,10,3,0,40,531,445]
d: [2,1187,1,7,2,0,21,1179,420]
s: 1187
d: [2,1874,2,6,2,0,40,1239,1055]
s: 1874
d: [2,1180,1,10,3,0,40,531,447]
d: [2,1188,1,7,2,0,21,1180,420]
s: 1188
d: [2,1875,2,6,2,0,40,1239,1143]
s: 1875
d: [2,1181,1,10,3,0,40,531,450]
d: [2,1189,1,7,2,0,21,1181,420]
s: 1189
d: [2,1193,1,7,2,0,40,600,533]
s: 1193
d: [2,1876,2,6,2,0,40,1239,1161]
s: 1876
d: [2,1228,1,7,2,0,40,486,538]
s: 1228
d: [2,1877,2,6,2,0,40,1240,481]
s: 1877
d: [2,1270,1,7,2,0,40,537,538]
s: 1270
d: [2,1287,1,7,1,0,40,601,538]
s: 1287
d: [2,1880,2,6,2,0,40,1240,1040]
s: 1880
d: [2,1297,1,7,1,0,40,602,538]
s: 1297
d: [2,1881,2,6,2,0,40,1240,1055]
s: 1881
d: [2,1350,1,7,3,0,40,529,569]
s: 1350
d: [2,1369,1,7,2,0,40,536,567]
s: 1369
d: [2,1882,2,6,2,0,40,1240,1143]
s: 1882
d: [2,1370,1,7,2,0,40,536,569]
s: 1370
d: [2,1883,2,6,2,0,40,1240,1161]
s: 1883
d: [2,1402,1,7,2,0,40,585,569]
s: 1402
d: [2,1422,1,7,2,0,40,586,569]
s: 1422
d: [2,1884,2,6,2,0,40,1241,481]
s: 1884
d: [2,1574,1,11,3,0,40,1564,614]
d: [2,1584,1,7,2,0,21,1574,612]
s: 1584
d: [2,1887,2,6,2,0,40,1241,1040]
s: 1887
d: [2,1597,1,13,3,0,40,573,616]
d: [2,1599,1,7,2,0,21,1597,621]
s: 1599
d: [2,1611,1,13,3,0,40,587,616]
d: [2,1612,1,7,2,0,21,1611,621]
s: 1612
d: [2,1888,2,6,2,0,40,1241,1055]
s: 1888
d: [2,1623,1,23,6,0,40,426,614]
d: [2,1654,1,19,5,0,21,1623,998]
d: [2,1655,1,15,4,0,21,1654,1059]
d: [2,1656,1,11,3,0,21,1655,1043]
d: [2,1657,1,7,2,0,21,1656,613]
s: 1657
d: [2,1889,2,6,2,0,40,1241,1143]
s: 1889
d: [2,1076,1,8,3,0,40,466,421]
s: 1076
d: [2,1077,1,8,3,0,40,466,445]
s: 1077
d: [2,1890,2,6,2,0,40,1241,1161]
s: 1890
d: [2,1078,1,8,3,0,40,466,447]
s: 1078
d: [2,1891,2,6,2,0,40,1261,481]
s: 1891
d: [2,1079,1,8,3,0,40,466,450]
s: 1079
d: [2,1083,1,8,3,0,40,467,421]
s: 1083
d: [2,1892,2,6,2,0,40,1261,482]
s: 1892
d: [2,1084,1,8,3,0,40,467,445]
s: 1084
d: [2,1894,2,6,2,0,40,1261,1040]
s: 1894
d: [2,1085,1,8,3,0,40,467,447]
s: 1085
d: [2,1086,1,8,3,0,40,467,450]
s: 1086
d: [2,1895,2,6,2,0,40,1261,1055]
s: 1895
d: [2,1101,1,8,3,0,40,533,467]
s: 1101
d: [2,2009,2,5,2,0,40,1101,571]
s: 2009
d: [2,1102,1,8,3,0,40,533,466]
s: 1102
d: [2,1204,1,8,2,0,40,611,472]
s: 1204
d: [2,2010,2,5,2,0,40,1102,571]
s: 2010
d: [2,1206,1,13,2,0,40,611,531]
d: [2,1209,1,8,1,0,21,1206,420]
s: 1209
d: [2,1896,2,6,2,0,40,1261,1143]
s: 1896
d: [2,1212,1,8,2,0,40,616,485]
s: 1212
d: [2,1213,1,8,2,0,40,616,472]
s: 1213
d: [2,1897,2,6,2,0,40,1261,1161]
s: 1897
d: [2,1214,1,8,2,0,40,616,468]
s: 1214
d: [2,1898,2,6,2,0,40,1262,481]
s: 1898
d: [2,1215,1,13,2,0,40,616,531]
d: [2,1218,1,8,1,0,21,1215,420]
s: 1218
d: [2,1223,1,8,3,0,40,486,533]
s: 1223
d: [2,2019,2,5,2,0,40,1223,571]
s: 2019
d: [2,1224,1,8,3,0,40,486,421]
s: 1224
d: [2,1901,2,6,2,0,40,1262,1040]
s: 1901
d: [2,1248,1,12,4,0,40,490,581]
d: [2,1260,1,8,3,0,21,1248,580]
s: 1260
d: [2,1253,1,12,4,0,40,490,575]
d: [2,1264,1,8,3,0,21,1253,574]
s: 1264
d: [2,1902,2,6,2,0,40,1262,1055]
s: 1902
d: [2,1265,1,8,3,0,40,537,533]
s: 1265
d: [2,1903,2,6,2,0,40,1262,1143]
s: 1903
d: [2,1266,1,8,3,0,40,537,421]
s: 1266
d: [2,1282,1,8,2,0,40,601,533]
s: 1282
d: [2,2036,2,5,1,0,40,1282,571]
s: 2036
d: [2,1292,1,8,2,0,40,602,533]
s: 1292
d: [2,2041,2,5,1,0,40,1292,571]
s: 2041
d: [2,1348,1,8,3,0,40,529,538]
s: 1348
d: [2,1368,1,8,2,0,40,536,538]
s: 1368
d: [2,1904,2,6,2,0,40,1262,1161]
s: 1904
d: [2,1400,1,8,2,0,40,585,538]
s: 1400
d: [2,1906,2,6,2,0,40,1263,481]
s: 1906
d: [2,1420,1,8,2,0,40,586,538]
s: 1420
d: [2,1423,1,8,3,0,40,586,579]
s: 1423
d: [2,1909,2,6,2,0,40,1263,1040]
s: 1909
d: [2,1470,1,16,5,0,40,471,582]
d: [2,1476,1,12,4,0,21,1470,583]
d: [2,1477,1,8,3,0,21,1476,580]
s: 1477
d: [2,1910,2,6,2,0,40,1263,1055]
s: 1910
d: [2,1475,1,16,5,0,40,471,576]
d: [2,1483,1,12,4,0,21,1475,577]
d: [2,1484,1,8,3,0,21,1483,574]
s: 1484
d: [2,1559,1,13,3,0,40,603,579]
d: [2,1562,1,8,2,0,21,1559,584]
s: 1562
d: [2,1911,2,6,2,0,40,1263,1143]
s: 1911
d: [2,1571,1,13,4,0,40,1564,581]
d: [2,1583,1,8,3,0,21,1571,584]
s: 1583
d: [2,1912,2,6,2,0,40,1263,1161]
s: 1912
d: [2,1576,1,13,4,0,40,1564,575]
d: [2,1585,1,8,3,0,21,1576,578]
s: 1585
d: [2,1618,1,18,6,0,40,426,559]
d: [2,1642,1,14,5,0,21,1618,561]
d: [2,1643,1,11,4,0,21,1642,560]
d: [2,1644,1,8,3,0,21,1643,558]
s: 1644
d: [2,1936,2,6,2,0,40,1406,481]
s: 1936
d: [2,1619,1,18,6,0,40,426,563]
d: [2,1645,1,14,5,0,21,1619,565]
d: [2,1646,1,11,4,0,21,1645,564]
d: [2,1647,1,8,3,0,21,1646,562]
s: 1647
d: [2,1937,2,6,2,0,40,1406,482]
s: 1937
d: [2,1715,1,14,4,0,40,1704,616]
d: [2,1720,1,8,3,0,21,1715,621]
s: 1720
d: [2,1072,1,9,4,0,44,459,484]
s: 1072
d: [2,1939,2,6,2,0,40,1406,1040]
s: 1939
d: [2,1074,1,9,4,0,44,464,484]
s: 1074
d: [2,1940,2,6,2,0,40,1406,1055]
s: 1940
d: [2,1194,1,9,2,0,40,600,421]
s: 1194
d: [2,1195,1,9,2,0,40,600,445]
s: 1195
d: [2,1941,2,6,2,0,40,1406,1143]
s: 1941
d: [2,1196,1,9,2,0,40,600,447]
s: 1196
d: [2,1942,2,6,2,0,40,1406,1161]
s: 1942
d: [2,1197,1,9,2,0,40,600,450]
s: 1197
d: [2,1273,1,9,2,0,40,537,611]
s: 1273
d: [2,1944,2,6,2,0,40,1426,481]
s: 1944
d: [2,1274,1,9,2,0,40,537,616]
s: 1274
d: [2,1945,2,6,2,0,40,1426,482]
s: 1945
d: [2,1340,1,9,4,0,40,529,533]
s: 1340
d: [2,1341,1,9,4,0,40,529,421]
s: 1341
d: [2,1947,2,6,2,0,40,1426,1040]
s: 1947
d: [2,1342,1,9,4,0,40,529,445]
s: 1342
d: [2,1948,2,6,2,0,40,1426,1055]
s: 1948
d: [2,1343,1,9,4,0,40,529,447]
s: 1343
d: [2,1344,1,9,4,0,40,529,450]
s: 1344
d: [2,1949,2,6,2,0,40,1426,1143]
s: 1949
d: [2,1360,1,9,3,0,40,536,533]
s: 1360
d: [2,1950,2,6,2,0,40,1426,1161]
s: 1950
d: [2,1361,1,9,3,0,40,536,421]
s: 1361
d: [2,1362,1,9,3,0,40,536,445]
s: 1362
d: [2,1925,2,12,3,0,40,1289,490]
d: [2,1927,2,7,2,0,21,1925,1200]
s: 1927
d: [2,1363,1,9,3,0,40,536,447]
s: 1363
d: [2,1932,2,12,3,0,40,1299,487]
d: [2,1934,2,7,2,0,21,1932,1200]
s: 1934
d: [2,1364,1,9,3,0,40,536,450]
s: 1364
d: [2,1395,1,9,3,0,40,585,533]
s: 1395
d: [2,1957,2,7,3,0,40,1120,481]
s: 1957
d: [2,1415,1,9,3,0,40,586,533]
s: 1415
d: [2,1958,2,7,3,0,40,1120,482]
s: 1958
d: [2,1514,1,9,3,0,40,598,567]
s: 1514
d: [2,1515,1,9,3,0,40,598,569]
s: 1515
d: [2,1959,2,7,3,0,40,1120,483]
s: 1959
d: [2,1531,1,9,3,0,40,599,567]
s: 1531
d: [2,1960,2,7,3,0,40,1120,1040]
s: 1960
d: [2,1532,1,9,3,0,40,599,569]
s: 1532
d: [2,1566,1,9,3,0,40,1564,546]
s: 1566
d: [2,1961,2,7,3,0,40,1120,1055]
s: 1961
d: [2,1615,1,18,6,0,40,426,546]
d: [2,1631,1,15,5,0,21,1615,547]
d: [2,1632,1,12,4,0,21,1631,545]
d: [2,1633,1,9,3,0,21,1632,544]
s: 1633
d: [2,1962,2,7,3,0,40,1120,1143]
s: 1962
d: [2,1283,1,10,2,0,40,601,421]
s: 1283
d: [2,1284,1,10,2,0,40,601,445]
s: 1284
d: [2,1963,2,7,3,0,40,1120,1161]
s: 1963
d: [2,1285,1,10,2,0,40,601,447]
s: 1285
d: [2,1965,2,7,2,0,40,1185,588]
s: 1965
d: [2,1286,1,10,2,0,40,601,450]
s: 1286
d: [2,1293,1,10,2,0,40,602,421]
s: 1293
d: [2,1968,2,7,2,0,40,1186,588]
s: 1968
d: [2,1294,1,10,2,0,40,602,445]
s: 1294
d: [2,1971,2,7,2,0,40,1187,588]
s: 1971
d: [2,1295,1,10,2,0,40,602,447]
s: 1295
d: [2,1296,1,10,2,0,40,602,450]
s: 1296
d: [2,1974,2,7,2,0,40,1188,588]
s: 1974
d: [2,1309,1,10,4,0,40,496,493]
s: 1309
d: [2,1977,2,7,2,0,40,1189,588]
s: 1977
d: [2,1310,1,10,4,0,40,496,485]
s: 1310
d: [2,1312,1,10,4,0,40,496,468]
s: 1312
d: [2,1994,2,7,2,0,40,1402,481]
s: 1994
d: [2,1313,1,14,4,0,40,496,531]
d: [2,1316,1,10,3,0,21,1313,420]
s: 1316
d: [2,1995,2,7,2,0,40,1402,482]
s: 1995
d: [2,1322,1,10,4,0,40,499,493]
s: 1322
d: [2,1324,1,10,4,0,40,499,472]
s: 1324
d: [2,1997,2,7,2,0,40,1402,1040]
s: 1997
d: [2,1325,1,10,4,0,40,499,468]
s: 1325
d: [2,1998,2,7,2,0,40,1402,1055]
s: 1998
d: [2,1326,1,14,4,0,40,499,531]
d: [2,1329,1,10,3,0,21,1326,420]
s: 1329
d: [2,1332,1,10,4,0,40,501,493]
s: 1332
d: [2,1999,2,7,2,0,40,1402,1143]
s: 1999
d: [2,1335,1,10,4,0,40,501,468]
s: 1335
d: [2,2000,2,7,2,0,40,1402,1161]
s: 2000
d: [2,1336,1,14,4,0,40,501,531]
d: [2,1339,1,10,3,0,21,1336,420]
s: 1339
d: [2,1371,1,10,2,0,40,536,611]
s: 1371
d: [2,2002,2,7,2,0,40,1422,481]
s: 2002
d: [2,1372,1,10,2,0,40,536,616]
s: 1372
d: [2,2003,2,7,2,0,40,1422,482]
s: 2003
d: [2,1383,1,10,3,0,40,579,468]
s: 1383
d: [2,1384,1,10,3,0,40,579,472]
s: 1384
d: [2,2005,2,7,2,0,40,1422,1040]
s: 2005
d: [2,1385,1,10,3,0,40,579,485]
s: 1385
d: [2,2006,2,7,2,0,40,1422,1055]
s: 2006
d: [2,1391,1,15,3,0,40,579,531]
d: [2,1394,1,10,2,0,21,1391,420]
s: 1394
d: [2,1449,1,10,4,0,40,423,533]
s: 1449
d: [2,2007,2,7,2,0,40,1422,1143]
s: 2007
d: [2,1471,1,14,4,0,40,471,606]
d: [2,1478,1,10,3,0,21,1471,604]
s: 1478
d: [2,2008,2,7,2,0,40,1422,1161]
s: 2008
d: [2,1488,1,14,5,0,40,594,596]
d: [2,1489,1,10,3,0,18,1488]
s: 1489
d: [2,1487,1,14,5,0,40,594,595]
d: [2,1490,1,10,3,0,18,1487]
s: 1490
d: [2,2087,2,10,3,0,40,1362,1182]
d: [2,2088,2,7,2,0,21,2087,446]
s: 2088
d: [2,1513,1,10,3,0,40,598,538]
s: 1513
d: [2,2089,2,10,3,0,40,1363,1182]
d: [2,2090,2,7,2,0,21,2089,448]
s: 2090
d: [2,1517,1,14,3,0,40,598,611]
d: [2,1520,1,10,2,0,21,1517,572]
s: 1520
d: [2,1518,1,14,3,0,40,598,616]
d: [2,1521,1,10,2,0,21,1518,572]
s: 1521
d: [2,2185,3,9,3,0,40,2088,531]
d: [2,2209,3,7,2,0,18,2185]
s: 2209
d: [2,1530,1,10,3,0,40,599,538]
s: 1530
d: [2,2189,3,10,3,0,40,2088,468]
d: [2,2211,3,7,2,0,21,2189,420]
s: 2211
d: [2,1534,1,14,3,0,40,599,611]
d: [2,1537,1,10,2,0,21,1534,572]
s: 1537
d: [2,1535,1,14,3,0,40,599,616]
d: [2,1538,1,10,2,0,21,1535,572]
s: 1538
d: [2,2190,3,10,3,0,40,2088,472]
d: [2,2212,3,7,2,0,21,2190,420]
s: 2212
d: [2,1714,1,14,4,0,40,1704,611]
d: [2,1719,1,10,3,0,21,1714,612]
s: 1719
d: [2,2191,3,10,3,0,40,2088,485]
d: [2,2213,3,7,2,0,21,2191,420]
s: 2213
d: [2,1136,1,11,4,0,40,509,449]
s: 1136
d: [2,1231,1,11,2,0,40,486,611]
s: 1231
d: [2,2193,3,10,3,0,40,2088,493]
d: [2,2215,3,7,2,0,21,2193,420]
s: 2215
d: [2,1232,1,11,2,0,40,486,616]
s: 1232
d: [2,2203,3,12,2,0,40,2088,600]
d: [2,2225,3,7,1,0,21,2203,420]
s: 2225
d: [2,1302,1,14,4,0,40,475,490]
d: [2,1303,1,11,3,0,21,1302,474]
s: 1303
d: [2,1307,1,11,4,0,40,496,537]
s: 1307
d: [2,2235,3,9,3,0,40,2090,531]
d: [2,2259,3,7,2,0,18,2235]
s: 2259
d: [2,1314,1,11,4,0,40,496,467]
s: 1314
d: [2,2239,3,10,3,0,40,2090,468]
d: [2,2261,3,7,2,0,21,2239,420]
s: 2261
d: [2,1315,1,11,4,0,40,496,466]
s: 1315
d: [2,1327,1,11,4,0,40,499,467]
s: 1327
d: [2,2240,3,10,3,0,40,2090,472]
d: [2,2262,3,7,2,0,21,2240,420]
s: 2262
d: [2,1328,1,11,4,0,40,499,466]
s: 1328
d: [2,2241,3,10,3,0,40,2090,485]
d: [2,2263,3,7,2,0,21,2241,420]
s: 2263
d: [2,1337,1,11,4,0,40,501,467]
s: 1337
d: [2,1338,1,11,4,0,40,501,466]
s: 1338
d: [2,2243,3,10,3,0,40,2090,493]
d: [2,2265,3,7,2,0,21,2243,420]
s: 2265
d: [2,1390,1,11,3,0,40,579,537]
s: 1390
d: [2,2253,3,12,2,0,40,2090,600]
d: [2,2275,3,7,1,0,21,2253,420]
s: 2275
d: [2,1396,1,11,3,0,40,585,421]
s: 1396
d: [2,1399,1,11,3,0,40,585,450]
s: 1399
d: [2,2283,4,7,2,0,40,2209,588]
s: 2283
d: [2,1416,1,11,3,0,40,586,421]
s: 1416
d: [2,2311,4,7,2,0,40,2213,481]
s: 2311
d: [2,1419,1,11,3,0,40,586,450]
s: 1419
d: [2,1450,1,11,4,0,40,423,421]
s: 1450
d: [2,2312,4,7,2,0,40,2213,482]
s: 2312
d: [2,1457,1,11,3,0,40,423,538]
s: 1457
d: [2,2313,4,7,2,0,40,2213,483]
s: 2313
d: [2,1461,1,15,3,0,40,423,611]
d: [2,1468,1,11,2,0,21,1461,612]
s: 1468
d: [2,1505,1,11,4,0,40,598,533]
s: 1505
d: [2,2314,4,7,2,0,40,2213,1040]
s: 2314
d: [2,1506,1,11,4,0,40,598,421]
s: 1506
d: [2,2315,4,7,2,0,40,2213,1055]
s: 2315
d: [2,1507,1,11,4,0,40,598,445]
s: 1507
d: [2,1508,1,11,4,0,40,598,447]
s: 1508
d: [2,2316,4,7,2,0,40,2213,1143]
s: 2316
d: [2,1509,1,11,4,0,40,598,450]
s: 1509
d: [2,2317,4,7,2,0,40,2213,1161]
s: 2317
d: [2,1522,1,11,4,0,40,599,533]
s: 1522
d: [2,1523,1,11,4,0,40,599,421]
s: 1523
d: [2,2325,4,7,2,0,40,2259,588]
s: 2325
d: [2,1524,1,11,4,0,40,599,445]
s: 1524
d: [2,2347,4,7,2,0,40,2263,481]
s: 2347
d: [2,1525,1,11,4,0,40,599,447]
s: 1525
d: [2,1526,1,11,4,0,40,599,450]
s: 1526
d: [2,2348,4,7,2,0,40,2263,482]
s: 2348
d: [2,1548,1,11,2,0,40,532,611]
s: 1548
d: [2,2349,4,7,2,0,40,2263,483]
s: 2349
d: [2,1560,1,11,2,0,40,603,611]
s: 1560
d: [2,1572,1,11,3,0,40,1564,605]
s: 1572
d: [2,2350,4,7,2,0,40,2263,1040]
s: 2350
d: [2,1573,1,11,3,0,40,1564,608]
s: 1573
d: [2,2351,4,7,2,0,40,2263,1055]
s: 2351
d: [2,1575,1,11,3,0,40,1564,618]
s: 1575
d: [2,1577,1,19,4,0,40,1564,475]
d: [2,1586,1,11,3,0,21,1577,477]
s: 1586
d: [2,2413,2,6,2,0,40,1575,1550]
s: 2413
d: [2,1711,1,16,4,0,40,1704,567]
d: [2,1718,1,11,3,0,21,1711,568]
s: 1718
d: [2,2352,4,7,2,0,40,2263,1143]
s: 2352
d: [2,1308,1,12,4,0,40,496,486]
s: 1308
d: [2,1365,1,12,4,0,40,536,496]
s: 1365
d: [2,2353,4,7,2,0,40,2263,1161]
s: 2353
d: [2,1366,1,12,4,0,40,536,499]
s: 1366
d: [2,1915,2,28,6,0,40,1288,426]
d: [2,1918,2,23,5,0,21,1915,973]
d: [2,1919,2,18,4,0,21,1918,1058]
d: [2,1920,2,13,3,0,21,1919,1042]
d: [2,1921,2,8,2,0,21,1920,986]
s: 1921
d: [2,1367,1,12,4,0,40,536,501]
s: 1367
d: [2,1389,1,12,3,0,40,579,536]
s: 1389
d: [2,1916,2,13,3,0,40,1288,1564]
d: [2,1922,2,8,2,0,21,1916,568]
s: 1922
d: [2,1516,1,16,4,0,40,598,579]
d: [2,1519,1,12,3,0,21,1516,572]
s: 1519
d: [2,1984,2,14,3,0,40,1287,490]
d: [2,1986,2,8,2,0,21,1984,1198]
s: 1986
d: [2,1533,1,16,4,0,40,599,579]
d: [2,1536,1,12,3,0,21,1533,572]
s: 1536
d: [2,1539,1,12,3,0,40,532,533]
s: 1539
d: [2,1988,2,14,3,0,40,1297,487]
d: [2,1990,2,8,2,0,21,1988,1198]
s: 1990
d: [2,1551,1,12,3,0,40,603,533]
s: 1551
d: [2,1992,2,8,2,0,40,1370,1182]
s: 1992
d: [2,1620,1,25,7,0,40,426,581]
d: [2,1648,1,20,6,0,21,1620,584]
d: [2,1649,1,16,5,0,21,1648,583]
d: [2,1650,1,12,4,0,21,1649,580]
s: 1650
d: [2,1625,1,25,7,0,40,426,575]
d: [2,1660,1,20,6,0,21,1625,578]
d: [2,1661,1,16,5,0,21,1660,577]
d: [2,1662,1,12,4,0,21,1661,574]
s: 1662
d: [2,2011,2,8,1,0,40,1209,588]
s: 2011
d: [2,1135,1,13,5,0,40,509,510]
s: 1135
d: [2,2016,2,8,1,0,40,1218,588]
s: 2016
d: [2,1137,1,13,5,0,40,509,503]
s: 1137
d: [2,1345,1,13,5,0,40,529,496]
s: 1345
d: [2,2020,2,8,3,0,40,1260,481]
s: 2020
d: [2,1346,1,13,5,0,40,529,499]
s: 1346
d: [2,2023,2,8,3,0,40,1260,1040]
s: 2023
d: [2,1347,1,13,5,0,40,529,501]
s: 1347
d: [2,1386,1,13,3,0,40,579,486]
s: 1386
d: [2,2024,2,8,3,0,40,1260,1055]
s: 2024
d: [2,1545,1,13,2,0,40,532,567]
s: 1545
d: [2,2025,2,8,3,0,40,1260,1143]
s: 2025
d: [2,1546,1,13,2,0,40,532,569]
s: 1546
d: [2,1557,1,13,2,0,40,603,567]
s: 1557
d: [2,2026,2,8,3,0,40,1260,1161]
s: 2026
d: [2,1558,1,13,2,0,40,603,569]
s: 1558
d: [2,2027,2,8,3,0,40,1264,481]
s: 2027
d: [2,1596,1,13,3,0,40,573,611]
s: 1596
d: [2,1610,1,13,3,0,40,587,611]
s: 1610
d: [2,2030,2,8,3,0,40,1264,1040]
s: 2030
d: [2,1727,1,13,4,0,40,624,600]
s: 1727
d: [2,2031,2,8,3,0,40,1264,1055]
s: 2031
d: [2,1738,1,25,5,0,40,624,493]
d: [2,1752,1,13,4,0,21,1738,572]
s: 1752
d: [2,1587,1,14,4,0,40,573,533]
s: 1587
d: [2,2032,2,8,3,0,40,1264,1143]
s: 2032
d: [2,1601,1,14,4,0,40,587,533]
s: 1601
d: [2,2033,2,8,3,0,40,1264,1161]
s: 2033
d: [2,1626,1,28,7,0,40,426,475]
d: [2,1663,1,20,6,0,21,1626,477]
d: [2,1664,1,17,5,0,21,1663,476]
d: [2,1665,1,14,4,0,21,1664,474]
s: 1665
d: [2,1713,1,16,5,0,40,1704,579]
d: [2,1716,1,14,4,0,18,1713]
s: 1716
d: [2,2046,2,8,2,0,40,1400,481]
s: 2046
d: [2,1454,1,15,5,0,40,423,496]
s: 1454
d: [2,2047,2,8,2,0,40,1400,482]
s: 2047
d: [2,1462,1,15,3,0,40,423,616]
s: 1462
d: [2,1510,1,15,5,0,40,598,496]
s: 1510
d: [2,2049,2,8,2,0,40,1400,1040]
s: 2049
d: [2,1511,1,15,5,0,40,598,499]
s: 1511
d: [2,2050,2,8,2,0,40,1400,1055]
s: 2050
d: [2,1512,1,15,5,0,40,598,501]
s: 1512
d: [2,1527,1,15,5,0,40,599,496]
s: 1527
d: [2,2051,2,8,2,0,40,1400,1143]
s: 2051
d: [2,1528,1,15,5,0,40,599,499]
s: 1528
d: [2,2052,2,8,2,0,40,1400,1161]
s: 2052
d: [2,1529,1,15,5,0,40,599,501]
s: 1529
d: [2,1544,1,15,2,0,40,532,538]
s: 1544
d: [2,2053,2,8,2,0,40,1420,481]
s: 2053
d: [2,1556,1,15,2,0,40,603,538]
s: 1556
d: [2,2054,2,8,2,0,40,1420,482]
s: 2054
d: [2,1593,1,15,3,0,40,573,567]
s: 1593
d: [2,1594,1,15,3,0,40,573,569]
s: 1594
d: [2,2056,2,8,2,0,40,1420,1040]
s: 2056
d: [2,1607,1,15,3,0,40,587,567]
s: 1607
d: [2,2057,2,8,2,0,40,1420,1055]
s: 2057
d: [2,1608,1,15,3,0,40,587,569]
s: 1608
d: [2,1622,1,23,6,0,40,426,608]
d: [2,1652,1,19,5,0,21,1622,610]
d: [2,1653,1,15,4,0,21,1652,607]
s: 1653
d: [2,2058,2,8,2,0,40,1420,1143]
s: 2058
d: [2,1624,1,23,6,0,40,426,618]
d: [2,1658,1,19,5,0,21,1624,620]
d: [2,1659,1,15,4,0,21,1658,617]
s: 1659
d: [2,2059,2,8,2,0,40,1420,1161]
s: 2059
d: [2,1705,1,15,5,0,40,1704,533]
s: 1705
d: [2,1712,1,16,4,0,40,1704,569]
s: 1712
d: [2,2321,2,8,3,0,40,1303,1426]
s: 2321
d: [2,1709,1,20,5,0,40,1704,450]
d: [2,1717,1,16,4,0,21,1709,589]
s: 1717
d: [2,2525,3,9,4,0,40,2321,511]
d: [2,2526,3,7,3,0,21,2525,473]
s: 2526
d: [2,1732,1,33,5,0,40,624,532]
d: [2,1747,1,31,4,0,18,1732]
d: [2,1751,1,16,3,0,21,1747,623]
s: 1751
d: [2,1460,1,17,4,0,40,423,579]
s: 1460
d: [2,2527,4,7,3,0,40,2526,481]
s: 2527
d: [2,2534,1,15,3,0,21,1460,1406]
s: 2534
d: [2,2530,4,7,3,0,40,2526,1040]
s: 2530
d: [2,1540,1,17,3,0,40,532,421]
s: 1540
d: [2,1541,1,17,3,0,40,532,445]
s: 1541
d: [2,2531,4,7,3,0,40,2526,1055]
s: 2531
d: [2,1542,1,17,3,0,40,532,447]
s: 1542
d: [2,2532,4,7,3,0,40,2526,1143]
s: 2532
d: [2,1543,1,17,3,0,40,532,450]
s: 1543
d: [2,1552,1,17,3,0,40,603,421]
s: 1552
d: [2,2533,4,7,3,0,40,2526,1161]
s: 2533
d: [2,1553,1,17,3,0,40,603,445]
s: 1553
d: [2,2322,2,8,3,0,40,1303,1406]
s: 2322
d: [2,1554,1,17,3,0,40,603,447]
s: 1554
d: [2,1555,1,17,3,0,40,603,450]
s: 1555
d: [2,2419,2,11,4,0,40,1586,589]
d: [2,2427,2,8,3,0,18,2419]
s: 2427
d: [2,1592,1,17,3,0,40,573,538]
s: 1592
d: [2,2547,4,9,4,0,40,2427,2526]
d: [2,2548,4,7,3,0,18,2547]
s: 2548
d: [2,1606,1,17,3,0,40,587,538]
s: 1606
d: [2,1710,1,18,4,0,40,1704,538]
s: 1710
d: [2,2553,5,7,3,0,40,2548,481]
s: 2553
d: [2,1728,1,18,4,0,40,624,601]
s: 1728
d: [2,2554,5,7,3,0,40,2548,482]
s: 2554
d: [2,1729,1,18,4,0,40,624,602]
s: 1729
d: [2,1588,1,19,4,0,40,573,421]
s: 1588
d: [2,2555,5,7,3,0,40,2548,483]
s: 2555
d: [2,1589,1,19,4,0,40,573,445]
s: 1589
d: [2,2556,5,7,3,0,40,2548,1040]
s: 2556
d: [2,2586,1,17,3,0,21,1589,1406]
s: 2586
r: 1541
d: [2,1590,1,19,4,0,40,573,447]
s: 1590
d: [2,2557,5,7,3,0,40,2548,1055]
s: 2557
d: [2,2589,1,17,3,0,21,1590,1406]
s: 2589
r: 1542
d: [2,2558,5,7,3,0,40,2548,1143]
s: 2558
d: [2,1591,1,19,4,0,40,573,450]
s: 1591
d: [2,2592,1,17,3,0,21,1591,1406]
s: 2592
r: 1543
d: [2,2559,5,7,3,0,40,2548,1161]
s: 2559
d: [2,1602,1,19,4,0,40,587,421]
s: 1602
d: [2,2417,2,14,4,0,40,1586,1385]
d: [2,2429,2,8,3,0,21,2417,1583]
s: 2429
d: [2,1603,1,19,4,0,40,587,445]
s: 1603
d: [2,1604,1,19,4,0,40,587,447]
s: 1604
d: [2,2128,3,8,2,0,40,1965,1185]
s: 2128
d: [2,1605,1,19,4,0,40,587,450]
s: 1605
d: [2,2597,4,5,1,0,40,2128,571]
s: 2597
d: [2,1621,1,23,6,0,40,426,605]
d: [2,1651,1,19,5,0,21,1621,604]
s: 1651
d: [2,1724,1,19,5,0,40,624,585]
s: 1724
d: [2,2175,3,8,3,0,40,1383,1944]
s: 2175
d: [2,1725,1,19,5,0,40,624,586]
s: 1725
d: [2,2186,3,8,3,0,40,2088,467]
s: 2186
d: [2,1706,1,20,5,0,40,1704,421]
s: 1706
d: [2,1723,1,39,6,0,40,624,573]
d: [2,1748,1,24,5,0,21,1723,623]
s: 1748
d: [2,2187,3,8,3,0,40,2088,466]
s: 2187
d: [2,1726,1,39,6,0,40,624,587]
d: [2,1749,1,24,5,0,21,1726,623]
s: 1749
d: [2,2192,3,11,3,0,40,2088,486]
d: [2,2214,3,8,2,0,21,2192,420]
s: 2214
d: [2,1734,1,25,5,0,40,624,468]
s: 1734
d: [2,1735,1,25,5,0,40,624,472]
s: 1735
d: [2,2196,3,11,3,0,40,2088,537]
d: [2,2218,3,8,2,0,21,2196,420]
s: 2218
d: [2,1736,1,25,5,0,40,624,485]
s: 1736
d: [2,2204,3,13,2,0,40,2088,601]
d: [2,2226,3,8,1,0,21,2204,420]
s: 2226
d: [2,1731,1,40,7,0,40,624,1704]
d: [2,1750,1,25,6,0,21,1731,623]
s: 1750
d: [2,1744,1,38,5,0,40,624,531]
d: [2,1755,1,25,4,0,21,1744,420]
s: 1755
d: [2,2205,3,13,2,0,40,2088,602]
d: [2,2227,3,8,1,0,21,2205,420]
s: 2227
d: [2,1741,1,26,5,0,40,624,537]
s: 1741
d: [2,2236,3,8,3,0,40,2090,467]
s: 2236
d: [2,1746,1,26,5,0,40,624,466]
s: 1746
d: [2,1740,1,27,5,0,40,624,536]
s: 1740
d: [2,2237,3,8,3,0,40,2090,466]
s: 2237
d: [2,1742,1,39,6,0,40,624,598]
d: [2,1753,1,27,5,0,21,1742,572]
s: 1753
d: [2,2242,3,11,3,0,40,2090,486]
d: [2,2264,3,8,2,0,21,2242,420]
s: 2264
d: [2,1743,1,39,6,0,40,624,599]
d: [2,1754,1,27,5,0,21,1743,572]
s: 1754
d: [2,1737,1,36,5,0,40,624,486]
s: 1737
d: [2,2246,3,11,3,0,40,2090,537]
d: [2,2268,3,8,2,0,21,2246,420]
s: 2268
d: [2,1761,1,41,14,0,40,637,594]
d: [2,1762,1,37,12,0,18,1761]
s: 1762
d: [2,2254,3,13,2,0,40,2090,601]
d: [2,2276,3,8,1,0,21,2254,420]
s: 2276
d: [2,1805,1,71,23,0,40,643,638]
d: [2,1806,1,39,12,0,18,1805]
s: 1806
d: [2,1804,1,71,23,0,40,643,639]
d: [2,1807,1,39,12,0,18,1804]
s: 1807
d: [2,2255,3,13,2,0,40,2090,602]
d: [2,2277,3,8,1,0,21,2255,420]
s: 2277
d: [2,1803,1,71,23,0,40,643,641]
d: [2,1808,1,39,12,0,18,1803]
s: 1808
d: [2,2454,3,10,3,0,40,1992,531]
d: [2,2478,3,8,2,0,21,2454,1126]
s: 2478
d: [2,1802,1,72,23,0,40,643,640]
d: [2,1809,1,40,12,0,18,1802]
s: 1809
d: [2,1801,1,72,23,0,40,643,642]
d: [2,1810,1,40,12,0,18,1801]
s: 1810
d: [2,2688,4,6,2,0,40,2478,1271]
s: 2688
d: [2,1733,1,41,6,0,40,624,423]
s: 1733
d: [2,2690,4,6,2,0,40,2478,1272]
s: 2690
d: [2,1765,1,94,15,0,40,639,626]
d: [2,1766,1,86,14,0,21,1765,477]
d: [2,1767,1,83,13,0,21,1766,476]
d: [2,1768,1,75,12,0,21,1767,475]
d: [2,1769,1,72,11,0,21,1768,474]
d: [2,1770,1,64,10,0,21,1769,477]
d: [2,1771,1,61,9,0,21,1770,476]
d: [2,1772,1,53,8,0,21,1771,475]
d: [2,1773,1,50,7,0,21,1772,474]
s: 1773
d: [2,1774,1,94,15,0,40,641,626]
d: [2,1775,1,86,14,0,21,1774,477]
d: [2,1776,1,83,13,0,21,1775,476]
d: [2,1777,1,75,12,0,21,1776,475]
d: [2,1778,1,72,11,0,21,1777,474]
d: [2,1779,1,64,10,0,21,1778,477]
d: [2,1780,1,61,9,0,21,1779,476]
d: [2,1781,1,53,8,0,21,1780,475]
d: [2,1782,1,50,7,0,21,1781,474]
s: 1782
d: [2,2704,5,6,2,0,40,2688,481]
s: 2704
d: [2,1811,1,67,18,0,40,504,480]
d: [2,1812,1,63,16,0,18,1811]
d: [2,1813,1,54,15,0,21,1812,637]
s: 1813
d: [2,2705,5,6,2,0,40,2688,482]
s: 2705
d: [2,1783,1,99,15,0,40,640,626]
d: [2,1784,1,91,14,0,21,1783,477]
d: [2,1785,1,88,13,0,21,1784,476]
d: [2,1786,1,80,12,0,21,1785,475]
d: [2,1787,1,77,11,0,21,1786,474]
d: [2,1788,1,69,10,0,21,1787,477]
d: [2,1789,1,66,9,0,21,1788,476]
d: [2,1790,1,58,8,0,21,1789,475]
d: [2,1791,1,55,7,0,21,1790,474]
s: 1791
d: [2,1792,1,99,15,0,40,642,626]
d: [2,1793,1,91,14,0,21,1792,477]
d: [2,1794,1,88,13,0,21,1793,476]
d: [2,1795,1,80,12,0,21,1794,475]
d: [2,1796,1,77,11,0,21,1795,474]
d: [2,1797,1,69,10,0,21,1796,477]
d: [2,1798,1,66,9,0,21,1797,476]
d: [2,1799,1,58,8,0,21,1798,475]
d: [2,1800,1,55,7,0,21,1799,474]
s: 1800
d: [2,2706,5,6,2,0,40,2688,483]
s: 2706
d: [2,1815,1,127,17,0,40,628,643]
d: [2,1816,1,99,14,0,18,1815]
d: [2,1818,1,91,13,0,21,1816,477]
d: [2,1819,1,88,12,0,21,1818,476]
d: [2,1820,1,80,11,0,21,1819,475]
d: [2,1821,1,77,10,0,21,1820,474]
d: [2,1822,1,69,9,0,21,1821,477]
d: [2,1823,1,66,8,0,21,1822,476]
d: [2,1824,1,58,7,0,21,1823,475]
d: [2,1825,1,55,6,0,21,1824,474]
s: 1825
d: [2,2707,5,6,2,0,40,2688,1040]
s: 2707
d: [2,1827,1,127,17,0,40,629,643]
d: [2,1828,1,99,14,0,18,1827]
d: [2,1830,1,91,13,0,21,1828,477]
d: [2,1831,1,88,12,0,21,1830,476]
d: [2,1832,1,80,11,0,21,1831,475]
d: [2,1833,1,77,10,0,21,1832,474]
d: [2,1834,1,69,9,0,21,1833,477]
d: [2,1835,1,66,8,0,21,1834,476]
d: [2,1836,1,58,7,0,21,1835,475]
d: [2,1837,1,55,6,0,21,1836,474]
s: 1837
d: [2,1814,1,63,9,0,40,628,626]
d: [2,1817,1,59,7,0,18,1814]
s: 1817
d: [2,2708,5,6,2,0,40,2688,1055]
s: 2708
d: [2,1826,1,63,9,0,40,629,626]
d: [2,1829,1,59,7,0,18,1826]
s: 1829
d: [2,2709,5,6,2,0,40,2688,1143]
s: 2709
d: [2,1838,1,86,12,0,44,630,627]
d: [2,1841,1,82,10,0,18,1838]
d: [2,1842,1,59,9,0,21,1841,626]
s: 1842
d: [2,1843,1,86,12,0,44,631,627]
d: [2,1846,1,82,10,0,18,1843]
d: [2,1847,1,59,9,0,21,1846,626]
s: 1847
r: 1018
d: [2,2710,5,6,2,0,40,2688,1161]
s: 2710
d: [2,1848,1,89,12,0,44,632,627]
d: [2,1851,1,85,10,0,18,1848]
d: [2,1852,1,62,9,0,21,1851,626]
s: 1852
d: [2,2714,5,6,2,0,40,2690,481]
s: 2714
d: [2,1853,1,89,12,0,44,633,627]
d: [2,1856,1,85,10,0,18,1853]
d: [2,1857,1,62,9,0,21,1856,626]
s: 1857
d: [2,1839,1,71,12,0,44,630,627]
s: 1839
d: [2,2715,5,6,2,0,40,2690,482]
s: 2715
d: [2,1844,1,71,12,0,44,631,627]
s: 1844
d: [2,2716,5,6,2,0,40,2690,483]
s: 2716
d: [2,1849,1,74,12,0,44,632,627]
s: 1849
d: [2,1854,1,74,12,0,44,633,627]
s: 1854
d: [2,2717,5,6,2,0,40,2690,1040]
s: 2717
d: [2,2159,2,11,5,0,40,1324,510]
d: [2,2160,2,9,4,0,18,2159]
s: 2160
d: [2,2718,5,6,2,0,40,2690,1055]
s: 2718
d: [2,2318,2,14,6,0,40,1136,1343]
d: [2,2319,2,12,5,0,18,2318]
d: [2,2320,2,9,4,0,21,2319,1130]
s: 2320
d: [2,2045,2,10,2,0,40,1368,1182]
s: 2045
d: [2,2719,5,6,2,0,40,2690,1143]
s: 2719
d: [2,2086,2,10,3,0,40,1361,1182]
s: 2086
d: [2,2720,5,6,2,0,40,2690,1161]
s: 2720
d: [2,2091,2,10,3,0,40,1364,1182]
s: 2091
d: [2,2097,2,13,5,0,40,1515,487]
d: [2,2099,2,10,4,0,21,2097,1134]
s: 2099
d: [2,2894,3,11,3,0,40,2099,606]
d: [2,2910,3,7,2,0,21,2894,604]
s: 2910
d: [2,2110,2,13,5,0,40,1532,490]
d: [2,2112,2,10,4,0,21,2110,1134]
s: 2112
d: [2,2931,3,9,3,0,40,2112,541]
d: [2,2959,3,6,2,0,21,2931,539]
s: 2959
d: [2,2154,2,10,3,0,40,1316,588]
s: 2154
d: [2,2163,2,10,3,0,40,1329,588]
s: 2163
d: [2,2932,3,9,3,0,40,2112,546]
d: [2,2960,3,6,2,0,21,2932,544]
s: 2960
d: [2,2170,2,10,3,0,40,1339,588]
s: 2170
d: [2,2933,3,9,3,0,40,2112,550]
d: [2,2961,3,6,2,0,21,2933,548]
s: 2961
d: [2,2179,2,10,2,0,40,1394,588]
s: 2179
d: [2,2435,2,13,4,0,40,1366,1182]
d: [2,2438,2,10,3,0,21,2435,500]
s: 2438
d: [2,2934,3,9,3,0,40,2112,555]
d: [2,2962,3,6,2,0,21,2934,553]
s: 2962
d: [2,2441,2,13,4,0,40,1367,1182]
d: [2,2444,2,10,3,0,21,2441,502]
s: 2444
d: [2,2935,3,9,3,0,40,2112,559]
d: [2,2963,3,6,2,0,21,2935,558]
s: 2963
d: [2,2520,2,10,3,0,40,1659,1550]
s: 2520
d: [2,1139,2,11,4,0,40,509,1118]
s: 1139
d: [2,2936,3,9,3,0,40,2112,563]
d: [2,2964,3,6,2,0,21,2936,562]
s: 2964
d: [2,2100,2,23,8,0,40,1531,426]
d: [2,2103,2,20,7,0,21,2100,973]
d: [2,2104,2,17,6,0,21,2103,1058]
d: [2,2105,2,14,5,0,21,2104,1042]
d: [2,2106,2,11,4,0,21,2105,986]
s: 2106
d: [2,2981,4,6,2,0,40,2959,481]
s: 2981
d: [2,2101,2,14,5,0,40,1531,1564]
d: [2,2107,2,11,4,0,21,2101,568]
s: 2107
d: [2,2115,2,16,4,0,40,1283,490]
d: [2,2117,2,11,3,0,21,2115,1194]
s: 2117
d: [2,2982,4,6,2,0,40,2959,482]
s: 2982
d: [2,2136,2,16,4,0,40,1293,487]
d: [2,2138,2,11,3,0,21,2136,1194]
s: 2138
d: [2,2983,4,6,2,0,40,2959,483]
s: 2983
d: [2,2232,2,15,5,0,40,1513,487]
d: [2,2234,2,11,4,0,21,2232,1132]
s: 2234
d: [2,2305,2,15,5,0,40,1530,490]
d: [2,2307,2,11,4,0,21,2305,1132]
s: 2307
d: [2,2984,4,6,2,0,40,2959,1040]
s: 2984
d: [2,2357,2,11,3,0,40,1396,481]
s: 2357
d: [2,2985,4,6,2,0,40,2959,1055]
s: 2985
d: [2,2358,2,11,3,0,40,1396,482]
s: 2358
d: [2,2360,2,11,3,0,40,1396,1040]
s: 2360
d: [2,2986,4,6,2,0,40,2959,1143]
s: 2986
d: [2,2361,2,11,3,0,40,1396,1055]
s: 2361
d: [2,2987,4,6,2,0,40,2959,1161]
s: 2987
d: [2,2362,2,11,3,0,40,1396,1143]
s: 2362
d: [2,2363,2,11,3,0,40,1396,1161]
s: 2363
d: [2,2989,4,6,2,0,40,2960,481]
s: 2989
d: [2,2364,2,11,3,0,40,1416,481]
s: 2364
d: [2,2990,4,6,2,0,40,2960,482]
s: 2990
d: [2,2365,2,11,3,0,40,1416,482]
s: 2365
d: [2,2367,2,11,3,0,40,1416,1040]
s: 2367
d: [2,2991,4,6,2,0,40,2960,483]
s: 2991
d: [2,2368,2,11,3,0,40,1416,1055]
s: 2368
d: [2,2992,4,6,2,0,40,2960,1040]
s: 2992
d: [2,2369,2,11,3,0,40,1416,1143]
s: 2369
d: [2,2370,2,11,3,0,40,1416,1161]
s: 2370
d: [2,2993,4,6,2,0,40,2960,1055]
s: 2993
d: [2,2418,2,11,3,0,40,1586,1212]
s: 2418
d: [2,2994,4,6,2,0,40,2960,1143]
s: 2994
d: [2,2420,2,11,3,0,40,1586,481]
s: 2420
d: [2,2421,2,11,3,0,40,1586,482]
s: 2421
d: [2,2995,4,6,2,0,40,2960,1161]
s: 2995
d: [2,2423,2,11,3,0,40,1586,1040]
s: 2423
d: [2,2997,4,6,2,0,40,2961,481]
s: 2997
d: [2,2424,2,11,3,0,40,1586,1055]
s: 2424
d: [2,2425,2,11,3,0,40,1586,1143]
s: 2425
d: [2,2998,4,6,2,0,40,2961,482]
s: 2998
d: [2,2426,2,11,3,0,40,1586,1161]
s: 2426
d: [2,2999,4,6,2,0,40,2961,483]
s: 2999
d: [2,2452,2,11,2,0,40,1539,571]
s: 2452
d: [2,2453,2,11,2,0,40,1551,571]
s: 2453
d: [2,3000,4,6,2,0,40,2961,1040]
s: 3000
d: [2,2501,2,14,5,0,40,1665,589]
d: [2,2509,2,11,4,0,18,2501]
s: 2509
d: [2,3001,4,6,2,0,40,2961,1055]
s: 3001
d: [2,2498,2,13,5,0,40,1665,1303]
d: [2,2510,2,11,4,0,18,2498]
s: 2510
d: [2,2499,2,17,5,0,40,1665,1385]
d: [2,2511,2,11,4,0,21,2499,1583]
s: 2511
d: [2,3002,4,6,2,0,40,2961,1143]
s: 3002
d: [2,1931,2,17,4,0,40,1299,471]
d: [2,1933,2,12,3,0,21,1931,1200]
s: 1933
d: [2,3003,4,6,2,0,40,2961,1161]
s: 3003
d: [2,2174,2,12,2,0,40,1372,1182]
s: 2174
d: [2,2377,2,15,6,0,40,1506,487]
d: [2,2379,2,12,5,0,21,2377,1128]
s: 2379
d: [2,3009,4,6,2,0,40,2962,481]
s: 3009
d: [2,2392,2,15,6,0,40,1523,490]
d: [2,2394,2,12,5,0,21,2392,1128]
s: 2394
d: [2,3010,4,6,2,0,40,2962,482]
s: 3010
d: [2,2522,2,12,4,0,40,1659,1599]
s: 2522
d: [2,1924,2,13,3,0,40,1289,1564]
s: 1924
d: [2,3011,4,6,2,0,40,2962,483]
s: 3011
d: [2,1954,2,13,5,0,40,1113,509]
s: 1954
d: [2,3012,4,6,2,0,40,2962,1040]
s: 3012
d: [2,1955,2,13,5,0,40,1115,509]
s: 1955
d: [2,2096,2,16,6,0,40,1515,471]
d: [2,2098,2,13,5,0,21,2096,1134]
s: 2098
d: [2,3013,4,6,2,0,40,2962,1055]
s: 3013
d: [2,2432,2,13,4,0,40,1365,1182]
s: 2432
d: [2,3014,4,6,2,0,40,2962,1143]
s: 3014
d: [2,2496,2,13,3,0,40,1587,571]
s: 2496
d: [2,2497,2,13,3,0,40,1601,571]
s: 2497
d: [2,3015,4,6,2,0,40,2962,1161]
s: 3015
d: [2,1859,2,14,4,0,40,1116,509]
s: 1859
d: [2,3021,4,6,2,0,40,2963,481]
s: 3021
d: [2,1987,2,20,4,0,40,1297,471]
d: [2,1989,2,14,3,0,21,1987,1198]
s: 1989
d: [2,2109,2,14,5,0,40,1532,1564]
s: 2109
d: [2,3022,4,6,2,0,40,2963,482]
s: 3022
d: [2,2406,2,16,6,0,40,1526,1564]
d: [2,2410,2,14,5,0,21,2406,490]
s: 2410
d: [2,3023,4,6,2,0,40,2963,483]
s: 3023
d: [2,2447,2,14,3,0,40,1389,1182]
s: 2447
d: [2,2500,2,14,4,0,40,1665,1212]
s: 2500
d: [2,3024,4,6,2,0,40,2963,1040]
s: 3024
d: [2,2502,2,14,4,0,40,1665,481]
s: 2502
d: [2,3025,4,6,2,0,40,2963,1055]
s: 3025
d: [2,2503,2,14,4,0,40,1665,482]
s: 2503
d: [2,2505,2,14,4,0,40,1665,1040]
s: 2505
d: [2,3026,4,6,2,0,40,2963,1143]
s: 3026
d: [2,2506,2,14,4,0,40,1665,1055]
s: 2506
d: [2,3027,4,6,2,0,40,2963,1161]
s: 3027
d: [2,2507,2,14,4,0,40,1665,1143]
s: 2507
d: [2,2508,2,14,4,0,40,1665,1161]
s: 2508
d: [2,3038,4,6,2,0,40,2964,481]
s: 3038
d: [2,1983,2,15,3,0,40,1287,1564]
s: 1983
d: [2,3039,4,6,2,0,40,2964,482]
s: 3039
d: [2,2130,2,17,4,0,40,1286,1564]
d: [2,2134,2,15,3,0,21,2130,1426]
s: 2134
d: [2,2231,2,19,6,0,40,1513,471]
d: [2,2233,2,15,5,0,21,2231,1132]
s: 2233
d: [2,3040,4,6,2,0,40,2964,483]
s: 3040
d: [2,2376,2,18,7,0,40,1506,471]
d: [2,2378,2,15,6,0,21,2376,1128]
s: 2378
d: [2,3041,4,6,2,0,40,2964,1040]
s: 3041
d: [2,2380,2,18,7,0,40,1507,471]
d: [2,2382,2,15,6,0,21,2380,1129]
s: 2382
d: [2,2383,2,18,7,0,40,1508,471]
d: [2,2385,2,15,6,0,21,2383,1130]
s: 2385
d: [2,3042,4,6,2,0,40,2964,1055]
s: 3042
d: [2,2386,2,18,7,0,40,1509,471]
d: [2,2388,2,15,6,0,21,2386,1131]
s: 2388
d: [2,3043,4,6,2,0,40,2964,1143]
s: 3043
d: [2,2524,2,15,4,0,40,1712,1558]
s: 2524
d: [2,2542,2,19,5,0,40,1555,1717]
d: [2,2545,2,17,4,0,21,2542,1406]
d: [2,2546,2,15,3,0,21,2545,1426]
s: 2546
d: [2,3044,4,6,2,0,40,2964,1161]
s: 3044
d: [2,2135,2,21,5,0,40,1293,471]
d: [2,2137,2,16,4,0,21,2135,1194]
s: 2137
d: [2,2895,3,11,3,0,40,2099,609]
d: [2,2911,3,7,2,0,21,2895,607]
s: 2911
d: [2,2139,2,21,5,0,40,1294,471]
d: [2,2141,2,16,4,0,21,2139,1195]
s: 2141
d: [2,2142,2,21,5,0,40,1295,471]
d: [2,2144,2,16,4,0,21,2142,1196]
s: 2144
d: [2,2896,3,11,3,0,40,2099,615]
d: [2,2912,3,7,2,0,21,2896,613]
s: 2912
d: [2,2145,2,21,5,0,40,1296,471]
d: [2,2147,2,16,4,0,21,2145,1197]
s: 2147
d: [2,2897,3,11,3,0,40,2099,619]
d: [2,2913,3,7,2,0,21,2897,617]
s: 2913
d: [2,2304,2,16,5,0,40,1530,1564]
s: 2304
d: [2,2391,2,16,6,0,40,1523,1564]
s: 2391
d: [2,2940,3,11,3,0,40,2112,605]
d: [2,2968,3,7,2,0,21,2940,604]
s: 2968
d: [2,2600,2,16,5,0,40,1724,1426]
s: 2600
d: [2,2941,3,11,3,0,40,2112,608]
d: [2,2969,3,7,2,0,21,2941,607]
s: 2969
d: [2,2601,2,16,5,0,40,1724,1406]
s: 2601
d: [2,2599,2,18,6,0,40,1724,1586]
d: [2,2603,2,16,5,0,21,2599,473]
s: 2603
d: [2,2942,3,11,3,0,40,2112,614]
d: [2,2970,3,7,2,0,21,2942,613]
s: 2970
d: [2,2606,2,16,5,0,40,1725,1426]
s: 2606
d: [2,2943,3,11,3,0,40,2112,618]
d: [2,2971,3,7,2,0,21,2943,617]
s: 2971
d: [2,2607,2,16,5,0,40,1725,1406]
s: 2607
d: [2,2605,2,18,6,0,40,1725,1586]
d: [2,2609,2,16,5,0,21,2605,473]
s: 2609
d: [2,2684,4,7,2,0,40,2478,1270]
s: 2684
d: [2,2114,2,17,4,0,40,1283,1564]
s: 2114
d: [2,2916,4,7,2,0,40,2910,481]
s: 2916
d: [2,2562,2,17,4,0,40,1710,1556]
s: 2562
d: [2,2637,2,19,5,0,42,1750]
d: [2,2638,2,17,4,0,18,2637]
s: 2638
d: [2,2917,4,7,2,0,40,2910,482]
s: 2917
d: [2,2568,2,24,6,0,40,1728,490]
d: [2,2571,2,19,5,0,21,2568,1727]
s: 2571
d: [2,2918,4,7,2,0,40,2910,483]
s: 2918
d: [2,2576,2,29,7,0,40,1729,471]
d: [2,2578,2,24,6,0,21,2576,622]
d: [2,2579,2,19,5,0,21,2578,1727]
s: 2579
d: [2,2577,2,24,6,0,40,1729,487]
d: [2,2580,2,19,5,0,21,2577,1727]
s: 2580
d: [2,2919,4,7,2,0,40,2910,1040]
s: 2919
d: [2,2598,2,21,7,0,40,1724,1665]
d: [2,2602,2,19,6,0,21,2598,473]
s: 2602
d: [2,2920,4,7,2,0,40,2910,1055]
s: 2920
d: [2,2604,2,21,7,0,40,1725,1665]
d: [2,2608,2,19,6,0,21,2604,473]
s: 2608
d: [2,2610,2,23,6,0,40,1706,1552]
d: [2,2611,2,19,5,0,18,2610]
s: 2611
d: [2,2921,4,7,2,0,40,2910,1143]
s: 2921
d: [2,2108,2,23,8,0,40,1532,426]
d: [2,2111,2,20,7,0,21,2108,1134]
s: 2111
d: [2,2922,4,7,2,0,40,2910,1161]
s: 2922
d: [2,2395,2,25,9,0,40,1524,426]
d: [2,2398,2,23,8,0,21,2395,490]
d: [2,2399,2,20,7,0,21,2398,1129]
s: 2399
d: [2,2400,2,25,9,0,40,1525,426]
d: [2,2403,2,23,8,0,21,2400,490]
d: [2,2404,2,20,7,0,21,2403,1130]
s: 2404
d: [2,3281,4,7,2,0,40,2911,481]
s: 3281
d: [2,2405,2,25,9,0,40,1526,426]
d: [2,2408,2,23,8,0,21,2405,490]
d: [2,2409,2,20,7,0,21,2408,1131]
s: 2409
d: [2,3282,4,7,2,0,40,2911,482]
s: 3282
d: [2,2651,2,20,5,0,40,1741,1426]
s: 2651
d: [2,2652,2,20,5,0,40,1741,1406]
s: 2652
d: [2,3283,4,7,2,0,40,2911,483]
s: 3283
d: [2,2390,2,25,9,0,40,1523,426]
d: [2,2393,2,22,8,0,21,2390,1128]
s: 2393
d: [2,3284,4,7,2,0,40,2911,1040]
s: 3284
d: [2,2629,2,25,7,0,40,1750,589]
d: [2,2639,2,22,6,0,18,2629]
s: 2639
d: [2,2626,2,24,7,0,40,1750,1303]
d: [2,2642,2,22,6,0,21,2626,473]
s: 2642
d: [2,3285,4,7,2,0,40,2911,1055]
s: 3285
d: [2,2627,2,28,7,0,40,1750,1385]
d: [2,2643,2,22,6,0,21,2627,1583]
s: 2643
d: [2,3286,4,7,2,0,40,2911,1143]
s: 3286
d: [2,1923,2,28,6,0,40,1289,426]
d: [2,1926,2,23,5,0,21,1923,1200]
s: 1926
d: [2,2303,2,28,8,0,40,1530,426]
d: [2,2306,2,24,7,0,21,2303,1132]
s: 2306
d: [2,3287,4,7,2,0,40,2911,1161]
s: 3287
d: [2,2118,2,32,7,0,40,1284,426]
d: [2,2121,2,30,6,0,21,2118,1426]
d: [2,2122,2,25,5,0,21,2121,1195]
s: 2122
d: [2,3295,4,7,2,0,40,2912,481]
s: 3295
d: [2,2123,2,32,7,0,40,1285,426]
d: [2,2126,2,30,6,0,21,2123,1426]
d: [2,2127,2,25,5,0,21,2126,1196]
s: 2127
d: [2,2129,2,32,7,0,40,1286,426]
d: [2,2132,2,30,6,0,21,2129,1426]
d: [2,2133,2,25,5,0,21,2132,1197]
s: 2133
d: [2,3296,4,7,2,0,40,2912,482]
s: 3296
d: [2,2628,2,25,6,0,40,1750,1212]
s: 2628
d: [2,3297,4,7,2,0,40,2912,483]
s: 3297
d: [2,2630,2,25,6,0,40,1750,481]
s: 2630
d: [2,2631,2,25,6,0,40,1750,482]
s: 2631
d: [2,3298,4,7,2,0,40,2912,1040]
s: 3298
d: [2,2633,2,25,6,0,40,1750,1040]
s: 2633
d: [2,3299,4,7,2,0,40,2912,1055]
s: 3299
d: [2,2634,2,25,6,0,40,1750,1055]
s: 2634
d: [2,2635,2,25,6,0,40,1750,1143]
s: 2635
d: [2,3300,4,7,2,0,40,2912,1143]
s: 3300
d: [2,2636,2,25,6,0,40,1750,1161]
s: 2636
d: [2,3301,4,7,2,0,40,2912,1161]
s: 3301
d: [2,2644,2,25,4,0,40,1755,588]
s: 2644
d: [2,1982,2,33,6,0,40,1287,426]
d: [2,1985,2,27,5,0,21,1982,1198]
s: 1985
d: [2,3306,4,7,2,0,40,2913,481]
s: 3306
d: [2,2113,2,32,7,0,40,1283,426]
d: [2,2116,2,27,6,0,21,2113,1194]
s: 2116
d: [2,3307,4,7,2,0,40,2913,482]
s: 3307
d: [2,2653,2,39,6,0,40,1740,531]
d: [2,2656,2,27,5,0,21,2653,1741]
s: 2656
d: [2,2654,2,28,6,0,40,1740,467]
s: 2654
d: [2,3308,4,7,2,0,40,2913,483]
s: 3308
d: [2,2655,2,28,6,0,40,1740,466]
s: 2655
d: [2,3309,4,7,2,0,40,2913,1040]
s: 3309
d: [2,2567,2,29,6,0,40,1728,1564]
s: 2567
d: [2,2625,2,32,9,0,40,1750,1724]
d: [2,2640,2,30,8,0,18,2625]
s: 2640
d: [2,3310,4,7,2,0,40,2913,1055]
s: 3310
d: [2,2624,2,32,9,0,40,1750,1725]
d: [2,2641,2,30,8,0,18,2624]
s: 2641
d: [2,3311,4,7,2,0,40,2913,1143]
s: 3311
d: [2,2721,2,41,9,0,40,1773,624]
d: [2,2723,2,39,8,0,21,2721,473]
d: [2,2724,2,37,7,0,21,2723,473]
d: [2,2725,2,33,6,0,21,2724,594]
s: 2725
r: 1773
d: [2,2726,2,41,9,0,40,1782,624]
d: [2,2728,2,39,8,0,21,2726,473]
d: [2,2729,2,37,7,0,21,2728,473]
d: [2,2730,2,33,6,0,21,2729,594]
s: 2730
r: 1782
d: [2,3312,4,7,2,0,40,2913,1161]
s: 3312
d: [2,2566,2,44,9,0,40,1728,426]
d: [2,2569,2,39,8,0,21,2566,622]
d: [2,2570,2,34,7,0,21,2569,1727]
s: 2570
d: [2,3314,4,7,2,0,40,2968,481]
s: 3314
d: [2,2733,2,46,9,0,40,1791,624]
d: [2,2735,2,44,8,0,21,2733,473]
d: [2,2736,2,42,7,0,21,2735,473]
d: [2,2737,2,38,6,0,21,2736,594]
s: 2737
r: 1791
d: [2,2738,2,46,9,0,40,1800,624]
d: [2,2740,2,44,8,0,21,2738,473]
d: [2,2741,2,42,7,0,21,2740,473]
d: [2,2742,2,38,6,0,21,2741,594]
s: 2742
r: 1800
d: [2,3315,4,7,2,0,40,2968,482]
s: 3315
d: [2,2699,2,48,14,0,40,1809,490]
d: [2,2702,2,41,13,0,21,2699,1807]
s: 2702
d: [2,3316,4,7,2,0,40,2968,483]
s: 3316
d: [2,2745,2,50,9,0,40,1817,624]
d: [2,2747,2,46,8,0,21,2745,594]
d: [2,2748,2,44,7,0,21,2747,473]
d: [2,2749,2,42,6,0,21,2748,473]
s: 2749
r: 1817
d: [2,2750,2,50,9,0,40,1829,624]
d: [2,2752,2,46,8,0,21,2750,594]
d: [2,2753,2,44,7,0,21,2752,473]
d: [2,2754,2,42,6,0,21,2753,473]
s: 2754
r: 1829
d: [2,3317,4,7,2,0,40,2968,1040]
s: 3317
d: [2,2698,2,49,14,0,40,1809,1564]
s: 2698
d: [2,3318,4,7,2,0,40,2968,1055]
s: 3318
d: [2,3669,2,41,13,0,21,2698,1810]
s: 3669
d: [2,2722,2,49,7,0,40,1773,533]
s: 2722
d: [2,3319,4,7,2,0,40,2968,1143]
s: 3319
d: [2,2727,2,49,7,0,40,1782,533]
s: 2727
d: [2,3320,4,7,2,0,40,2968,1161]
s: 3320
d: [2,2731,2,81,27,0,40,1813,505]
d: [2,2732,2,53,16,0,18,2731]
s: 2732
d: [2,3672,3,0,0,16,52,726,721,716,711,746,741,736,731,1684,1676,1694,1702,706,701,696,681,2732]
e: 3672
d: [2,3673,3,44,15,1,40,2732,681]
d: [2,3679,3,40,14,2,21,3673,696]
d: [2,3680,3,36,13,3,21,3679,701]
d: [2,3681,3,32,12,4,21,3680,706]
d: [2,3682,3,30,11,5,21,3681,711]
d: [2,3683,3,28,10,6,21,3682,716]
d: [2,3684,3,26,9,7,21,3683,721]
d: [2,3685,3,24,8,8,21,3684,726]
d: [2,3686,3,22,7,9,21,3685,731]
d: [2,3687,3,20,6,10,21,3686,736]
d: [2,3688,3,18,5,11,21,3687,741]
d: [2,3689,3,16,4,12,21,3688,746]
d: [2,3690,3,12,3,13,21,3689,1702]
d: [2,3691,3,8,2,14,21,3690,1694]
d: [2,3692,3,4,1,15,21,3691,1676]
d: [2,3693,3,0,0,16,21,3692,1684]
e: 3693
f: 3693,1698,1690,1680,1672,404,405,406,407,408,409,410,411,412,413,414,415,416,417
% Refutation found. Thanks to Tanya!
% SZS status Theorem for functor1__t10_functor1
% SZS output start Proof for functor1__t10_functor1
1. ! [X0] : ((l1_altcat_1(X0) & ~v2_struct_0(X0)) => ! [X1] : ((l1_altcat_1(X1) & v1_altcat_2(X1) & ~v2_struct_0(X1)) => ! [X2] : ((l1_altcat_1(X2) & v1_altcat_2(X2) & ~v2_struct_0(X2)) => ! [X3] : ((l2_functor0(X3,X0,X1) & v8_functor0(X3,X0,X1)) => ! [X4] : (l2_functor0(X4,X1,X2) => ((v19_functor0(X4,X1,X2) & v19_functor0(X3,X0,X1)) => v19_functor0(k13_functor0(X0,X1,X2,X3,X4),X0,X2))))))) [input t10_functor1]
2. ~! [X0] : ((l1_altcat_1(X0) & ~v2_struct_0(X0)) => ! [X1] : ((l1_altcat_1(X1) & v1_altcat_2(X1) & ~v2_struct_0(X1)) => ! [X2] : ((l1_altcat_1(X2) & v1_altcat_2(X2) & ~v2_struct_0(X2)) => ! [X3] : ((l2_functor0(X3,X0,X1) & v8_functor0(X3,X0,X1)) => ! [X4] : (l2_functor0(X4,X1,X2) => ((v19_functor0(X4,X1,X2) & v19_functor0(X3,X0,X1)) => v19_functor0(k13_functor0(X0,X1,X2,X3,X4),X0,X2))))))) [negated conjecture 1]
55. ! [X0] : (l1_altcat_1(X0) => ! [X1] : (l1_altcat_1(X1) => ! [X2] : (l2_functor0(X2,X0,X1) => (v19_functor0(X2,X0,X1) <=> (v17_functor0(X2,X0,X1) & v4_functor0(X2,X0,X1)))))) [input d33_functor0]
57. ! [X0,X1,X2,X3,X4] : ((l2_functor0(X4,X1,X2) & l2_functor0(X3,X0,X1) & v8_functor0(X3,X0,X1) & l1_altcat_1(X2) & v1_altcat_2(X2) & ~v2_struct_0(X2) & l1_altcat_1(X1) & v1_altcat_2(X1) & ~v2_struct_0(X1) & l1_altcat_1(X0) & ~v2_struct_0(X0)) => (l2_functor0(k13_functor0(X0,X1,X2,X3,X4),X0,X2) & v9_functor0(k13_functor0(X0,X1,X2,X3,X4),X0,X2))) [input dt_k13_functor0]
133. ! [X0] : ((l1_altcat_1(X0) & ~v2_struct_0(X0)) => ! [X1] : ((l1_altcat_1(X1) & v1_altcat_2(X1) & ~v2_struct_0(X1)) => ! [X2] : ((l1_altcat_1(X2) & v1_altcat_2(X2) & ~v2_struct_0(X2)) => ! [X3] : ((l2_functor0(X3,X0,X1) & v8_functor0(X3,X0,X1)) => ! [X4] : (l2_functor0(X4,X1,X2) => ((v4_functor0(X4,X1,X2) & v4_functor0(X3,X0,X1)) => v4_functor0(k13_functor0(X0,X1,X2,X3,X4),X0,X2))))))) [input t6_functor1]
135. ! [X0] : ((l1_altcat_1(X0) & ~v2_struct_0(X0)) => ! [X1] : ((l1_altcat_1(X1) & v1_altcat_2(X1) & ~v2_struct_0(X1)) => ! [X2] : ((l1_altcat_1(X2) & v1_altcat_2(X2) & ~v2_struct_0(X2)) => ! [X3] : ((l2_functor0(X3,X0,X1) & v8_functor0(X3,X0,X1)) => ! [X4] : (l2_functor0(X4,X1,X2) => ((v17_functor0(X4,X1,X2) & v17_functor0(X3,X0,X1)) => v17_functor0(k13_functor0(X0,X1,X2,X3,X4),X0,X2))))))) [input t7_functor1]
153. ? [X0] : (? [X1] : (? [X2] : (? [X3] : (? [X4] : ((~v19_functor0(k13_functor0(X0,X1,X2,X3,X4),X0,X2) & (v19_functor0(X4,X1,X2) & v19_functor0(X3,X0,X1))) & l2_functor0(X4,X1,X2)) & (l2_functor0(X3,X0,X1) & v8_functor0(X3,X0,X1))) & (l1_altcat_1(X2) & v1_altcat_2(X2) & ~v2_struct_0(X2))) & (l1_altcat_1(X1) & v1_altcat_2(X1) & ~v2_struct_0(X1))) & (l1_altcat_1(X0) & ~v2_struct_0(X0))) [ennf transformation 2]
154. ? [X0] : (? [X1] : (? [X2] : (? [X3] : (? [X4] : (~v19_functor0(k13_functor0(X0,X1,X2,X3,X4),X0,X2) & v19_functor0(X4,X1,X2) & v19_functor0(X3,X0,X1) & l2_functor0(X4,X1,X2)) & l2_functor0(X3,X0,X1) & v8_functor0(X3,X0,X1)) & l1_altcat_1(X2) & v1_altcat_2(X2) & ~v2_struct_0(X2)) & l1_altcat_1(X1) & v1_altcat_2(X1) & ~v2_struct_0(X1)) & l1_altcat_1(X0) & ~v2_struct_0(X0)) [flattening 153]
200. ! [X0] : (! [X1] : (! [X2] : ((v19_functor0(X2,X0,X1) <=> (v17_functor0(X2,X0,X1) & v4_functor0(X2,X0,X1))) | ~l2_functor0(X2,X0,X1)) | ~l1_altcat_1(X1)) | ~l1_altcat_1(X0)) [ennf transformation 55]
224. ! [X0] : (! [X1] : (! [X2] : (! [X3] : (! [X4] : ((v17_functor0(k13_functor0(X0,X1,X2,X3,X4),X0,X2) | (~v17_functor0(X4,X1,X2) | ~v17_functor0(X3,X0,X1))) | ~l2_functor0(X4,X1,X2)) | (~l2_functor0(X3,X0,X1) | ~v8_functor0(X3,X0,X1))) | (~l1_altcat_1(X2) | ~v1_altcat_2(X2) | v2_struct_0(X2))) | (~l1_altcat_1(X1) | ~v1_altcat_2(X1) | v2_struct_0(X1))) | (~l1_altcat_1(X0) | v2_struct_0(X0))) [ennf transformation 135]
225. ! [X0] : (! [X1] : (! [X2] : (! [X3] : (! [X4] : (v17_functor0(k13_functor0(X0,X1,X2,X3,X4),X0,X2) | ~v17_functor0(X4,X1,X2) | ~v17_functor0(X3,X0,X1) | ~l2_functor0(X4,X1,X2)) | ~l2_functor0(X3,X0,X1) | ~v8_functor0(X3,X0,X1)) | ~l1_altcat_1(X2) | ~v1_altcat_2(X2) | v2_struct_0(X2)) | ~l1_altcat_1(X1) | ~v1_altcat_2(X1) | v2_struct_0(X1)) | ~l1_altcat_1(X0) | v2_struct_0(X0)) [flattening 224]
226. ! [X0] : (! [X1] : (! [X2] : (! [X3] : (! [X4] : ((v4_functor0(k13_functor0(X0,X1,X2,X3,X4),X0,X2) | (~v4_functor0(X4,X1,X2) | ~v4_functor0(X3,X0,X1))) | ~l2_functor0(X4,X1,X2)) | (~l2_functor0(X3,X0,X1) | ~v8_functor0(X3,X0,X1))) | (~l1_altcat_1(X2) | ~v1_altcat_2(X2) | v2_struct_0(X2))) | (~l1_altcat_1(X1) | ~v1_altcat_2(X1) | v2_struct_0(X1))) | (~l1_altcat_1(X0) | v2_struct_0(X0))) [ennf transformation 133]
227. ! [X0] : (! [X1] : (! [X2] : (! [X3] : (! [X4] : (v4_functor0(k13_functor0(X0,X1,X2,X3,X4),X0,X2) | ~v4_functor0(X4,X1,X2) | ~v4_functor0(X3,X0,X1) | ~l2_functor0(X4,X1,X2)) | ~l2_functor0(X3,X0,X1) | ~v8_functor0(X3,X0,X1)) | ~l1_altcat_1(X2) | ~v1_altcat_2(X2) | v2_struct_0(X2)) | ~l1_altcat_1(X1) | ~v1_altcat_2(X1) | v2_struct_0(X1)) | ~l1_altcat_1(X0) | v2_struct_0(X0)) [flattening 226]
306. ! [X0,X1,X2,X3,X4] : ((l2_functor0(k13_functor0(X0,X1,X2,X3,X4),X0,X2) & v9_functor0(k13_functor0(X0,X1,X2,X3,X4),X0,X2)) | (~l2_functor0(X4,X1,X2) | ~l2_functor0(X3,X0,X1) | ~v8_functor0(X3,X0,X1) | ~l1_altcat_1(X2) | ~v1_altcat_2(X2) | v2_struct_0(X2) | ~l1_altcat_1(X1) | ~v1_altcat_2(X1) | v2_struct_0(X1) | ~l1_altcat_1(X0) | v2_struct_0(X0))) [ennf transformation 57]
307. ! [X0,X1,X2,X3,X4] : ((l2_functor0(k13_functor0(X0,X1,X2,X3,X4),X0,X2) & v9_functor0(k13_functor0(X0,X1,X2,X3,X4),X0,X2)) | ~l2_functor0(X4,X1,X2) | ~l2_functor0(X3,X0,X1) | ~v8_functor0(X3,X0,X1) | ~l1_altcat_1(X2) | ~v1_altcat_2(X2) | v2_struct_0(X2) | ~l1_altcat_1(X1) | ~v1_altcat_2(X1) | v2_struct_0(X1) | ~l1_altcat_1(X0) | v2_struct_0(X0)) [flattening 306]
314. ? [X0] : (? [X1] : (? [X2] : (? [X3] : (? [X4] : (~v19_functor0(k13_functor0(X0,X1,X2,X3,X4),X0,X2) & v19_functor0(X4,X1,X2) & v19_functor0(X3,X0,X1) & l2_functor0(X4,X1,X2)) & l2_functor0(X3,X0,X1) & v8_functor0(X3,X0,X1)) & l1_altcat_1(X2) & v1_altcat_2(X2) & ~v2_struct_0(X2)) & l1_altcat_1(X1) & v1_altcat_2(X1) & ~v2_struct_0(X1)) & l1_altcat_1(X0) & ~v2_struct_0(X0)) => (? [X1] : (? [X2] : (? [X3] : (? [X4] : (~v19_functor0(k13_functor0(sK0,X1,X2,X3,X4),sK0,X2) & v19_functor0(X4,X1,X2) & v19_functor0(X3,sK0,X1) & l2_functor0(X4,X1,X2)) & l2_functor0(X3,sK0,X1) & v8_functor0(X3,sK0,X1)) & l1_altcat_1(X2) & v1_altcat_2(X2) & ~v2_struct_0(X2)) & l1_altcat_1(X1) & v1_altcat_2(X1) & ~v2_struct_0(X1)) & l1_altcat_1(sK0) & ~v2_struct_0(sK0)) [choice axiom]
315. ? [X1] : (? [X2] : (? [X3] : (? [X4] : (~v19_functor0(k13_functor0(sK0,X1,X2,X3,X4),sK0,X2) & v19_functor0(X4,X1,X2) & v19_functor0(X3,sK0,X1) & l2_functor0(X4,X1,X2)) & l2_functor0(X3,sK0,X1) & v8_functor0(X3,sK0,X1)) & l1_altcat_1(X2) & v1_altcat_2(X2) & ~v2_struct_0(X2)) & l1_altcat_1(X1) & v1_altcat_2(X1) & ~v2_struct_0(X1)) => (? [X2] : (? [X3] : (? [X4] : (~v19_functor0(k13_functor0(sK0,sK1,X2,X3,X4),sK0,X2) & v19_functor0(X4,sK1,X2) & v19_functor0(X3,sK0,sK1) & l2_functor0(X4,sK1,X2)) & l2_functor0(X3,sK0,sK1) & v8_functor0(X3,sK0,sK1)) & l1_altcat_1(X2) & v1_altcat_2(X2) & ~v2_struct_0(X2)) & l1_altcat_1(sK1) & v1_altcat_2(sK1) & ~v2_struct_0(sK1)) [choice axiom]
316. ? [X2] : (? [X3] : (? [X4] : (~v19_functor0(k13_functor0(sK0,sK1,X2,X3,X4),sK0,X2) & v19_functor0(X4,sK1,X2) & v19_functor0(X3,sK0,sK1) & l2_functor0(X4,sK1,X2)) & l2_functor0(X3,sK0,sK1) & v8_functor0(X3,sK0,sK1)) & l1_altcat_1(X2) & v1_altcat_2(X2) & ~v2_struct_0(X2)) => (? [X3] : (? [X4] : (~v19_functor0(k13_functor0(sK0,sK1,sK2,X3,X4),sK0,sK2) & v19_functor0(X4,sK1,sK2) & v19_functor0(X3,sK0,sK1) & l2_functor0(X4,sK1,sK2)) & l2_functor0(X3,sK0,sK1) & v8_functor0(X3,sK0,sK1)) & l1_altcat_1(sK2) & v1_altcat_2(sK2) & ~v2_struct_0(sK2)) [choice axiom]
317. ? [X3] : (? [X4] : (~v19_functor0(k13_functor0(sK0,sK1,sK2,X3,X4),sK0,sK2) & v19_functor0(X4,sK1,sK2) & v19_functor0(X3,sK0,sK1) & l2_functor0(X4,sK1,sK2)) & l2_functor0(X3,sK0,sK1) & v8_functor0(X3,sK0,sK1)) => (? [X4] : (~v19_functor0(k13_functor0(sK0,sK1,sK2,sK3,X4),sK0,sK2) & v19_functor0(X4,sK1,sK2) & v19_functor0(sK3,sK0,sK1) & l2_functor0(X4,sK1,sK2)) & l2_functor0(sK3,sK0,sK1) & v8_functor0(sK3,sK0,sK1)) [choice axiom]
318. ? [X4] : (~v19_functor0(k13_functor0(sK0,sK1,sK2,sK3,X4),sK0,sK2) & v19_functor0(X4,sK1,sK2) & v19_functor0(sK3,sK0,sK1) & l2_functor0(X4,sK1,sK2)) => (~v19_functor0(k13_functor0(sK0,sK1,sK2,sK3,sK4),sK0,sK2) & v19_functor0(sK4,sK1,sK2) & v19_functor0(sK3,sK0,sK1) & l2_functor0(sK4,sK1,sK2)) [choice axiom]
319. ((((~v19_functor0(k13_functor0(sK0,sK1,sK2,sK3,sK4),sK0,sK2) & v19_functor0(sK4,sK1,sK2) & v19_functor0(sK3,sK0,sK1) & l2_functor0(sK4,sK1,sK2)) & l2_functor0(sK3,sK0,sK1) & v8_functor0(sK3,sK0,sK1)) & l1_altcat_1(sK2) & v1_altcat_2(sK2) & ~v2_struct_0(sK2)) & l1_altcat_1(sK1) & v1_altcat_2(sK1) & ~v2_struct_0(sK1)) & l1_altcat_1(sK0) & ~v2_struct_0(sK0) [skolemisation 154,318,317,316,315,314]
328. ! [X0] : (! [X1] : (! [X2] : (((v19_functor0(X2,X0,X1) | (~v17_functor0(X2,X0,X1) | ~v4_functor0(X2,X0,X1))) & ((v17_functor0(X2,X0,X1) & v4_functor0(X2,X0,X1)) | ~v19_functor0(X2,X0,X1))) | ~l2_functor0(X2,X0,X1)) | ~l1_altcat_1(X1)) | ~l1_altcat_1(X0)) [nnf transformation 200]
329. ! [X0] : (! [X1] : (! [X2] : (((v19_functor0(X2,X0,X1) | ~v17_functor0(X2,X0,X1) | ~v4_functor0(X2,X0,X1)) & ((v17_functor0(X2,X0,X1) & v4_functor0(X2,X0,X1)) | ~v19_functor0(X2,X0,X1))) | ~l2_functor0(X2,X0,X1)) | ~l1_altcat_1(X1)) | ~l1_altcat_1(X0)) [flattening 328]
404. ~v2_struct_0(sK0) [cnf transformation 319] {a:0,w:2,wCS:200,goal:1,sine:0,thAx:0,allAx:6,thDist:-6}
405. l1_altcat_1(sK0) [cnf transformation 319] {a:0,w:2,wCS:200,goal:1,sine:0,thAx:0,allAx:6,thDist:-6}
406. ~v2_struct_0(sK1) [cnf transformation 319] {a:0,w:2,wCS:200,goal:1,sine:0,thAx:0,allAx:6,thDist:-6}
407. v1_altcat_2(sK1) [cnf transformation 319] {a:0,w:2,wCS:200,goal:1,sine:0,thAx:0,allAx:6,thDist:-6}
408. l1_altcat_1(sK1) [cnf transformation 319] {a:0,w:2,wCS:200,goal:1,sine:0,thAx:0,allAx:6,thDist:-6}
409. ~v2_struct_0(sK2) [cnf transformation 319] {a:0,w:2,wCS:200,goal:1,sine:0,thAx:0,allAx:6,thDist:-6}
410. v1_altcat_2(sK2) [cnf transformation 319] {a:0,w:2,wCS:200,goal:1,sine:0,thAx:0,allAx:6,thDist:-6}
411. l1_altcat_1(sK2) [cnf transformation 319] {a:0,w:2,wCS:200,goal:1,sine:0,thAx:0,allAx:6,thDist:-6}
412. v8_functor0(sK3,sK0,sK1) [cnf transformation 319] {a:0,w:4,wCS:400,goal:1,sine:0,thAx:0,allAx:6,thDist:-6}
413. l2_functor0(sK3,sK0,sK1) [cnf transformation 319] {a:0,w:4,wCS:400,goal:1,sine:0,thAx:0,allAx:6,thDist:-6}
414. l2_functor0(sK4,sK1,sK2) [cnf transformation 319] {a:0,w:4,wCS:400,goal:1,sine:0,thAx:0,allAx:6,thDist:-6}
415. v19_functor0(sK3,sK0,sK1) [cnf transformation 319] {a:0,w:4,wCS:400,goal:1,sine:0,thAx:0,allAx:6,thDist:-6}
416. v19_functor0(sK4,sK1,sK2) [cnf transformation 319] {a:0,w:4,wCS:400,goal:1,sine:0,thAx:0,allAx:6,thDist:-6}
417. ~v19_functor0(k13_functor0(sK0,sK1,sK2,sK3,sK4),sK0,sK2) [cnf transformation 319] {a:0,w:9,wCS:900,goal:1,sine:0,thAx:0,allAx:6,thDist:-6}
478. ~v19_functor0(X2,X0,X1) | v4_functor0(X2,X0,X1) | ~l2_functor0(X2,X0,X1) | ~l1_altcat_1(X1) | ~l1_altcat_1(X0) [cnf transformation 329] {a:0,w:16,wCS:6400,nSel:1,sine:1,thAx:0,allAx:1,thDist:-1}
479. ~v19_functor0(X2,X0,X1) | v17_functor0(X2,X0,X1) | ~l2_functor0(X2,X0,X1) | ~l1_altcat_1(X1) | ~l1_altcat_1(X0) [cnf transformation 329] {a:0,w:16,wCS:6400,nSel:1,sine:1,thAx:0,allAx:1,thDist:-1}
480. ~v17_functor0(X2,X0,X1) | v19_functor0(X2,X0,X1) | ~v4_functor0(X2,X0,X1) | ~l2_functor0(X2,X0,X1) | ~l1_altcat_1(X1) | ~l1_altcat_1(X0) [cnf transformation 329] {a:0,w:20,wCS:8000,nSel:1,sine:1,thAx:0,allAx:1,thDist:-1}
504. v17_functor0(k13_functor0(X0,X1,X2,X3,X4),X0,X2) | ~v17_functor0(X4,X1,X2) | ~v17_functor0(X3,X0,X1) | ~l2_functor0(X4,X1,X2) | ~l2_functor0(X3,X0,X1) | ~v8_functor0(X3,X0,X1) | ~l1_altcat_1(X2) | ~v1_altcat_2(X2) | v2_struct_0(X2) | ~l1_altcat_1(X1) | ~v1_altcat_2(X1) | v2_struct_0(X1) | ~l1_altcat_1(X0) | v2_struct_0(X0) [cnf transformation 225] {a:0,w:45,wCS:18000,nSel:1,sine:2,thAx:0,allAx:1,thDist:-1}
505. v4_functor0(k13_functor0(X0,X1,X2,X3,X4),X0,X2) | ~v4_functor0(X4,X1,X2) | ~v4_functor0(X3,X0,X1) | ~l2_functor0(X4,X1,X2) | ~l2_functor0(X3,X0,X1) | ~v8_functor0(X3,X0,X1) | ~l1_altcat_1(X2) | ~v1_altcat_2(X2) | v2_struct_0(X2) | ~l1_altcat_1(X1) | ~v1_altcat_2(X1) | v2_struct_0(X1) | ~l1_altcat_1(X0) | v2_struct_0(X0) [cnf transformation 227] {a:0,w:45,wCS:18000,nSel:1,sine:2,thAx:0,allAx:1,thDist:-1}
637. l2_functor0(k13_functor0(X0,X1,X2,X3,X4),X0,X2) | ~l2_functor0(X4,X1,X2) | ~l2_functor0(X3,X0,X1) | ~v8_functor0(X3,X0,X1) | ~l1_altcat_1(X2) | ~v1_altcat_2(X2) | v2_struct_0(X2) | ~l1_altcat_1(X1) | ~v1_altcat_2(X1) | v2_struct_0(X1) | ~l1_altcat_1(X0) | v2_struct_0(X0) [cnf transformation 307] {a:0,w:37,wCS:14800,nSel:1,sine:1,thAx:0,allAx:1,thDist:-1}
679. 1 <=> v19_functor0(k13_functor0(sK0,sK1,sK2,sK3,sK4),sK0,sK2) [avatar definition]
681. ~v19_functor0(k13_functor0(sK0,sK1,sK2,sK3,sK4),sK0,sK2) <- (~1) [avatar component clause 679] {a:0,w:9,wCS:900,nSel:1,goal:1,sine:255,thAx:0,allAx:6,thDist:-6}
682. ~1 [avatar split clause 417,679]
684. 2 <=> v19_functor0(sK4,sK1,sK2) [avatar definition]
686. v19_functor0(sK4,sK1,sK2) <- (2) [avatar component clause 684] {a:0,w:4,wCS:400,nSel:1,goal:1,sine:255,thAx:0,allAx:6,thDist:-6}
687. 2 [avatar split clause 416,684]
689. 3 <=> v19_functor0(sK3,sK0,sK1) [avatar definition]
691. v19_functor0(sK3,sK0,sK1) <- (3) [avatar component clause 689] {a:0,w:4,wCS:400,nSel:1,goal:1,sine:255,thAx:0,allAx:6,thDist:-6}
692. 3 [avatar split clause 415,689]
694. 4 <=> l2_functor0(sK4,sK1,sK2) [avatar definition]
696. l2_functor0(sK4,sK1,sK2) <- (4) [avatar component clause 694] {a:0,w:4,wCS:400,nSel:1,goal:1,sine:255,thAx:0,allAx:6,thDist:-6}
697. 4 [avatar split clause 414,694]
699. 5 <=> l2_functor0(sK3,sK0,sK1) [avatar definition]
701. l2_functor0(sK3,sK0,sK1) <- (5) [avatar component clause 699] {a:0,w:4,wCS:400,nSel:1,goal:1,sine:255,thAx:0,allAx:6,thDist:-6}
702. 5 [avatar split clause 413,699]
704. 6 <=> v8_functor0(sK3,sK0,sK1) [avatar definition]
706. v8_functor0(sK3,sK0,sK1) <- (6) [avatar component clause 704] {a:0,w:4,wCS:400,nSel:1,goal:1,sine:255,thAx:0,allAx:6,thDist:-6}
707. 6 [avatar split clause 412,704]
709. 7 <=> l1_altcat_1(sK2) [avatar definition]
711. l1_altcat_1(sK2) <- (7) [avatar component clause 709] {a:0,w:2,wCS:200,nSel:1,goal:1,sine:255,thAx:0,allAx:6,thDist:-6}
712. 7 [avatar split clause 411,709]
714. 8 <=> v1_altcat_2(sK2) [avatar definition]
716. v1_altcat_2(sK2) <- (8) [avatar component clause 714] {a:0,w:2,wCS:200,nSel:1,goal:1,sine:255,thAx:0,allAx:6,thDist:-6}
717. 8 [avatar split clause 410,714]
719. 9 <=> v2_struct_0(sK2) [avatar definition]
721. ~v2_struct_0(sK2) <- (~9) [avatar component clause 719] {a:0,w:2,wCS:200,nSel:1,goal:1,sine:255,thAx:0,allAx:6,thDist:-6}
722. ~9 [avatar split clause 409,719]
724. 10 <=> l1_altcat_1(sK1) [avatar definition]
726. l1_altcat_1(sK1) <- (10) [avatar component clause 724] {a:0,w:2,wCS:200,nSel:1,goal:1,sine:255,thAx:0,allAx:6,thDist:-6}
727. 10 [avatar split clause 408,724]
729. 11 <=> v1_altcat_2(sK1) [avatar definition]
731. v1_altcat_2(sK1) <- (11) [avatar component clause 729] {a:0,w:2,wCS:200,nSel:1,goal:1,sine:255,thAx:0,allAx:6,thDist:-6}
732. 11 [avatar split clause 407,729]
734. 12 <=> v2_struct_0(sK1) [avatar definition]
736. ~v2_struct_0(sK1) <- (~12) [avatar component clause 734] {a:0,w:2,wCS:200,nSel:1,goal:1,sine:255,thAx:0,allAx:6,thDist:-6}
737. ~12 [avatar split clause 406,734]
739. 13 <=> l1_altcat_1(sK0) [avatar definition]
741. l1_altcat_1(sK0) <- (13) [avatar component clause 739] {a:0,w:2,wCS:200,nSel:1,goal:1,sine:255,thAx:0,allAx:6,thDist:-6}
742. 13 [avatar split clause 405,739]
744. 14 <=> v2_struct_0(sK0) [avatar definition]
746. ~v2_struct_0(sK0) <- (~14) [avatar component clause 744] {a:0,w:2,wCS:200,nSel:1,goal:1,sine:255,thAx:0,allAx:6,thDist:-6}
747. ~14 [avatar split clause 404,744]
1668. v4_functor0(sK4,sK1,sK2) | ~l2_functor0(sK4,sK1,sK2) | ~l1_altcat_1(sK2) | ~l1_altcat_1(sK1) <- (2) [resolution 478,686] {a:1,w:12,wCS:1200,goal:1,sine:1,thAx:0,allAx:7,thDist:-7}
1669. v4_functor0(sK3,sK0,sK1) | ~l2_functor0(sK3,sK0,sK1) | ~l1_altcat_1(sK1) | ~l1_altcat_1(sK0) <- (3) [resolution 478,691] {a:1,w:12,wCS:1200,goal:1,sine:1,thAx:0,allAx:7,thDist:-7}
1670. v4_functor0(sK4,sK1,sK2) | ~l1_altcat_1(sK2) | ~l1_altcat_1(sK1) <- (2, 4) [subsumption resolution 1668,696] {a:1,w:8,wCS:800,goal:1,sine:1,thAx:0,allAx:7,thDist:-7}
1671. v4_functor0(sK4,sK1,sK2) | ~l1_altcat_1(sK1) <- (2, 4, 7) [subsumption resolution 1670,711] {a:1,w:6,wCS:600,goal:1,sine:1,thAx:0,allAx:7,thDist:-7}
1672. v4_functor0(sK4,sK1,sK2) <- (2, 4, 7, 10) [subsumption resolution 1671,726] {a:1,w:4,wCS:400,goal:1,sine:1,thAx:0,allAx:7,thDist:-7}
1674. 77 <=> v4_functor0(sK4,sK1,sK2) [avatar definition]
1676. v4_functor0(sK4,sK1,sK2) <- (77) [avatar component clause 1674] {a:1,w:4,wCS:400,nSel:1,goal:1,sine:255,thAx:0,allAx:7,thDist:-7}
1677. 77 | ~2 | ~4 | ~7 | ~10 [avatar split clause 1672,724,709,694,684,1674]
1678. v4_functor0(sK3,sK0,sK1) | ~l1_altcat_1(sK1) | ~l1_altcat_1(sK0) <- (3, 5) [subsumption resolution 1669,701] {a:1,w:8,wCS:800,goal:1,sine:1,thAx:0,allAx:7,thDist:-7}
1679. v4_functor0(sK3,sK0,sK1) | ~l1_altcat_1(sK0) <- (3, 5, 10) [subsumption resolution 1678,726] {a:1,w:6,wCS:600,goal:1,sine:1,thAx:0,allAx:7,thDist:-7}
1680. v4_functor0(sK3,sK0,sK1) <- (3, 5, 10, 13) [subsumption resolution 1679,741] {a:1,w:4,wCS:400,goal:1,sine:1,thAx:0,allAx:7,thDist:-7}
1682. 78 <=> v4_functor0(sK3,sK0,sK1) [avatar definition]
1684. v4_functor0(sK3,sK0,sK1) <- (78) [avatar component clause 1682] {a:1,w:4,wCS:400,nSel:1,goal:1,sine:255,thAx:0,allAx:7,thDist:-7}
1685. 78 | ~3 | ~5 | ~10 | ~13 [avatar split clause 1680,739,724,699,689,1682]
1686. v17_functor0(sK4,sK1,sK2) | ~l2_functor0(sK4,sK1,sK2) | ~l1_altcat_1(sK2) | ~l1_altcat_1(sK1) <- (2) [resolution 479,686] {a:1,w:12,wCS:1200,goal:1,sine:1,thAx:0,allAx:7,thDist:-7}
1687. v17_functor0(sK3,sK0,sK1) | ~l2_functor0(sK3,sK0,sK1) | ~l1_altcat_1(sK1) | ~l1_altcat_1(sK0) <- (3) [resolution 479,691] {a:1,w:12,wCS:1200,goal:1,sine:1,thAx:0,allAx:7,thDist:-7}
1688. v17_functor0(sK4,sK1,sK2) | ~l1_altcat_1(sK2) | ~l1_altcat_1(sK1) <- (2, 4) [subsumption resolution 1686,696] {a:1,w:8,wCS:800,goal:1,sine:1,thAx:0,allAx:7,thDist:-7}
1689. v17_functor0(sK4,sK1,sK2) | ~l1_altcat_1(sK1) <- (2, 4, 7) [subsumption resolution 1688,711] {a:1,w:6,wCS:600,goal:1,sine:1,thAx:0,allAx:7,thDist:-7}
1690. v17_functor0(sK4,sK1,sK2) <- (2, 4, 7, 10) [subsumption resolution 1689,726] {a:1,w:4,wCS:400,goal:1,sine:1,thAx:0,allAx:7,thDist:-7}
1692. 79 <=> v17_functor0(sK4,sK1,sK2) [avatar definition]
1694. v17_functor0(sK4,sK1,sK2) <- (79) [avatar component clause 1692] {a:1,w:4,wCS:400,nSel:1,goal:1,sine:255,thAx:0,allAx:7,thDist:-7}
1695. 79 | ~2 | ~4 | ~7 | ~10 [avatar split clause 1690,724,709,694,684,1692]
1696. v17_functor0(sK3,sK0,sK1) | ~l1_altcat_1(sK1) | ~l1_altcat_1(sK0) <- (3, 5) [subsumption resolution 1687,701] {a:1,w:8,wCS:800,goal:1,sine:1,thAx:0,allAx:7,thDist:-7}
1697. v17_functor0(sK3,sK0,sK1) | ~l1_altcat_1(sK0) <- (3, 5, 10) [subsumption resolution 1696,726] {a:1,w:6,wCS:600,goal:1,sine:1,thAx:0,allAx:7,thDist:-7}
1698. v17_functor0(sK3,sK0,sK1) <- (3, 5, 10, 13) [subsumption resolution 1697,741] {a:1,w:4,wCS:400,goal:1,sine:1,thAx:0,allAx:7,thDist:-7}
1700. 80 <=> v17_functor0(sK3,sK0,sK1) [avatar definition]
1702. v17_functor0(sK3,sK0,sK1) <- (80) [avatar component clause 1700] {a:1,w:4,wCS:400,nSel:1,goal:1,sine:255,thAx:0,allAx:7,thDist:-7}
1703. 80 | ~3 | ~5 | ~10 | ~13 [avatar split clause 1698,739,724,699,689,1700]
1811. ~v17_functor0(X0,X1,X2) | ~v17_functor0(X3,X4,X1) | ~l2_functor0(X0,X1,X2) | ~l2_functor0(X3,X4,X1) | ~v8_functor0(X3,X4,X1) | ~l1_altcat_1(X2) | ~v1_altcat_2(X2) | v2_struct_0(X2) | ~l1_altcat_1(X1) | ~v1_altcat_2(X1) | v2_struct_0(X1) | ~l1_altcat_1(X4) | v2_struct_0(X4) | v19_functor0(k13_functor0(X4,X1,X2,X3,X0),X4,X2) | ~v4_functor0(k13_functor0(X4,X1,X2,X3,X0),X4,X2) | ~l2_functor0(k13_functor0(X4,X1,X2,X3,X0),X4,X2) | ~l1_altcat_1(X2) | ~l1_altcat_1(X4) [resolution 504,480] {a:1,w:67,wCS:26800,sine:1,thAx:0,allAx:2,thDist:-2}
1812. ~v17_functor0(X0,X1,X2) | ~v17_functor0(X3,X4,X1) | ~l2_functor0(X0,X1,X2) | ~l2_functor0(X3,X4,X1) | ~v8_functor0(X3,X4,X1) | ~l1_altcat_1(X2) | ~v1_altcat_2(X2) | v2_struct_0(X2) | ~l1_altcat_1(X1) | ~v1_altcat_2(X1) | v2_struct_0(X1) | ~l1_altcat_1(X4) | v2_struct_0(X4) | v19_functor0(k13_functor0(X4,X1,X2,X3,X0),X4,X2) | ~v4_functor0(k13_functor0(X4,X1,X2,X3,X0),X4,X2) | ~l2_functor0(k13_functor0(X4,X1,X2,X3,X0),X4,X2) [duplicate literal removal 1811] {a:1,w:63,wCS:25200,sine:1,thAx:0,allAx:2,thDist:-2}
1813. ~v4_functor0(k13_functor0(X4,X1,X2,X3,X0),X4,X2) | ~v17_functor0(X3,X4,X1) | ~l2_functor0(X0,X1,X2) | ~l2_functor0(X3,X4,X1) | ~v8_functor0(X3,X4,X1) | ~l1_altcat_1(X2) | ~v1_altcat_2(X2) | v2_struct_0(X2) | ~l1_altcat_1(X1) | ~v1_altcat_2(X1) | v2_struct_0(X1) | ~l1_altcat_1(X4) | v2_struct_0(X4) | v19_functor0(k13_functor0(X4,X1,X2,X3,X0),X4,X2) | ~v17_functor0(X0,X1,X2) [subsumption resolution 1812,637] {a:1,w:54,wCS:21600,nSel:1,sine:1,thAx:0,allAx:2,thDist:-2}
2731. ~v17_functor0(X0,X1,X2) | ~l2_functor0(X3,X2,X4) | ~l2_functor0(X0,X1,X2) | ~v8_functor0(X0,X1,X2) | ~l1_altcat_1(X4) | ~v1_altcat_2(X4) | v2_struct_0(X4) | ~l1_altcat_1(X2) | ~v1_altcat_2(X2) | v2_struct_0(X2) | ~l1_altcat_1(X1) | v2_struct_0(X1) | v19_functor0(k13_functor0(X1,X2,X4,X0,X3),X1,X4) | ~v17_functor0(X3,X2,X4) | ~v4_functor0(X3,X2,X4) | ~v4_functor0(X0,X1,X2) | ~l2_functor0(X3,X2,X4) | ~l2_functor0(X0,X1,X2) | ~v8_functor0(X0,X1,X2) | ~l1_altcat_1(X4) | ~v1_altcat_2(X4) | v2_struct_0(X4) | ~l1_altcat_1(X2) | ~v1_altcat_2(X2) | v2_struct_0(X2) | ~l1_altcat_1(X1) | v2_struct_0(X1) [resolution 1813,505] {a:2,w:81,wCS:32400,sine:1,thAx:0,allAx:3,thDist:-3}
2732. v19_functor0(k13_functor0(X1,X2,X4,X0,X3),X1,X4) | ~l2_functor0(X3,X2,X4) | ~l2_functor0(X0,X1,X2) | ~v8_functor0(X0,X1,X2) | ~l1_altcat_1(X4) | ~v1_altcat_2(X4) | v2_struct_0(X4) | ~l1_altcat_1(X2) | ~v1_altcat_2(X2) | v2_struct_0(X2) | ~l1_altcat_1(X1) | v2_struct_0(X1) | ~v17_functor0(X0,X1,X2) | ~v17_functor0(X3,X2,X4) | ~v4_functor0(X3,X2,X4) | ~v4_functor0(X0,X1,X2) [duplicate literal removal 2731] {a:2,w:53,wCS:21200,nSel:1,sine:1,thAx:0,allAx:3,thDist:-3}
3673. ~l2_functor0(sK4,sK1,sK2) | ~l2_functor0(sK3,sK0,sK1) | ~v8_functor0(sK3,sK0,sK1) | ~l1_altcat_1(sK2) | ~v1_altcat_2(sK2) | v2_struct_0(sK2) | ~l1_altcat_1(sK1) | ~v1_altcat_2(sK1) | v2_struct_0(sK1) | ~l1_altcat_1(sK0) | v2_struct_0(sK0) | ~v17_functor0(sK3,sK0,sK1) | ~v17_functor0(sK4,sK1,sK2) | ~v4_functor0(sK4,sK1,sK2) | ~v4_functor0(sK3,sK0,sK1) <- (~1) [resolution 2732,681] {a:3,w:44,wCS:4400,goal:1,sine:1,thAx:0,allAx:9,thDist:-9}
3679. ~l2_functor0(sK3,sK0,sK1) | ~v8_functor0(sK3,sK0,sK1) | ~l1_altcat_1(sK2) | ~v1_altcat_2(sK2) | v2_struct_0(sK2) | ~l1_altcat_1(sK1) | ~v1_altcat_2(sK1) | v2_struct_0(sK1) | ~l1_altcat_1(sK0) | v2_struct_0(sK0) | ~v17_functor0(sK3,sK0,sK1) | ~v17_functor0(sK4,sK1,sK2) | ~v4_functor0(sK4,sK1,sK2) | ~v4_functor0(sK3,sK0,sK1) <- (~1, 4) [subsumption resolution 3673,696] {a:3,w:40,wCS:4000,goal:1,sine:1,thAx:0,allAx:9,thDist:-9}
3680. ~v8_functor0(sK3,sK0,sK1) | ~l1_altcat_1(sK2) | ~v1_altcat_2(sK2) | v2_struct_0(sK2) | ~l1_altcat_1(sK1) | ~v1_altcat_2(sK1) | v2_struct_0(sK1) | ~l1_altcat_1(sK0) | v2_struct_0(sK0) | ~v17_functor0(sK3,sK0,sK1) | ~v17_functor0(sK4,sK1,sK2) | ~v4_functor0(sK4,sK1,sK2) | ~v4_functor0(sK3,sK0,sK1) <- (~1, 4, 5) [subsumption resolution 3679,701] {a:3,w:36,wCS:3600,goal:1,sine:1,thAx:0,allAx:9,thDist:-9}
3681. ~l1_altcat_1(sK2) | ~v1_altcat_2(sK2) | v2_struct_0(sK2) | ~l1_altcat_1(sK1) | ~v1_altcat_2(sK1) | v2_struct_0(sK1) | ~l1_altcat_1(sK0) | v2_struct_0(sK0) | ~v17_functor0(sK3,sK0,sK1) | ~v17_functor0(sK4,sK1,sK2) | ~v4_functor0(sK4,sK1,sK2) | ~v4_functor0(sK3,sK0,sK1) <- (~1, 4, 5, 6) [subsumption resolution 3680,706] {a:3,w:32,wCS:3200,goal:1,sine:1,thAx:0,allAx:9,thDist:-9}
3682. ~v1_altcat_2(sK2) | v2_struct_0(sK2) | ~l1_altcat_1(sK1) | ~v1_altcat_2(sK1) | v2_struct_0(sK1) | ~l1_altcat_1(sK0) | v2_struct_0(sK0) | ~v17_functor0(sK3,sK0,sK1) | ~v17_functor0(sK4,sK1,sK2) | ~v4_functor0(sK4,sK1,sK2) | ~v4_functor0(sK3,sK0,sK1) <- (~1, 4, 5, 6, 7) [subsumption resolution 3681,711] {a:3,w:30,wCS:3000,goal:1,sine:1,thAx:0,allAx:9,thDist:-9}
3683. v2_struct_0(sK2) | ~l1_altcat_1(sK1) | ~v1_altcat_2(sK1) | v2_struct_0(sK1) | ~l1_altcat_1(sK0) | v2_struct_0(sK0) | ~v17_functor0(sK3,sK0,sK1) | ~v17_functor0(sK4,sK1,sK2) | ~v4_functor0(sK4,sK1,sK2) | ~v4_functor0(sK3,sK0,sK1) <- (~1, 4, 5, 6, 7, 8) [subsumption resolution 3682,716] {a:3,w:28,wCS:2800,goal:1,sine:1,thAx:0,allAx:9,thDist:-9}
3684. ~l1_altcat_1(sK1) | ~v1_altcat_2(sK1) | v2_struct_0(sK1) | ~l1_altcat_1(sK0) | v2_struct_0(sK0) | ~v17_functor0(sK3,sK0,sK1) | ~v17_functor0(sK4,sK1,sK2) | ~v4_functor0(sK4,sK1,sK2) | ~v4_functor0(sK3,sK0,sK1) <- (~1, 4, 5, 6, 7, 8, ~9) [subsumption resolution 3683,721] {a:3,w:26,wCS:2600,goal:1,sine:1,thAx:0,allAx:9,thDist:-9}
3685. ~v1_altcat_2(sK1) | v2_struct_0(sK1) | ~l1_altcat_1(sK0) | v2_struct_0(sK0) | ~v17_functor0(sK3,sK0,sK1) | ~v17_functor0(sK4,sK1,sK2) | ~v4_functor0(sK4,sK1,sK2) | ~v4_functor0(sK3,sK0,sK1) <- (~1, 4, 5, 6, 7, 8, ~9, 10) [subsumption resolution 3684,726] {a:3,w:24,wCS:2400,goal:1,sine:1,thAx:0,allAx:9,thDist:-9}
3686. v2_struct_0(sK1) | ~l1_altcat_1(sK0) | v2_struct_0(sK0) | ~v17_functor0(sK3,sK0,sK1) | ~v17_functor0(sK4,sK1,sK2) | ~v4_functor0(sK4,sK1,sK2) | ~v4_functor0(sK3,sK0,sK1) <- (~1, 4, 5, 6, 7, 8, ~9, 10, 11) [subsumption resolution 3685,731] {a:3,w:22,wCS:2200,goal:1,sine:1,thAx:0,allAx:9,thDist:-9}
3687. ~l1_altcat_1(sK0) | v2_struct_0(sK0) | ~v17_functor0(sK3,sK0,sK1) | ~v17_functor0(sK4,sK1,sK2) | ~v4_functor0(sK4,sK1,sK2) | ~v4_functor0(sK3,sK0,sK1) <- (~1, 4, 5, 6, 7, 8, ~9, 10, 11, ~12) [subsumption resolution 3686,736] {a:3,w:20,wCS:2000,goal:1,sine:1,thAx:0,allAx:9,thDist:-9}
3688. v2_struct_0(sK0) | ~v17_functor0(sK3,sK0,sK1) | ~v17_functor0(sK4,sK1,sK2) | ~v4_functor0(sK4,sK1,sK2) | ~v4_functor0(sK3,sK0,sK1) <- (~1, 4, 5, 6, 7, 8, ~9, 10, 11, ~12, 13) [subsumption resolution 3687,741] {a:3,w:18,wCS:1800,goal:1,sine:1,thAx:0,allAx:9,thDist:-9}
3689. ~v17_functor0(sK3,sK0,sK1) | ~v17_functor0(sK4,sK1,sK2) | ~v4_functor0(sK4,sK1,sK2) | ~v4_functor0(sK3,sK0,sK1) <- (~1, 4, 5, 6, 7, 8, ~9, 10, 11, ~12, 13, ~14) [subsumption resolution 3688,746] {a:3,w:16,wCS:1600,goal:1,sine:1,thAx:0,allAx:9,thDist:-9}
3690. ~v17_functor0(sK4,sK1,sK2) | ~v4_functor0(sK4,sK1,sK2) | ~v4_functor0(sK3,sK0,sK1) <- (~1, 4, 5, 6, 7, 8, ~9, 10, 11, ~12, 13, ~14, 80) [subsumption resolution 3689,1702] {a:3,w:12,wCS:1200,goal:1,sine:1,thAx:0,allAx:9,thDist:-9}
3691. ~v4_functor0(sK4,sK1,sK2) | ~v4_functor0(sK3,sK0,sK1) <- (~1, 4, 5, 6, 7, 8, ~9, 10, 11, ~12, 13, ~14, 79, 80) [subsumption resolution 3690,1694] {a:3,w:8,wCS:800,goal:1,sine:1,thAx:0,allAx:9,thDist:-9}
3692. ~v4_functor0(sK3,sK0,sK1) <- (~1, 4, 5, 6, 7, 8, ~9, 10, 11, ~12, 13, ~14, 77, 79, 80) [subsumption resolution 3691,1676] {a:3,w:4,wCS:400,goal:1,sine:1,thAx:0,allAx:9,thDist:-9}
3693. $false <- (~1, 4, 5, 6, 7, 8, ~9, 10, 11, ~12, 13, ~14, 77, 78, 79, 80) [subsumption resolution 3692,1684] {a:3,w:0,goal:1,sine:1,thAx:0,allAx:9,thDist:-9}
3694. 1 | ~4 | ~5 | ~6 | ~7 | ~8 | 9 | ~10 | ~11 | 12 | ~13 | 14 | ~77 | ~78 | ~79 | ~80 [avatar contradiction clause 3693]
3695. $false [avatar sat refutation 682,687,692,697,702,707,712,717,722,727,732,737,742,747,1677,1685,1695,1703,3694] {a:0,w:0,goal:1,sine:0,thAx:0,allAx:512,thDist:-512}
% SZS output end Proof for functor1__t10_functor1
% ------------------------------
% Version: Vampire 4.5.1 (commit 226f88162 on 2021-09-12 20:13:44 +0200)
% Termination reason: Refutation

% >>> Input
% Input formulas: 135
% >>> Preprocessing
% Introduced skolems: 46
% Pure predicates: 2
% Unused predicate definitions: 1
% 
% >>> Saturation
% Initial clauses: 274
% Generated clauses: 2966
% Active clauses: 1035
% Passive clauses: 1651
% Final active clauses: 1024
% Final passive clauses: 556
% Main loop iterations started: 1095
% 
% >>> Simplifying Inferences
% Duplicate literals: 271
% Fw subsumption resolutions: 549
% 
% >>> Deletion Inferences
% Simple tautologies: 156
% Equational tautologies: 4
% Forward subsumptions: 427
% Backward subsumptions: 9
% 
% >>> Generating Inferences
% Binary resolution: 1864
% Unit resulting resolution: 1
% Factoring: 1
% Forward superposition: 22
% Backward superposition: 4
% Self superposition: 1
% Equality resolution: 12
% 
% >>> AVATAR
% Split clauses: 4
% Split components: 8
% Sat splitting refutations: 2
% 
% >>> SAT Solver Statistics
% SAT solver clauses: 83
% SAT solver unit clauses: 50
% SAT solver binary clauses: 19
% 
% Memory used [KB]: 12153
% Time elapsed: 0.028 s
% ------------------------------
% ------------------------------
% Time measurement results:
% parsing: 0.001 s
% term sharing: 0.002 s
% binary resolution index maintenance: 0.002 s
% backward subsumption index maintenance: 0.001 s
% splitting component index usage: 0.001 s
% forward subsumption: 0.006 s
% forward subsumption resolution: 0.003 s
% forward demodulation: 0.001 s
% resolution: 0.001 s
% unit resulting resolution: 0.003 s ( own 0.001 s ) 
% superposition: 0.002 s
% other: 0.028 s ( own 0.007 s ) 

