i: [1,414,0,2,1,1,0,0] t6_yellow14
a: [3,648,0,2,1,414]
s: 648
i: [1,410,0,2,1,1,0,0] t6_yellow14
a: [3,668,0,2,1,410]
s: 668
i: [1,409,0,2,1,1,0,0] t6_yellow14
a: [3,673,0,2,1,409]
s: 673
i: [1,408,0,2,1,1,0,0] t6_yellow14
a: [3,678,0,2,1,408]
s: 678
i: [1,407,0,2,1,1,0,0] t6_yellow14
a: [3,683,0,2,1,407]
s: 683
i: [1,411,0,6,1,1,0,0] t6_yellow14
a: [3,663,0,6,1,411]
s: 663
i: [1,413,0,7,1,1,0,0] t6_yellow14
a: [3,653,0,7,1,413]
s: 653
i: [1,412,0,8,1,1,0,0] t6_yellow14
a: [3,658,0,8,1,412]
s: 658
i: [1,415,0,2,1,0,0,255] spc1_boole
a: [3,688,0,2,1,415]
s: 688
i: [1,416,0,2,1,0,0,255] dt_o_0_0_xboole_0
a: [3,693,0,2,1,416]
s: 693
i: [1,417,0,2,1,0,0,255] fc1_xboole_0
a: [3,698,0,2,1,417]
s: 698
i: [1,605,0,2,1,0,0,2] rc2_xboole_0
a: [3,708,0,2,1,605]
s: 708
i: [1,606,0,2,1,0,0,1] existence_l1_struct_0
a: [3,713,0,2,1,606]
s: 713
i: [1,607,0,2,1,0,0,2] rc1_xboole_0
a: [3,718,0,2,1,607]
s: 718
i: [1,609,0,2,1,0,0,255] rc7_funct_1
a: [3,723,0,2,1,609]
s: 723
i: [1,608,0,2,1,0,0,255] rc7_funct_1
a: [3,728,0,2,1,608]
s: 728
i: [1,611,0,2,1,0,0,2] rc1_finset_1
a: [3,733,0,2,1,611]
s: 733
i: [1,610,0,2,1,0,0,2] rc1_finset_1
a: [3,738,0,2,1,610]
s: 738
i: [1,614,0,2,1,0,0,255] rc8_finset_1
a: [3,743,0,2,1,614]
s: 743
i: [1,613,0,2,1,0,0,255] rc8_finset_1
a: [3,748,0,2,1,613]
s: 748
i: [1,612,0,2,1,0,0,255] rc8_finset_1
a: [3,753,0,2,1,612]
s: 753
i: [1,616,0,2,1,0,0,2] rc1_relat_1
a: [3,758,0,2,1,616]
s: 758
i: [1,615,0,2,1,0,0,2] rc1_relat_1
a: [3,763,0,2,1,615]
s: 763
i: [1,619,0,2,1,0,0,255] rc4_funct_1
a: [3,768,0,2,1,619]
s: 768
i: [1,618,0,2,1,0,0,255] rc4_funct_1
a: [3,773,0,2,1,618]
s: 773
i: [1,617,0,2,1,0,0,255] rc4_funct_1
a: [3,778,0,2,1,617]
s: 778
i: [1,623,0,2,1,0,0,255] rc9_finset_1
a: [3,783,0,2,1,623]
s: 783
i: [1,622,0,2,1,0,0,255] rc9_finset_1
a: [3,788,0,2,1,622]
s: 788
i: [1,621,0,2,1,0,0,255] rc9_finset_1
a: [3,793,0,2,1,621]
s: 793
i: [1,620,0,2,1,0,0,255] rc9_finset_1
a: [3,798,0,2,1,620]
s: 798
i: [1,627,0,2,1,0,0,2] rc3_finset_1
a: [3,803,0,2,1,627]
s: 803
i: [1,626,0,2,1,0,0,2] rc3_finset_1
a: [3,808,0,2,1,626]
s: 808
i: [1,625,0,2,1,0,0,2] rc3_finset_1
a: [3,813,0,2,1,625]
s: 813
i: [1,624,0,2,1,0,0,2] rc3_finset_1
a: [3,818,0,2,1,624]
s: 818
i: [1,628,0,2,1,0,0,255] rc2_relat_1
a: [3,823,0,2,1,628]
s: 823
i: [1,630,0,2,1,0,0,255] rc3_funct_1
a: [3,828,0,2,1,630]
s: 828
i: [1,629,0,2,1,0,0,255] rc3_funct_1
a: [3,833,0,2,1,629]
s: 833
i: [1,632,0,2,1,0,0,1] rc1_funct_1
a: [3,838,0,2,1,632]
s: 838
i: [1,631,0,2,1,0,0,1] rc1_funct_1
a: [3,843,0,2,1,631]
s: 843
i: [1,635,0,2,1,0,0,255] rc5_funct_1
a: [3,848,0,2,1,635]
s: 848
i: [1,634,0,2,1,0,0,255] rc5_funct_1
a: [3,853,0,2,1,634]
s: 853
i: [1,633,0,2,1,0,0,255] rc5_funct_1
a: [3,858,0,2,1,633]
s: 858
i: [1,637,0,2,1,0,0,255] rc2_funct_1
a: [3,863,0,2,1,637]
s: 863
i: [1,636,0,2,1,0,0,255] rc2_funct_1
a: [3,868,0,2,1,636]
s: 868
i: [1,640,0,2,1,0,0,255] rc1_funcop_1
a: [3,873,0,2,1,640]
s: 873
i: [1,639,0,2,1,0,0,255] rc1_funcop_1
a: [3,878,0,2,1,639]
s: 878
i: [1,638,0,2,1,0,0,255] rc1_funcop_1
a: [3,883,0,2,1,638]
s: 883
i: [1,644,0,2,1,0,0,255] rc2_funcop_1
a: [3,888,0,2,1,644]
s: 888
i: [1,643,0,2,1,0,0,255] rc2_funcop_1
a: [3,893,0,2,1,643]
s: 893
i: [1,642,0,2,1,0,0,255] rc2_funcop_1
a: [3,898,0,2,1,642]
s: 898
i: [1,641,0,2,1,0,0,255] rc2_funcop_1
a: [3,903,0,2,1,641]
s: 903
i: [1,419,0,3,1,0,0,1] fc1_subset_1
s: 419
i: [1,535,0,3,1,0,0,255] rc9_funct_1
s: 535
i: [1,537,0,3,1,0,0,255] rc9_funct_1
s: 537
i: [1,538,0,3,1,0,0,255] rc4_funcop_1
s: 538
i: [1,540,0,3,1,0,0,255] rc4_funcop_1
s: 540
i: [1,543,0,3,1,0,0,1] rc2_subset_1
s: 543
i: [1,546,0,3,1,0,0,255] reflexivity_r1_tarski
s: 546
i: [1,418,0,3,1,0,0,255] d2_xboole_0
a: [3,703,0,3,1,418]
s: 703
r: 698
i: [1,425,0,4,2,0,0,2] cc5_finset_1
s: 425
i: [1,463,0,4,2,0,0,2] cc4_finset_1
s: 463
i: [1,468,0,4,2,0,0,255] cc7_funct_1
s: 468
i: [1,469,0,4,2,0,0,255] cc6_finset_1
s: 469
d: [2,906,1,2,1,1,40,468,693]
a: [3,912,1,2,1,906]
s: 912
i: [1,470,0,4,2,0,0,2] cc1_finset_1
s: 470
i: [1,471,0,4,2,0,0,1] cc1_funct_1
s: 471
d: [2,908,1,2,1,1,40,468,718]
a: [3,917,1,2,1,908]
s: 917
i: [1,472,0,4,2,0,0,2] cc1_relat_1
s: 472
d: [2,919,1,2,1,1,40,469,693]
a: [3,925,1,2,1,919]
s: 925
i: [1,534,0,4,1,0,0,1] existence_m1_subset_1
s: 534
i: [1,536,0,4,1,0,0,255] rc9_funct_1
s: 536
d: [2,921,1,2,1,1,40,469,718]
a: [3,930,1,2,1,921]
s: 930
i: [1,539,0,4,1,0,0,255] rc4_funcop_1
s: 539
d: [2,932,1,2,1,1,40,470,693]
a: [3,938,1,2,1,932]
s: 938
i: [1,541,0,4,1,0,0,255] rc4_funcop_1
s: 541
i: [1,545,0,4,1,0,0,2] rc3_subset_1
s: 545
d: [2,934,1,2,1,1,40,470,718]
a: [3,943,1,2,1,934]
s: 943
i: [1,547,0,4,1,0,0,1] fc6_relat_1
s: 547
d: [2,945,1,2,1,1,40,471,693]
a: [3,951,1,2,1,945]
s: 951
i: [1,581,0,4,1,0,0,2] rc3_relat_1
s: 581
i: [1,584,0,4,1,0,0,2] rc6_funct_1
s: 584
d: [2,947,1,2,1,1,40,471,718]
a: [3,956,1,2,1,947]
s: 956
i: [1,587,0,4,1,0,0,2] rc6_funct_1
s: 587
d: [2,958,1,2,1,1,40,472,693]
a: [3,964,1,2,1,958]
s: 964
i: [1,588,0,4,1,0,0,2] rc5_finset_1
s: 588
i: [1,591,0,4,1,0,0,2] rc5_finset_1
s: 591
d: [2,960,1,2,1,1,40,472,718]
a: [3,969,1,2,1,960]
s: 969
i: [1,592,0,4,1,0,0,2] rc5_finset_1
s: 592
d: [2,907,1,3,1,0,40,468,543]
s: 907
i: [1,594,0,4,1,0,0,2] rc1_relset_1
s: 594
i: [1,595,0,4,1,0,0,2] rc1_relset_1
s: 595
d: [2,920,1,3,1,0,40,469,543]
s: 920
i: [1,599,0,4,1,0,0,1] rc1_funct_2
s: 599
d: [2,933,1,3,1,0,40,470,543]
s: 933
i: [1,602,0,4,1,0,0,1] rc1_funct_2
s: 602
i: [1,421,0,5,2,0,0,2] rc6_subset_1
s: 421
d: [2,946,1,3,1,0,40,471,543]
s: 946
i: [1,423,0,5,2,0,0,2] rc7_finset_1
s: 423
d: [2,959,1,3,1,0,40,472,543]
s: 959
i: [1,424,0,5,2,0,0,2] rc7_finset_1
s: 424
i: [1,429,0,5,2,0,0,1] rc1_subset_1
s: 429
d: [2,971,1,4,1,0,40,594,472]
s: 971
i: [1,431,0,5,2,0,0,2] rc5_subset_1
s: 431
d: [2,972,1,4,1,0,40,594,471]
s: 972
i: [1,432,0,5,2,0,0,2] rc5_subset_1
s: 432
i: [1,434,0,5,2,0,0,2] rc2_finset_1
s: 434
d: [2,973,1,4,1,0,40,594,470]
s: 973
i: [1,435,0,5,2,0,0,2] rc2_finset_1
s: 435
d: [2,974,1,4,1,0,40,594,469]
s: 974
i: [1,465,0,5,2,0,0,255] fc31_finset_1
s: 465
i: [1,466,0,5,2,0,0,2] fc17_finset_1
s: 466
d: [2,975,1,4,1,0,40,594,468]
s: 975
i: [1,473,0,5,2,0,0,255] t6_boole
s: 473
i: [1,474,0,5,2,0,0,2] fc11_relat_1
s: 474
i: [1,531,0,5,2,0,0,255] t7_boole
s: 531
i: [1,542,0,5,1,0,0,1] rc2_subset_1
s: 542
i: [1,544,0,5,1,0,0,2] rc3_subset_1
s: 544
i: [1,582,0,5,1,0,0,2] rc3_relat_1
s: 582
i: [1,583,0,5,1,0,0,2] rc3_relat_1
s: 583
i: [1,585,0,5,1,0,0,2] rc6_funct_1
s: 585
i: [1,586,0,5,1,0,0,2] rc6_funct_1
s: 586
i: [1,589,0,5,1,0,0,2] rc5_finset_1
s: 589
i: [1,590,0,5,1,0,0,2] rc5_finset_1
s: 590
i: [1,596,0,5,1,0,0,2] rc1_relset_1
s: 596
i: [1,597,0,5,1,0,0,2] rc1_relset_1
s: 597
i: [1,600,0,5,1,0,0,1] rc1_funct_2
s: 600
i: [1,601,0,5,1,0,0,1] rc1_funct_2
s: 601
d: [2,977,0,5,2,1,22,473,703]
s: 977
d: [2,976,1,5,2,0,40,432,425]
s: 976
i: [1,437,0,6,2,0,0,2] rc4_subset_1
s: 437
i: [1,447,0,6,3,0,0,255] cc7_struct_0
s: 447
d: [2,978,1,5,2,0,40,474,472]
s: 978
i: [1,448,0,6,3,0,0,255] cc5_struct_0
s: 448
d: [2,990,1,4,2,1,40,448,648]
d: [2,991,1,2,1,2,21,990,683]
a: [3,995,1,2,1,991]
s: 995
i: [1,450,0,6,3,0,0,255] cc2_struct_0
s: 450
i: [1,451,0,6,3,0,0,255] cc17_struct_0
s: 451
d: [2,997,1,4,2,1,40,450,648]
d: [2,998,1,2,1,2,21,997,683]
a: [3,1002,1,2,1,998]
s: 1002
i: [1,452,0,6,3,0,0,255] cc6_struct_0
s: 452
d: [2,979,1,5,2,0,40,474,471]
s: 979
i: [1,453,0,6,3,0,0,255] cc1_struct_0
s: 453
i: [1,456,0,6,3,0,0,255] cc4_struct_0
s: 456
d: [2,980,1,5,2,0,40,474,470]
s: 980
i: [1,511,0,6,3,0,0,255] cc9_finset_1
s: 511
d: [2,1005,0,4,2,0,21,511,472]
s: 1005
i: [1,526,0,6,2,0,0,255] t1_subset
s: 526
i: [1,550,0,6,2,0,0,255] rc3_funcop_1
s: 550
d: [2,1006,1,2,1,1,40,1005,693]
a: [3,1014,1,2,1,1006]
s: 1014
i: [1,553,0,6,2,0,0,255] rc3_funcop_1
s: 553
d: [2,1010,1,2,1,1,40,1005,718]
a: [3,1019,1,2,1,1010]
s: 1019
i: [1,561,0,6,2,0,0,255] antisymmetry_r2_hidden
s: 561
i: [1,603,0,6,1,0,0,1] rc1_funct_2
s: 603
d: [2,1008,1,3,1,0,40,1005,543]
s: 1008
i: [1,420,0,7,2,0,0,2] rc6_subset_1
s: 420
d: [2,1009,1,4,1,0,40,1005,594]
s: 1009
i: [1,422,0,7,2,0,0,2] rc7_finset_1
s: 422
i: [1,428,0,7,2,0,0,1] rc1_subset_1
s: 428
d: [2,981,1,5,2,0,40,474,469]
s: 981
i: [1,430,0,7,2,0,0,2] rc5_subset_1
s: 430
d: [2,982,1,5,2,0,40,474,468]
s: 982
i: [1,433,0,7,2,0,0,2] rc2_finset_1
s: 433
i: [1,436,0,7,2,0,0,2] rc4_subset_1
s: 436
d: [2,1007,1,5,2,0,40,1005,474]
s: 1007
i: [1,438,0,7,3,0,0,255] cc8_funct_1
s: 438
d: [2,1022,1,9,2,1,40,438,658]
a: [3,1035,1,7,1,1022]
s: 1035
i: [1,439,0,7,3,0,0,255] cc8_funct_1
s: 439
i: [1,444,0,7,2,0,0,1] fc12_struct_0
s: 444
d: [2,1029,1,5,2,0,40,438,534]
s: 1029
i: [1,445,0,7,2,0,0,1] d3_struct_0
s: 445
d: [2,1048,1,5,2,0,40,439,534]
s: 1048
i: [1,454,0,7,3,0,0,255] cc8_struct_0
s: 454
i: [1,457,0,7,3,0,0,255] cc11_struct_0
s: 457
d: [2,1031,1,6,2,0,40,438,544]
s: 1031
i: [1,458,0,7,3,0,0,255] cc11_struct_0
s: 458
d: [2,1050,1,6,2,0,40,439,544]
s: 1050
i: [1,459,0,7,3,0,0,255] cc9_struct_0
s: 459
i: [1,461,0,7,3,0,0,255] cc7_finset_1
s: 461
d: [2,1055,1,9,2,1,40,461,658]
a: [3,1068,1,7,1,1055]
s: 1068
i: [1,484,0,7,3,0,0,255] fc9_struct_0
s: 484
d: [2,1074,2,6,1,1,40,1068,465]
a: [3,1078,2,6,1,1074]
s: 1078
i: [1,485,0,7,3,0,0,255] fc6_struct_0
s: 485
i: [1,487,0,7,3,0,0,255] rc22_struct_0
s: 487
d: [2,1062,1,5,2,0,40,461,534]
s: 1062
i: [1,488,0,7,3,0,0,1] fc5_struct_0
s: 488
d: [2,1064,1,6,2,0,40,461,544]
s: 1064
i: [1,489,0,7,3,0,0,1] fc2_struct_0
s: 489
i: [1,491,0,7,3,0,0,1] rc4_struct_0
s: 491
d: [2,1082,2,5,2,0,40,1064,465]
s: 1082
i: [1,493,0,7,3,0,0,1] rc21_struct_0
s: 493
i: [1,494,0,7,3,0,0,1] rc21_struct_0
s: 494
i: [1,495,0,7,3,0,0,2] fc9_relat_1
s: 495
i: [1,496,0,7,3,0,0,255] fc8_struct_0
s: 496
i: [1,497,0,7,3,0,0,255] fc7_struct_0
s: 497
i: [1,498,0,7,3,0,0,1] fc4_struct_0
s: 498
i: [1,499,0,7,3,0,0,1] fc1_struct_0
s: 499
i: [1,503,0,7,3,0,0,2] fc25_relat_1
s: 503
i: [1,513,0,7,3,0,0,255] fc36_finset_1
s: 513
i: [1,514,0,7,3,0,0,2] fc22_finset_1
s: 514
i: [1,529,0,7,2,0,0,255] t3_subset
s: 529
i: [1,530,0,7,3,0,0,1] t8_boole
s: 530
i: [1,551,0,7,2,0,0,255] rc3_funcop_1
s: 551
i: [1,552,0,7,2,0,0,255] rc3_funcop_1
s: 552
i: [1,554,0,7,2,0,0,255] rc3_funcop_1
s: 554
d: [2,1053,0,7,3,1,22,454,703]
s: 1053
d: [2,1054,0,7,3,1,22,459,703]
s: 1054
i: [1,440,0,8,3,0,0,255] cc9_funct_1
s: 440
i: [1,446,0,8,2,0,0,1] dt_k2_struct_0
s: 446
d: [2,1117,1,8,2,1,40,440,658]
a: [3,1130,1,6,1,1117]
s: 1130
i: [1,462,0,8,3,0,0,255] cc8_finset_1
s: 462
d: [2,1144,1,8,2,1,40,462,658]
a: [3,1157,1,6,1,1144]
s: 1157
i: [1,464,0,8,3,0,0,2] cc5_subset_1
s: 464
i: [1,467,0,8,3,0,0,2] cc2_finset_1
s: 467
d: [2,1165,1,8,2,1,40,464,658]
a: [3,1178,1,6,1,1165]
s: 1178
i: [1,475,0,8,3,0,0,1] cc1_subset_1
s: 475
d: [2,1198,1,8,2,1,40,475,658]
a: [3,1211,1,6,1,1198]
s: 1211
i: [1,483,0,8,3,0,0,1] cc2_relat_1
s: 483
i: [1,502,0,8,4,0,0,255] cc6_funct_1
s: 502
a: [3,1039,1,2,1,1022]
s: 1039
i: [1,508,0,8,4,0,0,255] cc4_funct_1
s: 508
d: [2,1235,0,6,3,0,21,508,471]
d: [2,1236,0,4,2,0,21,1235,472]
s: 1236
i: [1,516,0,8,4,0,0,255] cc5_funct_1
s: 516
i: [1,524,0,8,4,0,0,255] cc3_funcop_1
s: 524
d: [2,1239,1,2,1,1,40,1236,693]
a: [3,1247,1,2,1,1239]
s: 1247
d: [2,1254,0,6,3,0,21,524,472]
d: [2,1255,0,4,2,0,21,1254,471]
s: 1255
d: [2,1243,1,2,1,1,40,1236,718]
a: [3,1252,1,2,1,1243]
s: 1252
i: [1,527,0,8,3,0,0,255] t2_subset
s: 527
i: [1,562,0,8,3,0,0,1] fc10_subset_1
s: 562
d: [2,1276,1,15,2,1,40,527,658]
d: [2,1288,1,8,1,1,21,1276,419]
a: [3,1292,1,8,1,1288]
s: 1292
i: [1,566,0,8,3,0,0,2] rc6_finset_1
s: 566
d: [2,1259,1,2,1,1,40,1255,693]
a: [3,1267,1,2,1,1259]
s: 1267
i: [1,567,0,8,3,0,0,2] rc6_finset_1
s: 567
i: [1,570,0,8,3,0,0,2] rc6_finset_1
s: 570
d: [2,1263,1,2,1,1,40,1255,718]
a: [3,1272,1,2,1,1263]
s: 1272
i: [1,571,0,8,3,0,0,2] rc6_finset_1
s: 571
d: [2,1302,2,8,1,1,40,1292,561]
a: [3,1308,2,8,1,1302]
s: 1308
i: [1,572,0,8,3,0,0,1] fc14_finset_1
s: 572
i: [1,577,0,8,2,0,0,1] cc1_relset_1
s: 577
d: [2,1311,3,6,2,1,40,572,1078]
a: [3,1315,3,3,1,1311]
s: 1315
d: [2,1332,4,0,0,3,52,995,683,1315,496]
e: 1332
d: [2,1333,4,4,2,1,40,1315,496]
d: [2,1335,4,2,1,2,21,1333,683]
d: [2,1336,4,0,0,3,21,1335,995]
e: 1336
r: 1315
i: [1,593,0,8,1,0,0,2] rc1_relset_1
s: 593
a: [3,1314,3,3,1,1311]
s: 1314
i: [1,598,0,8,1,0,0,1] rc1_funct_2
s: 598
i: [1,460,0,9,4,0,0,255] cc10_struct_0
s: 460
a: [3,1319,3,3,1,1311]
s: 1319
i: [1,476,0,9,3,0,0,2] cc4_subset_1
s: 476
d: [2,1367,4,4,2,1,40,1319,496]
d: [2,1368,4,2,1,2,21,1367,673]
a: [3,1372,4,2,1,1368]
s: 1372
i: [1,477,0,9,4,0,0,2] cc8_relat_1
s: 477
i: [1,480,0,9,4,0,0,2] cc7_relat_1
s: 480
d: [2,1241,1,3,1,0,40,1236,543]
s: 1241
i: [1,515,0,9,4,0,0,255] fc13_funct_1
s: 515
d: [2,1261,1,3,1,0,40,1255,543]
s: 1261
i: [1,521,0,9,4,0,0,255] fc12_funct_1
s: 521
i: [1,533,0,9,3,0,0,255] t5_subset
s: 533
d: [2,1242,1,4,1,0,40,1236,594]
s: 1242
i: [1,568,0,9,3,0,0,2] rc6_finset_1
s: 568
d: [2,1262,1,4,1,0,40,1255,594]
s: 1262
i: [1,569,0,9,3,0,0,2] rc6_finset_1
s: 569
i: [1,578,0,9,2,0,0,2] cc2_relset_1
s: 578
d: [2,1436,1,4,1,1,40,578,658]
a: [3,1451,1,4,1,1436]
s: 1451
i: [1,579,0,9,2,0,0,2] cc2_relset_1
s: 579
d: [2,1453,2,7,3,1,40,1451,480]
d: [2,1454,2,5,2,2,21,1453,1039]
a: [3,1458,2,3,1,1454]
s: 1458
d: [2,1478,3,0,0,3,52,648,683,1458,499]
e: 1478
d: [2,1479,3,4,2,1,40,1458,499]
d: [2,1481,3,2,1,2,21,1479,683]
d: [2,1482,3,0,0,3,21,1481,648]
e: 1482
r: 1458
i: [1,486,0,10,3,0,0,255] rc22_struct_0
s: 486
i: [1,490,0,10,3,0,0,1] rc4_struct_0
s: 490
a: [3,1215,1,2,1,1198]
s: 1215
i: [1,492,0,10,3,0,0,1] rc21_struct_0
s: 492
a: [3,1072,1,2,1,1055]
s: 1072
i: [1,525,0,10,4,0,0,1] cc3_funct_1
s: 525
i: [1,532,0,10,3,0,0,255] t4_subset
s: 532
a: [3,1134,1,2,1,1117]
s: 1134
i: [1,549,0,10,2,0,0,255] rc3_funcop_1
s: 549
a: [3,1161,1,2,1,1144]
s: 1161
i: [1,558,0,10,3,0,0,1] cc3_relset_1
s: 558
i: [1,559,0,10,3,0,0,1] cc4_relset_1
s: 559
d: [2,1515,2,2,1,1,40,1215,1005]
a: [3,1524,2,2,1,1515]
s: 1524
i: [1,426,0,11,4,0,0,2] cc3_subset_1
s: 426
r: 1211
d: [2,1516,2,2,1,1,40,1215,1236]
a: [3,1529,2,2,1,1516]
s: 1529
i: [1,427,0,11,4,0,0,2] cc2_subset_1
s: 427
i: [1,443,0,11,5,0,0,255] cc1_funcop_1
s: 443
d: [2,1517,2,2,1,1,40,1215,1255]
a: [3,1534,2,2,1,1517]
s: 1534
i: [1,573,0,11,3,0,0,1] redefinition_k2_relset_1
s: 573
a: [3,1457,2,3,1,1454]
s: 1457
i: [1,574,0,11,3,0,0,1] dt_k2_relset_1
s: 574
i: [1,604,0,11,2,0,0,2] fc9_relset_1
s: 604
d: [2,1703,3,3,1,1,40,1457,468]
a: [3,1714,3,3,1,1703]
s: 1714
i: [1,575,0,12,4,0,0,2] cc6_relat_1
s: 575
d: [2,1704,3,3,1,1,40,1457,469]
a: [3,1719,3,3,1,1704]
s: 1719
i: [1,576,0,12,4,0,0,2] cc5_relat_1
s: 576
i: [1,528,0,13,3,0,0,255] cc4_funct_2
s: 528
d: [2,1706,3,3,1,1,40,1457,471]
a: [3,1724,3,3,1,1706]
s: 1724
i: [1,580,0,13,3,0,0,255] cc1_funct_2
s: 580
d: [2,1707,3,3,1,1,40,1457,472]
a: [3,1729,3,3,1,1707]
s: 1729
i: [1,548,0,15,4,0,0,255] cc3_funct_2
s: 548
i: [1,560,0,15,4,0,0,255] cc2_funct_2
s: 560
d: [2,1869,1,13,3,1,40,548,658]
d: [2,1883,1,7,2,2,21,1869,663]
a: [3,1887,1,3,1,1883]
s: 1887
d: [2,1913,2,0,0,3,52,678,673,1887,489]
e: 1913
d: [2,1914,4,0,0,2,52,1319,1887,470]
e: 1914
d: [2,1915,2,4,2,1,40,1887,489]
d: [2,1926,2,2,1,2,21,1915,673]
d: [2,1927,2,0,0,3,21,1926,678]
e: 1927
d: [2,1918,2,3,1,1,40,1887,470]
d: [2,1929,2,0,0,2,21,1918,1319]
e: 1929
r: 1887
i: [1,557,0,16,5,0,0,1] cc3_finset_1
s: 557
a: [3,1886,1,3,1,1883]
s: 1886
i: [1,564,0,18,6,0,0,1] cc8_funct_2
s: 564
d: [2,1950,0,16,5,0,21,564,471]
s: 1950
d: [2,1708,3,3,1,1,40,1457,1005]
a: [3,1734,3,3,1,1708]
s: 1734
d: [2,1461,1,4,1,1,40,579,658]
a: [3,1476,1,4,1,1461]
s: 1476
d: [2,1709,3,3,1,1,40,1457,1236]
a: [3,1739,3,3,1,1709]
s: 1739
a: [3,1891,1,4,1,1883]
s: 1891
d: [2,1692,1,11,3,1,44,573,653]
d: [2,1694,1,9,2,2,21,1692,1039]
a: [3,1698,1,5,1,1694]
s: 1698
d: [2,1973,2,5,2,1,44,474,1698]
d: [2,1986,2,3,1,2,21,1973,1215]
a: [3,1990,2,3,1,1986]
s: 1990
d: [2,2044,3,0,0,3,52,678,673,1990,488]
e: 2044
d: [2,2045,3,4,2,1,40,1990,488]
d: [2,2056,3,2,1,2,21,2045,673]
d: [2,2057,3,0,0,3,21,2056,678]
e: 2057
d: [2,2054,3,5,2,1,44,1990,445]
d: [2,2059,3,2,1,2,21,2054,1886]
d: [2,2060,3,0,0,3,21,2059,673]
e: 2060
d: [2,1219,1,8,2,1,40,483,658]
d: [2,1229,1,2,1,1,21,1219,547]
d: [2,1693,1,11,3,1,44,653,573]
d: [2,1700,1,9,2,2,21,1693,1039]
f: 2057,1986,1700,1482,1461,1454,1436,1229,407,408,409,412,413,414
% Refutation found. Thanks to Tanya!
% SZS status Theorem for yellow14__t6_yellow14
% SZS output start Proof for yellow14__t6_yellow14
1. ! [X0] : (l1_struct_0(X0) => ! [X1] : ((l1_struct_0(X1) & ~v2_struct_0(X1)) => ! [X2] : ((m1_subset_1(X2,k1_zfmisc_1(k2_zfmisc_1(u1_struct_0(X0),u1_struct_0(X1)))) & v1_funct_2(X2,u1_struct_0(X0),u1_struct_0(X1)) & v1_funct_1(X2)) => ~(v2_struct_0(X0) & k2_relset_1(u1_struct_0(X1),X2) = k2_struct_0(X1))))) [input t6_yellow14]
2. ~! [X0] : (l1_struct_0(X0) => ! [X1] : ((l1_struct_0(X1) & ~v2_struct_0(X1)) => ! [X2] : ((m1_subset_1(X2,k1_zfmisc_1(k2_zfmisc_1(u1_struct_0(X0),u1_struct_0(X1)))) & v1_funct_2(X2,u1_struct_0(X0),u1_struct_0(X1)) & v1_funct_1(X2)) => ~(v2_struct_0(X0) & k2_relset_1(u1_struct_0(X1),X2) = k2_struct_0(X1))))) [negated conjecture 1]
66. ! [X0] : (v1_relat_1(X0) => ! [X1] : (m1_subset_1(X1,k1_zfmisc_1(X0)) => v1_relat_1(X1))) [input cc2_relat_1]
85. ! [X0] : (v1_xboole_0(X0) => ! [X1] : ((v4_relat_1(X1,X0) & v1_relat_1(X1)) => (v4_relat_1(X1,X0) & v1_relat_1(X1) & v1_xboole_0(X1)))) [input cc7_relat_1]
92. ! [X0] : (v1_xboole_0(X0) => v1_xboole_0(k10_xtuple_0(X0))) [input fc11_relat_1]
121. ! [X0,X1] : ((v5_relat_1(X1,X0) & v1_relat_1(X1)) => k2_relset_1(X0,X1) = k10_xtuple_0(X1)) [input redefinition_k2_relset_1]
131. ! [X0,X1] : ! [X2] : (m1_subset_1(X2,k1_zfmisc_1(k2_zfmisc_1(X0,X1))) => (v5_relat_1(X2,X1) & v4_relat_1(X2,X0))) [input cc2_relset_1]
136. ! [X0] : ((l1_struct_0(X0) & v2_struct_0(X0)) => v1_xboole_0(u1_struct_0(X0))) [input fc1_struct_0]
140. ! [X0] : ((l1_struct_0(X0) & ~v2_struct_0(X0)) => ~v1_xboole_0(k2_struct_0(X0))) [input fc5_struct_0]
141. ! [X0,X1] : v1_relat_1(k2_zfmisc_1(X0,X1)) [input fc6_relat_1]
154. ! [X0,X1,X2] : (m1_subset_1(X2,k1_zfmisc_1(k2_zfmisc_1(X0,X1))) => (v5_relat_1(X2,X1) & v4_relat_1(X2,X0))) [flattening 131]
168. ? [X0] : (? [X1] : (? [X2] : ((v2_struct_0(X0) & k2_relset_1(u1_struct_0(X1),X2) = k2_struct_0(X1)) & (m1_subset_1(X2,k1_zfmisc_1(k2_zfmisc_1(u1_struct_0(X0),u1_struct_0(X1)))) & v1_funct_2(X2,u1_struct_0(X0),u1_struct_0(X1)) & v1_funct_1(X2))) & (l1_struct_0(X1) & ~v2_struct_0(X1))) & l1_struct_0(X0)) [ennf transformation 2]
169. ? [X0] : (? [X1] : (? [X2] : (v2_struct_0(X0) & k2_relset_1(u1_struct_0(X1),X2) = k2_struct_0(X1) & m1_subset_1(X2,k1_zfmisc_1(k2_zfmisc_1(u1_struct_0(X0),u1_struct_0(X1)))) & v1_funct_2(X2,u1_struct_0(X0),u1_struct_0(X1)) & v1_funct_1(X2)) & l1_struct_0(X1) & ~v2_struct_0(X1)) & l1_struct_0(X0)) [flattening 168]
223. ! [X0] : (v1_xboole_0(k10_xtuple_0(X0)) | ~v1_xboole_0(X0)) [ennf transformation 92]
228. ! [X0] : (! [X1] : ((v4_relat_1(X1,X0) & v1_relat_1(X1) & v1_xboole_0(X1)) | (~v4_relat_1(X1,X0) | ~v1_relat_1(X1))) | ~v1_xboole_0(X0)) [ennf transformation 85]
229. ! [X0] : (! [X1] : ((v4_relat_1(X1,X0) & v1_relat_1(X1) & v1_xboole_0(X1)) | ~v4_relat_1(X1,X0) | ~v1_relat_1(X1)) | ~v1_xboole_0(X0)) [flattening 228]
230. ! [X0] : (! [X1] : (v1_relat_1(X1) | ~m1_subset_1(X1,k1_zfmisc_1(X0))) | ~v1_relat_1(X0)) [ennf transformation 66]
237. ! [X0] : (~v1_xboole_0(k2_struct_0(X0)) | (~l1_struct_0(X0) | v2_struct_0(X0))) [ennf transformation 140]
238. ! [X0] : (~v1_xboole_0(k2_struct_0(X0)) | ~l1_struct_0(X0) | v2_struct_0(X0)) [flattening 237]
253. ! [X0] : (v1_xboole_0(u1_struct_0(X0)) | (~l1_struct_0(X0) | ~v2_struct_0(X0))) [ennf transformation 136]
254. ! [X0] : (v1_xboole_0(u1_struct_0(X0)) | ~l1_struct_0(X0) | ~v2_struct_0(X0)) [flattening 253]
314. ! [X0,X1] : (k2_relset_1(X0,X1) = k10_xtuple_0(X1) | (~v5_relat_1(X1,X0) | ~v1_relat_1(X1))) [ennf transformation 121]
315. ! [X0,X1] : (k2_relset_1(X0,X1) = k10_xtuple_0(X1) | ~v5_relat_1(X1,X0) | ~v1_relat_1(X1)) [flattening 314]
323. ! [X0,X1,X2] : ((v5_relat_1(X2,X1) & v4_relat_1(X2,X0)) | ~m1_subset_1(X2,k1_zfmisc_1(k2_zfmisc_1(X0,X1)))) [ennf transformation 154]
327. ? [X0] : (? [X1] : (? [X2] : (v2_struct_0(X0) & k2_relset_1(u1_struct_0(X1),X2) = k2_struct_0(X1) & m1_subset_1(X2,k1_zfmisc_1(k2_zfmisc_1(u1_struct_0(X0),u1_struct_0(X1)))) & v1_funct_2(X2,u1_struct_0(X0),u1_struct_0(X1)) & v1_funct_1(X2)) & l1_struct_0(X1) & ~v2_struct_0(X1)) & l1_struct_0(X0)) => (? [X1] : (? [X2] : (v2_struct_0(sK0) & k2_relset_1(u1_struct_0(X1),X2) = k2_struct_0(X1) & m1_subset_1(X2,k1_zfmisc_1(k2_zfmisc_1(u1_struct_0(sK0),u1_struct_0(X1)))) & v1_funct_2(X2,u1_struct_0(sK0),u1_struct_0(X1)) & v1_funct_1(X2)) & l1_struct_0(X1) & ~v2_struct_0(X1)) & l1_struct_0(sK0)) [choice axiom]
328. ? [X1] : (? [X2] : (v2_struct_0(sK0) & k2_relset_1(u1_struct_0(X1),X2) = k2_struct_0(X1) & m1_subset_1(X2,k1_zfmisc_1(k2_zfmisc_1(u1_struct_0(sK0),u1_struct_0(X1)))) & v1_funct_2(X2,u1_struct_0(sK0),u1_struct_0(X1)) & v1_funct_1(X2)) & l1_struct_0(X1) & ~v2_struct_0(X1)) => (? [X2] : (v2_struct_0(sK0) & k2_relset_1(u1_struct_0(sK1),X2) = k2_struct_0(sK1) & m1_subset_1(X2,k1_zfmisc_1(k2_zfmisc_1(u1_struct_0(sK0),u1_struct_0(sK1)))) & v1_funct_2(X2,u1_struct_0(sK0),u1_struct_0(sK1)) & v1_funct_1(X2)) & l1_struct_0(sK1) & ~v2_struct_0(sK1)) [choice axiom]
329. ? [X2] : (v2_struct_0(sK0) & k2_relset_1(u1_struct_0(sK1),X2) = k2_struct_0(sK1) & m1_subset_1(X2,k1_zfmisc_1(k2_zfmisc_1(u1_struct_0(sK0),u1_struct_0(sK1)))) & v1_funct_2(X2,u1_struct_0(sK0),u1_struct_0(sK1)) & v1_funct_1(X2)) => (v2_struct_0(sK0) & k2_struct_0(sK1) = k2_relset_1(u1_struct_0(sK1),sK2) & m1_subset_1(sK2,k1_zfmisc_1(k2_zfmisc_1(u1_struct_0(sK0),u1_struct_0(sK1)))) & v1_funct_2(sK2,u1_struct_0(sK0),u1_struct_0(sK1)) & v1_funct_1(sK2)) [choice axiom]
330. ((v2_struct_0(sK0) & k2_struct_0(sK1) = k2_relset_1(u1_struct_0(sK1),sK2) & m1_subset_1(sK2,k1_zfmisc_1(k2_zfmisc_1(u1_struct_0(sK0),u1_struct_0(sK1)))) & v1_funct_2(sK2,u1_struct_0(sK0),u1_struct_0(sK1)) & v1_funct_1(sK2)) & l1_struct_0(sK1) & ~v2_struct_0(sK1)) & l1_struct_0(sK0) [skolemisation 169,329,328,327]
407. l1_struct_0(sK0) [cnf transformation 330] {a:0,w:2,wCS:200,goal:1,sine:0,thAx:0,allAx:4,thDist:-4}
408. ~v2_struct_0(sK1) [cnf transformation 330] {a:0,w:2,wCS:200,goal:1,sine:0,thAx:0,allAx:4,thDist:-4}
409. l1_struct_0(sK1) [cnf transformation 330] {a:0,w:2,wCS:200,goal:1,sine:0,thAx:0,allAx:4,thDist:-4}
412. m1_subset_1(sK2,k1_zfmisc_1(k2_zfmisc_1(u1_struct_0(sK0),u1_struct_0(sK1)))) [cnf transformation 330] {a:0,w:8,wCS:800,goal:1,sine:0,thAx:0,allAx:4,thDist:-4}
413. k2_struct_0(sK1) = k2_relset_1(u1_struct_0(sK1),sK2) [cnf transformation 330] {a:0,w:7,wCS:700,goal:1,sine:0,thAx:0,allAx:4,thDist:-4}
414. v2_struct_0(sK0) [cnf transformation 330] {a:0,w:2,wCS:200,goal:1,sine:0,thAx:0,allAx:4,thDist:-4}
474. v1_xboole_0(k10_xtuple_0(X0)) | ~v1_xboole_0(X0) [cnf transformation 223] {a:0,w:5,wCS:2000,nSel:1,sine:2,thAx:0,allAx:1,thDist:-1}
480. ~v4_relat_1(X1,X0) | v1_xboole_0(X1) | ~v1_relat_1(X1) | ~v1_xboole_0(X0) [cnf transformation 229] {a:0,w:9,wCS:3600,nSel:1,sine:2,thAx:0,allAx:1,thDist:-1}
483. ~m1_subset_1(X1,k1_zfmisc_1(X0)) | v1_relat_1(X1) | ~v1_relat_1(X0) [cnf transformation 230] {a:0,w:8,wCS:3200,nSel:1,sine:1,thAx:0,allAx:1,thDist:-1}
488. ~v1_xboole_0(k2_struct_0(X0)) | ~l1_struct_0(X0) | v2_struct_0(X0) [cnf transformation 238] {a:0,w:7,wCS:2800,nSel:1,sine:1,thAx:0,allAx:1,thDist:-1}
499. v1_xboole_0(u1_struct_0(X0)) | ~l1_struct_0(X0) | ~v2_struct_0(X0) [cnf transformation 254] {a:0,w:7,wCS:2800,nSel:1,sine:1,thAx:0,allAx:1,thDist:-1}
547. v1_relat_1(k2_zfmisc_1(X0,X1)) [cnf transformation 141] {a:0,w:4,wCS:1600,nSel:1,sine:1,thAx:0,allAx:1,thDist:-1}
573. k2_relset_1(X0,X1) = k10_xtuple_0(X1) | ~v5_relat_1(X1,X0) | ~v1_relat_1(X1) [cnf transformation 315] {a:0,w:11,wCS:4400,nSel:1,sine:1,thAx:0,allAx:1,thDist:-1}
578. ~m1_subset_1(X2,k1_zfmisc_1(k2_zfmisc_1(X0,X1))) | v4_relat_1(X2,X0) [cnf transformation 323] {a:0,w:9,wCS:3600,nSel:1,sine:2,thAx:0,allAx:1,thDist:-1}
579. ~m1_subset_1(X2,k1_zfmisc_1(k2_zfmisc_1(X0,X1))) | v5_relat_1(X2,X1) [cnf transformation 323] {a:0,w:9,wCS:3600,nSel:1,sine:2,thAx:0,allAx:1,thDist:-1}
646. 1 <=> v2_struct_0(sK0) [avatar definition]
648. v2_struct_0(sK0) <- (1) [avatar component clause 646] {a:0,w:2,wCS:200,nSel:1,goal:1,sine:255,thAx:0,allAx:4,thDist:-4}
649. 1 [avatar split clause 414,646]
651. 2 <=> k2_struct_0(sK1) = k2_relset_1(u1_struct_0(sK1),sK2) [avatar definition]
653. k2_struct_0(sK1) = k2_relset_1(u1_struct_0(sK1),sK2) <- (2) [avatar component clause 651] {a:0,w:7,wCS:700,nSel:1,goal:1,sine:255,thAx:0,allAx:4,thDist:-4}
654. 2 [avatar split clause 413,651]
656. 3 <=> m1_subset_1(sK2,k1_zfmisc_1(k2_zfmisc_1(u1_struct_0(sK0),u1_struct_0(sK1)))) [avatar definition]
658. m1_subset_1(sK2,k1_zfmisc_1(k2_zfmisc_1(u1_struct_0(sK0),u1_struct_0(sK1)))) <- (3) [avatar component clause 656] {a:0,w:8,wCS:800,nSel:1,goal:1,sine:255,thAx:0,allAx:4,thDist:-4}
659. 3 [avatar split clause 412,656]
671. 6 <=> l1_struct_0(sK1) [avatar definition]
673. l1_struct_0(sK1) <- (6) [avatar component clause 671] {a:0,w:2,wCS:200,nSel:1,goal:1,sine:255,thAx:0,allAx:4,thDist:-4}
674. 6 [avatar split clause 409,671]
676. 7 <=> v2_struct_0(sK1) [avatar definition]
678. ~v2_struct_0(sK1) <- (~7) [avatar component clause 676] {a:0,w:2,wCS:200,nSel:1,goal:1,sine:255,thAx:0,allAx:4,thDist:-4}
679. ~7 [avatar split clause 408,676]
681. 8 <=> l1_struct_0(sK0) [avatar definition]
683. l1_struct_0(sK0) <- (8) [avatar component clause 681] {a:0,w:2,wCS:200,nSel:1,goal:1,sine:255,thAx:0,allAx:4,thDist:-4}
684. 8 [avatar split clause 407,681]
1037. 68 <=> v1_relat_1(sK2) [avatar definition]
1039. v1_relat_1(sK2) <- (68) [avatar component clause 1037] {a:1,w:2,wCS:200,nSel:1,goal:1,sine:255,thAx:0,allAx:5,thDist:-5}
1213. 79 <=> v1_xboole_0(sK2) [avatar definition]
1215. v1_xboole_0(sK2) <- (79) [avatar component clause 1213] {a:1,w:2,wCS:200,nSel:1,goal:1,sine:255,thAx:0,allAx:5,thDist:-5}
1219. v1_relat_1(sK2) | ~v1_relat_1(k2_zfmisc_1(u1_struct_0(sK0),u1_struct_0(sK1))) <- (3) [resolution 483,658] {a:1,w:8,wCS:800,goal:1,sine:1,thAx:0,allAx:5,thDist:-5}
1229. v1_relat_1(sK2) <- (3) [subsumption resolution 1219,547] {a:1,w:2,wCS:200,goal:1,sine:1,thAx:0,allAx:5,thDist:-5}
1230. 68 | ~3 [avatar split clause 1229,656,1037]
1436. v4_relat_1(sK2,u1_struct_0(sK0)) <- (3) [resolution 578,658] {a:1,w:4,wCS:400,goal:1,sine:2,thAx:0,allAx:5,thDist:-5}
1449. 89 <=> v4_relat_1(sK2,u1_struct_0(sK0)) [avatar definition]
1451. v4_relat_1(sK2,u1_struct_0(sK0)) <- (89) [avatar component clause 1449] {a:1,w:4,wCS:400,nSel:1,goal:1,sine:255,thAx:0,allAx:5,thDist:-5}
1452. 89 | ~3 [avatar split clause 1436,656,1449]
1453. v1_xboole_0(sK2) | ~v1_relat_1(sK2) | ~v1_xboole_0(u1_struct_0(sK0)) <- (89) [resolution 1451,480] {a:2,w:7,wCS:700,goal:1,sine:2,thAx:0,allAx:6,thDist:-6}
1454. v1_xboole_0(sK2) | ~v1_xboole_0(u1_struct_0(sK0)) <- (68, 89) [subsumption resolution 1453,1039] {a:2,w:5,wCS:500,goal:1,sine:2,thAx:0,allAx:6,thDist:-6}
1456. 90 <=> v1_xboole_0(u1_struct_0(sK0)) [avatar definition]
1458. ~v1_xboole_0(u1_struct_0(sK0)) <- (~90) [avatar component clause 1456] {a:2,w:3,wCS:300,nSel:1,goal:1,sine:255,thAx:0,allAx:6,thDist:-6}
1459. ~90 | 79 | ~68 | ~89 [avatar split clause 1454,1449,1037,1213,1456]
1461. v5_relat_1(sK2,u1_struct_0(sK1)) <- (3) [resolution 579,658] {a:1,w:4,wCS:400,goal:1,sine:2,thAx:0,allAx:5,thDist:-5}
1474. 91 <=> v5_relat_1(sK2,u1_struct_0(sK1)) [avatar definition]
1477. 91 | ~3 [avatar split clause 1461,656,1474]
1479. ~l1_struct_0(sK0) | ~v2_struct_0(sK0) <- (~90) [resolution 1458,499] {a:3,w:4,wCS:400,goal:1,sine:1,thAx:0,allAx:7,thDist:-7}
1481. ~v2_struct_0(sK0) <- (8, ~90) [subsumption resolution 1479,683] {a:3,w:2,wCS:200,goal:1,sine:1,thAx:0,allAx:7,thDist:-7}
1482. $false <- (1, 8, ~90) [subsumption resolution 1481,648] {a:3,w:0,goal:1,sine:1,thAx:0,allAx:7,thDist:-7}
1483. ~1 | ~8 | 90 [avatar contradiction clause 1482]
1693. k2_struct_0(sK1) = k10_xtuple_0(sK2) | ~v5_relat_1(sK2,u1_struct_0(sK1)) | ~v1_relat_1(sK2) <- (2) [superposition 653,573] {a:1,w:11,wCS:1100,goal:1,sine:1,thAx:0,allAx:5,thDist:-5}
1696. 97 <=> k2_struct_0(sK1) = k10_xtuple_0(sK2) [avatar definition]
1698. k2_struct_0(sK1) = k10_xtuple_0(sK2) <- (97) [avatar component clause 1696] {a:1,w:5,wCS:500,nSel:1,goal:1,sine:255,thAx:0,allAx:5,thDist:-5}
1700. k2_struct_0(sK1) = k10_xtuple_0(sK2) | ~v5_relat_1(sK2,u1_struct_0(sK1)) <- (2, 68) [subsumption resolution 1693,1039] {a:1,w:9,wCS:900,goal:1,sine:1,thAx:0,allAx:5,thDist:-5}
1701. ~91 | 97 | ~2 | ~68 [avatar split clause 1700,1037,651,1696,1474]
1973. v1_xboole_0(k2_struct_0(sK1)) | ~v1_xboole_0(sK2) <- (97) [superposition 474,1698] {a:2,w:5,wCS:500,goal:1,sine:2,thAx:0,allAx:6,thDist:-6}
1986. v1_xboole_0(k2_struct_0(sK1)) <- (79, 97) [subsumption resolution 1973,1215] {a:2,w:3,wCS:300,goal:1,sine:2,thAx:0,allAx:6,thDist:-6}
1988. 108 <=> v1_xboole_0(k2_struct_0(sK1)) [avatar definition]
1990. v1_xboole_0(k2_struct_0(sK1)) <- (108) [avatar component clause 1988] {a:2,w:3,wCS:300,nSel:1,goal:1,sine:255,thAx:0,allAx:6,thDist:-6}
1991. 108 | ~79 | ~97 [avatar split clause 1986,1696,1213,1988]
2045. ~l1_struct_0(sK1) | v2_struct_0(sK1) <- (108) [resolution 1990,488] {a:3,w:4,wCS:400,goal:1,sine:1,thAx:0,allAx:7,thDist:-7}
2056. v2_struct_0(sK1) <- (6, 108) [subsumption resolution 2045,673] {a:3,w:2,wCS:200,goal:1,sine:1,thAx:0,allAx:7,thDist:-7}
2057. $false <- (6, ~7, 108) [subsumption resolution 2056,678] {a:3,w:0,goal:1,sine:1,thAx:0,allAx:7,thDist:-7}
2058. ~6 | 7 | ~108 [avatar contradiction clause 2057]
2062. $false [avatar sat refutation 649,654,659,674,679,684,1230,1452,1459,1477,1483,1701,1991,2058] {a:0,w:0,goal:1,sine:0,thAx:0,allAx:794,thDist:-794}
% SZS output end Proof for yellow14__t6_yellow14
% ------------------------------
% Version: Vampire 4.5.1 (commit 226f88162 on 2021-09-12 20:13:44 +0200)
% Termination reason: Refutation

% >>> Input
% Input formulas: 142
% >>> Preprocessing
% Introduced skolems: 41
% Pure predicates: 5
% Unused predicate definitions: 1
% 
% >>> Saturation
% Initial clauses: 238
% Generated clauses: 1188
% Active clauses: 287
% Passive clauses: 746
% Final active clauses: 282
% Final passive clauses: 443
% Main loop iterations started: 302
% 
% >>> Simplifying Inferences
% Duplicate literals: 22
% Fw subsumption resolutions: 114
% Fw demodulations: 3
% Bw demodulations: 1
% 
% >>> Deletion Inferences
% Simple tautologies: 55
% Forward subsumptions: 121
% 
% >>> Generating Inferences
% Binary resolution: 652
% Unit resulting resolution: 5
% Forward superposition: 12
% Backward superposition: 21
% Self superposition: 1
% 
% >>> AVATAR
% Split clauses: 16
% Split components: 32
% Sat splitting refutations: 11
% 
% >>> SAT Solver Statistics
% SAT solver clauses: 131
% SAT solver unit clauses: 52
% SAT solver binary clauses: 37
% 
% Memory used [KB]: 6140
% Time elapsed: 0.013 s
% ------------------------------
% ------------------------------
% Time measurement results:
% parsing: 0.001 s
% preprocessing: 0.001 s
% term sharing: 0.003 s
% forward subsumption: 0.003 s
% unit resulting resolution: 0.004 s ( own 0.001 s ) 
% other: 0.013 s ( own 0.004 s ) 

