i: [1,729,0,2,1,1,0,0] t45_rpr_1
a: [3,1198,0,2,1,729]
s: 1198
i: [1,728,0,2,1,1,0,0] t45_rpr_1
a: [3,1203,0,2,1,728]
s: 1203
i: [1,732,0,3,1,1,0,0] t45_rpr_1
a: [3,1183,0,3,1,732]
s: 1183
i: [1,731,0,4,1,1,0,0] t45_rpr_1
a: [3,1188,0,4,1,731]
s: 1188
i: [1,730,0,4,1,1,0,0] t45_rpr_1
a: [3,1193,0,4,1,730]
s: 1193
i: [1,733,0,5,1,1,0,0] t45_rpr_1
a: [3,1178,0,5,1,733]
s: 1178
i: [1,734,0,8,1,1,0,0] t45_rpr_1
a: [3,1173,0,8,1,734]
s: 1173
i: [1,735,0,2,1,0,0,255] fc7_card_1
a: [3,1208,0,2,1,735]
s: 1208
i: [1,736,0,2,1,0,0,1] spc2_boole
a: [3,1213,0,2,1,736]
s: 1213
i: [1,737,0,2,1,0,0,1] spc1_boole
a: [3,1218,0,2,1,737]
s: 1218
i: [1,738,0,2,1,0,0,3] fc3_membered
a: [3,1223,0,2,1,738]
s: 1223
i: [1,739,0,2,1,0,0,255] fc4_card_1
a: [3,1228,0,2,1,739]
s: 1228
i: [1,740,0,2,1,0,0,255] fc6_membered
a: [3,1233,0,2,1,740]
s: 1233
i: [1,741,0,2,1,0,0,255] dt_o_0_0_xboole_0
a: [3,1238,0,2,1,741]
s: 1238
i: [1,742,0,2,1,0,0,2] fc1_xboole_0
a: [3,1243,0,2,1,742]
s: 1243
i: [1,743,0,2,1,0,0,1] spc0_boole
a: [3,1248,0,2,1,743]
s: 1248
i: [1,901,0,2,1,0,0,255] spc2_numerals
a: [3,2033,0,2,1,901]
s: 2033
i: [1,905,0,2,1,0,0,255] spc1_numerals
a: [3,2053,0,2,1,905]
s: 2053
i: [1,1135,0,2,1,0,0,1] rc3_card_1
a: [3,2080,0,2,1,1135]
s: 2080
i: [1,1136,0,2,1,0,0,1] rc2_xboole_0
a: [3,2085,0,2,1,1136]
s: 2085
i: [1,1137,0,2,1,0,0,255] rc1_card_1
a: [3,2090,0,2,1,1137]
s: 2090
i: [1,1138,0,2,1,0,0,3] rc1_xreal_0
a: [3,2095,0,2,1,1138]
s: 2095
i: [1,1139,0,2,1,0,0,255] rc1_xxreal_0
a: [3,2100,0,2,1,1139]
s: 2100
i: [1,1140,0,2,1,0,0,1] rc1_xboole_0
a: [3,2105,0,2,1,1140]
s: 2105
i: [1,1142,0,2,1,0,0,3] rc2_membered
a: [3,2110,0,2,1,1142]
s: 2110
i: [1,1141,0,2,1,0,0,3] rc2_membered
a: [3,2115,0,2,1,1141]
s: 2115
i: [1,1144,0,2,1,0,0,3] rc1_membered
a: [3,2120,0,2,1,1144]
s: 2120
i: [1,1143,0,2,1,0,0,3] rc1_membered
a: [3,2125,0,2,1,1143]
s: 2125
i: [1,1146,0,2,1,0,0,255] rc3_membered
a: [3,2130,0,2,1,1146]
s: 2130
i: [1,1145,0,2,1,0,0,255] rc3_membered
a: [3,2135,0,2,1,1145]
s: 2135
i: [1,1148,0,2,1,0,0,1] rc1_finset_1
a: [3,2140,0,2,1,1148]
s: 2140
i: [1,1147,0,2,1,0,0,1] rc1_finset_1
a: [3,2145,0,2,1,1147]
s: 2145
i: [1,1151,0,2,1,0,0,255] rc8_finset_1
a: [3,2150,0,2,1,1151]
s: 2150
i: [1,1150,0,2,1,0,0,255] rc8_finset_1
a: [3,2155,0,2,1,1150]
s: 2155
i: [1,1149,0,2,1,0,0,255] rc8_finset_1
a: [3,2160,0,2,1,1149]
s: 2160
i: [1,1155,0,2,1,0,0,255] rc3_xreal_0
a: [3,2165,0,2,1,1155]
s: 2165
i: [1,1154,0,2,1,0,0,255] rc3_xreal_0
a: [3,2170,0,2,1,1154]
s: 2170
i: [1,1153,0,2,1,0,0,255] rc3_xreal_0
a: [3,2175,0,2,1,1153]
s: 2175
i: [1,1152,0,2,1,0,0,255] rc3_xreal_0
a: [3,2180,0,2,1,1152]
s: 2180
i: [1,1159,0,2,1,0,0,255] rc2_xreal_0
a: [3,2185,0,2,1,1159]
s: 2185
i: [1,1158,0,2,1,0,0,255] rc2_xreal_0
a: [3,2190,0,2,1,1158]
s: 2190
i: [1,1157,0,2,1,0,0,255] rc2_xreal_0
a: [3,2195,0,2,1,1157]
s: 2195
i: [1,1156,0,2,1,0,0,255] rc2_xreal_0
a: [3,2200,0,2,1,1156]
s: 2200
i: [1,1161,0,2,1,0,0,255] rc3_xxreal_0
a: [3,2205,0,2,1,1161]
s: 2205
i: [1,1160,0,2,1,0,0,255] rc3_xxreal_0
a: [3,2210,0,2,1,1160]
s: 2210
i: [1,1163,0,2,1,0,0,255] rc2_xxreal_0
a: [3,2215,0,2,1,1163]
s: 2215
i: [1,1162,0,2,1,0,0,255] rc2_xxreal_0
a: [3,2220,0,2,1,1162]
s: 2220
i: [1,1167,0,2,1,0,0,255] rc4_xreal_0
a: [3,2225,0,2,1,1167]
s: 2225
i: [1,1166,0,2,1,0,0,255] rc4_xreal_0
a: [3,2230,0,2,1,1166]
s: 2230
i: [1,1165,0,2,1,0,0,255] rc4_xreal_0
a: [3,2235,0,2,1,1165]
s: 2235
i: [1,1164,0,2,1,0,0,255] rc4_xreal_0
a: [3,2240,0,2,1,1164]
s: 2240
i: [1,1169,0,2,1,0,0,255] rc4_xxreal_0
a: [3,2245,0,2,1,1169]
s: 2245
i: [1,1168,0,2,1,0,0,255] rc4_xxreal_0
a: [3,2250,0,2,1,1168]
s: 2250
i: [1,912,0,3,1,0,0,1] fc1_subset_1
s: 912
i: [1,913,0,3,1,0,0,255] dt_k1_card_1
s: 913
i: [1,1055,0,3,1,0,0,1] rc2_subset_1
s: 1055
i: [1,1058,0,3,1,0,0,255] reflexivity_r1_tarski
s: 1058
i: [1,744,0,3,1,0,0,1] rqLessOrEqual__r1_xxreal_0__r2_r0
a: [3,1253,0,3,1,744]
s: 1253
i: [1,745,0,3,1,0,0,1] rqLessOrEqual__r1_xxreal_0__r2_r1
a: [3,1258,0,3,1,745]
s: 1258
i: [1,746,0,3,1,0,0,1] rqLessOrEqual__r1_xxreal_0__r1_r0
a: [3,1263,0,3,1,746]
s: 1263
i: [1,747,0,3,1,0,0,255] redefinition_k5_numbers
a: [3,1268,0,3,1,747]
s: 1268
r: 1233
r: 1228
r: 1208
d: [2,2252,0,2,1,2,23,1233,1268]
a: [3,2258,0,2,1,2252]
s: 2258
d: [2,2253,0,2,1,2,23,1228,1268]
a: [3,2263,0,2,1,2253]
s: 2263
d: [2,2254,0,2,1,2,23,1208,1268]
a: [3,2268,0,2,1,2254]
s: 2268
i: [1,748,0,3,1,0,0,1] redefinition_k6_numbers
a: [3,1273,0,3,1,748]
s: 1273
r: 1243
d: [2,2270,0,2,1,2,23,1243,1273]
a: [3,2274,0,2,1,2270]
s: 2274
i: [1,749,0,3,1,0,0,255] d2_xboole_0
a: [3,1278,0,3,1,749]
s: 1278
i: [1,750,0,3,1,0,0,255] t1_numerals
a: [3,1283,0,3,1,750]
s: 1283
i: [1,751,0,3,1,0,0,1] rqLessOrEqual__r1_xxreal_0__r0_r0
a: [3,1288,0,3,1,751]
s: 1288
i: [1,752,0,3,1,0,0,1] rqLessOrEqual__r1_xxreal_0__r0_r2
a: [3,1293,0,3,1,752]
s: 1293
i: [1,753,0,3,1,0,0,1] rqLessOrEqual__r1_xxreal_0__r0_r1
a: [3,1298,0,3,1,753]
s: 1298
i: [1,754,0,3,1,0,0,1] rqLessOrEqual__r1_xxreal_0__r2_r2
a: [3,1303,0,3,1,754]
s: 1303
i: [1,755,0,3,1,0,0,1] rqLessOrEqual__r1_xxreal_0__r1_r2
a: [3,1308,0,3,1,755]
s: 1308
i: [1,756,0,3,1,0,0,1] rqLessOrEqual__r1_xxreal_0__r1_r1
a: [3,1313,0,3,1,756]
s: 1313
i: [1,904,0,3,1,0,0,255] spc2_numerals
a: [3,2018,0,3,1,904]
s: 2018
i: [1,903,0,3,1,0,0,255] spc2_numerals
a: [3,2023,0,3,1,903]
s: 2023
i: [1,908,0,3,1,0,0,255] spc1_numerals
a: [3,2038,0,3,1,908]
s: 2038
i: [1,907,0,3,1,0,0,255] spc1_numerals
a: [3,2043,0,3,1,907]
s: 2043
i: [1,911,0,3,1,0,0,255] spc0_numerals
a: [3,2058,0,3,1,911]
s: 2058
i: [1,910,0,3,1,0,0,255] spc0_numerals
a: [3,2063,0,3,1,910]
s: 2063
d: [2,2276,0,3,1,2,22,1278,1273]
a: [3,2280,0,3,1,2276]
s: 2280
r: 1238
d: [2,2282,0,3,1,2,22,1283,1268]
d: [2,2283,0,3,1,3,22,2282,1273]
a: [3,2287,0,3,1,2283]
s: 2287
i: [1,923,0,4,2,0,0,255] cc5_finset_1
s: 923
i: [1,947,0,4,2,0,0,255] cc3_card_1
s: 947
i: [1,948,0,4,2,0,0,255] cc2_xreal_0
s: 948
i: [1,949,0,4,2,0,0,255] cc2_xxreal_0
s: 949
i: [1,950,0,4,2,0,0,255] cc5_card_1
s: 950
i: [1,957,0,4,2,0,0,255] cc2_membered
s: 957
i: [1,958,0,4,2,0,0,255] cc3_membered
s: 958
i: [1,959,0,4,2,0,0,255] cc4_finset_1
s: 959
i: [1,963,0,4,2,0,0,255] cc5_membered
s: 963
d: [2,2290,1,2,1,1,40,963,1223]
a: [3,2294,1,2,1,2290]
s: 2294
i: [1,964,0,4,2,0,0,255] cc4_membered
s: 964
d: [2,2296,1,2,1,1,40,964,1223]
a: [3,2300,1,2,1,2296]
s: 2300
i: [1,967,0,4,2,0,0,255] cc1_card_1
s: 967
i: [1,978,0,4,2,0,0,255] cc1_membered
s: 978
d: [2,2303,1,2,1,1,40,967,2090]
a: [3,2308,1,2,1,2303]
s: 2308
i: [1,981,0,4,2,0,0,2] cc3_xreal_0
s: 981
d: [2,2304,1,2,1,1,40,967,2263]
a: [3,2313,1,2,1,2304]
s: 2313
i: [1,982,0,4,2,0,0,255] cc4_xreal_0
s: 982
i: [1,1003,0,4,2,0,0,255] cc6_finset_1
s: 1003
d: [2,2315,1,2,1,1,40,978,2258]
a: [3,2322,1,2,1,2315]
s: 2322
i: [1,1004,0,4,2,0,0,255] cc2_card_1
s: 1004
d: [2,2316,1,2,1,1,40,978,2110]
a: [3,2327,1,2,1,2316]
s: 2327
i: [1,1005,0,4,2,0,0,3] cc18_membered
s: 1005
i: [1,1006,0,4,2,0,0,1] cc1_finset_1
s: 1006
d: [2,2317,1,2,1,1,40,978,2120]
a: [3,2332,1,2,1,2317]
s: 2332
i: [1,1053,0,4,1,0,0,1] existence_m1_subset_1
s: 1053
d: [2,2318,1,2,1,1,40,978,2130]
a: [3,2337,1,2,1,2318]
s: 2337
i: [1,1057,0,4,1,0,0,255] rc3_subset_1
s: 1057
i: [1,757,0,4,1,0,0,1] rqLessOrEqual__r1_xxreal_0__r0_rm2
a: [3,1318,0,4,1,757]
s: 1318
d: [2,2339,1,2,1,1,40,981,2095]
a: [3,2346,1,2,1,2339]
s: 2346
i: [1,758,0,4,1,0,0,1] rqLessOrEqual__r1_xxreal_0__r0_rm1
a: [3,1323,0,4,1,758]
s: 1323
d: [2,2348,1,2,1,1,40,982,2095]
a: [3,2355,1,2,1,2348]
s: 2355
i: [1,759,0,4,1,0,0,1] rqLessOrEqual__r1_xxreal_0__r2_rm2
a: [3,1328,0,4,1,759]
s: 1328
i: [1,760,0,4,1,0,0,1] rqLessOrEqual__r1_xxreal_0__r2_rm1
a: [3,1333,0,4,1,760]
s: 1333
d: [2,2357,1,2,1,1,40,1003,2274]
a: [3,2366,1,2,1,2357]
s: 2366
i: [1,761,0,4,1,0,0,1] rqLessOrEqual__r1_xxreal_0__r1_rm2
a: [3,1338,0,4,1,761]
s: 1338
d: [2,2358,1,2,1,1,40,1003,1248]
a: [3,2371,1,2,1,2358]
s: 2371
i: [1,762,0,4,1,0,0,1] rqLessOrEqual__r1_xxreal_0__r1_rm1
a: [3,1343,0,4,1,762]
s: 1343
i: [1,763,0,4,1,0,0,2] rqRealNeg__k4_xcmplx_0__r0_r0
a: [3,1348,0,4,1,763]
s: 1348
d: [2,2360,1,2,1,1,40,1003,2105]
a: [3,2376,1,2,1,2360]
s: 2376
i: [1,764,0,4,1,0,0,255] dt_k5_numbers
a: [3,1353,0,4,1,764]
s: 1353
d: [2,2361,1,2,1,1,40,1003,2240]
a: [3,2381,1,2,1,2361]
s: 2381
i: [1,765,0,4,1,0,0,1] rqLessOrEqual__r1_xxreal_0__rm2_r0
a: [3,1358,0,4,1,765]
s: 1358
i: [1,766,0,4,1,0,0,1] rqLessOrEqual__r1_xxreal_0__rm2_r2
a: [3,1363,0,4,1,766]
s: 1363
d: [2,2362,1,2,1,1,40,1003,2250]
a: [3,2386,1,2,1,2362]
s: 2386
i: [1,767,0,4,1,0,0,1] rqLessOrEqual__r1_xxreal_0__rm2_r1
a: [3,1368,0,4,1,767]
s: 1368
d: [2,2394,1,2,1,1,40,1004,2274]
a: [3,2403,1,2,1,2394]
s: 2403
i: [1,768,0,4,1,0,0,1] rqLessOrEqual__r1_xxreal_0__rm1_r0
a: [3,1373,0,4,1,768]
s: 1373
i: [1,769,0,4,1,0,0,1] rqLessOrEqual__r1_xxreal_0__rm1_r2
a: [3,1378,0,4,1,769]
s: 1378
d: [2,2395,1,2,1,1,40,1004,1248]
a: [3,2408,1,2,1,2395]
s: 2408
i: [1,770,0,4,1,0,0,1] rqLessOrEqual__r1_xxreal_0__rm1_r1
a: [3,1383,0,4,1,770]
s: 1383
d: [2,2397,1,2,1,1,40,1004,2105]
a: [3,2413,1,2,1,2397]
s: 2413
i: [1,771,0,4,1,0,0,255] dt_k6_numbers
a: [3,1388,0,4,1,771]
s: 1388
i: [1,902,0,4,1,0,0,255] spc2_numerals
a: [3,2028,0,4,1,902]
s: 2028
d: [2,2398,1,2,1,1,40,1004,2240]
a: [3,2418,1,2,1,2398]
s: 2418
i: [1,906,0,4,1,0,0,255] spc1_numerals
a: [3,2048,0,4,1,906]
s: 2048
d: [2,2399,1,2,1,1,40,1004,2250]
a: [3,2423,1,2,1,2399]
s: 2423
i: [1,909,0,4,1,0,0,255] spc0_numerals
a: [3,2068,0,4,1,909]
s: 2068
i: [1,914,0,5,1,0,0,2] t4_boole
s: 914
d: [2,2431,1,2,1,1,40,1005,2274]
a: [3,2440,1,2,1,2431]
s: 2440
i: [1,915,0,5,1,0,0,2] t2_boole
s: 915
d: [2,2432,1,2,1,1,40,1005,1248]
a: [3,2445,1,2,1,2432]
s: 2445
i: [1,916,0,5,1,0,0,2] t3_boole
s: 916
i: [1,919,0,5,2,0,0,255] rc6_subset_1
s: 919
d: [2,2434,1,2,1,1,40,1005,2105]
a: [3,2450,1,2,1,2434]
s: 2450
i: [1,921,0,5,2,0,0,255] rc7_finset_1
s: 921
d: [2,2435,1,2,1,1,40,1005,2240]
a: [3,2455,1,2,1,2435]
s: 2455
i: [1,922,0,5,2,0,0,255] rc7_finset_1
s: 922
i: [1,924,0,5,2,0,0,1] fc9_card_1
s: 924
d: [2,2436,1,2,1,1,40,1005,2250]
a: [3,2460,1,2,1,2436]
s: 2460
i: [1,925,0,5,2,0,0,255] fc8_card_1
s: 925
d: [2,2462,1,2,1,1,40,1006,2274]
a: [3,2471,1,2,1,2462]
s: 2471
i: [1,926,0,5,2,0,0,255] fc8_card_1
s: 926
i: [1,928,0,5,2,0,0,1] rc4_card_1
s: 928
d: [2,2463,1,2,1,1,40,1006,1248]
a: [3,2476,1,2,1,2463]
s: 2476
i: [1,929,0,5,2,0,0,255] fc2_card_1
s: 929
d: [2,2465,1,2,1,1,40,1006,2105]
a: [3,2481,1,2,1,2465]
s: 2481
i: [1,930,0,5,2,0,0,255] fc2_card_1
s: 930
i: [1,936,0,5,2,0,0,1] rc1_subset_1
s: 936
d: [2,2466,1,2,1,1,40,1006,2240]
a: [3,2486,1,2,1,2466]
s: 2486
i: [1,938,0,5,2,0,0,255] rc5_subset_1
s: 938
d: [2,2467,1,2,1,1,40,1006,2250]
a: [3,2491,1,2,1,2467]
s: 2491
i: [1,939,0,5,2,0,0,255] rc5_subset_1
s: 939
i: [1,941,0,5,2,0,0,1] rc2_finset_1
s: 941
d: [2,2388,2,2,1,1,40,2322,957]
a: [3,2392,2,2,1,2388]
s: 2392
i: [1,942,0,5,2,0,0,1] rc2_finset_1
s: 942
d: [2,2425,2,2,1,1,40,2327,957]
a: [3,2429,2,2,1,2425]
s: 2429
i: [1,969,0,5,2,0,0,2] dt_k4_xcmplx_0
s: 969
i: [1,983,0,5,2,0,0,2] fc3_xreal_0
s: 983
d: [2,2493,2,2,1,1,40,2332,957]
a: [3,2497,2,2,1,2493]
s: 2497
i: [1,984,0,5,2,0,0,2] fc3_xreal_0
s: 984
d: [2,2499,2,2,1,1,40,2337,957]
a: [3,2503,2,2,1,2499]
s: 2503
i: [1,993,0,5,2,0,0,255] fc31_finset_1
s: 993
i: [1,994,0,5,2,0,0,1] fc17_finset_1
s: 994
d: [2,2505,2,2,1,1,40,2403,967]
a: [3,2509,2,2,1,2505]
s: 2509
i: [1,998,0,5,2,0,0,255] fc6_card_1
s: 998
d: [2,2511,2,2,1,1,40,2408,967]
a: [3,2515,2,2,1,2511]
s: 2515
i: [1,999,0,5,2,0,0,255] fc6_card_1
s: 999
i: [1,1007,0,5,2,0,0,2] t6_boole
s: 1007
d: [2,2517,2,2,1,1,40,2413,967]
a: [3,2521,2,2,1,2517]
s: 2521
i: [1,1008,0,5,2,0,0,255] cc8_card_1
s: 1008
d: [2,2523,2,2,1,1,40,2418,967]
a: [3,2527,2,2,1,2523]
s: 2527
i: [1,1009,0,5,2,0,0,255] fc1_card_1
s: 1009
i: [1,1010,0,5,2,0,0,255] fc1_card_1
s: 1010
d: [2,2529,2,2,1,1,40,2423,967]
a: [3,2533,2,2,1,2529]
s: 2533
i: [1,1013,0,5,2,0,0,255] cc7_card_1
s: 1013
d: [2,2536,2,2,1,1,40,2440,978]
a: [3,2540,2,2,1,2536]
s: 2540
i: [1,1014,0,5,2,0,0,255] cc9_card_1
s: 1014
i: [1,1015,0,5,2,0,0,255] cc9_card_1
s: 1015
d: [2,2543,2,2,1,1,40,2445,978]
a: [3,2547,2,2,1,2543]
s: 2547
i: [1,1016,0,5,2,0,0,255] cc4_card_1
s: 1016
d: [2,2550,2,2,1,1,40,2450,978]
a: [3,2554,2,2,1,2550]
s: 2554
i: [1,1017,0,5,2,0,0,255] cc25_membered
s: 1017
i: [1,1018,0,5,2,0,0,2] cc1_xreal_0
s: 1018
d: [2,2628,1,2,1,1,40,1017,2043]
a: [3,2635,1,2,1,2628]
s: 2635
i: [1,1050,0,5,2,0,0,255] t7_boole
s: 1050
d: [2,2630,1,2,1,1,40,1017,2023]
a: [3,2640,1,2,1,2630]
s: 2640
i: [1,1054,0,5,1,0,0,1] rc2_subset_1
s: 1054
i: [1,1056,0,5,1,0,0,255] rc3_subset_1
s: 1056
d: [2,2647,1,2,1,1,40,1018,2018]
a: [3,2654,1,2,1,2647]
s: 2654
i: [1,1059,0,5,1,0,0,3] idempotence_k3_xboole_0
s: 1059
d: [2,2648,1,2,1,1,40,1018,2038]
a: [3,2659,1,2,1,2648]
s: 2659
i: [1,772,0,5,1,0,0,1] rqLessOrEqual__r1_xxreal_0__r2_rn1d2
a: [3,1393,0,5,1,772]
s: 1393
i: [1,773,0,5,1,0,0,1] rqLessOrEqual__r1_xxreal_0__r1_rn1d2
a: [3,1398,0,5,1,773]
s: 1398
d: [2,2649,1,2,1,1,40,1018,2058]
a: [3,2664,1,2,1,2649]
s: 2664
i: [1,774,0,5,1,0,0,1] rqLessOrEqual__r1_xxreal_0__rm1_rm2
a: [3,1403,0,5,1,774]
s: 1403
d: [2,2556,2,2,1,1,40,2455,978]
a: [3,2560,2,2,1,2556]
s: 2560
i: [1,775,0,5,1,0,0,1] rqLessOrEqual__r1_xxreal_0__rn1d2_r0
a: [3,1408,0,5,1,775]
s: 1408
i: [1,776,0,5,1,0,0,2] rqRealDiff__k6_xcmplx_0__r0_r0_r0
a: [3,1413,0,5,1,776]
s: 1413
d: [2,2562,2,2,1,1,40,2460,978]
a: [3,2566,2,2,1,2562]
s: 2566
i: [1,777,0,5,1,0,0,2] rqRealDiff__k6_xcmplx_0__r2_r2_r0
a: [3,1418,0,5,1,777]
s: 1418
d: [2,2671,2,2,1,1,40,2635,978]
a: [3,2675,2,2,1,2671]
s: 2675
i: [1,778,0,5,1,0,0,2] rqRealDiff__k6_xcmplx_0__r1_r1_r0
a: [3,1423,0,5,1,778]
s: 1423
i: [1,779,0,5,1,0,0,2] rqRealMult__k3_xcmplx_0__r0_r0_r0
a: [3,1428,0,5,1,779]
s: 1428
d: [2,2677,2,2,1,1,40,2640,978]
a: [3,2681,2,2,1,2677]
s: 2681
i: [1,780,0,5,1,0,0,2] rqRealMult__k3_xcmplx_0__r0_r2_r0
a: [3,1433,0,5,1,780]
s: 1433
d: [2,2683,2,2,1,1,40,2654,982]
a: [3,2688,2,2,1,2683]
s: 2688
i: [1,781,0,5,1,0,0,2] rqRealMult__k3_xcmplx_0__r0_r1_r0
a: [3,1438,0,5,1,781]
s: 1438
i: [1,782,0,5,1,0,0,2] rqRealMult__k3_xcmplx_0__r2_r0_r0
a: [3,1443,0,5,1,782]
s: 1443
d: [2,2684,2,2,1,1,40,2654,981]
a: [3,2693,2,2,1,2684]
s: 2693
i: [1,783,0,5,1,0,0,2] rqRealMult__k3_xcmplx_0__r1_r0_r0
a: [3,1448,0,5,1,783]
s: 1448
d: [2,2695,2,2,1,1,40,2659,982]
a: [3,2700,2,2,1,2695]
s: 2700
i: [1,784,0,5,1,0,0,2] rqRealAdd__k2_xcmplx_0__r0_r0_r0
a: [3,1453,0,5,1,784]
s: 1453
i: [1,785,0,5,1,0,0,2] rqRealNeg__k4_xcmplx_0__rm2_r2
a: [3,1458,0,5,1,785]
s: 1458
d: [2,2696,2,2,1,1,40,2659,981]
a: [3,2705,2,2,1,2696]
s: 2705
i: [1,786,0,5,1,0,0,2] rqRealDiff__k6_xcmplx_0__r2_r0_r2
a: [3,1463,0,5,1,786]
s: 1463
d: [2,2707,2,2,1,1,40,2664,982]
a: [3,2712,2,2,1,2707]
s: 2712
i: [1,787,0,5,1,0,0,2] rqRealMult__k3_xcmplx_0__r2_r1_r2
a: [3,1468,0,5,1,787]
s: 1468
i: [1,788,0,5,1,0,0,2] rqRealMult__k3_xcmplx_0__r1_r2_r2
a: [3,1473,0,5,1,788]
s: 1473
d: [2,2708,2,2,1,1,40,2664,981]
a: [3,2717,2,2,1,2708]
s: 2717
i: [1,789,0,5,1,0,0,2] rqRealAdd__k2_xcmplx_0__r0_r2_r2
a: [3,1478,0,5,1,789]
s: 1478
d: [2,2569,3,2,1,1,40,2392,958]
a: [3,2573,3,2,1,2569]
s: 2573
i: [1,790,0,5,1,0,0,2] rqRealAdd__k2_xcmplx_0__r2_r0_r2
a: [3,1483,0,5,1,790]
s: 1483
i: [1,791,0,5,1,0,0,2] rqRealAdd__k2_xcmplx_0__r1_r1_r2
a: [3,1488,0,5,1,791]
s: 1488
d: [2,2575,3,2,1,1,40,2429,958]
a: [3,2579,3,2,1,2575]
s: 2579
i: [1,792,0,5,1,0,0,2] rqRealDiv__k7_xcmplx_0__r2_r1_r2
a: [3,1493,0,5,1,792]
s: 1493
d: [2,2583,3,2,1,1,40,2497,958]
a: [3,2587,3,2,1,2583]
s: 2587
i: [1,793,0,5,1,0,0,2] rqRealNeg__k4_xcmplx_0__rm1_r1
a: [3,1498,0,5,1,793]
s: 1498
i: [1,794,0,5,1,0,0,2] rqRealDiff__k6_xcmplx_0__r2_r1_r1
a: [3,1503,0,5,1,794]
s: 1503
d: [2,2592,3,2,1,1,40,2503,958]
a: [3,2596,3,2,1,2592]
s: 2596
i: [1,795,0,5,1,0,0,2] rqRealDiff__k6_xcmplx_0__r1_r0_r1
a: [3,1508,0,5,1,795]
s: 1508
d: [2,2608,3,2,1,1,40,2540,957]
a: [3,2612,3,2,1,2608]
s: 2612
i: [1,796,0,5,1,0,0,2] rqRealMult__k3_xcmplx_0__r1_r1_r1
a: [3,1513,0,5,1,796]
s: 1513
i: [1,797,0,5,1,0,0,2] rqRealAdd__k2_xcmplx_0__r0_r1_r1
a: [3,1518,0,5,1,797]
s: 1518
d: [2,2614,3,2,1,1,40,2547,957]
a: [3,2618,3,2,1,2614]
s: 2618
i: [1,798,0,5,1,0,0,2] rqRealAdd__k2_xcmplx_0__r1_r0_r1
a: [3,1523,0,5,1,798]
s: 1523
d: [2,2621,3,2,1,1,40,2554,957]
a: [3,2625,3,2,1,2621]
s: 2625
i: [1,799,0,5,1,0,0,2] rqRealDiv__k7_xcmplx_0__r2_r2_r1
a: [3,1528,0,5,1,799]
s: 1528
i: [1,800,0,5,1,0,0,2] rqRealDiv__k7_xcmplx_0__r1_r1_r1
a: [3,1533,0,5,1,800]
s: 1533
d: [2,2719,3,2,1,1,40,2560,957]
a: [3,2723,3,2,1,2719]
s: 2723
i: [1,803,0,5,1,0,0,1] rqLessOrEqual__r1_xxreal_0__r0_rn1d2
a: [3,1538,0,5,1,803]
s: 1538
d: [2,2725,3,2,1,1,40,2566,957]
a: [3,2729,3,2,1,2725]
s: 2729
i: [1,804,0,5,1,0,0,1] rqLessOrEqual__r1_xxreal_0__rm2_rm2
a: [3,1543,0,5,1,804]
s: 1543
i: [1,805,0,5,1,0,0,1] rqLessOrEqual__r1_xxreal_0__rm2_rm1
a: [3,1548,0,5,1,805]
s: 1548
d: [2,2731,3,2,1,1,40,2675,957]
a: [3,2735,3,2,1,2731]
s: 2735
i: [1,806,0,5,1,0,0,1] rqLessOrEqual__r1_xxreal_0__rm1_rm1
a: [3,1553,0,5,1,806]
s: 1553
d: [2,2737,3,2,1,1,40,2681,957]
a: [3,2741,3,2,1,2737]
s: 2741
i: [1,807,0,5,1,0,0,1] rqLessOrEqual__r1_xxreal_0__rn1d2_r2
a: [3,1558,0,5,1,807]
s: 1558
i: [1,808,0,5,1,0,0,1] rqLessOrEqual__r1_xxreal_0__rn1d2_r1
a: [3,1563,0,5,1,808]
s: 1563
d: [2,2746,4,2,1,1,40,2573,964]
a: [3,2751,4,2,1,2746]
s: 2751
i: [1,1111,0,7,3,0,0,255] reflexivity_r1_xxreal_0
a: [3,2075,0,5,2,1111]
s: 2075
d: [2,2747,4,2,1,1,40,2573,963]
a: [3,2756,4,2,1,2747]
s: 2756
d: [2,2535,0,5,1,1,22,914,1273]
s: 2535
d: [2,2542,0,5,1,1,22,915,1273]
s: 2542
d: [2,2758,4,2,1,1,40,2579,964]
a: [3,2763,4,2,1,2758]
s: 2763
d: [2,2549,0,5,1,1,22,916,1273]
s: 2549
d: [2,2759,4,2,1,1,40,2579,963]
a: [3,2768,4,2,1,2759]
s: 2768
d: [2,2600,0,5,2,1,22,1007,1273]
s: 2600
d: [2,2601,0,5,2,1,22,1008,1273]
s: 2601
d: [2,2840,1,7,2,2,44,1178,2600]
s: 2840
d: [2,2607,0,5,2,1,22,1013,1273]
s: 2607
d: [2,2855,2,8,2,3,40,2840,2075]
a: [3,2859,2,4,1,2855]
s: 2859
d: [2,2620,0,5,2,1,22,1016,1268]
s: 2620
i: [1,917,0,6,1,0,0,255] projectivity_k1_card_1
s: 917
d: [2,2868,1,2,1,2,40,2620,2043]
a: [3,2875,1,2,1,2868]
s: 2875
i: [1,944,0,6,2,0,0,255] rc7_card_1
s: 944
d: [2,2870,1,2,1,2,40,2620,2023]
a: [3,2880,1,2,1,2870]
s: 2880
i: [1,946,0,6,2,0,0,255] rc4_subset_1
s: 946
i: [1,968,0,6,2,0,0,255] rc5_card_1
s: 968
d: [2,2895,1,5,2,0,40,968,1015]
a: [3,2905,1,2,1,2895]
s: 2905
i: [1,995,0,6,2,0,0,255] dt_k5_card_1
s: 995
d: [2,2770,4,2,1,1,40,2587,964]
a: [3,2775,4,2,1,2770]
s: 2775
i: [1,1019,0,6,2,0,0,255] cc11_membered
s: 1019
i: [1,1020,0,6,2,0,0,3] cc8_membered
s: 1020
d: [2,2771,4,2,1,1,40,2587,963]
a: [3,2780,4,2,1,2771]
s: 2780
i: [1,1033,0,6,3,0,0,255] cc6_card_1
s: 1033
d: [2,2959,2,4,2,1,40,1033,2308]
a: [3,2982,2,2,1,2959]
s: 2982
i: [1,1036,0,6,3,0,0,255] cc5_xxreal_0
s: 1036
i: [1,1038,0,6,3,0,0,255] cc5_xxreal_0
s: 1038
d: [2,3002,1,4,2,1,40,1036,2170]
d: [2,3004,1,2,1,2,21,3002,2175]
a: [3,3008,1,2,1,3004]
s: 3008
i: [1,1039,0,6,3,0,0,255] cc3_xxreal_0
s: 1039
d: [2,3003,1,4,2,1,40,1036,2205]
d: [2,3010,1,2,1,2,21,3003,2210]
a: [3,3014,1,2,1,3010]
s: 3014
i: [1,1041,0,6,3,0,0,255] cc3_xxreal_0
s: 1041
i: [1,1043,0,6,3,0,0,255] cc7_xxreal_0
s: 1043
d: [2,3016,1,4,2,1,40,1038,2170]
d: [2,3018,1,2,1,2,21,3016,2175]
a: [3,3022,1,2,1,3018]
s: 3022
i: [1,1044,0,6,3,0,0,255] cc7_xxreal_0
s: 1044
d: [2,3017,1,4,2,1,40,1038,2205]
d: [2,3024,1,2,1,2,21,3017,2210]
a: [3,3028,1,2,1,3024]
s: 3028
i: [1,1045,0,6,2,0,0,255] t1_subset
s: 1045
i: [1,1061,0,6,2,0,0,255] fc43_membered
s: 1061
d: [2,3032,1,4,2,1,40,1039,2190]
d: [2,3034,1,2,1,2,21,3032,2195]
a: [3,3038,1,2,1,3034]
s: 3038
i: [1,1062,0,6,2,0,0,255] fc44_membered
s: 1062
d: [2,3033,1,4,2,1,40,1039,2215]
d: [2,3040,1,2,1,2,21,3033,2220]
a: [3,3044,1,2,1,3040]
s: 3044
i: [1,1063,0,6,2,0,0,255] fc34_membered
s: 1063
i: [1,1064,0,6,2,0,0,255] fc32_membered
s: 1064
d: [2,2956,3,4,2,1,40,1033,2509]
d: [2,2963,3,2,1,2,21,2956,2471]
a: [3,2967,3,2,1,2963]
s: 2967
i: [1,1065,0,6,2,0,0,255] fc33_membered
s: 1065
d: [2,3070,1,4,2,1,44,1065,2542]
a: [3,3073,1,2,1,3070]
s: 3073
r: 1062
r: 1063
r: 1065
d: [2,3084,5,0,0,2,40,3073,2775]
e: 3084
d: [2,3083,5,0,0,2,40,3073,2763]
e: 3083
d: [2,3082,2,0,0,2,40,3073,2300]
e: 3082
d: [2,3081,5,0,0,2,40,3073,2751]
e: 3081
d: [2,3079,5,0,0,2,52,2751,3073]
e: 3079
d: [2,3080,4,0,0,2,52,2573,3073,964]
e: 3080
r: 3073
s: 1062
s: 1063
a: [3,3077,1,2,1,3070]
s: 3077
s: 1065
d: [2,2958,3,4,2,1,40,1033,2515]
d: [2,2969,3,2,1,2,21,2958,2476]
a: [3,2973,3,2,1,2969]
s: 2973
i: [1,1066,0,6,2,0,0,255] fc31_membered
s: 1066
i: [1,1067,0,6,2,0,0,255] fc46_membered
s: 1067
d: [2,3103,1,4,2,1,44,1066,2542]
a: [3,3106,1,2,1,3103]
s: 3106
r: 1061
r: 1064
r: 1066
d: [2,3120,5,0,0,2,40,3106,2780]
e: 3120
d: [2,3119,5,0,0,2,40,3106,2768]
e: 3119
d: [2,3118,2,0,0,2,40,3106,2294]
e: 3118
d: [2,3117,5,0,0,2,40,3106,2756]
e: 3117
d: [2,3115,5,0,0,2,52,2756,3106]
e: 3115
d: [2,3116,4,0,0,2,52,2573,3106,963]
e: 3116
r: 3106
s: 1061
a: [3,3110,1,2,1,3103]
s: 3110
s: 1064
s: 1066
d: [2,2960,3,4,2,1,40,1033,2521]
d: [2,2984,3,2,1,2,21,2960,2481]
a: [3,2988,3,2,1,2984]
s: 2988
i: [1,1068,0,6,2,0,0,255] fc47_membered
s: 1068
d: [2,2961,3,4,2,1,40,1033,2527]
d: [2,2990,3,2,1,2,21,2961,2486]
a: [3,2994,3,2,1,2990]
s: 2994
i: [1,1069,0,6,2,0,0,255] fc40_membered
s: 1069
i: [1,1070,0,6,2,0,0,255] fc39_membered
s: 1070
d: [2,2962,3,4,2,1,40,1033,2533]
d: [2,2996,3,2,1,2,21,2962,2491]
a: [3,3000,3,2,1,2996]
s: 3000
i: [1,1071,0,6,2,0,0,255] fc38_membered
s: 1071
d: [2,2785,4,2,1,1,40,2596,964]
a: [3,2790,4,2,1,2785]
s: 2790
i: [1,1072,0,6,2,0,0,255] fc37_membered
s: 1072
i: [1,1073,0,6,2,0,0,2] fc45_membered
s: 1073
d: [2,2786,4,2,1,1,40,2596,963]
a: [3,2795,4,2,1,2786]
s: 2795
i: [1,1074,0,6,2,0,0,3] fc36_membered
s: 1074
d: [2,2797,4,2,1,1,40,2612,958]
a: [3,2801,4,2,1,2797]
s: 2801
i: [1,1075,0,6,2,0,0,3] fc35_membered
s: 1075
i: [1,1076,0,6,2,0,0,2] fc48_membered
s: 1076
d: [2,2803,4,2,1,1,40,2618,958]
a: [3,2807,4,2,1,2803]
s: 2807
i: [1,1077,0,6,2,0,0,3] fc41_membered
s: 1077
d: [2,2809,4,2,1,1,40,2625,958]
a: [3,2813,4,2,1,2809]
s: 2813
i: [1,1078,0,6,2,0,0,3] fc42_membered
s: 1078
i: [1,1079,0,6,2,0,0,2] fc12_finset_1
s: 1079
d: [2,2815,4,2,1,1,40,2723,958]
a: [3,2819,4,2,1,2815]
s: 2819
i: [1,1080,0,6,2,0,0,3] fc10_finset_1
s: 1080
d: [2,2821,4,2,1,1,40,2729,958]
a: [3,2825,4,2,1,2821]
s: 2825
i: [1,1081,0,6,2,0,0,3] fc11_finset_1
s: 1081
i: [1,1082,0,6,2,0,0,255] antisymmetry_r2_hidden
s: 1082
d: [2,2827,4,2,1,1,40,2735,958]
a: [3,2831,4,2,1,2827]
s: 2831
i: [1,1083,0,6,2,0,0,1] symmetry_r1_xboole_0
s: 1083
d: [2,3266,1,3,1,1,40,1083,1183]
a: [3,3270,1,3,1,3266]
s: 3270
i: [1,809,0,6,1,0,0,1] rqLessOrEqual__r1_xxreal_0__r0_rnm1d2
a: [3,1568,0,6,1,809]
s: 1568
i: [1,810,0,6,1,0,0,1] rqLessOrEqual__r1_xxreal_0__r2_rnm1d2
a: [3,1573,0,6,1,810]
s: 1573
d: [2,2833,4,2,1,1,40,2741,958]
a: [3,2837,4,2,1,2833]
s: 2837
i: [1,811,0,6,1,0,0,1] rqLessOrEqual__r1_xxreal_0__r1_rnm1d2
a: [3,1578,0,6,1,811]
s: 1578
d: [2,3055,4,2,1,1,40,2967,949]
a: [3,3062,4,2,1,3055]
s: 3062
i: [1,812,0,6,1,0,0,1] rqLessOrEqual__r1_xxreal_0__rn1d2_rm2
a: [3,1583,0,6,1,812]
s: 1583
i: [1,813,0,6,1,0,0,1] rqLessOrEqual__r1_xxreal_0__rn1d2_rm1
a: [3,1588,0,6,1,813]
s: 1588
d: [2,3056,4,2,1,1,40,2967,948]
a: [3,3067,4,2,1,3056]
s: 3067
i: [1,814,0,6,1,0,0,2] rqRealMult__k3_xcmplx_0__r0_rm2_r0
a: [3,1593,0,6,1,814]
s: 1593
d: [2,3135,4,2,1,1,40,2988,949]
a: [3,3141,4,2,1,3135]
s: 3141
i: [1,815,0,6,1,0,0,2] rqRealMult__k3_xcmplx_0__rm2_r0_r0
a: [3,1598,0,6,1,815]
s: 1598
i: [1,816,0,6,1,0,0,2] rqRealAdd__k2_xcmplx_0__r2_rm2_r0
a: [3,1603,0,6,1,816]
s: 1603
d: [2,3136,4,2,1,1,40,2988,948]
a: [3,3146,4,2,1,3136]
s: 3146
i: [1,817,0,6,1,0,0,2] rqRealAdd__k2_xcmplx_0__r1_rm1_r0
a: [3,1608,0,6,1,817]
s: 1608
d: [2,3163,4,2,1,1,40,3000,948]
a: [3,3168,4,2,1,3163]
s: 3168
i: [1,818,0,6,1,0,0,2] rqRealAdd__k2_xcmplx_0__rm2_r2_r0
a: [3,1613,0,6,1,818]
s: 1613
i: [1,819,0,6,1,0,0,2] rqRealAdd__k2_xcmplx_0__rm1_r1_r0
a: [3,1618,0,6,1,819]
s: 1618
d: [2,3194,5,2,1,1,40,2807,964]
a: [3,3199,5,2,1,3194]
s: 3199
i: [1,820,0,6,1,0,0,2] rqRealDiff__k6_xcmplx_0__r0_rm2_r2
a: [3,1623,0,6,1,820]
s: 1623
d: [2,3195,5,2,1,1,40,2807,963]
a: [3,3204,5,2,1,3195]
s: 3204
i: [1,821,0,6,1,0,0,2] rqRealDiff__k6_xcmplx_0__r1_rm1_r2
a: [3,1628,0,6,1,821]
s: 1628
i: [1,822,0,6,1,0,0,2] rqRealDiff__k6_xcmplx_0__r0_rm1_r1
a: [3,1633,0,6,1,822]
s: 1633
d: [2,3209,5,2,1,1,40,2813,964]
a: [3,3214,5,2,1,3209]
s: 3214
i: [1,823,0,6,1,0,0,2] rqRealAdd__k2_xcmplx_0__r2_rm1_r1
a: [3,1638,0,6,1,823]
s: 1638
d: [2,3210,5,2,1,1,40,2813,963]
a: [3,3219,5,2,1,3210]
s: 3219
i: [1,824,0,6,1,0,0,2] rqRealAdd__k2_xcmplx_0__rm1_r2_r1
a: [3,1643,0,6,1,824]
s: 1643
i: [1,825,0,6,1,0,0,2] rqRealDiff__k6_xcmplx_0__r0_r2_rm2
a: [3,1648,0,6,1,825]
s: 1648
d: [2,3226,5,2,1,1,40,2819,964]
a: [3,3231,5,2,1,3226]
s: 3231
i: [1,826,0,6,1,0,0,2] rqRealDiff__k6_xcmplx_0__r0_r1_rm1
a: [3,1653,0,6,1,826]
s: 1653
d: [2,3227,5,2,1,1,40,2819,963]
a: [3,3236,5,2,1,3227]
s: 3236
i: [1,827,0,6,1,0,0,2] rqRealDiff__k6_xcmplx_0__r1_r2_rm1
a: [3,1658,0,6,1,827]
s: 1658
i: [1,828,0,6,1,0,0,1] rqLessOrEqual__r1_xxreal_0__rm2_rn1d2
a: [3,1663,0,6,1,828]
s: 1663
d: [2,3240,5,2,1,1,40,2825,964]
a: [3,3245,5,2,1,3240]
s: 3245
i: [1,829,0,6,1,0,0,1] rqLessOrEqual__r1_xxreal_0__rm1_rn1d2
a: [3,1668,0,6,1,829]
s: 1668
d: [2,3241,5,2,1,1,40,2825,963]
a: [3,3250,5,2,1,3241]
s: 3250
i: [1,830,0,6,1,0,0,1] rqLessOrEqual__r1_xxreal_0__rnm1d2_r0
a: [3,1673,0,6,1,830]
s: 1673
i: [1,831,0,6,1,0,0,1] rqLessOrEqual__r1_xxreal_0__rnm1d2_r2
a: [3,1678,0,6,1,831]
s: 1678
d: [2,3254,5,2,1,1,40,2831,964]
a: [3,3259,5,2,1,3254]
s: 3259
i: [1,832,0,6,1,0,0,1] rqLessOrEqual__r1_xxreal_0__rnm1d2_r1
a: [3,1683,0,6,1,832]
s: 1683
d: [2,3255,5,2,1,1,40,2831,963]
a: [3,3264,5,2,1,3255]
s: 3264
d: [2,2918,0,6,2,1,22,995,1268]
s: 2918
i: [1,918,0,7,2,0,0,255] rc6_subset_1
s: 918
d: [2,3273,5,2,1,1,40,2837,964]
a: [3,3278,5,2,1,3273]
s: 3278
i: [1,920,0,7,2,0,0,255] rc7_finset_1
s: 920
d: [2,3310,1,5,2,0,40,918,1019]
a: [3,3319,1,2,1,3310]
s: 3319
d: [2,3342,2,0,0,2,52,2268,3319,923]
e: 3342
d: [2,3343,2,2,1,1,40,3319,923]
d: [2,3345,2,0,0,2,21,3343,2268]
e: 3345
r: 3319
i: [1,927,0,7,2,0,0,1] rc4_card_1
s: 927
i: [1,935,0,7,2,0,0,1] rc1_subset_1
s: 935
a: [3,3318,1,2,1,3310]
s: 3318
i: [1,937,0,7,2,0,0,255] rc5_subset_1
s: 937
d: [2,3311,1,5,2,0,40,918,1020]
a: [3,3328,1,2,1,3311]
s: 3328
r: 3328
i: [1,940,0,7,2,0,0,1] rc2_finset_1
s: 940
i: [1,943,0,7,2,0,0,255] rc7_card_1
s: 943
a: [3,3327,1,2,1,3311]
s: 3327
i: [1,945,0,7,2,0,0,255] rc4_subset_1
s: 945
d: [2,3364,1,5,2,0,40,935,1019]
a: [3,3373,1,2,1,3364]
s: 3373
d: [2,3434,2,0,0,2,52,2268,3373,1006]
e: 3434
d: [2,3435,2,2,1,1,40,3373,1006]
d: [2,3440,2,0,0,2,21,3435,2268]
e: 3440
r: 3373
i: [1,951,0,7,3,0,0,255] cc7_finset_1
s: 951
i: [1,953,0,7,3,0,0,255] cc12_membered
s: 953
d: [2,3443,1,5,2,1,40,951,1188]
a: [3,3467,1,3,1,3443]
s: 3467
d: [2,3541,2,0,0,2,52,1198,3467,993]
e: 3541
d: [2,3542,2,2,1,1,40,3467,993]
d: [2,3544,2,0,0,2,21,3542,1198]
e: 3544
r: 3467
i: [1,954,0,7,3,0,0,255] cc13_membered
s: 954
a: [3,3471,1,2,1,3443]
s: 3471
i: [1,965,0,7,3,0,0,3] cc14_membered
s: 965
i: [1,970,0,7,2,0,0,1] t2_arithm
s: 970
d: [2,3444,1,5,2,1,40,951,1193]
a: [3,3476,1,2,1,3444]
s: 3476
i: [1,971,0,7,2,0,0,1] t5_arithm
s: 971
a: [3,3466,1,3,1,3443]
s: 3466
i: [1,972,0,7,2,0,0,2] involutiveness_k4_xcmplx_0
s: 972
i: [1,973,0,7,2,0,0,1] t4_arithm
s: 973
d: [2,3494,1,5,2,1,40,953,1188]
a: [3,3518,1,3,1,3494]
s: 3518
i: [1,974,0,7,2,0,0,2] t3_arithm
s: 974
d: [2,3547,1,5,2,1,40,954,1188]
a: [3,3571,1,3,1,3547]
s: 3571
i: [1,975,0,7,2,0,0,1] t1_arithm
s: 975
i: [1,976,0,7,2,0,0,2] t6_arithm
s: 976
d: [2,3593,1,5,2,1,40,965,1188]
a: [3,3617,1,3,1,3593]
s: 3617
i: [1,979,0,7,3,0,0,255] cc17_membered
s: 979
d: [2,3647,1,5,2,1,40,979,1188]
a: [3,3671,1,3,1,3647]
s: 3671
i: [1,996,0,7,2,0,0,255] redefinition_k5_card_1
s: 996
i: [1,1021,0,7,3,0,0,2] fc16_xreal_0
s: 1021
a: [3,3372,1,2,1,3364]
s: 3372
i: [1,1022,0,7,3,0,0,2] fc16_xreal_0
s: 1022
d: [2,3365,1,5,2,0,40,935,1020]
a: [3,3382,1,2,1,3365]
s: 3382
r: 3382
i: [1,1023,0,7,3,0,0,2] fc15_xreal_0
s: 1023
i: [1,1024,0,7,3,0,0,2] fc15_xreal_0
s: 1024
a: [3,3381,1,2,1,3365]
s: 3381
i: [1,1025,0,7,3,0,0,255] cc10_card_1
s: 1025
d: [2,3458,1,7,3,1,40,951,2918]
a: [3,3488,1,2,1,3458]
s: 3488
i: [1,1048,0,7,2,0,0,255] t3_subset
s: 1048
i: [1,1049,0,7,3,0,0,1] t8_boole
s: 1049
d: [2,3661,1,4,2,1,40,979,2043]
d: [2,3691,1,2,1,2,21,3661,2258]
a: [3,3695,1,2,1,3691]
s: 3695
d: [2,3804,2,0,0,2,52,2905,3695,947]
e: 3804
d: [2,3808,2,2,1,1,40,3695,947]
d: [2,3810,2,0,0,2,21,3808,2905]
e: 3810
r: 2905
i: [1,1060,0,7,1,0,0,3] commutativity_k3_xboole_0
s: 1060
a: [3,2904,1,2,1,2895]
s: 2904
i: [1,833,0,7,1,0,0,1] rqLessOrEqual__r1_xxreal_0__rnm1d2_rm1
a: [3,1688,0,7,1,833]
s: 1688
i: [1,834,0,7,1,0,0,2] rqRealDiff__k6_xcmplx_0__rm2_rm2_r0
a: [3,1693,0,7,1,834]
s: 1693
d: [2,3664,1,4,2,1,40,979,2023]
d: [2,3698,1,2,1,2,21,3664,2258]
a: [3,3702,1,2,1,3698]
s: 3702
i: [1,835,0,7,1,0,0,2] rqRealDiff__k6_xcmplx_0__rm1_rm1_r0
a: [3,1698,0,7,1,835]
s: 1698
d: [2,3721,1,6,3,1,44,1022,1348]
d: [2,3725,1,4,2,2,21,3721,2664]
a: [3,3728,1,2,1,3725]
s: 3728
i: [1,836,0,7,1,0,0,2] rqRealMult__k3_xcmplx_0__r0_rn1d2_r0
a: [3,1703,0,7,1,836]
s: 1703
i: [1,837,0,7,1,0,0,2] rqRealMult__k3_xcmplx_0__rn1d2_r0_r0
a: [3,1708,0,7,1,837]
s: 1708
a: [3,3733,1,2,1,3725]
s: 3733
i: [1,838,0,7,1,0,0,2] rqRealDiv__k7_xcmplx_0__r1_rn1d2_r2
a: [3,1713,0,7,1,838]
s: 1713
d: [2,3845,2,2,1,1,40,2904,967]
a: [3,3849,2,2,1,3845]
s: 3849
i: [1,839,0,7,1,0,0,2] rqRealDiff__k6_xcmplx_0__rm1_rm2_r1
a: [3,1718,0,7,1,839]
s: 1718
i: [1,840,0,7,1,0,0,2] rqRealMult__k3_xcmplx_0__r2_rn1d2_r1
a: [3,1723,0,7,1,840]
s: 1723
d: [2,3854,2,2,1,1,40,3702,947]
a: [3,3858,2,2,1,3854]
s: 3858
i: [1,841,0,7,1,0,0,2] rqRealMult__k3_xcmplx_0__rn1d2_r2_r1
a: [3,1728,0,7,1,841]
s: 1728
d: [2,3861,3,2,1,1,40,3858,967]
a: [3,3865,3,2,1,3861]
s: 3865
i: [1,842,0,7,1,0,0,2] rqRealDiff__k6_xcmplx_0__rm2_r0_rm2
a: [3,1733,0,7,1,842]
s: 1733
i: [1,843,0,7,1,0,0,2] rqRealDiff__k6_xcmplx_0__rm1_r1_rm2
a: [3,1738,0,7,1,843]
s: 1738
d: [2,3274,5,2,1,1,40,2837,963]
a: [3,3283,5,2,1,3274]
s: 3283
i: [1,844,0,7,1,0,0,2] rqRealMult__k3_xcmplx_0__r1_rm2_rm2
a: [3,1743,0,7,1,844]
s: 1743
d: [2,3287,5,2,1,1,40,3067,981]
a: [3,3292,5,2,1,3287]
s: 3292
i: [1,845,0,7,1,0,0,2] rqRealMult__k3_xcmplx_0__rm2_r1_rm2
a: [3,1748,0,7,1,845]
s: 1748
i: [1,846,0,7,1,0,0,2] rqRealAdd__k2_xcmplx_0__r0_rm2_rm2
a: [3,1753,0,7,1,846]
s: 1753
d: [2,3295,5,2,1,1,40,3146,981]
a: [3,3299,5,2,1,3295]
s: 3299
i: [1,847,0,7,1,0,0,2] rqRealDiff__k6_xcmplx_0__rm1_r0_rm1
a: [3,1758,0,7,1,847]
s: 1758
d: [2,3302,5,2,1,1,40,3168,981]
a: [3,3306,5,2,1,3302]
s: 3306
i: [1,848,0,7,1,0,0,2] rqRealAdd__k2_xcmplx_0__r0_rm1_rm1
a: [3,1763,0,7,1,848]
s: 1763
i: [1,849,0,7,1,0,0,2] rqRealAdd__k2_xcmplx_0__r1_rm2_rm1
a: [3,1768,0,7,1,849]
s: 1768
d: [2,2302,1,3,1,0,40,967,913]
s: 2302
i: [1,850,0,7,1,0,0,2] rqRealAdd__k2_xcmplx_0__rm2_r1_rm1
a: [3,1773,0,7,1,850]
s: 1773
d: [2,2359,1,3,1,0,40,1003,1055]
s: 2359
i: [1,851,0,7,1,0,0,2] rqRealAdd__k2_xcmplx_0__rm1_r0_rm1
a: [3,1778,0,7,1,851]
s: 1778
i: [1,852,0,7,1,0,0,2] rqRealDiv__k7_xcmplx_0__r1_rm1_rm1
a: [3,1783,0,7,1,852]
s: 1783
d: [2,2396,1,3,1,0,40,1004,1055]
s: 2396
i: [1,853,0,7,1,0,0,2] rqRealDiv__k7_xcmplx_0__rm2_r2_rm1
a: [3,1788,0,7,1,853]
s: 1788
d: [2,2433,1,3,1,0,40,1005,1055]
s: 2433
i: [1,854,0,7,1,0,0,2] rqRealDiv__k7_xcmplx_0__rm1_r1_rm1
a: [3,1793,0,7,1,854]
s: 1793
i: [1,856,0,7,1,0,0,1] rqLessOrEqual__r1_xxreal_0__rm1_rnm1d2
a: [3,1798,0,7,1,856]
s: 1798
d: [2,2464,1,3,1,0,40,1006,1055]
s: 2464
i: [1,857,0,7,1,0,0,1] rqLessOrEqual__r1_xxreal_0__rn1d2_rn1d2
a: [3,1803,0,7,1,857]
s: 1803
d: [2,2631,1,3,1,0,40,1017,1053]
a: [3,2645,1,3,1,2631]
s: 2645
i: [1,952,0,8,3,0,0,255] cc8_finset_1
s: 952
i: [1,955,0,8,3,0,0,255] cc19_membered
s: 955
d: [2,3892,1,4,2,1,40,952,1188]
a: [3,3900,1,2,1,3892]
s: 3900
i: [1,956,0,8,3,0,0,255] cc20_membered
s: 956
d: [2,3923,1,4,2,1,40,955,1188]
a: [3,3929,1,2,1,3923]
s: 3929
i: [1,960,0,8,3,0,0,255] cc22_membered
s: 960
i: [1,961,0,8,3,0,0,255] cc23_membered
s: 961
d: [2,3952,1,4,2,1,40,956,1188]
a: [3,3958,1,2,1,3952]
s: 3958
i: [1,962,0,8,3,0,0,255] cc5_subset_1
s: 962
d: [2,3981,1,4,2,1,40,960,1188]
a: [3,3987,1,2,1,3981]
s: 3987
i: [1,966,0,8,3,0,0,3] cc21_membered
s: 966
i: [1,980,0,8,3,0,0,3] cc24_membered
s: 980
d: [2,4010,1,4,2,1,40,961,1188]
a: [3,4016,1,2,1,4010]
s: 4016
i: [1,997,0,8,2,0,0,255] projectivity_k5_card_1
s: 997
d: [2,4039,1,4,2,1,40,962,1188]
a: [3,4045,1,2,1,4039]
s: 4045
i: [1,1000,0,8,3,0,0,1] cc2_finset_1
s: 1000
i: [1,1011,0,8,3,0,0,1] cc1_subset_1
s: 1011
d: [2,4068,1,4,2,1,40,966,1188]
a: [3,4074,1,2,1,4068]
s: 4074
i: [1,1027,0,8,4,0,0,255] cc4_xxreal_0
s: 1027
d: [2,4097,1,4,2,1,40,980,1188]
a: [3,4103,1,2,1,4097]
s: 4103
i: [1,1029,0,8,4,0,0,255] cc6_xxreal_0
s: 1029
i: [1,1034,0,8,4,0,0,255] cc8_xxreal_0
s: 1034
d: [2,3348,1,5,2,0,40,927,1020]
a: [3,3361,1,2,1,3348]
s: 3361
i: [1,1046,0,8,3,0,0,255] t2_subset
s: 1046
d: [2,4200,1,7,2,1,40,1046,1188]
d: [2,4227,1,4,1,1,21,4200,912]
a: [3,4231,1,4,1,4227]
s: 4231
i: [1,1107,0,8,3,0,0,2] fc7_xreal_0
s: 1107
i: [1,1108,0,8,3,0,0,2] fc6_xreal_0
s: 1108
d: [2,4201,1,7,2,1,40,1046,1193]
d: [2,4233,1,4,1,1,21,4201,912]
a: [3,4237,1,4,1,4233]
s: 4237
i: [1,1109,0,8,3,0,0,2] fc5_xreal_0
s: 1109
d: [2,4282,2,4,1,1,40,4231,1082]
a: [3,4288,2,4,1,4282]
s: 4288
i: [1,1110,0,8,3,0,0,3] fc8_xreal_0
s: 1110
i: [1,858,0,8,1,0,0,1] rqLessOrEqual__r1_xxreal_0__rn1d2_rnm1d2
a: [3,1808,0,8,1,858]
s: 1808
d: [2,4340,2,4,1,1,40,4237,1082]
a: [3,4346,2,4,1,4340]
s: 4346
i: [1,859,0,8,1,0,0,2] rqRealAdd__k2_xcmplx_0__rm1_rm1_rm2
a: [3,1813,0,8,1,859]
s: 1813
d: [2,4153,1,6,3,1,40,1027,2100]
a: [3,4177,1,2,1,4153]
s: 4177
r: 4177
i: [1,860,0,8,1,0,0,2] rqRealDiff__k6_xcmplx_0__rm2_rm1_rm1
a: [3,1818,0,8,1,860]
s: 1818
i: [1,861,0,8,1,0,0,1] rqLessOrEqual__r1_xxreal_0__rnm1d2_rn1d2
a: [3,1823,0,8,1,861]
s: 1823
a: [3,4176,1,2,1,4153]
s: 4176
i: [1,977,0,9,2,0,0,2] spc2_arithm
s: 977
a: [3,4181,1,2,1,4153]
s: 4181
i: [1,1012,0,9,3,0,0,255] cc4_subset_1
s: 1012
i: [1,1052,0,9,3,0,0,255] t5_subset
s: 1052
d: [2,3758,2,2,1,1,40,3382,1003]
a: [3,3768,2,2,1,3758]
s: 3768
i: [1,862,0,9,1,0,0,2] rqRealDiff__k6_xcmplx_0__rn1d2_rn1d2_r0
a: [3,1828,0,9,1,862]
s: 1828
d: [2,4152,2,6,3,1,40,1027,2355]
a: [3,4164,2,2,1,4152]
s: 4164
r: 4164
i: [1,863,0,9,1,0,0,2] rqRealMult__k3_xcmplx_0__rm2_rnm1d2_r1
a: [3,1833,0,9,1,863]
s: 1833
i: [1,864,0,9,1,0,0,2] rqRealMult__k3_xcmplx_0__rnm1d2_rm2_r1
a: [3,1838,0,9,1,864]
s: 1838
a: [3,4163,2,2,1,4152]
s: 4163
i: [1,865,0,9,1,0,0,2] rqRealAdd__k2_xcmplx_0__rn1d2_rn1d2_r1
a: [3,1843,0,9,1,865]
s: 1843
a: [3,4168,2,2,1,4152]
s: 4168
i: [1,866,0,9,1,0,0,2] rqRealDiv__k7_xcmplx_0__r1_rnm1d2_rm2
a: [3,1848,0,9,1,866]
s: 1848
i: [1,867,0,9,1,0,0,2] rqRealMult__k3_xcmplx_0__r2_rnm1d2_rm1
a: [3,1853,0,9,1,867]
s: 1853
d: [2,2650,1,3,1,0,40,1018,1053]
a: [3,2669,1,3,1,2650]
s: 2669
i: [1,868,0,9,1,0,0,2] rqRealMult__k3_xcmplx_0__rm2_rn1d2_rm1
a: [3,1858,0,9,1,868]
s: 1858
d: [2,2871,1,3,1,1,40,2620,1053]
a: [3,2885,1,3,1,2871]
s: 2885
i: [1,869,0,9,1,0,0,2] rqRealMult__k3_xcmplx_0__rn1d2_rm2_rm1
a: [3,1863,0,9,1,869]
s: 1863
i: [1,870,0,9,1,0,0,2] rqRealMult__k3_xcmplx_0__rnm1d2_r2_rm1
a: [3,1868,0,9,1,870]
s: 1868
a: [3,2901,1,3,1,2895]
s: 2901
i: [1,871,0,9,1,0,0,2] rqRealNeg__k4_xcmplx_0__rnm1d2_rn1d2
a: [3,1873,0,9,1,871]
s: 1873
d: [2,2896,1,5,2,0,40,968,1014]
a: [3,2910,1,3,1,2896]
s: 2910
i: [1,872,0,9,1,0,0,2] rqRealDiff__k6_xcmplx_0__r1_rn1d2_rn1d2
a: [3,1878,0,9,1,872]
s: 1878
i: [1,873,0,9,1,0,0,2] rqRealDiff__k6_xcmplx_0__rn1d2_r0_rn1d2
a: [3,1883,0,9,1,873]
s: 1883
d: [2,2897,1,5,2,1,40,968,2607]
d: [2,2912,1,3,1,2,21,2897,2403]
a: [3,2916,1,3,1,2912]
s: 2916
i: [1,874,0,9,1,0,0,2] rqRealMult__k3_xcmplx_0__r1_rn1d2_rn1d2
a: [3,1888,0,9,1,874]
s: 1888
d: [2,2919,1,3,1,0,40,1019,1054]
a: [3,2925,1,3,1,2919]
s: 2925
i: [1,875,0,9,1,0,0,2] rqRealMult__k3_xcmplx_0__rn1d2_r1_rn1d2
a: [3,1893,0,9,1,875]
s: 1893
i: [1,876,0,9,1,0,0,2] rqRealAdd__k2_xcmplx_0__r0_rn1d2_rn1d2
a: [3,1898,0,9,1,876]
s: 1898
d: [2,2920,1,3,1,0,40,1019,1056]
a: [3,2930,1,3,1,2920]
s: 2930
i: [1,877,0,9,1,0,0,2] rqRealAdd__k2_xcmplx_0__rn1d2_r0_rn1d2
a: [3,1903,0,9,1,877]
s: 1903
d: [2,2938,1,3,1,0,40,1020,1054]
a: [3,2944,1,3,1,2938]
s: 2944
i: [1,878,0,9,1,0,0,2] rqRealNeg__k4_xcmplx_0__rn1d2_rnm1d2
a: [3,1908,0,9,1,878]
s: 1908
r: 1568
r: 1573
r: 1578
r: 1673
r: 1678
r: 1683
r: 1688
r: 1798
r: 1808
r: 1823
r: 1833
r: 1838
r: 1848
r: 1853
r: 1868
r: 1873
d: [2,4600,0,6,1,2,23,1568,1908]
a: [3,4620,0,6,1,4600]
s: 4620
d: [2,2939,1,3,1,0,40,1020,1056]
a: [3,2949,1,3,1,2939]
s: 2949
d: [2,4601,0,6,1,2,23,1573,1908]
a: [3,4625,0,6,1,4601]
s: 4625
a: [3,3315,1,3,1,3310]
s: 3315
d: [2,4602,0,6,1,2,23,1578,1908]
a: [3,4630,0,6,1,4602]
s: 4630
d: [2,4603,0,6,1,2,23,1673,1908]
a: [3,4635,0,6,1,4603]
s: 4635
a: [3,3324,1,3,1,3311]
s: 3324
d: [2,4604,0,6,1,2,23,1678,1908]
a: [3,4640,0,6,1,4604]
s: 4640
d: [2,3330,1,5,2,0,40,920,1019]
a: [3,3335,1,3,1,3330]
s: 3335
d: [2,4605,0,6,1,2,23,1683,1908]
a: [3,4645,0,6,1,4605]
s: 4645
d: [2,4606,0,7,1,2,23,1688,1908]
a: [3,4650,0,7,1,4606]
s: 4650
d: [2,3331,1,5,2,0,40,920,1020]
a: [3,3340,1,3,1,3331]
s: 3340
d: [2,4607,0,7,1,2,23,1798,1908]
a: [3,4655,0,7,1,4607]
s: 4655
d: [2,3347,1,5,2,0,40,927,1019]
d: [2,3349,1,3,1,1,21,3347,2268]
a: [3,3353,1,3,1,3349]
s: 3353
d: [2,4608,0,8,1,2,23,1808,1908]
a: [3,4660,0,8,1,4608]
s: 4660
d: [2,4609,0,8,1,2,23,1823,1908]
a: [3,4665,0,8,1,4609]
s: 4665
a: [3,3358,1,3,1,3348]
s: 3358
i: [1,879,0,9,1,0,0,2] rqRealDiv__k7_xcmplx_0__r1_rm2_rnm1d2
a: [3,1913,0,9,1,879]
s: 1913
a: [3,3369,1,3,1,3364]
s: 3369
i: [1,881,0,9,1,0,0,1] rqLessOrEqual__r1_xxreal_0__rnm1d2_rnm1d2
a: [3,1918,0,9,1,881]
s: 1918
d: [2,4610,0,9,1,2,23,1833,1908]
a: [3,4670,0,9,1,4610]
s: 4670
a: [3,3378,1,3,1,3365]
s: 3378
d: [2,4611,0,9,1,2,23,1838,1908]
a: [3,4675,0,9,1,4611]
s: 4675
d: [2,3384,1,5,2,0,40,937,1019]
a: [3,3389,1,3,1,3384]
s: 3389
d: [2,4612,0,9,1,2,23,1848,1908]
a: [3,4680,0,9,1,4612]
s: 4680
d: [2,4613,0,9,1,2,23,1853,1908]
a: [3,4685,0,9,1,4613]
s: 4685
d: [2,3385,1,5,2,0,40,937,1020]
a: [3,3394,1,3,1,3385]
s: 3394
d: [2,4614,0,9,1,2,23,1868,1908]
a: [3,4690,0,9,1,4614]
s: 4690
d: [2,3398,1,5,2,0,40,940,1019]
a: [3,3403,1,3,1,3398]
s: 3403
d: [2,4615,0,9,1,2,23,1873,1908]
a: [3,4695,0,9,1,4615]
s: 4695
d: [2,4769,0,9,1,2,22,1913,1908]
a: [3,4773,0,9,1,4769]
s: 4773
d: [2,3399,1,5,2,0,40,940,1020]
a: [3,3408,1,3,1,3399]
s: 3408
d: [2,4781,0,9,1,2,22,1918,1908]
a: [3,4785,0,9,1,4781]
s: 4785
d: [2,3410,1,5,2,0,40,943,1019]
a: [3,3415,1,3,1,3410]
s: 3415
i: [1,1051,0,10,3,0,0,255] t4_subset
s: 1051
i: [1,1084,0,10,2,0,0,1] dt_k3_subset_1
s: 1084
d: [2,4889,1,6,2,1,40,1051,1188]
s: 4889
i: [1,1112,0,10,4,0,0,255] connectedness_r1_xxreal_0
s: 1112
d: [2,4890,1,6,2,1,40,1051,1193]
s: 4890
i: [1,1122,0,10,3,0,0,255] dt_k10_real_1
s: 1122
i: [1,1123,0,10,3,0,0,255] dt_k9_real_1
s: 1123
d: [2,3665,1,4,2,1,40,979,2018]
a: [3,3707,1,2,1,3665]
s: 3707
i: [1,1126,0,10,2,0,0,255] idempotence_k9_subset_1
s: 1126
d: [2,3411,1,5,2,0,40,943,1020]
a: [3,3420,1,3,1,3411]
s: 3420
i: [1,882,0,10,1,0,0,2] rqRealAdd__k2_xcmplx_0__rn1d2_rnm1d2_r0
a: [3,1923,0,10,1,882]
s: 1923
i: [1,883,0,10,1,0,0,2] rqRealAdd__k2_xcmplx_0__rnm1d2_rn1d2_r0
a: [3,1928,0,10,1,883]
s: 1928
d: [2,3422,1,5,2,0,40,945,1019]
a: [3,3427,1,3,1,3422]
s: 3427
i: [1,884,0,10,1,0,0,2] rqRealDiff__k6_xcmplx_0__rn1d2_rnm1d2_r1
a: [3,1933,0,10,1,884]
s: 1933
d: [2,3423,1,5,2,0,40,945,1020]
a: [3,3432,1,3,1,3423]
s: 3432
i: [1,885,0,10,1,0,0,2] rqRealDiff__k6_xcmplx_0__r0_rnm1d2_rn1d2
a: [3,1938,0,10,1,885]
s: 1938
i: [1,886,0,10,1,0,0,2] rqRealAdd__k2_xcmplx_0__r1_rnm1d2_rn1d2
a: [3,1943,0,10,1,886]
s: 1943
d: [2,3445,1,5,2,1,40,951,1353]
d: [2,3478,1,3,1,2,21,3445,2268]
a: [3,3482,1,3,1,3478]
s: 3482
i: [1,887,0,10,1,0,0,2] rqRealAdd__k2_xcmplx_0__rnm1d2_r1_rn1d2
a: [3,1948,0,10,1,887]
s: 1948
d: [2,3496,1,5,2,1,40,953,1353]
a: [3,3532,1,3,1,3496]
s: 3532
i: [1,888,0,10,1,0,0,2] rqRealDiff__k6_xcmplx_0__r0_rn1d2_rnm1d2
a: [3,1953,0,10,1,888]
s: 1953
i: [1,889,0,10,1,0,0,2] rqRealDiff__k6_xcmplx_0__rn1d2_r1_rnm1d2
a: [3,1958,0,10,1,889]
s: 1958
d: [2,3549,1,5,2,1,40,954,1353]
a: [3,3585,1,3,1,3549]
s: 3585
d: [2,4980,0,10,1,2,22,1923,1908]
a: [3,4984,0,10,1,4980]
s: 4984
d: [2,3595,1,5,2,1,40,965,1353]
a: [3,3631,1,3,1,3595]
s: 3631
d: [2,4986,0,10,1,2,22,1928,1908]
a: [3,4990,0,10,1,4986]
s: 4990
d: [2,4998,0,10,1,2,22,1933,1908]
a: [3,5002,0,10,1,4998]
s: 5002
d: [2,3649,1,5,2,1,40,979,1353]
a: [3,3685,1,3,1,3649]
s: 3685
d: [2,5016,0,10,1,2,22,1938,1908]
a: [3,5020,0,10,1,5016]
s: 5020
d: [2,3722,1,8,3,1,44,1022,1458]
d: [2,3735,1,6,2,2,21,3722,2033]
a: [3,3743,1,3,1,3735]
s: 3743
d: [2,5053,2,0,0,2,52,2654,3743,984]
e: 5053
d: [2,5054,2,2,1,1,40,3743,984]
d: [2,5056,2,0,0,2,21,5054,2654]
e: 5056
r: 3743
d: [2,5022,0,10,1,2,22,1943,1908]
a: [3,5026,0,10,1,5022]
s: 5026
d: [2,5029,0,10,1,2,22,1948,1908]
a: [3,5033,0,10,1,5029]
s: 5033
d: [2,3772,1,8,3,1,44,1024,1458]
a: [3,3784,1,2,1,3772]
s: 3784
d: [2,5035,0,10,1,2,22,1953,1908]
a: [3,5039,0,10,1,5035]
s: 5039
d: [2,3773,1,8,3,1,44,1024,1498]
a: [3,3793,1,2,1,3773]
s: 3793
d: [2,5041,0,10,1,2,22,1958,1908]
a: [3,5045,0,10,1,5041]
s: 5045
i: [1,931,0,11,4,0,0,255] cc3_subset_1
s: 931
d: [2,5082,1,7,3,1,40,931,1188]
d: [2,5093,1,5,2,2,21,5082,1203]
a: [3,5101,1,2,1,5093]
s: 5101
i: [1,932,0,11,4,0,0,255] cc2_subset_1
s: 932
d: [2,5083,1,7,3,1,40,931,1193]
d: [2,5103,1,5,2,2,21,5083,1203]
a: [3,5111,1,2,1,5103]
s: 5111
i: [1,933,0,11,4,0,0,255] cc1_rpr_1
s: 933
i: [1,987,0,11,5,0,0,3] t2_real
s: 987
a: [3,3739,1,3,1,3735]
s: 3739
i: [1,988,0,11,5,0,0,3] t1_real
s: 988
a: [3,3742,1,3,1,3735]
s: 3742
i: [1,989,0,11,5,0,0,3] t8_real
s: 989
i: [1,990,0,11,5,0,0,3] t7_real
s: 990
d: [2,5269,1,12,4,1,40,989,1178]
d: [2,5293,1,10,3,2,21,5269,3067]
a: [3,5297,1,4,1,5293]
s: 5297
i: [1,991,0,11,5,0,0,3] t3_real
s: 991
d: [2,3723,1,8,3,1,44,1022,1498]
d: [2,3745,1,6,2,2,21,3723,2053]
a: [3,3749,1,3,1,3745]
s: 3749
i: [1,992,0,11,5,0,0,3] t4_real
s: 992
i: [1,1047,0,11,2,0,0,1] d4_subset_1
s: 1047
a: [3,3752,1,3,1,3745]
s: 3752
i: [1,1085,0,11,2,0,0,1] involutiveness_k3_subset_1
s: 1085
a: [3,3779,1,3,1,3772]
s: 3779
i: [1,1102,0,11,3,0,0,2] commutativity_k3_xcmplx_0
s: 1102
i: [1,1103,0,11,3,0,0,2] commutativity_k2_xcmplx_0
s: 1103
a: [3,3788,1,3,1,3773]
s: 3788
i: [1,1113,0,11,3,0,0,1] dt_k1_rpr_1
s: 1113
d: [2,4202,1,5,2,1,40,1046,2287]
d: [2,4239,1,3,1,2,21,4202,3372]
a: [3,4243,1,3,1,4239]
s: 4243
i: [1,1127,0,11,2,0,0,255] dt_k9_subset_1
s: 1127
i: [1,890,0,11,1,0,0,2] rqRealDiff__k6_xcmplx_0__rnm1d2_rnm1d2_r0
a: [3,1963,0,11,1,890]
s: 1963
d: [2,4203,1,5,2,1,40,1046,2043]
d: [2,4245,1,3,1,2,21,4203,3372]
a: [3,4249,1,3,1,4245]
s: 4249
i: [1,891,0,11,1,0,0,2] rqRealDiff__k6_xcmplx_0__rnm1d2_rn1d2_rm1
a: [3,1968,0,11,1,891]
s: 1968
d: [2,4205,1,5,2,1,40,1046,2063]
d: [2,4252,1,3,1,2,21,4205,3372]
a: [3,4256,1,3,1,4252]
s: 4256
i: [1,892,0,11,1,0,0,2] rqRealDiff__k6_xcmplx_0__rnm1d2_rm1_rn1d2
a: [3,1973,0,11,1,892]
s: 1973
i: [1,893,0,11,1,0,0,2] rqRealDiff__k6_xcmplx_0__rnm1d2_r0_rnm1d2
a: [3,1978,0,11,1,893]
s: 1978
d: [2,4206,1,5,2,1,40,1046,2023]
d: [2,4258,1,3,1,2,21,4206,3372]
a: [3,4262,1,3,1,4258]
s: 4262
i: [1,894,0,11,1,0,0,2] rqRealMult__k3_xcmplx_0__r1_rnm1d2_rnm1d2
a: [3,1983,0,11,1,894]
s: 1983
d: [2,4207,1,5,2,1,40,1046,2018]
d: [2,4264,1,3,1,2,21,4207,3381]
a: [3,4268,1,3,1,4264]
s: 4268
i: [1,895,0,11,1,0,0,2] rqRealMult__k3_xcmplx_0__rnm1d2_r1_rnm1d2
a: [3,1988,0,11,1,895]
s: 1988
i: [1,896,0,11,1,0,0,2] rqRealAdd__k2_xcmplx_0__r0_rnm1d2_rnm1d2
a: [3,1993,0,11,1,896]
s: 1993
d: [2,4208,1,5,2,1,40,1046,2038]
d: [2,4270,1,3,1,2,21,4208,3381]
a: [3,4274,1,3,1,4270]
s: 4274
i: [1,897,0,11,1,0,0,2] rqRealAdd__k2_xcmplx_0__rm1_rn1d2_rnm1d2
a: [3,1998,0,11,1,897]
s: 1998
d: [2,4209,1,5,2,1,40,1046,2058]
d: [2,4276,1,3,1,2,21,4209,3381]
a: [3,4280,1,3,1,4276]
s: 4280
i: [1,898,0,11,1,0,0,2] rqRealAdd__k2_xcmplx_0__rn1d2_rm1_rnm1d2
a: [3,2003,0,11,1,898]
s: 2003
d: [2,5544,0,11,1,2,22,1963,1908]
a: [3,5548,0,11,1,5544]
s: 5548
d: [2,5125,1,7,3,1,40,933,1353]
d: [2,5137,1,5,2,2,21,5125,2268]
d: [2,5138,1,3,1,3,21,5137,3381]
a: [3,5142,1,3,1,5138]
s: 5142
d: [2,5558,0,11,1,2,22,1968,1908]
a: [3,5562,0,11,1,5558]
s: 5562
d: [2,3872,2,3,1,0,40,2396,967]
s: 3872
d: [2,5572,0,11,1,2,22,1973,1908]
a: [3,5576,0,11,1,5572]
s: 5576
d: [2,5578,0,11,1,2,22,1978,1908]
a: [3,5582,0,11,1,5578]
s: 5582
d: [2,3873,2,3,1,0,40,2433,978]
s: 3873
d: [2,5592,0,11,1,2,22,1983,1908]
a: [3,5596,0,11,1,5592]
s: 5596
d: [2,3874,2,3,1,1,40,2645,978]
a: [3,3878,2,3,1,3874]
s: 3878
d: [2,5606,0,11,1,2,22,1988,1908]
a: [3,5610,0,11,1,5606]
s: 5610
d: [2,5612,0,11,1,2,22,1993,1908]
a: [3,5616,0,11,1,5612]
s: 5616
d: [2,4486,2,3,1,1,40,2669,982]
a: [3,4491,2,3,1,4486]
s: 4491
d: [2,5626,0,11,1,2,22,1998,1908]
a: [3,5630,0,11,1,5626]
s: 5630
d: [2,4487,2,3,1,1,40,2669,981]
a: [3,4496,2,3,1,4487]
s: 4496
d: [2,5640,0,11,1,2,22,2003,1908]
a: [3,5644,0,11,1,5640]
s: 5644
i: [1,1086,0,12,5,0,0,3] fc26_xreal_0
s: 1086
d: [2,4509,2,3,1,1,40,2901,923]
a: [3,4513,2,3,1,4509]
s: 4513
i: [1,1087,0,12,5,0,0,3] fc9_xreal_0
s: 1087
d: [2,4553,2,3,1,1,40,2916,1006]
a: [3,4561,2,3,1,4553]
s: 4561
i: [1,1088,0,12,5,0,0,3] fc33_xreal_0
s: 1088
i: [1,1089,0,12,5,0,0,3] fc17_xreal_0
s: 1089
d: [2,4554,2,3,1,1,40,2916,1005]
a: [3,4566,2,3,1,4554]
s: 4566
i: [1,1090,0,12,5,0,0,3] fc18_xreal_0
s: 1090
d: [2,4555,2,3,1,1,40,2916,1004]
a: [3,4571,2,3,1,4555]
s: 4571
i: [1,1091,0,12,5,0,0,3] fc32_xreal_0
s: 1091
i: [1,1092,0,12,5,0,0,3] fc31_xreal_0
s: 1092
d: [2,5924,1,12,6,0,44,1092,971]
d: [2,5937,1,10,5,1,21,5924,3067]
d: [2,5938,1,8,4,1,21,5937,981]
a: [3,5945,1,2,1,5938]
s: 5945
i: [1,1093,0,12,5,0,0,3] fc23_xreal_0
s: 1093
d: [2,4556,2,3,1,1,40,2916,1003]
a: [3,4576,2,3,1,4556]
s: 4576
i: [1,1094,0,12,5,0,0,3] fc24_xreal_0
s: 1094
i: [1,1095,0,12,5,0,0,3] fc25_xreal_0
s: 1095
a: [3,5304,1,2,1,5293]
s: 5304
i: [1,1096,0,12,5,0,0,3] fc34_xreal_0
s: 1096
d: [2,6089,2,4,2,2,44,5304,2600]
s: 6089
r: 1036
i: [1,1097,0,12,5,0,0,3] fc10_xreal_0
s: 1097
i: [1,1104,0,12,3,0,0,2] spc1_arithm
s: 1104
d: [2,4581,2,3,1,1,40,2930,978]
a: [3,4585,2,3,1,4581]
s: 4585
i: [1,1114,0,12,5,0,0,3] fc21_xreal_0
s: 1114
d: [2,4588,2,3,1,1,40,2944,964]
a: [3,4593,2,3,1,4588]
s: 4593
r: 2859
r: 2982
r: 3585
r: 3685
r: 4045
r: 4163
r: 4168
r: 4181
r: 5111
r: 5297
i: [1,1115,0,12,5,0,0,3] fc22_xreal_0
s: 1115
i: [1,1116,0,12,5,0,0,3] fc14_xreal_0
s: 1116
a: [3,4049,1,2,1,4039]
s: 4049
i: [1,1117,0,12,5,0,0,3] fc13_xreal_0
s: 1117
d: [2,4040,1,4,2,1,40,962,1193]
a: [3,4054,1,2,1,4040]
s: 4054
i: [1,1118,0,12,5,0,0,3] fc11_xreal_0
s: 1118
i: [1,1119,0,12,5,0,0,3] fc12_xreal_0
s: 1119
a: [3,5107,1,3,1,5103]
s: 5107
i: [1,1120,0,12,5,0,0,3] fc20_xreal_0
s: 1120
a: [3,5301,1,4,1,5293]
s: 5301
i: [1,1121,0,12,5,0,0,3] fc19_xreal_0
s: 1121
i: [1,1124,0,12,3,0,0,255] redefinition_k10_real_1
s: 1124
s: 2859
i: [1,1125,0,12,3,0,0,255] redefinition_k9_real_1
s: 1125
a: [3,2863,2,4,1,2855]
s: 2863
i: [1,1128,0,12,2,0,0,255] redefinition_k9_subset_1
s: 1128
i: [1,899,0,12,1,0,0,2] rqRealAdd__k2_xcmplx_0__rnm1d2_rnm1d2_rm1
a: [3,2008,0,12,1,899]
s: 2008
a: [3,3589,1,2,1,3549]
s: 3589
r: 3589
i: [1,900,0,12,1,0,0,2] rqRealDiff__k6_xcmplx_0__rm1_rnm1d2_rnm1d2
a: [3,2013,0,12,1,900]
s: 2013
a: [3,3588,1,2,1,3549]
s: 3588
d: [2,7032,0,12,1,2,22,2008,1908]
a: [3,7036,0,12,1,7032]
s: 7036
d: [2,7049,0,12,1,2,22,2013,1908]
a: [3,7053,0,12,1,7049]
s: 7053
a: [3,3689,1,2,1,3649]
s: 3689
d: [2,7103,2,0,0,2,52,2268,3689,950]
e: 7103
d: [2,7104,2,0,0,2,52,3588,3689,949]
e: 7104
d: [2,7105,2,2,1,1,40,3689,950]
d: [2,7111,2,0,0,2,21,7105,2268]
e: 7111
d: [2,7106,2,2,1,1,40,3689,949]
d: [2,7113,2,0,0,2,21,7106,3588]
e: 7113
r: 3689
i: [1,985,0,13,6,0,0,3] t5_real
s: 985
a: [3,3688,1,2,1,3649]
s: 3688
i: [1,986,0,13,6,0,0,3] t6_real
s: 986
i: [1,1105,0,13,3,0,0,2] spc9_arithm
s: 1105
a: [3,4185,1,2,1,4153]
s: 4185
i: [1,1129,0,13,2,0,0,255] commutativity_k9_subset_1
s: 1129
a: [3,4180,1,2,1,4153]
s: 4180
i: [1,1101,0,14,4,0,0,255] existence_m2_subset_1
s: 1101
d: [2,7305,0,12,3,0,21,1101,1011]
s: 7305
a: [3,2978,2,2,1,2959]
s: 2978
r: 2978
i: [1,1106,0,14,3,0,0,2] spc8_arithm
s: 1106
a: [3,2977,2,2,1,2959]
s: 2977
i: [1,1001,0,15,3,0,0,255] d1_rpr_1
s: 1001
i: [1,1098,0,15,5,0,0,255] dt_m2_subset_1
s: 1098
s: 2982
d: [2,7401,0,13,4,0,21,1098,1011]
s: 7401
s: 4164
i: [1,1099,0,15,5,0,0,255] redefinition_m2_subset_1
s: 1099
d: [2,7423,0,13,4,0,21,1099,1011]
s: 7423
d: [2,4447,3,2,1,1,40,4164,1006]
a: [3,4454,3,2,1,4447]
s: 4454
i: [1,1100,0,15,5,0,0,255] redefinition_m2_subset_1
s: 1100
d: [2,4448,3,2,1,1,40,4164,1005]
a: [3,4459,3,2,1,4448]
s: 4459
r: 4164
r: 4459
d: [2,7430,0,13,4,0,21,1100,1011]
s: 7430
i: [1,1134,0,16,4,0,0,1] dt_k2_rpr_1
s: 1134
a: [3,5110,1,2,1,5103]
s: 5110
r: 5110
i: [1,1130,0,17,4,0,0,2] spc4_arithm
s: 1130
s: 5111
i: [1,1131,0,17,4,0,0,2] spc7_arithm
s: 1131
i: [1,1132,0,17,4,0,0,2] spc6_arithm
s: 1132
d: [2,7451,1,9,3,1,40,7430,1188]
d: [2,7458,1,7,2,2,21,7451,5101]
s: 7458
i: [1,1133,0,19,4,0,0,2] spc5_arithm
s: 1133
d: [2,8020,2,12,4,2,40,7458,7401]
d: [2,8021,2,8,3,2,21,8020,1188]
d: [2,8022,2,6,2,2,21,8021,5101]
s: 8022
r: 8022
r: 7458
r: 5101
i: [1,1030,0,21,6,0,0,1] t38_rpr_1
s: 1030
i: [1,1002,0,25,4,0,0,255] d2_rpr_1
s: 1002
a: [3,5100,1,2,1,5093]
s: 5100
r: 5100
i: [1,1031,0,30,6,0,0,255] t40_rpr_1
s: 1031
s: 5101
i: [1,1032,0,30,6,0,0,255] t40_rpr_1
s: 1032
a: [3,5097,1,3,1,5093]
s: 5097
d: [2,8327,3,4,1,2,40,8022,1053]
a: [3,8331,3,4,1,8327]
s: 8331
r: 5101
r: 8331
a: [3,3904,1,2,1,3892]
s: 3904
a: [3,4107,1,2,1,4097]
s: 4107
a: [3,4020,1,2,1,4010]
s: 4020
a: [3,3991,1,2,1,3981]
s: 3991
a: [3,4078,1,2,1,4068]
s: 4078
a: [3,3933,1,2,1,3923]
s: 3933
a: [3,3962,1,2,1,3952]
s: 3962
s: 5100
d: [2,8337,1,22,6,1,44,1173,1030]
d: [2,8340,1,18,5,2,21,8337,1188]
d: [2,8341,1,16,4,3,21,8340,1198]
d: [2,8342,1,14,3,4,21,8341,1203]
a: [3,8346,1,6,1,8342]
s: 8346
d: [2,8438,2,0,0,2,52,1193,8346,1084]
e: 8438
d: [2,8439,2,4,1,1,40,8346,1084]
d: [2,8442,2,0,0,2,21,8439,1193]
e: 8442
r: 8346
d: [2,8373,2,2,1,1,40,5100,1004]
a: [3,8379,2,2,1,8373]
s: 8379
r: 5100
r: 8379
s: 5101
a: [3,8378,2,2,1,8373]
s: 8378
a: [3,8350,1,5,1,8342]
s: 8350
a: [3,8345,1,6,1,8342]
s: 8345
s: 4045
d: [2,7452,1,9,3,1,40,7430,1193]
a: [3,7461,1,7,2,7452]
s: 7461
d: [2,8450,2,11,3,1,40,8345,931]
d: [2,8472,2,9,2,2,21,8450,1203]
a: [3,8479,2,4,1,8472]
s: 8479
r: 8479
a: [3,8335,1,7,2,7451]
s: 8335
d: [2,8390,1,25,6,1,44,1173,1032]
d: [2,8399,1,20,5,2,21,8390,1178]
d: [2,8400,1,16,4,3,21,8399,1188]
d: [2,8401,1,12,3,4,21,8400,1193]
d: [2,8402,1,10,2,5,21,8401,1198]
d: [2,8403,1,8,1,6,21,8402,1203]
a: [3,8407,1,8,1,8403]
s: 8407
a: [3,8480,2,4,1,8472]
s: 8480
s: 3585
d: [2,8451,2,11,3,1,40,8345,933]
d: [2,8482,2,9,2,2,21,8451,1203]
a: [3,8486,2,4,1,8482]
s: 8486
s: 3685
d: [2,7402,1,9,3,1,40,7401,1388]
d: [2,7408,1,5,2,2,21,7402,1353]
d: [2,7409,1,3,1,3,21,7408,3372]
a: [3,7413,1,3,1,7409]
s: 7413
s: 8331
d: [2,2921,1,4,1,0,40,1019,1053]
a: [3,2935,1,4,1,2921]
s: 2935
d: [2,8411,4,6,2,1,40,8331,1046]
d: [2,8417,4,4,1,2,21,8411,1203]
a: [3,8421,4,4,1,8417]
s: 8421
d: [2,2940,1,4,1,0,40,1020,1053]
a: [3,2954,1,4,1,2940]
s: 2954
d: [2,4199,1,7,2,1,40,1046,1353]
d: [2,4221,1,4,1,1,21,4199,912]
a: [3,4225,1,4,1,4221]
s: 4225
d: [2,8578,5,4,1,1,40,8421,1082]
a: [3,8584,5,4,1,8578]
s: 8584
d: [2,4498,1,10,3,1,44,1108,1858]
a: [3,4501,1,4,1,4498]
s: 4501
a: [3,8476,2,5,1,8472]
s: 8476
d: [2,4515,1,14,3,1,44,1024,1873]
a: [3,4528,1,4,1,4515]
s: 4528
d: [2,4516,1,14,3,1,44,1022,1873]
a: [3,4536,1,4,1,4516]
s: 4536
d: [2,8539,2,20,6,1,44,8407,1030]
d: [2,8540,2,17,5,2,21,8539,1183]
d: [2,8541,2,13,4,3,21,8540,1188]
d: [2,8542,2,9,3,4,21,8541,1193]
d: [2,8543,2,7,2,5,21,8542,1198]
d: [2,8544,2,5,1,6,21,8543,1203]
a: [3,8548,2,5,1,8544]
s: 8548
d: [2,4519,1,9,2,1,44,983,1873]
a: [3,4548,1,4,1,4519]
s: 4548
d: [2,8466,2,9,2,1,40,8345,1046]
d: [2,8503,2,6,1,1,21,8466,912]
a: [3,8507,2,6,1,8503]
s: 8507
d: [2,6677,1,13,3,1,44,1125,1738]
d: [2,6805,1,11,2,2,21,6677,2659]
a: [3,6809,1,4,1,6805]
s: 6809
d: [2,6679,1,14,3,1,44,1125,1693]
d: [2,6824,1,11,2,2,21,6679,3742]
a: [3,6828,1,4,1,6824]
s: 6828
d: [2,8512,2,12,4,1,40,7461,7401]
d: [2,8513,2,8,3,2,21,8512,1193]
d: [2,8514,2,6,2,3,21,8513,5111]
s: 8514
r: 8514
r: 5111
d: [2,3893,1,4,2,1,40,952,1193]
a: [3,3909,1,2,1,3893]
s: 3909
d: [2,4098,1,4,2,1,40,980,1193]
a: [3,4112,1,2,1,4098]
s: 4112
d: [2,4011,1,4,2,1,40,961,1193]
a: [3,4025,1,2,1,4011]
s: 4025
d: [2,3982,1,4,2,1,40,960,1193]
a: [3,3996,1,2,1,3982]
s: 3996
d: [2,4069,1,4,2,1,40,966,1193]
a: [3,4083,1,2,1,4069]
s: 4083
d: [2,3924,1,4,2,1,40,955,1193]
a: [3,3938,1,2,1,3924]
s: 3938
d: [2,3953,1,4,2,1,40,956,1193]
a: [3,3967,1,2,1,3953]
s: 3967
s: 5110
d: [2,7122,1,20,5,1,40,985,1803]
d: [2,7150,1,16,4,1,18,7122]
a: [3,7163,1,4,1,7150]
s: 7163
d: [2,7476,2,2,1,1,40,5110,1004]
a: [3,7482,2,2,1,7476]
s: 7482
d: [2,2568,1,5,2,0,40,939,923]
s: 2568
d: [2,8652,3,2,1,1,40,7482,967]
a: [3,8656,3,2,1,8652]
s: 8656
d: [2,3648,1,5,2,1,40,979,1193]
a: [3,3680,1,2,1,3648]
s: 3680
d: [2,3548,1,5,2,1,40,954,1193]
a: [3,3580,1,2,1,3548]
s: 3580
d: [2,3594,1,5,2,1,40,965,1193]
a: [3,3626,1,2,1,3594]
s: 3626
d: [2,3495,1,5,2,1,40,953,1193]
a: [3,3527,1,2,1,3495]
s: 3527
d: [2,8536,2,12,4,1,40,8335,7401]
d: [2,8537,2,8,3,2,21,8536,1188]
d: [2,8538,2,6,2,3,21,8537,5101]
s: 8538
d: [2,2589,1,5,2,0,40,984,982]
s: 2589
d: [2,2603,1,5,2,0,40,1009,1006]
s: 2603
d: [2,8619,3,6,1,1,40,8507,1082]
a: [3,8625,3,6,1,8619]
s: 8625
d: [2,2604,1,5,2,0,40,1009,1005]
s: 2604
d: [2,8618,3,7,2,2,44,8548,2600]
s: 8618
d: [2,2606,1,5,2,0,40,1009,1003]
s: 2606
d: [2,2843,1,5,2,2,44,2287,2600]
s: 2843
d: [2,8463,2,8,2,1,40,8345,1051]
s: 8463
d: [2,2893,1,5,2,0,40,944,1015]
s: 2893
s: 4163
d: [2,2894,1,5,2,0,40,944,1014]
s: 2894
d: [2,3308,1,5,2,1,40,2918,2620]
s: 3308
s: 4168
d: [2,3309,1,5,2,1,40,2918,1017]
s: 3309
a: [3,4458,3,2,1,4448]
s: 4458
d: [2,3442,1,5,2,0,40,951,1053]
s: 3442
d: [2,3448,1,8,3,0,40,951,927]
d: [2,3484,1,5,2,0,21,3448,928]
s: 3484
d: [2,4449,3,2,1,1,40,4164,1004]
a: [3,4464,3,2,1,4449]
s: 4464
a: [3,3491,1,5,2,3458]
s: 3491
d: [2,4450,3,2,1,1,40,4164,1003]
a: [3,4469,3,2,1,4450]
s: 4469
d: [2,3493,1,5,2,0,40,953,1053]
s: 3493
d: [2,3509,1,7,3,1,40,953,2918]
d: [2,3540,1,5,2,2,21,3509,2756]
s: 3540
d: [2,8711,4,2,1,1,40,4464,967]
a: [3,8715,4,2,1,8711]
s: 8715
d: [2,3546,1,5,2,0,40,954,1053]
s: 3546
d: [2,8719,5,4,2,1,40,8715,1033]
d: [2,8720,5,2,1,2,21,8719,4454]
a: [3,8724,5,2,1,8720]
s: 8724
d: [2,3562,1,7,3,1,40,954,2918]
d: [2,3591,1,5,2,2,21,3562,2751]
s: 3591
d: [2,3592,1,5,2,0,40,965,1053]
s: 3592
d: [2,8465,2,15,3,1,40,8345,7430]
a: [3,8501,2,11,2,8465]
s: 8501
d: [2,3608,1,7,3,1,40,965,2918]
d: [2,3637,1,5,2,2,21,3608,2573]
s: 3637
d: [2,8736,3,18,4,1,40,8501,7401]
d: [2,8737,3,12,3,2,21,8736,8345]
d: [2,8738,3,8,2,3,21,8737,8480]
s: 8738
d: [2,3646,1,5,2,0,40,979,1053]
s: 3646
d: [2,3662,1,7,3,1,40,979,2918]
d: [2,3697,1,5,2,2,21,3662,2258]
s: 3697
d: [2,8742,4,6,1,3,40,8738,1053]
a: [3,8746,4,6,1,8742]
s: 8746
d: [2,3711,1,5,2,0,44,913,996]
s: 3711
d: [2,8757,5,8,2,1,40,8746,1046]
d: [2,8763,5,6,1,2,21,8757,1203]
a: [3,8767,5,6,1,8763]
s: 8767
d: [2,3716,1,7,3,0,44,1009,996]
d: [2,3720,1,5,2,0,21,3716,1006]
s: 3720
d: [2,3797,1,5,2,0,40,1048,1019]
s: 3797
d: [2,8771,6,6,1,1,40,8767,1082]
a: [3,8777,6,6,1,8771]
s: 8777
d: [2,3798,1,5,2,0,40,1048,1020]
s: 3798
d: [2,4589,2,3,1,1,40,2944,963]
a: [3,4598,2,3,1,4589]
s: 4598
d: [2,3813,1,5,1,1,44,1060,2542]
s: 3813
d: [2,3814,1,5,1,1,44,1060,2542]
s: 3814
d: [2,4703,2,3,1,1,40,2949,964]
a: [3,4708,2,3,1,4703]
s: 4708
d: [2,3815,1,5,1,1,44,2542,1060]
s: 3815
d: [2,4704,2,3,1,1,40,2949,963]
a: [3,4713,2,3,1,4704]
s: 4713
d: [2,3830,1,5,1,1,44,2542,1060]
s: 3830
d: [2,3889,1,5,2,0,40,952,1056]
s: 3889
d: [2,4715,2,3,1,1,40,3315,978]
a: [3,4719,2,3,1,4715]
s: 4719
d: [2,3919,1,5,2,0,40,955,1054]
s: 3919
d: [2,4721,2,3,1,1,40,3324,964]
a: [3,4726,2,3,1,4721]
s: 4726
d: [2,3920,1,5,2,0,40,955,1056]
s: 3920
d: [2,3948,1,5,2,0,40,956,1054]
s: 3948
d: [2,4722,2,3,1,1,40,3324,963]
a: [3,4731,2,3,1,4722]
s: 4731
d: [2,3949,1,5,2,0,40,956,1056]
s: 3949
d: [2,4733,2,3,1,1,40,3335,978]
a: [3,4737,2,3,1,4733]
s: 4737
d: [2,3977,1,5,2,0,40,960,1054]
s: 3977
d: [2,3978,1,5,2,0,40,960,1056]
s: 3978
d: [2,4739,2,3,1,1,40,3340,964]
a: [3,4744,2,3,1,4739]
s: 4744
d: [2,4006,1,5,2,0,40,961,1054]
s: 4006
d: [2,4740,2,3,1,1,40,3340,963]
a: [3,4749,2,3,1,4740]
s: 4749
d: [2,4007,1,5,2,0,40,961,1056]
s: 4007
d: [2,4035,1,5,2,0,40,962,1054]
s: 4035
d: [2,4751,2,3,1,1,40,3353,978]
a: [3,4755,2,3,1,4751]
s: 4755
d: [2,4036,1,5,2,0,40,962,1056]
s: 4036
d: [2,4757,2,3,1,1,40,3358,964]
a: [3,4762,2,3,1,4757]
s: 4762
d: [2,4064,1,5,2,0,40,966,1054]
s: 4064
d: [2,4065,1,5,2,0,40,966,1056]
s: 4065
d: [2,4758,2,3,1,1,40,3358,963]
a: [3,4767,2,3,1,4758]
s: 4767
d: [2,4094,1,5,2,0,40,980,1056]
s: 4094
d: [2,4775,2,3,1,1,40,3369,978]
a: [3,4779,2,3,1,4775]
s: 4779
d: [2,4125,1,5,2,0,40,1000,1056]
s: 4125
d: [2,4142,1,5,2,0,40,1011,1056]
s: 4142
d: [2,4788,2,3,1,1,40,3378,964]
a: [3,4793,2,3,1,4788]
s: 4793
d: [2,4196,1,8,2,0,40,1046,1054]
d: [2,4218,1,5,1,0,21,4196,912]
s: 4218
d: [2,4789,2,3,1,1,40,3378,963]
a: [3,4798,2,3,1,4789]
s: 4798
d: [2,4197,1,8,2,0,40,1046,1056]
d: [2,4219,1,5,1,0,21,4197,912]
s: 4219
d: [2,4616,1,10,3,1,44,1110,1908]
d: [2,4697,1,8,2,2,21,4616,2654]
a: [3,4701,1,5,1,4697]
s: 4701
d: [2,4801,2,3,1,1,40,3389,978]
a: [3,4805,2,3,1,4801]
s: 4805
d: [2,4834,1,14,3,1,44,1024,4695]
a: [3,4841,1,5,1,4834]
s: 4841
d: [2,4813,2,3,1,1,40,3394,964]
a: [3,4818,2,3,1,4813]
s: 4818
d: [2,4835,1,14,3,1,44,1022,4695]
a: [3,4847,1,5,1,4835]
s: 4847
d: [2,4838,1,9,2,1,44,969,4695]
a: [3,4853,1,5,1,4838]
s: 4853
d: [2,4814,2,3,1,1,40,3394,963]
a: [3,4823,2,3,1,4814]
s: 4823
d: [2,5079,1,9,3,0,40,931,1056]
d: [2,5092,1,5,2,0,21,5079,1057]
s: 5092
d: [2,4828,2,3,1,1,40,3403,978]
a: [3,4832,2,3,1,4828]
s: 4832
d: [2,5120,1,11,4,0,40,933,943]
d: [2,5130,1,9,3,0,18,5120]
d: [2,5136,1,5,2,0,21,5130,944]
s: 5136
d: [2,6668,1,10,3,1,44,1125,1423]
d: [2,6744,1,8,2,2,21,6668,2659]
d: [2,6745,1,5,1,3,21,6744,2038]
a: [3,6749,1,5,1,6745]
s: 6749
d: [2,4859,2,3,1,1,40,3408,964]
a: [3,4864,2,3,1,4859]
s: 4864
d: [2,6671,1,10,3,1,44,1125,1508]
d: [2,6764,1,8,2,2,21,6671,2664]
d: [2,6765,1,5,1,3,21,6764,2038]
a: [3,6769,1,5,1,6765]
s: 6769
d: [2,8876,4,0,0,4,52,1248,6769,8618]
e: 8876
d: [2,8877,4,5,2,3,44,8618,6769]
d: [2,8879,4,2,1,3,19,8877]
d: [2,8881,4,0,0,4,21,8879,1248]
e: 8881
d: [2,6709,1,10,3,1,44,1508,1125]
d: [2,6966,1,8,2,2,21,6709,2664]
d: [2,6967,1,5,1,3,21,6966,2038]
f: 8881,8544,8403,6967,2649,911,908,795,748,743,728,729,730,731,732,733,734
% Refutation found. Thanks to Tanya!
% SZS status Theorem for rpr_1__t45_rpr_1
% SZS output start Proof for rpr_1__t45_rpr_1
1. ! [X0] : ((v1_finset_1(X0) & ~v1_xboole_0(X0)) => ! [X1] : (m1_subset_1(X1,k1_zfmisc_1(X0)) => ! [X2] : (m1_subset_1(X2,k1_zfmisc_1(X0)) => (r1_xboole_0(X1,X2) => (k2_rpr_1(X0,X2,k3_subset_1(X0,X1)) = 1 | r1_xxreal_0(k1_rpr_1(X0,X2),k6_numbers)))))) [input t45_rpr_1]
2. ~! [X0] : ((v1_finset_1(X0) & ~v1_xboole_0(X0)) => ! [X1] : (m1_subset_1(X1,k1_zfmisc_1(X0)) => ! [X2] : (m1_subset_1(X2,k1_zfmisc_1(X0)) => (r1_xboole_0(X1,X2) => (k2_rpr_1(X0,X2,k3_subset_1(X0,X1)) = 1 | r1_xxreal_0(k1_rpr_1(X0,X2),k6_numbers)))))) [negated conjecture 1]
19. ! [X0] : (m1_subset_1(X0,k1_numbers) => v1_xreal_0(X0)) [input cc1_xreal_0]
196. k6_numbers = k1_xboole_0 [input redefinition_k6_numbers]
197. ! [X0,X1] : ((v1_xreal_0(X1) & m1_subset_1(X0,k1_numbers)) => k9_real_1(X0,X1) = k6_xcmplx_0(X0,X1)) [input redefinition_k9_real_1]
285. 1 = k6_xcmplx_0(1,0) [input rqRealDiff__k6_xcmplx_0__r1_r0_r1]
353. v1_xboole_0(0) [input spc0_boole]
354. m1_subset_1(0,k1_numbers) & m1_subset_1(0,k5_numbers) & m2_subset_1(0,k1_numbers,k5_numbers) [input spc0_numerals]
357. m1_subset_1(1,k1_numbers) & m1_subset_1(1,k5_numbers) & m2_subset_1(1,k1_numbers,k5_numbers) & v2_xxreal_0(1) [input spc1_numerals]
376. ! [X0] : ((v1_finset_1(X0) & ~v1_xboole_0(X0)) => ! [X1] : (m1_subset_1(X1,k1_zfmisc_1(X0)) => ! [X2] : (m1_subset_1(X2,k1_zfmisc_1(X0)) => (r1_xboole_0(X1,X2) => k6_numbers = k2_rpr_1(X0,X2,X1))))) [input t38_rpr_1]
381. ! [X0] : ((v1_finset_1(X0) & ~v1_xboole_0(X0)) => ! [X1] : (m1_subset_1(X1,k1_zfmisc_1(X0)) => ! [X2] : (m1_subset_1(X2,k1_zfmisc_1(X0)) => (~r1_xxreal_0(k1_rpr_1(X0,X2),k6_numbers) => (k2_rpr_1(X0,X2,k3_subset_1(X0,X1)) = k9_real_1(1,k2_rpr_1(X0,X2,X1)) & k2_rpr_1(X0,X2,X1) = k9_real_1(1,k2_rpr_1(X0,X2,k3_subset_1(X0,X1)))))))) [input t40_rpr_1]
390. ! [X0] : (v1_xboole_0(X0) => k1_xboole_0 = X0) [input t6_boole]
414. ? [X0] : (? [X1] : (? [X2] : (((k2_rpr_1(X0,X2,k3_subset_1(X0,X1)) != 1 & ~r1_xxreal_0(k1_rpr_1(X0,X2),k6_numbers)) & r1_xboole_0(X1,X2)) & m1_subset_1(X2,k1_zfmisc_1(X0))) & m1_subset_1(X1,k1_zfmisc_1(X0))) & (v1_finset_1(X0) & ~v1_xboole_0(X0))) [ennf transformation 2]
415. ? [X0] : (? [X1] : (? [X2] : (k2_rpr_1(X0,X2,k3_subset_1(X0,X1)) != 1 & ~r1_xxreal_0(k1_rpr_1(X0,X2),k6_numbers) & r1_xboole_0(X1,X2) & m1_subset_1(X2,k1_zfmisc_1(X0))) & m1_subset_1(X1,k1_zfmisc_1(X0))) & v1_finset_1(X0) & ~v1_xboole_0(X0)) [flattening 414]
500. ! [X0] : (k1_xboole_0 = X0 | ~v1_xboole_0(X0)) [ennf transformation 390]
509. ! [X0] : (v1_xreal_0(X0) | ~m1_subset_1(X0,k1_numbers)) [ennf transformation 19]
522. ! [X0] : (! [X1] : (! [X2] : ((k6_numbers = k2_rpr_1(X0,X2,X1) | ~r1_xboole_0(X1,X2)) | ~m1_subset_1(X2,k1_zfmisc_1(X0))) | ~m1_subset_1(X1,k1_zfmisc_1(X0))) | (~v1_finset_1(X0) | v1_xboole_0(X0))) [ennf transformation 376]
523. ! [X0] : (! [X1] : (! [X2] : (k6_numbers = k2_rpr_1(X0,X2,X1) | ~r1_xboole_0(X1,X2) | ~m1_subset_1(X2,k1_zfmisc_1(X0))) | ~m1_subset_1(X1,k1_zfmisc_1(X0))) | ~v1_finset_1(X0) | v1_xboole_0(X0)) [flattening 522]
524. ! [X0] : (! [X1] : (! [X2] : (((k2_rpr_1(X0,X2,k3_subset_1(X0,X1)) = k9_real_1(1,k2_rpr_1(X0,X2,X1)) & k2_rpr_1(X0,X2,X1) = k9_real_1(1,k2_rpr_1(X0,X2,k3_subset_1(X0,X1)))) | r1_xxreal_0(k1_rpr_1(X0,X2),k6_numbers)) | ~m1_subset_1(X2,k1_zfmisc_1(X0))) | ~m1_subset_1(X1,k1_zfmisc_1(X0))) | (~v1_finset_1(X0) | v1_xboole_0(X0))) [ennf transformation 381]
525. ! [X0] : (! [X1] : (! [X2] : ((k2_rpr_1(X0,X2,k3_subset_1(X0,X1)) = k9_real_1(1,k2_rpr_1(X0,X2,X1)) & k2_rpr_1(X0,X2,X1) = k9_real_1(1,k2_rpr_1(X0,X2,k3_subset_1(X0,X1)))) | r1_xxreal_0(k1_rpr_1(X0,X2),k6_numbers) | ~m1_subset_1(X2,k1_zfmisc_1(X0))) | ~m1_subset_1(X1,k1_zfmisc_1(X0))) | ~v1_finset_1(X0) | v1_xboole_0(X0)) [flattening 524]
647. ! [X0,X1] : (k9_real_1(X0,X1) = k6_xcmplx_0(X0,X1) | (~v1_xreal_0(X1) | ~m1_subset_1(X0,k1_numbers))) [ennf transformation 197]
648. ! [X0,X1] : (k9_real_1(X0,X1) = k6_xcmplx_0(X0,X1) | ~v1_xreal_0(X1) | ~m1_subset_1(X0,k1_numbers)) [flattening 647]
663. ? [X0] : (? [X1] : (? [X2] : (k2_rpr_1(X0,X2,k3_subset_1(X0,X1)) != 1 & ~r1_xxreal_0(k1_rpr_1(X0,X2),k6_numbers) & r1_xboole_0(X1,X2) & m1_subset_1(X2,k1_zfmisc_1(X0))) & m1_subset_1(X1,k1_zfmisc_1(X0))) & v1_finset_1(X0) & ~v1_xboole_0(X0)) => (? [X1] : (? [X2] : (1 != k2_rpr_1(sK0,X2,k3_subset_1(sK0,X1)) & ~r1_xxreal_0(k1_rpr_1(sK0,X2),k6_numbers) & r1_xboole_0(X1,X2) & m1_subset_1(X2,k1_zfmisc_1(sK0))) & m1_subset_1(X1,k1_zfmisc_1(sK0))) & v1_finset_1(sK0) & ~v1_xboole_0(sK0)) [choice axiom]
664. ? [X1] : (? [X2] : (1 != k2_rpr_1(sK0,X2,k3_subset_1(sK0,X1)) & ~r1_xxreal_0(k1_rpr_1(sK0,X2),k6_numbers) & r1_xboole_0(X1,X2) & m1_subset_1(X2,k1_zfmisc_1(sK0))) & m1_subset_1(X1,k1_zfmisc_1(sK0))) => (? [X2] : (1 != k2_rpr_1(sK0,X2,k3_subset_1(sK0,sK1)) & ~r1_xxreal_0(k1_rpr_1(sK0,X2),k6_numbers) & r1_xboole_0(sK1,X2) & m1_subset_1(X2,k1_zfmisc_1(sK0))) & m1_subset_1(sK1,k1_zfmisc_1(sK0))) [choice axiom]
665. ? [X2] : (1 != k2_rpr_1(sK0,X2,k3_subset_1(sK0,sK1)) & ~r1_xxreal_0(k1_rpr_1(sK0,X2),k6_numbers) & r1_xboole_0(sK1,X2) & m1_subset_1(X2,k1_zfmisc_1(sK0))) => (1 != k2_rpr_1(sK0,sK2,k3_subset_1(sK0,sK1)) & ~r1_xxreal_0(k1_rpr_1(sK0,sK2),k6_numbers) & r1_xboole_0(sK1,sK2) & m1_subset_1(sK2,k1_zfmisc_1(sK0))) [choice axiom]
666. ((1 != k2_rpr_1(sK0,sK2,k3_subset_1(sK0,sK1)) & ~r1_xxreal_0(k1_rpr_1(sK0,sK2),k6_numbers) & r1_xboole_0(sK1,sK2) & m1_subset_1(sK2,k1_zfmisc_1(sK0))) & m1_subset_1(sK1,k1_zfmisc_1(sK0))) & v1_finset_1(sK0) & ~v1_xboole_0(sK0) [skolemisation 415,665,664,663]
728. ~v1_xboole_0(sK0) [cnf transformation 666] {a:0,w:2,wCS:200,goal:1,sine:0,thAx:0,allAx:4,thDist:-4}
729. v1_finset_1(sK0) [cnf transformation 666] {a:0,w:2,wCS:200,goal:1,sine:0,thAx:0,allAx:4,thDist:-4}
730. m1_subset_1(sK1,k1_zfmisc_1(sK0)) [cnf transformation 666] {a:0,w:4,wCS:400,goal:1,sine:0,thAx:0,allAx:4,thDist:-4}
731. m1_subset_1(sK2,k1_zfmisc_1(sK0)) [cnf transformation 666] {a:0,w:4,wCS:400,goal:1,sine:0,thAx:0,allAx:4,thDist:-4}
732. r1_xboole_0(sK1,sK2) [cnf transformation 666] {a:0,w:3,wCS:300,goal:1,sine:0,thAx:0,allAx:4,thDist:-4}
733. ~r1_xxreal_0(k1_rpr_1(sK0,sK2),k6_numbers) [cnf transformation 666] {a:0,w:5,wCS:500,goal:1,sine:0,thAx:0,allAx:4,thDist:-4}
734. 1 != k2_rpr_1(sK0,sK2,k3_subset_1(sK0,sK1)) [cnf transformation 666] {a:0,w:8,wCS:800,goal:1,sine:0,thAx:0,allAx:4,thDist:-4}
743. v1_xboole_0(0) [cnf transformation 353] {a:0,w:2,wCS:800,sine:1,thAx:0,allAx:1,thDist:-1}
748. k6_numbers = k1_xboole_0 [cnf transformation 196] {a:0,w:3,wCS:1200,sine:1,thAx:0,allAx:1,thDist:-1}
795. 1 = k6_xcmplx_0(1,0) [cnf transformation 285] {a:0,w:5,wCS:2000,sine:2,thAx:0,allAx:1,thDist:-1}
908. m1_subset_1(1,k1_numbers) [cnf transformation 357] {a:0,w:3,wCS:1200,sine:255,thAx:0,allAx:1,thDist:-1}
911. m1_subset_1(0,k1_numbers) [cnf transformation 354] {a:0,w:3,wCS:1200,sine:255,thAx:0,allAx:1,thDist:-1}
1007. k1_xboole_0 = X0 | ~v1_xboole_0(X0) [cnf transformation 500] {a:0,w:5,wCS:2000,sine:2,thAx:0,allAx:1,thDist:-1}
1018. ~m1_subset_1(X0,k1_numbers) | v1_xreal_0(X0) [cnf transformation 509] {a:0,w:5,wCS:2000,nSel:1,sine:2,thAx:0,allAx:1,thDist:-1}
1030. k6_numbers = k2_rpr_1(X0,X2,X1) | ~r1_xboole_0(X1,X2) | ~m1_subset_1(X2,k1_zfmisc_1(X0)) | ~m1_subset_1(X1,k1_zfmisc_1(X0)) | ~v1_finset_1(X0) | v1_xboole_0(X0) [cnf transformation 523] {a:0,w:21,wCS:8400,nSel:1,sine:1,thAx:0,allAx:1,thDist:-1}
1032. k2_rpr_1(X0,X2,k3_subset_1(X0,X1)) = k9_real_1(1,k2_rpr_1(X0,X2,X1)) | r1_xxreal_0(k1_rpr_1(X0,X2),k6_numbers) | ~m1_subset_1(X2,k1_zfmisc_1(X0)) | ~m1_subset_1(X1,k1_zfmisc_1(X0)) | ~v1_finset_1(X0) | v1_xboole_0(X0) [cnf transformation 525] {a:0,w:30,wCS:12000,nSel:1,sine:255,thAx:0,allAx:1,thDist:-1}
1125. k9_real_1(X0,X1) = k6_xcmplx_0(X0,X1) | ~v1_xreal_0(X1) | ~m1_subset_1(X0,k1_numbers) [cnf transformation 648] {a:0,w:12,wCS:4800,nSel:1,sine:255,thAx:0,allAx:1,thDist:-1}
1171. 1 <=> 1 = k2_rpr_1(sK0,sK2,k3_subset_1(sK0,sK1)) [avatar definition]
1173. 1 != k2_rpr_1(sK0,sK2,k3_subset_1(sK0,sK1)) <- (~1) [avatar component clause 1171] {a:0,w:8,wCS:800,nSel:1,goal:1,sine:255,thAx:0,allAx:4,thDist:-4}
1174. ~1 [avatar split clause 734,1171]
1176. 2 <=> r1_xxreal_0(k1_rpr_1(sK0,sK2),k6_numbers) [avatar definition]
1178. ~r1_xxreal_0(k1_rpr_1(sK0,sK2),k6_numbers) <- (~2) [avatar component clause 1176] {a:0,w:5,wCS:500,nSel:1,goal:1,sine:255,thAx:0,allAx:4,thDist:-4}
1179. ~2 [avatar split clause 733,1176]
1181. 3 <=> r1_xboole_0(sK1,sK2) [avatar definition]
1183. r1_xboole_0(sK1,sK2) <- (3) [avatar component clause 1181] {a:0,w:3,wCS:300,nSel:1,goal:1,sine:255,thAx:0,allAx:4,thDist:-4}
1184. 3 [avatar split clause 732,1181]
1186. 4 <=> m1_subset_1(sK2,k1_zfmisc_1(sK0)) [avatar definition]
1188. m1_subset_1(sK2,k1_zfmisc_1(sK0)) <- (4) [avatar component clause 1186] {a:0,w:4,wCS:400,nSel:1,goal:1,sine:255,thAx:0,allAx:4,thDist:-4}
1189. 4 [avatar split clause 731,1186]
1191. 5 <=> m1_subset_1(sK1,k1_zfmisc_1(sK0)) [avatar definition]
1193. m1_subset_1(sK1,k1_zfmisc_1(sK0)) <- (5) [avatar component clause 1191] {a:0,w:4,wCS:400,nSel:1,goal:1,sine:255,thAx:0,allAx:4,thDist:-4}
1194. 5 [avatar split clause 730,1191]
1196. 6 <=> v1_finset_1(sK0) [avatar definition]
1198. v1_finset_1(sK0) <- (6) [avatar component clause 1196] {a:0,w:2,wCS:200,nSel:1,goal:1,sine:255,thAx:0,allAx:4,thDist:-4}
1199. 6 [avatar split clause 729,1196]
1201. 7 <=> v1_xboole_0(sK0) [avatar definition]
1203. ~v1_xboole_0(sK0) <- (~7) [avatar component clause 1201] {a:0,w:2,wCS:200,nSel:1,goal:1,sine:255,thAx:0,allAx:4,thDist:-4}
1204. ~7 [avatar split clause 728,1201]
1246. 16 <=> v1_xboole_0(0) [avatar definition]
1248. v1_xboole_0(0) <- (16) [avatar component clause 1246] {a:0,w:2,wCS:800,nSel:1,sine:255,thAx:0,allAx:1,thDist:-1}
1249. 16 [avatar split clause 743,1246]
1271. 21 <=> k6_numbers = k1_xboole_0 [avatar definition]
1273. k6_numbers = k1_xboole_0 <- (21) [avatar component clause 1271] {a:0,w:3,wCS:1200,nSel:1,sine:255,thAx:0,allAx:1,thDist:-1}
1274. 21 [avatar split clause 748,1271]
1506. 68 <=> 1 = k6_xcmplx_0(1,0) [avatar definition]
1508. 1 = k6_xcmplx_0(1,0) <- (68) [avatar component clause 1506] {a:0,w:5,wCS:2000,nSel:1,sine:255,thAx:0,allAx:1,thDist:-1}
1509. 68 [avatar split clause 795,1506]
2036. 174 <=> m1_subset_1(1,k1_numbers) [avatar definition]
2038. m1_subset_1(1,k1_numbers) <- (174) [avatar component clause 2036] {a:0,w:3,wCS:1200,nSel:1,sine:255,thAx:0,allAx:1,thDist:-1}
2039. 174 [avatar split clause 908,2036]
2056. 178 <=> m1_subset_1(0,k1_numbers) [avatar definition]
2058. m1_subset_1(0,k1_numbers) <- (178) [avatar component clause 2056] {a:0,w:3,wCS:1200,nSel:1,sine:255,thAx:0,allAx:1,thDist:-1}
2059. 178 [avatar split clause 911,2056]
2600. k6_numbers = X0 | ~v1_xboole_0(X0) <- (21) [forward demodulation 1007,1273] {a:0,w:5,wCS:2000,nSel:1,sine:2,thAx:0,allAx:1,thDist:-1}
2649. v1_xreal_0(0) <- (178) [resolution 1018,2058] {a:1,w:2,wCS:800,sine:2,thAx:0,allAx:2,thDist:-2}
2662. 280 <=> v1_xreal_0(0) [avatar definition]
2664. v1_xreal_0(0) <- (280) [avatar component clause 2662] {a:1,w:2,wCS:800,nSel:1,sine:255,thAx:0,allAx:2,thDist:-2}
2665. 280 | ~178 [avatar split clause 2649,2056,2662]
6709. 1 = k9_real_1(1,0) | ~v1_xreal_0(0) | ~m1_subset_1(1,k1_numbers) <- (68) [superposition 1508,1125] {a:1,w:10,wCS:4000,sine:255,thAx:0,allAx:2,thDist:-2}
6767. 603 <=> 1 = k9_real_1(1,0) [avatar definition]
6769. 1 = k9_real_1(1,0) <- (603) [avatar component clause 6767] {a:1,w:5,wCS:2000,nSel:1,sine:255,thAx:0,allAx:2,thDist:-2}
6966. 1 = k9_real_1(1,0) | ~m1_subset_1(1,k1_numbers) <- (68, 280) [subsumption resolution 6709,2664] {a:1,w:8,wCS:3200,sine:255,thAx:0,allAx:2,thDist:-2}
6967. 1 = k9_real_1(1,0) <- (68, 174, 280) [subsumption resolution 6966,2038] {a:1,w:5,wCS:2000,sine:255,thAx:0,allAx:2,thDist:-2}
6968. 603 | ~68 | ~174 | ~280 [avatar split clause 6967,2662,2036,1506,6767]
8390. 1 != k9_real_1(1,k2_rpr_1(sK0,sK2,sK1)) | r1_xxreal_0(k1_rpr_1(sK0,sK2),k6_numbers) | ~m1_subset_1(sK2,k1_zfmisc_1(sK0)) | ~m1_subset_1(sK1,k1_zfmisc_1(sK0)) | ~v1_finset_1(sK0) | v1_xboole_0(sK0) <- (~1) [superposition 1173,1032] {a:1,w:25,wCS:2500,goal:1,sine:255,thAx:0,allAx:5,thDist:-5}
8399. 1 != k9_real_1(1,k2_rpr_1(sK0,sK2,sK1)) | ~m1_subset_1(sK2,k1_zfmisc_1(sK0)) | ~m1_subset_1(sK1,k1_zfmisc_1(sK0)) | ~v1_finset_1(sK0) | v1_xboole_0(sK0) <- (~1, ~2) [subsumption resolution 8390,1178] {a:1,w:20,wCS:2000,goal:1,sine:255,thAx:0,allAx:5,thDist:-5}
8400. 1 != k9_real_1(1,k2_rpr_1(sK0,sK2,sK1)) | ~m1_subset_1(sK1,k1_zfmisc_1(sK0)) | ~v1_finset_1(sK0) | v1_xboole_0(sK0) <- (~1, ~2, 4) [subsumption resolution 8399,1188] {a:1,w:16,wCS:1600,goal:1,sine:255,thAx:0,allAx:5,thDist:-5}
8401. 1 != k9_real_1(1,k2_rpr_1(sK0,sK2,sK1)) | ~v1_finset_1(sK0) | v1_xboole_0(sK0) <- (~1, ~2, 4, 5) [subsumption resolution 8400,1193] {a:1,w:12,wCS:1200,goal:1,sine:255,thAx:0,allAx:5,thDist:-5}
8402. 1 != k9_real_1(1,k2_rpr_1(sK0,sK2,sK1)) | v1_xboole_0(sK0) <- (~1, ~2, 4, 5, 6) [subsumption resolution 8401,1198] {a:1,w:10,wCS:1000,goal:1,sine:255,thAx:0,allAx:5,thDist:-5}
8403. 1 != k9_real_1(1,k2_rpr_1(sK0,sK2,sK1)) <- (~1, ~2, 4, 5, 6, ~7) [subsumption resolution 8402,1203] {a:1,w:8,wCS:800,goal:1,sine:255,thAx:0,allAx:5,thDist:-5}
8405. 768 <=> 1 = k9_real_1(1,k2_rpr_1(sK0,sK2,sK1)) [avatar definition]
8407. 1 != k9_real_1(1,k2_rpr_1(sK0,sK2,sK1)) <- (~768) [avatar component clause 8405] {a:1,w:8,wCS:800,nSel:1,goal:1,sine:255,thAx:0,allAx:5,thDist:-5}
8408. ~768 | 1 | 2 | ~4 | ~5 | ~6 | 7 [avatar split clause 8403,1201,1196,1191,1186,1176,1171,8405]
8539. 1 != k9_real_1(1,k6_numbers) | ~r1_xboole_0(sK1,sK2) | ~m1_subset_1(sK2,k1_zfmisc_1(sK0)) | ~m1_subset_1(sK1,k1_zfmisc_1(sK0)) | ~v1_finset_1(sK0) | v1_xboole_0(sK0) <- (~768) [superposition 8407,1030] {a:2,w:20,wCS:2000,goal:1,sine:1,thAx:0,allAx:6,thDist:-6}
8540. 1 != k9_real_1(1,k6_numbers) | ~m1_subset_1(sK2,k1_zfmisc_1(sK0)) | ~m1_subset_1(sK1,k1_zfmisc_1(sK0)) | ~v1_finset_1(sK0) | v1_xboole_0(sK0) <- (3, ~768) [subsumption resolution 8539,1183] {a:2,w:17,wCS:1700,goal:1,sine:1,thAx:0,allAx:6,thDist:-6}
8541. 1 != k9_real_1(1,k6_numbers) | ~m1_subset_1(sK1,k1_zfmisc_1(sK0)) | ~v1_finset_1(sK0) | v1_xboole_0(sK0) <- (3, 4, ~768) [subsumption resolution 8540,1188] {a:2,w:13,wCS:1300,goal:1,sine:1,thAx:0,allAx:6,thDist:-6}
8542. 1 != k9_real_1(1,k6_numbers) | ~v1_finset_1(sK0) | v1_xboole_0(sK0) <- (3, 4, 5, ~768) [subsumption resolution 8541,1193] {a:2,w:9,wCS:900,goal:1,sine:1,thAx:0,allAx:6,thDist:-6}
8543. 1 != k9_real_1(1,k6_numbers) | v1_xboole_0(sK0) <- (3, 4, 5, 6, ~768) [subsumption resolution 8542,1198] {a:2,w:7,wCS:700,goal:1,sine:1,thAx:0,allAx:6,thDist:-6}
8544. 1 != k9_real_1(1,k6_numbers) <- (3, 4, 5, 6, ~7, ~768) [subsumption resolution 8543,1203] {a:2,w:5,wCS:500,goal:1,sine:1,thAx:0,allAx:6,thDist:-6}
8546. 781 <=> 1 = k9_real_1(1,k6_numbers) [avatar definition]
8548. 1 != k9_real_1(1,k6_numbers) <- (~781) [avatar component clause 8546] {a:2,w:5,wCS:500,nSel:1,goal:1,sine:255,thAx:0,allAx:6,thDist:-6}
8549. ~781 | ~3 | ~4 | ~5 | ~6 | 7 | 768 [avatar split clause 8544,8405,1201,1196,1191,1186,1181,8546]
8618. 1 != k9_real_1(1,X0) | ~v1_xboole_0(X0) <- (21, ~781) [superposition 8548,2600] {a:3,w:7,wCS:700,nSel:1,goal:1,sine:2,thAx:0,allAx:7,thDist:-7}
8877. 1 != 1 | ~v1_xboole_0(0) <- (21, 603, ~781) [superposition 8618,6769] {a:4,w:5,wCS:500,goal:1,sine:2,thAx:0,allAx:9,thDist:-9}
8879. ~v1_xboole_0(0) <- (21, 603, ~781) [trivial inequality removal 8877] {a:4,w:2,wCS:200,goal:1,sine:2,thAx:0,allAx:9,thDist:-9}
8881. $false <- (16, 21, 603, ~781) [subsumption resolution 8879,1248] {a:4,w:0,goal:1,sine:2,thAx:0,allAx:9,thDist:-9}
8882. ~16 | ~21 | ~603 | 781 [avatar contradiction clause 8881]
8883. $false [avatar sat refutation 1174,1179,1184,1189,1194,1199,1204,1249,1274,1509,2039,2059,2665,6968,8408,8549,8882] {a:0,w:0,goal:1,sine:0,thAx:0,allAx:5224,thDist:-5224}
% SZS output end Proof for rpr_1__t45_rpr_1
% ------------------------------
% Version: Vampire 4.5.1 (commit 226f88162 on 2021-09-12 20:13:44 +0200)
% Termination reason: Refutation

% >>> Input
% Input formulas: 394
% >>> Preprocessing
% Introduced skolems: 33
% Pure predicates: 4
% Unused predicate definitions: 1
% 
% >>> Saturation
% Initial clauses: 442
% Generated clauses: 4904
% Active clauses: 851
% Passive clauses: 1696
% Final active clauses: 784
% Final passive clauses: 779
% Main loop iterations started: 908
% 
% >>> Simplifying Inferences
% Duplicate literals: 338
% Trivial inequalities: 1
% Fw subsumption resolutions: 650
% Fw demodulations: 34
% Bw demodulations: 21
% 
% >>> Deletion Inferences
% Simple tautologies: 343
% Equational tautologies: 4
% Forward subsumptions: 977
% Backward subsumptions: 7
% Fw demodulations to eq. taut.: 4
% 
% >>> Generating Inferences
% Binary resolution: 1237
% Unit resulting resolution: 13
% Factoring: 1
% Forward superposition: 1056
% Backward superposition: 362
% Self superposition: 5
% 
% >>> AVATAR
% Split clauses: 363
% Split components: 836
% Sat splitting refutations: 30
% 
% >>> SAT Solver Statistics
% SAT solver clauses: 972
% SAT solver unit clauses: 224
% SAT solver binary clauses: 296
% 
% Memory used [KB]: 11257
% Time elapsed: 0.045 s
% ------------------------------
% ------------------------------
% Time measurement results:
% parsing: 0.003 s
% congruence closure: 0.007 s
% non unit clause index maintenance: 0.001 s
% forward subsumption: 0.006 s
% forward subsumption resolution: 0.001 s
% resolution: 0.001 s
% unit resulting resolution: 0.004 s
% superposition: 0.004 s
% other: 0.045 s ( own 0.018 s ) 

