i: [1,278,0,2,1,1,0,0] t2_rat_1
a: [3,430,0,2,1,278]
s: 430
i: [1,280,0,2,1,0,0,2] fc3_numbers
a: [3,435,0,2,1,280]
s: 435
i: [1,281,0,2,1,0,0,2] fc1_numbers
a: [3,440,0,2,1,281]
s: 440
i: [1,282,0,2,1,0,0,255] dt_o_0_0_xboole_0
a: [3,445,0,2,1,282]
s: 445
i: [1,283,0,2,1,0,0,255] fc1_xboole_0
a: [3,450,0,2,1,283]
s: 450
i: [1,291,0,2,1,0,0,255] fc6_ordinal1
a: [3,485,0,2,1,291]
s: 485
i: [1,290,0,2,1,0,0,255] fc6_ordinal1
a: [3,490,0,2,1,290]
s: 490
i: [1,382,0,2,1,0,0,2] rc2_xboole_0
a: [3,495,0,2,1,382]
s: 495
i: [1,383,0,2,1,0,0,1] rc2_rat_1
a: [3,500,0,2,1,383]
s: 500
i: [1,384,0,2,1,0,0,1] rc2_int_1
a: [3,505,0,2,1,384]
s: 505
i: [1,385,0,2,1,0,0,2] rc4_ordinal1
a: [3,510,0,2,1,385]
s: 510
i: [1,386,0,2,1,0,0,3] rc1_ordinal1
a: [3,515,0,2,1,386]
s: 515
i: [1,387,0,2,1,0,0,2] rc1_xreal_0
a: [3,520,0,2,1,387]
s: 520
i: [1,388,0,2,1,0,0,2] rc1_xboole_0
a: [3,525,0,2,1,388]
s: 525
i: [1,389,0,2,1,0,0,2] rc1_xxreal_0
a: [3,530,0,2,1,389]
s: 530
i: [1,393,0,2,1,0,0,255] rc2_ordinal1
a: [3,535,0,2,1,393]
s: 535
i: [1,392,0,2,1,0,0,255] rc2_ordinal1
a: [3,540,0,2,1,392]
s: 540
i: [1,391,0,2,1,0,0,255] rc2_ordinal1
a: [3,545,0,2,1,391]
s: 545
i: [1,390,0,2,1,0,0,255] rc2_ordinal1
a: [3,550,0,2,1,390]
s: 550
i: [1,395,0,2,1,0,0,2] rc5_ordinal1
a: [3,555,0,2,1,395]
s: 555
i: [1,394,0,2,1,0,0,2] rc5_ordinal1
a: [3,560,0,2,1,394]
s: 560
i: [1,399,0,2,1,0,0,2] rc2_xreal_0
a: [3,565,0,2,1,399]
s: 565
i: [1,398,0,2,1,0,0,2] rc2_xreal_0
a: [3,570,0,2,1,398]
s: 570
i: [1,397,0,2,1,0,0,2] rc2_xreal_0
a: [3,575,0,2,1,397]
s: 575
i: [1,396,0,2,1,0,0,2] rc2_xreal_0
a: [3,580,0,2,1,396]
s: 580
i: [1,403,0,2,1,0,0,2] rc3_xreal_0
a: [3,585,0,2,1,403]
s: 585
i: [1,402,0,2,1,0,0,2] rc3_xreal_0
a: [3,590,0,2,1,402]
s: 590
i: [1,401,0,2,1,0,0,2] rc3_xreal_0
a: [3,595,0,2,1,401]
s: 595
i: [1,400,0,2,1,0,0,2] rc3_xreal_0
a: [3,600,0,2,1,400]
s: 600
i: [1,407,0,2,1,0,0,2] rc4_xreal_0
a: [3,605,0,2,1,407]
s: 605
i: [1,406,0,2,1,0,0,2] rc4_xreal_0
a: [3,610,0,2,1,406]
s: 610
i: [1,405,0,2,1,0,0,2] rc4_xreal_0
a: [3,615,0,2,1,405]
s: 615
i: [1,404,0,2,1,0,0,2] rc4_xreal_0
a: [3,620,0,2,1,404]
s: 620
i: [1,409,0,2,1,0,0,2] rc4_xxreal_0
a: [3,625,0,2,1,409]
s: 625
i: [1,408,0,2,1,0,0,2] rc4_xxreal_0
a: [3,630,0,2,1,408]
s: 630
i: [1,411,0,2,1,0,0,2] rc2_xxreal_0
a: [3,635,0,2,1,411]
s: 635
i: [1,410,0,2,1,0,0,2] rc2_xxreal_0
a: [3,640,0,2,1,410]
s: 640
i: [1,413,0,2,1,0,0,2] rc3_xxreal_0
a: [3,645,0,2,1,413]
s: 645
i: [1,412,0,2,1,0,0,2] rc3_xxreal_0
a: [3,650,0,2,1,412]
s: 650
i: [1,418,0,2,1,0,0,1] rc1_rat_1
a: [3,655,0,2,1,418]
s: 655
i: [1,417,0,2,1,0,0,1] rc1_rat_1
a: [3,660,0,2,1,417]
s: 660
i: [1,416,0,2,1,0,0,1] rc1_rat_1
a: [3,665,0,2,1,416]
s: 665
i: [1,415,0,2,1,0,0,1] rc1_rat_1
a: [3,670,0,2,1,415]
s: 670
i: [1,423,0,2,1,0,0,1] rc1_int_1
a: [3,680,0,2,1,423]
s: 680
i: [1,422,0,2,1,0,0,1] rc1_int_1
a: [3,685,0,2,1,422]
s: 685
i: [1,421,0,2,1,0,0,1] rc1_int_1
a: [3,690,0,2,1,421]
s: 690
i: [1,420,0,2,1,0,0,1] rc1_int_1
a: [3,695,0,2,1,420]
s: 695
i: [1,426,0,2,1,0,0,2] rc2_nat_1
a: [3,705,0,2,1,426]
s: 705
i: [1,425,0,2,1,0,0,2] rc2_nat_1
a: [3,710,0,2,1,425]
s: 710
i: [1,279,0,12,4,1,0,0] t2_rat_1
s: 279
i: [1,358,0,3,1,0,0,255] reflexivity_r1_tarski
s: 358
i: [1,284,0,3,1,0,0,255] redefinition_k5_numbers
a: [3,455,0,3,1,284]
s: 455
r: 490
r: 485
d: [2,717,0,2,1,2,23,490,455]
a: [3,722,0,2,1,717]
s: 722
d: [2,718,0,2,1,2,23,485,455]
a: [3,727,0,2,1,718]
s: 727
i: [1,285,0,3,1,0,0,255] d2_xboole_0
a: [3,460,0,3,1,285]
s: 460
r: 445
i: [1,286,0,3,1,0,0,255] redefinition_k6_numbers
a: [3,465,0,3,1,286]
s: 465
r: 460
r: 450
d: [2,731,0,2,1,2,23,450,465]
a: [3,740,0,2,1,731]
s: 740
i: [1,287,0,3,1,0,0,255] t1_numerals
a: [3,470,0,3,1,287]
s: 470
i: [1,414,0,3,1,0,0,1] rc1_rat_1
a: [3,675,0,3,1,414]
s: 675
i: [1,419,0,3,1,0,0,1] rc1_int_1
a: [3,700,0,3,1,419]
s: 700
d: [2,730,0,3,1,2,23,460,465]
a: [3,735,0,3,1,730]
s: 735
d: [2,742,0,3,1,2,22,470,455]
d: [2,743,0,3,1,3,22,742,465]
a: [3,747,0,3,1,743]
s: 747
i: [1,293,0,4,2,0,0,1] cc3_int_1
s: 293
d: [2,749,1,2,1,1,40,293,505]
a: [3,754,1,2,1,749]
s: 754
i: [1,294,0,4,2,0,0,1] cc2_int_1
s: 294
i: [1,295,0,4,2,0,0,3] cc6_ordinal1
s: 295
d: [2,756,1,2,1,1,40,294,510]
a: [3,761,1,2,1,756]
s: 761
i: [1,296,0,4,2,0,0,2] cc2_xreal_0
s: 296
d: [2,757,1,2,1,1,40,294,555]
a: [3,766,1,2,1,757]
s: 766
i: [1,297,0,4,2,0,0,2] cc2_xxreal_0
s: 297
i: [1,299,0,4,2,0,0,2] cc3_nat_1
s: 299
d: [2,768,1,2,1,1,40,295,510]
a: [3,773,1,2,1,768]
s: 773
i: [1,300,0,4,2,0,0,3] cc1_nat_1
s: 300
d: [2,769,1,2,1,1,40,295,555]
a: [3,778,1,2,1,769]
s: 778
i: [1,302,0,4,2,0,0,255] cc1_ordinal1
s: 302
i: [1,303,0,4,2,0,0,255] cc1_ordinal1
s: 303
d: [2,787,1,2,1,1,40,296,555]
a: [3,792,1,2,1,787]
s: 792
i: [1,310,0,4,2,0,0,2] cc3_xreal_0
s: 310
d: [2,796,1,2,1,1,40,297,510]
a: [3,801,1,2,1,796]
s: 801
i: [1,311,0,4,2,0,0,2] cc4_xreal_0
s: 311
i: [1,314,0,4,2,0,0,255] cc9_ordinal1
s: 314
d: [2,797,1,2,1,1,40,297,555]
a: [3,806,1,2,1,797]
s: 806
i: [1,315,0,4,2,0,0,2] cc7_ordinal1
s: 315
d: [2,808,1,2,1,1,40,299,590]
a: [3,813,1,2,1,808]
s: 813
i: [1,316,0,4,2,0,0,3] cc3_ordinal1
s: 316
i: [1,357,0,4,1,0,0,2] existence_m1_subset_1
s: 357
d: [2,809,1,2,1,1,40,299,645]
a: [3,818,1,2,1,809]
s: 818
i: [1,288,0,4,1,0,0,255] dt_k5_numbers
a: [3,475,0,4,1,288]
s: 475
d: [2,820,1,2,1,1,40,302,727]
a: [3,829,1,2,1,820]
s: 829
i: [1,289,0,4,1,0,0,255] dt_k6_numbers
a: [3,480,0,4,1,289]
s: 480
i: [1,424,0,4,1,0,0,2] rc2_nat_1
a: [3,715,0,4,1,424]
s: 715
d: [2,822,1,2,1,1,40,302,515]
a: [3,839,1,2,1,822]
s: 839
i: [1,305,0,5,2,0,0,255] dt_k5_xcmplx_0
s: 305
d: [2,825,1,2,1,1,40,302,705]
a: [3,849,1,2,1,825]
s: 849
i: [1,312,0,5,2,0,0,255] fc4_xreal_0
s: 312
i: [1,313,0,5,2,0,0,255] fc4_xreal_0
s: 313
d: [2,851,1,2,1,1,40,303,727]
a: [3,860,1,2,1,851]
s: 860
i: [1,317,0,5,2,0,0,255] t6_boole
s: 317
d: [2,853,1,2,1,1,40,303,515]
a: [3,870,1,2,1,853]
s: 870
i: [1,318,0,5,2,0,0,255] cc2_nat_1
s: 318
i: [1,319,0,5,2,0,0,255] cc8_ordinal1
s: 319
d: [2,856,1,2,1,1,40,303,705]
a: [3,880,1,2,1,856]
s: 880
i: [1,320,0,5,2,0,0,2] cc1_xreal_0
s: 320
d: [2,883,1,2,1,1,40,310,520]
a: [3,898,1,2,1,883]
s: 898
i: [1,345,0,5,2,0,0,1] d2_rat_1
s: 345
i: [1,354,0,5,2,0,0,2] t7_boole
s: 354
d: [2,906,1,2,1,1,40,311,520]
a: [3,921,1,2,1,906]
s: 921
d: [2,998,0,5,2,1,22,317,465]
s: 998
d: [2,924,1,2,1,1,40,314,740]
a: [3,931,1,2,1,924]
s: 931
d: [2,1011,0,5,2,1,22,319,455]
s: 1011
i: [1,329,0,6,3,0,0,255] cc2_ordinal1
s: 329
d: [2,925,1,2,1,1,40,314,525]
a: [3,936,1,2,1,925]
s: 936
i: [1,335,0,6,3,0,0,2] cc7_xxreal_0
s: 335
d: [2,926,1,2,1,1,40,314,620]
a: [3,941,1,2,1,926]
s: 941
i: [1,336,0,6,3,0,0,2] cc7_xxreal_0
s: 336
i: [1,339,0,6,3,0,0,2] cc3_xxreal_0
s: 339
d: [2,927,1,2,1,1,40,314,630]
a: [3,946,1,2,1,927]
s: 946
i: [1,341,0,6,3,0,0,2] cc3_xxreal_0
s: 341
d: [2,948,1,2,1,1,40,315,740]
a: [3,955,1,2,1,948]
s: 955
i: [1,342,0,6,3,0,0,2] cc5_xxreal_0
s: 342
i: [1,344,0,6,3,0,0,2] cc5_xxreal_0
s: 344
d: [2,949,1,2,1,1,40,315,525]
a: [3,960,1,2,1,949]
s: 960
i: [1,346,0,6,2,0,0,2] t1_rat_1
s: 346
d: [2,950,1,2,1,1,40,315,620]
a: [3,965,1,2,1,950]
s: 965
i: [1,347,0,6,2,0,0,2] t1_rat_1
s: 347
i: [1,350,0,6,2,0,0,2] t1_subset
s: 350
d: [2,951,1,2,1,1,40,315,630]
a: [3,970,1,2,1,951]
s: 970
i: [1,359,0,6,2,0,0,2] antisymmetry_r2_hidden
s: 359
d: [2,972,1,2,1,1,40,316,740]
a: [3,979,1,2,1,972]
s: 979
i: [1,304,0,7,3,0,0,3] cc5_ordinal1
s: 304
i: [1,306,0,7,2,0,0,1] t5_arithm
s: 306
d: [2,1192,1,12,5,0,44,279,306]
a: [3,1199,1,3,1,1192]
s: 1199
i: [1,307,0,7,2,0,0,1] t2_arithm
s: 307
d: [2,973,1,2,1,1,40,316,525]
a: [3,984,1,2,1,973]
s: 984
i: [1,308,0,7,2,0,0,255] involutiveness_k5_xcmplx_0
s: 308
i: [1,321,0,7,3,0,0,255] fc28_xreal_0
s: 321
d: [2,974,1,2,1,1,40,316,620]
a: [3,989,1,2,1,974]
s: 989
i: [1,322,0,7,3,0,0,255] fc28_xreal_0
s: 322
d: [2,975,1,2,1,1,40,316,630]
a: [3,994,1,2,1,975]
s: 994
i: [1,323,0,7,3,0,0,255] fc30_xreal_0
s: 323
i: [1,324,0,7,3,0,0,255] fc30_xreal_0
s: 324
d: [2,999,1,2,1,1,40,318,747]
a: [3,1004,1,2,1,999]
s: 1004
i: [1,330,0,7,3,0,0,255] fc27_xreal_0
s: 330
d: [2,1038,1,4,2,1,40,335,570]
d: [2,1040,1,2,1,2,21,1038,575]
a: [3,1044,1,2,1,1040]
s: 1044
i: [1,331,0,7,3,0,0,255] fc27_xreal_0
s: 331
i: [1,332,0,7,3,0,0,255] fc29_xreal_0
s: 332
d: [2,1039,1,4,2,1,40,335,635]
d: [2,1046,1,2,1,2,21,1039,640]
a: [3,1050,1,2,1,1046]
s: 1050
i: [1,333,0,7,3,0,0,255] fc29_xreal_0
s: 333
d: [2,1052,1,4,2,1,40,336,740]
a: [3,1058,1,2,1,1052]
s: 1058
i: [1,348,0,7,2,0,0,2] t1_rat_1
s: 348
i: [1,352,0,7,2,0,0,255] t3_subset
s: 352
d: [2,1053,1,4,2,1,40,336,525]
a: [3,1064,1,2,1,1053]
s: 1064
i: [1,353,0,7,3,0,0,1] t8_boole
s: 353
a: [3,1067,1,2,1,1053]
s: 1067
i: [1,292,0,8,3,0,0,255] cc10_ordinal1
s: 292
i: [1,326,0,8,4,0,0,2] cc6_xxreal_0
s: 326
d: [2,1054,1,4,2,1,40,336,620]
d: [2,1070,1,2,1,2,21,1054,610]
a: [3,1074,1,2,1,1070]
s: 1074
i: [1,328,0,8,4,0,0,2] cc4_xxreal_0
s: 328
d: [2,1055,1,4,2,1,40,336,630]
d: [2,1076,1,2,1,2,21,1055,625]
a: [3,1080,1,2,1,1076]
s: 1080
i: [1,337,0,8,4,0,0,2] cc8_xxreal_0
s: 337
i: [1,351,0,8,3,0,0,2] t2_subset
s: 351
d: [2,1082,1,4,2,1,40,341,570]
d: [2,1084,1,2,1,2,21,1082,575]
a: [3,1088,1,2,1,1084]
s: 1088
i: [1,372,0,8,3,0,0,1] fc2_int_1
s: 372
d: [2,1083,1,4,2,1,40,341,635]
d: [2,1090,1,2,1,2,21,1083,640]
a: [3,1094,1,2,1,1090]
s: 1094
i: [1,373,0,8,3,0,0,2] fc2_nat_1
s: 373
i: [1,378,0,8,3,0,0,1] fc8_xreal_0
s: 378
d: [2,1174,1,4,2,1,40,304,675]
a: [3,1180,1,2,1,1174]
s: 1180
i: [1,379,0,8,3,0,0,2] fc6_xreal_0
s: 379
d: [2,1255,1,4,2,1,40,292,475]
a: [3,1262,1,2,1,1255]
s: 1262
i: [1,356,0,9,3,0,0,2] t5_subset
s: 356
i: [1,349,0,10,2,0,0,2] t1_rat_1
s: 349
d: [2,1419,1,16,5,0,44,279,349]
d: [2,1420,1,12,4,0,21,1419,348]
d: [2,1421,1,9,3,0,21,1420,347]
d: [2,1422,1,6,2,0,21,1421,346]
s: 1422
i: [1,355,0,10,3,0,0,2] t4_subset
s: 355
d: [2,1423,2,3,1,0,47,1422]
a: [3,1427,2,3,1,1423]
s: 1427
d: [2,1433,3,0,0,2,52,430,1427,345]
e: 1433
d: [2,1434,3,2,1,1,40,1427,345]
d: [2,1436,3,0,0,2,21,1434,430]
e: 1436
f: 1436,1423,278
% Refutation found. Thanks to Tanya!
% SZS status Theorem for rat_1__t2_rat_1
% SZS output start Proof for rat_1__t2_rat_1
1. ! [X0] : ~(! [X1] : (v1_int_1(X1) => ! [X2] : (v1_int_1(X2) => ~(k7_xcmplx_0(X1,X2) = X0 & k6_numbers != X2))) & v1_rat_1(X0)) [input t2_rat_1]
2. ~! [X0] : ~(! [X1] : (v1_int_1(X1) => ! [X2] : (v1_int_1(X2) => ~(k7_xcmplx_0(X1,X2) = X0 & k6_numbers != X2))) & v1_rat_1(X0)) [negated conjecture 1]
31. ! [X0] : (v1_rat_1(X0) <=> r2_hidden(X0,k3_numbers)) [input d2_rat_1]
102. ! [X0] : ~(! [X1] : (v1_int_1(X1) => ! [X2] : (v1_int_1(X2) => ~(k7_xcmplx_0(X1,X2) = X0 & k6_numbers != X2))) & r2_hidden(X0,k3_numbers)) [input t1_rat_1]
122. ! [X0] : (v1_rat_1(X0) => r2_hidden(X0,k3_numbers)) [unused predicate definition removal 31]
126. ? [X0] : (! [X1] : (! [X2] : ((k7_xcmplx_0(X1,X2) != X0 | k6_numbers = X2) | ~v1_int_1(X2)) | ~v1_int_1(X1)) & v1_rat_1(X0)) [ennf transformation 2]
127. ? [X0] : (! [X1] : (! [X2] : (k7_xcmplx_0(X1,X2) != X0 | k6_numbers = X2 | ~v1_int_1(X2)) | ~v1_int_1(X1)) & v1_rat_1(X0)) [flattening 126]
175. ! [X0] : (r2_hidden(X0,k3_numbers) | ~v1_rat_1(X0)) [ennf transformation 122]
176. ! [X0] : (? [X1] : (? [X2] : ((k7_xcmplx_0(X1,X2) = X0 & k6_numbers != X2) & v1_int_1(X2)) & v1_int_1(X1)) | ~r2_hidden(X0,k3_numbers)) [ennf transformation 102]
177. ! [X0] : (? [X1] : (? [X2] : (k7_xcmplx_0(X1,X2) = X0 & k6_numbers != X2 & v1_int_1(X2)) & v1_int_1(X1)) | ~r2_hidden(X0,k3_numbers)) [flattening 176]
230. ? [X0] : (! [X1] : (! [X2] : (k7_xcmplx_0(X1,X2) != X0 | k6_numbers = X2 | ~v1_int_1(X2)) | ~v1_int_1(X1)) & v1_rat_1(X0)) => (! [X1] : (! [X2] : (k7_xcmplx_0(X1,X2) != sK0 | k6_numbers = X2 | ~v1_int_1(X2)) | ~v1_int_1(X1)) & v1_rat_1(sK0)) [choice axiom]
231. ! [X1] : (! [X2] : (k7_xcmplx_0(X1,X2) != sK0 | k6_numbers = X2 | ~v1_int_1(X2)) | ~v1_int_1(X1)) & v1_rat_1(sK0) [skolemisation 127,230]
232. ! [X0] : (? [X1] : (? [X2] : (k7_xcmplx_0(X1,X2) = X0 & k6_numbers != X2 & v1_int_1(X2)) & v1_int_1(X1)) => (? [X2] : (k7_xcmplx_0(sK1(X0),X2) = X0 & k6_numbers != X2 & v1_int_1(X2)) & v1_int_1(sK1(X0)))) [choice axiom]
233. ! [X0] : (? [X2] : (k7_xcmplx_0(sK1(X0),X2) = X0 & k6_numbers != X2 & v1_int_1(X2)) => (k7_xcmplx_0(sK1(X0),sK2(X0)) = X0 & k6_numbers != sK2(X0) & v1_int_1(sK2(X0)))) [choice axiom]
234. ! [X0] : (((k7_xcmplx_0(sK1(X0),sK2(X0)) = X0 & k6_numbers != sK2(X0) & v1_int_1(sK2(X0))) & v1_int_1(sK1(X0))) | ~r2_hidden(X0,k3_numbers)) [skolemisation 177,233,232]
278. v1_rat_1(sK0) [cnf transformation 231] {a:0,w:2,wCS:200,goal:1,sine:0,thAx:0,allAx:2,thDist:-2}
279. k7_xcmplx_0(X1,X2) != sK0 | k6_numbers = X2 | ~v1_int_1(X2) | ~v1_int_1(X1) [cnf transformation 231] {a:0,w:12,wCS:1200,nSel:1,goal:1,sine:0,thAx:0,allAx:2,thDist:-2}
345. r2_hidden(X0,k3_numbers) | ~v1_rat_1(X0) [cnf transformation 175] {a:0,w:5,wCS:2000,nSel:1,sine:1,thAx:0,allAx:1,thDist:-1}
346. ~r2_hidden(X0,k3_numbers) | v1_int_1(sK1(X0)) [cnf transformation 234] {a:0,w:6,wCS:2400,nSel:1,sine:2,thAx:0,allAx:3,thDist:-3}
347. ~r2_hidden(X0,k3_numbers) | v1_int_1(sK2(X0)) [cnf transformation 234] {a:0,w:6,wCS:2400,nSel:1,sine:2,thAx:0,allAx:3,thDist:-3}
348. k6_numbers != sK2(X0) | ~r2_hidden(X0,k3_numbers) [cnf transformation 234] {a:0,w:7,wCS:2800,nSel:1,sine:2,thAx:0,allAx:3,thDist:-3}
349. k7_xcmplx_0(sK1(X0),sK2(X0)) = X0 | ~r2_hidden(X0,k3_numbers) [cnf transformation 234] {a:0,w:10,wCS:4000,nSel:1,sine:2,thAx:0,allAx:3,thDist:-3}
428. 1 <=> v1_rat_1(sK0) [avatar definition]
430. v1_rat_1(sK0) <- (1) [avatar component clause 428] {a:0,w:2,wCS:200,nSel:1,goal:1,sine:255,thAx:0,allAx:2,thDist:-2}
431. 1 [avatar split clause 278,428]
1419. sK0 != X1 | k6_numbers = sK2(X1) | ~v1_int_1(sK2(X1)) | ~v1_int_1(sK1(X1)) | ~r2_hidden(X1,k3_numbers) [superposition 279,349] {a:1,w:16,wCS:1600,goal:1,sine:0,thAx:0,allAx:5,thDist:-5}
1420. sK0 != X1 | ~v1_int_1(sK2(X1)) | ~v1_int_1(sK1(X1)) | ~r2_hidden(X1,k3_numbers) [subsumption resolution 1419,348] {a:1,w:12,wCS:1200,goal:1,sine:0,thAx:0,allAx:5,thDist:-5}
1421. sK0 != X1 | ~v1_int_1(sK1(X1)) | ~r2_hidden(X1,k3_numbers) [subsumption resolution 1420,347] {a:1,w:9,wCS:900,goal:1,sine:0,thAx:0,allAx:5,thDist:-5}
1422. sK0 != X1 | ~r2_hidden(X1,k3_numbers) [subsumption resolution 1421,346] {a:1,w:6,wCS:600,nSel:1,goal:1,sine:0,thAx:0,allAx:5,thDist:-5}
1423. ~r2_hidden(sK0,k3_numbers) [equality resolution 1422] {a:2,w:3,wCS:300,goal:1,sine:0,thAx:0,allAx:5,thDist:-5}
1425. 161 <=> r2_hidden(sK0,k3_numbers) [avatar definition]
1427. ~r2_hidden(sK0,k3_numbers) <- (~161) [avatar component clause 1425] {a:2,w:3,wCS:300,nSel:1,goal:1,sine:255,thAx:0,allAx:5,thDist:-5}
1428. ~161 [avatar split clause 1423,1425]
1434. ~v1_rat_1(sK0) <- (~161) [resolution 1427,345] {a:3,w:2,wCS:200,goal:1,sine:1,thAx:0,allAx:6,thDist:-6}
1436. $false <- (1, ~161) [subsumption resolution 1434,430] {a:3,w:0,goal:1,sine:1,thAx:0,allAx:6,thDist:-6}
1437. ~1 | 161 [avatar contradiction clause 1436]
1438. $false [avatar sat refutation 431,1428,1437] {a:0,w:0,goal:1,sine:0,thAx:0,allAx:704,thDist:-704}
% SZS output end Proof for rat_1__t2_rat_1
% ------------------------------
% Version: Vampire 4.5.1 (commit 226f88162 on 2021-09-12 20:13:44 +0200)
% Termination reason: Refutation

% >>> Input
% Input formulas: 111
% >>> Preprocessing
% Introduced skolems: 24
% Pure predicates: 2
% Unused predicate definitions: 2
% 
% >>> Saturation
% Initial clauses: 149
% Generated clauses: 503
% Active clauses: 161
% Passive clauses: 271
% Final active clauses: 156
% Final passive clauses: 97
% Main loop iterations started: 174
% 
% >>> Simplifying Inferences
% Duplicate literals: 2
% Fw subsumption resolutions: 14
% Fw demodulations: 4
% Bw demodulations: 5
% 
% >>> Deletion Inferences
% Simple tautologies: 17
% Forward subsumptions: 51
% 
% >>> Generating Inferences
% Binary resolution: 159
% Unit resulting resolution: 1
% Forward superposition: 15
% Backward superposition: 9
% Self superposition: 1
% Equality resolution: 1
% 
% >>> AVATAR
% Split clauses: 15
% Split components: 36
% Sat splitting refutations: 2
% 
% >>> SAT Solver Statistics
% SAT solver clauses: 159
% SAT solver unit clauses: 61
% SAT solver binary clauses: 66
% 
% Memory used [KB]: 5756
% Time elapsed: 0.005 s
% ------------------------------
% ------------------------------
% Time measurement results:
% parsing: 0.001 s
% sat proof minimization: 0.001 s
% other: 0.005 s ( own 0.003 s ) 

