i: [1,141,0,7,2,1,0,0] l14_arytm_0
a: [3,227,0,4,1,141]
s: 227
i: [1,140,0,6,1,1,0,0] l14_arytm_0
a: [3,236,0,6,1,140]
s: 236
i: [1,142,0,2,1,0,0,255] fc1_xboole_0
a: [3,241,0,2,1,142]
s: 241
i: [1,194,0,2,1,0,0,2] rc2_xboole_0
a: [3,246,0,2,1,194]
s: 246
i: [1,195,0,2,1,0,0,255] rc2_zfmisc_1
a: [3,251,0,2,1,195]
s: 251
i: [1,196,0,2,1,0,0,255] rc4_ordinal1
a: [3,256,0,2,1,196]
s: 256
i: [1,197,0,2,1,0,0,2] rc1_xboole_0
a: [3,261,0,2,1,197]
s: 261
i: [1,198,0,2,1,0,0,255] rc1_ordinal1
a: [3,266,0,2,1,198]
s: 266
i: [1,202,0,2,1,0,0,255] rc2_ordinal1
a: [3,271,0,2,1,202]
s: 271
i: [1,201,0,2,1,0,0,255] rc2_ordinal1
a: [3,276,0,2,1,201]
s: 276
i: [1,200,0,2,1,0,0,255] rc2_ordinal1
a: [3,281,0,2,1,200]
s: 281
i: [1,199,0,2,1,0,0,255] rc2_ordinal1
a: [3,286,0,2,1,199]
s: 286
i: [1,204,0,2,1,0,0,255] rc5_ordinal1
a: [3,291,0,2,1,204]
s: 291
i: [1,203,0,2,1,0,0,255] rc5_ordinal1
a: [3,296,0,2,1,203]
s: 296
i: [1,206,0,2,1,0,0,255] rc7_funct_1
a: [3,301,0,2,1,206]
s: 301
i: [1,205,0,2,1,0,0,255] rc7_funct_1
a: [3,306,0,2,1,205]
s: 306
i: [1,208,0,2,1,0,0,255] rc1_zfmisc_1
a: [3,311,0,2,1,208]
s: 311
i: [1,207,0,2,1,0,0,255] rc1_zfmisc_1
a: [3,316,0,2,1,207]
s: 316
i: [1,210,0,2,1,0,0,255] rc1_funct_1
a: [3,321,0,2,1,210]
s: 321
i: [1,209,0,2,1,0,0,255] rc1_funct_1
a: [3,326,0,2,1,209]
s: 326
i: [1,213,0,2,1,0,0,255] rc5_funct_1
a: [3,331,0,2,1,213]
s: 331
i: [1,212,0,2,1,0,0,255] rc5_funct_1
a: [3,336,0,2,1,212]
s: 336
i: [1,211,0,2,1,0,0,255] rc5_funct_1
a: [3,341,0,2,1,211]
s: 341
i: [1,215,0,2,1,0,0,255] rc2_funct_1
a: [3,346,0,2,1,215]
s: 346
i: [1,214,0,2,1,0,0,255] rc2_funct_1
a: [3,351,0,2,1,214]
s: 351
i: [1,143,0,3,1,0,0,1] fc2_xboole_0
s: 143
i: [1,144,0,3,1,0,0,255] fc2_zfmisc_1
s: 144
i: [1,145,0,4,2,0,0,255] cc2_zfmisc_1
s: 145
d: [2,353,1,2,1,1,40,145,241]
a: [3,358,1,2,1,353]
s: 358
i: [1,146,0,4,2,0,0,255] cc6_ordinal1
s: 146
i: [1,147,0,4,2,0,0,255] cc7_ordinal1
s: 147
d: [2,354,1,2,1,1,40,145,261]
a: [3,363,1,2,1,354]
s: 363
i: [1,148,0,4,2,0,0,255] cc7_funct_1
s: 148
d: [2,365,1,2,1,1,40,146,256]
a: [3,370,1,2,1,365]
s: 370
i: [1,149,0,4,2,0,0,255] cc1_zfmisc_1
s: 149
i: [1,150,0,4,2,0,0,255] cc3_ordinal1
s: 150
d: [2,366,1,2,1,1,40,146,291]
a: [3,375,1,2,1,366]
s: 375
i: [1,151,0,4,2,0,0,2] cc1_funct_1
s: 151
d: [2,377,1,2,1,1,40,147,241]
a: [3,382,1,2,1,377]
s: 382
i: [1,155,0,4,2,0,0,255] cc1_ordinal1
s: 155
i: [1,156,0,4,2,0,0,255] cc1_ordinal1
s: 156
d: [2,378,1,2,1,1,40,147,261]
a: [3,387,1,2,1,378]
s: 387
i: [1,187,0,4,1,0,0,255] existence_m1_subset_1
s: 187
d: [2,389,1,2,1,1,40,148,241]
a: [3,394,1,2,1,389]
s: 394
i: [1,188,0,4,1,0,0,1] fc1_zfmisc_1
s: 188
i: [1,189,0,4,1,0,0,2] fc3_xboole_0
s: 189
d: [2,390,1,2,1,1,40,148,261]
a: [3,399,1,2,1,390]
s: 399
i: [1,217,0,4,1,0,0,3] d1_tarski
s: 217
d: [2,401,1,2,1,1,40,150,241]
a: [3,406,1,2,1,401]
s: 406
i: [1,152,0,5,2,0,0,255] t6_boole
s: 152
i: [1,179,0,5,2,0,0,3] t7_boole
s: 179
d: [2,402,1,2,1,1,40,150,261]
a: [3,411,1,2,1,402]
s: 411
i: [1,190,0,5,1,0,0,1] fc1_funct_1
s: 190
d: [2,499,1,4,1,1,44,190,236]
a: [3,503,1,4,1,499]
s: 503
i: [1,220,0,5,1,0,0,2] d2_tarski
s: 220
i: [1,222,0,5,1,0,0,2] d2_tarski
s: 222
d: [2,413,1,2,1,1,40,151,241]
a: [3,418,1,2,1,413]
s: 418
i: [1,158,0,6,3,0,0,255] cc2_ordinal1
s: 158
d: [2,414,1,2,1,1,40,151,261]
a: [3,423,1,2,1,414]
s: 423
i: [1,172,0,6,2,0,0,255] t1_subset
s: 172
i: [1,192,0,6,2,0,0,3] antisymmetry_r2_hidden
s: 192
d: [2,428,1,2,1,1,40,155,266]
a: [3,439,1,2,1,428]
s: 439
i: [1,153,0,7,3,0,0,255] cc8_funct_1
s: 153
d: [2,447,1,2,1,1,40,156,266]
a: [3,458,1,2,1,447]
s: 458
i: [1,154,0,7,3,0,0,255] cc8_funct_1
s: 154
i: [1,157,0,7,3,0,0,255] cc5_ordinal1
s: 157
d: [2,427,2,2,1,1,40,155,370]
a: [3,434,2,2,1,427]
s: 434
i: [1,170,0,7,3,0,0,255] fc14_funct_1
s: 170
d: [2,430,2,2,1,1,40,155,375]
a: [3,444,2,2,1,430]
s: 444
i: [1,178,0,7,3,0,0,1] t8_boole
s: 178
i: [1,191,0,7,1,0,0,2] commutativity_k2_tarski
s: 191
d: [2,446,2,2,1,1,40,156,370]
a: [3,453,2,2,1,446]
s: 453
i: [1,218,0,7,2,0,0,3] d1_tarski
s: 218
d: [2,449,2,2,1,1,40,156,375]
a: [3,463,2,2,1,449]
s: 463
i: [1,163,0,8,4,0,0,255] cc4_funct_1
s: 163
d: [2,528,0,6,3,0,21,163,151]
s: 528
d: [2,529,1,4,2,1,40,528,326]
a: [3,535,1,2,1,529]
s: 535
i: [1,166,0,8,4,0,0,255] cc6_funct_1
s: 166
d: [2,530,1,4,2,1,40,528,341]
d: [2,541,1,2,1,2,21,530,331]
a: [3,545,1,2,1,541]
s: 545
i: [1,167,0,8,4,0,0,255] cc5_funct_1
s: 167
i: [1,173,0,8,3,0,0,255] t2_subset
s: 173
d: [2,531,1,4,2,1,40,528,351]
a: [3,550,1,2,1,531]
s: 550
i: [1,180,0,9,2,0,0,2] t5_zfmisc_1
s: 180
d: [2,556,1,6,3,1,40,166,326]
d: [2,559,1,4,2,2,21,556,321]
a: [3,563,1,2,1,559]
s: 563
i: [1,171,0,10,1,0,0,1] d5_tarski
s: 171
i: [1,223,0,11,3,0,0,2] d2_tarski
s: 223
d: [2,557,1,6,3,1,40,166,341]
d: [2,565,1,4,2,2,21,557,336]
d: [2,566,1,2,1,3,21,565,331]
a: [3,570,1,2,1,566]
s: 570
i: [1,193,0,12,5,0,0,255] fc15_funct_1
s: 193
d: [2,558,1,6,3,1,40,166,351]
d: [2,572,1,4,2,2,21,558,346]
a: [3,576,1,2,1,572]
s: 576
i: [1,176,0,14,3,0,0,3] d1_tarski
s: 176
i: [1,177,0,14,3,0,0,3] d1_tarski
s: 177
d: [2,468,2,2,1,1,40,406,156]
a: [3,473,2,2,1,468]
s: 473
i: [1,185,0,17,3,0,0,2] d2_tarski
s: 185
d: [2,469,2,2,1,1,40,406,155]
a: [3,478,2,2,1,469]
s: 478
i: [1,186,0,17,3,0,0,2] d2_tarski
s: 186
i: [1,184,0,23,4,0,0,2] d2_tarski
s: 184
d: [2,487,2,2,1,1,40,411,156]
a: [3,492,2,2,1,487]
s: 492
d: [2,509,1,4,1,0,40,172,217]
s: 509
d: [2,488,2,2,1,1,40,411,155]
a: [3,497,2,2,1,488]
s: 497
d: [2,512,1,4,1,0,40,192,217]
s: 512
d: [2,510,1,5,1,0,40,172,220]
s: 510
d: [2,606,3,4,2,1,44,473,152]
s: 606
d: [2,511,1,5,1,0,40,172,222]
s: 511
d: [2,607,3,4,2,1,44,478,152]
s: 607
d: [2,513,1,5,1,0,40,192,220]
s: 513
d: [2,514,1,5,1,0,40,192,222]
s: 514
d: [2,515,1,5,2,0,40,153,187]
s: 515
d: [2,517,1,5,2,0,40,154,187]
s: 517
d: [2,518,1,5,2,0,40,157,187]
s: 518
d: [2,578,1,6,2,0,40,173,187]
s: 578
d: [2,590,1,6,1,0,44,220,171]
s: 590
d: [2,656,2,5,1,1,44,590,236]
a: [3,660,2,5,1,656]
s: 660
d: [2,662,3,0,0,2,52,227,660,218]
e: 662
d: [2,663,3,4,1,1,40,660,218]
d: [2,668,3,0,0,2,21,663,227]
e: 668
r: 227
a: [3,231,0,3,1,141]
s: 231
a: [3,226,0,4,1,141]
s: 226
r: 660
d: [2,682,1,2,1,1,44,143,226]
a: [3,694,1,2,1,682]
s: 694
d: [2,683,1,2,1,1,44,144,226]
a: [3,699,1,2,1,683]
s: 699
d: [2,684,1,6,3,1,44,170,226]
a: [3,704,1,2,1,684]
s: 704
d: [2,686,1,3,1,1,44,217,226]
a: [3,717,1,3,1,686]
s: 717
d: [2,688,2,3,1,1,44,509,226]
a: [3,722,2,3,1,688]
s: 722
a: [3,711,1,2,1,684]
s: 711
d: [2,687,1,6,2,1,44,218,226]
s: 687
d: [2,735,3,4,2,1,40,722,157]
a: [3,741,3,2,1,735]
s: 741
d: [2,685,1,9,1,1,44,171,226]
s: 685
d: [2,769,2,16,5,1,44,193,685]
a: [3,780,2,2,1,769]
s: 780
d: [2,480,1,7,3,0,44,152,152]
s: 480
d: [2,591,1,7,1,0,44,222,171]
s: 591
d: [2,689,2,3,1,1,44,512,226]
a: [3,727,2,3,1,689]
s: 727
d: [2,581,1,10,1,0,44,171,191]
s: 581
d: [2,753,2,6,2,1,40,687,578]
d: [2,754,2,4,1,2,21,753,694]
a: [3,758,2,4,1,754]
s: 758
d: [2,582,1,10,1,0,44,171,191]
s: 582
d: [2,584,1,10,1,0,44,171,191]
s: 584
d: [2,690,2,5,1,1,44,590,226]
s: 690
d: [2,585,1,10,1,0,44,171,191]
s: 585
d: [2,770,2,5,1,1,44,220,685]
s: 770
d: [2,588,1,10,1,0,44,191,171]
s: 588
d: [2,589,1,10,1,0,44,191,171]
s: 589
d: [2,773,2,5,1,1,44,510,685]
s: 773
r: 780
d: [2,602,1,11,3,0,40,176,179]
s: 602
a: [3,779,2,2,1,769]
s: 779
d: [2,586,1,12,2,0,44,180,171]
s: 586
d: [2,596,1,14,3,0,44,223,171]
s: 596
a: [3,784,2,2,1,769]
s: 784
d: [2,600,1,14,3,0,40,176,192]
s: 600
d: [2,854,3,6,2,1,40,773,157]
d: [2,858,3,4,1,2,21,854,741]
s: 858
d: [2,601,1,14,3,0,40,176,172]
s: 601
d: [2,583,1,15,1,0,44,171,171]
s: 583
d: [2,898,4,3,1,3,44,858,236]
a: [3,902,4,3,1,898]
s: 902
d: [2,603,1,17,3,0,40,176,218]
s: 603
d: [2,855,3,6,2,1,40,773,154]
a: [3,861,3,4,1,855]
s: 861
d: [2,599,1,18,5,0,44,193,171]
s: 599
d: [2,610,1,19,4,0,40,184,179]
s: 610
d: [2,951,4,3,1,2,44,861,236]
a: [3,955,4,3,1,951]
s: 955
d: [2,608,1,23,4,0,40,184,192]
s: 608
d: [2,775,2,5,1,1,44,513,685]
s: 775
d: [2,609,1,23,4,0,40,184,172]
s: 609
d: [2,604,1,27,4,0,40,176,223]
s: 604
d: [2,878,2,11,2,1,44,586,236]
d: [2,879,2,10,2,2,22,878,226]
a: [3,886,2,5,1,879]
s: 886
r: 886
d: [2,611,1,27,4,0,40,184,218]
s: 611
a: [3,882,2,5,1,879]
s: 882
d: [2,1087,3,0,0,1,47,882]
e: 1087
d: [2,1077,3,0,0,1,52,882,220,882,223]
e: 1077
d: [2,1078,3,0,0,1,52,882,222,882,223]
e: 1078
d: [2,1079,3,0,0,1,52,882,220,882,223]
e: 1079
d: [2,1080,3,0,0,1,52,882,222,882,223]
e: 1080
d: [2,1081,3,0,0,1,52,217,882,218]
e: 1081
d: [2,1082,3,0,0,1,52,882,220,882,223]
e: 1082
d: [2,1083,3,0,0,1,52,882,222,882,223]
e: 1083
d: [2,1084,3,0,0,1,52,882,220,882,223]
e: 1084
d: [2,1085,3,0,0,1,52,882,222,882,223]
e: 1085
d: [2,1086,3,0,0,1,52,217,882,218]
e: 1086
r: 882
d: [2,612,1,39,5,0,40,184,223]
s: 612
s: 886
d: [2,1006,3,3,1,1,44,220,886]
a: [3,1032,3,3,1,1006]
s: 1032
d: [2,1159,4,0,0,3,52,231,1032,687]
e: 1159
d: [2,1160,4,3,1,2,40,1032,687]
d: [2,1165,4,0,0,3,21,1160,231]
e: 1165
d: [2,1129,3,3,1,1,44,220,886]
f: 1165,1129,1086,879,663,656,140,141
% Refutation found. Thanks to Tanya!
% SZS status Theorem for arytm_0__l14_arytm_0
% SZS output start Proof for arytm_0__l14_arytm_0
1. ! [X0] : ! [X1] : ! [X2] : (k4_tarski(X0,X1) = k1_tarski(X2) => (X0 = X1 & k1_tarski(X0) = X2)) [input l14_arytm_0]
2. ~! [X0] : ! [X1] : ! [X2] : (k4_tarski(X0,X1) = k1_tarski(X2) => (X0 = X1 & k1_tarski(X0) = X2)) [negated conjecture 1]
22. ! [X0] : ! [X1] : (k1_tarski(X0) = X1 <=> ! [X2] : (r2_hidden(X2,X1) <=> X0 = X2)) [input d1_tarski]
23. ! [X0] : ! [X1] : ! [X2] : (k2_tarski(X0,X1) = X2 <=> ! [X3] : (r2_hidden(X3,X2) <=> (X1 = X3 | X0 = X3))) [input d2_tarski]
24. ! [X0] : ! [X1] : k4_tarski(X0,X1) = k2_tarski(k2_tarski(X0,X1),k1_tarski(X0)) [input d5_tarski]
53. ! [X0] : ! [X1] : ! [X2] : (k1_tarski(X0) = k2_tarski(X1,X2) => X1 = X2) [input t5_zfmisc_1]
57. ~! [X0,X1,X2] : (k4_tarski(X0,X1) = k1_tarski(X2) => (X0 = X1 & k1_tarski(X0) = X2)) [flattening 2]
58. ! [X0,X1] : k4_tarski(X0,X1) = k2_tarski(k2_tarski(X0,X1),k1_tarski(X0)) [flattening 24]
61. ! [X0,X1] : (k1_tarski(X0) = X1 <=> ! [X2] : (r2_hidden(X2,X1) <=> X0 = X2)) [flattening 22]
64. ! [X0,X1,X2] : (k1_tarski(X0) = k2_tarski(X1,X2) => X1 = X2) [flattening 53]
65. ! [X0,X1,X2] : (k2_tarski(X0,X1) = X2 <=> ! [X3] : (r2_hidden(X3,X2) <=> (X1 = X3 | X0 = X3))) [flattening 23]
70. ? [X0,X1,X2] : ((X0 != X1 | k1_tarski(X0) != X2) & k4_tarski(X0,X1) = k1_tarski(X2)) [ennf transformation 57]
99. ! [X0,X1,X2] : (X1 = X2 | k1_tarski(X0) != k2_tarski(X1,X2)) [ennf transformation 64]
103. ? [X0,X1,X2] : ((X0 != X1 | k1_tarski(X0) != X2) & k4_tarski(X0,X1) = k1_tarski(X2)) => ((sK0 != sK1 | sK2 != k1_tarski(sK0)) & k4_tarski(sK0,sK1) = k1_tarski(sK2)) [choice axiom]
104. (sK0 != sK1 | sK2 != k1_tarski(sK0)) & k4_tarski(sK0,sK1) = k1_tarski(sK2) [skolemisation 70,103]
105. ! [X0,X1] : ((k1_tarski(X0) = X1 | ? [X2] : ((X0 != X2 | ~r2_hidden(X2,X1)) & (X0 = X2 | r2_hidden(X2,X1)))) & (! [X2] : ((r2_hidden(X2,X1) | X0 != X2) & (X0 = X2 | ~r2_hidden(X2,X1))) | k1_tarski(X0) != X1)) [nnf transformation 61]
106. ! [X0,X1] : ((k1_tarski(X0) = X1 | ? [X2] : ((X0 != X2 | ~r2_hidden(X2,X1)) & (X0 = X2 | r2_hidden(X2,X1)))) & (! [X3] : ((r2_hidden(X3,X1) | X0 != X3) & (X0 = X3 | ~r2_hidden(X3,X1))) | k1_tarski(X0) != X1)) [rectify 105]
107. ! [X1,X0] : (? [X2] : ((X0 != X2 | ~r2_hidden(X2,X1)) & (X0 = X2 | r2_hidden(X2,X1))) => ((sK3(X0,X1) != X0 | ~r2_hidden(sK3(X0,X1),X1)) & (sK3(X0,X1) = X0 | r2_hidden(sK3(X0,X1),X1)))) [choice axiom]
108. ! [X0,X1] : ((k1_tarski(X0) = X1 | ((sK3(X0,X1) != X0 | ~r2_hidden(sK3(X0,X1),X1)) & (sK3(X0,X1) = X0 | r2_hidden(sK3(X0,X1),X1)))) & (! [X3] : ((r2_hidden(X3,X1) | X0 != X3) & (X0 = X3 | ~r2_hidden(X3,X1))) | k1_tarski(X0) != X1)) [skolemisation 106,107]
109. ! [X0,X1,X2] : ((k2_tarski(X0,X1) = X2 | ? [X3] : (((X1 != X3 & X0 != X3) | ~r2_hidden(X3,X2)) & ((X1 = X3 | X0 = X3) | r2_hidden(X3,X2)))) & (! [X3] : ((r2_hidden(X3,X2) | (X1 != X3 & X0 != X3)) & ((X1 = X3 | X0 = X3) | ~r2_hidden(X3,X2))) | k2_tarski(X0,X1) != X2)) [nnf transformation 65]
110. ! [X0,X1,X2] : ((k2_tarski(X0,X1) = X2 | ? [X3] : (((X1 != X3 & X0 != X3) | ~r2_hidden(X3,X2)) & (X1 = X3 | X0 = X3 | r2_hidden(X3,X2)))) & (! [X3] : ((r2_hidden(X3,X2) | (X1 != X3 & X0 != X3)) & (X1 = X3 | X0 = X3 | ~r2_hidden(X3,X2))) | k2_tarski(X0,X1) != X2)) [flattening 109]
111. ! [X0,X1,X2] : ((k2_tarski(X0,X1) = X2 | ? [X3] : (((X1 != X3 & X0 != X3) | ~r2_hidden(X3,X2)) & (X1 = X3 | X0 = X3 | r2_hidden(X3,X2)))) & (! [X4] : ((r2_hidden(X4,X2) | (X1 != X4 & X0 != X4)) & (X1 = X4 | X0 = X4 | ~r2_hidden(X4,X2))) | k2_tarski(X0,X1) != X2)) [rectify 110]
112. ! [X2,X1,X0] : (? [X3] : (((X1 != X3 & X0 != X3) | ~r2_hidden(X3,X2)) & (X1 = X3 | X0 = X3 | r2_hidden(X3,X2))) => (((sK4(X0,X1,X2) != X1 & sK4(X0,X1,X2) != X0) | ~r2_hidden(sK4(X0,X1,X2),X2)) & (sK4(X0,X1,X2) = X1 | sK4(X0,X1,X2) = X0 | r2_hidden(sK4(X0,X1,X2),X2)))) [choice axiom]
113. ! [X0,X1,X2] : ((k2_tarski(X0,X1) = X2 | (((sK4(X0,X1,X2) != X1 & sK4(X0,X1,X2) != X0) | ~r2_hidden(sK4(X0,X1,X2),X2)) & (sK4(X0,X1,X2) = X1 | sK4(X0,X1,X2) = X0 | r2_hidden(sK4(X0,X1,X2),X2)))) & (! [X4] : ((r2_hidden(X4,X2) | (X1 != X4 & X0 != X4)) & (X1 = X4 | X0 = X4 | ~r2_hidden(X4,X2))) | k2_tarski(X0,X1) != X2)) [skolemisation 111,112]
140. k4_tarski(sK0,sK1) = k1_tarski(sK2) [cnf transformation 104] {a:0,w:6,wCS:600,goal:1,sine:0,thAx:0,allAx:2,thDist:-2}
141. sK0 != sK1 | sK2 != k1_tarski(sK0) [cnf transformation 104] {a:0,w:7,wCS:700,goal:1,sine:0,thAx:0,allAx:2,thDist:-2}
171. k4_tarski(X0,X1) = k2_tarski(k2_tarski(X0,X1),k1_tarski(X0)) [cnf transformation 58] {a:0,w:10,wCS:4000,nSel:1,sine:1,thAx:0,allAx:1,thDist:-1}
174. X0 = X3 | ~r2_hidden(X3,X1) | k1_tarski(X0) != X1 [cnf transformation 108] {a:0,w:10,wCS:4000,sine:3,thAx:0,allAx:2,thDist:-2}
175. r2_hidden(X3,X1) | X0 != X3 | k1_tarski(X0) != X1 [cnf transformation 108] {a:0,w:10,wCS:4000,sine:3,thAx:0,allAx:2,thDist:-2}
180. k1_tarski(X0) != k2_tarski(X1,X2) | X1 = X2 [cnf transformation 99] {a:0,w:9,wCS:3600,nSel:1,sine:2,thAx:0,allAx:1,thDist:-1}
183. r2_hidden(X4,X2) | X1 != X4 | k2_tarski(X0,X1) != X2 [cnf transformation 113] {a:0,w:11,wCS:4400,sine:2,thAx:0,allAx:2,thDist:-2}
216. r2_hidden(X3,X1) | k1_tarski(X3) != X1 [equality resolution 175] {a:0,w:7,wCS:2800,sine:3,thAx:0,allAx:2,thDist:-2}
217. r2_hidden(X3,k1_tarski(X3)) [equality resolution 216] {a:0,w:4,wCS:1600,nSel:1,sine:3,thAx:0,allAx:2,thDist:-2}
218. ~r2_hidden(X3,k1_tarski(X0)) | X0 = X3 [equality resolution 174] {a:0,w:7,wCS:2800,nSel:1,sine:3,thAx:0,allAx:2,thDist:-2}
219. r2_hidden(X4,X2) | k2_tarski(X0,X4) != X2 [equality resolution 183] {a:0,w:8,wCS:3200,sine:2,thAx:0,allAx:2,thDist:-2}
220. r2_hidden(X4,k2_tarski(X0,X4)) [equality resolution 219] {a:0,w:5,wCS:2000,nSel:1,sine:2,thAx:0,allAx:2,thDist:-2}
225. 1 <=> sK2 = k1_tarski(sK0) [avatar definition]
226. sK2 = k1_tarski(sK0) <- (1) [avatar component clause 225] {a:0,w:4,wCS:400,nSel:1,goal:1,sine:255,thAx:0,allAx:2,thDist:-2}
229. 2 <=> sK0 = sK1 [avatar definition]
231. sK0 != sK1 <- (~2) [avatar component clause 229] {a:0,w:3,wCS:300,nSel:1,goal:1,sine:255,thAx:0,allAx:2,thDist:-2}
232. ~1 | ~2 [avatar split clause 141,229,225]
234. 3 <=> k4_tarski(sK0,sK1) = k1_tarski(sK2) [avatar definition]
236. k4_tarski(sK0,sK1) = k1_tarski(sK2) <- (3) [avatar component clause 234] {a:0,w:6,wCS:600,nSel:1,goal:1,sine:255,thAx:0,allAx:2,thDist:-2}
237. 3 [avatar split clause 140,234]
586. k4_tarski(X0,X1) != k1_tarski(X2) | k1_tarski(X0) = k2_tarski(X0,X1) [superposition 180,171] {a:1,w:12,wCS:4800,nSel:1,sine:1,thAx:0,allAx:2,thDist:-2}
590. r2_hidden(k1_tarski(X9),k4_tarski(X9,X10)) [superposition 220,171] {a:1,w:6,wCS:2400,nSel:1,sine:1,thAx:0,allAx:3,thDist:-3}
656. r2_hidden(k1_tarski(sK0),k1_tarski(sK2)) <- (3) [superposition 590,236] {a:2,w:5,wCS:500,goal:1,sine:1,thAx:0,allAx:5,thDist:-5}
658. 58 <=> r2_hidden(k1_tarski(sK0),k1_tarski(sK2)) [avatar definition]
660. r2_hidden(k1_tarski(sK0),k1_tarski(sK2)) <- (58) [avatar component clause 658] {a:2,w:5,wCS:500,nSel:1,goal:1,sine:255,thAx:0,allAx:5,thDist:-5}
661. 58 | ~3 [avatar split clause 656,234,658]
663. sK2 = k1_tarski(sK0) <- (58) [resolution 660,218] {a:3,w:4,wCS:400,goal:1,sine:3,thAx:0,allAx:7,thDist:-7}
670. 1 | ~58 [avatar split clause 663,658,225]
687. ~r2_hidden(X3,sK2) | sK0 = X3 <- (1) [superposition 218,226] {a:1,w:6,wCS:600,nSel:1,goal:1,sine:3,thAx:0,allAx:4,thDist:-4}
878. k1_tarski(X0) != k1_tarski(sK2) | k1_tarski(sK0) = k2_tarski(sK0,sK1) <- (3) [superposition 586,236] {a:2,w:11,wCS:1100,goal:1,sine:1,thAx:0,allAx:4,thDist:-4}
879. sK2 = k2_tarski(sK0,sK1) | k1_tarski(X0) != k1_tarski(sK2) <- (1, 3) [forward demodulation 878,226] {a:2,w:10,wCS:1000,goal:1,sine:1,thAx:0,allAx:4,thDist:-4}
881. 78 <=> ! [X0] : k1_tarski(X0) != k1_tarski(sK2) [avatar definition]
882. k1_tarski(X0) != k1_tarski(sK2) <- (78) [avatar component clause 881] {a:2,w:5,wCS:500,nSel:1,goal:1,sine:255,thAx:0,allAx:4,thDist:-4}
884. 79 <=> sK2 = k2_tarski(sK0,sK1) [avatar definition]
886. sK2 = k2_tarski(sK0,sK1) <- (79) [avatar component clause 884] {a:2,w:5,wCS:500,nSel:1,goal:1,sine:255,thAx:0,allAx:4,thDist:-4}
887. 78 | 79 | ~1 | ~3 [avatar split clause 879,234,225,884,881]
1030. 84 <=> r2_hidden(sK1,sK2) [avatar definition]
1032. r2_hidden(sK1,sK2) <- (84) [avatar component clause 1030] {a:3,w:3,wCS:300,nSel:1,goal:1,sine:255,thAx:0,allAx:6,thDist:-6}
1086. $false <- (78) [unit resulting resolution 217,882,218] {a:3,w:0,goal:1,sine:3,thAx:0,allAx:8,thDist:-8}
1098. ~78 [avatar contradiction clause 1086]
1129. r2_hidden(sK1,sK2) <- (79) [superposition 220,886] {a:3,w:3,wCS:300,goal:1,sine:2,thAx:0,allAx:6,thDist:-6}
1149. 84 | ~79 [avatar split clause 1129,884,1030]
1160. sK0 = sK1 <- (1, 84) [resolution 1032,687] {a:4,w:3,wCS:300,goal:1,sine:3,thAx:0,allAx:10,thDist:-10}
1165. $false <- (1, ~2, 84) [subsumption resolution 1160,231] {a:4,w:0,goal:1,sine:3,thAx:0,allAx:10,thDist:-10}
1166. ~1 | 2 | ~84 [avatar contradiction clause 1165]
1167. $false [avatar sat refutation 232,237,661,670,887,1098,1149,1166] {a:0,w:0,goal:1,sine:0,thAx:0,allAx:757,thDist:-757}
% SZS output end Proof for arytm_0__l14_arytm_0
% ------------------------------
% Version: Vampire 4.5.1 (commit 226f88162 on 2021-09-12 20:13:44 +0200)
% Termination reason: Refutation

% >>> Input
% Input formulas: 55
% >>> Preprocessing
% Introduced skolems: 18
% Pure predicates: 3
% 
% >>> Saturation
% Initial clauses: 76
% Generated clauses: 639
% Active clauses: 153
% Passive clauses: 324
% Final active clauses: 148
% Final passive clauses: 158
% Main loop iterations started: 162
% 
% >>> Simplifying Inferences
% Duplicate literals: 25
% Trivial inequalities: 2
% Fw subsumption resolutions: 25
% Fw demodulations: 17
% Bw demodulations: 1
% 
% >>> Deletion Inferences
% Simple tautologies: 10
% Equational tautologies: 6
% Forward subsumptions: 122
% 
% >>> Generating Inferences
% Binary resolution: 138
% Unit resulting resolution: 12
% Forward superposition: 89
% Backward superposition: 147
% Self superposition: 5
% Equality factoring: 9
% Equality resolution: 1
% 
% >>> AVATAR
% Split clauses: 13
% Split components: 28
% Sat splitting refutations: 15
% 
% >>> SAT Solver Statistics
% SAT solver clauses: 115
% SAT solver unit clauses: 35
% SAT solver binary clauses: 48
% 
% Memory used [KB]: 5756
% Time elapsed: 0.006 s
% ------------------------------
% ------------------------------
% Time measurement results:
% SAT solver time: 0.001 s
% term sharing: 0.001 s
% forward subsumption: 0.001 s
% superposition: 0.001 s ( own 0.0000 s ) 
% other: 0.006 s ( own 0.003 s ) 

