i: [1,456,0,2,1,1,0,0] t56_vfunct_2
a: [3,690,0,2,1,456]
s: 690
i: [1,454,0,2,1,1,0,0] t56_vfunct_2
a: [3,700,0,2,1,454]
s: 700
i: [1,453,0,2,1,1,0,0] t56_vfunct_2
a: [3,705,0,2,1,453]
s: 705
i: [1,452,0,2,1,1,0,0] t56_vfunct_2
a: [3,710,0,2,1,452]
s: 710
i: [1,451,0,2,1,1,0,0] t56_vfunct_2
a: [3,715,0,2,1,451]
s: 715
i: [1,450,0,2,1,1,0,0] t56_vfunct_2
a: [3,720,0,2,1,450]
s: 720
i: [1,449,0,2,1,1,0,0] t56_vfunct_2
a: [3,725,0,2,1,449]
s: 725
i: [1,448,0,2,1,1,0,0] t56_vfunct_2
a: [3,730,0,2,1,448]
s: 730
i: [1,447,0,2,1,1,0,0] t56_vfunct_2
a: [3,735,0,2,1,447]
s: 735
i: [1,446,0,2,1,1,0,0] t56_vfunct_2
a: [3,740,0,2,1,446]
s: 740
i: [1,445,0,2,1,1,0,0] t56_vfunct_2
a: [3,745,0,2,1,445]
s: 745
i: [1,444,0,2,1,1,0,0] t56_vfunct_2
a: [3,750,0,2,1,444]
s: 750
i: [1,443,0,2,1,1,0,0] t56_vfunct_2
a: [3,755,0,2,1,443]
s: 755
i: [1,442,0,2,1,1,0,0] t56_vfunct_2
a: [3,760,0,2,1,442]
s: 760
i: [1,441,0,2,1,1,0,0] t56_vfunct_2
a: [3,765,0,2,1,441]
s: 765
i: [1,440,0,2,1,1,0,0] t56_vfunct_2
a: [3,770,0,2,1,440]
s: 770
i: [1,458,0,5,1,1,0,0] t56_vfunct_2
a: [3,680,0,5,1,458]
s: 680
i: [1,459,0,7,1,1,0,0] t56_vfunct_2
a: [3,675,0,7,1,459]
s: 675
i: [1,457,0,7,1,1,0,0] t56_vfunct_2
a: [3,685,0,7,1,457]
s: 685
i: [1,455,0,7,1,1,0,0] t56_vfunct_2
a: [3,695,0,7,1,455]
s: 695
i: [1,461,0,2,1,0,0,255] fc7_numbers
a: [3,775,0,2,1,461]
s: 775
i: [1,462,0,2,1,0,0,255] fc6_numbers
a: [3,780,0,2,1,462]
s: 780
i: [1,463,0,2,1,0,0,255] spc1_boole
a: [3,785,0,2,1,463]
s: 785
i: [1,464,0,2,1,0,0,2] fc3_numbers
a: [3,790,0,2,1,464]
s: 790
i: [1,465,0,2,1,0,0,2] fc4_numbers
a: [3,795,0,2,1,465]
s: 795
i: [1,466,0,2,1,0,0,255] fc4_membered
a: [3,800,0,2,1,466]
s: 800
i: [1,467,0,2,1,0,0,255] fc5_membered
a: [3,805,0,2,1,467]
s: 805
i: [1,468,0,2,1,0,0,255] dt_o_0_0_xboole_0
a: [3,810,0,2,1,468]
s: 810
i: [1,639,0,2,1,0,0,255] existence_l2_normsp_0
a: [3,820,0,2,1,639]
s: 820
i: [1,640,0,2,1,0,0,255] existence_l1_clvect_1
a: [3,825,0,2,1,640]
s: 825
i: [1,641,0,2,1,0,0,255] existence_l1_normsp_0
a: [3,830,0,2,1,641]
s: 830
i: [1,642,0,2,1,0,0,255] existence_l1_algstr_0
a: [3,835,0,2,1,642]
s: 835
i: [1,643,0,2,1,0,0,255] existence_l2_algstr_0
a: [3,840,0,2,1,643]
s: 840
i: [1,644,0,2,1,0,0,1] existence_l2_clvect_1
a: [3,845,0,2,1,644]
s: 845
i: [1,645,0,2,1,0,0,255] existence_l2_struct_0
a: [3,850,0,2,1,645]
s: 850
i: [1,646,0,2,1,0,0,2] existence_l1_struct_0
a: [3,855,0,2,1,646]
s: 855
i: [1,648,0,2,1,0,0,3] rc2_membered
a: [3,860,0,2,1,648]
s: 860
i: [1,647,0,2,1,0,0,3] rc2_membered
a: [3,865,0,2,1,647]
s: 865
i: [1,650,0,2,1,0,0,3] rc1_membered
a: [3,870,0,2,1,650]
s: 870
i: [1,649,0,2,1,0,0,3] rc1_membered
a: [3,875,0,2,1,649]
s: 875
i: [1,652,0,2,1,0,0,255] rc3_membered
a: [3,880,0,2,1,652]
s: 880
i: [1,651,0,2,1,0,0,255] rc3_membered
a: [3,885,0,2,1,651]
s: 885
i: [1,659,0,2,1,0,0,1] rc2_valued_0
a: [3,890,0,2,1,659]
s: 890
i: [1,658,0,2,1,0,0,1] rc2_valued_0
a: [3,895,0,2,1,658]
s: 895
i: [1,657,0,2,1,0,0,1] rc2_valued_0
a: [3,900,0,2,1,657]
s: 900
i: [1,654,0,2,1,0,0,1] rc2_valued_0
a: [3,915,0,2,1,654]
s: 915
i: [1,653,0,2,1,0,0,1] rc2_valued_0
a: [3,920,0,2,1,653]
s: 920
i: [1,662,0,2,1,0,0,255] rc20_struct_0
a: [3,925,0,2,1,662]
s: 925
i: [1,661,0,2,1,0,0,255] rc20_struct_0
a: [3,930,0,2,1,661]
s: 930
i: [1,660,0,2,1,0,0,255] rc20_struct_0
a: [3,935,0,2,1,660]
s: 935
i: [1,663,0,2,1,0,0,255] rc4_xreal_0
a: [3,940,0,2,1,663]
s: 940
i: [1,666,0,2,1,0,0,2] rc1_valued_0
a: [3,945,0,2,1,666]
s: 945
i: [1,665,0,2,1,0,0,2] rc1_valued_0
a: [3,950,0,2,1,665]
s: 950
i: [1,664,0,2,1,0,0,2] rc1_valued_0
a: [3,955,0,2,1,664]
s: 955
i: [1,460,0,11,1,1,0,0] t56_vfunct_2
a: [3,670,0,11,1,460]
s: 670
i: [1,571,0,3,1,0,0,255] reflexivity_r1_tarski
s: 571
i: [1,469,0,3,1,0,0,255] d2_xboole_0
a: [3,815,0,3,1,469]
s: 815
r: 810
d: [2,957,0,2,1,2,23,810,815]
a: [3,961,0,2,1,957]
s: 961
i: [1,656,0,3,1,0,0,1] rc2_valued_0
a: [3,905,0,3,1,656]
s: 905
i: [1,655,0,3,1,0,0,1] rc2_valued_0
a: [3,910,0,3,1,655]
s: 910
i: [1,473,0,4,2,0,0,255] dt_l1_clvect_1
s: 473
d: [2,963,1,2,1,1,40,473,825]
a: [3,967,1,2,1,963]
s: 967
i: [1,474,0,4,2,0,0,255] dt_l1_algstr_0
s: 474
d: [2,969,1,2,1,1,40,474,835]
a: [3,973,1,2,1,969]
s: 973
i: [1,475,0,4,2,0,0,255] dt_l1_normsp_0
s: 475
i: [1,476,0,4,2,0,0,255] dt_l2_normsp_0
s: 476
d: [2,975,1,2,1,1,40,475,830]
a: [3,979,1,2,1,975]
s: 979
i: [1,477,0,4,2,0,0,255] dt_l2_normsp_0
s: 477
d: [2,981,1,2,1,1,40,476,820]
a: [3,985,1,2,1,981]
s: 985
i: [1,478,0,4,2,0,0,255] dt_l2_algstr_0
s: 478
i: [1,479,0,4,2,0,0,255] dt_l2_algstr_0
s: 479
d: [2,987,1,2,1,1,40,477,820]
a: [3,991,1,2,1,987]
s: 991
i: [1,480,0,4,2,0,0,255] dt_l2_clvect_1
s: 480
d: [2,1023,1,2,1,1,40,480,705]
a: [3,1028,1,2,1,1023]
s: 1028
i: [1,481,0,4,2,0,0,255] dt_l2_clvect_1
s: 481
i: [1,482,0,4,2,0,0,255] dt_l2_struct_0
s: 482
d: [2,1041,1,2,1,1,40,481,705]
a: [3,1046,1,2,1,1041]
s: 1046
i: [1,485,0,4,2,0,0,255] cc5_membered
s: 485
d: [2,1035,2,2,1,1,40,1028,473]
a: [3,1039,2,2,1,1035]
s: 1039
i: [1,486,0,4,2,0,0,255] cc4_membered
s: 486
i: [1,502,0,4,2,0,0,255] cc3_membered
s: 502
d: [2,1067,2,2,1,1,40,1046,477]
a: [3,1072,2,2,1,1067]
s: 1072
i: [1,503,0,4,2,0,0,255] cc2_membered
s: 503
d: [2,1068,2,2,1,1,40,1046,476]
a: [3,1077,2,2,1,1068]
s: 1077
i: [1,506,0,4,2,0,0,255] cc1_membered
s: 506
i: [1,508,0,4,2,0,0,3] cc18_membered
s: 508
d: [2,1079,3,2,1,1,40,1039,479]
a: [3,1084,3,2,1,1079]
s: 1084
i: [1,570,0,4,1,0,0,1] existence_m1_subset_1
s: 570
d: [2,1093,3,2,1,1,40,1072,482]
a: [3,1097,3,2,1,1093]
s: 1097
i: [1,624,0,4,1,0,0,255] rc1_relset_1
s: 624
i: [1,625,0,4,1,0,0,255] rc1_relset_1
s: 625
d: [2,999,1,2,1,1,40,478,840]
a: [3,1004,1,2,1,999]
s: 1004
i: [1,470,0,5,1,0,0,255] t2_boole
s: 470
d: [2,1011,1,2,1,1,40,479,840]
a: [3,1016,1,2,1,1011]
s: 1016
i: [1,509,0,5,2,0,0,255] t6_boole
s: 509
i: [1,567,0,5,2,0,0,255] t7_boole
s: 567
d: [2,1024,1,2,1,1,40,480,845]
a: [3,1033,1,2,1,1024]
s: 1033
i: [1,572,0,5,1,0,0,2] idempotence_k3_xboole_0
s: 572
d: [2,1042,1,2,1,1,40,481,845]
a: [3,1051,1,2,1,1042]
s: 1051
i: [1,626,0,5,1,0,0,255] rc1_relset_1
s: 626
i: [1,627,0,5,1,0,0,255] rc1_relset_1
s: 627
d: [2,1053,1,2,1,1,40,482,850]
a: [3,1059,1,2,1,1053]
s: 1059
i: [1,488,0,6,3,0,0,255] cc7_struct_0
s: 488
d: [2,1054,1,2,1,1,40,482,935]
a: [3,1064,1,2,1,1054]
s: 1064
i: [1,489,0,6,3,0,0,255] cc5_struct_0
s: 489
i: [1,491,0,6,3,0,0,255] cc17_struct_0
s: 491
d: [2,1087,1,2,1,1,40,502,800]
a: [3,1091,1,2,1,1087]
s: 1091
i: [1,492,0,6,3,0,0,255] cc2_struct_0
s: 492
d: [2,1099,1,2,1,1,40,503,805]
a: [3,1103,1,2,1,1099]
s: 1103
i: [1,493,0,6,3,0,0,255] cc6_struct_0
s: 493
i: [1,494,0,6,3,0,0,255] cc1_struct_0
s: 494
d: [2,1107,1,2,1,1,40,506,860]
a: [3,1113,1,2,1,1107]
s: 1113
i: [1,497,0,6,3,0,0,255] cc4_struct_0
s: 497
d: [2,1108,1,2,1,1,40,506,870]
a: [3,1118,1,2,1,1108]
s: 1118
i: [1,510,0,6,2,0,0,255] cc10_membered
s: 510
i: [1,511,0,6,2,0,0,255] cc9_membered
s: 511
d: [2,1109,1,2,1,1,40,506,880]
a: [3,1123,1,2,1,1109]
s: 1123
i: [1,531,0,6,3,0,0,2] cc9_valued_0
s: 531
d: [2,1125,1,2,1,1,40,508,940]
a: [3,1130,1,2,1,1125]
s: 1130
i: [1,534,0,6,3,0,0,2] cc8_valued_0
s: 534
i: [1,541,0,6,3,0,0,255] cc6_valued_0
s: 541
d: [2,1126,1,2,1,1,40,508,961]
a: [3,1135,1,2,1,1126]
s: 1135
i: [1,543,0,6,3,0,0,3] cc5_valued_0
s: 543
d: [2,1169,1,4,2,1,40,488,925]
a: [3,1173,1,2,1,1169]
s: 1173
i: [1,563,0,6,2,0,0,255] t1_subset
s: 563
i: [1,574,0,6,2,0,0,255] fc32_membered
s: 574
d: [2,1179,1,4,2,1,40,489,855]
a: [3,1211,1,2,1,1179]
s: 1211
i: [1,575,0,6,2,0,0,255] fc34_membered
s: 575
d: [2,1301,1,4,2,1,40,534,890]
d: [2,1303,1,2,1,2,21,1301,915]
a: [3,1307,1,2,1,1303]
s: 1307
i: [1,576,0,6,2,0,0,255] fc31_membered
s: 576
i: [1,577,0,6,2,0,0,255] fc33_membered
s: 577
d: [2,1302,1,4,2,1,40,534,945]
d: [2,1309,1,2,1,2,21,1302,955]
a: [3,1313,1,2,1,1309]
s: 1313
i: [1,578,0,6,2,0,0,255] fc85_valued_0
s: 578
d: [2,1340,1,4,2,0,44,576,470]
a: [3,1344,1,2,1,1340]
s: 1344
r: 574
r: 576
r: 578
d: [2,1374,2,0,0,2,52,1091,1344,485]
e: 1374
r: 1344
s: 574
s: 576
a: [3,1348,1,2,1,1340]
s: 1348
s: 578
d: [2,1350,1,4,2,0,44,577,470]
a: [3,1354,1,2,1,1350]
s: 1354
r: 575
r: 577
d: [2,1382,2,0,0,2,52,1091,1354,486]
e: 1382
r: 1354
s: 575
s: 577
a: [3,1358,1,2,1,1350]
s: 1358
i: [1,579,0,6,2,0,0,255] fc86_valued_0
s: 579
d: [2,993,2,2,1,1,40,985,475]
a: [3,997,2,2,1,993]
s: 997
i: [1,582,0,6,2,0,0,255] fc36_membered
s: 582
i: [1,583,0,6,2,0,0,255] fc35_membered
s: 583
d: [2,1412,1,4,2,0,44,583,470]
a: [3,1416,1,2,1,1412]
s: 1416
r: 485
r: 486
r: 582
r: 583
d: [2,1424,2,0,0,2,40,1416,1091]
e: 1424
d: [2,1422,2,0,0,2,52,1091,1416]
e: 1422
d: [2,1423,2,0,0,2,52,800,1416,502]
e: 1423
r: 1416
s: 485
a: [3,1420,1,2,1,1412]
s: 1420
s: 486
s: 582
d: [2,1000,2,2,1,1,40,478,967]
a: [3,1009,2,2,1,1000]
s: 1009
s: 583
d: [2,1012,2,2,1,1,40,479,967]
a: [3,1021,2,2,1,1012]
s: 1021
i: [1,584,0,6,2,0,0,255] fc87_valued_0
s: 584
i: [1,586,0,6,2,0,0,255] fc40_membered
s: 586
d: [2,1140,2,2,1,1,40,1004,482]
a: [3,1144,2,2,1,1140]
s: 1144
i: [1,587,0,6,2,0,0,255] fc39_membered
s: 587
d: [2,1151,2,2,1,1,40,1033,473]
a: [3,1155,2,2,1,1151]
s: 1155
i: [1,588,0,6,2,0,0,255] fc37_membered
s: 588
i: [1,589,0,6,2,0,0,255] fc38_membered
s: 589
d: [2,1488,1,4,2,0,44,588,470]
a: [3,1492,1,2,1,1488]
s: 1492
r: 502
r: 588
r: 589
d: [2,1505,2,0,0,2,40,1492,1103]
e: 1505
d: [2,1504,2,0,0,2,40,1492,800]
e: 1504
d: [2,1501,2,0,0,2,52,800,1492]
e: 1501
d: [2,1502,2,0,0,1,52,570,1492,511]
e: 1502
d: [2,1503,2,0,0,2,52,805,1492,503]
e: 1503
r: 1492
s: 502
a: [3,1496,1,2,1,1488]
s: 1496
s: 588
s: 589
d: [2,1157,2,2,1,1,40,1051,477]
a: [3,1162,2,2,1,1157]
s: 1162
i: [1,594,0,6,2,0,0,3] fc41_membered
s: 594
d: [2,1158,2,2,1,1,40,1051,476]
a: [3,1167,2,2,1,1158]
s: 1167
i: [1,595,0,6,2,0,0,3] fc42_membered
s: 595
i: [1,596,0,6,2,0,0,2] fc90_valued_0
s: 596
d: [2,1176,2,4,2,1,40,489,979]
a: [3,1184,2,2,1,1176]
s: 1184
i: [1,600,0,6,2,0,0,2] dt_k5_relat_1
s: 600
d: [2,1177,2,4,2,1,40,489,973]
a: [3,1193,2,2,1,1177]
s: 1193
i: [1,601,0,6,2,0,0,255] antisymmetry_r2_hidden
s: 601
i: [1,495,0,7,3,0,0,255] cc8_struct_0
s: 495
d: [2,1178,2,4,2,1,40,489,1059]
a: [3,1202,2,2,1,1178]
s: 1202
i: [1,498,0,7,3,0,0,255] cc11_struct_0
s: 498
d: [2,1243,2,2,1,1,40,1091,486]
a: [3,1248,2,2,1,1243]
s: 1248
i: [1,499,0,7,3,0,0,255] cc11_struct_0
s: 499
i: [1,500,0,7,3,0,0,255] cc9_struct_0
s: 500
d: [2,1244,2,2,1,1,40,1091,485]
a: [3,1253,2,2,1,1244]
s: 1253
i: [1,512,0,7,3,0,0,255] fc9_struct_0
s: 512
d: [2,1255,2,2,1,1,40,1103,502]
a: [3,1259,2,2,1,1255]
s: 1259
i: [1,513,0,7,3,0,0,255] fc6_struct_0
s: 513
i: [1,515,0,7,3,0,0,255] rc22_struct_0
s: 515
d: [2,1261,2,2,1,1,40,1113,503]
a: [3,1265,2,2,1,1261]
s: 1265
i: [1,516,0,7,3,0,0,1] fc2_struct_0
s: 516
d: [2,1267,2,2,1,1,40,1118,503]
a: [3,1271,2,2,1,1267]
s: 1271
i: [1,518,0,7,3,0,0,1] rc4_struct_0
s: 518
i: [1,520,0,7,3,0,0,255] rc21_struct_0
s: 520
d: [2,1285,2,2,1,1,40,1123,503]
a: [3,1289,2,2,1,1285]
s: 1289
i: [1,521,0,7,3,0,0,255] rc21_struct_0
s: 521
d: [2,1295,2,2,1,1,40,1130,506]
a: [3,1299,2,2,1,1295]
s: 1299
i: [1,527,0,7,3,0,0,255] fc8_struct_0
s: 527
i: [1,528,0,7,3,0,0,255] fc7_struct_0
s: 528
d: [2,1315,2,2,1,1,40,1135,506]
a: [3,1320,2,2,1,1315]
s: 1320
i: [1,529,0,7,3,0,0,1] fc1_struct_0
s: 529
d: [2,1326,2,4,2,1,40,1307,543]
d: [2,1328,2,2,1,2,21,1326,915]
a: [3,1332,2,2,1,1328]
s: 1332
i: [1,536,0,7,3,0,0,2] cc1_valued_0
s: 536
i: [1,538,0,7,3,0,0,2] cc7_valued_0
s: 538
d: [2,1327,2,4,2,1,40,1307,541]
d: [2,1334,2,2,1,2,21,1327,915]
a: [3,1338,2,2,1,1334]
s: 1338
i: [1,556,0,7,3,0,0,3] cc3_valued_0
s: 556
d: [2,1360,2,4,2,1,40,1313,543]
d: [2,1362,2,2,1,2,21,1360,955]
a: [3,1366,2,2,1,1362]
s: 1366
i: [1,558,0,7,3,0,0,3] cc4_valued_0
s: 558
i: [1,565,0,7,2,0,0,255] t3_subset
s: 565
d: [2,1361,2,4,2,1,40,1313,541]
d: [2,1368,2,2,1,2,21,1361,955]
a: [3,1372,2,2,1,1368]
s: 1372
i: [1,566,0,7,3,0,0,2] t8_boole
s: 566
d: [2,1390,3,4,2,1,40,997,491]
a: [3,1395,3,2,1,1390]
s: 1395
i: [1,573,0,7,1,0,0,2] commutativity_k3_xboole_0
s: 573
i: [1,590,0,7,2,0,0,255] fc88_valued_0
s: 590
d: [2,1439,3,2,1,1,40,1009,482]
a: [3,1443,3,2,1,1439]
s: 1443
i: [1,591,0,7,2,0,0,255] fc89_valued_0
s: 591
d: [2,1456,3,4,2,1,40,1144,491]
a: [3,1461,3,2,1,1456]
s: 1461
i: [1,483,0,8,3,0,0,255] cc19_membered
s: 483
i: [1,484,0,8,3,0,0,255] cc20_membered
s: 484
d: [2,1645,1,7,2,1,40,483,685]
a: [3,1652,1,5,1,1645]
s: 1652
i: [1,487,0,8,3,0,0,255] cc21_membered
s: 487
d: [2,1663,1,7,2,1,40,484,685]
a: [3,1670,1,5,1,1663]
s: 1670
i: [1,504,0,8,3,0,0,255] cc23_membered
s: 504
i: [1,505,0,8,3,0,0,255] cc22_membered
s: 505
d: [2,1681,1,7,2,1,40,487,685]
a: [3,1688,1,5,1,1681]
s: 1688
i: [1,507,0,8,3,0,0,3] cc24_membered
s: 507
d: [2,1699,1,7,2,1,40,504,685]
a: [3,1706,1,5,1,1699]
s: 1706
i: [1,560,0,8,3,0,0,2] cc2_valued_0
s: 560
i: [1,564,0,8,3,0,0,255] t2_subset
s: 564
d: [2,1717,1,7,2,1,40,505,685]
a: [3,1724,1,5,1,1717]
s: 1724
i: [1,603,0,8,3,0,0,255] fc43_valued_0
s: 603
d: [2,1735,1,7,2,1,40,507,685]
a: [3,1742,1,5,1,1735]
s: 1742
i: [1,604,0,8,3,0,0,255] fc43_valued_0
s: 604
i: [1,606,0,8,3,0,0,2] fc48_valued_0
s: 606
d: [2,1759,1,13,2,1,40,564,685]
a: [3,1770,1,6,1,1759]
s: 1770
r: 1770
i: [1,607,0,8,3,0,0,2] fc48_valued_0
s: 607
a: [3,1769,1,6,1,1759]
s: 1769
i: [1,610,0,8,3,0,0,2] fc44_valued_0
s: 610
i: [1,611,0,8,3,0,0,2] fc44_valued_0
s: 611
a: [3,1766,1,7,1,1759]
s: 1766
i: [1,612,0,8,3,0,0,2] fc45_valued_0
s: 612
d: [2,1760,1,13,2,1,40,564,695]
a: [3,1775,1,7,1,1760]
s: 1775
i: [1,613,0,8,3,0,0,2] fc45_valued_0
s: 613
i: [1,620,0,8,2,0,0,1] cc1_relset_1
s: 620
d: [2,1805,1,2,1,1,40,620,685]
a: [3,1812,1,2,1,1805]
s: 1812
i: [1,623,0,8,1,0,0,255] rc1_relset_1
s: 623
d: [2,1806,1,2,1,1,40,620,695]
a: [3,1817,1,2,1,1806]
s: 1817
i: [1,501,0,9,4,0,0,255] cc10_struct_0
s: 501
i: [1,569,0,9,3,0,0,255] t5_subset
s: 569
d: [2,1819,2,4,2,1,40,1812,531]
a: [3,1823,2,2,1,1819]
s: 1823
i: [1,616,0,9,3,0,0,2] fc47_valued_0
s: 616
d: [2,1837,2,4,2,1,40,1817,531]
a: [3,1841,2,2,1,1837]
s: 1841
i: [1,618,0,9,3,0,0,2] fc46_valued_0
s: 618
i: [1,621,0,9,2,0,0,255] cc2_relset_1
s: 621
d: [2,1868,1,3,1,1,40,621,685]
a: [3,1876,1,3,1,1868]
s: 1876
i: [1,622,0,9,2,0,0,255] cc2_relset_1
s: 622
d: [2,1869,1,3,1,1,40,621,695]
a: [3,1881,1,3,1,1869]
s: 1881
i: [1,514,0,10,3,0,0,255] rc22_struct_0
s: 514
i: [1,517,0,10,3,0,0,1] rc4_struct_0
s: 517
d: [2,1883,1,4,1,1,40,622,685]
a: [3,1891,1,4,1,1883]
s: 1891
i: [1,519,0,10,3,0,0,255] rc21_struct_0
s: 519
d: [2,1884,1,4,1,1,40,622,695]
a: [3,1896,1,4,1,1884]
s: 1896
i: [1,525,0,10,5,0,0,255] cc22_valued_0
s: 525
i: [1,526,0,10,5,0,0,255] cc22_valued_0
s: 526
d: [2,1851,1,8,2,1,40,569,685]
a: [3,1862,1,5,1,1851]
s: 1862
i: [1,532,0,10,4,0,0,255] cc10_valued_0
s: 532
d: [2,1926,1,12,3,1,40,532,685]
a: [3,1937,1,5,1,1926]
s: 1937
i: [1,539,0,10,4,0,0,2] cc15_valued_0
s: 539
i: [1,544,0,10,4,0,0,3] cc11_valued_0
s: 544
d: [2,1785,2,7,1,1,40,1766,601]
a: [3,1791,2,7,1,1785]
s: 1791
i: [1,545,0,10,4,0,0,3] cc12_valued_0
s: 545
d: [2,1793,2,7,1,1,40,1775,601]
a: [3,1799,2,7,1,1793]
s: 1799
i: [1,568,0,10,3,0,0,255] t4_subset
s: 568
i: [1,580,0,10,3,0,0,255] cc16_valued_0
s: 580
d: [2,1984,1,5,2,1,40,580,685]
a: [3,1992,1,3,1,1984]
s: 1992
i: [1,581,0,10,3,0,0,255] cc17_valued_0
s: 581
d: [2,1995,1,5,2,1,40,581,685]
a: [3,2003,1,3,1,1995]
s: 2003
i: [1,585,0,10,3,0,0,255] cc18_valued_0
s: 585
i: [1,597,0,10,3,0,0,2] cc21_valued_0
s: 597
d: [2,2014,1,5,2,1,40,585,685]
a: [3,2022,1,3,1,2014]
s: 2022
i: [1,598,0,10,3,0,0,1] cc3_relset_1
s: 598
d: [2,2033,1,5,2,1,40,597,685]
a: [3,2041,1,3,1,2033]
s: 2041
i: [1,599,0,10,3,0,0,1] cc4_relset_1
s: 599
i: [1,602,0,10,4,0,0,255] fc13_valued_0
s: 602
d: [2,2049,1,5,2,1,40,599,685]
d: [2,2054,1,3,1,2,21,2049,1823]
a: [3,2058,1,3,1,2054]
s: 2058
i: [1,605,0,10,4,0,0,2] fc23_valued_0
s: 605
d: [2,2062,1,8,4,0,44,602,470]
a: [3,2073,1,2,1,2062]
s: 2073
i: [1,608,0,10,4,0,0,3] fc17_valued_0
s: 608
i: [1,609,0,10,4,0,0,3] fc15_valued_0
s: 609
d: [2,1479,3,2,1,1,40,1155,479]
a: [3,1484,3,2,1,1479]
s: 1484
i: [1,617,0,10,3,0,0,2] fc47_valued_0
s: 617
d: [2,1522,3,2,1,1,40,1162,482]
a: [3,1526,3,2,1,1522]
s: 1526
i: [1,619,0,10,3,0,0,2] fc46_valued_0
s: 619
i: [1,592,0,11,3,0,0,255] cc20_valued_0
s: 592
d: [2,2131,1,6,2,1,40,592,685]
a: [3,2139,1,3,1,2131]
s: 2139
i: [1,593,0,11,3,0,0,255] cc19_valued_0
s: 593
d: [2,2150,1,6,2,1,40,593,685]
a: [3,2158,1,3,1,2150]
s: 2158
i: [1,561,0,12,4,0,0,2] cc14_valued_0
s: 561
i: [1,562,0,12,4,0,0,2] cc13_valued_0
s: 562
d: [2,1542,3,2,1,1,40,1259,486]
a: [3,1547,3,2,1,1542]
s: 1547
i: [1,614,0,12,4,0,0,2] fc21_valued_0
s: 614
d: [2,1543,3,2,1,1,40,1259,485]
a: [3,1552,3,2,1,1543]
s: 1552
i: [1,615,0,12,4,0,0,2] fc19_valued_0
s: 615
i: [1,628,0,12,4,0,0,255] fc2_relset_1
s: 628
d: [2,1554,3,2,1,1,40,1265,502]
a: [3,1558,3,2,1,1554]
s: 1558
i: [1,629,0,12,4,0,0,2] fc5_relset_1
s: 629
r: 615
r: 614
d: [2,1560,3,2,1,1,40,1271,502]
a: [3,1564,3,2,1,1560]
s: 1564
i: [1,637,0,14,3,0,0,1] dt_k2_partfun1
s: 637
i: [1,636,0,17,3,0,0,1] redefinition_k2_partfun1
s: 636
d: [2,2242,1,13,3,1,44,675,636]
d: [2,2243,1,6,2,2,21,2242,685]
d: [2,2244,1,4,1,3,21,2243,690]
a: [3,2248,1,4,1,2244]
s: 2248
i: [1,638,0,18,3,0,0,1] dt_k2_partfun1
s: 638
d: [2,2235,1,9,2,1,40,637,685]
d: [2,2240,1,7,1,2,21,2235,690]
s: 2240
i: [1,634,0,30,8,0,0,255] dt_k1_vfunct_1
s: 634
i: [1,635,0,35,8,0,0,255] dt_k1_vfunct_1
s: 635
d: [2,2280,2,13,3,2,44,2240,636]
d: [2,2281,2,6,2,2,21,2280,685]
d: [2,2282,2,4,1,2,21,2281,690]
s: 2282
i: [1,471,0,49,18,0,0,1] t54_vfunct_2
s: 471
d: [2,2329,1,42,17,1,40,471,675]
d: [2,2332,1,35,16,2,21,2329,685]
d: [2,2333,1,33,15,3,21,2332,690]
d: [2,2334,1,31,14,4,21,2333,705]
d: [2,2335,1,29,13,5,21,2334,710]
d: [2,2336,1,27,12,6,21,2335,715]
d: [2,2337,1,25,11,7,21,2336,720]
d: [2,2338,1,23,10,8,21,2337,725]
d: [2,2339,1,21,9,9,21,2338,730]
d: [2,2340,1,19,8,10,21,2339,735]
d: [2,2341,1,17,7,11,21,2340,740]
d: [2,2342,1,15,6,12,21,2341,745]
d: [2,2343,1,13,5,13,21,2342,750]
d: [2,2344,1,11,4,14,21,2343,755]
d: [2,2345,1,9,3,15,21,2344,760]
d: [2,2346,1,7,2,16,21,2345,765]
d: [2,2347,1,5,1,17,21,2346,770]
a: [3,2351,1,5,1,2347]
s: 2351
i: [1,632,0,52,19,0,0,1] dt_k3_vfunct_2
s: 632
i: [1,630,0,57,19,0,0,255] redefinition_k3_vfunct_2
s: 630
d: [2,2236,1,9,2,1,40,637,695]
d: [2,2241,1,7,1,2,21,2236,700]
s: 2241
i: [1,631,0,57,19,0,0,1] commutativity_k3_vfunct_2
s: 631
d: [2,2395,2,13,3,2,44,2241,636]
d: [2,2396,2,6,2,2,21,2395,695]
d: [2,2397,2,4,1,2,21,2396,700]
s: 2397
i: [1,633,0,57,19,0,0,1] dt_k3_vfunct_2
s: 633
i: [1,472,0,67,21,0,0,1] t46_vfunct_2
s: 472
d: [2,2436,2,0,0,21,52,770,765,760,755,750,745,740,735,730,725,720,715,710,705,700,690,680,2351,695,685,670,472]
e: 2436
d: [2,2437,1,56,20,1,40,472,670]
d: [2,2447,1,51,19,2,21,2437,2351]
d: [2,2448,1,46,18,3,21,2447,680]
d: [2,2449,1,39,17,4,21,2448,685]
d: [2,2450,1,37,16,5,21,2449,690]
d: [2,2451,1,30,15,6,21,2450,695]
d: [2,2452,1,28,14,7,21,2451,700]
d: [2,2453,1,26,13,8,21,2452,705]
d: [2,2454,1,24,12,9,21,2453,710]
d: [2,2455,1,22,11,10,21,2454,715]
d: [2,2456,1,20,10,11,21,2455,720]
d: [2,2457,1,18,9,12,21,2456,725]
d: [2,2458,1,16,8,13,21,2457,730]
d: [2,2459,1,14,7,14,21,2458,735]
d: [2,2460,1,12,6,15,21,2459,740]
d: [2,2461,1,10,5,16,21,2460,745]
d: [2,2462,1,8,4,17,21,2461,750]
d: [2,2463,1,6,3,18,21,2462,755]
d: [2,2464,1,4,2,19,21,2463,760]
d: [2,2465,1,2,1,20,21,2464,765]
d: [2,2466,1,0,0,21,21,2465,770]
e: 2466
f: 2466,2347,440,441,442,443,444,445,446,447,448,449,450,451,452,453,454,455,456,457,458,459,460
% Refutation found. Thanks to Tanya!
% SZS status Theorem for vfunct_2__t56_vfunct_2
% SZS output start Proof for vfunct_2__t56_vfunct_2
1. ! [X0] : (~v1_xboole_0(X0) => ! [X1] : ((l2_clvect_1(X1) & v8_clvect_1(X1) & v5_clvect_1(X1) & v4_clvect_1(X1) & v3_clvect_1(X1) & v2_clvect_1(X1) & v4_normsp_0(X1) & v3_normsp_0(X1) & v4_rlvect_1(X1) & v3_rlvect_1(X1) & v2_rlvect_1(X1) & v13_algstr_0(X1) & ~v2_struct_0(X1)) => ! [X2] : ((m1_subset_1(X2,k1_zfmisc_1(k2_zfmisc_1(X0,u1_struct_0(X1)))) & v1_funct_1(X2)) => ! [X3] : ((m1_subset_1(X3,k1_zfmisc_1(k2_zfmisc_1(X0,u1_struct_0(X1)))) & v1_funct_1(X3)) => ! [X4] : ! [X5] : ((v3_funct_1(k2_partfun1(X0,u1_struct_0(X1),X3,X5)) & r1_vfunct_2(X0,X1,X2,X4)) => r1_vfunct_2(X0,X1,k3_vfunct_2(X0,X1,X2,X3),k3_xboole_0(X4,X5))))))) [input t56_vfunct_2]
2. ~! [X0] : (~v1_xboole_0(X0) => ! [X1] : ((l2_clvect_1(X1) & v8_clvect_1(X1) & v5_clvect_1(X1) & v4_clvect_1(X1) & v3_clvect_1(X1) & v2_clvect_1(X1) & v4_normsp_0(X1) & v3_normsp_0(X1) & v4_rlvect_1(X1) & v3_rlvect_1(X1) & v2_rlvect_1(X1) & v13_algstr_0(X1) & ~v2_struct_0(X1)) => ! [X2] : ((m1_subset_1(X2,k1_zfmisc_1(k2_zfmisc_1(X0,u1_struct_0(X1)))) & v1_funct_1(X2)) => ! [X3] : ((m1_subset_1(X3,k1_zfmisc_1(k2_zfmisc_1(X0,u1_struct_0(X1)))) & v1_funct_1(X3)) => ! [X4] : ! [X5] : ((v3_funct_1(k2_partfun1(X0,u1_struct_0(X1),X3,X5)) & r1_vfunct_2(X0,X1,X2,X4)) => r1_vfunct_2(X0,X1,k3_vfunct_2(X0,X1,X2,X3),k3_xboole_0(X4,X5))))))) [negated conjecture 1]
168. ! [X0] : (~v1_xboole_0(X0) => ! [X1] : ((l2_clvect_1(X1) & v8_clvect_1(X1) & v5_clvect_1(X1) & v4_clvect_1(X1) & v3_clvect_1(X1) & v2_clvect_1(X1) & v4_normsp_0(X1) & v3_normsp_0(X1) & v4_rlvect_1(X1) & v3_rlvect_1(X1) & v2_rlvect_1(X1) & v13_algstr_0(X1) & ~v2_struct_0(X1)) => ! [X2] : ((m1_subset_1(X2,k1_zfmisc_1(k2_zfmisc_1(X0,u1_struct_0(X1)))) & v1_funct_1(X2)) => ! [X3] : ((m1_subset_1(X3,k1_zfmisc_1(k2_zfmisc_1(X0,u1_struct_0(X1)))) & v1_funct_1(X3)) => ! [X4] : ! [X5] : ((r1_vfunct_2(X0,X1,X3,X5) & r1_vfunct_2(X0,X1,X2,X4)) => r1_vfunct_2(X0,X1,k3_vfunct_2(X0,X1,X2,X3),k3_xboole_0(X4,X5))))))) [input t46_vfunct_2]
170. ! [X0] : (~v1_xboole_0(X0) => ! [X1] : ((l2_clvect_1(X1) & v8_clvect_1(X1) & v5_clvect_1(X1) & v4_clvect_1(X1) & v3_clvect_1(X1) & v2_clvect_1(X1) & v4_normsp_0(X1) & v3_normsp_0(X1) & v4_rlvect_1(X1) & v3_rlvect_1(X1) & v2_rlvect_1(X1) & v13_algstr_0(X1) & ~v2_struct_0(X1)) => ! [X2] : ((m1_subset_1(X2,k1_zfmisc_1(k2_zfmisc_1(X0,u1_struct_0(X1)))) & v1_funct_1(X2)) => ! [X3] : (v3_funct_1(k2_partfun1(X0,u1_struct_0(X1),X2,X3)) => r1_vfunct_2(X0,X1,X2,X3))))) [input t54_vfunct_2]
175. ~! [X0] : (~v1_xboole_0(X0) => ! [X1] : ((l2_clvect_1(X1) & v8_clvect_1(X1) & v5_clvect_1(X1) & v4_clvect_1(X1) & v3_clvect_1(X1) & v2_clvect_1(X1) & v4_normsp_0(X1) & v3_normsp_0(X1) & v4_rlvect_1(X1) & v3_rlvect_1(X1) & v2_rlvect_1(X1) & v13_algstr_0(X1) & ~v2_struct_0(X1)) => ! [X2] : ((m1_subset_1(X2,k1_zfmisc_1(k2_zfmisc_1(X0,u1_struct_0(X1)))) & v1_funct_1(X2)) => ! [X3] : ((m1_subset_1(X3,k1_zfmisc_1(k2_zfmisc_1(X0,u1_struct_0(X1)))) & v1_funct_1(X3)) => ! [X4,X5] : ((v3_funct_1(k2_partfun1(X0,u1_struct_0(X1),X3,X5)) & r1_vfunct_2(X0,X1,X2,X4)) => r1_vfunct_2(X0,X1,k3_vfunct_2(X0,X1,X2,X3),k3_xboole_0(X4,X5))))))) [flattening 2]
176. ! [X0] : (~v1_xboole_0(X0) => ! [X1] : ((l2_clvect_1(X1) & v8_clvect_1(X1) & v5_clvect_1(X1) & v4_clvect_1(X1) & v3_clvect_1(X1) & v2_clvect_1(X1) & v4_normsp_0(X1) & v3_normsp_0(X1) & v4_rlvect_1(X1) & v3_rlvect_1(X1) & v2_rlvect_1(X1) & v13_algstr_0(X1) & ~v2_struct_0(X1)) => ! [X2] : ((m1_subset_1(X2,k1_zfmisc_1(k2_zfmisc_1(X0,u1_struct_0(X1)))) & v1_funct_1(X2)) => ! [X3] : ((m1_subset_1(X3,k1_zfmisc_1(k2_zfmisc_1(X0,u1_struct_0(X1)))) & v1_funct_1(X3)) => ! [X4,X5] : ((r1_vfunct_2(X0,X1,X3,X5) & r1_vfunct_2(X0,X1,X2,X4)) => r1_vfunct_2(X0,X1,k3_vfunct_2(X0,X1,X2,X3),k3_xboole_0(X4,X5))))))) [flattening 168]
209. ? [X0] : (? [X1] : (? [X2] : (? [X3] : (? [X4,X5] : (~r1_vfunct_2(X0,X1,k3_vfunct_2(X0,X1,X2,X3),k3_xboole_0(X4,X5)) & (v3_funct_1(k2_partfun1(X0,u1_struct_0(X1),X3,X5)) & r1_vfunct_2(X0,X1,X2,X4))) & (m1_subset_1(X3,k1_zfmisc_1(k2_zfmisc_1(X0,u1_struct_0(X1)))) & v1_funct_1(X3))) & (m1_subset_1(X2,k1_zfmisc_1(k2_zfmisc_1(X0,u1_struct_0(X1)))) & v1_funct_1(X2))) & (l2_clvect_1(X1) & v8_clvect_1(X1) & v5_clvect_1(X1) & v4_clvect_1(X1) & v3_clvect_1(X1) & v2_clvect_1(X1) & v4_normsp_0(X1) & v3_normsp_0(X1) & v4_rlvect_1(X1) & v3_rlvect_1(X1) & v2_rlvect_1(X1) & v13_algstr_0(X1) & ~v2_struct_0(X1))) & ~v1_xboole_0(X0)) [ennf transformation 175]
210. ? [X0] : (? [X1] : (? [X2] : (? [X3] : (? [X4,X5] : (~r1_vfunct_2(X0,X1,k3_vfunct_2(X0,X1,X2,X3),k3_xboole_0(X4,X5)) & v3_funct_1(k2_partfun1(X0,u1_struct_0(X1),X3,X5)) & r1_vfunct_2(X0,X1,X2,X4)) & m1_subset_1(X3,k1_zfmisc_1(k2_zfmisc_1(X0,u1_struct_0(X1)))) & v1_funct_1(X3)) & m1_subset_1(X2,k1_zfmisc_1(k2_zfmisc_1(X0,u1_struct_0(X1)))) & v1_funct_1(X2)) & l2_clvect_1(X1) & v8_clvect_1(X1) & v5_clvect_1(X1) & v4_clvect_1(X1) & v3_clvect_1(X1) & v2_clvect_1(X1) & v4_normsp_0(X1) & v3_normsp_0(X1) & v4_rlvect_1(X1) & v3_rlvect_1(X1) & v2_rlvect_1(X1) & v13_algstr_0(X1) & ~v2_struct_0(X1)) & ~v1_xboole_0(X0)) [flattening 209]
211. ! [X0] : (! [X1] : (! [X2] : (! [X3] : (r1_vfunct_2(X0,X1,X2,X3) | ~v3_funct_1(k2_partfun1(X0,u1_struct_0(X1),X2,X3))) | (~m1_subset_1(X2,k1_zfmisc_1(k2_zfmisc_1(X0,u1_struct_0(X1)))) | ~v1_funct_1(X2))) | (~l2_clvect_1(X1) | ~v8_clvect_1(X1) | ~v5_clvect_1(X1) | ~v4_clvect_1(X1) | ~v3_clvect_1(X1) | ~v2_clvect_1(X1) | ~v4_normsp_0(X1) | ~v3_normsp_0(X1) | ~v4_rlvect_1(X1) | ~v3_rlvect_1(X1) | ~v2_rlvect_1(X1) | ~v13_algstr_0(X1) | v2_struct_0(X1))) | v1_xboole_0(X0)) [ennf transformation 170]
212. ! [X0] : (! [X1] : (! [X2] : (! [X3] : (r1_vfunct_2(X0,X1,X2,X3) | ~v3_funct_1(k2_partfun1(X0,u1_struct_0(X1),X2,X3))) | ~m1_subset_1(X2,k1_zfmisc_1(k2_zfmisc_1(X0,u1_struct_0(X1)))) | ~v1_funct_1(X2)) | ~l2_clvect_1(X1) | ~v8_clvect_1(X1) | ~v5_clvect_1(X1) | ~v4_clvect_1(X1) | ~v3_clvect_1(X1) | ~v2_clvect_1(X1) | ~v4_normsp_0(X1) | ~v3_normsp_0(X1) | ~v4_rlvect_1(X1) | ~v3_rlvect_1(X1) | ~v2_rlvect_1(X1) | ~v13_algstr_0(X1) | v2_struct_0(X1)) | v1_xboole_0(X0)) [flattening 211]
213. ! [X0] : (! [X1] : (! [X2] : (! [X3] : (! [X4,X5] : (r1_vfunct_2(X0,X1,k3_vfunct_2(X0,X1,X2,X3),k3_xboole_0(X4,X5)) | (~r1_vfunct_2(X0,X1,X3,X5) | ~r1_vfunct_2(X0,X1,X2,X4))) | (~m1_subset_1(X3,k1_zfmisc_1(k2_zfmisc_1(X0,u1_struct_0(X1)))) | ~v1_funct_1(X3))) | (~m1_subset_1(X2,k1_zfmisc_1(k2_zfmisc_1(X0,u1_struct_0(X1)))) | ~v1_funct_1(X2))) | (~l2_clvect_1(X1) | ~v8_clvect_1(X1) | ~v5_clvect_1(X1) | ~v4_clvect_1(X1) | ~v3_clvect_1(X1) | ~v2_clvect_1(X1) | ~v4_normsp_0(X1) | ~v3_normsp_0(X1) | ~v4_rlvect_1(X1) | ~v3_rlvect_1(X1) | ~v2_rlvect_1(X1) | ~v13_algstr_0(X1) | v2_struct_0(X1))) | v1_xboole_0(X0)) [ennf transformation 176]
214. ! [X0] : (! [X1] : (! [X2] : (! [X3] : (! [X4,X5] : (r1_vfunct_2(X0,X1,k3_vfunct_2(X0,X1,X2,X3),k3_xboole_0(X4,X5)) | ~r1_vfunct_2(X0,X1,X3,X5) | ~r1_vfunct_2(X0,X1,X2,X4)) | ~m1_subset_1(X3,k1_zfmisc_1(k2_zfmisc_1(X0,u1_struct_0(X1)))) | ~v1_funct_1(X3)) | ~m1_subset_1(X2,k1_zfmisc_1(k2_zfmisc_1(X0,u1_struct_0(X1)))) | ~v1_funct_1(X2)) | ~l2_clvect_1(X1) | ~v8_clvect_1(X1) | ~v5_clvect_1(X1) | ~v4_clvect_1(X1) | ~v3_clvect_1(X1) | ~v2_clvect_1(X1) | ~v4_normsp_0(X1) | ~v3_normsp_0(X1) | ~v4_rlvect_1(X1) | ~v3_rlvect_1(X1) | ~v2_rlvect_1(X1) | ~v13_algstr_0(X1) | v2_struct_0(X1)) | v1_xboole_0(X0)) [flattening 213]
394. ? [X0] : (? [X1] : (? [X2] : (? [X3] : (? [X4,X5] : (~r1_vfunct_2(X0,X1,k3_vfunct_2(X0,X1,X2,X3),k3_xboole_0(X4,X5)) & v3_funct_1(k2_partfun1(X0,u1_struct_0(X1),X3,X5)) & r1_vfunct_2(X0,X1,X2,X4)) & m1_subset_1(X3,k1_zfmisc_1(k2_zfmisc_1(X0,u1_struct_0(X1)))) & v1_funct_1(X3)) & m1_subset_1(X2,k1_zfmisc_1(k2_zfmisc_1(X0,u1_struct_0(X1)))) & v1_funct_1(X2)) & l2_clvect_1(X1) & v8_clvect_1(X1) & v5_clvect_1(X1) & v4_clvect_1(X1) & v3_clvect_1(X1) & v2_clvect_1(X1) & v4_normsp_0(X1) & v3_normsp_0(X1) & v4_rlvect_1(X1) & v3_rlvect_1(X1) & v2_rlvect_1(X1) & v13_algstr_0(X1) & ~v2_struct_0(X1)) & ~v1_xboole_0(X0)) => (? [X1] : (? [X2] : (? [X3] : (? [X5,X4] : (~r1_vfunct_2(sK0,X1,k3_vfunct_2(sK0,X1,X2,X3),k3_xboole_0(X4,X5)) & v3_funct_1(k2_partfun1(sK0,u1_struct_0(X1),X3,X5)) & r1_vfunct_2(sK0,X1,X2,X4)) & m1_subset_1(X3,k1_zfmisc_1(k2_zfmisc_1(sK0,u1_struct_0(X1)))) & v1_funct_1(X3)) & m1_subset_1(X2,k1_zfmisc_1(k2_zfmisc_1(sK0,u1_struct_0(X1)))) & v1_funct_1(X2)) & l2_clvect_1(X1) & v8_clvect_1(X1) & v5_clvect_1(X1) & v4_clvect_1(X1) & v3_clvect_1(X1) & v2_clvect_1(X1) & v4_normsp_0(X1) & v3_normsp_0(X1) & v4_rlvect_1(X1) & v3_rlvect_1(X1) & v2_rlvect_1(X1) & v13_algstr_0(X1) & ~v2_struct_0(X1)) & ~v1_xboole_0(sK0)) [choice axiom]
395. ? [X1] : (? [X2] : (? [X3] : (? [X5,X4] : (~r1_vfunct_2(sK0,X1,k3_vfunct_2(sK0,X1,X2,X3),k3_xboole_0(X4,X5)) & v3_funct_1(k2_partfun1(sK0,u1_struct_0(X1),X3,X5)) & r1_vfunct_2(sK0,X1,X2,X4)) & m1_subset_1(X3,k1_zfmisc_1(k2_zfmisc_1(sK0,u1_struct_0(X1)))) & v1_funct_1(X3)) & m1_subset_1(X2,k1_zfmisc_1(k2_zfmisc_1(sK0,u1_struct_0(X1)))) & v1_funct_1(X2)) & l2_clvect_1(X1) & v8_clvect_1(X1) & v5_clvect_1(X1) & v4_clvect_1(X1) & v3_clvect_1(X1) & v2_clvect_1(X1) & v4_normsp_0(X1) & v3_normsp_0(X1) & v4_rlvect_1(X1) & v3_rlvect_1(X1) & v2_rlvect_1(X1) & v13_algstr_0(X1) & ~v2_struct_0(X1)) => (? [X2] : (? [X3] : (? [X5,X4] : (~r1_vfunct_2(sK0,sK1,k3_vfunct_2(sK0,sK1,X2,X3),k3_xboole_0(X4,X5)) & v3_funct_1(k2_partfun1(sK0,u1_struct_0(sK1),X3,X5)) & r1_vfunct_2(sK0,sK1,X2,X4)) & m1_subset_1(X3,k1_zfmisc_1(k2_zfmisc_1(sK0,u1_struct_0(sK1)))) & v1_funct_1(X3)) & m1_subset_1(X2,k1_zfmisc_1(k2_zfmisc_1(sK0,u1_struct_0(sK1)))) & v1_funct_1(X2)) & l2_clvect_1(sK1) & v8_clvect_1(sK1) & v5_clvect_1(sK1) & v4_clvect_1(sK1) & v3_clvect_1(sK1) & v2_clvect_1(sK1) & v4_normsp_0(sK1) & v3_normsp_0(sK1) & v4_rlvect_1(sK1) & v3_rlvect_1(sK1) & v2_rlvect_1(sK1) & v13_algstr_0(sK1) & ~v2_struct_0(sK1)) [choice axiom]
396. ? [X2] : (? [X3] : (? [X5,X4] : (~r1_vfunct_2(sK0,sK1,k3_vfunct_2(sK0,sK1,X2,X3),k3_xboole_0(X4,X5)) & v3_funct_1(k2_partfun1(sK0,u1_struct_0(sK1),X3,X5)) & r1_vfunct_2(sK0,sK1,X2,X4)) & m1_subset_1(X3,k1_zfmisc_1(k2_zfmisc_1(sK0,u1_struct_0(sK1)))) & v1_funct_1(X3)) & m1_subset_1(X2,k1_zfmisc_1(k2_zfmisc_1(sK0,u1_struct_0(sK1)))) & v1_funct_1(X2)) => (? [X3] : (? [X5,X4] : (~r1_vfunct_2(sK0,sK1,k3_vfunct_2(sK0,sK1,sK2,X3),k3_xboole_0(X4,X5)) & v3_funct_1(k2_partfun1(sK0,u1_struct_0(sK1),X3,X5)) & r1_vfunct_2(sK0,sK1,sK2,X4)) & m1_subset_1(X3,k1_zfmisc_1(k2_zfmisc_1(sK0,u1_struct_0(sK1)))) & v1_funct_1(X3)) & m1_subset_1(sK2,k1_zfmisc_1(k2_zfmisc_1(sK0,u1_struct_0(sK1)))) & v1_funct_1(sK2)) [choice axiom]
397. ? [X3] : (? [X5,X4] : (~r1_vfunct_2(sK0,sK1,k3_vfunct_2(sK0,sK1,sK2,X3),k3_xboole_0(X4,X5)) & v3_funct_1(k2_partfun1(sK0,u1_struct_0(sK1),X3,X5)) & r1_vfunct_2(sK0,sK1,sK2,X4)) & m1_subset_1(X3,k1_zfmisc_1(k2_zfmisc_1(sK0,u1_struct_0(sK1)))) & v1_funct_1(X3)) => (? [X5,X4] : (~r1_vfunct_2(sK0,sK1,k3_vfunct_2(sK0,sK1,sK2,sK3),k3_xboole_0(X4,X5)) & v3_funct_1(k2_partfun1(sK0,u1_struct_0(sK1),sK3,X5)) & r1_vfunct_2(sK0,sK1,sK2,X4)) & m1_subset_1(sK3,k1_zfmisc_1(k2_zfmisc_1(sK0,u1_struct_0(sK1)))) & v1_funct_1(sK3)) [choice axiom]
398. ? [X5,X4] : (~r1_vfunct_2(sK0,sK1,k3_vfunct_2(sK0,sK1,sK2,sK3),k3_xboole_0(X4,X5)) & v3_funct_1(k2_partfun1(sK0,u1_struct_0(sK1),sK3,X5)) & r1_vfunct_2(sK0,sK1,sK2,X4)) => (~r1_vfunct_2(sK0,sK1,k3_vfunct_2(sK0,sK1,sK2,sK3),k3_xboole_0(sK4,sK5)) & v3_funct_1(k2_partfun1(sK0,u1_struct_0(sK1),sK3,sK5)) & r1_vfunct_2(sK0,sK1,sK2,sK4)) [choice axiom]
399. ((((~r1_vfunct_2(sK0,sK1,k3_vfunct_2(sK0,sK1,sK2,sK3),k3_xboole_0(sK4,sK5)) & v3_funct_1(k2_partfun1(sK0,u1_struct_0(sK1),sK3,sK5)) & r1_vfunct_2(sK0,sK1,sK2,sK4)) & m1_subset_1(sK3,k1_zfmisc_1(k2_zfmisc_1(sK0,u1_struct_0(sK1)))) & v1_funct_1(sK3)) & m1_subset_1(sK2,k1_zfmisc_1(k2_zfmisc_1(sK0,u1_struct_0(sK1)))) & v1_funct_1(sK2)) & l2_clvect_1(sK1) & v8_clvect_1(sK1) & v5_clvect_1(sK1) & v4_clvect_1(sK1) & v3_clvect_1(sK1) & v2_clvect_1(sK1) & v4_normsp_0(sK1) & v3_normsp_0(sK1) & v4_rlvect_1(sK1) & v3_rlvect_1(sK1) & v2_rlvect_1(sK1) & v13_algstr_0(sK1) & ~v2_struct_0(sK1)) & ~v1_xboole_0(sK0) [skolemisation 210,398,397,396,395,394]
440. ~v1_xboole_0(sK0) [cnf transformation 399] {a:0,w:2,wCS:200,goal:1,sine:0,thAx:0,allAx:6,thDist:-6}
441. ~v2_struct_0(sK1) [cnf transformation 399] {a:0,w:2,wCS:200,goal:1,sine:0,thAx:0,allAx:6,thDist:-6}
442. v13_algstr_0(sK1) [cnf transformation 399] {a:0,w:2,wCS:200,goal:1,sine:0,thAx:0,allAx:6,thDist:-6}
443. v2_rlvect_1(sK1) [cnf transformation 399] {a:0,w:2,wCS:200,goal:1,sine:0,thAx:0,allAx:6,thDist:-6}
444. v3_rlvect_1(sK1) [cnf transformation 399] {a:0,w:2,wCS:200,goal:1,sine:0,thAx:0,allAx:6,thDist:-6}
445. v4_rlvect_1(sK1) [cnf transformation 399] {a:0,w:2,wCS:200,goal:1,sine:0,thAx:0,allAx:6,thDist:-6}
446. v3_normsp_0(sK1) [cnf transformation 399] {a:0,w:2,wCS:200,goal:1,sine:0,thAx:0,allAx:6,thDist:-6}
447. v4_normsp_0(sK1) [cnf transformation 399] {a:0,w:2,wCS:200,goal:1,sine:0,thAx:0,allAx:6,thDist:-6}
448. v2_clvect_1(sK1) [cnf transformation 399] {a:0,w:2,wCS:200,goal:1,sine:0,thAx:0,allAx:6,thDist:-6}
449. v3_clvect_1(sK1) [cnf transformation 399] {a:0,w:2,wCS:200,goal:1,sine:0,thAx:0,allAx:6,thDist:-6}
450. v4_clvect_1(sK1) [cnf transformation 399] {a:0,w:2,wCS:200,goal:1,sine:0,thAx:0,allAx:6,thDist:-6}
451. v5_clvect_1(sK1) [cnf transformation 399] {a:0,w:2,wCS:200,goal:1,sine:0,thAx:0,allAx:6,thDist:-6}
452. v8_clvect_1(sK1) [cnf transformation 399] {a:0,w:2,wCS:200,goal:1,sine:0,thAx:0,allAx:6,thDist:-6}
453. l2_clvect_1(sK1) [cnf transformation 399] {a:0,w:2,wCS:200,goal:1,sine:0,thAx:0,allAx:6,thDist:-6}
454. v1_funct_1(sK2) [cnf transformation 399] {a:0,w:2,wCS:200,goal:1,sine:0,thAx:0,allAx:6,thDist:-6}
455. m1_subset_1(sK2,k1_zfmisc_1(k2_zfmisc_1(sK0,u1_struct_0(sK1)))) [cnf transformation 399] {a:0,w:7,wCS:700,goal:1,sine:0,thAx:0,allAx:6,thDist:-6}
456. v1_funct_1(sK3) [cnf transformation 399] {a:0,w:2,wCS:200,goal:1,sine:0,thAx:0,allAx:6,thDist:-6}
457. m1_subset_1(sK3,k1_zfmisc_1(k2_zfmisc_1(sK0,u1_struct_0(sK1)))) [cnf transformation 399] {a:0,w:7,wCS:700,goal:1,sine:0,thAx:0,allAx:6,thDist:-6}
458. r1_vfunct_2(sK0,sK1,sK2,sK4) [cnf transformation 399] {a:0,w:5,wCS:500,goal:1,sine:0,thAx:0,allAx:6,thDist:-6}
459. v3_funct_1(k2_partfun1(sK0,u1_struct_0(sK1),sK3,sK5)) [cnf transformation 399] {a:0,w:7,wCS:700,goal:1,sine:0,thAx:0,allAx:6,thDist:-6}
460. ~r1_vfunct_2(sK0,sK1,k3_vfunct_2(sK0,sK1,sK2,sK3),k3_xboole_0(sK4,sK5)) [cnf transformation 399] {a:0,w:11,wCS:1100,goal:1,sine:0,thAx:0,allAx:6,thDist:-6}
471. ~v3_funct_1(k2_partfun1(X0,u1_struct_0(X1),X2,X3)) | r1_vfunct_2(X0,X1,X2,X3) | ~m1_subset_1(X2,k1_zfmisc_1(k2_zfmisc_1(X0,u1_struct_0(X1)))) | ~v1_funct_1(X2) | ~l2_clvect_1(X1) | ~v8_clvect_1(X1) | ~v5_clvect_1(X1) | ~v4_clvect_1(X1) | ~v3_clvect_1(X1) | ~v2_clvect_1(X1) | ~v4_normsp_0(X1) | ~v3_normsp_0(X1) | ~v4_rlvect_1(X1) | ~v3_rlvect_1(X1) | ~v2_rlvect_1(X1) | ~v13_algstr_0(X1) | v2_struct_0(X1) | v1_xboole_0(X0) [cnf transformation 212] {a:0,w:49,wCS:19600,nSel:1,sine:1,thAx:0,allAx:1,thDist:-1}
472. r1_vfunct_2(X0,X1,k3_vfunct_2(X0,X1,X2,X3),k3_xboole_0(X4,X5)) | ~r1_vfunct_2(X0,X1,X3,X5) | ~r1_vfunct_2(X0,X1,X2,X4) | ~m1_subset_1(X3,k1_zfmisc_1(k2_zfmisc_1(X0,u1_struct_0(X1)))) | ~v1_funct_1(X3) | ~m1_subset_1(X2,k1_zfmisc_1(k2_zfmisc_1(X0,u1_struct_0(X1)))) | ~v1_funct_1(X2) | ~l2_clvect_1(X1) | ~v8_clvect_1(X1) | ~v5_clvect_1(X1) | ~v4_clvect_1(X1) | ~v3_clvect_1(X1) | ~v2_clvect_1(X1) | ~v4_normsp_0(X1) | ~v3_normsp_0(X1) | ~v4_rlvect_1(X1) | ~v3_rlvect_1(X1) | ~v2_rlvect_1(X1) | ~v13_algstr_0(X1) | v2_struct_0(X1) | v1_xboole_0(X0) [cnf transformation 214] {a:0,w:67,wCS:26800,nSel:1,sine:1,thAx:0,allAx:1,thDist:-1}
668. 1 <=> r1_vfunct_2(sK0,sK1,k3_vfunct_2(sK0,sK1,sK2,sK3),k3_xboole_0(sK4,sK5)) [avatar definition]
670. ~r1_vfunct_2(sK0,sK1,k3_vfunct_2(sK0,sK1,sK2,sK3),k3_xboole_0(sK4,sK5)) <- (~1) [avatar component clause 668] {a:0,w:11,wCS:1100,nSel:1,goal:1,sine:255,thAx:0,allAx:6,thDist:-6}
671. ~1 [avatar split clause 460,668]
673. 2 <=> v3_funct_1(k2_partfun1(sK0,u1_struct_0(sK1),sK3,sK5)) [avatar definition]
675. v3_funct_1(k2_partfun1(sK0,u1_struct_0(sK1),sK3,sK5)) <- (2) [avatar component clause 673] {a:0,w:7,wCS:700,nSel:1,goal:1,sine:255,thAx:0,allAx:6,thDist:-6}
676. 2 [avatar split clause 459,673]
678. 3 <=> r1_vfunct_2(sK0,sK1,sK2,sK4) [avatar definition]
680. r1_vfunct_2(sK0,sK1,sK2,sK4) <- (3) [avatar component clause 678] {a:0,w:5,wCS:500,nSel:1,goal:1,sine:255,thAx:0,allAx:6,thDist:-6}
681. 3 [avatar split clause 458,678]
683. 4 <=> m1_subset_1(sK3,k1_zfmisc_1(k2_zfmisc_1(sK0,u1_struct_0(sK1)))) [avatar definition]
685. m1_subset_1(sK3,k1_zfmisc_1(k2_zfmisc_1(sK0,u1_struct_0(sK1)))) <- (4) [avatar component clause 683] {a:0,w:7,wCS:700,nSel:1,goal:1,sine:255,thAx:0,allAx:6,thDist:-6}
686. 4 [avatar split clause 457,683]
688. 5 <=> v1_funct_1(sK3) [avatar definition]
690. v1_funct_1(sK3) <- (5) [avatar component clause 688] {a:0,w:2,wCS:200,nSel:1,goal:1,sine:255,thAx:0,allAx:6,thDist:-6}
691. 5 [avatar split clause 456,688]
693. 6 <=> m1_subset_1(sK2,k1_zfmisc_1(k2_zfmisc_1(sK0,u1_struct_0(sK1)))) [avatar definition]
695. m1_subset_1(sK2,k1_zfmisc_1(k2_zfmisc_1(sK0,u1_struct_0(sK1)))) <- (6) [avatar component clause 693] {a:0,w:7,wCS:700,nSel:1,goal:1,sine:255,thAx:0,allAx:6,thDist:-6}
696. 6 [avatar split clause 455,693]
698. 7 <=> v1_funct_1(sK2) [avatar definition]
700. v1_funct_1(sK2) <- (7) [avatar component clause 698] {a:0,w:2,wCS:200,nSel:1,goal:1,sine:255,thAx:0,allAx:6,thDist:-6}
701. 7 [avatar split clause 454,698]
703. 8 <=> l2_clvect_1(sK1) [avatar definition]
705. l2_clvect_1(sK1) <- (8) [avatar component clause 703] {a:0,w:2,wCS:200,nSel:1,goal:1,sine:255,thAx:0,allAx:6,thDist:-6}
706. 8 [avatar split clause 453,703]
708. 9 <=> v8_clvect_1(sK1) [avatar definition]
710. v8_clvect_1(sK1) <- (9) [avatar component clause 708] {a:0,w:2,wCS:200,nSel:1,goal:1,sine:255,thAx:0,allAx:6,thDist:-6}
711. 9 [avatar split clause 452,708]
713. 10 <=> v5_clvect_1(sK1) [avatar definition]
715. v5_clvect_1(sK1) <- (10) [avatar component clause 713] {a:0,w:2,wCS:200,nSel:1,goal:1,sine:255,thAx:0,allAx:6,thDist:-6}
716. 10 [avatar split clause 451,713]
718. 11 <=> v4_clvect_1(sK1) [avatar definition]
720. v4_clvect_1(sK1) <- (11) [avatar component clause 718] {a:0,w:2,wCS:200,nSel:1,goal:1,sine:255,thAx:0,allAx:6,thDist:-6}
721. 11 [avatar split clause 450,718]
723. 12 <=> v3_clvect_1(sK1) [avatar definition]
725. v3_clvect_1(sK1) <- (12) [avatar component clause 723] {a:0,w:2,wCS:200,nSel:1,goal:1,sine:255,thAx:0,allAx:6,thDist:-6}
726. 12 [avatar split clause 449,723]
728. 13 <=> v2_clvect_1(sK1) [avatar definition]
730. v2_clvect_1(sK1) <- (13) [avatar component clause 728] {a:0,w:2,wCS:200,nSel:1,goal:1,sine:255,thAx:0,allAx:6,thDist:-6}
731. 13 [avatar split clause 448,728]
733. 14 <=> v4_normsp_0(sK1) [avatar definition]
735. v4_normsp_0(sK1) <- (14) [avatar component clause 733] {a:0,w:2,wCS:200,nSel:1,goal:1,sine:255,thAx:0,allAx:6,thDist:-6}
736. 14 [avatar split clause 447,733]
738. 15 <=> v3_normsp_0(sK1) [avatar definition]
740. v3_normsp_0(sK1) <- (15) [avatar component clause 738] {a:0,w:2,wCS:200,nSel:1,goal:1,sine:255,thAx:0,allAx:6,thDist:-6}
741. 15 [avatar split clause 446,738]
743. 16 <=> v4_rlvect_1(sK1) [avatar definition]
745. v4_rlvect_1(sK1) <- (16) [avatar component clause 743] {a:0,w:2,wCS:200,nSel:1,goal:1,sine:255,thAx:0,allAx:6,thDist:-6}
746. 16 [avatar split clause 445,743]
748. 17 <=> v3_rlvect_1(sK1) [avatar definition]
750. v3_rlvect_1(sK1) <- (17) [avatar component clause 748] {a:0,w:2,wCS:200,nSel:1,goal:1,sine:255,thAx:0,allAx:6,thDist:-6}
751. 17 [avatar split clause 444,748]
753. 18 <=> v2_rlvect_1(sK1) [avatar definition]
755. v2_rlvect_1(sK1) <- (18) [avatar component clause 753] {a:0,w:2,wCS:200,nSel:1,goal:1,sine:255,thAx:0,allAx:6,thDist:-6}
756. 18 [avatar split clause 443,753]
758. 19 <=> v13_algstr_0(sK1) [avatar definition]
760. v13_algstr_0(sK1) <- (19) [avatar component clause 758] {a:0,w:2,wCS:200,nSel:1,goal:1,sine:255,thAx:0,allAx:6,thDist:-6}
761. 19 [avatar split clause 442,758]
763. 20 <=> v2_struct_0(sK1) [avatar definition]
765. ~v2_struct_0(sK1) <- (~20) [avatar component clause 763] {a:0,w:2,wCS:200,nSel:1,goal:1,sine:255,thAx:0,allAx:6,thDist:-6}
766. ~20 [avatar split clause 441,763]
768. 21 <=> v1_xboole_0(sK0) [avatar definition]
770. ~v1_xboole_0(sK0) <- (~21) [avatar component clause 768] {a:0,w:2,wCS:200,nSel:1,goal:1,sine:255,thAx:0,allAx:6,thDist:-6}
771. ~21 [avatar split clause 440,768]
2329. r1_vfunct_2(sK0,sK1,sK3,sK5) | ~m1_subset_1(sK3,k1_zfmisc_1(k2_zfmisc_1(sK0,u1_struct_0(sK1)))) | ~v1_funct_1(sK3) | ~l2_clvect_1(sK1) | ~v8_clvect_1(sK1) | ~v5_clvect_1(sK1) | ~v4_clvect_1(sK1) | ~v3_clvect_1(sK1) | ~v2_clvect_1(sK1) | ~v4_normsp_0(sK1) | ~v3_normsp_0(sK1) | ~v4_rlvect_1(sK1) | ~v3_rlvect_1(sK1) | ~v2_rlvect_1(sK1) | ~v13_algstr_0(sK1) | v2_struct_0(sK1) | v1_xboole_0(sK0) <- (2) [resolution 471,675] {a:1,w:42,wCS:4200,goal:1,sine:1,thAx:0,allAx:7,thDist:-7}
2332. r1_vfunct_2(sK0,sK1,sK3,sK5) | ~v1_funct_1(sK3) | ~l2_clvect_1(sK1) | ~v8_clvect_1(sK1) | ~v5_clvect_1(sK1) | ~v4_clvect_1(sK1) | ~v3_clvect_1(sK1) | ~v2_clvect_1(sK1) | ~v4_normsp_0(sK1) | ~v3_normsp_0(sK1) | ~v4_rlvect_1(sK1) | ~v3_rlvect_1(sK1) | ~v2_rlvect_1(sK1) | ~v13_algstr_0(sK1) | v2_struct_0(sK1) | v1_xboole_0(sK0) <- (2, 4) [subsumption resolution 2329,685] {a:1,w:35,wCS:3500,goal:1,sine:1,thAx:0,allAx:7,thDist:-7}
2333. r1_vfunct_2(sK0,sK1,sK3,sK5) | ~l2_clvect_1(sK1) | ~v8_clvect_1(sK1) | ~v5_clvect_1(sK1) | ~v4_clvect_1(sK1) | ~v3_clvect_1(sK1) | ~v2_clvect_1(sK1) | ~v4_normsp_0(sK1) | ~v3_normsp_0(sK1) | ~v4_rlvect_1(sK1) | ~v3_rlvect_1(sK1) | ~v2_rlvect_1(sK1) | ~v13_algstr_0(sK1) | v2_struct_0(sK1) | v1_xboole_0(sK0) <- (2, 4, 5) [subsumption resolution 2332,690] {a:1,w:33,wCS:3300,goal:1,sine:1,thAx:0,allAx:7,thDist:-7}
2334. r1_vfunct_2(sK0,sK1,sK3,sK5) | ~v8_clvect_1(sK1) | ~v5_clvect_1(sK1) | ~v4_clvect_1(sK1) | ~v3_clvect_1(sK1) | ~v2_clvect_1(sK1) | ~v4_normsp_0(sK1) | ~v3_normsp_0(sK1) | ~v4_rlvect_1(sK1) | ~v3_rlvect_1(sK1) | ~v2_rlvect_1(sK1) | ~v13_algstr_0(sK1) | v2_struct_0(sK1) | v1_xboole_0(sK0) <- (2, 4, 5, 8) [subsumption resolution 2333,705] {a:1,w:31,wCS:3100,goal:1,sine:1,thAx:0,allAx:7,thDist:-7}
2335. r1_vfunct_2(sK0,sK1,sK3,sK5) | ~v5_clvect_1(sK1) | ~v4_clvect_1(sK1) | ~v3_clvect_1(sK1) | ~v2_clvect_1(sK1) | ~v4_normsp_0(sK1) | ~v3_normsp_0(sK1) | ~v4_rlvect_1(sK1) | ~v3_rlvect_1(sK1) | ~v2_rlvect_1(sK1) | ~v13_algstr_0(sK1) | v2_struct_0(sK1) | v1_xboole_0(sK0) <- (2, 4, 5, 8, 9) [subsumption resolution 2334,710] {a:1,w:29,wCS:2900,goal:1,sine:1,thAx:0,allAx:7,thDist:-7}
2336. r1_vfunct_2(sK0,sK1,sK3,sK5) | ~v4_clvect_1(sK1) | ~v3_clvect_1(sK1) | ~v2_clvect_1(sK1) | ~v4_normsp_0(sK1) | ~v3_normsp_0(sK1) | ~v4_rlvect_1(sK1) | ~v3_rlvect_1(sK1) | ~v2_rlvect_1(sK1) | ~v13_algstr_0(sK1) | v2_struct_0(sK1) | v1_xboole_0(sK0) <- (2, 4, 5, 8, 9, 10) [subsumption resolution 2335,715] {a:1,w:27,wCS:2700,goal:1,sine:1,thAx:0,allAx:7,thDist:-7}
2337. r1_vfunct_2(sK0,sK1,sK3,sK5) | ~v3_clvect_1(sK1) | ~v2_clvect_1(sK1) | ~v4_normsp_0(sK1) | ~v3_normsp_0(sK1) | ~v4_rlvect_1(sK1) | ~v3_rlvect_1(sK1) | ~v2_rlvect_1(sK1) | ~v13_algstr_0(sK1) | v2_struct_0(sK1) | v1_xboole_0(sK0) <- (2, 4, 5, 8, 9, 10, 11) [subsumption resolution 2336,720] {a:1,w:25,wCS:2500,goal:1,sine:1,thAx:0,allAx:7,thDist:-7}
2338. r1_vfunct_2(sK0,sK1,sK3,sK5) | ~v2_clvect_1(sK1) | ~v4_normsp_0(sK1) | ~v3_normsp_0(sK1) | ~v4_rlvect_1(sK1) | ~v3_rlvect_1(sK1) | ~v2_rlvect_1(sK1) | ~v13_algstr_0(sK1) | v2_struct_0(sK1) | v1_xboole_0(sK0) <- (2, 4, 5, 8, 9, 10, 11, 12) [subsumption resolution 2337,725] {a:1,w:23,wCS:2300,goal:1,sine:1,thAx:0,allAx:7,thDist:-7}
2339. r1_vfunct_2(sK0,sK1,sK3,sK5) | ~v4_normsp_0(sK1) | ~v3_normsp_0(sK1) | ~v4_rlvect_1(sK1) | ~v3_rlvect_1(sK1) | ~v2_rlvect_1(sK1) | ~v13_algstr_0(sK1) | v2_struct_0(sK1) | v1_xboole_0(sK0) <- (2, 4, 5, 8, 9, 10, 11, 12, 13) [subsumption resolution 2338,730] {a:1,w:21,wCS:2100,goal:1,sine:1,thAx:0,allAx:7,thDist:-7}
2340. r1_vfunct_2(sK0,sK1,sK3,sK5) | ~v3_normsp_0(sK1) | ~v4_rlvect_1(sK1) | ~v3_rlvect_1(sK1) | ~v2_rlvect_1(sK1) | ~v13_algstr_0(sK1) | v2_struct_0(sK1) | v1_xboole_0(sK0) <- (2, 4, 5, 8, 9, 10, 11, 12, 13, 14) [subsumption resolution 2339,735] {a:1,w:19,wCS:1900,goal:1,sine:1,thAx:0,allAx:7,thDist:-7}
2341. r1_vfunct_2(sK0,sK1,sK3,sK5) | ~v4_rlvect_1(sK1) | ~v3_rlvect_1(sK1) | ~v2_rlvect_1(sK1) | ~v13_algstr_0(sK1) | v2_struct_0(sK1) | v1_xboole_0(sK0) <- (2, 4, 5, 8, 9, 10, 11, 12, 13, 14, 15) [subsumption resolution 2340,740] {a:1,w:17,wCS:1700,goal:1,sine:1,thAx:0,allAx:7,thDist:-7}
2342. r1_vfunct_2(sK0,sK1,sK3,sK5) | ~v3_rlvect_1(sK1) | ~v2_rlvect_1(sK1) | ~v13_algstr_0(sK1) | v2_struct_0(sK1) | v1_xboole_0(sK0) <- (2, 4, 5, 8, 9, 10, 11, 12, 13, 14, 15, 16) [subsumption resolution 2341,745] {a:1,w:15,wCS:1500,goal:1,sine:1,thAx:0,allAx:7,thDist:-7}
2343. r1_vfunct_2(sK0,sK1,sK3,sK5) | ~v2_rlvect_1(sK1) | ~v13_algstr_0(sK1) | v2_struct_0(sK1) | v1_xboole_0(sK0) <- (2, 4, 5, 8, 9, 10, 11, 12, 13, 14, 15, 16, 17) [subsumption resolution 2342,750] {a:1,w:13,wCS:1300,goal:1,sine:1,thAx:0,allAx:7,thDist:-7}
2344. r1_vfunct_2(sK0,sK1,sK3,sK5) | ~v13_algstr_0(sK1) | v2_struct_0(sK1) | v1_xboole_0(sK0) <- (2, 4, 5, 8, 9, 10, 11, 12, 13, 14, 15, 16, 17, 18) [subsumption resolution 2343,755] {a:1,w:11,wCS:1100,goal:1,sine:1,thAx:0,allAx:7,thDist:-7}
2345. r1_vfunct_2(sK0,sK1,sK3,sK5) | v2_struct_0(sK1) | v1_xboole_0(sK0) <- (2, 4, 5, 8, 9, 10, 11, 12, 13, 14, 15, 16, 17, 18, 19) [subsumption resolution 2344,760] {a:1,w:9,wCS:900,goal:1,sine:1,thAx:0,allAx:7,thDist:-7}
2346. r1_vfunct_2(sK0,sK1,sK3,sK5) | v1_xboole_0(sK0) <- (2, 4, 5, 8, 9, 10, 11, 12, 13, 14, 15, 16, 17, 18, 19, ~20) [subsumption resolution 2345,765] {a:1,w:7,wCS:700,goal:1,sine:1,thAx:0,allAx:7,thDist:-7}
2347. r1_vfunct_2(sK0,sK1,sK3,sK5) <- (2, 4, 5, 8, 9, 10, 11, 12, 13, 14, 15, 16, 17, 18, 19, ~20, ~21) [subsumption resolution 2346,770] {a:1,w:5,wCS:500,goal:1,sine:1,thAx:0,allAx:7,thDist:-7}
2349. 217 <=> r1_vfunct_2(sK0,sK1,sK3,sK5) [avatar definition]
2351. r1_vfunct_2(sK0,sK1,sK3,sK5) <- (217) [avatar component clause 2349] {a:1,w:5,wCS:500,nSel:1,goal:1,sine:255,thAx:0,allAx:7,thDist:-7}
2352. 217 | ~2 | ~4 | ~5 | ~8 | ~9 | ~10 | ~11 | ~12 | ~13 | ~14 | ~15 | ~16 | ~17 | ~18 | ~19 | 20 | 21 [avatar split clause 2347,768,763,758,753,748,743,738,733,728,723,718,713,708,703,688,683,673,2349]
2437. ~r1_vfunct_2(sK0,sK1,sK3,sK5) | ~r1_vfunct_2(sK0,sK1,sK2,sK4) | ~m1_subset_1(sK3,k1_zfmisc_1(k2_zfmisc_1(sK0,u1_struct_0(sK1)))) | ~v1_funct_1(sK3) | ~m1_subset_1(sK2,k1_zfmisc_1(k2_zfmisc_1(sK0,u1_struct_0(sK1)))) | ~v1_funct_1(sK2) | ~l2_clvect_1(sK1) | ~v8_clvect_1(sK1) | ~v5_clvect_1(sK1) | ~v4_clvect_1(sK1) | ~v3_clvect_1(sK1) | ~v2_clvect_1(sK1) | ~v4_normsp_0(sK1) | ~v3_normsp_0(sK1) | ~v4_rlvect_1(sK1) | ~v3_rlvect_1(sK1) | ~v2_rlvect_1(sK1) | ~v13_algstr_0(sK1) | v2_struct_0(sK1) | v1_xboole_0(sK0) <- (~1) [resolution 472,670] {a:1,w:56,wCS:5600,goal:1,sine:1,thAx:0,allAx:7,thDist:-7}
2447. ~r1_vfunct_2(sK0,sK1,sK2,sK4) | ~m1_subset_1(sK3,k1_zfmisc_1(k2_zfmisc_1(sK0,u1_struct_0(sK1)))) | ~v1_funct_1(sK3) | ~m1_subset_1(sK2,k1_zfmisc_1(k2_zfmisc_1(sK0,u1_struct_0(sK1)))) | ~v1_funct_1(sK2) | ~l2_clvect_1(sK1) | ~v8_clvect_1(sK1) | ~v5_clvect_1(sK1) | ~v4_clvect_1(sK1) | ~v3_clvect_1(sK1) | ~v2_clvect_1(sK1) | ~v4_normsp_0(sK1) | ~v3_normsp_0(sK1) | ~v4_rlvect_1(sK1) | ~v3_rlvect_1(sK1) | ~v2_rlvect_1(sK1) | ~v13_algstr_0(sK1) | v2_struct_0(sK1) | v1_xboole_0(sK0) <- (~1, 217) [subsumption resolution 2437,2351] {a:1,w:51,wCS:5100,goal:1,sine:1,thAx:0,allAx:7,thDist:-7}
2448. ~m1_subset_1(sK3,k1_zfmisc_1(k2_zfmisc_1(sK0,u1_struct_0(sK1)))) | ~v1_funct_1(sK3) | ~m1_subset_1(sK2,k1_zfmisc_1(k2_zfmisc_1(sK0,u1_struct_0(sK1)))) | ~v1_funct_1(sK2) | ~l2_clvect_1(sK1) | ~v8_clvect_1(sK1) | ~v5_clvect_1(sK1) | ~v4_clvect_1(sK1) | ~v3_clvect_1(sK1) | ~v2_clvect_1(sK1) | ~v4_normsp_0(sK1) | ~v3_normsp_0(sK1) | ~v4_rlvect_1(sK1) | ~v3_rlvect_1(sK1) | ~v2_rlvect_1(sK1) | ~v13_algstr_0(sK1) | v2_struct_0(sK1) | v1_xboole_0(sK0) <- (~1, 3, 217) [subsumption resolution 2447,680] {a:1,w:46,wCS:4600,goal:1,sine:1,thAx:0,allAx:7,thDist:-7}
2449. ~v1_funct_1(sK3) | ~m1_subset_1(sK2,k1_zfmisc_1(k2_zfmisc_1(sK0,u1_struct_0(sK1)))) | ~v1_funct_1(sK2) | ~l2_clvect_1(sK1) | ~v8_clvect_1(sK1) | ~v5_clvect_1(sK1) | ~v4_clvect_1(sK1) | ~v3_clvect_1(sK1) | ~v2_clvect_1(sK1) | ~v4_normsp_0(sK1) | ~v3_normsp_0(sK1) | ~v4_rlvect_1(sK1) | ~v3_rlvect_1(sK1) | ~v2_rlvect_1(sK1) | ~v13_algstr_0(sK1) | v2_struct_0(sK1) | v1_xboole_0(sK0) <- (~1, 3, 4, 217) [subsumption resolution 2448,685] {a:1,w:39,wCS:3900,goal:1,sine:1,thAx:0,allAx:7,thDist:-7}
2450. ~m1_subset_1(sK2,k1_zfmisc_1(k2_zfmisc_1(sK0,u1_struct_0(sK1)))) | ~v1_funct_1(sK2) | ~l2_clvect_1(sK1) | ~v8_clvect_1(sK1) | ~v5_clvect_1(sK1) | ~v4_clvect_1(sK1) | ~v3_clvect_1(sK1) | ~v2_clvect_1(sK1) | ~v4_normsp_0(sK1) | ~v3_normsp_0(sK1) | ~v4_rlvect_1(sK1) | ~v3_rlvect_1(sK1) | ~v2_rlvect_1(sK1) | ~v13_algstr_0(sK1) | v2_struct_0(sK1) | v1_xboole_0(sK0) <- (~1, 3, 4, 5, 217) [subsumption resolution 2449,690] {a:1,w:37,wCS:3700,goal:1,sine:1,thAx:0,allAx:7,thDist:-7}
2451. ~v1_funct_1(sK2) | ~l2_clvect_1(sK1) | ~v8_clvect_1(sK1) | ~v5_clvect_1(sK1) | ~v4_clvect_1(sK1) | ~v3_clvect_1(sK1) | ~v2_clvect_1(sK1) | ~v4_normsp_0(sK1) | ~v3_normsp_0(sK1) | ~v4_rlvect_1(sK1) | ~v3_rlvect_1(sK1) | ~v2_rlvect_1(sK1) | ~v13_algstr_0(sK1) | v2_struct_0(sK1) | v1_xboole_0(sK0) <- (~1, 3, 4, 5, 6, 217) [subsumption resolution 2450,695] {a:1,w:30,wCS:3000,goal:1,sine:1,thAx:0,allAx:7,thDist:-7}
2452. ~l2_clvect_1(sK1) | ~v8_clvect_1(sK1) | ~v5_clvect_1(sK1) | ~v4_clvect_1(sK1) | ~v3_clvect_1(sK1) | ~v2_clvect_1(sK1) | ~v4_normsp_0(sK1) | ~v3_normsp_0(sK1) | ~v4_rlvect_1(sK1) | ~v3_rlvect_1(sK1) | ~v2_rlvect_1(sK1) | ~v13_algstr_0(sK1) | v2_struct_0(sK1) | v1_xboole_0(sK0) <- (~1, 3, 4, 5, 6, 7, 217) [subsumption resolution 2451,700] {a:1,w:28,wCS:2800,goal:1,sine:1,thAx:0,allAx:7,thDist:-7}
2453. ~v8_clvect_1(sK1) | ~v5_clvect_1(sK1) | ~v4_clvect_1(sK1) | ~v3_clvect_1(sK1) | ~v2_clvect_1(sK1) | ~v4_normsp_0(sK1) | ~v3_normsp_0(sK1) | ~v4_rlvect_1(sK1) | ~v3_rlvect_1(sK1) | ~v2_rlvect_1(sK1) | ~v13_algstr_0(sK1) | v2_struct_0(sK1) | v1_xboole_0(sK0) <- (~1, 3, 4, 5, 6, 7, 8, 217) [subsumption resolution 2452,705] {a:1,w:26,wCS:2600,goal:1,sine:1,thAx:0,allAx:7,thDist:-7}
2454. ~v5_clvect_1(sK1) | ~v4_clvect_1(sK1) | ~v3_clvect_1(sK1) | ~v2_clvect_1(sK1) | ~v4_normsp_0(sK1) | ~v3_normsp_0(sK1) | ~v4_rlvect_1(sK1) | ~v3_rlvect_1(sK1) | ~v2_rlvect_1(sK1) | ~v13_algstr_0(sK1) | v2_struct_0(sK1) | v1_xboole_0(sK0) <- (~1, 3, 4, 5, 6, 7, 8, 9, 217) [subsumption resolution 2453,710] {a:1,w:24,wCS:2400,goal:1,sine:1,thAx:0,allAx:7,thDist:-7}
2455. ~v4_clvect_1(sK1) | ~v3_clvect_1(sK1) | ~v2_clvect_1(sK1) | ~v4_normsp_0(sK1) | ~v3_normsp_0(sK1) | ~v4_rlvect_1(sK1) | ~v3_rlvect_1(sK1) | ~v2_rlvect_1(sK1) | ~v13_algstr_0(sK1) | v2_struct_0(sK1) | v1_xboole_0(sK0) <- (~1, 3, 4, 5, 6, 7, 8, 9, 10, 217) [subsumption resolution 2454,715] {a:1,w:22,wCS:2200,goal:1,sine:1,thAx:0,allAx:7,thDist:-7}
2456. ~v3_clvect_1(sK1) | ~v2_clvect_1(sK1) | ~v4_normsp_0(sK1) | ~v3_normsp_0(sK1) | ~v4_rlvect_1(sK1) | ~v3_rlvect_1(sK1) | ~v2_rlvect_1(sK1) | ~v13_algstr_0(sK1) | v2_struct_0(sK1) | v1_xboole_0(sK0) <- (~1, 3, 4, 5, 6, 7, 8, 9, 10, 11, 217) [subsumption resolution 2455,720] {a:1,w:20,wCS:2000,goal:1,sine:1,thAx:0,allAx:7,thDist:-7}
2457. ~v2_clvect_1(sK1) | ~v4_normsp_0(sK1) | ~v3_normsp_0(sK1) | ~v4_rlvect_1(sK1) | ~v3_rlvect_1(sK1) | ~v2_rlvect_1(sK1) | ~v13_algstr_0(sK1) | v2_struct_0(sK1) | v1_xboole_0(sK0) <- (~1, 3, 4, 5, 6, 7, 8, 9, 10, 11, 12, 217) [subsumption resolution 2456,725] {a:1,w:18,wCS:1800,goal:1,sine:1,thAx:0,allAx:7,thDist:-7}
2458. ~v4_normsp_0(sK1) | ~v3_normsp_0(sK1) | ~v4_rlvect_1(sK1) | ~v3_rlvect_1(sK1) | ~v2_rlvect_1(sK1) | ~v13_algstr_0(sK1) | v2_struct_0(sK1) | v1_xboole_0(sK0) <- (~1, 3, 4, 5, 6, 7, 8, 9, 10, 11, 12, 13, 217) [subsumption resolution 2457,730] {a:1,w:16,wCS:1600,goal:1,sine:1,thAx:0,allAx:7,thDist:-7}
2459. ~v3_normsp_0(sK1) | ~v4_rlvect_1(sK1) | ~v3_rlvect_1(sK1) | ~v2_rlvect_1(sK1) | ~v13_algstr_0(sK1) | v2_struct_0(sK1) | v1_xboole_0(sK0) <- (~1, 3, 4, 5, 6, 7, 8, 9, 10, 11, 12, 13, 14, 217) [subsumption resolution 2458,735] {a:1,w:14,wCS:1400,goal:1,sine:1,thAx:0,allAx:7,thDist:-7}
2460. ~v4_rlvect_1(sK1) | ~v3_rlvect_1(sK1) | ~v2_rlvect_1(sK1) | ~v13_algstr_0(sK1) | v2_struct_0(sK1) | v1_xboole_0(sK0) <- (~1, 3, 4, 5, 6, 7, 8, 9, 10, 11, 12, 13, 14, 15, 217) [subsumption resolution 2459,740] {a:1,w:12,wCS:1200,goal:1,sine:1,thAx:0,allAx:7,thDist:-7}
2461. ~v3_rlvect_1(sK1) | ~v2_rlvect_1(sK1) | ~v13_algstr_0(sK1) | v2_struct_0(sK1) | v1_xboole_0(sK0) <- (~1, 3, 4, 5, 6, 7, 8, 9, 10, 11, 12, 13, 14, 15, 16, 217) [subsumption resolution 2460,745] {a:1,w:10,wCS:1000,goal:1,sine:1,thAx:0,allAx:7,thDist:-7}
2462. ~v2_rlvect_1(sK1) | ~v13_algstr_0(sK1) | v2_struct_0(sK1) | v1_xboole_0(sK0) <- (~1, 3, 4, 5, 6, 7, 8, 9, 10, 11, 12, 13, 14, 15, 16, 17, 217) [subsumption resolution 2461,750] {a:1,w:8,wCS:800,goal:1,sine:1,thAx:0,allAx:7,thDist:-7}
2463. ~v13_algstr_0(sK1) | v2_struct_0(sK1) | v1_xboole_0(sK0) <- (~1, 3, 4, 5, 6, 7, 8, 9, 10, 11, 12, 13, 14, 15, 16, 17, 18, 217) [subsumption resolution 2462,755] {a:1,w:6,wCS:600,goal:1,sine:1,thAx:0,allAx:7,thDist:-7}
2464. v2_struct_0(sK1) | v1_xboole_0(sK0) <- (~1, 3, 4, 5, 6, 7, 8, 9, 10, 11, 12, 13, 14, 15, 16, 17, 18, 19, 217) [subsumption resolution 2463,760] {a:1,w:4,wCS:400,goal:1,sine:1,thAx:0,allAx:7,thDist:-7}
2465. v1_xboole_0(sK0) <- (~1, 3, 4, 5, 6, 7, 8, 9, 10, 11, 12, 13, 14, 15, 16, 17, 18, 19, ~20, 217) [subsumption resolution 2464,765] {a:1,w:2,wCS:200,goal:1,sine:1,thAx:0,allAx:7,thDist:-7}
2466. $false <- (~1, 3, 4, 5, 6, 7, 8, 9, 10, 11, 12, 13, 14, 15, 16, 17, 18, 19, ~20, ~21, 217) [subsumption resolution 2465,770] {a:1,w:0,goal:1,sine:1,thAx:0,allAx:7,thDist:-7}
2467. 1 | ~3 | ~4 | ~5 | ~6 | ~7 | ~8 | ~9 | ~10 | ~11 | ~12 | ~13 | ~14 | ~15 | ~16 | ~17 | ~18 | ~19 | 20 | 21 | ~217 [avatar contradiction clause 2466]
2468. $false [avatar sat refutation 671,676,681,686,691,696,701,706,711,716,721,726,731,736,741,746,751,756,761,766,771,2352,2467] {a:0,w:0,goal:1,sine:0,thAx:0,allAx:1533,thDist:-1533}
% SZS output end Proof for vfunct_2__t56_vfunct_2
% ------------------------------
% Version: Vampire 4.5.1 (commit 226f88162 on 2021-09-12 20:13:44 +0200)
% Termination reason: Refutation

% >>> Input
% Input formulas: 173
% >>> Preprocessing
% Introduced skolems: 26
% Pure predicates: 10
% Unused predicate definitions: 1
% 
% >>> Saturation
% Initial clauses: 227
% Generated clauses: 1135
% Active clauses: 311
% Passive clauses: 630
% Final active clauses: 291
% Final passive clauses: 309
% Main loop iterations started: 321
% 
% >>> Simplifying Inferences
% Duplicate literals: 120
% Fw subsumption resolutions: 109
% Bw demodulations: 1
% 
% >>> Deletion Inferences
% Simple tautologies: 70
% Forward subsumptions: 87
% Backward subsumptions: 14
% 
% >>> Generating Inferences
% Binary resolution: 455
% Unit resulting resolution: 8
% Forward superposition: 95
% Backward superposition: 30
% Self superposition: 1
% 
% >>> AVATAR
% Split clauses: 58
% Split components: 120
% Sat splitting refutations: 12
% 
% >>> SAT Solver Statistics
% SAT solver clauses: 217
% SAT solver unit clauses: 61
% SAT solver binary clauses: 90
% 
% Memory used [KB]: 6780
% Time elapsed: 0.015 s
% ------------------------------
% ------------------------------
% Time measurement results:
% parsing: 0.001 s
% preprocessing: 0.001 s
% term sharing: 0.001 s
% backward demodulation index maintenance: 0.001 s
% forward subsumption: 0.001 s
% forward subsumption resolution: 0.001 s
% forward demodulation: 0.001 s
% resolution: 0.001 s ( own 0.0000 s ) 
% superposition: 0.003 s
% other: 0.015 s ( own 0.005 s ) 

