i: [1,200,0,2,1,1,0,0] t54_funct_5
a: [3,334,0,2,1,200]
s: 334
i: [1,199,0,2,1,1,0,0] t54_funct_5
a: [3,339,0,2,1,199]
s: 339
i: [1,198,0,2,1,1,0,0] t54_funct_5
a: [3,344,0,2,1,198]
s: 344
i: [1,197,0,2,1,1,0,0] t54_funct_5
a: [3,349,0,2,1,197]
s: 349
i: [1,206,0,3,1,1,0,0] t54_funct_5
a: [3,304,0,3,1,206]
s: 304
i: [1,205,0,4,1,1,0,0] t54_funct_5
a: [3,309,0,4,1,205]
s: 309
i: [1,204,0,4,1,1,0,0] t54_funct_5
a: [3,314,0,4,1,204]
s: 314
i: [1,203,0,5,1,1,0,0] t54_funct_5
a: [3,319,0,5,1,203]
s: 319
i: [1,202,0,6,1,1,0,0] t54_funct_5
a: [3,324,0,6,1,202]
s: 324
i: [1,201,0,6,1,1,0,0] t54_funct_5
a: [3,329,0,6,1,201]
s: 329
i: [1,207,0,2,1,0,0,255] dt_o_0_0_xboole_0
a: [3,354,0,2,1,207]
s: 354
i: [1,208,0,2,1,0,0,1] fc1_xboole_0
a: [3,359,0,2,1,208]
s: 359
i: [1,282,0,2,1,0,0,2] rc2_xboole_0
a: [3,369,0,2,1,282]
s: 369
i: [1,283,0,2,1,0,0,2] rc1_xboole_0
a: [3,374,0,2,1,283]
s: 374
i: [1,285,0,2,1,0,0,255] rc7_funct_1
a: [3,379,0,2,1,285]
s: 379
i: [1,284,0,2,1,0,0,255] rc7_funct_1
a: [3,384,0,2,1,284]
s: 384
i: [1,287,0,2,1,0,0,1] rc1_relat_1
a: [3,389,0,2,1,287]
s: 389
i: [1,286,0,2,1,0,0,1] rc1_relat_1
a: [3,394,0,2,1,286]
s: 394
i: [1,290,0,2,1,0,0,255] rc4_funct_1
a: [3,399,0,2,1,290]
s: 399
i: [1,289,0,2,1,0,0,255] rc4_funct_1
a: [3,404,0,2,1,289]
s: 404
i: [1,288,0,2,1,0,0,255] rc4_funct_1
a: [3,409,0,2,1,288]
s: 409
i: [1,291,0,2,1,0,0,255] rc2_relat_1
a: [3,414,0,2,1,291]
s: 414
i: [1,293,0,2,1,0,0,255] rc3_funct_1
a: [3,419,0,2,1,293]
s: 419
i: [1,292,0,2,1,0,0,255] rc3_funct_1
a: [3,424,0,2,1,292]
s: 424
i: [1,295,0,2,1,0,0,1] rc1_funct_1
a: [3,429,0,2,1,295]
s: 429
i: [1,294,0,2,1,0,0,1] rc1_funct_1
a: [3,434,0,2,1,294]
s: 434
i: [1,298,0,2,1,0,0,255] rc5_funct_1
a: [3,439,0,2,1,298]
s: 439
i: [1,297,0,2,1,0,0,255] rc5_funct_1
a: [3,444,0,2,1,297]
s: 444
i: [1,296,0,2,1,0,0,255] rc5_funct_1
a: [3,449,0,2,1,296]
s: 449
i: [1,300,0,2,1,0,0,255] rc2_funct_1
a: [3,454,0,2,1,300]
s: 454
i: [1,299,0,2,1,0,0,255] rc2_funct_1
a: [3,459,0,2,1,299]
s: 459
i: [1,210,0,3,1,0,0,2] fc1_subset_1
s: 210
i: [1,277,0,3,1,0,0,2] rc2_subset_1
s: 277
i: [1,280,0,3,1,0,0,1] reflexivity_r1_tarski
s: 280
i: [1,209,0,3,1,0,0,255] d2_xboole_0
a: [3,364,0,3,1,209]
s: 364
r: 354
i: [1,226,0,4,2,0,0,255] cc7_funct_1
s: 226
d: [2,462,1,2,1,1,40,226,359]
a: [3,468,1,2,1,462]
s: 468
i: [1,227,0,4,2,0,0,1] cc1_funct_1
s: 227
d: [2,464,1,2,1,1,40,226,374]
a: [3,473,1,2,1,464]
s: 473
i: [1,228,0,4,2,0,0,1] cc1_relat_1
s: 228
i: [1,275,0,4,1,0,0,2] existence_m1_subset_1
s: 275
d: [2,475,1,2,1,1,40,227,359]
a: [3,481,1,2,1,475]
s: 481
i: [1,279,0,4,1,0,0,255] rc3_subset_1
s: 279
d: [2,477,1,2,1,1,40,227,374]
a: [3,486,1,2,1,477]
s: 486
i: [1,212,0,5,2,0,0,255] rc6_subset_1
s: 212
i: [1,216,0,5,2,0,0,2] rc1_subset_1
s: 216
d: [2,488,1,2,1,1,40,228,359]
a: [3,494,1,2,1,488]
s: 494
i: [1,218,0,5,2,0,0,255] rc5_subset_1
s: 218
d: [2,490,1,2,1,1,40,228,374]
a: [3,499,1,2,1,490]
s: 499
i: [1,219,0,5,2,0,0,255] rc5_subset_1
s: 219
i: [1,229,0,5,2,0,0,1] t6_boole
s: 229
d: [2,502,1,6,2,1,44,309,229]
s: 502
i: [1,230,0,5,2,0,0,1] fc11_relat_1
s: 230
d: [2,503,1,6,2,1,44,314,229]
s: 503
i: [1,231,0,5,2,0,0,1] fc5_xtuple_0
s: 231
i: [1,270,0,5,2,0,0,1] t7_boole
s: 270
d: [2,463,1,3,1,0,40,226,277]
s: 463
i: [1,276,0,5,1,0,0,2] rc2_subset_1
s: 276
d: [2,476,1,3,1,0,40,227,277]
s: 476
i: [1,278,0,5,1,0,0,255] rc3_subset_1
s: 278
i: [1,221,0,6,2,0,0,255] rc4_subset_1
s: 221
d: [2,489,1,3,1,0,40,228,277]
s: 489
i: [1,265,0,6,2,0,0,1] t1_subset
s: 265
d: [2,508,1,5,2,0,40,230,228]
s: 508
i: [1,281,0,6,2,0,0,1] antisymmetry_r2_hidden
s: 281
i: [1,211,0,7,2,0,0,255] rc6_subset_1
s: 211
d: [2,509,1,5,2,0,40,230,227]
s: 509
i: [1,215,0,7,2,0,0,2] rc1_subset_1
s: 215
d: [2,510,1,5,2,0,40,230,226]
s: 510
i: [1,217,0,7,2,0,0,255] rc5_subset_1
s: 217
i: [1,220,0,7,2,0,0,255] rc4_subset_1
s: 220
i: [1,222,0,7,3,0,0,255] cc8_funct_1
s: 222
i: [1,223,0,7,3,0,0,255] cc8_funct_1
s: 223
d: [2,515,1,5,2,0,40,222,275]
s: 515
i: [1,235,0,7,3,0,0,1] fc9_relat_1
s: 235
i: [1,239,0,7,3,0,0,255] fc25_relat_1
s: 239
d: [2,522,1,5,2,0,40,223,275]
s: 522
i: [1,254,0,7,3,0,0,2] dt_k1_funct_5
s: 254
d: [2,517,1,6,2,0,40,222,278]
s: 517
i: [1,255,0,7,3,0,0,2] dt_k1_funct_5
s: 255
i: [1,256,0,7,3,0,0,2] dt_k3_funct_5
s: 256
d: [2,524,1,6,2,0,40,223,278]
s: 524
i: [1,257,0,7,3,0,0,2] dt_k3_funct_5
s: 257
i: [1,258,0,7,3,0,0,2] dt_k4_funct_5
s: 258
i: [1,259,0,7,3,0,0,2] dt_k4_funct_5
s: 259
i: [1,260,0,7,3,0,0,3] dt_k2_funct_4
s: 260
i: [1,261,0,7,3,0,0,3] dt_k2_funct_4
s: 261
i: [1,262,0,7,3,0,0,1] dt_k2_funct_5
s: 262
d: [2,526,1,7,3,1,44,262,319]
d: [2,527,1,5,2,2,21,526,334]
d: [2,528,1,3,1,3,21,527,339]
a: [3,532,1,3,1,528]
s: 532
i: [1,263,0,7,3,0,0,1] dt_k2_funct_5
s: 263
i: [1,267,0,7,2,0,0,1] t3_subset
s: 267
d: [2,534,1,7,3,1,44,263,319]
d: [2,535,1,5,2,2,21,534,334]
d: [2,536,1,3,1,3,21,535,339]
a: [3,540,1,3,1,536]
s: 540
i: [1,268,0,7,2,0,0,1] t3_subset
s: 268
d: [2,547,1,4,1,0,40,267,276]
s: 547
i: [1,269,0,7,3,0,0,1] t8_boole
s: 269
i: [1,224,0,8,3,0,0,255] cc9_funct_1
s: 224
d: [2,548,1,4,1,0,40,267,278]
s: 548
i: [1,225,0,8,3,0,0,255] cc5_subset_1
s: 225
d: [2,546,1,5,1,0,40,267,275]
s: 546
i: [1,232,0,8,3,0,0,2] cc1_subset_1
s: 232
i: [1,234,0,8,3,0,0,2] cc2_relat_1
s: 234
d: [2,559,1,5,2,0,40,224,278]
s: 559
i: [1,238,0,8,4,0,0,255] cc6_funct_1
s: 238
d: [2,566,1,5,2,0,40,225,276]
s: 566
i: [1,244,0,8,4,0,0,255] cc4_funct_1
s: 244
d: [2,589,0,6,3,0,21,244,227]
d: [2,590,0,4,2,0,21,589,228]
s: 590
d: [2,592,1,2,1,1,40,590,359]
a: [3,598,1,2,1,592]
s: 598
i: [1,248,0,8,4,0,0,255] cc5_funct_1
s: 248
d: [2,594,1,2,1,1,40,590,374]
a: [3,603,1,2,1,594]
s: 603
i: [1,266,0,8,3,0,0,1] t2_subset
s: 266
i: [1,233,0,9,3,0,0,255] cc4_subset_1
s: 233
d: [2,593,1,3,1,0,40,590,277]
s: 593
i: [1,247,0,9,4,0,0,255] fc13_funct_1
s: 247
d: [2,567,1,5,2,0,40,225,278]
s: 567
i: [1,251,0,9,4,0,0,255] fc12_funct_1
s: 251
i: [1,274,0,9,3,0,0,1] t5_subset
s: 274
d: [2,575,1,5,2,0,40,232,278]
s: 575
i: [1,252,0,10,3,0,0,2] d3_funct_5
s: 252
d: [2,583,1,5,2,0,40,234,278]
s: 583
i: [1,253,0,10,3,0,0,2] d4_funct_5
s: 253
i: [1,264,0,10,4,0,0,2] cc3_funct_1
s: 264
d: [2,649,1,10,3,1,44,253,319]
d: [2,653,1,8,2,2,21,649,334]
d: [2,654,1,6,1,3,21,653,339]
a: [3,658,1,6,1,654]
s: 658
i: [1,273,0,10,3,0,0,1] t4_subset
s: 273
d: [2,673,2,9,3,1,44,261,658]
d: [2,692,2,6,2,2,21,673,540]
d: [2,693,2,3,1,3,21,692,532]
a: [3,697,2,3,1,693]
s: 697
i: [1,213,0,11,4,0,0,255] cc3_subset_1
s: 213
i: [1,214,0,11,4,0,0,255] cc2_subset_1
s: 214
d: [2,674,2,9,3,1,44,260,658]
d: [2,699,2,6,2,2,21,674,540]
d: [2,700,2,3,1,3,21,699,532]
a: [3,704,2,3,1,700]
s: 704
i: [1,271,0,19,5,0,0,1] t51_funct_5
s: 271
d: [2,727,1,13,4,1,40,271,324]
d: [2,729,1,9,3,2,21,727,309]
d: [2,730,1,7,2,3,21,729,334]
d: [2,731,1,5,1,4,21,730,339]
d: [2,732,1,5,1,5,22,731,319]
d: [2,728,1,13,4,1,40,271,329]
d: [2,738,1,9,3,2,21,728,314]
d: [2,739,1,7,2,3,21,738,344]
d: [2,740,1,5,1,4,21,739,349]
f: 740,732,197,198,199,200,201,202,203,204,205,206
% Refutation found. Thanks to Tanya!
% SZS status Theorem for funct_5__t54_funct_5
% SZS output start Proof for funct_5__t54_funct_5
1. ! [X0] : ! [X1] : ! [X2] : ((v1_funct_1(X2) & v1_relat_1(X2)) => ! [X3] : ((v1_funct_1(X3) & v1_relat_1(X3)) => ((k2_funct_5(X2) = k2_funct_5(X3) & r1_tarski(k10_xtuple_0(X3),k4_partfun1(X0,X1)) & r1_tarski(k10_xtuple_0(X2),k4_partfun1(X0,X1))) => (X2 = X3 | r2_hidden(k1_xboole_0,k10_xtuple_0(X3)) | r2_hidden(k1_xboole_0,k10_xtuple_0(X2)))))) [input t54_funct_5]
2. ~! [X0] : ! [X1] : ! [X2] : ((v1_funct_1(X2) & v1_relat_1(X2)) => ! [X3] : ((v1_funct_1(X3) & v1_relat_1(X3)) => ((k2_funct_5(X2) = k2_funct_5(X3) & r1_tarski(k10_xtuple_0(X3),k4_partfun1(X0,X1)) & r1_tarski(k10_xtuple_0(X2),k4_partfun1(X0,X1))) => (X2 = X3 | r2_hidden(k1_xboole_0,k10_xtuple_0(X3)) | r2_hidden(k1_xboole_0,k10_xtuple_0(X2)))))) [negated conjecture 1]
67. ! [X0] : ! [X1] : ! [X2] : ((v1_funct_1(X2) & v1_relat_1(X2)) => (r1_tarski(k10_xtuple_0(X2),k4_partfun1(X0,X1)) => ((k3_funct_5(k4_funct_5(X2)) = X2 & k1_funct_5(k2_funct_5(X2)) = X2) | r2_hidden(k1_xboole_0,k10_xtuple_0(X2))))) [input t51_funct_5]
72. ~! [X0,X1,X2] : ((v1_funct_1(X2) & v1_relat_1(X2)) => ! [X3] : ((v1_funct_1(X3) & v1_relat_1(X3)) => ((k2_funct_5(X2) = k2_funct_5(X3) & r1_tarski(k10_xtuple_0(X3),k4_partfun1(X0,X1)) & r1_tarski(k10_xtuple_0(X2),k4_partfun1(X0,X1))) => (X2 = X3 | r2_hidden(k1_xboole_0,k10_xtuple_0(X3)) | r2_hidden(k1_xboole_0,k10_xtuple_0(X2)))))) [flattening 2]
78. ! [X0,X1,X2] : ((v1_funct_1(X2) & v1_relat_1(X2)) => (r1_tarski(k10_xtuple_0(X2),k4_partfun1(X0,X1)) => ((k3_funct_5(k4_funct_5(X2)) = X2 & k1_funct_5(k2_funct_5(X2)) = X2) | r2_hidden(k1_xboole_0,k10_xtuple_0(X2))))) [flattening 67]
90. ? [X0,X1,X2] : (? [X3] : (((X2 != X3 & ~r2_hidden(k1_xboole_0,k10_xtuple_0(X3)) & ~r2_hidden(k1_xboole_0,k10_xtuple_0(X2))) & (k2_funct_5(X2) = k2_funct_5(X3) & r1_tarski(k10_xtuple_0(X3),k4_partfun1(X0,X1)) & r1_tarski(k10_xtuple_0(X2),k4_partfun1(X0,X1)))) & (v1_funct_1(X3) & v1_relat_1(X3))) & (v1_funct_1(X2) & v1_relat_1(X2))) [ennf transformation 72]
91. ? [X0,X1,X2] : (? [X3] : (X2 != X3 & ~r2_hidden(k1_xboole_0,k10_xtuple_0(X3)) & ~r2_hidden(k1_xboole_0,k10_xtuple_0(X2)) & k2_funct_5(X2) = k2_funct_5(X3) & r1_tarski(k10_xtuple_0(X3),k4_partfun1(X0,X1)) & r1_tarski(k10_xtuple_0(X2),k4_partfun1(X0,X1)) & v1_funct_1(X3) & v1_relat_1(X3)) & v1_funct_1(X2) & v1_relat_1(X2)) [flattening 90]
153. ! [X0,X1,X2] : ((((k3_funct_5(k4_funct_5(X2)) = X2 & k1_funct_5(k2_funct_5(X2)) = X2) | r2_hidden(k1_xboole_0,k10_xtuple_0(X2))) | ~r1_tarski(k10_xtuple_0(X2),k4_partfun1(X0,X1))) | (~v1_funct_1(X2) | ~v1_relat_1(X2))) [ennf transformation 78]
154. ! [X0,X1,X2] : ((k3_funct_5(k4_funct_5(X2)) = X2 & k1_funct_5(k2_funct_5(X2)) = X2) | r2_hidden(k1_xboole_0,k10_xtuple_0(X2)) | ~r1_tarski(k10_xtuple_0(X2),k4_partfun1(X0,X1)) | ~v1_funct_1(X2) | ~v1_relat_1(X2)) [flattening 153]
159. ? [X0,X1,X2] : (? [X3] : (X2 != X3 & ~r2_hidden(k1_xboole_0,k10_xtuple_0(X3)) & ~r2_hidden(k1_xboole_0,k10_xtuple_0(X2)) & k2_funct_5(X2) = k2_funct_5(X3) & r1_tarski(k10_xtuple_0(X3),k4_partfun1(X0,X1)) & r1_tarski(k10_xtuple_0(X2),k4_partfun1(X0,X1)) & v1_funct_1(X3) & v1_relat_1(X3)) & v1_funct_1(X2) & v1_relat_1(X2)) => (? [X3] : (sK2 != X3 & ~r2_hidden(k1_xboole_0,k10_xtuple_0(X3)) & ~r2_hidden(k1_xboole_0,k10_xtuple_0(sK2)) & k2_funct_5(X3) = k2_funct_5(sK2) & r1_tarski(k10_xtuple_0(X3),k4_partfun1(sK0,sK1)) & r1_tarski(k10_xtuple_0(sK2),k4_partfun1(sK0,sK1)) & v1_funct_1(X3) & v1_relat_1(X3)) & v1_funct_1(sK2) & v1_relat_1(sK2)) [choice axiom]
160. ? [X3] : (sK2 != X3 & ~r2_hidden(k1_xboole_0,k10_xtuple_0(X3)) & ~r2_hidden(k1_xboole_0,k10_xtuple_0(sK2)) & k2_funct_5(X3) = k2_funct_5(sK2) & r1_tarski(k10_xtuple_0(X3),k4_partfun1(sK0,sK1)) & r1_tarski(k10_xtuple_0(sK2),k4_partfun1(sK0,sK1)) & v1_funct_1(X3) & v1_relat_1(X3)) => (sK2 != sK3 & ~r2_hidden(k1_xboole_0,k10_xtuple_0(sK3)) & ~r2_hidden(k1_xboole_0,k10_xtuple_0(sK2)) & k2_funct_5(sK2) = k2_funct_5(sK3) & r1_tarski(k10_xtuple_0(sK3),k4_partfun1(sK0,sK1)) & r1_tarski(k10_xtuple_0(sK2),k4_partfun1(sK0,sK1)) & v1_funct_1(sK3) & v1_relat_1(sK3)) [choice axiom]
161. (sK2 != sK3 & ~r2_hidden(k1_xboole_0,k10_xtuple_0(sK3)) & ~r2_hidden(k1_xboole_0,k10_xtuple_0(sK2)) & k2_funct_5(sK2) = k2_funct_5(sK3) & r1_tarski(k10_xtuple_0(sK3),k4_partfun1(sK0,sK1)) & r1_tarski(k10_xtuple_0(sK2),k4_partfun1(sK0,sK1)) & v1_funct_1(sK3) & v1_relat_1(sK3)) & v1_funct_1(sK2) & v1_relat_1(sK2) [skolemisation 91,160,159]
197. v1_relat_1(sK2) [cnf transformation 161] {a:0,w:2,wCS:200,goal:1,sine:0,thAx:0,allAx:3,thDist:-3}
198. v1_funct_1(sK2) [cnf transformation 161] {a:0,w:2,wCS:200,goal:1,sine:0,thAx:0,allAx:3,thDist:-3}
199. v1_relat_1(sK3) [cnf transformation 161] {a:0,w:2,wCS:200,goal:1,sine:0,thAx:0,allAx:3,thDist:-3}
200. v1_funct_1(sK3) [cnf transformation 161] {a:0,w:2,wCS:200,goal:1,sine:0,thAx:0,allAx:3,thDist:-3}
201. r1_tarski(k10_xtuple_0(sK2),k4_partfun1(sK0,sK1)) [cnf transformation 161] {a:0,w:6,wCS:600,goal:1,sine:0,thAx:0,allAx:3,thDist:-3}
202. r1_tarski(k10_xtuple_0(sK3),k4_partfun1(sK0,sK1)) [cnf transformation 161] {a:0,w:6,wCS:600,goal:1,sine:0,thAx:0,allAx:3,thDist:-3}
203. k2_funct_5(sK2) = k2_funct_5(sK3) [cnf transformation 161] {a:0,w:5,wCS:500,goal:1,sine:0,thAx:0,allAx:3,thDist:-3}
204. ~r2_hidden(k1_xboole_0,k10_xtuple_0(sK2)) [cnf transformation 161] {a:0,w:4,wCS:400,goal:1,sine:0,thAx:0,allAx:3,thDist:-3}
205. ~r2_hidden(k1_xboole_0,k10_xtuple_0(sK3)) [cnf transformation 161] {a:0,w:4,wCS:400,goal:1,sine:0,thAx:0,allAx:3,thDist:-3}
206. sK2 != sK3 [cnf transformation 161] {a:0,w:3,wCS:300,goal:1,sine:0,thAx:0,allAx:3,thDist:-3}
271. ~r1_tarski(k10_xtuple_0(X2),k4_partfun1(X0,X1)) | r2_hidden(k1_xboole_0,k10_xtuple_0(X2)) | k1_funct_5(k2_funct_5(X2)) = X2 | ~v1_funct_1(X2) | ~v1_relat_1(X2) [cnf transformation 154] {a:0,w:19,wCS:7600,nSel:1,sine:1,thAx:0,allAx:1,thDist:-1}
302. 1 <=> sK2 = sK3 [avatar definition]
305. ~1 [avatar split clause 206,302]
307. 2 <=> r2_hidden(k1_xboole_0,k10_xtuple_0(sK3)) [avatar definition]
309. ~r2_hidden(k1_xboole_0,k10_xtuple_0(sK3)) <- (~2) [avatar component clause 307] {a:0,w:4,wCS:400,nSel:1,goal:1,sine:255,thAx:0,allAx:3,thDist:-3}
310. ~2 [avatar split clause 205,307]
312. 3 <=> r2_hidden(k1_xboole_0,k10_xtuple_0(sK2)) [avatar definition]
314. ~r2_hidden(k1_xboole_0,k10_xtuple_0(sK2)) <- (~3) [avatar component clause 312] {a:0,w:4,wCS:400,nSel:1,goal:1,sine:255,thAx:0,allAx:3,thDist:-3}
315. ~3 [avatar split clause 204,312]
317. 4 <=> k2_funct_5(sK2) = k2_funct_5(sK3) [avatar definition]
319. k2_funct_5(sK2) = k2_funct_5(sK3) <- (4) [avatar component clause 317] {a:0,w:5,wCS:500,nSel:1,goal:1,sine:255,thAx:0,allAx:3,thDist:-3}
320. 4 [avatar split clause 203,317]
322. 5 <=> r1_tarski(k10_xtuple_0(sK3),k4_partfun1(sK0,sK1)) [avatar definition]
324. r1_tarski(k10_xtuple_0(sK3),k4_partfun1(sK0,sK1)) <- (5) [avatar component clause 322] {a:0,w:6,wCS:600,nSel:1,goal:1,sine:255,thAx:0,allAx:3,thDist:-3}
325. 5 [avatar split clause 202,322]
327. 6 <=> r1_tarski(k10_xtuple_0(sK2),k4_partfun1(sK0,sK1)) [avatar definition]
329. r1_tarski(k10_xtuple_0(sK2),k4_partfun1(sK0,sK1)) <- (6) [avatar component clause 327] {a:0,w:6,wCS:600,nSel:1,goal:1,sine:255,thAx:0,allAx:3,thDist:-3}
330. 6 [avatar split clause 201,327]
332. 7 <=> v1_funct_1(sK3) [avatar definition]
334. v1_funct_1(sK3) <- (7) [avatar component clause 332] {a:0,w:2,wCS:200,nSel:1,goal:1,sine:255,thAx:0,allAx:3,thDist:-3}
335. 7 [avatar split clause 200,332]
337. 8 <=> v1_relat_1(sK3) [avatar definition]
339. v1_relat_1(sK3) <- (8) [avatar component clause 337] {a:0,w:2,wCS:200,nSel:1,goal:1,sine:255,thAx:0,allAx:3,thDist:-3}
340. 8 [avatar split clause 199,337]
342. 9 <=> v1_funct_1(sK2) [avatar definition]
344. v1_funct_1(sK2) <- (9) [avatar component clause 342] {a:0,w:2,wCS:200,nSel:1,goal:1,sine:255,thAx:0,allAx:3,thDist:-3}
345. 9 [avatar split clause 198,342]
347. 10 <=> v1_relat_1(sK2) [avatar definition]
349. v1_relat_1(sK2) <- (10) [avatar component clause 347] {a:0,w:2,wCS:200,nSel:1,goal:1,sine:255,thAx:0,allAx:3,thDist:-3}
350. 10 [avatar split clause 197,347]
727. r2_hidden(k1_xboole_0,k10_xtuple_0(sK3)) | sK3 = k1_funct_5(k2_funct_5(sK3)) | ~v1_funct_1(sK3) | ~v1_relat_1(sK3) <- (5) [resolution 271,324] {a:1,w:13,wCS:1300,goal:1,sine:1,thAx:0,allAx:4,thDist:-4}
728. r2_hidden(k1_xboole_0,k10_xtuple_0(sK2)) | sK2 = k1_funct_5(k2_funct_5(sK2)) | ~v1_funct_1(sK2) | ~v1_relat_1(sK2) <- (6) [resolution 271,329] {a:1,w:13,wCS:1300,goal:1,sine:1,thAx:0,allAx:4,thDist:-4}
729. sK3 = k1_funct_5(k2_funct_5(sK3)) | ~v1_funct_1(sK3) | ~v1_relat_1(sK3) <- (~2, 5) [subsumption resolution 727,309] {a:1,w:9,wCS:900,goal:1,sine:1,thAx:0,allAx:4,thDist:-4}
730. sK3 = k1_funct_5(k2_funct_5(sK3)) | ~v1_relat_1(sK3) <- (~2, 5, 7) [subsumption resolution 729,334] {a:1,w:7,wCS:700,goal:1,sine:1,thAx:0,allAx:4,thDist:-4}
731. sK3 = k1_funct_5(k2_funct_5(sK3)) <- (~2, 5, 7, 8) [subsumption resolution 730,339] {a:1,w:5,wCS:500,goal:1,sine:1,thAx:0,allAx:4,thDist:-4}
732. sK3 = k1_funct_5(k2_funct_5(sK2)) <- (~2, 4, 5, 7, 8) [forward demodulation 731,319] {a:1,w:5,wCS:500,goal:1,sine:1,thAx:0,allAx:4,thDist:-4}
734. 48 <=> sK3 = k1_funct_5(k2_funct_5(sK2)) [avatar definition]
737. 48 | 2 | ~4 | ~5 | ~7 | ~8 [avatar split clause 732,337,332,322,317,307,734]
738. sK2 = k1_funct_5(k2_funct_5(sK2)) | ~v1_funct_1(sK2) | ~v1_relat_1(sK2) <- (~3, 6) [subsumption resolution 728,314] {a:1,w:9,wCS:900,goal:1,sine:1,thAx:0,allAx:4,thDist:-4}
739. sK2 = k1_funct_5(k2_funct_5(sK2)) | ~v1_relat_1(sK2) <- (~3, 6, 9) [subsumption resolution 738,344] {a:1,w:7,wCS:700,goal:1,sine:1,thAx:0,allAx:4,thDist:-4}
740. sK2 = k1_funct_5(k2_funct_5(sK2)) <- (~3, 6, 9, 10) [subsumption resolution 739,349] {a:1,w:5,wCS:500,goal:1,sine:1,thAx:0,allAx:4,thDist:-4}
742. 49 <=> sK2 = k1_funct_5(k2_funct_5(sK2)) [avatar definition]
745. 49 | 3 | ~6 | ~9 | ~10 [avatar split clause 740,347,342,327,312,742]
746. sK2 != k1_funct_5(k2_funct_5(sK2)) | sK3 != k1_funct_5(k2_funct_5(sK2)) | sK2 = sK3 [theory tautology sat conflict] {a:0,w:13,wCS:5200,sine:255,thAx:0,allAx:1,thDist:-1}
747. $false [avatar sat refutation 305,310,315,320,325,330,335,340,345,350,737,745,746] {a:0,w:0,goal:1,sine:0,thAx:0,allAx:228,thDist:-228}
% SZS output end Proof for funct_5__t54_funct_5
% ------------------------------
% Version: Vampire 4.5.1 (commit 226f88162 on 2021-09-12 20:13:44 +0200)
% Termination reason: Refutation

% >>> Input
% Input formulas: 70
% >>> Preprocessing
% Introduced skolems: 21
% Pure predicates: 4
% 
% >>> Saturation
% Initial clauses: 104
% Generated clauses: 350
% Active clauses: 124
% Passive clauses: 213
% Final active clauses: 123
% Final passive clauses: 85
% Main loop iterations started: 128
% 
% >>> Simplifying Inferences
% Duplicate literals: 6
% Fw subsumption resolutions: 37
% Fw demodulations: 1
% Bw demodulations: 1
% 
% >>> Deletion Inferences
% Simple tautologies: 24
% Forward subsumptions: 24
% 
% >>> Generating Inferences
% Binary resolution: 134
% Forward superposition: 5
% Backward superposition: 15
% Self superposition: 1
% 
% >>> SAT Solver Statistics
% SAT solver clauses: 53
% SAT solver unit clauses: 32
% SAT solver binary clauses: 8
% 
% Memory used [KB]: 9850
% Time elapsed: 0.004 s
% ------------------------------
% ------------------------------
% Time measurement results:
% parsing: 0.001 s
% unit clause index maintenance: 0.001 s
% other: 0.004 s ( own 0.002 s ) 

