i: [1,207,0,7,1,1,0,0] t7_borsuk_5
a: [3,381,0,7,1,207]
s: 381
i: [1,209,0,8,1,1,0,0] t7_borsuk_5
a: [3,371,0,8,1,209]
s: 371
i: [1,210,0,2,1,0,0,255] dt_o_0_0_xboole_0
a: [3,386,0,2,1,210]
s: 386
i: [1,211,0,2,1,0,0,255] fc1_xboole_0
a: [3,391,0,2,1,211]
s: 391
i: [1,305,0,2,1,0,0,2] rc2_xboole_0
a: [3,408,0,2,1,305]
s: 408
i: [1,306,0,2,1,0,0,255] rc2_rat_1
a: [3,413,0,2,1,306]
s: 413
i: [1,307,0,2,1,0,0,255] rc2_int_1
a: [3,418,0,2,1,307]
s: 418
i: [1,308,0,2,1,0,0,255] rc1_xreal_0
a: [3,423,0,2,1,308]
s: 423
i: [1,309,0,2,1,0,0,2] rc1_xboole_0
a: [3,428,0,2,1,309]
s: 428
i: [1,310,0,2,1,0,0,255] rc1_xxreal_0
a: [3,433,0,2,1,310]
s: 433
i: [1,312,0,2,1,0,0,255] rc2_membered
a: [3,438,0,2,1,312]
s: 438
i: [1,311,0,2,1,0,0,255] rc2_membered
a: [3,443,0,2,1,311]
s: 443
i: [1,314,0,2,1,0,0,255] rc1_membered
a: [3,448,0,2,1,314]
s: 448
i: [1,313,0,2,1,0,0,255] rc1_membered
a: [3,453,0,2,1,313]
s: 453
i: [1,316,0,2,1,0,0,255] rc3_membered
a: [3,458,0,2,1,316]
s: 458
i: [1,315,0,2,1,0,0,255] rc3_membered
a: [3,463,0,2,1,315]
s: 463
i: [1,318,0,2,1,0,0,2] rc1_finset_1
a: [3,468,0,2,1,318]
s: 468
i: [1,317,0,2,1,0,0,2] rc1_finset_1
a: [3,473,0,2,1,317]
s: 473
i: [1,321,0,2,1,0,0,255] rc8_finset_1
a: [3,478,0,2,1,321]
s: 478
i: [1,320,0,2,1,0,0,255] rc8_finset_1
a: [3,483,0,2,1,320]
s: 483
i: [1,319,0,2,1,0,0,255] rc8_finset_1
a: [3,488,0,2,1,319]
s: 488
i: [1,325,0,2,1,0,0,255] rc2_xreal_0
a: [3,493,0,2,1,325]
s: 493
i: [1,324,0,2,1,0,0,255] rc2_xreal_0
a: [3,498,0,2,1,324]
s: 498
i: [1,323,0,2,1,0,0,255] rc2_xreal_0
a: [3,503,0,2,1,323]
s: 503
i: [1,322,0,2,1,0,0,255] rc2_xreal_0
a: [3,508,0,2,1,322]
s: 508
i: [1,329,0,2,1,0,0,255] rc3_xreal_0
a: [3,513,0,2,1,329]
s: 513
i: [1,328,0,2,1,0,0,255] rc3_xreal_0
a: [3,518,0,2,1,328]
s: 518
i: [1,327,0,2,1,0,0,255] rc3_xreal_0
a: [3,523,0,2,1,327]
s: 523
i: [1,326,0,2,1,0,0,255] rc3_xreal_0
a: [3,528,0,2,1,326]
s: 528
i: [1,333,0,2,1,0,0,255] rc4_xreal_0
a: [3,533,0,2,1,333]
s: 533
i: [1,332,0,2,1,0,0,255] rc4_xreal_0
a: [3,538,0,2,1,332]
s: 538
i: [1,331,0,2,1,0,0,255] rc4_xreal_0
a: [3,543,0,2,1,331]
s: 543
i: [1,330,0,2,1,0,0,255] rc4_xreal_0
a: [3,548,0,2,1,330]
s: 548
i: [1,335,0,2,1,0,0,255] rc4_xxreal_0
a: [3,553,0,2,1,335]
s: 553
i: [1,334,0,2,1,0,0,255] rc4_xxreal_0
a: [3,558,0,2,1,334]
s: 558
i: [1,337,0,2,1,0,0,255] rc3_xxreal_0
a: [3,563,0,2,1,337]
s: 563
i: [1,336,0,2,1,0,0,255] rc3_xxreal_0
a: [3,568,0,2,1,336]
s: 568
i: [1,339,0,2,1,0,0,255] rc2_xxreal_0
a: [3,573,0,2,1,339]
s: 573
i: [1,338,0,2,1,0,0,255] rc2_xxreal_0
a: [3,578,0,2,1,338]
s: 578
i: [1,208,0,10,1,1,0,0] t7_borsuk_5
a: [3,376,0,10,1,208]
s: 376
i: [1,213,0,3,1,0,0,1] fc2_xboole_0
s: 213
i: [1,214,0,3,1,0,0,2] fc1_finset_1
s: 214
i: [1,212,0,3,1,0,0,255] d2_xboole_0
a: [3,396,0,3,1,212]
s: 396
r: 386
i: [1,215,0,4,2,0,0,255] cc2_int_1
s: 215
i: [1,216,0,4,2,0,0,255] cc2_xreal_0
s: 216
i: [1,217,0,4,2,0,0,255] cc2_xxreal_0
s: 217
i: [1,221,0,4,2,0,0,255] cc2_membered
s: 221
i: [1,222,0,4,2,0,0,255] cc3_membered
s: 222
i: [1,225,0,4,2,0,0,255] cc4_membered
s: 225
i: [1,226,0,4,2,0,0,255] cc5_membered
s: 226
i: [1,229,0,4,2,0,0,255] cc1_rat_1
s: 229
d: [2,581,1,2,1,1,40,229,413]
a: [3,585,1,2,1,581]
s: 585
i: [1,231,0,4,2,0,0,255] cc2_rat_1
s: 231
d: [2,587,1,2,1,1,40,231,418]
a: [3,591,1,2,1,587]
s: 591
i: [1,232,0,4,2,0,0,255] cc3_int_1
s: 232
i: [1,235,0,4,2,0,0,255] cc1_membered
s: 235
d: [2,601,1,2,1,1,40,235,438]
a: [3,607,1,2,1,601]
s: 607
i: [1,238,0,4,2,0,0,255] cc3_xreal_0
s: 238
d: [2,602,1,2,1,1,40,235,448]
a: [3,612,1,2,1,602]
s: 612
i: [1,239,0,4,2,0,0,255] cc4_xreal_0
s: 239
i: [1,241,0,4,2,0,0,255] cc6_finset_1
s: 241
d: [2,603,1,2,1,1,40,235,458]
a: [3,617,1,2,1,603]
s: 617
i: [1,242,0,4,2,0,0,255] cc18_membered
s: 242
d: [2,626,1,2,1,1,40,238,423]
a: [3,638,1,2,1,626]
s: 638
i: [1,243,0,4,2,0,0,2] cc1_finset_1
s: 243
i: [1,296,0,4,1,0,0,3] existence_m1_subset_1
s: 296
d: [2,647,1,2,1,1,40,239,423]
a: [3,659,1,2,1,647]
s: 659
i: [1,218,0,5,2,0,0,255] fc12_membered
s: 218
d: [2,661,1,2,1,1,40,241,391]
a: [3,668,1,2,1,661]
s: 668
i: [1,230,0,5,2,0,0,255] fc10_membered
s: 230
i: [1,233,0,5,2,0,0,255] fc11_membered
s: 233
d: [2,662,1,2,1,1,40,241,428]
a: [3,673,1,2,1,662]
s: 673
i: [1,234,0,5,2,0,0,255] fc7_membered
s: 234
d: [2,663,1,2,1,1,40,241,548]
a: [3,678,1,2,1,663]
s: 678
i: [1,237,0,5,2,0,0,255] fc30_finset_1
s: 237
i: [1,240,0,5,2,0,0,255] fc9_membered
s: 240
d: [2,664,1,2,1,1,40,241,558]
a: [3,683,1,2,1,664]
s: 683
i: [1,244,0,5,2,0,0,255] t6_boole
s: 244
d: [2,691,1,2,1,1,40,242,391]
a: [3,698,1,2,1,691]
s: 698
i: [1,245,0,5,2,0,0,255] fc8_membered
s: 245
i: [1,264,0,5,2,0,0,2] t7_boole
s: 264
d: [2,692,1,2,1,1,40,242,428]
a: [3,703,1,2,1,692]
s: 703
i: [1,299,0,7,3,0,0,1] irreflexivity_r1_subset_1
a: [3,403,0,5,2,299]
s: 403
d: [2,693,1,2,1,1,40,242,548]
a: [3,708,1,2,1,693]
s: 708
i: [1,251,0,6,3,0,0,255] cc7_xxreal_0
s: 251
i: [1,252,0,6,3,0,0,255] cc7_xxreal_0
s: 252
d: [2,694,1,2,1,1,40,242,558]
a: [3,713,1,2,1,694]
s: 713
i: [1,255,0,6,3,0,0,255] cc3_xxreal_0
s: 255
d: [2,715,1,2,1,1,40,243,391]
a: [3,722,1,2,1,715]
s: 722
i: [1,257,0,6,3,0,0,255] cc3_xxreal_0
s: 257
i: [1,258,0,6,3,0,0,255] cc5_xxreal_0
s: 258
d: [2,716,1,2,1,1,40,243,428]
a: [3,727,1,2,1,716]
s: 727
i: [1,260,0,6,3,0,0,255] cc5_xxreal_0
s: 260
d: [2,717,1,2,1,1,40,243,548]
a: [3,732,1,2,1,717]
s: 732
i: [1,261,0,6,2,0,0,2] t1_subset
s: 261
i: [1,297,0,6,2,0,0,255] symmetry_r1_xboole_0
s: 297
d: [2,718,1,2,1,1,40,243,558]
a: [3,737,1,2,1,718]
s: 737
i: [1,298,0,6,2,0,0,2] antisymmetry_r2_hidden
s: 298
d: [2,766,1,4,2,1,40,251,498]
d: [2,768,1,2,1,2,21,766,503]
a: [3,772,1,2,1,768]
s: 772
i: [1,219,0,7,3,0,0,255] cc12_membered
s: 219
i: [1,220,0,7,3,0,0,255] cc13_membered
s: 220
d: [2,767,1,4,2,1,40,251,573]
d: [2,774,1,2,1,2,21,767,578]
a: [3,778,1,2,1,774]
s: 778
i: [1,223,0,7,3,0,0,255] cc15_membered
s: 223
d: [2,780,1,4,2,1,40,252,518]
d: [2,782,1,2,1,2,21,780,523]
a: [3,786,1,2,1,782]
s: 786
i: [1,224,0,7,3,0,0,255] cc16_membered
s: 224
i: [1,227,0,7,3,0,0,255] cc14_membered
s: 227
d: [2,781,1,4,2,1,40,252,563]
d: [2,788,1,2,1,2,21,781,568]
a: [3,792,1,2,1,788]
s: 792
i: [1,228,0,7,3,0,0,255] cc7_finset_1
s: 228
d: [2,801,1,4,2,1,40,257,518]
d: [2,803,1,2,1,2,21,801,523]
a: [3,807,1,2,1,803]
s: 807
i: [1,236,0,7,3,0,0,255] cc17_membered
s: 236
i: [1,263,0,7,3,0,0,2] t8_boole
s: 263
d: [2,802,1,4,2,1,40,257,563]
d: [2,809,1,2,1,2,21,802,568]
a: [3,813,1,2,1,809]
s: 813
i: [1,265,0,7,2,0,0,255] t48_zfmisc_1
s: 265
d: [2,593,2,2,1,1,40,591,229]
a: [3,597,2,2,1,593]
s: 597
i: [1,340,0,7,1,0,0,1] d8_zfmisc_1
s: 340
i: [1,341,0,7,1,0,0,1] d8_zfmisc_1
s: 341
d: [2,619,2,2,1,1,40,607,221]
a: [3,623,2,2,1,619]
s: 623
i: [1,342,0,7,1,0,0,1] d8_zfmisc_1
s: 342
d: [2,625,2,2,1,1,40,238,585]
a: [3,633,2,2,1,625]
s: 633
i: [1,343,0,7,1,0,0,1] d8_zfmisc_1
s: 343
i: [1,344,0,7,1,0,0,1] d8_zfmisc_1
s: 344
d: [2,640,2,2,1,1,40,612,221]
a: [3,644,2,2,1,640]
s: 644
i: [1,345,0,7,1,0,0,1] d8_zfmisc_1
s: 345
d: [2,646,2,2,1,1,40,239,585]
a: [3,654,2,2,1,646]
s: 654
i: [1,346,0,7,1,0,0,1] d8_zfmisc_1
s: 346
i: [1,347,0,7,1,0,0,1] d8_zfmisc_1
s: 347
d: [2,685,2,2,1,1,40,617,221]
a: [3,689,2,2,1,685]
s: 689
i: [1,348,0,7,1,0,0,1] d8_zfmisc_1
s: 348
d: [2,747,2,2,1,1,40,698,235]
a: [3,752,2,2,1,747]
s: 752
i: [1,349,0,7,1,0,0,1] d8_zfmisc_1
s: 349
i: [1,350,0,7,1,0,0,1] d8_zfmisc_1
s: 350
d: [2,754,2,2,1,1,40,703,235]
a: [3,758,2,2,1,754]
s: 758
i: [1,351,0,7,1,0,0,1] d8_zfmisc_1
s: 351
d: [2,760,2,2,1,1,40,708,235]
a: [3,764,2,2,1,760]
s: 764
i: [1,352,0,7,1,0,0,1] d8_zfmisc_1
s: 352
i: [1,353,0,7,1,0,0,1] d8_zfmisc_1
s: 353
d: [2,794,2,2,1,1,40,713,235]
a: [3,798,2,2,1,794]
s: 798
i: [1,354,0,7,1,0,0,1] d8_zfmisc_1
s: 354
d: [2,822,3,2,1,1,40,597,239]
a: [3,827,3,2,1,822]
s: 827
i: [1,247,0,8,4,0,0,255] cc6_xxreal_0
s: 247
i: [1,249,0,8,4,0,0,255] cc4_xxreal_0
s: 249
d: [2,880,1,6,3,1,40,247,433]
a: [3,929,1,2,1,880]
s: 929
r: 929
i: [1,253,0,8,4,0,0,255] cc8_xxreal_0
s: 253
a: [3,928,1,2,1,880]
s: 928
i: [1,262,0,8,3,0,0,2] t2_subset
s: 262
i: [1,303,0,8,1,0,0,1] fc5_subset_1
s: 303
a: [3,933,1,2,1,880]
s: 933
i: [1,304,0,8,1,0,0,1] fc6_finset_1
s: 304
a: [3,936,1,2,1,880]
s: 936
i: [1,356,0,9,1,0,0,1] d4_enumset1
s: 356
i: [1,358,0,9,1,0,0,1] d4_enumset1
s: 358
d: [2,879,2,6,3,1,40,247,659]
a: [3,916,2,2,1,879]
s: 916
r: 916
i: [1,360,0,9,1,0,0,1] d4_enumset1
s: 360
a: [3,915,2,2,1,879]
s: 915
i: [1,362,0,9,1,0,0,1] d4_enumset1
s: 362
i: [1,364,0,9,1,0,0,1] d4_enumset1
s: 364
a: [3,920,2,2,1,879]
s: 920
i: [1,366,0,9,1,0,0,1] d4_enumset1
s: 366
a: [3,923,2,2,1,879]
s: 923
i: [1,300,0,10,4,0,0,1] symmetry_r1_subset_1
s: 300
i: [1,301,0,10,4,0,0,255] redefinition_r1_subset_1
s: 301
d: [2,823,3,2,1,1,40,597,238]
a: [3,832,3,2,1,823]
s: 832
i: [1,302,0,10,4,0,0,255] redefinition_r1_subset_1
s: 302
d: [2,834,3,2,1,1,40,623,222]
a: [3,838,3,2,1,834]
s: 838
i: [1,367,0,27,7,0,0,1] d4_enumset1
s: 367
i: [1,290,0,29,3,0,0,1] d4_enumset1
s: 290
d: [2,840,3,2,1,1,40,644,222]
a: [3,844,3,2,1,840]
s: 844
i: [1,291,0,29,3,0,0,1] d4_enumset1
s: 291
d: [2,846,3,2,1,1,40,689,222]
a: [3,850,3,2,1,846]
s: 850
i: [1,292,0,29,3,0,0,1] d4_enumset1
s: 292
i: [1,293,0,29,3,0,0,1] d4_enumset1
s: 293
d: [2,852,3,2,1,1,40,752,221]
a: [3,857,3,2,1,852]
s: 857
i: [1,294,0,29,3,0,0,1] d4_enumset1
s: 294
d: [2,859,3,2,1,1,40,758,221]
a: [3,863,3,2,1,859]
s: 863
i: [1,295,0,29,3,0,0,1] d4_enumset1
s: 295
i: [1,281,0,71,22,0,0,1] d9_zfmisc_1
s: 281
d: [2,1073,1,63,21,1,40,281,371]
a: [3,1077,1,3,1,1073]
s: 1077
r: 376
r: 371
r: 381
d: [2,1161,0,7,1,2,23,381,1077]
d: [2,1172,0,0,0,2,21,1161,354]
e: 1172
r: 1077
s: 381
a: [3,1076,1,3,1,1073]
s: 1076
s: 371
s: 376
a: [3,1081,1,3,1,1073]
s: 1081
r: 376
r: 371
r: 381
d: [2,1187,0,7,1,2,23,381,1081]
d: [2,1198,0,0,0,2,21,1187,353]
e: 1198
r: 1081
s: 381
a: [3,1080,1,3,1,1073]
s: 1080
s: 371
s: 376
a: [3,1085,1,3,1,1073]
s: 1085
r: 376
r: 371
r: 381
d: [2,1214,0,7,1,2,23,381,1085]
d: [2,1225,0,0,0,2,21,1214,352]
e: 1225
r: 1085
s: 381
a: [3,1084,1,3,1,1073]
s: 1084
s: 371
s: 376
a: [3,1089,1,3,1,1073]
s: 1089
r: 376
r: 371
r: 381
d: [2,1242,0,7,1,2,23,381,1089]
d: [2,1253,0,0,0,2,21,1242,351]
e: 1253
r: 1089
s: 381
a: [3,1088,1,3,1,1073]
s: 1088
s: 371
s: 376
a: [3,1093,1,3,1,1073]
s: 1093
r: 376
r: 371
r: 381
d: [2,1271,0,7,1,2,23,381,1093]
d: [2,1282,0,0,0,2,21,1271,350]
e: 1282
r: 1093
s: 381
a: [3,1092,1,3,1,1073]
s: 1092
s: 371
s: 376
a: [3,1097,1,3,1,1073]
s: 1097
r: 376
r: 371
r: 1097
s: 371
a: [3,1096,1,3,1,1073]
s: 1096
s: 376
i: [1,289,0,79,8,0,0,1] d4_enumset1
s: 289
a: [3,1101,1,3,1,1073]
s: 1101
r: 376
r: 371
r: 381
d: [2,1332,0,7,1,2,23,381,1101]
d: [2,1344,0,0,0,2,21,1332,349]
e: 1344
r: 1101
s: 381
a: [3,1100,1,3,1,1073]
s: 1100
s: 371
s: 376
a: [3,1105,1,3,1,1073]
s: 1105
r: 376
r: 371
r: 381
d: [2,1365,0,7,1,2,23,381,1105]
d: [2,1377,0,0,0,2,21,1365,348]
e: 1377
r: 1105
s: 381
a: [3,1104,1,3,1,1073]
s: 1104
s: 371
s: 376
a: [3,1109,1,3,1,1073]
s: 1109
r: 376
r: 371
r: 381
d: [2,1399,0,7,1,2,23,381,1109]
d: [2,1411,0,0,0,2,21,1399,347]
e: 1411
r: 1109
s: 381
a: [3,1108,1,3,1,1073]
s: 1108
s: 371
s: 376
a: [3,1113,1,3,1,1073]
s: 1113
r: 376
r: 371
r: 381
d: [2,1434,0,7,1,2,23,381,1113]
d: [2,1446,0,0,0,2,21,1434,346]
e: 1446
r: 1113
s: 381
a: [3,1112,1,3,1,1073]
s: 1112
s: 371
s: 376
a: [3,1117,1,3,1,1073]
s: 1117
r: 376
r: 371
r: 1117
s: 371
a: [3,1116,1,3,1,1073]
s: 1116
s: 376
a: [3,1121,1,3,1,1073]
s: 1121
r: 376
r: 371
r: 381
d: [2,1503,0,7,1,2,23,381,1121]
d: [2,1516,0,0,0,2,21,1503,345]
e: 1516
r: 1121
a: [3,1120,1,3,1,1073]
s: 1120
s: 381
a: [3,1125,1,3,1,1073]
s: 1125
r: 381
d: [2,1518,0,7,1,2,23,381,1125]
d: [2,1521,0,0,0,2,21,1518,344]
e: 1521
r: 1125
s: 381
s: 371
a: [3,1124,1,3,1,1073]
s: 1124
s: 376
a: [3,1129,1,3,1,1073]
s: 1129
r: 376
r: 371
r: 381
d: [2,1547,0,7,1,2,23,381,1129]
d: [2,1560,0,0,0,2,21,1547,343]
e: 1560
r: 1129
s: 381
s: 371
a: [3,1128,1,3,1,1073]
s: 1128
s: 376
a: [3,1133,1,3,1,1073]
s: 1133
r: 376
r: 371
r: 1133
s: 371
s: 376
a: [3,1132,1,3,1,1073]
s: 1132
a: [3,1137,1,3,1,1073]
s: 1137
r: 376
r: 371
r: 381
d: [2,1625,0,7,1,2,23,381,1137]
d: [2,1639,0,0,0,2,21,1625,342]
e: 1639
r: 1137
a: [3,1136,1,3,1,1073]
s: 1136
s: 381
s: 371
a: [3,1141,1,3,1,1073]
s: 1141
r: 371
r: 381
d: [2,1660,0,7,1,2,23,381,1141]
d: [2,1669,0,0,0,2,21,1660,341]
e: 1669
r: 1141
s: 381
a: [3,1140,1,3,1,1073]
s: 1140
s: 371
s: 376
a: [3,1145,1,3,1,1073]
s: 1145
r: 376
r: 371
r: 1145
s: 371
a: [3,1144,1,3,1,1073]
s: 1144
s: 376
a: [3,1149,1,3,1,1073]
s: 1149
r: 371
r: 376
r: 381
d: [2,1742,0,7,1,2,23,381,1149]
d: [2,1757,0,0,0,2,21,1742,340]
e: 1757
r: 1149
a: [3,1148,1,3,1,1073]
s: 1148
s: 381
a: [3,1153,1,3,1,1073]
s: 1153
s: 371
d: [2,1763,0,8,1,2,22,371,1153]
a: [3,1767,0,8,1,1763]
s: 1767
d: [2,865,3,2,1,1,40,764,221]
a: [3,869,3,2,1,865]
s: 869
s: 376
r: 1153
a: [3,1152,1,3,1,1073]
s: 1152
s: 371
s: 376
a: [3,1157,1,3,1,1073]
s: 1157
r: 371
r: 376
r: 1096
r: 1157
s: 371
s: 1097
r: 371
r: 1116
r: 1132
r: 1144
r: 1152
d: [2,1300,0,8,1,2,23,371,1097]
a: [3,1309,0,8,1,1300]
s: 1309
s: 376
a: [3,1156,1,3,1,1073]
s: 1156
d: [2,1299,0,10,1,2,23,376,1097]
a: [3,1304,0,10,1,1299]
s: 1304
r: 1097
r: 1304
s: 1096
s: 371
d: [2,1469,0,8,1,2,23,371,1117]
a: [3,1479,0,8,1,1469]
s: 1479
s: 1117
r: 371
s: 376
s: 1132
a: [3,1303,0,10,1,1299]
s: 1303
d: [2,1468,0,10,1,2,23,376,1117]
a: [3,1474,0,10,1,1468]
s: 1474
r: 1117
r: 1474
s: 1116
s: 371
s: 1133
r: 371
d: [2,1586,0,8,1,2,23,371,1133]
a: [3,1597,0,8,1,1586]
s: 1597
s: 376
s: 1144
a: [3,1473,0,10,1,1468]
s: 1473
s: 1152
d: [2,1585,0,10,1,2,23,376,1133]
a: [3,1592,0,10,1,1585]
s: 1592
r: 1133
r: 1592
s: 371
s: 1132
d: [2,1699,0,8,1,2,23,371,1145]
a: [3,1711,0,8,1,1699]
s: 1711
s: 1145
r: 371
s: 376
a: [3,1591,0,10,1,1585]
s: 1591
s: 1152
d: [2,1698,0,10,1,2,23,376,1145]
a: [3,1706,0,10,1,1698]
s: 1706
r: 1145
r: 1706
s: 1144
s: 371
s: 376
s: 1153
r: 376
r: 371
a: [3,1705,0,10,1,1698]
s: 1705
s: 1156
d: [2,1777,0,10,1,2,22,376,1153]
a: [3,1781,0,10,1,1777]
s: 1781
r: 1153
r: 1781
s: 371
s: 1152
d: [2,1813,0,8,1,2,23,371,1157]
a: [3,1823,0,8,1,1813]
s: 1823
s: 1157
r: 371
s: 376
a: [3,1780,0,10,1,1777]
s: 1780
d: [2,871,3,2,1,1,40,798,221]
a: [3,875,3,2,1,871]
s: 875
d: [2,1814,0,10,1,2,23,376,1157]
a: [3,1828,0,10,1,1814]
s: 1828
r: 1096
r: 1157
r: 1303
r: 1828
s: 1097
r: 1152
r: 1144
r: 1132
r: 1116
r: 403
r: 928
r: 933
r: 1473
r: 1479
r: 1591
r: 1597
r: 1711
r: 1767
s: 371
a: [3,400,0,2,1,299]
s: 400
r: 558
r: 548
r: 428
r: 391
r: 302
r: 301
r: 300
r: 262
r: 247
d: [2,2945,2,0,0,2,40,400,778]
e: 2945
d: [2,2944,2,0,0,2,40,400,792]
e: 2944
d: [2,2943,2,0,0,2,40,400,786]
e: 2943
d: [2,2942,2,0,0,2,40,400,772]
e: 2942
d: [2,2941,1,0,0,2,40,400,488]
e: 2941
d: [2,2940,1,0,0,2,40,400,473]
e: 2940
d: [2,2939,1,0,0,2,40,400,463]
e: 2939
d: [2,2938,1,0,0,2,40,400,453]
e: 2938
d: [2,2937,1,0,0,2,40,400,443]
e: 2937
d: [2,2936,3,0,0,2,40,400,915]
e: 2936
d: [2,2935,1,0,0,2,40,400,408]
e: 2935
d: [2,2934,1,0,0,1,40,400,213]
e: 2934
d: [2,2933,1,0,0,1,40,400,303]
e: 2933
d: [2,2892,1,0,0,1,52,303,400]
e: 2892
d: [2,2893,1,0,0,3,52,498,503,400,251]
e: 2893
d: [2,2894,1,0,0,3,52,573,578,400,251]
e: 2894
d: [2,2895,3,0,0,3,52,920,659,400,252]
e: 2895
d: [2,2896,1,0,0,3,52,518,523,400,252]
e: 2896
d: [2,2897,1,0,0,3,52,563,568,400,252]
e: 2897
d: [2,2898,2,0,0,2,52,1076,400,400,263]
e: 2898
d: [2,2899,2,0,0,2,52,400,1076,400,263]
e: 2899
d: [2,2900,2,0,0,2,52,400,1080,400,263]
e: 2900
d: [2,2901,2,0,0,2,52,400,1084,400,263]
e: 2901
d: [2,2902,2,0,0,2,52,400,1088,400,263]
e: 2902
d: [2,2903,2,0,0,2,52,400,1092,400,263]
e: 2903
d: [2,2904,2,0,0,2,52,400,1100,400,263]
e: 2904
d: [2,2905,2,0,0,2,52,400,1104,400,263]
e: 2905
d: [2,2906,2,0,0,2,52,400,1108,400,263]
e: 2906
d: [2,2907,2,0,0,2,52,400,1112,400,263]
e: 2907
d: [2,2908,2,0,0,2,52,400,1120,400,263]
e: 2908
d: [2,2909,2,0,0,2,52,400,1124,400,263]
e: 2909
d: [2,2910,2,0,0,2,52,400,1128,400,263]
e: 2910
d: [2,2911,2,0,0,2,52,400,1136,400,263]
e: 2911
d: [2,2912,2,0,0,2,52,400,1140,400,263]
e: 2912
d: [2,2913,2,0,0,2,52,400,1148,400,263]
e: 2913
d: [2,2914,2,0,0,2,52,400,1076,400,263]
e: 2914
d: [2,2915,2,0,0,2,52,400,1080,400,263]
e: 2915
d: [2,2916,2,0,0,2,52,400,1084,400,263]
e: 2916
d: [2,2917,2,0,0,2,52,400,1088,400,263]
e: 2917
d: [2,2918,2,0,0,2,52,400,1092,400,263]
e: 2918
d: [2,2919,2,0,0,2,52,400,1100,400,263]
e: 2919
d: [2,2920,2,0,0,2,52,400,1104,400,263]
e: 2920
d: [2,2921,2,0,0,2,52,400,1108,400,263]
e: 2921
d: [2,2922,2,0,0,2,52,400,1112,400,263]
e: 2922
d: [2,2923,2,0,0,2,52,400,1120,400,263]
e: 2923
d: [2,2924,2,0,0,2,52,400,1124,400,263]
e: 2924
d: [2,2925,2,0,0,2,52,400,1128,400,263]
e: 2925
d: [2,2926,2,0,0,2,52,400,1136,400,263]
e: 2926
d: [2,2927,2,0,0,2,52,400,1140,400,263]
e: 2927
d: [2,2928,2,0,0,2,52,400,1148,400,263]
e: 2928
d: [2,2929,1,0,0,1,52,356,400,264]
e: 2929
r: 400
s: 1156
s: 391
s: 428
s: 548
s: 558
s: 929
s: 376
d: [2,939,2,2,1,1,40,929,243]
a: [3,945,2,2,1,939]
s: 945
s: 1304
a: [3,1827,0,10,1,1814]
s: 1827
d: [2,940,2,2,1,1,40,929,242]
a: [3,950,2,2,1,940]
s: 950
r: 929
r: 950
s: 403
s: 928
s: 247
s: 262
s: 933
s: 300
a: [3,949,2,2,1,940]
s: 949
s: 301
s: 302
d: [2,941,2,2,1,1,40,929,241]
a: [3,955,2,2,1,941]
s: 955
d: [2,1002,1,21,3,1,40,300,376]
d: [2,1003,1,18,2,1,21,1002,213]
d: [2,1004,1,10,1,1,21,1003,303]
a: [3,1008,1,10,1,1004]
s: 1008
d: [2,877,3,6,3,1,40,247,654]
a: [3,898,3,2,1,877]
s: 898
d: [2,1010,1,21,3,1,40,301,376]
d: [2,1011,1,18,2,1,21,1010,213]
d: [2,1012,1,10,1,1,21,1011,303]
a: [3,1016,1,10,1,1012]
s: 1016
d: [2,2021,1,21,3,1,40,1304,301]
d: [2,2023,1,18,2,1,21,2021,213]
d: [2,2024,1,10,1,1,21,2023,303]
a: [3,2028,1,10,1,2024]
s: 2028
r: 1097
r: 1304
r: 2028
s: 1096
s: 371
s: 1117
r: 371
s: 1479
s: 376
s: 1132
s: 1303
s: 1144
s: 1474
s: 1152
s: 1156
s: 1008
a: [3,889,3,2,1,877]
s: 889
s: 1016
a: [3,2027,1,10,1,2024]
s: 2027
d: [2,878,4,6,3,1,40,247,827]
a: [3,903,4,2,1,878]
s: 903
r: 903
d: [2,2022,1,21,3,1,40,1304,300]
d: [2,2030,1,18,2,1,21,2022,213]
d: [2,2031,1,10,1,1,21,2030,303]
a: [3,2035,1,10,1,2031]
s: 2035
d: [2,3244,2,0,0,2,52,213,303,1303,2035,300]
e: 3244
d: [2,3246,2,21,3,1,40,2035,300]
d: [2,3250,2,11,2,2,21,3246,1303]
d: [2,3251,2,3,1,2,21,3250,303]
d: [2,3252,2,0,0,2,21,3251,213]
e: 3252
r: 2035
a: [3,902,4,2,1,878]
s: 902
d: [2,2194,1,21,3,1,40,1474,301]
d: [2,2196,1,18,2,1,21,2194,213]
d: [2,2197,1,10,1,1,21,2196,303]
a: [3,2201,1,10,1,2197]
s: 2201
r: 1117
r: 1474
r: 2201
s: 371
s: 1116
s: 1597
s: 1133
r: 371
s: 376
s: 1473
s: 1144
s: 1592
s: 1152
s: 1156
s: 1008
a: [3,911,4,2,1,878]
s: 911
s: 1016
d: [2,1018,4,2,1,1,40,838,226]
a: [3,1023,4,2,1,1018]
s: 1023
a: [3,2200,1,10,1,2197]
s: 2200
d: [2,2195,1,21,3,1,40,1474,300]
d: [2,2203,1,18,2,1,21,2195,213]
d: [2,2204,1,10,1,1,21,2203,303]
a: [3,2208,1,10,1,2204]
s: 2208
d: [2,3442,2,0,0,2,52,213,303,1473,2208,300]
e: 3442
d: [2,3444,2,21,3,1,40,2208,300]
d: [2,3448,2,11,2,2,21,3444,1473]
d: [2,3449,2,3,1,2,21,3448,303]
d: [2,3450,2,0,0,2,21,3449,213]
e: 3450
r: 2208
d: [2,1019,4,2,1,1,40,838,225]
a: [3,1028,4,2,1,1019]
s: 1028
d: [2,2369,1,21,3,1,40,1592,301]
d: [2,2371,1,18,2,1,21,2369,213]
d: [2,2372,1,10,1,1,21,2371,303]
a: [3,2376,1,10,1,2372]
s: 2376
r: 1133
r: 1592
r: 1827
r: 2376
s: 1132
s: 371
s: 376
s: 1144
s: 1591
s: 1152
s: 1828
s: 1157
r: 371
r: 376
d: [2,1036,4,2,1,1,40,844,226]
a: [3,1041,4,2,1,1036]
s: 1041
s: 1008
d: [2,1037,4,2,1,1,40,844,225]
a: [3,1046,4,2,1,1037]
s: 1046
s: 1016
a: [3,2375,1,10,1,2372]
s: 2375
d: [2,1048,4,2,1,1,40,850,226]
a: [3,1053,4,2,1,1048]
s: 1053
d: [2,2370,1,21,3,1,40,1592,300]
d: [2,2378,1,18,2,1,21,2370,213]
d: [2,2379,1,10,1,1,21,2378,303]
a: [3,2383,1,10,1,2379]
s: 2383
d: [2,3506,2,0,0,2,52,213,303,1591,2383,300]
e: 3506
d: [2,3508,2,21,3,1,40,2383,300]
d: [2,3512,2,11,2,2,21,3508,1591]
d: [2,3513,2,3,1,2,21,3512,303]
d: [2,3514,2,0,0,2,21,3513,213]
e: 3514
r: 2383
d: [2,1049,4,2,1,1,40,850,225]
a: [3,1058,4,2,1,1049]
s: 1058
d: [2,2743,1,21,3,1,40,1828,301]
d: [2,2745,1,18,2,1,21,2743,213]
d: [2,2746,1,10,1,1,21,2745,303]
a: [3,2750,1,10,1,2746]
s: 2750
r: 1144
r: 1157
r: 1705
r: 1828
r: 2750
s: 371
s: 1145
r: 371
r: 1152
s: 1711
s: 1156
s: 376
s: 1706
d: [2,1060,4,2,1,1,40,857,222]
a: [3,1065,4,2,1,1060]
s: 1065
s: 1827
d: [2,1067,4,2,1,1,40,863,222]
a: [3,1071,4,2,1,1067]
s: 1071
s: 1008
s: 1016
d: [2,1771,4,2,1,1,40,869,222]
a: [3,1775,4,2,1,1771]
s: 1775
d: [2,2518,1,21,3,1,40,1706,301]
d: [2,2520,1,18,2,1,21,2518,213]
d: [2,2521,1,10,1,1,21,2520,303]
a: [3,2525,1,10,1,2521]
s: 2525
r: 1145
r: 1706
r: 1780
r: 2525
s: 1144
s: 371
s: 1767
s: 1153
r: 371
s: 376
s: 1156
s: 1705
s: 1781
d: [2,2737,4,2,1,1,40,875,222]
a: [3,2741,4,2,1,2737]
s: 2741
s: 1008
d: [2,3637,5,2,1,1,40,1065,226]
a: [3,3643,5,2,1,3637]
s: 3643
s: 1016
a: [3,2524,1,10,1,2521]
s: 2524
d: [2,3638,5,2,1,1,40,1065,225]
a: [3,3648,5,2,1,3638]
s: 3648
d: [2,2519,1,21,3,1,40,1706,300]
d: [2,2527,1,18,2,1,21,2519,213]
d: [2,2528,1,10,1,1,21,2527,303]
a: [3,2532,1,10,1,2528]
s: 2532
d: [2,3833,2,0,0,2,52,213,303,1705,2532,300]
e: 3833
d: [2,3835,2,21,3,1,40,2532,300]
d: [2,3839,2,11,2,2,21,3835,1705]
d: [2,3840,2,3,1,2,21,3839,303]
d: [2,3841,2,0,0,2,21,3840,213]
e: 3841
r: 2532
d: [2,3650,5,2,1,1,40,1071,226]
a: [3,3655,5,2,1,3650]
s: 3655
d: [2,2690,1,21,3,1,40,1781,301]
d: [2,2692,1,18,2,1,21,2690,213]
d: [2,2693,1,10,1,1,21,2692,303]
a: [3,2697,1,10,1,2693]
s: 2697
r: 1096
r: 1153
r: 1303
r: 1781
r: 2027
r: 2697
s: 371
s: 1097
r: 371
r: 1116
r: 1132
r: 1144
s: 376
s: 1152
s: 1304
s: 1780
s: 1156
s: 1008
d: [2,3651,5,2,1,1,40,1071,225]
a: [3,3660,5,2,1,3651]
s: 3660
s: 1016
s: 2028
d: [2,3666,5,2,1,1,40,1775,226]
a: [3,3671,5,2,1,3666]
s: 3671
s: 2035
d: [2,3667,5,2,1,1,40,1775,225]
a: [3,3676,5,2,1,3667]
s: 3676
a: [3,2696,1,10,1,2693]
s: 2696
d: [2,2691,1,21,3,1,40,1781,300]
d: [2,2699,1,18,2,1,21,2691,213]
d: [2,2700,1,10,1,1,21,2699,303]
a: [3,2704,1,10,1,2700]
s: 2704
d: [2,4041,2,0,0,2,52,213,303,1780,2704,300]
e: 4041
d: [2,4043,2,21,3,1,40,2704,300]
d: [2,4047,2,11,2,2,21,4043,1780]
d: [2,4048,2,3,1,2,21,4047,303]
d: [2,4049,2,0,0,2,21,4048,213]
e: 4049
r: 2704
d: [2,3815,5,2,1,1,40,2741,226]
a: [3,3820,5,2,1,3815]
s: 3820
a: [3,2749,1,10,1,2746]
s: 2749
d: [2,3816,5,2,1,1,40,2741,225]
a: [3,3825,5,2,1,3816]
s: 3825
d: [2,2744,1,21,3,1,40,1828,300]
d: [2,2752,1,18,2,1,21,2744,213]
d: [2,2753,1,10,1,1,21,2752,303]
a: [3,2757,1,10,1,2753]
s: 2757
d: [2,4051,2,0,0,2,52,213,303,1827,2757,300]
e: 4051
d: [2,4053,2,21,3,1,40,2757,300]
d: [2,4057,2,11,2,2,21,4053,1827]
d: [2,4058,2,3,1,2,21,4057,303]
d: [2,4059,2,0,0,2,21,4058,213]
e: 4059
r: 2757
d: [2,739,1,5,2,0,40,218,235]
s: 739
d: [2,3059,2,10,1,1,40,2028,297]
a: [3,3063,2,10,1,3059]
s: 3063
d: [2,4062,3,0,0,1,52,366,3063,265]
e: 4062
d: [2,4063,3,9,1,1,40,3063,265]
d: [2,4067,3,0,0,1,21,4063,366]
e: 4067
r: 1097
r: 1304
r: 1473
r: 2028
r: 2035
r: 2200
r: 3063
s: 371
s: 1096
s: 376
s: 1303
s: 1117
r: 376
r: 371
s: 1474
s: 1132
s: 1144
s: 1152
s: 1156
s: 1008
s: 1016
s: 2027
a: [3,2034,1,10,1,2031]
s: 2034
s: 2201
s: 2208
a: [3,3062,2,10,1,3059]
s: 3062
d: [2,740,1,5,2,0,40,230,222]
s: 740
d: [2,741,1,5,2,0,40,233,221]
s: 741
d: [2,3255,2,10,1,1,40,2201,297]
a: [3,3259,2,10,1,3255]
s: 3259
d: [2,4263,3,0,0,1,52,364,3259,265]
e: 4263
d: [2,4264,3,9,1,1,40,3259,265]
d: [2,4268,3,0,0,1,21,4264,364]
e: 4268
r: 1117
r: 1474
r: 1591
r: 2201
r: 2208
r: 2375
r: 3259
s: 371
s: 1116
s: 376
s: 1473
s: 1133
r: 376
r: 371
s: 1592
s: 1144
s: 1152
s: 1156
s: 1008
s: 1016
s: 2200
a: [3,2207,1,10,1,2204]
s: 2207
s: 2376
s: 2383
d: [2,742,1,5,2,0,40,240,226]
s: 742
a: [3,3258,2,10,1,3255]
s: 3258
d: [2,743,1,5,2,0,40,240,225]
s: 743
d: [2,815,1,5,2,0,40,219,296]
s: 815
d: [2,3453,2,10,1,1,40,2376,297]
a: [3,3457,2,10,1,3453]
s: 3457
d: [2,4499,3,0,0,1,52,362,3457,265]
e: 4499
d: [2,4500,3,9,1,1,40,3457,265]
d: [2,4504,3,0,0,1,21,4500,362]
e: 4504
r: 1133
r: 1592
r: 1827
r: 2376
r: 2383
r: 2749
r: 3457
s: 371
s: 1132
s: 376
s: 1591
s: 1144
s: 1828
s: 1152
s: 1157
r: 371
r: 376
s: 1008
s: 1016
s: 2375
a: [3,2382,1,10,1,2379]
s: 2382
s: 2750
s: 2757
a: [3,3456,2,10,1,3453]
s: 3456
d: [2,816,1,5,2,0,40,220,296]
s: 816
d: [2,3517,2,10,1,1,40,2750,297]
a: [3,3521,2,10,1,3517]
s: 3521
d: [2,4561,3,0,0,1,52,356,3521,265]
e: 4561
d: [2,4562,3,9,1,1,40,3521,265]
d: [2,4566,3,0,0,1,21,4562,356]
e: 4566
r: 1144
r: 1157
r: 1705
r: 1828
r: 2524
r: 2750
r: 2757
r: 3521
s: 371
s: 376
s: 1145
r: 371
r: 376
r: 1152
s: 1706
s: 1156
s: 1827
s: 1008
s: 1016
s: 2525
s: 2532
s: 2749
a: [3,2756,1,10,1,2753]
s: 2756
a: [3,3520,2,10,1,3517]
s: 3520
d: [2,817,1,5,2,0,40,223,296]
s: 817
d: [2,3679,2,10,1,1,40,2525,297]
a: [3,3683,2,10,1,3679]
s: 3683
d: [2,4754,3,0,0,1,52,360,3683,265]
e: 4754
d: [2,4755,3,9,1,1,40,3683,265]
d: [2,4759,3,0,0,1,21,4755,360]
e: 4759
r: 1145
r: 1706
r: 1780
r: 2525
r: 2532
r: 2696
r: 3683
s: 371
s: 376
s: 1144
s: 1705
s: 1153
r: 371
r: 376
s: 1781
s: 1156
s: 1008
s: 1016
s: 2524
a: [3,2531,1,10,1,2528]
s: 2531
s: 2697
s: 2704
d: [2,818,1,5,2,0,40,224,296]
s: 818
a: [3,3682,2,10,1,3679]
s: 3682
d: [2,819,1,5,2,0,40,227,296]
s: 819
d: [2,820,1,5,2,0,40,228,296]
s: 820
d: [2,3844,2,10,1,1,40,2697,297]
a: [3,3848,2,10,1,3844]
s: 3848
d: [2,4957,3,0,0,1,52,358,3848,265]
e: 4957
d: [2,4958,3,9,1,1,40,3848,265]
d: [2,4962,3,0,0,1,21,4958,358]
e: 4962
d: [2,2735,0,10,1,2,22,376,1157]
d: [2,4017,0,10,1,2,22,376,1097]
d: [2,4021,1,21,3,1,40,1304,300]
d: [2,4025,1,18,2,1,21,4021,213]
d: [2,4026,1,10,1,1,21,4025,303]
d: [2,4036,2,21,3,1,40,2035,301]
d: [2,4038,2,13,2,1,21,4036,303]
d: [2,4039,2,10,1,1,21,4038,213]
d: [2,4232,0,10,1,2,23,376,1117]
d: [2,4237,1,21,3,1,40,1474,300]
d: [2,4241,1,18,2,1,21,4237,213]
d: [2,4242,1,10,1,1,21,4241,303]
d: [2,4255,2,21,3,1,40,2208,301]
d: [2,4257,2,13,2,1,21,4255,303]
d: [2,4258,2,10,1,1,21,4257,213]
d: [2,4471,0,10,1,2,23,376,1133]
d: [2,4477,1,21,3,1,40,1592,300]
d: [2,4481,1,18,2,1,21,4477,213]
d: [2,4482,1,10,1,1,21,4481,303]
d: [2,4494,2,21,3,1,40,2383,301]
d: [2,4496,2,13,2,1,21,4494,303]
d: [2,4497,2,10,1,1,21,4496,213]
d: [2,4534,1,21,3,1,40,1828,300]
d: [2,4538,1,18,2,1,21,4534,213]
d: [2,4539,1,10,1,1,21,4538,303]
d: [2,4555,2,21,3,1,40,2757,301]
d: [2,4557,2,13,2,1,21,4555,303]
d: [2,4558,2,10,1,1,21,4557,213]
d: [2,4726,0,10,1,2,23,376,1145]
d: [2,4733,1,21,3,1,40,1706,300]
d: [2,4737,1,18,2,1,21,4733,213]
d: [2,4738,1,10,1,1,21,4737,303]
d: [2,4748,2,21,3,1,40,2532,301]
d: [2,4750,2,13,2,1,21,4748,303]
d: [2,4751,2,10,1,1,21,4750,213]
d: [2,4897,1,63,21,1,40,371,281]
d: [2,4898,1,60,20,2,21,4897,1148]
d: [2,4899,1,57,19,3,21,4898,1140]
d: [2,4900,1,54,18,4,21,4899,1136]
d: [2,4901,1,51,17,5,21,4900,1132]
d: [2,4902,1,48,16,6,21,4901,1128]
d: [2,4903,1,45,15,7,21,4902,1124]
d: [2,4904,1,42,14,8,21,4903,1120]
d: [2,4905,1,39,13,9,21,4904,1116]
d: [2,4906,1,36,12,10,21,4905,1112]
d: [2,4907,1,33,11,11,21,4906,1108]
d: [2,4908,1,30,10,12,21,4907,1104]
d: [2,4909,1,27,9,13,21,4908,1100]
d: [2,4910,1,24,8,14,21,4909,1096]
d: [2,4911,1,21,7,15,21,4910,1092]
d: [2,4912,1,18,6,16,21,4911,1088]
d: [2,4913,1,15,5,17,21,4912,1084]
d: [2,4914,1,12,4,18,21,4913,1080]
d: [2,4915,1,9,3,19,21,4914,1076]
d: [2,4926,0,10,1,2,23,376,1153]
d: [2,4933,1,21,3,1,40,1781,300]
d: [2,4937,1,18,2,1,21,4933,213]
d: [2,4938,1,10,1,1,21,4937,303]
d: [2,4948,2,21,3,1,40,2704,301]
d: [2,4950,2,13,2,1,21,4948,303]
d: [2,4951,2,10,1,1,21,4950,213]
f: 4962,4951,4938,4926,4915,4759,4751,4738,4726,4566,4558,4539,4504,4497,4482,4471,4268,4258,4242,4232,4067,4039,4026,4017,2735,1757,1669,1639,1560,1521,1516,1446,1411,1377,1344,1282,1253,1225,1198,1172,207,208,209
% Refutation found. Thanks to Tanya!
% SZS status Theorem for borsuk_5__t7_borsuk_5
% SZS output start Proof for borsuk_5__t7_borsuk_5
1. ! [X0] : ! [X1] : ! [X2] : ! [X3] : ! [X4] : ! [X5] : ! [X6] : ((r1_subset_1(k4_enumset1(X0,X1,X2,X3,X4,X5),k1_tarski(X6)) & r4_zfmisc_1(X0,X1,X2,X3,X4,X5)) => r5_zfmisc_1(X0,X1,X2,X3,X4,X5,X6)) [input t7_borsuk_5]
2. ~! [X0] : ! [X1] : ! [X2] : ! [X3] : ! [X4] : ! [X5] : ! [X6] : ((r1_subset_1(k4_enumset1(X0,X1,X2,X3,X4,X5),k1_tarski(X6)) & r4_zfmisc_1(X0,X1,X2,X3,X4,X5)) => r5_zfmisc_1(X0,X1,X2,X3,X4,X5,X6)) [negated conjecture 1]
37. ! [X0] : ! [X1] : ! [X2] : ! [X3] : ! [X4] : ! [X5] : ! [X6] : (k4_enumset1(X0,X1,X2,X3,X4,X5) = X6 <=> ! [X7] : (r2_hidden(X7,X6) <=> ~(X5 != X7 & X4 != X7 & X3 != X7 & X2 != X7 & X1 != X7 & X0 != X7))) [input d4_enumset1]
38. ! [X0] : ! [X1] : ! [X2] : ! [X3] : ! [X4] : ! [X5] : (r4_zfmisc_1(X0,X1,X2,X3,X4,X5) <=> (X4 != X5 & X3 != X5 & X3 != X4 & X2 != X5 & X2 != X4 & X2 != X3 & X1 != X5 & X1 != X4 & X1 != X3 & X1 != X2 & X0 != X5 & X0 != X4 & X0 != X3 & X0 != X2 & X0 != X1)) [input d8_zfmisc_1]
39. ! [X0] : ! [X1] : ! [X2] : ! [X3] : ! [X4] : ! [X5] : ! [X6] : (r5_zfmisc_1(X0,X1,X2,X3,X4,X5,X6) <=> (X5 != X6 & X4 != X6 & X4 != X5 & X3 != X6 & X3 != X5 & X3 != X4 & X2 != X6 & X2 != X5 & X2 != X4 & X2 != X3 & X1 != X6 & X1 != X5 & X1 != X4 & X1 != X3 & X1 != X2 & X0 != X6 & X0 != X5 & X0 != X4 & X0 != X3 & X0 != X2 & X0 != X1)) [input d9_zfmisc_1]
51. ! [X0] : ~v1_xboole_0(k1_tarski(X0)) [input fc2_xboole_0]
53. ! [X0,X1,X2,X3,X4,X5] : ~v1_xboole_0(k4_enumset1(X0,X1,X2,X3,X4,X5)) [input fc5_subset_1]
76. ! [X0,X1] : ((~v1_xboole_0(X1) & ~v1_xboole_0(X0)) => (r1_subset_1(X0,X1) <=> r1_xboole_0(X0,X1))) [input redefinition_r1_subset_1]
77. ! [X0,X1] : ((~v1_xboole_0(X1) & ~v1_xboole_0(X0)) => (r1_subset_1(X0,X1) => r1_subset_1(X1,X0))) [input symmetry_r1_subset_1]
81. ! [X0] : ! [X1] : ~(r2_hidden(X0,X1) & r1_xboole_0(k1_tarski(X0),X1)) [input t48_zfmisc_1]
85. ~! [X0,X1,X2,X3,X4,X5,X6] : ((r1_subset_1(k4_enumset1(X0,X1,X2,X3,X4,X5),k1_tarski(X6)) & r4_zfmisc_1(X0,X1,X2,X3,X4,X5)) => r5_zfmisc_1(X0,X1,X2,X3,X4,X5,X6)) [flattening 2]
90. ! [X0,X1] : ~(r2_hidden(X0,X1) & r1_xboole_0(k1_tarski(X0),X1)) [flattening 81]
91. ! [X0,X1,X2,X3,X4,X5] : (r4_zfmisc_1(X0,X1,X2,X3,X4,X5) <=> (X4 != X5 & X3 != X5 & X3 != X4 & X2 != X5 & X2 != X4 & X2 != X3 & X1 != X5 & X1 != X4 & X1 != X3 & X1 != X2 & X0 != X5 & X0 != X4 & X0 != X3 & X0 != X2 & X0 != X1)) [flattening 38]
92. ! [X0,X1,X2,X3,X4,X5,X6] : (r5_zfmisc_1(X0,X1,X2,X3,X4,X5,X6) <=> (X5 != X6 & X4 != X6 & X4 != X5 & X3 != X6 & X3 != X5 & X3 != X4 & X2 != X6 & X2 != X5 & X2 != X4 & X2 != X3 & X1 != X6 & X1 != X5 & X1 != X4 & X1 != X3 & X1 != X2 & X0 != X6 & X0 != X5 & X0 != X4 & X0 != X3 & X0 != X2 & X0 != X1)) [flattening 39]
93. ! [X0,X1,X2,X3,X4,X5,X6] : (k4_enumset1(X0,X1,X2,X3,X4,X5) = X6 <=> ! [X7] : (r2_hidden(X7,X6) <=> ~(X5 != X7 & X4 != X7 & X3 != X7 & X2 != X7 & X1 != X7 & X0 != X7))) [flattening 37]
94. ! [X0,X1,X2,X3,X4,X5,X6] : ((X5 != X6 & X4 != X6 & X4 != X5 & X3 != X6 & X3 != X5 & X3 != X4 & X2 != X6 & X2 != X5 & X2 != X4 & X2 != X3 & X1 != X6 & X1 != X5 & X1 != X4 & X1 != X3 & X1 != X2 & X0 != X6 & X0 != X5 & X0 != X4 & X0 != X3 & X0 != X2 & X0 != X1) => r5_zfmisc_1(X0,X1,X2,X3,X4,X5,X6)) [unused predicate definition removal 92]
95. ! [X0,X1,X2,X3,X4,X5] : (r4_zfmisc_1(X0,X1,X2,X3,X4,X5) => (X4 != X5 & X3 != X5 & X3 != X4 & X2 != X5 & X2 != X4 & X2 != X3 & X1 != X5 & X1 != X4 & X1 != X3 & X1 != X2 & X0 != X5 & X0 != X4 & X0 != X3 & X0 != X2 & X0 != X1)) [unused predicate definition removal 91]
100. ? [X0,X1,X2,X3,X4,X5,X6] : (~r5_zfmisc_1(X0,X1,X2,X3,X4,X5,X6) & (r1_subset_1(k4_enumset1(X0,X1,X2,X3,X4,X5),k1_tarski(X6)) & r4_zfmisc_1(X0,X1,X2,X3,X4,X5))) [ennf transformation 85]
101. ? [X0,X1,X2,X3,X4,X5,X6] : (~r5_zfmisc_1(X0,X1,X2,X3,X4,X5,X6) & r1_subset_1(k4_enumset1(X0,X1,X2,X3,X4,X5),k1_tarski(X6)) & r4_zfmisc_1(X0,X1,X2,X3,X4,X5)) [flattening 100]
150. ! [X0,X1] : (~r2_hidden(X0,X1) | ~r1_xboole_0(k1_tarski(X0),X1)) [ennf transformation 90]
151. ! [X0,X1,X2,X3,X4,X5] : ((X4 != X5 & X3 != X5 & X3 != X4 & X2 != X5 & X2 != X4 & X2 != X3 & X1 != X5 & X1 != X4 & X1 != X3 & X1 != X2 & X0 != X5 & X0 != X4 & X0 != X3 & X0 != X2 & X0 != X1) | ~r4_zfmisc_1(X0,X1,X2,X3,X4,X5)) [ennf transformation 95]
152. ! [X0,X1,X2,X3,X4,X5,X6] : (r5_zfmisc_1(X0,X1,X2,X3,X4,X5,X6) | (X5 = X6 | X4 = X6 | X4 = X5 | X3 = X6 | X3 = X5 | X3 = X4 | X2 = X6 | X2 = X5 | X2 = X4 | X2 = X3 | X1 = X6 | X1 = X5 | X1 = X4 | X1 = X3 | X1 = X2 | X0 = X6 | X0 = X5 | X0 = X4 | X0 = X3 | X0 = X2 | X0 = X1)) [ennf transformation 94]
153. ! [X0,X1,X2,X3,X4,X5,X6] : (r5_zfmisc_1(X0,X1,X2,X3,X4,X5,X6) | X5 = X6 | X4 = X6 | X4 = X5 | X3 = X6 | X3 = X5 | X3 = X4 | X2 = X6 | X2 = X5 | X2 = X4 | X2 = X3 | X1 = X6 | X1 = X5 | X1 = X4 | X1 = X3 | X1 = X2 | X0 = X6 | X0 = X5 | X0 = X4 | X0 = X3 | X0 = X2 | X0 = X1) [flattening 152]
154. ! [X0,X1,X2,X3,X4,X5,X6] : (k4_enumset1(X0,X1,X2,X3,X4,X5) = X6 <=> ! [X7] : (r2_hidden(X7,X6) <=> (X5 = X7 | X4 = X7 | X3 = X7 | X2 = X7 | X1 = X7 | X0 = X7))) [ennf transformation 93]
159. ! [X0,X1] : ((r1_subset_1(X1,X0) | ~r1_subset_1(X0,X1)) | (v1_xboole_0(X1) | v1_xboole_0(X0))) [ennf transformation 77]
160. ! [X0,X1] : (r1_subset_1(X1,X0) | ~r1_subset_1(X0,X1) | v1_xboole_0(X1) | v1_xboole_0(X0)) [flattening 159]
161. ! [X0,X1] : ((r1_subset_1(X0,X1) <=> r1_xboole_0(X0,X1)) | (v1_xboole_0(X1) | v1_xboole_0(X0))) [ennf transformation 76]
162. ! [X0,X1] : ((r1_subset_1(X0,X1) <=> r1_xboole_0(X0,X1)) | v1_xboole_0(X1) | v1_xboole_0(X0)) [flattening 161]
163. ? [X0,X1,X2,X3,X4,X5,X6] : (~r5_zfmisc_1(X0,X1,X2,X3,X4,X5,X6) & r1_subset_1(k4_enumset1(X0,X1,X2,X3,X4,X5),k1_tarski(X6)) & r4_zfmisc_1(X0,X1,X2,X3,X4,X5)) => (~r5_zfmisc_1(sK0,sK1,sK2,sK3,sK4,sK5,sK6) & r1_subset_1(k4_enumset1(sK0,sK1,sK2,sK3,sK4,sK5),k1_tarski(sK6)) & r4_zfmisc_1(sK0,sK1,sK2,sK3,sK4,sK5)) [choice axiom]
164. ~r5_zfmisc_1(sK0,sK1,sK2,sK3,sK4,sK5,sK6) & r1_subset_1(k4_enumset1(sK0,sK1,sK2,sK3,sK4,sK5),k1_tarski(sK6)) & r4_zfmisc_1(sK0,sK1,sK2,sK3,sK4,sK5) [skolemisation 101,163]
165. ! [X0,X1,X2,X3,X4,X5,X6] : ((k4_enumset1(X0,X1,X2,X3,X4,X5) = X6 | ? [X7] : (((X5 != X7 & X4 != X7 & X3 != X7 & X2 != X7 & X1 != X7 & X0 != X7) | ~r2_hidden(X7,X6)) & ((X5 = X7 | X4 = X7 | X3 = X7 | X2 = X7 | X1 = X7 | X0 = X7) | r2_hidden(X7,X6)))) & (! [X7] : ((r2_hidden(X7,X6) | (X5 != X7 & X4 != X7 & X3 != X7 & X2 != X7 & X1 != X7 & X0 != X7)) & ((X5 = X7 | X4 = X7 | X3 = X7 | X2 = X7 | X1 = X7 | X0 = X7) | ~r2_hidden(X7,X6))) | k4_enumset1(X0,X1,X2,X3,X4,X5) != X6)) [nnf transformation 154]
166. ! [X0,X1,X2,X3,X4,X5,X6] : ((k4_enumset1(X0,X1,X2,X3,X4,X5) = X6 | ? [X7] : (((X5 != X7 & X4 != X7 & X3 != X7 & X2 != X7 & X1 != X7 & X0 != X7) | ~r2_hidden(X7,X6)) & (X5 = X7 | X4 = X7 | X3 = X7 | X2 = X7 | X1 = X7 | X0 = X7 | r2_hidden(X7,X6)))) & (! [X7] : ((r2_hidden(X7,X6) | (X5 != X7 & X4 != X7 & X3 != X7 & X2 != X7 & X1 != X7 & X0 != X7)) & (X5 = X7 | X4 = X7 | X3 = X7 | X2 = X7 | X1 = X7 | X0 = X7 | ~r2_hidden(X7,X6))) | k4_enumset1(X0,X1,X2,X3,X4,X5) != X6)) [flattening 165]
167. ! [X0,X1,X2,X3,X4,X5,X6] : ((k4_enumset1(X0,X1,X2,X3,X4,X5) = X6 | ? [X7] : (((X5 != X7 & X4 != X7 & X3 != X7 & X2 != X7 & X1 != X7 & X0 != X7) | ~r2_hidden(X7,X6)) & (X5 = X7 | X4 = X7 | X3 = X7 | X2 = X7 | X1 = X7 | X0 = X7 | r2_hidden(X7,X6)))) & (! [X8] : ((r2_hidden(X8,X6) | (X5 != X8 & X4 != X8 & X3 != X8 & X2 != X8 & X1 != X8 & X0 != X8)) & (X5 = X8 | X4 = X8 | X3 = X8 | X2 = X8 | X1 = X8 | X0 = X8 | ~r2_hidden(X8,X6))) | k4_enumset1(X0,X1,X2,X3,X4,X5) != X6)) [rectify 166]
168. ! [X6,X5,X4,X3,X2,X1,X0] : (? [X7] : (((X5 != X7 & X4 != X7 & X3 != X7 & X2 != X7 & X1 != X7 & X0 != X7) | ~r2_hidden(X7,X6)) & (X5 = X7 | X4 = X7 | X3 = X7 | X2 = X7 | X1 = X7 | X0 = X7 | r2_hidden(X7,X6))) => (((sK7(X0,X1,X2,X3,X4,X5,X6) != X5 & sK7(X0,X1,X2,X3,X4,X5,X6) != X4 & sK7(X0,X1,X2,X3,X4,X5,X6) != X3 & sK7(X0,X1,X2,X3,X4,X5,X6) != X2 & sK7(X0,X1,X2,X3,X4,X5,X6) != X1 & sK7(X0,X1,X2,X3,X4,X5,X6) != X0) | ~r2_hidden(sK7(X0,X1,X2,X3,X4,X5,X6),X6)) & (sK7(X0,X1,X2,X3,X4,X5,X6) = X5 | sK7(X0,X1,X2,X3,X4,X5,X6) = X4 | sK7(X0,X1,X2,X3,X4,X5,X6) = X3 | sK7(X0,X1,X2,X3,X4,X5,X6) = X2 | sK7(X0,X1,X2,X3,X4,X5,X6) = X1 | sK7(X0,X1,X2,X3,X4,X5,X6) = X0 | r2_hidden(sK7(X0,X1,X2,X3,X4,X5,X6),X6)))) [choice axiom]
169. ! [X0,X1,X2,X3,X4,X5,X6] : ((k4_enumset1(X0,X1,X2,X3,X4,X5) = X6 | (((sK7(X0,X1,X2,X3,X4,X5,X6) != X5 & sK7(X0,X1,X2,X3,X4,X5,X6) != X4 & sK7(X0,X1,X2,X3,X4,X5,X6) != X3 & sK7(X0,X1,X2,X3,X4,X5,X6) != X2 & sK7(X0,X1,X2,X3,X4,X5,X6) != X1 & sK7(X0,X1,X2,X3,X4,X5,X6) != X0) | ~r2_hidden(sK7(X0,X1,X2,X3,X4,X5,X6),X6)) & (sK7(X0,X1,X2,X3,X4,X5,X6) = X5 | sK7(X0,X1,X2,X3,X4,X5,X6) = X4 | sK7(X0,X1,X2,X3,X4,X5,X6) = X3 | sK7(X0,X1,X2,X3,X4,X5,X6) = X2 | sK7(X0,X1,X2,X3,X4,X5,X6) = X1 | sK7(X0,X1,X2,X3,X4,X5,X6) = X0 | r2_hidden(sK7(X0,X1,X2,X3,X4,X5,X6),X6)))) & (! [X8] : ((r2_hidden(X8,X6) | (X5 != X8 & X4 != X8 & X3 != X8 & X2 != X8 & X1 != X8 & X0 != X8)) & (X5 = X8 | X4 = X8 | X3 = X8 | X2 = X8 | X1 = X8 | X0 = X8 | ~r2_hidden(X8,X6))) | k4_enumset1(X0,X1,X2,X3,X4,X5) != X6)) [skolemisation 167,168]
172. ! [X0,X1] : (((r1_subset_1(X0,X1) | ~r1_xboole_0(X0,X1)) & (r1_xboole_0(X0,X1) | ~r1_subset_1(X0,X1))) | v1_xboole_0(X1) | v1_xboole_0(X0)) [nnf transformation 162]
207. r4_zfmisc_1(sK0,sK1,sK2,sK3,sK4,sK5) [cnf transformation 164] {a:0,w:7,wCS:700,goal:1,sine:0,thAx:0,allAx:2,thDist:-2}
208. r1_subset_1(k4_enumset1(sK0,sK1,sK2,sK3,sK4,sK5),k1_tarski(sK6)) [cnf transformation 164] {a:0,w:10,wCS:1000,goal:1,sine:0,thAx:0,allAx:2,thDist:-2}
209. ~r5_zfmisc_1(sK0,sK1,sK2,sK3,sK4,sK5,sK6) [cnf transformation 164] {a:0,w:8,wCS:800,goal:1,sine:0,thAx:0,allAx:2,thDist:-2}
213. ~v1_xboole_0(k1_tarski(X0)) [cnf transformation 51] {a:0,w:3,wCS:1200,nSel:1,sine:1,thAx:0,allAx:1,thDist:-1}
265. ~r1_xboole_0(k1_tarski(X0),X1) | ~r2_hidden(X0,X1) [cnf transformation 150] {a:0,w:7,wCS:2800,nSel:1,sine:255,thAx:0,allAx:1,thDist:-1}
266. X0 != X1 | ~r4_zfmisc_1(X0,X1,X2,X3,X4,X5) [cnf transformation 151] {a:0,w:10,wCS:4000,sine:1,thAx:0,allAx:1,thDist:-1}
267. X0 != X2 | ~r4_zfmisc_1(X0,X1,X2,X3,X4,X5) [cnf transformation 151] {a:0,w:10,wCS:4000,sine:1,thAx:0,allAx:1,thDist:-1}
268. X0 != X3 | ~r4_zfmisc_1(X0,X1,X2,X3,X4,X5) [cnf transformation 151] {a:0,w:10,wCS:4000,sine:1,thAx:0,allAx:1,thDist:-1}
269. X0 != X4 | ~r4_zfmisc_1(X0,X1,X2,X3,X4,X5) [cnf transformation 151] {a:0,w:10,wCS:4000,sine:1,thAx:0,allAx:1,thDist:-1}
270. X0 != X5 | ~r4_zfmisc_1(X0,X1,X2,X3,X4,X5) [cnf transformation 151] {a:0,w:10,wCS:4000,sine:1,thAx:0,allAx:1,thDist:-1}
271. X1 != X2 | ~r4_zfmisc_1(X0,X1,X2,X3,X4,X5) [cnf transformation 151] {a:0,w:10,wCS:4000,sine:1,thAx:0,allAx:1,thDist:-1}
272. X1 != X3 | ~r4_zfmisc_1(X0,X1,X2,X3,X4,X5) [cnf transformation 151] {a:0,w:10,wCS:4000,sine:1,thAx:0,allAx:1,thDist:-1}
273. X1 != X4 | ~r4_zfmisc_1(X0,X1,X2,X3,X4,X5) [cnf transformation 151] {a:0,w:10,wCS:4000,sine:1,thAx:0,allAx:1,thDist:-1}
274. X1 != X5 | ~r4_zfmisc_1(X0,X1,X2,X3,X4,X5) [cnf transformation 151] {a:0,w:10,wCS:4000,sine:1,thAx:0,allAx:1,thDist:-1}
275. X2 != X3 | ~r4_zfmisc_1(X0,X1,X2,X3,X4,X5) [cnf transformation 151] {a:0,w:10,wCS:4000,sine:1,thAx:0,allAx:1,thDist:-1}
276. X2 != X4 | ~r4_zfmisc_1(X0,X1,X2,X3,X4,X5) [cnf transformation 151] {a:0,w:10,wCS:4000,sine:1,thAx:0,allAx:1,thDist:-1}
277. X2 != X5 | ~r4_zfmisc_1(X0,X1,X2,X3,X4,X5) [cnf transformation 151] {a:0,w:10,wCS:4000,sine:1,thAx:0,allAx:1,thDist:-1}
278. X3 != X4 | ~r4_zfmisc_1(X0,X1,X2,X3,X4,X5) [cnf transformation 151] {a:0,w:10,wCS:4000,sine:1,thAx:0,allAx:1,thDist:-1}
279. X3 != X5 | ~r4_zfmisc_1(X0,X1,X2,X3,X4,X5) [cnf transformation 151] {a:0,w:10,wCS:4000,sine:1,thAx:0,allAx:1,thDist:-1}
280. X4 != X5 | ~r4_zfmisc_1(X0,X1,X2,X3,X4,X5) [cnf transformation 151] {a:0,w:10,wCS:4000,sine:1,thAx:0,allAx:1,thDist:-1}
281. r5_zfmisc_1(X0,X1,X2,X3,X4,X5,X6) | X5 = X6 | X4 = X6 | X4 = X5 | X3 = X6 | X3 = X5 | X3 = X4 | X2 = X6 | X2 = X5 | X2 = X4 | X2 = X3 | X1 = X6 | X1 = X5 | X1 = X4 | X1 = X3 | X1 = X2 | X0 = X6 | X0 = X5 | X0 = X4 | X0 = X3 | X0 = X2 | X0 = X1 [cnf transformation 153] {a:0,w:71,wCS:28400,nSel:1,sine:1,thAx:0,allAx:1,thDist:-1}
283. r2_hidden(X8,X6) | X0 != X8 | k4_enumset1(X0,X1,X2,X3,X4,X5) != X6 [cnf transformation 169] {a:0,w:15,wCS:6000,sine:1,thAx:0,allAx:2,thDist:-2}
284. r2_hidden(X8,X6) | X1 != X8 | k4_enumset1(X0,X1,X2,X3,X4,X5) != X6 [cnf transformation 169] {a:0,w:15,wCS:6000,sine:1,thAx:0,allAx:2,thDist:-2}
285. r2_hidden(X8,X6) | X2 != X8 | k4_enumset1(X0,X1,X2,X3,X4,X5) != X6 [cnf transformation 169] {a:0,w:15,wCS:6000,sine:1,thAx:0,allAx:2,thDist:-2}
286. r2_hidden(X8,X6) | X3 != X8 | k4_enumset1(X0,X1,X2,X3,X4,X5) != X6 [cnf transformation 169] {a:0,w:15,wCS:6000,sine:1,thAx:0,allAx:2,thDist:-2}
287. r2_hidden(X8,X6) | X4 != X8 | k4_enumset1(X0,X1,X2,X3,X4,X5) != X6 [cnf transformation 169] {a:0,w:15,wCS:6000,sine:1,thAx:0,allAx:2,thDist:-2}
288. r2_hidden(X8,X6) | X5 != X8 | k4_enumset1(X0,X1,X2,X3,X4,X5) != X6 [cnf transformation 169] {a:0,w:15,wCS:6000,sine:1,thAx:0,allAx:2,thDist:-2}
300. ~r1_subset_1(X0,X1) | r1_subset_1(X1,X0) | v1_xboole_0(X1) | v1_xboole_0(X0) [cnf transformation 160] {a:0,w:10,wCS:4000,nSel:1,sine:1,thAx:0,allAx:1,thDist:-1}
301. ~r1_subset_1(X0,X1) | r1_xboole_0(X0,X1) | v1_xboole_0(X1) | v1_xboole_0(X0) [cnf transformation 172] {a:0,w:10,wCS:4000,nSel:1,sine:255,thAx:0,allAx:1,thDist:-1}
303. ~v1_xboole_0(k4_enumset1(X0,X1,X2,X3,X4,X5)) [cnf transformation 53] {a:0,w:8,wCS:3200,nSel:1,sine:1,thAx:0,allAx:1,thDist:-1}
340. ~r4_zfmisc_1(X0,X1,X2,X3,X5,X5) [equality resolution 280] {a:0,w:7,wCS:2800,nSel:1,sine:1,thAx:0,allAx:1,thDist:-1}
341. ~r4_zfmisc_1(X0,X1,X2,X5,X4,X5) [equality resolution 279] {a:0,w:7,wCS:2800,nSel:1,sine:1,thAx:0,allAx:1,thDist:-1}
342. ~r4_zfmisc_1(X0,X1,X2,X4,X4,X5) [equality resolution 278] {a:0,w:7,wCS:2800,nSel:1,sine:1,thAx:0,allAx:1,thDist:-1}
343. ~r4_zfmisc_1(X0,X1,X5,X3,X4,X5) [equality resolution 277] {a:0,w:7,wCS:2800,nSel:1,sine:1,thAx:0,allAx:1,thDist:-1}
344. ~r4_zfmisc_1(X0,X1,X4,X3,X4,X5) [equality resolution 276] {a:0,w:7,wCS:2800,nSel:1,sine:1,thAx:0,allAx:1,thDist:-1}
345. ~r4_zfmisc_1(X0,X1,X3,X3,X4,X5) [equality resolution 275] {a:0,w:7,wCS:2800,nSel:1,sine:1,thAx:0,allAx:1,thDist:-1}
346. ~r4_zfmisc_1(X0,X5,X2,X3,X4,X5) [equality resolution 274] {a:0,w:7,wCS:2800,nSel:1,sine:1,thAx:0,allAx:1,thDist:-1}
347. ~r4_zfmisc_1(X0,X4,X2,X3,X4,X5) [equality resolution 273] {a:0,w:7,wCS:2800,nSel:1,sine:1,thAx:0,allAx:1,thDist:-1}
348. ~r4_zfmisc_1(X0,X3,X2,X3,X4,X5) [equality resolution 272] {a:0,w:7,wCS:2800,nSel:1,sine:1,thAx:0,allAx:1,thDist:-1}
349. ~r4_zfmisc_1(X0,X2,X2,X3,X4,X5) [equality resolution 271] {a:0,w:7,wCS:2800,nSel:1,sine:1,thAx:0,allAx:1,thDist:-1}
350. ~r4_zfmisc_1(X5,X1,X2,X3,X4,X5) [equality resolution 270] {a:0,w:7,wCS:2800,nSel:1,sine:1,thAx:0,allAx:1,thDist:-1}
351. ~r4_zfmisc_1(X4,X1,X2,X3,X4,X5) [equality resolution 269] {a:0,w:7,wCS:2800,nSel:1,sine:1,thAx:0,allAx:1,thDist:-1}
352. ~r4_zfmisc_1(X3,X1,X2,X3,X4,X5) [equality resolution 268] {a:0,w:7,wCS:2800,nSel:1,sine:1,thAx:0,allAx:1,thDist:-1}
353. ~r4_zfmisc_1(X2,X1,X2,X3,X4,X5) [equality resolution 267] {a:0,w:7,wCS:2800,nSel:1,sine:1,thAx:0,allAx:1,thDist:-1}
354. ~r4_zfmisc_1(X1,X1,X2,X3,X4,X5) [equality resolution 266] {a:0,w:7,wCS:2800,nSel:1,sine:1,thAx:0,allAx:1,thDist:-1}
355. r2_hidden(X8,X6) | k4_enumset1(X0,X1,X2,X3,X4,X8) != X6 [equality resolution 288] {a:0,w:12,wCS:4800,sine:1,thAx:0,allAx:2,thDist:-2}
356. r2_hidden(X8,k4_enumset1(X0,X1,X2,X3,X4,X8)) [equality resolution 355] {a:0,w:9,wCS:3600,nSel:1,sine:1,thAx:0,allAx:2,thDist:-2}
357. r2_hidden(X8,X6) | k4_enumset1(X0,X1,X2,X3,X8,X5) != X6 [equality resolution 287] {a:0,w:12,wCS:4800,sine:1,thAx:0,allAx:2,thDist:-2}
358. r2_hidden(X8,k4_enumset1(X0,X1,X2,X3,X8,X5)) [equality resolution 357] {a:0,w:9,wCS:3600,nSel:1,sine:1,thAx:0,allAx:2,thDist:-2}
359. r2_hidden(X8,X6) | k4_enumset1(X0,X1,X2,X8,X4,X5) != X6 [equality resolution 286] {a:0,w:12,wCS:4800,sine:1,thAx:0,allAx:2,thDist:-2}
360. r2_hidden(X8,k4_enumset1(X0,X1,X2,X8,X4,X5)) [equality resolution 359] {a:0,w:9,wCS:3600,nSel:1,sine:1,thAx:0,allAx:2,thDist:-2}
361. r2_hidden(X8,X6) | k4_enumset1(X0,X1,X8,X3,X4,X5) != X6 [equality resolution 285] {a:0,w:12,wCS:4800,sine:1,thAx:0,allAx:2,thDist:-2}
362. r2_hidden(X8,k4_enumset1(X0,X1,X8,X3,X4,X5)) [equality resolution 361] {a:0,w:9,wCS:3600,nSel:1,sine:1,thAx:0,allAx:2,thDist:-2}
363. r2_hidden(X8,X6) | k4_enumset1(X0,X8,X2,X3,X4,X5) != X6 [equality resolution 284] {a:0,w:12,wCS:4800,sine:1,thAx:0,allAx:2,thDist:-2}
364. r2_hidden(X8,k4_enumset1(X0,X8,X2,X3,X4,X5)) [equality resolution 363] {a:0,w:9,wCS:3600,nSel:1,sine:1,thAx:0,allAx:2,thDist:-2}
365. r2_hidden(X8,X6) | k4_enumset1(X8,X1,X2,X3,X4,X5) != X6 [equality resolution 283] {a:0,w:12,wCS:4800,sine:1,thAx:0,allAx:2,thDist:-2}
366. r2_hidden(X8,k4_enumset1(X8,X1,X2,X3,X4,X5)) [equality resolution 365] {a:0,w:9,wCS:3600,nSel:1,sine:1,thAx:0,allAx:2,thDist:-2}
369. 1 <=> r5_zfmisc_1(sK0,sK1,sK2,sK3,sK4,sK5,sK6) [avatar definition]
371. ~r5_zfmisc_1(sK0,sK1,sK2,sK3,sK4,sK5,sK6) <- (~1) [avatar component clause 369] {a:0,w:8,wCS:800,nSel:1,goal:1,sine:255,thAx:0,allAx:2,thDist:-2}
372. ~1 [avatar split clause 209,369]
374. 2 <=> r1_subset_1(k4_enumset1(sK0,sK1,sK2,sK3,sK4,sK5),k1_tarski(sK6)) [avatar definition]
376. r1_subset_1(k4_enumset1(sK0,sK1,sK2,sK3,sK4,sK5),k1_tarski(sK6)) <- (2) [avatar component clause 374] {a:0,w:10,wCS:1000,nSel:1,goal:1,sine:255,thAx:0,allAx:2,thDist:-2}
377. 2 [avatar split clause 208,374]
379. 3 <=> r4_zfmisc_1(sK0,sK1,sK2,sK3,sK4,sK5) [avatar definition]
381. r4_zfmisc_1(sK0,sK1,sK2,sK3,sK4,sK5) <- (3) [avatar component clause 379] {a:0,w:7,wCS:700,nSel:1,goal:1,sine:255,thAx:0,allAx:2,thDist:-2}
382. 3 [avatar split clause 207,379]
1075. 116 <=> sK0 = sK1 [avatar definition]
1076. sK0 != sK1 <- (~116) [avatar component clause 1075] {a:1,w:3,wCS:300,nSel:1,goal:1,sine:255,thAx:0,allAx:3,thDist:-3}
1077. sK0 = sK1 <- (116) [avatar component clause 1075] {a:1,w:3,wCS:300,nSel:1,goal:1,sine:255,thAx:0,allAx:3,thDist:-3}
1079. 117 <=> sK0 = sK2 [avatar definition]
1080. sK0 != sK2 <- (~117) [avatar component clause 1079] {a:1,w:3,wCS:300,nSel:1,goal:1,sine:255,thAx:0,allAx:3,thDist:-3}
1081. sK0 = sK2 <- (117) [avatar component clause 1079] {a:1,w:3,wCS:300,nSel:1,goal:1,sine:255,thAx:0,allAx:3,thDist:-3}
1083. 118 <=> sK0 = sK3 [avatar definition]
1084. sK0 != sK3 <- (~118) [avatar component clause 1083] {a:1,w:3,wCS:300,nSel:1,goal:1,sine:255,thAx:0,allAx:3,thDist:-3}
1085. sK0 = sK3 <- (118) [avatar component clause 1083] {a:1,w:3,wCS:300,nSel:1,goal:1,sine:255,thAx:0,allAx:3,thDist:-3}
1087. 119 <=> sK0 = sK4 [avatar definition]
1088. sK0 != sK4 <- (~119) [avatar component clause 1087] {a:1,w:3,wCS:300,nSel:1,goal:1,sine:255,thAx:0,allAx:3,thDist:-3}
1089. sK0 = sK4 <- (119) [avatar component clause 1087] {a:1,w:3,wCS:300,nSel:1,goal:1,sine:255,thAx:0,allAx:3,thDist:-3}
1091. 120 <=> sK0 = sK5 [avatar definition]
1092. sK0 != sK5 <- (~120) [avatar component clause 1091] {a:1,w:3,wCS:300,nSel:1,goal:1,sine:255,thAx:0,allAx:3,thDist:-3}
1093. sK0 = sK5 <- (120) [avatar component clause 1091] {a:1,w:3,wCS:300,nSel:1,goal:1,sine:255,thAx:0,allAx:3,thDist:-3}
1095. 121 <=> sK0 = sK6 [avatar definition]
1096. sK0 != sK6 <- (~121) [avatar component clause 1095] {a:1,w:3,wCS:300,nSel:1,goal:1,sine:255,thAx:0,allAx:3,thDist:-3}
1097. sK0 = sK6 <- (121) [avatar component clause 1095] {a:1,w:3,wCS:300,nSel:1,goal:1,sine:255,thAx:0,allAx:3,thDist:-3}
1099. 122 <=> sK1 = sK2 [avatar definition]
1100. sK1 != sK2 <- (~122) [avatar component clause 1099] {a:1,w:3,wCS:300,nSel:1,goal:1,sine:255,thAx:0,allAx:3,thDist:-3}
1101. sK1 = sK2 <- (122) [avatar component clause 1099] {a:1,w:3,wCS:300,nSel:1,goal:1,sine:255,thAx:0,allAx:3,thDist:-3}
1103. 123 <=> sK1 = sK3 [avatar definition]
1104. sK1 != sK3 <- (~123) [avatar component clause 1103] {a:1,w:3,wCS:300,nSel:1,goal:1,sine:255,thAx:0,allAx:3,thDist:-3}
1105. sK1 = sK3 <- (123) [avatar component clause 1103] {a:1,w:3,wCS:300,nSel:1,goal:1,sine:255,thAx:0,allAx:3,thDist:-3}
1107. 124 <=> sK1 = sK4 [avatar definition]
1108. sK1 != sK4 <- (~124) [avatar component clause 1107] {a:1,w:3,wCS:300,nSel:1,goal:1,sine:255,thAx:0,allAx:3,thDist:-3}
1109. sK1 = sK4 <- (124) [avatar component clause 1107] {a:1,w:3,wCS:300,nSel:1,goal:1,sine:255,thAx:0,allAx:3,thDist:-3}
1111. 125 <=> sK1 = sK5 [avatar definition]
1112. sK1 != sK5 <- (~125) [avatar component clause 1111] {a:1,w:3,wCS:300,nSel:1,goal:1,sine:255,thAx:0,allAx:3,thDist:-3}
1113. sK1 = sK5 <- (125) [avatar component clause 1111] {a:1,w:3,wCS:300,nSel:1,goal:1,sine:255,thAx:0,allAx:3,thDist:-3}
1115. 126 <=> sK1 = sK6 [avatar definition]
1116. sK1 != sK6 <- (~126) [avatar component clause 1115] {a:1,w:3,wCS:300,nSel:1,goal:1,sine:255,thAx:0,allAx:3,thDist:-3}
1117. sK1 = sK6 <- (126) [avatar component clause 1115] {a:1,w:3,wCS:300,nSel:1,goal:1,sine:255,thAx:0,allAx:3,thDist:-3}
1119. 127 <=> sK2 = sK3 [avatar definition]
1120. sK2 != sK3 <- (~127) [avatar component clause 1119] {a:1,w:3,wCS:300,nSel:1,goal:1,sine:255,thAx:0,allAx:3,thDist:-3}
1121. sK2 = sK3 <- (127) [avatar component clause 1119] {a:1,w:3,wCS:300,nSel:1,goal:1,sine:255,thAx:0,allAx:3,thDist:-3}
1123. 128 <=> sK2 = sK4 [avatar definition]
1124. sK2 != sK4 <- (~128) [avatar component clause 1123] {a:1,w:3,wCS:300,nSel:1,goal:1,sine:255,thAx:0,allAx:3,thDist:-3}
1125. sK2 = sK4 <- (128) [avatar component clause 1123] {a:1,w:3,wCS:300,nSel:1,goal:1,sine:255,thAx:0,allAx:3,thDist:-3}
1127. 129 <=> sK2 = sK5 [avatar definition]
1128. sK2 != sK5 <- (~129) [avatar component clause 1127] {a:1,w:3,wCS:300,nSel:1,goal:1,sine:255,thAx:0,allAx:3,thDist:-3}
1129. sK2 = sK5 <- (129) [avatar component clause 1127] {a:1,w:3,wCS:300,nSel:1,goal:1,sine:255,thAx:0,allAx:3,thDist:-3}
1131. 130 <=> sK2 = sK6 [avatar definition]
1132. sK2 != sK6 <- (~130) [avatar component clause 1131] {a:1,w:3,wCS:300,nSel:1,goal:1,sine:255,thAx:0,allAx:3,thDist:-3}
1133. sK2 = sK6 <- (130) [avatar component clause 1131] {a:1,w:3,wCS:300,nSel:1,goal:1,sine:255,thAx:0,allAx:3,thDist:-3}
1135. 131 <=> sK3 = sK4 [avatar definition]
1136. sK3 != sK4 <- (~131) [avatar component clause 1135] {a:1,w:3,wCS:300,nSel:1,goal:1,sine:255,thAx:0,allAx:3,thDist:-3}
1137. sK3 = sK4 <- (131) [avatar component clause 1135] {a:1,w:3,wCS:300,nSel:1,goal:1,sine:255,thAx:0,allAx:3,thDist:-3}
1139. 132 <=> sK3 = sK5 [avatar definition]
1140. sK3 != sK5 <- (~132) [avatar component clause 1139] {a:1,w:3,wCS:300,nSel:1,goal:1,sine:255,thAx:0,allAx:3,thDist:-3}
1141. sK3 = sK5 <- (132) [avatar component clause 1139] {a:1,w:3,wCS:300,nSel:1,goal:1,sine:255,thAx:0,allAx:3,thDist:-3}
1143. 133 <=> sK3 = sK6 [avatar definition]
1145. sK3 = sK6 <- (133) [avatar component clause 1143] {a:1,w:3,wCS:300,nSel:1,goal:1,sine:255,thAx:0,allAx:3,thDist:-3}
1147. 134 <=> sK4 = sK5 [avatar definition]
1148. sK4 != sK5 <- (~134) [avatar component clause 1147] {a:1,w:3,wCS:300,nSel:1,goal:1,sine:255,thAx:0,allAx:3,thDist:-3}
1149. sK4 = sK5 <- (134) [avatar component clause 1147] {a:1,w:3,wCS:300,nSel:1,goal:1,sine:255,thAx:0,allAx:3,thDist:-3}
1151. 135 <=> sK4 = sK6 [avatar definition]
1153. sK4 = sK6 <- (135) [avatar component clause 1151] {a:1,w:3,wCS:300,nSel:1,goal:1,sine:255,thAx:0,allAx:3,thDist:-3}
1155. 136 <=> sK5 = sK6 [avatar definition]
1157. sK5 = sK6 <- (136) [avatar component clause 1155] {a:1,w:3,wCS:300,nSel:1,goal:1,sine:255,thAx:0,allAx:3,thDist:-3}
1161. r4_zfmisc_1(sK0,sK0,sK2,sK3,sK4,sK5) <- (3, 116) [backward demodulation 381,1077] {a:0,w:7,wCS:700,goal:1,sine:255,thAx:0,allAx:2,thDist:-2}
1172. $false <- (3, 116) [subsumption resolution 1161,354] {a:0,w:0,goal:1,sine:1,thAx:0,allAx:2,thDist:-2}
1173. ~3 | ~116 [avatar contradiction clause 1172]
1187. r4_zfmisc_1(sK0,sK1,sK0,sK3,sK4,sK5) <- (3, 117) [backward demodulation 381,1081] {a:0,w:7,wCS:700,goal:1,sine:255,thAx:0,allAx:2,thDist:-2}
1198. $false <- (3, 117) [subsumption resolution 1187,353] {a:0,w:0,goal:1,sine:1,thAx:0,allAx:2,thDist:-2}
1199. ~3 | ~117 [avatar contradiction clause 1198]
1214. r4_zfmisc_1(sK0,sK1,sK2,sK0,sK4,sK5) <- (3, 118) [backward demodulation 381,1085] {a:0,w:7,wCS:700,goal:1,sine:255,thAx:0,allAx:2,thDist:-2}
1225. $false <- (3, 118) [subsumption resolution 1214,352] {a:0,w:0,goal:1,sine:1,thAx:0,allAx:2,thDist:-2}
1226. ~3 | ~118 [avatar contradiction clause 1225]
1242. r4_zfmisc_1(sK0,sK1,sK2,sK3,sK0,sK5) <- (3, 119) [backward demodulation 381,1089] {a:0,w:7,wCS:700,goal:1,sine:255,thAx:0,allAx:2,thDist:-2}
1253. $false <- (3, 119) [subsumption resolution 1242,351] {a:0,w:0,goal:1,sine:1,thAx:0,allAx:2,thDist:-2}
1254. ~3 | ~119 [avatar contradiction clause 1253]
1271. r4_zfmisc_1(sK0,sK1,sK2,sK3,sK4,sK0) <- (3, 120) [backward demodulation 381,1093] {a:0,w:7,wCS:700,goal:1,sine:255,thAx:0,allAx:2,thDist:-2}
1282. $false <- (3, 120) [subsumption resolution 1271,350] {a:0,w:0,goal:1,sine:1,thAx:0,allAx:2,thDist:-2}
1283. ~3 | ~120 [avatar contradiction clause 1282]
1302. 147 <=> r1_subset_1(k4_enumset1(sK0,sK1,sK2,sK3,sK4,sK5),k1_tarski(sK0)) [avatar definition]
1304. r1_subset_1(k4_enumset1(sK0,sK1,sK2,sK3,sK4,sK5),k1_tarski(sK0)) <- (147) [avatar component clause 1302] {a:0,w:10,wCS:1000,nSel:1,goal:1,sine:255,thAx:0,allAx:2,thDist:-2}
1332. r4_zfmisc_1(sK0,sK1,sK1,sK3,sK4,sK5) <- (3, 122) [backward demodulation 381,1101] {a:0,w:7,wCS:700,goal:1,sine:255,thAx:0,allAx:2,thDist:-2}
1344. $false <- (3, 122) [subsumption resolution 1332,349] {a:0,w:0,goal:1,sine:1,thAx:0,allAx:2,thDist:-2}
1345. ~3 | ~122 [avatar contradiction clause 1344]
1365. r4_zfmisc_1(sK0,sK1,sK2,sK1,sK4,sK5) <- (3, 123) [backward demodulation 381,1105] {a:0,w:7,wCS:700,goal:1,sine:255,thAx:0,allAx:2,thDist:-2}
1377. $false <- (3, 123) [subsumption resolution 1365,348] {a:0,w:0,goal:1,sine:1,thAx:0,allAx:2,thDist:-2}
1378. ~3 | ~123 [avatar contradiction clause 1377]
1399. r4_zfmisc_1(sK0,sK1,sK2,sK3,sK1,sK5) <- (3, 124) [backward demodulation 381,1109] {a:0,w:7,wCS:700,goal:1,sine:255,thAx:0,allAx:2,thDist:-2}
1411. $false <- (3, 124) [subsumption resolution 1399,347] {a:0,w:0,goal:1,sine:1,thAx:0,allAx:2,thDist:-2}
1412. ~3 | ~124 [avatar contradiction clause 1411]
1434. r4_zfmisc_1(sK0,sK1,sK2,sK3,sK4,sK1) <- (3, 125) [backward demodulation 381,1113] {a:0,w:7,wCS:700,goal:1,sine:255,thAx:0,allAx:2,thDist:-2}
1446. $false <- (3, 125) [subsumption resolution 1434,346] {a:0,w:0,goal:1,sine:1,thAx:0,allAx:2,thDist:-2}
1447. ~3 | ~125 [avatar contradiction clause 1446]
1472. 157 <=> r1_subset_1(k4_enumset1(sK0,sK1,sK2,sK3,sK4,sK5),k1_tarski(sK1)) [avatar definition]
1474. r1_subset_1(k4_enumset1(sK0,sK1,sK2,sK3,sK4,sK5),k1_tarski(sK1)) <- (157) [avatar component clause 1472] {a:0,w:10,wCS:1000,nSel:1,goal:1,sine:255,thAx:0,allAx:2,thDist:-2}
1503. r4_zfmisc_1(sK0,sK1,sK2,sK2,sK4,sK5) <- (3, 127) [backward demodulation 381,1121] {a:0,w:7,wCS:700,goal:1,sine:255,thAx:0,allAx:2,thDist:-2}
1516. $false <- (3, 127) [subsumption resolution 1503,345] {a:0,w:0,goal:1,sine:1,thAx:0,allAx:2,thDist:-2}
1517. ~3 | ~127 [avatar contradiction clause 1516]
1518. r4_zfmisc_1(sK0,sK1,sK2,sK3,sK2,sK5) <- (3, 128) [backward demodulation 381,1125] {a:0,w:7,wCS:700,goal:1,sine:255,thAx:0,allAx:2,thDist:-2}
1521. $false <- (3, 128) [subsumption resolution 1518,344] {a:0,w:0,goal:1,sine:1,thAx:0,allAx:2,thDist:-2}
1522. ~3 | ~128 [avatar contradiction clause 1521]
1547. r4_zfmisc_1(sK0,sK1,sK2,sK3,sK4,sK2) <- (3, 129) [backward demodulation 381,1129] {a:0,w:7,wCS:700,goal:1,sine:255,thAx:0,allAx:2,thDist:-2}
1560. $false <- (3, 129) [subsumption resolution 1547,343] {a:0,w:0,goal:1,sine:1,thAx:0,allAx:2,thDist:-2}
1561. ~3 | ~129 [avatar contradiction clause 1560]
1590. 163 <=> r1_subset_1(k4_enumset1(sK0,sK1,sK2,sK3,sK4,sK5),k1_tarski(sK2)) [avatar definition]
1592. r1_subset_1(k4_enumset1(sK0,sK1,sK2,sK3,sK4,sK5),k1_tarski(sK2)) <- (163) [avatar component clause 1590] {a:0,w:10,wCS:1000,nSel:1,goal:1,sine:255,thAx:0,allAx:2,thDist:-2}
1625. r4_zfmisc_1(sK0,sK1,sK2,sK3,sK3,sK5) <- (3, 131) [backward demodulation 381,1137] {a:0,w:7,wCS:700,goal:1,sine:255,thAx:0,allAx:2,thDist:-2}
1639. $false <- (3, 131) [subsumption resolution 1625,342] {a:0,w:0,goal:1,sine:1,thAx:0,allAx:2,thDist:-2}
1640. ~3 | ~131 [avatar contradiction clause 1639]
1660. r4_zfmisc_1(sK0,sK1,sK2,sK3,sK4,sK3) <- (3, 132) [backward demodulation 381,1141] {a:0,w:7,wCS:700,goal:1,sine:255,thAx:0,allAx:2,thDist:-2}
1669. $false <- (3, 132) [subsumption resolution 1660,341] {a:0,w:0,goal:1,sine:1,thAx:0,allAx:2,thDist:-2}
1670. ~3 | ~132 [avatar contradiction clause 1669]
1704. 168 <=> r1_subset_1(k4_enumset1(sK0,sK1,sK2,sK3,sK4,sK5),k1_tarski(sK3)) [avatar definition]
1706. r1_subset_1(k4_enumset1(sK0,sK1,sK2,sK3,sK4,sK5),k1_tarski(sK3)) <- (168) [avatar component clause 1704] {a:0,w:10,wCS:1000,nSel:1,goal:1,sine:255,thAx:0,allAx:2,thDist:-2}
1742. r4_zfmisc_1(sK0,sK1,sK2,sK3,sK4,sK4) <- (3, 134) [backward demodulation 381,1149] {a:0,w:7,wCS:700,goal:1,sine:255,thAx:0,allAx:2,thDist:-2}
1757. $false <- (3, 134) [subsumption resolution 1742,340] {a:0,w:0,goal:1,sine:1,thAx:0,allAx:2,thDist:-2}
1758. ~3 | ~134 [avatar contradiction clause 1757]
1779. 174 <=> r1_subset_1(k4_enumset1(sK0,sK1,sK2,sK3,sK4,sK5),k1_tarski(sK4)) [avatar definition]
1781. r1_subset_1(k4_enumset1(sK0,sK1,sK2,sK3,sK4,sK5),k1_tarski(sK4)) <- (174) [avatar component clause 1779] {a:0,w:10,wCS:1000,nSel:1,goal:1,sine:255,thAx:0,allAx:2,thDist:-2}
1826. 176 <=> r1_subset_1(k4_enumset1(sK0,sK1,sK2,sK3,sK4,sK5),k1_tarski(sK5)) [avatar definition]
1828. r1_subset_1(k4_enumset1(sK0,sK1,sK2,sK3,sK4,sK5),k1_tarski(sK5)) <- (176) [avatar component clause 1826] {a:0,w:10,wCS:1000,nSel:1,goal:1,sine:255,thAx:0,allAx:2,thDist:-2}
2033. 178 <=> r1_subset_1(k1_tarski(sK0),k4_enumset1(sK0,sK1,sK2,sK3,sK4,sK5)) [avatar definition]
2035. r1_subset_1(k1_tarski(sK0),k4_enumset1(sK0,sK1,sK2,sK3,sK4,sK5)) <- (178) [avatar component clause 2033] {a:1,w:10,wCS:1000,nSel:1,goal:1,sine:255,thAx:0,allAx:3,thDist:-3}
2206. 180 <=> r1_subset_1(k1_tarski(sK1),k4_enumset1(sK0,sK1,sK2,sK3,sK4,sK5)) [avatar definition]
2208. r1_subset_1(k1_tarski(sK1),k4_enumset1(sK0,sK1,sK2,sK3,sK4,sK5)) <- (180) [avatar component clause 2206] {a:1,w:10,wCS:1000,nSel:1,goal:1,sine:255,thAx:0,allAx:3,thDist:-3}
2381. 182 <=> r1_subset_1(k1_tarski(sK2),k4_enumset1(sK0,sK1,sK2,sK3,sK4,sK5)) [avatar definition]
2383. r1_subset_1(k1_tarski(sK2),k4_enumset1(sK0,sK1,sK2,sK3,sK4,sK5)) <- (182) [avatar component clause 2381] {a:1,w:10,wCS:1000,nSel:1,goal:1,sine:255,thAx:0,allAx:3,thDist:-3}
2530. 184 <=> r1_subset_1(k1_tarski(sK3),k4_enumset1(sK0,sK1,sK2,sK3,sK4,sK5)) [avatar definition]
2532. r1_subset_1(k1_tarski(sK3),k4_enumset1(sK0,sK1,sK2,sK3,sK4,sK5)) <- (184) [avatar component clause 2530] {a:1,w:10,wCS:1000,nSel:1,goal:1,sine:255,thAx:0,allAx:3,thDist:-3}
2702. 186 <=> r1_subset_1(k1_tarski(sK4),k4_enumset1(sK0,sK1,sK2,sK3,sK4,sK5)) [avatar definition]
2704. r1_subset_1(k1_tarski(sK4),k4_enumset1(sK0,sK1,sK2,sK3,sK4,sK5)) <- (186) [avatar component clause 2702] {a:1,w:10,wCS:1000,nSel:1,goal:1,sine:255,thAx:0,allAx:3,thDist:-3}
2735. r1_subset_1(k4_enumset1(sK0,sK1,sK2,sK3,sK4,sK5),k1_tarski(sK5)) <- (2, 136) [forward demodulation 376,1157] {a:0,w:10,wCS:1000,goal:1,sine:255,thAx:0,allAx:2,thDist:-2}
2736. 176 | ~2 | ~136 [avatar split clause 2735,1155,374,1826]
2755. 189 <=> r1_subset_1(k1_tarski(sK5),k4_enumset1(sK0,sK1,sK2,sK3,sK4,sK5)) [avatar definition]
2757. r1_subset_1(k1_tarski(sK5),k4_enumset1(sK0,sK1,sK2,sK3,sK4,sK5)) <- (189) [avatar component clause 2755] {a:1,w:10,wCS:1000,nSel:1,goal:1,sine:255,thAx:0,allAx:3,thDist:-3}
3061. 191 <=> r1_xboole_0(k1_tarski(sK0),k4_enumset1(sK0,sK1,sK2,sK3,sK4,sK5)) [avatar definition]
3063. r1_xboole_0(k1_tarski(sK0),k4_enumset1(sK0,sK1,sK2,sK3,sK4,sK5)) <- (191) [avatar component clause 3061] {a:2,w:10,wCS:1000,nSel:1,goal:1,sine:255,thAx:0,allAx:4,thDist:-4}
3257. 195 <=> r1_xboole_0(k1_tarski(sK1),k4_enumset1(sK0,sK1,sK2,sK3,sK4,sK5)) [avatar definition]
3259. r1_xboole_0(k1_tarski(sK1),k4_enumset1(sK0,sK1,sK2,sK3,sK4,sK5)) <- (195) [avatar component clause 3257] {a:2,w:10,wCS:1000,nSel:1,goal:1,sine:255,thAx:0,allAx:4,thDist:-4}
3455. 196 <=> r1_xboole_0(k1_tarski(sK2),k4_enumset1(sK0,sK1,sK2,sK3,sK4,sK5)) [avatar definition]
3457. r1_xboole_0(k1_tarski(sK2),k4_enumset1(sK0,sK1,sK2,sK3,sK4,sK5)) <- (196) [avatar component clause 3455] {a:2,w:10,wCS:1000,nSel:1,goal:1,sine:255,thAx:0,allAx:4,thDist:-4}
3519. 197 <=> r1_xboole_0(k1_tarski(sK5),k4_enumset1(sK0,sK1,sK2,sK3,sK4,sK5)) [avatar definition]
3521. r1_xboole_0(k1_tarski(sK5),k4_enumset1(sK0,sK1,sK2,sK3,sK4,sK5)) <- (197) [avatar component clause 3519] {a:2,w:10,wCS:1000,nSel:1,goal:1,sine:255,thAx:0,allAx:4,thDist:-4}
3681. 204 <=> r1_xboole_0(k1_tarski(sK3),k4_enumset1(sK0,sK1,sK2,sK3,sK4,sK5)) [avatar definition]
3683. r1_xboole_0(k1_tarski(sK3),k4_enumset1(sK0,sK1,sK2,sK3,sK4,sK5)) <- (204) [avatar component clause 3681] {a:2,w:10,wCS:1000,nSel:1,goal:1,sine:255,thAx:0,allAx:4,thDist:-4}
3846. 207 <=> r1_xboole_0(k1_tarski(sK4),k4_enumset1(sK0,sK1,sK2,sK3,sK4,sK5)) [avatar definition]
3848. r1_xboole_0(k1_tarski(sK4),k4_enumset1(sK0,sK1,sK2,sK3,sK4,sK5)) <- (207) [avatar component clause 3846] {a:2,w:10,wCS:1000,nSel:1,goal:1,sine:255,thAx:0,allAx:4,thDist:-4}
4017. r1_subset_1(k4_enumset1(sK0,sK1,sK2,sK3,sK4,sK5),k1_tarski(sK0)) <- (2, 121) [forward demodulation 376,1097] {a:0,w:10,wCS:1000,goal:1,sine:255,thAx:0,allAx:2,thDist:-2}
4018. 147 | ~2 | ~121 [avatar split clause 4017,1095,374,1302]
4021. r1_subset_1(k1_tarski(sK0),k4_enumset1(sK0,sK1,sK2,sK3,sK4,sK5)) | v1_xboole_0(k1_tarski(sK0)) | v1_xboole_0(k4_enumset1(sK0,sK1,sK2,sK3,sK4,sK5)) <- (147) [resolution 1304,300] {a:1,w:21,wCS:2100,goal:1,sine:1,thAx:0,allAx:3,thDist:-3}
4025. r1_subset_1(k1_tarski(sK0),k4_enumset1(sK0,sK1,sK2,sK3,sK4,sK5)) | v1_xboole_0(k4_enumset1(sK0,sK1,sK2,sK3,sK4,sK5)) <- (147) [subsumption resolution 4021,213] {a:1,w:18,wCS:1800,goal:1,sine:1,thAx:0,allAx:3,thDist:-3}
4026. r1_subset_1(k1_tarski(sK0),k4_enumset1(sK0,sK1,sK2,sK3,sK4,sK5)) <- (147) [subsumption resolution 4025,303] {a:1,w:10,wCS:1000,goal:1,sine:1,thAx:0,allAx:3,thDist:-3}
4027. 178 | ~147 [avatar split clause 4026,1302,2033]
4036. r1_xboole_0(k1_tarski(sK0),k4_enumset1(sK0,sK1,sK2,sK3,sK4,sK5)) | v1_xboole_0(k4_enumset1(sK0,sK1,sK2,sK3,sK4,sK5)) | v1_xboole_0(k1_tarski(sK0)) <- (178) [resolution 2035,301] {a:2,w:21,wCS:2100,goal:1,sine:255,thAx:0,allAx:4,thDist:-4}
4038. r1_xboole_0(k1_tarski(sK0),k4_enumset1(sK0,sK1,sK2,sK3,sK4,sK5)) | v1_xboole_0(k1_tarski(sK0)) <- (178) [subsumption resolution 4036,303] {a:2,w:13,wCS:1300,goal:1,sine:1,thAx:0,allAx:4,thDist:-4}
4039. r1_xboole_0(k1_tarski(sK0),k4_enumset1(sK0,sK1,sK2,sK3,sK4,sK5)) <- (178) [subsumption resolution 4038,213] {a:2,w:10,wCS:1000,goal:1,sine:1,thAx:0,allAx:4,thDist:-4}
4040. 191 | ~178 [avatar split clause 4039,2033,3061]
4063. ~r2_hidden(sK0,k4_enumset1(sK0,sK1,sK2,sK3,sK4,sK5)) <- (191) [resolution 3063,265] {a:3,w:9,wCS:900,goal:1,sine:255,thAx:0,allAx:5,thDist:-5}
4067. $false <- (191) [subsumption resolution 4063,366] {a:3,w:0,goal:1,sine:1,thAx:0,allAx:5,thDist:-5}
4068. ~191 [avatar contradiction clause 4067]
4232. r1_subset_1(k4_enumset1(sK0,sK1,sK2,sK3,sK4,sK5),k1_tarski(sK1)) <- (2, 126) [backward demodulation 376,1117] {a:0,w:10,wCS:1000,goal:1,sine:255,thAx:0,allAx:2,thDist:-2}
4235. 157 | ~2 | ~126 [avatar split clause 4232,1115,374,1472]
4237. r1_subset_1(k1_tarski(sK1),k4_enumset1(sK0,sK1,sK2,sK3,sK4,sK5)) | v1_xboole_0(k1_tarski(sK1)) | v1_xboole_0(k4_enumset1(sK0,sK1,sK2,sK3,sK4,sK5)) <- (157) [resolution 1474,300] {a:1,w:21,wCS:2100,goal:1,sine:1,thAx:0,allAx:3,thDist:-3}
4241. r1_subset_1(k1_tarski(sK1),k4_enumset1(sK0,sK1,sK2,sK3,sK4,sK5)) | v1_xboole_0(k4_enumset1(sK0,sK1,sK2,sK3,sK4,sK5)) <- (157) [subsumption resolution 4237,213] {a:1,w:18,wCS:1800,goal:1,sine:1,thAx:0,allAx:3,thDist:-3}
4242. r1_subset_1(k1_tarski(sK1),k4_enumset1(sK0,sK1,sK2,sK3,sK4,sK5)) <- (157) [subsumption resolution 4241,303] {a:1,w:10,wCS:1000,goal:1,sine:1,thAx:0,allAx:3,thDist:-3}
4243. 180 | ~157 [avatar split clause 4242,1472,2206]
4255. r1_xboole_0(k1_tarski(sK1),k4_enumset1(sK0,sK1,sK2,sK3,sK4,sK5)) | v1_xboole_0(k4_enumset1(sK0,sK1,sK2,sK3,sK4,sK5)) | v1_xboole_0(k1_tarski(sK1)) <- (180) [resolution 2208,301] {a:2,w:21,wCS:2100,goal:1,sine:255,thAx:0,allAx:4,thDist:-4}
4257. r1_xboole_0(k1_tarski(sK1),k4_enumset1(sK0,sK1,sK2,sK3,sK4,sK5)) | v1_xboole_0(k1_tarski(sK1)) <- (180) [subsumption resolution 4255,303] {a:2,w:13,wCS:1300,goal:1,sine:1,thAx:0,allAx:4,thDist:-4}
4258. r1_xboole_0(k1_tarski(sK1),k4_enumset1(sK0,sK1,sK2,sK3,sK4,sK5)) <- (180) [subsumption resolution 4257,213] {a:2,w:10,wCS:1000,goal:1,sine:1,thAx:0,allAx:4,thDist:-4}
4259. 195 | ~180 [avatar split clause 4258,2206,3257]
4264. ~r2_hidden(sK1,k4_enumset1(sK0,sK1,sK2,sK3,sK4,sK5)) <- (195) [resolution 3259,265] {a:3,w:9,wCS:900,goal:1,sine:255,thAx:0,allAx:5,thDist:-5}
4268. $false <- (195) [subsumption resolution 4264,364] {a:3,w:0,goal:1,sine:1,thAx:0,allAx:5,thDist:-5}
4269. ~195 [avatar contradiction clause 4268]
4471. r1_subset_1(k4_enumset1(sK0,sK1,sK2,sK3,sK4,sK5),k1_tarski(sK2)) <- (2, 130) [backward demodulation 376,1133] {a:0,w:10,wCS:1000,goal:1,sine:255,thAx:0,allAx:2,thDist:-2}
4475. 163 | ~2 | ~130 [avatar split clause 4471,1131,374,1590]
4477. r1_subset_1(k1_tarski(sK2),k4_enumset1(sK0,sK1,sK2,sK3,sK4,sK5)) | v1_xboole_0(k1_tarski(sK2)) | v1_xboole_0(k4_enumset1(sK0,sK1,sK2,sK3,sK4,sK5)) <- (163) [resolution 1592,300] {a:1,w:21,wCS:2100,goal:1,sine:1,thAx:0,allAx:3,thDist:-3}
4481. r1_subset_1(k1_tarski(sK2),k4_enumset1(sK0,sK1,sK2,sK3,sK4,sK5)) | v1_xboole_0(k4_enumset1(sK0,sK1,sK2,sK3,sK4,sK5)) <- (163) [subsumption resolution 4477,213] {a:1,w:18,wCS:1800,goal:1,sine:1,thAx:0,allAx:3,thDist:-3}
4482. r1_subset_1(k1_tarski(sK2),k4_enumset1(sK0,sK1,sK2,sK3,sK4,sK5)) <- (163) [subsumption resolution 4481,303] {a:1,w:10,wCS:1000,goal:1,sine:1,thAx:0,allAx:3,thDist:-3}
4483. 182 | ~163 [avatar split clause 4482,1590,2381]
4494. r1_xboole_0(k1_tarski(sK2),k4_enumset1(sK0,sK1,sK2,sK3,sK4,sK5)) | v1_xboole_0(k4_enumset1(sK0,sK1,sK2,sK3,sK4,sK5)) | v1_xboole_0(k1_tarski(sK2)) <- (182) [resolution 2383,301] {a:2,w:21,wCS:2100,goal:1,sine:255,thAx:0,allAx:4,thDist:-4}
4496. r1_xboole_0(k1_tarski(sK2),k4_enumset1(sK0,sK1,sK2,sK3,sK4,sK5)) | v1_xboole_0(k1_tarski(sK2)) <- (182) [subsumption resolution 4494,303] {a:2,w:13,wCS:1300,goal:1,sine:1,thAx:0,allAx:4,thDist:-4}
4497. r1_xboole_0(k1_tarski(sK2),k4_enumset1(sK0,sK1,sK2,sK3,sK4,sK5)) <- (182) [subsumption resolution 4496,213] {a:2,w:10,wCS:1000,goal:1,sine:1,thAx:0,allAx:4,thDist:-4}
4498. 196 | ~182 [avatar split clause 4497,2381,3455]
4500. ~r2_hidden(sK2,k4_enumset1(sK0,sK1,sK2,sK3,sK4,sK5)) <- (196) [resolution 3457,265] {a:3,w:9,wCS:900,goal:1,sine:255,thAx:0,allAx:5,thDist:-5}
4504. $false <- (196) [subsumption resolution 4500,362] {a:3,w:0,goal:1,sine:1,thAx:0,allAx:5,thDist:-5}
4505. ~196 [avatar contradiction clause 4504]
4534. r1_subset_1(k1_tarski(sK5),k4_enumset1(sK0,sK1,sK2,sK3,sK4,sK5)) | v1_xboole_0(k1_tarski(sK5)) | v1_xboole_0(k4_enumset1(sK0,sK1,sK2,sK3,sK4,sK5)) <- (176) [resolution 1828,300] {a:1,w:21,wCS:2100,goal:1,sine:1,thAx:0,allAx:3,thDist:-3}
4538. r1_subset_1(k1_tarski(sK5),k4_enumset1(sK0,sK1,sK2,sK3,sK4,sK5)) | v1_xboole_0(k4_enumset1(sK0,sK1,sK2,sK3,sK4,sK5)) <- (176) [subsumption resolution 4534,213] {a:1,w:18,wCS:1800,goal:1,sine:1,thAx:0,allAx:3,thDist:-3}
4539. r1_subset_1(k1_tarski(sK5),k4_enumset1(sK0,sK1,sK2,sK3,sK4,sK5)) <- (176) [subsumption resolution 4538,303] {a:1,w:10,wCS:1000,goal:1,sine:1,thAx:0,allAx:3,thDist:-3}
4540. 189 | ~176 [avatar split clause 4539,1826,2755]
4555. r1_xboole_0(k1_tarski(sK5),k4_enumset1(sK0,sK1,sK2,sK3,sK4,sK5)) | v1_xboole_0(k4_enumset1(sK0,sK1,sK2,sK3,sK4,sK5)) | v1_xboole_0(k1_tarski(sK5)) <- (189) [resolution 2757,301] {a:2,w:21,wCS:2100,goal:1,sine:255,thAx:0,allAx:4,thDist:-4}
4557. r1_xboole_0(k1_tarski(sK5),k4_enumset1(sK0,sK1,sK2,sK3,sK4,sK5)) | v1_xboole_0(k1_tarski(sK5)) <- (189) [subsumption resolution 4555,303] {a:2,w:13,wCS:1300,goal:1,sine:1,thAx:0,allAx:4,thDist:-4}
4558. r1_xboole_0(k1_tarski(sK5),k4_enumset1(sK0,sK1,sK2,sK3,sK4,sK5)) <- (189) [subsumption resolution 4557,213] {a:2,w:10,wCS:1000,goal:1,sine:1,thAx:0,allAx:4,thDist:-4}
4559. 197 | ~189 [avatar split clause 4558,2755,3519]
4562. ~r2_hidden(sK5,k4_enumset1(sK0,sK1,sK2,sK3,sK4,sK5)) <- (197) [resolution 3521,265] {a:3,w:9,wCS:900,goal:1,sine:255,thAx:0,allAx:5,thDist:-5}
4566. $false <- (197) [subsumption resolution 4562,356] {a:3,w:0,goal:1,sine:1,thAx:0,allAx:5,thDist:-5}
4567. ~197 [avatar contradiction clause 4566]
4726. r1_subset_1(k4_enumset1(sK0,sK1,sK2,sK3,sK4,sK5),k1_tarski(sK3)) <- (2, 133) [backward demodulation 376,1145] {a:0,w:10,wCS:1000,goal:1,sine:255,thAx:0,allAx:2,thDist:-2}
4731. 168 | ~2 | ~133 [avatar split clause 4726,1143,374,1704]
4733. r1_subset_1(k1_tarski(sK3),k4_enumset1(sK0,sK1,sK2,sK3,sK4,sK5)) | v1_xboole_0(k1_tarski(sK3)) | v1_xboole_0(k4_enumset1(sK0,sK1,sK2,sK3,sK4,sK5)) <- (168) [resolution 1706,300] {a:1,w:21,wCS:2100,goal:1,sine:1,thAx:0,allAx:3,thDist:-3}
4737. r1_subset_1(k1_tarski(sK3),k4_enumset1(sK0,sK1,sK2,sK3,sK4,sK5)) | v1_xboole_0(k4_enumset1(sK0,sK1,sK2,sK3,sK4,sK5)) <- (168) [subsumption resolution 4733,213] {a:1,w:18,wCS:1800,goal:1,sine:1,thAx:0,allAx:3,thDist:-3}
4738. r1_subset_1(k1_tarski(sK3),k4_enumset1(sK0,sK1,sK2,sK3,sK4,sK5)) <- (168) [subsumption resolution 4737,303] {a:1,w:10,wCS:1000,goal:1,sine:1,thAx:0,allAx:3,thDist:-3}
4739. 184 | ~168 [avatar split clause 4738,1704,2530]
4748. r1_xboole_0(k1_tarski(sK3),k4_enumset1(sK0,sK1,sK2,sK3,sK4,sK5)) | v1_xboole_0(k4_enumset1(sK0,sK1,sK2,sK3,sK4,sK5)) | v1_xboole_0(k1_tarski(sK3)) <- (184) [resolution 2532,301] {a:2,w:21,wCS:2100,goal:1,sine:255,thAx:0,allAx:4,thDist:-4}
4750. r1_xboole_0(k1_tarski(sK3),k4_enumset1(sK0,sK1,sK2,sK3,sK4,sK5)) | v1_xboole_0(k1_tarski(sK3)) <- (184) [subsumption resolution 4748,303] {a:2,w:13,wCS:1300,goal:1,sine:1,thAx:0,allAx:4,thDist:-4}
4751. r1_xboole_0(k1_tarski(sK3),k4_enumset1(sK0,sK1,sK2,sK3,sK4,sK5)) <- (184) [subsumption resolution 4750,213] {a:2,w:10,wCS:1000,goal:1,sine:1,thAx:0,allAx:4,thDist:-4}
4752. 204 | ~184 [avatar split clause 4751,2530,3681]
4755. ~r2_hidden(sK3,k4_enumset1(sK0,sK1,sK2,sK3,sK4,sK5)) <- (204) [resolution 3683,265] {a:3,w:9,wCS:900,goal:1,sine:255,thAx:0,allAx:5,thDist:-5}
4759. $false <- (204) [subsumption resolution 4755,360] {a:3,w:0,goal:1,sine:1,thAx:0,allAx:5,thDist:-5}
4760. ~204 [avatar contradiction clause 4759]
4897. sK5 = sK6 | sK4 = sK6 | sK4 = sK5 | sK3 = sK6 | sK3 = sK5 | sK3 = sK4 | sK2 = sK6 | sK2 = sK5 | sK2 = sK4 | sK2 = sK3 | sK1 = sK6 | sK1 = sK5 | sK1 = sK4 | sK1 = sK3 | sK1 = sK2 | sK0 = sK6 | sK0 = sK5 | sK0 = sK4 | sK0 = sK3 | sK0 = sK2 | sK0 = sK1 <- (~1) [resolution 371,281] {a:1,w:63,wCS:6300,goal:1,sine:1,thAx:0,allAx:3,thDist:-3}
4898. sK5 = sK6 | sK4 = sK6 | sK3 = sK6 | sK3 = sK5 | sK3 = sK4 | sK2 = sK6 | sK2 = sK5 | sK2 = sK4 | sK2 = sK3 | sK1 = sK6 | sK1 = sK5 | sK1 = sK4 | sK1 = sK3 | sK1 = sK2 | sK0 = sK6 | sK0 = sK5 | sK0 = sK4 | sK0 = sK3 | sK0 = sK2 | sK0 = sK1 <- (~1, ~134) [subsumption resolution 4897,1148] {a:1,w:60,wCS:6000,goal:1,sine:1,thAx:0,allAx:3,thDist:-3}
4899. sK5 = sK6 | sK4 = sK6 | sK3 = sK6 | sK3 = sK4 | sK2 = sK6 | sK2 = sK5 | sK2 = sK4 | sK2 = sK3 | sK1 = sK6 | sK1 = sK5 | sK1 = sK4 | sK1 = sK3 | sK1 = sK2 | sK0 = sK6 | sK0 = sK5 | sK0 = sK4 | sK0 = sK3 | sK0 = sK2 | sK0 = sK1 <- (~1, ~132, ~134) [subsumption resolution 4898,1140] {a:1,w:57,wCS:5700,goal:1,sine:1,thAx:0,allAx:3,thDist:-3}
4900. sK5 = sK6 | sK4 = sK6 | sK3 = sK6 | sK2 = sK6 | sK2 = sK5 | sK2 = sK4 | sK2 = sK3 | sK1 = sK6 | sK1 = sK5 | sK1 = sK4 | sK1 = sK3 | sK1 = sK2 | sK0 = sK6 | sK0 = sK5 | sK0 = sK4 | sK0 = sK3 | sK0 = sK2 | sK0 = sK1 <- (~1, ~131, ~132, ~134) [subsumption resolution 4899,1136] {a:1,w:54,wCS:5400,goal:1,sine:1,thAx:0,allAx:3,thDist:-3}
4901. sK5 = sK6 | sK4 = sK6 | sK3 = sK6 | sK2 = sK5 | sK2 = sK4 | sK2 = sK3 | sK1 = sK6 | sK1 = sK5 | sK1 = sK4 | sK1 = sK3 | sK1 = sK2 | sK0 = sK6 | sK0 = sK5 | sK0 = sK4 | sK0 = sK3 | sK0 = sK2 | sK0 = sK1 <- (~1, ~130, ~131, ~132, ~134) [subsumption resolution 4900,1132] {a:1,w:51,wCS:5100,goal:1,sine:1,thAx:0,allAx:3,thDist:-3}
4902. sK5 = sK6 | sK4 = sK6 | sK3 = sK6 | sK2 = sK4 | sK2 = sK3 | sK1 = sK6 | sK1 = sK5 | sK1 = sK4 | sK1 = sK3 | sK1 = sK2 | sK0 = sK6 | sK0 = sK5 | sK0 = sK4 | sK0 = sK3 | sK0 = sK2 | sK0 = sK1 <- (~1, ~129, ~130, ~131, ~132, ~134) [subsumption resolution 4901,1128] {a:1,w:48,wCS:4800,goal:1,sine:1,thAx:0,allAx:3,thDist:-3}
4903. sK5 = sK6 | sK4 = sK6 | sK3 = sK6 | sK2 = sK3 | sK1 = sK6 | sK1 = sK5 | sK1 = sK4 | sK1 = sK3 | sK1 = sK2 | sK0 = sK6 | sK0 = sK5 | sK0 = sK4 | sK0 = sK3 | sK0 = sK2 | sK0 = sK1 <- (~1, ~128, ~129, ~130, ~131, ~132, ~134) [subsumption resolution 4902,1124] {a:1,w:45,wCS:4500,goal:1,sine:1,thAx:0,allAx:3,thDist:-3}
4904. sK5 = sK6 | sK4 = sK6 | sK3 = sK6 | sK1 = sK6 | sK1 = sK5 | sK1 = sK4 | sK1 = sK3 | sK1 = sK2 | sK0 = sK6 | sK0 = sK5 | sK0 = sK4 | sK0 = sK3 | sK0 = sK2 | sK0 = sK1 <- (~1, ~127, ~128, ~129, ~130, ~131, ~132, ~134) [subsumption resolution 4903,1120] {a:1,w:42,wCS:4200,goal:1,sine:1,thAx:0,allAx:3,thDist:-3}
4905. sK5 = sK6 | sK4 = sK6 | sK3 = sK6 | sK1 = sK5 | sK1 = sK4 | sK1 = sK3 | sK1 = sK2 | sK0 = sK6 | sK0 = sK5 | sK0 = sK4 | sK0 = sK3 | sK0 = sK2 | sK0 = sK1 <- (~1, ~126, ~127, ~128, ~129, ~130, ~131, ~132, ~134) [subsumption resolution 4904,1116] {a:1,w:39,wCS:3900,goal:1,sine:1,thAx:0,allAx:3,thDist:-3}
4906. sK5 = sK6 | sK4 = sK6 | sK3 = sK6 | sK1 = sK4 | sK1 = sK3 | sK1 = sK2 | sK0 = sK6 | sK0 = sK5 | sK0 = sK4 | sK0 = sK3 | sK0 = sK2 | sK0 = sK1 <- (~1, ~125, ~126, ~127, ~128, ~129, ~130, ~131, ~132, ~134) [subsumption resolution 4905,1112] {a:1,w:36,wCS:3600,goal:1,sine:1,thAx:0,allAx:3,thDist:-3}
4907. sK5 = sK6 | sK4 = sK6 | sK3 = sK6 | sK1 = sK3 | sK1 = sK2 | sK0 = sK6 | sK0 = sK5 | sK0 = sK4 | sK0 = sK3 | sK0 = sK2 | sK0 = sK1 <- (~1, ~124, ~125, ~126, ~127, ~128, ~129, ~130, ~131, ~132, ~134) [subsumption resolution 4906,1108] {a:1,w:33,wCS:3300,goal:1,sine:1,thAx:0,allAx:3,thDist:-3}
4908. sK5 = sK6 | sK4 = sK6 | sK3 = sK6 | sK1 = sK2 | sK0 = sK6 | sK0 = sK5 | sK0 = sK4 | sK0 = sK3 | sK0 = sK2 | sK0 = sK1 <- (~1, ~123, ~124, ~125, ~126, ~127, ~128, ~129, ~130, ~131, ~132, ~134) [subsumption resolution 4907,1104] {a:1,w:30,wCS:3000,goal:1,sine:1,thAx:0,allAx:3,thDist:-3}
4909. sK5 = sK6 | sK4 = sK6 | sK3 = sK6 | sK0 = sK6 | sK0 = sK5 | sK0 = sK4 | sK0 = sK3 | sK0 = sK2 | sK0 = sK1 <- (~1, ~122, ~123, ~124, ~125, ~126, ~127, ~128, ~129, ~130, ~131, ~132, ~134) [subsumption resolution 4908,1100] {a:1,w:27,wCS:2700,goal:1,sine:1,thAx:0,allAx:3,thDist:-3}
4910. sK5 = sK6 | sK4 = sK6 | sK3 = sK6 | sK0 = sK5 | sK0 = sK4 | sK0 = sK3 | sK0 = sK2 | sK0 = sK1 <- (~1, ~121, ~122, ~123, ~124, ~125, ~126, ~127, ~128, ~129, ~130, ~131, ~132, ~134) [subsumption resolution 4909,1096] {a:1,w:24,wCS:2400,goal:1,sine:1,thAx:0,allAx:3,thDist:-3}
4911. sK5 = sK6 | sK4 = sK6 | sK3 = sK6 | sK0 = sK4 | sK0 = sK3 | sK0 = sK2 | sK0 = sK1 <- (~1, ~120, ~121, ~122, ~123, ~124, ~125, ~126, ~127, ~128, ~129, ~130, ~131, ~132, ~134) [subsumption resolution 4910,1092] {a:1,w:21,wCS:2100,goal:1,sine:1,thAx:0,allAx:3,thDist:-3}
4912. sK5 = sK6 | sK4 = sK6 | sK3 = sK6 | sK0 = sK3 | sK0 = sK2 | sK0 = sK1 <- (~1, ~119, ~120, ~121, ~122, ~123, ~124, ~125, ~126, ~127, ~128, ~129, ~130, ~131, ~132, ~134) [subsumption resolution 4911,1088] {a:1,w:18,wCS:1800,goal:1,sine:1,thAx:0,allAx:3,thDist:-3}
4913. sK5 = sK6 | sK4 = sK6 | sK3 = sK6 | sK0 = sK2 | sK0 = sK1 <- (~1, ~118, ~119, ~120, ~121, ~122, ~123, ~124, ~125, ~126, ~127, ~128, ~129, ~130, ~131, ~132, ~134) [subsumption resolution 4912,1084] {a:1,w:15,wCS:1500,goal:1,sine:1,thAx:0,allAx:3,thDist:-3}
4914. sK5 = sK6 | sK4 = sK6 | sK3 = sK6 | sK0 = sK1 <- (~1, ~117, ~118, ~119, ~120, ~121, ~122, ~123, ~124, ~125, ~126, ~127, ~128, ~129, ~130, ~131, ~132, ~134) [subsumption resolution 4913,1080] {a:1,w:12,wCS:1200,goal:1,sine:1,thAx:0,allAx:3,thDist:-3}
4915. sK5 = sK6 | sK4 = sK6 | sK3 = sK6 <- (~1, ~116, ~117, ~118, ~119, ~120, ~121, ~122, ~123, ~124, ~125, ~126, ~127, ~128, ~129, ~130, ~131, ~132, ~134) [subsumption resolution 4914,1076] {a:1,w:9,wCS:900,goal:1,sine:1,thAx:0,allAx:3,thDist:-3}
4916. 133 | 135 | 136 | 1 | 116 | 117 | 118 | 119 | 120 | 121 | 122 | 123 | 124 | 125 | 126 | 127 | 128 | 129 | 130 | 131 | 132 | 134 [avatar split clause 4915,1147,1139,1135,1131,1127,1123,1119,1115,1111,1107,1103,1099,1095,1091,1087,1083,1079,1075,369,1155,1151,1143]
4926. r1_subset_1(k4_enumset1(sK0,sK1,sK2,sK3,sK4,sK5),k1_tarski(sK4)) <- (2, 135) [backward demodulation 376,1153] {a:0,w:10,wCS:1000,goal:1,sine:255,thAx:0,allAx:2,thDist:-2}
4931. 174 | ~2 | ~135 [avatar split clause 4926,1151,374,1779]
4933. r1_subset_1(k1_tarski(sK4),k4_enumset1(sK0,sK1,sK2,sK3,sK4,sK5)) | v1_xboole_0(k1_tarski(sK4)) | v1_xboole_0(k4_enumset1(sK0,sK1,sK2,sK3,sK4,sK5)) <- (174) [resolution 1781,300] {a:1,w:21,wCS:2100,goal:1,sine:1,thAx:0,allAx:3,thDist:-3}
4937. r1_subset_1(k1_tarski(sK4),k4_enumset1(sK0,sK1,sK2,sK3,sK4,sK5)) | v1_xboole_0(k4_enumset1(sK0,sK1,sK2,sK3,sK4,sK5)) <- (174) [subsumption resolution 4933,213] {a:1,w:18,wCS:1800,goal:1,sine:1,thAx:0,allAx:3,thDist:-3}
4938. r1_subset_1(k1_tarski(sK4),k4_enumset1(sK0,sK1,sK2,sK3,sK4,sK5)) <- (174) [subsumption resolution 4937,303] {a:1,w:10,wCS:1000,goal:1,sine:1,thAx:0,allAx:3,thDist:-3}
4939. 186 | ~174 [avatar split clause 4938,1779,2702]
4948. r1_xboole_0(k1_tarski(sK4),k4_enumset1(sK0,sK1,sK2,sK3,sK4,sK5)) | v1_xboole_0(k4_enumset1(sK0,sK1,sK2,sK3,sK4,sK5)) | v1_xboole_0(k1_tarski(sK4)) <- (186) [resolution 2704,301] {a:2,w:21,wCS:2100,goal:1,sine:255,thAx:0,allAx:4,thDist:-4}
4950. r1_xboole_0(k1_tarski(sK4),k4_enumset1(sK0,sK1,sK2,sK3,sK4,sK5)) | v1_xboole_0(k1_tarski(sK4)) <- (186) [subsumption resolution 4948,303] {a:2,w:13,wCS:1300,goal:1,sine:1,thAx:0,allAx:4,thDist:-4}
4951. r1_xboole_0(k1_tarski(sK4),k4_enumset1(sK0,sK1,sK2,sK3,sK4,sK5)) <- (186) [subsumption resolution 4950,213] {a:2,w:10,wCS:1000,goal:1,sine:1,thAx:0,allAx:4,thDist:-4}
4952. 207 | ~186 [avatar split clause 4951,2702,3846]
4958. ~r2_hidden(sK4,k4_enumset1(sK0,sK1,sK2,sK3,sK4,sK5)) <- (207) [resolution 3848,265] {a:3,w:9,wCS:900,goal:1,sine:255,thAx:0,allAx:5,thDist:-5}
4962. $false <- (207) [subsumption resolution 4958,358] {a:3,w:0,goal:1,sine:1,thAx:0,allAx:5,thDist:-5}
4963. ~207 [avatar contradiction clause 4962]
4964. $false [avatar sat refutation 372,377,382,1173,1199,1226,1254,1283,1345,1378,1412,1447,1517,1522,1561,1640,1670,1758,2736,4018,4027,4040,4068,4235,4243,4259,4269,4475,4483,4498,4505,4540,4559,4567,4731,4739,4752,4760,4916,4931,4939,4952,4963] {a:0,w:0,goal:1,sine:0,thAx:0,allAx:7620,thDist:-7620}
% SZS output end Proof for borsuk_5__t7_borsuk_5
% ------------------------------
% Version: Vampire 4.5.1 (commit 226f88162 on 2021-09-12 20:13:44 +0200)
% Termination reason: Refutation

% >>> Input
% Input formulas: 83
% >>> Preprocessing
% Introduced skolems: 26
% Pure predicates: 2
% Unused predicate definitions: 2
% 
% >>> Saturation
% Initial clauses: 133
% Generated clauses: 3909
% Active clauses: 472
% Passive clauses: 578
% Final active clauses: 255
% Final passive clauses: 35
% Main loop iterations started: 542
% 
% >>> Simplifying Inferences
% Duplicate literals: 50
% Fw subsumption resolutions: 2451
% Fw demodulations: 65
% Bw demodulations: 90
% 
% >>> Deletion Inferences
% Simple tautologies: 8
% Equational tautologies: 16
% Forward subsumptions: 217
% Backward subsumptions: 9
% 
% >>> Generating Inferences
% Binary resolution: 388
% Unit resulting resolution: 50
% Forward superposition: 8
% Backward superposition: 82
% Self superposition: 1
% 
% >>> AVATAR
% Split clauses: 226
% Split components: 925
% Sat splitting refutations: 90
% 
% >>> SAT Solver Statistics
% SAT solver clauses: 627
% SAT solver unit clauses: 57
% SAT solver binary clauses: 244
% 
% Memory used [KB]: 8315
% Time elapsed: 0.072 s
% ------------------------------
% ------------------------------
% Time measurement results:
% SAT solver time: 0.001 s
% minimizing solver time: 0.002 s
% term sharing: 0.005 s
% splitting model update: 0.001 s ( own 0.0000 s ) 
% congruence closure: 0.008 s ( own 0.006 s ) 
% backward demodulation index maintenance: 0.001 s
% forward subsumption: 0.023 s
% forward subsumption resolution: 0.006 s
% resolution: 0.002 s
% unit resulting resolution: 0.018 s ( own 0.013 s ) 
% superposition: 0.002 s
% other: 0.072 s ( own 0.011 s ) 

