i: [1,525,0,2,1,1,0,0] t34_group_1
a: [3,831,0,2,1,525]
s: 831
i: [1,524,0,2,1,1,0,0] t34_group_1
a: [3,836,0,2,1,524]
s: 836
i: [1,523,0,2,1,1,0,0] t34_group_1
a: [3,841,0,2,1,523]
s: 841
i: [1,522,0,2,1,1,0,0] t34_group_1
a: [3,846,0,2,1,522]
s: 846
i: [1,521,0,2,1,1,0,0] t34_group_1
a: [3,851,0,2,1,521]
s: 851
i: [1,526,0,4,1,1,0,0] t34_group_1
a: [3,826,0,4,1,526]
s: 826
i: [1,528,0,2,1,0,0,255] fc6_numbers
a: [3,856,0,2,1,528]
s: 856
i: [1,529,0,2,1,0,0,255] fc7_card_1
a: [3,861,0,2,1,529]
s: 861
i: [1,530,0,2,1,0,0,255] fc8_numbers
a: [3,866,0,2,1,530]
s: 866
i: [1,531,0,2,1,0,0,255] fc4_numbers
a: [3,871,0,2,1,531]
s: 871
i: [1,532,0,2,1,0,0,255] fc1_numbers
a: [3,876,0,2,1,532]
s: 876
i: [1,533,0,2,1,0,0,1] spc1_boole
a: [3,881,0,2,1,533]
s: 881
i: [1,534,0,2,1,0,0,255] fc4_card_1
a: [3,886,0,2,1,534]
s: 886
i: [1,535,0,2,1,0,0,255] fc1_xboole_0
a: [3,891,0,2,1,535]
s: 891
i: [1,540,0,2,1,0,0,255] fc6_ordinal1
a: [3,911,0,2,1,540]
s: 911
i: [1,539,0,2,1,0,0,255] fc6_ordinal1
a: [3,916,0,2,1,539]
s: 916
i: [1,541,0,2,1,0,0,255] spc1_numerals
a: [3,936,0,2,1,541]
s: 936
i: [1,679,0,2,1,0,0,255] rc3_ordinal1
a: [3,941,0,2,1,679]
s: 941
i: [1,678,0,2,1,0,0,255] rc3_ordinal1
a: [3,946,0,2,1,678]
s: 946
i: [1,698,0,6,3,0,0,255] rc6_finset_1
a: [3,950,0,2,1,698]
s: 950
r: 891
d: [2,1425,1,0,0,2,40,950,916]
e: 1425
d: [2,1424,1,0,0,2,40,950,876]
e: 1424
d: [2,1423,1,0,0,2,40,950,871]
e: 1423
d: [2,1422,1,0,0,2,40,950,881]
e: 1422
d: [2,1421,1,0,0,2,52,881,950]
e: 1421
r: 950
s: 891
a: [3,954,0,2,1,698]
s: 954
i: [1,697,0,6,3,0,0,255] rc6_finset_1
a: [3,959,0,2,1,697]
s: 959
i: [1,696,0,6,3,0,0,255] rc6_finset_1
a: [3,964,0,2,1,696]
s: 964
i: [1,695,0,6,3,0,0,255] rc6_finset_1
a: [3,969,0,2,1,695]
s: 969
i: [1,718,0,2,1,0,0,255] rc5_finset_1
a: [3,974,0,2,1,718]
s: 974
i: [1,717,0,2,1,0,0,255] rc5_finset_1
a: [3,979,0,2,1,717]
s: 979
i: [1,716,0,2,1,0,0,255] rc5_finset_1
a: [3,984,0,2,1,716]
s: 984
i: [1,727,0,2,1,0,0,3] rc3_card_1
a: [3,989,0,2,1,727]
s: 989
i: [1,728,0,2,1,0,0,2] rc2_xboole_0
a: [3,994,0,2,1,728]
s: 994
i: [1,729,0,2,1,0,0,1] existence_l3_algstr_0
a: [3,999,0,2,1,729]
s: 999
i: [1,730,0,2,1,0,0,2] existence_l1_struct_0
a: [3,1004,0,2,1,730]
s: 1004
i: [1,731,0,2,1,0,0,1] rc2_int_1
a: [3,1009,0,2,1,731]
s: 1009
i: [1,732,0,2,1,0,0,255] rc1_card_1
a: [3,1014,0,2,1,732]
s: 1014
i: [1,733,0,2,1,0,0,2] rc4_ordinal1
a: [3,1019,0,2,1,733]
s: 1019
i: [1,734,0,2,1,0,0,255] rc1_ordinal1
a: [3,1024,0,2,1,734]
s: 1024
i: [1,735,0,2,1,0,0,2] rc1_xreal_0
a: [3,1029,0,2,1,735]
s: 1029
i: [1,736,0,2,1,0,0,3] rc1_xxreal_0
a: [3,1034,0,2,1,736]
s: 1034
i: [1,737,0,2,1,0,0,2] rc1_xboole_0
a: [3,1039,0,2,1,737]
s: 1039
i: [1,741,0,2,1,0,0,255] rc2_ordinal1
a: [3,1044,0,2,1,741]
s: 1044
i: [1,740,0,2,1,0,0,255] rc2_ordinal1
a: [3,1049,0,2,1,740]
s: 1049
i: [1,739,0,2,1,0,0,255] rc2_ordinal1
a: [3,1054,0,2,1,739]
s: 1054
i: [1,738,0,2,1,0,0,255] rc2_ordinal1
a: [3,1059,0,2,1,738]
s: 1059
i: [1,751,0,2,1,0,0,255] rc1_nat_1
a: [3,1064,0,2,1,751]
s: 1064
i: [1,750,0,2,1,0,0,255] rc1_nat_1
a: [3,1069,0,2,1,750]
s: 1069
i: [1,749,0,2,1,0,0,255] rc1_nat_1
a: [3,1074,0,2,1,749]
s: 1074
i: [1,748,0,2,1,0,0,255] rc1_nat_1
a: [3,1079,0,2,1,748]
s: 1079
i: [1,747,0,2,1,0,0,255] rc1_nat_1
a: [3,1084,0,2,1,747]
s: 1084
i: [1,746,0,2,1,0,0,255] rc1_nat_1
a: [3,1089,0,2,1,746]
s: 1089
i: [1,745,0,2,1,0,0,255] rc1_nat_1
a: [3,1094,0,2,1,745]
s: 1094
i: [1,744,0,2,1,0,0,255] rc1_nat_1
a: [3,1099,0,2,1,744]
s: 1099
i: [1,743,0,2,1,0,0,255] rc1_nat_1
a: [3,1104,0,2,1,743]
s: 1104
i: [1,742,0,2,1,0,0,255] rc1_nat_1
a: [3,1109,0,2,1,742]
s: 1109
i: [1,755,0,2,1,0,0,255] rc9_finset_1
a: [3,1114,0,2,1,755]
s: 1114
i: [1,754,0,2,1,0,0,255] rc9_finset_1
a: [3,1119,0,2,1,754]
s: 1119
i: [1,753,0,2,1,0,0,255] rc9_finset_1
a: [3,1124,0,2,1,753]
s: 1124
i: [1,752,0,2,1,0,0,255] rc9_finset_1
a: [3,1129,0,2,1,752]
s: 1129
i: [1,759,0,2,1,0,0,255] rc3_finset_1
a: [3,1134,0,2,1,759]
s: 1134
i: [1,758,0,2,1,0,0,255] rc3_finset_1
a: [3,1139,0,2,1,758]
s: 1139
i: [1,757,0,2,1,0,0,255] rc3_finset_1
a: [3,1144,0,2,1,757]
s: 1144
i: [1,756,0,2,1,0,0,255] rc3_finset_1
a: [3,1149,0,2,1,756]
s: 1149
i: [1,761,0,2,1,0,0,2] rc5_ordinal1
a: [3,1154,0,2,1,761]
s: 1154
i: [1,760,0,2,1,0,0,2] rc5_ordinal1
a: [3,1159,0,2,1,760]
s: 1159
i: [1,763,0,2,1,0,0,3] rc1_finset_1
a: [3,1164,0,2,1,763]
s: 1164
i: [1,762,0,2,1,0,0,3] rc1_finset_1
a: [3,1169,0,2,1,762]
s: 1169
i: [1,766,0,2,1,0,0,255] rc8_finset_1
a: [3,1174,0,2,1,766]
s: 1174
i: [1,765,0,2,1,0,0,255] rc8_finset_1
a: [3,1179,0,2,1,765]
s: 1179
i: [1,764,0,2,1,0,0,255] rc8_finset_1
a: [3,1184,0,2,1,764]
s: 1184
i: [1,771,0,2,1,0,0,255] rc2_card_1
a: [3,1189,0,2,1,771]
s: 1189
i: [1,770,0,2,1,0,0,255] rc2_card_1
a: [3,1194,0,2,1,770]
s: 1194
i: [1,769,0,2,1,0,0,255] rc2_card_1
a: [3,1199,0,2,1,769]
s: 1199
i: [1,768,0,2,1,0,0,255] rc2_card_1
a: [3,1204,0,2,1,768]
s: 1204
i: [1,767,0,2,1,0,0,255] rc2_card_1
a: [3,1209,0,2,1,767]
s: 1209
i: [1,775,0,2,1,0,0,255] rc3_xreal_0
a: [3,1214,0,2,1,775]
s: 1214
i: [1,774,0,2,1,0,0,255] rc3_xreal_0
a: [3,1219,0,2,1,774]
s: 1219
i: [1,773,0,2,1,0,0,255] rc3_xreal_0
a: [3,1224,0,2,1,773]
s: 1224
i: [1,772,0,2,1,0,0,255] rc3_xreal_0
a: [3,1229,0,2,1,772]
s: 1229
i: [1,779,0,2,1,0,0,255] rc2_xreal_0
a: [3,1234,0,2,1,779]
s: 1234
i: [1,778,0,2,1,0,0,255] rc2_xreal_0
a: [3,1239,0,2,1,778]
s: 1239
i: [1,777,0,2,1,0,0,255] rc2_xreal_0
a: [3,1244,0,2,1,777]
s: 1244
i: [1,776,0,2,1,0,0,255] rc2_xreal_0
a: [3,1249,0,2,1,776]
s: 1249
i: [1,781,0,2,1,0,0,3] rc3_xxreal_0
a: [3,1254,0,2,1,781]
s: 1254
i: [1,780,0,2,1,0,0,3] rc3_xxreal_0
a: [3,1259,0,2,1,780]
s: 1259
i: [1,783,0,2,1,0,0,3] rc2_xxreal_0
a: [3,1264,0,2,1,783]
s: 1264
i: [1,782,0,2,1,0,0,3] rc2_xxreal_0
a: [3,1269,0,2,1,782]
s: 1269
i: [1,787,0,2,1,0,0,255] rc4_xreal_0
a: [3,1274,0,2,1,787]
s: 1274
i: [1,786,0,2,1,0,0,255] rc4_xreal_0
a: [3,1279,0,2,1,786]
s: 1279
i: [1,785,0,2,1,0,0,255] rc4_xreal_0
a: [3,1284,0,2,1,785]
s: 1284
i: [1,784,0,2,1,0,0,255] rc4_xreal_0
a: [3,1289,0,2,1,784]
s: 1289
i: [1,789,0,2,1,0,0,3] rc4_xxreal_0
a: [3,1294,0,2,1,789]
s: 1294
i: [1,788,0,2,1,0,0,3] rc4_xxreal_0
a: [3,1299,0,2,1,788]
s: 1299
i: [1,800,0,2,1,0,0,255] rc3_nat_1
a: [3,1304,0,2,1,800]
s: 1304
i: [1,799,0,2,1,0,0,255] rc3_nat_1
a: [3,1309,0,2,1,799]
s: 1309
i: [1,798,0,2,1,0,0,255] rc3_nat_1
a: [3,1314,0,2,1,798]
s: 1314
i: [1,797,0,2,1,0,0,255] rc3_nat_1
a: [3,1319,0,2,1,797]
s: 1319
i: [1,796,0,2,1,0,0,255] rc3_nat_1
a: [3,1324,0,2,1,796]
s: 1324
i: [1,795,0,2,1,0,0,255] rc3_nat_1
a: [3,1329,0,2,1,795]
s: 1329
i: [1,794,0,2,1,0,0,255] rc3_nat_1
a: [3,1334,0,2,1,794]
s: 1334
i: [1,793,0,2,1,0,0,255] rc3_nat_1
a: [3,1339,0,2,1,793]
s: 1339
i: [1,792,0,2,1,0,0,255] rc3_nat_1
a: [3,1344,0,2,1,792]
s: 1344
i: [1,791,0,2,1,0,0,255] rc3_nat_1
a: [3,1349,0,2,1,791]
s: 1349
i: [1,805,0,2,1,0,0,255] rc1_real_1
a: [3,1359,0,2,1,805]
s: 1359
i: [1,804,0,2,1,0,0,255] rc1_real_1
a: [3,1364,0,2,1,804]
s: 1364
i: [1,803,0,2,1,0,0,255] rc1_real_1
a: [3,1369,0,2,1,803]
s: 1369
i: [1,802,0,2,1,0,0,255] rc1_real_1
a: [3,1374,0,2,1,802]
s: 1374
i: [1,810,0,2,1,0,0,255] rc1_int_1
a: [3,1384,0,2,1,810]
s: 1384
i: [1,809,0,2,1,0,0,255] rc1_int_1
a: [3,1389,0,2,1,809]
s: 1389
i: [1,808,0,2,1,0,0,255] rc1_int_1
a: [3,1394,0,2,1,808]
s: 1394
i: [1,807,0,2,1,0,0,255] rc1_int_1
a: [3,1399,0,2,1,807]
s: 1399
i: [1,813,0,2,1,0,0,255] rc2_nat_1
a: [3,1409,0,2,1,813]
s: 1409
i: [1,812,0,2,1,0,0,255] rc2_nat_1
a: [3,1414,0,2,1,812]
s: 1414
i: [1,680,0,3,1,0,0,255] reflexivity_r1_tarski
s: 680
i: [1,536,0,3,1,0,0,255] redefinition_k5_numbers
a: [3,896,0,3,1,536]
s: 896
r: 916
r: 911
r: 886
r: 861
d: [2,1431,0,2,1,2,23,916,896]
a: [3,1438,0,2,1,1431]
s: 1438
d: [2,1432,0,2,1,2,23,911,896]
a: [3,1443,0,2,1,1432]
s: 1443
d: [2,1433,0,2,1,2,23,886,896]
a: [3,1448,0,2,1,1433]
s: 1448
d: [2,1434,0,2,1,2,23,861,896]
a: [3,1453,0,2,1,1434]
s: 1453
i: [1,537,0,3,1,0,0,255] t1_numerals
a: [3,901,0,3,1,537]
s: 901
i: [1,544,0,3,1,0,0,255] spc1_numerals
a: [3,921,0,3,1,544]
s: 921
i: [1,543,0,3,1,0,0,255] spc1_numerals
a: [3,926,0,3,1,543]
s: 926
i: [1,790,0,3,1,0,0,255] rc3_nat_1
a: [3,1354,0,3,1,790]
s: 1354
i: [1,801,0,3,1,0,0,255] rc1_real_1
a: [3,1379,0,3,1,801]
s: 1379
i: [1,806,0,3,1,0,0,255] rc1_int_1
a: [3,1404,0,3,1,806]
s: 1404
d: [2,1455,0,3,1,2,22,901,896]
a: [3,1459,0,3,1,1455]
s: 1459
i: [1,527,0,28,2,1,0,0] t34_group_1
a: [3,821,0,14,1,527]
s: 821
i: [1,548,0,4,2,0,0,255] cc5_finset_1
s: 548
i: [1,558,0,4,2,0,0,1] dt_l3_algstr_0
s: 558
i: [1,580,0,4,2,0,0,255] cc4_finset_1
s: 580
d: [2,1461,1,2,1,1,40,558,831]
a: [3,1466,1,2,1,1461]
s: 1466
i: [1,581,0,4,2,0,0,1] cc3_int_1
s: 581
i: [1,583,0,4,2,0,0,255] cc1_card_1
s: 583
d: [2,1473,1,2,1,1,40,581,851]
a: [3,1479,1,2,1,1473]
s: 1479
i: [1,590,0,4,2,0,0,1] cc2_int_1
s: 590
d: [2,1462,1,2,1,1,40,558,999]
a: [3,1471,1,2,1,1462]
s: 1471
i: [1,591,0,4,2,0,0,255] cc3_card_1
s: 591
i: [1,592,0,4,2,0,0,255] cc6_ordinal1
s: 592
d: [2,1474,1,2,1,1,40,581,1009]
a: [3,1484,1,2,1,1474]
s: 1484
i: [1,593,0,4,2,0,0,2] cc2_xreal_0
s: 593
d: [2,1487,1,2,1,1,40,583,1014]
a: [3,1494,1,2,1,1487]
s: 1494
i: [1,594,0,4,2,0,0,2] cc2_xxreal_0
s: 594
i: [1,595,0,4,2,0,0,2] cc5_card_1
s: 595
d: [2,1496,1,2,1,1,40,590,1019]
a: [3,1503,1,2,1,1496]
s: 1503
i: [1,597,0,4,2,0,0,3] cc3_nat_1
s: 597
d: [2,1497,1,2,1,1,40,590,1089]
a: [3,1508,1,2,1,1497]
s: 1508
i: [1,598,0,4,2,0,0,255] cc1_nat_1
s: 598
i: [1,600,0,4,2,0,0,255] cc1_ordinal1
s: 600
d: [2,1498,1,2,1,1,40,590,1154]
a: [3,1513,1,2,1,1498]
s: 1513
i: [1,601,0,4,2,0,0,255] cc1_ordinal1
s: 601
d: [2,1499,1,2,1,1,40,590,1329]
a: [3,1518,1,2,1,1499]
s: 1518
i: [1,603,0,4,2,0,0,255] cc3_xreal_0
s: 603
i: [1,604,0,4,2,0,0,3] cc4_xreal_0
s: 604
d: [2,1664,2,2,1,1,40,603,1479]
a: [3,1677,2,2,1,1664]
s: 1677
i: [1,608,0,4,2,0,0,255] cc9_ordinal1
s: 608
d: [2,1689,2,2,1,1,40,604,1479]
a: [3,1702,2,2,1,1689]
s: 1702
i: [1,609,0,4,2,0,0,255] cc6_finset_1
s: 609
i: [1,610,0,4,2,0,0,255] cc2_card_1
s: 610
d: [2,1520,1,2,1,1,40,591,1019]
a: [3,1527,1,2,1,1520]
s: 1527
i: [1,611,0,4,2,0,0,2] cc7_ordinal1
s: 611
d: [2,1522,1,2,1,1,40,591,1154]
a: [3,1532,1,2,1,1522]
s: 1532
i: [1,612,0,4,2,0,0,255] cc3_ordinal1
s: 612
i: [1,613,0,4,2,0,0,3] cc1_finset_1
s: 613
d: [2,1534,1,2,1,1,40,592,1019]
a: [3,1541,1,2,1,1534]
s: 1541
i: [1,677,0,4,1,0,0,1] existence_m1_subset_1
s: 677
d: [2,1536,1,2,1,1,40,592,1154]
a: [3,1546,1,2,1,1536]
s: 1546
i: [1,720,0,4,1,0,0,255] rc1_relset_1
s: 720
i: [1,721,0,4,1,0,0,255] rc1_relset_1
s: 721
d: [2,1548,1,2,1,1,40,593,1019]
a: [3,1555,1,2,1,1548]
s: 1555
i: [1,538,0,4,1,0,0,255] dt_k5_numbers
a: [3,906,0,4,1,538]
s: 906
d: [2,1550,1,2,1,1,40,593,1154]
a: [3,1560,1,2,1,1550]
s: 1560
i: [1,542,0,4,1,0,0,255] spc1_numerals
a: [3,931,0,4,1,542]
s: 931
i: [1,811,0,4,1,0,0,255] rc2_nat_1
a: [3,1419,0,4,1,811]
s: 1419
d: [2,1562,1,2,1,1,40,594,1019]
a: [3,1569,1,2,1,1562]
s: 1569
i: [1,546,0,5,2,0,0,255] rc7_finset_1
s: 546
d: [2,1564,1,2,1,1,40,594,1154]
a: [3,1574,1,2,1,1564]
s: 1574
i: [1,547,0,5,2,0,0,255] rc7_finset_1
s: 547
i: [1,549,0,5,2,0,0,2] fc9_card_1
s: 549
d: [2,1576,1,2,1,1,40,595,1019]
a: [3,1583,1,2,1,1576]
s: 1583
i: [1,551,0,5,2,0,0,2] rc4_card_1
s: 551
d: [2,1578,1,2,1,1,40,595,1154]
a: [3,1588,1,2,1,1578]
s: 1588
i: [1,553,0,5,2,0,0,2] rc2_finset_1
s: 553
i: [1,554,0,5,2,0,0,2] rc2_finset_1
s: 554
d: [2,1592,1,2,1,1,40,597,1219]
a: [3,1597,1,2,1,1592]
s: 1597
i: [1,559,0,5,2,0,0,255] dt_u2_algstr_0
s: 559
d: [2,1593,1,2,1,1,40,597,1254]
a: [3,1602,1,2,1,1593]
s: 1602
i: [1,585,0,5,2,0,0,255] rc23_struct_0
s: 585
i: [1,587,0,5,2,0,0,255] rc6_card_1
s: 587
d: [2,1605,1,2,1,1,40,600,1443]
a: [3,1616,1,2,1,1605]
s: 1616
i: [1,588,0,5,2,0,0,255] rc6_card_1
s: 588
d: [2,1607,1,2,1,1,40,600,1024]
a: [3,1626,1,2,1,1607]
s: 1626
i: [1,605,0,5,2,0,0,255] fc31_finset_1
s: 605
i: [1,606,0,5,2,0,0,2] fc17_finset_1
s: 606
d: [2,1612,1,2,1,1,40,600,1409]
a: [3,1631,1,2,1,1612]
s: 1631
i: [1,614,0,5,2,0,0,255] t6_boole
s: 614
d: [2,1635,1,2,1,1,40,601,1443]
a: [3,1646,1,2,1,1635]
s: 1646
i: [1,615,0,5,2,0,0,255] cc8_card_1
s: 615
i: [1,616,0,5,2,0,0,255] cc7_card_1
s: 616
d: [2,1637,1,2,1,1,40,601,1024]
a: [3,1656,1,2,1,1637]
s: 1656
i: [1,617,0,5,2,0,0,255] cc9_card_1
s: 617
d: [2,1642,1,2,1,1,40,601,1409]
a: [3,1661,1,2,1,1642]
s: 1661
i: [1,618,0,5,2,0,0,255] cc9_card_1
s: 618
i: [1,619,0,5,2,0,0,255] cc1_int_1
s: 619
d: [2,1666,1,2,1,1,40,603,1029]
a: [3,1687,1,2,1,1666]
s: 1687
i: [1,620,0,5,2,0,0,255] cc2_nat_1
s: 620
d: [2,1691,1,2,1,1,40,604,1029]
a: [3,1712,1,2,1,1691]
s: 1712
i: [1,621,0,5,2,0,0,255] cc8_ordinal1
s: 621
i: [1,622,0,5,2,0,0,255] cc4_card_1
s: 622
d: [2,1714,1,2,1,1,40,608,891]
a: [3,1721,1,2,1,1714]
s: 1721
i: [1,623,0,5,2,0,0,255] cc1_real_1
s: 623
d: [2,1715,1,2,1,1,40,608,1039]
a: [3,1726,1,2,1,1715]
s: 1726
i: [1,624,0,5,2,0,0,255] cc1_xreal_0
s: 624
i: [1,674,0,5,2,0,0,255] t7_boole
s: 674
d: [2,1716,1,2,1,1,40,608,1289]
a: [3,1731,1,2,1,1716]
s: 1731
d: [2,1945,0,5,2,1,22,621,896]
s: 1945
d: [2,1717,1,2,1,1,40,608,1299]
a: [3,1736,1,2,1,1717]
s: 1736
d: [2,1946,0,5,2,1,22,622,896]
s: 1946
i: [1,556,0,6,2,0,0,255] rc7_card_1
s: 556
d: [2,1738,1,2,1,1,40,609,891]
a: [3,1745,1,2,1,1738]
s: 1745
i: [1,562,0,6,3,0,0,255] cc1_group_1
s: 562
d: [2,1995,1,4,2,1,40,562,831]
d: [2,1997,1,2,1,2,21,1995,841]
a: [3,2001,1,2,1,1997]
s: 2001
i: [1,564,0,6,3,0,0,255] cc7_struct_0
s: 564
i: [1,565,0,6,3,0,0,255] cc5_struct_0
s: 565
d: [2,1739,1,2,1,1,40,609,1039]
a: [3,1750,1,2,1,1739]
s: 1750
i: [1,567,0,6,3,0,0,255] cc2_struct_0
s: 567
d: [2,1740,1,2,1,1,40,609,1289]
a: [3,1755,1,2,1,1740]
s: 1755
i: [1,568,0,6,3,0,0,255] cc17_struct_0
s: 568
i: [1,569,0,6,3,0,0,255] cc6_struct_0
s: 569
d: [2,1741,1,2,1,1,40,609,1299]
a: [3,1760,1,2,1,1741]
s: 1760
i: [1,570,0,6,3,0,0,255] cc1_struct_0
s: 570
d: [2,1762,1,2,1,1,40,610,891]
a: [3,1769,1,2,1,1762]
s: 1769
i: [1,573,0,6,3,0,0,255] cc4_struct_0
s: 573
i: [1,584,0,6,2,0,0,255] rc5_card_1
s: 584
d: [2,1763,1,2,1,1,40,610,1039]
a: [3,1774,1,2,1,1763]
s: 1774
i: [1,586,0,6,2,0,0,255] rc23_struct_0
s: 586
d: [2,1764,1,2,1,1,40,610,1289]
a: [3,1779,1,2,1,1764]
s: 1779
i: [1,589,0,6,2,0,0,255] rc6_card_1
s: 589
i: [1,651,0,6,3,0,0,255] cc2_ordinal1
s: 651
d: [2,1765,1,2,1,1,40,610,1299]
a: [3,1784,1,2,1,1765]
s: 1784
i: [1,655,0,6,3,0,0,255] cc6_card_1
s: 655
d: [2,1788,1,2,1,1,40,611,891]
a: [3,1795,1,2,1,1788]
s: 1795
i: [1,659,0,6,3,0,0,3] cc5_xxreal_0
s: 659
i: [1,661,0,6,3,0,0,3] cc5_xxreal_0
s: 661
d: [2,2194,3,4,2,1,40,659,1702]
a: [3,2212,3,2,1,2194]
s: 2212
i: [1,662,0,6,3,0,0,3] cc3_xxreal_0
s: 662
d: [2,1789,1,2,1,1,40,611,1039]
a: [3,1800,1,2,1,1789]
s: 1800
i: [1,664,0,6,3,0,0,3] cc3_xxreal_0
s: 664
i: [1,666,0,6,3,0,0,255] cc9_finset_1
s: 666
d: [2,1790,1,2,1,1,40,611,1289]
a: [3,1805,1,2,1,1790]
s: 1805
i: [1,668,0,6,3,0,0,3] cc7_xxreal_0
s: 668
d: [2,1791,1,2,1,1,40,611,1299]
a: [3,1810,1,2,1,1791]
s: 1810
i: [1,669,0,6,3,0,0,3] cc7_xxreal_0
s: 669
i: [1,670,0,6,2,0,0,255] t1_subset
s: 670
d: [2,1814,1,2,1,1,40,612,891]
a: [3,1821,1,2,1,1814]
s: 1821
i: [1,686,0,6,2,0,0,255] antisymmetry_r2_hidden
s: 686
d: [2,1815,1,2,1,1,40,612,1039]
a: [3,1826,1,2,1,1815]
s: 1826
i: [1,545,0,7,2,0,0,255] rc7_finset_1
s: 545
i: [1,550,0,7,2,0,0,2] rc4_card_1
s: 550
d: [2,1816,1,2,1,1,40,612,1289]
a: [3,1831,1,2,1,1816]
s: 1831
i: [1,552,0,7,2,0,0,2] rc2_finset_1
s: 552
d: [2,1817,1,2,1,1,40,612,1299]
a: [3,1836,1,2,1,1817]
s: 1836
i: [1,555,0,7,2,0,0,255] rc7_card_1
s: 555
i: [1,571,0,7,3,0,0,255] cc8_struct_0
s: 571
d: [2,1838,1,2,1,1,40,613,891]
a: [3,1845,1,2,1,1838]
s: 1845
i: [1,574,0,7,3,0,0,255] cc9_struct_0
s: 574
d: [2,1839,1,2,1,1,40,613,1039]
a: [3,1850,1,2,1,1839]
s: 1850
i: [1,575,0,7,3,0,0,255] cc11_struct_0
s: 575
i: [1,576,0,7,3,0,0,255] cc11_struct_0
s: 576
d: [2,1840,1,2,1,1,40,613,1289]
a: [3,1855,1,2,1,1840]
s: 1855
i: [1,578,0,7,3,0,0,255] cc7_finset_1
s: 578
d: [2,2496,1,5,2,1,40,578,826]
a: [3,2525,1,3,1,2496]
s: 2525
i: [1,602,0,7,3,0,0,255] cc5_ordinal1
s: 602
i: [1,625,0,7,3,0,0,255] fc9_struct_0
s: 625
d: [2,2551,1,5,2,1,40,602,826]
a: [3,2575,1,3,1,2551]
s: 2575
i: [1,626,0,7,3,0,0,255] fc6_struct_0
s: 626
d: [2,1841,1,2,1,1,40,613,1299]
a: [3,1860,1,2,1,1841]
s: 1860
i: [1,628,0,7,3,0,0,255] rc22_struct_0
s: 628
i: [1,637,0,7,3,0,0,255] dt_k4_group_1
s: 637
d: [2,1921,1,2,1,1,40,620,926]
a: [3,1928,1,2,1,1921]
s: 1928
i: [1,640,0,7,3,0,0,1] fc2_struct_0
s: 640
d: [2,1922,1,2,1,1,40,620,1459]
a: [3,1933,1,2,1,1922]
s: 1933
i: [1,642,0,7,3,0,0,1] rc4_struct_0
s: 642
i: [1,644,0,7,3,0,0,255] rc21_struct_0
s: 644
d: [2,1924,1,2,1,1,40,620,1354]
a: [3,1943,1,2,1,1924]
s: 1943
i: [1,645,0,7,3,0,0,255] rc21_struct_0
s: 645
d: [2,1948,1,2,1,1,40,623,921]
a: [3,1955,1,2,1,1948]
s: 1955
i: [1,646,0,7,3,0,0,255] cc10_card_1
s: 646
i: [1,652,0,7,3,0,0,255] fc8_struct_0
s: 652
d: [2,1962,1,2,1,2,40,1945,926]
a: [3,1969,1,2,1,1962]
s: 1969
i: [1,653,0,7,3,0,0,255] fc7_struct_0
s: 653
d: [2,1977,1,2,1,2,40,1946,926]
a: [3,1984,1,2,1,1977]
s: 1984
i: [1,656,0,7,3,0,0,1] fc1_struct_0
s: 656
i: [1,672,0,7,2,0,0,255] t3_subset
s: 672
d: [2,1996,1,4,2,1,40,562,999]
a: [3,2010,1,2,1,1996]
s: 2010
i: [1,673,0,7,3,0,0,1] t8_boole
s: 673
d: [2,2015,1,4,2,1,40,565,1004]
a: [3,2028,1,2,1,2015]
s: 2028
i: [1,557,0,8,3,0,0,255] cc10_ordinal1
s: 557
i: [1,579,0,8,3,0,0,255] cc8_finset_1
s: 579
d: [2,2052,1,5,2,0,40,584,618]
a: [3,2066,1,2,1,2052]
s: 2066
i: [1,607,0,8,3,0,0,2] cc2_finset_1
s: 607
d: [2,2109,1,4,2,1,40,655,954]
a: [3,2122,1,2,1,2109]
s: 2122
i: [1,648,0,8,4,0,0,3] cc4_xxreal_0
s: 648
r: 2212
i: [1,650,0,8,4,0,0,3] cc6_xxreal_0
s: 650
a: [3,2211,3,2,1,2194]
s: 2211
r: 2211
i: [1,657,0,8,4,0,0,3] cc8_xxreal_0
s: 657
s: 2212
i: [1,671,0,8,3,0,0,255] t2_subset
s: 671
i: [1,689,0,8,3,0,0,255] fc10_card_1
s: 689
a: [3,2215,3,2,1,2194]
s: 2215
i: [1,690,0,8,3,0,0,255] fc11_card_1
s: 690
d: [2,2753,4,2,1,1,40,2211,611]
a: [3,2769,4,2,1,2753]
s: 2769
i: [1,699,0,8,3,0,0,1] fc1_int_1
s: 699
i: [1,708,0,8,3,0,0,2] fc1_nat_1
s: 708
d: [2,2792,1,7,2,1,40,671,826]
a: [3,2832,1,4,1,2792]
s: 2832
i: [1,713,0,8,3,0,0,2] fc5_xreal_0
s: 713
a: [3,2835,1,3,1,2792]
s: 2835
i: [1,714,0,8,3,0,0,255] fc14_finset_1
s: 714
i: [1,715,0,8,2,0,0,255] cc1_relset_1
s: 715
d: [2,2870,2,4,1,1,40,2832,686]
a: [3,2876,2,4,1,2870]
s: 2876
i: [1,719,0,8,1,0,0,255] rc1_relset_1
s: 719
d: [2,2110,1,4,2,1,40,655,974]
a: [3,2131,1,2,1,2110]
s: 2131
i: [1,577,0,9,4,0,0,255] cc10_struct_0
s: 577
i: [1,629,0,9,4,0,0,255] fc2_group_1
s: 629
d: [2,2113,1,4,2,1,40,655,1134]
a: [3,2140,1,2,1,2113]
s: 2140
i: [1,635,0,9,4,0,0,255] fc1_group_1
s: 635
d: [2,2115,1,4,2,1,40,655,1164]
a: [3,2149,1,2,1,2115]
s: 2149
i: [1,676,0,9,3,0,0,255] t5_subset
s: 676
i: [1,700,0,9,3,0,0,255] dt_k20_binop_2
s: 700
d: [2,2116,1,4,2,1,40,655,1179]
a: [3,2158,1,2,1,2116]
s: 2158
i: [1,627,0,10,3,0,0,255] rc22_struct_0
s: 627
d: [2,2117,1,4,2,1,40,655,1194]
d: [2,2164,1,2,1,2,21,2117,1199]
a: [3,2168,1,2,1,2164]
s: 2168
i: [1,641,0,10,3,0,0,1] rc4_struct_0
s: 641
i: [1,643,0,10,3,0,0,255] rc21_struct_0
s: 643
d: [2,2197,1,4,2,1,40,659,1034]
a: [3,2238,1,2,1,2197]
s: 2238
r: 2238
i: [1,675,0,10,3,0,0,255] t4_subset
s: 675
a: [3,2239,1,2,1,2197]
s: 2239
i: [1,684,0,10,3,0,0,255] cc3_relset_1
s: 684
i: [1,685,0,10,3,0,0,255] cc4_relset_1
s: 685
a: [3,2242,1,2,1,2197]
s: 2242
i: [1,705,0,10,4,0,0,255] fc35_finset_1
s: 705
d: [2,2200,1,4,2,1,40,659,1224]
d: [2,2245,1,2,1,2,21,2200,1219]
a: [3,2249,1,2,1,2245]
s: 2249
i: [1,706,0,10,4,0,0,2] fc4_nat_1
s: 706
i: [1,707,0,10,4,0,0,2] fc3_nat_1
s: 707
d: [2,2201,1,4,2,1,40,659,1244]
a: [3,2254,1,2,1,2201]
s: 2254
i: [1,631,0,11,5,0,0,255] fc3_group_1
s: 631
a: [3,2258,1,2,1,2201]
s: 2258
i: [1,701,0,11,3,0,0,1] commutativity_k20_binop_2
s: 701
i: [1,702,0,11,3,0,0,1] redefinition_k20_binop_2
s: 702
d: [2,2202,1,4,2,1,40,659,1259]
d: [2,2260,1,2,1,2,21,2202,1254]
a: [3,2264,1,2,1,2260]
s: 2264
i: [1,703,0,11,4,0,0,255] fc19_struct_0
s: 703
d: [2,2203,1,4,2,1,40,659,1269]
a: [3,2269,1,2,1,2203]
s: 2269
i: [1,704,0,11,3,0,0,255] commutativity_k2_xcmplx_0
s: 704
i: [1,560,0,12,2,0,0,255] dt_u2_algstr_0
s: 560
a: [3,2273,1,2,1,2203]
s: 2273
i: [1,687,0,12,5,0,0,2] fc9_xreal_0
s: 687
d: [2,2204,1,4,2,1,40,659,1279]
d: [2,2275,1,2,1,2,21,2204,1289]
a: [3,2279,1,2,1,2275]
s: 2279
i: [1,688,0,12,5,0,0,2] fc10_xreal_0
s: 688
i: [1,709,0,12,5,0,0,2] fc14_xreal_0
s: 709
d: [2,2205,1,4,2,1,40,659,1294]
d: [2,2281,1,2,1,2,21,2205,1299]
a: [3,2285,1,2,1,2281]
s: 2285
i: [1,710,0,12,5,0,0,2] fc13_xreal_0
s: 710
d: [2,2207,1,4,2,1,40,659,1369]
a: [3,2290,1,2,1,2207]
s: 2290
i: [1,711,0,12,5,0,0,2] fc11_xreal_0
s: 711
i: [1,712,0,12,5,0,0,2] fc12_xreal_0
s: 712
a: [3,2294,1,2,1,2207]
s: 2294
i: [1,638,0,13,3,0,0,255] dt_k4_group_1
s: 638
d: [2,2208,1,4,2,1,40,659,1399]
a: [3,2298,1,2,1,2208]
s: 2298
r: 2298
i: [1,561,0,14,2,0,0,255] dt_u2_algstr_0
s: 561
i: [1,654,0,14,3,0,0,255] d1_binop_1
s: 654
a: [3,2299,1,2,1,2208]
s: 2299
i: [1,694,0,14,4,0,0,255] existence_m2_subset_1
s: 694
a: [3,2302,1,2,1,2208]
s: 2302
i: [1,639,0,15,3,0,0,255] dt_k4_group_1
s: 639
i: [1,691,0,15,5,0,0,255] dt_m2_subset_1
s: 691
d: [2,2305,1,4,2,1,40,661,936]
a: [3,2311,1,2,1,2305]
s: 2311
i: [1,692,0,15,5,0,0,255] redefinition_m2_subset_1
s: 692
d: [2,2354,1,4,2,1,40,666,946]
a: [3,2363,1,2,1,2354]
s: 2363
i: [1,693,0,15,5,0,0,255] redefinition_m2_subset_1
s: 693
i: [1,630,0,16,4,0,0,255] fc2_group_1
s: 630
d: [2,2356,1,4,2,1,40,666,984]
a: [3,2372,1,2,1,2356]
s: 2372
i: [1,636,0,16,4,0,0,255] fc1_group_1
s: 636
d: [2,2492,1,4,2,1,40,578,921]
a: [3,2509,1,2,1,2492]
s: 2509
i: [1,683,0,16,5,0,0,255] cc3_finset_1
s: 683
i: [1,723,0,17,4,0,0,1] dt_k6_algstr_0
s: 723
d: [2,2547,1,4,2,1,40,602,921]
a: [3,2564,1,2,1,2547]
s: 2564
i: [1,724,0,17,4,0,0,255] spc6_arithm
s: 724
a: [3,2568,1,2,1,2547]
s: 2568
i: [1,632,0,18,5,0,0,255] fc3_group_1
s: 632
i: [1,634,0,18,6,0,0,1] t26_group_1
s: 634
d: [2,2637,1,4,2,1,40,557,906]
a: [3,2647,1,2,1,2637]
s: 2647
i: [1,722,0,21,7,0,0,1] dt_k5_group_1
s: 722
d: [2,2686,1,6,3,1,40,648,1079]
d: [2,2718,1,4,2,2,21,2686,1109]
a: [3,2722,1,2,1,2718]
s: 2722
i: [1,563,0,22,4,0,0,255] d18_algstr_0
s: 563
i: [1,633,0,24,7,0,0,255] d9_group_1
s: 633
a: [3,2725,1,2,1,2718]
s: 2725
i: [1,725,0,29,6,0,0,255] dt_k5_binop_1
s: 725
d: [2,2694,1,6,3,1,40,648,1319]
d: [2,2738,1,4,2,2,21,2694,1943]
d: [2,2739,1,2,1,3,21,2738,1349]
a: [3,2743,1,2,1,2739]
s: 2743
i: [1,726,0,32,6,0,0,255] redefinition_k5_binop_1
s: 726
i: [1,582,0,33,8,0,0,1] t33_group_1
s: 582
d: [2,2913,1,10,4,0,40,700,602]
a: [3,2919,1,2,1,2913]
s: 2919
d: [2,2914,1,10,4,0,40,700,578]
a: [3,2927,1,2,1,2914]
s: 2927
d: [2,1606,2,2,1,1,40,600,1494]
a: [3,1621,2,2,1,1606]
s: 1621
d: [2,1915,1,3,1,0,40,619,677]
a: [3,1919,1,3,1,1915]
s: 1919
d: [2,1923,1,3,1,0,40,620,677]
a: [3,1938,1,3,1,1923]
s: 1938
d: [2,1636,2,2,1,1,40,601,1494]
a: [3,1651,2,2,1,1636]
s: 1651
d: [2,1949,1,3,1,0,40,623,677]
a: [3,1960,1,3,1,1949]
s: 1960
d: [2,1665,2,2,1,1,40,603,1484]
a: [3,1682,2,2,1,1665]
s: 1682
d: [2,1964,1,3,1,1,40,1945,677]
a: [3,1975,1,3,1,1964]
s: 1975
d: [2,1979,1,3,1,1,40,1946,677]
a: [3,1990,1,3,1,1979]
s: 1990
d: [2,1690,2,2,1,1,40,604,1484]
a: [3,1707,2,2,1,1690]
s: 1707
d: [2,2051,1,5,2,0,40,584,616]
d: [2,2054,1,3,1,1,21,2051,1769]
a: [3,2058,1,3,1,2054]
s: 2058
r: 2131
r: 2158
r: 2215
r: 2242
r: 2302
r: 2372
r: 2647
r: 2769
a: [3,2216,3,2,1,2194]
s: 2216
a: [3,2135,1,2,1,2110]
s: 2135
r: 2135
s: 2131
d: [2,2682,3,6,3,1,40,648,1702]
d: [2,2697,3,4,2,2,21,2682,2212]
a: [3,2701,3,2,1,2697]
s: 2701
a: [3,2134,1,2,1,2110]
s: 2134
a: [3,2162,1,2,1,2116]
s: 2162
r: 2162
s: 2158
a: [3,2161,1,2,1,2116]
s: 2161
a: [3,2243,1,2,1,2197]
s: 2243
a: [3,2303,1,2,1,2208]
s: 2303
a: [3,2376,1,2,1,2356]
s: 2376
a: [3,2651,1,2,1,2637]
s: 2651
d: [2,2643,1,4,2,1,40,557,1419]
a: [3,2656,1,2,1,2643]
s: 2656
d: [2,2685,1,6,3,1,40,648,1034]
a: [3,2716,1,2,1,2685]
s: 2716
d: [2,2696,1,6,3,1,40,648,1399]
a: [3,2748,1,2,1,2696]
s: 2748
d: [2,1862,2,2,1,1,40,1541,601]
a: [3,1867,2,2,1,1862]
s: 1867
a: [3,2063,1,3,1,2052]
s: 2063
d: [2,2053,1,5,2,0,40,584,617]
a: [3,2072,1,3,1,2053]
s: 2072
d: [2,1863,2,2,1,1,40,1541,600]
a: [3,1872,2,2,1,1863]
s: 1872
d: [2,2078,1,5,2,0,40,589,616]
d: [2,2081,1,3,1,1,21,2078,1769]
a: [3,2085,1,3,1,2081]
s: 2085
d: [2,1874,2,2,1,1,40,1546,601]
a: [3,1879,2,2,1,1874]
s: 1879
d: [2,2079,1,5,2,0,40,589,618]
a: [3,2090,1,3,1,2079]
s: 2090
d: [2,2080,1,5,2,0,40,589,617]
a: [3,2095,1,3,1,2080]
s: 2095
d: [2,1875,2,2,1,1,40,1546,600]
a: [3,1884,2,2,1,1875]
s: 1884
d: [2,2462,1,8,3,0,40,574,586]
d: [2,2466,1,6,2,1,21,2462,1769]
a: [3,2470,1,3,1,2466]
s: 2470
d: [2,3544,2,0,0,2,52,1769,2470,585]
e: 3544
d: [2,3545,2,2,1,1,40,2470,585]
d: [2,3548,2,0,0,2,21,3545,1769]
e: 3548
r: 2470
d: [2,1893,2,2,1,1,40,1555,603]
a: [3,1898,2,2,1,1893]
s: 1898
a: [3,2469,1,3,1,2466]
s: 2469
a: [3,2474,1,3,1,2466]
s: 2474
d: [2,1901,2,2,1,1,40,1560,603]
a: [3,1906,2,2,1,1901]
s: 1906
d: [2,2477,1,8,3,0,40,575,586]
d: [2,2478,1,5,2,0,21,2477,585]
a: [3,2482,1,3,1,2478]
s: 2482
d: [2,2014,2,4,2,1,40,565,1471]
a: [3,2019,2,2,1,2014]
s: 2019
d: [2,2484,1,8,3,0,40,576,586]
d: [2,2485,1,5,2,0,21,2484,585]
a: [3,2489,1,3,1,2485]
s: 2489
d: [2,2494,1,5,2,1,40,578,906]
d: [2,2516,1,3,1,2,21,2494,1453]
a: [3,2520,1,3,1,2516]
s: 2520
d: [2,2171,2,2,1,1,40,1795,594]
a: [3,2181,2,2,1,2171]
s: 2181
d: [2,2788,1,5,2,1,40,671,921]
d: [2,2802,1,3,1,2,21,2788,876]
a: [3,2806,1,3,1,2802]
s: 2806
d: [2,2172,2,2,1,1,40,1795,593]
a: [3,2186,2,2,1,2172]
s: 2186
d: [2,2789,1,5,2,1,40,671,926]
d: [2,2808,1,3,1,2,21,2789,1438]
a: [3,2812,1,3,1,2808]
s: 2812
d: [2,2791,1,5,2,1,40,671,1459]
d: [2,2823,1,3,1,2,21,2791,1438]
a: [3,2827,1,3,1,2823]
s: 2827
d: [2,2175,2,2,1,1,40,1795,590]
a: [3,2192,2,2,1,2175]
s: 2192
d: [2,2798,1,5,2,1,40,671,1354]
d: [2,2838,1,3,1,2,21,2798,1438]
a: [3,2842,1,3,1,2838]
s: 2842
d: [2,2195,2,4,2,1,40,659,1569]
a: [3,2220,2,2,1,2195]
s: 2220
r: 2220
d: [2,2799,1,5,2,1,40,671,1379]
d: [2,2844,1,3,1,2,21,2799,876]
a: [3,2848,1,3,1,2844]
s: 2848
d: [2,2800,1,5,2,1,40,671,1404]
d: [2,2850,1,3,1,2,21,2800,876]
a: [3,2854,1,3,1,2850]
s: 2854
a: [3,2221,2,2,1,2195]
s: 2221
d: [2,1886,1,4,1,0,40,720,613]
s: 1886
a: [3,2225,2,2,1,2195]
s: 2225
d: [2,1887,1,4,1,0,40,720,612]
s: 1887
d: [2,1888,1,4,1,0,40,720,611]
s: 1888
d: [2,2196,2,4,2,1,40,659,1712]
a: [3,2229,2,2,1,2196]
s: 2229
r: 2229
d: [2,1889,1,4,1,0,40,720,610]
s: 1889
a: [3,2230,2,2,1,2196]
s: 2230
d: [2,1890,1,4,1,0,40,720,609]
s: 1890
d: [2,1891,1,4,1,0,40,720,608]
s: 1891
a: [3,2233,2,2,1,2196]
s: 2233
d: [2,2357,1,8,2,0,40,666,721]
d: [2,2378,1,4,1,0,21,2357,720]
s: 2378
d: [2,2331,2,2,1,1,40,1800,594]
a: [3,2340,2,2,1,2331]
s: 2340
d: [2,2790,1,7,2,1,40,671,906]
a: [3,2817,1,4,1,2790]
s: 2817
a: [3,2820,1,3,1,2790]
s: 2820
d: [2,2332,2,2,1,1,40,1800,593]
a: [3,2345,2,2,1,2332]
s: 2345
d: [2,2801,1,7,2,1,40,671,1419]
a: [3,2859,1,4,1,2801]
s: 2859
d: [2,2335,2,2,1,1,40,1800,590]
a: [3,2351,2,2,1,2335]
s: 2351
d: [2,1910,1,5,2,1,44,1459,614]
s: 1910
d: [2,1992,1,5,2,0,40,556,618]
s: 1992
d: [2,2384,2,2,1,1,40,1805,590]
a: [3,2390,2,2,1,2384]
s: 2390
d: [2,1993,1,5,2,0,40,556,617]
s: 1993
d: [2,2394,2,2,1,1,40,1810,593]
a: [3,2402,2,2,1,2394]
s: 2402
d: [2,2501,1,5,2,0,40,578,677]
s: 2501
d: [2,2498,1,8,3,0,40,578,550]
d: [2,2531,1,5,2,0,21,2498,551]
s: 2531
d: [2,2397,2,2,1,1,40,1810,590]
a: [3,2408,2,2,1,2397]
s: 2408
d: [2,2556,1,5,2,0,40,602,677]
s: 2556
d: [2,2410,2,2,1,1,40,1821,601]
a: [3,2416,2,2,1,2410]
s: 2416
d: [2,3161,1,5,2,0,40,561,715]
s: 3161
d: [2,2642,1,6,2,0,40,557,677]
s: 2642
d: [2,2411,2,2,1,1,40,1821,600]
a: [3,2421,2,2,1,2411]
s: 2421
d: [2,2664,1,6,2,0,40,579,677]
s: 2664
d: [2,2423,2,2,1,1,40,1826,601]
a: [3,2428,2,2,1,2423]
s: 2428
d: [2,2680,1,6,2,0,40,607,677]
s: 2680
d: [2,2797,1,6,2,0,40,671,677]
s: 2797
d: [2,2424,2,2,1,1,40,1826,600]
a: [3,2433,2,2,1,2424]
s: 2433
d: [2,2890,1,6,1,0,40,715,677]
s: 2890
d: [2,2435,2,2,1,1,40,1831,601]
a: [3,2440,2,2,1,2435]
s: 2440
d: [2,3011,1,6,2,1,40,675,906]
s: 3011
d: [2,3021,1,6,2,1,40,675,1419]
s: 3021
d: [2,2436,2,2,1,1,40,1831,600]
a: [3,2445,2,2,1,2436]
s: 2445
d: [2,3025,1,11,3,0,40,684,552]
d: [2,3029,1,6,2,0,21,3025,553]
s: 3029
d: [2,2447,2,2,1,1,40,1836,601]
a: [3,2452,2,2,1,2447]
s: 2452
d: [2,3033,1,11,3,0,40,685,552]
d: [2,3037,1,6,2,0,21,3033,553]
s: 3037
d: [2,1909,1,7,3,0,44,614,614]
s: 1909
d: [2,2448,2,2,1,1,40,1836,600]
a: [3,2457,2,2,1,2448]
s: 2457
d: [2,1912,1,7,3,0,44,615,614]
s: 1912
d: [2,2595,2,2,1,1,40,1955,603]
a: [3,2600,2,2,1,2595]
s: 2600
d: [2,1914,1,7,3,0,44,616,614]
s: 1914
d: [2,2593,1,7,3,0,40,645,548]
s: 2593
d: [2,2612,2,2,1,1,40,1969,590]
a: [3,2620,2,2,1,2612]
s: 2620
d: [2,2623,1,7,3,0,40,653,548]
s: 2623
d: [2,2683,2,6,3,1,40,648,1569]
a: [3,2706,2,2,1,2683]
s: 2706
d: [2,2627,1,7,3,0,40,656,613]
s: 2627
d: [2,2628,1,7,3,0,40,656,612]
s: 2628
d: [2,2687,2,6,3,1,40,648,1574]
d: [2,2728,2,4,2,2,21,2687,1159]
a: [3,2736,2,2,1,2728]
s: 2736
d: [2,3835,3,0,0,2,52,1154,2736,597]
e: 3835
d: [2,3836,3,2,1,1,40,2736,597]
d: [2,3838,3,0,0,2,21,3836,1154]
e: 3838
r: 2736
d: [2,2629,1,7,3,0,40,656,611]
s: 2629
a: [3,2732,2,2,1,2728]
s: 2732
d: [2,2630,1,7,3,0,40,656,610]
s: 2630
d: [2,2631,1,7,3,0,40,656,609]
s: 2631
a: [3,2735,2,2,1,2728]
s: 2735
d: [2,2632,1,7,3,0,40,656,608]
s: 2632
d: [2,2940,2,2,1,1,40,2168,594]
a: [3,2948,2,2,1,2940]
s: 2948
d: [2,2636,1,7,3,0,40,557,672]
s: 2636
d: [2,2638,1,7,3,0,40,557,545]
s: 2638
d: [2,2941,2,2,1,1,40,2168,593]
a: [3,2953,2,2,1,2941]
s: 2953
d: [2,2639,1,7,3,0,40,557,550]
s: 2639
d: [2,2944,2,2,1,1,40,2168,590]
a: [3,2958,2,2,1,2944]
s: 2958
d: [2,2640,1,7,3,0,40,557,552]
s: 2640
d: [2,2641,1,7,3,0,40,557,555]
s: 2641
d: [2,3269,2,2,1,1,40,2568,601]
a: [3,3274,2,2,1,3269]
s: 3274
d: [2,2658,1,7,3,0,40,579,672]
s: 2658
d: [2,3270,2,2,1,1,40,2568,600]
a: [3,3279,2,2,1,3270]
s: 3279
d: [2,2660,1,7,3,0,40,579,545]
s: 2660
d: [2,2661,1,7,3,0,40,579,550]
s: 2661
d: [2,3380,3,6,3,1,40,1707,648]
a: [3,3384,3,2,1,3380]
s: 3384
d: [2,2662,1,7,3,0,40,579,552]
s: 2662
a: [3,3393,3,2,1,3380]
s: 3393
d: [2,2663,1,7,3,0,40,579,555]
s: 2663
d: [2,2674,1,7,3,0,40,607,672]
s: 2674
d: [2,3587,3,2,1,1,40,2186,603]
a: [3,3592,3,2,1,3587]
s: 3592
d: [2,2679,1,7,3,0,40,607,555]
s: 2679
d: [2,3664,3,2,1,1,40,2229,611]
a: [3,3680,3,2,1,3664]
s: 3680
d: [2,2885,1,7,2,0,40,715,672]
s: 2885
d: [2,2908,1,7,2,0,40,676,677]
s: 2908
d: [2,3702,3,4,2,1,40,2340,659]
d: [2,3703,3,2,1,2,21,3702,1039]
a: [3,3707,3,2,1,3703]
s: 3707
d: [2,3176,1,7,3,0,40,639,715]
s: 3176
d: [2,3719,3,2,1,1,40,2345,603]
a: [3,3723,3,2,1,3719]
s: 3723
d: [2,3194,1,11,4,1,40,693,906]
d: [2,3209,1,9,3,2,21,3194,1438]
d: [2,3210,1,7,2,3,21,3209,876]
s: 3210
d: [2,3206,1,11,4,1,40,693,1419]
d: [2,3215,1,9,3,2,21,3206,1414]
d: [2,3216,1,7,2,3,21,3215,876]
s: 3216
d: [2,3744,3,2,1,1,40,2402,603]
a: [3,3748,3,2,1,3744]
s: 3748
d: [2,2013,1,8,3,0,40,565,585]
s: 2013
d: [2,3852,3,6,3,1,40,2948,648]
a: [3,3857,3,2,1,3852]
s: 3857
r: 3857
d: [2,2035,1,8,3,0,40,567,585]
s: 2035
d: [2,2106,1,8,3,0,40,655,606]
s: 2106
a: [3,3856,3,2,1,3852]
s: 3856
d: [2,2107,1,8,3,0,40,655,547]
s: 2107
a: [3,3861,3,2,1,3852]
s: 3861
d: [2,2108,1,8,3,0,40,655,554]
s: 2108
d: [2,2353,1,8,3,0,40,666,587]
s: 2353
a: [3,3864,3,2,1,3852]
s: 3864
d: [2,2500,1,8,3,0,40,578,555]
s: 2500
d: [2,3870,3,2,1,1,40,2953,603]
a: [3,3874,3,2,1,3870]
s: 3874
d: [2,2552,1,8,3,0,40,602,545]
s: 2552
d: [2,2553,1,8,3,0,40,602,550]
s: 2553
d: [2,3879,4,2,1,1,40,3393,597]
a: [3,3883,4,2,1,3879]
s: 3883
d: [2,2554,1,8,3,0,40,602,552]
s: 2554
d: [2,3328,2,3,1,1,40,1919,581]
a: [3,3332,2,3,1,3328]
s: 3332
d: [2,2555,1,8,3,0,40,602,555]
s: 2555
d: [2,2634,1,8,3,0,40,672,602]
s: 2634
d: [2,3335,2,3,1,1,40,1960,604]
a: [3,3340,2,3,1,3335]
s: 3340
d: [2,2635,1,8,3,0,40,672,578]
s: 2635
d: [2,3336,2,3,1,1,40,1960,603]
a: [3,3345,2,3,1,3336]
s: 3345
d: [2,2863,1,8,3,0,40,699,581]
s: 2863
d: [2,2864,1,8,3,0,40,708,595]
s: 2864
d: [2,3348,2,3,1,1,40,1975,594]
a: [3,3357,2,3,1,3348]
s: 3357
d: [2,2865,1,8,3,0,40,708,594]
s: 2865
d: [2,3349,2,3,1,1,40,1975,593]
a: [3,3362,2,3,1,3349]
s: 3362
d: [2,2866,1,8,3,0,40,708,593]
s: 2866
d: [2,2867,1,8,3,0,40,708,592]
s: 2867
d: [2,3350,2,3,1,1,40,1975,592]
a: [3,3367,2,3,1,3350]
s: 3367
d: [2,2868,1,8,3,0,40,708,591]
s: 2868
d: [2,3351,2,3,1,1,40,1975,591]
a: [3,3372,2,3,1,3351]
s: 3372
d: [2,2869,1,8,3,0,40,708,590]
s: 2869
d: [2,2879,1,8,3,0,40,713,604]
s: 2879
d: [2,3352,2,3,1,1,40,1975,590]
a: [3,3377,2,3,1,3352]
s: 3377
d: [2,2880,1,8,3,0,40,713,603]
s: 2880
d: [2,3396,2,3,1,1,40,2058,613]
a: [3,3406,2,3,1,3396]
s: 3406
d: [2,2892,1,8,2,0,40,719,607]
s: 2892
d: [2,2893,1,8,2,0,40,719,579]
s: 2893
d: [2,3397,2,3,1,1,40,2058,612]
a: [3,3411,2,3,1,3397]
s: 3411
d: [2,2894,1,8,2,0,40,719,557]
s: 2894
d: [2,3398,2,3,1,1,40,2058,611]
a: [3,3416,2,3,1,3398]
s: 3416
d: [2,2902,1,8,3,0,40,676,672]
s: 2902
d: [2,2904,1,8,3,0,40,676,545]
s: 2904
d: [2,3399,2,3,1,1,40,2058,610]
a: [3,3421,2,3,1,3399]
s: 3421
d: [2,2911,1,8,3,0,40,700,619]
s: 2911
d: [2,3400,2,3,1,1,40,2058,609]
a: [3,3426,2,3,1,3400]
s: 3426
d: [2,3019,1,8,2,0,40,675,677]
s: 3019
d: [2,3027,1,8,2,0,40,684,677]
s: 3027
d: [2,3401,2,3,1,1,40,2058,608]
a: [3,3431,2,3,1,3401]
s: 3431
d: [2,3035,1,8,2,0,40,685,677]
s: 3035
d: [2,3494,2,3,1,1,40,2063,548]
a: [3,3498,2,3,1,3494]
s: 3498
d: [2,3049,1,12,5,0,44,699,702]
d: [2,3050,1,8,3,0,18,3049]
s: 3050
d: [2,3047,1,12,5,0,44,713,702]
d: [2,3055,1,10,4,0,21,3047,581]
d: [2,3056,1,8,3,0,21,3055,581]
s: 3056
d: [2,3500,2,3,1,1,40,2085,613]
a: [3,3510,2,3,1,3500]
s: 3510
d: [2,3048,1,12,5,0,44,708,702]
d: [2,3057,1,10,4,0,21,3048,590]
d: [2,3058,1,8,3,0,21,3057,590]
s: 3058
d: [2,3501,2,3,1,1,40,2085,612]
a: [3,3515,2,3,1,3501]
s: 3515
d: [2,3059,1,10,4,0,40,703,616]
d: [2,3062,1,8,3,1,21,3059,1769]
s: 3062
d: [2,3060,1,10,4,0,40,703,618]
d: [2,3063,1,8,3,1,21,3060,2066]
s: 3063
d: [2,3502,2,3,1,1,40,2085,611]
a: [3,3520,2,3,1,3502]
s: 3520
d: [2,3061,1,10,4,0,40,703,617]
d: [2,3064,1,8,3,1,21,3061,2066]
s: 3064
d: [2,3503,2,3,1,1,40,2085,610]
a: [3,3525,2,3,1,3503]
s: 3525
d: [2,3159,1,8,3,0,40,561,685]
s: 3159
d: [2,2459,1,9,4,0,44,571,614]
s: 2459
d: [2,3504,2,3,1,1,40,2085,609]
a: [3,3530,2,3,1,3504]
s: 3530
d: [2,2464,1,9,4,0,44,574,614]
s: 2464
d: [2,3505,2,3,1,1,40,2085,608]
a: [3,3535,2,3,1,3505]
s: 3535
d: [2,2886,1,9,2,0,40,715,545]
s: 2886
d: [2,2887,1,9,2,0,40,715,550]
s: 2887
d: [2,3538,2,3,1,1,40,2090,548]
a: [3,3542,2,3,1,3538]
s: 3542
d: [2,2888,1,9,2,0,40,715,552]
s: 2888
d: [2,3550,2,6,2,1,40,2469,567]
a: [3,3556,2,3,1,3550]
s: 3556
d: [2,2889,1,9,2,0,40,715,555]
s: 2889
d: [2,2896,1,9,2,0,40,719,602]
s: 2896
d: [2,3551,2,6,2,1,40,2469,565]
a: [3,3561,2,3,1,3551]
s: 3561
d: [2,2897,1,9,2,0,40,719,578]
s: 2897
d: [2,3564,2,6,2,1,40,2489,564]
a: [3,3568,2,3,1,3564]
s: 3568
d: [2,4267,3,0,0,2,52,2066,3568,585]
e: 4267
d: [2,4268,3,2,1,1,40,3568,585]
d: [2,4270,3,0,0,2,21,4268,2066]
e: 4270
r: 3568
d: [2,2909,1,9,2,0,40,676,719]
s: 2909
d: [2,2912,1,11,4,0,40,700,671]
d: [2,2915,1,9,3,1,21,2912,871]
s: 2915
a: [3,3567,2,3,1,3564]
s: 3567
d: [2,3010,1,9,3,0,40,675,672]
s: 3010
a: [3,3572,2,3,1,3564]
s: 3572
d: [2,3012,1,9,3,0,40,675,545]
s: 3012
d: [2,3013,1,9,3,0,40,675,550]
s: 3013
d: [2,3578,2,3,1,1,40,2806,686]
a: [3,3584,2,3,1,3578]
s: 3584
d: [2,3014,1,9,3,0,40,675,552]
s: 3014
d: [2,3594,2,3,1,1,40,2812,686]
a: [3,3600,2,3,1,3594]
s: 3600
d: [2,3015,1,9,3,0,40,675,555]
s: 3015
d: [2,3022,1,9,3,0,40,684,672]
s: 3022
d: [2,3602,2,3,1,1,40,2827,686]
a: [3,3609,2,3,1,3602]
s: 3609
d: [2,3030,1,9,3,0,40,685,672]
s: 3030
d: [2,3613,2,3,1,1,40,2842,686]
a: [3,3619,2,3,1,3613]
s: 3619
d: [2,2605,1,10,4,0,40,652,655]
s: 2605
d: [2,2787,1,10,3,0,40,671,672]
s: 2787
d: [2,3637,2,3,1,1,40,2848,686]
a: [3,3643,2,3,1,3637]
s: 3643
d: [2,2793,1,10,3,0,40,671,545]
s: 2793
d: [2,3645,2,3,1,1,40,2854,686]
a: [3,3651,2,3,1,3645]
s: 3651
d: [2,2794,1,10,3,0,40,671,550]
s: 2794
d: [2,2795,1,10,3,0,40,671,552]
s: 2795
d: [2,3767,2,3,1,2,40,3011,2827]
a: [3,3773,2,3,1,3767]
s: 3773
d: [2,2796,1,10,3,0,40,671,555]
s: 2796
d: [2,3769,2,3,1,2,40,3011,2842]
a: [3,3784,2,3,1,3769]
s: 3784
d: [2,2933,1,10,4,0,40,627,607]
s: 2933
d: [2,2934,1,10,4,0,40,627,579]
s: 2934
d: [2,3927,2,5,2,1,40,2353,2085]
d: [2,3928,2,3,1,2,21,3927,1769]
a: [3,3932,2,3,1,3928]
s: 3932
d: [2,2935,1,10,4,0,40,627,557]
s: 2935
d: [2,3935,3,3,1,1,40,3332,604]
a: [3,3940,3,3,1,3935]
s: 3940
d: [2,2961,1,10,4,0,40,641,607]
s: 2961
d: [2,2962,1,10,4,0,40,641,579]
s: 2962
d: [2,3936,3,3,1,1,40,3332,603]
a: [3,3945,3,3,1,3936]
s: 3945
d: [2,2963,1,10,4,0,40,641,557]
s: 2963
d: [2,3948,3,9,3,1,40,3340,648]
a: [3,3953,3,3,1,3948]
s: 3953
r: 3953
d: [2,2968,1,10,4,0,40,643,607]
s: 2968
d: [2,2969,1,10,4,0,40,643,579]
s: 2969
a: [3,3952,3,3,1,3948]
s: 3952
d: [2,2970,1,10,4,0,40,643,557]
s: 2970
a: [3,3957,3,3,1,3948]
s: 3957
d: [2,3020,1,10,2,0,40,675,719]
s: 3020
d: [2,3045,1,14,6,0,44,707,702]
d: [2,3051,1,12,5,0,21,3045,590]
d: [2,3052,1,10,4,0,21,3051,590]
s: 3052
a: [3,3960,3,3,1,3948]
s: 3960
d: [2,3046,1,14,6,0,44,706,702]
d: [2,3053,1,12,5,0,21,3046,590]
d: [2,3054,1,10,4,0,21,3053,590]
s: 3054
d: [2,3979,3,9,3,1,40,3357,648]
d: [2,3981,3,6,2,2,21,3979,1938]
a: [3,3985,3,3,1,3981]
s: 3985
r: 3985
d: [2,3174,1,10,4,0,40,639,685]
s: 3174
d: [2,2932,1,11,4,0,40,627,676]
s: 2932
a: [3,3984,3,3,1,3981]
s: 3984
d: [2,2937,1,11,4,0,40,627,602]
s: 2937
a: [3,3989,3,3,1,3981]
s: 3989
d: [2,2938,1,11,4,0,40,627,578]
s: 2938
d: [2,2965,1,11,4,0,40,641,602]
s: 2965
d: [2,4000,3,3,1,1,40,3362,603]
a: [3,4004,3,3,1,4000]
s: 4004
d: [2,2966,1,11,4,0,40,641,578]
s: 2966
d: [2,4022,3,3,1,1,40,3367,601]
a: [3,4027,3,3,1,4022]
s: 4027
d: [2,2972,1,11,4,0,40,643,602]
s: 2972
d: [2,2973,1,11,4,0,40,643,578]
s: 2973
d: [2,4023,3,3,1,1,40,3367,600]
a: [3,4032,3,3,1,4023]
s: 4032
d: [2,3023,1,11,3,0,40,684,545]
s: 3023
d: [2,4069,3,3,1,1,40,3411,601]
a: [3,4075,3,3,1,4069]
s: 4075
d: [2,3024,1,11,3,0,40,684,550]
s: 3024
d: [2,3026,1,11,3,0,40,684,555]
s: 3026
d: [2,4070,3,3,1,1,40,3411,600]
a: [3,4080,3,3,1,4070]
s: 4080
d: [2,3031,1,11,3,0,40,685,545]
s: 3031
d: [2,4083,3,3,1,1,40,3416,594]
a: [3,4092,3,3,1,4083]
s: 4092
d: [2,3032,1,11,3,0,40,685,550]
s: 3032
d: [2,3034,1,11,3,0,40,685,555]
s: 3034
d: [2,4084,3,3,1,1,40,3416,593]
a: [3,4097,3,3,1,4084]
s: 4097
d: [2,3160,1,11,3,0,40,561,684]
s: 3160
d: [2,4087,3,3,1,1,40,3416,590]
a: [3,4103,3,3,1,4087]
s: 4103
d: [2,3170,1,15,6,0,44,705,654]
d: [2,3171,1,11,4,0,18,3170]
s: 3171
d: [2,3199,1,16,5,0,40,693,552]
d: [2,3208,1,14,4,0,18,3199]
d: [2,3212,1,11,3,0,21,3208,553]
s: 3212
d: [2,4129,3,6,2,1,40,3498,655]
a: [3,4133,3,3,1,4129]
s: 4133
d: [2,3218,1,24,5,0,40,683,561]
d: [2,3226,1,14,4,0,21,3218,560]
d: [2,3227,1,11,3,0,21,3226,559]
s: 3227
d: [2,4156,3,3,1,1,40,3515,601]
a: [3,4162,3,3,1,4156]
s: 4162
d: [2,2884,1,12,4,0,40,714,655]
s: 2884
d: [2,3016,1,12,4,0,40,675,627]
s: 3016
d: [2,4157,3,3,1,1,40,3515,600]
a: [3,4167,3,3,1,4157]
s: 4167
d: [2,3017,1,12,4,0,40,675,641]
s: 3017
d: [2,4190,3,3,1,1,40,3520,594]
a: [3,4199,3,3,1,4190]
s: 4199
d: [2,3018,1,12,4,0,40,675,643]
s: 3018
d: [2,3081,1,16,7,0,44,687,702]
d: [2,3082,1,14,6,0,21,3081,581]
d: [2,3083,1,12,5,0,21,3082,581]
s: 3083
d: [2,4191,3,3,1,1,40,3520,593]
a: [3,4204,3,3,1,4191]
s: 4204
d: [2,3086,1,16,7,0,44,688,702]
d: [2,3087,1,14,6,0,21,3086,581]
d: [2,3088,1,12,5,0,21,3087,581]
s: 3088
d: [2,4194,3,3,1,1,40,3520,590]
a: [3,4210,3,3,1,4194]
s: 4210
d: [2,3090,1,12,5,0,40,709,597]
s: 3090
d: [2,3091,1,16,7,0,44,709,704]
d: [2,3095,1,14,6,0,21,3091,603]
d: [2,3096,1,12,5,0,21,3095,603]
s: 3096
d: [2,4250,3,6,2,1,40,3542,655]
a: [3,4254,3,3,1,4250]
s: 4254
d: [2,3092,1,16,7,0,44,709,704]
d: [2,3097,1,14,6,0,21,3092,603]
d: [2,3098,1,12,5,0,21,3097,603]
s: 3098
d: [2,4307,3,5,2,1,40,3773,671]
d: [2,4311,3,3,1,2,21,4307,876]
a: [3,4315,3,3,1,4311]
s: 4315
d: [2,3093,1,16,7,0,44,709,702]
d: [2,3099,1,14,6,0,21,3093,581]
d: [2,3100,1,12,5,0,21,3099,581]
s: 3100
d: [2,3102,1,12,5,0,40,710,597]
s: 3102
d: [2,4321,3,5,2,1,40,3784,671]
d: [2,4324,3,3,1,2,21,4321,876]
a: [3,4328,3,3,1,4324]
s: 4328
d: [2,3105,1,16,7,0,44,710,702]
d: [2,3107,1,14,6,0,21,3105,581]
d: [2,3108,1,12,5,0,21,3107,581]
s: 3108
d: [2,4341,4,9,3,1,40,3940,648]
a: [3,4346,4,3,1,4341]
s: 4346
r: 4346
d: [2,3112,1,16,7,0,44,711,704]
d: [2,3116,1,14,6,0,21,3112,603]
d: [2,3117,1,12,5,0,21,3116,603]
s: 3117
d: [2,3113,1,16,7,0,44,711,704]
d: [2,3118,1,14,6,0,21,3113,603]
d: [2,3119,1,12,5,0,21,3118,603]
s: 3119
a: [3,4345,4,3,1,4341]
s: 4345
d: [2,3114,1,16,7,0,44,711,702]
d: [2,3120,1,14,6,0,21,3114,581]
d: [2,3121,1,12,5,0,21,3120,581]
s: 3121
a: [3,4350,4,3,1,4341]
s: 4350
d: [2,3127,1,16,7,0,44,712,702]
d: [2,3129,1,14,6,0,21,3127,581]
d: [2,3130,1,12,5,0,21,3129,581]
s: 3130
d: [2,3175,1,12,4,0,40,639,684]
s: 3175
a: [3,4353,4,3,1,4341]
s: 4353
d: [2,3219,1,24,6,0,40,683,639]
d: [2,3228,1,15,5,0,21,3219,638]
d: [2,3229,1,12,4,0,21,3228,637]
s: 3229
d: [2,4466,4,6,2,1,40,4092,659]
d: [2,4468,4,3,1,2,21,4466,2058]
a: [3,4472,4,3,1,4468]
s: 4472
d: [2,2895,1,13,2,0,40,719,671]
s: 2895
d: [2,3186,1,21,7,0,40,691,694]
d: [2,3187,1,13,4,0,18,3186]
s: 3187
d: [2,4482,4,3,1,1,40,4097,603]
a: [3,4487,4,3,1,4482]
s: 4487
d: [2,3191,1,21,7,0,40,692,694]
d: [2,3192,1,13,4,0,18,3191]
s: 3192
d: [2,4512,4,6,2,1,40,4199,659]
d: [2,4514,4,3,1,2,21,4512,2085]
a: [3,4518,4,3,1,4514]
s: 4518
d: [2,2936,1,14,4,0,40,627,671]
s: 2936
d: [2,2964,1,14,4,0,40,641,671]
s: 2964
d: [2,4527,4,3,1,1,40,4204,603]
a: [3,4532,4,3,1,4527]
s: 4532
d: [2,2971,1,14,4,0,40,643,671]
s: 2971
d: [2,4552,4,3,1,1,40,4315,686]
a: [3,4559,4,3,1,4552]
s: 4559
d: [2,3040,1,14,5,0,40,705,655]
s: 3040
d: [2,3164,1,14,3,0,40,561,607]
s: 3164
d: [2,4576,4,3,1,1,40,4328,686]
a: [3,4582,4,3,1,4576]
s: 4582
d: [2,3165,1,14,3,0,40,561,579]
s: 3165
d: [2,2592,2,4,2,1,44,1933,614]
s: 2592
r: 659
d: [2,3166,1,14,3,0,40,561,557]
s: 3166
d: [2,3193,1,14,5,0,40,693,672]
s: 3193
d: [2,3654,2,4,1,0,40,1887,601]
s: 3654
d: [2,3200,1,16,5,0,40,693,555]
d: [2,3207,1,14,4,0,18,3200]
s: 3207
d: [2,3655,2,4,1,0,40,1887,600]
s: 3655
d: [2,4734,1,11,3,0,21,3207,1993]
s: 4734
d: [2,3198,1,16,5,0,40,693,550]
d: [2,3211,1,14,4,0,21,3198,613]
s: 3211
d: [2,3657,2,4,1,0,40,1888,594]
s: 3657
d: [2,3065,1,15,5,0,44,704,702]
s: 3065
d: [2,3658,2,4,1,0,40,1888,593]
s: 3658
d: [2,3066,1,15,5,0,44,704,702]
s: 3066
d: [2,3068,1,15,5,0,44,702,704]
s: 3068
d: [2,3660,2,4,1,0,40,1888,591]
s: 3660
d: [2,3074,1,15,5,0,44,702,704]
s: 3074
d: [2,3661,2,4,1,0,40,1888,590]
s: 3661
d: [2,3163,1,15,3,0,40,561,676]
s: 3163
d: [2,3168,1,15,3,0,40,561,602]
s: 3168
d: [2,3709,2,4,1,1,40,2817,686]
a: [3,3715,2,4,1,3709]
s: 3715
d: [2,3169,1,15,3,0,40,561,578]
s: 3169
d: [2,3725,2,4,1,1,40,2859,686]
a: [3,3731,2,4,1,3725]
s: 3731
d: [2,3179,1,15,4,0,40,639,607]
s: 3179
d: [2,3180,1,15,4,0,40,639,579]
s: 3180
d: [2,3736,2,4,2,1,40,1910,620]
s: 3736
d: [2,3181,1,15,4,0,40,639,557]
s: 3181
d: [2,3768,2,6,2,1,40,3011,2797]
d: [2,3775,2,4,1,2,21,3768,1438]
a: [3,3779,2,4,1,3775]
s: 3779
d: [2,3217,1,15,5,0,40,683,672]
s: 3217
d: [2,3110,1,16,6,0,40,711,662]
s: 3110
d: [2,3786,2,6,2,1,40,3021,2797]
d: [2,3787,2,4,1,2,21,3786,1414]
a: [3,3791,2,4,1,3787]
s: 3791
d: [2,4824,1,12,5,0,21,3110,2879]
s: 4824
d: [2,4825,3,3,1,1,40,3791,623]
a: [3,4832,3,3,1,4825]
s: 4832
d: [2,3111,1,16,6,0,40,711,661]
s: 3111
d: [2,4866,1,12,5,0,21,3111,2879]
s: 4866
d: [2,4854,4,3,1,1,40,4832,604]
a: [3,4859,4,3,1,4854]
s: 4859
d: [2,3123,1,16,6,0,40,712,662]
s: 3123
d: [2,4855,4,3,1,1,40,4832,603]
a: [3,4864,4,3,1,4855]
s: 4864
d: [2,4906,1,12,5,0,21,3123,2879]
s: 4906
d: [2,3124,1,16,6,0,40,712,661]
s: 3124
d: [2,4892,5,9,3,1,40,4859,648]
a: [3,4896,5,3,1,4892]
s: 4896
r: 4896
d: [2,4917,1,12,5,0,21,3124,2879]
s: 4917
a: [3,4895,5,3,1,4892]
s: 4895
d: [2,3162,1,16,3,0,40,561,675]
s: 3162
d: [2,3178,1,16,4,0,40,639,676]
s: 3178
a: [3,4900,5,3,1,4892]
s: 4900
d: [2,3183,1,16,4,0,40,639,602]
s: 3183
a: [3,4903,5,3,1,4892]
s: 4903
d: [2,3184,1,16,4,0,40,639,578]
s: 3184
d: [2,3197,1,16,5,0,40,693,545]
s: 3197
d: [2,3888,2,4,1,0,40,2885,680]
s: 3888
d: [2,3225,1,16,4,0,40,683,719]
s: 3225
d: [2,4169,2,9,3,1,40,3062,586]
d: [2,4173,2,6,2,2,21,4169,2469]
d: [2,4174,2,4,1,2,21,4173,1769]
a: [3,4178,2,4,1,4174]
s: 4178
d: [2,3254,1,18,6,0,44,713,724]
d: [2,3268,1,16,5,0,21,3254,603]
s: 3268
d: [2,3177,1,17,4,0,40,639,675]
s: 3177
d: [2,4987,3,7,2,1,40,4178,3159]
a: [3,4999,3,3,1,4987]
s: 4999
d: [2,3204,1,17,4,0,40,693,677]
s: 3204
d: [2,4180,2,9,3,1,40,3063,586]
d: [2,4183,2,7,2,1,21,4180,2066]
a: [3,4187,2,4,1,4183]
s: 4187
d: [2,3235,1,21,6,0,44,724,704]
d: [2,3260,1,17,4,0,18,3235]
s: 3260
d: [2,3234,1,21,6,0,44,724,704]
d: [2,3261,1,17,4,0,18,3234]
s: 3261
d: [2,4212,2,9,3,1,40,3064,586]
d: [2,4215,2,7,2,1,21,4212,2066]
a: [3,4219,2,4,1,4215]
s: 4219
d: [2,3202,1,20,6,0,40,693,641]
d: [2,3213,1,18,5,0,21,3202,656]
s: 3213
d: [2,3577,3,4,2,1,44,2181,614]
s: 3577
d: [2,3203,1,20,6,0,40,693,643]
d: [2,3214,1,18,5,0,21,3203,656]
s: 3214
d: [2,3221,1,23,5,0,40,683,550]
d: [2,3230,1,18,4,0,21,3221,551]
s: 3230
d: [2,3588,3,4,2,1,44,2186,614]
s: 3588
d: [2,3232,1,18,5,0,40,723,602]
s: 3232
d: [2,3612,3,4,2,1,44,2192,614]
s: 3612
d: [2,3233,1,18,5,0,40,723,578]
s: 3233
d: [2,3243,1,18,6,0,44,699,724]
s: 3243
d: [2,3756,3,4,2,1,44,2416,614]
s: 3756
d: [2,3249,1,18,6,0,44,708,724]
s: 3249
d: [2,3758,3,4,2,1,44,2421,614]
s: 3758
d: [2,3201,1,20,6,0,40,693,627]
s: 3201
d: [2,3231,1,20,5,0,40,723,671]
s: 3231
d: [2,4807,3,4,1,0,40,3658,603]
s: 4807
d: [2,3248,1,20,7,0,44,707,724]
s: 3248
d: [2,4814,3,6,2,1,40,3779,671]
d: [2,4817,3,4,1,2,21,4814,876]
a: [3,4821,3,4,1,4817]
s: 4821
d: [2,3291,1,33,6,0,40,725,561]
d: [2,3298,1,23,5,0,21,3291,560]
d: [2,3299,1,20,4,0,21,3298,559]
s: 3299
d: [2,3302,1,53,9,0,44,726,563]
d: [2,3305,1,45,7,0,18,3302]
d: [2,3306,1,33,6,0,21,3305,561]
d: [2,3307,1,23,5,0,21,3306,560]
d: [2,3308,1,20,4,0,21,3307,559]
s: 3308
d: [2,4826,3,6,2,1,40,3791,671]
d: [2,4834,3,4,1,2,21,4826,876]
a: [3,4838,3,4,1,4834]
s: 4838
d: [2,3303,1,53,9,0,44,563,726]
d: [2,3304,1,45,7,0,18,3303]
d: [2,3309,1,33,6,0,21,3304,561]
d: [2,3310,1,23,5,0,21,3309,560]
d: [2,3311,1,20,4,0,21,3310,559]
s: 3311
d: [2,4989,3,4,1,1,40,4178,613]
a: [3,5008,3,4,1,4989]
s: 5008
d: [2,3236,1,21,6,0,44,724,702]
s: 3236
d: [2,3246,1,23,6,0,44,704,724]
d: [2,3255,1,21,5,0,18,3246]
s: 3255
r: 2010
r: 2140
r: 2221
r: 2233
r: 2509
r: 2656
r: 2706
r: 2722
r: 2725
r: 2817
r: 2820
r: 2832
r: 2835
r: 2859
r: 2919
r: 3393
r: 3680
r: 3731
r: 3861
r: 3864
r: 3984
r: 3989
r: 4350
r: 4353
a: [3,2836,1,3,1,2792]
s: 2836
d: [2,5721,2,0,0,3,52,846,1466,2836,640]
e: 5721
d: [2,5722,2,0,0,2,52,2525,2836,609]
e: 5722
d: [2,5723,2,0,0,2,52,2575,2836,612]
e: 5723
d: [2,5726,2,4,2,1,40,2836,640]
d: [2,5744,2,2,1,2,21,5726,1466]
d: [2,5745,2,0,0,3,21,5744,846]
e: 5745
d: [2,5728,2,3,1,1,40,2836,609]
d: [2,5747,2,0,0,2,21,5728,2525]
e: 5747
d: [2,5731,2,3,1,1,40,2836,612]
d: [2,5749,2,0,0,2,21,5731,2575]
e: 5749
r: 2836
s: 2835
s: 2832
a: [3,2006,1,2,1,1996]
s: 2006
a: [3,2144,1,2,1,2113]
s: 2144
r: 2144
s: 2140
a: [3,2143,1,2,1,2113]
s: 2143
s: 2509
d: [2,2493,1,4,2,1,40,578,926]
a: [3,2513,1,2,1,2493]
s: 2513
d: [2,2503,1,4,2,1,40,578,1379]
a: [3,2535,1,2,1,2503]
s: 2535
d: [2,2504,1,4,2,1,40,578,1404]
a: [3,2540,1,2,1,2504]
s: 2540
d: [2,2558,1,4,2,1,40,602,1379]
a: [3,2583,1,2,1,2558]
s: 2583
d: [2,2559,1,4,2,1,40,602,1404]
a: [3,2588,1,2,1,2559]
s: 2588
s: 2647
d: [2,2665,1,4,2,1,40,579,1419]
a: [3,2670,1,2,1,2665]
s: 2670
a: [3,2721,1,2,1,2718]
s: 2721
a: [3,2726,1,2,1,2718]
s: 2726
d: [2,5790,2,0,0,2,52,1089,2726,597]
e: 5790
d: [2,5792,2,2,1,1,40,2726,597]
d: [2,5794,2,0,0,2,21,5792,1089]
e: 5794
r: 2721
r: 2726
s: 2722
s: 2725
a: [3,2821,1,3,1,2790]
s: 2821
d: [2,5800,2,0,0,2,52,2520,2821,609]
e: 5800
d: [2,5802,2,3,1,1,40,2821,609]
d: [2,5813,2,0,0,2,21,5802,2520]
e: 5813
r: 2821
s: 2220
s: 2820
a: [3,2234,2,2,1,2196]
s: 2234
s: 2817
s: 2859
d: [2,2684,2,6,3,1,40,648,1712]
a: [3,2711,2,2,1,2684]
s: 2711
a: [3,2922,1,8,3,2913]
s: 2922
a: [3,3389,3,2,1,3380]
s: 3389
d: [2,3245,1,23,6,0,44,704,724]
d: [2,3256,1,21,5,0,18,3245]
s: 3256
d: [2,3239,1,23,6,0,44,724,704]
d: [2,3257,1,21,5,0,18,3239]
s: 3257
a: [3,3392,3,2,1,3380]
s: 3392
d: [2,3238,1,23,6,0,44,724,704]
d: [2,3258,1,21,5,0,18,3238]
s: 3258
d: [2,3625,3,2,1,1,40,2220,609]
a: [3,3630,3,2,1,3625]
s: 3630
d: [2,3224,1,22,4,0,40,683,677]
s: 3224
d: [2,3247,1,22,7,0,44,706,724]
s: 3247
d: [2,3626,3,2,1,1,40,2220,608]
a: [3,3635,3,2,1,3626]
s: 3635
d: [2,3241,1,24,8,0,44,687,724]
d: [2,3262,1,22,7,0,21,3241,603]
s: 3262
a: [3,3860,3,2,1,3852]
s: 3860
d: [2,3242,1,24,8,0,44,688,724]
d: [2,3263,1,22,7,0,21,3242,603]
s: 3263
d: [2,3250,1,24,8,0,44,709,724]
d: [2,3264,1,22,7,0,21,3250,603]
s: 3264
a: [3,3865,3,2,1,3852]
s: 3865
d: [2,6009,4,0,0,2,52,2168,3865,597]
e: 6009
d: [2,6011,4,2,1,1,40,3865,597]
d: [2,6013,4,0,0,2,21,6011,2168]
e: 6013
r: 3860
r: 3865
d: [2,3251,1,24,8,0,44,710,724]
d: [2,3265,1,22,7,0,21,3251,603]
s: 3265
s: 3861
d: [2,3252,1,24,8,0,44,711,724]
d: [2,3266,1,22,7,0,21,3252,603]
s: 3266
d: [2,3253,1,24,8,0,44,712,724]
d: [2,3267,1,22,7,0,21,3253,603]
s: 3267
s: 3864
d: [2,3282,1,22,8,0,40,722,602]
s: 3282
s: 3985
d: [2,3283,1,22,8,0,40,722,578]
s: 3283
d: [2,3223,1,23,5,0,40,683,555]
s: 3223
a: [3,4349,4,3,1,4341]
s: 4349
d: [2,3240,1,23,6,0,44,724,702]
s: 3240
a: [3,4354,4,3,1,4341]
s: 4354
r: 4349
r: 4354
d: [2,3244,1,23,6,0,44,702,724]
s: 3244
d: [2,3167,1,24,3,0,40,561,671]
s: 3167
s: 4350
d: [2,3182,1,24,4,0,40,639,671]
s: 3182
s: 4353
d: [2,3281,1,24,8,0,40,722,671]
s: 3281
d: [2,3314,1,41,11,0,44,723,582]
d: [2,3315,1,39,10,0,18,3314]
d: [2,3326,1,32,9,0,21,3315,722]
d: [2,3327,1,25,8,0,21,3326,722]
s: 3327
d: [2,4424,4,3,1,1,40,3985,609]
a: [3,4429,4,3,1,4424]
s: 4429
d: [2,3237,1,29,7,0,44,724,724]
d: [2,3259,1,27,6,0,18,3237]
s: 3259
d: [2,4425,4,3,1,1,40,3985,608]
a: [3,4434,4,3,1,4425]
s: 4434
d: [2,3290,1,28,6,0,40,725,672]
s: 3290
d: [2,3312,1,42,13,0,44,582,634]
d: [2,3317,1,30,8,0,18,3312]
a: [3,3320,1,28,7,3317]
s: 3320
d: [2,6493,2,27,7,2,44,821,3320]
d: [2,6504,2,25,6,3,21,6493,851]
d: [2,6505,2,23,5,4,21,6504,846]
d: [2,6506,2,21,4,5,21,6505,841]
d: [2,6507,2,19,3,6,21,6506,836]
d: [2,6508,2,17,2,7,21,6507,831]
d: [2,6509,2,13,1,8,21,6508,826]
a: [3,6513,2,13,1,6509]
s: 6513
d: [2,6519,3,17,3,1,44,6513,701]
d: [2,6522,3,4,2,1,19,6519]
d: [2,6523,3,2,1,2,21,6522,851]
d: [2,6524,3,0,0,3,21,6523,2620]
e: 6524
d: [2,6520,3,17,3,1,44,6513,701]
d: [2,6521,3,4,2,1,19,6520]
d: [2,6526,3,2,1,2,21,6521,2620]
d: [2,6527,3,0,0,3,21,6526,851]
e: 6527
r: 821
r: 6513
a: [3,817,0,14,1,527]
s: 817
a: [3,6512,2,13,1,6509]
s: 6512
r: 817
a: [3,820,0,14,1,527]
s: 820
d: [2,6529,0,14,1,2,23,817,6512]
a: [3,6541,0,14,1,6529]
s: 6541
d: [2,6531,3,39,8,1,44,582,6512]
d: [2,6543,3,35,7,2,21,6531,826]
d: [2,6544,3,33,6,3,21,6543,831]
d: [2,6545,3,31,5,4,21,6544,836]
d: [2,6546,3,29,4,5,21,6545,841]
d: [2,6547,3,27,3,6,21,6546,846]
a: [3,6551,3,4,1,6547]
s: 6551
d: [2,6602,4,0,0,3,52,2620,851,6551,2911]
e: 6602
d: [2,6603,4,4,2,1,40,6551,2911]
d: [2,6607,4,2,1,2,21,6603,851]
d: [2,6608,4,0,0,3,21,6607,2620]
e: 6608
r: 6551
d: [2,6596,0,14,1,2,22,820,6512]
a: [3,6600,0,14,1,6596]
s: 6600
a: [3,6550,3,4,1,6547]
s: 6550
d: [2,3313,1,42,13,0,44,582,634]
d: [2,3316,1,30,8,0,18,3313]
a: [3,3324,1,28,7,3316]
s: 3324
d: [2,6643,2,27,7,2,44,6541,3324]
d: [2,6665,2,14,6,3,21,6643,6512]
d: [2,6666,2,12,5,4,21,6665,851]
d: [2,6667,2,10,4,5,21,6666,846]
d: [2,6668,2,8,3,6,21,6667,841]
d: [2,6669,2,6,2,7,21,6668,836]
d: [2,6670,2,4,1,8,21,6669,831]
d: [2,6671,2,0,0,9,21,6670,826]
e: 6671
f: 6671,6529,6527,6509,3316,3317,2612,1962,543,536,521,522,523,524,525,526,527
% Refutation found. Thanks to Tanya!
% SZS status Theorem for group_1__t34_group_1
% SZS output start Proof for group_1__t34_group_1
1. ! [X0] : (v1_int_1(X0) => ! [X1] : ((l3_algstr_0(X1) & v3_group_1(X1) & v2_group_1(X1) & ~v2_struct_0(X1)) => ! [X2] : (m1_subset_1(X2,u1_struct_0(X1)) => (k5_group_1(X1,k20_binop_2(X0,1),X2) = k6_algstr_0(X1,X2,k5_group_1(X1,X0,X2)) & k5_group_1(X1,k20_binop_2(X0,1),X2) = k6_algstr_0(X1,k5_group_1(X1,X0,X2),X2))))) [input t34_group_1]
2. ~! [X0] : (v1_int_1(X0) => ! [X1] : ((l3_algstr_0(X1) & v3_group_1(X1) & v2_group_1(X1) & ~v2_struct_0(X1)) => ! [X2] : (m1_subset_1(X2,u1_struct_0(X1)) => (k5_group_1(X1,k20_binop_2(X0,1),X2) = k6_algstr_0(X1,X2,k5_group_1(X1,X0,X2)) & k5_group_1(X1,k20_binop_2(X0,1),X2) = k6_algstr_0(X1,k5_group_1(X1,X0,X2),X2))))) [negated conjecture 1]
21. ! [X0] : (v7_ordinal1(X0) => v1_int_1(X0)) [input cc2_int_1]
60. ! [X0] : (m1_subset_1(X0,k4_ordinal1) => v7_ordinal1(X0)) [input cc8_ordinal1]
67. ! [X0,X1] : ((v1_int_1(X1) & v1_int_1(X0)) => k20_binop_2(X0,X1) = k20_binop_2(X1,X0)) [input commutativity_k20_binop_2]
178. k5_numbers = k4_ordinal1 [input redefinition_k5_numbers]
182. m1_subset_1(1,k1_numbers) & m1_subset_1(1,k5_numbers) & m2_subset_1(1,k1_numbers,k5_numbers) & v2_xxreal_0(1) [input spc1_numerals]
186. ! [X0] : ((l3_algstr_0(X0) & v3_group_1(X0) & v2_group_1(X0) & ~v2_struct_0(X0)) => ! [X1] : (m1_subset_1(X1,u1_struct_0(X0)) => k5_group_1(X0,1,X1) = X1)) [input t26_group_1]
188. ! [X0] : (v1_int_1(X0) => ! [X1] : (v1_int_1(X1) => ! [X2] : ((l3_algstr_0(X2) & v3_group_1(X2) & v2_group_1(X2) & ~v2_struct_0(X2)) => ! [X3] : (m1_subset_1(X3,u1_struct_0(X2)) => k5_group_1(X2,k20_binop_2(X0,X1),X3) = k6_algstr_0(X2,k5_group_1(X2,X0,X3),k5_group_1(X2,X1,X3)))))) [input t33_group_1]
222. ? [X0] : (? [X1] : (? [X2] : ((k5_group_1(X1,k20_binop_2(X0,1),X2) != k6_algstr_0(X1,X2,k5_group_1(X1,X0,X2)) | k5_group_1(X1,k20_binop_2(X0,1),X2) != k6_algstr_0(X1,k5_group_1(X1,X0,X2),X2)) & m1_subset_1(X2,u1_struct_0(X1))) & (l3_algstr_0(X1) & v3_group_1(X1) & v2_group_1(X1) & ~v2_struct_0(X1))) & v1_int_1(X0)) [ennf transformation 2]
223. ? [X0] : (? [X1] : (? [X2] : ((k5_group_1(X1,k20_binop_2(X0,1),X2) != k6_algstr_0(X1,X2,k5_group_1(X1,X0,X2)) | k5_group_1(X1,k20_binop_2(X0,1),X2) != k6_algstr_0(X1,k5_group_1(X1,X0,X2),X2)) & m1_subset_1(X2,u1_struct_0(X1))) & l3_algstr_0(X1) & v3_group_1(X1) & v2_group_1(X1) & ~v2_struct_0(X1)) & v1_int_1(X0)) [flattening 222]
262. ! [X0] : (! [X1] : (! [X2] : (! [X3] : (k5_group_1(X2,k20_binop_2(X0,X1),X3) = k6_algstr_0(X2,k5_group_1(X2,X0,X3),k5_group_1(X2,X1,X3)) | ~m1_subset_1(X3,u1_struct_0(X2))) | (~l3_algstr_0(X2) | ~v3_group_1(X2) | ~v2_group_1(X2) | v2_struct_0(X2))) | ~v1_int_1(X1)) | ~v1_int_1(X0)) [ennf transformation 188]
263. ! [X0] : (! [X1] : (! [X2] : (! [X3] : (k5_group_1(X2,k20_binop_2(X0,X1),X3) = k6_algstr_0(X2,k5_group_1(X2,X0,X3),k5_group_1(X2,X1,X3)) | ~m1_subset_1(X3,u1_struct_0(X2))) | ~l3_algstr_0(X2) | ~v3_group_1(X2) | ~v2_group_1(X2) | v2_struct_0(X2)) | ~v1_int_1(X1)) | ~v1_int_1(X0)) [flattening 262]
268. ! [X0] : (v1_int_1(X0) | ~v7_ordinal1(X0)) [ennf transformation 21]
295. ! [X0] : (v7_ordinal1(X0) | ~m1_subset_1(X0,k4_ordinal1)) [ennf transformation 60]
311. ! [X0] : (! [X1] : (k5_group_1(X0,1,X1) = X1 | ~m1_subset_1(X1,u1_struct_0(X0))) | (~l3_algstr_0(X0) | ~v3_group_1(X0) | ~v2_group_1(X0) | v2_struct_0(X0))) [ennf transformation 186]
312. ! [X0] : (! [X1] : (k5_group_1(X0,1,X1) = X1 | ~m1_subset_1(X1,u1_struct_0(X0))) | ~l3_algstr_0(X0) | ~v3_group_1(X0) | ~v2_group_1(X0) | v2_struct_0(X0)) [flattening 311]
385. ! [X0,X1] : (k20_binop_2(X0,X1) = k20_binop_2(X1,X0) | (~v1_int_1(X1) | ~v1_int_1(X0))) [ennf transformation 67]
386. ! [X0,X1] : (k20_binop_2(X0,X1) = k20_binop_2(X1,X0) | ~v1_int_1(X1) | ~v1_int_1(X0)) [flattening 385]
424. ? [X0] : (? [X1] : (? [X2] : ((k5_group_1(X1,k20_binop_2(X0,1),X2) != k6_algstr_0(X1,X2,k5_group_1(X1,X0,X2)) | k5_group_1(X1,k20_binop_2(X0,1),X2) != k6_algstr_0(X1,k5_group_1(X1,X0,X2),X2)) & m1_subset_1(X2,u1_struct_0(X1))) & l3_algstr_0(X1) & v3_group_1(X1) & v2_group_1(X1) & ~v2_struct_0(X1)) & v1_int_1(X0)) => (? [X1] : (? [X2] : ((k5_group_1(X1,k20_binop_2(sK0,1),X2) != k6_algstr_0(X1,X2,k5_group_1(X1,sK0,X2)) | k5_group_1(X1,k20_binop_2(sK0,1),X2) != k6_algstr_0(X1,k5_group_1(X1,sK0,X2),X2)) & m1_subset_1(X2,u1_struct_0(X1))) & l3_algstr_0(X1) & v3_group_1(X1) & v2_group_1(X1) & ~v2_struct_0(X1)) & v1_int_1(sK0)) [choice axiom]
425. ? [X1] : (? [X2] : ((k5_group_1(X1,k20_binop_2(sK0,1),X2) != k6_algstr_0(X1,X2,k5_group_1(X1,sK0,X2)) | k5_group_1(X1,k20_binop_2(sK0,1),X2) != k6_algstr_0(X1,k5_group_1(X1,sK0,X2),X2)) & m1_subset_1(X2,u1_struct_0(X1))) & l3_algstr_0(X1) & v3_group_1(X1) & v2_group_1(X1) & ~v2_struct_0(X1)) => (? [X2] : ((k5_group_1(sK1,k20_binop_2(sK0,1),X2) != k6_algstr_0(sK1,X2,k5_group_1(sK1,sK0,X2)) | k5_group_1(sK1,k20_binop_2(sK0,1),X2) != k6_algstr_0(sK1,k5_group_1(sK1,sK0,X2),X2)) & m1_subset_1(X2,u1_struct_0(sK1))) & l3_algstr_0(sK1) & v3_group_1(sK1) & v2_group_1(sK1) & ~v2_struct_0(sK1)) [choice axiom]
426. ? [X2] : ((k5_group_1(sK1,k20_binop_2(sK0,1),X2) != k6_algstr_0(sK1,X2,k5_group_1(sK1,sK0,X2)) | k5_group_1(sK1,k20_binop_2(sK0,1),X2) != k6_algstr_0(sK1,k5_group_1(sK1,sK0,X2),X2)) & m1_subset_1(X2,u1_struct_0(sK1))) => ((k5_group_1(sK1,k20_binop_2(sK0,1),sK2) != k6_algstr_0(sK1,sK2,k5_group_1(sK1,sK0,sK2)) | k5_group_1(sK1,k20_binop_2(sK0,1),sK2) != k6_algstr_0(sK1,k5_group_1(sK1,sK0,sK2),sK2)) & m1_subset_1(sK2,u1_struct_0(sK1))) [choice axiom]
427. (((k5_group_1(sK1,k20_binop_2(sK0,1),sK2) != k6_algstr_0(sK1,sK2,k5_group_1(sK1,sK0,sK2)) | k5_group_1(sK1,k20_binop_2(sK0,1),sK2) != k6_algstr_0(sK1,k5_group_1(sK1,sK0,sK2),sK2)) & m1_subset_1(sK2,u1_struct_0(sK1))) & l3_algstr_0(sK1) & v3_group_1(sK1) & v2_group_1(sK1) & ~v2_struct_0(sK1)) & v1_int_1(sK0) [skolemisation 223,426,425,424]
521. v1_int_1(sK0) [cnf transformation 427] {a:0,w:2,wCS:200,goal:1,sine:0,thAx:0,allAx:4,thDist:-4}
522. ~v2_struct_0(sK1) [cnf transformation 427] {a:0,w:2,wCS:200,goal:1,sine:0,thAx:0,allAx:4,thDist:-4}
523. v2_group_1(sK1) [cnf transformation 427] {a:0,w:2,wCS:200,goal:1,sine:0,thAx:0,allAx:4,thDist:-4}
524. v3_group_1(sK1) [cnf transformation 427] {a:0,w:2,wCS:200,goal:1,sine:0,thAx:0,allAx:4,thDist:-4}
525. l3_algstr_0(sK1) [cnf transformation 427] {a:0,w:2,wCS:200,goal:1,sine:0,thAx:0,allAx:4,thDist:-4}
526. m1_subset_1(sK2,u1_struct_0(sK1)) [cnf transformation 427] {a:0,w:4,wCS:400,goal:1,sine:0,thAx:0,allAx:4,thDist:-4}
527. k5_group_1(sK1,k20_binop_2(sK0,1),sK2) != k6_algstr_0(sK1,sK2,k5_group_1(sK1,sK0,sK2)) | k5_group_1(sK1,k20_binop_2(sK0,1),sK2) != k6_algstr_0(sK1,k5_group_1(sK1,sK0,sK2),sK2) [cnf transformation 427] {a:0,w:28,wCS:2800,goal:1,sine:0,thAx:0,allAx:4,thDist:-4}
536. k5_numbers = k4_ordinal1 [cnf transformation 178] {a:0,w:3,wCS:1200,sine:255,thAx:0,allAx:1,thDist:-1}
543. m1_subset_1(1,k5_numbers) [cnf transformation 182] {a:0,w:3,wCS:1200,sine:255,thAx:0,allAx:1,thDist:-1}
582. k5_group_1(X2,k20_binop_2(X0,X1),X3) = k6_algstr_0(X2,k5_group_1(X2,X0,X3),k5_group_1(X2,X1,X3)) | ~m1_subset_1(X3,u1_struct_0(X2)) | ~l3_algstr_0(X2) | ~v3_group_1(X2) | ~v2_group_1(X2) | v2_struct_0(X2) | ~v1_int_1(X1) | ~v1_int_1(X0) [cnf transformation 263] {a:0,w:33,wCS:13200,nSel:1,sine:1,thAx:0,allAx:1,thDist:-1}
590. ~v7_ordinal1(X0) | v1_int_1(X0) [cnf transformation 268] {a:0,w:4,wCS:1600,nSel:1,sine:1,thAx:0,allAx:1,thDist:-1}
621. v7_ordinal1(X0) | ~m1_subset_1(X0,k4_ordinal1) [cnf transformation 295] {a:0,w:5,wCS:2000,sine:255,thAx:0,allAx:1,thDist:-1}
634. k5_group_1(X0,1,X1) = X1 | ~m1_subset_1(X1,u1_struct_0(X0)) | ~l3_algstr_0(X0) | ~v3_group_1(X0) | ~v2_group_1(X0) | v2_struct_0(X0) [cnf transformation 312] {a:0,w:18,wCS:7200,nSel:1,sine:1,thAx:0,allAx:1,thDist:-1}
701. k20_binop_2(X0,X1) = k20_binop_2(X1,X0) | ~v1_int_1(X1) | ~v1_int_1(X0) [cnf transformation 386] {a:0,w:11,wCS:4400,nSel:1,sine:1,thAx:0,allAx:1,thDist:-1}
815. 1 <=> k5_group_1(sK1,k20_binop_2(sK0,1),sK2) = k6_algstr_0(sK1,k5_group_1(sK1,sK0,sK2),sK2) [avatar definition]
817. k5_group_1(sK1,k20_binop_2(sK0,1),sK2) != k6_algstr_0(sK1,k5_group_1(sK1,sK0,sK2),sK2) <- (~1) [avatar component clause 815] {a:0,w:14,wCS:1400,nSel:1,goal:1,sine:255,thAx:0,allAx:4,thDist:-4}
819. 2 <=> k5_group_1(sK1,k20_binop_2(sK0,1),sK2) = k6_algstr_0(sK1,sK2,k5_group_1(sK1,sK0,sK2)) [avatar definition]
821. k5_group_1(sK1,k20_binop_2(sK0,1),sK2) != k6_algstr_0(sK1,sK2,k5_group_1(sK1,sK0,sK2)) <- (~2) [avatar component clause 819] {a:0,w:14,wCS:1400,nSel:1,goal:1,sine:255,thAx:0,allAx:4,thDist:-4}
822. ~1 | ~2 [avatar split clause 527,819,815]
824. 3 <=> m1_subset_1(sK2,u1_struct_0(sK1)) [avatar definition]
826. m1_subset_1(sK2,u1_struct_0(sK1)) <- (3) [avatar component clause 824] {a:0,w:4,wCS:400,nSel:1,goal:1,sine:255,thAx:0,allAx:4,thDist:-4}
827. 3 [avatar split clause 526,824]
829. 4 <=> l3_algstr_0(sK1) [avatar definition]
831. l3_algstr_0(sK1) <- (4) [avatar component clause 829] {a:0,w:2,wCS:200,nSel:1,goal:1,sine:255,thAx:0,allAx:4,thDist:-4}
832. 4 [avatar split clause 525,829]
834. 5 <=> v3_group_1(sK1) [avatar definition]
836. v3_group_1(sK1) <- (5) [avatar component clause 834] {a:0,w:2,wCS:200,nSel:1,goal:1,sine:255,thAx:0,allAx:4,thDist:-4}
837. 5 [avatar split clause 524,834]
839. 6 <=> v2_group_1(sK1) [avatar definition]
841. v2_group_1(sK1) <- (6) [avatar component clause 839] {a:0,w:2,wCS:200,nSel:1,goal:1,sine:255,thAx:0,allAx:4,thDist:-4}
842. 6 [avatar split clause 523,839]
844. 7 <=> v2_struct_0(sK1) [avatar definition]
846. ~v2_struct_0(sK1) <- (~7) [avatar component clause 844] {a:0,w:2,wCS:200,nSel:1,goal:1,sine:255,thAx:0,allAx:4,thDist:-4}
847. ~7 [avatar split clause 522,844]
849. 8 <=> v1_int_1(sK0) [avatar definition]
851. v1_int_1(sK0) <- (8) [avatar component clause 849] {a:0,w:2,wCS:200,nSel:1,goal:1,sine:255,thAx:0,allAx:4,thDist:-4}
852. 8 [avatar split clause 521,849]
894. 17 <=> k5_numbers = k4_ordinal1 [avatar definition]
896. k5_numbers = k4_ordinal1 <- (17) [avatar component clause 894] {a:0,w:3,wCS:1200,nSel:1,sine:255,thAx:0,allAx:1,thDist:-1}
897. 17 [avatar split clause 536,894]
924. 23 <=> m1_subset_1(1,k5_numbers) [avatar definition]
926. m1_subset_1(1,k5_numbers) <- (23) [avatar component clause 924] {a:0,w:3,wCS:1200,nSel:1,sine:255,thAx:0,allAx:1,thDist:-1}
927. 23 [avatar split clause 543,924]
1945. ~m1_subset_1(X0,k5_numbers) | v7_ordinal1(X0) <- (17) [forward demodulation 621,896] {a:0,w:5,wCS:2000,nSel:1,sine:255,thAx:0,allAx:1,thDist:-1}
1962. v7_ordinal1(1) <- (17, 23) [resolution 1945,926] {a:1,w:2,wCS:800,sine:255,thAx:0,allAx:2,thDist:-2}
1967. 200 <=> v7_ordinal1(1) [avatar definition]
1969. v7_ordinal1(1) <- (200) [avatar component clause 1967] {a:1,w:2,wCS:800,nSel:1,sine:255,thAx:0,allAx:2,thDist:-2}
1970. 200 | ~17 | ~23 [avatar split clause 1962,924,894,1967]
2612. v1_int_1(1) <- (200) [resolution 1969,590] {a:2,w:2,wCS:800,sine:1,thAx:0,allAx:3,thDist:-3}
2618. 292 <=> v1_int_1(1) [avatar definition]
2620. v1_int_1(1) <- (292) [avatar component clause 2618] {a:2,w:2,wCS:800,nSel:1,sine:255,thAx:0,allAx:3,thDist:-3}
2621. 292 | ~200 [avatar split clause 2612,1967,2618]
3312. k5_group_1(X0,k20_binop_2(1,X2),X1) = k6_algstr_0(X0,X1,k5_group_1(X0,X2,X1)) | ~m1_subset_1(X1,u1_struct_0(X0)) | ~l3_algstr_0(X0) | ~v3_group_1(X0) | ~v2_group_1(X0) | v2_struct_0(X0) | ~v1_int_1(X2) | ~v1_int_1(1) | ~m1_subset_1(X1,u1_struct_0(X0)) | ~l3_algstr_0(X0) | ~v3_group_1(X0) | ~v2_group_1(X0) | v2_struct_0(X0) [superposition 582,634] {a:1,w:42,wCS:16800,sine:1,thAx:0,allAx:2,thDist:-2}
3313. k5_group_1(X0,k20_binop_2(X2,1),X1) = k6_algstr_0(X0,k5_group_1(X0,X2,X1),X1) | ~m1_subset_1(X1,u1_struct_0(X0)) | ~l3_algstr_0(X0) | ~v3_group_1(X0) | ~v2_group_1(X0) | v2_struct_0(X0) | ~v1_int_1(1) | ~v1_int_1(X2) | ~m1_subset_1(X1,u1_struct_0(X0)) | ~l3_algstr_0(X0) | ~v3_group_1(X0) | ~v2_group_1(X0) | v2_struct_0(X0) [superposition 582,634] {a:1,w:42,wCS:16800,sine:1,thAx:0,allAx:2,thDist:-2}
3316. k5_group_1(X0,k20_binop_2(X2,1),X1) = k6_algstr_0(X0,k5_group_1(X0,X2,X1),X1) | ~m1_subset_1(X1,u1_struct_0(X0)) | ~l3_algstr_0(X0) | ~v3_group_1(X0) | ~v2_group_1(X0) | v2_struct_0(X0) | ~v1_int_1(1) | ~v1_int_1(X2) [duplicate literal removal 3313] {a:1,w:30,wCS:12000,sine:1,thAx:0,allAx:2,thDist:-2}
3317. k5_group_1(X0,k20_binop_2(1,X2),X1) = k6_algstr_0(X0,X1,k5_group_1(X0,X2,X1)) | ~m1_subset_1(X1,u1_struct_0(X0)) | ~l3_algstr_0(X0) | ~v3_group_1(X0) | ~v2_group_1(X0) | v2_struct_0(X0) | ~v1_int_1(X2) | ~v1_int_1(1) [duplicate literal removal 3312] {a:1,w:30,wCS:12000,sine:1,thAx:0,allAx:2,thDist:-2}
3319. 344 <=> ! [X1,X0,X2] : (k5_group_1(X0,k20_binop_2(1,X2),X1) = k6_algstr_0(X0,X1,k5_group_1(X0,X2,X1)) | ~v1_int_1(X2) | v2_struct_0(X0) | ~v2_group_1(X0) | ~v3_group_1(X0) | ~l3_algstr_0(X0) | ~m1_subset_1(X1,u1_struct_0(X0))) [avatar definition]
3320. k5_group_1(X0,k20_binop_2(1,X2),X1) = k6_algstr_0(X0,X1,k5_group_1(X0,X2,X1)) | ~v1_int_1(X2) | v2_struct_0(X0) | ~v2_group_1(X0) | ~v3_group_1(X0) | ~l3_algstr_0(X0) | ~m1_subset_1(X1,u1_struct_0(X0)) <- (344) [avatar component clause 3319] {a:1,w:28,wCS:11200,nSel:1,sine:255,thAx:0,allAx:2,thDist:-2}
3321. ~292 | 344 [avatar split clause 3317,3319,2618]
3323. 345 <=> ! [X1,X0,X2] : (k5_group_1(X0,k20_binop_2(X2,1),X1) = k6_algstr_0(X0,k5_group_1(X0,X2,X1),X1) | ~v1_int_1(X2) | v2_struct_0(X0) | ~v2_group_1(X0) | ~v3_group_1(X0) | ~l3_algstr_0(X0) | ~m1_subset_1(X1,u1_struct_0(X0))) [avatar definition]
3324. k5_group_1(X0,k20_binop_2(X2,1),X1) = k6_algstr_0(X0,k5_group_1(X0,X2,X1),X1) | ~v1_int_1(X2) | v2_struct_0(X0) | ~v2_group_1(X0) | ~v3_group_1(X0) | ~l3_algstr_0(X0) | ~m1_subset_1(X1,u1_struct_0(X0)) <- (345) [avatar component clause 3323] {a:1,w:28,wCS:11200,nSel:1,sine:255,thAx:0,allAx:2,thDist:-2}
3325. ~292 | 345 [avatar split clause 3316,3323,2618]
6493. k5_group_1(sK1,k20_binop_2(sK0,1),sK2) != k5_group_1(sK1,k20_binop_2(1,sK0),sK2) | ~v1_int_1(sK0) | v2_struct_0(sK1) | ~v2_group_1(sK1) | ~v3_group_1(sK1) | ~l3_algstr_0(sK1) | ~m1_subset_1(sK2,u1_struct_0(sK1)) <- (~2, 344) [superposition 821,3320] {a:2,w:27,wCS:2700,goal:1,sine:255,thAx:0,allAx:6,thDist:-6}
6504. k5_group_1(sK1,k20_binop_2(sK0,1),sK2) != k5_group_1(sK1,k20_binop_2(1,sK0),sK2) | v2_struct_0(sK1) | ~v2_group_1(sK1) | ~v3_group_1(sK1) | ~l3_algstr_0(sK1) | ~m1_subset_1(sK2,u1_struct_0(sK1)) <- (~2, 8, 344) [subsumption resolution 6493,851] {a:2,w:25,wCS:2500,goal:1,sine:255,thAx:0,allAx:6,thDist:-6}
6505. k5_group_1(sK1,k20_binop_2(sK0,1),sK2) != k5_group_1(sK1,k20_binop_2(1,sK0),sK2) | ~v2_group_1(sK1) | ~v3_group_1(sK1) | ~l3_algstr_0(sK1) | ~m1_subset_1(sK2,u1_struct_0(sK1)) <- (~2, ~7, 8, 344) [subsumption resolution 6504,846] {a:2,w:23,wCS:2300,goal:1,sine:255,thAx:0,allAx:6,thDist:-6}
6506. k5_group_1(sK1,k20_binop_2(sK0,1),sK2) != k5_group_1(sK1,k20_binop_2(1,sK0),sK2) | ~v3_group_1(sK1) | ~l3_algstr_0(sK1) | ~m1_subset_1(sK2,u1_struct_0(sK1)) <- (~2, 6, ~7, 8, 344) [subsumption resolution 6505,841] {a:2,w:21,wCS:2100,goal:1,sine:255,thAx:0,allAx:6,thDist:-6}
6507. k5_group_1(sK1,k20_binop_2(sK0,1),sK2) != k5_group_1(sK1,k20_binop_2(1,sK0),sK2) | ~l3_algstr_0(sK1) | ~m1_subset_1(sK2,u1_struct_0(sK1)) <- (~2, 5, 6, ~7, 8, 344) [subsumption resolution 6506,836] {a:2,w:19,wCS:1900,goal:1,sine:255,thAx:0,allAx:6,thDist:-6}
6508. k5_group_1(sK1,k20_binop_2(sK0,1),sK2) != k5_group_1(sK1,k20_binop_2(1,sK0),sK2) | ~m1_subset_1(sK2,u1_struct_0(sK1)) <- (~2, 4, 5, 6, ~7, 8, 344) [subsumption resolution 6507,831] {a:2,w:17,wCS:1700,goal:1,sine:255,thAx:0,allAx:6,thDist:-6}
6509. k5_group_1(sK1,k20_binop_2(sK0,1),sK2) != k5_group_1(sK1,k20_binop_2(1,sK0),sK2) <- (~2, 3, 4, 5, 6, ~7, 8, 344) [subsumption resolution 6508,826] {a:2,w:13,wCS:1300,goal:1,sine:255,thAx:0,allAx:6,thDist:-6}
6511. 504 <=> k5_group_1(sK1,k20_binop_2(sK0,1),sK2) = k5_group_1(sK1,k20_binop_2(1,sK0),sK2) [avatar definition]
6512. k5_group_1(sK1,k20_binop_2(sK0,1),sK2) = k5_group_1(sK1,k20_binop_2(1,sK0),sK2) <- (504) [avatar component clause 6511] {a:2,w:13,wCS:1300,nSel:1,goal:1,sine:255,thAx:0,allAx:6,thDist:-6}
6513. k5_group_1(sK1,k20_binop_2(sK0,1),sK2) != k5_group_1(sK1,k20_binop_2(1,sK0),sK2) <- (~504) [avatar component clause 6511] {a:2,w:13,wCS:1300,nSel:1,goal:1,sine:255,thAx:0,allAx:6,thDist:-6}
6514. ~504 | 2 | ~3 | ~4 | ~5 | ~6 | 7 | ~8 | ~344 [avatar split clause 6509,3319,849,844,839,834,829,824,819,6511]
6520. k5_group_1(sK1,k20_binop_2(1,sK0),sK2) != k5_group_1(sK1,k20_binop_2(1,sK0),sK2) | ~v1_int_1(1) | ~v1_int_1(sK0) <- (~504) [superposition 6513,701] {a:3,w:17,wCS:1700,goal:1,sine:1,thAx:0,allAx:7,thDist:-7}
6521. ~v1_int_1(1) | ~v1_int_1(sK0) <- (~504) [trivial inequality removal 6520] {a:3,w:4,wCS:400,goal:1,sine:1,thAx:0,allAx:7,thDist:-7}
6526. ~v1_int_1(sK0) <- (292, ~504) [subsumption resolution 6521,2620] {a:3,w:2,wCS:200,goal:1,sine:1,thAx:0,allAx:7,thDist:-7}
6527. $false <- (8, 292, ~504) [subsumption resolution 6526,851] {a:3,w:0,goal:1,sine:1,thAx:0,allAx:7,thDist:-7}
6528. ~8 | ~292 | 504 [avatar contradiction clause 6527]
6529. k6_algstr_0(sK1,k5_group_1(sK1,sK0,sK2),sK2) != k5_group_1(sK1,k20_binop_2(1,sK0),sK2) <- (~1, 504) [backward demodulation 817,6512] {a:0,w:14,wCS:1400,goal:1,sine:255,thAx:0,allAx:4,thDist:-4}
6539. 505 <=> k6_algstr_0(sK1,k5_group_1(sK1,sK0,sK2),sK2) = k5_group_1(sK1,k20_binop_2(1,sK0),sK2) [avatar definition]
6541. k6_algstr_0(sK1,k5_group_1(sK1,sK0,sK2),sK2) != k5_group_1(sK1,k20_binop_2(1,sK0),sK2) <- (~505) [avatar component clause 6539] {a:0,w:14,wCS:1400,nSel:1,goal:1,sine:255,thAx:0,allAx:4,thDist:-4}
6542. ~505 | 1 | ~504 [avatar split clause 6529,6511,815,6539]
6643. k5_group_1(sK1,k20_binop_2(sK0,1),sK2) != k5_group_1(sK1,k20_binop_2(1,sK0),sK2) | ~v1_int_1(sK0) | v2_struct_0(sK1) | ~v2_group_1(sK1) | ~v3_group_1(sK1) | ~l3_algstr_0(sK1) | ~m1_subset_1(sK2,u1_struct_0(sK1)) <- (345, ~505) [superposition 6541,3324] {a:2,w:27,wCS:2700,goal:1,sine:255,thAx:0,allAx:6,thDist:-6}
6665. ~v1_int_1(sK0) | v2_struct_0(sK1) | ~v2_group_1(sK1) | ~v3_group_1(sK1) | ~l3_algstr_0(sK1) | ~m1_subset_1(sK2,u1_struct_0(sK1)) <- (345, 504, ~505) [subsumption resolution 6643,6512] {a:2,w:14,wCS:1400,goal:1,sine:255,thAx:0,allAx:6,thDist:-6}
6666. v2_struct_0(sK1) | ~v2_group_1(sK1) | ~v3_group_1(sK1) | ~l3_algstr_0(sK1) | ~m1_subset_1(sK2,u1_struct_0(sK1)) <- (8, 345, 504, ~505) [subsumption resolution 6665,851] {a:2,w:12,wCS:1200,goal:1,sine:255,thAx:0,allAx:6,thDist:-6}
6667. ~v2_group_1(sK1) | ~v3_group_1(sK1) | ~l3_algstr_0(sK1) | ~m1_subset_1(sK2,u1_struct_0(sK1)) <- (~7, 8, 345, 504, ~505) [subsumption resolution 6666,846] {a:2,w:10,wCS:1000,goal:1,sine:255,thAx:0,allAx:6,thDist:-6}
6668. ~v3_group_1(sK1) | ~l3_algstr_0(sK1) | ~m1_subset_1(sK2,u1_struct_0(sK1)) <- (6, ~7, 8, 345, 504, ~505) [subsumption resolution 6667,841] {a:2,w:8,wCS:800,goal:1,sine:255,thAx:0,allAx:6,thDist:-6}
6669. ~l3_algstr_0(sK1) | ~m1_subset_1(sK2,u1_struct_0(sK1)) <- (5, 6, ~7, 8, 345, 504, ~505) [subsumption resolution 6668,836] {a:2,w:6,wCS:600,goal:1,sine:255,thAx:0,allAx:6,thDist:-6}
6670. ~m1_subset_1(sK2,u1_struct_0(sK1)) <- (4, 5, 6, ~7, 8, 345, 504, ~505) [subsumption resolution 6669,831] {a:2,w:4,wCS:400,goal:1,sine:255,thAx:0,allAx:6,thDist:-6}
6671. $false <- (3, 4, 5, 6, ~7, 8, 345, 504, ~505) [subsumption resolution 6670,826] {a:2,w:0,goal:1,sine:255,thAx:0,allAx:6,thDist:-6}
6672. ~3 | ~4 | ~5 | ~6 | 7 | ~8 | ~345 | ~504 | 505 [avatar contradiction clause 6671]
6673. $false [avatar sat refutation 822,827,832,837,842,847,852,897,927,1970,2621,3321,3325,6514,6528,6542,6672] {a:0,w:0,goal:1,sine:0,thAx:0,allAx:3423,thDist:-3423}
% SZS output end Proof for group_1__t34_group_1
% ------------------------------
% Version: Vampire 4.5.1 (commit 226f88162 on 2021-09-12 20:13:44 +0200)
% Termination reason: Refutation

% >>> Input
% Input formulas: 193
% >>> Preprocessing
% Introduced skolems: 48
% Pure predicates: 7
% Unused predicate definitions: 1
% 
% >>> Saturation
% Initial clauses: 293
% Generated clauses: 4043
% Active clauses: 841
% Passive clauses: 1849
% Final active clauses: 773
% Final passive clauses: 939
% Main loop iterations started: 895
% 
% >>> Simplifying Inferences
% Duplicate literals: 665
% Trivial inequalities: 2
% Fw subsumption resolutions: 557
% Fw demodulations: 4
% Bw demodulations: 5
% 
% >>> Deletion Inferences
% Simple tautologies: 86
% Forward subsumptions: 585
% Backward subsumptions: 2
% 
% >>> Generating Inferences
% Binary resolution: 1388
% Unit resulting resolution: 11
% Forward superposition: 468
% Backward superposition: 371
% Self superposition: 12
% 
% >>> AVATAR
% Split clauses: 95
% Split components: 204
% Sat splitting refutations: 28
% 
% >>> SAT Solver Statistics
% SAT solver clauses: 579
% SAT solver unit clauses: 118
% SAT solver binary clauses: 305
% 
% Memory used [KB]: 10234
% Time elapsed: 0.055 s
% ------------------------------
% ------------------------------
% Time measurement results:
% parsing: 0.002 s
% property evaluation: 0.001 s
% preprocessing: 0.001 s ( own 0.0000 s ) 
% minimizing solver time: 0.001 s
% term sharing: 0.003 s
% congruence closure: 0.002 s ( own 0.001 s ) 
% unit clause index maintenance: 0.001 s
% backward subsumption index maintenance: 0.002 s
% splitting component index usage: 0.001 s
% forward subsumption: 0.008 s
% forward subsumption resolution: 0.005 s
% backward subsumption: 0.001 s
% forward demodulation: 0.001 s
% resolution: 0.001 s
% unit resulting resolution: 0.009 s ( own 0.007 s ) 
% superposition: 0.006 s ( own 0.005 s ) 
% passive container maintenance: 0.003 s
% other: 0.055 s ( own 0.012 s ) 

