i: [1,301,0,2,1,1,0,0] t61_group_6
a: [3,517,0,2,1,301]
s: 517
i: [1,300,0,2,1,1,0,0] t61_group_6
a: [3,522,0,2,1,300]
s: 522
i: [1,304,0,4,1,1,0,0] t61_group_6
a: [3,502,0,4,1,304]
s: 502
i: [1,302,0,4,1,1,0,0] t61_group_6
a: [3,512,0,4,1,302]
s: 512
i: [1,305,0,10,2,1,0,0] t61_group_6
a: [3,493,0,5,1,305]
s: 493
i: [1,303,0,6,1,1,0,0] t61_group_6
a: [3,507,0,6,1,303]
s: 507
i: [1,306,0,2,1,0,0,255] dt_o_0_0_xboole_0
a: [3,527,0,2,1,306]
s: 527
i: [1,455,0,2,1,0,0,255] rc4_ordinal1
a: [3,537,0,2,1,455]
s: 537
i: [1,456,0,2,1,0,0,255] rc1_ordinal1
a: [3,542,0,2,1,456]
s: 542
i: [1,460,0,2,1,0,0,255] rc2_ordinal1
a: [3,547,0,2,1,460]
s: 547
i: [1,459,0,2,1,0,0,255] rc2_ordinal1
a: [3,552,0,2,1,459]
s: 552
i: [1,458,0,2,1,0,0,255] rc2_ordinal1
a: [3,557,0,2,1,458]
s: 557
i: [1,457,0,2,1,0,0,255] rc2_ordinal1
a: [3,562,0,2,1,457]
s: 562
i: [1,462,0,2,1,0,0,255] rc7_funct_1
a: [3,567,0,2,1,462]
s: 567
i: [1,461,0,2,1,0,0,255] rc7_funct_1
a: [3,572,0,2,1,461]
s: 572
i: [1,464,0,2,1,0,0,255] rc5_ordinal1
a: [3,577,0,2,1,464]
s: 577
i: [1,463,0,2,1,0,0,255] rc5_ordinal1
a: [3,582,0,2,1,463]
s: 582
i: [1,466,0,2,1,0,0,2] rc1_finset_1
a: [3,587,0,2,1,466]
s: 587
i: [1,465,0,2,1,0,0,2] rc1_finset_1
a: [3,592,0,2,1,465]
s: 592
i: [1,469,0,2,1,0,0,255] rc8_finset_1
a: [3,597,0,2,1,469]
s: 597
i: [1,468,0,2,1,0,0,255] rc8_finset_1
a: [3,602,0,2,1,468]
s: 602
i: [1,467,0,2,1,0,0,255] rc8_finset_1
a: [3,607,0,2,1,467]
s: 607
i: [1,473,0,2,1,0,0,255] rc9_finset_1
a: [3,612,0,2,1,473]
s: 612
i: [1,472,0,2,1,0,0,255] rc9_finset_1
a: [3,617,0,2,1,472]
s: 617
i: [1,471,0,2,1,0,0,255] rc9_finset_1
a: [3,622,0,2,1,471]
s: 622
i: [1,470,0,2,1,0,0,255] rc9_finset_1
a: [3,627,0,2,1,470]
s: 627
i: [1,477,0,2,1,0,0,2] rc3_finset_1
a: [3,632,0,2,1,477]
s: 632
i: [1,476,0,2,1,0,0,2] rc3_finset_1
a: [3,637,0,2,1,476]
s: 637
i: [1,475,0,2,1,0,0,2] rc3_finset_1
a: [3,642,0,2,1,475]
s: 642
i: [1,474,0,2,1,0,0,2] rc3_finset_1
a: [3,647,0,2,1,474]
s: 647
i: [1,478,0,2,1,0,0,255] rc4_xreal_0
a: [3,652,0,2,1,478]
s: 652
i: [1,480,0,2,1,0,0,1] rc1_funct_1
a: [3,657,0,2,1,480]
s: 657
i: [1,479,0,2,1,0,0,1] rc1_funct_1
a: [3,662,0,2,1,479]
s: 662
i: [1,483,0,2,1,0,0,3] rc5_funct_1
a: [3,667,0,2,1,483]
s: 667
i: [1,482,0,2,1,0,0,3] rc5_funct_1
a: [3,672,0,2,1,482]
s: 672
i: [1,481,0,2,1,0,0,3] rc5_funct_1
a: [3,677,0,2,1,481]
s: 677
i: [1,486,0,2,1,0,0,255] rc2_funct_1
a: [3,682,0,2,1,486]
s: 682
i: [1,485,0,2,1,0,0,255] rc2_funct_1
a: [3,687,0,2,1,485]
s: 687
i: [1,484,0,2,1,0,0,255] rc2_funct_1
a: [3,692,0,2,1,484]
s: 692
i: [1,376,0,3,1,0,0,255] rc3_ordinal1
s: 376
i: [1,378,0,3,1,0,0,255] rc3_ordinal1
s: 378
i: [1,379,0,3,1,0,0,255] rc3_ordinal1
s: 379
i: [1,381,0,3,1,0,0,1] rc2_funct_2
s: 381
i: [1,384,0,3,1,0,0,1] rc2_funct_2
s: 384
i: [1,388,0,3,1,0,0,255] reflexivity_r1_tarski
s: 388
i: [1,307,0,3,1,0,0,255] d2_xboole_0
a: [3,532,0,3,1,307]
s: 532
i: [1,314,0,4,2,0,0,3] cc5_finset_1
s: 314
i: [1,319,0,4,2,0,0,255] cc6_ordinal1
s: 319
d: [2,694,1,2,1,1,40,319,537]
a: [3,699,1,2,1,694]
s: 699
i: [1,320,0,4,2,0,0,3] cc4_finset_1
s: 320
i: [1,323,0,4,2,0,0,255] cc1_ordinal1
s: 323
d: [2,695,1,2,1,1,40,319,577]
a: [3,704,1,2,1,695]
s: 704
i: [1,324,0,4,2,0,0,255] cc1_ordinal1
s: 324
d: [2,706,1,2,1,1,40,323,542]
a: [3,712,1,2,1,706]
s: 712
i: [1,326,0,4,2,0,0,255] cc4_ordinal1
s: 326
i: [1,327,0,4,2,0,0,255] cc9_ordinal1
s: 327
d: [2,726,1,2,1,1,40,324,542]
a: [3,737,1,2,1,726]
s: 737
i: [1,328,0,4,2,0,0,255] cc7_funct_1
s: 328
d: [2,744,1,2,1,1,40,326,527]
a: [3,749,1,2,1,744]
s: 749
i: [1,329,0,4,2,0,0,255] cc7_ordinal1
s: 329
i: [1,330,0,4,2,0,0,255] cc6_finset_1
s: 330
d: [2,745,1,2,1,1,40,326,652]
a: [3,754,1,2,1,745]
s: 754
i: [1,331,0,4,2,0,0,255] cc3_ordinal1
s: 331
d: [2,756,1,2,1,1,40,327,527]
a: [3,761,1,2,1,756]
s: 761
i: [1,332,0,4,2,0,0,2] cc1_finset_1
s: 332
i: [1,333,0,4,2,0,0,1] cc1_funct_1
s: 333
d: [2,757,1,2,1,1,40,327,652]
a: [3,766,1,2,1,757]
s: 766
i: [1,375,0,4,1,0,0,1] existence_m1_subset_1
s: 375
d: [2,768,1,2,1,1,40,328,527]
a: [3,773,1,2,1,768]
s: 773
i: [1,377,0,4,1,0,0,255] rc3_ordinal1
s: 377
i: [1,382,0,4,1,0,0,1] rc2_funct_2
s: 382
d: [2,769,1,2,1,1,40,328,652]
a: [3,778,1,2,1,769]
s: 778
i: [1,383,0,4,1,0,0,1] rc2_funct_2
s: 383
d: [2,780,1,2,1,1,40,329,527]
a: [3,785,1,2,1,780]
s: 785
i: [1,385,0,4,1,0,0,1] rc2_funct_2
s: 385
i: [1,428,0,4,1,0,0,2] rc6_funct_1
s: 428
d: [2,781,1,2,1,1,40,329,652]
a: [3,790,1,2,1,781]
s: 790
i: [1,431,0,4,1,0,0,2] rc6_funct_1
s: 431
d: [2,792,1,2,1,1,40,330,527]
a: [3,797,1,2,1,792]
s: 797
i: [1,432,0,4,1,0,0,2] rc5_finset_1
s: 432
i: [1,435,0,4,1,0,0,2] rc5_finset_1
s: 435
d: [2,793,1,2,1,1,40,330,652]
a: [3,802,1,2,1,793]
s: 802
i: [1,436,0,4,1,0,0,2] rc5_finset_1
s: 436
d: [2,804,1,2,1,1,40,331,527]
a: [3,809,1,2,1,804]
s: 809
i: [1,438,0,4,1,0,0,2] rc1_relset_1
s: 438
i: [1,439,0,4,1,0,0,2] rc1_relset_1
s: 439
d: [2,805,1,2,1,1,40,331,652]
a: [3,814,1,2,1,805]
s: 814
i: [1,443,0,4,1,0,0,2] rc1_partfun1
s: 443
d: [2,816,1,2,1,1,40,332,527]
a: [3,821,1,2,1,816]
s: 821
i: [1,446,0,4,1,0,0,2] rc1_partfun1
s: 446
i: [1,448,0,4,1,0,0,1] rc1_funct_2
s: 448
d: [2,817,1,2,1,1,40,332,652]
a: [3,826,1,2,1,817]
s: 826
i: [1,451,0,4,1,0,0,1] rc1_funct_2
s: 451
d: [2,828,1,2,1,1,40,333,527]
a: [3,833,1,2,1,828]
s: 833
i: [1,309,0,5,2,0,0,3] rc7_finset_1
s: 309
i: [1,310,0,5,2,0,0,3] rc7_finset_1
s: 310
d: [2,829,1,2,1,1,40,333,652]
a: [3,838,1,2,1,829]
s: 838
i: [1,312,0,5,2,0,0,2] rc2_finset_1
s: 312
d: [2,708,2,2,1,1,40,323,699]
a: [3,717,2,2,1,708]
s: 717
i: [1,313,0,5,2,0,0,2] rc2_finset_1
s: 313
i: [1,334,0,5,2,0,0,255] t6_boole
s: 334
d: [2,719,2,2,1,1,40,704,323]
a: [3,723,2,2,1,719]
s: 723
i: [1,335,0,5,2,0,0,255] fc31_finset_1
s: 335
d: [2,725,2,2,1,1,40,324,699]
a: [3,732,2,2,1,725]
s: 732
i: [1,336,0,5,2,0,0,2] fc17_finset_1
s: 336
i: [1,368,0,5,2,0,0,255] t7_boole
s: 368
d: [2,728,2,2,1,1,40,324,704]
a: [3,742,2,2,1,728]
s: 742
i: [1,386,0,5,1,0,0,1] rc2_funct_2
s: 386
d: [2,844,2,2,1,1,40,809,324]
a: [3,849,2,2,1,844]
s: 849
i: [1,387,0,5,1,0,0,1] rc2_funct_2
s: 387
i: [1,429,0,5,1,0,0,2] rc6_funct_1
s: 429
d: [2,845,2,2,1,1,40,809,323]
a: [3,854,2,2,1,845]
s: 854
i: [1,430,0,5,1,0,0,2] rc6_funct_1
s: 430
d: [2,864,2,2,1,1,40,814,324]
a: [3,869,2,2,1,864]
s: 869
i: [1,433,0,5,1,0,0,2] rc5_finset_1
s: 433
i: [1,434,0,5,1,0,0,2] rc5_finset_1
s: 434
d: [2,865,2,2,1,1,40,814,323]
a: [3,874,2,2,1,865]
s: 874
i: [1,440,0,5,1,0,0,2] rc1_relset_1
s: 440
d: [2,856,1,4,1,0,40,438,326]
s: 856
i: [1,441,0,5,1,0,0,2] rc1_relset_1
s: 441
i: [1,444,0,5,1,0,0,2] rc1_partfun1
s: 444
d: [2,857,1,4,1,0,40,438,327]
s: 857
i: [1,445,0,5,1,0,0,2] rc1_partfun1
s: 445
d: [2,858,1,4,1,0,40,438,328]
s: 858
i: [1,449,0,5,1,0,0,1] rc1_funct_2
s: 449
i: [1,450,0,5,1,0,0,1] rc1_funct_2
s: 450
d: [2,859,1,4,1,0,40,438,329]
s: 859
d: [2,876,0,5,2,1,22,334,532]
s: 876
d: [2,860,1,4,1,0,40,438,330]
s: 860
i: [1,339,0,6,3,0,0,255] cc2_ordinal1
s: 339
i: [1,350,0,6,3,0,0,255] cc9_finset_1
s: 350
d: [2,905,1,4,2,1,40,350,662]
a: [3,912,1,2,1,905]
s: 912
i: [1,361,0,6,2,0,0,255] t1_subset
s: 361
d: [2,906,1,4,2,1,40,350,677]
a: [3,921,1,2,1,906]
s: 921
i: [1,397,0,6,2,0,0,255] antisymmetry_r2_hidden
s: 397
i: [1,452,0,6,1,0,0,1] rc1_funct_2
s: 452
d: [2,907,1,4,2,1,40,350,692]
a: [3,930,1,2,1,907]
s: 930
i: [1,308,0,7,2,0,0,3] rc7_finset_1
s: 308
d: [2,861,1,4,1,0,40,438,331]
s: 861
i: [1,311,0,7,2,0,0,2] rc2_finset_1
s: 311
i: [1,316,0,7,3,0,0,255] cc8_funct_1
s: 316
d: [2,938,1,7,2,1,40,316,507]
a: [3,945,1,5,1,938]
s: 945
i: [1,317,0,7,3,0,0,255] cc8_funct_1
s: 317
d: [2,862,1,4,1,0,40,438,332]
s: 862
i: [1,321,0,7,3,0,0,255] cc7_finset_1
s: 321
i: [1,325,0,7,3,0,0,255] cc5_ordinal1
s: 325
d: [2,955,1,7,2,1,40,321,507]
a: [3,962,1,5,1,955]
s: 962
i: [1,351,0,7,3,0,0,255] fc36_finset_1
s: 351
d: [2,981,2,4,1,1,40,962,335]
a: [3,985,2,4,1,981]
s: 985
i: [1,352,0,7,3,0,0,2] fc19_finset_1
s: 352
i: [1,353,0,7,3,0,0,2] fc22_finset_1
s: 353
d: [2,968,1,7,2,1,40,325,507]
a: [3,975,1,5,1,968]
s: 975
i: [1,366,0,7,2,0,0,255] t3_subset
s: 366
d: [2,863,1,4,1,0,40,438,333]
s: 863
i: [1,367,0,7,3,0,0,1] t8_boole
s: 367
i: [1,380,0,7,1,0,0,1] rc2_funct_2
s: 380
d: [2,900,1,8,2,0,40,350,439]
d: [2,908,1,4,1,0,21,900,438]
s: 908
i: [1,315,0,8,3,0,0,255] cc10_ordinal1
s: 315
d: [2,996,1,6,2,1,40,315,507]
a: [3,1004,1,4,1,996]
s: 1004
i: [1,318,0,8,3,0,0,255] cc9_funct_1
s: 318
i: [1,322,0,8,3,0,0,255] cc8_finset_1
s: 322
d: [2,1011,1,6,2,1,40,318,507]
a: [3,1019,1,4,1,1011]
s: 1019
i: [1,337,0,8,3,0,0,2] cc2_finset_1
s: 337
d: [2,1026,1,6,2,1,40,322,507]
a: [3,1034,1,4,1,1026]
s: 1034
i: [1,342,0,8,4,0,0,3] cc6_funct_1
s: 342
i: [1,345,0,8,4,0,0,255] cc2_funct_1
s: 345
d: [2,1053,1,6,3,1,40,342,622]
d: [2,1065,1,4,2,2,21,1053,617]
a: [3,1069,1,2,1,1065]
s: 1069
d: [2,1112,0,6,3,0,21,345,333]
s: 1112
d: [2,1054,1,6,3,1,40,342,642]
d: [2,1075,1,4,2,2,21,1054,637]
a: [3,1079,1,2,1,1075]
s: 1079
i: [1,348,0,8,4,0,0,3] cc4_funct_1
s: 348
d: [2,1126,0,6,3,0,21,348,333]
s: 1126
d: [2,1055,1,6,3,1,40,342,662]
d: [2,1085,1,4,2,2,21,1055,657]
a: [3,1089,1,2,1,1085]
s: 1089
i: [1,355,0,8,4,0,0,3] cc5_funct_1
s: 355
d: [2,1056,1,6,3,1,40,342,677]
d: [2,1095,1,4,2,2,21,1056,672]
d: [2,1096,1,2,1,3,21,1095,667]
a: [3,1100,1,2,1,1096]
s: 1100
i: [1,362,0,8,3,0,0,255] t2_subset
s: 362
i: [1,401,0,8,3,0,0,2] rc6_finset_1
s: 401
d: [2,1141,1,11,2,1,40,362,507]
a: [3,1149,1,6,1,1141]
s: 1149
i: [1,402,0,8,3,0,0,2] rc6_finset_1
s: 402
a: [3,1152,1,5,1,1141]
s: 1152
i: [1,405,0,8,3,0,0,2] rc6_finset_1
s: 405
i: [1,406,0,8,3,0,0,2] rc6_finset_1
s: 406
d: [2,1155,2,6,1,1,40,1149,397]
a: [3,1161,2,6,1,1155]
s: 1161
i: [1,408,0,8,3,0,0,2] rc3_partfun1
s: 408
d: [2,1057,1,6,3,1,40,342,692]
d: [2,1102,1,4,2,2,21,1057,687]
a: [3,1106,1,2,1,1102]
s: 1106
i: [1,411,0,8,3,0,0,2] rc3_partfun1
s: 411
i: [1,412,0,8,3,0,0,2] rc3_partfun1
s: 412
d: [2,1117,1,8,2,0,40,1112,439]
d: [2,1125,1,4,1,0,21,1117,438]
s: 1125
i: [1,414,0,8,3,0,0,2] fc14_finset_1
s: 414
d: [2,1172,3,4,2,1,40,414,985]
a: [3,1176,3,2,1,1172]
s: 1176
i: [1,419,0,8,2,0,0,1] cc1_relset_1
s: 419
i: [1,437,0,8,1,0,0,2] rc1_relset_1
s: 437
a: [3,949,1,2,1,938]
s: 949
i: [1,442,0,8,1,0,0,2] rc1_partfun1
s: 442
d: [2,1199,2,4,2,1,40,949,1126]
a: [3,1206,2,2,1,1199]
s: 1206
i: [1,447,0,8,1,0,0,1] rc1_funct_2
s: 447
i: [1,338,0,9,4,0,0,2] fc18_funct_1
s: 338
d: [2,1201,2,6,3,1,40,949,342]
d: [2,1217,2,4,2,2,21,1201,517]
a: [3,1221,2,2,1,1217]
s: 1221
i: [1,354,0,9,4,0,0,2] fc13_funct_1
s: 354
d: [2,1131,1,8,2,0,40,1126,439]
d: [2,1139,1,4,1,0,21,1131,438]
s: 1139
i: [1,358,0,9,4,0,0,255] fc4_ordinal1
s: 358
i: [1,359,0,9,4,0,0,2] fc12_funct_1
s: 359
d: [2,877,2,4,1,0,40,859,319]
s: 877
i: [1,374,0,9,3,0,0,255] t5_subset
s: 374
d: [2,1254,1,7,2,1,40,374,507]
a: [3,1268,1,4,1,1254]
s: 1268
i: [1,403,0,9,3,0,0,2] rc6_finset_1
s: 403
i: [1,404,0,9,3,0,0,2] rc6_finset_1
s: 404
d: [2,936,2,4,1,0,40,861,324]
s: 936
i: [1,409,0,9,3,0,0,2] rc3_partfun1
s: 409
d: [2,937,2,4,1,0,40,861,323]
s: 937
i: [1,410,0,9,3,0,0,2] rc3_partfun1
s: 410
i: [1,420,0,9,2,0,0,2] cc2_relset_1
s: 420
d: [2,1272,1,3,1,1,40,420,507]
a: [3,1283,1,3,1,1272]
s: 1283
i: [1,421,0,9,2,0,0,2] cc2_relset_1
s: 421
d: [2,1286,1,3,1,1,40,421,507]
a: [3,1297,1,3,1,1286]
s: 1297
i: [1,360,0,10,4,0,0,1] cc3_funct_1
s: 360
i: [1,373,0,10,3,0,0,255] t4_subset
s: 373
d: [2,1309,1,8,2,1,40,373,507]
s: 1309
i: [1,390,0,10,3,0,0,1] cc3_relset_1
s: 390
d: [2,1332,1,4,2,1,40,390,507]
d: [2,1340,1,2,1,2,21,1332,1206]
a: [3,1344,1,2,1,1340]
s: 1344
i: [1,391,0,10,3,0,0,1] cc4_relset_1
s: 391
i: [1,488,0,10,2,0,0,255] d1_funct_2
s: 488
d: [2,1318,2,9,3,1,40,1309,325]
a: [3,1326,2,4,1,1318]
s: 1326
d: [2,1357,0,10,2,1,22,488,532]
d: [2,1358,0,10,2,1,22,1357,532]
s: 1358
d: [2,1317,2,12,3,1,40,1309,362]
d: [2,1322,2,8,2,2,21,1317,1268]
s: 1322
i: [1,392,0,11,3,0,0,2] cc1_partfun1
s: 392
i: [1,415,0,11,3,0,0,1] redefinition_k1_relset_1
s: 415
d: [2,1373,1,9,3,1,44,493,415]
d: [2,1374,1,6,2,2,21,1373,1283]
d: [2,1375,1,4,1,3,21,1374,949]
a: [3,1379,1,4,1,1375]
s: 1379
i: [1,416,0,11,3,0,0,1] dt_k1_relset_1
s: 416
d: [2,1361,3,8,2,2,40,1322,397]
s: 1361
i: [1,417,0,11,3,0,0,1] redefinition_k2_relset_1
s: 417
i: [1,418,0,11,3,0,0,1] dt_k2_relset_1
s: 418
d: [2,1401,4,10,2,2,40,1361,1322]
d: [2,1402,4,5,1,2,18,1401]
a: [3,1406,4,5,1,1402]
s: 1406
i: [1,453,0,11,2,0,0,2] fc9_relset_1
s: 453
d: [2,888,3,4,2,2,44,849,876]
s: 888
i: [1,454,0,11,2,0,0,2] fc8_relset_1
s: 454
i: [1,407,0,12,3,0,0,2] rc3_partfun1
s: 407
d: [2,889,3,4,2,2,44,854,876]
s: 889
i: [1,363,0,13,3,0,0,2] cc4_funct_2
s: 363
d: [2,941,1,5,2,0,40,316,375]
s: 941
i: [1,364,0,13,4,0,0,255] d3_funct_2
s: 364
i: [1,365,0,13,4,0,0,255] d3_funct_2
s: 365
d: [2,954,1,5,2,0,40,317,375]
s: 954
i: [1,413,0,13,4,0,0,2] cc2_partfun1
s: 413
d: [2,958,1,5,2,0,40,321,375]
s: 958
i: [1,422,0,13,3,0,0,2] cc1_funct_2
s: 422
i: [1,489,0,13,3,0,0,255] d1_funct_2
s: 489
d: [2,971,1,5,2,0,40,325,375]
s: 971
d: [2,1526,0,13,3,1,22,489,532]
d: [2,1527,0,13,3,1,22,1526,532]
d: [2,1528,0,13,3,1,22,1527,532]
s: 1528
d: [2,1537,1,9,2,1,40,1528,380]
d: [2,1543,1,4,1,1,21,1537,386]
a: [3,1547,1,4,1,1543]
s: 1547
i: [1,426,0,14,4,0,0,255] cc5_funct_2
s: 426
i: [1,389,0,15,4,0,0,2] cc3_funct_2
s: 389
d: [2,1200,2,4,2,1,40,949,1112]
a: [3,1215,2,2,1,1200]
s: 1215
i: [1,393,0,15,4,0,0,2] cc2_funct_2
s: 393
d: [2,1617,1,9,3,1,40,389,507]
d: [2,1627,1,5,2,2,21,1617,512]
d: [2,1628,1,3,1,3,21,1627,522]
a: [3,1632,1,3,1,1628]
s: 1632
i: [1,427,0,15,4,0,0,255] cc5_funct_2
s: 427
i: [1,396,0,16,5,0,0,1] cc3_finset_1
s: 396
d: [2,1638,1,9,3,1,40,427,507]
d: [2,1647,1,5,2,2,21,1638,502]
d: [2,1648,1,3,1,3,21,1647,517]
a: [3,1652,1,3,1,1648]
s: 1652
i: [1,424,0,17,5,0,0,255] cc6_funct_2
s: 424
d: [2,1552,2,2,1,1,44,381,1547]
a: [3,1567,2,2,1,1552]
s: 1567
i: [1,369,0,18,4,0,0,255] d1_funct_2
s: 369
i: [1,370,0,18,4,0,0,255] d1_funct_2
s: 370
d: [2,1695,3,4,2,1,40,1567,1126]
d: [2,1700,3,2,1,2,21,1695,527]
a: [3,1704,3,2,1,1700]
s: 1704
i: [1,399,0,18,6,0,0,1] cc8_funct_2
s: 399
d: [2,1696,3,4,2,1,40,1567,1112]
d: [2,1706,3,2,1,2,21,1696,527]
a: [3,1710,3,2,1,1706]
s: 1710
d: [2,1727,0,16,5,0,21,399,333]
s: 1727
d: [2,1724,0,18,4,1,22,369,532]
s: 1724
r: 493
d: [2,1749,1,12,3,2,40,1724,507]
d: [2,1758,1,7,2,3,21,1749,493]
d: [2,1759,1,3,1,4,21,1758,512]
a: [3,1762,1,3,1,1759]
s: 1762
a: [3,492,0,5,1,305]
s: 492
d: [2,1771,1,9,3,1,44,492,415]
d: [2,1774,1,5,2,2,21,1771,1379]
d: [2,1775,1,2,1,3,21,1774,1283]
d: [2,1776,1,0,0,4,21,1775,949]
e: 1776
d: [2,1773,1,9,3,1,44,415,492]
d: [2,1780,1,5,2,2,21,1773,1379]
d: [2,1781,1,2,1,3,21,1780,1283]
d: [2,1782,1,0,0,4,21,1781,949]
e: 1782
r: 1379
a: [3,1378,1,4,1,1375]
s: 1378
a: [3,497,0,5,1,305]
s: 497
d: [2,1820,2,0,0,4,52,949,1297,1652,497,364]
e: 1820
d: [2,1821,1,11,4,1,44,497,364]
d: [2,1823,1,8,3,1,19,1821]
d: [2,1825,1,5,2,2,21,1823,1652]
d: [2,1826,1,2,1,3,21,1825,1297]
d: [2,1827,1,0,0,4,21,1826,949]
e: 1827
d: [2,1183,1,2,1,1,40,419,507]
d: [2,1769,1,8,2,3,21,1749,512]
f: 1827,1769,1648,1286,1183,307,306,300,301,302,303,304,305
% Refutation found. Thanks to Tanya!
% SZS status Theorem for group_6__t61_group_6
% SZS output start Proof for group_6__t61_group_6
1. ! [X0] : ! [X1] : (~v1_xboole_0(X1) => ! [X2] : ((m1_subset_1(X2,k1_zfmisc_1(k2_zfmisc_1(X0,X1))) & v1_funct_2(X2,X0,X1) & v1_funct_1(X2)) => (v3_funct_2(X2,X0,X1) => (k2_relset_1(X1,X2) = X1 & k1_relset_1(X0,X2) = X0)))) [input t61_group_6]
2. ~! [X0] : ! [X1] : (~v1_xboole_0(X1) => ! [X2] : ((m1_subset_1(X2,k1_zfmisc_1(k2_zfmisc_1(X0,X1))) & v1_funct_2(X2,X0,X1) & v1_funct_1(X2)) => (v3_funct_2(X2,X0,X1) => (k2_relset_1(X1,X2) = X1 & k1_relset_1(X0,X2) = X0)))) [negated conjecture 1]
19. v1_xboole_0(o_0_0_xboole_0) [input dt_o_0_0_xboole_0]
82. ! [X0,X1] : ! [X2] : (m1_subset_1(X2,k1_zfmisc_1(k2_zfmisc_1(X0,X1))) => v1_relat_1(X2)) [input cc1_relset_1]
86. ! [X0,X1] : ! [X2] : (m1_subset_1(X2,k1_zfmisc_1(k2_zfmisc_1(X0,X1))) => (v5_relat_1(X2,X1) & v4_relat_1(X2,X0))) [input cc2_relset_1]
95. ! [X0,X1] : ! [X2] : (m1_subset_1(X2,k1_zfmisc_1(k2_zfmisc_1(X0,X1))) => ((v3_funct_2(X2,X0,X1) & v1_funct_1(X2)) => (v2_funct_2(X2,X1) & v2_funct_1(X2) & v1_funct_1(X2)))) [input cc5_funct_2]
108. o_0_0_xboole_0 = k1_xboole_0 [input d2_xboole_0]
109. ! [X0] : ! [X1] : ! [X2] : (m1_subset_1(X2,k1_zfmisc_1(k2_zfmisc_1(X0,X1))) => ((k1_xboole_0 = X1 => (v1_funct_2(X2,X0,X1) <=> k1_xboole_0 = X2)) & (k1_xboole_0 != X1 => (v1_funct_2(X2,X0,X1) <=> k1_relset_1(X0,X2) = X0)))) [input d1_funct_2]
110. ! [X0] : ! [X1] : ((v5_relat_1(X1,X0) & v1_relat_1(X1)) => (v2_funct_2(X1,X0) <=> k2_relset_1(X0,X1) = X0)) [input d3_funct_2]
111. ~! [X0,X1] : (~v1_xboole_0(X1) => ! [X2] : ((m1_subset_1(X2,k1_zfmisc_1(k2_zfmisc_1(X0,X1))) & v1_funct_2(X2,X0,X1) & v1_funct_1(X2)) => (v3_funct_2(X2,X0,X1) => (k2_relset_1(X1,X2) = X1 & k1_relset_1(X0,X2) = X0)))) [flattening 2]
115. ! [X0,X1] : ((v5_relat_1(X1,X0) & v1_relat_1(X1)) => (v2_funct_2(X1,X0) <=> k2_relset_1(X0,X1) = X0)) [flattening 110]
119. ! [X0,X1,X2] : (m1_subset_1(X2,k1_zfmisc_1(k2_zfmisc_1(X0,X1))) => ((k1_xboole_0 = X1 => (v1_funct_2(X2,X0,X1) <=> k1_xboole_0 = X2)) & (k1_xboole_0 != X1 => (v1_funct_2(X2,X0,X1) <=> k1_relset_1(X0,X2) = X0)))) [flattening 109]
123. ! [X0,X1,X2] : (m1_subset_1(X2,k1_zfmisc_1(k2_zfmisc_1(X0,X1))) => v1_relat_1(X2)) [flattening 82]
124. ! [X0,X1,X2] : (m1_subset_1(X2,k1_zfmisc_1(k2_zfmisc_1(X0,X1))) => (v5_relat_1(X2,X1) & v4_relat_1(X2,X0))) [flattening 86]
127. ! [X0,X1,X2] : (m1_subset_1(X2,k1_zfmisc_1(k2_zfmisc_1(X0,X1))) => ((v3_funct_2(X2,X0,X1) & v1_funct_1(X2)) => (v2_funct_2(X2,X1) & v2_funct_1(X2) & v1_funct_1(X2)))) [flattening 95]
139. ? [X0,X1] : (? [X2] : (((k2_relset_1(X1,X2) != X1 | k1_relset_1(X0,X2) != X0) & v3_funct_2(X2,X0,X1)) & (m1_subset_1(X2,k1_zfmisc_1(k2_zfmisc_1(X0,X1))) & v1_funct_2(X2,X0,X1) & v1_funct_1(X2))) & ~v1_xboole_0(X1)) [ennf transformation 111]
140. ? [X0,X1] : (? [X2] : ((k2_relset_1(X1,X2) != X1 | k1_relset_1(X0,X2) != X0) & v3_funct_2(X2,X0,X1) & m1_subset_1(X2,k1_zfmisc_1(k2_zfmisc_1(X0,X1))) & v1_funct_2(X2,X0,X1) & v1_funct_1(X2)) & ~v1_xboole_0(X1)) [flattening 139]
198. ! [X0,X1] : ((v2_funct_2(X1,X0) <=> k2_relset_1(X0,X1) = X0) | (~v5_relat_1(X1,X0) | ~v1_relat_1(X1))) [ennf transformation 115]
199. ! [X0,X1] : ((v2_funct_2(X1,X0) <=> k2_relset_1(X0,X1) = X0) | ~v5_relat_1(X1,X0) | ~v1_relat_1(X1)) [flattening 198]
203. ! [X0,X1,X2] : ((((v1_funct_2(X2,X0,X1) <=> k1_xboole_0 = X2) | k1_xboole_0 != X1) & ((v1_funct_2(X2,X0,X1) <=> k1_relset_1(X0,X2) = X0) | k1_xboole_0 = X1)) | ~m1_subset_1(X2,k1_zfmisc_1(k2_zfmisc_1(X0,X1)))) [ennf transformation 119]
235. ! [X0,X1,X2] : (v1_relat_1(X2) | ~m1_subset_1(X2,k1_zfmisc_1(k2_zfmisc_1(X0,X1)))) [ennf transformation 123]
236. ! [X0,X1,X2] : ((v5_relat_1(X2,X1) & v4_relat_1(X2,X0)) | ~m1_subset_1(X2,k1_zfmisc_1(k2_zfmisc_1(X0,X1)))) [ennf transformation 124]
241. ! [X0,X1,X2] : (((v2_funct_2(X2,X1) & v2_funct_1(X2) & v1_funct_1(X2)) | (~v3_funct_2(X2,X0,X1) | ~v1_funct_1(X2))) | ~m1_subset_1(X2,k1_zfmisc_1(k2_zfmisc_1(X0,X1)))) [ennf transformation 127]
242. ! [X0,X1,X2] : ((v2_funct_2(X2,X1) & v2_funct_1(X2) & v1_funct_1(X2)) | ~v3_funct_2(X2,X0,X1) | ~v1_funct_1(X2) | ~m1_subset_1(X2,k1_zfmisc_1(k2_zfmisc_1(X0,X1)))) [flattening 241]
245. ? [X0,X1] : (? [X2] : ((k2_relset_1(X1,X2) != X1 | k1_relset_1(X0,X2) != X0) & v3_funct_2(X2,X0,X1) & m1_subset_1(X2,k1_zfmisc_1(k2_zfmisc_1(X0,X1))) & v1_funct_2(X2,X0,X1) & v1_funct_1(X2)) & ~v1_xboole_0(X1)) => (? [X2] : ((sK1 != k2_relset_1(sK1,X2) | sK0 != k1_relset_1(sK0,X2)) & v3_funct_2(X2,sK0,sK1) & m1_subset_1(X2,k1_zfmisc_1(k2_zfmisc_1(sK0,sK1))) & v1_funct_2(X2,sK0,sK1) & v1_funct_1(X2)) & ~v1_xboole_0(sK1)) [choice axiom]
246. ? [X2] : ((sK1 != k2_relset_1(sK1,X2) | sK0 != k1_relset_1(sK0,X2)) & v3_funct_2(X2,sK0,sK1) & m1_subset_1(X2,k1_zfmisc_1(k2_zfmisc_1(sK0,sK1))) & v1_funct_2(X2,sK0,sK1) & v1_funct_1(X2)) => ((sK1 != k2_relset_1(sK1,sK2) | sK0 != k1_relset_1(sK0,sK2)) & v3_funct_2(sK2,sK0,sK1) & m1_subset_1(sK2,k1_zfmisc_1(k2_zfmisc_1(sK0,sK1))) & v1_funct_2(sK2,sK0,sK1) & v1_funct_1(sK2)) [choice axiom]
247. ((sK1 != k2_relset_1(sK1,sK2) | sK0 != k1_relset_1(sK0,sK2)) & v3_funct_2(sK2,sK0,sK1) & m1_subset_1(sK2,k1_zfmisc_1(k2_zfmisc_1(sK0,sK1))) & v1_funct_2(sK2,sK0,sK1) & v1_funct_1(sK2)) & ~v1_xboole_0(sK1) [skolemisation 140,246,245]
252. ! [X0,X1] : (((v2_funct_2(X1,X0) | k2_relset_1(X0,X1) != X0) & (k2_relset_1(X0,X1) = X0 | ~v2_funct_2(X1,X0))) | ~v5_relat_1(X1,X0) | ~v1_relat_1(X1)) [nnf transformation 199]
253. ! [X0,X1,X2] : (((((v1_funct_2(X2,X0,X1) | k1_xboole_0 != X2) & (k1_xboole_0 = X2 | ~v1_funct_2(X2,X0,X1))) | k1_xboole_0 != X1) & (((v1_funct_2(X2,X0,X1) | k1_relset_1(X0,X2) != X0) & (k1_relset_1(X0,X2) = X0 | ~v1_funct_2(X2,X0,X1))) | k1_xboole_0 = X1)) | ~m1_subset_1(X2,k1_zfmisc_1(k2_zfmisc_1(X0,X1)))) [nnf transformation 203]
300. ~v1_xboole_0(sK1) [cnf transformation 247] {a:0,w:2,wCS:200,goal:1,sine:0,thAx:0,allAx:3,thDist:-3}
301. v1_funct_1(sK2) [cnf transformation 247] {a:0,w:2,wCS:200,goal:1,sine:0,thAx:0,allAx:3,thDist:-3}
302. v1_funct_2(sK2,sK0,sK1) [cnf transformation 247] {a:0,w:4,wCS:400,goal:1,sine:0,thAx:0,allAx:3,thDist:-3}
303. m1_subset_1(sK2,k1_zfmisc_1(k2_zfmisc_1(sK0,sK1))) [cnf transformation 247] {a:0,w:6,wCS:600,goal:1,sine:0,thAx:0,allAx:3,thDist:-3}
304. v3_funct_2(sK2,sK0,sK1) [cnf transformation 247] {a:0,w:4,wCS:400,goal:1,sine:0,thAx:0,allAx:3,thDist:-3}
305. sK1 != k2_relset_1(sK1,sK2) | sK0 != k1_relset_1(sK0,sK2) [cnf transformation 247] {a:0,w:10,wCS:1000,goal:1,sine:0,thAx:0,allAx:3,thDist:-3}
306. v1_xboole_0(o_0_0_xboole_0) [cnf transformation 19] {a:0,w:2,wCS:800,sine:255,thAx:0,allAx:1,thDist:-1}
307. o_0_0_xboole_0 = k1_xboole_0 [cnf transformation 108] {a:0,w:3,wCS:1200,sine:255,thAx:0,allAx:1,thDist:-1}
364. k2_relset_1(X0,X1) = X0 | ~v2_funct_2(X1,X0) | ~v5_relat_1(X1,X0) | ~v1_relat_1(X1) [cnf transformation 252] {a:0,w:13,wCS:5200,nSel:1,sine:255,thAx:0,allAx:1,thDist:-1}
369. k1_relset_1(X0,X2) = X0 | ~v1_funct_2(X2,X0,X1) | k1_xboole_0 = X1 | ~m1_subset_1(X2,k1_zfmisc_1(k2_zfmisc_1(X0,X1))) [cnf transformation 253] {a:0,w:18,wCS:7200,sine:255,thAx:0,allAx:1,thDist:-1}
419. ~m1_subset_1(X2,k1_zfmisc_1(k2_zfmisc_1(X0,X1))) | v1_relat_1(X2) [cnf transformation 235] {a:0,w:8,wCS:3200,nSel:1,sine:1,thAx:0,allAx:1,thDist:-1}
421. ~m1_subset_1(X2,k1_zfmisc_1(k2_zfmisc_1(X0,X1))) | v5_relat_1(X2,X1) [cnf transformation 236] {a:0,w:9,wCS:3600,nSel:1,sine:2,thAx:0,allAx:1,thDist:-1}
427. ~m1_subset_1(X2,k1_zfmisc_1(k2_zfmisc_1(X0,X1))) | ~v3_funct_2(X2,X0,X1) | ~v1_funct_1(X2) | v2_funct_2(X2,X1) [cnf transformation 242] {a:0,w:15,wCS:6000,nSel:1,sine:255,thAx:0,allAx:1,thDist:-1}
491. 1 <=> sK0 = k1_relset_1(sK0,sK2) [avatar definition]
495. 2 <=> sK1 = k2_relset_1(sK1,sK2) [avatar definition]
497. sK1 != k2_relset_1(sK1,sK2) <- (~2) [avatar component clause 495] {a:0,w:5,wCS:500,nSel:1,goal:1,sine:255,thAx:0,allAx:3,thDist:-3}
498. ~1 | ~2 [avatar split clause 305,495,491]
500. 3 <=> v3_funct_2(sK2,sK0,sK1) [avatar definition]
502. v3_funct_2(sK2,sK0,sK1) <- (3) [avatar component clause 500] {a:0,w:4,wCS:400,nSel:1,goal:1,sine:255,thAx:0,allAx:3,thDist:-3}
503. 3 [avatar split clause 304,500]
505. 4 <=> m1_subset_1(sK2,k1_zfmisc_1(k2_zfmisc_1(sK0,sK1))) [avatar definition]
507. m1_subset_1(sK2,k1_zfmisc_1(k2_zfmisc_1(sK0,sK1))) <- (4) [avatar component clause 505] {a:0,w:6,wCS:600,nSel:1,goal:1,sine:255,thAx:0,allAx:3,thDist:-3}
508. 4 [avatar split clause 303,505]
510. 5 <=> v1_funct_2(sK2,sK0,sK1) [avatar definition]
512. v1_funct_2(sK2,sK0,sK1) <- (5) [avatar component clause 510] {a:0,w:4,wCS:400,nSel:1,goal:1,sine:255,thAx:0,allAx:3,thDist:-3}
513. 5 [avatar split clause 302,510]
515. 6 <=> v1_funct_1(sK2) [avatar definition]
517. v1_funct_1(sK2) <- (6) [avatar component clause 515] {a:0,w:2,wCS:200,nSel:1,goal:1,sine:255,thAx:0,allAx:3,thDist:-3}
518. 6 [avatar split clause 301,515]
520. 7 <=> v1_xboole_0(sK1) [avatar definition]
523. ~7 [avatar split clause 300,520]
525. 8 <=> v1_xboole_0(o_0_0_xboole_0) [avatar definition]
528. 8 [avatar split clause 306,525]
530. 9 <=> o_0_0_xboole_0 = k1_xboole_0 [avatar definition]
532. o_0_0_xboole_0 = k1_xboole_0 <- (9) [avatar component clause 530] {a:0,w:3,wCS:1200,nSel:1,sine:255,thAx:0,allAx:1,thDist:-1}
533. 9 [avatar split clause 307,530]
947. 77 <=> v1_relat_1(sK2) [avatar definition]
949. v1_relat_1(sK2) <- (77) [avatar component clause 947] {a:1,w:2,wCS:200,nSel:1,goal:1,sine:255,thAx:0,allAx:4,thDist:-4}
1183. v1_relat_1(sK2) <- (4) [resolution 419,507] {a:1,w:2,wCS:200,goal:1,sine:1,thAx:0,allAx:4,thDist:-4}
1188. 77 | ~4 [avatar split clause 1183,505,947]
1286. v5_relat_1(sK2,sK1) <- (4) [resolution 421,507] {a:1,w:3,wCS:300,goal:1,sine:2,thAx:0,allAx:4,thDist:-4}
1295. 111 <=> v5_relat_1(sK2,sK1) [avatar definition]
1297. v5_relat_1(sK2,sK1) <- (111) [avatar component clause 1295] {a:1,w:3,wCS:300,nSel:1,goal:1,sine:255,thAx:0,allAx:4,thDist:-4}
1298. 111 | ~4 [avatar split clause 1286,505,1295]
1638. ~v3_funct_2(sK2,sK0,sK1) | ~v1_funct_1(sK2) | v2_funct_2(sK2,sK1) <- (4) [resolution 427,507] {a:1,w:9,wCS:900,goal:1,sine:255,thAx:0,allAx:4,thDist:-4}
1647. ~v1_funct_1(sK2) | v2_funct_2(sK2,sK1) <- (3, 4) [subsumption resolution 1638,502] {a:1,w:5,wCS:500,goal:1,sine:255,thAx:0,allAx:4,thDist:-4}
1648. v2_funct_2(sK2,sK1) <- (3, 4, 6) [subsumption resolution 1647,517] {a:1,w:3,wCS:300,goal:1,sine:255,thAx:0,allAx:4,thDist:-4}
1650. 126 <=> v2_funct_2(sK2,sK1) [avatar definition]
1652. v2_funct_2(sK2,sK1) <- (126) [avatar component clause 1650] {a:1,w:3,wCS:300,nSel:1,goal:1,sine:255,thAx:0,allAx:4,thDist:-4}
1653. 126 | ~3 | ~4 | ~6 [avatar split clause 1648,515,505,500,1650]
1724. ~m1_subset_1(X2,k1_zfmisc_1(k2_zfmisc_1(X0,X1))) | k1_relset_1(X0,X2) = X0 | ~v1_funct_2(X2,X0,X1) | o_0_0_xboole_0 = X1 <- (9) [forward demodulation 369,532] {a:0,w:18,wCS:7200,nSel:1,sine:255,thAx:0,allAx:1,thDist:-1}
1749. sK0 = k1_relset_1(sK0,sK2) | ~v1_funct_2(sK2,sK0,sK1) | o_0_0_xboole_0 = sK1 <- (4, 9) [resolution 1724,507] {a:1,w:12,wCS:1200,goal:1,sine:255,thAx:0,allAx:4,thDist:-4}
1761. 131 <=> o_0_0_xboole_0 = sK1 [avatar definition]
1768. o_0_0_xboole_0 != sK1 | v1_xboole_0(sK1) | ~v1_xboole_0(o_0_0_xboole_0) [theory tautology sat conflict] {a:0,w:7,wCS:2800,sine:255,thAx:0,allAx:1,thDist:-1}
1769. sK0 = k1_relset_1(sK0,sK2) | o_0_0_xboole_0 = sK1 <- (4, 5, 9) [subsumption resolution 1749,512] {a:1,w:8,wCS:800,goal:1,sine:255,thAx:0,allAx:4,thDist:-4}
1770. 131 | 1 | ~4 | ~5 | ~9 [avatar split clause 1769,530,510,505,491,1761]
1821. sK1 != sK1 | ~v2_funct_2(sK2,sK1) | ~v5_relat_1(sK2,sK1) | ~v1_relat_1(sK2) <- (~2) [superposition 497,364] {a:1,w:11,wCS:1100,goal:1,sine:255,thAx:0,allAx:4,thDist:-4}
1823. ~v2_funct_2(sK2,sK1) | ~v5_relat_1(sK2,sK1) | ~v1_relat_1(sK2) <- (~2) [trivial inequality removal 1821] {a:1,w:8,wCS:800,goal:1,sine:255,thAx:0,allAx:4,thDist:-4}
1825. ~v5_relat_1(sK2,sK1) | ~v1_relat_1(sK2) <- (~2, 126) [subsumption resolution 1823,1652] {a:1,w:5,wCS:500,goal:1,sine:255,thAx:0,allAx:4,thDist:-4}
1826. ~v1_relat_1(sK2) <- (~2, 111, 126) [subsumption resolution 1825,1297] {a:1,w:2,wCS:200,goal:1,sine:255,thAx:0,allAx:4,thDist:-4}
1827. $false <- (~2, 77, 111, 126) [subsumption resolution 1826,949] {a:1,w:0,goal:1,sine:255,thAx:0,allAx:4,thDist:-4}
1828. 2 | ~77 | ~111 | ~126 [avatar contradiction clause 1827]
1831. $false [avatar sat refutation 498,503,508,513,518,523,528,533,1188,1298,1653,1768,1770,1828] {a:0,w:0,goal:1,sine:0,thAx:0,allAx:716,thDist:-716}
% SZS output end Proof for group_6__t61_group_6
% ------------------------------
% Version: Vampire 4.5.1 (commit 226f88162 on 2021-09-12 20:13:44 +0200)
% Termination reason: Refutation

% >>> Input
% Input formulas: 109
% >>> Preprocessing
% Introduced skolems: 28
% Pure predicates: 4
% Unused predicate definitions: 1
% 
% >>> Saturation
% Initial clauses: 187
% Generated clauses: 984
% Active clauses: 258
% Passive clauses: 610
% Final active clauses: 256
% Final passive clauses: 340
% Main loop iterations started: 270
% 
% >>> Simplifying Inferences
% Duplicate literals: 23
% Trivial inequalities: 1
% Fw subsumption resolutions: 95
% Fw demodulations: 8
% 
% >>> Deletion Inferences
% Simple tautologies: 24
% Forward subsumptions: 114
% 
% >>> Generating Inferences
% Binary resolution: 513
% Unit resulting resolution: 1
% Forward superposition: 14
% Backward superposition: 27
% Self superposition: 1
% 
% >>> AVATAR
% Split clauses: 25
% Split components: 50
% Sat splitting refutations: 4
% 
% >>> SAT Solver Statistics
% SAT solver clauses: 131
% SAT solver unit clauses: 39
% SAT solver binary clauses: 45
% 
% Memory used [KB]: 10490
% Time elapsed: 0.011 s
% ------------------------------
% ------------------------------
% Time measurement results:
% parsing: 0.002 s
% preprocessing: 0.001 s
% congruence closure: 0.001 s
% backward subsumption index maintenance: 0.001 s
% forward subsumption resolution: 0.001 s
% resolution: 0.001 s
% superposition: 0.001 s
% literal selection: 0.001 s
% other: 0.011 s ( own 0.002 s ) 

