i: [1,571,0,2,1,1,0,0] t80_complex1
a: [3,897,0,2,1,571]
s: 897
i: [1,573,0,2,1,0,0,2] fc2_numbers
a: [3,902,0,2,1,573]
s: 902
i: [1,574,0,2,1,0,0,2] fc1_numbers
a: [3,907,0,2,1,574]
s: 907
i: [1,575,0,2,1,0,0,3] spc1_boole
a: [3,912,0,2,1,575]
s: 912
i: [1,576,0,2,1,0,0,255] fc1_membered
a: [3,917,0,2,1,576]
s: 917
i: [1,577,0,2,1,0,0,255] fc3_membered
a: [3,922,0,2,1,577]
s: 922
i: [1,578,0,2,1,0,0,255] fc6_membered
a: [3,927,0,2,1,578]
s: 927
i: [1,579,0,2,1,0,0,255] fc1_xboole_0
a: [3,932,0,2,1,579]
s: 932
i: [1,580,0,2,1,0,0,3] spc0_boole
a: [3,937,0,2,1,580]
s: 937
i: [1,581,0,2,1,0,0,1] fc1_xcmplx_0
a: [3,942,0,2,1,581]
s: 942
i: [1,692,0,2,1,0,0,255] spc1_numerals
a: [3,1485,0,2,1,692]
s: 1485
i: [1,858,0,2,1,0,0,3] rc2_xboole_0
a: [3,1505,0,2,1,858]
s: 1505
i: [1,859,0,2,1,0,0,255] rc1_xxreal_0
a: [3,1510,0,2,1,859]
s: 1510
i: [1,860,0,2,1,0,0,3] rc1_xreal_0
a: [3,1515,0,2,1,860]
s: 1515
i: [1,861,0,2,1,0,0,3] rc1_xboole_0
a: [3,1520,0,2,1,861]
s: 1520
i: [1,862,0,2,1,0,0,1] rc1_xcmplx_0
a: [3,1525,0,2,1,862]
s: 1525
i: [1,864,0,2,1,0,0,255] rc2_membered
a: [3,1530,0,2,1,864]
s: 1530
i: [1,863,0,2,1,0,0,255] rc2_membered
a: [3,1535,0,2,1,863]
s: 1535
i: [1,866,0,2,1,0,0,255] rc1_membered
a: [3,1540,0,2,1,866]
s: 1540
i: [1,865,0,2,1,0,0,255] rc1_membered
a: [3,1545,0,2,1,865]
s: 1545
i: [1,868,0,2,1,0,0,255] rc3_membered
a: [3,1550,0,2,1,868]
s: 1550
i: [1,867,0,2,1,0,0,255] rc3_membered
a: [3,1555,0,2,1,867]
s: 1555
i: [1,870,0,2,1,0,0,3] rc2_xcmplx_0
a: [3,1560,0,2,1,870]
s: 1560
i: [1,869,0,2,1,0,0,3] rc2_xcmplx_0
a: [3,1565,0,2,1,869]
s: 1565
i: [1,872,0,2,1,0,0,255] rc3_xxreal_0
a: [3,1570,0,2,1,872]
s: 1570
i: [1,871,0,2,1,0,0,255] rc3_xxreal_0
a: [3,1575,0,2,1,871]
s: 1575
i: [1,874,0,2,1,0,0,255] rc2_xxreal_0
a: [3,1580,0,2,1,874]
s: 1580
i: [1,873,0,2,1,0,0,255] rc2_xxreal_0
a: [3,1585,0,2,1,873]
s: 1585
i: [1,876,0,2,1,0,0,255] rc4_xxreal_0
a: [3,1590,0,2,1,876]
s: 1590
i: [1,875,0,2,1,0,0,255] rc4_xxreal_0
a: [3,1595,0,2,1,875]
s: 1595
i: [1,880,0,2,1,0,0,255] rc4_xreal_0
a: [3,1600,0,2,1,880]
s: 1600
i: [1,879,0,2,1,0,0,255] rc4_xreal_0
a: [3,1605,0,2,1,879]
s: 1605
i: [1,878,0,2,1,0,0,255] rc4_xreal_0
a: [3,1610,0,2,1,878]
s: 1610
i: [1,877,0,2,1,0,0,255] rc4_xreal_0
a: [3,1615,0,2,1,877]
s: 1615
i: [1,884,0,2,1,0,0,255] rc3_xreal_0
a: [3,1620,0,2,1,884]
s: 1620
i: [1,883,0,2,1,0,0,255] rc3_xreal_0
a: [3,1625,0,2,1,883]
s: 1625
i: [1,882,0,2,1,0,0,255] rc3_xreal_0
a: [3,1630,0,2,1,882]
s: 1630
i: [1,881,0,2,1,0,0,255] rc3_xreal_0
a: [3,1635,0,2,1,881]
s: 1635
i: [1,888,0,2,1,0,0,255] rc2_xreal_0
a: [3,1640,0,2,1,888]
s: 1640
i: [1,887,0,2,1,0,0,255] rc2_xreal_0
a: [3,1645,0,2,1,887]
s: 1645
i: [1,886,0,2,1,0,0,255] rc2_xreal_0
a: [3,1650,0,2,1,886]
s: 1650
i: [1,885,0,2,1,0,0,255] rc2_xreal_0
a: [3,1655,0,2,1,885]
s: 1655
i: [1,572,0,9,1,1,0,0] t80_complex1
a: [3,892,0,9,1,572]
s: 892
i: [1,799,0,3,1,0,0,255] reflexivity_r1_tarski
s: 799
i: [1,582,0,3,1,0,0,255] redefinition_k5_numbers
a: [3,947,0,3,1,582]
s: 947
r: 927
d: [2,1657,0,2,1,2,23,927,947]
a: [3,1661,0,2,1,1657]
s: 1661
i: [1,583,0,3,1,0,0,255] redefinition_k7_complex1
a: [3,952,0,3,1,583]
s: 952
i: [1,585,0,3,1,0,0,255] d4_complex1
a: [3,958,0,3,1,585]
s: 958
i: [1,586,0,3,1,0,0,255] t1_numerals
a: [3,963,0,3,1,586]
s: 963
i: [1,587,0,3,1,0,0,255] dt_k6_complex1
a: [3,968,0,3,1,587]
s: 968
i: [1,589,0,3,1,0,0,255] dt_k7_complex1
a: [3,974,0,3,1,589]
s: 974
i: [1,695,0,3,1,0,0,255] spc1_numerals
a: [3,1470,0,3,1,695]
s: 1470
i: [1,694,0,3,1,0,0,255] spc1_numerals
a: [3,1475,0,3,1,694]
s: 1475
i: [1,698,0,3,1,0,0,255] spc0_numerals
a: [3,1490,0,3,1,698]
s: 1490
i: [1,697,0,3,1,0,0,255] spc0_numerals
a: [3,1495,0,3,1,697]
s: 1495
d: [2,1663,0,3,1,2,22,963,947]
a: [3,1667,0,3,1,1663]
s: 1667
d: [2,1669,0,3,1,2,22,968,958]
a: [3,1673,0,3,1,1669]
s: 1673
d: [2,1675,0,3,1,2,22,974,952]
a: [3,1679,0,3,1,1675]
s: 1679
i: [1,699,0,4,2,0,0,255] cc2_xxreal_0
s: 699
i: [1,700,0,4,2,0,0,255] cc2_xreal_0
s: 700
i: [1,701,0,4,2,0,0,255] cc2_xcmplx_0
s: 701
i: [1,704,0,4,2,0,0,255] cc2_membered
s: 704
i: [1,705,0,4,2,0,0,255] cc3_membered
s: 705
i: [1,710,0,4,2,0,0,255] cc4_membered
s: 710
i: [1,711,0,4,2,0,0,255] cc5_membered
s: 711
i: [1,714,0,4,2,0,0,255] cc1_membered
s: 714
d: [2,1681,1,2,1,1,40,710,922]
a: [3,1685,1,2,1,1681]
s: 1685
i: [1,717,0,4,2,0,0,255] cc4_xreal_0
s: 717
d: [2,1687,1,2,1,1,40,711,922]
a: [3,1691,1,2,1,1687]
s: 1691
i: [1,718,0,4,2,0,0,3] cc3_xreal_0
s: 718
i: [1,723,0,4,2,0,0,255] cc18_membered
s: 723
d: [2,1693,1,2,1,1,40,714,1661]
a: [3,1700,1,2,1,1693]
s: 1700
i: [1,798,0,4,1,0,0,2] existence_m1_subset_1
s: 798
d: [2,1694,1,2,1,1,40,714,1530]
a: [3,1705,1,2,1,1694]
s: 1705
i: [1,591,0,4,1,0,0,4] rqRealNeg__k4_xcmplx_0__r0_r0
a: [3,980,0,4,1,591]
s: 980
i: [1,592,0,4,1,0,0,255] t48_complex1
a: [3,985,0,4,1,592]
s: 985
d: [2,1695,1,2,1,1,40,714,1540]
a: [3,1710,1,2,1,1695]
s: 1710
i: [1,593,0,4,1,0,0,255] dt_k5_numbers
a: [3,990,0,4,1,593]
s: 990
d: [2,1696,1,2,1,1,40,714,1550]
a: [3,1715,1,2,1,1696]
s: 1715
i: [1,693,0,4,1,0,0,255] spc1_numerals
a: [3,1480,0,4,1,693]
s: 1480
i: [1,696,0,4,1,0,0,255] spc0_numerals
a: [3,1500,0,4,1,696]
s: 1500
d: [2,1717,1,2,1,1,40,717,1515]
a: [3,1724,1,2,1,1717]
s: 1724
d: [2,1777,0,4,1,2,22,985,958]
a: [3,1781,0,4,1,1777]
s: 1781
d: [2,1726,1,2,1,1,40,718,1515]
a: [3,1733,1,2,1,1726]
s: 1733
i: [1,719,0,5,2,0,0,255] dt_k6_square_1
s: 719
i: [1,720,0,5,2,0,0,255] fc2_square_1
s: 720
d: [2,1735,1,2,1,1,40,723,932]
a: [3,1743,1,2,1,1735]
s: 1743
i: [1,721,0,5,2,0,0,3] fc3_xreal_0
s: 721
d: [2,1736,1,2,1,1,40,723,937]
a: [3,1748,1,2,1,1736]
s: 1748
i: [1,722,0,5,2,0,0,3] fc3_xreal_0
s: 722
i: [1,724,0,5,2,0,0,255] t6_boole
s: 724
d: [2,1737,1,2,1,1,40,723,1520]
a: [3,1753,1,2,1,1737]
s: 1753
i: [1,725,0,5,2,0,0,255] fc1_complex1
s: 725
d: [2,1738,1,2,1,1,40,723,1595]
a: [3,1758,1,2,1,1738]
s: 1758
i: [1,726,0,5,2,0,0,255] fc2_complex1
s: 726
i: [1,727,0,5,2,0,0,2] dt_k16_complex1
s: 727
d: [2,1739,1,2,1,1,40,723,1615]
a: [3,1763,1,2,1,1739]
s: 1763
i: [1,728,0,5,2,0,0,2] dt_k16_complex1
s: 728
d: [2,1765,2,2,1,1,40,1700,704]
a: [3,1769,2,2,1,1765]
s: 1769
i: [1,729,0,5,2,0,0,255] fc1_square_1
s: 729
i: [1,730,0,5,2,0,0,1] dt_k4_xcmplx_0
s: 730
d: [2,1771,2,2,1,1,40,1705,704]
a: [3,1775,2,2,1,1771]
s: 1775
i: [1,753,0,5,2,0,0,2] fc5_complex1
s: 753
d: [2,1783,2,2,1,1,40,1710,704]
a: [3,1787,2,2,1,1783]
s: 1787
i: [1,754,0,5,2,0,0,2] fc5_complex1
s: 754
i: [1,757,0,5,2,0,0,255] cc25_membered
s: 757
d: [2,1862,1,2,1,1,40,757,1475]
a: [3,1869,1,2,1,1862]
s: 1869
i: [1,758,0,5,2,0,0,2] cc3_xcmplx_0
s: 758
d: [2,1882,1,2,1,1,40,758,1673]
a: [3,1888,1,2,1,1882]
s: 1888
i: [1,759,0,5,2,0,0,2] cc1_xreal_0
s: 759
i: [1,760,0,5,2,0,0,2] cc1_xcmplx_0
s: 760
d: [2,1895,1,2,1,1,40,759,1470]
a: [3,1901,1,2,1,1895]
s: 1901
i: [1,795,0,5,2,0,0,255] t7_boole
s: 795
d: [2,1896,1,2,1,1,40,759,1490]
a: [3,1906,1,2,1,1896]
s: 1906
i: [1,594,0,5,1,0,0,4] rqRealDiff__k6_xcmplx_0__r0_r0_r0
a: [3,995,0,5,1,594]
s: 995
i: [1,595,0,5,1,0,0,4] rqRealDiff__k6_xcmplx_0__cr1r0_cr1r0_r0
a: [3,1000,0,5,1,595]
s: 1000
d: [2,1914,1,2,1,1,40,760,1490]
a: [3,1919,1,2,1,1914]
s: 1919
i: [1,596,0,5,1,0,0,4] rqRealDiff__k6_xcmplx_0__r1_r1_r0
a: [3,1005,0,5,1,596]
s: 1005
d: [2,1789,2,2,1,1,40,1715,704]
a: [3,1793,2,2,1,1789]
s: 1793
i: [1,597,0,5,1,0,0,4] rqRealAdd__k2_xcmplx_0__r0_r0_r0
a: [3,1010,0,5,1,597]
s: 1010
i: [1,598,0,5,1,0,0,4] rqRealMult__k3_xcmplx_0__r0_r0_r0
a: [3,1015,0,5,1,598]
s: 1015
d: [2,1799,2,2,1,1,40,1743,714]
a: [3,1803,2,2,1,1799]
s: 1803
i: [1,599,0,5,1,0,0,4] rqRealMult__k3_xcmplx_0__r0_cr1r0_r0
a: [3,1020,0,5,1,599]
s: 1020
d: [2,1806,2,2,1,1,40,1748,714]
a: [3,1810,2,2,1,1806]
s: 1810
i: [1,600,0,5,1,0,0,4] rqRealMult__k3_xcmplx_0__r0_r1_r0
a: [3,1025,0,5,1,600]
s: 1025
i: [1,601,0,5,1,0,0,4] rqRealMult__k3_xcmplx_0__cr1r0_r0_r0
a: [3,1030,0,5,1,601]
s: 1030
d: [2,1819,2,2,1,1,40,1753,714]
a: [3,1823,2,2,1,1819]
s: 1823
i: [1,602,0,5,1,0,0,4] rqRealMult__k3_xcmplx_0__r1_r0_r0
a: [3,1035,0,5,1,602]
s: 1035
d: [2,1827,2,2,1,1,40,1758,714]
a: [3,1831,2,2,1,1827]
s: 1831
i: [1,603,0,5,1,0,0,4] rqRealDiff__k6_xcmplx_0__cr1r0_r0_cr1r0
a: [3,1040,0,5,1,603]
s: 1040
i: [1,604,0,5,1,0,0,4] rqRealAdd__k2_xcmplx_0__r0_cr1r0_cr1r0
a: [3,1045,0,5,1,604]
s: 1045
d: [2,1837,2,2,1,1,40,1763,714]
a: [3,1841,2,2,1,1837]
s: 1841
i: [1,605,0,5,1,0,0,4] rqRealAdd__k2_xcmplx_0__cr1r0_r0_cr1r0
a: [3,1050,0,5,1,605]
s: 1050
d: [2,1876,2,2,1,1,40,1869,714]
a: [3,1880,2,2,1,1876]
s: 1880
i: [1,606,0,5,1,0,0,2] rqRealMult__k3_xcmplx_0__cr1r0_r1_cr1r0
a: [3,1055,0,5,1,606]
s: 1055
i: [1,607,0,5,1,0,0,2] rqRealMult__k3_xcmplx_0__r1_cr1r0_cr1r0
a: [3,1060,0,5,1,607]
s: 1060
d: [2,1927,2,2,1,1,40,1901,717]
a: [3,1931,2,2,1,1927]
s: 1931
i: [1,608,0,5,1,0,0,2] rqRealNeg__k4_xcmplx_0__rm1_r1
a: [3,1065,0,5,1,608]
s: 1065
d: [2,1934,2,2,1,1,40,1906,717]
a: [3,1939,2,2,1,1934]
s: 1939
i: [1,609,0,5,1,0,0,2] rqRealDiv__k7_xcmplx_0__r1_r1_r1
a: [3,1070,0,5,1,609]
s: 1070
i: [1,610,0,5,1,0,0,4] rqRealDiff__k6_xcmplx_0__r1_r0_r1
a: [3,1075,0,5,1,610]
s: 1075
d: [2,1843,3,2,1,1,40,1769,705]
a: [3,1847,3,2,1,1843]
s: 1847
i: [1,611,0,5,1,0,0,4] rqRealAdd__k2_xcmplx_0__r0_r1_r1
a: [3,1080,0,5,1,611]
s: 1080
d: [2,1850,3,2,1,1,40,1775,705]
a: [3,1854,3,2,1,1850]
s: 1854
i: [1,612,0,5,1,0,0,4] rqRealAdd__k2_xcmplx_0__r1_r0_r1
a: [3,1085,0,5,1,612]
s: 1085
i: [1,613,0,5,1,0,0,2] rqRealMult__k3_xcmplx_0__r1_r1_r1
a: [3,1090,0,5,1,613]
s: 1090
d: [2,1856,3,2,1,1,40,1787,705]
a: [3,1860,3,2,1,1856]
s: 1860
i: [1,731,0,6,2,0,0,255] dt_k3_complex1
s: 731
d: [2,1941,3,2,1,1,40,1793,705]
a: [3,1945,3,2,1,1941]
s: 1945
i: [1,732,0,6,2,0,0,255] dt_k3_complex1
s: 732
i: [1,733,0,6,2,0,0,255] dt_k4_complex1
s: 733
d: [2,1947,3,2,1,1,40,1803,704]
a: [3,1952,3,2,1,1947]
s: 1952
i: [1,734,0,6,2,0,0,255] dt_k4_complex1
s: 734
d: [2,1954,3,2,1,1,40,1810,704]
a: [3,1958,3,2,1,1954]
s: 1958
i: [1,735,0,6,2,0,0,1] dt_k17_complex1
s: 735
i: [1,736,0,6,2,0,0,1] dt_k17_complex1
s: 736
d: [2,1960,3,2,1,1,40,1823,704]
a: [3,1964,3,2,1,1960]
s: 1964
i: [1,765,0,6,2,0,0,255] cc11_membered
s: 765
d: [2,1966,3,2,1,1,40,1831,704]
a: [3,1970,3,2,1,1966]
s: 1970
i: [1,766,0,6,2,0,0,255] cc6_membered
s: 766
i: [1,767,0,6,2,0,0,255] cc8_membered
s: 767
d: [2,1972,3,2,1,1,40,1841,704]
a: [3,1976,3,2,1,1972]
s: 1976
i: [1,782,0,6,3,0,0,255] cc5_xxreal_0
s: 782
d: [2,2092,1,4,2,1,40,782,1570]
d: [2,2094,1,2,1,2,21,2092,1575]
a: [3,2098,1,2,1,2094]
s: 2098
i: [1,784,0,6,3,0,0,255] cc5_xxreal_0
s: 784
i: [1,785,0,6,3,0,0,255] cc3_xxreal_0
s: 785
d: [2,2093,1,4,2,1,40,782,1625]
d: [2,2100,1,2,1,2,21,2093,1630]
a: [3,2104,1,2,1,2100]
s: 2104
i: [1,787,0,6,3,0,0,255] cc3_xxreal_0
s: 787
d: [2,2106,1,4,2,1,40,784,1570]
d: [2,2108,1,2,1,2,21,2106,1575]
a: [3,2112,1,2,1,2108]
s: 2112
i: [1,789,0,6,3,0,0,255] cc7_xxreal_0
s: 789
i: [1,790,0,6,3,0,0,255] cc7_xxreal_0
s: 790
d: [2,2107,1,4,2,1,40,784,1625]
d: [2,2114,1,2,1,2,21,2107,1630]
a: [3,2118,1,2,1,2114]
s: 2118
i: [1,791,0,6,2,0,0,255] t1_subset
s: 791
d: [2,2120,1,4,2,1,40,785,932]
a: [3,2128,1,2,1,2120]
s: 2128
i: [1,800,0,6,2,0,0,255] antisymmetry_r2_hidden
s: 800
i: [1,615,0,6,1,0,0,4] rqRealAdd__k2_xcmplx_0__r1_rm1_r0
a: [3,1095,0,6,1,615]
s: 1095
d: [2,2121,1,4,2,1,40,785,937]
d: [2,2134,1,2,1,2,21,2121,1939]
a: [3,2138,1,2,1,2134]
s: 2138
i: [1,616,0,6,1,0,0,4] rqRealAdd__k2_xcmplx_0__rm1_r1_r0
a: [3,1100,0,6,1,616]
s: 1100
d: [2,2122,1,4,2,1,40,785,1520]
a: [3,2147,1,2,1,2122]
s: 2147
i: [1,617,0,6,1,0,0,4] rqRealDiff__k6_xcmplx_0__r0_rm1_r1
a: [3,1105,0,6,1,617]
s: 1105
i: [1,618,0,6,1,0,0,4] rqRealDiff__k6_xcmplx_0__r0_r1_rm1
a: [3,1110,0,6,1,618]
s: 1110
d: [2,2123,1,4,2,1,40,785,1595]
d: [2,2149,1,2,1,2,21,2123,1590]
a: [3,2153,1,2,1,2149]
s: 2153
i: [1,619,0,6,1,0,0,2] rqRealMult__k3_xcmplx_0__cr1r0_cr1r0_rm1
a: [3,1115,0,6,1,619]
s: 1115
d: [2,2124,1,4,2,1,40,785,1615]
d: [2,2155,1,2,1,2,21,2124,1605]
a: [3,2159,1,2,1,2155]
s: 2159
i: [1,702,0,7,3,0,0,255] cc13_membered
s: 702
r: 2128
i: [1,708,0,7,3,0,0,255] cc12_membered
s: 708
a: [3,2127,1,2,1,2120]
s: 2127
i: [1,712,0,7,3,0,0,255] cc14_membered
s: 712
a: [3,2132,1,2,1,2120]
s: 2132
i: [1,715,0,7,3,0,0,255] cc17_membered
s: 715
i: [1,737,0,7,2,0,0,255] redefinition_k4_complex1
s: 737
d: [2,2168,1,4,2,1,40,702,1679]
a: [3,2189,1,2,1,2168]
s: 2189
i: [1,738,0,7,2,0,0,255] redefinition_k4_complex1
s: 738
d: [2,2203,1,4,2,1,40,708,1667]
a: [3,2223,1,2,1,2203]
s: 2223
i: [1,739,0,7,2,0,0,255] redefinition_k3_complex1
s: 739
i: [1,740,0,7,2,0,0,255] redefinition_k3_complex1
s: 740
d: [2,2233,1,4,2,1,40,712,1667]
d: [2,2250,1,2,1,2,21,2233,1847]
a: [3,2254,1,2,1,2250]
s: 2254
i: [1,741,0,7,2,0,0,1] redefinition_k17_complex1
s: 741
d: [2,2234,1,4,2,1,40,712,1679]
a: [3,2259,1,2,1,2234]
s: 2259
i: [1,742,0,7,2,0,0,1] redefinition_k17_complex1
s: 742
i: [1,743,0,7,2,0,0,1] involutiveness_k4_xcmplx_0
s: 743
d: [2,2268,1,4,2,1,40,715,1470]
a: [3,2283,1,2,1,2268]
s: 2283
i: [1,744,0,7,2,0,0,2] t6_arithm
s: 744
a: [3,2287,1,2,1,2268]
s: 2287
i: [1,745,0,7,2,0,0,1] t3_arithm
s: 745
i: [1,761,0,7,2,0,0,255] dt_k7_square_1
s: 761
d: [2,2270,1,4,2,1,40,715,1673]
a: [3,2294,1,2,1,2270]
s: 2294
i: [1,762,0,7,2,0,0,255] dt_k5_square_1
s: 762
d: [2,2273,1,4,2,1,40,715,1667]
d: [2,2309,1,2,1,2,21,2273,1661]
a: [3,2313,1,2,1,2309]
s: 2313
i: [1,772,0,7,3,0,0,2] fc4_complex1
s: 772
i: [1,773,0,7,3,0,0,2] fc4_complex1
s: 773
d: [2,2275,1,4,2,1,40,715,1490]
a: [3,2323,1,2,1,2275]
s: 2323
i: [1,774,0,7,3,0,0,3] fc6_xcmplx_0
s: 774
d: [2,1978,3,2,1,1,40,1880,704]
a: [3,1982,3,2,1,1978]
s: 1982
i: [1,775,0,7,3,0,0,3] fc6_xcmplx_0
s: 775
i: [1,776,0,7,3,0,0,3] fc16_xreal_0
s: 776
d: [2,1987,4,2,1,1,40,1847,711]
a: [3,1992,4,2,1,1987]
s: 1992
i: [1,777,0,7,3,0,0,3] fc16_xreal_0
s: 777
d: [2,1988,4,2,1,1,40,1847,710]
a: [3,1997,4,2,1,1988]
s: 1997
i: [1,778,0,7,3,0,0,3] fc15_xreal_0
s: 778
i: [1,779,0,7,3,0,0,3] fc15_xreal_0
s: 779
d: [2,2404,1,6,3,1,44,779,980]
d: [2,2407,1,4,2,2,21,2404,1906]
d: [2,2408,1,2,1,3,21,2407,2138]
a: [3,2412,1,2,1,2408]
s: 2412
i: [1,793,0,7,2,0,0,255] t3_subset
s: 793
d: [2,1999,4,2,1,1,40,1854,711]
a: [3,2004,4,2,1,1999]
s: 2004
i: [1,794,0,7,3,0,0,3] t8_boole
s: 794
i: [1,620,0,7,1,0,0,4] rqRealDiff__k6_xcmplx_0__rm1_rm1_r0
a: [3,1120,0,7,1,620]
s: 1120
d: [2,2000,4,2,1,1,40,1854,710]
a: [3,2009,4,2,1,2000]
s: 2009
i: [1,621,0,7,1,0,0,2] rqRealNeg__k4_xcmplx_0__crm1r0_cr1r0
a: [3,1125,0,7,1,621]
s: 1125
d: [2,2011,4,2,1,1,40,1860,711]
a: [3,2016,4,2,1,2011]
s: 2016
i: [1,622,0,7,1,0,0,4] rqRealDiff__k6_xcmplx_0__cr1r1_r1_cr1r0
a: [3,1130,0,7,1,622]
s: 1130
i: [1,623,0,7,1,0,0,4] rqRealDiff__k6_xcmplx_0__cr1r1_cr1r0_r1
a: [3,1135,0,7,1,623]
s: 1135
d: [2,2012,4,2,1,1,40,1860,710]
a: [3,2021,4,2,1,2012]
s: 2021
i: [1,624,0,7,1,0,0,2] rqRealDiv__k7_xcmplx_0__r1_rm1_rm1
a: [3,1140,0,7,1,624]
s: 1140
d: [2,2025,4,2,1,1,40,1945,711]
a: [3,2030,4,2,1,2025]
s: 2030
i: [1,625,0,7,1,0,0,2] rqRealDiv__k7_xcmplx_0__rm1_r1_rm1
a: [3,1145,0,7,1,625]
s: 1145
i: [1,626,0,7,1,0,0,4] rqRealDiff__k6_xcmplx_0__rm1_r0_rm1
a: [3,1150,0,7,1,626]
s: 1150
d: [2,2026,4,2,1,1,40,1945,710]
a: [3,2035,4,2,1,2026]
s: 2035
i: [1,627,0,7,1,0,0,4] rqRealAdd__k2_xcmplx_0__r0_rm1_rm1
a: [3,1155,0,7,1,627]
s: 1155
d: [2,2039,4,2,1,1,40,1952,705]
a: [3,2044,4,2,1,2039]
s: 2044
i: [1,628,0,7,1,0,0,4] rqRealAdd__k2_xcmplx_0__rm1_r0_rm1
a: [3,1160,0,7,1,628]
s: 1160
i: [1,630,0,7,1,0,0,2] rqRealAdd__k2_xcmplx_0__r1_cr1r0_cr1r1
a: [3,1165,0,7,1,630]
s: 1165
r: 1135
r: 1130
d: [2,2046,4,2,1,1,40,1958,705]
a: [3,2050,4,2,1,2046]
s: 2050
i: [1,631,0,7,1,0,0,2] rqRealNeg__k4_xcmplx_0__cr1r0_crm1r0
a: [3,1170,0,7,1,631]
s: 1170
r: 1125
d: [2,2055,4,2,1,1,40,1964,705]
a: [3,2059,4,2,1,2055]
s: 2059
d: [2,2511,0,5,1,2,23,1125,1170]
a: [3,2515,0,5,1,2511]
s: 2515
d: [2,2487,0,7,1,2,23,1135,1165]
a: [3,2492,0,7,1,2487]
s: 2492
d: [2,2067,4,2,1,1,40,1970,705]
a: [3,2071,4,2,1,2067]
s: 2071
d: [2,2488,0,7,1,2,23,1130,1165]
a: [3,2497,0,7,1,2488]
s: 2497
d: [2,2086,4,2,1,1,40,1976,705]
a: [3,2090,4,2,1,2086]
s: 2090
i: [1,703,0,8,3,0,0,255] cc20_membered
s: 703
i: [1,706,0,8,3,0,0,255] cc22_membered
s: 706
d: [2,2385,4,2,1,1,40,1982,705]
a: [3,2389,4,2,1,2385]
s: 2389
i: [1,707,0,8,3,0,0,255] cc23_membered
s: 707
d: [2,2474,5,2,1,1,40,2044,711]
a: [3,2480,5,2,1,2474]
s: 2480
i: [1,709,0,8,3,0,0,255] cc19_membered
s: 709
i: [1,713,0,8,3,0,0,255] cc21_membered
s: 713
d: [2,2475,5,2,1,1,40,2044,710]
a: [3,2485,5,2,1,2475]
s: 2485
i: [1,716,0,8,3,0,0,255] cc24_membered
s: 716
d: [2,2499,5,2,1,1,40,2050,711]
a: [3,2504,5,2,1,2499]
s: 2504
i: [1,746,0,8,2,0,0,255] d1_square_1
s: 746
i: [1,747,0,8,2,0,0,2] projectivity_k16_complex1
s: 747
d: [2,2500,5,2,1,1,40,2050,710]
a: [3,2509,5,2,1,2500]
s: 2509
i: [1,748,0,8,2,0,0,2] projectivity_k16_complex1
s: 748
d: [2,2517,5,2,1,1,40,2059,711]
a: [3,2522,5,2,1,2517]
s: 2522
i: [1,749,0,8,2,0,0,1] projectivity_k17_complex1
s: 749
i: [1,750,0,8,2,0,0,1] projectivity_k17_complex1
s: 750
d: [2,2518,5,2,1,1,40,2059,710]
a: [3,2527,5,2,1,2518]
s: 2527
i: [1,763,0,8,2,0,0,255] redefinition_k7_square_1
s: 763
d: [2,2559,5,2,1,1,40,2071,711]
a: [3,2564,5,2,1,2559]
s: 2564
i: [1,764,0,8,2,0,0,255] redefinition_k5_square_1
s: 764
i: [1,769,0,8,4,0,0,255] cc4_xxreal_0
s: 769
d: [2,2671,1,6,3,1,40,769,1510]
a: [3,2682,1,2,1,2671]
s: 2682
r: 2682
i: [1,771,0,8,4,0,0,255] cc6_xxreal_0
s: 771
a: [3,2681,1,2,1,2671]
s: 2681
i: [1,780,0,8,4,0,0,255] cc8_xxreal_0
s: 780
i: [1,792,0,8,3,0,0,255] t2_subset
s: 792
a: [3,2686,1,2,1,2671]
s: 2686
i: [1,819,0,8,3,0,0,2] fc8_xreal_0
s: 819
d: [2,2716,1,5,2,1,40,792,1475]
a: [3,2742,1,2,1,2716]
s: 2742
i: [1,820,0,8,3,0,0,4] fc7_xreal_0
s: 820
r: 2189
r: 2294
i: [1,821,0,8,3,0,0,3] fc5_xreal_0
s: 821
d: [2,2166,1,5,2,1,40,702,990]
a: [3,2182,1,2,1,2166]
s: 2182
i: [1,822,0,8,3,0,0,3] fc6_xreal_0
s: 822
a: [3,2193,1,2,1,2168]
s: 2193
i: [1,823,0,8,3,0,0,2] fc5_xcmplx_0
s: 823
i: [1,824,0,8,3,0,0,4] fc4_xcmplx_0
s: 824
a: [3,2262,1,2,1,2234]
s: 2262
i: [1,825,0,8,3,0,0,1] fc2_xcmplx_0
s: 825
d: [2,2274,1,4,2,1,40,715,1679]
a: [3,2318,1,2,1,2274]
s: 2318
d: [2,2892,2,0,0,2,52,2262,2318,700]
e: 2892
d: [2,2894,2,2,1,1,40,2318,700]
d: [2,2897,2,0,0,2,21,2894,2262]
e: 2897
r: 2318
i: [1,826,0,8,3,0,0,1] fc3_xcmplx_0
s: 826
i: [1,632,0,8,1,0,0,4] rqRealAdd__k2_xcmplx_0__crm1r0_cr1r0_r0
a: [3,1175,0,8,1,632]
s: 1175
s: 2294
d: [2,2922,0,6,1,2,22,1175,1170]
a: [3,2926,0,6,1,2922]
s: 2926
d: [2,2434,1,12,3,1,44,774,1125]
a: [3,2453,1,2,1,2434]
s: 2453
r: 2453
i: [1,633,0,8,1,0,0,2] rqRealDiv__k7_xcmplx_0__r1_crm1r0_cr1r0
a: [3,1180,0,8,1,633]
s: 1180
d: [2,2939,0,6,1,2,22,1180,1170]
a: [3,2943,0,6,1,2939]
s: 2943
a: [3,2454,1,2,1,2434]
s: 2454
i: [1,634,0,8,1,0,0,4] rqRealDiff__k6_xcmplx_0__r0_crm1r0_cr1r0
a: [3,1185,0,8,1,634]
s: 1185
d: [2,2435,1,12,3,1,44,777,1125]
a: [3,2462,1,2,1,2435]
s: 2462
d: [2,2950,0,6,1,2,22,1185,1170]
a: [3,2954,0,6,1,2950]
s: 2954
i: [1,635,0,8,1,0,0,4] rqRealDiff__k6_xcmplx_0__cr1r0_cr1rm1_r1
a: [3,1190,0,8,1,635]
s: 1190
d: [2,2672,2,6,3,1,40,769,1724]
a: [3,2695,2,2,1,2672]
s: 2695
r: 2695
i: [1,636,0,8,1,0,0,2] rqRealMult__k3_xcmplx_0__cr1r0_crm1r0_r1
a: [3,1195,0,8,1,636]
s: 1195
a: [3,2694,2,2,1,2672]
s: 2694
d: [2,2972,0,6,1,2,22,1195,1170]
a: [3,2976,0,6,1,2972]
s: 2976
i: [1,637,0,8,1,0,0,2] rqRealMult__k3_xcmplx_0__crm1r0_cr1r0_r1
a: [3,1200,0,8,1,637]
s: 1200
a: [3,2703,2,2,1,2672]
s: 2703
d: [2,2980,0,6,1,2,22,1200,1170]
a: [3,2984,0,6,1,2980]
s: 2984
a: [3,2698,2,2,1,2672]
s: 2698
i: [1,638,0,8,1,0,0,4] rqRealDiff__k6_xcmplx_0__cr1r0_cr1r1_rm1
a: [3,1205,0,8,1,638]
s: 1205
i: [1,639,0,8,1,0,0,4] rqRealDiff__k6_xcmplx_0__cr1r0_rm1_cr1r1
a: [3,1210,0,8,1,639]
s: 1210
d: [2,2793,2,4,2,1,40,2742,785]
a: [3,2798,2,2,1,2793]
s: 2798
i: [1,640,0,8,1,0,0,4] rqRealDiff__k6_xcmplx_0__cr1r0_r1_cr1rm1
a: [3,1215,0,8,1,640]
s: 1215
r: 1190
d: [2,2560,5,2,1,1,40,2071,710]
a: [3,2569,5,2,1,2560]
s: 2569
d: [2,3004,0,7,1,2,23,1190,1215]
a: [3,3010,0,7,1,3004]
s: 3010
i: [1,641,0,8,1,0,0,2] rqRealDiv__k7_xcmplx_0__r1_cr1r0_crm1r0
a: [3,1220,0,8,1,641]
s: 1220
d: [2,2571,5,2,1,1,40,2090,711]
a: [3,2576,5,2,1,2571]
s: 2576
d: [2,3020,0,6,1,2,22,1220,1170]
a: [3,3024,0,6,1,3020]
s: 3024
d: [2,2572,5,2,1,1,40,2090,710]
a: [3,2581,5,2,1,2572]
s: 2581
i: [1,642,0,8,1,0,0,4] rqRealDiff__k6_xcmplx_0__r0_cr1r0_crm1r0
a: [3,1225,0,8,1,642]
s: 1225
d: [2,3028,0,6,1,2,22,1225,1170]
a: [3,3032,0,6,1,3028]
s: 3032
d: [2,2589,5,2,1,1,40,2389,711]
a: [3,2594,5,2,1,2589]
s: 2594
i: [1,643,0,8,1,0,0,4] rqRealAdd__k2_xcmplx_0__cr1r0_crm1r0_r0
a: [3,1230,0,8,1,643]
s: 1230
d: [2,2590,5,2,1,1,40,2389,710]
a: [3,2599,5,2,1,2590]
s: 2599
d: [2,3036,0,6,1,2,22,1230,1170]
a: [3,3040,0,6,1,3036]
s: 3040
d: [2,2992,0,8,1,2,22,1205,1165]
a: [3,2996,0,8,1,2992]
s: 2996
d: [2,1865,1,3,1,0,40,757,798]
a: [3,1874,1,3,1,1865]
s: 1874
d: [2,2998,0,8,1,2,22,1210,1165]
a: [3,3002,0,8,1,2998]
s: 3002
d: [2,1884,1,3,1,0,40,758,798]
a: [3,1893,1,3,1,1884]
s: 1893
i: [1,751,0,9,2,0,0,1] spc2_arithm
s: 751
i: [1,797,0,9,3,0,0,255] t5_subset
s: 797
d: [2,1897,1,3,1,0,40,759,798]
a: [3,1911,1,3,1,1897]
s: 1911
i: [1,827,0,9,3,0,0,1] dt_k13_complex1
s: 827
s: 2189
i: [1,828,0,9,3,0,0,1] dt_k13_complex1
s: 828
i: [1,644,0,9,1,0,0,4] rqRealDiff__k6_xcmplx_0__cr1r1_cr1r1_r0
a: [3,1235,0,9,1,644]
s: 1235
d: [2,1915,1,3,1,0,40,760,798]
a: [3,1924,1,3,1,1915]
s: 1924
i: [1,645,0,9,1,0,0,4] rqRealDiff__k6_xcmplx_0__cr1rm1_rm1_cr1r0
a: [3,1240,0,9,1,645]
s: 1240
d: [2,2202,1,5,2,1,40,708,990]
a: [3,2214,1,3,1,2202]
s: 2214
d: [2,3106,0,8,1,2,22,1240,1215]
a: [3,3110,0,8,1,3106]
s: 3110
i: [1,646,0,9,1,0,0,4] rqRealDiff__k6_xcmplx_0__cr1rm1_cr1r0_rm1
a: [3,1245,0,9,1,646]
s: 1245
d: [2,2232,1,5,2,1,40,712,990]
a: [3,2244,1,3,1,2232]
s: 2244
d: [2,3120,0,8,1,2,22,1245,1215]
a: [3,3124,0,8,1,3120]
s: 3124
d: [2,2272,1,5,2,1,40,715,990]
a: [3,2303,1,3,1,2272]
s: 2303
i: [1,647,0,9,1,0,0,4] rqRealDiff__k6_xcmplx_0__cr1r1_r0_cr1r1
a: [3,1250,0,9,1,647]
s: 1250
i: [1,648,0,9,1,0,0,2] rqRealMult__k3_xcmplx_0__cr1r1_r1_cr1r1
a: [3,1255,0,9,1,648]
s: 1255
d: [2,2392,1,8,3,1,44,777,1065]
d: [2,2394,1,6,2,2,21,2392,1485]
a: [3,2402,1,3,1,2394]
s: 2402
d: [2,3142,2,0,0,2,52,1901,2402,722]
e: 3142
d: [2,3143,2,2,1,1,40,2402,722]
d: [2,3145,2,0,0,2,21,3143,1901]
e: 3145
r: 2402
d: [2,3100,0,9,1,2,22,1235,1165]
a: [3,3104,0,9,1,3100]
s: 3104
a: [3,2398,1,3,1,2394]
s: 2398
d: [2,3130,0,9,1,2,22,1250,1165]
a: [3,3134,0,9,1,3130]
s: 3134
d: [2,3136,0,9,1,2,22,1255,1165]
a: [3,3140,0,9,1,3136]
s: 3140
a: [3,2401,1,3,1,2394]
s: 2401
i: [1,796,0,10,3,0,0,255] t4_subset
s: 796
d: [2,2405,1,8,3,1,44,779,1065]
a: [3,2421,1,2,1,2405]
s: 2421
i: [1,844,0,10,3,0,0,255] dt_k9_real_1
s: 844
i: [1,845,0,10,3,0,0,255] dt_k10_real_1
s: 845
a: [3,2416,1,3,1,2405]
s: 2416
i: [1,846,0,10,3,0,0,255] dt_k8_real_1
s: 846
d: [2,2530,1,5,2,1,44,722,2515]
a: [3,2538,1,3,1,2530]
s: 2538
i: [1,847,0,10,3,0,0,255] dt_k7_real_1
s: 847
i: [1,649,0,10,1,0,0,4] rqRealDiff__k6_xcmplx_0__r1_crm1r1_cr1r0
a: [3,1260,0,10,1,649]
s: 1260
d: [2,2532,1,8,3,1,44,774,2515]
a: [3,2543,1,3,1,2532]
s: 2543
d: [2,3226,2,0,0,3,52,2454,942,2543,774]
e: 3226
d: [2,3227,2,4,2,1,40,2543,774]
d: [2,3231,2,2,1,2,21,3227,942]
d: [2,3232,2,0,0,3,21,3231,2454]
e: 3232
r: 2543
d: [2,3220,0,8,1,2,22,1260,1170]
a: [3,3224,0,8,1,3220]
s: 3224
a: [3,2542,1,3,1,2532]
s: 2542
i: [1,650,0,10,1,0,0,4] rqRealDiff__k6_xcmplx_0__r1_crm1r0_cr1r1
a: [3,1265,0,10,1,650]
s: 1265
d: [2,3245,0,8,1,2,22,1265,1170]
d: [2,3246,0,8,1,3,22,3245,1165]
a: [3,3250,0,8,1,3246]
s: 3250
d: [2,2715,1,5,2,1,40,792,1470]
d: [2,2729,1,3,1,2,21,2715,907]
a: [3,2733,1,3,1,2729]
s: 2733
i: [1,651,0,10,1,0,0,2] rqRealMult__k3_xcmplx_0__cr1r1_cr1r0_cr1rm1
a: [3,1270,0,10,1,651]
s: 1270
d: [2,2717,1,5,2,1,40,792,1673]
d: [2,2744,1,3,1,2,21,2717,902]
a: [3,2748,1,3,1,2744]
s: 2748
d: [2,3264,0,10,1,2,22,1270,1165]
d: [2,3265,0,9,1,3,22,3264,1215]
a: [3,3269,0,9,1,3265]
s: 3269
i: [1,652,0,10,1,0,0,4] rqRealDiff__k6_xcmplx_0__r1_cr1r1_crm1r0
a: [3,1275,0,10,1,652]
s: 1275
d: [2,2720,1,7,2,1,40,792,990]
a: [3,2759,1,3,1,2720]
s: 2759
d: [2,3290,2,0,0,2,52,2303,2759,723]
e: 3290
d: [2,3292,2,3,1,1,40,2759,723]
d: [2,3294,2,0,0,2,21,3292,2303]
e: 3294
r: 2303
d: [2,3283,0,10,1,2,22,1275,1165]
d: [2,3284,0,8,1,3,22,3283,1170]
a: [3,3288,0,8,1,3284]
s: 3288
a: [3,2307,1,2,1,2272]
s: 2307
i: [1,653,0,10,1,0,0,4] rqRealDiff__k6_xcmplx_0__r1_cr1r0_crm1r1
a: [3,1280,0,10,1,653]
s: 1280
d: [2,3318,0,8,1,2,22,1280,1170]
a: [3,3322,0,8,1,3318]
s: 3322
r: 3224
a: [3,2218,1,2,1,2202]
s: 2218
d: [2,3324,0,7,1,2,23,3224,3322]
a: [3,3330,0,7,1,3324]
s: 3330
a: [3,2248,1,2,1,2232]
s: 2248
i: [1,829,0,11,3,0,0,1] redefinition_k13_complex1
s: 829
i: [1,830,0,11,3,0,0,1] redefinition_k13_complex1
s: 830
a: [3,2302,1,3,1,2272]
s: 2302
r: 2302
r: 2759
i: [1,831,0,11,3,0,0,1] commutativity_k2_xcmplx_0
s: 831
s: 2303
i: [1,832,0,11,3,0,0,1] commutativity_k3_xcmplx_0
s: 832
i: [1,654,0,11,1,0,0,4] rqRealDiff__k6_xcmplx_0__cr1rm1_cr1rm1_r0
a: [3,1285,0,11,1,654]
s: 1285
a: [3,2546,1,3,1,2532]
s: 2546
d: [2,3535,0,9,1,2,22,1285,1215]
a: [3,3539,0,9,1,3535]
s: 3539
a: [3,2758,1,3,1,2720]
s: 2758
i: [1,655,0,11,1,0,0,4] rqRealDiff__k6_xcmplx_0__crm1r0_crm1r0_r0
a: [3,1290,0,11,1,655]
s: 1290
d: [2,3545,0,7,1,2,22,1290,1170]
a: [3,3549,0,7,1,3545]
s: 3549
d: [2,2722,1,5,2,1,40,792,1679]
d: [2,2766,1,3,1,2,21,2722,902]
a: [3,2770,1,3,1,2766]
s: 2770
i: [1,656,0,11,1,0,0,2] rqRealMult__k3_xcmplx_0__cr1rm1_r1_cr1rm1
a: [3,1295,0,11,1,656]
s: 1295
d: [2,2723,1,5,2,1,40,792,1490]
d: [2,2772,1,3,1,2,21,2723,907]
a: [3,2776,1,3,1,2772]
s: 2776
d: [2,3563,0,9,1,2,22,1295,1215]
a: [3,3567,0,9,1,3563]
s: 3567
i: [1,657,0,11,1,0,0,4] rqRealAdd__k2_xcmplx_0__r0_crm1r0_crm1r0
a: [3,1300,0,11,1,657]
s: 1300
d: [2,2907,1,7,3,1,44,826,1115]
d: [2,2912,1,5,2,1,18,2907]
d: [2,2916,1,3,1,2,21,2912,942]
a: [3,2920,1,3,1,2916]
s: 2920
d: [2,3583,0,7,1,2,22,1300,1170]
a: [3,3587,0,7,1,3583]
s: 3587
d: [2,3052,2,3,1,1,40,1874,714]
a: [3,3056,2,3,1,3052]
s: 3056
i: [1,658,0,11,1,0,0,2] rqRealMult__k3_xcmplx_0__r1_crm1r0_crm1r0
a: [3,1305,0,11,1,658]
s: 1305
d: [2,3597,0,7,1,2,22,1305,1170]
a: [3,3601,0,7,1,3597]
s: 3601
d: [2,3081,2,3,1,1,40,1911,717]
a: [3,3086,2,3,1,3081]
s: 3086
i: [1,659,0,11,1,0,0,2] rqRealMult__k3_xcmplx_0__crm1r0_r1_crm1r0
a: [3,1310,0,11,1,659]
s: 1310
d: [2,3152,2,6,2,1,40,2398,784]
a: [3,3156,2,3,1,3152]
s: 3156
d: [2,3619,0,7,1,2,22,1310,1170]
a: [3,3623,0,7,1,3619]
s: 3623
i: [1,805,0,12,5,0,0,2] fc9_xcmplx_0
s: 805
d: [2,3153,2,6,2,1,40,2398,782]
a: [3,3162,2,3,1,3153]
s: 3162
i: [1,806,0,12,5,0,0,3] fc8_xcmplx_0
s: 806
d: [2,3256,2,3,1,1,40,2733,800]
a: [3,3262,2,3,1,3256]
s: 3262
i: [1,807,0,12,5,0,0,2] fc33_xreal_0
s: 807
i: [1,808,0,12,5,0,0,3] fc9_xreal_0
s: 808
d: [2,3271,2,3,1,1,40,2748,800]
a: [3,3277,2,3,1,3271]
s: 3277
i: [1,809,0,12,5,0,0,3] fc26_xreal_0
s: 809
d: [2,3291,2,6,2,1,40,2759,785]
a: [3,3304,2,3,1,3291]
s: 3304
i: [1,810,0,12,5,0,0,3] fc17_xreal_0
s: 810
i: [1,811,0,12,5,0,0,2] fc31_xreal_0
s: 811
d: [2,3555,2,3,1,1,40,2770,800]
a: [3,3561,2,3,1,3555]
s: 3561
i: [1,812,0,12,5,0,0,2] fc32_xreal_0
s: 812
d: [2,3569,2,3,1,1,40,2776,800]
a: [3,3575,2,3,1,3569]
s: 3575
i: [1,813,0,12,5,0,0,3] fc18_xreal_0
s: 813
i: [1,814,0,12,5,0,0,3] fc24_xreal_0
s: 814
d: [2,3591,3,3,1,1,40,3056,704]
a: [3,3595,3,3,1,3591]
s: 3595
i: [1,815,0,12,5,0,0,3] fc23_xreal_0
s: 815
d: [2,3605,3,9,3,1,40,3086,769]
a: [3,3609,3,3,1,3605]
s: 3609
r: 3609
i: [1,816,0,12,5,0,0,2] fc34_xreal_0
s: 816
i: [1,817,0,12,5,0,0,3] fc25_xreal_0
s: 817
a: [3,3608,3,3,1,3605]
s: 3608
i: [1,818,0,12,5,0,0,3] fc10_xreal_0
s: 818
a: [3,3613,3,3,1,3605]
s: 3613
i: [1,833,0,12,3,0,0,4] spc1_arithm
s: 833
i: [1,836,0,12,5,0,0,3] fc21_xreal_0
s: 836
d: [2,3878,4,3,1,1,40,3595,705]
a: [3,3882,4,3,1,3878]
s: 3882
i: [1,837,0,12,5,0,0,3] fc22_xreal_0
s: 837
d: [2,4058,5,3,1,1,40,3882,711]
a: [3,4063,5,3,1,4058]
s: 4063
i: [1,838,0,12,5,0,0,3] fc14_xreal_0
s: 838
i: [1,839,0,12,5,0,0,3] fc13_xreal_0
s: 839
d: [2,4059,5,3,1,1,40,3882,710]
a: [3,4068,5,3,1,4059]
s: 4068
i: [1,840,0,12,5,0,0,3] fc12_xreal_0
s: 840
d: [2,2061,1,4,1,0,40,765,798]
a: [3,2065,1,4,1,2061]
s: 2065
i: [1,841,0,12,5,0,0,3] fc11_xreal_0
s: 841
i: [1,842,0,12,5,0,0,3] fc20_xreal_0
s: 842
d: [2,2073,1,4,1,0,40,766,798]
a: [3,2077,1,4,1,2073]
s: 2077
i: [1,843,0,12,5,0,0,3] fc19_xreal_0
s: 843
d: [2,2080,1,4,1,0,40,767,798]
a: [3,2084,1,4,1,2080]
s: 2084
i: [1,848,0,12,3,0,0,255] commutativity_k7_real_1
s: 848
i: [1,849,0,12,3,0,0,255] commutativity_k8_real_1
s: 849
d: [2,2615,1,6,2,1,44,746,1090]
d: [2,2625,1,4,1,2,21,2615,1888]
a: [3,2629,1,4,1,2625]
s: 2629
i: [1,850,0,12,3,0,0,255] redefinition_k10_real_1
s: 850
d: [2,2618,1,6,2,1,44,746,1015]
d: [2,2639,1,4,1,2,21,2618,1919]
a: [3,2643,1,4,1,2639]
s: 2643
i: [1,851,0,12,3,0,0,255] redefinition_k9_real_1
s: 851
i: [1,852,0,12,3,0,0,255] redefinition_k7_real_1
s: 852
a: [3,2755,1,4,1,2720]
s: 2755
i: [1,853,0,12,3,0,0,255] redefinition_k8_real_1
s: 853
d: [2,2805,1,8,3,1,44,820,2497]
d: [2,2817,1,6,2,2,21,2805,1901]
a: [3,2821,1,4,1,2817]
s: 2821
i: [1,660,0,12,1,0,0,4] rqRealDiff__k6_xcmplx_0__rm1_crm1rm1_cr1r0
a: [3,1315,0,12,1,660]
s: 1315
d: [2,4348,0,10,1,2,22,1315,1170]
a: [3,4352,0,10,1,4348]
s: 4352
d: [2,3005,1,9,3,1,44,825,1215]
d: [2,3012,1,7,2,2,21,3005,942]
a: [3,3016,1,4,1,3012]
s: 3016
i: [1,661,0,12,1,0,0,2] rqRealMult__k3_xcmplx_0__crm1r0_crm1r0_rm1
a: [3,1320,0,12,1,661]
s: 1320
d: [2,3044,1,9,3,1,44,824,2996]
d: [2,3046,1,7,2,2,21,3044,942]
a: [3,3049,1,4,1,3046]
s: 3049
d: [2,4407,0,8,1,2,22,1320,1170]
a: [3,4411,0,8,1,4407]
s: 4411
i: [1,662,0,12,1,0,0,2] rqRealNeg__k4_xcmplx_0__crm1rm1_cr1r1
a: [3,1325,0,12,1,662]
s: 1325
d: [2,3113,1,9,3,1,44,820,3110]
d: [2,3114,1,7,2,2,21,3113,2262]
a: [3,3118,1,4,1,3114]
s: 3118
d: [2,4437,0,10,1,2,22,1325,1170]
d: [2,4438,0,10,1,3,22,4437,1165]
a: [3,4442,0,10,1,4438]
s: 4442
d: [2,3325,1,9,3,1,44,825,3322]
d: [2,3332,1,7,2,2,21,3325,1888]
a: [3,3336,1,4,1,3332]
s: 3336
i: [1,663,0,12,1,0,0,2] rqRealMult__k3_xcmplx_0__cr1r0_crm1r1_cr1r1
a: [3,1330,0,12,1,663]
s: 1330
d: [2,4495,0,10,1,2,22,1330,1170]
d: [2,4496,0,9,1,3,22,4495,3322]
d: [2,4497,0,9,1,4,22,4496,1165]
a: [3,4501,0,9,1,4497]
s: 4501
d: [2,3339,1,8,3,1,44,820,3330]
d: [2,3340,1,6,2,2,21,3339,2262]
d: [2,3341,1,4,1,3,21,3340,1901]
a: [3,3345,1,4,1,3341]
s: 3345
i: [1,664,0,12,1,0,0,2] rqRealMult__k3_xcmplx_0__crm1r1_cr1r0_cr1r1
a: [3,1335,0,12,1,664]
s: 1335
d: [2,3652,1,16,5,1,44,806,3269]
d: [2,3672,1,14,4,2,21,3652,942]
d: [2,3673,1,12,3,3,21,3672,2454]
a: [3,3676,1,4,1,3673]
s: 3676
d: [2,4519,0,10,1,2,22,1335,1170]
d: [2,4520,0,9,1,3,22,4519,3322]
d: [2,4521,0,9,1,4,22,4520,1165]
a: [3,4525,0,9,1,4521]
s: 4525
i: [1,665,0,12,1,0,0,2] rqRealNeg__k4_xcmplx_0__crm1r1_cr1rm1
a: [3,1340,0,12,1,665]
s: 1340
a: [3,3681,1,4,1,3673]
s: 3681
d: [2,4538,0,10,1,2,22,1340,1170]
d: [2,4539,0,9,1,3,22,4538,3322]
d: [2,4540,0,8,1,4,22,4539,1215]
a: [3,4544,0,8,1,4540]
s: 4544
d: [2,2227,2,4,2,1,44,2127,724]
s: 2227
i: [1,666,0,12,1,0,0,4] rqRealDiff__k6_xcmplx_0__rm1_crm1r0_cr1rm1
a: [3,1345,0,12,1,666]
s: 1345
d: [2,4568,0,10,1,2,22,1345,1170]
d: [2,4569,0,9,1,3,22,4568,1215]
a: [3,4573,0,9,1,4569]
s: 4573
a: [3,2142,1,2,1,2122]
s: 2142
i: [1,667,0,12,1,0,0,4] rqRealDiff__k6_xcmplx_0__rm1_cr1rm1_crm1r0
a: [3,1350,0,12,1,667]
s: 1350
d: [2,2267,2,4,2,1,44,2132,724]
s: 2267
r: 785
d: [2,4584,0,11,1,2,22,1350,1215]
d: [2,4585,0,9,1,3,22,4584,1170]
a: [3,4589,0,9,1,4585]
s: 4589
i: [1,668,0,12,1,0,0,2] rqRealNeg__k4_xcmplx_0__cr1rm1_crm1r1
a: [3,1355,0,12,1,668]
s: 1355
d: [2,2337,2,4,2,1,44,2223,724]
s: 2337
i: [1,669,0,12,1,0,0,2] rqRealNeg__k4_xcmplx_0__cr1r1_crm1rm1
a: [3,1360,0,12,1,669]
s: 1360
d: [2,4612,3,2,1,2,40,2337,1520]
a: [3,4618,3,2,1,4612]
s: 4618
i: [1,670,0,12,1,0,0,4] rqRealDiff__k6_xcmplx_0__rm1_cr1r0_crm1rm1
a: [3,1365,0,12,1,670]
s: 1365
d: [2,4628,0,10,1,2,22,1365,1170]
a: [3,4632,0,10,1,4628]
s: 4632
r: 4442
r: 4352
d: [2,4613,3,2,1,2,40,2337,1595]
a: [3,4623,3,2,1,4613]
s: 4623
d: [2,4634,0,9,1,2,23,4442,4632]
a: [3,4653,0,9,1,4634]
s: 4653
d: [2,2342,2,4,2,1,44,2254,724]
s: 2342
d: [2,4635,0,9,1,2,23,4352,4632]
a: [3,4658,0,9,1,4635]
s: 4658
i: [1,752,0,13,2,0,0,255] d12_complex1
s: 752
d: [2,4733,3,2,1,2,40,2342,1520]
a: [3,4739,3,2,1,4733]
s: 4739
i: [1,834,0,13,3,0,0,4] spc9_arithm
s: 834
d: [2,4734,3,2,1,2,40,2342,1595]
a: [3,4744,3,2,1,4734]
s: 4744
i: [1,671,0,13,1,0,0,4] rqRealDiff__k6_xcmplx_0__crm1r1_crm1r0_r1
a: [3,1370,0,13,1,671]
s: 1370
d: [2,4829,0,9,1,2,22,1370,1170]
d: [2,4830,0,8,1,3,22,4829,3322]
a: [3,4834,0,8,1,4830]
s: 4834
d: [2,2375,2,4,2,1,44,2313,724]
s: 2375
i: [1,672,0,13,1,0,0,2] rqRealMult__k3_xcmplx_0__cr1rm1_crm1r0_cr1r1
a: [3,1375,0,13,1,672]
s: 1375
r: 2259
r: 2262
r: 2294
r: 2307
r: 2454
r: 2462
r: 2538
r: 2542
r: 2742
r: 2798
r: 2821
r: 3118
r: 3681
s: 2259
d: [2,4865,0,11,1,2,22,1375,1170]
d: [2,4866,0,10,1,3,22,4865,1215]
d: [2,4867,0,10,1,4,22,4866,1165]
a: [3,4871,0,10,1,4867]
s: 4871
i: [1,673,0,13,1,0,0,4] rqRealDiff__k6_xcmplx_0__crm1r1_r1_crm1r0
a: [3,1380,0,13,1,673]
s: 1380
s: 2262
d: [2,5155,0,9,1,2,22,1380,1170]
d: [2,5156,0,8,1,3,22,5155,3322]
a: [3,5160,0,8,1,5156]
s: 5160
s: 2294
i: [1,674,0,13,1,0,0,2] rqRealAdd__k2_xcmplx_0__r1_crm1r0_crm1r1
a: [3,1385,0,13,1,674]
s: 1385
i: [1,755,0,14,3,0,0,1] t67_complex1
s: 755
s: 2453
d: [2,5180,3,0,0,3,52,2262,2453,2342]
e: 5180
d: [2,5182,3,2,1,2,40,2453,2342]
d: [2,5188,3,0,0,3,21,5182,2262]
e: 5188
r: 2453
i: [1,804,0,14,4,0,0,255] existence_m2_subset_1
s: 804
s: 2454
i: [1,835,0,14,3,0,0,1] spc8_arithm
s: 835
i: [1,676,0,14,1,0,0,4] rqRealDiff__k6_xcmplx_0__crm1r0_crm1r1_rm1
a: [3,1390,0,14,1,676]
s: 1390
a: [3,2463,1,2,1,2435]
s: 2463
d: [2,5260,0,10,1,2,22,1390,1170]
d: [2,5261,0,9,1,3,22,5260,3322]
a: [3,5265,0,9,1,5261]
s: 5265
d: [2,2436,1,12,3,1,44,779,1125]
a: [3,2471,1,2,1,2436]
s: 2471
i: [1,677,0,14,1,0,0,4] rqRealDiff__k6_xcmplx_0__crm1r0_r1_crm1rm1
a: [3,1395,0,14,1,677]
s: 1395
i: [1,678,0,14,1,0,0,4] rqRealDiff__k6_xcmplx_0__crm1r0_rm1_crm1r1
a: [3,1400,0,14,1,678]
s: 1400
a: [3,2741,1,2,1,2716]
s: 2741
d: [2,5280,0,10,1,2,22,1400,1170]
d: [2,5281,0,9,1,3,22,5280,3322]
a: [3,5285,0,9,1,5281]
s: 5285
a: [3,2797,2,2,1,2793]
s: 2797
i: [1,679,0,14,1,0,0,2] rqRealMult__k3_xcmplx_0__cr1rm1_cr1r0_crm1rm1
a: [3,1405,0,14,1,679]
s: 1405
d: [2,5307,0,13,1,2,22,1405,1215]
d: [2,5308,0,11,1,3,22,5307,1170]
d: [2,5309,0,10,1,4,22,5308,4632]
a: [3,5313,0,10,1,5309]
s: 5313
d: [2,2931,2,2,1,1,40,2453,723]
a: [3,2937,2,2,1,2931]
s: 2937
r: 2937
i: [1,801,0,15,5,0,0,255] dt_m2_subset_1
s: 801
a: [3,2936,2,2,1,2931]
s: 2936
i: [1,802,0,15,5,0,0,255] redefinition_m2_subset_1
s: 802
i: [1,803,0,15,5,0,0,255] redefinition_m2_subset_1
s: 803
d: [2,4847,3,2,1,2,40,2375,1520]
a: [3,4853,3,2,1,4847]
s: 4853
i: [1,680,0,15,1,0,0,4] rqRealDiff__k6_xcmplx_0__crm1r1_crm1r1_r0
a: [3,1410,0,15,1,680]
s: 1410
d: [2,4848,3,2,1,2,40,2375,1595]
a: [3,4858,3,2,1,4848]
s: 4858
d: [2,5375,0,11,1,2,22,1410,1170]
d: [2,5376,0,9,1,3,22,5375,3322]
a: [3,5380,0,9,1,5376]
s: 5380
i: [1,681,0,15,1,0,0,4] rqRealDiff__k6_xcmplx_0__crm1rm1_crm1r0_rm1
a: [3,1415,0,15,1,681]
s: 1415
d: [2,4849,3,2,1,2,40,2375,1615]
a: [3,4863,3,2,1,4849]
s: 4863
d: [2,5401,0,11,1,2,22,1415,1170]
d: [2,5402,0,10,1,3,22,5401,4632]
a: [3,5406,0,10,1,5402]
s: 5406
s: 2538
i: [1,682,0,15,1,0,0,4] rqRealDiff__k6_xcmplx_0__crm1rm1_rm1_crm1r0
a: [3,1420,0,15,1,682]
s: 1420
d: [2,5426,0,11,1,2,22,1420,1170]
d: [2,5427,0,10,1,3,22,5426,4632]
a: [3,5431,0,10,1,5427]
s: 5431
s: 2542
i: [1,683,0,15,1,0,0,4] rqRealDiff__k6_xcmplx_0__crm1r1_r0_crm1r1
a: [3,1425,0,15,1,683]
s: 1425
d: [2,2533,1,8,3,1,44,777,2515]
a: [3,2551,1,3,1,2533]
s: 2551
d: [2,5453,0,11,1,2,22,1425,1170]
d: [2,5454,0,9,1,3,22,5453,3322]
a: [3,5458,0,9,1,5454]
s: 5458
i: [1,684,0,15,1,0,0,2] rqRealMult__k3_xcmplx_0__r1_crm1r1_crm1r1
a: [3,1430,0,15,1,684]
s: 1430
d: [2,2534,1,8,3,1,44,779,2515]
a: [3,2557,1,3,1,2534]
s: 2557
d: [2,5468,0,11,1,2,22,1430,1170]
d: [2,5469,0,9,1,3,22,5468,3322]
a: [3,5473,0,9,1,5469]
s: 5473
a: [3,2738,1,3,1,2716]
s: 2738
i: [1,685,0,15,1,0,0,2] rqRealMult__k3_xcmplx_0__cr1r1_crm1r0_crm1r1
a: [3,1435,0,15,1,685]
s: 1435
d: [2,5491,0,11,1,2,22,1435,1170]
d: [2,5492,0,11,1,3,22,5491,1165]
d: [2,5493,0,10,1,4,22,5492,3322]
a: [3,5497,0,10,1,5493]
s: 5497
d: [2,2721,1,5,2,1,40,792,1667]
a: [3,2764,1,3,1,2721]
s: 2764
i: [1,686,0,15,1,0,0,2] rqRealMult__k3_xcmplx_0__crm1r1_r1_crm1r1
a: [3,1440,0,15,1,686]
s: 1440
d: [2,2724,1,5,2,1,40,792,1495]
a: [3,2781,1,3,1,2724]
s: 2781
d: [2,5540,0,11,1,2,22,1440,1170]
d: [2,5541,0,9,1,3,22,5540,3322]
a: [3,5545,0,9,1,5541]
s: 5545
i: [1,687,0,16,1,0,0,2] rqRealMult__k3_xcmplx_0__crm1rm1_cr1r0_crm1r1
a: [3,1445,0,16,1,687]
s: 1445
d: [2,5483,2,3,1,1,40,2738,800]
a: [3,5489,2,3,1,5483]
s: 5489
d: [2,5566,0,12,1,2,22,1445,1170]
d: [2,5567,0,11,1,3,22,5566,4632]
d: [2,5568,0,10,1,4,22,5567,3322]
a: [3,5572,0,10,1,5568]
s: 5572
d: [2,5531,2,3,1,1,40,2764,800]
a: [3,5538,2,3,1,5531]
s: 5538
i: [1,854,0,17,4,0,0,1] spc6_arithm
s: 854
i: [1,855,0,17,4,0,0,2] spc4_arithm
s: 855
d: [2,5547,2,3,1,1,40,2781,800]
a: [3,5553,2,3,1,5547]
s: 5553
i: [1,856,0,17,4,0,0,1] spc7_arithm
s: 856
s: 2821
i: [1,688,0,17,1,0,0,4] rqRealDiff__k6_xcmplx_0__crm1rm1_crm1rm1_r0
a: [3,1450,0,17,1,688]
s: 1450
d: [2,5958,0,13,1,2,22,1450,1170]
d: [2,5959,0,11,1,3,22,5958,4632]
a: [3,5963,0,11,1,5959]
s: 5963
s: 3118
i: [1,689,0,17,1,0,0,2] rqRealMult__k3_xcmplx_0__crm1rm1_crm1r0_cr1rm1
a: [3,1455,0,17,1,689]
s: 1455
s: 3681
d: [2,5982,0,13,1,2,22,1455,1170]
d: [2,5983,0,12,1,3,22,5982,4632]
d: [2,5984,0,11,1,4,22,5983,1215]
a: [3,5988,0,11,1,5984]
s: 5988
i: [1,690,0,17,1,0,0,2] rqRealMult__k3_xcmplx_0__crm1rm1_r1_crm1rm1
a: [3,1460,0,17,1,690]
s: 1460
d: [2,3739,1,15,5,1,44,810,3288]
d: [2,3770,1,13,4,2,21,3739,1901]
d: [2,3771,1,11,3,3,21,3770,2421]
a: [3,3774,1,4,1,3771]
s: 3774
d: [2,6025,0,13,1,2,22,1460,1170]
d: [2,6026,0,11,1,3,22,6025,4632]
a: [3,6030,0,11,1,6026]
s: 6030
d: [2,3750,1,16,5,1,44,810,3110]
d: [2,3784,1,13,4,2,21,3750,2401]
d: [2,3785,1,10,3,3,21,3784,2416]
a: [3,3789,1,4,1,3785]
s: 3789
i: [1,857,0,19,4,0,0,1] spc5_arithm
s: 857
i: [1,691,0,19,1,0,0,2] rqRealMult__k3_xcmplx_0__crm1r1_crm1r0_crm1rm1
a: [3,1465,0,19,1,691]
s: 1465
d: [2,4023,1,14,5,1,44,836,2497]
d: [2,4051,1,12,4,2,21,4023,1901]
d: [2,4052,1,10,3,3,21,4051,2421]
a: [3,4056,1,4,1,4052]
s: 4056
d: [2,6306,0,13,1,2,22,1465,1170]
d: [2,6307,0,12,1,3,22,6306,3322]
d: [2,6308,0,11,1,4,22,6307,4632]
a: [3,6312,0,11,1,6308]
s: 6312
d: [2,4503,1,16,5,1,44,806,4501]
d: [2,4510,1,12,4,2,21,4503,3336]
d: [2,4511,1,10,3,3,21,4510,942]
d: [2,4512,1,8,2,4,21,4511,2454]
a: [3,4515,1,4,1,4512]
s: 4515
i: [1,756,0,49,3,0,0,255] d10_complex1
s: 756
d: [2,6362,0,49,3,1,22,756,952]
s: 6362
d: [2,4266,1,15,5,1,44,843,3124]
d: [2,4890,1,12,4,2,21,4266,2416]
a: [3,4894,1,4,1,4890]
s: 4894
d: [2,1795,1,5,2,0,40,719,718]
s: 1795
d: [2,4185,2,4,1,1,40,2065,714]
a: [3,4189,2,4,1,4185]
s: 4189
d: [2,1796,1,5,2,0,40,719,717]
s: 1796
d: [2,1797,1,5,2,0,40,720,718]
s: 1797
d: [2,4289,2,4,1,1,40,2084,711]
a: [3,4294,2,4,1,4289]
s: 4294
d: [2,1798,1,5,2,0,40,720,717]
s: 1798
d: [2,4290,2,4,1,1,40,2084,710]
a: [3,4299,2,4,1,4290]
s: 4299
d: [2,1813,1,5,2,0,40,722,717]
s: 1813
d: [2,1817,1,5,2,1,44,1667,724]
s: 1817
d: [2,4327,2,4,1,1,40,2755,800]
a: [3,4333,2,4,1,4327]
s: 4333
d: [2,1825,1,5,2,0,40,725,718]
s: 1825
d: [2,1948,3,4,2,1,44,1803,724]
s: 1948
d: [2,1826,1,5,2,0,40,725,717]
s: 1826
d: [2,1833,1,5,2,0,40,726,718]
s: 1833
d: [2,6419,3,4,1,1,40,4189,704]
a: [3,6423,3,4,1,6419]
s: 6423
d: [2,1834,1,5,2,0,40,726,717]
s: 1834
d: [2,2040,4,4,2,1,44,1952,724]
s: 2040
d: [2,1835,1,5,2,0,40,727,718]
s: 1835
d: [2,1836,1,5,2,0,40,727,717]
s: 1836
d: [2,6456,4,4,1,1,40,6423,705]
a: [3,6460,4,4,1,6456]
s: 6460
d: [2,2023,1,5,2,0,40,731,760]
s: 2023
d: [2,2476,5,4,2,1,44,2044,724]
s: 2476
d: [2,2024,1,5,2,0,40,731,759]
s: 2024
d: [2,2037,1,5,2,0,40,733,760]
s: 2037
d: [2,6476,5,4,1,1,40,6460,711]
a: [3,6481,5,4,1,6476]
s: 6481
d: [2,2038,1,5,2,0,40,733,759]
s: 2038
d: [2,6477,5,4,1,1,40,6460,710]
a: [3,6486,5,4,1,6477]
s: 6486
d: [2,2052,1,5,2,0,40,735,760]
s: 2052
d: [2,2053,1,5,2,0,40,735,759]
s: 2053
d: [2,2604,6,4,2,1,44,2480,724]
s: 2604
d: [2,2173,1,5,2,0,40,702,798]
s: 2173
d: [2,2611,6,4,2,1,44,2485,724]
s: 2611
d: [2,2165,1,7,3,0,40,702,735]
d: [2,2174,1,5,2,1,21,2165,1685]
s: 2174
d: [2,2171,1,7,3,0,40,702,731]
d: [2,2195,1,5,2,1,21,2171,1685]
s: 2195
d: [2,2172,1,7,3,0,40,702,733]
d: [2,2196,1,5,2,1,21,2172,1685]
s: 2196
d: [2,2209,1,5,2,0,40,708,798]
s: 2209
d: [2,2201,1,7,3,0,40,708,735]
d: [2,2210,1,5,2,1,21,2201,1691]
s: 2210
d: [2,2207,1,7,3,0,40,708,731]
d: [2,2225,1,5,2,1,21,2207,1691]
s: 2225
d: [2,2208,1,7,3,0,40,708,733]
d: [2,2226,1,5,2,1,21,2208,1691]
s: 2226
d: [2,2239,1,5,2,0,40,712,798]
s: 2239
d: [2,2231,1,7,3,0,40,712,735]
d: [2,2240,1,5,2,1,21,2231,922]
s: 2240
d: [2,2237,1,7,3,0,40,712,731]
d: [2,2265,1,5,2,1,21,2237,922]
s: 2265
d: [2,2238,1,7,3,0,40,712,733]
d: [2,2266,1,5,2,1,21,2238,922]
s: 2266
d: [2,2279,1,5,2,0,40,715,798]
s: 2279
d: [2,2344,1,7,3,0,44,727,741]
d: [2,2345,1,5,2,0,18,2344]
s: 2345
d: [2,2343,1,7,3,0,44,754,741]
d: [2,2346,1,5,2,0,18,2343]
s: 2346
d: [2,2423,1,5,2,0,40,793,765]
s: 2423
d: [2,2424,1,5,2,0,40,793,766]
s: 2424
d: [2,2425,1,5,2,0,40,793,767]
s: 2425
d: [2,2617,1,7,2,1,44,746,1115]
d: [2,2633,1,5,1,2,21,2617,942]
a: [3,2637,1,5,1,2633]
s: 2637
d: [2,3062,1,13,3,0,44,751,746]
d: [2,3068,1,10,2,0,18,3062]
d: [2,3069,1,8,2,1,22,3068,1065]
a: [3,3073,1,5,1,3069]
s: 3073
d: [2,3349,1,9,3,1,44,829,1070]
d: [2,3367,1,7,2,1,18,3349]
d: [2,3368,1,5,1,2,21,3367,1888]
a: [3,3372,1,5,1,3368]
s: 3372
d: [2,4643,1,11,3,1,44,825,4632]
d: [2,4680,1,8,2,2,21,4643,2920]
d: [2,4681,1,5,1,3,21,4680,2546]
a: [3,4685,1,5,1,4681]
s: 4685
d: [2,4698,1,9,2,1,44,722,4653]
d: [2,4705,1,5,1,2,21,4698,2821]
a: [3,4709,1,5,1,4705]
s: 4709
d: [2,5317,1,17,5,1,44,806,5313]
d: [2,5336,1,15,4,2,21,5317,942]
d: [2,5337,1,13,3,3,21,5336,2454]
d: [2,5338,1,9,2,4,21,5337,3016]
a: [3,5342,1,5,1,5338]
s: 5342
d: [2,2335,1,8,3,0,44,733,737]
d: [2,2336,1,6,2,0,18,2335]
s: 2336
d: [2,5534,2,5,2,1,44,2764,724]
s: 5534
d: [2,2338,1,8,3,0,44,731,739]
d: [2,2339,1,6,2,0,18,2338]
s: 2339
d: [2,2354,1,6,2,0,40,761,760]
s: 2354
d: [2,6572,2,3,1,1,40,2354,1470]
a: [3,6589,2,3,1,6572]
s: 6589
d: [2,2355,1,6,2,0,40,761,759]
s: 2355
d: [2,6577,2,3,1,1,40,2354,1490]
a: [3,6594,2,3,1,6577]
s: 6594
d: [2,2357,1,8,3,0,40,761,712]
d: [2,2360,1,6,2,1,21,2357,922]
s: 2360
d: [2,2358,1,8,3,0,40,761,708]
d: [2,2361,1,6,2,1,21,2358,1691]
s: 2361
d: [2,6608,2,3,1,1,40,2355,1470]
a: [3,6625,2,3,1,6608]
s: 6625
d: [2,2359,1,8,3,0,40,761,702]
d: [2,2362,1,6,2,1,21,2359,1685]
s: 2362
d: [2,6613,2,3,1,1,40,2355,1490]
a: [3,6630,2,3,1,6613]
s: 6630
d: [2,2363,1,6,2,0,40,762,760]
s: 2363
d: [2,2364,1,6,2,0,40,762,759]
s: 2364
d: [2,6663,2,3,1,2,40,2362,1490]
a: [3,6676,2,3,1,6663]
s: 6676
d: [2,2366,1,8,3,0,40,762,712]
d: [2,2369,1,6,2,1,21,2366,922]
s: 2369
d: [2,6693,2,3,1,1,40,2363,1470]
a: [3,6710,2,3,1,6693]
s: 6710
d: [2,2367,1,8,3,0,40,762,708]
d: [2,2370,1,6,2,1,21,2367,1691]
s: 2370
d: [2,2368,1,8,3,0,40,762,702]
d: [2,2371,1,6,2,1,21,2368,1685]
s: 2371
d: [2,6698,2,3,1,1,40,2363,1490]
a: [3,6715,2,3,1,6698]
s: 6715
d: [2,2585,1,6,2,0,40,703,798]
s: 2585
d: [2,6722,2,3,1,1,40,2364,1470]
a: [3,6739,2,3,1,6722]
s: 6739
d: [2,2588,1,6,2,0,40,706,798]
s: 2588
d: [2,2603,1,6,2,0,40,707,798]
s: 2603
d: [2,6727,2,3,1,1,40,2364,1490]
a: [3,6744,2,3,1,6727]
s: 6744
d: [2,2607,1,6,2,0,40,709,798]
s: 2607
d: [2,6775,2,3,1,2,40,2371,1470]
a: [3,6792,2,3,1,6775]
s: 6792
d: [2,2610,1,6,2,0,40,713,798]
s: 2610
d: [2,2614,1,6,2,0,40,716,798]
s: 2614
d: [2,6780,2,3,1,2,40,2371,1490]
a: [3,6797,2,3,1,6780]
s: 6797
d: [2,2728,1,6,2,0,40,792,798]
s: 2728
d: [2,6601,3,6,2,1,44,6589,763]
d: [2,6602,3,3,1,2,21,6601,1470]
a: [3,6606,3,3,1,6602]
s: 6606
d: [2,2718,1,8,3,0,40,792,735]
d: [2,2750,1,6,2,1,21,2718,907]
s: 2750
d: [2,2725,1,8,3,0,40,792,731]
d: [2,2783,1,6,2,1,21,2725,907]
s: 2783
d: [2,6637,3,6,2,1,44,6594,763]
d: [2,6638,3,3,1,2,21,6637,1490]
a: [3,6642,3,3,1,6638]
s: 6642
d: [2,2726,1,8,3,0,40,792,733]
d: [2,2784,1,6,2,1,21,2726,907]
s: 2784
d: [2,6645,3,3,1,1,40,6625,717]
a: [3,6650,3,3,1,6645]
s: 6650
d: [2,3173,1,6,2,1,40,796,990]
s: 3173
r: 2741
r: 5534
r: 2764
r: 2797
r: 2738
r: 2781
s: 2742
s: 2307
a: [3,2737,1,3,1,2716]
s: 2737
s: 2798
a: [3,2763,1,3,1,2721]
s: 2763
a: [3,2780,1,3,1,2724]
s: 2780
d: [2,6646,3,6,2,1,44,6625,763]
d: [2,6652,3,3,1,2,21,6646,1470]
a: [3,6656,3,3,1,6652]
s: 6656
d: [2,3353,1,11,3,1,44,829,2943]
d: [2,3387,1,9,2,2,21,3353,1888]
a: [3,3391,1,6,1,3387]
s: 3391
d: [2,6685,3,6,2,1,44,6630,763]
d: [2,6687,3,3,1,2,21,6685,1490]
a: [3,6691,3,3,1,6687]
s: 6691
d: [2,3354,1,10,3,1,44,829,3024]
d: [2,3393,1,8,2,2,21,3354,942]
d: [2,3394,1,6,1,3,21,3393,1888]
a: [3,3398,1,6,1,3394]
s: 3398
d: [2,4413,1,9,2,1,44,4411,746]
d: [2,4429,1,6,1,2,21,4413,2546]
a: [3,4433,1,6,1,4429]
s: 4433
d: [2,6751,3,9,3,1,40,6676,769]
a: [3,6756,3,3,1,6751]
s: 6756
r: 6756
d: [2,1815,1,7,3,0,44,724,724]
s: 1815
a: [3,6755,3,3,1,6751]
s: 6755
d: [2,2349,1,7,3,0,44,722,743]
s: 2349
d: [2,2376,1,9,4,0,44,772,741]
d: [2,2377,1,7,3,0,18,2376]
s: 2377
a: [3,6760,3,3,1,6751]
s: 6760
r: 6760
d: [2,2383,1,10,4,0,44,774,743]
d: [2,2384,1,7,3,0,21,2383,730]
s: 2384
r: 2193
r: 2303
r: 2471
r: 2551
r: 2681
r: 2686
r: 2694
r: 2703
r: 2755
r: 2758
r: 2936
r: 3304
r: 3676
r: 3681
r: 3789
r: 4056
r: 4333
r: 4515
r: 5342
r: 5489
r: 5538
r: 5553
r: 6755
a: [3,2192,1,2,1,2168]
s: 2192
s: 2682
r: 2682
s: 2681
a: [3,2685,1,2,1,2671]
s: 2685
a: [3,2690,1,2,1,2671]
s: 2690
s: 2695
r: 2695
r: 2698
s: 2302
s: 2759
d: [2,7156,6,0,0,3,52,2244,2759,2476]
e: 7156
d: [2,7157,7,0,0,3,52,2214,2759,2604]
e: 7157
d: [2,7166,6,3,1,2,40,2759,2476]
d: [2,7171,6,0,0,3,21,7166,2244]
e: 7171
d: [2,7167,7,3,1,2,40,2759,2604]
d: [2,7173,7,0,0,3,21,7167,2214]
e: 7173
r: 2759
s: 2694
s: 2755
a: [3,2699,2,2,1,2672]
s: 2699
s: 2758
a: [3,3677,1,4,1,3673]
s: 3677
d: [2,7180,3,0,0,3,52,2821,3677,2342]
e: 7180
d: [2,7187,3,4,1,2,40,3677,2342]
d: [2,7193,3,0,0,3,21,7187,2821]
e: 7193
r: 3677
a: [3,2702,2,2,1,2672]
s: 2702
s: 3676
d: [2,2706,2,2,1,1,40,2682,723]
a: [3,2712,2,2,1,2706]
s: 2712
r: 2712
s: 3681
s: 4515
a: [3,2711,2,2,1,2706]
s: 2711
s: 5342
d: [2,2964,3,2,1,1,40,2695,723]
a: [3,2970,3,2,1,2964]
s: 2970
r: 2970
d: [2,7035,1,5,2,1,21,2384,2337]
s: 7035
d: [2,2583,1,7,3,0,40,703,793]
s: 2583
a: [3,2969,3,2,1,2964]
s: 2969
d: [2,2586,1,7,3,0,40,706,793]
s: 2586
d: [2,5353,3,2,1,1,40,2937,714]
a: [3,5357,3,2,1,5353]
s: 5357
r: 5357
d: [2,2601,1,7,3,0,40,707,793]
s: 2601
d: [2,2605,1,7,3,0,40,709,793]
s: 2605
s: 2936
d: [2,2608,1,7,3,0,40,713,793]
s: 2608
a: [3,5356,3,2,1,5353]
s: 5356
d: [2,2612,1,7,3,0,40,716,793]
s: 2612
d: [2,2664,1,10,3,0,44,761,763]
d: [2,2665,1,7,2,0,18,2664]
s: 2665
a: [3,3300,2,3,1,3291]
s: 3300
d: [2,2666,1,10,3,0,44,762,764]
d: [2,2667,1,7,2,0,18,2666]
s: 2667
d: [2,3414,2,3,1,1,40,2302,714]
a: [3,3418,2,3,1,3414]
s: 3418
r: 2302
r: 3418
s: 2303
d: [2,2719,1,9,3,0,40,792,761]
d: [2,2751,1,7,2,1,21,2719,907]
s: 2751
a: [3,3417,2,3,1,3414]
s: 3417
d: [2,2727,1,9,3,0,40,792,762]
d: [2,2785,1,7,2,1,21,2727,907]
s: 2785
d: [2,7266,2,7,2,1,44,2667,2637]
a: [3,7284,2,3,1,7266]
s: 7284
d: [2,3079,1,7,2,0,40,797,798]
s: 3079
d: [2,3350,1,11,4,0,44,829,744]
d: [2,3366,1,9,3,0,18,3350]
d: [2,3374,1,7,2,1,21,3366,1888]
s: 3374
s: 6756
d: [2,3351,1,12,3,1,44,829,1145]
d: [2,3375,1,10,2,2,21,3351,1888]
a: [3,3379,1,7,1,3375]
s: 3379
a: [3,6759,3,3,1,6751]
s: 6759
d: [2,3352,1,12,3,1,44,829,1140]
d: [2,3381,1,10,2,2,21,3352,1888]
a: [3,3385,1,7,1,3381]
s: 3385
d: [2,3358,1,11,4,0,44,744,829]
d: [2,3363,1,9,3,0,18,3358]
d: [2,3404,1,7,2,1,21,3363,1888]
s: 3404
a: [3,6764,3,3,1,6751]
s: 6764
d: [2,7344,4,0,0,3,52,6676,6756,6764,782]
e: 7344
d: [2,7346,4,6,2,1,40,6764,782]
d: [2,7349,4,3,1,2,21,7346,6756]
d: [2,7350,4,0,0,3,21,7349,6676]
e: 7350
r: 6764
d: [2,3463,1,11,4,0,44,832,745]
d: [2,3510,1,9,3,0,18,3463]
d: [2,3516,1,7,2,1,21,3510,1888]
s: 3516
d: [2,6752,3,6,2,1,44,6676,763]
d: [2,6766,3,3,1,2,21,6752,1490]
a: [3,6770,3,3,1,6766]
s: 6770
d: [2,3472,1,11,4,0,44,832,745]
d: [2,3508,1,9,3,0,18,3472]
d: [2,3524,1,7,2,1,21,3508,1888]
s: 3524
d: [2,3483,1,11,4,0,44,745,832]
d: [2,3505,1,9,3,0,18,3483]
d: [2,3528,1,7,2,1,21,3505,1888]
s: 3528
d: [2,6821,3,9,3,1,40,6792,769]
a: [3,6826,3,3,1,6821]
s: 6826
d: [2,7409,4,6,2,1,44,6826,764]
d: [2,7446,4,3,1,2,21,7409,1470]
d: [2,7447,4,2,1,3,22,7446,2629]
d: [2,7448,4,0,0,4,21,7447,912]
e: 7448
r: 6826
d: [2,3494,1,11,4,0,44,745,832]
d: [2,3502,1,9,3,0,18,3494]
d: [2,3532,1,7,2,1,21,3502,1888]
s: 3532
a: [3,6825,3,3,1,6821]
s: 6825
d: [2,3642,1,13,6,0,44,806,746]
d: [2,3671,1,7,3,0,18,3642]
s: 3671
d: [2,3711,1,13,6,0,44,809,746]
d: [2,3736,1,9,4,0,18,3711]
d: [2,3737,1,7,3,0,21,3736,718]
s: 3737
a: [3,6830,3,3,1,6821]
s: 6830
d: [2,3930,1,13,6,0,44,817,746]
d: [2,3955,1,9,4,0,18,3930]
d: [2,3956,1,7,3,0,21,3955,718]
s: 3956
d: [2,6841,3,9,3,1,40,6797,769]
a: [3,6846,3,3,1,6841]
s: 6846
r: 6846
d: [2,2426,1,8,3,0,40,793,715]
s: 2426
d: [2,2427,1,8,3,0,40,793,712]
s: 2427
a: [3,6845,3,3,1,6841]
s: 6845
d: [2,7522,4,6,2,1,44,6845,764]
d: [2,7523,4,3,1,2,21,7522,1490]
d: [2,7524,4,2,1,3,22,7523,2643]
d: [2,7525,4,0,0,4,21,7524,937]
e: 7525
r: 6845
d: [2,2428,1,8,3,0,40,793,708]
s: 2428
s: 6846
d: [2,2429,1,8,3,0,40,793,702]
s: 2429
d: [2,2653,1,10,3,0,44,747,741]
d: [2,2660,1,8,2,0,18,2653]
s: 2660
a: [3,6849,3,3,1,6841]
s: 6849
d: [2,2786,1,8,3,0,40,819,718]
s: 2786
d: [2,6876,4,9,3,1,40,6650,769]
a: [3,6889,4,3,1,6876]
s: 6889
r: 6889
d: [2,2787,1,8,3,0,40,819,717]
s: 2787
d: [2,2800,1,8,3,0,40,820,718]
s: 2800
a: [3,6885,4,3,1,6876]
s: 6885
r: 6885
d: [2,2801,1,8,3,0,40,820,717]
s: 2801
a: [3,6881,4,3,1,6876]
s: 6881
r: 6881
d: [2,2825,1,8,3,0,40,821,718]
s: 2825
d: [2,2826,1,8,3,0,40,821,717]
s: 2826
a: [3,6880,4,3,1,6876]
s: 6880
d: [2,2839,1,8,3,0,40,822,718]
s: 2839
a: [3,6884,4,3,1,6876]
s: 6884
d: [2,2840,1,8,3,0,40,822,717]
s: 2840
d: [2,3077,1,8,3,0,40,797,793]
s: 3077
s: 6889
d: [2,3088,1,8,3,0,40,827,758]
s: 3088
d: [2,6877,4,6,2,1,44,6650,763]
d: [2,6891,4,3,1,2,21,6877,1470]
a: [3,6895,4,3,1,6891]
s: 6895
d: [2,3092,1,10,4,0,40,827,708]
d: [2,3095,1,8,3,1,21,3092,917]
s: 3095
d: [2,3174,1,8,2,0,40,796,798]
s: 3174
d: [2,6961,4,3,1,1,40,6756,723]
a: [3,6976,4,3,1,6961]
s: 6976
r: 6756
r: 6759
r: 6976
d: [2,3355,1,12,5,0,44,823,829]
d: [2,3365,1,8,3,0,18,3355]
s: 3365
s: 6755
d: [2,3356,1,12,5,0,44,819,829]
d: [2,3400,1,10,4,0,21,3356,718]
d: [2,3401,1,8,3,0,21,3400,718]
s: 3401
d: [2,3423,1,13,3,1,44,831,3322]
d: [2,3450,1,11,2,2,21,3423,1888]
a: [3,3454,1,8,1,3450]
s: 3454
s: 6760
d: [2,4549,1,12,2,1,44,743,4544]
d: [2,4554,1,8,1,2,21,4549,3336]
a: [3,4558,1,8,1,4554]
s: 4558
a: [3,6975,4,3,1,6961]
s: 6975
d: [2,3089,1,11,4,0,40,827,792]
d: [2,3094,1,9,3,1,21,3089,902]
s: 3094
d: [2,3172,1,9,3,0,40,796,793]
s: 3172
d: [2,7907,2,7,3,1,40,3077,2750]
a: [3,7918,2,2,1,7907]
s: 7918
r: 6362
r: 3671
r: 3516
r: 3374
r: 3094
r: 3088
r: 2784
r: 2783
r: 2750
r: 2660
r: 2377
r: 2349
r: 2346
r: 2339
r: 2336
r: 2196
r: 2195
r: 2174
r: 2053
r: 2052
r: 2038
r: 2037
r: 2024
r: 2023
r: 1836
r: 1835
r: 1834
r: 1833
r: 1826
r: 1825
r: 857
r: 856
r: 855
r: 854
r: 835
r: 834
r: 833
r: 832
r: 831
r: 829
r: 827
r: 826
r: 825
r: 824
r: 823
r: 806
r: 805
r: 774
r: 772
r: 755
r: 754
r: 752
r: 751
r: 749
r: 747
r: 746
r: 745
r: 744
r: 743
r: 741
r: 739
r: 737
r: 735
r: 733
r: 731
r: 730
r: 729
r: 727
r: 726
r: 725
d: [2,8189,3,0,0,2,40,7918,1655]
e: 8189
d: [2,8188,3,0,0,2,40,7918,1635]
e: 8188
d: [2,8187,3,0,0,2,40,7918,1610]
e: 8187
d: [2,8186,4,0,0,2,40,7918,4623]
e: 8186
d: [2,8185,3,0,0,2,40,7918,1560]
e: 8185
d: [2,8184,3,0,0,2,40,7918,1525]
e: 8184
d: [2,8183,4,0,0,2,40,7918,4618]
e: 8183
d: [2,8182,3,0,0,2,40,7918,1733]
e: 8182
d: [2,8180,3,0,0,2,40,7918,1924]
e: 8180
d: [2,8179,3,0,0,2,40,7918,1893]
e: 8179
d: [2,8178,3,0,0,2,40,7918,897]
e: 8178
d: [2,8177,3,0,0,2,40,7918,6715]
e: 8177
d: [2,8176,3,0,0,2,40,7918,6710]
e: 8176
d: [2,8175,3,0,0,2,40,7918,1919]
e: 8175
d: [2,8172,3,0,0,2,40,7918,942]
e: 8172
d: [2,8171,3,0,0,2,40,7918,2223]
e: 8171
d: [2,8169,3,0,0,2,40,7918,3016]
e: 8169
d: [2,8168,3,0,0,2,40,7918,4685]
e: 8168
d: [2,8167,3,0,0,2,40,7918,3336]
e: 8167
d: [2,8165,3,0,0,2,40,7918,2920]
e: 8165
d: [2,8164,3,0,0,2,40,7918,2546]
e: 8164
d: [2,8162,3,0,0,2,40,7918,3049]
e: 8162
d: [2,8160,3,0,0,2,40,7918,2218]
e: 8160
d: [2,8159,3,0,0,2,40,7918,6594]
e: 8159
d: [2,8158,3,0,0,2,40,7918,6589]
e: 8158
d: [2,8157,4,0,0,2,40,7918,6642]
e: 8157
d: [2,8156,4,0,0,2,40,7918,6606]
e: 8156
d: [2,8154,3,0,0,2,40,7918,1888]
e: 8154
d: [2,8062,3,0,0,2,52,1888,7918]
e: 8062
d: [2,8063,3,0,0,2,52,2287,7918,701]
e: 8063
d: [2,8064,3,0,0,3,52,1691,1470,7918,708]
e: 8064
d: [2,8065,5,0,0,3,52,1992,1475,7918,708]
e: 8065
d: [2,8066,3,0,0,3,52,917,1673,7918,708]
e: 8066
d: [2,8067,5,0,0,3,52,1992,1667,7918,708]
e: 8067
d: [2,8068,3,0,0,3,52,917,1679,7918,708]
e: 8068
d: [2,8069,3,0,0,3,52,1691,1490,7918,708]
e: 8069
d: [2,8070,5,0,0,3,52,1992,1495,7918,708]
e: 8070
d: [2,8071,6,0,0,2,52,2594,798,7918,708]
e: 8071
d: [2,8072,3,0,0,2,52,1901,7918,718]
e: 8072
d: [2,8073,3,0,0,2,52,1673,7918,758]
e: 8073
d: [2,8074,3,0,0,2,52,1470,7918,760]
e: 8074
d: [2,8075,3,0,0,3,52,2742,7918,2337]
e: 8075
d: [2,8076,3,0,0,2,52,1901,7918,1795]
e: 8076
d: [2,8077,3,0,0,2,52,1470,7918,2354]
e: 8077
d: [2,8078,3,0,0,2,52,1901,1901,7918,2825]
e: 8078
d: [2,8079,4,0,0,3,52,1901,6656,7918,2825]
e: 8079
d: [2,8080,4,0,0,3,52,1901,6691,7918,2825]
e: 8080
d: [2,8081,3,0,0,3,52,1901,6625,7918,2825]
e: 8081
d: [2,8082,3,0,0,3,52,1901,6630,7918,2825]
e: 8082
d: [2,8083,3,0,0,3,52,1901,2248,7918,2825]
e: 8083
d: [2,8084,3,0,0,3,52,1901,2401,7918,2825]
e: 8084
d: [2,8085,3,0,0,3,52,1901,2254,7918,2825]
e: 8085
d: [2,8086,3,0,0,3,52,1901,1906,7918,2825]
e: 8086
d: [2,8087,3,0,0,3,52,1901,6739,7918,2825]
e: 8087
d: [2,8088,3,0,0,3,52,1901,6744,7918,2825]
e: 8088
d: [2,8089,3,0,0,3,52,1901,1911,7918,2825]
e: 8089
d: [2,8090,3,0,0,3,52,1901,1515,7918,2825]
e: 8090
d: [2,8091,4,0,0,3,52,1901,4739,7918,2825]
e: 8091
d: [2,8092,4,0,0,3,52,1901,4744,7918,2825]
e: 8092
d: [2,8093,3,0,0,3,52,1901,1600,7918,2825]
e: 8093
d: [2,8094,3,0,0,3,52,1901,1620,7918,2825]
e: 8094
d: [2,8095,3,0,0,3,52,1901,1640,7918,2825]
e: 8095
d: [2,8096,3,0,0,2,52,1901,7918,721]
e: 8096
d: [2,8097,3,0,0,2,52,1901,1901,7918,2800]
e: 8097
d: [2,8098,4,0,0,3,52,1901,6656,7918,2800]
e: 8098
d: [2,8099,4,0,0,3,52,1901,6691,7918,2800]
e: 8099
d: [2,8100,3,0,0,3,52,1901,6625,7918,2800]
e: 8100
d: [2,8101,3,0,0,3,52,1901,6630,7918,2800]
e: 8101
d: [2,8102,3,0,0,3,52,1901,2248,7918,2800]
e: 8102
d: [2,8103,3,0,0,3,52,1901,2401,7918,2800]
e: 8103
d: [2,8104,3,0,0,3,52,1901,2254,7918,2800]
e: 8104
d: [2,8105,3,0,0,3,52,1901,1906,7918,2800]
e: 8105
d: [2,8106,3,0,0,3,52,1901,6739,7918,2800]
e: 8106
d: [2,8107,3,0,0,3,52,1901,6744,7918,2800]
e: 8107
d: [2,8108,3,0,0,3,52,1901,1911,7918,2800]
e: 8108
d: [2,8109,3,0,0,3,52,1901,1515,7918,2800]
e: 8109
d: [2,8110,4,0,0,3,52,1901,4739,7918,2800]
e: 8110
d: [2,8111,4,0,0,3,52,1901,4744,7918,2800]
e: 8111
d: [2,8112,3,0,0,3,52,1901,1600,7918,2800]
e: 8112
d: [2,8113,3,0,0,3,52,1901,1620,7918,2800]
e: 8113
d: [2,8114,3,0,0,3,52,1901,1640,7918,2800]
e: 8114
d: [2,8115,3,0,0,2,52,1901,7918,1797]
e: 8115
d: [2,8116,3,0,0,2,52,1901,1901,7918,2839]
e: 8116
d: [2,8117,4,0,0,3,52,1901,6656,7918,2839]
e: 8117
d: [2,8118,4,0,0,3,52,1901,6691,7918,2839]
e: 8118
d: [2,8119,3,0,0,3,52,1901,6625,7918,2839]
e: 8119
d: [2,8120,3,0,0,3,52,1901,6630,7918,2839]
e: 8120
d: [2,8121,3,0,0,3,52,1901,2248,7918,2839]
e: 8121
d: [2,8122,3,0,0,3,52,1901,2401,7918,2839]
e: 8122
d: [2,8123,3,0,0,3,52,1901,2254,7918,2839]
e: 8123
d: [2,8124,3,0,0,3,52,1901,1906,7918,2839]
e: 8124
d: [2,8125,3,0,0,3,52,1901,6739,7918,2839]
e: 8125
d: [2,8126,3,0,0,3,52,1901,6744,7918,2839]
e: 8126
d: [2,8127,3,0,0,3,52,1901,1911,7918,2839]
e: 8127
d: [2,8128,3,0,0,3,52,1901,1515,7918,2839]
e: 8128
d: [2,8129,4,0,0,3,52,1901,4739,7918,2839]
e: 8129
d: [2,8130,4,0,0,3,52,1901,4744,7918,2839]
e: 8130
d: [2,8131,3,0,0,3,52,1901,1600,7918,2839]
e: 8131
d: [2,8132,3,0,0,3,52,1901,1620,7918,2839]
e: 8132
d: [2,8133,3,0,0,3,52,1901,1640,7918,2839]
e: 8133
d: [2,8134,3,0,0,2,52,1901,1901,7918,2786]
e: 8134
d: [2,8135,4,0,0,3,52,1901,6656,7918,2786]
e: 8135
d: [2,8136,4,0,0,3,52,1901,6691,7918,2786]
e: 8136
d: [2,8137,3,0,0,3,52,1901,6625,7918,2786]
e: 8137
d: [2,8138,3,0,0,3,52,1901,6630,7918,2786]
e: 8138
d: [2,8139,3,0,0,3,52,1901,2248,7918,2786]
e: 8139
d: [2,8140,3,0,0,3,52,1901,2401,7918,2786]
e: 8140
d: [2,8141,3,0,0,3,52,1901,2254,7918,2786]
e: 8141
d: [2,8142,3,0,0,3,52,1901,1906,7918,2786]
e: 8142
d: [2,8143,3,0,0,3,52,1901,6739,7918,2786]
e: 8143
d: [2,8144,3,0,0,3,52,1901,6744,7918,2786]
e: 8144
d: [2,8145,3,0,0,3,52,1901,1911,7918,2786]
e: 8145
d: [2,8146,3,0,0,3,52,1901,1515,7918,2786]
e: 8146
d: [2,8147,4,0,0,3,52,1901,4739,7918,2786]
e: 8147
d: [2,8148,4,0,0,3,52,1901,4744,7918,2786]
e: 8148
d: [2,8149,3,0,0,3,52,1901,1600,7918,2786]
e: 8149
d: [2,8150,3,0,0,3,52,1901,1620,7918,2786]
e: 8150
d: [2,8151,3,0,0,3,52,1901,1640,7918,2786]
e: 8151
d: [2,8152,3,0,0,2,52,1470,7918,2363]
e: 8152
d: [2,8153,6,0,0,2,52,2594,7918,2209]
e: 8153
r: 7918
s: 725
d: [2,6962,4,3,1,2,40,6756,1948]
a: [3,6981,4,3,1,6962]
s: 6981
r: 6981
s: 726
s: 727
a: [3,6980,4,3,1,6962]
s: 6980
s: 729
d: [2,6968,4,3,1,2,40,6756,2375]
a: [3,6992,4,3,1,6968]
s: 6992
r: 6992
s: 730
s: 754
a: [3,6991,4,3,1,6968]
s: 6991
s: 731
d: [2,6972,4,6,2,1,44,6756,763]
d: [2,7009,4,3,1,2,21,6972,1490]
a: [3,7012,4,3,1,7009]
s: 7012
s: 733
s: 735
d: [2,7028,4,6,2,1,44,6760,763]
d: [2,7029,4,3,1,2,21,7028,1490]
a: [3,7033,4,3,1,7029]
s: 7033
s: 737
d: [2,7471,4,3,1,1,40,6846,723]
a: [3,7486,4,3,1,7471]
s: 7486
s: 739
s: 741
d: [2,7472,4,3,1,2,40,6846,1948]
a: [3,7491,4,3,1,7472]
s: 7491
s: 743
d: [2,7478,4,3,1,2,40,6846,2375]
a: [3,7502,4,3,1,7478]
s: 7502
s: 744
s: 745
d: [2,6963,5,3,1,2,40,6756,2040]
a: [3,6986,5,3,1,6963]
s: 6986
r: 6986
s: 772
a: [3,6985,5,3,1,6963]
s: 6985
s: 774
s: 746
d: [2,7473,5,3,1,2,40,6846,2040]
a: [3,7496,5,3,1,7473]
s: 7496
s: 747
d: [2,7582,5,6,2,1,44,6889,763]
d: [2,7587,5,3,1,2,21,7582,1470]
a: [3,7591,5,3,1,7587]
s: 7591
s: 749
s: 823
d: [2,7653,5,6,2,1,44,6885,763]
d: [2,7654,5,3,1,2,21,7653,1470]
a: [3,7657,5,3,1,7654]
s: 7657
s: 824
d: [2,7719,5,6,2,1,44,6881,763]
d: [2,7756,5,3,1,2,21,7719,1470]
a: [3,7759,5,3,1,7756]
s: 7759
s: 825
s: 826
d: [2,7951,5,6,2,1,44,6976,763]
d: [2,7953,5,3,1,2,21,7951,1490]
a: [3,7956,5,3,1,7953]
s: 7956
s: 751
d: [2,8313,5,6,2,1,44,6981,763]
d: [2,8315,5,3,1,2,21,8313,1490]
a: [3,8318,5,3,1,8315]
s: 8318
s: 827
s: 829
d: [2,8336,5,6,2,1,44,6992,763]
d: [2,8337,5,3,1,2,21,8336,1490]
a: [3,8340,5,3,1,8337]
s: 8340
s: 831
d: [2,6969,6,3,1,2,40,6756,2476]
a: [3,6997,6,3,1,6969]
s: 6997
r: 6997
s: 832
s: 805
a: [3,6996,6,3,1,6969]
s: 6996
s: 806
d: [2,7479,6,3,1,2,40,6846,2476]
a: [3,7507,6,3,1,7479]
s: 7507
s: 833
s: 752
d: [2,8456,6,6,2,1,44,6986,763]
d: [2,8458,6,3,1,2,21,8456,1490]
a: [3,8461,6,3,1,8458]
s: 8461
s: 834
d: [2,6970,7,3,1,2,40,6756,2604]
a: [3,7002,7,3,1,6970]
s: 7002
r: 7002
s: 755
s: 835
a: [3,7001,7,3,1,6970]
s: 7001
s: 854
d: [2,6971,7,3,1,2,40,6756,2611]
a: [3,7007,7,3,1,6971]
s: 7007
r: 7007
s: 855
s: 856
a: [3,7006,7,3,1,6971]
s: 7006
s: 857
d: [2,7480,7,3,1,2,40,6846,2604]
a: [3,7512,7,3,1,7480]
s: 7512
s: 6362
s: 1825
d: [2,7481,7,3,1,2,40,6846,2611]
a: [3,7517,7,3,1,7481]
s: 7517
s: 1826
d: [2,8779,7,6,2,1,44,6997,763]
d: [2,8782,7,3,1,2,21,8779,1490]
a: [3,8785,7,3,1,8782]
s: 8785
s: 1833
s: 1834
d: [2,9180,8,6,2,1,44,7002,763]
d: [2,9181,8,3,1,2,21,9180,1490]
a: [3,9184,8,3,1,9181]
s: 9184
s: 1835
d: [2,9371,8,6,2,1,44,7007,763]
d: [2,9372,8,3,1,2,21,9371,1490]
a: [3,9375,8,3,1,9372]
s: 9375
s: 1836
s: 2023
s: 4333
s: 2024
d: [2,6585,2,4,1,0,40,2354,798]
a: [3,6599,2,4,1,6585]
s: 6599
s: 2037
s: 2038
d: [2,6621,2,4,1,0,40,2355,798]
a: [3,6635,2,4,1,6621]
s: 6635
s: 2052
d: [2,6671,2,4,1,1,40,2362,798]
a: [3,6681,2,4,1,6671]
s: 6681
s: 2053
s: 2174
d: [2,6706,2,4,1,0,40,2363,798]
a: [3,6720,2,4,1,6706]
s: 6720
s: 2195
d: [2,6735,2,4,1,0,40,2364,798]
a: [3,6749,2,4,1,6735]
s: 6749
s: 2196
s: 2346
d: [2,6788,2,4,1,1,40,2371,798]
a: [3,6802,2,4,1,6788]
s: 6802
d: [2,8310,1,5,2,0,40,725,718]
s: 8310
d: [2,6949,2,8,3,1,44,827,3398]
d: [2,6950,2,6,2,2,21,6949,942]
d: [2,6951,2,4,1,3,21,6950,1888]
a: [3,6955,2,4,1,6951]
s: 6955
d: [2,8311,1,5,2,0,40,725,717]
s: 8311
d: [2,8321,1,5,2,0,40,726,718]
s: 8321
d: [2,7265,2,8,2,1,44,2667,4433]
a: [3,7275,2,4,1,7265]
s: 7275
d: [2,8322,1,5,2,0,40,726,717]
s: 8322
d: [2,7329,2,9,3,1,44,827,3379]
d: [2,7330,2,7,2,2,21,7329,1888]
d: [2,7331,2,4,1,3,21,7330,2920]
a: [3,7335,2,4,1,7331]
s: 7335
d: [2,8323,1,5,2,0,40,727,718]
s: 8323
d: [2,8324,1,5,2,0,40,727,717]
s: 8324
d: [2,7549,2,6,2,1,44,2660,1781]
d: [2,7559,2,4,1,2,21,7549,1888]
a: [3,7563,2,4,1,7559]
s: 7563
d: [2,8352,1,5,2,0,40,731,759]
s: 8352
d: [2,8020,2,9,3,2,44,3094,3385]
d: [2,8031,2,7,2,3,21,8020,1888]
d: [2,8032,2,4,1,4,21,8031,2920]
a: [3,8036,2,4,1,8032]
s: 8036
d: [2,8353,1,5,2,0,40,731,760]
s: 8353
d: [2,8362,1,7,3,0,40,731,712]
d: [2,8366,1,5,2,1,21,8362,922]
s: 8366
d: [2,8021,2,8,3,2,44,3094,3398]
d: [2,8038,2,6,2,3,21,8021,1888]
d: [2,8039,2,4,1,4,21,8038,942]
a: [3,8043,2,4,1,8039]
s: 8043
r: 2182
r: 2192
r: 2214
r: 2463
r: 2681
r: 2690
r: 2699
r: 2702
r: 2711
r: 2969
r: 3300
r: 3417
r: 6830
r: 6880
r: 6889
r: 6991
r: 7001
r: 7006
r: 7275
r: 7591
r: 7759
r: 8340
r: 9184
r: 9375
r: 2248
r: 2307
r: 2737
r: 2742
r: 2763
r: 2780
a: [3,2247,1,2,1,2232]
s: 2247
a: [3,2306,1,2,1,2272]
s: 2306
s: 2471
s: 2192
s: 2682
s: 2741
s: 2698
a: [3,2178,1,3,1,2166]
s: 2178
s: 2738
s: 2703
s: 2764
s: 2712
s: 2781
d: [2,8363,1,7,3,0,40,731,708]
d: [2,8367,1,5,2,1,21,8363,1691]
s: 8367
d: [2,2838,2,6,3,1,40,2182,769]
a: [3,5096,2,2,1,2838]
s: 5096
d: [2,8364,1,7,3,0,40,731,702]
d: [2,8368,1,5,2,1,21,8364,1685]
s: 8368
d: [2,7062,3,2,1,2,40,2682,2337]
a: [3,7083,3,2,1,7062]
s: 7083
d: [2,8369,1,5,2,0,40,733,759]
s: 8369
d: [2,8370,1,5,2,0,40,733,760]
s: 8370
d: [2,7063,3,2,1,2,40,2682,2342]
a: [3,7088,3,2,1,7063]
s: 7088
d: [2,8379,1,7,3,0,40,733,712]
d: [2,8383,1,5,2,1,21,8379,922]
s: 8383
d: [2,7064,3,2,1,2,40,2682,2375]
a: [3,7093,3,2,1,7064]
s: 7093
d: [2,8380,1,7,3,0,40,733,708]
d: [2,8384,1,5,2,1,21,8380,1691]
s: 8384
d: [2,8381,1,7,3,0,40,733,702]
d: [2,8385,1,5,2,1,21,8381,1685]
s: 8385
d: [2,7058,4,2,1,2,40,2682,1948]
a: [3,7072,4,2,1,7058]
s: 7072
d: [2,8386,1,5,2,0,40,735,759]
s: 8386
d: [2,7113,4,2,1,2,40,2695,1948]
a: [3,7127,4,2,1,7113]
s: 7127
d: [2,8387,1,5,2,0,40,735,760]
s: 8387
d: [2,8396,1,7,3,0,40,735,712]
d: [2,8401,1,5,2,1,21,8396,922]
s: 8401
d: [2,7059,5,2,1,2,40,2682,2040]
a: [3,7077,5,2,1,7059]
s: 7077
d: [2,8397,1,7,3,0,40,735,708]
d: [2,8402,1,5,2,1,21,8397,1691]
s: 8402
d: [2,7114,5,2,1,2,40,2695,2040]
a: [3,7132,5,2,1,7114]
s: 7132
d: [2,8398,1,7,3,0,40,735,702]
d: [2,8403,1,5,2,1,21,8398,1685]
s: 8403
d: [2,8414,1,7,3,0,44,727,741]
d: [2,8415,1,5,2,0,18,8414]
s: 8415
d: [2,7065,6,2,1,2,40,2682,2476]
a: [3,7098,6,2,1,7065]
s: 7098
d: [2,8413,1,7,3,0,44,754,741]
d: [2,8416,1,5,2,0,18,8413]
s: 8416
d: [2,7120,6,2,1,2,40,2695,2476]
a: [3,7142,6,2,1,7120]
s: 7142
s: 2336
s: 2339
d: [2,7066,7,2,1,2,40,2682,2604]
a: [3,7103,7,2,1,7066]
s: 7103
s: 2750
d: [2,7067,7,2,1,2,40,2682,2611]
a: [3,7108,7,2,1,7067]
s: 7108
s: 2783
s: 2784
d: [2,7121,7,2,1,2,40,2695,2604]
a: [3,7147,7,2,1,7121]
s: 7147
d: [2,8360,1,8,3,0,40,731,792]
d: [2,8365,1,6,2,1,21,8360,907]
s: 8365
d: [2,7122,7,2,1,2,40,2695,2611]
a: [3,7152,7,2,1,7122]
s: 7152
d: [2,8377,1,8,3,0,40,733,792]
d: [2,8382,1,6,2,1,21,8377,907]
s: 8382
d: [2,8394,1,8,3,0,40,735,792]
d: [2,8400,1,6,2,1,21,8394,907]
s: 8400
s: 5489
d: [2,8404,1,8,3,0,44,733,737]
d: [2,8405,1,6,2,0,18,8404]
s: 8405
s: 5538
d: [2,8411,1,8,3,0,44,731,739]
d: [2,8412,1,6,2,0,18,8411]
s: 8412
s: 2349
s: 5553
s: 2377
d: [2,6899,2,3,1,2,40,3173,2764]
a: [3,6905,2,3,1,6899]
s: 6905
r: 2247
r: 2306
r: 2738
r: 2741
r: 2764
r: 2781
r: 6905
r: 5096
s: 2182
s: 2248
s: 2307
s: 2742
a: [3,5095,2,2,1,2838]
s: 5095
s: 2737
s: 2763
s: 2780
s: 3374
a: [3,6904,2,3,1,6899]
s: 6904
s: 3516
s: 3671
a: [3,6834,3,3,1,6821]
s: 6834
d: [2,10393,4,6,2,1,44,6834,764]
d: [2,10396,4,3,1,2,21,10393,1470]
d: [2,10397,4,2,1,3,22,10396,2629]
d: [2,10398,4,0,0,4,21,10397,2421]
e: 10398
r: 6834
d: [2,5368,1,11,4,1,40,803,990]
d: [2,6920,1,9,3,2,21,5368,907]
a: [3,6923,1,7,2,6920]
s: 6923
s: 6830
d: [2,8427,1,7,3,0,44,722,743]
s: 8427
d: [2,8464,1,9,4,0,44,772,741]
d: [2,8465,1,7,3,0,18,8464]
s: 8465
a: [3,6833,3,3,1,6821]
s: 6833
d: [2,8678,1,11,4,0,44,829,744]
d: [2,8699,1,9,3,0,18,8678]
d: [2,8701,1,7,2,1,21,8699,1888]
s: 8701
d: [2,7286,3,3,1,1,40,3418,704]
a: [3,7290,3,3,1,7286]
s: 7290
d: [2,10408,4,0,0,2,52,2244,7290,705]
e: 10408
d: [2,10409,4,3,1,1,40,7290,705]
d: [2,10411,4,0,0,2,21,10409,2244]
e: 10411
r: 2244
a: [3,2243,1,3,1,2232]
s: 2243
d: [2,10414,2,0,0,2,52,2178,2243,710]
e: 10414
d: [2,10416,2,3,1,1,40,2243,710]
d: [2,10418,2,0,0,2,21,10416,2178]
e: 10418
r: 2243
r: 7290
d: [2,8692,1,11,4,0,44,744,829]
d: [2,8696,1,9,3,0,18,8692]
d: [2,8714,1,7,2,1,21,8696,1888]
s: 8714
s: 3417
d: [2,8789,1,11,4,0,44,832,745]
d: [2,8892,1,9,3,0,18,8789]
d: [2,8896,1,7,2,1,21,8892,1888]
s: 8896
a: [3,7289,3,3,1,7286]
s: 7289
d: [2,8809,1,11,4,0,44,832,745]
d: [2,8890,1,9,3,0,18,8809]
d: [2,8920,1,7,2,1,21,8890,1888]
s: 8920
d: [2,8837,1,11,4,0,44,745,832]
d: [2,8887,1,9,3,0,18,8837]
d: [2,8944,1,7,2,1,21,8887,1888]
s: 8944
s: 6881
d: [2,8865,1,11,4,0,44,745,832]
d: [2,8884,1,9,3,0,18,8865]
d: [2,8968,1,7,2,1,21,8884,1888]
s: 8968
a: [3,6888,4,3,1,6876]
s: 6888
d: [2,9003,1,13,6,0,44,806,746]
d: [2,9045,1,7,3,0,18,9003]
s: 9045
s: 2660
s: 6992
s: 3088
a: [3,7590,5,3,1,7587]
s: 7590
d: [2,8510,1,10,3,0,44,747,741]
d: [2,8517,1,8,2,0,18,8510]
s: 8517
d: [2,8653,1,8,3,0,40,827,758]
s: 8653
d: [2,7708,5,3,1,1,40,6881,723]
a: [3,7723,5,3,1,7708]
s: 7723
r: 6881
r: 6884
r: 7657
r: 7723
d: [2,8657,1,10,4,0,40,827,708]
d: [2,8666,1,8,3,1,21,8657,917]
s: 8666
s: 6880
d: [2,8687,1,12,5,0,44,823,829]
d: [2,8698,1,8,3,0,18,8687]
s: 8698
s: 3094
s: 6885
d: [2,3175,1,9,3,0,40,844,760]
s: 3175
a: [3,7658,5,3,1,7654]
s: 7658
d: [2,3176,1,9,3,0,40,844,759]
s: 3176
d: [2,3179,1,11,4,0,40,844,712]
d: [2,3183,1,9,3,1,21,3179,922]
s: 3183
a: [3,7722,5,3,1,7708]
s: 7722
d: [2,3180,1,11,4,0,40,844,708]
d: [2,3184,1,9,3,1,21,3180,1691]
s: 3184
d: [2,7709,5,3,1,2,40,6881,1948]
a: [3,7728,5,3,1,7709]
s: 7728
r: 7728
d: [2,3181,1,11,4,0,40,844,702]
d: [2,3185,1,9,3,1,21,3181,1685]
s: 3185
d: [2,3186,1,9,3,0,40,845,760]
s: 3186
a: [3,7727,5,3,1,7709]
s: 7727
d: [2,3187,1,9,3,0,40,845,759]
s: 3187
d: [2,7710,5,3,1,2,40,6881,2040]
a: [3,7733,5,3,1,7710]
s: 7733
r: 7733
d: [2,3190,1,11,4,0,40,845,712]
d: [2,3194,1,9,3,1,21,3190,922]
s: 3194
d: [2,3191,1,11,4,0,40,845,708]
d: [2,3195,1,9,3,1,21,3191,1691]
s: 3195
a: [3,7732,5,3,1,7710]
s: 7732
d: [2,3192,1,11,4,0,40,845,702]
d: [2,3196,1,9,3,1,21,3192,1685]
s: 3196
d: [2,7715,5,3,1,2,40,6881,2375]
a: [3,7739,5,3,1,7715]
s: 7739
r: 7739
d: [2,3197,1,9,3,0,40,846,760]
s: 3197
d: [2,3198,1,9,3,0,40,846,759]
s: 3198
a: [3,7738,5,3,1,7715]
s: 7738
d: [2,3201,1,11,4,0,40,846,712]
d: [2,3205,1,9,3,1,21,3201,922]
s: 3205
s: 7759
d: [2,3202,1,11,4,0,40,846,708]
d: [2,3206,1,9,3,1,21,3202,1691]
s: 3206
d: [2,3203,1,11,4,0,40,846,702]
d: [2,3207,1,9,3,1,21,3203,1685]
s: 3207
a: [3,8341,5,3,1,8337]
s: 8341
d: [2,3209,1,9,3,0,40,847,760]
s: 3209
d: [2,7716,6,3,1,2,40,6881,2476]
a: [3,7744,6,3,1,7716]
s: 7744
r: 7744
d: [2,3210,1,9,3,0,40,847,759]
s: 3210
d: [2,3213,1,11,4,0,40,847,712]
d: [2,3217,1,9,3,1,21,3213,922]
s: 3217
a: [3,7743,6,3,1,7716]
s: 7743
d: [2,3214,1,11,4,0,40,847,708]
d: [2,3218,1,9,3,1,21,3214,1691]
s: 3218
d: [2,10472,6,6,2,1,44,7723,763]
d: [2,10474,6,3,1,2,21,10472,1470]
a: [3,10477,6,3,1,10474]
s: 10477
d: [2,3215,1,11,4,0,40,847,702]
d: [2,3219,1,9,3,1,21,3215,1685]
s: 3219
d: [2,3462,1,14,4,0,44,832,751]
d: [2,3511,1,12,3,0,18,3462]
a: [3,3514,1,9,2,3511]
s: 3514
d: [2,10514,6,6,2,1,44,7728,763]
d: [2,10516,6,3,1,2,21,10514,1470]
a: [3,10519,6,3,1,10516]
s: 10519
d: [2,3465,1,15,3,1,44,832,3269]
d: [2,3517,1,13,2,2,21,3465,942]
a: [3,3521,1,9,1,3517]
s: 3521
d: [2,10535,6,6,2,1,44,7733,763]
d: [2,10537,6,3,1,2,21,10535,1470]
a: [3,10540,6,3,1,10537]
s: 10540
d: [2,3847,1,13,6,0,44,814,746]
d: [2,3872,1,11,5,0,18,3847]
d: [2,3873,1,9,4,0,21,3872,718]
s: 3873
d: [2,3884,1,13,6,0,44,815,746]
d: [2,3909,1,11,5,0,18,3884]
d: [2,3910,1,9,4,0,21,3909,718]
s: 3910
d: [2,10552,6,6,2,1,44,7739,763]
d: [2,10553,6,3,1,2,21,10552,1470]
a: [3,10556,6,3,1,10553]
s: 10556
d: [2,3975,1,11,3,1,44,833,980]
d: [2,4004,1,9,2,2,21,3975,1919]
s: 4004
s: 7002
d: [2,4354,1,14,3,1,44,4352,833]
d: [2,4365,1,12,2,2,21,4354,1888]
d: [2,4366,1,9,1,3,21,4365,2546]
a: [3,4370,1,9,1,4366]
s: 4370
d: [2,4445,1,14,3,1,44,4442,833]
d: [2,4456,1,12,2,2,21,4445,1888]
d: [2,4457,1,9,1,3,21,4456,2546]
a: [3,4461,1,9,1,4457]
s: 4461
s: 7007
d: [2,4636,1,14,3,1,44,4632,833]
d: [2,4660,1,12,2,2,21,4636,1888]
d: [2,4661,1,9,1,3,21,4660,2546]
a: [3,4665,1,9,1,4661]
s: 4665
r: 4461
r: 4370
d: [2,7717,7,3,1,2,40,6881,2604]
a: [3,7749,7,3,1,7717]
s: 7749
r: 7749
d: [2,4700,1,14,2,1,44,743,4653]
a: [3,4714,1,9,1,4700]
s: 4714
r: 4632
r: 4653
r: 4658
r: 4665
r: 4685
r: 4709
r: 5313
r: 5342
r: 5406
r: 5431
r: 5572
r: 5963
r: 5988
r: 6030
r: 6312
d: [2,10843,0,9,1,2,23,4653,4714]
a: [3,10871,0,9,1,10843]
s: 10871
a: [3,7748,7,3,1,7717]
s: 7748
d: [2,10844,0,9,1,2,23,4658,4714]
a: [3,10876,0,9,1,10844]
s: 10876
d: [2,7718,7,3,1,2,40,6881,2611]
a: [3,7754,7,3,1,7718]
s: 7754
r: 7754
d: [2,10848,0,10,1,2,23,5313,4714]
a: [3,10892,0,10,1,10848]
s: 10892
d: [2,10850,0,10,1,2,23,5406,4714]
a: [3,10902,0,10,1,10850]
s: 10902
a: [3,7753,7,3,1,7718]
s: 7753
d: [2,10851,0,10,1,2,23,5431,4714]
a: [3,10907,0,10,1,10851]
s: 10907
d: [2,10590,7,6,2,1,44,7744,763]
d: [2,10593,7,3,1,2,21,10590,1470]
a: [3,10596,7,3,1,10593]
s: 10596
d: [2,10852,0,10,1,2,23,5572,4714]
a: [3,10912,0,10,1,10852]
s: 10912
d: [2,10853,0,11,1,2,23,5963,4714]
a: [3,10917,0,11,1,10853]
s: 10917
a: [3,9185,8,3,1,9181]
s: 9185
d: [2,10854,0,11,1,2,23,5988,4714]
a: [3,10922,0,11,1,10854]
s: 10922
a: [3,9376,8,3,1,9372]
s: 9376
d: [2,10855,0,11,1,2,23,6030,4714]
a: [3,10927,0,11,1,10855]
s: 10927
d: [2,10856,0,11,1,2,23,6312,4714]
a: [3,10932,0,11,1,10856]
s: 10932
d: [2,10835,8,6,2,1,44,7749,763]
d: [2,10836,8,3,1,2,21,10835,1470]
a: [3,10839,8,3,1,10836]
s: 10839
d: [2,10846,1,5,1,2,23,4685,4714]
a: [3,10882,1,5,1,10846]
s: 10882
d: [2,11009,8,6,2,1,44,7754,763]
d: [2,11010,8,3,1,2,21,11009,1470]
a: [3,11013,8,3,1,11010]
s: 11013
d: [2,10847,1,5,1,2,23,4709,4714]
a: [3,10887,1,5,1,10847]
s: 10887
d: [2,10849,1,5,1,2,23,5342,4714]
a: [3,10897,1,5,1,10849]
s: 10897
d: [2,6901,2,6,2,1,40,3173,2728]
d: [2,6907,2,4,1,2,21,6901,2741]
a: [3,6911,2,4,1,6907]
s: 6911
r: 6911
d: [2,5213,1,15,5,0,44,825,835]
d: [2,5254,1,12,4,0,21,5213,730]
d: [2,5255,1,9,3,0,21,5254,730]
s: 5255
a: [3,6910,2,4,1,6907]
s: 6910
d: [2,8483,1,13,6,0,44,814,746]
d: [2,8500,1,11,5,0,18,8483]
d: [2,8503,1,9,4,0,21,8500,718]
s: 8503
d: [2,8484,1,13,6,0,44,815,746]
d: [2,8499,1,11,5,0,18,8484]
d: [2,8504,1,9,4,0,21,8499,718]
s: 8504
a: [3,7279,2,4,1,7265]
s: 7279
r: 7279
d: [2,8654,1,11,4,0,40,827,792]
d: [2,8665,1,9,3,1,21,8654,902]
s: 8665
s: 7275
d: [2,9059,1,11,3,1,44,833,980]
d: [2,9100,1,9,2,2,21,9059,1919]
s: 9100
d: [2,9218,1,15,5,0,44,825,835]
d: [2,9259,1,12,4,0,21,9218,730]
d: [2,9260,1,9,3,0,21,9259,730]
s: 9260
a: [3,7278,2,4,1,7265]
s: 7278
d: [2,2393,1,10,4,0,44,777,743]
s: 2393
d: [2,9982,3,8,2,1,44,6599,763]
d: [2,9983,3,4,1,1,21,9982,798]
a: [3,9987,3,4,1,9983]
s: 9987
d: [2,2406,1,10,4,0,44,779,743]
s: 2406
d: [2,2714,1,10,3,0,40,792,793]
s: 2714
d: [2,9997,3,8,2,1,44,6635,763]
d: [2,9999,3,4,1,1,21,9997,798]
a: [3,10003,3,4,1,9999]
s: 10003
d: [2,3177,1,12,4,0,40,844,792]
d: [2,3182,1,10,3,1,21,3177,907]
s: 3182
d: [2,10007,3,12,3,1,40,6681,769]
a: [3,10016,3,4,1,10007]
s: 10016
r: 10016
d: [2,3188,1,12,4,0,40,845,792]
d: [2,3193,1,10,3,1,21,3188,907]
s: 3193
d: [2,3199,1,12,4,0,40,846,792]
d: [2,3204,1,10,3,1,21,3199,907]
s: 3204
a: [3,10012,3,4,1,10007]
s: 10012
r: 10012
d: [2,3211,1,12,4,0,40,847,792]
d: [2,3216,1,10,3,1,21,3211,907]
s: 3216
a: [3,10011,3,4,1,10007]
s: 10011
d: [2,3976,1,13,3,1,44,833,1065]
d: [2,4005,1,10,2,2,21,3976,2920]
s: 4005
d: [2,3978,1,13,3,1,44,833,2515]
d: [2,4007,1,10,2,2,21,3978,2546]
s: 4007
a: [3,10015,3,4,1,10007]
s: 10015
d: [2,4301,1,15,5,0,44,847,848]
d: [2,4303,1,10,3,0,18,4301]
s: 4303
a: [3,10020,3,4,1,10007]
s: 10020
r: 10015
r: 10020
d: [2,4304,1,15,5,0,44,846,849]
d: [2,4306,1,10,3,0,18,4304]
s: 4306
d: [2,4309,1,15,5,0,44,845,850]
d: [2,4310,1,10,3,0,18,4309]
s: 4310
d: [2,11809,2,10,3,1,44,4310,1140]
d: [2,11819,2,6,2,2,21,11809,7278]
d: [2,11820,2,3,1,3,21,11819,2401]
d: [2,11821,2,0,0,4,21,11820,1470]
e: 11821
r: 7278
s: 7279
d: [2,4313,1,15,5,0,44,844,851]
d: [2,4314,1,10,3,0,18,4313]
s: 4314
s: 10016
d: [2,4319,1,15,5,0,44,847,852]
d: [2,4320,1,10,3,0,18,4319]
s: 4320
d: [2,4339,1,15,5,0,44,846,853]
d: [2,4340,1,10,3,0,18,4339]
s: 4340
a: [3,10019,3,4,1,10007]
s: 10019
d: [2,4355,1,16,3,1,44,4352,831]
d: [2,4372,1,13,2,2,21,4355,2546]
d: [2,4373,1,10,1,3,21,4372,2920]
a: [3,4377,1,10,1,4373]
s: 4377
d: [2,10008,3,8,2,1,44,6681,763]
d: [2,10022,3,4,1,1,21,10008,798]
a: [3,10026,3,4,1,10022]
s: 10026
d: [2,4446,1,16,3,1,44,4442,831]
d: [2,4463,1,13,2,2,21,4446,2546]
d: [2,4464,1,10,1,3,21,4463,2920]
a: [3,4468,1,10,1,4464]
s: 4468
d: [2,4451,1,16,2,1,44,743,4442]
a: [3,4482,1,10,1,4451]
s: 4482
d: [2,10035,3,8,2,1,44,6720,764]
d: [2,10036,3,4,1,1,21,10035,798]
a: [3,10040,3,4,1,10036]
s: 10040
d: [2,4637,1,16,3,1,44,4632,831]
d: [2,4667,1,13,2,2,21,4637,2546]
d: [2,4668,1,10,1,3,21,4667,2920]
a: [3,4672,1,10,1,4668]
s: 4672
d: [2,10047,3,8,2,1,44,6749,764]
d: [2,10049,3,4,1,1,21,10047,798]
a: [3,10053,3,4,1,10049]
s: 10053
d: [2,4786,1,12,3,1,44,834,980]
d: [2,4817,1,10,2,2,21,4786,1919]
s: 4817
d: [2,4792,1,12,3,1,44,834,980]
d: [2,4826,1,10,2,2,21,4792,1919]
s: 4826
d: [2,10060,3,12,3,1,40,6802,769]
a: [3,10069,3,4,1,10060]
s: 10069
r: 10069
d: [2,5123,1,17,3,1,44,4871,832]
d: [2,5134,1,13,2,2,21,5123,3016]
d: [2,5135,1,10,1,3,21,5134,2546]
a: [3,5139,1,10,1,5135]
s: 5139
a: [3,10065,3,4,1,10060]
s: 10065
r: 10065
d: [2,5315,1,16,3,1,44,5313,832]
d: [2,5326,1,12,2,2,21,5315,3016]
d: [2,5327,1,10,1,3,21,5326,942]
a: [3,5331,1,10,1,5327]
s: 5331
d: [2,5499,1,17,3,1,44,5497,832]
d: [2,5510,1,13,2,2,21,5499,3049]
d: [2,5511,1,10,1,3,21,5510,2546]
a: [3,5515,1,10,1,5511]
s: 5515
a: [3,10064,3,4,1,10060]
s: 10064
d: [2,5574,1,17,3,1,44,5572,832]
d: [2,5585,1,15,2,2,21,5574,942]
a: [3,5589,1,10,1,5585]
s: 5589
a: [3,10068,3,4,1,10060]
s: 10068
d: [2,8429,1,10,4,0,44,777,743]
s: 8429
d: [2,8430,1,10,4,0,44,779,743]
s: 8430
a: [3,10073,3,4,1,10060]
s: 10073
r: 10068
r: 10073
d: [2,9053,1,13,3,1,44,833,1065]
d: [2,9093,1,10,2,2,21,9053,2920]
s: 9093
s: 10069
d: [2,9054,1,13,3,1,44,833,2515]
d: [2,9094,1,10,2,2,21,9054,2546]
s: 9094
d: [2,9138,1,12,3,1,44,834,980]
d: [2,9171,1,10,2,2,21,9138,1919]
s: 9171
a: [3,10072,3,4,1,10060]
s: 10072
d: [2,9145,1,12,3,1,44,834,980]
d: [2,9179,1,10,2,2,21,9145,1919]
s: 9179
d: [2,10061,3,8,2,1,44,6802,764]
d: [2,10075,3,4,1,1,21,10061,798]
a: [3,10079,3,4,1,10075]
s: 10079
d: [2,11016,1,16,3,1,44,10892,832]
d: [2,11033,1,12,2,2,21,11016,3016]
d: [2,11034,1,10,1,3,21,11033,942]
a: [3,11038,1,10,1,11034]
s: 11038
d: [2,11104,1,17,3,1,44,10912,832]
d: [2,11121,1,15,2,2,21,11104,942]
a: [3,11125,1,10,1,11121]
s: 11125
d: [2,10107,3,4,1,1,40,8036,800]
a: [3,10114,3,4,1,10107]
s: 10114
d: [2,2655,1,11,3,0,44,747,741]
s: 2655
d: [2,10118,3,4,1,1,40,8043,800]
a: [3,10125,3,4,1,10118]
s: 10125
d: [2,12532,1,8,2,0,21,2655,1835]
s: 12532
d: [2,2657,1,11,3,0,44,741,747]
s: 2657
d: [2,11440,3,4,1,1,40,7279,2354]
a: [3,11454,3,4,1,11440]
s: 11454
d: [2,3990,1,13,5,0,44,821,833]
d: [2,4014,1,11,4,0,21,3990,718]
s: 4014
d: [2,11441,3,4,1,1,40,7279,2355]
a: [3,11459,3,4,1,11441]
s: 11459
d: [2,4781,1,14,3,1,44,834,1065]
d: [2,4809,1,11,2,2,21,4781,2920]
s: 4809
d: [2,4783,1,14,3,1,44,834,2515]
d: [2,4811,1,11,2,2,21,4783,2546]
s: 4811
d: [2,11442,3,4,1,2,40,7279,2362]
a: [3,11464,3,4,1,11442]
s: 11464
d: [2,4787,1,14,3,1,44,834,1065]
d: [2,4818,1,11,2,2,21,4787,2920]
s: 4818
d: [2,11443,3,4,1,1,40,7279,2363]
a: [3,11469,3,4,1,11443]
s: 11469
d: [2,4789,1,14,3,1,44,834,2515]
d: [2,4820,1,11,2,2,21,4789,2546]
s: 4820
d: [2,5173,1,13,3,1,44,755,1781]
d: [2,5178,1,11,2,2,21,5173,1888]
s: 5178
d: [2,13021,2,0,0,4,52,897,892,5178]
e: 13021
d: [2,13025,2,11,2,3,44,892,5178]
d: [2,13030,2,2,1,3,19,13025]
d: [2,13036,2,0,0,4,21,13030,897]
e: 13036
i: [1,588,0,3,1,0,0,255] dt_k6_complex1
f: 13036,1882,1777,1669,592,588,585,571,572
% Refutation found. Thanks to Tanya!
% SZS status Theorem for complex1__t80_complex1
% SZS output start Proof for complex1__t80_complex1
1. ! [X0] : (v1_xcmplx_0(X0) => k17_complex1(k13_complex1(1,X0)) = k13_complex1(1,k17_complex1(X0))) [input t80_complex1]
2. ~! [X0] : (v1_xcmplx_0(X0) => k17_complex1(k13_complex1(1,X0)) = k13_complex1(1,k17_complex1(X0))) [negated conjecture 1]
220. ! [X0] : (m1_subset_1(X0,k2_numbers) => v1_xcmplx_0(X0)) [input cc3_xcmplx_0]
274. m1_subset_1(k6_complex1,k2_numbers) [input dt_k6_complex1]
294. 1 = k6_complex1 [input d4_complex1]
299. 1 = k17_complex1(k6_complex1) [input t48_complex1]
300. ! [X0] : (v1_xcmplx_0(X0) => ! [X1] : (v1_xcmplx_0(X1) => k13_complex1(k17_complex1(X0),k17_complex1(X1)) = k17_complex1(k13_complex1(X0,X1)))) [input t67_complex1]
324. ? [X0] : (k17_complex1(k13_complex1(1,X0)) != k13_complex1(1,k17_complex1(X0)) & v1_xcmplx_0(X0)) [ennf transformation 2]
379. ! [X0] : (! [X1] : (k13_complex1(k17_complex1(X0),k17_complex1(X1)) = k17_complex1(k13_complex1(X0,X1)) | ~v1_xcmplx_0(X1)) | ~v1_xcmplx_0(X0)) [ennf transformation 300]
382. ! [X0] : (v1_xcmplx_0(X0) | ~m1_subset_1(X0,k2_numbers)) [ennf transformation 220]
534. ? [X0] : (k17_complex1(k13_complex1(1,X0)) != k13_complex1(1,k17_complex1(X0)) & v1_xcmplx_0(X0)) => (k17_complex1(k13_complex1(1,sK0)) != k13_complex1(1,k17_complex1(sK0)) & v1_xcmplx_0(sK0)) [choice axiom]
535. k17_complex1(k13_complex1(1,sK0)) != k13_complex1(1,k17_complex1(sK0)) & v1_xcmplx_0(sK0) [skolemisation 324,534]
571. v1_xcmplx_0(sK0) [cnf transformation 535] {a:0,w:2,wCS:200,goal:1,sine:0,thAx:0,allAx:2,thDist:-2}
572. k17_complex1(k13_complex1(1,sK0)) != k13_complex1(1,k17_complex1(sK0)) [cnf transformation 535] {a:0,w:9,wCS:900,goal:1,sine:0,thAx:0,allAx:2,thDist:-2}
585. 1 = k6_complex1 [cnf transformation 294] {a:0,w:3,wCS:1200,sine:255,thAx:0,allAx:1,thDist:-1}
588. m1_subset_1(k6_complex1,k2_numbers) [cnf transformation 274] {a:0,w:3,wCS:1200,sine:255,thAx:0,allAx:1,thDist:-1}
592. 1 = k17_complex1(k6_complex1) [cnf transformation 299] {a:0,w:4,wCS:1600,sine:255,thAx:0,allAx:1,thDist:-1}
755. k13_complex1(k17_complex1(X0),k17_complex1(X1)) = k17_complex1(k13_complex1(X0,X1)) | ~v1_xcmplx_0(X1) | ~v1_xcmplx_0(X0) [cnf transformation 379] {a:0,w:14,wCS:5600,nSel:1,sine:1,thAx:0,allAx:1,thDist:-1}
758. ~m1_subset_1(X0,k2_numbers) | v1_xcmplx_0(X0) [cnf transformation 382] {a:0,w:5,wCS:2000,nSel:1,sine:2,thAx:0,allAx:1,thDist:-1}
890. 1 <=> k17_complex1(k13_complex1(1,sK0)) = k13_complex1(1,k17_complex1(sK0)) [avatar definition]
892. k17_complex1(k13_complex1(1,sK0)) != k13_complex1(1,k17_complex1(sK0)) <- (~1) [avatar component clause 890] {a:0,w:9,wCS:900,nSel:1,goal:1,sine:255,thAx:0,allAx:2,thDist:-2}
893. ~1 [avatar split clause 572,890]
895. 2 <=> v1_xcmplx_0(sK0) [avatar definition]
897. v1_xcmplx_0(sK0) <- (2) [avatar component clause 895] {a:0,w:2,wCS:200,nSel:1,goal:1,sine:255,thAx:0,allAx:2,thDist:-2}
898. 2 [avatar split clause 571,895]
956. 14 <=> 1 = k6_complex1 [avatar definition]
958. 1 = k6_complex1 <- (14) [avatar component clause 956] {a:0,w:3,wCS:1200,nSel:1,sine:255,thAx:0,allAx:1,thDist:-1}
959. 14 [avatar split clause 585,956]
966. 16 <=> m1_subset_1(k6_complex1,k2_numbers) [avatar definition]
968. m1_subset_1(k6_complex1,k2_numbers) <- (16) [avatar component clause 966] {a:0,w:3,wCS:1200,sine:255,thAx:0,allAx:1,thDist:-1}
970. 16 [avatar split clause 588,966]
983. 19 <=> 1 = k17_complex1(k6_complex1) [avatar definition]
985. 1 = k17_complex1(k6_complex1) <- (19) [avatar component clause 983] {a:0,w:4,wCS:1600,sine:255,thAx:0,allAx:1,thDist:-1}
986. 19 [avatar split clause 592,983]
1669. m1_subset_1(1,k2_numbers) <- (14, 16) [forward demodulation 968,958] {a:0,w:3,wCS:1200,sine:255,thAx:0,allAx:1,thDist:-1}
1671. 156 <=> m1_subset_1(1,k2_numbers) [avatar definition]
1673. m1_subset_1(1,k2_numbers) <- (156) [avatar component clause 1671] {a:0,w:3,wCS:1200,nSel:1,sine:255,thAx:0,allAx:1,thDist:-1}
1674. 156 | ~14 | ~16 [avatar split clause 1669,966,956,1671]
1777. 1 = k17_complex1(1) <- (14, 19) [forward demodulation 985,958] {a:0,w:4,wCS:1600,sine:255,thAx:0,allAx:1,thDist:-1}
1779. 173 <=> 1 = k17_complex1(1) [avatar definition]
1781. 1 = k17_complex1(1) <- (173) [avatar component clause 1779] {a:0,w:4,wCS:1600,nSel:1,sine:255,thAx:0,allAx:1,thDist:-1}
1782. 173 | ~14 | ~19 [avatar split clause 1777,983,956,1779]
1882. v1_xcmplx_0(1) <- (156) [resolution 758,1673] {a:1,w:2,wCS:800,sine:2,thAx:0,allAx:2,thDist:-2}
1886. 187 <=> v1_xcmplx_0(1) [avatar definition]
1888. v1_xcmplx_0(1) <- (187) [avatar component clause 1886] {a:1,w:2,wCS:800,nSel:1,sine:255,thAx:0,allAx:2,thDist:-2}
1889. 187 | ~156 [avatar split clause 1882,1671,1886]
5173. k17_complex1(k13_complex1(1,X0)) = k13_complex1(1,k17_complex1(X0)) | ~v1_xcmplx_0(X0) | ~v1_xcmplx_0(1) <- (173) [superposition 755,1781] {a:1,w:13,wCS:5200,sine:1,thAx:0,allAx:2,thDist:-2}
5178. k17_complex1(k13_complex1(1,X0)) = k13_complex1(1,k17_complex1(X0)) | ~v1_xcmplx_0(X0) <- (173, 187) [subsumption resolution 5173,1888] {a:1,w:11,wCS:4400,nSel:1,sine:1,thAx:0,allAx:2,thDist:-2}
13025. k17_complex1(k13_complex1(1,sK0)) != k17_complex1(k13_complex1(1,sK0)) | ~v1_xcmplx_0(sK0) <- (~1, 173, 187) [superposition 892,5178] {a:2,w:11,wCS:1100,goal:1,sine:1,thAx:0,allAx:4,thDist:-4}
13030. ~v1_xcmplx_0(sK0) <- (~1, 173, 187) [trivial inequality removal 13025] {a:2,w:2,wCS:200,goal:1,sine:1,thAx:0,allAx:4,thDist:-4}
13036. $false <- (~1, 2, 173, 187) [subsumption resolution 13030,897] {a:2,w:0,goal:1,sine:1,thAx:0,allAx:4,thDist:-4}
13037. 1 | ~2 | ~173 | ~187 [avatar contradiction clause 13036]
13046. $false [avatar sat refutation 893,898,959,970,986,1674,1782,1889,13037] {a:0,w:0,goal:1,sine:0,thAx:0,allAx:9165,thDist:-9165}
% SZS output end Proof for complex1__t80_complex1
% ------------------------------
% Version: Vampire 4.5.1 (commit 226f88162 on 2021-09-12 20:13:44 +0200)
% Termination reason: Refutation

% >>> Input
% Input formulas: 304
% >>> Preprocessing
% Introduced skolems: 18
% Pure predicates: 4
% Unused predicate definitions: 1
% 
% >>> Saturation
% Initial clauses: 318
% Generated clauses: 9310
% Active clauses: 978
% Passive clauses: 2476
% Final active clauses: 733
% Final passive clauses: 1287
% Main loop iterations started: 1146
% 
% >>> Simplifying Inferences
% Duplicate literals: 699
% Trivial inequalities: 1
% Fw subsumption resolutions: 2086
% Fw demodulations: 221
% Bw demodulations: 25
% 
% >>> Deletion Inferences
% Simple tautologies: 429
% Equational tautologies: 3
% Forward subsumptions: 2301
% Backward subsumptions: 71
% Fw demodulations to eq. taut.: 10
% 
% >>> Generating Inferences
% Binary resolution: 1384
% Unit resulting resolution: 104
% Forward superposition: 2117
% Backward superposition: 1384
% Self superposition: 9
% 
% >>> AVATAR
% Split clauses: 315
% Split components: 786
% Sat splitting refutations: 148
% 
% >>> SAT Solver Statistics
% SAT solver clauses: 1350
% SAT solver unit clauses: 167
% SAT solver binary clauses: 286
% 
% Memory used [KB]: 12409
% Time elapsed: 0.101 s
% ------------------------------
% ------------------------------
% Time measurement results:
% parsing: 0.001 s
% property evaluation: 0.001 s
% preprocessing: 0.001 s ( own 0.0000 s ) 
% SAT solver time: 0.005 s
% minimizing solver time: 0.001 s
% sat proof minimization: 0.001 s
% term sharing: 0.006 s
% splitting model update: 0.001 s
% congruence closure: 0.019 s ( own 0.018 s ) 
% backward subsumption index maintenance: 0.001 s
% backward demodulation index maintenance: 0.001 s
% splitting component index maintenance: 0.001 s
% forward subsumption: 0.005 s
% forward subsumption resolution: 0.007 s
% backward subsumption: 0.003 s
% forward demodulation: 0.002 s
% resolution: 0.002 s
% unit resulting resolution: 0.016 s ( own 0.012 s ) 
% superposition: 0.013 s ( own 0.011 s ) 
% other: 0.101 s ( own 0.022 s ) 

