i: [1,46,0,3,1,1,0,0] l2_xtuple_0
a: [3,80,0,3,1,46]
s: 80
i: [1,45,0,6,1,1,0,0] l2_xtuple_0
a: [3,85,0,6,1,45]
s: 85
i: [1,47,0,2,1,0,0,255] dt_o_0_0_xboole_0
a: [3,90,0,2,1,47]
s: 90
i: [1,48,0,2,1,0,0,255] fc1_xboole_0
a: [3,95,0,2,1,48]
s: 95
i: [1,67,0,2,1,0,0,2] rc2_xboole_0
a: [3,105,0,2,1,67]
s: 105
i: [1,68,0,2,1,0,0,2] rc1_xboole_0
a: [3,110,0,2,1,68]
s: 110
i: [1,50,0,3,1,0,0,1] fc2_xboole_0
s: 50
i: [1,49,0,3,1,0,0,255] d2_xboole_0
a: [3,100,0,3,1,49]
s: 100
r: 90
i: [1,64,0,4,1,0,0,1] fc3_xboole_0
s: 64
i: [1,70,0,4,1,0,0,1] d1_tarski
s: 70
i: [1,51,0,5,2,0,0,255] t6_boole
s: 51
i: [1,57,0,5,2,0,0,2] t7_boole
s: 57
i: [1,73,0,5,1,0,0,1] d2_tarski
s: 73
d: [2,118,1,4,1,1,44,73,85]
a: [3,122,1,4,1,118]
s: 122
i: [1,75,0,5,1,0,0,1] d2_tarski
s: 75
i: [1,66,0,6,2,0,0,2] antisymmetry_r2_hidden
s: 66
d: [2,126,1,4,1,1,44,75,85]
a: [3,130,1,4,1,126]
s: 130
i: [1,56,0,7,3,0,0,1] t8_boole
s: 56
d: [2,135,2,4,1,1,40,66,122]
a: [3,139,2,4,1,135]
s: 139
i: [1,65,0,7,1,0,0,1] commutativity_k2_tarski
s: 65
i: [1,71,0,7,2,0,0,1] d1_tarski
s: 71
d: [2,154,2,0,0,2,52,80,130,71]
e: 154
d: [2,157,2,3,1,1,40,71,130]
d: [2,159,2,0,0,2,21,157,80]
e: 159
f: 159,126,45,46
% Refutation found. Thanks to Tanya!
% SZS status Theorem for xtuple_0__l2_xtuple_0
% SZS output start Proof for xtuple_0__l2_xtuple_0
1. ! [X0] : ! [X1] : ! [X2] : (k1_tarski(X0) = k2_tarski(X1,X2) => X0 = X1) [input l2_xtuple_0]
2. ~! [X0] : ! [X1] : ! [X2] : (k1_tarski(X0) = k2_tarski(X1,X2) => X0 = X1) [negated conjecture 1]
5. ! [X0] : ! [X1] : (k1_tarski(X0) = X1 <=> ! [X2] : (r2_hidden(X2,X1) <=> X0 = X2)) [input d1_tarski]
6. ! [X0] : ! [X1] : ! [X2] : (k2_tarski(X0,X1) = X2 <=> ! [X3] : (r2_hidden(X3,X2) <=> (X1 = X3 | X0 = X3))) [input d2_tarski]
20. ~! [X0,X1,X2] : (k1_tarski(X0) = k2_tarski(X1,X2) => X0 = X1) [flattening 2]
21. ! [X0,X1] : (k1_tarski(X0) = X1 <=> ! [X2] : (r2_hidden(X2,X1) <=> X0 = X2)) [flattening 5]
24. ! [X0,X1,X2] : (k2_tarski(X0,X1) = X2 <=> ! [X3] : (r2_hidden(X3,X2) <=> (X1 = X3 | X0 = X3))) [flattening 6]
25. ? [X0,X1,X2] : (X0 != X1 & k1_tarski(X0) = k2_tarski(X1,X2)) [ennf transformation 20]
30. ? [X0,X1,X2] : (X0 != X1 & k1_tarski(X0) = k2_tarski(X1,X2)) => (sK0 != sK1 & k1_tarski(sK0) = k2_tarski(sK1,sK2)) [choice axiom]
31. sK0 != sK1 & k1_tarski(sK0) = k2_tarski(sK1,sK2) [skolemisation 25,30]
32. ! [X0,X1] : ((k1_tarski(X0) = X1 | ? [X2] : ((X0 != X2 | ~r2_hidden(X2,X1)) & (X0 = X2 | r2_hidden(X2,X1)))) & (! [X2] : ((r2_hidden(X2,X1) | X0 != X2) & (X0 = X2 | ~r2_hidden(X2,X1))) | k1_tarski(X0) != X1)) [nnf transformation 21]
33. ! [X0,X1] : ((k1_tarski(X0) = X1 | ? [X2] : ((X0 != X2 | ~r2_hidden(X2,X1)) & (X0 = X2 | r2_hidden(X2,X1)))) & (! [X3] : ((r2_hidden(X3,X1) | X0 != X3) & (X0 = X3 | ~r2_hidden(X3,X1))) | k1_tarski(X0) != X1)) [rectify 32]
34. ! [X1,X0] : (? [X2] : ((X0 != X2 | ~r2_hidden(X2,X1)) & (X0 = X2 | r2_hidden(X2,X1))) => ((sK3(X0,X1) != X0 | ~r2_hidden(sK3(X0,X1),X1)) & (sK3(X0,X1) = X0 | r2_hidden(sK3(X0,X1),X1)))) [choice axiom]
35. ! [X0,X1] : ((k1_tarski(X0) = X1 | ((sK3(X0,X1) != X0 | ~r2_hidden(sK3(X0,X1),X1)) & (sK3(X0,X1) = X0 | r2_hidden(sK3(X0,X1),X1)))) & (! [X3] : ((r2_hidden(X3,X1) | X0 != X3) & (X0 = X3 | ~r2_hidden(X3,X1))) | k1_tarski(X0) != X1)) [skolemisation 33,34]
36. ! [X0,X1,X2] : ((k2_tarski(X0,X1) = X2 | ? [X3] : (((X1 != X3 & X0 != X3) | ~r2_hidden(X3,X2)) & ((X1 = X3 | X0 = X3) | r2_hidden(X3,X2)))) & (! [X3] : ((r2_hidden(X3,X2) | (X1 != X3 & X0 != X3)) & ((X1 = X3 | X0 = X3) | ~r2_hidden(X3,X2))) | k2_tarski(X0,X1) != X2)) [nnf transformation 24]
37. ! [X0,X1,X2] : ((k2_tarski(X0,X1) = X2 | ? [X3] : (((X1 != X3 & X0 != X3) | ~r2_hidden(X3,X2)) & (X1 = X3 | X0 = X3 | r2_hidden(X3,X2)))) & (! [X3] : ((r2_hidden(X3,X2) | (X1 != X3 & X0 != X3)) & (X1 = X3 | X0 = X3 | ~r2_hidden(X3,X2))) | k2_tarski(X0,X1) != X2)) [flattening 36]
38. ! [X0,X1,X2] : ((k2_tarski(X0,X1) = X2 | ? [X3] : (((X1 != X3 & X0 != X3) | ~r2_hidden(X3,X2)) & (X1 = X3 | X0 = X3 | r2_hidden(X3,X2)))) & (! [X4] : ((r2_hidden(X4,X2) | (X1 != X4 & X0 != X4)) & (X1 = X4 | X0 = X4 | ~r2_hidden(X4,X2))) | k2_tarski(X0,X1) != X2)) [rectify 37]
39. ! [X2,X1,X0] : (? [X3] : (((X1 != X3 & X0 != X3) | ~r2_hidden(X3,X2)) & (X1 = X3 | X0 = X3 | r2_hidden(X3,X2))) => (((sK4(X0,X1,X2) != X1 & sK4(X0,X1,X2) != X0) | ~r2_hidden(sK4(X0,X1,X2),X2)) & (sK4(X0,X1,X2) = X1 | sK4(X0,X1,X2) = X0 | r2_hidden(sK4(X0,X1,X2),X2)))) [choice axiom]
40. ! [X0,X1,X2] : ((k2_tarski(X0,X1) = X2 | (((sK4(X0,X1,X2) != X1 & sK4(X0,X1,X2) != X0) | ~r2_hidden(sK4(X0,X1,X2),X2)) & (sK4(X0,X1,X2) = X1 | sK4(X0,X1,X2) = X0 | r2_hidden(sK4(X0,X1,X2),X2)))) & (! [X4] : ((r2_hidden(X4,X2) | (X1 != X4 & X0 != X4)) & (X1 = X4 | X0 = X4 | ~r2_hidden(X4,X2))) | k2_tarski(X0,X1) != X2)) [skolemisation 38,39]
45. k1_tarski(sK0) = k2_tarski(sK1,sK2) [cnf transformation 31] {a:0,w:6,wCS:600,goal:1,sine:0,thAx:0,allAx:2,thDist:-2}
46. sK0 != sK1 [cnf transformation 31] {a:0,w:3,wCS:300,goal:1,sine:0,thAx:0,allAx:2,thDist:-2}
52. X0 = X3 | ~r2_hidden(X3,X1) | k1_tarski(X0) != X1 [cnf transformation 35] {a:0,w:10,wCS:4000,sine:1,thAx:0,allAx:2,thDist:-2}
59. r2_hidden(X4,X2) | X0 != X4 | k2_tarski(X0,X1) != X2 [cnf transformation 40] {a:0,w:11,wCS:4400,sine:1,thAx:0,allAx:2,thDist:-2}
71. ~r2_hidden(X3,k1_tarski(X0)) | X0 = X3 [equality resolution 52] {a:0,w:7,wCS:2800,nSel:1,sine:1,thAx:0,allAx:2,thDist:-2}
74. r2_hidden(X4,X2) | k2_tarski(X4,X1) != X2 [equality resolution 59] {a:0,w:8,wCS:3200,sine:1,thAx:0,allAx:2,thDist:-2}
75. r2_hidden(X4,k2_tarski(X4,X1)) [equality resolution 74] {a:0,w:5,wCS:2000,nSel:1,sine:1,thAx:0,allAx:2,thDist:-2}
78. 1 <=> sK0 = sK1 [avatar definition]
80. sK0 != sK1 <- (~1) [avatar component clause 78] {a:0,w:3,wCS:300,nSel:1,goal:1,sine:255,thAx:0,allAx:2,thDist:-2}
81. ~1 [avatar split clause 46,78]
83. 2 <=> k1_tarski(sK0) = k2_tarski(sK1,sK2) [avatar definition]
85. k1_tarski(sK0) = k2_tarski(sK1,sK2) <- (2) [avatar component clause 83] {a:0,w:6,wCS:600,nSel:1,goal:1,sine:255,thAx:0,allAx:2,thDist:-2}
86. 2 [avatar split clause 45,83]
126. r2_hidden(sK1,k1_tarski(sK0)) <- (2) [superposition 75,85] {a:1,w:4,wCS:400,goal:1,sine:1,thAx:0,allAx:4,thDist:-4}
128. 9 <=> r2_hidden(sK1,k1_tarski(sK0)) [avatar definition]
130. r2_hidden(sK1,k1_tarski(sK0)) <- (9) [avatar component clause 128] {a:1,w:4,wCS:400,nSel:1,goal:1,sine:255,thAx:0,allAx:4,thDist:-4}
131. 9 | ~2 [avatar split clause 126,83,128]
157. sK0 = sK1 <- (9) [resolution 71,130] {a:2,w:3,wCS:300,goal:1,sine:1,thAx:0,allAx:6,thDist:-6}
159. $false <- (~1, 9) [subsumption resolution 157,80] {a:2,w:0,goal:1,sine:1,thAx:0,allAx:6,thDist:-6}
160. 1 | ~9 [avatar contradiction clause 159]
161. $false [avatar sat refutation 81,86,131,160] {a:0,w:0,goal:1,sine:0,thAx:0,allAx:58,thDist:-58}
% SZS output end Proof for xtuple_0__l2_xtuple_0
% ------------------------------
% Version: Vampire 4.5.1 (commit 226f88162 on 2021-09-12 20:13:44 +0200)
% Termination reason: Refutation

% >>> Input
% Input formulas: 18
% Introduced skolems: 7
% 
% >>> Saturation
% Initial clauses: 24
% Generated clauses: 62
% Active clauses: 21
% Passive clauses: 32
% Final active clauses: 20
% Final passive clauses: 11
% Main loop iterations started: 21
% 
% >>> Simplifying Inferences
% Fw subsumption resolutions: 1
% Bw demodulations: 1
% 
% >>> Deletion Inferences
% Simple tautologies: 1
% Equational tautologies: 1
% Forward subsumptions: 13
% 
% >>> Generating Inferences
% Binary resolution: 13
% Unit resulting resolution: 1
% Forward superposition: 3
% Backward superposition: 7
% Self superposition: 1
% 
% >>> AVATAR
% Sat splitting refutations: 2
% 
% >>> SAT Solver Statistics
% SAT solver clauses: 15
% SAT solver unit clauses: 7
% SAT solver binary clauses: 6
% 
% Memory used [KB]: 9338
% Time elapsed: 0.001 s
% ------------------------------
% ------------------------------
% Time measurement results:
% other: 0.001 s

