i: [1,279,0,2,1,1,0,0] t18_funcop_1
a: [3,457,0,2,1,279]
s: 457
i: [1,278,0,2,1,1,0,0] t18_funcop_1
a: [3,462,0,2,1,278]
s: 462
i: [1,280,0,3,1,1,0,0] t18_funcop_1
a: [3,452,0,3,1,280]
s: 452
i: [1,281,0,4,1,1,0,0] t18_funcop_1
a: [3,447,0,4,1,281]
s: 447
i: [1,282,0,8,1,1,0,0] t18_funcop_1
a: [3,442,0,8,1,282]
s: 442
i: [1,283,0,2,1,0,0,1] fc1_xboole_0
a: [3,467,0,2,1,283]
s: 467
i: [1,416,0,2,1,0,0,2] rc2_xboole_0
a: [3,472,0,2,1,416]
s: 472
i: [1,417,0,2,1,0,0,2] rc1_xboole_0
a: [3,477,0,2,1,417]
s: 477
i: [1,419,0,2,1,0,0,255] rc7_funct_1
a: [3,482,0,2,1,419]
s: 482
i: [1,418,0,2,1,0,0,255] rc7_funct_1
a: [3,487,0,2,1,418]
s: 487
i: [1,421,0,2,1,0,0,2] rc1_relat_1
a: [3,492,0,2,1,421]
s: 492
i: [1,420,0,2,1,0,0,2] rc1_relat_1
a: [3,497,0,2,1,420]
s: 497
i: [1,425,0,2,1,0,0,255] rc4_funct_1
a: [3,502,0,2,1,425]
s: 502
i: [1,424,0,2,1,0,0,255] rc4_funct_1
a: [3,507,0,2,1,424]
s: 507
i: [1,423,0,2,1,0,0,255] rc4_funct_1
a: [3,512,0,2,1,423]
s: 512
i: [1,422,0,2,1,0,0,255] rc4_funct_1
a: [3,517,0,2,1,422]
s: 517
i: [1,427,0,2,1,0,0,255] rc2_relat_1
a: [3,522,0,2,1,427]
s: 522
i: [1,426,0,2,1,0,0,255] rc2_relat_1
a: [3,527,0,2,1,426]
s: 527
i: [1,430,0,2,1,0,0,255] rc3_funct_1
a: [3,532,0,2,1,430]
s: 532
i: [1,429,0,2,1,0,0,255] rc3_funct_1
a: [3,537,0,2,1,429]
s: 537
i: [1,428,0,2,1,0,0,255] rc3_funct_1
a: [3,542,0,2,1,428]
s: 542
i: [1,432,0,2,1,0,0,1] rc1_funct_1
a: [3,547,0,2,1,432]
s: 547
i: [1,431,0,2,1,0,0,1] rc1_funct_1
a: [3,552,0,2,1,431]
s: 552
i: [1,435,0,2,1,0,0,255] rc5_funct_1
a: [3,557,0,2,1,435]
s: 557
i: [1,434,0,2,1,0,0,255] rc5_funct_1
a: [3,562,0,2,1,434]
s: 562
i: [1,433,0,2,1,0,0,255] rc5_funct_1
a: [3,567,0,2,1,433]
s: 567
i: [1,438,0,2,1,0,0,255] rc2_funct_1
a: [3,572,0,2,1,438]
s: 572
i: [1,437,0,2,1,0,0,255] rc2_funct_1
a: [3,577,0,2,1,437]
s: 577
i: [1,436,0,2,1,0,0,255] rc2_funct_1
a: [3,582,0,2,1,436]
s: 582
i: [1,284,0,3,1,0,0,255] fc2_xboole_0
s: 284
i: [1,285,0,3,1,0,0,2] fc1_subset_1
s: 285
i: [1,360,0,3,1,0,0,255] rc9_funct_1
s: 360
i: [1,361,0,3,1,0,0,255] rc9_funct_1
s: 361
i: [1,363,0,3,1,0,0,255] rc9_funct_1
s: 363
i: [1,365,0,3,1,0,0,2] rc2_subset_1
s: 365
i: [1,368,0,3,1,0,0,255] reflexivity_r1_tarski
s: 368
i: [1,286,0,4,1,0,0,1] fc2_funcop_1
s: 286
i: [1,287,0,4,1,0,0,255] dt_o_1_1_funcop_1
s: 287
i: [1,303,0,4,2,0,0,255] cc7_funct_1
s: 303
i: [1,304,0,4,2,0,0,1] cc1_funct_1
s: 304
i: [1,305,0,4,2,0,0,2] cc1_relat_1
s: 305
d: [2,584,1,2,1,1,40,303,467]
a: [3,591,1,2,1,584]
s: 591
i: [1,359,0,4,1,0,0,2] existence_m1_subset_1
s: 359
d: [2,587,1,2,1,1,40,303,477]
a: [3,596,1,2,1,587]
s: 596
i: [1,362,0,4,1,0,0,255] rc9_funct_1
s: 362
i: [1,367,0,4,1,0,0,255] rc3_subset_1
s: 367
d: [2,598,1,2,1,1,40,304,467]
a: [3,605,1,2,1,598]
s: 605
i: [1,369,0,4,1,0,0,2] fc6_relat_1
s: 369
d: [2,601,1,2,1,1,40,304,477]
a: [3,610,1,2,1,601]
s: 610
i: [1,370,0,4,1,0,0,1] dt_k3_relat_1
s: 370
i: [1,371,0,4,1,0,0,1] fc1_funcop_1
s: 371
d: [2,612,1,2,1,1,40,305,467]
a: [3,619,1,2,1,612]
s: 619
i: [1,372,0,4,1,0,0,1] fc1_funcop_1
s: 372
d: [2,615,1,2,1,1,40,305,477]
a: [3,624,1,2,1,615]
s: 624
i: [1,396,0,4,1,0,0,255] rc3_relat_1
s: 396
i: [1,399,0,4,1,0,0,255] rc6_funct_1
s: 399
d: [2,586,1,3,1,0,40,303,365]
s: 586
i: [1,402,0,4,1,0,0,255] rc6_funct_1
s: 402
d: [2,600,1,3,1,0,40,304,365]
s: 600
i: [1,404,0,4,1,0,0,255] rc1_relset_1
s: 404
i: [1,405,0,4,1,0,0,255] rc1_relset_1
s: 405
d: [2,614,1,3,1,0,40,305,365]
s: 614
i: [1,289,0,5,2,0,0,2] rc6_subset_1
s: 289
d: [2,585,1,4,1,0,40,303,286]
s: 585
i: [1,293,0,5,2,0,0,2] rc1_subset_1
s: 293
i: [1,295,0,5,2,0,0,2] rc5_subset_1
s: 295
d: [2,599,1,4,1,0,40,304,286]
s: 599
i: [1,296,0,5,2,0,0,2] rc5_subset_1
s: 296
d: [2,613,1,4,1,0,40,305,286]
s: 613
i: [1,306,0,5,2,0,0,1] t6_boole
s: 306
i: [1,307,0,5,2,0,0,255] fc5_xtuple_0
s: 307
d: [2,626,1,4,1,0,40,404,305]
s: 626
i: [1,308,0,5,2,0,0,255] fc11_relat_1
s: 308
d: [2,627,1,4,1,0,40,404,304]
s: 627
i: [1,309,0,5,2,0,0,1] fc10_relat_1
s: 309
i: [1,310,0,5,2,0,0,1] fc4_xtuple_0
s: 310
d: [2,628,1,4,1,0,40,404,303]
s: 628
i: [1,355,0,5,2,0,0,1] t7_boole
s: 355
d: [2,643,1,3,1,1,40,355,447]
a: [3,647,1,3,1,643]
s: 647
i: [1,364,0,5,1,0,0,2] rc2_subset_1
s: 364
i: [1,366,0,5,1,0,0,255] rc3_subset_1
s: 366
d: [2,649,2,2,1,1,40,647,309]
a: [3,653,2,2,1,649]
s: 653
i: [1,397,0,5,1,0,0,255] rc3_relat_1
s: 397
i: [1,398,0,5,1,0,0,255] rc3_relat_1
s: 398
i: [1,400,0,5,1,0,0,255] rc6_funct_1
s: 400
i: [1,401,0,5,1,0,0,255] rc6_funct_1
s: 401
i: [1,406,0,5,1,0,0,255] rc1_relset_1
s: 406
i: [1,407,0,5,1,0,0,255] rc1_relset_1
s: 407
d: [2,636,1,5,2,0,40,307,305]
s: 636
i: [1,298,0,6,2,0,0,255] rc4_subset_1
s: 298
i: [1,335,0,6,3,0,0,255] cc3_relat_1
s: 335
d: [2,655,0,4,2,0,21,335,305]
s: 655
i: [1,337,0,6,3,0,0,255] cc4_relat_1
s: 337
d: [2,656,1,2,1,1,40,655,467]
a: [3,666,1,2,1,656]
s: 666
d: [2,673,0,4,2,0,21,337,305]
s: 673
i: [1,346,0,6,1,0,0,255] t13_funcop_1
s: 346
d: [2,662,1,2,1,1,40,655,477]
a: [3,671,1,2,1,662]
s: 671
i: [1,348,0,6,2,0,0,1] t1_subset
s: 348
d: [2,693,1,4,1,1,40,348,447]
a: [3,697,1,4,1,693]
s: 697
i: [1,373,0,6,2,0,0,1] fc4_funcop_1
s: 373
i: [1,374,0,6,2,0,0,1] fc3_funcop_1
s: 374
d: [2,675,1,2,1,1,40,673,467]
a: [3,685,1,2,1,675]
s: 685
i: [1,377,0,6,2,0,0,1] antisymmetry_r2_hidden
s: 377
d: [2,707,1,4,1,1,40,377,447]
a: [3,711,1,4,1,707]
s: 711
i: [1,288,0,7,2,0,0,2] rc6_subset_1
s: 288
i: [1,292,0,7,2,0,0,2] rc1_subset_1
s: 292
d: [2,681,1,2,1,1,40,673,477]
a: [3,690,1,2,1,681]
s: 690
i: [1,294,0,7,2,0,0,2] rc5_subset_1
s: 294
d: [2,660,1,3,1,0,40,655,365]
s: 660
i: [1,297,0,7,2,0,0,255] rc4_subset_1
s: 297
i: [1,299,0,7,3,0,0,255] cc8_funct_1
s: 299
d: [2,721,2,5,2,1,40,299,697]
a: [3,725,2,3,1,721]
s: 725
i: [1,300,0,7,3,0,0,255] cc8_funct_1
s: 300
d: [2,679,1,3,1,0,40,673,365]
s: 679
i: [1,321,0,7,3,0,0,255] fc9_relat_1
s: 321
i: [1,322,0,7,3,0,0,1] fc8_relat_1
s: 322
d: [2,742,1,14,3,1,44,322,442]
d: [2,744,1,12,2,2,21,742,467]
d: [2,745,1,6,1,2,21,744,370]
a: [3,749,1,6,1,745]
s: 749
i: [1,326,0,7,3,0,0,255] fc25_relat_1
s: 326
d: [2,751,2,6,1,1,40,749,673]
a: [3,759,2,6,1,751]
s: 759
i: [1,327,0,7,3,0,0,1] fc24_relat_1
s: 327
i: [1,343,0,7,3,0,0,255] fc14_funct_1
s: 343
d: [2,776,1,14,3,1,44,327,442]
d: [2,778,1,8,2,1,21,776,370]
a: [3,782,1,6,1,778]
s: 782
i: [1,347,0,7,1,0,0,255] t13_funcop_1
s: 347
d: [2,752,2,6,1,1,40,749,655]
a: [3,764,2,6,1,752]
s: 764
i: [1,353,0,7,2,0,0,255] t3_subset
s: 353
i: [1,354,0,7,3,0,0,1] t8_boole
s: 354
d: [2,754,2,6,1,1,40,749,304]
a: [3,769,2,6,1,754]
s: 769
i: [1,301,0,8,3,0,0,255] cc9_funct_1
s: 301
d: [2,755,2,6,1,1,40,749,303]
a: [3,774,2,6,1,755]
s: 774
i: [1,302,0,8,3,0,0,2] cc5_subset_1
s: 302
i: [1,311,0,8,3,0,0,2] cc1_subset_1
s: 311
d: [2,658,1,4,1,0,40,655,286]
s: 658
i: [1,319,0,8,3,0,0,2] cc2_relat_1
s: 319
d: [2,661,1,4,1,0,40,655,404]
s: 661
i: [1,325,0,8,4,0,0,255] cc6_funct_1
s: 325
i: [1,330,0,8,4,0,0,255] cc2_funct_1
s: 330
d: [2,831,0,6,3,0,21,330,304]
d: [2,832,0,4,2,0,21,831,305]
s: 832
i: [1,333,0,8,4,0,0,255] cc4_funct_1
s: 333
d: [2,837,2,6,1,1,40,832,749]
a: [3,850,2,6,1,837]
s: 850
d: [2,857,0,6,3,0,21,333,304]
d: [2,858,0,4,2,0,21,857,305]
s: 858
i: [1,339,0,8,4,0,0,255] cc5_funct_1
s: 339
d: [2,863,2,6,1,1,40,858,749]
a: [3,876,2,6,1,863]
s: 876
i: [1,345,0,8,1,0,0,255] d2_funcop_1
s: 345
d: [2,833,1,2,1,1,40,832,467]
a: [3,845,1,2,1,833]
s: 845
i: [1,349,0,8,3,0,0,1] t2_subset
s: 349
i: [1,378,0,8,3,0,0,2] fc10_subset_1
s: 378
d: [2,841,1,2,1,1,40,832,477]
a: [3,855,1,2,1,841]
s: 855
i: [1,380,0,8,3,0,0,1] fc13_relat_1
s: 380
d: [2,859,1,2,1,1,40,858,467]
a: [3,871,1,2,1,859]
s: 871
i: [1,381,0,8,3,0,0,1] fc13_relat_1
s: 381
i: [1,382,0,8,3,0,0,1] fc12_relat_1
s: 382
d: [2,867,1,2,1,1,40,858,477]
a: [3,881,1,2,1,867]
s: 881
i: [1,383,0,8,3,0,0,1] fc12_relat_1
s: 383
d: [2,839,1,3,1,0,40,832,365]
s: 839
i: [1,393,0,8,2,0,0,2] cc1_relset_1
s: 393
i: [1,403,0,8,1,0,0,255] rc1_relset_1
s: 403
d: [2,865,1,3,1,0,40,858,365]
s: 865
i: [1,312,0,9,3,0,0,255] cc4_subset_1
s: 312
d: [2,677,1,4,1,0,40,673,286]
s: 677
i: [1,313,0,9,4,0,0,255] cc8_relat_1
s: 313
i: [1,316,0,9,4,0,0,255] cc7_relat_1
s: 316
d: [2,680,1,4,1,0,40,673,404]
s: 680
i: [1,320,0,9,4,0,0,1] fc18_funct_1
s: 320
a: [3,785,1,2,1,778]
s: 785
i: [1,338,0,9,4,0,0,255] fc13_funct_1
s: 338
i: [1,342,0,9,4,0,0,255] fc12_funct_1
s: 342
d: [2,971,2,4,2,1,44,785,306]
s: 971
i: [1,358,0,9,3,0,0,1] t5_subset
s: 358
d: [2,981,1,8,3,0,40,358,288]
d: [2,991,1,6,2,1,21,981,971]
s: 991
i: [1,394,0,9,2,0,0,255] cc2_relset_1
s: 394
i: [1,395,0,9,2,0,0,255] cc2_relset_1
s: 395
d: [2,979,3,7,3,1,40,971,326]
s: 979
i: [1,344,0,10,4,0,0,1] cc3_funct_1
s: 344
d: [2,980,3,7,3,1,40,971,327]
s: 980
i: [1,356,0,10,2,0,0,255] t7_funcop_1
s: 356
i: [1,357,0,10,3,0,0,1] t4_subset
s: 357
d: [2,1027,4,10,3,1,44,980,346]
d: [2,1028,4,6,2,1,21,1027,371]
s: 1028
i: [1,375,0,10,3,0,0,2] cc4_relset_1
s: 375
d: [2,978,3,9,4,1,40,971,342]
s: 978
i: [1,376,0,10,3,0,0,2] cc3_relset_1
s: 376
i: [1,384,0,10,4,0,0,255] fc19_funct_1
s: 384
d: [2,1052,4,8,4,1,40,978,307]
d: [2,1053,4,6,3,1,21,1052,304]
d: [2,1054,4,4,2,1,21,1053,305]
d: [2,1055,4,2,1,1,21,1054,858]
s: 1055
r: 517
r: 497
r: 487
r: 472
r: 295
r: 293
r: 653
r: 321
r: 979
r: 978
r: 284
r: 285
r: 378
r: 373
r: 322
r: 980
r: 647
r: 1028
r: 991
r: 971
r: 858
r: 832
r: 673
r: 655
r: 636
r: 382
r: 380
r: 376
r: 375
r: 374
r: 358
r: 355
r: 354
r: 316
r: 313
r: 312
r: 311
r: 309
r: 307
r: 306
r: 305
r: 304
r: 303
d: [2,1092,5,0,0,2,40,1055,477]
e: 1092
d: [2,1091,5,0,0,1,40,1055,404]
e: 1091
d: [2,1090,5,0,0,1,40,1055,365]
e: 1090
d: [2,1088,5,0,0,2,40,1055,749]
e: 1088
d: [2,1087,5,0,0,1,40,1055,286]
e: 1087
d: [2,1086,5,0,0,2,40,1055,467]
e: 1086
d: [2,1079,5,0,0,2,52,467,1055]
e: 1079
d: [2,1080,5,0,0,4,52,619,666,605,1055,384]
e: 1080
d: [2,1081,5,0,0,1,52,371,658,372,1055,384]
e: 1081
d: [2,1082,5,0,0,3,52,370,764,769,1055,384]
e: 1082
d: [2,1083,5,0,0,1,52,614,660,600,1055,384]
e: 1083
d: [2,1084,5,0,0,1,52,405,661,627,1055,384]
e: 1084
d: [2,1085,5,0,0,4,52,624,671,610,1055,384]
e: 1085
r: 782
r: 1055
r: 785
s: 472
a: [3,786,1,2,1,778]
s: 786
s: 487
s: 497
s: 653
s: 517
s: 647
s: 284
s: 285
a: [3,781,1,6,1,778]
s: 781
s: 303
s: 304
s: 305
s: 655
s: 673
s: 832
s: 858
s: 293
s: 295
d: [2,835,1,4,1,0,40,832,286]
s: 835
s: 306
d: [2,1169,2,4,2,1,44,786,306]
s: 1169
s: 307
s: 309
d: [2,1179,3,2,1,2,40,1169,477]
a: [3,1183,3,2,1,1179]
s: 1183
s: 355
d: [2,1177,3,3,1,1,40,1169,365]
s: 1177
s: 373
s: 374
d: [2,1174,3,4,1,1,40,1169,286]
s: 1174
s: 321
d: [2,1178,3,4,1,1,40,1169,404]
s: 1178
s: 322
s: 354
d: [2,1217,4,12,3,1,40,1174,325]
d: [2,1219,4,8,2,1,21,1217,372]
d: [2,1220,4,4,1,1,21,1219,371]
s: 1220
s: 311
d: [2,1222,4,12,3,1,40,1178,325]
d: [2,1223,4,8,2,1,21,1222,627]
d: [2,1224,4,4,1,1,21,1223,405]
s: 1224
s: 378
s: 380
d: [2,1192,3,5,2,1,40,307,1169]
s: 1192
s: 382
d: [2,1201,3,5,2,1,40,309,1169]
s: 1201
s: 312
s: 313
d: [2,1216,3,6,2,1,40,374,1169]
s: 1216
s: 316
d: [2,1218,4,6,2,1,44,1174,306]
s: 1218
s: 358
s: 375
d: [2,1261,4,6,2,1,44,1201,346]
s: 1261
s: 376
d: [2,1277,4,14,4,1,40,1216,325]
d: [2,1278,4,10,3,1,21,1277,372]
d: [2,1279,4,6,2,1,21,1278,371]
s: 1279
i: [1,389,0,10,4,0,0,255] fc15_relat_1
s: 389
i: [1,390,0,10,4,0,0,255] fc15_relat_1
s: 390
d: [2,1228,5,6,2,1,44,1220,306]
s: 1228
i: [1,290,0,11,4,0,0,255] cc3_subset_1
s: 290
d: [2,1247,3,8,3,1,40,380,1169]
s: 1247
i: [1,291,0,11,4,0,0,255] cc2_subset_1
s: 291
i: [1,410,0,11,4,0,0,255] fc29_relat_1
s: 410
d: [2,1257,3,8,3,1,40,382,1169]
s: 1257
i: [1,412,0,11,4,0,0,255] fc30_relat_1
s: 412
d: [2,1325,1,11,4,0,40,290,288]
d: [2,1338,1,9,3,1,21,1325,1169]
s: 1338
i: [1,414,0,11,2,0,0,255] fc9_relset_1
s: 414
i: [1,415,0,11,2,0,0,1] fc8_relset_1
s: 415
d: [2,1176,3,10,4,1,40,1169,384]
s: 1176
i: [1,387,0,12,5,0,0,1] fc2_funct_1
s: 387
d: [2,1370,4,17,5,1,44,1176,356]
d: [2,1371,4,13,4,1,21,1370,372]
d: [2,1372,4,9,3,1,21,1371,371]
s: 1372
i: [1,388,0,12,5,0,0,1] fc2_funct_1
s: 388
i: [1,391,0,12,4,0,0,255] cc6_relat_1
s: 391
d: [2,1373,5,5,2,1,40,1372,658]
a: [3,1376,5,3,1,1373]
s: 1376
i: [1,392,0,12,4,0,0,255] cc5_relat_1
s: 392
d: [2,1249,4,11,4,1,40,1192,325]
s: 1249
i: [1,411,0,12,4,0,0,255] fc29_relat_1
s: 411
i: [1,413,0,12,4,0,0,255] fc30_relat_1
s: 413
d: [2,1259,4,11,4,1,40,1201,325]
s: 1259
i: [1,408,0,13,5,0,0,255] fc17_funct_1
s: 408
d: [2,1409,5,10,4,1,44,1259,346]
s: 1409
i: [1,409,0,13,5,0,0,255] fc17_funct_1
s: 409
i: [1,379,0,16,6,0,0,255] fc11_funct_1
s: 379
d: [2,1418,2,12,5,1,40,379,697]
d: [2,1423,2,10,4,2,21,1418,457]
d: [2,1424,2,8,3,3,21,1423,462]
d: [2,1425,2,6,2,4,21,1424,653]
a: [3,1429,2,2,1,1425]
s: 1429
i: [1,385,0,16,7,0,0,255] fc7_funct_1
s: 385
d: [2,1342,4,16,5,1,40,1247,325]
d: [2,1343,4,12,4,1,21,1342,370]
s: 1343
i: [1,386,0,16,7,0,0,255] fc7_funct_1
s: 386
i: [1,350,0,18,6,0,0,255] t11_funct_1
s: 350
d: [2,1438,5,16,7,1,40,1343,388]
d: [2,1439,5,14,6,1,18,1438]
d: [2,1440,5,12,5,1,21,1439,304]
d: [2,1441,5,10,4,1,21,1440,305]
s: 1441
i: [1,351,0,20,6,0,0,255] t11_funct_1
s: 351
d: [2,1344,4,16,5,1,40,1257,325]
d: [2,1345,4,12,4,1,21,1344,370]
s: 1345
i: [1,352,0,24,7,0,0,255] t11_funct_1
s: 352
d: [2,840,1,4,1,0,40,832,404]
s: 840
d: [2,1445,5,16,7,1,40,1345,388]
d: [2,1446,5,14,6,1,18,1445]
d: [2,1447,5,12,5,1,21,1446,304]
d: [2,1448,5,10,4,1,21,1447,305]
s: 1448
d: [2,861,1,4,1,0,40,858,286]
s: 861
d: [2,866,1,4,1,0,40,858,404]
s: 866
d: [2,1145,1,4,1,0,40,832,286]
s: 1145
d: [2,1149,1,4,1,0,40,832,404]
s: 1149
d: [2,1152,1,4,1,0,40,858,286]
s: 1152
d: [2,1156,1,4,1,0,40,858,404]
s: 1156
d: [2,1369,4,18,6,1,40,1176,325]
s: 1369
s: 636
d: [2,637,1,5,2,0,40,307,304]
s: 637
d: [2,1464,5,10,4,1,40,637,1249]
d: [2,1465,5,8,3,1,18,1464]
d: [2,1466,5,5,2,1,21,1465,636]
s: 1466
r: 1249
d: [2,638,1,5,2,0,40,307,303]
s: 638
d: [2,1459,5,21,7,1,44,1369,356]
d: [2,1462,5,17,6,1,21,1459,371]
d: [2,1463,5,13,5,1,21,1462,372]
s: 1463
d: [2,639,1,5,2,0,40,309,305]
s: 639
d: [2,640,1,5,2,0,40,309,304]
s: 640
d: [2,1470,5,10,4,1,40,640,1259]
d: [2,1473,5,8,3,1,18,1470]
d: [2,1474,5,5,2,1,21,1473,639]
s: 1474
r: 1259
d: [2,641,1,5,2,0,40,309,303]
s: 641
d: [2,1476,6,6,2,1,44,1474,346]
s: 1476
r: 1409
d: [2,657,1,5,2,0,40,655,309]
s: 657
d: [2,659,1,5,2,0,40,655,307]
s: 659
d: [2,1458,5,23,9,1,40,1369,409]
d: [2,1460,5,19,7,1,18,1458]
d: [2,1461,5,15,6,1,21,1460,408]
s: 1461
d: [2,676,1,5,2,0,40,673,309]
s: 676
d: [2,1484,6,24,7,1,44,1461,356]
d: [2,1485,6,20,6,1,21,1484,371]
d: [2,1486,6,16,5,1,21,1485,372]
s: 1486
d: [2,678,1,5,2,0,40,673,307]
s: 678
d: [2,713,1,5,2,0,40,299,287]
s: 713
d: [2,714,1,5,2,0,40,299,359]
s: 714
d: [2,731,1,5,2,0,40,300,287]
s: 731
d: [2,732,1,5,2,0,40,300,359]
s: 732
d: [2,796,1,5,2,0,40,301,366]
s: 796
d: [2,804,1,5,2,0,40,302,364]
s: 804
d: [2,805,1,5,2,0,40,302,366]
s: 805
d: [2,814,1,5,2,0,40,311,366]
s: 814
d: [2,1497,3,5,2,1,40,814,1169]
s: 1497
d: [2,824,1,5,2,0,40,319,366]
s: 824
d: [2,834,1,5,2,0,40,832,309]
s: 834
d: [2,1498,4,11,4,1,40,1497,325]
s: 1498
d: [2,838,1,5,2,0,40,832,307]
s: 838
d: [2,860,1,5,2,0,40,858,309]
s: 860
d: [2,864,1,5,2,0,40,858,307]
s: 864
d: [2,891,1,8,2,0,40,349,364]
d: [2,899,1,5,1,0,21,891,285]
s: 899
d: [2,892,1,8,2,0,40,349,366]
d: [2,900,1,5,1,0,21,892,285]
s: 900
d: [2,923,1,5,1,0,40,393,366]
s: 923
d: [2,954,1,8,3,0,40,316,362]
d: [2,958,1,5,2,0,21,954,360]
s: 958
d: [2,1185,1,5,2,0,40,307,303]
s: 1185
d: [2,1186,1,5,2,0,40,307,304]
s: 1186
d: [2,1515,3,5,2,1,40,958,1169]
s: 1515
d: [2,1187,1,5,2,0,40,307,305]
s: 1187
d: [2,1516,4,11,4,1,40,1515,325]
d: [2,1517,4,8,3,1,21,1516,363]
d: [2,1518,4,5,2,1,21,1517,360]
s: 1518
d: [2,1188,1,5,2,0,40,307,655]
s: 1188
d: [2,1189,1,5,2,0,40,307,673]
s: 1189
d: [2,1190,1,5,2,0,40,307,832]
s: 1190
d: [2,1191,1,5,2,0,40,307,858]
s: 1191
d: [2,1194,1,5,2,0,40,309,303]
s: 1194
d: [2,1195,1,5,2,0,40,309,304]
s: 1195
d: [2,1196,1,5,2,0,40,309,305]
s: 1196
d: [2,1197,1,5,2,0,40,309,655]
s: 1197
d: [2,1198,1,5,2,0,40,309,673]
s: 1198
d: [2,1199,1,5,2,0,40,309,832]
s: 1199
d: [2,1200,1,5,2,0,40,309,858]
s: 1200
d: [2,1234,1,5,2,0,40,311,366]
s: 1234
d: [2,1280,1,8,3,0,40,316,362]
d: [2,1284,1,5,2,0,21,1280,360]
s: 1284
d: [2,1330,1,9,3,0,40,290,366]
d: [2,1340,1,5,2,0,21,1330,367]
s: 1340
d: [2,1490,2,5,2,0,40,814,303]
s: 1490
d: [2,630,1,6,2,0,44,286,306]
s: 630
d: [2,692,1,6,2,0,44,309,346]
s: 692
d: [2,1491,2,5,2,0,40,814,304]
s: 1491
d: [2,701,1,6,2,0,40,374,673]
s: 701
d: [2,1520,5,10,4,1,40,1491,1498]
d: [2,1521,5,8,3,1,18,1520]
s: 1521
r: 1498
d: [2,702,1,6,2,0,40,374,655]
s: 702
d: [2,705,1,6,2,0,40,374,303]
s: 705
d: [2,1522,6,7,3,1,40,1521,824]
d: [2,1524,6,5,2,1,21,1522,305]
s: 1524
r: 1521
d: [2,720,1,6,2,0,40,299,366]
s: 720
d: [2,1523,6,9,2,1,40,1521,923]
s: 1523
d: [2,738,1,6,2,0,40,300,366]
s: 738
d: [2,777,1,10,3,0,44,327,346]
d: [2,788,1,6,2,0,21,777,371]
s: 788
d: [2,1492,2,5,2,0,40,814,305]
s: 1492
d: [2,798,1,6,2,0,40,301,287]
s: 798
d: [2,1493,2,5,2,0,40,814,655]
s: 1493
d: [2,799,1,6,2,0,40,301,359]
s: 799
d: [2,807,1,6,2,0,40,302,287]
s: 807
d: [2,1494,2,5,2,0,40,814,673]
s: 1494
d: [2,808,1,6,2,0,40,302,359]
s: 808
d: [2,1495,2,5,2,0,40,814,832]
s: 1495
d: [2,816,1,6,2,0,40,311,287]
s: 816
d: [2,817,1,6,2,0,40,311,359]
s: 817
d: [2,1538,3,6,2,1,40,816,1169]
s: 1538
d: [2,826,1,6,2,0,40,319,287]
s: 826
d: [2,1546,3,6,2,1,40,817,1169]
s: 1546
d: [2,827,1,6,2,0,40,319,359]
s: 827
d: [2,836,1,6,2,0,40,832,374]
s: 836
d: [2,1547,4,14,4,1,40,1538,325]
s: 1547
d: [2,862,1,6,2,0,40,858,374]
s: 862
d: [2,1549,5,13,4,1,40,1547,731]
d: [2,1550,5,9,3,1,21,1549,713]
s: 1550
d: [2,885,1,6,2,0,40,349,287]
s: 885
d: [2,886,1,6,2,0,40,349,359]
s: 886
d: [2,1548,4,14,4,1,40,1546,325]
s: 1548
d: [2,925,1,6,1,0,40,393,287]
s: 925
d: [2,1563,5,13,4,1,40,1548,732]
d: [2,1564,5,9,3,1,21,1563,714]
s: 1564
d: [2,926,1,6,1,0,40,393,359]
s: 926
d: [2,942,1,6,2,0,40,312,364]
s: 942
d: [2,1496,2,5,2,0,40,814,858]
s: 1496
d: [2,949,1,10,3,0,40,313,398]
d: [2,952,1,6,2,0,21,949,396]
s: 952
d: [2,1574,3,6,2,1,40,952,1169]
s: 1574
d: [2,950,1,10,3,0,40,313,401]
d: [2,953,1,6,2,0,21,950,399]
s: 953
d: [2,955,1,10,3,0,40,316,397]
d: [2,959,1,6,2,0,21,955,396]
s: 959
d: [2,1584,3,6,2,1,40,953,1169]
s: 1584
d: [2,956,1,10,3,0,40,316,400]
d: [2,960,1,6,2,0,21,956,399]
s: 960
d: [2,1592,3,6,2,1,40,959,1169]
s: 1592
d: [2,963,1,14,4,0,44,320,346]
d: [2,969,1,10,3,0,21,963,372]
d: [2,970,1,6,2,0,21,969,371]
s: 970
d: [2,985,1,6,2,0,40,358,364]
s: 985
d: [2,1603,3,6,2,1,40,960,1169]
s: 1603
d: [2,986,1,6,2,0,40,358,366]
s: 986
d: [2,1593,4,14,4,1,40,1584,325]
d: [2,1594,4,10,3,1,21,1593,402]
d: [2,1595,4,6,2,1,21,1594,399]
s: 1595
d: [2,997,1,6,1,0,40,394,364]
s: 997
d: [2,998,1,6,1,0,40,394,366]
s: 998
d: [2,1612,4,14,4,1,40,1603,325]
d: [2,1613,4,10,3,1,21,1612,402]
d: [2,1614,4,6,2,1,21,1613,399]
s: 1614
d: [2,1008,1,6,1,0,40,395,364]
s: 1008
d: [2,1575,4,14,4,1,40,1574,325]
d: [2,1576,4,10,3,1,21,1575,396]
s: 1576
d: [2,1009,1,6,1,0,40,395,366]
s: 1009
d: [2,1041,1,11,3,0,40,375,292]
d: [2,1050,1,6,2,0,21,1041,293]
s: 1050
d: [2,1635,3,6,2,1,40,1050,1169]
s: 1635
d: [2,1042,1,11,3,0,40,375,294]
d: [2,1051,1,6,2,0,21,1042,295]
s: 1051
d: [2,1604,4,14,4,1,40,1592,325]
d: [2,1605,4,10,3,1,21,1604,396]
s: 1605
d: [2,1058,1,11,3,0,40,376,292]
d: [2,1067,1,6,2,0,21,1058,293]
s: 1067
d: [2,1059,1,11,3,0,40,376,294]
d: [2,1068,1,6,2,0,21,1059,295]
s: 1068
d: [2,1648,3,6,2,1,40,1067,1169]
s: 1648
d: [2,1159,1,6,2,0,44,286,306]
s: 1159
d: [2,1637,4,14,4,1,40,1635,325]
d: [2,1639,4,10,3,1,21,1637,369]
s: 1639
d: [2,1203,1,6,2,0,44,309,346]
s: 1203
d: [2,1209,1,6,2,0,40,374,303]
s: 1209
d: [2,1650,4,14,4,1,40,1648,325]
d: [2,1652,4,10,3,1,21,1650,369]
s: 1652
d: [2,1212,1,6,2,0,40,374,655]
s: 1212
d: [2,1502,2,5,1,0,40,899,377]
s: 1502
d: [2,1213,1,6,2,0,40,374,673]
s: 1213
d: [2,1214,1,6,2,0,40,374,832]
s: 1214
d: [2,1505,2,5,1,0,40,900,377]
s: 1505
d: [2,1215,1,6,2,0,40,374,858]
s: 1215
d: [2,1507,2,5,1,0,44,923,345]
s: 1507
d: [2,1237,1,6,2,0,40,311,287]
s: 1237
d: [2,1238,1,6,2,0,40,311,359]
s: 1238
d: [2,1508,2,5,2,0,40,958,303]
s: 1508
d: [2,1266,1,6,2,0,40,312,364]
s: 1266
d: [2,1511,2,5,2,0,40,958,655]
s: 1511
d: [2,1272,1,10,3,0,40,313,398]
d: [2,1275,1,6,2,0,21,1272,396]
s: 1275
d: [2,1273,1,10,3,0,40,313,401]
d: [2,1276,1,6,2,0,21,1273,399]
s: 1276
d: [2,1513,2,5,2,0,40,958,832]
s: 1513
d: [2,1281,1,10,3,0,40,316,397]
d: [2,1285,1,6,2,0,21,1281,396]
s: 1285
d: [2,1514,2,5,2,0,40,958,858]
s: 1514
d: [2,1282,1,10,3,0,40,316,400]
d: [2,1286,1,6,2,0,21,1282,399]
s: 1286
d: [2,1291,1,6,2,0,40,358,364]
s: 1291
d: [2,1292,1,6,2,0,40,358,366]
s: 1292
d: [2,1299,1,11,3,0,40,375,292]
d: [2,1308,1,6,2,0,21,1299,293]
s: 1308
d: [2,1300,1,11,3,0,40,375,294]
d: [2,1309,1,6,2,0,21,1300,295]
s: 1309
d: [2,1314,1,11,3,0,40,376,292]
d: [2,1323,1,6,2,0,21,1314,293]
s: 1323
d: [2,1315,1,11,3,0,40,376,294]
d: [2,1324,1,6,2,0,21,1315,295]
s: 1324
d: [2,1329,1,9,3,0,40,290,364]
d: [2,1339,1,6,2,0,21,1329,365]
s: 1339
d: [2,629,1,7,3,0,44,306,306]
s: 629
d: [2,632,2,6,2,0,44,585,306]
s: 632
d: [2,791,1,7,3,0,40,301,288]
s: 791
d: [2,792,1,7,3,0,40,301,292]
s: 792
d: [2,818,2,6,2,0,44,658,306]
s: 818
d: [2,793,1,7,3,0,40,301,294]
s: 793
d: [2,948,2,6,2,0,44,677,306]
s: 948
d: [2,794,1,7,3,0,40,301,297]
s: 794
d: [2,797,1,7,3,0,40,301,353]
s: 797
d: [2,1161,2,6,2,0,44,585,306]
s: 1161
d: [2,801,1,7,3,0,40,302,292]
s: 801
d: [2,1165,2,6,2,0,44,658,306]
s: 1165
d: [2,803,1,7,3,0,40,302,297]
s: 803
d: [2,806,1,7,3,0,40,302,353]
s: 806
d: [2,1167,2,6,2,0,44,677,306]
s: 1167
d: [2,809,1,7,3,0,40,311,288]
s: 809
d: [2,1170,2,6,2,0,44,835,306]
s: 1170
d: [2,815,1,7,3,0,40,311,353]
s: 815
d: [2,819,1,7,3,0,40,319,288]
s: 819
d: [2,1469,2,6,2,0,44,639,346]
s: 1469
d: [2,820,1,7,3,0,40,319,292]
s: 820
d: [2,1472,2,6,2,0,44,640,346]
s: 1472
d: [2,821,1,7,3,0,40,319,294]
s: 821
d: [2,822,1,7,3,0,40,319,297]
s: 822
d: [2,1479,2,6,2,0,44,641,346]
s: 1479
d: [2,825,1,7,3,0,40,319,353]
s: 825
d: [2,1483,2,6,2,0,44,657,346]
s: 1483
d: [2,887,1,10,3,0,40,349,288]
d: [2,895,1,7,2,0,21,887,285]
s: 895
d: [2,888,1,10,3,0,40,349,292]
d: [2,896,1,7,2,0,21,888,285]
s: 896
d: [2,1488,2,6,2,0,44,676,346]
s: 1488
d: [2,889,1,10,3,0,40,349,294]
d: [2,897,1,7,2,0,21,889,285]
s: 897
d: [2,1500,2,6,2,0,44,834,346]
s: 1500
d: [2,890,1,10,3,0,40,349,297]
d: [2,898,1,7,2,0,21,890,285]
s: 898
d: [2,893,1,10,3,0,40,349,353]
d: [2,901,1,7,2,0,21,893,285]
s: 901
d: [2,1531,2,6,2,0,40,816,303]
s: 1531
d: [2,924,1,7,2,0,40,393,353]
s: 924
d: [2,1532,2,6,2,0,40,816,304]
s: 1532
d: [2,946,1,7,2,0,40,312,287]
s: 946
d: [2,947,1,7,2,0,40,312,359]
s: 947
d: [2,1695,5,12,4,1,40,1532,1547]
d: [2,1696,5,10,3,1,18,1695]
s: 1696
r: 1547
d: [2,989,1,7,2,0,40,358,287]
s: 989
d: [2,1697,6,8,3,1,40,1696,826]
d: [2,1700,6,6,2,1,21,1697,305]
s: 1700
r: 1550
r: 1696
d: [2,990,1,7,2,0,40,358,359]
s: 990
d: [2,1000,1,7,1,0,40,394,287]
s: 1000
d: [2,1698,6,10,2,1,40,1696,925]
s: 1698
d: [2,1001,1,7,1,0,40,394,359]
s: 1001
d: [2,1533,2,6,2,0,40,816,305]
s: 1533
d: [2,1011,1,7,1,0,40,395,287]
s: 1011
d: [2,1012,1,7,1,0,40,395,359]
s: 1012
d: [2,1534,2,6,2,0,40,816,655]
s: 1534
d: [2,1020,1,7,3,0,40,344,366]
s: 1020
d: [2,1535,2,6,2,0,40,816,673]
s: 1535
d: [2,1033,1,7,2,0,40,357,364]
s: 1033
d: [2,1034,1,7,2,0,40,357,366]
s: 1034
d: [2,1536,2,6,2,0,40,816,832]
s: 1536
d: [2,1045,1,7,2,0,40,375,366]
s: 1045
d: [2,1729,3,7,2,1,40,1045,1169]
s: 1729
d: [2,1062,1,7,2,0,40,376,366]
s: 1062
d: [2,1158,1,7,3,0,44,306,306]
s: 1158
d: [2,1742,3,7,2,1,40,1062,1169]
s: 1742
d: [2,1235,1,7,3,0,40,311,353]
s: 1235
d: [2,1745,4,7,2,1,44,1742,345]
s: 1745
d: [2,1270,1,7,2,0,40,312,287]
s: 1270
d: [2,1271,1,7,2,0,40,312,359]
s: 1271
d: [2,1731,4,17,4,1,40,1729,325]
d: [2,1733,4,12,3,1,21,1731,923]
s: 1733
d: [2,1295,1,7,2,0,40,358,287]
s: 1295
d: [2,1749,5,15,4,1,40,1733,1020]
d: [2,1752,5,11,3,1,21,1749,369]
s: 1752
d: [2,1296,1,7,2,0,40,358,359]
s: 1296
d: [2,1303,1,7,2,0,40,375,366]
s: 1303
d: [2,1744,4,17,4,1,40,1742,325]
d: [2,1746,4,12,3,1,21,1744,923]
s: 1746
d: [2,1318,1,7,2,0,40,376,366]
s: 1318
d: [2,1754,5,15,4,1,40,1746,1020]
d: [2,1757,5,11,3,1,21,1754,369]
s: 1757
d: [2,1346,1,7,1,0,40,414,403]
s: 1346
d: [2,1357,1,7,1,0,40,415,403]
s: 1357
d: [2,1758,6,11,3,1,44,1757,345]
d: [2,1759,6,7,2,1,21,1758,372]
s: 1759
d: [2,715,1,8,3,0,40,299,288]
s: 715
d: [2,1747,5,17,4,1,40,1745,325]
d: [2,1748,5,12,3,1,21,1747,1507]
s: 1748
d: [2,716,1,8,3,0,40,299,292]
s: 716
d: [2,717,1,8,3,0,40,299,294]
s: 717
d: [2,1756,5,12,3,1,44,1746,345]
s: 1756
d: [2,718,1,8,3,0,40,299,297]
s: 718
d: [2,1537,2,6,2,0,40,816,858]
s: 1537
d: [2,733,1,8,3,0,40,300,288]
s: 733
d: [2,734,1,8,3,0,40,300,292]
s: 734
d: [2,1539,2,6,2,0,40,817,303]
s: 1539
d: [2,735,1,8,3,0,40,300,294]
s: 735
d: [2,1540,2,6,2,0,40,817,304]
s: 1540
d: [2,736,1,8,3,0,40,300,297]
s: 736
d: [2,789,1,8,3,0,40,353,300]
s: 789
d: [2,1762,5,12,4,1,40,1540,1548]
d: [2,1763,5,10,3,1,18,1762]
s: 1763
r: 1548
d: [2,790,1,8,3,0,40,353,299]
s: 790
d: [2,1766,6,8,3,1,40,1763,827]
d: [2,1769,6,6,2,1,21,1766,305]
s: 1769
r: 1564
r: 1763
d: [2,903,1,8,3,0,40,380,303]
s: 903
d: [2,904,1,8,3,0,40,380,304]
s: 904
d: [2,1773,5,12,5,1,40,904,1343]
d: [2,1774,5,8,3,1,18,1773]
s: 1774
r: 1343
r: 1441
d: [2,906,1,8,3,0,40,380,655]
s: 906
d: [2,1772,5,12,5,1,40,904,1345]
d: [2,1775,5,10,4,1,21,1772,305]
d: [2,1776,5,8,3,1,21,1775,305]
s: 1776
d: [2,907,1,8,3,0,40,380,673]
s: 907
d: [2,908,1,8,3,0,40,380,832]
s: 908
d: [2,1767,6,10,2,1,40,1763,926]
s: 1767
d: [2,909,1,8,3,0,40,380,858]
s: 909
d: [2,1764,2,5,2,0,40,789,368]
s: 1764
d: [2,911,1,8,3,0,40,382,303]
s: 911
d: [2,912,1,8,3,0,40,382,304]
s: 912
d: [2,1777,5,12,5,1,40,912,1345]
d: [2,1778,5,8,3,1,18,1777]
s: 1778
r: 1345
r: 1448
d: [2,914,1,8,3,0,40,382,655]
s: 914
d: [2,1770,2,5,2,0,40,790,368]
s: 1770
d: [2,915,1,8,3,0,40,382,673]
s: 915
d: [2,916,1,8,3,0,40,382,832]
s: 916
d: [2,1541,2,6,2,0,40,817,305]
s: 1541
d: [2,917,1,8,3,0,40,382,858]
s: 917
d: [2,1542,2,6,2,0,40,817,655]
s: 1542
d: [2,927,1,8,2,0,44,393,345]
s: 927
d: [2,931,1,8,2,0,40,403,302]
s: 931
d: [2,1543,2,6,2,0,40,817,673]
s: 1543
d: [2,933,1,13,2,0,40,403,349]
d: [2,937,1,8,1,0,21,933,285]
s: 937
d: [2,1544,2,6,2,0,40,817,832]
s: 1544
d: [2,938,1,8,3,0,40,312,288]
s: 938
d: [2,944,1,8,3,0,40,312,353]
s: 944
d: [2,1792,2,5,2,0,40,944,368]
s: 1792
s: 981
d: [2,1545,2,6,2,0,40,817,858]
s: 1545
d: [2,987,1,8,3,0,40,358,353]
s: 987
d: [2,999,1,8,2,0,40,394,353]
s: 999
d: [2,1796,2,5,1,0,40,999,368]
s: 1796
d: [2,1010,1,8,2,0,40,395,353]
s: 1010
d: [2,1800,2,5,1,0,40,1010,368]
s: 1800
d: [2,1023,1,8,3,0,40,344,287]
s: 1023
d: [2,1024,1,8,3,0,40,344,359]
s: 1024
d: [2,1799,3,5,1,0,44,1796,345]
s: 1799
d: [2,1037,1,8,2,0,40,357,287]
s: 1037
d: [2,1552,2,6,2,0,40,885,377]
s: 1552
d: [2,1038,1,8,2,0,40,357,359]
s: 1038
d: [2,1047,1,8,2,0,40,375,287]
s: 1047
d: [2,1816,3,8,2,1,40,1047,1169]
s: 1816
d: [2,1048,1,8,2,0,40,375,359]
s: 1048
d: [2,1828,3,8,2,1,40,1048,1169]
s: 1828
d: [2,1064,1,8,2,0,40,376,287]
s: 1064
d: [2,1065,1,8,2,0,40,376,359]
s: 1065
d: [2,1840,3,8,2,1,40,1064,1169]
s: 1840
d: [2,1240,1,8,3,0,40,380,303]
s: 1240
d: [2,1849,3,8,2,1,40,1065,1169]
s: 1849
d: [2,1241,1,8,3,0,40,380,304]
s: 1241
d: [2,1243,1,8,3,0,40,380,655]
s: 1243
d: [2,1852,4,8,2,1,44,1840,345]
s: 1852
d: [2,1244,1,8,3,0,40,380,673]
s: 1244
d: [2,1855,4,8,2,1,44,1849,345]
s: 1855
d: [2,1245,1,8,3,0,40,380,832]
s: 1245
d: [2,1246,1,8,3,0,40,380,858]
s: 1246
d: [2,1818,4,20,4,1,40,1816,325]
d: [2,1820,4,14,3,1,21,1818,925]
s: 1820
d: [2,1250,1,8,3,0,40,382,303]
s: 1250
d: [2,1859,5,16,4,1,40,1820,1023]
d: [2,1863,5,12,3,1,21,1859,369]
s: 1863
d: [2,1251,1,8,3,0,40,382,304]
s: 1251
d: [2,1253,1,8,3,0,40,382,655]
s: 1253
d: [2,1861,5,13,3,1,40,1820,731]
s: 1861
d: [2,1254,1,8,3,0,40,382,673]
s: 1254
d: [2,1830,4,20,4,1,40,1828,325]
d: [2,1832,4,14,3,1,21,1830,926]
s: 1832
d: [2,1255,1,8,3,0,40,382,832]
s: 1255
d: [2,1256,1,8,3,0,40,382,858]
s: 1256
d: [2,1866,5,16,4,1,40,1832,1024]
d: [2,1870,5,12,3,1,21,1866,369]
s: 1870
d: [2,1268,1,8,3,0,40,312,353]
s: 1268
d: [2,1868,5,13,3,1,40,1832,732]
s: 1868
d: [2,1293,1,8,3,0,40,358,353]
s: 1293
d: [2,1305,1,8,2,0,40,375,287]
s: 1305
d: [2,1851,4,20,4,1,40,1840,325]
d: [2,1853,4,14,3,1,21,1851,925]
s: 1853
d: [2,1306,1,8,2,0,40,375,359]
s: 1306
d: [2,1873,5,16,4,1,40,1853,1023]
d: [2,1877,5,12,3,1,21,1873,369]
s: 1877
d: [2,1320,1,8,2,0,40,376,287]
s: 1320
d: [2,1321,1,8,2,0,40,376,359]
s: 1321
d: [2,1878,6,12,3,1,44,1877,345]
d: [2,1879,6,8,2,1,21,1878,372]
s: 1879
d: [2,1351,1,8,1,0,40,414,364]
s: 1351
d: [2,1875,5,13,3,1,40,1853,731]
s: 1875
d: [2,1352,1,8,1,0,40,414,366]
s: 1352
d: [2,1362,1,8,1,0,40,415,364]
s: 1362
d: [2,1854,4,20,4,1,40,1849,325]
d: [2,1856,4,14,3,1,21,1854,926]
s: 1856
d: [2,1363,1,8,1,0,40,415,366]
s: 1363
d: [2,1885,5,16,4,1,40,1856,1024]
d: [2,1889,5,12,3,1,21,1885,369]
s: 1889
d: [2,918,1,9,2,0,40,393,288]
s: 918
d: [2,919,1,9,2,0,40,393,292]
s: 919
d: [2,1892,6,12,3,1,44,1889,345]
d: [2,1893,6,8,2,1,21,1892,372]
s: 1893
d: [2,920,1,9,2,0,40,393,294]
s: 920
d: [2,1887,5,13,3,1,40,1856,732]
s: 1887
d: [2,921,1,9,2,0,40,393,297]
s: 921
d: [2,936,1,9,1,0,44,403,345]
s: 936
d: [2,1876,5,14,3,1,44,1853,345]
s: 1876
d: [2,988,1,9,2,0,40,358,403]
s: 988
d: [2,1888,5,14,3,1,44,1856,345]
s: 1888
d: [2,1002,1,9,2,0,44,394,345]
s: 1002
d: [2,1015,1,9,4,0,40,344,288]
s: 1015
d: [2,1857,5,20,4,1,40,1852,325]
s: 1857
d: [2,1016,1,9,4,0,40,344,292]
s: 1016
d: [2,1858,5,20,4,1,40,1855,325]
s: 1858
d: [2,1017,1,9,4,0,40,344,294]
s: 1017
d: [2,1018,1,9,4,0,40,344,297]
s: 1018
d: [2,1558,2,6,2,0,40,886,377]
s: 1558
d: [2,1021,1,9,4,0,40,344,353]
s: 1021
d: [2,1565,2,6,1,0,44,925,345]
s: 1565
d: [2,1029,1,9,3,0,40,357,288]
s: 1029
d: [2,1030,1,9,3,0,40,357,292]
s: 1030
d: [2,1566,2,6,1,0,44,926,345]
s: 1566
d: [2,1031,1,9,3,0,40,357,294]
s: 1031
d: [2,1567,2,6,2,0,40,952,303]
s: 1567
d: [2,1032,1,9,3,0,40,357,297]
s: 1032
d: [2,1035,1,9,3,0,40,357,353]
s: 1035
d: [2,1568,2,6,2,0,40,952,304]
s: 1568
d: [2,1046,1,9,3,0,40,375,353]
s: 1046
d: [2,1947,5,8,3,1,40,1568,1576]
d: [2,1948,5,6,2,1,18,1947]
s: 1948
r: 1576
d: [2,1063,1,9,3,0,40,376,353]
s: 1063
d: [2,1076,1,17,5,0,44,384,356]
d: [2,1077,1,13,4,0,21,1076,372]
d: [2,1078,1,9,3,0,21,1077,371]
s: 1078
d: [2,1946,5,8,3,1,40,1568,1605]
s: 1946
d: [2,1294,1,9,2,0,40,358,403]
s: 1294
d: [2,1570,2,6,2,0,40,952,655]
s: 1570
d: [2,1304,1,9,3,0,40,375,353]
s: 1304
d: [2,1319,1,9,3,0,40,376,353]
s: 1319
d: [2,1571,2,6,2,0,40,952,673]
s: 1571
d: [2,1354,1,9,1,0,40,414,287]
s: 1354
d: [2,1572,2,6,2,0,40,952,832]
s: 1572
d: [2,1355,1,9,1,0,40,414,359]
s: 1355
d: [2,1365,1,9,1,0,40,415,287]
s: 1365
d: [2,1573,2,6,2,0,40,952,858]
s: 1573
d: [2,1366,1,9,1,0,40,415,359]
s: 1366
d: [2,1577,2,6,2,0,40,953,303]
s: 1577
d: [2,1385,1,9,3,0,40,391,364]
s: 1385
d: [2,1386,1,9,3,0,40,391,366]
s: 1386
d: [2,1580,2,6,2,0,40,953,655]
s: 1580
d: [2,1397,1,9,3,0,40,392,364]
s: 1397
d: [2,1581,2,6,2,0,40,953,673]
s: 1581
d: [2,1398,1,9,3,0,40,392,366]
s: 1398
d: [2,993,1,10,2,0,40,394,288]
s: 993
d: [2,1582,2,6,2,0,40,953,832]
s: 1582
d: [2,994,1,10,2,0,40,394,292]
s: 994
d: [2,1583,2,6,2,0,40,953,858]
s: 1583
d: [2,995,1,10,2,0,40,394,294]
s: 995
d: [2,996,1,10,2,0,40,394,297]
s: 996
d: [2,1585,2,6,2,0,40,959,303]
s: 1585
d: [2,1004,1,10,2,0,40,395,288]
s: 1004
d: [2,1586,2,6,2,0,40,959,304]
s: 1586
d: [2,1005,1,10,2,0,40,395,292]
s: 1005
d: [2,1006,1,10,2,0,40,395,294]
s: 1006
d: [2,1977,5,8,3,1,40,1586,1605]
d: [2,1978,5,6,2,1,18,1977]
s: 1978
r: 1605
d: [2,1007,1,10,2,0,40,395,297]
s: 1007
d: [2,1588,2,6,2,0,40,959,655]
s: 1588
d: [2,1013,1,10,2,0,44,395,345]
s: 1013
d: [2,1036,1,10,2,0,40,357,403]
s: 1036
d: [2,1589,2,6,2,0,40,959,673]
s: 1589
d: [2,1066,1,10,3,0,44,376,345]
s: 1066
d: [2,1590,2,6,2,0,40,959,832]
s: 1590
d: [2,1069,1,10,4,0,40,384,303]
s: 1069
d: [2,1070,1,10,4,0,40,384,304]
s: 1070
d: [2,2010,5,20,8,1,40,1070,1369]
d: [2,2012,5,14,5,1,18,2010]
s: 2012
r: 1369
d: [2,1071,1,10,4,0,40,384,305]
s: 1071
d: [2,2020,6,16,7,1,40,1071,2012]
d: [2,2022,6,10,4,1,18,2020]
s: 2022
r: 1461
r: 2012
d: [2,1072,1,10,4,0,40,384,655]
s: 1072
d: [2,1073,1,10,4,0,40,384,673]
s: 1073
d: [2,2025,7,17,5,1,44,2022,356]
d: [2,2026,7,13,4,1,21,2025,371]
d: [2,2027,7,9,3,1,21,2026,372]
s: 2027
r: 1463
r: 1486
d: [2,1074,1,10,4,0,40,384,832]
s: 1074
d: [2,2016,6,19,6,1,44,2012,356]
d: [2,2018,6,15,5,1,21,2016,371]
d: [2,2019,6,11,4,1,21,2018,372]
s: 2019
d: [2,1075,1,10,4,0,40,384,858]
s: 1075
d: [2,1112,1,10,4,0,40,303,384]
s: 1112
d: [2,1591,2,6,2,0,40,959,858]
s: 1591
d: [2,1119,1,10,4,0,40,304,384]
s: 1119
d: [2,1596,2,6,2,0,40,960,303]
s: 1596
d: [2,1126,1,10,4,0,40,305,384]
s: 1126
d: [2,1133,1,10,4,0,40,655,384]
s: 1133
d: [2,1599,2,6,2,0,40,960,655]
s: 1599
d: [2,1140,1,10,4,0,40,673,384]
s: 1140
d: [2,1600,2,6,2,0,40,960,673]
s: 1600
d: [2,1147,1,10,4,0,40,832,384]
s: 1147
d: [2,1154,1,10,4,0,40,858,384]
s: 1154
d: [2,1601,2,6,2,0,40,960,832]
s: 1601
d: [2,1322,1,10,3,0,44,376,345]
s: 1322
d: [2,1602,2,6,2,0,40,960,858]
s: 1602
d: [2,1331,1,10,4,0,40,290,353]
s: 1331
d: [2,1353,1,10,2,0,40,414,353]
s: 1353
d: [2,1607,2,14,4,0,40,970,325]
d: [2,1608,2,10,3,0,21,1607,372]
d: [2,1609,2,6,2,0,21,1608,371]
s: 1609
d: [2,1364,1,10,2,0,40,415,353]
s: 1364
d: [2,1618,2,6,1,0,44,997,345]
s: 1618
d: [2,1389,1,10,3,0,40,391,287]
s: 1389
d: [2,1390,1,10,3,0,40,391,359]
s: 1390
d: [2,1620,2,6,1,0,44,998,345]
s: 1620
d: [2,1388,1,14,3,0,40,391,403]
d: [2,1391,1,10,2,0,21,1388,369]
s: 1391
d: [2,1628,2,6,2,0,40,1050,303]
s: 1628
d: [2,1401,1,10,3,0,40,392,287]
s: 1401
d: [2,1402,1,10,3,0,40,392,359]
s: 1402
d: [2,1629,2,6,2,0,40,1050,304]
s: 1629
d: [2,1400,1,14,3,0,40,392,403]
d: [2,1403,1,10,2,0,21,1400,369]
s: 1403
d: [2,2062,5,8,3,1,40,1629,1639]
d: [2,2064,5,6,2,1,18,2062]
s: 2064
r: 1639
d: [2,828,1,11,4,0,40,325,296]
s: 828
d: [2,945,1,11,2,0,40,312,403]
s: 945
d: [2,2061,5,8,3,1,40,1629,1652]
s: 2061
d: [2,1040,1,11,3,0,40,375,288]
s: 1040
d: [2,1631,2,6,2,0,40,1050,655]
s: 1631
d: [2,1043,1,11,3,0,40,375,297]
s: 1043
d: [2,1057,1,11,3,0,40,376,288]
s: 1057
d: [2,1632,2,6,2,0,40,1050,673]
s: 1632
d: [2,1060,1,11,3,0,40,376,297]
s: 1060
d: [2,1633,2,6,2,0,40,1050,832]
s: 1633
d: [2,1269,1,11,2,0,40,312,403]
s: 1269
d: [2,1298,1,11,3,0,40,375,288]
s: 1298
d: [2,1634,2,6,2,0,40,1050,858]
s: 1634
d: [2,1301,1,11,3,0,40,375,297]
s: 1301
d: [2,1641,2,6,2,0,40,1067,303]
s: 1641
d: [2,1313,1,11,3,0,40,376,288]
s: 1313
d: [2,1316,1,11,3,0,40,376,297]
s: 1316
d: [2,1642,2,6,2,0,40,1067,304]
s: 1642
d: [2,1333,1,11,3,0,40,290,287]
s: 1333
d: [2,2076,5,8,3,1,40,1642,1652]
d: [2,2078,5,6,2,1,18,2076]
s: 2078
r: 1652
d: [2,1334,1,11,3,0,40,290,359]
s: 1334
d: [2,1332,1,15,3,0,40,290,403]
d: [2,1341,1,11,2,0,21,1332,404]
s: 1341
r: 725
a: [3,729,2,2,1,721]
s: 729
d: [2,1356,1,11,2,0,44,414,345]
s: 1356
d: [2,739,2,5,2,1,40,300,697]
a: [3,2087,2,2,1,739]
s: 2087
d: [2,1367,1,11,2,0,44,415,345]
s: 1367
d: [2,1368,1,11,2,0,44,415,345]
s: 1368
d: [2,1644,2,6,2,0,40,1067,655]
s: 1644
d: [2,1381,1,11,4,0,40,391,288]
s: 1381
d: [2,1645,2,6,2,0,40,1067,673]
s: 1645
d: [2,1382,1,11,4,0,40,391,292]
s: 1382
d: [2,1383,1,11,4,0,40,391,294]
s: 1383
d: [2,1646,2,6,2,0,40,1067,832]
s: 1646
d: [2,1384,1,11,4,0,40,391,297]
s: 1384
d: [2,1647,2,6,2,0,40,1067,858]
s: 1647
d: [2,1387,1,11,4,0,40,391,353]
s: 1387
d: [2,1393,1,11,4,0,40,392,288]
s: 1393
d: [2,1786,2,6,1,0,40,927,287]
s: 1786
d: [2,1394,1,11,4,0,40,392,292]
s: 1394
d: [2,1787,2,6,1,0,40,927,359]
s: 1787
d: [2,1395,1,11,4,0,40,392,294]
s: 1395
d: [2,1396,1,11,4,0,40,392,297]
s: 1396
d: [2,1925,2,6,1,0,40,1002,364]
s: 1925
d: [2,1399,1,11,4,0,40,392,353]
s: 1399
d: [2,1926,2,6,1,0,40,1002,366]
s: 1926
d: [2,1410,1,20,6,0,44,408,356]
d: [2,1411,1,16,5,0,21,1410,372]
d: [2,1412,1,12,4,0,21,1411,371]
s: 1412
d: [2,1415,1,20,6,0,44,409,356]
d: [2,1416,1,16,5,0,21,1415,372]
d: [2,1417,1,12,4,0,21,1416,371]
s: 1417
d: [2,1803,3,6,1,0,44,1800,345]
s: 1803
d: [2,829,1,13,5,0,40,325,326]
s: 829
d: [2,2138,4,8,3,0,40,1803,1417]
a: [3,2143,4,3,1,2138]
s: 2143
r: 1505
r: 1502
r: 711
r: 988
r: 1036
r: 986
r: 1034
r: 985
r: 1033
r: 1558
r: 990
r: 1038
r: 1032
r: 1031
r: 1030
r: 1029
r: 1552
r: 989
r: 1037
r: 352
r: 350
r: 351
r: 1376
r: 2027
r: 1417
r: 1412
r: 1372
r: 1078
r: 1035
r: 987
r: 377
r: 358
r: 357
r: 356
r: 355
r: 348
d: [2,2178,5,0,0,1,40,2143,937]
e: 2178
d: [2,2177,5,0,0,1,40,2143,900]
e: 2177
d: [2,2176,5,0,0,1,40,2143,899]
e: 2176
d: [2,2170,5,0,0,2,40,2143,447]
e: 2170
d: [2,2153,5,0,0,2,52,447,2143]
e: 2153
d: [2,2154,5,0,0,3,52,697,647,2143,349]
e: 2154
d: [2,2155,5,0,0,1,52,364,285,2143,349]
e: 2155
d: [2,2156,5,0,0,1,52,287,284,2143,349]
e: 2156
d: [2,2157,5,0,0,2,52,287,653,2143,349]
e: 2157
d: [2,2158,5,0,0,2,52,287,472,2143,349]
e: 2158
d: [2,2159,5,0,0,2,52,287,487,2143,349]
e: 2159
d: [2,2160,5,0,0,2,52,287,497,2143,349]
e: 2160
d: [2,2161,5,0,0,2,52,287,517,2143,349]
e: 2161
d: [2,2162,5,0,0,1,52,368,2143,901]
e: 2162
d: [2,2163,5,0,0,2,52,647,2143,885]
e: 2163
d: [2,2164,5,0,0,2,52,647,2143,896]
e: 2164
d: [2,2165,5,0,0,2,52,647,2143,897]
e: 2165
d: [2,2166,5,0,0,2,52,647,2143,898]
e: 2166
d: [2,2167,5,0,0,2,52,647,2143,886]
e: 2167
r: 2143
s: 355
s: 348
s: 1376
s: 377
s: 711
s: 358
s: 356
s: 1372
s: 357
d: [2,2255,4,17,5,1,44,1176,356]
d: [2,2275,4,13,4,1,21,2255,372]
d: [2,2276,4,9,3,1,21,2275,371]
s: 2276
s: 350
s: 351
s: 2027
s: 352
d: [2,2256,7,17,5,1,44,2022,356]
d: [2,2277,7,13,4,1,21,2256,371]
d: [2,2278,7,9,3,1,21,2277,372]
s: 2278
s: 985
s: 986
s: 1502
d: [2,2239,1,6,2,0,40,358,364]
s: 2239
s: 1505
d: [2,2240,1,6,2,0,40,358,366]
s: 2240
s: 989
d: [2,2231,2,5,1,0,40,377,899]
s: 2231
s: 990
d: [2,2232,2,5,1,0,40,377,900]
s: 2232
s: 1033
s: 1034
a: [3,2146,4,5,2,2138]
s: 2146
d: [2,2244,1,7,2,0,40,358,287]
s: 2244
d: [2,2139,4,8,3,0,40,1803,1412]
a: [3,2150,4,5,2,2139]
s: 2150
d: [2,2245,1,7,2,0,40,358,359]
s: 2245
d: [2,2285,1,7,2,0,40,357,364]
s: 2285
s: 1552
d: [2,2286,1,7,2,0,40,357,366]
s: 2286
s: 1558
s: 987
s: 1037
d: [2,2224,2,6,2,0,40,377,885]
s: 2224
s: 1038
d: [2,2230,2,6,2,0,40,377,886]
s: 2230
d: [2,2241,1,8,3,0,40,358,353]
s: 2241
d: [2,2290,1,8,2,0,40,357,287]
s: 2290
d: [2,1619,2,12,3,0,40,998,316]
d: [2,1621,2,7,2,0,21,1619,923]
s: 1621
d: [2,2291,1,8,2,0,40,357,359]
s: 2291
d: [2,1623,2,7,1,0,44,1008,345]
s: 1623
s: 988
s: 1029
d: [2,1625,2,7,1,0,44,1009,345]
s: 1625
s: 1030
d: [2,1624,2,12,3,0,40,1009,313]
d: [2,1626,2,7,2,0,21,1624,923]
s: 1626
s: 1031
s: 1032
d: [2,1675,2,7,2,0,40,895,377]
s: 1675
s: 1035
d: [2,1678,2,7,2,0,40,896,377]
s: 1678
s: 1078
d: [2,2243,1,9,2,0,40,358,403]
s: 2243
d: [2,1683,2,7,2,0,40,897,377]
s: 1683
d: [2,2246,1,17,5,0,44,384,356]
d: [2,2257,1,13,4,0,21,2246,372]
d: [2,2258,1,9,3,0,21,2257,371]
s: 2258
d: [2,1688,2,7,2,0,40,898,377]
s: 1688
d: [2,2281,1,9,3,0,40,357,288]
s: 2281
d: [2,2282,1,9,3,0,40,357,292]
s: 2282
d: [2,1691,2,7,2,0,40,901,377]
s: 1691
d: [2,2283,1,9,3,0,40,357,294]
s: 2283
d: [2,1694,2,7,2,0,44,924,345]
s: 1694
d: [2,2284,1,9,3,0,40,357,297]
s: 2284
d: [2,2287,1,9,3,0,40,357,353]
s: 2287
d: [2,1706,2,7,1,0,44,1000,345]
s: 1706
s: 1036
d: [2,1709,2,7,1,0,44,1001,345]
s: 1709
d: [2,2289,1,10,2,0,40,357,403]
s: 2289
s: 1412
d: [2,1722,2,7,2,0,40,1045,303]
s: 1722
s: 1417
d: [2,1723,2,7,2,0,40,1045,304]
s: 1723
d: [2,2247,1,20,6,0,44,408,356]
d: [2,2259,1,16,5,0,21,2247,372]
d: [2,2260,1,12,4,0,21,2259,371]
s: 2260
d: [2,2248,1,20,6,0,44,409,356]
d: [2,2261,1,16,5,0,21,2248,372]
d: [2,2262,1,12,4,0,21,2261,371]
s: 2262
d: [2,2361,5,9,3,1,40,1723,1733]
d: [2,2363,5,7,2,1,18,2361]
s: 2363
r: 1733
r: 1752
d: [2,830,1,13,5,0,40,325,327]
s: 830
d: [2,2360,5,9,3,1,40,1723,1746]
s: 2360
d: [2,1404,1,17,6,0,40,411,313]
d: [2,1405,1,13,5,0,21,1404,370]
s: 1405
d: [2,1406,1,17,6,0,40,413,316]
d: [2,1407,1,13,5,0,21,1406,370]
s: 1407
d: [2,2376,3,13,5,1,40,1405,1169]
s: 2376
d: [2,1347,1,14,2,0,40,414,288]
s: 1347
d: [2,2384,3,13,5,1,40,1407,1169]
s: 2384
d: [2,1348,1,14,2,0,40,414,292]
s: 1348
d: [2,1349,1,14,2,0,40,414,294]
s: 1349
d: [2,2385,4,21,7,1,40,2376,325]
d: [2,2386,4,17,6,1,21,2385,370]
s: 2386
d: [2,1350,1,14,2,0,40,414,297]
s: 1350
d: [2,2388,4,21,7,1,40,2384,325]
d: [2,2389,4,17,6,1,21,2388,370]
s: 2389
d: [2,1358,1,14,2,0,40,415,288]
s: 1358
d: [2,1359,1,14,2,0,40,415,292]
s: 1359
d: [2,2395,5,21,9,1,40,2386,388]
d: [2,2396,5,17,7,1,18,2395]
s: 2396
d: [2,1360,1,14,2,0,40,415,294]
s: 1360
d: [2,2403,5,21,9,1,40,2389,388]
d: [2,2404,5,17,7,1,18,2403]
s: 2404
d: [2,1361,1,14,2,0,40,415,297]
s: 1361
d: [2,1419,1,14,5,0,40,379,287]
s: 1419
d: [2,1725,2,7,2,0,40,1045,655]
s: 1725
d: [2,1420,1,14,5,0,40,379,359]
s: 1420
d: [2,1726,2,7,2,0,40,1045,673]
s: 1726
d: [2,975,1,15,6,0,40,342,325]
s: 975
d: [2,1422,1,25,6,0,44,379,346]
d: [2,1435,1,21,5,0,21,1422,372]
d: [2,1436,1,17,4,0,21,1435,371]
s: 1436
d: [2,1727,2,7,2,0,40,1045,832]
s: 1727
d: [2,1449,1,33,8,0,44,352,356]
d: [2,1452,1,29,7,0,21,1449,372]
d: [2,1453,1,25,6,0,21,1452,371]
d: [2,1454,1,22,6,0,22,1453,346]
d: [2,1455,1,19,5,0,18,1454]
s: 1455
d: [2,2451,2,14,5,1,44,1455,442]
d: [2,2460,2,11,4,2,21,2451,1376]
d: [2,2461,2,7,3,3,21,2460,447]
d: [2,2462,2,5,2,4,21,2461,457]
d: [2,2463,2,3,1,5,21,2462,462]
s: 2463
r: 2463
r: 1376
d: [2,2294,1,21,6,1,44,350,442]
d: [2,2489,1,17,5,1,21,2294,372]
d: [2,2490,1,13,4,1,21,2489,371]
d: [2,2491,1,11,3,2,21,2490,457]
d: [2,2492,1,9,2,3,21,2491,462]
d: [2,2493,1,6,2,3,22,2492,346]
s: 2493
d: [2,1442,1,21,6,1,44,350,442]
d: [2,2507,1,17,5,1,21,1442,372]
d: [2,2508,1,13,4,1,21,2507,371]
d: [2,2509,1,11,3,2,21,2508,457]
d: [2,2510,1,9,2,3,21,2509,462]
d: [2,2511,1,6,2,3,22,2510,346]
s: 2511
d: [2,2464,3,2,1,5,40,2463,885]
a: [3,2469,3,2,1,2464]
s: 2469
d: [2,2515,4,0,0,2,52,452,2469,306]
e: 2515
d: [2,2516,4,0,0,3,52,467,452,2469,354]
e: 2516
d: [2,2517,4,0,0,3,52,467,452,2469,354]
e: 2517
r: 2469
d: [2,2297,1,23,6,1,44,351,442]
d: [2,2485,1,19,5,1,21,2297,372]
d: [2,2486,1,15,4,1,21,2485,371]
d: [2,2487,1,13,3,2,21,2486,457]
d: [2,2488,1,11,2,3,21,2487,462]
s: 2488
a: [3,2468,3,2,1,2464]
s: 2468
d: [2,1443,1,23,6,1,44,351,442]
d: [2,2503,1,19,5,1,21,1443,372]
d: [2,2504,1,15,4,1,21,2503,371]
d: [2,2505,1,13,3,2,21,2504,457]
d: [2,2506,1,11,2,3,21,2505,462]
s: 2506
d: [2,2301,1,35,7,1,44,352,442]
d: [2,2479,1,29,6,2,21,2301,769]
d: [2,2480,1,23,5,2,21,2479,370]
s: 2480
a: [3,1379,5,2,1,1373]
s: 1379
r: 1183
r: 1178
r: 1584
r: 1603
r: 1574
r: 1592
r: 1745
r: 1729
r: 1742
r: 805
r: 1497
r: 1177
r: 1515
r: 1855
r: 1828
r: 1849
r: 808
r: 1546
r: 803
r: 296
r: 801
r: 1176
r: 326
r: 342
r: 1192
r: 1852
r: 1816
r: 1840
r: 807
r: 1538
r: 1358
r: 1347
r: 1635
r: 1648
r: 918
r: 993
r: 1004
r: 1247
r: 1257
r: 2376
r: 2384
r: 781
r: 1216
r: 970
r: 1174
r: 327
r: 1201
r: 786
r: 1675
r: 1393
r: 1381
r: 1372
r: 1338
r: 1261
r: 1169
r: 1029
r: 1015
r: 895
r: 819
r: 806
r: 791
r: 788
r: 733
r: 715
r: 320
r: 302
r: 289
r: 288
d: [2,2552,6,0,0,4,52,557,567,562,1379,325]
e: 2552
d: [2,2553,6,0,0,4,52,567,562,557,1379,338]
e: 2553
d: [2,2465,3,2,1,5,40,2463,886]
d: [2,2279,5,5,2,1,40,1372,658]
f: 2553,2517,2279,2465,1084,433,434,435,283,278,279,280,281,282
% Refutation found. Thanks to Tanya!
% SZS status Theorem for funcop_1__t18_funcop_1
% SZS output start Proof for funcop_1__t18_funcop_1
1. ! [X0] : ((v1_funct_1(X0) & v1_relat_1(X0)) => ! [X1] : ! [X2] : ~(k1_xboole_0 = k9_xtuple_0(k3_relat_1(k2_funcop_1(X1,X2),X0)) & r2_hidden(X2,k9_xtuple_0(X0)) & k1_xboole_0 != X1)) [input t18_funcop_1]
2. ~! [X0] : ((v1_funct_1(X0) & v1_relat_1(X0)) => ! [X1] : ! [X2] : ~(k1_xboole_0 = k9_xtuple_0(k3_relat_1(k2_funcop_1(X1,X2),X0)) & r2_hidden(X2,k9_xtuple_0(X0)) & k1_xboole_0 != X1)) [negated conjecture 1]
4. ! [X0] : (v1_xboole_0(X0) => v1_funct_1(X0)) [input cc1_funct_1]
5. ! [X0] : (v1_xboole_0(X0) => v1_relat_1(X0)) [input cc1_relat_1]
13. ! [X0] : ((v1_relat_1(X0) & v1_xboole_0(X0)) => (v3_relat_1(X0) & v1_relat_1(X0))) [input cc3_relat_1]
16. ! [X0] : ((v1_funct_1(X0) & v1_relat_1(X0) & v1_xboole_0(X0)) => (v3_funct_1(X0) & v1_funct_1(X0) & v1_relat_1(X0))) [input cc4_funct_1]
42. ! [X0] : ? [X1] : m1_subset_1(X1,X0) [input existence_m1_subset_1]
48. ! [X0] : ((v3_funct_1(X0) & v1_funct_1(X0) & v1_relat_1(X0)) => v1_zfmisc_1(k10_xtuple_0(X0))) [input fc12_funct_1]
50. ! [X0] : ((~v3_funct_1(X0) & v1_funct_1(X0) & v1_relat_1(X0)) => ~v1_zfmisc_1(k10_xtuple_0(X0))) [input fc13_funct_1]
56. ! [X0,X1] : ((v1_funct_1(X0) & v3_relat_1(X0) & v1_relat_1(X0)) => v1_xboole_0(k1_funct_1(X0,X1))) [input fc19_funct_1]
57. ! [X0,X1] : (v1_funct_1(k2_funcop_1(X0,X1)) & v1_relat_1(k2_funcop_1(X0,X1))) [input fc1_funcop_1]
59. v1_xboole_0(k1_xboole_0) [input fc1_xboole_0]
63. ! [X0] : v1_xboole_0(k2_funcop_1(k1_xboole_0,X0)) [input fc2_funcop_1]
70. ! [X0] : (v1_xboole_0(X0) => v1_xboole_0(k10_xtuple_0(X0))) [input fc5_xtuple_0]
79. ! [X0,X1] : ? [X2] : (v5_relat_1(X2,X1) & v4_relat_1(X2,X0) & v1_relat_1(X2) & v1_xboole_0(X2) & m1_subset_1(X2,k1_zfmisc_1(k2_zfmisc_1(X0,X1)))) [input rc1_relset_1]
91. ? [X0] : (~v3_funct_1(X0) & v1_funct_1(X0) & v1_relat_1(X0)) [input rc5_funct_1]
98. ! [X0] : ! [X1] : ((v1_funct_1(X1) & v1_relat_1(X1)) => ! [X2] : ((v1_funct_1(X2) & v1_relat_1(X2)) => (r2_hidden(X0,k9_xtuple_0(k3_relat_1(X2,X1))) <=> (r2_hidden(k1_funct_1(X2,X0),k9_xtuple_0(X1)) & r2_hidden(X0,k9_xtuple_0(X2)))))) [input t11_funct_1]
99. ! [X0] : ! [X1] : (r1_tarski(k10_xtuple_0(k2_funcop_1(X0,X1)),k1_tarski(X1)) & k9_xtuple_0(k2_funcop_1(X0,X1)) = X0) [input t13_funcop_1]
101. ! [X0] : ! [X1] : (m1_subset_1(X0,X1) => (r2_hidden(X0,X1) | v1_xboole_0(X1))) [input t2_subset]
105. ! [X0] : (v1_xboole_0(X0) => k1_xboole_0 = X0) [input t6_boole]
107. ! [X0] : ! [X1] : ! [X2] : (r2_hidden(X1,X0) => k1_funct_1(k2_funcop_1(X0,X2),X1) = X2) [input t7_funcop_1]
108. ! [X0] : ! [X1] : ~(v1_xboole_0(X1) & X0 != X1 & v1_xboole_0(X0)) [input t8_boole]
109. ~! [X0] : ((v1_funct_1(X0) & v1_relat_1(X0)) => ! [X1,X2] : ~(k1_xboole_0 = k9_xtuple_0(k3_relat_1(k2_funcop_1(X1,X2),X0)) & r2_hidden(X2,k9_xtuple_0(X0)) & k1_xboole_0 != X1)) [flattening 2]
111. ! [X0,X1] : (r1_tarski(k10_xtuple_0(k2_funcop_1(X0,X1)),k1_tarski(X1)) & k9_xtuple_0(k2_funcop_1(X0,X1)) = X0) [flattening 99]
113. ! [X0,X1] : (m1_subset_1(X0,X1) => (r2_hidden(X0,X1) | v1_xboole_0(X1))) [flattening 101]
114. ! [X0,X1] : ((v1_funct_1(X1) & v1_relat_1(X1)) => ! [X2] : ((v1_funct_1(X2) & v1_relat_1(X2)) => (r2_hidden(X0,k9_xtuple_0(k3_relat_1(X2,X1))) <=> (r2_hidden(k1_funct_1(X2,X0),k9_xtuple_0(X1)) & r2_hidden(X0,k9_xtuple_0(X2)))))) [flattening 98]
116. ! [X0,X1] : ~(v1_xboole_0(X1) & X0 != X1 & v1_xboole_0(X0)) [flattening 108]
118. ! [X0,X1,X2] : (r2_hidden(X1,X0) => k1_funct_1(k2_funcop_1(X0,X2),X1) = X2) [flattening 107]
126. ? [X0] : (? [X1,X2] : (k1_xboole_0 = k9_xtuple_0(k3_relat_1(k2_funcop_1(X1,X2),X0)) & r2_hidden(X2,k9_xtuple_0(X0)) & k1_xboole_0 != X1) & (v1_funct_1(X0) & v1_relat_1(X0))) [ennf transformation 109]
127. ? [X0] : (? [X1,X2] : (k1_xboole_0 = k9_xtuple_0(k3_relat_1(k2_funcop_1(X1,X2),X0)) & r2_hidden(X2,k9_xtuple_0(X0)) & k1_xboole_0 != X1) & v1_funct_1(X0) & v1_relat_1(X0)) [flattening 126]
140. ! [X0] : (v1_funct_1(X0) | ~v1_xboole_0(X0)) [ennf transformation 4]
141. ! [X0] : (v1_relat_1(X0) | ~v1_xboole_0(X0)) [ennf transformation 5]
142. ! [X0] : (k1_xboole_0 = X0 | ~v1_xboole_0(X0)) [ennf transformation 105]
143. ! [X0] : (v1_xboole_0(k10_xtuple_0(X0)) | ~v1_xboole_0(X0)) [ennf transformation 70]
168. ! [X0] : ((v3_funct_1(X0) & v1_funct_1(X0) & v1_relat_1(X0)) | (~v1_funct_1(X0) | ~v1_relat_1(X0) | ~v1_xboole_0(X0))) [ennf transformation 16]
169. ! [X0] : ((v3_funct_1(X0) & v1_funct_1(X0) & v1_relat_1(X0)) | ~v1_funct_1(X0) | ~v1_relat_1(X0) | ~v1_xboole_0(X0)) [flattening 168]
170. ! [X0] : ((v3_relat_1(X0) & v1_relat_1(X0)) | (~v1_relat_1(X0) | ~v1_xboole_0(X0))) [ennf transformation 13]
171. ! [X0] : ((v3_relat_1(X0) & v1_relat_1(X0)) | ~v1_relat_1(X0) | ~v1_xboole_0(X0)) [flattening 170]
174. ! [X0] : (~v1_zfmisc_1(k10_xtuple_0(X0)) | (v3_funct_1(X0) | ~v1_funct_1(X0) | ~v1_relat_1(X0))) [ennf transformation 50]
175. ! [X0] : (~v1_zfmisc_1(k10_xtuple_0(X0)) | v3_funct_1(X0) | ~v1_funct_1(X0) | ~v1_relat_1(X0)) [flattening 174]
178. ! [X0] : (v1_zfmisc_1(k10_xtuple_0(X0)) | (~v3_funct_1(X0) | ~v1_funct_1(X0) | ~v1_relat_1(X0))) [ennf transformation 48]
179. ! [X0] : (v1_zfmisc_1(k10_xtuple_0(X0)) | ~v3_funct_1(X0) | ~v1_funct_1(X0) | ~v1_relat_1(X0)) [flattening 178]
185. ! [X0,X1] : ((r2_hidden(X0,X1) | v1_xboole_0(X1)) | ~m1_subset_1(X0,X1)) [ennf transformation 113]
186. ! [X0,X1] : (r2_hidden(X0,X1) | v1_xboole_0(X1) | ~m1_subset_1(X0,X1)) [flattening 185]
187. ! [X0,X1] : (! [X2] : ((r2_hidden(X0,k9_xtuple_0(k3_relat_1(X2,X1))) <=> (r2_hidden(k1_funct_1(X2,X0),k9_xtuple_0(X1)) & r2_hidden(X0,k9_xtuple_0(X2)))) | (~v1_funct_1(X2) | ~v1_relat_1(X2))) | (~v1_funct_1(X1) | ~v1_relat_1(X1))) [ennf transformation 114]
188. ! [X0,X1] : (! [X2] : ((r2_hidden(X0,k9_xtuple_0(k3_relat_1(X2,X1))) <=> (r2_hidden(k1_funct_1(X2,X0),k9_xtuple_0(X1)) & r2_hidden(X0,k9_xtuple_0(X2)))) | ~v1_funct_1(X2) | ~v1_relat_1(X2)) | ~v1_funct_1(X1) | ~v1_relat_1(X1)) [flattening 187]
190. ! [X0,X1] : (~v1_xboole_0(X1) | X0 = X1 | ~v1_xboole_0(X0)) [ennf transformation 116]
192. ! [X0,X1,X2] : (k1_funct_1(k2_funcop_1(X0,X2),X1) = X2 | ~r2_hidden(X1,X0)) [ennf transformation 118]
209. ! [X0,X1] : (v1_xboole_0(k1_funct_1(X0,X1)) | (~v1_funct_1(X0) | ~v3_relat_1(X0) | ~v1_relat_1(X0))) [ennf transformation 56]
210. ! [X0,X1] : (v1_xboole_0(k1_funct_1(X0,X1)) | ~v1_funct_1(X0) | ~v3_relat_1(X0) | ~v1_relat_1(X0)) [flattening 209]
231. ? [X0] : (? [X1,X2] : (k1_xboole_0 = k9_xtuple_0(k3_relat_1(k2_funcop_1(X1,X2),X0)) & r2_hidden(X2,k9_xtuple_0(X0)) & k1_xboole_0 != X1) & v1_funct_1(X0) & v1_relat_1(X0)) => (? [X2,X1] : (k1_xboole_0 = k9_xtuple_0(k3_relat_1(k2_funcop_1(X1,X2),sK0)) & r2_hidden(X2,k9_xtuple_0(sK0)) & k1_xboole_0 != X1) & v1_funct_1(sK0) & v1_relat_1(sK0)) [choice axiom]
232. ? [X2,X1] : (k1_xboole_0 = k9_xtuple_0(k3_relat_1(k2_funcop_1(X1,X2),sK0)) & r2_hidden(X2,k9_xtuple_0(sK0)) & k1_xboole_0 != X1) => (k1_xboole_0 = k9_xtuple_0(k3_relat_1(k2_funcop_1(sK1,sK2),sK0)) & r2_hidden(sK2,k9_xtuple_0(sK0)) & k1_xboole_0 != sK1) [choice axiom]
233. (k1_xboole_0 = k9_xtuple_0(k3_relat_1(k2_funcop_1(sK1,sK2),sK0)) & r2_hidden(sK2,k9_xtuple_0(sK0)) & k1_xboole_0 != sK1) & v1_funct_1(sK0) & v1_relat_1(sK0) [skolemisation 127,232,231]
242. ! [X0,X1] : (! [X2] : (((r2_hidden(X0,k9_xtuple_0(k3_relat_1(X2,X1))) | (~r2_hidden(k1_funct_1(X2,X0),k9_xtuple_0(X1)) | ~r2_hidden(X0,k9_xtuple_0(X2)))) & ((r2_hidden(k1_funct_1(X2,X0),k9_xtuple_0(X1)) & r2_hidden(X0,k9_xtuple_0(X2))) | ~r2_hidden(X0,k9_xtuple_0(k3_relat_1(X2,X1))))) | ~v1_funct_1(X2) | ~v1_relat_1(X2)) | ~v1_funct_1(X1) | ~v1_relat_1(X1)) [nnf transformation 188]
243. ! [X0,X1] : (! [X2] : (((r2_hidden(X0,k9_xtuple_0(k3_relat_1(X2,X1))) | ~r2_hidden(k1_funct_1(X2,X0),k9_xtuple_0(X1)) | ~r2_hidden(X0,k9_xtuple_0(X2))) & ((r2_hidden(k1_funct_1(X2,X0),k9_xtuple_0(X1)) & r2_hidden(X0,k9_xtuple_0(X2))) | ~r2_hidden(X0,k9_xtuple_0(k3_relat_1(X2,X1))))) | ~v1_funct_1(X2) | ~v1_relat_1(X2)) | ~v1_funct_1(X1) | ~v1_relat_1(X1)) [flattening 242]
244. ! [X0] : (? [X1] : m1_subset_1(X1,X0) => m1_subset_1(sK7(X0),X0)) [choice axiom]
245. ! [X0] : m1_subset_1(sK7(X0),X0) [skolemisation 42,244]
256. ! [X1,X0] : (? [X2] : (v5_relat_1(X2,X1) & v4_relat_1(X2,X0) & v1_relat_1(X2) & v1_xboole_0(X2) & m1_subset_1(X2,k1_zfmisc_1(k2_zfmisc_1(X0,X1)))) => (v5_relat_1(sK13(X0,X1),X1) & v4_relat_1(sK13(X0,X1),X0) & v1_relat_1(sK13(X0,X1)) & v1_xboole_0(sK13(X0,X1)) & m1_subset_1(sK13(X0,X1),k1_zfmisc_1(k2_zfmisc_1(X0,X1))))) [choice axiom]
257. ! [X0,X1] : (v5_relat_1(sK13(X0,X1),X1) & v4_relat_1(sK13(X0,X1),X0) & v1_relat_1(sK13(X0,X1)) & v1_xboole_0(sK13(X0,X1)) & m1_subset_1(sK13(X0,X1),k1_zfmisc_1(k2_zfmisc_1(X0,X1)))) [skolemisation 79,256]
274. ? [X0] : (~v3_funct_1(X0) & v1_funct_1(X0) & v1_relat_1(X0)) => (~v3_funct_1(sK22) & v1_funct_1(sK22) & v1_relat_1(sK22)) [choice axiom]
275. ~v3_funct_1(sK22) & v1_funct_1(sK22) & v1_relat_1(sK22) [skolemisation 91,274]
278. v1_relat_1(sK0) [cnf transformation 233] {a:0,w:2,wCS:200,goal:1,sine:0,thAx:0,allAx:3,thDist:-3}
279. v1_funct_1(sK0) [cnf transformation 233] {a:0,w:2,wCS:200,goal:1,sine:0,thAx:0,allAx:3,thDist:-3}
280. k1_xboole_0 != sK1 [cnf transformation 233] {a:0,w:3,wCS:300,goal:1,sine:0,thAx:0,allAx:3,thDist:-3}
281. r2_hidden(sK2,k9_xtuple_0(sK0)) [cnf transformation 233] {a:0,w:4,wCS:400,goal:1,sine:0,thAx:0,allAx:3,thDist:-3}
282. k1_xboole_0 = k9_xtuple_0(k3_relat_1(k2_funcop_1(sK1,sK2),sK0)) [cnf transformation 233] {a:0,w:8,wCS:800,goal:1,sine:0,thAx:0,allAx:3,thDist:-3}
283. v1_xboole_0(k1_xboole_0) [cnf transformation 59] {a:0,w:2,wCS:800,sine:1,thAx:0,allAx:1,thDist:-1}
286. v1_xboole_0(k2_funcop_1(k1_xboole_0,X0)) [cnf transformation 63] {a:0,w:4,wCS:1600,nSel:1,sine:1,thAx:0,allAx:1,thDist:-1}
304. ~v1_xboole_0(X0) | v1_funct_1(X0) [cnf transformation 140] {a:0,w:4,wCS:1600,nSel:1,sine:1,thAx:0,allAx:1,thDist:-1}
305. ~v1_xboole_0(X0) | v1_relat_1(X0) [cnf transformation 141] {a:0,w:4,wCS:1600,nSel:1,sine:2,thAx:0,allAx:1,thDist:-1}
306. k1_xboole_0 = X0 | ~v1_xboole_0(X0) [cnf transformation 142] {a:0,w:5,wCS:2000,nSel:1,sine:1,thAx:0,allAx:1,thDist:-1}
307. v1_xboole_0(k10_xtuple_0(X0)) | ~v1_xboole_0(X0) [cnf transformation 143] {a:0,w:5,wCS:2000,nSel:1,sine:255,thAx:0,allAx:1,thDist:-1}
333. v3_funct_1(X0) | ~v1_funct_1(X0) | ~v1_relat_1(X0) | ~v1_xboole_0(X0) [cnf transformation 169] {a:0,w:8,wCS:3200,sine:255,thAx:0,allAx:1,thDist:-1}
335. v3_relat_1(X0) | ~v1_relat_1(X0) | ~v1_xboole_0(X0) [cnf transformation 171] {a:0,w:6,wCS:2400,sine:255,thAx:0,allAx:1,thDist:-1}
338. ~v1_zfmisc_1(k10_xtuple_0(X0)) | v3_funct_1(X0) | ~v1_funct_1(X0) | ~v1_relat_1(X0) [cnf transformation 175] {a:0,w:9,wCS:3600,nSel:1,sine:255,thAx:0,allAx:1,thDist:-1}
342. v1_zfmisc_1(k10_xtuple_0(X0)) | ~v3_funct_1(X0) | ~v1_funct_1(X0) | ~v1_relat_1(X0) [cnf transformation 179] {a:0,w:9,wCS:3600,nSel:1,sine:255,thAx:0,allAx:1,thDist:-1}
346. k9_xtuple_0(k2_funcop_1(X0,X1)) = X0 [cnf transformation 111] {a:0,w:6,wCS:2400,nSel:1,sine:255,thAx:0,allAx:1,thDist:-1}
349. ~m1_subset_1(X0,X1) | v1_xboole_0(X1) | r2_hidden(X0,X1) [cnf transformation 186] {a:0,w:8,wCS:3200,nSel:1,sine:1,thAx:0,allAx:1,thDist:-1}
352. ~r2_hidden(k1_funct_1(X2,X0),k9_xtuple_0(X1)) | r2_hidden(X0,k9_xtuple_0(k3_relat_1(X2,X1))) | ~r2_hidden(X0,k9_xtuple_0(X2)) | ~v1_funct_1(X2) | ~v1_relat_1(X2) | ~v1_funct_1(X1) | ~v1_relat_1(X1) [cnf transformation 243] {a:0,w:24,wCS:9600,nSel:1,sine:255,thAx:0,allAx:1,thDist:-1}
354. X0 = X1 | ~v1_xboole_0(X1) | ~v1_xboole_0(X0) [cnf transformation 190] {a:0,w:7,wCS:2800,nSel:1,sine:1,thAx:0,allAx:1,thDist:-1}
356. k1_funct_1(k2_funcop_1(X0,X2),X1) = X2 | ~r2_hidden(X1,X0) [cnf transformation 192] {a:0,w:10,wCS:4000,nSel:1,sine:255,thAx:0,allAx:1,thDist:-1}
359. m1_subset_1(sK7(X0),X0) [cnf transformation 245] {a:0,w:4,wCS:1600,nSel:1,sine:2,thAx:0,allAx:2,thDist:-2}
371. v1_relat_1(k2_funcop_1(X0,X1)) [cnf transformation 57] {a:0,w:4,wCS:1600,nSel:1,sine:1,thAx:0,allAx:1,thDist:-1}
372. v1_funct_1(k2_funcop_1(X0,X1)) [cnf transformation 57] {a:0,w:4,wCS:1600,nSel:1,sine:1,thAx:0,allAx:1,thDist:-1}
384. v1_xboole_0(k1_funct_1(X0,X1)) | ~v1_funct_1(X0) | ~v3_relat_1(X0) | ~v1_relat_1(X0) [cnf transformation 210] {a:0,w:10,wCS:4000,nSel:1,sine:255,thAx:0,allAx:1,thDist:-1}
404. v1_xboole_0(sK13(X0,X1)) [cnf transformation 257] {a:0,w:4,wCS:1600,nSel:1,sine:255,thAx:0,allAx:2,thDist:-2}
405. v1_relat_1(sK13(X0,X1)) [cnf transformation 257] {a:0,w:4,wCS:1600,nSel:1,sine:255,thAx:0,allAx:2,thDist:-2}
433. v1_relat_1(sK22) [cnf transformation 275] {a:0,w:2,wCS:800,sine:255,thAx:0,allAx:2,thDist:-2}
434. v1_funct_1(sK22) [cnf transformation 275] {a:0,w:2,wCS:800,sine:255,thAx:0,allAx:2,thDist:-2}
435. ~v3_funct_1(sK22) [cnf transformation 275] {a:0,w:2,wCS:800,sine:255,thAx:0,allAx:2,thDist:-2}
440. 1 <=> k1_xboole_0 = k9_xtuple_0(k3_relat_1(k2_funcop_1(sK1,sK2),sK0)) [avatar definition]
442. k1_xboole_0 = k9_xtuple_0(k3_relat_1(k2_funcop_1(sK1,sK2),sK0)) <- (1) [avatar component clause 440] {a:0,w:8,wCS:800,nSel:1,goal:1,sine:255,thAx:0,allAx:3,thDist:-3}
443. 1 [avatar split clause 282,440]
445. 2 <=> r2_hidden(sK2,k9_xtuple_0(sK0)) [avatar definition]
447. r2_hidden(sK2,k9_xtuple_0(sK0)) <- (2) [avatar component clause 445] {a:0,w:4,wCS:400,nSel:1,goal:1,sine:255,thAx:0,allAx:3,thDist:-3}
448. 2 [avatar split clause 281,445]
450. 3 <=> k1_xboole_0 = sK1 [avatar definition]
452. k1_xboole_0 != sK1 <- (~3) [avatar component clause 450] {a:0,w:3,wCS:300,nSel:1,goal:1,sine:255,thAx:0,allAx:3,thDist:-3}
453. ~3 [avatar split clause 280,450]
455. 4 <=> v1_funct_1(sK0) [avatar definition]
457. v1_funct_1(sK0) <- (4) [avatar component clause 455] {a:0,w:2,wCS:200,nSel:1,goal:1,sine:255,thAx:0,allAx:3,thDist:-3}
458. 4 [avatar split clause 279,455]
460. 5 <=> v1_relat_1(sK0) [avatar definition]
462. v1_relat_1(sK0) <- (5) [avatar component clause 460] {a:0,w:2,wCS:200,nSel:1,goal:1,sine:255,thAx:0,allAx:3,thDist:-3}
463. 5 [avatar split clause 278,460]
465. 6 <=> v1_xboole_0(k1_xboole_0) [avatar definition]
467. v1_xboole_0(k1_xboole_0) <- (6) [avatar component clause 465] {a:0,w:2,wCS:800,nSel:1,sine:255,thAx:0,allAx:1,thDist:-1}
468. 6 [avatar split clause 283,465]
555. 24 <=> v3_funct_1(sK22) [avatar definition]
557. ~v3_funct_1(sK22) <- (~24) [avatar component clause 555] {a:0,w:2,wCS:800,nSel:1,sine:255,thAx:0,allAx:2,thDist:-2}
558. ~24 [avatar split clause 435,555]
560. 25 <=> v1_funct_1(sK22) [avatar definition]
562. v1_funct_1(sK22) <- (25) [avatar component clause 560] {a:0,w:2,wCS:800,nSel:1,sine:255,thAx:0,allAx:2,thDist:-2}
563. 25 [avatar split clause 434,560]
565. 26 <=> v1_relat_1(sK22) [avatar definition]
567. v1_relat_1(sK22) <- (26) [avatar component clause 565] {a:0,w:2,wCS:800,nSel:1,sine:255,thAx:0,allAx:2,thDist:-2}
568. 26 [avatar split clause 433,565]
627. v1_funct_1(sK13(X2,X3)) [resolution 404,304] {a:1,w:4,wCS:1600,nSel:1,sine:1,thAx:0,allAx:3,thDist:-3}
655. ~v1_xboole_0(X0) | v3_relat_1(X0) [subsumption resolution 335,305] {a:0,w:4,wCS:1600,nSel:1,sine:2,thAx:0,allAx:1,thDist:-1}
658. v3_relat_1(k2_funcop_1(k1_xboole_0,X1)) [resolution 655,286] {a:1,w:4,wCS:1600,nSel:1,sine:1,thAx:0,allAx:2,thDist:-2}
661. v3_relat_1(sK13(X4,X5)) [resolution 655,404] {a:1,w:4,wCS:1600,nSel:1,sine:2,thAx:0,allAx:3,thDist:-3}
784. 52 <=> v1_zfmisc_1(k1_xboole_0) [avatar definition]
785. ~v1_zfmisc_1(k1_xboole_0) <- (~52) [avatar component clause 784] {a:1,w:2,wCS:200,nSel:1,goal:1,sine:255,thAx:0,allAx:4,thDist:-4}
786. v1_zfmisc_1(k1_xboole_0) <- (52) [avatar component clause 784] {a:1,w:2,wCS:200,nSel:1,goal:1,sine:255,thAx:0,allAx:4,thDist:-4}
857. v3_funct_1(X0) | ~v1_relat_1(X0) | ~v1_xboole_0(X0) [subsumption resolution 333,304] {a:0,w:6,wCS:2400,sine:1,thAx:0,allAx:1,thDist:-1}
858. ~v1_xboole_0(X0) | v3_funct_1(X0) [subsumption resolution 857,305] {a:0,w:4,wCS:1600,nSel:1,sine:1,thAx:0,allAx:1,thDist:-1}
886. r2_hidden(sK7(X1),X1) | v1_xboole_0(X1) [resolution 349,359] {a:1,w:6,wCS:2400,nSel:1,sine:1,thAx:0,allAx:3,thDist:-3}
971. ~v1_zfmisc_1(X0) | ~v1_xboole_0(X0) <- (~52) [superposition 785,306] {a:2,w:4,wCS:400,nSel:1,goal:1,sine:1,thAx:0,allAx:5,thDist:-5}
978. ~v1_xboole_0(k10_xtuple_0(X1)) | ~v3_funct_1(X1) | ~v1_funct_1(X1) | ~v1_relat_1(X1) <- (~52) [resolution 971,342] {a:3,w:9,wCS:900,nSel:1,goal:1,sine:1,thAx:0,allAx:6,thDist:-6}
1052. ~v3_funct_1(X0) | ~v1_funct_1(X0) | ~v1_relat_1(X0) | ~v1_xboole_0(X0) <- (~52) [resolution 978,307] {a:4,w:8,wCS:800,goal:1,sine:1,thAx:0,allAx:7,thDist:-7}
1053. ~v3_funct_1(X0) | ~v1_relat_1(X0) | ~v1_xboole_0(X0) <- (~52) [subsumption resolution 1052,304] {a:4,w:6,wCS:600,goal:1,sine:1,thAx:0,allAx:7,thDist:-7}
1054. ~v3_funct_1(X0) | ~v1_xboole_0(X0) <- (~52) [subsumption resolution 1053,305] {a:4,w:4,wCS:400,goal:1,sine:1,thAx:0,allAx:7,thDist:-7}
1055. ~v1_xboole_0(X0) <- (~52) [subsumption resolution 1054,858] {a:4,w:2,wCS:200,nSel:1,goal:1,sine:1,thAx:0,allAx:7,thDist:-7}
1084. $false <- (~52) [unit resulting resolution 405,661,627,1055,384] {a:5,w:0,goal:1,sine:1,thAx:0,allAx:16,thDist:-16}
1104. 52 [avatar contradiction clause 1084]
1169. ~v1_xboole_0(X0) | v1_zfmisc_1(X0) <- (52) [superposition 786,306] {a:2,w:4,wCS:400,nSel:1,goal:1,sine:1,thAx:0,allAx:5,thDist:-5}
1176. v1_zfmisc_1(k1_funct_1(X1,X2)) | ~v1_funct_1(X1) | ~v3_relat_1(X1) | ~v1_relat_1(X1) <- (52) [resolution 1169,384] {a:3,w:10,wCS:1000,nSel:1,goal:1,sine:1,thAx:0,allAx:6,thDist:-6}
1370. v1_zfmisc_1(X1) | ~v1_funct_1(k2_funcop_1(X0,X1)) | ~v3_relat_1(k2_funcop_1(X0,X1)) | ~v1_relat_1(k2_funcop_1(X0,X1)) | ~r2_hidden(X2,X0) <- (52) [superposition 1176,356] {a:4,w:17,wCS:1700,goal:1,sine:1,thAx:0,allAx:7,thDist:-7}
1371. v1_zfmisc_1(X1) | ~v3_relat_1(k2_funcop_1(X0,X1)) | ~v1_relat_1(k2_funcop_1(X0,X1)) | ~r2_hidden(X2,X0) <- (52) [subsumption resolution 1370,372] {a:4,w:13,wCS:1300,goal:1,sine:1,thAx:0,allAx:7,thDist:-7}
1372. ~v3_relat_1(k2_funcop_1(X0,X1)) | v1_zfmisc_1(X1) | ~r2_hidden(X2,X0) <- (52) [subsumption resolution 1371,371] {a:4,w:9,wCS:900,nSel:1,goal:1,sine:1,thAx:0,allAx:7,thDist:-7}
1375. 60 <=> ! [X1] : ~r2_hidden(X1,k1_xboole_0) [avatar definition]
1376. ~r2_hidden(X1,k1_xboole_0) <- (60) [avatar component clause 1375] {a:5,w:3,wCS:300,nSel:1,goal:1,sine:255,thAx:0,allAx:9,thDist:-9}
1378. 61 <=> ! [X0] : v1_zfmisc_1(X0) [avatar definition]
1379. v1_zfmisc_1(X0) <- (61) [avatar component clause 1378] {a:5,w:2,wCS:200,nSel:1,goal:1,sine:255,thAx:0,allAx:9,thDist:-9}
1449. ~r2_hidden(X1,k9_xtuple_0(X3)) | r2_hidden(X2,k9_xtuple_0(k3_relat_1(k2_funcop_1(X0,X1),X3))) | ~r2_hidden(X2,k9_xtuple_0(k2_funcop_1(X0,X1))) | ~v1_funct_1(k2_funcop_1(X0,X1)) | ~v1_relat_1(k2_funcop_1(X0,X1)) | ~v1_funct_1(X3) | ~v1_relat_1(X3) | ~r2_hidden(X2,X0) [superposition 352,356] {a:1,w:33,wCS:13200,sine:255,thAx:0,allAx:2,thDist:-2}
1452. ~r2_hidden(X1,k9_xtuple_0(X3)) | r2_hidden(X2,k9_xtuple_0(k3_relat_1(k2_funcop_1(X0,X1),X3))) | ~r2_hidden(X2,k9_xtuple_0(k2_funcop_1(X0,X1))) | ~v1_relat_1(k2_funcop_1(X0,X1)) | ~v1_funct_1(X3) | ~v1_relat_1(X3) | ~r2_hidden(X2,X0) [subsumption resolution 1449,372] {a:1,w:29,wCS:11600,sine:1,thAx:0,allAx:2,thDist:-2}
1453. ~r2_hidden(X1,k9_xtuple_0(X3)) | r2_hidden(X2,k9_xtuple_0(k3_relat_1(k2_funcop_1(X0,X1),X3))) | ~r2_hidden(X2,k9_xtuple_0(k2_funcop_1(X0,X1))) | ~v1_funct_1(X3) | ~v1_relat_1(X3) | ~r2_hidden(X2,X0) [subsumption resolution 1452,371] {a:1,w:25,wCS:10000,sine:1,thAx:0,allAx:2,thDist:-2}
1454. ~r2_hidden(X2,X0) | ~r2_hidden(X1,k9_xtuple_0(X3)) | r2_hidden(X2,k9_xtuple_0(k3_relat_1(k2_funcop_1(X0,X1),X3))) | ~v1_funct_1(X3) | ~v1_relat_1(X3) | ~r2_hidden(X2,X0) [forward demodulation 1453,346] {a:1,w:22,wCS:8800,sine:1,thAx:0,allAx:2,thDist:-2}
1455. r2_hidden(X2,k9_xtuple_0(k3_relat_1(k2_funcop_1(X0,X1),X3))) | ~r2_hidden(X1,k9_xtuple_0(X3)) | ~r2_hidden(X2,X0) | ~v1_funct_1(X3) | ~v1_relat_1(X3) [duplicate literal removal 1454] {a:1,w:19,wCS:7600,nSel:1,sine:1,thAx:0,allAx:2,thDist:-2}
2279. v1_zfmisc_1(X0) | ~r2_hidden(X1,k1_xboole_0) <- (52) [resolution 1372,658] {a:5,w:5,wCS:500,goal:1,sine:1,thAx:0,allAx:9,thDist:-9}
2451. r2_hidden(X0,k1_xboole_0) | ~r2_hidden(sK2,k9_xtuple_0(sK0)) | ~r2_hidden(X0,sK1) | ~v1_funct_1(sK0) | ~v1_relat_1(sK0) <- (1) [superposition 1455,442] {a:2,w:14,wCS:1400,goal:1,sine:1,thAx:0,allAx:5,thDist:-5}
2460. ~r2_hidden(sK2,k9_xtuple_0(sK0)) | ~r2_hidden(X0,sK1) | ~v1_funct_1(sK0) | ~v1_relat_1(sK0) <- (1, 60) [subsumption resolution 2451,1376] {a:2,w:11,wCS:1100,goal:1,sine:1,thAx:0,allAx:5,thDist:-5}
2461. ~r2_hidden(X0,sK1) | ~v1_funct_1(sK0) | ~v1_relat_1(sK0) <- (1, 2, 60) [subsumption resolution 2460,447] {a:2,w:7,wCS:700,goal:1,sine:1,thAx:0,allAx:5,thDist:-5}
2462. ~r2_hidden(X0,sK1) | ~v1_relat_1(sK0) <- (1, 2, 4, 60) [subsumption resolution 2461,457] {a:2,w:5,wCS:500,goal:1,sine:1,thAx:0,allAx:5,thDist:-5}
2463. ~r2_hidden(X0,sK1) <- (1, 2, 4, 5, 60) [subsumption resolution 2462,462] {a:2,w:3,wCS:300,nSel:1,goal:1,sine:1,thAx:0,allAx:5,thDist:-5}
2465. v1_xboole_0(sK1) <- (1, 2, 4, 5, 60) [resolution 2463,886] {a:3,w:2,wCS:200,goal:1,sine:1,thAx:0,allAx:8,thDist:-8}
2467. 68 <=> v1_xboole_0(sK1) [avatar definition]
2469. v1_xboole_0(sK1) <- (68) [avatar component clause 2467] {a:3,w:2,wCS:200,nSel:1,goal:1,sine:255,thAx:0,allAx:7,thDist:-7}
2471. 68 | ~1 | ~2 | ~4 | ~5 | ~60 [avatar split clause 2465,1375,460,455,445,440,2467]
2494. 60 | 61 | ~52 [avatar split clause 2279,784,1378,1375]
2517. $false <- (~3, 6, 68) [unit resulting resolution 467,452,2469,354] {a:4,w:0,goal:1,sine:1,thAx:0,allAx:12,thDist:-12}
2528. 3 | ~6 | ~68 [avatar contradiction clause 2517]
2553. $false <- (~24, 25, 26, 61) [unit resulting resolution 567,562,557,1379,338] {a:6,w:0,goal:1,sine:255,thAx:0,allAx:16,thDist:-16}
2557. 24 | ~25 | ~26 | ~61 [avatar contradiction clause 2553]
2558. $false [avatar sat refutation 443,448,453,458,463,468,558,563,568,1104,2471,2494,2528,2557] {a:0,w:0,goal:1,sine:0,thAx:0,allAx:849,thDist:-849}
% SZS output end Proof for funcop_1__t18_funcop_1
% ------------------------------
% Version: Vampire 4.5.1 (commit 226f88162 on 2021-09-12 20:13:44 +0200)
% Termination reason: Refutation

% >>> Input
% Input formulas: 107
% >>> Preprocessing
% Introduced skolems: 24
% Pure predicates: 1
% Unused predicate definitions: 1
% 
% >>> Saturation
% Initial clauses: 161
% Generated clauses: 2057
% Active clauses: 690
% Passive clauses: 1160
% Final active clauses: 509
% Final passive clauses: 282
% Main loop iterations started: 877
% 
% >>> Simplifying Inferences
% Duplicate literals: 56
% Fw subsumption resolutions: 251
% Fw demodulations: 9
% 
% >>> Deletion Inferences
% Simple tautologies: 72
% Forward subsumptions: 585
% Backward subsumptions: 173
% 
% >>> Generating Inferences
% Binary resolution: 1161
% Unit resulting resolution: 27
% Forward superposition: 211
% Backward superposition: 33
% Self superposition: 2
% 
% >>> AVATAR
% Split clauses: 14
% Split components: 28
% Sat splitting refutations: 37
% 
% >>> SAT Solver Statistics
% SAT solver clauses: 112
% SAT solver unit clauses: 41
% SAT solver binary clauses: 46
% 
% Memory used [KB]: 7291
% Time elapsed: 0.028 s
% ------------------------------
% ------------------------------
% Time measurement results:
% parsing: 0.001 s
% term sharing: 0.005 s
% non unit clause index maintenance: 0.002 s
% binary resolution index maintenance: 0.001 s
% backward subsumption index maintenance: 0.001 s
% backward superposition index maintenance: 0.001 s
% forward subsumption: 0.001 s
% forward subsumption resolution: 0.001 s
% resolution: 0.003 s
% unit resulting resolution: 0.009 s ( own 0.004 s ) 
% superposition: 0.002 s
% literal selection: 0.001 s
% other: 0.028 s ( own 0.005 s ) 

