i: [1,214,0,4,1,1,0,0] l7_real_lat
a: [3,322,0,4,1,214]
s: 322
i: [1,213,0,4,1,1,0,0] l7_real_lat
a: [3,327,0,4,1,213]
s: 327
i: [1,216,0,2,1,0,0,3] fc1_numbers
a: [3,332,0,2,1,216]
s: 332
i: [1,217,0,2,1,0,0,2] fc3_membered
a: [3,337,0,2,1,217]
s: 337
i: [1,218,0,2,1,0,0,255] fc1_xboole_0
a: [3,342,0,2,1,218]
s: 342
i: [1,222,0,2,1,0,0,2] fc2_real_lat
a: [3,357,0,2,1,222]
s: 357
i: [1,221,0,2,1,0,0,2] fc2_real_lat
a: [3,362,0,2,1,221]
s: 362
i: [1,224,0,2,1,0,0,1] dt_k3_real_lat
a: [3,367,0,2,1,224]
s: 367
i: [1,227,0,2,1,0,0,255] dt_k2_real_lat
a: [3,385,0,2,1,227]
s: 385
i: [1,230,0,2,1,0,0,255] dt_k1_real_lat
a: [3,400,0,2,1,230]
s: 400
i: [1,297,0,2,1,0,0,2] rc2_xboole_0
a: [3,418,0,2,1,297]
s: 418
i: [1,298,0,2,1,0,0,255] existence_l2_lattices
a: [3,423,0,2,1,298]
s: 423
i: [1,299,0,2,1,0,0,2] existence_l1_lattices
a: [3,428,0,2,1,299]
s: 428
i: [1,300,0,2,1,0,0,2] existence_l3_lattices
a: [3,433,0,2,1,300]
s: 433
i: [1,301,0,2,1,0,0,3] rc1_xreal_0
a: [3,438,0,2,1,301]
s: 438
i: [1,302,0,2,1,0,0,2] rc1_xboole_0
a: [3,443,0,2,1,302]
s: 443
i: [1,304,0,2,1,0,0,255] rc2_membered
a: [3,448,0,2,1,304]
s: 448
i: [1,303,0,2,1,0,0,255] rc2_membered
a: [3,453,0,2,1,303]
s: 453
i: [1,306,0,2,1,0,0,255] rc1_membered
a: [3,458,0,2,1,306]
s: 458
i: [1,305,0,2,1,0,0,255] rc1_membered
a: [3,463,0,2,1,305]
s: 463
i: [1,308,0,2,1,0,0,255] rc3_membered
a: [3,468,0,2,1,308]
s: 468
i: [1,307,0,2,1,0,0,255] rc3_membered
a: [3,473,0,2,1,307]
s: 473
i: [1,310,0,2,1,0,0,2] rc3_lattices
a: [3,478,0,2,1,310]
s: 478
i: [1,309,0,2,1,0,0,2] rc3_lattices
a: [3,483,0,2,1,309]
s: 483
i: [1,313,0,2,1,0,0,255] rc4_xreal_0
a: [3,488,0,2,1,313]
s: 488
i: [1,312,0,2,1,0,0,255] rc4_xreal_0
a: [3,493,0,2,1,312]
s: 493
i: [1,311,0,2,1,0,0,255] rc4_xreal_0
a: [3,498,0,2,1,311]
s: 498
i: [1,215,0,9,1,1,0,0] l7_real_lat
a: [3,317,0,9,1,215]
s: 317
i: [1,277,0,3,1,0,0,255] reflexivity_r1_tarski
s: 277
i: [1,219,0,3,1,0,0,1] fc1_real_lat
a: [3,347,0,3,1,219]
s: 347
i: [1,239,0,4,2,0,0,255] cc2_xreal_0
s: 239
i: [1,246,0,4,2,0,0,255] cc2_membered
s: 246
i: [1,247,0,4,2,0,0,255] cc3_membered
s: 247
i: [1,253,0,4,2,0,0,255] dt_l3_lattices
s: 253
i: [1,254,0,4,2,0,0,255] dt_l3_lattices
s: 254
i: [1,256,0,4,2,0,0,255] cc1_membered
s: 256
d: [2,500,1,2,1,1,40,253,367]
a: [3,506,1,2,1,500]
s: 506
i: [1,259,0,4,2,0,0,255] cc5_membered
s: 259
d: [2,501,1,2,1,1,40,253,433]
a: [3,511,1,2,1,501]
s: 511
i: [1,260,0,4,2,0,0,255] cc4_membered
s: 260
i: [1,263,0,4,2,0,0,3] cc4_xreal_0
s: 263
d: [2,502,1,2,1,1,40,253,483]
a: [3,516,1,2,1,502]
s: 516
i: [1,264,0,4,2,0,0,255] cc18_membered
s: 264
d: [2,518,1,2,1,1,40,254,367]
a: [3,524,1,2,1,518]
s: 524
i: [1,276,0,4,1,0,0,1] existence_m1_subset_1
s: 276
i: [1,286,0,4,1,0,0,255] rc1_relset_1
s: 286
d: [2,519,1,2,1,1,40,254,433]
a: [3,529,1,2,1,519]
s: 529
i: [1,240,0,5,2,0,0,255] dt_u2_lattices
s: 240
d: [2,520,1,2,1,1,40,254,483]
a: [3,534,1,2,1,520]
s: 534
i: [1,250,0,5,2,0,0,255] dt_u1_lattices
s: 250
i: [1,265,0,5,2,0,0,255] t6_boole
s: 265
d: [2,536,1,2,1,1,40,256,448]
a: [3,542,1,2,1,536]
s: 542
i: [1,266,0,5,2,0,0,3] cc1_xreal_0
s: 266
d: [2,537,1,2,1,1,40,256,458]
a: [3,547,1,2,1,537]
s: 547
i: [1,273,0,5,2,0,0,255] t7_boole
s: 273
i: [1,267,0,6,2,0,0,2] cc8_membered
s: 267
d: [2,538,1,2,1,1,40,256,468]
a: [3,552,1,2,1,538]
s: 552
i: [1,269,0,6,2,0,0,255] t1_subset
s: 269
d: [2,554,1,2,1,1,40,259,337]
a: [3,559,1,2,1,554]
s: 559
i: [1,280,0,6,2,0,0,255] antisymmetry_r2_hidden
s: 280
i: [1,220,0,6,1,0,0,255] d3_real_lat
a: [3,352,0,6,1,220]
s: 352
d: [2,566,1,2,1,1,40,260,337]
a: [3,571,1,2,1,566]
s: 571
i: [1,228,0,6,1,0,0,255] dt_k2_real_lat
a: [3,380,0,6,1,228]
s: 380
d: [2,578,1,2,1,1,40,263,438]
a: [3,583,1,2,1,578]
s: 583
i: [1,231,0,6,1,0,0,255] dt_k1_real_lat
a: [3,395,0,6,1,231]
s: 395
i: [1,243,0,7,3,0,0,255] cc13_membered
s: 243
d: [2,636,1,5,2,1,40,243,322]
a: [3,642,1,2,1,636]
s: 642
i: [1,257,0,7,3,0,0,255] cc17_membered
s: 257
d: [2,637,1,5,2,1,40,243,327]
a: [3,647,1,2,1,637]
s: 647
i: [1,261,0,7,3,0,0,2] cc14_membered
s: 261
i: [1,271,0,7,2,0,0,255] t3_subset
s: 271
d: [2,666,1,5,2,1,40,261,322]
d: [2,669,1,2,1,2,21,666,347]
a: [3,673,1,2,1,669]
s: 673
i: [1,272,0,7,3,0,0,1] t8_boole
s: 272
d: [2,667,1,5,2,1,40,261,327]
d: [2,675,1,2,1,2,21,667,347]
a: [3,679,1,2,1,675]
s: 679
i: [1,281,0,9,3,0,0,2] idempotence_k3_xxreal_0
a: [3,413,0,7,2,281]
s: 413
i: [1,244,0,8,3,0,0,255] cc19_membered
s: 244
d: [2,649,1,5,2,1,40,257,322]
a: [3,655,1,3,1,649]
s: 655
i: [1,245,0,8,3,0,0,255] cc20_membered
s: 245
d: [2,585,1,2,1,1,40,264,342]
a: [3,591,1,2,1,585]
s: 591
i: [1,248,0,8,3,0,0,255] cc22_membered
s: 248
i: [1,249,0,8,3,0,0,255] cc23_membered
s: 249
d: [2,586,1,2,1,1,40,264,443]
a: [3,596,1,2,1,586]
s: 596
i: [1,258,0,8,3,0,0,255] cc24_membered
s: 258
d: [2,587,1,2,1,1,40,264,498]
a: [3,601,1,2,1,587]
s: 601
i: [1,262,0,8,3,0,0,2] cc21_membered
s: 262
i: [1,270,0,8,3,0,0,255] t2_subset
s: 270
d: [2,718,1,7,2,1,40,270,322]
a: [3,729,1,3,1,718]
s: 729
d: [2,736,2,0,0,2,52,655,729,264]
e: 736
d: [2,737,2,3,1,1,40,729,264]
d: [2,739,2,0,0,2,21,737,655]
e: 739
r: 729
i: [1,283,0,8,3,0,0,2] fc35_xreal_0
s: 283
a: [3,725,1,4,1,718]
s: 725
i: [1,285,0,8,1,0,0,255] rc1_relset_1
s: 285
i: [1,229,0,8,1,0,0,255] dt_k2_real_lat
a: [3,375,0,8,1,229]
s: 375
a: [3,728,1,3,1,718]
s: 728
i: [1,232,0,8,1,0,0,255] dt_k1_real_lat
a: [3,390,0,8,1,232]
s: 390
d: [2,719,1,7,2,1,40,270,327]
a: [3,734,1,4,1,719]
s: 734
i: [1,275,0,9,3,0,0,255] t5_subset
s: 275
i: [1,274,0,10,3,0,0,255] t4_subset
s: 274
d: [2,744,2,4,1,1,40,725,280]
a: [3,750,2,4,1,744]
s: 750
i: [1,278,0,10,3,0,0,3] cc3_relset_1
s: 278
d: [2,923,2,4,1,1,40,734,280]
a: [3,929,2,4,1,923]
s: 929
i: [1,279,0,10,3,0,0,3] cc4_relset_1
s: 279
i: [1,282,0,11,3,0,0,2] commutativity_k3_xxreal_0
s: 282
d: [2,606,2,2,1,1,40,542,246]
a: [3,610,2,2,1,606]
s: 610
i: [1,241,0,12,2,0,0,255] dt_u2_lattices
s: 241
d: [2,618,2,2,1,1,40,547,246]
a: [3,622,2,2,1,618]
s: 622
i: [1,251,0,12,2,0,0,255] dt_u1_lattices
s: 251
i: [1,255,0,13,3,0,0,255] abstractness_v3_lattices
s: 255
d: [2,630,2,2,1,1,40,552,246]
a: [3,634,2,2,1,630]
s: 634
i: [1,242,0,14,2,0,0,255] dt_u2_lattices
s: 242
d: [2,691,2,2,1,1,40,591,256]
a: [3,696,2,2,1,691]
s: 696
i: [1,252,0,14,2,0,0,255] dt_u1_lattices
s: 252
i: [1,284,0,16,3,0,0,1] ie2_real_lat
s: 284
d: [2,1032,1,16,3,1,44,317,284]
d: [2,1033,1,12,2,2,21,1032,327]
d: [2,1034,1,8,1,3,21,1033,322]
a: [3,1038,1,8,1,1034]
s: 1038
i: [1,287,0,19,5,0,0,1] dt_k2_lattices
s: 287
d: [2,1040,2,15,3,1,44,1038,284]
d: [2,1041,2,11,2,2,21,1040,322]
d: [2,1042,2,7,1,3,21,1041,327]
a: [3,1046,2,7,1,1042]
s: 1046
d: [2,1056,3,0,0,3,52,642,647,1046,282]
e: 1056
d: [2,1057,3,0,0,3,52,647,642,1046,282]
e: 1057
d: [2,1058,3,11,3,1,44,1046,282]
d: [2,1061,3,4,2,1,19,1058]
d: [2,1064,3,2,1,2,21,1061,642]
d: [2,1065,3,0,0,3,21,1064,647]
e: 1065
d: [2,1059,3,11,3,1,44,1046,282]
d: [2,1060,3,4,2,1,19,1059]
d: [2,1067,3,2,1,2,21,1060,647]
d: [2,1068,3,0,0,3,21,1067,642]
e: 1068
d: [2,567,1,3,1,1,40,260,347]
f: 1068,1042,1034,637,636,567,219,213,214,215
% Refutation found. Thanks to Tanya!
% SZS status Theorem for real_lat__l7_real_lat
% SZS output start Proof for real_lat__l7_real_lat
1. ! [X0] : (m1_subset_1(X0,u1_struct_0(k3_real_lat)) => ! [X1] : (m1_subset_1(X1,u1_struct_0(k3_real_lat)) => k2_lattices(k3_real_lat,X0,X1) = k2_lattices(k3_real_lat,X1,X0))) [input l7_real_lat]
2. ~! [X0] : (m1_subset_1(X0,u1_struct_0(k3_real_lat)) => ! [X1] : (m1_subset_1(X1,u1_struct_0(k3_real_lat)) => k2_lattices(k3_real_lat,X0,X1) = k2_lattices(k3_real_lat,X1,X0))) [negated conjecture 1]
32. ! [X0] : (v2_membered(X0) => ! [X1] : (m1_subset_1(X1,X0) => v1_xxreal_0(X1))) [input cc13_membered]
56. ! [X0,X1] : ((v1_xxreal_0(X1) & v1_xxreal_0(X0)) => k3_xxreal_0(X0,X1) = k3_xxreal_0(X1,X0)) [input commutativity_k3_xxreal_0]
77. ! [X0] : (v3_membered(X0) => v2_membered(X0)) [input cc4_membered]
90. v3_membered(u1_struct_0(k3_real_lat)) [input fc1_real_lat]
92. ! [X0,X1] : ((m1_subset_1(X1,u1_struct_0(k3_real_lat)) & m1_subset_1(X0,u1_struct_0(k3_real_lat))) => k2_lattices(k3_real_lat,X0,X1) = k3_xxreal_0(X0,X1)) [input ie2_real_lat]
124. ? [X0] : (? [X1] : (k2_lattices(k3_real_lat,X0,X1) != k2_lattices(k3_real_lat,X1,X0) & m1_subset_1(X1,u1_struct_0(k3_real_lat))) & m1_subset_1(X0,u1_struct_0(k3_real_lat))) [ennf transformation 2]
127. ! [X0] : (! [X1] : (v1_xxreal_0(X1) | ~m1_subset_1(X1,X0)) | ~v2_membered(X0)) [ennf transformation 32]
142. ! [X0] : (v2_membered(X0) | ~v3_membered(X0)) [ennf transformation 77]
166. ! [X0,X1] : (k3_xxreal_0(X0,X1) = k3_xxreal_0(X1,X0) | (~v1_xxreal_0(X1) | ~v1_xxreal_0(X0))) [ennf transformation 56]
167. ! [X0,X1] : (k3_xxreal_0(X0,X1) = k3_xxreal_0(X1,X0) | ~v1_xxreal_0(X1) | ~v1_xxreal_0(X0)) [flattening 166]
170. ! [X0,X1] : (k2_lattices(k3_real_lat,X0,X1) = k3_xxreal_0(X0,X1) | (~m1_subset_1(X1,u1_struct_0(k3_real_lat)) | ~m1_subset_1(X0,u1_struct_0(k3_real_lat)))) [ennf transformation 92]
171. ! [X0,X1] : (k2_lattices(k3_real_lat,X0,X1) = k3_xxreal_0(X0,X1) | ~m1_subset_1(X1,u1_struct_0(k3_real_lat)) | ~m1_subset_1(X0,u1_struct_0(k3_real_lat))) [flattening 170]
184. ? [X0] : (? [X1] : (k2_lattices(k3_real_lat,X0,X1) != k2_lattices(k3_real_lat,X1,X0) & m1_subset_1(X1,u1_struct_0(k3_real_lat))) & m1_subset_1(X0,u1_struct_0(k3_real_lat))) => (? [X1] : (k2_lattices(k3_real_lat,sK0,X1) != k2_lattices(k3_real_lat,X1,sK0) & m1_subset_1(X1,u1_struct_0(k3_real_lat))) & m1_subset_1(sK0,u1_struct_0(k3_real_lat))) [choice axiom]
185. ? [X1] : (k2_lattices(k3_real_lat,sK0,X1) != k2_lattices(k3_real_lat,X1,sK0) & m1_subset_1(X1,u1_struct_0(k3_real_lat))) => (k2_lattices(k3_real_lat,sK0,sK1) != k2_lattices(k3_real_lat,sK1,sK0) & m1_subset_1(sK1,u1_struct_0(k3_real_lat))) [choice axiom]
186. (k2_lattices(k3_real_lat,sK0,sK1) != k2_lattices(k3_real_lat,sK1,sK0) & m1_subset_1(sK1,u1_struct_0(k3_real_lat))) & m1_subset_1(sK0,u1_struct_0(k3_real_lat)) [skolemisation 124,185,184]
213. m1_subset_1(sK0,u1_struct_0(k3_real_lat)) [cnf transformation 186] {a:0,w:4,wCS:400,goal:1,sine:0,thAx:0,allAx:3,thDist:-3}
214. m1_subset_1(sK1,u1_struct_0(k3_real_lat)) [cnf transformation 186] {a:0,w:4,wCS:400,goal:1,sine:0,thAx:0,allAx:3,thDist:-3}
215. k2_lattices(k3_real_lat,sK0,sK1) != k2_lattices(k3_real_lat,sK1,sK0) [cnf transformation 186] {a:0,w:9,wCS:900,goal:1,sine:0,thAx:0,allAx:3,thDist:-3}
219. v3_membered(u1_struct_0(k3_real_lat)) [cnf transformation 90] {a:0,w:3,wCS:1200,sine:1,thAx:0,allAx:1,thDist:-1}
243. ~m1_subset_1(X1,X0) | v1_xxreal_0(X1) | ~v2_membered(X0) [cnf transformation 127] {a:0,w:7,wCS:2800,nSel:1,sine:255,thAx:0,allAx:1,thDist:-1}
260. ~v3_membered(X0) | v2_membered(X0) [cnf transformation 142] {a:0,w:4,wCS:1600,nSel:1,sine:255,thAx:0,allAx:1,thDist:-1}
282. k3_xxreal_0(X0,X1) = k3_xxreal_0(X1,X0) | ~v1_xxreal_0(X1) | ~v1_xxreal_0(X0) [cnf transformation 167] {a:0,w:11,wCS:4400,nSel:1,sine:2,thAx:0,allAx:1,thDist:-1}
284. k2_lattices(k3_real_lat,X0,X1) = k3_xxreal_0(X0,X1) | ~m1_subset_1(X1,u1_struct_0(k3_real_lat)) | ~m1_subset_1(X0,u1_struct_0(k3_real_lat)) [cnf transformation 171] {a:0,w:16,wCS:6400,nSel:1,sine:1,thAx:0,allAx:1,thDist:-1}
315. 1 <=> k2_lattices(k3_real_lat,sK0,sK1) = k2_lattices(k3_real_lat,sK1,sK0) [avatar definition]
317. k2_lattices(k3_real_lat,sK0,sK1) != k2_lattices(k3_real_lat,sK1,sK0) <- (~1) [avatar component clause 315] {a:0,w:9,wCS:900,nSel:1,goal:1,sine:255,thAx:0,allAx:3,thDist:-3}
318. ~1 [avatar split clause 215,315]
320. 2 <=> m1_subset_1(sK1,u1_struct_0(k3_real_lat)) [avatar definition]
322. m1_subset_1(sK1,u1_struct_0(k3_real_lat)) <- (2) [avatar component clause 320] {a:0,w:4,wCS:400,nSel:1,goal:1,sine:255,thAx:0,allAx:3,thDist:-3}
323. 2 [avatar split clause 214,320]
325. 3 <=> m1_subset_1(sK0,u1_struct_0(k3_real_lat)) [avatar definition]
327. m1_subset_1(sK0,u1_struct_0(k3_real_lat)) <- (3) [avatar component clause 325] {a:0,w:4,wCS:400,nSel:1,goal:1,sine:255,thAx:0,allAx:3,thDist:-3}
328. 3 [avatar split clause 213,325]
345. 7 <=> v3_membered(u1_struct_0(k3_real_lat)) [avatar definition]
347. v3_membered(u1_struct_0(k3_real_lat)) <- (7) [avatar component clause 345] {a:0,w:3,wCS:1200,nSel:1,sine:255,thAx:0,allAx:1,thDist:-1}
348. 7 [avatar split clause 219,345]
567. v2_membered(u1_struct_0(k3_real_lat)) <- (7) [resolution 260,347] {a:1,w:3,wCS:1200,sine:255,thAx:0,allAx:2,thDist:-2}
574. 49 <=> v2_membered(u1_struct_0(k3_real_lat)) [avatar definition]
577. 49 | ~7 [avatar split clause 567,345,574]
636. v1_xxreal_0(sK1) | ~v2_membered(u1_struct_0(k3_real_lat)) <- (2) [resolution 243,322] {a:1,w:5,wCS:500,goal:1,sine:255,thAx:0,allAx:4,thDist:-4}
637. v1_xxreal_0(sK0) | ~v2_membered(u1_struct_0(k3_real_lat)) <- (3) [resolution 243,327] {a:1,w:5,wCS:500,goal:1,sine:255,thAx:0,allAx:4,thDist:-4}
640. 59 <=> v1_xxreal_0(sK1) [avatar definition]
642. v1_xxreal_0(sK1) <- (59) [avatar component clause 640] {a:1,w:2,wCS:200,nSel:1,goal:1,sine:255,thAx:0,allAx:4,thDist:-4}
643. ~49 | 59 | ~2 [avatar split clause 636,320,640,574]
645. 60 <=> v1_xxreal_0(sK0) [avatar definition]
647. v1_xxreal_0(sK0) <- (60) [avatar component clause 645] {a:1,w:2,wCS:200,nSel:1,goal:1,sine:255,thAx:0,allAx:4,thDist:-4}
648. ~49 | 60 | ~3 [avatar split clause 637,325,645,574]
1032. k2_lattices(k3_real_lat,sK0,sK1) != k3_xxreal_0(sK1,sK0) | ~m1_subset_1(sK0,u1_struct_0(k3_real_lat)) | ~m1_subset_1(sK1,u1_struct_0(k3_real_lat)) <- (~1) [superposition 317,284] {a:1,w:16,wCS:1600,goal:1,sine:1,thAx:0,allAx:4,thDist:-4}
1033. k2_lattices(k3_real_lat,sK0,sK1) != k3_xxreal_0(sK1,sK0) | ~m1_subset_1(sK1,u1_struct_0(k3_real_lat)) <- (~1, 3) [subsumption resolution 1032,327] {a:1,w:12,wCS:1200,goal:1,sine:1,thAx:0,allAx:4,thDist:-4}
1034. k2_lattices(k3_real_lat,sK0,sK1) != k3_xxreal_0(sK1,sK0) <- (~1, 2, 3) [subsumption resolution 1033,322] {a:1,w:8,wCS:800,goal:1,sine:1,thAx:0,allAx:4,thDist:-4}
1036. 114 <=> k2_lattices(k3_real_lat,sK0,sK1) = k3_xxreal_0(sK1,sK0) [avatar definition]
1038. k2_lattices(k3_real_lat,sK0,sK1) != k3_xxreal_0(sK1,sK0) <- (~114) [avatar component clause 1036] {a:1,w:8,wCS:800,nSel:1,goal:1,sine:255,thAx:0,allAx:4,thDist:-4}
1039. ~114 | 1 | ~2 | ~3 [avatar split clause 1034,325,320,315,1036]
1040. k3_xxreal_0(sK1,sK0) != k3_xxreal_0(sK0,sK1) | ~m1_subset_1(sK1,u1_struct_0(k3_real_lat)) | ~m1_subset_1(sK0,u1_struct_0(k3_real_lat)) <- (~114) [superposition 1038,284] {a:2,w:15,wCS:1500,goal:1,sine:1,thAx:0,allAx:5,thDist:-5}
1041. k3_xxreal_0(sK1,sK0) != k3_xxreal_0(sK0,sK1) | ~m1_subset_1(sK0,u1_struct_0(k3_real_lat)) <- (2, ~114) [subsumption resolution 1040,322] {a:2,w:11,wCS:1100,goal:1,sine:1,thAx:0,allAx:5,thDist:-5}
1042. k3_xxreal_0(sK1,sK0) != k3_xxreal_0(sK0,sK1) <- (2, 3, ~114) [subsumption resolution 1041,327] {a:2,w:7,wCS:700,goal:1,sine:1,thAx:0,allAx:5,thDist:-5}
1044. 115 <=> k3_xxreal_0(sK1,sK0) = k3_xxreal_0(sK0,sK1) [avatar definition]
1046. k3_xxreal_0(sK1,sK0) != k3_xxreal_0(sK0,sK1) <- (~115) [avatar component clause 1044] {a:2,w:7,wCS:700,nSel:1,goal:1,sine:255,thAx:0,allAx:5,thDist:-5}
1047. ~115 | ~2 | ~3 | 114 [avatar split clause 1042,1036,325,320,1044]
1059. k3_xxreal_0(sK0,sK1) != k3_xxreal_0(sK0,sK1) | ~v1_xxreal_0(sK0) | ~v1_xxreal_0(sK1) <- (~115) [superposition 1046,282] {a:3,w:11,wCS:1100,goal:1,sine:2,thAx:0,allAx:6,thDist:-6}
1060. ~v1_xxreal_0(sK0) | ~v1_xxreal_0(sK1) <- (~115) [trivial inequality removal 1059] {a:3,w:4,wCS:400,goal:1,sine:2,thAx:0,allAx:6,thDist:-6}
1067. ~v1_xxreal_0(sK1) <- (60, ~115) [subsumption resolution 1060,647] {a:3,w:2,wCS:200,goal:1,sine:2,thAx:0,allAx:6,thDist:-6}
1068. $false <- (59, 60, ~115) [subsumption resolution 1067,642] {a:3,w:0,goal:1,sine:2,thAx:0,allAx:6,thDist:-6}
1069. ~59 | ~60 | 115 [avatar contradiction clause 1068]
1070. $false [avatar sat refutation 318,323,328,348,577,643,648,1039,1047,1069] {a:0,w:0,goal:1,sine:0,thAx:0,allAx:528,thDist:-528}
% SZS output end Proof for real_lat__l7_real_lat
% ------------------------------
% Version: Vampire 4.5.1 (commit 226f88162 on 2021-09-12 20:13:44 +0200)
% Termination reason: Refutation

% >>> Input
% Input formulas: 93
% >>> Preprocessing
% Introduced skolems: 15
% Pure predicates: 9
% Unused predicate definitions: 1
% 
% >>> Saturation
% Initial clauses: 101
% Generated clauses: 375
% Active clauses: 114
% Passive clauses: 227
% Final active clauses: 113
% Final passive clauses: 113
% Main loop iterations started: 114
% 
% >>> Simplifying Inferences
% Duplicate literals: 3
% Trivial inequalities: 2
% Fw subsumption resolutions: 13
% 
% >>> Deletion Inferences
% Simple tautologies: 2
% Forward subsumptions: 13
% 
% >>> Generating Inferences
% Binary resolution: 152
% Unit resulting resolution: 3
% Forward superposition: 7
% Backward superposition: 4
% Self superposition: 1
% 
% >>> AVATAR
% Split clauses: 31
% Split components: 62
% Sat splitting refutations: 6
% 
% >>> SAT Solver Statistics
% SAT solver clauses: 118
% SAT solver unit clauses: 45
% SAT solver binary clauses: 33
% 
% Memory used [KB]: 10106
% Time elapsed: 0.004 s
% ------------------------------
% ------------------------------
% Time measurement results:
% preprocessing: 0.001 s
% splitting component index usage: 0.001 s
% resolution: 0.001 s
% other: 0.004 s ( own 0.001 s ) 

