i: [1,320,0,2,1,1,0,0] t70_analmetr
a: [3,495,0,2,1,320]
s: 495
i: [1,319,0,2,1,1,0,0] t70_analmetr
a: [3,500,0,2,1,319]
s: 500
i: [1,318,0,2,1,1,0,0] t70_analmetr
a: [3,505,0,2,1,318]
s: 505
i: [1,323,0,3,1,1,0,0] t70_analmetr
a: [3,480,0,3,1,323]
s: 480
i: [1,322,0,4,1,1,0,0] t70_analmetr
a: [3,485,0,4,1,322]
s: 485
i: [1,321,0,5,1,1,0,0] t70_analmetr
a: [3,490,0,5,1,321]
s: 490
i: [1,325,0,2,1,0,0,255] spc1_boole
a: [3,510,0,2,1,325]
s: 510
i: [1,326,0,2,1,0,0,255] fc3_membered
a: [3,515,0,2,1,326]
s: 515
i: [1,327,0,2,1,0,0,255] fc6_membered
a: [3,520,0,2,1,327]
s: 520
i: [1,328,0,2,1,0,0,255] fc1_xboole_0
a: [3,525,0,2,1,328]
s: 525
i: [1,332,0,2,1,0,0,255] spc1_numerals
a: [3,560,0,2,1,332]
s: 560
i: [1,453,0,2,1,0,0,2] rc2_xboole_0
a: [3,565,0,2,1,453]
s: 565
i: [1,454,0,2,1,0,0,255] existence_l1_analoaf
a: [3,570,0,2,1,454]
s: 570
i: [1,455,0,2,1,0,0,2] existence_l1_struct_0
a: [3,575,0,2,1,455]
s: 575
i: [1,456,0,2,1,0,0,1] existence_l1_analmetr
a: [3,580,0,2,1,456]
s: 580
i: [1,457,0,2,1,0,0,255] rc1_xxreal_0
a: [3,585,0,2,1,457]
s: 585
i: [1,458,0,2,1,0,0,2] rc1_xboole_0
a: [3,590,0,2,1,458]
s: 590
i: [1,460,0,2,1,0,0,255] rc1_membered
a: [3,595,0,2,1,460]
s: 595
i: [1,459,0,2,1,0,0,255] rc1_membered
a: [3,600,0,2,1,459]
s: 600
i: [1,462,0,2,1,0,0,255] rc2_membered
a: [3,605,0,2,1,462]
s: 605
i: [1,461,0,2,1,0,0,255] rc2_membered
a: [3,610,0,2,1,461]
s: 610
i: [1,464,0,2,1,0,0,255] rc3_membered
a: [3,615,0,2,1,464]
s: 615
i: [1,463,0,2,1,0,0,255] rc3_membered
a: [3,620,0,2,1,463]
s: 620
i: [1,466,0,2,1,0,0,1] rc2_analmetr
a: [3,625,0,2,1,466]
s: 625
i: [1,465,0,2,1,0,0,1] rc2_analmetr
a: [3,630,0,2,1,465]
s: 630
i: [1,468,0,2,1,0,0,255] rc3_xxreal_0
a: [3,635,0,2,1,468]
s: 635
i: [1,467,0,2,1,0,0,255] rc3_xxreal_0
a: [3,640,0,2,1,467]
s: 640
i: [1,470,0,2,1,0,0,255] rc2_xxreal_0
a: [3,645,0,2,1,470]
s: 645
i: [1,469,0,2,1,0,0,255] rc2_xxreal_0
a: [3,650,0,2,1,469]
s: 650
i: [1,472,0,2,1,0,0,255] rc4_xxreal_0
a: [3,655,0,2,1,472]
s: 655
i: [1,471,0,2,1,0,0,255] rc4_xxreal_0
a: [3,660,0,2,1,471]
s: 660
i: [1,324,0,12,3,1,0,0] t70_analmetr
s: 324
i: [1,336,0,3,1,0,0,1] fc1_subset_1
s: 336
i: [1,443,0,3,1,0,0,1] rc2_subset_1
s: 443
i: [1,446,0,3,1,0,0,255] reflexivity_r1_tarski
s: 446
i: [1,329,0,3,1,0,0,255] redefinition_k5_numbers
a: [3,530,0,3,1,329]
s: 530
r: 520
d: [2,662,0,2,1,2,23,520,530]
a: [3,666,0,2,1,662]
s: 666
i: [1,330,0,3,1,0,0,255] t1_numerals
a: [3,535,0,3,1,330]
s: 535
i: [1,335,0,3,1,0,0,255] spc1_numerals
a: [3,545,0,3,1,335]
s: 545
i: [1,334,0,3,1,0,0,255] spc1_numerals
a: [3,550,0,3,1,334]
s: 550
d: [2,668,0,3,1,2,22,535,530]
a: [3,672,0,3,1,668]
s: 672
i: [1,348,0,4,2,0,0,255] cc2_xxreal_0
s: 348
i: [1,349,0,4,2,0,0,255] dt_l1_analoaf
s: 349
d: [2,674,1,2,1,1,40,349,570]
a: [3,678,1,2,1,674]
s: 678
i: [1,353,0,4,2,0,0,255] cc2_membered
s: 353
i: [1,354,0,4,2,0,0,255] cc3_membered
s: 354
i: [1,371,0,4,2,0,0,255] dt_l1_analmetr
s: 371
i: [1,373,0,4,2,0,0,255] cc5_membered
s: 373
d: [2,680,1,2,1,1,40,371,495]
a: [3,686,1,2,1,680]
s: 686
i: [1,374,0,4,2,0,0,255] cc4_membered
s: 374
i: [1,377,0,4,2,0,0,255] cc1_membered
s: 377
d: [2,704,2,2,1,1,40,686,349]
a: [3,708,2,2,1,704]
s: 708
i: [1,380,0,4,2,0,0,255] cc18_membered
s: 380
d: [2,681,1,2,1,1,40,371,580]
a: [3,691,1,2,1,681]
s: 691
i: [1,441,0,4,1,0,0,1] existence_m1_subset_1
s: 441
i: [1,445,0,4,1,0,0,255] rc3_subset_1
s: 445
d: [2,682,1,2,1,1,40,371,630]
a: [3,696,1,2,1,682]
s: 696
i: [1,331,0,4,1,0,0,255] dt_k5_numbers
a: [3,540,0,4,1,331]
s: 540
d: [2,698,1,2,1,1,40,373,515]
a: [3,702,1,2,1,698]
s: 702
i: [1,333,0,4,1,0,0,255] spc1_numerals
a: [3,555,0,4,1,333]
s: 555
i: [1,338,0,5,2,0,0,255] rc6_subset_1
s: 338
d: [2,710,1,2,1,1,40,374,515]
a: [3,714,1,2,1,710]
s: 714
i: [1,342,0,5,2,0,0,1] rc1_subset_1
s: 342
d: [2,716,1,2,1,1,40,377,666]
a: [3,723,1,2,1,716]
s: 723
i: [1,344,0,5,2,0,0,255] rc5_subset_1
s: 344
i: [1,345,0,5,2,0,0,255] rc5_subset_1
s: 345
d: [2,717,1,2,1,1,40,377,595]
a: [3,728,1,2,1,717]
s: 728
i: [1,381,0,5,2,0,0,255] t6_boole
s: 381
d: [2,718,1,2,1,1,40,377,605]
a: [3,733,1,2,1,718]
s: 733
i: [1,384,0,5,2,0,0,255] cc25_membered
s: 384
i: [1,438,0,5,2,0,0,1] t7_boole
s: 438
d: [2,719,1,2,1,1,40,377,615]
a: [3,738,1,2,1,719]
s: 738
i: [1,442,0,5,1,0,0,1] rc2_subset_1
s: 442
d: [2,740,1,2,1,1,40,380,525]
a: [3,747,1,2,1,740]
s: 747
i: [1,444,0,5,1,0,0,255] rc3_subset_1
s: 444
i: [1,347,0,6,2,0,0,255] rc4_subset_1
s: 347
d: [2,742,1,2,1,1,40,380,590]
a: [3,752,1,2,1,742]
s: 752
i: [1,357,0,6,3,0,0,255] cc7_struct_0
s: 357
d: [2,743,1,2,1,1,40,380,660]
a: [3,757,1,2,1,743]
s: 757
i: [1,358,0,6,3,0,0,255] cc5_struct_0
s: 358
i: [1,360,0,6,3,0,0,255] cc2_struct_0
s: 360
d: [2,792,1,2,1,1,40,384,550]
a: [3,798,1,2,1,792]
s: 798
i: [1,361,0,6,3,0,0,255] cc17_struct_0
s: 361
d: [2,831,1,4,2,1,40,358,575]
a: [3,837,1,2,1,831]
s: 837
i: [1,362,0,6,3,0,0,255] cc6_struct_0
s: 362
i: [1,363,0,6,3,0,0,255] cc1_struct_0
s: 363
d: [2,759,2,2,1,1,40,691,349]
a: [3,763,2,2,1,759]
s: 763
i: [1,366,0,6,3,0,0,255] cc4_struct_0
s: 366
d: [2,765,2,2,1,1,40,696,349]
a: [3,769,2,2,1,765]
s: 769
i: [1,385,0,6,2,0,0,255] cc8_membered
s: 385
i: [1,386,0,6,2,0,0,255] cc11_membered
s: 386
d: [2,889,1,2,1,1,40,385,540]
a: [3,896,1,2,1,889]
s: 896
i: [1,424,0,6,3,0,0,255] cc5_xxreal_0
s: 424
d: [2,943,1,4,2,1,40,424,635]
d: [2,944,1,2,1,2,21,943,640]
a: [3,948,1,2,1,944]
s: 948
i: [1,426,0,6,3,0,0,255] cc5_xxreal_0
s: 426
i: [1,427,0,6,3,0,0,255] cc3_xxreal_0
s: 427
d: [2,950,1,4,2,1,40,426,635]
d: [2,951,1,2,1,2,21,950,640]
a: [3,955,1,2,1,951]
s: 955
i: [1,429,0,6,3,0,0,255] cc3_xxreal_0
s: 429
d: [2,958,1,4,2,1,40,427,645]
d: [2,959,1,2,1,2,21,958,650]
a: [3,963,1,2,1,959]
s: 963
i: [1,432,0,6,3,0,0,255] cc7_xxreal_0
s: 432
i: [1,433,0,6,3,0,0,255] cc7_xxreal_0
s: 433
d: [2,771,2,2,1,1,40,723,353]
a: [3,775,2,2,1,771]
s: 775
i: [1,434,0,6,2,0,0,1] t1_subset
s: 434
d: [2,777,2,2,1,1,40,728,353]
a: [3,781,2,2,1,777]
s: 781
i: [1,447,0,6,2,0,0,1] antisymmetry_r2_hidden
s: 447
i: [1,337,0,7,2,0,0,255] rc6_subset_1
s: 337
d: [2,786,2,2,1,1,40,733,353]
a: [3,790,2,2,1,786]
s: 790
i: [1,341,0,7,2,0,0,1] rc1_subset_1
s: 341
d: [2,806,2,2,1,1,40,738,353]
a: [3,810,2,2,1,806]
s: 810
i: [1,343,0,7,2,0,0,255] rc5_subset_1
s: 343
i: [1,346,0,7,2,0,0,255] rc4_subset_1
s: 346
d: [2,998,1,5,2,0,40,341,385]
a: [3,1007,1,2,1,998]
s: 1007
r: 1007
i: [1,350,0,7,3,0,0,255] cc13_membered
s: 350
d: [2,1059,1,5,2,1,40,350,485]
a: [3,1100,1,3,1,1059]
s: 1100
i: [1,364,0,7,3,0,0,255] cc8_struct_0
s: 364
i: [1,367,0,7,3,0,0,255] cc9_struct_0
s: 367
d: [2,1058,1,6,2,1,40,350,490]
a: [3,1091,1,4,1,1058]
s: 1091
i: [1,368,0,7,3,0,0,255] cc11_struct_0
s: 368
a: [3,1006,1,2,1,998]
s: 1006
i: [1,369,0,7,3,0,0,255] cc11_struct_0
s: 369
i: [1,378,0,7,3,0,0,255] cc17_membered
s: 378
d: [2,1115,1,5,2,1,40,378,485]
a: [3,1157,1,3,1,1115]
s: 1157
i: [1,387,0,7,3,0,0,255] fc9_struct_0
s: 387
d: [2,1114,1,6,2,1,40,378,490]
a: [3,1148,1,4,1,1114]
s: 1148
i: [1,388,0,7,3,0,0,255] fc6_struct_0
s: 388
i: [1,390,0,7,3,0,0,255] rc22_struct_0
s: 390
d: [2,999,1,5,2,0,40,341,386]
a: [3,1016,1,2,1,999]
s: 1016
i: [1,394,0,7,3,0,0,1] fc2_struct_0
s: 394
d: [2,1054,1,4,2,1,40,350,545]
d: [2,1067,1,2,1,2,21,1054,714]
a: [3,1071,1,2,1,1067]
s: 1071
i: [1,396,0,7,3,0,0,1] rc4_struct_0
s: 396
i: [1,398,0,7,3,0,0,255] rc21_struct_0
s: 398
d: [2,1057,1,4,2,1,40,350,672]
a: [3,1086,1,2,1,1057]
s: 1086
i: [1,399,0,7,3,0,0,255] rc21_struct_0
s: 399
d: [2,1110,1,4,2,1,40,378,545]
a: [3,1126,1,2,1,1110]
s: 1126
i: [1,420,0,7,3,0,0,255] fc8_struct_0
s: 420
i: [1,421,0,7,3,0,0,255] fc7_struct_0
s: 421
d: [2,1113,1,4,2,1,40,378,672]
d: [2,1139,1,2,1,2,21,1113,666]
a: [3,1143,1,2,1,1139]
s: 1143
i: [1,430,0,7,3,0,0,1] fc1_struct_0
s: 430
d: [2,812,2,2,1,1,40,747,377]
a: [3,817,2,2,1,812]
s: 817
i: [1,436,0,7,2,0,0,255] t3_subset
s: 436
i: [1,437,0,7,3,0,0,2] t8_boole
s: 437
d: [2,819,2,2,1,1,40,752,377]
a: [3,823,2,2,1,819]
s: 823
i: [1,351,0,8,3,0,0,255] cc19_membered
s: 351
d: [2,1194,1,5,2,1,40,351,490]
a: [3,1207,1,3,1,1194]
s: 1207
i: [1,352,0,8,3,0,0,255] cc20_membered
s: 352
i: [1,355,0,8,3,0,0,255] cc22_membered
s: 355
d: [2,1227,1,5,2,1,40,355,490]
a: [3,1238,1,3,1,1227]
s: 1238
i: [1,356,0,8,3,0,0,255] cc23_membered
s: 356
d: [2,1246,1,5,2,1,40,356,490]
a: [3,1257,1,3,1,1246]
s: 1257
i: [1,375,0,8,3,0,0,255] cc21_membered
s: 375
i: [1,376,0,8,3,0,0,255] cc5_subset_1
s: 376
d: [2,1265,1,5,2,1,40,375,490]
a: [3,1276,1,3,1,1265]
s: 1276
i: [1,379,0,8,3,0,0,255] cc24_membered
s: 379
d: [2,1284,1,5,2,1,40,376,490]
a: [3,1296,1,3,1,1284]
s: 1296
i: [1,382,0,8,3,0,0,1] cc1_subset_1
s: 382
i: [1,417,0,8,4,0,0,255] cc4_xxreal_0
s: 417
d: [2,1312,2,4,2,1,40,1296,421]
d: [2,1313,2,2,1,2,21,1312,708]
a: [3,1317,2,2,1,1313]
s: 1317
i: [1,419,0,8,4,0,0,255] cc6_xxreal_0
s: 419
d: [2,1321,1,5,2,1,40,382,490]
a: [3,1332,1,3,1,1321]
s: 1332
i: [1,422,0,8,4,0,0,255] cc8_xxreal_0
s: 422
i: [1,435,0,8,3,0,0,1] t2_subset
s: 435
r: 1006
r: 1332
a: [3,1336,1,2,1,1321]
s: 1336
r: 1336
i: [1,370,0,9,4,0,0,255] cc10_struct_0
s: 370
a: [3,1335,1,2,1,1321]
s: 1335
i: [1,383,0,9,3,0,0,255] cc4_subset_1
s: 383
i: [1,440,0,9,3,0,0,1] t5_subset
s: 440
s: 1332
i: [1,389,0,10,3,0,0,255] rc22_struct_0
s: 389
d: [2,1364,1,7,2,1,40,435,485]
d: [2,1391,1,4,1,2,21,1364,1332]
a: [3,1395,1,4,1,1391]
s: 1395
i: [1,395,0,10,3,0,0,1] rc4_struct_0
s: 395
i: [1,397,0,10,3,0,0,255] rc21_struct_0
s: 397
d: [2,1468,2,4,1,1,40,1395,447]
a: [3,1474,2,4,1,1468]
s: 1474
i: [1,439,0,10,3,0,0,1] t4_subset
s: 439
d: [2,1363,1,9,2,1,40,435,490]
d: [2,1385,1,5,1,1,21,1363,336]
a: [3,1389,1,5,1,1385]
s: 1389
i: [1,339,0,11,4,0,0,255] cc3_subset_1
s: 339
r: 1016
i: [1,340,0,11,4,0,0,255] cc2_subset_1
s: 340
d: [2,1517,2,5,1,1,40,1389,447]
a: [3,1523,2,5,1,1517]
s: 1523
i: [1,451,0,14,4,0,0,255] existence_m2_subset_1
s: 451
d: [2,1506,1,7,2,1,40,439,490]
s: 1506
d: [2,1557,0,12,3,0,21,451,382]
s: 1557
i: [1,448,0,15,5,0,0,255] dt_m2_subset_1
s: 448
d: [2,1558,2,10,3,1,40,1506,435]
d: [2,1561,2,7,2,2,21,1558,1332]
s: 1561
d: [2,1562,0,13,4,0,21,448,382]
s: 1562
d: [2,1563,3,7,2,2,40,1561,447]
s: 1563
i: [1,449,0,15,5,0,0,255] redefinition_m2_subset_1
s: 449
d: [2,1576,0,13,4,0,21,449,382]
s: 1576
d: [2,1569,4,8,2,2,40,1563,1561]
d: [2,1570,4,4,1,2,18,1569]
a: [3,1574,4,4,1,1570]
s: 1574
i: [1,450,0,15,5,0,0,255] redefinition_m2_subset_1
s: 450
d: [2,972,1,5,2,0,40,337,385]
a: [3,980,1,2,1,972]
s: 980
d: [2,1580,0,13,4,0,21,450,382]
s: 1580
i: [1,411,0,18,5,0,0,1] d12_analmetr
s: 411
d: [2,1583,1,10,3,1,40,1580,490]
d: [2,1598,1,8,2,2,21,1583,1335]
s: 1598
i: [1,412,0,18,5,0,0,1] d12_analmetr
s: 412
d: [2,1607,2,14,4,2,40,1598,1562]
d: [2,1608,2,9,3,2,21,1607,490]
d: [2,1609,2,7,2,2,21,1608,1335]
s: 1609
i: [1,413,0,19,5,0,0,1] d12_analmetr
s: 413
i: [1,452,0,20,5,0,0,2] dt_k4_analmetr
s: 452
d: [2,1613,3,10,3,2,40,1609,435]
d: [2,1616,3,7,2,3,21,1613,1332]
s: 1616
i: [1,414,0,22,5,0,0,1] d12_analmetr
s: 414
d: [2,1634,4,7,2,3,40,1616,447]
s: 1634
i: [1,391,0,26,7,0,0,2] t69_analmetr
s: 391
i: [1,393,0,27,7,0,0,2] t69_analmetr
s: 393
d: [2,1640,5,8,2,3,40,1634,1616]
d: [2,1642,5,4,1,3,18,1640]
a: [3,1646,5,4,1,1642]
s: 1646
i: [1,392,0,28,7,0,0,2] t69_analmetr
s: 392
s: 1006
i: [1,476,0,29,7,0,0,1] d12_analmetr
s: 476
d: [2,1651,0,21,6,0,21,476,452]
s: 1651
s: 1016
i: [1,400,0,30,7,0,0,1] d13_analmetr
s: 400
d: [2,1340,1,6,3,1,40,417,585]
a: [3,1347,1,2,1,1340]
s: 1347
r: 1347
i: [1,401,0,30,7,0,0,1] d13_analmetr
s: 401
i: [1,408,0,31,7,0,0,3] d11_analmetr
s: 408
a: [3,1346,1,2,1,1340]
s: 1346
i: [1,402,0,33,7,0,0,1] d13_analmetr
s: 402
a: [3,1351,1,2,1,1340]
s: 1351
i: [1,474,0,35,8,0,0,3] d11_analmetr
s: 474
d: [2,1671,0,27,7,0,21,474,452]
s: 1671
d: [2,825,2,2,1,1,40,757,377]
a: [3,829,2,2,1,825]
s: 829
i: [1,475,0,35,8,0,0,3] d11_analmetr
s: 475
d: [2,832,2,4,2,1,40,358,678]
a: [3,846,2,2,1,832]
s: 846
d: [2,1687,0,31,7,0,21,475,439]
d: [2,1688,0,23,6,0,21,1687,452]
s: 1688
i: [1,403,0,36,7,0,0,1] d13_analmetr
s: 403
d: [2,865,2,2,1,1,40,798,377]
a: [3,869,2,2,1,865]
s: 869
i: [1,404,0,36,7,0,0,1] d13_analmetr
s: 404
d: [2,931,2,2,1,1,40,896,374]
a: [3,936,2,2,1,931]
s: 936
i: [1,409,0,39,8,0,0,3] d11_analmetr
s: 409
i: [1,410,0,39,8,0,0,3] d11_analmetr
s: 410
d: [2,932,2,2,1,1,40,896,373]
a: [3,941,2,2,1,932]
s: 941
i: [1,473,0,45,10,0,0,1] d13_analmetr
s: 473
d: [2,1048,2,2,1,1,40,1007,380]
a: [3,1052,2,2,1,1048]
s: 1052
r: 1052
d: [2,1718,0,37,9,0,21,473,452]
s: 1718
d: [2,741,1,3,1,0,40,380,443]
s: 741
a: [3,1051,2,2,1,1048]
s: 1051
d: [2,794,1,3,1,0,40,384,441]
a: [3,804,1,3,1,794]
s: 804
d: [2,871,3,4,2,1,40,763,360]
a: [3,876,3,2,1,871]
s: 876
d: [2,891,1,3,1,0,40,385,442]
a: [3,906,1,3,1,891]
s: 906
d: [2,892,1,3,1,0,40,385,444]
a: [3,911,1,3,1,892]
s: 911
d: [2,966,3,2,1,1,40,781,354]
a: [3,970,3,2,1,966]
s: 970
d: [2,914,1,3,1,0,40,386,442]
a: [3,924,1,3,1,914]
s: 924
d: [2,992,3,2,1,1,40,790,354]
a: [3,996,3,2,1,992]
s: 996
d: [2,915,1,3,1,0,40,386,444]
a: [3,929,1,3,1,915]
s: 929
a: [3,977,1,3,1,972]
s: 977
r: 977
r: 980
a: [3,981,1,2,1,972]
s: 981
d: [2,973,1,5,2,0,40,337,386]
a: [3,990,1,2,1,973]
s: 990
d: [2,1018,3,2,1,1,40,810,354]
a: [3,1022,3,2,1,1018]
s: 1022
a: [3,976,1,3,1,972]
s: 976
a: [3,986,1,3,1,973]
s: 986
r: 986
d: [2,1175,3,2,1,1,40,817,353]
a: [3,1180,3,2,1,1175]
s: 1180
a: [3,985,1,3,1,973]
s: 985
d: [2,1186,3,2,1,1,40,823,353]
a: [3,1190,3,2,1,1186]
s: 1190
a: [3,1003,1,3,1,998]
s: 1003
r: 1003
r: 1006
r: 1051
s: 1007
s: 1052
a: [3,1002,1,3,1,998]
s: 1002
d: [2,1681,3,2,1,1,40,829,353]
a: [3,1685,3,2,1,1681]
s: 1685
a: [3,1012,1,3,1,999]
s: 1012
r: 1012
a: [3,1011,1,3,1,999]
s: 1011
d: [2,1710,3,2,1,1,40,869,353]
a: [3,1714,3,2,1,1710]
s: 1714
d: [2,1024,1,5,2,0,40,343,385]
a: [3,1029,1,3,1,1024]
s: 1029
r: 1029
d: [2,1719,3,2,1,1,40,1052,377]
a: [3,1723,3,2,1,1719]
s: 1723
r: 1002
r: 1007
r: 1011
r: 1016
r: 1052
r: 1723
s: 1006
a: [3,1015,1,2,1,999]
s: 1015
s: 1051
s: 1003
a: [3,1722,3,2,1,1719]
s: 1722
s: 1012
s: 1029
d: [2,1766,4,2,1,1,40,970,374]
a: [3,1771,4,2,1,1766]
s: 1771
d: [2,1025,1,5,2,0,40,343,386]
a: [3,1034,1,3,1,1025]
s: 1034
r: 1015
r: 1034
s: 1016
a: [3,1033,1,3,1,1025]
s: 1033
d: [2,1036,1,5,2,0,40,346,385]
a: [3,1041,1,3,1,1036]
s: 1041
r: 1006
r: 1041
r: 1051
r: 1722
s: 1007
a: [3,1040,1,3,1,1036]
s: 1040
s: 1052
d: [2,1037,1,5,2,0,40,346,386]
a: [3,1046,1,3,1,1037]
s: 1046
r: 1046
a: [3,1045,1,3,1,1037]
s: 1045
s: 1723
d: [2,1056,1,5,2,1,40,350,540]
a: [3,1077,1,3,1,1056]
s: 1077
d: [2,1767,4,2,1,1,40,970,373]
a: [3,1776,4,2,1,1767]
s: 1776
d: [2,1112,1,5,2,1,40,378,540]
a: [3,1133,1,3,1,1112]
s: 1133
d: [2,1359,1,5,2,1,40,435,545]
d: [2,1373,1,3,1,2,21,1359,1006]
a: [3,1377,1,3,1,1373]
s: 1377
d: [2,1932,2,0,0,2,52,1007,1377,438]
e: 1932
d: [2,1935,2,2,1,1,40,1377,438]
d: [2,1937,2,0,0,2,21,1935,1007]
e: 1937
r: 1377
d: [2,1778,4,2,1,1,40,996,374]
a: [3,1783,4,2,1,1778]
s: 1783
d: [2,1416,1,5,2,1,40,383,540]
a: [3,1428,1,3,1,1416]
s: 1428
d: [2,1779,4,2,1,1,40,996,373]
a: [3,1788,4,2,1,1779]
s: 1788
d: [2,1436,1,5,2,1,40,440,540]
a: [3,1447,1,3,1,1436]
s: 1447
d: [2,1362,1,5,2,1,40,435,672]
a: [3,1549,1,3,1,1362]
s: 1549
d: [2,1939,1,0,0,2,21,1549,1447]
e: 1939
d: [2,1808,4,2,1,1,40,1022,374]
a: [3,1813,4,2,1,1808]
s: 1813
d: [2,1360,1,5,2,1,40,435,550]
a: [3,1554,1,3,1,1360]
s: 1554
d: [2,1941,1,0,0,2,21,1554,1447]
e: 1941
d: [2,1809,4,2,1,1,40,1022,373]
a: [3,1818,4,2,1,1809]
s: 1818
d: [2,890,1,4,1,0,40,385,441]
a: [3,901,1,4,1,890]
s: 901
d: [2,913,1,4,1,0,40,386,441]
a: [3,919,1,4,1,913]
s: 919
d: [2,1826,4,2,1,1,40,1180,354]
a: [3,1831,4,2,1,1826]
s: 1831
d: [2,1361,1,7,2,1,40,435,540]
d: [2,1379,1,4,1,1,21,1361,336]
a: [3,1383,1,4,1,1379]
s: 1383
d: [2,1833,4,2,1,1,40,1190,354]
a: [3,1837,4,2,1,1833]
s: 1837
d: [2,784,1,5,2,1,44,672,381]
s: 784
d: [2,1064,1,5,2,0,40,350,441]
s: 1064
d: [2,1855,4,2,1,1,40,1685,354]
a: [3,1859,4,2,1,1855]
s: 1859
d: [2,1120,1,5,2,0,40,378,441]
s: 1120
d: [2,1867,4,2,1,1,40,1714,354]
a: [3,1871,4,2,1,1867]
s: 1871
d: [2,1182,1,5,2,0,40,436,385]
s: 1182
d: [2,1183,1,5,2,0,40,436,386]
s: 1183
d: [2,1885,4,2,1,1,40,1723,353]
a: [3,1889,4,2,1,1885]
s: 1889
d: [2,1200,1,5,2,0,40,351,442]
s: 1200
d: [2,1961,5,2,1,1,40,1831,374]
a: [3,1967,5,2,1,1961]
s: 1967
d: [2,1201,1,5,2,0,40,351,444]
s: 1201
d: [2,1221,1,5,2,0,40,352,442]
s: 1221
d: [2,1962,5,2,1,1,40,1831,373]
a: [3,1972,5,2,1,1962]
s: 1972
d: [2,1222,1,5,2,0,40,352,444]
s: 1222
d: [2,1977,5,2,1,1,40,1837,374]
a: [3,1982,5,2,1,1977]
s: 1982
d: [2,1233,1,5,2,0,40,355,442]
s: 1233
d: [2,1234,1,5,2,0,40,355,444]
s: 1234
d: [2,1978,5,2,1,1,40,1837,373]
a: [3,1987,5,2,1,1978]
s: 1987
d: [2,1252,1,5,2,0,40,356,442]
s: 1252
d: [2,1996,5,2,1,1,40,1859,374]
a: [3,2001,5,2,1,1996]
s: 2001
d: [2,1253,1,5,2,0,40,356,444]
s: 1253
d: [2,1271,1,5,2,0,40,375,442]
s: 1271
d: [2,1997,5,2,1,1,40,1859,373]
a: [3,2006,5,2,1,1997]
s: 2006
d: [2,1272,1,5,2,0,40,375,444]
s: 1272
d: [2,2009,5,2,1,1,40,1871,374]
a: [3,2014,5,2,1,2009]
s: 2014
d: [2,1290,1,5,2,0,40,376,442]
s: 1290
d: [2,1291,1,5,2,0,40,376,444]
s: 1291
d: [2,2010,5,2,1,1,40,1871,373]
a: [3,2019,5,2,1,2010]
s: 2019
d: [2,1310,1,5,2,0,40,379,442]
s: 1310
d: [2,1735,2,3,1,0,40,741,377]
s: 1735
r: 1252
d: [2,1311,1,5,2,0,40,379,444]
s: 1311
d: [2,1328,1,5,2,0,40,382,444]
s: 1328
d: [2,1736,2,3,1,1,40,804,377]
a: [3,1740,2,3,1,1736]
s: 1740
d: [2,1370,1,8,2,0,40,435,442]
d: [2,1401,1,5,1,0,21,1370,336]
s: 1401
d: [2,1742,2,3,1,1,40,906,374]
a: [3,1747,2,3,1,1742]
s: 1747
d: [2,1371,1,8,2,0,40,435,444]
d: [2,1402,1,5,1,0,21,1371,336]
s: 1402
d: [2,1537,1,9,3,0,40,339,444]
d: [2,1544,1,5,2,0,21,1537,445]
s: 1544
d: [2,1743,2,3,1,1,40,906,373]
a: [3,1752,2,3,1,1743]
s: 1752
d: [2,1065,1,6,2,0,40,350,442]
s: 1065
d: [2,1754,2,3,1,1,40,911,374]
a: [3,1759,2,3,1,1754]
s: 1759
d: [2,1066,1,6,2,0,40,350,444]
s: 1066
d: [2,1121,1,6,2,0,40,378,442]
s: 1121
d: [2,1755,2,3,1,1,40,911,373]
a: [3,1764,2,3,1,1755]
s: 1764
d: [2,1122,1,6,2,0,40,378,444]
s: 1122
d: [2,1790,2,3,1,1,40,929,377]
a: [3,1794,2,3,1,1790]
s: 1794
d: [2,1199,1,6,2,0,40,351,441]
s: 1199
d: [2,1220,1,6,2,0,40,352,441]
s: 1220
d: [2,1839,2,3,1,1,40,1003,374]
a: [3,1844,2,3,1,1839]
s: 1844
d: [2,1232,1,6,2,0,40,355,441]
s: 1232
d: [2,1840,2,3,1,1,40,1003,373]
a: [3,1849,2,3,1,1840]
s: 1849
d: [2,1251,1,6,2,0,40,356,441]
s: 1251
d: [2,1270,1,6,2,0,40,375,441]
s: 1270
d: [2,1861,2,3,1,1,40,1012,377]
a: [3,1865,2,3,1,1861]
s: 1865
r: 1012
r: 1865
s: 1011
a: [3,1864,2,3,1,1861]
s: 1864
d: [2,1289,1,6,2,0,40,376,441]
s: 1289
d: [2,1309,1,6,2,0,40,379,441]
s: 1309
d: [2,1873,2,3,1,1,40,1029,374]
a: [3,1878,2,3,1,1873]
s: 1878
d: [2,1326,1,6,2,0,40,382,441]
s: 1326
d: [2,1874,2,3,1,1,40,1029,373]
a: [3,1883,2,3,1,1874]
s: 1883
d: [2,1369,1,6,2,0,40,435,441]
s: 1369
d: [2,1423,1,6,2,0,40,383,442]
s: 1423
d: [2,2034,3,3,1,0,40,1735,353]
s: 2034
r: 1233
d: [2,1443,1,6,2,0,40,440,442]
s: 1443
d: [2,2037,3,3,1,1,40,1740,353]
a: [3,2041,3,3,1,2037]
s: 2041
d: [2,1444,1,6,2,0,40,440,444]
s: 1444
d: [2,1505,1,6,2,1,40,439,540]
s: 1505
d: [2,2050,3,3,1,1,40,1794,353]
a: [3,2054,3,3,1,2050]
s: 2054
d: [2,1536,1,9,3,0,40,339,442]
d: [2,1543,1,6,2,0,21,1536,443]
s: 1543
d: [2,2073,4,3,1,0,40,2034,354]
s: 2073
r: 1271
r: 906
d: [2,783,1,7,3,0,44,381,381]
s: 783
d: [2,1173,1,7,3,0,40,430,380]
s: 1173
d: [2,2075,4,3,1,1,40,2041,354]
a: [3,2079,4,3,1,2075]
s: 2079
d: [2,1192,1,7,3,0,40,351,436]
s: 1192
d: [2,2082,4,3,1,1,40,2054,354]
a: [3,2086,4,3,1,2082]
s: 2086
d: [2,1195,1,7,3,0,40,351,337]
s: 1195
d: [2,1196,1,7,3,0,40,351,341]
s: 1196
d: [2,2089,5,3,1,0,40,2073,374]
s: 2089
r: 1747
r: 1221
d: [2,1197,1,7,3,0,40,351,343]
s: 1197
d: [2,2090,5,3,1,0,40,2073,373]
s: 2090
r: 1752
r: 1200
d: [2,1198,1,7,3,0,40,351,346]
s: 1198
d: [2,1213,1,7,3,0,40,352,436]
s: 1213
d: [2,2093,5,3,1,1,40,2079,374]
a: [3,2098,5,3,1,2093]
s: 2098
d: [2,1216,1,7,3,0,40,352,337]
s: 1216
d: [2,2094,5,3,1,1,40,2079,373]
a: [3,2103,5,3,1,2094]
s: 2103
d: [2,1217,1,7,3,0,40,352,341]
s: 1217
d: [2,1218,1,7,3,0,40,352,343]
s: 1218
d: [2,2106,5,3,1,1,40,2086,374]
a: [3,2111,5,3,1,2106]
s: 2111
d: [2,1219,1,7,3,0,40,352,346]
s: 1219
d: [2,2107,5,3,1,1,40,2086,373]
a: [3,2116,5,3,1,2107]
s: 2116
d: [2,1225,1,7,3,0,40,355,436]
s: 1225
d: [2,1228,1,7,3,0,40,355,337]
s: 1228
d: [2,1164,2,4,2,1,44,1086,381]
s: 1164
r: 1007
r: 1040
r: 1428
s: 1006
a: [3,1081,1,2,1,1056]
s: 1081
s: 1041
s: 1377
d: [2,2128,3,2,1,2,40,1164,590]
a: [3,2139,3,2,1,2128]
s: 2139
a: [3,1427,1,3,1,1416]
s: 1427
d: [2,1908,2,3,1,1,40,1041,374]
a: [3,1913,2,3,1,1908]
s: 1913
d: [2,1229,1,7,3,0,40,355,341]
s: 1229
d: [2,1230,1,7,3,0,40,355,343]
s: 1230
d: [2,1909,2,3,1,1,40,1041,373]
a: [3,1918,2,3,1,1909]
s: 1918
d: [2,1231,1,7,3,0,40,355,346]
s: 1231
d: [2,2146,2,3,1,1,40,1377,447]
a: [3,2152,2,3,1,2146]
s: 2152
d: [2,1244,1,7,3,0,40,356,436]
s: 1244
d: [2,1247,1,7,3,0,40,356,337]
s: 1247
d: [2,2126,3,3,1,1,40,1164,443]
s: 2126
r: 1065
d: [2,1248,1,7,3,0,40,356,341]
s: 1248
d: [2,1171,2,4,2,1,44,1143,381]
s: 1171
a: [3,1137,1,2,1,1112]
s: 1137
d: [2,1249,1,7,3,0,40,356,343]
s: 1249
d: [2,2169,3,2,1,2,40,1171,590]
a: [3,2175,3,2,1,2169]
s: 2175
d: [2,1250,1,7,3,0,40,356,346]
s: 1250
d: [2,2170,3,2,1,2,40,1171,660]
a: [3,2180,3,2,1,2170]
s: 2180
d: [2,1263,1,7,3,0,40,375,436]
s: 1263
d: [2,1266,1,7,3,0,40,375,337]
s: 1266
d: [2,2167,3,3,1,1,40,1171,443]
s: 2167
r: 1121
d: [2,1267,1,7,3,0,40,375,341]
s: 1267
d: [2,1943,2,4,1,1,40,901,374]
a: [3,1948,2,4,1,1943]
s: 1948
d: [2,1268,1,7,3,0,40,375,343]
s: 1268
d: [2,1269,1,7,3,0,40,375,346]
s: 1269
d: [2,1944,2,4,1,1,40,901,373]
a: [3,1953,2,4,1,1944]
s: 1953
d: [2,1282,1,7,3,0,40,376,436]
s: 1282
d: [2,1955,2,4,1,1,40,919,377]
a: [3,1959,2,4,1,1955]
s: 1959
d: [2,1286,1,7,3,0,40,376,341]
s: 1286
d: [2,1288,1,7,3,0,40,376,346]
s: 1288
d: [2,1991,2,6,3,1,40,784,378]
d: [2,1993,2,4,2,2,21,1991,666]
s: 1993
d: [2,1302,1,7,3,0,40,379,436]
s: 1302
d: [2,1992,2,6,3,1,40,784,350]
d: [2,1994,2,4,2,2,21,1992,936]
s: 1994
d: [2,1305,1,7,3,0,40,379,337]
s: 1305
d: [2,1306,1,7,3,0,40,379,341]
s: 1306
d: [2,1176,3,4,2,1,44,817,381]
s: 1176
d: [2,1307,1,7,3,0,40,379,343]
s: 1307
d: [2,2199,3,4,1,1,40,1959,353]
a: [3,2203,3,4,1,2199]
s: 2203
d: [2,1308,1,7,3,0,40,379,346]
s: 1308
d: [2,1319,1,7,3,0,40,382,436]
s: 1319
d: [2,1827,4,4,2,1,44,1180,381]
s: 1827
d: [2,1322,1,7,3,0,40,382,337]
s: 1322
d: [2,2220,4,4,1,1,40,2203,354]
a: [3,2224,4,4,1,2220]
s: 2224
d: [2,1358,1,10,3,0,40,435,436]
d: [2,1372,1,7,2,0,21,1358,336]
s: 1372
d: [2,1365,1,10,3,0,40,435,337]
d: [2,1397,1,7,2,0,21,1365,336]
s: 1397
d: [2,2258,4,8,2,2,40,1372,1563]
s: 2258
d: [2,1366,1,10,3,0,40,435,341]
d: [2,1398,1,7,2,0,21,1366,336]
s: 1398
d: [2,2257,5,8,2,3,40,1372,1634]
s: 2257
d: [2,1367,1,10,3,0,40,435,343]
d: [2,1399,1,7,2,0,21,1367,336]
s: 1399
d: [2,1368,1,10,3,0,40,435,346]
d: [2,1400,1,7,2,0,21,1368,336]
s: 1400
d: [2,2266,6,5,1,3,40,2257,446]
a: [3,2270,6,5,1,2266]
s: 2270
d: [2,1422,1,7,2,0,40,383,441]
s: 1422
d: [2,1963,5,4,2,1,44,1831,381]
s: 1963
d: [2,1442,1,7,2,0,40,440,441]
s: 1442
d: [2,1515,1,7,2,0,40,439,442]
s: 1515
d: [2,2242,5,4,1,1,40,2224,374]
a: [3,2247,5,4,1,2242]
s: 2247
d: [2,1516,1,7,2,0,40,439,444]
s: 1516
d: [2,2243,5,4,1,1,40,2224,373]
a: [3,2252,5,4,1,2243]
s: 2252
d: [2,1582,1,9,3,1,40,1580,540]
a: [3,1596,1,7,2,1582]
s: 1596
d: [2,1060,1,8,3,0,40,350,337]
s: 1060
d: [2,2024,6,4,2,1,44,1967,381]
s: 2024
d: [2,1061,1,8,3,0,40,350,341]
s: 1061
d: [2,2025,6,4,2,1,44,1972,381]
s: 2025
d: [2,1062,1,8,3,0,40,350,343]
s: 1062
d: [2,1063,1,8,3,0,40,350,346]
s: 1063
d: [2,2008,2,5,2,0,40,1120,348]
s: 2008
d: [2,1116,1,8,3,0,40,378,337]
s: 1116
d: [2,2026,2,5,2,0,40,1233,354]
s: 2026
d: [2,1117,1,8,3,0,40,378,341]
s: 1117
d: [2,1118,1,8,3,0,40,378,343]
s: 1118
d: [2,2027,2,5,2,0,40,1234,354]
s: 2027
d: [2,1119,1,8,3,0,40,378,346]
s: 1119
d: [2,2028,2,5,2,0,40,1252,353]
s: 2028
d: [2,1184,1,8,3,0,40,436,378]
s: 1184
d: [2,1185,1,8,3,0,40,436,350]
s: 1185
d: [2,2029,2,5,2,0,40,1253,353]
s: 2029
d: [2,1415,1,8,3,0,40,383,436]
s: 1415
d: [2,2030,2,5,2,0,40,1271,374]
s: 2030
d: [2,1418,1,8,3,0,40,383,337]
s: 1418
d: [2,1435,1,8,3,0,40,440,436]
s: 1435
d: [2,2031,2,5,2,0,40,1271,373]
s: 2031
d: [2,1438,1,8,3,0,40,440,337]
s: 1438
d: [2,2032,2,5,2,0,40,1272,374]
s: 2032
d: [2,1514,1,8,2,0,40,439,441]
s: 1514
d: [2,1106,1,9,4,0,44,364,381]
s: 1106
d: [2,2033,2,5,2,0,40,1272,373]
s: 2033
d: [2,1108,1,9,4,0,44,367,381]
s: 1108
d: [2,2035,2,5,2,0,40,1311,377]
s: 2035
d: [2,1504,1,9,3,0,40,439,436]
s: 1504
d: [2,1507,1,9,3,0,40,439,337]
s: 1507
d: [2,2036,2,5,2,0,40,1328,380]
s: 2036
d: [2,1508,1,9,3,0,40,439,341]
s: 1508
d: [2,2043,2,5,1,0,40,1401,447]
s: 2043
d: [2,1509,1,9,3,0,40,439,343]
s: 1509
d: [2,1510,1,9,3,0,40,439,346]
s: 1510
d: [2,2046,2,5,1,0,40,1402,447]
s: 2046
d: [2,1454,1,10,4,0,40,389,351]
s: 1454
d: [2,2313,2,5,2,0,40,1184,446]
s: 2313
d: [2,1455,1,10,4,0,40,389,352]
s: 1455
d: [2,1456,1,10,4,0,40,389,355]
s: 1456
d: [2,2314,2,5,2,0,40,1185,446]
s: 2314
d: [2,1457,1,10,4,0,40,389,356]
s: 1457
d: [2,2316,2,5,2,0,40,1415,446]
s: 2316
d: [2,1458,1,10,4,0,40,389,375]
s: 1458
d: [2,1460,1,10,4,0,40,389,379]
s: 1460
d: [2,2127,3,5,2,1,40,1164,1328]
s: 2127
d: [2,1461,1,10,4,0,40,389,382]
s: 1461
d: [2,2168,3,5,2,1,40,1171,1328]
s: 2168
d: [2,1464,1,14,4,0,40,389,435]
d: [2,1467,1,10,3,0,21,1464,336]
s: 1467
d: [2,1476,1,10,4,0,40,395,351]
s: 1476
d: [2,2311,3,5,2,0,40,2027,374]
s: 2311
d: [2,1477,1,10,4,0,40,395,352]
s: 1477
d: [2,2312,3,5,2,0,40,2027,373]
s: 2312
d: [2,1478,1,10,4,0,40,395,355]
s: 1478
d: [2,1479,1,10,4,0,40,395,356]
s: 1479
d: [2,2315,3,5,2,0,40,2029,354]
s: 2315
d: [2,1480,1,10,4,0,40,395,375]
s: 1480
d: [2,2332,3,5,2,0,40,2035,353]
s: 2332
d: [2,1481,1,10,4,0,40,395,376]
s: 1481
d: [2,1482,1,10,4,0,40,395,379]
s: 1482
d: [2,2335,3,5,2,0,40,2036,377]
s: 2335
d: [2,1486,1,14,4,0,40,395,435]
d: [2,1489,1,10,3,0,21,1486,336]
s: 1489
d: [2,2215,4,5,2,1,40,1176,1328]
s: 2215
d: [2,1490,1,10,4,0,40,397,351]
s: 1490
d: [2,1491,1,10,4,0,40,397,352]
s: 1491
d: [2,2350,4,5,2,0,40,2315,374]
s: 2350
d: [2,1492,1,10,4,0,40,397,355]
s: 1492
d: [2,2351,4,5,2,0,40,2315,373]
s: 2351
d: [2,1493,1,10,4,0,40,397,356]
s: 1493
d: [2,1494,1,10,4,0,40,397,375]
s: 1494
d: [2,2352,4,5,2,0,40,2332,354]
s: 2352
d: [2,1496,1,10,4,0,40,397,379]
s: 1496
d: [2,2357,4,5,2,0,40,2335,353]
s: 2357
d: [2,1500,1,14,4,0,40,397,435]
d: [2,1503,1,10,3,0,21,1500,336]
s: 1503
d: [2,1525,1,10,4,0,40,339,436]
s: 1525
d: [2,2234,5,5,2,1,40,1827,1328]
s: 2234
d: [2,1463,1,11,4,0,40,389,440]
s: 1463
d: [2,2361,5,5,2,0,40,2352,374]
s: 2361
d: [2,1465,1,11,4,0,40,389,378]
s: 1465
d: [2,1466,1,11,4,0,40,389,350]
s: 1466
d: [2,2362,5,5,2,0,40,2352,373]
s: 2362
d: [2,1487,1,11,4,0,40,395,378]
s: 1487
d: [2,2365,5,5,2,0,40,2357,354]
s: 2365
d: [2,1488,1,11,4,0,40,395,350]
s: 1488
d: [2,1501,1,11,4,0,40,397,378]
s: 1501
d: [2,2284,6,5,2,1,40,1963,1328]
s: 2284
d: [2,1502,1,11,4,0,40,397,350]
s: 1502
d: [2,2371,6,5,2,0,40,2365,374]
s: 2371
d: [2,1528,1,11,4,0,40,339,337]
s: 1528
d: [2,1535,1,11,3,0,40,339,441]
s: 1535
d: [2,2372,6,5,2,0,40,2365,373]
s: 2372
d: [2,1567,1,17,5,0,40,1562,1557]
d: [2,1568,1,11,3,0,18,1567]
s: 1568
d: [2,2298,7,5,2,1,40,2024,1328]
s: 2298
d: [2,1578,1,17,5,0,40,1576,1557]
d: [2,1579,1,11,3,0,18,1578]
s: 1579
d: [2,1585,1,14,4,0,40,1580,341]
d: [2,1599,1,11,3,0,21,1585,342]
s: 1599
d: [2,2307,7,5,2,1,40,2025,1328]
s: 2307
d: [2,1586,1,14,4,0,40,1580,343]
d: [2,1600,1,11,3,0,21,1586,344]
s: 1600
d: [2,2056,2,6,2,0,40,1232,354]
s: 2056
d: [2,1462,1,12,4,0,40,389,383]
s: 1462
d: [2,1511,1,12,4,0,40,439,389]
s: 1511
d: [2,2057,2,6,2,0,40,1251,353]
s: 2057
d: [2,1512,1,12,4,0,40,439,395]
s: 1512
d: [2,2058,2,6,2,0,40,1270,374]
s: 2058
d: [2,1513,1,12,4,0,40,439,397]
s: 1513
d: [2,1581,1,12,4,0,40,1580,436]
s: 1581
d: [2,2059,2,6,2,0,40,1270,373]
s: 2059
d: [2,1593,1,12,3,0,40,1580,444]
s: 1593
d: [2,2066,2,6,2,0,40,1309,377]
s: 2066
d: [2,1584,1,14,4,0,40,1580,337]
s: 1584
d: [2,1587,1,14,4,0,40,1580,346]
s: 1587
d: [2,2067,2,6,2,0,40,1326,380]
s: 2067
d: [2,1589,1,17,5,0,40,1580,395]
d: [2,1601,1,14,4,0,21,1589,396]
s: 1601
d: [2,2068,2,6,2,0,40,1369,447]
s: 2068
d: [2,1590,1,17,5,0,40,1580,397]
d: [2,1602,1,14,4,0,21,1590,398]
s: 1602
d: [2,1532,1,15,5,0,40,339,389]
s: 1532
d: [2,2125,3,6,2,1,40,1164,1326]
s: 2125
d: [2,1591,1,15,3,0,40,1580,441]
s: 1591
d: [2,2166,3,6,2,1,40,1171,1326]
s: 2166
d: [2,1588,1,17,5,0,40,1580,389]
s: 1588
d: [2,1604,1,19,6,0,40,411,378]
s: 1604
d: [2,2437,3,6,2,0,40,2056,374]
s: 2437
d: [2,1605,1,19,6,0,40,411,350]
s: 1605
d: [2,2438,3,6,2,0,40,2056,373]
s: 2438
d: [2,1611,1,19,6,0,40,412,378]
s: 1611
d: [2,1612,1,19,6,0,40,412,350]
s: 1612
d: [2,2440,3,6,2,0,40,2057,354]
s: 2440
d: [2,1618,1,20,6,0,40,452,351]
s: 1618
d: [2,2455,3,6,2,0,40,2066,353]
s: 2455
d: [2,1619,1,20,6,0,40,452,352]
s: 1619
d: [2,1620,1,20,6,0,40,452,355]
s: 1620
d: [2,2466,3,6,2,0,40,2067,377]
s: 2466
d: [2,1621,1,20,6,0,40,452,356]
s: 1621
d: [2,2213,4,6,2,1,40,1176,1326]
s: 2213
d: [2,1622,1,20,6,0,40,452,375]
s: 1622
d: [2,1623,1,20,6,0,40,452,376]
s: 1623
d: [2,2569,4,6,2,0,40,2440,374]
s: 2569
d: [2,1624,1,20,6,0,40,452,379]
s: 1624
d: [2,2570,4,6,2,0,40,2440,373]
s: 2570
d: [2,1625,1,20,6,0,40,452,382]
s: 1625
d: [2,1630,1,24,6,0,40,452,435]
d: [2,1633,1,20,5,0,21,1630,336]
s: 1633
d: [2,2575,4,6,2,0,40,2455,354]
s: 2575
d: [2,1603,1,21,6,0,40,411,435]
s: 1603
d: [2,2585,4,6,2,0,40,2466,353]
s: 2585
d: [2,1610,1,21,6,0,40,412,435]
s: 1610
d: [2,1628,1,21,6,0,40,452,440]
s: 1628
d: [2,2232,5,6,2,1,40,1827,1326]
s: 2232
d: [2,1631,1,21,6,0,40,452,378]
s: 1631
d: [2,2629,5,6,2,0,40,2575,374]
s: 2629
d: [2,1632,1,21,6,0,40,452,350]
s: 1632
d: [2,1626,1,22,6,0,40,452,383]
s: 1626
d: [2,2630,5,6,2,0,40,2575,373]
s: 2630
d: [2,1627,1,22,6,0,40,452,439]
s: 1627
d: [2,2634,5,6,2,0,40,2585,354]
s: 2634
d: [2,1690,1,40,10,0,44,1688,414]
d: [2,1691,1,36,8,0,18,1690]
d: [2,1693,1,30,7,0,21,1691,412]
d: [2,1694,1,24,6,0,21,1693,411]
s: 1694
d: [2,1697,1,56,12,0,44,1651,403]
d: [2,1700,1,52,10,0,18,1697]
d: [2,1707,1,41,9,0,21,1700,402]
d: [2,1708,1,33,8,0,21,1707,401]
d: [2,1709,1,25,7,0,21,1708,400]
s: 1709
d: [2,2282,6,6,2,1,40,1963,1326]
s: 2282
d: [2,1674,1,26,7,0,40,1671,438]
s: 1674
d: [2,2666,6,6,2,0,40,2634,374]
s: 2666
d: [2,1617,1,27,7,0,40,452,339]
s: 1617
d: [2,1649,1,27,8,0,40,391,378]
s: 1649
d: [2,2667,6,6,2,0,40,2634,373]
s: 2667
d: [2,1650,1,27,8,0,40,391,350]
s: 1650
d: [2,2296,7,6,2,1,40,2024,1326]
s: 2296
d: [2,1672,1,27,7,0,40,1671,447]
s: 1672
d: [2,1673,1,27,7,0,40,1671,434]
s: 1673
d: [2,2305,7,6,2,1,40,2025,1326]
s: 2305
d: [2,1677,1,44,11,0,44,1671,414]
d: [2,1678,1,40,9,0,18,1677]
d: [2,1679,1,34,8,0,21,1678,412]
d: [2,1680,1,28,7,0,21,1679,411]
s: 1680
d: [2,2092,2,7,3,0,40,1173,377]
s: 2092
d: [2,1648,1,29,8,0,40,391,435]
s: 1648
d: [2,1629,1,31,7,0,40,452,1580]
s: 1629
d: [2,2120,2,7,3,0,40,1228,354]
s: 2120
d: [2,1656,1,31,8,0,40,400,378]
s: 1656
d: [2,2155,2,7,3,0,40,1229,354]
s: 2155
d: [2,1657,1,31,8,0,40,400,350]
s: 1657
d: [2,1665,1,31,8,0,40,401,378]
s: 1665
d: [2,2156,2,7,3,0,40,1230,354]
s: 2156
d: [2,1666,1,31,8,0,40,401,350]
s: 1666
d: [2,2157,2,7,3,0,40,1231,354]
s: 2157
d: [2,1668,1,32,8,0,40,408,378]
s: 1668
d: [2,1669,1,32,8,0,40,408,350]
s: 1669
d: [2,2159,2,7,3,0,40,1247,353]
s: 2159
d: [2,1655,1,33,8,0,40,400,435]
s: 1655
d: [2,2162,2,7,3,0,40,1248,353]
s: 2162
d: [2,1664,1,33,8,0,40,401,435]
s: 1664
d: [2,1667,1,34,8,0,40,408,435]
s: 1667
d: [2,2183,2,7,3,0,40,1249,353]
s: 2183
d: [2,1725,1,58,13,0,44,1718,414]
d: [2,1728,1,54,11,0,18,1725]
d: [2,1729,1,47,10,0,21,1728,413]
d: [2,1730,1,41,9,0,21,1729,412]
d: [2,1731,1,35,8,0,21,1730,411]
s: 1731
d: [2,2185,2,7,3,0,40,1250,353]
s: 2185
d: [2,1695,1,58,12,0,44,1688,403]
d: [2,1702,1,54,10,0,18,1695]
d: [2,1703,1,46,9,0,21,1702,401]
d: [2,1704,1,38,8,0,21,1703,400]
s: 1704
d: [2,1696,1,62,13,0,44,1671,403]
d: [2,1701,1,58,11,0,18,1696]
d: [2,1705,1,50,10,0,21,1701,401]
d: [2,1706,1,42,9,0,21,1705,400]
s: 1706
d: [2,2189,2,7,3,0,40,1266,374]
s: 2189
d: [2,1726,1,80,15,0,44,1718,403]
d: [2,1727,1,76,13,0,18,1726]
d: [2,1732,1,65,12,0,21,1727,402]
d: [2,1733,1,57,11,0,21,1732,401]
d: [2,1734,1,49,10,0,21,1733,400]
s: 1734
d: [2,2190,2,7,3,0,40,1266,373]
s: 2190
d: [2,2192,2,7,3,0,40,1267,374]
s: 2192
d: [2,2193,2,7,3,0,40,1267,373]
s: 2193
d: [2,2194,2,7,3,0,40,1268,374]
s: 2194
d: [2,2195,2,7,3,0,40,1268,373]
s: 2195
d: [2,2196,2,7,3,0,40,1269,374]
s: 2196
d: [2,2197,2,7,3,0,40,1269,373]
s: 2197
d: [2,2207,2,7,3,0,40,1305,377]
s: 2207
d: [2,2209,2,7,3,0,40,1306,377]
s: 2209
d: [2,2219,2,7,3,0,40,1307,377]
s: 2219
d: [2,2227,2,7,3,0,40,1308,377]
s: 2227
d: [2,2241,2,7,3,0,40,1322,380]
s: 2241
d: [2,2254,2,7,2,0,40,1372,447]
s: 2254
d: [2,2259,2,7,2,0,40,1397,447]
s: 2259
d: [2,2263,2,7,2,0,40,1398,447]
s: 2263
d: [2,2272,2,7,2,0,40,1399,447]
s: 2272
d: [2,2275,2,7,2,0,40,1400,447]
s: 2275
d: [2,2336,2,10,3,0,40,1508,1369]
d: [2,2337,2,7,2,0,21,2336,342]
s: 2337
d: [2,2840,3,8,2,0,40,2337,386]
d: [2,2863,3,5,1,0,21,2840,336]
a: [3,2867,3,5,1,2863]
s: 2867
d: [2,2338,2,10,3,0,40,1509,1369]
d: [2,2339,2,7,2,0,21,2338,344]
s: 2339
d: [2,2841,3,8,2,0,40,2337,385]
d: [2,2869,3,5,1,0,21,2841,336]
a: [3,2873,3,5,1,2869]
s: 2873
d: [2,2289,2,8,2,0,40,1516,1369]
s: 2289
d: [2,2353,2,11,5,0,40,1481,421]
d: [2,2354,2,9,4,0,18,2353]
s: 2354
d: [2,2946,3,7,2,0,40,2289,384]
a: [3,2972,3,4,1,2946]
s: 2972
r: 2972
d: [2,2319,2,10,2,0,40,1514,1369]
s: 2319
a: [3,2976,3,3,1,2946]
s: 2976
r: 2976
d: [2,2334,2,10,3,0,40,1507,1369]
s: 2334
d: [2,2340,2,10,3,0,40,1510,1369]
s: 2340
a: [3,2975,3,3,1,2946]
s: 2975
d: [2,3184,4,0,0,2,52,1016,2975,1328]
e: 3184
d: [2,3185,4,0,0,2,52,1016,444,2975,382]
e: 3185
d: [2,3186,4,2,1,1,40,2975,1328]
d: [2,3189,4,0,0,2,21,3186,1016]
e: 3189
r: 1011
r: 1016
r: 1033
r: 1045
r: 1447
r: 1864
r: 2975
s: 1016
s: 1012
s: 1034
s: 1046
s: 1549
d: [2,3252,2,0,0,2,52,1016,1549,438]
e: 3252
d: [2,3253,2,0,0,2,52,1016,446,1549,1435]
e: 3253
d: [2,3256,2,2,1,1,40,1549,438]
d: [2,3260,2,0,0,2,21,3256,1016]
e: 3260
r: 1549
s: 1554
d: [2,3262,2,0,0,2,52,1016,1554,438]
e: 3262
d: [2,3263,2,0,0,2,52,1016,446,1554,1435]
e: 3263
d: [2,3266,2,2,1,1,40,1554,438]
d: [2,3269,2,0,0,2,21,3266,1016]
e: 3269
r: 1554
s: 1865
s: 1505
d: [2,1901,2,3,1,1,40,1034,377]
a: [3,1905,2,3,1,1901]
s: 1905
r: 1034
r: 1905
s: 1033
a: [3,1904,2,3,1,1901]
s: 1904
d: [2,1924,2,3,1,1,40,1046,377]
a: [3,1928,2,3,1,1924]
s: 1928
d: [2,1974,2,4,1,1,40,1383,447]
a: [3,3236,2,4,1,1974]
s: 3236
d: [2,2347,2,10,3,0,40,1467,447]
s: 2347
d: [2,2060,3,3,1,1,40,1865,353]
a: [3,2064,3,3,1,2060]
s: 2064
r: 1012
r: 1865
r: 2064
s: 1011
s: 1864
d: [2,2358,2,10,3,0,40,1489,447]
s: 2358
d: [2,2366,2,10,3,0,40,1503,447]
s: 2366
a: [3,2063,3,3,1,2060]
s: 2063
d: [2,2376,2,10,3,0,40,1568,384]
s: 2376
s: 2976
d: [2,2397,2,13,3,0,40,1579,385]
d: [2,2416,2,10,2,0,21,2397,336]
s: 2416
d: [2,2398,2,13,3,0,40,1579,386]
d: [2,2417,2,10,2,0,21,2398,336]
s: 2417
d: [2,3283,3,3,1,1,40,1928,353]
a: [3,3287,3,3,1,3283]
s: 3287
r: 1046
r: 1928
r: 3287
s: 1045
a: [3,1927,2,3,1,1924]
s: 1927
d: [2,2441,2,13,4,0,40,1512,1369]
d: [2,2442,2,10,3,0,21,2441,396]
s: 2442
d: [2,2443,2,13,4,0,40,1513,1369]
d: [2,2444,2,10,3,0,21,2443,398]
s: 2444
a: [3,3286,3,3,1,3283]
s: 3286
d: [2,2451,2,18,5,0,40,1593,1562]
d: [2,2452,2,15,4,0,18,2451]
d: [2,2454,2,10,3,0,21,2452,444]
s: 2454
d: [2,3056,4,3,1,2,40,2976,1164]
a: [3,3066,4,3,1,3056]
s: 3066
d: [2,1995,2,11,4,0,40,1064,417]
s: 1995
d: [2,2392,2,13,4,0,40,1568,435]
d: [2,2395,2,11,3,0,21,2392,382]
s: 2395
d: [2,3057,4,3,1,2,40,2976,1171]
a: [3,3071,4,3,1,3057]
s: 3071
d: [2,2412,2,13,4,0,40,1579,435]
d: [2,2415,2,11,3,0,18,2412]
s: 2415
s: 2972
d: [2,2446,2,17,6,0,40,1581,1562]
d: [2,2447,2,15,5,0,18,2446]
d: [2,2449,2,11,4,0,21,2447,436]
s: 2449
d: [2,2377,2,12,3,0,40,1568,385]
s: 2377
d: [2,2964,3,9,2,0,40,2289,386]
a: [3,2985,3,4,1,2964]
s: 2985
d: [2,3623,4,0,0,1,52,336,2985,1544]
e: 3623
d: [2,3624,4,0,0,1,52,336,445,444,2985,339]
e: 3624
d: [2,3625,4,3,1,1,40,2985,1544]
d: [2,3636,4,0,0,1,21,3625,336]
e: 3636
r: 2985
d: [2,2378,2,12,3,0,40,1568,386]
s: 2378
a: [3,2984,3,4,1,2964]
s: 2984
d: [2,2393,2,12,4,0,40,1568,378]
s: 2393
d: [2,2394,2,12,4,0,40,1568,350]
s: 2394
d: [2,2965,3,9,2,0,40,2289,385]
a: [3,2994,3,4,1,2965]
s: 2994
d: [2,3834,4,0,0,1,52,336,2994,1544]
e: 3834
d: [2,3835,4,0,0,1,52,336,445,444,2994,339]
e: 3835
d: [2,3836,4,3,1,1,40,2994,1544]
d: [2,3847,4,0,0,1,21,3836,336]
e: 3847
r: 2994
d: [2,2413,2,12,4,0,40,1579,378]
s: 2413
d: [2,1405,2,2,1,1,40,1336,380]
a: [3,1408,2,2,1,1405]
s: 1408
d: [2,2414,2,12,4,0,40,1579,350]
s: 2414
d: [2,2400,2,15,4,0,40,1579,351]
d: [2,2419,2,12,3,0,21,2400,336]
s: 2419
d: [2,3888,3,9,3,1,40,2414,490]
d: [2,3907,3,7,2,2,21,3888,1335]
a: [3,3911,3,2,1,3907]
s: 3911
d: [2,2401,2,15,4,0,40,1579,352]
d: [2,2420,2,12,3,0,21,2401,336]
s: 2420
a: [3,2993,3,4,1,2965]
s: 2993
d: [2,2402,2,15,4,0,40,1579,355]
d: [2,2421,2,12,3,0,21,2402,336]
s: 2421
d: [2,2403,2,15,4,0,40,1579,356]
d: [2,2422,2,12,3,0,21,2403,336]
s: 2422
d: [2,3003,3,9,2,0,40,2319,384]
a: [3,3033,3,4,1,3003]
s: 3033
r: 3033
d: [2,2404,2,15,4,0,40,1579,375]
d: [2,2423,2,12,3,0,21,2404,336]
s: 2423
a: [3,3032,3,4,1,3003]
s: 3032
d: [2,3949,4,0,0,2,52,1016,3032,1326]
e: 3949
d: [2,3950,4,0,0,2,52,1016,441,3032,382]
e: 3950
d: [2,3951,4,2,1,1,40,3032,1326]
d: [2,3954,4,0,0,2,21,3951,1016]
e: 3954
r: 1011
r: 1016
r: 1033
r: 1045
r: 1864
r: 1904
r: 1927
r: 2063
r: 3286
r: 3032
s: 1016
s: 1012
d: [2,2141,2,6,3,1,40,1081,417]
a: [3,3223,2,2,1,2141]
s: 3223
d: [2,4010,3,0,0,3,52,1081,1016,3223,427]
e: 4010
d: [2,4011,3,4,2,1,40,3223,427]
d: [2,4013,3,2,1,2,21,4011,1016]
d: [2,4014,3,0,0,3,21,4013,1081]
e: 4014
r: 3223
s: 1034
s: 1046
s: 1865
s: 1905
s: 1928
d: [2,1990,2,7,3,1,40,784,435]
a: [3,3231,2,5,2,1990]
s: 3231
d: [2,4029,3,4,2,1,40,3231,438]
d: [2,4035,3,2,1,2,21,4029,1016]
s: 4035
r: 963
r: 948
r: 620
r: 610
r: 600
r: 1346
r: 565
r: 2993
r: 2984
r: 1544
r: 1535
r: 398
r: 396
r: 1532
r: 344
r: 342
r: 1528
r: 1335
r: 1674
r: 1617
r: 1006
r: 510
r: 336
r: 1332
r: 1628
r: 1626
r: 1625
r: 1463
r: 1462
r: 1461
r: 394
r: 3231
r: 2667
r: 2666
r: 2634
r: 2585
r: 2466
r: 2372
r: 2371
r: 2365
r: 2357
r: 2335
r: 2316
r: 2241
r: 2168
r: 2166
r: 2127
r: 2125
r: 2067
r: 2036
r: 2025
r: 2024
r: 1963
r: 1827
r: 1525
r: 1444
r: 1443
r: 1442
r: 1438
r: 1435
r: 1423
r: 1422
r: 1418
r: 1415
r: 1328
r: 1326
r: 1322
r: 1319
r: 1176
r: 1171
r: 1164
r: 1108
r: 1106
r: 784
r: 440
r: 438
r: 437
r: 427
r: 424
r: 383
r: 382
r: 381
r: 380
r: 339
d: [2,4043,4,0,0,3,40,4035,660]
e: 4043
d: [2,4042,4,0,0,3,40,4035,590]
e: 4042
d: [2,4041,4,0,0,3,40,4035,2976]
e: 4041
d: [2,4040,4,0,0,2,40,4035,443]
e: 4040
d: [2,4039,4,0,0,3,40,4035,525]
e: 4039
d: [2,4038,4,0,0,2,40,4035,1016]
e: 4038
d: [2,4036,4,0,0,2,52,1016,4035]
e: 4036
r: 4035
s: 510
s: 565
s: 1335
s: 600
s: 1332
s: 610
s: 620
s: 948
s: 336
s: 963
s: 380
s: 342
s: 1006
s: 344
s: 1346
s: 381
s: 438
s: 2064
s: 424
d: [2,3274,3,3,1,1,40,1905,353]
a: [3,3278,3,3,1,3274]
s: 3278
r: 1034
r: 1905
r: 3278
s: 427
s: 394
s: 1033
s: 396
s: 1904
s: 398
s: 437
a: [3,3277,3,3,1,3274]
s: 3277
s: 382
s: 3287
s: 383
s: 440
d: [2,3289,4,3,1,1,40,2064,354]
a: [3,3293,4,3,1,3289]
s: 3293
r: 1012
r: 1865
r: 2064
r: 3293
s: 339
s: 1011
s: 784
s: 1328
s: 1864
s: 1544
s: 2063
d: [2,4063,1,5,2,1,44,672,381]
s: 4063
d: [2,4138,1,5,2,0,40,382,444]
s: 4138
a: [3,3292,4,3,1,3289]
s: 3292
d: [2,4230,1,9,3,0,40,339,444]
d: [2,4239,1,5,2,0,21,4230,445]
s: 4239
d: [2,3397,4,3,1,1,40,3287,354]
a: [3,3401,4,3,1,3397]
s: 3401
r: 1046
r: 1928
r: 3287
r: 3401
s: 1045
s: 1326
s: 1927
s: 1423
s: 3286
s: 1443
s: 1444
a: [3,3400,4,3,1,3397]
s: 3400
d: [2,4130,1,6,2,0,40,382,441]
s: 4130
s: 1164
d: [2,4165,1,6,2,0,40,383,442]
s: 4165
d: [2,4191,1,6,2,0,40,440,442]
s: 4191
s: 1171
d: [2,4192,1,6,2,0,40,440,444]
s: 4192
d: [2,4066,2,4,2,1,44,1086,381]
s: 4066
s: 1319
s: 1322
d: [2,4067,2,4,2,1,44,1143,381]
s: 4067
s: 1422
d: [2,4244,2,6,3,1,40,784,378]
d: [2,4246,2,4,2,2,21,4244,666]
s: 4246
s: 1442
d: [2,4059,1,7,3,0,44,381,381]
s: 4059
d: [2,4245,2,6,3,1,40,784,350]
d: [2,4247,2,4,2,2,21,4245,936]
s: 4247
d: [2,4119,1,7,3,0,40,382,436]
s: 4119
s: 1176
d: [2,4123,1,7,3,0,40,382,337]
s: 4123
d: [2,4158,1,7,2,0,40,383,441]
s: 4158
s: 2984
d: [2,4184,1,7,2,0,40,440,441]
s: 4184
s: 2993
s: 1415
s: 1418
s: 3033
s: 1435
d: [2,3091,3,12,3,0,40,2334,386]
a: [3,3103,3,4,1,3091]
s: 3103
r: 3103
s: 1438
d: [2,4147,1,8,3,0,40,383,436]
s: 4147
a: [3,3107,3,3,1,3091]
s: 3107
d: [2,4151,1,8,3,0,40,383,337]
s: 4151
a: [3,3102,3,4,1,3091]
s: 3102
d: [2,4173,1,8,3,0,40,440,436]
s: 4173
d: [2,4177,1,8,3,0,40,440,337]
s: 4177
d: [2,3092,3,12,3,0,40,2334,385]
a: [3,3116,3,4,1,3092]
s: 3116
r: 3116
s: 1106
a: [3,3120,3,3,1,3092]
s: 3120
s: 1108
d: [2,4060,1,9,4,0,44,364,381]
s: 4060
a: [3,3115,3,4,1,3092]
s: 3115
d: [2,4061,1,9,4,0,44,367,381]
s: 4061
d: [2,3141,3,12,3,0,40,2340,386]
d: [2,3164,3,9,2,0,21,3141,336]
a: [3,3172,3,4,1,3164]
s: 3172
r: 3172
s: 1461
s: 1525
a: [3,3171,3,4,1,3164]
s: 3171
d: [2,4127,1,10,4,0,40,382,389]
s: 4127
d: [2,3142,3,12,3,0,40,2340,385]
d: [2,3174,3,9,2,0,21,3142,336]
a: [3,3182,3,4,1,3174]
s: 3182
r: 3182
d: [2,4211,1,10,4,0,40,339,436]
s: 4211
s: 1463
a: [3,3181,3,4,1,3174]
s: 3181
s: 1528
d: [2,3123,3,9,3,0,40,2340,384]
a: [3,3195,3,4,1,3123]
s: 3195
r: 3195
s: 1535
d: [2,4181,1,11,4,0,40,440,389]
s: 4181
a: [3,3194,3,4,1,3123]
s: 3194
d: [2,4215,1,11,4,0,40,339,337]
s: 4215
d: [2,2881,3,6,2,0,40,2339,384]
a: [3,3204,3,4,1,2881]
s: 3204
r: 3204
d: [2,4222,1,11,3,0,40,339,441]
s: 4222
s: 1462
a: [3,3203,3,4,1,2881]
s: 3203
d: [2,4155,1,12,4,0,40,383,389]
s: 4155
d: [2,2822,3,6,2,0,40,2337,384]
a: [3,3209,3,4,1,2822]
s: 3209
r: 3209
s: 1532
d: [2,4219,1,15,5,0,40,339,389]
s: 4219
a: [3,3208,3,4,1,2822]
s: 3208
s: 1625
d: [2,4065,3,4,2,1,44,817,381]
s: 4065
d: [2,4121,1,20,6,0,40,382,452]
s: 4121
s: 1628
s: 1827
d: [2,4175,1,21,6,0,40,440,452]
s: 4175
d: [2,2997,4,4,1,1,40,2972,377]
a: [3,3001,4,4,1,2997]
s: 3001
r: 2972
r: 3001
s: 1626
d: [2,4149,1,22,6,0,40,383,452]
s: 4149
a: [3,2971,3,4,1,2946]
s: 2971
s: 1674
a: [3,3000,4,4,1,2997]
s: 3000
d: [2,4075,1,26,7,0,40,438,1671]
s: 4075
s: 1617
d: [2,3931,4,4,1,2,40,3033,1164]
a: [3,3941,4,4,1,3931]
s: 3941
d: [2,4213,1,27,7,0,40,339,452]
s: 4213
d: [2,3932,4,4,1,2,40,3033,1171]
a: [3,3946,4,4,1,3932]
s: 3946
s: 2036
s: 2316
d: [2,4068,4,4,2,1,44,1180,381]
s: 4068
d: [2,4248,2,5,2,0,40,1328,380]
s: 4248
s: 1963
d: [2,4321,2,5,2,0,40,1415,446]
s: 4321
s: 2067
d: [2,4069,5,4,2,1,44,1831,381]
s: 4069
d: [2,2291,2,12,4,1,40,1596,1562]
d: [2,3215,2,8,3,2,21,2291,540]
a: [3,3218,2,6,2,3215]
s: 3218
r: 3218
s: 2024
d: [2,4270,2,6,2,0,40,1326,380]
s: 4270
s: 2241
s: 2025
d: [2,4305,2,7,3,0,40,1322,380]
s: 4305
d: [2,4070,6,4,2,1,44,1967,381]
s: 4070
d: [2,2396,2,10,3,0,40,1579,384]
a: [3,3213,2,8,2,2396]
s: 3213
r: 3213
d: [2,2405,2,15,4,0,40,1579,376]
d: [2,2424,2,12,3,0,21,2405,336]
s: 2424
d: [2,4071,6,4,2,1,44,1972,381]
s: 4071
d: [2,2406,2,15,4,0,40,1579,379]
d: [2,2425,2,12,3,0,21,2406,336]
s: 2425
s: 2127
d: [2,2407,2,15,4,0,40,1579,382]
d: [2,2426,2,12,3,0,21,2407,336]
s: 2426
d: [2,2457,2,20,6,0,40,1584,1562]
d: [2,2458,2,17,5,0,18,2457]
d: [2,2460,2,12,4,0,21,2458,337]
s: 2460
s: 2168
d: [2,2468,2,21,6,0,40,1601,1562]
d: [2,2469,2,15,5,0,21,2468,395]
d: [2,2470,2,12,4,0,21,2469,396]
s: 2470
s: 2335
d: [2,2472,2,21,6,0,40,1602,1562]
d: [2,2473,2,15,5,0,21,2472,397]
d: [2,2474,2,12,4,0,21,2473,398]
s: 2474
d: [2,2479,2,22,5,0,40,1591,1562]
d: [2,2480,2,18,4,0,18,2479]
d: [2,2482,2,12,3,0,21,2480,441]
s: 2482
d: [2,2899,3,8,2,0,40,2339,386]
d: [2,2922,3,5,1,0,21,2899,336]
a: [3,2926,3,5,1,2922]
s: 2926
d: [2,4140,2,15,4,0,40,382,1579]
d: [2,4144,2,12,3,0,21,4140,336]
s: 4144
d: [2,2900,3,8,2,0,40,2339,385]
d: [2,2928,3,5,1,0,21,2900,336]
a: [3,2932,3,5,1,2928]
s: 2932
d: [2,2408,2,16,4,0,40,1579,383]
d: [2,2427,2,13,3,0,21,2408,336]
s: 2427
d: [2,2410,2,16,4,0,40,1579,440]
d: [2,2429,2,13,3,0,21,2410,336]
s: 2429
a: [3,2981,3,5,1,2964]
s: 2981
d: [2,2439,2,13,4,0,40,1511,1369]
s: 2439
a: [3,2990,3,5,1,2965]
s: 2990
d: [2,4168,2,16,4,0,40,383,1579]
d: [2,4172,2,13,3,0,21,4168,336]
s: 4172
d: [2,4194,2,16,4,0,40,440,1579]
d: [2,4198,2,13,3,0,21,4194,336]
s: 4198
a: [3,3029,3,5,1,3003]
s: 3029
r: 3029
d: [2,2380,2,14,4,0,40,1568,351]
s: 2380
a: [3,3028,3,5,1,3003]
s: 3028
d: [2,2381,2,14,4,0,40,1568,352]
s: 2381
d: [2,2382,2,14,4,0,40,1568,355]
s: 2382
d: [2,3021,3,11,2,0,40,2319,386]
a: [3,3042,3,5,1,3021]
s: 3042
r: 3042
d: [2,2383,2,14,4,0,40,1568,356]
s: 2383
a: [3,3041,3,5,1,3021]
s: 3041
d: [2,2384,2,14,4,0,40,1568,375]
s: 2384
d: [2,2385,2,14,4,0,40,1568,376]
s: 2385
d: [2,3022,3,11,2,0,40,2319,385]
a: [3,3051,3,5,1,3022]
s: 3051
r: 3051
d: [2,2386,2,14,4,0,40,1568,379]
s: 2386
a: [3,3050,3,5,1,3022]
s: 3050
d: [2,2387,2,14,4,0,40,1568,382]
s: 2387
d: [2,2409,2,17,4,0,40,1579,439]
d: [2,2428,2,14,3,0,21,2409,336]
s: 2428
a: [3,3099,3,5,1,3091]
s: 3099
r: 3099
d: [2,4139,2,14,4,0,40,382,1568]
s: 4139
a: [3,3098,3,5,1,3091]
s: 3098
d: [2,2388,2,15,4,0,40,1568,383]
s: 2388
d: [2,2390,2,15,4,0,40,1568,440]
s: 2390
a: [3,3112,3,5,1,3092]
s: 3112
r: 3112
d: [2,2432,2,17,5,0,40,1599,1562]
d: [2,2433,2,15,4,0,21,2432,382]
s: 2433
a: [3,3111,3,5,1,3092]
s: 3111
d: [2,2435,2,17,5,0,40,1600,1562]
d: [2,2436,2,15,4,0,21,2435,382]
s: 2436
d: [2,2462,2,20,6,0,40,1587,1562]
d: [2,2463,2,17,5,0,18,2462]
d: [2,2465,2,15,4,0,21,2463,382]
s: 2465
a: [3,3168,3,5,1,3164]
s: 3168
r: 3168
r: 3171
d: [2,2485,2,24,7,0,40,1588,1562]
d: [2,2486,2,21,6,0,18,2485]
d: [2,2488,2,15,5,0,21,2486,389]
s: 2488
s: 3172
r: 3172
d: [2,4167,2,15,4,0,40,383,1568]
s: 4167
d: [2,4193,2,15,4,0,40,440,1568]
s: 4193
s: 3171
d: [2,2389,2,16,4,0,40,1568,439]
s: 2389
d: [2,4394,4,4,1,2,40,3172,1176]
a: [3,4401,4,4,1,4394]
s: 4401
r: 4401
d: [2,2621,2,33,9,0,44,1633,414]
d: [2,2624,2,29,7,0,18,2621]
d: [2,2625,2,23,6,0,21,2624,411]
d: [2,2626,2,17,5,0,21,2625,412]
s: 2626
d: [2,2399,2,21,5,0,40,1579,339]
d: [2,2418,2,18,4,0,21,2399,336]
s: 2418
a: [3,4400,4,4,1,4394]
s: 4400
d: [2,2489,2,18,6,0,40,1604,436]
s: 2489
d: [2,5121,5,6,2,1,40,4400,2227]
d: [2,5123,5,3,1,1,21,5121,336]
a: [3,5127,5,3,1,5123]
s: 5127
d: [2,2500,2,18,5,0,40,1604,442]
s: 2500
d: [2,2501,2,18,5,0,40,1604,444]
s: 2501
d: [2,5122,5,6,2,1,40,4400,1250]
d: [2,5129,5,3,1,1,21,5122,336]
a: [3,5133,5,3,1,5129]
s: 5133
d: [2,2498,2,20,7,0,40,1604,397]
d: [2,2504,2,18,6,0,18,2498]
s: 2504
d: [2,4395,4,4,1,2,40,3172,1171]
a: [3,4406,4,4,1,4395]
s: 4406
d: [2,2497,2,20,7,0,40,1604,395]
d: [2,2505,2,18,6,0,18,2497]
s: 2505
d: [2,2496,2,20,7,0,40,1604,389]
d: [2,2507,2,18,6,0,21,2496,360]
s: 2507
d: [2,4396,4,4,1,2,40,3172,1164]
a: [3,4411,4,4,1,4396]
s: 4411
r: 4406
r: 4411
d: [2,2509,2,18,6,0,40,1605,436]
s: 2509
a: [3,4405,4,4,1,4395]
s: 4405
d: [2,2520,2,18,5,0,40,1605,442]
s: 2520
d: [2,2521,2,18,5,0,40,1605,444]
s: 2521
a: [3,4410,4,4,1,4396]
s: 4410
d: [2,2518,2,20,7,0,40,1605,397]
d: [2,2524,2,18,6,0,18,2518]
s: 2524
d: [2,4397,4,4,1,1,40,3172,380]
a: [3,4416,4,4,1,4397]
s: 4416
d: [2,5158,5,0,0,2,52,4400,4416,377]
e: 5158
d: [2,5159,5,4,1,1,40,4416,377]
d: [2,5161,5,0,0,2,21,5159,4400]
e: 5161
r: 4416
d: [2,2517,2,20,7,0,40,1605,395]
d: [2,2525,2,18,6,0,18,2517]
s: 2525
d: [2,2516,2,20,7,0,40,1605,389]
d: [2,2527,2,18,6,0,21,2516,360]
s: 2527
s: 3168
d: [2,2529,2,18,6,0,40,1611,436]
s: 2529
a: [3,3178,3,5,1,3174]
s: 3178
r: 3178
r: 3181
d: [2,2540,2,18,5,0,40,1611,442]
s: 2540
d: [2,2541,2,18,5,0,40,1611,444]
s: 2541
s: 3182
r: 3182
d: [2,2538,2,20,7,0,40,1611,397]
d: [2,2544,2,18,6,0,18,2538]
s: 2544
s: 3181
d: [2,2537,2,20,7,0,40,1611,395]
d: [2,2545,2,18,6,0,18,2537]
s: 2545
d: [2,2536,2,20,7,0,40,1611,389]
d: [2,2547,2,18,6,0,21,2536,360]
s: 2547
d: [2,4421,4,4,1,2,40,3182,1176]
a: [3,4428,4,4,1,4421]
s: 4428
r: 4428
d: [2,2549,2,18,6,0,40,1612,436]
s: 2549
a: [3,4427,4,4,1,4421]
s: 4427
d: [2,2560,2,18,5,0,40,1612,442]
s: 2560
d: [2,2561,2,18,5,0,40,1612,444]
s: 2561
d: [2,5221,5,6,2,1,40,4427,1250]
d: [2,5222,5,3,1,1,21,5221,336]
a: [3,5226,5,3,1,5222]
s: 5226
d: [2,2558,2,20,7,0,40,1612,397]
d: [2,2564,2,18,6,0,18,2558]
s: 2564
d: [2,4422,4,4,1,2,40,3182,1171]
a: [3,4433,4,4,1,4422]
s: 4433
d: [2,2557,2,20,7,0,40,1612,395]
d: [2,2565,2,18,6,0,18,2557]
s: 2565
d: [2,2556,2,20,7,0,40,1612,389]
d: [2,2567,2,18,6,0,21,2556,360]
s: 2567
d: [2,4423,4,4,1,2,40,3182,1164]
a: [3,4438,4,4,1,4423]
s: 4438
r: 4433
r: 4438
d: [2,4232,2,21,5,0,40,339,1579]
d: [2,4240,2,18,4,0,21,4232,336]
s: 4240
a: [3,4432,4,4,1,4422]
s: 4432
d: [2,2379,2,20,5,0,40,1568,339]
s: 2379
d: [2,2499,2,20,5,0,40,1604,441]
s: 2499
a: [3,4437,4,4,1,4423]
s: 4437
d: [2,2519,2,20,5,0,40,1605,441]
s: 2519
d: [2,4424,4,4,1,1,40,3182,380]
a: [3,4443,4,4,1,4424]
s: 4443
d: [2,5252,5,0,0,2,52,4427,4443,377]
e: 5252
d: [2,5253,5,4,1,1,40,4443,377]
d: [2,5255,5,0,0,2,21,5253,4427]
e: 5255
r: 4443
d: [2,2539,2,20,5,0,40,1611,441]
s: 2539
d: [2,2559,2,20,5,0,40,1612,441]
s: 2559
s: 3178
d: [2,2580,2,20,6,0,40,1620,354]
s: 2580
d: [2,3494,3,24,4,0,40,2377,2334]
a: [3,3543,3,5,1,3494]
s: 3543
r: 3543
d: [2,2586,2,20,6,0,40,1621,353]
s: 2586
d: [2,2591,2,20,6,0,40,1622,374]
s: 2591
a: [3,3547,3,4,1,3494]
s: 3547
d: [2,2592,2,20,6,0,40,1622,373]
s: 2592
a: [3,3542,3,5,1,3494]
s: 3542
d: [2,2601,2,20,6,0,40,1624,377]
s: 2601
d: [2,2606,2,20,6,0,40,1625,380]
s: 2606
d: [2,3497,3,24,4,0,40,2377,2340]
d: [2,3577,3,20,3,0,21,3497,336]
a: [3,3581,3,5,1,3577]
s: 3581
r: 3581
d: [2,2618,2,20,5,0,40,1633,447]
s: 2618
a: [3,3580,3,5,1,3577]
s: 3580
d: [2,4231,2,20,5,0,40,339,1568]
s: 4231
d: [2,4474,2,20,6,0,40,1625,380]
s: 4474
d: [2,3499,3,20,3,0,40,2377,2289]
a: [3,3607,3,5,1,3499]
s: 3607
d: [2,5423,4,0,0,1,52,336,3607,1544]
e: 5423
d: [2,5424,4,0,0,1,52,336,445,444,3607,339]
e: 5424
d: [2,5425,4,4,1,1,40,3607,1544]
d: [2,5436,4,0,0,1,21,5425,336]
e: 5436
r: 3607
d: [2,2492,2,21,6,0,40,1604,337]
s: 2492
a: [3,3606,3,5,1,3499]
s: 3606
d: [2,2493,2,21,6,0,40,1604,341]
s: 2493
d: [2,2494,2,21,6,0,40,1604,343]
s: 2494
d: [2,3644,3,24,4,0,40,2378,2334]
a: [3,3693,3,5,1,3644]
s: 3693
r: 3693
d: [2,2495,2,21,6,0,40,1604,346]
s: 2495
a: [3,3697,3,4,1,3644]
s: 3697
d: [2,2512,2,21,6,0,40,1605,337]
s: 2512
d: [2,2513,2,21,6,0,40,1605,341]
s: 2513
a: [3,3692,3,5,1,3644]
s: 3692
d: [2,2514,2,21,6,0,40,1605,343]
s: 2514
d: [2,3647,3,24,4,0,40,2378,2340]
d: [2,3727,3,20,3,0,21,3647,336]
a: [3,3731,3,5,1,3727]
s: 3731
r: 3731
d: [2,2515,2,21,6,0,40,1605,346]
s: 2515
d: [2,2532,2,21,6,0,40,1611,337]
s: 2532
a: [3,3730,3,5,1,3727]
s: 3730
d: [2,2533,2,21,6,0,40,1611,341]
s: 2533
d: [2,3649,3,20,3,0,40,2378,2289]
a: [3,3757,3,5,1,3649]
s: 3757
d: [2,5546,4,0,0,1,52,336,3757,1544]
e: 5546
d: [2,5547,4,0,0,1,52,336,445,444,3757,339]
e: 5547
d: [2,5548,4,4,1,1,40,3757,1544]
d: [2,5559,4,0,0,1,21,5548,336]
e: 5559
r: 3757
d: [2,2534,2,21,6,0,40,1611,343]
s: 2534
d: [2,2535,2,21,6,0,40,1611,346]
s: 2535
a: [3,3756,3,5,1,3649]
s: 3756
d: [2,2552,2,21,6,0,40,1612,337]
s: 2552
d: [2,4290,3,5,2,1,40,1164,1328]
s: 4290
d: [2,2553,2,21,6,0,40,1612,341]
s: 2553
d: [2,2554,2,21,6,0,40,1612,343]
s: 2554
d: [2,4299,3,5,2,1,40,1171,1328]
s: 4299
d: [2,2555,2,21,6,0,40,1612,346]
s: 2555
d: [2,4534,3,5,2,0,40,2036,377]
s: 4534
d: [2,2631,2,21,6,0,40,1603,447]
s: 2631
d: [2,2635,2,21,6,0,40,1610,447]
s: 2635
s: 2357
d: [2,2645,2,21,6,0,40,1631,348]
s: 2645
d: [2,2875,4,5,1,1,40,2867,377]
a: [3,2879,4,5,1,2875]
s: 2879
d: [2,2411,2,26,5,0,40,1579,1580]
d: [2,2430,2,23,4,0,21,2411,336]
s: 2430
d: [2,2674,2,43,12,0,40,1674,393]
d: [2,2679,2,31,8,0,18,2674]
d: [2,2680,2,23,7,0,21,2679,391]
s: 2680
d: [2,2934,4,5,1,1,40,2873,374]
a: [3,2939,4,5,1,2934]
s: 2939
d: [2,4510,2,43,12,0,40,1674,393]
d: [2,4517,2,31,8,0,18,4510]
d: [2,4518,2,23,7,0,21,4517,391]
s: 4518
d: [2,2935,4,5,1,1,40,2873,373]
a: [3,2944,4,5,1,2935]
s: 2944
d: [2,2638,2,36,11,0,40,1628,1671]
d: [2,2644,2,24,7,0,18,2638]
s: 2644
d: [2,2676,2,44,11,0,40,1674,1694]
d: [2,2677,2,40,9,0,18,2676]
d: [2,2682,2,36,8,0,21,2677,439]
d: [2,2683,2,30,7,0,21,2682,412]
d: [2,2684,2,24,6,0,21,2683,411]
s: 2684
d: [2,4316,4,5,2,1,40,1176,1328]
s: 4316
d: [2,4479,2,36,11,0,40,1628,1671]
d: [2,4487,2,24,7,0,18,4479]
s: 4487
d: [2,4635,4,5,2,0,40,2335,353]
s: 4635
d: [2,4512,2,44,11,0,40,1674,1694]
d: [2,4515,2,40,9,0,18,4512]
d: [2,4520,2,36,8,0,21,4515,439]
d: [2,4521,2,30,7,0,21,4520,412]
d: [2,4522,2,24,6,0,21,4521,411]
s: 4522
d: [2,2391,2,25,5,0,40,1568,1580]
s: 2391
d: [2,4666,4,5,1,1,40,2926,377]
a: [3,4670,4,5,1,4666]
s: 4670
d: [2,2660,2,25,6,0,40,1627,1369]
s: 2660
d: [2,4672,4,5,1,1,40,2932,374]
a: [3,4677,4,5,1,4672]
s: 4677
d: [2,2693,2,37,10,0,40,1672,1633]
d: [2,2702,2,25,6,0,18,2693]
s: 2702
d: [2,2071,2,26,6,0,40,1369,1688]
s: 2071
d: [2,4673,4,5,1,1,40,2932,373]
a: [3,4682,4,5,1,4673]
s: 4682
d: [2,2622,2,47,11,0,44,1633,403]
d: [2,2623,2,43,9,0,18,2622]
d: [2,2627,2,35,8,0,21,2623,400]
d: [2,2628,2,27,7,0,21,2627,401]
s: 2628
d: [2,4687,4,5,1,1,40,2981,377]
a: [3,4691,4,5,1,4687]
s: 4691
d: [2,2691,2,27,8,0,40,1649,348]
s: 2691
d: [2,2742,2,40,9,0,40,1629,1562]
d: [2,2747,2,35,8,0,18,2742]
d: [2,2749,2,27,7,0,21,2747,452]
s: 2749
d: [2,4697,4,5,1,1,40,2990,374]
a: [3,4702,4,5,1,4697]
s: 4702
d: [2,2490,2,32,9,0,40,1604,452]
d: [2,2506,2,28,7,0,18,2490]
s: 2506
d: [2,4698,4,5,1,1,40,2990,373]
a: [3,4707,4,5,1,4698]
s: 4707
d: [2,2503,2,32,7,0,40,1604,1579]
d: [2,2508,2,28,6,0,21,2503,336]
s: 2508
d: [2,2510,2,32,9,0,40,1605,452]
d: [2,2526,2,28,7,0,18,2510]
s: 2526
d: [2,5029,4,5,1,1,40,3168,377]
a: [3,5033,4,5,1,5029]
s: 5033
r: 3168
r: 3171
r: 4400
r: 4405
r: 4410
r: 5033
d: [2,2523,2,32,7,0,40,1605,1579]
d: [2,2528,2,28,6,0,21,2523,336]
s: 2528
s: 3172
d: [2,2530,2,32,9,0,40,1611,452]
d: [2,2546,2,28,7,0,18,2530]
s: 2546
d: [2,2543,2,32,7,0,40,1611,1579]
d: [2,2548,2,28,6,0,21,2543,336]
s: 2548
s: 4401
d: [2,2550,2,32,9,0,40,1612,452]
d: [2,2566,2,28,7,0,18,2550]
s: 2566
s: 4406
d: [2,2563,2,32,7,0,40,1612,1579]
d: [2,2568,2,28,6,0,21,2563,336]
s: 2568
d: [2,2698,2,44,11,0,44,1672,414]
d: [2,2701,2,40,9,0,18,2698]
d: [2,2703,2,34,8,0,21,2701,412]
d: [2,2704,2,28,7,0,21,2703,411]
s: 2704
s: 4411
d: [2,2708,2,28,8,0,40,1673,378]
s: 2708
s: 4416
d: [2,2709,2,28,8,0,40,1673,350]
s: 2709
d: [2,2710,2,44,11,0,44,1673,414]
d: [2,2713,2,40,9,0,18,2710]
d: [2,2714,2,34,8,0,21,2713,412]
d: [2,2715,2,28,7,0,21,2714,411]
s: 2715
d: [2,5057,5,4,1,2,40,3172,1827]
a: [3,5068,5,4,1,5057]
s: 5068
d: [2,2697,2,29,7,0,40,1672,1372]
s: 2697
d: [2,5058,6,4,1,2,40,3172,1963]
a: [3,5073,6,4,1,5058]
s: 5073
d: [2,2719,2,57,12,0,40,1680,393]
d: [2,2722,2,53,10,0,18,2719]
d: [2,2724,2,41,9,0,21,2722,391]
d: [2,2725,2,35,8,0,21,2724,412]
d: [2,2726,2,29,7,0,21,2725,411]
s: 2726
d: [2,2738,2,29,8,0,40,1648,447]
s: 2738
d: [2,5059,7,4,1,2,40,3172,2024]
a: [3,5078,7,4,1,5059]
s: 5078
d: [2,2502,2,30,7,0,40,1604,1568]
s: 2502
d: [2,5060,7,4,1,2,40,3172,2025]
a: [3,5083,7,4,1,5060]
s: 5083
d: [2,2522,2,30,7,0,40,1605,1568]
s: 2522
d: [2,2542,2,30,7,0,40,1611,1568]
s: 2542
a: [3,3167,3,5,1,3164]
s: 3167
d: [2,2562,2,30,7,0,40,1612,1568]
s: 2562
a: [3,5032,4,5,1,5029]
s: 5032
d: [2,2650,2,31,8,0,40,1632,417]
s: 2650
d: [2,2753,2,31,8,0,40,1656,348]
s: 2753
d: [2,5168,4,5,1,1,40,3178,374]
a: [3,5173,4,5,1,5168]
s: 5173
d: [2,2757,2,31,8,0,40,1665,348]
s: 2757
d: [2,5169,4,5,1,1,40,3178,373]
a: [3,5178,4,5,1,5169]
s: 5178
d: [2,2777,2,63,13,0,40,1731,392]
d: [2,2778,2,55,10,0,18,2777]
d: [2,2779,2,43,9,0,21,2778,391]
d: [2,2780,2,37,8,0,21,2779,412]
d: [2,2781,2,31,7,0,21,2780,411]
s: 2781
d: [2,2763,2,32,8,0,40,1668,348]
s: 2763
d: [2,5881,3,41,8,0,40,2781,324]
d: [2,5886,3,37,7,1,21,5881,485]
d: [2,5887,3,35,6,2,21,5886,495]
d: [2,5888,3,33,5,3,21,5887,505]
d: [2,5889,3,30,4,4,21,5888,480]
d: [2,5890,3,25,3,5,21,5889,490]
d: [2,5891,3,23,2,6,21,5890,500]
d: [2,5892,3,11,1,6,21,5891,1506]
a: [3,5896,3,11,1,5892]
s: 5896
d: [2,5899,4,0,0,7,52,500,505,495,480,485,490,5896,2726]
e: 5899
d: [2,5900,4,18,6,1,40,5896,2726]
d: [2,5902,4,16,5,2,21,5900,495]
d: [2,5903,4,14,4,3,21,5902,505]
d: [2,5904,4,11,3,4,21,5903,480]
d: [2,5905,4,6,2,5,21,5904,490]
d: [2,5906,4,2,1,6,21,5905,485]
d: [2,5907,4,0,0,7,21,5906,500]
e: 5907
f: 5907,5892,318,319,320,321,322,323
% Refutation found. Thanks to Tanya!
% SZS status Theorem for analmetr__t70_analmetr
% SZS output start Proof for analmetr__t70_analmetr
1. ! [X0] : ((l1_analmetr(X0) & v3_analmetr(X0) & ~v2_struct_0(X0)) => ! [X1] : (m1_subset_1(X1,k1_zfmisc_1(u1_struct_0(X0))) => ! [X2] : (m1_subset_1(X2,u1_struct_0(X0)) => ~(! [X3] : (m1_subset_1(X3,u1_struct_0(X0)) => ~(r2_hidden(X3,X1) & r6_analmetr(X0,X2,X3,X1))) & v4_analmetr(X1,X0))))) [input t70_analmetr]
2. ~! [X0] : ((l1_analmetr(X0) & v3_analmetr(X0) & ~v2_struct_0(X0)) => ! [X1] : (m1_subset_1(X1,k1_zfmisc_1(u1_struct_0(X0))) => ! [X2] : (m1_subset_1(X2,u1_struct_0(X0)) => ~(! [X3] : (m1_subset_1(X3,u1_struct_0(X0)) => ~(r2_hidden(X3,X1) & r6_analmetr(X0,X2,X3,X1))) & v4_analmetr(X1,X0))))) [negated conjecture 1]
50. ! [X0] : ((l1_analmetr(X0) & ~v2_struct_0(X0)) => ! [X1] : (m1_subset_1(X1,u1_struct_0(X0)) => ! [X2] : (m1_subset_1(X2,u1_struct_0(X0)) => ! [X3] : (m1_subset_1(X3,k1_zfmisc_1(u1_struct_0(X0))) => (k4_analmetr(X0,X1,X2) = X3 <=> ! [X4] : (m1_subset_1(X4,u1_struct_0(X0)) => (r2_hidden(X4,X3) <=> r5_analmetr(X0,X1,X2,X4)))))))) [input d11_analmetr]
51. ! [X0] : ((l1_analmetr(X0) & ~v2_struct_0(X0)) => ! [X1] : (m1_subset_1(X1,k1_zfmisc_1(u1_struct_0(X0))) => (v4_analmetr(X1,X0) <=> ? [X2] : (? [X3] : (k4_analmetr(X0,X2,X3) = X1 & X2 != X3 & m1_subset_1(X3,u1_struct_0(X0))) & m1_subset_1(X2,u1_struct_0(X0)))))) [input d12_analmetr]
52. ! [X0] : ((l1_analmetr(X0) & ~v2_struct_0(X0)) => ! [X1] : (m1_subset_1(X1,u1_struct_0(X0)) => ! [X2] : (m1_subset_1(X2,u1_struct_0(X0)) => ! [X3] : (m1_subset_1(X3,k1_zfmisc_1(u1_struct_0(X0))) => (r6_analmetr(X0,X1,X2,X3) <=> ? [X4] : (? [X5] : (r4_analmetr(X0,X1,X2,X4,X5) & k4_analmetr(X0,X4,X5) = X3 & X4 != X5 & m1_subset_1(X5,u1_struct_0(X0))) & m1_subset_1(X4,u1_struct_0(X0)))))))) [input d13_analmetr]
56. ! [X0,X1,X2] : ((m1_subset_1(X2,u1_struct_0(X0)) & m1_subset_1(X1,u1_struct_0(X0)) & l1_analmetr(X0) & ~v2_struct_0(X0)) => m1_subset_1(k4_analmetr(X0,X1,X2),k1_zfmisc_1(u1_struct_0(X0)))) [input dt_k4_analmetr]
110. ! [X0] : ! [X1] : ! [X2] : ((m1_subset_1(X1,k1_zfmisc_1(X2)) & r2_hidden(X0,X1)) => m1_subset_1(X0,X2)) [input t4_subset]
112. ! [X0] : ((l1_analmetr(X0) & v3_analmetr(X0) & ~v2_struct_0(X0)) => ! [X1] : (m1_subset_1(X1,u1_struct_0(X0)) => ! [X2] : (m1_subset_1(X2,u1_struct_0(X0)) => ! [X3] : (m1_subset_1(X3,u1_struct_0(X0)) => ? [X4] : (r5_analmetr(X0,X2,X3,X4) & r4_analmetr(X0,X1,X4,X2,X3) & m1_subset_1(X4,u1_struct_0(X0))))))) [input t69_analmetr]
121. ! [X0,X1,X2] : ((m1_subset_1(X1,k1_zfmisc_1(X2)) & r2_hidden(X0,X1)) => m1_subset_1(X0,X2)) [flattening 110]
134. ? [X0] : (? [X1] : (? [X2] : ((! [X3] : ((~r2_hidden(X3,X1) | ~r6_analmetr(X0,X2,X3,X1)) | ~m1_subset_1(X3,u1_struct_0(X0))) & v4_analmetr(X1,X0)) & m1_subset_1(X2,u1_struct_0(X0))) & m1_subset_1(X1,k1_zfmisc_1(u1_struct_0(X0)))) & (l1_analmetr(X0) & v3_analmetr(X0) & ~v2_struct_0(X0))) [ennf transformation 2]
135. ? [X0] : (? [X1] : (? [X2] : (! [X3] : (~r2_hidden(X3,X1) | ~r6_analmetr(X0,X2,X3,X1) | ~m1_subset_1(X3,u1_struct_0(X0))) & v4_analmetr(X1,X0) & m1_subset_1(X2,u1_struct_0(X0))) & m1_subset_1(X1,k1_zfmisc_1(u1_struct_0(X0)))) & l1_analmetr(X0) & v3_analmetr(X0) & ~v2_struct_0(X0)) [flattening 134]
198. ! [X0] : (! [X1] : (! [X2] : (! [X3] : (? [X4] : (r5_analmetr(X0,X2,X3,X4) & r4_analmetr(X0,X1,X4,X2,X3) & m1_subset_1(X4,u1_struct_0(X0))) | ~m1_subset_1(X3,u1_struct_0(X0))) | ~m1_subset_1(X2,u1_struct_0(X0))) | ~m1_subset_1(X1,u1_struct_0(X0))) | (~l1_analmetr(X0) | ~v3_analmetr(X0) | v2_struct_0(X0))) [ennf transformation 112]
199. ! [X0] : (! [X1] : (! [X2] : (! [X3] : (? [X4] : (r5_analmetr(X0,X2,X3,X4) & r4_analmetr(X0,X1,X4,X2,X3) & m1_subset_1(X4,u1_struct_0(X0))) | ~m1_subset_1(X3,u1_struct_0(X0))) | ~m1_subset_1(X2,u1_struct_0(X0))) | ~m1_subset_1(X1,u1_struct_0(X0))) | ~l1_analmetr(X0) | ~v3_analmetr(X0) | v2_struct_0(X0)) [flattening 198]
206. ! [X0] : (! [X1] : (! [X2] : (! [X3] : ((r6_analmetr(X0,X1,X2,X3) <=> ? [X4] : (? [X5] : (r4_analmetr(X0,X1,X2,X4,X5) & k4_analmetr(X0,X4,X5) = X3 & X4 != X5 & m1_subset_1(X5,u1_struct_0(X0))) & m1_subset_1(X4,u1_struct_0(X0)))) | ~m1_subset_1(X3,k1_zfmisc_1(u1_struct_0(X0)))) | ~m1_subset_1(X2,u1_struct_0(X0))) | ~m1_subset_1(X1,u1_struct_0(X0))) | (~l1_analmetr(X0) | v2_struct_0(X0))) [ennf transformation 52]
207. ! [X0] : (! [X1] : (! [X2] : (! [X3] : ((r6_analmetr(X0,X1,X2,X3) <=> ? [X4] : (? [X5] : (r4_analmetr(X0,X1,X2,X4,X5) & k4_analmetr(X0,X4,X5) = X3 & X4 != X5 & m1_subset_1(X5,u1_struct_0(X0))) & m1_subset_1(X4,u1_struct_0(X0)))) | ~m1_subset_1(X3,k1_zfmisc_1(u1_struct_0(X0)))) | ~m1_subset_1(X2,u1_struct_0(X0))) | ~m1_subset_1(X1,u1_struct_0(X0))) | ~l1_analmetr(X0) | v2_struct_0(X0)) [flattening 206]
208. ! [X0] : (! [X1] : (! [X2] : (! [X3] : ((k4_analmetr(X0,X1,X2) = X3 <=> ! [X4] : ((r2_hidden(X4,X3) <=> r5_analmetr(X0,X1,X2,X4)) | ~m1_subset_1(X4,u1_struct_0(X0)))) | ~m1_subset_1(X3,k1_zfmisc_1(u1_struct_0(X0)))) | ~m1_subset_1(X2,u1_struct_0(X0))) | ~m1_subset_1(X1,u1_struct_0(X0))) | (~l1_analmetr(X0) | v2_struct_0(X0))) [ennf transformation 50]
209. ! [X0] : (! [X1] : (! [X2] : (! [X3] : ((k4_analmetr(X0,X1,X2) = X3 <=> ! [X4] : ((r2_hidden(X4,X3) <=> r5_analmetr(X0,X1,X2,X4)) | ~m1_subset_1(X4,u1_struct_0(X0)))) | ~m1_subset_1(X3,k1_zfmisc_1(u1_struct_0(X0)))) | ~m1_subset_1(X2,u1_struct_0(X0))) | ~m1_subset_1(X1,u1_struct_0(X0))) | ~l1_analmetr(X0) | v2_struct_0(X0)) [flattening 208]
210. ! [X0] : (! [X1] : ((v4_analmetr(X1,X0) <=> ? [X2] : (? [X3] : (k4_analmetr(X0,X2,X3) = X1 & X2 != X3 & m1_subset_1(X3,u1_struct_0(X0))) & m1_subset_1(X2,u1_struct_0(X0)))) | ~m1_subset_1(X1,k1_zfmisc_1(u1_struct_0(X0)))) | (~l1_analmetr(X0) | v2_struct_0(X0))) [ennf transformation 51]
211. ! [X0] : (! [X1] : ((v4_analmetr(X1,X0) <=> ? [X2] : (? [X3] : (k4_analmetr(X0,X2,X3) = X1 & X2 != X3 & m1_subset_1(X3,u1_struct_0(X0))) & m1_subset_1(X2,u1_struct_0(X0)))) | ~m1_subset_1(X1,k1_zfmisc_1(u1_struct_0(X0)))) | ~l1_analmetr(X0) | v2_struct_0(X0)) [flattening 210]
236. ! [X0,X1,X2] : (m1_subset_1(X0,X2) | (~m1_subset_1(X1,k1_zfmisc_1(X2)) | ~r2_hidden(X0,X1))) [ennf transformation 121]
237. ! [X0,X1,X2] : (m1_subset_1(X0,X2) | ~m1_subset_1(X1,k1_zfmisc_1(X2)) | ~r2_hidden(X0,X1)) [flattening 236]
246. ! [X0,X1,X2] : (m1_subset_1(k4_analmetr(X0,X1,X2),k1_zfmisc_1(u1_struct_0(X0))) | (~m1_subset_1(X2,u1_struct_0(X0)) | ~m1_subset_1(X1,u1_struct_0(X0)) | ~l1_analmetr(X0) | v2_struct_0(X0))) [ennf transformation 56]
247. ! [X0,X1,X2] : (m1_subset_1(k4_analmetr(X0,X1,X2),k1_zfmisc_1(u1_struct_0(X0))) | ~m1_subset_1(X2,u1_struct_0(X0)) | ~m1_subset_1(X1,u1_struct_0(X0)) | ~l1_analmetr(X0) | v2_struct_0(X0)) [flattening 246]
248. ? [X0] : (? [X1] : (? [X2] : (! [X3] : (~r2_hidden(X3,X1) | ~r6_analmetr(X0,X2,X3,X1) | ~m1_subset_1(X3,u1_struct_0(X0))) & v4_analmetr(X1,X0) & m1_subset_1(X2,u1_struct_0(X0))) & m1_subset_1(X1,k1_zfmisc_1(u1_struct_0(X0)))) & l1_analmetr(X0) & v3_analmetr(X0) & ~v2_struct_0(X0)) => (? [X1] : (? [X2] : (! [X3] : (~r2_hidden(X3,X1) | ~r6_analmetr(sK0,X2,X3,X1) | ~m1_subset_1(X3,u1_struct_0(sK0))) & v4_analmetr(X1,sK0) & m1_subset_1(X2,u1_struct_0(sK0))) & m1_subset_1(X1,k1_zfmisc_1(u1_struct_0(sK0)))) & l1_analmetr(sK0) & v3_analmetr(sK0) & ~v2_struct_0(sK0)) [choice axiom]
249. ? [X1] : (? [X2] : (! [X3] : (~r2_hidden(X3,X1) | ~r6_analmetr(sK0,X2,X3,X1) | ~m1_subset_1(X3,u1_struct_0(sK0))) & v4_analmetr(X1,sK0) & m1_subset_1(X2,u1_struct_0(sK0))) & m1_subset_1(X1,k1_zfmisc_1(u1_struct_0(sK0)))) => (? [X2] : (! [X3] : (~r2_hidden(X3,sK1) | ~r6_analmetr(sK0,X2,X3,sK1) | ~m1_subset_1(X3,u1_struct_0(sK0))) & v4_analmetr(sK1,sK0) & m1_subset_1(X2,u1_struct_0(sK0))) & m1_subset_1(sK1,k1_zfmisc_1(u1_struct_0(sK0)))) [choice axiom]
250. ? [X2] : (! [X3] : (~r2_hidden(X3,sK1) | ~r6_analmetr(sK0,X2,X3,sK1) | ~m1_subset_1(X3,u1_struct_0(sK0))) & v4_analmetr(sK1,sK0) & m1_subset_1(X2,u1_struct_0(sK0))) => (! [X3] : (~r2_hidden(X3,sK1) | ~r6_analmetr(sK0,sK2,X3,sK1) | ~m1_subset_1(X3,u1_struct_0(sK0))) & v4_analmetr(sK1,sK0) & m1_subset_1(sK2,u1_struct_0(sK0))) [choice axiom]
251. ((! [X3] : (~r2_hidden(X3,sK1) | ~r6_analmetr(sK0,sK2,X3,sK1) | ~m1_subset_1(X3,u1_struct_0(sK0))) & v4_analmetr(sK1,sK0) & m1_subset_1(sK2,u1_struct_0(sK0))) & m1_subset_1(sK1,k1_zfmisc_1(u1_struct_0(sK0)))) & l1_analmetr(sK0) & v3_analmetr(sK0) & ~v2_struct_0(sK0) [skolemisation 135,250,249,248]
262. ! [X3,X2,X1,X0] : (? [X4] : (r5_analmetr(X0,X2,X3,X4) & r4_analmetr(X0,X1,X4,X2,X3) & m1_subset_1(X4,u1_struct_0(X0))) => (r5_analmetr(X0,X2,X3,sK8(X0,X1,X2,X3)) & r4_analmetr(X0,X1,sK8(X0,X1,X2,X3),X2,X3) & m1_subset_1(sK8(X0,X1,X2,X3),u1_struct_0(X0)))) [choice axiom]
263. ! [X0] : (! [X1] : (! [X2] : (! [X3] : ((r5_analmetr(X0,X2,X3,sK8(X0,X1,X2,X3)) & r4_analmetr(X0,X1,sK8(X0,X1,X2,X3),X2,X3) & m1_subset_1(sK8(X0,X1,X2,X3),u1_struct_0(X0))) | ~m1_subset_1(X3,u1_struct_0(X0))) | ~m1_subset_1(X2,u1_struct_0(X0))) | ~m1_subset_1(X1,u1_struct_0(X0))) | ~l1_analmetr(X0) | ~v3_analmetr(X0) | v2_struct_0(X0)) [skolemisation 199,262]
268. ! [X0] : (! [X1] : (! [X2] : (! [X3] : (((r6_analmetr(X0,X1,X2,X3) | ! [X4] : (! [X5] : (~r4_analmetr(X0,X1,X2,X4,X5) | k4_analmetr(X0,X4,X5) != X3 | X4 = X5 | ~m1_subset_1(X5,u1_struct_0(X0))) | ~m1_subset_1(X4,u1_struct_0(X0)))) & (? [X4] : (? [X5] : (r4_analmetr(X0,X1,X2,X4,X5) & k4_analmetr(X0,X4,X5) = X3 & X4 != X5 & m1_subset_1(X5,u1_struct_0(X0))) & m1_subset_1(X4,u1_struct_0(X0))) | ~r6_analmetr(X0,X1,X2,X3))) | ~m1_subset_1(X3,k1_zfmisc_1(u1_struct_0(X0)))) | ~m1_subset_1(X2,u1_struct_0(X0))) | ~m1_subset_1(X1,u1_struct_0(X0))) | ~l1_analmetr(X0) | v2_struct_0(X0)) [nnf transformation 207]
269. ! [X0] : (! [X1] : (! [X2] : (! [X3] : (((r6_analmetr(X0,X1,X2,X3) | ! [X4] : (! [X5] : (~r4_analmetr(X0,X1,X2,X4,X5) | k4_analmetr(X0,X4,X5) != X3 | X4 = X5 | ~m1_subset_1(X5,u1_struct_0(X0))) | ~m1_subset_1(X4,u1_struct_0(X0)))) & (? [X6] : (? [X7] : (r4_analmetr(X0,X1,X2,X6,X7) & k4_analmetr(X0,X6,X7) = X3 & X6 != X7 & m1_subset_1(X7,u1_struct_0(X0))) & m1_subset_1(X6,u1_struct_0(X0))) | ~r6_analmetr(X0,X1,X2,X3))) | ~m1_subset_1(X3,k1_zfmisc_1(u1_struct_0(X0)))) | ~m1_subset_1(X2,u1_struct_0(X0))) | ~m1_subset_1(X1,u1_struct_0(X0))) | ~l1_analmetr(X0) | v2_struct_0(X0)) [rectify 268]
270. ! [X3,X2,X1,X0] : (? [X6] : (? [X7] : (r4_analmetr(X0,X1,X2,X6,X7) & k4_analmetr(X0,X6,X7) = X3 & X6 != X7 & m1_subset_1(X7,u1_struct_0(X0))) & m1_subset_1(X6,u1_struct_0(X0))) => (? [X7] : (r4_analmetr(X0,X1,X2,sK11(X0,X1,X2,X3),X7) & k4_analmetr(X0,sK11(X0,X1,X2,X3),X7) = X3 & sK11(X0,X1,X2,X3) != X7 & m1_subset_1(X7,u1_struct_0(X0))) & m1_subset_1(sK11(X0,X1,X2,X3),u1_struct_0(X0)))) [choice axiom]
271. ! [X3,X2,X1,X0] : (? [X7] : (r4_analmetr(X0,X1,X2,sK11(X0,X1,X2,X3),X7) & k4_analmetr(X0,sK11(X0,X1,X2,X3),X7) = X3 & sK11(X0,X1,X2,X3) != X7 & m1_subset_1(X7,u1_struct_0(X0))) => (r4_analmetr(X0,X1,X2,sK11(X0,X1,X2,X3),sK12(X0,X1,X2,X3)) & k4_analmetr(X0,sK11(X0,X1,X2,X3),sK12(X0,X1,X2,X3)) = X3 & sK11(X0,X1,X2,X3) != sK12(X0,X1,X2,X3) & m1_subset_1(sK12(X0,X1,X2,X3),u1_struct_0(X0)))) [choice axiom]
272. ! [X0] : (! [X1] : (! [X2] : (! [X3] : (((r6_analmetr(X0,X1,X2,X3) | ! [X4] : (! [X5] : (~r4_analmetr(X0,X1,X2,X4,X5) | k4_analmetr(X0,X4,X5) != X3 | X4 = X5 | ~m1_subset_1(X5,u1_struct_0(X0))) | ~m1_subset_1(X4,u1_struct_0(X0)))) & (((r4_analmetr(X0,X1,X2,sK11(X0,X1,X2,X3),sK12(X0,X1,X2,X3)) & k4_analmetr(X0,sK11(X0,X1,X2,X3),sK12(X0,X1,X2,X3)) = X3 & sK11(X0,X1,X2,X3) != sK12(X0,X1,X2,X3) & m1_subset_1(sK12(X0,X1,X2,X3),u1_struct_0(X0))) & m1_subset_1(sK11(X0,X1,X2,X3),u1_struct_0(X0))) | ~r6_analmetr(X0,X1,X2,X3))) | ~m1_subset_1(X3,k1_zfmisc_1(u1_struct_0(X0)))) | ~m1_subset_1(X2,u1_struct_0(X0))) | ~m1_subset_1(X1,u1_struct_0(X0))) | ~l1_analmetr(X0) | v2_struct_0(X0)) [skolemisation 269,271,270]
273. ! [X0] : (! [X1] : (! [X2] : (! [X3] : (((k4_analmetr(X0,X1,X2) = X3 | ? [X4] : (((~r5_analmetr(X0,X1,X2,X4) | ~r2_hidden(X4,X3)) & (r5_analmetr(X0,X1,X2,X4) | r2_hidden(X4,X3))) & m1_subset_1(X4,u1_struct_0(X0)))) & (! [X4] : (((r2_hidden(X4,X3) | ~r5_analmetr(X0,X1,X2,X4)) & (r5_analmetr(X0,X1,X2,X4) | ~r2_hidden(X4,X3))) | ~m1_subset_1(X4,u1_struct_0(X0))) | k4_analmetr(X0,X1,X2) != X3)) | ~m1_subset_1(X3,k1_zfmisc_1(u1_struct_0(X0)))) | ~m1_subset_1(X2,u1_struct_0(X0))) | ~m1_subset_1(X1,u1_struct_0(X0))) | ~l1_analmetr(X0) | v2_struct_0(X0)) [nnf transformation 209]
274. ! [X0] : (! [X1] : (! [X2] : (! [X3] : (((k4_analmetr(X0,X1,X2) = X3 | ? [X4] : ((~r5_analmetr(X0,X1,X2,X4) | ~r2_hidden(X4,X3)) & (r5_analmetr(X0,X1,X2,X4) | r2_hidden(X4,X3)) & m1_subset_1(X4,u1_struct_0(X0)))) & (! [X4] : (((r2_hidden(X4,X3) | ~r5_analmetr(X0,X1,X2,X4)) & (r5_analmetr(X0,X1,X2,X4) | ~r2_hidden(X4,X3))) | ~m1_subset_1(X4,u1_struct_0(X0))) | k4_analmetr(X0,X1,X2) != X3)) | ~m1_subset_1(X3,k1_zfmisc_1(u1_struct_0(X0)))) | ~m1_subset_1(X2,u1_struct_0(X0))) | ~m1_subset_1(X1,u1_struct_0(X0))) | ~l1_analmetr(X0) | v2_struct_0(X0)) [flattening 273]
275. ! [X0] : (! [X1] : (! [X2] : (! [X3] : (((k4_analmetr(X0,X1,X2) = X3 | ? [X4] : ((~r5_analmetr(X0,X1,X2,X4) | ~r2_hidden(X4,X3)) & (r5_analmetr(X0,X1,X2,X4) | r2_hidden(X4,X3)) & m1_subset_1(X4,u1_struct_0(X0)))) & (! [X5] : (((r2_hidden(X5,X3) | ~r5_analmetr(X0,X1,X2,X5)) & (r5_analmetr(X0,X1,X2,X5) | ~r2_hidden(X5,X3))) | ~m1_subset_1(X5,u1_struct_0(X0))) | k4_analmetr(X0,X1,X2) != X3)) | ~m1_subset_1(X3,k1_zfmisc_1(u1_struct_0(X0)))) | ~m1_subset_1(X2,u1_struct_0(X0))) | ~m1_subset_1(X1,u1_struct_0(X0))) | ~l1_analmetr(X0) | v2_struct_0(X0)) [rectify 274]
276. ! [X3,X2,X1,X0] : (? [X4] : ((~r5_analmetr(X0,X1,X2,X4) | ~r2_hidden(X4,X3)) & (r5_analmetr(X0,X1,X2,X4) | r2_hidden(X4,X3)) & m1_subset_1(X4,u1_struct_0(X0))) => ((~r5_analmetr(X0,X1,X2,sK13(X0,X1,X2,X3)) | ~r2_hidden(sK13(X0,X1,X2,X3),X3)) & (r5_analmetr(X0,X1,X2,sK13(X0,X1,X2,X3)) | r2_hidden(sK13(X0,X1,X2,X3),X3)) & m1_subset_1(sK13(X0,X1,X2,X3),u1_struct_0(X0)))) [choice axiom]
277. ! [X0] : (! [X1] : (! [X2] : (! [X3] : (((k4_analmetr(X0,X1,X2) = X3 | ((~r5_analmetr(X0,X1,X2,sK13(X0,X1,X2,X3)) | ~r2_hidden(sK13(X0,X1,X2,X3),X3)) & (r5_analmetr(X0,X1,X2,sK13(X0,X1,X2,X3)) | r2_hidden(sK13(X0,X1,X2,X3),X3)) & m1_subset_1(sK13(X0,X1,X2,X3),u1_struct_0(X0)))) & (! [X5] : (((r2_hidden(X5,X3) | ~r5_analmetr(X0,X1,X2,X5)) & (r5_analmetr(X0,X1,X2,X5) | ~r2_hidden(X5,X3))) | ~m1_subset_1(X5,u1_struct_0(X0))) | k4_analmetr(X0,X1,X2) != X3)) | ~m1_subset_1(X3,k1_zfmisc_1(u1_struct_0(X0)))) | ~m1_subset_1(X2,u1_struct_0(X0))) | ~m1_subset_1(X1,u1_struct_0(X0))) | ~l1_analmetr(X0) | v2_struct_0(X0)) [skolemisation 275,276]
278. ! [X0] : (! [X1] : (((v4_analmetr(X1,X0) | ! [X2] : (! [X3] : (k4_analmetr(X0,X2,X3) != X1 | X2 = X3 | ~m1_subset_1(X3,u1_struct_0(X0))) | ~m1_subset_1(X2,u1_struct_0(X0)))) & (? [X2] : (? [X3] : (k4_analmetr(X0,X2,X3) = X1 & X2 != X3 & m1_subset_1(X3,u1_struct_0(X0))) & m1_subset_1(X2,u1_struct_0(X0))) | ~v4_analmetr(X1,X0))) | ~m1_subset_1(X1,k1_zfmisc_1(u1_struct_0(X0)))) | ~l1_analmetr(X0) | v2_struct_0(X0)) [nnf transformation 211]
279. ! [X0] : (! [X1] : (((v4_analmetr(X1,X0) | ! [X2] : (! [X3] : (k4_analmetr(X0,X2,X3) != X1 | X2 = X3 | ~m1_subset_1(X3,u1_struct_0(X0))) | ~m1_subset_1(X2,u1_struct_0(X0)))) & (? [X4] : (? [X5] : (k4_analmetr(X0,X4,X5) = X1 & X4 != X5 & m1_subset_1(X5,u1_struct_0(X0))) & m1_subset_1(X4,u1_struct_0(X0))) | ~v4_analmetr(X1,X0))) | ~m1_subset_1(X1,k1_zfmisc_1(u1_struct_0(X0)))) | ~l1_analmetr(X0) | v2_struct_0(X0)) [rectify 278]
280. ! [X1,X0] : (? [X4] : (? [X5] : (k4_analmetr(X0,X4,X5) = X1 & X4 != X5 & m1_subset_1(X5,u1_struct_0(X0))) & m1_subset_1(X4,u1_struct_0(X0))) => (? [X5] : (k4_analmetr(X0,sK14(X0,X1),X5) = X1 & sK14(X0,X1) != X5 & m1_subset_1(X5,u1_struct_0(X0))) & m1_subset_1(sK14(X0,X1),u1_struct_0(X0)))) [choice axiom]
281. ! [X1,X0] : (? [X5] : (k4_analmetr(X0,sK14(X0,X1),X5) = X1 & sK14(X0,X1) != X5 & m1_subset_1(X5,u1_struct_0(X0))) => (k4_analmetr(X0,sK14(X0,X1),sK15(X0,X1)) = X1 & sK14(X0,X1) != sK15(X0,X1) & m1_subset_1(sK15(X0,X1),u1_struct_0(X0)))) [choice axiom]
282. ! [X0] : (! [X1] : (((v4_analmetr(X1,X0) | ! [X2] : (! [X3] : (k4_analmetr(X0,X2,X3) != X1 | X2 = X3 | ~m1_subset_1(X3,u1_struct_0(X0))) | ~m1_subset_1(X2,u1_struct_0(X0)))) & (((k4_analmetr(X0,sK14(X0,X1),sK15(X0,X1)) = X1 & sK14(X0,X1) != sK15(X0,X1) & m1_subset_1(sK15(X0,X1),u1_struct_0(X0))) & m1_subset_1(sK14(X0,X1),u1_struct_0(X0))) | ~v4_analmetr(X1,X0))) | ~m1_subset_1(X1,k1_zfmisc_1(u1_struct_0(X0)))) | ~l1_analmetr(X0) | v2_struct_0(X0)) [skolemisation 279,281,280]
318. ~v2_struct_0(sK0) [cnf transformation 251] {a:0,w:2,wCS:200,goal:1,sine:0,thAx:0,allAx:4,thDist:-4}
319. v3_analmetr(sK0) [cnf transformation 251] {a:0,w:2,wCS:200,goal:1,sine:0,thAx:0,allAx:4,thDist:-4}
320. l1_analmetr(sK0) [cnf transformation 251] {a:0,w:2,wCS:200,goal:1,sine:0,thAx:0,allAx:4,thDist:-4}
321. m1_subset_1(sK1,k1_zfmisc_1(u1_struct_0(sK0))) [cnf transformation 251] {a:0,w:5,wCS:500,goal:1,sine:0,thAx:0,allAx:4,thDist:-4}
322. m1_subset_1(sK2,u1_struct_0(sK0)) [cnf transformation 251] {a:0,w:4,wCS:400,goal:1,sine:0,thAx:0,allAx:4,thDist:-4}
323. v4_analmetr(sK1,sK0) [cnf transformation 251] {a:0,w:3,wCS:300,goal:1,sine:0,thAx:0,allAx:4,thDist:-4}
324. ~r6_analmetr(sK0,sK2,X3,sK1) | ~r2_hidden(X3,sK1) | ~m1_subset_1(X3,u1_struct_0(sK0)) [cnf transformation 251] {a:0,w:12,wCS:1200,nSel:1,goal:1,sine:0,thAx:0,allAx:4,thDist:-4}
391. m1_subset_1(sK8(X0,X1,X2,X3),u1_struct_0(X0)) | ~m1_subset_1(X3,u1_struct_0(X0)) | ~m1_subset_1(X2,u1_struct_0(X0)) | ~m1_subset_1(X1,u1_struct_0(X0)) | ~l1_analmetr(X0) | ~v3_analmetr(X0) | v2_struct_0(X0) [cnf transformation 263] {a:0,w:26,wCS:10400,nSel:1,sine:2,thAx:0,allAx:2,thDist:-2}
392. r4_analmetr(X0,X1,sK8(X0,X1,X2,X3),X2,X3) | ~m1_subset_1(X3,u1_struct_0(X0)) | ~m1_subset_1(X2,u1_struct_0(X0)) | ~m1_subset_1(X1,u1_struct_0(X0)) | ~l1_analmetr(X0) | ~v3_analmetr(X0) | v2_struct_0(X0) [cnf transformation 263] {a:0,w:28,wCS:11200,nSel:1,sine:2,thAx:0,allAx:2,thDist:-2}
393. r5_analmetr(X0,X2,X3,sK8(X0,X1,X2,X3)) | ~m1_subset_1(X3,u1_struct_0(X0)) | ~m1_subset_1(X2,u1_struct_0(X0)) | ~m1_subset_1(X1,u1_struct_0(X0)) | ~l1_analmetr(X0) | ~v3_analmetr(X0) | v2_struct_0(X0) [cnf transformation 263] {a:0,w:27,wCS:10800,nSel:1,sine:2,thAx:0,allAx:2,thDist:-2}
405. r6_analmetr(X0,X1,X2,X3) | ~r4_analmetr(X0,X1,X2,X4,X5) | k4_analmetr(X0,X4,X5) != X3 | X4 = X5 | ~m1_subset_1(X5,u1_struct_0(X0)) | ~m1_subset_1(X4,u1_struct_0(X0)) | ~m1_subset_1(X3,k1_zfmisc_1(u1_struct_0(X0))) | ~m1_subset_1(X2,u1_struct_0(X0)) | ~m1_subset_1(X1,u1_struct_0(X0)) | ~l1_analmetr(X0) | v2_struct_0(X0) [cnf transformation 272] {a:0,w:45,wCS:18000,sine:1,thAx:0,allAx:3,thDist:-3}
407. r2_hidden(X5,X3) | ~r5_analmetr(X0,X1,X2,X5) | ~m1_subset_1(X5,u1_struct_0(X0)) | k4_analmetr(X0,X1,X2) != X3 | ~m1_subset_1(X3,k1_zfmisc_1(u1_struct_0(X0))) | ~m1_subset_1(X2,u1_struct_0(X0)) | ~m1_subset_1(X1,u1_struct_0(X0)) | ~l1_analmetr(X0) | v2_struct_0(X0) [cnf transformation 277] {a:0,w:35,wCS:14000,sine:3,thAx:0,allAx:2,thDist:-2}
411. m1_subset_1(sK14(X0,X1),u1_struct_0(X0)) | ~v4_analmetr(X1,X0) | ~m1_subset_1(X1,k1_zfmisc_1(u1_struct_0(X0))) | ~l1_analmetr(X0) | v2_struct_0(X0) [cnf transformation 282] {a:0,w:18,wCS:7200,nSel:1,sine:1,thAx:0,allAx:3,thDist:-3}
412. m1_subset_1(sK15(X0,X1),u1_struct_0(X0)) | ~v4_analmetr(X1,X0) | ~m1_subset_1(X1,k1_zfmisc_1(u1_struct_0(X0))) | ~l1_analmetr(X0) | v2_struct_0(X0) [cnf transformation 282] {a:0,w:18,wCS:7200,nSel:1,sine:1,thAx:0,allAx:3,thDist:-3}
413. sK14(X0,X1) != sK15(X0,X1) | ~v4_analmetr(X1,X0) | ~m1_subset_1(X1,k1_zfmisc_1(u1_struct_0(X0))) | ~l1_analmetr(X0) | v2_struct_0(X0) [cnf transformation 282] {a:0,w:19,wCS:7600,nSel:1,sine:1,thAx:0,allAx:3,thDist:-3}
414. k4_analmetr(X0,sK14(X0,X1),sK15(X0,X1)) = X1 | ~v4_analmetr(X1,X0) | ~m1_subset_1(X1,k1_zfmisc_1(u1_struct_0(X0))) | ~l1_analmetr(X0) | v2_struct_0(X0) [cnf transformation 282] {a:0,w:22,wCS:8800,nSel:1,sine:1,thAx:0,allAx:3,thDist:-3}
439. ~m1_subset_1(X1,k1_zfmisc_1(X2)) | m1_subset_1(X0,X2) | ~r2_hidden(X0,X1) [cnf transformation 237] {a:0,w:10,wCS:4000,nSel:1,sine:1,thAx:0,allAx:1,thDist:-1}
452. m1_subset_1(k4_analmetr(X0,X1,X2),k1_zfmisc_1(u1_struct_0(X0))) | ~m1_subset_1(X2,u1_struct_0(X0)) | ~m1_subset_1(X1,u1_struct_0(X0)) | ~l1_analmetr(X0) | v2_struct_0(X0) [cnf transformation 247] {a:0,w:20,wCS:8000,nSel:1,sine:2,thAx:0,allAx:1,thDist:-1}
473. r6_analmetr(X0,X1,X2,k4_analmetr(X0,X4,X5)) | ~r4_analmetr(X0,X1,X2,X4,X5) | X4 = X5 | ~m1_subset_1(X5,u1_struct_0(X0)) | ~m1_subset_1(X4,u1_struct_0(X0)) | ~m1_subset_1(k4_analmetr(X0,X4,X5),k1_zfmisc_1(u1_struct_0(X0))) | ~m1_subset_1(X2,u1_struct_0(X0)) | ~m1_subset_1(X1,u1_struct_0(X0)) | ~l1_analmetr(X0) | v2_struct_0(X0) [equality resolution 405] {a:0,w:45,wCS:18000,sine:1,thAx:0,allAx:3,thDist:-3}
474. r2_hidden(X5,k4_analmetr(X0,X1,X2)) | ~r5_analmetr(X0,X1,X2,X5) | ~m1_subset_1(X5,u1_struct_0(X0)) | ~m1_subset_1(k4_analmetr(X0,X1,X2),k1_zfmisc_1(u1_struct_0(X0))) | ~m1_subset_1(X2,u1_struct_0(X0)) | ~m1_subset_1(X1,u1_struct_0(X0)) | ~l1_analmetr(X0) | v2_struct_0(X0) [equality resolution 407] {a:0,w:35,wCS:14000,sine:3,thAx:0,allAx:2,thDist:-2}
478. 1 <=> v4_analmetr(sK1,sK0) [avatar definition]
480. v4_analmetr(sK1,sK0) <- (1) [avatar component clause 478] {a:0,w:3,wCS:300,nSel:1,goal:1,sine:255,thAx:0,allAx:4,thDist:-4}
481. 1 [avatar split clause 323,478]
483. 2 <=> m1_subset_1(sK2,u1_struct_0(sK0)) [avatar definition]
485. m1_subset_1(sK2,u1_struct_0(sK0)) <- (2) [avatar component clause 483] {a:0,w:4,wCS:400,nSel:1,goal:1,sine:255,thAx:0,allAx:4,thDist:-4}
486. 2 [avatar split clause 322,483]
488. 3 <=> m1_subset_1(sK1,k1_zfmisc_1(u1_struct_0(sK0))) [avatar definition]
490. m1_subset_1(sK1,k1_zfmisc_1(u1_struct_0(sK0))) <- (3) [avatar component clause 488] {a:0,w:5,wCS:500,nSel:1,goal:1,sine:255,thAx:0,allAx:4,thDist:-4}
491. 3 [avatar split clause 321,488]
493. 4 <=> l1_analmetr(sK0) [avatar definition]
495. l1_analmetr(sK0) <- (4) [avatar component clause 493] {a:0,w:2,wCS:200,nSel:1,goal:1,sine:255,thAx:0,allAx:4,thDist:-4}
496. 4 [avatar split clause 320,493]
498. 5 <=> v3_analmetr(sK0) [avatar definition]
500. v3_analmetr(sK0) <- (5) [avatar component clause 498] {a:0,w:2,wCS:200,nSel:1,goal:1,sine:255,thAx:0,allAx:4,thDist:-4}
501. 5 [avatar split clause 319,498]
503. 6 <=> v2_struct_0(sK0) [avatar definition]
505. ~v2_struct_0(sK0) <- (~6) [avatar component clause 503] {a:0,w:2,wCS:200,nSel:1,goal:1,sine:255,thAx:0,allAx:4,thDist:-4}
506. ~6 [avatar split clause 318,503]
1506. m1_subset_1(X4,u1_struct_0(sK0)) | ~r2_hidden(X4,sK1) <- (3) [resolution 439,490] {a:1,w:7,wCS:700,nSel:1,goal:1,sine:1,thAx:0,allAx:5,thDist:-5}
1671. r2_hidden(X5,k4_analmetr(X0,X1,X2)) | ~r5_analmetr(X0,X1,X2,X5) | ~m1_subset_1(X5,u1_struct_0(X0)) | ~m1_subset_1(X2,u1_struct_0(X0)) | ~m1_subset_1(X1,u1_struct_0(X0)) | ~l1_analmetr(X0) | v2_struct_0(X0) [subsumption resolution 474,452] {a:0,w:27,wCS:10800,nSel:1,sine:2,thAx:0,allAx:2,thDist:-2}
1677. r2_hidden(X2,X1) | ~r5_analmetr(X0,sK14(X0,X1),sK15(X0,X1),X2) | ~m1_subset_1(X2,u1_struct_0(X0)) | ~m1_subset_1(sK15(X0,X1),u1_struct_0(X0)) | ~m1_subset_1(sK14(X0,X1),u1_struct_0(X0)) | ~l1_analmetr(X0) | v2_struct_0(X0) | ~v4_analmetr(X1,X0) | ~m1_subset_1(X1,k1_zfmisc_1(u1_struct_0(X0))) | ~l1_analmetr(X0) | v2_struct_0(X0) [superposition 1671,414] {a:1,w:44,wCS:17600,sine:1,thAx:0,allAx:5,thDist:-5}
1678. r2_hidden(X2,X1) | ~r5_analmetr(X0,sK14(X0,X1),sK15(X0,X1),X2) | ~m1_subset_1(X2,u1_struct_0(X0)) | ~m1_subset_1(sK15(X0,X1),u1_struct_0(X0)) | ~m1_subset_1(sK14(X0,X1),u1_struct_0(X0)) | ~l1_analmetr(X0) | v2_struct_0(X0) | ~v4_analmetr(X1,X0) | ~m1_subset_1(X1,k1_zfmisc_1(u1_struct_0(X0))) [duplicate literal removal 1677] {a:1,w:40,wCS:16000,sine:1,thAx:0,allAx:5,thDist:-5}
1679. r2_hidden(X2,X1) | ~r5_analmetr(X0,sK14(X0,X1),sK15(X0,X1),X2) | ~m1_subset_1(X2,u1_struct_0(X0)) | ~m1_subset_1(sK14(X0,X1),u1_struct_0(X0)) | ~l1_analmetr(X0) | v2_struct_0(X0) | ~v4_analmetr(X1,X0) | ~m1_subset_1(X1,k1_zfmisc_1(u1_struct_0(X0))) [subsumption resolution 1678,412] {a:1,w:34,wCS:13600,sine:1,thAx:0,allAx:5,thDist:-5}
1680. ~r5_analmetr(X0,sK14(X0,X1),sK15(X0,X1),X2) | r2_hidden(X2,X1) | ~m1_subset_1(X2,u1_struct_0(X0)) | ~l1_analmetr(X0) | v2_struct_0(X0) | ~v4_analmetr(X1,X0) | ~m1_subset_1(X1,k1_zfmisc_1(u1_struct_0(X0))) [subsumption resolution 1679,411] {a:1,w:28,wCS:11200,nSel:1,sine:1,thAx:0,allAx:5,thDist:-5}
1718. r6_analmetr(X0,X1,X2,k4_analmetr(X0,X4,X5)) | ~r4_analmetr(X0,X1,X2,X4,X5) | X4 = X5 | ~m1_subset_1(X5,u1_struct_0(X0)) | ~m1_subset_1(X4,u1_struct_0(X0)) | ~m1_subset_1(X2,u1_struct_0(X0)) | ~m1_subset_1(X1,u1_struct_0(X0)) | ~l1_analmetr(X0) | v2_struct_0(X0) [subsumption resolution 473,452] {a:0,w:37,wCS:14800,nSel:1,sine:1,thAx:0,allAx:3,thDist:-3}
1725. r6_analmetr(X0,X2,X3,X1) | ~r4_analmetr(X0,X2,X3,sK14(X0,X1),sK15(X0,X1)) | sK14(X0,X1) = sK15(X0,X1) | ~m1_subset_1(sK15(X0,X1),u1_struct_0(X0)) | ~m1_subset_1(sK14(X0,X1),u1_struct_0(X0)) | ~m1_subset_1(X3,u1_struct_0(X0)) | ~m1_subset_1(X2,u1_struct_0(X0)) | ~l1_analmetr(X0) | v2_struct_0(X0) | ~v4_analmetr(X1,X0) | ~m1_subset_1(X1,k1_zfmisc_1(u1_struct_0(X0))) | ~l1_analmetr(X0) | v2_struct_0(X0) [superposition 1718,414] {a:1,w:58,wCS:23200,sine:1,thAx:0,allAx:6,thDist:-6}
1728. r6_analmetr(X0,X2,X3,X1) | ~r4_analmetr(X0,X2,X3,sK14(X0,X1),sK15(X0,X1)) | sK14(X0,X1) = sK15(X0,X1) | ~m1_subset_1(sK15(X0,X1),u1_struct_0(X0)) | ~m1_subset_1(sK14(X0,X1),u1_struct_0(X0)) | ~m1_subset_1(X3,u1_struct_0(X0)) | ~m1_subset_1(X2,u1_struct_0(X0)) | ~l1_analmetr(X0) | v2_struct_0(X0) | ~v4_analmetr(X1,X0) | ~m1_subset_1(X1,k1_zfmisc_1(u1_struct_0(X0))) [duplicate literal removal 1725] {a:1,w:54,wCS:21600,sine:1,thAx:0,allAx:6,thDist:-6}
1729. r6_analmetr(X0,X2,X3,X1) | ~r4_analmetr(X0,X2,X3,sK14(X0,X1),sK15(X0,X1)) | ~m1_subset_1(sK15(X0,X1),u1_struct_0(X0)) | ~m1_subset_1(sK14(X0,X1),u1_struct_0(X0)) | ~m1_subset_1(X3,u1_struct_0(X0)) | ~m1_subset_1(X2,u1_struct_0(X0)) | ~l1_analmetr(X0) | v2_struct_0(X0) | ~v4_analmetr(X1,X0) | ~m1_subset_1(X1,k1_zfmisc_1(u1_struct_0(X0))) [subsumption resolution 1728,413] {a:1,w:47,wCS:18800,sine:1,thAx:0,allAx:6,thDist:-6}
1730. r6_analmetr(X0,X2,X3,X1) | ~r4_analmetr(X0,X2,X3,sK14(X0,X1),sK15(X0,X1)) | ~m1_subset_1(sK14(X0,X1),u1_struct_0(X0)) | ~m1_subset_1(X3,u1_struct_0(X0)) | ~m1_subset_1(X2,u1_struct_0(X0)) | ~l1_analmetr(X0) | v2_struct_0(X0) | ~v4_analmetr(X1,X0) | ~m1_subset_1(X1,k1_zfmisc_1(u1_struct_0(X0))) [subsumption resolution 1729,412] {a:1,w:41,wCS:16400,sine:1,thAx:0,allAx:6,thDist:-6}
1731. ~r4_analmetr(X0,X2,X3,sK14(X0,X1),sK15(X0,X1)) | r6_analmetr(X0,X2,X3,X1) | ~m1_subset_1(X3,u1_struct_0(X0)) | ~m1_subset_1(X2,u1_struct_0(X0)) | ~l1_analmetr(X0) | v2_struct_0(X0) | ~v4_analmetr(X1,X0) | ~m1_subset_1(X1,k1_zfmisc_1(u1_struct_0(X0))) [subsumption resolution 1730,411] {a:1,w:35,wCS:14000,nSel:1,sine:1,thAx:0,allAx:6,thDist:-6}
2719. r2_hidden(sK8(X3,X4,sK14(X3,X5),sK15(X3,X5)),X5) | ~m1_subset_1(sK8(X3,X4,sK14(X3,X5),sK15(X3,X5)),u1_struct_0(X3)) | ~l1_analmetr(X3) | v2_struct_0(X3) | ~v4_analmetr(X5,X3) | ~m1_subset_1(X5,k1_zfmisc_1(u1_struct_0(X3))) | ~m1_subset_1(sK15(X3,X5),u1_struct_0(X3)) | ~m1_subset_1(sK14(X3,X5),u1_struct_0(X3)) | ~m1_subset_1(X4,u1_struct_0(X3)) | ~l1_analmetr(X3) | ~v3_analmetr(X3) | v2_struct_0(X3) [resolution 1680,393] {a:2,w:57,wCS:22800,sine:1,thAx:0,allAx:7,thDist:-7}
2722. r2_hidden(sK8(X3,X4,sK14(X3,X5),sK15(X3,X5)),X5) | ~m1_subset_1(sK8(X3,X4,sK14(X3,X5),sK15(X3,X5)),u1_struct_0(X3)) | ~l1_analmetr(X3) | v2_struct_0(X3) | ~v4_analmetr(X5,X3) | ~m1_subset_1(X5,k1_zfmisc_1(u1_struct_0(X3))) | ~m1_subset_1(sK15(X3,X5),u1_struct_0(X3)) | ~m1_subset_1(sK14(X3,X5),u1_struct_0(X3)) | ~m1_subset_1(X4,u1_struct_0(X3)) | ~v3_analmetr(X3) [duplicate literal removal 2719] {a:2,w:53,wCS:21200,sine:1,thAx:0,allAx:7,thDist:-7}
2724. r2_hidden(sK8(X3,X4,sK14(X3,X5),sK15(X3,X5)),X5) | ~l1_analmetr(X3) | v2_struct_0(X3) | ~v4_analmetr(X5,X3) | ~m1_subset_1(X5,k1_zfmisc_1(u1_struct_0(X3))) | ~m1_subset_1(sK15(X3,X5),u1_struct_0(X3)) | ~m1_subset_1(sK14(X3,X5),u1_struct_0(X3)) | ~m1_subset_1(X4,u1_struct_0(X3)) | ~v3_analmetr(X3) [subsumption resolution 2722,391] {a:2,w:41,wCS:16400,sine:1,thAx:0,allAx:7,thDist:-7}
2725. r2_hidden(sK8(X3,X4,sK14(X3,X5),sK15(X3,X5)),X5) | ~l1_analmetr(X3) | v2_struct_0(X3) | ~v4_analmetr(X5,X3) | ~m1_subset_1(X5,k1_zfmisc_1(u1_struct_0(X3))) | ~m1_subset_1(sK14(X3,X5),u1_struct_0(X3)) | ~m1_subset_1(X4,u1_struct_0(X3)) | ~v3_analmetr(X3) [subsumption resolution 2724,412] {a:2,w:35,wCS:14000,sine:1,thAx:0,allAx:7,thDist:-7}
2726. r2_hidden(sK8(X3,X4,sK14(X3,X5),sK15(X3,X5)),X5) | ~l1_analmetr(X3) | v2_struct_0(X3) | ~v4_analmetr(X5,X3) | ~m1_subset_1(X5,k1_zfmisc_1(u1_struct_0(X3))) | ~m1_subset_1(X4,u1_struct_0(X3)) | ~v3_analmetr(X3) [subsumption resolution 2725,411] {a:2,w:29,wCS:11600,nSel:1,sine:1,thAx:0,allAx:7,thDist:-7}
2777. r6_analmetr(X0,X1,sK8(X0,X1,sK14(X0,X2),sK15(X0,X2)),X2) | ~m1_subset_1(sK8(X0,X1,sK14(X0,X2),sK15(X0,X2)),u1_struct_0(X0)) | ~m1_subset_1(X1,u1_struct_0(X0)) | ~l1_analmetr(X0) | v2_struct_0(X0) | ~v4_analmetr(X2,X0) | ~m1_subset_1(X2,k1_zfmisc_1(u1_struct_0(X0))) | ~m1_subset_1(sK15(X0,X2),u1_struct_0(X0)) | ~m1_subset_1(sK14(X0,X2),u1_struct_0(X0)) | ~m1_subset_1(X1,u1_struct_0(X0)) | ~l1_analmetr(X0) | ~v3_analmetr(X0) | v2_struct_0(X0) [resolution 1731,392] {a:2,w:63,wCS:25200,sine:1,thAx:0,allAx:8,thDist:-8}
2778. r6_analmetr(X0,X1,sK8(X0,X1,sK14(X0,X2),sK15(X0,X2)),X2) | ~m1_subset_1(sK8(X0,X1,sK14(X0,X2),sK15(X0,X2)),u1_struct_0(X0)) | ~m1_subset_1(X1,u1_struct_0(X0)) | ~l1_analmetr(X0) | v2_struct_0(X0) | ~v4_analmetr(X2,X0) | ~m1_subset_1(X2,k1_zfmisc_1(u1_struct_0(X0))) | ~m1_subset_1(sK15(X0,X2),u1_struct_0(X0)) | ~m1_subset_1(sK14(X0,X2),u1_struct_0(X0)) | ~v3_analmetr(X0) [duplicate literal removal 2777] {a:2,w:55,wCS:22000,sine:1,thAx:0,allAx:8,thDist:-8}
2779. r6_analmetr(X0,X1,sK8(X0,X1,sK14(X0,X2),sK15(X0,X2)),X2) | ~m1_subset_1(X1,u1_struct_0(X0)) | ~l1_analmetr(X0) | v2_struct_0(X0) | ~v4_analmetr(X2,X0) | ~m1_subset_1(X2,k1_zfmisc_1(u1_struct_0(X0))) | ~m1_subset_1(sK15(X0,X2),u1_struct_0(X0)) | ~m1_subset_1(sK14(X0,X2),u1_struct_0(X0)) | ~v3_analmetr(X0) [subsumption resolution 2778,391] {a:2,w:43,wCS:17200,sine:1,thAx:0,allAx:8,thDist:-8}
2780. r6_analmetr(X0,X1,sK8(X0,X1,sK14(X0,X2),sK15(X0,X2)),X2) | ~m1_subset_1(X1,u1_struct_0(X0)) | ~l1_analmetr(X0) | v2_struct_0(X0) | ~v4_analmetr(X2,X0) | ~m1_subset_1(X2,k1_zfmisc_1(u1_struct_0(X0))) | ~m1_subset_1(sK14(X0,X2),u1_struct_0(X0)) | ~v3_analmetr(X0) [subsumption resolution 2779,412] {a:2,w:37,wCS:14800,sine:1,thAx:0,allAx:8,thDist:-8}
2781. r6_analmetr(X0,X1,sK8(X0,X1,sK14(X0,X2),sK15(X0,X2)),X2) | ~m1_subset_1(X1,u1_struct_0(X0)) | ~l1_analmetr(X0) | v2_struct_0(X0) | ~v4_analmetr(X2,X0) | ~m1_subset_1(X2,k1_zfmisc_1(u1_struct_0(X0))) | ~v3_analmetr(X0) [subsumption resolution 2780,411] {a:2,w:31,wCS:12400,nSel:1,sine:1,thAx:0,allAx:8,thDist:-8}
5881. ~m1_subset_1(sK2,u1_struct_0(sK0)) | ~l1_analmetr(sK0) | v2_struct_0(sK0) | ~v4_analmetr(sK1,sK0) | ~m1_subset_1(sK1,k1_zfmisc_1(u1_struct_0(sK0))) | ~v3_analmetr(sK0) | ~r2_hidden(sK8(sK0,sK2,sK14(sK0,sK1),sK15(sK0,sK1)),sK1) | ~m1_subset_1(sK8(sK0,sK2,sK14(sK0,sK1),sK15(sK0,sK1)),u1_struct_0(sK0)) [resolution 2781,324] {a:3,w:41,wCS:4100,goal:1,sine:0,thAx:0,allAx:12,thDist:-12}
5886. ~l1_analmetr(sK0) | v2_struct_0(sK0) | ~v4_analmetr(sK1,sK0) | ~m1_subset_1(sK1,k1_zfmisc_1(u1_struct_0(sK0))) | ~v3_analmetr(sK0) | ~r2_hidden(sK8(sK0,sK2,sK14(sK0,sK1),sK15(sK0,sK1)),sK1) | ~m1_subset_1(sK8(sK0,sK2,sK14(sK0,sK1),sK15(sK0,sK1)),u1_struct_0(sK0)) <- (2) [subsumption resolution 5881,485] {a:3,w:37,wCS:3700,goal:1,sine:0,thAx:0,allAx:12,thDist:-12}
5887. v2_struct_0(sK0) | ~v4_analmetr(sK1,sK0) | ~m1_subset_1(sK1,k1_zfmisc_1(u1_struct_0(sK0))) | ~v3_analmetr(sK0) | ~r2_hidden(sK8(sK0,sK2,sK14(sK0,sK1),sK15(sK0,sK1)),sK1) | ~m1_subset_1(sK8(sK0,sK2,sK14(sK0,sK1),sK15(sK0,sK1)),u1_struct_0(sK0)) <- (2, 4) [subsumption resolution 5886,495] {a:3,w:35,wCS:3500,goal:1,sine:0,thAx:0,allAx:12,thDist:-12}
5888. ~v4_analmetr(sK1,sK0) | ~m1_subset_1(sK1,k1_zfmisc_1(u1_struct_0(sK0))) | ~v3_analmetr(sK0) | ~r2_hidden(sK8(sK0,sK2,sK14(sK0,sK1),sK15(sK0,sK1)),sK1) | ~m1_subset_1(sK8(sK0,sK2,sK14(sK0,sK1),sK15(sK0,sK1)),u1_struct_0(sK0)) <- (2, 4, ~6) [subsumption resolution 5887,505] {a:3,w:33,wCS:3300,goal:1,sine:0,thAx:0,allAx:12,thDist:-12}
5889. ~m1_subset_1(sK1,k1_zfmisc_1(u1_struct_0(sK0))) | ~v3_analmetr(sK0) | ~r2_hidden(sK8(sK0,sK2,sK14(sK0,sK1),sK15(sK0,sK1)),sK1) | ~m1_subset_1(sK8(sK0,sK2,sK14(sK0,sK1),sK15(sK0,sK1)),u1_struct_0(sK0)) <- (1, 2, 4, ~6) [subsumption resolution 5888,480] {a:3,w:30,wCS:3000,goal:1,sine:0,thAx:0,allAx:12,thDist:-12}
5890. ~v3_analmetr(sK0) | ~r2_hidden(sK8(sK0,sK2,sK14(sK0,sK1),sK15(sK0,sK1)),sK1) | ~m1_subset_1(sK8(sK0,sK2,sK14(sK0,sK1),sK15(sK0,sK1)),u1_struct_0(sK0)) <- (1, 2, 3, 4, ~6) [subsumption resolution 5889,490] {a:3,w:25,wCS:2500,goal:1,sine:0,thAx:0,allAx:12,thDist:-12}
5891. ~r2_hidden(sK8(sK0,sK2,sK14(sK0,sK1),sK15(sK0,sK1)),sK1) | ~m1_subset_1(sK8(sK0,sK2,sK14(sK0,sK1),sK15(sK0,sK1)),u1_struct_0(sK0)) <- (1, 2, 3, 4, 5, ~6) [subsumption resolution 5890,500] {a:3,w:23,wCS:2300,goal:1,sine:0,thAx:0,allAx:12,thDist:-12}
5892. ~r2_hidden(sK8(sK0,sK2,sK14(sK0,sK1),sK15(sK0,sK1)),sK1) <- (1, 2, 3, 4, 5, ~6) [subsumption resolution 5891,1506] {a:3,w:11,wCS:1100,goal:1,sine:0,thAx:0,allAx:12,thDist:-12}
5894. 445 <=> r2_hidden(sK8(sK0,sK2,sK14(sK0,sK1),sK15(sK0,sK1)),sK1) [avatar definition]
5896. ~r2_hidden(sK8(sK0,sK2,sK14(sK0,sK1),sK15(sK0,sK1)),sK1) <- (~445) [avatar component clause 5894] {a:3,w:11,wCS:1100,nSel:1,goal:1,sine:255,thAx:0,allAx:12,thDist:-12}
5897. ~445 | ~1 | ~2 | ~3 | ~4 | ~5 | 6 [avatar split clause 5892,503,498,493,488,483,478,5894]
5900. ~l1_analmetr(sK0) | v2_struct_0(sK0) | ~v4_analmetr(sK1,sK0) | ~m1_subset_1(sK1,k1_zfmisc_1(u1_struct_0(sK0))) | ~m1_subset_1(sK2,u1_struct_0(sK0)) | ~v3_analmetr(sK0) <- (~445) [resolution 5896,2726] {a:4,w:18,wCS:1800,goal:1,sine:1,thAx:0,allAx:19,thDist:-19}
5902. v2_struct_0(sK0) | ~v4_analmetr(sK1,sK0) | ~m1_subset_1(sK1,k1_zfmisc_1(u1_struct_0(sK0))) | ~m1_subset_1(sK2,u1_struct_0(sK0)) | ~v3_analmetr(sK0) <- (4, ~445) [subsumption resolution 5900,495] {a:4,w:16,wCS:1600,goal:1,sine:1,thAx:0,allAx:19,thDist:-19}
5903. ~v4_analmetr(sK1,sK0) | ~m1_subset_1(sK1,k1_zfmisc_1(u1_struct_0(sK0))) | ~m1_subset_1(sK2,u1_struct_0(sK0)) | ~v3_analmetr(sK0) <- (4, ~6, ~445) [subsumption resolution 5902,505] {a:4,w:14,wCS:1400,goal:1,sine:1,thAx:0,allAx:19,thDist:-19}
5904. ~m1_subset_1(sK1,k1_zfmisc_1(u1_struct_0(sK0))) | ~m1_subset_1(sK2,u1_struct_0(sK0)) | ~v3_analmetr(sK0) <- (1, 4, ~6, ~445) [subsumption resolution 5903,480] {a:4,w:11,wCS:1100,goal:1,sine:1,thAx:0,allAx:19,thDist:-19}
5905. ~m1_subset_1(sK2,u1_struct_0(sK0)) | ~v3_analmetr(sK0) <- (1, 3, 4, ~6, ~445) [subsumption resolution 5904,490] {a:4,w:6,wCS:600,goal:1,sine:1,thAx:0,allAx:19,thDist:-19}
5906. ~v3_analmetr(sK0) <- (1, 2, 3, 4, ~6, ~445) [subsumption resolution 5905,485] {a:4,w:2,wCS:200,goal:1,sine:1,thAx:0,allAx:19,thDist:-19}
5907. $false <- (1, 2, 3, 4, 5, ~6, ~445) [subsumption resolution 5906,500] {a:4,w:0,goal:1,sine:1,thAx:0,allAx:19,thDist:-19}
5908. ~1 | ~2 | ~3 | ~4 | ~5 | 6 | 445 [avatar contradiction clause 5907]
5909. $false [avatar sat refutation 481,486,491,496,501,506,5897,5908] {a:0,w:0,goal:1,sine:0,thAx:0,allAx:4554,thDist:-4554}
% SZS output end Proof for analmetr__t70_analmetr
% ------------------------------
% Version: Vampire 4.5.1 (commit 226f88162 on 2021-09-12 20:13:44 +0200)
% Termination reason: Refutation

% >>> Input
% Input formulas: 114
% >>> Preprocessing
% Introduced skolems: 33
% Pure predicates: 6
% Unused predicate definitions: 1
% 
% >>> Saturation
% Initial clauses: 155
% Generated clauses: 3859
% Active clauses: 1006
% Passive clauses: 1893
% Final active clauses: 790
% Final passive clauses: 769
% Main loop iterations started: 1107
% 
% >>> Simplifying Inferences
% Duplicate literals: 511
% Fw subsumption resolutions: 530
% Fw demodulations: 1
% Bw demodulations: 1
% 
% >>> Deletion Inferences
% Simple tautologies: 123
% Forward subsumptions: 625
% Backward subsumptions: 94
% 
% >>> Generating Inferences
% Binary resolution: 2236
% Unit resulting resolution: 22
% Forward superposition: 97
% Backward superposition: 19
% Self superposition: 2
% 
% >>> AVATAR
% Split clauses: 105
% Split components: 234
% Sat splitting refutations: 43
% 
% >>> SAT Solver Statistics
% SAT solver clauses: 496
% SAT solver unit clauses: 60
% SAT solver binary clauses: 252
% 
% Memory used [KB]: 13688
% Time elapsed: 0.070 s
% ------------------------------
% ------------------------------
% Time measurement results:
% preprocessing: 0.001 s ( own 0.0000 s ) 
% sine selection: 0.001 s
% SAT solver time: 0.001 s
% minimizing solver time: 0.002 s
% term sharing: 0.005 s
% splitting model update: 0.002 s ( own 0.001 s ) 
% congruence closure: 0.008 s ( own 0.006 s ) 
% non unit clause index maintenance: 0.001 s ( own 0.0000 s ) 
% forward subsumption index maintenance: 0.001 s
% backward subsumption index maintenance: 0.001 s
% forward subsumption: 0.009 s
% forward subsumption resolution: 0.004 s
% forward demodulation: 0.001 s
% resolution: 0.010 s ( own 0.007 s ) 
% unit resulting resolution: 0.016 s ( own 0.015 s ) 
% superposition: 0.004 s
% other: 0.070 s ( own 0.012 s ) 

