i: [1,575,0,2,1,0,0,255] fc7_card_1
a: [3,960,0,2,1,575]
s: 960
i: [1,576,0,2,1,0,0,3] spc2_boole
a: [3,965,0,2,1,576]
s: 965
i: [1,577,0,2,1,0,0,2] spc3_boole
a: [3,970,0,2,1,577]
s: 970
i: [1,578,0,2,1,0,0,3] spc1_boole
a: [3,975,0,2,1,578]
s: 975
i: [1,579,0,2,1,0,0,255] fc10_card_3
a: [3,980,0,2,1,579]
s: 980
i: [1,580,0,2,1,0,0,255] fc4_card_1
a: [3,985,0,2,1,580]
s: 985
i: [1,581,0,2,1,0,0,255] fc1_xboole_0
a: [3,990,0,2,1,581]
s: 990
i: [1,594,0,2,1,0,0,255] fc6_ordinal1
a: [3,1050,0,2,1,594]
s: 1050
i: [1,593,0,2,1,0,0,255] fc6_ordinal1
a: [3,1055,0,2,1,593]
s: 1055
i: [1,595,0,2,1,0,0,2] spc3_numerals
a: [3,1075,0,2,1,595]
s: 1075
i: [1,599,0,2,1,0,0,3] spc2_numerals
a: [3,1095,0,2,1,599]
s: 1095
i: [1,603,0,2,1,0,0,3] spc1_numerals
a: [3,1115,0,2,1,603]
s: 1115
i: [1,839,0,2,1,0,0,3] rc3_card_1
a: [3,1120,0,2,1,839]
s: 1120
i: [1,840,0,2,1,0,0,2] rc2_xboole_0
a: [3,1125,0,2,1,840]
s: 1125
i: [1,841,0,2,1,0,0,255] rc5_card_3
a: [3,1130,0,2,1,841]
s: 1130
i: [1,842,0,2,1,0,0,255] rc1_card_1
a: [3,1135,0,2,1,842]
s: 1135
i: [1,843,0,2,1,0,0,4] rc1_xreal_0
a: [3,1140,0,2,1,843]
s: 1140
i: [1,844,0,2,1,0,0,4] rc4_ordinal1
a: [3,1145,0,2,1,844]
s: 1145
i: [1,845,0,2,1,0,0,4] rc1_ordinal1
a: [3,1150,0,2,1,845]
s: 1150
i: [1,846,0,2,1,0,0,255] rc1_xxreal_0
a: [3,1155,0,2,1,846]
s: 1155
i: [1,847,0,2,1,0,0,2] rc1_xboole_0
a: [3,1160,0,2,1,847]
s: 1160
i: [1,849,0,2,1,0,0,255] rc8_finseq_1
a: [3,1165,0,2,1,849]
s: 1165
i: [1,848,0,2,1,0,0,255] rc8_finseq_1
a: [3,1170,0,2,1,848]
s: 1170
i: [1,853,0,2,1,0,0,255] rc2_ordinal1
a: [3,1175,0,2,1,853]
s: 1175
i: [1,852,0,2,1,0,0,255] rc2_ordinal1
a: [3,1180,0,2,1,852]
s: 1180
i: [1,851,0,2,1,0,0,255] rc2_ordinal1
a: [3,1185,0,2,1,851]
s: 1185
i: [1,850,0,2,1,0,0,255] rc2_ordinal1
a: [3,1190,0,2,1,850]
s: 1190
i: [1,863,0,2,1,0,0,255] rc1_nat_1
a: [3,1195,0,2,1,863]
s: 1195
i: [1,862,0,2,1,0,0,255] rc1_nat_1
a: [3,1200,0,2,1,862]
s: 1200
i: [1,861,0,2,1,0,0,255] rc1_nat_1
a: [3,1205,0,2,1,861]
s: 1205
i: [1,860,0,2,1,0,0,255] rc1_nat_1
a: [3,1210,0,2,1,860]
s: 1210
i: [1,859,0,2,1,0,0,255] rc1_nat_1
a: [3,1215,0,2,1,859]
s: 1215
i: [1,858,0,2,1,0,0,255] rc1_nat_1
a: [3,1220,0,2,1,858]
s: 1220
i: [1,857,0,2,1,0,0,255] rc1_nat_1
a: [3,1225,0,2,1,857]
s: 1225
i: [1,856,0,2,1,0,0,255] rc1_nat_1
a: [3,1230,0,2,1,856]
s: 1230
i: [1,855,0,2,1,0,0,255] rc1_nat_1
a: [3,1235,0,2,1,855]
s: 1235
i: [1,854,0,2,1,0,0,255] rc1_nat_1
a: [3,1240,0,2,1,854]
s: 1240
i: [1,865,0,2,1,0,0,255] rc7_funct_1
a: [3,1245,0,2,1,865]
s: 1245
i: [1,864,0,2,1,0,0,255] rc7_funct_1
a: [3,1250,0,2,1,864]
s: 1250
i: [1,868,0,2,1,0,0,255] rc3_card_3
a: [3,1255,0,2,1,868]
s: 1255
i: [1,867,0,2,1,0,0,255] rc3_card_3
a: [3,1260,0,2,1,867]
s: 1260
i: [1,866,0,2,1,0,0,255] rc3_card_3
a: [3,1265,0,2,1,866]
s: 1265
i: [1,870,0,2,1,0,0,4] rc5_ordinal1
a: [3,1270,0,2,1,870]
s: 1270
i: [1,869,0,2,1,0,0,4] rc5_ordinal1
a: [3,1275,0,2,1,869]
s: 1275
i: [1,872,0,2,1,0,0,2] rc1_relat_1
a: [3,1280,0,2,1,872]
s: 1280
i: [1,871,0,2,1,0,0,2] rc1_relat_1
a: [3,1285,0,2,1,871]
s: 1285
i: [1,875,0,2,1,0,0,255] rc4_funct_1
a: [3,1290,0,2,1,875]
s: 1290
i: [1,874,0,2,1,0,0,255] rc4_funct_1
a: [3,1295,0,2,1,874]
s: 1295
i: [1,873,0,2,1,0,0,255] rc4_funct_1
a: [3,1300,0,2,1,873]
s: 1300
i: [1,880,0,2,1,0,0,255] rc2_card_1
a: [3,1305,0,2,1,880]
s: 1305
i: [1,879,0,2,1,0,0,255] rc2_card_1
a: [3,1310,0,2,1,879]
s: 1310
i: [1,878,0,2,1,0,0,255] rc2_card_1
a: [3,1315,0,2,1,878]
s: 1315
i: [1,877,0,2,1,0,0,255] rc2_card_1
a: [3,1320,0,2,1,877]
s: 1320
i: [1,876,0,2,1,0,0,255] rc2_card_1
a: [3,1325,0,2,1,876]
s: 1325
i: [1,884,0,2,1,0,0,255] rc3_xreal_0
a: [3,1330,0,2,1,884]
s: 1330
i: [1,883,0,2,1,0,0,255] rc3_xreal_0
a: [3,1335,0,2,1,883]
s: 1335
i: [1,882,0,2,1,0,0,255] rc3_xreal_0
a: [3,1340,0,2,1,882]
s: 1340
i: [1,881,0,2,1,0,0,255] rc3_xreal_0
a: [3,1345,0,2,1,881]
s: 1345
i: [1,888,0,2,1,0,0,255] rc2_xreal_0
a: [3,1350,0,2,1,888]
s: 1350
i: [1,887,0,2,1,0,0,255] rc2_xreal_0
a: [3,1355,0,2,1,887]
s: 1355
i: [1,886,0,2,1,0,0,255] rc2_xreal_0
a: [3,1360,0,2,1,886]
s: 1360
i: [1,885,0,2,1,0,0,255] rc2_xreal_0
a: [3,1365,0,2,1,885]
s: 1365
i: [1,890,0,2,1,0,0,255] rc3_xxreal_0
a: [3,1370,0,2,1,890]
s: 1370
i: [1,889,0,2,1,0,0,255] rc3_xxreal_0
a: [3,1375,0,2,1,889]
s: 1375
i: [1,892,0,2,1,0,0,255] rc2_xxreal_0
a: [3,1380,0,2,1,892]
s: 1380
i: [1,891,0,2,1,0,0,255] rc2_xxreal_0
a: [3,1385,0,2,1,891]
s: 1385
i: [1,896,0,2,1,0,0,255] rc4_xreal_0
a: [3,1390,0,2,1,896]
s: 1390
i: [1,895,0,2,1,0,0,255] rc4_xreal_0
a: [3,1395,0,2,1,895]
s: 1395
i: [1,894,0,2,1,0,0,255] rc4_xreal_0
a: [3,1400,0,2,1,894]
s: 1400
i: [1,893,0,2,1,0,0,255] rc4_xreal_0
a: [3,1405,0,2,1,893]
s: 1405
i: [1,898,0,2,1,0,0,255] rc4_xxreal_0
a: [3,1410,0,2,1,898]
s: 1410
i: [1,897,0,2,1,0,0,255] rc4_xxreal_0
a: [3,1415,0,2,1,897]
s: 1415
i: [1,899,0,2,1,0,0,255] rc2_relat_1
a: [3,1420,0,2,1,899]
s: 1420
i: [1,901,0,2,1,0,0,255] rc3_funct_1
a: [3,1425,0,2,1,901]
s: 1425
i: [1,900,0,2,1,0,0,255] rc3_funct_1
a: [3,1430,0,2,1,900]
s: 1430
i: [1,908,0,2,1,0,0,255] rc5_finseq_1
a: [3,1435,0,2,1,908]
s: 1435
i: [1,907,0,2,1,0,0,255] rc5_finseq_1
a: [3,1440,0,2,1,907]
s: 1440
i: [1,906,0,2,1,0,0,255] rc5_finseq_1
a: [3,1445,0,2,1,906]
s: 1445
i: [1,905,0,2,1,0,0,255] rc5_finseq_1
a: [3,1450,0,2,1,905]
s: 1450
i: [1,904,0,2,1,0,0,255] rc5_finseq_1
a: [3,1455,0,2,1,904]
s: 1455
i: [1,902,0,2,1,0,0,255] rc5_finseq_1
a: [3,1465,0,2,1,902]
s: 1465
i: [1,910,0,2,1,0,0,2] rc1_funct_1
a: [3,1470,0,2,1,910]
s: 1470
i: [1,909,0,2,1,0,0,2] rc1_funct_1
a: [3,1475,0,2,1,909]
s: 1475
i: [1,913,0,2,1,0,0,255] rc5_funct_1
a: [3,1480,0,2,1,913]
s: 1480
i: [1,912,0,2,1,0,0,255] rc5_funct_1
a: [3,1485,0,2,1,912]
s: 1485
i: [1,911,0,2,1,0,0,255] rc5_funct_1
a: [3,1490,0,2,1,911]
s: 1490
i: [1,916,0,2,1,0,0,3] rc6_card_3
a: [3,1495,0,2,1,916]
s: 1495
i: [1,915,0,2,1,0,0,3] rc6_card_3
a: [3,1500,0,2,1,915]
s: 1500
i: [1,914,0,2,1,0,0,3] rc6_card_3
a: [3,1505,0,2,1,914]
s: 1505
i: [1,918,0,2,1,0,0,255] rc2_funct_1
a: [3,1510,0,2,1,918]
s: 1510
i: [1,917,0,2,1,0,0,255] rc2_funct_1
a: [3,1515,0,2,1,917]
s: 1515
i: [1,920,0,2,1,0,0,255] rc1_card_3
a: [3,1520,0,2,1,920]
s: 1520
i: [1,919,0,2,1,0,0,255] rc1_card_3
a: [3,1525,0,2,1,919]
s: 1525
i: [1,923,0,2,1,0,0,255] rc1_funcop_1
a: [3,1530,0,2,1,923]
s: 1530
i: [1,922,0,2,1,0,0,255] rc1_funcop_1
a: [3,1535,0,2,1,922]
s: 1535
i: [1,921,0,2,1,0,0,255] rc1_funcop_1
a: [3,1540,0,2,1,921]
s: 1540
i: [1,927,0,2,1,0,0,255] rc2_funcop_1
a: [3,1545,0,2,1,927]
s: 1545
i: [1,926,0,2,1,0,0,255] rc2_funcop_1
a: [3,1550,0,2,1,926]
s: 1550
i: [1,925,0,2,1,0,0,255] rc2_funcop_1
a: [3,1555,0,2,1,925]
s: 1555
i: [1,924,0,2,1,0,0,255] rc2_funcop_1
a: [3,1560,0,2,1,924]
s: 1560
i: [1,930,0,2,1,0,0,255] rc3_finseq_1
a: [3,1565,0,2,1,930]
s: 1565
i: [1,929,0,2,1,0,0,255] rc3_finseq_1
a: [3,1570,0,2,1,929]
s: 1570
i: [1,928,0,2,1,0,0,255] rc3_finseq_1
a: [3,1575,0,2,1,928]
s: 1575
i: [1,937,0,2,1,0,0,255] rc4_finseq_1
a: [3,1580,0,2,1,937]
s: 1580
i: [1,936,0,2,1,0,0,255] rc4_finseq_1
a: [3,1585,0,2,1,936]
s: 1585
i: [1,935,0,2,1,0,0,255] rc4_finseq_1
a: [3,1590,0,2,1,935]
s: 1590
i: [1,934,0,2,1,0,0,255] rc4_finseq_1
a: [3,1595,0,2,1,934]
s: 1595
i: [1,933,0,2,1,0,0,255] rc4_finseq_1
a: [3,1600,0,2,1,933]
s: 1600
i: [1,931,0,2,1,0,0,255] rc4_finseq_1
a: [3,1610,0,2,1,931]
s: 1610
i: [1,948,0,2,1,0,0,255] rc3_nat_1
a: [3,1615,0,2,1,948]
s: 1615
i: [1,947,0,2,1,0,0,255] rc3_nat_1
a: [3,1620,0,2,1,947]
s: 1620
i: [1,946,0,2,1,0,0,255] rc3_nat_1
a: [3,1625,0,2,1,946]
s: 1625
i: [1,945,0,2,1,0,0,255] rc3_nat_1
a: [3,1630,0,2,1,945]
s: 1630
i: [1,944,0,2,1,0,0,255] rc3_nat_1
a: [3,1635,0,2,1,944]
s: 1635
i: [1,943,0,2,1,0,0,255] rc3_nat_1
a: [3,1640,0,2,1,943]
s: 1640
i: [1,942,0,2,1,0,0,255] rc3_nat_1
a: [3,1645,0,2,1,942]
s: 1645
i: [1,941,0,2,1,0,0,255] rc3_nat_1
a: [3,1650,0,2,1,941]
s: 1650
i: [1,940,0,2,1,0,0,255] rc3_nat_1
a: [3,1655,0,2,1,940]
s: 1655
i: [1,939,0,2,1,0,0,255] rc3_nat_1
a: [3,1660,0,2,1,939]
s: 1660
i: [1,951,0,2,1,0,0,3] rc2_nat_1
a: [3,1670,0,2,1,951]
s: 1670
i: [1,950,0,2,1,0,0,3] rc2_nat_1
a: [3,1675,0,2,1,950]
s: 1675
i: [1,574,0,10,1,1,0,0] t128_finseq_2
a: [3,955,0,10,1,574]
s: 955
i: [1,607,0,3,1,0,0,255] fc16_finseq_1
s: 607
i: [1,608,0,3,1,0,0,255] fc2_xboole_0
s: 608
i: [1,609,0,3,1,0,0,3] fc1_subset_1
s: 609
i: [1,610,0,3,1,0,0,255] fc7_finseq_1
s: 610
i: [1,615,0,3,1,0,0,255] dt_k9_finseq_1
s: 615
i: [1,616,0,3,1,0,0,255] dt_k9_finseq_1
s: 616
i: [1,617,0,3,1,0,0,255] fc6_finseq_1
s: 617
i: [1,618,0,3,1,0,0,255] fc6_finseq_1
s: 618
i: [1,774,0,3,1,0,0,255] rc9_funct_1
s: 774
i: [1,776,0,3,1,0,0,255] rc9_funct_1
s: 776
i: [1,778,0,3,1,0,0,3] rc2_subset_1
s: 778
i: [1,781,0,3,1,0,0,255] reflexivity_r1_tarski
s: 781
i: [1,582,0,3,1,0,0,255] redefinition_k5_numbers
a: [3,995,0,3,1,582]
s: 995
r: 1055
r: 1050
r: 985
r: 980
r: 960
d: [2,1682,0,2,1,2,23,1055,995]
a: [3,1690,0,2,1,1682]
s: 1690
d: [2,1683,0,2,1,2,23,1050,995]
a: [3,1695,0,2,1,1683]
s: 1695
d: [2,1684,0,2,1,2,23,985,995]
a: [3,1700,0,2,1,1684]
s: 1700
d: [2,1685,0,2,1,2,23,980,995]
a: [3,1705,0,2,1,1685]
s: 1705
d: [2,1686,0,2,1,2,23,960,995]
a: [3,1710,0,2,1,1686]
s: 1710
i: [1,583,0,3,1,0,0,255] t1_numerals
a: [3,1000,0,3,1,583]
s: 1000
i: [1,598,0,3,1,0,0,2] spc3_numerals
a: [3,1060,0,3,1,598]
s: 1060
i: [1,597,0,3,1,0,0,2] spc3_numerals
a: [3,1065,0,3,1,597]
s: 1065
i: [1,602,0,3,1,0,0,3] spc2_numerals
a: [3,1080,0,3,1,602]
s: 1080
i: [1,601,0,3,1,0,0,3] spc2_numerals
a: [3,1085,0,3,1,601]
s: 1085
i: [1,606,0,3,1,0,0,3] spc1_numerals
a: [3,1100,0,3,1,606]
s: 1100
i: [1,605,0,3,1,0,0,3] spc1_numerals
a: [3,1105,0,3,1,605]
s: 1105
i: [1,903,0,3,1,0,0,255] rc5_finseq_1
a: [3,1460,0,3,1,903]
s: 1460
i: [1,932,0,3,1,0,0,255] rc4_finseq_1
a: [3,1605,0,3,1,932]
s: 1605
i: [1,938,0,3,1,0,0,255] rc3_nat_1
a: [3,1665,0,3,1,938]
s: 1665
d: [2,1712,0,3,1,2,22,1000,995]
a: [3,1716,0,3,1,1712]
s: 1716
i: [1,611,0,4,1,0,0,255] fc24_finseq_1
s: 611
i: [1,612,0,4,1,0,0,255] fc13_card_1
s: 612
i: [1,636,0,4,2,0,0,255] cc4_card_3
s: 636
i: [1,637,0,4,2,0,0,255] cc4_card_3
s: 637
i: [1,640,0,4,2,0,0,255] cc9_finseq_1
s: 640
d: [2,1718,1,2,1,1,40,636,1200]
a: [3,1726,1,2,1,1718]
s: 1726
i: [1,648,0,4,2,0,0,255] cc1_card_1
s: 648
d: [2,1719,1,2,1,1,40,636,1310]
a: [3,1731,1,2,1,1719]
s: 1731
i: [1,653,0,4,2,0,0,255] cc3_xreal_0
s: 653
i: [1,654,0,4,2,0,0,255] cc4_xreal_0
s: 654
d: [2,1720,1,2,1,1,40,636,1445]
a: [3,1736,1,2,1,1720]
s: 1736
i: [1,655,0,4,2,0,0,255] cc3_card_1
s: 655
d: [2,1721,1,2,1,1,40,636,1590]
a: [3,1741,1,2,1,1721]
s: 1741
i: [1,656,0,4,2,0,0,4] cc2_xreal_0
s: 656
i: [1,657,0,4,2,0,0,3] cc5_card_1
s: 657
d: [2,1722,1,2,1,1,40,636,1620]
a: [3,1746,1,2,1,1722]
s: 1746
i: [1,658,0,4,2,0,0,4] cc6_ordinal1
s: 658
d: [2,1748,1,2,1,1,40,637,1130]
a: [3,1753,1,2,1,1748]
s: 1753
i: [1,659,0,4,2,0,0,255] cc2_xxreal_0
s: 659
i: [1,661,0,4,2,0,0,4] cc3_nat_1
s: 661
d: [2,1749,1,2,1,1,40,637,1705]
a: [3,1758,1,2,1,1749]
s: 1758
i: [1,662,0,4,2,0,0,4] cc1_nat_1
s: 662
d: [2,1760,1,2,1,1,40,640,1165]
a: [3,1764,1,2,1,1760]
s: 1764
i: [1,671,0,4,2,0,0,255] cc6_card_3
s: 671
i: [1,672,0,4,2,0,0,255] cc1_ordinal1
s: 672
d: [2,1767,1,2,1,1,40,648,1135]
a: [3,1774,1,2,1,1767]
s: 1774
i: [1,673,0,4,2,0,0,255] cc1_ordinal1
s: 673
d: [2,1776,1,2,1,1,40,653,1140]
a: [3,1785,1,2,1,1776]
s: 1785
i: [1,675,0,4,2,0,0,255] cc9_ordinal1
s: 675
i: [1,676,0,4,2,0,0,255] cc8_finseq_1
s: 676
d: [2,1787,1,2,1,1,40,654,1140]
a: [3,1796,1,2,1,1787]
s: 1796
i: [1,677,0,4,2,0,0,255] cc7_funct_1
s: 677
d: [2,1798,1,2,1,1,40,655,1145]
a: [3,1805,1,2,1,1798]
s: 1805
i: [1,678,0,4,2,0,0,255] cc2_card_1
s: 678
i: [1,679,0,4,2,0,0,4] cc7_ordinal1
s: 679
d: [2,1800,1,2,1,1,40,655,1270]
a: [3,1810,1,2,1,1800]
s: 1810
i: [1,680,0,4,2,0,0,4] cc3_ordinal1
s: 680
d: [2,1812,1,2,1,1,40,656,1145]
a: [3,1819,1,2,1,1812]
s: 1819
i: [1,681,0,4,2,0,0,2] cc1_funct_1
s: 681
i: [1,682,0,4,2,0,0,2] cc1_relat_1
s: 682
d: [2,1814,1,2,1,1,40,656,1270]
a: [3,1824,1,2,1,1814]
s: 1824
i: [1,773,0,4,1,0,0,3] existence_m1_subset_1
s: 773
d: [2,1826,1,2,1,1,40,657,1145]
a: [3,1833,1,2,1,1826]
s: 1833
i: [1,775,0,4,1,0,0,255] rc9_funct_1
s: 775
i: [1,780,0,4,1,0,0,255] rc3_subset_1
s: 780
d: [2,1828,1,2,1,1,40,657,1270]
a: [3,1838,1,2,1,1828]
s: 1838
i: [1,782,0,4,1,0,0,255] fc3_xboole_0
s: 782
d: [2,1840,1,2,1,1,40,658,1145]
a: [3,1847,1,2,1,1840]
s: 1847
i: [1,584,0,4,1,0,0,3] dt_k5_numbers
a: [3,1005,0,4,1,584]
s: 1005
i: [1,596,0,4,1,0,0,2] spc3_numerals
a: [3,1070,0,4,1,596]
s: 1070
d: [2,1842,1,2,1,1,40,658,1270]
a: [3,1852,1,2,1,1842]
s: 1852
i: [1,600,0,4,1,0,0,3] spc2_numerals
a: [3,1090,0,4,1,600]
s: 1090
d: [2,1854,1,2,1,1,40,659,1145]
a: [3,1861,1,2,1,1854]
s: 1861
i: [1,604,0,4,1,0,0,3] spc1_numerals
a: [3,1110,0,4,1,604]
s: 1110
i: [1,949,0,4,1,0,0,3] rc2_nat_1
a: [3,1680,0,4,1,949]
s: 1680
d: [2,1856,1,2,1,1,40,659,1270]
a: [3,1866,1,2,1,1856]
s: 1866
i: [1,613,0,5,1,0,0,255] redefinition_k9_finseq_1
s: 613
r: 616
r: 615
d: [2,1868,1,2,1,1,40,661,1335]
a: [3,1873,1,2,1,1868]
s: 1873
i: [1,620,0,5,2,0,0,2] rc6_subset_1
s: 620
i: [1,621,0,5,2,0,0,3] fc9_card_1
s: 621
d: [2,1869,1,2,1,1,40,661,1370]
a: [3,1878,1,2,1,1869]
s: 1878
i: [1,623,0,5,2,0,0,3] rc4_card_1
s: 623
d: [2,1880,1,2,1,1,40,671,1200]
a: [3,1888,1,2,1,1880]
s: 1888
i: [1,627,0,5,2,0,0,3] rc1_subset_1
s: 627
i: [1,629,0,5,2,0,0,2] rc5_subset_1
s: 629
d: [2,1881,1,2,1,1,40,671,1310]
a: [3,1893,1,2,1,1881]
s: 1893
i: [1,630,0,5,2,0,0,2] rc5_subset_1
s: 630
d: [2,1882,1,2,1,1,40,671,1445]
a: [3,1898,1,2,1,1882]
s: 1898
i: [1,650,0,5,2,0,0,255] rc6_card_1
s: 650
i: [1,651,0,5,2,0,0,255] rc6_card_1
s: 651
d: [2,1883,1,2,1,1,40,671,1590]
a: [3,1903,1,2,1,1883]
s: 1903
i: [1,664,0,5,2,0,0,255] rc7_finseq_1
s: 664
d: [2,1884,1,2,1,1,40,671,1620]
a: [3,1908,1,2,1,1884]
s: 1908
i: [1,666,0,5,2,0,0,255] rc7_finseq_1
s: 666
i: [1,667,0,5,2,0,0,255] rc7_finseq_1
s: 667
d: [2,1910,1,2,1,1,40,672,1695]
a: [3,1920,1,2,1,1910]
s: 1920
i: [1,669,0,5,2,0,0,255] rc7_finseq_1
s: 669
d: [2,1911,1,2,1,1,40,672,1150]
a: [3,1925,1,2,1,1911]
s: 1925
i: [1,670,0,5,2,0,0,255] rc7_finseq_1
s: 670
i: [1,683,0,5,2,0,0,255] t6_boole
s: 683
d: [2,1916,1,2,1,1,40,672,1670]
a: [3,1930,1,2,1,1916]
s: 1930
i: [1,684,0,5,2,0,0,1] fc11_relat_1
s: 684
d: [2,1938,1,2,1,1,40,673,1695]
a: [3,1949,1,2,1,1938]
s: 1949
i: [1,685,0,5,2,0,0,255] cc8_card_1
s: 685
i: [1,692,0,5,2,0,0,255] cc7_card_1
s: 692
d: [2,1940,1,2,1,1,40,673,1150]
a: [3,1959,1,2,1,1940]
s: 1959
i: [1,693,0,5,2,0,0,2] cc9_card_1
s: 693
d: [2,1945,1,2,1,1,40,673,1670]
a: [3,1964,1,2,1,1945]
s: 1964
i: [1,694,0,5,2,0,0,2] cc9_card_1
s: 694
i: [1,695,0,5,2,0,0,3] cc1_xreal_0
s: 695
d: [2,1966,1,2,1,1,40,675,990]
a: [3,1974,1,2,1,1966]
s: 1974
i: [1,696,0,5,2,0,0,255] cc8_ordinal1
s: 696
d: [2,1968,1,2,1,1,40,675,1160]
a: [3,1979,1,2,1,1968]
s: 1979
i: [1,697,0,5,2,0,0,255] cc4_card_1
s: 697
i: [1,698,0,5,2,0,0,3] cc2_nat_1
s: 698
d: [2,1969,1,2,1,1,40,675,1405]
a: [3,1984,1,2,1,1969]
s: 1984
i: [1,768,0,5,2,0,0,255] t7_boole
s: 768
d: [2,1970,1,2,1,1,40,675,1415]
a: [3,1989,1,2,1,1970]
s: 1989
i: [1,777,0,5,1,0,0,3] rc2_subset_1
s: 777
i: [1,779,0,5,1,0,0,255] rc3_subset_1
s: 779
d: [2,1991,1,2,1,1,40,676,990]
a: [3,1999,1,2,1,1991]
s: 1999
i: [1,783,0,5,1,0,0,255] fc1_funct_1
s: 783
d: [2,1993,1,2,1,1,40,676,1160]
a: [3,2004,1,2,1,1993]
s: 2004
i: [1,784,0,5,1,0,0,255] fc5_relat_1
s: 784
i: [1,825,0,5,1,0,0,1] fc2_subset_1
s: 825
d: [2,1994,1,2,1,1,40,676,1405]
a: [3,2009,1,2,1,1994]
s: 2009
i: [1,826,0,5,1,0,0,1] fc20_finseq_1
s: 826
d: [2,1995,1,2,1,1,40,676,1415]
a: [3,2014,1,2,1,1995]
s: 2014
i: [1,827,0,5,1,0,0,1] fc11_finseq_1
s: 827
i: [1,829,0,5,1,0,0,1] fc9_finseq_1
s: 829
d: [2,2016,1,2,1,1,40,677,990]
a: [3,2024,1,2,1,2016]
s: 2024
i: [1,830,0,5,1,0,0,1] fc9_finseq_1
s: 830
d: [2,2018,1,2,1,1,40,677,1160]
a: [3,2029,1,2,1,2018]
s: 2029
i: [1,585,0,5,1,0,0,3] rqRealMult__k3_xcmplx_0__r2_r1_r2
a: [3,1010,0,5,1,585]
s: 1010
i: [1,586,0,5,1,0,0,2] rqRealMult__k3_xcmplx_0__r3_r1_r3
a: [3,1015,0,5,1,586]
s: 1015
d: [2,2019,1,2,1,1,40,677,1405]
a: [3,2034,1,2,1,2019]
s: 2034
i: [1,587,0,5,1,0,0,2] rqRealMult__k3_xcmplx_0__r1_r3_r3
a: [3,1020,0,5,1,587]
s: 1020
d: [2,2020,1,2,1,1,40,677,1415]
a: [3,2039,1,2,1,2020]
s: 2039
i: [1,588,0,5,1,0,0,3] rqRealMult__k3_xcmplx_0__r1_r2_r2
a: [3,1025,0,5,1,588]
s: 1025
i: [1,589,0,5,1,0,0,2] rqRealAdd__k2_xcmplx_0__r2_r1_r3
a: [3,1030,0,5,1,589]
s: 1030
d: [2,2043,1,2,1,1,40,678,990]
a: [3,2051,1,2,1,2043]
s: 2051
i: [1,590,0,5,1,0,0,2] rqRealAdd__k2_xcmplx_0__r1_r2_r3
a: [3,1035,0,5,1,590]
s: 1035
d: [2,2045,1,2,1,1,40,678,1160]
a: [3,2056,1,2,1,2045]
s: 2056
i: [1,591,0,5,1,0,0,3] rqRealAdd__k2_xcmplx_0__r1_r1_r2
a: [3,1040,0,5,1,591]
s: 1040
i: [1,592,0,5,1,0,0,3] rqRealMult__k3_xcmplx_0__r1_r1_r1
a: [3,1045,0,5,1,592]
s: 1045
d: [2,2046,1,2,1,1,40,678,1405]
a: [3,2061,1,2,1,2046]
s: 2061
d: [2,2281,0,5,2,1,22,696,995]
s: 2281
d: [2,2047,1,2,1,1,40,678,1415]
a: [3,2066,1,2,1,2047]
s: 2066
d: [2,2282,0,5,2,1,22,697,995]
s: 2282
i: [1,632,0,6,2,0,0,2] rc7_card_1
s: 632
d: [2,2068,1,2,1,1,40,679,990]
a: [3,2076,1,2,1,2068]
s: 2076
i: [1,634,0,6,2,0,0,255] rc4_subset_1
s: 634
d: [2,2070,1,2,1,1,40,679,1160]
a: [3,2081,1,2,1,2070]
s: 2081
i: [1,649,0,6,2,0,0,255] rc5_card_1
s: 649
i: [1,652,0,6,2,0,0,255] rc6_card_1
s: 652
d: [2,2071,1,2,1,1,40,679,1405]
a: [3,2086,1,2,1,2071]
s: 2086
i: [1,665,0,6,2,0,0,255] rc7_finseq_1
s: 665
d: [2,2072,1,2,1,1,40,679,1415]
a: [3,2091,1,2,1,2072]
s: 2091
i: [1,668,0,6,2,0,0,255] rc7_finseq_1
s: 668
i: [1,699,0,6,3,0,0,255] cc5_card_3
s: 699
d: [2,2095,1,2,1,1,40,680,990]
a: [3,2103,1,2,1,2095]
s: 2103
i: [1,706,0,6,3,0,0,255] cc2_ordinal1
s: 706
d: [2,2097,1,2,1,1,40,680,1160]
a: [3,2108,1,2,1,2097]
s: 2108
i: [1,711,0,6,3,0,0,4] cc6_card_1
s: 711
i: [1,714,0,6,3,0,0,255] cc5_xxreal_0
s: 714
d: [2,2098,1,2,1,1,40,680,1405]
a: [3,2113,1,2,1,2098]
s: 2113
i: [1,716,0,6,3,0,0,255] cc5_xxreal_0
s: 716
d: [2,2099,1,2,1,1,40,680,1415]
a: [3,2118,1,2,1,2099]
s: 2118
i: [1,717,0,6,3,0,0,255] cc3_xxreal_0
s: 717
i: [1,719,0,6,3,0,0,255] cc3_xxreal_0
s: 719
d: [2,2128,1,2,1,1,40,681,990]
a: [3,2136,1,2,1,2128]
s: 2136
i: [1,721,0,6,3,0,0,255] cc7_xxreal_0
s: 721
d: [2,2130,1,2,1,1,40,681,1160]
a: [3,2141,1,2,1,2130]
s: 2141
i: [1,722,0,6,3,0,0,255] cc7_xxreal_0
s: 722
i: [1,733,0,6,3,0,0,2] cc1_finseq_1
s: 733
d: [2,2131,1,2,1,1,40,681,1405]
a: [3,2146,1,2,1,2131]
s: 2146
d: [2,2666,0,4,2,0,21,733,682]
s: 2666
d: [2,2132,1,2,1,1,40,681,1415]
a: [3,2151,1,2,1,2132]
s: 2151
i: [1,735,0,6,3,0,0,2] cc4_finseq_1
s: 735
i: [1,764,0,6,2,0,0,255] t1_subset
s: 764
d: [2,2153,1,2,1,1,40,682,990]
a: [3,2161,1,2,1,2153]
s: 2161
i: [1,786,0,6,2,0,0,255] antisymmetry_r2_hidden
s: 786
d: [2,2155,1,2,1,1,40,682,1160]
a: [3,2166,1,2,1,2155]
s: 2166
i: [1,828,0,6,1,0,0,1] fc26_finseq_1
s: 828
i: [1,614,0,7,1,0,0,255] d5_finseq_1
s: 614
d: [2,2156,1,2,1,1,40,682,1405]
a: [3,2171,1,2,1,2156]
s: 2171
i: [1,619,0,7,2,0,0,2] rc6_subset_1
s: 619
d: [2,2157,1,2,1,1,40,682,1415]
a: [3,2176,1,2,1,2157]
s: 2176
i: [1,622,0,7,2,0,0,3] rc4_card_1
s: 622
i: [1,626,0,7,2,0,0,3] rc1_subset_1
s: 626
d: [2,2256,1,2,1,1,40,695,1100]
a: [3,2263,1,2,1,2256]
s: 2263
i: [1,628,0,7,2,0,0,2] rc5_subset_1
s: 628
d: [2,2257,1,2,1,1,40,695,1060]
a: [3,2268,1,2,1,2257]
s: 2268
i: [1,631,0,7,2,0,0,2] rc7_card_1
s: 631
i: [1,633,0,7,2,0,0,255] rc4_subset_1
s: 633
d: [2,2258,1,2,1,1,40,695,1080]
a: [3,2273,1,2,1,2258]
s: 2273
i: [1,641,0,7,3,0,0,255] cc10_finseq_1
s: 641
d: [2,2283,1,2,1,1,40,698,1105]
a: [3,2292,1,2,1,2283]
s: 2292
i: [1,644,0,7,2,0,0,255] t3_arithm
s: 644
i: [1,645,0,7,3,0,0,255] cc8_funct_1
s: 645
d: [2,2284,1,2,1,1,40,698,1716]
a: [3,2297,1,2,1,2284]
s: 2297
i: [1,646,0,7,3,0,0,255] cc8_funct_1
s: 646
d: [2,2285,1,2,1,1,40,698,1065]
a: [3,2302,1,2,1,2285]
s: 2302
i: [1,674,0,7,3,0,0,4] cc5_ordinal1
s: 674
i: [1,700,0,7,3,0,0,2] cc10_card_1
s: 700
d: [2,2286,1,2,1,1,40,698,1085]
a: [3,2307,1,2,1,2286]
s: 2307
i: [1,705,0,7,3,0,0,1] fc9_relat_1
s: 705
d: [2,2288,1,2,1,1,40,698,1665]
a: [3,2317,1,2,1,2288]
s: 2317
i: [1,710,0,7,3,0,0,1] fc25_relat_1
s: 710
i: [1,760,0,7,3,0,0,255] fc7_card_3
s: 760
d: [2,2336,1,2,1,2,40,2281,1105]
a: [3,2345,1,2,1,2336]
s: 2345
i: [1,761,0,7,3,0,0,255] fc14_funct_1
s: 761
d: [2,2338,1,2,1,2,40,2281,1065]
a: [3,2351,1,2,1,2338]
s: 2351
i: [1,766,0,7,2,0,0,255] t3_subset
s: 766
i: [1,767,0,7,3,0,0,1] t8_boole
s: 767
d: [2,2339,1,2,1,2,40,2281,1085]
a: [3,2356,1,2,1,2339]
s: 2356
i: [1,785,0,7,1,0,0,255] commutativity_k2_tarski
s: 785
d: [2,2365,1,2,1,2,40,2282,1105]
a: [3,2374,1,2,1,2365]
s: 2374
i: [1,635,0,8,3,0,0,255] cc10_ordinal1
s: 635
i: [1,638,0,8,3,0,0,255] cc8_card_3
s: 638
d: [2,2366,1,2,1,2,40,2282,1716]
a: [3,2379,1,2,1,2366]
s: 2379
i: [1,639,0,8,3,0,0,255] cc7_card_3
s: 639
d: [2,2367,1,2,1,2,40,2282,1065]
a: [3,2384,1,2,1,2367]
s: 2384
i: [1,642,0,8,3,0,0,255] cc11_finseq_1
s: 642
i: [1,643,0,8,3,0,0,2] cc5_subset_1
s: 643
d: [2,2368,1,2,1,2,40,2282,1085]
a: [3,2389,1,2,1,2368]
s: 2389
i: [1,647,0,8,3,0,0,255] cc9_funct_1
s: 647
d: [2,2438,1,5,2,0,40,649,694]
a: [3,2452,1,2,1,2438]
s: 2452
i: [1,686,0,8,3,0,0,3] cc1_subset_1
s: 686
i: [1,691,0,8,3,0,0,3] cc2_relat_1
s: 691
d: [2,2568,1,4,2,1,40,711,1310]
d: [2,2572,1,2,1,2,21,2568,1315]
a: [3,2576,1,2,1,2572]
s: 2576
i: [1,702,0,8,4,0,0,255] cc4_xxreal_0
s: 702
d: [2,2569,1,4,2,1,40,711,1445]
a: [3,2585,1,2,1,2569]
s: 2585
i: [1,704,0,8,4,0,0,255] cc6_xxreal_0
s: 704
i: [1,709,0,8,4,0,0,255] cc6_funct_1
s: 709
a: [3,2580,1,2,1,2569]
s: 2580
r: 2580
r: 2585
i: [1,712,0,8,4,0,0,255] cc8_xxreal_0
s: 712
a: [3,2581,1,2,1,2569]
s: 2581
i: [1,729,0,8,4,0,0,255] cc4_funct_1
s: 729
d: [2,3362,0,6,3,0,21,729,681]
d: [2,3363,0,4,2,0,21,3362,682]
s: 3363
a: [3,2584,1,2,1,2569]
s: 2584
i: [1,737,0,8,4,0,0,255] cc5_funct_1
s: 737
d: [2,2570,1,4,2,1,40,711,1590]
a: [3,2590,1,2,1,2570]
s: 2590
i: [1,749,0,8,4,0,0,255] cc6_finseq_1
s: 749
i: [1,752,0,8,4,0,0,2] cc2_finseq_1
s: 752
d: [2,2596,1,4,2,1,40,714,1335]
d: [2,2598,1,2,1,2,21,2596,1340]
a: [3,2602,1,2,1,2598]
s: 2602
i: [1,759,0,8,4,0,0,255] cc3_funcop_1
s: 759
d: [2,2597,1,4,2,1,40,714,1370]
d: [2,2604,1,2,1,2,21,2597,1375]
a: [3,2608,1,2,1,2604]
s: 2608
d: [2,3408,0,6,3,0,21,759,681]
d: [2,3409,0,4,2,0,21,3408,682]
s: 3409
i: [1,765,0,8,3,0,0,255] t2_subset
s: 765
d: [2,2622,1,4,2,1,40,716,1335]
d: [2,2624,1,2,1,2,21,2622,1340]
a: [3,2628,1,2,1,2624]
s: 2628
i: [1,799,0,8,3,0,0,3] fc6_xreal_0
s: 799
d: [2,2623,1,4,2,1,40,716,1370]
d: [2,2630,1,2,1,2,21,2623,1375]
a: [3,2634,1,2,1,2630]
s: 2634
i: [1,800,0,8,3,0,0,3] fc5_xreal_0
s: 800
i: [1,803,0,8,3,0,0,3] fc2_nat_1
s: 803
d: [2,2651,1,4,2,1,40,717,1355]
d: [2,2653,1,2,1,2,21,2651,1360]
a: [3,2657,1,2,1,2653]
s: 2657
i: [1,804,0,8,3,0,0,3] fc1_nat_1
s: 804
d: [2,2652,1,4,2,1,40,717,1380]
d: [2,2659,1,2,1,2,21,2652,1385]
a: [3,2663,1,2,1,2659]
s: 2663
i: [1,834,0,8,1,0,0,255] fc7_relat_1
s: 834
i: [1,687,0,9,3,0,0,255] cc4_subset_1
s: 687
d: [2,2668,1,2,1,1,40,2666,990]
a: [3,2676,1,2,1,2668]
s: 2676
i: [1,688,0,9,4,0,0,255] cc7_relat_1
s: 688
d: [2,2670,1,2,1,1,40,2666,1160]
a: [3,2681,1,2,1,2670]
s: 2681
i: [1,736,0,9,4,0,0,255] fc13_funct_1
s: 736
i: [1,742,0,9,4,0,0,255] fc12_funct_1
s: 742
d: [2,2671,1,2,1,1,40,2666,1405]
a: [3,2686,1,2,1,2671]
s: 2686
i: [1,744,0,9,4,0,0,255] cc7_finseq_1
s: 744
d: [2,2672,1,2,1,1,40,2666,1415]
a: [3,2691,1,2,1,2672]
s: 2691
i: [1,754,0,9,4,0,0,255] cc5_finseq_1
s: 754
i: [1,772,0,9,3,0,0,255] t5_subset
s: 772
d: [2,2734,1,5,2,1,40,641,1005]
a: [3,2760,1,2,1,2734]
s: 2760
i: [1,762,0,10,4,0,0,3] cc3_funct_1
s: 762
d: [2,2735,1,4,2,1,40,641,1100]
a: [3,2765,1,2,1,2735]
s: 2765
i: [1,763,0,10,1,0,0,255] d5_tarski
s: 763
i: [1,769,0,10,1,0,0,1] l15_finseq_2
s: 769
d: [2,3699,1,9,1,1,44,955,769]
d: [2,3705,1,0,0,1,19,3699]
e: 3705
d: [2,3698,1,0,0,1,52,955,769]
e: 3698
f: 3698,574
% Refutation found. Thanks to Tanya!
% SZS status Theorem for finseq_2__t128_finseq_2
% SZS output start Proof for finseq_2__t128_finseq_2
1. ! [X0] : ! [X1] : ! [X2] : k10_xtuple_0(k11_finseq_1(X0,X1,X2)) = k1_enumset1(X0,X1,X2) [input t128_finseq_2]
2. ~! [X0] : ! [X1] : ! [X2] : k10_xtuple_0(k11_finseq_1(X0,X1,X2)) = k1_enumset1(X0,X1,X2) [negated conjecture 1]
233. ! [X0] : ! [X1] : ! [X2] : k10_xtuple_0(k11_finseq_1(X0,X1,X2)) = k1_enumset1(X0,X1,X2) [input l15_finseq_2]
238. ~! [X0,X1,X2] : k10_xtuple_0(k11_finseq_1(X0,X1,X2)) = k1_enumset1(X0,X1,X2) [flattening 2]
245. ! [X0,X1,X2] : k10_xtuple_0(k11_finseq_1(X0,X1,X2)) = k1_enumset1(X0,X1,X2) [flattening 233]
266. ? [X0,X1,X2] : k10_xtuple_0(k11_finseq_1(X0,X1,X2)) != k1_enumset1(X0,X1,X2) [ennf transformation 238]
467. ? [X0,X1,X2] : k10_xtuple_0(k11_finseq_1(X0,X1,X2)) != k1_enumset1(X0,X1,X2) => k10_xtuple_0(k11_finseq_1(sK0,sK1,sK2)) != k1_enumset1(sK0,sK1,sK2) [choice axiom]
468. k10_xtuple_0(k11_finseq_1(sK0,sK1,sK2)) != k1_enumset1(sK0,sK1,sK2) [skolemisation 266,467]
574. k10_xtuple_0(k11_finseq_1(sK0,sK1,sK2)) != k1_enumset1(sK0,sK1,sK2) [cnf transformation 468] {a:0,w:10,wCS:1000,goal:1,sine:0,thAx:0,allAx:2,thDist:-2}
769. k10_xtuple_0(k11_finseq_1(X0,X1,X2)) = k1_enumset1(X0,X1,X2) [cnf transformation 245] {a:0,w:10,wCS:4000,nSel:1,sine:1,thAx:0,allAx:1,thDist:-1}
953. 1 <=> k10_xtuple_0(k11_finseq_1(sK0,sK1,sK2)) = k1_enumset1(sK0,sK1,sK2) [avatar definition]
955. k10_xtuple_0(k11_finseq_1(sK0,sK1,sK2)) != k1_enumset1(sK0,sK1,sK2) <- (~1) [avatar component clause 953] {a:0,w:10,wCS:1000,nSel:1,goal:1,sine:255,thAx:0,allAx:2,thDist:-2}
956. ~1 [avatar split clause 574,953]
3698. $false <- (~1) [unit resulting resolution 955,769] {a:1,w:0,goal:1,sine:1,thAx:0,allAx:3,thDist:-3}
3707. 1 [avatar contradiction clause 3698]
3713. $false [avatar sat refutation 956,3707] {a:0,w:0,goal:1,sine:0,thAx:0,allAx:1906,thDist:-1906}
% SZS output end Proof for finseq_2__t128_finseq_2
% ------------------------------
% Version: Vampire 4.5.1 (commit 226f88162 on 2021-09-12 20:13:44 +0200)
% Termination reason: Refutation

% >>> Input
% Input formulas: 236
% >>> Preprocessing
% Introduced skolems: 55
% Pure predicates: 8
% Unused predicate definitions: 1
% 
% >>> Saturation
% Initial clauses: 378
% Generated clauses: 1484
% Active clauses: 392
% Passive clauses: 776
% Final active clauses: 383
% Final passive clauses: 366
% Main loop iterations started: 406
% 
% >>> Simplifying Inferences
% Duplicate literals: 9
% Trivial inequalities: 1
% Fw subsumption resolutions: 69
% Fw demodulations: 3
% Bw demodulations: 7
% 
% >>> Deletion Inferences
% Simple tautologies: 69
% Forward subsumptions: 139
% 
% >>> Generating Inferences
% Binary resolution: 593
% Unit resulting resolution: 1
% Forward superposition: 40
% Backward superposition: 17
% Self superposition: 2
% 
% >>> AVATAR
% Split clauses: 68
% Split components: 142
% Sat splitting refutations: 2
% 
% >>> SAT Solver Statistics
% SAT solver clauses: 432
% SAT solver unit clauses: 150
% SAT solver binary clauses: 179
% 
% Memory used [KB]: 11897
% Time elapsed: 0.015 s
% ------------------------------
% ------------------------------
% Time measurement results:
% parsing: 0.001 s
% preprocessing: 0.001 s
% SAT solver time: 0.001 s
% minimizing solver time: 0.001 s
% congruence closure: 0.004 s ( own 0.003 s ) 
% forward subsumption resolution: 0.001 s
% unit resulting resolution: 0.001 s
% superposition: 0.001 s
% other: 0.015 s ( own 0.005 s ) 

