i: [1,249,0,3,1,1,0,0] t87_arytm_3
a: [3,382,0,3,1,249]
s: 382
i: [1,248,0,3,1,1,0,0] t87_arytm_3
a: [3,387,0,3,1,248]
s: 387
i: [1,247,0,3,1,1,0,0] t87_arytm_3
a: [3,392,0,3,1,247]
s: 392
i: [1,250,0,5,1,1,0,0] t87_arytm_3
a: [3,377,0,5,1,250]
s: 377
i: [1,252,0,2,1,0,0,255] spc1_boole
a: [3,397,0,2,1,252]
s: 397
i: [1,253,0,2,1,0,0,1] fc3_arytm_3
a: [3,402,0,2,1,253]
s: 402
i: [1,254,0,2,1,0,0,3] fc1_xboole_0
a: [3,407,0,2,1,254]
s: 407
i: [1,262,0,2,1,0,0,4] fc6_ordinal1
a: [3,442,0,2,1,262]
s: 442
i: [1,261,0,2,1,0,0,4] fc6_ordinal1
a: [3,447,0,2,1,261]
s: 447
i: [1,357,0,2,1,0,0,2] rc2_xboole_0
a: [3,467,0,2,1,357]
s: 467
i: [1,358,0,2,1,0,0,5] rc4_ordinal1
a: [3,472,0,2,1,358]
s: 472
i: [1,359,0,2,1,0,0,2] rc1_ordinal1
a: [3,477,0,2,1,359]
s: 477
i: [1,360,0,2,1,0,0,2] rc1_xboole_0
a: [3,482,0,2,1,360]
s: 482
i: [1,364,0,2,1,0,0,255] rc2_ordinal1
a: [3,487,0,2,1,364]
s: 487
i: [1,363,0,2,1,0,0,255] rc2_ordinal1
a: [3,492,0,2,1,363]
s: 492
i: [1,362,0,2,1,0,0,255] rc2_ordinal1
a: [3,497,0,2,1,362]
s: 497
i: [1,361,0,2,1,0,0,255] rc2_ordinal1
a: [3,502,0,2,1,361]
s: 502
i: [1,366,0,2,1,0,0,5] rc5_ordinal1
a: [3,507,0,2,1,366]
s: 507
i: [1,365,0,2,1,0,0,5] rc5_ordinal1
a: [3,512,0,2,1,365]
s: 512
i: [1,369,0,2,1,0,0,1] rc1_arytm_3
a: [3,517,0,2,1,369]
s: 517
i: [1,368,0,2,1,0,0,1] rc1_arytm_3
a: [3,522,0,2,1,368]
s: 522
i: [1,371,0,2,1,0,0,1] rc2_arytm_3
a: [3,532,0,2,1,371]
s: 532
i: [1,266,0,3,1,0,0,255] fc2_xboole_0
s: 266
i: [1,267,0,3,1,0,0,255] fc1_subset_1
s: 267
i: [1,322,0,3,1,0,0,255] rc2_subset_1
s: 322
i: [1,325,0,3,1,0,0,255] reflexivity_r1_tarski
s: 325
i: [1,255,0,3,1,0,0,2] redefinition_k11_arytm_3
a: [3,412,0,3,1,255]
s: 412
r: 407
d: [2,539,0,2,1,2,23,407,412]
a: [3,543,0,2,1,539]
s: 543
i: [1,256,0,3,1,0,0,255] redefinition_k5_numbers
a: [3,417,0,3,1,256]
s: 417
i: [1,257,0,3,1,0,0,2] dt_k11_arytm_3
a: [3,422,0,3,1,257]
s: 422
i: [1,258,0,3,1,0,0,3] t1_numerals
a: [3,427,0,3,1,258]
s: 427
i: [1,265,0,3,1,0,0,255] spc1_numerals
a: [3,452,0,3,1,265]
s: 452
i: [1,264,0,3,1,0,0,255] spc1_numerals
a: [3,457,0,3,1,264]
s: 457
i: [1,367,0,3,1,0,0,1] rc1_arytm_3
a: [3,527,0,3,1,367]
s: 527
i: [1,370,0,3,1,0,0,1] rc2_arytm_3
a: [3,537,0,3,1,370]
s: 537
d: [2,545,0,3,1,2,22,427,412]
a: [3,549,0,3,1,545]
s: 549
d: [2,551,0,3,1,2,22,457,417]
a: [3,555,0,3,1,551]
s: 555
i: [1,278,0,4,2,0,0,5] cc6_ordinal1
s: 278
d: [2,557,1,2,1,1,40,278,472]
a: [3,562,1,2,1,557]
s: 562
i: [1,279,0,4,2,0,0,255] cc1_ordinal1
s: 279
i: [1,280,0,4,2,0,0,255] cc1_ordinal1
s: 280
d: [2,558,1,2,1,1,40,278,507]
a: [3,567,1,2,1,558]
s: 567
i: [1,283,0,4,2,0,0,255] cc9_ordinal1
s: 283
d: [2,569,1,2,1,1,40,279,442]
a: [3,577,1,2,1,569]
s: 577
i: [1,284,0,4,2,0,0,5] cc7_ordinal1
s: 284
i: [1,285,0,4,2,0,0,2] cc3_ordinal1
s: 285
d: [2,571,1,2,1,1,40,279,477]
a: [3,587,1,2,1,571]
s: 587
i: [1,320,0,4,1,0,0,1] existence_m1_subset_1
s: 320
d: [2,573,1,2,1,1,40,279,517]
a: [3,592,1,2,1,573]
s: 592
i: [1,324,0,4,1,0,0,255] rc3_subset_1
s: 324
i: [1,326,0,4,1,0,0,255] fc3_xboole_0
s: 326
d: [2,594,1,2,1,1,40,280,442]
a: [3,602,1,2,1,594]
s: 602
i: [1,259,0,4,1,0,0,255] dt_k5_numbers
a: [3,432,0,4,1,259]
s: 432
d: [2,596,1,2,1,1,40,280,477]
a: [3,612,1,2,1,596]
s: 612
i: [1,263,0,4,1,0,0,255] spc1_numerals
a: [3,462,0,4,1,263]
s: 462
d: [2,688,0,4,1,2,22,432,417]
a: [3,692,0,4,1,688]
s: 692
d: [2,598,1,2,1,1,40,280,517]
a: [3,617,1,2,1,598]
s: 617
d: [2,694,0,4,1,2,22,462,417]
a: [3,698,0,4,1,694]
s: 698
d: [2,631,1,2,1,1,40,283,543]
a: [3,638,1,2,1,631]
s: 638
i: [1,251,0,17,5,1,0,0] t87_arytm_3
s: 251
i: [1,268,0,5,1,0,0,255] t4_boole
s: 268
d: [2,633,1,2,1,1,40,283,482]
a: [3,643,1,2,1,633]
s: 643
i: [1,269,0,5,1,0,0,255] t3_boole
s: 269
d: [2,634,1,2,1,1,40,283,532]
a: [3,648,1,2,1,634]
s: 648
i: [1,270,0,5,1,0,0,255] t1_boole
s: 270
i: [1,274,0,5,2,0,0,255] rc1_subset_1
s: 274
d: [2,650,1,2,1,1,40,284,543]
a: [3,657,1,2,1,650]
s: 657
i: [1,286,0,5,2,0,0,3] t6_boole
s: 286
d: [2,652,1,2,1,1,40,284,482]
a: [3,662,1,2,1,652]
s: 662
i: [1,289,0,5,2,0,0,4] cc8_ordinal1
s: 289
i: [1,315,0,5,2,0,0,255] t7_boole
s: 315
d: [2,653,1,2,1,1,40,284,532]
a: [3,667,1,2,1,653]
s: 667
i: [1,321,0,5,1,0,0,255] rc2_subset_1
s: 321
d: [2,669,1,2,1,1,40,285,543]
a: [3,676,1,2,1,669]
s: 676
i: [1,323,0,5,1,0,0,255] rc3_subset_1
s: 323
i: [1,327,0,5,1,0,0,255] idempotence_k2_xboole_0
s: 327
d: [2,671,1,2,1,1,40,285,482]
a: [3,681,1,2,1,671]
s: 681
d: [2,700,0,5,1,1,22,268,412]
s: 700
d: [2,672,1,2,1,1,40,285,532]
a: [3,686,1,2,1,672]
s: 686
d: [2,701,0,5,1,1,22,269,412]
s: 701
d: [2,702,0,5,1,1,22,270,412]
s: 702
d: [2,709,1,2,1,1,40,289,555]
a: [3,714,1,2,1,709]
s: 714
d: [2,705,0,5,2,1,22,286,412]
s: 705
d: [2,570,2,2,1,1,40,279,562]
a: [3,582,2,2,1,570]
s: 582
i: [1,276,0,6,2,0,0,255] rc4_subset_1
s: 276
i: [1,290,0,6,2,0,0,1] t64_arytm_3
s: 290
d: [2,776,1,3,1,1,40,290,392]
a: [3,790,1,3,1,776]
s: 790
i: [1,300,0,6,3,0,0,255] cc2_ordinal1
s: 300
d: [2,777,1,3,1,1,40,290,387]
a: [3,795,1,3,1,777]
s: 795
i: [1,311,0,6,2,0,0,255] t1_subset
s: 311
i: [1,328,0,6,1,0,0,255] dt_k6_subset_1
s: 328
d: [2,778,1,3,1,1,40,290,382]
a: [3,800,1,3,1,778]
s: 800
i: [1,332,0,6,2,0,0,255] fc4_xboole_0
s: 332
d: [2,817,2,5,2,2,44,790,705]
s: 817
i: [1,333,0,6,2,0,0,255] fc5_xboole_0
s: 333
i: [1,334,0,6,2,0,0,255] antisymmetry_r2_hidden
s: 334
d: [2,822,2,5,2,2,44,795,705]
s: 822
i: [1,273,0,7,2,0,0,255] rc1_subset_1
s: 273
d: [2,823,2,5,2,2,44,800,705]
s: 823
i: [1,275,0,7,2,0,0,255] rc4_subset_1
s: 275
i: [1,281,0,7,3,0,0,2] cc2_ordinal2
s: 281
d: [2,830,1,4,2,1,40,281,392]
a: [3,847,1,2,1,830]
s: 847
i: [1,282,0,7,3,0,0,2] cc5_ordinal1
s: 282
d: [2,595,2,2,1,1,40,280,562]
a: [3,607,2,2,1,595]
s: 607
i: [1,291,0,7,2,0,0,255] dt_k6_arytm_3
s: 291
i: [1,292,0,7,2,0,0,255] dt_k7_arytm_3
s: 292
d: [2,619,2,2,1,1,40,567,280]
a: [3,624,2,2,1,619]
s: 624
i: [1,295,0,7,3,0,0,5] cc1_arytm_3
s: 295
a: [3,850,1,2,1,830]
s: 850
i: [1,301,0,7,2,0,0,255] fraenkel_a_0_1_arytm_3
s: 301
i: [1,304,0,7,2,0,0,255] fraenkel_a_0_0_arytm_3
s: 304
d: [2,831,1,4,2,1,40,281,387]
a: [3,855,1,2,1,831]
s: 855
i: [1,305,0,7,2,0,0,255] fraenkel_a_0_0_arytm_3
s: 305
d: [2,832,1,4,2,1,40,281,382]
a: [3,860,1,2,1,832]
s: 860
i: [1,308,0,7,2,0,0,255] fraenkel_a_0_0_arytm_3
s: 308
i: [1,313,0,7,2,0,0,255] t3_subset
s: 313
d: [2,882,1,4,2,1,40,295,527]
d: [2,900,1,2,1,2,21,882,517]
a: [3,904,1,2,1,900]
s: 904
i: [1,314,0,7,3,0,0,1] t8_boole
s: 314
d: [2,620,2,2,1,1,40,567,279]
a: [3,629,2,2,1,620]
s: 629
i: [1,316,0,7,2,0,0,255] t2_tarski
s: 316
i: [1,329,0,7,1,0,0,255] redefinition_k6_subset_1
s: 329
d: [2,723,2,2,1,1,40,676,280]
a: [3,728,2,2,1,723]
s: 728
i: [1,330,0,7,1,0,0,255] commutativity_k2_tarski
s: 330
d: [2,724,2,2,1,1,40,676,279]
a: [3,733,2,2,1,724]
s: 733
i: [1,331,0,7,1,0,0,255] commutativity_k2_xboole_0
s: 331
i: [1,260,0,7,1,0,0,255] d7_arytm_3
a: [3,437,0,7,1,260]
s: 437
d: [2,735,2,2,1,1,40,681,280]
a: [3,740,2,2,1,735]
s: 740
d: [2,924,0,7,2,1,22,308,412]
s: 924
d: [2,736,2,2,1,1,40,681,279]
a: [3,745,2,2,1,736]
s: 745
i: [1,277,0,8,3,0,0,255] cc10_ordinal1
s: 277
i: [1,287,0,8,3,0,0,255] cc1_subset_1
s: 287
d: [2,963,1,4,2,1,40,277,692]
a: [3,973,1,2,1,963]
s: 973
i: [1,293,0,8,2,0,0,2] t50_arytm_3
s: 293
d: [2,980,1,4,2,1,40,287,692]
d: [2,987,1,2,1,2,21,980,447]
a: [3,991,1,2,1,987]
s: 991
i: [1,307,0,8,2,0,0,255] fraenkel_a_0_0_arytm_3
s: 307
i: [1,312,0,8,3,0,0,255] t2_subset
s: 312
d: [2,1000,1,5,2,1,40,312,392]
d: [2,1026,1,3,1,2,21,1000,402]
a: [3,1030,1,3,1,1026]
s: 1030
i: [1,339,0,8,3,0,0,255] fc5_ordinal2
s: 339
d: [2,1001,1,5,2,1,40,312,387]
d: [2,1032,1,3,1,2,21,1001,402]
a: [3,1036,1,3,1,1032]
s: 1036
i: [1,340,0,8,3,0,0,255] fc5_ordinal2
s: 340
i: [1,350,0,8,3,0,0,255] dt_k10_ordinal2
s: 350
d: [2,1002,1,5,2,1,40,312,382]
d: [2,1038,1,3,1,2,21,1002,402]
a: [3,1042,1,3,1,1038]
s: 1042
i: [1,351,0,8,3,0,0,255] dt_k11_ordinal2
s: 351
d: [2,1091,2,3,1,1,40,1030,334]
a: [3,1097,2,3,1,1091]
s: 1097
i: [1,352,0,8,3,0,0,255] fc1_ordinal3
s: 352
i: [1,372,0,8,2,0,0,255] fraenkel_a_0_1_arytm_3
s: 372
d: [2,1101,2,3,1,1,40,1036,334]
a: [3,1107,2,3,1,1101]
s: 1107
i: [1,288,0,9,3,0,0,255] cc4_subset_1
s: 288
d: [2,1112,2,3,1,1,40,1042,334]
a: [3,1118,2,3,1,1112]
s: 1118
i: [1,302,0,9,2,0,0,255] fraenkel_a_0_1_arytm_3
s: 302
i: [1,319,0,9,3,0,0,255] t5_subset
s: 319
d: [2,1128,1,8,3,1,44,352,437]
d: [2,1130,1,6,2,2,21,1128,847]
d: [2,1131,1,4,1,3,21,1130,442]
a: [3,1135,1,4,1,1131]
s: 1135
i: [1,306,0,10,2,0,0,255] fraenkel_a_0_0_arytm_3
s: 306
d: [2,1139,1,5,2,0,40,372,315]
a: [3,1143,1,2,1,1139]
s: 1143
i: [1,310,0,10,1,0,0,255] d5_tarski
s: 310
i: [1,317,0,10,3,0,0,255] t2_tarski
s: 317
d: [2,747,2,2,1,1,40,686,280]
a: [3,752,2,2,1,747]
s: 752
i: [1,318,0,10,3,0,0,255] t4_subset
s: 318
d: [2,748,2,2,1,1,40,686,279]
a: [3,757,2,2,1,748]
s: 757
i: [1,353,0,10,4,0,0,255] symmetry_r1_arytm_3
s: 353
i: [1,271,0,11,4,0,0,255] cc3_subset_1
s: 271
d: [2,759,2,2,1,1,40,714,278]
a: [3,763,2,2,1,759]
s: 763
i: [1,272,0,11,4,0,0,255] cc2_subset_1
s: 272
d: [2,1196,3,2,1,1,40,763,280]
a: [3,1201,3,2,1,1196]
s: 1201
i: [1,354,0,11,3,0,0,1] dt_k9_arytm_3
s: 354
i: [1,341,0,12,5,0,0,255] dt_k8_ordinal3
s: 341
d: [2,1197,3,2,1,1,40,763,279]
a: [3,1206,3,2,1,1197]
s: 1206
d: [2,1216,0,10,4,0,21,341,278]
d: [2,1217,0,8,3,0,21,1216,278]
s: 1217
d: [2,994,1,18,6,0,44,251,293]
d: [2,995,1,15,5,0,18,994]
d: [2,996,1,12,4,1,21,995,800]
d: [2,997,1,9,3,2,21,996,422]
s: 997
i: [1,342,0,12,5,0,0,255] dt_k9_ordinal3
s: 342
d: [2,1227,0,10,4,0,21,342,278]
d: [2,1228,0,8,3,0,21,1227,278]
s: 1228
d: [2,1220,2,6,2,2,47,997]
d: [2,1221,2,3,1,3,21,1220,392]
a: [3,1225,2,3,1,1221]
s: 1225
i: [1,348,0,12,5,0,0,255] fc4_ordinal3
s: 348
d: [2,1231,3,2,1,3,40,1225,822]
a: [3,1235,3,2,1,1231]
s: 1235
i: [1,349,0,12,5,0,0,255] fc4_ordinal3
s: 349
d: [2,1237,0,10,4,0,21,349,278]
d: [2,1238,0,8,3,0,21,1237,278]
s: 1238
d: [2,632,1,3,1,0,40,283,322]
s: 632
i: [1,356,0,12,4,0,0,1] connectedness_r3_arytm_3
s: 356
d: [2,1242,1,9,3,1,40,356,392]
s: 1242
i: [1,343,0,13,5,0,0,255] dt_k8_arytm_3
s: 343
d: [2,1304,0,11,4,0,21,343,278]
d: [2,1305,0,9,3,0,21,1304,278]
s: 1305
d: [2,1250,2,6,2,1,40,1242,392]
d: [2,1256,2,3,1,1,18,1250]
a: [3,1260,2,3,1,1256]
s: 1260
i: [1,355,0,13,3,0,0,1] commutativity_k9_arytm_3
s: 355
d: [2,1251,2,6,2,2,40,1242,387]
d: [2,1262,2,3,1,3,21,1251,1225]
a: [3,1266,2,3,1,1262]
s: 1266
i: [1,338,0,14,4,0,0,255] existence_m2_subset_1
s: 338
d: [2,1333,0,12,3,0,21,338,287]
s: 1333
d: [2,1252,2,6,2,2,40,1242,382]
a: [3,1271,2,3,1,1252]
s: 1271
i: [1,335,0,15,5,0,0,255] dt_m2_subset_1
s: 335
d: [2,1253,2,6,2,2,40,1242,527]
a: [3,1280,2,3,1,1253]
s: 1280
d: [2,1334,0,13,4,0,21,335,287]
s: 1334
i: [1,336,0,15,5,0,0,255] redefinition_m2_subset_1
s: 336
d: [2,1254,2,6,2,2,40,1242,537]
a: [3,1289,2,3,1,1254]
s: 1289
d: [2,1338,0,13,4,0,21,336,287]
s: 1338
d: [2,1255,2,8,2,1,40,1242,320]
a: [3,1298,2,4,1,1255]
s: 1298
i: [1,337,0,15,5,0,0,255] redefinition_m2_subset_1
s: 337
d: [2,1342,0,13,4,0,21,337,287]
s: 1342
d: [2,1243,1,9,3,1,40,356,387]
s: 1243
i: [1,344,0,15,5,0,0,255] redefinition_k8_ordinal3
s: 344
d: [2,1357,2,6,2,1,40,1243,387]
d: [2,1362,2,3,1,1,18,1357]
a: [3,1366,2,3,1,1362]
s: 1366
d: [2,1404,0,13,4,0,21,344,278]
d: [2,1405,0,11,3,0,21,1404,278]
s: 1405
i: [1,345,0,15,5,0,0,255] commutativity_k8_ordinal3
s: 345
d: [2,1358,2,6,2,2,40,1243,382]
a: [3,1371,2,3,1,1358]
s: 1371
d: [2,1411,0,13,4,0,21,345,278]
d: [2,1412,0,11,3,0,21,1411,278]
s: 1412
d: [2,1359,2,6,2,2,40,1243,527]
a: [3,1380,2,3,1,1359]
s: 1380
i: [1,346,0,15,5,0,0,255] redefinition_k9_ordinal3
s: 346
d: [2,1417,0,13,4,0,21,346,278]
d: [2,1418,0,11,3,0,21,1417,278]
s: 1418
d: [2,1360,2,6,2,2,40,1243,537]
a: [3,1389,2,3,1,1360]
s: 1389
i: [1,347,0,15,5,0,0,255] commutativity_k9_ordinal3
s: 347
d: [2,1361,2,8,2,1,40,1243,320]
a: [3,1398,2,4,1,1361]
s: 1398
d: [2,1422,0,13,4,0,21,347,278]
d: [2,1423,0,11,3,0,21,1422,278]
s: 1423
i: [1,373,0,17,5,0,0,255] fraenkel_a_0_0_arytm_3
s: 373
d: [2,1244,1,9,3,1,40,356,382]
s: 1244
d: [2,1428,0,17,5,1,22,373,412]
s: 1428
d: [2,1434,2,6,2,1,40,1244,382]
d: [2,1438,2,3,1,1,18,1434]
a: [3,1442,2,3,1,1438]
s: 1442
i: [1,297,0,23,6,0,0,1] t86_arytm_3
s: 297
i: [1,299,0,23,6,0,0,1] t86_arytm_3
s: 299
d: [2,1435,2,6,2,2,40,1244,527]
a: [3,1447,2,3,1,1435]
s: 1447
i: [1,298,0,25,6,0,0,1] t86_arytm_3
s: 298
d: [2,1436,2,6,2,2,40,1244,537]
a: [3,1456,2,3,1,1436]
s: 1456
i: [1,296,0,27,3,0,0,255] d11_arytm_3
s: 296
d: [2,1473,1,14,5,1,40,1428,315]
a: [3,1479,1,2,1,1473]
s: 1479
d: [2,1437,2,8,2,1,40,1244,320]
a: [3,1465,2,4,1,1437]
s: 1465
d: [2,651,1,3,1,0,40,284,322]
s: 651
d: [2,670,1,3,1,0,40,285,322]
s: 670
d: [2,710,1,3,1,0,40,289,320]
a: [3,719,1,3,1,710]
s: 719
d: [2,775,1,3,1,1,40,290,422]
a: [3,785,1,3,1,775]
s: 785
d: [2,779,1,3,1,1,40,290,527]
a: [3,805,1,3,1,779]
s: 805
d: [2,780,1,3,1,1,40,290,537]
a: [3,810,1,3,1,780]
s: 810
d: [2,884,1,6,2,0,40,295,320]
a: [3,913,1,3,1,884]
s: 913
d: [2,999,1,5,2,1,40,312,422]
d: [2,1020,1,3,1,2,21,999,402]
a: [3,1024,1,3,1,1020]
s: 1024
d: [2,1003,1,5,2,1,40,312,527]
d: [2,1044,1,3,1,2,21,1003,402]
a: [3,1048,1,3,1,1044]
s: 1048
d: [2,1004,1,5,2,1,40,312,537]
d: [2,1050,1,3,1,2,21,1004,402]
a: [3,1054,1,3,1,1050]
s: 1054
d: [2,1014,1,5,2,1,40,312,549]
d: [2,1070,1,3,1,2,21,1014,447]
a: [3,1074,1,3,1,1070]
s: 1074
d: [2,1015,1,5,2,1,40,312,555]
d: [2,1076,1,3,1,2,21,1015,447]
a: [3,1080,1,3,1,1076]
s: 1080
d: [2,1019,1,5,2,1,40,312,452]
d: [2,1085,1,3,1,2,21,1019,991]
a: [3,1089,1,3,1,1085]
s: 1089
d: [2,1474,1,20,6,1,44,1428,302]
d: [2,1484,1,17,5,2,21,1474,555]
d: [2,1485,1,13,4,2,21,1484,301]
a: [3,1488,1,3,1,1485]
s: 1488
d: [2,1518,2,3,1,0,40,651,278]
s: 1518
d: [2,781,1,4,1,0,40,290,320]
a: [3,815,1,4,1,781]
s: 815
d: [2,1519,2,3,1,0,40,670,280]
s: 1519
d: [2,1006,1,7,2,1,40,312,692]
d: [2,1057,1,4,1,1,21,1006,267]
a: [3,1061,1,4,1,1057]
s: 1061
d: [2,1172,1,4,1,0,44,326,310]
s: 1172
d: [2,1520,2,3,1,0,40,670,279]
s: 1520
d: [2,1319,1,23,7,0,44,251,355]
d: [2,1322,1,17,5,0,18,1319]
s: 1322
d: [2,1592,2,18,6,0,44,1322,293]
d: [2,1599,2,15,5,0,18,1592]
d: [2,1600,2,12,4,1,21,1599,795]
d: [2,1601,2,9,3,2,21,1600,422]
s: 1601
d: [2,1316,1,23,7,0,44,251,355]
d: [2,1325,1,17,5,0,18,1316]
s: 1325
d: [2,766,1,5,2,2,44,422,705]
s: 766
a: [3,1274,2,3,1,1252]
s: 1274
d: [2,768,1,5,2,2,44,549,705]
s: 768
d: [2,1521,2,3,1,1,40,719,278]
a: [3,1525,2,3,1,1521]
s: 1525
d: [2,828,1,5,2,0,40,281,320]
s: 828
d: [2,930,1,5,1,1,44,329,700]
s: 930
d: [2,1530,2,3,1,1,40,1024,334]
a: [3,1537,2,3,1,1530]
s: 1537
d: [2,931,1,5,1,1,44,329,701]
s: 931
d: [2,1539,2,3,1,1,40,1048,334]
a: [3,1545,2,3,1,1539]
s: 1545
d: [2,932,1,5,1,1,44,700,329]
s: 932
d: [2,933,1,5,1,1,44,701,329]
s: 933
d: [2,1547,2,3,1,1,40,1054,334]
a: [3,1553,2,3,1,1547]
s: 1553
d: [2,939,1,5,1,1,44,331,702]
s: 939
d: [2,1555,2,3,1,1,40,1074,334]
a: [3,1562,2,3,1,1555]
s: 1562
d: [2,940,1,5,1,1,44,331,702]
s: 940
d: [2,941,1,5,1,1,44,702,331]
s: 941
d: [2,1564,2,3,1,1,40,1080,334]
a: [3,1570,2,3,1,1564]
s: 1570
d: [2,944,1,5,1,1,44,702,331]
s: 944
d: [2,1572,2,3,1,1,40,1089,334]
a: [3,1578,2,3,1,1572]
s: 1578
d: [2,967,1,5,2,0,40,277,321]
s: 967
d: [2,968,1,5,2,0,40,277,323]
s: 968
d: [2,1620,3,3,1,1,40,1525,280]
a: [3,1625,3,3,1,1620]
s: 1625
d: [2,985,1,5,2,0,40,287,323]
s: 985
d: [2,1621,3,3,1,1,40,1525,279]
a: [3,1630,3,3,1,1621]
s: 1630
d: [2,1010,1,8,2,0,40,312,321]
d: [2,1066,1,5,1,0,21,1010,267]
s: 1066
d: [2,1011,1,8,2,0,40,312,323]
d: [2,1067,1,5,1,0,21,1011,267]
s: 1067
d: [2,1306,2,14,4,1,40,1305,1242]
s: 1306
d: [2,1190,1,9,3,0,40,271,323]
d: [2,1195,1,5,2,0,21,1190,324]
s: 1195
d: [2,1354,2,14,4,1,40,1243,1305]
s: 1354
d: [2,839,1,6,2,0,40,281,321]
s: 839
d: [2,840,1,6,2,0,40,281,323]
s: 840
d: [2,1430,2,14,4,1,40,1244,1305]
s: 1430
d: [2,871,1,6,2,0,40,291,289]
s: 871
d: [2,1672,2,3,1,1,40,871,392]
a: [3,1687,2,3,1,1672]
s: 1687
d: [2,872,1,8,3,0,40,291,281]
d: [2,873,1,6,2,1,21,872,442]
s: 873
d: [2,874,1,6,2,0,40,292,289]
s: 874
d: [2,1673,2,3,1,1,40,871,387]
a: [3,1692,2,3,1,1673]
s: 1692
d: [2,875,1,8,3,0,40,292,281]
d: [2,876,1,6,2,1,21,875,442]
s: 876
d: [2,1674,2,3,1,1,40,871,382]
a: [3,1697,2,3,1,1674]
s: 1697
d: [2,915,1,6,2,0,40,301,289]
s: 915
d: [2,916,1,8,3,0,40,301,281]
d: [2,917,1,6,2,1,21,916,442]
s: 917
d: [2,1725,2,3,1,2,40,873,387]
a: [3,1740,2,3,1,1725]
s: 1740
d: [2,918,1,6,2,0,40,304,289]
s: 918
d: [2,1726,2,3,1,2,40,873,382]
a: [3,1745,2,3,1,1726]
s: 1745
d: [2,919,1,8,3,0,40,304,281]
d: [2,920,1,6,2,1,21,919,442]
s: 920
d: [2,921,1,6,2,0,40,305,289]
s: 921
d: [2,1766,2,3,1,1,40,874,392]
a: [3,1781,2,3,1,1766]
s: 1781
d: [2,922,1,8,3,0,40,305,281]
d: [2,923,1,6,2,1,21,922,442]
s: 923
d: [2,1767,2,3,1,1,40,874,387]
a: [3,1786,2,3,1,1767]
s: 1786
d: [2,964,1,6,2,0,40,277,328]
s: 964
d: [2,969,1,6,2,0,40,277,320]
s: 969
d: [2,1768,2,3,1,1,40,874,382]
a: [3,1791,2,3,1,1768]
s: 1791
d: [2,981,1,6,2,0,40,287,328]
s: 981
d: [2,1814,2,3,1,2,40,876,392]
a: [3,1829,2,3,1,1814]
s: 1829
d: [2,986,1,6,2,0,40,287,320]
s: 986
d: [2,998,1,6,2,0,40,312,320]
s: 998
r: 1143
r: 1479
d: [2,1815,2,3,1,2,40,876,387]
a: [3,1834,2,3,1,1815]
s: 1834
a: [3,1142,1,2,1,1139]
s: 1142
r: 1142
d: [2,1816,2,3,1,2,40,876,382]
a: [3,1839,2,3,1,1816]
s: 1839
s: 1143
a: [3,1478,1,2,1,1473]
s: 1478
r: 1478
d: [2,1714,3,3,1,1,40,1687,278]
a: [3,1718,3,3,1,1714]
s: 1718
s: 1479
d: [2,1875,3,3,1,1,40,1740,280]
a: [3,1880,3,3,1,1875]
s: 1880
a: [3,1146,1,3,1,1139]
s: 1146
r: 289
r: 372
r: 1428
d: [2,2097,2,0,0,1,40,1146,320]
e: 2097
d: [2,2093,2,0,0,2,40,1146,555]
e: 2093
d: [2,2092,2,0,0,2,40,1146,549]
e: 2092
d: [2,2083,2,0,0,2,52,549,1146]
e: 2083
d: [2,2084,2,0,0,4,52,543,1146,768]
e: 2084
d: [2,2085,2,0,0,4,52,447,698,692,1146,1338]
e: 2085
d: [2,2086,2,0,0,2,52,1074,1146,311]
e: 2086
d: [2,2087,2,0,0,2,52,422,1146,291]
e: 2087
d: [2,2088,2,0,0,2,52,422,1146,292]
e: 2088
r: 1146
s: 289
d: [2,1876,3,3,1,1,40,1740,279]
a: [3,1885,3,3,1,1876]
s: 1885
s: 372
d: [2,1897,3,3,1,1,40,1745,280]
a: [3,1902,3,3,1,1897]
s: 1902
s: 1428
d: [2,1007,1,9,2,0,40,312,328]
d: [2,1063,1,6,1,0,21,1007,267]
s: 1063
d: [2,1898,3,3,1,1,40,1745,279]
a: [3,1907,3,3,1,1898]
s: 1907
d: [2,1153,1,6,2,0,40,288,321]
s: 1153
d: [2,1943,3,3,1,1,40,1829,280]
a: [3,1948,3,3,1,1943]
s: 1948
d: [2,1162,1,6,2,0,40,319,321]
s: 1162
d: [2,1163,1,6,2,0,40,319,323]
s: 1163
d: [2,1944,3,3,1,1,40,1829,279]
a: [3,1953,3,3,1,1944]
s: 1953
d: [2,1176,1,6,2,1,40,318,692]
s: 1176
d: [2,2010,3,3,1,1,40,1834,280]
a: [3,2015,3,3,1,2010]
s: 2015
d: [2,1189,1,9,3,0,40,271,321]
d: [2,1194,1,6,2,0,21,1189,322]
s: 1194
d: [2,765,1,7,3,1,44,705,705]
s: 765
d: [2,2011,3,3,1,1,40,1834,279]
a: [3,2020,3,3,1,2011]
s: 2020
d: [2,772,1,7,2,1,44,700,705]
s: 772
d: [2,2040,3,3,1,1,40,1839,280]
a: [3,2045,3,3,1,2040]
s: 2045
d: [2,773,1,7,2,1,44,701,705]
s: 773
d: [2,774,1,7,2,1,44,702,705]
s: 774
d: [2,2041,3,3,1,1,40,1839,279]
a: [3,2050,3,3,1,2041]
s: 2050
d: [2,836,1,7,2,0,40,281,328]
s: 836
d: [2,2190,2,3,1,1,40,836,1135]
a: [3,2198,2,3,1,2190]
s: 2198
d: [2,927,1,7,2,0,40,316,334]
s: 927
d: [2,928,1,7,2,0,40,316,311]
s: 928
d: [2,2070,4,3,1,1,40,1718,280]
a: [3,2075,4,3,1,2070]
s: 2075
d: [2,947,1,7,1,1,44,437,331]
a: [3,956,1,7,1,947]
s: 956
d: [2,2071,4,3,1,1,40,1718,279]
a: [3,2080,4,3,1,2071]
s: 2080
d: [2,962,1,7,3,0,40,277,313]
s: 962
d: [2,965,1,7,3,0,40,277,273]
s: 965
d: [2,1671,2,3,1,1,40,871,422]
a: [3,1682,2,3,1,1671]
s: 1682
d: [2,966,1,7,3,0,40,277,275]
s: 966
d: [2,1676,2,3,1,1,40,871,527]
a: [3,1702,2,3,1,1676]
s: 1702
d: [2,979,1,7,3,0,40,287,313]
s: 979
d: [2,1005,1,10,3,0,40,312,313]
d: [2,1056,1,7,2,0,21,1005,267]
s: 1056
d: [2,1677,2,3,1,1,40,871,537]
a: [3,1707,2,3,1,1677]
s: 1707
d: [2,1008,1,10,3,0,40,312,273]
d: [2,1064,1,7,2,0,21,1008,267]
s: 1064
d: [2,1723,2,3,1,2,40,873,422]
a: [3,1734,2,3,1,1723]
s: 1734
d: [2,1009,1,10,3,0,40,312,275]
d: [2,1065,1,7,2,0,21,1009,267]
s: 1065
d: [2,1012,1,9,3,0,40,312,291]
d: [2,1068,1,7,2,1,21,1012,447]
s: 1068
d: [2,1728,2,3,1,2,40,873,527]
a: [3,1750,2,3,1,1728]
s: 1750
d: [2,1013,1,9,3,0,40,312,292]
d: [2,1069,1,7,2,1,21,1013,447]
s: 1069
d: [2,1729,2,3,1,2,40,873,537]
a: [3,1755,2,3,1,1729]
s: 1755
d: [2,1016,1,9,3,0,40,312,301]
d: [2,1082,1,7,2,1,21,1016,447]
s: 1082
d: [2,1017,1,9,3,0,40,312,304]
d: [2,1083,1,7,2,1,21,1017,447]
s: 1083
d: [2,1765,2,3,1,1,40,874,422]
a: [3,1776,2,3,1,1765]
s: 1776
d: [2,1018,1,9,3,0,40,312,305]
d: [2,1084,1,7,2,1,21,1018,447]
s: 1084
d: [2,1770,2,3,1,1,40,874,527]
a: [3,1796,2,3,1,1770]
s: 1796
d: [2,1150,1,7,2,0,40,288,328]
s: 1150
d: [2,1155,1,7,2,0,40,288,320]
s: 1155
d: [2,1771,2,3,1,1,40,874,537]
a: [3,1801,2,3,1,1771]
s: 1801
d: [2,1159,1,7,2,0,40,319,328]
s: 1159
d: [2,1813,2,3,1,2,40,876,422]
a: [3,1824,2,3,1,1813]
s: 1824
d: [2,1164,1,7,2,0,40,319,320]
s: 1164
d: [2,1180,1,7,2,0,40,318,321]
s: 1180
d: [2,1818,2,3,1,2,40,876,527]
a: [3,1844,2,3,1,1818]
s: 1844
d: [2,1181,1,7,2,0,40,318,323]
s: 1181
d: [2,1819,2,3,1,2,40,876,537]
a: [3,1849,2,3,1,1819]
s: 1849
d: [2,1344,1,9,3,1,40,1342,692]
d: [2,1351,1,7,2,2,21,1344,447]
s: 1351
d: [2,2176,1,7,2,1,22,772,329]
s: 2176
d: [2,1859,2,7,2,0,40,915,316]
a: [3,1862,2,3,1,1859]
s: 1862
r: 301
r: 302
r: 915
r: 917
r: 1082
d: [2,2463,3,0,0,2,52,320,1143,1862,312]
e: 2463
d: [2,2464,3,0,0,2,52,549,1862,372]
e: 2464
d: [2,2465,3,0,0,2,52,1143,1862,998]
e: 2465
d: [2,2468,3,2,1,1,40,1862,998]
d: [2,2472,3,0,0,2,21,2468,1143]
e: 2472
r: 1862
s: 301
d: [2,1888,2,7,2,0,40,918,316]
a: [3,1891,2,3,1,1888]
s: 1891
r: 1084
r: 1083
r: 924
r: 923
r: 921
r: 920
r: 918
r: 307
r: 306
r: 305
r: 304
d: [2,2479,3,0,0,2,52,320,1479,1891,312]
e: 2479
d: [2,2480,3,0,0,2,52,1479,1891,998]
e: 2480
d: [2,2483,3,2,1,1,40,1891,998]
d: [2,2486,3,0,0,2,21,2483,1479]
e: 2486
r: 1891
s: 304
s: 305
d: [2,2151,2,3,1,2,40,1176,1074]
a: [3,2158,2,3,1,2151]
s: 2158
s: 924
d: [2,2153,2,7,2,1,40,1176,316]
a: [3,2162,2,3,1,2153]
s: 2162
r: 1176
d: [2,2516,3,0,0,2,40,2162,1080]
e: 2516
d: [2,2515,3,0,0,2,40,2162,1074]
e: 2515
d: [2,2507,3,0,0,2,52,1074,2162]
e: 2507
d: [2,2508,3,0,0,3,52,549,447,2162,312]
e: 2508
d: [2,2509,3,0,0,3,52,422,2162,1068]
e: 2509
d: [2,2510,3,0,0,3,52,422,2162,1069]
e: 2510
d: [2,2511,3,0,0,2,52,1074,2162,316]
e: 2511
d: [2,2512,3,0,0,2,52,447,2162,998]
e: 2512
d: [2,2518,3,2,1,1,40,2162,998]
d: [2,2527,3,0,0,2,21,2518,447]
e: 2527
r: 2162
s: 307
s: 302
d: [2,2202,2,7,2,0,40,928,290]
a: [3,2226,2,3,1,2202]
s: 2226
d: [2,2548,3,0,0,2,40,2226,1054]
e: 2548
d: [2,2547,3,0,0,2,40,2226,1048]
e: 2547
d: [2,2544,3,0,0,2,40,2226,1042]
e: 2544
d: [2,2543,3,0,0,2,40,2226,1036]
e: 2543
d: [2,2542,3,0,0,2,40,2226,1030]
e: 2542
d: [2,2541,3,0,0,2,40,2226,1024]
e: 2541
d: [2,2537,3,0,0,2,52,1024,2226]
e: 2537
d: [2,2538,3,0,0,3,52,422,402,2226,312]
e: 2538
d: [2,2539,3,0,0,2,52,1024,2226,316]
e: 2539
d: [2,2540,3,0,0,2,52,402,2226,998]
e: 2540
d: [2,2546,3,2,1,1,40,2226,998]
d: [2,2559,3,0,0,2,21,2546,402]
e: 2559
r: 2226
s: 306
d: [2,2209,2,11,3,1,40,928,1242]
a: [3,2264,2,4,1,2209]
s: 2264
s: 915
s: 917
d: [2,2210,2,11,3,1,40,928,1243]
a: [3,2273,2,4,1,2210]
s: 2273
s: 918
d: [2,2211,2,11,3,1,40,928,1244]
a: [3,2282,2,4,1,2211]
s: 2282
s: 920
s: 921
d: [2,2203,2,9,3,0,40,928,295]
a: [3,2235,2,3,1,2203]
s: 2235
s: 923
d: [2,2219,2,6,2,0,40,928,289]
a: [3,2291,2,3,1,2219]
s: 2291
s: 1176
d: [2,2474,1,6,2,0,40,301,289]
s: 2474
d: [2,2389,2,5,2,1,44,1150,930]
d: [2,2391,2,3,1,2,21,2389,543]
a: [3,2395,2,3,1,2391]
s: 2395
d: [2,2476,1,8,3,0,40,301,281]
d: [2,2478,1,6,2,1,21,2476,442]
s: 2478
d: [2,2324,3,3,1,1,40,1734,280]
a: [3,2330,3,3,1,2324]
s: 2330
d: [2,2488,1,6,2,0,40,304,289]
s: 2488
d: [2,2490,1,8,3,0,40,304,281]
d: [2,2492,1,6,2,1,21,2490,442]
s: 2492
d: [2,2325,3,3,1,1,40,1734,279]
a: [3,2335,3,3,1,2325]
s: 2335
d: [2,2493,1,6,2,0,40,305,289]
s: 2493
d: [2,2344,3,3,1,1,40,1750,280]
a: [3,2349,3,3,1,2344]
s: 2349
d: [2,2495,1,8,3,0,40,305,281]
d: [2,2497,1,6,2,1,21,2495,442]
s: 2497
s: 1082
d: [2,2345,3,3,1,1,40,1750,279]
a: [3,2354,3,3,1,2345]
s: 2354
s: 1083
d: [2,2360,3,3,1,1,40,1755,280]
a: [3,2365,3,3,1,2360]
s: 2365
s: 1084
d: [2,2178,1,7,2,1,22,773,329]
s: 2178
d: [2,2632,2,6,2,1,44,328,2178]
a: [3,2644,2,2,1,2632]
s: 2644
r: 522
r: 512
r: 502
r: 467
r: 1195
r: 274
r: 1235
r: 397
r: 991
r: 1143
r: 1479
r: 266
r: 1172
r: 332
r: 333
r: 326
r: 447
r: 267
r: 402
r: 2178
r: 2176
r: 1164
r: 1163
r: 1162
r: 1159
r: 1155
r: 1153
r: 1150
r: 986
r: 985
r: 981
r: 979
r: 823
r: 822
r: 817
r: 774
r: 768
r: 766
r: 705
r: 319
r: 315
r: 314
r: 288
r: 287
r: 285
r: 284
r: 283
r: 271
d: [2,2665,3,0,0,2,40,2644,532]
e: 2665
d: [2,2664,3,0,0,2,40,2644,482]
e: 2664
d: [2,2663,3,0,0,1,40,2644,322]
e: 2663
d: [2,2662,3,0,0,2,40,2644,543]
e: 2662
d: [2,2661,3,0,0,2,52,543,2644]
e: 2661
r: 2644
s: 397
s: 1235
s: 402
s: 447
s: 817
s: 467
s: 822
s: 502
s: 512
s: 823
s: 522
s: 991
s: 266
s: 267
s: 1143
s: 283
s: 1479
s: 284
s: 285
d: [2,2361,3,3,1,1,40,1755,279]
a: [3,2370,3,3,1,2361]
s: 2370
s: 326
d: [2,2403,3,3,1,1,40,1824,280]
a: [3,2409,3,3,1,2403]
s: 2409
s: 274
s: 315
d: [2,2404,3,3,1,1,40,1824,279]
a: [3,2414,3,3,1,2404]
s: 2414
s: 705
d: [2,2420,3,3,1,1,40,1844,280]
a: [3,2425,3,3,1,2420]
s: 2425
s: 332
s: 333
d: [2,2421,3,3,1,1,40,1844,279]
a: [3,2430,3,3,1,2421]
s: 2430
s: 314
d: [2,2434,3,3,1,1,40,1849,280]
a: [3,2439,3,3,1,2434]
s: 2439
s: 287
s: 288
d: [2,2435,3,3,1,1,40,1849,279]
a: [3,2444,3,3,1,2435]
s: 2444
s: 319
d: [2,2498,3,5,2,1,40,2158,312]
d: [2,2501,3,3,1,2,21,2498,991]
a: [3,2505,3,3,1,2501]
s: 2505
s: 271
s: 1172
d: [2,2599,3,3,1,1,40,2291,278]
a: [3,2603,3,3,1,2599]
s: 2603
d: [2,2687,1,4,1,0,44,326,310]
s: 2687
d: [2,2798,4,3,1,1,40,2505,334]
a: [3,2804,4,3,1,2798]
s: 2804
s: 766
s: 768
d: [2,2820,4,3,1,1,40,2603,280]
a: [3,2825,4,3,1,2820]
s: 2825
s: 985
d: [2,2821,4,3,1,1,40,2603,279]
a: [3,2830,4,3,1,2821]
s: 2830
s: 1195
d: [2,2716,1,5,2,2,44,422,705]
s: 2716
d: [2,1248,2,16,4,1,40,1242,354]
s: 1248
d: [2,2718,1,5,2,2,44,549,705]
s: 2718
d: [2,1353,2,16,4,1,40,1243,354]
s: 1353
d: [2,2776,1,5,2,0,40,287,323]
s: 2776
d: [2,2812,1,9,3,0,40,271,323]
d: [2,2817,1,5,2,0,21,2812,324]
s: 2817
d: [2,1429,2,16,4,1,40,1244,354]
s: 1429
s: 981
d: [2,1582,2,4,1,1,40,1061,334]
a: [3,1588,2,4,1,1582]
s: 1588
s: 986
s: 1153
d: [2,1636,2,4,1,1,44,328,930]
a: [3,1640,2,4,1,1636]
s: 1640
s: 1162
d: [2,1644,2,4,1,1,44,328,931]
s: 1644
s: 1163
d: [2,2757,1,6,2,0,44,332,331]
s: 2757
d: [2,1678,2,4,1,0,40,871,320]
a: [3,1712,2,4,1,1678]
s: 1712
d: [2,2758,1,6,2,0,44,332,331]
s: 2758
d: [2,1730,2,4,1,1,40,873,320]
a: [3,1760,2,4,1,1730]
s: 1760
d: [2,2772,1,6,2,0,40,287,328]
s: 2772
d: [2,2777,1,6,2,0,40,287,320]
s: 2777
d: [2,1772,2,4,1,0,40,874,320]
a: [3,1806,2,4,1,1772]
s: 1806
d: [2,2784,1,6,2,0,40,288,321]
s: 2784
d: [2,1820,2,4,1,1,40,876,320]
a: [3,1854,2,4,1,1820]
s: 1854
d: [2,2793,1,6,2,0,40,319,321]
s: 2793
d: [2,2794,1,6,2,0,40,319,323]
s: 2794
a: [3,1866,2,4,1,1859]
s: 1866
s: 774
d: [2,1869,2,7,2,1,40,917,316]
a: [3,1873,2,4,1,1869]
s: 1873
s: 979
s: 1150
a: [3,1895,2,4,1,1888]
s: 1895
s: 1155
d: [2,1910,2,7,2,1,40,920,316]
a: [3,1914,2,4,1,1910]
s: 1914
r: 1479
r: 1895
r: 1914
s: 1479
s: 1159
d: [2,2052,2,2,1,1,40,1478,285]
a: [3,2058,2,2,1,2052]
s: 2058
r: 2058
s: 1164
a: [3,2057,2,2,1,2052]
s: 2057
s: 2176
s: 2178
d: [2,2053,2,2,1,1,40,1478,284]
a: [3,2063,2,2,1,2053]
s: 2063
d: [2,3041,3,0,0,2,52,2057,2063,278]
e: 3041
d: [2,3042,3,2,1,1,40,2063,278]
d: [2,3044,3,0,0,2,21,3042,2057]
e: 3044
r: 2063
d: [2,2475,1,9,3,0,40,301,312]
d: [2,2477,1,7,2,1,21,2475,447]
s: 2477
d: [2,2054,2,2,1,1,40,1478,283]
a: [3,2068,2,2,1,2054]
s: 2068
d: [2,2489,1,9,3,0,40,304,312]
d: [2,2491,1,7,2,1,21,2489,447]
s: 2491
d: [2,2494,1,9,3,0,40,305,312]
d: [2,2496,1,7,2,1,21,2494,447]
s: 2496
s: 1895
d: [2,2714,1,7,3,1,44,705,705]
s: 2714
s: 1914
d: [2,2724,1,7,2,1,44,702,705]
s: 2724
d: [2,2722,1,7,2,1,44,700,705]
d: [2,2751,1,7,2,1,22,2722,329]
s: 2751
d: [2,1917,2,7,2,0,40,921,316]
a: [3,1921,2,4,1,1917]
s: 1921
d: [2,2723,1,7,2,1,44,701,705]
d: [2,2752,1,7,2,1,22,2723,329]
s: 2752
d: [2,1926,2,7,2,1,40,923,316]
a: [3,1930,2,4,1,1926]
s: 1930
r: 847
r: 850
r: 855
r: 860
r: 1135
r: 1479
r: 1921
r: 1930
r: 2057
s: 847
a: [3,851,1,2,1,830]
s: 851
r: 851
s: 850
a: [3,856,1,2,1,831]
s: 856
r: 856
s: 855
a: [3,861,1,2,1,832]
s: 861
r: 861
s: 860
d: [2,879,1,4,2,1,40,295,392]
a: [3,888,1,2,1,879]
s: 888
d: [2,3122,2,0,0,2,52,850,888,278]
e: 3122
d: [2,3123,2,2,1,1,40,888,278]
d: [2,3125,2,0,0,2,21,3123,850]
e: 3125
r: 888
d: [2,880,1,4,2,1,40,295,387]
a: [3,893,1,2,1,880]
s: 893
d: [2,3127,2,0,0,2,52,855,893,278]
e: 3127
d: [2,3128,2,2,1,1,40,893,278]
d: [2,3130,2,0,0,2,21,3128,855]
e: 3130
r: 893
d: [2,881,1,4,2,1,40,295,382]
a: [3,898,1,2,1,881]
s: 898
d: [2,3132,2,0,0,2,52,860,898,278]
e: 3132
d: [2,3133,2,2,1,1,40,898,278]
d: [2,3135,2,0,0,2,21,3133,860]
e: 3135
r: 898
s: 1135
s: 1479
s: 2058
d: [2,2770,1,7,3,0,40,287,313]
s: 2770
s: 2063
d: [2,2781,1,7,2,0,40,288,328]
s: 2781
d: [2,2786,1,7,2,0,40,288,320]
s: 2786
d: [2,2999,3,2,1,1,40,2058,280]
a: [3,3004,3,2,1,2999]
s: 3004
d: [2,2790,1,7,2,0,40,319,328]
s: 2790
d: [2,3000,3,2,1,1,40,2058,279]
a: [3,3009,3,2,1,3000]
s: 3009
d: [2,2795,1,7,2,0,40,319,320]
s: 2795
d: [2,1505,1,38,10,0,44,251,298]
d: [2,1506,1,35,9,0,18,1505]
d: [2,1508,1,29,8,0,21,1506,297]
s: 1508
s: 1921
d: [2,837,1,8,3,0,40,281,273]
s: 837
s: 1930
d: [2,838,1,8,3,0,40,281,275]
s: 838
d: [2,925,1,8,3,0,40,313,281]
s: 925
d: [2,1961,2,6,2,1,40,998,923]
d: [2,1968,2,4,1,2,21,1961,1479]
a: [3,1972,2,4,1,1968]
s: 1972
r: 847
r: 850
r: 855
r: 860
r: 913
r: 1135
r: 1479
r: 1972
a: [3,846,1,2,1,830]
s: 846
r: 846
s: 847
s: 851
s: 856
s: 861
s: 888
s: 893
s: 898
s: 1135
d: [2,3086,2,2,1,1,40,851,280]
a: [3,3091,2,2,1,3086]
s: 3091
s: 1479
d: [2,3087,2,2,1,1,40,851,279]
a: [3,3096,2,2,1,3087]
s: 3096
a: [3,909,1,3,1,884]
s: 909
a: [3,912,1,3,1,884]
s: 912
r: 909
r: 912
d: [2,3098,2,2,1,1,40,856,280]
a: [3,3103,2,2,1,3098]
s: 3103
a: [3,908,1,3,1,884]
s: 908
d: [2,3099,2,2,1,1,40,856,279]
a: [3,3108,2,2,1,3099]
s: 3108
s: 913
d: [2,1099,1,8,3,0,40,339,280]
s: 1099
d: [2,3110,2,2,1,1,40,861,280]
a: [3,3115,2,2,1,3110]
s: 3115
d: [2,1100,1,8,3,0,40,339,279]
s: 1100
d: [2,3111,2,2,1,1,40,861,279]
a: [3,3120,2,2,1,3111]
s: 3120
d: [2,1110,1,8,3,0,40,350,280]
s: 1110
d: [2,1111,1,8,3,0,40,350,279]
s: 1111
s: 1972
d: [2,1120,1,8,3,0,40,351,280]
s: 1120
d: [2,1962,2,6,2,0,40,998,921]
d: [2,1974,2,4,1,1,21,1962,1479]
a: [3,1978,2,4,1,1974]
s: 1978
d: [2,1121,1,8,3,0,40,351,279]
s: 1121
d: [2,1122,1,8,3,0,40,352,280]
s: 1122
d: [2,1963,2,6,2,1,40,998,920]
d: [2,1980,2,4,1,2,21,1963,1479]
a: [3,1984,2,4,1,1980]
s: 1984
r: 847
r: 908
r: 913
r: 1135
r: 1479
r: 1984
s: 846
d: [2,3170,2,2,1,1,40,846,280]
a: [3,3175,2,2,1,3170]
s: 3175
a: [3,1134,1,4,1,1131]
s: 1134
r: 1134
s: 1135
d: [2,3171,2,2,1,1,40,846,279]
a: [3,3180,2,2,1,3171]
s: 3180
s: 1479
s: 909
s: 912
d: [2,1123,1,8,3,0,40,352,279]
s: 1123
d: [2,3205,2,3,1,1,40,912,280]
a: [3,3210,2,3,1,3205]
s: 3210
d: [2,1137,1,8,2,0,40,372,334]
s: 1137
d: [2,3206,2,3,1,1,40,912,279]
a: [3,3215,2,3,1,3206]
s: 3215
d: [2,1138,1,8,2,0,40,372,311]
s: 1138
d: [2,1148,1,8,3,0,40,288,313]
s: 1148
d: [2,2022,2,2,1,1,40,1142,285]
a: [3,2027,2,2,1,2022]
s: 2027
d: [2,1157,1,8,3,0,40,319,313]
s: 1157
s: 1984
d: [2,1177,1,8,2,0,40,318,328]
s: 1177
d: [2,1182,1,8,2,0,40,318,320]
s: 1182
d: [2,1964,2,6,2,0,40,998,918]
d: [2,1986,2,4,1,1,21,1964,1479]
a: [3,1990,2,4,1,1986]
s: 1990
d: [2,1218,1,8,3,0,40,1217,280]
s: 1218
d: [2,1965,2,6,2,1,40,998,917]
d: [2,1992,2,4,1,2,21,1965,1143]
a: [3,1996,2,4,1,1992]
s: 1996
d: [2,1219,1,8,3,0,40,1217,279]
s: 1219
d: [2,1229,1,8,3,0,40,1228,280]
s: 1229
d: [2,1966,2,6,2,0,40,998,915]
d: [2,1998,2,4,1,1,21,1966,1143]
a: [3,2002,2,4,1,1998]
s: 2002
d: [2,1230,1,8,3,0,40,1228,279]
s: 1230
d: [2,2140,2,4,1,1,44,1063,931]
s: 2140
d: [2,1239,1,8,3,0,40,1238,278]
s: 1239
d: [2,1313,1,14,4,0,44,355,293]
d: [2,1328,1,11,3,0,18,1313]
d: [2,1329,1,8,2,1,21,1328,422]
s: 1329
d: [2,2139,2,4,1,1,44,1063,930]
a: [3,2144,2,4,1,2139]
s: 2144
d: [2,1314,1,14,4,0,44,355,293]
d: [2,1327,1,11,3,0,18,1314]
d: [2,1330,1,8,2,1,21,1327,422]
s: 1330
a: [3,2166,2,4,1,2153]
s: 2166
d: [2,1317,1,14,4,0,44,293,355]
d: [2,1324,1,11,3,0,18,1317]
d: [2,1331,1,8,2,1,21,1324,422]
s: 1331
d: [2,1320,1,14,4,0,44,293,355]
d: [2,1321,1,11,3,0,18,1320]
d: [2,1332,1,8,2,1,21,1321,422]
s: 1332
d: [2,2154,2,6,2,1,40,1176,998]
d: [2,2168,2,4,1,2,21,2154,447]
a: [3,2172,2,4,1,2168]
s: 2172
d: [2,1407,1,12,5,0,44,340,1405]
d: [2,1410,1,8,3,0,18,1407]
s: 1410
a: [3,2223,2,4,1,2202]
s: 2223
d: [2,1419,1,12,5,0,44,1238,1418]
d: [2,1421,1,8,3,0,18,1419]
s: 1421
d: [2,2118,1,8,2,0,40,372,334]
s: 2118
d: [2,2205,2,7,2,0,40,928,871]
a: [3,2244,2,4,1,2205]
s: 2244
d: [2,2119,1,8,2,0,40,372,311]
s: 2119
d: [2,2206,2,7,2,1,40,928,873]
a: [3,2249,2,4,1,2206]
s: 2249
d: [2,2779,1,8,3,0,40,288,313]
s: 2779
d: [2,2788,1,8,3,0,40,319,313]
s: 2788
d: [2,2207,2,7,2,0,40,928,874]
a: [3,2254,2,4,1,2207]
s: 2254
d: [2,1311,1,10,4,0,40,1305,281]
a: [3,3073,1,8,3,1311]
s: 3073
d: [2,2208,2,7,2,1,40,928,876]
a: [3,2259,2,4,1,2208]
s: 2259
d: [2,1175,1,9,3,0,40,318,313]
s: 1175
d: [2,1178,1,9,3,0,40,318,273]
s: 1178
d: [2,2294,2,7,2,2,44,956,774]
a: [3,2302,2,4,1,2294]
s: 2302
d: [2,1179,1,9,3,0,40,318,275]
s: 1179
a: [3,2647,2,4,1,2632]
s: 2647
r: 1640
d: [2,1245,1,9,3,1,40,356,527]
s: 1245
d: [2,1246,1,9,3,1,40,356,537]
s: 1246
d: [2,3495,2,6,2,1,40,1245,527]
d: [2,3499,2,3,1,1,18,3495]
a: [3,3503,2,3,1,3499]
s: 3503
d: [2,1309,1,9,3,0,40,1305,290]
s: 1309
d: [2,3496,2,6,2,2,40,1245,537]
a: [3,3508,2,3,1,3496]
s: 3508
d: [2,1310,1,11,4,0,40,1305,312]
d: [2,1312,1,9,3,1,21,1310,402]
s: 1312
d: [2,993,1,10,3,1,44,293,705]
s: 993
d: [2,3579,2,8,3,2,44,377,993]
d: [2,3602,2,5,2,3,21,3579,1225]
d: [2,3603,2,2,1,4,21,3602,387]
a: [3,3607,2,2,1,3603]
s: 3607
d: [2,1165,1,10,1,0,44,310,330]
s: 1165
d: [2,3541,2,6,2,1,40,1246,537]
d: [2,3544,2,3,1,1,18,3541]
a: [3,3549,2,3,1,3544]
s: 3549
d: [2,1166,1,10,1,0,44,310,330]
s: 1166
d: [2,1168,1,10,1,0,44,310,330]
s: 1168
d: [2,2636,2,6,2,1,44,1063,2178]
a: [3,2655,2,4,1,2636]
s: 2655
r: 2144
d: [2,1169,1,10,1,0,44,310,330]
s: 1169
d: [2,3497,2,8,2,1,40,1245,320]
a: [3,3517,2,4,1,3497]
s: 3517
d: [2,1170,1,10,1,0,44,330,310]
s: 1170
d: [2,1171,1,10,1,0,44,330,310]
s: 1171
d: [2,3498,2,11,3,1,40,1245,928]
a: [3,3526,2,4,1,3498]
s: 3526
d: [2,1184,1,10,4,0,40,271,313]
s: 1184
d: [2,3542,2,8,2,1,40,1246,320]
a: [3,3554,2,4,1,3542]
s: 3554
a: [3,1492,1,10,3,1485]
s: 1492
d: [2,2715,1,10,3,1,44,293,705]
s: 2715
d: [2,3543,2,11,3,1,40,1246,928]
a: [3,3563,2,4,1,3543]
s: 3563
d: [2,2806,1,10,4,0,40,271,313]
s: 2806
d: [2,935,3,4,2,2,44,728,705]
s: 935
d: [2,1212,1,12,4,0,40,354,281]
a: [3,3077,1,10,3,1212]
s: 3077
r: 846
r: 3077
r: 3180
s: 847
a: [3,3179,2,2,1,3171]
s: 3179
d: [2,1186,1,11,3,0,40,271,328]
s: 1186
d: [2,938,3,4,2,2,44,733,705]
s: 938
d: [2,1191,1,11,3,0,40,271,320]
s: 1191
d: [2,1210,1,11,3,0,40,354,290]
s: 1210
d: [2,2725,3,4,2,2,44,728,705]
s: 2725
d: [2,1211,1,13,4,0,40,354,312]
d: [2,1215,1,11,3,1,21,1211,402]
s: 1215
d: [2,2726,3,4,2,2,44,733,705]
s: 2726
d: [2,1247,1,11,3,0,40,356,320]
s: 1247
d: [2,1336,1,17,5,0,40,1334,1333]
d: [2,1337,1,11,3,0,18,1336]
s: 1337
d: [2,3733,2,16,4,1,40,1337,1242]
s: 3733
d: [2,1340,1,17,5,0,40,1338,1333]
d: [2,1341,1,11,3,0,18,1340]
s: 1341
d: [2,3756,2,16,4,1,40,1341,1242]
d: [2,3777,2,14,3,2,21,3756,402]
s: 3777
d: [2,1346,1,14,4,0,40,1342,273]
d: [2,1352,1,11,3,0,21,1346,274]
s: 1352
d: [2,2808,1,11,3,0,40,271,328]
s: 2808
d: [2,3757,2,16,4,1,40,1341,1243]
d: [2,3778,2,14,3,2,21,3757,402]
s: 3778
d: [2,2813,1,11,3,0,40,271,320]
s: 2813
d: [2,3758,2,16,4,1,40,1341,1244]
d: [2,3779,2,14,3,2,21,3758,402]
s: 3779
d: [2,1173,1,12,3,0,40,317,316]
s: 1173
d: [2,1308,1,12,4,0,40,1305,295]
s: 1308
d: [2,3734,2,16,4,1,40,1337,1243]
s: 3734
d: [2,3794,1,8,3,1,21,1308,3073]
s: 3794
d: [2,3735,2,16,4,1,40,1337,1244]
s: 3735
d: [2,1343,1,12,4,0,40,1342,313]
s: 1343
d: [2,1349,1,12,3,0,40,1342,323]
s: 1349
d: [2,2907,3,4,1,1,40,1760,280]
a: [3,2912,3,4,1,2907]
s: 2912
a: [3,1482,1,12,4,1473]
s: 1482
r: 1428
r: 1482
d: [2,2908,3,4,1,1,40,1760,279]
a: [3,2917,3,4,1,2908]
s: 2917
s: 1428
d: [2,1183,1,14,4,0,40,353,307]
s: 1183
d: [2,2921,3,4,1,1,40,1854,280]
a: [3,2926,3,4,1,2921]
s: 2926
d: [2,3822,1,11,3,1,21,1183,923]
d: [2,3823,1,8,2,1,21,3822,920]
s: 3823
d: [2,2922,3,4,1,1,40,1854,279]
a: [3,2931,3,4,1,2922]
s: 2931
d: [2,1209,1,14,4,0,40,354,295]
s: 1209
d: [2,1347,1,14,4,0,40,1342,275]
s: 1347
d: [2,2950,3,4,1,1,40,1873,280]
a: [3,2955,3,4,1,2950]
s: 2955
d: [2,2529,1,14,4,0,40,307,353]
s: 2529
d: [2,2951,3,4,1,1,40,1873,279]
a: [3,2960,3,4,1,2951]
s: 2960
d: [2,1167,1,15,1,0,44,310,310]
s: 1167
d: [2,1345,1,15,3,0,40,1342,328]
s: 1345
d: [2,2968,3,4,1,1,40,1914,280]
a: [3,2973,3,4,1,2968]
s: 2973
d: [2,1350,1,15,3,0,40,1342,320]
s: 1350
d: [2,2969,3,4,1,1,40,1914,279]
a: [3,2978,3,4,1,2969]
s: 2978
d: [2,1307,1,17,5,0,40,1305,356]
s: 1307
d: [2,1471,1,17,5,1,40,1428,334]
s: 1471
d: [2,3054,3,4,1,1,40,1930,280]
a: [3,3059,3,4,1,3054]
s: 3059
d: [2,1472,1,17,5,1,40,1428,311]
s: 1472
d: [2,3055,3,4,1,1,40,1930,279]
a: [3,3064,3,4,1,3055]
s: 3064
d: [2,2127,1,17,5,1,40,1428,334]
s: 2127
d: [2,2128,1,17,5,1,40,1428,311]
s: 2128
d: [2,3158,3,4,1,1,40,1972,280]
a: [3,3163,3,4,1,3158]
s: 3163
d: [2,3818,1,17,5,1,40,1428,334]
s: 3818
d: [2,3159,3,4,1,1,40,1972,279]
a: [3,3168,3,4,1,3159]
s: 3168
d: [2,3819,1,17,5,1,40,1428,311]
s: 3819
d: [2,1240,1,19,5,0,40,356,354]
s: 1240
d: [2,3254,3,4,1,1,40,1984,280]
a: [3,3259,3,4,1,3254]
s: 3259
d: [2,1502,1,24,7,0,40,297,281]
a: [3,3069,1,22,6,1502]
s: 3069
r: 3069
d: [2,3255,3,4,1,1,40,1984,279]
a: [3,3264,3,4,1,3255]
s: 3264
d: [2,1500,1,23,6,0,40,297,290]
s: 1500
d: [2,1501,1,25,7,0,40,297,312]
d: [2,1503,1,23,6,1,21,1501,402]
s: 1503
d: [2,3339,3,4,1,1,40,1996,280]
a: [3,3344,3,4,1,3339]
s: 3344
d: [2,1499,1,27,7,0,40,297,295]
s: 1499
d: [2,3340,3,4,1,1,40,1996,279]
a: [3,3349,3,4,1,3340]
s: 3349
d: [2,1498,1,32,8,0,40,297,356]
s: 1498
d: [2,1509,1,33,5,0,44,296,1423]
s: 1509
d: [2,3398,3,4,1,1,40,2144,334]
a: [3,3404,3,4,1,3398]
s: 3404
d: [2,3966,1,30,4,0,21,1509,871]
d: [2,3967,1,27,3,0,21,3966,874]
s: 3967
d: [2,3406,3,6,2,1,40,2166,312]
d: [2,3408,3,4,1,2,21,3406,991]
a: [3,3412,3,4,1,3408]
s: 3412
d: [2,1510,1,33,5,0,44,296,1423]
s: 1510
d: [2,1511,1,33,5,0,44,296,1423]
s: 1511
d: [2,3414,3,6,2,1,40,2172,312]
d: [2,3416,3,4,1,2,21,3414,991]
a: [3,3420,3,4,1,3416]
s: 3420
d: [2,4002,1,30,4,0,21,1511,871]
d: [2,4003,1,27,3,0,21,4002,874]
s: 4003
d: [2,3435,3,4,1,1,40,2249,280]
a: [3,3440,3,4,1,3435]
s: 3440
d: [2,1512,1,33,5,0,44,296,1423]
s: 1512
d: [2,1515,1,33,5,0,44,296,1423]
s: 1515
d: [2,3436,3,4,1,1,40,2249,279]
a: [3,3445,3,4,1,3436]
s: 3445
d: [2,4036,1,30,4,0,21,1515,874]
d: [2,4037,1,27,3,0,21,4036,874]
s: 4037
d: [2,3452,3,4,1,1,40,2259,280]
a: [3,3457,3,4,1,3452]
s: 3457
d: [2,1516,1,33,5,0,44,296,1423]
s: 1516
d: [2,1513,1,39,5,0,44,296,1412]
s: 1513
d: [2,3453,3,4,1,1,40,2259,279]
a: [3,3462,3,4,1,3453]
s: 3462
d: [2,1514,1,39,5,0,44,296,1412]
s: 1514
d: [2,3629,3,4,1,1,40,2655,334]
s: 3629
r: 3404
d: [2,1527,2,5,2,2,44,785,705]
s: 1527
d: [2,1528,2,5,2,2,44,805,705]
s: 1528
d: [2,3995,4,4,1,1,40,3412,334]
a: [3,4000,4,4,1,3995]
s: 4000
d: [2,1529,2,5,2,2,44,810,705]
s: 1529
d: [2,4005,4,4,1,1,40,3420,334]
a: [3,4010,4,4,1,4005]
s: 4010
d: [2,1533,2,5,2,2,44,1024,705]
s: 1533
d: [2,1558,2,5,2,2,44,1074,705]
s: 1558
d: [2,4108,3,11,3,2,40,1533,1173]
a: [3,4115,3,4,1,4108]
s: 4115
d: [2,1590,2,5,2,0,44,1172,302]
s: 1590
d: [2,4133,3,6,2,0,40,1590,316]
a: [3,4138,3,3,1,4133]
s: 4138
d: [2,1591,2,5,2,0,44,1172,306]
s: 1591
d: [2,1611,2,5,2,2,40,766,290]
s: 1611
d: [2,4134,3,5,2,0,40,1590,998]
d: [2,4140,3,3,1,1,21,4134,1143]
a: [3,4144,3,3,1,4140]
s: 4144
d: [2,1612,2,7,3,2,40,766,312]
d: [2,1614,2,5,2,3,21,1612,402]
s: 1614
d: [2,4147,3,6,2,0,40,1591,316]
a: [3,4152,3,3,1,4147]
s: 4152
d: [2,1617,2,7,3,2,40,768,312]
d: [2,1619,2,5,2,3,21,1617,447]
s: 1619
d: [2,1633,2,5,2,0,40,828,280]
s: 1633
d: [2,4148,3,5,2,0,40,1591,998]
d: [2,4154,3,3,1,1,21,4148,1479]
a: [3,4158,3,3,1,4154]
s: 4158
d: [2,1634,2,5,2,0,40,828,279]
s: 1634
d: [2,4123,3,11,3,2,40,1558,1173]
a: [3,4130,3,4,1,4123]
s: 4130
d: [2,1655,2,5,2,0,40,985,285]
s: 1655
d: [2,1656,2,5,2,0,40,985,284]
s: 1656
d: [2,1657,2,5,2,0,40,985,283]
s: 1657
d: [2,1658,2,5,1,0,40,1066,334]
s: 1658
d: [2,1661,2,5,1,0,40,1067,334]
s: 1661
d: [2,1668,2,5,2,2,40,871,766]
s: 1668
d: [2,1720,2,5,2,3,40,873,766]
s: 1720
d: [2,1762,2,5,2,2,40,874,766]
s: 1762
d: [2,1810,2,5,2,3,40,876,766]
s: 1810
d: [2,2194,2,5,2,1,44,836,931]
s: 2194
d: [2,2390,2,5,2,1,44,1150,931]
s: 2390
d: [2,2455,2,7,3,1,44,1150,2176]
d: [2,2461,2,5,2,1,18,2455]
s: 2461
d: [2,2532,2,5,2,0,44,1172,302]
s: 2532
d: [2,2562,2,5,2,0,44,1172,306]
s: 2562
d: [2,2633,2,7,3,1,44,836,2178]
a: [3,2651,2,5,2,2633]
s: 2651
d: [2,2637,2,7,3,1,44,1150,2178]
a: [3,2659,2,5,2,2637]
s: 2659
d: [2,2727,2,5,2,2,44,785,705]
s: 2727
d: [2,2731,2,5,2,2,44,805,705]
s: 2731
d: [2,2732,2,5,2,2,44,810,705]
s: 2732
d: [2,2737,2,5,2,2,44,1024,705]
s: 2737
d: [2,2738,2,5,2,2,44,1074,705]
s: 2738
d: [2,2818,2,5,2,0,44,1172,302]
s: 2818
d: [2,2819,2,5,2,0,44,1172,306]
s: 2819
d: [2,2833,2,5,2,2,40,766,290]
s: 2833
d: [2,2836,2,5,2,2,40,766,871]
s: 2836
d: [2,2837,2,5,2,3,40,766,873]
s: 2837
d: [2,2838,2,5,2,2,40,766,874]
s: 2838
d: [2,2839,2,5,2,3,40,766,876]
s: 2839
d: [2,2843,2,7,3,2,40,766,312]
d: [2,2845,2,5,2,3,21,2843,402]
s: 2845
d: [2,2847,2,7,3,2,40,768,312]
d: [2,2849,2,5,2,3,21,2847,447]
s: 2849
d: [2,2851,2,5,2,0,40,985,285]
s: 2851
d: [2,2852,2,5,2,0,40,985,284]
s: 2852
d: [2,2853,2,5,2,0,40,985,283]
s: 2853
d: [2,2459,2,7,2,2,44,437,2176]
d: [2,2985,2,7,2,2,22,2459,331]
a: [3,2989,2,5,1,2985]
s: 2989
d: [2,4177,3,6,3,1,44,352,2989]
d: [2,4181,3,4,2,2,21,4177,847]
d: [2,4182,3,2,1,3,21,4181,2058]
d: [2,4183,3,0,0,4,21,4182,442]
e: 4183
d: [2,4180,3,6,3,1,44,1123,2989]
d: [2,4185,3,4,2,2,21,4180,3179]
d: [2,4186,3,2,1,3,21,4185,442]
d: [2,4187,3,0,0,4,21,4186,2058]
e: 4187
r: 2058
r: 2063
r: 3004
s: 2057
d: [2,3717,2,9,2,0,42,1247]
d: [2,3718,2,5,1,0,21,3717,320]
a: [3,3722,2,5,1,3718]
s: 3722
d: [2,3148,2,26,7,0,47,1508]
d: [2,3149,2,23,6,1,21,3148,392]
s: 3149
a: [3,3003,3,2,1,2999]
s: 3003
d: [2,1580,2,6,2,2,44,815,705]
s: 1580
d: [2,4198,3,34,10,1,40,3149,299]
d: [2,4202,3,20,6,1,18,4198]
d: [2,4203,3,17,5,2,21,4202,382]
d: [2,4204,3,14,4,2,21,4203,392]
s: 4204
d: [2,4207,4,0,0,6,52,1266,1366,387,377,4204]
e: 4207
d: [2,4208,4,9,3,3,40,4204,377]
d: [2,4219,4,6,2,4,21,4208,387]
d: [2,4220,4,3,1,5,21,4219,1366]
d: [2,4221,4,0,0,6,21,4220,1266]
e: 4221
f: 4221,1362,1262,1221,778,257,247,248,249,250
% Refutation found. Thanks to Tanya!
% SZS status Theorem for arytm_3__t87_arytm_3
% SZS output start Proof for arytm_3__t87_arytm_3
1. ! [X0] : (m1_subset_1(X0,k5_arytm_3) => ! [X1] : (m1_subset_1(X1,k5_arytm_3) => ! [X2] : (m1_subset_1(X2,k5_arytm_3) => ~(! [X3] : (m1_subset_1(X3,k5_arytm_3) => ! [X4] : (m1_subset_1(X4,k5_arytm_3) => ~(r3_arytm_3(X4,X2) & r3_arytm_3(X3,X1) & k9_arytm_3(X3,X4) = X0))) & r3_arytm_3(X0,k9_arytm_3(X1,X2)))))) [input t87_arytm_3]
2. ~! [X0] : (m1_subset_1(X0,k5_arytm_3) => ! [X1] : (m1_subset_1(X1,k5_arytm_3) => ! [X2] : (m1_subset_1(X2,k5_arytm_3) => ~(! [X3] : (m1_subset_1(X3,k5_arytm_3) => ! [X4] : (m1_subset_1(X4,k5_arytm_3) => ~(r3_arytm_3(X4,X2) & r3_arytm_3(X3,X1) & k9_arytm_3(X3,X4) = X0))) & r3_arytm_3(X0,k9_arytm_3(X1,X2)))))) [negated conjecture 1]
25. ! [X0,X1] : ((m1_subset_1(X1,k5_arytm_3) & m1_subset_1(X0,k5_arytm_3)) => (r3_arytm_3(X1,X0) | r3_arytm_3(X0,X1))) [input connectedness_r3_arytm_3]
30. m1_subset_1(k11_arytm_3,k5_arytm_3) [input dt_k11_arytm_3]
99. ! [X0] : (m1_subset_1(X0,k5_arytm_3) => k9_arytm_3(X0,k11_arytm_3) = X0) [input t50_arytm_3]
101. ! [X0] : (m1_subset_1(X0,k5_arytm_3) => r3_arytm_3(k11_arytm_3,X0)) [input t64_arytm_3]
104. ! [X0] : (m1_subset_1(X0,k5_arytm_3) => ! [X1] : (m1_subset_1(X1,k5_arytm_3) => ! [X2] : (m1_subset_1(X2,k5_arytm_3) => ~(! [X3] : (m1_subset_1(X3,k5_arytm_3) => ~(r3_arytm_3(X3,X2) & k9_arytm_3(X0,X3) = X1)) & r3_arytm_3(X1,k9_arytm_3(X0,X2)) & r3_arytm_3(X0,X1))))) [input t86_arytm_3]
120. ? [X0] : (? [X1] : (? [X2] : ((! [X3] : (! [X4] : ((~r3_arytm_3(X4,X2) | ~r3_arytm_3(X3,X1) | k9_arytm_3(X3,X4) != X0) | ~m1_subset_1(X4,k5_arytm_3)) | ~m1_subset_1(X3,k5_arytm_3)) & r3_arytm_3(X0,k9_arytm_3(X1,X2))) & m1_subset_1(X2,k5_arytm_3)) & m1_subset_1(X1,k5_arytm_3)) & m1_subset_1(X0,k5_arytm_3)) [ennf transformation 2]
121. ? [X0] : (? [X1] : (? [X2] : (! [X3] : (! [X4] : (~r3_arytm_3(X4,X2) | ~r3_arytm_3(X3,X1) | k9_arytm_3(X3,X4) != X0 | ~m1_subset_1(X4,k5_arytm_3)) | ~m1_subset_1(X3,k5_arytm_3)) & r3_arytm_3(X0,k9_arytm_3(X1,X2)) & m1_subset_1(X2,k5_arytm_3)) & m1_subset_1(X1,k5_arytm_3)) & m1_subset_1(X0,k5_arytm_3)) [flattening 120]
140. ! [X0] : (r3_arytm_3(k11_arytm_3,X0) | ~m1_subset_1(X0,k5_arytm_3)) [ennf transformation 101]
143. ! [X0] : (k9_arytm_3(X0,k11_arytm_3) = X0 | ~m1_subset_1(X0,k5_arytm_3)) [ennf transformation 99]
147. ! [X0] : (! [X1] : (! [X2] : ((? [X3] : ((r3_arytm_3(X3,X2) & k9_arytm_3(X0,X3) = X1) & m1_subset_1(X3,k5_arytm_3)) | ~r3_arytm_3(X1,k9_arytm_3(X0,X2)) | ~r3_arytm_3(X0,X1)) | ~m1_subset_1(X2,k5_arytm_3)) | ~m1_subset_1(X1,k5_arytm_3)) | ~m1_subset_1(X0,k5_arytm_3)) [ennf transformation 104]
148. ! [X0] : (! [X1] : (! [X2] : (? [X3] : (r3_arytm_3(X3,X2) & k9_arytm_3(X0,X3) = X1 & m1_subset_1(X3,k5_arytm_3)) | ~r3_arytm_3(X1,k9_arytm_3(X0,X2)) | ~r3_arytm_3(X0,X1) | ~m1_subset_1(X2,k5_arytm_3)) | ~m1_subset_1(X1,k5_arytm_3)) | ~m1_subset_1(X0,k5_arytm_3)) [flattening 147]
200. ! [X0,X1] : ((r3_arytm_3(X1,X0) | r3_arytm_3(X0,X1)) | (~m1_subset_1(X1,k5_arytm_3) | ~m1_subset_1(X0,k5_arytm_3))) [ennf transformation 25]
201. ! [X0,X1] : (r3_arytm_3(X1,X0) | r3_arytm_3(X0,X1) | ~m1_subset_1(X1,k5_arytm_3) | ~m1_subset_1(X0,k5_arytm_3)) [flattening 200]
202. ? [X0] : (? [X1] : (? [X2] : (! [X3] : (! [X4] : (~r3_arytm_3(X4,X2) | ~r3_arytm_3(X3,X1) | k9_arytm_3(X3,X4) != X0 | ~m1_subset_1(X4,k5_arytm_3)) | ~m1_subset_1(X3,k5_arytm_3)) & r3_arytm_3(X0,k9_arytm_3(X1,X2)) & m1_subset_1(X2,k5_arytm_3)) & m1_subset_1(X1,k5_arytm_3)) & m1_subset_1(X0,k5_arytm_3)) => (? [X1] : (? [X2] : (! [X3] : (! [X4] : (~r3_arytm_3(X4,X2) | ~r3_arytm_3(X3,X1) | k9_arytm_3(X3,X4) != sK0 | ~m1_subset_1(X4,k5_arytm_3)) | ~m1_subset_1(X3,k5_arytm_3)) & r3_arytm_3(sK0,k9_arytm_3(X1,X2)) & m1_subset_1(X2,k5_arytm_3)) & m1_subset_1(X1,k5_arytm_3)) & m1_subset_1(sK0,k5_arytm_3)) [choice axiom]
203. ? [X1] : (? [X2] : (! [X3] : (! [X4] : (~r3_arytm_3(X4,X2) | ~r3_arytm_3(X3,X1) | k9_arytm_3(X3,X4) != sK0 | ~m1_subset_1(X4,k5_arytm_3)) | ~m1_subset_1(X3,k5_arytm_3)) & r3_arytm_3(sK0,k9_arytm_3(X1,X2)) & m1_subset_1(X2,k5_arytm_3)) & m1_subset_1(X1,k5_arytm_3)) => (? [X2] : (! [X3] : (! [X4] : (~r3_arytm_3(X4,X2) | ~r3_arytm_3(X3,sK1) | k9_arytm_3(X3,X4) != sK0 | ~m1_subset_1(X4,k5_arytm_3)) | ~m1_subset_1(X3,k5_arytm_3)) & r3_arytm_3(sK0,k9_arytm_3(sK1,X2)) & m1_subset_1(X2,k5_arytm_3)) & m1_subset_1(sK1,k5_arytm_3)) [choice axiom]
204. ? [X2] : (! [X3] : (! [X4] : (~r3_arytm_3(X4,X2) | ~r3_arytm_3(X3,sK1) | k9_arytm_3(X3,X4) != sK0 | ~m1_subset_1(X4,k5_arytm_3)) | ~m1_subset_1(X3,k5_arytm_3)) & r3_arytm_3(sK0,k9_arytm_3(sK1,X2)) & m1_subset_1(X2,k5_arytm_3)) => (! [X3] : (! [X4] : (~r3_arytm_3(X4,sK2) | ~r3_arytm_3(X3,sK1) | k9_arytm_3(X3,X4) != sK0 | ~m1_subset_1(X4,k5_arytm_3)) | ~m1_subset_1(X3,k5_arytm_3)) & r3_arytm_3(sK0,k9_arytm_3(sK1,sK2)) & m1_subset_1(sK2,k5_arytm_3)) [choice axiom]
205. ((! [X3] : (! [X4] : (~r3_arytm_3(X4,sK2) | ~r3_arytm_3(X3,sK1) | k9_arytm_3(X3,X4) != sK0 | ~m1_subset_1(X4,k5_arytm_3)) | ~m1_subset_1(X3,k5_arytm_3)) & r3_arytm_3(sK0,k9_arytm_3(sK1,sK2)) & m1_subset_1(sK2,k5_arytm_3)) & m1_subset_1(sK1,k5_arytm_3)) & m1_subset_1(sK0,k5_arytm_3) [skolemisation 121,204,203,202]
210. ! [X2,X1,X0] : (? [X3] : (r3_arytm_3(X3,X2) & k9_arytm_3(X0,X3) = X1 & m1_subset_1(X3,k5_arytm_3)) => (r3_arytm_3(sK5(X0,X1,X2),X2) & k9_arytm_3(X0,sK5(X0,X1,X2)) = X1 & m1_subset_1(sK5(X0,X1,X2),k5_arytm_3))) [choice axiom]
211. ! [X0] : (! [X1] : (! [X2] : ((r3_arytm_3(sK5(X0,X1,X2),X2) & k9_arytm_3(X0,sK5(X0,X1,X2)) = X1 & m1_subset_1(sK5(X0,X1,X2),k5_arytm_3)) | ~r3_arytm_3(X1,k9_arytm_3(X0,X2)) | ~r3_arytm_3(X0,X1) | ~m1_subset_1(X2,k5_arytm_3)) | ~m1_subset_1(X1,k5_arytm_3)) | ~m1_subset_1(X0,k5_arytm_3)) [skolemisation 148,210]
247. m1_subset_1(sK0,k5_arytm_3) [cnf transformation 205] {a:0,w:3,wCS:300,goal:1,sine:0,thAx:0,allAx:4,thDist:-4}
248. m1_subset_1(sK1,k5_arytm_3) [cnf transformation 205] {a:0,w:3,wCS:300,goal:1,sine:0,thAx:0,allAx:4,thDist:-4}
249. m1_subset_1(sK2,k5_arytm_3) [cnf transformation 205] {a:0,w:3,wCS:300,goal:1,sine:0,thAx:0,allAx:4,thDist:-4}
250. r3_arytm_3(sK0,k9_arytm_3(sK1,sK2)) [cnf transformation 205] {a:0,w:5,wCS:500,goal:1,sine:0,thAx:0,allAx:4,thDist:-4}
251. k9_arytm_3(X3,X4) != sK0 | ~r3_arytm_3(X3,sK1) | ~r3_arytm_3(X4,sK2) | ~m1_subset_1(X4,k5_arytm_3) | ~m1_subset_1(X3,k5_arytm_3) [cnf transformation 205] {a:0,w:17,wCS:1700,nSel:1,goal:1,sine:0,thAx:0,allAx:4,thDist:-4}
257. m1_subset_1(k11_arytm_3,k5_arytm_3) [cnf transformation 30] {a:0,w:3,wCS:1200,sine:2,thAx:0,allAx:1,thDist:-1}
290. ~m1_subset_1(X0,k5_arytm_3) | r3_arytm_3(k11_arytm_3,X0) [cnf transformation 140] {a:0,w:6,wCS:2400,nSel:1,sine:1,thAx:0,allAx:1,thDist:-1}
293. k9_arytm_3(X0,k11_arytm_3) = X0 | ~m1_subset_1(X0,k5_arytm_3) [cnf transformation 143] {a:0,w:8,wCS:3200,nSel:1,sine:2,thAx:0,allAx:1,thDist:-1}
297. m1_subset_1(sK5(X0,X1,X2),k5_arytm_3) | ~r3_arytm_3(X1,k9_arytm_3(X0,X2)) | ~r3_arytm_3(X0,X1) | ~m1_subset_1(X2,k5_arytm_3) | ~m1_subset_1(X1,k5_arytm_3) | ~m1_subset_1(X0,k5_arytm_3) [cnf transformation 211] {a:0,w:23,wCS:9200,nSel:1,sine:1,thAx:0,allAx:2,thDist:-2}
298. k9_arytm_3(X0,sK5(X0,X1,X2)) = X1 | ~r3_arytm_3(X1,k9_arytm_3(X0,X2)) | ~r3_arytm_3(X0,X1) | ~m1_subset_1(X2,k5_arytm_3) | ~m1_subset_1(X1,k5_arytm_3) | ~m1_subset_1(X0,k5_arytm_3) [cnf transformation 211] {a:0,w:25,wCS:10000,nSel:1,sine:1,thAx:0,allAx:2,thDist:-2}
299. r3_arytm_3(sK5(X0,X1,X2),X2) | ~r3_arytm_3(X1,k9_arytm_3(X0,X2)) | ~r3_arytm_3(X0,X1) | ~m1_subset_1(X2,k5_arytm_3) | ~m1_subset_1(X1,k5_arytm_3) | ~m1_subset_1(X0,k5_arytm_3) [cnf transformation 211] {a:0,w:23,wCS:9200,nSel:1,sine:1,thAx:0,allAx:2,thDist:-2}
356. ~m1_subset_1(X1,k5_arytm_3) | r3_arytm_3(X0,X1) | r3_arytm_3(X1,X0) | ~m1_subset_1(X0,k5_arytm_3) [cnf transformation 201] {a:0,w:12,wCS:4800,nSel:1,sine:1,thAx:0,allAx:1,thDist:-1}
375. 1 <=> r3_arytm_3(sK0,k9_arytm_3(sK1,sK2)) [avatar definition]
377. r3_arytm_3(sK0,k9_arytm_3(sK1,sK2)) <- (1) [avatar component clause 375] {a:0,w:5,wCS:500,nSel:1,goal:1,sine:255,thAx:0,allAx:4,thDist:-4}
378. 1 [avatar split clause 250,375]
380. 2 <=> m1_subset_1(sK2,k5_arytm_3) [avatar definition]
382. m1_subset_1(sK2,k5_arytm_3) <- (2) [avatar component clause 380] {a:0,w:3,wCS:300,nSel:1,goal:1,sine:255,thAx:0,allAx:4,thDist:-4}
383. 2 [avatar split clause 249,380]
385. 3 <=> m1_subset_1(sK1,k5_arytm_3) [avatar definition]
387. m1_subset_1(sK1,k5_arytm_3) <- (3) [avatar component clause 385] {a:0,w:3,wCS:300,nSel:1,goal:1,sine:255,thAx:0,allAx:4,thDist:-4}
388. 3 [avatar split clause 248,385]
390. 4 <=> m1_subset_1(sK0,k5_arytm_3) [avatar definition]
392. m1_subset_1(sK0,k5_arytm_3) <- (4) [avatar component clause 390] {a:0,w:3,wCS:300,nSel:1,goal:1,sine:255,thAx:0,allAx:4,thDist:-4}
393. 4 [avatar split clause 247,390]
420. 10 <=> m1_subset_1(k11_arytm_3,k5_arytm_3) [avatar definition]
422. m1_subset_1(k11_arytm_3,k5_arytm_3) <- (10) [avatar component clause 420] {a:0,w:3,wCS:1200,nSel:1,sine:255,thAx:0,allAx:1,thDist:-1}
423. 10 [avatar split clause 257,420]
778. r3_arytm_3(k11_arytm_3,sK2) <- (2) [resolution 290,382] {a:1,w:3,wCS:300,goal:1,sine:1,thAx:0,allAx:5,thDist:-5}
798. 72 <=> r3_arytm_3(k11_arytm_3,sK2) [avatar definition]
800. r3_arytm_3(k11_arytm_3,sK2) <- (72) [avatar component clause 798] {a:1,w:3,wCS:300,nSel:1,goal:1,sine:255,thAx:0,allAx:5,thDist:-5}
801. 72 | ~2 [avatar split clause 778,380,798]
994. sK0 != X0 | ~r3_arytm_3(X0,sK1) | ~r3_arytm_3(k11_arytm_3,sK2) | ~m1_subset_1(k11_arytm_3,k5_arytm_3) | ~m1_subset_1(X0,k5_arytm_3) | ~m1_subset_1(X0,k5_arytm_3) [superposition 251,293] {a:1,w:18,wCS:1800,goal:1,sine:0,thAx:0,allAx:5,thDist:-5}
995. sK0 != X0 | ~r3_arytm_3(X0,sK1) | ~r3_arytm_3(k11_arytm_3,sK2) | ~m1_subset_1(k11_arytm_3,k5_arytm_3) | ~m1_subset_1(X0,k5_arytm_3) [duplicate literal removal 994] {a:1,w:15,wCS:1500,goal:1,sine:0,thAx:0,allAx:5,thDist:-5}
996. sK0 != X0 | ~r3_arytm_3(X0,sK1) | ~m1_subset_1(k11_arytm_3,k5_arytm_3) | ~m1_subset_1(X0,k5_arytm_3) <- (72) [subsumption resolution 995,800] {a:1,w:12,wCS:1200,goal:1,sine:0,thAx:0,allAx:5,thDist:-5}
997. sK0 != X0 | ~r3_arytm_3(X0,sK1) | ~m1_subset_1(X0,k5_arytm_3) <- (10, 72) [subsumption resolution 996,422] {a:1,w:9,wCS:900,nSel:1,goal:1,sine:0,thAx:0,allAx:5,thDist:-5}
1220. ~r3_arytm_3(sK0,sK1) | ~m1_subset_1(sK0,k5_arytm_3) <- (10, 72) [equality resolution 997] {a:2,w:6,wCS:600,goal:1,sine:0,thAx:0,allAx:5,thDist:-5}
1221. ~r3_arytm_3(sK0,sK1) <- (4, 10, 72) [subsumption resolution 1220,392] {a:2,w:3,wCS:300,goal:1,sine:0,thAx:0,allAx:5,thDist:-5}
1223. 109 <=> r3_arytm_3(sK0,sK1) [avatar definition]
1225. ~r3_arytm_3(sK0,sK1) <- (~109) [avatar component clause 1223] {a:2,w:3,wCS:300,nSel:1,goal:1,sine:255,thAx:0,allAx:5,thDist:-5}
1226. ~109 | ~4 | ~10 | ~72 [avatar split clause 1221,798,420,390,1223]
1242. ~m1_subset_1(X4,k5_arytm_3) | r3_arytm_3(sK0,X4) | r3_arytm_3(X4,sK0) <- (4) [resolution 356,392] {a:1,w:9,wCS:900,nSel:1,goal:1,sine:1,thAx:0,allAx:5,thDist:-5}
1243. ~m1_subset_1(X5,k5_arytm_3) | r3_arytm_3(sK1,X5) | r3_arytm_3(X5,sK1) <- (3) [resolution 356,387] {a:1,w:9,wCS:900,nSel:1,goal:1,sine:1,thAx:0,allAx:5,thDist:-5}
1251. r3_arytm_3(sK0,sK1) | r3_arytm_3(sK1,sK0) <- (3, 4) [resolution 1242,387] {a:2,w:6,wCS:600,goal:1,sine:1,thAx:0,allAx:9,thDist:-9}
1262. r3_arytm_3(sK1,sK0) <- (3, 4, ~109) [subsumption resolution 1251,1225] {a:2,w:3,wCS:300,goal:1,sine:1,thAx:0,allAx:9,thDist:-9}
1264. 112 <=> r3_arytm_3(sK1,sK0) [avatar definition]
1266. r3_arytm_3(sK1,sK0) <- (112) [avatar component clause 1264] {a:2,w:3,wCS:300,nSel:1,goal:1,sine:255,thAx:0,allAx:9,thDist:-9}
1267. 112 | ~3 | ~4 | 109 [avatar split clause 1262,1223,390,385,1264]
1357. r3_arytm_3(sK1,sK1) | r3_arytm_3(sK1,sK1) <- (3) [resolution 1243,387] {a:2,w:6,wCS:600,goal:1,sine:1,thAx:0,allAx:9,thDist:-9}
1362. r3_arytm_3(sK1,sK1) <- (3) [duplicate literal removal 1357] {a:2,w:3,wCS:300,goal:1,sine:1,thAx:0,allAx:9,thDist:-9}
1364. 121 <=> r3_arytm_3(sK1,sK1) [avatar definition]
1366. r3_arytm_3(sK1,sK1) <- (121) [avatar component clause 1364] {a:2,w:3,wCS:300,nSel:1,goal:1,sine:255,thAx:0,allAx:9,thDist:-9}
1367. 121 | ~3 [avatar split clause 1362,385,1364]
1505. sK0 != X10 | ~r3_arytm_3(X9,sK1) | ~r3_arytm_3(sK5(X9,X10,X11),sK2) | ~m1_subset_1(sK5(X9,X10,X11),k5_arytm_3) | ~m1_subset_1(X9,k5_arytm_3) | ~r3_arytm_3(X10,k9_arytm_3(X9,X11)) | ~r3_arytm_3(X9,X10) | ~m1_subset_1(X11,k5_arytm_3) | ~m1_subset_1(X10,k5_arytm_3) | ~m1_subset_1(X9,k5_arytm_3) [superposition 251,298] {a:1,w:38,wCS:3800,goal:1,sine:0,thAx:0,allAx:6,thDist:-6}
1506. sK0 != X10 | ~r3_arytm_3(X9,sK1) | ~r3_arytm_3(sK5(X9,X10,X11),sK2) | ~m1_subset_1(sK5(X9,X10,X11),k5_arytm_3) | ~m1_subset_1(X9,k5_arytm_3) | ~r3_arytm_3(X10,k9_arytm_3(X9,X11)) | ~r3_arytm_3(X9,X10) | ~m1_subset_1(X11,k5_arytm_3) | ~m1_subset_1(X10,k5_arytm_3) [duplicate literal removal 1505] {a:1,w:35,wCS:3500,goal:1,sine:0,thAx:0,allAx:6,thDist:-6}
1508. sK0 != X10 | ~r3_arytm_3(X9,sK1) | ~r3_arytm_3(sK5(X9,X10,X11),sK2) | ~m1_subset_1(X9,k5_arytm_3) | ~r3_arytm_3(X10,k9_arytm_3(X9,X11)) | ~r3_arytm_3(X9,X10) | ~m1_subset_1(X11,k5_arytm_3) | ~m1_subset_1(X10,k5_arytm_3) [subsumption resolution 1506,297] {a:1,w:29,wCS:2900,nSel:1,goal:1,sine:0,thAx:0,allAx:6,thDist:-6}
3148. ~r3_arytm_3(X0,sK1) | ~r3_arytm_3(sK5(X0,sK0,X1),sK2) | ~m1_subset_1(X0,k5_arytm_3) | ~r3_arytm_3(sK0,k9_arytm_3(X0,X1)) | ~r3_arytm_3(X0,sK0) | ~m1_subset_1(X1,k5_arytm_3) | ~m1_subset_1(sK0,k5_arytm_3) [equality resolution 1508] {a:2,w:26,wCS:2600,goal:1,sine:0,thAx:0,allAx:6,thDist:-6}
3149. ~r3_arytm_3(sK5(X0,sK0,X1),sK2) | ~r3_arytm_3(X0,sK1) | ~m1_subset_1(X0,k5_arytm_3) | ~r3_arytm_3(sK0,k9_arytm_3(X0,X1)) | ~r3_arytm_3(X0,sK0) | ~m1_subset_1(X1,k5_arytm_3) <- (4) [subsumption resolution 3148,392] {a:2,w:23,wCS:2300,nSel:1,goal:1,sine:0,thAx:0,allAx:6,thDist:-6}
4198. ~r3_arytm_3(X0,sK1) | ~m1_subset_1(X0,k5_arytm_3) | ~r3_arytm_3(sK0,k9_arytm_3(X0,sK2)) | ~r3_arytm_3(X0,sK0) | ~m1_subset_1(sK2,k5_arytm_3) | ~r3_arytm_3(sK0,k9_arytm_3(X0,sK2)) | ~r3_arytm_3(X0,sK0) | ~m1_subset_1(sK2,k5_arytm_3) | ~m1_subset_1(sK0,k5_arytm_3) | ~m1_subset_1(X0,k5_arytm_3) <- (4) [resolution 3149,299] {a:3,w:34,wCS:3400,goal:1,sine:0,thAx:0,allAx:8,thDist:-8}
4202. ~r3_arytm_3(X0,sK1) | ~m1_subset_1(X0,k5_arytm_3) | ~r3_arytm_3(sK0,k9_arytm_3(X0,sK2)) | ~r3_arytm_3(X0,sK0) | ~m1_subset_1(sK2,k5_arytm_3) | ~m1_subset_1(sK0,k5_arytm_3) <- (4) [duplicate literal removal 4198] {a:3,w:20,wCS:2000,goal:1,sine:0,thAx:0,allAx:8,thDist:-8}
4203. ~r3_arytm_3(X0,sK1) | ~m1_subset_1(X0,k5_arytm_3) | ~r3_arytm_3(sK0,k9_arytm_3(X0,sK2)) | ~r3_arytm_3(X0,sK0) | ~m1_subset_1(sK0,k5_arytm_3) <- (2, 4) [subsumption resolution 4202,382] {a:3,w:17,wCS:1700,goal:1,sine:0,thAx:0,allAx:8,thDist:-8}
4204. ~r3_arytm_3(sK0,k9_arytm_3(X0,sK2)) | ~m1_subset_1(X0,k5_arytm_3) | ~r3_arytm_3(X0,sK1) | ~r3_arytm_3(X0,sK0) <- (2, 4) [subsumption resolution 4203,392] {a:3,w:14,wCS:1400,nSel:1,goal:1,sine:0,thAx:0,allAx:8,thDist:-8}
4208. ~m1_subset_1(sK1,k5_arytm_3) | ~r3_arytm_3(sK1,sK1) | ~r3_arytm_3(sK1,sK0) <- (1, 2, 4) [resolution 4204,377] {a:4,w:9,wCS:900,goal:1,sine:0,thAx:0,allAx:12,thDist:-12}
4219. ~r3_arytm_3(sK1,sK1) | ~r3_arytm_3(sK1,sK0) <- (1, 2, 3, 4) [subsumption resolution 4208,387] {a:4,w:6,wCS:600,goal:1,sine:0,thAx:0,allAx:12,thDist:-12}
4220. ~r3_arytm_3(sK1,sK0) <- (1, 2, 3, 4, 121) [subsumption resolution 4219,1366] {a:4,w:3,wCS:300,goal:1,sine:0,thAx:0,allAx:12,thDist:-12}
4221. $false <- (1, 2, 3, 4, 112, 121) [subsumption resolution 4220,1266] {a:4,w:0,goal:1,sine:0,thAx:0,allAx:12,thDist:-12}
4222. ~1 | ~2 | ~3 | ~4 | ~112 | ~121 [avatar contradiction clause 4221]
4226. $false [avatar sat refutation 378,383,388,393,423,801,1226,1267,1367,4222] {a:0,w:0,goal:1,sine:0,thAx:0,allAx:3290,thDist:-3290}
% SZS output end Proof for arytm_3__t87_arytm_3
% ------------------------------
% Version: Vampire 4.5.1 (commit 226f88162 on 2021-09-12 20:13:44 +0200)
% Termination reason: Refutation

% >>> Input
% Input formulas: 104
% >>> Preprocessing
% Introduced skolems: 22
% Pure predicates: 2
% Unused predicate definitions: 1
% 
% >>> Saturation
% Initial clauses: 125
% Generated clauses: 2672
% Active clauses: 670
% Passive clauses: 1140
% Final active clauses: 541
% Final passive clauses: 314
% Main loop iterations started: 794
% 
% >>> Simplifying Inferences
% Duplicate literals: 217
% Fw subsumption resolutions: 282
% Fw demodulations: 17
% Bw demodulations: 1
% 
% >>> Deletion Inferences
% Simple tautologies: 87
% Forward subsumptions: 633
% Backward subsumptions: 72
% 
% >>> Generating Inferences
% Binary resolution: 1058
% Unit resulting resolution: 27
% Factoring: 4
% Forward superposition: 306
% Backward superposition: 227
% Self superposition: 6
% Equality resolution: 3
% 
% >>> AVATAR
% Split clauses: 99
% Split components: 206
% Sat splitting refutations: 53
% 
% >>> SAT Solver Statistics
% SAT solver clauses: 472
% SAT solver unit clauses: 42
% SAT solver binary clauses: 279
% 
% Memory used [KB]: 8315
% Time elapsed: 0.034 s
% ------------------------------
% ------------------------------
% Time measurement results:
% preprocessing: 0.001 s
% term sharing: 0.003 s
% congruence closure: 0.001 s
% non unit clause index maintenance: 0.003 s ( own 0.002 s ) 
% forward subsumption index maintenance: 0.001 s
% splitting component index usage: 0.001 s
% forward subsumption: 0.003 s
% forward subsumption resolution: 0.003 s
% backward subsumption: 0.001 s
% resolution: 0.002 s
% unit resulting resolution: 0.008 s ( own 0.007 s ) 
% superposition: 0.002 s ( own 0.001 s ) 
% other: 0.034 s ( own 0.008 s ) 

