i: [1,124,0,2,1,1,0,0] t21_arytm_3
a: [3,191,0,2,1,124]
s: 191
i: [1,123,0,2,1,1,0,0] t21_arytm_3
a: [3,196,0,2,1,123]
s: 196
i: [1,122,0,2,1,1,0,0] t21_arytm_3
a: [3,201,0,2,1,122]
s: 201
i: [1,121,0,2,1,1,0,0] t21_arytm_3
a: [3,206,0,2,1,121]
s: 206
i: [1,126,0,2,1,0,0,255] fc1_xboole_0
a: [3,211,0,2,1,126]
s: 211
i: [1,129,0,2,1,0,0,2] fc6_ordinal1
a: [3,221,0,2,1,129]
s: 221
i: [1,128,0,2,1,0,0,2] fc6_ordinal1
a: [3,226,0,2,1,128]
s: 226
i: [1,170,0,2,1,0,0,2] rc2_xboole_0
a: [3,238,0,2,1,170]
s: 238
i: [1,171,0,2,1,0,0,2] rc1_xboole_0
a: [3,243,0,2,1,171]
s: 243
i: [1,172,0,2,1,0,0,1] rc4_ordinal1
a: [3,248,0,2,1,172]
s: 248
i: [1,173,0,2,1,0,0,1] rc1_ordinal1
a: [3,253,0,2,1,173]
s: 253
i: [1,177,0,2,1,0,0,255] rc2_ordinal1
a: [3,258,0,2,1,177]
s: 258
i: [1,176,0,2,1,0,0,255] rc2_ordinal1
a: [3,263,0,2,1,176]
s: 263
i: [1,175,0,2,1,0,0,255] rc2_ordinal1
a: [3,268,0,2,1,175]
s: 268
i: [1,174,0,2,1,0,0,255] rc2_ordinal1
a: [3,273,0,2,1,174]
s: 273
i: [1,179,0,2,1,0,0,2] rc5_ordinal1
a: [3,278,0,2,1,179]
s: 278
i: [1,178,0,2,1,0,0,2] rc5_ordinal1
a: [3,283,0,2,1,178]
s: 283
i: [1,125,0,9,1,1,0,0] t21_arytm_3
a: [3,186,0,9,1,125]
s: 186
i: [1,127,0,3,1,0,0,255] t1_numerals
a: [3,216,0,3,1,127]
s: 216
i: [1,130,0,4,2,0,0,2] cc7_ordinal1
s: 130
i: [1,131,0,4,2,0,0,2] cc3_ordinal1
s: 131
d: [2,285,1,2,1,1,40,130,211]
a: [3,290,1,2,1,285]
s: 290
i: [1,133,0,4,2,0,0,1] cc6_ordinal1
s: 133
d: [2,286,1,2,1,1,40,130,243]
a: [3,295,1,2,1,286]
s: 295
i: [1,134,0,4,2,0,0,255] cc1_ordinal1
s: 134
i: [1,135,0,4,2,0,0,255] cc1_ordinal1
s: 135
d: [2,328,1,2,1,1,40,134,206]
a: [3,340,1,2,1,328]
s: 340
i: [1,155,0,4,1,0,0,2] existence_m1_subset_1
s: 155
d: [2,329,1,2,1,1,40,134,196]
a: [3,345,1,2,1,329]
s: 345
i: [1,132,0,5,2,0,0,255] t6_boole
s: 132
i: [1,138,0,5,2,0,0,2] cc8_ordinal1
s: 138
d: [2,353,1,2,1,1,40,135,206]
a: [3,365,1,2,1,353]
s: 365
i: [1,154,0,5,2,0,0,255] t7_boole
s: 154
d: [2,354,1,2,1,1,40,135,196]
a: [3,370,1,2,1,354]
s: 370
i: [1,167,0,7,3,0,0,255] reflexivity_r2_arytm_3
a: [3,233,0,5,2,167]
s: 233
i: [1,139,0,6,3,0,0,255] cc2_ordinal1
s: 139
d: [2,297,1,2,1,1,40,131,211]
a: [3,302,1,2,1,297]
s: 302
i: [1,151,0,6,2,0,0,255] t1_subset
s: 151
d: [2,298,1,2,1,1,40,131,243]
a: [3,307,1,2,1,298]
s: 307
i: [1,156,0,6,2,0,0,255] antisymmetry_r2_hidden
s: 156
i: [1,136,0,7,3,0,0,2] cc5_ordinal1
s: 136
d: [2,312,1,2,1,1,40,133,248]
a: [3,318,1,2,1,312]
s: 318
i: [1,137,0,7,3,0,0,2] cc2_ordinal2
s: 137
d: [2,313,1,2,1,1,40,133,278]
a: [3,323,1,2,1,313]
s: 323
i: [1,153,0,7,3,0,0,1] t8_boole
s: 153
i: [1,152,0,8,3,0,0,255] t2_subset
s: 152
d: [2,327,1,2,1,1,40,134,221]
a: [3,335,1,2,1,327]
s: 335
i: [1,168,0,8,3,0,0,255] dt_k11_ordinal2
s: 168
d: [2,330,1,2,1,1,40,134,253]
a: [3,350,1,2,1,330]
s: 350
i: [1,169,0,8,3,0,0,2] dt_k6_ordinal3
s: 169
i: [1,157,0,12,5,0,0,1] dt_k9_ordinal3
s: 157
d: [2,352,1,2,1,1,40,135,221]
a: [3,360,1,2,1,352]
s: 360
d: [2,454,0,10,4,0,21,157,133]
d: [2,455,0,8,3,0,21,454,133]
s: 455
d: [2,355,1,2,1,1,40,135,253]
a: [3,375,1,2,1,355]
s: 375
i: [1,163,0,12,5,0,0,255] fc4_ordinal3
s: 163
i: [1,164,0,12,5,0,0,255] fc4_ordinal3
s: 164
d: [2,391,2,2,1,1,40,302,135]
a: [3,397,2,2,1,391]
s: 397
d: [2,460,0,10,4,0,21,164,133]
d: [2,461,0,8,3,0,21,460,133]
s: 461
d: [2,392,2,2,1,1,40,302,134]
a: [3,402,2,2,1,392]
s: 402
i: [1,165,0,12,5,0,0,2] fc1_arytm_3
s: 165
i: [1,166,0,12,5,0,0,2] fc1_arytm_3
s: 166
d: [2,404,2,2,1,1,40,307,135]
a: [3,409,2,2,1,404]
s: 409
d: [2,466,0,10,4,0,21,166,133]
d: [2,467,0,8,3,0,21,466,133]
s: 467
d: [2,405,2,2,1,1,40,307,134]
a: [3,414,2,2,1,405]
s: 414
i: [1,158,0,13,5,0,0,1] dt_k4_arytm_3
s: 158
d: [2,470,0,11,4,0,21,158,133]
d: [2,471,0,9,3,0,21,470,133]
s: 471
d: [2,418,2,2,1,1,40,318,135]
a: [3,423,2,2,1,418]
s: 423
i: [1,159,0,13,5,0,0,1] dt_k3_arytm_3
s: 159
d: [2,419,2,2,1,1,40,318,134]
a: [3,428,2,2,1,419]
s: 428
d: [2,478,0,11,4,0,21,159,133]
d: [2,479,0,9,3,0,21,478,133]
s: 479
i: [1,160,0,15,5,0,0,255] redefinition_k9_ordinal3
s: 160
d: [2,430,2,2,1,1,40,323,135]
a: [3,435,2,2,1,430]
s: 435
d: [2,485,0,13,4,0,21,160,133]
d: [2,486,0,11,3,0,21,485,133]
s: 486
d: [2,431,2,2,1,1,40,323,134]
a: [3,440,2,2,1,431]
s: 440
i: [1,161,0,15,5,0,0,1] commutativity_k3_arytm_3
s: 161
d: [2,491,0,13,4,0,21,161,133]
d: [2,492,0,11,3,0,21,491,133]
s: 492
d: [2,382,1,3,1,0,40,138,155]
a: [3,386,1,3,1,382]
s: 386
i: [1,162,0,15,5,0,0,1] commutativity_k9_ordinal3
s: 162
d: [2,442,1,5,2,1,40,152,216]
d: [2,444,1,3,1,2,21,442,226]
a: [3,448,1,3,1,444]
s: 448
d: [2,503,0,13,4,0,21,162,133]
d: [2,504,0,11,3,0,21,503,133]
s: 504
i: [1,140,0,17,5,0,0,1] d6_arytm_3
s: 140
d: [2,497,2,3,1,1,40,386,133]
a: [3,501,2,3,1,497]
s: 501
d: [2,518,0,15,4,0,21,140,133]
d: [2,519,0,13,3,0,21,518,133]
s: 519
d: [2,505,2,3,1,1,40,448,156]
a: [3,512,2,3,1,505]
s: 512
i: [1,141,0,18,6,0,0,255] t7_arytm_3
s: 141
d: [2,541,0,16,5,0,21,141,133]
d: [2,542,0,14,4,0,21,541,133]
s: 542
d: [2,520,3,3,1,1,40,501,135]
a: [3,525,3,3,1,520]
s: 525
i: [1,142,0,18,6,0,0,255] t7_arytm_3
s: 142
d: [2,521,3,3,1,1,40,501,134]
a: [3,530,3,3,1,521]
s: 530
d: [2,548,0,16,5,0,21,142,133]
d: [2,549,0,14,4,0,21,548,133]
s: 549
i: [1,181,0,18,6,0,0,255] d5_arytm_3
s: 181
d: [2,463,3,4,2,1,44,397,132]
s: 463
d: [2,554,0,16,5,0,21,181,133]
d: [2,555,0,14,4,0,21,554,133]
d: [2,556,0,9,3,0,21,555,479]
s: 556
d: [2,465,3,4,2,1,44,402,132]
s: 465
i: [1,182,0,18,6,0,0,255] d5_arytm_3
s: 182
d: [2,565,0,16,5,0,21,182,133]
d: [2,566,0,14,4,0,21,565,133]
d: [2,567,0,9,3,0,21,566,479]
s: 567
d: [2,379,1,5,2,1,44,216,132]
s: 379
i: [1,146,0,27,9,0,0,255] d5_arytm_3
s: 146
d: [2,417,1,5,2,0,40,136,155]
s: 417
d: [2,576,0,25,8,0,21,146,133]
d: [2,577,0,23,7,0,21,576,133]
s: 577
i: [1,147,0,27,9,0,0,255] d5_arytm_3
s: 147
d: [2,508,2,5,2,1,44,448,132]
s: 508
d: [2,582,0,25,8,0,21,147,133]
d: [2,583,0,23,7,0,21,582,133]
s: 583
d: [2,573,2,7,3,1,40,379,152]
d: [2,575,2,5,2,2,21,573,226]
s: 575
i: [1,148,0,28,9,0,0,255] d5_arytm_3
s: 148
d: [2,588,0,26,8,0,21,148,133]
d: [2,589,0,24,7,0,21,588,133]
s: 589
d: [2,578,2,5,2,0,40,417,135]
s: 578
i: [1,149,0,28,9,0,0,255] d5_arytm_3
s: 149
d: [2,579,2,5,2,0,40,417,134]
s: 579
d: [2,591,0,26,8,0,21,149,133]
d: [2,592,0,24,7,0,21,591,133]
s: 592
i: [1,150,0,28,9,0,0,255] d5_arytm_3
s: 150
d: [2,443,1,6,2,0,40,152,155]
s: 443
d: [2,593,0,26,8,0,21,150,133]
d: [2,594,0,24,7,0,21,593,133]
s: 594
d: [2,595,2,6,2,0,40,443,156]
s: 595
i: [1,180,0,28,10,0,0,255] d5_arytm_3
s: 180
d: [2,604,0,26,9,0,21,180,133]
d: [2,605,0,24,8,0,21,604,133]
d: [2,606,0,22,7,0,21,605,133]
d: [2,607,0,17,6,0,21,606,479]
s: 607
d: [2,377,1,7,3,0,44,132,132]
s: 377
d: [2,450,1,8,3,0,40,168,135]
s: 450
d: [2,451,1,8,3,0,40,168,134]
s: 451
d: [2,452,1,8,3,0,40,169,135]
s: 452
d: [2,453,1,8,3,0,40,169,134]
s: 453
d: [2,457,1,8,3,0,40,455,135]
s: 457
d: [2,458,1,8,3,0,40,455,134]
s: 458
d: [2,464,1,8,3,0,40,461,133]
s: 464
d: [2,469,1,8,3,0,40,467,133]
s: 469
d: [2,472,1,8,3,0,40,471,138]
s: 472
d: [2,474,1,10,4,0,40,471,136]
d: [2,476,1,8,3,1,21,474,221]
s: 476
d: [2,480,1,8,3,0,40,479,138]
s: 480
d: [2,482,1,10,4,0,40,479,136]
d: [2,484,1,8,3,1,21,482,221]
s: 484
d: [2,488,1,12,5,0,44,461,486]
d: [2,490,1,8,3,0,18,488]
s: 490
d: [2,473,1,11,4,0,40,471,152]
d: [2,475,1,9,3,1,21,473,226]
s: 475
d: [2,616,2,12,5,0,44,450,486]
d: [2,617,2,10,4,0,21,616,133]
d: [2,618,2,8,3,0,21,617,133]
s: 618
d: [2,481,1,11,4,0,40,479,152]
d: [2,483,1,9,3,1,21,481,226]
s: 483
d: [2,619,2,12,5,0,44,451,486]
d: [2,620,2,10,4,0,21,619,133]
d: [2,621,2,8,3,0,21,620,133]
s: 621
d: [2,560,1,13,5,0,44,556,492]
d: [2,561,1,9,3,0,18,560]
s: 561
d: [2,559,1,13,5,0,44,556,492]
d: [2,562,1,9,3,0,18,559]
s: 562
d: [2,642,2,8,3,0,40,464,135]
s: 642
d: [2,534,1,14,5,0,44,467,519]
d: [2,536,1,12,4,0,18,534]
s: 536
d: [2,643,2,8,3,0,40,464,134]
s: 643
d: [2,535,1,14,5,0,44,169,519]
d: [2,539,1,12,4,0,21,535,133]
s: 539
d: [2,533,1,17,5,0,44,519,492]
d: [2,537,1,13,3,0,18,533]
s: 537
d: [2,646,2,8,3,0,40,469,135]
s: 646
d: [2,532,1,17,5,0,44,519,492]
d: [2,538,1,13,3,0,18,532]
s: 538
d: [2,647,2,8,3,0,40,469,134]
s: 647
d: [2,598,1,36,12,0,40,594,589]
d: [2,601,1,18,6,0,18,598]
d: [2,602,1,16,5,0,21,601,138]
s: 602
d: [2,599,1,36,12,0,40,594,592]
d: [2,600,1,18,6,0,18,599]
d: [2,603,1,16,5,0,21,600,138]
s: 603
d: [2,722,2,18,5,1,44,186,602]
d: [2,749,2,16,4,2,21,722,191]
a: [3,753,2,3,1,749]
s: 753
d: [2,543,1,24,6,0,44,542,519]
d: [2,546,1,22,5,0,18,543]
s: 546
d: [2,826,3,2,1,2,40,753,379]
a: [3,830,3,2,1,826]
s: 830
d: [2,832,1,17,4,0,21,546,567]
d: [2,833,1,13,3,0,21,832,480]
s: 833
d: [2,550,1,24,6,0,44,549,519]
d: [2,553,1,22,5,0,18,550]
s: 553
d: [2,775,2,18,5,1,44,186,603]
d: [2,803,2,16,4,2,21,775,201]
a: [3,807,2,3,1,803]
s: 807
d: [2,580,1,23,7,0,40,577,135]
s: 580
d: [2,875,3,2,1,2,40,807,379]
a: [3,879,3,2,1,875]
s: 879
d: [2,581,1,23,7,0,40,577,134]
s: 581
d: [2,608,1,53,11,0,40,607,594]
d: [2,613,1,46,10,0,21,608,583]
d: [2,614,1,41,9,0,21,613,479]
s: 614
d: [2,841,2,14,5,0,44,458,833]
d: [2,856,2,10,4,0,21,841,480]
d: [2,857,2,6,3,0,21,856,472]
a: [3,860,2,2,1,857]
s: 860
r: 833
r: 647
r: 646
r: 643
r: 642
r: 614
r: 607
r: 603
r: 602
r: 594
r: 592
r: 589
r: 583
r: 581
r: 580
r: 577
r: 567
r: 556
r: 549
r: 542
r: 537
r: 519
r: 504
r: 492
r: 490
r: 486
r: 484
r: 483
r: 480
r: 479
r: 476
r: 475
r: 472
r: 471
r: 469
r: 467
r: 464
r: 461
r: 458
r: 457
r: 455
r: 133
d: [2,909,3,0,0,2,40,860,278]
e: 909
d: [2,908,3,0,0,2,40,860,248]
e: 908
d: [2,907,3,0,0,2,40,860,295]
e: 907
d: [2,906,3,0,0,2,40,860,386]
e: 906
d: [2,905,3,0,0,2,40,860,191]
e: 905
d: [2,904,3,0,0,2,40,860,201]
e: 904
d: [2,903,3,0,0,2,40,860,290]
e: 903
d: [2,900,3,0,0,2,52,290,860]
e: 900
d: [2,901,3,0,0,2,52,216,860,138]
e: 901
d: [2,902,3,0,0,2,52,211,860,130]
e: 902
r: 860
s: 133
a: [3,863,2,4,2,857]
s: 863
s: 455
s: 461
d: [2,842,2,14,5,0,44,457,833]
d: [2,865,2,10,4,0,21,842,480]
d: [2,866,2,6,3,0,21,865,472]
a: [3,869,2,4,2,866]
s: 869
s: 467
s: 457
s: 471
s: 479
s: 458
s: 556
s: 464
s: 567
s: 486
s: 469
s: 492
s: 472
s: 504
s: 519
s: 476
s: 542
s: 480
s: 549
s: 607
s: 484
s: 577
s: 490
s: 583
s: 589
d: [2,934,1,8,3,0,40,455,135]
s: 934
s: 592
d: [2,935,1,8,3,0,40,455,134]
s: 935
s: 594
d: [2,937,1,8,3,0,40,461,133]
s: 937
d: [2,948,1,8,3,0,40,467,133]
s: 948
d: [2,950,1,8,3,0,40,471,138]
s: 950
d: [2,952,1,10,4,0,40,471,136]
d: [2,954,1,8,3,1,21,952,221]
s: 954
d: [2,955,1,8,3,0,40,479,138]
s: 955
d: [2,957,1,10,4,0,40,479,136]
d: [2,959,1,8,3,1,21,957,221]
s: 959
d: [2,965,1,12,5,0,44,461,486]
d: [2,968,1,8,3,0,18,965]
s: 968
s: 475
s: 642
s: 483
d: [2,951,1,11,4,0,40,471,152]
d: [2,953,1,9,3,1,21,951,226]
s: 953
s: 643
d: [2,956,1,11,4,0,40,479,152]
d: [2,958,1,9,3,1,21,956,226]
s: 958
s: 646
d: [2,1000,1,14,5,0,44,169,519]
d: [2,1009,1,12,4,0,21,1000,133]
s: 1009
s: 537
s: 647
s: 833
d: [2,650,2,8,3,0,40,472,133]
s: 650
d: [2,999,1,17,5,0,44,519,492]
d: [2,1007,1,13,3,0,18,999]
s: 1007
d: [2,998,1,17,5,0,44,519,492]
d: [2,1008,1,13,3,0,18,998]
s: 1008
d: [2,651,2,8,3,1,40,476,135]
s: 651
s: 602
d: [2,652,2,8,3,1,40,476,134]
s: 652
s: 603
d: [2,1058,1,36,12,0,40,594,589]
d: [2,1062,1,18,6,0,18,1058]
d: [2,1063,1,16,5,0,21,1062,138]
s: 1063
d: [2,653,2,8,3,0,40,480,133]
s: 653
d: [2,1059,1,36,12,0,40,594,592]
d: [2,1061,1,18,6,0,18,1059]
d: [2,1064,1,16,5,0,21,1061,138]
s: 1064
d: [2,658,2,8,3,1,40,484,135]
s: 658
d: [2,1014,1,24,6,0,44,542,519]
d: [2,1021,1,22,5,0,18,1014]
d: [2,1022,1,17,4,0,21,1021,567]
s: 1022
s: 580
d: [2,659,2,8,3,1,40,484,134]
s: 659
s: 581
d: [2,689,2,14,5,0,44,452,537]
d: [2,701,2,12,4,0,21,689,133]
d: [2,702,2,8,3,1,21,701,484]
s: 702
d: [2,1044,1,23,7,0,40,577,135]
s: 1044
d: [2,1045,1,23,7,0,40,577,134]
s: 1045
d: [2,690,2,14,5,0,44,453,537]
d: [2,703,2,12,4,0,21,690,133]
d: [2,704,2,8,3,1,21,703,484]
s: 704
s: 614
d: [2,960,2,8,3,0,40,464,135]
s: 960
d: [2,1060,1,53,11,0,40,594,607]
d: [2,1065,1,48,10,0,21,1060,479]
s: 1065
d: [2,961,2,8,3,0,40,464,134]
s: 961
d: [2,969,2,8,3,0,40,469,135]
s: 969
d: [2,970,2,8,3,0,40,469,134]
s: 970
d: [2,985,2,8,3,0,40,472,133]
s: 985
d: [2,1012,2,8,3,1,40,476,135]
s: 1012
d: [2,1013,2,8,3,1,40,476,134]
s: 1013
d: [2,1025,2,8,3,0,40,480,133]
s: 1025
d: [2,1038,2,8,3,1,40,484,135]
s: 1038
d: [2,1039,2,8,3,1,40,484,134]
s: 1039
d: [2,1088,2,14,5,0,44,452,537]
d: [2,1102,2,12,4,0,21,1088,133]
d: [2,1103,2,8,3,1,21,1102,484]
s: 1103
d: [2,1089,2,14,5,0,44,453,537]
d: [2,1104,2,12,4,0,21,1089,133]
d: [2,1105,2,8,3,1,21,1104,484]
s: 1105
d: [2,708,3,14,5,0,44,646,519]
d: [2,711,3,12,4,0,18,708]
d: [2,712,3,8,3,0,21,711,480]
s: 712
d: [2,630,2,15,6,0,44,457,542]
d: [2,631,2,13,5,0,18,630]
d: [2,634,2,9,4,0,21,631,467]
s: 634
d: [2,709,3,14,5,0,44,646,537]
d: [2,710,3,12,4,0,18,709]
d: [2,713,3,8,3,0,21,710,480]
s: 713
d: [2,637,2,15,6,0,44,458,542]
d: [2,638,2,13,5,0,18,637]
d: [2,641,2,9,4,0,21,638,467]
s: 641
d: [2,671,2,9,3,1,40,475,156]
s: 671
d: [2,714,3,14,5,0,44,647,519]
d: [2,717,3,12,4,0,18,714]
d: [2,718,3,8,3,0,21,717,480]
s: 718
d: [2,674,2,9,3,1,40,483,156]
s: 674
d: [2,715,3,14,5,0,44,647,537]
d: [2,716,3,12,4,0,18,715]
d: [2,719,3,8,3,0,21,716,480]
s: 719
d: [2,1066,2,9,3,1,40,475,156]
s: 1066
d: [2,1072,2,9,3,1,40,483,156]
s: 1072
d: [2,936,3,8,3,1,40,461,863]
s: 936
d: [2,623,2,14,5,0,44,452,519]
d: [2,624,2,12,4,0,21,623,133]
s: 624
d: [2,938,3,8,3,1,40,869,461]
s: 938
d: [2,625,2,14,5,0,44,453,519]
d: [2,626,2,12,4,0,21,625,133]
s: 626
d: [2,648,2,14,5,0,44,469,519]
d: [2,649,2,12,4,0,18,648]
s: 649
d: [2,946,3,8,3,1,40,467,869]
s: 946
d: [2,1004,2,14,5,0,44,469,519]
d: [2,1005,2,12,4,0,18,1004]
s: 1005
d: [2,947,3,8,3,1,40,467,863]
s: 947
d: [2,1001,2,14,5,0,44,452,519]
d: [2,1010,2,12,4,0,21,1001,133]
s: 1010
d: [2,1002,2,14,5,0,44,453,519]
d: [2,1011,2,12,4,0,21,1002,133]
s: 1011
d: [2,983,3,8,3,1,40,472,869]
s: 983
d: [2,693,2,24,6,0,44,542,537]
d: [2,696,2,22,5,0,18,693]
d: [2,705,2,17,4,0,21,696,556]
d: [2,706,2,13,3,0,21,705,480]
s: 706
d: [2,984,3,8,3,1,40,472,863]
s: 984
d: [2,837,2,17,5,0,44,833,492]
d: [2,846,2,13,3,0,18,837]
s: 846
d: [2,836,2,17,5,0,44,833,492]
d: [2,847,2,13,3,0,18,836]
s: 847
d: [2,1023,3,8,3,1,40,480,869]
s: 1023
d: [2,838,2,21,5,0,44,833,504]
d: [2,852,2,17,4,0,21,838,480]
d: [2,853,2,13,3,0,21,852,472]
s: 853
d: [2,1284,3,0,0,3,52,191,201,186,853]
e: 1284
d: [2,1289,3,7,3,1,44,186,853]
d: [2,1294,3,4,2,1,19,1289]
d: [2,1302,3,2,1,2,21,1294,201]
d: [2,1303,3,0,0,3,21,1302,191]
e: 1303
f: 1303,122,124,125
% Refutation found. Thanks to Tanya!
% SZS status Theorem for arytm_3__t21_arytm_3
% SZS output start Proof for arytm_3__t21_arytm_3
1. ! [X0] : ((v7_ordinal1(X0) & v3_ordinal1(X0)) => ! [X1] : ((v7_ordinal1(X1) & v3_ordinal1(X1)) => k9_ordinal3(k4_arytm_3(X0,X1),k3_arytm_3(X0,X1)) = X0)) [input t21_arytm_3]
2. ~! [X0] : ((v7_ordinal1(X0) & v3_ordinal1(X0)) => ! [X1] : ((v7_ordinal1(X1) & v3_ordinal1(X1)) => k9_ordinal3(k4_arytm_3(X0,X1),k3_arytm_3(X0,X1)) = X0)) [negated conjecture 1]
10. ! [X0] : (v7_ordinal1(X0) => v3_ordinal1(X0)) [input cc6_ordinal1]
12. ! [X0] : (m1_subset_1(X0,k4_ordinal1) => v7_ordinal1(X0)) [input cc8_ordinal1]
15. ! [X0,X1] : ((v7_ordinal1(X1) & v3_ordinal1(X1) & v7_ordinal1(X0) & v3_ordinal1(X0)) => k9_ordinal3(X0,X1) = k9_ordinal3(X1,X0)) [input commutativity_k9_ordinal3]
16. ! [X0] : ((v7_ordinal1(X0) & v3_ordinal1(X0)) => ! [X1] : ((v7_ordinal1(X1) & v3_ordinal1(X1)) => ! [X2] : (m1_subset_1(X2,k4_ordinal1) => (k3_arytm_3(X0,X1) = X2 <=> (! [X3] : ((v7_ordinal1(X3) & v3_ordinal1(X3)) => ((r2_arytm_3(X3,X1) & r2_arytm_3(X3,X0)) => r2_arytm_3(X3,X2))) & r2_arytm_3(X2,X1) & r2_arytm_3(X2,X0)))))) [input d5_arytm_3]
17. ! [X0] : ((v7_ordinal1(X0) & v3_ordinal1(X0)) => ! [X1] : ((v7_ordinal1(X1) & v3_ordinal1(X1)) => k4_arytm_3(X0,X1) = k6_ordinal3(X0,k3_arytm_3(X0,X1)))) [input d6_arytm_3]
20. ! [X0,X1] : ((v7_ordinal1(X1) & v3_ordinal1(X1) & v7_ordinal1(X0) & v3_ordinal1(X0)) => m1_subset_1(k3_arytm_3(X0,X1),k4_ordinal1)) [input dt_k3_arytm_3]
21. ! [X0,X1] : ((v7_ordinal1(X1) & v3_ordinal1(X1) & v7_ordinal1(X0) & v3_ordinal1(X0)) => m1_subset_1(k4_arytm_3(X0,X1),k4_ordinal1)) [input dt_k4_arytm_3]
43. ! [X0] : ((v7_ordinal1(X0) & v3_ordinal1(X0)) => ! [X1] : ((v7_ordinal1(X1) & v3_ordinal1(X1)) => (r2_arytm_3(X1,X0) <=> k9_ordinal3(X1,k6_ordinal3(X0,X1)) = X0))) [input t7_arytm_3]
52. ? [X0] : (? [X1] : (k9_ordinal3(k4_arytm_3(X0,X1),k3_arytm_3(X0,X1)) != X0 & (v7_ordinal1(X1) & v3_ordinal1(X1))) & (v7_ordinal1(X0) & v3_ordinal1(X0))) [ennf transformation 2]
53. ? [X0] : (? [X1] : (k9_ordinal3(k4_arytm_3(X0,X1),k3_arytm_3(X0,X1)) != X0 & v7_ordinal1(X1) & v3_ordinal1(X1)) & v7_ordinal1(X0) & v3_ordinal1(X0)) [flattening 52]
57. ! [X0] : (v3_ordinal1(X0) | ~v7_ordinal1(X0)) [ennf transformation 10]
61. ! [X0] : (v7_ordinal1(X0) | ~m1_subset_1(X0,k4_ordinal1)) [ennf transformation 12]
64. ! [X0] : (! [X1] : (k4_arytm_3(X0,X1) = k6_ordinal3(X0,k3_arytm_3(X0,X1)) | (~v7_ordinal1(X1) | ~v3_ordinal1(X1))) | (~v7_ordinal1(X0) | ~v3_ordinal1(X0))) [ennf transformation 17]
65. ! [X0] : (! [X1] : (k4_arytm_3(X0,X1) = k6_ordinal3(X0,k3_arytm_3(X0,X1)) | ~v7_ordinal1(X1) | ~v3_ordinal1(X1)) | ~v7_ordinal1(X0) | ~v3_ordinal1(X0)) [flattening 64]
66. ! [X0] : (! [X1] : ((r2_arytm_3(X1,X0) <=> k9_ordinal3(X1,k6_ordinal3(X0,X1)) = X0) | (~v7_ordinal1(X1) | ~v3_ordinal1(X1))) | (~v7_ordinal1(X0) | ~v3_ordinal1(X0))) [ennf transformation 43]
67. ! [X0] : (! [X1] : ((r2_arytm_3(X1,X0) <=> k9_ordinal3(X1,k6_ordinal3(X0,X1)) = X0) | ~v7_ordinal1(X1) | ~v3_ordinal1(X1)) | ~v7_ordinal1(X0) | ~v3_ordinal1(X0)) [flattening 66]
68. ! [X0] : (! [X1] : (! [X2] : ((k3_arytm_3(X0,X1) = X2 <=> (! [X3] : ((r2_arytm_3(X3,X2) | (~r2_arytm_3(X3,X1) | ~r2_arytm_3(X3,X0))) | (~v7_ordinal1(X3) | ~v3_ordinal1(X3))) & r2_arytm_3(X2,X1) & r2_arytm_3(X2,X0))) | ~m1_subset_1(X2,k4_ordinal1)) | (~v7_ordinal1(X1) | ~v3_ordinal1(X1))) | (~v7_ordinal1(X0) | ~v3_ordinal1(X0))) [ennf transformation 16]
69. ! [X0] : (! [X1] : (! [X2] : ((k3_arytm_3(X0,X1) = X2 <=> (! [X3] : (r2_arytm_3(X3,X2) | ~r2_arytm_3(X3,X1) | ~r2_arytm_3(X3,X0) | ~v7_ordinal1(X3) | ~v3_ordinal1(X3)) & r2_arytm_3(X2,X1) & r2_arytm_3(X2,X0))) | ~m1_subset_1(X2,k4_ordinal1)) | ~v7_ordinal1(X1) | ~v3_ordinal1(X1)) | ~v7_ordinal1(X0) | ~v3_ordinal1(X0)) [flattening 68]
78. ! [X0,X1] : (m1_subset_1(k4_arytm_3(X0,X1),k4_ordinal1) | (~v7_ordinal1(X1) | ~v3_ordinal1(X1) | ~v7_ordinal1(X0) | ~v3_ordinal1(X0))) [ennf transformation 21]
79. ! [X0,X1] : (m1_subset_1(k4_arytm_3(X0,X1),k4_ordinal1) | ~v7_ordinal1(X1) | ~v3_ordinal1(X1) | ~v7_ordinal1(X0) | ~v3_ordinal1(X0)) [flattening 78]
80. ! [X0,X1] : (m1_subset_1(k3_arytm_3(X0,X1),k4_ordinal1) | (~v7_ordinal1(X1) | ~v3_ordinal1(X1) | ~v7_ordinal1(X0) | ~v3_ordinal1(X0))) [ennf transformation 20]
81. ! [X0,X1] : (m1_subset_1(k3_arytm_3(X0,X1),k4_ordinal1) | ~v7_ordinal1(X1) | ~v3_ordinal1(X1) | ~v7_ordinal1(X0) | ~v3_ordinal1(X0)) [flattening 80]
86. ! [X0,X1] : (k9_ordinal3(X0,X1) = k9_ordinal3(X1,X0) | (~v7_ordinal1(X1) | ~v3_ordinal1(X1) | ~v7_ordinal1(X0) | ~v3_ordinal1(X0))) [ennf transformation 15]
87. ! [X0,X1] : (k9_ordinal3(X0,X1) = k9_ordinal3(X1,X0) | ~v7_ordinal1(X1) | ~v3_ordinal1(X1) | ~v7_ordinal1(X0) | ~v3_ordinal1(X0)) [flattening 86]
98. ? [X0] : (? [X1] : (k9_ordinal3(k4_arytm_3(X0,X1),k3_arytm_3(X0,X1)) != X0 & v7_ordinal1(X1) & v3_ordinal1(X1)) & v7_ordinal1(X0) & v3_ordinal1(X0)) => (? [X1] : (sK0 != k9_ordinal3(k4_arytm_3(sK0,X1),k3_arytm_3(sK0,X1)) & v7_ordinal1(X1) & v3_ordinal1(X1)) & v7_ordinal1(sK0) & v3_ordinal1(sK0)) [choice axiom]
99. ? [X1] : (sK0 != k9_ordinal3(k4_arytm_3(sK0,X1),k3_arytm_3(sK0,X1)) & v7_ordinal1(X1) & v3_ordinal1(X1)) => (sK0 != k9_ordinal3(k4_arytm_3(sK0,sK1),k3_arytm_3(sK0,sK1)) & v7_ordinal1(sK1) & v3_ordinal1(sK1)) [choice axiom]
100. (sK0 != k9_ordinal3(k4_arytm_3(sK0,sK1),k3_arytm_3(sK0,sK1)) & v7_ordinal1(sK1) & v3_ordinal1(sK1)) & v7_ordinal1(sK0) & v3_ordinal1(sK0) [skolemisation 53,99,98]
101. ! [X0] : (! [X1] : (((r2_arytm_3(X1,X0) | k9_ordinal3(X1,k6_ordinal3(X0,X1)) != X0) & (k9_ordinal3(X1,k6_ordinal3(X0,X1)) = X0 | ~r2_arytm_3(X1,X0))) | ~v7_ordinal1(X1) | ~v3_ordinal1(X1)) | ~v7_ordinal1(X0) | ~v3_ordinal1(X0)) [nnf transformation 67]
102. ! [X0] : (! [X1] : (! [X2] : (((k3_arytm_3(X0,X1) = X2 | (? [X3] : (~r2_arytm_3(X3,X2) & r2_arytm_3(X3,X1) & r2_arytm_3(X3,X0) & v7_ordinal1(X3) & v3_ordinal1(X3)) | ~r2_arytm_3(X2,X1) | ~r2_arytm_3(X2,X0))) & ((! [X3] : (r2_arytm_3(X3,X2) | ~r2_arytm_3(X3,X1) | ~r2_arytm_3(X3,X0) | ~v7_ordinal1(X3) | ~v3_ordinal1(X3)) & r2_arytm_3(X2,X1) & r2_arytm_3(X2,X0)) | k3_arytm_3(X0,X1) != X2)) | ~m1_subset_1(X2,k4_ordinal1)) | ~v7_ordinal1(X1) | ~v3_ordinal1(X1)) | ~v7_ordinal1(X0) | ~v3_ordinal1(X0)) [nnf transformation 69]
103. ! [X0] : (! [X1] : (! [X2] : (((k3_arytm_3(X0,X1) = X2 | ? [X3] : (~r2_arytm_3(X3,X2) & r2_arytm_3(X3,X1) & r2_arytm_3(X3,X0) & v7_ordinal1(X3) & v3_ordinal1(X3)) | ~r2_arytm_3(X2,X1) | ~r2_arytm_3(X2,X0)) & ((! [X3] : (r2_arytm_3(X3,X2) | ~r2_arytm_3(X3,X1) | ~r2_arytm_3(X3,X0) | ~v7_ordinal1(X3) | ~v3_ordinal1(X3)) & r2_arytm_3(X2,X1) & r2_arytm_3(X2,X0)) | k3_arytm_3(X0,X1) != X2)) | ~m1_subset_1(X2,k4_ordinal1)) | ~v7_ordinal1(X1) | ~v3_ordinal1(X1)) | ~v7_ordinal1(X0) | ~v3_ordinal1(X0)) [flattening 102]
104. ! [X0] : (! [X1] : (! [X2] : (((k3_arytm_3(X0,X1) = X2 | ? [X3] : (~r2_arytm_3(X3,X2) & r2_arytm_3(X3,X1) & r2_arytm_3(X3,X0) & v7_ordinal1(X3) & v3_ordinal1(X3)) | ~r2_arytm_3(X2,X1) | ~r2_arytm_3(X2,X0)) & ((! [X4] : (r2_arytm_3(X4,X2) | ~r2_arytm_3(X4,X1) | ~r2_arytm_3(X4,X0) | ~v7_ordinal1(X4) | ~v3_ordinal1(X4)) & r2_arytm_3(X2,X1) & r2_arytm_3(X2,X0)) | k3_arytm_3(X0,X1) != X2)) | ~m1_subset_1(X2,k4_ordinal1)) | ~v7_ordinal1(X1) | ~v3_ordinal1(X1)) | ~v7_ordinal1(X0) | ~v3_ordinal1(X0)) [rectify 103]
105. ! [X2,X1,X0] : (? [X3] : (~r2_arytm_3(X3,X2) & r2_arytm_3(X3,X1) & r2_arytm_3(X3,X0) & v7_ordinal1(X3) & v3_ordinal1(X3)) => (~r2_arytm_3(sK2(X0,X1,X2),X2) & r2_arytm_3(sK2(X0,X1,X2),X1) & r2_arytm_3(sK2(X0,X1,X2),X0) & v7_ordinal1(sK2(X0,X1,X2)) & v3_ordinal1(sK2(X0,X1,X2)))) [choice axiom]
106. ! [X0] : (! [X1] : (! [X2] : (((k3_arytm_3(X0,X1) = X2 | (~r2_arytm_3(sK2(X0,X1,X2),X2) & r2_arytm_3(sK2(X0,X1,X2),X1) & r2_arytm_3(sK2(X0,X1,X2),X0) & v7_ordinal1(sK2(X0,X1,X2)) & v3_ordinal1(sK2(X0,X1,X2))) | ~r2_arytm_3(X2,X1) | ~r2_arytm_3(X2,X0)) & ((! [X4] : (r2_arytm_3(X4,X2) | ~r2_arytm_3(X4,X1) | ~r2_arytm_3(X4,X0) | ~v7_ordinal1(X4) | ~v3_ordinal1(X4)) & r2_arytm_3(X2,X1) & r2_arytm_3(X2,X0)) | k3_arytm_3(X0,X1) != X2)) | ~m1_subset_1(X2,k4_ordinal1)) | ~v7_ordinal1(X1) | ~v3_ordinal1(X1)) | ~v7_ordinal1(X0) | ~v3_ordinal1(X0)) [skolemisation 104,105]
122. v7_ordinal1(sK0) [cnf transformation 100] {a:0,w:2,wCS:200,goal:1,sine:0,thAx:0,allAx:3,thDist:-3}
124. v7_ordinal1(sK1) [cnf transformation 100] {a:0,w:2,wCS:200,goal:1,sine:0,thAx:0,allAx:3,thDist:-3}
125. sK0 != k9_ordinal3(k4_arytm_3(sK0,sK1),k3_arytm_3(sK0,sK1)) [cnf transformation 100] {a:0,w:9,wCS:900,goal:1,sine:0,thAx:0,allAx:3,thDist:-3}
133. ~v7_ordinal1(X0) | v3_ordinal1(X0) [cnf transformation 57] {a:0,w:4,wCS:1600,nSel:1,sine:1,thAx:0,allAx:1,thDist:-1}
138. ~m1_subset_1(X0,k4_ordinal1) | v7_ordinal1(X0) [cnf transformation 61] {a:0,w:5,wCS:2000,nSel:1,sine:2,thAx:0,allAx:1,thDist:-1}
140. k4_arytm_3(X0,X1) = k6_ordinal3(X0,k3_arytm_3(X0,X1)) | ~v7_ordinal1(X1) | ~v3_ordinal1(X1) | ~v7_ordinal1(X0) | ~v3_ordinal1(X0) [cnf transformation 65] {a:0,w:17,wCS:6800,sine:1,thAx:0,allAx:1,thDist:-1}
141. k9_ordinal3(X1,k6_ordinal3(X0,X1)) = X0 | ~r2_arytm_3(X1,X0) | ~v7_ordinal1(X1) | ~v3_ordinal1(X1) | ~v7_ordinal1(X0) | ~v3_ordinal1(X0) [cnf transformation 101] {a:0,w:18,wCS:7200,sine:255,thAx:0,allAx:1,thDist:-1}
143. r2_arytm_3(X2,X0) | k3_arytm_3(X0,X1) != X2 | ~m1_subset_1(X2,k4_ordinal1) | ~v7_ordinal1(X1) | ~v3_ordinal1(X1) | ~v7_ordinal1(X0) | ~v3_ordinal1(X0) [cnf transformation 106] {a:0,w:19,wCS:7600,sine:255,thAx:0,allAx:2,thDist:-2}
158. m1_subset_1(k4_arytm_3(X0,X1),k4_ordinal1) | ~v7_ordinal1(X1) | ~v3_ordinal1(X1) | ~v7_ordinal1(X0) | ~v3_ordinal1(X0) [cnf transformation 79] {a:0,w:13,wCS:5200,sine:1,thAx:0,allAx:1,thDist:-1}
159. m1_subset_1(k3_arytm_3(X0,X1),k4_ordinal1) | ~v7_ordinal1(X1) | ~v3_ordinal1(X1) | ~v7_ordinal1(X0) | ~v3_ordinal1(X0) [cnf transformation 81] {a:0,w:13,wCS:5200,sine:1,thAx:0,allAx:1,thDist:-1}
162. k9_ordinal3(X0,X1) = k9_ordinal3(X1,X0) | ~v7_ordinal1(X1) | ~v3_ordinal1(X1) | ~v7_ordinal1(X0) | ~v3_ordinal1(X0) [cnf transformation 87] {a:0,w:15,wCS:6000,sine:1,thAx:0,allAx:1,thDist:-1}
182. r2_arytm_3(k3_arytm_3(X0,X1),X0) | ~m1_subset_1(k3_arytm_3(X0,X1),k4_ordinal1) | ~v7_ordinal1(X1) | ~v3_ordinal1(X1) | ~v7_ordinal1(X0) | ~v3_ordinal1(X0) [equality resolution 143] {a:0,w:18,wCS:7200,sine:255,thAx:0,allAx:2,thDist:-2}
184. 1 <=> sK0 = k9_ordinal3(k4_arytm_3(sK0,sK1),k3_arytm_3(sK0,sK1)) [avatar definition]
186. sK0 != k9_ordinal3(k4_arytm_3(sK0,sK1),k3_arytm_3(sK0,sK1)) <- (~1) [avatar component clause 184] {a:0,w:9,wCS:900,nSel:1,goal:1,sine:255,thAx:0,allAx:3,thDist:-3}
187. ~1 [avatar split clause 125,184]
189. 2 <=> v7_ordinal1(sK1) [avatar definition]
191. v7_ordinal1(sK1) <- (2) [avatar component clause 189] {a:0,w:2,wCS:200,nSel:1,goal:1,sine:255,thAx:0,allAx:3,thDist:-3}
192. 2 [avatar split clause 124,189]
199. 4 <=> v7_ordinal1(sK0) [avatar definition]
201. v7_ordinal1(sK0) <- (4) [avatar component clause 199] {a:0,w:2,wCS:200,nSel:1,goal:1,sine:255,thAx:0,allAx:3,thDist:-3}
202. 4 [avatar split clause 122,199]
470. m1_subset_1(k4_arytm_3(X0,X1),k4_ordinal1) | ~v7_ordinal1(X1) | ~v7_ordinal1(X0) | ~v3_ordinal1(X0) [subsumption resolution 158,133] {a:0,w:11,wCS:4400,sine:1,thAx:0,allAx:1,thDist:-1}
471. m1_subset_1(k4_arytm_3(X0,X1),k4_ordinal1) | ~v7_ordinal1(X1) | ~v7_ordinal1(X0) [subsumption resolution 470,133] {a:0,w:9,wCS:3600,nSel:1,sine:1,thAx:0,allAx:1,thDist:-1}
472. v7_ordinal1(k4_arytm_3(X1,X0)) | ~v7_ordinal1(X1) | ~v7_ordinal1(X0) [resolution 471,138] {a:1,w:8,wCS:3200,nSel:1,sine:1,thAx:0,allAx:2,thDist:-2}
478. m1_subset_1(k3_arytm_3(X0,X1),k4_ordinal1) | ~v7_ordinal1(X1) | ~v7_ordinal1(X0) | ~v3_ordinal1(X0) [subsumption resolution 159,133] {a:0,w:11,wCS:4400,sine:1,thAx:0,allAx:1,thDist:-1}
479. m1_subset_1(k3_arytm_3(X0,X1),k4_ordinal1) | ~v7_ordinal1(X1) | ~v7_ordinal1(X0) [subsumption resolution 478,133] {a:0,w:9,wCS:3600,nSel:1,sine:1,thAx:0,allAx:1,thDist:-1}
480. v7_ordinal1(k3_arytm_3(X1,X0)) | ~v7_ordinal1(X1) | ~v7_ordinal1(X0) [resolution 479,138] {a:1,w:8,wCS:3200,nSel:1,sine:1,thAx:0,allAx:2,thDist:-2}
503. k9_ordinal3(X0,X1) = k9_ordinal3(X1,X0) | ~v7_ordinal1(X1) | ~v7_ordinal1(X0) | ~v3_ordinal1(X0) [subsumption resolution 162,133] {a:0,w:13,wCS:5200,sine:1,thAx:0,allAx:1,thDist:-1}
504. k9_ordinal3(X0,X1) = k9_ordinal3(X1,X0) | ~v7_ordinal1(X1) | ~v7_ordinal1(X0) [subsumption resolution 503,133] {a:0,w:11,wCS:4400,nSel:1,sine:1,thAx:0,allAx:1,thDist:-1}
518. k4_arytm_3(X0,X1) = k6_ordinal3(X0,k3_arytm_3(X0,X1)) | ~v7_ordinal1(X1) | ~v7_ordinal1(X0) | ~v3_ordinal1(X0) [subsumption resolution 140,133] {a:0,w:15,wCS:6000,sine:1,thAx:0,allAx:1,thDist:-1}
519. k4_arytm_3(X0,X1) = k6_ordinal3(X0,k3_arytm_3(X0,X1)) | ~v7_ordinal1(X1) | ~v7_ordinal1(X0) [subsumption resolution 518,133] {a:0,w:13,wCS:5200,nSel:1,sine:1,thAx:0,allAx:1,thDist:-1}
541. k9_ordinal3(X1,k6_ordinal3(X0,X1)) = X0 | ~r2_arytm_3(X1,X0) | ~v7_ordinal1(X1) | ~v7_ordinal1(X0) | ~v3_ordinal1(X0) [subsumption resolution 141,133] {a:0,w:16,wCS:6400,sine:1,thAx:0,allAx:1,thDist:-1}
542. k9_ordinal3(X1,k6_ordinal3(X0,X1)) = X0 | ~r2_arytm_3(X1,X0) | ~v7_ordinal1(X1) | ~v7_ordinal1(X0) [subsumption resolution 541,133] {a:0,w:14,wCS:5600,nSel:1,sine:1,thAx:0,allAx:1,thDist:-1}
543. k9_ordinal3(k3_arytm_3(X0,X1),k4_arytm_3(X0,X1)) = X0 | ~r2_arytm_3(k3_arytm_3(X0,X1),X0) | ~v7_ordinal1(k3_arytm_3(X0,X1)) | ~v7_ordinal1(X0) | ~v7_ordinal1(X1) | ~v7_ordinal1(X0) [superposition 542,519] {a:1,w:24,wCS:9600,sine:1,thAx:0,allAx:2,thDist:-2}
546. k9_ordinal3(k3_arytm_3(X0,X1),k4_arytm_3(X0,X1)) = X0 | ~r2_arytm_3(k3_arytm_3(X0,X1),X0) | ~v7_ordinal1(k3_arytm_3(X0,X1)) | ~v7_ordinal1(X0) | ~v7_ordinal1(X1) [duplicate literal removal 543] {a:1,w:22,wCS:8800,sine:1,thAx:0,allAx:2,thDist:-2}
565. r2_arytm_3(k3_arytm_3(X0,X1),X0) | ~m1_subset_1(k3_arytm_3(X0,X1),k4_ordinal1) | ~v7_ordinal1(X1) | ~v7_ordinal1(X0) | ~v3_ordinal1(X0) [subsumption resolution 182,133] {a:0,w:16,wCS:6400,sine:1,thAx:0,allAx:2,thDist:-2}
566. r2_arytm_3(k3_arytm_3(X0,X1),X0) | ~m1_subset_1(k3_arytm_3(X0,X1),k4_ordinal1) | ~v7_ordinal1(X1) | ~v7_ordinal1(X0) [subsumption resolution 565,133] {a:0,w:14,wCS:5600,sine:1,thAx:0,allAx:2,thDist:-2}
567. r2_arytm_3(k3_arytm_3(X0,X1),X0) | ~v7_ordinal1(X1) | ~v7_ordinal1(X0) [subsumption resolution 566,479] {a:0,w:9,wCS:3600,nSel:1,sine:1,thAx:0,allAx:2,thDist:-2}
832. k9_ordinal3(k3_arytm_3(X0,X1),k4_arytm_3(X0,X1)) = X0 | ~v7_ordinal1(k3_arytm_3(X0,X1)) | ~v7_ordinal1(X0) | ~v7_ordinal1(X1) [subsumption resolution 546,567] {a:1,w:17,wCS:6800,sine:1,thAx:0,allAx:2,thDist:-2}
833. k9_ordinal3(k3_arytm_3(X0,X1),k4_arytm_3(X0,X1)) = X0 | ~v7_ordinal1(X0) | ~v7_ordinal1(X1) [subsumption resolution 832,480] {a:1,w:13,wCS:5200,nSel:1,sine:1,thAx:0,allAx:2,thDist:-2}
838. k9_ordinal3(k4_arytm_3(X2,X3),k3_arytm_3(X2,X3)) = X2 | ~v7_ordinal1(X2) | ~v7_ordinal1(X3) | ~v7_ordinal1(k3_arytm_3(X2,X3)) | ~v7_ordinal1(k4_arytm_3(X2,X3)) [superposition 833,504] {a:2,w:21,wCS:8400,sine:1,thAx:0,allAx:3,thDist:-3}
852. k9_ordinal3(k4_arytm_3(X2,X3),k3_arytm_3(X2,X3)) = X2 | ~v7_ordinal1(X2) | ~v7_ordinal1(X3) | ~v7_ordinal1(k4_arytm_3(X2,X3)) [subsumption resolution 838,480] {a:2,w:17,wCS:6800,sine:1,thAx:0,allAx:3,thDist:-3}
853. k9_ordinal3(k4_arytm_3(X2,X3),k3_arytm_3(X2,X3)) = X2 | ~v7_ordinal1(X2) | ~v7_ordinal1(X3) [subsumption resolution 852,472] {a:2,w:13,wCS:5200,nSel:1,sine:1,thAx:0,allAx:3,thDist:-3}
1289. sK0 != sK0 | ~v7_ordinal1(sK0) | ~v7_ordinal1(sK1) <- (~1) [superposition 186,853] {a:3,w:7,wCS:700,goal:1,sine:1,thAx:0,allAx:6,thDist:-6}
1294. ~v7_ordinal1(sK0) | ~v7_ordinal1(sK1) <- (~1) [trivial inequality removal 1289] {a:3,w:4,wCS:400,goal:1,sine:1,thAx:0,allAx:6,thDist:-6}
1302. ~v7_ordinal1(sK1) <- (~1, 4) [subsumption resolution 1294,201] {a:3,w:2,wCS:200,goal:1,sine:1,thAx:0,allAx:6,thDist:-6}
1303. $false <- (~1, 2, 4) [subsumption resolution 1302,191] {a:3,w:0,goal:1,sine:1,thAx:0,allAx:6,thDist:-6}
1304. 1 | ~2 | ~4 [avatar contradiction clause 1303]
1305. $false [avatar sat refutation 187,192,202,1304] {a:0,w:0,goal:1,sine:0,thAx:0,allAx:366,thDist:-366}
% SZS output end Proof for arytm_3__t21_arytm_3
% ------------------------------
% Version: Vampire 4.5.1 (commit 226f88162 on 2021-09-12 20:13:44 +0200)
% Termination reason: Refutation

% >>> Input
% Input formulas: 44
% >>> Preprocessing
% Introduced skolems: 10
% Pure predicates: 2
% 
% >>> Saturation
% Initial clauses: 59
% Generated clauses: 967
% Active clauses: 176
% Passive clauses: 327
% Final active clauses: 133
% Final passive clauses: 59
% Main loop iterations started: 268
% 
% >>> Simplifying Inferences
% Duplicate literals: 310
% Trivial inequalities: 1
% Fw subsumption resolutions: 174
% 
% >>> Deletion Inferences
% Simple tautologies: 30
% Forward subsumptions: 265
% Backward subsumptions: 42
% 
% >>> Generating Inferences
% Binary resolution: 196
% Unit resulting resolution: 4
% Forward superposition: 118
% Backward superposition: 127
% Self superposition: 1
% 
% >>> AVATAR
% Split clauses: 5
% Split components: 14
% Sat splitting refutations: 12
% 
% >>> SAT Solver Statistics
% SAT solver clauses: 70
% SAT solver unit clauses: 20
% SAT solver binary clauses: 41
% 
% Memory used [KB]: 5500
% Time elapsed: 0.007 s
% ------------------------------
% ------------------------------
% Time measurement results:
% congruence closure: 0.001 s
% forward subsumption: 0.004 s
% superposition: 0.001 s
% passive container maintenance: 0.001 s
% other: 0.007 s ( own 0.0000 s ) 

