i: [1,64,0,2,1,1,0,0] t52_procal_1
a: [3,123,0,2,1,64]
s: 123
i: [1,67,0,6,1,1,0,0] t52_procal_1
a: [3,108,0,6,1,67]
s: 108
i: [1,66,0,6,1,1,0,0] t52_procal_1
a: [3,113,0,6,1,66]
s: 113
i: [1,65,0,6,1,1,0,0] t52_procal_1
a: [3,118,0,6,1,65]
s: 118
i: [1,69,0,7,1,1,0,0] t52_procal_1
a: [3,98,0,7,1,69]
s: 98
i: [1,68,0,7,1,1,0,0] t52_procal_1
a: [3,103,0,7,1,68]
s: 103
i: [1,89,0,2,1,0,0,1] existence_m1_qc_lang1
a: [3,128,0,2,1,89]
s: 128
i: [1,70,0,10,1,1,0,0] t52_procal_1
a: [3,93,0,10,1,70]
s: 93
i: [1,77,0,4,1,0,0,2] existence_m1_subset_1
s: 77
i: [1,71,0,5,2,0,0,3] dt_k9_qc_lang1
s: 71
i: [1,72,0,5,2,0,0,3] fc2_cqc_lang
s: 72
i: [1,78,0,6,2,0,0,1] antisymmetry_r2_hidden
s: 78
i: [1,73,0,8,2,0,0,1] dt_k4_cqc_the1
s: 73
d: [2,130,1,7,1,1,40,78,98]
a: [3,135,1,7,1,130]
s: 135
i: [1,74,0,8,2,0,0,2] dt_k3_cqc_lang
s: 74
i: [1,82,0,14,4,0,0,2] existence_m2_subset_1
s: 82
d: [2,131,1,7,1,1,40,78,103]
a: [3,140,1,7,1,131]
s: 140
i: [1,79,0,15,5,0,0,2] dt_m2_subset_1
s: 79
d: [2,144,1,18,5,0,40,79,74]
d: [2,146,1,15,4,0,21,144,72]
d: [2,147,1,12,3,0,21,146,71]
s: 147
i: [1,80,0,15,5,0,0,2] redefinition_m2_subset_1
s: 80
i: [1,81,0,15,5,0,0,2] redefinition_m2_subset_1
s: 81
d: [2,148,2,6,2,1,40,147,108]
d: [2,152,2,4,1,2,21,148,123]
a: [3,156,2,4,1,152]
s: 156
i: [1,83,0,17,4,0,0,255] dt_k14_qc_lang1
s: 83
d: [2,149,2,6,2,1,40,147,113]
d: [2,158,2,4,1,2,21,149,123]
a: [3,162,2,4,1,158]
s: 162
i: [1,84,0,17,4,0,0,255] dt_k2_qc_lang2
s: 84
i: [1,85,0,19,4,0,0,255] redefinition_k7_cqc_lang
s: 85
d: [2,150,2,6,2,1,40,147,118]
d: [2,164,2,4,1,2,21,150,123]
a: [3,168,2,4,1,164]
s: 168
i: [1,86,0,19,4,0,0,255] redefinition_k8_cqc_lang
s: 86
d: [2,151,2,22,5,0,40,147,82]
d: [2,170,2,16,4,0,21,151,74]
d: [2,171,2,13,3,0,21,170,72]
d: [2,172,2,10,2,0,21,171,71]
s: 172
i: [1,87,0,19,4,0,0,1] dt_k7_cqc_lang
s: 87
i: [1,88,0,19,4,0,0,1] dt_k8_cqc_lang
s: 88
d: [2,175,1,18,5,0,40,80,74]
d: [2,177,1,15,4,0,21,175,72]
d: [2,178,1,12,3,0,21,177,71]
s: 178
i: [1,75,0,29,6,0,0,1] t46_cqc_the1
s: 75
d: [2,222,1,22,5,1,40,75,98]
d: [2,224,1,16,4,2,21,222,108]
d: [2,225,1,10,3,3,21,224,118]
d: [2,226,1,8,2,4,21,225,123]
a: [3,230,1,4,1,226]
s: 230
i: [1,76,0,42,5,0,0,1] t33_procal_1
s: 76
d: [2,181,1,18,5,0,40,81,74]
d: [2,183,1,15,4,0,21,181,72]
d: [2,184,1,12,3,0,21,183,71]
s: 184
d: [2,193,2,6,2,1,40,178,108]
d: [2,201,2,4,1,2,21,193,123]
a: [3,205,2,4,1,201]
s: 205
d: [2,142,1,15,4,0,40,79,77]
s: 142
d: [2,194,2,6,2,1,40,178,113]
d: [2,207,2,4,1,2,21,194,123]
a: [3,211,2,4,1,207]
s: 211
d: [2,143,1,18,5,0,40,79,73]
d: [2,145,1,15,4,0,21,143,72]
s: 145
d: [2,174,1,18,5,0,40,80,73]
d: [2,176,1,15,4,0,21,174,72]
s: 176
d: [2,195,2,6,2,1,40,178,118]
d: [2,213,2,4,1,2,21,195,123]
a: [3,217,2,4,1,213]
s: 217
d: [2,180,1,18,5,0,40,81,73]
d: [2,182,1,15,4,0,21,180,72]
s: 182
d: [2,198,2,22,5,0,40,178,82]
d: [2,219,2,16,4,0,21,198,74]
d: [2,220,2,13,3,0,21,219,72]
d: [2,221,2,10,2,0,21,220,71]
s: 221
d: [2,173,1,17,4,0,40,80,77]
s: 173
d: [2,179,1,17,4,0,40,81,77]
s: 179
d: [2,248,2,12,4,0,40,184,147]
d: [2,249,2,10,3,0,18,248]
s: 249
d: [2,185,1,27,7,0,44,83,85]
d: [2,186,1,25,6,0,18,185]
s: 186
d: [2,276,3,8,2,0,40,249,77]
s: 276
d: [2,279,1,21,5,0,21,186,249]
d: [2,280,1,17,4,0,21,279,249]
s: 280
d: [2,187,1,27,7,0,44,84,86]
d: [2,188,1,25,6,0,18,187]
s: 188
d: [2,251,2,25,6,0,40,142,82]
d: [2,252,2,19,4,0,18,251]
d: [2,253,2,13,3,0,21,252,77]
s: 253
d: [2,281,1,21,5,0,21,188,249]
d: [2,282,1,17,4,0,21,281,249]
s: 282
d: [2,254,2,25,6,0,40,145,82]
d: [2,255,2,22,5,0,18,254]
d: [2,256,2,16,4,0,21,255,73]
d: [2,257,2,13,3,0,21,256,72]
s: 257
d: [2,245,1,42,5,0,40,76,78]
s: 245
d: [2,244,1,72,9,0,40,76,75]
d: [2,246,1,70,8,0,18,244]
s: 246
d: [2,258,2,25,6,0,40,176,82]
d: [2,259,2,22,5,0,18,258]
d: [2,260,2,16,4,0,21,259,73]
d: [2,261,2,13,3,0,21,260,72]
s: 261
d: [2,263,2,18,6,0,40,182,145]
d: [2,264,2,13,4,0,18,263]
s: 264
d: [2,294,3,11,3,0,40,264,77]
s: 294
d: [2,270,2,20,6,0,40,179,142]
d: [2,271,2,14,4,0,18,270]
s: 271
d: [2,266,2,27,6,0,40,173,82]
d: [2,267,2,21,4,0,18,266]
d: [2,268,2,15,3,0,21,267,77]
s: 268
d: [2,299,4,13,4,0,40,294,249]
d: [2,300,4,11,3,0,18,299]
s: 300
d: [2,189,2,19,5,0,40,87,147]
d: [2,190,2,17,4,0,18,189]
s: 190
d: [2,301,3,12,3,0,40,271,77]
s: 301
d: [2,191,2,19,5,0,40,88,147]
d: [2,192,2,17,4,0,18,191]
s: 192
d: [2,197,2,19,5,0,40,178,88]
d: [2,199,2,17,4,0,18,197]
s: 199
d: [2,288,3,15,4,0,40,257,249]
d: [2,289,3,13,3,0,18,288]
s: 289
d: [2,196,2,19,5,0,40,178,87]
d: [2,200,2,17,4,0,18,196]
s: 200
d: [2,306,4,18,4,0,40,301,249]
d: [2,314,4,15,3,0,21,306,72]
s: 314
d: [2,291,2,70,9,0,40,246,184]
d: [2,292,2,68,8,0,18,291]
s: 292
d: [2,290,2,71,10,0,40,246,88]
d: [2,293,2,69,9,0,18,290]
s: 293
d: [2,286,3,20,4,0,40,253,249]
d: [2,287,3,17,3,0,21,286,72]
s: 287
d: [2,295,3,23,5,0,40,264,253]
d: [2,298,3,20,4,0,18,295]
s: 298
d: [2,307,4,21,5,0,40,301,264]
d: [2,313,4,18,4,0,18,307]
s: 313
d: [2,302,3,27,5,0,40,271,253]
d: [2,303,3,23,4,0,18,302]
s: 303
d: [2,285,3,31,6,0,40,253,79]
s: 285
d: [2,328,5,20,5,0,40,313,249]
d: [2,329,5,18,4,0,18,328]
s: 329
d: [2,283,3,37,6,0,40,253,81]
s: 283
d: [2,311,4,24,5,0,40,301,271]
d: [2,312,4,20,4,0,18,311]
s: 312
d: [2,284,3,37,6,0,40,253,80]
s: 284
d: [2,319,3,71,10,0,40,292,199]
d: [2,320,3,69,9,0,18,319]
s: 320
d: [2,326,4,22,5,0,40,298,249]
d: [2,327,4,20,4,0,18,326]
s: 327
d: [2,322,3,69,9,0,40,293,78]
s: 322
d: [2,344,5,27,5,0,40,312,249]
d: [2,352,5,24,4,0,21,344,72]
s: 352
d: [2,321,3,93,13,0,40,293,75]
d: [2,323,3,91,12,0,18,321]
d: [2,324,3,81,11,0,21,323,178]
d: [2,325,3,74,10,0,21,324,178]
s: 325
d: [2,310,4,27,6,0,40,301,79]
s: 310
d: [2,363,5,41,8,0,40,310,82]
d: [2,364,5,33,6,0,18,363]
d: [2,365,5,25,5,0,21,364,301]
s: 365
d: [2,330,4,31,5,0,40,303,249]
d: [2,338,4,28,4,0,21,330,72]
s: 338
d: [2,345,5,30,6,0,40,312,264]
d: [2,351,5,27,5,0,18,345]
s: 351
d: [2,339,4,49,8,0,40,285,82]
d: [2,340,4,39,6,0,18,339]
d: [2,341,4,29,5,0,21,340,253]
s: 341
d: [2,342,4,48,10,0,40,283,285]
d: [2,343,4,30,6,0,18,342]
s: 343
d: [2,375,6,29,6,0,40,351,249]
d: [2,376,6,27,5,0,18,375]
s: 376
d: [2,308,4,31,6,0,40,301,81]
s: 308
d: [2,399,5,42,10,0,40,308,310]
d: [2,400,5,26,6,0,18,399]
s: 400
d: [2,309,4,31,6,0,40,301,80]
s: 309
d: [2,331,4,34,6,0,40,303,264]
d: [2,337,4,31,5,0,18,331]
s: 337
d: [2,401,6,24,5,0,40,400,77]
s: 401
d: [2,335,4,39,6,0,40,303,271]
d: [2,336,4,35,5,0,18,335]
s: 336
d: [2,386,5,28,5,0,40,343,77]
s: 386
d: [2,353,4,55,8,0,40,284,82]
d: [2,356,4,45,6,0,18,353]
d: [2,357,4,35,5,0,21,356,253]
s: 357
d: [2,334,4,46,7,0,40,303,79]
s: 334
d: [2,414,5,45,8,0,40,309,82]
d: [2,417,5,37,6,0,18,414]
d: [2,418,5,29,5,0,21,417,301]
s: 418
d: [2,332,4,56,7,0,40,303,81]
s: 332
d: [2,421,7,32,6,0,40,401,249]
d: [2,433,7,29,5,0,21,421,72]
s: 433
d: [2,333,4,56,7,0,40,303,80]
s: 333
d: [2,358,4,75,12,0,40,325,88]
d: [2,361,4,73,11,0,18,358]
d: [2,362,4,69,10,0,21,361,178]
s: 362
d: [2,474,5,59,9,1,40,362,93]
d: [2,478,5,53,8,2,21,474,113]
d: [2,479,5,46,7,3,21,478,103]
d: [2,480,5,40,6,4,21,479,108]
d: [2,481,5,38,5,5,21,480,123]
d: [2,482,5,31,4,6,21,481,98]
d: [2,483,5,25,3,7,21,482,118]
a: [3,487,5,7,1,483]
s: 487
d: [2,498,6,0,0,4,52,123,211,205,487,200]
e: 498
d: [2,499,6,10,3,1,40,487,200]
d: [2,501,6,8,2,2,21,499,123]
d: [2,502,6,4,1,3,21,501,205]
d: [2,503,6,0,0,4,21,502,211]
e: 503
r: 487
d: [2,359,4,74,11,0,40,325,184]
d: [2,360,4,72,10,0,18,359]
s: 360
a: [3,486,5,7,1,483]
s: 486
a: [3,491,5,9,1,483]
s: 491
d: [2,514,6,0,0,4,52,123,217,205,491,88]
e: 514
d: [2,515,6,10,3,1,40,491,88]
d: [2,518,6,6,2,2,21,515,205]
d: [2,519,6,2,1,3,21,518,217]
d: [2,520,6,0,0,4,21,519,123]
e: 520
r: 491
a: [3,490,5,9,1,483]
s: 490
d: [2,507,6,9,2,1,40,486,249]
d: [2,508,6,7,1,2,21,507,123]
a: [3,512,6,7,1,508]
s: 512
a: [3,495,5,9,1,483]
s: 495
d: [2,537,6,0,0,4,52,123,217,211,495,88]
e: 537
d: [2,538,6,10,3,1,40,495,88]
d: [2,541,6,6,2,2,21,538,211]
d: [2,542,6,2,1,3,21,541,217]
d: [2,543,6,0,0,4,21,542,123]
e: 543
f: 543,520,503,483,213,207,201,64,65,66,67,68,69,70
% Refutation found. Thanks to Tanya!
% SZS status Theorem for procal_1__t52_procal_1
% SZS output start Proof for procal_1__t52_procal_1
1. ! [X0] : (m1_qc_lang1(X0) => ! [X1] : (m2_subset_1(X1,k9_qc_lang1(X0),k3_cqc_lang(X0)) => ! [X2] : (m2_subset_1(X2,k9_qc_lang1(X0),k3_cqc_lang(X0)) => ! [X3] : (m2_subset_1(X3,k9_qc_lang1(X0),k3_cqc_lang(X0)) => ((r2_hidden(k8_cqc_lang(X0,X1,X3),k4_cqc_the1(X0)) & r2_hidden(k8_cqc_lang(X0,X1,X2),k4_cqc_the1(X0))) => r2_hidden(k8_cqc_lang(X0,X1,k7_cqc_lang(X0,X2,X3)),k4_cqc_the1(X0))))))) [input t52_procal_1]
2. ~! [X0] : (m1_qc_lang1(X0) => ! [X1] : (m2_subset_1(X1,k9_qc_lang1(X0),k3_cqc_lang(X0)) => ! [X2] : (m2_subset_1(X2,k9_qc_lang1(X0),k3_cqc_lang(X0)) => ! [X3] : (m2_subset_1(X3,k9_qc_lang1(X0),k3_cqc_lang(X0)) => ((r2_hidden(k8_cqc_lang(X0,X1,X3),k4_cqc_the1(X0)) & r2_hidden(k8_cqc_lang(X0,X1,X2),k4_cqc_the1(X0))) => r2_hidden(k8_cqc_lang(X0,X1,k7_cqc_lang(X0,X2,X3)),k4_cqc_the1(X0))))))) [negated conjecture 1]
7. ! [X0] : (m1_qc_lang1(X0) => m1_subset_1(k3_cqc_lang(X0),k1_zfmisc_1(k9_qc_lang1(X0)))) [input dt_k3_cqc_lang]
9. ! [X0,X1,X2] : ((m1_subset_1(X2,k3_cqc_lang(X0)) & m1_subset_1(X1,k3_cqc_lang(X0)) & m1_qc_lang1(X0)) => m2_subset_1(k7_cqc_lang(X0,X1,X2),k9_qc_lang1(X0),k3_cqc_lang(X0))) [input dt_k7_cqc_lang]
10. ! [X0,X1,X2] : ((m1_subset_1(X2,k3_cqc_lang(X0)) & m1_subset_1(X1,k3_cqc_lang(X0)) & m1_qc_lang1(X0)) => m2_subset_1(k8_cqc_lang(X0,X1,X2),k9_qc_lang1(X0),k3_cqc_lang(X0))) [input dt_k8_cqc_lang]
11. ! [X0] : (m1_qc_lang1(X0) => ~v1_xboole_0(k9_qc_lang1(X0))) [input dt_k9_qc_lang1]
18. ! [X0] : (m1_qc_lang1(X0) => ~v1_xboole_0(k3_cqc_lang(X0))) [input fc2_cqc_lang]
21. ! [X0,X1] : ((m1_subset_1(X1,k1_zfmisc_1(X0)) & ~v1_xboole_0(X1) & ~v1_xboole_0(X0)) => ! [X2] : (m2_subset_1(X2,X0,X1) <=> m1_subset_1(X2,X1))) [input redefinition_m2_subset_1]
22. ! [X0] : (m1_qc_lang1(X0) => ! [X1] : (m2_subset_1(X1,k9_qc_lang1(X0),k3_cqc_lang(X0)) => ! [X2] : (m2_subset_1(X2,k9_qc_lang1(X0),k3_cqc_lang(X0)) => ! [X3] : (m2_subset_1(X3,k9_qc_lang1(X0),k3_cqc_lang(X0)) => r2_hidden(k8_cqc_lang(X0,k8_cqc_lang(X0,X1,X2),k8_cqc_lang(X0,k8_cqc_lang(X0,X1,X3),k8_cqc_lang(X0,X1,k7_cqc_lang(X0,X2,X3)))),k4_cqc_the1(X0)))))) [input t33_procal_1]
23. ! [X0] : (m1_qc_lang1(X0) => ! [X1] : (m2_subset_1(X1,k9_qc_lang1(X0),k3_cqc_lang(X0)) => ! [X2] : (m2_subset_1(X2,k9_qc_lang1(X0),k3_cqc_lang(X0)) => ((r2_hidden(k8_cqc_lang(X0,X1,X2),k4_cqc_the1(X0)) & r2_hidden(X1,k4_cqc_the1(X0))) => r2_hidden(X2,k4_cqc_the1(X0)))))) [input t46_cqc_the1]
24. ? [X0] : (? [X1] : (? [X2] : (? [X3] : ((~r2_hidden(k8_cqc_lang(X0,X1,k7_cqc_lang(X0,X2,X3)),k4_cqc_the1(X0)) & (r2_hidden(k8_cqc_lang(X0,X1,X3),k4_cqc_the1(X0)) & r2_hidden(k8_cqc_lang(X0,X1,X2),k4_cqc_the1(X0)))) & m2_subset_1(X3,k9_qc_lang1(X0),k3_cqc_lang(X0))) & m2_subset_1(X2,k9_qc_lang1(X0),k3_cqc_lang(X0))) & m2_subset_1(X1,k9_qc_lang1(X0),k3_cqc_lang(X0))) & m1_qc_lang1(X0)) [ennf transformation 2]
25. ? [X0] : (? [X1] : (? [X2] : (? [X3] : (~r2_hidden(k8_cqc_lang(X0,X1,k7_cqc_lang(X0,X2,X3)),k4_cqc_the1(X0)) & r2_hidden(k8_cqc_lang(X0,X1,X3),k4_cqc_the1(X0)) & r2_hidden(k8_cqc_lang(X0,X1,X2),k4_cqc_the1(X0)) & m2_subset_1(X3,k9_qc_lang1(X0),k3_cqc_lang(X0))) & m2_subset_1(X2,k9_qc_lang1(X0),k3_cqc_lang(X0))) & m2_subset_1(X1,k9_qc_lang1(X0),k3_cqc_lang(X0))) & m1_qc_lang1(X0)) [flattening 24]
26. ! [X0] : (~v1_xboole_0(k9_qc_lang1(X0)) | ~m1_qc_lang1(X0)) [ennf transformation 11]
27. ! [X0] : (~v1_xboole_0(k3_cqc_lang(X0)) | ~m1_qc_lang1(X0)) [ennf transformation 18]
29. ! [X0] : (m1_subset_1(k3_cqc_lang(X0),k1_zfmisc_1(k9_qc_lang1(X0))) | ~m1_qc_lang1(X0)) [ennf transformation 7]
30. ! [X0] : (! [X1] : (! [X2] : ((r2_hidden(X2,k4_cqc_the1(X0)) | (~r2_hidden(k8_cqc_lang(X0,X1,X2),k4_cqc_the1(X0)) | ~r2_hidden(X1,k4_cqc_the1(X0)))) | ~m2_subset_1(X2,k9_qc_lang1(X0),k3_cqc_lang(X0))) | ~m2_subset_1(X1,k9_qc_lang1(X0),k3_cqc_lang(X0))) | ~m1_qc_lang1(X0)) [ennf transformation 23]
31. ! [X0] : (! [X1] : (! [X2] : (r2_hidden(X2,k4_cqc_the1(X0)) | ~r2_hidden(k8_cqc_lang(X0,X1,X2),k4_cqc_the1(X0)) | ~r2_hidden(X1,k4_cqc_the1(X0)) | ~m2_subset_1(X2,k9_qc_lang1(X0),k3_cqc_lang(X0))) | ~m2_subset_1(X1,k9_qc_lang1(X0),k3_cqc_lang(X0))) | ~m1_qc_lang1(X0)) [flattening 30]
32. ! [X0] : (! [X1] : (! [X2] : (! [X3] : (r2_hidden(k8_cqc_lang(X0,k8_cqc_lang(X0,X1,X2),k8_cqc_lang(X0,k8_cqc_lang(X0,X1,X3),k8_cqc_lang(X0,X1,k7_cqc_lang(X0,X2,X3)))),k4_cqc_the1(X0)) | ~m2_subset_1(X3,k9_qc_lang1(X0),k3_cqc_lang(X0))) | ~m2_subset_1(X2,k9_qc_lang1(X0),k3_cqc_lang(X0))) | ~m2_subset_1(X1,k9_qc_lang1(X0),k3_cqc_lang(X0))) | ~m1_qc_lang1(X0)) [ennf transformation 22]
36. ! [X0,X1] : (! [X2] : (m2_subset_1(X2,X0,X1) <=> m1_subset_1(X2,X1)) | (~m1_subset_1(X1,k1_zfmisc_1(X0)) | v1_xboole_0(X1) | v1_xboole_0(X0))) [ennf transformation 21]
37. ! [X0,X1] : (! [X2] : (m2_subset_1(X2,X0,X1) <=> m1_subset_1(X2,X1)) | ~m1_subset_1(X1,k1_zfmisc_1(X0)) | v1_xboole_0(X1) | v1_xboole_0(X0)) [flattening 36]
48. ! [X0,X1,X2] : (m2_subset_1(k7_cqc_lang(X0,X1,X2),k9_qc_lang1(X0),k3_cqc_lang(X0)) | (~m1_subset_1(X2,k3_cqc_lang(X0)) | ~m1_subset_1(X1,k3_cqc_lang(X0)) | ~m1_qc_lang1(X0))) [ennf transformation 9]
49. ! [X0,X1,X2] : (m2_subset_1(k7_cqc_lang(X0,X1,X2),k9_qc_lang1(X0),k3_cqc_lang(X0)) | ~m1_subset_1(X2,k3_cqc_lang(X0)) | ~m1_subset_1(X1,k3_cqc_lang(X0)) | ~m1_qc_lang1(X0)) [flattening 48]
50. ! [X0,X1,X2] : (m2_subset_1(k8_cqc_lang(X0,X1,X2),k9_qc_lang1(X0),k3_cqc_lang(X0)) | (~m1_subset_1(X2,k3_cqc_lang(X0)) | ~m1_subset_1(X1,k3_cqc_lang(X0)) | ~m1_qc_lang1(X0))) [ennf transformation 10]
51. ! [X0,X1,X2] : (m2_subset_1(k8_cqc_lang(X0,X1,X2),k9_qc_lang1(X0),k3_cqc_lang(X0)) | ~m1_subset_1(X2,k3_cqc_lang(X0)) | ~m1_subset_1(X1,k3_cqc_lang(X0)) | ~m1_qc_lang1(X0)) [flattening 50]
52. ? [X0] : (? [X1] : (? [X2] : (? [X3] : (~r2_hidden(k8_cqc_lang(X0,X1,k7_cqc_lang(X0,X2,X3)),k4_cqc_the1(X0)) & r2_hidden(k8_cqc_lang(X0,X1,X3),k4_cqc_the1(X0)) & r2_hidden(k8_cqc_lang(X0,X1,X2),k4_cqc_the1(X0)) & m2_subset_1(X3,k9_qc_lang1(X0),k3_cqc_lang(X0))) & m2_subset_1(X2,k9_qc_lang1(X0),k3_cqc_lang(X0))) & m2_subset_1(X1,k9_qc_lang1(X0),k3_cqc_lang(X0))) & m1_qc_lang1(X0)) => (? [X1] : (? [X2] : (? [X3] : (~r2_hidden(k8_cqc_lang(sK0,X1,k7_cqc_lang(sK0,X2,X3)),k4_cqc_the1(sK0)) & r2_hidden(k8_cqc_lang(sK0,X1,X3),k4_cqc_the1(sK0)) & r2_hidden(k8_cqc_lang(sK0,X1,X2),k4_cqc_the1(sK0)) & m2_subset_1(X3,k9_qc_lang1(sK0),k3_cqc_lang(sK0))) & m2_subset_1(X2,k9_qc_lang1(sK0),k3_cqc_lang(sK0))) & m2_subset_1(X1,k9_qc_lang1(sK0),k3_cqc_lang(sK0))) & m1_qc_lang1(sK0)) [choice axiom]
53. ? [X1] : (? [X2] : (? [X3] : (~r2_hidden(k8_cqc_lang(sK0,X1,k7_cqc_lang(sK0,X2,X3)),k4_cqc_the1(sK0)) & r2_hidden(k8_cqc_lang(sK0,X1,X3),k4_cqc_the1(sK0)) & r2_hidden(k8_cqc_lang(sK0,X1,X2),k4_cqc_the1(sK0)) & m2_subset_1(X3,k9_qc_lang1(sK0),k3_cqc_lang(sK0))) & m2_subset_1(X2,k9_qc_lang1(sK0),k3_cqc_lang(sK0))) & m2_subset_1(X1,k9_qc_lang1(sK0),k3_cqc_lang(sK0))) => (? [X2] : (? [X3] : (~r2_hidden(k8_cqc_lang(sK0,sK1,k7_cqc_lang(sK0,X2,X3)),k4_cqc_the1(sK0)) & r2_hidden(k8_cqc_lang(sK0,sK1,X3),k4_cqc_the1(sK0)) & r2_hidden(k8_cqc_lang(sK0,sK1,X2),k4_cqc_the1(sK0)) & m2_subset_1(X3,k9_qc_lang1(sK0),k3_cqc_lang(sK0))) & m2_subset_1(X2,k9_qc_lang1(sK0),k3_cqc_lang(sK0))) & m2_subset_1(sK1,k9_qc_lang1(sK0),k3_cqc_lang(sK0))) [choice axiom]
54. ? [X2] : (? [X3] : (~r2_hidden(k8_cqc_lang(sK0,sK1,k7_cqc_lang(sK0,X2,X3)),k4_cqc_the1(sK0)) & r2_hidden(k8_cqc_lang(sK0,sK1,X3),k4_cqc_the1(sK0)) & r2_hidden(k8_cqc_lang(sK0,sK1,X2),k4_cqc_the1(sK0)) & m2_subset_1(X3,k9_qc_lang1(sK0),k3_cqc_lang(sK0))) & m2_subset_1(X2,k9_qc_lang1(sK0),k3_cqc_lang(sK0))) => (? [X3] : (~r2_hidden(k8_cqc_lang(sK0,sK1,k7_cqc_lang(sK0,sK2,X3)),k4_cqc_the1(sK0)) & r2_hidden(k8_cqc_lang(sK0,sK1,X3),k4_cqc_the1(sK0)) & r2_hidden(k8_cqc_lang(sK0,sK1,sK2),k4_cqc_the1(sK0)) & m2_subset_1(X3,k9_qc_lang1(sK0),k3_cqc_lang(sK0))) & m2_subset_1(sK2,k9_qc_lang1(sK0),k3_cqc_lang(sK0))) [choice axiom]
55. ? [X3] : (~r2_hidden(k8_cqc_lang(sK0,sK1,k7_cqc_lang(sK0,sK2,X3)),k4_cqc_the1(sK0)) & r2_hidden(k8_cqc_lang(sK0,sK1,X3),k4_cqc_the1(sK0)) & r2_hidden(k8_cqc_lang(sK0,sK1,sK2),k4_cqc_the1(sK0)) & m2_subset_1(X3,k9_qc_lang1(sK0),k3_cqc_lang(sK0))) => (~r2_hidden(k8_cqc_lang(sK0,sK1,k7_cqc_lang(sK0,sK2,sK3)),k4_cqc_the1(sK0)) & r2_hidden(k8_cqc_lang(sK0,sK1,sK3),k4_cqc_the1(sK0)) & r2_hidden(k8_cqc_lang(sK0,sK1,sK2),k4_cqc_the1(sK0)) & m2_subset_1(sK3,k9_qc_lang1(sK0),k3_cqc_lang(sK0))) [choice axiom]
56. (((~r2_hidden(k8_cqc_lang(sK0,sK1,k7_cqc_lang(sK0,sK2,sK3)),k4_cqc_the1(sK0)) & r2_hidden(k8_cqc_lang(sK0,sK1,sK3),k4_cqc_the1(sK0)) & r2_hidden(k8_cqc_lang(sK0,sK1,sK2),k4_cqc_the1(sK0)) & m2_subset_1(sK3,k9_qc_lang1(sK0),k3_cqc_lang(sK0))) & m2_subset_1(sK2,k9_qc_lang1(sK0),k3_cqc_lang(sK0))) & m2_subset_1(sK1,k9_qc_lang1(sK0),k3_cqc_lang(sK0))) & m1_qc_lang1(sK0) [skolemisation 25,55,54,53,52]
59. ! [X0,X1] : (! [X2] : ((m2_subset_1(X2,X0,X1) | ~m1_subset_1(X2,X1)) & (m1_subset_1(X2,X1) | ~m2_subset_1(X2,X0,X1))) | ~m1_subset_1(X1,k1_zfmisc_1(X0)) | v1_xboole_0(X1) | v1_xboole_0(X0)) [nnf transformation 37]
64. m1_qc_lang1(sK0) [cnf transformation 56] {a:0,w:2,wCS:200,goal:1,sine:0,thAx:0,allAx:5,thDist:-5}
65. m2_subset_1(sK1,k9_qc_lang1(sK0),k3_cqc_lang(sK0)) [cnf transformation 56] {a:0,w:6,wCS:600,goal:1,sine:0,thAx:0,allAx:5,thDist:-5}
66. m2_subset_1(sK2,k9_qc_lang1(sK0),k3_cqc_lang(sK0)) [cnf transformation 56] {a:0,w:6,wCS:600,goal:1,sine:0,thAx:0,allAx:5,thDist:-5}
67. m2_subset_1(sK3,k9_qc_lang1(sK0),k3_cqc_lang(sK0)) [cnf transformation 56] {a:0,w:6,wCS:600,goal:1,sine:0,thAx:0,allAx:5,thDist:-5}
68. r2_hidden(k8_cqc_lang(sK0,sK1,sK2),k4_cqc_the1(sK0)) [cnf transformation 56] {a:0,w:7,wCS:700,goal:1,sine:0,thAx:0,allAx:5,thDist:-5}
69. r2_hidden(k8_cqc_lang(sK0,sK1,sK3),k4_cqc_the1(sK0)) [cnf transformation 56] {a:0,w:7,wCS:700,goal:1,sine:0,thAx:0,allAx:5,thDist:-5}
70. ~r2_hidden(k8_cqc_lang(sK0,sK1,k7_cqc_lang(sK0,sK2,sK3)),k4_cqc_the1(sK0)) [cnf transformation 56] {a:0,w:10,wCS:1000,goal:1,sine:0,thAx:0,allAx:5,thDist:-5}
71. ~v1_xboole_0(k9_qc_lang1(X0)) | ~m1_qc_lang1(X0) [cnf transformation 26] {a:0,w:5,wCS:2000,nSel:1,sine:3,thAx:0,allAx:1,thDist:-1}
72. ~v1_xboole_0(k3_cqc_lang(X0)) | ~m1_qc_lang1(X0) [cnf transformation 27] {a:0,w:5,wCS:2000,nSel:1,sine:3,thAx:0,allAx:1,thDist:-1}
74. m1_subset_1(k3_cqc_lang(X0),k1_zfmisc_1(k9_qc_lang1(X0))) | ~m1_qc_lang1(X0) [cnf transformation 29] {a:0,w:8,wCS:3200,nSel:1,sine:2,thAx:0,allAx:1,thDist:-1}
75. ~r2_hidden(k8_cqc_lang(X0,X1,X2),k4_cqc_the1(X0)) | r2_hidden(X2,k4_cqc_the1(X0)) | ~r2_hidden(X1,k4_cqc_the1(X0)) | ~m2_subset_1(X2,k9_qc_lang1(X0),k3_cqc_lang(X0)) | ~m2_subset_1(X1,k9_qc_lang1(X0),k3_cqc_lang(X0)) | ~m1_qc_lang1(X0) [cnf transformation 31] {a:0,w:29,wCS:11600,nSel:1,sine:1,thAx:0,allAx:1,thDist:-1}
76. r2_hidden(k8_cqc_lang(X0,k8_cqc_lang(X0,X1,X2),k8_cqc_lang(X0,k8_cqc_lang(X0,X1,X3),k8_cqc_lang(X0,X1,k7_cqc_lang(X0,X2,X3)))),k4_cqc_the1(X0)) | ~m2_subset_1(X3,k9_qc_lang1(X0),k3_cqc_lang(X0)) | ~m2_subset_1(X2,k9_qc_lang1(X0),k3_cqc_lang(X0)) | ~m2_subset_1(X1,k9_qc_lang1(X0),k3_cqc_lang(X0)) | ~m1_qc_lang1(X0) [cnf transformation 32] {a:0,w:42,wCS:16800,nSel:1,sine:1,thAx:0,allAx:1,thDist:-1}
80. ~m1_subset_1(X1,k1_zfmisc_1(X0)) | ~m2_subset_1(X2,X0,X1) | m1_subset_1(X2,X1) | v1_xboole_0(X1) | v1_xboole_0(X0) [cnf transformation 59] {a:0,w:15,wCS:6000,nSel:1,sine:2,thAx:0,allAx:1,thDist:-1}
87. m2_subset_1(k7_cqc_lang(X0,X1,X2),k9_qc_lang1(X0),k3_cqc_lang(X0)) | ~m1_subset_1(X2,k3_cqc_lang(X0)) | ~m1_subset_1(X1,k3_cqc_lang(X0)) | ~m1_qc_lang1(X0) [cnf transformation 49] {a:0,w:19,wCS:7600,nSel:1,sine:1,thAx:0,allAx:1,thDist:-1}
88. m2_subset_1(k8_cqc_lang(X0,X1,X2),k9_qc_lang1(X0),k3_cqc_lang(X0)) | ~m1_subset_1(X2,k3_cqc_lang(X0)) | ~m1_subset_1(X1,k3_cqc_lang(X0)) | ~m1_qc_lang1(X0) [cnf transformation 51] {a:0,w:19,wCS:7600,nSel:1,sine:1,thAx:0,allAx:1,thDist:-1}
91. 1 <=> r2_hidden(k8_cqc_lang(sK0,sK1,k7_cqc_lang(sK0,sK2,sK3)),k4_cqc_the1(sK0)) [avatar definition]
93. ~r2_hidden(k8_cqc_lang(sK0,sK1,k7_cqc_lang(sK0,sK2,sK3)),k4_cqc_the1(sK0)) <- (~1) [avatar component clause 91] {a:0,w:10,wCS:1000,nSel:1,goal:1,sine:255,thAx:0,allAx:5,thDist:-5}
94. ~1 [avatar split clause 70,91]
96. 2 <=> r2_hidden(k8_cqc_lang(sK0,sK1,sK3),k4_cqc_the1(sK0)) [avatar definition]
98. r2_hidden(k8_cqc_lang(sK0,sK1,sK3),k4_cqc_the1(sK0)) <- (2) [avatar component clause 96] {a:0,w:7,wCS:700,nSel:1,goal:1,sine:255,thAx:0,allAx:5,thDist:-5}
99. 2 [avatar split clause 69,96]
101. 3 <=> r2_hidden(k8_cqc_lang(sK0,sK1,sK2),k4_cqc_the1(sK0)) [avatar definition]
103. r2_hidden(k8_cqc_lang(sK0,sK1,sK2),k4_cqc_the1(sK0)) <- (3) [avatar component clause 101] {a:0,w:7,wCS:700,nSel:1,goal:1,sine:255,thAx:0,allAx:5,thDist:-5}
104. 3 [avatar split clause 68,101]
106. 4 <=> m2_subset_1(sK3,k9_qc_lang1(sK0),k3_cqc_lang(sK0)) [avatar definition]
108. m2_subset_1(sK3,k9_qc_lang1(sK0),k3_cqc_lang(sK0)) <- (4) [avatar component clause 106] {a:0,w:6,wCS:600,nSel:1,goal:1,sine:255,thAx:0,allAx:5,thDist:-5}
109. 4 [avatar split clause 67,106]
111. 5 <=> m2_subset_1(sK2,k9_qc_lang1(sK0),k3_cqc_lang(sK0)) [avatar definition]
113. m2_subset_1(sK2,k9_qc_lang1(sK0),k3_cqc_lang(sK0)) <- (5) [avatar component clause 111] {a:0,w:6,wCS:600,nSel:1,goal:1,sine:255,thAx:0,allAx:5,thDist:-5}
114. 5 [avatar split clause 66,111]
116. 6 <=> m2_subset_1(sK1,k9_qc_lang1(sK0),k3_cqc_lang(sK0)) [avatar definition]
118. m2_subset_1(sK1,k9_qc_lang1(sK0),k3_cqc_lang(sK0)) <- (6) [avatar component clause 116] {a:0,w:6,wCS:600,nSel:1,goal:1,sine:255,thAx:0,allAx:5,thDist:-5}
119. 6 [avatar split clause 65,116]
121. 7 <=> m1_qc_lang1(sK0) [avatar definition]
123. m1_qc_lang1(sK0) <- (7) [avatar component clause 121] {a:0,w:2,wCS:200,nSel:1,goal:1,sine:255,thAx:0,allAx:5,thDist:-5}
124. 7 [avatar split clause 64,121]
175. ~m2_subset_1(X4,k9_qc_lang1(X5),k3_cqc_lang(X5)) | m1_subset_1(X4,k3_cqc_lang(X5)) | v1_xboole_0(k3_cqc_lang(X5)) | v1_xboole_0(k9_qc_lang1(X5)) | ~m1_qc_lang1(X5) [resolution 80,74] {a:1,w:18,wCS:7200,sine:2,thAx:0,allAx:2,thDist:-2}
177. ~m2_subset_1(X4,k9_qc_lang1(X5),k3_cqc_lang(X5)) | m1_subset_1(X4,k3_cqc_lang(X5)) | v1_xboole_0(k9_qc_lang1(X5)) | ~m1_qc_lang1(X5) [subsumption resolution 175,72] {a:1,w:15,wCS:6000,sine:2,thAx:0,allAx:2,thDist:-2}
178. ~m2_subset_1(X4,k9_qc_lang1(X5),k3_cqc_lang(X5)) | m1_subset_1(X4,k3_cqc_lang(X5)) | ~m1_qc_lang1(X5) [subsumption resolution 177,71] {a:1,w:12,wCS:4800,nSel:1,sine:2,thAx:0,allAx:2,thDist:-2}
193. m1_subset_1(sK3,k3_cqc_lang(sK0)) | ~m1_qc_lang1(sK0) <- (4) [resolution 178,108] {a:2,w:6,wCS:600,goal:1,sine:2,thAx:0,allAx:7,thDist:-7}
194. m1_subset_1(sK2,k3_cqc_lang(sK0)) | ~m1_qc_lang1(sK0) <- (5) [resolution 178,113] {a:2,w:6,wCS:600,goal:1,sine:2,thAx:0,allAx:7,thDist:-7}
195. m1_subset_1(sK1,k3_cqc_lang(sK0)) | ~m1_qc_lang1(sK0) <- (6) [resolution 178,118] {a:2,w:6,wCS:600,goal:1,sine:2,thAx:0,allAx:7,thDist:-7}
196. m1_subset_1(k7_cqc_lang(X0,X1,X2),k3_cqc_lang(X0)) | ~m1_qc_lang1(X0) | ~m1_subset_1(X2,k3_cqc_lang(X0)) | ~m1_subset_1(X1,k3_cqc_lang(X0)) | ~m1_qc_lang1(X0) [resolution 178,87] {a:2,w:19,wCS:7600,sine:1,thAx:0,allAx:3,thDist:-3}
200. m1_subset_1(k7_cqc_lang(X0,X1,X2),k3_cqc_lang(X0)) | ~m1_qc_lang1(X0) | ~m1_subset_1(X2,k3_cqc_lang(X0)) | ~m1_subset_1(X1,k3_cqc_lang(X0)) [duplicate literal removal 196] {a:2,w:17,wCS:6800,nSel:1,sine:1,thAx:0,allAx:3,thDist:-3}
201. m1_subset_1(sK3,k3_cqc_lang(sK0)) <- (4, 7) [subsumption resolution 193,123] {a:2,w:4,wCS:400,goal:1,sine:2,thAx:0,allAx:7,thDist:-7}
203. 14 <=> m1_subset_1(sK3,k3_cqc_lang(sK0)) [avatar definition]
205. m1_subset_1(sK3,k3_cqc_lang(sK0)) <- (14) [avatar component clause 203] {a:2,w:4,wCS:400,nSel:1,goal:1,sine:255,thAx:0,allAx:7,thDist:-7}
206. 14 | ~4 | ~7 [avatar split clause 201,121,106,203]
207. m1_subset_1(sK2,k3_cqc_lang(sK0)) <- (5, 7) [subsumption resolution 194,123] {a:2,w:4,wCS:400,goal:1,sine:2,thAx:0,allAx:7,thDist:-7}
209. 15 <=> m1_subset_1(sK2,k3_cqc_lang(sK0)) [avatar definition]
211. m1_subset_1(sK2,k3_cqc_lang(sK0)) <- (15) [avatar component clause 209] {a:2,w:4,wCS:400,nSel:1,goal:1,sine:255,thAx:0,allAx:7,thDist:-7}
212. 15 | ~5 | ~7 [avatar split clause 207,121,111,209]
213. m1_subset_1(sK1,k3_cqc_lang(sK0)) <- (6, 7) [subsumption resolution 195,123] {a:2,w:4,wCS:400,goal:1,sine:2,thAx:0,allAx:7,thDist:-7}
215. 16 <=> m1_subset_1(sK1,k3_cqc_lang(sK0)) [avatar definition]
217. m1_subset_1(sK1,k3_cqc_lang(sK0)) <- (16) [avatar component clause 215] {a:2,w:4,wCS:400,nSel:1,goal:1,sine:255,thAx:0,allAx:7,thDist:-7}
218. 16 | ~6 | ~7 [avatar split clause 213,121,116,215]
244. ~m2_subset_1(X0,k9_qc_lang1(X1),k3_cqc_lang(X1)) | ~m2_subset_1(X2,k9_qc_lang1(X1),k3_cqc_lang(X1)) | ~m2_subset_1(X3,k9_qc_lang1(X1),k3_cqc_lang(X1)) | ~m1_qc_lang1(X1) | r2_hidden(k8_cqc_lang(X1,k8_cqc_lang(X1,X3,X0),k8_cqc_lang(X1,X3,k7_cqc_lang(X1,X2,X0))),k4_cqc_the1(X1)) | ~r2_hidden(k8_cqc_lang(X1,X3,X2),k4_cqc_the1(X1)) | ~m2_subset_1(k8_cqc_lang(X1,k8_cqc_lang(X1,X3,X0),k8_cqc_lang(X1,X3,k7_cqc_lang(X1,X2,X0))),k9_qc_lang1(X1),k3_cqc_lang(X1)) | ~m2_subset_1(k8_cqc_lang(X1,X3,X2),k9_qc_lang1(X1),k3_cqc_lang(X1)) | ~m1_qc_lang1(X1) [resolution 76,75] {a:1,w:72,wCS:28800,sine:1,thAx:0,allAx:2,thDist:-2}
246. ~m2_subset_1(k8_cqc_lang(X1,k8_cqc_lang(X1,X3,X0),k8_cqc_lang(X1,X3,k7_cqc_lang(X1,X2,X0))),k9_qc_lang1(X1),k3_cqc_lang(X1)) | ~m2_subset_1(X2,k9_qc_lang1(X1),k3_cqc_lang(X1)) | ~m2_subset_1(X3,k9_qc_lang1(X1),k3_cqc_lang(X1)) | ~m1_qc_lang1(X1) | r2_hidden(k8_cqc_lang(X1,k8_cqc_lang(X1,X3,X0),k8_cqc_lang(X1,X3,k7_cqc_lang(X1,X2,X0))),k4_cqc_the1(X1)) | ~r2_hidden(k8_cqc_lang(X1,X3,X2),k4_cqc_the1(X1)) | ~m2_subset_1(X0,k9_qc_lang1(X1),k3_cqc_lang(X1)) | ~m2_subset_1(k8_cqc_lang(X1,X3,X2),k9_qc_lang1(X1),k3_cqc_lang(X1)) [duplicate literal removal 244] {a:1,w:70,wCS:28000,nSel:1,sine:1,thAx:0,allAx:2,thDist:-2}
290. ~m2_subset_1(X0,k9_qc_lang1(X1),k3_cqc_lang(X1)) | ~m2_subset_1(X2,k9_qc_lang1(X1),k3_cqc_lang(X1)) | ~m1_qc_lang1(X1) | r2_hidden(k8_cqc_lang(X1,k8_cqc_lang(X1,X2,X3),k8_cqc_lang(X1,X2,k7_cqc_lang(X1,X0,X3))),k4_cqc_the1(X1)) | ~r2_hidden(k8_cqc_lang(X1,X2,X0),k4_cqc_the1(X1)) | ~m2_subset_1(X3,k9_qc_lang1(X1),k3_cqc_lang(X1)) | ~m2_subset_1(k8_cqc_lang(X1,X2,X0),k9_qc_lang1(X1),k3_cqc_lang(X1)) | ~m1_subset_1(k8_cqc_lang(X1,X2,k7_cqc_lang(X1,X0,X3)),k3_cqc_lang(X1)) | ~m1_subset_1(k8_cqc_lang(X1,X2,X3),k3_cqc_lang(X1)) | ~m1_qc_lang1(X1) [resolution 246,88] {a:2,w:71,wCS:28400,sine:1,thAx:0,allAx:3,thDist:-3}
293. r2_hidden(k8_cqc_lang(X1,k8_cqc_lang(X1,X2,X3),k8_cqc_lang(X1,X2,k7_cqc_lang(X1,X0,X3))),k4_cqc_the1(X1)) | ~m2_subset_1(X2,k9_qc_lang1(X1),k3_cqc_lang(X1)) | ~m1_qc_lang1(X1) | ~m2_subset_1(X0,k9_qc_lang1(X1),k3_cqc_lang(X1)) | ~r2_hidden(k8_cqc_lang(X1,X2,X0),k4_cqc_the1(X1)) | ~m2_subset_1(X3,k9_qc_lang1(X1),k3_cqc_lang(X1)) | ~m2_subset_1(k8_cqc_lang(X1,X2,X0),k9_qc_lang1(X1),k3_cqc_lang(X1)) | ~m1_subset_1(k8_cqc_lang(X1,X2,k7_cqc_lang(X1,X0,X3)),k3_cqc_lang(X1)) | ~m1_subset_1(k8_cqc_lang(X1,X2,X3),k3_cqc_lang(X1)) [duplicate literal removal 290] {a:2,w:69,wCS:27600,nSel:1,sine:1,thAx:0,allAx:3,thDist:-3}
321. ~m2_subset_1(X0,k9_qc_lang1(X1),k3_cqc_lang(X1)) | ~m1_qc_lang1(X1) | ~m2_subset_1(X2,k9_qc_lang1(X1),k3_cqc_lang(X1)) | ~r2_hidden(k8_cqc_lang(X1,X0,X2),k4_cqc_the1(X1)) | ~m2_subset_1(X3,k9_qc_lang1(X1),k3_cqc_lang(X1)) | ~m2_subset_1(k8_cqc_lang(X1,X0,X2),k9_qc_lang1(X1),k3_cqc_lang(X1)) | ~m1_subset_1(k8_cqc_lang(X1,X0,k7_cqc_lang(X1,X2,X3)),k3_cqc_lang(X1)) | ~m1_subset_1(k8_cqc_lang(X1,X0,X3),k3_cqc_lang(X1)) | r2_hidden(k8_cqc_lang(X1,X0,k7_cqc_lang(X1,X2,X3)),k4_cqc_the1(X1)) | ~r2_hidden(k8_cqc_lang(X1,X0,X3),k4_cqc_the1(X1)) | ~m2_subset_1(k8_cqc_lang(X1,X0,k7_cqc_lang(X1,X2,X3)),k9_qc_lang1(X1),k3_cqc_lang(X1)) | ~m2_subset_1(k8_cqc_lang(X1,X0,X3),k9_qc_lang1(X1),k3_cqc_lang(X1)) | ~m1_qc_lang1(X1) [resolution 293,75] {a:3,w:93,wCS:37200,sine:1,thAx:0,allAx:4,thDist:-4}
323. ~m2_subset_1(X0,k9_qc_lang1(X1),k3_cqc_lang(X1)) | ~m1_qc_lang1(X1) | ~m2_subset_1(X2,k9_qc_lang1(X1),k3_cqc_lang(X1)) | ~r2_hidden(k8_cqc_lang(X1,X0,X2),k4_cqc_the1(X1)) | ~m2_subset_1(X3,k9_qc_lang1(X1),k3_cqc_lang(X1)) | ~m2_subset_1(k8_cqc_lang(X1,X0,X2),k9_qc_lang1(X1),k3_cqc_lang(X1)) | ~m1_subset_1(k8_cqc_lang(X1,X0,k7_cqc_lang(X1,X2,X3)),k3_cqc_lang(X1)) | ~m1_subset_1(k8_cqc_lang(X1,X0,X3),k3_cqc_lang(X1)) | r2_hidden(k8_cqc_lang(X1,X0,k7_cqc_lang(X1,X2,X3)),k4_cqc_the1(X1)) | ~r2_hidden(k8_cqc_lang(X1,X0,X3),k4_cqc_the1(X1)) | ~m2_subset_1(k8_cqc_lang(X1,X0,k7_cqc_lang(X1,X2,X3)),k9_qc_lang1(X1),k3_cqc_lang(X1)) | ~m2_subset_1(k8_cqc_lang(X1,X0,X3),k9_qc_lang1(X1),k3_cqc_lang(X1)) [duplicate literal removal 321] {a:3,w:91,wCS:36400,sine:1,thAx:0,allAx:4,thDist:-4}
324. ~m2_subset_1(X0,k9_qc_lang1(X1),k3_cqc_lang(X1)) | ~m1_qc_lang1(X1) | ~m2_subset_1(X2,k9_qc_lang1(X1),k3_cqc_lang(X1)) | ~r2_hidden(k8_cqc_lang(X1,X0,X2),k4_cqc_the1(X1)) | ~m2_subset_1(X3,k9_qc_lang1(X1),k3_cqc_lang(X1)) | ~m2_subset_1(k8_cqc_lang(X1,X0,X2),k9_qc_lang1(X1),k3_cqc_lang(X1)) | ~m1_subset_1(k8_cqc_lang(X1,X0,X3),k3_cqc_lang(X1)) | r2_hidden(k8_cqc_lang(X1,X0,k7_cqc_lang(X1,X2,X3)),k4_cqc_the1(X1)) | ~r2_hidden(k8_cqc_lang(X1,X0,X3),k4_cqc_the1(X1)) | ~m2_subset_1(k8_cqc_lang(X1,X0,k7_cqc_lang(X1,X2,X3)),k9_qc_lang1(X1),k3_cqc_lang(X1)) | ~m2_subset_1(k8_cqc_lang(X1,X0,X3),k9_qc_lang1(X1),k3_cqc_lang(X1)) [subsumption resolution 323,178] {a:3,w:81,wCS:32400,sine:1,thAx:0,allAx:4,thDist:-4}
325. ~m2_subset_1(k8_cqc_lang(X1,X0,k7_cqc_lang(X1,X2,X3)),k9_qc_lang1(X1),k3_cqc_lang(X1)) | ~m1_qc_lang1(X1) | ~m2_subset_1(X2,k9_qc_lang1(X1),k3_cqc_lang(X1)) | ~r2_hidden(k8_cqc_lang(X1,X0,X2),k4_cqc_the1(X1)) | ~m2_subset_1(X3,k9_qc_lang1(X1),k3_cqc_lang(X1)) | ~m2_subset_1(k8_cqc_lang(X1,X0,X2),k9_qc_lang1(X1),k3_cqc_lang(X1)) | r2_hidden(k8_cqc_lang(X1,X0,k7_cqc_lang(X1,X2,X3)),k4_cqc_the1(X1)) | ~r2_hidden(k8_cqc_lang(X1,X0,X3),k4_cqc_the1(X1)) | ~m2_subset_1(X0,k9_qc_lang1(X1),k3_cqc_lang(X1)) | ~m2_subset_1(k8_cqc_lang(X1,X0,X3),k9_qc_lang1(X1),k3_cqc_lang(X1)) [subsumption resolution 324,178] {a:3,w:74,wCS:29600,nSel:1,sine:1,thAx:0,allAx:4,thDist:-4}
358. ~m1_qc_lang1(X0) | ~m2_subset_1(X1,k9_qc_lang1(X0),k3_cqc_lang(X0)) | ~r2_hidden(k8_cqc_lang(X0,X2,X1),k4_cqc_the1(X0)) | ~m2_subset_1(X3,k9_qc_lang1(X0),k3_cqc_lang(X0)) | ~m2_subset_1(k8_cqc_lang(X0,X2,X1),k9_qc_lang1(X0),k3_cqc_lang(X0)) | r2_hidden(k8_cqc_lang(X0,X2,k7_cqc_lang(X0,X1,X3)),k4_cqc_the1(X0)) | ~r2_hidden(k8_cqc_lang(X0,X2,X3),k4_cqc_the1(X0)) | ~m2_subset_1(X2,k9_qc_lang1(X0),k3_cqc_lang(X0)) | ~m2_subset_1(k8_cqc_lang(X0,X2,X3),k9_qc_lang1(X0),k3_cqc_lang(X0)) | ~m1_subset_1(k7_cqc_lang(X0,X1,X3),k3_cqc_lang(X0)) | ~m1_subset_1(X2,k3_cqc_lang(X0)) | ~m1_qc_lang1(X0) [resolution 325,88] {a:4,w:75,wCS:30000,sine:1,thAx:0,allAx:5,thDist:-5}
361. ~m1_qc_lang1(X0) | ~m2_subset_1(X1,k9_qc_lang1(X0),k3_cqc_lang(X0)) | ~r2_hidden(k8_cqc_lang(X0,X2,X1),k4_cqc_the1(X0)) | ~m2_subset_1(X3,k9_qc_lang1(X0),k3_cqc_lang(X0)) | ~m2_subset_1(k8_cqc_lang(X0,X2,X1),k9_qc_lang1(X0),k3_cqc_lang(X0)) | r2_hidden(k8_cqc_lang(X0,X2,k7_cqc_lang(X0,X1,X3)),k4_cqc_the1(X0)) | ~r2_hidden(k8_cqc_lang(X0,X2,X3),k4_cqc_the1(X0)) | ~m2_subset_1(X2,k9_qc_lang1(X0),k3_cqc_lang(X0)) | ~m2_subset_1(k8_cqc_lang(X0,X2,X3),k9_qc_lang1(X0),k3_cqc_lang(X0)) | ~m1_subset_1(k7_cqc_lang(X0,X1,X3),k3_cqc_lang(X0)) | ~m1_subset_1(X2,k3_cqc_lang(X0)) [duplicate literal removal 358] {a:4,w:73,wCS:29200,sine:1,thAx:0,allAx:5,thDist:-5}
362. r2_hidden(k8_cqc_lang(X0,X2,k7_cqc_lang(X0,X1,X3)),k4_cqc_the1(X0)) | ~m2_subset_1(X1,k9_qc_lang1(X0),k3_cqc_lang(X0)) | ~r2_hidden(k8_cqc_lang(X0,X2,X1),k4_cqc_the1(X0)) | ~m2_subset_1(X3,k9_qc_lang1(X0),k3_cqc_lang(X0)) | ~m2_subset_1(k8_cqc_lang(X0,X2,X1),k9_qc_lang1(X0),k3_cqc_lang(X0)) | ~m1_qc_lang1(X0) | ~r2_hidden(k8_cqc_lang(X0,X2,X3),k4_cqc_the1(X0)) | ~m2_subset_1(X2,k9_qc_lang1(X0),k3_cqc_lang(X0)) | ~m2_subset_1(k8_cqc_lang(X0,X2,X3),k9_qc_lang1(X0),k3_cqc_lang(X0)) | ~m1_subset_1(k7_cqc_lang(X0,X1,X3),k3_cqc_lang(X0)) [subsumption resolution 361,178] {a:4,w:69,wCS:27600,nSel:1,sine:1,thAx:0,allAx:5,thDist:-5}
474. ~m2_subset_1(sK2,k9_qc_lang1(sK0),k3_cqc_lang(sK0)) | ~r2_hidden(k8_cqc_lang(sK0,sK1,sK2),k4_cqc_the1(sK0)) | ~m2_subset_1(sK3,k9_qc_lang1(sK0),k3_cqc_lang(sK0)) | ~m2_subset_1(k8_cqc_lang(sK0,sK1,sK2),k9_qc_lang1(sK0),k3_cqc_lang(sK0)) | ~m1_qc_lang1(sK0) | ~r2_hidden(k8_cqc_lang(sK0,sK1,sK3),k4_cqc_the1(sK0)) | ~m2_subset_1(sK1,k9_qc_lang1(sK0),k3_cqc_lang(sK0)) | ~m2_subset_1(k8_cqc_lang(sK0,sK1,sK3),k9_qc_lang1(sK0),k3_cqc_lang(sK0)) | ~m1_subset_1(k7_cqc_lang(sK0,sK2,sK3),k3_cqc_lang(sK0)) <- (~1) [resolution 362,93] {a:5,w:59,wCS:5900,goal:1,sine:1,thAx:0,allAx:10,thDist:-10}
478. ~r2_hidden(k8_cqc_lang(sK0,sK1,sK2),k4_cqc_the1(sK0)) | ~m2_subset_1(sK3,k9_qc_lang1(sK0),k3_cqc_lang(sK0)) | ~m2_subset_1(k8_cqc_lang(sK0,sK1,sK2),k9_qc_lang1(sK0),k3_cqc_lang(sK0)) | ~m1_qc_lang1(sK0) | ~r2_hidden(k8_cqc_lang(sK0,sK1,sK3),k4_cqc_the1(sK0)) | ~m2_subset_1(sK1,k9_qc_lang1(sK0),k3_cqc_lang(sK0)) | ~m2_subset_1(k8_cqc_lang(sK0,sK1,sK3),k9_qc_lang1(sK0),k3_cqc_lang(sK0)) | ~m1_subset_1(k7_cqc_lang(sK0,sK2,sK3),k3_cqc_lang(sK0)) <- (~1, 5) [subsumption resolution 474,113] {a:5,w:53,wCS:5300,goal:1,sine:1,thAx:0,allAx:10,thDist:-10}
479. ~m2_subset_1(sK3,k9_qc_lang1(sK0),k3_cqc_lang(sK0)) | ~m2_subset_1(k8_cqc_lang(sK0,sK1,sK2),k9_qc_lang1(sK0),k3_cqc_lang(sK0)) | ~m1_qc_lang1(sK0) | ~r2_hidden(k8_cqc_lang(sK0,sK1,sK3),k4_cqc_the1(sK0)) | ~m2_subset_1(sK1,k9_qc_lang1(sK0),k3_cqc_lang(sK0)) | ~m2_subset_1(k8_cqc_lang(sK0,sK1,sK3),k9_qc_lang1(sK0),k3_cqc_lang(sK0)) | ~m1_subset_1(k7_cqc_lang(sK0,sK2,sK3),k3_cqc_lang(sK0)) <- (~1, 3, 5) [subsumption resolution 478,103] {a:5,w:46,wCS:4600,goal:1,sine:1,thAx:0,allAx:10,thDist:-10}
480. ~m2_subset_1(k8_cqc_lang(sK0,sK1,sK2),k9_qc_lang1(sK0),k3_cqc_lang(sK0)) | ~m1_qc_lang1(sK0) | ~r2_hidden(k8_cqc_lang(sK0,sK1,sK3),k4_cqc_the1(sK0)) | ~m2_subset_1(sK1,k9_qc_lang1(sK0),k3_cqc_lang(sK0)) | ~m2_subset_1(k8_cqc_lang(sK0,sK1,sK3),k9_qc_lang1(sK0),k3_cqc_lang(sK0)) | ~m1_subset_1(k7_cqc_lang(sK0,sK2,sK3),k3_cqc_lang(sK0)) <- (~1, 3, 4, 5) [subsumption resolution 479,108] {a:5,w:40,wCS:4000,goal:1,sine:1,thAx:0,allAx:10,thDist:-10}
481. ~m2_subset_1(k8_cqc_lang(sK0,sK1,sK2),k9_qc_lang1(sK0),k3_cqc_lang(sK0)) | ~r2_hidden(k8_cqc_lang(sK0,sK1,sK3),k4_cqc_the1(sK0)) | ~m2_subset_1(sK1,k9_qc_lang1(sK0),k3_cqc_lang(sK0)) | ~m2_subset_1(k8_cqc_lang(sK0,sK1,sK3),k9_qc_lang1(sK0),k3_cqc_lang(sK0)) | ~m1_subset_1(k7_cqc_lang(sK0,sK2,sK3),k3_cqc_lang(sK0)) <- (~1, 3, 4, 5, 7) [subsumption resolution 480,123] {a:5,w:38,wCS:3800,goal:1,sine:1,thAx:0,allAx:10,thDist:-10}
482. ~m2_subset_1(k8_cqc_lang(sK0,sK1,sK2),k9_qc_lang1(sK0),k3_cqc_lang(sK0)) | ~m2_subset_1(sK1,k9_qc_lang1(sK0),k3_cqc_lang(sK0)) | ~m2_subset_1(k8_cqc_lang(sK0,sK1,sK3),k9_qc_lang1(sK0),k3_cqc_lang(sK0)) | ~m1_subset_1(k7_cqc_lang(sK0,sK2,sK3),k3_cqc_lang(sK0)) <- (~1, 2, 3, 4, 5, 7) [subsumption resolution 481,98] {a:5,w:31,wCS:3100,goal:1,sine:1,thAx:0,allAx:10,thDist:-10}
483. ~m2_subset_1(k8_cqc_lang(sK0,sK1,sK2),k9_qc_lang1(sK0),k3_cqc_lang(sK0)) | ~m2_subset_1(k8_cqc_lang(sK0,sK1,sK3),k9_qc_lang1(sK0),k3_cqc_lang(sK0)) | ~m1_subset_1(k7_cqc_lang(sK0,sK2,sK3),k3_cqc_lang(sK0)) <- (~1, 2, 3, 4, 5, 6, 7) [subsumption resolution 482,118] {a:5,w:25,wCS:2500,goal:1,sine:1,thAx:0,allAx:10,thDist:-10}
485. 20 <=> m1_subset_1(k7_cqc_lang(sK0,sK2,sK3),k3_cqc_lang(sK0)) [avatar definition]
487. ~m1_subset_1(k7_cqc_lang(sK0,sK2,sK3),k3_cqc_lang(sK0)) <- (~20) [avatar component clause 485] {a:5,w:7,wCS:700,nSel:1,goal:1,sine:255,thAx:0,allAx:10,thDist:-10}
489. 21 <=> m2_subset_1(k8_cqc_lang(sK0,sK1,sK3),k9_qc_lang1(sK0),k3_cqc_lang(sK0)) [avatar definition]
491. ~m2_subset_1(k8_cqc_lang(sK0,sK1,sK3),k9_qc_lang1(sK0),k3_cqc_lang(sK0)) <- (~21) [avatar component clause 489] {a:5,w:9,wCS:900,nSel:1,goal:1,sine:255,thAx:0,allAx:10,thDist:-10}
493. 22 <=> m2_subset_1(k8_cqc_lang(sK0,sK1,sK2),k9_qc_lang1(sK0),k3_cqc_lang(sK0)) [avatar definition]
495. ~m2_subset_1(k8_cqc_lang(sK0,sK1,sK2),k9_qc_lang1(sK0),k3_cqc_lang(sK0)) <- (~22) [avatar component clause 493] {a:5,w:9,wCS:900,nSel:1,goal:1,sine:255,thAx:0,allAx:10,thDist:-10}
496. ~20 | ~21 | ~22 | 1 | ~2 | ~3 | ~4 | ~5 | ~6 | ~7 [avatar split clause 483,121,116,111,106,101,96,91,493,489,485]
499. ~m1_qc_lang1(sK0) | ~m1_subset_1(sK3,k3_cqc_lang(sK0)) | ~m1_subset_1(sK2,k3_cqc_lang(sK0)) <- (~20) [resolution 487,200] {a:6,w:10,wCS:1000,goal:1,sine:1,thAx:0,allAx:13,thDist:-13}
501. ~m1_subset_1(sK3,k3_cqc_lang(sK0)) | ~m1_subset_1(sK2,k3_cqc_lang(sK0)) <- (7, ~20) [subsumption resolution 499,123] {a:6,w:8,wCS:800,goal:1,sine:1,thAx:0,allAx:13,thDist:-13}
502. ~m1_subset_1(sK2,k3_cqc_lang(sK0)) <- (7, 14, ~20) [subsumption resolution 501,205] {a:6,w:4,wCS:400,goal:1,sine:1,thAx:0,allAx:13,thDist:-13}
503. $false <- (7, 14, 15, ~20) [subsumption resolution 502,211] {a:6,w:0,goal:1,sine:1,thAx:0,allAx:13,thDist:-13}
504. ~7 | ~14 | ~15 | 20 [avatar contradiction clause 503]
515. ~m1_subset_1(sK3,k3_cqc_lang(sK0)) | ~m1_subset_1(sK1,k3_cqc_lang(sK0)) | ~m1_qc_lang1(sK0) <- (~21) [resolution 491,88] {a:6,w:10,wCS:1000,goal:1,sine:1,thAx:0,allAx:11,thDist:-11}
518. ~m1_subset_1(sK1,k3_cqc_lang(sK0)) | ~m1_qc_lang1(sK0) <- (14, ~21) [subsumption resolution 515,205] {a:6,w:6,wCS:600,goal:1,sine:1,thAx:0,allAx:11,thDist:-11}
519. ~m1_qc_lang1(sK0) <- (14, 16, ~21) [subsumption resolution 518,217] {a:6,w:2,wCS:200,goal:1,sine:1,thAx:0,allAx:11,thDist:-11}
520. $false <- (7, 14, 16, ~21) [subsumption resolution 519,123] {a:6,w:0,goal:1,sine:1,thAx:0,allAx:11,thDist:-11}
521. ~7 | ~14 | ~16 | 21 [avatar contradiction clause 520]
538. ~m1_subset_1(sK2,k3_cqc_lang(sK0)) | ~m1_subset_1(sK1,k3_cqc_lang(sK0)) | ~m1_qc_lang1(sK0) <- (~22) [resolution 495,88] {a:6,w:10,wCS:1000,goal:1,sine:1,thAx:0,allAx:11,thDist:-11}
541. ~m1_subset_1(sK1,k3_cqc_lang(sK0)) | ~m1_qc_lang1(sK0) <- (15, ~22) [subsumption resolution 538,211] {a:6,w:6,wCS:600,goal:1,sine:1,thAx:0,allAx:11,thDist:-11}
542. ~m1_qc_lang1(sK0) <- (15, 16, ~22) [subsumption resolution 541,217] {a:6,w:2,wCS:200,goal:1,sine:1,thAx:0,allAx:11,thDist:-11}
543. $false <- (7, 15, 16, ~22) [subsumption resolution 542,123] {a:6,w:0,goal:1,sine:1,thAx:0,allAx:11,thDist:-11}
544. ~7 | ~15 | ~16 | 22 [avatar contradiction clause 543]
546. $false [avatar sat refutation 94,99,104,109,114,119,124,206,212,218,496,504,521,544] {a:0,w:0,goal:1,sine:0,thAx:0,allAx:339,thDist:-339}
% SZS output end Proof for procal_1__t52_procal_1
% ------------------------------
% Version: Vampire 4.5.1 (commit 226f88162 on 2021-09-12 20:13:44 +0200)
% Termination reason: Refutation

% >>> Input
% Input formulas: 22
% Introduced skolems: 7
% 
% >>> Saturation
% Initial clauses: 26
% Generated clauses: 379
% Active clauses: 108
% Passive clauses: 172
% Final active clauses: 106
% Final passive clauses: 59
% Main loop iterations started: 113
% 
% >>> Simplifying Inferences
% Duplicate literals: 127
% Fw subsumption resolutions: 76
% 
% >>> Deletion Inferences
% Simple tautologies: 6
% Forward subsumptions: 14
% 
% >>> Generating Inferences
% Binary resolution: 161
% Unit resulting resolution: 3
% Backward superposition: 2
% 
% >>> AVATAR
% Split clauses: 3
% Split components: 7
% Sat splitting refutations: 6
% 
% >>> SAT Solver Statistics
% SAT solver clauses: 30
% SAT solver unit clauses: 8
% SAT solver binary clauses: 2
% 
% Memory used [KB]: 5500
% Time elapsed: 0.005 s
% ------------------------------
% ------------------------------
% Time measurement results:
% binary resolution index maintenance: 0.001 s
% forward subsumption: 0.001 s
% resolution: 0.001 s
% unit resulting resolution: 0.001 s
% other: 0.005 s ( own 0.001 s ) 

