i: [1,147,0,2,1,1,0,0] t2_partfun1
a: [3,248,0,2,1,147]
s: 248
i: [1,146,0,2,1,1,0,0] t2_partfun1
a: [3,253,0,2,1,146]
s: 253
i: [1,145,0,2,1,1,0,0] t2_partfun1
a: [3,258,0,2,1,145]
s: 258
i: [1,144,0,2,1,1,0,0] t2_partfun1
a: [3,263,0,2,1,144]
s: 263
i: [1,143,0,2,1,1,0,0] t2_partfun1
a: [3,268,0,2,1,143]
s: 268
i: [1,142,0,2,1,1,0,0] t2_partfun1
a: [3,273,0,2,1,142]
s: 273
i: [1,148,0,5,1,1,0,0] t2_partfun1
a: [3,243,0,5,1,148]
s: 243
i: [1,150,0,7,1,1,0,0] t2_partfun1
a: [3,233,0,7,1,150]
s: 233
i: [1,149,0,7,1,1,0,0] t2_partfun1
a: [3,238,0,7,1,149]
s: 238
i: [1,151,0,2,1,0,0,255] dt_o_0_0_xboole_0
a: [3,278,0,2,1,151]
s: 278
i: [1,152,0,2,1,0,0,255] fc1_xboole_0
a: [3,283,0,2,1,152]
s: 283
i: [1,204,0,2,1,0,0,2] rc2_xboole_0
a: [3,293,0,2,1,204]
s: 293
i: [1,205,0,2,1,0,0,2] rc1_xboole_0
a: [3,298,0,2,1,205]
s: 298
i: [1,207,0,2,1,0,0,255] rc7_funct_1
a: [3,303,0,2,1,207]
s: 303
i: [1,206,0,2,1,0,0,255] rc7_funct_1
a: [3,308,0,2,1,206]
s: 308
i: [1,209,0,2,1,0,0,1] rc1_relat_1
a: [3,313,0,2,1,209]
s: 313
i: [1,208,0,2,1,0,0,1] rc1_relat_1
a: [3,318,0,2,1,208]
s: 318
i: [1,213,0,2,1,0,0,2] rc4_funct_1
a: [3,323,0,2,1,213]
s: 323
i: [1,212,0,2,1,0,0,2] rc4_funct_1
a: [3,328,0,2,1,212]
s: 328
i: [1,211,0,2,1,0,0,2] rc4_funct_1
a: [3,333,0,2,1,211]
s: 333
i: [1,210,0,2,1,0,0,2] rc4_funct_1
a: [3,338,0,2,1,210]
s: 338
i: [1,215,0,2,1,0,0,2] rc2_relat_1
a: [3,343,0,2,1,215]
s: 343
i: [1,214,0,2,1,0,0,2] rc2_relat_1
a: [3,348,0,2,1,214]
s: 348
i: [1,218,0,2,1,0,0,2] rc3_funct_1
a: [3,353,0,2,1,218]
s: 353
i: [1,217,0,2,1,0,0,2] rc3_funct_1
a: [3,358,0,2,1,217]
s: 358
i: [1,216,0,2,1,0,0,2] rc3_funct_1
a: [3,363,0,2,1,216]
s: 363
i: [1,220,0,2,1,0,0,1] rc1_funct_1
a: [3,368,0,2,1,220]
s: 368
i: [1,219,0,2,1,0,0,1] rc1_funct_1
a: [3,373,0,2,1,219]
s: 373
i: [1,223,0,2,1,0,0,255] rc5_funct_1
a: [3,378,0,2,1,223]
s: 378
i: [1,222,0,2,1,0,0,255] rc5_funct_1
a: [3,383,0,2,1,222]
s: 383
i: [1,221,0,2,1,0,0,255] rc5_funct_1
a: [3,388,0,2,1,221]
s: 388
i: [1,225,0,2,1,0,0,255] rc2_funct_1
a: [3,393,0,2,1,225]
s: 393
i: [1,224,0,2,1,0,0,255] rc2_funct_1
a: [3,398,0,2,1,224]
s: 398
i: [1,153,0,3,1,0,0,255] d2_xboole_0
a: [3,288,0,3,1,153]
s: 288
r: 278
i: [1,158,0,4,2,0,0,255] cc7_funct_1
s: 158
i: [1,159,0,4,2,0,0,1] cc1_funct_1
s: 159
d: [2,401,1,2,1,1,40,158,298]
a: [3,406,1,2,1,401]
s: 406
i: [1,160,0,4,2,0,0,1] cc1_relat_1
s: 160
d: [2,402,1,2,1,1,40,158,283]
a: [3,411,1,2,1,402]
s: 411
i: [1,192,0,4,1,0,0,2] existence_m1_subset_1
s: 192
i: [1,154,0,5,1,0,0,255] t2_boole
s: 154
d: [2,413,1,2,1,1,40,159,298]
a: [3,418,1,2,1,413]
s: 418
i: [1,155,0,5,1,0,0,255] t1_boole
s: 155
d: [2,414,1,2,1,1,40,159,283]
a: [3,423,1,2,1,414]
s: 423
i: [1,161,0,5,2,0,0,255] t6_boole
s: 161
i: [1,162,0,5,2,0,0,1] fc10_relat_1
s: 162
d: [2,425,1,2,1,1,40,160,298]
a: [3,430,1,2,1,425]
s: 430
i: [1,185,0,5,2,0,0,1] t7_boole
s: 185
d: [2,446,1,6,1,1,40,185,238]
a: [3,450,1,6,1,446]
s: 450
i: [1,193,0,5,1,0,0,1] idempotence_k3_xboole_0
s: 193
i: [1,194,0,5,1,0,0,1] idempotence_k2_xboole_0
s: 194
d: [2,426,1,2,1,1,40,160,283]
a: [3,435,1,2,1,426]
s: 435
i: [1,175,0,6,3,0,0,255] cc3_relat_1
s: 175
d: [2,453,0,4,2,0,21,175,160]
s: 453
i: [1,177,0,6,3,0,0,2] cc4_relat_1
s: 177
d: [2,467,0,4,2,0,21,177,160]
s: 467
d: [2,454,1,2,1,1,40,453,298]
a: [3,460,1,2,1,454]
s: 460
i: [1,182,0,6,2,0,0,2] t1_subset
s: 182
d: [2,481,1,7,1,1,40,182,238]
a: [3,485,1,7,1,481]
s: 485
i: [1,197,0,6,2,0,0,1] fc5_xboole_0
s: 197
i: [1,198,0,6,2,0,0,1] fc4_xboole_0
s: 198
d: [2,487,1,4,2,1,44,197,243]
a: [3,497,1,2,1,487]
s: 497
i: [1,199,0,6,2,0,0,1] fc1_relat_1
s: 199
d: [2,455,1,2,1,1,40,453,283]
a: [3,465,1,2,1,455]
s: 465
i: [1,200,0,6,2,0,0,1] antisymmetry_r2_hidden
s: 200
i: [1,156,0,7,3,0,0,255] cc8_funct_1
s: 156
d: [2,517,2,8,2,1,40,156,485]
a: [3,521,2,6,1,517]
s: 521
i: [1,157,0,7,3,0,0,255] cc8_funct_1
s: 157
d: [2,510,1,7,1,1,40,200,238]
a: [3,514,1,7,1,510]
s: 514
i: [1,164,0,7,3,0,0,1] fc8_relat_1
s: 164
i: [1,168,0,7,3,0,0,255] fc24_relat_1
s: 168
d: [2,468,1,2,1,1,40,467,298]
a: [3,474,1,2,1,468]
s: 474
i: [1,184,0,7,3,0,0,1] t8_boole
s: 184
d: [2,469,1,2,1,1,40,467,283]
a: [3,479,1,2,1,469]
s: 479
i: [1,195,0,7,1,0,0,1] commutativity_k3_xboole_0
s: 195
i: [1,196,0,7,1,0,0,1] commutativity_k2_xboole_0
s: 196
d: [2,443,1,5,2,0,40,162,160]
s: 443
i: [1,167,0,8,4,0,0,255] cc6_funct_1
s: 167
d: [2,444,1,5,2,0,40,162,159]
s: 444
i: [1,173,0,8,4,0,0,255] cc4_funct_1
s: 173
d: [2,546,0,6,3,0,21,173,160]
d: [2,547,0,4,2,0,21,546,159]
s: 547
d: [2,548,1,2,1,1,40,547,298]
a: [3,554,1,2,1,548]
s: 554
i: [1,178,0,8,4,0,0,255] cc5_funct_1
s: 178
d: [2,549,1,2,1,1,40,547,283]
a: [3,559,1,2,1,549]
s: 559
i: [1,181,0,8,3,0,0,2] t2_subset
s: 181
i: [1,203,0,8,3,0,0,1] fc3_relat_1
s: 203
d: [2,445,1,5,2,0,40,162,158]
s: 445
i: [1,228,0,8,2,0,0,1] d4_xboole_0
s: 228
d: [2,570,1,4,1,1,40,228,238]
a: [3,578,1,4,1,570]
s: 578
i: [1,229,0,8,2,0,0,1] d4_xboole_0
s: 229
i: [1,163,0,9,4,0,0,255] fc18_funct_1
s: 163
d: [2,582,2,3,1,1,40,578,185]
a: [3,596,2,3,1,582]
s: 596
i: [1,202,0,10,4,0,0,255] fc19_funct_1
s: 202
a: [3,492,1,2,1,487]
s: 492
i: [1,227,0,11,3,0,0,1] d4_xboole_0
s: 227
i: [1,201,0,16,6,0,0,1] fc11_funct_1
s: 201
d: [2,598,1,4,1,1,40,229,238]
a: [3,606,1,4,1,598]
s: 606
i: [1,189,0,17,3,0,0,1] d4_xboole_0
s: 189
d: [2,631,2,3,1,1,40,606,185]
a: [3,645,2,3,1,631]
s: 645
i: [1,190,0,17,3,0,0,1] d4_xboole_0
s: 190
i: [1,191,0,23,4,0,0,1] d4_xboole_0
s: 191
d: [2,499,1,4,2,1,44,198,243]
a: [3,504,1,2,1,499]
s: 504
i: [1,226,0,29,8,0,0,1] t15_grfunc_1
s: 226
d: [2,580,2,4,1,1,40,578,200]
a: [3,586,2,4,1,580]
s: 586
d: [2,666,0,25,7,0,21,226,203]
s: 666
d: [2,667,1,21,7,1,44,666,243]
d: [2,674,1,19,6,2,21,667,268]
d: [2,675,1,17,5,3,21,674,273]
d: [2,676,1,15,4,4,21,675,248]
d: [2,677,1,13,3,5,21,676,258]
d: [2,678,1,11,2,6,21,677,263]
s: 678
d: [2,682,2,14,5,6,44,202,678]
d: [2,683,2,12,4,6,21,682,248]
d: [2,684,2,10,3,7,21,683,253]
a: [3,688,2,2,1,684]
s: 688
d: [2,456,1,5,2,0,40,453,162]
s: 456
d: [2,581,2,4,1,1,40,578,182]
a: [3,591,2,4,1,581]
s: 591
d: [2,470,1,5,2,0,40,467,162]
s: 470
d: [2,516,1,5,2,0,40,156,192]
s: 516
d: [2,693,3,12,5,1,40,591,201]
d: [2,697,3,10,4,2,21,693,258]
d: [2,698,3,8,3,3,21,697,263]
d: [2,699,3,6,2,4,21,698,492]
a: [3,703,3,2,1,699]
s: 703
d: [2,527,1,5,2,0,40,157,192]
s: 527
d: [2,695,3,5,2,1,40,591,157]
a: [3,712,3,3,1,695]
s: 712
d: [2,531,1,5,1,0,44,195,154]
s: 531
d: [2,532,1,5,1,0,44,195,154]
s: 532
d: [2,629,2,4,1,1,40,606,200]
a: [3,635,2,4,1,629]
s: 635
d: [2,533,1,5,1,0,44,154,195]
s: 533
d: [2,630,2,4,1,1,40,606,182]
a: [3,640,2,4,1,630]
s: 640
d: [2,535,1,5,1,0,44,154,195]
s: 535
d: [2,537,1,5,1,0,44,196,155]
s: 537
d: [2,729,3,12,5,1,40,640,201]
d: [2,733,3,10,4,2,21,729,268]
d: [2,734,3,8,3,3,21,733,273]
d: [2,735,3,6,2,4,21,734,504]
a: [3,739,3,2,1,735]
s: 739
d: [2,538,1,5,1,0,44,196,155]
s: 538
d: [2,731,3,5,2,1,40,640,157]
a: [3,748,3,3,1,731]
s: 748
d: [2,539,1,5,1,0,44,155,196]
s: 539
d: [2,542,1,5,1,0,44,155,196]
s: 542
d: [2,550,1,5,2,0,40,547,162]
s: 550
d: [2,534,1,6,2,0,44,199,195]
s: 534
d: [2,536,1,6,2,0,44,199,195]
s: 536
d: [2,562,1,6,2,0,40,181,192]
s: 562
d: [2,599,1,6,2,0,44,229,154]
s: 599
d: [2,725,2,6,2,0,44,228,531]
s: 725
d: [2,437,1,7,3,0,44,161,161]
s: 437
d: [2,765,2,6,2,0,40,562,200]
s: 765
d: [2,439,1,7,2,0,44,155,161]
s: 439
d: [2,440,1,7,2,0,44,154,161]
s: 440
d: [2,720,2,7,2,0,44,531,161]
s: 720
d: [2,573,1,8,2,0,44,228,195]
s: 573
d: [2,751,2,7,2,0,44,537,161]
s: 751
d: [2,574,1,8,2,0,44,228,195]
s: 574
d: [2,612,1,10,4,0,40,202,547]
s: 612
d: [2,775,2,7,2,0,44,439,196]
s: 775
d: [2,613,1,10,4,0,40,202,467]
s: 613
d: [2,776,2,7,2,0,44,439,196]
s: 776
d: [2,614,1,10,4,0,40,202,453]
s: 614
d: [2,615,1,10,4,0,40,202,160]
s: 615
d: [2,779,2,7,2,0,44,196,439]
s: 779
d: [2,616,1,10,4,0,40,202,159]
s: 616
d: [2,780,2,7,2,0,44,196,439]
s: 780
d: [2,617,1,10,4,0,40,202,158]
s: 617
d: [2,622,1,10,3,0,40,227,185]
s: 622
d: [2,789,2,7,2,0,44,440,195]
s: 789
d: [2,620,1,11,3,0,40,227,200]
s: 620
d: [2,790,2,7,2,0,44,440,195]
s: 790
d: [2,621,1,11,3,0,40,227,182]
s: 621
d: [2,652,1,11,2,0,42,189]
s: 652
d: [2,797,2,7,2,0,44,195,440]
s: 797
d: [2,660,1,11,2,0,42,190]
s: 660
d: [2,798,2,7,2,0,44,195,440]
s: 798
d: [2,545,1,13,5,0,40,167,168]
s: 545
d: [2,649,1,13,3,0,40,189,185]
s: 649
d: [2,914,2,9,3,0,40,649,185]
s: 914
d: [2,657,1,13,3,0,40,190,185]
s: 657
d: [2,956,2,9,3,0,40,657,185]
s: 956
d: [2,628,1,14,5,0,40,201,192]
s: 628
d: [2,668,1,21,7,0,44,666,155]
d: [2,673,1,19,6,0,18,668]
d: [2,679,1,17,5,1,21,673,423]
d: [2,680,1,15,4,2,21,679,435]
s: 680
d: [2,999,2,20,6,6,44,628,678]
d: [2,1003,2,18,5,6,21,999,248]
d: [2,1004,2,16,4,7,21,1003,253]
d: [2,1005,2,14,3,8,21,1004,497]
a: [3,1009,2,6,1,1005]
s: 1009
d: [2,647,1,17,3,0,40,189,200]
s: 647
d: [2,1040,2,15,4,3,44,233,680]
d: [2,1107,2,13,3,4,21,1040,258]
d: [2,1108,2,11,2,5,21,1107,263]
a: [3,1116,2,7,1,1108]
s: 1116
d: [2,648,1,17,3,0,40,189,182]
s: 648
d: [2,655,1,17,3,0,40,190,200]
s: 655
a: [3,1112,2,4,1,1108]
s: 1112
d: [2,656,1,17,3,0,40,190,182]
s: 656
d: [2,1129,3,6,2,1,44,1112,161]
s: 1129
d: [2,650,1,23,3,0,40,189,229]
s: 650
d: [2,651,1,23,3,0,40,189,228]
s: 651
d: [2,1022,2,19,5,8,44,680,678]
d: [2,1053,2,17,4,8,21,1022,248]
d: [2,1054,2,15,3,9,21,1053,253]
s: 1054
d: [2,658,1,23,3,0,40,190,229]
s: 658
d: [2,1175,3,18,6,9,44,202,1054]
d: [2,1183,3,16,5,9,21,1175,258]
d: [2,1184,3,14,4,9,21,1183,263]
a: [3,1188,3,2,1,1184]
s: 1188
d: [2,659,1,23,3,0,40,190,228]
s: 659
d: [2,671,1,32,10,0,44,202,666]
d: [2,672,1,28,9,0,18,671]
d: [2,681,1,24,8,0,21,672,203]
s: 681
d: [2,1041,2,19,5,8,44,678,680]
d: [2,1118,2,17,4,8,21,1041,248]
d: [2,1119,2,15,3,9,21,1118,253]
s: 1119
d: [2,669,1,25,7,0,44,666,196]
s: 669
d: [2,1289,2,21,7,1,44,669,243]
d: [2,1320,2,19,6,2,21,1289,258]
d: [2,1321,2,17,5,3,21,1320,263]
d: [2,1322,2,15,4,4,21,1321,248]
d: [2,1323,2,13,3,5,21,1322,268]
d: [2,1324,2,11,2,6,21,1323,273]
s: 1324
d: [2,670,1,25,7,0,44,666,196]
s: 670
d: [2,663,1,39,5,0,40,191,227]
s: 663
a: [3,1013,2,2,1,1005]
s: 1013
d: [2,1031,2,18,7,2,44,202,680]
d: [2,1050,2,14,5,2,18,1031]
a: [3,1078,2,6,3,1050]
s: 1078
r: 617
r: 616
r: 615
r: 614
r: 613
r: 612
r: 202
d: [2,1386,3,0,0,4,52,418,430,460,1078]
e: 1386
d: [2,1387,3,0,0,4,52,423,435,465,1078]
e: 1387
d: [2,1389,3,4,2,2,40,1078,465]
d: [2,1395,3,2,1,3,21,1389,435]
d: [2,1396,3,0,0,4,21,1395,423]
e: 1396
d: [2,1390,3,4,2,2,40,1078,460]
d: [2,1398,3,2,1,3,21,1390,430]
d: [2,1399,3,0,0,4,21,1398,418]
e: 1399
r: 1078
d: [2,1335,3,15,3,6,44,1324,678]
s: 1335
d: [2,1401,4,0,0,9,52,578,606,233,1335]
e: 1401
d: [2,1404,4,15,3,7,44,233,1335]
d: [2,1409,4,8,2,7,19,1404]
d: [2,1414,4,4,1,8,21,1409,606]
d: [2,1415,4,0,0,9,21,1414,578]
e: 1415
f: 1415,598,570,142,143,144,145,147,148,149,150
% Refutation found. Thanks to Tanya!
% SZS status Theorem for partfun1__t2_partfun1
% SZS output start Proof for partfun1__t2_partfun1
1. ! [X0] : ((v1_funct_1(X0) & v1_relat_1(X0)) => ! [X1] : ((v1_funct_1(X1) & v1_relat_1(X1)) => ! [X2] : ((v1_funct_1(X2) & v1_relat_1(X2)) => (k2_xboole_0(X0,X1) = X2 => ! [X3] : (r2_hidden(X3,k3_xboole_0(k9_xtuple_0(X0),k9_xtuple_0(X1))) => k1_funct_1(X0,X3) = k1_funct_1(X1,X3)))))) [input t2_partfun1]
2. ~! [X0] : ((v1_funct_1(X0) & v1_relat_1(X0)) => ! [X1] : ((v1_funct_1(X1) & v1_relat_1(X1)) => ! [X2] : ((v1_funct_1(X2) & v1_relat_1(X2)) => (k2_xboole_0(X0,X1) = X2 => ! [X3] : (r2_hidden(X3,k3_xboole_0(k9_xtuple_0(X0),k9_xtuple_0(X1))) => k1_funct_1(X0,X3) = k1_funct_1(X1,X3)))))) [negated conjecture 1]
14. ! [X0,X1] : k2_xboole_0(X0,X1) = k2_xboole_0(X1,X0) [input commutativity_k2_xboole_0]
17. ! [X0] : ! [X1] : ! [X2] : (k3_xboole_0(X0,X1) = X2 <=> ! [X3] : (r2_hidden(X3,X2) <=> (r2_hidden(X3,X1) & r2_hidden(X3,X0)))) [input d4_xboole_0]
33. ! [X0,X1] : ((v1_relat_1(X1) & v1_relat_1(X0)) => v1_relat_1(k2_xboole_0(X0,X1))) [input fc3_relat_1]
49. ! [X0] : ! [X1] : ((v1_funct_1(X1) & v1_relat_1(X1)) => ! [X2] : ((v1_funct_1(X2) & v1_relat_1(X2)) => ! [X3] : ((v1_funct_1(X3) & v1_relat_1(X3)) => ((k2_xboole_0(X3,X1) = X2 & r2_hidden(X0,k9_xtuple_0(X1))) => k1_funct_1(X2,X0) = k1_funct_1(X1,X0))))) [input t15_grfunc_1]
59. ! [X0,X1] : ((v1_funct_1(X1) & v1_relat_1(X1)) => ! [X2] : ((v1_funct_1(X2) & v1_relat_1(X2)) => ! [X3] : ((v1_funct_1(X3) & v1_relat_1(X3)) => ((k2_xboole_0(X3,X1) = X2 & r2_hidden(X0,k9_xtuple_0(X1))) => k1_funct_1(X2,X0) = k1_funct_1(X1,X0))))) [flattening 49]
62. ! [X0,X1,X2] : (k3_xboole_0(X0,X1) = X2 <=> ! [X3] : (r2_hidden(X3,X2) <=> (r2_hidden(X3,X1) & r2_hidden(X3,X0)))) [flattening 17]
67. ? [X0] : (? [X1] : (? [X2] : ((? [X3] : (k1_funct_1(X0,X3) != k1_funct_1(X1,X3) & r2_hidden(X3,k3_xboole_0(k9_xtuple_0(X0),k9_xtuple_0(X1)))) & k2_xboole_0(X0,X1) = X2) & (v1_funct_1(X2) & v1_relat_1(X2))) & (v1_funct_1(X1) & v1_relat_1(X1))) & (v1_funct_1(X0) & v1_relat_1(X0))) [ennf transformation 2]
68. ? [X0] : (? [X1] : (? [X2] : (? [X3] : (k1_funct_1(X0,X3) != k1_funct_1(X1,X3) & r2_hidden(X3,k3_xboole_0(k9_xtuple_0(X0),k9_xtuple_0(X1)))) & k2_xboole_0(X0,X1) = X2 & v1_funct_1(X2) & v1_relat_1(X2)) & v1_funct_1(X1) & v1_relat_1(X1)) & v1_funct_1(X0) & v1_relat_1(X0)) [flattening 67]
96. ! [X0,X1] : (! [X2] : (! [X3] : ((k1_funct_1(X2,X0) = k1_funct_1(X1,X0) | (k2_xboole_0(X3,X1) != X2 | ~r2_hidden(X0,k9_xtuple_0(X1)))) | (~v1_funct_1(X3) | ~v1_relat_1(X3))) | (~v1_funct_1(X2) | ~v1_relat_1(X2))) | (~v1_funct_1(X1) | ~v1_relat_1(X1))) [ennf transformation 59]
97. ! [X0,X1] : (! [X2] : (! [X3] : (k1_funct_1(X2,X0) = k1_funct_1(X1,X0) | k2_xboole_0(X3,X1) != X2 | ~r2_hidden(X0,k9_xtuple_0(X1)) | ~v1_funct_1(X3) | ~v1_relat_1(X3)) | ~v1_funct_1(X2) | ~v1_relat_1(X2)) | ~v1_funct_1(X1) | ~v1_relat_1(X1)) [flattening 96]
108. ! [X0,X1] : (v1_relat_1(k2_xboole_0(X0,X1)) | (~v1_relat_1(X1) | ~v1_relat_1(X0))) [ennf transformation 33]
109. ! [X0,X1] : (v1_relat_1(k2_xboole_0(X0,X1)) | ~v1_relat_1(X1) | ~v1_relat_1(X0)) [flattening 108]
110. ? [X0] : (? [X1] : (? [X2] : (? [X3] : (k1_funct_1(X0,X3) != k1_funct_1(X1,X3) & r2_hidden(X3,k3_xboole_0(k9_xtuple_0(X0),k9_xtuple_0(X1)))) & k2_xboole_0(X0,X1) = X2 & v1_funct_1(X2) & v1_relat_1(X2)) & v1_funct_1(X1) & v1_relat_1(X1)) & v1_funct_1(X0) & v1_relat_1(X0)) => (? [X1] : (? [X2] : (? [X3] : (k1_funct_1(X1,X3) != k1_funct_1(sK0,X3) & r2_hidden(X3,k3_xboole_0(k9_xtuple_0(sK0),k9_xtuple_0(X1)))) & k2_xboole_0(sK0,X1) = X2 & v1_funct_1(X2) & v1_relat_1(X2)) & v1_funct_1(X1) & v1_relat_1(X1)) & v1_funct_1(sK0) & v1_relat_1(sK0)) [choice axiom]
111. ? [X1] : (? [X2] : (? [X3] : (k1_funct_1(X1,X3) != k1_funct_1(sK0,X3) & r2_hidden(X3,k3_xboole_0(k9_xtuple_0(sK0),k9_xtuple_0(X1)))) & k2_xboole_0(sK0,X1) = X2 & v1_funct_1(X2) & v1_relat_1(X2)) & v1_funct_1(X1) & v1_relat_1(X1)) => (? [X2] : (? [X3] : (k1_funct_1(sK0,X3) != k1_funct_1(sK1,X3) & r2_hidden(X3,k3_xboole_0(k9_xtuple_0(sK0),k9_xtuple_0(sK1)))) & k2_xboole_0(sK0,sK1) = X2 & v1_funct_1(X2) & v1_relat_1(X2)) & v1_funct_1(sK1) & v1_relat_1(sK1)) [choice axiom]
112. ? [X2] : (? [X3] : (k1_funct_1(sK0,X3) != k1_funct_1(sK1,X3) & r2_hidden(X3,k3_xboole_0(k9_xtuple_0(sK0),k9_xtuple_0(sK1)))) & k2_xboole_0(sK0,sK1) = X2 & v1_funct_1(X2) & v1_relat_1(X2)) => (? [X3] : (k1_funct_1(sK0,X3) != k1_funct_1(sK1,X3) & r2_hidden(X3,k3_xboole_0(k9_xtuple_0(sK0),k9_xtuple_0(sK1)))) & k2_xboole_0(sK0,sK1) = sK2 & v1_funct_1(sK2) & v1_relat_1(sK2)) [choice axiom]
113. ? [X3] : (k1_funct_1(sK0,X3) != k1_funct_1(sK1,X3) & r2_hidden(X3,k3_xboole_0(k9_xtuple_0(sK0),k9_xtuple_0(sK1)))) => (k1_funct_1(sK0,sK3) != k1_funct_1(sK1,sK3) & r2_hidden(sK3,k3_xboole_0(k9_xtuple_0(sK0),k9_xtuple_0(sK1)))) [choice axiom]
114. (((k1_funct_1(sK0,sK3) != k1_funct_1(sK1,sK3) & r2_hidden(sK3,k3_xboole_0(k9_xtuple_0(sK0),k9_xtuple_0(sK1)))) & k2_xboole_0(sK0,sK1) = sK2 & v1_funct_1(sK2) & v1_relat_1(sK2)) & v1_funct_1(sK1) & v1_relat_1(sK1)) & v1_funct_1(sK0) & v1_relat_1(sK0) [skolemisation 68,113,112,111,110]
115. ! [X0,X1,X2] : ((k3_xboole_0(X0,X1) = X2 | ? [X3] : (((~r2_hidden(X3,X1) | ~r2_hidden(X3,X0)) | ~r2_hidden(X3,X2)) & ((r2_hidden(X3,X1) & r2_hidden(X3,X0)) | r2_hidden(X3,X2)))) & (! [X3] : ((r2_hidden(X3,X2) | (~r2_hidden(X3,X1) | ~r2_hidden(X3,X0))) & ((r2_hidden(X3,X1) & r2_hidden(X3,X0)) | ~r2_hidden(X3,X2))) | k3_xboole_0(X0,X1) != X2)) [nnf transformation 62]
116. ! [X0,X1,X2] : ((k3_xboole_0(X0,X1) = X2 | ? [X3] : ((~r2_hidden(X3,X1) | ~r2_hidden(X3,X0) | ~r2_hidden(X3,X2)) & ((r2_hidden(X3,X1) & r2_hidden(X3,X0)) | r2_hidden(X3,X2)))) & (! [X3] : ((r2_hidden(X3,X2) | ~r2_hidden(X3,X1) | ~r2_hidden(X3,X0)) & ((r2_hidden(X3,X1) & r2_hidden(X3,X0)) | ~r2_hidden(X3,X2))) | k3_xboole_0(X0,X1) != X2)) [flattening 115]
117. ! [X0,X1,X2] : ((k3_xboole_0(X0,X1) = X2 | ? [X3] : ((~r2_hidden(X3,X1) | ~r2_hidden(X3,X0) | ~r2_hidden(X3,X2)) & ((r2_hidden(X3,X1) & r2_hidden(X3,X0)) | r2_hidden(X3,X2)))) & (! [X4] : ((r2_hidden(X4,X2) | ~r2_hidden(X4,X1) | ~r2_hidden(X4,X0)) & ((r2_hidden(X4,X1) & r2_hidden(X4,X0)) | ~r2_hidden(X4,X2))) | k3_xboole_0(X0,X1) != X2)) [rectify 116]
118. ! [X2,X1,X0] : (? [X3] : ((~r2_hidden(X3,X1) | ~r2_hidden(X3,X0) | ~r2_hidden(X3,X2)) & ((r2_hidden(X3,X1) & r2_hidden(X3,X0)) | r2_hidden(X3,X2))) => ((~r2_hidden(sK4(X0,X1,X2),X1) | ~r2_hidden(sK4(X0,X1,X2),X0) | ~r2_hidden(sK4(X0,X1,X2),X2)) & ((r2_hidden(sK4(X0,X1,X2),X1) & r2_hidden(sK4(X0,X1,X2),X0)) | r2_hidden(sK4(X0,X1,X2),X2)))) [choice axiom]
119. ! [X0,X1,X2] : ((k3_xboole_0(X0,X1) = X2 | ((~r2_hidden(sK4(X0,X1,X2),X1) | ~r2_hidden(sK4(X0,X1,X2),X0) | ~r2_hidden(sK4(X0,X1,X2),X2)) & ((r2_hidden(sK4(X0,X1,X2),X1) & r2_hidden(sK4(X0,X1,X2),X0)) | r2_hidden(sK4(X0,X1,X2),X2)))) & (! [X4] : ((r2_hidden(X4,X2) | ~r2_hidden(X4,X1) | ~r2_hidden(X4,X0)) & ((r2_hidden(X4,X1) & r2_hidden(X4,X0)) | ~r2_hidden(X4,X2))) | k3_xboole_0(X0,X1) != X2)) [skolemisation 117,118]
142. v1_relat_1(sK0) [cnf transformation 114] {a:0,w:2,wCS:200,goal:1,sine:0,thAx:0,allAx:5,thDist:-5}
143. v1_funct_1(sK0) [cnf transformation 114] {a:0,w:2,wCS:200,goal:1,sine:0,thAx:0,allAx:5,thDist:-5}
144. v1_relat_1(sK1) [cnf transformation 114] {a:0,w:2,wCS:200,goal:1,sine:0,thAx:0,allAx:5,thDist:-5}
145. v1_funct_1(sK1) [cnf transformation 114] {a:0,w:2,wCS:200,goal:1,sine:0,thAx:0,allAx:5,thDist:-5}
147. v1_funct_1(sK2) [cnf transformation 114] {a:0,w:2,wCS:200,goal:1,sine:0,thAx:0,allAx:5,thDist:-5}
148. k2_xboole_0(sK0,sK1) = sK2 [cnf transformation 114] {a:0,w:5,wCS:500,goal:1,sine:0,thAx:0,allAx:5,thDist:-5}
149. r2_hidden(sK3,k3_xboole_0(k9_xtuple_0(sK0),k9_xtuple_0(sK1))) [cnf transformation 114] {a:0,w:7,wCS:700,goal:1,sine:0,thAx:0,allAx:5,thDist:-5}
150. k1_funct_1(sK0,sK3) != k1_funct_1(sK1,sK3) [cnf transformation 114] {a:0,w:7,wCS:700,goal:1,sine:0,thAx:0,allAx:5,thDist:-5}
183. k1_funct_1(X2,X0) = k1_funct_1(X1,X0) | k2_xboole_0(X3,X1) != X2 | ~r2_hidden(X0,k9_xtuple_0(X1)) | ~v1_funct_1(X3) | ~v1_relat_1(X3) | ~v1_funct_1(X2) | ~v1_relat_1(X2) | ~v1_funct_1(X1) | ~v1_relat_1(X1) [cnf transformation 97] {a:0,w:28,wCS:11200,sine:1,thAx:0,allAx:1,thDist:-1}
186. r2_hidden(X4,X0) | ~r2_hidden(X4,X2) | k3_xboole_0(X0,X1) != X2 [cnf transformation 119] {a:0,w:11,wCS:4400,sine:1,thAx:0,allAx:2,thDist:-2}
187. r2_hidden(X4,X1) | ~r2_hidden(X4,X2) | k3_xboole_0(X0,X1) != X2 [cnf transformation 119] {a:0,w:11,wCS:4400,sine:1,thAx:0,allAx:2,thDist:-2}
196. k2_xboole_0(X0,X1) = k2_xboole_0(X1,X0) [cnf transformation 14] {a:0,w:7,wCS:2800,nSel:1,sine:1,thAx:0,allAx:1,thDist:-1}
203. v1_relat_1(k2_xboole_0(X0,X1)) | ~v1_relat_1(X1) | ~v1_relat_1(X0) [cnf transformation 109] {a:0,w:8,wCS:3200,nSel:1,sine:1,thAx:0,allAx:1,thDist:-1}
226. k1_funct_1(X1,X0) = k1_funct_1(k2_xboole_0(X3,X1),X0) | ~r2_hidden(X0,k9_xtuple_0(X1)) | ~v1_funct_1(X3) | ~v1_relat_1(X3) | ~v1_funct_1(k2_xboole_0(X3,X1)) | ~v1_relat_1(k2_xboole_0(X3,X1)) | ~v1_funct_1(X1) | ~v1_relat_1(X1) [equality resolution 183] {a:0,w:29,wCS:11600,sine:1,thAx:0,allAx:1,thDist:-1}
228. ~r2_hidden(X4,k3_xboole_0(X0,X1)) | r2_hidden(X4,X1) [equality resolution 187] {a:0,w:8,wCS:3200,nSel:1,sine:1,thAx:0,allAx:2,thDist:-2}
229. ~r2_hidden(X4,k3_xboole_0(X0,X1)) | r2_hidden(X4,X0) [equality resolution 186] {a:0,w:8,wCS:3200,nSel:1,sine:1,thAx:0,allAx:2,thDist:-2}
231. 1 <=> k1_funct_1(sK0,sK3) = k1_funct_1(sK1,sK3) [avatar definition]
233. k1_funct_1(sK0,sK3) != k1_funct_1(sK1,sK3) <- (~1) [avatar component clause 231] {a:0,w:7,wCS:700,nSel:1,goal:1,sine:255,thAx:0,allAx:5,thDist:-5}
234. ~1 [avatar split clause 150,231]
236. 2 <=> r2_hidden(sK3,k3_xboole_0(k9_xtuple_0(sK0),k9_xtuple_0(sK1))) [avatar definition]
238. r2_hidden(sK3,k3_xboole_0(k9_xtuple_0(sK0),k9_xtuple_0(sK1))) <- (2) [avatar component clause 236] {a:0,w:7,wCS:700,nSel:1,goal:1,sine:255,thAx:0,allAx:5,thDist:-5}
239. 2 [avatar split clause 149,236]
241. 3 <=> k2_xboole_0(sK0,sK1) = sK2 [avatar definition]
243. k2_xboole_0(sK0,sK1) = sK2 <- (3) [avatar component clause 241] {a:0,w:5,wCS:500,nSel:1,goal:1,sine:255,thAx:0,allAx:5,thDist:-5}
244. 3 [avatar split clause 148,241]
246. 4 <=> v1_funct_1(sK2) [avatar definition]
248. v1_funct_1(sK2) <- (4) [avatar component clause 246] {a:0,w:2,wCS:200,nSel:1,goal:1,sine:255,thAx:0,allAx:5,thDist:-5}
249. 4 [avatar split clause 147,246]
256. 6 <=> v1_funct_1(sK1) [avatar definition]
258. v1_funct_1(sK1) <- (6) [avatar component clause 256] {a:0,w:2,wCS:200,nSel:1,goal:1,sine:255,thAx:0,allAx:5,thDist:-5}
259. 6 [avatar split clause 145,256]
261. 7 <=> v1_relat_1(sK1) [avatar definition]
263. v1_relat_1(sK1) <- (7) [avatar component clause 261] {a:0,w:2,wCS:200,nSel:1,goal:1,sine:255,thAx:0,allAx:5,thDist:-5}
264. 7 [avatar split clause 144,261]
266. 8 <=> v1_funct_1(sK0) [avatar definition]
268. v1_funct_1(sK0) <- (8) [avatar component clause 266] {a:0,w:2,wCS:200,nSel:1,goal:1,sine:255,thAx:0,allAx:5,thDist:-5}
269. 8 [avatar split clause 143,266]
271. 9 <=> v1_relat_1(sK0) [avatar definition]
273. v1_relat_1(sK0) <- (9) [avatar component clause 271] {a:0,w:2,wCS:200,nSel:1,goal:1,sine:255,thAx:0,allAx:5,thDist:-5}
274. 9 [avatar split clause 142,271]
570. r2_hidden(sK3,k9_xtuple_0(sK1)) <- (2) [resolution 228,238] {a:1,w:4,wCS:400,goal:1,sine:1,thAx:0,allAx:7,thDist:-7}
576. 55 <=> r2_hidden(sK3,k9_xtuple_0(sK1)) [avatar definition]
578. r2_hidden(sK3,k9_xtuple_0(sK1)) <- (55) [avatar component clause 576] {a:1,w:4,wCS:400,nSel:1,goal:1,sine:255,thAx:0,allAx:7,thDist:-7}
579. 55 | ~2 [avatar split clause 570,236,576]
598. r2_hidden(sK3,k9_xtuple_0(sK0)) <- (2) [resolution 229,238] {a:1,w:4,wCS:400,goal:1,sine:1,thAx:0,allAx:7,thDist:-7}
604. 59 <=> r2_hidden(sK3,k9_xtuple_0(sK0)) [avatar definition]
606. r2_hidden(sK3,k9_xtuple_0(sK0)) <- (59) [avatar component clause 604] {a:1,w:4,wCS:400,nSel:1,goal:1,sine:255,thAx:0,allAx:7,thDist:-7}
607. 59 | ~2 [avatar split clause 598,236,604]
666. k1_funct_1(X1,X0) = k1_funct_1(k2_xboole_0(X3,X1),X0) | ~r2_hidden(X0,k9_xtuple_0(X1)) | ~v1_funct_1(X3) | ~v1_relat_1(X3) | ~v1_funct_1(k2_xboole_0(X3,X1)) | ~v1_funct_1(X1) | ~v1_relat_1(X1) [subsumption resolution 226,203] {a:0,w:25,wCS:10000,nSel:1,sine:1,thAx:0,allAx:1,thDist:-1}
667. k1_funct_1(sK1,X0) = k1_funct_1(sK2,X0) | ~r2_hidden(X0,k9_xtuple_0(sK1)) | ~v1_funct_1(sK0) | ~v1_relat_1(sK0) | ~v1_funct_1(sK2) | ~v1_funct_1(sK1) | ~v1_relat_1(sK1) <- (3) [superposition 666,243] {a:1,w:21,wCS:2100,goal:1,sine:1,thAx:0,allAx:6,thDist:-6}
669. k1_funct_1(X6,X7) = k1_funct_1(k2_xboole_0(X6,X5),X7) | ~r2_hidden(X7,k9_xtuple_0(X6)) | ~v1_funct_1(X5) | ~v1_relat_1(X5) | ~v1_funct_1(k2_xboole_0(X6,X5)) | ~v1_funct_1(X6) | ~v1_relat_1(X6) [superposition 666,196] {a:1,w:25,wCS:10000,nSel:1,sine:1,thAx:0,allAx:2,thDist:-2}
674. k1_funct_1(sK1,X0) = k1_funct_1(sK2,X0) | ~r2_hidden(X0,k9_xtuple_0(sK1)) | ~v1_relat_1(sK0) | ~v1_funct_1(sK2) | ~v1_funct_1(sK1) | ~v1_relat_1(sK1) <- (3, 8) [subsumption resolution 667,268] {a:1,w:19,wCS:1900,goal:1,sine:1,thAx:0,allAx:6,thDist:-6}
675. k1_funct_1(sK1,X0) = k1_funct_1(sK2,X0) | ~r2_hidden(X0,k9_xtuple_0(sK1)) | ~v1_funct_1(sK2) | ~v1_funct_1(sK1) | ~v1_relat_1(sK1) <- (3, 8, 9) [subsumption resolution 674,273] {a:1,w:17,wCS:1700,goal:1,sine:1,thAx:0,allAx:6,thDist:-6}
676. k1_funct_1(sK1,X0) = k1_funct_1(sK2,X0) | ~r2_hidden(X0,k9_xtuple_0(sK1)) | ~v1_funct_1(sK1) | ~v1_relat_1(sK1) <- (3, 4, 8, 9) [subsumption resolution 675,248] {a:1,w:15,wCS:1500,goal:1,sine:1,thAx:0,allAx:6,thDist:-6}
677. k1_funct_1(sK1,X0) = k1_funct_1(sK2,X0) | ~r2_hidden(X0,k9_xtuple_0(sK1)) | ~v1_relat_1(sK1) <- (3, 4, 6, 8, 9) [subsumption resolution 676,258] {a:1,w:13,wCS:1300,goal:1,sine:1,thAx:0,allAx:6,thDist:-6}
678. k1_funct_1(sK1,X0) = k1_funct_1(sK2,X0) | ~r2_hidden(X0,k9_xtuple_0(sK1)) <- (3, 4, 6, 7, 8, 9) [subsumption resolution 677,263] {a:1,w:11,wCS:1100,nSel:1,goal:1,sine:1,thAx:0,allAx:6,thDist:-6}
1289. k1_funct_1(sK0,X0) = k1_funct_1(sK2,X0) | ~r2_hidden(X0,k9_xtuple_0(sK0)) | ~v1_funct_1(sK1) | ~v1_relat_1(sK1) | ~v1_funct_1(sK2) | ~v1_funct_1(sK0) | ~v1_relat_1(sK0) <- (3) [superposition 669,243] {a:2,w:21,wCS:2100,goal:1,sine:1,thAx:0,allAx:7,thDist:-7}
1320. k1_funct_1(sK0,X0) = k1_funct_1(sK2,X0) | ~r2_hidden(X0,k9_xtuple_0(sK0)) | ~v1_relat_1(sK1) | ~v1_funct_1(sK2) | ~v1_funct_1(sK0) | ~v1_relat_1(sK0) <- (3, 6) [subsumption resolution 1289,258] {a:2,w:19,wCS:1900,goal:1,sine:1,thAx:0,allAx:7,thDist:-7}
1321. k1_funct_1(sK0,X0) = k1_funct_1(sK2,X0) | ~r2_hidden(X0,k9_xtuple_0(sK0)) | ~v1_funct_1(sK2) | ~v1_funct_1(sK0) | ~v1_relat_1(sK0) <- (3, 6, 7) [subsumption resolution 1320,263] {a:2,w:17,wCS:1700,goal:1,sine:1,thAx:0,allAx:7,thDist:-7}
1322. k1_funct_1(sK0,X0) = k1_funct_1(sK2,X0) | ~r2_hidden(X0,k9_xtuple_0(sK0)) | ~v1_funct_1(sK0) | ~v1_relat_1(sK0) <- (3, 4, 6, 7) [subsumption resolution 1321,248] {a:2,w:15,wCS:1500,goal:1,sine:1,thAx:0,allAx:7,thDist:-7}
1323. k1_funct_1(sK0,X0) = k1_funct_1(sK2,X0) | ~r2_hidden(X0,k9_xtuple_0(sK0)) | ~v1_relat_1(sK0) <- (3, 4, 6, 7, 8) [subsumption resolution 1322,268] {a:2,w:13,wCS:1300,goal:1,sine:1,thAx:0,allAx:7,thDist:-7}
1324. k1_funct_1(sK0,X0) = k1_funct_1(sK2,X0) | ~r2_hidden(X0,k9_xtuple_0(sK0)) <- (3, 4, 6, 7, 8, 9) [subsumption resolution 1323,273] {a:2,w:11,wCS:1100,nSel:1,goal:1,sine:1,thAx:0,allAx:7,thDist:-7}
1335. k1_funct_1(sK1,X1) = k1_funct_1(sK0,X1) | ~r2_hidden(X1,k9_xtuple_0(sK0)) | ~r2_hidden(X1,k9_xtuple_0(sK1)) <- (3, 4, 6, 7, 8, 9) [superposition 1324,678] {a:3,w:15,wCS:1500,nSel:1,goal:1,sine:1,thAx:0,allAx:13,thDist:-13}
1404. k1_funct_1(sK0,sK3) != k1_funct_1(sK0,sK3) | ~r2_hidden(sK3,k9_xtuple_0(sK0)) | ~r2_hidden(sK3,k9_xtuple_0(sK1)) <- (~1, 3, 4, 6, 7, 8, 9) [superposition 233,1335] {a:4,w:15,wCS:1500,goal:1,sine:1,thAx:0,allAx:18,thDist:-18}
1409. ~r2_hidden(sK3,k9_xtuple_0(sK0)) | ~r2_hidden(sK3,k9_xtuple_0(sK1)) <- (~1, 3, 4, 6, 7, 8, 9) [trivial inequality removal 1404] {a:4,w:8,wCS:800,goal:1,sine:1,thAx:0,allAx:18,thDist:-18}
1414. ~r2_hidden(sK3,k9_xtuple_0(sK1)) <- (~1, 3, 4, 6, 7, 8, 9, 59) [subsumption resolution 1409,606] {a:4,w:4,wCS:400,goal:1,sine:1,thAx:0,allAx:18,thDist:-18}
1415. $false <- (~1, 3, 4, 6, 7, 8, 9, 55, 59) [subsumption resolution 1414,578] {a:4,w:0,goal:1,sine:1,thAx:0,allAx:18,thDist:-18}
1416. 1 | ~3 | ~4 | ~6 | ~7 | ~8 | ~9 | ~55 | ~59 [avatar contradiction clause 1415]
1419. $false [avatar sat refutation 234,239,244,249,259,264,269,274,579,607,1416] {a:0,w:0,goal:1,sine:0,thAx:0,allAx:792,thDist:-792}
% SZS output end Proof for partfun1__t2_partfun1
% ------------------------------
% Version: Vampire 4.5.1 (commit 226f88162 on 2021-09-12 20:13:44 +0200)
% Termination reason: Refutation

% >>> Input
% Input formulas: 55
% >>> Preprocessing
% Introduced skolems: 16
% Pure predicates: 1
% 
% >>> Saturation
% Initial clauses: 84
% Generated clauses: 902
% Active clauses: 163
% Passive clauses: 311
% Final active clauses: 154
% Final passive clauses: 122
% Main loop iterations started: 189
% 
% >>> Simplifying Inferences
% Duplicate literals: 95
% Trivial inequalities: 2
% Fw subsumption resolutions: 116
% Fw demodulations: 14
% Bw demodulations: 1
% 
% >>> Deletion Inferences
% Simple tautologies: 52
% Forward subsumptions: 257
% Backward subsumptions: 7
% 
% >>> Generating Inferences
% Binary resolution: 161
% Unit resulting resolution: 3
% Factoring: 6
% Forward superposition: 184
% Backward superposition: 164
% Self superposition: 4
% 
% >>> AVATAR
% Split clauses: 29
% Split components: 60
% Sat splitting refutations: 6
% 
% >>> SAT Solver Statistics
% SAT solver clauses: 97
% SAT solver unit clauses: 34
% SAT solver binary clauses: 26
% 
% Memory used [KB]: 5756
% Time elapsed: 0.007 s
% ------------------------------
% ------------------------------
% Time measurement results:
% forward subsumption: 0.001 s
% superposition: 0.004 s
% other: 0.007 s ( own 0.002 s ) 

