i: [1,286,0,2,1,1,0,0] t46_connsp_1
a: [3,456,0,2,1,286]
s: 456
i: [1,285,0,2,1,1,0,0] t46_connsp_1
a: [3,461,0,2,1,285]
s: 461
i: [1,284,0,2,1,1,0,0] t46_connsp_1
a: [3,466,0,2,1,284]
s: 466
i: [1,291,0,3,1,1,0,0] t46_connsp_1
a: [3,431,0,3,1,291]
s: 431
i: [1,290,0,3,1,1,0,0] t46_connsp_1
a: [3,436,0,3,1,290]
s: 436
i: [1,292,0,5,1,1,0,0] t46_connsp_1
a: [3,426,0,5,1,292]
s: 426
i: [1,288,0,5,1,1,0,0] t46_connsp_1
a: [3,446,0,5,1,288]
s: 446
i: [1,287,0,5,1,1,0,0] t46_connsp_1
a: [3,451,0,5,1,287]
s: 451
d: [2,588,0,5,1,2,22,426,436]
a: [3,592,0,5,1,588]
s: 592
i: [1,289,0,7,1,1,0,0] t46_connsp_1
a: [3,441,0,7,1,289]
s: 441
d: [2,594,0,7,1,2,22,441,436]
a: [3,598,0,7,1,594]
s: 598
i: [1,293,0,2,1,0,0,255] spc1_boole
a: [3,471,0,2,1,293]
s: 471
i: [1,294,0,2,1,0,0,255] dt_o_0_0_xboole_0
a: [3,476,0,2,1,294]
s: 476
i: [1,295,0,2,1,0,0,255] fc1_xboole_0
a: [3,481,0,2,1,295]
s: 481
i: [1,402,0,2,1,0,0,2] rc2_xboole_0
a: [3,491,0,2,1,402]
s: 491
i: [1,403,0,2,1,0,0,255] existence_l1_struct_0
a: [3,496,0,2,1,403]
s: 496
i: [1,404,0,2,1,0,0,1] existence_l1_pre_topc
a: [3,501,0,2,1,404]
s: 501
i: [1,405,0,2,1,0,0,2] rc1_xboole_0
a: [3,506,0,2,1,405]
s: 506
i: [1,407,0,2,1,0,0,255] rc1_relat_1
a: [3,511,0,2,1,407]
s: 511
i: [1,406,0,2,1,0,0,255] rc1_relat_1
a: [3,516,0,2,1,406]
s: 516
i: [1,408,0,2,1,0,0,255] rc2_relat_1
a: [3,521,0,2,1,408]
s: 521
i: [1,412,0,2,1,0,0,1] rc2_pre_topc
a: [3,526,0,2,1,412]
s: 526
i: [1,411,0,2,1,0,0,1] rc2_pre_topc
a: [3,531,0,2,1,411]
s: 531
i: [1,410,0,2,1,0,0,1] rc2_pre_topc
a: [3,536,0,2,1,410]
s: 536
i: [1,409,0,2,1,0,0,1] rc2_pre_topc
a: [3,541,0,2,1,409]
s: 541
i: [1,415,0,2,1,0,0,2] rc11_pre_topc
a: [3,546,0,2,1,415]
s: 546
i: [1,414,0,2,1,0,0,2] rc11_pre_topc
a: [3,551,0,2,1,414]
s: 551
i: [1,413,0,2,1,0,0,2] rc11_pre_topc
a: [3,556,0,2,1,413]
s: 556
i: [1,419,0,2,1,0,0,1] rc12_pre_topc
a: [3,561,0,2,1,419]
s: 561
i: [1,418,0,2,1,0,0,1] rc12_pre_topc
a: [3,566,0,2,1,418]
s: 566
i: [1,417,0,2,1,0,0,1] rc12_pre_topc
a: [3,571,0,2,1,417]
s: 571
i: [1,416,0,2,1,0,0,1] rc12_pre_topc
a: [3,576,0,2,1,416]
s: 576
i: [1,421,0,2,1,0,0,2] rc1_pre_topc
a: [3,581,0,2,1,421]
s: 581
i: [1,420,0,2,1,0,0,2] rc1_pre_topc
a: [3,586,0,2,1,420]
s: 586
i: [1,297,0,3,1,0,0,2] fc1_subset_1
s: 297
i: [1,383,0,3,1,0,0,2] rc2_subset_1
s: 383
i: [1,386,0,3,1,0,0,255] reflexivity_r1_tarski
s: 386
i: [1,296,0,3,1,0,0,255] d2_xboole_0
a: [3,486,0,3,1,296]
s: 486
r: 476
i: [1,325,0,4,2,0,0,255] dt_l1_pre_topc
s: 325
i: [1,338,0,4,2,0,0,255] cc1_relat_1
s: 338
i: [1,381,0,4,1,0,0,1] existence_m1_subset_1
s: 381
d: [2,601,1,2,1,1,40,325,456]
a: [3,610,1,2,1,601]
s: 610
i: [1,385,0,4,1,0,0,255] rc3_subset_1
s: 385
d: [2,602,1,2,1,1,40,325,501]
a: [3,615,1,2,1,602]
s: 615
i: [1,299,0,5,2,0,0,255] rc6_subset_1
s: 299
i: [1,303,0,5,2,0,0,2] rc1_subset_1
s: 303
d: [2,603,1,2,1,1,40,325,541]
a: [3,620,1,2,1,603]
s: 620
i: [1,305,0,5,2,0,0,255] rc5_subset_1
s: 305
d: [2,604,1,2,1,1,40,325,556]
a: [3,625,1,2,1,604]
s: 625
i: [1,306,0,5,2,0,0,255] rc5_subset_1
s: 306
i: [1,335,0,5,2,0,0,255] rc3_pre_topc
s: 335
d: [2,605,1,2,1,1,40,325,576]
a: [3,630,1,2,1,605]
s: 630
i: [1,337,0,5,2,0,0,1] rc1_connsp_1
s: 337
d: [2,606,1,2,1,1,40,325,586]
a: [3,635,1,2,1,606]
s: 635
i: [1,339,0,5,2,0,0,255] t6_boole
s: 339
i: [1,378,0,5,2,0,0,255] t7_boole
s: 378
d: [2,637,1,2,1,1,40,338,481]
a: [3,643,1,2,1,637]
s: 643
i: [1,382,0,5,1,0,0,2] rc2_subset_1
s: 382
d: [2,639,1,2,1,1,40,338,506]
a: [3,648,1,2,1,639]
s: 648
i: [1,384,0,5,1,0,0,255] rc3_subset_1
s: 384
i: [1,308,0,6,2,0,0,255] rc4_subset_1
s: 308
d: [2,638,1,3,1,0,40,338,383]
s: 638
i: [1,309,0,6,3,0,0,255] cc7_struct_0
s: 309
d: [2,650,1,5,2,0,40,337,338]
s: 650
i: [1,310,0,6,3,0,0,255] cc5_struct_0
s: 310
i: [1,312,0,6,3,0,0,255] cc17_struct_0
s: 312
d: [2,655,1,4,2,1,40,310,496]
a: [3,664,1,2,1,655]
s: 664
i: [1,313,0,6,3,0,0,255] cc2_struct_0
s: 313
d: [2,656,2,4,2,1,40,310,615]
a: [3,673,2,2,1,656]
s: 673
i: [1,314,0,6,3,0,0,255] cc6_struct_0
s: 314
i: [1,315,0,6,3,0,0,255] cc1_struct_0
s: 315
d: [2,658,2,4,2,1,40,310,625]
d: [2,679,2,2,1,2,21,658,551]
a: [3,683,2,2,1,679]
s: 683
i: [1,318,0,6,3,0,0,255] cc4_struct_0
s: 318
d: [2,659,2,4,2,1,40,310,630]
d: [2,685,2,2,1,2,21,659,571]
a: [3,689,2,2,1,685]
s: 689
i: [1,333,0,6,2,0,0,255] existence_m1_pre_topc
s: 333
i: [1,334,0,6,2,0,0,255] rc3_pre_topc
s: 334
d: [2,660,2,4,2,1,40,310,635]
a: [3,694,2,2,1,660]
s: 694
i: [1,373,0,6,2,0,0,255] t1_subset
s: 373
d: [2,704,2,4,2,1,40,312,625]
d: [2,717,2,2,1,2,21,704,551]
a: [3,721,2,2,1,717]
s: 721
i: [1,387,0,6,2,0,0,255] antisymmetry_r2_hidden
s: 387
i: [1,298,0,7,2,0,0,255] rc6_subset_1
s: 298
d: [2,705,2,4,2,1,40,312,630]
d: [2,723,2,2,1,2,21,705,571]
a: [3,727,2,2,1,723]
s: 727
i: [1,302,0,7,2,0,0,2] rc1_subset_1
s: 302
i: [1,304,0,7,2,0,0,255] rc5_subset_1
s: 304
i: [1,307,0,7,2,0,0,255] rc4_subset_1
s: 307
i: [1,316,0,7,3,0,0,255] cc8_struct_0
s: 316
i: [1,319,0,7,3,0,0,255] cc11_struct_0
s: 319
i: [1,320,0,7,3,0,0,255] cc11_struct_0
s: 320
i: [1,321,0,7,3,0,0,255] cc9_struct_0
s: 321
i: [1,328,0,7,3,0,0,255] dt_m1_pre_topc
s: 328
i: [1,342,0,7,3,0,0,255] fc9_struct_0
s: 342
d: [2,741,1,7,3,0,40,328,334]
d: [2,742,1,5,2,0,18,741]
s: 742
i: [1,343,0,7,3,0,0,255] fc6_struct_0
s: 343
d: [2,740,1,7,3,0,40,328,333]
d: [2,743,1,5,2,0,18,740]
s: 743
i: [1,345,0,7,3,0,0,255] rc22_struct_0
s: 345
i: [1,346,0,7,3,0,0,255] fc2_struct_0
s: 346
d: [2,744,2,5,2,0,40,742,325]
s: 744
i: [1,348,0,7,3,0,0,255] rc4_struct_0
s: 348
d: [2,745,2,5,2,0,40,743,325]
s: 745
i: [1,350,0,7,3,0,0,255] rc21_struct_0
s: 350
i: [1,351,0,7,3,0,0,255] rc21_struct_0
s: 351
i: [1,357,0,7,3,0,0,255] rc4_pre_topc
s: 357
i: [1,358,0,7,3,0,0,255] rc4_pre_topc
s: 358
i: [1,359,0,7,3,0,0,255] fc8_struct_0
s: 359
i: [1,360,0,7,3,0,0,255] fc7_struct_0
s: 360
i: [1,361,0,7,3,0,0,255] fc1_pre_topc
s: 361
i: [1,367,0,7,3,0,0,255] rc5_pre_topc
s: 367
i: [1,368,0,7,3,0,0,255] rc5_pre_topc
s: 368
i: [1,370,0,7,3,0,0,255] fc1_struct_0
s: 370
i: [1,375,0,7,2,0,0,255] t3_subset
s: 375
i: [1,376,0,7,2,0,0,255] t3_subset
s: 376
d: [2,757,1,4,1,1,40,375,446]
a: [3,770,1,4,1,757]
s: 770
i: [1,377,0,7,3,0,0,1] t8_boole
s: 377
d: [2,758,1,4,1,1,40,375,451]
a: [3,775,1,4,1,758]
s: 775
i: [1,323,0,8,3,0,0,255] cc5_subset_1
s: 323
i: [1,324,0,8,3,0,0,255] cc2_relat_1
s: 324
d: [2,783,1,5,2,1,40,323,446]
a: [3,797,1,3,1,783]
s: 797
i: [1,336,0,8,2,0,0,1] rc1_connsp_1
s: 336
d: [2,843,2,4,2,1,40,797,360]
d: [2,844,2,2,1,2,21,843,610]
a: [3,848,2,2,1,844]
s: 848
i: [1,340,0,8,3,0,0,2] cc1_subset_1
s: 340
i: [1,356,0,8,3,0,0,255] rc4_pre_topc
s: 356
d: [2,813,1,5,2,1,40,324,446]
a: [3,827,1,3,1,813]
s: 827
i: [1,366,0,8,3,0,0,255] rc5_pre_topc
s: 366
d: [2,853,1,5,2,1,40,340,446]
a: [3,868,1,3,1,853]
s: 868
i: [1,374,0,8,3,0,0,255] t2_subset
s: 374
i: [1,322,0,9,4,0,0,255] cc10_struct_0
s: 322
d: [2,785,1,7,2,1,40,323,598]
a: [3,811,1,5,1,785]
s: 811
i: [1,326,0,9,2,0,0,255] dt_u1_pre_topc
s: 326
d: [2,931,2,8,2,1,40,811,360]
a: [3,935,2,4,1,931]
s: 935
i: [1,341,0,9,3,0,0,255] cc4_subset_1
s: 341
i: [1,353,0,9,4,0,0,255] rc7_pre_topc
s: 353
d: [2,815,1,7,2,1,40,324,598]
a: [3,841,1,5,1,815]
s: 841
i: [1,364,0,9,4,0,0,255] cc1_pre_topc
s: 364
d: [2,855,1,7,2,1,40,340,598]
a: [3,882,1,5,1,855]
s: 882
i: [1,380,0,9,3,0,0,255] t5_subset
s: 380
i: [1,388,0,9,2,0,0,255] dt_g1_pre_topc
s: 388
a: [3,939,2,4,1,931]
s: 939
i: [1,389,0,9,2,0,0,255] dt_g1_pre_topc
s: 389
d: [2,889,1,9,2,1,40,374,446]
d: [2,901,1,5,1,1,21,889,297]
a: [3,905,1,5,1,901]
s: 905
i: [1,344,0,10,3,0,0,255] rc22_struct_0
s: 344
i: [1,347,0,10,3,0,0,255] rc4_struct_0
s: 347
d: [2,890,1,9,2,1,40,374,451]
d: [2,907,1,5,1,1,21,890,297]
a: [3,911,1,5,1,907]
s: 911
i: [1,349,0,10,3,0,0,255] rc21_struct_0
s: 349
d: [2,1016,2,5,1,1,40,905,387]
a: [3,1022,2,5,1,1016]
s: 1022
i: [1,354,0,10,3,0,0,255] fc7_pre_topc
s: 354
i: [1,355,0,10,3,0,0,255] fc7_pre_topc
s: 355
d: [2,1040,2,5,1,1,40,911,387]
a: [3,1046,2,5,1,1040]
s: 1046
i: [1,362,0,10,3,0,0,255] fc6_pre_topc
s: 362
d: [2,759,1,6,1,1,40,375,598]
a: [3,780,1,6,1,759]
s: 780
i: [1,363,0,10,3,0,0,255] fc6_pre_topc
s: 363
i: [1,369,0,10,3,0,0,255] rc6_pre_topc
s: 369
d: [2,891,1,13,2,1,40,374,598]
d: [2,913,1,7,1,1,21,891,297]
a: [3,917,1,7,1,913]
s: 917
i: [1,379,0,10,3,0,0,255] t4_subset
s: 379
d: [2,1079,1,7,2,1,40,379,446]
s: 1079
i: [1,300,0,11,4,0,0,255] cc3_subset_1
s: 300
i: [1,301,0,11,4,0,0,255] cc2_subset_1
s: 301
a: [3,871,1,2,1,853]
s: 871
i: [1,327,0,11,3,0,0,255] abstractness_v1_pre_topc
s: 327
d: [2,854,1,5,2,1,40,340,451]
a: [3,876,1,2,1,854]
s: 876
i: [1,394,0,11,3,0,0,255] fc9_pre_topc
s: 394
i: [1,395,0,11,3,0,0,255] fc9_pre_topc
s: 395
d: [2,1080,1,7,2,1,40,379,451]
s: 1080
i: [1,400,0,11,3,0,0,255] dt_k1_pre_topc
s: 400
d: [2,1151,1,6,2,1,40,400,446]
d: [2,1169,1,4,1,2,21,1151,456]
a: [3,1173,1,4,1,1169]
s: 1173
i: [1,330,0,12,4,0,0,1] cc4_connsp_1
s: 330
i: [1,352,0,12,4,0,0,255] rc7_pre_topc
s: 352
d: [2,1152,1,6,2,1,40,400,451]
d: [2,1175,1,4,1,2,21,1152,456]
a: [3,1179,1,4,1,1175]
s: 1179
i: [1,401,0,12,3,0,0,255] dt_k1_pre_topc
s: 401
d: [2,1153,1,10,2,1,40,400,598]
a: [3,1184,1,4,1,1153]
s: 1184
i: [1,329,0,13,3,0,0,1] t8_pre_topc
s: 329
i: [1,396,0,13,4,0,0,1] fc3_pre_topc
s: 396
a: [3,800,1,2,1,783]
s: 800
i: [1,397,0,13,4,0,0,1] fc3_pre_topc
s: 397
a: [3,830,1,2,1,813]
s: 830
i: [1,398,0,13,4,0,0,1] fc8_pre_topc
s: 398
i: [1,399,0,13,4,0,0,1] fc8_pre_topc
s: 399
d: [2,1270,2,10,3,1,44,780,329]
d: [2,1303,2,5,2,2,21,1270,446]
d: [2,1304,2,3,1,3,21,1303,456]
a: [3,1308,2,3,1,1304]
s: 1308
i: [1,331,0,14,4,0,0,255] d3_connsp_1
s: 331
d: [2,1386,1,9,3,1,40,331,446]
d: [2,1407,1,7,2,2,21,1386,456]
a: [3,1415,1,3,1,1407]
s: 1415
i: [1,332,0,14,4,0,0,255] d3_connsp_1
s: 332
i: [1,390,0,15,3,0,0,255] free_g1_pre_topc
s: 390
d: [2,1274,1,11,3,1,44,598,329]
d: [2,1316,1,6,2,2,21,1274,446]
d: [2,1317,1,4,1,3,21,1316,456]
a: [3,1321,1,4,1,1317]
s: 1321
i: [1,391,0,15,3,0,0,255] free_g1_pre_topc
s: 391
d: [2,1324,1,8,3,1,40,397,446]
d: [2,1345,1,6,2,2,21,1324,456]
d: [2,1346,1,4,1,3,21,1345,461]
a: [3,1350,1,4,1,1346]
s: 1350
i: [1,392,0,15,5,0,0,1] fc2_pre_topc
s: 392
i: [1,393,0,15,5,0,0,1] fc2_pre_topc
s: 393
d: [2,1325,1,8,3,1,40,397,451]
d: [2,1352,1,6,2,2,21,1325,456]
d: [2,1353,1,4,1,3,21,1352,461]
a: [3,1357,1,4,1,1353]
s: 1357
i: [1,422,0,33,7,0,0,255] t7_pre_topc
s: 422
a: [3,1410,1,4,1,1407]
s: 1410
d: [2,1387,1,9,3,1,40,331,451]
d: [2,1417,1,6,2,2,21,1387,431]
d: [2,1418,1,4,1,3,21,1417,456]
a: [3,1422,1,4,1,1418]
s: 1422
d: [2,1474,1,10,4,1,40,392,451]
d: [2,1500,1,8,3,2,21,1474,876]
d: [2,1501,1,6,2,3,21,1500,456]
d: [2,1502,1,4,1,4,21,1501,466]
a: [3,1506,1,4,1,1502]
s: 1506
d: [2,973,2,8,2,1,40,882,370]
a: [3,977,2,4,1,973]
s: 977
d: [2,1229,1,7,2,1,40,401,446]
d: [2,1249,1,5,1,2,21,1229,456]
a: [3,1253,1,5,1,1249]
s: 1253
d: [2,1520,2,0,0,3,52,456,1184,1253,328]
e: 1520
d: [2,1522,2,6,2,1,40,1253,328]
d: [2,1524,2,2,1,2,21,1522,1184]
d: [2,1525,2,0,0,3,21,1524,456]
e: 1525
r: 1184
a: [3,1183,1,4,1,1153]
s: 1183
d: [2,1548,3,0,0,2,52,939,1183,325]
e: 1548
d: [2,1549,2,4,1,1,40,1183,325]
d: [2,1551,2,0,0,2,21,1549,939]
e: 1551
r: 939
d: [2,1230,1,7,2,1,40,401,451]
d: [2,1255,1,5,1,2,21,1230,456]
a: [3,1259,1,5,1,1255]
s: 1259
a: [3,1188,1,6,1,1153]
s: 1188
a: [3,938,2,4,1,931]
s: 938
d: [2,1475,1,16,4,1,40,392,598]
d: [2,1529,1,14,3,2,21,1475,876]
d: [2,1530,1,10,2,3,21,1529,977]
a: [3,1534,1,6,1,1530]
s: 1534
d: [2,1269,2,11,3,1,44,917,329]
d: [2,1296,2,6,2,2,21,1269,446]
d: [2,1297,2,4,1,3,21,1296,456]
a: [3,1301,2,4,1,1297]
s: 1301
d: [2,1429,1,15,3,1,40,332,598]
d: [2,1536,1,10,2,2,21,1429,592]
a: [3,1540,1,6,1,1536]
s: 1540
d: [2,1574,2,28,7,1,44,1540,422]
d: [2,1575,2,24,6,2,21,1574,1422]
d: [2,1576,2,21,5,3,21,1575,1308]
d: [2,1577,2,14,4,4,21,1576,598]
d: [2,1578,2,9,3,5,21,1577,446]
d: [2,1579,2,4,2,6,21,1578,451]
d: [2,1580,2,2,1,7,21,1579,456]
d: [2,1581,2,0,0,8,21,1580,461]
e: 1581
d: [2,1527,2,4,1,2,21,1522,456]
f: 1581,1536,1527,1418,1304,1249,759,594,588,285,286,287,288,289,290,291,292
% Refutation found. Thanks to Tanya!
% SZS status Theorem for connsp_1__t46_connsp_1
% SZS output start Proof for connsp_1__t46_connsp_1
1. ! [X0] : ((l1_pre_topc(X0) & v2_pre_topc(X0) & ~v2_struct_0(X0)) => ! [X1] : (m1_subset_1(X1,k1_zfmisc_1(u1_struct_0(X0))) => ! [X2] : (m1_subset_1(X2,k1_zfmisc_1(u1_struct_0(X0))) => ! [X3] : (m1_subset_1(X3,k1_zfmisc_1(u1_struct_0(k1_pre_topc(X0,X2)))) => ((v2_connsp_1(X1,X0) & X1 = X3) => v2_connsp_1(X3,k1_pre_topc(X0,X2))))))) [input t46_connsp_1]
2. ~! [X0] : ((l1_pre_topc(X0) & v2_pre_topc(X0) & ~v2_struct_0(X0)) => ! [X1] : (m1_subset_1(X1,k1_zfmisc_1(u1_struct_0(X0))) => ! [X2] : (m1_subset_1(X2,k1_zfmisc_1(u1_struct_0(X0))) => ! [X3] : (m1_subset_1(X3,k1_zfmisc_1(u1_struct_0(k1_pre_topc(X0,X2)))) => ((v2_connsp_1(X1,X0) & X1 = X3) => v2_connsp_1(X3,k1_pre_topc(X0,X2))))))) [negated conjecture 1]
30. ! [X0] : (l1_pre_topc(X0) => ! [X1] : (m1_subset_1(X1,k1_zfmisc_1(u1_struct_0(X0))) => (v2_connsp_1(X1,X0) <=> v1_connsp_1(k1_pre_topc(X0,X1))))) [input d3_connsp_1]
32. ! [X0,X1] : ((m1_subset_1(X1,k1_zfmisc_1(u1_struct_0(X0))) & l1_pre_topc(X0)) => (m1_pre_topc(k1_pre_topc(X0,X1),X0) & v1_pre_topc(k1_pre_topc(X0,X1)))) [input dt_k1_pre_topc]
37. ! [X0] : (l1_pre_topc(X0) => ! [X1] : (m1_pre_topc(X1,X0) => l1_pre_topc(X1))) [input dt_m1_pre_topc]
89. ! [X0] : ! [X1] : (m1_subset_1(X0,k1_zfmisc_1(X1)) <=> r1_tarski(X0,X1)) [input t3_subset]
94. ! [X0] : ((l1_pre_topc(X0) & v2_pre_topc(X0)) => ! [X1] : (m1_subset_1(X1,k1_zfmisc_1(u1_struct_0(X0))) => ! [X2] : (m1_subset_1(X2,k1_zfmisc_1(u1_struct_0(X0))) => ! [X3] : (m1_subset_1(X3,k1_zfmisc_1(u1_struct_0(k1_pre_topc(X0,X2)))) => ((r1_tarski(X1,X2) & X1 = X3) => k1_pre_topc(X0,X1) = k1_pre_topc(k1_pre_topc(X0,X2),X3)))))) [input t7_pre_topc]
96. ! [X0] : (l1_pre_topc(X0) => ! [X1] : (m1_subset_1(X1,k1_zfmisc_1(u1_struct_0(X0))) => u1_struct_0(k1_pre_topc(X0,X1)) = X1)) [input t8_pre_topc]
99. ! [X0,X1] : (m1_subset_1(X0,k1_zfmisc_1(X1)) <=> r1_tarski(X0,X1)) [flattening 89]
112. ? [X0] : (? [X1] : (? [X2] : (? [X3] : ((~v2_connsp_1(X3,k1_pre_topc(X0,X2)) & (v2_connsp_1(X1,X0) & X1 = X3)) & m1_subset_1(X3,k1_zfmisc_1(u1_struct_0(k1_pre_topc(X0,X2))))) & m1_subset_1(X2,k1_zfmisc_1(u1_struct_0(X0)))) & m1_subset_1(X1,k1_zfmisc_1(u1_struct_0(X0)))) & (l1_pre_topc(X0) & v2_pre_topc(X0) & ~v2_struct_0(X0))) [ennf transformation 2]
113. ? [X0] : (? [X1] : (? [X2] : (? [X3] : (~v2_connsp_1(X3,k1_pre_topc(X0,X2)) & v2_connsp_1(X1,X0) & X1 = X3 & m1_subset_1(X3,k1_zfmisc_1(u1_struct_0(k1_pre_topc(X0,X2))))) & m1_subset_1(X2,k1_zfmisc_1(u1_struct_0(X0)))) & m1_subset_1(X1,k1_zfmisc_1(u1_struct_0(X0)))) & l1_pre_topc(X0) & v2_pre_topc(X0) & ~v2_struct_0(X0)) [flattening 112]
150. ! [X0] : (! [X1] : (l1_pre_topc(X1) | ~m1_pre_topc(X1,X0)) | ~l1_pre_topc(X0)) [ennf transformation 37]
151. ! [X0] : (! [X1] : (u1_struct_0(k1_pre_topc(X0,X1)) = X1 | ~m1_subset_1(X1,k1_zfmisc_1(u1_struct_0(X0)))) | ~l1_pre_topc(X0)) [ennf transformation 96]
154. ! [X0] : (! [X1] : ((v2_connsp_1(X1,X0) <=> v1_connsp_1(k1_pre_topc(X0,X1))) | ~m1_subset_1(X1,k1_zfmisc_1(u1_struct_0(X0)))) | ~l1_pre_topc(X0)) [ennf transformation 30]
190. ! [X0] : (! [X1] : (! [X2] : (! [X3] : ((k1_pre_topc(X0,X1) = k1_pre_topc(k1_pre_topc(X0,X2),X3) | (~r1_tarski(X1,X2) | X1 != X3)) | ~m1_subset_1(X3,k1_zfmisc_1(u1_struct_0(k1_pre_topc(X0,X2))))) | ~m1_subset_1(X2,k1_zfmisc_1(u1_struct_0(X0)))) | ~m1_subset_1(X1,k1_zfmisc_1(u1_struct_0(X0)))) | (~l1_pre_topc(X0) | ~v2_pre_topc(X0))) [ennf transformation 94]
191. ! [X0] : (! [X1] : (! [X2] : (! [X3] : (k1_pre_topc(X0,X1) = k1_pre_topc(k1_pre_topc(X0,X2),X3) | ~r1_tarski(X1,X2) | X1 != X3 | ~m1_subset_1(X3,k1_zfmisc_1(u1_struct_0(k1_pre_topc(X0,X2))))) | ~m1_subset_1(X2,k1_zfmisc_1(u1_struct_0(X0)))) | ~m1_subset_1(X1,k1_zfmisc_1(u1_struct_0(X0)))) | ~l1_pre_topc(X0) | ~v2_pre_topc(X0)) [flattening 190]
221. ! [X0,X1] : ((m1_pre_topc(k1_pre_topc(X0,X1),X0) & v1_pre_topc(k1_pre_topc(X0,X1))) | (~m1_subset_1(X1,k1_zfmisc_1(u1_struct_0(X0))) | ~l1_pre_topc(X0))) [ennf transformation 32]
222. ! [X0,X1] : ((m1_pre_topc(k1_pre_topc(X0,X1),X0) & v1_pre_topc(k1_pre_topc(X0,X1))) | ~m1_subset_1(X1,k1_zfmisc_1(u1_struct_0(X0))) | ~l1_pre_topc(X0)) [flattening 221]
223. ? [X0] : (? [X1] : (? [X2] : (? [X3] : (~v2_connsp_1(X3,k1_pre_topc(X0,X2)) & v2_connsp_1(X1,X0) & X1 = X3 & m1_subset_1(X3,k1_zfmisc_1(u1_struct_0(k1_pre_topc(X0,X2))))) & m1_subset_1(X2,k1_zfmisc_1(u1_struct_0(X0)))) & m1_subset_1(X1,k1_zfmisc_1(u1_struct_0(X0)))) & l1_pre_topc(X0) & v2_pre_topc(X0) & ~v2_struct_0(X0)) => (? [X1] : (? [X2] : (? [X3] : (~v2_connsp_1(X3,k1_pre_topc(sK0,X2)) & v2_connsp_1(X1,sK0) & X1 = X3 & m1_subset_1(X3,k1_zfmisc_1(u1_struct_0(k1_pre_topc(sK0,X2))))) & m1_subset_1(X2,k1_zfmisc_1(u1_struct_0(sK0)))) & m1_subset_1(X1,k1_zfmisc_1(u1_struct_0(sK0)))) & l1_pre_topc(sK0) & v2_pre_topc(sK0) & ~v2_struct_0(sK0)) [choice axiom]
224. ? [X1] : (? [X2] : (? [X3] : (~v2_connsp_1(X3,k1_pre_topc(sK0,X2)) & v2_connsp_1(X1,sK0) & X1 = X3 & m1_subset_1(X3,k1_zfmisc_1(u1_struct_0(k1_pre_topc(sK0,X2))))) & m1_subset_1(X2,k1_zfmisc_1(u1_struct_0(sK0)))) & m1_subset_1(X1,k1_zfmisc_1(u1_struct_0(sK0)))) => (? [X2] : (? [X3] : (~v2_connsp_1(X3,k1_pre_topc(sK0,X2)) & v2_connsp_1(sK1,sK0) & sK1 = X3 & m1_subset_1(X3,k1_zfmisc_1(u1_struct_0(k1_pre_topc(sK0,X2))))) & m1_subset_1(X2,k1_zfmisc_1(u1_struct_0(sK0)))) & m1_subset_1(sK1,k1_zfmisc_1(u1_struct_0(sK0)))) [choice axiom]
225. ? [X2] : (? [X3] : (~v2_connsp_1(X3,k1_pre_topc(sK0,X2)) & v2_connsp_1(sK1,sK0) & sK1 = X3 & m1_subset_1(X3,k1_zfmisc_1(u1_struct_0(k1_pre_topc(sK0,X2))))) & m1_subset_1(X2,k1_zfmisc_1(u1_struct_0(sK0)))) => (? [X3] : (~v2_connsp_1(X3,k1_pre_topc(sK0,sK2)) & v2_connsp_1(sK1,sK0) & sK1 = X3 & m1_subset_1(X3,k1_zfmisc_1(u1_struct_0(k1_pre_topc(sK0,sK2))))) & m1_subset_1(sK2,k1_zfmisc_1(u1_struct_0(sK0)))) [choice axiom]
226. ? [X3] : (~v2_connsp_1(X3,k1_pre_topc(sK0,sK2)) & v2_connsp_1(sK1,sK0) & sK1 = X3 & m1_subset_1(X3,k1_zfmisc_1(u1_struct_0(k1_pre_topc(sK0,sK2))))) => (~v2_connsp_1(sK3,k1_pre_topc(sK0,sK2)) & v2_connsp_1(sK1,sK0) & sK1 = sK3 & m1_subset_1(sK3,k1_zfmisc_1(u1_struct_0(k1_pre_topc(sK0,sK2))))) [choice axiom]
227. (((~v2_connsp_1(sK3,k1_pre_topc(sK0,sK2)) & v2_connsp_1(sK1,sK0) & sK1 = sK3 & m1_subset_1(sK3,k1_zfmisc_1(u1_struct_0(k1_pre_topc(sK0,sK2))))) & m1_subset_1(sK2,k1_zfmisc_1(u1_struct_0(sK0)))) & m1_subset_1(sK1,k1_zfmisc_1(u1_struct_0(sK0)))) & l1_pre_topc(sK0) & v2_pre_topc(sK0) & ~v2_struct_0(sK0) [skolemisation 113,226,225,224,223]
236. ! [X0] : (! [X1] : (((v2_connsp_1(X1,X0) | ~v1_connsp_1(k1_pre_topc(X0,X1))) & (v1_connsp_1(k1_pre_topc(X0,X1)) | ~v2_connsp_1(X1,X0))) | ~m1_subset_1(X1,k1_zfmisc_1(u1_struct_0(X0)))) | ~l1_pre_topc(X0)) [nnf transformation 154]
257. ! [X0,X1] : ((m1_subset_1(X0,k1_zfmisc_1(X1)) | ~r1_tarski(X0,X1)) & (r1_tarski(X0,X1) | ~m1_subset_1(X0,k1_zfmisc_1(X1)))) [nnf transformation 99]
285. v2_pre_topc(sK0) [cnf transformation 227] {a:0,w:2,wCS:200,goal:1,sine:0,thAx:0,allAx:5,thDist:-5}
286. l1_pre_topc(sK0) [cnf transformation 227] {a:0,w:2,wCS:200,goal:1,sine:0,thAx:0,allAx:5,thDist:-5}
287. m1_subset_1(sK1,k1_zfmisc_1(u1_struct_0(sK0))) [cnf transformation 227] {a:0,w:5,wCS:500,goal:1,sine:0,thAx:0,allAx:5,thDist:-5}
288. m1_subset_1(sK2,k1_zfmisc_1(u1_struct_0(sK0))) [cnf transformation 227] {a:0,w:5,wCS:500,goal:1,sine:0,thAx:0,allAx:5,thDist:-5}
289. m1_subset_1(sK3,k1_zfmisc_1(u1_struct_0(k1_pre_topc(sK0,sK2)))) [cnf transformation 227] {a:0,w:7,wCS:700,goal:1,sine:0,thAx:0,allAx:5,thDist:-5}
290. sK1 = sK3 [cnf transformation 227] {a:0,w:3,wCS:300,goal:1,sine:0,thAx:0,allAx:5,thDist:-5}
291. v2_connsp_1(sK1,sK0) [cnf transformation 227] {a:0,w:3,wCS:300,goal:1,sine:0,thAx:0,allAx:5,thDist:-5}
292. ~v2_connsp_1(sK3,k1_pre_topc(sK0,sK2)) [cnf transformation 227] {a:0,w:5,wCS:500,goal:1,sine:0,thAx:0,allAx:5,thDist:-5}
328. ~m1_pre_topc(X1,X0) | l1_pre_topc(X1) | ~l1_pre_topc(X0) [cnf transformation 150] {a:0,w:7,wCS:2800,nSel:1,sine:255,thAx:0,allAx:1,thDist:-1}
329. u1_struct_0(k1_pre_topc(X0,X1)) = X1 | ~m1_subset_1(X1,k1_zfmisc_1(u1_struct_0(X0))) | ~l1_pre_topc(X0) [cnf transformation 151] {a:0,w:13,wCS:5200,nSel:1,sine:1,thAx:0,allAx:1,thDist:-1}
331. ~m1_subset_1(X1,k1_zfmisc_1(u1_struct_0(X0))) | ~v2_connsp_1(X1,X0) | v1_connsp_1(k1_pre_topc(X0,X1)) | ~l1_pre_topc(X0) [cnf transformation 236] {a:0,w:14,wCS:5600,nSel:1,sine:255,thAx:0,allAx:1,thDist:-1}
332. ~m1_subset_1(X1,k1_zfmisc_1(u1_struct_0(X0))) | ~v1_connsp_1(k1_pre_topc(X0,X1)) | v2_connsp_1(X1,X0) | ~l1_pre_topc(X0) [cnf transformation 236] {a:0,w:14,wCS:5600,nSel:1,sine:255,thAx:0,allAx:1,thDist:-1}
365. k1_pre_topc(X0,X1) = k1_pre_topc(k1_pre_topc(X0,X2),X3) | ~r1_tarski(X1,X2) | X1 != X3 | ~m1_subset_1(X3,k1_zfmisc_1(u1_struct_0(k1_pre_topc(X0,X2)))) | ~m1_subset_1(X2,k1_zfmisc_1(u1_struct_0(X0))) | ~m1_subset_1(X1,k1_zfmisc_1(u1_struct_0(X0))) | ~l1_pre_topc(X0) | ~v2_pre_topc(X0) [cnf transformation 191] {a:0,w:36,wCS:14400,sine:255,thAx:0,allAx:1,thDist:-1}
375. ~m1_subset_1(X0,k1_zfmisc_1(X1)) | r1_tarski(X0,X1) [cnf transformation 257] {a:0,w:7,wCS:2800,nSel:1,sine:255,thAx:0,allAx:1,thDist:-1}
401. ~m1_subset_1(X1,k1_zfmisc_1(u1_struct_0(X0))) | m1_pre_topc(k1_pre_topc(X0,X1),X0) | ~l1_pre_topc(X0) [cnf transformation 222] {a:0,w:12,wCS:4800,nSel:1,sine:255,thAx:0,allAx:1,thDist:-1}
422. k1_pre_topc(k1_pre_topc(X0,X2),X3) = k1_pre_topc(X0,X3) | ~r1_tarski(X3,X2) | ~m1_subset_1(X3,k1_zfmisc_1(u1_struct_0(k1_pre_topc(X0,X2)))) | ~m1_subset_1(X2,k1_zfmisc_1(u1_struct_0(X0))) | ~m1_subset_1(X3,k1_zfmisc_1(u1_struct_0(X0))) | ~l1_pre_topc(X0) | ~v2_pre_topc(X0) [equality resolution 365] {a:0,w:33,wCS:13200,nSel:1,sine:255,thAx:0,allAx:1,thDist:-1}
424. 1 <=> v2_connsp_1(sK3,k1_pre_topc(sK0,sK2)) [avatar definition]
426. ~v2_connsp_1(sK3,k1_pre_topc(sK0,sK2)) <- (~1) [avatar component clause 424] {a:0,w:5,wCS:500,goal:1,sine:255,thAx:0,allAx:5,thDist:-5}
427. ~1 [avatar split clause 292,424]
429. 2 <=> v2_connsp_1(sK1,sK0) [avatar definition]
431. v2_connsp_1(sK1,sK0) <- (2) [avatar component clause 429] {a:0,w:3,wCS:300,nSel:1,goal:1,sine:255,thAx:0,allAx:5,thDist:-5}
432. 2 [avatar split clause 291,429]
434. 3 <=> sK1 = sK3 [avatar definition]
436. sK1 = sK3 <- (3) [avatar component clause 434] {a:0,w:3,wCS:300,nSel:1,goal:1,sine:255,thAx:0,allAx:5,thDist:-5}
437. 3 [avatar split clause 290,434]
439. 4 <=> m1_subset_1(sK3,k1_zfmisc_1(u1_struct_0(k1_pre_topc(sK0,sK2)))) [avatar definition]
441. m1_subset_1(sK3,k1_zfmisc_1(u1_struct_0(k1_pre_topc(sK0,sK2)))) <- (4) [avatar component clause 439] {a:0,w:7,wCS:700,goal:1,sine:255,thAx:0,allAx:5,thDist:-5}
442. 4 [avatar split clause 289,439]
444. 5 <=> m1_subset_1(sK2,k1_zfmisc_1(u1_struct_0(sK0))) [avatar definition]
446. m1_subset_1(sK2,k1_zfmisc_1(u1_struct_0(sK0))) <- (5) [avatar component clause 444] {a:0,w:5,wCS:500,nSel:1,goal:1,sine:255,thAx:0,allAx:5,thDist:-5}
447. 5 [avatar split clause 288,444]
449. 6 <=> m1_subset_1(sK1,k1_zfmisc_1(u1_struct_0(sK0))) [avatar definition]
451. m1_subset_1(sK1,k1_zfmisc_1(u1_struct_0(sK0))) <- (6) [avatar component clause 449] {a:0,w:5,wCS:500,nSel:1,goal:1,sine:255,thAx:0,allAx:5,thDist:-5}
452. 6 [avatar split clause 287,449]
454. 7 <=> l1_pre_topc(sK0) [avatar definition]
456. l1_pre_topc(sK0) <- (7) [avatar component clause 454] {a:0,w:2,wCS:200,nSel:1,goal:1,sine:255,thAx:0,allAx:5,thDist:-5}
457. 7 [avatar split clause 286,454]
459. 8 <=> v2_pre_topc(sK0) [avatar definition]
461. v2_pre_topc(sK0) <- (8) [avatar component clause 459] {a:0,w:2,wCS:200,nSel:1,goal:1,sine:255,thAx:0,allAx:5,thDist:-5}
462. 8 [avatar split clause 285,459]
588. ~v2_connsp_1(sK1,k1_pre_topc(sK0,sK2)) <- (~1, 3) [forward demodulation 426,436] {a:0,w:5,wCS:500,goal:1,sine:255,thAx:0,allAx:5,thDist:-5}
590. 34 <=> v2_connsp_1(sK1,k1_pre_topc(sK0,sK2)) [avatar definition]
592. ~v2_connsp_1(sK1,k1_pre_topc(sK0,sK2)) <- (~34) [avatar component clause 590] {a:0,w:5,wCS:500,nSel:1,goal:1,sine:255,thAx:0,allAx:5,thDist:-5}
593. ~34 | 1 | ~3 [avatar split clause 588,434,424,590]
594. m1_subset_1(sK1,k1_zfmisc_1(u1_struct_0(k1_pre_topc(sK0,sK2)))) <- (3, 4) [forward demodulation 441,436] {a:0,w:7,wCS:700,goal:1,sine:255,thAx:0,allAx:5,thDist:-5}
596. 35 <=> m1_subset_1(sK1,k1_zfmisc_1(u1_struct_0(k1_pre_topc(sK0,sK2)))) [avatar definition]
598. m1_subset_1(sK1,k1_zfmisc_1(u1_struct_0(k1_pre_topc(sK0,sK2)))) <- (35) [avatar component clause 596] {a:0,w:7,wCS:700,nSel:1,goal:1,sine:255,thAx:0,allAx:5,thDist:-5}
599. 35 | ~3 | ~4 [avatar split clause 594,439,434,596]
759. r1_tarski(sK1,u1_struct_0(k1_pre_topc(sK0,sK2))) <- (35) [resolution 375,598] {a:1,w:6,wCS:600,goal:1,sine:255,thAx:0,allAx:6,thDist:-6}
778. 59 <=> r1_tarski(sK1,u1_struct_0(k1_pre_topc(sK0,sK2))) [avatar definition]
780. r1_tarski(sK1,u1_struct_0(k1_pre_topc(sK0,sK2))) <- (59) [avatar component clause 778] {a:1,w:6,wCS:600,nSel:1,goal:1,sine:255,thAx:0,allAx:6,thDist:-6}
781. 59 | ~35 [avatar split clause 759,596,778]
1182. 87 <=> l1_pre_topc(k1_pre_topc(sK0,sK2)) [avatar definition]
1229. m1_pre_topc(k1_pre_topc(sK0,sK2),sK0) | ~l1_pre_topc(sK0) <- (5) [resolution 401,446] {a:1,w:7,wCS:700,goal:1,sine:255,thAx:0,allAx:6,thDist:-6}
1249. m1_pre_topc(k1_pre_topc(sK0,sK2),sK0) <- (5, 7) [subsumption resolution 1229,456] {a:1,w:5,wCS:500,goal:1,sine:255,thAx:0,allAx:6,thDist:-6}
1251. 89 <=> m1_pre_topc(k1_pre_topc(sK0,sK2),sK0) [avatar definition]
1253. m1_pre_topc(k1_pre_topc(sK0,sK2),sK0) <- (89) [avatar component clause 1251] {a:1,w:5,wCS:500,nSel:1,goal:1,sine:255,thAx:0,allAx:6,thDist:-6}
1254. 89 | ~5 | ~7 [avatar split clause 1249,454,444,1251]
1270. r1_tarski(sK1,sK2) | ~m1_subset_1(sK2,k1_zfmisc_1(u1_struct_0(sK0))) | ~l1_pre_topc(sK0) <- (59) [superposition 780,329] {a:2,w:10,wCS:1000,goal:1,sine:1,thAx:0,allAx:7,thDist:-7}
1303. r1_tarski(sK1,sK2) | ~l1_pre_topc(sK0) <- (5, 59) [subsumption resolution 1270,446] {a:2,w:5,wCS:500,goal:1,sine:1,thAx:0,allAx:7,thDist:-7}
1304. r1_tarski(sK1,sK2) <- (5, 7, 59) [subsumption resolution 1303,456] {a:2,w:3,wCS:300,goal:1,sine:1,thAx:0,allAx:7,thDist:-7}
1306. 93 <=> r1_tarski(sK1,sK2) [avatar definition]
1308. r1_tarski(sK1,sK2) <- (93) [avatar component clause 1306] {a:2,w:3,wCS:300,nSel:1,goal:1,sine:255,thAx:0,allAx:7,thDist:-7}
1309. 93 | ~5 | ~7 | ~59 [avatar split clause 1304,778,454,444,1306]
1387. ~v2_connsp_1(sK1,sK0) | v1_connsp_1(k1_pre_topc(sK0,sK1)) | ~l1_pre_topc(sK0) <- (6) [resolution 331,451] {a:1,w:9,wCS:900,goal:1,sine:255,thAx:0,allAx:6,thDist:-6}
1417. v1_connsp_1(k1_pre_topc(sK0,sK1)) | ~l1_pre_topc(sK0) <- (2, 6) [subsumption resolution 1387,431] {a:1,w:6,wCS:600,goal:1,sine:255,thAx:0,allAx:6,thDist:-6}
1418. v1_connsp_1(k1_pre_topc(sK0,sK1)) <- (2, 6, 7) [subsumption resolution 1417,456] {a:1,w:4,wCS:400,goal:1,sine:255,thAx:0,allAx:6,thDist:-6}
1420. 99 <=> v1_connsp_1(k1_pre_topc(sK0,sK1)) [avatar definition]
1422. v1_connsp_1(k1_pre_topc(sK0,sK1)) <- (99) [avatar component clause 1420] {a:1,w:4,wCS:400,nSel:1,goal:1,sine:255,thAx:0,allAx:6,thDist:-6}
1423. 99 | ~2 | ~6 | ~7 [avatar split clause 1418,454,449,429,1420]
1429. ~v1_connsp_1(k1_pre_topc(k1_pre_topc(sK0,sK2),sK1)) | v2_connsp_1(sK1,k1_pre_topc(sK0,sK2)) | ~l1_pre_topc(k1_pre_topc(sK0,sK2)) <- (35) [resolution 332,598] {a:1,w:15,wCS:1500,goal:1,sine:255,thAx:0,allAx:6,thDist:-6}
1522. l1_pre_topc(k1_pre_topc(sK0,sK2)) | ~l1_pre_topc(sK0) <- (89) [resolution 1253,328] {a:2,w:6,wCS:600,goal:1,sine:255,thAx:0,allAx:7,thDist:-7}
1527. l1_pre_topc(k1_pre_topc(sK0,sK2)) <- (7, 89) [subsumption resolution 1522,456] {a:2,w:4,wCS:400,goal:1,sine:255,thAx:0,allAx:7,thDist:-7}
1528. 87 | ~7 | ~89 [avatar split clause 1527,1251,454,1182]
1536. ~v1_connsp_1(k1_pre_topc(k1_pre_topc(sK0,sK2),sK1)) | ~l1_pre_topc(k1_pre_topc(sK0,sK2)) <- (~34, 35) [subsumption resolution 1429,592] {a:1,w:10,wCS:1000,goal:1,sine:255,thAx:0,allAx:6,thDist:-6}
1538. 102 <=> v1_connsp_1(k1_pre_topc(k1_pre_topc(sK0,sK2),sK1)) [avatar definition]
1540. ~v1_connsp_1(k1_pre_topc(k1_pre_topc(sK0,sK2),sK1)) <- (~102) [avatar component clause 1538] {a:1,w:6,wCS:600,nSel:1,goal:1,sine:255,thAx:0,allAx:6,thDist:-6}
1541. ~87 | ~102 | 34 | ~35 [avatar split clause 1536,596,590,1538,1182]
1574. ~v1_connsp_1(k1_pre_topc(sK0,sK1)) | ~r1_tarski(sK1,sK2) | ~m1_subset_1(sK1,k1_zfmisc_1(u1_struct_0(k1_pre_topc(sK0,sK2)))) | ~m1_subset_1(sK2,k1_zfmisc_1(u1_struct_0(sK0))) | ~m1_subset_1(sK1,k1_zfmisc_1(u1_struct_0(sK0))) | ~l1_pre_topc(sK0) | ~v2_pre_topc(sK0) <- (~102) [superposition 1540,422] {a:2,w:28,wCS:2800,goal:1,sine:255,thAx:0,allAx:7,thDist:-7}
1575. ~r1_tarski(sK1,sK2) | ~m1_subset_1(sK1,k1_zfmisc_1(u1_struct_0(k1_pre_topc(sK0,sK2)))) | ~m1_subset_1(sK2,k1_zfmisc_1(u1_struct_0(sK0))) | ~m1_subset_1(sK1,k1_zfmisc_1(u1_struct_0(sK0))) | ~l1_pre_topc(sK0) | ~v2_pre_topc(sK0) <- (99, ~102) [subsumption resolution 1574,1422] {a:2,w:24,wCS:2400,goal:1,sine:255,thAx:0,allAx:7,thDist:-7}
1576. ~m1_subset_1(sK1,k1_zfmisc_1(u1_struct_0(k1_pre_topc(sK0,sK2)))) | ~m1_subset_1(sK2,k1_zfmisc_1(u1_struct_0(sK0))) | ~m1_subset_1(sK1,k1_zfmisc_1(u1_struct_0(sK0))) | ~l1_pre_topc(sK0) | ~v2_pre_topc(sK0) <- (93, 99, ~102) [subsumption resolution 1575,1308] {a:2,w:21,wCS:2100,goal:1,sine:255,thAx:0,allAx:7,thDist:-7}
1577. ~m1_subset_1(sK2,k1_zfmisc_1(u1_struct_0(sK0))) | ~m1_subset_1(sK1,k1_zfmisc_1(u1_struct_0(sK0))) | ~l1_pre_topc(sK0) | ~v2_pre_topc(sK0) <- (35, 93, 99, ~102) [subsumption resolution 1576,598] {a:2,w:14,wCS:1400,goal:1,sine:255,thAx:0,allAx:7,thDist:-7}
1578. ~m1_subset_1(sK1,k1_zfmisc_1(u1_struct_0(sK0))) | ~l1_pre_topc(sK0) | ~v2_pre_topc(sK0) <- (5, 35, 93, 99, ~102) [subsumption resolution 1577,446] {a:2,w:9,wCS:900,goal:1,sine:255,thAx:0,allAx:7,thDist:-7}
1579. ~l1_pre_topc(sK0) | ~v2_pre_topc(sK0) <- (5, 6, 35, 93, 99, ~102) [subsumption resolution 1578,451] {a:2,w:4,wCS:400,goal:1,sine:255,thAx:0,allAx:7,thDist:-7}
1580. ~v2_pre_topc(sK0) <- (5, 6, 7, 35, 93, 99, ~102) [subsumption resolution 1579,456] {a:2,w:2,wCS:200,goal:1,sine:255,thAx:0,allAx:7,thDist:-7}
1581. $false <- (5, 6, 7, 8, 35, 93, 99, ~102) [subsumption resolution 1580,461] {a:2,w:0,goal:1,sine:255,thAx:0,allAx:7,thDist:-7}
1582. ~5 | ~6 | ~7 | ~8 | ~35 | ~93 | ~99 | 102 [avatar contradiction clause 1581]
1583. $false [avatar sat refutation 427,432,437,442,447,452,457,462,593,599,781,1254,1309,1423,1528,1541,1582] {a:0,w:0,goal:1,sine:0,thAx:0,allAx:785,thDist:-785}
% SZS output end Proof for connsp_1__t46_connsp_1
% ------------------------------
% Version: Vampire 4.5.1 (commit 226f88162 on 2021-09-12 20:13:44 +0200)
% Termination reason: Refutation

% >>> Input
% Input formulas: 95
% >>> Preprocessing
% Introduced skolems: 31
% Pure predicates: 4
% 
% >>> Saturation
% Initial clauses: 138
% Generated clauses: 870
% Active clauses: 189
% Passive clauses: 481
% Final active clauses: 186
% Final passive clauses: 281
% Main loop iterations started: 200
% 
% >>> Simplifying Inferences
% Duplicate literals: 53
% Fw subsumption resolutions: 119
% Fw demodulations: 2
% Bw demodulations: 1
% 
% >>> Deletion Inferences
% Simple tautologies: 26
% Equational tautologies: 2
% Forward subsumptions: 93
% 
% >>> Generating Inferences
% Binary resolution: 406
% Unit resulting resolution: 2
% Forward superposition: 15
% Backward superposition: 33
% Self superposition: 2
% Equality resolution: 2
% 
% >>> AVATAR
% Split clauses: 27
% Split components: 54
% Sat splitting refutations: 5
% 
% >>> SAT Solver Statistics
% SAT solver clauses: 111
% SAT solver unit clauses: 33
% SAT solver binary clauses: 22
% 
% Memory used [KB]: 10362
% Time elapsed: 0.006 s
% ------------------------------
% ------------------------------
% Time measurement results:
% parsing: 0.001 s
% sat proof minimization: 0.001 s
% term sharing: 0.001 s
% congruence closure: 0.001 s
% resolution: 0.001 s
% unit resulting resolution: 0.001 s ( own 0.0000 s ) 
% superposition: 0.001 s
% other: 0.006 s ( own 0.0000 s ) 

