i: [1,158,0,4,2,1,0,0] l13_ordinal1
a: [3,243,0,2,1,158]
s: 243
i: [1,159,0,2,1,0,0,255] dt_o_0_0_xboole_0
a: [3,252,0,2,1,159]
s: 252
i: [1,160,0,2,1,0,0,1] fc1_xboole_0
a: [3,257,0,2,1,160]
s: 257
i: [1,221,0,2,1,0,0,2] rc2_xboole_0
a: [3,267,0,2,1,221]
s: 267
i: [1,222,0,2,1,0,0,2] rc1_xboole_0
a: [3,272,0,2,1,222]
s: 272
i: [1,224,0,2,1,0,0,255] rc7_funct_1
a: [3,277,0,2,1,224]
s: 277
i: [1,223,0,2,1,0,0,255] rc7_funct_1
a: [3,282,0,2,1,223]
s: 282
i: [1,226,0,2,1,0,0,255] rc1_relat_1
a: [3,287,0,2,1,226]
s: 287
i: [1,225,0,2,1,0,0,255] rc1_relat_1
a: [3,292,0,2,1,225]
s: 292
i: [1,229,0,2,1,0,0,255] rc4_funct_1
a: [3,297,0,2,1,229]
s: 297
i: [1,228,0,2,1,0,0,255] rc4_funct_1
a: [3,302,0,2,1,228]
s: 302
i: [1,227,0,2,1,0,0,255] rc4_funct_1
a: [3,307,0,2,1,227]
s: 307
i: [1,230,0,2,1,0,0,255] rc2_relat_1
a: [3,312,0,2,1,230]
s: 312
i: [1,232,0,2,1,0,0,255] rc3_funct_1
a: [3,317,0,2,1,232]
s: 317
i: [1,231,0,2,1,0,0,255] rc3_funct_1
a: [3,322,0,2,1,231]
s: 322
i: [1,234,0,2,1,0,0,255] rc1_funct_1
a: [3,327,0,2,1,234]
s: 327
i: [1,233,0,2,1,0,0,255] rc1_funct_1
a: [3,332,0,2,1,233]
s: 332
i: [1,237,0,2,1,0,0,255] rc5_funct_1
a: [3,337,0,2,1,237]
s: 337
i: [1,236,0,2,1,0,0,255] rc5_funct_1
a: [3,342,0,2,1,236]
s: 342
i: [1,235,0,2,1,0,0,255] rc5_funct_1
a: [3,347,0,2,1,235]
s: 347
i: [1,239,0,2,1,0,0,255] rc2_funct_1
a: [3,352,0,2,1,239]
s: 352
i: [1,238,0,2,1,0,0,255] rc2_funct_1
a: [3,357,0,2,1,238]
s: 357
i: [1,162,0,3,1,0,0,3] fc1_subset_1
s: 162
i: [1,216,0,3,1,0,0,3] rc2_subset_1
s: 216
i: [1,219,0,3,1,0,0,2] reflexivity_r1_tarski
s: 219
i: [1,161,0,3,1,0,0,255] d2_xboole_0
a: [3,262,0,3,1,161]
s: 262
r: 252
i: [1,178,0,4,2,0,0,255] cc7_funct_1
s: 178
i: [1,179,0,4,2,0,0,255] cc1_funct_1
s: 179
d: [2,360,1,2,1,1,40,178,257]
a: [3,366,1,2,1,360]
s: 366
i: [1,180,0,4,2,0,0,255] cc1_relat_1
s: 180
i: [1,214,0,4,1,0,0,3] existence_m1_subset_1
s: 214
d: [2,362,1,2,1,1,40,178,272]
a: [3,371,1,2,1,362]
s: 371
i: [1,218,0,4,1,0,0,255] rc3_subset_1
s: 218
d: [2,373,1,2,1,1,40,179,257]
a: [3,379,1,2,1,373]
s: 379
i: [1,164,0,5,2,0,0,255] rc6_subset_1
s: 164
i: [1,168,0,5,2,0,0,3] rc1_subset_1
s: 168
d: [2,375,1,2,1,1,40,179,272]
a: [3,384,1,2,1,375]
s: 384
i: [1,170,0,5,2,0,0,255] rc5_subset_1
s: 170
d: [2,386,1,2,1,1,40,180,257]
a: [3,392,1,2,1,386]
s: 392
i: [1,171,0,5,2,0,0,255] rc5_subset_1
s: 171
i: [1,181,0,5,2,0,0,1] t6_boole
s: 181
d: [2,404,1,4,2,1,44,243,181]
s: 404
i: [1,211,0,5,2,0,0,2] t7_boole
s: 211
d: [2,407,2,2,1,2,40,404,272]
a: [3,411,2,2,1,407]
s: 411
i: [1,215,0,5,1,0,0,3] rc2_subset_1
s: 215
i: [1,217,0,5,1,0,0,255] rc3_subset_1
s: 217
d: [2,406,2,3,1,1,40,404,216]
s: 406
i: [1,173,0,6,2,0,0,255] rc4_subset_1
s: 173
d: [2,388,1,2,1,1,40,180,272]
a: [3,397,1,2,1,388]
s: 397
i: [1,199,0,6,2,0,0,1] d2_ordinal1
s: 199
i: [1,200,0,6,2,0,0,1] d2_ordinal1
s: 200
d: [2,413,1,4,2,0,40,199,211]
d: [2,414,1,2,1,1,21,413,404]
s: 414
r: 307
r: 292
r: 282
r: 267
r: 170
r: 168
r: 162
r: 178
r: 179
r: 180
r: 181
r: 404
r: 211
d: [2,418,2,0,0,2,40,414,272]
e: 418
d: [2,417,2,0,0,1,40,414,216]
e: 417
d: [2,416,2,0,0,2,40,414,257]
e: 416
d: [2,415,2,0,0,2,52,257,414]
e: 415
r: 414
r: 406
r: 243
a: [3,242,0,2,1,158]
s: 242
a: [3,247,0,2,1,158]
s: 247
s: 267
s: 282
s: 292
s: 307
s: 162
s: 178
s: 179
d: [2,361,1,3,1,0,40,178,216]
s: 361
s: 180
d: [2,374,1,3,1,0,40,179,216]
s: 374
s: 168
s: 170
d: [2,387,1,3,1,0,40,180,216]
s: 387
s: 181
d: [2,433,1,4,2,1,44,242,181]
s: 433
d: [2,439,3,0,0,3,52,411,272,433]
e: 439
d: [2,442,2,2,1,2,40,433,272]
d: [2,444,2,0,0,3,21,442,411]
e: 444
r: 411
s: 211
i: [1,201,0,6,2,0,0,1] d3_ordinal1
s: 201
a: [3,410,2,2,1,407]
s: 410
i: [1,202,0,6,2,0,0,1] d3_ordinal1
s: 202
d: [2,441,2,3,1,1,40,433,216]
s: 441
i: [1,206,0,6,2,0,0,2] t1_subset
s: 206
i: [1,220,0,6,2,0,0,2] antisymmetry_r2_hidden
s: 220
d: [2,434,1,4,2,1,44,247,181]
s: 434
i: [1,163,0,7,2,0,0,255] rc6_subset_1
s: 163
d: [2,458,2,2,1,2,40,434,272]
a: [3,462,2,2,1,458]
s: 462
i: [1,167,0,7,2,0,0,3] rc1_subset_1
s: 167
i: [1,169,0,7,2,0,0,255] rc5_subset_1
s: 169
d: [2,457,2,3,1,1,40,434,216]
s: 457
i: [1,172,0,7,2,0,0,255] rc4_subset_1
s: 172
d: [2,424,1,3,1,0,40,178,216]
s: 424
i: [1,174,0,7,3,0,0,255] cc8_funct_1
s: 174
i: [1,175,0,7,3,0,0,255] cc8_funct_1
s: 175
d: [2,427,1,3,1,0,40,179,216]
s: 427
i: [1,203,0,7,2,0,0,1] d3_ordinal1
s: 203
d: [2,430,1,3,1,0,40,180,216]
s: 430
i: [1,204,0,7,2,0,0,1] d3_ordinal1
s: 204
i: [1,205,0,7,2,0,0,1] d3_ordinal1
s: 205
s: 413
i: [1,208,0,7,2,0,0,2] t3_subset
s: 208
d: [2,448,1,4,2,0,40,201,211]
s: 448
i: [1,209,0,7,2,0,0,2] t3_subset
s: 209
i: [1,210,0,7,3,0,0,2] t8_boole
s: 210
d: [2,485,1,2,1,1,21,448,434]
s: 485
r: 307
r: 292
r: 282
r: 267
r: 170
r: 168
r: 162
r: 434
r: 433
r: 211
r: 210
r: 181
r: 180
r: 179
r: 178
d: [2,492,2,0,0,2,40,485,272]
e: 492
d: [2,491,2,0,0,1,40,485,216]
e: 491
d: [2,490,2,0,0,2,40,485,257]
e: 490
d: [2,489,2,0,0,2,52,257,485]
e: 489
f: 491,417,158
% Refutation found. Thanks to Tanya!
% SZS status Theorem for ordinal1__l13_ordinal1
% SZS output start Proof for ordinal1__l13_ordinal1
1. v2_ordinal1(k1_xboole_0) & v1_ordinal1(k1_xboole_0) [input l13_ordinal1]
2. ~(v2_ordinal1(k1_xboole_0) & v1_ordinal1(k1_xboole_0)) [negated conjecture 1]
22. ! [X0] : (v1_ordinal1(X0) <=> ! [X1] : (r2_hidden(X1,X0) => r1_tarski(X1,X0))) [input d2_ordinal1]
24. ! [X0] : (v2_ordinal1(X0) <=> ! [X1] : ! [X2] : ~(~r2_hidden(X2,X1) & X1 != X2 & ~r2_hidden(X1,X2) & r2_hidden(X2,X0) & r2_hidden(X1,X0))) [input d3_ordinal1]
38. ! [X0] : ? [X1] : (v1_xboole_0(X1) & m1_subset_1(X1,k1_zfmisc_1(X0))) [input rc2_subset_1]
54. ! [X0] : (v1_xboole_0(X0) => k1_xboole_0 = X0) [input t6_boole]
55. ! [X0] : ! [X1] : ~(v1_xboole_0(X1) & r2_hidden(X0,X1)) [input t7_boole]
57. ! [X0] : (v2_ordinal1(X0) <=> ! [X1,X2] : ~(~r2_hidden(X2,X1) & X1 != X2 & ~r2_hidden(X1,X2) & r2_hidden(X2,X0) & r2_hidden(X1,X0))) [flattening 24]
62. ! [X0,X1] : ~(v1_xboole_0(X1) & r2_hidden(X0,X1)) [flattening 55]
66. ! [X0] : (! [X1,X2] : ~(~r2_hidden(X2,X1) & X1 != X2 & ~r2_hidden(X1,X2) & r2_hidden(X2,X0) & r2_hidden(X1,X0)) => v2_ordinal1(X0)) [unused predicate definition removal 57]
67. ! [X0] : (! [X1] : (r2_hidden(X1,X0) => r1_tarski(X1,X0)) => v1_ordinal1(X0)) [unused predicate definition removal 22]
75. ~v2_ordinal1(k1_xboole_0) | ~v1_ordinal1(k1_xboole_0) [ennf transformation 2]
90. ! [X0] : (k1_xboole_0 = X0 | ~v1_xboole_0(X0)) [ennf transformation 54]
108. ! [X0] : (v1_ordinal1(X0) | ? [X1] : (~r1_tarski(X1,X0) & r2_hidden(X1,X0))) [ennf transformation 67]
109. ! [X0] : (v2_ordinal1(X0) | ? [X1,X2] : (~r2_hidden(X2,X1) & X1 != X2 & ~r2_hidden(X1,X2) & r2_hidden(X2,X0) & r2_hidden(X1,X0))) [ennf transformation 66]
114. ! [X0,X1] : (~v1_xboole_0(X1) | ~r2_hidden(X0,X1)) [ennf transformation 62]
127. ! [X0] : (? [X1] : (~r1_tarski(X1,X0) & r2_hidden(X1,X0)) => (~r1_tarski(sK4(X0),X0) & r2_hidden(sK4(X0),X0))) [choice axiom]
128. ! [X0] : (v1_ordinal1(X0) | (~r1_tarski(sK4(X0),X0) & r2_hidden(sK4(X0),X0))) [skolemisation 108,127]
129. ! [X0] : (? [X1,X2] : (~r2_hidden(X2,X1) & X1 != X2 & ~r2_hidden(X1,X2) & r2_hidden(X2,X0) & r2_hidden(X1,X0)) => (~r2_hidden(sK6(X0),sK5(X0)) & sK5(X0) != sK6(X0) & ~r2_hidden(sK5(X0),sK6(X0)) & r2_hidden(sK6(X0),X0) & r2_hidden(sK5(X0),X0))) [choice axiom]
130. ! [X0] : (v2_ordinal1(X0) | (~r2_hidden(sK6(X0),sK5(X0)) & sK5(X0) != sK6(X0) & ~r2_hidden(sK5(X0),sK6(X0)) & r2_hidden(sK6(X0),X0) & r2_hidden(sK5(X0),X0))) [skolemisation 109,129]
134. ! [X0] : (? [X1] : (v1_xboole_0(X1) & m1_subset_1(X1,k1_zfmisc_1(X0))) => (v1_xboole_0(sK8(X0)) & m1_subset_1(sK8(X0),k1_zfmisc_1(X0)))) [choice axiom]
135. ! [X0] : (v1_xboole_0(sK8(X0)) & m1_subset_1(sK8(X0),k1_zfmisc_1(X0))) [skolemisation 38,134]
158. ~v2_ordinal1(k1_xboole_0) | ~v1_ordinal1(k1_xboole_0) [cnf transformation 75] {a:0,w:4,wCS:400,goal:1,sine:0,thAx:0,allAx:1,thDist:-1}
181. k1_xboole_0 = X0 | ~v1_xboole_0(X0) [cnf transformation 90] {a:0,w:5,wCS:2000,nSel:1,sine:1,thAx:0,allAx:1,thDist:-1}
199. r2_hidden(sK4(X0),X0) | v1_ordinal1(X0) [cnf transformation 128] {a:0,w:6,wCS:2400,nSel:1,sine:1,thAx:0,allAx:2,thDist:-2}
201. r2_hidden(sK5(X0),X0) | v2_ordinal1(X0) [cnf transformation 130] {a:0,w:6,wCS:2400,nSel:1,sine:1,thAx:0,allAx:2,thDist:-2}
211. ~r2_hidden(X0,X1) | ~v1_xboole_0(X1) [cnf transformation 114] {a:0,w:5,wCS:2000,nSel:1,sine:2,thAx:0,allAx:1,thDist:-1}
216. v1_xboole_0(sK8(X0)) [cnf transformation 135] {a:0,w:3,wCS:1200,nSel:1,sine:3,thAx:0,allAx:2,thDist:-2}
241. 1 <=> v1_ordinal1(k1_xboole_0) [avatar definition]
243. ~v1_ordinal1(k1_xboole_0) <- (~1) [avatar component clause 241] {a:0,w:2,wCS:200,nSel:1,goal:1,sine:255,thAx:0,allAx:1,thDist:-1}
245. 2 <=> v2_ordinal1(k1_xboole_0) [avatar definition]
247. ~v2_ordinal1(k1_xboole_0) <- (~2) [avatar component clause 245] {a:0,w:2,wCS:200,nSel:1,goal:1,sine:255,thAx:0,allAx:1,thDist:-1}
248. ~1 | ~2 [avatar split clause 158,245,241]
404. ~v1_xboole_0(X0) | ~v1_ordinal1(X0) <- (~1) [superposition 243,181] {a:1,w:4,wCS:400,nSel:1,goal:1,sine:1,thAx:0,allAx:2,thDist:-2}
413. v1_ordinal1(X0) | ~v1_xboole_0(X0) [resolution 199,211] {a:1,w:4,wCS:1600,sine:1,thAx:0,allAx:3,thDist:-3}
414. ~v1_xboole_0(X0) <- (~1) [subsumption resolution 413,404] {a:1,w:2,wCS:200,nSel:1,goal:1,sine:1,thAx:0,allAx:3,thDist:-3}
417. $false <- (~1) [resolution 414,216] {a:2,w:0,goal:1,sine:1,thAx:0,allAx:5,thDist:-5}
420. 1 [avatar contradiction clause 417]
434. ~v1_xboole_0(X0) | ~v2_ordinal1(X0) <- (~2) [superposition 247,181] {a:1,w:4,wCS:400,nSel:1,goal:1,sine:1,thAx:0,allAx:2,thDist:-2}
448. v2_ordinal1(X0) | ~v1_xboole_0(X0) [resolution 201,211] {a:1,w:4,wCS:1600,sine:1,thAx:0,allAx:3,thDist:-3}
485. ~v1_xboole_0(X0) <- (~2) [subsumption resolution 448,434] {a:1,w:2,wCS:200,nSel:1,goal:1,sine:1,thAx:0,allAx:3,thDist:-3}
491. $false <- (~2) [resolution 485,216] {a:2,w:0,goal:1,sine:1,thAx:0,allAx:5,thDist:-5}
494. 2 [avatar contradiction clause 491]
497. $false [avatar sat refutation 248,420,494] {a:0,w:0,goal:1,sine:0,thAx:0,allAx:162,thDist:-162}
% SZS output end Proof for ordinal1__l13_ordinal1
% ------------------------------
% Version: Vampire 4.5.1 (commit 226f88162 on 2021-09-12 20:13:44 +0200)
% Termination reason: Refutation

% >>> Input
% Input formulas: 55
% >>> Preprocessing
% Introduced skolems: 20
% Pure predicates: 3
% Unused predicate definitions: 2
% 
% >>> Saturation
% Initial clauses: 82
% Generated clauses: 218
% Active clauses: 92
% Passive clauses: 141
% Final active clauses: 59
% Final passive clauses: 44
% Main loop iterations started: 97
% 
% >>> Simplifying Inferences
% Fw subsumption resolutions: 3
% Bw demodulations: 1
% 
% >>> Deletion Inferences
% Simple tautologies: 13
% Forward subsumptions: 23
% Backward subsumptions: 28
% 
% >>> Generating Inferences
% Binary resolution: 67
% Unit resulting resolution: 3
% Backward superposition: 11
% Self superposition: 2
% 
% >>> AVATAR
% Split clauses: 1
% Split components: 2
% Sat splitting refutations: 10
% 
% >>> SAT Solver Statistics
% SAT solver clauses: 44
% SAT solver unit clauses: 24
% SAT solver binary clauses: 13
% 
% Memory used [KB]: 5117
% Time elapsed: 0.004 s
% ------------------------------
% ------------------------------
% Time measurement results:
% parsing: 0.002 s
% superposition: 0.001 s
% other: 0.004 s ( own 0.001 s ) 

