i: [1,458,0,2,1,1,0,0] l36_cgames_1
a: [3,778,0,2,1,458]
s: 778
i: [1,460,0,2,1,0,0,255] fc7_card_1
a: [3,783,0,2,1,460]
s: 783
i: [1,461,0,2,1,0,0,1] spc1_boole
a: [3,788,0,2,1,461]
s: 788
i: [1,462,0,2,1,0,0,255] fc4_card_1
a: [3,793,0,2,1,462]
s: 793
i: [1,463,0,2,1,0,0,255] fc1_xboole_0
a: [3,798,0,2,1,463]
s: 798
i: [1,468,0,2,1,0,0,255] fc6_ordinal1
a: [3,818,0,2,1,468]
s: 818
i: [1,467,0,2,1,0,0,255] fc6_ordinal1
a: [3,823,0,2,1,467]
s: 823
i: [1,469,0,2,1,0,0,2] spc1_numerals
a: [3,843,0,2,1,469]
s: 843
i: [1,659,0,2,1,0,0,2] rc3_card_1
a: [3,848,0,2,1,659]
s: 848
i: [1,660,0,2,1,0,0,1] rc2_xboole_0
a: [3,853,0,2,1,660]
s: 853
i: [1,661,0,2,1,0,0,1] rc4_cgames_1
a: [3,858,0,2,1,661]
s: 858
i: [1,662,0,2,1,0,0,3] rc1_xreal_0
a: [3,863,0,2,1,662]
s: 863
i: [1,663,0,2,1,0,0,3] rc4_ordinal1
a: [3,868,0,2,1,663]
s: 868
i: [1,664,0,2,1,0,0,3] rc1_card_1
a: [3,873,0,2,1,664]
s: 873
i: [1,665,0,2,1,0,0,3] rc1_ordinal1
a: [3,878,0,2,1,665]
s: 878
i: [1,666,0,2,1,0,0,4] rc1_xxreal_0
a: [3,883,0,2,1,666]
s: 883
i: [1,667,0,2,1,0,0,1] rc1_xboole_0
a: [3,888,0,2,1,667]
s: 888
i: [1,669,0,2,1,0,0,255] rc8_finseq_1
a: [3,893,0,2,1,669]
s: 893
i: [1,668,0,2,1,0,0,255] rc8_finseq_1
a: [3,898,0,2,1,668]
s: 898
i: [1,673,0,2,1,0,0,255] rc2_ordinal1
a: [3,903,0,2,1,673]
s: 903
i: [1,672,0,2,1,0,0,255] rc2_ordinal1
a: [3,908,0,2,1,672]
s: 908
i: [1,671,0,2,1,0,0,255] rc2_ordinal1
a: [3,913,0,2,1,671]
s: 913
i: [1,670,0,2,1,0,0,255] rc2_ordinal1
a: [3,918,0,2,1,670]
s: 918
i: [1,682,0,2,1,0,0,255] rc1_nat_1
a: [3,923,0,2,1,682]
s: 923
i: [1,681,0,2,1,0,0,255] rc1_nat_1
a: [3,928,0,2,1,681]
s: 928
i: [1,680,0,2,1,0,0,255] rc1_nat_1
a: [3,933,0,2,1,680]
s: 933
i: [1,679,0,2,1,0,0,255] rc1_nat_1
a: [3,938,0,2,1,679]
s: 938
i: [1,678,0,2,1,0,0,255] rc1_nat_1
a: [3,943,0,2,1,678]
s: 943
i: [1,677,0,2,1,0,0,255] rc1_nat_1
a: [3,948,0,2,1,677]
s: 948
i: [1,676,0,2,1,0,0,255] rc1_nat_1
a: [3,953,0,2,1,676]
s: 953
i: [1,675,0,2,1,0,0,255] rc1_nat_1
a: [3,958,0,2,1,675]
s: 958
i: [1,674,0,2,1,0,0,255] rc1_nat_1
a: [3,963,0,2,1,674]
s: 963
i: [1,684,0,2,1,0,0,255] rc7_funct_1
a: [3,968,0,2,1,684]
s: 968
i: [1,683,0,2,1,0,0,255] rc7_funct_1
a: [3,973,0,2,1,683]
s: 973
i: [1,686,0,2,1,0,0,3] rc5_ordinal1
a: [3,978,0,2,1,686]
s: 978
i: [1,685,0,2,1,0,0,3] rc5_ordinal1
a: [3,983,0,2,1,685]
s: 983
i: [1,688,0,2,1,0,0,1] rc1_relat_1
a: [3,988,0,2,1,688]
s: 988
i: [1,687,0,2,1,0,0,1] rc1_relat_1
a: [3,993,0,2,1,687]
s: 993
i: [1,691,0,2,1,0,0,255] rc4_funct_1
a: [3,998,0,2,1,691]
s: 998
i: [1,690,0,2,1,0,0,255] rc4_funct_1
a: [3,1003,0,2,1,690]
s: 1003
i: [1,689,0,2,1,0,0,255] rc4_funct_1
a: [3,1008,0,2,1,689]
s: 1008
i: [1,694,0,2,1,0,0,255] rc4_comput_1
a: [3,1013,0,2,1,694]
s: 1013
i: [1,693,0,2,1,0,0,255] rc4_comput_1
a: [3,1018,0,2,1,693]
s: 1018
i: [1,692,0,2,1,0,0,255] rc4_comput_1
a: [3,1023,0,2,1,692]
s: 1023
i: [1,699,0,2,1,0,0,255] rc2_card_1
a: [3,1028,0,2,1,699]
s: 1028
i: [1,698,0,2,1,0,0,255] rc2_card_1
a: [3,1033,0,2,1,698]
s: 1033
i: [1,697,0,2,1,0,0,255] rc2_card_1
a: [3,1038,0,2,1,697]
s: 1038
i: [1,696,0,2,1,0,0,255] rc2_card_1
a: [3,1043,0,2,1,696]
s: 1043
i: [1,695,0,2,1,0,0,255] rc2_card_1
a: [3,1048,0,2,1,695]
s: 1048
i: [1,702,0,2,1,0,0,255] rc3_xreal_0
a: [3,1053,0,2,1,702]
s: 1053
i: [1,701,0,2,1,0,0,255] rc3_xreal_0
a: [3,1058,0,2,1,701]
s: 1058
i: [1,700,0,2,1,0,0,255] rc3_xreal_0
a: [3,1063,0,2,1,700]
s: 1063
i: [1,705,0,2,1,0,0,255] rc2_xreal_0
a: [3,1068,0,2,1,705]
s: 1068
i: [1,704,0,2,1,0,0,255] rc2_xreal_0
a: [3,1073,0,2,1,704]
s: 1073
i: [1,703,0,2,1,0,0,255] rc2_xreal_0
a: [3,1078,0,2,1,703]
s: 1078
i: [1,707,0,2,1,0,0,4] rc3_xxreal_0
a: [3,1083,0,2,1,707]
s: 1083
i: [1,706,0,2,1,0,0,4] rc3_xxreal_0
a: [3,1088,0,2,1,706]
s: 1088
i: [1,709,0,2,1,0,0,3] rc2_xxreal_0
a: [3,1093,0,2,1,709]
s: 1093
i: [1,708,0,2,1,0,0,3] rc2_xxreal_0
a: [3,1098,0,2,1,708]
s: 1098
i: [1,712,0,2,1,0,0,255] rc4_xreal_0
a: [3,1103,0,2,1,712]
s: 1103
i: [1,711,0,2,1,0,0,255] rc4_xreal_0
a: [3,1108,0,2,1,711]
s: 1108
i: [1,710,0,2,1,0,0,255] rc4_xreal_0
a: [3,1113,0,2,1,710]
s: 1113
i: [1,714,0,2,1,0,0,4] rc4_xxreal_0
a: [3,1118,0,2,1,714]
s: 1118
i: [1,713,0,2,1,0,0,4] rc4_xxreal_0
a: [3,1123,0,2,1,713]
s: 1123
i: [1,715,0,2,1,0,0,255] rc2_relat_1
a: [3,1128,0,2,1,715]
s: 1128
i: [1,717,0,2,1,0,0,255] rc3_funct_1
a: [3,1133,0,2,1,717]
s: 1133
i: [1,716,0,2,1,0,0,255] rc3_funct_1
a: [3,1138,0,2,1,716]
s: 1138
i: [1,724,0,2,1,0,0,255] rc5_finseq_1
a: [3,1143,0,2,1,724]
s: 1143
i: [1,723,0,2,1,0,0,255] rc5_finseq_1
a: [3,1148,0,2,1,723]
s: 1148
i: [1,722,0,2,1,0,0,255] rc5_finseq_1
a: [3,1153,0,2,1,722]
s: 1153
i: [1,721,0,2,1,0,0,255] rc5_finseq_1
a: [3,1158,0,2,1,721]
s: 1158
i: [1,720,0,2,1,0,0,255] rc5_finseq_1
a: [3,1163,0,2,1,720]
s: 1163
i: [1,718,0,2,1,0,0,255] rc5_finseq_1
a: [3,1173,0,2,1,718]
s: 1173
i: [1,726,0,2,1,0,0,1] rc1_funct_1
a: [3,1178,0,2,1,726]
s: 1178
i: [1,725,0,2,1,0,0,1] rc1_funct_1
a: [3,1183,0,2,1,725]
s: 1183
i: [1,729,0,2,1,0,0,255] rc5_funct_1
a: [3,1188,0,2,1,729]
s: 1188
i: [1,728,0,2,1,0,0,255] rc5_funct_1
a: [3,1193,0,2,1,728]
s: 1193
i: [1,727,0,2,1,0,0,255] rc5_funct_1
a: [3,1198,0,2,1,727]
s: 1198
i: [1,731,0,2,1,0,0,255] rc2_funct_1
a: [3,1203,0,2,1,731]
s: 1203
i: [1,730,0,2,1,0,0,255] rc2_funct_1
a: [3,1208,0,2,1,730]
s: 1208
i: [1,734,0,2,1,0,0,2] rc3_finseq_1
a: [3,1213,0,2,1,734]
s: 1213
i: [1,733,0,2,1,0,0,2] rc3_finseq_1
a: [3,1218,0,2,1,733]
s: 1218
i: [1,732,0,2,1,0,0,2] rc3_finseq_1
a: [3,1223,0,2,1,732]
s: 1223
i: [1,741,0,2,1,0,0,2] rc4_finseq_1
a: [3,1228,0,2,1,741]
s: 1228
i: [1,740,0,2,1,0,0,2] rc4_finseq_1
a: [3,1233,0,2,1,740]
s: 1233
i: [1,739,0,2,1,0,0,2] rc4_finseq_1
a: [3,1238,0,2,1,739]
s: 1238
i: [1,738,0,2,1,0,0,2] rc4_finseq_1
a: [3,1243,0,2,1,738]
s: 1243
i: [1,737,0,2,1,0,0,2] rc4_finseq_1
a: [3,1248,0,2,1,737]
s: 1248
i: [1,735,0,2,1,0,0,2] rc4_finseq_1
a: [3,1258,0,2,1,735]
s: 1258
i: [1,749,0,2,1,0,0,1] rc5_cgames_1
a: [3,1263,0,2,1,749]
s: 1263
i: [1,748,0,2,1,0,0,1] rc5_cgames_1
a: [3,1268,0,2,1,748]
s: 1268
i: [1,747,0,2,1,0,0,1] rc5_cgames_1
a: [3,1273,0,2,1,747]
s: 1273
i: [1,746,0,2,1,0,0,1] rc5_cgames_1
a: [3,1278,0,2,1,746]
s: 1278
i: [1,745,0,2,1,0,0,1] rc5_cgames_1
a: [3,1283,0,2,1,745]
s: 1283
i: [1,744,0,2,1,0,0,1] rc5_cgames_1
a: [3,1288,0,2,1,744]
s: 1288
i: [1,742,0,2,1,0,0,1] rc5_cgames_1
a: [3,1298,0,2,1,742]
s: 1298
i: [1,758,0,2,1,0,0,1] rc6_cgames_1
a: [3,1303,0,2,1,758]
s: 1303
i: [1,757,0,2,1,0,0,1] rc6_cgames_1
a: [3,1308,0,2,1,757]
s: 1308
i: [1,756,0,2,1,0,0,1] rc6_cgames_1
a: [3,1313,0,2,1,756]
s: 1313
i: [1,755,0,2,1,0,0,1] rc6_cgames_1
a: [3,1318,0,2,1,755]
s: 1318
i: [1,754,0,2,1,0,0,1] rc6_cgames_1
a: [3,1323,0,2,1,754]
s: 1323
i: [1,753,0,2,1,0,0,1] rc6_cgames_1
a: [3,1328,0,2,1,753]
s: 1328
i: [1,752,0,2,1,0,0,1] rc6_cgames_1
a: [3,1333,0,2,1,752]
s: 1333
i: [1,750,0,2,1,0,0,1] rc6_cgames_1
a: [3,1343,0,2,1,750]
s: 1343
i: [1,768,0,2,1,0,0,255] rc3_nat_1
a: [3,1348,0,2,1,768]
s: 1348
i: [1,767,0,2,1,0,0,255] rc3_nat_1
a: [3,1353,0,2,1,767]
s: 1353
i: [1,766,0,2,1,0,0,255] rc3_nat_1
a: [3,1358,0,2,1,766]
s: 1358
i: [1,765,0,2,1,0,0,255] rc3_nat_1
a: [3,1363,0,2,1,765]
s: 1363
i: [1,764,0,2,1,0,0,255] rc3_nat_1
a: [3,1368,0,2,1,764]
s: 1368
i: [1,763,0,2,1,0,0,255] rc3_nat_1
a: [3,1373,0,2,1,763]
s: 1373
i: [1,762,0,2,1,0,0,255] rc3_nat_1
a: [3,1378,0,2,1,762]
s: 1378
i: [1,761,0,2,1,0,0,255] rc3_nat_1
a: [3,1383,0,2,1,761]
s: 1383
i: [1,760,0,2,1,0,0,255] rc3_nat_1
a: [3,1388,0,2,1,760]
s: 1388
i: [1,771,0,2,1,0,0,2] rc2_nat_1
a: [3,1398,0,2,1,771]
s: 1398
i: [1,770,0,2,1,0,0,2] rc2_nat_1
a: [3,1403,0,2,1,770]
s: 1403
i: [1,473,0,3,1,0,0,255] fc2_xboole_0
s: 473
i: [1,474,0,3,1,0,0,2] fc16_finseq_1
s: 474
i: [1,475,0,3,1,0,0,2] fc1_subset_1
s: 475
i: [1,476,0,3,1,0,0,2] fc7_finseq_1
s: 476
i: [1,477,0,3,1,0,0,2] dt_k1_card_1
s: 477
i: [1,483,0,3,1,0,0,2] dt_k9_finseq_1
s: 483
i: [1,484,0,3,1,0,0,2] dt_k9_finseq_1
s: 484
i: [1,485,0,3,1,0,0,2] fc6_finseq_1
s: 485
i: [1,486,0,3,1,0,0,2] fc6_finseq_1
s: 486
i: [1,638,0,3,1,0,0,255] rc9_funct_1
s: 638
i: [1,640,0,3,1,0,0,255] rc9_funct_1
s: 640
i: [1,642,0,3,1,0,0,2] rc2_subset_1
s: 642
i: [1,645,0,3,1,0,0,255] reflexivity_r1_tarski
s: 645
i: [1,464,0,3,1,0,0,255] redefinition_k5_numbers
a: [3,803,0,3,1,464]
s: 803
r: 823
r: 818
r: 793
r: 783
d: [2,1410,0,2,1,2,23,823,803]
a: [3,1417,0,2,1,1410]
s: 1417
d: [2,1411,0,2,1,2,23,818,803]
a: [3,1422,0,2,1,1411]
s: 1422
d: [2,1412,0,2,1,2,23,793,803]
a: [3,1427,0,2,1,1412]
s: 1427
d: [2,1413,0,2,1,2,23,783,803]
a: [3,1432,0,2,1,1413]
s: 1432
i: [1,465,0,3,1,0,0,255] t1_numerals
a: [3,808,0,3,1,465]
s: 808
i: [1,472,0,3,1,0,0,2] spc1_numerals
a: [3,828,0,3,1,472]
s: 828
i: [1,471,0,3,1,0,0,2] spc1_numerals
a: [3,833,0,3,1,471]
s: 833
i: [1,719,0,3,1,0,0,255] rc5_finseq_1
a: [3,1168,0,3,1,719]
s: 1168
i: [1,736,0,3,1,0,0,2] rc4_finseq_1
a: [3,1253,0,3,1,736]
s: 1253
i: [1,743,0,3,1,0,0,1] rc5_cgames_1
a: [3,1293,0,3,1,743]
s: 1293
i: [1,751,0,3,1,0,0,1] rc6_cgames_1
a: [3,1338,0,3,1,751]
s: 1338
i: [1,759,0,3,1,0,0,255] rc3_nat_1
a: [3,1393,0,3,1,759]
s: 1393
d: [2,1434,0,3,1,2,22,808,803]
a: [3,1438,0,3,1,1434]
s: 1438
i: [1,478,0,4,1,0,0,255] fc13_card_1
s: 478
i: [1,479,0,4,1,0,0,2] fc24_finseq_1
s: 479
i: [1,510,0,4,2,0,0,255] cc9_finseq_1
s: 510
i: [1,517,0,4,2,0,0,3] cc4_xreal_0
s: 517
d: [2,1440,1,2,1,1,40,510,893]
a: [3,1444,1,2,1,1440]
s: 1444
i: [1,518,0,4,2,0,0,3] cc2_xreal_0
s: 518
d: [2,1446,1,2,1,1,40,517,863]
a: [3,1455,1,2,1,1446]
s: 1455
i: [1,519,0,4,2,0,0,3] cc3_card_1
s: 519
i: [1,520,0,4,2,0,0,3] cc6_ordinal1
s: 520
d: [2,1457,1,2,1,1,40,518,868]
a: [3,1464,1,2,1,1457]
s: 1464
i: [1,521,0,4,2,0,0,3] cc5_card_1
s: 521
d: [2,1459,1,2,1,1,40,518,978]
a: [3,1469,1,2,1,1459]
s: 1469
i: [1,522,0,4,2,0,0,3] cc2_xxreal_0
s: 522
i: [1,524,0,4,2,0,0,4] cc3_nat_1
s: 524
d: [2,1471,1,2,1,1,40,519,868]
a: [3,1478,1,2,1,1471]
s: 1478
i: [1,525,0,4,2,0,0,3] cc1_nat_1
s: 525
d: [2,1473,1,2,1,1,40,519,978]
a: [3,1483,1,2,1,1473]
s: 1483
i: [1,534,0,4,2,0,0,3] cc1_card_1
s: 534
i: [1,539,0,4,2,0,0,255] cc1_ordinal1
s: 539
d: [2,1485,1,2,1,1,40,520,868]
a: [3,1492,1,2,1,1485]
s: 1492
i: [1,540,0,4,2,0,0,255] cc1_ordinal1
s: 540
d: [2,1487,1,2,1,1,40,520,978]
a: [3,1497,1,2,1,1487]
s: 1497
i: [1,544,0,4,2,0,0,255] cc9_ordinal1
s: 544
i: [1,545,0,4,2,0,0,255] cc8_finseq_1
s: 545
d: [2,1505,1,2,1,1,40,521,868]
a: [3,1512,1,2,1,1505]
s: 1512
i: [1,546,0,4,2,0,0,255] cc7_funct_1
s: 546
d: [2,1507,1,2,1,1,40,521,978]
a: [3,1517,1,2,1,1507]
s: 1517
i: [1,547,0,4,2,0,0,3] cc7_ordinal1
s: 547
i: [1,548,0,4,2,0,0,3] cc2_card_1
s: 548
d: [2,1531,1,2,1,1,40,524,1058]
a: [3,1536,1,2,1,1531]
s: 1536
i: [1,549,0,4,2,0,0,3] cc3_ordinal1
s: 549
d: [2,1532,1,2,1,1,40,524,1083]
a: [3,1541,1,2,1,1532]
s: 1541
i: [1,550,0,4,2,0,0,1] cc1_funct_1
s: 550
i: [1,551,0,4,2,0,0,1] cc1_relat_1
s: 551
d: [2,1546,1,2,1,1,40,534,873]
a: [3,1555,1,2,1,1546]
s: 1555
i: [1,637,0,4,1,0,0,2] existence_m1_subset_1
s: 637
d: [2,1558,1,2,1,1,40,539,1422]
a: [3,1568,1,2,1,1558]
s: 1568
i: [1,639,0,4,1,0,0,255] rc9_funct_1
s: 639
i: [1,644,0,4,1,0,0,255] rc3_subset_1
s: 644
d: [2,1559,1,2,1,1,40,539,878]
a: [3,1573,1,2,1,1559]
s: 1573
i: [1,646,0,4,1,0,0,255] fc3_xboole_0
s: 646
d: [2,1564,1,2,1,1,40,539,1398]
a: [3,1578,1,2,1,1564]
s: 1578
i: [1,466,0,4,1,0,0,2] dt_k5_numbers
a: [3,813,0,4,1,466]
s: 813
i: [1,470,0,4,1,0,0,2] spc1_numerals
a: [3,838,0,4,1,470]
s: 838
d: [2,1586,1,2,1,1,40,540,1422]
a: [3,1597,1,2,1,1586]
s: 1597
i: [1,769,0,4,1,0,0,2] rc2_nat_1
a: [3,1408,0,4,1,769]
s: 1408
d: [2,1588,1,2,1,1,40,540,878]
a: [3,1607,1,2,1,1588]
s: 1607
i: [1,480,0,5,1,0,0,2] redefinition_k9_finseq_1
s: 480
r: 484
r: 483
i: [1,488,0,5,2,0,0,255] rc6_subset_1
s: 488
d: [2,1593,1,2,1,1,40,540,1398]
a: [3,1612,1,2,1,1593]
s: 1612
i: [1,489,0,5,2,0,0,2] fc9_card_1
s: 489
d: [2,1626,1,2,1,1,40,544,798]
a: [3,1634,1,2,1,1626]
s: 1634
i: [1,490,0,5,2,0,0,2] fc8_card_1
s: 490
i: [1,491,0,5,2,0,0,2] fc8_card_1
s: 491
d: [2,1628,1,2,1,1,40,544,888]
a: [3,1639,1,2,1,1628]
s: 1639
i: [1,493,0,5,2,0,0,2] rc4_card_1
s: 493
d: [2,1629,1,2,1,1,40,544,1113]
a: [3,1644,1,2,1,1629]
s: 1644
i: [1,494,0,5,2,0,0,2] fc2_card_1
s: 494
i: [1,495,0,5,2,0,0,2] fc2_card_1
s: 495
d: [2,1630,1,2,1,1,40,544,1123]
a: [3,1649,1,2,1,1630]
s: 1649
i: [1,499,0,5,2,0,0,2] rc1_subset_1
s: 499
d: [2,1651,1,2,1,1,40,545,798]
a: [3,1659,1,2,1,1651]
s: 1659
i: [1,501,0,5,2,0,0,255] rc5_subset_1
s: 501
i: [1,502,0,5,2,0,0,255] rc5_subset_1
s: 502
d: [2,1653,1,2,1,1,40,545,888]
a: [3,1664,1,2,1,1653]
s: 1664
i: [1,508,0,5,2,0,0,1] fc8_cgames_1
s: 508
d: [2,1654,1,2,1,1,40,545,1113]
a: [3,1669,1,2,1,1654]
s: 1669
i: [1,509,0,5,2,0,0,1] fc6_cgames_1
s: 509
i: [1,527,0,5,2,0,0,2] rc7_finseq_1
s: 527
d: [2,1655,1,2,1,1,40,545,1123]
a: [3,1674,1,2,1,1655]
s: 1674
i: [1,529,0,5,2,0,0,2] rc7_finseq_1
s: 529
d: [2,1676,1,2,1,1,40,546,798]
a: [3,1684,1,2,1,1676]
s: 1684
i: [1,530,0,5,2,0,0,2] rc7_finseq_1
s: 530
i: [1,532,0,5,2,0,0,2] rc7_finseq_1
s: 532
d: [2,1678,1,2,1,1,40,546,888]
a: [3,1689,1,2,1,1678]
s: 1689
i: [1,533,0,5,2,0,0,2] rc7_finseq_1
s: 533
d: [2,1679,1,2,1,1,40,546,1113]
a: [3,1694,1,2,1,1679]
s: 1694
i: [1,536,0,5,2,0,0,2] rc6_card_1
s: 536
i: [1,537,0,5,2,0,0,2] rc6_card_1
s: 537
d: [2,1680,1,2,1,1,40,546,1123]
a: [3,1699,1,2,1,1680]
s: 1699
i: [1,542,0,5,2,0,0,2] fc6_card_1
s: 542
d: [2,1701,1,2,1,1,40,547,798]
a: [3,1709,1,2,1,1701]
s: 1709
i: [1,543,0,5,2,0,0,2] fc6_card_1
s: 543
i: [1,552,0,5,2,0,0,255] t6_boole
s: 552
d: [2,1703,1,2,1,1,40,547,888]
a: [3,1714,1,2,1,1703]
s: 1714
i: [1,553,0,5,2,0,0,255] cc8_card_1
s: 553
d: [2,1704,1,2,1,1,40,547,1113]
a: [3,1719,1,2,1,1704]
s: 1719
i: [1,554,0,5,2,0,0,2] fc1_card_1
s: 554
i: [1,555,0,5,2,0,0,2] fc1_card_1
s: 555
d: [2,1705,1,2,1,1,40,547,1123]
a: [3,1724,1,2,1,1705]
s: 1724
i: [1,562,0,5,2,0,0,255] cc7_card_1
s: 562
d: [2,1726,1,2,1,1,40,548,798]
a: [3,1734,1,2,1,1726]
s: 1734
i: [1,563,0,5,2,0,0,255] cc9_card_1
s: 563
i: [1,564,0,5,2,0,0,255] cc9_card_1
s: 564
d: [2,1728,1,2,1,1,40,548,888]
a: [3,1739,1,2,1,1728]
s: 1739
i: [1,565,0,5,2,0,0,2] cc1_xreal_0
s: 565
d: [2,1729,1,2,1,1,40,548,1113]
a: [3,1744,1,2,1,1729]
s: 1744
i: [1,566,0,5,2,0,0,255] cc8_ordinal1
s: 566
i: [1,567,0,5,2,0,0,255] cc4_card_1
s: 567
d: [2,1730,1,2,1,1,40,548,1123]
a: [3,1749,1,2,1,1730]
s: 1749
i: [1,568,0,5,2,0,0,4] cc2_nat_1
s: 568
d: [2,1751,1,2,1,1,40,549,798]
a: [3,1759,1,2,1,1751]
s: 1759
i: [1,634,0,5,2,0,0,255] t7_boole
s: 634
i: [1,641,0,5,1,0,0,2] rc2_subset_1
s: 641
d: [2,1753,1,2,1,1,40,549,888]
a: [3,1764,1,2,1,1753]
s: 1764
i: [1,643,0,5,1,0,0,255] rc3_subset_1
s: 643
d: [2,1754,1,2,1,1,40,549,1113]
a: [3,1769,1,2,1,1754]
s: 1769
i: [1,647,0,5,1,0,0,255] fc1_funct_1
s: 647
i: [1,648,0,5,1,0,0,255] fc5_relat_1
s: 648
d: [2,1755,1,2,1,1,40,549,1123]
a: [3,1774,1,2,1,1755]
s: 1774
d: [2,1964,0,5,2,1,22,566,803]
s: 1964
d: [2,1776,1,2,1,1,40,550,798]
a: [3,1784,1,2,1,1776]
s: 1784
d: [2,1965,0,5,2,1,22,567,803]
s: 1965
i: [1,459,0,23,8,1,0,0] l36_cgames_1
s: 459
d: [2,1778,1,2,1,1,40,550,888]
a: [3,1789,1,2,1,1778]
s: 1789
i: [1,481,0,6,1,0,0,2] projectivity_k1_card_1
s: 481
d: [2,1779,1,2,1,1,40,550,1113]
a: [3,1794,1,2,1,1779]
s: 1794
i: [1,504,0,6,2,0,0,1] rc7_card_1
s: 504
i: [1,506,0,6,2,0,0,255] rc4_subset_1
s: 506
d: [2,1780,1,2,1,1,40,550,1123]
a: [3,1799,1,2,1,1780]
s: 1799
i: [1,528,0,6,2,0,0,2] rc7_finseq_1
s: 528
d: [2,1801,1,2,1,1,40,551,798]
a: [3,1809,1,2,1,1801]
s: 1809
i: [1,531,0,6,2,0,0,2] rc7_finseq_1
s: 531
i: [1,535,0,6,2,0,0,2] rc5_card_1
s: 535
d: [2,1803,1,2,1,1,40,551,888]
a: [3,1814,1,2,1,1803]
s: 1814
i: [1,538,0,6,2,0,0,2] rc6_card_1
s: 538
d: [2,1804,1,2,1,1,40,551,1113]
a: [3,1819,1,2,1,1804]
s: 1819
i: [1,577,0,6,3,0,0,255] cc2_ordinal1
s: 577
i: [1,578,0,6,3,0,0,3] cc6_card_1
s: 578
d: [2,1805,1,2,1,1,40,551,1123]
a: [3,1824,1,2,1,1805]
s: 1824
i: [1,581,0,6,3,0,0,3] cc5_xxreal_0
s: 581
d: [2,1950,1,2,1,1,40,565,828]
a: [3,1955,1,2,1,1950]
s: 1955
i: [1,583,0,6,3,0,0,3] cc5_xxreal_0
s: 583
i: [1,584,0,6,3,0,0,3] cc3_xxreal_0
s: 584
d: [2,1968,1,2,1,1,40,568,833]
a: [3,1975,1,2,1,1968]
s: 1975
i: [1,586,0,6,3,0,0,3] cc3_xxreal_0
s: 586
d: [2,1969,1,2,1,1,40,568,1438]
a: [3,1980,1,2,1,1969]
s: 1980
i: [1,588,0,6,3,0,0,3] cc7_xxreal_0
s: 588
i: [1,589,0,6,3,0,0,3] cc7_xxreal_0
s: 589
d: [2,1971,1,2,1,1,40,568,1393]
a: [3,1990,1,2,1,1971]
s: 1990
i: [1,597,0,6,3,0,0,255] cc3_relat_1
s: 597
d: [2,2041,1,2,1,2,40,1964,833]
a: [3,2048,1,2,1,2041]
s: 2048
d: [2,2293,0,4,2,0,21,597,551]
s: 2293
i: [1,623,0,6,3,0,0,1] cc1_finseq_1
s: 623
d: [2,2056,1,2,1,2,40,1965,833]
a: [3,2063,1,2,1,2056]
s: 2063
d: [2,2333,0,4,2,0,21,623,551]
s: 2333
d: [2,2100,1,5,2,0,40,535,564]
a: [3,2114,1,2,1,2100]
s: 2114
i: [1,625,0,6,3,0,0,1] cc4_finseq_1
s: 625
i: [1,627,0,6,2,0,0,255] t1_subset
s: 627
d: [2,2153,1,4,2,1,40,578,1033]
d: [2,2159,1,2,1,2,21,2153,1038]
a: [3,2163,1,2,1,2159]
s: 2163
i: [1,650,0,6,2,0,0,255] antisymmetry_r2_hidden
s: 650
d: [2,2154,1,4,2,1,40,578,1153]
a: [3,2168,1,2,1,2154]
s: 2168
i: [1,482,0,7,1,0,0,255] d5_finseq_1
s: 482
i: [1,487,0,7,2,0,0,255] rc6_subset_1
s: 487
d: [2,2155,1,4,2,1,40,578,1238]
a: [3,2177,1,2,1,2155]
s: 2177
i: [1,492,0,7,2,0,0,2] rc4_card_1
s: 492
d: [2,2156,1,4,2,1,40,578,1278]
a: [3,2186,1,2,1,2156]
s: 2186
i: [1,498,0,7,2,0,0,2] rc1_subset_1
s: 498
i: [1,500,0,7,2,0,0,255] rc5_subset_1
s: 500
d: [2,2157,1,4,2,1,40,578,1323]
a: [3,2195,1,2,1,2157]
s: 2195
i: [1,503,0,7,2,0,0,1] rc7_card_1
s: 503
d: [2,2202,1,4,2,1,40,581,883]
a: [3,2227,1,2,1,2202]
s: 2227
i: [1,505,0,7,2,0,0,255] rc4_subset_1
s: 505
i: [1,511,0,7,3,0,0,255] cc10_finseq_1
s: 511
d: [2,2204,1,4,2,1,40,581,1063]
d: [2,2229,1,2,1,2,21,2204,1058]
a: [3,2233,1,2,1,2229]
s: 2233
i: [1,514,0,7,3,0,0,255] cc8_funct_1
s: 514
d: [2,2205,1,4,2,1,40,581,1078]
a: [3,2238,1,2,1,2205]
s: 2238
i: [1,515,0,7,3,0,0,255] cc8_funct_1
s: 515
i: [1,541,0,7,3,0,0,3] cc5_ordinal1
s: 541
a: [3,2242,1,2,1,2205]
s: 2242
i: [1,569,0,7,3,0,0,255] cc10_card_1
s: 569
d: [2,2206,1,4,2,1,40,581,1088]
d: [2,2244,1,2,1,2,21,2206,1083]
a: [3,2248,1,2,1,2244]
s: 2248
i: [1,620,0,7,3,0,0,255] fc14_funct_1
s: 620
i: [1,632,0,7,2,0,0,255] t3_subset
s: 632
d: [2,2207,1,4,2,1,40,581,1098]
a: [3,2253,1,2,1,2207]
s: 2253
i: [1,633,0,7,3,0,0,1] t8_boole
s: 633
a: [3,2257,1,2,1,2207]
s: 2257
i: [1,649,0,7,1,0,0,255] commutativity_k2_tarski
s: 649
i: [1,507,0,8,3,0,0,255] cc10_ordinal1
s: 507
d: [2,2208,1,4,2,1,40,581,1108]
d: [2,2259,1,2,1,2,21,2208,1113]
a: [3,2263,1,2,1,2259]
s: 2263
i: [1,512,0,8,3,0,0,255] cc11_finseq_1
s: 512
d: [2,2209,1,4,2,1,40,581,1118]
d: [2,2265,1,2,1,2,21,2209,1123]
a: [3,2269,1,2,1,2265]
s: 2269
i: [1,513,0,8,3,0,0,255] cc5_subset_1
s: 513
i: [1,516,0,8,3,0,0,255] cc9_funct_1
s: 516
d: [2,2307,1,2,1,1,40,2293,798]
a: [3,2316,1,2,1,2307]
s: 2316
i: [1,556,0,8,3,0,0,2] cc1_subset_1
s: 556
d: [2,2310,1,2,1,1,40,2293,888]
a: [3,2321,1,2,1,2310]
s: 2321
i: [1,561,0,8,3,0,0,2] cc2_relat_1
s: 561
r: 2177
r: 2227
i: [1,571,0,8,4,0,0,3] cc4_xxreal_0
s: 571
a: [3,2181,1,2,1,2155]
s: 2181
r: 2181
i: [1,573,0,8,4,0,0,3] cc6_xxreal_0
s: 573
s: 2177
i: [1,576,0,8,4,0,0,255] cc6_funct_1
s: 576
i: [1,579,0,8,4,0,0,3] cc8_xxreal_0
s: 579
a: [3,2180,1,2,1,2155]
s: 2180
i: [1,594,0,8,4,0,0,255] cc4_funct_1
s: 594
a: [3,2223,1,2,1,2202]
s: 2223
d: [2,2732,0,6,3,0,21,594,550]
d: [2,2733,0,4,2,0,21,2732,551]
s: 2733
i: [1,600,0,8,4,0,0,255] cc5_funct_1
s: 600
a: [3,2226,1,2,1,2202]
s: 2226
i: [1,612,0,8,4,0,0,2] cc6_finseq_1
s: 612
d: [2,2311,1,2,1,1,40,2293,1113]
a: [3,2326,1,2,1,2311]
s: 2326
i: [1,615,0,8,4,0,0,1] cc2_finseq_1
s: 615
i: [1,628,0,8,3,0,0,255] t2_subset
s: 628
d: [2,2312,1,2,1,1,40,2293,1123]
a: [3,2331,1,2,1,2312]
s: 2331
i: [1,658,0,8,1,0,0,255] fc7_relat_1
s: 658
d: [2,2335,1,2,1,1,40,2333,798]
a: [3,2344,1,2,1,2335]
s: 2344
i: [1,557,0,9,3,0,0,255] cc4_subset_1
s: 557
i: [1,558,0,9,4,0,0,2] cc7_relat_1
s: 558
d: [2,2338,1,2,1,1,40,2333,888]
a: [3,2349,1,2,1,2338]
s: 2349
i: [1,604,0,9,4,0,0,2] cc7_finseq_1
s: 604
d: [2,2339,1,2,1,1,40,2333,1113]
a: [3,2354,1,2,1,2339]
s: 2354
i: [1,617,0,9,4,0,0,2] cc5_finseq_1
s: 617
i: [1,636,0,9,3,0,0,255] t5_subset
s: 636
d: [2,2340,1,2,1,1,40,2333,1123]
a: [3,2359,1,2,1,2340]
s: 2359
i: [1,621,0,10,4,0,0,2] cc3_funct_1
s: 621
d: [2,2382,1,4,2,1,40,511,828]
a: [3,2400,1,2,1,2382]
s: 2400
i: [1,626,0,10,1,0,0,255] d5_tarski
s: 626
i: [1,635,0,10,3,0,0,255] t4_subset
s: 635
a: [3,2404,1,2,1,2382]
s: 2404
i: [1,655,0,10,4,0,0,255] fc19_funct_1
s: 655
d: [2,2384,1,5,2,1,40,511,813]
a: [3,2418,1,2,1,2384]
s: 2418
r: 2418
i: [1,496,0,11,4,0,0,255] cc3_subset_1
s: 496
i: [1,497,0,11,4,0,0,255] cc2_subset_1
s: 497
a: [3,2417,1,2,1,2384]
s: 2417
i: [1,607,0,11,4,0,0,1] redefinition_k3_finseq_1
s: 607
d: [2,2395,1,4,2,1,40,511,1393]
a: [3,2424,1,2,1,2395]
s: 2424
r: 2424
i: [1,608,0,11,4,0,0,1] dt_k3_finseq_1
s: 608
i: [1,609,0,12,4,0,0,1] projectivity_k3_finseq_1
s: 609
d: [2,2383,1,4,2,1,40,511,833]
a: [3,2409,1,2,1,2383]
s: 2409
i: [1,656,0,12,5,0,0,255] fc15_funct_1
s: 656
a: [3,2423,1,2,1,2395]
s: 2423
i: [1,657,0,12,4,0,0,2] cc5_relat_1
s: 657
i: [1,654,0,14,4,0,0,2] existence_m2_subset_1
s: 654
d: [2,2396,1,5,2,1,40,511,1408]
a: [3,2429,1,2,1,2396]
s: 2429
d: [2,3075,0,12,3,0,21,654,556]
s: 3075
d: [2,2431,1,4,2,1,40,514,828]
a: [3,2449,1,2,1,2431]
s: 2449
i: [1,774,0,14,4,0,0,1] t40_finseq_1
s: 774
d: [2,3088,0,14,4,0,22,774,480]
d: [2,3089,0,14,4,0,22,3088,480]
d: [2,3090,0,11,3,0,21,3089,476]
d: [2,3091,0,11,3,0,22,3090,480]
d: [2,3092,0,8,2,0,21,3091,486]
d: [2,3093,0,8,2,0,22,3092,480]
d: [2,3094,0,5,1,0,21,3093,485]
s: 3094
a: [3,2452,1,2,1,2431]
s: 2452
i: [1,651,0,15,5,0,0,2] dt_m2_subset_1
s: 651
d: [2,2432,1,4,2,1,40,514,833]
a: [3,2458,1,2,1,2432]
s: 2458
d: [2,3111,0,13,4,0,21,651,556]
s: 3111
i: [1,652,0,15,5,0,0,2] redefinition_m2_subset_1
s: 652
d: [2,2433,1,5,2,1,40,514,813]
a: [3,2467,1,2,1,2433]
s: 2467
d: [2,3118,0,13,4,0,21,652,556]
s: 3118
d: [2,2445,1,5,2,1,40,514,1408]
a: [3,2477,1,2,1,2445]
s: 2477
i: [1,653,0,15,5,0,0,2] redefinition_m2_subset_1
s: 653
d: [2,3125,0,13,4,0,21,653,556]
s: 3125
d: [2,2493,1,5,2,1,40,515,1408]
a: [3,2512,1,2,1,2493]
s: 2512
i: [1,773,0,15,4,0,0,1] t40_finseq_1
s: 773
d: [2,2547,1,4,2,1,40,507,813]
a: [3,2561,1,2,1,2547]
s: 2561
d: [2,3142,0,15,4,0,22,773,480]
d: [2,3143,0,15,4,0,22,3142,480]
d: [2,3144,0,12,3,0,21,3143,476]
d: [2,3145,0,12,3,0,22,3144,480]
d: [2,3146,0,9,2,0,21,3145,486]
d: [2,3147,0,9,2,0,22,3146,480]
d: [2,3148,0,6,1,0,21,3147,485]
s: 3148
i: [1,772,0,16,5,0,0,1] t40_finseq_1
s: 772
d: [2,2591,1,4,2,1,40,513,813]
a: [3,2609,1,2,1,2591]
s: 2609
r: 2467
d: [2,3152,0,16,5,0,22,772,480]
s: 3152
a: [3,2466,1,2,1,2433]
s: 2466
d: [2,2601,1,4,2,1,40,513,1408]
a: [3,2614,1,2,1,2601]
s: 2614
d: [2,2636,1,4,2,1,40,556,813]
d: [2,2647,1,2,1,2,21,2636,1417]
a: [3,2651,1,2,1,2647]
s: 2651
d: [2,2656,1,4,2,1,40,561,813]
a: [3,2670,1,2,1,2656]
s: 2670
d: [2,2675,1,6,3,1,40,571,938]
d: [2,2693,1,4,2,2,21,2675,963]
a: [3,2697,1,2,1,2693]
s: 2697
a: [3,2700,1,2,1,2693]
s: 2700
d: [2,2682,1,6,3,1,40,571,1363]
d: [2,2703,1,4,2,2,21,2682,1990]
d: [2,2704,1,2,1,3,21,2703,1388]
a: [3,2708,1,2,1,2704]
s: 2708
d: [2,2734,1,2,1,1,40,2733,798]
a: [3,2743,1,2,1,2734]
s: 2743
d: [2,2737,1,2,1,1,40,2733,888]
a: [3,2748,1,2,1,2737]
s: 2748
d: [2,2738,1,2,1,1,40,2733,1113]
a: [3,2753,1,2,1,2738]
s: 2753
d: [2,2739,1,2,1,1,40,2733,1123]
a: [3,2758,1,2,1,2739]
s: 2758
d: [2,2947,1,6,3,1,40,621,813]
a: [3,2961,1,2,1,2947]
s: 2961
d: [2,3097,1,30,8,0,44,459,3094]
d: [2,3098,1,24,7,0,18,3097]
d: [2,3107,1,21,6,0,21,3098,476]
d: [2,3108,1,18,5,0,21,3107,474]
d: [2,3109,1,15,4,0,21,3108,486]
d: [2,3110,1,12,3,0,21,3109,485]
s: 3110
d: [2,1499,2,2,1,1,40,1464,517]
a: [3,1503,2,2,1,1499]
s: 1503
d: [2,3175,1,9,3,0,22,3110,3148]
s: 3175
d: [2,3192,2,6,2,0,47,3175]
a: [3,3196,2,3,1,3192]
s: 3196
d: [2,3202,3,0,0,2,52,778,3196,509]
e: 3202
d: [2,3203,3,2,1,1,40,3196,509]
d: [2,3205,3,0,0,2,21,3203,778]
e: 3205
r: 3196
d: [2,1544,1,3,1,0,40,534,477]
s: 1544
d: [2,1627,1,3,1,0,40,544,642]
s: 1627
a: [3,3195,2,3,1,3192]
s: 3195
d: [2,1652,1,3,1,0,40,545,642]
s: 1652
a: [3,3200,2,3,1,3192]
s: 3200
d: [2,3212,3,0,0,2,52,778,3200,508]
e: 3212
d: [2,3213,3,2,1,1,40,3200,508]
d: [2,3215,3,0,0,2,21,3213,778]
e: 3215
f: 3215,3205,3192,458
% Refutation found. Thanks to Tanya!
% SZS status Theorem for cgames_1__l36_cgames_1
% SZS output start Proof for cgames_1__l36_cgames_1
1. ! [X0] : (v2_cgames_1(X0) => ? [X1] : (k1_funct_1(X1,k3_finseq_1(X1)) = X0 & k1_funct_1(X1,1) = X0 & v4_cgames_1(X1) & v3_cgames_1(X1) & v1_finseq_1(X1) & ~v1_xboole_0(X1) & v1_funct_1(X1) & v1_relat_1(X1))) [input l36_cgames_1]
2. ~! [X0] : (v2_cgames_1(X0) => ? [X1] : (k1_funct_1(X1,k3_finseq_1(X1)) = X0 & k1_funct_1(X1,1) = X0 & v4_cgames_1(X1) & v3_cgames_1(X1) & v1_finseq_1(X1) & ~v1_xboole_0(X1) & v1_funct_1(X1) & v1_relat_1(X1))) [negated conjecture 1]
93. ! [X0] : ~v1_xboole_0(k5_finseq_1(X0)) [input fc16_finseq_1]
107. ! [X0] : (v2_cgames_1(X0) => v3_cgames_1(k5_finseq_1(X0))) [input fc6_cgames_1]
108. ! [X0] : (v1_funct_1(k5_finseq_1(X0)) & v1_relat_1(k5_finseq_1(X0))) [input fc6_finseq_1]
111. ! [X0] : v1_finseq_1(k5_finseq_1(X0)) [input fc7_finseq_1]
114. ! [X0] : (v2_cgames_1(X0) => v4_cgames_1(k5_finseq_1(X0))) [input fc8_cgames_1]
168. ! [X0] : k5_finseq_1(X0) = k9_finseq_1(X0) [input redefinition_k9_finseq_1]
177. ! [X0] : ! [X1] : ((v1_finseq_1(X1) & v1_funct_1(X1) & v1_relat_1(X1)) => (k9_finseq_1(X0) = X1 <=> (k1_funct_1(X1,1) = X0 & 1 = k3_finseq_1(X1)))) [input t40_finseq_1]
186. ! [X0,X1] : ((v1_finseq_1(X1) & v1_funct_1(X1) & v1_relat_1(X1)) => (k9_finseq_1(X0) = X1 <=> (k1_funct_1(X1,1) = X0 & 1 = k3_finseq_1(X1)))) [flattening 177]
213. ? [X0] : (! [X1] : (k1_funct_1(X1,k3_finseq_1(X1)) != X0 | k1_funct_1(X1,1) != X0 | ~v4_cgames_1(X1) | ~v3_cgames_1(X1) | ~v1_finseq_1(X1) | v1_xboole_0(X1) | ~v1_funct_1(X1) | ~v1_relat_1(X1)) & v2_cgames_1(X0)) [ennf transformation 2]
228. ! [X0] : (v4_cgames_1(k5_finseq_1(X0)) | ~v2_cgames_1(X0)) [ennf transformation 114]
229. ! [X0] : (v3_cgames_1(k5_finseq_1(X0)) | ~v2_cgames_1(X0)) [ennf transformation 107]
332. ! [X0,X1] : ((k9_finseq_1(X0) = X1 <=> (k1_funct_1(X1,1) = X0 & 1 = k3_finseq_1(X1))) | (~v1_finseq_1(X1) | ~v1_funct_1(X1) | ~v1_relat_1(X1))) [ennf transformation 186]
333. ! [X0,X1] : ((k9_finseq_1(X0) = X1 <=> (k1_funct_1(X1,1) = X0 & 1 = k3_finseq_1(X1))) | ~v1_finseq_1(X1) | ~v1_funct_1(X1) | ~v1_relat_1(X1)) [flattening 332]
353. ? [X0] : (! [X1] : (k1_funct_1(X1,k3_finseq_1(X1)) != X0 | k1_funct_1(X1,1) != X0 | ~v4_cgames_1(X1) | ~v3_cgames_1(X1) | ~v1_finseq_1(X1) | v1_xboole_0(X1) | ~v1_funct_1(X1) | ~v1_relat_1(X1)) & v2_cgames_1(X0)) => (! [X1] : (k1_funct_1(X1,k3_finseq_1(X1)) != sK0 | k1_funct_1(X1,1) != sK0 | ~v4_cgames_1(X1) | ~v3_cgames_1(X1) | ~v1_finseq_1(X1) | v1_xboole_0(X1) | ~v1_funct_1(X1) | ~v1_relat_1(X1)) & v2_cgames_1(sK0)) [choice axiom]
354. ! [X1] : (k1_funct_1(X1,k3_finseq_1(X1)) != sK0 | k1_funct_1(X1,1) != sK0 | ~v4_cgames_1(X1) | ~v3_cgames_1(X1) | ~v1_finseq_1(X1) | v1_xboole_0(X1) | ~v1_funct_1(X1) | ~v1_relat_1(X1)) & v2_cgames_1(sK0) [skolemisation 213,353]
373. ! [X0,X1] : (((k9_finseq_1(X0) = X1 | (k1_funct_1(X1,1) != X0 | 1 != k3_finseq_1(X1))) & ((k1_funct_1(X1,1) = X0 & 1 = k3_finseq_1(X1)) | k9_finseq_1(X0) != X1)) | ~v1_finseq_1(X1) | ~v1_funct_1(X1) | ~v1_relat_1(X1)) [nnf transformation 333]
374. ! [X0,X1] : (((k9_finseq_1(X0) = X1 | k1_funct_1(X1,1) != X0 | 1 != k3_finseq_1(X1)) & ((k1_funct_1(X1,1) = X0 & 1 = k3_finseq_1(X1)) | k9_finseq_1(X0) != X1)) | ~v1_finseq_1(X1) | ~v1_funct_1(X1) | ~v1_relat_1(X1)) [flattening 373]
458. v2_cgames_1(sK0) [cnf transformation 354] {a:0,w:2,wCS:200,goal:1,sine:0,thAx:0,allAx:2,thDist:-2}
459. k1_funct_1(X1,k3_finseq_1(X1)) != sK0 | k1_funct_1(X1,1) != sK0 | ~v4_cgames_1(X1) | ~v3_cgames_1(X1) | ~v1_finseq_1(X1) | v1_xboole_0(X1) | ~v1_funct_1(X1) | ~v1_relat_1(X1) [cnf transformation 354] {a:0,w:23,wCS:2300,nSel:1,goal:1,sine:0,thAx:0,allAx:2,thDist:-2}
474. ~v1_xboole_0(k5_finseq_1(X0)) [cnf transformation 93] {a:0,w:3,wCS:1200,nSel:1,sine:2,thAx:0,allAx:1,thDist:-1}
476. v1_finseq_1(k5_finseq_1(X0)) [cnf transformation 111] {a:0,w:3,wCS:1200,nSel:1,sine:2,thAx:0,allAx:1,thDist:-1}
480. k5_finseq_1(X0) = k9_finseq_1(X0) [cnf transformation 168] {a:0,w:5,wCS:2000,nSel:1,sine:2,thAx:0,allAx:1,thDist:-1}
485. v1_relat_1(k5_finseq_1(X0)) [cnf transformation 108] {a:0,w:3,wCS:1200,nSel:1,sine:2,thAx:0,allAx:1,thDist:-1}
486. v1_funct_1(k5_finseq_1(X0)) [cnf transformation 108] {a:0,w:3,wCS:1200,nSel:1,sine:2,thAx:0,allAx:1,thDist:-1}
508. v4_cgames_1(k5_finseq_1(X0)) | ~v2_cgames_1(X0) [cnf transformation 228] {a:0,w:5,wCS:2000,nSel:1,sine:1,thAx:0,allAx:1,thDist:-1}
509. v3_cgames_1(k5_finseq_1(X0)) | ~v2_cgames_1(X0) [cnf transformation 229] {a:0,w:5,wCS:2000,nSel:1,sine:1,thAx:0,allAx:1,thDist:-1}
629. 1 = k3_finseq_1(X1) | k9_finseq_1(X0) != X1 | ~v1_finseq_1(X1) | ~v1_funct_1(X1) | ~v1_relat_1(X1) [cnf transformation 374] {a:0,w:14,wCS:5600,sine:1,thAx:0,allAx:1,thDist:-1}
630. k1_funct_1(X1,1) = X0 | k9_finseq_1(X0) != X1 | ~v1_finseq_1(X1) | ~v1_funct_1(X1) | ~v1_relat_1(X1) [cnf transformation 374] {a:0,w:15,wCS:6000,sine:1,thAx:0,allAx:1,thDist:-1}
773. k1_funct_1(k9_finseq_1(X0),1) = X0 | ~v1_finseq_1(k9_finseq_1(X0)) | ~v1_funct_1(k9_finseq_1(X0)) | ~v1_relat_1(k9_finseq_1(X0)) [equality resolution 630] {a:0,w:15,wCS:6000,sine:1,thAx:0,allAx:1,thDist:-1}
774. 1 = k3_finseq_1(k9_finseq_1(X0)) | ~v1_finseq_1(k9_finseq_1(X0)) | ~v1_funct_1(k9_finseq_1(X0)) | ~v1_relat_1(k9_finseq_1(X0)) [equality resolution 629] {a:0,w:14,wCS:5600,sine:1,thAx:0,allAx:1,thDist:-1}
776. 1 <=> v2_cgames_1(sK0) [avatar definition]
778. v2_cgames_1(sK0) <- (1) [avatar component clause 776] {a:0,w:2,wCS:200,nSel:1,goal:1,sine:255,thAx:0,allAx:2,thDist:-2}
779. 1 [avatar split clause 458,776]
3088. 1 = k3_finseq_1(k5_finseq_1(X0)) | ~v1_finseq_1(k9_finseq_1(X0)) | ~v1_funct_1(k9_finseq_1(X0)) | ~v1_relat_1(k9_finseq_1(X0)) [forward demodulation 774,480] {a:0,w:14,wCS:5600,sine:1,thAx:0,allAx:1,thDist:-1}
3089. ~v1_finseq_1(k5_finseq_1(X0)) | 1 = k3_finseq_1(k5_finseq_1(X0)) | ~v1_funct_1(k9_finseq_1(X0)) | ~v1_relat_1(k9_finseq_1(X0)) [forward demodulation 3088,480] {a:0,w:14,wCS:5600,sine:1,thAx:0,allAx:1,thDist:-1}
3090. 1 = k3_finseq_1(k5_finseq_1(X0)) | ~v1_funct_1(k9_finseq_1(X0)) | ~v1_relat_1(k9_finseq_1(X0)) [subsumption resolution 3089,476] {a:0,w:11,wCS:4400,sine:1,thAx:0,allAx:1,thDist:-1}
3091. ~v1_funct_1(k5_finseq_1(X0)) | 1 = k3_finseq_1(k5_finseq_1(X0)) | ~v1_relat_1(k9_finseq_1(X0)) [forward demodulation 3090,480] {a:0,w:11,wCS:4400,sine:1,thAx:0,allAx:1,thDist:-1}
3092. 1 = k3_finseq_1(k5_finseq_1(X0)) | ~v1_relat_1(k9_finseq_1(X0)) [subsumption resolution 3091,486] {a:0,w:8,wCS:3200,sine:1,thAx:0,allAx:1,thDist:-1}
3093. ~v1_relat_1(k5_finseq_1(X0)) | 1 = k3_finseq_1(k5_finseq_1(X0)) [forward demodulation 3092,480] {a:0,w:8,wCS:3200,sine:1,thAx:0,allAx:1,thDist:-1}
3094. 1 = k3_finseq_1(k5_finseq_1(X0)) [subsumption resolution 3093,485] {a:0,w:5,wCS:2000,nSel:1,sine:1,thAx:0,allAx:1,thDist:-1}
3097. sK0 != k1_funct_1(k5_finseq_1(X2),1) | sK0 != k1_funct_1(k5_finseq_1(X2),1) | ~v4_cgames_1(k5_finseq_1(X2)) | ~v3_cgames_1(k5_finseq_1(X2)) | ~v1_finseq_1(k5_finseq_1(X2)) | v1_xboole_0(k5_finseq_1(X2)) | ~v1_funct_1(k5_finseq_1(X2)) | ~v1_relat_1(k5_finseq_1(X2)) [superposition 459,3094] {a:1,w:30,wCS:3000,goal:1,sine:0,thAx:0,allAx:3,thDist:-3}
3098. sK0 != k1_funct_1(k5_finseq_1(X2),1) | ~v4_cgames_1(k5_finseq_1(X2)) | ~v3_cgames_1(k5_finseq_1(X2)) | ~v1_finseq_1(k5_finseq_1(X2)) | v1_xboole_0(k5_finseq_1(X2)) | ~v1_funct_1(k5_finseq_1(X2)) | ~v1_relat_1(k5_finseq_1(X2)) [duplicate literal removal 3097] {a:1,w:24,wCS:2400,goal:1,sine:0,thAx:0,allAx:3,thDist:-3}
3107. sK0 != k1_funct_1(k5_finseq_1(X2),1) | ~v4_cgames_1(k5_finseq_1(X2)) | ~v3_cgames_1(k5_finseq_1(X2)) | v1_xboole_0(k5_finseq_1(X2)) | ~v1_funct_1(k5_finseq_1(X2)) | ~v1_relat_1(k5_finseq_1(X2)) [subsumption resolution 3098,476] {a:1,w:21,wCS:2100,goal:1,sine:0,thAx:0,allAx:3,thDist:-3}
3108. sK0 != k1_funct_1(k5_finseq_1(X2),1) | ~v4_cgames_1(k5_finseq_1(X2)) | ~v3_cgames_1(k5_finseq_1(X2)) | ~v1_funct_1(k5_finseq_1(X2)) | ~v1_relat_1(k5_finseq_1(X2)) [subsumption resolution 3107,474] {a:1,w:18,wCS:1800,goal:1,sine:0,thAx:0,allAx:3,thDist:-3}
3109. sK0 != k1_funct_1(k5_finseq_1(X2),1) | ~v4_cgames_1(k5_finseq_1(X2)) | ~v3_cgames_1(k5_finseq_1(X2)) | ~v1_relat_1(k5_finseq_1(X2)) [subsumption resolution 3108,486] {a:1,w:15,wCS:1500,goal:1,sine:0,thAx:0,allAx:3,thDist:-3}
3110. sK0 != k1_funct_1(k5_finseq_1(X2),1) | ~v4_cgames_1(k5_finseq_1(X2)) | ~v3_cgames_1(k5_finseq_1(X2)) [subsumption resolution 3109,485] {a:1,w:12,wCS:1200,goal:1,sine:0,thAx:0,allAx:3,thDist:-3}
3142. k1_funct_1(k5_finseq_1(X0),1) = X0 | ~v1_finseq_1(k9_finseq_1(X0)) | ~v1_funct_1(k9_finseq_1(X0)) | ~v1_relat_1(k9_finseq_1(X0)) [forward demodulation 773,480] {a:0,w:15,wCS:6000,sine:1,thAx:0,allAx:1,thDist:-1}
3143. ~v1_finseq_1(k5_finseq_1(X0)) | k1_funct_1(k5_finseq_1(X0),1) = X0 | ~v1_funct_1(k9_finseq_1(X0)) | ~v1_relat_1(k9_finseq_1(X0)) [forward demodulation 3142,480] {a:0,w:15,wCS:6000,sine:1,thAx:0,allAx:1,thDist:-1}
3144. k1_funct_1(k5_finseq_1(X0),1) = X0 | ~v1_funct_1(k9_finseq_1(X0)) | ~v1_relat_1(k9_finseq_1(X0)) [subsumption resolution 3143,476] {a:0,w:12,wCS:4800,sine:1,thAx:0,allAx:1,thDist:-1}
3145. ~v1_funct_1(k5_finseq_1(X0)) | k1_funct_1(k5_finseq_1(X0),1) = X0 | ~v1_relat_1(k9_finseq_1(X0)) [forward demodulation 3144,480] {a:0,w:12,wCS:4800,sine:1,thAx:0,allAx:1,thDist:-1}
3146. k1_funct_1(k5_finseq_1(X0),1) = X0 | ~v1_relat_1(k9_finseq_1(X0)) [subsumption resolution 3145,486] {a:0,w:9,wCS:3600,sine:1,thAx:0,allAx:1,thDist:-1}
3147. ~v1_relat_1(k5_finseq_1(X0)) | k1_funct_1(k5_finseq_1(X0),1) = X0 [forward demodulation 3146,480] {a:0,w:9,wCS:3600,sine:1,thAx:0,allAx:1,thDist:-1}
3148. k1_funct_1(k5_finseq_1(X0),1) = X0 [subsumption resolution 3147,485] {a:0,w:6,wCS:2400,nSel:1,sine:1,thAx:0,allAx:1,thDist:-1}
3175. sK0 != X2 | ~v4_cgames_1(k5_finseq_1(X2)) | ~v3_cgames_1(k5_finseq_1(X2)) [forward demodulation 3110,3148] {a:1,w:9,wCS:900,nSel:1,goal:1,sine:0,thAx:0,allAx:3,thDist:-3}
3192. ~v4_cgames_1(k5_finseq_1(sK0)) | ~v3_cgames_1(k5_finseq_1(sK0)) [equality resolution 3175] {a:2,w:6,wCS:600,goal:1,sine:0,thAx:0,allAx:3,thDist:-3}
3194. 331 <=> v3_cgames_1(k5_finseq_1(sK0)) [avatar definition]
3196. ~v3_cgames_1(k5_finseq_1(sK0)) <- (~331) [avatar component clause 3194] {a:2,w:3,wCS:300,nSel:1,goal:1,sine:255,thAx:0,allAx:3,thDist:-3}
3198. 332 <=> v4_cgames_1(k5_finseq_1(sK0)) [avatar definition]
3200. ~v4_cgames_1(k5_finseq_1(sK0)) <- (~332) [avatar component clause 3198] {a:2,w:3,wCS:300,nSel:1,goal:1,sine:255,thAx:0,allAx:3,thDist:-3}
3201. ~331 | ~332 [avatar split clause 3192,3198,3194]
3203. ~v2_cgames_1(sK0) <- (~331) [resolution 3196,509] {a:3,w:2,wCS:200,goal:1,sine:1,thAx:0,allAx:4,thDist:-4}
3205. $false <- (1, ~331) [subsumption resolution 3203,778] {a:3,w:0,goal:1,sine:1,thAx:0,allAx:4,thDist:-4}
3206. ~1 | 331 [avatar contradiction clause 3205]
3213. ~v2_cgames_1(sK0) <- (~332) [resolution 3200,508] {a:3,w:2,wCS:200,goal:1,sine:1,thAx:0,allAx:4,thDist:-4}
3215. $false <- (1, ~332) [subsumption resolution 3213,778] {a:3,w:0,goal:1,sine:1,thAx:0,allAx:4,thDist:-4}
3216. ~1 | 332 [avatar contradiction clause 3215]
3217. $false [avatar sat refutation 779,3201,3206,3216] {a:0,w:0,goal:1,sine:0,thAx:0,allAx:1665,thDist:-1665}
% SZS output end Proof for cgames_1__l36_cgames_1
% ------------------------------
% Version: Vampire 4.5.1 (commit 226f88162 on 2021-09-12 20:13:44 +0200)
% Termination reason: Refutation

% >>> Input
% Input formulas: 181
% >>> Preprocessing
% Introduced skolems: 51
% Pure predicates: 7
% Unused predicate definitions: 1
% 
% >>> Saturation
% Initial clauses: 314
% Generated clauses: 1383
% Active clauses: 392
% Passive clauses: 722
% Final active clauses: 379
% Final passive clauses: 297
% Main loop iterations started: 419
% 
% >>> Simplifying Inferences
% Duplicate literals: 11
% Trivial inequalities: 1
% Fw subsumption resolutions: 98
% Fw demodulations: 13
% Bw demodulations: 6
% 
% >>> Deletion Inferences
% Simple tautologies: 57
% Forward subsumptions: 145
% Fw demodulations to eq. taut.: 1
% 
% >>> Generating Inferences
% Binary resolution: 561
% Unit resulting resolution: 2
% Forward superposition: 26
% Backward superposition: 33
% Self superposition: 4
% Equality resolution: 1
% 
% >>> AVATAR
% Split clauses: 65
% Split components: 141
% Sat splitting refutations: 4
% 
% >>> SAT Solver Statistics
% SAT solver clauses: 366
% SAT solver unit clauses: 130
% SAT solver binary clauses: 143
% 
% Memory used [KB]: 7036
% Time elapsed: 0.013 s
% ------------------------------
% ------------------------------
% Time measurement results:
% parsing: 0.001 s
% unit clause index maintenance: 0.001 s
% non unit clause index maintenance: 0.001 s
% backward superposition index maintenance: 0.001 s
% backward subsumption: 0.001 s
% resolution: 0.001 s
% unit resulting resolution: 0.002 s
% superposition: 0.002 s
% other: 0.013 s ( own 0.003 s ) 

