i: [1,87,0,2,1,1,0,0] t65_yellow_5
a: [3,146,0,2,1,87]
s: 146
i: [1,86,0,2,1,1,0,0] t65_yellow_5
a: [3,151,0,2,1,86]
s: 151
i: [1,85,0,2,1,1,0,0] t65_yellow_5
a: [3,156,0,2,1,85]
s: 156
i: [1,88,0,4,1,1,0,0] t65_yellow_5
a: [3,141,0,4,1,88]
s: 141
i: [1,89,0,7,1,1,0,0] t65_yellow_5
a: [3,136,0,7,1,89]
s: 136
i: [1,132,0,2,1,0,0,1] existence_l1_orders_2
a: [3,161,0,2,1,132]
s: 161
i: [1,124,0,4,1,0,0,1] existence_m1_subset_1
s: 124
i: [1,92,0,6,3,0,0,255] cc4_yellow_0
s: 92
i: [1,93,0,6,3,0,0,255] cc4_yellow_0
s: 93
i: [1,94,0,6,3,0,0,255] cc1_lattice3
s: 94
i: [1,95,0,6,3,0,0,255] cc2_lattice3
s: 95
i: [1,90,0,7,2,0,0,1] dt_k3_yellow_0
s: 90
i: [1,91,0,7,2,0,0,2] dt_k4_yellow_0
s: 91
i: [1,97,0,8,4,0,0,255] cc6_waybel_1
s: 97
i: [1,99,0,8,4,0,0,255] cc7_waybel_1
s: 99
i: [1,101,0,8,4,0,0,255] cc5_waybel_1
s: 101
i: [1,102,0,8,4,0,0,255] cc5_waybel_1
s: 102
i: [1,103,0,8,4,0,0,255] cc5_waybel_1
s: 103
i: [1,104,0,8,4,0,0,255] cc5_waybel_1
s: 104
i: [1,105,0,8,4,0,0,255] cc5_waybel_1
s: 105
i: [1,109,0,8,4,0,0,255] cc10_waybel_1
s: 109
d: [2,163,1,6,3,1,40,109,146]
d: [2,165,1,4,2,2,21,163,151]
d: [2,166,1,2,1,3,21,165,156]
a: [3,170,1,2,1,166]
s: 170
i: [1,111,0,8,4,0,0,255] cc8_waybel_1
s: 111
d: [2,185,2,6,3,1,40,170,97]
d: [2,192,2,4,2,2,21,185,156]
d: [2,193,2,2,1,3,21,192,146]
a: [3,197,2,2,1,193]
s: 197
i: [1,112,0,8,4,0,0,255] cc8_waybel_1
s: 112
i: [1,113,0,8,4,0,0,255] cc8_waybel_1
s: 113
d: [2,186,2,6,3,1,40,170,99]
d: [2,199,2,4,2,2,21,186,156]
d: [2,200,2,2,1,3,21,199,146]
a: [3,204,2,2,1,200]
s: 204
i: [1,114,0,8,4,0,0,255] cc8_waybel_1
s: 114
d: [2,187,2,6,3,1,40,170,101]
d: [2,206,2,4,2,2,21,187,156]
d: [2,207,2,2,1,3,21,206,146]
a: [3,211,2,2,1,207]
s: 211
i: [1,115,0,8,4,0,0,255] cc8_waybel_1
s: 115
i: [1,116,0,8,4,0,0,255] cc8_waybel_1
s: 116
d: [2,291,1,6,3,1,40,116,146]
d: [2,293,1,4,2,2,21,291,151]
d: [2,294,1,2,1,3,21,293,156]
a: [3,298,1,2,1,294]
s: 298
i: [1,117,0,8,4,0,0,255] cc8_waybel_1
s: 117
d: [2,188,2,6,3,1,40,170,102]
d: [2,213,2,4,2,2,21,188,156]
d: [2,214,2,2,1,3,21,213,146]
a: [3,218,2,2,1,214]
s: 218
i: [1,118,0,8,4,0,0,255] cc8_waybel_1
s: 118
i: [1,119,0,8,4,0,0,255] cc5_yellow_0
s: 119
d: [2,320,1,6,3,1,40,118,146]
d: [2,322,1,4,2,2,21,320,151]
d: [2,323,1,2,1,3,21,322,156]
a: [3,327,1,2,1,323]
s: 327
i: [1,120,0,13,4,0,0,1] t62_yellow_5
s: 120
d: [2,189,2,6,3,1,40,170,103]
d: [2,220,2,4,2,2,21,189,156]
d: [2,221,2,2,1,3,21,220,146]
a: [3,225,2,2,1,221]
s: 225
i: [1,125,0,14,4,0,0,2] dt_k7_waybel_1
s: 125
i: [1,130,0,17,4,0,0,255] dt_k10_lattice3
s: 130
d: [2,190,2,6,3,1,40,170,104]
d: [2,227,2,4,2,2,21,190,156]
d: [2,228,2,2,1,3,21,227,146]
a: [3,232,2,2,1,228]
s: 232
i: [1,131,0,17,4,0,0,2] dt_k11_lattice3
s: 131
d: [2,191,2,6,3,1,40,170,105]
d: [2,234,2,4,2,2,21,191,156]
d: [2,235,2,2,1,3,21,234,146]
a: [3,239,2,2,1,235]
s: 239
i: [1,126,0,19,5,0,0,1] dt_k1_yellow_5
s: 126
i: [1,127,0,21,6,0,0,255] dt_k12_lattice3
s: 127
d: [2,306,2,4,2,1,40,298,92]
d: [2,307,2,2,1,2,21,306,146]
a: [3,311,2,2,1,307]
s: 311
i: [1,107,0,22,11,0,0,255] cc9_waybel_1
s: 107
d: [2,164,1,6,3,1,40,109,161]
a: [3,183,1,2,1,164]
s: 183
d: [2,339,0,20,10,0,21,107,94]
s: 339
i: [1,122,0,22,7,0,0,255] t4_waybel_1
s: 122
d: [2,341,0,20,6,0,21,122,94]
s: 341
i: [1,123,0,23,5,0,0,1] d1_yellow_5
s: 123
d: [2,344,1,30,8,0,44,123,120]
d: [2,347,1,26,6,0,18,344]
d: [2,348,1,21,5,0,21,347,90]
s: 348
i: [1,128,0,23,6,0,0,255] commutativity_k12_lattice3
s: 128
i: [1,129,0,23,6,0,0,255] redefinition_k12_lattice3
s: 129
d: [2,349,2,29,8,0,44,131,348]
d: [2,350,2,23,6,0,18,349]
d: [2,351,2,18,5,0,21,350,91]
s: 351
i: [1,121,0,25,9,0,0,255] t4_waybel_1
s: 121
d: [2,357,2,36,10,0,44,129,348]
d: [2,364,2,30,8,0,18,357]
d: [2,367,2,28,7,0,21,364,115]
d: [2,368,2,26,6,0,21,367,113]
d: [2,369,2,21,5,0,21,368,91]
s: 369
d: [2,373,0,23,8,0,21,121,95]
s: 373
d: [2,396,1,38,13,0,44,373,129]
d: [2,405,1,28,9,0,18,396]
d: [2,415,1,23,8,0,21,405,91]
s: 415
d: [2,395,2,37,12,0,44,373,348]
d: [2,406,2,30,10,0,18,395]
d: [2,410,2,28,9,0,21,406,115]
d: [2,411,2,26,8,0,21,410,113]
d: [2,412,2,24,7,0,21,411,112]
d: [2,413,2,22,6,0,21,412,111]
d: [2,414,2,17,5,0,21,413,91]
s: 414
d: [2,397,1,38,13,0,44,129,373]
d: [2,404,1,28,9,0,18,397]
d: [2,416,1,23,8,0,21,404,91]
s: 416
d: [2,423,3,37,12,0,44,415,369]
d: [2,432,3,30,10,0,18,423]
d: [2,437,3,28,9,0,21,432,115]
d: [2,438,3,26,8,0,21,437,113]
d: [2,439,3,24,7,0,21,438,112]
d: [2,440,3,22,6,0,21,439,111]
d: [2,441,3,17,5,0,21,440,91]
s: 441
d: [2,356,1,39,10,0,44,129,123]
d: [2,365,1,33,8,0,18,356]
d: [2,366,1,31,7,0,21,365,95]
s: 366
d: [2,359,1,39,10,0,44,123,129]
d: [2,362,1,33,8,0,18,359]
d: [2,370,1,31,7,0,21,362,95]
s: 370
d: [2,376,3,36,10,0,44,128,369]
d: [2,381,3,30,8,0,18,376]
d: [2,388,3,28,7,0,21,381,115]
d: [2,389,3,26,6,0,21,388,113]
d: [2,390,3,21,5,0,21,389,91]
s: 390
d: [2,394,1,40,12,0,44,373,123]
d: [2,407,1,38,11,0,18,394]
d: [2,408,1,36,10,0,21,407,95]
d: [2,409,1,31,9,0,21,408,91]
s: 409
d: [2,472,4,33,12,0,44,415,390]
d: [2,481,4,27,10,0,18,472]
d: [2,489,4,25,9,0,21,481,115]
d: [2,490,4,23,8,0,21,489,113]
d: [2,491,4,21,7,0,21,490,112]
d: [2,492,4,19,6,0,21,491,111]
s: 492
d: [2,505,5,0,0,6,52,151,156,204,146,141,136,492]
e: 505
d: [2,507,5,15,6,1,44,136,492]
d: [2,514,5,12,5,1,19,507]
d: [2,517,5,8,4,2,21,514,141]
d: [2,518,5,6,3,3,21,517,146]
d: [2,519,5,4,2,4,21,518,204]
d: [2,520,5,2,1,5,21,519,156]
d: [2,521,5,0,0,6,21,520,151]
e: 521
f: 521,200,166,85,86,87,88,89
% Refutation found. Thanks to Tanya!
% SZS status Theorem for yellow_5__t65_yellow_5
% SZS output start Proof for yellow_5__t65_yellow_5
1. ! [X0] : ((l1_orders_2(X0) & v11_waybel_1(X0) & ~v2_struct_0(X0)) => ! [X1] : (m1_subset_1(X1,u1_struct_0(X0)) => k1_yellow_5(X0,X1,k3_yellow_0(X0)) = X1)) [input t65_yellow_5]
2. ~! [X0] : ((l1_orders_2(X0) & v11_waybel_1(X0) & ~v2_struct_0(X0)) => ! [X1] : (m1_subset_1(X1,u1_struct_0(X0)) => k1_yellow_5(X0,X1,k3_yellow_0(X0)) = X1)) [negated conjecture 1]
3. ! [X0] : (l1_orders_2(X0) => ((v11_waybel_1(X0) & ~v2_struct_0(X0)) => (v9_waybel_1(X0) & ~v2_struct_0(X0)))) [input cc10_waybel_1]
5. ! [X0] : (l1_orders_2(X0) => (v2_lattice3(X0) => ~v2_struct_0(X0))) [input cc2_lattice3]
10. ! [X0] : (l1_orders_2(X0) => ((v9_waybel_1(X0) & ~v2_struct_0(X0)) => (v2_yellow_0(X0) & ~v2_struct_0(X0)))) [input cc7_waybel_1]
11. ! [X0] : (l1_orders_2(X0) => ((v11_waybel_1(X0) & ~v2_struct_0(X0)) => (v10_waybel_1(X0) & v2_waybel_1(X0) & v3_yellow_0(X0) & v2_lattice3(X0) & v1_lattice3(X0) & v5_orders_2(X0) & v4_orders_2(X0) & v3_orders_2(X0) & ~v2_struct_0(X0)))) [input cc8_waybel_1]
13. ! [X0,X1,X2] : ((m1_subset_1(X2,u1_struct_0(X0)) & m1_subset_1(X1,u1_struct_0(X0)) & l1_orders_2(X0) & v2_lattice3(X0) & v5_orders_2(X0)) => k12_lattice3(X0,X1,X2) = k12_lattice3(X0,X2,X1)) [input commutativity_k12_lattice3]
14. ! [X0] : ((l1_orders_2(X0) & ~v2_struct_0(X0)) => ! [X1] : (m1_subset_1(X1,u1_struct_0(X0)) => ! [X2] : (m1_subset_1(X2,u1_struct_0(X0)) => k1_yellow_5(X0,X1,X2) = k11_lattice3(X0,X1,k7_waybel_1(X0,X2))))) [input d1_yellow_5]
19. ! [X0] : (l1_orders_2(X0) => m1_subset_1(k3_yellow_0(X0),u1_struct_0(X0))) [input dt_k3_yellow_0]
20. ! [X0] : (l1_orders_2(X0) => m1_subset_1(k4_yellow_0(X0),u1_struct_0(X0))) [input dt_k4_yellow_0]
29. ! [X0,X1,X2] : ((m1_subset_1(X2,u1_struct_0(X0)) & m1_subset_1(X1,u1_struct_0(X0)) & l1_orders_2(X0) & v2_lattice3(X0) & v5_orders_2(X0)) => k12_lattice3(X0,X1,X2) = k11_lattice3(X0,X1,X2)) [input redefinition_k12_lattice3]
30. ! [X0] : ((l1_orders_2(X0) & v2_yellow_0(X0) & v5_orders_2(X0) & ~v2_struct_0(X0)) => ! [X1] : (m1_subset_1(X1,u1_struct_0(X0)) => ((v1_lattice3(X0) => k4_yellow_0(X0) = k10_lattice3(X0,k4_yellow_0(X0),X1)) & ((v3_orders_2(X0) & v4_orders_2(X0) & v2_lattice3(X0)) => k11_lattice3(X0,k4_yellow_0(X0),X1) = X1)))) [input t4_waybel_1]
31. ! [X0] : ((l1_orders_2(X0) & v11_waybel_1(X0) & ~v2_struct_0(X0)) => k4_yellow_0(X0) = k7_waybel_1(X0,k3_yellow_0(X0))) [input t62_yellow_5]
34. ? [X0] : (? [X1] : (k1_yellow_5(X0,X1,k3_yellow_0(X0)) != X1 & m1_subset_1(X1,u1_struct_0(X0))) & (l1_orders_2(X0) & v11_waybel_1(X0) & ~v2_struct_0(X0))) [ennf transformation 2]
35. ? [X0] : (? [X1] : (k1_yellow_5(X0,X1,k3_yellow_0(X0)) != X1 & m1_subset_1(X1,u1_struct_0(X0))) & l1_orders_2(X0) & v11_waybel_1(X0) & ~v2_struct_0(X0)) [flattening 34]
36. ! [X0] : (m1_subset_1(k3_yellow_0(X0),u1_struct_0(X0)) | ~l1_orders_2(X0)) [ennf transformation 19]
37. ! [X0] : (m1_subset_1(k4_yellow_0(X0),u1_struct_0(X0)) | ~l1_orders_2(X0)) [ennf transformation 20]
42. ! [X0] : ((~v2_struct_0(X0) | ~v2_lattice3(X0)) | ~l1_orders_2(X0)) [ennf transformation 5]
43. ! [X0] : (~v2_struct_0(X0) | ~v2_lattice3(X0) | ~l1_orders_2(X0)) [flattening 42]
46. ! [X0] : (((v2_yellow_0(X0) & ~v2_struct_0(X0)) | (~v9_waybel_1(X0) | v2_struct_0(X0))) | ~l1_orders_2(X0)) [ennf transformation 10]
47. ! [X0] : ((v2_yellow_0(X0) & ~v2_struct_0(X0)) | ~v9_waybel_1(X0) | v2_struct_0(X0) | ~l1_orders_2(X0)) [flattening 46]
52. ! [X0] : (((v9_waybel_1(X0) & ~v2_struct_0(X0)) | (~v11_waybel_1(X0) | v2_struct_0(X0))) | ~l1_orders_2(X0)) [ennf transformation 3]
53. ! [X0] : ((v9_waybel_1(X0) & ~v2_struct_0(X0)) | ~v11_waybel_1(X0) | v2_struct_0(X0) | ~l1_orders_2(X0)) [flattening 52]
54. ! [X0] : (((v10_waybel_1(X0) & v2_waybel_1(X0) & v3_yellow_0(X0) & v2_lattice3(X0) & v1_lattice3(X0) & v5_orders_2(X0) & v4_orders_2(X0) & v3_orders_2(X0) & ~v2_struct_0(X0)) | (~v11_waybel_1(X0) | v2_struct_0(X0))) | ~l1_orders_2(X0)) [ennf transformation 11]
55. ! [X0] : ((v10_waybel_1(X0) & v2_waybel_1(X0) & v3_yellow_0(X0) & v2_lattice3(X0) & v1_lattice3(X0) & v5_orders_2(X0) & v4_orders_2(X0) & v3_orders_2(X0) & ~v2_struct_0(X0)) | ~v11_waybel_1(X0) | v2_struct_0(X0) | ~l1_orders_2(X0)) [flattening 54]
58. ! [X0] : (k4_yellow_0(X0) = k7_waybel_1(X0,k3_yellow_0(X0)) | (~l1_orders_2(X0) | ~v11_waybel_1(X0) | v2_struct_0(X0))) [ennf transformation 31]
59. ! [X0] : (k4_yellow_0(X0) = k7_waybel_1(X0,k3_yellow_0(X0)) | ~l1_orders_2(X0) | ~v11_waybel_1(X0) | v2_struct_0(X0)) [flattening 58]
60. ! [X0] : (! [X1] : (((k4_yellow_0(X0) = k10_lattice3(X0,k4_yellow_0(X0),X1) | ~v1_lattice3(X0)) & (k11_lattice3(X0,k4_yellow_0(X0),X1) = X1 | (~v3_orders_2(X0) | ~v4_orders_2(X0) | ~v2_lattice3(X0)))) | ~m1_subset_1(X1,u1_struct_0(X0))) | (~l1_orders_2(X0) | ~v2_yellow_0(X0) | ~v5_orders_2(X0) | v2_struct_0(X0))) [ennf transformation 30]
61. ! [X0] : (! [X1] : (((k4_yellow_0(X0) = k10_lattice3(X0,k4_yellow_0(X0),X1) | ~v1_lattice3(X0)) & (k11_lattice3(X0,k4_yellow_0(X0),X1) = X1 | ~v3_orders_2(X0) | ~v4_orders_2(X0) | ~v2_lattice3(X0))) | ~m1_subset_1(X1,u1_struct_0(X0))) | ~l1_orders_2(X0) | ~v2_yellow_0(X0) | ~v5_orders_2(X0) | v2_struct_0(X0)) [flattening 60]
62. ! [X0] : (! [X1] : (! [X2] : (k1_yellow_5(X0,X1,X2) = k11_lattice3(X0,X1,k7_waybel_1(X0,X2)) | ~m1_subset_1(X2,u1_struct_0(X0))) | ~m1_subset_1(X1,u1_struct_0(X0))) | (~l1_orders_2(X0) | v2_struct_0(X0))) [ennf transformation 14]
63. ! [X0] : (! [X1] : (! [X2] : (k1_yellow_5(X0,X1,X2) = k11_lattice3(X0,X1,k7_waybel_1(X0,X2)) | ~m1_subset_1(X2,u1_struct_0(X0))) | ~m1_subset_1(X1,u1_struct_0(X0))) | ~l1_orders_2(X0) | v2_struct_0(X0)) [flattening 62]
70. ! [X0,X1,X2] : (k12_lattice3(X0,X1,X2) = k12_lattice3(X0,X2,X1) | (~m1_subset_1(X2,u1_struct_0(X0)) | ~m1_subset_1(X1,u1_struct_0(X0)) | ~l1_orders_2(X0) | ~v2_lattice3(X0) | ~v5_orders_2(X0))) [ennf transformation 13]
71. ! [X0,X1,X2] : (k12_lattice3(X0,X1,X2) = k12_lattice3(X0,X2,X1) | ~m1_subset_1(X2,u1_struct_0(X0)) | ~m1_subset_1(X1,u1_struct_0(X0)) | ~l1_orders_2(X0) | ~v2_lattice3(X0) | ~v5_orders_2(X0)) [flattening 70]
72. ! [X0,X1,X2] : (k12_lattice3(X0,X1,X2) = k11_lattice3(X0,X1,X2) | (~m1_subset_1(X2,u1_struct_0(X0)) | ~m1_subset_1(X1,u1_struct_0(X0)) | ~l1_orders_2(X0) | ~v2_lattice3(X0) | ~v5_orders_2(X0))) [ennf transformation 29]
73. ! [X0,X1,X2] : (k12_lattice3(X0,X1,X2) = k11_lattice3(X0,X1,X2) | ~m1_subset_1(X2,u1_struct_0(X0)) | ~m1_subset_1(X1,u1_struct_0(X0)) | ~l1_orders_2(X0) | ~v2_lattice3(X0) | ~v5_orders_2(X0)) [flattening 72]
78. ? [X0] : (? [X1] : (k1_yellow_5(X0,X1,k3_yellow_0(X0)) != X1 & m1_subset_1(X1,u1_struct_0(X0))) & l1_orders_2(X0) & v11_waybel_1(X0) & ~v2_struct_0(X0)) => (? [X1] : (k1_yellow_5(sK0,X1,k3_yellow_0(sK0)) != X1 & m1_subset_1(X1,u1_struct_0(sK0))) & l1_orders_2(sK0) & v11_waybel_1(sK0) & ~v2_struct_0(sK0)) [choice axiom]
79. ? [X1] : (k1_yellow_5(sK0,X1,k3_yellow_0(sK0)) != X1 & m1_subset_1(X1,u1_struct_0(sK0))) => (sK1 != k1_yellow_5(sK0,sK1,k3_yellow_0(sK0)) & m1_subset_1(sK1,u1_struct_0(sK0))) [choice axiom]
80. (sK1 != k1_yellow_5(sK0,sK1,k3_yellow_0(sK0)) & m1_subset_1(sK1,u1_struct_0(sK0))) & l1_orders_2(sK0) & v11_waybel_1(sK0) & ~v2_struct_0(sK0) [skolemisation 35,79,78]
85. ~v2_struct_0(sK0) [cnf transformation 80] {a:0,w:2,wCS:200,goal:1,sine:0,thAx:0,allAx:3,thDist:-3}
86. v11_waybel_1(sK0) [cnf transformation 80] {a:0,w:2,wCS:200,goal:1,sine:0,thAx:0,allAx:3,thDist:-3}
87. l1_orders_2(sK0) [cnf transformation 80] {a:0,w:2,wCS:200,goal:1,sine:0,thAx:0,allAx:3,thDist:-3}
88. m1_subset_1(sK1,u1_struct_0(sK0)) [cnf transformation 80] {a:0,w:4,wCS:400,goal:1,sine:0,thAx:0,allAx:3,thDist:-3}
89. sK1 != k1_yellow_5(sK0,sK1,k3_yellow_0(sK0)) [cnf transformation 80] {a:0,w:7,wCS:700,goal:1,sine:0,thAx:0,allAx:3,thDist:-3}
90. m1_subset_1(k3_yellow_0(X0),u1_struct_0(X0)) | ~l1_orders_2(X0) [cnf transformation 36] {a:0,w:7,wCS:2800,nSel:1,sine:1,thAx:0,allAx:1,thDist:-1}
91. m1_subset_1(k4_yellow_0(X0),u1_struct_0(X0)) | ~l1_orders_2(X0) [cnf transformation 37] {a:0,w:7,wCS:2800,nSel:1,sine:2,thAx:0,allAx:1,thDist:-1}
95. ~v2_lattice3(X0) | ~v2_struct_0(X0) | ~l1_orders_2(X0) [cnf transformation 43] {a:0,w:6,wCS:2400,nSel:1,sine:255,thAx:0,allAx:1,thDist:-1}
99. ~v9_waybel_1(X0) | v2_yellow_0(X0) | v2_struct_0(X0) | ~l1_orders_2(X0) [cnf transformation 47] {a:0,w:8,wCS:3200,nSel:1,sine:255,thAx:0,allAx:1,thDist:-1}
109. ~l1_orders_2(X0) | ~v11_waybel_1(X0) | v2_struct_0(X0) | v9_waybel_1(X0) [cnf transformation 53] {a:0,w:8,wCS:3200,nSel:1,sine:255,thAx:0,allAx:1,thDist:-1}
111. ~l1_orders_2(X0) | ~v11_waybel_1(X0) | v2_struct_0(X0) | v3_orders_2(X0) [cnf transformation 55] {a:0,w:8,wCS:3200,nSel:1,sine:255,thAx:0,allAx:1,thDist:-1}
112. ~l1_orders_2(X0) | ~v11_waybel_1(X0) | v2_struct_0(X0) | v4_orders_2(X0) [cnf transformation 55] {a:0,w:8,wCS:3200,nSel:1,sine:255,thAx:0,allAx:1,thDist:-1}
113. ~l1_orders_2(X0) | ~v11_waybel_1(X0) | v2_struct_0(X0) | v5_orders_2(X0) [cnf transformation 55] {a:0,w:8,wCS:3200,nSel:1,sine:255,thAx:0,allAx:1,thDist:-1}
115. ~l1_orders_2(X0) | ~v11_waybel_1(X0) | v2_struct_0(X0) | v2_lattice3(X0) [cnf transformation 55] {a:0,w:8,wCS:3200,nSel:1,sine:255,thAx:0,allAx:1,thDist:-1}
120. k4_yellow_0(X0) = k7_waybel_1(X0,k3_yellow_0(X0)) | ~l1_orders_2(X0) | ~v11_waybel_1(X0) | v2_struct_0(X0) [cnf transformation 59] {a:0,w:13,wCS:5200,nSel:1,sine:1,thAx:0,allAx:1,thDist:-1}
121. k11_lattice3(X0,k4_yellow_0(X0),X1) = X1 | ~v3_orders_2(X0) | ~v4_orders_2(X0) | ~v2_lattice3(X0) | ~m1_subset_1(X1,u1_struct_0(X0)) | ~l1_orders_2(X0) | ~v2_yellow_0(X0) | ~v5_orders_2(X0) | v2_struct_0(X0) [cnf transformation 61] {a:0,w:25,wCS:10000,sine:255,thAx:0,allAx:1,thDist:-1}
123. k1_yellow_5(X0,X1,X2) = k11_lattice3(X0,X1,k7_waybel_1(X0,X2)) | ~m1_subset_1(X2,u1_struct_0(X0)) | ~m1_subset_1(X1,u1_struct_0(X0)) | ~l1_orders_2(X0) | v2_struct_0(X0) [cnf transformation 63] {a:0,w:23,wCS:9200,nSel:1,sine:1,thAx:0,allAx:1,thDist:-1}
128. k12_lattice3(X0,X1,X2) = k12_lattice3(X0,X2,X1) | ~m1_subset_1(X2,u1_struct_0(X0)) | ~m1_subset_1(X1,u1_struct_0(X0)) | ~l1_orders_2(X0) | ~v2_lattice3(X0) | ~v5_orders_2(X0) [cnf transformation 71] {a:0,w:23,wCS:9200,nSel:1,sine:255,thAx:0,allAx:1,thDist:-1}
129. k12_lattice3(X0,X1,X2) = k11_lattice3(X0,X1,X2) | ~m1_subset_1(X2,u1_struct_0(X0)) | ~m1_subset_1(X1,u1_struct_0(X0)) | ~l1_orders_2(X0) | ~v2_lattice3(X0) | ~v5_orders_2(X0) [cnf transformation 73] {a:0,w:23,wCS:9200,nSel:1,sine:255,thAx:0,allAx:1,thDist:-1}
134. 1 <=> sK1 = k1_yellow_5(sK0,sK1,k3_yellow_0(sK0)) [avatar definition]
136. sK1 != k1_yellow_5(sK0,sK1,k3_yellow_0(sK0)) <- (~1) [avatar component clause 134] {a:0,w:7,wCS:700,nSel:1,goal:1,sine:255,thAx:0,allAx:3,thDist:-3}
137. ~1 [avatar split clause 89,134]
139. 2 <=> m1_subset_1(sK1,u1_struct_0(sK0)) [avatar definition]
141. m1_subset_1(sK1,u1_struct_0(sK0)) <- (2) [avatar component clause 139] {a:0,w:4,wCS:400,nSel:1,goal:1,sine:255,thAx:0,allAx:3,thDist:-3}
142. 2 [avatar split clause 88,139]
144. 3 <=> l1_orders_2(sK0) [avatar definition]
146. l1_orders_2(sK0) <- (3) [avatar component clause 144] {a:0,w:2,wCS:200,nSel:1,goal:1,sine:255,thAx:0,allAx:3,thDist:-3}
147. 3 [avatar split clause 87,144]
149. 4 <=> v11_waybel_1(sK0) [avatar definition]
151. v11_waybel_1(sK0) <- (4) [avatar component clause 149] {a:0,w:2,wCS:200,nSel:1,goal:1,sine:255,thAx:0,allAx:3,thDist:-3}
152. 4 [avatar split clause 86,149]
154. 5 <=> v2_struct_0(sK0) [avatar definition]
156. ~v2_struct_0(sK0) <- (~5) [avatar component clause 154] {a:0,w:2,wCS:200,nSel:1,goal:1,sine:255,thAx:0,allAx:3,thDist:-3}
157. ~5 [avatar split clause 85,154]
163. ~v11_waybel_1(sK0) | v2_struct_0(sK0) | v9_waybel_1(sK0) <- (3) [resolution 109,146] {a:1,w:6,wCS:600,goal:1,sine:255,thAx:0,allAx:4,thDist:-4}
165. v2_struct_0(sK0) | v9_waybel_1(sK0) <- (3, 4) [subsumption resolution 163,151] {a:1,w:4,wCS:400,goal:1,sine:255,thAx:0,allAx:4,thDist:-4}
166. v9_waybel_1(sK0) <- (3, 4, ~5) [subsumption resolution 165,156] {a:1,w:2,wCS:200,goal:1,sine:255,thAx:0,allAx:4,thDist:-4}
168. 7 <=> v9_waybel_1(sK0) [avatar definition]
170. v9_waybel_1(sK0) <- (7) [avatar component clause 168] {a:1,w:2,wCS:200,nSel:1,goal:1,sine:255,thAx:0,allAx:4,thDist:-4}
171. 7 | ~3 | ~4 | 5 [avatar split clause 166,154,149,144,168]
186. v2_yellow_0(sK0) | v2_struct_0(sK0) | ~l1_orders_2(sK0) <- (7) [resolution 170,99] {a:2,w:6,wCS:600,goal:1,sine:255,thAx:0,allAx:5,thDist:-5}
199. v2_yellow_0(sK0) | ~l1_orders_2(sK0) <- (~5, 7) [subsumption resolution 186,156] {a:2,w:4,wCS:400,goal:1,sine:255,thAx:0,allAx:5,thDist:-5}
200. v2_yellow_0(sK0) <- (3, ~5, 7) [subsumption resolution 199,146] {a:2,w:2,wCS:200,goal:1,sine:255,thAx:0,allAx:5,thDist:-5}
202. 12 <=> v2_yellow_0(sK0) [avatar definition]
204. v2_yellow_0(sK0) <- (12) [avatar component clause 202] {a:2,w:2,wCS:200,nSel:1,goal:1,sine:255,thAx:0,allAx:5,thDist:-5}
205. 12 | ~3 | 5 | ~7 [avatar split clause 200,168,154,144,202]
344. k1_yellow_5(X0,X1,k3_yellow_0(X0)) = k11_lattice3(X0,X1,k4_yellow_0(X0)) | ~m1_subset_1(k3_yellow_0(X0),u1_struct_0(X0)) | ~m1_subset_1(X1,u1_struct_0(X0)) | ~l1_orders_2(X0) | v2_struct_0(X0) | ~l1_orders_2(X0) | ~v11_waybel_1(X0) | v2_struct_0(X0) [superposition 123,120] {a:1,w:30,wCS:12000,sine:1,thAx:0,allAx:2,thDist:-2}
347. k1_yellow_5(X0,X1,k3_yellow_0(X0)) = k11_lattice3(X0,X1,k4_yellow_0(X0)) | ~m1_subset_1(k3_yellow_0(X0),u1_struct_0(X0)) | ~m1_subset_1(X1,u1_struct_0(X0)) | ~l1_orders_2(X0) | v2_struct_0(X0) | ~v11_waybel_1(X0) [duplicate literal removal 344] {a:1,w:26,wCS:10400,sine:1,thAx:0,allAx:2,thDist:-2}
348. k1_yellow_5(X0,X1,k3_yellow_0(X0)) = k11_lattice3(X0,X1,k4_yellow_0(X0)) | ~m1_subset_1(X1,u1_struct_0(X0)) | ~l1_orders_2(X0) | v2_struct_0(X0) | ~v11_waybel_1(X0) [subsumption resolution 347,90] {a:1,w:21,wCS:8400,nSel:1,sine:1,thAx:0,allAx:2,thDist:-2}
357. k1_yellow_5(X3,X4,k3_yellow_0(X3)) = k12_lattice3(X3,X4,k4_yellow_0(X3)) | ~m1_subset_1(k4_yellow_0(X3),u1_struct_0(X3)) | ~m1_subset_1(X4,u1_struct_0(X3)) | ~l1_orders_2(X3) | ~v2_lattice3(X3) | ~v5_orders_2(X3) | ~m1_subset_1(X4,u1_struct_0(X3)) | ~l1_orders_2(X3) | v2_struct_0(X3) | ~v11_waybel_1(X3) [superposition 129,348] {a:2,w:36,wCS:14400,sine:1,thAx:0,allAx:3,thDist:-3}
364. k1_yellow_5(X3,X4,k3_yellow_0(X3)) = k12_lattice3(X3,X4,k4_yellow_0(X3)) | ~m1_subset_1(k4_yellow_0(X3),u1_struct_0(X3)) | ~m1_subset_1(X4,u1_struct_0(X3)) | ~l1_orders_2(X3) | ~v2_lattice3(X3) | ~v5_orders_2(X3) | v2_struct_0(X3) | ~v11_waybel_1(X3) [duplicate literal removal 357] {a:2,w:30,wCS:12000,sine:1,thAx:0,allAx:3,thDist:-3}
367. k1_yellow_5(X3,X4,k3_yellow_0(X3)) = k12_lattice3(X3,X4,k4_yellow_0(X3)) | ~m1_subset_1(k4_yellow_0(X3),u1_struct_0(X3)) | ~m1_subset_1(X4,u1_struct_0(X3)) | ~l1_orders_2(X3) | ~v5_orders_2(X3) | v2_struct_0(X3) | ~v11_waybel_1(X3) [subsumption resolution 364,115] {a:2,w:28,wCS:11200,sine:1,thAx:0,allAx:3,thDist:-3}
368. k1_yellow_5(X3,X4,k3_yellow_0(X3)) = k12_lattice3(X3,X4,k4_yellow_0(X3)) | ~m1_subset_1(k4_yellow_0(X3),u1_struct_0(X3)) | ~m1_subset_1(X4,u1_struct_0(X3)) | ~l1_orders_2(X3) | v2_struct_0(X3) | ~v11_waybel_1(X3) [subsumption resolution 367,113] {a:2,w:26,wCS:10400,sine:1,thAx:0,allAx:3,thDist:-3}
369. k1_yellow_5(X3,X4,k3_yellow_0(X3)) = k12_lattice3(X3,X4,k4_yellow_0(X3)) | ~m1_subset_1(X4,u1_struct_0(X3)) | ~l1_orders_2(X3) | v2_struct_0(X3) | ~v11_waybel_1(X3) [subsumption resolution 368,91] {a:2,w:21,wCS:8400,nSel:1,sine:1,thAx:0,allAx:3,thDist:-3}
373. k11_lattice3(X0,k4_yellow_0(X0),X1) = X1 | ~v3_orders_2(X0) | ~v4_orders_2(X0) | ~v2_lattice3(X0) | ~m1_subset_1(X1,u1_struct_0(X0)) | ~l1_orders_2(X0) | ~v2_yellow_0(X0) | ~v5_orders_2(X0) [subsumption resolution 121,95] {a:0,w:23,wCS:9200,nSel:1,sine:255,thAx:0,allAx:1,thDist:-1}
376. k1_yellow_5(X0,X1,k3_yellow_0(X0)) = k12_lattice3(X0,k4_yellow_0(X0),X1) | ~m1_subset_1(X1,u1_struct_0(X0)) | ~m1_subset_1(k4_yellow_0(X0),u1_struct_0(X0)) | ~l1_orders_2(X0) | ~v2_lattice3(X0) | ~v5_orders_2(X0) | ~m1_subset_1(X1,u1_struct_0(X0)) | ~l1_orders_2(X0) | v2_struct_0(X0) | ~v11_waybel_1(X0) [superposition 128,369] {a:3,w:36,wCS:14400,sine:1,thAx:0,allAx:4,thDist:-4}
381. k1_yellow_5(X0,X1,k3_yellow_0(X0)) = k12_lattice3(X0,k4_yellow_0(X0),X1) | ~m1_subset_1(X1,u1_struct_0(X0)) | ~m1_subset_1(k4_yellow_0(X0),u1_struct_0(X0)) | ~l1_orders_2(X0) | ~v2_lattice3(X0) | ~v5_orders_2(X0) | v2_struct_0(X0) | ~v11_waybel_1(X0) [duplicate literal removal 376] {a:3,w:30,wCS:12000,sine:1,thAx:0,allAx:4,thDist:-4}
388. k1_yellow_5(X0,X1,k3_yellow_0(X0)) = k12_lattice3(X0,k4_yellow_0(X0),X1) | ~m1_subset_1(X1,u1_struct_0(X0)) | ~m1_subset_1(k4_yellow_0(X0),u1_struct_0(X0)) | ~l1_orders_2(X0) | ~v5_orders_2(X0) | v2_struct_0(X0) | ~v11_waybel_1(X0) [subsumption resolution 381,115] {a:3,w:28,wCS:11200,sine:1,thAx:0,allAx:4,thDist:-4}
389. k1_yellow_5(X0,X1,k3_yellow_0(X0)) = k12_lattice3(X0,k4_yellow_0(X0),X1) | ~m1_subset_1(X1,u1_struct_0(X0)) | ~m1_subset_1(k4_yellow_0(X0),u1_struct_0(X0)) | ~l1_orders_2(X0) | v2_struct_0(X0) | ~v11_waybel_1(X0) [subsumption resolution 388,113] {a:3,w:26,wCS:10400,sine:1,thAx:0,allAx:4,thDist:-4}
390. k1_yellow_5(X0,X1,k3_yellow_0(X0)) = k12_lattice3(X0,k4_yellow_0(X0),X1) | ~m1_subset_1(X1,u1_struct_0(X0)) | ~l1_orders_2(X0) | v2_struct_0(X0) | ~v11_waybel_1(X0) [subsumption resolution 389,91] {a:3,w:21,wCS:8400,nSel:1,sine:1,thAx:0,allAx:4,thDist:-4}
396. k12_lattice3(X5,k4_yellow_0(X5),X6) = X6 | ~v3_orders_2(X5) | ~v4_orders_2(X5) | ~v2_lattice3(X5) | ~m1_subset_1(X6,u1_struct_0(X5)) | ~l1_orders_2(X5) | ~v2_yellow_0(X5) | ~v5_orders_2(X5) | ~m1_subset_1(X6,u1_struct_0(X5)) | ~m1_subset_1(k4_yellow_0(X5),u1_struct_0(X5)) | ~l1_orders_2(X5) | ~v2_lattice3(X5) | ~v5_orders_2(X5) [superposition 373,129] {a:1,w:38,wCS:15200,sine:255,thAx:0,allAx:2,thDist:-2}
405. k12_lattice3(X5,k4_yellow_0(X5),X6) = X6 | ~v3_orders_2(X5) | ~v4_orders_2(X5) | ~v2_lattice3(X5) | ~m1_subset_1(X6,u1_struct_0(X5)) | ~l1_orders_2(X5) | ~v2_yellow_0(X5) | ~v5_orders_2(X5) | ~m1_subset_1(k4_yellow_0(X5),u1_struct_0(X5)) [duplicate literal removal 396] {a:1,w:28,wCS:11200,sine:255,thAx:0,allAx:2,thDist:-2}
415. k12_lattice3(X5,k4_yellow_0(X5),X6) = X6 | ~v3_orders_2(X5) | ~v4_orders_2(X5) | ~v2_lattice3(X5) | ~m1_subset_1(X6,u1_struct_0(X5)) | ~l1_orders_2(X5) | ~v2_yellow_0(X5) | ~v5_orders_2(X5) [subsumption resolution 405,91] {a:1,w:23,wCS:9200,nSel:1,sine:2,thAx:0,allAx:2,thDist:-2}
472. k1_yellow_5(X0,X1,k3_yellow_0(X0)) = X1 | ~v3_orders_2(X0) | ~v4_orders_2(X0) | ~v2_lattice3(X0) | ~m1_subset_1(X1,u1_struct_0(X0)) | ~l1_orders_2(X0) | ~v2_yellow_0(X0) | ~v5_orders_2(X0) | ~m1_subset_1(X1,u1_struct_0(X0)) | ~l1_orders_2(X0) | v2_struct_0(X0) | ~v11_waybel_1(X0) [superposition 415,390] {a:4,w:33,wCS:13200,sine:1,thAx:0,allAx:6,thDist:-6}
481. k1_yellow_5(X0,X1,k3_yellow_0(X0)) = X1 | ~v3_orders_2(X0) | ~v4_orders_2(X0) | ~v2_lattice3(X0) | ~m1_subset_1(X1,u1_struct_0(X0)) | ~l1_orders_2(X0) | ~v2_yellow_0(X0) | ~v5_orders_2(X0) | v2_struct_0(X0) | ~v11_waybel_1(X0) [duplicate literal removal 472] {a:4,w:27,wCS:10800,sine:1,thAx:0,allAx:6,thDist:-6}
489. k1_yellow_5(X0,X1,k3_yellow_0(X0)) = X1 | ~v3_orders_2(X0) | ~v4_orders_2(X0) | ~m1_subset_1(X1,u1_struct_0(X0)) | ~l1_orders_2(X0) | ~v2_yellow_0(X0) | ~v5_orders_2(X0) | v2_struct_0(X0) | ~v11_waybel_1(X0) [subsumption resolution 481,115] {a:4,w:25,wCS:10000,sine:1,thAx:0,allAx:6,thDist:-6}
490. k1_yellow_5(X0,X1,k3_yellow_0(X0)) = X1 | ~v3_orders_2(X0) | ~v4_orders_2(X0) | ~m1_subset_1(X1,u1_struct_0(X0)) | ~l1_orders_2(X0) | ~v2_yellow_0(X0) | v2_struct_0(X0) | ~v11_waybel_1(X0) [subsumption resolution 489,113] {a:4,w:23,wCS:9200,sine:1,thAx:0,allAx:6,thDist:-6}
491. k1_yellow_5(X0,X1,k3_yellow_0(X0)) = X1 | ~v3_orders_2(X0) | ~m1_subset_1(X1,u1_struct_0(X0)) | ~l1_orders_2(X0) | ~v2_yellow_0(X0) | v2_struct_0(X0) | ~v11_waybel_1(X0) [subsumption resolution 490,112] {a:4,w:21,wCS:8400,sine:1,thAx:0,allAx:6,thDist:-6}
492. k1_yellow_5(X0,X1,k3_yellow_0(X0)) = X1 | ~m1_subset_1(X1,u1_struct_0(X0)) | ~l1_orders_2(X0) | ~v2_yellow_0(X0) | v2_struct_0(X0) | ~v11_waybel_1(X0) [subsumption resolution 491,111] {a:4,w:19,wCS:7600,nSel:1,sine:1,thAx:0,allAx:6,thDist:-6}
507. sK1 != sK1 | ~m1_subset_1(sK1,u1_struct_0(sK0)) | ~l1_orders_2(sK0) | ~v2_yellow_0(sK0) | v2_struct_0(sK0) | ~v11_waybel_1(sK0) <- (~1) [superposition 136,492] {a:5,w:15,wCS:1500,goal:1,sine:1,thAx:0,allAx:9,thDist:-9}
514. ~m1_subset_1(sK1,u1_struct_0(sK0)) | ~l1_orders_2(sK0) | ~v2_yellow_0(sK0) | v2_struct_0(sK0) | ~v11_waybel_1(sK0) <- (~1) [trivial inequality removal 507] {a:5,w:12,wCS:1200,goal:1,sine:1,thAx:0,allAx:9,thDist:-9}
517. ~l1_orders_2(sK0) | ~v2_yellow_0(sK0) | v2_struct_0(sK0) | ~v11_waybel_1(sK0) <- (~1, 2) [subsumption resolution 514,141] {a:5,w:8,wCS:800,goal:1,sine:1,thAx:0,allAx:9,thDist:-9}
518. ~v2_yellow_0(sK0) | v2_struct_0(sK0) | ~v11_waybel_1(sK0) <- (~1, 2, 3) [subsumption resolution 517,146] {a:5,w:6,wCS:600,goal:1,sine:1,thAx:0,allAx:9,thDist:-9}
519. v2_struct_0(sK0) | ~v11_waybel_1(sK0) <- (~1, 2, 3, 12) [subsumption resolution 518,204] {a:5,w:4,wCS:400,goal:1,sine:1,thAx:0,allAx:9,thDist:-9}
520. ~v11_waybel_1(sK0) <- (~1, 2, 3, ~5, 12) [subsumption resolution 519,156] {a:5,w:2,wCS:200,goal:1,sine:1,thAx:0,allAx:9,thDist:-9}
521. $false <- (~1, 2, 3, 4, ~5, 12) [subsumption resolution 520,151] {a:5,w:0,goal:1,sine:1,thAx:0,allAx:9,thDist:-9}
522. 1 | ~2 | ~3 | ~4 | 5 | ~12 [avatar contradiction clause 521]
523. $false [avatar sat refutation 137,142,147,152,157,171,205,522] {a:0,w:0,goal:1,sine:0,thAx:0,allAx:256,thDist:-256}
% SZS output end Proof for yellow_5__t65_yellow_5
% ------------------------------
% Version: Vampire 4.5.1 (commit 226f88162 on 2021-09-12 20:13:44 +0200)
% Termination reason: Refutation

% >>> Input
% Input formulas: 30
% >>> Preprocessing
% Introduced skolems: 4
% Pure predicates: 1
% 
% >>> Saturation
% Initial clauses: 48
% Generated clauses: 311
% Active clauses: 63
% Passive clauses: 90
% Final active clauses: 63
% Final passive clauses: 21
% Main loop iterations started: 69
% 
% >>> Simplifying Inferences
% Duplicate literals: 156
% Trivial inequalities: 1
% Fw subsumption resolutions: 95
% 
% >>> Deletion Inferences
% Simple tautologies: 15
% Forward subsumptions: 25
% 
% >>> Generating Inferences
% Binary resolution: 31
% Unit resulting resolution: 1
% Forward superposition: 22
% Backward superposition: 37
% 
% >>> AVATAR
% Split clauses: 9
% Split components: 27
% Sat splitting refutations: 2
% 
% >>> SAT Solver Statistics
% SAT solver clauses: 35
% SAT solver unit clauses: 6
% 
% Memory used [KB]: 9594
% Time elapsed: 0.004 s
% ------------------------------
% ------------------------------
% Time measurement results:
% preprocessing: 0.001 s ( own 0.0000 s ) 
% sine selection: 0.001 s
% forward subsumption: 0.001 s
% other: 0.004 s ( own 0.002 s ) 

