i: [1,338,0,2,1,1,0,0] t8_knaster
a: [3,544,0,2,1,338]
s: 544
i: [1,336,0,2,1,1,0,0] t8_knaster
a: [3,554,0,2,1,336]
s: 554
i: [1,340,0,4,1,1,0,0] t8_knaster
a: [3,534,0,4,1,340]
s: 534
i: [1,342,0,10,2,1,0,0] t8_knaster
a: [3,520,0,5,1,342]
s: 520
i: [1,341,0,5,1,1,0,0] t8_knaster
a: [3,529,0,5,1,341]
s: 529
i: [1,337,0,6,1,1,0,0] t8_knaster
a: [3,549,0,6,1,337]
s: 549
i: [1,339,0,8,1,1,0,0] t8_knaster
a: [3,539,0,8,1,339]
s: 539
i: [1,343,0,2,1,0,0,255] fc7_card_1
a: [3,559,0,2,1,343]
s: 559
i: [1,344,0,2,1,0,0,255] spc1_boole
a: [3,564,0,2,1,344]
s: 564
i: [1,345,0,2,1,0,0,255] fc4_card_1
a: [3,569,0,2,1,345]
s: 569
i: [1,346,0,2,1,0,0,255] dt_o_0_0_xboole_0
a: [3,574,0,2,1,346]
s: 574
i: [1,347,0,2,1,0,0,255] fc1_xboole_0
a: [3,579,0,2,1,347]
s: 579
i: [1,353,0,2,1,0,0,255] fc6_ordinal1
a: [3,604,0,2,1,353]
s: 604
i: [1,352,0,2,1,0,0,255] fc6_ordinal1
a: [3,609,0,2,1,352]
s: 609
i: [1,489,0,2,1,0,0,255] rc3_card_1
a: [3,629,0,2,1,489]
s: 629
i: [1,490,0,2,1,0,0,2] rc2_xboole_0
a: [3,634,0,2,1,490]
s: 634
i: [1,491,0,2,1,0,0,255] rc4_ordinal1
a: [3,639,0,2,1,491]
s: 639
i: [1,492,0,2,1,0,0,255] rc1_card_1
a: [3,644,0,2,1,492]
s: 644
i: [1,493,0,2,1,0,0,255] rc1_ordinal1
a: [3,649,0,2,1,493]
s: 649
i: [1,494,0,2,1,0,0,2] rc1_xboole_0
a: [3,654,0,2,1,494]
s: 654
i: [1,498,0,2,1,0,0,255] rc2_ordinal1
a: [3,659,0,2,1,498]
s: 659
i: [1,497,0,2,1,0,0,255] rc2_ordinal1
a: [3,664,0,2,1,497]
s: 664
i: [1,496,0,2,1,0,0,255] rc2_ordinal1
a: [3,669,0,2,1,496]
s: 669
i: [1,495,0,2,1,0,0,255] rc2_ordinal1
a: [3,674,0,2,1,495]
s: 674
i: [1,500,0,2,1,0,0,255] rc7_funct_1
a: [3,679,0,2,1,500]
s: 679
i: [1,499,0,2,1,0,0,255] rc7_funct_1
a: [3,684,0,2,1,499]
s: 684
i: [1,502,0,2,1,0,0,255] rc5_ordinal1
a: [3,689,0,2,1,502]
s: 689
i: [1,501,0,2,1,0,0,255] rc5_ordinal1
a: [3,694,0,2,1,501]
s: 694
i: [1,507,0,2,1,0,0,255] rc2_card_1
a: [3,699,0,2,1,507]
s: 699
i: [1,506,0,2,1,0,0,255] rc2_card_1
a: [3,704,0,2,1,506]
s: 704
i: [1,505,0,2,1,0,0,255] rc2_card_1
a: [3,709,0,2,1,505]
s: 709
i: [1,504,0,2,1,0,0,255] rc2_card_1
a: [3,714,0,2,1,504]
s: 714
i: [1,503,0,2,1,0,0,255] rc2_card_1
a: [3,719,0,2,1,503]
s: 719
i: [1,509,0,2,1,0,0,255] rc1_funct_1
a: [3,724,0,2,1,509]
s: 724
i: [1,508,0,2,1,0,0,255] rc1_funct_1
a: [3,729,0,2,1,508]
s: 729
i: [1,512,0,2,1,0,0,255] rc5_funct_1
a: [3,734,0,2,1,512]
s: 734
i: [1,511,0,2,1,0,0,255] rc5_funct_1
a: [3,739,0,2,1,511]
s: 739
i: [1,510,0,2,1,0,0,255] rc5_funct_1
a: [3,744,0,2,1,510]
s: 744
i: [1,514,0,2,1,0,0,255] rc2_funct_1
a: [3,749,0,2,1,514]
s: 749
i: [1,513,0,2,1,0,0,255] rc2_funct_1
a: [3,754,0,2,1,513]
s: 754
i: [1,357,0,3,1,0,0,1] fc1_subset_1
s: 357
i: [1,440,0,3,1,0,0,255] rc3_ordinal1
s: 440
i: [1,442,0,3,1,0,0,255] rc3_ordinal1
s: 442
i: [1,444,0,3,1,0,0,1] rc2_subset_1
s: 444
i: [1,447,0,3,1,0,0,1] reflexivity_r1_tarski
s: 447
i: [1,468,0,3,1,0,0,255] rc6_funct_1
s: 468
i: [1,470,0,3,1,0,0,255] rc6_funct_1
s: 470
i: [1,348,0,3,1,0,0,255] d2_xboole_0
a: [3,584,0,3,1,348]
s: 584
r: 574
i: [1,349,0,3,1,0,0,255] redefinition_k5_numbers
a: [3,589,0,3,1,349]
s: 589
i: [1,350,0,3,1,0,0,255] t1_numerals
a: [3,594,0,3,1,350]
s: 594
i: [1,356,0,3,1,0,0,255] spc1_numerals
a: [3,614,0,3,1,356]
s: 614
i: [1,355,0,3,1,0,0,255] spc1_numerals
a: [3,619,0,3,1,355]
s: 619
d: [2,757,0,3,1,2,22,619,589]
a: [3,761,0,3,1,757]
s: 761
i: [1,383,0,4,2,0,0,255] cc3_card_1
s: 383
i: [1,384,0,4,2,0,0,255] cc5_card_1
s: 384
i: [1,385,0,4,2,0,0,255] cc1_card_1
s: 385
d: [2,763,1,2,1,1,40,383,639]
a: [3,768,1,2,1,763]
s: 768
i: [1,386,0,4,2,0,0,255] cc6_ordinal1
s: 386
d: [2,764,1,2,1,1,40,383,689]
a: [3,773,1,2,1,764]
s: 773
i: [1,392,0,4,2,0,0,255] cc1_ordinal1
s: 392
i: [1,393,0,4,2,0,0,255] cc1_ordinal1
s: 393
d: [2,775,1,2,1,1,40,384,639]
a: [3,780,1,2,1,775]
s: 780
i: [1,395,0,4,2,0,0,255] cc9_ordinal1
s: 395
d: [2,776,1,2,1,1,40,384,689]
a: [3,785,1,2,1,776]
s: 785
i: [1,396,0,4,2,0,0,255] cc7_funct_1
s: 396
i: [1,397,0,4,2,0,0,255] cc2_card_1
s: 397
d: [2,788,1,2,1,1,40,385,644]
a: [3,793,1,2,1,788]
s: 793
i: [1,398,0,4,2,0,0,255] cc7_ordinal1
s: 398
d: [2,802,1,2,1,1,40,386,689]
a: [3,807,1,2,1,802]
s: 807
i: [1,399,0,4,2,0,0,255] cc3_ordinal1
s: 399
i: [1,400,0,4,2,0,0,1] cc1_funct_1
s: 400
d: [2,811,1,2,1,1,40,392,604]
a: [3,818,1,2,1,811]
s: 818
i: [1,439,0,4,1,0,0,1] existence_m1_subset_1
s: 439
d: [2,812,1,2,1,1,40,392,649]
a: [3,823,1,2,1,812]
s: 823
i: [1,441,0,4,1,0,0,255] rc3_ordinal1
s: 441
i: [1,446,0,4,1,0,0,255] rc3_subset_1
s: 446
d: [2,825,1,2,1,1,40,393,604]
a: [3,832,1,2,1,825]
s: 832
i: [1,469,0,4,1,0,0,255] rc6_funct_1
s: 469
d: [2,826,1,2,1,1,40,393,649]
a: [3,837,1,2,1,826]
s: 837
i: [1,472,0,4,1,0,0,255] rc1_relset_1
s: 472
i: [1,473,0,4,1,0,0,255] rc1_relset_1
s: 473
d: [2,839,1,2,1,1,40,395,579]
a: [3,845,1,2,1,839]
s: 845
i: [1,351,0,4,1,0,0,255] dt_k5_numbers
a: [3,599,0,4,1,351]
s: 599
d: [2,841,1,2,1,1,40,395,654]
a: [3,850,1,2,1,841]
s: 850
i: [1,354,0,4,1,0,0,255] spc1_numerals
a: [3,624,0,4,1,354]
s: 624
d: [2,947,0,4,1,2,22,599,589]
a: [3,951,0,4,1,947]
s: 951
d: [2,852,1,2,1,1,40,396,579]
a: [3,858,1,2,1,852]
s: 858
d: [2,953,0,4,1,2,22,624,589]
a: [3,957,0,4,1,953]
s: 957
d: [2,854,1,2,1,1,40,396,654]
a: [3,863,1,2,1,854]
s: 863
i: [1,358,0,5,1,0,0,1] redefinition_k9_setfam_1
s: 358
r: 357
r: 539
r: 951
r: 534
d: [2,962,0,4,1,1,23,534,358]
a: [3,976,0,4,1,962]
s: 976
d: [2,960,0,8,1,1,23,539,358]
a: [3,966,0,8,1,960]
s: 966
d: [2,959,0,3,1,0,23,357,358]
s: 959
d: [2,865,1,2,1,1,40,397,579]
a: [3,871,1,2,1,865]
s: 871
d: [2,961,0,4,1,1,23,951,358]
a: [3,971,0,4,1,961]
s: 971
i: [1,361,0,5,2,0,0,255] rc6_subset_1
s: 361
d: [2,867,1,2,1,1,40,397,654]
a: [3,876,1,2,1,867]
s: 876
i: [1,362,0,5,2,0,0,255] fc9_card_1
s: 362
d: [2,890,1,2,1,1,40,398,579]
a: [3,896,1,2,1,890]
s: 896
i: [1,364,0,5,2,0,0,255] rc4_card_1
s: 364
i: [1,370,0,5,2,0,0,1] rc1_subset_1
s: 370
d: [2,892,1,2,1,1,40,398,654]
a: [3,901,1,2,1,892]
s: 901
i: [1,372,0,5,2,0,0,255] rc5_subset_1
s: 372
d: [2,915,1,2,1,1,40,399,579]
a: [3,921,1,2,1,915]
s: 921
i: [1,373,0,5,2,0,0,255] rc5_subset_1
s: 373
i: [1,388,0,5,2,0,0,255] rc6_card_1
s: 388
d: [2,917,1,2,1,1,40,399,654]
a: [3,926,1,2,1,917]
s: 926
i: [1,389,0,5,2,0,0,255] rc6_card_1
s: 389
d: [2,928,1,2,1,1,40,400,579]
a: [3,934,1,2,1,928]
s: 934
i: [1,391,0,5,2,0,0,255] fc3_ordinal1
s: 391
i: [1,401,0,5,2,0,0,255] t6_boole
s: 401
d: [2,930,1,2,1,1,40,400,654]
a: [3,939,1,2,1,930]
s: 939
i: [1,402,0,5,2,0,0,255] cc8_card_1
s: 402
d: [2,795,2,2,1,1,40,768,385]
a: [3,799,2,2,1,795]
s: 799
i: [1,405,0,5,2,0,0,255] cc7_card_1
s: 405
i: [1,406,0,5,2,0,0,255] cc9_card_1
s: 406
d: [2,878,2,2,1,1,40,793,393]
a: [3,883,2,2,1,878]
s: 883
i: [1,407,0,5,2,0,0,255] cc9_card_1
s: 407
d: [2,879,2,2,1,1,40,793,392]
a: [3,888,2,2,1,879]
s: 888
i: [1,408,0,5,2,0,0,255] cc8_ordinal1
s: 408
i: [1,409,0,5,2,0,0,255] cc4_card_1
s: 409
d: [2,1052,1,2,1,1,40,408,761]
a: [3,1057,1,2,1,1052]
s: 1057
i: [1,434,0,5,2,0,0,255] t7_boole
s: 434
d: [2,1065,1,2,1,1,40,409,761]
a: [3,1071,1,2,1,1065]
s: 1071
i: [1,443,0,5,1,0,0,1] rc2_subset_1
s: 443
i: [1,445,0,5,1,0,0,255] rc3_subset_1
s: 445
d: [2,903,2,2,1,1,40,807,393]
a: [3,908,2,2,1,903]
s: 908
i: [1,474,0,5,1,0,0,255] rc1_relset_1
s: 474
d: [2,904,2,2,1,1,40,807,392]
a: [3,913,2,2,1,904]
s: 913
d: [2,982,0,5,2,0,22,362,358]
s: 982
d: [2,1092,0,5,1,0,22,443,358]
s: 1092
d: [2,984,2,2,1,1,40,896,384]
a: [3,990,2,2,1,984]
s: 990
d: [2,1093,0,5,1,0,22,445,358]
s: 1093
d: [2,993,2,2,1,1,40,901,384]
a: [3,999,2,2,1,993]
s: 999
i: [1,359,0,6,1,0,0,1] dt_k9_setfam_1
s: 359
i: [1,375,0,6,2,0,0,255] rc7_card_1
s: 375
d: [2,1001,2,2,1,1,40,921,393]
a: [3,1006,2,2,1,1001]
s: 1006
i: [1,377,0,6,2,0,0,255] rc4_subset_1
s: 377
d: [2,1002,2,2,1,1,40,921,392]
a: [3,1011,2,2,1,1002]
s: 1011
i: [1,387,0,6,2,0,0,255] rc5_card_1
s: 387
i: [1,390,0,6,2,0,0,255] rc6_card_1
s: 390
d: [2,1013,2,2,1,1,40,926,393]
a: [3,1018,2,2,1,1013]
s: 1018
i: [1,411,0,6,3,0,0,255] cc2_ordinal1
s: 411
d: [2,1014,2,2,1,1,40,926,392]
a: [3,1023,2,2,1,1014]
s: 1023
i: [1,415,0,6,3,0,0,255] cc6_card_1
s: 415
i: [1,425,0,6,2,0,0,255] t1_subset
s: 425
d: [2,1152,1,4,2,1,40,415,704]
d: [2,1153,1,2,1,2,21,1152,709]
a: [3,1157,1,2,1,1153]
s: 1157
i: [1,449,0,6,2,0,0,255] rc1_knaster
s: 449
d: [2,1078,2,2,1,1,40,1057,386]
a: [3,1084,2,2,1,1078]
s: 1084
i: [1,451,0,6,2,0,0,255] rc1_knaster
s: 451
i: [1,453,0,6,2,0,0,255] rc1_knaster
s: 453
d: [2,1080,2,2,1,1,40,1057,383]
a: [3,1090,2,2,1,1080]
s: 1090
i: [1,456,0,6,2,0,0,255] antisymmetry_r2_hidden
s: 456
d: [2,1037,3,2,1,1,40,799,393]
a: [3,1042,3,2,1,1037]
s: 1042
d: [2,1095,0,6,1,0,22,359,358]
d: [2,1096,0,6,1,0,22,1095,358]
s: 1096
i: [1,360,0,7,2,0,0,255] rc6_subset_1
s: 360
d: [2,1038,3,2,1,1,40,799,392]
a: [3,1047,3,2,1,1038]
s: 1047
i: [1,363,0,7,2,0,0,255] rc4_card_1
s: 363
d: [2,1162,3,2,1,1,40,1084,393]
a: [3,1167,3,2,1,1162]
s: 1167
i: [1,369,0,7,2,0,0,1] rc1_subset_1
s: 369
i: [1,371,0,7,2,0,0,255] rc5_subset_1
s: 371
d: [2,1163,3,2,1,1,40,1084,392]
a: [3,1172,3,2,1,1163]
s: 1172
i: [1,374,0,7,2,0,0,255] rc7_card_1
s: 374
d: [2,840,1,3,1,0,40,395,444]
s: 840
i: [1,376,0,7,2,0,0,255] rc4_subset_1
s: 376
i: [1,379,0,7,3,0,0,255] cc8_funct_1
s: 379
d: [2,1187,1,5,2,1,40,379,976]
a: [3,1214,1,3,1,1187]
s: 1214
i: [1,380,0,7,3,0,0,255] cc8_funct_1
s: 380
d: [2,1186,1,9,2,1,40,379,966]
a: [3,1205,1,7,1,1186]
s: 1205
i: [1,394,0,7,3,0,0,255] cc5_ordinal1
s: 394
i: [1,410,0,7,3,0,0,255] cc10_card_1
s: 410
d: [2,1264,1,5,2,1,40,394,976]
a: [3,1282,1,3,1,1264]
s: 1282
i: [1,431,0,7,2,0,0,1] t3_subset
s: 431
d: [2,1263,1,9,2,1,40,394,966]
a: [3,1273,1,7,1,1263]
s: 1273
i: [1,432,0,7,2,0,0,1] t3_subset
s: 432
i: [1,433,0,7,3,0,0,2] t8_boole
s: 433
d: [2,1190,1,4,2,1,40,379,594]
a: [3,1223,1,2,1,1190]
s: 1223
i: [1,435,0,7,2,0,0,255] t2_tarski
s: 435
d: [2,1192,1,4,2,1,40,379,614]
a: [3,1237,1,2,1,1192]
s: 1237
i: [1,450,0,7,2,0,0,255] rc1_knaster
s: 450
d: [2,1176,0,7,2,0,22,360,358]
s: 1176
d: [2,853,1,3,1,0,40,396,444]
s: 853
d: [2,1177,0,7,2,0,22,363,358]
s: 1177
d: [2,866,1,3,1,0,40,397,444]
s: 866
d: [2,1179,0,7,2,0,22,369,358]
s: 1179
d: [2,1180,0,7,2,0,22,371,358]
s: 1180
d: [2,891,1,3,1,0,40,398,444]
s: 891
d: [2,1181,0,7,2,0,22,374,358]
s: 1181
d: [2,916,1,3,1,0,40,399,444]
s: 916
d: [2,1182,0,7,2,0,22,376,358]
s: 1182
d: [2,1290,0,7,2,0,22,431,358]
s: 1290
d: [2,1322,1,3,1,1,40,1290,976]
a: [3,1345,1,3,1,1322]
s: 1345
d: [2,1291,0,7,2,0,22,432,358]
s: 1291
d: [2,1321,1,7,1,1,40,1290,966]
a: [3,1340,1,7,1,1321]
s: 1340
i: [1,378,0,8,3,0,0,255] cc10_ordinal1
s: 378
i: [1,381,0,8,3,0,0,255] cc9_funct_1
s: 381
d: [2,929,1,3,1,0,40,400,444]
s: 929
i: [1,382,0,8,3,0,0,255] cc5_subset_1
s: 382
d: [2,1053,1,3,1,0,40,408,439]
a: [3,1062,1,3,1,1053]
s: 1062
i: [1,403,0,8,3,0,0,1] cc1_subset_1
s: 403
i: [1,414,0,8,4,0,0,255] cc6_funct_1
s: 414
d: [2,1374,1,6,3,1,40,414,729]
d: [2,1381,1,4,2,2,21,1374,724]
a: [3,1385,1,2,1,1381]
s: 1385
i: [1,416,0,8,4,0,0,255] cc5_funct_1
s: 416
d: [2,1375,1,6,3,1,40,414,744]
d: [2,1391,1,4,2,2,21,1375,739]
d: [2,1392,1,2,1,3,21,1391,734]
a: [3,1396,1,2,1,1392]
s: 1396
i: [1,424,0,8,4,0,0,255] cc4_funct_1
s: 424
d: [2,1408,0,6,3,0,21,424,400]
s: 1408
d: [2,1376,1,6,3,1,40,414,754]
d: [2,1398,1,4,2,2,21,1376,749]
a: [3,1402,1,2,1,1398]
s: 1402
i: [1,426,0,8,3,0,0,255] t2_subset
s: 426
d: [2,1439,1,7,2,1,40,426,976]
d: [2,1465,1,4,1,1,21,1439,959]
a: [3,1469,1,4,1,1465]
s: 1469
i: [1,452,0,8,2,0,0,255] rc1_knaster
s: 452
i: [1,457,0,8,3,0,0,255] fc11_card_1
s: 457
d: [2,1500,2,4,1,1,40,1469,456]
a: [3,1506,2,4,1,1500]
s: 1506
i: [1,458,0,8,3,0,0,255] fc10_card_1
s: 458
d: [2,1438,1,15,2,1,40,426,966]
d: [2,1459,1,8,1,1,21,1438,959]
a: [3,1463,1,8,1,1459]
s: 1463
i: [1,459,0,8,3,0,0,1] fc10_subset_1
s: 459
i: [1,466,0,8,2,0,0,255] cc1_relset_1
s: 466
d: [2,1414,1,4,2,1,40,1408,729]
a: [3,1421,1,2,1,1414]
s: 1421
i: [1,471,0,8,1,0,0,255] rc1_relset_1
s: 471
d: [2,1415,1,4,2,1,40,1408,744]
d: [2,1423,1,2,1,2,21,1415,734]
a: [3,1427,1,2,1,1423]
s: 1427
d: [2,1351,0,8,3,0,22,378,358]
s: 1351
d: [2,1352,0,8,3,0,22,381,358]
s: 1352
d: [2,1522,1,4,2,1,40,1351,976]
a: [3,1553,1,2,1,1522]
s: 1553
d: [2,1353,0,8,3,0,22,382,358]
s: 1353
d: [2,1563,1,4,2,1,40,1352,976]
a: [3,1585,1,2,1,1563]
s: 1585
d: [2,1368,0,8,3,0,22,403,358]
s: 1368
d: [2,1516,0,8,2,0,22,466,358]
s: 1516
a: [3,1209,1,2,1,1186]
s: 1209
d: [2,1517,0,8,1,0,22,471,358]
s: 1517
d: [2,1594,1,8,2,1,40,1353,966]
a: [3,1620,1,2,1,1594]
s: 1620
i: [1,404,0,9,3,0,0,255] cc4_subset_1
s: 404
i: [1,438,0,9,3,0,0,255] t5_subset
s: 438
d: [2,1595,1,4,2,1,40,1353,976]
a: [3,1626,1,2,1,1595]
s: 1626
i: [1,467,0,9,2,0,0,255] cc2_relset_1
s: 467
d: [2,1635,1,8,2,1,40,1368,966]
a: [3,1654,1,2,1,1635]
s: 1654
d: [2,1698,0,9,3,0,22,404,358]
s: 1698
d: [2,1699,0,9,3,0,22,438,358]
s: 1699
d: [2,1636,1,4,2,1,40,1368,976]
a: [3,1660,1,2,1,1636]
s: 1660
d: [2,1700,0,9,2,0,22,467,358]
s: 1700
d: [2,1759,1,4,1,1,40,1700,966]
a: [3,1773,1,4,1,1759]
s: 1773
i: [1,419,0,10,4,0,0,255] cc3_funct_1
s: 419
i: [1,436,0,10,3,0,0,255] t2_tarski
s: 436
d: [2,1521,1,8,2,1,40,1351,966]
a: [3,1544,1,6,1,1521]
s: 1544
i: [1,437,0,10,3,0,0,255] t4_subset
s: 437
d: [2,1562,1,8,2,1,40,1352,966]
a: [3,1576,1,6,1,1562]
s: 1576
i: [1,448,0,10,2,0,0,255] rc1_knaster
s: 448
i: [1,454,0,10,3,0,0,1] cc4_relset_1
s: 454
a: [3,1617,1,6,1,1594]
s: 1617
i: [1,455,0,10,3,0,0,1] cc3_relset_1
s: 455
a: [3,1651,1,6,1,1635]
s: 1651
d: [2,1775,0,10,4,0,22,419,358]
s: 1775
d: [2,1777,0,10,3,0,22,437,358]
s: 1777
d: [2,1785,1,6,3,1,40,1775,976]
a: [3,1812,1,2,1,1785]
s: 1812
d: [2,1778,0,10,2,0,22,448,358]
s: 1778
d: [2,1822,1,6,2,1,40,1777,976]
s: 1822
d: [2,1779,0,10,3,0,22,454,358]
s: 1779
d: [2,1780,0,10,3,0,22,455,358]
s: 1780
d: [2,1735,1,5,2,1,40,1699,976]
a: [3,1756,1,3,1,1735]
s: 1756
r: 1506
r: 1822
i: [1,367,0,11,4,0,0,255] cc3_subset_1
s: 367
d: [2,1416,1,4,2,1,40,1408,754]
a: [3,1432,1,2,1,1416]
s: 1432
i: [1,368,0,11,4,0,0,255] cc2_subset_1
s: 368
d: [2,1886,0,11,4,0,22,367,358]
s: 1886
a: [3,1663,1,2,1,1636]
s: 1663
d: [2,1913,2,0,0,2,52,1756,439,1663,426]
e: 1913
r: 1663
d: [2,1887,0,11,4,0,22,368,358]
s: 1887
d: [2,1705,1,5,2,1,40,1698,976]
a: [3,1728,1,3,1,1705]
s: 1728
i: [1,477,0,13,5,0,0,255] fc17_funct_1
s: 477
i: [1,478,0,13,5,0,0,255] fc17_funct_1
s: 478
d: [2,1450,1,5,2,1,40,426,614]
a: [3,1497,1,2,1,1450]
s: 1497
i: [1,463,0,14,4,0,0,255] existence_m2_subset_1
s: 463
d: [2,1520,1,4,2,1,40,1351,971]
a: [3,1535,1,2,1,1520]
s: 1535
d: [2,1917,0,14,4,0,22,463,358]
d: [2,1918,0,12,3,0,21,1917,1368]
s: 1918
i: [1,460,0,15,5,0,0,255] dt_m2_subset_1
s: 460
d: [2,1593,1,4,2,1,40,1353,971]
a: [3,1608,1,2,1,1593]
s: 1608
d: [2,1919,0,15,5,0,22,460,358]
d: [2,1920,0,13,4,0,21,1919,1368]
s: 1920
d: [2,1783,1,6,3,1,40,1775,971]
a: [3,1799,1,2,1,1783]
s: 1799
i: [1,461,0,15,5,0,0,255] redefinition_m2_subset_1
s: 461
d: [2,1924,0,15,5,0,22,461,358]
d: [2,1925,0,13,4,0,21,1924,1368]
s: 1925
d: [2,1508,2,8,1,1,40,1463,456]
a: [3,1514,2,8,1,1508]
s: 1514
i: [1,462,0,15,5,0,0,255] redefinition_m2_subset_1
s: 462
d: [2,1821,1,10,2,1,40,1777,966]
s: 1821
d: [2,1929,0,15,5,0,22,462,358]
d: [2,1930,0,13,4,0,21,1929,1368]
s: 1930
i: [1,464,0,24,5,0,0,1] dt_k1_knaster
s: 464
a: [3,1664,1,2,1,1636]
s: 1664
r: 1664
r: 1756
i: [1,465,0,24,5,0,0,1] dt_k2_knaster
s: 465
s: 1663
i: [1,475,0,24,7,0,0,255] redefinition_r2_abian
s: 475
i: [1,476,0,24,7,0,0,255] redefinition_r2_abian
s: 476
s: 1506
i: [1,487,0,24,6,0,0,2] dt_k3_funct_2
s: 487
d: [2,1849,2,7,2,1,40,1822,435]
a: [3,1853,2,4,1,1849]
s: 1853
r: 1663
r: 1853
d: [2,1969,0,24,5,0,22,464,358]
d: [2,1970,0,24,5,0,22,1969,358]
s: 1970
d: [2,1991,0,24,5,0,22,465,358]
d: [2,1992,0,24,5,0,22,1991,358]
s: 1992
a: [3,1286,1,2,1,1264]
s: 1286
d: [2,1993,0,24,7,0,22,475,358]
s: 1993
a: [3,1557,1,2,1,1522]
s: 1557
d: [2,1994,0,24,7,0,22,476,358]
s: 1994
d: [2,1995,0,24,6,0,22,487,358]
s: 1995
a: [3,1589,1,2,1,1563]
s: 1589
i: [1,427,0,26,5,0,0,255] d2_knaster
s: 427
a: [3,1816,1,2,1,1785]
s: 1816
i: [1,428,0,26,5,0,0,255] d3_knaster
s: 428
i: [1,488,0,26,6,0,0,255] redefinition_k3_funct_2
s: 488
d: [2,1973,2,2,1,1,40,1664,398]
a: [3,1982,2,2,1,1973]
s: 1982
d: [2,2146,0,26,5,0,22,427,358]
s: 2146
d: [2,1974,2,2,1,1,40,1664,397]
a: [3,1987,2,2,1,1974]
s: 1987
d: [2,2147,0,26,5,0,22,428,358]
s: 2147
d: [2,2148,0,26,6,0,22,488,358]
s: 2148
d: [2,2061,2,2,1,1,40,1286,393]
a: [3,2066,2,2,1,2061]
s: 2066
i: [1,365,0,28,7,0,0,1] d4_abian
s: 365
d: [2,2062,2,2,1,1,40,1286,392]
a: [3,2071,2,2,1,2062]
s: 2071
i: [1,366,0,28,7,0,0,1] d4_abian
s: 366
d: [2,2210,0,28,7,0,22,365,358]
s: 2210
d: [2,2150,3,2,1,1,40,1982,384]
a: [3,2155,3,2,1,2150]
s: 2155
d: [2,2211,0,28,7,0,22,366,358]
s: 2211
s: 1756
r: 1506
i: [1,480,0,29,6,0,0,255] fraenkel_a_2_1_knaster
s: 480
i: [1,484,0,29,6,0,0,255] fraenkel_a_2_0_knaster
s: 484
a: [3,1852,2,4,1,1849]
s: 1852
d: [2,2224,0,29,6,0,22,480,358]
s: 2224
s: 1822
d: [2,2225,0,29,6,0,22,484,358]
s: 2225
i: [1,479,0,30,6,0,0,255] fraenkel_a_2_1_knaster
s: 479
d: [2,2016,1,16,4,1,40,1970,966]
d: [2,2028,1,14,3,2,21,2016,544]
d: [2,2029,1,8,2,3,21,2028,549]
d: [2,2030,1,6,1,4,21,2029,554]
a: [3,2034,1,6,1,2030]
s: 2034
i: [1,483,0,30,6,0,0,255] fraenkel_a_2_0_knaster
s: 483
d: [2,2275,2,11,3,1,40,2034,1886]
d: [2,2286,2,9,2,2,21,2275,1660]
a: [3,2290,2,4,1,2286]
s: 2290
d: [2,2264,0,30,6,0,22,479,358]
d: [2,2265,0,30,6,0,22,2264,358]
s: 2265
d: [2,2306,0,30,6,0,22,483,358]
d: [2,2307,0,30,6,0,22,2306,358]
s: 2307
d: [2,2266,2,5,1,1,40,2034,1290]
a: [3,2284,2,5,1,2266]
s: 2284
i: [1,429,0,36,7,0,0,1] t7_knaster
s: 429
d: [2,2039,1,16,4,1,40,1992,966]
d: [2,2051,1,14,3,2,21,2039,544]
d: [2,2052,1,8,2,3,21,2051,549]
d: [2,2053,1,6,1,4,21,2052,554]
a: [3,2057,1,6,1,2053]
s: 2057
i: [1,430,0,36,7,0,0,1] t6_knaster
s: 430
i: [1,515,0,36,7,0,0,255] fraenkel_a_2_1_knaster
s: 515
d: [2,2358,2,11,3,1,40,2057,1886]
d: [2,2369,2,9,2,2,21,2358,1660]
a: [3,2373,2,4,1,2369]
s: 2373
i: [1,516,0,36,7,0,0,255] fraenkel_a_2_0_knaster
s: 516
d: [2,2349,2,5,1,1,40,2057,1290]
a: [3,2367,2,5,1,2349]
s: 2367
d: [2,2346,0,36,7,0,22,429,358]
d: [2,2347,0,36,7,0,22,2346,358]
d: [2,2348,0,36,7,0,22,2347,358]
s: 2348
d: [2,2389,0,36,7,0,22,430,358]
d: [2,2390,0,36,7,0,22,2389,358]
d: [2,2391,0,36,7,0,22,2390,358]
s: 2391
d: [2,1932,2,11,3,1,40,1821,394]
a: [3,1939,2,6,1,1932]
s: 1939
d: [2,2392,0,36,7,0,22,515,358]
d: [2,2393,0,36,7,0,22,2392,358]
d: [2,2394,0,36,7,0,22,2393,358]
s: 2394
d: [2,2277,2,9,2,1,40,2034,426]
d: [2,2300,2,6,1,1,21,2277,959]
a: [3,2304,2,6,1,2300]
s: 2304
d: [2,2395,0,36,7,0,22,516,358]
d: [2,2396,0,36,7,0,22,2395,358]
d: [2,2397,0,36,7,0,22,2396,358]
s: 2397
i: [1,481,0,38,6,0,0,255] fraenkel_a_2_1_knaster
s: 481
d: [2,2360,2,9,2,1,40,2057,426]
d: [2,2383,2,6,1,1,21,2360,959]
a: [3,2387,2,6,1,2383]
s: 2387
i: [1,485,0,38,6,0,0,255] fraenkel_a_2_0_knaster
s: 485
d: [2,2419,3,6,1,1,40,2304,456]
a: [3,2425,3,6,1,2419]
s: 2425
d: [2,2434,0,38,6,0,22,481,358]
d: [2,2435,0,38,6,0,22,2434,358]
s: 2435
d: [2,2444,0,38,6,0,22,485,358]
d: [2,2445,0,38,6,0,22,2444,358]
s: 2445
d: [2,2436,3,6,1,1,40,2387,456]
a: [3,2442,3,6,1,2436]
s: 2442
d: [2,1948,1,9,3,1,40,1930,976]
a: [3,1965,1,7,2,1948]
s: 1965
s: 1664
d: [2,2159,1,18,4,1,40,2146,966]
d: [2,2172,1,16,3,2,21,2159,544]
d: [2,2173,1,10,2,3,21,2172,549]
d: [2,2174,1,8,1,4,21,2173,554]
a: [3,2178,1,8,1,2174]
s: 2178
d: [2,2184,1,18,4,1,40,2147,966]
d: [2,2197,1,16,3,2,21,2184,544]
d: [2,2198,1,10,2,3,21,2197,549]
d: [2,2199,1,8,1,4,21,2198,554]
a: [3,2203,1,8,1,2199]
s: 2203
d: [2,2483,2,8,2,1,44,391,2203]
a: [3,2487,2,4,1,2483]
s: 2487
d: [2,1947,1,13,3,1,40,1930,966]
d: [2,1962,1,11,2,2,21,1947,1654]
s: 1962
d: [2,2274,2,8,2,1,40,2034,1777]
s: 2274
d: [2,2227,1,21,5,1,40,2224,966]
d: [2,2240,1,19,4,2,21,2227,544]
d: [2,2241,1,13,3,3,21,2240,549]
d: [2,2242,1,11,2,4,21,2241,554]
s: 2242
d: [2,2246,1,21,5,1,40,2225,966]
d: [2,2259,1,19,4,2,21,2246,544]
d: [2,2260,1,13,3,3,21,2259,549]
d: [2,2261,1,11,2,4,21,2260,554]
s: 2261
d: [2,2497,3,11,2,1,40,2274,435]
a: [3,2500,3,5,1,2497]
s: 2500
r: 2425
r: 2274
d: [2,2518,4,0,0,2,52,439,2290,2500,426]
e: 2518
r: 2500
d: [2,2074,1,23,6,1,40,1993,966]
d: [2,2087,1,17,5,2,21,2074,549]
d: [2,2088,1,15,4,3,21,2087,554]
d: [2,2089,1,12,3,3,21,2088,959]
s: 2089
d: [2,2521,2,7,2,4,40,2089,529]
d: [2,2522,2,3,1,5,21,2521,976]
a: [3,2526,2,3,1,2522]
s: 2526
d: [2,2098,1,23,6,1,40,1994,966]
d: [2,2111,1,17,5,2,21,2098,549]
d: [2,2112,1,15,4,3,21,2111,554]
d: [2,2113,1,12,3,3,21,2112,959]
s: 2113
d: [2,2309,1,22,5,1,40,2265,966]
d: [2,2322,1,20,4,2,21,2309,544]
d: [2,2323,1,14,3,3,21,2322,549]
d: [2,2324,1,12,2,4,21,2323,554]
s: 2324
s: 2425
d: [2,2328,1,22,5,1,40,2307,966]
d: [2,2341,1,20,4,2,21,2328,544]
d: [2,2342,1,14,3,3,21,2341,549]
d: [2,2343,1,12,2,4,21,2342,554]
s: 2343
a: [3,2504,3,6,1,2497]
s: 2504
d: [2,1066,1,3,1,0,40,409,439]
a: [3,1076,1,3,1,1066]
s: 1076
d: [2,1101,1,5,2,0,40,387,405]
d: [2,1104,1,3,1,1,21,1101,871]
a: [3,1108,1,3,1,1104]
s: 1108
d: [2,1997,3,5,2,1,40,1853,394]
a: [3,2009,3,2,1,1997]
s: 2009
d: [2,1102,1,5,2,0,40,387,407]
a: [3,1113,1,3,1,1102]
s: 1113
d: [2,2568,4,8,2,1,40,2504,426]
d: [2,2572,4,6,1,2,21,2568,1660]
a: [3,2576,4,6,1,2572]
s: 2576
d: [2,1103,1,5,2,0,40,387,406]
a: [3,1118,1,3,1,1103]
s: 1118
d: [2,1120,1,5,2,0,40,390,405]
d: [2,1123,1,3,1,1,21,1120,871]
a: [3,1127,1,3,1,1123]
s: 1127
d: [2,2621,5,6,1,1,40,2576,456]
a: [3,2627,5,6,1,2621]
s: 2627
d: [2,1121,1,5,2,0,40,390,407]
a: [3,1132,1,3,1,1121]
s: 1132
s: 2274
d: [2,1122,1,5,2,0,40,390,406]
a: [3,1137,1,3,1,1122]
s: 1137
d: [2,1185,1,5,2,1,40,379,971]
a: [3,1196,1,3,1,1185]
s: 1196
d: [2,2357,2,8,2,1,40,2057,1777]
s: 2357
d: [2,1320,1,3,1,1,40,1290,971]
a: [3,1335,1,3,1,1320]
s: 1335
d: [2,2667,3,11,2,1,40,2357,435]
a: [3,2674,3,6,1,2667]
s: 2674
d: [2,1448,1,5,2,1,40,426,594]
d: [2,1479,1,3,1,2,21,1448,609]
a: [3,1483,1,3,1,1479]
s: 1483
d: [2,1449,1,5,2,1,40,426,761]
d: [2,1485,1,3,1,2,21,1449,609]
a: [3,1489,1,3,1,1485]
s: 1489
d: [2,2676,4,8,2,1,40,2674,426]
d: [2,2680,4,6,1,2,21,2676,1660]
a: [3,2684,4,6,1,2680]
s: 2684
a: [3,1494,1,3,1,1450]
s: 1494
d: [2,2703,5,6,1,1,40,2684,456]
a: [3,2709,5,6,1,2703]
s: 2709
d: [2,941,1,4,1,0,40,472,400]
s: 941
d: [2,942,1,4,1,0,40,472,399]
s: 942
d: [2,2545,2,14,3,4,44,2324,2242]
d: [2,2546,2,9,2,4,18,2545]
s: 2546
d: [2,943,1,4,1,0,40,472,398]
s: 943
d: [2,2721,3,12,2,4,40,2546,435]
a: [3,2728,3,7,1,2721]
s: 2728
r: 2728
d: [2,944,1,4,1,0,40,472,397]
s: 944
d: [2,945,1,4,1,0,40,472,396]
s: 945
a: [3,2724,3,5,1,2721]
s: 2724
r: 2242
r: 2324
r: 2546
d: [2,946,1,4,1,0,40,472,395]
s: 946
a: [3,2727,3,7,1,2721]
s: 2727
d: [2,1329,1,4,1,0,40,1290,1092]
s: 1329
d: [2,1330,1,4,1,0,40,1290,1093]
s: 1330
d: [2,2733,4,6,1,1,40,2728,1290]
a: [3,2750,4,6,1,2733]
s: 2750
d: [2,1413,1,8,2,0,40,1408,473]
d: [2,1417,1,4,1,0,21,1413,472]
s: 1417
d: [2,2564,2,14,3,4,44,2343,2261]
d: [2,2565,2,9,2,4,18,2564]
s: 2565
d: [2,1437,1,7,2,1,40,426,971]
d: [2,1453,1,4,1,1,21,1437,959]
a: [3,1457,1,4,1,1453]
s: 1457
d: [2,1025,1,5,2,0,40,391,393]
s: 1025
d: [2,2777,3,12,2,4,40,2565,435]
a: [3,2780,3,5,1,2777]
s: 2780
r: 2261
r: 2343
r: 2565
d: [2,1026,1,5,2,0,40,391,392]
s: 1026
d: [2,1931,2,16,3,1,40,1821,426]
d: [2,1935,2,10,2,2,21,1931,1651]
s: 1935
d: [2,1029,1,5,2,1,44,594,401]
s: 1029
d: [2,1097,1,5,2,0,40,375,407]
s: 1097
d: [2,2494,2,20,4,2,40,1962,1920]
d: [2,2495,2,12,3,2,21,2494,966]
d: [2,2496,2,10,2,2,21,2495,1654]
s: 2496
d: [2,1098,1,5,2,0,40,375,406]
s: 1098
d: [2,2798,3,10,2,2,40,1935,456]
s: 2798
d: [2,1183,1,5,2,0,40,379,439]
s: 1183
d: [2,1239,1,5,2,0,40,380,439]
s: 1239
d: [2,2813,4,14,2,2,40,2798,1935]
d: [2,2814,4,7,1,2,18,2813]
a: [3,2818,4,7,1,2814]
s: 2818
d: [2,1260,1,5,2,0,40,394,439]
s: 1260
d: [2,2808,3,16,3,2,40,2496,426]
d: [2,2812,3,10,2,3,21,2808,1651]
s: 2812
d: [2,1331,1,5,1,0,40,1290,439]
s: 1331
d: [2,1446,1,8,2,0,40,426,1092]
d: [2,1477,1,5,1,0,21,1446,959]
s: 1477
d: [2,2824,4,10,2,3,40,2812,456]
s: 2824
d: [2,1447,1,8,2,0,40,426,1093]
d: [2,1478,1,5,1,0,21,1447,959]
s: 1478
d: [2,2831,5,14,2,3,40,2824,2812]
d: [2,2833,5,7,1,3,18,2831]
a: [3,2837,5,7,1,2833]
s: 2837
d: [2,1530,1,5,2,0,40,1351,1093]
s: 1530
d: [2,1571,1,5,2,0,40,1352,1093]
s: 1571
d: [2,2276,2,15,3,1,40,2034,1930]
a: [3,2298,2,11,2,2276]
s: 2298
d: [2,1602,1,5,2,0,40,1353,1092]
s: 1602
d: [2,2843,3,18,4,1,40,2298,1920]
d: [2,2844,3,12,3,2,21,2843,2034]
d: [2,2845,3,8,2,3,21,2844,2290]
s: 2845
d: [2,1603,1,5,2,0,40,1353,1093]
s: 1603
d: [2,1644,1,5,2,0,40,1368,1093]
s: 1644
d: [2,2846,4,6,1,3,40,2845,439]
a: [3,2851,4,6,1,2846]
s: 2851
d: [2,1674,1,5,1,0,40,1516,1092]
s: 1674
d: [2,2859,5,8,2,1,40,2851,426]
d: [2,2863,5,6,1,2,21,2859,1660]
a: [3,2867,5,6,1,2863]
s: 2867
d: [2,1675,1,5,1,0,40,1516,1093]
s: 1675
d: [2,1900,1,9,3,0,40,1886,1093]
d: [2,1911,1,5,2,0,21,1900,446]
s: 1911
d: [2,2873,6,6,1,1,40,2867,456]
a: [3,2879,6,6,1,2873]
s: 2879
d: [2,1188,1,6,2,0,40,379,1092]
s: 1188
d: [2,2359,2,15,3,1,40,2057,1930]
a: [3,2381,2,11,2,2359]
s: 2381
d: [2,1189,1,6,2,0,40,379,1093]
s: 1189
d: [2,1244,1,6,2,0,40,380,1092]
s: 1244
d: [2,2885,3,18,4,1,40,2381,1920]
d: [2,2886,3,12,3,2,21,2885,2057]
d: [2,2887,3,8,2,3,21,2886,2373]
s: 2887
d: [2,1245,1,6,2,0,40,380,1093]
s: 1245
d: [2,2888,4,6,1,3,40,2887,439]
a: [3,2893,4,6,1,2888]
s: 2893
d: [2,1265,1,6,2,0,40,394,1092]
s: 1265
d: [2,1266,1,6,2,0,40,394,1093]
s: 1266
d: [2,2895,5,8,2,1,40,2893,426]
d: [2,2899,5,6,1,2,21,2895,1660]
a: [3,2903,5,6,1,2899]
s: 2903
d: [2,1323,1,6,2,0,40,1290,1176]
s: 1323
d: [2,2905,6,6,1,1,40,2903,456]
a: [3,2911,6,6,1,2905]
s: 2911
d: [2,1324,1,6,2,0,40,1290,1177]
s: 1324
d: [2,1325,1,6,2,0,40,1290,1179]
s: 1325
d: [2,2530,2,11,2,4,40,2324,1290]
s: 2530
d: [2,1326,1,6,2,0,40,1290,1180]
s: 1326
d: [2,2549,2,11,2,4,40,2343,1290]
s: 2549
d: [2,1327,1,6,2,0,40,1290,1181]
s: 1327
d: [2,1328,1,6,2,0,40,1290,1182]
s: 1328
d: [2,2541,2,15,3,4,40,2324,426]
d: [2,2548,2,12,2,4,21,2541,959]
s: 2548
d: [2,1370,1,9,3,0,40,414,440]
d: [2,1378,1,6,2,0,21,1370,442]
s: 1378
d: [2,2560,2,15,3,4,40,2343,426]
d: [2,2567,2,12,2,4,21,2560,959]
s: 2567
d: [2,1372,1,9,3,0,40,414,468]
d: [2,1380,1,6,2,0,21,1372,470]
s: 1380
d: [2,1410,1,6,2,0,40,1408,440]
s: 1410
d: [2,1301,2,3,1,0,40,866,385]
s: 1301
d: [2,1412,1,6,2,0,40,1408,468]
s: 1412
d: [2,1308,2,3,1,0,40,891,386]
s: 1308
d: [2,1434,1,6,2,0,40,426,439]
s: 1434
d: [2,1436,1,10,2,0,40,426,1096]
d: [2,1452,1,6,1,0,21,1436,959]
s: 1452
d: [2,2918,4,4,1,1,40,1434,2780]
a: [3,2925,4,4,1,2918]
s: 2925
r: 2780
r: 2925
s: 2261
a: [3,2924,4,4,1,2918]
s: 2924
s: 2343
d: [2,1531,1,6,2,0,40,1351,439]
s: 1531
d: [2,2919,4,4,1,1,40,1434,2724]
a: [3,2930,4,4,1,2919]
s: 2930
d: [2,2996,5,0,0,2,52,2487,2930,399]
e: 2996
d: [2,2998,5,4,1,1,40,2930,399]
d: [2,3004,5,0,0,2,21,2998,2487]
e: 3004
r: 2487
r: 2724
r: 2727
r: 2750
r: 2930
s: 2242
s: 2487
s: 2324
d: [2,1572,1,6,2,0,40,1352,439]
s: 1572
a: [3,2491,2,4,1,2483]
s: 2491
r: 2491
d: [2,1604,1,6,2,0,40,1353,439]
s: 1604
a: [3,2490,2,4,1,2483]
s: 2490
d: [2,1645,1,6,2,0,40,1368,439]
s: 1645
d: [2,1676,1,6,1,0,40,1516,439]
s: 1676
a: [3,2929,4,4,1,2919]
s: 2929
d: [2,1712,1,6,2,0,40,1698,1092]
s: 1712
d: [2,2742,4,13,3,1,40,2728,1886]
d: [2,2753,4,11,2,2,21,2742,1660]
a: [3,2757,4,5,1,2753]
s: 2757
d: [2,1742,1,6,2,0,40,1699,1092]
s: 1742
d: [2,1743,1,6,2,0,40,1699,1093]
s: 1743
a: [3,2751,4,6,1,2733]
s: 2751
d: [2,1766,1,6,1,0,40,1700,1092]
s: 1766
s: 2728
d: [2,1767,1,6,1,0,40,1700,1093]
s: 1767
d: [2,1820,1,6,2,1,40,1777,971]
s: 1820
a: [3,2784,3,7,1,2777]
s: 2784
r: 2784
r: 2924
d: [2,1859,1,11,3,0,40,1779,1179]
d: [2,1868,1,6,2,0,21,1859,370]
s: 1868
s: 2925
d: [2,1860,1,11,3,0,40,1779,1180]
d: [2,1869,1,6,2,0,21,1860,372]
s: 1869
d: [2,1874,1,11,3,0,40,1780,1179]
d: [2,1883,1,6,2,0,21,1874,370]
s: 1883
d: [2,2935,5,4,1,1,40,2925,400]
a: [3,2944,5,4,1,2935]
s: 2944
d: [2,1875,1,11,3,0,40,1780,1180]
d: [2,1884,1,6,2,0,21,1875,372]
s: 1884
d: [2,2936,5,4,1,1,40,2925,399]
a: [3,2949,5,4,1,2936]
s: 2949
d: [2,1899,1,9,3,0,40,1886,1092]
d: [2,1910,1,6,2,0,21,1899,444]
s: 1910
d: [2,1027,1,7,3,0,44,401,401]
s: 1027
d: [2,2937,5,4,1,1,40,2925,398]
a: [3,2954,5,4,1,2937]
s: 2954
d: [2,1036,1,7,3,0,44,402,401]
s: 1036
d: [2,2938,5,4,1,1,40,2925,397]
a: [3,2959,5,4,1,2938]
s: 2959
d: [2,1050,1,7,3,0,44,405,401]
s: 1050
d: [2,1184,1,7,2,0,40,379,1096]
s: 1184
d: [2,2939,5,4,1,1,40,2925,396]
a: [3,2964,5,4,1,2939]
s: 2964
d: [2,1240,1,7,2,0,40,380,1096]
s: 1240
d: [2,2940,5,4,1,1,40,2925,395]
a: [3,2969,5,4,1,2940]
s: 2969
d: [2,1261,1,7,2,0,40,394,1096]
s: 1261
d: [2,1292,1,7,2,0,40,435,456]
s: 1292
d: [2,3190,6,4,1,1,40,2949,393]
a: [3,3195,6,4,1,3190]
s: 3195
d: [2,1293,1,7,2,0,40,435,425]
s: 1293
d: [2,3191,6,4,1,1,40,2949,392]
a: [3,3200,6,4,1,3191]
s: 3200
d: [2,1435,1,10,3,0,40,426,1291]
d: [2,1451,1,7,2,0,21,1435,959]
s: 1451
d: [2,1440,1,10,3,0,40,426,1176]
d: [2,1471,1,7,2,0,21,1440,959]
s: 1471
d: [2,3204,6,4,1,1,40,2954,384]
a: [3,3209,6,4,1,3204]
s: 3209
d: [2,1441,1,10,3,0,40,426,1177]
d: [2,1472,1,7,2,0,21,1441,959]
s: 1472
s: 2780
r: 2261
r: 2343
d: [2,1442,1,10,3,0,40,426,1179]
d: [2,1473,1,7,2,0,21,1442,959]
s: 1473
d: [2,1443,1,10,3,0,40,426,1180]
d: [2,1474,1,7,2,0,21,1443,959]
s: 1474
a: [3,2783,3,7,1,2777]
s: 2783
d: [2,1444,1,10,3,0,40,426,1181]
d: [2,1475,1,7,2,0,21,1444,959]
s: 1475
d: [2,3122,4,6,1,1,40,2784,1290]
a: [3,3139,4,6,1,3122]
s: 3139
d: [2,1445,1,10,3,0,40,426,1182]
d: [2,1476,1,7,2,0,21,1445,959]
s: 1476
d: [2,1518,1,7,3,0,40,1351,1291]
s: 1518
d: [2,2744,4,10,2,1,40,2728,426]
d: [2,2767,4,7,1,1,21,2744,959]
a: [3,2771,4,7,1,2767]
s: 2771
d: [2,1523,1,7,3,0,40,1351,1176]
s: 1523
d: [2,3317,5,7,1,1,40,2771,456]
a: [3,3323,5,7,1,3317]
s: 3323
d: [2,1524,1,7,3,0,40,1351,1177]
s: 1524
d: [2,1525,1,7,3,0,40,1351,1179]
s: 1525
s: 2546
d: [2,1526,1,7,3,0,40,1351,1180]
s: 1526
d: [2,3326,3,11,2,4,40,2546,1434]
d: [2,3327,3,7,1,5,21,3326,2929]
a: [3,3331,3,7,1,3327]
s: 3331
r: 2487
r: 2490
r: 2929
r: 3331
d: [2,1527,1,7,3,0,40,1351,1181]
s: 1527
d: [2,1528,1,7,3,0,40,1351,1182]
s: 1528
a: [3,2486,2,4,1,2483]
s: 2486
d: [2,1559,1,7,3,0,40,1352,1291]
s: 1559
s: 2491
d: [2,1564,1,7,3,0,40,1352,1176]
s: 1564
d: [2,1565,1,7,3,0,40,1352,1177]
s: 1565
d: [2,2797,2,8,2,1,44,1026,2203]
a: [3,3010,2,4,1,2797]
s: 3010
d: [2,1566,1,7,3,0,40,1352,1179]
s: 1566
d: [2,2795,2,8,2,1,44,1025,2203]
a: [3,3015,2,4,1,2795]
s: 3015
d: [2,1567,1,7,3,0,40,1352,1180]
s: 1567
d: [2,1568,1,7,3,0,40,1352,1181]
s: 1568
d: [2,3374,3,4,1,1,40,2486,393]
a: [3,3379,3,4,1,3374]
s: 3379
d: [2,1569,1,7,3,0,40,1352,1182]
s: 1569
d: [2,3375,3,4,1,1,40,2486,392]
a: [3,3384,3,4,1,3375]
s: 3384
d: [2,1591,1,7,3,0,40,1353,1291]
s: 1591
d: [2,1597,1,7,3,0,40,1353,1177]
s: 1597
s: 2930
d: [2,1598,1,7,3,0,40,1353,1179]
s: 1598
d: [2,3002,5,4,1,1,40,2930,395]
a: [3,3020,5,4,1,3002]
s: 3020
d: [2,1600,1,7,3,0,40,1353,1181]
s: 1600
d: [2,1601,1,7,3,0,40,1353,1182]
s: 1601
d: [2,3001,5,4,1,1,40,2930,396]
a: [3,3025,5,4,1,3001]
s: 3025
d: [2,1632,1,7,3,0,40,1368,1291]
s: 1632
d: [2,3000,5,4,1,1,40,2930,397]
a: [3,3030,5,4,1,3000]
s: 3030
d: [2,1637,1,7,3,0,40,1368,1176]
s: 1637
d: [2,1638,1,7,3,0,40,1368,1177]
s: 1638
d: [2,2999,5,4,1,1,40,2930,398]
a: [3,3035,5,4,1,2999]
s: 3035
d: [2,1666,1,7,2,0,40,1516,1291]
s: 1666
d: [2,2997,5,4,1,1,40,2930,400]
a: [3,3040,5,4,1,2997]
s: 3040
d: [2,1692,1,7,1,0,40,1517,1290]
s: 1692
d: [2,1715,1,7,2,0,40,1698,439]
s: 1715
d: [2,3471,6,4,1,1,40,3035,384]
a: [3,3476,6,4,1,3471]
s: 3476
d: [2,1745,1,7,2,0,40,1699,439]
s: 1745
a: [3,3330,3,7,1,3327]
s: 3330
d: [2,1769,1,7,1,0,40,1700,439]
s: 1769
d: [2,1793,1,7,3,0,40,1775,1093]
s: 1793
d: [2,3333,4,6,1,1,40,3331,1290]
a: [3,3350,4,6,1,3333]
s: 3350
d: [2,1829,1,7,2,0,40,1777,1092]
s: 1829
s: 2565
d: [2,1830,1,7,2,0,40,1777,1093]
s: 1830
d: [2,1864,1,7,2,0,40,1779,1093]
s: 1864
d: [2,2992,2,14,3,4,44,2343,2261]
d: [2,2993,2,9,2,4,18,2992]
s: 2993
d: [2,1879,1,7,2,0,40,1780,1093]
s: 1879
d: [2,3063,2,14,3,4,44,2324,2242]
d: [2,3064,2,9,2,4,18,3063]
s: 3064
d: [2,1946,1,9,3,1,40,1930,971]
d: [2,1961,1,7,2,2,21,1946,609]
s: 1961
d: [2,1295,1,8,3,0,40,1176,394]
s: 1295
d: [2,3091,4,9,2,1,40,2728,1777]
s: 3091
d: [2,1296,1,8,3,0,40,1176,380]
s: 1296
d: [2,3521,5,13,2,1,40,3091,435]
a: [3,3529,5,7,1,3521]
s: 3529
r: 3529
d: [2,1297,1,8,3,0,40,1176,379]
s: 1297
d: [2,1298,1,8,3,0,40,1177,394]
s: 1298
a: [3,3525,5,6,1,3521]
s: 3525
r: 3323
r: 3091
d: [2,3547,6,0,0,2,52,439,2757,3525,426]
e: 3547
d: [2,3548,6,0,0,2,52,2757,3525,1434]
e: 3548
d: [2,3550,6,5,1,1,40,3525,1434]
d: [2,3553,6,0,0,2,21,3550,2757]
e: 3553
r: 3525
d: [2,1299,1,8,3,0,40,1177,380]
s: 1299
s: 3323
d: [2,1300,1,8,3,0,40,1177,379]
s: 1300
d: [2,1302,1,8,3,0,40,1179,394]
s: 1302
s: 3529
d: [2,1303,1,8,3,0,40,1179,380]
s: 1303
d: [2,3522,5,12,2,1,40,3091,1434]
d: [2,3531,5,7,1,2,21,3522,2757]
a: [3,3535,5,7,1,3531]
s: 3535
d: [2,1304,1,8,3,0,40,1179,379]
s: 1304
d: [2,1305,1,8,3,0,40,1180,394]
s: 1305
d: [2,3537,6,9,2,1,40,3529,426]
d: [2,3541,6,7,1,2,21,3537,1660]
a: [3,3545,6,7,1,3541]
s: 3545
d: [2,1306,1,8,3,0,40,1180,380]
s: 1306
d: [2,3561,6,9,2,1,40,3535,426]
d: [2,3565,6,7,1,2,21,3561,1660]
a: [3,3569,6,7,1,3565]
s: 3569
d: [2,1307,1,8,3,0,40,1180,379]
s: 1307
d: [2,1311,1,8,3,0,40,1181,394]
s: 1311
d: [2,3571,7,7,1,1,40,3545,456]
a: [3,3577,7,7,1,3571]
s: 3577
d: [2,1312,1,8,3,0,40,1181,380]
s: 1312
d: [2,3579,7,7,1,1,40,3569,456]
a: [3,3585,7,7,1,3579]
s: 3585
d: [2,1313,1,8,3,0,40,1181,379]
s: 1313
d: [2,1316,1,8,3,0,40,1182,394]
s: 1316
s: 3091
d: [2,1317,1,8,3,0,40,1182,380]
s: 1317
s: 2530
d: [2,1318,1,8,3,0,40,1182,379]
s: 1318
d: [2,1348,1,8,3,0,40,1291,394]
s: 1348
d: [2,3593,3,13,3,4,44,2530,2242]
d: [2,3594,3,8,2,4,18,3593]
s: 3594
d: [2,1349,1,8,3,0,40,1291,380]
s: 1349
s: 2549
d: [2,1350,1,8,3,0,40,1291,379]
s: 1350
d: [2,1369,1,11,4,0,40,414,388]
d: [2,1377,1,8,3,0,21,1369,389]
s: 1377
d: [2,2977,2,11,2,4,40,2343,1290]
s: 2977
d: [2,1409,1,8,3,0,40,1408,388]
s: 1409
d: [2,3048,2,11,2,4,40,2324,1290]
s: 3048
d: [2,1689,1,8,2,0,40,1517,1353]
s: 1689
d: [2,1690,1,8,2,0,40,1517,1352]
s: 1690
d: [2,3275,4,11,2,2,40,1451,2798]
s: 3275
d: [2,1691,1,8,2,0,40,1517,1351]
s: 1691
d: [2,3274,5,11,2,3,40,1451,2824]
s: 3274
d: [2,1693,1,13,2,0,40,1517,426]
d: [2,1697,1,8,1,0,21,1693,959]
s: 1697
d: [2,1701,1,8,3,0,40,1698,1291]
s: 1701
d: [2,3612,6,8,1,3,40,3274,447]
a: [3,3616,6,8,1,3612]
s: 3616
d: [2,1706,1,8,3,0,40,1698,1176]
s: 1706
s: 2548
d: [2,1707,1,8,3,0,40,1698,1177]
s: 1707
d: [2,1731,1,8,3,0,40,1699,1291]
s: 1731
d: [2,3648,5,5,2,1,40,1731,2576]
s: 3648
d: [2,1736,1,8,3,0,40,1699,1176]
s: 1736
d: [2,3649,5,5,2,1,40,1731,2684]
s: 3649
d: [2,1737,1,8,3,0,40,1699,1177]
s: 1737
d: [2,1758,1,8,2,0,40,1700,1291]
s: 1758
d: [2,3652,6,5,2,1,40,1731,2867]
s: 3652
d: [2,1795,1,8,3,0,40,1775,439]
s: 1795
d: [2,3653,6,5,2,1,40,1731,2903]
s: 3653
d: [2,1832,1,8,2,0,40,1777,439]
s: 1832
d: [2,1867,1,8,2,0,40,1779,439]
s: 1867
d: [2,3650,7,5,2,1,40,1731,3545]
s: 3650
d: [2,1880,1,8,3,0,40,1780,1778]
s: 1880
d: [2,3654,7,5,2,1,40,1731,3569]
s: 3654
d: [2,1882,1,8,2,0,40,1780,439]
s: 1882
d: [2,1668,1,9,2,0,40,1516,1176]
s: 1668
d: [2,3640,2,6,2,1,40,1731,1469]
s: 3640
d: [2,1669,1,9,2,0,40,1516,1177]
s: 1669
d: [2,3633,3,6,2,1,40,1731,2304]
s: 3633
d: [2,1670,1,9,2,0,40,1516,1179]
s: 1670
d: [2,1671,1,9,2,0,40,1516,1180]
s: 1671
d: [2,3634,3,6,2,1,40,1731,2387]
s: 3634
d: [2,1672,1,9,2,0,40,1516,1181]
s: 1672
d: [2,3659,3,11,3,4,40,1731,2548]
a: [3,3670,3,6,2,3659]
s: 3670
d: [2,1673,1,9,2,0,40,1516,1182]
s: 1673
d: [2,1694,1,9,2,0,40,1517,394]
s: 1694
d: [2,3651,5,6,2,1,40,1731,2771]
s: 3651
d: [2,1695,1,9,2,0,40,1517,380]
s: 1695
d: [2,3627,3,14,3,4,44,2548,2242]
d: [2,3628,3,9,2,4,18,3627]
s: 3628
d: [2,1744,1,9,2,0,40,1699,1517]
s: 1744
d: [2,1781,1,9,4,0,40,1775,1291]
s: 1781
d: [2,3629,4,12,3,3,40,1731,2812]
a: [3,3665,4,9,2,3629]
s: 3665
d: [2,1786,1,9,4,0,40,1775,1176]
s: 1786
d: [2,3639,2,10,2,1,40,1731,1463]
s: 3639
d: [2,1787,1,9,4,0,40,1775,1177]
s: 1787
d: [2,1788,1,9,4,0,40,1775,1179]
s: 1788
s: 2567
d: [2,1789,1,9,4,0,40,1775,1180]
s: 1789
d: [2,2988,2,15,3,4,40,2343,426]
d: [2,2995,2,12,2,4,21,2988,959]
s: 2995
d: [2,1790,1,9,4,0,40,1775,1181]
s: 1790
d: [2,1791,1,9,4,0,40,1775,1182]
s: 1791
d: [2,3059,2,15,3,4,40,2324,426]
d: [2,3066,2,12,2,4,21,3059,959]
s: 3066
d: [2,1818,1,9,3,0,40,1777,1291]
s: 1818
d: [2,3764,2,7,2,1,40,1818,1469]
s: 3764
d: [2,1823,1,9,3,0,40,1777,1176]
s: 1823
d: [2,1824,1,9,3,0,40,1777,1177]
s: 1824
d: [2,3757,3,9,2,1,40,1818,2304]
s: 3757
r: 2845
r: 2290
d: [2,1825,1,9,3,0,40,1777,1179]
s: 1825
a: [3,2289,2,4,1,2286]
s: 2289
d: [2,1826,1,9,3,0,40,1777,1180]
s: 1826
d: [2,1827,1,9,3,0,40,1777,1181]
s: 1827
d: [2,3983,3,4,1,1,40,2289,397]
a: [3,3992,3,4,1,3983]
s: 3992
d: [2,1828,1,9,3,0,40,1777,1182]
s: 1828
d: [2,3790,4,10,3,1,40,3757,394]
a: [3,3826,4,4,1,3790]
s: 3826
d: [2,1835,1,9,2,0,40,1778,1290]
s: 1835
d: [2,1855,1,9,3,0,40,1779,1291]
s: 1855
d: [2,3791,4,10,3,1,40,3757,380]
a: [3,3834,4,4,1,3791]
s: 3834
d: [2,1870,1,9,3,0,40,1780,1291]
s: 1870
d: [2,3792,4,10,3,1,40,3757,379]
a: [3,3842,4,4,1,3792]
s: 3842
d: [2,1897,1,11,4,0,40,1886,1181]
d: [2,1905,1,9,3,0,18,1897]
s: 1905
d: [2,1371,1,14,4,0,40,414,449]
d: [2,1379,1,10,3,0,21,1371,451]
s: 1379
d: [2,3794,4,11,3,1,40,3757,1351]
a: [3,3847,4,4,1,3794]
s: 3847
d: [2,1411,1,10,3,0,40,1408,449]
s: 1411
d: [2,3795,4,11,3,1,40,3757,1352]
a: [3,3855,4,4,1,3795]
s: 3855
d: [2,1760,1,10,2,0,40,1700,1176]
s: 1760
d: [2,1761,1,10,2,0,40,1700,1177]
s: 1761
d: [2,3796,4,11,3,1,40,3757,1353]
a: [3,3863,4,4,1,3796]
s: 3863
d: [2,1762,1,10,2,0,40,1700,1179]
s: 1762
d: [2,3810,4,33,5,1,40,3757,1970]
a: [3,3895,4,4,1,3810]
s: 3895
d: [2,1763,1,10,2,0,40,1700,1180]
s: 1763
d: [2,1764,1,10,2,0,40,1700,1181]
s: 1764
d: [2,3820,4,8,2,1,40,3757,409]
a: [3,3949,4,4,1,3820]
s: 3949
d: [2,1765,1,10,2,0,40,1700,1182]
s: 1765
d: [2,3821,4,8,2,1,40,3757,408]
a: [3,3954,4,4,1,3821]
s: 3954
d: [2,1831,1,10,2,0,40,1777,1517]
s: 1831
d: [2,1836,1,10,3,0,40,1778,1351]
s: 1836
a: [3,3945,4,4,1,3820]
s: 3945
d: [2,1837,1,10,3,0,40,1778,1352]
s: 1837
d: [2,4006,5,4,1,1,40,3826,393]
a: [3,4011,5,4,1,4006]
s: 4011
d: [2,1838,1,10,3,0,40,1778,1353]
s: 1838
d: [2,1839,1,10,3,0,40,1778,1368]
s: 1839
d: [2,4007,5,4,1,1,40,3826,392]
a: [3,4016,5,4,1,4007]
s: 4016
d: [2,1844,1,15,3,0,40,1778,426]
d: [2,1848,1,10,2,0,21,1844,959]
s: 1848
d: [2,4051,5,8,2,1,40,3842,1408]
d: [2,4053,5,4,1,2,21,4051,2289]
a: [3,4057,5,4,1,4053]
s: 4057
d: [2,1888,1,10,4,0,40,1886,1291]
s: 1888
d: [2,1945,1,13,3,0,40,1930,1096]
d: [2,1960,1,10,2,0,21,1945,959]
s: 1960
a: [3,2294,2,5,1,2286]
s: 2294
d: [2,1714,1,11,2,0,40,1698,1517]
s: 1714
s: 2500
r: 2425
r: 2274
d: [2,1841,1,11,3,0,40,1778,1699]
s: 1841
d: [2,1845,1,11,3,0,40,1778,394]
s: 1845
a: [3,3837,4,6,2,3791]
s: 3837
d: [2,1857,1,11,3,0,40,1779,1176]
s: 1857
d: [2,3819,4,11,2,4,40,3757,2887]
a: [3,3940,4,6,1,3819]
s: 3940
d: [2,1858,1,11,3,0,40,1779,1177]
s: 1858
d: [2,1861,1,11,3,0,40,1779,1181]
s: 1861
d: [2,3758,3,9,2,1,40,1818,2387]
s: 3758
r: 2887
r: 2373
d: [2,1862,1,11,3,0,40,1779,1182]
s: 1862
a: [3,2372,2,4,1,2369]
s: 2372
d: [2,1872,1,11,3,0,40,1780,1176]
s: 1872
d: [2,1873,1,11,3,0,40,1780,1177]
s: 1873
d: [2,4258,3,4,1,1,40,2372,398]
a: [3,4266,3,4,1,4258]
s: 4266
d: [2,1876,1,11,3,0,40,1780,1181]
s: 1876
d: [2,4259,3,4,1,1,40,2372,397]
a: [3,4271,3,4,1,4259]
s: 4271
d: [2,1877,1,11,3,0,40,1780,1182]
s: 1877
d: [2,1893,1,11,4,0,40,1886,1176]
s: 1893
d: [2,4134,4,11,3,1,40,3758,1351]
a: [3,4165,4,4,1,4134]
s: 4165
d: [2,1894,1,11,4,0,40,1886,1177]
s: 1894
d: [2,4135,4,11,3,1,40,3758,1352]
a: [3,4170,4,4,1,4135]
s: 4170
d: [2,1903,1,11,3,0,40,1886,439]
s: 1903
d: [2,1902,1,15,3,0,40,1886,1517]
d: [2,1912,1,11,2,0,21,1902,472]
s: 1912
d: [2,4140,4,13,4,1,40,3758,1775]
a: [3,4183,4,4,1,4140]
s: 4183
d: [2,1922,1,17,5,0,40,1920,1918]
d: [2,1923,1,11,3,0,18,1922]
s: 1923
d: [2,4150,4,33,5,1,40,3758,1970]
a: [3,4206,4,4,1,4150]
s: 4206
d: [2,1927,1,17,5,0,40,1925,1918]
d: [2,1928,1,11,3,0,18,1927]
s: 1928
d: [2,1951,1,14,4,0,40,1930,1179]
d: [2,1967,1,11,3,0,21,1951,370]
s: 1967
d: [2,4288,4,4,1,1,40,4266,384]
a: [3,4293,4,4,1,4288]
s: 4293
d: [2,1952,1,14,4,0,40,1930,1180]
d: [2,1968,1,11,3,0,21,1952,372]
s: 1968
a: [3,2377,2,5,1,2369]
s: 2377
d: [2,1373,1,12,3,0,40,414,473]
s: 1373
d: [2,1776,1,12,3,0,40,436,435]
s: 1776
a: [3,2670,3,5,1,2667]
s: 2670
r: 2442
r: 2357
d: [2,1794,1,12,3,0,40,1775,1517]
s: 1794
a: [3,3850,4,7,2,3794]
s: 3850
d: [2,1843,1,12,3,0,40,1778,1777]
s: 1843
d: [2,1944,1,12,4,0,40,1930,1291]
s: 1944
a: [3,3858,4,7,2,3795]
s: 3858
d: [2,1956,1,12,3,0,40,1930,1093]
s: 1956
a: [3,3866,4,7,2,3796]
s: 3866
d: [2,1840,1,13,3,0,40,1778,1698]
s: 1840
d: [2,1949,1,14,4,0,40,1930,1176]
s: 1949
d: [2,3807,4,11,2,1,40,3757,1516]
a: [3,3882,4,7,1,3807]
s: 3882
d: [2,1950,1,14,4,0,40,1930,1177]
s: 1950
d: [2,4407,3,24,3,2,40,1776,1935]
a: [3,4423,3,9,1,4407]
s: 4423
d: [2,1953,1,14,4,0,40,1930,1181]
s: 1953
d: [2,4452,1,11,3,0,21,1953,1098]
s: 4452
d: [2,3789,4,11,3,1,40,3757,426]
d: [2,3822,4,9,2,2,21,3789,3670]
s: 3822
d: [2,1954,1,14,4,0,40,1930,1182]
s: 1954
d: [2,4468,5,4,1,3,40,3822,1756]
a: [3,4499,5,4,1,4468]
s: 4499
d: [2,1959,1,15,3,0,40,1930,439]
s: 1959
d: [2,2083,1,28,7,0,40,1993,1778]
d: [2,2086,1,26,6,0,18,2083]
d: [2,2095,1,20,5,0,21,2086,452]
d: [2,2096,1,16,4,0,21,2095,451]
s: 2096
d: [2,3818,4,11,2,4,40,3757,2845]
a: [3,3935,4,6,1,3818]
s: 3935
d: [2,2107,1,28,7,0,40,1994,1778]
d: [2,2110,1,26,6,0,18,2107]
d: [2,2119,1,20,5,0,21,2110,452]
d: [2,2120,1,16,4,0,21,2119,451]
s: 2120
d: [2,4464,5,6,1,3,40,3822,2780]
a: [3,4494,5,6,1,4464]
s: 4494
d: [2,1901,1,17,4,0,40,1886,1778]
s: 1901
d: [2,4518,1,15,3,0,21,1901,1868]
s: 4518
d: [2,4483,5,7,2,2,40,3822,1742]
s: 4483
d: [2,1915,1,17,6,0,40,477,1408]
s: 1915
d: [2,4485,5,7,2,2,40,3822,1743]
s: 4485
d: [2,1957,1,19,4,0,40,1930,1778]
s: 1957
d: [2,1916,1,21,7,0,40,477,414]
s: 1916
d: [2,4479,5,12,2,3,40,3822,3091]
a: [3,4504,5,7,1,4479]
s: 4504
d: [2,4526,1,17,6,0,21,1916,478]
s: 4526
d: [2,4481,5,8,2,2,40,3822,1745]
s: 4481
d: [2,2207,1,39,11,0,44,1995,2148]
d: [2,2208,1,22,6,0,18,2207]
s: 2208
d: [2,2015,1,23,5,0,40,1970,1291]
s: 2015
d: [2,3800,4,13,4,1,40,3757,1775]
a: [3,3875,4,9,3,3800]
s: 3875
d: [2,2038,1,23,5,0,40,1992,1291]
s: 2038
d: [2,4129,4,11,3,1,40,3758,426]
d: [2,4161,4,9,2,2,21,4129,3670]
s: 4161
d: [2,2073,1,23,7,0,40,1993,1291]
s: 2073
d: [2,2097,1,23,7,0,40,1994,1291]
s: 2097
d: [2,4406,4,24,3,3,40,1776,2812]
a: [3,4412,4,9,1,4406]
s: 4412
d: [2,2121,1,23,6,0,40,1995,409]
s: 2121
d: [2,3772,5,9,2,1,40,1818,2576]
s: 3772
r: 2504
r: 3772
r: 3648
r: 2576
d: [2,2122,1,23,6,0,40,1995,408]
s: 2122
d: [2,2081,1,30,6,0,40,1993,1092]
d: [2,2094,1,25,5,0,21,2081,929]
s: 2094
s: 3649
d: [2,2105,1,30,6,0,40,1994,1092]
d: [2,2118,1,25,5,0,21,2105,929]
s: 2118
s: 3652
d: [2,2124,1,25,7,0,40,1995,394]
s: 2124
d: [2,2125,1,25,7,0,40,1995,380]
s: 2125
s: 3653
d: [2,2126,1,25,7,0,40,1995,379]
s: 2126
s: 3650
d: [2,2158,1,25,5,0,40,2146,1291]
s: 2158
d: [2,2183,1,25,5,0,40,2147,1291]
s: 2183
r: 520
r: 1205
r: 1223
r: 1273
r: 1385
r: 1402
r: 1432
r: 1553
r: 1620
r: 3274
r: 2824
r: 2812
r: 2496
r: 1962
r: 1654
r: 1660
r: 1728
r: 1812
r: 1939
r: 2009
r: 2294
r: 2381
r: 3649
r: 2684
r: 3091
r: 2728
r: 2751
r: 2757
r: 2771
r: 2780
r: 2783
r: 2867
r: 2903
r: 2911
r: 2925
r: 2944
r: 2954
r: 3139
r: 3209
r: 3529
r: 3545
r: 3569
r: 3577
r: 3585
r: 3837
r: 3866
r: 3949
r: 4206
r: 4494
r: 4504
r: 3275
r: 2798
r: 1935
r: 1651
r: 2377
a: [3,1277,1,2,1,1263]
s: 1277
a: [3,524,0,5,1,342]
s: 524
s: 1553
a: [3,1655,1,2,1,1635]
s: 1655
a: [3,1548,1,2,1,1521]
s: 1548
a: [3,1580,1,2,1,1562]
s: 1580
a: [3,1659,1,2,1,1636]
s: 1659
d: [2,5153,2,0,0,2,52,1553,1659,395]
e: 5153
d: [2,5154,2,0,0,2,52,1585,1659,396]
e: 5154
d: [2,5159,2,2,1,1,40,1659,396]
d: [2,5163,2,0,0,2,21,5159,1585]
e: 5163
d: [2,5160,2,2,1,1,40,1659,395]
d: [2,5165,2,0,0,2,21,5160,1553]
e: 5165
r: 1553
r: 1585
r: 3850
r: 2851
r: 2893
r: 3535
r: 3858
a: [3,1552,1,2,1,1522]
s: 1552
a: [3,1584,1,2,1,1563]
s: 1584
a: [3,1808,1,2,1,1785]
s: 1808
a: [3,1811,1,2,1,1785]
s: 1811
a: [3,1729,1,3,1,1705]
s: 1729
d: [2,1678,2,4,2,1,40,1209,1408]
a: [3,1683,2,2,1,1678]
s: 1683
d: [2,1734,1,9,2,1,40,1699,966]
a: [3,1752,1,3,1,1734]
s: 1752
r: 4423
r: 2818
r: 1514
r: 1821
s: 1651
d: [2,5123,2,2,1,1,40,1277,393]
a: [3,5128,2,2,1,5123]
s: 5128
d: [2,1704,1,13,2,1,40,1698,966]
a: [3,1723,1,7,1,1704]
s: 1723
d: [2,5124,2,2,1,1,40,1277,392]
a: [3,5133,2,2,1,5124]
s: 5133
s: 1223
a: [3,1227,1,2,1,1190]
s: 1227
d: [2,5137,2,2,1,1,40,1655,398]
a: [3,5144,2,2,1,5137]
s: 5144
d: [2,1191,1,4,2,1,40,379,761]
a: [3,1232,1,2,1,1191]
s: 1232
d: [2,5138,2,2,1,1,40,1655,397]
a: [3,5149,2,2,1,5138]
s: 5149
d: [2,1247,1,4,2,1,40,380,761]
a: [3,1257,1,2,1,1247]
s: 1257
a: [3,1389,1,2,1,1381]
s: 1389
d: [2,5158,2,2,1,1,40,1659,397]
a: [3,5224,2,2,1,5158]
s: 5224
a: [3,1406,1,2,1,1398]
s: 1406
d: [2,5157,2,2,1,1,40,1659,398]
a: [3,5229,2,2,1,5157]
s: 5229
s: 2261
s: 2343
a: [3,2008,3,2,1,1997]
s: 2008
d: [2,1733,1,5,2,1,40,1699,971]
a: [3,1748,1,3,1,1733]
s: 1748
r: 1820
d: [2,5348,2,0,0,2,40,1748,1483]
e: 5348
d: [2,5347,2,0,0,2,40,1748,1489]
e: 5347
d: [2,5341,2,0,0,2,52,1483,1748]
e: 5341
d: [2,5342,2,0,0,3,52,594,609,1748,426]
e: 5342
d: [2,5343,2,0,0,2,52,1483,1748,435]
e: 5343
d: [2,5344,2,0,0,2,52,609,1748,1434]
e: 5344
d: [2,5350,2,2,1,1,40,1748,1434]
d: [2,5357,2,0,0,2,21,5350,609]
e: 5357
r: 1748
d: [2,5264,3,2,1,1,40,5144,384]
a: [3,5269,3,2,1,5264]
s: 5269
s: 1820
d: [2,2084,1,26,6,0,40,1993,1517]
s: 2084
d: [2,5287,3,2,1,1,40,5229,384]
a: [3,5293,3,2,1,5287]
s: 5293
d: [2,5372,1,22,5,0,21,2084,941]
s: 5372
d: [2,5329,4,2,1,1,40,2008,393]
a: [3,5334,4,2,1,5329]
s: 5334
d: [2,2108,1,26,6,0,40,1994,1517]
s: 2108
d: [2,5375,1,22,5,0,21,2108,941]
s: 5375
d: [2,5330,4,2,1,1,40,2008,392]
a: [3,5339,4,2,1,5330]
s: 5339
d: [2,2123,1,26,7,0,40,1995,426]
s: 2123
s: 2924
d: [2,2213,1,43,12,0,44,2148,2210]
d: [2,2216,1,26,7,0,18,2213]
s: 2216
d: [2,2212,1,43,12,0,44,2210,2148]
d: [2,2217,1,26,7,0,18,2212]
s: 2217
d: [2,4136,4,11,3,1,40,3758,1353]
a: [3,4175,4,4,1,4136]
s: 4175
d: [2,2219,1,43,12,0,44,2211,2148]
d: [2,2222,1,26,7,0,18,2219]
s: 2222
d: [2,4147,4,11,2,1,40,3758,1516]
a: [3,4193,4,4,1,4147]
s: 4193
d: [2,2127,1,27,6,0,40,1995,1290]
s: 2127
d: [2,2128,1,28,7,0,40,1995,1351]
s: 2128
a: [3,2953,5,4,1,2937]
s: 2953
d: [2,2129,1,28,7,0,40,1995,1352]
s: 2129
d: [2,5233,5,4,1,3,40,1752,3822]
a: [3,5240,5,4,1,5233]
s: 5240
d: [2,2130,1,28,7,0,40,1995,1353]
s: 2130
d: [2,2131,1,28,7,0,40,1995,1368]
s: 2131
d: [2,5448,5,8,2,1,40,4193,1408]
d: [2,5450,5,4,1,2,21,5448,2372]
a: [3,5454,5,4,1,5450]
s: 5454
d: [2,2226,1,28,6,0,40,2224,1291]
s: 2226
a: [3,1942,2,5,2,1932]
s: 1942
d: [2,2245,1,28,6,0,40,2225,1291]
s: 2245
d: [2,2023,1,36,4,0,40,1970,1092]
d: [2,2036,1,29,3,0,21,2023,929]
s: 2036
a: [3,2293,2,5,1,2286]
s: 2293
d: [2,2046,1,36,4,0,40,1992,1092]
d: [2,2059,1,29,3,0,21,2046,929]
s: 2059
a: [3,2376,2,5,1,2369]
s: 2376
d: [2,2132,1,29,7,0,40,1995,1698]
s: 2132
d: [2,2133,1,29,7,0,40,1995,1699]
s: 2133
s: 2724
r: 3628
r: 3594
r: 2548
r: 2546
r: 2530
r: 2324
r: 2242
d: [2,2308,1,29,6,0,40,2265,1291]
s: 2308
d: [2,2677,4,7,2,1,40,2674,394]
a: [3,5094,4,5,1,2677]
s: 5094
d: [2,2327,1,29,6,0,40,2307,1291]
s: 2327
d: [2,2082,1,30,6,0,40,1993,1093]
s: 2082
d: [2,2679,4,7,2,1,40,2674,379]
a: [3,5212,4,5,1,2679]
s: 5212
d: [2,2077,1,34,7,0,40,1993,1179]
d: [2,2090,1,30,6,0,21,2077,459]
s: 2090
d: [2,2678,4,7,2,1,40,2674,380]
a: [3,5217,4,5,1,2678]
s: 5217
d: [2,2078,1,34,7,0,40,1993,1180]
d: [2,2091,1,30,6,0,21,2078,459]
s: 2091
d: [2,2079,1,34,7,0,40,1993,1181]
d: [2,2092,1,30,6,0,21,2079,459]
s: 2092
d: [2,4598,5,9,2,3,40,4161,1820]
a: [3,5103,5,5,1,4598]
s: 5103
d: [2,2080,1,34,7,0,40,1993,1182]
d: [2,2093,1,30,6,0,21,2080,459]
s: 2093
d: [2,4463,5,9,2,3,40,3822,1820]
a: [3,5108,5,5,1,4463]
s: 5108
d: [2,2106,1,30,6,0,40,1994,1093]
s: 2106
d: [2,2101,1,34,7,0,40,1994,1179]
d: [2,2114,1,30,6,0,21,2101,459]
s: 2114
d: [2,5678,5,5,1,1,40,5094,393]
a: [3,5683,5,5,1,5678]
s: 5683
d: [2,2102,1,34,7,0,40,1994,1180]
d: [2,2115,1,30,6,0,21,2102,459]
s: 2115
d: [2,5679,5,5,1,1,40,5094,392]
a: [3,5688,5,5,1,5679]
s: 5688
d: [2,2103,1,34,7,0,40,1994,1181]
d: [2,2116,1,30,6,0,21,2103,459]
s: 2116
d: [2,2104,1,34,7,0,40,1994,1182]
d: [2,2117,1,30,6,0,21,2104,459]
s: 2117
d: [2,5707,5,10,2,1,40,5212,1408]
a: [3,5712,5,5,1,5707]
s: 5712
d: [2,2134,1,30,8,0,40,1995,1775]
s: 2134
d: [2,5708,5,15,3,1,40,5212,414]
a: [3,5721,5,5,1,5708]
s: 5721
d: [2,2135,1,30,7,0,40,1995,1777]
s: 2135
d: [2,2446,1,56,11,0,40,2435,2394]
d: [2,2453,1,38,7,0,18,2446]
d: [2,2454,1,31,6,0,21,2453,2265]
s: 2454
d: [2,5723,6,7,2,1,40,5103,426]
d: [2,5727,6,5,1,2,21,5723,1497]
a: [3,5731,6,5,1,5727]
s: 5731
d: [2,2447,1,56,11,0,40,2435,2348]
d: [2,2452,1,38,7,0,18,2447]
d: [2,2455,1,31,6,0,21,2452,2265]
s: 2455
d: [2,5733,6,7,2,1,40,5108,426]
d: [2,5737,6,5,1,2,21,5733,1497]
a: [3,5741,6,5,1,5737]
s: 5741
d: [2,2458,1,56,11,0,40,2445,2397]
d: [2,2465,1,38,7,0,18,2458]
d: [2,2466,1,31,6,0,21,2465,2307]
s: 2466
d: [2,2459,1,56,11,0,40,2445,2391]
d: [2,2464,1,38,7,0,18,2459]
d: [2,2467,1,31,6,0,21,2464,2307]
s: 2467
d: [2,5804,7,5,2,1,40,5731,1731]
s: 5804
d: [2,2026,1,32,4,0,40,1970,1517]
s: 2026
d: [2,5832,7,5,2,1,40,5741,1731]
s: 5832
d: [2,5889,1,26,3,0,21,2026,941]
s: 5889
d: [2,2025,1,35,5,0,40,1970,1778]
d: [2,2037,1,32,4,0,21,2025,959]
s: 2037
a: [3,2503,3,6,1,2497]
s: 2503
d: [2,2049,1,32,4,0,40,1992,1517]
s: 2049
a: [3,2575,4,6,1,2572]
s: 2575
d: [2,5892,1,26,3,0,21,2049,941]
s: 5892
d: [2,2048,1,35,5,0,40,1992,1778]
d: [2,2060,1,32,4,0,21,2048,959]
s: 2060
s: 2750
d: [2,2141,1,32,6,0,40,1995,1516]
s: 2141
a: [3,2850,4,6,1,2846]
s: 2850
d: [2,2398,1,55,12,0,44,2348,2148]
d: [2,2401,1,35,8,0,18,2398]
d: [2,2402,1,32,7,0,21,2401,959]
s: 2402
d: [2,2399,1,58,13,0,44,2348,2210]
d: [2,2400,1,38,9,0,18,2399]
d: [2,2403,1,35,8,0,21,2400,447]
d: [2,2404,1,32,7,0,21,2403,959]
s: 2404
d: [2,5947,2,0,0,7,52,544,554,976,529,524,549,966,2404]
e: 5947
r: 524
s: 520
a: [3,523,0,5,1,342]
s: 523
a: [3,1630,1,2,1,1595]
s: 1630
d: [2,2405,1,55,12,0,44,2391,2148]
d: [2,2408,1,35,8,0,18,2405]
d: [2,2409,1,32,7,0,21,2408,959]
s: 2409
d: [2,2406,1,58,13,0,44,2391,2210]
d: [2,2407,1,38,9,0,18,2406]
d: [2,2410,1,35,8,0,21,2407,447]
d: [2,2411,1,32,7,0,21,2410,959]
s: 2411
d: [2,6009,2,0,0,7,52,544,554,976,529,520,549,966,2411]
e: 6009
f: 6009,5947,962,960,336,337,338,339,340,341,342
% Refutation found. Thanks to Tanya!
% SZS status Theorem for knaster__t8_knaster
% SZS output start Proof for knaster__t8_knaster
1. ! [X0] : ! [X1] : ((m1_subset_1(X1,k1_zfmisc_1(k2_zfmisc_1(k9_setfam_1(X0),k9_setfam_1(X0)))) & v6_cohsp_1(X1) & v1_funct_2(X1,k9_setfam_1(X0),k9_setfam_1(X0)) & v1_funct_1(X1)) => ! [X2] : (m1_subset_1(X2,k1_zfmisc_1(X0)) => (r2_abian(k9_setfam_1(X0),X2,X1) => (r1_tarski(X2,k2_knaster(X0,X1)) & r1_tarski(k1_knaster(X0,X1),X2))))) [input t8_knaster]
2. ~! [X0] : ! [X1] : ((m1_subset_1(X1,k1_zfmisc_1(k2_zfmisc_1(k9_setfam_1(X0),k9_setfam_1(X0)))) & v6_cohsp_1(X1) & v1_funct_2(X1,k9_setfam_1(X0),k9_setfam_1(X0)) & v1_funct_1(X1)) => ! [X2] : (m1_subset_1(X2,k1_zfmisc_1(X0)) => (r2_abian(k9_setfam_1(X0),X2,X1) => (r1_tarski(X2,k2_knaster(X0,X1)) & r1_tarski(k1_knaster(X0,X1),X2))))) [negated conjecture 1]
45. ! [X0] : (~v1_xboole_0(X0) => ! [X1] : (m1_subset_1(X1,X0) => ! [X2] : ((m1_subset_1(X2,k1_zfmisc_1(k2_zfmisc_1(X0,X0))) & v1_funct_2(X2,X0,X0) & v1_funct_1(X2)) => (r2_abian(X0,X1,X2) <=> k3_funct_2(X0,X0,X2,X1) = X1)))) [input d4_abian]
68. ! [X0] : ~v1_xboole_0(k1_zfmisc_1(X0)) [input fc1_subset_1]
107. ! [X0] : k9_setfam_1(X0) = k1_zfmisc_1(X0) [input redefinition_k9_setfam_1]
110. ! [X0,X1] : r1_tarski(X0,X0) [input reflexivity_r1_tarski]
121. ! [X0] : ! [X1] : ((m1_subset_1(X1,k1_zfmisc_1(k2_zfmisc_1(k9_setfam_1(X0),k9_setfam_1(X0)))) & v6_cohsp_1(X1) & v1_funct_2(X1,k9_setfam_1(X0),k9_setfam_1(X0)) & v1_funct_1(X1)) => ! [X2] : (m1_subset_1(X2,k1_zfmisc_1(X0)) => (r1_tarski(k3_funct_2(k1_zfmisc_1(X0),k9_setfam_1(X0),X1,X2),X2) => r1_tarski(k1_knaster(X0,X1),X2)))) [input t6_knaster]
123. ! [X0] : ! [X1] : ((m1_subset_1(X1,k1_zfmisc_1(k2_zfmisc_1(k9_setfam_1(X0),k9_setfam_1(X0)))) & v6_cohsp_1(X1) & v1_funct_2(X1,k9_setfam_1(X0),k9_setfam_1(X0)) & v1_funct_1(X1)) => ! [X2] : (m1_subset_1(X2,k1_zfmisc_1(X0)) => (r1_tarski(X2,k3_funct_2(k1_zfmisc_1(X0),k9_setfam_1(X0),X1,X2)) => r1_tarski(X2,k2_knaster(X0,X1))))) [input t7_knaster]
125. ~! [X0,X1] : ((m1_subset_1(X1,k1_zfmisc_1(k2_zfmisc_1(k9_setfam_1(X0),k9_setfam_1(X0)))) & v6_cohsp_1(X1) & v1_funct_2(X1,k9_setfam_1(X0),k9_setfam_1(X0)) & v1_funct_1(X1)) => ! [X2] : (m1_subset_1(X2,k1_zfmisc_1(X0)) => (r2_abian(k9_setfam_1(X0),X2,X1) => (r1_tarski(X2,k2_knaster(X0,X1)) & r1_tarski(k1_knaster(X0,X1),X2))))) [flattening 2]
130. ! [X0,X1] : ((m1_subset_1(X1,k1_zfmisc_1(k2_zfmisc_1(k9_setfam_1(X0),k9_setfam_1(X0)))) & v6_cohsp_1(X1) & v1_funct_2(X1,k9_setfam_1(X0),k9_setfam_1(X0)) & v1_funct_1(X1)) => ! [X2] : (m1_subset_1(X2,k1_zfmisc_1(X0)) => (r1_tarski(X2,k3_funct_2(k1_zfmisc_1(X0),k9_setfam_1(X0),X1,X2)) => r1_tarski(X2,k2_knaster(X0,X1))))) [flattening 123]
131. ! [X0,X1] : ((m1_subset_1(X1,k1_zfmisc_1(k2_zfmisc_1(k9_setfam_1(X0),k9_setfam_1(X0)))) & v6_cohsp_1(X1) & v1_funct_2(X1,k9_setfam_1(X0),k9_setfam_1(X0)) & v1_funct_1(X1)) => ! [X2] : (m1_subset_1(X2,k1_zfmisc_1(X0)) => (r1_tarski(k3_funct_2(k1_zfmisc_1(X0),k9_setfam_1(X0),X1,X2),X2) => r1_tarski(k1_knaster(X0,X1),X2)))) [flattening 121]
138. ! [X0] : r1_tarski(X0,X0) [rectify 110]
151. ? [X0,X1] : (? [X2] : (((~r1_tarski(X2,k2_knaster(X0,X1)) | ~r1_tarski(k1_knaster(X0,X1),X2)) & r2_abian(k9_setfam_1(X0),X2,X1)) & m1_subset_1(X2,k1_zfmisc_1(X0))) & (m1_subset_1(X1,k1_zfmisc_1(k2_zfmisc_1(k9_setfam_1(X0),k9_setfam_1(X0)))) & v6_cohsp_1(X1) & v1_funct_2(X1,k9_setfam_1(X0),k9_setfam_1(X0)) & v1_funct_1(X1))) [ennf transformation 125]
152. ? [X0,X1] : (? [X2] : ((~r1_tarski(X2,k2_knaster(X0,X1)) | ~r1_tarski(k1_knaster(X0,X1),X2)) & r2_abian(k9_setfam_1(X0),X2,X1) & m1_subset_1(X2,k1_zfmisc_1(X0))) & m1_subset_1(X1,k1_zfmisc_1(k2_zfmisc_1(k9_setfam_1(X0),k9_setfam_1(X0)))) & v6_cohsp_1(X1) & v1_funct_2(X1,k9_setfam_1(X0),k9_setfam_1(X0)) & v1_funct_1(X1)) [flattening 151]
156. ! [X0] : (! [X1] : (! [X2] : ((r2_abian(X0,X1,X2) <=> k3_funct_2(X0,X0,X2,X1) = X1) | (~m1_subset_1(X2,k1_zfmisc_1(k2_zfmisc_1(X0,X0))) | ~v1_funct_2(X2,X0,X0) | ~v1_funct_1(X2))) | ~m1_subset_1(X1,X0)) | v1_xboole_0(X0)) [ennf transformation 45]
157. ! [X0] : (! [X1] : (! [X2] : ((r2_abian(X0,X1,X2) <=> k3_funct_2(X0,X0,X2,X1) = X1) | ~m1_subset_1(X2,k1_zfmisc_1(k2_zfmisc_1(X0,X0))) | ~v1_funct_2(X2,X0,X0) | ~v1_funct_1(X2)) | ~m1_subset_1(X1,X0)) | v1_xboole_0(X0)) [flattening 156]
216. ! [X0,X1] : (! [X2] : ((r1_tarski(X2,k2_knaster(X0,X1)) | ~r1_tarski(X2,k3_funct_2(k1_zfmisc_1(X0),k9_setfam_1(X0),X1,X2))) | ~m1_subset_1(X2,k1_zfmisc_1(X0))) | (~m1_subset_1(X1,k1_zfmisc_1(k2_zfmisc_1(k9_setfam_1(X0),k9_setfam_1(X0)))) | ~v6_cohsp_1(X1) | ~v1_funct_2(X1,k9_setfam_1(X0),k9_setfam_1(X0)) | ~v1_funct_1(X1))) [ennf transformation 130]
217. ! [X0,X1] : (! [X2] : (r1_tarski(X2,k2_knaster(X0,X1)) | ~r1_tarski(X2,k3_funct_2(k1_zfmisc_1(X0),k9_setfam_1(X0),X1,X2)) | ~m1_subset_1(X2,k1_zfmisc_1(X0))) | ~m1_subset_1(X1,k1_zfmisc_1(k2_zfmisc_1(k9_setfam_1(X0),k9_setfam_1(X0)))) | ~v6_cohsp_1(X1) | ~v1_funct_2(X1,k9_setfam_1(X0),k9_setfam_1(X0)) | ~v1_funct_1(X1)) [flattening 216]
218. ! [X0,X1] : (! [X2] : ((r1_tarski(k1_knaster(X0,X1),X2) | ~r1_tarski(k3_funct_2(k1_zfmisc_1(X0),k9_setfam_1(X0),X1,X2),X2)) | ~m1_subset_1(X2,k1_zfmisc_1(X0))) | (~m1_subset_1(X1,k1_zfmisc_1(k2_zfmisc_1(k9_setfam_1(X0),k9_setfam_1(X0)))) | ~v6_cohsp_1(X1) | ~v1_funct_2(X1,k9_setfam_1(X0),k9_setfam_1(X0)) | ~v1_funct_1(X1))) [ennf transformation 131]
219. ! [X0,X1] : (! [X2] : (r1_tarski(k1_knaster(X0,X1),X2) | ~r1_tarski(k3_funct_2(k1_zfmisc_1(X0),k9_setfam_1(X0),X1,X2),X2) | ~m1_subset_1(X2,k1_zfmisc_1(X0))) | ~m1_subset_1(X1,k1_zfmisc_1(k2_zfmisc_1(k9_setfam_1(X0),k9_setfam_1(X0)))) | ~v6_cohsp_1(X1) | ~v1_funct_2(X1,k9_setfam_1(X0),k9_setfam_1(X0)) | ~v1_funct_1(X1)) [flattening 218]
260. ? [X0,X1] : (? [X2] : ((~r1_tarski(X2,k2_knaster(X0,X1)) | ~r1_tarski(k1_knaster(X0,X1),X2)) & r2_abian(k9_setfam_1(X0),X2,X1) & m1_subset_1(X2,k1_zfmisc_1(X0))) & m1_subset_1(X1,k1_zfmisc_1(k2_zfmisc_1(k9_setfam_1(X0),k9_setfam_1(X0)))) & v6_cohsp_1(X1) & v1_funct_2(X1,k9_setfam_1(X0),k9_setfam_1(X0)) & v1_funct_1(X1)) => (? [X2] : ((~r1_tarski(X2,k2_knaster(sK0,sK1)) | ~r1_tarski(k1_knaster(sK0,sK1),X2)) & r2_abian(k9_setfam_1(sK0),X2,sK1) & m1_subset_1(X2,k1_zfmisc_1(sK0))) & m1_subset_1(sK1,k1_zfmisc_1(k2_zfmisc_1(k9_setfam_1(sK0),k9_setfam_1(sK0)))) & v6_cohsp_1(sK1) & v1_funct_2(sK1,k9_setfam_1(sK0),k9_setfam_1(sK0)) & v1_funct_1(sK1)) [choice axiom]
261. ? [X2] : ((~r1_tarski(X2,k2_knaster(sK0,sK1)) | ~r1_tarski(k1_knaster(sK0,sK1),X2)) & r2_abian(k9_setfam_1(sK0),X2,sK1) & m1_subset_1(X2,k1_zfmisc_1(sK0))) => ((~r1_tarski(sK2,k2_knaster(sK0,sK1)) | ~r1_tarski(k1_knaster(sK0,sK1),sK2)) & r2_abian(k9_setfam_1(sK0),sK2,sK1) & m1_subset_1(sK2,k1_zfmisc_1(sK0))) [choice axiom]
262. ((~r1_tarski(sK2,k2_knaster(sK0,sK1)) | ~r1_tarski(k1_knaster(sK0,sK1),sK2)) & r2_abian(k9_setfam_1(sK0),sK2,sK1) & m1_subset_1(sK2,k1_zfmisc_1(sK0))) & m1_subset_1(sK1,k1_zfmisc_1(k2_zfmisc_1(k9_setfam_1(sK0),k9_setfam_1(sK0)))) & v6_cohsp_1(sK1) & v1_funct_2(sK1,k9_setfam_1(sK0),k9_setfam_1(sK0)) & v1_funct_1(sK1) [skolemisation 152,261,260]
267. ! [X0] : (! [X1] : (! [X2] : (((r2_abian(X0,X1,X2) | k3_funct_2(X0,X0,X2,X1) != X1) & (k3_funct_2(X0,X0,X2,X1) = X1 | ~r2_abian(X0,X1,X2))) | ~m1_subset_1(X2,k1_zfmisc_1(k2_zfmisc_1(X0,X0))) | ~v1_funct_2(X2,X0,X0) | ~v1_funct_1(X2)) | ~m1_subset_1(X1,X0)) | v1_xboole_0(X0)) [nnf transformation 157]
336. v1_funct_1(sK1) [cnf transformation 262] {a:0,w:2,wCS:200,goal:1,sine:0,thAx:0,allAx:3,thDist:-3}
337. v1_funct_2(sK1,k9_setfam_1(sK0),k9_setfam_1(sK0)) [cnf transformation 262] {a:0,w:6,wCS:600,goal:1,sine:0,thAx:0,allAx:3,thDist:-3}
338. v6_cohsp_1(sK1) [cnf transformation 262] {a:0,w:2,wCS:200,goal:1,sine:0,thAx:0,allAx:3,thDist:-3}
339. m1_subset_1(sK1,k1_zfmisc_1(k2_zfmisc_1(k9_setfam_1(sK0),k9_setfam_1(sK0)))) [cnf transformation 262] {a:0,w:8,wCS:800,goal:1,sine:0,thAx:0,allAx:3,thDist:-3}
340. m1_subset_1(sK2,k1_zfmisc_1(sK0)) [cnf transformation 262] {a:0,w:4,wCS:400,goal:1,sine:0,thAx:0,allAx:3,thDist:-3}
341. r2_abian(k9_setfam_1(sK0),sK2,sK1) [cnf transformation 262] {a:0,w:5,wCS:500,goal:1,sine:0,thAx:0,allAx:3,thDist:-3}
342. ~r1_tarski(sK2,k2_knaster(sK0,sK1)) | ~r1_tarski(k1_knaster(sK0,sK1),sK2) [cnf transformation 262] {a:0,w:10,wCS:1000,goal:1,sine:0,thAx:0,allAx:3,thDist:-3}
357. ~v1_xboole_0(k1_zfmisc_1(X0)) [cnf transformation 68] {a:0,w:3,wCS:1200,nSel:1,sine:1,thAx:0,allAx:1,thDist:-1}
358. k9_setfam_1(X0) = k1_zfmisc_1(X0) [cnf transformation 107] {a:0,w:5,wCS:2000,nSel:1,sine:1,thAx:0,allAx:1,thDist:-1}
365. k3_funct_2(X0,X0,X2,X1) = X1 | ~r2_abian(X0,X1,X2) | ~m1_subset_1(X2,k1_zfmisc_1(k2_zfmisc_1(X0,X0))) | ~v1_funct_2(X2,X0,X0) | ~v1_funct_1(X2) | ~m1_subset_1(X1,X0) | v1_xboole_0(X0) [cnf transformation 267] {a:0,w:28,wCS:11200,sine:1,thAx:0,allAx:1,thDist:-1}
429. r1_tarski(X2,k2_knaster(X0,X1)) | ~r1_tarski(X2,k3_funct_2(k1_zfmisc_1(X0),k9_setfam_1(X0),X1,X2)) | ~m1_subset_1(X2,k1_zfmisc_1(X0)) | ~m1_subset_1(X1,k1_zfmisc_1(k2_zfmisc_1(k9_setfam_1(X0),k9_setfam_1(X0)))) | ~v6_cohsp_1(X1) | ~v1_funct_2(X1,k9_setfam_1(X0),k9_setfam_1(X0)) | ~v1_funct_1(X1) [cnf transformation 217] {a:0,w:36,wCS:14400,sine:1,thAx:0,allAx:1,thDist:-1}
430. r1_tarski(k1_knaster(X0,X1),X2) | ~r1_tarski(k3_funct_2(k1_zfmisc_1(X0),k9_setfam_1(X0),X1,X2),X2) | ~m1_subset_1(X2,k1_zfmisc_1(X0)) | ~m1_subset_1(X1,k1_zfmisc_1(k2_zfmisc_1(k9_setfam_1(X0),k9_setfam_1(X0)))) | ~v6_cohsp_1(X1) | ~v1_funct_2(X1,k9_setfam_1(X0),k9_setfam_1(X0)) | ~v1_funct_1(X1) [cnf transformation 219] {a:0,w:36,wCS:14400,sine:1,thAx:0,allAx:1,thDist:-1}
447. r1_tarski(X0,X0) [cnf transformation 138] {a:0,w:3,wCS:1200,nSel:1,sine:1,thAx:0,allAx:1,thDist:-1}
518. 1 <=> r1_tarski(k1_knaster(sK0,sK1),sK2) [avatar definition]
520. ~r1_tarski(k1_knaster(sK0,sK1),sK2) <- (~1) [avatar component clause 518] {a:0,w:5,wCS:500,nSel:1,goal:1,sine:255,thAx:0,allAx:3,thDist:-3}
522. 2 <=> r1_tarski(sK2,k2_knaster(sK0,sK1)) [avatar definition]
524. ~r1_tarski(sK2,k2_knaster(sK0,sK1)) <- (~2) [avatar component clause 522] {a:0,w:5,wCS:500,nSel:1,goal:1,sine:255,thAx:0,allAx:3,thDist:-3}
525. ~1 | ~2 [avatar split clause 342,522,518]
527. 3 <=> r2_abian(k9_setfam_1(sK0),sK2,sK1) [avatar definition]
529. r2_abian(k9_setfam_1(sK0),sK2,sK1) <- (3) [avatar component clause 527] {a:0,w:5,wCS:500,nSel:1,goal:1,sine:255,thAx:0,allAx:3,thDist:-3}
530. 3 [avatar split clause 341,527]
532. 4 <=> m1_subset_1(sK2,k1_zfmisc_1(sK0)) [avatar definition]
534. m1_subset_1(sK2,k1_zfmisc_1(sK0)) <- (4) [avatar component clause 532] {a:0,w:4,wCS:400,nSel:1,goal:1,sine:255,thAx:0,allAx:3,thDist:-3}
535. 4 [avatar split clause 340,532]
537. 5 <=> m1_subset_1(sK1,k1_zfmisc_1(k2_zfmisc_1(k9_setfam_1(sK0),k9_setfam_1(sK0)))) [avatar definition]
539. m1_subset_1(sK1,k1_zfmisc_1(k2_zfmisc_1(k9_setfam_1(sK0),k9_setfam_1(sK0)))) <- (5) [avatar component clause 537] {a:0,w:8,wCS:800,nSel:1,goal:1,sine:255,thAx:0,allAx:3,thDist:-3}
540. 5 [avatar split clause 339,537]
542. 6 <=> v6_cohsp_1(sK1) [avatar definition]
544. v6_cohsp_1(sK1) <- (6) [avatar component clause 542] {a:0,w:2,wCS:200,nSel:1,goal:1,sine:255,thAx:0,allAx:3,thDist:-3}
545. 6 [avatar split clause 338,542]
547. 7 <=> v1_funct_2(sK1,k9_setfam_1(sK0),k9_setfam_1(sK0)) [avatar definition]
549. v1_funct_2(sK1,k9_setfam_1(sK0),k9_setfam_1(sK0)) <- (7) [avatar component clause 547] {a:0,w:6,wCS:600,nSel:1,goal:1,sine:255,thAx:0,allAx:3,thDist:-3}
550. 7 [avatar split clause 337,547]
552. 8 <=> v1_funct_1(sK1) [avatar definition]
554. v1_funct_1(sK1) <- (8) [avatar component clause 552] {a:0,w:2,wCS:200,nSel:1,goal:1,sine:255,thAx:0,allAx:3,thDist:-3}
555. 8 [avatar split clause 336,552]
959. ~v1_xboole_0(k9_setfam_1(X0)) [backward demodulation 357,358] {a:0,w:3,wCS:1200,nSel:1,sine:1,thAx:0,allAx:1,thDist:-1}
960. m1_subset_1(sK1,k9_setfam_1(k2_zfmisc_1(k9_setfam_1(sK0),k9_setfam_1(sK0)))) <- (5) [backward demodulation 539,358] {a:0,w:8,wCS:800,goal:1,sine:1,thAx:0,allAx:3,thDist:-3}
962. m1_subset_1(sK2,k9_setfam_1(sK0)) <- (4) [backward demodulation 534,358] {a:0,w:4,wCS:400,goal:1,sine:1,thAx:0,allAx:3,thDist:-3}
964. 79 <=> m1_subset_1(sK1,k9_setfam_1(k2_zfmisc_1(k9_setfam_1(sK0),k9_setfam_1(sK0)))) [avatar definition]
966. m1_subset_1(sK1,k9_setfam_1(k2_zfmisc_1(k9_setfam_1(sK0),k9_setfam_1(sK0)))) <- (79) [avatar component clause 964] {a:0,w:8,wCS:800,nSel:1,goal:1,sine:255,thAx:0,allAx:3,thDist:-3}
967. 79 | ~5 [avatar split clause 960,537,964]
974. 81 <=> m1_subset_1(sK2,k9_setfam_1(sK0)) [avatar definition]
976. m1_subset_1(sK2,k9_setfam_1(sK0)) <- (81) [avatar component clause 974] {a:0,w:4,wCS:400,nSel:1,goal:1,sine:255,thAx:0,allAx:3,thDist:-3}
977. 81 | ~4 [avatar split clause 962,532,974]
2210. k3_funct_2(X0,X0,X2,X1) = X1 | ~m1_subset_1(X2,k9_setfam_1(k2_zfmisc_1(X0,X0))) | ~r2_abian(X0,X1,X2) | ~v1_funct_2(X2,X0,X0) | ~v1_funct_1(X2) | ~m1_subset_1(X1,X0) | v1_xboole_0(X0) [forward demodulation 365,358] {a:0,w:28,wCS:11200,nSel:1,sine:1,thAx:0,allAx:1,thDist:-1}
2346. ~r1_tarski(X2,k3_funct_2(k9_setfam_1(X0),k9_setfam_1(X0),X1,X2)) | r1_tarski(X2,k2_knaster(X0,X1)) | ~m1_subset_1(X2,k1_zfmisc_1(X0)) | ~m1_subset_1(X1,k1_zfmisc_1(k2_zfmisc_1(k9_setfam_1(X0),k9_setfam_1(X0)))) | ~v6_cohsp_1(X1) | ~v1_funct_2(X1,k9_setfam_1(X0),k9_setfam_1(X0)) | ~v1_funct_1(X1) [forward demodulation 429,358] {a:0,w:36,wCS:14400,sine:1,thAx:0,allAx:1,thDist:-1}
2347. ~m1_subset_1(X2,k9_setfam_1(X0)) | ~r1_tarski(X2,k3_funct_2(k9_setfam_1(X0),k9_setfam_1(X0),X1,X2)) | r1_tarski(X2,k2_knaster(X0,X1)) | ~m1_subset_1(X1,k1_zfmisc_1(k2_zfmisc_1(k9_setfam_1(X0),k9_setfam_1(X0)))) | ~v6_cohsp_1(X1) | ~v1_funct_2(X1,k9_setfam_1(X0),k9_setfam_1(X0)) | ~v1_funct_1(X1) [forward demodulation 2346,358] {a:0,w:36,wCS:14400,sine:1,thAx:0,allAx:1,thDist:-1}
2348. ~r1_tarski(X2,k3_funct_2(k9_setfam_1(X0),k9_setfam_1(X0),X1,X2)) | ~m1_subset_1(X2,k9_setfam_1(X0)) | ~m1_subset_1(X1,k9_setfam_1(k2_zfmisc_1(k9_setfam_1(X0),k9_setfam_1(X0)))) | r1_tarski(X2,k2_knaster(X0,X1)) | ~v6_cohsp_1(X1) | ~v1_funct_2(X1,k9_setfam_1(X0),k9_setfam_1(X0)) | ~v1_funct_1(X1) [forward demodulation 2347,358] {a:0,w:36,wCS:14400,nSel:1,sine:1,thAx:0,allAx:1,thDist:-1}
2389. ~r1_tarski(k3_funct_2(k9_setfam_1(X0),k9_setfam_1(X0),X1,X2),X2) | r1_tarski(k1_knaster(X0,X1),X2) | ~m1_subset_1(X2,k1_zfmisc_1(X0)) | ~m1_subset_1(X1,k1_zfmisc_1(k2_zfmisc_1(k9_setfam_1(X0),k9_setfam_1(X0)))) | ~v6_cohsp_1(X1) | ~v1_funct_2(X1,k9_setfam_1(X0),k9_setfam_1(X0)) | ~v1_funct_1(X1) [forward demodulation 430,358] {a:0,w:36,wCS:14400,sine:1,thAx:0,allAx:1,thDist:-1}
2390. ~m1_subset_1(X2,k9_setfam_1(X0)) | ~r1_tarski(k3_funct_2(k9_setfam_1(X0),k9_setfam_1(X0),X1,X2),X2) | r1_tarski(k1_knaster(X0,X1),X2) | ~m1_subset_1(X1,k1_zfmisc_1(k2_zfmisc_1(k9_setfam_1(X0),k9_setfam_1(X0)))) | ~v6_cohsp_1(X1) | ~v1_funct_2(X1,k9_setfam_1(X0),k9_setfam_1(X0)) | ~v1_funct_1(X1) [forward demodulation 2389,358] {a:0,w:36,wCS:14400,sine:1,thAx:0,allAx:1,thDist:-1}
2391. ~r1_tarski(k3_funct_2(k9_setfam_1(X0),k9_setfam_1(X0),X1,X2),X2) | ~m1_subset_1(X2,k9_setfam_1(X0)) | ~m1_subset_1(X1,k9_setfam_1(k2_zfmisc_1(k9_setfam_1(X0),k9_setfam_1(X0)))) | r1_tarski(k1_knaster(X0,X1),X2) | ~v6_cohsp_1(X1) | ~v1_funct_2(X1,k9_setfam_1(X0),k9_setfam_1(X0)) | ~v1_funct_1(X1) [forward demodulation 2390,358] {a:0,w:36,wCS:14400,nSel:1,sine:1,thAx:0,allAx:1,thDist:-1}
2399. ~r1_tarski(X5,X5) | ~m1_subset_1(X5,k9_setfam_1(X3)) | ~m1_subset_1(X4,k9_setfam_1(k2_zfmisc_1(k9_setfam_1(X3),k9_setfam_1(X3)))) | r1_tarski(X5,k2_knaster(X3,X4)) | ~v6_cohsp_1(X4) | ~v1_funct_2(X4,k9_setfam_1(X3),k9_setfam_1(X3)) | ~v1_funct_1(X4) | ~m1_subset_1(X4,k9_setfam_1(k2_zfmisc_1(k9_setfam_1(X3),k9_setfam_1(X3)))) | ~r2_abian(k9_setfam_1(X3),X5,X4) | ~v1_funct_2(X4,k9_setfam_1(X3),k9_setfam_1(X3)) | ~v1_funct_1(X4) | ~m1_subset_1(X5,k9_setfam_1(X3)) | v1_xboole_0(k9_setfam_1(X3)) [superposition 2348,2210] {a:1,w:58,wCS:23200,sine:1,thAx:0,allAx:2,thDist:-2}
2400. ~r1_tarski(X5,X5) | ~m1_subset_1(X5,k9_setfam_1(X3)) | ~m1_subset_1(X4,k9_setfam_1(k2_zfmisc_1(k9_setfam_1(X3),k9_setfam_1(X3)))) | r1_tarski(X5,k2_knaster(X3,X4)) | ~v6_cohsp_1(X4) | ~v1_funct_2(X4,k9_setfam_1(X3),k9_setfam_1(X3)) | ~v1_funct_1(X4) | ~r2_abian(k9_setfam_1(X3),X5,X4) | v1_xboole_0(k9_setfam_1(X3)) [duplicate literal removal 2399] {a:1,w:38,wCS:15200,sine:1,thAx:0,allAx:2,thDist:-2}
2403. ~m1_subset_1(X5,k9_setfam_1(X3)) | ~m1_subset_1(X4,k9_setfam_1(k2_zfmisc_1(k9_setfam_1(X3),k9_setfam_1(X3)))) | r1_tarski(X5,k2_knaster(X3,X4)) | ~v6_cohsp_1(X4) | ~v1_funct_2(X4,k9_setfam_1(X3),k9_setfam_1(X3)) | ~v1_funct_1(X4) | ~r2_abian(k9_setfam_1(X3),X5,X4) | v1_xboole_0(k9_setfam_1(X3)) [subsumption resolution 2400,447] {a:1,w:35,wCS:14000,sine:1,thAx:0,allAx:2,thDist:-2}
2404. ~m1_subset_1(X4,k9_setfam_1(k2_zfmisc_1(k9_setfam_1(X3),k9_setfam_1(X3)))) | ~m1_subset_1(X5,k9_setfam_1(X3)) | r1_tarski(X5,k2_knaster(X3,X4)) | ~v6_cohsp_1(X4) | ~v1_funct_2(X4,k9_setfam_1(X3),k9_setfam_1(X3)) | ~v1_funct_1(X4) | ~r2_abian(k9_setfam_1(X3),X5,X4) [subsumption resolution 2403,959] {a:1,w:32,wCS:12800,nSel:1,sine:1,thAx:0,allAx:2,thDist:-2}
2406. ~r1_tarski(X5,X5) | ~m1_subset_1(X5,k9_setfam_1(X3)) | ~m1_subset_1(X4,k9_setfam_1(k2_zfmisc_1(k9_setfam_1(X3),k9_setfam_1(X3)))) | r1_tarski(k1_knaster(X3,X4),X5) | ~v6_cohsp_1(X4) | ~v1_funct_2(X4,k9_setfam_1(X3),k9_setfam_1(X3)) | ~v1_funct_1(X4) | ~m1_subset_1(X4,k9_setfam_1(k2_zfmisc_1(k9_setfam_1(X3),k9_setfam_1(X3)))) | ~r2_abian(k9_setfam_1(X3),X5,X4) | ~v1_funct_2(X4,k9_setfam_1(X3),k9_setfam_1(X3)) | ~v1_funct_1(X4) | ~m1_subset_1(X5,k9_setfam_1(X3)) | v1_xboole_0(k9_setfam_1(X3)) [superposition 2391,2210] {a:1,w:58,wCS:23200,sine:1,thAx:0,allAx:2,thDist:-2}
2407. ~r1_tarski(X5,X5) | ~m1_subset_1(X5,k9_setfam_1(X3)) | ~m1_subset_1(X4,k9_setfam_1(k2_zfmisc_1(k9_setfam_1(X3),k9_setfam_1(X3)))) | r1_tarski(k1_knaster(X3,X4),X5) | ~v6_cohsp_1(X4) | ~v1_funct_2(X4,k9_setfam_1(X3),k9_setfam_1(X3)) | ~v1_funct_1(X4) | ~r2_abian(k9_setfam_1(X3),X5,X4) | v1_xboole_0(k9_setfam_1(X3)) [duplicate literal removal 2406] {a:1,w:38,wCS:15200,sine:1,thAx:0,allAx:2,thDist:-2}
2410. ~m1_subset_1(X5,k9_setfam_1(X3)) | ~m1_subset_1(X4,k9_setfam_1(k2_zfmisc_1(k9_setfam_1(X3),k9_setfam_1(X3)))) | r1_tarski(k1_knaster(X3,X4),X5) | ~v6_cohsp_1(X4) | ~v1_funct_2(X4,k9_setfam_1(X3),k9_setfam_1(X3)) | ~v1_funct_1(X4) | ~r2_abian(k9_setfam_1(X3),X5,X4) | v1_xboole_0(k9_setfam_1(X3)) [subsumption resolution 2407,447] {a:1,w:35,wCS:14000,sine:1,thAx:0,allAx:2,thDist:-2}
2411. ~m1_subset_1(X4,k9_setfam_1(k2_zfmisc_1(k9_setfam_1(X3),k9_setfam_1(X3)))) | ~m1_subset_1(X5,k9_setfam_1(X3)) | r1_tarski(k1_knaster(X3,X4),X5) | ~v6_cohsp_1(X4) | ~v1_funct_2(X4,k9_setfam_1(X3),k9_setfam_1(X3)) | ~v1_funct_1(X4) | ~r2_abian(k9_setfam_1(X3),X5,X4) [subsumption resolution 2410,959] {a:1,w:32,wCS:12800,nSel:1,sine:1,thAx:0,allAx:2,thDist:-2}
5947. $false <- (~2, 3, 6, 7, 8, 79, 81) [unit resulting resolution 544,554,976,529,524,549,966,2404] {a:2,w:0,goal:1,sine:1,thAx:0,allAx:23,thDist:-23}
5967. 2 | ~3 | ~6 | ~7 | ~8 | ~79 | ~81 [avatar contradiction clause 5947]
6009. $false <- (~1, 3, 6, 7, 8, 79, 81) [unit resulting resolution 544,554,976,529,520,549,966,2411] {a:2,w:0,goal:1,sine:1,thAx:0,allAx:23,thDist:-23}
6029. 1 | ~3 | ~6 | ~7 | ~8 | ~79 | ~81 [avatar contradiction clause 6009]
6037. $false [avatar sat refutation 525,530,535,540,545,550,555,967,977,5967,6029] {a:0,w:0,goal:1,sine:0,thAx:0,allAx:5558,thDist:-5558}
% SZS output end Proof for knaster__t8_knaster
% ------------------------------
% Version: Vampire 4.5.1 (commit 226f88162 on 2021-09-12 20:13:44 +0200)
% Termination reason: Refutation

% >>> Input
% Input formulas: 123
% >>> Preprocessing
% Introduced skolems: 35
% Pure predicates: 5
% 
% >>> Saturation
% Initial clauses: 179
% Generated clauses: 4012
% Active clauses: 803
% Passive clauses: 2024
% Final active clauses: 672
% Final passive clauses: 1070
% Main loop iterations started: 916
% 
% >>> Simplifying Inferences
% Duplicate literals: 204
% Fw subsumption resolutions: 513
% Fw demodulations: 70
% Bw demodulations: 5
% 
% >>> Deletion Inferences
% Simple tautologies: 88
% Forward subsumptions: 737
% Backward subsumptions: 31
% 
% >>> Generating Inferences
% Binary resolution: 2470
% Unit resulting resolution: 13
% Forward superposition: 43
% Backward superposition: 20
% Self superposition: 1
% 
% >>> AVATAR
% Split clauses: 236
% Split components: 509
% Sat splitting refutations: 20
% 
% >>> SAT Solver Statistics
% SAT solver clauses: 564
% SAT solver unit clauses: 48
% SAT solver binary clauses: 221
% 
% Memory used [KB]: 14072
% Time elapsed: 0.061 s
% ------------------------------
% ------------------------------
% Time measurement results:
% parsing: 0.002 s
% property evaluation: 0.001 s
% sat proof minimization: 0.001 s
% term sharing: 0.008 s
% congruence closure: 0.003 s
% backward subsumption index maintenance: 0.002 s ( own 0.001 s ) 
% backward superposition index maintenance: 0.001 s
% splitting component index usage: 0.001 s
% forward subsumption: 0.013 s
% forward subsumption resolution: 0.001 s
% forward demodulation: 0.001 s
% resolution: 0.008 s ( own 0.006 s ) 
% unit resulting resolution: 0.016 s ( own 0.011 s ) 
% superposition: 0.001 s
% passive container maintenance: 0.001 s
% other: 0.061 s ( own 0.009 s ) 

