i: [1,19,0,3,1,1,0,0] t87_xboole_1
a: [3,35,0,3,1,19]
s: 35
i: [1,20,0,11,1,1,0,0] t87_xboole_1
a: [3,30,0,11,1,20]
s: 30
i: [1,24,0,5,1,0,0,1] idempotence_k2_xboole_0
s: 24
i: [1,26,0,6,2,0,0,1] symmetry_r1_xboole_0
s: 26
i: [1,25,0,7,1,0,0,1] commutativity_k2_xboole_0
s: 25
r: 30
d: [2,43,0,11,1,1,23,30,25]
a: [3,47,0,11,1,43]
s: 47
d: [2,37,1,3,1,1,40,26,35]
a: [3,41,1,3,1,37]
s: 41
i: [1,21,0,8,2,0,0,1] t83_xboole_1
s: 21
d: [2,58,1,12,2,1,44,47,21]
d: [2,59,1,12,2,1,22,58,25]
a: [3,63,1,3,1,59]
s: 63
i: [1,22,0,8,2,0,0,1] t83_xboole_1
s: 22
i: [1,23,0,13,1,0,0,1] t42_xboole_1
s: 23
d: [2,49,1,11,1,1,44,47,25]
a: [3,54,1,11,1,49]
s: 54
d: [2,73,1,13,1,0,44,23,25]
s: 73
d: [2,81,2,11,1,0,44,73,23]
s: 81
d: [2,74,1,13,1,0,44,23,25]
s: 74
d: [2,76,1,13,1,0,44,25,23]
s: 76
d: [2,85,2,11,1,0,44,23,73]
s: 85
d: [2,77,1,13,1,0,44,25,23]
s: 77
d: [2,70,1,14,2,0,44,23,21]
s: 70
d: [2,109,2,0,0,2,52,41,54,70]
e: 109
d: [2,125,2,14,2,1,44,54,70]
d: [2,126,2,3,1,1,19,125]
d: [2,130,2,0,0,2,21,126,41]
e: 130
d: [2,50,1,11,1,1,44,47,25]
f: 130,50,43,37,19,20
% Refutation found. Thanks to Tanya!
% SZS status Theorem for xboole_1__t87_xboole_1
% SZS output start Proof for xboole_1__t87_xboole_1
1. ! [X0] : ! [X1] : ! [X2] : (r1_xboole_0(X0,X1) => k2_xboole_0(k4_xboole_0(X2,X0),X1) = k4_xboole_0(k2_xboole_0(X2,X1),X0)) [input t87_xboole_1]
2. ~! [X0] : ! [X1] : ! [X2] : (r1_xboole_0(X0,X1) => k2_xboole_0(k4_xboole_0(X2,X0),X1) = k4_xboole_0(k2_xboole_0(X2,X1),X0)) [negated conjecture 1]
3. ! [X0,X1] : k2_xboole_0(X0,X1) = k2_xboole_0(X1,X0) [input commutativity_k2_xboole_0]
7. ! [X0,X1] : (r1_xboole_0(X0,X1) => r1_xboole_0(X1,X0)) [input symmetry_r1_xboole_0]
8. ! [X0] : ! [X1] : ! [X2] : k4_xboole_0(k2_xboole_0(X0,X1),X2) = k2_xboole_0(k4_xboole_0(X0,X2),k4_xboole_0(X1,X2)) [input t42_xboole_1]
9. ! [X0] : ! [X1] : (r1_xboole_0(X0,X1) <=> k4_xboole_0(X0,X1) = X0) [input t83_xboole_1]
10. ~! [X0,X1,X2] : (r1_xboole_0(X0,X1) => k2_xboole_0(k4_xboole_0(X2,X0),X1) = k4_xboole_0(k2_xboole_0(X2,X1),X0)) [flattening 2]
11. ! [X0,X1] : (r1_xboole_0(X0,X1) <=> k4_xboole_0(X0,X1) = X0) [flattening 9]
12. ! [X0,X1,X2] : k4_xboole_0(k2_xboole_0(X0,X1),X2) = k2_xboole_0(k4_xboole_0(X0,X2),k4_xboole_0(X1,X2)) [flattening 8]
14. ? [X0,X1,X2] : (k2_xboole_0(k4_xboole_0(X2,X0),X1) != k4_xboole_0(k2_xboole_0(X2,X1),X0) & r1_xboole_0(X0,X1)) [ennf transformation 10]
15. ! [X0,X1] : (r1_xboole_0(X1,X0) | ~r1_xboole_0(X0,X1)) [ennf transformation 7]
16. ? [X0,X1,X2] : (k2_xboole_0(k4_xboole_0(X2,X0),X1) != k4_xboole_0(k2_xboole_0(X2,X1),X0) & r1_xboole_0(X0,X1)) => (k2_xboole_0(k4_xboole_0(sK2,sK0),sK1) != k4_xboole_0(k2_xboole_0(sK2,sK1),sK0) & r1_xboole_0(sK0,sK1)) [choice axiom]
17. k2_xboole_0(k4_xboole_0(sK2,sK0),sK1) != k4_xboole_0(k2_xboole_0(sK2,sK1),sK0) & r1_xboole_0(sK0,sK1) [skolemisation 14,16]
18. ! [X0,X1] : ((r1_xboole_0(X0,X1) | k4_xboole_0(X0,X1) != X0) & (k4_xboole_0(X0,X1) = X0 | ~r1_xboole_0(X0,X1))) [nnf transformation 11]
19. r1_xboole_0(sK0,sK1) [cnf transformation 17] {a:0,w:3,wCS:300,goal:1,sine:0,thAx:0,allAx:2,thDist:-2}
20. k2_xboole_0(k4_xboole_0(sK2,sK0),sK1) != k4_xboole_0(k2_xboole_0(sK2,sK1),sK0) [cnf transformation 17] {a:0,w:11,wCS:1100,goal:1,sine:0,thAx:0,allAx:2,thDist:-2}
21. k4_xboole_0(X0,X1) = X0 | ~r1_xboole_0(X0,X1) [cnf transformation 18] {a:0,w:8,wCS:3200,nSel:1,sine:1,thAx:0,allAx:1,thDist:-1}
23. k4_xboole_0(k2_xboole_0(X0,X1),X2) = k2_xboole_0(k4_xboole_0(X0,X2),k4_xboole_0(X1,X2)) [cnf transformation 12] {a:0,w:13,wCS:5200,nSel:1,sine:1,thAx:0,allAx:1,thDist:-1}
25. k2_xboole_0(X0,X1) = k2_xboole_0(X1,X0) [cnf transformation 3] {a:0,w:7,wCS:2800,nSel:1,sine:1,thAx:0,allAx:1,thDist:-1}
26. ~r1_xboole_0(X0,X1) | r1_xboole_0(X1,X0) [cnf transformation 15] {a:0,w:6,wCS:2400,nSel:1,sine:1,thAx:0,allAx:1,thDist:-1}
28. 1 <=> k2_xboole_0(k4_xboole_0(sK2,sK0),sK1) = k4_xboole_0(k2_xboole_0(sK2,sK1),sK0) [avatar definition]
30. k2_xboole_0(k4_xboole_0(sK2,sK0),sK1) != k4_xboole_0(k2_xboole_0(sK2,sK1),sK0) <- (~1) [avatar component clause 28] {a:0,w:11,wCS:1100,nSel:1,goal:1,sine:255,thAx:0,allAx:2,thDist:-2}
31. ~1 [avatar split clause 20,28]
33. 2 <=> r1_xboole_0(sK0,sK1) [avatar definition]
35. r1_xboole_0(sK0,sK1) <- (2) [avatar component clause 33] {a:0,w:3,wCS:300,nSel:1,goal:1,sine:255,thAx:0,allAx:2,thDist:-2}
36. 2 [avatar split clause 19,33]
37. r1_xboole_0(sK1,sK0) <- (2) [resolution 26,35] {a:1,w:3,wCS:300,goal:1,sine:1,thAx:0,allAx:3,thDist:-3}
39. 3 <=> r1_xboole_0(sK1,sK0) [avatar definition]
41. r1_xboole_0(sK1,sK0) <- (3) [avatar component clause 39] {a:1,w:3,wCS:300,nSel:1,goal:1,sine:255,thAx:0,allAx:3,thDist:-3}
42. 3 | ~2 [avatar split clause 37,33,39]
43. k2_xboole_0(k4_xboole_0(sK2,sK0),sK1) != k4_xboole_0(k2_xboole_0(sK1,sK2),sK0) <- (~1) [backward demodulation 30,25] {a:0,w:11,wCS:1100,goal:1,sine:1,thAx:0,allAx:2,thDist:-2}
45. 4 <=> k2_xboole_0(k4_xboole_0(sK2,sK0),sK1) = k4_xboole_0(k2_xboole_0(sK1,sK2),sK0) [avatar definition]
47. k2_xboole_0(k4_xboole_0(sK2,sK0),sK1) != k4_xboole_0(k2_xboole_0(sK1,sK2),sK0) <- (~4) [avatar component clause 45] {a:0,w:11,wCS:1100,nSel:1,goal:1,sine:255,thAx:0,allAx:2,thDist:-2}
48. ~4 | 1 [avatar split clause 43,28,45]
50. k4_xboole_0(k2_xboole_0(sK1,sK2),sK0) != k2_xboole_0(sK1,k4_xboole_0(sK2,sK0)) <- (~4) [superposition 47,25] {a:1,w:11,wCS:1100,goal:1,sine:1,thAx:0,allAx:3,thDist:-3}
52. 5 <=> k4_xboole_0(k2_xboole_0(sK1,sK2),sK0) = k2_xboole_0(sK1,k4_xboole_0(sK2,sK0)) [avatar definition]
54. k4_xboole_0(k2_xboole_0(sK1,sK2),sK0) != k2_xboole_0(sK1,k4_xboole_0(sK2,sK0)) <- (~5) [avatar component clause 52] {a:1,w:11,wCS:1100,nSel:1,goal:1,sine:255,thAx:0,allAx:3,thDist:-3}
56. ~5 | 4 [avatar split clause 50,45,52]
70. k4_xboole_0(k2_xboole_0(X0,X2),X1) = k2_xboole_0(X0,k4_xboole_0(X2,X1)) | ~r1_xboole_0(X0,X1) [superposition 23,21] {a:1,w:14,wCS:5600,nSel:1,sine:1,thAx:0,allAx:2,thDist:-2}
125. k4_xboole_0(k2_xboole_0(sK1,sK2),sK0) != k4_xboole_0(k2_xboole_0(sK1,sK2),sK0) | ~r1_xboole_0(sK1,sK0) <- (~5) [superposition 54,70] {a:2,w:14,wCS:1400,goal:1,sine:1,thAx:0,allAx:5,thDist:-5}
126. ~r1_xboole_0(sK1,sK0) <- (~5) [trivial inequality removal 125] {a:2,w:3,wCS:300,goal:1,sine:1,thAx:0,allAx:5,thDist:-5}
130. $false <- (3, ~5) [subsumption resolution 126,41] {a:2,w:0,goal:1,sine:1,thAx:0,allAx:5,thDist:-5}
131. ~3 | 5 [avatar contradiction clause 130]
132. $false [avatar sat refutation 31,36,42,48,56,131] {a:0,w:0,goal:1,sine:0,thAx:0,allAx:44,thDist:-44}
% SZS output end Proof for xboole_1__t87_xboole_1
% ------------------------------
% Version: Vampire 4.5.1 (commit 226f88162 on 2021-09-12 20:13:44 +0200)
% Termination reason: Refutation

% >>> Input
% Input formulas: 8
% Introduced skolems: 3
% 
% >>> Saturation
% Initial clauses: 8
% Generated clauses: 82
% Active clauses: 15
% Passive clauses: 38
% Final active clauses: 14
% Final passive clauses: 19
% Main loop iterations started: 19
% 
% >>> Simplifying Inferences
% Trivial inequalities: 1
% Fw subsumption resolutions: 1
% Fw demodulations: 5
% Bw demodulations: 1
% 
% >>> Deletion Inferences
% Simple tautologies: 1
% Forward subsumptions: 10
% Fw demodulations to eq. taut.: 6
% 
% >>> Generating Inferences
% Binary resolution: 2
% Unit resulting resolution: 1
% Forward superposition: 29
% Backward superposition: 28
% 
% >>> AVATAR
% Split clauses: 1
% Split components: 2
% Sat splitting refutations: 2
% 
% >>> SAT Solver Statistics
% SAT solver clauses: 11
% SAT solver unit clauses: 2
% SAT solver binary clauses: 6
% 
% Memory used [KB]: 9466
% Time elapsed: 0.002 s
% ------------------------------
% ------------------------------
% Time measurement results:
% other: 0.002 s

