i: [1,538,0,2,1,1,0,0] t21_waybel_8
a: [3,898,0,2,1,538]
s: 898
i: [1,537,0,2,1,1,0,0] t21_waybel_8
a: [3,903,0,2,1,537]
s: 903
i: [1,536,0,2,1,1,0,0] t21_waybel_8
a: [3,908,0,2,1,536]
s: 908
i: [1,535,0,2,1,1,0,0] t21_waybel_8
a: [3,913,0,2,1,535]
s: 913
i: [1,534,0,2,1,1,0,0] t21_waybel_8
a: [3,918,0,2,1,534]
s: 918
i: [1,533,0,2,1,1,0,0] t21_waybel_8
a: [3,923,0,2,1,533]
s: 923
i: [1,532,0,2,1,1,0,0] t21_waybel_8
a: [3,928,0,2,1,532]
s: 928
i: [1,531,0,2,1,1,0,0] t21_waybel_8
a: [3,933,0,2,1,531]
s: 933
i: [1,541,0,3,1,1,0,0] t21_waybel_8
a: [3,883,0,3,1,541]
s: 883
i: [1,540,0,3,1,1,0,0] t21_waybel_8
a: [3,888,0,3,1,540]
s: 888
i: [1,539,0,4,1,1,0,0] t21_waybel_8
a: [3,893,0,4,1,539]
s: 893
i: [1,542,0,2,1,0,0,255] fc7_card_1
a: [3,938,0,2,1,542]
s: 938
i: [1,543,0,2,1,0,0,255] spc1_boole
a: [3,943,0,2,1,543]
s: 943
i: [1,544,0,2,1,0,0,255] fc4_card_1
a: [3,948,0,2,1,544]
s: 948
i: [1,545,0,2,1,0,0,255] fc1_xboole_0
a: [3,953,0,2,1,545]
s: 953
i: [1,550,0,2,1,0,0,255] fc6_ordinal1
a: [3,973,0,2,1,550]
s: 973
i: [1,549,0,2,1,0,0,255] fc6_ordinal1
a: [3,978,0,2,1,549]
s: 978
i: [1,856,0,2,1,0,0,4] rc3_card_1
a: [3,998,0,2,1,856]
s: 998
i: [1,857,0,2,1,0,0,4] rc2_xboole_0
a: [3,1003,0,2,1,857]
s: 1003
i: [1,858,0,2,1,0,0,1] existence_l1_orders_2
a: [3,1008,0,2,1,858]
s: 1008
i: [1,859,0,2,1,0,0,3] existence_l1_struct_0
a: [3,1013,0,2,1,859]
s: 1013
i: [1,860,0,2,1,0,0,255] rc4_ordinal1
a: [3,1018,0,2,1,860]
s: 1018
i: [1,861,0,2,1,0,0,255] rc1_card_1
a: [3,1023,0,2,1,861]
s: 1023
i: [1,862,0,2,1,0,0,255] rc1_ordinal1
a: [3,1028,0,2,1,862]
s: 1028
i: [1,863,0,2,1,0,0,4] rc1_xboole_0
a: [3,1033,0,2,1,863]
s: 1033
i: [1,867,0,2,1,0,0,255] rc2_ordinal1
a: [3,1038,0,2,1,867]
s: 1038
i: [1,866,0,2,1,0,0,255] rc2_ordinal1
a: [3,1043,0,2,1,866]
s: 1043
i: [1,865,0,2,1,0,0,255] rc2_ordinal1
a: [3,1048,0,2,1,865]
s: 1048
i: [1,864,0,2,1,0,0,255] rc2_ordinal1
a: [3,1053,0,2,1,864]
s: 1053
i: [1,869,0,2,1,0,0,255] rc5_ordinal1
a: [3,1058,0,2,1,869]
s: 1058
i: [1,868,0,2,1,0,0,255] rc5_ordinal1
a: [3,1063,0,2,1,868]
s: 1063
i: [1,871,0,2,1,0,0,4] rc1_finset_1
a: [3,1068,0,2,1,871]
s: 1068
i: [1,870,0,2,1,0,0,4] rc1_finset_1
a: [3,1073,0,2,1,870]
s: 1073
i: [1,874,0,2,1,0,0,255] rc8_finset_1
a: [3,1078,0,2,1,874]
s: 1078
i: [1,873,0,2,1,0,0,255] rc8_finset_1
a: [3,1083,0,2,1,873]
s: 1083
i: [1,872,0,2,1,0,0,255] rc8_finset_1
a: [3,1088,0,2,1,872]
s: 1088
i: [1,879,0,2,1,0,0,255] rc2_card_1
a: [3,1093,0,2,1,879]
s: 1093
i: [1,878,0,2,1,0,0,255] rc2_card_1
a: [3,1098,0,2,1,878]
s: 1098
i: [1,877,0,2,1,0,0,255] rc2_card_1
a: [3,1103,0,2,1,877]
s: 1103
i: [1,876,0,2,1,0,0,255] rc2_card_1
a: [3,1108,0,2,1,876]
s: 1108
i: [1,875,0,2,1,0,0,255] rc2_card_1
a: [3,1113,0,2,1,875]
s: 1113
i: [1,554,0,3,1,0,0,3] fc1_subset_1
s: 554
i: [1,836,0,3,1,0,0,3] rc2_subset_1
s: 836
i: [1,839,0,3,1,0,0,255] reflexivity_r1_tarski
s: 839
i: [1,546,0,3,1,0,0,255] redefinition_k5_numbers
a: [3,958,0,3,1,546]
s: 958
i: [1,547,0,3,1,0,0,255] t1_numerals
a: [3,963,0,3,1,547]
s: 963
i: [1,553,0,3,1,0,0,255] spc1_numerals
a: [3,983,0,3,1,553]
s: 983
i: [1,552,0,3,1,0,0,255] spc1_numerals
a: [3,988,0,3,1,552]
s: 988
d: [2,1115,0,3,1,2,22,988,958]
a: [3,1119,0,3,1,1115]
s: 1119
i: [1,560,0,4,2,0,0,3] cc5_finset_1
s: 560
i: [1,579,0,4,2,0,0,3] dt_l1_orders_2
s: 579
d: [2,1121,1,2,1,1,40,579,898]
a: [3,1126,1,2,1,1121]
s: 1126
i: [1,748,0,4,2,0,0,255] cc3_card_1
s: 748
d: [2,1122,1,2,1,1,40,579,1008]
a: [3,1131,1,2,1,1122]
s: 1131
i: [1,749,0,4,2,0,0,255] cc6_ordinal1
s: 749
i: [1,750,0,4,2,0,0,255] cc5_card_1
s: 750
d: [2,1133,1,2,1,1,40,748,1018]
a: [3,1138,1,2,1,1133]
s: 1138
i: [1,751,0,4,2,0,0,255] cc1_card_1
s: 751
d: [2,1134,1,2,1,1,40,748,1058]
a: [3,1143,1,2,1,1134]
s: 1143
i: [1,755,0,4,2,0,0,3] cc4_finset_1
s: 755
i: [1,757,0,4,2,0,0,255] cc1_ordinal1
s: 757
d: [2,1145,1,2,1,1,40,749,1018]
a: [3,1150,1,2,1,1145]
s: 1150
i: [1,758,0,4,2,0,0,255] cc1_ordinal1
s: 758
d: [2,1146,1,2,1,1,40,749,1058]
a: [3,1155,1,2,1,1146]
s: 1155
i: [1,763,0,4,2,0,0,255] cc9_ordinal1
s: 763
i: [1,764,0,4,2,0,0,255] cc6_finset_1
s: 764
d: [2,1157,1,2,1,1,40,750,1018]
a: [3,1162,1,2,1,1157]
s: 1162
i: [1,765,0,4,2,0,0,255] cc7_ordinal1
s: 765
d: [2,1158,1,2,1,1,40,750,1058]
a: [3,1167,1,2,1,1158]
s: 1167
i: [1,766,0,4,2,0,0,255] cc2_card_1
s: 766
i: [1,767,0,4,2,0,0,255] cc3_ordinal1
s: 767
d: [2,1171,1,2,1,1,40,751,1023]
a: [3,1177,1,2,1,1171]
s: 1177
i: [1,768,0,4,2,0,0,4] cc1_finset_1
s: 768
d: [2,1181,1,2,1,1,40,757,973]
a: [3,1188,1,2,1,1181]
s: 1188
i: [1,834,0,4,1,0,0,1] existence_m1_subset_1
s: 834
i: [1,838,0,4,1,0,0,255] rc3_subset_1
s: 838
d: [2,1182,1,2,1,1,40,757,1028]
a: [3,1193,1,2,1,1182]
s: 1193
i: [1,854,0,4,1,0,0,255] rc1_relset_1
s: 854
d: [2,1201,1,2,1,1,40,758,973]
a: [3,1209,1,2,1,1201]
s: 1209
i: [1,855,0,4,1,0,0,255] rc1_relset_1
s: 855
i: [1,548,0,4,1,0,0,255] dt_k5_numbers
a: [3,968,0,4,1,548]
s: 968
d: [2,1203,1,2,1,1,40,758,1028]
a: [3,1219,1,2,1,1203]
s: 1219
i: [1,551,0,4,1,0,0,255] spc1_numerals
a: [3,993,0,4,1,551]
s: 993
d: [2,1233,1,2,1,1,40,763,953]
a: [3,1239,1,2,1,1233]
s: 1239
d: [2,1329,0,4,1,2,22,968,958]
a: [3,1333,0,4,1,1329]
s: 1333
d: [2,1335,0,4,1,2,22,993,958]
a: [3,1339,0,4,1,1335]
s: 1339
d: [2,1234,1,2,1,1,40,763,1033]
a: [3,1244,1,2,1,1234]
s: 1244
i: [1,556,0,5,2,0,0,3] rc6_subset_1
s: 556
d: [2,1246,1,2,1,1,40,764,953]
a: [3,1252,1,2,1,1246]
s: 1252
i: [1,558,0,5,2,0,0,3] rc7_finset_1
s: 558
i: [1,559,0,5,2,0,0,3] rc7_finset_1
s: 559
d: [2,1247,1,2,1,1,40,764,1033]
a: [3,1257,1,2,1,1247]
s: 1257
i: [1,561,0,5,2,0,0,4] fc9_card_1
s: 561
d: [2,1259,1,2,1,1,40,765,953]
a: [3,1265,1,2,1,1259]
s: 1265
i: [1,563,0,5,2,0,0,4] rc4_card_1
s: 563
i: [1,567,0,5,2,0,0,3] rc1_subset_1
s: 567
d: [2,1260,1,2,1,1,40,765,1033]
a: [3,1270,1,2,1,1260]
s: 1270
i: [1,569,0,5,2,0,0,3] rc5_subset_1
s: 569
d: [2,1272,1,2,1,1,40,766,953]
a: [3,1278,1,2,1,1272]
s: 1278
i: [1,570,0,5,2,0,0,3] rc5_subset_1
s: 570
i: [1,572,0,5,2,0,0,4] rc2_finset_1
s: 572
d: [2,1273,1,2,1,1,40,766,1033]
a: [3,1283,1,2,1,1273]
s: 1283
i: [1,573,0,5,2,0,0,4] rc2_finset_1
s: 573
d: [2,1285,1,2,1,1,40,767,953]
a: [3,1291,1,2,1,1285]
s: 1291
i: [1,753,0,5,2,0,0,255] rc23_struct_0
s: 753
i: [1,760,0,5,2,0,0,255] fc31_finset_1
s: 760
d: [2,1286,1,2,1,1,40,767,1033]
a: [3,1296,1,2,1,1286]
s: 1296
i: [1,761,0,5,2,0,0,4] fc17_finset_1
s: 761
d: [2,1310,1,2,1,1,40,768,953]
a: [3,1316,1,2,1,1310]
s: 1316
i: [1,769,0,5,2,0,0,255] t6_boole
s: 769
i: [1,770,0,5,2,0,0,255] cc8_card_1
s: 770
d: [2,1311,1,2,1,1,40,768,1033]
a: [3,1321,1,2,1,1311]
s: 1321
i: [1,773,0,5,2,0,0,255] cc7_card_1
s: 773
d: [2,1195,2,2,1,1,40,1150,757]
a: [3,1199,2,2,1,1195]
s: 1199
i: [1,774,0,5,2,0,0,255] cc9_card_1
s: 774
i: [1,775,0,5,2,0,0,255] cc9_card_1
s: 775
d: [2,1202,2,2,1,1,40,758,1150]
a: [3,1214,2,2,1,1202]
s: 1214
i: [1,776,0,5,2,0,0,255] cc8_ordinal1
s: 776
d: [2,1395,1,2,1,1,40,776,1119]
a: [3,1401,1,2,1,1395]
s: 1401
i: [1,777,0,5,2,0,0,255] cc4_card_1
s: 777
i: [1,831,0,5,2,0,0,255] t7_boole
s: 831
d: [2,1221,2,2,1,1,40,1155,758]
a: [3,1226,2,2,1,1221]
s: 1226
i: [1,835,0,5,1,0,0,3] rc2_subset_1
s: 835
d: [2,1222,2,2,1,1,40,1155,757]
a: [3,1231,2,2,1,1222]
s: 1231
i: [1,837,0,5,1,0,0,255] rc3_subset_1
s: 837
i: [1,575,0,6,2,0,0,255] rc7_card_1
s: 575
d: [2,1298,2,2,1,1,40,1177,758]
a: [3,1303,2,2,1,1298]
s: 1303
i: [1,577,0,6,2,0,0,255] rc4_subset_1
s: 577
d: [2,1299,2,2,1,1,40,1177,757]
a: [3,1308,2,2,1,1299]
s: 1308
i: [1,580,0,6,3,0,0,255] cc4_yellow_0
s: 580
i: [1,581,0,6,3,0,0,255] cc4_yellow_0
s: 581
d: [2,1358,2,2,1,1,40,1291,758]
a: [3,1363,2,2,1,1358]
s: 1363
i: [1,582,0,6,3,0,0,1] cc2_lattice3
s: 582
d: [2,1359,2,2,1,1,40,1291,757]
a: [3,1368,2,2,1,1359]
s: 1368
i: [1,583,0,6,3,0,0,1] cc1_lattice3
s: 583
i: [1,732,0,6,3,0,0,255] cc7_struct_0
s: 732
d: [2,1370,2,2,1,1,40,1296,758]
a: [3,1375,2,2,1,1370]
s: 1375
i: [1,733,0,6,3,0,0,255] cc5_struct_0
s: 733
d: [2,1371,2,2,1,1,40,1296,757]
a: [3,1380,2,2,1,1371]
s: 1380
i: [1,735,0,6,3,0,0,2] cc2_struct_0
s: 735
i: [1,736,0,6,3,0,0,2] cc17_struct_0
s: 736
d: [2,1408,2,2,1,1,40,1401,750]
a: [3,1414,2,2,1,1408]
s: 1414
i: [1,737,0,6,3,0,0,255] cc6_struct_0
s: 737
d: [2,1409,2,2,1,1,40,1401,749]
a: [3,1419,2,2,1,1409]
s: 1419
i: [1,738,0,6,3,0,0,2] cc1_struct_0
s: 738
i: [1,741,0,6,3,0,0,255] cc4_struct_0
s: 741
d: [2,1410,2,2,1,1,40,1401,748]
a: [3,1424,2,2,1,1410]
s: 1424
i: [1,752,0,6,2,0,0,255] rc5_card_1
s: 752
d: [2,1439,3,2,1,1,40,1419,758]
a: [3,1444,3,2,1,1439]
s: 1444
i: [1,754,0,6,2,0,0,255] rc23_struct_0
s: 754
i: [1,805,0,6,3,0,0,255] cc2_ordinal1
s: 805
d: [2,1440,3,2,1,1,40,1419,757]
a: [3,1449,3,2,1,1440]
s: 1449
i: [1,808,0,6,3,0,0,255] cc6_card_1
s: 808
d: [2,1491,1,4,2,1,40,808,1068]
a: [3,1497,1,2,1,1491]
s: 1497
i: [1,827,0,6,2,0,0,255] t1_subset
s: 827
i: [1,842,0,6,2,0,0,255] antisymmetry_r2_hidden
s: 842
d: [2,1492,1,4,2,1,40,808,1083]
a: [3,1506,1,2,1,1492]
s: 1506
i: [1,555,0,7,2,0,0,3] rc6_subset_1
s: 555
d: [2,1493,1,4,2,1,40,808,1098]
d: [2,1512,1,2,1,2,21,1493,1103]
a: [3,1516,1,2,1,1512]
s: 1516
i: [1,557,0,7,2,0,0,3] rc7_finset_1
s: 557
i: [1,562,0,7,2,0,0,4] rc4_card_1
s: 562
d: [2,1235,1,3,1,0,40,763,836]
s: 1235
i: [1,566,0,7,2,0,0,3] rc1_subset_1
s: 566
d: [2,1248,1,3,1,0,40,764,836]
s: 1248
i: [1,568,0,7,2,0,0,3] rc5_subset_1
s: 568
i: [1,571,0,7,2,0,0,4] rc2_finset_1
s: 571
d: [2,1261,1,3,1,0,40,765,836]
s: 1261
i: [1,574,0,7,2,0,0,255] rc7_card_1
s: 574
d: [2,1274,1,3,1,0,40,766,836]
s: 1274
i: [1,576,0,7,2,0,0,255] rc4_subset_1
s: 576
i: [1,739,0,7,3,0,0,255] cc8_struct_0
s: 739
d: [2,1287,1,3,1,0,40,767,836]
s: 1287
i: [1,742,0,7,3,0,0,255] cc9_struct_0
s: 742
d: [2,1312,1,3,1,0,40,768,836]
s: 1312
i: [1,743,0,7,3,0,0,255] cc11_struct_0
s: 743
i: [1,744,0,7,3,0,0,255] cc11_struct_0
s: 744
d: [2,1397,1,3,1,0,40,776,834]
a: [3,1406,1,3,1,1397]
s: 1406
i: [1,746,0,7,3,0,0,255] cc7_finset_1
s: 746
d: [2,1579,1,5,2,1,40,746,893]
a: [3,1600,1,3,1,1579]
s: 1600
i: [1,759,0,7,3,0,0,255] cc5_ordinal1
s: 759
i: [1,778,0,7,3,0,0,255] fc9_struct_0
s: 778
d: [2,1611,1,5,2,1,40,759,893]
a: [3,1626,1,3,1,1611]
s: 1626
i: [1,779,0,7,3,0,0,2] fc6_struct_0
s: 779
d: [2,1428,1,3,1,0,40,777,834]
a: [3,1433,1,3,1,1428]
s: 1433
i: [1,781,0,7,3,0,0,2] rc22_struct_0
s: 781
i: [1,782,0,7,3,0,0,255] cc10_card_1
s: 782
d: [2,1452,1,5,2,0,40,752,773]
d: [2,1455,1,3,1,1,21,1452,1278]
a: [3,1459,1,3,1,1455]
s: 1459
i: [1,789,0,7,3,0,0,3] fc2_struct_0
s: 789
d: [2,1453,1,5,2,0,40,752,775]
d: [2,1461,1,3,1,1,21,1453,1424]
a: [3,1465,1,3,1,1461]
s: 1465
i: [1,791,0,7,3,0,0,3] rc4_struct_0
s: 791
i: [1,793,0,7,3,0,0,3] rc21_struct_0
s: 793
d: [2,1454,1,5,2,0,40,752,774]
d: [2,1467,1,3,1,1,21,1454,1424]
a: [3,1471,1,3,1,1467]
s: 1471
i: [1,794,0,7,3,0,0,3] rc21_struct_0
s: 794
d: [2,1528,1,8,3,0,40,742,754]
d: [2,1532,1,6,2,1,21,1528,1278]
a: [3,1536,1,3,1,1532]
s: 1536
d: [2,1679,2,0,0,2,52,1278,1536,753]
e: 1679
d: [2,1680,2,2,1,1,40,1536,753]
d: [2,1683,2,0,0,2,21,1680,1278]
e: 1683
r: 1536
i: [1,806,0,7,3,0,0,255] fc8_struct_0
s: 806
i: [1,807,0,7,3,0,0,2] fc7_struct_0
s: 807
a: [3,1535,1,3,1,1532]
s: 1535
i: [1,826,0,7,3,0,0,3] fc1_struct_0
s: 826
a: [3,1540,1,3,1,1532]
s: 1540
i: [1,829,0,7,2,0,0,255] t3_subset
s: 829
i: [1,830,0,7,3,0,0,255] t8_boole
s: 830
d: [2,1543,1,8,3,0,40,743,754]
d: [2,1544,1,6,2,1,21,1543,1424]
a: [3,1548,1,3,1,1544]
s: 1548
d: [2,1733,3,0,0,2,52,1424,1548,753]
e: 1733
d: [2,1734,2,2,1,1,40,1548,753]
d: [2,1736,2,0,0,2,21,1734,1424]
e: 1736
r: 1548
i: [1,578,0,8,3,0,0,255] cc10_ordinal1
s: 578
d: [2,1739,1,4,2,1,40,578,1333]
a: [3,1754,1,2,1,1739]
s: 1754
i: [1,585,0,8,4,0,0,255] cc10_waybel_1
s: 585
i: [1,587,0,8,4,0,0,255] cc8_waybel_1
s: 587
a: [3,1547,1,3,1,1544]
s: 1547
i: [1,588,0,8,4,0,0,255] cc8_waybel_1
s: 588
a: [3,1552,1,3,1,1544]
s: 1552
i: [1,589,0,8,4,0,0,255] cc8_waybel_1
s: 589
i: [1,590,0,8,4,0,0,255] cc8_waybel_1
s: 590
d: [2,1554,1,8,3,0,40,744,754]
d: [2,1555,1,6,2,1,21,1554,1424]
a: [3,1559,1,3,1,1555]
s: 1559
i: [1,591,0,8,4,0,0,255] cc8_waybel_1
s: 591
d: [2,1577,1,5,2,1,40,746,1333]
d: [2,1591,1,3,1,2,21,1577,938]
a: [3,1595,1,3,1,1591]
s: 1595
i: [1,592,0,8,4,0,0,255] cc8_waybel_1
s: 592
i: [1,593,0,8,4,0,0,255] cc8_waybel_1
s: 593
d: [2,1767,2,2,1,1,40,1595,760]
a: [3,1771,2,2,1,1767]
s: 1771
i: [1,594,0,8,4,0,0,255] cc8_waybel_1
s: 594
d: [2,1521,2,3,1,0,40,1261,750]
s: 1521
i: [1,596,0,8,4,0,0,255] cc6_waybel_1
s: 596
i: [1,598,0,8,4,0,0,255] cc7_waybel_1
s: 598
d: [2,1522,2,3,1,0,40,1261,749]
s: 1522
i: [1,600,0,8,4,0,0,255] cc5_waybel_1
s: 600
d: [2,1523,2,3,1,0,40,1261,748]
s: 1523
i: [1,601,0,8,4,0,0,255] cc5_waybel_1
s: 601
i: [1,602,0,8,4,0,0,255] cc5_waybel_1
s: 602
d: [2,1524,2,3,1,0,40,1274,751]
s: 1524
i: [1,603,0,8,4,0,0,255] cc5_waybel_1
s: 603
d: [2,1526,2,3,1,0,40,1287,758]
s: 1526
i: [1,604,0,8,4,0,0,255] cc5_waybel_1
s: 604
i: [1,606,0,8,4,0,0,255] cc3_yellow_0
s: 606
d: [2,1527,2,3,1,0,40,1287,757]
s: 1527
i: [1,608,0,8,4,0,0,4] cc1_yellow_0
s: 608
d: [2,1562,2,3,1,1,40,1406,749]
a: [3,1568,2,3,1,1562]
s: 1568
i: [1,609,0,8,4,0,0,4] cc1_yellow_0
s: 609
i: [1,681,0,8,4,0,0,255] cc5_yellow_0
s: 681
d: [2,1563,2,3,1,1,40,1406,748]
a: [3,1573,2,3,1,1563]
s: 1573
i: [1,731,0,8,2,0,0,255] rc1_waybel_0
s: 731
d: [2,1635,2,3,1,1,40,1459,768]
a: [3,1645,2,3,1,1635]
s: 1645
i: [1,747,0,8,3,0,0,255] cc8_finset_1
s: 747
i: [1,756,0,8,3,0,0,3] cc5_subset_1
s: 756
d: [2,1794,1,4,2,1,40,747,1333]
a: [3,1810,1,2,1,1794]
s: 1810
i: [1,762,0,8,3,0,0,4] cc2_finset_1
s: 762
d: [2,1817,1,4,2,1,40,756,1333]
a: [3,1833,1,2,1,1817]
s: 1833
i: [1,771,0,8,3,0,0,3] cc1_subset_1
s: 771
i: [1,828,0,8,3,0,0,255] t2_subset
s: 828
d: [2,1878,1,7,2,1,40,828,893]
a: [3,1918,1,4,1,1878]
s: 1918
i: [1,843,0,8,3,0,0,3] fc11_card_1
s: 843
a: [3,1921,1,3,1,1878]
s: 1921
i: [1,844,0,8,3,0,0,3] fc10_card_1
s: 844
i: [1,845,0,8,3,0,0,3] fc10_subset_1
s: 845
d: [2,1944,2,4,2,1,40,1921,826]
d: [2,1945,2,2,1,2,21,1944,1126]
a: [3,1949,2,2,1,1945]
s: 1949
i: [1,851,0,8,3,0,0,3] fc14_finset_1
s: 851
d: [2,1935,2,4,1,1,40,1918,842]
a: [3,1941,2,4,1,1935]
s: 1941
i: [1,852,0,8,2,0,0,255] cc1_relset_1
s: 852
i: [1,853,0,8,1,0,0,255] rc1_relset_1
s: 853
d: [2,1854,1,4,2,1,40,771,1333]
d: [2,1867,1,2,1,2,21,1854,978]
a: [3,1871,1,2,1,1867]
s: 1871
i: [1,718,0,9,4,0,0,255] cc3_waybel_2
s: 718
d: [2,1874,1,5,2,1,40,828,983]
a: [3,1895,1,3,1,1874]
s: 1895
i: [1,721,0,9,4,0,0,255] cc3_waybel_3
s: 721
i: [1,724,0,9,4,0,0,255] cc2_waybel_2
s: 724
d: [2,1875,1,5,2,1,40,828,1119]
d: [2,1897,1,3,1,2,21,1875,978]
a: [3,1901,1,3,1,1897]
s: 1901
i: [1,725,0,9,4,0,0,255] cc2_waybel_2
s: 725
d: [2,1877,1,5,2,1,40,828,963]
d: [2,1909,1,3,1,2,21,1877,978]
a: [3,1913,1,3,1,1909]
s: 1913
i: [1,728,0,9,4,0,0,255] cc2_yellow_0
s: 728
i: [1,729,0,9,4,0,0,255] cc2_yellow_0
s: 729
d: [2,1976,1,11,4,0,40,718,754]
d: [2,1977,1,9,3,1,21,1976,1424]
a: [3,1981,1,3,1,1977]
s: 1981
i: [1,730,0,9,4,0,0,255] cc2_yellow_0
s: 730
d: [2,1636,2,3,1,1,40,1459,767]
a: [3,1650,2,3,1,1636]
s: 1650
i: [1,745,0,9,4,0,0,255] cc10_struct_0
s: 745
i: [1,772,0,9,3,0,0,255] cc4_subset_1
s: 772
d: [2,1637,2,3,1,1,40,1459,766]
a: [3,1655,2,3,1,1637]
s: 1655
i: [1,799,0,9,4,0,0,255] rc2_waybel_0
s: 799
d: [2,1638,2,3,1,1,40,1459,765]
a: [3,1660,2,3,1,1638]
s: 1660
i: [1,800,0,9,4,0,0,255] rc2_waybel_0
s: 800
i: [1,833,0,9,3,0,0,255] t5_subset
s: 833
d: [2,1639,2,3,1,1,40,1459,764]
a: [3,1665,2,3,1,1639]
s: 1665
i: [1,612,0,10,5,0,0,255] cc6_waybel_0
s: 612
d: [2,1640,2,3,1,1,40,1459,763]
a: [3,1670,2,3,1,1640]
s: 1670
i: [1,615,0,10,5,0,0,255] cc2_waybel_8
s: 615
i: [1,618,0,10,5,0,0,255] cc12_waybel_0
s: 618
d: [2,1672,2,3,1,1,40,1465,560]
a: [3,1676,2,3,1,1672]
s: 1676
i: [1,621,0,10,5,0,0,255] cc4_waybel_3
s: 621
d: [2,1700,2,6,2,1,40,1540,735]
d: [2,1705,2,3,1,2,21,1700,1535]
a: [3,1709,2,3,1,1705]
s: 1709
i: [1,622,0,10,5,0,0,255] cc4_waybel_3
s: 622
i: [1,625,0,10,5,0,0,255] cc4_waybel_2
s: 625
d: [2,1701,2,6,2,1,40,1540,733]
d: [2,1711,2,3,1,2,21,1701,1535]
a: [3,1715,2,3,1,1711]
s: 1715
i: [1,626,0,10,5,0,0,255] cc4_waybel_2
s: 626
d: [2,1702,2,6,2,1,40,1540,583]
a: [3,1720,2,3,1,1702]
s: 1720
i: [1,628,0,10,5,0,0,255] cc1_waybel_2
s: 628
i: [1,629,0,10,5,0,0,255] cc1_waybel_2
s: 629
d: [2,1760,2,6,2,1,40,1559,732]
d: [2,1761,2,3,1,2,21,1760,1547]
a: [3,1765,2,3,1,1761]
s: 1765
i: [1,635,0,10,5,0,0,255] cc11_waybel_0
s: 635
d: [2,1991,2,3,1,1,40,1895,842]
a: [3,1997,2,3,1,1991]
s: 1997
i: [1,636,0,10,5,0,0,255] cc11_waybel_0
s: 636
i: [1,690,0,10,5,0,0,2] cc10_waybel_0
s: 690
d: [2,2013,2,3,1,1,40,1901,842]
a: [3,2019,2,3,1,2013]
s: 2019
i: [1,780,0,10,3,0,0,2] rc22_struct_0
s: 780
d: [2,2028,2,3,1,1,40,1913,842]
a: [3,2035,2,3,1,2028]
s: 2035
i: [1,790,0,10,3,0,0,3] rc4_struct_0
s: 790
i: [1,792,0,10,3,0,0,3] rc21_struct_0
s: 792
d: [2,1774,3,3,1,1,40,1568,758]
a: [3,1779,3,3,1,1774]
s: 1779
i: [1,832,0,10,3,0,0,255] t4_subset
s: 832
d: [2,1775,3,3,1,1,40,1568,757]
a: [3,1784,3,3,1,1775]
s: 1784
i: [1,840,0,10,3,0,0,3] cc3_relset_1
s: 840
i: [1,841,0,10,3,0,0,3] cc4_relset_1
s: 841
d: [2,2052,3,3,1,1,40,1650,758]
a: [3,2058,3,3,1,2052]
s: 2058
i: [1,564,0,11,4,0,0,255] cc3_subset_1
s: 564
d: [2,2053,3,3,1,1,40,1650,757]
a: [3,2063,3,3,1,2053]
s: 2063
i: [1,565,0,11,4,0,0,255] cc2_subset_1
s: 565
i: [1,850,0,11,4,0,0,255] fc19_struct_0
s: 850
d: [2,2123,3,6,2,1,40,1676,808]
a: [3,2127,3,3,1,2123]
s: 2127
i: [1,632,0,12,6,0,0,255] cc5_waybel_2
s: 632
d: [2,1323,1,4,1,0,40,854,768]
s: 1323
i: [1,675,0,12,6,0,0,255] cc14_waybel_0
s: 675
i: [1,796,0,12,5,0,0,1] rc5_waybel_6
s: 796
d: [2,1324,1,4,1,0,40,854,767]
s: 1324
i: [1,798,0,12,4,0,0,255] rc2_waybel_0
s: 798
d: [2,1325,1,4,1,0,40,854,766]
s: 1325
i: [1,801,0,12,5,0,0,255] fc21_waybel_4
s: 801
i: [1,803,0,12,5,0,0,255] fc20_waybel_4
s: 803
d: [2,1326,1,4,1,0,40,854,765]
s: 1326
i: [1,795,0,13,5,0,0,1] rc5_waybel_6
s: 795
d: [2,1327,1,4,1,0,40,854,764]
s: 1327
i: [1,810,0,13,6,0,0,255] rc1_waybel_4
s: 810
i: [1,679,0,14,7,0,0,255] cc15_waybel_0
s: 679
d: [2,1328,1,4,1,0,40,854,763]
s: 1328
i: [1,804,0,14,6,0,0,255] fc24_waybel_4
s: 804
d: [2,1876,1,7,2,1,40,828,1333]
d: [2,1903,1,4,1,1,21,1876,554]
a: [3,1907,1,4,1,1903]
s: 1907
i: [1,811,0,14,6,0,0,255] rc1_waybel_4
s: 811
i: [1,816,0,14,6,0,0,255] fc22_waybel_4
s: 816
d: [2,2262,2,4,1,0,40,1324,758]
s: 2262
i: [1,849,0,14,4,0,0,255] existence_m2_subset_1
s: 849
d: [2,2263,2,4,1,0,40,1324,757]
s: 2263
d: [2,2294,0,12,3,0,21,849,771]
s: 2294
i: [1,797,0,15,4,0,0,2] dt_k1_waybel_4
s: 797
d: [2,2285,2,4,1,1,40,1907,842]
a: [3,2291,2,4,1,2285]
s: 2291
i: [1,846,0,15,5,0,0,255] dt_m2_subset_1
s: 846
d: [2,1437,3,4,2,1,44,1363,769]
s: 1437
d: [2,2311,0,13,4,0,21,846,771]
s: 2311
i: [1,847,0,15,5,0,0,255] redefinition_m2_subset_1
s: 847
d: [2,1438,3,4,2,1,44,1368,769]
s: 1438
d: [2,2321,0,13,4,0,21,847,771]
s: 2321
d: [2,1355,1,5,2,0,40,570,560]
s: 1355
i: [1,848,0,15,5,0,0,255] redefinition_m2_subset_1
s: 848
d: [2,2332,0,13,4,0,21,848,771]
s: 2332
d: [2,1385,1,5,2,1,44,963,769]
s: 1385
i: [1,641,0,16,8,0,0,255] cc6_waybel_2
s: 641
d: [2,1435,1,5,2,0,40,575,775]
s: 1435
i: [1,642,0,16,8,0,0,255] cc6_waybel_2
s: 642
d: [2,2367,0,14,7,0,21,642,602]
d: [2,2368,0,12,6,0,21,2367,601]
d: [2,2369,0,10,5,0,21,2368,600]
s: 2369
d: [2,1436,1,5,2,0,40,575,774]
s: 1436
i: [1,658,0,16,8,0,0,255] cc6_waybel_3
s: 658
d: [2,1588,1,5,2,0,40,746,834]
s: 1588
i: [1,687,0,16,8,0,0,1] cc4_waybel_8
s: 687
i: [1,709,0,16,8,0,0,2] cc1_waybel_8
s: 709
d: [2,1582,1,8,3,0,40,746,562]
d: [2,1606,1,5,2,0,21,1582,563]
s: 1606
i: [1,715,0,16,8,0,0,1] cc3_waybel_8
s: 715
d: [2,2374,1,14,7,1,40,715,898]
d: [2,2376,1,12,6,2,21,2374,903]
d: [2,2377,1,10,5,3,21,2376,913]
d: [2,2378,1,8,4,4,21,2377,918]
d: [2,2379,1,6,3,5,21,2378,923]
d: [2,2380,1,4,2,6,21,2379,928]
d: [2,2381,1,2,1,7,21,2380,933]
a: [3,2385,1,2,1,2381]
s: 2385
r: 1918
r: 1921
r: 1949
i: [1,802,0,16,7,0,0,255] fc23_waybel_4
s: 802
i: [1,821,0,17,8,0,0,255] rc2_waybel_4
s: 821
a: [3,1948,2,2,1,1945]
s: 1948
d: [2,2439,3,0,0,3,52,898,913,1948,582]
e: 2439
d: [2,2440,3,0,0,3,52,898,918,1948,583]
e: 2440
d: [2,2443,3,4,2,1,40,1948,583]
d: [2,2449,3,2,1,2,21,2443,918]
d: [2,2450,3,0,0,3,21,2449,898]
e: 2450
d: [2,2444,3,4,2,1,40,1948,582]
d: [2,2452,3,2,1,2,21,2444,913]
d: [2,2453,3,0,0,3,21,2452,898]
e: 2453
r: 1948
i: [1,647,0,18,9,0,0,255] cc7_waybel_2
s: 647
s: 1949
i: [1,652,0,18,9,0,0,255] cc1_yellow_2
s: 652
i: [1,663,0,18,9,0,0,255] cc2_waybel_3
s: 663
d: [2,2416,2,14,7,1,40,2385,709]
d: [2,2418,2,12,6,2,21,2416,913]
d: [2,2419,2,10,5,3,21,2418,918]
d: [2,2420,2,8,4,4,21,2419,923]
d: [2,2421,2,6,3,5,21,2420,928]
d: [2,2422,2,4,2,6,21,2421,933]
d: [2,2423,2,2,1,7,21,2422,898]
a: [3,2427,2,2,1,2423]
s: 2427
i: [1,669,0,18,9,0,0,3] cc13_waybel_0
s: 669
d: [2,2417,2,8,4,1,40,2385,615]
d: [2,2429,2,6,3,2,21,2417,933]
d: [2,2430,2,4,2,3,21,2429,1949]
d: [2,2431,2,2,1,4,21,2430,898]
a: [3,2435,2,2,1,2431]
s: 2435
d: [2,2469,0,16,8,0,21,669,583]
s: 2469
i: [1,696,0,18,9,0,0,255] cc5_waybel_3
s: 696
d: [2,2455,3,8,4,1,40,2427,622]
d: [2,2457,3,6,3,2,21,2455,933]
d: [2,2458,3,4,2,3,21,2457,1949]
d: [2,2459,3,2,1,4,21,2458,898]
a: [3,2463,3,2,1,2459]
s: 2463
i: [1,703,0,18,9,0,0,255] cc4_waybel_4
s: 703
d: [2,2470,3,8,4,1,40,2435,690]
d: [2,2471,3,6,3,2,21,2470,918]
d: [2,2472,3,4,2,3,21,2471,933]
d: [2,2473,3,2,1,4,21,2472,898]
a: [3,2477,3,2,1,2473]
s: 2477
i: [1,783,0,18,5,0,0,255] cc5_waybel_4
s: 783
i: [1,784,0,18,5,0,0,255] cc1_waybel_4
s: 784
d: [2,2479,3,14,7,1,40,2469,2435]
d: [2,2480,3,12,6,2,21,2479,908]
d: [2,2481,3,10,5,3,21,2480,918]
d: [2,2482,3,8,4,4,21,2481,923]
d: [2,2483,3,6,3,5,21,2482,928]
d: [2,2484,3,4,2,6,21,2483,933]
d: [2,2485,3,2,1,7,21,2484,898]
a: [3,2489,3,2,1,2485]
s: 2489
i: [1,785,0,18,5,0,0,255] cc1_waybel_4
s: 785
d: [2,2492,3,16,8,1,40,703,2427]
d: [2,2493,3,14,7,2,21,2492,913]
d: [2,2494,3,12,6,3,21,2493,918]
d: [2,2495,3,10,5,4,21,2494,908]
d: [2,2496,3,8,4,5,21,2495,923]
d: [2,2497,3,6,3,6,21,2496,928]
d: [2,2498,3,4,2,7,21,2497,933]
d: [2,2499,3,2,1,8,21,2498,898]
a: [3,2503,3,2,1,2499]
s: 2503
i: [1,786,0,18,5,0,0,255] cc1_waybel_4
s: 786
i: [1,787,0,18,5,0,0,255] cc1_waybel_4
s: 787
d: [2,2505,4,6,3,1,40,2477,681]
d: [2,2506,4,4,2,2,21,2505,908]
d: [2,2507,4,2,1,3,21,2506,898]
a: [3,2511,4,2,1,2507]
s: 2511
i: [1,822,0,18,8,0,0,255] rc2_waybel_4
s: 822
d: [2,2544,4,8,4,1,40,2489,636]
d: [2,2556,4,6,3,2,21,2544,933]
d: [2,2557,4,4,2,3,21,2556,1949]
d: [2,2558,4,2,1,4,21,2557,898]
a: [3,2562,4,2,1,2558]
s: 2562
i: [1,823,0,18,8,0,0,255] rc2_waybel_4
s: 823
i: [1,809,0,19,6,0,0,255] rc1_waybel_4
s: 809
d: [2,2582,4,16,8,1,40,2503,647]
d: [2,2585,4,14,7,2,21,2582,2489]
d: [2,2586,4,12,6,3,21,2585,923]
d: [2,2587,4,10,5,4,21,2586,928]
d: [2,2588,4,8,4,5,21,2587,933]
d: [2,2589,4,6,3,6,21,2588,1949]
d: [2,2590,4,4,2,7,21,2589,898]
a: [3,2594,4,2,1,2590]
s: 2594
i: [1,813,0,20,9,0,0,255] fc27_waybel_4
s: 813
d: [2,2583,4,8,4,1,40,2503,626]
d: [2,2596,4,6,3,2,21,2583,933]
d: [2,2597,4,4,2,3,21,2596,1949]
d: [2,2598,4,2,1,4,21,2597,898]
a: [3,2602,4,2,1,2598]
s: 2602
i: [1,814,0,20,9,0,0,255] fc25_waybel_4
s: 814
i: [1,671,0,22,11,0,0,255] cc9_waybel_1
s: 671
a: [3,1922,1,3,1,1878]
s: 1922
d: [2,2678,3,0,0,3,52,1949,1126,1922,789]
e: 2678
d: [2,2679,2,0,0,2,52,1600,1922,764]
e: 2679
d: [2,2680,2,0,0,2,52,1626,1922,767]
e: 2680
d: [2,2681,2,4,2,1,40,1922,789]
d: [2,2693,2,2,1,2,21,2681,1126]
d: [2,2694,2,0,0,3,21,2693,1949]
e: 2694
d: [2,2683,2,3,1,1,40,1922,764]
d: [2,2696,2,0,0,2,21,2683,1600]
e: 2696
d: [2,2686,2,3,1,1,40,1922,767]
d: [2,2698,2,0,0,2,21,2686,1626]
e: 2698
r: 1922
d: [2,2677,0,20,10,0,21,671,583]
s: 2677
s: 1921
i: [1,824,0,22,10,0,0,2] t20_waybel_8
s: 824
d: [2,2702,0,20,9,0,21,824,715]
s: 2702
s: 1918
i: [1,825,0,22,10,0,0,2] t20_waybel_8
s: 825
d: [2,2375,1,14,7,1,40,715,1008]
a: [3,2394,1,2,1,2375]
s: 2394
i: [1,820,0,23,8,0,0,255] rc2_waybel_4
s: 820
i: [1,788,0,27,8,0,0,255] cc2_waybel_4
s: 788
d: [2,1620,1,5,2,0,40,759,834]
s: 1620
i: [1,815,0,30,12,0,0,1] t45_waybel_7
s: 815
d: [2,1750,1,5,2,0,40,578,837]
s: 1750
i: [1,819,0,34,12,0,0,255] cc6_waybel_4
s: 819
d: [2,1806,1,5,2,0,40,747,837]
s: 1806
d: [2,1828,1,5,2,0,40,756,835]
s: 1828
d: [2,1829,1,5,2,0,40,756,837]
s: 1829
d: [2,1852,1,5,2,0,40,762,837]
s: 1852
d: [2,1866,1,5,2,0,40,771,837]
s: 1866
d: [2,1889,1,8,2,0,40,828,835]
d: [2,1933,1,5,1,0,21,1889,554]
s: 1933
d: [2,1890,1,8,2,0,40,828,837]
d: [2,1934,1,5,1,0,21,1890,554]
s: 1934
d: [2,1964,1,5,1,0,40,852,835]
s: 1964
d: [2,1965,1,5,1,0,40,852,837]
s: 1965
d: [2,2243,1,9,3,0,40,564,837]
d: [2,2252,1,5,2,0,21,2243,838]
s: 2252
d: [2,1590,1,6,2,0,40,746,837]
s: 1590
d: [2,1641,2,5,2,1,44,1459,769]
s: 1641
d: [2,1622,1,6,2,0,40,759,837]
s: 1622
d: [2,1691,2,5,2,1,44,1535,769]
s: 1691
d: [2,1748,1,6,2,0,40,578,834]
s: 1748
d: [2,1804,1,6,2,0,40,747,834]
s: 1804
d: [2,1704,2,5,2,1,44,1540,769]
s: 1704
d: [2,1827,1,6,2,0,40,756,834]
s: 1827
d: [2,2031,2,5,2,1,44,1913,769]
s: 2031
d: [2,1850,1,6,2,0,40,762,834]
s: 1850
d: [2,1864,1,6,2,0,40,771,834]
s: 1864
d: [2,2362,2,7,3,1,40,1385,828]
d: [2,2365,2,5,2,2,21,2362,978]
s: 2365
d: [2,1888,1,6,2,0,40,828,834]
s: 1888
d: [2,2366,2,5,2,0,40,1435,560]
s: 2366
d: [2,1963,1,6,1,0,40,852,834]
s: 1963
d: [2,2095,1,6,2,0,40,772,835]
s: 2095
d: [2,2763,2,5,2,0,40,1620,758]
s: 2763
d: [2,2117,1,6,2,0,40,833,835]
s: 2117
d: [2,2764,2,5,2,0,40,1620,757]
s: 2764
d: [2,2118,1,6,2,0,40,833,837]
s: 2118
d: [2,2176,1,6,2,1,40,832,1333]
s: 2176
d: [2,2848,2,3,1,2,40,2176,1913]
a: [3,2853,2,3,1,2848]
s: 2853
d: [2,2197,1,11,3,0,40,840,566]
d: [2,2206,1,6,2,0,21,2197,567]
s: 2206
d: [2,2861,3,5,2,1,40,2853,828]
d: [2,2865,3,3,1,2,21,2861,1871]
a: [3,2869,3,3,1,2865]
s: 2869
d: [2,2198,1,11,3,0,40,840,568]
d: [2,2207,1,6,2,0,21,2198,569]
s: 2207
d: [2,2199,1,11,3,0,40,840,571]
d: [2,2208,1,6,2,0,21,2199,572]
s: 2208
d: [2,2880,4,3,1,1,40,2869,842]
a: [3,2887,4,3,1,2880]
s: 2887
d: [2,2213,1,11,3,0,40,841,566]
d: [2,2222,1,6,2,0,21,2213,567]
s: 2222
d: [2,2849,2,6,2,1,40,2176,1888]
d: [2,2855,2,4,1,2,21,2849,978]
a: [3,2859,2,4,1,2855]
s: 2859
d: [2,2214,1,11,3,0,40,841,568]
d: [2,2223,1,6,2,0,21,2214,569]
s: 2223
d: [2,2215,1,11,3,0,40,841,571]
d: [2,2224,1,6,2,0,21,2215,572]
s: 2224
d: [2,2899,3,6,2,1,40,2859,828]
d: [2,2902,3,4,1,2,21,2899,1871]
a: [3,2906,3,4,1,2902]
s: 2906
d: [2,2242,1,9,3,0,40,564,835]
d: [2,2251,1,6,2,0,21,2242,836]
s: 2251
d: [2,2908,4,4,1,1,40,2906,842]
a: [3,2914,4,4,1,2908]
s: 2914
d: [2,1383,1,7,3,0,44,769,769]
s: 1383
d: [2,1392,1,7,3,0,44,770,769]
s: 1392
d: [2,2791,2,5,2,0,40,1829,560]
s: 2791
d: [2,1394,1,7,3,0,44,773,769]
s: 1394
d: [2,2793,2,5,2,0,40,1866,763]
s: 2793
d: [2,1678,1,7,3,0,40,794,560]
s: 1678
d: [2,1689,1,7,3,0,40,807,560]
s: 1689
d: [2,2794,2,5,2,0,40,1866,764]
s: 2794
d: [2,1693,1,7,3,0,40,826,768]
s: 1693
d: [2,2795,2,5,2,0,40,1866,765]
s: 2795
d: [2,1694,1,7,3,0,40,826,767]
s: 1694
d: [2,1695,1,7,3,0,40,826,766]
s: 1695
d: [2,2796,2,5,2,0,40,1866,766]
s: 2796
d: [2,1696,1,7,3,0,40,826,765]
s: 1696
d: [2,2797,2,5,2,0,40,1866,767]
s: 2797
d: [2,1697,1,7,3,0,40,826,764]
s: 1697
d: [2,1698,1,7,3,0,40,826,763]
s: 1698
d: [2,2798,2,5,2,0,40,1866,768]
s: 2798
d: [2,1738,1,7,3,0,40,578,829]
s: 1738
d: [2,2801,2,5,1,0,40,1933,842]
s: 2801
d: [2,1740,1,7,3,0,40,578,555]
s: 1740
d: [2,1741,1,7,3,0,40,578,557]
s: 1741
d: [2,2804,2,5,1,0,40,1934,842]
s: 2804
d: [2,1742,1,7,3,0,40,578,562]
s: 1742
d: [2,1791,3,5,2,1,44,1645,769]
s: 1791
d: [2,1743,1,7,3,0,40,578,566]
s: 1743
d: [2,1744,1,7,3,0,40,578,568]
s: 1744
d: [2,2054,3,5,2,1,44,1650,769]
s: 2054
d: [2,1745,1,7,3,0,40,578,571]
s: 1745
d: [2,2099,3,5,2,1,44,1655,769]
s: 2099
d: [2,1746,1,7,3,0,40,578,574]
s: 1746
d: [2,1747,1,7,3,0,40,578,576]
s: 1747
d: [2,2103,3,5,2,1,44,1660,769]
s: 2103
d: [2,1793,1,7,3,0,40,747,829]
s: 1793
d: [2,2120,3,5,2,1,44,1665,769]
s: 2120
d: [2,1795,1,7,3,0,40,747,555]
s: 1795
d: [2,1796,1,7,3,0,40,747,557]
s: 1796
d: [2,2122,3,5,2,1,44,1670,769]
s: 2122
d: [2,1797,1,7,3,0,40,747,562]
s: 1797
d: [2,2135,3,5,2,1,44,1709,769]
s: 2135
d: [2,1798,1,7,3,0,40,747,566]
s: 1798
d: [2,1799,1,7,3,0,40,747,568]
s: 1799
d: [2,2138,3,5,2,1,44,1715,769]
s: 2138
d: [2,1800,1,7,3,0,40,747,571]
s: 1800
d: [2,2139,3,5,2,1,44,1720,769]
s: 2139
d: [2,1801,1,7,3,0,40,747,574]
s: 1801
d: [2,1802,1,7,3,0,40,747,576]
s: 1802
d: [2,2810,3,5,2,1,40,1641,763]
s: 2810
d: [2,1816,1,7,3,0,40,756,829]
s: 1816
d: [2,2811,3,5,2,1,40,1641,764]
s: 2811
d: [2,1821,1,7,3,0,40,756,566]
s: 1821
d: [2,1823,1,7,3,0,40,756,571]
s: 1823
d: [2,2812,3,5,2,1,40,1641,765]
s: 2812
d: [2,1824,1,7,3,0,40,756,574]
s: 1824
d: [2,2813,3,5,2,1,40,1641,766]
s: 2813
d: [2,1825,1,7,3,0,40,756,576]
s: 1825
d: [2,1839,1,7,3,0,40,762,829]
s: 1839
d: [2,2814,3,5,2,1,40,1641,767]
s: 2814
d: [2,1841,1,7,3,0,40,762,555]
s: 1841
d: [2,2815,3,5,2,1,40,1641,768]
s: 2815
d: [2,1844,1,7,3,0,40,762,566]
s: 1844
d: [2,1845,1,7,3,0,40,762,568]
s: 1845
d: [2,2819,3,8,3,1,40,1704,735]
d: [2,2823,3,5,2,2,21,2819,1691]
s: 2823
d: [2,1847,1,7,3,0,40,762,574]
s: 1847
d: [2,2820,3,8,3,1,40,1704,733]
d: [2,2824,3,5,2,2,21,2820,1691]
s: 2824
d: [2,1848,1,7,3,0,40,762,576]
s: 1848
d: [2,1853,1,7,3,0,40,771,829]
s: 1853
d: [2,2846,3,5,2,2,40,2176,2031]
s: 2846
d: [2,1855,1,7,3,0,40,771,555]
s: 1855
d: [2,2864,3,5,2,1,44,2853,769]
s: 2864
d: [2,1856,1,7,3,0,40,771,557]
s: 1856
d: [2,1873,1,10,3,0,40,828,829]
d: [2,1891,1,7,2,0,21,1873,554]
s: 1891
d: [2,2938,3,5,2,0,40,2795,750]
s: 2938
d: [2,1879,1,10,3,0,40,828,555]
d: [2,1924,1,7,2,0,21,1879,554]
s: 1924
d: [2,2939,3,5,2,0,40,2795,749]
s: 2939
d: [2,1880,1,10,3,0,40,828,557]
d: [2,1925,1,7,2,0,21,1880,554]
s: 1925
d: [2,1881,1,10,3,0,40,828,562]
d: [2,1926,1,7,2,0,21,1881,554]
s: 1926
d: [2,2940,3,5,2,0,40,2795,748]
s: 2940
d: [2,1882,1,10,3,0,40,828,566]
d: [2,1927,1,7,2,0,21,1882,554]
s: 1927
d: [2,2945,3,5,2,0,40,2796,751]
s: 2945
d: [2,1883,1,10,3,0,40,828,568]
d: [2,1928,1,7,2,0,21,1883,554]
s: 1928
d: [2,1884,1,10,3,0,40,828,571]
d: [2,1929,1,7,2,0,21,1884,554]
s: 1929
d: [2,2949,3,5,2,0,40,2797,758]
s: 2949
d: [2,1885,1,10,3,0,40,828,574]
d: [2,1930,1,7,2,0,21,1885,554]
s: 1930
d: [2,2950,3,5,2,0,40,2797,757]
s: 2950
d: [2,1886,1,10,3,0,40,828,576]
d: [2,1931,1,7,2,0,21,1886,554]
s: 1931
d: [2,1954,1,7,2,0,40,852,829]
s: 1954
d: [2,3024,2,4,1,0,40,1954,839]
s: 3024
d: [2,2094,1,7,2,0,40,772,834]
s: 2094
d: [2,2226,4,5,2,1,44,2058,769]
s: 2226
d: [2,2116,1,7,2,0,40,833,834]
s: 2116
d: [2,2190,1,7,2,0,40,832,835]
s: 2190
d: [2,2254,4,5,2,1,44,2063,769]
s: 2254
d: [2,2191,1,7,2,0,40,832,837]
s: 2191
d: [2,2799,4,5,2,1,40,1866,1437]
s: 2799
d: [2,2204,1,7,2,0,40,840,837]
s: 2204
d: [2,2220,1,7,2,0,40,841,837]
s: 2220
d: [2,2800,4,5,2,1,40,1866,1438]
s: 2800
d: [2,2334,1,9,3,1,40,2332,1333]
d: [2,2353,1,7,2,2,21,2334,978]
s: 2353
d: [2,2816,4,5,2,2,40,1641,1437]
s: 2816
d: [2,1484,1,8,3,0,40,808,761]
s: 1484
d: [2,1486,1,8,3,0,40,808,559]
s: 1486
d: [2,2817,4,5,2,2,40,1641,1438]
s: 2817
d: [2,1487,1,8,3,0,40,808,573]
s: 1487
d: [2,2883,4,5,2,1,44,2869,769]
s: 2883
d: [2,1580,1,8,3,0,40,746,555]
s: 1580
d: [2,1583,1,8,3,0,40,746,566]
s: 1583
d: [2,2956,4,5,2,1,40,2054,758]
s: 2956
d: [2,1584,1,8,3,0,40,746,568]
s: 1584
d: [2,2957,4,5,2,1,40,2054,757]
s: 2957
d: [2,1586,1,8,3,0,40,746,574]
s: 1586
d: [2,1587,1,8,3,0,40,746,576]
s: 1587
d: [2,2965,4,8,3,1,40,2135,732]
d: [2,2966,4,5,2,2,21,2965,1691]
s: 2966
d: [2,1612,1,8,3,0,40,759,555]
s: 1612
d: [2,2976,4,7,3,2,40,2846,828]
d: [2,2979,4,5,2,3,21,2976,1871]
s: 2979
d: [2,1613,1,8,3,0,40,759,557]
s: 1613
d: [2,1614,1,8,3,0,40,759,562]
s: 1614
d: [2,2825,2,6,2,0,40,1827,560]
s: 2825
d: [2,1615,1,8,3,0,40,759,566]
s: 1615
d: [2,2831,2,6,2,0,40,1864,763]
s: 2831
d: [2,1616,1,8,3,0,40,759,568]
s: 1616
d: [2,1617,1,8,3,0,40,759,571]
s: 1617
d: [2,2832,2,6,2,0,40,1864,764]
s: 2832
d: [2,1618,1,8,3,0,40,759,574]
s: 1618
d: [2,2833,2,6,2,0,40,1864,765]
s: 2833
d: [2,1619,1,8,3,0,40,759,576]
s: 1619
d: [2,1731,1,8,3,0,40,829,759]
s: 1731
d: [2,3061,2,5,2,0,40,1731,839]
s: 3061
d: [2,1732,1,8,3,0,40,829,746]
s: 1732
d: [2,2834,2,6,2,0,40,1864,766]
s: 2834
d: [2,1787,1,8,3,0,40,731,578]
s: 1787
d: [2,1803,1,8,3,0,40,747,731]
s: 1803
d: [2,2835,2,6,2,0,40,1864,767]
s: 2835
d: [2,1826,1,8,3,0,40,756,731]
s: 1826
d: [2,2836,2,6,2,0,40,1864,768]
s: 2836
d: [2,1849,1,8,3,0,40,762,731]
s: 1849
d: [2,1863,1,8,3,0,40,771,731]
s: 1863
d: [2,2839,2,6,2,0,40,1888,842]
s: 2839
d: [2,1887,1,12,3,0,40,828,731]
d: [2,1932,1,8,2,0,21,1887,554]
s: 1932
d: [2,2872,2,6,2,0,40,2206,763]
s: 2872
d: [2,1968,1,8,2,0,40,853,762]
s: 1968
d: [2,1969,1,8,2,0,40,853,756]
s: 1969
d: [2,2873,2,6,2,0,40,2206,764]
s: 2873
d: [2,1970,1,8,2,0,40,853,747]
s: 1970
d: [2,2874,2,6,2,0,40,2206,765]
s: 2874
d: [2,1971,1,8,2,0,40,853,578]
s: 1971
d: [2,1972,1,13,2,0,40,853,828]
d: [2,1975,1,8,1,0,21,1972,554]
s: 1975
d: [2,2875,2,6,2,0,40,2206,766]
s: 2875
d: [2,2083,1,8,3,0,40,772,829]
s: 2083
d: [2,3091,2,5,2,0,40,2083,839]
s: 3091
d: [2,2085,1,8,3,0,40,772,555]
s: 2085
d: [2,2086,1,8,3,0,40,772,557]
s: 2086
d: [2,2876,2,6,2,0,40,2206,767]
s: 2876
d: [2,2105,1,8,3,0,40,833,829]
s: 2105
d: [2,2877,2,6,2,0,40,2206,768]
s: 2877
d: [2,2107,1,8,3,0,40,833,555]
s: 2107
d: [2,2108,1,8,3,0,40,833,557]
s: 2108
d: [2,2891,2,6,2,0,40,2222,763]
s: 2891
d: [2,2189,1,8,2,0,40,832,834]
s: 2189
d: [2,2892,2,6,2,0,40,2222,764]
s: 2892
d: [2,2202,1,8,2,0,40,840,834]
s: 2202
d: [2,2218,1,8,2,0,40,841,834]
s: 2218
d: [2,2893,2,6,2,0,40,2222,765]
s: 2893
d: [2,2255,1,10,4,0,40,850,773]
d: [2,2258,1,8,3,1,21,2255,1278]
s: 2258
d: [2,3120,2,9,3,1,40,2258,754]
d: [2,3124,2,6,2,2,21,3120,1535]
d: [2,3125,2,4,1,2,21,3124,1278]
a: [3,3129,2,4,1,3125]
s: 3129
d: [2,2256,1,10,4,0,40,850,775]
d: [2,2259,1,8,3,1,21,2256,1424]
s: 2259
d: [2,2257,1,10,4,0,40,850,774]
d: [2,2260,1,8,3,1,21,2257,1424]
s: 2260
d: [2,3182,2,9,3,1,40,2259,754]
d: [2,3185,2,6,2,2,21,3182,1547]
d: [2,3186,2,4,1,2,21,3185,1424]
a: [3,3190,2,4,1,3186]
s: 3190
d: [2,1525,1,9,4,0,44,739,769]
s: 1525
d: [2,3192,2,9,3,1,40,2260,754]
d: [2,3195,2,6,2,2,21,3192,1547]
d: [2,3196,2,4,1,2,21,3195,1424]
a: [3,3200,2,4,1,3196]
s: 3200
d: [2,1530,1,9,4,0,44,742,769]
s: 1530
d: [2,1788,1,9,3,0,40,731,759]
s: 1788
d: [2,3133,3,4,1,1,40,3129,763]
a: [3,3145,3,4,1,3133]
s: 3145
d: [2,1789,1,9,3,0,40,731,746]
s: 1789
d: [2,3134,3,4,1,1,40,3129,764]
a: [3,3150,3,4,1,3134]
s: 3150
d: [2,1955,1,9,2,0,40,852,555]
s: 1955
d: [2,1956,1,9,2,0,40,852,557]
s: 1956
d: [2,3135,3,4,1,1,40,3129,765]
a: [3,3155,3,4,1,3135]
s: 3155
d: [2,1957,1,9,2,0,40,852,562]
s: 1957
d: [2,3136,3,4,1,1,40,3129,766]
a: [3,3160,3,4,1,3136]
s: 3160
d: [2,1958,1,9,2,0,40,852,566]
s: 1958
d: [2,1959,1,9,2,0,40,852,568]
s: 1959
d: [2,3137,3,4,1,1,40,3129,767]
a: [3,3165,3,4,1,3137]
s: 3165
d: [2,1960,1,9,2,0,40,852,571]
s: 1960
d: [2,3138,3,4,1,1,40,3129,768]
a: [3,3170,3,4,1,3138]
s: 3170
d: [2,1961,1,9,2,0,40,852,574]
s: 1961
d: [2,1962,1,9,2,0,40,852,576]
s: 1962
d: [2,3204,3,4,1,1,40,3190,560]
a: [3,3208,3,4,1,3204]
s: 3208
d: [2,1973,1,9,2,0,40,853,759]
s: 1973
d: [2,3139,4,4,1,2,40,3129,1437]
a: [3,3175,4,4,1,3139]
s: 3175
d: [2,1974,1,9,2,0,40,853,746]
s: 1974
d: [2,2115,1,9,3,0,40,833,731]
s: 2115
d: [2,3140,4,4,1,2,40,3129,1438]
a: [3,3180,4,4,1,3140]
s: 3180
d: [2,2119,1,9,2,0,40,833,853]
s: 2119
d: [2,3263,4,8,2,1,40,3208,808]
a: [3,3267,4,4,1,3263]
s: 3267
d: [2,2175,1,9,3,0,40,832,829]
s: 2175
d: [2,2177,1,9,3,0,40,832,555]
s: 2177
d: [2,2894,2,6,2,0,40,2222,766]
s: 2894
d: [2,2178,1,9,3,0,40,832,557]
s: 2178
d: [2,2895,2,6,2,0,40,2222,767]
s: 2895
d: [2,2179,1,9,3,0,40,832,562]
s: 2179
d: [2,2180,1,9,3,0,40,832,566]
s: 2180
d: [2,2896,2,6,2,0,40,2222,768]
s: 2896
d: [2,2181,1,9,3,0,40,832,568]
s: 2181
d: [2,3048,2,12,4,2,40,2353,2311]
d: [2,3049,2,8,3,2,21,3048,1333]
d: [2,3050,2,6,2,2,21,3049,978]
s: 3050
d: [2,2182,1,9,3,0,40,832,571]
s: 2182
d: [2,2183,1,9,3,0,40,832,574]
s: 2183
d: [2,3058,3,6,2,0,40,2833,750]
s: 3058
d: [2,2184,1,9,3,0,40,832,576]
s: 2184
d: [2,3059,3,6,2,0,40,2833,749]
s: 3059
d: [2,2193,1,9,3,0,40,840,829]
s: 2193
d: [2,2209,1,9,3,0,40,841,829]
s: 2209
d: [2,3060,3,6,2,0,40,2833,748]
s: 3060
d: [2,2235,1,11,4,0,40,564,574]
d: [2,2246,1,9,3,0,18,2235]
s: 2246
d: [2,3063,3,6,2,0,40,2834,751]
s: 3063
d: [2,2231,1,11,4,0,40,564,562]
d: [2,2250,1,9,3,0,21,2231,768]
s: 2250
d: [2,2269,1,12,5,0,40,798,771]
d: [2,2276,1,9,4,0,21,2269,799]
s: 2276
d: [2,3068,3,6,2,0,40,2835,758]
s: 3068
d: [2,2297,1,9,4,0,40,797,852]
s: 2297
d: [2,3069,3,6,2,0,40,2835,757]
s: 3069
d: [2,1686,1,10,4,0,40,806,808]
s: 1686
d: [2,2065,1,12,6,0,40,745,718]
d: [2,2076,1,10,5,0,21,2065,579]
s: 2076
d: [2,3084,3,6,2,0,40,2874,750]
s: 3084
d: [2,2066,1,12,6,0,40,745,721]
d: [2,2077,1,10,5,0,21,2066,579]
s: 2077
d: [2,3085,3,6,2,0,40,2874,749]
s: 3085
d: [2,2067,1,12,6,0,40,745,724]
d: [2,2078,1,10,5,0,21,2067,579]
s: 2078
d: [2,2068,1,12,6,0,40,745,725]
d: [2,2079,1,10,5,0,21,2068,579]
s: 2079
d: [2,3086,3,6,2,0,40,2874,748]
s: 3086
d: [2,2069,1,12,6,0,40,745,728]
d: [2,2080,1,10,5,0,21,2069,579]
s: 2080
d: [2,3090,3,6,2,0,40,2875,751]
s: 3090
d: [2,2070,1,12,6,0,40,745,729]
d: [2,2081,1,10,5,0,21,2070,579]
s: 2081
d: [2,2071,1,12,6,0,40,745,730]
d: [2,2082,1,10,5,0,21,2071,579]
s: 2082
d: [2,3092,3,6,2,0,40,2876,758]
s: 3092
d: [2,2093,1,10,3,0,40,772,731]
s: 2093
d: [2,3093,3,6,2,0,40,2876,757]
s: 3093
d: [2,2140,1,10,4,0,40,780,578]
s: 2140
d: [2,2141,1,10,4,0,40,780,747]
s: 2141
d: [2,3117,3,6,2,0,40,2893,750]
s: 3117
d: [2,2143,1,10,4,0,40,780,762]
s: 2143
d: [2,3118,3,6,2,0,40,2893,749]
s: 3118
d: [2,2144,1,10,4,0,40,780,771]
s: 2144
d: [2,2147,1,14,4,0,40,780,828]
d: [2,2150,1,10,3,0,21,2147,554]
s: 2150
d: [2,3119,3,6,2,0,40,2893,748]
s: 3119
d: [2,2152,1,10,4,0,40,790,578]
s: 2152
d: [2,3141,3,6,2,1,44,3129,769]
s: 3141
d: [2,2153,1,10,4,0,40,790,747]
s: 2153
d: [2,2154,1,10,4,0,40,790,756]
s: 2154
d: [2,3372,3,10,3,1,40,2154,3190]
d: [2,3374,3,7,2,2,21,3372,1552]
d: [2,3375,3,4,1,3,21,3374,1547]
a: [3,3379,3,4,1,3375]
s: 3379
d: [2,2155,1,10,4,0,40,790,762]
s: 2155
d: [2,3381,4,4,1,1,40,3379,560]
a: [3,3385,4,4,1,3381]
s: 3385
d: [2,2159,1,14,4,0,40,790,828]
d: [2,2162,1,10,3,0,21,2159,554]
s: 2162
d: [2,2163,1,10,4,0,40,792,578]
s: 2163
d: [2,3398,5,8,2,1,40,3385,808]
a: [3,3402,5,4,1,3398]
s: 3402
d: [2,2164,1,10,4,0,40,792,747]
s: 2164
d: [2,3281,3,6,2,0,40,2894,751]
s: 3281
d: [2,2166,1,10,4,0,40,792,762]
s: 2166
d: [2,2170,1,14,4,0,40,792,828]
d: [2,2173,1,10,3,0,21,2170,554]
s: 2173
d: [2,3283,3,6,2,0,40,2895,758]
s: 3283
d: [2,2185,1,10,3,0,40,832,731]
s: 2185
d: [2,3284,3,6,2,0,40,2895,757]
s: 3284
d: [2,2192,1,10,2,0,40,832,853]
s: 2192
d: [2,2227,1,10,4,0,40,564,829]
s: 2227
d: [2,2837,4,6,2,1,40,1864,1437]
s: 2837
d: [2,2097,1,11,2,0,40,772,853]
s: 2097
d: [2,2838,4,6,2,1,40,1864,1438]
s: 2838
d: [2,2146,1,11,4,0,40,780,833]
s: 2146
d: [2,2148,1,11,4,0,40,780,759]
s: 2148
d: [2,2878,4,6,2,1,40,2206,1437]
s: 2878
d: [2,2149,1,11,4,0,40,780,746]
s: 2149
d: [2,2879,4,6,2,1,40,2206,1438]
s: 2879
d: [2,2160,1,11,4,0,40,790,759]
s: 2160
d: [2,2161,1,11,4,0,40,790,746]
s: 2161
d: [2,2897,4,6,2,1,40,2222,1437]
s: 2897
d: [2,2171,1,11,4,0,40,792,759]
s: 2171
d: [2,2898,4,6,2,1,40,2222,1438]
s: 2898
d: [2,2172,1,11,4,0,40,792,746]
s: 2172
d: [2,2194,1,11,3,0,40,840,555]
s: 2194
d: [2,3238,4,6,2,1,44,3145,769]
s: 3238
d: [2,2195,1,11,3,0,40,840,557]
s: 2195
d: [2,3241,4,6,2,1,44,3150,769]
s: 3241
d: [2,2196,1,11,3,0,40,840,562]
s: 2196
d: [2,2200,1,11,3,0,40,840,574]
s: 2200
d: [2,3245,4,6,2,1,44,3155,769]
s: 3245
d: [2,2201,1,11,3,0,40,840,576]
s: 2201
d: [2,3250,4,6,2,1,44,3160,769]
s: 3250
d: [2,2210,1,11,3,0,40,841,555]
s: 2210
d: [2,2211,1,11,3,0,40,841,557]
s: 2211
d: [2,3254,4,6,2,1,44,3165,769]
s: 3254
d: [2,2212,1,11,3,0,40,841,562]
s: 2212
d: [2,3260,4,6,2,1,44,3170,769]
s: 3260
d: [2,2216,1,11,3,0,40,841,574]
s: 2216
d: [2,2217,1,11,3,0,40,841,576]
s: 2217
d: [2,3360,4,6,2,1,40,3141,763]
s: 3360
d: [2,2229,1,11,4,0,40,564,555]
s: 2229
d: [2,3361,4,6,2,1,40,3141,764]
s: 3361
d: [2,2230,1,11,4,0,40,564,557]
s: 2230
d: [2,2241,1,11,3,0,40,564,834]
s: 2241
d: [2,3362,4,6,2,1,40,3141,765]
s: 3362
d: [2,2244,1,15,3,0,40,564,853]
d: [2,2253,1,11,2,0,21,2244,854]
s: 2253
d: [2,3363,4,6,2,1,40,3141,766]
s: 3363
d: [2,2319,1,17,5,0,40,2311,2294]
d: [2,2320,1,11,3,0,18,2319]
s: 2320
d: [2,2329,1,17,5,0,40,2321,2294]
d: [2,2330,1,11,3,0,18,2329]
s: 2330
d: [2,3364,4,6,2,1,40,3141,767]
s: 3364
d: [2,2339,1,14,4,0,40,2332,566]
d: [2,2354,1,11,3,0,21,2339,567]
s: 2354
d: [2,3365,4,6,2,1,40,3141,768]
s: 3365
d: [2,2340,1,14,4,0,40,2332,568]
d: [2,2355,1,11,3,0,21,2340,569]
s: 2355
d: [2,2341,1,14,4,0,40,2332,571]
d: [2,2356,1,11,3,0,21,2341,572]
s: 2356
d: [2,3366,4,6,2,2,40,3141,1437]
s: 3366
d: [2,1953,1,12,4,0,40,851,808]
s: 1953
d: [2,3367,4,6,2,2,40,3141,1438]
s: 3367
d: [2,2104,1,12,5,0,40,800,808]
s: 2104
d: [2,2145,1,12,4,0,40,780,772]
s: 2145
d: [2,3274,5,6,2,1,44,3175,769]
s: 3274
d: [2,2186,1,12,4,0,40,832,780]
s: 2186
d: [2,3276,5,6,2,1,44,3180,769]
s: 3276
d: [2,2187,1,12,4,0,40,832,790]
s: 2187
d: [2,2188,1,12,4,0,40,832,792]
s: 2188
d: [2,3451,5,6,2,1,40,3245,750]
s: 3451
d: [2,2265,1,12,5,0,40,798,578]
s: 2265
d: [2,3452,5,6,2,1,40,3245,749]
s: 3452
d: [2,2266,1,12,5,0,40,798,747]
s: 2266
d: [2,2267,1,12,5,0,40,798,756]
s: 2267
d: [2,3453,5,6,2,1,40,3245,748]
s: 3453
d: [2,2273,1,16,5,0,40,798,828]
d: [2,2277,1,12,4,0,21,2273,554]
s: 2277
d: [2,3454,5,6,2,1,40,3250,751]
s: 3454
d: [2,2295,1,12,5,0,40,797,841]
s: 2295
d: [2,2296,1,12,5,0,40,797,840]
s: 2296
d: [2,3473,5,6,2,1,40,3254,758]
s: 3473
d: [2,2333,1,12,4,0,40,2332,829]
s: 2333
d: [2,3474,5,6,2,1,40,3254,757]
s: 3474
d: [2,2351,1,12,3,0,40,2332,837]
s: 2351
d: [2,2237,1,13,4,0,40,564,731]
s: 2237
d: [2,2942,2,7,3,0,40,1694,758]
s: 2942
d: [2,2272,1,13,5,0,40,798,833]
s: 2272
d: [2,2943,2,7,3,0,40,1694,757]
s: 2943
d: [2,2274,1,13,5,0,40,798,759]
s: 2274
d: [2,2270,1,14,5,0,40,798,772]
s: 2270
d: [2,2968,2,7,3,0,40,1821,560]
s: 2968
d: [2,2271,1,14,5,0,40,798,832]
s: 2271
d: [2,2970,2,7,3,0,40,1825,560]
s: 2970
d: [2,2283,1,14,6,0,40,795,759]
s: 2283
d: [2,2284,1,14,6,0,40,795,746]
s: 2284
d: [2,2980,2,7,3,0,40,1855,763]
s: 2980
d: [2,2336,1,14,4,0,40,2332,555]
s: 2336
d: [2,2981,2,7,3,0,40,1855,764]
s: 2981
d: [2,2337,1,14,4,0,40,2332,557]
s: 2337
d: [2,2338,1,14,4,0,40,2332,562]
s: 2338
d: [2,2982,2,7,3,0,40,1855,765]
s: 2982
d: [2,2342,1,14,4,0,40,2332,574]
s: 2342
d: [2,2983,2,7,3,0,40,1855,766]
s: 2983
d: [2,3633,1,11,3,0,21,2342,1436]
s: 3633
d: [2,2343,1,14,4,0,40,2332,576]
s: 2343
d: [2,2984,2,7,3,0,40,1855,767]
s: 2984
d: [2,2346,1,17,5,0,40,2332,790]
d: [2,2357,1,14,4,0,21,2346,791]
s: 2357
d: [2,2985,2,7,3,0,40,1855,768]
s: 2985
d: [2,2347,1,17,5,0,40,2332,792]
d: [2,2358,1,14,4,0,21,2347,793]
s: 2358
d: [2,2514,1,18,7,0,40,783,797]
d: [2,2527,1,14,5,0,18,2514]
s: 2527
d: [2,2988,2,7,3,0,40,1856,763]
s: 2988
d: [2,2529,1,18,7,0,40,784,797]
d: [2,2542,1,14,5,0,18,2529]
s: 2542
d: [2,2989,2,7,3,0,40,1856,764]
s: 2989
d: [2,2568,1,18,7,0,40,785,797]
d: [2,2581,1,14,5,0,18,2568]
s: 2581
d: [2,2605,1,18,7,0,40,786,797]
d: [2,2618,1,14,5,0,18,2605]
s: 2618
d: [2,2990,2,7,3,0,40,1856,765]
s: 2990
d: [2,2620,1,18,7,0,40,787,797]
d: [2,2633,1,14,5,0,18,2620]
s: 2633
d: [2,2991,2,7,3,0,40,1856,766]
s: 2991
d: [2,2640,1,22,9,0,40,809,787]
d: [2,2665,1,20,8,0,18,2640]
d: [2,2666,1,18,7,0,21,2665,583]
d: [2,2667,1,14,6,0,21,2666,811]
s: 2667
d: [2,2641,1,22,9,0,40,809,786]
d: [2,2664,1,20,8,0,18,2641]
d: [2,2668,1,18,7,0,21,2664,583]
d: [2,2669,1,14,6,0,21,2668,811]
s: 2669
d: [2,2992,2,7,3,0,40,1856,767]
s: 2992
d: [2,2642,1,22,9,0,40,809,785]
d: [2,2663,1,20,8,0,18,2642]
d: [2,2670,1,18,7,0,21,2663,583]
d: [2,2671,1,14,6,0,21,2670,811]
s: 2671
d: [2,2996,2,7,2,0,40,1891,842]
s: 2996
d: [2,2643,1,22,9,0,40,809,784]
d: [2,2662,1,20,8,0,18,2643]
d: [2,2672,1,18,7,0,21,2662,583]
d: [2,2673,1,14,6,0,21,2672,811]
s: 2673
d: [2,2238,1,15,5,0,40,564,780]
s: 2238
d: [2,2999,2,7,2,0,40,1924,842]
s: 2999
d: [2,2299,1,15,5,0,40,797,578]
s: 2299
d: [2,3002,2,7,2,0,40,1925,842]
s: 3002
d: [2,2300,1,15,5,0,40,797,747]
s: 2300
d: [2,2301,1,15,5,0,40,797,756]
s: 2301
d: [2,3005,2,7,2,0,40,1926,842]
s: 3005
d: [2,2302,1,15,5,0,40,797,762]
s: 2302
d: [2,3008,2,7,2,0,40,1927,842]
s: 3008
d: [2,2303,1,15,5,0,40,797,771]
s: 2303
d: [2,2307,1,22,5,0,40,797,828]
d: [2,2310,1,15,4,0,21,2307,554]
s: 2310
d: [2,3011,2,7,2,0,40,1928,842]
s: 3011
d: [2,2344,1,15,4,0,40,2332,731]
s: 2344
d: [2,3014,2,7,2,0,40,1929,842]
s: 3014
d: [2,2349,1,15,3,0,40,2332,834]
s: 2349
d: [2,2282,1,16,6,0,40,795,828]
s: 2282
d: [2,3018,2,7,2,0,40,1930,842]
s: 3018
d: [2,2306,1,16,5,0,40,797,833]
s: 2306
d: [2,3021,2,7,2,0,40,1931,842]
s: 3021
d: [2,2308,1,16,5,0,40,797,759]
s: 2308
d: [2,2309,1,16,5,0,40,797,746]
s: 2309
d: [2,3030,2,7,2,0,40,2204,763]
s: 3030
d: [2,2348,1,19,6,0,40,2332,798]
d: [2,2359,1,16,5,0,21,2348,799]
s: 2359
d: [2,3031,2,7,2,0,40,2204,764]
s: 3031
d: [2,2645,1,16,7,0,40,809,841]
s: 2645
d: [2,2646,1,16,7,0,40,809,840]
s: 2646
d: [2,3032,2,7,2,0,40,2204,765]
s: 3032
d: [2,2305,1,17,5,0,40,797,832]
s: 2305
d: [2,3033,2,7,2,0,40,2204,766]
s: 3033
d: [2,2345,1,17,5,0,40,2332,780]
s: 2345
d: [2,2513,1,17,5,0,40,783,829]
s: 2513
d: [2,3034,2,7,2,0,40,2204,767]
s: 3034
d: [2,2528,1,17,5,0,40,784,829]
s: 2528
d: [2,3035,2,7,2,0,40,2204,768]
s: 3035
d: [2,2567,1,17,5,0,40,785,829]
s: 2567
d: [2,2604,1,17,5,0,40,786,829]
s: 2604
d: [2,3039,2,7,2,0,40,2220,763]
s: 3039
d: [2,2619,1,17,5,0,40,787,829]
s: 2619
d: [2,3040,2,7,2,0,40,2220,764]
s: 3040
d: [2,2526,1,18,4,0,40,783,853]
s: 2526
d: [2,2541,1,18,4,0,40,784,853]
s: 2541
d: [2,3041,2,7,2,0,40,2220,765]
s: 3041
d: [2,2580,1,18,4,0,40,785,853]
s: 2580
d: [2,3042,2,7,2,0,40,2220,766]
s: 3042
d: [2,2617,1,18,4,0,40,786,853]
s: 2617
d: [2,2632,1,18,4,0,40,787,853]
s: 2632
d: [2,3043,2,7,2,0,40,2220,767]
s: 3043
d: [2,2644,1,22,9,0,40,809,783]
d: [2,2661,1,20,8,0,18,2644]
d: [2,2674,1,18,7,0,21,2661,583]
s: 2674
d: [2,3044,2,7,2,0,40,2220,768]
s: 3044
d: [2,2708,1,26,11,0,40,820,787]
d: [2,2733,1,24,10,0,18,2708]
d: [2,2734,1,22,9,0,21,2733,583]
d: [2,2735,1,18,8,0,21,2734,822]
s: 2735
d: [2,2709,1,26,11,0,40,820,786]
d: [2,2732,1,24,10,0,18,2709]
d: [2,2736,1,22,9,0,21,2732,583]
d: [2,2737,1,18,8,0,21,2736,822]
s: 2737
d: [2,3064,2,9,4,0,40,1787,1698]
d: [2,3065,2,7,3,0,21,3064,579]
s: 3065
d: [2,2710,1,26,11,0,40,820,785]
d: [2,2731,1,24,10,0,18,2710]
d: [2,2738,1,22,9,0,21,2731,583]
d: [2,2739,1,18,8,0,21,2738,822]
s: 2739
d: [2,3066,2,9,4,0,40,1803,1697]
d: [2,3067,2,7,3,0,21,3066,579]
s: 3067
d: [2,2711,1,26,11,0,40,820,784]
d: [2,2730,1,24,10,0,18,2711]
d: [2,2740,1,22,9,0,21,2730,583]
d: [2,2741,1,18,8,0,21,2740,822]
s: 2741
d: [2,2649,1,19,7,0,40,809,578]
s: 2649
d: [2,3070,2,9,4,0,40,1826,807]
d: [2,3071,2,7,3,0,21,3070,579]
s: 3071
d: [2,2650,1,19,7,0,40,809,747]
s: 2650
d: [2,3073,2,9,4,0,40,1849,1693]
d: [2,3076,2,7,3,0,21,3073,579]
s: 3076
d: [2,2651,1,19,7,0,40,809,756]
s: 2651
d: [2,2652,1,19,7,0,40,809,762]
s: 2652
d: [2,3074,2,9,4,0,40,1849,1689]
d: [2,3077,2,7,3,0,21,3074,579]
s: 3077
d: [2,2653,1,19,7,0,40,809,771]
s: 2653
d: [2,3075,2,9,4,0,40,1849,806]
d: [2,3078,2,7,3,0,21,3075,579]
s: 3078
d: [2,2658,1,26,7,0,40,809,828]
d: [2,2675,1,19,6,0,21,2658,554]
s: 2675
d: [2,2304,1,20,5,0,40,797,772]
s: 2304
d: [2,3079,2,9,4,0,40,1863,826]
d: [2,3080,2,7,3,0,21,3079,579]
s: 3080
d: [2,2524,1,20,4,0,40,783,835]
s: 2524
d: [2,3286,2,10,3,0,40,2180,1888]
d: [2,3287,2,7,2,0,21,3286,567]
s: 3287
r: 1506
r: 1600
r: 1810
r: 1981
r: 2394
r: 2594
a: [3,1604,1,2,1,1579]
s: 1604
a: [3,1629,1,2,1,1611]
s: 1629
d: [2,2543,4,8,4,1,40,2489,2369]
d: [2,2549,4,6,3,2,21,2543,1949]
d: [2,2550,4,4,2,3,21,2549,898]
a: [3,2553,4,2,1,2550]
s: 2553
a: [3,1510,1,2,1,1492]
s: 1510
r: 1510
a: [3,2593,4,2,1,2590]
s: 2593
s: 1506
a: [3,1509,1,2,1,1492]
s: 1509
d: [2,2700,5,18,9,1,40,2677,2511]
d: [2,3879,5,16,8,2,21,2700,913]
d: [2,3880,5,14,7,3,21,3879,918]
d: [2,3881,5,12,6,4,21,3880,923]
d: [2,3882,5,10,5,5,21,3881,928]
d: [2,3883,5,8,4,6,21,3882,933]
d: [2,3884,5,6,3,7,21,3883,898]
a: [3,3892,5,2,1,3884]
s: 3892
a: [3,1814,1,2,1,1794]
s: 1814
a: [3,2402,1,2,1,2375]
s: 2402
s: 1981
a: [3,1989,1,3,1,1977]
s: 1989
d: [2,3760,3,6,2,0,40,3287,777]
d: [2,3792,3,4,1,1,21,3760,978]
a: [3,3796,3,4,1,3792]
s: 3796
d: [2,2525,1,20,4,0,40,783,837]
s: 2525
d: [2,3761,3,6,2,0,40,3287,776]
d: [2,3798,3,4,1,1,21,3761,978]
a: [3,3802,3,4,1,3798]
s: 3802
d: [2,2539,1,20,4,0,40,784,835]
s: 2539
d: [2,2540,1,20,4,0,40,784,837]
s: 2540
d: [2,3919,4,8,2,1,40,3796,808]
a: [3,3922,4,4,1,3919]
s: 3922
d: [2,2578,1,20,4,0,40,785,835]
s: 2578
d: [2,3927,4,4,1,1,40,3802,748]
a: [3,3932,4,4,1,3927]
s: 3932
d: [2,2579,1,20,4,0,40,785,837]
s: 2579
d: [2,2615,1,20,4,0,40,786,835]
s: 2615
d: [2,3934,5,4,1,1,40,3922,758]
a: [3,3939,5,4,1,3934]
s: 3939
d: [2,2616,1,20,4,0,40,786,837]
s: 2616
d: [2,3935,5,4,1,1,40,3922,757]
a: [3,3944,5,4,1,3935]
s: 3944
d: [2,2630,1,20,4,0,40,787,835]
s: 2630
d: [2,2631,1,20,4,0,40,787,837]
s: 2631
d: [2,3759,3,7,2,2,40,3287,3050]
d: [2,3786,3,5,1,2,21,3759,978]
a: [3,3790,3,5,1,3786]
s: 3790
d: [2,2656,1,20,7,0,40,809,833]
s: 2656
d: [2,3948,4,7,2,1,40,3790,828]
d: [2,3951,4,5,1,2,21,3948,1871]
a: [3,3955,4,5,1,3951]
s: 3955
d: [2,2659,1,20,7,0,40,809,759]
s: 2659
d: [2,2660,1,20,7,0,40,809,746]
s: 2660
d: [2,3959,5,5,1,1,40,3955,842]
a: [3,3965,5,5,1,3959]
s: 3965
d: [2,2713,1,20,9,0,40,820,841]
s: 2713
d: [2,3291,2,10,3,0,40,2181,1888]
d: [2,3292,2,7,2,0,21,3291,569]
s: 3292
d: [2,2714,1,20,9,0,40,820,840]
s: 2714
d: [2,2655,1,21,7,0,40,809,832]
s: 2655
d: [2,3972,3,6,2,0,40,3292,777]
d: [2,4004,3,4,1,1,21,3972,978]
a: [3,4008,3,4,1,4004]
s: 4008
d: [2,2335,1,22,6,0,40,2332,797]
s: 2335
d: [2,3973,3,6,2,0,40,3292,776]
d: [2,4010,3,4,1,1,21,3973,978]
a: [3,4014,3,4,1,4010]
s: 4014
d: [2,2523,1,22,4,0,40,783,834]
s: 2523
d: [2,2538,1,22,4,0,40,784,834]
s: 2538
d: [2,4040,4,8,2,1,40,4008,808]
a: [3,4043,4,4,1,4040]
s: 4043
d: [2,2577,1,22,4,0,40,785,834]
s: 2577
d: [2,4053,4,4,1,1,40,4014,748]
a: [3,4058,4,4,1,4053]
s: 4058
d: [2,2614,1,22,4,0,40,786,834]
s: 2614
d: [2,2629,1,22,4,0,40,787,834]
s: 2629
d: [2,4060,5,4,1,1,40,4043,758]
a: [3,4065,5,4,1,4060]
s: 4065
d: [2,2712,1,26,11,0,40,820,783]
d: [2,2729,1,24,10,0,18,2712]
d: [2,2742,1,22,9,0,21,2729,583]
s: 2742
d: [2,4061,5,4,1,1,40,4043,757]
a: [3,4070,5,4,1,4061]
s: 4070
d: [2,2778,1,44,18,0,40,819,820]
d: [2,2783,1,30,11,0,18,2778]
d: [2,2788,1,26,10,0,21,2783,823]
d: [2,2789,1,22,9,0,21,2788,822]
s: 2789
d: [2,2298,1,23,6,0,40,797,564]
s: 2298
d: [2,3971,3,7,2,2,40,3292,3050]
d: [2,3998,3,5,1,2,21,3971,978]
a: [3,4002,3,5,1,3998]
s: 4002
d: [2,2717,1,23,9,0,40,820,578]
s: 2717
d: [2,4076,4,7,2,1,40,4002,828]
d: [2,4079,4,5,1,2,21,4076,1871]
a: [3,4083,4,5,1,4079]
s: 4083
d: [2,2718,1,23,9,0,40,820,747]
s: 2718
d: [2,2719,1,23,9,0,40,820,756]
s: 2719
d: [2,4087,5,5,1,1,40,4083,842]
a: [3,4093,5,5,1,4087]
s: 4093
d: [2,2720,1,23,9,0,40,820,762]
s: 2720
d: [2,3297,2,10,3,0,40,2182,1888]
d: [2,3298,2,7,2,0,21,3297,572]
s: 3298
d: [2,2721,1,23,9,0,40,820,771]
s: 2721
d: [2,2726,1,30,9,0,40,820,828]
d: [2,2743,1,23,8,0,21,2726,554]
s: 2743
d: [2,4102,3,6,2,0,40,3298,777]
d: [2,4134,3,4,1,1,21,4102,978]
a: [3,4138,3,4,1,4134]
s: 4138
d: [2,2654,1,24,7,0,40,809,772]
s: 2654
d: [2,4103,3,6,2,0,40,3298,776]
d: [2,4140,3,4,1,1,21,4103,978]
a: [3,4144,3,4,1,4140]
s: 4144
d: [2,2724,1,24,9,0,40,820,833]
s: 2724
d: [2,2727,1,24,9,0,40,820,759]
s: 2727
d: [2,4171,4,8,2,1,40,4138,808]
a: [3,4174,4,4,1,4171]
s: 4174
d: [2,2728,1,24,9,0,40,820,746]
s: 2728
d: [2,4179,4,4,1,1,40,4144,748]
a: [3,4184,4,4,1,4179]
s: 4184
d: [2,2723,1,25,9,0,40,820,832]
s: 2723
d: [2,2515,1,26,5,0,40,783,555]
s: 2515
d: [2,4188,5,4,1,1,40,4174,758]
a: [3,4193,5,4,1,4188]
s: 4193
d: [2,2516,1,26,5,0,40,783,557]
s: 2516
d: [2,4189,5,4,1,1,40,4174,757]
a: [3,4198,5,4,1,4189]
s: 4198
d: [2,2517,1,26,5,0,40,783,562]
s: 2517
d: [2,2518,1,26,5,0,40,783,566]
s: 2518
d: [2,4101,3,7,2,2,40,3298,3050]
d: [2,4128,3,5,1,2,21,4101,978]
a: [3,4132,3,5,1,4128]
s: 4132
d: [2,2519,1,26,5,0,40,783,568]
s: 2519
d: [2,4207,4,7,2,1,40,4132,828]
d: [2,4210,4,5,1,2,21,4207,1871]
a: [3,4214,4,5,1,4210]
s: 4214
d: [2,2520,1,26,5,0,40,783,571]
s: 2520
d: [2,2521,1,26,5,0,40,783,574]
s: 2521
d: [2,4216,5,5,1,1,40,4214,842]
a: [3,4222,5,5,1,4216]
s: 4222
d: [2,2522,1,26,5,0,40,783,576]
s: 2522
d: [2,3299,2,10,3,0,40,2183,1888]
d: [2,3300,2,7,2,0,21,3299,1436]
s: 3300
d: [2,2530,1,26,5,0,40,784,555]
s: 2530
d: [2,2531,1,26,5,0,40,784,557]
s: 2531
d: [2,4225,3,6,2,0,40,3300,777]
d: [2,4257,3,4,1,1,21,4225,978]
a: [3,4261,3,4,1,4257]
s: 4261
d: [2,2532,1,26,5,0,40,784,562]
s: 2532
d: [2,4226,3,6,2,0,40,3300,776]
d: [2,4263,3,4,1,1,21,4226,978]
a: [3,4267,3,4,1,4263]
s: 4267
d: [2,2533,1,26,5,0,40,784,566]
s: 2533
d: [2,2534,1,26,5,0,40,784,568]
s: 2534
d: [2,4289,4,8,2,1,40,4261,808]
a: [3,4292,4,4,1,4289]
s: 4292
d: [2,2535,1,26,5,0,40,784,571]
s: 2535
d: [2,4297,4,4,1,1,40,4267,748]
a: [3,4302,4,4,1,4297]
s: 4302
d: [2,2536,1,26,5,0,40,784,574]
s: 2536
d: [2,2537,1,26,5,0,40,784,576]
s: 2537
d: [2,4304,5,4,1,1,40,4292,758]
a: [3,4309,5,4,1,4304]
s: 4309
d: [2,2569,1,26,5,0,40,785,555]
s: 2569
d: [2,4305,5,4,1,1,40,4292,757]
a: [3,4314,5,4,1,4305]
s: 4314
d: [2,2570,1,26,5,0,40,785,557]
s: 2570
d: [2,2571,1,26,5,0,40,785,562]
s: 2571
d: [2,4224,3,7,2,2,40,3300,3050]
d: [2,4251,3,5,1,2,21,4224,978]
a: [3,4255,3,5,1,4251]
s: 4255
d: [2,2572,1,26,5,0,40,785,566]
s: 2572
d: [2,4318,4,7,2,1,40,4255,828]
d: [2,4321,4,5,1,2,21,4318,1871]
a: [3,4325,4,5,1,4321]
s: 4325
d: [2,2573,1,26,5,0,40,785,568]
s: 2573
d: [2,2574,1,26,5,0,40,785,571]
s: 2574
d: [2,4327,5,5,1,1,40,4325,842]
a: [3,4333,5,5,1,4327]
s: 4333
d: [2,2575,1,26,5,0,40,785,574]
s: 2575
d: [2,3630,3,7,3,0,40,2982,750]
s: 3630
d: [2,2576,1,26,5,0,40,785,576]
s: 2576
d: [2,2606,1,26,5,0,40,786,555]
s: 2606
d: [2,3631,3,7,3,0,40,2982,749]
s: 3631
d: [2,2607,1,26,5,0,40,786,557]
s: 2607
d: [2,3632,3,7,3,0,40,2982,748]
s: 3632
d: [2,2608,1,26,5,0,40,786,562]
s: 2608
d: [2,2609,1,26,5,0,40,786,566]
s: 2609
d: [2,3634,3,7,3,0,40,2983,751]
s: 3634
d: [2,2610,1,26,5,0,40,786,568]
s: 2610
d: [2,3643,3,7,3,0,40,2984,758]
s: 3643
d: [2,2611,1,26,5,0,40,786,571]
s: 2611
d: [2,2612,1,26,5,0,40,786,574]
s: 2612
d: [2,3644,3,7,3,0,40,2984,757]
s: 3644
d: [2,2613,1,26,5,0,40,786,576]
s: 2613
d: [2,3658,3,7,3,0,40,2990,749]
s: 3658
d: [2,2621,1,26,5,0,40,787,555]
s: 2621
d: [2,2622,1,26,5,0,40,787,557]
s: 2622
d: [2,3659,3,7,3,0,40,2990,748]
s: 3659
d: [2,2623,1,26,5,0,40,787,562]
s: 2623
d: [2,3660,3,7,3,0,40,2991,751]
s: 3660
d: [2,2624,1,26,5,0,40,787,566]
s: 2624
d: [2,2625,1,26,5,0,40,787,568]
s: 2625
d: [2,3662,3,7,3,0,40,2992,758]
s: 3662
d: [2,2626,1,26,5,0,40,787,571]
s: 2626
d: [2,3663,3,7,3,0,40,2992,757]
s: 3663
d: [2,2627,1,26,5,0,40,787,574]
s: 2627
d: [2,2628,1,26,5,0,40,787,576]
s: 2628
d: [2,3706,3,7,2,0,40,3032,750]
s: 3706
d: [2,2657,1,26,8,0,40,809,2332]
s: 2657
d: [2,3707,3,7,2,0,40,3032,749]
s: 3707
d: [2,2744,1,26,8,0,40,788,829]
s: 2744
d: [2,2745,1,30,10,0,40,788,797]
d: [2,2762,1,26,8,0,18,2745]
s: 2762
d: [2,3708,3,7,2,0,40,3032,748]
s: 3708
d: [2,2648,1,27,8,0,40,809,564]
s: 2648
d: [2,3713,3,7,2,0,40,3033,751]
s: 3713
d: [2,2722,1,28,9,0,40,820,772]
s: 2722
d: [2,2765,1,42,19,0,40,815,2702]
d: [2,2766,1,28,12,0,18,2765]
s: 2766
d: [2,4348,3,0,0,12,52,903,933,928,923,908,918,913,2427,898,883,888,893,2766]
e: 4348
d: [2,4349,2,24,11,1,40,2766,893]
d: [2,4360,2,21,10,2,21,4349,888]
d: [2,4361,2,18,9,3,21,4360,883]
d: [2,4362,2,16,8,4,21,4361,898]
d: [2,4363,2,14,7,5,21,4362,2427]
d: [2,4364,2,12,6,6,21,4363,913]
d: [2,4365,2,10,5,7,21,4364,918]
d: [2,4366,2,8,4,8,21,4365,908]
d: [2,4367,2,6,3,9,21,4366,923]
d: [2,4368,2,4,2,10,21,4367,928]
d: [2,4369,2,2,1,11,21,4368,933]
d: [2,4370,2,0,0,12,21,4369,903]
e: 4370
f: 4370,2423,2381,531,532,533,534,535,536,537,538,539,540,541
% Refutation found. Thanks to Tanya!
% SZS status Theorem for waybel_8__t21_waybel_8
% SZS output start Proof for waybel_8__t21_waybel_8
1. ! [X0] : ((l1_orders_2(X0) & v3_waybel_8(X0) & v1_yellow_0(X0) & v2_lattice3(X0) & v1_lattice3(X0) & v5_orders_2(X0) & v4_orders_2(X0) & v3_orders_2(X0)) => ! [X1] : (m1_subset_1(X1,u1_struct_0(X0)) => (v4_waybel_7(X1,X0) => v5_waybel_6(X1,X0)))) [input t21_waybel_8]
2. ~! [X0] : ((l1_orders_2(X0) & v3_waybel_8(X0) & v1_yellow_0(X0) & v2_lattice3(X0) & v1_lattice3(X0) & v5_orders_2(X0) & v4_orders_2(X0) & v3_orders_2(X0)) => ! [X1] : (m1_subset_1(X1,u1_struct_0(X0)) => (v4_waybel_7(X1,X0) => v5_waybel_6(X1,X0)))) [negated conjecture 1]
27. ! [X0] : (l1_orders_2(X0) => ((v2_waybel_8(X0) & v2_lattice3(X0) & v1_lattice3(X0) & v5_orders_2(X0) & v4_orders_2(X0) & v3_orders_2(X0)) => (v3_waybel_3(X0) & v2_lattice3(X0) & v1_lattice3(X0) & v5_orders_2(X0) & v4_orders_2(X0) & v3_orders_2(X0)))) [input cc1_waybel_8]
49. ! [X0] : (l1_orders_2(X0) => ((v3_waybel_8(X0) & v2_lattice3(X0) & v1_lattice3(X0) & v5_orders_2(X0) & v4_orders_2(X0) & v3_orders_2(X0)) => (v2_waybel_8(X0) & v2_lattice3(X0) & v1_lattice3(X0) & v5_orders_2(X0) & v4_orders_2(X0) & v3_orders_2(X0)))) [input cc3_waybel_8]
179. ! [X0] : ((l1_orders_2(X0) & v2_waybel_8(X0) & v1_yellow_0(X0) & v2_lattice3(X0) & v1_lattice3(X0) & v5_orders_2(X0) & v4_orders_2(X0) & v3_orders_2(X0)) => (v3_waybel_8(X0) <=> v5_waybel_7(k1_waybel_4(X0),X0))) [input t20_waybel_8]
182. ! [X0] : ((l1_orders_2(X0) & v3_waybel_3(X0) & v2_lattice3(X0) & v1_lattice3(X0) & v1_yellow_0(X0) & v5_orders_2(X0) & v4_orders_2(X0) & v3_orders_2(X0)) => (v5_waybel_7(k1_waybel_4(X0),X0) => ! [X1] : (m1_subset_1(X1,u1_struct_0(X0)) => (v4_waybel_7(X1,X0) => v5_waybel_6(X1,X0))))) [input t45_waybel_7]
217. ? [X0] : (? [X1] : ((~v5_waybel_6(X1,X0) & v4_waybel_7(X1,X0)) & m1_subset_1(X1,u1_struct_0(X0))) & (l1_orders_2(X0) & v3_waybel_8(X0) & v1_yellow_0(X0) & v2_lattice3(X0) & v1_lattice3(X0) & v5_orders_2(X0) & v4_orders_2(X0) & v3_orders_2(X0))) [ennf transformation 2]
218. ? [X0] : (? [X1] : (~v5_waybel_6(X1,X0) & v4_waybel_7(X1,X0) & m1_subset_1(X1,u1_struct_0(X0))) & l1_orders_2(X0) & v3_waybel_8(X0) & v1_yellow_0(X0) & v2_lattice3(X0) & v1_lattice3(X0) & v5_orders_2(X0) & v4_orders_2(X0) & v3_orders_2(X0)) [flattening 217]
299. ! [X0] : (((v3_waybel_3(X0) & v2_lattice3(X0) & v1_lattice3(X0) & v5_orders_2(X0) & v4_orders_2(X0) & v3_orders_2(X0)) | (~v2_waybel_8(X0) | ~v2_lattice3(X0) | ~v1_lattice3(X0) | ~v5_orders_2(X0) | ~v4_orders_2(X0) | ~v3_orders_2(X0))) | ~l1_orders_2(X0)) [ennf transformation 27]
300. ! [X0] : ((v3_waybel_3(X0) & v2_lattice3(X0) & v1_lattice3(X0) & v5_orders_2(X0) & v4_orders_2(X0) & v3_orders_2(X0)) | ~v2_waybel_8(X0) | ~v2_lattice3(X0) | ~v1_lattice3(X0) | ~v5_orders_2(X0) | ~v4_orders_2(X0) | ~v3_orders_2(X0) | ~l1_orders_2(X0)) [flattening 299]
301. ! [X0] : (((v2_waybel_8(X0) & v2_lattice3(X0) & v1_lattice3(X0) & v5_orders_2(X0) & v4_orders_2(X0) & v3_orders_2(X0)) | (~v3_waybel_8(X0) | ~v2_lattice3(X0) | ~v1_lattice3(X0) | ~v5_orders_2(X0) | ~v4_orders_2(X0) | ~v3_orders_2(X0))) | ~l1_orders_2(X0)) [ennf transformation 49]
302. ! [X0] : ((v2_waybel_8(X0) & v2_lattice3(X0) & v1_lattice3(X0) & v5_orders_2(X0) & v4_orders_2(X0) & v3_orders_2(X0)) | ~v3_waybel_8(X0) | ~v2_lattice3(X0) | ~v1_lattice3(X0) | ~v5_orders_2(X0) | ~v4_orders_2(X0) | ~v3_orders_2(X0) | ~l1_orders_2(X0)) [flattening 301]
413. ! [X0] : ((! [X1] : ((v5_waybel_6(X1,X0) | ~v4_waybel_7(X1,X0)) | ~m1_subset_1(X1,u1_struct_0(X0))) | ~v5_waybel_7(k1_waybel_4(X0),X0)) | (~l1_orders_2(X0) | ~v3_waybel_3(X0) | ~v2_lattice3(X0) | ~v1_lattice3(X0) | ~v1_yellow_0(X0) | ~v5_orders_2(X0) | ~v4_orders_2(X0) | ~v3_orders_2(X0))) [ennf transformation 182]
414. ! [X0] : (! [X1] : (v5_waybel_6(X1,X0) | ~v4_waybel_7(X1,X0) | ~m1_subset_1(X1,u1_struct_0(X0))) | ~v5_waybel_7(k1_waybel_4(X0),X0) | ~l1_orders_2(X0) | ~v3_waybel_3(X0) | ~v2_lattice3(X0) | ~v1_lattice3(X0) | ~v1_yellow_0(X0) | ~v5_orders_2(X0) | ~v4_orders_2(X0) | ~v3_orders_2(X0)) [flattening 413]
421. ! [X0] : ((v3_waybel_8(X0) <=> v5_waybel_7(k1_waybel_4(X0),X0)) | (~l1_orders_2(X0) | ~v2_waybel_8(X0) | ~v1_yellow_0(X0) | ~v2_lattice3(X0) | ~v1_lattice3(X0) | ~v5_orders_2(X0) | ~v4_orders_2(X0) | ~v3_orders_2(X0))) [ennf transformation 179]
422. ! [X0] : ((v3_waybel_8(X0) <=> v5_waybel_7(k1_waybel_4(X0),X0)) | ~l1_orders_2(X0) | ~v2_waybel_8(X0) | ~v1_yellow_0(X0) | ~v2_lattice3(X0) | ~v1_lattice3(X0) | ~v5_orders_2(X0) | ~v4_orders_2(X0) | ~v3_orders_2(X0)) [flattening 421]
454. ? [X0] : (? [X1] : (~v5_waybel_6(X1,X0) & v4_waybel_7(X1,X0) & m1_subset_1(X1,u1_struct_0(X0))) & l1_orders_2(X0) & v3_waybel_8(X0) & v1_yellow_0(X0) & v2_lattice3(X0) & v1_lattice3(X0) & v5_orders_2(X0) & v4_orders_2(X0) & v3_orders_2(X0)) => (? [X1] : (~v5_waybel_6(X1,sK0) & v4_waybel_7(X1,sK0) & m1_subset_1(X1,u1_struct_0(sK0))) & l1_orders_2(sK0) & v3_waybel_8(sK0) & v1_yellow_0(sK0) & v2_lattice3(sK0) & v1_lattice3(sK0) & v5_orders_2(sK0) & v4_orders_2(sK0) & v3_orders_2(sK0)) [choice axiom]
455. ? [X1] : (~v5_waybel_6(X1,sK0) & v4_waybel_7(X1,sK0) & m1_subset_1(X1,u1_struct_0(sK0))) => (~v5_waybel_6(sK1,sK0) & v4_waybel_7(sK1,sK0) & m1_subset_1(sK1,u1_struct_0(sK0))) [choice axiom]
456. (~v5_waybel_6(sK1,sK0) & v4_waybel_7(sK1,sK0) & m1_subset_1(sK1,u1_struct_0(sK0))) & l1_orders_2(sK0) & v3_waybel_8(sK0) & v1_yellow_0(sK0) & v2_lattice3(sK0) & v1_lattice3(sK0) & v5_orders_2(sK0) & v4_orders_2(sK0) & v3_orders_2(sK0) [skolemisation 218,455,454]
493. ! [X0] : (((v3_waybel_8(X0) | ~v5_waybel_7(k1_waybel_4(X0),X0)) & (v5_waybel_7(k1_waybel_4(X0),X0) | ~v3_waybel_8(X0))) | ~l1_orders_2(X0) | ~v2_waybel_8(X0) | ~v1_yellow_0(X0) | ~v2_lattice3(X0) | ~v1_lattice3(X0) | ~v5_orders_2(X0) | ~v4_orders_2(X0) | ~v3_orders_2(X0)) [nnf transformation 422]
531. v3_orders_2(sK0) [cnf transformation 456] {a:0,w:2,wCS:200,goal:1,sine:0,thAx:0,allAx:3,thDist:-3}
532. v4_orders_2(sK0) [cnf transformation 456] {a:0,w:2,wCS:200,goal:1,sine:0,thAx:0,allAx:3,thDist:-3}
533. v5_orders_2(sK0) [cnf transformation 456] {a:0,w:2,wCS:200,goal:1,sine:0,thAx:0,allAx:3,thDist:-3}
534. v1_lattice3(sK0) [cnf transformation 456] {a:0,w:2,wCS:200,goal:1,sine:0,thAx:0,allAx:3,thDist:-3}
535. v2_lattice3(sK0) [cnf transformation 456] {a:0,w:2,wCS:200,goal:1,sine:0,thAx:0,allAx:3,thDist:-3}
536. v1_yellow_0(sK0) [cnf transformation 456] {a:0,w:2,wCS:200,goal:1,sine:0,thAx:0,allAx:3,thDist:-3}
537. v3_waybel_8(sK0) [cnf transformation 456] {a:0,w:2,wCS:200,goal:1,sine:0,thAx:0,allAx:3,thDist:-3}
538. l1_orders_2(sK0) [cnf transformation 456] {a:0,w:2,wCS:200,goal:1,sine:0,thAx:0,allAx:3,thDist:-3}
539. m1_subset_1(sK1,u1_struct_0(sK0)) [cnf transformation 456] {a:0,w:4,wCS:400,goal:1,sine:0,thAx:0,allAx:3,thDist:-3}
540. v4_waybel_7(sK1,sK0) [cnf transformation 456] {a:0,w:3,wCS:300,goal:1,sine:0,thAx:0,allAx:3,thDist:-3}
541. ~v5_waybel_6(sK1,sK0) [cnf transformation 456] {a:0,w:3,wCS:300,goal:1,sine:0,thAx:0,allAx:3,thDist:-3}
709. ~v2_waybel_8(X0) | v3_waybel_3(X0) | ~v2_lattice3(X0) | ~v1_lattice3(X0) | ~v5_orders_2(X0) | ~v4_orders_2(X0) | ~v3_orders_2(X0) | ~l1_orders_2(X0) [cnf transformation 300] {a:0,w:16,wCS:6400,nSel:1,sine:2,thAx:0,allAx:1,thDist:-1}
715. ~l1_orders_2(X0) | ~v3_waybel_8(X0) | ~v2_lattice3(X0) | ~v1_lattice3(X0) | ~v5_orders_2(X0) | ~v4_orders_2(X0) | ~v3_orders_2(X0) | v2_waybel_8(X0) [cnf transformation 302] {a:0,w:16,wCS:6400,nSel:1,sine:1,thAx:0,allAx:1,thDist:-1}
815. ~v5_waybel_7(k1_waybel_4(X0),X0) | ~v4_waybel_7(X1,X0) | ~m1_subset_1(X1,u1_struct_0(X0)) | v5_waybel_6(X1,X0) | ~l1_orders_2(X0) | ~v3_waybel_3(X0) | ~v2_lattice3(X0) | ~v1_lattice3(X0) | ~v1_yellow_0(X0) | ~v5_orders_2(X0) | ~v4_orders_2(X0) | ~v3_orders_2(X0) [cnf transformation 414] {a:0,w:30,wCS:12000,nSel:1,sine:1,thAx:0,allAx:1,thDist:-1}
824. v5_waybel_7(k1_waybel_4(X0),X0) | ~v3_waybel_8(X0) | ~l1_orders_2(X0) | ~v2_waybel_8(X0) | ~v1_yellow_0(X0) | ~v2_lattice3(X0) | ~v1_lattice3(X0) | ~v5_orders_2(X0) | ~v4_orders_2(X0) | ~v3_orders_2(X0) [cnf transformation 493] {a:0,w:22,wCS:8800,sine:2,thAx:0,allAx:1,thDist:-1}
881. 1 <=> v5_waybel_6(sK1,sK0) [avatar definition]
883. ~v5_waybel_6(sK1,sK0) <- (~1) [avatar component clause 881] {a:0,w:3,wCS:300,nSel:1,goal:1,sine:255,thAx:0,allAx:3,thDist:-3}
884. ~1 [avatar split clause 541,881]
886. 2 <=> v4_waybel_7(sK1,sK0) [avatar definition]
888. v4_waybel_7(sK1,sK0) <- (2) [avatar component clause 886] {a:0,w:3,wCS:300,nSel:1,goal:1,sine:255,thAx:0,allAx:3,thDist:-3}
889. 2 [avatar split clause 540,886]
891. 3 <=> m1_subset_1(sK1,u1_struct_0(sK0)) [avatar definition]
893. m1_subset_1(sK1,u1_struct_0(sK0)) <- (3) [avatar component clause 891] {a:0,w:4,wCS:400,nSel:1,goal:1,sine:255,thAx:0,allAx:3,thDist:-3}
894. 3 [avatar split clause 539,891]
896. 4 <=> l1_orders_2(sK0) [avatar definition]
898. l1_orders_2(sK0) <- (4) [avatar component clause 896] {a:0,w:2,wCS:200,nSel:1,goal:1,sine:255,thAx:0,allAx:3,thDist:-3}
899. 4 [avatar split clause 538,896]
901. 5 <=> v3_waybel_8(sK0) [avatar definition]
903. v3_waybel_8(sK0) <- (5) [avatar component clause 901] {a:0,w:2,wCS:200,nSel:1,goal:1,sine:255,thAx:0,allAx:3,thDist:-3}
904. 5 [avatar split clause 537,901]
906. 6 <=> v1_yellow_0(sK0) [avatar definition]
908. v1_yellow_0(sK0) <- (6) [avatar component clause 906] {a:0,w:2,wCS:200,nSel:1,goal:1,sine:255,thAx:0,allAx:3,thDist:-3}
909. 6 [avatar split clause 536,906]
911. 7 <=> v2_lattice3(sK0) [avatar definition]
913. v2_lattice3(sK0) <- (7) [avatar component clause 911] {a:0,w:2,wCS:200,nSel:1,goal:1,sine:255,thAx:0,allAx:3,thDist:-3}
914. 7 [avatar split clause 535,911]
916. 8 <=> v1_lattice3(sK0) [avatar definition]
918. v1_lattice3(sK0) <- (8) [avatar component clause 916] {a:0,w:2,wCS:200,nSel:1,goal:1,sine:255,thAx:0,allAx:3,thDist:-3}
919. 8 [avatar split clause 534,916]
921. 9 <=> v5_orders_2(sK0) [avatar definition]
923. v5_orders_2(sK0) <- (9) [avatar component clause 921] {a:0,w:2,wCS:200,nSel:1,goal:1,sine:255,thAx:0,allAx:3,thDist:-3}
924. 9 [avatar split clause 533,921]
926. 10 <=> v4_orders_2(sK0) [avatar definition]
928. v4_orders_2(sK0) <- (10) [avatar component clause 926] {a:0,w:2,wCS:200,nSel:1,goal:1,sine:255,thAx:0,allAx:3,thDist:-3}
929. 10 [avatar split clause 532,926]
931. 11 <=> v3_orders_2(sK0) [avatar definition]
933. v3_orders_2(sK0) <- (11) [avatar component clause 931] {a:0,w:2,wCS:200,nSel:1,goal:1,sine:255,thAx:0,allAx:3,thDist:-3}
934. 11 [avatar split clause 531,931]
2374. ~v3_waybel_8(sK0) | ~v2_lattice3(sK0) | ~v1_lattice3(sK0) | ~v5_orders_2(sK0) | ~v4_orders_2(sK0) | ~v3_orders_2(sK0) | v2_waybel_8(sK0) <- (4) [resolution 715,898] {a:1,w:14,wCS:1400,goal:1,sine:1,thAx:0,allAx:4,thDist:-4}
2376. ~v2_lattice3(sK0) | ~v1_lattice3(sK0) | ~v5_orders_2(sK0) | ~v4_orders_2(sK0) | ~v3_orders_2(sK0) | v2_waybel_8(sK0) <- (4, 5) [subsumption resolution 2374,903] {a:1,w:12,wCS:1200,goal:1,sine:1,thAx:0,allAx:4,thDist:-4}
2377. ~v1_lattice3(sK0) | ~v5_orders_2(sK0) | ~v4_orders_2(sK0) | ~v3_orders_2(sK0) | v2_waybel_8(sK0) <- (4, 5, 7) [subsumption resolution 2376,913] {a:1,w:10,wCS:1000,goal:1,sine:1,thAx:0,allAx:4,thDist:-4}
2378. ~v5_orders_2(sK0) | ~v4_orders_2(sK0) | ~v3_orders_2(sK0) | v2_waybel_8(sK0) <- (4, 5, 7, 8) [subsumption resolution 2377,918] {a:1,w:8,wCS:800,goal:1,sine:1,thAx:0,allAx:4,thDist:-4}
2379. ~v4_orders_2(sK0) | ~v3_orders_2(sK0) | v2_waybel_8(sK0) <- (4, 5, 7, 8, 9) [subsumption resolution 2378,923] {a:1,w:6,wCS:600,goal:1,sine:1,thAx:0,allAx:4,thDist:-4}
2380. ~v3_orders_2(sK0) | v2_waybel_8(sK0) <- (4, 5, 7, 8, 9, 10) [subsumption resolution 2379,928] {a:1,w:4,wCS:400,goal:1,sine:1,thAx:0,allAx:4,thDist:-4}
2381. v2_waybel_8(sK0) <- (4, 5, 7, 8, 9, 10, 11) [subsumption resolution 2380,933] {a:1,w:2,wCS:200,goal:1,sine:1,thAx:0,allAx:4,thDist:-4}
2383. 161 <=> v2_waybel_8(sK0) [avatar definition]
2385. v2_waybel_8(sK0) <- (161) [avatar component clause 2383] {a:1,w:2,wCS:200,nSel:1,goal:1,sine:255,thAx:0,allAx:4,thDist:-4}
2386. 161 | ~4 | ~5 | ~7 | ~8 | ~9 | ~10 | ~11 [avatar split clause 2381,931,926,921,916,911,901,896,2383]
2416. v3_waybel_3(sK0) | ~v2_lattice3(sK0) | ~v1_lattice3(sK0) | ~v5_orders_2(sK0) | ~v4_orders_2(sK0) | ~v3_orders_2(sK0) | ~l1_orders_2(sK0) <- (161) [resolution 2385,709] {a:2,w:14,wCS:1400,goal:1,sine:2,thAx:0,allAx:5,thDist:-5}
2418. v3_waybel_3(sK0) | ~v1_lattice3(sK0) | ~v5_orders_2(sK0) | ~v4_orders_2(sK0) | ~v3_orders_2(sK0) | ~l1_orders_2(sK0) <- (7, 161) [subsumption resolution 2416,913] {a:2,w:12,wCS:1200,goal:1,sine:2,thAx:0,allAx:5,thDist:-5}
2419. v3_waybel_3(sK0) | ~v5_orders_2(sK0) | ~v4_orders_2(sK0) | ~v3_orders_2(sK0) | ~l1_orders_2(sK0) <- (7, 8, 161) [subsumption resolution 2418,918] {a:2,w:10,wCS:1000,goal:1,sine:2,thAx:0,allAx:5,thDist:-5}
2420. v3_waybel_3(sK0) | ~v4_orders_2(sK0) | ~v3_orders_2(sK0) | ~l1_orders_2(sK0) <- (7, 8, 9, 161) [subsumption resolution 2419,923] {a:2,w:8,wCS:800,goal:1,sine:2,thAx:0,allAx:5,thDist:-5}
2421. v3_waybel_3(sK0) | ~v3_orders_2(sK0) | ~l1_orders_2(sK0) <- (7, 8, 9, 10, 161) [subsumption resolution 2420,928] {a:2,w:6,wCS:600,goal:1,sine:2,thAx:0,allAx:5,thDist:-5}
2422. v3_waybel_3(sK0) | ~l1_orders_2(sK0) <- (7, 8, 9, 10, 11, 161) [subsumption resolution 2421,933] {a:2,w:4,wCS:400,goal:1,sine:2,thAx:0,allAx:5,thDist:-5}
2423. v3_waybel_3(sK0) <- (4, 7, 8, 9, 10, 11, 161) [subsumption resolution 2422,898] {a:2,w:2,wCS:200,goal:1,sine:2,thAx:0,allAx:5,thDist:-5}
2425. 169 <=> v3_waybel_3(sK0) [avatar definition]
2427. v3_waybel_3(sK0) <- (169) [avatar component clause 2425] {a:2,w:2,wCS:200,nSel:1,goal:1,sine:255,thAx:0,allAx:5,thDist:-5}
2428. 169 | ~4 | ~7 | ~8 | ~9 | ~10 | ~11 | ~161 [avatar split clause 2423,2383,931,926,921,916,911,896,2425]
2702. v5_waybel_7(k1_waybel_4(X0),X0) | ~v3_waybel_8(X0) | ~l1_orders_2(X0) | ~v1_yellow_0(X0) | ~v2_lattice3(X0) | ~v1_lattice3(X0) | ~v5_orders_2(X0) | ~v4_orders_2(X0) | ~v3_orders_2(X0) [subsumption resolution 824,715] {a:0,w:20,wCS:8000,nSel:1,sine:1,thAx:0,allAx:1,thDist:-1}
2765. ~v4_waybel_7(X0,X1) | ~m1_subset_1(X0,u1_struct_0(X1)) | v5_waybel_6(X0,X1) | ~l1_orders_2(X1) | ~v3_waybel_3(X1) | ~v2_lattice3(X1) | ~v1_lattice3(X1) | ~v1_yellow_0(X1) | ~v5_orders_2(X1) | ~v4_orders_2(X1) | ~v3_orders_2(X1) | ~v3_waybel_8(X1) | ~l1_orders_2(X1) | ~v1_yellow_0(X1) | ~v2_lattice3(X1) | ~v1_lattice3(X1) | ~v5_orders_2(X1) | ~v4_orders_2(X1) | ~v3_orders_2(X1) [resolution 815,2702] {a:1,w:42,wCS:16800,sine:1,thAx:0,allAx:2,thDist:-2}
2766. ~m1_subset_1(X0,u1_struct_0(X1)) | ~v4_waybel_7(X0,X1) | v5_waybel_6(X0,X1) | ~l1_orders_2(X1) | ~v3_waybel_3(X1) | ~v2_lattice3(X1) | ~v1_lattice3(X1) | ~v1_yellow_0(X1) | ~v5_orders_2(X1) | ~v4_orders_2(X1) | ~v3_orders_2(X1) | ~v3_waybel_8(X1) [duplicate literal removal 2765] {a:1,w:28,wCS:11200,nSel:1,sine:1,thAx:0,allAx:2,thDist:-2}
4349. ~v4_waybel_7(sK1,sK0) | v5_waybel_6(sK1,sK0) | ~l1_orders_2(sK0) | ~v3_waybel_3(sK0) | ~v2_lattice3(sK0) | ~v1_lattice3(sK0) | ~v1_yellow_0(sK0) | ~v5_orders_2(sK0) | ~v4_orders_2(sK0) | ~v3_orders_2(sK0) | ~v3_waybel_8(sK0) <- (3) [resolution 2766,893] {a:2,w:24,wCS:2400,goal:1,sine:1,thAx:0,allAx:5,thDist:-5}
4360. v5_waybel_6(sK1,sK0) | ~l1_orders_2(sK0) | ~v3_waybel_3(sK0) | ~v2_lattice3(sK0) | ~v1_lattice3(sK0) | ~v1_yellow_0(sK0) | ~v5_orders_2(sK0) | ~v4_orders_2(sK0) | ~v3_orders_2(sK0) | ~v3_waybel_8(sK0) <- (2, 3) [subsumption resolution 4349,888] {a:2,w:21,wCS:2100,goal:1,sine:1,thAx:0,allAx:5,thDist:-5}
4361. ~l1_orders_2(sK0) | ~v3_waybel_3(sK0) | ~v2_lattice3(sK0) | ~v1_lattice3(sK0) | ~v1_yellow_0(sK0) | ~v5_orders_2(sK0) | ~v4_orders_2(sK0) | ~v3_orders_2(sK0) | ~v3_waybel_8(sK0) <- (~1, 2, 3) [subsumption resolution 4360,883] {a:2,w:18,wCS:1800,goal:1,sine:1,thAx:0,allAx:5,thDist:-5}
4362. ~v3_waybel_3(sK0) | ~v2_lattice3(sK0) | ~v1_lattice3(sK0) | ~v1_yellow_0(sK0) | ~v5_orders_2(sK0) | ~v4_orders_2(sK0) | ~v3_orders_2(sK0) | ~v3_waybel_8(sK0) <- (~1, 2, 3, 4) [subsumption resolution 4361,898] {a:2,w:16,wCS:1600,goal:1,sine:1,thAx:0,allAx:5,thDist:-5}
4363. ~v2_lattice3(sK0) | ~v1_lattice3(sK0) | ~v1_yellow_0(sK0) | ~v5_orders_2(sK0) | ~v4_orders_2(sK0) | ~v3_orders_2(sK0) | ~v3_waybel_8(sK0) <- (~1, 2, 3, 4, 169) [subsumption resolution 4362,2427] {a:2,w:14,wCS:1400,goal:1,sine:1,thAx:0,allAx:5,thDist:-5}
4364. ~v1_lattice3(sK0) | ~v1_yellow_0(sK0) | ~v5_orders_2(sK0) | ~v4_orders_2(sK0) | ~v3_orders_2(sK0) | ~v3_waybel_8(sK0) <- (~1, 2, 3, 4, 7, 169) [subsumption resolution 4363,913] {a:2,w:12,wCS:1200,goal:1,sine:1,thAx:0,allAx:5,thDist:-5}
4365. ~v1_yellow_0(sK0) | ~v5_orders_2(sK0) | ~v4_orders_2(sK0) | ~v3_orders_2(sK0) | ~v3_waybel_8(sK0) <- (~1, 2, 3, 4, 7, 8, 169) [subsumption resolution 4364,918] {a:2,w:10,wCS:1000,goal:1,sine:1,thAx:0,allAx:5,thDist:-5}
4366. ~v5_orders_2(sK0) | ~v4_orders_2(sK0) | ~v3_orders_2(sK0) | ~v3_waybel_8(sK0) <- (~1, 2, 3, 4, 6, 7, 8, 169) [subsumption resolution 4365,908] {a:2,w:8,wCS:800,goal:1,sine:1,thAx:0,allAx:5,thDist:-5}
4367. ~v4_orders_2(sK0) | ~v3_orders_2(sK0) | ~v3_waybel_8(sK0) <- (~1, 2, 3, 4, 6, 7, 8, 9, 169) [subsumption resolution 4366,923] {a:2,w:6,wCS:600,goal:1,sine:1,thAx:0,allAx:5,thDist:-5}
4368. ~v3_orders_2(sK0) | ~v3_waybel_8(sK0) <- (~1, 2, 3, 4, 6, 7, 8, 9, 10, 169) [subsumption resolution 4367,928] {a:2,w:4,wCS:400,goal:1,sine:1,thAx:0,allAx:5,thDist:-5}
4369. ~v3_waybel_8(sK0) <- (~1, 2, 3, 4, 6, 7, 8, 9, 10, 11, 169) [subsumption resolution 4368,933] {a:2,w:2,wCS:200,goal:1,sine:1,thAx:0,allAx:5,thDist:-5}
4370. $false <- (~1, 2, 3, 4, 5, 6, 7, 8, 9, 10, 11, 169) [subsumption resolution 4369,903] {a:2,w:0,goal:1,sine:1,thAx:0,allAx:5,thDist:-5}
4371. 1 | ~2 | ~3 | ~4 | ~5 | ~6 | ~7 | ~8 | ~9 | ~10 | ~11 | ~169 [avatar contradiction clause 4370]
4372. $false [avatar sat refutation 884,889,894,899,904,909,914,919,924,929,934,2386,2428,4371] {a:0,w:0,goal:1,sine:0,thAx:0,allAx:1984,thDist:-1984}
% SZS output end Proof for waybel_8__t21_waybel_8
% ------------------------------
% Version: Vampire 4.5.1 (commit 226f88162 on 2021-09-12 20:13:44 +0200)
% Termination reason: Refutation

% >>> Input
% Input formulas: 186
% >>> Preprocessing
% Introduced skolems: 38
% Pure predicates: 10
% Unused predicate definitions: 1
% 
% >>> Saturation
% Initial clauses: 349
% Generated clauses: 2806
% Active clauses: 918
% Passive clauses: 1386
% Final active clauses: 904
% Final passive clauses: 349
% Main loop iterations started: 1036
% 
% >>> Simplifying Inferences
% Duplicate literals: 152
% Fw subsumption resolutions: 384
% Fw demodulations: 3
% 
% >>> Deletion Inferences
% Simple tautologies: 188
% Forward subsumptions: 559
% 
% >>> Generating Inferences
% Binary resolution: 1660
% Unit resulting resolution: 8
% Forward superposition: 36
% Backward superposition: 8
% Self superposition: 1
% 
% >>> AVATAR
% Split clauses: 47
% Split components: 121
% Sat splitting refutations: 16
% 
% >>> SAT Solver Statistics
% SAT solver clauses: 282
% SAT solver unit clauses: 49
% SAT solver binary clauses: 131
% 
% Memory used [KB]: 8187
% Time elapsed: 0.038 s
% ------------------------------
% ------------------------------
% Time measurement results:
% parsing: 0.002 s
% sat proof minimization: 0.001 s
% term sharing: 0.004 s
% congruence closure: 0.004 s
% non unit clause index maintenance: 0.002 s ( own 0.001 s ) 
% forward subsumption index maintenance: 0.002 s
% forward subsumption: 0.002 s
% forward subsumption resolution: 0.002 s
% backward subsumption: 0.001 s
% resolution: 0.005 s ( own 0.003 s ) 
% unit resulting resolution: 0.004 s ( own 0.003 s ) 
% superposition: 0.002 s
% literal selection: 0.001 s
% passive container maintenance: 0.001 s
% other: 0.038 s ( own 0.009 s ) 

