i: [1,446,0,6,1,1,0,0] l8_gobrd11
a: [3,667,0,6,1,446]
s: 667
i: [1,447,0,2,1,0,0,1] spc2_boole
a: [3,672,0,2,1,447]
s: 672
i: [1,448,0,2,1,0,0,255] spc1_boole
a: [3,677,0,2,1,448]
s: 677
i: [1,449,0,2,1,0,0,255] fc3_membered
a: [3,682,0,2,1,449]
s: 682
i: [1,450,0,2,1,0,0,255] fc6_membered
a: [3,687,0,2,1,450]
s: 687
i: [1,451,0,2,1,0,0,255] dt_o_0_0_xboole_0
a: [3,692,0,2,1,451]
s: 692
i: [1,452,0,2,1,0,0,255] fc1_xboole_0
a: [3,697,0,2,1,452]
s: 697
i: [1,457,0,2,1,0,0,255] spc1_numerals
a: [3,737,0,2,1,457]
s: 737
i: [1,461,0,2,1,0,0,1] spc2_numerals
a: [3,757,0,2,1,461]
s: 757
i: [1,620,0,2,1,0,0,2] rc2_xboole_0
a: [3,762,0,2,1,620]
s: 762
i: [1,621,0,2,1,0,0,255] existence_l2_algstr_0
a: [3,767,0,2,1,621]
s: 767
i: [1,622,0,2,1,0,0,255] existence_l1_algstr_0
a: [3,772,0,2,1,622]
s: 772
i: [1,623,0,2,1,0,0,255] existence_l1_rlvect_1
a: [3,777,0,2,1,623]
s: 777
i: [1,624,0,2,1,0,0,255] existence_l1_pre_topc
a: [3,782,0,2,1,624]
s: 782
i: [1,625,0,2,1,0,0,255] existence_l2_struct_0
a: [3,787,0,2,1,625]
s: 787
i: [1,626,0,2,1,0,0,3] existence_l1_struct_0
a: [3,792,0,2,1,626]
s: 792
i: [1,627,0,2,1,0,0,255] existence_l1_rltopsp1
a: [3,797,0,2,1,627]
s: 797
i: [1,628,0,2,1,0,0,255] rc1_xreal_0
a: [3,802,0,2,1,628]
s: 802
i: [1,629,0,2,1,0,0,3] rc1_xxreal_0
a: [3,807,0,2,1,629]
s: 807
i: [1,630,0,2,1,0,0,2] rc1_xboole_0
a: [3,812,0,2,1,630]
s: 812
i: [1,632,0,2,1,0,0,3] rc2_membered
a: [3,817,0,2,1,632]
s: 817
i: [1,631,0,2,1,0,0,3] rc2_membered
a: [3,822,0,2,1,631]
s: 822
i: [1,634,0,2,1,0,0,3] rc1_membered
a: [3,827,0,2,1,634]
s: 827
i: [1,633,0,2,1,0,0,3] rc1_membered
a: [3,832,0,2,1,633]
s: 832
i: [1,636,0,2,1,0,0,255] rc3_membered
a: [3,837,0,2,1,636]
s: 837
i: [1,635,0,2,1,0,0,255] rc3_membered
a: [3,842,0,2,1,635]
s: 842
i: [1,639,0,2,1,0,0,255] rc20_struct_0
a: [3,847,0,2,1,639]
s: 847
i: [1,638,0,2,1,0,0,255] rc20_struct_0
a: [3,852,0,2,1,638]
s: 852
i: [1,637,0,2,1,0,0,255] rc20_struct_0
a: [3,857,0,2,1,637]
s: 857
i: [1,642,0,2,1,0,0,255] rc7_rltopsp1
a: [3,862,0,2,1,642]
s: 862
i: [1,641,0,2,1,0,0,255] rc7_rltopsp1
a: [3,867,0,2,1,641]
s: 867
i: [1,640,0,2,1,0,0,255] rc7_rltopsp1
a: [3,872,0,2,1,640]
s: 872
i: [1,644,0,2,1,0,0,255] rc6_rltopsp1
a: [3,877,0,2,1,644]
s: 877
i: [1,643,0,2,1,0,0,255] rc6_rltopsp1
a: [3,882,0,2,1,643]
s: 882
i: [1,647,0,2,1,0,0,255] rc3_xreal_0
a: [3,887,0,2,1,647]
s: 887
i: [1,646,0,2,1,0,0,255] rc3_xreal_0
a: [3,892,0,2,1,646]
s: 892
i: [1,645,0,2,1,0,0,255] rc3_xreal_0
a: [3,897,0,2,1,645]
s: 897
i: [1,650,0,2,1,0,0,255] rc2_xreal_0
a: [3,902,0,2,1,650]
s: 902
i: [1,649,0,2,1,0,0,255] rc2_xreal_0
a: [3,907,0,2,1,649]
s: 907
i: [1,648,0,2,1,0,0,255] rc2_xreal_0
a: [3,912,0,2,1,648]
s: 912
i: [1,652,0,2,1,0,0,255] rc3_xxreal_0
a: [3,917,0,2,1,652]
s: 917
i: [1,651,0,2,1,0,0,255] rc3_xxreal_0
a: [3,922,0,2,1,651]
s: 922
i: [1,654,0,2,1,0,0,2] rc2_xxreal_0
a: [3,927,0,2,1,654]
s: 927
i: [1,653,0,2,1,0,0,2] rc2_xxreal_0
a: [3,932,0,2,1,653]
s: 932
i: [1,657,0,2,1,0,0,255] rc4_xreal_0
a: [3,937,0,2,1,657]
s: 937
i: [1,656,0,2,1,0,0,255] rc4_xreal_0
a: [3,942,0,2,1,656]
s: 942
i: [1,655,0,2,1,0,0,255] rc4_xreal_0
a: [3,947,0,2,1,655]
s: 947
i: [1,659,0,2,1,0,0,3] rc4_xxreal_0
a: [3,952,0,2,1,659]
s: 952
i: [1,658,0,2,1,0,0,3] rc4_xxreal_0
a: [3,957,0,2,1,658]
s: 957
i: [1,663,0,2,1,0,0,255] rc1_rltopsp1
a: [3,962,0,2,1,663]
s: 962
i: [1,662,0,2,1,0,0,255] rc1_rltopsp1
a: [3,967,0,2,1,662]
s: 967
i: [1,661,0,2,1,0,0,255] rc1_rltopsp1
a: [3,972,0,2,1,661]
s: 972
i: [1,465,0,3,1,0,0,3] fc1_subset_1
s: 465
i: [1,597,0,3,1,0,0,3] rc2_subset_1
s: 597
i: [1,600,0,3,1,0,0,255] reflexivity_r1_tarski
s: 600
i: [1,453,0,3,1,0,0,255] d2_xboole_0
a: [3,702,0,3,1,453]
s: 702
r: 697
i: [1,454,0,3,1,0,0,255] redefinition_k5_numbers
a: [3,707,0,3,1,454]
s: 707
r: 687
d: [2,980,0,2,1,2,23,687,707]
a: [3,984,0,2,1,980]
s: 984
i: [1,455,0,3,1,0,0,255] t1_numerals
a: [3,712,0,3,1,455]
s: 712
i: [1,460,0,3,1,0,0,255] spc1_numerals
a: [3,722,0,3,1,460]
s: 722
i: [1,459,0,3,1,0,0,255] spc1_numerals
a: [3,727,0,3,1,459]
s: 727
i: [1,464,0,3,1,0,0,1] spc2_numerals
a: [3,742,0,3,1,464]
s: 742
i: [1,463,0,3,1,0,0,1] spc2_numerals
a: [3,747,0,3,1,463]
s: 747
i: [1,660,0,3,1,0,0,255] rc1_rltopsp1
a: [3,977,0,3,1,660]
s: 977
d: [2,986,0,3,1,2,22,712,707]
d: [2,987,0,3,1,3,22,986,702]
a: [3,991,0,3,1,987]
s: 991
i: [1,477,0,4,2,0,0,255] cc2_xreal_0
s: 477
i: [1,478,0,4,2,0,0,3] cc2_xxreal_0
s: 478
i: [1,497,0,4,2,0,0,255] dt_l2_algstr_0
s: 497
d: [2,993,1,2,1,1,40,497,767]
a: [3,997,1,2,1,993]
s: 997
i: [1,498,0,4,2,0,0,255] dt_l2_algstr_0
s: 498
i: [1,499,0,4,2,0,0,255] dt_l1_algstr_0
s: 499
d: [2,999,1,2,1,1,40,498,767]
a: [3,1003,1,2,1,999]
s: 1003
i: [1,506,0,4,2,0,0,255] cc2_membered
s: 506
d: [2,1005,1,2,1,1,40,499,772]
a: [3,1009,1,2,1,1005]
s: 1009
i: [1,507,0,4,2,0,0,255] cc3_membered
s: 507
i: [1,510,0,4,2,0,0,255] dt_l1_rlvect_1
s: 510
d: [2,1017,1,2,1,1,40,510,777]
a: [3,1021,1,2,1,1017]
s: 1021
i: [1,514,0,4,2,0,0,255] dt_l1_pre_topc
s: 514
d: [2,1035,1,2,1,1,40,514,782]
a: [3,1039,1,2,1,1035]
s: 1039
i: [1,516,0,4,2,0,0,255] dt_l2_struct_0
s: 516
i: [1,518,0,4,2,0,0,255] cc5_membered
s: 518
d: [2,1041,1,2,1,1,40,516,787]
a: [3,1047,1,2,1,1041]
s: 1047
i: [1,519,0,4,2,0,0,255] cc4_membered
s: 519
d: [2,1042,1,2,1,1,40,516,857]
a: [3,1052,1,2,1,1042]
s: 1052
i: [1,536,0,4,2,0,0,255] dt_l1_rltopsp1
s: 536
i: [1,537,0,4,2,0,0,255] dt_l1_rltopsp1
s: 537
d: [2,1055,1,2,1,1,40,518,682]
a: [3,1059,1,2,1,1055]
s: 1059
i: [1,540,0,4,2,0,0,255] cc4_xreal_0
s: 540
d: [2,1061,1,2,1,1,40,519,682]
a: [3,1065,1,2,1,1061]
s: 1065
i: [1,541,0,4,2,0,0,255] cc1_membered
s: 541
i: [1,544,0,4,2,0,0,3] cc18_membered
s: 544
d: [2,1067,1,2,1,1,40,536,797]
a: [3,1073,1,2,1,1067]
s: 1073
i: [1,595,0,4,1,0,0,2] existence_m1_subset_1
s: 595
d: [2,1068,1,2,1,1,40,536,872]
a: [3,1078,1,2,1,1068]
s: 1078
i: [1,599,0,4,1,0,0,255] rc3_subset_1
s: 599
i: [1,610,0,4,1,0,0,255] rc1_relset_1
s: 610
d: [2,1069,1,2,1,1,40,536,882]
a: [3,1083,1,2,1,1069]
s: 1083
i: [1,456,0,4,1,0,0,2] dt_k5_numbers
a: [3,717,0,4,1,456]
s: 717
d: [2,1085,1,2,1,1,40,537,797]
a: [3,1091,1,2,1,1085]
s: 1091
i: [1,458,0,4,1,0,0,255] spc1_numerals
a: [3,732,0,4,1,458]
s: 732
i: [1,462,0,4,1,0,0,1] spc2_numerals
a: [3,752,0,4,1,462]
s: 752
d: [2,1086,1,2,1,1,40,537,872]
a: [3,1096,1,2,1,1086]
s: 1096
i: [1,467,0,5,2,0,0,255] rc6_subset_1
s: 467
d: [2,1087,1,2,1,1,40,537,882]
a: [3,1101,1,2,1,1087]
s: 1101
i: [1,471,0,5,2,0,0,3] rc1_subset_1
s: 471
i: [1,473,0,5,2,0,0,255] rc5_subset_1
s: 473
d: [2,1103,1,2,1,1,40,540,802]
a: [3,1111,1,2,1,1103]
s: 1111
i: [1,474,0,5,2,0,0,255] rc5_subset_1
s: 474
d: [2,1113,1,2,1,1,40,541,984]
a: [3,1120,1,2,1,1113]
s: 1120
i: [1,479,0,5,2,0,0,1] fc1_euclid
s: 479
i: [1,482,0,5,2,0,0,1] fc5_euclid
s: 482
d: [2,1114,1,2,1,1,40,541,817]
a: [3,1125,1,2,1,1114]
s: 1125
i: [1,483,0,5,2,0,0,1] fc5_euclid
s: 483
d: [2,1115,1,2,1,1,40,541,827]
a: [3,1130,1,2,1,1115]
s: 1130
i: [1,484,0,5,2,0,0,255] fc7_euclid
s: 484
i: [1,485,0,5,2,0,0,255] fc6_euclid
s: 485
d: [2,1116,1,2,1,1,40,541,837]
a: [3,1135,1,2,1,1116]
s: 1135
i: [1,486,0,5,2,0,0,255] fc6_euclid
s: 486
d: [2,1137,1,2,1,1,40,544,692]
a: [3,1145,1,2,1,1137]
s: 1145
i: [1,487,0,5,2,0,0,255] fc6_euclid
s: 487
i: [1,488,0,5,2,0,0,255] fc6_euclid
s: 488
d: [2,1139,1,2,1,1,40,544,812]
a: [3,1150,1,2,1,1139]
s: 1150
i: [1,489,0,5,2,0,0,255] fc6_euclid
s: 489
d: [2,1140,1,2,1,1,40,544,947]
a: [3,1155,1,2,1,1140]
s: 1155
i: [1,490,0,5,2,0,0,255] fc6_euclid
s: 490
i: [1,491,0,5,2,0,0,255] fc6_euclid
s: 491
d: [2,1141,1,2,1,1,40,544,957]
a: [3,1160,1,2,1,1141]
s: 1160
i: [1,492,0,5,2,0,0,255] fc6_euclid
s: 492
d: [2,1011,2,2,1,1,40,1003,499]
a: [3,1015,2,2,1,1011]
s: 1015
i: [1,493,0,5,2,0,0,255] fc6_euclid
s: 493
i: [1,494,0,5,2,0,0,255] fc6_euclid
s: 494
d: [2,1023,2,2,1,1,40,1021,498]
a: [3,1028,2,2,1,1023]
s: 1028
i: [1,495,0,5,2,0,0,255] dt_k15_euclid
s: 495
d: [2,1024,2,2,1,1,40,1021,497]
a: [3,1033,2,2,1,1024]
s: 1033
i: [1,496,0,5,2,0,0,255] dt_k15_euclid
s: 496
i: [1,500,0,5,2,0,0,255] dt_u1_algstr_0
s: 500
d: [2,1162,2,2,1,1,40,1073,510]
a: [3,1166,2,2,1,1162]
s: 1166
i: [1,511,0,5,2,0,0,255] dt_u1_rlvect_1
s: 511
d: [2,1168,2,2,1,1,40,1078,510]
a: [3,1172,2,2,1,1168]
s: 1172
i: [1,545,0,5,2,0,0,255] t6_boole
s: 545
i: [1,548,0,5,2,0,0,2] cc25_membered
s: 548
d: [2,1282,1,2,1,1,40,548,747]
a: [3,1289,1,2,1,1282]
s: 1289
i: [1,549,0,5,2,0,0,255] cc1_xreal_0
s: 549
d: [2,1284,1,2,1,1,40,548,727]
a: [3,1294,1,2,1,1284]
s: 1294
i: [1,592,0,5,2,0,0,255] t7_boole
s: 592
i: [1,596,0,5,1,0,0,3] rc2_subset_1
s: 596
d: [2,1307,1,2,1,1,40,549,742]
a: [3,1314,1,2,1,1307]
s: 1314
i: [1,598,0,5,1,0,0,255] rc3_subset_1
s: 598
d: [2,1308,1,2,1,1,40,549,722]
a: [3,1319,1,2,1,1308]
s: 1319
d: [2,1281,0,5,2,1,22,545,702]
s: 1281
i: [1,476,0,6,2,0,0,255] rc4_subset_1
s: 476
d: [2,1175,2,2,1,1,40,1083,510]
a: [3,1179,2,2,1,1175]
s: 1179
i: [1,522,0,6,3,0,0,255] cc7_struct_0
s: 522
d: [2,1360,1,4,2,1,40,522,847]
d: [2,1361,1,2,1,2,21,1360,1052]
a: [3,1365,1,2,1,1361]
s: 1365
i: [1,523,0,6,3,0,0,255] cc5_struct_0
s: 523
i: [1,525,0,6,3,0,0,255] cc2_struct_0
s: 525
d: [2,1371,1,4,2,1,40,523,792]
a: [3,1412,1,2,1,1371]
s: 1412
i: [1,526,0,6,3,0,0,255] cc17_struct_0
s: 526
d: [2,1181,2,2,1,1,40,1091,514]
a: [3,1185,2,2,1,1181]
s: 1185
i: [1,527,0,6,3,0,0,255] cc6_struct_0
s: 527
i: [1,528,0,6,3,0,0,255] cc1_struct_0
s: 528
d: [2,1187,2,2,1,1,40,1096,514]
a: [3,1191,2,2,1,1187]
s: 1191
i: [1,531,0,6,3,0,0,255] cc4_struct_0
s: 531
d: [2,1193,2,2,1,1,40,1101,514]
a: [3,1197,2,2,1,1193]
s: 1197
i: [1,550,0,6,2,0,0,2] cc11_membered
s: 550
i: [1,551,0,6,2,0,0,255] cc8_membered
s: 551
d: [2,1501,1,2,1,1,40,551,717]
a: [3,1508,1,2,1,1501]
s: 1508
i: [1,579,0,6,3,0,0,255] cc5_xxreal_0
s: 579
d: [2,1537,1,4,2,1,40,579,892]
d: [2,1539,1,2,1,2,21,1537,897]
a: [3,1543,1,2,1,1539]
s: 1543
i: [1,581,0,6,3,0,0,255] cc5_xxreal_0
s: 581
i: [1,582,0,6,3,0,0,255] cc3_xxreal_0
s: 582
d: [2,1538,1,4,2,1,40,579,917]
d: [2,1545,1,2,1,2,21,1538,922]
a: [3,1549,1,2,1,1545]
s: 1549
i: [1,584,0,6,3,0,0,255] cc3_xxreal_0
s: 584
d: [2,1551,1,4,2,1,40,581,892]
d: [2,1553,1,2,1,2,21,1551,897]
a: [3,1557,1,2,1,1553]
s: 1557
i: [1,586,0,6,3,0,0,255] cc7_xxreal_0
s: 586
i: [1,587,0,6,3,0,0,255] cc7_xxreal_0
s: 587
d: [2,1552,1,4,2,1,40,581,917]
d: [2,1559,1,2,1,2,21,1552,922]
a: [3,1563,1,2,1,1559]
s: 1563
i: [1,588,0,6,2,0,0,255] t1_subset
s: 588
d: [2,1567,1,4,2,1,40,582,907]
d: [2,1569,1,2,1,2,21,1567,912]
a: [3,1573,1,2,1,1569]
s: 1573
i: [1,603,0,6,2,0,0,255] antisymmetry_r2_hidden
s: 603
i: [1,466,0,7,2,0,0,255] rc6_subset_1
s: 466
d: [2,1568,1,4,2,1,40,582,927]
d: [2,1575,1,2,1,2,21,1568,932]
a: [3,1579,1,2,1,1575]
s: 1579
i: [1,470,0,7,2,0,0,3] rc1_subset_1
s: 470
d: [2,1199,2,2,1,1,40,1120,506]
a: [3,1203,2,2,1,1199]
s: 1203
i: [1,472,0,7,2,0,0,255] rc5_subset_1
s: 472
i: [1,475,0,7,2,0,0,255] rc4_subset_1
s: 475
d: [2,1601,1,5,2,0,40,470,550]
a: [3,1610,1,2,1,1601]
s: 1610
i: [1,503,0,7,3,0,0,255] cc13_membered
s: 503
d: [2,1602,1,5,2,0,40,470,551]
a: [3,1619,1,2,1,1602]
s: 1619
r: 1619
i: [1,517,0,7,2,0,0,255] dt_u2_struct_0
s: 517
i: [1,520,0,7,3,0,0,255] cc14_membered
s: 520
a: [3,1618,1,2,1,1602]
s: 1618
i: [1,529,0,7,3,0,0,255] cc8_struct_0
s: 529
d: [2,1649,1,4,2,1,40,503,991]
a: [3,1667,1,2,1,1649]
s: 1667
i: [1,532,0,7,3,0,0,255] cc9_struct_0
s: 532
i: [1,533,0,7,3,0,0,255] cc11_struct_0
s: 533
d: [2,1690,1,4,2,1,40,520,991]
d: [2,1703,1,2,1,2,21,1690,1508]
a: [3,1707,1,2,1,1703]
s: 1707
i: [1,534,0,7,3,0,0,255] cc11_struct_0
s: 534
d: [2,1205,2,2,1,1,40,1125,506]
a: [3,1209,2,2,1,1205]
s: 1209
i: [1,542,0,7,3,0,0,3] cc17_membered
s: 542
i: [1,552,0,7,3,0,0,255] fc9_struct_0
s: 552
d: [2,1729,1,4,2,1,40,542,742]
a: [3,1747,1,2,1,1729]
s: 1747
i: [1,553,0,7,3,0,0,255] fc6_struct_0
s: 553
d: [2,1731,1,4,2,1,40,542,991]
d: [2,1751,1,2,1,2,21,1731,984]
a: [3,1755,1,2,1,1751]
s: 1755
i: [1,555,0,7,3,0,0,255] rc22_struct_0
s: 555
i: [1,562,0,7,3,0,0,2] fc2_struct_0
s: 562
d: [2,1732,1,4,2,1,40,542,722]
a: [3,1760,1,2,1,1732]
s: 1760
i: [1,564,0,7,3,0,0,2] rc4_struct_0
s: 564
d: [2,1211,2,2,1,1,40,1130,506]
a: [3,1215,2,2,1,1211]
s: 1215
i: [1,566,0,7,3,0,0,255] rc21_struct_0
s: 566
i: [1,567,0,7,3,0,0,255] rc21_struct_0
s: 567
d: [2,1217,2,2,1,1,40,1135,506]
a: [3,1221,2,2,1,1217]
s: 1221
i: [1,572,0,7,3,0,0,255] fc1_pre_topc
s: 572
d: [2,1223,2,2,1,1,40,1145,541]
a: [3,1227,2,2,1,1223]
s: 1227
i: [1,574,0,7,3,0,0,255] fc8_struct_0
s: 574
i: [1,575,0,7,3,0,0,255] fc7_struct_0
s: 575
d: [2,1229,2,2,1,1,40,1150,541]
a: [3,1233,2,2,1,1229]
s: 1233
i: [1,576,0,7,3,0,0,2] fc1_struct_0
s: 576
d: [2,1235,2,2,1,1,40,1155,541]
a: [3,1239,2,2,1,1235]
s: 1239
i: [1,590,0,7,2,0,0,255] t3_subset
s: 590
i: [1,591,0,7,3,0,0,1] t8_boole
s: 591
d: [2,1241,2,2,1,1,40,1160,541]
a: [3,1245,2,2,1,1241]
s: 1245
d: [2,1718,0,7,3,1,22,529,702]
s: 1718
d: [2,1301,2,2,1,1,40,1289,541]
a: [3,1305,2,2,1,1301]
s: 1305
d: [2,1720,0,7,3,1,22,532,702]
s: 1720
i: [1,480,0,8,2,0,0,1] t22_euclid
s: 480
d: [2,1846,2,0,0,2,52,1747,667,480]
e: 1846
d: [2,1847,1,7,2,1,44,667,480]
d: [2,1855,1,2,1,1,19,1847]
d: [2,1857,1,0,0,2,21,1855,1747]
e: 1857
d: [2,1730,1,4,2,1,40,542,747]
d: [2,1749,1,2,1,2,21,1730,984]
f: 1857,1749,980,463,454,450,446
% Refutation found. Thanks to Tanya!
% SZS status Theorem for gobrd11__l8_gobrd11
% SZS output start Proof for gobrd11__l8_gobrd11
1. u1_struct_0(k15_euclid(2)) = k1_euclid(2) [input l8_gobrd11]
2. ~u1_struct_0(k15_euclid(2)) = k1_euclid(2) [negated conjecture 1]
63. ! [X0] : (v6_membered(X0) => ! [X1] : (m1_subset_1(X1,X0) => v7_ordinal1(X1))) [input cc17_membered]
89. v6_membered(k4_ordinal1) [input fc6_membered]
117. k5_numbers = k4_ordinal1 [input redefinition_k5_numbers]
172. m1_subset_1(2,k1_numbers) & m1_subset_1(2,k5_numbers) & m2_subset_1(2,k1_numbers,k5_numbers) & v2_xxreal_0(2) [input spc2_numerals]
174. ! [X0] : (v7_ordinal1(X0) => k1_euclid(X0) = u1_struct_0(k15_euclid(X0))) [input t22_euclid]
175. u1_struct_0(k15_euclid(2)) != k1_euclid(2) [flattening 2]
235. ! [X0] : (k1_euclid(X0) = u1_struct_0(k15_euclid(X0)) | ~v7_ordinal1(X0)) [ennf transformation 174]
289. ! [X0] : (! [X1] : (v7_ordinal1(X1) | ~m1_subset_1(X1,X0)) | ~v6_membered(X0)) [ennf transformation 63]
446. u1_struct_0(k15_euclid(2)) != k1_euclid(2) [cnf transformation 175] {a:0,w:6,wCS:600,goal:1,sine:0,thAx:0,allAx:1,thDist:-1}
450. v6_membered(k4_ordinal1) [cnf transformation 89] {a:0,w:2,wCS:800,sine:255,thAx:0,allAx:1,thDist:-1}
454. k5_numbers = k4_ordinal1 [cnf transformation 117] {a:0,w:3,wCS:1200,sine:255,thAx:0,allAx:1,thDist:-1}
463. m1_subset_1(2,k5_numbers) [cnf transformation 172] {a:0,w:3,wCS:1200,sine:1,thAx:0,allAx:1,thDist:-1}
480. k1_euclid(X0) = u1_struct_0(k15_euclid(X0)) | ~v7_ordinal1(X0) [cnf transformation 235] {a:0,w:8,wCS:3200,nSel:1,sine:1,thAx:0,allAx:1,thDist:-1}
542. ~m1_subset_1(X1,X0) | v7_ordinal1(X1) | ~v6_membered(X0) [cnf transformation 289] {a:0,w:7,wCS:2800,nSel:1,sine:3,thAx:0,allAx:1,thDist:-1}
665. 1 <=> u1_struct_0(k15_euclid(2)) = k1_euclid(2) [avatar definition]
667. u1_struct_0(k15_euclid(2)) != k1_euclid(2) <- (~1) [avatar component clause 665] {a:0,w:6,wCS:600,nSel:1,goal:1,sine:255,thAx:0,allAx:1,thDist:-1}
668. ~1 [avatar split clause 446,665]
685. 5 <=> v6_membered(k4_ordinal1) [avatar definition]
687. v6_membered(k4_ordinal1) <- (5) [avatar component clause 685] {a:0,w:2,wCS:800,nSel:1,sine:255,thAx:0,allAx:1,thDist:-1}
688. 5 [avatar split clause 450,685]
705. 9 <=> k5_numbers = k4_ordinal1 [avatar definition]
707. k5_numbers = k4_ordinal1 <- (9) [avatar component clause 705] {a:0,w:3,wCS:1200,nSel:1,sine:255,thAx:0,allAx:1,thDist:-1}
708. 9 [avatar split clause 454,705]
745. 17 <=> m1_subset_1(2,k5_numbers) [avatar definition]
747. m1_subset_1(2,k5_numbers) <- (17) [avatar component clause 745] {a:0,w:3,wCS:1200,nSel:1,sine:255,thAx:0,allAx:1,thDist:-1}
748. 17 [avatar split clause 463,745]
980. v6_membered(k5_numbers) <- (5, 9) [backward demodulation 687,707] {a:0,w:2,wCS:800,sine:255,thAx:0,allAx:1,thDist:-1}
982. 64 <=> v6_membered(k5_numbers) [avatar definition]
984. v6_membered(k5_numbers) <- (64) [avatar component clause 982] {a:0,w:2,wCS:800,nSel:1,sine:255,thAx:0,allAx:1,thDist:-1}
985. 64 | ~5 | ~9 [avatar split clause 980,705,685,982]
1730. v7_ordinal1(2) | ~v6_membered(k5_numbers) <- (17) [resolution 542,747] {a:1,w:4,wCS:1600,sine:3,thAx:0,allAx:2,thDist:-2}
1745. 181 <=> v7_ordinal1(2) [avatar definition]
1747. v7_ordinal1(2) <- (181) [avatar component clause 1745] {a:1,w:2,wCS:800,nSel:1,sine:255,thAx:0,allAx:2,thDist:-2}
1749. v7_ordinal1(2) <- (17, 64) [subsumption resolution 1730,984] {a:1,w:2,wCS:800,sine:3,thAx:0,allAx:2,thDist:-2}
1750. 181 | ~17 | ~64 [avatar split clause 1749,982,745,1745]
1847. k1_euclid(2) != k1_euclid(2) | ~v7_ordinal1(2) <- (~1) [superposition 667,480] {a:1,w:7,wCS:700,goal:1,sine:1,thAx:0,allAx:2,thDist:-2}
1855. ~v7_ordinal1(2) <- (~1) [trivial inequality removal 1847] {a:1,w:2,wCS:200,goal:1,sine:1,thAx:0,allAx:2,thDist:-2}
1857. $false <- (~1, 181) [subsumption resolution 1855,1747] {a:1,w:0,goal:1,sine:1,thAx:0,allAx:2,thDist:-2}
1858. 1 | ~181 [avatar contradiction clause 1857]
1859. $false [avatar sat refutation 668,688,708,748,985,1750,1858] {a:0,w:0,goal:1,sine:0,thAx:0,allAx:875,thDist:-875}
% SZS output end Proof for gobrd11__l8_gobrd11
% ------------------------------
% Version: Vampire 4.5.1 (commit 226f88162 on 2021-09-12 20:13:44 +0200)
% Termination reason: Refutation

% >>> Input
% Input formulas: 173
% >>> Preprocessing
% Introduced skolems: 40
% Pure predicates: 18
% Unused predicate definitions: 1
% 
% >>> Saturation
% Initial clauses: 218
% Generated clauses: 622
% Active clauses: 212
% Passive clauses: 364
% Final active clauses: 209
% Final passive clauses: 138
% Main loop iterations started: 226
% 
% >>> Simplifying Inferences
% Duplicate literals: 4
% Trivial inequalities: 1
% Fw subsumption resolutions: 14
% Fw demodulations: 5
% Bw demodulations: 2
% 
% >>> Deletion Inferences
% Simple tautologies: 13
% Forward subsumptions: 39
% 
% >>> Generating Inferences
% Binary resolution: 187
% Unit resulting resolution: 1
% Forward superposition: 6
% Backward superposition: 11
% Self superposition: 1
% 
% >>> AVATAR
% Split clauses: 31
% Split components: 62
% Sat splitting refutations: 2
% 
% >>> SAT Solver Statistics
% SAT solver clauses: 193
% SAT solver unit clauses: 71
% SAT solver binary clauses: 82
% 
% Memory used [KB]: 10746
% Time elapsed: 0.005 s
% ------------------------------
% ------------------------------
% Time measurement results:
% preprocessing: 0.001 s ( own 0.0000 s ) 
% sine selection: 0.001 s
% term sharing: 0.001 s
% forward subsumption resolution: 0.001 s
% resolution: 0.001 s
% unit resulting resolution: 0.001 s ( own 0.0000 s ) 
% other: 0.005 s ( own 0.001 s ) 

