i: [1,512,0,2,1,1,0,0] l5_calcul_1
a: [3,877,0,2,1,512]
s: 877
i: [1,511,0,2,1,1,0,0] l5_calcul_1
a: [3,882,0,2,1,511]
s: 882
i: [1,510,0,2,1,1,0,0] l5_calcul_1
a: [3,887,0,2,1,510]
s: 887
i: [1,516,0,3,1,1,0,0] l5_calcul_1
a: [3,857,0,3,1,516]
s: 857
i: [1,513,0,3,1,1,0,0] l5_calcul_1
a: [3,872,0,3,1,513]
s: 872
i: [1,515,0,5,1,1,0,0] l5_calcul_1
a: [3,862,0,5,1,515]
s: 862
i: [1,514,0,5,1,1,0,0] l5_calcul_1
a: [3,867,0,5,1,514]
s: 867
i: [1,517,0,2,1,0,0,2] fc7_card_1
a: [3,892,0,2,1,517]
s: 892
i: [1,518,0,2,1,0,0,255] spc1_boole
a: [3,897,0,2,1,518]
s: 897
i: [1,519,0,2,1,0,0,2] fc4_card_1
a: [3,902,0,2,1,519]
s: 902
i: [1,520,0,2,1,0,0,255] dt_o_0_0_xboole_0
a: [3,907,0,2,1,520]
s: 907
i: [1,521,0,2,1,0,0,255] fc1_xboole_0
a: [3,912,0,2,1,521]
s: 912
i: [1,527,0,2,1,0,0,2] fc6_ordinal1
a: [3,937,0,2,1,527]
s: 937
i: [1,526,0,2,1,0,0,2] fc6_ordinal1
a: [3,942,0,2,1,526]
s: 942
i: [1,528,0,2,1,0,0,255] spc1_numerals
a: [3,962,0,2,1,528]
s: 962
i: [1,734,0,2,1,0,0,2] rc3_card_1
a: [3,967,0,2,1,734]
s: 967
i: [1,735,0,2,1,0,0,2] rc2_xboole_0
a: [3,972,0,2,1,735]
s: 972
i: [1,736,0,2,1,0,0,3] rc1_card_1
a: [3,977,0,2,1,736]
s: 977
i: [1,737,0,2,1,0,0,255] rc1_xreal_0
a: [3,982,0,2,1,737]
s: 982
i: [1,738,0,2,1,0,0,3] rc4_ordinal1
a: [3,987,0,2,1,738]
s: 987
i: [1,739,0,2,1,0,0,3] rc1_ordinal1
a: [3,992,0,2,1,739]
s: 992
i: [1,740,0,2,1,0,0,4] rc1_xxreal_0
a: [3,997,0,2,1,740]
s: 997
i: [1,741,0,2,1,0,0,2] rc1_xboole_0
a: [3,1002,0,2,1,741]
s: 1002
i: [1,743,0,2,1,0,0,255] rc8_finseq_1
a: [3,1007,0,2,1,743]
s: 1007
i: [1,742,0,2,1,0,0,255] rc8_finseq_1
a: [3,1012,0,2,1,742]
s: 1012
i: [1,745,0,2,1,0,0,255] rc7_funct_1
a: [3,1017,0,2,1,745]
s: 1017
i: [1,744,0,2,1,0,0,255] rc7_funct_1
a: [3,1022,0,2,1,744]
s: 1022
i: [1,749,0,2,1,0,0,255] rc2_ordinal1
a: [3,1027,0,2,1,749]
s: 1027
i: [1,748,0,2,1,0,0,255] rc2_ordinal1
a: [3,1032,0,2,1,748]
s: 1032
i: [1,747,0,2,1,0,0,255] rc2_ordinal1
a: [3,1037,0,2,1,747]
s: 1037
i: [1,746,0,2,1,0,0,255] rc2_ordinal1
a: [3,1042,0,2,1,746]
s: 1042
i: [1,758,0,2,1,0,0,255] rc1_nat_1
a: [3,1047,0,2,1,758]
s: 1047
i: [1,757,0,2,1,0,0,255] rc1_nat_1
a: [3,1052,0,2,1,757]
s: 1052
i: [1,756,0,2,1,0,0,255] rc1_nat_1
a: [3,1057,0,2,1,756]
s: 1057
i: [1,755,0,2,1,0,0,255] rc1_nat_1
a: [3,1062,0,2,1,755]
s: 1062
i: [1,754,0,2,1,0,0,255] rc1_nat_1
a: [3,1067,0,2,1,754]
s: 1067
i: [1,753,0,2,1,0,0,255] rc1_nat_1
a: [3,1072,0,2,1,753]
s: 1072
i: [1,752,0,2,1,0,0,255] rc1_nat_1
a: [3,1077,0,2,1,752]
s: 1077
i: [1,751,0,2,1,0,0,255] rc1_nat_1
a: [3,1082,0,2,1,751]
s: 1082
i: [1,750,0,2,1,0,0,255] rc1_nat_1
a: [3,1087,0,2,1,750]
s: 1087
i: [1,760,0,2,1,0,0,3] rc5_ordinal1
a: [3,1092,0,2,1,760]
s: 1092
i: [1,759,0,2,1,0,0,3] rc5_ordinal1
a: [3,1097,0,2,1,759]
s: 1097
i: [1,762,0,2,1,0,0,2] rc1_finset_1
a: [3,1102,0,2,1,762]
s: 1102
i: [1,761,0,2,1,0,0,2] rc1_finset_1
a: [3,1107,0,2,1,761]
s: 1107
i: [1,765,0,2,1,0,0,255] rc8_finset_1
a: [3,1112,0,2,1,765]
s: 1112
i: [1,764,0,2,1,0,0,255] rc8_finset_1
a: [3,1117,0,2,1,764]
s: 1117
i: [1,763,0,2,1,0,0,255] rc8_finset_1
a: [3,1122,0,2,1,763]
s: 1122
i: [1,767,0,2,1,0,0,1] rc1_relat_1
a: [3,1127,0,2,1,767]
s: 1127
i: [1,766,0,2,1,0,0,1] rc1_relat_1
a: [3,1132,0,2,1,766]
s: 1132
i: [1,771,0,2,1,0,0,2] rc4_funct_1
a: [3,1137,0,2,1,771]
s: 1137
i: [1,770,0,2,1,0,0,2] rc4_funct_1
a: [3,1142,0,2,1,770]
s: 1142
i: [1,769,0,2,1,0,0,2] rc4_funct_1
a: [3,1147,0,2,1,769]
s: 1147
i: [1,768,0,2,1,0,0,2] rc4_funct_1
a: [3,1152,0,2,1,768]
s: 1152
i: [1,775,0,2,1,0,0,255] rc9_finset_1
a: [3,1157,0,2,1,775]
s: 1157
i: [1,774,0,2,1,0,0,255] rc9_finset_1
a: [3,1162,0,2,1,774]
s: 1162
i: [1,773,0,2,1,0,0,255] rc9_finset_1
a: [3,1167,0,2,1,773]
s: 1167
i: [1,772,0,2,1,0,0,255] rc9_finset_1
a: [3,1172,0,2,1,772]
s: 1172
i: [1,779,0,2,1,0,0,2] rc3_finset_1
a: [3,1177,0,2,1,779]
s: 1177
i: [1,778,0,2,1,0,0,2] rc3_finset_1
a: [3,1182,0,2,1,778]
s: 1182
i: [1,777,0,2,1,0,0,2] rc3_finset_1
a: [3,1187,0,2,1,777]
s: 1187
i: [1,776,0,2,1,0,0,2] rc3_finset_1
a: [3,1192,0,2,1,776]
s: 1192
i: [1,784,0,2,1,0,0,255] rc2_card_1
a: [3,1197,0,2,1,784]
s: 1197
i: [1,783,0,2,1,0,0,255] rc2_card_1
a: [3,1202,0,2,1,783]
s: 1202
i: [1,782,0,2,1,0,0,255] rc2_card_1
a: [3,1207,0,2,1,782]
s: 1207
i: [1,781,0,2,1,0,0,255] rc2_card_1
a: [3,1212,0,2,1,781]
s: 1212
i: [1,780,0,2,1,0,0,255] rc2_card_1
a: [3,1217,0,2,1,780]
s: 1217
i: [1,787,0,2,1,0,0,255] rc3_xreal_0
a: [3,1222,0,2,1,787]
s: 1222
i: [1,786,0,2,1,0,0,255] rc3_xreal_0
a: [3,1227,0,2,1,786]
s: 1227
i: [1,785,0,2,1,0,0,255] rc3_xreal_0
a: [3,1232,0,2,1,785]
s: 1232
i: [1,790,0,2,1,0,0,255] rc2_xreal_0
a: [3,1237,0,2,1,790]
s: 1237
i: [1,789,0,2,1,0,0,255] rc2_xreal_0
a: [3,1242,0,2,1,789]
s: 1242
i: [1,788,0,2,1,0,0,255] rc2_xreal_0
a: [3,1247,0,2,1,788]
s: 1247
i: [1,792,0,2,1,0,0,255] rc3_xxreal_0
a: [3,1252,0,2,1,792]
s: 1252
i: [1,791,0,2,1,0,0,255] rc3_xxreal_0
a: [3,1257,0,2,1,791]
s: 1257
i: [1,794,0,2,1,0,0,255] rc2_xxreal_0
a: [3,1262,0,2,1,794]
s: 1262
i: [1,793,0,2,1,0,0,255] rc2_xxreal_0
a: [3,1267,0,2,1,793]
s: 1267
i: [1,797,0,2,1,0,0,255] rc4_xreal_0
a: [3,1272,0,2,1,797]
s: 1272
i: [1,796,0,2,1,0,0,255] rc4_xreal_0
a: [3,1277,0,2,1,796]
s: 1277
i: [1,795,0,2,1,0,0,255] rc4_xreal_0
a: [3,1282,0,2,1,795]
s: 1282
i: [1,799,0,2,1,0,0,4] rc4_xxreal_0
a: [3,1287,0,2,1,799]
s: 1287
i: [1,798,0,2,1,0,0,4] rc4_xxreal_0
a: [3,1292,0,2,1,798]
s: 1292
i: [1,801,0,2,1,0,0,2] rc2_relat_1
a: [3,1297,0,2,1,801]
s: 1297
i: [1,800,0,2,1,0,0,2] rc2_relat_1
a: [3,1302,0,2,1,800]
s: 1302
i: [1,804,0,2,1,0,0,2] rc3_funct_1
a: [3,1307,0,2,1,804]
s: 1307
i: [1,803,0,2,1,0,0,2] rc3_funct_1
a: [3,1312,0,2,1,803]
s: 1312
i: [1,802,0,2,1,0,0,2] rc3_funct_1
a: [3,1317,0,2,1,802]
s: 1317
i: [1,812,0,2,1,0,0,255] rc5_finseq_1
a: [3,1322,0,2,1,812]
s: 1322
i: [1,811,0,2,1,0,0,255] rc5_finseq_1
a: [3,1327,0,2,1,811]
s: 1327
i: [1,810,0,2,1,0,0,255] rc5_finseq_1
a: [3,1332,0,2,1,810]
s: 1332
i: [1,809,0,2,1,0,0,255] rc5_finseq_1
a: [3,1337,0,2,1,809]
s: 1337
i: [1,808,0,2,1,0,0,255] rc5_finseq_1
a: [3,1342,0,2,1,808]
s: 1342
i: [1,806,0,2,1,0,0,255] rc5_finseq_1
a: [3,1352,0,2,1,806]
s: 1352
i: [1,805,0,2,1,0,0,255] rc5_finseq_1
a: [3,1357,0,2,1,805]
s: 1357
i: [1,814,0,2,1,0,0,1] rc1_funct_1
a: [3,1362,0,2,1,814]
s: 1362
i: [1,813,0,2,1,0,0,1] rc1_funct_1
a: [3,1367,0,2,1,813]
s: 1367
i: [1,817,0,2,1,0,0,255] rc5_funct_1
a: [3,1372,0,2,1,817]
s: 1372
i: [1,816,0,2,1,0,0,255] rc5_funct_1
a: [3,1377,0,2,1,816]
s: 1377
i: [1,815,0,2,1,0,0,255] rc5_funct_1
a: [3,1382,0,2,1,815]
s: 1382
i: [1,819,0,2,1,0,0,255] rc2_funct_1
a: [3,1387,0,2,1,819]
s: 1387
i: [1,818,0,2,1,0,0,255] rc2_funct_1
a: [3,1392,0,2,1,818]
s: 1392
i: [1,822,0,2,1,0,0,255] rc1_funcop_1
a: [3,1397,0,2,1,822]
s: 1397
i: [1,821,0,2,1,0,0,255] rc1_funcop_1
a: [3,1402,0,2,1,821]
s: 1402
i: [1,820,0,2,1,0,0,255] rc1_funcop_1
a: [3,1407,0,2,1,820]
s: 1407
i: [1,826,0,2,1,0,0,255] rc2_funcop_1
a: [3,1412,0,2,1,826]
s: 1412
i: [1,825,0,2,1,0,0,255] rc2_funcop_1
a: [3,1417,0,2,1,825]
s: 1417
i: [1,824,0,2,1,0,0,255] rc2_funcop_1
a: [3,1422,0,2,1,824]
s: 1422
i: [1,823,0,2,1,0,0,255] rc2_funcop_1
a: [3,1427,0,2,1,823]
s: 1427
i: [1,829,0,2,1,0,0,255] rc3_finseq_1
a: [3,1432,0,2,1,829]
s: 1432
i: [1,828,0,2,1,0,0,255] rc3_finseq_1
a: [3,1437,0,2,1,828]
s: 1437
i: [1,827,0,2,1,0,0,255] rc3_finseq_1
a: [3,1442,0,2,1,827]
s: 1442
i: [1,836,0,2,1,0,0,255] rc4_finseq_1
a: [3,1447,0,2,1,836]
s: 1447
i: [1,835,0,2,1,0,0,255] rc4_finseq_1
a: [3,1452,0,2,1,835]
s: 1452
i: [1,834,0,2,1,0,0,255] rc4_finseq_1
a: [3,1457,0,2,1,834]
s: 1457
i: [1,833,0,2,1,0,0,255] rc4_finseq_1
a: [3,1462,0,2,1,833]
s: 1462
i: [1,832,0,2,1,0,0,255] rc4_finseq_1
a: [3,1467,0,2,1,832]
s: 1467
i: [1,830,0,2,1,0,0,255] rc4_finseq_1
a: [3,1477,0,2,1,830]
s: 1477
i: [1,846,0,2,1,0,0,255] rc3_nat_1
a: [3,1482,0,2,1,846]
s: 1482
i: [1,845,0,2,1,0,0,255] rc3_nat_1
a: [3,1487,0,2,1,845]
s: 1487
i: [1,844,0,2,1,0,0,255] rc3_nat_1
a: [3,1492,0,2,1,844]
s: 1492
i: [1,843,0,2,1,0,0,255] rc3_nat_1
a: [3,1497,0,2,1,843]
s: 1497
i: [1,842,0,2,1,0,0,255] rc3_nat_1
a: [3,1502,0,2,1,842]
s: 1502
i: [1,841,0,2,1,0,0,255] rc3_nat_1
a: [3,1507,0,2,1,841]
s: 1507
i: [1,840,0,2,1,0,0,255] rc3_nat_1
a: [3,1512,0,2,1,840]
s: 1512
i: [1,839,0,2,1,0,0,255] rc3_nat_1
a: [3,1517,0,2,1,839]
s: 1517
i: [1,838,0,2,1,0,0,255] rc3_nat_1
a: [3,1522,0,2,1,838]
s: 1522
i: [1,849,0,2,1,0,0,255] rc2_nat_1
a: [3,1532,0,2,1,849]
s: 1532
i: [1,848,0,2,1,0,0,255] rc2_nat_1
a: [3,1537,0,2,1,848]
s: 1537
i: [1,532,0,3,1,0,0,2] fc1_subset_1
s: 532
i: [1,711,0,3,1,0,0,2] rc9_funct_1
s: 711
i: [1,712,0,3,1,0,0,2] rc9_funct_1
s: 712
i: [1,714,0,3,1,0,0,2] rc9_funct_1
s: 714
i: [1,716,0,3,1,0,0,2] rc2_subset_1
s: 716
i: [1,719,0,3,1,0,0,255] reflexivity_r1_tarski
s: 719
i: [1,522,0,3,1,0,0,255] d2_xboole_0
a: [3,917,0,3,1,522]
s: 917
r: 907
i: [1,523,0,3,1,0,0,1] redefinition_k5_numbers
a: [3,922,0,3,1,523]
s: 922
r: 942
r: 937
r: 902
r: 892
d: [2,1545,0,2,1,2,23,942,922]
a: [3,1552,0,2,1,1545]
s: 1552
d: [2,1546,0,2,1,2,23,937,922]
a: [3,1557,0,2,1,1546]
s: 1557
d: [2,1547,0,2,1,2,23,902,922]
a: [3,1562,0,2,1,1547]
s: 1562
d: [2,1548,0,2,1,2,23,892,922]
a: [3,1567,0,2,1,1548]
s: 1567
i: [1,524,0,3,1,0,0,255] t1_numerals
a: [3,927,0,3,1,524]
s: 927
i: [1,531,0,3,1,0,0,255] spc1_numerals
a: [3,947,0,3,1,531]
s: 947
i: [1,530,0,3,1,0,0,255] spc1_numerals
a: [3,952,0,3,1,530]
s: 952
i: [1,807,0,3,1,0,0,255] rc5_finseq_1
a: [3,1347,0,3,1,807]
s: 1347
i: [1,831,0,3,1,0,0,255] rc4_finseq_1
a: [3,1472,0,3,1,831]
s: 1472
i: [1,837,0,3,1,0,0,255] rc3_nat_1
a: [3,1527,0,3,1,837]
s: 1527
d: [2,1569,0,3,1,2,22,927,922]
a: [3,1573,0,3,1,1569]
s: 1573
i: [1,538,0,4,2,0,0,3] cc5_finset_1
s: 538
i: [1,557,0,4,2,0,0,255] cc9_finseq_1
s: 557
d: [2,1575,1,2,1,1,40,557,1007]
a: [3,1579,1,2,1,1575]
s: 1579
i: [1,565,0,4,2,0,0,3] cc1_card_1
s: 565
i: [1,570,0,4,2,0,0,255] cc4_xreal_0
s: 570
d: [2,1582,1,2,1,1,40,565,977]
a: [3,1589,1,2,1,1582]
s: 1589
i: [1,571,0,4,2,0,0,3] cc3_card_1
s: 571
d: [2,1591,1,2,1,1,40,570,982]
a: [3,1600,1,2,1,1591]
s: 1600
i: [1,572,0,4,2,0,0,255] cc2_xreal_0
s: 572
i: [1,573,0,4,2,0,0,3] cc6_ordinal1
s: 573
d: [2,1602,1,2,1,1,40,571,987]
a: [3,1609,1,2,1,1602]
s: 1609
i: [1,574,0,4,2,0,0,3] cc2_xxreal_0
s: 574
d: [2,1604,1,2,1,1,40,571,1092]
a: [3,1614,1,2,1,1604]
s: 1614
i: [1,575,0,4,2,0,0,3] cc5_card_1
s: 575
i: [1,577,0,4,2,0,0,255] cc3_nat_1
s: 577
d: [2,1616,1,2,1,1,40,572,987]
a: [3,1623,1,2,1,1616]
s: 1623
i: [1,578,0,4,2,0,0,3] cc1_nat_1
s: 578
d: [2,1618,1,2,1,1,40,572,1092]
a: [3,1628,1,2,1,1618]
s: 1628
i: [1,587,0,4,2,0,0,3] cc4_finset_1
s: 587
i: [1,589,0,4,2,0,0,255] cc1_ordinal1
s: 589
d: [2,1630,1,2,1,1,40,573,987]
a: [3,1637,1,2,1,1630]
s: 1637
i: [1,590,0,4,2,0,0,255] cc1_ordinal1
s: 590
d: [2,1632,1,2,1,1,40,573,1092]
a: [3,1642,1,2,1,1632]
s: 1642
i: [1,595,0,4,2,0,0,255] cc4_ordinal1
s: 595
i: [1,596,0,4,2,0,0,255] cc9_ordinal1
s: 596
d: [2,1646,1,2,1,1,40,574,987]
a: [3,1653,1,2,1,1646]
s: 1653
i: [1,597,0,4,2,0,0,255] cc8_finseq_1
s: 597
d: [2,1648,1,2,1,1,40,574,1092]
a: [3,1658,1,2,1,1648]
s: 1658
i: [1,598,0,4,2,0,0,255] cc7_funct_1
s: 598
i: [1,599,0,4,2,0,0,255] cc6_finset_1
s: 599
d: [2,1662,1,2,1,1,40,575,987]
a: [3,1669,1,2,1,1662]
s: 1669
i: [1,600,0,4,2,0,0,3] cc2_card_1
s: 600
d: [2,1664,1,2,1,1,40,575,1092]
a: [3,1674,1,2,1,1664]
s: 1674
i: [1,601,0,4,2,0,0,3] cc7_ordinal1
s: 601
i: [1,602,0,4,2,0,0,3] cc3_ordinal1
s: 602
d: [2,1676,1,2,1,1,40,577,1227]
a: [3,1681,1,2,1,1676]
s: 1681
i: [1,603,0,4,2,0,0,2] cc1_finset_1
s: 603
d: [2,1677,1,2,1,1,40,577,1252]
a: [3,1686,1,2,1,1677]
s: 1686
i: [1,604,0,4,2,0,0,1] cc1_funct_1
s: 604
i: [1,605,0,4,2,0,0,1] cc1_relat_1
s: 605
d: [2,1692,1,2,1,1,40,589,1557]
a: [3,1703,1,2,1,1692]
s: 1703
i: [1,710,0,4,1,0,0,1] existence_m1_subset_1
s: 710
d: [2,1694,1,2,1,1,40,589,992]
a: [3,1713,1,2,1,1694]
s: 1713
i: [1,713,0,4,1,0,0,2] rc9_funct_1
s: 713
i: [1,718,0,4,1,0,0,255] rc3_subset_1
s: 718
d: [2,1699,1,2,1,1,40,589,1532]
a: [3,1718,1,2,1,1699]
s: 1718
i: [1,525,0,4,1,0,0,255] dt_k5_numbers
a: [3,932,0,4,1,525]
s: 932
d: [2,1726,1,2,1,1,40,590,1557]
a: [3,1738,1,2,1,1726]
s: 1738
i: [1,529,0,4,1,0,0,255] spc1_numerals
a: [3,957,0,4,1,529]
s: 957
i: [1,847,0,4,1,0,0,255] rc2_nat_1
a: [3,1542,0,4,1,847]
s: 1542
d: [2,1729,1,2,1,1,40,590,992]
a: [3,1753,1,2,1,1729]
s: 1753
i: [1,534,0,5,2,0,0,3] rc6_subset_1
s: 534
d: [2,1734,1,2,1,1,40,590,1532]
a: [3,1758,1,2,1,1734]
s: 1758
i: [1,536,0,5,2,0,0,3] rc7_finset_1
s: 536
i: [1,537,0,5,2,0,0,3] rc7_finset_1
s: 537
d: [2,1772,1,2,1,1,40,595,912]
a: [3,1780,1,2,1,1772]
s: 1780
i: [1,539,0,5,2,0,0,2] fc9_card_1
s: 539
d: [2,1774,1,2,1,1,40,595,1002]
a: [3,1785,1,2,1,1774]
s: 1785
i: [1,541,0,5,2,0,0,2] rc4_card_1
s: 541
i: [1,545,0,5,2,0,0,2] rc1_subset_1
s: 545
d: [2,1775,1,2,1,1,40,595,1282]
a: [3,1790,1,2,1,1775]
s: 1790
i: [1,547,0,5,2,0,0,3] rc5_subset_1
s: 547
d: [2,1776,1,2,1,1,40,595,1292]
a: [3,1795,1,2,1,1776]
s: 1795
i: [1,548,0,5,2,0,0,3] rc5_subset_1
s: 548
i: [1,550,0,5,2,0,0,2] rc2_finset_1
s: 550
d: [2,1797,1,2,1,1,40,596,912]
a: [3,1805,1,2,1,1797]
s: 1805
i: [1,551,0,5,2,0,0,2] rc2_finset_1
s: 551
d: [2,1799,1,2,1,1,40,596,1002]
a: [3,1810,1,2,1,1799]
s: 1810
i: [1,567,0,5,2,0,0,255] rc6_card_1
s: 567
i: [1,568,0,5,2,0,0,255] rc6_card_1
s: 568
d: [2,1800,1,2,1,1,40,596,1282]
a: [3,1815,1,2,1,1800]
s: 1815
i: [1,580,0,5,2,0,0,255] rc7_finseq_1
s: 580
d: [2,1801,1,2,1,1,40,596,1292]
a: [3,1820,1,2,1,1801]
s: 1820
i: [1,582,0,5,2,0,0,255] rc7_finseq_1
s: 582
i: [1,583,0,5,2,0,0,255] rc7_finseq_1
s: 583
d: [2,1822,1,2,1,1,40,597,912]
a: [3,1830,1,2,1,1822]
s: 1830
i: [1,585,0,5,2,0,0,255] rc7_finseq_1
s: 585
d: [2,1824,1,2,1,1,40,597,1002]
a: [3,1835,1,2,1,1824]
s: 1835
i: [1,586,0,5,2,0,0,255] rc7_finseq_1
s: 586
i: [1,592,0,5,2,0,0,255] fc31_finset_1
s: 592
d: [2,1825,1,2,1,1,40,597,1282]
a: [3,1840,1,2,1,1825]
s: 1840
i: [1,593,0,5,2,0,0,2] fc17_finset_1
s: 593
d: [2,1826,1,2,1,1,40,597,1292]
a: [3,1845,1,2,1,1826]
s: 1845
i: [1,606,0,5,2,0,0,255] t6_boole
s: 606
i: [1,607,0,5,2,0,0,2] fc11_relat_1
s: 607
d: [2,1847,1,2,1,1,40,598,912]
a: [3,1855,1,2,1,1847]
s: 1855
i: [1,608,0,5,2,0,0,2] fc4_xtuple_0
s: 608
d: [2,1849,1,2,1,1,40,598,1002]
a: [3,1860,1,2,1,1849]
s: 1860
i: [1,609,0,5,2,0,0,2] fc5_xtuple_0
s: 609
i: [1,610,0,5,2,0,0,2] fc10_relat_1
s: 610
d: [2,1850,1,2,1,1,40,598,1282]
a: [3,1865,1,2,1,1850]
s: 1865
i: [1,611,0,5,2,0,0,255] cc8_card_1
s: 611
d: [2,1851,1,2,1,1,40,598,1292]
a: [3,1870,1,2,1,1851]
s: 1870
i: [1,620,0,5,2,0,0,255] cc7_card_1
s: 620
i: [1,621,0,5,2,0,0,255] cc9_card_1
s: 621
d: [2,1872,1,2,1,1,40,599,912]
a: [3,1880,1,2,1,1872]
s: 1880
i: [1,622,0,5,2,0,0,255] cc9_card_1
s: 622
d: [2,1874,1,2,1,1,40,599,1002]
a: [3,1885,1,2,1,1874]
s: 1885
i: [1,623,0,5,2,0,0,255] cc1_xreal_0
s: 623
i: [1,624,0,5,2,0,0,2] cc8_ordinal1
s: 624
d: [2,1875,1,2,1,1,40,599,1282]
a: [3,1890,1,2,1,1875]
s: 1890
i: [1,625,0,5,2,0,0,2] cc4_card_1
s: 625
d: [2,1876,1,2,1,1,40,599,1292]
a: [3,1895,1,2,1,1876]
s: 1895
i: [1,626,0,5,2,0,0,255] cc2_nat_1
s: 626
i: [1,707,0,5,2,0,0,1] t7_boole
s: 707
d: [2,2106,1,2,1,1,40,626,872]
a: [3,2122,1,2,1,2106]
s: 2122
i: [1,715,0,5,1,0,0,2] rc2_subset_1
s: 715
d: [2,2134,1,4,1,1,40,707,867]
a: [3,2138,1,4,1,2134]
s: 2138
i: [1,717,0,5,1,0,0,255] rc3_subset_1
s: 717
d: [2,2102,0,5,2,1,22,624,922]
s: 2102
d: [2,2142,1,2,1,2,40,2102,872]
a: [3,2154,1,2,1,2142]
s: 2154
d: [2,2103,0,5,2,1,22,625,922]
s: 2103
d: [2,2161,2,2,1,1,40,2154,575]
a: [3,2169,2,2,1,2161]
s: 2169
i: [1,553,0,6,2,0,0,255] rc7_card_1
s: 553
i: [1,555,0,6,2,0,0,255] rc4_subset_1
s: 555
d: [2,2162,2,2,1,1,40,2154,574]
a: [3,2174,2,2,1,2162]
s: 2174
i: [1,566,0,6,2,0,0,255] rc5_card_1
s: 566
d: [2,2163,2,2,1,1,40,2154,573]
a: [3,2179,2,2,1,2163]
s: 2179
i: [1,569,0,6,2,0,0,255] rc6_card_1
s: 569
i: [1,581,0,6,2,0,0,255] rc7_finseq_1
s: 581
d: [2,2164,2,2,1,1,40,2154,572]
a: [3,2184,2,2,1,2164]
s: 2184
i: [1,584,0,6,2,0,0,255] rc7_finseq_1
s: 584
d: [2,2165,2,2,1,1,40,2154,571]
a: [3,2189,2,2,1,2165]
s: 2189
i: [1,635,0,6,3,0,0,255] cc2_ordinal1
s: 635
i: [1,641,0,6,3,0,0,3] cc6_card_1
s: 641
d: [2,2232,3,2,1,1,40,2179,590]
a: [3,2237,3,2,1,2232]
s: 2237
i: [1,644,0,6,3,0,0,255] cc5_xxreal_0
s: 644
d: [2,2233,3,2,1,1,40,2179,589]
a: [3,2242,3,2,1,2233]
s: 2242
i: [1,646,0,6,3,0,0,255] cc5_xxreal_0
s: 646
i: [1,647,0,6,3,0,0,255] cc3_xxreal_0
s: 647
d: [2,1897,1,2,1,1,40,600,912]
a: [3,1905,1,2,1,1897]
s: 1905
i: [1,649,0,6,3,0,0,255] cc3_xxreal_0
s: 649
d: [2,1899,1,2,1,1,40,600,1002]
a: [3,1910,1,2,1,1899]
s: 1910
i: [1,651,0,6,3,0,0,255] cc7_xxreal_0
s: 651
i: [1,652,0,6,3,0,0,255] cc7_xxreal_0
s: 652
d: [2,1900,1,2,1,1,40,600,1282]
a: [3,1915,1,2,1,1900]
s: 1915
i: [1,659,0,6,3,0,0,255] cc3_relat_1
s: 659
d: [2,1901,1,2,1,1,40,600,1292]
a: [3,1920,1,2,1,1901]
s: 1920
d: [2,2464,0,4,2,0,21,659,605]
s: 2464
i: [1,661,0,6,3,0,0,255] cc9_finset_1
s: 661
d: [2,1922,1,2,1,1,40,601,912]
a: [3,1930,1,2,1,1922]
s: 1930
d: [2,2494,0,4,2,0,21,661,605]
s: 2494
d: [2,1924,1,2,1,1,40,601,1002]
a: [3,1935,1,2,1,1924]
s: 1935
i: [1,663,0,6,3,0,0,2] cc4_relat_1
s: 663
d: [2,2557,0,4,2,0,21,663,605]
s: 2557
d: [2,1925,1,2,1,1,40,601,1282]
a: [3,1940,1,2,1,1925]
s: 1940
i: [1,700,0,6,3,0,0,1] cc1_finseq_1
s: 700
d: [2,1926,1,2,1,1,40,601,1292]
a: [3,1945,1,2,1,1926]
s: 1945
d: [2,2592,0,4,2,0,21,700,605]
s: 2592
i: [1,702,0,6,3,0,0,1] cc4_finseq_1
s: 702
d: [2,1947,1,2,1,1,40,602,912]
a: [3,1955,1,2,1,1947]
s: 1955
i: [1,703,0,6,2,0,0,1] t1_subset
s: 703
d: [2,2645,1,5,1,1,40,703,867]
a: [3,2649,1,5,1,2645]
s: 2649
i: [1,720,0,6,2,0,0,1] antisymmetry_r2_hidden
s: 720
i: [1,533,0,7,2,0,0,3] rc6_subset_1
s: 533
d: [2,2651,1,5,1,1,40,720,867]
a: [3,2655,1,5,1,2651]
s: 2655
i: [1,535,0,7,2,0,0,3] rc7_finset_1
s: 535
d: [2,1949,1,2,1,1,40,602,1002]
a: [3,1960,1,2,1,1949]
s: 1960
i: [1,540,0,7,2,0,0,2] rc4_card_1
s: 540
i: [1,544,0,7,2,0,0,2] rc1_subset_1
s: 544
d: [2,1950,1,2,1,1,40,602,1282]
a: [3,1965,1,2,1,1950]
s: 1965
i: [1,546,0,7,2,0,0,3] rc5_subset_1
s: 546
d: [2,1951,1,2,1,1,40,602,1292]
a: [3,1970,1,2,1,1951]
s: 1970
i: [1,549,0,7,2,0,0,2] rc2_finset_1
s: 549
i: [1,552,0,7,2,0,0,255] rc7_card_1
s: 552
d: [2,1972,1,2,1,1,40,603,912]
a: [3,1980,1,2,1,1972]
s: 1980
i: [1,554,0,7,2,0,0,255] rc4_subset_1
s: 554
d: [2,1974,1,2,1,1,40,603,1002]
a: [3,1985,1,2,1,1974]
s: 1985
i: [1,558,0,7,3,0,0,255] cc10_finseq_1
s: 558
i: [1,560,0,7,3,0,0,255] cc8_funct_1
s: 560
d: [2,2701,2,6,2,1,40,558,2649]
a: [3,2747,2,4,1,2701]
s: 2747
i: [1,561,0,7,3,0,0,255] cc8_funct_1
s: 561
d: [2,2764,2,6,2,1,40,560,2649]
a: [3,2810,2,4,1,2764]
s: 2810
r: 2810
i: [1,563,0,7,3,0,0,255] cc7_finset_1
s: 563
i: [1,591,0,7,3,0,0,3] cc5_ordinal1
s: 591
d: [2,2763,1,4,2,1,40,560,872]
a: [3,2805,1,2,1,2763]
s: 2805
i: [1,628,0,7,3,0,0,255] cc10_card_1
s: 628
d: [2,2826,1,4,2,1,40,561,872]
a: [3,2856,1,2,1,2826]
s: 2856
i: [1,633,0,7,3,0,0,2] fc8_relat_1
s: 633
i: [1,634,0,7,3,0,0,2] fc9_relat_1
s: 634
d: [2,1975,1,2,1,1,40,603,1282]
a: [3,1990,1,2,1,1975]
s: 1990
i: [1,639,0,7,3,0,0,2] fc24_relat_1
s: 639
d: [2,1976,1,2,1,1,40,603,1292]
a: [3,1995,1,2,1,1976]
s: 1995
i: [1,640,0,7,3,0,0,2] fc25_relat_1
s: 640
i: [1,664,0,7,3,0,0,255] fc36_finset_1
s: 664
d: [2,1997,1,2,1,1,40,604,912]
a: [3,2005,1,2,1,1997]
s: 2005
i: [1,665,0,7,3,0,0,2] fc22_finset_1
s: 665
d: [2,1999,1,2,1,1,40,604,1002]
a: [3,2010,1,2,1,1999]
s: 2010
i: [1,666,0,7,3,0,0,2] fc19_finset_1
s: 666
i: [1,705,0,7,2,0,0,255] t3_subset
s: 705
d: [2,2000,1,2,1,1,40,604,1282]
a: [3,2015,1,2,1,2000]
s: 2015
i: [1,706,0,7,3,0,0,1] t8_boole
s: 706
d: [2,2001,1,2,1,1,40,604,1292]
a: [3,2020,1,2,1,2001]
s: 2020
i: [1,556,0,8,3,0,0,255] cc10_ordinal1
s: 556
i: [1,559,0,8,3,0,0,255] cc11_finseq_1
s: 559
d: [2,2022,1,2,1,1,40,605,912]
a: [3,2030,1,2,1,2022]
s: 2030
i: [1,562,0,8,3,0,0,255] cc9_funct_1
s: 562
d: [2,2024,1,2,1,1,40,605,1002]
a: [3,2035,1,2,1,2024]
s: 2035
i: [1,564,0,8,3,0,0,255] cc8_finset_1
s: 564
i: [1,588,0,8,3,0,0,3] cc5_subset_1
s: 588
d: [2,2025,1,2,1,1,40,605,1282]
a: [3,2040,1,2,1,2025]
s: 2040
i: [1,594,0,8,3,0,0,2] cc2_finset_1
s: 594
d: [2,2026,1,2,1,1,40,605,1292]
a: [3,2045,1,2,1,2026]
s: 2045
i: [1,612,0,8,3,0,0,2] cc1_subset_1
s: 612
i: [1,617,0,8,3,0,0,2] cc2_relat_1
s: 617
d: [2,2090,1,2,1,1,40,623,947]
a: [3,2095,1,2,1,2090]
s: 2095
i: [1,630,0,8,4,0,0,255] cc4_xxreal_0
s: 630
d: [2,3138,3,6,3,1,40,630,2174]
d: [2,3151,3,4,2,2,21,3138,2122]
a: [3,3155,3,2,1,3151]
s: 3155
r: 3155
i: [1,632,0,8,4,0,0,255] cc6_xxreal_0
s: 632
i: [1,638,0,8,4,0,0,255] cc6_funct_1
s: 638
a: [3,3154,3,2,1,3151]
s: 3154
i: [1,642,0,8,4,0,0,255] cc8_xxreal_0
s: 642
a: [3,3159,3,2,1,3151]
s: 3159
i: [1,657,0,8,4,0,0,255] cc4_funct_1
s: 657
d: [2,3263,0,6,3,0,21,657,604]
d: [2,3264,0,4,2,0,21,3263,605]
s: 3264
d: [2,2104,1,2,1,1,40,626,952]
a: [3,2112,1,2,1,2104]
s: 2112
i: [1,668,0,8,4,0,0,255] cc5_funct_1
s: 668
d: [2,2105,1,2,1,1,40,626,1573]
a: [3,2117,1,2,1,2105]
s: 2117
i: [1,681,0,8,4,0,0,255] cc6_finseq_1
s: 681
i: [1,684,0,8,4,0,0,1] cc2_finseq_1
s: 684
d: [2,3293,1,6,3,1,40,681,877]
d: [2,3297,1,4,2,2,21,3293,882]
d: [2,3298,1,2,1,3,21,3297,887]
a: [3,3302,1,2,1,3298]
s: 3302
i: [1,691,0,8,4,0,0,255] cc3_funcop_1
s: 691
d: [2,3304,1,6,3,1,40,684,877]
d: [2,3308,1,4,2,2,21,3304,882]
d: [2,3309,1,2,1,3,21,3308,887]
a: [3,3313,1,2,1,3309]
s: 3313
d: [2,3315,0,6,3,0,21,691,604]
d: [2,3316,0,4,2,0,21,3315,605]
s: 3316
i: [1,704,0,8,3,0,0,1] t2_subset
s: 704
d: [2,3317,2,4,2,1,40,3313,641]
a: [3,3321,2,2,1,3317]
s: 3321
i: [1,613,0,9,3,0,0,255] cc4_subset_1
s: 613
d: [2,3359,1,5,2,1,40,704,872]
d: [2,3398,1,3,1,2,21,3359,1552]
a: [3,3402,1,3,1,3398]
s: 3402
i: [1,614,0,9,4,0,0,2] cc7_relat_1
s: 614
i: [1,618,0,9,3,0,0,1] d3_calcul_1
s: 618
d: [2,3450,2,3,1,1,40,3402,720]
a: [3,3456,2,3,1,3450]
s: 3456
i: [1,619,0,9,3,0,0,1] d3_calcul_1
s: 619
d: [2,2108,1,2,1,1,40,626,1527]
a: [3,2132,1,2,1,2108]
s: 2132
i: [1,627,0,9,4,0,0,2] fc18_funct_1
s: 627
i: [1,667,0,9,4,0,0,255] fc13_funct_1
s: 667
d: [2,2140,1,2,1,2,40,2102,952]
a: [3,2148,1,2,1,2140]
s: 2148
i: [1,671,0,9,4,0,0,255] fc4_ordinal1
s: 671
d: [2,2191,1,2,1,2,40,2103,952]
a: [3,2199,1,2,1,2191]
s: 2199
i: [1,674,0,9,4,0,0,255] fc12_funct_1
s: 674
i: [1,676,0,9,4,0,0,255] cc7_finseq_1
s: 676
d: [2,2211,1,5,2,0,40,566,622]
a: [3,2224,1,2,1,2211]
s: 2224
i: [1,686,0,9,4,0,0,1] cc5_finseq_1
s: 686
d: [2,2297,1,4,2,1,40,641,1102]
a: [3,2307,1,2,1,2297]
s: 2307
i: [1,709,0,9,3,0,0,1] t5_subset
s: 709
i: [1,692,0,10,4,0,0,2] cc3_funct_1
s: 692
d: [2,2298,1,4,2,1,40,641,1117]
a: [3,2316,1,2,1,2298]
s: 2316
i: [1,708,0,10,3,0,0,1] t4_subset
s: 708
d: [2,2299,1,4,2,1,40,641,1177]
a: [3,2325,1,2,1,2299]
s: 2325
i: [1,727,0,10,4,0,0,255] fc19_funct_1
s: 727
i: [1,728,0,10,4,0,0,255] fc35_finset_1
s: 728
d: [2,3567,1,8,4,1,44,727,862]
d: [2,3568,1,6,3,2,21,3567,882]
d: [2,3569,1,4,2,3,21,3568,887]
a: [3,3573,1,2,1,3569]
s: 3573
i: [1,729,0,10,4,0,0,255] fc8_funcop_1
s: 729
d: [2,3580,1,8,4,1,44,728,862]
d: [2,3581,1,6,3,2,21,3580,882]
d: [2,3582,1,4,2,3,21,3581,887]
a: [3,3586,1,2,1,3582]
s: 3586
i: [1,730,0,10,4,0,0,255] fc8_funcop_1
s: 730
i: [1,542,0,11,4,0,0,255] cc3_subset_1
s: 542
d: [2,3592,1,8,4,1,44,729,862]
d: [2,3593,1,6,3,2,21,3592,882]
d: [2,3594,1,4,2,3,21,3593,887]
a: [3,3598,1,2,1,3594]
s: 3598
i: [1,543,0,11,4,0,0,255] cc2_subset_1
s: 543
d: [2,2300,1,4,2,1,40,641,1202]
d: [2,2331,1,2,1,2,21,2300,1207]
a: [3,2335,1,2,1,2331]
s: 2335
i: [1,731,0,11,3,0,0,1] redefinition_k1_relset_1
s: 731
i: [1,732,0,11,3,0,0,1] dt_k1_relset_1
s: 732
d: [2,3649,3,8,3,1,44,2747,731]
d: [2,3654,3,6,2,2,21,3649,887]
a: [3,3658,3,3,1,3654]
s: 3658
d: [2,3710,4,0,0,4,52,887,882,877,3658,686]
e: 3710
d: [2,3711,4,0,0,4,52,887,882,3302,3658,676]
e: 3711
d: [2,3712,4,6,3,1,40,3658,686]
d: [2,3716,4,4,2,2,21,3712,877]
d: [2,3717,4,2,1,3,21,3716,882]
d: [2,3718,4,0,0,4,21,3717,887]
e: 3718
d: [2,3713,4,6,3,1,40,3658,676]
d: [2,3720,4,4,2,2,21,3713,3302]
d: [2,3721,4,2,1,3,21,3720,882]
d: [2,3722,4,0,0,4,21,3721,887]
e: 3722
r: 3658
i: [1,733,0,12,4,0,0,2] cc5_relat_1
s: 733
d: [2,3652,2,8,3,1,44,2138,731]
d: [2,3676,2,6,2,2,21,3652,887]
a: [3,3680,2,3,1,3676]
s: 3680
i: [1,726,0,13,5,0,0,255] fc14_card_1
s: 726
i: [1,724,0,14,4,0,0,255] existence_m2_subset_1
s: 724
d: [2,3747,3,2,1,1,40,3680,608]
a: [3,3751,3,2,1,3747]
s: 3751
d: [2,3759,0,12,3,0,21,724,612]
s: 3759
a: [3,3657,3,3,1,3654]
s: 3657
i: [1,851,0,14,4,0,0,1] d3_funct_1
s: 851
i: [1,853,0,14,4,0,0,1] d3_funct_1
s: 853
a: [3,3662,3,3,1,3654]
s: 3662
i: [1,721,0,15,5,0,0,255] dt_m2_subset_1
s: 721
d: [2,3653,1,9,3,1,44,867,731]
d: [2,3682,1,7,2,2,21,3653,887]
a: [3,3686,1,4,1,3682]
s: 3686
d: [2,3777,0,13,4,0,21,721,612]
s: 3777
i: [1,722,0,15,5,0,0,255] redefinition_m2_subset_1
s: 722
d: [2,3765,1,12,4,1,44,851,862]
d: [2,3767,1,10,3,2,21,3765,882]
d: [2,3768,1,8,2,3,21,3767,887]
a: [3,3772,1,4,1,3768]
s: 3772
d: [2,3787,2,0,0,3,52,887,857,3772,619]
e: 3787
d: [2,3788,2,5,2,1,40,3772,619]
d: [2,3793,2,2,1,2,21,3788,857]
d: [2,3794,2,0,0,3,21,3793,887]
e: 3794
f: 3794,3768,3718,3682,510,511,512,514,515,516
% Refutation found. Thanks to Tanya!
% SZS status Theorem for calcul_1__l5_calcul_1
% SZS output start Proof for calcul_1__l5_calcul_1
1. ! [X0] : ((v1_finseq_1(X0) & v1_funct_1(X0) & v1_relat_1(X0)) => ! [X1] : (? [X2] : (k1_funct_1(X0,X2) = X1 & r2_hidden(X2,k1_relset_1(k5_numbers,X0)) & m1_subset_1(X2,k5_numbers)) => r1_calcul_1(X0,X1))) [input l5_calcul_1]
2. ~! [X0] : ((v1_finseq_1(X0) & v1_funct_1(X0) & v1_relat_1(X0)) => ! [X1] : (? [X2] : (k1_funct_1(X0,X2) = X1 & r2_hidden(X2,k1_relset_1(k5_numbers,X0)) & m1_subset_1(X2,k5_numbers)) => r1_calcul_1(X0,X1))) [negated conjecture 1]
47. ! [X0] : ((v1_finseq_1(X0) & v1_funct_1(X0) & v1_relat_1(X0)) => (v1_finseq_1(X0) & v1_funct_1(X0) & v4_relat_1(X0,k5_numbers) & v1_relat_1(X0))) [input cc5_finseq_1]
79. ! [X0] : (v1_relat_1(X0) => ! [X1] : (r1_calcul_1(X0,X1) <=> r2_hidden(X1,k10_xtuple_0(X0)))) [input d3_calcul_1]
80. ! [X0] : ((v1_funct_1(X0) & v1_relat_1(X0)) => ! [X1] : (k10_xtuple_0(X0) = X1 <=> ! [X2] : (r2_hidden(X2,X1) <=> ? [X3] : (k1_funct_1(X0,X3) = X2 & r2_hidden(X3,k9_xtuple_0(X0)))))) [input d3_funct_1]
177. ! [X0,X1] : ((v4_relat_1(X1,X0) & v1_relat_1(X1)) => k1_relset_1(X0,X1) = k9_xtuple_0(X1)) [input redefinition_k1_relset_1]
212. ? [X0] : (? [X1] : (~r1_calcul_1(X0,X1) & ? [X2] : (k1_funct_1(X0,X2) = X1 & r2_hidden(X2,k1_relset_1(k5_numbers,X0)) & m1_subset_1(X2,k5_numbers))) & (v1_finseq_1(X0) & v1_funct_1(X0) & v1_relat_1(X0))) [ennf transformation 2]
213. ? [X0] : (? [X1] : (~r1_calcul_1(X0,X1) & ? [X2] : (k1_funct_1(X0,X2) = X1 & r2_hidden(X2,k1_relset_1(k5_numbers,X0)) & m1_subset_1(X2,k5_numbers))) & v1_finseq_1(X0) & v1_funct_1(X0) & v1_relat_1(X0)) [flattening 212]
277. ! [X0] : (! [X1] : (r1_calcul_1(X0,X1) <=> r2_hidden(X1,k10_xtuple_0(X0))) | ~v1_relat_1(X0)) [ennf transformation 79]
346. ! [X0] : ((v1_finseq_1(X0) & v1_funct_1(X0) & v4_relat_1(X0,k5_numbers) & v1_relat_1(X0)) | (~v1_finseq_1(X0) | ~v1_funct_1(X0) | ~v1_relat_1(X0))) [ennf transformation 47]
347. ! [X0] : ((v1_finseq_1(X0) & v1_funct_1(X0) & v4_relat_1(X0,k5_numbers) & v1_relat_1(X0)) | ~v1_finseq_1(X0) | ~v1_funct_1(X0) | ~v1_relat_1(X0)) [flattening 346]
352. ! [X0] : (! [X1] : (k10_xtuple_0(X0) = X1 <=> ! [X2] : (r2_hidden(X2,X1) <=> ? [X3] : (k1_funct_1(X0,X3) = X2 & r2_hidden(X3,k9_xtuple_0(X0))))) | (~v1_funct_1(X0) | ~v1_relat_1(X0))) [ennf transformation 80]
353. ! [X0] : (! [X1] : (k10_xtuple_0(X0) = X1 <=> ! [X2] : (r2_hidden(X2,X1) <=> ? [X3] : (k1_funct_1(X0,X3) = X2 & r2_hidden(X3,k9_xtuple_0(X0))))) | ~v1_funct_1(X0) | ~v1_relat_1(X0)) [flattening 352]
384. ! [X0,X1] : (k1_relset_1(X0,X1) = k9_xtuple_0(X1) | (~v4_relat_1(X1,X0) | ~v1_relat_1(X1))) [ennf transformation 177]
385. ! [X0,X1] : (k1_relset_1(X0,X1) = k9_xtuple_0(X1) | ~v4_relat_1(X1,X0) | ~v1_relat_1(X1)) [flattening 384]
390. ? [X0] : (? [X1] : (~r1_calcul_1(X0,X1) & ? [X2] : (k1_funct_1(X0,X2) = X1 & r2_hidden(X2,k1_relset_1(k5_numbers,X0)) & m1_subset_1(X2,k5_numbers))) & v1_finseq_1(X0) & v1_funct_1(X0) & v1_relat_1(X0)) => (? [X1] : (~r1_calcul_1(sK0,X1) & ? [X2] : (k1_funct_1(sK0,X2) = X1 & r2_hidden(X2,k1_relset_1(k5_numbers,sK0)) & m1_subset_1(X2,k5_numbers))) & v1_finseq_1(sK0) & v1_funct_1(sK0) & v1_relat_1(sK0)) [choice axiom]
391. ? [X1] : (~r1_calcul_1(sK0,X1) & ? [X2] : (k1_funct_1(sK0,X2) = X1 & r2_hidden(X2,k1_relset_1(k5_numbers,sK0)) & m1_subset_1(X2,k5_numbers))) => (~r1_calcul_1(sK0,sK1) & ? [X2] : (k1_funct_1(sK0,X2) = sK1 & r2_hidden(X2,k1_relset_1(k5_numbers,sK0)) & m1_subset_1(X2,k5_numbers))) [choice axiom]
392. ? [X2] : (k1_funct_1(sK0,X2) = sK1 & r2_hidden(X2,k1_relset_1(k5_numbers,sK0)) & m1_subset_1(X2,k5_numbers)) => (sK1 = k1_funct_1(sK0,sK2) & r2_hidden(sK2,k1_relset_1(k5_numbers,sK0)) & m1_subset_1(sK2,k5_numbers)) [choice axiom]
393. (~r1_calcul_1(sK0,sK1) & (sK1 = k1_funct_1(sK0,sK2) & r2_hidden(sK2,k1_relset_1(k5_numbers,sK0)) & m1_subset_1(sK2,k5_numbers))) & v1_finseq_1(sK0) & v1_funct_1(sK0) & v1_relat_1(sK0) [skolemisation 213,392,391,390]
416. ! [X0] : (! [X1] : ((r1_calcul_1(X0,X1) | ~r2_hidden(X1,k10_xtuple_0(X0))) & (r2_hidden(X1,k10_xtuple_0(X0)) | ~r1_calcul_1(X0,X1))) | ~v1_relat_1(X0)) [nnf transformation 277]
417. ! [X0] : (! [X1] : ((k10_xtuple_0(X0) = X1 | ? [X2] : ((! [X3] : (k1_funct_1(X0,X3) != X2 | ~r2_hidden(X3,k9_xtuple_0(X0))) | ~r2_hidden(X2,X1)) & (? [X3] : (k1_funct_1(X0,X3) = X2 & r2_hidden(X3,k9_xtuple_0(X0))) | r2_hidden(X2,X1)))) & (! [X2] : ((r2_hidden(X2,X1) | ! [X3] : (k1_funct_1(X0,X3) != X2 | ~r2_hidden(X3,k9_xtuple_0(X0)))) & (? [X3] : (k1_funct_1(X0,X3) = X2 & r2_hidden(X3,k9_xtuple_0(X0))) | ~r2_hidden(X2,X1))) | k10_xtuple_0(X0) != X1)) | ~v1_funct_1(X0) | ~v1_relat_1(X0)) [nnf transformation 353]
418. ! [X0] : (! [X1] : ((k10_xtuple_0(X0) = X1 | ? [X2] : ((! [X3] : (k1_funct_1(X0,X3) != X2 | ~r2_hidden(X3,k9_xtuple_0(X0))) | ~r2_hidden(X2,X1)) & (? [X4] : (k1_funct_1(X0,X4) = X2 & r2_hidden(X4,k9_xtuple_0(X0))) | r2_hidden(X2,X1)))) & (! [X5] : ((r2_hidden(X5,X1) | ! [X6] : (k1_funct_1(X0,X6) != X5 | ~r2_hidden(X6,k9_xtuple_0(X0)))) & (? [X7] : (k1_funct_1(X0,X7) = X5 & r2_hidden(X7,k9_xtuple_0(X0))) | ~r2_hidden(X5,X1))) | k10_xtuple_0(X0) != X1)) | ~v1_funct_1(X0) | ~v1_relat_1(X0)) [rectify 417]
419. ! [X1,X0] : (? [X2] : ((! [X3] : (k1_funct_1(X0,X3) != X2 | ~r2_hidden(X3,k9_xtuple_0(X0))) | ~r2_hidden(X2,X1)) & (? [X4] : (k1_funct_1(X0,X4) = X2 & r2_hidden(X4,k9_xtuple_0(X0))) | r2_hidden(X2,X1))) => ((! [X3] : (k1_funct_1(X0,X3) != sK14(X0,X1) | ~r2_hidden(X3,k9_xtuple_0(X0))) | ~r2_hidden(sK14(X0,X1),X1)) & (? [X4] : (k1_funct_1(X0,X4) = sK14(X0,X1) & r2_hidden(X4,k9_xtuple_0(X0))) | r2_hidden(sK14(X0,X1),X1)))) [choice axiom]
420. ! [X1,X0] : (? [X4] : (k1_funct_1(X0,X4) = sK14(X0,X1) & r2_hidden(X4,k9_xtuple_0(X0))) => (sK14(X0,X1) = k1_funct_1(X0,sK15(X0,X1)) & r2_hidden(sK15(X0,X1),k9_xtuple_0(X0)))) [choice axiom]
421. ! [X5,X0] : (? [X7] : (k1_funct_1(X0,X7) = X5 & r2_hidden(X7,k9_xtuple_0(X0))) => (k1_funct_1(X0,sK16(X0,X5)) = X5 & r2_hidden(sK16(X0,X5),k9_xtuple_0(X0)))) [choice axiom]
422. ! [X0] : (! [X1] : ((k10_xtuple_0(X0) = X1 | ((! [X3] : (k1_funct_1(X0,X3) != sK14(X0,X1) | ~r2_hidden(X3,k9_xtuple_0(X0))) | ~r2_hidden(sK14(X0,X1),X1)) & ((sK14(X0,X1) = k1_funct_1(X0,sK15(X0,X1)) & r2_hidden(sK15(X0,X1),k9_xtuple_0(X0))) | r2_hidden(sK14(X0,X1),X1)))) & (! [X5] : ((r2_hidden(X5,X1) | ! [X6] : (k1_funct_1(X0,X6) != X5 | ~r2_hidden(X6,k9_xtuple_0(X0)))) & ((k1_funct_1(X0,sK16(X0,X5)) = X5 & r2_hidden(sK16(X0,X5),k9_xtuple_0(X0))) | ~r2_hidden(X5,X1))) | k10_xtuple_0(X0) != X1)) | ~v1_funct_1(X0) | ~v1_relat_1(X0)) [skolemisation 418,421,420,419]
510. v1_relat_1(sK0) [cnf transformation 393] {a:0,w:2,wCS:200,goal:1,sine:0,thAx:0,allAx:4,thDist:-4}
511. v1_funct_1(sK0) [cnf transformation 393] {a:0,w:2,wCS:200,goal:1,sine:0,thAx:0,allAx:4,thDist:-4}
512. v1_finseq_1(sK0) [cnf transformation 393] {a:0,w:2,wCS:200,goal:1,sine:0,thAx:0,allAx:4,thDist:-4}
514. r2_hidden(sK2,k1_relset_1(k5_numbers,sK0)) [cnf transformation 393] {a:0,w:5,wCS:500,goal:1,sine:0,thAx:0,allAx:4,thDist:-4}
515. sK1 = k1_funct_1(sK0,sK2) [cnf transformation 393] {a:0,w:5,wCS:500,goal:1,sine:0,thAx:0,allAx:4,thDist:-4}
516. ~r1_calcul_1(sK0,sK1) [cnf transformation 393] {a:0,w:3,wCS:300,goal:1,sine:0,thAx:0,allAx:4,thDist:-4}
619. ~r2_hidden(X1,k10_xtuple_0(X0)) | r1_calcul_1(X0,X1) | ~v1_relat_1(X0) [cnf transformation 416] {a:0,w:9,wCS:3600,nSel:1,sine:1,thAx:0,allAx:1,thDist:-1}
686. v4_relat_1(X0,k5_numbers) | ~v1_finseq_1(X0) | ~v1_funct_1(X0) | ~v1_relat_1(X0) [cnf transformation 347] {a:0,w:9,wCS:3600,nSel:1,sine:1,thAx:0,allAx:1,thDist:-1}
695. r2_hidden(X5,X1) | k1_funct_1(X0,X6) != X5 | ~r2_hidden(X6,k9_xtuple_0(X0)) | k10_xtuple_0(X0) != X1 | ~v1_funct_1(X0) | ~v1_relat_1(X0) [cnf transformation 422] {a:0,w:20,wCS:8000,sine:1,thAx:0,allAx:4,thDist:-4}
731. k1_relset_1(X0,X1) = k9_xtuple_0(X1) | ~v4_relat_1(X1,X0) | ~v1_relat_1(X1) [cnf transformation 385] {a:0,w:11,wCS:4400,nSel:1,sine:1,thAx:0,allAx:1,thDist:-1}
850. r2_hidden(k1_funct_1(X0,X6),X1) | ~r2_hidden(X6,k9_xtuple_0(X0)) | k10_xtuple_0(X0) != X1 | ~v1_funct_1(X0) | ~v1_relat_1(X0) [equality resolution 695] {a:0,w:17,wCS:6800,sine:1,thAx:0,allAx:4,thDist:-4}
851. r2_hidden(k1_funct_1(X0,X6),k10_xtuple_0(X0)) | ~r2_hidden(X6,k9_xtuple_0(X0)) | ~v1_funct_1(X0) | ~v1_relat_1(X0) [equality resolution 850] {a:0,w:14,wCS:5600,nSel:1,sine:1,thAx:0,allAx:4,thDist:-4}
855. 1 <=> r1_calcul_1(sK0,sK1) [avatar definition]
857. ~r1_calcul_1(sK0,sK1) <- (~1) [avatar component clause 855] {a:0,w:3,wCS:300,nSel:1,goal:1,sine:255,thAx:0,allAx:4,thDist:-4}
858. ~1 [avatar split clause 516,855]
860. 2 <=> sK1 = k1_funct_1(sK0,sK2) [avatar definition]
862. sK1 = k1_funct_1(sK0,sK2) <- (2) [avatar component clause 860] {a:0,w:5,wCS:500,nSel:1,goal:1,sine:255,thAx:0,allAx:4,thDist:-4}
863. 2 [avatar split clause 515,860]
865. 3 <=> r2_hidden(sK2,k1_relset_1(k5_numbers,sK0)) [avatar definition]
867. r2_hidden(sK2,k1_relset_1(k5_numbers,sK0)) <- (3) [avatar component clause 865] {a:0,w:5,wCS:500,nSel:1,goal:1,sine:255,thAx:0,allAx:4,thDist:-4}
868. 3 [avatar split clause 514,865]
875. 5 <=> v1_finseq_1(sK0) [avatar definition]
877. v1_finseq_1(sK0) <- (5) [avatar component clause 875] {a:0,w:2,wCS:200,nSel:1,goal:1,sine:255,thAx:0,allAx:4,thDist:-4}
878. 5 [avatar split clause 512,875]
880. 6 <=> v1_funct_1(sK0) [avatar definition]
882. v1_funct_1(sK0) <- (6) [avatar component clause 880] {a:0,w:2,wCS:200,nSel:1,goal:1,sine:255,thAx:0,allAx:4,thDist:-4}
883. 6 [avatar split clause 511,880]
885. 7 <=> v1_relat_1(sK0) [avatar definition]
887. v1_relat_1(sK0) <- (7) [avatar component clause 885] {a:0,w:2,wCS:200,nSel:1,goal:1,sine:255,thAx:0,allAx:4,thDist:-4}
888. 7 [avatar split clause 510,885]
3653. r2_hidden(sK2,k9_xtuple_0(sK0)) | ~v4_relat_1(sK0,k5_numbers) | ~v1_relat_1(sK0) <- (3) [superposition 867,731] {a:1,w:9,wCS:900,goal:1,sine:1,thAx:0,allAx:5,thDist:-5}
3656. 395 <=> v4_relat_1(sK0,k5_numbers) [avatar definition]
3658. ~v4_relat_1(sK0,k5_numbers) <- (~395) [avatar component clause 3656] {a:3,w:3,wCS:300,nSel:1,goal:1,sine:255,thAx:0,allAx:7,thDist:-7}
3682. r2_hidden(sK2,k9_xtuple_0(sK0)) | ~v4_relat_1(sK0,k5_numbers) <- (3, 7) [subsumption resolution 3653,887] {a:1,w:7,wCS:700,goal:1,sine:1,thAx:0,allAx:5,thDist:-5}
3684. 400 <=> r2_hidden(sK2,k9_xtuple_0(sK0)) [avatar definition]
3687. ~395 | 400 | ~3 | ~7 [avatar split clause 3682,885,865,3684,3656]
3712. ~v1_finseq_1(sK0) | ~v1_funct_1(sK0) | ~v1_relat_1(sK0) <- (~395) [resolution 3658,686] {a:4,w:6,wCS:600,goal:1,sine:1,thAx:0,allAx:8,thDist:-8}
3716. ~v1_funct_1(sK0) | ~v1_relat_1(sK0) <- (5, ~395) [subsumption resolution 3712,877] {a:4,w:4,wCS:400,goal:1,sine:1,thAx:0,allAx:8,thDist:-8}
3717. ~v1_relat_1(sK0) <- (5, 6, ~395) [subsumption resolution 3716,882] {a:4,w:2,wCS:200,goal:1,sine:1,thAx:0,allAx:8,thDist:-8}
3718. $false <- (5, 6, 7, ~395) [subsumption resolution 3717,887] {a:4,w:0,goal:1,sine:1,thAx:0,allAx:8,thDist:-8}
3719. ~5 | ~6 | ~7 | 395 [avatar contradiction clause 3718]
3765. r2_hidden(sK1,k10_xtuple_0(sK0)) | ~r2_hidden(sK2,k9_xtuple_0(sK0)) | ~v1_funct_1(sK0) | ~v1_relat_1(sK0) <- (2) [superposition 851,862] {a:1,w:12,wCS:1200,goal:1,sine:1,thAx:0,allAx:8,thDist:-8}
3767. r2_hidden(sK1,k10_xtuple_0(sK0)) | ~r2_hidden(sK2,k9_xtuple_0(sK0)) | ~v1_relat_1(sK0) <- (2, 6) [subsumption resolution 3765,882] {a:1,w:10,wCS:1000,goal:1,sine:1,thAx:0,allAx:8,thDist:-8}
3768. r2_hidden(sK1,k10_xtuple_0(sK0)) | ~r2_hidden(sK2,k9_xtuple_0(sK0)) <- (2, 6, 7) [subsumption resolution 3767,887] {a:1,w:8,wCS:800,goal:1,sine:1,thAx:0,allAx:8,thDist:-8}
3770. 404 <=> r2_hidden(sK1,k10_xtuple_0(sK0)) [avatar definition]
3772. r2_hidden(sK1,k10_xtuple_0(sK0)) <- (404) [avatar component clause 3770] {a:1,w:4,wCS:400,nSel:1,goal:1,sine:255,thAx:0,allAx:8,thDist:-8}
3773. ~400 | 404 | ~2 | ~6 | ~7 [avatar split clause 3768,885,880,860,3770,3684]
3788. r1_calcul_1(sK0,sK1) | ~v1_relat_1(sK0) <- (404) [resolution 3772,619] {a:2,w:5,wCS:500,goal:1,sine:1,thAx:0,allAx:9,thDist:-9}
3793. ~v1_relat_1(sK0) <- (~1, 404) [subsumption resolution 3788,857] {a:2,w:2,wCS:200,goal:1,sine:1,thAx:0,allAx:9,thDist:-9}
3794. $false <- (~1, 7, 404) [subsumption resolution 3793,887] {a:2,w:0,goal:1,sine:1,thAx:0,allAx:9,thDist:-9}
3795. 1 | ~7 | ~404 [avatar contradiction clause 3794]
3796. $false [avatar sat refutation 858,863,868,878,883,888,3687,3719,3773,3795] {a:0,w:0,goal:1,sine:0,thAx:0,allAx:2193,thDist:-2193}
% SZS output end Proof for calcul_1__l5_calcul_1
% ------------------------------
% Version: Vampire 4.5.1 (commit 226f88162 on 2021-09-12 20:13:44 +0200)
% Termination reason: Refutation

% >>> Input
% Input formulas: 190
% >>> Preprocessing
% Introduced skolems: 60
% Pure predicates: 5
% Unused predicate definitions: 1
% 
% >>> Saturation
% Initial clauses: 340
% Generated clauses: 1597
% Active clauses: 398
% Passive clauses: 873
% Final active clauses: 390
% Final passive clauses: 447
% Main loop iterations started: 422
% 
% >>> Simplifying Inferences
% Duplicate literals: 17
% Fw subsumption resolutions: 82
% Fw demodulations: 3
% Bw demodulations: 5
% 
% >>> Deletion Inferences
% Simple tautologies: 65
% Forward subsumptions: 148
% 
% >>> Generating Inferences
% Binary resolution: 762
% Unit resulting resolution: 3
% Forward superposition: 17
% Backward superposition: 10
% Self superposition: 1
% 
% >>> AVATAR
% Split clauses: 88
% Split components: 181
% Sat splitting refutations: 6
% 
% >>> SAT Solver Statistics
% SAT solver clauses: 435
% SAT solver unit clauses: 140
% SAT solver binary clauses: 177
% 
% Memory used [KB]: 11897
% Time elapsed: 0.014 s
% ------------------------------
% ------------------------------
% Time measurement results:
% parsing: 0.001 s
% minimizing solver time: 0.001 s
% congruence closure: 0.003 s ( own 0.002 s ) 
% forward demodulation: 0.001 s
% resolution: 0.002 s
% unit resulting resolution: 0.001 s
% superposition: 0.001 s
% other: 0.014 s ( own 0.005 s ) 

