i: [1,279,0,2,1,1,0,0] t49_afvect0
a: [3,431,0,2,1,279]
s: 431
i: [1,278,0,2,1,1,0,0] t49_afvect0
a: [3,436,0,2,1,278]
s: 436
i: [1,277,0,2,1,1,0,0] t49_afvect0
a: [3,441,0,2,1,277]
s: 441
i: [1,276,0,2,1,1,0,0] t49_afvect0
a: [3,446,0,2,1,276]
s: 446
i: [1,275,0,2,1,1,0,0] t49_afvect0
a: [3,451,0,2,1,275]
s: 451
i: [1,274,0,2,1,1,0,0] t49_afvect0
a: [3,456,0,2,1,274]
s: 456
i: [1,273,0,2,1,1,0,0] t49_afvect0
a: [3,461,0,2,1,273]
s: 461
i: [1,272,0,2,1,1,0,0] t49_afvect0
a: [3,466,0,2,1,272]
s: 466
i: [1,271,0,2,1,1,0,0] t49_afvect0
a: [3,471,0,2,1,271]
s: 471
i: [1,280,0,9,3,1,0,0] t49_afvect0
a: [3,422,0,3,1,280]
s: 422
i: [1,281,0,2,1,0,0,255] spc1_boole
a: [3,476,0,2,1,281]
s: 476
i: [1,282,0,2,1,0,0,255] fc1_xboole_0
a: [3,481,0,2,1,282]
s: 481
i: [1,390,0,2,1,0,0,3] rc2_xboole_0
a: [3,486,0,2,1,390]
s: 486
i: [1,391,0,2,1,0,0,255] existence_l1_algstr_0
a: [3,491,0,2,1,391]
s: 491
i: [1,392,0,2,1,0,0,255] existence_l2_struct_0
a: [3,496,0,2,1,392]
s: 496
i: [1,393,0,2,1,0,0,1] existence_l2_algstr_0
a: [3,501,0,2,1,393]
s: 501
i: [1,394,0,2,1,0,0,2] existence_l1_struct_0
a: [3,506,0,2,1,394]
s: 506
i: [1,395,0,2,1,0,0,1] existence_l1_analoaf
a: [3,511,0,2,1,395]
s: 511
i: [1,396,0,2,1,0,0,3] rc1_xboole_0
a: [3,516,0,2,1,396]
s: 516
i: [1,398,0,2,1,0,0,255] rc1_relat_1
a: [3,521,0,2,1,398]
s: 521
i: [1,397,0,2,1,0,0,255] rc1_relat_1
a: [3,526,0,2,1,397]
s: 526
i: [1,401,0,2,1,0,0,255] rc20_struct_0
a: [3,531,0,2,1,401]
s: 531
i: [1,400,0,2,1,0,0,255] rc20_struct_0
a: [3,536,0,2,1,400]
s: 536
i: [1,399,0,2,1,0,0,255] rc20_struct_0
a: [3,541,0,2,1,399]
s: 541
i: [1,404,0,2,1,0,0,1] rc9_vectsp_1
a: [3,546,0,2,1,404]
s: 546
i: [1,403,0,2,1,0,0,1] rc9_vectsp_1
a: [3,551,0,2,1,403]
s: 551
i: [1,402,0,2,1,0,0,1] rc9_vectsp_1
a: [3,556,0,2,1,402]
s: 556
i: [1,408,0,2,1,0,0,255] rc1_afvect0
a: [3,561,0,2,1,408]
s: 561
i: [1,407,0,2,1,0,0,255] rc1_afvect0
a: [3,566,0,2,1,407]
s: 566
i: [1,406,0,2,1,0,0,255] rc1_afvect0
a: [3,571,0,2,1,406]
s: 571
i: [1,405,0,2,1,0,0,255] rc1_afvect0
a: [3,576,0,2,1,405]
s: 576
i: [1,413,0,2,1,0,0,1] rc2_tdgroup
a: [3,581,0,2,1,413]
s: 581
i: [1,412,0,2,1,0,0,1] rc2_tdgroup
a: [3,586,0,2,1,412]
s: 586
i: [1,411,0,2,1,0,0,1] rc2_tdgroup
a: [3,591,0,2,1,411]
s: 591
i: [1,410,0,2,1,0,0,1] rc2_tdgroup
a: [3,596,0,2,1,410]
s: 596
i: [1,409,0,2,1,0,0,1] rc2_tdgroup
a: [3,601,0,2,1,409]
s: 601
i: [1,414,0,2,1,0,0,255] rc2_relat_1
a: [3,606,0,2,1,414]
s: 606
i: [1,283,0,3,1,0,0,3] fc1_subset_1
s: 283
i: [1,364,0,3,1,0,0,3] rc2_subset_1
s: 364
i: [1,367,0,3,1,0,0,255] reflexivity_r1_tarski
s: 367
i: [1,295,0,4,2,0,0,255] dt_l1_algstr_0
s: 295
d: [2,608,1,2,1,1,40,295,491]
a: [3,612,1,2,1,608]
s: 612
i: [1,296,0,4,2,0,0,255] dt_l2_struct_0
s: 296
d: [2,614,1,2,1,1,40,296,496]
a: [3,619,1,2,1,614]
s: 619
i: [1,297,0,4,2,0,0,255] dt_l2_algstr_0
s: 297
i: [1,298,0,4,2,0,0,255] dt_l2_algstr_0
s: 298
d: [2,626,1,2,1,1,40,297,431]
a: [3,632,1,2,1,626]
s: 632
i: [1,318,0,4,2,0,0,1] dt_l1_analoaf
s: 318
d: [2,644,1,2,1,1,40,298,431]
a: [3,650,1,2,1,644]
s: 650
i: [1,323,0,4,2,0,0,255] cc1_relat_1
s: 323
i: [1,362,0,4,1,0,0,2] existence_m1_subset_1
s: 362
d: [2,662,2,2,1,1,40,632,296]
a: [3,666,2,2,1,662]
s: 666
i: [1,366,0,4,1,0,0,255] rc3_subset_1
s: 366
d: [2,615,1,2,1,1,40,296,541]
a: [3,624,1,2,1,615]
s: 624
i: [1,368,0,4,1,0,0,255] fc6_relat_1
s: 368
i: [1,382,0,4,1,0,0,255] rc3_relat_1
s: 382
d: [2,627,1,2,1,1,40,297,501]
a: [3,637,1,2,1,627]
s: 637
i: [1,386,0,4,1,0,0,255] rc1_relset_1
s: 386
d: [2,628,1,2,1,1,40,297,556]
a: [3,642,1,2,1,628]
s: 642
i: [1,387,0,4,1,0,0,255] rc1_relset_1
s: 387
i: [1,285,0,5,2,0,0,255] rc6_subset_1
s: 285
d: [2,645,1,2,1,1,40,298,501]
a: [3,655,1,2,1,645]
s: 655
i: [1,289,0,5,2,0,0,3] rc1_subset_1
s: 289
d: [2,646,1,2,1,1,40,298,556]
a: [3,660,1,2,1,646]
s: 660
i: [1,291,0,5,2,0,0,255] rc5_subset_1
s: 291
i: [1,292,0,5,2,0,0,255] rc5_subset_1
s: 292
d: [2,668,1,2,1,1,40,318,511]
a: [3,674,1,2,1,668]
s: 674
i: [1,324,0,5,2,0,0,255] t6_boole
s: 324
d: [2,669,1,2,1,1,40,318,576]
a: [3,679,1,2,1,669]
s: 679
i: [1,359,0,5,2,0,0,255] t7_boole
s: 359
i: [1,363,0,5,1,0,0,3] rc2_subset_1
s: 363
d: [2,670,1,2,1,1,40,318,601]
a: [3,684,1,2,1,670]
s: 684
i: [1,365,0,5,1,0,0,255] rc3_subset_1
s: 365
d: [2,688,1,2,1,1,40,323,481]
a: [3,694,1,2,1,688]
s: 694
i: [1,383,0,5,1,0,0,255] rc3_relat_1
s: 383
i: [1,384,0,5,1,0,0,255] rc3_relat_1
s: 384
d: [2,689,1,2,1,1,40,323,516]
a: [3,699,1,2,1,689]
s: 699
i: [1,388,0,5,1,0,0,255] rc1_relset_1
s: 388
d: [2,701,2,2,1,1,40,637,296]
a: [3,705,2,2,1,701]
s: 705
i: [1,389,0,5,1,0,0,255] rc1_relset_1
s: 389
i: [1,294,0,6,2,0,0,255] rc4_subset_1
s: 294
d: [2,708,2,2,1,1,40,642,296]
a: [3,712,2,2,1,708]
s: 712
i: [1,299,0,6,3,0,0,255] cc7_struct_0
s: 299
d: [2,725,1,4,2,1,40,299,506]
a: [3,761,1,2,1,725]
s: 761
i: [1,300,0,6,3,0,0,255] cc5_struct_0
s: 300
i: [1,302,0,6,3,0,0,1] cc17_struct_0
s: 302
d: [2,795,1,4,2,1,40,300,506]
a: [3,819,1,2,1,795]
s: 819
i: [1,303,0,6,3,0,0,1] cc2_struct_0
s: 303
d: [2,722,2,4,2,1,40,299,612]
a: [3,734,2,2,1,722]
s: 734
i: [1,304,0,6,3,0,0,255] cc6_struct_0
s: 304
i: [1,305,0,6,3,0,0,1] cc1_struct_0
s: 305
d: [2,723,2,4,2,1,40,299,619]
a: [3,743,2,2,1,723]
s: 743
i: [1,308,0,6,3,0,0,255] cc4_struct_0
s: 308
d: [2,726,2,4,2,1,40,299,674]
a: [3,770,2,2,1,726]
s: 770
i: [1,355,0,6,2,0,0,255] t1_subset
s: 355
i: [1,371,0,6,2,0,0,255] antisymmetry_r2_hidden
s: 371
d: [2,727,2,4,2,1,40,299,624]
d: [2,776,2,2,1,2,21,727,531]
a: [3,780,2,2,1,776]
s: 780
i: [1,284,0,7,2,0,0,255] rc6_subset_1
s: 284
d: [2,792,2,4,2,1,40,300,612]
a: [3,804,2,2,1,792]
s: 804
i: [1,288,0,7,2,0,0,3] rc1_subset_1
s: 288
i: [1,290,0,7,2,0,0,255] rc5_subset_1
s: 290
d: [2,793,2,4,2,1,40,300,619]
a: [3,809,2,2,1,793]
s: 809
i: [1,293,0,7,2,0,0,255] rc4_subset_1
s: 293
d: [2,796,2,4,2,1,40,300,674]
a: [3,824,2,2,1,796]
s: 824
i: [1,306,0,7,3,0,0,255] cc8_struct_0
s: 306
i: [1,309,0,7,3,0,0,255] cc11_struct_0
s: 309
d: [2,724,3,4,2,1,40,299,705]
a: [3,752,3,2,1,724]
s: 752
i: [1,310,0,7,3,0,0,255] cc11_struct_0
s: 310
d: [2,728,3,4,2,1,40,299,712]
a: [3,785,3,2,1,728]
s: 785
i: [1,311,0,7,3,0,0,255] cc9_struct_0
s: 311
i: [1,333,0,7,3,0,0,255] fc9_struct_0
s: 333
d: [2,794,3,4,2,1,40,300,705]
a: [3,814,3,2,1,794]
s: 814
i: [1,334,0,7,3,0,0,255] fc6_struct_0
s: 334
d: [2,690,1,3,1,0,40,323,364]
s: 690
i: [1,336,0,7,3,0,0,255] rc22_struct_0
s: 336
i: [1,340,0,7,3,0,0,1] fc2_tdgroup
s: 340
d: [2,707,1,4,1,0,40,386,323]
s: 707
i: [1,341,0,7,3,0,0,1] fc2_tdgroup
s: 341
i: [1,342,0,7,3,0,0,1] dt_k2_tdgroup
s: 342
i: [1,343,0,7,3,0,0,1] dt_k2_tdgroup
s: 343
i: [1,344,0,7,3,0,0,2] fc2_struct_0
s: 344
i: [1,346,0,7,3,0,0,2] rc4_struct_0
s: 346
i: [1,348,0,7,3,0,0,255] rc21_struct_0
s: 348
i: [1,349,0,7,3,0,0,255] rc21_struct_0
s: 349
i: [1,350,0,7,3,0,0,255] fc8_struct_0
s: 350
i: [1,351,0,7,3,0,0,255] fc7_struct_0
s: 351
i: [1,352,0,7,3,0,0,2] fc1_struct_0
s: 352
i: [1,357,0,7,2,0,0,255] t3_subset
s: 357
i: [1,358,0,7,3,0,0,2] t8_boole
s: 358
i: [1,317,0,8,3,0,0,255] cc5_subset_1
s: 317
i: [1,322,0,8,3,0,0,255] cc2_relat_1
s: 322
d: [2,860,1,5,2,0,40,317,363]
s: 860
i: [1,325,0,8,3,0,0,3] cc1_subset_1
s: 325
d: [2,861,1,5,2,0,40,317,365]
s: 861
i: [1,356,0,8,3,0,0,255] t2_subset
s: 356
i: [1,376,0,8,3,0,0,255] fc10_subset_1
s: 376
d: [2,869,1,5,2,0,40,322,365]
s: 869
i: [1,379,0,8,2,0,0,255] cc1_relset_1
s: 379
d: [2,877,1,5,2,0,40,325,365]
s: 877
i: [1,385,0,8,1,0,0,255] rc1_relset_1
s: 385
i: [1,312,0,9,4,0,0,255] cc10_struct_0
s: 312
d: [2,884,1,8,2,0,40,356,363]
d: [2,891,1,5,1,0,21,884,283]
s: 891
i: [1,314,0,9,3,0,0,2] d10_struct_0
s: 314
d: [2,885,1,8,2,0,40,356,365]
d: [2,892,1,5,1,0,21,885,283]
s: 892
i: [1,315,0,9,3,0,0,2] d10_struct_0
s: 315
i: [1,316,0,9,3,0,0,2] d10_struct_0
s: 316
d: [2,900,1,5,1,0,40,379,365]
s: 900
i: [1,326,0,9,3,0,0,255] cc4_subset_1
s: 326
d: [2,901,2,5,2,0,40,877,323]
s: 901
i: [1,327,0,9,4,0,0,255] cc8_relat_1
s: 327
i: [1,330,0,9,4,0,0,255] cc7_relat_1
s: 330
d: [2,912,2,5,1,0,40,891,371]
s: 912
i: [1,361,0,9,3,0,0,255] t5_subset
s: 361
d: [2,916,2,5,1,0,40,892,371]
s: 916
i: [1,380,0,9,2,0,0,255] cc2_relset_1
s: 380
i: [1,381,0,9,2,0,0,255] cc2_relset_1
s: 381
d: [2,859,1,6,2,0,40,317,362]
s: 859
i: [1,335,0,10,3,0,0,255] rc22_struct_0
s: 335
d: [2,867,1,6,2,0,40,322,362]
s: 867
i: [1,345,0,10,3,0,0,2] rc4_struct_0
s: 345
i: [1,347,0,10,3,0,0,255] rc21_struct_0
s: 347
d: [2,875,1,6,2,0,40,325,362]
s: 875
i: [1,360,0,10,3,0,0,255] t4_subset
s: 360
d: [2,883,1,6,2,0,40,356,362]
s: 883
i: [1,369,0,10,3,0,0,255] cc4_relset_1
s: 369
i: [1,370,0,10,3,0,0,255] cc3_relset_1
s: 370
d: [2,898,1,6,1,0,40,379,362]
s: 898
i: [1,286,0,11,4,0,0,255] cc3_subset_1
s: 286
d: [2,1031,1,9,3,0,40,286,365]
d: [2,1037,1,5,2,0,21,1031,366]
s: 1037
i: [1,287,0,11,4,0,0,255] cc2_subset_1
s: 287
i: [1,320,0,11,3,0,0,255] abstractness_v1_analoaf
s: 320
d: [2,926,1,6,2,0,40,326,363]
s: 926
i: [1,377,0,12,4,0,0,255] cc6_relat_1
s: 377
d: [2,929,1,10,3,0,40,327,384]
d: [2,931,1,6,2,0,21,929,382]
s: 931
i: [1,378,0,12,4,0,0,255] cc5_relat_1
s: 378
i: [1,372,0,14,2,0,0,255] dt_g1_analoaf
s: 372
d: [2,932,1,10,3,0,40,330,383]
d: [2,934,1,6,2,0,21,932,382]
s: 934
i: [1,373,0,14,2,0,0,255] dt_g1_analoaf
s: 373
d: [2,941,1,6,2,0,40,361,363]
s: 941
i: [1,313,0,15,5,0,0,2] d10_struct_0
s: 313
i: [1,319,0,17,2,0,0,255] dt_u1_analoaf
s: 319
d: [2,1098,1,5,2,0,40,319,379]
s: 1098
i: [1,374,0,20,3,0,0,255] free_g1_analoaf
s: 374
d: [2,1101,1,17,3,0,40,319,322]
d: [2,1109,1,5,2,0,21,1101,368]
s: 1109
i: [1,375,0,20,3,0,0,255] free_g1_analoaf
s: 375
i: [1,337,0,30,12,0,0,1] t17_tdgroup
s: 337
d: [2,942,1,6,2,0,40,361,365]
s: 942
i: [1,338,0,30,12,0,0,1] t17_tdgroup
s: 338
d: [2,950,1,6,1,0,40,380,363]
s: 950
i: [1,339,0,30,12,0,0,1] t17_tdgroup
s: 339
d: [2,951,1,6,1,0,40,380,365]
s: 951
d: [2,959,1,6,1,0,40,381,363]
s: 959
d: [2,960,1,6,1,0,40,381,365]
s: 960
d: [2,1001,1,11,3,0,40,369,288]
d: [2,1008,1,6,2,0,21,1001,289]
s: 1008
d: [2,1002,1,11,3,0,40,369,290]
d: [2,1009,1,6,2,0,21,1002,291]
s: 1009
d: [2,1012,1,11,3,0,40,370,288]
d: [2,1019,1,6,2,0,21,1012,289]
s: 1019
d: [2,1013,1,11,3,0,40,370,290]
d: [2,1020,1,6,2,0,21,1013,291]
s: 1020
d: [2,1030,1,9,3,0,40,286,363]
d: [2,1036,1,6,2,0,21,1030,364]
s: 1036
d: [2,983,2,6,2,0,40,875,323]
s: 983
d: [2,718,1,7,3,0,44,324,324]
s: 718
d: [2,846,1,7,3,0,40,343,318]
s: 846
d: [2,996,2,6,2,0,40,883,371]
s: 996
d: [2,852,1,7,3,0,40,352,323]
s: 852
d: [2,854,1,7,3,0,40,317,357]
s: 854
d: [2,856,1,7,3,0,40,317,288]
s: 856
d: [2,858,1,7,3,0,40,317,293]
s: 858
d: [2,862,1,7,3,0,40,322,357]
s: 862
d: [2,863,1,7,3,0,40,322,284]
s: 863
d: [2,864,1,7,3,0,40,322,288]
s: 864
d: [2,865,1,7,3,0,40,322,290]
s: 865
d: [2,866,1,7,3,0,40,322,293]
s: 866
d: [2,870,1,7,3,0,40,325,357]
s: 870
d: [2,871,1,7,3,0,40,325,284]
s: 871
d: [2,878,1,10,3,0,40,356,357]
d: [2,886,1,7,2,0,21,878,283]
s: 886
d: [2,879,1,10,3,0,40,356,284]
d: [2,887,1,7,2,0,21,879,283]
s: 887
d: [2,880,1,10,3,0,40,356,288]
d: [2,888,1,7,2,0,21,880,283]
s: 888
d: [2,881,1,10,3,0,40,356,290]
d: [2,889,1,7,2,0,21,881,283]
s: 889
d: [2,882,1,10,3,0,40,356,293]
d: [2,890,1,7,2,0,21,882,283]
s: 890
d: [2,893,1,7,2,0,40,379,357]
s: 893
d: [2,925,1,7,2,0,40,326,362]
s: 925
d: [2,940,1,7,2,0,40,361,362]
s: 940
d: [2,949,1,7,1,0,40,380,362]
s: 949
d: [2,958,1,7,1,0,40,381,362]
s: 958
d: [2,993,1,7,2,0,40,360,363]
s: 993
d: [2,994,1,7,2,0,40,360,365]
s: 994
d: [2,1006,1,7,2,0,40,369,365]
s: 1006
d: [2,1017,1,7,2,0,40,370,365]
s: 1017
d: [2,905,1,8,2,0,40,385,317]
s: 905
d: [2,1133,2,12,3,0,40,951,330]
d: [2,1134,2,7,2,0,21,1133,900]
s: 1134
d: [2,906,1,13,2,0,40,385,356]
d: [2,907,1,8,1,0,21,906,283]
s: 907
d: [2,920,1,8,3,0,40,326,357]
s: 920
d: [2,1180,2,5,2,0,40,920,367]
s: 1180
d: [2,921,1,8,3,0,40,326,284]
s: 921
d: [2,1136,2,12,3,0,40,960,327]
d: [2,1137,2,7,2,0,21,1136,900]
s: 1137
d: [2,935,1,8,3,0,40,361,357]
s: 935
d: [2,936,1,8,3,0,40,361,284]
s: 936
d: [2,1149,2,7,3,0,40,871,323]
s: 1149
d: [2,944,1,8,2,0,40,380,357]
s: 944
d: [2,1183,2,5,1,0,40,944,367]
s: 1183
d: [2,953,1,8,2,0,40,381,357]
s: 953
d: [2,992,1,8,2,0,40,360,362]
s: 992
d: [2,1185,2,5,1,0,40,953,367]
s: 1185
d: [2,1004,1,8,2,0,40,369,362]
s: 1004
d: [2,1150,2,7,2,0,40,886,371]
s: 1150
d: [2,1015,1,8,2,0,40,370,362]
s: 1015
d: [2,1092,1,8,2,0,40,319,373]
s: 1092
d: [2,1153,2,7,2,0,40,887,371]
s: 1153
d: [2,1093,1,8,2,0,40,319,372]
s: 1093
d: [2,1156,2,7,2,0,40,888,371]
s: 1156
d: [2,842,1,9,4,0,44,306,324]
s: 842
d: [2,844,1,9,4,0,44,311,324]
s: 844
d: [2,1159,2,7,2,0,40,889,371]
s: 1159
d: [2,894,1,9,2,0,40,379,284]
s: 894
d: [2,1162,2,7,2,0,40,890,371]
s: 1162
d: [2,895,1,9,2,0,40,379,288]
s: 895
d: [2,896,1,9,2,0,40,379,290]
s: 896
d: [2,1167,2,14,3,0,40,949,330]
d: [2,1168,2,8,2,0,21,1167,898]
s: 1168
d: [2,897,1,9,2,0,40,379,293]
s: 897
d: [2,1169,2,14,3,0,40,958,327]
d: [2,1170,2,8,2,0,21,1169,898]
s: 1170
d: [2,943,1,9,2,0,40,361,385]
s: 943
d: [2,984,1,9,3,0,40,360,357]
s: 984
d: [2,1172,2,8,2,0,40,994,883]
s: 1172
d: [2,985,1,9,3,0,40,360,284]
s: 985
d: [2,1177,2,8,1,0,40,907,371]
s: 1177
d: [2,986,1,9,3,0,40,360,288]
s: 986
d: [2,987,1,9,3,0,40,360,290]
s: 987
d: [2,1232,2,10,3,0,40,986,883]
d: [2,1233,2,7,2,0,21,1232,289]
s: 1233
d: [2,988,1,9,3,0,40,360,293]
s: 988
d: [2,1234,2,10,3,0,40,987,883]
d: [2,1235,2,7,2,0,21,1234,291]
s: 1235
d: [2,999,1,9,3,0,40,369,357]
s: 999
d: [2,1010,1,9,3,0,40,370,357]
s: 1010
d: [2,1252,3,9,3,0,40,1233,356]
d: [2,1256,3,7,2,0,18,1252]
s: 1256
d: [2,1049,1,9,3,0,40,377,363]
s: 1049
d: [2,1237,3,10,3,0,40,1233,317]
d: [2,1258,3,7,2,0,21,1237,283]
s: 1258
d: [2,1050,1,9,3,0,40,377,365]
s: 1050
d: [2,1063,1,9,3,0,40,378,363]
s: 1063
d: [2,1238,3,10,3,0,40,1233,322]
d: [2,1259,3,7,2,0,21,1238,283]
s: 1259
d: [2,1064,1,9,3,0,40,378,365]
s: 1064
d: [2,1239,3,10,3,0,40,1233,325]
d: [2,1260,3,7,2,0,21,1239,283]
s: 1260
d: [2,945,1,10,2,0,40,380,284]
s: 945
d: [2,946,1,10,2,0,40,380,288]
s: 946
d: [2,1249,3,12,2,0,40,1233,379]
d: [2,1270,3,7,1,0,21,1249,283]
s: 1270
d: [2,947,1,10,2,0,40,380,290]
s: 947
d: [2,1290,3,9,3,0,40,1235,356]
d: [2,1294,3,7,2,0,18,1290]
s: 1294
d: [2,948,1,10,2,0,40,380,293]
s: 948
d: [2,954,1,10,2,0,40,381,284]
s: 954
d: [2,1275,3,10,3,0,40,1235,317]
d: [2,1296,3,7,2,0,21,1275,283]
s: 1296
d: [2,955,1,10,2,0,40,381,288]
s: 955
d: [2,1276,3,10,3,0,40,1235,322]
d: [2,1297,3,7,2,0,21,1276,283]
s: 1297
d: [2,956,1,10,2,0,40,381,290]
s: 956
d: [2,957,1,10,2,0,40,381,293]
s: 957
d: [2,1277,3,10,3,0,40,1235,325]
d: [2,1298,3,7,2,0,21,1277,283]
s: 1298
d: [2,964,1,10,4,0,40,335,325]
s: 964
d: [2,1287,3,12,2,0,40,1235,379]
d: [2,1308,3,7,1,0,21,1287,283]
s: 1308
d: [2,965,1,10,4,0,40,335,322]
s: 965
d: [2,967,1,14,4,0,40,335,356]
d: [2,968,1,10,3,0,21,967,283]
s: 968
d: [2,1313,4,7,2,0,40,1256,371]
s: 1313
d: [2,972,1,10,4,0,40,345,322]
s: 972
d: [2,1336,4,7,2,0,40,1260,323]
s: 1336
d: [2,973,1,10,4,0,40,345,317]
s: 973
d: [2,974,1,14,4,0,40,345,356]
d: [2,975,1,10,3,0,21,974,283]
s: 975
d: [2,1341,4,7,2,0,40,1294,371]
s: 1341
d: [2,979,1,10,4,0,40,347,322]
s: 979
d: [2,1364,4,7,2,0,40,1298,323]
s: 1364
d: [2,981,1,14,4,0,40,347,356]
d: [2,982,1,10,3,0,21,981,283]
s: 982
d: [2,995,1,10,2,0,40,360,385]
s: 995
d: [2,1191,2,8,2,0,40,1092,318]
s: 1191
d: [2,1021,1,10,4,0,40,286,357]
s: 1021
d: [2,1189,3,8,2,0,40,1150,886]
s: 1189
d: [2,1048,1,10,3,0,40,377,362]
s: 1048
d: [2,1051,1,14,3,0,40,377,385]
d: [2,1052,1,10,2,0,21,1051,368]
s: 1052
d: [2,1393,4,5,1,0,40,1189,367]
s: 1393
d: [2,1062,1,10,3,0,40,378,362]
s: 1062
d: [2,1226,3,10,3,0,40,1172,356]
d: [2,1230,3,8,2,0,21,1226,877]
s: 1230
d: [2,1065,1,14,3,0,40,378,385]
d: [2,1066,1,10,2,0,21,1065,368]
s: 1066
d: [2,1075,1,10,1,0,40,372,385]
s: 1075
d: [2,1410,4,6,2,0,40,1230,941]
s: 1410
d: [2,1085,1,10,1,0,40,373,385]
s: 1085
d: [2,1412,4,6,2,0,40,1230,942]
s: 1412
d: [2,1096,1,10,2,0,40,319,381]
s: 1096
d: [2,1097,1,10,2,0,40,319,380]
s: 1097
d: [2,1417,5,6,2,0,40,1410,323]
s: 1417
d: [2,928,1,11,2,0,40,326,385]
s: 928
d: [2,1420,5,6,2,0,40,1412,323]
s: 1420
d: [2,962,1,11,4,0,40,335,361]
s: 962
d: [2,1000,1,11,3,0,40,369,284]
s: 1000
d: [2,1408,4,7,2,0,40,1230,940]
s: 1408
d: [2,1003,1,11,3,0,40,369,293]
s: 1003
d: [2,1431,5,7,2,0,40,1408,323]
s: 1431
d: [2,1011,1,11,3,0,40,370,284]
s: 1011
d: [2,1014,1,11,3,0,40,370,293]
s: 1014
d: [2,1240,3,11,3,0,40,1233,326]
d: [2,1261,3,8,2,0,21,1240,283]
s: 1261
d: [2,1022,1,11,4,0,40,286,284]
s: 1022
d: [2,1242,3,11,3,0,40,1233,361]
d: [2,1263,3,8,2,0,21,1242,283]
s: 1263
d: [2,1029,1,11,3,0,40,286,362]
s: 1029
d: [2,1032,1,15,3,0,40,286,385]
d: [2,1038,1,11,2,0,21,1032,386]
s: 1038
d: [2,1247,3,13,2,0,40,1233,381]
d: [2,1268,3,8,1,0,21,1247,283]
s: 1268
d: [2,1040,1,11,4,0,40,377,357]
s: 1040
d: [2,1248,3,13,2,0,40,1233,380]
d: [2,1269,3,8,1,0,21,1248,283]
s: 1269
d: [2,1041,1,11,4,0,40,377,284]
s: 1041
d: [2,1042,1,11,4,0,40,377,288]
s: 1042
d: [2,1278,3,11,3,0,40,1235,326]
d: [2,1299,3,8,2,0,21,1278,283]
s: 1299
d: [2,1043,1,11,4,0,40,377,290]
s: 1043
d: [2,1280,3,11,3,0,40,1235,361]
d: [2,1301,3,8,2,0,21,1280,283]
s: 1301
d: [2,1044,1,11,4,0,40,377,293]
s: 1044
d: [2,1054,1,11,4,0,40,378,357]
s: 1054
d: [2,1285,3,13,2,0,40,1235,381]
d: [2,1306,3,8,1,0,21,1285,283]
s: 1306
d: [2,1055,1,11,4,0,40,378,284]
s: 1055
d: [2,1286,3,13,2,0,40,1235,380]
d: [2,1307,3,8,1,0,21,1286,283]
s: 1307
d: [2,1056,1,11,4,0,40,378,288]
s: 1056
d: [2,1057,1,11,4,0,40,378,290]
s: 1057
d: [2,1318,4,11,3,0,40,1256,986]
d: [2,1328,4,8,2,0,21,1318,289]
s: 1328
d: [2,1058,1,11,4,0,40,378,293]
s: 1058
d: [2,1319,4,11,3,0,40,1256,987]
d: [2,1329,4,8,2,0,21,1319,291]
s: 1329
d: [2,1073,1,11,1,0,40,372,363]
s: 1073
d: [2,1074,1,11,1,0,40,372,365]
s: 1074
d: [2,1346,4,11,3,0,40,1294,986]
d: [2,1356,4,8,2,0,21,1346,289]
s: 1356
r: 734
r: 743
r: 752
r: 770
r: 785
r: 804
r: 809
r: 814
d: [2,1083,1,11,1,0,40,373,363]
s: 1083
a: [3,733,2,2,1,722]
s: 733
d: [2,1084,1,11,1,0,40,373,365]
s: 1084
d: [2,1094,1,11,3,0,40,319,370]
s: 1094
a: [3,738,2,2,1,722]
s: 738
d: [2,1095,1,11,3,0,40,319,369]
s: 1095
a: [3,742,2,2,1,723]
s: 742
d: [2,915,1,12,4,0,40,314,356]
s: 915
d: [2,919,1,12,4,0,40,315,356]
s: 919
a: [3,747,2,2,1,723]
s: 747
d: [2,963,1,12,4,0,40,335,326]
s: 963
a: [3,774,2,2,1,726]
s: 774
d: [2,989,1,12,4,0,40,360,335]
s: 989
d: [2,990,1,12,4,0,40,360,345]
s: 990
a: [3,751,3,2,1,724]
s: 751
d: [2,991,1,12,4,0,40,360,347]
s: 991
a: [3,756,3,2,1,724]
s: 756
d: [2,1072,1,12,1,0,40,372,362]
s: 1072
d: [2,1082,1,12,1,0,40,373,362]
s: 1082
a: [3,789,3,2,1,728]
s: 789
d: [2,1067,1,13,2,0,40,372,357]
s: 1067
d: [2,1578,2,8,3,0,40,1094,1019]
s: 1578
d: [2,1077,1,13,2,0,40,373,357]
s: 1077
d: [2,1089,1,13,4,0,40,313,362]
s: 1089
d: [2,1606,3,9,4,0,40,1578,352]
d: [2,1607,3,7,3,0,21,1606,318]
s: 1607
d: [2,1113,1,28,5,0,44,374,320]
d: [2,1116,1,13,4,0,21,1113,319]
s: 1116
d: [2,1579,2,8,3,0,40,1094,1008]
s: 1579
d: [2,1117,1,28,5,0,44,375,320]
d: [2,1120,1,13,4,0,21,1117,319]
s: 1120
d: [2,1026,1,15,5,0,40,286,335]
s: 1026
d: [2,1347,4,11,3,0,40,1294,987]
d: [2,1357,4,8,2,0,21,1347,291]
s: 1357
d: [2,1045,1,15,5,0,40,377,335]
s: 1045
d: [2,1399,4,8,2,0,40,1230,371]
s: 1399
d: [2,1046,1,15,5,0,40,377,345]
s: 1046
d: [2,1047,1,15,5,0,40,377,347]
s: 1047
d: [2,1403,4,8,3,0,40,1230,936]
s: 1403
d: [2,1059,1,15,5,0,40,378,335]
s: 1059
d: [2,1438,4,8,2,0,40,1263,1230]
s: 1438
d: [2,1060,1,15,5,0,40,378,345]
s: 1060
d: [2,1061,1,15,5,0,40,378,347]
s: 1061
d: [2,1453,4,8,2,0,40,1301,1230]
s: 1453
d: [2,1100,1,17,3,0,40,319,317]
s: 1100
d: [2,1480,5,10,3,0,40,1328,356]
d: [2,1484,5,8,2,0,18,1480]
s: 1484
d: [2,1102,1,17,3,0,40,319,325]
s: 1102
d: [2,1108,1,30,3,0,40,319,356]
d: [2,1112,1,17,2,0,21,1108,283]
s: 1112
d: [2,1465,5,11,3,0,40,1328,317]
d: [2,1486,5,8,2,0,21,1465,283]
s: 1486
d: [2,1105,1,18,3,0,40,319,361]
s: 1105
d: [2,1466,5,11,3,0,40,1328,322]
d: [2,1487,5,8,2,0,21,1466,283]
s: 1487
d: [2,1068,1,19,2,0,40,372,284]
s: 1068
d: [2,1069,1,19,2,0,40,372,288]
s: 1069
d: [2,1467,5,11,3,0,40,1328,325]
d: [2,1488,5,8,2,0,21,1467,283]
s: 1488
d: [2,1070,1,19,2,0,40,372,290]
s: 1070
d: [2,1477,5,13,2,0,40,1328,379]
d: [2,1498,5,8,1,0,21,1477,283]
s: 1498
d: [2,1071,1,19,2,0,40,372,293]
s: 1071
d: [2,1078,1,19,2,0,40,373,284]
s: 1078
d: [2,1518,5,10,3,0,40,1329,356]
d: [2,1522,5,8,2,0,18,1518]
s: 1522
d: [2,1079,1,19,2,0,40,373,288]
s: 1079
d: [2,1503,5,11,3,0,40,1329,317]
d: [2,1524,5,8,2,0,21,1503,283]
s: 1524
d: [2,1080,1,19,2,0,40,373,290]
s: 1080
d: [2,1081,1,19,2,0,40,373,293]
s: 1081
d: [2,1504,5,11,3,0,40,1329,322]
d: [2,1525,5,8,2,0,21,1504,283]
s: 1525
d: [2,1104,1,19,3,0,40,319,360]
s: 1104
d: [2,1505,5,11,3,0,40,1329,325]
d: [2,1526,5,8,2,0,21,1505,283]
s: 1526
d: [2,1106,1,31,4,0,40,319,377]
d: [2,1110,1,19,3,0,21,1106,368]
s: 1110
d: [2,1107,1,31,4,0,40,319,378]
d: [2,1111,1,19,3,0,21,1107,368]
s: 1111
d: [2,1515,5,13,2,0,40,1329,379]
d: [2,1536,5,8,1,0,21,1515,283]
s: 1536
d: [2,1114,1,23,5,0,44,374,320]
s: 1114
d: [2,1555,5,10,3,0,40,1356,356]
d: [2,1559,5,8,2,0,18,1555]
s: 1559
d: [2,1118,1,23,5,0,44,375,320]
s: 1118
d: [2,1103,1,28,3,0,40,319,326]
s: 1103
d: [2,1540,5,11,3,0,40,1356,317]
d: [2,1561,5,8,2,0,21,1540,283]
s: 1561
d: [2,1123,1,28,11,0,40,337,362]
s: 1123
d: [2,1541,5,11,3,0,40,1356,322]
d: [2,1562,5,8,2,0,21,1541,283]
s: 1562
d: [2,1129,1,28,11,0,40,338,362]
s: 1129
d: [2,1121,1,31,13,0,40,337,314]
d: [2,1124,1,29,12,0,21,1121,302]
s: 1124
d: [2,1542,5,11,3,0,40,1356,325]
d: [2,1563,5,8,2,0,21,1542,283]
s: 1563
d: [2,1122,1,31,13,0,40,337,315]
d: [2,1125,1,29,12,0,21,1122,302]
s: 1125
d: [2,1552,5,13,2,0,40,1356,379]
d: [2,1573,5,8,1,0,21,1552,283]
s: 1573
d: [2,1127,1,31,13,0,40,338,314]
d: [2,1130,1,29,12,0,21,1127,302]
s: 1130
d: [2,1128,1,31,13,0,40,338,315]
d: [2,1131,1,29,12,0,21,1128,302]
s: 1131
d: [2,1637,5,10,3,0,40,1357,356]
d: [2,1641,5,8,2,0,18,1637]
s: 1641
d: [2,1099,1,31,4,0,40,319,286]
s: 1099
d: [2,1622,5,11,3,0,40,1357,317]
d: [2,1643,5,8,2,0,21,1622,283]
s: 1643
d: [2,1374,2,11,5,0,40,973,351]
d: [2,1375,2,9,4,0,18,1374]
s: 1375
d: [2,1145,2,10,4,0,40,846,299]
s: 1145
d: [2,1623,5,11,3,0,40,1357,322]
d: [2,1644,5,8,2,0,21,1623,283]
s: 1644
d: [2,1186,2,10,2,0,40,992,883]
s: 1186
d: [2,1624,5,11,3,0,40,1357,325]
d: [2,1645,5,8,2,0,21,1624,283]
s: 1645
d: [2,1231,2,10,3,0,40,985,883]
s: 1231
d: [2,1273,2,10,3,0,40,988,883]
s: 1273
d: [2,1634,5,13,2,0,40,1357,379]
d: [2,1655,5,8,1,0,21,1634,283]
s: 1655
d: [2,1331,2,13,5,0,40,1050,327]
d: [2,1332,2,10,4,0,21,1331,869]
s: 1332
d: [2,1971,3,11,3,0,40,1332,384]
d: [2,1984,3,7,2,0,21,1971,382]
s: 1984
d: [2,1334,2,13,5,0,40,1064,330]
d: [2,1335,2,10,4,0,21,1334,869]
s: 1335
d: [2,1369,2,10,3,0,40,968,371]
s: 1369
d: [2,1972,3,11,3,0,40,1332,389]
d: [2,1985,3,7,2,0,21,1972,387]
s: 1985
d: [2,1376,2,10,3,0,40,975,371]
s: 1376
d: [2,1999,3,11,3,0,40,1335,383]
d: [2,2015,3,7,2,0,21,1999,382]
s: 2015
d: [2,1381,2,10,3,0,40,982,371]
s: 1381
d: [2,1418,2,10,1,0,40,1085,318]
s: 1418
d: [2,2000,3,11,3,0,40,1335,388]
d: [2,2016,3,7,2,0,21,2000,387]
s: 2016
d: [2,1590,2,13,4,0,40,990,883]
d: [2,1594,2,10,3,0,21,1590,346]
s: 1594
d: [2,1988,4,7,2,0,40,1984,323]
s: 1988
d: [2,1597,2,13,4,0,40,991,883]
d: [2,1601,2,10,3,0,21,1597,348]
s: 1601
d: [2,1605,2,10,1,0,40,1067,367]
s: 1605
d: [2,2023,4,7,2,0,40,1985,323]
s: 2023
d: [2,1608,2,10,1,0,40,1077,367]
s: 1608
d: [2,2025,4,7,2,0,40,2015,323]
s: 2025
d: [2,1337,2,16,4,0,40,945,330]
d: [2,1338,2,11,3,0,21,1337,894]
s: 1338
d: [2,1359,2,16,4,0,40,954,327]
d: [2,1360,2,11,3,0,21,1359,894]
s: 1360
d: [2,2030,4,7,2,0,40,2016,323]
s: 2030
d: [2,1394,2,15,5,0,40,1048,327]
d: [2,1395,2,11,4,0,21,1394,867]
s: 1395
d: [2,1967,3,13,3,0,40,1332,959]
d: [2,1980,3,8,2,0,21,1967,690]
s: 1980
d: [2,1397,2,15,5,0,40,1062,330]
d: [2,1398,2,11,4,0,21,1397,867]
s: 1398
d: [2,1421,2,14,4,0,40,1096,327]
d: [2,1422,2,11,3,0,21,1421,1098]
s: 1422
d: [2,1969,3,13,3,0,40,1332,960]
d: [2,1982,3,8,2,0,21,1969,900]
s: 1982
d: [2,1423,2,14,4,0,40,1097,330]
d: [2,1424,2,11,3,0,21,1423,1098]
s: 1424
d: [2,1997,3,13,3,0,40,1335,950]
d: [2,2013,3,8,2,0,21,1997,690]
s: 2013
d: [2,1576,2,11,1,0,40,1083,318]
s: 1576
d: [2,1577,2,11,1,0,40,1084,318]
s: 1577
d: [2,1998,3,13,3,0,40,1335,951]
d: [2,2014,3,8,2,0,21,1998,900]
s: 2014
d: [2,1446,2,15,6,0,40,1041,327]
d: [2,1447,2,12,5,0,21,1446,863]
s: 1447
d: [2,2074,4,8,2,0,40,1980,323]
s: 2074
d: [2,1458,2,15,6,0,40,1055,330]
d: [2,1459,2,12,5,0,21,1458,863]
s: 1459
d: [2,1580,2,12,4,0,40,915,371]
s: 1580
d: [2,2077,4,8,2,0,40,1982,323]
s: 2077
d: [2,1583,2,12,4,0,40,919,371]
s: 1583
d: [2,2079,4,8,2,0,40,2013,323]
s: 2079
d: [2,1604,2,12,1,0,40,1082,318]
s: 1604
d: [2,1695,2,12,3,0,40,1105,1019]
s: 1695
d: [2,2087,4,8,2,0,40,2014,323]
s: 2087
d: [2,1696,2,12,3,0,40,1105,1008]
s: 1696
d: [2,1659,5,8,3,0,40,1403,323]
s: 1659
d: [2,1586,2,13,4,0,40,989,883]
s: 1586
d: [2,1616,2,14,3,0,47,1116]
s: 1616
d: [2,1661,5,8,2,0,40,1438,323]
s: 1661
d: [2,1618,2,14,3,0,47,1120]
s: 1618
d: [2,1663,5,8,2,0,40,1453,323]
s: 1663
d: [2,1615,2,16,6,0,44,1116,320]
s: 1615
d: [2,1617,2,16,6,0,44,1120,320]
s: 1617
d: [2,1664,6,8,2,0,40,1484,371]
s: 1664
d: [2,1692,2,17,2,0,40,1112,371]
s: 1692
d: [2,1697,6,8,2,0,40,1488,323]
s: 1697
d: [2,1698,2,19,2,0,40,1078,318]
s: 1698
d: [2,1725,2,19,2,0,40,1079,318]
s: 1725
d: [2,1699,6,8,2,0,40,1522,371]
s: 1699
d: [2,1726,2,19,2,0,40,1080,318]
s: 1726
d: [2,1730,6,8,2,0,40,1526,323]
s: 1730
d: [2,1727,2,19,2,0,40,1081,318]
s: 1727
d: [2,1728,2,31,4,0,40,1104,356]
d: [2,1729,2,19,3,0,21,1728,1105]
s: 1729
d: [2,1733,6,8,2,0,40,1559,371]
s: 1733
d: [2,1778,2,30,13,0,40,1124,315]
d: [2,1787,2,26,11,0,18,1778]
d: [2,1789,2,21,10,0,21,1787,316]
s: 1789
r: 1124
r: 1125
d: [2,1790,6,8,2,0,40,1563,323]
s: 1790
d: [2,1791,2,30,13,0,40,1125,314]
d: [2,1802,2,26,11,0,18,1791]
d: [2,1803,2,21,10,0,21,1802,316]
s: 1803
d: [2,1805,2,30,13,0,40,1130,315]
d: [2,1814,2,26,11,0,18,1805]
d: [2,1816,2,21,10,0,21,1814,316]
s: 1816
r: 1130
r: 1131
d: [2,2359,3,0,0,10,52,666,466,461,456,451,446,441,436,431,422,1816]
e: 2359
d: [2,2360,3,18,9,1,40,1816,422]
d: [2,2362,3,16,8,2,21,2360,431]
d: [2,2363,3,14,7,3,21,2362,436]
d: [2,2364,3,12,6,4,21,2363,441]
d: [2,2365,3,10,5,5,21,2364,446]
d: [2,2366,3,8,4,6,21,2365,451]
d: [2,2367,3,6,3,7,21,2366,456]
d: [2,2368,3,4,2,8,21,2367,461]
d: [2,2369,3,2,1,9,21,2368,466]
d: [2,2370,3,0,0,10,21,2369,666]
e: 2370
r: 422
a: [3,421,0,3,1,280]
s: 421
a: [3,426,0,3,1,280]
s: 426
d: [2,2372,1,0,0,3,52,471,431,426,343]
e: 2372
d: [2,2373,1,4,2,1,40,426,343]
d: [2,2375,1,2,1,2,21,2373,431]
d: [2,2376,1,0,0,3,21,2375,471]
e: 2376
r: 426
a: [3,418,0,3,1,280]
s: 418
d: [2,2378,3,0,0,10,52,666,466,461,456,451,446,441,436,431,418,1789]
e: 2378
d: [2,2379,3,18,9,1,40,418,1789]
d: [2,2382,3,16,8,2,21,2379,431]
d: [2,2383,3,14,7,3,21,2382,436]
d: [2,2384,3,12,6,4,21,2383,441]
d: [2,2385,3,10,5,5,21,2384,446]
d: [2,2386,3,8,4,6,21,2385,451]
d: [2,2387,3,6,3,7,21,2386,456]
d: [2,2388,3,4,2,8,21,2387,461]
d: [2,2389,3,2,1,9,21,2388,466]
d: [2,2390,3,0,0,10,21,2389,666]
e: 2390
d: [2,686,2,2,1,1,40,650,295]
f: 2390,2376,2370,686,644,271,272,273,274,275,276,277,278,279,280
% Refutation found. Thanks to Tanya!
% SZS status Theorem for afvect0__t49_afvect0
% SZS output start Proof for afvect0__t49_afvect0
1. ! [X0] : ((l2_algstr_0(X0) & v1_tdgroup(X0) & v12_vectsp_1(X0) & v4_rlvect_1(X0) & v3_rlvect_1(X0) & v2_rlvect_1(X0) & v13_algstr_0(X0) & ~v7_struct_0(X0) & ~v2_struct_0(X0)) => (l1_analoaf(k2_tdgroup(X0)) & v2_tdgroup(k2_tdgroup(X0)) & ~v7_struct_0(k2_tdgroup(X0)))) [input t49_afvect0]
2. ~! [X0] : ((l2_algstr_0(X0) & v1_tdgroup(X0) & v12_vectsp_1(X0) & v4_rlvect_1(X0) & v3_rlvect_1(X0) & v2_rlvect_1(X0) & v13_algstr_0(X0) & ~v7_struct_0(X0) & ~v2_struct_0(X0)) => (l1_analoaf(k2_tdgroup(X0)) & v2_tdgroup(k2_tdgroup(X0)) & ~v7_struct_0(k2_tdgroup(X0)))) [negated conjecture 1]
7. ! [X0] : (l1_struct_0(X0) => (~v7_struct_0(X0) => ~v2_struct_0(X0))) [input cc17_struct_0]
34. ! [X0] : (l1_struct_0(X0) => (v7_struct_0(X0) <=> ! [X1] : (m1_subset_1(X1,u1_struct_0(X0)) => ! [X2] : (m1_subset_1(X2,u1_struct_0(X0)) => X1 = X2)))) [input d10_struct_0]
38. ! [X0] : ((l2_algstr_0(X0) & ~v2_struct_0(X0)) => (l1_analoaf(k2_tdgroup(X0)) & v1_analoaf(k2_tdgroup(X0)))) [input dt_k2_tdgroup]
40. ! [X0] : (l1_algstr_0(X0) => l1_struct_0(X0)) [input dt_l1_algstr_0]
43. ! [X0] : (l2_algstr_0(X0) => (l1_algstr_0(X0) & l2_struct_0(X0))) [input dt_l2_algstr_0]
87. ! [X0] : ((l2_algstr_0(X0) & v1_tdgroup(X0) & v12_vectsp_1(X0) & v4_rlvect_1(X0) & v3_rlvect_1(X0) & v2_rlvect_1(X0) & v13_algstr_0(X0) & ~v2_struct_0(X0)) => (~! [X1] : (m1_subset_1(X1,u1_struct_0(X0)) => ! [X2] : (m1_subset_1(X2,u1_struct_0(X0)) => X1 = X2)) => (l1_analoaf(k2_tdgroup(X0)) & v2_tdgroup(k2_tdgroup(X0)) & ~v7_struct_0(k2_tdgroup(X0))))) [input t17_tdgroup]
112. ? [X0] : ((~l1_analoaf(k2_tdgroup(X0)) | ~v2_tdgroup(k2_tdgroup(X0)) | v7_struct_0(k2_tdgroup(X0))) & (l2_algstr_0(X0) & v1_tdgroup(X0) & v12_vectsp_1(X0) & v4_rlvect_1(X0) & v3_rlvect_1(X0) & v2_rlvect_1(X0) & v13_algstr_0(X0) & ~v7_struct_0(X0) & ~v2_struct_0(X0))) [ennf transformation 2]
113. ? [X0] : ((~l1_analoaf(k2_tdgroup(X0)) | ~v2_tdgroup(k2_tdgroup(X0)) | v7_struct_0(k2_tdgroup(X0))) & l2_algstr_0(X0) & v1_tdgroup(X0) & v12_vectsp_1(X0) & v4_rlvect_1(X0) & v3_rlvect_1(X0) & v2_rlvect_1(X0) & v13_algstr_0(X0) & ~v7_struct_0(X0) & ~v2_struct_0(X0)) [flattening 112]
122. ! [X0] : (l1_struct_0(X0) | ~l1_algstr_0(X0)) [ennf transformation 40]
124. ! [X0] : ((l1_algstr_0(X0) & l2_struct_0(X0)) | ~l2_algstr_0(X0)) [ennf transformation 43]
129. ! [X0] : ((~v2_struct_0(X0) | v7_struct_0(X0)) | ~l1_struct_0(X0)) [ennf transformation 7]
130. ! [X0] : (~v2_struct_0(X0) | v7_struct_0(X0) | ~l1_struct_0(X0)) [flattening 129]
147. ! [X0] : ((v7_struct_0(X0) <=> ! [X1] : (! [X2] : (X1 = X2 | ~m1_subset_1(X2,u1_struct_0(X0))) | ~m1_subset_1(X1,u1_struct_0(X0)))) | ~l1_struct_0(X0)) [ennf transformation 34]
170. ! [X0] : (((l1_analoaf(k2_tdgroup(X0)) & v2_tdgroup(k2_tdgroup(X0)) & ~v7_struct_0(k2_tdgroup(X0))) | ! [X1] : (! [X2] : (X1 = X2 | ~m1_subset_1(X2,u1_struct_0(X0))) | ~m1_subset_1(X1,u1_struct_0(X0)))) | (~l2_algstr_0(X0) | ~v1_tdgroup(X0) | ~v12_vectsp_1(X0) | ~v4_rlvect_1(X0) | ~v3_rlvect_1(X0) | ~v2_rlvect_1(X0) | ~v13_algstr_0(X0) | v2_struct_0(X0))) [ennf transformation 87]
171. ! [X0] : ((l1_analoaf(k2_tdgroup(X0)) & v2_tdgroup(k2_tdgroup(X0)) & ~v7_struct_0(k2_tdgroup(X0))) | ! [X1] : (! [X2] : (X1 = X2 | ~m1_subset_1(X2,u1_struct_0(X0))) | ~m1_subset_1(X1,u1_struct_0(X0))) | ~l2_algstr_0(X0) | ~v1_tdgroup(X0) | ~v12_vectsp_1(X0) | ~v4_rlvect_1(X0) | ~v3_rlvect_1(X0) | ~v2_rlvect_1(X0) | ~v13_algstr_0(X0) | v2_struct_0(X0)) [flattening 170]
174. ! [X0] : ((l1_analoaf(k2_tdgroup(X0)) & v1_analoaf(k2_tdgroup(X0))) | (~l2_algstr_0(X0) | v2_struct_0(X0))) [ennf transformation 38]
175. ! [X0] : ((l1_analoaf(k2_tdgroup(X0)) & v1_analoaf(k2_tdgroup(X0))) | ~l2_algstr_0(X0) | v2_struct_0(X0)) [flattening 174]
214. ? [X0] : ((~l1_analoaf(k2_tdgroup(X0)) | ~v2_tdgroup(k2_tdgroup(X0)) | v7_struct_0(k2_tdgroup(X0))) & l2_algstr_0(X0) & v1_tdgroup(X0) & v12_vectsp_1(X0) & v4_rlvect_1(X0) & v3_rlvect_1(X0) & v2_rlvect_1(X0) & v13_algstr_0(X0) & ~v7_struct_0(X0) & ~v2_struct_0(X0)) => ((~l1_analoaf(k2_tdgroup(sK0)) | ~v2_tdgroup(k2_tdgroup(sK0)) | v7_struct_0(k2_tdgroup(sK0))) & l2_algstr_0(sK0) & v1_tdgroup(sK0) & v12_vectsp_1(sK0) & v4_rlvect_1(sK0) & v3_rlvect_1(sK0) & v2_rlvect_1(sK0) & v13_algstr_0(sK0) & ~v7_struct_0(sK0) & ~v2_struct_0(sK0)) [choice axiom]
215. (~l1_analoaf(k2_tdgroup(sK0)) | ~v2_tdgroup(k2_tdgroup(sK0)) | v7_struct_0(k2_tdgroup(sK0))) & l2_algstr_0(sK0) & v1_tdgroup(sK0) & v12_vectsp_1(sK0) & v4_rlvect_1(sK0) & v3_rlvect_1(sK0) & v2_rlvect_1(sK0) & v13_algstr_0(sK0) & ~v7_struct_0(sK0) & ~v2_struct_0(sK0) [skolemisation 113,214]
224. ! [X0] : (((v7_struct_0(X0) | ? [X1] : (? [X2] : (X1 != X2 & m1_subset_1(X2,u1_struct_0(X0))) & m1_subset_1(X1,u1_struct_0(X0)))) & (! [X1] : (! [X2] : (X1 = X2 | ~m1_subset_1(X2,u1_struct_0(X0))) | ~m1_subset_1(X1,u1_struct_0(X0))) | ~v7_struct_0(X0))) | ~l1_struct_0(X0)) [nnf transformation 147]
225. ! [X0] : (((v7_struct_0(X0) | ? [X1] : (? [X2] : (X1 != X2 & m1_subset_1(X2,u1_struct_0(X0))) & m1_subset_1(X1,u1_struct_0(X0)))) & (! [X3] : (! [X4] : (X3 = X4 | ~m1_subset_1(X4,u1_struct_0(X0))) | ~m1_subset_1(X3,u1_struct_0(X0))) | ~v7_struct_0(X0))) | ~l1_struct_0(X0)) [rectify 224]
226. ! [X0] : (? [X1] : (? [X2] : (X1 != X2 & m1_subset_1(X2,u1_struct_0(X0))) & m1_subset_1(X1,u1_struct_0(X0))) => (? [X2] : (sK5(X0) != X2 & m1_subset_1(X2,u1_struct_0(X0))) & m1_subset_1(sK5(X0),u1_struct_0(X0)))) [choice axiom]
227. ! [X0] : (? [X2] : (sK5(X0) != X2 & m1_subset_1(X2,u1_struct_0(X0))) => (sK5(X0) != sK6(X0) & m1_subset_1(sK6(X0),u1_struct_0(X0)))) [choice axiom]
228. ! [X0] : (((v7_struct_0(X0) | ((sK5(X0) != sK6(X0) & m1_subset_1(sK6(X0),u1_struct_0(X0))) & m1_subset_1(sK5(X0),u1_struct_0(X0)))) & (! [X3] : (! [X4] : (X3 = X4 | ~m1_subset_1(X4,u1_struct_0(X0))) | ~m1_subset_1(X3,u1_struct_0(X0))) | ~v7_struct_0(X0))) | ~l1_struct_0(X0)) [skolemisation 225,227,226]
271. ~v2_struct_0(sK0) [cnf transformation 215] {a:0,w:2,wCS:200,goal:1,sine:0,thAx:0,allAx:2,thDist:-2}
272. ~v7_struct_0(sK0) [cnf transformation 215] {a:0,w:2,wCS:200,goal:1,sine:0,thAx:0,allAx:2,thDist:-2}
273. v13_algstr_0(sK0) [cnf transformation 215] {a:0,w:2,wCS:200,goal:1,sine:0,thAx:0,allAx:2,thDist:-2}
274. v2_rlvect_1(sK0) [cnf transformation 215] {a:0,w:2,wCS:200,goal:1,sine:0,thAx:0,allAx:2,thDist:-2}
275. v3_rlvect_1(sK0) [cnf transformation 215] {a:0,w:2,wCS:200,goal:1,sine:0,thAx:0,allAx:2,thDist:-2}
276. v4_rlvect_1(sK0) [cnf transformation 215] {a:0,w:2,wCS:200,goal:1,sine:0,thAx:0,allAx:2,thDist:-2}
277. v12_vectsp_1(sK0) [cnf transformation 215] {a:0,w:2,wCS:200,goal:1,sine:0,thAx:0,allAx:2,thDist:-2}
278. v1_tdgroup(sK0) [cnf transformation 215] {a:0,w:2,wCS:200,goal:1,sine:0,thAx:0,allAx:2,thDist:-2}
279. l2_algstr_0(sK0) [cnf transformation 215] {a:0,w:2,wCS:200,goal:1,sine:0,thAx:0,allAx:2,thDist:-2}
280. ~l1_analoaf(k2_tdgroup(sK0)) | ~v2_tdgroup(k2_tdgroup(sK0)) | v7_struct_0(k2_tdgroup(sK0)) [cnf transformation 215] {a:0,w:9,wCS:900,goal:1,sine:0,thAx:0,allAx:2,thDist:-2}
295. ~l1_algstr_0(X0) | l1_struct_0(X0) [cnf transformation 122] {a:0,w:4,wCS:1600,nSel:1,sine:255,thAx:0,allAx:1,thDist:-1}
298. ~l2_algstr_0(X0) | l1_algstr_0(X0) [cnf transformation 124] {a:0,w:4,wCS:1600,nSel:1,sine:255,thAx:0,allAx:1,thDist:-1}
302. ~l1_struct_0(X0) | v7_struct_0(X0) | ~v2_struct_0(X0) [cnf transformation 130] {a:0,w:6,wCS:2400,nSel:1,sine:1,thAx:0,allAx:1,thDist:-1}
314. m1_subset_1(sK5(X0),u1_struct_0(X0)) | v7_struct_0(X0) | ~l1_struct_0(X0) [cnf transformation 228] {a:0,w:9,wCS:3600,nSel:1,sine:2,thAx:0,allAx:3,thDist:-3}
315. m1_subset_1(sK6(X0),u1_struct_0(X0)) | v7_struct_0(X0) | ~l1_struct_0(X0) [cnf transformation 228] {a:0,w:9,wCS:3600,nSel:1,sine:2,thAx:0,allAx:3,thDist:-3}
316. sK5(X0) != sK6(X0) | v7_struct_0(X0) | ~l1_struct_0(X0) [cnf transformation 228] {a:0,w:9,wCS:3600,nSel:1,sine:2,thAx:0,allAx:3,thDist:-3}
337. ~m1_subset_1(X2,u1_struct_0(X0)) | X1 = X2 | ~v7_struct_0(k2_tdgroup(X0)) | ~m1_subset_1(X1,u1_struct_0(X0)) | ~l2_algstr_0(X0) | ~v1_tdgroup(X0) | ~v12_vectsp_1(X0) | ~v4_rlvect_1(X0) | ~v3_rlvect_1(X0) | ~v2_rlvect_1(X0) | ~v13_algstr_0(X0) | v2_struct_0(X0) [cnf transformation 171] {a:0,w:30,wCS:12000,nSel:1,sine:1,thAx:0,allAx:1,thDist:-1}
338. ~m1_subset_1(X2,u1_struct_0(X0)) | X1 = X2 | v2_tdgroup(k2_tdgroup(X0)) | ~m1_subset_1(X1,u1_struct_0(X0)) | ~l2_algstr_0(X0) | ~v1_tdgroup(X0) | ~v12_vectsp_1(X0) | ~v4_rlvect_1(X0) | ~v3_rlvect_1(X0) | ~v2_rlvect_1(X0) | ~v13_algstr_0(X0) | v2_struct_0(X0) [cnf transformation 171] {a:0,w:30,wCS:12000,nSel:1,sine:1,thAx:0,allAx:1,thDist:-1}
343. l1_analoaf(k2_tdgroup(X0)) | ~l2_algstr_0(X0) | v2_struct_0(X0) [cnf transformation 175] {a:0,w:7,wCS:2800,nSel:1,sine:1,thAx:0,allAx:1,thDist:-1}
416. 1 <=> v7_struct_0(k2_tdgroup(sK0)) [avatar definition]
418. v7_struct_0(k2_tdgroup(sK0)) <- (1) [avatar component clause 416] {a:0,w:3,wCS:300,nSel:1,goal:1,sine:255,thAx:0,allAx:2,thDist:-2}
420. 2 <=> v2_tdgroup(k2_tdgroup(sK0)) [avatar definition]
422. ~v2_tdgroup(k2_tdgroup(sK0)) <- (~2) [avatar component clause 420] {a:0,w:3,wCS:300,nSel:1,goal:1,sine:255,thAx:0,allAx:2,thDist:-2}
424. 3 <=> l1_analoaf(k2_tdgroup(sK0)) [avatar definition]
426. ~l1_analoaf(k2_tdgroup(sK0)) <- (~3) [avatar component clause 424] {a:0,w:3,wCS:300,nSel:1,goal:1,sine:255,thAx:0,allAx:2,thDist:-2}
427. 1 | ~2 | ~3 [avatar split clause 280,424,420,416]
429. 4 <=> l2_algstr_0(sK0) [avatar definition]
431. l2_algstr_0(sK0) <- (4) [avatar component clause 429] {a:0,w:2,wCS:200,nSel:1,goal:1,sine:255,thAx:0,allAx:2,thDist:-2}
432. 4 [avatar split clause 279,429]
434. 5 <=> v1_tdgroup(sK0) [avatar definition]
436. v1_tdgroup(sK0) <- (5) [avatar component clause 434] {a:0,w:2,wCS:200,nSel:1,goal:1,sine:255,thAx:0,allAx:2,thDist:-2}
437. 5 [avatar split clause 278,434]
439. 6 <=> v12_vectsp_1(sK0) [avatar definition]
441. v12_vectsp_1(sK0) <- (6) [avatar component clause 439] {a:0,w:2,wCS:200,nSel:1,goal:1,sine:255,thAx:0,allAx:2,thDist:-2}
442. 6 [avatar split clause 277,439]
444. 7 <=> v4_rlvect_1(sK0) [avatar definition]
446. v4_rlvect_1(sK0) <- (7) [avatar component clause 444] {a:0,w:2,wCS:200,nSel:1,goal:1,sine:255,thAx:0,allAx:2,thDist:-2}
447. 7 [avatar split clause 276,444]
449. 8 <=> v3_rlvect_1(sK0) [avatar definition]
451. v3_rlvect_1(sK0) <- (8) [avatar component clause 449] {a:0,w:2,wCS:200,nSel:1,goal:1,sine:255,thAx:0,allAx:2,thDist:-2}
452. 8 [avatar split clause 275,449]
454. 9 <=> v2_rlvect_1(sK0) [avatar definition]
456. v2_rlvect_1(sK0) <- (9) [avatar component clause 454] {a:0,w:2,wCS:200,nSel:1,goal:1,sine:255,thAx:0,allAx:2,thDist:-2}
457. 9 [avatar split clause 274,454]
459. 10 <=> v13_algstr_0(sK0) [avatar definition]
461. v13_algstr_0(sK0) <- (10) [avatar component clause 459] {a:0,w:2,wCS:200,nSel:1,goal:1,sine:255,thAx:0,allAx:2,thDist:-2}
462. 10 [avatar split clause 273,459]
464. 11 <=> v7_struct_0(sK0) [avatar definition]
466. ~v7_struct_0(sK0) <- (~11) [avatar component clause 464] {a:0,w:2,wCS:200,nSel:1,goal:1,sine:255,thAx:0,allAx:2,thDist:-2}
467. ~11 [avatar split clause 272,464]
469. 12 <=> v2_struct_0(sK0) [avatar definition]
471. ~v2_struct_0(sK0) <- (~12) [avatar component clause 469] {a:0,w:2,wCS:200,nSel:1,goal:1,sine:255,thAx:0,allAx:2,thDist:-2}
472. ~12 [avatar split clause 271,469]
644. l1_algstr_0(sK0) <- (4) [resolution 298,431] {a:1,w:2,wCS:200,goal:1,sine:255,thAx:0,allAx:3,thDist:-3}
648. 46 <=> l1_algstr_0(sK0) [avatar definition]
650. l1_algstr_0(sK0) <- (46) [avatar component clause 648] {a:1,w:2,wCS:200,nSel:1,goal:1,sine:255,thAx:0,allAx:3,thDist:-3}
651. 46 | ~4 [avatar split clause 644,429,648]
664. 49 <=> l1_struct_0(sK0) [avatar definition]
666. l1_struct_0(sK0) <- (49) [avatar component clause 664] {a:2,w:2,wCS:200,nSel:1,goal:1,sine:255,thAx:0,allAx:4,thDist:-4}
686. l1_struct_0(sK0) <- (46) [resolution 650,295] {a:2,w:2,wCS:200,goal:1,sine:255,thAx:0,allAx:4,thDist:-4}
687. 49 | ~46 [avatar split clause 686,648,664]
1121. sK5(X1) = X0 | ~v7_struct_0(k2_tdgroup(X1)) | ~m1_subset_1(X0,u1_struct_0(X1)) | ~l2_algstr_0(X1) | ~v1_tdgroup(X1) | ~v12_vectsp_1(X1) | ~v4_rlvect_1(X1) | ~v3_rlvect_1(X1) | ~v2_rlvect_1(X1) | ~v13_algstr_0(X1) | v2_struct_0(X1) | v7_struct_0(X1) | ~l1_struct_0(X1) [resolution 337,314] {a:1,w:31,wCS:12400,sine:1,thAx:0,allAx:4,thDist:-4}
1124. ~m1_subset_1(X0,u1_struct_0(X1)) | ~v7_struct_0(k2_tdgroup(X1)) | sK5(X1) = X0 | ~l2_algstr_0(X1) | ~v1_tdgroup(X1) | ~v12_vectsp_1(X1) | ~v4_rlvect_1(X1) | ~v3_rlvect_1(X1) | ~v2_rlvect_1(X1) | ~v13_algstr_0(X1) | v7_struct_0(X1) | ~l1_struct_0(X1) [subsumption resolution 1121,302] {a:1,w:29,wCS:11600,nSel:1,sine:1,thAx:0,allAx:4,thDist:-4}
1127. sK5(X1) = X0 | v2_tdgroup(k2_tdgroup(X1)) | ~m1_subset_1(X0,u1_struct_0(X1)) | ~l2_algstr_0(X1) | ~v1_tdgroup(X1) | ~v12_vectsp_1(X1) | ~v4_rlvect_1(X1) | ~v3_rlvect_1(X1) | ~v2_rlvect_1(X1) | ~v13_algstr_0(X1) | v2_struct_0(X1) | v7_struct_0(X1) | ~l1_struct_0(X1) [resolution 338,314] {a:1,w:31,wCS:12400,sine:1,thAx:0,allAx:4,thDist:-4}
1130. ~m1_subset_1(X0,u1_struct_0(X1)) | v2_tdgroup(k2_tdgroup(X1)) | sK5(X1) = X0 | ~l2_algstr_0(X1) | ~v1_tdgroup(X1) | ~v12_vectsp_1(X1) | ~v4_rlvect_1(X1) | ~v3_rlvect_1(X1) | ~v2_rlvect_1(X1) | ~v13_algstr_0(X1) | v7_struct_0(X1) | ~l1_struct_0(X1) [subsumption resolution 1127,302] {a:1,w:29,wCS:11600,nSel:1,sine:1,thAx:0,allAx:4,thDist:-4}
1778. ~v7_struct_0(k2_tdgroup(X1)) | sK5(X1) = sK6(X1) | ~l2_algstr_0(X1) | ~v1_tdgroup(X1) | ~v12_vectsp_1(X1) | ~v4_rlvect_1(X1) | ~v3_rlvect_1(X1) | ~v2_rlvect_1(X1) | ~v13_algstr_0(X1) | v7_struct_0(X1) | ~l1_struct_0(X1) | v7_struct_0(X1) | ~l1_struct_0(X1) [resolution 1124,315] {a:2,w:30,wCS:12000,sine:1,thAx:0,allAx:7,thDist:-7}
1787. ~v7_struct_0(k2_tdgroup(X1)) | sK5(X1) = sK6(X1) | ~l2_algstr_0(X1) | ~v1_tdgroup(X1) | ~v12_vectsp_1(X1) | ~v4_rlvect_1(X1) | ~v3_rlvect_1(X1) | ~v2_rlvect_1(X1) | ~v13_algstr_0(X1) | v7_struct_0(X1) | ~l1_struct_0(X1) [duplicate literal removal 1778] {a:2,w:26,wCS:10400,sine:1,thAx:0,allAx:7,thDist:-7}
1789. ~v7_struct_0(k2_tdgroup(X1)) | ~l2_algstr_0(X1) | ~v1_tdgroup(X1) | ~v12_vectsp_1(X1) | ~v4_rlvect_1(X1) | ~v3_rlvect_1(X1) | ~v2_rlvect_1(X1) | ~v13_algstr_0(X1) | v7_struct_0(X1) | ~l1_struct_0(X1) [subsumption resolution 1787,316] {a:2,w:21,wCS:8400,nSel:1,sine:1,thAx:0,allAx:7,thDist:-7}
1805. v2_tdgroup(k2_tdgroup(X1)) | sK5(X1) = sK6(X1) | ~l2_algstr_0(X1) | ~v1_tdgroup(X1) | ~v12_vectsp_1(X1) | ~v4_rlvect_1(X1) | ~v3_rlvect_1(X1) | ~v2_rlvect_1(X1) | ~v13_algstr_0(X1) | v7_struct_0(X1) | ~l1_struct_0(X1) | v7_struct_0(X1) | ~l1_struct_0(X1) [resolution 1130,315] {a:2,w:30,wCS:12000,sine:1,thAx:0,allAx:7,thDist:-7}
1814. v2_tdgroup(k2_tdgroup(X1)) | sK5(X1) = sK6(X1) | ~l2_algstr_0(X1) | ~v1_tdgroup(X1) | ~v12_vectsp_1(X1) | ~v4_rlvect_1(X1) | ~v3_rlvect_1(X1) | ~v2_rlvect_1(X1) | ~v13_algstr_0(X1) | v7_struct_0(X1) | ~l1_struct_0(X1) [duplicate literal removal 1805] {a:2,w:26,wCS:10400,sine:1,thAx:0,allAx:7,thDist:-7}
1816. v2_tdgroup(k2_tdgroup(X1)) | ~l2_algstr_0(X1) | ~v1_tdgroup(X1) | ~v12_vectsp_1(X1) | ~v4_rlvect_1(X1) | ~v3_rlvect_1(X1) | ~v2_rlvect_1(X1) | ~v13_algstr_0(X1) | v7_struct_0(X1) | ~l1_struct_0(X1) [subsumption resolution 1814,316] {a:2,w:21,wCS:8400,nSel:1,sine:1,thAx:0,allAx:7,thDist:-7}
2360. ~l2_algstr_0(sK0) | ~v1_tdgroup(sK0) | ~v12_vectsp_1(sK0) | ~v4_rlvect_1(sK0) | ~v3_rlvect_1(sK0) | ~v2_rlvect_1(sK0) | ~v13_algstr_0(sK0) | v7_struct_0(sK0) | ~l1_struct_0(sK0) <- (~2) [resolution 1816,422] {a:3,w:18,wCS:1800,goal:1,sine:1,thAx:0,allAx:9,thDist:-9}
2362. ~v1_tdgroup(sK0) | ~v12_vectsp_1(sK0) | ~v4_rlvect_1(sK0) | ~v3_rlvect_1(sK0) | ~v2_rlvect_1(sK0) | ~v13_algstr_0(sK0) | v7_struct_0(sK0) | ~l1_struct_0(sK0) <- (~2, 4) [subsumption resolution 2360,431] {a:3,w:16,wCS:1600,goal:1,sine:1,thAx:0,allAx:9,thDist:-9}
2363. ~v12_vectsp_1(sK0) | ~v4_rlvect_1(sK0) | ~v3_rlvect_1(sK0) | ~v2_rlvect_1(sK0) | ~v13_algstr_0(sK0) | v7_struct_0(sK0) | ~l1_struct_0(sK0) <- (~2, 4, 5) [subsumption resolution 2362,436] {a:3,w:14,wCS:1400,goal:1,sine:1,thAx:0,allAx:9,thDist:-9}
2364. ~v4_rlvect_1(sK0) | ~v3_rlvect_1(sK0) | ~v2_rlvect_1(sK0) | ~v13_algstr_0(sK0) | v7_struct_0(sK0) | ~l1_struct_0(sK0) <- (~2, 4, 5, 6) [subsumption resolution 2363,441] {a:3,w:12,wCS:1200,goal:1,sine:1,thAx:0,allAx:9,thDist:-9}
2365. ~v3_rlvect_1(sK0) | ~v2_rlvect_1(sK0) | ~v13_algstr_0(sK0) | v7_struct_0(sK0) | ~l1_struct_0(sK0) <- (~2, 4, 5, 6, 7) [subsumption resolution 2364,446] {a:3,w:10,wCS:1000,goal:1,sine:1,thAx:0,allAx:9,thDist:-9}
2366. ~v2_rlvect_1(sK0) | ~v13_algstr_0(sK0) | v7_struct_0(sK0) | ~l1_struct_0(sK0) <- (~2, 4, 5, 6, 7, 8) [subsumption resolution 2365,451] {a:3,w:8,wCS:800,goal:1,sine:1,thAx:0,allAx:9,thDist:-9}
2367. ~v13_algstr_0(sK0) | v7_struct_0(sK0) | ~l1_struct_0(sK0) <- (~2, 4, 5, 6, 7, 8, 9) [subsumption resolution 2366,456] {a:3,w:6,wCS:600,goal:1,sine:1,thAx:0,allAx:9,thDist:-9}
2368. v7_struct_0(sK0) | ~l1_struct_0(sK0) <- (~2, 4, 5, 6, 7, 8, 9, 10) [subsumption resolution 2367,461] {a:3,w:4,wCS:400,goal:1,sine:1,thAx:0,allAx:9,thDist:-9}
2369. ~l1_struct_0(sK0) <- (~2, 4, 5, 6, 7, 8, 9, 10, ~11) [subsumption resolution 2368,466] {a:3,w:2,wCS:200,goal:1,sine:1,thAx:0,allAx:9,thDist:-9}
2370. $false <- (~2, 4, 5, 6, 7, 8, 9, 10, ~11, 49) [subsumption resolution 2369,666] {a:3,w:0,goal:1,sine:1,thAx:0,allAx:9,thDist:-9}
2371. 2 | ~4 | ~5 | ~6 | ~7 | ~8 | ~9 | ~10 | 11 | ~49 [avatar contradiction clause 2370]
2373. ~l2_algstr_0(sK0) | v2_struct_0(sK0) <- (~3) [resolution 426,343] {a:1,w:4,wCS:400,goal:1,sine:1,thAx:0,allAx:3,thDist:-3}
2375. v2_struct_0(sK0) <- (~3, 4) [subsumption resolution 2373,431] {a:1,w:2,wCS:200,goal:1,sine:1,thAx:0,allAx:3,thDist:-3}
2376. $false <- (~3, 4, ~12) [subsumption resolution 2375,471] {a:1,w:0,goal:1,sine:1,thAx:0,allAx:3,thDist:-3}
2377. 3 | ~4 | 12 [avatar contradiction clause 2376]
2379. ~l2_algstr_0(sK0) | ~v1_tdgroup(sK0) | ~v12_vectsp_1(sK0) | ~v4_rlvect_1(sK0) | ~v3_rlvect_1(sK0) | ~v2_rlvect_1(sK0) | ~v13_algstr_0(sK0) | v7_struct_0(sK0) | ~l1_struct_0(sK0) <- (1) [resolution 418,1789] {a:3,w:18,wCS:1800,goal:1,sine:1,thAx:0,allAx:9,thDist:-9}
2382. ~v1_tdgroup(sK0) | ~v12_vectsp_1(sK0) | ~v4_rlvect_1(sK0) | ~v3_rlvect_1(sK0) | ~v2_rlvect_1(sK0) | ~v13_algstr_0(sK0) | v7_struct_0(sK0) | ~l1_struct_0(sK0) <- (1, 4) [subsumption resolution 2379,431] {a:3,w:16,wCS:1600,goal:1,sine:1,thAx:0,allAx:9,thDist:-9}
2383. ~v12_vectsp_1(sK0) | ~v4_rlvect_1(sK0) | ~v3_rlvect_1(sK0) | ~v2_rlvect_1(sK0) | ~v13_algstr_0(sK0) | v7_struct_0(sK0) | ~l1_struct_0(sK0) <- (1, 4, 5) [subsumption resolution 2382,436] {a:3,w:14,wCS:1400,goal:1,sine:1,thAx:0,allAx:9,thDist:-9}
2384. ~v4_rlvect_1(sK0) | ~v3_rlvect_1(sK0) | ~v2_rlvect_1(sK0) | ~v13_algstr_0(sK0) | v7_struct_0(sK0) | ~l1_struct_0(sK0) <- (1, 4, 5, 6) [subsumption resolution 2383,441] {a:3,w:12,wCS:1200,goal:1,sine:1,thAx:0,allAx:9,thDist:-9}
2385. ~v3_rlvect_1(sK0) | ~v2_rlvect_1(sK0) | ~v13_algstr_0(sK0) | v7_struct_0(sK0) | ~l1_struct_0(sK0) <- (1, 4, 5, 6, 7) [subsumption resolution 2384,446] {a:3,w:10,wCS:1000,goal:1,sine:1,thAx:0,allAx:9,thDist:-9}
2386. ~v2_rlvect_1(sK0) | ~v13_algstr_0(sK0) | v7_struct_0(sK0) | ~l1_struct_0(sK0) <- (1, 4, 5, 6, 7, 8) [subsumption resolution 2385,451] {a:3,w:8,wCS:800,goal:1,sine:1,thAx:0,allAx:9,thDist:-9}
2387. ~v13_algstr_0(sK0) | v7_struct_0(sK0) | ~l1_struct_0(sK0) <- (1, 4, 5, 6, 7, 8, 9) [subsumption resolution 2386,456] {a:3,w:6,wCS:600,goal:1,sine:1,thAx:0,allAx:9,thDist:-9}
2388. v7_struct_0(sK0) | ~l1_struct_0(sK0) <- (1, 4, 5, 6, 7, 8, 9, 10) [subsumption resolution 2387,461] {a:3,w:4,wCS:400,goal:1,sine:1,thAx:0,allAx:9,thDist:-9}
2389. ~l1_struct_0(sK0) <- (1, 4, 5, 6, 7, 8, 9, 10, ~11) [subsumption resolution 2388,466] {a:3,w:2,wCS:200,goal:1,sine:1,thAx:0,allAx:9,thDist:-9}
2390. $false <- (1, 4, 5, 6, 7, 8, 9, 10, ~11, 49) [subsumption resolution 2389,666] {a:3,w:0,goal:1,sine:1,thAx:0,allAx:9,thDist:-9}
2391. ~1 | ~4 | ~5 | ~6 | ~7 | ~8 | ~9 | ~10 | 11 | ~49 [avatar contradiction clause 2390]
2394. $false [avatar sat refutation 427,432,437,442,447,452,457,462,467,472,651,687,2371,2377,2391] {a:0,w:0,goal:1,sine:0,thAx:0,allAx:422,thDist:-422}
% SZS output end Proof for afvect0__t49_afvect0
% ------------------------------
% Version: Vampire 4.5.1 (commit 226f88162 on 2021-09-12 20:13:44 +0200)
% Termination reason: Refutation

% >>> Input
% Input formulas: 94
% >>> Preprocessing
% Introduced skolems: 28
% Pure predicates: 3
% Unused predicate definitions: 1
% 
% >>> Saturation
% Initial clauses: 144
% Generated clauses: 1825
% Active clauses: 486
% Passive clauses: 973
% Final active clauses: 472
% Final passive clauses: 459
% Main loop iterations started: 514
% 
% >>> Simplifying Inferences
% Duplicate literals: 154
% Fw subsumption resolutions: 340
% 
% >>> Deletion Inferences
% Simple tautologies: 63
% Equational tautologies: 8
% Forward subsumptions: 285
% Backward subsumptions: 4
% 
% >>> Generating Inferences
% Binary resolution: 1037
% Unit resulting resolution: 3
% Forward superposition: 18
% Backward superposition: 92
% Self superposition: 4
% Equality resolution: 6
% 
% >>> AVATAR
% Split clauses: 16
% Split components: 33
% Sat splitting refutations: 6
% 
% >>> SAT Solver Statistics
% SAT solver clauses: 82
% SAT solver unit clauses: 36
% SAT solver binary clauses: 20
% 
% Memory used [KB]: 11385
% Time elapsed: 0.020 s
% ------------------------------
% ------------------------------
% Time measurement results:
% preprocessing: 0.001 s
% term sharing: 0.003 s
% backward superposition index maintenance: 0.001 s
% forward subsumption: 0.002 s
% forward subsumption resolution: 0.004 s
% resolution: 0.002 s ( own 0.001 s ) 
% unit resulting resolution: 0.003 s ( own 0.002 s ) 
% superposition: 0.001 s
% literal selection: 0.001 s
% other: 0.020 s ( own 0.004 s ) 

