i: [1,680,0,2,1,1,0,0] t32_real_3
a: [3,1104,0,2,1,680]
s: 1104
i: [1,679,0,2,1,1,0,0] t32_real_3
a: [3,1109,0,2,1,679]
s: 1109
i: [1,681,0,3,1,1,0,0] t32_real_3
a: [3,1099,0,3,1,681]
s: 1099
i: [1,683,0,2,1,0,0,255] fc7_numbers
a: [3,1114,0,2,1,683]
s: 1114
i: [1,684,0,2,1,0,0,255] fc6_numbers
a: [3,1119,0,2,1,684]
s: 1119
i: [1,685,0,2,1,0,0,255] fc8_numbers
a: [3,1124,0,2,1,685]
s: 1124
i: [1,686,0,2,1,0,0,3] fc3_numbers
a: [3,1129,0,2,1,686]
s: 1129
i: [1,687,0,2,1,0,0,2] fc4_numbers
a: [3,1134,0,2,1,687]
s: 1134
i: [1,688,0,2,1,0,0,1] fc1_numbers
a: [3,1139,0,2,1,688]
s: 1139
i: [1,689,0,2,1,0,0,1] spc2_boole
a: [3,1144,0,2,1,689]
s: 1144
i: [1,690,0,2,1,0,0,1] spc1_boole
a: [3,1149,0,2,1,690]
s: 1149
i: [1,691,0,2,1,0,0,255] fc4_membered
a: [3,1154,0,2,1,691]
s: 1154
i: [1,692,0,2,1,0,0,255] fc5_membered
a: [3,1159,0,2,1,692]
s: 1159
i: [1,693,0,2,1,0,0,255] fc3_membered
a: [3,1164,0,2,1,693]
s: 1164
i: [1,694,0,2,1,0,0,255] fc6_membered
a: [3,1169,0,2,1,694]
s: 1169
i: [1,695,0,2,1,0,0,255] fc1_xboole_0
a: [3,1174,0,2,1,695]
s: 1174
i: [1,696,0,2,1,0,0,3] spc0_boole
a: [3,1179,0,2,1,696]
s: 1179
i: [1,747,0,2,1,0,0,255] fc6_ordinal1
a: [3,1424,0,2,1,747]
s: 1424
i: [1,746,0,2,1,0,0,255] fc6_ordinal1
a: [3,1429,0,2,1,746]
s: 1429
i: [1,748,0,2,1,0,0,2] spc2_numerals
a: [3,1449,0,2,1,748]
s: 1449
i: [1,752,0,2,1,0,0,2] spc1_numerals
a: [3,1469,0,2,1,752]
s: 1469
i: [1,796,0,17,4,0,0,255] l41_real_3
a: [3,1488,0,2,1,796]
s: 1488
d: [2,1869,1,0,0,2,40,1488,1109]
e: 1869
d: [2,1868,1,0,0,2,52,1109,1488]
e: 1868
r: 1488
i: [1,979,0,7,3,0,0,2] reflexivity_r1_xxreal_0
a: [3,1503,0,2,1,979]
s: 1503
i: [1,1011,0,2,1,0,0,2] rc2_xboole_0
a: [3,1511,0,2,1,1011]
s: 1511
i: [1,1012,0,2,1,0,0,255] rc1_ordinal1
a: [3,1516,0,2,1,1012]
s: 1516
i: [1,1013,0,2,1,0,0,1] rc2_int_1
a: [3,1521,0,2,1,1013]
s: 1521
i: [1,1014,0,2,1,0,0,3] rc2_rat_1
a: [3,1526,0,2,1,1014]
s: 1526
i: [1,1015,0,2,1,0,0,1] rc4_ordinal1
a: [3,1531,0,2,1,1015]
s: 1531
i: [1,1016,0,2,1,0,0,2] rc1_xreal_0
a: [3,1536,0,2,1,1016]
s: 1536
i: [1,1017,0,2,1,0,0,2] rc1_xxreal_0
a: [3,1541,0,2,1,1017]
s: 1541
d: [2,1872,0,0,0,2,21,1541,1503]
e: 1872
r: 1503
s: 1541
i: [1,1018,0,2,1,0,0,2] rc1_xboole_0
a: [3,1546,0,2,1,1018]
s: 1546
i: [1,1022,0,2,1,0,0,255] rc2_ordinal1
a: [3,1551,0,2,1,1022]
s: 1551
i: [1,1021,0,2,1,0,0,255] rc2_ordinal1
a: [3,1556,0,2,1,1021]
s: 1556
i: [1,1020,0,2,1,0,0,255] rc2_ordinal1
a: [3,1561,0,2,1,1020]
s: 1561
i: [1,1019,0,2,1,0,0,255] rc2_ordinal1
a: [3,1566,0,2,1,1019]
s: 1566
i: [1,1024,0,2,1,0,0,4] rc1_membered
a: [3,1571,0,2,1,1024]
s: 1571
i: [1,1023,0,2,1,0,0,4] rc1_membered
a: [3,1576,0,2,1,1023]
s: 1576
i: [1,1026,0,2,1,0,0,4] rc2_membered
a: [3,1581,0,2,1,1026]
s: 1581
i: [1,1025,0,2,1,0,0,4] rc2_membered
a: [3,1586,0,2,1,1025]
s: 1586
i: [1,1028,0,2,1,0,0,255] rc3_membered
a: [3,1591,0,2,1,1028]
s: 1591
i: [1,1027,0,2,1,0,0,255] rc3_membered
a: [3,1596,0,2,1,1027]
s: 1596
i: [1,1030,0,2,1,0,0,1] rc5_ordinal1
a: [3,1601,0,2,1,1030]
s: 1601
i: [1,1029,0,2,1,0,0,1] rc5_ordinal1
a: [3,1606,0,2,1,1029]
s: 1606
i: [1,1034,0,2,1,0,0,2] rc3_xreal_0
a: [3,1611,0,2,1,1034]
s: 1611
i: [1,1033,0,2,1,0,0,2] rc3_xreal_0
a: [3,1616,0,2,1,1033]
s: 1616
i: [1,1032,0,2,1,0,0,2] rc3_xreal_0
a: [3,1621,0,2,1,1032]
s: 1621
i: [1,1031,0,2,1,0,0,2] rc3_xreal_0
a: [3,1626,0,2,1,1031]
s: 1626
i: [1,1038,0,2,1,0,0,2] rc2_xreal_0
a: [3,1631,0,2,1,1038]
s: 1631
i: [1,1037,0,2,1,0,0,2] rc2_xreal_0
a: [3,1636,0,2,1,1037]
s: 1636
i: [1,1036,0,2,1,0,0,2] rc2_xreal_0
a: [3,1641,0,2,1,1036]
s: 1641
i: [1,1035,0,2,1,0,0,2] rc2_xreal_0
a: [3,1646,0,2,1,1035]
s: 1646
i: [1,1040,0,2,1,0,0,2] rc3_xxreal_0
a: [3,1651,0,2,1,1040]
s: 1651
i: [1,1039,0,2,1,0,0,2] rc3_xxreal_0
a: [3,1656,0,2,1,1039]
s: 1656
i: [1,1042,0,2,1,0,0,2] rc2_xxreal_0
a: [3,1661,0,2,1,1042]
s: 1661
i: [1,1041,0,2,1,0,0,2] rc2_xxreal_0
a: [3,1666,0,2,1,1041]
s: 1666
i: [1,1045,0,2,1,0,0,3] rc1_valued_0
a: [3,1671,0,2,1,1045]
s: 1671
i: [1,1044,0,2,1,0,0,3] rc1_valued_0
a: [3,1676,0,2,1,1044]
s: 1676
i: [1,1043,0,2,1,0,0,3] rc1_valued_0
a: [3,1681,0,2,1,1043]
s: 1681
i: [1,1048,0,2,1,0,0,4] rc2_valued_1
a: [3,1686,0,2,1,1048]
s: 1686
i: [1,1047,0,2,1,0,0,4] rc2_valued_1
a: [3,1691,0,2,1,1047]
s: 1691
i: [1,1046,0,2,1,0,0,4] rc2_valued_1
a: [3,1696,0,2,1,1046]
s: 1696
i: [1,1052,0,2,1,0,0,255] rc3_valued_1
a: [3,1701,0,2,1,1052]
s: 1701
i: [1,1051,0,2,1,0,0,255] rc3_valued_1
a: [3,1706,0,2,1,1051]
s: 1706
i: [1,1050,0,2,1,0,0,255] rc3_valued_1
a: [3,1711,0,2,1,1050]
s: 1711
i: [1,1049,0,2,1,0,0,255] rc3_valued_1
a: [3,1716,0,2,1,1049]
s: 1716
i: [1,1056,0,2,1,0,0,2] rc4_xreal_0
a: [3,1721,0,2,1,1056]
s: 1721
i: [1,1055,0,2,1,0,0,2] rc4_xreal_0
a: [3,1726,0,2,1,1055]
s: 1726
i: [1,1054,0,2,1,0,0,2] rc4_xreal_0
a: [3,1731,0,2,1,1054]
s: 1731
i: [1,1053,0,2,1,0,0,2] rc4_xreal_0
a: [3,1736,0,2,1,1053]
s: 1736
i: [1,1058,0,2,1,0,0,2] rc4_xxreal_0
a: [3,1741,0,2,1,1058]
s: 1741
i: [1,1057,0,2,1,0,0,2] rc4_xxreal_0
a: [3,1746,0,2,1,1057]
s: 1746
i: [1,1063,0,2,1,0,0,1] rc1_int_1
a: [3,1751,0,2,1,1063]
s: 1751
i: [1,1062,0,2,1,0,0,1] rc1_int_1
a: [3,1756,0,2,1,1062]
s: 1756
i: [1,1061,0,2,1,0,0,1] rc1_int_1
a: [3,1761,0,2,1,1061]
s: 1761
i: [1,1060,0,2,1,0,0,1] rc1_int_1
a: [3,1766,0,2,1,1060]
s: 1766
i: [1,1068,0,2,1,0,0,3] rc1_rat_1
a: [3,1776,0,2,1,1068]
s: 1776
i: [1,1067,0,2,1,0,0,3] rc1_rat_1
a: [3,1781,0,2,1,1067]
s: 1781
i: [1,1066,0,2,1,0,0,3] rc1_rat_1
a: [3,1786,0,2,1,1066]
s: 1786
i: [1,1065,0,2,1,0,0,3] rc1_rat_1
a: [3,1791,0,2,1,1065]
s: 1791
i: [1,1071,0,2,1,0,0,255] rc2_nat_1
a: [3,1801,0,2,1,1071]
s: 1801
i: [1,1070,0,2,1,0,0,255] rc2_nat_1
a: [3,1806,0,2,1,1070]
s: 1806
i: [1,1082,0,2,1,0,0,3] rc1_real_3
a: [3,1816,0,2,1,1082]
s: 1816
i: [1,1081,0,2,1,0,0,3] rc1_real_3
a: [3,1821,0,2,1,1081]
s: 1821
i: [1,1080,0,2,1,0,0,3] rc1_real_3
a: [3,1826,0,2,1,1080]
s: 1826
i: [1,1077,0,2,1,0,0,3] rc1_real_3
a: [3,1841,0,2,1,1077]
s: 1841
i: [1,1074,0,2,1,0,0,3] rc1_real_3
a: [3,1856,0,2,1,1074]
s: 1856
i: [1,1073,0,2,1,0,0,3] rc1_real_3
a: [3,1861,0,2,1,1073]
s: 1861
i: [1,682,0,32,3,1,0,0] t32_real_3
a: [3,1090,0,10,1,682]
s: 1090
i: [1,909,0,3,1,0,0,4] rc6_valued_0
s: 909
i: [1,910,0,3,1,0,0,4] rc6_valued_0
s: 910
i: [1,912,0,3,1,0,0,4] rc6_valued_0
s: 912
i: [1,913,0,3,1,0,0,3] rc5_valued_1
s: 913
i: [1,915,0,3,1,0,0,3] rc5_valued_1
s: 915
i: [1,917,0,3,1,0,0,3] rc5_valued_1
s: 917
i: [1,918,0,3,1,0,0,3] rc5_valued_1
s: 918
i: [1,919,0,3,1,0,0,3] rc5_valued_1
s: 919
i: [1,920,0,3,1,0,0,3] rc5_valued_1
s: 920
i: [1,921,0,3,1,0,0,255] rc3_ordinal1
s: 921
i: [1,923,0,3,1,0,0,255] rc3_ordinal1
s: 923
i: [1,924,0,3,1,0,0,255] reflexivity_r1_tarski
s: 924
i: [1,697,0,3,1,0,0,3] rqLessOrEqual__r1_xxreal_0__r2_r0
a: [3,1184,0,3,1,697]
s: 1184
i: [1,698,0,3,1,0,0,1] rqLessOrEqual__r1_xxreal_0__r2_r1
a: [3,1189,0,3,1,698]
s: 1189
i: [1,699,0,3,1,0,0,3] rqLessOrEqual__r1_xxreal_0__r1_r0
a: [3,1194,0,3,1,699]
s: 1194
i: [1,700,0,3,1,0,0,255] redefinition_k6_numbers
a: [3,1199,0,3,1,700]
s: 1199
r: 1174
d: [2,1874,0,2,1,2,23,1174,1199]
a: [3,1878,0,2,1,1874]
s: 1878
i: [1,701,0,3,1,0,0,255] redefinition_k5_numbers
a: [3,1204,0,3,1,701]
s: 1204
r: 1429
r: 1424
r: 1169
d: [2,1880,0,2,1,2,23,1429,1204]
a: [3,1886,0,2,1,1880]
s: 1886
d: [2,1881,0,2,1,2,23,1424,1204]
a: [3,1891,0,2,1,1881]
s: 1891
d: [2,1882,0,2,1,2,23,1169,1204]
a: [3,1896,0,2,1,1882]
s: 1896
i: [1,702,0,3,1,0,0,3] rqLessOrEqual__r1_xxreal_0__r0_r0
a: [3,1209,0,3,1,702]
s: 1209
i: [1,703,0,3,1,0,0,3] rqLessOrEqual__r1_xxreal_0__r0_r2
a: [3,1214,0,3,1,703]
s: 1214
i: [1,704,0,3,1,0,0,3] rqLessOrEqual__r1_xxreal_0__r0_r1
a: [3,1219,0,3,1,704]
s: 1219
i: [1,705,0,3,1,0,0,1] rqLessOrEqual__r1_xxreal_0__r2_r2
a: [3,1224,0,3,1,705]
s: 1224
i: [1,706,0,3,1,0,0,1] rqLessOrEqual__r1_xxreal_0__r1_r2
a: [3,1229,0,3,1,706]
s: 1229
i: [1,707,0,3,1,0,0,1] rqLessOrEqual__r1_xxreal_0__r1_r1
a: [3,1234,0,3,1,707]
s: 1234
i: [1,708,0,3,1,0,0,255] t1_numerals
a: [3,1239,0,3,1,708]
s: 1239
i: [1,751,0,3,1,0,0,2] spc2_numerals
a: [3,1434,0,3,1,751]
s: 1434
i: [1,750,0,3,1,0,0,2] spc2_numerals
a: [3,1439,0,3,1,750]
s: 1439
i: [1,755,0,3,1,0,0,2] spc1_numerals
a: [3,1454,0,3,1,755]
s: 1454
i: [1,754,0,3,1,0,0,2] spc1_numerals
a: [3,1459,0,3,1,754]
s: 1459
i: [1,758,0,3,1,0,0,2] spc0_numerals
a: [3,1474,0,3,1,758]
s: 1474
i: [1,757,0,3,1,0,0,2] spc0_numerals
a: [3,1479,0,3,1,757]
s: 1479
i: [1,1059,0,3,1,0,0,1] rc1_int_1
a: [3,1771,0,3,1,1059]
s: 1771
i: [1,1064,0,3,1,0,0,3] rc1_rat_1
a: [3,1796,0,3,1,1064]
s: 1796
i: [1,1078,0,3,1,0,0,3] rc1_real_3
a: [3,1836,0,3,1,1078]
s: 1836
i: [1,1076,0,3,1,0,0,3] rc1_real_3
a: [3,1846,0,3,1,1076]
s: 1846
i: [1,1075,0,3,1,0,0,3] rc1_real_3
a: [3,1851,0,3,1,1075]
s: 1851
d: [2,1898,0,3,1,2,22,1239,1204]
d: [2,1899,0,3,1,3,22,1898,1199]
a: [3,1903,0,3,1,1899]
s: 1903
i: [1,764,0,4,2,0,0,255] cc2_membered
s: 764
i: [1,765,0,4,2,0,0,255] cc3_membered
s: 765
d: [2,1905,1,2,1,1,40,764,1159]
a: [3,1909,1,2,1,1905]
s: 1909
i: [1,770,0,4,2,0,0,255] cc4_membered
s: 770
d: [2,1911,1,2,1,1,40,765,1154]
a: [3,1915,1,2,1,1911]
s: 1915
i: [1,771,0,4,2,0,0,255] cc5_membered
s: 771
i: [1,774,0,4,2,0,0,255] cc1_membered
s: 774
d: [2,1923,1,2,1,1,40,770,1164]
a: [3,1927,1,2,1,1923]
s: 1927
i: [1,777,0,4,2,0,0,255] cc1_ordinal1
s: 777
d: [2,1935,1,2,1,1,40,771,1164]
a: [3,1940,1,2,1,1935]
s: 1940
i: [1,778,0,4,2,0,0,255] cc1_ordinal1
s: 778
i: [1,780,0,4,2,0,0,3] cc2_rat_1
s: 780
d: [2,2009,1,2,1,1,40,780,1104]
a: [3,2015,1,2,1,2009]
s: 2015
i: [1,781,0,4,2,0,0,1] cc3_int_1
s: 781
d: [2,2027,1,2,1,1,40,781,1104]
a: [3,2033,1,2,1,2027]
s: 2033
i: [1,782,0,4,2,0,0,3] cc1_rat_1
s: 782
i: [1,785,0,4,2,0,0,255] cc6_ordinal1
s: 785
d: [2,2048,1,2,1,1,40,785,1109]
a: [3,2054,1,2,1,2048]
s: 2054
i: [1,786,0,4,2,0,0,1] cc2_int_1
s: 786
d: [2,2078,1,2,1,1,40,786,1109]
a: [3,2084,1,2,1,2078]
s: 2084
i: [1,787,0,4,2,0,0,1] cc2_xreal_0
s: 787
i: [1,788,0,4,2,0,0,1] cc2_xxreal_0
s: 788
d: [2,2122,1,2,1,1,40,788,1109]
a: [3,2128,1,2,1,2122]
s: 2128
i: [1,789,0,4,2,0,0,255] cc1_nat_1
s: 789
d: [2,2066,2,2,1,1,40,2054,778]
a: [3,2071,2,2,1,2066]
s: 2071
i: [1,792,0,4,2,0,0,1] cc3_nat_1
s: 792
i: [1,808,0,4,2,0,0,2] cc3_xreal_0
s: 808
d: [2,2067,2,2,1,1,40,2054,777]
a: [3,2076,2,2,1,2067]
s: 2076
i: [1,809,0,4,2,0,0,2] cc4_xreal_0
s: 809
d: [2,2096,2,2,1,1,40,2084,781]
a: [3,2101,2,2,1,2096]
s: 2101
i: [1,834,0,4,2,0,0,255] cc9_ordinal1
s: 834
i: [1,835,0,4,2,0,0,4] cc18_membered
s: 835
d: [2,2097,2,2,1,1,40,2084,780]
a: [3,2106,2,2,1,2097]
s: 2106
i: [1,836,0,4,2,0,0,255] cc3_ordinal1
s: 836
d: [2,2152,2,2,1,1,40,808,2033]
a: [3,2162,2,2,1,2152]
s: 2162
i: [1,837,0,4,2,0,0,1] cc7_ordinal1
s: 837
i: [1,908,0,4,1,0,0,2] existence_m1_subset_1
s: 908
d: [2,2169,2,2,1,1,40,809,2033]
a: [3,2179,2,2,1,2169]
s: 2179
i: [1,911,0,4,1,0,0,4] rc6_valued_0
s: 911
d: [2,2187,3,2,1,1,40,2101,808]
a: [3,2191,3,2,1,2187]
s: 2191
i: [1,914,0,4,1,0,0,3] rc5_valued_1
s: 914
i: [1,916,0,4,1,0,0,3] rc5_valued_1
s: 916
d: [2,1947,1,2,1,1,40,774,1896]
a: [3,1954,1,2,1,1947]
s: 1954
i: [1,922,0,4,1,0,0,255] rc3_ordinal1
s: 922
d: [2,1948,1,2,1,1,40,774,1571]
a: [3,1959,1,2,1,1948]
s: 1959
i: [1,997,0,4,1,0,0,4] rc1_funct_2
s: 997
i: [1,999,0,4,1,0,0,4] rc1_funct_2
s: 999
d: [2,1949,1,2,1,1,40,774,1581]
a: [3,1964,1,2,1,1949]
s: 1964
i: [1,1002,0,4,1,0,0,4] rc1_relset_1
s: 1002
d: [2,1950,1,2,1,1,40,774,1591]
a: [3,1969,1,2,1,1950]
s: 1969
i: [1,1003,0,4,1,0,0,4] rc1_relset_1
s: 1003
i: [1,709,0,4,1,0,0,1] dt_k5_numbers
a: [3,1244,0,4,1,709]
s: 1244
d: [2,1971,1,2,1,1,40,777,1891]
a: [3,1978,1,2,1,1971]
s: 1978
i: [1,710,0,4,1,0,0,1] dt_k6_numbers
a: [3,1249,0,4,1,710]
s: 1249
d: [2,1972,1,2,1,1,40,777,1516]
a: [3,1983,1,2,1,1972]
s: 1983
i: [1,749,0,4,1,0,0,2] spc2_numerals
a: [3,1444,0,4,1,749]
s: 1444
i: [1,753,0,4,1,0,0,2] spc1_numerals
a: [3,1464,0,4,1,753]
s: 1464
d: [2,1974,1,2,1,1,40,777,1801]
a: [3,1988,1,2,1,1974]
s: 1988
i: [1,756,0,4,1,0,0,2] spc0_numerals
a: [3,1484,0,4,1,756]
s: 1484
d: [2,1990,1,2,1,1,40,778,1891]
a: [3,1997,1,2,1,1990]
s: 1997
i: [1,1069,0,4,1,0,0,255] rc2_nat_1
a: [3,1811,0,4,1,1069]
s: 1811
i: [1,1079,0,4,1,0,0,3] rc1_real_3
a: [3,1831,0,4,1,1079]
s: 1831
d: [2,1991,1,2,1,1,40,778,1516]
a: [3,2002,1,2,1,1991]
s: 2002
i: [1,783,0,5,2,0,0,3] fc6_rat_1
s: 783
d: [2,1993,1,2,1,1,40,778,1801]
a: [3,2007,1,2,1,1993]
s: 2007
i: [1,784,0,5,2,0,0,3] fc6_rat_1
s: 784
i: [1,798,0,5,2,0,0,4] dt_k5_xcmplx_0
s: 798
d: [2,2010,1,2,1,1,40,780,1521]
a: [3,2020,1,2,1,2010]
s: 2020
i: [1,810,0,5,2,0,0,255] dt_k3_real_3
s: 810
d: [2,2011,1,2,1,1,40,780,1751]
a: [3,2025,1,2,1,2011]
s: 2025
i: [1,813,0,5,2,0,0,255] dt_k3_real_3
s: 813
i: [1,816,0,5,2,0,0,4] fc4_xreal_0
s: 816
d: [2,2028,1,2,1,1,40,781,1521]
a: [3,2038,1,2,1,2028]
s: 2038
i: [1,817,0,5,2,0,0,4] fc4_xreal_0
s: 817
d: [2,2040,1,2,1,1,40,782,1526]
a: [3,2046,1,2,1,2040]
s: 2046
i: [1,819,0,5,2,0,0,1] dt_k4_real_3
s: 819
i: [1,823,0,5,2,0,0,1] dt_k4_real_3
s: 823
d: [2,2049,1,2,1,1,40,785,1531]
a: [3,2059,1,2,1,2049]
s: 2059
i: [1,838,0,5,2,0,0,255] t6_boole
s: 838
d: [2,2050,1,2,1,1,40,785,1601]
a: [3,2064,1,2,1,2050]
s: 2064
i: [1,839,0,5,2,0,0,255] cc8_ordinal1
s: 839
i: [1,840,0,5,2,0,0,1] cc1_int_1
s: 840
d: [2,2079,1,2,1,1,40,786,1531]
a: [3,2089,1,2,1,2079]
s: 2089
i: [1,841,0,5,2,0,0,1] cc2_nat_1
s: 841
d: [2,2080,1,2,1,1,40,786,1601]
a: [3,2094,1,2,1,2080]
s: 2094
i: [1,842,0,5,2,0,0,4] cc25_membered
s: 842
i: [1,843,0,5,2,0,0,1] cc1_xreal_0
s: 843
d: [2,2109,1,2,1,1,40,787,1531]
a: [3,2115,1,2,1,2109]
s: 2115
i: [1,905,0,5,2,0,0,255] t7_boole
s: 905
d: [2,2110,1,2,1,1,40,787,1601]
a: [3,2120,1,2,1,2110]
s: 2120
i: [1,998,0,5,1,0,0,4] rc1_funct_2
s: 998
i: [1,1004,0,5,1,0,0,4] rc1_relset_1
s: 1004
d: [2,2123,1,2,1,1,40,788,1531]
a: [3,2133,1,2,1,2123]
s: 2133
i: [1,711,0,5,1,0,0,1] rqLessOrEqual__r1_xxreal_0__r2_rn1d2
a: [3,1254,0,5,1,711]
s: 1254
d: [2,2124,1,2,1,1,40,788,1601]
a: [3,2138,1,2,1,2124]
s: 2138
i: [1,712,0,5,1,0,0,1] rqLessOrEqual__r1_xxreal_0__r1_rn1d2
a: [3,1259,0,5,1,712]
s: 1259
i: [1,713,0,5,1,0,0,3] rqLessOrEqual__r1_xxreal_0__rn1d2_r0
a: [3,1264,0,5,1,713]
s: 1264
d: [2,2140,1,2,1,1,40,792,1616]
a: [3,2145,1,2,1,2140]
s: 2145
i: [1,714,0,5,1,0,0,3] rqRealAdd__k2_xcmplx_0__r0_r0_r0
a: [3,1269,0,5,1,714]
s: 1269
d: [2,2141,1,2,1,1,40,792,1651]
a: [3,2150,1,2,1,2141]
s: 2150
i: [1,715,0,5,1,0,0,3] rqRealMult__k3_xcmplx_0__r0_r0_r0
a: [3,1274,0,5,1,715]
s: 1274
i: [1,716,0,5,1,0,0,3] rqRealMult__k3_xcmplx_0__r0_r2_r0
a: [3,1279,0,5,1,716]
s: 1279
d: [2,2153,1,2,1,1,40,808,1536]
a: [3,2167,1,2,1,2153]
s: 2167
i: [1,717,0,5,1,0,0,3] rqRealMult__k3_xcmplx_0__r0_r1_r0
a: [3,1284,0,5,1,717]
s: 1284
d: [2,2170,1,2,1,1,40,809,1536]
a: [3,2184,1,2,1,2170]
s: 2184
i: [1,718,0,5,1,0,0,3] rqRealMult__k3_xcmplx_0__r2_r0_r0
a: [3,1289,0,5,1,718]
s: 1289
i: [1,719,0,5,1,0,0,3] rqRealMult__k3_xcmplx_0__r1_r0_r0
a: [3,1294,0,5,1,719]
s: 1294
d: [2,2193,1,2,1,1,40,834,1878]
a: [3,2201,1,2,1,2193]
s: 2201
i: [1,720,0,5,1,0,0,3] rqRealAdd__k2_xcmplx_0__r0_r2_r2
a: [3,1299,0,5,1,720]
s: 1299
d: [2,2194,1,2,1,1,40,834,1179]
a: [3,2206,1,2,1,2194]
s: 2206
i: [1,721,0,5,1,0,0,3] rqRealAdd__k2_xcmplx_0__r2_r0_r2
a: [3,1304,0,5,1,721]
s: 1304
i: [1,722,0,5,1,0,0,2] rqRealAdd__k2_xcmplx_0__r1_r1_r2
a: [3,1309,0,5,1,722]
s: 1309
d: [2,2195,1,2,1,1,40,834,1546]
a: [3,2211,1,2,1,2195]
s: 2211
i: [1,723,0,5,1,0,0,2] rqRealMult__k3_xcmplx_0__r2_r1_r2
a: [3,1314,0,5,1,723]
s: 1314
d: [2,2196,1,2,1,1,40,834,1736]
a: [3,2216,1,2,1,2196]
s: 2216
i: [1,724,0,5,1,0,0,2] rqRealMult__k3_xcmplx_0__r1_r2_r2
a: [3,1319,0,5,1,724]
s: 1319
i: [1,725,0,5,1,0,0,1] rqRealDiv__k7_xcmplx_0__r2_r1_r2
a: [3,1324,0,5,1,725]
s: 1324
d: [2,2197,1,2,1,1,40,834,1746]
a: [3,2221,1,2,1,2197]
s: 2221
i: [1,726,0,5,1,0,0,3] rqRealAdd__k2_xcmplx_0__r0_r1_r1
a: [3,1329,0,5,1,726]
s: 1329
d: [2,2223,1,2,1,1,40,835,1878]
a: [3,2231,1,2,1,2223]
s: 2231
i: [1,727,0,5,1,0,0,3] rqRealAdd__k2_xcmplx_0__r1_r0_r1
a: [3,1334,0,5,1,727]
s: 1334
i: [1,728,0,5,1,0,0,2] rqRealMult__k3_xcmplx_0__r1_r1_r1
a: [3,1339,0,5,1,728]
s: 1339
d: [2,2224,1,2,1,1,40,835,1179]
a: [3,2236,1,2,1,2224]
s: 2236
i: [1,729,0,5,1,0,0,1] rqRealDiv__k7_xcmplx_0__r2_r2_r1
a: [3,1344,0,5,1,729]
s: 1344
d: [2,2225,1,2,1,1,40,835,1546]
a: [3,2241,1,2,1,2225]
s: 2241
i: [1,730,0,5,1,0,0,2] rqRealDiv__k7_xcmplx_0__r1_r1_r1
a: [3,1349,0,5,1,730]
s: 1349
i: [1,731,0,5,1,0,0,3] rqLessOrEqual__r1_xxreal_0__r0_rn1d2
a: [3,1354,0,5,1,731]
s: 1354
d: [2,2226,1,2,1,1,40,835,1736]
a: [3,2246,1,2,1,2226]
s: 2246
i: [1,732,0,5,1,0,0,1] rqLessOrEqual__r1_xxreal_0__rn1d2_r2
a: [3,1359,0,5,1,732]
s: 1359
d: [2,2227,1,2,1,1,40,835,1746]
a: [3,2251,1,2,1,2227]
s: 2251
i: [1,733,0,5,1,0,0,1] rqLessOrEqual__r1_xxreal_0__rn1d2_r1
a: [3,1364,0,5,1,733]
s: 1364
a: [3,1506,0,5,2,979]
s: 1506
d: [2,2254,1,2,1,1,40,836,1878]
a: [3,2262,1,2,1,2254]
s: 2262
d: [2,2384,0,5,2,1,22,838,1199]
s: 2384
d: [2,2255,1,2,1,1,40,836,1179]
a: [3,2267,1,2,1,2255]
s: 2267
d: [2,2397,0,5,2,1,22,839,1204]
s: 2397
i: [1,799,0,6,2,0,0,1] fc6_real_3
s: 799
d: [2,2256,1,2,1,1,40,836,1546]
a: [3,2272,1,2,1,2256]
s: 2272
i: [1,818,0,6,2,0,0,1] dt_k4_real_3
s: 818
d: [2,2257,1,2,1,1,40,836,1736]
a: [3,2277,1,2,1,2257]
s: 2277
i: [1,822,0,6,2,0,0,1] dt_k4_real_3
s: 822
i: [1,844,0,6,2,0,0,255] cc9_membered
s: 844
d: [2,2258,1,2,1,1,40,836,1746]
a: [3,2282,1,2,1,2258]
s: 2282
i: [1,845,0,6,2,0,0,255] cc10_membered
s: 845
d: [2,2284,1,2,1,1,40,837,1878]
a: [3,2292,1,2,1,2284]
s: 2292
i: [1,846,0,6,2,0,0,4] cc11_membered
s: 846
i: [1,847,0,6,2,0,0,255] cc8_membered
s: 847
d: [2,2285,1,2,1,1,40,837,1179]
a: [3,2297,1,2,1,2285]
s: 2297
i: [1,856,0,6,3,0,0,255] cc2_ordinal1
s: 856
d: [2,2286,1,2,1,1,40,837,1546]
a: [3,2302,1,2,1,2286]
s: 2302
i: [1,859,0,6,3,0,0,2] cc5_xxreal_0
s: 859
i: [1,861,0,6,3,0,0,2] cc5_xxreal_0
s: 861
d: [2,2287,1,2,1,1,40,837,1736]
a: [3,2307,1,2,1,2287]
s: 2307
i: [1,862,0,6,3,0,0,2] cc3_xxreal_0
s: 862
d: [2,2288,1,2,1,1,40,837,1746]
a: [3,2312,1,2,1,2288]
s: 2312
i: [1,864,0,6,3,0,0,2] cc3_xxreal_0
s: 864
i: [1,868,0,6,3,0,0,3] cc8_valued_0
s: 868
d: [2,2412,1,2,1,1,40,841,1459]
a: [3,2420,1,2,1,2412]
s: 2420
i: [1,875,0,6,3,0,0,3] cc6_valued_0
s: 875
d: [2,2413,1,2,1,1,40,841,1903]
a: [3,2425,1,2,1,2413]
s: 2425
i: [1,877,0,6,3,0,0,3] cc5_valued_0
s: 877
i: [1,894,0,6,3,0,0,2] cc7_xxreal_0
s: 894
d: [2,2414,1,2,1,1,40,841,1439]
a: [3,2430,1,2,1,2414]
s: 2430
i: [1,895,0,6,3,0,0,2] cc7_xxreal_0
s: 895
d: [2,2415,1,2,1,1,40,841,1479]
a: [3,2435,1,2,1,2415]
s: 2435
i: [1,897,0,6,3,0,0,3] cc9_valued_0
s: 897
i: [1,900,0,6,2,0,0,255] t1_subset
s: 900
d: [2,2450,1,2,1,1,40,842,1459]
a: [3,2458,1,2,1,2450]
s: 2458
i: [1,926,0,6,2,0,0,255] fc86_valued_0
s: 926
d: [2,2452,1,2,1,1,40,842,1439]
a: [3,2464,1,2,1,2452]
s: 2464
i: [1,927,0,6,2,0,0,255] fc85_valued_0
s: 927
i: [1,934,0,6,2,0,0,255] fc87_valued_0
s: 934
d: [2,2472,1,2,1,1,40,843,1454]
a: [3,2481,1,2,1,2472]
s: 2481
i: [1,936,0,6,2,0,0,3] fc90_valued_0
s: 936
d: [2,2473,1,2,1,1,40,843,1434]
a: [3,2486,1,2,1,2473]
s: 2486
i: [1,941,0,6,2,0,0,255] antisymmetry_r2_hidden
s: 941
i: [1,1000,0,6,1,0,0,4] rc1_funct_2
s: 1000
d: [2,2474,1,2,1,1,40,843,1474]
a: [3,2491,1,2,1,2474]
s: 2491
i: [1,1072,0,6,1,0,0,3] rc1_real_3
a: [3,1866,0,6,1,1072]
s: 1866
d: [2,2575,1,2,1,2,40,2397,1459]
a: [3,2583,1,2,1,2575]
s: 2583
i: [1,760,0,7,3,0,0,255] cc12_membered
s: 760
i: [1,761,0,7,3,0,0,255] cc13_membered
s: 761
d: [2,2577,1,2,1,2,40,2397,1439]
a: [3,2589,1,2,1,2577]
s: 2589
i: [1,766,0,7,3,0,0,255] cc16_membered
s: 766
d: [2,2676,1,2,1,1,40,847,1244]
a: [3,2682,1,2,1,2676]
s: 2682
i: [1,767,0,7,3,0,0,255] cc15_membered
s: 767
i: [1,772,0,7,3,0,0,255] cc14_membered
s: 772
d: [2,2678,1,2,1,1,40,847,1811]
a: [3,2692,1,2,1,2678]
s: 2692
i: [1,775,0,7,3,0,0,4] cc17_membered
s: 775
d: [2,2733,1,4,2,1,40,859,1616]
d: [2,2735,1,2,1,2,21,2733,1621]
a: [3,2739,1,2,1,2735]
s: 2739
i: [1,779,0,7,3,0,0,255] cc5_ordinal1
s: 779
i: [1,800,0,7,2,0,0,1] t2_arithm
s: 800
d: [2,2734,1,4,2,1,40,859,1651]
d: [2,2741,1,2,1,2,21,2734,1656]
a: [3,2745,1,2,1,2741]
s: 2745
i: [1,801,0,7,2,0,0,1] t5_arithm
s: 801
d: [2,2747,1,4,2,1,40,861,1616]
d: [2,2749,1,2,1,2,21,2747,1621]
a: [3,2753,1,2,1,2749]
s: 2753
i: [1,802,0,7,2,0,0,4] involutiveness_k5_xcmplx_0
s: 802
i: [1,803,0,7,2,0,0,1] t1_arithm
s: 803
d: [2,2748,1,4,2,1,40,861,1651]
d: [2,2755,1,2,1,2,21,2748,1656]
a: [3,2759,1,2,1,2755]
s: 2759
i: [1,804,0,7,2,0,0,2] t3_arithm
s: 804
d: [2,2772,1,4,2,1,40,862,1636]
d: [2,2774,1,2,1,2,21,2772,1641]
a: [3,2778,1,2,1,2774]
s: 2778
i: [1,805,0,7,2,0,0,2] t6_arithm
s: 805
i: [1,811,0,7,2,0,0,255] dt_k3_real_3
s: 811
d: [2,2773,1,4,2,1,40,862,1661]
d: [2,2780,1,2,1,2,21,2773,1666]
a: [3,2784,1,2,1,2780]
s: 2784
i: [1,814,0,7,2,0,0,255] dt_k3_real_3
s: 814
d: [2,2800,1,4,2,1,40,868,1671]
d: [2,2803,1,2,1,2,21,2800,1681]
a: [3,2807,1,2,1,2803]
s: 2807
i: [1,820,0,7,2,0,0,1] dt_k4_real_3
s: 820
i: [1,824,0,7,2,0,0,1] dt_k4_real_3
s: 824
d: [2,2815,1,4,2,1,40,897,1878]
a: [3,2829,1,2,1,2815]
s: 2829
i: [1,848,0,7,3,0,0,4] fc30_xreal_0
s: 848
d: [2,2817,1,4,2,1,40,897,1179]
a: [3,2838,1,2,1,2817]
s: 2838
i: [1,849,0,7,3,0,0,4] fc30_xreal_0
s: 849
i: [1,854,0,7,3,0,0,4] fc28_xreal_0
s: 854
d: [2,2819,1,4,2,1,40,897,1546]
a: [3,2848,1,2,1,2819]
s: 2848
i: [1,855,0,7,3,0,0,4] fc28_xreal_0
s: 855
d: [2,2820,1,4,2,1,40,897,1736]
a: [3,2857,1,2,1,2820]
s: 2857
i: [1,870,0,7,3,0,0,3] cc7_valued_0
s: 870
i: [1,872,0,7,3,0,0,3] cc1_valued_0
s: 872
d: [2,2821,1,4,2,1,40,897,1746]
a: [3,2866,1,2,1,2821]
s: 2866
i: [1,880,0,7,3,0,0,3] cc4_valued_0
s: 880
d: [2,2931,1,4,2,1,40,760,1459]
a: [3,2947,1,2,1,2931]
s: 2947
i: [1,883,0,7,3,0,0,3] cc3_valued_0
s: 883
i: [1,888,0,7,3,0,0,3] cc31_valued_0
s: 888
d: [2,2933,1,4,2,1,40,760,1903]
a: [3,2962,1,2,1,2933]
s: 2962
i: [1,890,0,7,3,0,0,3] cc30_valued_0
s: 890
d: [2,2985,1,4,2,1,40,761,1459]
a: [3,3001,1,2,1,2985]
s: 3001
i: [1,891,0,7,3,0,0,4] fc29_xreal_0
s: 891
i: [1,892,0,7,3,0,0,4] fc29_xreal_0
s: 892
d: [2,3049,1,4,2,1,40,766,1454]
a: [3,3065,1,2,1,3049]
s: 3065
i: [1,898,0,7,3,0,0,4] fc27_xreal_0
s: 898
d: [2,3109,1,4,2,1,40,767,1454]
a: [3,3129,1,2,1,3109]
s: 3129
i: [1,899,0,7,3,0,0,4] fc27_xreal_0
s: 899
i: [1,903,0,7,2,0,0,255] t3_subset
s: 903
d: [2,3112,1,4,2,1,40,767,1903]
a: [3,3144,1,2,1,3112]
s: 3144
i: [1,904,0,7,3,0,0,1] t8_boole
s: 904
d: [2,3113,1,4,2,1,40,767,1434]
a: [3,3149,1,2,1,3113]
s: 3149
i: [1,930,0,7,2,0,0,255] fc88_valued_0
s: 930
i: [1,931,0,7,2,0,0,255] fc89_valued_0
s: 931
d: [2,3115,1,4,2,1,40,767,1474]
a: [3,3155,1,2,1,3115]
s: 3155
i: [1,734,0,7,1,0,0,3] rqRealMult__k3_xcmplx_0__r0_rn1d2_r0
a: [3,1369,0,7,1,734]
s: 1369
d: [2,3231,1,4,2,1,40,775,1771]
a: [3,3247,1,2,1,3231]
s: 3247
i: [1,735,0,7,1,0,0,3] rqRealMult__k3_xcmplx_0__rn1d2_r0_r0
a: [3,1374,0,7,1,735]
s: 1374
i: [1,736,0,7,1,0,0,1] rqRealDiv__k7_xcmplx_0__r1_rn1d2_r2
a: [3,1379,0,7,1,736]
s: 1379
d: [2,3272,1,4,2,1,40,779,1454]
a: [3,3288,1,2,1,3272]
s: 3288
i: [1,737,0,7,1,0,0,2] rqRealMult__k3_xcmplx_0__r2_rn1d2_r1
a: [3,1384,0,7,1,737]
s: 1384
d: [2,1917,2,2,1,1,40,1909,765]
a: [3,1921,2,2,1,1917]
s: 1921
i: [1,738,0,7,1,0,0,2] rqRealMult__k3_xcmplx_0__rn1d2_r2_r1
a: [3,1389,0,7,1,738]
s: 1389
i: [1,740,0,7,1,0,0,1] rqLessOrEqual__r1_xxreal_0__rn1d2_rn1d2
a: [3,1394,0,7,1,740]
s: 1394
d: [2,1929,2,2,1,1,40,1915,770]
a: [3,1933,2,2,1,1929]
s: 1933
i: [1,759,0,8,3,0,0,255] cc10_ordinal1
s: 759
d: [2,3436,1,4,2,1,40,759,1244]
a: [3,3443,1,2,1,3436]
s: 3443
i: [1,762,0,8,3,0,0,255] cc19_membered
s: 762
i: [1,763,0,8,3,0,0,255] cc20_membered
s: 763
d: [2,1936,2,2,1,1,40,771,1915]
a: [3,1945,2,2,1,1936]
s: 1945
i: [1,768,0,8,3,0,0,255] cc22_membered
s: 768
a: [3,3125,1,2,1,3109]
s: 3125
i: [1,769,0,8,3,0,0,255] cc23_membered
s: 769
i: [1,773,0,8,3,0,0,255] cc21_membered
s: 773
d: [2,2314,2,2,1,1,40,1954,764]
a: [3,2318,2,2,1,2314]
s: 2318
i: [1,776,0,8,3,0,0,4] cc24_membered
s: 776
d: [2,2320,2,2,1,1,40,1959,764]
a: [3,2324,2,2,1,2320]
s: 2324
i: [1,806,0,8,2,0,0,4] spc3_arithm
s: 806
i: [1,851,0,8,4,0,0,2] cc4_xxreal_0
s: 851
d: [2,3669,2,6,3,1,40,851,2128]
a: [3,3686,2,2,1,3669]
s: 3686
r: 3686
i: [1,853,0,8,4,0,0,2] cc6_xxreal_0
s: 853
a: [3,3685,2,2,1,3669]
s: 3685
i: [1,857,0,8,4,0,0,2] cc8_xxreal_0
s: 857
i: [1,885,0,8,3,0,0,3] cc2_valued_0
s: 885
a: [3,3690,2,2,1,3669]
s: 3690
i: [1,901,0,8,3,0,0,255] t2_subset
s: 901
d: [2,3670,3,6,3,1,40,851,2179]
a: [3,3699,3,2,1,3670]
s: 3699
r: 3699
i: [1,959,0,8,3,0,0,1] fc1_int_1
s: 959
i: [1,960,0,8,3,0,0,1] fc2_int_1
s: 960
a: [3,3698,3,2,1,3670]
s: 3698
i: [1,961,0,8,3,0,0,3] fc2_rat_1
s: 961
a: [3,3703,3,2,1,3670]
s: 3703
i: [1,962,0,8,3,0,0,3] fc1_rat_1
s: 962
i: [1,963,0,8,3,0,0,3] fc4_rat_1
s: 963
d: [2,3673,1,6,3,1,40,851,1541]
a: [3,3738,1,2,1,3673]
s: 3738
r: 3738
i: [1,966,0,8,3,0,0,1] fc1_nat_1
s: 966
a: [3,3737,1,2,1,3673]
s: 3737
i: [1,967,0,8,3,0,0,1] fc2_nat_1
s: 967
i: [1,976,0,8,3,0,0,2] fc5_xreal_0
s: 976
a: [3,3742,1,2,1,3673]
s: 3742
i: [1,977,0,8,3,0,0,2] fc6_xreal_0
s: 977
d: [2,3681,1,6,3,1,40,851,1766]
a: [3,3761,1,2,1,3681]
s: 3761
r: 3761
i: [1,978,0,8,3,0,0,2] fc8_xreal_0
s: 978
i: [1,993,0,8,2,0,0,2] cc1_relset_1
s: 993
a: [3,3760,1,2,1,3681]
s: 3760
i: [1,996,0,8,1,0,0,4] rc1_funct_2
s: 996
a: [3,3765,1,2,1,3681]
s: 3765
i: [1,1001,0,8,1,0,0,4] rc1_relset_1
s: 1001
i: [1,812,0,9,2,0,0,255] dt_k3_real_3
s: 812
r: 2838
r: 2866
r: 3065
r: 3703
a: [3,3707,3,2,1,3670]
s: 3707
i: [1,815,0,9,2,0,0,255] dt_k3_real_3
s: 815
a: [3,3702,3,2,1,3670]
s: 3702
i: [1,821,0,9,2,0,0,1] dt_k4_real_3
s: 821
i: [1,825,0,9,2,0,0,1] dt_k4_real_3
s: 825
d: [2,3923,4,2,1,1,40,3699,837]
a: [3,3938,4,2,1,3923]
s: 3938
i: [1,907,0,9,3,0,0,255] t5_subset
s: 907
a: [3,2834,1,2,1,2817]
s: 2834
i: [1,994,0,9,2,0,0,4] cc2_relset_1
s: 994
i: [1,741,0,9,1,0,0,2] rqRealAdd__k2_xcmplx_0__rn1d2_rn1d2_r1
a: [3,1399,0,9,1,741]
s: 1399
s: 2838
i: [1,742,0,9,1,0,0,3] rqRealAdd__k2_xcmplx_0__r0_rn1d2_rn1d2
a: [3,1404,0,9,1,742]
s: 1404
a: [3,2862,1,2,1,2821]
s: 2862
i: [1,743,0,9,1,0,0,3] rqRealAdd__k2_xcmplx_0__rn1d2_r0_rn1d2
a: [3,1409,0,9,1,743]
s: 1409
i: [1,744,0,9,1,0,0,2] rqRealMult__k3_xcmplx_0__r1_rn1d2_rn1d2
a: [3,1414,0,9,1,744]
s: 1414
s: 2866
i: [1,745,0,9,1,0,0,2] rqRealMult__k3_xcmplx_0__rn1d2_r1_rn1d2
a: [3,1419,0,9,1,745]
s: 1419
s: 3065
i: [1,865,0,10,4,0,0,3] cc11_valued_0
s: 865
i: [1,866,0,10,4,0,0,3] cc10_valued_0
s: 866
d: [2,3059,1,4,2,1,40,766,1796]
a: [3,3089,1,2,1,3059]
s: 3089
i: [1,873,0,10,4,0,0,3] cc15_valued_0
s: 873
d: [2,3061,1,7,2,1,40,766,1866]
a: [3,3103,1,2,1,3061]
s: 3103
i: [1,878,0,10,4,0,0,3] cc12_valued_0
s: 878
i: [1,906,0,10,3,0,0,255] t4_subset
s: 906
d: [2,3121,1,7,2,1,40,767,1866]
a: [3,3170,1,2,1,3121]
s: 3170
i: [1,928,0,10,3,0,0,255] cc16_valued_0
s: 928
d: [2,3184,1,7,2,1,40,772,1866]
a: [3,3208,1,2,1,3184]
s: 3208
i: [1,929,0,10,3,0,0,255] cc17_valued_0
s: 929
i: [1,935,0,10,3,0,0,255] cc18_valued_0
s: 935
d: [2,2942,1,7,2,1,40,760,1866]
a: [3,2982,1,2,1,2942]
s: 2982
i: [1,937,0,10,3,0,0,3] cc21_valued_0
s: 937
d: [2,2996,1,7,2,1,40,761,1866]
a: [3,3032,1,2,1,2996]
s: 3032
i: [1,938,0,10,3,0,0,2] cc4_relset_1
s: 938
i: [1,939,0,10,3,0,0,2] cc3_relset_1
s: 939
d: [2,3224,1,5,2,1,40,775,1244]
a: [3,3242,1,2,1,3224]
s: 3242
i: [1,964,0,10,4,0,0,1] fc4_nat_1
s: 964
d: [2,2986,1,5,2,1,40,761,1244]
a: [3,3011,1,2,1,2986]
s: 3011
i: [1,965,0,10,4,0,0,1] fc3_nat_1
s: 965
i: [1,980,0,10,4,0,0,2] connectedness_r1_xxreal_0
s: 980
d: [2,4751,1,7,3,1,40,980,1099]
d: [2,4754,1,5,2,2,21,4751,2179]
a: [3,4758,1,3,1,4754]
s: 4758
i: [1,981,0,10,4,0,0,2] fc61_valued_0
s: 981
d: [2,3051,1,5,2,1,40,766,1244]
a: [3,3076,1,2,1,3051]
s: 3076
r: 3076
r: 3242
i: [1,982,0,10,4,0,0,2] fc62_valued_0
s: 982
i: [1,983,0,10,4,0,0,2] fc66_valued_0
s: 983
a: [3,3075,1,2,1,3051]
s: 3075
i: [1,984,0,10,4,0,0,2] fc63_valued_0
s: 984
d: [2,3174,1,5,2,1,40,772,1244]
a: [3,3192,1,2,1,3174]
s: 3192
i: [1,991,0,10,3,0,0,1] dt_k10_real_1
s: 991
i: [1,828,0,11,5,0,0,1] t2_real
s: 828
d: [2,4787,4,0,0,5,52,2481,2033,2420,3707,4758,828]
e: 4787
d: [2,4792,2,8,4,1,40,828,4758]
d: [2,4809,2,6,3,2,21,4792,3707]
d: [2,4810,2,4,2,3,21,4809,2420]
d: [2,4811,2,2,1,4,21,4810,2033]
d: [2,4812,2,0,0,5,21,4811,2481]
e: 4812
r: 3698
r: 3707
r: 3938
s: 3699
i: [1,829,0,11,5,0,0,1] t1_real
s: 829
d: [2,4839,4,0,0,5,52,2481,2033,3702,1469,4758,829]
e: 4839
d: [2,4844,2,8,4,1,40,829,4758]
d: [2,4861,2,6,3,2,21,4844,1469]
d: [2,4862,2,4,2,3,21,4861,3702]
d: [2,4863,2,2,1,4,21,4862,2033]
d: [2,4864,2,0,0,5,21,4863,2481]
e: 4864
r: 3702
s: 3703
d: [2,4879,4,0,0,3,52,2179,3699,3703,862]
e: 4879
d: [2,4880,4,4,2,1,40,3703,862]
d: [2,4882,4,2,1,2,21,4880,3699]
d: [2,4883,4,0,0,3,21,4882,2179]
e: 4883
r: 3699
i: [1,830,0,11,5,0,0,1] t8_real
s: 830
i: [1,831,0,11,5,0,0,1] t7_real
s: 831
s: 3698
i: [1,832,0,11,5,0,0,1] t3_real
s: 832
a: [3,3706,3,2,1,3670]
s: 3706
i: [1,833,0,11,5,0,0,1] t4_real
s: 833
i: [1,932,0,11,3,0,0,255] cc19_valued_0
s: 932
d: [2,3922,4,4,2,1,40,3699,897]
a: [3,3934,4,2,1,3922]
s: 3934
i: [1,933,0,11,3,0,0,255] cc20_valued_0
s: 933
a: [3,3939,4,2,1,3923]
s: 3939
i: [1,968,0,11,3,0,0,1] dt_k1_nat_1
s: 968
i: [1,971,0,11,3,0,0,2] commutativity_k2_xcmplx_0
s: 971
d: [2,3924,4,2,1,1,40,3699,836]
a: [3,3944,4,2,1,3924]
s: 3944
i: [1,972,0,11,3,0,0,2] commutativity_k3_xcmplx_0
s: 972
d: [2,3925,4,2,1,1,40,3699,835]
a: [3,3949,4,2,1,3925]
s: 3949
i: [1,985,0,11,4,0,0,2] fc64_valued_0
s: 985
i: [1,986,0,11,4,0,0,2] fc65_valued_0
s: 986
d: [2,3926,4,2,1,1,40,3699,834]
a: [3,3954,4,2,1,3926]
s: 3954
i: [1,807,0,12,3,0,0,4] d9_xcmplx_0
s: 807
d: [2,4956,5,2,1,1,40,3944,778]
a: [3,4961,5,2,1,4956]
s: 4961
i: [1,881,0,12,4,0,0,3] cc13_valued_0
s: 881
i: [1,886,0,12,4,0,0,2] cc14_valued_0
s: 886
d: [2,4957,5,2,1,1,40,3944,777]
a: [3,4966,5,2,1,4957]
s: 4966
i: [1,942,0,12,5,0,0,2] fc9_xreal_0
s: 942
d: [2,5027,5,2,1,1,40,3949,774]
a: [3,5031,5,2,1,5027]
s: 5031
i: [1,943,0,12,5,0,0,2] fc26_xreal_0
s: 943
i: [1,944,0,12,5,0,0,2] fc33_xreal_0
s: 944
d: [2,5140,6,2,1,1,40,5031,764]
a: [3,5144,6,2,1,5140]
s: 5144
i: [1,945,0,12,5,0,0,2] fc31_xreal_0
s: 945
d: [2,5177,7,2,1,1,40,5144,765]
a: [3,5181,7,2,1,5177]
s: 5181
i: [1,946,0,12,5,0,0,2] fc32_xreal_0
s: 946
i: [1,954,0,12,5,0,0,2] fc23_xreal_0
s: 954
d: [2,5206,8,2,1,1,40,5181,771]
a: [3,5211,8,2,1,5206]
s: 5211
i: [1,955,0,12,5,0,0,2] fc24_xreal_0
s: 955
d: [2,5207,8,2,1,1,40,5181,770]
a: [3,5216,8,2,1,5207]
s: 5216
i: [1,956,0,12,5,0,0,2] fc25_xreal_0
s: 956
i: [1,957,0,12,5,0,0,2] fc34_xreal_0
s: 957
d: [2,2932,1,5,2,1,40,760,1244]
a: [3,2957,1,2,1,2932]
s: 2957
i: [1,958,0,12,5,0,0,2] fc10_xreal_0
s: 958
a: [3,3241,1,2,1,3224]
s: 3241
i: [1,969,0,12,3,0,0,1] commutativity_k1_nat_1
s: 969
i: [1,970,0,12,3,0,0,1] redefinition_k1_nat_1
s: 970
d: [2,3233,1,5,2,1,40,775,1811]
a: [3,3261,1,2,1,3233]
s: 3261
i: [1,973,0,12,3,0,0,4] spc12_arithm
s: 973
d: [2,2995,1,5,2,1,40,761,1811]
a: [3,3023,1,2,1,2995]
s: 3023
i: [1,987,0,12,5,0,0,2] fc14_xreal_0
s: 987
i: [1,988,0,12,5,0,0,2] fc13_xreal_0
s: 988
d: [2,3060,1,5,2,1,40,766,1811]
a: [3,3094,1,2,1,3060]
s: 3094
i: [1,989,0,12,5,0,0,2] fc12_xreal_0
s: 989
d: [2,3120,1,5,2,1,40,767,1811]
a: [3,3161,1,2,1,3120]
s: 3161
i: [1,990,0,12,5,0,0,2] fc11_xreal_0
s: 990
i: [1,992,0,12,3,0,0,1] redefinition_k10_real_1
s: 992
d: [2,3183,1,5,2,1,40,772,1811]
a: [3,3199,1,2,1,3183]
s: 3199
i: [1,826,0,13,6,0,0,1] t5_real
s: 826
d: [2,2941,1,5,2,1,40,760,1811]
a: [3,2973,1,2,1,2941]
s: 2973
i: [1,827,0,13,6,0,0,1] t6_real
s: 827
i: [1,902,0,13,3,0,0,4] cc4_funct_2
s: 902
d: [2,3533,1,6,2,1,40,773,1866]
a: [3,3541,1,2,1,3533]
s: 3541
i: [1,974,0,13,3,0,0,4] spc11_arithm
s: 974
d: [2,3467,1,6,2,1,40,762,1866]
a: [3,3477,1,2,1,3467]
s: 3477
i: [1,995,0,13,3,0,0,4] cc1_funct_2
s: 995
i: [1,950,0,14,4,0,0,2] existence_m2_subset_1
s: 950
d: [2,3483,1,6,2,1,40,763,1866]
a: [3,3493,1,2,1,3483]
s: 3493
i: [1,975,0,14,3,0,0,4] spc10_arithm
s: 975
d: [2,3682,1,6,3,1,40,851,1791]
a: [3,3782,1,2,1,3682]
s: 3782
i: [1,925,0,15,4,0,0,4] cc3_funct_2
s: 925
i: [1,940,0,15,4,0,0,4] cc2_funct_2
s: 940
d: [2,3232,1,4,2,1,40,775,1796]
a: [3,3255,1,2,1,3232]
s: 3255
i: [1,947,0,15,5,0,0,2] dt_m2_subset_1
s: 947
a: [3,3773,1,2,1,3682]
s: 3773
i: [1,948,0,15,5,0,0,2] redefinition_m2_subset_1
s: 948
i: [1,949,0,15,5,0,0,2] redefinition_m2_subset_1
s: 949
a: [3,3777,1,2,1,3682]
s: 3777
a: [3,1491,0,15,3,796]
s: 1491
d: [2,6030,1,0,0,4,52,1104,1099,1090,1491]
e: 6030
d: [2,6031,1,8,3,2,44,1090,1491]
d: [2,6032,1,5,2,2,19,6031]
d: [2,6034,1,3,1,3,21,6032,1104]
d: [2,6035,1,0,0,4,21,6034,1099]
e: 6035
r: 1090
d: [2,4463,1,6,3,1,40,865,1244]
a: [3,4474,1,2,1,4463]
s: 4474
a: [3,1086,0,10,1,682]
s: 1086
a: [3,1089,0,10,1,682]
s: 1089
d: [2,5187,1,12,6,0,44,945,801]
d: [2,5196,1,10,5,1,21,5187,2425]
d: [2,5197,1,8,4,1,21,5196,808]
a: [3,5204,1,2,1,5197]
s: 5204
i: [1,795,0,17,4,0,0,255] l41_real_3
a: [3,1495,0,15,3,795]
s: 1495
d: [2,6039,1,0,0,4,52,1104,1099,1086,1495]
e: 6039
d: [2,6041,1,8,3,2,44,1086,1495]
d: [2,6042,1,5,2,2,19,6041]
d: [2,6044,1,3,1,3,21,6042,1104]
d: [2,6045,1,0,0,4,21,6044,1099]
e: 6045
r: 1086
d: [2,2326,2,2,1,1,40,1964,764]
a: [3,2330,2,2,1,2326]
s: 2330
a: [3,1085,0,10,1,682]
s: 1085
a: [3,1094,0,12,1,682]
s: 1094
d: [2,2336,2,2,1,1,40,1969,764]
a: [3,2340,2,2,1,2336]
s: 2340
i: [1,793,0,17,4,0,0,255] l41_real_3
a: [3,1499,0,15,3,793]
s: 1499
d: [2,2346,2,2,1,1,40,2038,809]
a: [3,2351,2,2,1,2346]
s: 2351
i: [1,1005,0,17,4,0,0,2] spc6_arithm
s: 1005
i: [1,1006,0,17,4,0,0,2] spc4_arithm
s: 1006
d: [2,2347,2,2,1,1,40,2038,808]
a: [3,2356,2,2,1,2347]
s: 2356
i: [1,1007,0,17,4,0,0,2] spc7_arithm
s: 1007
d: [2,2360,2,2,1,1,40,2046,809]
a: [3,2365,2,2,1,2360]
s: 2365
i: [1,952,0,18,6,0,0,2] cc8_funct_2
s: 952
i: [1,794,0,19,4,0,0,255] l41_real_3
s: 794
d: [2,2361,2,2,1,1,40,2046,808]
a: [3,2370,2,2,1,2361]
s: 2370
i: [1,797,0,19,4,0,0,255] l41_real_3
s: 797
d: [2,6457,1,0,0,4,52,1109,1104,1099,1094,797]
e: 6457
d: [2,6460,1,10,4,1,44,1094,797]
d: [2,6461,1,7,3,1,19,6460]
d: [2,6467,1,4,2,2,21,6461,1099]
d: [2,6468,1,2,1,3,21,6467,1104]
d: [2,6469,1,0,0,4,21,6468,1109]
e: 6469
f: 6469,6045,6035,1868,795,796,679,680,681,682
% Refutation found. Thanks to Tanya!
% SZS status Theorem for real_3__t32_real_3
% SZS output start Proof for real_3__t32_real_3
1. ! [X0] : (v7_ordinal1(X0) => ! [X1] : (v1_int_1(X1) => (~r1_xxreal_0(X1,1) => (k6_numbers = k3_funct_2(k5_numbers,k1_numbers,k4_real_3(k10_real_1(1,X1)),k1_nat_1(X0,2)) & k3_funct_2(k5_numbers,k1_numbers,k4_real_3(k10_real_1(1,X1)),1) = X1 & k6_numbers = k3_funct_2(k5_numbers,k1_numbers,k4_real_3(k10_real_1(1,X1)),k6_numbers))))) [input t32_real_3]
2. ~! [X0] : (v7_ordinal1(X0) => ! [X1] : (v1_int_1(X1) => (~r1_xxreal_0(X1,1) => (k6_numbers = k3_funct_2(k5_numbers,k1_numbers,k4_real_3(k10_real_1(1,X1)),k1_nat_1(X0,2)) & k3_funct_2(k5_numbers,k1_numbers,k4_real_3(k10_real_1(1,X1)),1) = X1 & k6_numbers = k3_funct_2(k5_numbers,k1_numbers,k4_real_3(k10_real_1(1,X1)),k6_numbers))))) [negated conjecture 1]
296. ! [X0] : (v7_ordinal1(X0) => ! [X1] : (v1_int_1(X1) => (~r1_xxreal_0(X1,1) => (k6_numbers = k3_funct_2(k5_numbers,k1_numbers,k4_real_3(k10_real_1(1,X1)),k1_nat_1(X0,2)) & k3_funct_2(k5_numbers,k1_numbers,k4_real_3(k10_real_1(1,X1)),1) = X1 & k6_numbers = k3_funct_2(k5_numbers,k1_numbers,k4_real_3(k10_real_1(1,X1)),k6_numbers) & k6_numbers = k3_funct_2(k5_numbers,k1_numbers,k3_real_3(k10_real_1(1,X1)),k1_nat_1(X0,2)) & k3_funct_2(k5_numbers,k1_numbers,k3_real_3(k10_real_1(1,X1)),1) = X1)))) [input l41_real_3]
330. ? [X0] : (? [X1] : (((k6_numbers != k3_funct_2(k5_numbers,k1_numbers,k4_real_3(k10_real_1(1,X1)),k1_nat_1(X0,2)) | k3_funct_2(k5_numbers,k1_numbers,k4_real_3(k10_real_1(1,X1)),1) != X1 | k6_numbers != k3_funct_2(k5_numbers,k1_numbers,k4_real_3(k10_real_1(1,X1)),k6_numbers)) & ~r1_xxreal_0(X1,1)) & v1_int_1(X1)) & v7_ordinal1(X0)) [ennf transformation 2]
331. ? [X0] : (? [X1] : ((k6_numbers != k3_funct_2(k5_numbers,k1_numbers,k4_real_3(k10_real_1(1,X1)),k1_nat_1(X0,2)) | k3_funct_2(k5_numbers,k1_numbers,k4_real_3(k10_real_1(1,X1)),1) != X1 | k6_numbers != k3_funct_2(k5_numbers,k1_numbers,k4_real_3(k10_real_1(1,X1)),k6_numbers)) & ~r1_xxreal_0(X1,1) & v1_int_1(X1)) & v7_ordinal1(X0)) [flattening 330]
362. ! [X0] : (! [X1] : (((k6_numbers = k3_funct_2(k5_numbers,k1_numbers,k4_real_3(k10_real_1(1,X1)),k1_nat_1(X0,2)) & k3_funct_2(k5_numbers,k1_numbers,k4_real_3(k10_real_1(1,X1)),1) = X1 & k6_numbers = k3_funct_2(k5_numbers,k1_numbers,k4_real_3(k10_real_1(1,X1)),k6_numbers) & k6_numbers = k3_funct_2(k5_numbers,k1_numbers,k3_real_3(k10_real_1(1,X1)),k1_nat_1(X0,2)) & k3_funct_2(k5_numbers,k1_numbers,k3_real_3(k10_real_1(1,X1)),1) = X1) | r1_xxreal_0(X1,1)) | ~v1_int_1(X1)) | ~v7_ordinal1(X0)) [ennf transformation 296]
363. ! [X0] : (! [X1] : ((k6_numbers = k3_funct_2(k5_numbers,k1_numbers,k4_real_3(k10_real_1(1,X1)),k1_nat_1(X0,2)) & k3_funct_2(k5_numbers,k1_numbers,k4_real_3(k10_real_1(1,X1)),1) = X1 & k6_numbers = k3_funct_2(k5_numbers,k1_numbers,k4_real_3(k10_real_1(1,X1)),k6_numbers) & k6_numbers = k3_funct_2(k5_numbers,k1_numbers,k3_real_3(k10_real_1(1,X1)),k1_nat_1(X0,2)) & k3_funct_2(k5_numbers,k1_numbers,k3_real_3(k10_real_1(1,X1)),1) = X1) | r1_xxreal_0(X1,1) | ~v1_int_1(X1)) | ~v7_ordinal1(X0)) [flattening 362]
609. ? [X0] : (? [X1] : ((k6_numbers != k3_funct_2(k5_numbers,k1_numbers,k4_real_3(k10_real_1(1,X1)),k1_nat_1(X0,2)) | k3_funct_2(k5_numbers,k1_numbers,k4_real_3(k10_real_1(1,X1)),1) != X1 | k6_numbers != k3_funct_2(k5_numbers,k1_numbers,k4_real_3(k10_real_1(1,X1)),k6_numbers)) & ~r1_xxreal_0(X1,1) & v1_int_1(X1)) & v7_ordinal1(X0)) => (? [X1] : ((k6_numbers != k3_funct_2(k5_numbers,k1_numbers,k4_real_3(k10_real_1(1,X1)),k1_nat_1(sK0,2)) | k3_funct_2(k5_numbers,k1_numbers,k4_real_3(k10_real_1(1,X1)),1) != X1 | k6_numbers != k3_funct_2(k5_numbers,k1_numbers,k4_real_3(k10_real_1(1,X1)),k6_numbers)) & ~r1_xxreal_0(X1,1) & v1_int_1(X1)) & v7_ordinal1(sK0)) [choice axiom]
610. ? [X1] : ((k6_numbers != k3_funct_2(k5_numbers,k1_numbers,k4_real_3(k10_real_1(1,X1)),k1_nat_1(sK0,2)) | k3_funct_2(k5_numbers,k1_numbers,k4_real_3(k10_real_1(1,X1)),1) != X1 | k6_numbers != k3_funct_2(k5_numbers,k1_numbers,k4_real_3(k10_real_1(1,X1)),k6_numbers)) & ~r1_xxreal_0(X1,1) & v1_int_1(X1)) => ((k6_numbers != k3_funct_2(k5_numbers,k1_numbers,k4_real_3(k10_real_1(1,sK1)),k1_nat_1(sK0,2)) | sK1 != k3_funct_2(k5_numbers,k1_numbers,k4_real_3(k10_real_1(1,sK1)),1) | k6_numbers != k3_funct_2(k5_numbers,k1_numbers,k4_real_3(k10_real_1(1,sK1)),k6_numbers)) & ~r1_xxreal_0(sK1,1) & v1_int_1(sK1)) [choice axiom]
611. ((k6_numbers != k3_funct_2(k5_numbers,k1_numbers,k4_real_3(k10_real_1(1,sK1)),k1_nat_1(sK0,2)) | sK1 != k3_funct_2(k5_numbers,k1_numbers,k4_real_3(k10_real_1(1,sK1)),1) | k6_numbers != k3_funct_2(k5_numbers,k1_numbers,k4_real_3(k10_real_1(1,sK1)),k6_numbers)) & ~r1_xxreal_0(sK1,1) & v1_int_1(sK1)) & v7_ordinal1(sK0) [skolemisation 331,610,609]
679. v7_ordinal1(sK0) [cnf transformation 611] {a:0,w:2,wCS:200,goal:1,sine:0,thAx:0,allAx:3,thDist:-3}
680. v1_int_1(sK1) [cnf transformation 611] {a:0,w:2,wCS:200,goal:1,sine:0,thAx:0,allAx:3,thDist:-3}
681. ~r1_xxreal_0(sK1,1) [cnf transformation 611] {a:0,w:3,wCS:300,goal:1,sine:0,thAx:0,allAx:3,thDist:-3}
682. k6_numbers != k3_funct_2(k5_numbers,k1_numbers,k4_real_3(k10_real_1(1,sK1)),k1_nat_1(sK0,2)) | sK1 != k3_funct_2(k5_numbers,k1_numbers,k4_real_3(k10_real_1(1,sK1)),1) | k6_numbers != k3_funct_2(k5_numbers,k1_numbers,k4_real_3(k10_real_1(1,sK1)),k6_numbers) [cnf transformation 611] {a:0,w:32,wCS:3200,goal:1,sine:0,thAx:0,allAx:3,thDist:-3}
795. k6_numbers = k3_funct_2(k5_numbers,k1_numbers,k4_real_3(k10_real_1(1,X1)),k6_numbers) | r1_xxreal_0(X1,1) | ~v1_int_1(X1) | ~v7_ordinal1(X0) [cnf transformation 363] {a:0,w:17,wCS:6800,sine:255,thAx:0,allAx:1,thDist:-1}
796. k3_funct_2(k5_numbers,k1_numbers,k4_real_3(k10_real_1(1,X1)),1) = X1 | r1_xxreal_0(X1,1) | ~v1_int_1(X1) | ~v7_ordinal1(X0) [cnf transformation 363] {a:0,w:17,wCS:6800,sine:255,thAx:0,allAx:1,thDist:-1}
797. k6_numbers = k3_funct_2(k5_numbers,k1_numbers,k4_real_3(k10_real_1(1,X1)),k1_nat_1(X0,2)) | r1_xxreal_0(X1,1) | ~v1_int_1(X1) | ~v7_ordinal1(X0) [cnf transformation 363] {a:0,w:19,wCS:7600,nSel:1,sine:255,thAx:0,allAx:1,thDist:-1}
1084. 1 <=> k6_numbers = k3_funct_2(k5_numbers,k1_numbers,k4_real_3(k10_real_1(1,sK1)),k6_numbers) [avatar definition]
1086. k6_numbers != k3_funct_2(k5_numbers,k1_numbers,k4_real_3(k10_real_1(1,sK1)),k6_numbers) <- (~1) [avatar component clause 1084] {a:0,w:10,wCS:1000,nSel:1,goal:1,sine:255,thAx:0,allAx:3,thDist:-3}
1088. 2 <=> sK1 = k3_funct_2(k5_numbers,k1_numbers,k4_real_3(k10_real_1(1,sK1)),1) [avatar definition]
1090. sK1 != k3_funct_2(k5_numbers,k1_numbers,k4_real_3(k10_real_1(1,sK1)),1) <- (~2) [avatar component clause 1088] {a:0,w:10,wCS:1000,nSel:1,goal:1,sine:255,thAx:0,allAx:3,thDist:-3}
1092. 3 <=> k6_numbers = k3_funct_2(k5_numbers,k1_numbers,k4_real_3(k10_real_1(1,sK1)),k1_nat_1(sK0,2)) [avatar definition]
1094. k6_numbers != k3_funct_2(k5_numbers,k1_numbers,k4_real_3(k10_real_1(1,sK1)),k1_nat_1(sK0,2)) <- (~3) [avatar component clause 1092] {a:0,w:12,wCS:1200,nSel:1,goal:1,sine:255,thAx:0,allAx:3,thDist:-3}
1095. ~1 | ~2 | ~3 [avatar split clause 682,1092,1088,1084]
1097. 4 <=> r1_xxreal_0(sK1,1) [avatar definition]
1099. ~r1_xxreal_0(sK1,1) <- (~4) [avatar component clause 1097] {a:0,w:3,wCS:300,nSel:1,goal:1,sine:255,thAx:0,allAx:3,thDist:-3}
1100. ~4 [avatar split clause 681,1097]
1102. 5 <=> v1_int_1(sK1) [avatar definition]
1104. v1_int_1(sK1) <- (5) [avatar component clause 1102] {a:0,w:2,wCS:200,nSel:1,goal:1,sine:255,thAx:0,allAx:3,thDist:-3}
1105. 5 [avatar split clause 680,1102]
1107. 6 <=> v7_ordinal1(sK0) [avatar definition]
1109. v7_ordinal1(sK0) <- (6) [avatar component clause 1107] {a:0,w:2,wCS:200,nSel:1,goal:1,sine:255,thAx:0,allAx:3,thDist:-3}
1110. 6 [avatar split clause 679,1107]
1487. 82 <=> ! [X0] : ~v7_ordinal1(X0) [avatar definition]
1488. ~v7_ordinal1(X0) <- (82) [avatar component clause 1487] {a:0,w:2,wCS:800,nSel:1,sine:255,thAx:0,allAx:1,thDist:-1}
1490. 83 <=> ! [X1] : (k3_funct_2(k5_numbers,k1_numbers,k4_real_3(k10_real_1(1,X1)),1) = X1 | ~v1_int_1(X1) | r1_xxreal_0(X1,1)) [avatar definition]
1491. k3_funct_2(k5_numbers,k1_numbers,k4_real_3(k10_real_1(1,X1)),1) = X1 | ~v1_int_1(X1) | r1_xxreal_0(X1,1) <- (83) [avatar component clause 1490] {a:0,w:15,wCS:6000,nSel:1,sine:255,thAx:0,allAx:1,thDist:-1}
1492. 82 | 83 [avatar split clause 796,1490,1487]
1494. 84 <=> ! [X1] : (k6_numbers = k3_funct_2(k5_numbers,k1_numbers,k4_real_3(k10_real_1(1,X1)),k6_numbers) | ~v1_int_1(X1) | r1_xxreal_0(X1,1)) [avatar definition]
1495. k6_numbers = k3_funct_2(k5_numbers,k1_numbers,k4_real_3(k10_real_1(1,X1)),k6_numbers) | ~v1_int_1(X1) | r1_xxreal_0(X1,1) <- (84) [avatar component clause 1494] {a:0,w:15,wCS:6000,nSel:1,sine:255,thAx:0,allAx:1,thDist:-1}
1496. 82 | 84 [avatar split clause 795,1494,1487]
1868. $false <- (6, 82) [unit resulting resolution 1109,1488] {a:1,w:0,goal:1,sine:255,thAx:0,allAx:4,thDist:-4}
1871. ~6 | ~82 [avatar contradiction clause 1868]
6031. sK1 != sK1 | ~v1_int_1(sK1) | r1_xxreal_0(sK1,1) <- (~2, 83) [superposition 1090,1491] {a:1,w:8,wCS:800,goal:1,sine:255,thAx:0,allAx:4,thDist:-4}
6032. ~v1_int_1(sK1) | r1_xxreal_0(sK1,1) <- (~2, 83) [trivial inequality removal 6031] {a:1,w:5,wCS:500,goal:1,sine:255,thAx:0,allAx:4,thDist:-4}
6034. r1_xxreal_0(sK1,1) <- (~2, 5, 83) [subsumption resolution 6032,1104] {a:1,w:3,wCS:300,goal:1,sine:255,thAx:0,allAx:4,thDist:-4}
6035. $false <- (~2, ~4, 5, 83) [subsumption resolution 6034,1099] {a:1,w:0,goal:1,sine:255,thAx:0,allAx:4,thDist:-4}
6036. 2 | 4 | ~5 | ~83 [avatar contradiction clause 6035]
6041. k6_numbers != k6_numbers | ~v1_int_1(sK1) | r1_xxreal_0(sK1,1) <- (~1, 84) [superposition 1086,1495] {a:1,w:8,wCS:800,goal:1,sine:255,thAx:0,allAx:4,thDist:-4}
6042. ~v1_int_1(sK1) | r1_xxreal_0(sK1,1) <- (~1, 84) [trivial inequality removal 6041] {a:1,w:5,wCS:500,goal:1,sine:255,thAx:0,allAx:4,thDist:-4}
6044. r1_xxreal_0(sK1,1) <- (~1, 5, 84) [subsumption resolution 6042,1104] {a:1,w:3,wCS:300,goal:1,sine:255,thAx:0,allAx:4,thDist:-4}
6045. $false <- (~1, ~4, 5, 84) [subsumption resolution 6044,1099] {a:1,w:0,goal:1,sine:255,thAx:0,allAx:4,thDist:-4}
6046. 1 | 4 | ~5 | ~84 [avatar contradiction clause 6045]
6460. k6_numbers != k6_numbers | r1_xxreal_0(sK1,1) | ~v1_int_1(sK1) | ~v7_ordinal1(sK0) <- (~3) [superposition 1094,797] {a:1,w:10,wCS:1000,goal:1,sine:255,thAx:0,allAx:4,thDist:-4}
6461. r1_xxreal_0(sK1,1) | ~v1_int_1(sK1) | ~v7_ordinal1(sK0) <- (~3) [trivial inequality removal 6460] {a:1,w:7,wCS:700,goal:1,sine:255,thAx:0,allAx:4,thDist:-4}
6467. ~v1_int_1(sK1) | ~v7_ordinal1(sK0) <- (~3, ~4) [subsumption resolution 6461,1099] {a:1,w:4,wCS:400,goal:1,sine:255,thAx:0,allAx:4,thDist:-4}
6468. ~v7_ordinal1(sK0) <- (~3, ~4, 5) [subsumption resolution 6467,1104] {a:1,w:2,wCS:200,goal:1,sine:255,thAx:0,allAx:4,thDist:-4}
6469. $false <- (~3, ~4, 5, 6) [subsumption resolution 6468,1109] {a:1,w:0,goal:1,sine:255,thAx:0,allAx:4,thDist:-4}
6470. 3 | 4 | ~5 | ~6 [avatar contradiction clause 6469]
6471. $false [avatar sat refutation 1095,1100,1105,1110,1492,1496,1871,6036,6046,6470] {a:0,w:0,goal:1,sine:0,thAx:0,allAx:3675,thDist:-3675}
% SZS output end Proof for real_3__t32_real_3
% ------------------------------
% Version: Vampire 4.5.1 (commit 226f88162 on 2021-09-12 20:13:44 +0200)
% Termination reason: Refutation

% >>> Input
% Input formulas: 299
% >>> Preprocessing
% Introduced skolems: 35
% Pure predicates: 3
% Unused predicate definitions: 1
% 
% >>> Saturation
% Initial clauses: 404
% Generated clauses: 3066
% Active clauses: 543
% Passive clauses: 1203
% Final active clauses: 520
% Final passive clauses: 624
% Main loop iterations started: 568
% 
% >>> Simplifying Inferences
% Duplicate literals: 196
% Trivial inequalities: 3
% Fw subsumption resolutions: 355
% Fw demodulations: 4
% Bw demodulations: 4
% 
% >>> Deletion Inferences
% Simple tautologies: 221
% Equational tautologies: 1
% Forward subsumptions: 407
% 
% >>> Generating Inferences
% Binary resolution: 898
% Unit resulting resolution: 7
% Factoring: 1
% Forward superposition: 447
% Backward superposition: 211
% Self superposition: 3
% 
% >>> AVATAR
% Split clauses: 257
% Split components: 598
% Sat splitting refutations: 15
% 
% >>> SAT Solver Statistics
% SAT solver clauses: 729
% SAT solver unit clauses: 163
% SAT solver binary clauses: 262
% 
% Memory used [KB]: 9083
% Time elapsed: 0.032 s
% ------------------------------
% ------------------------------
% Time measurement results:
% parsing: 0.001 s
% preprocessing: 0.001 s ( own 0.0000 s ) 
% sine selection: 0.001 s
% SAT solver time: 0.002 s
% sat proof minimization: 0.001 s
% term sharing: 0.003 s
% congruence closure: 0.008 s
% binary resolution index maintenance: 0.001 s
% forward subsumption: 0.003 s
% forward subsumption resolution: 0.001 s
% backward subsumption: 0.001 s
% resolution: 0.001 s
% unit resulting resolution: 0.004 s ( own 0.001 s ) 
% superposition: 0.001 s
% other: 0.032 s ( own 0.007 s ) 

