i: [1,69,0,2,1,1,0,0] t56_procal_1
a: [3,135,0,2,1,69]
s: 135
i: [1,73,0,6,1,1,0,0] t56_procal_1
a: [3,115,0,6,1,73]
s: 115
i: [1,72,0,6,1,1,0,0] t56_procal_1
a: [3,120,0,6,1,72]
s: 120
i: [1,71,0,6,1,1,0,0] t56_procal_1
a: [3,125,0,6,1,71]
s: 125
i: [1,70,0,6,1,1,0,0] t56_procal_1
a: [3,130,0,6,1,70]
s: 130
i: [1,75,0,7,1,1,0,0] t56_procal_1
a: [3,105,0,7,1,75]
s: 105
i: [1,74,0,7,1,1,0,0] t56_procal_1
a: [3,110,0,7,1,74]
s: 110
i: [1,96,0,2,1,0,0,1] existence_m1_qc_lang1
a: [3,140,0,2,1,96]
s: 140
i: [1,76,0,13,1,1,0,0] t56_procal_1
a: [3,100,0,13,1,76]
s: 100
i: [1,84,0,4,1,0,0,2] existence_m1_subset_1
s: 84
i: [1,77,0,5,2,0,0,3] dt_k9_qc_lang1
s: 77
i: [1,78,0,5,2,0,0,3] fc2_cqc_lang
s: 78
i: [1,85,0,6,2,0,0,1] antisymmetry_r2_hidden
s: 85
d: [2,142,1,7,1,1,40,85,105]
a: [3,147,1,7,1,142]
s: 147
i: [1,79,0,8,2,0,0,1] dt_k4_cqc_the1
s: 79
i: [1,80,0,8,2,0,0,2] dt_k3_cqc_lang
s: 80
d: [2,143,1,7,1,1,40,85,110]
a: [3,152,1,7,1,143]
s: 152
i: [1,89,0,14,4,0,0,2] existence_m2_subset_1
s: 89
i: [1,86,0,15,5,0,0,2] dt_m2_subset_1
s: 86
i: [1,87,0,15,5,0,0,2] redefinition_m2_subset_1
s: 87
i: [1,88,0,15,5,0,0,2] redefinition_m2_subset_1
s: 88
d: [2,156,1,18,5,0,40,86,80]
d: [2,158,1,15,4,0,21,156,78]
d: [2,159,1,12,3,0,21,158,77]
s: 159
i: [1,90,0,17,4,0,0,255] dt_k2_qc_lang2
s: 90
d: [2,172,2,6,2,1,40,159,130]
d: [2,177,2,4,1,2,21,172,135]
a: [3,181,2,4,1,177]
s: 181
i: [1,91,0,17,4,0,0,255] dt_k14_qc_lang1
s: 91
i: [1,92,0,19,4,0,0,255] redefinition_k7_cqc_lang
s: 92
d: [2,173,2,6,2,1,40,159,125]
d: [2,183,2,4,1,2,21,173,135]
a: [3,187,2,4,1,183]
s: 187
i: [1,93,0,19,4,0,0,255] redefinition_k8_cqc_lang
s: 93
d: [2,174,2,6,2,1,40,159,120]
d: [2,189,2,4,1,2,21,174,135]
a: [3,193,2,4,1,189]
s: 193
i: [1,94,0,19,4,0,0,1] dt_k7_cqc_lang
s: 94
i: [1,95,0,19,4,0,0,1] dt_k8_cqc_lang
s: 95
d: [2,175,2,6,2,1,40,159,115]
d: [2,195,2,4,1,2,21,175,135]
a: [3,199,2,4,1,195]
s: 199
i: [1,81,0,40,6,0,0,1] l45_procal_1
s: 81
d: [2,176,2,22,5,0,40,159,89]
d: [2,201,2,16,4,0,21,176,80]
d: [2,202,2,13,3,0,21,201,78]
d: [2,203,2,10,2,0,21,202,77]
s: 203
i: [1,82,0,40,6,0,0,1] t51_procal_1
s: 82
i: [1,83,0,41,7,0,0,1] t3_lukasi_1
s: 83
d: [2,214,1,34,6,1,40,83,105]
d: [2,220,1,28,5,2,21,214,115]
d: [2,221,1,22,4,3,21,220,120]
d: [2,222,1,20,3,4,21,221,135]
s: 222
d: [2,215,1,34,6,1,40,83,110]
d: [2,223,1,28,5,2,21,215,125]
d: [2,224,1,22,4,3,21,223,130]
d: [2,225,1,20,3,4,21,224,135]
s: 225
d: [2,162,1,18,5,0,40,87,80]
d: [2,164,1,15,4,0,21,162,78]
d: [2,165,1,12,3,0,21,164,77]
s: 165
d: [2,168,1,18,5,0,40,88,80]
d: [2,170,1,15,4,0,21,168,78]
d: [2,171,1,12,3,0,21,170,77]
s: 171
d: [2,154,1,15,4,0,40,86,84]
s: 154
d: [2,226,2,6,2,1,40,165,130]
d: [2,235,2,4,1,2,21,226,135]
a: [3,239,2,4,1,235]
s: 239
d: [2,155,1,18,5,0,40,86,79]
d: [2,157,1,15,4,0,21,155,78]
s: 157
d: [2,227,2,6,2,1,40,165,125]
d: [2,241,2,4,1,2,21,227,135]
a: [3,245,2,4,1,241]
s: 245
d: [2,161,1,18,5,0,40,87,79]
d: [2,163,1,15,4,0,21,161,78]
s: 163
d: [2,167,1,18,5,0,40,88,79]
d: [2,169,1,15,4,0,21,167,78]
s: 169
d: [2,228,2,6,2,1,40,165,120]
d: [2,247,2,4,1,2,21,228,135]
a: [3,251,2,4,1,247]
s: 251
d: [2,160,1,17,4,0,40,87,84]
s: 160
d: [2,229,2,6,2,1,40,165,115]
d: [2,253,2,4,1,2,21,229,135]
a: [3,257,2,4,1,253]
s: 257
d: [2,166,1,17,4,0,40,88,84]
s: 166
d: [2,204,1,27,7,0,44,91,92]
d: [2,205,1,25,6,0,18,204]
s: 205
d: [2,232,2,22,5,0,40,165,89]
d: [2,259,2,16,4,0,21,232,80]
d: [2,260,2,13,3,0,21,259,78]
d: [2,261,2,10,2,0,21,260,77]
s: 261
d: [2,206,1,27,7,0,44,90,93]
d: [2,207,1,25,6,0,18,206]
s: 207
d: [2,263,2,12,4,0,40,171,159]
d: [2,264,2,10,3,0,18,263]
s: 264
d: [2,212,1,40,6,0,40,81,85]
s: 212
d: [2,213,1,40,6,0,40,82,85]
s: 213
d: [2,292,3,8,2,0,40,264,84]
s: 292
d: [2,217,1,73,11,0,40,83,82]
d: [2,218,1,71,10,0,18,217]
s: 218
d: [2,266,2,25,6,0,40,154,89]
d: [2,267,2,19,4,0,18,266]
d: [2,268,2,13,3,0,21,267,84]
s: 268
d: [2,216,1,73,11,0,40,83,81]
d: [2,219,1,71,10,0,18,216]
s: 219
d: [2,269,2,25,6,0,40,157,89]
d: [2,270,2,22,5,0,18,269]
d: [2,271,2,16,4,0,21,270,79]
d: [2,272,2,13,3,0,21,271,78]
s: 272
d: [2,273,2,25,6,0,40,163,89]
d: [2,274,2,22,5,0,18,273]
d: [2,275,2,16,4,0,21,274,79]
d: [2,276,2,13,3,0,21,275,78]
s: 276
d: [2,278,2,18,6,0,40,169,157]
d: [2,279,2,13,4,0,18,278]
s: 279
d: [2,310,3,11,3,0,40,279,84]
s: 310
d: [2,285,2,20,6,0,40,166,154]
d: [2,286,2,14,4,0,18,285]
s: 286
d: [2,281,2,27,6,0,40,160,89]
d: [2,282,2,21,4,0,18,281]
d: [2,283,2,15,3,0,21,282,84]
s: 283
d: [2,315,4,13,4,0,40,310,264]
d: [2,316,4,11,3,0,18,315]
s: 316
d: [2,208,2,19,5,0,40,94,159]
d: [2,209,2,17,4,0,18,208]
s: 209
r: 205
d: [2,317,3,12,3,0,40,286,84]
s: 317
d: [2,210,2,19,5,0,40,95,159]
d: [2,211,2,17,4,0,18,210]
s: 211
r: 207
d: [2,231,2,19,5,0,40,165,95]
d: [2,233,2,17,4,0,18,231]
s: 233
d: [2,308,3,15,4,0,40,272,264]
d: [2,309,3,13,3,0,18,308]
s: 309
d: [2,230,2,19,5,0,40,165,94]
d: [2,234,2,17,4,0,18,230]
s: 234
d: [2,322,4,18,4,0,40,317,264]
d: [2,330,4,15,3,0,21,322,78]
s: 330
d: [2,296,2,94,14,0,40,218,82]
d: [2,297,2,80,11,0,18,296]
s: 297
d: [2,295,2,94,14,0,40,218,81]
d: [2,298,2,80,11,0,18,295]
s: 298
d: [2,342,3,67,10,1,40,298,100]
d: [2,350,3,65,9,2,21,342,135]
d: [2,351,3,58,8,3,21,350,110]
d: [2,352,3,52,7,4,21,351,115]
d: [2,353,3,46,6,5,21,352,125]
d: [2,354,3,40,5,6,21,353,130]
d: [2,355,3,33,4,7,21,354,105]
d: [2,356,3,27,3,8,21,355,120]
a: [3,360,3,9,1,356]
s: 360
d: [2,370,4,0,0,4,52,135,239,251,360,94]
e: 370
d: [2,371,4,10,3,1,40,360,94]
d: [2,374,4,6,2,2,21,371,251]
d: [2,375,4,2,1,3,21,374,239]
d: [2,376,4,0,0,4,21,375,135]
e: 376
r: 360
d: [2,305,2,94,14,0,40,219,82]
d: [2,306,2,80,11,0,18,305]
s: 306
a: [3,359,3,9,1,356]
s: 359
d: [2,304,2,94,14,0,40,219,81]
d: [2,307,2,80,11,0,18,304]
s: 307
a: [3,364,3,9,1,356]
s: 364
d: [2,420,4,0,0,4,52,135,239,257,364,94]
e: 420
d: [2,421,4,10,3,1,40,364,94]
d: [2,424,4,6,2,2,21,421,257]
d: [2,425,4,2,1,3,21,424,239]
d: [2,426,4,0,0,4,21,425,135]
e: 426
r: 364
d: [2,399,4,9,2,1,40,359,165]
d: [2,401,4,7,1,2,21,399,135]
a: [3,405,4,7,1,401]
s: 405
a: [3,363,3,9,1,356]
s: 363
d: [2,400,4,9,2,1,40,359,159]
d: [2,407,4,7,1,2,21,400,135]
a: [3,411,4,7,1,407]
s: 411
a: [3,368,3,9,1,356]
s: 368
d: [2,446,4,0,0,4,52,135,245,257,368,94]
e: 446
d: [2,447,4,10,3,1,40,368,94]
d: [2,450,4,6,2,2,21,447,257]
d: [2,451,4,2,1,3,21,450,245]
d: [2,452,4,0,0,4,21,451,135]
e: 452
f: 452,426,376,356,253,247,241,235,69,70,71,72,73,74,75,76
% Refutation found. Thanks to Tanya!
% SZS status Theorem for procal_1__t56_procal_1
% SZS output start Proof for procal_1__t56_procal_1
1. ! [X0] : (m1_qc_lang1(X0) => ! [X1] : (m2_subset_1(X1,k9_qc_lang1(X0),k3_cqc_lang(X0)) => ! [X2] : (m2_subset_1(X2,k9_qc_lang1(X0),k3_cqc_lang(X0)) => ! [X3] : (m2_subset_1(X3,k9_qc_lang1(X0),k3_cqc_lang(X0)) => ! [X4] : (m2_subset_1(X4,k9_qc_lang1(X0),k3_cqc_lang(X0)) => ((r2_hidden(k8_cqc_lang(X0,X3,X4),k4_cqc_the1(X0)) & r2_hidden(k8_cqc_lang(X0,X1,X2),k4_cqc_the1(X0))) => r2_hidden(k8_cqc_lang(X0,k7_cqc_lang(X0,X1,X3),k7_cqc_lang(X0,X2,X4)),k4_cqc_the1(X0)))))))) [input t56_procal_1]
2. ~! [X0] : (m1_qc_lang1(X0) => ! [X1] : (m2_subset_1(X1,k9_qc_lang1(X0),k3_cqc_lang(X0)) => ! [X2] : (m2_subset_1(X2,k9_qc_lang1(X0),k3_cqc_lang(X0)) => ! [X3] : (m2_subset_1(X3,k9_qc_lang1(X0),k3_cqc_lang(X0)) => ! [X4] : (m2_subset_1(X4,k9_qc_lang1(X0),k3_cqc_lang(X0)) => ((r2_hidden(k8_cqc_lang(X0,X3,X4),k4_cqc_the1(X0)) & r2_hidden(k8_cqc_lang(X0,X1,X2),k4_cqc_the1(X0))) => r2_hidden(k8_cqc_lang(X0,k7_cqc_lang(X0,X1,X3),k7_cqc_lang(X0,X2,X4)),k4_cqc_the1(X0)))))))) [negated conjecture 1]
7. ! [X0] : (m1_qc_lang1(X0) => m1_subset_1(k3_cqc_lang(X0),k1_zfmisc_1(k9_qc_lang1(X0)))) [input dt_k3_cqc_lang]
9. ! [X0,X1,X2] : ((m1_subset_1(X2,k3_cqc_lang(X0)) & m1_subset_1(X1,k3_cqc_lang(X0)) & m1_qc_lang1(X0)) => m2_subset_1(k7_cqc_lang(X0,X1,X2),k9_qc_lang1(X0),k3_cqc_lang(X0))) [input dt_k7_cqc_lang]
11. ! [X0] : (m1_qc_lang1(X0) => ~v1_xboole_0(k9_qc_lang1(X0))) [input dt_k9_qc_lang1]
18. ! [X0] : (m1_qc_lang1(X0) => ~v1_xboole_0(k3_cqc_lang(X0))) [input fc2_cqc_lang]
19. ! [X0] : (m1_qc_lang1(X0) => ! [X1] : (m2_subset_1(X1,k9_qc_lang1(X0),k3_cqc_lang(X0)) => ! [X2] : (m2_subset_1(X2,k9_qc_lang1(X0),k3_cqc_lang(X0)) => ! [X3] : (m2_subset_1(X3,k9_qc_lang1(X0),k3_cqc_lang(X0)) => (r2_hidden(k8_cqc_lang(X0,X1,X2),k4_cqc_the1(X0)) => r2_hidden(k8_cqc_lang(X0,k7_cqc_lang(X0,X3,X1),k7_cqc_lang(X0,X3,X2)),k4_cqc_the1(X0))))))) [input l45_procal_1]
22. ! [X0,X1] : ((m1_subset_1(X1,k1_zfmisc_1(X0)) & ~v1_xboole_0(X1) & ~v1_xboole_0(X0)) => ! [X2] : (m2_subset_1(X2,X0,X1) <=> m1_subset_1(X2,X1))) [input redefinition_m2_subset_1]
23. ! [X0] : (m1_qc_lang1(X0) => ! [X1] : (m2_subset_1(X1,k9_qc_lang1(X0),k3_cqc_lang(X0)) => ! [X2] : (m2_subset_1(X2,k9_qc_lang1(X0),k3_cqc_lang(X0)) => ! [X3] : (m2_subset_1(X3,k9_qc_lang1(X0),k3_cqc_lang(X0)) => ((r2_hidden(k8_cqc_lang(X0,X2,X3),k4_cqc_the1(X0)) & r2_hidden(k8_cqc_lang(X0,X1,X2),k4_cqc_the1(X0))) => r2_hidden(k8_cqc_lang(X0,X1,X3),k4_cqc_the1(X0))))))) [input t3_lukasi_1]
24. ! [X0] : (m1_qc_lang1(X0) => ! [X1] : (m2_subset_1(X1,k9_qc_lang1(X0),k3_cqc_lang(X0)) => ! [X2] : (m2_subset_1(X2,k9_qc_lang1(X0),k3_cqc_lang(X0)) => ! [X3] : (m2_subset_1(X3,k9_qc_lang1(X0),k3_cqc_lang(X0)) => (r2_hidden(k8_cqc_lang(X0,X1,X2),k4_cqc_the1(X0)) => r2_hidden(k8_cqc_lang(X0,k7_cqc_lang(X0,X1,X3),k7_cqc_lang(X0,X2,X3)),k4_cqc_the1(X0))))))) [input t51_procal_1]
25. ? [X0] : (? [X1] : (? [X2] : (? [X3] : (? [X4] : ((~r2_hidden(k8_cqc_lang(X0,k7_cqc_lang(X0,X1,X3),k7_cqc_lang(X0,X2,X4)),k4_cqc_the1(X0)) & (r2_hidden(k8_cqc_lang(X0,X3,X4),k4_cqc_the1(X0)) & r2_hidden(k8_cqc_lang(X0,X1,X2),k4_cqc_the1(X0)))) & m2_subset_1(X4,k9_qc_lang1(X0),k3_cqc_lang(X0))) & m2_subset_1(X3,k9_qc_lang1(X0),k3_cqc_lang(X0))) & m2_subset_1(X2,k9_qc_lang1(X0),k3_cqc_lang(X0))) & m2_subset_1(X1,k9_qc_lang1(X0),k3_cqc_lang(X0))) & m1_qc_lang1(X0)) [ennf transformation 2]
26. ? [X0] : (? [X1] : (? [X2] : (? [X3] : (? [X4] : (~r2_hidden(k8_cqc_lang(X0,k7_cqc_lang(X0,X1,X3),k7_cqc_lang(X0,X2,X4)),k4_cqc_the1(X0)) & r2_hidden(k8_cqc_lang(X0,X3,X4),k4_cqc_the1(X0)) & r2_hidden(k8_cqc_lang(X0,X1,X2),k4_cqc_the1(X0)) & m2_subset_1(X4,k9_qc_lang1(X0),k3_cqc_lang(X0))) & m2_subset_1(X3,k9_qc_lang1(X0),k3_cqc_lang(X0))) & m2_subset_1(X2,k9_qc_lang1(X0),k3_cqc_lang(X0))) & m2_subset_1(X1,k9_qc_lang1(X0),k3_cqc_lang(X0))) & m1_qc_lang1(X0)) [flattening 25]
27. ! [X0] : (~v1_xboole_0(k9_qc_lang1(X0)) | ~m1_qc_lang1(X0)) [ennf transformation 11]
28. ! [X0] : (~v1_xboole_0(k3_cqc_lang(X0)) | ~m1_qc_lang1(X0)) [ennf transformation 18]
30. ! [X0] : (m1_subset_1(k3_cqc_lang(X0),k1_zfmisc_1(k9_qc_lang1(X0))) | ~m1_qc_lang1(X0)) [ennf transformation 7]
31. ! [X0] : (! [X1] : (! [X2] : (! [X3] : ((r2_hidden(k8_cqc_lang(X0,k7_cqc_lang(X0,X3,X1),k7_cqc_lang(X0,X3,X2)),k4_cqc_the1(X0)) | ~r2_hidden(k8_cqc_lang(X0,X1,X2),k4_cqc_the1(X0))) | ~m2_subset_1(X3,k9_qc_lang1(X0),k3_cqc_lang(X0))) | ~m2_subset_1(X2,k9_qc_lang1(X0),k3_cqc_lang(X0))) | ~m2_subset_1(X1,k9_qc_lang1(X0),k3_cqc_lang(X0))) | ~m1_qc_lang1(X0)) [ennf transformation 19]
32. ! [X0] : (! [X1] : (! [X2] : (! [X3] : (r2_hidden(k8_cqc_lang(X0,k7_cqc_lang(X0,X3,X1),k7_cqc_lang(X0,X3,X2)),k4_cqc_the1(X0)) | ~r2_hidden(k8_cqc_lang(X0,X1,X2),k4_cqc_the1(X0)) | ~m2_subset_1(X3,k9_qc_lang1(X0),k3_cqc_lang(X0))) | ~m2_subset_1(X2,k9_qc_lang1(X0),k3_cqc_lang(X0))) | ~m2_subset_1(X1,k9_qc_lang1(X0),k3_cqc_lang(X0))) | ~m1_qc_lang1(X0)) [flattening 31]
33. ! [X0] : (! [X1] : (! [X2] : (! [X3] : ((r2_hidden(k8_cqc_lang(X0,k7_cqc_lang(X0,X1,X3),k7_cqc_lang(X0,X2,X3)),k4_cqc_the1(X0)) | ~r2_hidden(k8_cqc_lang(X0,X1,X2),k4_cqc_the1(X0))) | ~m2_subset_1(X3,k9_qc_lang1(X0),k3_cqc_lang(X0))) | ~m2_subset_1(X2,k9_qc_lang1(X0),k3_cqc_lang(X0))) | ~m2_subset_1(X1,k9_qc_lang1(X0),k3_cqc_lang(X0))) | ~m1_qc_lang1(X0)) [ennf transformation 24]
34. ! [X0] : (! [X1] : (! [X2] : (! [X3] : (r2_hidden(k8_cqc_lang(X0,k7_cqc_lang(X0,X1,X3),k7_cqc_lang(X0,X2,X3)),k4_cqc_the1(X0)) | ~r2_hidden(k8_cqc_lang(X0,X1,X2),k4_cqc_the1(X0)) | ~m2_subset_1(X3,k9_qc_lang1(X0),k3_cqc_lang(X0))) | ~m2_subset_1(X2,k9_qc_lang1(X0),k3_cqc_lang(X0))) | ~m2_subset_1(X1,k9_qc_lang1(X0),k3_cqc_lang(X0))) | ~m1_qc_lang1(X0)) [flattening 33]
35. ! [X0] : (! [X1] : (! [X2] : (! [X3] : ((r2_hidden(k8_cqc_lang(X0,X1,X3),k4_cqc_the1(X0)) | (~r2_hidden(k8_cqc_lang(X0,X2,X3),k4_cqc_the1(X0)) | ~r2_hidden(k8_cqc_lang(X0,X1,X2),k4_cqc_the1(X0)))) | ~m2_subset_1(X3,k9_qc_lang1(X0),k3_cqc_lang(X0))) | ~m2_subset_1(X2,k9_qc_lang1(X0),k3_cqc_lang(X0))) | ~m2_subset_1(X1,k9_qc_lang1(X0),k3_cqc_lang(X0))) | ~m1_qc_lang1(X0)) [ennf transformation 23]
36. ! [X0] : (! [X1] : (! [X2] : (! [X3] : (r2_hidden(k8_cqc_lang(X0,X1,X3),k4_cqc_the1(X0)) | ~r2_hidden(k8_cqc_lang(X0,X2,X3),k4_cqc_the1(X0)) | ~r2_hidden(k8_cqc_lang(X0,X1,X2),k4_cqc_the1(X0)) | ~m2_subset_1(X3,k9_qc_lang1(X0),k3_cqc_lang(X0))) | ~m2_subset_1(X2,k9_qc_lang1(X0),k3_cqc_lang(X0))) | ~m2_subset_1(X1,k9_qc_lang1(X0),k3_cqc_lang(X0))) | ~m1_qc_lang1(X0)) [flattening 35]
40. ! [X0,X1] : (! [X2] : (m2_subset_1(X2,X0,X1) <=> m1_subset_1(X2,X1)) | (~m1_subset_1(X1,k1_zfmisc_1(X0)) | v1_xboole_0(X1) | v1_xboole_0(X0))) [ennf transformation 22]
41. ! [X0,X1] : (! [X2] : (m2_subset_1(X2,X0,X1) <=> m1_subset_1(X2,X1)) | ~m1_subset_1(X1,k1_zfmisc_1(X0)) | v1_xboole_0(X1) | v1_xboole_0(X0)) [flattening 40]
52. ! [X0,X1,X2] : (m2_subset_1(k7_cqc_lang(X0,X1,X2),k9_qc_lang1(X0),k3_cqc_lang(X0)) | (~m1_subset_1(X2,k3_cqc_lang(X0)) | ~m1_subset_1(X1,k3_cqc_lang(X0)) | ~m1_qc_lang1(X0))) [ennf transformation 9]
53. ! [X0,X1,X2] : (m2_subset_1(k7_cqc_lang(X0,X1,X2),k9_qc_lang1(X0),k3_cqc_lang(X0)) | ~m1_subset_1(X2,k3_cqc_lang(X0)) | ~m1_subset_1(X1,k3_cqc_lang(X0)) | ~m1_qc_lang1(X0)) [flattening 52]
56. ? [X0] : (? [X1] : (? [X2] : (? [X3] : (? [X4] : (~r2_hidden(k8_cqc_lang(X0,k7_cqc_lang(X0,X1,X3),k7_cqc_lang(X0,X2,X4)),k4_cqc_the1(X0)) & r2_hidden(k8_cqc_lang(X0,X3,X4),k4_cqc_the1(X0)) & r2_hidden(k8_cqc_lang(X0,X1,X2),k4_cqc_the1(X0)) & m2_subset_1(X4,k9_qc_lang1(X0),k3_cqc_lang(X0))) & m2_subset_1(X3,k9_qc_lang1(X0),k3_cqc_lang(X0))) & m2_subset_1(X2,k9_qc_lang1(X0),k3_cqc_lang(X0))) & m2_subset_1(X1,k9_qc_lang1(X0),k3_cqc_lang(X0))) & m1_qc_lang1(X0)) => (? [X1] : (? [X2] : (? [X3] : (? [X4] : (~r2_hidden(k8_cqc_lang(sK0,k7_cqc_lang(sK0,X1,X3),k7_cqc_lang(sK0,X2,X4)),k4_cqc_the1(sK0)) & r2_hidden(k8_cqc_lang(sK0,X3,X4),k4_cqc_the1(sK0)) & r2_hidden(k8_cqc_lang(sK0,X1,X2),k4_cqc_the1(sK0)) & m2_subset_1(X4,k9_qc_lang1(sK0),k3_cqc_lang(sK0))) & m2_subset_1(X3,k9_qc_lang1(sK0),k3_cqc_lang(sK0))) & m2_subset_1(X2,k9_qc_lang1(sK0),k3_cqc_lang(sK0))) & m2_subset_1(X1,k9_qc_lang1(sK0),k3_cqc_lang(sK0))) & m1_qc_lang1(sK0)) [choice axiom]
57. ? [X1] : (? [X2] : (? [X3] : (? [X4] : (~r2_hidden(k8_cqc_lang(sK0,k7_cqc_lang(sK0,X1,X3),k7_cqc_lang(sK0,X2,X4)),k4_cqc_the1(sK0)) & r2_hidden(k8_cqc_lang(sK0,X3,X4),k4_cqc_the1(sK0)) & r2_hidden(k8_cqc_lang(sK0,X1,X2),k4_cqc_the1(sK0)) & m2_subset_1(X4,k9_qc_lang1(sK0),k3_cqc_lang(sK0))) & m2_subset_1(X3,k9_qc_lang1(sK0),k3_cqc_lang(sK0))) & m2_subset_1(X2,k9_qc_lang1(sK0),k3_cqc_lang(sK0))) & m2_subset_1(X1,k9_qc_lang1(sK0),k3_cqc_lang(sK0))) => (? [X2] : (? [X3] : (? [X4] : (~r2_hidden(k8_cqc_lang(sK0,k7_cqc_lang(sK0,sK1,X3),k7_cqc_lang(sK0,X2,X4)),k4_cqc_the1(sK0)) & r2_hidden(k8_cqc_lang(sK0,X3,X4),k4_cqc_the1(sK0)) & r2_hidden(k8_cqc_lang(sK0,sK1,X2),k4_cqc_the1(sK0)) & m2_subset_1(X4,k9_qc_lang1(sK0),k3_cqc_lang(sK0))) & m2_subset_1(X3,k9_qc_lang1(sK0),k3_cqc_lang(sK0))) & m2_subset_1(X2,k9_qc_lang1(sK0),k3_cqc_lang(sK0))) & m2_subset_1(sK1,k9_qc_lang1(sK0),k3_cqc_lang(sK0))) [choice axiom]
58. ? [X2] : (? [X3] : (? [X4] : (~r2_hidden(k8_cqc_lang(sK0,k7_cqc_lang(sK0,sK1,X3),k7_cqc_lang(sK0,X2,X4)),k4_cqc_the1(sK0)) & r2_hidden(k8_cqc_lang(sK0,X3,X4),k4_cqc_the1(sK0)) & r2_hidden(k8_cqc_lang(sK0,sK1,X2),k4_cqc_the1(sK0)) & m2_subset_1(X4,k9_qc_lang1(sK0),k3_cqc_lang(sK0))) & m2_subset_1(X3,k9_qc_lang1(sK0),k3_cqc_lang(sK0))) & m2_subset_1(X2,k9_qc_lang1(sK0),k3_cqc_lang(sK0))) => (? [X3] : (? [X4] : (~r2_hidden(k8_cqc_lang(sK0,k7_cqc_lang(sK0,sK1,X3),k7_cqc_lang(sK0,sK2,X4)),k4_cqc_the1(sK0)) & r2_hidden(k8_cqc_lang(sK0,X3,X4),k4_cqc_the1(sK0)) & r2_hidden(k8_cqc_lang(sK0,sK1,sK2),k4_cqc_the1(sK0)) & m2_subset_1(X4,k9_qc_lang1(sK0),k3_cqc_lang(sK0))) & m2_subset_1(X3,k9_qc_lang1(sK0),k3_cqc_lang(sK0))) & m2_subset_1(sK2,k9_qc_lang1(sK0),k3_cqc_lang(sK0))) [choice axiom]
59. ? [X3] : (? [X4] : (~r2_hidden(k8_cqc_lang(sK0,k7_cqc_lang(sK0,sK1,X3),k7_cqc_lang(sK0,sK2,X4)),k4_cqc_the1(sK0)) & r2_hidden(k8_cqc_lang(sK0,X3,X4),k4_cqc_the1(sK0)) & r2_hidden(k8_cqc_lang(sK0,sK1,sK2),k4_cqc_the1(sK0)) & m2_subset_1(X4,k9_qc_lang1(sK0),k3_cqc_lang(sK0))) & m2_subset_1(X3,k9_qc_lang1(sK0),k3_cqc_lang(sK0))) => (? [X4] : (~r2_hidden(k8_cqc_lang(sK0,k7_cqc_lang(sK0,sK1,sK3),k7_cqc_lang(sK0,sK2,X4)),k4_cqc_the1(sK0)) & r2_hidden(k8_cqc_lang(sK0,sK3,X4),k4_cqc_the1(sK0)) & r2_hidden(k8_cqc_lang(sK0,sK1,sK2),k4_cqc_the1(sK0)) & m2_subset_1(X4,k9_qc_lang1(sK0),k3_cqc_lang(sK0))) & m2_subset_1(sK3,k9_qc_lang1(sK0),k3_cqc_lang(sK0))) [choice axiom]
60. ? [X4] : (~r2_hidden(k8_cqc_lang(sK0,k7_cqc_lang(sK0,sK1,sK3),k7_cqc_lang(sK0,sK2,X4)),k4_cqc_the1(sK0)) & r2_hidden(k8_cqc_lang(sK0,sK3,X4),k4_cqc_the1(sK0)) & r2_hidden(k8_cqc_lang(sK0,sK1,sK2),k4_cqc_the1(sK0)) & m2_subset_1(X4,k9_qc_lang1(sK0),k3_cqc_lang(sK0))) => (~r2_hidden(k8_cqc_lang(sK0,k7_cqc_lang(sK0,sK1,sK3),k7_cqc_lang(sK0,sK2,sK4)),k4_cqc_the1(sK0)) & r2_hidden(k8_cqc_lang(sK0,sK3,sK4),k4_cqc_the1(sK0)) & r2_hidden(k8_cqc_lang(sK0,sK1,sK2),k4_cqc_the1(sK0)) & m2_subset_1(sK4,k9_qc_lang1(sK0),k3_cqc_lang(sK0))) [choice axiom]
61. ((((~r2_hidden(k8_cqc_lang(sK0,k7_cqc_lang(sK0,sK1,sK3),k7_cqc_lang(sK0,sK2,sK4)),k4_cqc_the1(sK0)) & r2_hidden(k8_cqc_lang(sK0,sK3,sK4),k4_cqc_the1(sK0)) & r2_hidden(k8_cqc_lang(sK0,sK1,sK2),k4_cqc_the1(sK0)) & m2_subset_1(sK4,k9_qc_lang1(sK0),k3_cqc_lang(sK0))) & m2_subset_1(sK3,k9_qc_lang1(sK0),k3_cqc_lang(sK0))) & m2_subset_1(sK2,k9_qc_lang1(sK0),k3_cqc_lang(sK0))) & m2_subset_1(sK1,k9_qc_lang1(sK0),k3_cqc_lang(sK0))) & m1_qc_lang1(sK0) [skolemisation 26,60,59,58,57,56]
64. ! [X0,X1] : (! [X2] : ((m2_subset_1(X2,X0,X1) | ~m1_subset_1(X2,X1)) & (m1_subset_1(X2,X1) | ~m2_subset_1(X2,X0,X1))) | ~m1_subset_1(X1,k1_zfmisc_1(X0)) | v1_xboole_0(X1) | v1_xboole_0(X0)) [nnf transformation 41]
69. m1_qc_lang1(sK0) [cnf transformation 61] {a:0,w:2,wCS:200,goal:1,sine:0,thAx:0,allAx:6,thDist:-6}
70. m2_subset_1(sK1,k9_qc_lang1(sK0),k3_cqc_lang(sK0)) [cnf transformation 61] {a:0,w:6,wCS:600,goal:1,sine:0,thAx:0,allAx:6,thDist:-6}
71. m2_subset_1(sK2,k9_qc_lang1(sK0),k3_cqc_lang(sK0)) [cnf transformation 61] {a:0,w:6,wCS:600,goal:1,sine:0,thAx:0,allAx:6,thDist:-6}
72. m2_subset_1(sK3,k9_qc_lang1(sK0),k3_cqc_lang(sK0)) [cnf transformation 61] {a:0,w:6,wCS:600,goal:1,sine:0,thAx:0,allAx:6,thDist:-6}
73. m2_subset_1(sK4,k9_qc_lang1(sK0),k3_cqc_lang(sK0)) [cnf transformation 61] {a:0,w:6,wCS:600,goal:1,sine:0,thAx:0,allAx:6,thDist:-6}
74. r2_hidden(k8_cqc_lang(sK0,sK1,sK2),k4_cqc_the1(sK0)) [cnf transformation 61] {a:0,w:7,wCS:700,goal:1,sine:0,thAx:0,allAx:6,thDist:-6}
75. r2_hidden(k8_cqc_lang(sK0,sK3,sK4),k4_cqc_the1(sK0)) [cnf transformation 61] {a:0,w:7,wCS:700,goal:1,sine:0,thAx:0,allAx:6,thDist:-6}
76. ~r2_hidden(k8_cqc_lang(sK0,k7_cqc_lang(sK0,sK1,sK3),k7_cqc_lang(sK0,sK2,sK4)),k4_cqc_the1(sK0)) [cnf transformation 61] {a:0,w:13,wCS:1300,goal:1,sine:0,thAx:0,allAx:6,thDist:-6}
77. ~v1_xboole_0(k9_qc_lang1(X0)) | ~m1_qc_lang1(X0) [cnf transformation 27] {a:0,w:5,wCS:2000,nSel:1,sine:3,thAx:0,allAx:1,thDist:-1}
78. ~v1_xboole_0(k3_cqc_lang(X0)) | ~m1_qc_lang1(X0) [cnf transformation 28] {a:0,w:5,wCS:2000,nSel:1,sine:3,thAx:0,allAx:1,thDist:-1}
80. m1_subset_1(k3_cqc_lang(X0),k1_zfmisc_1(k9_qc_lang1(X0))) | ~m1_qc_lang1(X0) [cnf transformation 30] {a:0,w:8,wCS:3200,nSel:1,sine:2,thAx:0,allAx:1,thDist:-1}
81. r2_hidden(k8_cqc_lang(X0,k7_cqc_lang(X0,X3,X1),k7_cqc_lang(X0,X3,X2)),k4_cqc_the1(X0)) | ~r2_hidden(k8_cqc_lang(X0,X1,X2),k4_cqc_the1(X0)) | ~m2_subset_1(X3,k9_qc_lang1(X0),k3_cqc_lang(X0)) | ~m2_subset_1(X2,k9_qc_lang1(X0),k3_cqc_lang(X0)) | ~m2_subset_1(X1,k9_qc_lang1(X0),k3_cqc_lang(X0)) | ~m1_qc_lang1(X0) [cnf transformation 32] {a:0,w:40,wCS:16000,nSel:1,sine:1,thAx:0,allAx:1,thDist:-1}
82. r2_hidden(k8_cqc_lang(X0,k7_cqc_lang(X0,X1,X3),k7_cqc_lang(X0,X2,X3)),k4_cqc_the1(X0)) | ~r2_hidden(k8_cqc_lang(X0,X1,X2),k4_cqc_the1(X0)) | ~m2_subset_1(X3,k9_qc_lang1(X0),k3_cqc_lang(X0)) | ~m2_subset_1(X2,k9_qc_lang1(X0),k3_cqc_lang(X0)) | ~m2_subset_1(X1,k9_qc_lang1(X0),k3_cqc_lang(X0)) | ~m1_qc_lang1(X0) [cnf transformation 34] {a:0,w:40,wCS:16000,nSel:1,sine:1,thAx:0,allAx:1,thDist:-1}
83. ~r2_hidden(k8_cqc_lang(X0,X2,X3),k4_cqc_the1(X0)) | r2_hidden(k8_cqc_lang(X0,X1,X3),k4_cqc_the1(X0)) | ~r2_hidden(k8_cqc_lang(X0,X1,X2),k4_cqc_the1(X0)) | ~m2_subset_1(X3,k9_qc_lang1(X0),k3_cqc_lang(X0)) | ~m2_subset_1(X2,k9_qc_lang1(X0),k3_cqc_lang(X0)) | ~m2_subset_1(X1,k9_qc_lang1(X0),k3_cqc_lang(X0)) | ~m1_qc_lang1(X0) [cnf transformation 36] {a:0,w:41,wCS:16400,nSel:1,sine:1,thAx:0,allAx:1,thDist:-1}
87. ~m1_subset_1(X1,k1_zfmisc_1(X0)) | ~m2_subset_1(X2,X0,X1) | m1_subset_1(X2,X1) | v1_xboole_0(X1) | v1_xboole_0(X0) [cnf transformation 64] {a:0,w:15,wCS:6000,nSel:1,sine:2,thAx:0,allAx:1,thDist:-1}
94. m2_subset_1(k7_cqc_lang(X0,X1,X2),k9_qc_lang1(X0),k3_cqc_lang(X0)) | ~m1_subset_1(X2,k3_cqc_lang(X0)) | ~m1_subset_1(X1,k3_cqc_lang(X0)) | ~m1_qc_lang1(X0) [cnf transformation 53] {a:0,w:19,wCS:7600,nSel:1,sine:1,thAx:0,allAx:1,thDist:-1}
98. 1 <=> r2_hidden(k8_cqc_lang(sK0,k7_cqc_lang(sK0,sK1,sK3),k7_cqc_lang(sK0,sK2,sK4)),k4_cqc_the1(sK0)) [avatar definition]
100. ~r2_hidden(k8_cqc_lang(sK0,k7_cqc_lang(sK0,sK1,sK3),k7_cqc_lang(sK0,sK2,sK4)),k4_cqc_the1(sK0)) <- (~1) [avatar component clause 98] {a:0,w:13,wCS:1300,nSel:1,goal:1,sine:255,thAx:0,allAx:6,thDist:-6}
101. ~1 [avatar split clause 76,98]
103. 2 <=> r2_hidden(k8_cqc_lang(sK0,sK3,sK4),k4_cqc_the1(sK0)) [avatar definition]
105. r2_hidden(k8_cqc_lang(sK0,sK3,sK4),k4_cqc_the1(sK0)) <- (2) [avatar component clause 103] {a:0,w:7,wCS:700,nSel:1,goal:1,sine:255,thAx:0,allAx:6,thDist:-6}
106. 2 [avatar split clause 75,103]
108. 3 <=> r2_hidden(k8_cqc_lang(sK0,sK1,sK2),k4_cqc_the1(sK0)) [avatar definition]
110. r2_hidden(k8_cqc_lang(sK0,sK1,sK2),k4_cqc_the1(sK0)) <- (3) [avatar component clause 108] {a:0,w:7,wCS:700,nSel:1,goal:1,sine:255,thAx:0,allAx:6,thDist:-6}
111. 3 [avatar split clause 74,108]
113. 4 <=> m2_subset_1(sK4,k9_qc_lang1(sK0),k3_cqc_lang(sK0)) [avatar definition]
115. m2_subset_1(sK4,k9_qc_lang1(sK0),k3_cqc_lang(sK0)) <- (4) [avatar component clause 113] {a:0,w:6,wCS:600,nSel:1,goal:1,sine:255,thAx:0,allAx:6,thDist:-6}
116. 4 [avatar split clause 73,113]
118. 5 <=> m2_subset_1(sK3,k9_qc_lang1(sK0),k3_cqc_lang(sK0)) [avatar definition]
120. m2_subset_1(sK3,k9_qc_lang1(sK0),k3_cqc_lang(sK0)) <- (5) [avatar component clause 118] {a:0,w:6,wCS:600,nSel:1,goal:1,sine:255,thAx:0,allAx:6,thDist:-6}
121. 5 [avatar split clause 72,118]
123. 6 <=> m2_subset_1(sK2,k9_qc_lang1(sK0),k3_cqc_lang(sK0)) [avatar definition]
125. m2_subset_1(sK2,k9_qc_lang1(sK0),k3_cqc_lang(sK0)) <- (6) [avatar component clause 123] {a:0,w:6,wCS:600,nSel:1,goal:1,sine:255,thAx:0,allAx:6,thDist:-6}
126. 6 [avatar split clause 71,123]
128. 7 <=> m2_subset_1(sK1,k9_qc_lang1(sK0),k3_cqc_lang(sK0)) [avatar definition]
130. m2_subset_1(sK1,k9_qc_lang1(sK0),k3_cqc_lang(sK0)) <- (7) [avatar component clause 128] {a:0,w:6,wCS:600,nSel:1,goal:1,sine:255,thAx:0,allAx:6,thDist:-6}
131. 7 [avatar split clause 70,128]
133. 8 <=> m1_qc_lang1(sK0) [avatar definition]
135. m1_qc_lang1(sK0) <- (8) [avatar component clause 133] {a:0,w:2,wCS:200,nSel:1,goal:1,sine:255,thAx:0,allAx:6,thDist:-6}
136. 8 [avatar split clause 69,133]
162. ~m2_subset_1(X4,k9_qc_lang1(X5),k3_cqc_lang(X5)) | m1_subset_1(X4,k3_cqc_lang(X5)) | v1_xboole_0(k3_cqc_lang(X5)) | v1_xboole_0(k9_qc_lang1(X5)) | ~m1_qc_lang1(X5) [resolution 87,80] {a:1,w:18,wCS:7200,sine:2,thAx:0,allAx:2,thDist:-2}
164. ~m2_subset_1(X4,k9_qc_lang1(X5),k3_cqc_lang(X5)) | m1_subset_1(X4,k3_cqc_lang(X5)) | v1_xboole_0(k9_qc_lang1(X5)) | ~m1_qc_lang1(X5) [subsumption resolution 162,78] {a:1,w:15,wCS:6000,sine:2,thAx:0,allAx:2,thDist:-2}
165. ~m2_subset_1(X4,k9_qc_lang1(X5),k3_cqc_lang(X5)) | m1_subset_1(X4,k3_cqc_lang(X5)) | ~m1_qc_lang1(X5) [subsumption resolution 164,77] {a:1,w:12,wCS:4800,nSel:1,sine:2,thAx:0,allAx:2,thDist:-2}
217. r2_hidden(k8_cqc_lang(X7,X8,k7_cqc_lang(X7,X9,X10)),k4_cqc_the1(X7)) | ~r2_hidden(k8_cqc_lang(X7,X8,k7_cqc_lang(X7,X11,X10)),k4_cqc_the1(X7)) | ~m2_subset_1(k7_cqc_lang(X7,X9,X10),k9_qc_lang1(X7),k3_cqc_lang(X7)) | ~m2_subset_1(k7_cqc_lang(X7,X11,X10),k9_qc_lang1(X7),k3_cqc_lang(X7)) | ~m2_subset_1(X8,k9_qc_lang1(X7),k3_cqc_lang(X7)) | ~m1_qc_lang1(X7) | ~r2_hidden(k8_cqc_lang(X7,X11,X9),k4_cqc_the1(X7)) | ~m2_subset_1(X10,k9_qc_lang1(X7),k3_cqc_lang(X7)) | ~m2_subset_1(X9,k9_qc_lang1(X7),k3_cqc_lang(X7)) | ~m2_subset_1(X11,k9_qc_lang1(X7),k3_cqc_lang(X7)) | ~m1_qc_lang1(X7) [resolution 83,82] {a:1,w:73,wCS:29200,sine:1,thAx:0,allAx:2,thDist:-2}
218. ~r2_hidden(k8_cqc_lang(X7,X8,k7_cqc_lang(X7,X11,X10)),k4_cqc_the1(X7)) | r2_hidden(k8_cqc_lang(X7,X8,k7_cqc_lang(X7,X9,X10)),k4_cqc_the1(X7)) | ~m2_subset_1(k7_cqc_lang(X7,X9,X10),k9_qc_lang1(X7),k3_cqc_lang(X7)) | ~m2_subset_1(k7_cqc_lang(X7,X11,X10),k9_qc_lang1(X7),k3_cqc_lang(X7)) | ~m2_subset_1(X8,k9_qc_lang1(X7),k3_cqc_lang(X7)) | ~m1_qc_lang1(X7) | ~r2_hidden(k8_cqc_lang(X7,X11,X9),k4_cqc_the1(X7)) | ~m2_subset_1(X10,k9_qc_lang1(X7),k3_cqc_lang(X7)) | ~m2_subset_1(X9,k9_qc_lang1(X7),k3_cqc_lang(X7)) | ~m2_subset_1(X11,k9_qc_lang1(X7),k3_cqc_lang(X7)) [duplicate literal removal 217] {a:1,w:71,wCS:28400,nSel:1,sine:1,thAx:0,allAx:2,thDist:-2}
226. m1_subset_1(sK1,k3_cqc_lang(sK0)) | ~m1_qc_lang1(sK0) <- (7) [resolution 165,130] {a:2,w:6,wCS:600,goal:1,sine:2,thAx:0,allAx:8,thDist:-8}
227. m1_subset_1(sK2,k3_cqc_lang(sK0)) | ~m1_qc_lang1(sK0) <- (6) [resolution 165,125] {a:2,w:6,wCS:600,goal:1,sine:2,thAx:0,allAx:8,thDist:-8}
228. m1_subset_1(sK3,k3_cqc_lang(sK0)) | ~m1_qc_lang1(sK0) <- (5) [resolution 165,120] {a:2,w:6,wCS:600,goal:1,sine:2,thAx:0,allAx:8,thDist:-8}
229. m1_subset_1(sK4,k3_cqc_lang(sK0)) | ~m1_qc_lang1(sK0) <- (4) [resolution 165,115] {a:2,w:6,wCS:600,goal:1,sine:2,thAx:0,allAx:8,thDist:-8}
235. m1_subset_1(sK1,k3_cqc_lang(sK0)) <- (7, 8) [subsumption resolution 226,135] {a:2,w:4,wCS:400,goal:1,sine:2,thAx:0,allAx:8,thDist:-8}
237. 16 <=> m1_subset_1(sK1,k3_cqc_lang(sK0)) [avatar definition]
239. m1_subset_1(sK1,k3_cqc_lang(sK0)) <- (16) [avatar component clause 237] {a:2,w:4,wCS:400,nSel:1,goal:1,sine:255,thAx:0,allAx:8,thDist:-8}
240. 16 | ~7 | ~8 [avatar split clause 235,133,128,237]
241. m1_subset_1(sK2,k3_cqc_lang(sK0)) <- (6, 8) [subsumption resolution 227,135] {a:2,w:4,wCS:400,goal:1,sine:2,thAx:0,allAx:8,thDist:-8}
243. 17 <=> m1_subset_1(sK2,k3_cqc_lang(sK0)) [avatar definition]
245. m1_subset_1(sK2,k3_cqc_lang(sK0)) <- (17) [avatar component clause 243] {a:2,w:4,wCS:400,nSel:1,goal:1,sine:255,thAx:0,allAx:8,thDist:-8}
246. 17 | ~6 | ~8 [avatar split clause 241,133,123,243]
247. m1_subset_1(sK3,k3_cqc_lang(sK0)) <- (5, 8) [subsumption resolution 228,135] {a:2,w:4,wCS:400,goal:1,sine:2,thAx:0,allAx:8,thDist:-8}
249. 18 <=> m1_subset_1(sK3,k3_cqc_lang(sK0)) [avatar definition]
251. m1_subset_1(sK3,k3_cqc_lang(sK0)) <- (18) [avatar component clause 249] {a:2,w:4,wCS:400,nSel:1,goal:1,sine:255,thAx:0,allAx:8,thDist:-8}
252. 18 | ~5 | ~8 [avatar split clause 247,133,118,249]
253. m1_subset_1(sK4,k3_cqc_lang(sK0)) <- (4, 8) [subsumption resolution 229,135] {a:2,w:4,wCS:400,goal:1,sine:2,thAx:0,allAx:8,thDist:-8}
255. 19 <=> m1_subset_1(sK4,k3_cqc_lang(sK0)) [avatar definition]
257. m1_subset_1(sK4,k3_cqc_lang(sK0)) <- (19) [avatar component clause 255] {a:2,w:4,wCS:400,nSel:1,goal:1,sine:255,thAx:0,allAx:8,thDist:-8}
258. 19 | ~4 | ~8 [avatar split clause 253,133,113,255]
295. r2_hidden(k8_cqc_lang(X0,k7_cqc_lang(X0,X1,X2),k7_cqc_lang(X0,X3,X4)),k4_cqc_the1(X0)) | ~m2_subset_1(k7_cqc_lang(X0,X3,X4),k9_qc_lang1(X0),k3_cqc_lang(X0)) | ~m2_subset_1(k7_cqc_lang(X0,X1,X4),k9_qc_lang1(X0),k3_cqc_lang(X0)) | ~m2_subset_1(k7_cqc_lang(X0,X1,X2),k9_qc_lang1(X0),k3_cqc_lang(X0)) | ~m1_qc_lang1(X0) | ~r2_hidden(k8_cqc_lang(X0,X1,X3),k4_cqc_the1(X0)) | ~m2_subset_1(X4,k9_qc_lang1(X0),k3_cqc_lang(X0)) | ~m2_subset_1(X3,k9_qc_lang1(X0),k3_cqc_lang(X0)) | ~m2_subset_1(X1,k9_qc_lang1(X0),k3_cqc_lang(X0)) | ~r2_hidden(k8_cqc_lang(X0,X2,X4),k4_cqc_the1(X0)) | ~m2_subset_1(X1,k9_qc_lang1(X0),k3_cqc_lang(X0)) | ~m2_subset_1(X4,k9_qc_lang1(X0),k3_cqc_lang(X0)) | ~m2_subset_1(X2,k9_qc_lang1(X0),k3_cqc_lang(X0)) | ~m1_qc_lang1(X0) [resolution 218,81] {a:2,w:94,wCS:37600,sine:1,thAx:0,allAx:3,thDist:-3}
298. r2_hidden(k8_cqc_lang(X0,k7_cqc_lang(X0,X1,X2),k7_cqc_lang(X0,X3,X4)),k4_cqc_the1(X0)) | ~m2_subset_1(k7_cqc_lang(X0,X3,X4),k9_qc_lang1(X0),k3_cqc_lang(X0)) | ~m2_subset_1(k7_cqc_lang(X0,X1,X4),k9_qc_lang1(X0),k3_cqc_lang(X0)) | ~m2_subset_1(k7_cqc_lang(X0,X1,X2),k9_qc_lang1(X0),k3_cqc_lang(X0)) | ~m1_qc_lang1(X0) | ~r2_hidden(k8_cqc_lang(X0,X1,X3),k4_cqc_the1(X0)) | ~m2_subset_1(X4,k9_qc_lang1(X0),k3_cqc_lang(X0)) | ~m2_subset_1(X3,k9_qc_lang1(X0),k3_cqc_lang(X0)) | ~m2_subset_1(X1,k9_qc_lang1(X0),k3_cqc_lang(X0)) | ~r2_hidden(k8_cqc_lang(X0,X2,X4),k4_cqc_the1(X0)) | ~m2_subset_1(X2,k9_qc_lang1(X0),k3_cqc_lang(X0)) [duplicate literal removal 295] {a:2,w:80,wCS:32000,nSel:1,sine:1,thAx:0,allAx:3,thDist:-3}
342. ~m2_subset_1(k7_cqc_lang(sK0,sK2,sK4),k9_qc_lang1(sK0),k3_cqc_lang(sK0)) | ~m2_subset_1(k7_cqc_lang(sK0,sK1,sK4),k9_qc_lang1(sK0),k3_cqc_lang(sK0)) | ~m2_subset_1(k7_cqc_lang(sK0,sK1,sK3),k9_qc_lang1(sK0),k3_cqc_lang(sK0)) | ~m1_qc_lang1(sK0) | ~r2_hidden(k8_cqc_lang(sK0,sK1,sK2),k4_cqc_the1(sK0)) | ~m2_subset_1(sK4,k9_qc_lang1(sK0),k3_cqc_lang(sK0)) | ~m2_subset_1(sK2,k9_qc_lang1(sK0),k3_cqc_lang(sK0)) | ~m2_subset_1(sK1,k9_qc_lang1(sK0),k3_cqc_lang(sK0)) | ~r2_hidden(k8_cqc_lang(sK0,sK3,sK4),k4_cqc_the1(sK0)) | ~m2_subset_1(sK3,k9_qc_lang1(sK0),k3_cqc_lang(sK0)) <- (~1) [resolution 298,100] {a:3,w:67,wCS:6700,goal:1,sine:1,thAx:0,allAx:9,thDist:-9}
350. ~m2_subset_1(k7_cqc_lang(sK0,sK2,sK4),k9_qc_lang1(sK0),k3_cqc_lang(sK0)) | ~m2_subset_1(k7_cqc_lang(sK0,sK1,sK4),k9_qc_lang1(sK0),k3_cqc_lang(sK0)) | ~m2_subset_1(k7_cqc_lang(sK0,sK1,sK3),k9_qc_lang1(sK0),k3_cqc_lang(sK0)) | ~r2_hidden(k8_cqc_lang(sK0,sK1,sK2),k4_cqc_the1(sK0)) | ~m2_subset_1(sK4,k9_qc_lang1(sK0),k3_cqc_lang(sK0)) | ~m2_subset_1(sK2,k9_qc_lang1(sK0),k3_cqc_lang(sK0)) | ~m2_subset_1(sK1,k9_qc_lang1(sK0),k3_cqc_lang(sK0)) | ~r2_hidden(k8_cqc_lang(sK0,sK3,sK4),k4_cqc_the1(sK0)) | ~m2_subset_1(sK3,k9_qc_lang1(sK0),k3_cqc_lang(sK0)) <- (~1, 8) [subsumption resolution 342,135] {a:3,w:65,wCS:6500,goal:1,sine:1,thAx:0,allAx:9,thDist:-9}
351. ~m2_subset_1(k7_cqc_lang(sK0,sK2,sK4),k9_qc_lang1(sK0),k3_cqc_lang(sK0)) | ~m2_subset_1(k7_cqc_lang(sK0,sK1,sK4),k9_qc_lang1(sK0),k3_cqc_lang(sK0)) | ~m2_subset_1(k7_cqc_lang(sK0,sK1,sK3),k9_qc_lang1(sK0),k3_cqc_lang(sK0)) | ~m2_subset_1(sK4,k9_qc_lang1(sK0),k3_cqc_lang(sK0)) | ~m2_subset_1(sK2,k9_qc_lang1(sK0),k3_cqc_lang(sK0)) | ~m2_subset_1(sK1,k9_qc_lang1(sK0),k3_cqc_lang(sK0)) | ~r2_hidden(k8_cqc_lang(sK0,sK3,sK4),k4_cqc_the1(sK0)) | ~m2_subset_1(sK3,k9_qc_lang1(sK0),k3_cqc_lang(sK0)) <- (~1, 3, 8) [subsumption resolution 350,110] {a:3,w:58,wCS:5800,goal:1,sine:1,thAx:0,allAx:9,thDist:-9}
352. ~m2_subset_1(k7_cqc_lang(sK0,sK2,sK4),k9_qc_lang1(sK0),k3_cqc_lang(sK0)) | ~m2_subset_1(k7_cqc_lang(sK0,sK1,sK4),k9_qc_lang1(sK0),k3_cqc_lang(sK0)) | ~m2_subset_1(k7_cqc_lang(sK0,sK1,sK3),k9_qc_lang1(sK0),k3_cqc_lang(sK0)) | ~m2_subset_1(sK2,k9_qc_lang1(sK0),k3_cqc_lang(sK0)) | ~m2_subset_1(sK1,k9_qc_lang1(sK0),k3_cqc_lang(sK0)) | ~r2_hidden(k8_cqc_lang(sK0,sK3,sK4),k4_cqc_the1(sK0)) | ~m2_subset_1(sK3,k9_qc_lang1(sK0),k3_cqc_lang(sK0)) <- (~1, 3, 4, 8) [subsumption resolution 351,115] {a:3,w:52,wCS:5200,goal:1,sine:1,thAx:0,allAx:9,thDist:-9}
353. ~m2_subset_1(k7_cqc_lang(sK0,sK2,sK4),k9_qc_lang1(sK0),k3_cqc_lang(sK0)) | ~m2_subset_1(k7_cqc_lang(sK0,sK1,sK4),k9_qc_lang1(sK0),k3_cqc_lang(sK0)) | ~m2_subset_1(k7_cqc_lang(sK0,sK1,sK3),k9_qc_lang1(sK0),k3_cqc_lang(sK0)) | ~m2_subset_1(sK1,k9_qc_lang1(sK0),k3_cqc_lang(sK0)) | ~r2_hidden(k8_cqc_lang(sK0,sK3,sK4),k4_cqc_the1(sK0)) | ~m2_subset_1(sK3,k9_qc_lang1(sK0),k3_cqc_lang(sK0)) <- (~1, 3, 4, 6, 8) [subsumption resolution 352,125] {a:3,w:46,wCS:4600,goal:1,sine:1,thAx:0,allAx:9,thDist:-9}
354. ~m2_subset_1(k7_cqc_lang(sK0,sK2,sK4),k9_qc_lang1(sK0),k3_cqc_lang(sK0)) | ~m2_subset_1(k7_cqc_lang(sK0,sK1,sK4),k9_qc_lang1(sK0),k3_cqc_lang(sK0)) | ~m2_subset_1(k7_cqc_lang(sK0,sK1,sK3),k9_qc_lang1(sK0),k3_cqc_lang(sK0)) | ~r2_hidden(k8_cqc_lang(sK0,sK3,sK4),k4_cqc_the1(sK0)) | ~m2_subset_1(sK3,k9_qc_lang1(sK0),k3_cqc_lang(sK0)) <- (~1, 3, 4, 6, 7, 8) [subsumption resolution 353,130] {a:3,w:40,wCS:4000,goal:1,sine:1,thAx:0,allAx:9,thDist:-9}
355. ~m2_subset_1(k7_cqc_lang(sK0,sK2,sK4),k9_qc_lang1(sK0),k3_cqc_lang(sK0)) | ~m2_subset_1(k7_cqc_lang(sK0,sK1,sK4),k9_qc_lang1(sK0),k3_cqc_lang(sK0)) | ~m2_subset_1(k7_cqc_lang(sK0,sK1,sK3),k9_qc_lang1(sK0),k3_cqc_lang(sK0)) | ~m2_subset_1(sK3,k9_qc_lang1(sK0),k3_cqc_lang(sK0)) <- (~1, 2, 3, 4, 6, 7, 8) [subsumption resolution 354,105] {a:3,w:33,wCS:3300,goal:1,sine:1,thAx:0,allAx:9,thDist:-9}
356. ~m2_subset_1(k7_cqc_lang(sK0,sK2,sK4),k9_qc_lang1(sK0),k3_cqc_lang(sK0)) | ~m2_subset_1(k7_cqc_lang(sK0,sK1,sK4),k9_qc_lang1(sK0),k3_cqc_lang(sK0)) | ~m2_subset_1(k7_cqc_lang(sK0,sK1,sK3),k9_qc_lang1(sK0),k3_cqc_lang(sK0)) <- (~1, 2, 3, 4, 5, 6, 7, 8) [subsumption resolution 355,120] {a:3,w:27,wCS:2700,goal:1,sine:1,thAx:0,allAx:9,thDist:-9}
358. 20 <=> m2_subset_1(k7_cqc_lang(sK0,sK1,sK3),k9_qc_lang1(sK0),k3_cqc_lang(sK0)) [avatar definition]
360. ~m2_subset_1(k7_cqc_lang(sK0,sK1,sK3),k9_qc_lang1(sK0),k3_cqc_lang(sK0)) <- (~20) [avatar component clause 358] {a:3,w:9,wCS:900,nSel:1,goal:1,sine:255,thAx:0,allAx:9,thDist:-9}
362. 21 <=> m2_subset_1(k7_cqc_lang(sK0,sK1,sK4),k9_qc_lang1(sK0),k3_cqc_lang(sK0)) [avatar definition]
364. ~m2_subset_1(k7_cqc_lang(sK0,sK1,sK4),k9_qc_lang1(sK0),k3_cqc_lang(sK0)) <- (~21) [avatar component clause 362] {a:3,w:9,wCS:900,nSel:1,goal:1,sine:255,thAx:0,allAx:9,thDist:-9}
366. 22 <=> m2_subset_1(k7_cqc_lang(sK0,sK2,sK4),k9_qc_lang1(sK0),k3_cqc_lang(sK0)) [avatar definition]
368. ~m2_subset_1(k7_cqc_lang(sK0,sK2,sK4),k9_qc_lang1(sK0),k3_cqc_lang(sK0)) <- (~22) [avatar component clause 366] {a:3,w:9,wCS:900,nSel:1,goal:1,sine:255,thAx:0,allAx:9,thDist:-9}
369. ~20 | ~21 | ~22 | 1 | ~2 | ~3 | ~4 | ~5 | ~6 | ~7 | ~8 [avatar split clause 356,133,128,123,118,113,108,103,98,366,362,358]
371. ~m1_subset_1(sK3,k3_cqc_lang(sK0)) | ~m1_subset_1(sK1,k3_cqc_lang(sK0)) | ~m1_qc_lang1(sK0) <- (~20) [resolution 360,94] {a:4,w:10,wCS:1000,goal:1,sine:1,thAx:0,allAx:10,thDist:-10}
374. ~m1_subset_1(sK1,k3_cqc_lang(sK0)) | ~m1_qc_lang1(sK0) <- (18, ~20) [subsumption resolution 371,251] {a:4,w:6,wCS:600,goal:1,sine:1,thAx:0,allAx:10,thDist:-10}
375. ~m1_qc_lang1(sK0) <- (16, 18, ~20) [subsumption resolution 374,239] {a:4,w:2,wCS:200,goal:1,sine:1,thAx:0,allAx:10,thDist:-10}
376. $false <- (8, 16, 18, ~20) [subsumption resolution 375,135] {a:4,w:0,goal:1,sine:1,thAx:0,allAx:10,thDist:-10}
377. ~8 | ~16 | ~18 | 20 [avatar contradiction clause 376]
421. ~m1_subset_1(sK4,k3_cqc_lang(sK0)) | ~m1_subset_1(sK1,k3_cqc_lang(sK0)) | ~m1_qc_lang1(sK0) <- (~21) [resolution 364,94] {a:4,w:10,wCS:1000,goal:1,sine:1,thAx:0,allAx:10,thDist:-10}
424. ~m1_subset_1(sK1,k3_cqc_lang(sK0)) | ~m1_qc_lang1(sK0) <- (19, ~21) [subsumption resolution 421,257] {a:4,w:6,wCS:600,goal:1,sine:1,thAx:0,allAx:10,thDist:-10}
425. ~m1_qc_lang1(sK0) <- (16, 19, ~21) [subsumption resolution 424,239] {a:4,w:2,wCS:200,goal:1,sine:1,thAx:0,allAx:10,thDist:-10}
426. $false <- (8, 16, 19, ~21) [subsumption resolution 425,135] {a:4,w:0,goal:1,sine:1,thAx:0,allAx:10,thDist:-10}
427. ~8 | ~16 | ~19 | 21 [avatar contradiction clause 426]
447. ~m1_subset_1(sK4,k3_cqc_lang(sK0)) | ~m1_subset_1(sK2,k3_cqc_lang(sK0)) | ~m1_qc_lang1(sK0) <- (~22) [resolution 368,94] {a:4,w:10,wCS:1000,goal:1,sine:1,thAx:0,allAx:10,thDist:-10}
450. ~m1_subset_1(sK2,k3_cqc_lang(sK0)) | ~m1_qc_lang1(sK0) <- (19, ~22) [subsumption resolution 447,257] {a:4,w:6,wCS:600,goal:1,sine:1,thAx:0,allAx:10,thDist:-10}
451. ~m1_qc_lang1(sK0) <- (17, 19, ~22) [subsumption resolution 450,245] {a:4,w:2,wCS:200,goal:1,sine:1,thAx:0,allAx:10,thDist:-10}
452. $false <- (8, 17, 19, ~22) [subsumption resolution 451,135] {a:4,w:0,goal:1,sine:1,thAx:0,allAx:10,thDist:-10}
453. ~8 | ~17 | ~19 | 22 [avatar contradiction clause 452]
455. $false [avatar sat refutation 101,106,111,116,121,126,131,136,240,246,252,258,369,377,427,453] {a:0,w:0,goal:1,sine:0,thAx:0,allAx:405,thDist:-405}
% SZS output end Proof for procal_1__t56_procal_1
% ------------------------------
% Version: Vampire 4.5.1 (commit 226f88162 on 2021-09-12 20:13:44 +0200)
% Termination reason: Refutation

% >>> Input
% Input formulas: 23
% Introduced skolems: 8
% 
% >>> Saturation
% Initial clauses: 28
% Generated clauses: 274
% Active clauses: 85
% Passive clauses: 114
% Final active clauses: 81
% Final passive clauses: 29
% Main loop iterations started: 85
% 
% >>> Simplifying Inferences
% Duplicate literals: 101
% Fw subsumption resolutions: 68
% 
% >>> Deletion Inferences
% Simple tautologies: 3
% Forward subsumptions: 9
% Backward subsumptions: 2
% 
% >>> Generating Inferences
% Binary resolution: 100
% Unit resulting resolution: 3
% Backward superposition: 2
% 
% >>> AVATAR
% Split clauses: 2
% Split components: 6
% Sat splitting refutations: 6
% 
% >>> SAT Solver Statistics
% SAT solver clauses: 34
% SAT solver unit clauses: 9
% SAT solver binary clauses: 2
% 
% Memory used [KB]: 5500
% Time elapsed: 0.006 s
% ------------------------------
% ------------------------------
% Time measurement results:
% preprocessing: 0.001 s
% term sharing: 0.001 s
% forward subsumption: 0.002 s
% forward subsumption resolution: 0.001 s
% unit resulting resolution: 0.001 s ( own 0.0000 s ) 
% other: 0.006 s ( own 0.001 s ) 

