i: [1,286,0,2,1,1,0,0] t15_latsubgr
a: [3,443,0,2,1,286]
s: 443
i: [1,285,0,2,1,1,0,0] t15_latsubgr
a: [3,448,0,2,1,285]
s: 448
i: [1,284,0,2,1,1,0,0] t15_latsubgr
a: [3,453,0,2,1,284]
s: 453
i: [1,283,0,2,1,1,0,0] t15_latsubgr
a: [3,458,0,2,1,283]
s: 458
i: [1,282,0,2,1,1,0,0] t15_latsubgr
a: [3,463,0,2,1,282]
s: 463
i: [1,287,0,3,1,1,0,0] t15_latsubgr
a: [3,438,0,3,1,287]
s: 438
i: [1,288,0,6,1,1,0,0] t15_latsubgr
a: [3,433,0,6,1,288]
s: 433
i: [1,289,0,2,1,0,0,255] spc1_boole
a: [3,468,0,2,1,289]
s: 468
i: [1,290,0,2,1,0,0,255] dt_o_0_0_xboole_0
a: [3,473,0,2,1,290]
s: 473
i: [1,418,0,2,1,0,0,2] existence_l1_struct_0
a: [3,483,0,2,1,418]
s: 483
i: [1,419,0,2,1,0,0,1] existence_l3_algstr_0
a: [3,488,0,2,1,419]
s: 488
i: [1,421,0,2,1,0,0,2] rc7_funct_1
a: [3,493,0,2,1,421]
s: 493
i: [1,420,0,2,1,0,0,2] rc7_funct_1
a: [3,498,0,2,1,420]
s: 498
i: [1,423,0,2,1,0,0,2] rc1_funct_1
a: [3,503,0,2,1,423]
s: 503
i: [1,422,0,2,1,0,0,2] rc1_funct_1
a: [3,508,0,2,1,422]
s: 508
i: [1,426,0,2,1,0,0,255] rc5_funct_1
a: [3,513,0,2,1,426]
s: 513
i: [1,425,0,2,1,0,0,255] rc5_funct_1
a: [3,518,0,2,1,425]
s: 518
i: [1,424,0,2,1,0,0,255] rc5_funct_1
a: [3,523,0,2,1,424]
s: 523
i: [1,428,0,2,1,0,0,255] rc2_funct_1
a: [3,528,0,2,1,428]
s: 528
i: [1,427,0,2,1,0,0,255] rc2_funct_1
a: [3,533,0,2,1,427]
s: 533
i: [1,292,0,3,1,0,0,2] fc1_subset_1
s: 292
i: [1,384,0,3,1,0,0,2] rc2_subset_1
s: 384
i: [1,387,0,3,1,0,0,255] reflexivity_r1_tarski
s: 387
i: [1,404,0,3,1,0,0,255] rc6_funct_1
s: 404
i: [1,406,0,3,1,0,0,255] rc6_funct_1
s: 406
i: [1,291,0,3,1,0,0,255] d2_xboole_0
a: [3,478,0,3,1,291]
s: 478
r: 473
d: [2,535,0,2,1,2,23,473,478]
a: [3,539,0,2,1,535]
s: 539
i: [1,323,0,4,2,0,0,1] dt_l3_algstr_0
s: 323
d: [2,541,1,2,1,1,40,323,448]
a: [3,546,1,2,1,541]
s: 546
i: [1,329,0,4,2,0,0,2] cc7_funct_1
s: 329
i: [1,330,0,4,2,0,0,2] cc1_funct_1
s: 330
d: [2,542,1,2,1,1,40,323,488]
a: [3,551,1,2,1,542]
s: 551
i: [1,382,0,4,1,0,0,2] existence_m1_subset_1
s: 382
d: [2,554,1,2,1,1,40,329,539]
a: [3,558,1,2,1,554]
s: 558
i: [1,386,0,4,1,0,0,255] rc3_subset_1
s: 386
i: [1,405,0,4,1,0,0,255] rc6_funct_1
s: 405
d: [2,561,1,2,1,1,40,330,539]
a: [3,565,1,2,1,561]
s: 565
i: [1,408,0,4,1,0,0,255] rc1_funct_2
s: 408
d: [2,553,1,3,1,0,40,329,384]
s: 553
i: [1,410,0,4,1,0,0,255] rc1_funct_2
s: 410
i: [1,413,0,4,1,0,0,255] rc1_relset_1
s: 413
d: [2,560,1,3,1,0,40,330,384]
s: 560
i: [1,414,0,4,1,0,0,255] rc1_relset_1
s: 414
d: [2,567,1,4,1,0,40,413,330]
s: 567
i: [1,293,0,5,1,0,0,2] redefinition_k9_setfam_1
s: 293
i: [1,296,0,5,2,0,0,255] rc6_subset_1
s: 296
d: [2,568,1,4,1,0,40,413,329]
s: 568
i: [1,300,0,5,2,0,0,2] rc1_subset_1
s: 300
i: [1,302,0,5,2,0,0,255] rc5_subset_1
s: 302
i: [1,303,0,5,2,0,0,255] rc5_subset_1
s: 303
i: [1,324,0,5,2,0,0,255] dt_u2_algstr_0
s: 324
i: [1,331,0,5,2,0,0,1] t6_boole
s: 331
i: [1,379,0,5,2,0,0,255] t7_boole
s: 379
i: [1,383,0,5,1,0,0,2] rc2_subset_1
s: 383
i: [1,385,0,5,1,0,0,255] rc3_subset_1
s: 385
i: [1,409,0,5,1,0,0,255] rc1_funct_2
s: 409
i: [1,415,0,5,1,0,0,255] rc1_relset_1
s: 415
i: [1,294,0,6,1,0,0,2] dt_k9_setfam_1
s: 294
i: [1,305,0,6,2,0,0,255] rc4_subset_1
s: 305
i: [1,306,0,6,3,0,0,255] cc7_struct_0
s: 306
i: [1,307,0,6,3,0,0,255] cc5_struct_0
s: 307
d: [2,574,1,4,2,1,40,307,483]
a: [3,580,1,2,1,574]
s: 580
i: [1,309,0,6,3,0,0,255] cc2_struct_0
s: 309
d: [2,576,2,4,2,1,40,307,551]
a: [3,589,2,2,1,576]
s: 589
i: [1,310,0,6,3,0,0,255] cc17_struct_0
s: 310
i: [1,311,0,6,3,0,0,255] cc6_struct_0
s: 311
i: [1,312,0,6,3,0,0,255] cc1_struct_0
s: 312
i: [1,315,0,6,3,0,0,255] cc4_struct_0
s: 315
i: [1,374,0,6,2,0,0,255] t1_subset
s: 374
i: [1,392,0,6,2,0,0,255] antisymmetry_r2_hidden
s: 392
i: [1,411,0,6,1,0,0,255] rc1_funct_2
s: 411
d: [2,573,0,6,1,0,22,294,293]
s: 573
i: [1,295,0,7,2,0,0,255] rc6_subset_1
s: 295
i: [1,299,0,7,2,0,0,2] rc1_subset_1
s: 299
i: [1,301,0,7,2,0,0,255] rc5_subset_1
s: 301
i: [1,304,0,7,2,0,0,255] rc4_subset_1
s: 304
i: [1,313,0,7,3,0,0,255] cc8_struct_0
s: 313
i: [1,316,0,7,3,0,0,255] cc11_struct_0
s: 316
i: [1,317,0,7,3,0,0,255] cc11_struct_0
s: 317
i: [1,318,0,7,3,0,0,255] cc9_struct_0
s: 318
i: [1,320,0,7,3,0,0,2] cc8_funct_1
s: 320
d: [2,612,1,5,2,0,40,320,382]
s: 612
i: [1,321,0,7,3,0,0,2] cc8_funct_1
s: 321
d: [2,620,1,5,2,0,40,321,382]
s: 620
i: [1,334,0,7,3,0,0,255] fc9_struct_0
s: 334
i: [1,335,0,7,3,0,0,255] fc6_struct_0
s: 335
d: [2,613,1,6,2,0,40,320,383]
s: 613
i: [1,337,0,7,3,0,0,255] rc22_struct_0
s: 337
d: [2,614,1,6,2,0,40,320,385]
s: 614
i: [1,353,0,7,3,0,0,2] fc2_struct_0
s: 353
i: [1,355,0,7,3,0,0,2] rc4_struct_0
s: 355
d: [2,622,1,6,2,0,40,321,385]
s: 622
i: [1,357,0,7,3,0,0,255] rc21_struct_0
s: 357
i: [1,358,0,7,3,0,0,255] rc21_struct_0
s: 358
i: [1,359,0,7,3,0,0,255] fc8_struct_0
s: 359
i: [1,363,0,7,3,0,0,255] fc7_struct_0
s: 363
i: [1,364,0,7,3,0,0,2] fc1_struct_0
s: 364
i: [1,377,0,7,2,0,0,255] t3_subset
s: 377
i: [1,378,0,7,3,0,0,1] t8_boole
s: 378
i: [1,322,0,8,3,0,0,2] cc9_funct_1
s: 322
i: [1,328,0,8,3,0,0,255] cc5_subset_1
s: 328
d: [2,641,1,5,2,0,40,322,385]
s: 641
i: [1,332,0,8,3,0,0,2] cc1_subset_1
s: 332
d: [2,649,1,5,2,0,40,328,383]
s: 649
i: [1,362,0,8,4,0,0,255] cc6_funct_1
s: 362
i: [1,365,0,8,4,0,0,255] cc5_funct_1
s: 365
d: [2,667,1,6,3,1,40,362,503]
d: [2,687,1,4,2,2,21,667,508]
a: [3,691,1,2,1,687]
s: 691
i: [1,373,0,8,4,0,0,255] cc4_funct_1
s: 373
d: [2,668,1,6,3,1,40,362,518]
d: [2,697,1,4,2,2,21,668,513]
d: [2,698,1,2,1,3,21,697,523]
a: [3,702,1,2,1,698]
s: 702
d: [2,714,0,6,3,0,21,373,330]
s: 714
i: [1,375,0,8,3,0,0,255] t2_subset
s: 375
d: [2,669,1,6,3,1,40,362,528]
d: [2,704,1,4,2,2,21,669,533]
a: [3,708,1,2,1,704]
s: 708
i: [1,393,0,8,3,0,0,2] fc10_subset_1
s: 393
d: [2,660,2,6,3,1,40,362,565]
a: [3,673,2,2,1,660]
s: 673
i: [1,401,0,8,2,0,0,2] cc1_relset_1
s: 401
i: [1,407,0,8,1,0,0,255] rc1_funct_2
s: 407
a: [3,677,2,2,1,660]
s: 677
i: [1,412,0,8,1,0,0,255] rc1_relset_1
s: 412
d: [2,718,1,8,2,0,40,714,413]
d: [2,720,1,4,1,0,21,718,414]
s: 720
i: [1,319,0,9,4,0,0,255] cc10_struct_0
s: 319
i: [1,333,0,9,3,0,0,255] cc4_subset_1
s: 333
d: [2,738,3,4,2,1,44,673,331]
s: 738
i: [1,381,0,9,3,0,0,255] t5_subset
s: 381
d: [2,781,4,3,1,1,40,738,384]
s: 781
i: [1,402,0,9,2,0,0,255] cc2_relset_1
s: 402
i: [1,336,0,10,3,0,0,255] rc22_struct_0
s: 336
d: [2,795,5,2,1,1,40,781,649]
s: 795
r: 708
r: 702
r: 691
r: 781
r: 337
r: 296
r: 335
r: 673
r: 328
r: 649
r: 362
r: 738
d: [2,815,6,0,0,2,52,468,795,303]
e: 815
d: [2,816,6,0,0,3,52,580,483,795,358]
e: 816
d: [2,817,6,0,0,3,52,463,546,795,358]
e: 817
d: [2,818,6,0,0,3,52,589,551,795,358]
e: 818
r: 795
s: 296
s: 691
s: 335
s: 337
s: 702
s: 328
s: 708
s: 362
i: [1,352,0,10,4,0,0,1] existence_m1_group_2
s: 352
a: [3,672,2,2,1,660]
s: 672
i: [1,354,0,10,3,0,0,2] rc4_struct_0
s: 354
d: [2,755,3,4,2,1,44,677,331]
s: 755
r: 714
d: [2,863,4,0,0,1,52,414,413,755]
e: 863
d: [2,867,4,4,1,1,40,755,413]
d: [2,869,4,0,0,1,21,867,414]
e: 869
r: 755
r: 677
s: 714
i: [1,356,0,10,3,0,0,255] rc21_struct_0
s: 356
a: [3,676,2,2,1,660]
s: 676
i: [1,368,0,10,4,0,0,2] cc3_funct_1
s: 368
a: [3,681,2,2,1,660]
s: 681
i: [1,380,0,10,3,0,0,255] t4_subset
s: 380
i: [1,389,0,10,3,0,0,2] cc3_relset_1
s: 389
d: [2,853,3,4,2,1,44,672,331]
s: 853
i: [1,390,0,10,3,0,0,2] cc4_relset_1
s: 390
d: [2,931,4,3,1,1,40,853,384]
s: 931
i: [1,297,0,11,4,0,0,255] cc3_subset_1
s: 297
i: [1,298,0,11,4,0,0,255] cc2_subset_1
s: 298
d: [2,887,3,4,2,1,44,676,331]
s: 887
i: [1,327,0,11,3,0,0,255] abstractness_v15_algstr_0
s: 327
d: [2,968,4,3,1,1,40,887,384]
s: 968
r: 613
i: [1,338,0,11,5,0,0,2] fc1_group_3
s: 338
i: [1,339,0,11,5,0,0,1] dt_k1_latsubgr
s: 339
d: [2,902,3,4,2,1,44,681,331]
s: 902
r: 714
i: [1,342,0,11,5,0,0,1] dt_k1_latsubgr
s: 342
d: [2,973,4,3,1,1,40,902,384]
s: 973
i: [1,349,0,11,5,0,0,1] dt_m1_group_2
s: 349
i: [1,350,0,11,5,0,0,1] dt_m1_group_2
s: 350
d: [2,975,1,8,4,1,40,349,438]
d: [2,978,1,6,3,2,21,975,448]
d: [2,979,1,4,2,3,21,978,458]
d: [2,980,1,2,1,4,21,979,463]
a: [3,984,1,2,1,980]
s: 984
i: [1,351,0,11,5,0,0,1] dt_m1_group_2
s: 351
d: [2,986,1,8,4,1,40,350,438]
d: [2,989,1,6,3,2,21,986,448]
d: [2,990,1,4,2,3,21,989,458]
d: [2,991,1,2,1,4,21,990,463]
a: [3,995,1,2,1,991]
s: 995
i: [1,325,0,12,2,0,0,255] dt_u2_algstr_0
s: 325
i: [1,376,0,13,3,0,0,255] cc4_funct_2
s: 376
d: [2,997,1,8,4,1,40,351,438]
d: [2,1000,1,6,3,2,21,997,448]
d: [2,1001,1,4,2,3,21,1000,458]
d: [2,1002,1,2,1,4,21,1001,463]
a: [3,1006,1,2,1,1002]
s: 1006
i: [1,403,0,13,3,0,0,255] cc1_funct_2
s: 403
d: [2,1019,2,2,1,1,40,1006,323]
a: [3,1023,2,2,1,1019]
s: 1023
i: [1,416,0,13,5,0,0,1] fc17_funct_1
s: 416
i: [1,417,0,13,5,0,0,1] fc17_funct_1
s: 417
d: [2,932,4,4,1,1,40,853,413]
s: 932
i: [1,326,0,14,2,0,0,255] dt_u2_algstr_0
s: 326
s: 649
i: [1,388,0,15,4,0,0,255] cc3_funct_2
s: 388
i: [1,391,0,15,4,0,0,255] cc2_funct_2
s: 391
d: [2,650,1,5,2,0,40,328,385]
s: 650
i: [1,340,0,16,5,0,0,1] dt_k1_latsubgr
s: 340
d: [2,659,1,5,2,0,40,332,385]
s: 659
i: [1,343,0,16,5,0,0,1] dt_k1_latsubgr
s: 343
d: [2,1084,0,16,5,0,22,340,293]
s: 1084
d: [2,728,1,8,2,0,40,375,383]
d: [2,736,1,5,1,0,21,728,292]
s: 736
d: [2,1090,0,16,5,0,22,343,293]
s: 1090
d: [2,729,1,8,2,0,40,375,385]
d: [2,737,1,5,1,0,21,729,292]
s: 737
i: [1,341,0,18,5,0,0,1] dt_k1_latsubgr
s: 341
i: [1,344,0,18,5,0,0,1] dt_k1_latsubgr
s: 344
d: [2,745,1,5,1,0,40,401,383]
s: 745
i: [1,395,0,18,6,0,0,2] cc8_funct_2
s: 395
d: [2,746,1,5,1,0,40,401,385]
s: 746
d: [2,1099,0,16,5,0,21,395,330]
s: 1099
d: [2,1097,0,18,5,0,22,341,293]
s: 1097
d: [2,836,1,5,2,0,40,328,383]
s: 836
d: [2,1098,0,18,5,0,22,344,293]
s: 1098
d: [2,837,1,5,2,0,40,328,385]
s: 837
i: [1,397,0,20,4,0,0,255] dt_g3_algstr_0
s: 397
i: [1,398,0,20,4,0,0,255] dt_g3_algstr_0
s: 398
d: [2,956,1,9,3,0,40,297,385]
d: [2,964,1,5,2,0,21,956,386]
s: 964
i: [1,399,0,26,5,0,0,255] free_g3_algstr_0
s: 399
d: [2,1016,1,11,2,0,40,376,407]
d: [2,1018,1,5,1,0,21,1016,411]
s: 1018
i: [1,400,0,26,5,0,0,255] free_g3_algstr_0
s: 400
i: [1,346,0,34,9,0,0,1] d1_latsubgr
s: 346
d: [2,1045,1,5,2,0,40,326,401]
s: 1045
d: [2,1189,0,34,9,0,22,346,293]
d: [2,1190,0,34,9,0,22,1189,293]
s: 1190
d: [2,1088,2,5,2,0,40,659,330]
s: 1088
i: [1,347,0,35,9,0,0,1] d1_latsubgr
s: 347
d: [2,1208,0,35,9,0,22,347,293]
d: [2,1209,0,35,9,0,22,1208,293]
s: 1209
d: [2,1089,2,5,2,0,40,659,329]
s: 1089
i: [1,348,0,40,9,0,0,1] d1_latsubgr
s: 348
d: [2,1091,2,5,1,0,40,736,392]
s: 1091
d: [2,1226,0,40,9,0,22,348,293]
d: [2,1227,0,40,9,0,22,1226,293]
s: 1227
i: [1,429,0,41,10,0,0,1] d1_latsubgr
s: 429
d: [2,1094,2,5,1,0,40,737,392]
s: 1094
d: [2,1228,0,38,9,0,21,429,339]
d: [2,1229,0,38,9,0,22,1228,293]
d: [2,1230,0,28,8,0,21,1229,1097]
d: [2,1231,0,28,8,0,22,1230,293]
d: [2,1232,0,20,7,0,21,1231,1084]
s: 1232
d: [2,1233,1,17,7,1,44,1232,433]
d: [2,1239,1,14,6,2,21,1233,438]
d: [2,1240,1,12,5,3,21,1239,443]
d: [2,1241,1,10,4,4,21,1240,448]
d: [2,1242,1,8,3,5,21,1241,453]
d: [2,1243,1,6,2,6,21,1242,458]
d: [2,1244,1,4,1,7,21,1243,463]
a: [3,1248,1,4,1,1244]
s: 1248
d: [2,1267,2,6,3,1,44,353,1248]
d: [2,1319,2,4,2,2,21,1267,539]
d: [2,1320,2,2,1,3,21,1319,1023]
d: [2,1321,2,0,0,4,21,1320,984]
e: 1321
d: [2,1234,1,17,7,1,44,433,1232]
d: [2,1250,1,14,6,2,21,1234,438]
d: [2,1251,1,12,5,3,21,1250,443]
d: [2,1252,1,10,4,4,21,1251,448]
d: [2,1253,1,8,3,5,21,1252,453]
d: [2,1254,1,6,2,6,21,1253,458]
d: [2,1255,1,4,1,7,21,1254,463]
f: 1321,1255,1019,1002,980,535,291,290,282,283,284,285,286,287,288
% Refutation found. Thanks to Tanya!
% SZS status Theorem for latsubgr__t15_latsubgr
% SZS output start Proof for latsubgr__t15_latsubgr
1. ! [X0] : ((l3_algstr_0(X0) & v3_group_1(X0) & v2_group_1(X0) & ~v2_struct_0(X0)) => ! [X1] : ((m1_group_2(X1,X0) & v15_algstr_0(X1)) => k1_funct_1(k1_latsubgr(X0),X1) != k1_xboole_0)) [input t15_latsubgr]
2. ~! [X0] : ((l3_algstr_0(X0) & v3_group_1(X0) & v2_group_1(X0) & ~v2_struct_0(X0)) => ! [X1] : ((m1_group_2(X1,X0) & v15_algstr_0(X1)) => k1_funct_1(k1_latsubgr(X0),X1) != k1_xboole_0)) [negated conjecture 1]
41. v1_xboole_0(o_0_0_xboole_0) [input dt_o_0_0_xboole_0]
62. ! [X0] : ((l1_struct_0(X0) & ~v2_struct_0(X0)) => ~v1_xboole_0(u1_struct_0(X0))) [input fc2_struct_0]
77. ! [X0] : k1_zfmisc_1(X0) = k9_setfam_1(X0) [input redefinition_k9_setfam_1]
81. ! [X0] : ((l3_algstr_0(X0) & v3_group_1(X0) & v2_group_1(X0) & ~v2_struct_0(X0)) => (m1_subset_1(k1_latsubgr(X0),k1_zfmisc_1(k2_zfmisc_1(k1_group_3(X0),k9_setfam_1(u1_struct_0(X0))))) & v1_funct_2(k1_latsubgr(X0),k1_group_3(X0),k9_setfam_1(u1_struct_0(X0))) & v1_funct_1(k1_latsubgr(X0)))) [input dt_k1_latsubgr]
86. ! [X0] : (l3_algstr_0(X0) => l1_struct_0(X0)) [input dt_l3_algstr_0]
87. ! [X0] : ((l3_algstr_0(X0) & v2_group_1(X0) & ~v2_struct_0(X0)) => ! [X1] : (m1_group_2(X1,X0) => (l3_algstr_0(X1) & v2_group_1(X1) & ~v2_struct_0(X1)))) [input dt_m1_group_2]
97. k1_xboole_0 = o_0_0_xboole_0 [input d2_xboole_0]
98. ! [X0] : ((l3_algstr_0(X0) & v3_group_1(X0) & v2_group_1(X0) & ~v2_struct_0(X0)) => ! [X1] : ((m1_subset_1(X1,k1_zfmisc_1(k2_zfmisc_1(k1_group_3(X0),k9_setfam_1(u1_struct_0(X0))))) & v1_funct_2(X1,k1_group_3(X0),k9_setfam_1(u1_struct_0(X0))) & v1_funct_1(X1)) => (k1_latsubgr(X0) = X1 <=> ! [X2] : ((m1_group_2(X2,X0) & v15_algstr_0(X2)) => k1_funct_1(X1,X2) = u1_struct_0(X2))))) [input d1_latsubgr]
118. ? [X0] : (? [X1] : (k1_funct_1(k1_latsubgr(X0),X1) = k1_xboole_0 & (m1_group_2(X1,X0) & v15_algstr_0(X1))) & (l3_algstr_0(X0) & v3_group_1(X0) & v2_group_1(X0) & ~v2_struct_0(X0))) [ennf transformation 2]
119. ? [X0] : (? [X1] : (k1_funct_1(k1_latsubgr(X0),X1) = k1_xboole_0 & m1_group_2(X1,X0) & v15_algstr_0(X1)) & l3_algstr_0(X0) & v3_group_1(X0) & v2_group_1(X0) & ~v2_struct_0(X0)) [flattening 118]
152. ! [X0] : (l1_struct_0(X0) | ~l3_algstr_0(X0)) [ennf transformation 86]
170. ! [X0] : ((m1_subset_1(k1_latsubgr(X0),k1_zfmisc_1(k2_zfmisc_1(k1_group_3(X0),k9_setfam_1(u1_struct_0(X0))))) & v1_funct_2(k1_latsubgr(X0),k1_group_3(X0),k9_setfam_1(u1_struct_0(X0))) & v1_funct_1(k1_latsubgr(X0))) | (~l3_algstr_0(X0) | ~v3_group_1(X0) | ~v2_group_1(X0) | v2_struct_0(X0))) [ennf transformation 81]
171. ! [X0] : ((m1_subset_1(k1_latsubgr(X0),k1_zfmisc_1(k2_zfmisc_1(k1_group_3(X0),k9_setfam_1(u1_struct_0(X0))))) & v1_funct_2(k1_latsubgr(X0),k1_group_3(X0),k9_setfam_1(u1_struct_0(X0))) & v1_funct_1(k1_latsubgr(X0))) | ~l3_algstr_0(X0) | ~v3_group_1(X0) | ~v2_group_1(X0) | v2_struct_0(X0)) [flattening 170]
174. ! [X0] : (! [X1] : ((k1_latsubgr(X0) = X1 <=> ! [X2] : (k1_funct_1(X1,X2) = u1_struct_0(X2) | (~m1_group_2(X2,X0) | ~v15_algstr_0(X2)))) | (~m1_subset_1(X1,k1_zfmisc_1(k2_zfmisc_1(k1_group_3(X0),k9_setfam_1(u1_struct_0(X0))))) | ~v1_funct_2(X1,k1_group_3(X0),k9_setfam_1(u1_struct_0(X0))) | ~v1_funct_1(X1))) | (~l3_algstr_0(X0) | ~v3_group_1(X0) | ~v2_group_1(X0) | v2_struct_0(X0))) [ennf transformation 98]
175. ! [X0] : (! [X1] : ((k1_latsubgr(X0) = X1 <=> ! [X2] : (k1_funct_1(X1,X2) = u1_struct_0(X2) | ~m1_group_2(X2,X0) | ~v15_algstr_0(X2))) | ~m1_subset_1(X1,k1_zfmisc_1(k2_zfmisc_1(k1_group_3(X0),k9_setfam_1(u1_struct_0(X0))))) | ~v1_funct_2(X1,k1_group_3(X0),k9_setfam_1(u1_struct_0(X0))) | ~v1_funct_1(X1)) | ~l3_algstr_0(X0) | ~v3_group_1(X0) | ~v2_group_1(X0) | v2_struct_0(X0)) [flattening 174]
176. ! [X0] : (! [X1] : ((l3_algstr_0(X1) & v2_group_1(X1) & ~v2_struct_0(X1)) | ~m1_group_2(X1,X0)) | (~l3_algstr_0(X0) | ~v2_group_1(X0) | v2_struct_0(X0))) [ennf transformation 87]
177. ! [X0] : (! [X1] : ((l3_algstr_0(X1) & v2_group_1(X1) & ~v2_struct_0(X1)) | ~m1_group_2(X1,X0)) | ~l3_algstr_0(X0) | ~v2_group_1(X0) | v2_struct_0(X0)) [flattening 176]
180. ! [X0] : (~v1_xboole_0(u1_struct_0(X0)) | (~l1_struct_0(X0) | v2_struct_0(X0))) [ennf transformation 62]
181. ! [X0] : (~v1_xboole_0(u1_struct_0(X0)) | ~l1_struct_0(X0) | v2_struct_0(X0)) [flattening 180]
234. ? [X0] : (? [X1] : (k1_funct_1(k1_latsubgr(X0),X1) = k1_xboole_0 & m1_group_2(X1,X0) & v15_algstr_0(X1)) & l3_algstr_0(X0) & v3_group_1(X0) & v2_group_1(X0) & ~v2_struct_0(X0)) => (? [X1] : (k1_xboole_0 = k1_funct_1(k1_latsubgr(sK0),X1) & m1_group_2(X1,sK0) & v15_algstr_0(X1)) & l3_algstr_0(sK0) & v3_group_1(sK0) & v2_group_1(sK0) & ~v2_struct_0(sK0)) [choice axiom]
235. ? [X1] : (k1_xboole_0 = k1_funct_1(k1_latsubgr(sK0),X1) & m1_group_2(X1,sK0) & v15_algstr_0(X1)) => (k1_xboole_0 = k1_funct_1(k1_latsubgr(sK0),sK1) & m1_group_2(sK1,sK0) & v15_algstr_0(sK1)) [choice axiom]
236. (k1_xboole_0 = k1_funct_1(k1_latsubgr(sK0),sK1) & m1_group_2(sK1,sK0) & v15_algstr_0(sK1)) & l3_algstr_0(sK0) & v3_group_1(sK0) & v2_group_1(sK0) & ~v2_struct_0(sK0) [skolemisation 119,235,234]
247. ! [X0] : (! [X1] : (((k1_latsubgr(X0) = X1 | ? [X2] : (k1_funct_1(X1,X2) != u1_struct_0(X2) & m1_group_2(X2,X0) & v15_algstr_0(X2))) & (! [X2] : (k1_funct_1(X1,X2) = u1_struct_0(X2) | ~m1_group_2(X2,X0) | ~v15_algstr_0(X2)) | k1_latsubgr(X0) != X1)) | ~m1_subset_1(X1,k1_zfmisc_1(k2_zfmisc_1(k1_group_3(X0),k9_setfam_1(u1_struct_0(X0))))) | ~v1_funct_2(X1,k1_group_3(X0),k9_setfam_1(u1_struct_0(X0))) | ~v1_funct_1(X1)) | ~l3_algstr_0(X0) | ~v3_group_1(X0) | ~v2_group_1(X0) | v2_struct_0(X0)) [nnf transformation 175]
248. ! [X0] : (! [X1] : (((k1_latsubgr(X0) = X1 | ? [X2] : (k1_funct_1(X1,X2) != u1_struct_0(X2) & m1_group_2(X2,X0) & v15_algstr_0(X2))) & (! [X3] : (k1_funct_1(X1,X3) = u1_struct_0(X3) | ~m1_group_2(X3,X0) | ~v15_algstr_0(X3)) | k1_latsubgr(X0) != X1)) | ~m1_subset_1(X1,k1_zfmisc_1(k2_zfmisc_1(k1_group_3(X0),k9_setfam_1(u1_struct_0(X0))))) | ~v1_funct_2(X1,k1_group_3(X0),k9_setfam_1(u1_struct_0(X0))) | ~v1_funct_1(X1)) | ~l3_algstr_0(X0) | ~v3_group_1(X0) | ~v2_group_1(X0) | v2_struct_0(X0)) [rectify 247]
249. ! [X1,X0] : (? [X2] : (k1_funct_1(X1,X2) != u1_struct_0(X2) & m1_group_2(X2,X0) & v15_algstr_0(X2)) => (k1_funct_1(X1,sK7(X0,X1)) != u1_struct_0(sK7(X0,X1)) & m1_group_2(sK7(X0,X1),X0) & v15_algstr_0(sK7(X0,X1)))) [choice axiom]
250. ! [X0] : (! [X1] : (((k1_latsubgr(X0) = X1 | (k1_funct_1(X1,sK7(X0,X1)) != u1_struct_0(sK7(X0,X1)) & m1_group_2(sK7(X0,X1),X0) & v15_algstr_0(sK7(X0,X1)))) & (! [X3] : (k1_funct_1(X1,X3) = u1_struct_0(X3) | ~m1_group_2(X3,X0) | ~v15_algstr_0(X3)) | k1_latsubgr(X0) != X1)) | ~m1_subset_1(X1,k1_zfmisc_1(k2_zfmisc_1(k1_group_3(X0),k9_setfam_1(u1_struct_0(X0))))) | ~v1_funct_2(X1,k1_group_3(X0),k9_setfam_1(u1_struct_0(X0))) | ~v1_funct_1(X1)) | ~l3_algstr_0(X0) | ~v3_group_1(X0) | ~v2_group_1(X0) | v2_struct_0(X0)) [skolemisation 248,249]
282. ~v2_struct_0(sK0) [cnf transformation 236] {a:0,w:2,wCS:200,goal:1,sine:0,thAx:0,allAx:3,thDist:-3}
283. v2_group_1(sK0) [cnf transformation 236] {a:0,w:2,wCS:200,goal:1,sine:0,thAx:0,allAx:3,thDist:-3}
284. v3_group_1(sK0) [cnf transformation 236] {a:0,w:2,wCS:200,goal:1,sine:0,thAx:0,allAx:3,thDist:-3}
285. l3_algstr_0(sK0) [cnf transformation 236] {a:0,w:2,wCS:200,goal:1,sine:0,thAx:0,allAx:3,thDist:-3}
286. v15_algstr_0(sK1) [cnf transformation 236] {a:0,w:2,wCS:200,goal:1,sine:0,thAx:0,allAx:3,thDist:-3}
287. m1_group_2(sK1,sK0) [cnf transformation 236] {a:0,w:3,wCS:300,goal:1,sine:0,thAx:0,allAx:3,thDist:-3}
288. k1_xboole_0 = k1_funct_1(k1_latsubgr(sK0),sK1) [cnf transformation 236] {a:0,w:6,wCS:600,goal:1,sine:0,thAx:0,allAx:3,thDist:-3}
290. v1_xboole_0(o_0_0_xboole_0) [cnf transformation 41] {a:0,w:2,wCS:800,sine:255,thAx:0,allAx:1,thDist:-1}
291. k1_xboole_0 = o_0_0_xboole_0 [cnf transformation 97] {a:0,w:3,wCS:1200,sine:255,thAx:0,allAx:1,thDist:-1}
293. k1_zfmisc_1(X0) = k9_setfam_1(X0) [cnf transformation 77] {a:0,w:5,wCS:2000,nSel:1,sine:2,thAx:0,allAx:1,thDist:-1}
323. ~l3_algstr_0(X0) | l1_struct_0(X0) [cnf transformation 152] {a:0,w:4,wCS:1600,nSel:1,sine:1,thAx:0,allAx:1,thDist:-1}
339. v1_funct_1(k1_latsubgr(X0)) | ~l3_algstr_0(X0) | ~v3_group_1(X0) | ~v2_group_1(X0) | v2_struct_0(X0) [cnf transformation 171] {a:0,w:11,wCS:4400,nSel:1,sine:1,thAx:0,allAx:1,thDist:-1}
340. v1_funct_2(k1_latsubgr(X0),k1_group_3(X0),k9_setfam_1(u1_struct_0(X0))) | ~l3_algstr_0(X0) | ~v3_group_1(X0) | ~v2_group_1(X0) | v2_struct_0(X0) [cnf transformation 171] {a:0,w:16,wCS:6400,sine:1,thAx:0,allAx:1,thDist:-1}
341. m1_subset_1(k1_latsubgr(X0),k1_zfmisc_1(k2_zfmisc_1(k1_group_3(X0),k9_setfam_1(u1_struct_0(X0))))) | ~l3_algstr_0(X0) | ~v3_group_1(X0) | ~v2_group_1(X0) | v2_struct_0(X0) [cnf transformation 171] {a:0,w:18,wCS:7200,sine:1,thAx:0,allAx:1,thDist:-1}
345. k1_funct_1(X1,X3) = u1_struct_0(X3) | ~m1_group_2(X3,X0) | ~v15_algstr_0(X3) | k1_latsubgr(X0) != X1 | ~m1_subset_1(X1,k1_zfmisc_1(k2_zfmisc_1(k1_group_3(X0),k9_setfam_1(u1_struct_0(X0))))) | ~v1_funct_2(X1,k1_group_3(X0),k9_setfam_1(u1_struct_0(X0))) | ~v1_funct_1(X1) | ~l3_algstr_0(X0) | ~v3_group_1(X0) | ~v2_group_1(X0) | v2_struct_0(X0) [cnf transformation 250] {a:0,w:41,wCS:16400,sine:1,thAx:0,allAx:2,thDist:-2}
349. ~m1_group_2(X1,X0) | ~v2_struct_0(X1) | ~l3_algstr_0(X0) | ~v2_group_1(X0) | v2_struct_0(X0) [cnf transformation 177] {a:0,w:11,wCS:4400,nSel:1,sine:1,thAx:0,allAx:1,thDist:-1}
351. ~m1_group_2(X1,X0) | l3_algstr_0(X1) | ~l3_algstr_0(X0) | ~v2_group_1(X0) | v2_struct_0(X0) [cnf transformation 177] {a:0,w:11,wCS:4400,nSel:1,sine:1,thAx:0,allAx:1,thDist:-1}
353. ~v1_xboole_0(u1_struct_0(X0)) | ~l1_struct_0(X0) | v2_struct_0(X0) [cnf transformation 181] {a:0,w:7,wCS:2800,nSel:1,sine:2,thAx:0,allAx:1,thDist:-1}
429. u1_struct_0(X3) = k1_funct_1(k1_latsubgr(X0),X3) | ~m1_group_2(X3,X0) | ~v15_algstr_0(X3) | ~m1_subset_1(k1_latsubgr(X0),k1_zfmisc_1(k2_zfmisc_1(k1_group_3(X0),k9_setfam_1(u1_struct_0(X0))))) | ~v1_funct_2(k1_latsubgr(X0),k1_group_3(X0),k9_setfam_1(u1_struct_0(X0))) | ~v1_funct_1(k1_latsubgr(X0)) | ~l3_algstr_0(X0) | ~v3_group_1(X0) | ~v2_group_1(X0) | v2_struct_0(X0) [equality resolution 345] {a:0,w:41,wCS:16400,sine:1,thAx:0,allAx:2,thDist:-2}
431. 1 <=> k1_xboole_0 = k1_funct_1(k1_latsubgr(sK0),sK1) [avatar definition]
433. k1_xboole_0 = k1_funct_1(k1_latsubgr(sK0),sK1) <- (1) [avatar component clause 431] {a:0,w:6,wCS:600,nSel:1,goal:1,sine:255,thAx:0,allAx:3,thDist:-3}
434. 1 [avatar split clause 288,431]
436. 2 <=> m1_group_2(sK1,sK0) [avatar definition]
438. m1_group_2(sK1,sK0) <- (2) [avatar component clause 436] {a:0,w:3,wCS:300,nSel:1,goal:1,sine:255,thAx:0,allAx:3,thDist:-3}
439. 2 [avatar split clause 287,436]
441. 3 <=> v15_algstr_0(sK1) [avatar definition]
443. v15_algstr_0(sK1) <- (3) [avatar component clause 441] {a:0,w:2,wCS:200,nSel:1,goal:1,sine:255,thAx:0,allAx:3,thDist:-3}
444. 3 [avatar split clause 286,441]
446. 4 <=> l3_algstr_0(sK0) [avatar definition]
448. l3_algstr_0(sK0) <- (4) [avatar component clause 446] {a:0,w:2,wCS:200,nSel:1,goal:1,sine:255,thAx:0,allAx:3,thDist:-3}
449. 4 [avatar split clause 285,446]
451. 5 <=> v3_group_1(sK0) [avatar definition]
453. v3_group_1(sK0) <- (5) [avatar component clause 451] {a:0,w:2,wCS:200,nSel:1,goal:1,sine:255,thAx:0,allAx:3,thDist:-3}
454. 5 [avatar split clause 284,451]
456. 6 <=> v2_group_1(sK0) [avatar definition]
458. v2_group_1(sK0) <- (6) [avatar component clause 456] {a:0,w:2,wCS:200,nSel:1,goal:1,sine:255,thAx:0,allAx:3,thDist:-3}
459. 6 [avatar split clause 283,456]
461. 7 <=> v2_struct_0(sK0) [avatar definition]
463. ~v2_struct_0(sK0) <- (~7) [avatar component clause 461] {a:0,w:2,wCS:200,nSel:1,goal:1,sine:255,thAx:0,allAx:3,thDist:-3}
464. ~7 [avatar split clause 282,461]
471. 9 <=> v1_xboole_0(o_0_0_xboole_0) [avatar definition]
473. v1_xboole_0(o_0_0_xboole_0) <- (9) [avatar component clause 471] {a:0,w:2,wCS:800,nSel:1,sine:255,thAx:0,allAx:1,thDist:-1}
474. 9 [avatar split clause 290,471]
476. 10 <=> k1_xboole_0 = o_0_0_xboole_0 [avatar definition]
478. k1_xboole_0 = o_0_0_xboole_0 <- (10) [avatar component clause 476] {a:0,w:3,wCS:1200,nSel:1,sine:255,thAx:0,allAx:1,thDist:-1}
479. 10 [avatar split clause 291,476]
535. v1_xboole_0(k1_xboole_0) <- (9, 10) [backward demodulation 473,478] {a:0,w:2,wCS:800,sine:255,thAx:0,allAx:1,thDist:-1}
537. 22 <=> v1_xboole_0(k1_xboole_0) [avatar definition]
539. v1_xboole_0(k1_xboole_0) <- (22) [avatar component clause 537] {a:0,w:2,wCS:800,nSel:1,sine:255,thAx:0,allAx:1,thDist:-1}
540. 22 | ~9 | ~10 [avatar split clause 535,476,471,537]
975. ~v2_struct_0(sK1) | ~l3_algstr_0(sK0) | ~v2_group_1(sK0) | v2_struct_0(sK0) <- (2) [resolution 349,438] {a:1,w:8,wCS:800,goal:1,sine:1,thAx:0,allAx:4,thDist:-4}
978. ~v2_struct_0(sK1) | ~v2_group_1(sK0) | v2_struct_0(sK0) <- (2, 4) [subsumption resolution 975,448] {a:1,w:6,wCS:600,goal:1,sine:1,thAx:0,allAx:4,thDist:-4}
979. ~v2_struct_0(sK1) | v2_struct_0(sK0) <- (2, 4, 6) [subsumption resolution 978,458] {a:1,w:4,wCS:400,goal:1,sine:1,thAx:0,allAx:4,thDist:-4}
980. ~v2_struct_0(sK1) <- (2, 4, 6, ~7) [subsumption resolution 979,463] {a:1,w:2,wCS:200,goal:1,sine:1,thAx:0,allAx:4,thDist:-4}
982. 40 <=> v2_struct_0(sK1) [avatar definition]
984. ~v2_struct_0(sK1) <- (~40) [avatar component clause 982] {a:1,w:2,wCS:200,nSel:1,goal:1,sine:255,thAx:0,allAx:4,thDist:-4}
985. ~40 | ~2 | ~4 | ~6 | 7 [avatar split clause 980,461,456,446,436,982]
997. l3_algstr_0(sK1) | ~l3_algstr_0(sK0) | ~v2_group_1(sK0) | v2_struct_0(sK0) <- (2) [resolution 351,438] {a:1,w:8,wCS:800,goal:1,sine:1,thAx:0,allAx:4,thDist:-4}
1000. l3_algstr_0(sK1) | ~v2_group_1(sK0) | v2_struct_0(sK0) <- (2, 4) [subsumption resolution 997,448] {a:1,w:6,wCS:600,goal:1,sine:1,thAx:0,allAx:4,thDist:-4}
1001. l3_algstr_0(sK1) | v2_struct_0(sK0) <- (2, 4, 6) [subsumption resolution 1000,458] {a:1,w:4,wCS:400,goal:1,sine:1,thAx:0,allAx:4,thDist:-4}
1002. l3_algstr_0(sK1) <- (2, 4, 6, ~7) [subsumption resolution 1001,463] {a:1,w:2,wCS:200,goal:1,sine:1,thAx:0,allAx:4,thDist:-4}
1004. 42 <=> l3_algstr_0(sK1) [avatar definition]
1006. l3_algstr_0(sK1) <- (42) [avatar component clause 1004] {a:1,w:2,wCS:200,nSel:1,goal:1,sine:255,thAx:0,allAx:4,thDist:-4}
1007. 42 | ~2 | ~4 | ~6 | 7 [avatar split clause 1002,461,456,446,436,1004]
1019. l1_struct_0(sK1) <- (42) [resolution 1006,323] {a:2,w:2,wCS:200,goal:1,sine:1,thAx:0,allAx:5,thDist:-5}
1021. 43 <=> l1_struct_0(sK1) [avatar definition]
1023. l1_struct_0(sK1) <- (43) [avatar component clause 1021] {a:2,w:2,wCS:200,nSel:1,goal:1,sine:255,thAx:0,allAx:5,thDist:-5}
1024. 43 | ~42 [avatar split clause 1019,1004,1021]
1084. v1_funct_2(k1_latsubgr(X0),k1_group_3(X0),k1_zfmisc_1(u1_struct_0(X0))) | ~l3_algstr_0(X0) | ~v3_group_1(X0) | ~v2_group_1(X0) | v2_struct_0(X0) [forward demodulation 340,293] {a:0,w:16,wCS:6400,nSel:1,sine:1,thAx:0,allAx:1,thDist:-1}
1097. m1_subset_1(k1_latsubgr(X0),k1_zfmisc_1(k2_zfmisc_1(k1_group_3(X0),k1_zfmisc_1(u1_struct_0(X0))))) | ~l3_algstr_0(X0) | ~v3_group_1(X0) | ~v2_group_1(X0) | v2_struct_0(X0) [forward demodulation 341,293] {a:0,w:18,wCS:7200,nSel:1,sine:1,thAx:0,allAx:1,thDist:-1}
1228. u1_struct_0(X3) = k1_funct_1(k1_latsubgr(X0),X3) | ~m1_group_2(X3,X0) | ~v15_algstr_0(X3) | ~m1_subset_1(k1_latsubgr(X0),k1_zfmisc_1(k2_zfmisc_1(k1_group_3(X0),k9_setfam_1(u1_struct_0(X0))))) | ~v1_funct_2(k1_latsubgr(X0),k1_group_3(X0),k9_setfam_1(u1_struct_0(X0))) | ~l3_algstr_0(X0) | ~v3_group_1(X0) | ~v2_group_1(X0) | v2_struct_0(X0) [subsumption resolution 429,339] {a:0,w:38,wCS:15200,sine:1,thAx:0,allAx:2,thDist:-2}
1229. ~m1_subset_1(k1_latsubgr(X0),k1_zfmisc_1(k2_zfmisc_1(k1_group_3(X0),k1_zfmisc_1(u1_struct_0(X0))))) | u1_struct_0(X3) = k1_funct_1(k1_latsubgr(X0),X3) | ~m1_group_2(X3,X0) | ~v15_algstr_0(X3) | ~v1_funct_2(k1_latsubgr(X0),k1_group_3(X0),k9_setfam_1(u1_struct_0(X0))) | ~l3_algstr_0(X0) | ~v3_group_1(X0) | ~v2_group_1(X0) | v2_struct_0(X0) [forward demodulation 1228,293] {a:0,w:38,wCS:15200,sine:1,thAx:0,allAx:2,thDist:-2}
1230. u1_struct_0(X3) = k1_funct_1(k1_latsubgr(X0),X3) | ~m1_group_2(X3,X0) | ~v15_algstr_0(X3) | ~v1_funct_2(k1_latsubgr(X0),k1_group_3(X0),k9_setfam_1(u1_struct_0(X0))) | ~l3_algstr_0(X0) | ~v3_group_1(X0) | ~v2_group_1(X0) | v2_struct_0(X0) [subsumption resolution 1229,1097] {a:0,w:28,wCS:11200,sine:1,thAx:0,allAx:2,thDist:-2}
1231. ~v1_funct_2(k1_latsubgr(X0),k1_group_3(X0),k1_zfmisc_1(u1_struct_0(X0))) | u1_struct_0(X3) = k1_funct_1(k1_latsubgr(X0),X3) | ~m1_group_2(X3,X0) | ~v15_algstr_0(X3) | ~l3_algstr_0(X0) | ~v3_group_1(X0) | ~v2_group_1(X0) | v2_struct_0(X0) [forward demodulation 1230,293] {a:0,w:28,wCS:11200,sine:1,thAx:0,allAx:2,thDist:-2}
1232. u1_struct_0(X3) = k1_funct_1(k1_latsubgr(X0),X3) | ~m1_group_2(X3,X0) | ~v15_algstr_0(X3) | ~l3_algstr_0(X0) | ~v3_group_1(X0) | ~v2_group_1(X0) | v2_struct_0(X0) [subsumption resolution 1231,1084] {a:0,w:20,wCS:8000,nSel:1,sine:1,thAx:0,allAx:2,thDist:-2}
1234. k1_xboole_0 = u1_struct_0(sK1) | ~m1_group_2(sK1,sK0) | ~v15_algstr_0(sK1) | ~l3_algstr_0(sK0) | ~v3_group_1(sK0) | ~v2_group_1(sK0) | v2_struct_0(sK0) <- (1) [superposition 433,1232] {a:1,w:17,wCS:1700,goal:1,sine:1,thAx:0,allAx:5,thDist:-5}
1246. 44 <=> k1_xboole_0 = u1_struct_0(sK1) [avatar definition]
1248. k1_xboole_0 = u1_struct_0(sK1) <- (44) [avatar component clause 1246] {a:1,w:4,wCS:400,nSel:1,goal:1,sine:255,thAx:0,allAx:5,thDist:-5}
1250. k1_xboole_0 = u1_struct_0(sK1) | ~v15_algstr_0(sK1) | ~l3_algstr_0(sK0) | ~v3_group_1(sK0) | ~v2_group_1(sK0) | v2_struct_0(sK0) <- (1, 2) [subsumption resolution 1234,438] {a:1,w:14,wCS:1400,goal:1,sine:1,thAx:0,allAx:5,thDist:-5}
1251. k1_xboole_0 = u1_struct_0(sK1) | ~l3_algstr_0(sK0) | ~v3_group_1(sK0) | ~v2_group_1(sK0) | v2_struct_0(sK0) <- (1, 2, 3) [subsumption resolution 1250,443] {a:1,w:12,wCS:1200,goal:1,sine:1,thAx:0,allAx:5,thDist:-5}
1252. k1_xboole_0 = u1_struct_0(sK1) | ~v3_group_1(sK0) | ~v2_group_1(sK0) | v2_struct_0(sK0) <- (1, 2, 3, 4) [subsumption resolution 1251,448] {a:1,w:10,wCS:1000,goal:1,sine:1,thAx:0,allAx:5,thDist:-5}
1253. k1_xboole_0 = u1_struct_0(sK1) | ~v2_group_1(sK0) | v2_struct_0(sK0) <- (1, 2, 3, 4, 5) [subsumption resolution 1252,453] {a:1,w:8,wCS:800,goal:1,sine:1,thAx:0,allAx:5,thDist:-5}
1254. k1_xboole_0 = u1_struct_0(sK1) | v2_struct_0(sK0) <- (1, 2, 3, 4, 5, 6) [subsumption resolution 1253,458] {a:1,w:6,wCS:600,goal:1,sine:1,thAx:0,allAx:5,thDist:-5}
1255. k1_xboole_0 = u1_struct_0(sK1) <- (1, 2, 3, 4, 5, 6, ~7) [subsumption resolution 1254,463] {a:1,w:4,wCS:400,goal:1,sine:1,thAx:0,allAx:5,thDist:-5}
1256. 44 | ~1 | ~2 | ~3 | ~4 | ~5 | ~6 | 7 [avatar split clause 1255,461,456,451,446,441,436,431,1246]
1267. ~v1_xboole_0(k1_xboole_0) | ~l1_struct_0(sK1) | v2_struct_0(sK1) <- (44) [superposition 353,1248] {a:2,w:6,wCS:600,goal:1,sine:2,thAx:0,allAx:6,thDist:-6}
1319. ~l1_struct_0(sK1) | v2_struct_0(sK1) <- (22, 44) [subsumption resolution 1267,539] {a:2,w:4,wCS:400,goal:1,sine:2,thAx:0,allAx:6,thDist:-6}
1320. v2_struct_0(sK1) <- (22, 43, 44) [subsumption resolution 1319,1023] {a:2,w:2,wCS:200,goal:1,sine:2,thAx:0,allAx:6,thDist:-6}
1321. $false <- (22, ~40, 43, 44) [subsumption resolution 1320,984] {a:2,w:0,goal:1,sine:2,thAx:0,allAx:6,thDist:-6}
1322. ~22 | 40 | ~43 | ~44 [avatar contradiction clause 1321]
1340. $false [avatar sat refutation 434,439,444,449,454,459,464,474,479,540,985,1007,1024,1256,1322] {a:0,w:0,goal:1,sine:0,thAx:0,allAx:358,thDist:-358}
% SZS output end Proof for latsubgr__t15_latsubgr
% ------------------------------
% Version: Vampire 4.5.1 (commit 226f88162 on 2021-09-12 20:13:44 +0200)
% Termination reason: Refutation

% >>> Input
% Input formulas: 97
% >>> Preprocessing
% Introduced skolems: 23
% Pure predicates: 2
% Unused predicate definitions: 1
% 
% >>> Saturation
% Initial clauses: 147
% Generated clauses: 851
% Active clauses: 190
% Passive clauses: 505
% Final active clauses: 171
% Final passive clauses: 288
% Main loop iterations started: 214
% 
% >>> Simplifying Inferences
% Duplicate literals: 27
% Trivial inequalities: 1
% Fw subsumption resolutions: 139
% Fw demodulations: 13
% Bw demodulations: 1
% 
% >>> Deletion Inferences
% Simple tautologies: 38
% Equational tautologies: 4
% Forward subsumptions: 93
% Backward subsumptions: 15
% 
% >>> Generating Inferences
% Binary resolution: 437
% Unit resulting resolution: 5
% Forward superposition: 14
% Backward superposition: 23
% Self superposition: 1
% Equality resolution: 2
% 
% >>> AVATAR
% Split clauses: 11
% Split components: 23
% Sat splitting refutations: 7
% 
% >>> SAT Solver Statistics
% SAT solver clauses: 57
% SAT solver unit clauses: 23
% SAT solver binary clauses: 6
% 
% Memory used [KB]: 5628
% Time elapsed: 0.009 s
% ------------------------------
% ------------------------------
% Time measurement results:
% parsing: 0.002 s
% forward subsumption resolution: 0.001 s
% unit resulting resolution: 0.001 s
% passive container maintenance: 0.001 s
% other: 0.009 s ( own 0.004 s ) 

