i: [1,487,0,3,1,1,0,0] t26_ami_2
a: [3,822,0,3,1,487]
s: 822
i: [1,486,0,3,1,1,0,0] t26_ami_2
a: [3,827,0,3,1,486]
s: 827
i: [1,485,0,3,1,1,0,0] t26_ami_2
a: [3,832,0,3,1,485]
s: 832
i: [1,488,0,2,1,0,0,255] fc7_card_1
a: [3,837,0,2,1,488]
s: 837
i: [1,489,0,2,1,0,0,255] fc8_numbers
a: [3,842,0,2,1,489]
s: 842
i: [1,490,0,2,1,0,0,255] fc1_scm_inst
a: [3,847,0,2,1,490]
s: 847
i: [1,491,0,2,1,0,0,1] fc1_ami_2
a: [3,852,0,2,1,491]
s: 852
i: [1,492,0,2,1,0,0,255] fc1_numbers
a: [3,857,0,2,1,492]
s: 857
i: [1,493,0,2,1,0,0,255] spc1_boole
a: [3,862,0,2,1,493]
s: 862
i: [1,494,0,2,1,0,0,255] fc10_card_3
a: [3,867,0,2,1,494]
s: 867
i: [1,495,0,2,1,0,0,255] fc4_card_1
a: [3,872,0,2,1,495]
s: 872
i: [1,496,0,2,1,0,0,255] fc1_xboole_0
a: [3,877,0,2,1,496]
s: 877
i: [1,506,0,2,1,0,0,255] spc1_numerals
a: [3,934,0,2,1,506]
s: 934
i: [1,753,0,2,1,0,0,2] rc3_card_1
a: [3,939,0,2,1,753]
s: 939
i: [1,754,0,2,1,0,0,2] rc2_xboole_0
a: [3,944,0,2,1,754]
s: 944
i: [1,755,0,2,1,0,0,255] rc5_card_3
a: [3,949,0,2,1,755]
s: 949
i: [1,756,0,2,1,0,0,255] rc2_int_1
a: [3,954,0,2,1,756]
s: 954
i: [1,757,0,2,1,0,0,255] rc1_card_1
a: [3,959,0,2,1,757]
s: 959
i: [1,758,0,2,1,0,0,255] rc1_xreal_0
a: [3,964,0,2,1,758]
s: 964
i: [1,759,0,2,1,0,0,255] rc1_xxreal_0
a: [3,969,0,2,1,759]
s: 969
i: [1,760,0,2,1,0,0,2] rc1_xboole_0
a: [3,974,0,2,1,760]
s: 974
i: [1,762,0,2,1,0,0,255] rc7_funct_1
a: [3,979,0,2,1,762]
s: 979
i: [1,761,0,2,1,0,0,255] rc7_funct_1
a: [3,984,0,2,1,761]
s: 984
i: [1,765,0,2,1,0,0,255] rc3_card_3
a: [3,989,0,2,1,765]
s: 989
i: [1,764,0,2,1,0,0,255] rc3_card_3
a: [3,994,0,2,1,764]
s: 994
i: [1,763,0,2,1,0,0,255] rc3_card_3
a: [3,999,0,2,1,763]
s: 999
i: [1,767,0,2,1,0,0,2] rc1_finset_1
a: [3,1004,0,2,1,767]
s: 1004
i: [1,766,0,2,1,0,0,2] rc1_finset_1
a: [3,1009,0,2,1,766]
s: 1009
i: [1,770,0,2,1,0,0,255] rc8_finset_1
a: [3,1014,0,2,1,770]
s: 1014
i: [1,769,0,2,1,0,0,255] rc8_finset_1
a: [3,1019,0,2,1,769]
s: 1019
i: [1,768,0,2,1,0,0,255] rc8_finset_1
a: [3,1024,0,2,1,768]
s: 1024
i: [1,773,0,2,1,0,0,255] rc9_finset_1
a: [3,1029,0,2,1,773]
s: 1029
i: [1,772,0,2,1,0,0,255] rc9_finset_1
a: [3,1034,0,2,1,772]
s: 1034
i: [1,771,0,2,1,0,0,255] rc9_finset_1
a: [3,1039,0,2,1,771]
s: 1039
i: [1,777,0,2,1,0,0,2] rc3_finset_1
a: [3,1044,0,2,1,777]
s: 1044
i: [1,776,0,2,1,0,0,2] rc3_finset_1
a: [3,1049,0,2,1,776]
s: 1049
i: [1,775,0,2,1,0,0,2] rc3_finset_1
a: [3,1054,0,2,1,775]
s: 1054
i: [1,774,0,2,1,0,0,2] rc3_finset_1
a: [3,1059,0,2,1,774]
s: 1059
i: [1,780,0,2,1,0,0,255] rc3_xreal_0
a: [3,1064,0,2,1,780]
s: 1064
i: [1,779,0,2,1,0,0,255] rc3_xreal_0
a: [3,1069,0,2,1,779]
s: 1069
i: [1,778,0,2,1,0,0,255] rc3_xreal_0
a: [3,1074,0,2,1,778]
s: 1074
i: [1,783,0,2,1,0,0,255] rc2_xreal_0
a: [3,1079,0,2,1,783]
s: 1079
i: [1,782,0,2,1,0,0,255] rc2_xreal_0
a: [3,1084,0,2,1,782]
s: 1084
i: [1,781,0,2,1,0,0,255] rc2_xreal_0
a: [3,1089,0,2,1,781]
s: 1089
i: [1,786,0,2,1,0,0,255] rc2_ordinal2
a: [3,1094,0,2,1,786]
s: 1094
i: [1,785,0,2,1,0,0,255] rc2_ordinal2
a: [3,1099,0,2,1,785]
s: 1099
i: [1,784,0,2,1,0,0,255] rc2_ordinal2
a: [3,1104,0,2,1,784]
s: 1104
i: [1,788,0,2,1,0,0,255] rc3_xxreal_0
a: [3,1109,0,2,1,788]
s: 1109
i: [1,787,0,2,1,0,0,255] rc3_xxreal_0
a: [3,1114,0,2,1,787]
s: 1114
i: [1,790,0,2,1,0,0,255] rc2_xxreal_0
a: [3,1119,0,2,1,790]
s: 1119
i: [1,789,0,2,1,0,0,255] rc2_xxreal_0
a: [3,1124,0,2,1,789]
s: 1124
i: [1,793,0,2,1,0,0,255] rc4_xreal_0
a: [3,1129,0,2,1,793]
s: 1129
i: [1,792,0,2,1,0,0,255] rc4_xreal_0
a: [3,1134,0,2,1,792]
s: 1134
i: [1,791,0,2,1,0,0,255] rc4_xreal_0
a: [3,1139,0,2,1,791]
s: 1139
i: [1,795,0,2,1,0,0,255] rc4_xxreal_0
a: [3,1144,0,2,1,795]
s: 1144
i: [1,794,0,2,1,0,0,255] rc4_xxreal_0
a: [3,1149,0,2,1,794]
s: 1149
i: [1,797,0,2,1,0,0,2] rc1_funct_1
a: [3,1154,0,2,1,797]
s: 1154
i: [1,796,0,2,1,0,0,2] rc1_funct_1
a: [3,1159,0,2,1,796]
s: 1159
i: [1,800,0,2,1,0,0,255] rc5_funct_1
a: [3,1164,0,2,1,800]
s: 1164
i: [1,799,0,2,1,0,0,255] rc5_funct_1
a: [3,1169,0,2,1,799]
s: 1169
i: [1,798,0,2,1,0,0,255] rc5_funct_1
a: [3,1174,0,2,1,798]
s: 1174
i: [1,803,0,2,1,0,0,2] rc6_card_3
a: [3,1179,0,2,1,803]
s: 1179
i: [1,802,0,2,1,0,0,2] rc6_card_3
a: [3,1184,0,2,1,802]
s: 1184
i: [1,801,0,2,1,0,0,2] rc6_card_3
a: [3,1189,0,2,1,801]
s: 1189
i: [1,805,0,2,1,0,0,255] rc2_funct_1
a: [3,1194,0,2,1,805]
s: 1194
i: [1,804,0,2,1,0,0,255] rc2_funct_1
a: [3,1199,0,2,1,804]
s: 1199
i: [1,807,0,2,1,0,0,255] rc1_card_3
a: [3,1204,0,2,1,807]
s: 1204
i: [1,806,0,2,1,0,0,255] rc1_card_3
a: [3,1209,0,2,1,806]
s: 1209
i: [1,810,0,2,1,0,0,255] rc1_funcop_1
a: [3,1214,0,2,1,810]
s: 1214
i: [1,809,0,2,1,0,0,255] rc1_funcop_1
a: [3,1219,0,2,1,809]
s: 1219
i: [1,808,0,2,1,0,0,255] rc1_funcop_1
a: [3,1224,0,2,1,808]
s: 1224
i: [1,814,0,2,1,0,0,255] rc2_funcop_1
a: [3,1229,0,2,1,814]
s: 1229
i: [1,813,0,2,1,0,0,255] rc2_funcop_1
a: [3,1234,0,2,1,813]
s: 1234
i: [1,812,0,2,1,0,0,255] rc2_funcop_1
a: [3,1239,0,2,1,812]
s: 1239
i: [1,811,0,2,1,0,0,255] rc2_funcop_1
a: [3,1244,0,2,1,811]
s: 1244
i: [1,818,0,2,1,0,0,255] rc1_int_1
a: [3,1249,0,2,1,818]
s: 1249
i: [1,817,0,2,1,0,0,255] rc1_int_1
a: [3,1254,0,2,1,817]
s: 1254
i: [1,816,0,2,1,0,0,255] rc1_int_1
a: [3,1259,0,2,1,816]
s: 1259
i: [1,510,0,3,1,0,0,255] fc2_xboole_0
s: 510
i: [1,511,0,3,1,0,0,255] fc1_finset_1
s: 511
i: [1,675,0,3,1,0,0,2] rc1_afinsq_1
s: 675
i: [1,677,0,3,1,0,0,2] rc1_afinsq_1
s: 677
i: [1,678,0,3,1,0,0,2] rc1_afinsq_1
s: 678
i: [1,679,0,3,1,0,0,2] rc1_afinsq_1
s: 679
i: [1,680,0,3,1,0,0,2] rc2_afinsq_1
s: 680
i: [1,682,0,3,1,0,0,2] rc2_afinsq_1
s: 682
i: [1,683,0,3,1,0,0,2] rc2_afinsq_1
s: 683
i: [1,684,0,3,1,0,0,2] rc2_afinsq_1
s: 684
i: [1,685,0,3,1,0,0,2] rc2_afinsq_1
s: 685
i: [1,686,0,3,1,0,0,255] reflexivity_r1_tarski
s: 686
i: [1,497,0,3,1,0,0,255] redefinition_k2_ami_2
a: [3,882,0,3,1,497]
s: 882
r: 847
d: [2,1266,0,2,1,2,23,847,882]
a: [3,1270,0,2,1,1266]
s: 1270
i: [1,499,0,3,1,0,0,255] redefinition_k5_numbers
a: [3,888,0,3,1,499]
s: 888
r: 872
r: 867
r: 837
d: [2,1272,0,2,1,2,23,872,888]
a: [3,1278,0,2,1,1272]
s: 1278
d: [2,1273,0,2,1,2,23,867,888]
a: [3,1283,0,2,1,1273]
s: 1283
d: [2,1274,0,2,1,2,23,837,888]
a: [3,1288,0,2,1,1274]
s: 1288
i: [1,500,0,3,1,0,0,255] t1_numerals
a: [3,893,0,3,1,500]
s: 893
i: [1,509,0,3,1,0,0,255] spc1_numerals
a: [3,919,0,3,1,509]
s: 919
i: [1,508,0,3,1,0,0,255] spc1_numerals
a: [3,924,0,3,1,508]
s: 924
i: [1,815,0,3,1,0,0,255] rc1_int_1
a: [3,1264,0,3,1,815]
s: 1264
d: [2,1290,0,3,1,2,22,893,888]
a: [3,1294,0,3,1,1290]
s: 1294
i: [1,512,0,4,1,0,0,255] fc13_card_1
s: 512
i: [1,517,0,4,2,0,0,255] cc5_finset_1
s: 517
i: [1,532,0,4,2,0,0,255] cc2_int_1
s: 532
i: [1,533,0,4,2,0,0,255] cc3_card_1
s: 533
i: [1,534,0,4,2,0,0,255] cc2_xreal_0
s: 534
i: [1,535,0,4,2,0,0,255] cc2_xxreal_0
s: 535
i: [1,536,0,4,2,0,0,255] cc5_card_1
s: 536
i: [1,559,0,4,2,0,0,255] cc4_finset_1
s: 559
i: [1,560,0,4,2,0,0,255] cc3_int_1
s: 560
i: [1,561,0,4,2,0,0,255] cc4_card_3
s: 561
d: [2,1296,1,2,1,1,40,560,954]
a: [3,1301,1,2,1,1296]
s: 1301
i: [1,562,0,4,2,0,0,255] cc4_card_3
s: 562
d: [2,1303,1,2,1,1,40,561,949]
a: [3,1308,1,2,1,1303]
s: 1308
i: [1,565,0,4,2,0,0,255] cc1_card_1
s: 565
i: [1,578,0,4,2,0,0,255] cc4_xreal_0
s: 578
d: [2,1310,1,2,1,1,40,562,949]
a: [3,1315,1,2,1,1310]
s: 1315
i: [1,579,0,4,2,0,0,255] cc6_card_3
s: 579
d: [2,1311,1,2,1,1,40,562,1283]
a: [3,1320,1,2,1,1311]
s: 1320
i: [1,584,0,4,2,0,0,255] cc2_card_1
s: 584
i: [1,585,0,4,2,0,0,255] cc7_funct_1
s: 585
d: [2,1322,1,2,1,1,40,565,959]
a: [3,1327,1,2,1,1322]
s: 1327
i: [1,586,0,4,2,0,0,255] cc6_finset_1
s: 586
d: [2,1323,1,2,1,1,40,565,1278]
a: [3,1332,1,2,1,1323]
s: 1332
i: [1,587,0,4,2,0,0,2] cc1_finset_1
s: 587
i: [1,588,0,4,2,0,0,2] cc1_funct_1
s: 588
d: [2,1335,1,2,1,1,40,578,964]
a: [3,1348,1,2,1,1335]
s: 1348
i: [1,674,0,4,1,0,0,1] existence_m1_subset_1
s: 674
d: [2,1353,1,2,1,1,40,579,1004]
a: [3,1359,1,2,1,1353]
s: 1359
i: [1,676,0,4,1,0,0,2] rc1_afinsq_1
s: 676
i: [1,681,0,4,1,0,0,2] rc2_afinsq_1
s: 681
d: [2,1354,1,2,1,1,40,579,1019]
a: [3,1364,1,2,1,1354]
s: 1364
i: [1,729,0,4,1,0,0,2] rc6_funct_1
s: 729
d: [2,1355,1,2,1,1,40,579,1044]
a: [3,1369,1,2,1,1355]
s: 1369
i: [1,732,0,4,1,0,0,2] rc6_funct_1
s: 732
i: [1,733,0,4,1,0,0,2] rc5_finset_1
s: 733
d: [2,1371,1,2,1,1,40,584,877]
a: [3,1379,1,2,1,1371]
s: 1379
i: [1,736,0,4,1,0,0,2] rc5_finset_1
s: 736
d: [2,1373,1,2,1,1,40,584,974]
a: [3,1384,1,2,1,1373]
s: 1384
i: [1,737,0,4,1,0,0,2] rc5_finset_1
s: 737
i: [1,739,0,4,1,0,0,2] rc1_relset_1
s: 739
d: [2,1374,1,2,1,1,40,584,1139]
a: [3,1389,1,2,1,1374]
s: 1389
i: [1,740,0,4,1,0,0,2] rc1_relset_1
s: 740
d: [2,1375,1,2,1,1,40,584,1149]
a: [3,1394,1,2,1,1375]
s: 1394
i: [1,744,0,4,1,0,0,255] rc1_funct_2
s: 744
i: [1,747,0,4,1,0,0,255] rc1_funct_2
s: 747
d: [2,1396,1,2,1,1,40,585,877]
a: [3,1404,1,2,1,1396]
s: 1404
i: [1,501,0,4,1,0,0,1] dt_k2_ami_2
a: [3,898,0,4,1,501]
s: 898
d: [2,1398,1,2,1,1,40,585,974]
a: [3,1409,1,2,1,1398]
s: 1409
i: [1,503,0,4,1,0,0,255] dt_k5_numbers
a: [3,904,0,4,1,503]
s: 904
i: [1,507,0,4,1,0,0,255] spc1_numerals
a: [3,929,0,4,1,507]
s: 929
d: [2,1399,1,2,1,1,40,585,1139]
a: [3,1414,1,2,1,1399]
s: 1414
i: [1,513,0,5,1,0,0,255] t1_boole
s: 513
d: [2,1400,1,2,1,1,40,585,1149]
a: [3,1419,1,2,1,1400]
s: 1419
i: [1,515,0,5,2,0,0,255] rc7_finset_1
s: 515
i: [1,516,0,5,2,0,0,255] rc7_finset_1
s: 516
d: [2,1421,1,2,1,1,40,586,877]
a: [3,1429,1,2,1,1421]
s: 1429
i: [1,518,0,5,2,0,0,2] fc9_card_1
s: 518
d: [2,1423,1,2,1,1,40,586,974]
a: [3,1434,1,2,1,1423]
s: 1434
i: [1,520,0,5,2,0,0,2] rc4_card_1
s: 520
i: [1,521,0,5,2,0,0,2] rc3_afinsq_1
s: 521
d: [2,1424,1,2,1,1,40,586,1139]
a: [3,1439,1,2,1,1424]
s: 1439
i: [1,523,0,5,2,0,0,2] rc3_afinsq_1
s: 523
d: [2,1425,1,2,1,1,40,586,1149]
a: [3,1444,1,2,1,1425]
s: 1444
i: [1,524,0,5,2,0,0,2] rc3_afinsq_1
s: 524
i: [1,525,0,5,2,0,0,2] rc3_afinsq_1
s: 525
d: [2,1446,1,2,1,1,40,587,877]
a: [3,1454,1,2,1,1446]
s: 1454
i: [1,526,0,5,2,0,0,2] rc3_afinsq_1
s: 526
d: [2,1448,1,2,1,1,40,587,974]
a: [3,1459,1,2,1,1448]
s: 1459
i: [1,528,0,5,2,0,0,2] rc2_finset_1
s: 528
i: [1,529,0,5,2,0,0,2] rc2_finset_1
s: 529
d: [2,1449,1,2,1,1,40,587,1139]
a: [3,1464,1,2,1,1449]
s: 1464
i: [1,549,0,5,2,0,0,255] rc4_afinsq_1
s: 549
d: [2,1450,1,2,1,1,40,587,1149]
a: [3,1469,1,2,1,1450]
s: 1469
i: [1,550,0,5,2,0,0,255] rc4_afinsq_1
s: 550
i: [1,551,0,5,2,0,0,255] rc4_afinsq_1
s: 551
d: [2,1471,1,2,1,1,40,588,877]
a: [3,1479,1,2,1,1471]
s: 1479
i: [1,552,0,5,2,0,0,255] rc4_afinsq_1
s: 552
d: [2,1473,1,2,1,1,40,588,974]
a: [3,1484,1,2,1,1473]
s: 1484
i: [1,567,0,5,2,0,0,255] rc6_card_1
s: 567
i: [1,568,0,5,2,0,0,255] rc6_card_1
s: 568
d: [2,1474,1,2,1,1,40,588,1139]
a: [3,1489,1,2,1,1474]
s: 1489
i: [1,580,0,5,2,0,0,255] fc30_finset_1
s: 580
d: [2,1475,1,2,1,1,40,588,1149]
a: [3,1494,1,2,1,1475]
s: 1494
i: [1,581,0,5,2,0,0,255] fc31_finset_1
s: 581
i: [1,582,0,5,2,0,0,2] fc17_finset_1
s: 582
d: [2,1334,2,2,1,1,40,578,1301]
a: [3,1343,2,2,1,1334]
s: 1343
i: [1,589,0,5,2,0,0,255] t6_boole
s: 589
d: [2,1496,2,2,1,1,40,1379,565]
a: [3,1500,2,2,1,1496]
s: 1500
i: [1,590,0,5,2,0,0,255] cc8_card_1
s: 590
i: [1,591,0,5,2,0,0,255] cc7_card_1
s: 591
d: [2,1502,2,2,1,1,40,1384,565]
a: [3,1506,2,2,1,1502]
s: 1506
i: [1,592,0,5,2,0,0,255] cc9_card_1
s: 592
d: [2,1514,2,2,1,1,40,1389,565]
a: [3,1518,2,2,1,1514]
s: 1518
i: [1,593,0,5,2,0,0,255] cc9_card_1
s: 593
i: [1,595,0,5,2,0,0,255] cc4_card_1
s: 595
d: [2,1520,2,2,1,1,40,1394,565]
a: [3,1524,2,2,1,1520]
s: 1524
i: [1,596,0,5,2,0,0,255] cc1_xreal_0
s: 596
d: [2,1572,1,2,1,1,40,596,919]
a: [3,1578,1,2,1,1572]
s: 1578
i: [1,671,0,5,2,0,0,1] t7_boole
s: 671
i: [1,687,0,5,1,0,0,255] idempotence_k2_xboole_0
s: 687
d: [2,1527,2,2,1,1,40,1454,579]
a: [3,1531,2,2,1,1527]
s: 1531
i: [1,730,0,5,1,0,0,2] rc6_funct_1
s: 730
d: [2,1534,2,2,1,1,40,1459,579]
a: [3,1538,2,2,1,1534]
s: 1538
i: [1,731,0,5,1,0,0,2] rc6_funct_1
s: 731
i: [1,734,0,5,1,0,0,2] rc5_finset_1
s: 734
d: [2,1541,2,2,1,1,40,1464,579]
a: [3,1545,2,2,1,1541]
s: 1545
i: [1,735,0,5,1,0,0,2] rc5_finset_1
s: 735
d: [2,1547,2,2,1,1,40,1469,579]
a: [3,1551,2,2,1,1547]
s: 1551
i: [1,741,0,5,1,0,0,2] rc1_relset_1
s: 741
i: [1,742,0,5,1,0,0,2] rc1_relset_1
s: 742
d: [2,1585,2,2,1,1,40,1578,578]
a: [3,1589,2,2,1,1585]
s: 1589
i: [1,745,0,5,1,0,0,255] rc1_funct_2
s: 745
d: [2,1350,1,3,1,0,40,579,511]
s: 1350
i: [1,746,0,5,1,0,0,255] rc1_funct_2
s: 746
d: [2,1571,0,5,2,1,22,595,888]
s: 1571
d: [2,1592,1,2,1,2,40,1571,924]
a: [3,1598,1,2,1,1592]
s: 1598
i: [1,522,0,6,2,0,0,2] rc3_afinsq_1
s: 522
d: [2,1605,2,2,1,1,40,1598,579]
a: [3,1609,2,2,1,1605]
s: 1609
i: [1,531,0,6,2,0,0,255] rc7_card_1
s: 531
i: [1,553,0,6,2,0,0,255] rc4_afinsq_1
s: 553
d: [2,1613,1,5,2,0,40,553,591]
a: [3,1623,1,2,1,1613]
s: 1623
i: [1,566,0,6,2,0,0,255] rc5_card_1
s: 566
d: [2,1614,1,5,2,0,40,553,593]
a: [3,1632,1,2,1,1614]
s: 1632
i: [1,569,0,6,2,0,0,255] rc6_card_1
s: 569
i: [1,597,0,6,3,0,0,255] cc5_card_3
s: 597
d: [2,1641,1,5,2,0,40,566,593]
a: [3,1656,1,2,1,1641]
s: 1656
i: [1,603,0,6,3,0,0,255] cc6_card_1
s: 603
d: [2,1693,3,0,0,3,52,1623,1454,1500,603]
e: 1693
d: [2,1695,3,4,2,1,40,603,1500]
d: [2,1701,3,2,1,2,21,1695,1454]
d: [2,1702,3,0,0,3,21,1701,1623]
e: 1702
r: 1623
a: [3,1622,1,2,1,1613]
s: 1622
i: [1,609,0,6,3,0,0,255] cc5_xxreal_0
s: 609
i: [1,611,0,6,3,0,0,255] cc5_xxreal_0
s: 611
d: [2,1753,1,4,2,1,40,609,1069]
d: [2,1755,1,2,1,2,21,1753,1074]
a: [3,1759,1,2,1,1755]
s: 1759
i: [1,612,0,6,3,0,0,255] cc3_xxreal_0
s: 612
d: [2,1754,1,4,2,1,40,609,1109]
d: [2,1761,1,2,1,2,21,1754,1114]
a: [3,1765,1,2,1,1761]
s: 1765
i: [1,614,0,6,3,0,0,255] cc3_xxreal_0
s: 614
i: [1,616,0,6,3,0,0,255] cc7_xxreal_0
s: 616
d: [2,1767,1,4,2,1,40,611,934]
d: [2,1770,1,2,1,2,21,1767,1589]
a: [3,1774,1,2,1,1770]
s: 1774
i: [1,617,0,6,3,0,0,255] cc7_xxreal_0
s: 617
d: [2,1768,1,4,2,1,40,611,1084]
d: [2,1776,1,2,1,2,21,1768,1089]
a: [3,1780,1,2,1,1776]
s: 1780
i: [1,666,0,6,2,0,0,1] t1_subset
s: 666
i: [1,689,0,6,2,0,0,255] fc5_xboole_0
s: 689
d: [2,1769,1,4,2,1,40,611,1119]
d: [2,1782,1,2,1,2,21,1769,1124]
a: [3,1786,1,2,1,1782]
s: 1786
i: [1,690,0,6,2,0,0,255] fc4_xboole_0
s: 690
d: [2,1789,1,4,2,1,40,612,1084]
d: [2,1791,1,2,1,2,21,1789,1089]
a: [3,1795,1,2,1,1791]
s: 1795
i: [1,693,0,6,2,0,0,255] rc3_funcop_1
s: 693
i: [1,696,0,6,2,0,0,255] rc3_funcop_1
s: 696
d: [2,1790,1,4,2,1,40,612,1119]
d: [2,1797,1,2,1,2,21,1790,1124]
a: [3,1801,1,2,1,1797]
s: 1801
i: [1,704,0,6,2,0,0,1] antisymmetry_r2_hidden
s: 704
d: [2,1696,2,4,2,1,40,603,1327]
a: [3,1730,2,2,1,1696]
s: 1730
i: [1,748,0,6,1,0,0,255] rc1_funct_2
s: 748
i: [1,504,0,6,1,0,0,255] d1_ami_2
a: [3,909,0,6,1,504]
s: 909
d: [2,1733,2,2,1,1,40,1622,535]
a: [3,1741,2,2,1,1733]
s: 1741
d: [2,1807,0,6,1,2,22,909,882]
a: [3,1811,0,6,1,1807]
s: 1811
d: [2,1734,2,2,1,1,40,1622,534]
a: [3,1746,2,2,1,1734]
s: 1746
i: [1,514,0,7,2,0,0,255] rc7_finset_1
s: 514
i: [1,519,0,7,2,0,0,2] rc4_card_1
s: 519
d: [2,1736,2,2,1,1,40,1622,532]
a: [3,1751,2,2,1,1736]
s: 1751
i: [1,527,0,7,2,0,0,2] rc2_finset_1
s: 527
d: [2,1699,3,4,2,1,40,603,1524]
d: [2,1706,3,2,1,2,21,1699,1469]
a: [3,1711,3,2,1,1706]
s: 1711
i: [1,530,0,7,2,0,0,255] rc7_card_1
s: 530
i: [1,554,0,7,3,0,0,255] cc2_ordinal2
s: 554
d: [2,1840,1,4,2,1,40,554,832]
a: [3,1870,1,2,1,1840]
s: 1870
i: [1,570,0,7,3,0,0,255] cc8_funct_1
s: 570
d: [2,1886,1,4,2,1,40,570,832]
a: [3,1933,1,2,1,1886]
s: 1933
i: [1,571,0,7,3,0,0,255] cc8_funct_1
s: 571
i: [1,576,0,7,3,0,0,255] cc7_finset_1
s: 576
d: [2,1982,1,4,2,1,40,576,832]
a: [3,2007,1,2,1,1982]
s: 2007
i: [1,598,0,7,3,0,0,255] cc10_card_1
s: 598
d: [2,1837,1,4,2,1,40,554,919]
a: [3,1859,1,2,1,1837]
s: 1859
i: [1,650,0,7,3,0,0,255] fc7_card_3
s: 650
i: [1,651,0,7,3,0,0,255] fc14_funct_1
s: 651
a: [3,1863,1,2,1,1837]
s: 1863
d: [2,2025,2,0,0,3,52,1632,1598,1863,603]
e: 2025
d: [2,2026,2,4,2,1,40,1863,603]
d: [2,2028,2,2,1,2,21,2026,1598]
d: [2,2029,2,0,0,3,21,2028,1632]
e: 2029
r: 1632
i: [1,669,0,7,2,0,0,255] t3_subset
s: 669
a: [3,1631,1,2,1,1614]
s: 1631
d: [2,2036,2,0,0,2,52,1656,1631,533]
e: 2036
d: [2,2040,2,2,1,1,40,1631,533]
d: [2,2043,2,0,0,2,21,2040,1656]
e: 2043
r: 1656
i: [1,670,0,7,3,0,0,1] t8_boole
s: 670
i: [1,688,0,7,1,0,0,255] commutativity_k2_xboole_0
s: 688
a: [3,1655,1,2,1,1641]
s: 1655
i: [1,694,0,7,2,0,0,255] rc3_funcop_1
s: 694
d: [2,1883,1,4,2,1,40,570,919]
a: [3,1914,1,2,1,1883]
s: 1914
i: [1,695,0,7,2,0,0,255] rc3_funcop_1
s: 695
i: [1,697,0,7,2,0,0,255] rc3_funcop_1
s: 697
d: [2,1884,1,4,2,1,40,570,924]
a: [3,1923,1,2,1,1884]
s: 1923
i: [1,563,0,8,3,0,0,255] cc8_card_3
s: 563
d: [2,1988,1,4,2,1,40,576,1264]
a: [3,2017,1,2,1,1988]
s: 2017
i: [1,564,0,8,3,0,0,255] cc7_card_3
s: 564
i: [1,572,0,8,3,0,0,255] cc9_funct_1
s: 572
d: [2,2073,1,4,2,1,40,563,904]
a: [3,2083,1,2,1,2073]
s: 2083
i: [1,577,0,8,3,0,0,255] cc8_finset_1
s: 577
d: [2,2074,1,4,2,1,40,563,898]
a: [3,2092,1,2,1,2074]
s: 2092
i: [1,583,0,8,3,0,0,2] cc2_finset_1
s: 583
i: [1,600,0,8,4,0,0,255] cc4_xxreal_0
s: 600
d: [2,2100,1,4,2,1,40,564,898]
a: [3,2109,1,2,1,2100]
s: 2109
i: [1,602,0,8,4,0,0,255] cc6_xxreal_0
s: 602
d: [2,2133,1,4,2,1,40,583,898]
a: [3,2142,1,2,1,2133]
s: 2142
i: [1,606,0,8,4,0,0,255] cc6_funct_1
s: 606
i: [1,607,0,8,4,0,0,255] cc8_xxreal_0
s: 607
d: [2,2148,1,6,3,1,40,600,969]
a: [3,2185,1,2,1,2148]
s: 2185
r: 2185
i: [1,624,0,8,4,0,0,255] cc4_funct_1
s: 624
a: [3,2184,1,2,1,2148]
s: 2184
d: [2,2238,0,6,3,0,21,624,588]
s: 2238
i: [1,636,0,8,4,0,0,255] cc5_funct_1
s: 636
a: [3,2189,1,2,1,2148]
s: 2189
i: [1,642,0,8,4,0,0,2] cc1_afinsq_1
s: 642
a: [3,2192,1,2,1,2148]
s: 2192
d: [2,2325,0,6,3,0,21,642,588]
s: 2325
i: [1,646,0,8,4,0,0,255] cc6_afinsq_1
s: 646
d: [2,2155,1,6,3,1,40,600,1259]
a: [3,2198,1,2,1,2155]
s: 2198
r: 2198
d: [2,2377,0,6,3,0,21,646,588]
s: 2377
a: [3,2197,1,2,1,2155]
s: 2197
i: [1,649,0,8,4,0,0,255] cc3_funcop_1
s: 649
d: [2,2457,0,6,3,0,21,649,588]
s: 2457
a: [3,2202,1,2,1,2155]
s: 2202
i: [1,667,0,8,3,0,0,1] t2_subset
s: 667
d: [2,2520,1,5,2,1,40,667,832]
d: [2,2565,1,3,1,2,21,2520,852]
a: [3,2569,1,3,1,2565]
s: 2569
i: [1,705,0,8,3,0,0,3] fc10_card_1
s: 705
i: [1,706,0,8,3,0,0,3] fc11_card_1
s: 706
d: [2,2577,2,3,1,1,40,2569,704]
a: [3,2583,2,3,1,2577]
s: 2583
i: [1,714,0,8,3,0,0,2] rc6_finset_1
s: 714
a: [3,2205,1,2,1,2155]
s: 2205
i: [1,715,0,8,3,0,0,2] rc6_finset_1
s: 715
i: [1,718,0,8,3,0,0,2] rc6_finset_1
s: 718
d: [2,2251,1,4,2,1,40,2238,1099]
a: [3,2264,1,2,1,2251]
s: 2264
i: [1,719,0,8,3,0,0,2] rc6_finset_1
s: 719
d: [2,2252,1,4,2,1,40,2238,1159]
a: [3,2273,1,2,1,2252]
s: 2273
i: [1,722,0,8,3,0,0,255] fc33_finset_1
s: 722
i: [1,723,0,8,3,0,0,255] fc9_finset_1
s: 723
d: [2,2594,1,7,3,1,44,722,1811]
d: [2,2596,1,5,2,2,21,2594,2007]
a: [3,2600,1,3,1,2596]
s: 2600
i: [1,724,0,8,3,0,0,3] fc14_finset_1
s: 724
d: [2,1978,1,5,2,1,40,576,898]
a: [3,2001,1,2,1,1978]
s: 2001
i: [1,725,0,8,2,0,0,3] cc1_relset_1
s: 725
i: [1,738,0,8,1,0,0,2] rc1_relset_1
s: 738
d: [2,2253,1,4,2,1,40,2238,1174]
d: [2,2279,1,2,1,2,21,2253,1164]
a: [3,2283,1,2,1,2279]
s: 2283
i: [1,743,0,8,1,0,0,255] rc1_funct_2
s: 743
d: [2,2254,1,4,2,1,40,2238,1189]
a: [3,2288,1,2,1,2254]
s: 2288
i: [1,594,0,9,3,0,0,1] l2_ami_2
s: 594
d: [2,2648,1,0,0,3,52,822,827,832,594]
e: 2648
d: [2,2649,1,6,2,1,40,594,832]
d: [2,2652,1,3,1,2,21,2649,827]
d: [2,2653,1,0,0,3,21,2652,822]
e: 2653
f: 2653,485,486,487
% Refutation found. Thanks to Tanya!
% SZS status Theorem for ami_2__t26_ami_2
% SZS output start Proof for ami_2__t26_ami_2
1. ! [X0] : (m1_subset_1(X0,k1_ami_2) => (r2_hidden(X0,k2_ami_2) | k5_numbers = X0)) [input t26_ami_2]
2. ~! [X0] : (m1_subset_1(X0,k1_ami_2) => (r2_hidden(X0,k2_ami_2) | k5_numbers = X0)) [negated conjecture 1]
188. ! [X0] : (m1_subset_1(X0,k1_ami_2) => (r2_hidden(X0,k2_ami_2) | k5_numbers = X0)) [input l2_ami_2]
220. ? [X0] : ((~r2_hidden(X0,k2_ami_2) & k5_numbers != X0) & m1_subset_1(X0,k1_ami_2)) [ennf transformation 2]
221. ? [X0] : (~r2_hidden(X0,k2_ami_2) & k5_numbers != X0 & m1_subset_1(X0,k1_ami_2)) [flattening 220]
271. ! [X0] : ((r2_hidden(X0,k2_ami_2) | k5_numbers = X0) | ~m1_subset_1(X0,k1_ami_2)) [ennf transformation 188]
272. ! [X0] : (r2_hidden(X0,k2_ami_2) | k5_numbers = X0 | ~m1_subset_1(X0,k1_ami_2)) [flattening 271]
388. ? [X0] : (~r2_hidden(X0,k2_ami_2) & k5_numbers != X0 & m1_subset_1(X0,k1_ami_2)) => (~r2_hidden(sK0,k2_ami_2) & k5_numbers != sK0 & m1_subset_1(sK0,k1_ami_2)) [choice axiom]
389. ~r2_hidden(sK0,k2_ami_2) & k5_numbers != sK0 & m1_subset_1(sK0,k1_ami_2) [skolemisation 221,388]
485. m1_subset_1(sK0,k1_ami_2) [cnf transformation 389] {a:0,w:3,wCS:300,goal:1,sine:0,thAx:0,allAx:2,thDist:-2}
486. k5_numbers != sK0 [cnf transformation 389] {a:0,w:3,wCS:300,goal:1,sine:0,thAx:0,allAx:2,thDist:-2}
487. ~r2_hidden(sK0,k2_ami_2) [cnf transformation 389] {a:0,w:3,wCS:300,goal:1,sine:0,thAx:0,allAx:2,thDist:-2}
594. ~m1_subset_1(X0,k1_ami_2) | k5_numbers = X0 | r2_hidden(X0,k2_ami_2) [cnf transformation 272] {a:0,w:9,wCS:3600,nSel:1,sine:1,thAx:0,allAx:1,thDist:-1}
820. 1 <=> r2_hidden(sK0,k2_ami_2) [avatar definition]
822. ~r2_hidden(sK0,k2_ami_2) <- (~1) [avatar component clause 820] {a:0,w:3,wCS:300,nSel:1,goal:1,sine:255,thAx:0,allAx:2,thDist:-2}
823. ~1 [avatar split clause 487,820]
825. 2 <=> k5_numbers = sK0 [avatar definition]
827. k5_numbers != sK0 <- (~2) [avatar component clause 825] {a:0,w:3,wCS:300,nSel:1,goal:1,sine:255,thAx:0,allAx:2,thDist:-2}
828. ~2 [avatar split clause 486,825]
830. 3 <=> m1_subset_1(sK0,k1_ami_2) [avatar definition]
832. m1_subset_1(sK0,k1_ami_2) <- (3) [avatar component clause 830] {a:0,w:3,wCS:300,nSel:1,goal:1,sine:255,thAx:0,allAx:2,thDist:-2}
833. 3 [avatar split clause 485,830]
2649. k5_numbers = sK0 | r2_hidden(sK0,k2_ami_2) <- (3) [resolution 594,832] {a:1,w:6,wCS:600,goal:1,sine:1,thAx:0,allAx:3,thDist:-3}
2652. r2_hidden(sK0,k2_ami_2) <- (~2, 3) [subsumption resolution 2649,827] {a:1,w:3,wCS:300,goal:1,sine:1,thAx:0,allAx:3,thDist:-3}
2653. $false <- (~1, ~2, 3) [subsumption resolution 2652,822] {a:1,w:0,goal:1,sine:1,thAx:0,allAx:3,thDist:-3}
2654. 1 | 2 | ~3 [avatar contradiction clause 2653]
2655. $false [avatar sat refutation 823,828,833,2654] {a:0,w:0,goal:1,sine:0,thAx:0,allAx:1182,thDist:-1182}
% SZS output end Proof for ami_2__t26_ami_2
% ------------------------------
% Version: Vampire 4.5.1 (commit 226f88162 on 2021-09-12 20:13:44 +0200)
% Termination reason: Refutation

% >>> Input
% Input formulas: 187
% >>> Preprocessing
% Introduced skolems: 48
% Pure predicates: 9
% Unused predicate definitions: 1
% 
% >>> Saturation
% Initial clauses: 334
% Generated clauses: 1046
% Active clauses: 321
% Passive clauses: 549
% Final active clauses: 312
% Final passive clauses: 213
% Main loop iterations started: 335
% 
% >>> Simplifying Inferences
% Duplicate literals: 2
% Fw subsumption resolutions: 42
% Fw demodulations: 3
% Bw demodulations: 4
% 
% >>> Deletion Inferences
% Simple tautologies: 80
% Forward subsumptions: 118
% 
% >>> Generating Inferences
% Binary resolution: 387
% Unit resulting resolution: 4
% Forward superposition: 27
% Backward superposition: 18
% Self superposition: 1
% 
% >>> AVATAR
% Split clauses: 65
% Split components: 134
% Sat splitting refutations: 8
% 
% >>> SAT Solver Statistics
% SAT solver clauses: 262
% SAT solver unit clauses: 92
% SAT solver binary clauses: 76
% 
% Memory used [KB]: 6652
% Time elapsed: 0.009 s
% ------------------------------
% ------------------------------
% Time measurement results:
% parsing: 0.001 s ( own 0.0000 s ) 
% sat proof minimization: 0.001 s
% term sharing: 0.001 s
% binary resolution index maintenance: 0.001 s
% backward superposition index maintenance: 0.001 s
% backward demodulation index maintenance: 0.001 s
% unit resulting resolution: 0.001 s
% other: 0.009 s ( own 0.003 s ) 

