i: [1,202,0,3,1,1,0,0] l2_polyeq_2
a: [3,306,0,3,1,202]
s: 306
i: [1,203,0,2,1,0,0,1] spc4_boole
a: [3,311,0,2,1,203]
s: 311
i: [1,204,0,2,1,0,0,2] spc1_boole
a: [3,316,0,2,1,204]
s: 316
i: [1,205,0,2,1,0,0,1] spc2_boole
a: [3,321,0,2,1,205]
s: 321
i: [1,206,0,2,1,0,0,5] fc3_membered
a: [3,326,0,2,1,206]
s: 326
i: [1,207,0,2,1,0,0,255] fc6_membered
a: [3,331,0,2,1,207]
s: 331
i: [1,218,0,2,1,0,0,255] spc4_numerals
a: [3,397,0,2,1,218]
s: 397
i: [1,222,0,2,1,0,0,255] spc1_numerals
a: [3,417,0,2,1,222]
s: 417
i: [1,226,0,2,1,0,0,255] spc2_numerals
a: [3,437,0,2,1,226]
s: 437
i: [1,283,0,2,1,0,0,4] rc1_xreal_0
a: [3,449,0,2,1,283]
s: 449
i: [1,284,0,2,1,0,0,3] rc1_xcmplx_0
a: [3,454,0,2,1,284]
s: 454
i: [1,286,0,2,1,0,0,4] rc1_membered
a: [3,459,0,2,1,286]
s: 459
i: [1,285,0,2,1,0,0,4] rc1_membered
a: [3,464,0,2,1,285]
s: 464
i: [1,288,0,2,1,0,0,4] rc2_membered
a: [3,469,0,2,1,288]
s: 469
i: [1,287,0,2,1,0,0,4] rc2_membered
a: [3,474,0,2,1,287]
s: 474
i: [1,290,0,2,1,0,0,255] rc3_membered
a: [3,479,0,2,1,290]
s: 479
i: [1,289,0,2,1,0,0,255] rc3_membered
a: [3,484,0,2,1,289]
s: 484
i: [1,292,0,2,1,0,0,3] rc2_xcmplx_0
a: [3,489,0,2,1,292]
s: 489
i: [1,291,0,2,1,0,0,3] rc2_xcmplx_0
a: [3,494,0,2,1,291]
s: 494
i: [1,295,0,2,1,0,0,255] rc3_xreal_0
a: [3,499,0,2,1,295]
s: 499
i: [1,294,0,2,1,0,0,255] rc3_xreal_0
a: [3,504,0,2,1,294]
s: 504
i: [1,293,0,2,1,0,0,255] rc3_xreal_0
a: [3,509,0,2,1,293]
s: 509
i: [1,298,0,2,1,0,0,255] rc2_xreal_0
a: [3,514,0,2,1,298]
s: 514
i: [1,297,0,2,1,0,0,255] rc2_xreal_0
a: [3,519,0,2,1,297]
s: 519
i: [1,296,0,2,1,0,0,255] rc2_xreal_0
a: [3,524,0,2,1,296]
s: 524
i: [1,301,0,2,1,0,0,255] rc4_xreal_0
a: [3,529,0,2,1,301]
s: 529
i: [1,300,0,2,1,0,0,255] rc4_xreal_0
a: [3,534,0,2,1,300]
s: 534
i: [1,299,0,2,1,0,0,255] rc4_xreal_0
a: [3,539,0,2,1,299]
s: 539
i: [1,267,0,3,1,0,0,255] reflexivity_r1_tarski
s: 267
i: [1,208,0,3,1,0,0,255] redefinition_k5_numbers
a: [3,336,0,3,1,208]
s: 336
r: 331
d: [2,541,0,2,1,2,23,331,336]
a: [3,545,0,2,1,541]
s: 545
i: [1,209,0,3,1,0,0,255] t1_numerals
a: [3,341,0,3,1,209]
s: 341
i: [1,221,0,3,1,0,0,255] spc4_numerals
a: [3,382,0,3,1,221]
s: 382
i: [1,220,0,3,1,0,0,255] spc4_numerals
a: [3,387,0,3,1,220]
s: 387
i: [1,225,0,3,1,0,0,255] spc1_numerals
a: [3,402,0,3,1,225]
s: 402
i: [1,224,0,3,1,0,0,255] spc1_numerals
a: [3,407,0,3,1,224]
s: 407
i: [1,229,0,3,1,0,0,255] spc2_numerals
a: [3,422,0,3,1,229]
s: 422
i: [1,228,0,3,1,0,0,255] spc2_numerals
a: [3,427,0,3,1,228]
s: 427
d: [2,547,0,3,1,2,22,341,336]
a: [3,551,0,3,1,547]
s: 551
i: [1,230,0,4,2,0,0,255] cc2_xreal_0
s: 230
i: [1,231,0,4,2,0,0,255] cc2_xcmplx_0
s: 231
i: [1,238,0,4,2,0,0,3] cc2_membered
s: 238
i: [1,239,0,4,2,0,0,4] cc3_membered
s: 239
i: [1,243,0,4,2,0,0,255] cc4_membered
s: 243
i: [1,244,0,4,2,0,0,255] cc5_membered
s: 244
i: [1,247,0,4,2,0,0,3] cc1_membered
s: 247
d: [2,553,1,2,1,1,40,243,326]
a: [3,557,1,2,1,553]
s: 557
i: [1,250,0,4,2,0,0,3] cc3_xreal_0
s: 250
d: [2,559,1,2,1,1,40,244,326]
a: [3,563,1,2,1,559]
s: 563
i: [1,252,0,4,2,0,0,4] cc18_membered
s: 252
i: [1,266,0,4,1,0,0,3] existence_m1_subset_1
s: 266
d: [2,565,1,2,1,1,40,247,545]
a: [3,572,1,2,1,565]
s: 572
i: [1,210,0,4,1,0,0,255] dt_k5_numbers
a: [3,346,0,4,1,210]
s: 346
d: [2,566,1,2,1,1,40,247,459]
a: [3,577,1,2,1,566]
s: 577
i: [1,219,0,4,1,0,0,255] spc4_numerals
a: [3,392,0,4,1,219]
s: 392
i: [1,223,0,4,1,0,0,255] spc1_numerals
a: [3,412,0,4,1,223]
s: 412
d: [2,567,1,2,1,1,40,247,469]
a: [3,582,1,2,1,567]
s: 582
i: [1,227,0,4,1,0,0,255] spc2_numerals
a: [3,432,0,4,1,227]
s: 432
d: [2,568,1,2,1,1,40,247,479]
a: [3,587,1,2,1,568]
s: 587
i: [1,253,0,5,2,0,0,255] t6_boole
s: 253
i: [1,254,0,5,2,0,0,255] cc25_membered
s: 254
d: [2,589,1,2,1,1,40,250,449]
a: [3,596,1,2,1,589]
s: 596
i: [1,255,0,5,2,0,0,6] cc1_xreal_0
s: 255
d: [2,598,1,2,1,1,40,252,539]
a: [3,602,1,2,1,598]
s: 602
i: [1,256,0,5,2,0,0,6] cc1_xcmplx_0
s: 256
i: [1,263,0,5,2,0,0,255] t7_boole
s: 263
d: [2,630,1,2,1,1,40,254,427]
a: [3,638,1,2,1,630]
s: 638
i: [1,211,0,5,1,0,0,1] rqRealMult__k3_xcmplx_0__r4_r1_r4
a: [3,351,0,5,1,211]
s: 351
d: [2,631,1,2,1,1,40,254,387]
a: [3,643,1,2,1,631]
s: 643
i: [1,212,0,5,1,0,0,1] rqRealMult__k3_xcmplx_0__r1_r4_r4
a: [3,356,0,5,1,212]
s: 356
i: [1,213,0,5,1,0,0,1] rqRealMult__k3_xcmplx_0__r2_r2_r4
a: [3,361,0,5,1,213]
s: 361
d: [2,632,1,2,1,1,40,254,551]
a: [3,648,1,2,1,632]
s: 648
i: [1,215,0,5,1,0,0,2] rqRealMult__k3_xcmplx_0__r1_r1_r1
a: [3,367,0,5,1,215]
s: 367
d: [2,633,1,2,1,1,40,254,407]
a: [3,653,1,2,1,633]
s: 653
i: [1,216,0,5,1,0,0,1] rqRealMult__k3_xcmplx_0__r1_r2_r2
a: [3,372,0,5,1,216]
s: 372
i: [1,217,0,5,1,0,0,1] rqRealMult__k3_xcmplx_0__r2_r1_r2
a: [3,377,0,5,1,217]
s: 377
d: [2,660,1,2,1,1,40,255,422]
a: [3,667,1,2,1,660]
s: 667
i: [1,278,0,7,3,0,0,1] reflexivity_r1_int_1
a: [3,444,0,5,2,278]
s: 444
d: [2,661,1,2,1,1,40,255,382]
a: [3,672,1,2,1,661]
s: 672
i: [1,257,0,6,2,0,0,255] cc11_membered
s: 257
i: [1,258,0,6,2,0,0,5] cc8_membered
s: 258
d: [2,662,1,2,1,1,40,255,402]
a: [3,677,1,2,1,662]
s: 677
i: [1,259,0,6,2,0,0,255] t1_subset
s: 259
d: [2,690,1,2,1,1,40,256,422]
a: [3,697,1,2,1,690]
s: 697
i: [1,268,0,6,2,0,0,255] antisymmetry_r2_hidden
s: 268
i: [1,235,0,7,3,0,0,255] cc12_membered
s: 235
d: [2,691,1,2,1,1,40,256,382]
a: [3,702,1,2,1,691]
s: 702
i: [1,240,0,7,3,0,0,2] cc16_membered
s: 240
d: [2,692,1,2,1,1,40,256,402]
a: [3,707,1,2,1,692]
s: 707
i: [1,245,0,7,3,0,0,5] cc14_membered
s: 245
i: [1,248,0,7,3,0,0,255] cc17_membered
s: 248
d: [2,749,1,2,1,1,40,258,346]
a: [3,754,1,2,1,749]
s: 754
i: [1,251,0,7,2,0,0,2] t3_arithm
s: 251
d: [2,766,1,4,2,1,40,235,387]
a: [3,776,1,2,1,766]
s: 776
i: [1,261,0,7,2,0,0,255] t3_subset
s: 261
i: [1,262,0,7,3,0,0,2] t8_boole
s: 262
d: [2,768,1,4,2,1,40,235,551]
a: [3,791,1,2,1,768]
s: 791
i: [1,236,0,8,3,0,0,255] cc20_membered
s: 236
d: [2,796,1,4,2,1,40,240,422]
a: [3,812,1,2,1,796]
s: 812
i: [1,237,0,8,3,0,0,255] cc19_membered
s: 237
i: [1,241,0,8,3,0,0,4] cc22_membered
s: 241
d: [2,798,1,4,2,1,40,240,382]
a: [3,819,1,2,1,798]
s: 819
i: [1,242,0,8,3,0,0,3] cc23_membered
s: 242
d: [2,801,1,4,2,1,40,240,551]
d: [2,832,1,2,1,2,21,801,572]
a: [3,836,1,2,1,832]
s: 836
i: [1,246,0,8,3,0,0,5] cc21_membered
s: 246
i: [1,249,0,8,3,0,0,4] cc24_membered
s: 249
d: [2,802,1,4,2,1,40,240,402]
a: [3,841,1,2,1,802]
s: 841
i: [1,260,0,8,3,0,0,255] t2_subset
s: 260
d: [2,850,1,4,2,1,40,245,551]
a: [3,866,1,2,1,850]
s: 866
i: [1,279,0,8,3,0,0,4] fc6_xreal_0
s: 279
i: [1,280,0,8,3,0,0,3] fc3_xcmplx_0
s: 280
d: [2,868,1,4,2,1,40,248,422]
a: [3,884,1,2,1,868]
s: 884
i: [1,265,0,9,3,0,0,255] t5_subset
s: 265
d: [2,870,1,4,2,1,40,248,382]
a: [3,891,1,2,1,870]
s: 891
i: [1,264,0,10,3,0,0,255] t4_subset
s: 264
i: [1,232,0,11,4,0,0,1] d3_int_1
s: 232
d: [2,873,1,4,2,1,40,248,551]
d: [2,904,1,2,1,2,21,873,545]
a: [3,908,1,2,1,904]
s: 908
i: [1,281,0,11,3,0,0,2] commutativity_k3_xcmplx_0
s: 281
d: [2,874,1,4,2,1,40,248,402]
a: [3,913,1,2,1,874]
s: 913
i: [1,269,0,12,5,0,0,255] fc26_xreal_0
s: 269
i: [1,270,0,12,5,0,0,255] fc23_xreal_0
s: 270
d: [2,959,1,5,2,1,40,260,422]
a: [3,974,1,2,1,959]
s: 974
i: [1,271,0,12,5,0,0,255] fc24_xreal_0
s: 271
d: [2,960,1,5,2,1,40,260,427]
a: [3,984,1,2,1,960]
s: 984
i: [1,272,0,12,5,0,0,255] fc25_xreal_0
s: 272
i: [1,277,0,12,5,0,0,3] fc8_xcmplx_0
s: 277
d: [2,1089,1,10,5,1,44,269,361]
d: [2,1097,1,6,3,1,18,1089]
d: [2,1098,1,4,2,2,21,1097,667]
a: [3,1106,1,2,1,1098]
s: 1106
i: [1,302,0,13,4,0,0,1] d3_int_1
s: 302
d: [2,1162,1,9,4,1,44,302,361]
d: [2,1175,1,7,3,1,18,1162]
d: [2,1176,1,4,2,2,21,1175,306]
d: [2,1177,1,2,1,3,21,1176,812]
d: [2,1178,1,0,0,4,21,1177,819]
e: 1178
i: [1,214,0,5,1,0,0,1] l1_polyeq_2
d: [2,797,1,4,2,1,40,240,427]
d: [2,814,1,2,1,2,21,797,572]
d: [2,799,1,4,2,1,40,240,387]
d: [2,821,1,2,1,2,21,799,572]
f: 1178,821,814,565,541,228,220,214,208,207,202
% Refutation found. Thanks to Tanya!
% SZS status Theorem for polyeq_2__l2_polyeq_2
% SZS output start Proof for polyeq_2__l2_polyeq_2
1. r1_int_1(2,4) [input l2_polyeq_2]
2. ~r1_int_1(2,4) [negated conjecture 1]
9. ! [X0] : (v5_membered(X0) => ! [X1] : (m1_subset_1(X1,X0) => v1_int_1(X1))) [input cc16_membered]
29. ! [X0] : (v6_membered(X0) => v5_membered(X0)) [input cc1_membered]
39. v6_membered(k4_ordinal1) [input fc6_membered]
52. k5_numbers = k4_ordinal1 [input redefinition_k5_numbers]
83. m1_subset_1(2,k1_numbers) & m1_subset_1(2,k5_numbers) & m2_subset_1(2,k1_numbers,k5_numbers) & v2_xxreal_0(2) [input spc2_numerals]
84. m1_subset_1(4,k1_numbers) & m1_subset_1(4,k5_numbers) & m2_subset_1(4,k1_numbers,k5_numbers) & v2_xxreal_0(4) [input spc4_numerals]
88. 4 = k3_xcmplx_0(2,2) [input l1_polyeq_2]
89. ! [X0] : (v1_int_1(X0) => ! [X1] : (v1_int_1(X1) => (r1_int_1(X0,X1) <=> ? [X2] : (k3_xcmplx_0(X0,X2) = X1 & v1_int_1(X2))))) [input d3_int_1]
92. ~r1_int_1(2,4) [flattening 2]
114. ! [X0] : (! [X1] : ((r1_int_1(X0,X1) <=> ? [X2] : (k3_xcmplx_0(X0,X2) = X1 & v1_int_1(X2))) | ~v1_int_1(X1)) | ~v1_int_1(X0)) [ennf transformation 89]
120. ! [X0] : (! [X1] : (v1_int_1(X1) | ~m1_subset_1(X1,X0)) | ~v5_membered(X0)) [ennf transformation 9]
127. ! [X0] : (v5_membered(X0) | ~v6_membered(X0)) [ennf transformation 29]
175. ! [X0] : (! [X1] : (((r1_int_1(X0,X1) | ! [X2] : (k3_xcmplx_0(X0,X2) != X1 | ~v1_int_1(X2))) & (? [X2] : (k3_xcmplx_0(X0,X2) = X1 & v1_int_1(X2)) | ~r1_int_1(X0,X1))) | ~v1_int_1(X1)) | ~v1_int_1(X0)) [nnf transformation 114]
176. ! [X0] : (! [X1] : (((r1_int_1(X0,X1) | ! [X2] : (k3_xcmplx_0(X0,X2) != X1 | ~v1_int_1(X2))) & (? [X3] : (k3_xcmplx_0(X0,X3) = X1 & v1_int_1(X3)) | ~r1_int_1(X0,X1))) | ~v1_int_1(X1)) | ~v1_int_1(X0)) [rectify 175]
177. ! [X1,X0] : (? [X3] : (k3_xcmplx_0(X0,X3) = X1 & v1_int_1(X3)) => (k3_xcmplx_0(X0,sK0(X0,X1)) = X1 & v1_int_1(sK0(X0,X1)))) [choice axiom]
178. ! [X0] : (! [X1] : (((r1_int_1(X0,X1) | ! [X2] : (k3_xcmplx_0(X0,X2) != X1 | ~v1_int_1(X2))) & ((k3_xcmplx_0(X0,sK0(X0,X1)) = X1 & v1_int_1(sK0(X0,X1))) | ~r1_int_1(X0,X1))) | ~v1_int_1(X1)) | ~v1_int_1(X0)) [skolemisation 176,177]
202. ~r1_int_1(2,4) [cnf transformation 92] {a:0,w:3,wCS:300,goal:1,sine:0,thAx:0,allAx:1,thDist:-1}
207. v6_membered(k4_ordinal1) [cnf transformation 39] {a:0,w:2,wCS:800,sine:255,thAx:0,allAx:1,thDist:-1}
208. k5_numbers = k4_ordinal1 [cnf transformation 52] {a:0,w:3,wCS:1200,sine:255,thAx:0,allAx:1,thDist:-1}
214. 4 = k3_xcmplx_0(2,2) [cnf transformation 88] {a:0,w:5,wCS:2000,sine:1,thAx:0,allAx:1,thDist:-1}
220. m1_subset_1(4,k5_numbers) [cnf transformation 84] {a:0,w:3,wCS:1200,sine:255,thAx:0,allAx:1,thDist:-1}
228. m1_subset_1(2,k5_numbers) [cnf transformation 83] {a:0,w:3,wCS:1200,sine:255,thAx:0,allAx:1,thDist:-1}
234. r1_int_1(X0,X1) | k3_xcmplx_0(X0,X2) != X1 | ~v1_int_1(X2) | ~v1_int_1(X1) | ~v1_int_1(X0) [cnf transformation 178] {a:0,w:14,wCS:5600,sine:1,thAx:0,allAx:2,thDist:-2}
240. ~m1_subset_1(X1,X0) | v1_int_1(X1) | ~v5_membered(X0) [cnf transformation 120] {a:0,w:7,wCS:2800,nSel:1,sine:2,thAx:0,allAx:1,thDist:-1}
247. ~v6_membered(X0) | v5_membered(X0) [cnf transformation 127] {a:0,w:4,wCS:1600,nSel:1,sine:3,thAx:0,allAx:1,thDist:-1}
302. r1_int_1(X0,k3_xcmplx_0(X0,X2)) | ~v1_int_1(X2) | ~v1_int_1(k3_xcmplx_0(X0,X2)) | ~v1_int_1(X0) [equality resolution 234] {a:0,w:13,wCS:5200,nSel:1,sine:1,thAx:0,allAx:2,thDist:-2}
304. 1 <=> r1_int_1(2,4) [avatar definition]
306. ~r1_int_1(2,4) <- (~1) [avatar component clause 304] {a:0,w:3,wCS:300,nSel:1,goal:1,sine:255,thAx:0,allAx:1,thDist:-1}
307. ~1 [avatar split clause 202,304]
329. 6 <=> v6_membered(k4_ordinal1) [avatar definition]
331. v6_membered(k4_ordinal1) <- (6) [avatar component clause 329] {a:0,w:2,wCS:800,nSel:1,sine:255,thAx:0,allAx:1,thDist:-1}
332. 6 [avatar split clause 207,329]
334. 7 <=> k5_numbers = k4_ordinal1 [avatar definition]
336. k5_numbers = k4_ordinal1 <- (7) [avatar component clause 334] {a:0,w:3,wCS:1200,nSel:1,sine:255,thAx:0,allAx:1,thDist:-1}
337. 7 [avatar split clause 208,334]
359. 12 <=> 4 = k3_xcmplx_0(2,2) [avatar definition]
361. 4 = k3_xcmplx_0(2,2) <- (12) [avatar component clause 359] {a:0,w:5,wCS:2000,nSel:1,sine:255,thAx:0,allAx:1,thDist:-1}
363. 12 [avatar split clause 214,359]
385. 17 <=> m1_subset_1(4,k5_numbers) [avatar definition]
387. m1_subset_1(4,k5_numbers) <- (17) [avatar component clause 385] {a:0,w:3,wCS:1200,nSel:1,sine:255,thAx:0,allAx:1,thDist:-1}
388. 17 [avatar split clause 220,385]
425. 25 <=> m1_subset_1(2,k5_numbers) [avatar definition]
427. m1_subset_1(2,k5_numbers) <- (25) [avatar component clause 425] {a:0,w:3,wCS:1200,nSel:1,sine:255,thAx:0,allAx:1,thDist:-1}
428. 25 [avatar split clause 228,425]
541. v6_membered(k5_numbers) <- (6, 7) [backward demodulation 331,336] {a:0,w:2,wCS:800,sine:255,thAx:0,allAx:1,thDist:-1}
543. 49 <=> v6_membered(k5_numbers) [avatar definition]
545. v6_membered(k5_numbers) <- (49) [avatar component clause 543] {a:0,w:2,wCS:800,nSel:1,sine:255,thAx:0,allAx:1,thDist:-1}
546. 49 | ~6 | ~7 [avatar split clause 541,334,329,543]
565. v5_membered(k5_numbers) <- (49) [resolution 247,545] {a:1,w:2,wCS:800,sine:3,thAx:0,allAx:2,thDist:-2}
570. 53 <=> v5_membered(k5_numbers) [avatar definition]
572. v5_membered(k5_numbers) <- (53) [avatar component clause 570] {a:1,w:2,wCS:800,nSel:1,sine:255,thAx:0,allAx:2,thDist:-2}
573. 53 | ~49 [avatar split clause 565,543,570]
797. v1_int_1(2) | ~v5_membered(k5_numbers) <- (25) [resolution 240,427] {a:1,w:4,wCS:1600,sine:2,thAx:0,allAx:2,thDist:-2}
799. v1_int_1(4) | ~v5_membered(k5_numbers) <- (17) [resolution 240,387] {a:1,w:4,wCS:1600,sine:2,thAx:0,allAx:2,thDist:-2}
810. 89 <=> v1_int_1(2) [avatar definition]
812. v1_int_1(2) <- (89) [avatar component clause 810] {a:1,w:2,wCS:800,nSel:1,sine:255,thAx:0,allAx:2,thDist:-2}
814. v1_int_1(2) <- (25, 53) [subsumption resolution 797,572] {a:1,w:2,wCS:800,sine:2,thAx:0,allAx:2,thDist:-2}
815. 89 | ~25 | ~53 [avatar split clause 814,570,425,810]
817. 90 <=> v1_int_1(4) [avatar definition]
819. v1_int_1(4) <- (90) [avatar component clause 817] {a:1,w:2,wCS:800,nSel:1,sine:255,thAx:0,allAx:2,thDist:-2}
821. v1_int_1(4) <- (17, 53) [subsumption resolution 799,572] {a:1,w:2,wCS:800,sine:2,thAx:0,allAx:2,thDist:-2}
822. 90 | ~17 | ~53 [avatar split clause 821,570,385,817]
1162. r1_int_1(2,4) | ~v1_int_1(2) | ~v1_int_1(4) | ~v1_int_1(2) <- (12) [superposition 302,361] {a:1,w:9,wCS:3600,sine:1,thAx:0,allAx:3,thDist:-3}
1175. r1_int_1(2,4) | ~v1_int_1(2) | ~v1_int_1(4) <- (12) [duplicate literal removal 1162] {a:1,w:7,wCS:2800,sine:1,thAx:0,allAx:3,thDist:-3}
1176. ~v1_int_1(2) | ~v1_int_1(4) <- (~1, 12) [subsumption resolution 1175,306] {a:1,w:4,wCS:400,goal:1,sine:1,thAx:0,allAx:3,thDist:-3}
1177. ~v1_int_1(4) <- (~1, 12, 89) [subsumption resolution 1176,812] {a:1,w:2,wCS:200,goal:1,sine:1,thAx:0,allAx:3,thDist:-3}
1178. $false <- (~1, 12, 89, 90) [subsumption resolution 1177,819] {a:1,w:0,goal:1,sine:1,thAx:0,allAx:3,thDist:-3}
1179. 1 | ~12 | ~89 | ~90 [avatar contradiction clause 1178]
1185. $false [avatar sat refutation 307,332,337,363,388,428,546,573,815,822,1179] {a:0,w:0,goal:1,sine:0,thAx:0,allAx:483,thDist:-483}
% SZS output end Proof for polyeq_2__l2_polyeq_2
% ------------------------------
% Version: Vampire 4.5.1 (commit 226f88162 on 2021-09-12 20:13:44 +0200)
% Termination reason: Refutation

% >>> Input
% Input formulas: 90
% >>> Preprocessing
% Introduced skolems: 12
% Pure predicates: 3
% Unused predicate definitions: 1
% 
% >>> Saturation
% Initial clauses: 100
% Generated clauses: 487
% Active clauses: 127
% Passive clauses: 203
% Final active clauses: 126
% Final passive clauses: 73
% Main loop iterations started: 128
% 
% >>> Simplifying Inferences
% Duplicate literals: 42
% Fw subsumption resolutions: 28
% Fw demodulations: 1
% Bw demodulations: 1
% 
% >>> Deletion Inferences
% Simple tautologies: 31
% Forward subsumptions: 66
% 
% >>> Generating Inferences
% Binary resolution: 128
% Forward superposition: 79
% Backward superposition: 11
% Self superposition: 1
% 
% >>> AVATAR
% Split clauses: 26
% Split components: 52
% Sat splitting refutations: 1
% 
% >>> SAT Solver Statistics
% SAT solver clauses: 127
% SAT solver unit clauses: 52
% SAT solver binary clauses: 34
% 
% Memory used [KB]: 5628
% Time elapsed: 0.006 s
% ------------------------------
% ------------------------------
% Time measurement results:
% parsing: 0.002 s
% congruence closure: 0.001 s
% unit clause index maintenance: 0.001 s
% other: 0.006 s ( own 0.002 s ) 

