i: [1,359,0,2,1,1,0,0] t39_index_1
a: [3,581,0,2,1,359]
s: 581
i: [1,358,0,2,1,1,0,0] t39_index_1
a: [3,586,0,2,1,358]
s: 586
i: [1,357,0,2,1,1,0,0] t39_index_1
a: [3,591,0,2,1,357]
s: 591
i: [1,356,0,2,1,1,0,0] t39_index_1
a: [3,596,0,2,1,356]
s: 596
i: [1,355,0,2,1,1,0,0] t39_index_1
a: [3,601,0,2,1,355]
s: 601
i: [1,354,0,2,1,1,0,0] t39_index_1
a: [3,606,0,2,1,354]
s: 606
i: [1,353,0,2,1,1,0,0] t39_index_1
a: [3,611,0,2,1,353]
s: 611
i: [1,352,0,2,1,1,0,0] t39_index_1
a: [3,616,0,2,1,352]
s: 616
i: [1,361,0,2,1,0,0,255] spc1_boole
a: [3,621,0,2,1,361]
s: 621
i: [1,362,0,2,1,0,0,255] fc1_xboole_0
a: [3,626,0,2,1,362]
s: 626
i: [1,524,0,2,1,0,0,2] rc2_xboole_0
a: [3,631,0,2,1,524]
s: 631
i: [1,525,0,2,1,0,0,255] existence_l1_graph_1
a: [3,636,0,2,1,525]
s: 636
i: [1,526,0,2,1,0,0,2] existence_l1_struct_0
a: [3,641,0,2,1,526]
s: 641
i: [1,527,0,2,1,0,0,2] existence_l5_struct_0
a: [3,646,0,2,1,527]
s: 646
i: [1,528,0,2,1,0,0,1] existence_l1_cat_1
a: [3,651,0,2,1,528]
s: 651
i: [1,529,0,2,1,0,0,2] rc1_xboole_0
a: [3,656,0,2,1,529]
s: 656
i: [1,531,0,2,1,0,0,255] rc7_funct_1
a: [3,661,0,2,1,531]
s: 661
i: [1,530,0,2,1,0,0,255] rc7_funct_1
a: [3,666,0,2,1,530]
s: 666
i: [1,533,0,2,1,0,0,3] rc1_relat_1
a: [3,671,0,2,1,533]
s: 671
i: [1,532,0,2,1,0,0,3] rc1_relat_1
a: [3,676,0,2,1,532]
s: 676
i: [1,536,0,2,1,0,0,255] rc4_funct_1
a: [3,681,0,2,1,536]
s: 681
i: [1,535,0,2,1,0,0,255] rc4_funct_1
a: [3,686,0,2,1,535]
s: 686
i: [1,534,0,2,1,0,0,255] rc4_funct_1
a: [3,691,0,2,1,534]
s: 691
i: [1,538,0,2,1,0,0,255] rc25_struct_0
a: [3,696,0,2,1,538]
s: 696
i: [1,537,0,2,1,0,0,255] rc25_struct_0
a: [3,701,0,2,1,537]
s: 701
i: [1,541,0,2,1,0,0,1] rc2_cat_1
a: [3,706,0,2,1,541]
s: 706
i: [1,540,0,2,1,0,0,1] rc2_cat_1
a: [3,711,0,2,1,540]
s: 711
i: [1,539,0,2,1,0,0,1] rc2_cat_1
a: [3,716,0,2,1,539]
s: 716
i: [1,551,0,2,1,0,0,255] rc3_cat_1
a: [3,721,0,2,1,551]
s: 721
i: [1,550,0,2,1,0,0,255] rc3_cat_1
a: [3,726,0,2,1,550]
s: 726
i: [1,549,0,2,1,0,0,255] rc3_cat_1
a: [3,731,0,2,1,549]
s: 731
i: [1,548,0,2,1,0,0,255] rc3_cat_1
a: [3,736,0,2,1,548]
s: 736
i: [1,547,0,2,1,0,0,255] rc3_cat_1
a: [3,741,0,2,1,547]
s: 741
i: [1,546,0,2,1,0,0,255] rc3_cat_1
a: [3,746,0,2,1,546]
s: 746
i: [1,545,0,2,1,0,0,255] rc3_cat_1
a: [3,751,0,2,1,545]
s: 751
i: [1,544,0,2,1,0,0,255] rc3_cat_1
a: [3,756,0,2,1,544]
s: 756
i: [1,543,0,2,1,0,0,255] rc3_cat_1
a: [3,761,0,2,1,543]
s: 761
i: [1,542,0,2,1,0,0,255] rc3_cat_1
a: [3,766,0,2,1,542]
s: 766
i: [1,553,0,2,1,0,0,2] rc1_cat_1
a: [3,771,0,2,1,553]
s: 771
i: [1,552,0,2,1,0,0,2] rc1_cat_1
a: [3,776,0,2,1,552]
s: 776
i: [1,554,0,2,1,0,0,255] rc2_relat_1
a: [3,781,0,2,1,554]
s: 781
i: [1,556,0,2,1,0,0,255] rc3_funct_1
a: [3,786,0,2,1,556]
s: 786
i: [1,555,0,2,1,0,0,255] rc3_funct_1
a: [3,791,0,2,1,555]
s: 791
i: [1,558,0,2,1,0,0,2] rc1_funct_1
a: [3,796,0,2,1,558]
s: 796
i: [1,557,0,2,1,0,0,2] rc1_funct_1
a: [3,801,0,2,1,557]
s: 801
i: [1,561,0,2,1,0,0,255] rc5_funct_1
a: [3,806,0,2,1,561]
s: 806
i: [1,560,0,2,1,0,0,255] rc5_funct_1
a: [3,811,0,2,1,560]
s: 811
i: [1,559,0,2,1,0,0,255] rc5_funct_1
a: [3,816,0,2,1,559]
s: 816
i: [1,563,0,2,1,0,0,255] rc2_funct_1
a: [3,821,0,2,1,563]
s: 821
i: [1,562,0,2,1,0,0,255] rc2_funct_1
a: [3,826,0,2,1,562]
s: 826
i: [1,566,0,2,1,0,0,255] rc1_funcop_1
a: [3,831,0,2,1,566]
s: 831
i: [1,565,0,2,1,0,0,255] rc1_funcop_1
a: [3,836,0,2,1,565]
s: 836
i: [1,564,0,2,1,0,0,255] rc1_funcop_1
a: [3,841,0,2,1,564]
s: 841
i: [1,570,0,2,1,0,0,255] rc2_funcop_1
a: [3,846,0,2,1,570]
s: 846
i: [1,569,0,2,1,0,0,255] rc2_funcop_1
a: [3,851,0,2,1,569]
s: 851
i: [1,568,0,2,1,0,0,255] rc2_funcop_1
a: [3,856,0,2,1,568]
s: 856
i: [1,567,0,2,1,0,0,255] rc2_funcop_1
a: [3,861,0,2,1,567]
s: 861
i: [1,482,0,3,1,0,0,255] rc9_funct_1
s: 482
i: [1,484,0,3,1,0,0,255] rc9_funct_1
s: 484
i: [1,485,0,3,1,0,0,255] reflexivity_r1_tarski
s: 485
i: [1,360,0,16,1,1,0,0] t39_index_1
a: [3,576,0,16,1,360]
s: 576
i: [1,363,0,4,2,0,0,255] dt_l1_graph_1
s: 363
i: [1,390,0,4,2,0,0,2] dt_l5_struct_0
s: 390
d: [2,863,1,2,1,1,40,363,636]
a: [3,867,1,2,1,863]
s: 867
i: [1,396,0,4,2,0,0,255] dt_l1_cat_1
s: 396
i: [1,408,0,4,2,0,0,255] cc7_funct_1
s: 408
d: [2,887,1,2,1,1,40,396,581]
a: [3,895,1,2,1,887]
s: 895
i: [1,409,0,4,2,0,0,2] cc1_funct_1
s: 409
d: [2,929,2,2,1,1,40,895,363]
a: [3,933,2,2,1,929]
s: 933
i: [1,410,0,4,2,0,0,3] cc1_relat_1
s: 410
i: [1,481,0,4,1,0,0,2] existence_m1_subset_1
s: 481
d: [2,947,3,2,1,1,40,933,390]
a: [3,951,3,2,1,947]
s: 951
i: [1,483,0,4,1,0,0,255] rc9_funct_1
s: 483
d: [2,869,1,2,1,1,40,390,646]
a: [3,874,1,2,1,869]
s: 874
i: [1,486,0,4,1,0,0,2] fc6_relat_1
s: 486
i: [1,495,0,4,1,0,0,255] rc3_relat_1
s: 495
d: [2,870,1,2,1,1,40,390,701]
a: [3,879,1,2,1,870]
s: 879
i: [1,498,0,4,1,0,0,255] rc6_funct_1
s: 498
d: [2,888,1,2,1,1,40,396,651]
a: [3,900,1,2,1,888]
s: 900
i: [1,501,0,4,1,0,0,255] rc6_funct_1
s: 501
i: [1,503,0,4,1,0,0,255] rc1_relset_1
s: 503
d: [2,889,1,2,1,1,40,396,716]
a: [3,905,1,2,1,889]
s: 905
i: [1,504,0,4,1,0,0,255] rc1_relset_1
s: 504
d: [2,890,1,2,1,1,40,396,766]
a: [3,910,1,2,1,890]
s: 910
i: [1,364,0,5,2,0,0,255] dt_u1_graph_1
s: 364
i: [1,367,0,5,2,0,0,255] dt_u2_graph_1
s: 367
d: [2,891,1,2,1,1,40,396,776]
a: [3,915,1,2,1,891]
s: 915
i: [1,397,0,5,2,0,0,255] dt_u1_cat_1
s: 397
d: [2,917,1,2,1,1,40,408,626]
a: [3,922,1,2,1,917]
s: 922
i: [1,411,0,5,2,0,0,255] t6_boole
s: 411
i: [1,478,0,5,2,0,0,255] t7_boole
s: 478
d: [2,918,1,2,1,1,40,408,656]
a: [3,927,1,2,1,918]
s: 927
i: [1,496,0,5,1,0,0,255] rc3_relat_1
s: 496
d: [2,935,1,2,1,1,40,409,626]
a: [3,940,1,2,1,935]
s: 940
i: [1,497,0,5,1,0,0,255] rc3_relat_1
s: 497
i: [1,499,0,5,1,0,0,255] rc6_funct_1
s: 499
d: [2,936,1,2,1,1,40,409,656]
a: [3,945,1,2,1,936]
s: 945
i: [1,500,0,5,1,0,0,255] rc6_funct_1
s: 500
d: [2,953,1,2,1,1,40,410,626]
a: [3,958,1,2,1,953]
s: 958
i: [1,505,0,5,1,0,0,255] rc1_relset_1
s: 505
i: [1,506,0,5,1,0,0,255] rc1_relset_1
s: 506
d: [2,954,1,2,1,1,40,410,656]
a: [3,963,1,2,1,954]
s: 963
i: [1,370,0,6,3,0,0,255] cc7_struct_0
s: 370
d: [2,881,2,2,1,1,40,867,390]
a: [3,885,2,2,1,881]
s: 885
i: [1,371,0,6,3,0,0,255] cc5_struct_0
s: 371
i: [1,373,0,6,3,0,0,2] cc17_struct_0
s: 373
d: [2,999,1,4,2,1,40,371,641]
a: [3,1014,1,2,1,999]
s: 1014
i: [1,374,0,6,3,0,0,2] cc2_struct_0
s: 374
d: [2,965,2,2,1,1,40,900,363]
a: [3,969,2,2,1,965]
s: 969
i: [1,375,0,6,3,0,0,255] cc6_struct_0
s: 375
i: [1,376,0,6,3,0,0,2] cc1_struct_0
s: 376
d: [2,974,2,2,1,1,40,905,363]
a: [3,978,2,2,1,974]
s: 978
i: [1,379,0,6,3,0,0,255] cc4_struct_0
s: 379
d: [2,980,2,2,1,1,40,910,363]
a: [3,984,2,2,1,980]
s: 984
i: [1,391,0,6,3,0,0,255] cc12_struct_0
s: 391
i: [1,392,0,6,3,0,0,255] cc16_struct_0
s: 392
d: [2,1081,3,4,2,1,40,391,933]
d: [2,1088,3,2,1,2,21,1081,616]
a: [3,1092,3,2,1,1088]
s: 1092
i: [1,393,0,6,3,0,0,255] cc13_struct_0
s: 393
d: [2,1126,1,4,2,1,40,392,646]
a: [3,1147,1,2,1,1126]
s: 1147
i: [1,474,0,6,2,0,0,255] t1_subset
s: 474
i: [1,489,0,6,2,0,0,255] antisymmetry_r2_hidden
s: 489
d: [2,1128,1,4,2,1,40,392,701]
d: [2,1158,1,2,1,2,21,1128,696]
a: [3,1162,1,2,1,1158]
s: 1162
i: [1,377,0,7,3,0,0,255] cc8_struct_0
s: 377
d: [2,986,2,2,1,1,40,915,363]
a: [3,990,2,2,1,986]
s: 990
i: [1,380,0,7,3,0,0,255] cc11_struct_0
s: 380
i: [1,381,0,7,3,0,0,255] cc11_struct_0
s: 381
d: [2,1000,2,4,2,1,40,371,874]
a: [3,1022,2,2,1,1000]
s: 1022
i: [1,382,0,7,3,0,0,255] cc9_struct_0
s: 382
a: [3,1027,2,2,1,1000]
s: 1027
i: [1,384,0,7,3,0,0,255] cc8_funct_1
s: 384
i: [1,385,0,7,3,0,0,255] cc8_funct_1
s: 385
d: [2,1001,2,4,2,1,40,371,879]
a: [3,1031,2,2,1,1001]
s: 1031
i: [1,419,0,7,3,0,0,255] fc21_struct_0
s: 419
a: [3,1036,2,2,1,1001]
s: 1036
i: [1,420,0,7,3,0,0,255] fc9_struct_0
s: 420
i: [1,421,0,7,3,0,0,255] fc6_struct_0
s: 421
d: [2,1041,2,4,2,1,40,373,874]
a: [3,1056,2,2,1,1041]
s: 1056
i: [1,423,0,7,3,0,0,255] rc22_struct_0
s: 423
d: [2,1042,2,4,2,1,40,373,879]
a: [3,1061,2,2,1,1042]
s: 1061
i: [1,424,0,7,3,0,0,1] fc14_struct_0
s: 424
i: [1,442,0,7,3,0,0,1] fc2_struct_0
s: 442
d: [2,1082,2,4,2,1,40,391,867]
a: [3,1097,2,2,1,1082]
s: 1097
i: [1,444,0,7,3,0,0,1] rc4_struct_0
s: 444
d: [2,1125,2,4,2,1,40,392,867]
a: [3,1138,2,2,1,1125]
s: 1138
i: [1,446,0,7,3,0,0,255] rc21_struct_0
s: 446
i: [1,447,0,7,3,0,0,255] rc21_struct_0
s: 447
d: [2,998,3,4,2,1,40,371,885]
a: [3,1005,3,2,1,998]
s: 1005
i: [1,448,0,7,3,0,0,255] fc20_struct_0
s: 448
d: [2,1063,3,2,1,1,40,969,390]
a: [3,1067,3,2,1,1063]
s: 1067
i: [1,452,0,7,3,0,0,255] fc8_struct_0
s: 452
i: [1,453,0,7,3,0,0,255] fc7_struct_0
s: 453
d: [2,1069,3,2,1,1,40,978,390]
a: [3,1073,3,2,1,1069]
s: 1073
i: [1,454,0,7,3,0,0,1] fc13_struct_0
s: 454
d: [2,1075,3,2,1,1,40,984,390]
a: [3,1079,3,2,1,1075]
s: 1079
i: [1,455,0,7,3,0,0,1] fc1_struct_0
s: 455
i: [1,471,0,7,3,0,0,255] dt_k2_funct_4
s: 471
d: [2,1084,3,4,2,1,40,391,969]
a: [3,1107,3,2,1,1084]
s: 1107
i: [1,472,0,7,3,0,0,255] dt_k2_funct_4
s: 472
a: [3,1110,3,2,1,1084]
s: 1110
i: [1,476,0,7,2,0,0,255] t3_subset
s: 476
i: [1,477,0,7,3,0,0,2] t8_boole
s: 477
d: [2,1086,3,4,2,1,40,391,978]
d: [2,1118,3,2,1,2,21,1086,711]
a: [3,1122,3,2,1,1118]
s: 1122
i: [1,386,0,8,3,0,0,255] cc9_funct_1
s: 386
d: [2,1127,3,4,2,1,40,392,969]
a: [3,1156,3,2,1,1127]
s: 1156
i: [1,394,0,8,4,0,0,255] cc15_struct_0
s: 394
i: [1,395,0,8,4,0,0,255] cc14_struct_0
s: 395
d: [2,1176,3,4,2,1,40,990,393]
a: [3,1183,3,2,1,1176]
s: 1183
i: [1,418,0,8,3,0,0,2] cc2_relat_1
s: 418
a: [3,1187,3,2,1,1176]
s: 1187
i: [1,451,0,8,4,0,0,255] cc6_funct_1
s: 451
i: [1,460,0,8,4,0,0,255] cc4_funct_1
s: 460
d: [2,1178,3,4,2,1,40,990,391]
a: [3,1196,3,2,1,1178]
s: 1196
d: [2,1260,0,6,3,0,21,460,409]
d: [2,1261,0,4,2,0,21,1260,410]
s: 1261
d: [2,1264,1,2,1,1,40,1261,626]
a: [3,1270,1,2,1,1264]
s: 1270
i: [1,463,0,8,4,0,0,255] cc5_funct_1
s: 463
i: [1,470,0,8,4,0,0,255] cc3_funcop_1
s: 470
d: [2,1266,1,2,1,1,40,1261,656]
a: [3,1275,1,2,1,1266]
s: 1275
d: [2,1278,0,6,3,0,21,470,409]
d: [2,1279,0,4,2,0,21,1278,410]
s: 1279
d: [2,1282,1,2,1,1,40,1279,626]
a: [3,1288,1,2,1,1282]
s: 1288
i: [1,475,0,8,3,0,0,255] t2_subset
s: 475
i: [1,492,0,8,2,0,0,2] cc1_relset_1
s: 492
d: [2,1284,1,2,1,1,40,1279,656]
a: [3,1293,1,2,1,1284]
s: 1293
i: [1,502,0,8,1,0,0,255] rc1_relset_1
s: 502
d: [2,1179,3,2,1,1,40,990,390]
a: [3,1202,3,2,1,1179]
s: 1202
i: [1,365,0,9,2,0,0,255] dt_u1_graph_1
s: 365
i: [1,368,0,9,2,0,0,255] dt_u2_graph_1
s: 368
d: [2,971,1,4,1,0,40,503,410]
s: 971
i: [1,383,0,9,4,0,0,255] cc10_struct_0
s: 383
d: [2,972,1,4,1,0,40,503,409]
s: 972
i: [1,412,0,9,4,0,0,255] cc8_relat_1
s: 412
i: [1,415,0,9,4,0,0,255] cc7_relat_1
s: 415
d: [2,973,1,4,1,0,40,503,408]
s: 973
i: [1,480,0,9,3,0,0,255] t5_subset
s: 480
d: [2,1265,1,4,1,0,40,1261,503]
s: 1265
i: [1,493,0,9,2,0,0,255] cc2_relset_1
s: 493
i: [1,494,0,9,2,0,0,255] cc2_relset_1
s: 494
d: [2,1283,1,4,1,0,40,1279,503]
s: 1283
i: [1,402,0,10,5,0,0,255] cc2_cat_1
s: 402
d: [2,1207,1,5,2,0,40,384,481]
s: 1207
i: [1,403,0,10,5,0,0,255] cc2_cat_1
s: 403
i: [1,406,0,10,5,0,0,1] cc1_cat_1
s: 406
d: [2,1208,1,5,2,0,40,385,481]
s: 1208
i: [1,407,0,10,5,0,0,1] cc1_cat_1
s: 407
d: [2,1317,1,8,3,0,40,415,483]
d: [2,1321,1,5,2,0,21,1317,482]
s: 1321
i: [1,422,0,10,3,0,0,255] rc22_struct_0
s: 422
i: [1,443,0,10,3,0,0,1] rc4_struct_0
s: 443
d: [2,1337,2,5,2,0,40,1321,1279]
s: 1337
i: [1,445,0,10,3,0,0,255] rc21_struct_0
s: 445
d: [2,1338,2,5,2,0,40,1321,1261]
s: 1338
i: [1,473,0,10,4,0,0,2] cc3_funct_1
s: 473
i: [1,479,0,10,3,0,0,255] t4_subset
s: 479
d: [2,1341,2,5,2,0,40,1321,408]
s: 1341
i: [1,487,0,10,3,0,0,2] cc4_relset_1
s: 487
d: [2,1245,1,6,2,0,40,386,481]
s: 1245
i: [1,488,0,10,3,0,0,2] cc3_relset_1
s: 488
i: [1,366,0,11,2,0,0,255] dt_u1_graph_1
s: 366
d: [2,1382,1,5,2,0,40,366,492]
s: 1382
i: [1,369,0,11,2,0,0,255] dt_u2_graph_1
s: 369
d: [2,1386,1,11,3,0,40,366,418]
d: [2,1391,1,5,2,0,21,1386,486]
s: 1391
i: [1,389,0,11,5,0,0,255] cc1_funcop_1
s: 389
i: [1,490,0,12,4,0,0,255] cc6_relat_1
s: 490
d: [2,1396,1,5,2,0,40,369,492]
s: 1396
i: [1,491,0,12,4,0,0,255] cc5_relat_1
s: 491
d: [2,1400,1,11,3,0,40,369,418]
d: [2,1405,1,5,2,0,21,1400,486]
s: 1405
i: [1,398,0,14,2,0,0,255] dt_u1_cat_1
s: 398
i: [1,399,0,17,3,0,0,255] abstractness_v1_cat_1
s: 399
d: [2,1438,1,5,2,0,40,398,492]
s: 1438
i: [1,427,0,19,9,0,0,1] fc1_oppcat_1
s: 427
d: [2,1440,1,14,3,0,40,398,418]
d: [2,1449,1,5,2,0,21,1440,486]
s: 1449
i: [1,428,0,19,9,0,0,1] fc1_oppcat_1
s: 428
i: [1,429,0,19,9,0,0,1] fc1_oppcat_1
s: 429
d: [2,1255,1,6,2,0,40,418,481]
s: 1255
i: [1,430,0,19,9,0,0,1] fc1_oppcat_1
s: 430
d: [2,1296,1,6,2,0,40,475,481]
s: 1296
i: [1,431,0,19,9,0,0,1] fc1_oppcat_1
s: 431
i: [1,432,0,19,9,0,0,1] fc1_oppcat_1
s: 432
d: [2,1298,1,6,1,0,40,492,481]
s: 1298
i: [1,433,0,19,9,0,0,1] fc1_oppcat_1
s: 433
d: [2,1312,1,10,3,0,40,412,497]
d: [2,1315,1,6,2,0,21,1312,495]
s: 1315
i: [1,434,0,19,9,0,0,1] fc1_oppcat_1
s: 434
i: [1,435,0,19,9,0,0,1] dt_k2_oppcat_1
s: 435
d: [2,1313,1,10,3,0,40,412,500]
d: [2,1316,1,6,2,0,21,1313,498]
s: 1316
i: [1,436,0,19,9,0,0,1] dt_k2_oppcat_1
s: 436
d: [2,1318,1,10,3,0,40,415,496]
d: [2,1322,1,6,2,0,21,1318,495]
s: 1322
i: [1,437,0,19,9,0,0,1] dt_k2_oppcat_1
s: 437
i: [1,438,0,19,9,0,0,1] dt_k2_oppcat_1
s: 438
d: [2,1319,1,10,3,0,40,415,499]
d: [2,1323,1,6,2,0,21,1319,498]
s: 1323
i: [1,439,0,19,9,0,0,1] dt_k7_isocat_1
s: 439
d: [2,1407,1,14,4,0,40,389,500]
d: [2,1410,1,10,3,0,21,1407,501]
d: [2,1411,1,6,2,0,21,1410,498]
s: 1411
i: [1,508,0,22,6,0,0,255] dt_k1_oppcat_1
s: 508
i: [1,440,0,23,9,0,0,1] dt_k7_isocat_1
s: 440
d: [2,1452,2,6,2,0,40,1296,489]
s: 1452
i: [1,507,0,24,6,0,0,255] redefinition_k1_oppcat_1
s: 507
d: [2,1455,2,6,2,0,40,1315,1279]
s: 1455
i: [1,441,0,25,9,0,0,1] dt_k7_isocat_1
s: 441
i: [1,509,0,28,6,0,0,255] dt_k1_oppcat_1
s: 509
d: [2,1456,2,6,2,0,40,1315,1261]
s: 1456
i: [1,425,0,32,9,0,0,1] l19_index_1
s: 425
d: [2,1532,1,0,0,9,52,616,611,606,601,596,591,586,581,576,425]
e: 1532
d: [2,1533,1,16,8,1,40,425,576]
d: [2,1535,1,14,7,2,21,1533,581]
d: [2,1536,1,12,6,3,21,1535,586]
d: [2,1537,1,10,5,4,21,1536,591]
d: [2,1538,1,8,4,5,21,1537,596]
d: [2,1539,1,6,3,6,21,1538,601]
d: [2,1540,1,4,2,7,21,1539,606]
d: [2,1541,1,2,1,8,21,1540,611]
d: [2,1542,1,0,0,9,21,1541,616]
e: 1542
f: 1542,352,353,354,355,356,357,358,359,360
% Refutation found. Thanks to Tanya!
% SZS status Theorem for index_1__t39_index_1
% SZS output start Proof for index_1__t39_index_1
1. ! [X0] : ((l1_cat_1(X0) & v6_cat_1(X0) & v5_cat_1(X0) & v4_cat_1(X0) & v3_cat_1(X0) & v2_cat_1(X0) & ~v11_struct_0(X0) & ~v2_struct_0(X0)) => r1_funct_2(u1_struct_0(X0),u4_struct_0(X0),u1_struct_0(k2_oppcat_1(X0)),u4_struct_0(k2_oppcat_1(X0)),k7_isocat_1(X0),k7_isocat_1(k2_oppcat_1(X0)))) [input t39_index_1]
2. ~! [X0] : ((l1_cat_1(X0) & v6_cat_1(X0) & v5_cat_1(X0) & v4_cat_1(X0) & v3_cat_1(X0) & v2_cat_1(X0) & ~v11_struct_0(X0) & ~v2_struct_0(X0)) => r1_funct_2(u1_struct_0(X0),u4_struct_0(X0),u1_struct_0(k2_oppcat_1(X0)),u4_struct_0(k2_oppcat_1(X0)),k7_isocat_1(X0),k7_isocat_1(k2_oppcat_1(X0)))) [negated conjecture 1]
123. ! [X0] : ((l1_cat_1(X0) & v6_cat_1(X0) & v5_cat_1(X0) & v4_cat_1(X0) & v3_cat_1(X0) & v2_cat_1(X0) & ~v11_struct_0(X0) & ~v2_struct_0(X0)) => r1_funct_2(u1_struct_0(X0),u4_struct_0(X0),u1_struct_0(k2_oppcat_1(X0)),u4_struct_0(k2_oppcat_1(X0)),k7_isocat_1(X0),k7_isocat_1(k2_oppcat_1(X0)))) [input l19_index_1]
144. ? [X0] : (~r1_funct_2(u1_struct_0(X0),u4_struct_0(X0),u1_struct_0(k2_oppcat_1(X0)),u4_struct_0(k2_oppcat_1(X0)),k7_isocat_1(X0),k7_isocat_1(k2_oppcat_1(X0))) & (l1_cat_1(X0) & v6_cat_1(X0) & v5_cat_1(X0) & v4_cat_1(X0) & v3_cat_1(X0) & v2_cat_1(X0) & ~v11_struct_0(X0) & ~v2_struct_0(X0))) [ennf transformation 2]
145. ? [X0] : (~r1_funct_2(u1_struct_0(X0),u4_struct_0(X0),u1_struct_0(k2_oppcat_1(X0)),u4_struct_0(k2_oppcat_1(X0)),k7_isocat_1(X0),k7_isocat_1(k2_oppcat_1(X0))) & l1_cat_1(X0) & v6_cat_1(X0) & v5_cat_1(X0) & v4_cat_1(X0) & v3_cat_1(X0) & v2_cat_1(X0) & ~v11_struct_0(X0) & ~v2_struct_0(X0)) [flattening 144]
213. ! [X0] : (r1_funct_2(u1_struct_0(X0),u4_struct_0(X0),u1_struct_0(k2_oppcat_1(X0)),u4_struct_0(k2_oppcat_1(X0)),k7_isocat_1(X0),k7_isocat_1(k2_oppcat_1(X0))) | (~l1_cat_1(X0) | ~v6_cat_1(X0) | ~v5_cat_1(X0) | ~v4_cat_1(X0) | ~v3_cat_1(X0) | ~v2_cat_1(X0) | v11_struct_0(X0) | v2_struct_0(X0))) [ennf transformation 123]
214. ! [X0] : (r1_funct_2(u1_struct_0(X0),u4_struct_0(X0),u1_struct_0(k2_oppcat_1(X0)),u4_struct_0(k2_oppcat_1(X0)),k7_isocat_1(X0),k7_isocat_1(k2_oppcat_1(X0))) | ~l1_cat_1(X0) | ~v6_cat_1(X0) | ~v5_cat_1(X0) | ~v4_cat_1(X0) | ~v3_cat_1(X0) | ~v2_cat_1(X0) | v11_struct_0(X0) | v2_struct_0(X0)) [flattening 213]
293. ? [X0] : (~r1_funct_2(u1_struct_0(X0),u4_struct_0(X0),u1_struct_0(k2_oppcat_1(X0)),u4_struct_0(k2_oppcat_1(X0)),k7_isocat_1(X0),k7_isocat_1(k2_oppcat_1(X0))) & l1_cat_1(X0) & v6_cat_1(X0) & v5_cat_1(X0) & v4_cat_1(X0) & v3_cat_1(X0) & v2_cat_1(X0) & ~v11_struct_0(X0) & ~v2_struct_0(X0)) => (~r1_funct_2(u1_struct_0(sK0),u4_struct_0(sK0),u1_struct_0(k2_oppcat_1(sK0)),u4_struct_0(k2_oppcat_1(sK0)),k7_isocat_1(sK0),k7_isocat_1(k2_oppcat_1(sK0))) & l1_cat_1(sK0) & v6_cat_1(sK0) & v5_cat_1(sK0) & v4_cat_1(sK0) & v3_cat_1(sK0) & v2_cat_1(sK0) & ~v11_struct_0(sK0) & ~v2_struct_0(sK0)) [choice axiom]
294. ~r1_funct_2(u1_struct_0(sK0),u4_struct_0(sK0),u1_struct_0(k2_oppcat_1(sK0)),u4_struct_0(k2_oppcat_1(sK0)),k7_isocat_1(sK0),k7_isocat_1(k2_oppcat_1(sK0))) & l1_cat_1(sK0) & v6_cat_1(sK0) & v5_cat_1(sK0) & v4_cat_1(sK0) & v3_cat_1(sK0) & v2_cat_1(sK0) & ~v11_struct_0(sK0) & ~v2_struct_0(sK0) [skolemisation 145,293]
352. ~v2_struct_0(sK0) [cnf transformation 294] {a:0,w:2,wCS:200,goal:1,sine:0,thAx:0,allAx:2,thDist:-2}
353. ~v11_struct_0(sK0) [cnf transformation 294] {a:0,w:2,wCS:200,goal:1,sine:0,thAx:0,allAx:2,thDist:-2}
354. v2_cat_1(sK0) [cnf transformation 294] {a:0,w:2,wCS:200,goal:1,sine:0,thAx:0,allAx:2,thDist:-2}
355. v3_cat_1(sK0) [cnf transformation 294] {a:0,w:2,wCS:200,goal:1,sine:0,thAx:0,allAx:2,thDist:-2}
356. v4_cat_1(sK0) [cnf transformation 294] {a:0,w:2,wCS:200,goal:1,sine:0,thAx:0,allAx:2,thDist:-2}
357. v5_cat_1(sK0) [cnf transformation 294] {a:0,w:2,wCS:200,goal:1,sine:0,thAx:0,allAx:2,thDist:-2}
358. v6_cat_1(sK0) [cnf transformation 294] {a:0,w:2,wCS:200,goal:1,sine:0,thAx:0,allAx:2,thDist:-2}
359. l1_cat_1(sK0) [cnf transformation 294] {a:0,w:2,wCS:200,goal:1,sine:0,thAx:0,allAx:2,thDist:-2}
360. ~r1_funct_2(u1_struct_0(sK0),u4_struct_0(sK0),u1_struct_0(k2_oppcat_1(sK0)),u4_struct_0(k2_oppcat_1(sK0)),k7_isocat_1(sK0),k7_isocat_1(k2_oppcat_1(sK0))) [cnf transformation 294] {a:0,w:16,wCS:1600,goal:1,sine:0,thAx:0,allAx:2,thDist:-2}
425. r1_funct_2(u1_struct_0(X0),u4_struct_0(X0),u1_struct_0(k2_oppcat_1(X0)),u4_struct_0(k2_oppcat_1(X0)),k7_isocat_1(X0),k7_isocat_1(k2_oppcat_1(X0))) | ~l1_cat_1(X0) | ~v6_cat_1(X0) | ~v5_cat_1(X0) | ~v4_cat_1(X0) | ~v3_cat_1(X0) | ~v2_cat_1(X0) | v11_struct_0(X0) | v2_struct_0(X0) [cnf transformation 214] {a:0,w:32,wCS:12800,nSel:1,sine:1,thAx:0,allAx:1,thDist:-1}
574. 1 <=> r1_funct_2(u1_struct_0(sK0),u4_struct_0(sK0),u1_struct_0(k2_oppcat_1(sK0)),u4_struct_0(k2_oppcat_1(sK0)),k7_isocat_1(sK0),k7_isocat_1(k2_oppcat_1(sK0))) [avatar definition]
576. ~r1_funct_2(u1_struct_0(sK0),u4_struct_0(sK0),u1_struct_0(k2_oppcat_1(sK0)),u4_struct_0(k2_oppcat_1(sK0)),k7_isocat_1(sK0),k7_isocat_1(k2_oppcat_1(sK0))) <- (~1) [avatar component clause 574] {a:0,w:16,wCS:1600,nSel:1,goal:1,sine:255,thAx:0,allAx:2,thDist:-2}
577. ~1 [avatar split clause 360,574]
579. 2 <=> l1_cat_1(sK0) [avatar definition]
581. l1_cat_1(sK0) <- (2) [avatar component clause 579] {a:0,w:2,wCS:200,nSel:1,goal:1,sine:255,thAx:0,allAx:2,thDist:-2}
582. 2 [avatar split clause 359,579]
584. 3 <=> v6_cat_1(sK0) [avatar definition]
586. v6_cat_1(sK0) <- (3) [avatar component clause 584] {a:0,w:2,wCS:200,nSel:1,goal:1,sine:255,thAx:0,allAx:2,thDist:-2}
587. 3 [avatar split clause 358,584]
589. 4 <=> v5_cat_1(sK0) [avatar definition]
591. v5_cat_1(sK0) <- (4) [avatar component clause 589] {a:0,w:2,wCS:200,nSel:1,goal:1,sine:255,thAx:0,allAx:2,thDist:-2}
592. 4 [avatar split clause 357,589]
594. 5 <=> v4_cat_1(sK0) [avatar definition]
596. v4_cat_1(sK0) <- (5) [avatar component clause 594] {a:0,w:2,wCS:200,nSel:1,goal:1,sine:255,thAx:0,allAx:2,thDist:-2}
597. 5 [avatar split clause 356,594]
599. 6 <=> v3_cat_1(sK0) [avatar definition]
601. v3_cat_1(sK0) <- (6) [avatar component clause 599] {a:0,w:2,wCS:200,nSel:1,goal:1,sine:255,thAx:0,allAx:2,thDist:-2}
602. 6 [avatar split clause 355,599]
604. 7 <=> v2_cat_1(sK0) [avatar definition]
606. v2_cat_1(sK0) <- (7) [avatar component clause 604] {a:0,w:2,wCS:200,nSel:1,goal:1,sine:255,thAx:0,allAx:2,thDist:-2}
607. 7 [avatar split clause 354,604]
609. 8 <=> v11_struct_0(sK0) [avatar definition]
611. ~v11_struct_0(sK0) <- (~8) [avatar component clause 609] {a:0,w:2,wCS:200,nSel:1,goal:1,sine:255,thAx:0,allAx:2,thDist:-2}
612. ~8 [avatar split clause 353,609]
614. 9 <=> v2_struct_0(sK0) [avatar definition]
616. ~v2_struct_0(sK0) <- (~9) [avatar component clause 614] {a:0,w:2,wCS:200,nSel:1,goal:1,sine:255,thAx:0,allAx:2,thDist:-2}
617. ~9 [avatar split clause 352,614]
1533. ~l1_cat_1(sK0) | ~v6_cat_1(sK0) | ~v5_cat_1(sK0) | ~v4_cat_1(sK0) | ~v3_cat_1(sK0) | ~v2_cat_1(sK0) | v11_struct_0(sK0) | v2_struct_0(sK0) <- (~1) [resolution 425,576] {a:1,w:16,wCS:1600,goal:1,sine:1,thAx:0,allAx:3,thDist:-3}
1535. ~v6_cat_1(sK0) | ~v5_cat_1(sK0) | ~v4_cat_1(sK0) | ~v3_cat_1(sK0) | ~v2_cat_1(sK0) | v11_struct_0(sK0) | v2_struct_0(sK0) <- (~1, 2) [subsumption resolution 1533,581] {a:1,w:14,wCS:1400,goal:1,sine:1,thAx:0,allAx:3,thDist:-3}
1536. ~v5_cat_1(sK0) | ~v4_cat_1(sK0) | ~v3_cat_1(sK0) | ~v2_cat_1(sK0) | v11_struct_0(sK0) | v2_struct_0(sK0) <- (~1, 2, 3) [subsumption resolution 1535,586] {a:1,w:12,wCS:1200,goal:1,sine:1,thAx:0,allAx:3,thDist:-3}
1537. ~v4_cat_1(sK0) | ~v3_cat_1(sK0) | ~v2_cat_1(sK0) | v11_struct_0(sK0) | v2_struct_0(sK0) <- (~1, 2, 3, 4) [subsumption resolution 1536,591] {a:1,w:10,wCS:1000,goal:1,sine:1,thAx:0,allAx:3,thDist:-3}
1538. ~v3_cat_1(sK0) | ~v2_cat_1(sK0) | v11_struct_0(sK0) | v2_struct_0(sK0) <- (~1, 2, 3, 4, 5) [subsumption resolution 1537,596] {a:1,w:8,wCS:800,goal:1,sine:1,thAx:0,allAx:3,thDist:-3}
1539. ~v2_cat_1(sK0) | v11_struct_0(sK0) | v2_struct_0(sK0) <- (~1, 2, 3, 4, 5, 6) [subsumption resolution 1538,601] {a:1,w:6,wCS:600,goal:1,sine:1,thAx:0,allAx:3,thDist:-3}
1540. v11_struct_0(sK0) | v2_struct_0(sK0) <- (~1, 2, 3, 4, 5, 6, 7) [subsumption resolution 1539,606] {a:1,w:4,wCS:400,goal:1,sine:1,thAx:0,allAx:3,thDist:-3}
1541. v2_struct_0(sK0) <- (~1, 2, 3, 4, 5, 6, 7, ~8) [subsumption resolution 1540,611] {a:1,w:2,wCS:200,goal:1,sine:1,thAx:0,allAx:3,thDist:-3}
1542. $false <- (~1, 2, 3, 4, 5, 6, 7, ~8, ~9) [subsumption resolution 1541,616] {a:1,w:0,goal:1,sine:1,thAx:0,allAx:3,thDist:-3}
1543. 1 | ~2 | ~3 | ~4 | ~5 | ~6 | ~7 | 8 | 9 [avatar contradiction clause 1542]
1544. $false [avatar sat refutation 577,582,587,592,597,602,607,612,617,1543] {a:0,w:0,goal:1,sine:0,thAx:0,allAx:555,thDist:-555}
% SZS output end Proof for index_1__t39_index_1
% ------------------------------
% Version: Vampire 4.5.1 (commit 226f88162 on 2021-09-12 20:13:44 +0200)
% Termination reason: Refutation

% >>> Input
% Input formulas: 122
% >>> Preprocessing
% Introduced skolems: 29
% Pure predicates: 4
% Unused predicate definitions: 1
% 
% >>> Saturation
% Initial clauses: 219
% Generated clauses: 707
% Active clauses: 243
% Passive clauses: 432
% Final active clauses: 243
% Final passive clauses: 172
% Main loop iterations started: 258
% 
% >>> Simplifying Inferences
% Duplicate literals: 19
% Fw subsumption resolutions: 47
% 
% >>> Deletion Inferences
% Simple tautologies: 37
% Forward subsumptions: 76
% 
% >>> Generating Inferences
% Binary resolution: 309
% Unit resulting resolution: 1
% Forward superposition: 6
% Backward superposition: 2
% Self superposition: 1
% 
% >>> AVATAR
% Split clauses: 25
% Split components: 50
% Sat splitting refutations: 2
% 
% >>> SAT Solver Statistics
% SAT solver clauses: 119
% SAT solver unit clauses: 58
% SAT solver binary clauses: 29
% 
% Memory used [KB]: 10362
% Time elapsed: 0.007 s
% ------------------------------
% ------------------------------
% Time measurement results:
% parsing: 0.001 s
% congruence closure: 0.001 s
% forward subsumption: 0.002 s
% other: 0.007 s ( own 0.003 s ) 

