i: [1,261,0,6,2,1,0,0] t26_int_1
a: [3,397,0,2,1,261]
s: 397
i: [1,257,0,2,1,1,0,0] t26_int_1
a: [3,408,0,2,1,257]
s: 408
a: [3,402,0,4,1,261]
s: 402
i: [1,262,0,2,1,0,0,255] spc1_boole
a: [3,413,0,2,1,262]
s: 413
i: [1,263,0,2,1,0,0,255] fc1_numbers
a: [3,418,0,2,1,263]
s: 418
i: [1,264,0,2,1,0,0,255] dt_o_0_0_xboole_0
a: [3,423,0,2,1,264]
s: 423
i: [1,271,0,2,1,0,0,255] fc6_ordinal1
a: [3,453,0,2,1,271]
s: 453
i: [1,270,0,2,1,0,0,255] fc6_ordinal1
a: [3,458,0,2,1,270]
s: 458
i: [1,272,0,2,1,0,0,255] spc1_numerals
a: [3,478,0,2,1,272]
s: 478
i: [1,352,0,7,3,0,0,1] reflexivity_r1_xxreal_0
a: [3,482,0,2,1,352]
s: 482
i: [1,356,0,2,1,0,0,1] rc2_int_1
a: [3,490,0,2,1,356]
s: 490
i: [1,357,0,2,1,0,0,2] rc4_ordinal1
a: [3,495,0,2,1,357]
s: 495
i: [1,358,0,2,1,0,0,3] rc1_ordinal1
a: [3,500,0,2,1,358]
s: 500
i: [1,359,0,2,1,0,0,1] rc1_xreal_0
a: [3,505,0,2,1,359]
s: 505
i: [1,360,0,2,1,0,0,2] rc1_xxreal_0
a: [3,510,0,2,1,360]
s: 510
d: [2,672,0,0,0,2,21,510,482]
e: 672
r: 482
s: 510
i: [1,364,0,2,1,0,0,255] rc2_ordinal1
a: [3,515,0,2,1,364]
s: 515
i: [1,363,0,2,1,0,0,255] rc2_ordinal1
a: [3,520,0,2,1,363]
s: 520
i: [1,362,0,2,1,0,0,255] rc2_ordinal1
a: [3,525,0,2,1,362]
s: 525
i: [1,361,0,2,1,0,0,255] rc2_ordinal1
a: [3,530,0,2,1,361]
s: 530
i: [1,366,0,2,1,0,0,2] rc5_ordinal1
a: [3,535,0,2,1,366]
s: 535
i: [1,365,0,2,1,0,0,2] rc5_ordinal1
a: [3,540,0,2,1,365]
s: 540
i: [1,369,0,2,1,0,0,255] rc3_xreal_0
a: [3,545,0,2,1,369]
s: 545
i: [1,368,0,2,1,0,0,255] rc3_xreal_0
a: [3,550,0,2,1,368]
s: 550
i: [1,367,0,2,1,0,0,255] rc3_xreal_0
a: [3,555,0,2,1,367]
s: 555
i: [1,372,0,2,1,0,0,255] rc2_xreal_0
a: [3,560,0,2,1,372]
s: 560
i: [1,371,0,2,1,0,0,255] rc2_xreal_0
a: [3,565,0,2,1,371]
s: 565
i: [1,370,0,2,1,0,0,255] rc2_xreal_0
a: [3,570,0,2,1,370]
s: 570
i: [1,375,0,2,1,0,0,255] rc4_xreal_0
a: [3,575,0,2,1,375]
s: 575
i: [1,374,0,2,1,0,0,255] rc4_xreal_0
a: [3,580,0,2,1,374]
s: 580
i: [1,373,0,2,1,0,0,255] rc4_xreal_0
a: [3,585,0,2,1,373]
s: 585
i: [1,377,0,2,1,0,0,2] rc4_xxreal_0
a: [3,590,0,2,1,377]
s: 590
i: [1,376,0,2,1,0,0,2] rc4_xxreal_0
a: [3,595,0,2,1,376]
s: 595
i: [1,379,0,2,1,0,0,2] rc3_xxreal_0
a: [3,600,0,2,1,379]
s: 600
i: [1,378,0,2,1,0,0,2] rc3_xxreal_0
a: [3,605,0,2,1,378]
s: 605
i: [1,381,0,2,1,0,0,2] rc2_xxreal_0
a: [3,610,0,2,1,381]
s: 610
i: [1,380,0,2,1,0,0,2] rc2_xxreal_0
a: [3,615,0,2,1,380]
s: 615
i: [1,385,0,2,1,0,0,255] rc1_real_1
a: [3,620,0,2,1,385]
s: 620
i: [1,384,0,2,1,0,0,255] rc1_real_1
a: [3,625,0,2,1,384]
s: 625
i: [1,383,0,2,1,0,0,255] rc1_real_1
a: [3,630,0,2,1,383]
s: 630
i: [1,389,0,2,1,0,0,255] rc1_int_1
a: [3,640,0,2,1,389]
s: 640
i: [1,388,0,2,1,0,0,255] rc1_int_1
a: [3,645,0,2,1,388]
s: 645
i: [1,387,0,2,1,0,0,255] rc1_int_1
a: [3,650,0,2,1,387]
s: 650
i: [1,392,0,2,1,0,0,255] rc2_nat_1
a: [3,660,0,2,1,392]
s: 660
i: [1,391,0,2,1,0,0,255] rc2_nat_1
a: [3,665,0,2,1,391]
s: 665
i: [1,338,0,3,1,0,0,255] reflexivity_r1_tarski
s: 338
i: [1,265,0,3,1,0,0,255] d2_xboole_0
a: [3,428,0,3,1,265]
s: 428
r: 423
d: [2,674,0,2,1,2,23,423,428]
a: [3,678,0,2,1,674]
s: 678
i: [1,266,0,3,1,0,0,255] redefinition_k5_numbers
a: [3,433,0,3,1,266]
s: 433
r: 458
r: 453
d: [2,680,0,2,1,2,23,458,433]
a: [3,685,0,2,1,680]
s: 685
d: [2,681,0,2,1,2,23,453,433]
a: [3,690,0,2,1,681]
s: 690
i: [1,267,0,3,1,0,0,255] rqLessOrEqual__r1_xxreal_0__r1_r1
a: [3,438,0,3,1,267]
s: 438
i: [1,268,0,3,1,0,0,255] t1_numerals
a: [3,443,0,3,1,268]
s: 443
i: [1,275,0,3,1,0,0,255] spc1_numerals
a: [3,463,0,3,1,275]
s: 463
i: [1,274,0,3,1,0,0,255] spc1_numerals
a: [3,468,0,3,1,274]
s: 468
i: [1,382,0,3,1,0,0,255] rc1_real_1
a: [3,635,0,3,1,382]
s: 635
i: [1,386,0,3,1,0,0,255] rc1_int_1
a: [3,655,0,3,1,386]
s: 655
d: [2,692,0,3,1,2,22,443,433]
a: [3,696,0,3,1,692]
s: 696
i: [1,277,0,4,2,0,0,1] cc3_int_1
s: 277
i: [1,278,0,4,2,0,0,1] cc2_int_1
s: 278
i: [1,279,0,4,2,0,0,2] cc6_ordinal1
s: 279
d: [2,698,1,2,1,1,40,277,490]
a: [3,703,1,2,1,698]
s: 703
i: [1,280,0,4,2,0,0,2] cc2_xreal_0
s: 280
d: [2,705,1,2,1,1,40,278,495]
a: [3,710,1,2,1,705]
s: 710
i: [1,281,0,4,2,0,0,2] cc2_xxreal_0
s: 281
i: [1,283,0,4,2,0,0,2] cc3_nat_1
s: 283
d: [2,706,1,2,1,1,40,278,535]
a: [3,715,1,2,1,706]
s: 715
i: [1,284,0,4,2,0,0,2] cc1_nat_1
s: 284
d: [2,717,1,2,1,1,40,279,495]
a: [3,722,1,2,1,717]
s: 722
i: [1,286,0,4,2,0,0,255] cc1_ordinal1
s: 286
i: [1,287,0,4,2,0,0,255] cc1_ordinal1
s: 287
d: [2,718,1,2,1,1,40,279,535]
a: [3,727,1,2,1,718]
s: 727
i: [1,289,0,4,2,0,0,2] cc4_xreal_0
s: 289
d: [2,831,1,2,1,1,40,289,408]
a: [3,842,1,2,1,831]
s: 842
i: [1,305,0,4,2,0,0,255] cc9_ordinal1
s: 305
i: [1,306,0,4,2,0,0,2] cc7_ordinal1
s: 306
d: [2,729,1,2,1,1,40,280,495]
a: [3,734,1,2,1,729]
s: 734
i: [1,307,0,4,2,0,0,3] cc3_ordinal1
s: 307
d: [2,730,1,2,1,1,40,280,535]
a: [3,739,1,2,1,730]
s: 739
i: [1,337,0,4,1,0,0,4] existence_m1_subset_1
s: 337
i: [1,269,0,4,1,0,0,255] dt_k5_numbers
a: [3,448,0,4,1,269]
s: 448
d: [2,743,1,2,1,1,40,281,495]
a: [3,748,1,2,1,743]
s: 748
i: [1,273,0,4,1,0,0,255] spc1_numerals
a: [3,473,0,4,1,273]
s: 473
d: [2,744,1,2,1,1,40,281,535]
a: [3,753,1,2,1,744]
s: 753
i: [1,390,0,4,1,0,0,255] rc2_nat_1
a: [3,670,0,4,1,390]
s: 670
i: [1,290,0,5,2,0,0,1] dt_k1_int_1
s: 290
d: [2,755,1,2,1,1,40,283,550]
a: [3,760,1,2,1,755]
s: 760
i: [1,308,0,5,2,0,0,255] t6_boole
s: 308
d: [2,756,1,2,1,1,40,283,600]
a: [3,765,1,2,1,756]
s: 765
i: [1,310,0,5,2,0,0,255] cc2_nat_1
s: 310
i: [1,311,0,5,2,0,0,255] cc8_ordinal1
s: 311
d: [2,769,1,2,1,1,40,286,690]
a: [3,777,1,2,1,769]
s: 777
i: [1,312,0,5,2,0,0,255] cc1_xreal_0
s: 312
d: [2,771,1,2,1,1,40,286,500]
a: [3,787,1,2,1,771]
s: 787
i: [1,313,0,5,2,0,0,255] cc1_real_1
s: 313
i: [1,334,0,5,2,0,0,255] t7_boole
s: 334
d: [2,773,1,2,1,1,40,286,660]
a: [3,792,1,2,1,773]
s: 792
a: [3,485,0,5,2,352]
s: 485
d: [2,794,1,2,1,1,40,287,690]
a: [3,802,1,2,1,794]
s: 802
d: [2,934,0,5,2,1,22,311,433]
s: 934
i: [1,318,0,6,3,0,0,255] cc2_ordinal1
s: 318
d: [2,796,1,2,1,1,40,287,500]
a: [3,812,1,2,1,796]
s: 812
i: [1,320,0,6,3,0,0,2] cc7_xxreal_0
s: 320
d: [2,798,1,2,1,1,40,287,660]
a: [3,817,1,2,1,798]
s: 817
i: [1,321,0,6,3,0,0,2] cc7_xxreal_0
s: 321
i: [1,324,0,6,3,0,0,2] cc5_xxreal_0
s: 324
d: [2,833,1,2,1,1,40,289,505]
a: [3,852,1,2,1,833]
s: 852
i: [1,326,0,6,3,0,0,2] cc5_xxreal_0
s: 326
d: [2,854,1,2,1,1,40,305,595]
a: [3,860,1,2,1,854]
s: 860
i: [1,327,0,6,3,0,0,2] cc3_xxreal_0
s: 327
i: [1,329,0,6,3,0,0,2] cc3_xxreal_0
s: 329
d: [2,855,1,2,1,1,40,305,585]
a: [3,865,1,2,1,855]
s: 865
i: [1,330,0,6,2,0,0,255] t1_subset
s: 330
d: [2,856,1,2,1,1,40,305,678]
a: [3,870,1,2,1,856]
s: 870
i: [1,339,0,6,2,0,0,255] antisymmetry_r2_hidden
s: 339
i: [1,288,0,7,3,0,0,3] cc5_ordinal1
s: 288
d: [2,872,1,2,1,1,40,306,595]
a: [3,878,1,2,1,872]
s: 878
i: [1,332,0,7,2,0,0,255] t3_subset
s: 332
d: [2,873,1,2,1,1,40,306,585]
a: [3,883,1,2,1,873]
s: 883
i: [1,333,0,7,3,0,0,2] t8_boole
s: 333
i: [1,276,0,8,3,0,0,255] cc10_ordinal1
s: 276
d: [2,874,1,2,1,1,40,306,678]
a: [3,888,1,2,1,874]
s: 888
i: [1,291,0,8,2,0,0,1] projectivity_k1_int_1
s: 291
d: [2,892,1,2,1,1,40,307,595]
a: [3,898,1,2,1,892]
s: 898
i: [1,292,0,8,3,0,0,1] t25_int_1
s: 292
i: [1,293,0,8,3,0,0,1] t25_int_1
s: 293
d: [2,893,1,2,1,1,40,307,585]
a: [3,903,1,2,1,893]
s: 903
d: [2,1145,0,6,2,0,21,293,277]
s: 1145
d: [2,894,1,2,1,1,40,307,678]
a: [3,908,1,2,1,894]
s: 908
i: [1,315,0,8,4,0,0,2] cc4_xxreal_0
s: 315
i: [1,317,0,8,4,0,0,2] cc6_xxreal_0
s: 317
d: [2,1175,2,6,3,1,40,315,842]
a: [3,1191,2,2,1,1175]
s: 1191
r: 1191
i: [1,322,0,8,4,0,0,2] cc8_xxreal_0
s: 322
a: [3,1190,2,2,1,1175]
s: 1190
i: [1,331,0,8,3,0,0,255] t2_subset
s: 331
i: [1,346,0,8,3,0,0,1] fc4_int_1
s: 346
a: [3,1195,2,2,1,1175]
s: 1195
i: [1,347,0,8,3,0,0,2] fc7_xreal_0
s: 347
a: [3,1198,2,2,1,1175]
s: 1198
i: [1,336,0,9,3,0,0,255] t5_subset
s: 336
i: [1,394,0,9,3,0,0,255] d6_int_1
s: 394
d: [2,916,1,2,1,1,40,310,696]
a: [3,922,1,2,1,916]
s: 922
d: [2,1347,0,6,2,0,21,394,290]
s: 1347
d: [2,917,1,2,1,1,40,310,468]
a: [3,927,1,2,1,917]
s: 927
i: [1,335,0,10,3,0,0,255] t4_subset
s: 335
i: [1,348,0,10,3,0,0,255] dt_k5_real_1
s: 348
d: [2,935,1,2,1,1,40,312,463]
a: [3,942,1,2,1,935]
s: 942
i: [1,353,0,10,4,0,0,1] connectedness_r1_xxreal_0
s: 353
d: [2,950,1,2,1,2,40,934,468]
a: [3,956,1,2,1,950]
s: 956
i: [1,299,0,11,5,0,0,1] t2_real
s: 299
i: [1,300,0,11,5,0,0,1] t1_real
s: 300
d: [2,1383,1,10,4,1,40,299,402]
d: [2,1389,1,8,3,2,21,1383,1198]
d: [2,1390,1,6,2,3,21,1389,408]
a: [3,1394,1,3,1,1390]
s: 1394
i: [1,301,0,11,5,0,0,1] t8_real
s: 301
d: [2,967,1,4,2,1,40,320,565]
d: [2,970,1,2,1,2,21,967,570]
a: [3,974,1,2,1,970]
s: 974
i: [1,302,0,11,5,0,0,1] t7_real
s: 302
i: [1,303,0,11,5,0,0,1] t3_real
s: 303
d: [2,968,1,4,2,1,40,320,610]
d: [2,976,1,2,1,2,21,968,615]
a: [3,980,1,2,1,976]
s: 980
i: [1,304,0,11,5,0,0,1] t4_real
s: 304
d: [2,969,1,4,2,1,40,320,625]
d: [2,982,1,2,1,2,21,969,630]
a: [3,986,1,2,1,982]
s: 986
i: [1,393,0,11,3,0,0,255] d6_int_1
s: 393
d: [2,1422,0,8,2,0,21,393,290]
s: 1422
d: [2,989,1,4,2,1,40,321,595]
d: [2,992,1,2,1,2,21,989,590]
a: [3,996,1,2,1,992]
s: 996
i: [1,344,0,12,5,0,0,2] fc17_xreal_0
s: 344
d: [2,990,1,4,2,1,40,321,585]
d: [2,998,1,2,1,2,21,990,580]
a: [3,1002,1,2,1,998]
s: 1002
i: [1,345,0,12,5,0,0,2] fc18_xreal_0
s: 345
i: [1,349,0,12,3,0,0,255] redefinition_k5_real_1
s: 349
d: [2,991,1,4,2,1,40,321,678]
a: [3,1006,1,2,1,991]
s: 1006
i: [1,350,0,12,5,0,0,2] fc21_xreal_0
s: 350
d: [2,1009,1,4,2,1,40,326,478]
a: [3,1015,1,2,1,1009]
s: 1015
i: [1,351,0,12,5,0,0,2] fc22_xreal_0
s: 351
i: [1,354,0,12,5,0,0,2] fc20_xreal_0
s: 354
d: [2,1010,1,4,2,1,40,326,565]
d: [2,1018,1,2,1,2,21,1010,570]
a: [3,1022,1,2,1,1018]
s: 1022
i: [1,355,0,12,5,0,0,2] fc19_xreal_0
s: 355
d: [2,1011,1,4,2,1,40,326,610]
d: [2,1024,1,2,1,2,21,1011,615]
a: [3,1028,1,2,1,1024]
s: 1028
i: [1,297,0,13,6,0,0,1] t5_real
s: 297
i: [1,298,0,13,6,0,0,1] t6_real
s: 298
d: [2,1012,1,4,2,1,40,326,625]
d: [2,1030,1,2,1,2,21,1012,630]
a: [3,1034,1,2,1,1030]
s: 1034
i: [1,309,0,13,5,0,0,2] t1_xxreal_0
s: 309
d: [2,1501,1,13,4,1,40,309,402]
d: [2,1508,1,11,3,2,21,1501,842]
a: [3,1512,1,3,1,1508]
s: 1512
i: [1,343,0,14,4,0,0,255] existence_m2_subset_1
s: 343
i: [1,340,0,15,5,0,0,255] dt_m2_subset_1
s: 340
d: [2,1039,1,4,2,1,40,288,463]
a: [3,1050,1,2,1,1039]
s: 1050
i: [1,341,0,15,5,0,0,255] redefinition_m2_subset_1
s: 341
a: [3,1054,1,2,1,1039]
s: 1054
i: [1,342,0,15,5,0,0,255] redefinition_m2_subset_1
s: 342
i: [1,296,0,16,5,0,0,255] d6_int_1
s: 296
d: [2,1095,1,4,2,1,40,276,448]
a: [3,1101,1,2,1,1095]
s: 1101
d: [2,1178,1,6,3,1,40,315,510]
a: [3,1230,1,2,1,1178]
s: 1230
r: 1230
a: [3,1229,1,2,1,1178]
s: 1229
a: [3,1234,1,2,1,1178]
s: 1234
a: [3,1237,1,2,1,1178]
s: 1237
d: [2,1187,1,6,3,1,40,315,650]
a: [3,1253,1,2,1,1187]
s: 1253
r: 1253
a: [3,1252,1,2,1,1187]
s: 1252
a: [3,1257,1,2,1,1187]
s: 1257
a: [3,1260,1,2,1,1187]
s: 1260
d: [2,918,1,3,1,0,40,310,337]
a: [3,932,1,3,1,918]
s: 932
d: [2,770,2,2,1,1,40,286,722]
a: [3,782,2,2,1,770]
s: 782
d: [2,936,1,3,1,0,40,312,337]
a: [3,947,1,3,1,936]
s: 947
d: [2,795,2,2,1,1,40,287,722]
a: [3,807,2,2,1,795]
s: 807
d: [2,951,1,3,1,1,40,934,337]
a: [3,961,1,3,1,951]
s: 961
d: [2,1285,1,7,2,1,40,331,448]
a: [3,1300,1,3,1,1285]
s: 1300
r: 1300
d: [2,819,2,2,1,1,40,727,287]
a: [3,824,2,2,1,819]
s: 824
a: [3,1299,1,3,1,1285]
s: 1299
d: [2,820,2,2,1,1,40,727,286]
a: [3,829,2,2,1,820]
s: 829
d: [2,1286,1,5,2,1,40,331,696]
d: [2,1302,1,3,1,2,21,1286,685]
a: [3,1306,1,3,1,1302]
s: 1306
d: [2,1287,1,5,2,1,40,331,463]
d: [2,1308,1,3,1,2,21,1287,418]
a: [3,1312,1,3,1,1308]
s: 1312
d: [2,832,2,2,1,1,40,289,703]
a: [3,847,2,2,1,832]
s: 847
d: [2,1288,1,5,2,1,40,331,468]
d: [2,1314,1,3,1,2,21,1288,685]
a: [3,1318,1,3,1,1314]
s: 1318
d: [2,1069,2,2,1,1,40,878,280]
a: [3,1075,2,2,1,1069]
s: 1075
d: [2,1290,1,5,2,1,40,331,635]
d: [2,1320,1,3,1,2,21,1290,418]
a: [3,1324,1,3,1,1320]
s: 1324
d: [2,1291,1,5,2,1,40,331,655]
d: [2,1326,1,3,1,2,21,1291,418]
a: [3,1330,1,3,1,1326]
s: 1330
d: [2,1071,2,2,1,1,40,878,278]
a: [3,1081,2,2,1,1071]
s: 1081
a: [3,1296,1,4,1,1285]
s: 1296
d: [2,1087,2,2,1,1,40,883,278]
a: [3,1092,2,2,1,1087]
s: 1092
d: [2,1292,1,7,2,1,40,331,670]
a: [3,1335,1,4,1,1292]
s: 1335
d: [2,912,1,5,2,0,40,290,277]
s: 912
d: [2,1740,2,0,0,2,52,408,1394,912]
e: 1740
d: [2,1741,2,2,1,1,40,912,1394]
d: [2,1746,2,0,0,2,21,1741,408]
e: 1746
r: 1195
r: 1198
r: 1394
a: [3,1194,2,2,1,1175]
s: 1194
a: [3,1393,1,3,1,1390]
s: 1393
d: [2,1761,2,0,0,2,52,1512,1393,289]
e: 1761
d: [2,1762,2,3,1,1,40,1393,289]
d: [2,1765,2,0,0,2,21,1762,1512]
e: 1765
r: 1512
a: [3,1199,2,2,1,1175]
s: 1199
a: [3,1511,1,3,1,1508]
s: 1511
a: [3,1397,1,3,1,1390]
s: 1397
d: [2,1265,3,2,1,1,40,1191,306]
a: [3,1276,3,2,1,1265]
s: 1276
a: [3,1516,1,4,1,1508]
s: 1516
d: [2,1780,2,0,0,2,52,408,1516,1347]
e: 1780
d: [2,1781,2,2,1,1,40,1516,1347]
d: [2,1786,2,0,0,2,21,1781,408]
e: 1786
r: 1516
d: [2,1773,2,3,1,1,40,1397,283]
a: [3,1778,2,3,1,1773]
s: 1778
a: [3,1515,1,4,1,1508]
s: 1515
d: [2,1404,1,10,4,1,40,300,402]
d: [2,1410,1,8,3,2,21,1404,1195]
d: [2,1411,1,6,2,3,21,1410,408]
a: [3,1414,1,3,1,1411]
s: 1414
a: [3,1520,1,4,1,1508]
s: 1520
r: 402
r: 1393
r: 1397
r: 1414
r: 1511
r: 1515
r: 1778
d: [2,1811,2,0,0,3,52,408,397,1520,292]
e: 1811
d: [2,1812,2,4,2,1,44,290,1520]
d: [2,1820,2,2,1,2,21,1812,397]
d: [2,1821,2,0,0,3,21,1820,408]
e: 1821
d: [2,1814,2,7,3,1,44,292,1520]
d: [2,1818,2,4,2,1,19,1814]
d: [2,1823,2,2,1,2,21,1818,397]
d: [2,1824,2,0,0,3,21,1823,408]
e: 1824
r: 397
r: 1520
a: [3,398,0,2,1,261]
s: 398
s: 1393
a: [3,401,0,4,1,261]
s: 401
i: [1,258,0,6,2,1,0,0] t26_int_1
d: [2,1794,2,5,2,1,44,1515,1145]
d: [2,1789,2,13,4,1,40,1515,309]
d: [2,1833,2,11,3,2,21,1789,842]
d: [2,1836,2,3,1,1,40,1393,289]
d: [2,1841,1,5,2,1,44,401,1145]
d: [2,1848,1,3,1,2,21,1841,398]
f: 1848,1836,1833,1794,1824,1786,1746,831,257,258,261
% Refutation found. Thanks to Tanya!
% SZS status Theorem for int_1__t26_int_1
% SZS output start Proof for int_1__t26_int_1
1. ! [X0] : (v1_xreal_0(X0) => (~(r1_xxreal_0(X0,k1_int_1(X0)) & ~v1_int_1(X0)) & ~(v1_int_1(X0) & ~r1_xxreal_0(X0,k1_int_1(X0))))) [input t26_int_1]
2. ~! [X0] : (v1_xreal_0(X0) => (~(r1_xxreal_0(X0,k1_int_1(X0)) & ~v1_int_1(X0)) & ~(v1_int_1(X0) & ~r1_xxreal_0(X0,k1_int_1(X0))))) [negated conjecture 1]
14. ! [X0] : (v1_int_1(X0) => v1_xreal_0(X0)) [input cc3_int_1]
20. ! [X0] : (v1_xreal_0(X0) => v1_xxreal_0(X0)) [input cc4_xreal_0]
33. ! [X0] : (v1_xreal_0(X0) => ! [X1] : (v1_int_1(X1) => (k1_int_1(X0) = X1 <=> (~r1_xxreal_0(X1,k5_real_1(X0,1)) & r1_xxreal_0(X1,X0))))) [input d6_int_1]
34. ! [X0] : (v1_xreal_0(X0) => v1_int_1(k1_int_1(X0))) [input dt_k1_int_1]
86. ! [X0] : (v1_xxreal_0(X0) => ! [X1] : (v1_xxreal_0(X1) => ((r1_xxreal_0(X1,X0) & r1_xxreal_0(X0,X1)) => X0 = X1))) [input t1_xxreal_0]
87. ! [X0] : (v1_xreal_0(X0) => (k1_int_1(X0) = X0 <=> v1_int_1(X0))) [input t25_int_1]
119. ? [X0] : (((r1_xxreal_0(X0,k1_int_1(X0)) & ~v1_int_1(X0)) | (v1_int_1(X0) & ~r1_xxreal_0(X0,k1_int_1(X0)))) & v1_xreal_0(X0)) [ennf transformation 2]
121. ! [X0] : (v1_xreal_0(X0) | ~v1_int_1(X0)) [ennf transformation 14]
130. ! [X0] : (v1_xxreal_0(X0) | ~v1_xreal_0(X0)) [ennf transformation 20]
131. ! [X0] : (v1_int_1(k1_int_1(X0)) | ~v1_xreal_0(X0)) [ennf transformation 34]
133. ! [X0] : ((k1_int_1(X0) = X0 <=> v1_int_1(X0)) | ~v1_xreal_0(X0)) [ennf transformation 87]
134. ! [X0] : (! [X1] : ((k1_int_1(X0) = X1 <=> (~r1_xxreal_0(X1,k5_real_1(X0,1)) & r1_xxreal_0(X1,X0))) | ~v1_int_1(X1)) | ~v1_xreal_0(X0)) [ennf transformation 33]
155. ! [X0] : (! [X1] : ((X0 = X1 | (~r1_xxreal_0(X1,X0) | ~r1_xxreal_0(X0,X1))) | ~v1_xxreal_0(X1)) | ~v1_xxreal_0(X0)) [ennf transformation 86]
156. ! [X0] : (! [X1] : (X0 = X1 | ~r1_xxreal_0(X1,X0) | ~r1_xxreal_0(X0,X1) | ~v1_xxreal_0(X1)) | ~v1_xxreal_0(X0)) [flattening 155]
215. ? [X0] : (((r1_xxreal_0(X0,k1_int_1(X0)) & ~v1_int_1(X0)) | (v1_int_1(X0) & ~r1_xxreal_0(X0,k1_int_1(X0)))) & v1_xreal_0(X0)) => (((r1_xxreal_0(sK0,k1_int_1(sK0)) & ~v1_int_1(sK0)) | (v1_int_1(sK0) & ~r1_xxreal_0(sK0,k1_int_1(sK0)))) & v1_xreal_0(sK0)) [choice axiom]
216. ((r1_xxreal_0(sK0,k1_int_1(sK0)) & ~v1_int_1(sK0)) | (v1_int_1(sK0) & ~r1_xxreal_0(sK0,k1_int_1(sK0)))) & v1_xreal_0(sK0) [skolemisation 119,215]
217. ! [X0] : (((k1_int_1(X0) = X0 | ~v1_int_1(X0)) & (v1_int_1(X0) | k1_int_1(X0) != X0)) | ~v1_xreal_0(X0)) [nnf transformation 133]
218. ! [X0] : (! [X1] : (((k1_int_1(X0) = X1 | (r1_xxreal_0(X1,k5_real_1(X0,1)) | ~r1_xxreal_0(X1,X0))) & ((~r1_xxreal_0(X1,k5_real_1(X0,1)) & r1_xxreal_0(X1,X0)) | k1_int_1(X0) != X1)) | ~v1_int_1(X1)) | ~v1_xreal_0(X0)) [nnf transformation 134]
219. ! [X0] : (! [X1] : (((k1_int_1(X0) = X1 | r1_xxreal_0(X1,k5_real_1(X0,1)) | ~r1_xxreal_0(X1,X0)) & ((~r1_xxreal_0(X1,k5_real_1(X0,1)) & r1_xxreal_0(X1,X0)) | k1_int_1(X0) != X1)) | ~v1_int_1(X1)) | ~v1_xreal_0(X0)) [flattening 218]
257. v1_xreal_0(sK0) [cnf transformation 216] {a:0,w:2,wCS:200,goal:1,sine:0,thAx:0,allAx:2,thDist:-2}
258. ~v1_int_1(sK0) | ~r1_xxreal_0(sK0,k1_int_1(sK0)) [cnf transformation 216] {a:0,w:6,wCS:600,goal:1,sine:0,thAx:0,allAx:2,thDist:-2}
261. r1_xxreal_0(sK0,k1_int_1(sK0)) | v1_int_1(sK0) [cnf transformation 216] {a:0,w:6,wCS:600,goal:1,sine:0,thAx:0,allAx:2,thDist:-2}
277. ~v1_int_1(X0) | v1_xreal_0(X0) [cnf transformation 121] {a:0,w:4,wCS:1600,nSel:1,sine:1,thAx:0,allAx:1,thDist:-1}
289. ~v1_xreal_0(X0) | v1_xxreal_0(X0) [cnf transformation 130] {a:0,w:4,wCS:1600,nSel:1,sine:2,thAx:0,allAx:1,thDist:-1}
290. v1_int_1(k1_int_1(X0)) | ~v1_xreal_0(X0) [cnf transformation 131] {a:0,w:5,wCS:2000,nSel:1,sine:1,thAx:0,allAx:1,thDist:-1}
292. k1_int_1(X0) != X0 | v1_int_1(X0) | ~v1_xreal_0(X0) [cnf transformation 217] {a:0,w:8,wCS:3200,nSel:1,sine:1,thAx:0,allAx:1,thDist:-1}
293. k1_int_1(X0) = X0 | ~v1_int_1(X0) | ~v1_xreal_0(X0) [cnf transformation 217] {a:0,w:8,wCS:3200,sine:1,thAx:0,allAx:1,thDist:-1}
294. r1_xxreal_0(X1,X0) | k1_int_1(X0) != X1 | ~v1_int_1(X1) | ~v1_xreal_0(X0) [cnf transformation 219] {a:0,w:11,wCS:4400,sine:255,thAx:0,allAx:1,thDist:-1}
309. ~r1_xxreal_0(X1,X0) | X0 = X1 | ~r1_xxreal_0(X0,X1) | ~v1_xxreal_0(X1) | ~v1_xxreal_0(X0) [cnf transformation 156] {a:0,w:13,wCS:5200,nSel:1,sine:2,thAx:0,allAx:1,thDist:-1}
394. r1_xxreal_0(k1_int_1(X0),X0) | ~v1_int_1(k1_int_1(X0)) | ~v1_xreal_0(X0) [equality resolution 294] {a:0,w:9,wCS:3600,sine:255,thAx:0,allAx:1,thDist:-1}
396. 1 <=> v1_int_1(sK0) [avatar definition]
397. ~v1_int_1(sK0) <- (~1) [avatar component clause 396] {a:0,w:2,wCS:200,nSel:1,goal:1,sine:255,thAx:0,allAx:2,thDist:-2}
398. v1_int_1(sK0) <- (1) [avatar component clause 396] {a:0,w:2,wCS:200,nSel:1,goal:1,sine:255,thAx:0,allAx:2,thDist:-2}
400. 2 <=> r1_xxreal_0(sK0,k1_int_1(sK0)) [avatar definition]
401. ~r1_xxreal_0(sK0,k1_int_1(sK0)) <- (~2) [avatar component clause 400] {a:0,w:4,wCS:400,nSel:1,goal:1,sine:255,thAx:0,allAx:2,thDist:-2}
403. 1 | 2 [avatar split clause 261,400,396]
404. ~2 | ~1 [avatar split clause 258,396,400]
406. 3 <=> v1_xreal_0(sK0) [avatar definition]
408. v1_xreal_0(sK0) <- (3) [avatar component clause 406] {a:0,w:2,wCS:200,nSel:1,goal:1,sine:255,thAx:0,allAx:2,thDist:-2}
409. 3 [avatar split clause 257,406]
831. v1_xxreal_0(sK0) <- (3) [resolution 289,408] {a:1,w:2,wCS:200,goal:1,sine:2,thAx:0,allAx:3,thDist:-3}
840. 82 <=> v1_xxreal_0(sK0) [avatar definition]
842. v1_xxreal_0(sK0) <- (82) [avatar component clause 840] {a:1,w:2,wCS:200,nSel:1,goal:1,sine:255,thAx:0,allAx:3,thDist:-3}
843. 82 | ~3 [avatar split clause 831,406,840]
912. v1_xreal_0(k1_int_1(X0)) | ~v1_xreal_0(X0) [resolution 290,277] {a:1,w:5,wCS:2000,nSel:1,sine:1,thAx:0,allAx:2,thDist:-2}
1145. k1_int_1(X0) = X0 | ~v1_int_1(X0) [subsumption resolution 293,277] {a:0,w:6,wCS:2400,nSel:1,sine:1,thAx:0,allAx:1,thDist:-1}
1347. r1_xxreal_0(k1_int_1(X0),X0) | ~v1_xreal_0(X0) [subsumption resolution 394,290] {a:0,w:6,wCS:2400,nSel:1,sine:1,thAx:0,allAx:1,thDist:-1}
1392. 159 <=> v1_xreal_0(k1_int_1(sK0)) [avatar definition]
1393. v1_xreal_0(k1_int_1(sK0)) <- (159) [avatar component clause 1392] {a:1,w:3,wCS:300,nSel:1,goal:1,sine:255,thAx:0,allAx:3,thDist:-3}
1394. ~v1_xreal_0(k1_int_1(sK0)) <- (~159) [avatar component clause 1392] {a:1,w:3,wCS:300,nSel:1,goal:1,sine:255,thAx:0,allAx:3,thDist:-3}
1510. 164 <=> v1_xxreal_0(k1_int_1(sK0)) [avatar definition]
1514. 165 <=> r1_xxreal_0(k1_int_1(sK0),sK0) [avatar definition]
1515. r1_xxreal_0(k1_int_1(sK0),sK0) <- (165) [avatar component clause 1514] {a:1,w:4,wCS:400,nSel:1,goal:1,sine:255,thAx:0,allAx:3,thDist:-3}
1516. ~r1_xxreal_0(k1_int_1(sK0),sK0) <- (~165) [avatar component clause 1514] {a:1,w:4,wCS:400,nSel:1,goal:1,sine:255,thAx:0,allAx:3,thDist:-3}
1518. 166 <=> sK0 = k1_int_1(sK0) [avatar definition]
1520. sK0 = k1_int_1(sK0) <- (166) [avatar component clause 1518] {a:1,w:4,wCS:400,nSel:1,goal:1,sine:255,thAx:0,allAx:3,thDist:-3}
1741. ~v1_xreal_0(sK0) <- (~159) [resolution 912,1394] {a:2,w:2,wCS:200,goal:1,sine:1,thAx:0,allAx:5,thDist:-5}
1746. $false <- (3, ~159) [subsumption resolution 1741,408] {a:2,w:0,goal:1,sine:1,thAx:0,allAx:5,thDist:-5}
1747. ~3 | 159 [avatar contradiction clause 1746]
1781. ~v1_xreal_0(sK0) <- (~165) [resolution 1516,1347] {a:2,w:2,wCS:200,goal:1,sine:1,thAx:0,allAx:4,thDist:-4}
1786. $false <- (3, ~165) [subsumption resolution 1781,408] {a:2,w:0,goal:1,sine:1,thAx:0,allAx:4,thDist:-4}
1787. ~3 | 165 [avatar contradiction clause 1786]
1789. sK0 = k1_int_1(sK0) | ~r1_xxreal_0(sK0,k1_int_1(sK0)) | ~v1_xxreal_0(k1_int_1(sK0)) | ~v1_xxreal_0(sK0) <- (165) [resolution 1515,309] {a:2,w:13,wCS:1300,goal:1,sine:2,thAx:0,allAx:4,thDist:-4}
1794. r1_xxreal_0(sK0,sK0) | ~v1_int_1(sK0) <- (165) [superposition 1515,1145] {a:2,w:5,wCS:500,goal:1,sine:1,thAx:0,allAx:4,thDist:-4}
1814. sK0 != sK0 | v1_int_1(sK0) | ~v1_xreal_0(sK0) <- (166) [superposition 292,1520] {a:2,w:7,wCS:700,goal:1,sine:1,thAx:0,allAx:4,thDist:-4}
1818. v1_int_1(sK0) | ~v1_xreal_0(sK0) <- (166) [trivial inequality removal 1814] {a:2,w:4,wCS:400,goal:1,sine:1,thAx:0,allAx:4,thDist:-4}
1823. ~v1_xreal_0(sK0) <- (~1, 166) [subsumption resolution 1818,397] {a:2,w:2,wCS:200,goal:1,sine:1,thAx:0,allAx:4,thDist:-4}
1824. $false <- (~1, 3, 166) [subsumption resolution 1823,408] {a:2,w:0,goal:1,sine:1,thAx:0,allAx:4,thDist:-4}
1825. 1 | ~3 | ~166 [avatar contradiction clause 1824]
1829. 196 <=> r1_xxreal_0(sK0,sK0) [avatar definition]
1832. ~1 | 196 | ~165 [avatar split clause 1794,1514,1829,396]
1833. sK0 = k1_int_1(sK0) | ~r1_xxreal_0(sK0,k1_int_1(sK0)) | ~v1_xxreal_0(k1_int_1(sK0)) <- (82, 165) [subsumption resolution 1789,842] {a:2,w:11,wCS:1100,goal:1,sine:2,thAx:0,allAx:4,thDist:-4}
1834. ~164 | ~2 | 166 | ~82 | ~165 [avatar split clause 1833,1514,840,1518,400,1510]
1836. v1_xxreal_0(k1_int_1(sK0)) <- (159) [resolution 1393,289] {a:2,w:3,wCS:300,goal:1,sine:2,thAx:0,allAx:4,thDist:-4}
1838. 164 | ~159 [avatar split clause 1836,1392,1510]
1841. ~r1_xxreal_0(sK0,sK0) | ~v1_int_1(sK0) <- (~2) [superposition 401,1145] {a:1,w:5,wCS:500,goal:1,sine:1,thAx:0,allAx:3,thDist:-3}
1848. ~r1_xxreal_0(sK0,sK0) <- (1, ~2) [subsumption resolution 1841,398] {a:1,w:3,wCS:300,goal:1,sine:1,thAx:0,allAx:3,thDist:-3}
1849. ~196 | ~1 | 2 [avatar split clause 1848,400,396,1829]
1850. $false [avatar sat refutation 403,404,409,843,1747,1787,1825,1832,1834,1838,1849] {a:0,w:0,goal:1,sine:0,thAx:0,allAx:1095,thDist:-1095}
% SZS output end Proof for int_1__t26_int_1
% ------------------------------
% Version: Vampire 4.5.1 (commit 226f88162 on 2021-09-12 20:13:44 +0200)
% Termination reason: Refutation

% >>> Input
% Input formulas: 100
% >>> Preprocessing
% Introduced skolems: 19
% Pure predicates: 3
% Unused predicate definitions: 1
% 
% >>> Saturation
% Initial clauses: 136
% Generated clauses: 789
% Active clauses: 214
% Passive clauses: 325
% Final active clauses: 192
% Final passive clauses: 95
% Main loop iterations started: 230
% 
% >>> Simplifying Inferences
% Duplicate literals: 48
% Trivial inequalities: 2
% Fw subsumption resolutions: 83
% Fw demodulations: 2
% Bw demodulations: 10
% 
% >>> Deletion Inferences
% Simple tautologies: 27
% Equational tautologies: 3
% Forward subsumptions: 105
% 
% >>> Generating Inferences
% Binary resolution: 274
% Unit resulting resolution: 4
% Factoring: 1
% Forward superposition: 28
% Backward superposition: 17
% Self superposition: 2
% 
% >>> AVATAR
% Split clauses: 34
% Split components: 82
% Sat splitting refutations: 10
% 
% >>> SAT Solver Statistics
% SAT solver clauses: 221
% SAT solver unit clauses: 54
% SAT solver binary clauses: 103
% 
% Memory used [KB]: 6140
% Time elapsed: 0.006 s
% ------------------------------
% ------------------------------
% Time measurement results:
% preprocessing: 0.001 s
% backward subsumption index maintenance: 0.001 s
% unit resulting resolution: 0.001 s
% other: 0.006 s ( own 0.003 s ) 

