i: [1,426,0,2,1,1,0,0] t9_ec_pf_2
a: [3,735,0,2,1,426]
s: 735
i: [1,425,0,2,1,1,0,0] t9_ec_pf_2
a: [3,740,0,2,1,425]
s: 740
i: [1,424,0,2,1,1,0,0] t9_ec_pf_2
a: [3,745,0,2,1,424]
s: 745
i: [1,423,0,2,1,1,0,0] t9_ec_pf_2
a: [3,750,0,2,1,423]
s: 750
i: [1,422,0,2,1,1,0,0] t9_ec_pf_2
a: [3,755,0,2,1,422]
s: 755
i: [1,421,0,2,1,1,0,0] t9_ec_pf_2
a: [3,760,0,2,1,421]
s: 760
i: [1,420,0,2,1,1,0,0] t9_ec_pf_2
a: [3,765,0,2,1,420]
s: 765
i: [1,419,0,2,1,1,0,0] t9_ec_pf_2
a: [3,770,0,2,1,419]
s: 770
i: [1,418,0,2,1,1,0,0] t9_ec_pf_2
a: [3,775,0,2,1,418]
s: 775
i: [1,417,0,2,1,1,0,0] t9_ec_pf_2
a: [3,780,0,2,1,417]
s: 780
i: [1,416,0,2,1,1,0,0] t9_ec_pf_2
a: [3,785,0,2,1,416]
s: 785
i: [1,415,0,2,1,1,0,0] t9_ec_pf_2
a: [3,790,0,2,1,415]
s: 790
i: [1,432,0,4,1,1,0,0] t9_ec_pf_2
a: [3,705,0,4,1,432]
s: 705
i: [1,431,0,4,1,1,0,0] t9_ec_pf_2
a: [3,710,0,4,1,431]
s: 710
i: [1,430,0,4,1,1,0,0] t9_ec_pf_2
a: [3,715,0,4,1,430]
s: 715
i: [1,429,0,4,1,1,0,0] t9_ec_pf_2
a: [3,720,0,4,1,429]
s: 720
i: [1,428,0,4,1,1,0,0] t9_ec_pf_2
a: [3,725,0,4,1,428]
s: 725
i: [1,427,0,4,1,1,0,0] t9_ec_pf_2
a: [3,730,0,4,1,427]
s: 730
i: [1,434,0,2,1,0,0,255] spc1_boole
a: [3,795,0,2,1,434]
s: 795
i: [1,435,0,2,1,0,0,255] fc1_xboole_0
a: [3,800,0,2,1,435]
s: 800
i: [1,440,0,2,1,0,0,255] fc6_ordinal1
a: [3,820,0,2,1,440]
s: 820
i: [1,439,0,2,1,0,0,255] fc6_ordinal1
a: [3,825,0,2,1,439]
s: 825
i: [1,651,0,2,1,0,0,2] rc2_xboole_0
a: [3,845,0,2,1,651]
s: 845
i: [1,652,0,2,1,0,0,2] existence_l4_struct_0
a: [3,850,0,2,1,652]
s: 850
i: [1,653,0,2,1,0,0,2] existence_l2_algstr_0
a: [3,855,0,2,1,653]
s: 855
i: [1,654,0,2,1,0,0,1] existence_l6_algstr_0
a: [3,860,0,2,1,654]
s: 860
i: [1,655,0,2,1,0,0,2] existence_l1_algstr_0
a: [3,865,0,2,1,655]
s: 865
i: [1,656,0,2,1,0,0,3] existence_l3_struct_0
a: [3,870,0,2,1,656]
s: 870
i: [1,657,0,2,1,0,0,4] existence_l3_algstr_0
a: [3,875,0,2,1,657]
s: 875
i: [1,658,0,2,1,0,0,3] existence_l5_algstr_0
a: [3,880,0,2,1,658]
s: 880
i: [1,659,0,2,1,0,0,255] rc4_ordinal1
a: [3,885,0,2,1,659]
s: 885
i: [1,660,0,2,1,0,0,3] existence_l2_struct_0
a: [3,890,0,2,1,660]
s: 890
i: [1,661,0,2,1,0,0,2] existence_l4_algstr_0
a: [3,895,0,2,1,661]
s: 895
i: [1,662,0,2,1,0,0,2] existence_l1_struct_0
a: [3,900,0,2,1,662]
s: 900
i: [1,663,0,2,1,0,0,255] rc1_ordinal1
a: [3,905,0,2,1,663]
s: 905
i: [1,664,0,2,1,0,0,2] rc1_xboole_0
a: [3,910,0,2,1,664]
s: 910
i: [1,668,0,2,1,0,0,255] rc2_ordinal1
a: [3,915,0,2,1,668]
s: 915
i: [1,667,0,2,1,0,0,255] rc2_ordinal1
a: [3,920,0,2,1,667]
s: 920
i: [1,666,0,2,1,0,0,255] rc2_ordinal1
a: [3,925,0,2,1,666]
s: 925
i: [1,665,0,2,1,0,0,255] rc2_ordinal1
a: [3,930,0,2,1,665]
s: 930
i: [1,670,0,2,1,0,0,255] rc5_ordinal1
a: [3,935,0,2,1,670]
s: 935
i: [1,669,0,2,1,0,0,255] rc5_ordinal1
a: [3,940,0,2,1,669]
s: 940
i: [1,672,0,2,1,0,0,255] rc1_relat_1
a: [3,945,0,2,1,672]
s: 945
i: [1,671,0,2,1,0,0,255] rc1_relat_1
a: [3,950,0,2,1,671]
s: 950
i: [1,676,0,2,1,0,0,4] rc3_vectsp_1
a: [3,955,0,2,1,676]
s: 955
i: [1,675,0,2,1,0,0,4] rc3_vectsp_1
a: [3,960,0,2,1,675]
s: 960
i: [1,674,0,2,1,0,0,4] rc3_vectsp_1
a: [3,965,0,2,1,674]
s: 965
i: [1,673,0,2,1,0,0,4] rc3_vectsp_1
a: [3,970,0,2,1,673]
s: 970
i: [1,679,0,2,1,0,0,3] rc2_vectsp_1
a: [3,975,0,2,1,679]
s: 975
i: [1,678,0,2,1,0,0,3] rc2_vectsp_1
a: [3,980,0,2,1,678]
s: 980
i: [1,677,0,2,1,0,0,3] rc2_vectsp_1
a: [3,985,0,2,1,677]
s: 985
i: [1,683,0,2,1,0,0,255] rc4_vectsp_1
a: [3,990,0,2,1,683]
s: 990
i: [1,682,0,2,1,0,0,255] rc4_vectsp_1
a: [3,995,0,2,1,682]
s: 995
i: [1,681,0,2,1,0,0,255] rc4_vectsp_1
a: [3,1000,0,2,1,681]
s: 1000
i: [1,680,0,2,1,0,0,255] rc4_vectsp_1
a: [3,1005,0,2,1,680]
s: 1005
i: [1,686,0,2,1,0,0,1] rc11_vectsp_1
a: [3,1010,0,2,1,686]
s: 1010
i: [1,685,0,2,1,0,0,1] rc11_vectsp_1
a: [3,1015,0,2,1,685]
s: 1015
i: [1,684,0,2,1,0,0,1] rc11_vectsp_1
a: [3,1020,0,2,1,684]
s: 1020
i: [1,689,0,2,1,0,0,3] rc20_struct_0
a: [3,1025,0,2,1,689]
s: 1025
i: [1,688,0,2,1,0,0,3] rc20_struct_0
a: [3,1030,0,2,1,688]
s: 1030
i: [1,687,0,2,1,0,0,3] rc20_struct_0
a: [3,1035,0,2,1,687]
s: 1035
i: [1,690,0,2,1,0,0,255] rc2_relat_1
a: [3,1040,0,2,1,690]
s: 1040
i: [1,691,0,2,1,0,0,255] rc4_xreal_0
a: [3,1045,0,2,1,691]
s: 1045
i: [1,444,0,3,1,0,0,2] fc1_subset_1
s: 444
i: [1,634,0,3,1,0,0,2] rc2_subset_1
s: 634
i: [1,637,0,3,1,0,0,255] reflexivity_r1_tarski
s: 637
i: [1,436,0,3,1,0,0,255] redefinition_k5_numbers
a: [3,805,0,3,1,436]
s: 805
i: [1,437,0,3,1,0,0,255] t1_numerals
a: [3,810,0,3,1,437]
s: 810
i: [1,443,0,3,1,0,0,255] spc1_numerals
a: [3,830,0,3,1,443]
s: 830
i: [1,442,0,3,1,0,0,255] spc1_numerals
a: [3,835,0,3,1,442]
s: 835
i: [1,692,0,3,1,0,0,255] rc1_int_1
a: [3,1050,0,3,1,692]
s: 1050
d: [2,1052,0,3,1,2,22,835,805]
a: [3,1056,0,3,1,1052]
s: 1056
i: [1,457,0,4,2,0,0,2] dt_l4_struct_0
s: 457
d: [2,1058,1,2,1,1,40,457,850]
a: [3,1062,1,2,1,1058]
s: 1062
i: [1,458,0,4,2,0,0,2] dt_l4_struct_0
s: 458
i: [1,460,0,4,2,0,0,2] dt_l2_algstr_0
s: 460
d: [2,1064,1,2,1,1,40,458,850]
a: [3,1068,1,2,1,1064]
s: 1068
i: [1,461,0,4,2,0,0,2] dt_l2_algstr_0
s: 461
d: [2,1070,1,2,1,1,40,460,855]
a: [3,1074,1,2,1,1070]
s: 1074
i: [1,462,0,4,2,0,0,2] dt_l6_algstr_0
s: 462
i: [1,463,0,4,2,0,0,2] dt_l6_algstr_0
s: 463
d: [2,1082,1,2,1,1,40,462,735]
a: [3,1087,1,2,1,1082]
s: 1087
i: [1,470,0,4,2,0,0,2] dt_l1_algstr_0
s: 470
d: [2,1094,1,2,1,1,40,463,735]
a: [3,1099,1,2,1,1094]
s: 1099
i: [1,475,0,4,2,0,0,3] dt_l3_struct_0
s: 475
i: [1,476,0,4,2,0,0,4] dt_l3_algstr_0
s: 476
d: [2,1106,2,2,1,1,40,1087,461]
a: [3,1111,2,2,1,1106]
s: 1111
i: [1,477,0,4,2,0,0,2] dt_l5_algstr_0
s: 477
d: [2,1107,2,2,1,1,40,1087,460]
a: [3,1116,2,2,1,1107]
s: 1116
i: [1,478,0,4,2,0,0,2] dt_l5_algstr_0
s: 478
i: [1,479,0,4,2,0,0,255] cc6_ordinal1
s: 479
d: [2,1156,2,2,1,1,40,477,1099]
a: [3,1170,2,2,1,1156]
s: 1170
i: [1,480,0,4,2,0,0,3] dt_l2_struct_0
s: 480
d: [2,1174,2,2,1,1,40,478,1099]
a: [3,1188,2,2,1,1174]
s: 1188
i: [1,483,0,4,2,0,0,3] dt_l4_algstr_0
s: 483
i: [1,484,0,4,2,0,0,3] dt_l4_algstr_0
s: 484
d: [2,1148,3,2,1,1,40,1111,470]
a: [3,1152,3,2,1,1148]
s: 1152
i: [1,509,0,4,2,0,0,255] cc1_ordinal1
s: 509
d: [2,1224,3,2,1,1,40,1188,458]
a: [3,1229,3,2,1,1224]
s: 1229
i: [1,510,0,4,2,0,0,255] cc1_ordinal1
s: 510
i: [1,513,0,4,2,0,0,255] cc9_ordinal1
s: 513
d: [2,1251,3,2,1,1,40,484,1170]
a: [3,1258,3,2,1,1251]
s: 1258
i: [1,514,0,4,2,0,0,255] cc7_ordinal1
s: 514
d: [2,1076,1,2,1,1,40,461,855]
a: [3,1080,1,2,1,1076]
s: 1080
i: [1,515,0,4,2,0,0,255] cc3_ordinal1
s: 515
i: [1,516,0,4,2,0,0,255] cc1_relat_1
s: 516
d: [2,1083,1,2,1,1,40,462,860]
a: [3,1092,1,2,1,1083]
s: 1092
i: [1,632,0,4,1,0,0,1] existence_m1_subset_1
s: 632
d: [2,1095,1,2,1,1,40,463,860]
a: [3,1104,1,2,1,1095]
s: 1104
i: [1,636,0,4,1,0,0,255] rc3_subset_1
s: 636
i: [1,638,0,4,1,0,0,255] fc6_relat_1
s: 638
d: [2,1118,1,2,1,1,40,470,865]
a: [3,1122,1,2,1,1118]
s: 1122
i: [1,438,0,4,1,0,0,255] dt_k5_numbers
a: [3,815,0,4,1,438]
s: 815
d: [2,1124,1,2,1,1,40,475,870]
a: [3,1129,1,2,1,1124]
s: 1129
i: [1,441,0,4,1,0,0,255] spc1_numerals
a: [3,840,0,4,1,441]
s: 840
d: [2,1405,0,4,1,2,22,815,805]
a: [3,1409,0,4,1,1405]
s: 1409
d: [2,1136,1,2,1,1,40,476,875]
a: [3,1141,1,2,1,1136]
s: 1141
d: [2,1411,0,4,1,2,22,840,805]
a: [3,1415,0,4,1,1411]
s: 1415
d: [2,1137,1,2,1,1,40,476,970]
a: [3,1146,1,2,1,1137]
s: 1146
i: [1,446,0,5,2,0,0,255] rc6_subset_1
s: 446
i: [1,450,0,5,2,0,0,2] rc1_subset_1
s: 450
d: [2,1154,1,2,1,1,40,477,880]
a: [3,1160,1,2,1,1154]
s: 1160
i: [1,452,0,5,2,0,0,255] rc5_subset_1
s: 452
d: [2,1155,1,2,1,1,40,477,985]
a: [3,1165,1,2,1,1155]
s: 1165
i: [1,453,0,5,2,0,0,255] rc5_subset_1
s: 453
i: [1,471,0,5,2,0,0,255] dt_u1_algstr_0
s: 471
d: [2,1172,1,2,1,1,40,478,880]
a: [3,1178,1,2,1,1172]
s: 1178
i: [1,517,0,5,2,0,0,255] t6_boole
s: 517
d: [2,1173,1,2,1,1,40,478,985]
a: [3,1183,1,2,1,1173]
s: 1183
i: [1,520,0,5,2,0,0,255] cc8_ordinal1
s: 520
i: [1,629,0,5,2,0,0,255] t7_boole
s: 629
d: [2,1190,1,2,1,1,40,479,885]
a: [3,1195,1,2,1,1190]
s: 1195
i: [1,633,0,5,1,0,0,2] rc2_subset_1
s: 633
d: [2,1191,1,2,1,1,40,479,935]
a: [3,1200,1,2,1,1191]
s: 1200
i: [1,635,0,5,1,0,0,255] rc3_subset_1
s: 635
i: [1,455,0,6,2,0,0,255] rc4_subset_1
s: 455
d: [2,1205,1,2,1,1,40,480,890]
a: [3,1217,1,2,1,1205]
s: 1217
i: [1,459,0,6,3,0,0,1] cc3_struct_0
s: 459
d: [2,1498,3,4,2,1,40,459,1188]
d: [2,1502,3,2,1,2,21,1498,785]
a: [3,1506,3,2,1,1502]
s: 1506
i: [1,481,0,6,2,0,0,2] fc10_struct_0
s: 481
i: [1,493,0,6,2,0,0,3] rc17_struct_0
s: 493
d: [2,1206,1,2,1,1,40,480,1035]
a: [3,1222,1,2,1,1206]
s: 1222
i: [1,495,0,6,3,0,0,255] cc7_struct_0
s: 495
d: [2,1232,1,2,1,1,40,483,895]
a: [3,1239,1,2,1,1232]
s: 1239
i: [1,496,0,6,3,0,0,255] cc5_struct_0
s: 496
i: [1,498,0,6,3,0,0,2] cc2_struct_0
s: 498
d: [2,1233,1,2,1,1,40,483,1005]
a: [3,1244,1,2,1,1233]
s: 1244
i: [1,499,0,6,3,0,0,2] cc17_struct_0
s: 499
d: [2,1234,1,2,1,1,40,483,1020]
a: [3,1249,1,2,1,1234]
s: 1249
i: [1,500,0,6,3,0,0,255] cc6_struct_0
s: 500
i: [1,501,0,6,3,0,0,2] cc1_struct_0
s: 501
d: [2,1252,1,2,1,1,40,484,895]
a: [3,1263,1,2,1,1252]
s: 1263
i: [1,504,0,6,3,0,0,255] cc4_struct_0
s: 504
d: [2,1253,1,2,1,1,40,484,1005]
a: [3,1268,1,2,1,1253]
s: 1268
i: [1,619,0,6,3,0,0,255] cc2_ordinal1
s: 619
i: [1,625,0,6,2,0,0,255] t1_subset
s: 625
d: [2,1254,1,2,1,1,40,484,1020]
a: [3,1273,1,2,1,1254]
s: 1273
i: [1,639,0,6,2,0,0,255] antisymmetry_r2_hidden
s: 639
d: [2,1275,1,2,1,1,40,509,820]
a: [3,1281,1,2,1,1275]
s: 1281
i: [1,445,0,7,2,0,0,255] rc6_subset_1
s: 445
i: [1,449,0,7,2,0,0,2] rc1_subset_1
s: 449
d: [2,1276,1,2,1,1,40,509,905]
a: [3,1286,1,2,1,1276]
s: 1286
i: [1,451,0,7,2,0,0,255] rc5_subset_1
s: 451
d: [2,1289,1,2,1,1,40,510,820]
a: [3,1295,1,2,1,1289]
s: 1295
i: [1,454,0,7,2,0,0,255] rc4_subset_1
s: 454
i: [1,482,0,7,2,0,0,2] dt_k4_struct_0
s: 482
d: [2,1290,1,2,1,1,40,510,905]
a: [3,1300,1,2,1,1290]
s: 1300
i: [1,492,0,7,2,0,0,3] rc17_struct_0
s: 492
d: [2,1302,1,2,1,1,40,513,800]
a: [3,1309,1,2,1,1302]
s: 1309
i: [1,502,0,7,3,0,0,255] cc8_struct_0
s: 502
i: [1,505,0,7,3,0,0,255] cc9_struct_0
s: 505
d: [2,1304,1,2,1,1,40,513,910]
a: [3,1314,1,2,1,1304]
s: 1314
i: [1,506,0,7,3,0,0,255] cc11_struct_0
s: 506
d: [2,1305,1,2,1,1,40,513,1045]
a: [3,1319,1,2,1,1305]
s: 1319
i: [1,507,0,7,3,0,0,255] cc11_struct_0
s: 507
i: [1,511,0,7,3,0,0,255] cc5_ordinal1
s: 511
d: [2,1661,1,5,2,1,40,511,730]
a: [3,1683,1,3,1,1661]
s: 1683
i: [1,521,0,7,3,0,0,255] fc9_struct_0
s: 521
d: [2,1322,1,2,1,1,40,514,800]
a: [3,1329,1,2,1,1322]
s: 1329
i: [1,524,0,7,3,0,0,255] fc6_struct_0
s: 524
i: [1,526,0,7,3,0,0,255] rc22_struct_0
s: 526
d: [2,1324,1,2,1,1,40,514,910]
a: [3,1334,1,2,1,1324]
s: 1334
i: [1,613,0,7,3,0,0,1] fc2_struct_0
s: 613
d: [2,1325,1,2,1,1,40,514,1045]
a: [3,1339,1,2,1,1325]
s: 1339
i: [1,615,0,7,3,0,0,1] rc4_struct_0
s: 615
i: [1,617,0,7,3,0,0,255] rc21_struct_0
s: 617
d: [2,1343,1,2,1,1,40,515,800]
a: [3,1350,1,2,1,1343]
s: 1350
i: [1,618,0,7,3,0,0,255] rc21_struct_0
s: 618
d: [2,1345,1,2,1,1,40,515,910]
a: [3,1355,1,2,1,1345]
s: 1355
i: [1,620,0,7,3,0,0,255] fc8_struct_0
s: 620
i: [1,621,0,7,3,0,0,255] fc7_struct_0
s: 621
d: [2,1346,1,2,1,1,40,515,1045]
a: [3,1360,1,2,1,1346]
s: 1360
i: [1,622,0,7,3,0,0,1] fc1_struct_0
s: 622
d: [2,1362,1,2,1,1,40,516,800]
a: [3,1369,1,2,1,1362]
s: 1369
i: [1,627,0,7,2,0,0,255] t3_subset
s: 627
i: [1,628,0,7,3,0,0,1] t8_boole
s: 628
d: [2,1364,1,2,1,1,40,516,910]
a: [3,1374,1,2,1,1364]
s: 1374
i: [1,456,0,8,3,0,0,255] cc10_ordinal1
s: 456
d: [2,1365,1,2,1,1,40,516,1045]
a: [3,1379,1,2,1,1365]
s: 1379
i: [1,468,0,8,4,0,0,255] cc1_vectsp_1
s: 468
i: [1,469,0,8,4,0,0,255] cc1_vectsp_1
s: 469
d: [2,1806,1,6,3,1,40,468,735]
d: [2,1808,1,4,2,2,21,1806,740]
d: [2,1809,1,2,1,3,21,1808,790]
a: [3,1813,1,2,1,1809]
s: 1813
i: [1,489,0,8,4,0,0,255] cc3_vectsp_1
s: 489
d: [2,1828,1,6,3,1,40,469,735]
d: [2,1830,1,4,2,2,21,1828,740]
d: [2,1831,1,2,1,3,21,1830,790]
a: [3,1835,1,2,1,1831]
s: 1835
i: [1,490,0,8,4,0,0,255] cc3_vectsp_1
s: 490
i: [1,494,0,8,3,0,0,255] cc5_subset_1
s: 494
d: [2,1842,3,6,3,1,40,489,1170]
d: [2,1848,3,4,2,2,21,1842,745]
d: [2,1849,3,2,1,3,21,1848,790]
a: [3,1853,3,2,1,1849]
s: 1853
i: [1,512,0,8,3,0,0,255] cc2_relat_1
s: 512
d: [2,1905,3,6,3,1,40,490,1170]
d: [2,1911,3,4,2,2,21,1905,745]
d: [2,1912,3,2,1,3,21,1911,790]
a: [3,1916,3,2,1,1912]
s: 1916
i: [1,518,0,8,3,0,0,2] cc1_subset_1
s: 518
i: [1,523,0,8,3,0,0,3] rc19_struct_0
s: 523
d: [2,1461,1,2,1,1,40,520,1056]
a: [3,1467,1,2,1,1461]
s: 1467
i: [1,626,0,8,3,0,0,255] t2_subset
s: 626
d: [2,2002,1,7,2,1,40,626,730]
a: [3,2029,1,3,1,2002]
s: 2029
d: [2,2091,4,0,0,3,52,790,1152,2029,613]
e: 2091
d: [2,2092,2,0,0,2,52,1683,2029,515]
e: 2092
d: [2,2093,2,4,2,1,40,2029,613]
d: [2,2100,2,2,1,2,21,2093,1152]
d: [2,2101,2,0,0,3,21,2100,790]
e: 2101
d: [2,2095,2,3,1,1,40,2029,515]
d: [2,2103,2,0,0,2,21,2095,1683]
e: 2103
r: 2029
i: [1,640,0,8,3,0,0,255] fc10_subset_1
s: 640
i: [1,433,0,33,1,1,0,0] t9_ec_pf_2
a: [3,700,0,33,1,433]
s: 700
a: [3,2028,1,3,1,2002]
s: 2028
i: [1,508,0,9,4,0,0,255] cc10_struct_0
s: 508
a: [3,2025,1,4,1,2002]
s: 2025
i: [1,519,0,9,3,0,0,255] cc4_subset_1
s: 519
i: [1,522,0,9,3,0,0,3] rc19_struct_0
s: 522
d: [2,2003,1,7,2,1,40,626,725]
a: [3,2034,1,4,1,2003]
s: 2034
i: [1,631,0,9,3,0,0,255] t5_subset
s: 631
d: [2,2004,1,7,2,1,40,626,720]
a: [3,2039,1,4,1,2004]
s: 2039
i: [1,465,0,10,5,0,0,255] cc2_vectsp_1
s: 465
i: [1,487,0,10,5,0,0,255] cc6_vectsp_1
s: 487
d: [2,2005,1,7,2,1,40,626,715]
a: [3,2044,1,4,1,2005]
s: 2044
i: [1,525,0,10,3,0,0,255] rc22_struct_0
s: 525
d: [2,2006,1,7,2,1,40,626,710]
a: [3,2049,1,4,1,2006]
s: 2049
i: [1,614,0,10,3,0,0,1] rc4_struct_0
s: 614
i: [1,616,0,10,3,0,0,255] rc21_struct_0
s: 616
d: [2,2007,1,7,2,1,40,626,705]
a: [3,2054,1,4,1,2007]
s: 2054
i: [1,630,0,10,3,0,0,255] t4_subset
s: 630
d: [2,2110,2,4,1,1,40,2025,639]
a: [3,2116,2,4,1,2110]
s: 2116
i: [1,447,0,11,4,0,0,255] cc3_subset_1
s: 447
i: [1,448,0,11,4,0,0,255] cc2_subset_1
s: 448
d: [2,2134,2,4,1,1,40,2034,639]
a: [3,2140,2,4,1,2134]
s: 2140
i: [1,472,0,12,2,0,0,255] dt_u1_algstr_0
s: 472
d: [2,2155,2,4,1,1,40,2039,639]
a: [3,2161,2,4,1,2155]
s: 2161
i: [1,473,0,14,2,0,0,255] dt_u1_algstr_0
s: 473
i: [1,644,0,14,4,0,0,255] existence_m2_subset_1
s: 644
d: [2,2165,2,4,1,1,40,2044,639]
a: [3,2171,2,4,1,2165]
s: 2171
d: [2,2257,0,12,3,0,21,644,518]
s: 2257
d: [2,2182,2,4,1,1,40,2049,639]
a: [3,2188,2,4,1,2182]
s: 2188
i: [1,641,0,15,5,0,0,255] dt_m2_subset_1
s: 641
d: [2,2258,0,13,4,0,21,641,518]
s: 2258
d: [2,2208,2,4,1,1,40,2054,639]
a: [3,2214,2,4,1,2208]
s: 2214
i: [1,642,0,15,5,0,0,255] redefinition_m2_subset_1
s: 642
d: [2,1499,1,4,2,1,40,459,850]
a: [3,1511,1,2,1,1499]
s: 1511
d: [2,2262,0,13,4,0,21,642,518]
s: 2262
i: [1,643,0,15,5,0,0,255] redefinition_m2_subset_1
s: 643
d: [2,1535,1,4,2,1,40,495,1025]
d: [2,1536,1,2,1,2,21,1535,1222]
a: [3,1540,1,2,1,1536]
s: 1540
d: [2,2266,0,13,4,0,21,643,518]
s: 2266
d: [2,1553,1,4,2,1,40,496,900]
a: [3,1595,1,2,1,1553]
s: 1595
i: [1,648,0,17,4,0,0,2] dt_k1_algstr_0
s: 648
i: [1,645,0,19,5,0,0,1] dt_k3_rlvect_1
s: 645
d: [2,1676,1,4,2,1,40,511,830]
a: [3,1717,1,2,1,1676]
s: 1717
i: [1,530,0,24,9,0,0,1] t7_algstr_1
d: [2,694,0,20,7,0,18,530]
s: 694
a: [3,1721,1,2,1,1676]
s: 1721
i: [1,549,0,21,6,0,0,1] t7_algstr_1
s: 549
i: [1,553,0,21,6,0,0,1] t7_algstr_1
s: 553
d: [2,1789,1,4,2,1,40,456,1409]
a: [3,1800,1,2,1,1789]
s: 1800
i: [1,557,0,21,6,0,0,1] t7_algstr_1
s: 557
d: [2,1807,1,6,3,1,40,468,860]
a: [3,1826,1,2,1,1807]
s: 1826
i: [1,565,0,21,6,0,0,1] t7_algstr_1
s: 565
i: [1,569,0,21,6,0,0,1] t7_algstr_1
s: 569
d: [2,1844,1,6,3,1,40,489,895]
a: [3,1879,1,2,1,1844]
s: 1879
i: [1,573,0,21,6,0,0,1] t7_algstr_1
s: 573
d: [2,1846,1,6,3,1,40,489,1005]
d: [2,1888,1,4,2,2,21,1846,1000]
a: [3,1896,1,2,1,1888]
s: 1896
i: [1,581,0,21,6,0,0,1] t7_algstr_1
s: 581
i: [1,585,0,21,6,0,0,1] t7_algstr_1
s: 585
d: [2,1847,1,6,3,1,40,489,1020]
d: [2,1898,1,4,2,2,21,1847,1010]
d: [2,1899,1,2,1,3,21,1898,1015]
a: [3,1903,1,2,1,1899]
s: 1903
i: [1,589,0,21,6,0,0,1] t7_algstr_1
s: 589
d: [2,1910,1,6,3,1,40,490,1020]
d: [2,1941,1,4,2,2,21,1910,1010]
d: [2,1942,1,2,1,3,21,1941,1015]
a: [3,1946,1,2,1,1942]
s: 1946
i: [1,646,0,21,5,0,0,2] redefinition_k3_rlvect_1
s: 646
i: [1,647,0,21,5,0,0,1] commutativity_k3_rlvect_1
s: 647
d: [2,2324,1,48,5,1,44,700,647]
d: [2,2336,1,44,4,2,21,2324,720]
d: [2,2337,1,42,3,3,21,2336,1111]
d: [2,2338,1,40,2,4,21,2337,770]
a: [3,2342,1,7,1,2338]
s: 2342
d: [2,2400,3,0,0,5,52,770,1111,730,725,2342,645]
e: 2400
d: [2,2401,2,12,4,1,40,2342,645]
d: [2,2403,2,8,3,2,21,2401,725]
d: [2,2404,2,4,2,3,21,2403,730]
d: [2,2405,2,2,1,4,21,2404,1111]
d: [2,2406,2,0,0,5,21,2405,770]
e: 2406
r: 2342
i: [1,529,0,25,9,0,0,1] t7_algstr_1
d: [2,693,0,21,7,0,18,529]
s: 693
a: [3,2341,1,7,1,2338]
s: 2341
i: [1,474,0,22,4,0,0,255] d1_algstr_0
s: 474
i: [1,531,0,27,9,0,0,1] t7_algstr_1
d: [2,695,0,23,7,0,18,531]
s: 695
d: [2,2416,2,10,2,1,40,2341,626]
d: [2,2418,2,7,1,2,21,2416,2028]
a: [3,2422,2,7,1,2418]
s: 2422
i: [1,550,0,25,6,0,0,1] t7_algstr_1
s: 550
d: [2,2436,3,7,1,1,40,2422,639]
a: [3,2442,3,7,1,2436]
s: 2442
i: [1,554,0,25,6,0,0,1] t7_algstr_1
s: 554
i: [1,558,0,25,6,0,0,1] t7_algstr_1
s: 558
d: [2,1949,1,4,2,1,40,494,1409]
a: [3,1960,1,2,1,1949]
s: 1960
i: [1,566,0,25,6,0,0,1] t7_algstr_1
s: 566
d: [2,1967,1,4,2,1,40,512,1409]
a: [3,1978,1,2,1,1967]
s: 1978
i: [1,570,0,25,6,0,0,1] t7_algstr_1
s: 570
i: [1,574,0,25,6,0,0,1] t7_algstr_1
s: 574
d: [2,1985,1,4,2,1,40,518,1409]
d: [2,1993,1,2,1,2,21,1985,825]
a: [3,1997,1,2,1,1993]
s: 1997
i: [1,582,0,25,6,0,0,1] t7_algstr_1
s: 582
d: [2,1125,2,2,1,1,40,475,1068]
a: [3,1134,2,2,1,1125]
s: 1134
i: [1,586,0,25,6,0,0,1] t7_algstr_1
s: 586
i: [1,590,0,25,6,0,0,1] t7_algstr_1
s: 590
d: [2,1204,2,2,1,1,40,480,1074]
a: [3,1212,2,2,1,1204]
s: 1212
i: [1,551,0,28,7,0,0,1] t7_algstr_1
s: 551
d: [2,1381,2,2,1,1,40,1092,461]
a: [3,1386,2,2,1,1381]
s: 1386
i: [1,555,0,28,7,0,0,1] t7_algstr_1
s: 555
i: [1,559,0,28,7,0,0,1] t7_algstr_1
s: 559
d: [2,1382,2,2,1,1,40,1092,460]
a: [3,1391,2,2,1,1382]
s: 1391
i: [1,567,0,28,7,0,0,1] t7_algstr_1
s: 567
d: [2,1393,2,2,1,1,40,1104,478]
a: [3,1398,2,2,1,1393]
s: 1398
i: [1,571,0,28,7,0,0,1] t7_algstr_1
s: 571
i: [1,575,0,28,7,0,0,1] t7_algstr_1
s: 575
d: [2,1394,2,2,1,1,40,1104,477]
a: [3,1403,2,2,1,1394]
s: 1403
i: [1,583,0,28,7,0,0,1] t7_algstr_1
s: 583
d: [2,1417,2,2,1,1,40,1160,484]
a: [3,1422,2,2,1,1417]
s: 1422
i: [1,587,0,28,7,0,0,1] t7_algstr_1
s: 587
i: [1,591,0,28,7,0,0,1] t7_algstr_1
s: 591
d: [2,1418,2,2,1,1,40,1160,483]
a: [3,1427,2,2,1,1418]
s: 1427
i: [1,649,0,29,6,0,0,255] dt_k5_binop_1
s: 649
d: [2,1429,2,2,1,1,40,1165,484]
a: [3,1434,2,2,1,1429]
s: 1434
i: [1,552,0,32,7,0,0,1] t7_algstr_1
s: 552
i: [1,556,0,32,7,0,0,1] t7_algstr_1
s: 556
d: [2,1430,2,2,1,1,40,1165,483]
a: [3,1439,2,2,1,1430]
s: 1439
i: [1,560,0,32,7,0,0,1] t7_algstr_1
s: 560
d: [2,1442,2,2,1,1,40,1178,457]
a: [3,1447,2,2,1,1442]
s: 1447
i: [1,568,0,32,7,0,0,1] t7_algstr_1
s: 568
i: [1,572,0,32,7,0,0,1] t7_algstr_1
s: 572
d: [2,1453,2,2,1,1,40,1183,457]
a: [3,1458,2,2,1,1453]
s: 1458
i: [1,576,0,32,7,0,0,1] t7_algstr_1
s: 576
d: [2,1474,2,2,1,1,40,1195,510]
a: [3,1479,2,2,1,1474]
s: 1479
i: [1,584,0,32,7,0,0,1] t7_algstr_1
s: 584
i: [1,588,0,32,7,0,0,1] t7_algstr_1
s: 588
d: [2,1475,2,2,1,1,40,1195,509]
a: [3,1484,2,2,1,1475]
s: 1484
i: [1,592,0,32,7,0,0,1] t7_algstr_1
s: 592
d: [2,1486,2,2,1,1,40,1200,510]
a: [3,1491,2,2,1,1486]
s: 1491
i: [1,650,0,32,6,0,0,255] redefinition_k5_binop_1
s: 650
i: [1,561,0,37,6,0,0,1] t7_algstr_1
s: 561
d: [2,1487,2,2,1,1,40,1200,509]
a: [3,1496,2,2,1,1487]
s: 1496
i: [1,577,0,37,6,0,0,1] t7_algstr_1
s: 577
d: [2,1500,2,4,2,1,40,459,1178]
a: [3,1520,2,2,1,1500]
s: 1520
i: [1,593,0,37,6,0,0,1] t7_algstr_1
s: 593
i: [1,532,0,41,11,0,0,1] t7_algstr_1
d: [2,696,0,37,9,0,18,532]
s: 696
d: [2,1501,2,4,2,1,40,459,1183]
a: [3,1529,2,2,1,1501]
s: 1529
i: [1,562,0,41,6,0,0,1] t7_algstr_1
s: 562
d: [2,1542,2,2,1,1,40,1239,475]
a: [3,1546,2,2,1,1542]
s: 1546
i: [1,578,0,41,6,0,0,1] t7_algstr_1
s: 578
i: [1,594,0,41,6,0,0,1] t7_algstr_1
s: 594
a: [3,1874,1,2,1,1844]
s: 1874
i: [1,563,0,44,7,0,0,1] t7_algstr_1
s: 563
d: [2,1549,2,4,2,1,40,496,1122]
a: [3,1559,2,2,1,1549]
s: 1559
i: [1,579,0,44,7,0,0,1] t7_algstr_1
s: 579
i: [1,595,0,44,7,0,0,1] t7_algstr_1
s: 595
d: [2,1550,2,4,2,1,40,496,1129]
a: [3,1568,2,2,1,1550]
s: 1568
i: [1,564,0,48,7,0,0,1] t7_algstr_1
s: 564
d: [2,1551,2,4,2,1,40,496,1141]
a: [3,1577,2,2,1,1551]
s: 1577
i: [1,580,0,48,7,0,0,1] t7_algstr_1
s: 580
i: [1,596,0,48,7,0,0,1] t7_algstr_1
s: 596
d: [2,1552,2,4,2,1,40,496,1217]
a: [3,1586,2,2,1,1552]
s: 1586
i: [1,527,0,65,18,0,0,1] t8_ec_pf_2
s: 527
d: [2,1634,2,2,1,1,40,1244,475]
a: [3,1638,2,2,1,1634]
s: 1638
i: [1,528,0,71,18,0,0,1] t8_ec_pf_2
s: 528
d: [2,2325,1,51,5,1,44,700,647]
d: [2,2348,1,47,4,2,21,2325,715]
d: [2,2349,1,45,3,3,21,2348,1111]
d: [2,2350,1,43,2,4,21,2349,770]
a: [3,2354,1,10,1,2350]
s: 2354
d: [2,3060,3,0,0,5,52,770,1111,720,2341,2354,645]
e: 3060
d: [2,3061,2,15,4,1,40,2354,645]
d: [2,3065,2,11,3,2,21,3061,720]
d: [2,3066,2,4,2,3,21,3065,2341]
d: [2,3067,2,2,1,4,21,3066,1111]
d: [2,3068,2,0,0,5,21,3067,770]
e: 3068
r: 2354
d: [2,1640,2,2,1,1,40,1249,475]
a: [3,1644,2,2,1,1640]
s: 1644
a: [3,2353,1,10,1,2350]
s: 2353
d: [2,1739,2,2,1,1,40,1350,510]
a: [3,1745,2,2,1,1739]
s: 1745
d: [2,1303,1,3,1,0,40,513,634]
s: 1303
d: [2,1323,1,3,1,0,40,514,634]
s: 1323
d: [2,1740,2,2,1,1,40,1350,509]
a: [3,1750,2,2,1,1740]
s: 1750
d: [2,1344,1,3,1,0,40,515,634]
s: 1344
d: [2,1752,2,2,1,1,40,1355,510]
a: [3,1757,2,2,1,1752]
s: 1757
d: [2,1363,1,3,1,0,40,516,634]
s: 1363
d: [2,1462,1,3,1,0,40,520,632]
a: [3,1472,1,3,1,1462]
s: 1472
d: [2,1753,2,2,1,1,40,1355,509]
a: [3,1762,2,2,1,1753]
s: 1762
d: [2,2018,1,5,2,1,40,626,830]
a: [3,2072,1,3,1,2018]
s: 2072
d: [2,1768,2,2,1,1,40,1360,510]
a: [3,1773,2,2,1,1768]
s: 1773
d: [2,2019,1,5,2,1,40,626,1050]
a: [3,2077,1,3,1,2019]
s: 2077
d: [2,2020,1,5,2,1,40,626,810]
d: [2,2079,1,3,1,2,21,2020,825]
a: [3,2083,1,3,1,2079]
s: 2083
d: [2,1769,2,2,1,1,40,1360,509]
a: [3,1778,2,2,1,1769]
s: 1778
d: [2,2021,1,5,2,1,40,626,1056]
d: [2,2085,1,3,1,2,21,2021,825]
a: [3,2089,1,3,1,2085]
s: 2089
d: [2,1843,2,6,3,1,40,489,1160]
a: [3,1866,2,2,1,1843]
s: 1866
d: [2,2011,1,7,2,1,40,626,1409]
d: [2,2057,1,4,1,1,21,2011,444]
a: [3,2061,1,4,1,2057]
s: 2061
d: [2,1450,1,5,2,1,44,810,517]
s: 1450
d: [2,1845,2,6,3,1,40,489,1165]
d: [2,1881,2,4,2,2,21,1845,975]
d: [2,1882,2,2,1,3,21,1881,980]
a: [3,1886,2,2,1,1882]
s: 1886
d: [2,1660,1,5,2,0,40,511,632]
s: 1660
d: [2,1908,2,6,3,1,40,490,1165]
d: [2,1928,2,4,2,2,21,1908,975]
d: [2,1929,2,2,1,3,21,1928,980]
a: [3,1933,2,2,1,1929]
s: 1933
d: [2,1794,1,5,2,0,40,456,633]
s: 1794
d: [2,1795,1,5,2,0,40,456,635]
s: 1795
d: [2,2291,2,2,1,1,40,1721,510]
a: [3,2296,2,2,1,2291]
s: 2296
d: [2,1954,1,5,2,0,40,494,633]
s: 1954
d: [2,2292,2,2,1,1,40,1721,509]
a: [3,2301,2,2,1,2292]
s: 2301
d: [2,1955,1,5,2,0,40,494,635]
s: 1955
d: [2,1972,1,5,2,0,40,512,633]
s: 1972
d: [2,2479,3,4,2,1,40,1134,498]
d: [2,2481,3,2,1,2,21,2479,1511]
a: [3,2485,3,2,1,2481]
s: 2485
d: [2,1973,1,5,2,0,40,512,635]
s: 1973
d: [2,2502,3,4,2,1,40,1212,498]
a: [3,2507,3,2,1,2502]
s: 2507
d: [2,1991,1,5,2,0,40,518,635]
s: 1991
d: [2,2016,1,8,2,0,40,626,633]
d: [2,2067,1,5,1,0,21,2016,444]
s: 2067
d: [2,2526,3,2,1,1,40,1386,470]
a: [3,2530,3,2,1,2526]
s: 2530
a: [3,1821,1,2,1,1807]
s: 1821
d: [2,2558,3,4,2,1,40,1398,459]
a: [3,2564,3,2,1,2558]
s: 2564
d: [2,2017,1,8,2,0,40,626,635]
d: [2,2068,1,5,1,0,21,2017,444]
s: 2068
d: [2,2238,1,9,3,0,40,447,635]
d: [2,2244,1,5,2,0,21,2238,636]
s: 2244
d: [2,2559,3,2,1,1,40,1398,458]
a: [3,2573,3,2,1,2559]
s: 2573
d: [2,2248,1,14,3,0,40,473,512]
d: [2,2255,1,5,2,0,21,2248,638]
s: 2255
d: [2,2591,3,6,3,1,40,1403,490]
a: [3,2602,3,2,1,2591]
s: 2602
d: [2,1674,1,6,2,0,40,511,633]
s: 1674
d: [2,1675,1,6,2,0,40,511,635]
s: 1675
d: [2,2593,3,2,1,1,40,1403,484]
a: [3,2612,3,2,1,2593]
s: 2612
d: [2,1796,1,6,2,0,40,456,632]
s: 1796
d: [2,2623,3,2,1,1,40,1422,476]
a: [3,2627,3,2,1,2623]
s: 2627
d: [2,1956,1,6,2,0,40,494,632]
s: 1956
d: [2,1974,1,6,2,0,40,512,632]
s: 1974
a: [3,1861,2,2,1,1843]
s: 1861
d: [2,1992,1,6,2,0,40,518,632]
s: 1992
d: [2,2658,3,2,1,1,40,1434,476]
a: [3,2662,3,2,1,2658]
s: 2662
d: [2,2001,1,6,2,0,40,626,632]
s: 2001
d: [2,2124,1,6,2,0,40,519,633]
s: 2124
d: [2,3080,2,13,2,1,40,2353,626]
d: [2,3084,2,10,1,2,21,3080,2028]
a: [3,3088,2,10,1,3084]
s: 3088
d: [2,2148,1,6,2,0,40,631,633]
s: 2148
d: [2,3192,3,10,1,1,40,3088,639]
a: [3,3200,3,10,1,3192]
s: 3200
d: [2,2149,1,6,2,0,40,631,635]
s: 2149
d: [2,2217,1,6,2,1,40,630,1409]
s: 2217
d: [2,3195,3,25,5,1,44,3088,647]
d: [2,3202,3,18,4,2,21,3195,2341]
d: [2,3203,3,14,3,3,21,3202,720]
d: [2,3204,3,12,2,4,21,3203,1111]
d: [2,3205,3,10,1,5,21,3204,770]
a: [3,3209,3,10,1,3205]
s: 3209
d: [2,2237,1,9,3,0,40,447,633]
d: [2,2243,1,6,2,0,21,2237,634]
s: 2243
d: [2,3217,4,25,5,1,44,3200,647]
d: [2,3219,4,18,4,2,21,3217,2341]
d: [2,3220,4,14,3,3,21,3219,720]
d: [2,3221,4,12,2,4,21,3220,1111]
d: [2,3222,4,10,1,5,21,3221,770]
a: [3,3226,4,10,1,3222]
s: 3226
d: [2,1449,1,7,3,0,44,517,517]
s: 1449
d: [2,1781,1,7,3,0,40,622,516]
s: 1781
d: [2,3249,4,10,1,1,40,3209,625]
a: [3,3255,4,10,1,3249]
s: 3255
d: [2,1782,1,7,3,0,40,622,515]
s: 1782
d: [2,3092,2,3,1,0,40,1323,479]
s: 3092
d: [2,1783,1,7,3,0,40,622,514]
s: 1783
d: [2,1784,1,7,3,0,40,622,513]
s: 1784
d: [2,3094,2,3,1,0,40,1344,510]
s: 3094
d: [2,1788,1,7,3,0,40,456,627]
s: 1788
d: [2,3095,2,3,1,0,40,1344,509]
s: 3095
d: [2,1790,1,7,3,0,40,456,445]
s: 1790
d: [2,1791,1,7,3,0,40,456,449]
s: 1791
d: [2,3097,2,3,1,1,40,1472,479]
a: [3,3101,2,3,1,3097]
s: 3101
d: [2,1792,1,7,3,0,40,456,451]
s: 1792
d: [2,3103,2,3,1,1,40,2072,639]
a: [3,3109,2,3,1,3103]
s: 3109
d: [2,1793,1,7,3,0,40,456,454]
s: 1793
d: [2,1948,1,7,3,0,40,494,627]
s: 1948
d: [2,3112,2,3,1,1,40,2077,639]
a: [3,3118,2,3,1,3112]
s: 3118
d: [2,1951,1,7,3,0,40,494,449]
s: 1951
d: [2,3120,2,3,1,1,40,2083,639]
a: [3,3127,2,3,1,3120]
s: 3127
d: [2,1953,1,7,3,0,40,494,454]
s: 1953
d: [2,1966,1,7,3,0,40,512,627]
s: 1966
d: [2,3129,2,3,1,1,40,2089,639]
a: [3,3135,2,3,1,3129]
s: 3135
d: [2,1968,1,7,3,0,40,512,445]
s: 1968
d: [2,3234,2,3,1,2,40,2217,2083]
a: [3,3240,2,3,1,3234]
s: 3240
d: [2,1969,1,7,3,0,40,512,449]
s: 1969
d: [2,1970,1,7,3,0,40,512,451]
s: 1970
d: [2,3266,3,3,1,1,40,3101,510]
a: [3,3271,3,3,1,3266]
s: 3271
d: [2,1971,1,7,3,0,40,512,454]
s: 1971
d: [2,3267,3,3,1,1,40,3101,509]
a: [3,3276,3,3,1,3267]
s: 3276
d: [2,1984,1,7,3,0,40,518,627]
s: 1984
d: [2,1986,1,7,3,0,40,518,445]
s: 1986
d: [2,3281,3,5,2,1,40,3240,626]
d: [2,3284,3,3,1,2,21,3281,1997]
a: [3,3288,3,3,1,3284]
s: 3288
d: [2,2010,1,10,3,0,40,626,627]
d: [2,2056,1,7,2,0,21,2010,444]
s: 2056
d: [2,3296,4,3,1,1,40,3288,639]
a: [3,3303,4,3,1,3296]
s: 3303
d: [2,2012,1,10,3,0,40,626,445]
d: [2,2063,1,7,2,0,21,2012,444]
s: 2063
d: [2,2013,1,10,3,0,40,626,449]
d: [2,2064,1,7,2,0,21,2013,444]
s: 2064
d: [2,3137,2,4,1,1,40,2061,639]
a: [3,3143,2,4,1,3137]
s: 3143
d: [2,2014,1,10,3,0,40,626,451]
d: [2,2065,1,7,2,0,21,2014,444]
s: 2065
d: [2,3236,2,6,2,1,40,2217,2001]
d: [2,3242,2,4,1,2,21,3236,825]
a: [3,3246,2,4,1,3242]
s: 3246
d: [2,2015,1,10,3,0,40,626,454]
d: [2,2066,1,7,2,0,21,2015,444]
s: 2066
d: [2,2126,1,7,2,0,40,519,632]
s: 2126
d: [2,3091,3,4,2,1,44,1745,517]
s: 3091
d: [2,2150,1,7,2,0,40,631,632]
s: 2150
d: [2,3093,3,4,2,1,44,1750,517]
s: 3093
d: [2,2225,1,7,2,0,40,630,633]
s: 2225
d: [2,2226,1,7,2,0,40,630,635]
s: 2226
d: [2,3318,3,6,2,1,40,3246,626]
d: [2,3320,3,4,1,2,21,3318,1997]
a: [3,3324,3,4,1,3320]
s: 3324
d: [2,2268,1,9,3,1,40,2266,1409]
d: [2,2280,1,7,2,2,21,2268,825]
s: 2280
d: [2,3348,4,4,1,1,40,3324,639]
a: [3,3354,4,4,1,3348]
s: 3354
d: [2,1667,1,8,3,0,40,511,482]
s: 1667
d: [2,1668,1,8,3,0,40,511,492]
s: 1668
d: [2,3123,2,5,2,1,44,2083,517]
s: 3123
d: [2,1670,1,8,3,0,40,511,445]
s: 1670
d: [2,3146,2,7,3,1,40,1450,626]
d: [2,3148,2,5,2,2,21,3146,825]
s: 3148
d: [2,1671,1,8,3,0,40,511,449]
s: 1671
d: [2,1672,1,8,3,0,40,511,451]
s: 1672
d: [2,3149,2,5,2,0,40,1660,510]
s: 3149
d: [2,1673,1,8,3,0,40,511,454]
s: 1673
d: [2,3150,2,5,2,0,40,1660,509]
s: 3150
d: [2,1787,1,8,3,0,40,627,511]
s: 1787
d: [2,2118,1,8,3,0,40,519,627]
s: 2118
d: [2,3153,2,5,2,0,40,1991,516]
s: 3153
d: [2,2120,1,8,3,0,40,519,445]
s: 2120
d: [2,3154,2,5,2,0,40,1991,515]
s: 3154
d: [2,2142,1,8,3,0,40,631,627]
s: 2142
d: [2,2144,1,8,3,0,40,631,445]
s: 2144
d: [2,3155,2,5,2,0,40,1991,514]
s: 3155
d: [2,2227,1,8,2,0,40,630,632]
s: 2227
d: [2,3156,2,5,2,0,40,1991,513]
s: 3156
a: [3,2346,1,33,1,2338]
s: 2346
a: [3,2358,1,33,1,2350]
s: 2358
d: [2,3381,2,54,5,1,44,2346,647]
d: [2,3422,2,50,4,2,21,3381,710]
d: [2,3423,2,48,3,3,21,3422,1111]
d: [2,3424,2,46,2,4,21,3423,770]
a: [3,3428,2,13,1,3424]
s: 3428
d: [2,3567,5,0,0,5,52,770,1111,715,3255,3428,645]
e: 3567
d: [2,3568,3,18,4,1,40,3428,645]
d: [2,3572,3,14,3,2,21,3568,715]
d: [2,3573,3,4,2,3,21,3572,3255]
d: [2,3574,3,2,1,4,21,3573,1111]
d: [2,3575,3,0,0,5,21,3574,770]
e: 3575
r: 3428
d: [2,2326,1,54,5,1,44,700,647]
d: [2,2360,1,50,4,2,21,2326,710]
d: [2,2361,1,48,3,3,21,2360,1111]
d: [2,2362,1,46,2,4,21,2361,770]
a: [3,2370,1,33,1,2362]
s: 2370
a: [3,3427,2,13,1,3424]
s: 3427
d: [2,2327,1,57,5,1,44,700,647]
d: [2,2372,1,53,4,2,21,2327,705]
d: [2,2373,1,51,3,3,21,2372,1111]
d: [2,2374,1,49,2,4,21,2373,770]
a: [3,2382,1,33,1,2374]
s: 2382
d: [2,2884,1,77,18,1,44,700,527]
d: [2,2903,1,73,17,2,21,2884,715]
d: [2,2904,1,69,16,3,21,2903,720]
d: [2,2905,1,65,15,4,21,2904,725]
d: [2,2906,1,61,14,5,21,2905,730]
d: [2,2907,1,59,13,6,21,2906,735]
d: [2,2908,1,57,12,7,21,2907,740]
d: [2,2909,1,55,11,8,21,2908,745]
d: [2,2910,1,53,10,9,21,2909,750]
d: [2,2911,1,51,9,10,21,2910,755]
d: [2,2912,1,49,8,11,21,2911,760]
d: [2,2913,1,47,7,12,21,2912,765]
d: [2,2914,1,45,6,13,21,2913,770]
d: [2,2915,1,43,5,14,21,2914,775]
d: [2,2916,1,41,4,15,21,2915,780]
d: [2,2917,1,39,3,16,21,2916,785]
d: [2,2918,1,37,2,17,21,2917,790]
a: [3,2925,1,33,1,2918]
s: 2925
d: [2,3760,2,48,5,1,44,2925,647]
d: [2,3768,2,44,4,2,21,3760,715]
d: [2,3769,2,42,3,3,21,3768,1111]
d: [2,3770,2,40,2,4,21,3769,770]
a: [3,3774,2,7,1,3770]
s: 3774
d: [2,3828,3,0,0,5,52,770,1111,725,720,3774,645]
e: 3828
d: [2,3829,3,12,4,1,40,3774,645]
d: [2,3831,3,8,3,2,21,3829,720]
d: [2,3832,3,4,2,3,21,3831,725]
d: [2,3833,3,2,1,4,21,3832,1111]
d: [2,3834,3,0,0,5,21,3833,770]
e: 3834
r: 3774
d: [2,2885,1,80,18,1,44,700,527]
d: [2,2927,1,76,17,2,21,2885,710]
d: [2,2928,1,72,16,3,21,2927,715]
d: [2,2929,1,68,15,4,21,2928,720]
d: [2,2930,1,61,14,5,21,2929,2341]
d: [2,2931,1,59,13,6,21,2930,735]
d: [2,2932,1,57,12,7,21,2931,740]
d: [2,2933,1,55,11,8,21,2932,745]
d: [2,2934,1,53,10,9,21,2933,750]
d: [2,2935,1,51,9,10,21,2934,755]
d: [2,2936,1,49,8,11,21,2935,760]
d: [2,2937,1,47,7,12,21,2936,765]
d: [2,2938,1,45,6,13,21,2937,770]
d: [2,2939,1,43,5,14,21,2938,775]
d: [2,2940,1,41,4,15,21,2939,780]
d: [2,2941,1,39,3,16,21,2940,785]
d: [2,2942,1,37,2,17,21,2941,790]
a: [3,2946,1,33,1,2942]
s: 2946
a: [3,3773,2,7,1,3770]
s: 3773
d: [2,2886,1,83,18,1,44,700,527]
d: [2,2948,1,79,17,2,21,2886,705]
d: [2,2949,1,75,16,3,21,2948,710]
d: [2,2950,1,71,15,4,21,2949,715]
d: [2,2951,1,69,14,5,21,2950,735]
d: [2,2952,1,67,13,6,21,2951,740]
d: [2,2953,1,65,12,7,21,2952,745]
d: [2,2954,1,63,11,8,21,2953,750]
d: [2,2955,1,61,10,9,21,2954,755]
d: [2,2956,1,59,9,10,21,2955,760]
d: [2,2957,1,57,8,11,21,2956,765]
d: [2,2958,1,55,7,12,21,2957,770]
d: [2,2959,1,53,6,13,21,2958,775]
d: [2,2960,1,51,5,14,21,2959,780]
d: [2,2961,1,49,4,15,21,2960,785]
d: [2,2962,1,47,3,16,21,2961,790]
a: [3,2966,1,33,1,2962]
s: 2966
d: [2,2985,1,77,18,1,44,700,528]
d: [2,3016,1,73,17,2,21,2985,710]
d: [2,3017,1,69,16,3,21,3016,715]
d: [2,3018,1,65,15,4,21,3017,720]
d: [2,3019,1,61,14,5,21,3018,725]
d: [2,3020,1,57,13,6,21,3019,730]
d: [2,3021,1,55,12,7,21,3020,735]
d: [2,3022,1,53,11,8,21,3021,740]
d: [2,3023,1,51,10,9,21,3022,745]
d: [2,3024,1,49,9,10,21,3023,750]
d: [2,3025,1,47,8,11,21,3024,755]
d: [2,3026,1,45,7,12,21,3025,760]
d: [2,3027,1,43,6,13,21,3026,765]
d: [2,3028,1,41,5,14,21,3027,770]
d: [2,3029,1,39,4,15,21,3028,775]
d: [2,3030,1,37,3,16,21,3029,780]
d: [2,3031,1,35,2,17,21,3030,785]
d: [2,3032,1,33,1,18,21,3031,790]
a: [3,3036,1,33,1,3032]
s: 3036
d: [2,3836,2,48,5,1,44,2946,647]
d: [2,3841,2,44,4,2,21,3836,710]
d: [2,3842,2,42,3,3,21,3841,1111]
d: [2,3843,2,40,2,4,21,3842,770]
a: [3,3847,2,7,1,3843]
s: 3847
d: [2,4022,3,0,0,5,52,770,1111,720,715,3847,645]
e: 4022
d: [2,4023,3,12,4,1,40,3847,645]
d: [2,4025,3,8,3,2,21,4023,715]
d: [2,4026,3,4,2,3,21,4025,720]
d: [2,4027,3,2,1,4,21,4026,1111]
d: [2,4028,3,0,0,5,21,4027,770]
e: 4028
r: 3847
d: [2,2986,1,80,18,1,44,700,528]
d: [2,3038,1,76,17,2,21,2986,705]
d: [2,3039,1,72,16,3,21,3038,710]
d: [2,3040,1,68,15,4,21,3039,715]
d: [2,3041,1,64,14,5,21,3040,720]
d: [2,3042,1,57,13,6,21,3041,2341]
d: [2,3043,1,55,12,7,21,3042,735]
d: [2,3044,1,53,11,8,21,3043,740]
d: [2,3045,1,51,10,9,21,3044,745]
d: [2,3046,1,49,9,10,21,3045,750]
d: [2,3047,1,47,8,11,21,3046,755]
d: [2,3048,1,45,7,12,21,3047,760]
d: [2,3049,1,43,6,13,21,3048,765]
d: [2,3050,1,41,5,14,21,3049,770]
d: [2,3051,1,39,4,15,21,3050,775]
d: [2,3052,1,37,3,16,21,3051,780]
d: [2,3053,1,35,2,17,21,3052,785]
d: [2,3054,1,33,1,18,21,3053,790]
a: [3,3058,1,33,1,3054]
s: 3058
a: [3,3846,2,7,1,3843]
s: 3846
d: [2,1656,1,9,4,0,44,502,517]
s: 1656
d: [2,1658,1,9,4,0,44,505,517]
s: 1658
d: [2,3903,2,48,5,1,44,2966,647]
d: [2,3916,2,44,4,2,21,3903,705]
d: [2,3917,2,42,3,3,21,3916,1111]
d: [2,3918,2,40,2,4,21,3917,770]
a: [3,3922,2,7,1,3918]
s: 3922
d: [2,4100,3,0,0,5,52,770,1111,715,710,3922,645]
e: 4100
d: [2,4101,3,12,4,1,40,3922,645]
d: [2,4103,3,8,3,2,21,4101,710]
d: [2,4104,3,4,2,3,21,4103,715]
d: [2,4105,3,2,1,4,21,4104,1111]
d: [2,4106,3,0,0,5,21,4105,770]
e: 4106
r: 3922
d: [2,2216,1,9,3,0,40,630,627]
s: 2216
a: [3,3921,2,7,1,3918]
s: 3921
d: [2,2218,1,9,3,0,40,630,445]
s: 2218
d: [2,2219,1,9,3,0,40,630,449]
s: 2219
d: [2,3893,3,10,2,1,40,3773,626]
d: [2,3895,3,7,1,2,21,3893,2028]
a: [3,3899,3,7,1,3895]
s: 3899
d: [2,2220,1,9,3,0,40,630,451]
s: 2220
d: [2,4080,3,10,2,1,40,3846,626]
d: [2,4082,3,7,1,2,21,4080,2028]
a: [3,4086,3,7,1,4082]
s: 4086
d: [2,2221,1,9,3,0,40,630,454]
s: 2221
d: [2,2008,1,10,3,0,40,626,482]
s: 2008
d: [2,4109,3,10,2,1,40,3921,626]
d: [2,4111,3,7,1,2,21,4109,2028]
a: [3,4115,3,7,1,4111]
s: 4115
d: [2,2009,1,10,3,0,40,626,492]
s: 2009
d: [2,4120,4,7,1,1,40,3899,639]
a: [3,4126,4,7,1,4120]
s: 4126
d: [2,2133,1,10,4,0,40,522,511]
s: 2133
d: [2,2175,1,10,4,0,40,525,518]
s: 2175
d: [2,4130,4,7,1,1,40,4086,639]
a: [3,4136,4,7,1,4130]
s: 4136
d: [2,2176,1,10,4,0,40,525,512]
s: 2176
d: [2,4142,4,7,1,1,40,4115,639]
a: [3,4148,4,7,1,4142]
s: 4148
d: [2,2178,1,10,4,0,40,525,456]
s: 2178
d: [2,2179,1,14,4,0,40,525,626]
d: [2,2181,1,10,3,0,21,2179,444]
s: 2181
d: [2,3764,2,83,18,1,44,2925,527]
d: [2,3767,2,50,17,1,19,3764]
d: [2,3796,2,46,16,2,21,3767,705]
d: [2,3797,2,42,15,3,21,3796,710]
d: [2,3798,2,38,14,4,21,3797,730]
d: [2,3799,2,36,13,5,21,3798,735]
d: [2,3800,2,34,12,6,21,3799,740]
d: [2,3801,2,32,11,7,21,3800,745]
d: [2,3802,2,30,10,8,21,3801,750]
d: [2,3803,2,28,9,9,21,3802,755]
d: [2,3804,2,26,8,10,21,3803,760]
d: [2,3805,2,24,7,11,21,3804,765]
d: [2,3806,2,22,6,12,21,3805,770]
d: [2,3807,2,20,5,13,21,3806,775]
d: [2,3808,2,18,4,14,21,3807,780]
d: [2,3809,2,16,3,15,21,3808,785]
d: [2,3810,2,14,2,16,21,3809,790]
a: [3,3814,2,10,1,3810]
s: 3814
d: [2,4163,3,0,0,5,52,770,1111,715,3773,3814,645]
e: 4163
d: [2,4164,3,15,4,1,40,3814,645]
d: [2,4168,3,11,3,2,21,4164,715]
d: [2,4169,3,4,2,3,21,4168,3773]
d: [2,4170,3,2,1,4,21,4169,1111]
d: [2,4171,3,0,0,5,21,4170,770]
e: 4171
r: 3814
a: [3,2921,1,4,1,2918]
s: 2921
d: [2,4244,2,0,0,1,40,2921,632]
e: 4244
d: [2,4228,2,0,0,2,40,2921,705]
e: 4228
d: [2,4227,2,0,0,2,40,2921,710]
e: 4227
d: [2,4226,2,0,0,2,40,2921,715]
e: 4226
d: [2,4225,2,0,0,2,40,2921,720]
e: 4225
d: [2,4224,2,0,0,2,40,2921,725]
e: 4224
d: [2,4223,2,0,0,2,40,2921,730]
e: 4223
d: [2,4222,3,0,0,2,40,2921,3921]
e: 4222
d: [2,4221,3,0,0,2,40,2921,3846]
e: 4221
d: [2,4220,5,0,0,2,40,2921,3255]
e: 4220
d: [2,4219,3,0,0,2,40,2921,3773]
e: 4219
d: [2,4218,2,0,0,2,40,2921,2341]
e: 4218
d: [2,4217,3,0,0,2,40,2921,3427]
e: 4217
d: [2,4216,2,0,0,2,40,2921,2353]
e: 4216
d: [2,4181,2,0,0,2,52,2353,2921]
e: 4181
d: [2,4182,3,0,0,2,52,3088,2921,625]
e: 4182
d: [2,4183,3,0,0,2,52,3088,637,2921,2216]
e: 4183
d: [2,4184,3,0,0,4,52,770,1111,2353,2353,2921,645]
e: 4184
d: [2,4185,3,0,0,5,52,770,1111,2353,3427,2921,645]
e: 4185
d: [2,4186,3,0,0,5,52,770,1111,2353,2341,2921,645]
e: 4186
d: [2,4187,3,0,0,5,52,770,1111,2353,3773,2921,645]
e: 4187
d: [2,4188,5,0,0,5,52,770,1111,2353,3255,2921,645]
e: 4188
d: [2,4189,3,0,0,5,52,770,1111,2353,3846,2921,645]
e: 4189
d: [2,4190,3,0,0,5,52,770,1111,2353,3921,2921,645]
e: 4190
d: [2,4191,3,0,0,5,52,770,1111,2353,730,2921,645]
e: 4191
d: [2,4192,3,0,0,5,52,770,1111,2353,725,2921,645]
e: 4192
d: [2,4193,3,0,0,5,52,770,1111,2353,720,2921,645]
e: 4193
d: [2,4194,3,0,0,5,52,770,1111,2353,715,2921,645]
e: 4194
d: [2,4195,3,0,0,5,52,770,1111,2353,710,2921,645]
e: 4195
d: [2,4196,3,0,0,5,52,770,1111,2353,705,2921,645]
e: 4196
d: [2,4197,3,0,0,4,52,770,1111,2353,632,2921,645]
e: 4197
d: [2,4198,3,0,0,3,52,1111,2353,2353,2921,648]
e: 4198
d: [2,4199,3,0,0,4,52,1111,2353,3427,2921,648]
e: 4199
d: [2,4200,3,0,0,4,52,1111,2353,2341,2921,648]
e: 4200
d: [2,4201,3,0,0,4,52,1111,2353,3773,2921,648]
e: 4201
d: [2,4202,5,0,0,4,52,1111,2353,3255,2921,648]
e: 4202
d: [2,4203,3,0,0,4,52,1111,2353,3846,2921,648]
e: 4203
d: [2,4204,3,0,0,4,52,1111,2353,3921,2921,648]
e: 4204
d: [2,4205,3,0,0,4,52,1111,2353,730,2921,648]
e: 4205
d: [2,4206,3,0,0,4,52,1111,2353,725,2921,648]
e: 4206
d: [2,4207,3,0,0,4,52,1111,2353,720,2921,648]
e: 4207
d: [2,4208,3,0,0,4,52,1111,2353,715,2921,648]
e: 4208
d: [2,4209,3,0,0,4,52,1111,2353,710,2921,648]
e: 4209
d: [2,4210,3,0,0,4,52,1111,2353,705,2921,648]
e: 4210
d: [2,4211,3,0,0,3,52,1111,2353,632,2921,648]
e: 4211
d: [2,4212,3,0,0,2,52,1116,2921,482]
e: 4212
d: [2,4213,3,0,0,2,52,1116,2921,492]
e: 4213
d: [2,4214,4,0,0,3,52,1506,1116,2921,522]
e: 4214
d: [2,4215,2,0,0,7,52,790,780,765,760,1087,2353,2921,694]
e: 4215
d: [2,4231,2,2,1,1,40,2921,482]
d: [2,4294,2,0,0,2,21,4231,1116]
e: 4294
d: [2,4232,2,2,1,1,40,2921,492]
d: [2,4296,2,0,0,2,21,4232,1116]
e: 4296
d: [2,4233,2,4,2,1,40,2921,522]
d: [2,4298,2,2,1,2,21,4233,1116]
d: [2,4299,2,0,0,3,21,4298,1506]
e: 4299
f: 4244,4171,3834,3810,2918,1106,1082,415,416,417,418,419,420,421,422,423,424,425,426,427,428,429,430,431,432,433
% Refutation found. Thanks to Tanya!
% SZS status Theorem for ec_pf_2__t9_ec_pf_2
% SZS output start Proof for ec_pf_2__t9_ec_pf_2
1. ! [X0] : ((l6_algstr_0(X0) & v5_vectsp_1(X0) & v4_vectsp_1(X0) & v5_group_1(X0) & v3_group_1(X0) & v4_rlvect_1(X0) & v3_rlvect_1(X0) & v2_rlvect_1(X0) & v33_algstr_0(X0) & v13_algstr_0(X0) & ~v6_struct_0(X0) & ~v2_struct_0(X0)) => ! [X1] : (m1_subset_1(X1,u1_struct_0(X0)) => ! [X2] : (m1_subset_1(X2,u1_struct_0(X0)) => ! [X3] : (m1_subset_1(X3,u1_struct_0(X0)) => ! [X4] : (m1_subset_1(X4,u1_struct_0(X0)) => ! [X5] : (m1_subset_1(X5,u1_struct_0(X0)) => ! [X6] : (m1_subset_1(X6,u1_struct_0(X0)) => k3_rlvect_1(X0,k3_rlvect_1(X0,k3_rlvect_1(X0,k3_rlvect_1(X0,k3_rlvect_1(X0,X1,X2),X3),X4),X5),X6) = k3_rlvect_1(X0,X1,k3_rlvect_1(X0,k3_rlvect_1(X0,k3_rlvect_1(X0,k3_rlvect_1(X0,X2,X3),X4),X5),X6))))))))) [input t9_ec_pf_2]
2. ~! [X0] : ((l6_algstr_0(X0) & v5_vectsp_1(X0) & v4_vectsp_1(X0) & v5_group_1(X0) & v3_group_1(X0) & v4_rlvect_1(X0) & v3_rlvect_1(X0) & v2_rlvect_1(X0) & v33_algstr_0(X0) & v13_algstr_0(X0) & ~v6_struct_0(X0) & ~v2_struct_0(X0)) => ! [X1] : (m1_subset_1(X1,u1_struct_0(X0)) => ! [X2] : (m1_subset_1(X2,u1_struct_0(X0)) => ! [X3] : (m1_subset_1(X3,u1_struct_0(X0)) => ! [X4] : (m1_subset_1(X4,u1_struct_0(X0)) => ! [X5] : (m1_subset_1(X5,u1_struct_0(X0)) => ! [X6] : (m1_subset_1(X6,u1_struct_0(X0)) => k3_rlvect_1(X0,k3_rlvect_1(X0,k3_rlvect_1(X0,k3_rlvect_1(X0,k3_rlvect_1(X0,X1,X2),X3),X4),X5),X6) = k3_rlvect_1(X0,X1,k3_rlvect_1(X0,k3_rlvect_1(X0,k3_rlvect_1(X0,k3_rlvect_1(X0,X2,X3),X4),X5),X6))))))))) [negated conjecture 1]
56. ! [X0,X1,X2] : ((m1_subset_1(X2,u1_struct_0(X0)) & m1_subset_1(X1,u1_struct_0(X0)) & l1_algstr_0(X0) & v2_rlvect_1(X0)) => m1_subset_1(k3_rlvect_1(X0,X1,X2),u1_struct_0(X0))) [input dt_k3_rlvect_1]
63. ! [X0] : (l2_algstr_0(X0) => (l1_algstr_0(X0) & l2_struct_0(X0))) [input dt_l2_algstr_0]
70. ! [X0] : (l6_algstr_0(X0) => (l5_algstr_0(X0) & l2_algstr_0(X0))) [input dt_l6_algstr_0]
85. ! [X0] : ? [X1] : m1_subset_1(X1,X0) [input existence_m1_subset_1]
145. ! [X0] : ((l6_algstr_0(X0) & v5_vectsp_1(X0) & v4_vectsp_1(X0) & v5_group_1(X0) & v3_group_1(X0) & v4_rlvect_1(X0) & v3_rlvect_1(X0) & v2_rlvect_1(X0) & v33_algstr_0(X0) & v13_algstr_0(X0) & ~v6_struct_0(X0) & ~v2_struct_0(X0)) => ! [X1] : (m1_subset_1(X1,u1_struct_0(X0)) => ! [X2] : (m1_subset_1(X2,u1_struct_0(X0)) => ! [X3] : (m1_subset_1(X3,u1_struct_0(X0)) => ! [X4] : (m1_subset_1(X4,u1_struct_0(X0)) => ! [X5] : (m1_subset_1(X5,u1_struct_0(X0)) => (k3_rlvect_1(X0,k3_rlvect_1(X0,k3_rlvect_1(X0,k3_rlvect_1(X0,X1,X2),X3),X4),X5) = k3_rlvect_1(X0,X1,k3_rlvect_1(X0,k3_rlvect_1(X0,k3_rlvect_1(X0,X2,X3),X4),X5)) & k3_rlvect_1(X0,k3_rlvect_1(X0,k3_rlvect_1(X0,X1,X2),X3),X4) = k3_rlvect_1(X0,X1,k3_rlvect_1(X0,k3_rlvect_1(X0,X2,X3),X4))))))))) [input t8_ec_pf_2]
184. ? [X0] : (? [X1] : (? [X2] : (? [X3] : (? [X4] : (? [X5] : (? [X6] : (k3_rlvect_1(X0,k3_rlvect_1(X0,k3_rlvect_1(X0,k3_rlvect_1(X0,k3_rlvect_1(X0,X1,X2),X3),X4),X5),X6) != k3_rlvect_1(X0,X1,k3_rlvect_1(X0,k3_rlvect_1(X0,k3_rlvect_1(X0,k3_rlvect_1(X0,X2,X3),X4),X5),X6)) & m1_subset_1(X6,u1_struct_0(X0))) & m1_subset_1(X5,u1_struct_0(X0))) & m1_subset_1(X4,u1_struct_0(X0))) & m1_subset_1(X3,u1_struct_0(X0))) & m1_subset_1(X2,u1_struct_0(X0))) & m1_subset_1(X1,u1_struct_0(X0))) & (l6_algstr_0(X0) & v5_vectsp_1(X0) & v4_vectsp_1(X0) & v5_group_1(X0) & v3_group_1(X0) & v4_rlvect_1(X0) & v3_rlvect_1(X0) & v2_rlvect_1(X0) & v33_algstr_0(X0) & v13_algstr_0(X0) & ~v6_struct_0(X0) & ~v2_struct_0(X0))) [ennf transformation 2]
185. ? [X0] : (? [X1] : (? [X2] : (? [X3] : (? [X4] : (? [X5] : (? [X6] : (k3_rlvect_1(X0,k3_rlvect_1(X0,k3_rlvect_1(X0,k3_rlvect_1(X0,k3_rlvect_1(X0,X1,X2),X3),X4),X5),X6) != k3_rlvect_1(X0,X1,k3_rlvect_1(X0,k3_rlvect_1(X0,k3_rlvect_1(X0,k3_rlvect_1(X0,X2,X3),X4),X5),X6)) & m1_subset_1(X6,u1_struct_0(X0))) & m1_subset_1(X5,u1_struct_0(X0))) & m1_subset_1(X4,u1_struct_0(X0))) & m1_subset_1(X3,u1_struct_0(X0))) & m1_subset_1(X2,u1_struct_0(X0))) & m1_subset_1(X1,u1_struct_0(X0))) & l6_algstr_0(X0) & v5_vectsp_1(X0) & v4_vectsp_1(X0) & v5_group_1(X0) & v3_group_1(X0) & v4_rlvect_1(X0) & v3_rlvect_1(X0) & v2_rlvect_1(X0) & v33_algstr_0(X0) & v13_algstr_0(X0) & ~v6_struct_0(X0) & ~v2_struct_0(X0)) [flattening 184]
198. ! [X0] : ((l1_algstr_0(X0) & l2_struct_0(X0)) | ~l2_algstr_0(X0)) [ennf transformation 63]
199. ! [X0] : ((l5_algstr_0(X0) & l2_algstr_0(X0)) | ~l6_algstr_0(X0)) [ennf transformation 70]
268. ! [X0] : (! [X1] : (! [X2] : (! [X3] : (! [X4] : (! [X5] : ((k3_rlvect_1(X0,k3_rlvect_1(X0,k3_rlvect_1(X0,k3_rlvect_1(X0,X1,X2),X3),X4),X5) = k3_rlvect_1(X0,X1,k3_rlvect_1(X0,k3_rlvect_1(X0,k3_rlvect_1(X0,X2,X3),X4),X5)) & k3_rlvect_1(X0,k3_rlvect_1(X0,k3_rlvect_1(X0,X1,X2),X3),X4) = k3_rlvect_1(X0,X1,k3_rlvect_1(X0,k3_rlvect_1(X0,X2,X3),X4))) | ~m1_subset_1(X5,u1_struct_0(X0))) | ~m1_subset_1(X4,u1_struct_0(X0))) | ~m1_subset_1(X3,u1_struct_0(X0))) | ~m1_subset_1(X2,u1_struct_0(X0))) | ~m1_subset_1(X1,u1_struct_0(X0))) | (~l6_algstr_0(X0) | ~v5_vectsp_1(X0) | ~v4_vectsp_1(X0) | ~v5_group_1(X0) | ~v3_group_1(X0) | ~v4_rlvect_1(X0) | ~v3_rlvect_1(X0) | ~v2_rlvect_1(X0) | ~v33_algstr_0(X0) | ~v13_algstr_0(X0) | v6_struct_0(X0) | v2_struct_0(X0))) [ennf transformation 145]
269. ! [X0] : (! [X1] : (! [X2] : (! [X3] : (! [X4] : (! [X5] : ((k3_rlvect_1(X0,k3_rlvect_1(X0,k3_rlvect_1(X0,k3_rlvect_1(X0,X1,X2),X3),X4),X5) = k3_rlvect_1(X0,X1,k3_rlvect_1(X0,k3_rlvect_1(X0,k3_rlvect_1(X0,X2,X3),X4),X5)) & k3_rlvect_1(X0,k3_rlvect_1(X0,k3_rlvect_1(X0,X1,X2),X3),X4) = k3_rlvect_1(X0,X1,k3_rlvect_1(X0,k3_rlvect_1(X0,X2,X3),X4))) | ~m1_subset_1(X5,u1_struct_0(X0))) | ~m1_subset_1(X4,u1_struct_0(X0))) | ~m1_subset_1(X3,u1_struct_0(X0))) | ~m1_subset_1(X2,u1_struct_0(X0))) | ~m1_subset_1(X1,u1_struct_0(X0))) | ~l6_algstr_0(X0) | ~v5_vectsp_1(X0) | ~v4_vectsp_1(X0) | ~v5_group_1(X0) | ~v3_group_1(X0) | ~v4_rlvect_1(X0) | ~v3_rlvect_1(X0) | ~v2_rlvect_1(X0) | ~v33_algstr_0(X0) | ~v13_algstr_0(X0) | v6_struct_0(X0) | v2_struct_0(X0)) [flattening 268]
308. ! [X0,X1,X2] : (m1_subset_1(k3_rlvect_1(X0,X1,X2),u1_struct_0(X0)) | (~m1_subset_1(X2,u1_struct_0(X0)) | ~m1_subset_1(X1,u1_struct_0(X0)) | ~l1_algstr_0(X0) | ~v2_rlvect_1(X0))) [ennf transformation 56]
309. ! [X0,X1,X2] : (m1_subset_1(k3_rlvect_1(X0,X1,X2),u1_struct_0(X0)) | ~m1_subset_1(X2,u1_struct_0(X0)) | ~m1_subset_1(X1,u1_struct_0(X0)) | ~l1_algstr_0(X0) | ~v2_rlvect_1(X0)) [flattening 308]
320. ? [X0] : (? [X1] : (? [X2] : (? [X3] : (? [X4] : (? [X5] : (? [X6] : (k3_rlvect_1(X0,k3_rlvect_1(X0,k3_rlvect_1(X0,k3_rlvect_1(X0,k3_rlvect_1(X0,X1,X2),X3),X4),X5),X6) != k3_rlvect_1(X0,X1,k3_rlvect_1(X0,k3_rlvect_1(X0,k3_rlvect_1(X0,k3_rlvect_1(X0,X2,X3),X4),X5),X6)) & m1_subset_1(X6,u1_struct_0(X0))) & m1_subset_1(X5,u1_struct_0(X0))) & m1_subset_1(X4,u1_struct_0(X0))) & m1_subset_1(X3,u1_struct_0(X0))) & m1_subset_1(X2,u1_struct_0(X0))) & m1_subset_1(X1,u1_struct_0(X0))) & l6_algstr_0(X0) & v5_vectsp_1(X0) & v4_vectsp_1(X0) & v5_group_1(X0) & v3_group_1(X0) & v4_rlvect_1(X0) & v3_rlvect_1(X0) & v2_rlvect_1(X0) & v33_algstr_0(X0) & v13_algstr_0(X0) & ~v6_struct_0(X0) & ~v2_struct_0(X0)) => (? [X1] : (? [X2] : (? [X3] : (? [X4] : (? [X5] : (? [X6] : (k3_rlvect_1(sK0,k3_rlvect_1(sK0,k3_rlvect_1(sK0,k3_rlvect_1(sK0,k3_rlvect_1(sK0,X1,X2),X3),X4),X5),X6) != k3_rlvect_1(sK0,X1,k3_rlvect_1(sK0,k3_rlvect_1(sK0,k3_rlvect_1(sK0,k3_rlvect_1(sK0,X2,X3),X4),X5),X6)) & m1_subset_1(X6,u1_struct_0(sK0))) & m1_subset_1(X5,u1_struct_0(sK0))) & m1_subset_1(X4,u1_struct_0(sK0))) & m1_subset_1(X3,u1_struct_0(sK0))) & m1_subset_1(X2,u1_struct_0(sK0))) & m1_subset_1(X1,u1_struct_0(sK0))) & l6_algstr_0(sK0) & v5_vectsp_1(sK0) & v4_vectsp_1(sK0) & v5_group_1(sK0) & v3_group_1(sK0) & v4_rlvect_1(sK0) & v3_rlvect_1(sK0) & v2_rlvect_1(sK0) & v33_algstr_0(sK0) & v13_algstr_0(sK0) & ~v6_struct_0(sK0) & ~v2_struct_0(sK0)) [choice axiom]
321. ? [X1] : (? [X2] : (? [X3] : (? [X4] : (? [X5] : (? [X6] : (k3_rlvect_1(sK0,k3_rlvect_1(sK0,k3_rlvect_1(sK0,k3_rlvect_1(sK0,k3_rlvect_1(sK0,X1,X2),X3),X4),X5),X6) != k3_rlvect_1(sK0,X1,k3_rlvect_1(sK0,k3_rlvect_1(sK0,k3_rlvect_1(sK0,k3_rlvect_1(sK0,X2,X3),X4),X5),X6)) & m1_subset_1(X6,u1_struct_0(sK0))) & m1_subset_1(X5,u1_struct_0(sK0))) & m1_subset_1(X4,u1_struct_0(sK0))) & m1_subset_1(X3,u1_struct_0(sK0))) & m1_subset_1(X2,u1_struct_0(sK0))) & m1_subset_1(X1,u1_struct_0(sK0))) => (? [X2] : (? [X3] : (? [X4] : (? [X5] : (? [X6] : (k3_rlvect_1(sK0,k3_rlvect_1(sK0,k3_rlvect_1(sK0,k3_rlvect_1(sK0,k3_rlvect_1(sK0,sK1,X2),X3),X4),X5),X6) != k3_rlvect_1(sK0,sK1,k3_rlvect_1(sK0,k3_rlvect_1(sK0,k3_rlvect_1(sK0,k3_rlvect_1(sK0,X2,X3),X4),X5),X6)) & m1_subset_1(X6,u1_struct_0(sK0))) & m1_subset_1(X5,u1_struct_0(sK0))) & m1_subset_1(X4,u1_struct_0(sK0))) & m1_subset_1(X3,u1_struct_0(sK0))) & m1_subset_1(X2,u1_struct_0(sK0))) & m1_subset_1(sK1,u1_struct_0(sK0))) [choice axiom]
322. ? [X2] : (? [X3] : (? [X4] : (? [X5] : (? [X6] : (k3_rlvect_1(sK0,k3_rlvect_1(sK0,k3_rlvect_1(sK0,k3_rlvect_1(sK0,k3_rlvect_1(sK0,sK1,X2),X3),X4),X5),X6) != k3_rlvect_1(sK0,sK1,k3_rlvect_1(sK0,k3_rlvect_1(sK0,k3_rlvect_1(sK0,k3_rlvect_1(sK0,X2,X3),X4),X5),X6)) & m1_subset_1(X6,u1_struct_0(sK0))) & m1_subset_1(X5,u1_struct_0(sK0))) & m1_subset_1(X4,u1_struct_0(sK0))) & m1_subset_1(X3,u1_struct_0(sK0))) & m1_subset_1(X2,u1_struct_0(sK0))) => (? [X3] : (? [X4] : (? [X5] : (? [X6] : (k3_rlvect_1(sK0,k3_rlvect_1(sK0,k3_rlvect_1(sK0,k3_rlvect_1(sK0,k3_rlvect_1(sK0,sK1,sK2),X3),X4),X5),X6) != k3_rlvect_1(sK0,sK1,k3_rlvect_1(sK0,k3_rlvect_1(sK0,k3_rlvect_1(sK0,k3_rlvect_1(sK0,sK2,X3),X4),X5),X6)) & m1_subset_1(X6,u1_struct_0(sK0))) & m1_subset_1(X5,u1_struct_0(sK0))) & m1_subset_1(X4,u1_struct_0(sK0))) & m1_subset_1(X3,u1_struct_0(sK0))) & m1_subset_1(sK2,u1_struct_0(sK0))) [choice axiom]
323. ? [X3] : (? [X4] : (? [X5] : (? [X6] : (k3_rlvect_1(sK0,k3_rlvect_1(sK0,k3_rlvect_1(sK0,k3_rlvect_1(sK0,k3_rlvect_1(sK0,sK1,sK2),X3),X4),X5),X6) != k3_rlvect_1(sK0,sK1,k3_rlvect_1(sK0,k3_rlvect_1(sK0,k3_rlvect_1(sK0,k3_rlvect_1(sK0,sK2,X3),X4),X5),X6)) & m1_subset_1(X6,u1_struct_0(sK0))) & m1_subset_1(X5,u1_struct_0(sK0))) & m1_subset_1(X4,u1_struct_0(sK0))) & m1_subset_1(X3,u1_struct_0(sK0))) => (? [X4] : (? [X5] : (? [X6] : (k3_rlvect_1(sK0,k3_rlvect_1(sK0,k3_rlvect_1(sK0,k3_rlvect_1(sK0,k3_rlvect_1(sK0,sK1,sK2),sK3),X4),X5),X6) != k3_rlvect_1(sK0,sK1,k3_rlvect_1(sK0,k3_rlvect_1(sK0,k3_rlvect_1(sK0,k3_rlvect_1(sK0,sK2,sK3),X4),X5),X6)) & m1_subset_1(X6,u1_struct_0(sK0))) & m1_subset_1(X5,u1_struct_0(sK0))) & m1_subset_1(X4,u1_struct_0(sK0))) & m1_subset_1(sK3,u1_struct_0(sK0))) [choice axiom]
324. ? [X4] : (? [X5] : (? [X6] : (k3_rlvect_1(sK0,k3_rlvect_1(sK0,k3_rlvect_1(sK0,k3_rlvect_1(sK0,k3_rlvect_1(sK0,sK1,sK2),sK3),X4),X5),X6) != k3_rlvect_1(sK0,sK1,k3_rlvect_1(sK0,k3_rlvect_1(sK0,k3_rlvect_1(sK0,k3_rlvect_1(sK0,sK2,sK3),X4),X5),X6)) & m1_subset_1(X6,u1_struct_0(sK0))) & m1_subset_1(X5,u1_struct_0(sK0))) & m1_subset_1(X4,u1_struct_0(sK0))) => (? [X5] : (? [X6] : (k3_rlvect_1(sK0,k3_rlvect_1(sK0,k3_rlvect_1(sK0,k3_rlvect_1(sK0,k3_rlvect_1(sK0,sK1,sK2),sK3),sK4),X5),X6) != k3_rlvect_1(sK0,sK1,k3_rlvect_1(sK0,k3_rlvect_1(sK0,k3_rlvect_1(sK0,k3_rlvect_1(sK0,sK2,sK3),sK4),X5),X6)) & m1_subset_1(X6,u1_struct_0(sK0))) & m1_subset_1(X5,u1_struct_0(sK0))) & m1_subset_1(sK4,u1_struct_0(sK0))) [choice axiom]
325. ? [X5] : (? [X6] : (k3_rlvect_1(sK0,k3_rlvect_1(sK0,k3_rlvect_1(sK0,k3_rlvect_1(sK0,k3_rlvect_1(sK0,sK1,sK2),sK3),sK4),X5),X6) != k3_rlvect_1(sK0,sK1,k3_rlvect_1(sK0,k3_rlvect_1(sK0,k3_rlvect_1(sK0,k3_rlvect_1(sK0,sK2,sK3),sK4),X5),X6)) & m1_subset_1(X6,u1_struct_0(sK0))) & m1_subset_1(X5,u1_struct_0(sK0))) => (? [X6] : (k3_rlvect_1(sK0,k3_rlvect_1(sK0,k3_rlvect_1(sK0,k3_rlvect_1(sK0,k3_rlvect_1(sK0,sK1,sK2),sK3),sK4),sK5),X6) != k3_rlvect_1(sK0,sK1,k3_rlvect_1(sK0,k3_rlvect_1(sK0,k3_rlvect_1(sK0,k3_rlvect_1(sK0,sK2,sK3),sK4),sK5),X6)) & m1_subset_1(X6,u1_struct_0(sK0))) & m1_subset_1(sK5,u1_struct_0(sK0))) [choice axiom]
326. ? [X6] : (k3_rlvect_1(sK0,k3_rlvect_1(sK0,k3_rlvect_1(sK0,k3_rlvect_1(sK0,k3_rlvect_1(sK0,sK1,sK2),sK3),sK4),sK5),X6) != k3_rlvect_1(sK0,sK1,k3_rlvect_1(sK0,k3_rlvect_1(sK0,k3_rlvect_1(sK0,k3_rlvect_1(sK0,sK2,sK3),sK4),sK5),X6)) & m1_subset_1(X6,u1_struct_0(sK0))) => (k3_rlvect_1(sK0,k3_rlvect_1(sK0,k3_rlvect_1(sK0,k3_rlvect_1(sK0,k3_rlvect_1(sK0,sK1,sK2),sK3),sK4),sK5),sK6) != k3_rlvect_1(sK0,sK1,k3_rlvect_1(sK0,k3_rlvect_1(sK0,k3_rlvect_1(sK0,k3_rlvect_1(sK0,sK2,sK3),sK4),sK5),sK6)) & m1_subset_1(sK6,u1_struct_0(sK0))) [choice axiom]
327. ((((((k3_rlvect_1(sK0,k3_rlvect_1(sK0,k3_rlvect_1(sK0,k3_rlvect_1(sK0,k3_rlvect_1(sK0,sK1,sK2),sK3),sK4),sK5),sK6) != k3_rlvect_1(sK0,sK1,k3_rlvect_1(sK0,k3_rlvect_1(sK0,k3_rlvect_1(sK0,k3_rlvect_1(sK0,sK2,sK3),sK4),sK5),sK6)) & m1_subset_1(sK6,u1_struct_0(sK0))) & m1_subset_1(sK5,u1_struct_0(sK0))) & m1_subset_1(sK4,u1_struct_0(sK0))) & m1_subset_1(sK3,u1_struct_0(sK0))) & m1_subset_1(sK2,u1_struct_0(sK0))) & m1_subset_1(sK1,u1_struct_0(sK0))) & l6_algstr_0(sK0) & v5_vectsp_1(sK0) & v4_vectsp_1(sK0) & v5_group_1(sK0) & v3_group_1(sK0) & v4_rlvect_1(sK0) & v3_rlvect_1(sK0) & v2_rlvect_1(sK0) & v33_algstr_0(sK0) & v13_algstr_0(sK0) & ~v6_struct_0(sK0) & ~v2_struct_0(sK0) [skolemisation 185,326,325,324,323,322,321,320]
356. ! [X0] : (? [X1] : m1_subset_1(X1,X0) => m1_subset_1(sK22(X0),X0)) [choice axiom]
357. ! [X0] : m1_subset_1(sK22(X0),X0) [skolemisation 85,356]
415. ~v2_struct_0(sK0) [cnf transformation 327] {a:0,w:2,wCS:200,goal:1,sine:0,thAx:0,allAx:8,thDist:-8}
416. ~v6_struct_0(sK0) [cnf transformation 327] {a:0,w:2,wCS:200,goal:1,sine:0,thAx:0,allAx:8,thDist:-8}
417. v13_algstr_0(sK0) [cnf transformation 327] {a:0,w:2,wCS:200,goal:1,sine:0,thAx:0,allAx:8,thDist:-8}
418. v33_algstr_0(sK0) [cnf transformation 327] {a:0,w:2,wCS:200,goal:1,sine:0,thAx:0,allAx:8,thDist:-8}
419. v2_rlvect_1(sK0) [cnf transformation 327] {a:0,w:2,wCS:200,goal:1,sine:0,thAx:0,allAx:8,thDist:-8}
420. v3_rlvect_1(sK0) [cnf transformation 327] {a:0,w:2,wCS:200,goal:1,sine:0,thAx:0,allAx:8,thDist:-8}
421. v4_rlvect_1(sK0) [cnf transformation 327] {a:0,w:2,wCS:200,goal:1,sine:0,thAx:0,allAx:8,thDist:-8}
422. v3_group_1(sK0) [cnf transformation 327] {a:0,w:2,wCS:200,goal:1,sine:0,thAx:0,allAx:8,thDist:-8}
423. v5_group_1(sK0) [cnf transformation 327] {a:0,w:2,wCS:200,goal:1,sine:0,thAx:0,allAx:8,thDist:-8}
424. v4_vectsp_1(sK0) [cnf transformation 327] {a:0,w:2,wCS:200,goal:1,sine:0,thAx:0,allAx:8,thDist:-8}
425. v5_vectsp_1(sK0) [cnf transformation 327] {a:0,w:2,wCS:200,goal:1,sine:0,thAx:0,allAx:8,thDist:-8}
426. l6_algstr_0(sK0) [cnf transformation 327] {a:0,w:2,wCS:200,goal:1,sine:0,thAx:0,allAx:8,thDist:-8}
427. m1_subset_1(sK1,u1_struct_0(sK0)) [cnf transformation 327] {a:0,w:4,wCS:400,goal:1,sine:0,thAx:0,allAx:8,thDist:-8}
428. m1_subset_1(sK2,u1_struct_0(sK0)) [cnf transformation 327] {a:0,w:4,wCS:400,goal:1,sine:0,thAx:0,allAx:8,thDist:-8}
429. m1_subset_1(sK3,u1_struct_0(sK0)) [cnf transformation 327] {a:0,w:4,wCS:400,goal:1,sine:0,thAx:0,allAx:8,thDist:-8}
430. m1_subset_1(sK4,u1_struct_0(sK0)) [cnf transformation 327] {a:0,w:4,wCS:400,goal:1,sine:0,thAx:0,allAx:8,thDist:-8}
431. m1_subset_1(sK5,u1_struct_0(sK0)) [cnf transformation 327] {a:0,w:4,wCS:400,goal:1,sine:0,thAx:0,allAx:8,thDist:-8}
432. m1_subset_1(sK6,u1_struct_0(sK0)) [cnf transformation 327] {a:0,w:4,wCS:400,goal:1,sine:0,thAx:0,allAx:8,thDist:-8}
433. k3_rlvect_1(sK0,k3_rlvect_1(sK0,k3_rlvect_1(sK0,k3_rlvect_1(sK0,k3_rlvect_1(sK0,sK1,sK2),sK3),sK4),sK5),sK6) != k3_rlvect_1(sK0,sK1,k3_rlvect_1(sK0,k3_rlvect_1(sK0,k3_rlvect_1(sK0,k3_rlvect_1(sK0,sK2,sK3),sK4),sK5),sK6)) [cnf transformation 327] {a:0,w:33,wCS:3300,goal:1,sine:0,thAx:0,allAx:8,thDist:-8}
461. ~l2_algstr_0(X0) | l1_algstr_0(X0) [cnf transformation 198] {a:0,w:4,wCS:1600,nSel:1,sine:2,thAx:0,allAx:1,thDist:-1}
462. ~l6_algstr_0(X0) | l2_algstr_0(X0) [cnf transformation 199] {a:0,w:4,wCS:1600,nSel:1,sine:2,thAx:0,allAx:1,thDist:-1}
527. k3_rlvect_1(X0,k3_rlvect_1(X0,k3_rlvect_1(X0,X1,X2),X3),X4) = k3_rlvect_1(X0,X1,k3_rlvect_1(X0,k3_rlvect_1(X0,X2,X3),X4)) | ~m1_subset_1(X5,u1_struct_0(X0)) | ~m1_subset_1(X4,u1_struct_0(X0)) | ~m1_subset_1(X3,u1_struct_0(X0)) | ~m1_subset_1(X2,u1_struct_0(X0)) | ~m1_subset_1(X1,u1_struct_0(X0)) | ~l6_algstr_0(X0) | ~v5_vectsp_1(X0) | ~v4_vectsp_1(X0) | ~v5_group_1(X0) | ~v3_group_1(X0) | ~v4_rlvect_1(X0) | ~v3_rlvect_1(X0) | ~v2_rlvect_1(X0) | ~v33_algstr_0(X0) | ~v13_algstr_0(X0) | v6_struct_0(X0) | v2_struct_0(X0) [cnf transformation 269] {a:0,w:65,wCS:26000,nSel:1,sine:1,thAx:0,allAx:1,thDist:-1}
632. m1_subset_1(sK22(X0),X0) [cnf transformation 357] {a:0,w:4,wCS:1600,nSel:1,sine:1,thAx:0,allAx:2,thDist:-2}
645. m1_subset_1(k3_rlvect_1(X0,X1,X2),u1_struct_0(X0)) | ~m1_subset_1(X2,u1_struct_0(X0)) | ~m1_subset_1(X1,u1_struct_0(X0)) | ~l1_algstr_0(X0) | ~v2_rlvect_1(X0) [cnf transformation 309] {a:0,w:19,wCS:7600,nSel:1,sine:1,thAx:0,allAx:1,thDist:-1}
698. 1 <=> k3_rlvect_1(sK0,k3_rlvect_1(sK0,k3_rlvect_1(sK0,k3_rlvect_1(sK0,k3_rlvect_1(sK0,sK1,sK2),sK3),sK4),sK5),sK6) = k3_rlvect_1(sK0,sK1,k3_rlvect_1(sK0,k3_rlvect_1(sK0,k3_rlvect_1(sK0,k3_rlvect_1(sK0,sK2,sK3),sK4),sK5),sK6)) [avatar definition]
700. k3_rlvect_1(sK0,k3_rlvect_1(sK0,k3_rlvect_1(sK0,k3_rlvect_1(sK0,k3_rlvect_1(sK0,sK1,sK2),sK3),sK4),sK5),sK6) != k3_rlvect_1(sK0,sK1,k3_rlvect_1(sK0,k3_rlvect_1(sK0,k3_rlvect_1(sK0,k3_rlvect_1(sK0,sK2,sK3),sK4),sK5),sK6)) <- (~1) [avatar component clause 698] {a:0,w:33,wCS:3300,nSel:1,goal:1,sine:255,thAx:0,allAx:8,thDist:-8}
701. ~1 [avatar split clause 433,698]
703. 2 <=> m1_subset_1(sK6,u1_struct_0(sK0)) [avatar definition]
705. m1_subset_1(sK6,u1_struct_0(sK0)) <- (2) [avatar component clause 703] {a:0,w:4,wCS:400,nSel:1,goal:1,sine:255,thAx:0,allAx:8,thDist:-8}
706. 2 [avatar split clause 432,703]
708. 3 <=> m1_subset_1(sK5,u1_struct_0(sK0)) [avatar definition]
710. m1_subset_1(sK5,u1_struct_0(sK0)) <- (3) [avatar component clause 708] {a:0,w:4,wCS:400,nSel:1,goal:1,sine:255,thAx:0,allAx:8,thDist:-8}
711. 3 [avatar split clause 431,708]
713. 4 <=> m1_subset_1(sK4,u1_struct_0(sK0)) [avatar definition]
715. m1_subset_1(sK4,u1_struct_0(sK0)) <- (4) [avatar component clause 713] {a:0,w:4,wCS:400,nSel:1,goal:1,sine:255,thAx:0,allAx:8,thDist:-8}
716. 4 [avatar split clause 430,713]
718. 5 <=> m1_subset_1(sK3,u1_struct_0(sK0)) [avatar definition]
720. m1_subset_1(sK3,u1_struct_0(sK0)) <- (5) [avatar component clause 718] {a:0,w:4,wCS:400,nSel:1,goal:1,sine:255,thAx:0,allAx:8,thDist:-8}
721. 5 [avatar split clause 429,718]
723. 6 <=> m1_subset_1(sK2,u1_struct_0(sK0)) [avatar definition]
725. m1_subset_1(sK2,u1_struct_0(sK0)) <- (6) [avatar component clause 723] {a:0,w:4,wCS:400,nSel:1,goal:1,sine:255,thAx:0,allAx:8,thDist:-8}
726. 6 [avatar split clause 428,723]
728. 7 <=> m1_subset_1(sK1,u1_struct_0(sK0)) [avatar definition]
730. m1_subset_1(sK1,u1_struct_0(sK0)) <- (7) [avatar component clause 728] {a:0,w:4,wCS:400,nSel:1,goal:1,sine:255,thAx:0,allAx:8,thDist:-8}
731. 7 [avatar split clause 427,728]
733. 8 <=> l6_algstr_0(sK0) [avatar definition]
735. l6_algstr_0(sK0) <- (8) [avatar component clause 733] {a:0,w:2,wCS:200,nSel:1,goal:1,sine:255,thAx:0,allAx:8,thDist:-8}
736. 8 [avatar split clause 426,733]
738. 9 <=> v5_vectsp_1(sK0) [avatar definition]
740. v5_vectsp_1(sK0) <- (9) [avatar component clause 738] {a:0,w:2,wCS:200,nSel:1,goal:1,sine:255,thAx:0,allAx:8,thDist:-8}
741. 9 [avatar split clause 425,738]
743. 10 <=> v4_vectsp_1(sK0) [avatar definition]
745. v4_vectsp_1(sK0) <- (10) [avatar component clause 743] {a:0,w:2,wCS:200,nSel:1,goal:1,sine:255,thAx:0,allAx:8,thDist:-8}
746. 10 [avatar split clause 424,743]
748. 11 <=> v5_group_1(sK0) [avatar definition]
750. v5_group_1(sK0) <- (11) [avatar component clause 748] {a:0,w:2,wCS:200,nSel:1,goal:1,sine:255,thAx:0,allAx:8,thDist:-8}
751. 11 [avatar split clause 423,748]
753. 12 <=> v3_group_1(sK0) [avatar definition]
755. v3_group_1(sK0) <- (12) [avatar component clause 753] {a:0,w:2,wCS:200,nSel:1,goal:1,sine:255,thAx:0,allAx:8,thDist:-8}
756. 12 [avatar split clause 422,753]
758. 13 <=> v4_rlvect_1(sK0) [avatar definition]
760. v4_rlvect_1(sK0) <- (13) [avatar component clause 758] {a:0,w:2,wCS:200,nSel:1,goal:1,sine:255,thAx:0,allAx:8,thDist:-8}
761. 13 [avatar split clause 421,758]
763. 14 <=> v3_rlvect_1(sK0) [avatar definition]
765. v3_rlvect_1(sK0) <- (14) [avatar component clause 763] {a:0,w:2,wCS:200,nSel:1,goal:1,sine:255,thAx:0,allAx:8,thDist:-8}
766. 14 [avatar split clause 420,763]
768. 15 <=> v2_rlvect_1(sK0) [avatar definition]
770. v2_rlvect_1(sK0) <- (15) [avatar component clause 768] {a:0,w:2,wCS:200,nSel:1,goal:1,sine:255,thAx:0,allAx:8,thDist:-8}
771. 15 [avatar split clause 419,768]
773. 16 <=> v33_algstr_0(sK0) [avatar definition]
775. v33_algstr_0(sK0) <- (16) [avatar component clause 773] {a:0,w:2,wCS:200,nSel:1,goal:1,sine:255,thAx:0,allAx:8,thDist:-8}
776. 16 [avatar split clause 418,773]
778. 17 <=> v13_algstr_0(sK0) [avatar definition]
780. v13_algstr_0(sK0) <- (17) [avatar component clause 778] {a:0,w:2,wCS:200,nSel:1,goal:1,sine:255,thAx:0,allAx:8,thDist:-8}
781. 17 [avatar split clause 417,778]
783. 18 <=> v6_struct_0(sK0) [avatar definition]
785. ~v6_struct_0(sK0) <- (~18) [avatar component clause 783] {a:0,w:2,wCS:200,nSel:1,goal:1,sine:255,thAx:0,allAx:8,thDist:-8}
786. ~18 [avatar split clause 416,783]
788. 19 <=> v2_struct_0(sK0) [avatar definition]
790. ~v2_struct_0(sK0) <- (~19) [avatar component clause 788] {a:0,w:2,wCS:200,nSel:1,goal:1,sine:255,thAx:0,allAx:8,thDist:-8}
791. ~19 [avatar split clause 415,788]
1082. l2_algstr_0(sK0) <- (8) [resolution 462,735] {a:1,w:2,wCS:200,goal:1,sine:2,thAx:0,allAx:9,thDist:-9}
1085. 77 <=> l2_algstr_0(sK0) [avatar definition]
1087. l2_algstr_0(sK0) <- (77) [avatar component clause 1085] {a:1,w:2,wCS:200,nSel:1,goal:1,sine:255,thAx:0,allAx:9,thDist:-9}
1088. 77 | ~8 [avatar split clause 1082,733,1085]
1106. l1_algstr_0(sK0) <- (77) [resolution 1087,461] {a:2,w:2,wCS:200,goal:1,sine:2,thAx:0,allAx:10,thDist:-10}
1109. 81 <=> l1_algstr_0(sK0) [avatar definition]
1111. l1_algstr_0(sK0) <- (81) [avatar component clause 1109] {a:2,w:2,wCS:200,nSel:1,goal:1,sine:255,thAx:0,allAx:10,thDist:-10}
1112. 81 | ~77 [avatar split clause 1106,1085,1109]
2884. k3_rlvect_1(sK0,sK1,k3_rlvect_1(sK0,k3_rlvect_1(sK0,k3_rlvect_1(sK0,k3_rlvect_1(sK0,sK2,sK3),sK4),sK5),sK6)) != k3_rlvect_1(sK0,k3_rlvect_1(sK0,k3_rlvect_1(sK0,sK1,k3_rlvect_1(sK0,k3_rlvect_1(sK0,sK2,sK3),sK4)),sK5),sK6) | ~m1_subset_1(X0,u1_struct_0(sK0)) | ~m1_subset_1(sK4,u1_struct_0(sK0)) | ~m1_subset_1(sK3,u1_struct_0(sK0)) | ~m1_subset_1(sK2,u1_struct_0(sK0)) | ~m1_subset_1(sK1,u1_struct_0(sK0)) | ~l6_algstr_0(sK0) | ~v5_vectsp_1(sK0) | ~v4_vectsp_1(sK0) | ~v5_group_1(sK0) | ~v3_group_1(sK0) | ~v4_rlvect_1(sK0) | ~v3_rlvect_1(sK0) | ~v2_rlvect_1(sK0) | ~v33_algstr_0(sK0) | ~v13_algstr_0(sK0) | v6_struct_0(sK0) | v2_struct_0(sK0) <- (~1) [superposition 700,527] {a:1,w:77,wCS:7700,goal:1,sine:1,thAx:0,allAx:9,thDist:-9}
2903. k3_rlvect_1(sK0,sK1,k3_rlvect_1(sK0,k3_rlvect_1(sK0,k3_rlvect_1(sK0,k3_rlvect_1(sK0,sK2,sK3),sK4),sK5),sK6)) != k3_rlvect_1(sK0,k3_rlvect_1(sK0,k3_rlvect_1(sK0,sK1,k3_rlvect_1(sK0,k3_rlvect_1(sK0,sK2,sK3),sK4)),sK5),sK6) | ~m1_subset_1(X0,u1_struct_0(sK0)) | ~m1_subset_1(sK3,u1_struct_0(sK0)) | ~m1_subset_1(sK2,u1_struct_0(sK0)) | ~m1_subset_1(sK1,u1_struct_0(sK0)) | ~l6_algstr_0(sK0) | ~v5_vectsp_1(sK0) | ~v4_vectsp_1(sK0) | ~v5_group_1(sK0) | ~v3_group_1(sK0) | ~v4_rlvect_1(sK0) | ~v3_rlvect_1(sK0) | ~v2_rlvect_1(sK0) | ~v33_algstr_0(sK0) | ~v13_algstr_0(sK0) | v6_struct_0(sK0) | v2_struct_0(sK0) <- (~1, 4) [subsumption resolution 2884,715] {a:1,w:73,wCS:7300,goal:1,sine:1,thAx:0,allAx:9,thDist:-9}
2904. k3_rlvect_1(sK0,sK1,k3_rlvect_1(sK0,k3_rlvect_1(sK0,k3_rlvect_1(sK0,k3_rlvect_1(sK0,sK2,sK3),sK4),sK5),sK6)) != k3_rlvect_1(sK0,k3_rlvect_1(sK0,k3_rlvect_1(sK0,sK1,k3_rlvect_1(sK0,k3_rlvect_1(sK0,sK2,sK3),sK4)),sK5),sK6) | ~m1_subset_1(X0,u1_struct_0(sK0)) | ~m1_subset_1(sK2,u1_struct_0(sK0)) | ~m1_subset_1(sK1,u1_struct_0(sK0)) | ~l6_algstr_0(sK0) | ~v5_vectsp_1(sK0) | ~v4_vectsp_1(sK0) | ~v5_group_1(sK0) | ~v3_group_1(sK0) | ~v4_rlvect_1(sK0) | ~v3_rlvect_1(sK0) | ~v2_rlvect_1(sK0) | ~v33_algstr_0(sK0) | ~v13_algstr_0(sK0) | v6_struct_0(sK0) | v2_struct_0(sK0) <- (~1, 4, 5) [subsumption resolution 2903,720] {a:1,w:69,wCS:6900,goal:1,sine:1,thAx:0,allAx:9,thDist:-9}
2905. k3_rlvect_1(sK0,sK1,k3_rlvect_1(sK0,k3_rlvect_1(sK0,k3_rlvect_1(sK0,k3_rlvect_1(sK0,sK2,sK3),sK4),sK5),sK6)) != k3_rlvect_1(sK0,k3_rlvect_1(sK0,k3_rlvect_1(sK0,sK1,k3_rlvect_1(sK0,k3_rlvect_1(sK0,sK2,sK3),sK4)),sK5),sK6) | ~m1_subset_1(X0,u1_struct_0(sK0)) | ~m1_subset_1(sK1,u1_struct_0(sK0)) | ~l6_algstr_0(sK0) | ~v5_vectsp_1(sK0) | ~v4_vectsp_1(sK0) | ~v5_group_1(sK0) | ~v3_group_1(sK0) | ~v4_rlvect_1(sK0) | ~v3_rlvect_1(sK0) | ~v2_rlvect_1(sK0) | ~v33_algstr_0(sK0) | ~v13_algstr_0(sK0) | v6_struct_0(sK0) | v2_struct_0(sK0) <- (~1, 4, 5, 6) [subsumption resolution 2904,725] {a:1,w:65,wCS:6500,goal:1,sine:1,thAx:0,allAx:9,thDist:-9}
2906. k3_rlvect_1(sK0,sK1,k3_rlvect_1(sK0,k3_rlvect_1(sK0,k3_rlvect_1(sK0,k3_rlvect_1(sK0,sK2,sK3),sK4),sK5),sK6)) != k3_rlvect_1(sK0,k3_rlvect_1(sK0,k3_rlvect_1(sK0,sK1,k3_rlvect_1(sK0,k3_rlvect_1(sK0,sK2,sK3),sK4)),sK5),sK6) | ~m1_subset_1(X0,u1_struct_0(sK0)) | ~l6_algstr_0(sK0) | ~v5_vectsp_1(sK0) | ~v4_vectsp_1(sK0) | ~v5_group_1(sK0) | ~v3_group_1(sK0) | ~v4_rlvect_1(sK0) | ~v3_rlvect_1(sK0) | ~v2_rlvect_1(sK0) | ~v33_algstr_0(sK0) | ~v13_algstr_0(sK0) | v6_struct_0(sK0) | v2_struct_0(sK0) <- (~1, 4, 5, 6, 7) [subsumption resolution 2905,730] {a:1,w:61,wCS:6100,goal:1,sine:1,thAx:0,allAx:9,thDist:-9}
2907. k3_rlvect_1(sK0,sK1,k3_rlvect_1(sK0,k3_rlvect_1(sK0,k3_rlvect_1(sK0,k3_rlvect_1(sK0,sK2,sK3),sK4),sK5),sK6)) != k3_rlvect_1(sK0,k3_rlvect_1(sK0,k3_rlvect_1(sK0,sK1,k3_rlvect_1(sK0,k3_rlvect_1(sK0,sK2,sK3),sK4)),sK5),sK6) | ~m1_subset_1(X0,u1_struct_0(sK0)) | ~v5_vectsp_1(sK0) | ~v4_vectsp_1(sK0) | ~v5_group_1(sK0) | ~v3_group_1(sK0) | ~v4_rlvect_1(sK0) | ~v3_rlvect_1(sK0) | ~v2_rlvect_1(sK0) | ~v33_algstr_0(sK0) | ~v13_algstr_0(sK0) | v6_struct_0(sK0) | v2_struct_0(sK0) <- (~1, 4, 5, 6, 7, 8) [subsumption resolution 2906,735] {a:1,w:59,wCS:5900,goal:1,sine:1,thAx:0,allAx:9,thDist:-9}
2908. k3_rlvect_1(sK0,sK1,k3_rlvect_1(sK0,k3_rlvect_1(sK0,k3_rlvect_1(sK0,k3_rlvect_1(sK0,sK2,sK3),sK4),sK5),sK6)) != k3_rlvect_1(sK0,k3_rlvect_1(sK0,k3_rlvect_1(sK0,sK1,k3_rlvect_1(sK0,k3_rlvect_1(sK0,sK2,sK3),sK4)),sK5),sK6) | ~m1_subset_1(X0,u1_struct_0(sK0)) | ~v4_vectsp_1(sK0) | ~v5_group_1(sK0) | ~v3_group_1(sK0) | ~v4_rlvect_1(sK0) | ~v3_rlvect_1(sK0) | ~v2_rlvect_1(sK0) | ~v33_algstr_0(sK0) | ~v13_algstr_0(sK0) | v6_struct_0(sK0) | v2_struct_0(sK0) <- (~1, 4, 5, 6, 7, 8, 9) [subsumption resolution 2907,740] {a:1,w:57,wCS:5700,goal:1,sine:1,thAx:0,allAx:9,thDist:-9}
2909. k3_rlvect_1(sK0,sK1,k3_rlvect_1(sK0,k3_rlvect_1(sK0,k3_rlvect_1(sK0,k3_rlvect_1(sK0,sK2,sK3),sK4),sK5),sK6)) != k3_rlvect_1(sK0,k3_rlvect_1(sK0,k3_rlvect_1(sK0,sK1,k3_rlvect_1(sK0,k3_rlvect_1(sK0,sK2,sK3),sK4)),sK5),sK6) | ~m1_subset_1(X0,u1_struct_0(sK0)) | ~v5_group_1(sK0) | ~v3_group_1(sK0) | ~v4_rlvect_1(sK0) | ~v3_rlvect_1(sK0) | ~v2_rlvect_1(sK0) | ~v33_algstr_0(sK0) | ~v13_algstr_0(sK0) | v6_struct_0(sK0) | v2_struct_0(sK0) <- (~1, 4, 5, 6, 7, 8, 9, 10) [subsumption resolution 2908,745] {a:1,w:55,wCS:5500,goal:1,sine:1,thAx:0,allAx:9,thDist:-9}
2910. k3_rlvect_1(sK0,sK1,k3_rlvect_1(sK0,k3_rlvect_1(sK0,k3_rlvect_1(sK0,k3_rlvect_1(sK0,sK2,sK3),sK4),sK5),sK6)) != k3_rlvect_1(sK0,k3_rlvect_1(sK0,k3_rlvect_1(sK0,sK1,k3_rlvect_1(sK0,k3_rlvect_1(sK0,sK2,sK3),sK4)),sK5),sK6) | ~m1_subset_1(X0,u1_struct_0(sK0)) | ~v3_group_1(sK0) | ~v4_rlvect_1(sK0) | ~v3_rlvect_1(sK0) | ~v2_rlvect_1(sK0) | ~v33_algstr_0(sK0) | ~v13_algstr_0(sK0) | v6_struct_0(sK0) | v2_struct_0(sK0) <- (~1, 4, 5, 6, 7, 8, 9, 10, 11) [subsumption resolution 2909,750] {a:1,w:53,wCS:5300,goal:1,sine:1,thAx:0,allAx:9,thDist:-9}
2911. k3_rlvect_1(sK0,sK1,k3_rlvect_1(sK0,k3_rlvect_1(sK0,k3_rlvect_1(sK0,k3_rlvect_1(sK0,sK2,sK3),sK4),sK5),sK6)) != k3_rlvect_1(sK0,k3_rlvect_1(sK0,k3_rlvect_1(sK0,sK1,k3_rlvect_1(sK0,k3_rlvect_1(sK0,sK2,sK3),sK4)),sK5),sK6) | ~m1_subset_1(X0,u1_struct_0(sK0)) | ~v4_rlvect_1(sK0) | ~v3_rlvect_1(sK0) | ~v2_rlvect_1(sK0) | ~v33_algstr_0(sK0) | ~v13_algstr_0(sK0) | v6_struct_0(sK0) | v2_struct_0(sK0) <- (~1, 4, 5, 6, 7, 8, 9, 10, 11, 12) [subsumption resolution 2910,755] {a:1,w:51,wCS:5100,goal:1,sine:1,thAx:0,allAx:9,thDist:-9}
2912. k3_rlvect_1(sK0,sK1,k3_rlvect_1(sK0,k3_rlvect_1(sK0,k3_rlvect_1(sK0,k3_rlvect_1(sK0,sK2,sK3),sK4),sK5),sK6)) != k3_rlvect_1(sK0,k3_rlvect_1(sK0,k3_rlvect_1(sK0,sK1,k3_rlvect_1(sK0,k3_rlvect_1(sK0,sK2,sK3),sK4)),sK5),sK6) | ~m1_subset_1(X0,u1_struct_0(sK0)) | ~v3_rlvect_1(sK0) | ~v2_rlvect_1(sK0) | ~v33_algstr_0(sK0) | ~v13_algstr_0(sK0) | v6_struct_0(sK0) | v2_struct_0(sK0) <- (~1, 4, 5, 6, 7, 8, 9, 10, 11, 12, 13) [subsumption resolution 2911,760] {a:1,w:49,wCS:4900,goal:1,sine:1,thAx:0,allAx:9,thDist:-9}
2913. k3_rlvect_1(sK0,sK1,k3_rlvect_1(sK0,k3_rlvect_1(sK0,k3_rlvect_1(sK0,k3_rlvect_1(sK0,sK2,sK3),sK4),sK5),sK6)) != k3_rlvect_1(sK0,k3_rlvect_1(sK0,k3_rlvect_1(sK0,sK1,k3_rlvect_1(sK0,k3_rlvect_1(sK0,sK2,sK3),sK4)),sK5),sK6) | ~m1_subset_1(X0,u1_struct_0(sK0)) | ~v2_rlvect_1(sK0) | ~v33_algstr_0(sK0) | ~v13_algstr_0(sK0) | v6_struct_0(sK0) | v2_struct_0(sK0) <- (~1, 4, 5, 6, 7, 8, 9, 10, 11, 12, 13, 14) [subsumption resolution 2912,765] {a:1,w:47,wCS:4700,goal:1,sine:1,thAx:0,allAx:9,thDist:-9}
2914. k3_rlvect_1(sK0,sK1,k3_rlvect_1(sK0,k3_rlvect_1(sK0,k3_rlvect_1(sK0,k3_rlvect_1(sK0,sK2,sK3),sK4),sK5),sK6)) != k3_rlvect_1(sK0,k3_rlvect_1(sK0,k3_rlvect_1(sK0,sK1,k3_rlvect_1(sK0,k3_rlvect_1(sK0,sK2,sK3),sK4)),sK5),sK6) | ~m1_subset_1(X0,u1_struct_0(sK0)) | ~v33_algstr_0(sK0) | ~v13_algstr_0(sK0) | v6_struct_0(sK0) | v2_struct_0(sK0) <- (~1, 4, 5, 6, 7, 8, 9, 10, 11, 12, 13, 14, 15) [subsumption resolution 2913,770] {a:1,w:45,wCS:4500,goal:1,sine:1,thAx:0,allAx:9,thDist:-9}
2915. k3_rlvect_1(sK0,sK1,k3_rlvect_1(sK0,k3_rlvect_1(sK0,k3_rlvect_1(sK0,k3_rlvect_1(sK0,sK2,sK3),sK4),sK5),sK6)) != k3_rlvect_1(sK0,k3_rlvect_1(sK0,k3_rlvect_1(sK0,sK1,k3_rlvect_1(sK0,k3_rlvect_1(sK0,sK2,sK3),sK4)),sK5),sK6) | ~m1_subset_1(X0,u1_struct_0(sK0)) | ~v13_algstr_0(sK0) | v6_struct_0(sK0) | v2_struct_0(sK0) <- (~1, 4, 5, 6, 7, 8, 9, 10, 11, 12, 13, 14, 15, 16) [subsumption resolution 2914,775] {a:1,w:43,wCS:4300,goal:1,sine:1,thAx:0,allAx:9,thDist:-9}
2916. k3_rlvect_1(sK0,sK1,k3_rlvect_1(sK0,k3_rlvect_1(sK0,k3_rlvect_1(sK0,k3_rlvect_1(sK0,sK2,sK3),sK4),sK5),sK6)) != k3_rlvect_1(sK0,k3_rlvect_1(sK0,k3_rlvect_1(sK0,sK1,k3_rlvect_1(sK0,k3_rlvect_1(sK0,sK2,sK3),sK4)),sK5),sK6) | ~m1_subset_1(X0,u1_struct_0(sK0)) | v6_struct_0(sK0) | v2_struct_0(sK0) <- (~1, 4, 5, 6, 7, 8, 9, 10, 11, 12, 13, 14, 15, 16, 17) [subsumption resolution 2915,780] {a:1,w:41,wCS:4100,goal:1,sine:1,thAx:0,allAx:9,thDist:-9}
2917. k3_rlvect_1(sK0,sK1,k3_rlvect_1(sK0,k3_rlvect_1(sK0,k3_rlvect_1(sK0,k3_rlvect_1(sK0,sK2,sK3),sK4),sK5),sK6)) != k3_rlvect_1(sK0,k3_rlvect_1(sK0,k3_rlvect_1(sK0,sK1,k3_rlvect_1(sK0,k3_rlvect_1(sK0,sK2,sK3),sK4)),sK5),sK6) | ~m1_subset_1(X0,u1_struct_0(sK0)) | v2_struct_0(sK0) <- (~1, 4, 5, 6, 7, 8, 9, 10, 11, 12, 13, 14, 15, 16, 17, ~18) [subsumption resolution 2916,785] {a:1,w:39,wCS:3900,goal:1,sine:1,thAx:0,allAx:9,thDist:-9}
2918. k3_rlvect_1(sK0,sK1,k3_rlvect_1(sK0,k3_rlvect_1(sK0,k3_rlvect_1(sK0,k3_rlvect_1(sK0,sK2,sK3),sK4),sK5),sK6)) != k3_rlvect_1(sK0,k3_rlvect_1(sK0,k3_rlvect_1(sK0,sK1,k3_rlvect_1(sK0,k3_rlvect_1(sK0,sK2,sK3),sK4)),sK5),sK6) | ~m1_subset_1(X0,u1_struct_0(sK0)) <- (~1, 4, 5, 6, 7, 8, 9, 10, 11, 12, 13, 14, 15, 16, 17, ~18, ~19) [subsumption resolution 2917,790] {a:1,w:37,wCS:3700,goal:1,sine:1,thAx:0,allAx:9,thDist:-9}
2920. 263 <=> ! [X0] : ~m1_subset_1(X0,u1_struct_0(sK0)) [avatar definition]
2921. ~m1_subset_1(X0,u1_struct_0(sK0)) <- (263) [avatar component clause 2920] {a:1,w:4,wCS:400,nSel:1,goal:1,sine:255,thAx:0,allAx:9,thDist:-9}
2923. 264 <=> k3_rlvect_1(sK0,sK1,k3_rlvect_1(sK0,k3_rlvect_1(sK0,k3_rlvect_1(sK0,k3_rlvect_1(sK0,sK2,sK3),sK4),sK5),sK6)) = k3_rlvect_1(sK0,k3_rlvect_1(sK0,k3_rlvect_1(sK0,sK1,k3_rlvect_1(sK0,k3_rlvect_1(sK0,sK2,sK3),sK4)),sK5),sK6) [avatar definition]
2925. k3_rlvect_1(sK0,sK1,k3_rlvect_1(sK0,k3_rlvect_1(sK0,k3_rlvect_1(sK0,k3_rlvect_1(sK0,sK2,sK3),sK4),sK5),sK6)) != k3_rlvect_1(sK0,k3_rlvect_1(sK0,k3_rlvect_1(sK0,sK1,k3_rlvect_1(sK0,k3_rlvect_1(sK0,sK2,sK3),sK4)),sK5),sK6) <- (~264) [avatar component clause 2923] {a:1,w:33,wCS:3300,nSel:1,goal:1,sine:255,thAx:0,allAx:9,thDist:-9}
2926. 263 | ~264 | 1 | ~4 | ~5 | ~6 | ~7 | ~8 | ~9 | ~10 | ~11 | ~12 | ~13 | ~14 | ~15 | ~16 | ~17 | 18 | 19 [avatar split clause 2918,788,783,778,773,768,763,758,753,748,743,738,733,728,723,718,713,698,2923,2920]
3764. k3_rlvect_1(sK0,sK1,k3_rlvect_1(sK0,k3_rlvect_1(sK0,k3_rlvect_1(sK0,k3_rlvect_1(sK0,sK2,sK3),sK4),sK5),sK6)) != k3_rlvect_1(sK0,sK1,k3_rlvect_1(sK0,k3_rlvect_1(sK0,k3_rlvect_1(sK0,k3_rlvect_1(sK0,sK2,sK3),sK4),sK5),sK6)) | ~m1_subset_1(X0,u1_struct_0(sK0)) | ~m1_subset_1(sK6,u1_struct_0(sK0)) | ~m1_subset_1(sK5,u1_struct_0(sK0)) | ~m1_subset_1(k3_rlvect_1(sK0,k3_rlvect_1(sK0,sK2,sK3),sK4),u1_struct_0(sK0)) | ~m1_subset_1(sK1,u1_struct_0(sK0)) | ~l6_algstr_0(sK0) | ~v5_vectsp_1(sK0) | ~v4_vectsp_1(sK0) | ~v5_group_1(sK0) | ~v3_group_1(sK0) | ~v4_rlvect_1(sK0) | ~v3_rlvect_1(sK0) | ~v2_rlvect_1(sK0) | ~v33_algstr_0(sK0) | ~v13_algstr_0(sK0) | v6_struct_0(sK0) | v2_struct_0(sK0) <- (~264) [superposition 2925,527] {a:2,w:83,wCS:8300,goal:1,sine:1,thAx:0,allAx:10,thDist:-10}
3767. ~m1_subset_1(X0,u1_struct_0(sK0)) | ~m1_subset_1(sK6,u1_struct_0(sK0)) | ~m1_subset_1(sK5,u1_struct_0(sK0)) | ~m1_subset_1(k3_rlvect_1(sK0,k3_rlvect_1(sK0,sK2,sK3),sK4),u1_struct_0(sK0)) | ~m1_subset_1(sK1,u1_struct_0(sK0)) | ~l6_algstr_0(sK0) | ~v5_vectsp_1(sK0) | ~v4_vectsp_1(sK0) | ~v5_group_1(sK0) | ~v3_group_1(sK0) | ~v4_rlvect_1(sK0) | ~v3_rlvect_1(sK0) | ~v2_rlvect_1(sK0) | ~v33_algstr_0(sK0) | ~v13_algstr_0(sK0) | v6_struct_0(sK0) | v2_struct_0(sK0) <- (~264) [trivial inequality removal 3764] {a:2,w:50,wCS:5000,goal:1,sine:1,thAx:0,allAx:10,thDist:-10}
3772. 310 <=> m1_subset_1(k3_rlvect_1(sK0,sK2,sK3),u1_struct_0(sK0)) [avatar definition]
3773. m1_subset_1(k3_rlvect_1(sK0,sK2,sK3),u1_struct_0(sK0)) <- (310) [avatar component clause 3772] {a:2,w:7,wCS:700,nSel:1,goal:1,sine:255,thAx:0,allAx:10,thDist:-10}
3774. ~m1_subset_1(k3_rlvect_1(sK0,sK2,sK3),u1_struct_0(sK0)) <- (~310) [avatar component clause 3772] {a:2,w:7,wCS:700,nSel:1,goal:1,sine:255,thAx:0,allAx:10,thDist:-10}
3796. ~m1_subset_1(X0,u1_struct_0(sK0)) | ~m1_subset_1(sK5,u1_struct_0(sK0)) | ~m1_subset_1(k3_rlvect_1(sK0,k3_rlvect_1(sK0,sK2,sK3),sK4),u1_struct_0(sK0)) | ~m1_subset_1(sK1,u1_struct_0(sK0)) | ~l6_algstr_0(sK0) | ~v5_vectsp_1(sK0) | ~v4_vectsp_1(sK0) | ~v5_group_1(sK0) | ~v3_group_1(sK0) | ~v4_rlvect_1(sK0) | ~v3_rlvect_1(sK0) | ~v2_rlvect_1(sK0) | ~v33_algstr_0(sK0) | ~v13_algstr_0(sK0) | v6_struct_0(sK0) | v2_struct_0(sK0) <- (2, ~264) [subsumption resolution 3767,705] {a:2,w:46,wCS:4600,goal:1,sine:1,thAx:0,allAx:10,thDist:-10}
3797. ~m1_subset_1(X0,u1_struct_0(sK0)) | ~m1_subset_1(k3_rlvect_1(sK0,k3_rlvect_1(sK0,sK2,sK3),sK4),u1_struct_0(sK0)) | ~m1_subset_1(sK1,u1_struct_0(sK0)) | ~l6_algstr_0(sK0) | ~v5_vectsp_1(sK0) | ~v4_vectsp_1(sK0) | ~v5_group_1(sK0) | ~v3_group_1(sK0) | ~v4_rlvect_1(sK0) | ~v3_rlvect_1(sK0) | ~v2_rlvect_1(sK0) | ~v33_algstr_0(sK0) | ~v13_algstr_0(sK0) | v6_struct_0(sK0) | v2_struct_0(sK0) <- (2, 3, ~264) [subsumption resolution 3796,710] {a:2,w:42,wCS:4200,goal:1,sine:1,thAx:0,allAx:10,thDist:-10}
3798. ~m1_subset_1(X0,u1_struct_0(sK0)) | ~m1_subset_1(k3_rlvect_1(sK0,k3_rlvect_1(sK0,sK2,sK3),sK4),u1_struct_0(sK0)) | ~l6_algstr_0(sK0) | ~v5_vectsp_1(sK0) | ~v4_vectsp_1(sK0) | ~v5_group_1(sK0) | ~v3_group_1(sK0) | ~v4_rlvect_1(sK0) | ~v3_rlvect_1(sK0) | ~v2_rlvect_1(sK0) | ~v33_algstr_0(sK0) | ~v13_algstr_0(sK0) | v6_struct_0(sK0) | v2_struct_0(sK0) <- (2, 3, 7, ~264) [subsumption resolution 3797,730] {a:2,w:38,wCS:3800,goal:1,sine:1,thAx:0,allAx:10,thDist:-10}
3799. ~m1_subset_1(X0,u1_struct_0(sK0)) | ~m1_subset_1(k3_rlvect_1(sK0,k3_rlvect_1(sK0,sK2,sK3),sK4),u1_struct_0(sK0)) | ~v5_vectsp_1(sK0) | ~v4_vectsp_1(sK0) | ~v5_group_1(sK0) | ~v3_group_1(sK0) | ~v4_rlvect_1(sK0) | ~v3_rlvect_1(sK0) | ~v2_rlvect_1(sK0) | ~v33_algstr_0(sK0) | ~v13_algstr_0(sK0) | v6_struct_0(sK0) | v2_struct_0(sK0) <- (2, 3, 7, 8, ~264) [subsumption resolution 3798,735] {a:2,w:36,wCS:3600,goal:1,sine:1,thAx:0,allAx:10,thDist:-10}
3800. ~m1_subset_1(X0,u1_struct_0(sK0)) | ~m1_subset_1(k3_rlvect_1(sK0,k3_rlvect_1(sK0,sK2,sK3),sK4),u1_struct_0(sK0)) | ~v4_vectsp_1(sK0) | ~v5_group_1(sK0) | ~v3_group_1(sK0) | ~v4_rlvect_1(sK0) | ~v3_rlvect_1(sK0) | ~v2_rlvect_1(sK0) | ~v33_algstr_0(sK0) | ~v13_algstr_0(sK0) | v6_struct_0(sK0) | v2_struct_0(sK0) <- (2, 3, 7, 8, 9, ~264) [subsumption resolution 3799,740] {a:2,w:34,wCS:3400,goal:1,sine:1,thAx:0,allAx:10,thDist:-10}
3801. ~m1_subset_1(X0,u1_struct_0(sK0)) | ~m1_subset_1(k3_rlvect_1(sK0,k3_rlvect_1(sK0,sK2,sK3),sK4),u1_struct_0(sK0)) | ~v5_group_1(sK0) | ~v3_group_1(sK0) | ~v4_rlvect_1(sK0) | ~v3_rlvect_1(sK0) | ~v2_rlvect_1(sK0) | ~v33_algstr_0(sK0) | ~v13_algstr_0(sK0) | v6_struct_0(sK0) | v2_struct_0(sK0) <- (2, 3, 7, 8, 9, 10, ~264) [subsumption resolution 3800,745] {a:2,w:32,wCS:3200,goal:1,sine:1,thAx:0,allAx:10,thDist:-10}
3802. ~m1_subset_1(X0,u1_struct_0(sK0)) | ~m1_subset_1(k3_rlvect_1(sK0,k3_rlvect_1(sK0,sK2,sK3),sK4),u1_struct_0(sK0)) | ~v3_group_1(sK0) | ~v4_rlvect_1(sK0) | ~v3_rlvect_1(sK0) | ~v2_rlvect_1(sK0) | ~v33_algstr_0(sK0) | ~v13_algstr_0(sK0) | v6_struct_0(sK0) | v2_struct_0(sK0) <- (2, 3, 7, 8, 9, 10, 11, ~264) [subsumption resolution 3801,750] {a:2,w:30,wCS:3000,goal:1,sine:1,thAx:0,allAx:10,thDist:-10}
3803. ~m1_subset_1(X0,u1_struct_0(sK0)) | ~m1_subset_1(k3_rlvect_1(sK0,k3_rlvect_1(sK0,sK2,sK3),sK4),u1_struct_0(sK0)) | ~v4_rlvect_1(sK0) | ~v3_rlvect_1(sK0) | ~v2_rlvect_1(sK0) | ~v33_algstr_0(sK0) | ~v13_algstr_0(sK0) | v6_struct_0(sK0) | v2_struct_0(sK0) <- (2, 3, 7, 8, 9, 10, 11, 12, ~264) [subsumption resolution 3802,755] {a:2,w:28,wCS:2800,goal:1,sine:1,thAx:0,allAx:10,thDist:-10}
3804. ~m1_subset_1(X0,u1_struct_0(sK0)) | ~m1_subset_1(k3_rlvect_1(sK0,k3_rlvect_1(sK0,sK2,sK3),sK4),u1_struct_0(sK0)) | ~v3_rlvect_1(sK0) | ~v2_rlvect_1(sK0) | ~v33_algstr_0(sK0) | ~v13_algstr_0(sK0) | v6_struct_0(sK0) | v2_struct_0(sK0) <- (2, 3, 7, 8, 9, 10, 11, 12, 13, ~264) [subsumption resolution 3803,760] {a:2,w:26,wCS:2600,goal:1,sine:1,thAx:0,allAx:10,thDist:-10}
3805. ~m1_subset_1(X0,u1_struct_0(sK0)) | ~m1_subset_1(k3_rlvect_1(sK0,k3_rlvect_1(sK0,sK2,sK3),sK4),u1_struct_0(sK0)) | ~v2_rlvect_1(sK0) | ~v33_algstr_0(sK0) | ~v13_algstr_0(sK0) | v6_struct_0(sK0) | v2_struct_0(sK0) <- (2, 3, 7, 8, 9, 10, 11, 12, 13, 14, ~264) [subsumption resolution 3804,765] {a:2,w:24,wCS:2400,goal:1,sine:1,thAx:0,allAx:10,thDist:-10}
3806. ~m1_subset_1(X0,u1_struct_0(sK0)) | ~m1_subset_1(k3_rlvect_1(sK0,k3_rlvect_1(sK0,sK2,sK3),sK4),u1_struct_0(sK0)) | ~v33_algstr_0(sK0) | ~v13_algstr_0(sK0) | v6_struct_0(sK0) | v2_struct_0(sK0) <- (2, 3, 7, 8, 9, 10, 11, 12, 13, 14, 15, ~264) [subsumption resolution 3805,770] {a:2,w:22,wCS:2200,goal:1,sine:1,thAx:0,allAx:10,thDist:-10}
3807. ~m1_subset_1(X0,u1_struct_0(sK0)) | ~m1_subset_1(k3_rlvect_1(sK0,k3_rlvect_1(sK0,sK2,sK3),sK4),u1_struct_0(sK0)) | ~v13_algstr_0(sK0) | v6_struct_0(sK0) | v2_struct_0(sK0) <- (2, 3, 7, 8, 9, 10, 11, 12, 13, 14, 15, 16, ~264) [subsumption resolution 3806,775] {a:2,w:20,wCS:2000,goal:1,sine:1,thAx:0,allAx:10,thDist:-10}
3808. ~m1_subset_1(X0,u1_struct_0(sK0)) | ~m1_subset_1(k3_rlvect_1(sK0,k3_rlvect_1(sK0,sK2,sK3),sK4),u1_struct_0(sK0)) | v6_struct_0(sK0) | v2_struct_0(sK0) <- (2, 3, 7, 8, 9, 10, 11, 12, 13, 14, 15, 16, 17, ~264) [subsumption resolution 3807,780] {a:2,w:18,wCS:1800,goal:1,sine:1,thAx:0,allAx:10,thDist:-10}
3809. ~m1_subset_1(X0,u1_struct_0(sK0)) | ~m1_subset_1(k3_rlvect_1(sK0,k3_rlvect_1(sK0,sK2,sK3),sK4),u1_struct_0(sK0)) | v2_struct_0(sK0) <- (2, 3, 7, 8, 9, 10, 11, 12, 13, 14, 15, 16, 17, ~18, ~264) [subsumption resolution 3808,785] {a:2,w:16,wCS:1600,goal:1,sine:1,thAx:0,allAx:10,thDist:-10}
3810. ~m1_subset_1(X0,u1_struct_0(sK0)) | ~m1_subset_1(k3_rlvect_1(sK0,k3_rlvect_1(sK0,sK2,sK3),sK4),u1_struct_0(sK0)) <- (2, 3, 7, 8, 9, 10, 11, 12, 13, 14, 15, 16, 17, ~18, ~19, ~264) [subsumption resolution 3809,790] {a:2,w:14,wCS:1400,goal:1,sine:1,thAx:0,allAx:10,thDist:-10}
3812. 313 <=> m1_subset_1(k3_rlvect_1(sK0,k3_rlvect_1(sK0,sK2,sK3),sK4),u1_struct_0(sK0)) [avatar definition]
3814. ~m1_subset_1(k3_rlvect_1(sK0,k3_rlvect_1(sK0,sK2,sK3),sK4),u1_struct_0(sK0)) <- (~313) [avatar component clause 3812] {a:2,w:10,wCS:1000,nSel:1,goal:1,sine:255,thAx:0,allAx:10,thDist:-10}
3815. ~313 | 263 | ~2 | ~3 | ~7 | ~8 | ~9 | ~10 | ~11 | ~12 | ~13 | ~14 | ~15 | ~16 | ~17 | 18 | 19 | 264 [avatar split clause 3810,2923,788,783,778,773,768,763,758,753,748,743,738,733,728,708,703,2920,3812]
3829. ~m1_subset_1(sK3,u1_struct_0(sK0)) | ~m1_subset_1(sK2,u1_struct_0(sK0)) | ~l1_algstr_0(sK0) | ~v2_rlvect_1(sK0) <- (~310) [resolution 3774,645] {a:3,w:12,wCS:1200,goal:1,sine:1,thAx:0,allAx:11,thDist:-11}
3831. ~m1_subset_1(sK2,u1_struct_0(sK0)) | ~l1_algstr_0(sK0) | ~v2_rlvect_1(sK0) <- (5, ~310) [subsumption resolution 3829,720] {a:3,w:8,wCS:800,goal:1,sine:1,thAx:0,allAx:11,thDist:-11}
3832. ~l1_algstr_0(sK0) | ~v2_rlvect_1(sK0) <- (5, 6, ~310) [subsumption resolution 3831,725] {a:3,w:4,wCS:400,goal:1,sine:1,thAx:0,allAx:11,thDist:-11}
3833. ~v2_rlvect_1(sK0) <- (5, 6, 81, ~310) [subsumption resolution 3832,1111] {a:3,w:2,wCS:200,goal:1,sine:1,thAx:0,allAx:11,thDist:-11}
3834. $false <- (5, 6, 15, 81, ~310) [subsumption resolution 3833,770] {a:3,w:0,goal:1,sine:1,thAx:0,allAx:11,thDist:-11}
3835. ~5 | ~6 | ~15 | ~81 | 310 [avatar contradiction clause 3834]
4164. ~m1_subset_1(sK4,u1_struct_0(sK0)) | ~m1_subset_1(k3_rlvect_1(sK0,sK2,sK3),u1_struct_0(sK0)) | ~l1_algstr_0(sK0) | ~v2_rlvect_1(sK0) <- (~313) [resolution 3814,645] {a:3,w:15,wCS:1500,goal:1,sine:1,thAx:0,allAx:11,thDist:-11}
4168. ~m1_subset_1(k3_rlvect_1(sK0,sK2,sK3),u1_struct_0(sK0)) | ~l1_algstr_0(sK0) | ~v2_rlvect_1(sK0) <- (4, ~313) [subsumption resolution 4164,715] {a:3,w:11,wCS:1100,goal:1,sine:1,thAx:0,allAx:11,thDist:-11}
4169. ~l1_algstr_0(sK0) | ~v2_rlvect_1(sK0) <- (4, 310, ~313) [subsumption resolution 4168,3773] {a:3,w:4,wCS:400,goal:1,sine:1,thAx:0,allAx:11,thDist:-11}
4170. ~v2_rlvect_1(sK0) <- (4, 81, 310, ~313) [subsumption resolution 4169,1111] {a:3,w:2,wCS:200,goal:1,sine:1,thAx:0,allAx:11,thDist:-11}
4171. $false <- (4, 15, 81, 310, ~313) [subsumption resolution 4170,770] {a:3,w:0,goal:1,sine:1,thAx:0,allAx:11,thDist:-11}
4172. ~4 | ~15 | ~81 | ~310 | 313 [avatar contradiction clause 4171]
4244. $false <- (263) [resolution 2921,632] {a:2,w:0,goal:1,sine:1,thAx:0,allAx:11,thDist:-11}
4245. ~263 [avatar contradiction clause 4244]
4301. $false [avatar sat refutation 701,706,711,716,721,726,731,736,741,746,751,756,761,766,771,776,781,786,791,1088,1112,2926,3815,3835,4172,4245] {a:0,w:0,goal:1,sine:0,thAx:0,allAx:5474,thDist:-5474}
% SZS output end Proof for ec_pf_2__t9_ec_pf_2
% ------------------------------
% Version: Vampire 4.5.1 (commit 226f88162 on 2021-09-12 20:13:44 +0200)
% Termination reason: Refutation

% >>> Input
% Input formulas: 144
% >>> Preprocessing
% Introduced skolems: 51
% Pure predicates: 10
% Unused predicate definitions: 1
% 
% >>> Saturation
% Initial clauses: 278
% Generated clauses: 2405
% Active clauses: 510
% Passive clauses: 777
% Final active clauses: 502
% Final passive clauses: 249
% Main loop iterations started: 528
% 
% >>> Simplifying Inferences
% Duplicate literals: 415
% Trivial inequalities: 1
% Fw subsumption resolutions: 755
% Fw demodulations: 3
% 
% >>> Deletion Inferences
% Simple tautologies: 122
% Forward subsumptions: 192
% 
% >>> Generating Inferences
% Binary resolution: 642
% Unit resulting resolution: 44
% Forward superposition: 211
% Backward superposition: 39
% Self superposition: 7
% 
% >>> AVATAR
% Split clauses: 107
% Split components: 225
% Sat splitting refutations: 70
% 
% >>> SAT Solver Statistics
% SAT solver clauses: 431
% SAT solver unit clauses: 73
% SAT solver binary clauses: 148
% 
% Memory used [KB]: 12537
% Time elapsed: 0.033 s
% ------------------------------
% ------------------------------
% Time measurement results:
% parsing: 0.001 s
% preprocessing: 0.001 s
% SAT solver time: 0.001 s
% term sharing: 0.002 s
% congruence closure: 0.005 s
% backward superposition index maintenance: 0.001 s
% forward subsumption: 0.002 s
% forward subsumption resolution: 0.002 s
% resolution: 0.001 s ( own 0.0000 s ) 
% unit resulting resolution: 0.007 s ( own 0.006 s ) 
% superposition: 0.001 s
% literal selection: 0.001 s
% passive container maintenance: 0.001 s
% other: 0.033 s ( own 0.009 s ) 

