i: [1,44,0,2,1,1,0,0] t26_orders_1
a: [3,70,0,2,1,44]
s: 70
i: [1,43,0,2,1,1,0,0] t26_orders_1
a: [3,75,0,2,1,43]
s: 75
i: [1,45,0,4,1,1,0,0] t26_orders_1
a: [3,65,0,4,1,45]
s: 65
i: [1,53,0,4,1,0,0,255] fc6_relat_1
s: 53
i: [1,54,0,5,1,0,0,255] idempotence_k3_xboole_0
s: 54
i: [1,46,0,6,3,0,0,1] d4_orders_1
s: 46
d: [2,77,1,4,2,1,40,46,70]
d: [2,78,1,2,1,2,21,77,75]
a: [3,82,1,2,1,78]
s: 82
i: [1,47,0,6,3,0,0,1] d4_orders_1
s: 47
d: [2,84,1,4,2,1,40,47,70]
d: [2,85,1,2,1,2,21,84,75]
a: [3,89,1,2,1,85]
s: 89
i: [1,48,0,6,3,0,0,1] d4_orders_1
s: 48
i: [1,56,0,6,2,0,0,1] dt_k2_wellord1
s: 56
d: [2,91,1,4,2,1,40,48,70]
d: [2,92,1,2,1,2,21,91,75]
a: [3,96,1,2,1,92]
s: 96
i: [1,57,0,6,2,0,0,3] fc1_relat_1
s: 57
i: [1,55,0,7,1,0,0,255] commutativity_k3_xboole_0
s: 55
i: [1,51,0,8,3,0,0,2] t17_wellord1
s: 51
i: [1,52,0,8,3,0,0,2] t15_wellord1
s: 52
d: [2,99,1,6,2,0,44,57,55]
s: 99
i: [1,49,0,10,5,0,0,1] d4_orders_1
s: 49
d: [2,100,1,6,2,0,44,57,55]
s: 100
i: [1,58,0,10,4,0,0,2] fc18_relat_2
s: 58
i: [1,59,0,10,4,0,0,2] fc19_relat_2
s: 59
d: [2,107,1,10,4,0,44,58,55]
s: 107
i: [1,50,0,11,2,0,0,255] d6_wellord1
s: 50
d: [2,122,1,14,5,0,44,58,50]
d: [2,128,1,12,4,0,18,122]
d: [2,133,1,8,3,0,21,128,53]
s: 133
i: [1,60,0,12,5,0,0,2] fc22_relat_2
s: 60
i: [1,61,0,12,5,0,0,2] fc5_relat_2
s: 61
d: [2,117,1,13,2,0,44,50,54]
d: [2,130,1,9,1,0,21,117,53]
s: 130
d: [2,120,1,13,2,0,44,54,50]
d: [2,131,1,9,1,0,21,120,53]
s: 131
d: [2,108,1,10,4,0,44,58,55]
s: 108
d: [2,121,1,16,5,0,44,59,50]
d: [2,129,1,14,4,0,18,121]
d: [2,132,1,10,3,0,21,129,53]
s: 132
d: [2,118,1,11,2,0,44,50,55]
s: 118
d: [2,119,1,11,2,0,44,50,55]
s: 119
d: [2,124,1,11,2,0,44,55,50]
s: 124
d: [2,125,1,11,2,0,44,55,50]
s: 125
d: [2,105,1,22,7,0,40,58,49]
d: [2,110,1,18,6,0,21,105,99]
s: 110
d: [2,111,1,22,7,0,40,59,49]
d: [2,116,1,18,6,0,21,111,99]
s: 116
d: [2,155,2,19,3,0,44,118,50]
d: [2,171,2,15,2,0,21,155,53]
d: [2,172,2,11,1,0,21,171,53]
s: 172
d: [2,165,2,19,3,0,44,50,118]
d: [2,173,2,15,2,0,21,165,53]
d: [2,174,2,11,1,0,21,173,53]
s: 174
d: [2,202,3,10,2,0,44,56,172]
d: [2,210,3,6,1,0,21,202,53]
s: 210
d: [2,134,2,20,6,0,40,133,49]
d: [2,135,2,16,5,0,21,134,56]
s: 135
d: [2,179,2,22,7,0,44,110,50]
d: [2,182,2,20,6,0,18,179]
d: [2,185,2,16,5,0,21,182,53]
s: 185
d: [2,206,3,10,2,0,44,56,172]
d: [2,214,3,6,1,0,21,206,53]
s: 214
d: [2,192,2,22,7,0,44,116,118]
d: [2,193,2,20,6,0,18,192]
d: [2,198,2,16,5,0,21,193,53]
s: 198
d: [2,199,3,14,3,0,44,133,172]
d: [2,207,3,10,2,0,21,199,53]
s: 207
d: [2,177,2,18,6,0,44,110,55]
s: 177
d: [2,178,2,18,6,0,44,110,55]
s: 178
d: [2,200,3,14,3,0,44,52,172]
d: [2,208,3,10,2,0,21,200,53]
s: 208
d: [2,175,2,22,9,0,40,110,60]
d: [2,184,2,18,7,0,18,175]
s: 184
d: [2,201,3,14,3,0,44,51,172]
d: [2,209,3,10,2,0,21,201,53]
s: 209
d: [2,180,2,24,7,0,44,110,118]
d: [2,181,2,22,6,0,18,180]
d: [2,186,2,18,5,0,21,181,53]
s: 186
d: [2,187,2,22,9,0,40,116,60]
d: [2,196,2,18,7,0,18,187]
s: 196
d: [2,203,3,14,3,0,44,133,172]
d: [2,211,3,10,2,0,21,203,53]
s: 211
d: [2,191,2,24,7,0,44,116,50]
d: [2,194,2,22,6,0,18,191]
d: [2,197,2,18,5,0,21,194,53]
s: 197
d: [2,204,3,14,3,0,44,52,172]
d: [2,212,3,10,2,0,21,204,53]
s: 212
d: [2,205,3,14,3,0,44,51,172]
d: [2,213,3,10,2,0,21,205,53]
s: 213
d: [2,218,3,16,6,0,40,135,51]
d: [2,222,3,14,5,0,18,218]
s: 222
d: [2,227,4,10,2,0,44,207,172]
s: 227
d: [2,235,3,18,7,0,44,184,55]
s: 235
d: [2,228,4,10,2,0,44,207,172]
s: 228
d: [2,236,3,18,7,0,44,184,55]
s: 236
d: [2,233,3,22,10,0,40,184,61]
d: [2,242,3,18,8,0,18,233]
s: 242
d: [2,231,4,10,2,0,44,208,172]
s: 231
d: [2,237,3,24,8,0,44,184,50]
d: [2,240,3,22,7,0,18,237]
d: [2,243,3,18,6,0,21,240,53]
s: 243
d: [2,232,4,10,2,0,44,208,172]
s: 232
d: [2,250,3,22,10,0,40,196,61]
d: [2,259,3,18,8,0,18,250]
s: 259
d: [2,255,3,24,8,0,44,196,118]
d: [2,256,3,22,7,0,18,255]
d: [2,261,3,18,6,0,21,256,53]
s: 261
d: [2,247,4,10,2,0,44,209,172]
s: 247
d: [2,238,3,26,8,0,44,184,118]
d: [2,239,3,24,7,0,18,238]
d: [2,244,3,20,6,0,21,239,53]
s: 244
d: [2,248,4,10,2,0,44,209,172]
s: 248
d: [2,254,3,26,8,0,44,196,50]
d: [2,257,3,24,7,0,18,254]
d: [2,260,3,20,6,0,21,257,53]
s: 260
d: [2,220,3,26,5,0,44,135,172]
d: [2,223,3,22,4,0,21,220,53]
s: 223
d: [2,262,4,14,6,0,40,222,52]
d: [2,267,4,12,5,0,18,262]
s: 267
d: [2,318,5,0,0,5,52,82,89,75,96,65,267]
e: 318
d: [2,319,5,8,4,1,40,267,65]
d: [2,327,5,6,3,2,21,319,96]
d: [2,328,5,4,2,3,21,327,75]
d: [2,329,5,2,1,4,21,328,89]
d: [2,330,5,0,0,5,21,329,82]
e: 330
f: 330,92,85,78,43,44,45
% Refutation found. Thanks to Tanya!
% SZS status Theorem for orders_1__t26_orders_1
% SZS output start Proof for orders_1__t26_orders_1
1. ! [X0] : (v1_relat_1(X0) => ! [X1] : (v2_orders_1(X0) => v2_orders_1(k2_wellord1(X0,X1)))) [input t26_orders_1]
2. ~! [X0] : (v1_relat_1(X0) => ! [X1] : (v2_orders_1(X0) => v2_orders_1(k2_wellord1(X0,X1)))) [negated conjecture 1]
4. ! [X0] : (v1_relat_1(X0) => (v2_orders_1(X0) <=> (v4_relat_2(X0) & v8_relat_2(X0) & v1_relat_2(X0)))) [input d4_orders_1]
5. ! [X0] : (v1_relat_1(X0) => ! [X1] : k2_wellord1(X0,X1) = k3_xboole_0(X0,k2_zfmisc_1(X1,X1))) [input d6_wellord1]
6. ! [X0,X1] : (v1_relat_1(X0) => v1_relat_1(k2_wellord1(X0,X1))) [input dt_k2_wellord1]
9. ! [X0,X1] : ((v1_relat_1(X1) & v4_relat_2(X0) & v1_relat_1(X0)) => v4_relat_2(k3_xboole_0(X0,X1))) [input fc18_relat_2]
14. ! [X0,X1] : v1_relat_1(k2_zfmisc_1(X0,X1)) [input fc6_relat_1]
16. ! [X0] : ! [X1] : (v1_relat_1(X1) => (v1_relat_2(X1) => v1_relat_2(k2_wellord1(X1,X0)))) [input t15_wellord1]
17. ! [X0] : ! [X1] : (v1_relat_1(X1) => (v8_relat_2(X1) => v8_relat_2(k2_wellord1(X1,X0)))) [input t17_wellord1]
18. ! [X0,X1] : (v1_relat_1(X1) => (v8_relat_2(X1) => v8_relat_2(k2_wellord1(X1,X0)))) [flattening 17]
19. ! [X0,X1] : (v1_relat_1(X1) => (v1_relat_2(X1) => v1_relat_2(k2_wellord1(X1,X0)))) [flattening 16]
21. ? [X0] : (? [X1] : (~v2_orders_1(k2_wellord1(X0,X1)) & v2_orders_1(X0)) & v1_relat_1(X0)) [ennf transformation 2]
22. ! [X0] : ((v2_orders_1(X0) <=> (v4_relat_2(X0) & v8_relat_2(X0) & v1_relat_2(X0))) | ~v1_relat_1(X0)) [ennf transformation 4]
23. ! [X0] : (! [X1] : k2_wellord1(X0,X1) = k3_xboole_0(X0,k2_zfmisc_1(X1,X1)) | ~v1_relat_1(X0)) [ennf transformation 5]
24. ! [X0,X1] : ((v8_relat_2(k2_wellord1(X1,X0)) | ~v8_relat_2(X1)) | ~v1_relat_1(X1)) [ennf transformation 18]
25. ! [X0,X1] : (v8_relat_2(k2_wellord1(X1,X0)) | ~v8_relat_2(X1) | ~v1_relat_1(X1)) [flattening 24]
26. ! [X0,X1] : ((v1_relat_2(k2_wellord1(X1,X0)) | ~v1_relat_2(X1)) | ~v1_relat_1(X1)) [ennf transformation 19]
27. ! [X0,X1] : (v1_relat_2(k2_wellord1(X1,X0)) | ~v1_relat_2(X1) | ~v1_relat_1(X1)) [flattening 26]
28. ! [X0,X1] : (v1_relat_1(k2_wellord1(X0,X1)) | ~v1_relat_1(X0)) [ennf transformation 6]
30. ! [X0,X1] : (v4_relat_2(k3_xboole_0(X0,X1)) | (~v1_relat_1(X1) | ~v4_relat_2(X0) | ~v1_relat_1(X0))) [ennf transformation 9]
31. ! [X0,X1] : (v4_relat_2(k3_xboole_0(X0,X1)) | ~v1_relat_1(X1) | ~v4_relat_2(X0) | ~v1_relat_1(X0)) [flattening 30]
38. ? [X0] : (? [X1] : (~v2_orders_1(k2_wellord1(X0,X1)) & v2_orders_1(X0)) & v1_relat_1(X0)) => (? [X1] : (~v2_orders_1(k2_wellord1(sK0,X1)) & v2_orders_1(sK0)) & v1_relat_1(sK0)) [choice axiom]
39. ? [X1] : (~v2_orders_1(k2_wellord1(sK0,X1)) & v2_orders_1(sK0)) => (~v2_orders_1(k2_wellord1(sK0,sK1)) & v2_orders_1(sK0)) [choice axiom]
40. (~v2_orders_1(k2_wellord1(sK0,sK1)) & v2_orders_1(sK0)) & v1_relat_1(sK0) [skolemisation 21,39,38]
41. ! [X0] : (((v2_orders_1(X0) | (~v4_relat_2(X0) | ~v8_relat_2(X0) | ~v1_relat_2(X0))) & ((v4_relat_2(X0) & v8_relat_2(X0) & v1_relat_2(X0)) | ~v2_orders_1(X0))) | ~v1_relat_1(X0)) [nnf transformation 22]
42. ! [X0] : (((v2_orders_1(X0) | ~v4_relat_2(X0) | ~v8_relat_2(X0) | ~v1_relat_2(X0)) & ((v4_relat_2(X0) & v8_relat_2(X0) & v1_relat_2(X0)) | ~v2_orders_1(X0))) | ~v1_relat_1(X0)) [flattening 41]
43. v1_relat_1(sK0) [cnf transformation 40] {a:0,w:2,wCS:200,goal:1,sine:0,thAx:0,allAx:3,thDist:-3}
44. v2_orders_1(sK0) [cnf transformation 40] {a:0,w:2,wCS:200,goal:1,sine:0,thAx:0,allAx:3,thDist:-3}
45. ~v2_orders_1(k2_wellord1(sK0,sK1)) [cnf transformation 40] {a:0,w:4,wCS:400,goal:1,sine:0,thAx:0,allAx:3,thDist:-3}
46. ~v2_orders_1(X0) | v1_relat_2(X0) | ~v1_relat_1(X0) [cnf transformation 42] {a:0,w:6,wCS:2400,nSel:1,sine:1,thAx:0,allAx:1,thDist:-1}
47. ~v2_orders_1(X0) | v8_relat_2(X0) | ~v1_relat_1(X0) [cnf transformation 42] {a:0,w:6,wCS:2400,nSel:1,sine:1,thAx:0,allAx:1,thDist:-1}
48. ~v2_orders_1(X0) | v4_relat_2(X0) | ~v1_relat_1(X0) [cnf transformation 42] {a:0,w:6,wCS:2400,nSel:1,sine:1,thAx:0,allAx:1,thDist:-1}
49. ~v4_relat_2(X0) | v2_orders_1(X0) | ~v8_relat_2(X0) | ~v1_relat_2(X0) | ~v1_relat_1(X0) [cnf transformation 42] {a:0,w:10,wCS:4000,nSel:1,sine:1,thAx:0,allAx:1,thDist:-1}
50. k2_wellord1(X0,X1) = k3_xboole_0(X0,k2_zfmisc_1(X1,X1)) | ~v1_relat_1(X0) [cnf transformation 23] {a:0,w:11,wCS:4400,nSel:1,sine:255,thAx:0,allAx:1,thDist:-1}
51. v8_relat_2(k2_wellord1(X1,X0)) | ~v8_relat_2(X1) | ~v1_relat_1(X1) [cnf transformation 25] {a:0,w:8,wCS:3200,nSel:1,sine:2,thAx:0,allAx:1,thDist:-1}
52. v1_relat_2(k2_wellord1(X1,X0)) | ~v1_relat_2(X1) | ~v1_relat_1(X1) [cnf transformation 27] {a:0,w:8,wCS:3200,nSel:1,sine:2,thAx:0,allAx:1,thDist:-1}
53. v1_relat_1(k2_zfmisc_1(X0,X1)) [cnf transformation 14] {a:0,w:4,wCS:1600,nSel:1,sine:255,thAx:0,allAx:1,thDist:-1}
56. v1_relat_1(k2_wellord1(X0,X1)) | ~v1_relat_1(X0) [cnf transformation 28] {a:0,w:6,wCS:2400,nSel:1,sine:1,thAx:0,allAx:1,thDist:-1}
58. v4_relat_2(k3_xboole_0(X0,X1)) | ~v1_relat_1(X1) | ~v4_relat_2(X0) | ~v1_relat_1(X0) [cnf transformation 31] {a:0,w:10,wCS:4000,nSel:1,sine:2,thAx:0,allAx:1,thDist:-1}
63. 1 <=> v2_orders_1(k2_wellord1(sK0,sK1)) [avatar definition]
65. ~v2_orders_1(k2_wellord1(sK0,sK1)) <- (~1) [avatar component clause 63] {a:0,w:4,wCS:400,nSel:1,goal:1,sine:255,thAx:0,allAx:3,thDist:-3}
66. ~1 [avatar split clause 45,63]
68. 2 <=> v2_orders_1(sK0) [avatar definition]
70. v2_orders_1(sK0) <- (2) [avatar component clause 68] {a:0,w:2,wCS:200,nSel:1,goal:1,sine:255,thAx:0,allAx:3,thDist:-3}
71. 2 [avatar split clause 44,68]
73. 3 <=> v1_relat_1(sK0) [avatar definition]
75. v1_relat_1(sK0) <- (3) [avatar component clause 73] {a:0,w:2,wCS:200,nSel:1,goal:1,sine:255,thAx:0,allAx:3,thDist:-3}
76. 3 [avatar split clause 43,73]
77. v1_relat_2(sK0) | ~v1_relat_1(sK0) <- (2) [resolution 46,70] {a:1,w:4,wCS:400,goal:1,sine:1,thAx:0,allAx:4,thDist:-4}
78. v1_relat_2(sK0) <- (2, 3) [subsumption resolution 77,75] {a:1,w:2,wCS:200,goal:1,sine:1,thAx:0,allAx:4,thDist:-4}
80. 4 <=> v1_relat_2(sK0) [avatar definition]
82. v1_relat_2(sK0) <- (4) [avatar component clause 80] {a:1,w:2,wCS:200,nSel:1,goal:1,sine:255,thAx:0,allAx:4,thDist:-4}
83. 4 | ~2 | ~3 [avatar split clause 78,73,68,80]
84. v8_relat_2(sK0) | ~v1_relat_1(sK0) <- (2) [resolution 47,70] {a:1,w:4,wCS:400,goal:1,sine:1,thAx:0,allAx:4,thDist:-4}
85. v8_relat_2(sK0) <- (2, 3) [subsumption resolution 84,75] {a:1,w:2,wCS:200,goal:1,sine:1,thAx:0,allAx:4,thDist:-4}
87. 5 <=> v8_relat_2(sK0) [avatar definition]
89. v8_relat_2(sK0) <- (5) [avatar component clause 87] {a:1,w:2,wCS:200,nSel:1,goal:1,sine:255,thAx:0,allAx:4,thDist:-4}
90. 5 | ~2 | ~3 [avatar split clause 85,73,68,87]
91. v4_relat_2(sK0) | ~v1_relat_1(sK0) <- (2) [resolution 48,70] {a:1,w:4,wCS:400,goal:1,sine:1,thAx:0,allAx:4,thDist:-4}
92. v4_relat_2(sK0) <- (2, 3) [subsumption resolution 91,75] {a:1,w:2,wCS:200,goal:1,sine:1,thAx:0,allAx:4,thDist:-4}
94. 6 <=> v4_relat_2(sK0) [avatar definition]
96. v4_relat_2(sK0) <- (6) [avatar component clause 94] {a:1,w:2,wCS:200,nSel:1,goal:1,sine:255,thAx:0,allAx:4,thDist:-4}
97. 6 | ~2 | ~3 [avatar split clause 92,73,68,94]
122. v4_relat_2(k2_wellord1(X3,X4)) | ~v1_relat_1(k2_zfmisc_1(X4,X4)) | ~v4_relat_2(X3) | ~v1_relat_1(X3) | ~v1_relat_1(X3) [superposition 58,50] {a:1,w:14,wCS:5600,sine:2,thAx:0,allAx:2,thDist:-2}
128. v4_relat_2(k2_wellord1(X3,X4)) | ~v1_relat_1(k2_zfmisc_1(X4,X4)) | ~v4_relat_2(X3) | ~v1_relat_1(X3) [duplicate literal removal 122] {a:1,w:12,wCS:4800,sine:2,thAx:0,allAx:2,thDist:-2}
133. v4_relat_2(k2_wellord1(X3,X4)) | ~v4_relat_2(X3) | ~v1_relat_1(X3) [subsumption resolution 128,53] {a:1,w:8,wCS:3200,nSel:1,sine:2,thAx:0,allAx:2,thDist:-2}
134. ~v4_relat_2(X0) | ~v1_relat_1(X0) | v2_orders_1(k2_wellord1(X0,X1)) | ~v8_relat_2(k2_wellord1(X0,X1)) | ~v1_relat_2(k2_wellord1(X0,X1)) | ~v1_relat_1(k2_wellord1(X0,X1)) [resolution 133,49] {a:2,w:20,wCS:8000,sine:1,thAx:0,allAx:3,thDist:-3}
135. ~v8_relat_2(k2_wellord1(X0,X1)) | ~v1_relat_1(X0) | v2_orders_1(k2_wellord1(X0,X1)) | ~v4_relat_2(X0) | ~v1_relat_2(k2_wellord1(X0,X1)) [subsumption resolution 134,56] {a:2,w:16,wCS:6400,nSel:1,sine:1,thAx:0,allAx:3,thDist:-3}
218. ~v1_relat_1(X0) | v2_orders_1(k2_wellord1(X0,X1)) | ~v4_relat_2(X0) | ~v1_relat_2(k2_wellord1(X0,X1)) | ~v8_relat_2(X0) | ~v1_relat_1(X0) [resolution 135,51] {a:3,w:16,wCS:6400,sine:1,thAx:0,allAx:4,thDist:-4}
222. ~v1_relat_2(k2_wellord1(X0,X1)) | v2_orders_1(k2_wellord1(X0,X1)) | ~v4_relat_2(X0) | ~v1_relat_1(X0) | ~v8_relat_2(X0) [duplicate literal removal 218] {a:3,w:14,wCS:5600,nSel:1,sine:1,thAx:0,allAx:4,thDist:-4}
262. v2_orders_1(k2_wellord1(X0,X1)) | ~v4_relat_2(X0) | ~v1_relat_1(X0) | ~v8_relat_2(X0) | ~v1_relat_2(X0) | ~v1_relat_1(X0) [resolution 222,52] {a:4,w:14,wCS:5600,sine:1,thAx:0,allAx:5,thDist:-5}
267. v2_orders_1(k2_wellord1(X0,X1)) | ~v4_relat_2(X0) | ~v1_relat_1(X0) | ~v8_relat_2(X0) | ~v1_relat_2(X0) [duplicate literal removal 262] {a:4,w:12,wCS:4800,nSel:1,sine:1,thAx:0,allAx:5,thDist:-5}
319. ~v4_relat_2(sK0) | ~v1_relat_1(sK0) | ~v8_relat_2(sK0) | ~v1_relat_2(sK0) <- (~1) [resolution 267,65] {a:5,w:8,wCS:800,goal:1,sine:1,thAx:0,allAx:8,thDist:-8}
327. ~v1_relat_1(sK0) | ~v8_relat_2(sK0) | ~v1_relat_2(sK0) <- (~1, 6) [subsumption resolution 319,96] {a:5,w:6,wCS:600,goal:1,sine:1,thAx:0,allAx:8,thDist:-8}
328. ~v8_relat_2(sK0) | ~v1_relat_2(sK0) <- (~1, 3, 6) [subsumption resolution 327,75] {a:5,w:4,wCS:400,goal:1,sine:1,thAx:0,allAx:8,thDist:-8}
329. ~v1_relat_2(sK0) <- (~1, 3, 5, 6) [subsumption resolution 328,89] {a:5,w:2,wCS:200,goal:1,sine:1,thAx:0,allAx:8,thDist:-8}
330. $false <- (~1, 3, 4, 5, 6) [subsumption resolution 329,82] {a:5,w:0,goal:1,sine:1,thAx:0,allAx:8,thDist:-8}
331. 1 | ~3 | ~4 | ~5 | ~6 [avatar contradiction clause 330]
334. $false [avatar sat refutation 66,71,76,83,90,97,331] {a:0,w:0,goal:1,sine:0,thAx:0,allAx:64,thDist:-64}
% SZS output end Proof for orders_1__t26_orders_1
% ------------------------------
% Version: Vampire 4.5.1 (commit 226f88162 on 2021-09-12 20:13:44 +0200)
% Termination reason: Refutation

% >>> Input
% Input formulas: 16
% Introduced skolems: 2
% 
% >>> Saturation
% Initial clauses: 19
% Generated clauses: 265
% Active clauses: 47
% Passive clauses: 92
% Final active clauses: 47
% Final passive clauses: 20
% Main loop iterations started: 72
% 
% >>> Simplifying Inferences
% Duplicate literals: 50
% Fw subsumption resolutions: 50
% 
% >>> Deletion Inferences
% Simple tautologies: 16
% Forward subsumptions: 84
% 
% >>> Generating Inferences
% Binary resolution: 32
% Unit resulting resolution: 1
% Forward superposition: 88
% Backward superposition: 31
% 
% >>> AVATAR
% Sat splitting refutations: 2
% 
% >>> SAT Solver Statistics
% SAT solver clauses: 10
% SAT solver unit clauses: 3
% 
% Memory used [KB]: 9466
% Time elapsed: 0.003 s
% ------------------------------
% ------------------------------
% Time measurement results:
% parsing: 0.001 s
% unit clause index maintenance: 0.001 s
% forward subsumption resolution: 0.001 s
% other: 0.003 s ( own 0.0000 s ) 

