i: [1,832,0,2,1,1,0,0] t41_euclid_7
a: [3,1363,0,2,1,832]
s: 1363
i: [1,833,0,5,1,1,0,0] t41_euclid_7
a: [3,1358,0,5,1,833]
s: 1358
i: [1,834,0,2,1,0,0,2] fc7_card_1
a: [3,1368,0,2,1,834]
s: 1368
i: [1,835,0,2,1,0,0,255] fc6_numbers
a: [3,1373,0,2,1,835]
s: 1373
i: [1,836,0,2,1,0,0,255] fc7_numbers
a: [3,1378,0,2,1,836]
s: 1378
i: [1,837,0,2,1,0,0,255] fc8_numbers
a: [3,1383,0,2,1,837]
s: 1383
i: [1,838,0,2,1,0,0,255] spc1_boole
a: [3,1388,0,2,1,838]
s: 1388
i: [1,839,0,2,1,0,0,255] fc4_numbers
a: [3,1393,0,2,1,839]
s: 1393
i: [1,840,0,2,1,0,0,255] fc3_numbers
a: [3,1398,0,2,1,840]
s: 1398
i: [1,841,0,2,1,0,0,255] fc1_numbers
a: [3,1403,0,2,1,841]
s: 1403
i: [1,842,0,2,1,0,0,255] fc5_membered
a: [3,1408,0,2,1,842]
s: 1408
i: [1,843,0,2,1,0,0,255] fc4_membered
a: [3,1413,0,2,1,843]
s: 1413
i: [1,844,0,2,1,0,0,255] fc3_membered
a: [3,1418,0,2,1,844]
s: 1418
i: [1,845,0,2,1,0,0,2] fc6_membered
a: [3,1423,0,2,1,845]
s: 1423
i: [1,846,0,2,1,0,0,2] fc4_card_1
a: [3,1428,0,2,1,846]
s: 1428
i: [1,847,0,2,1,0,0,255] dt_o_0_0_xboole_0
a: [3,1433,0,2,1,847]
s: 1433
i: [1,848,0,2,1,0,0,255] fc1_xboole_0
a: [3,1438,0,2,1,848]
s: 1438
i: [1,854,0,2,1,0,0,255] spc1_numerals
a: [3,1483,0,2,1,854]
s: 1483
i: [1,1258,0,2,1,0,0,255] rc2_zfmisc_1
a: [3,1495,0,2,1,1258]
s: 1495
i: [1,1259,0,2,1,0,0,2] rc3_card_1
a: [3,1500,0,2,1,1259]
s: 1500
i: [1,1260,0,2,1,0,0,2] rc2_xboole_0
a: [3,1505,0,2,1,1260]
s: 1505
i: [1,1261,0,2,1,0,0,255] rc1_euclid_7
a: [3,1510,0,2,1,1261]
s: 1510
i: [1,1262,0,2,1,0,0,255] rc1_xreal_0
a: [3,1515,0,2,1,1262]
s: 1515
i: [1,1263,0,2,1,0,0,3] rc1_card_1
a: [3,1520,0,2,1,1263]
s: 1520
i: [1,1264,0,2,1,0,0,255] rc1_xxreal_0
a: [3,1525,0,2,1,1264]
s: 1525
i: [1,1265,0,2,1,0,0,2] rc1_xboole_0
a: [3,1530,0,2,1,1265]
s: 1530
i: [1,1267,0,2,1,0,0,255] rc2_euclid_7
a: [3,1535,0,2,1,1267]
s: 1535
i: [1,1266,0,2,1,0,0,255] rc2_euclid_7
a: [3,1540,0,2,1,1266]
s: 1540
i: [1,1269,0,2,1,0,0,255] rc7_funct_1
a: [3,1545,0,2,1,1269]
s: 1545
i: [1,1268,0,2,1,0,0,255] rc7_funct_1
a: [3,1550,0,2,1,1268]
s: 1550
i: [1,1271,0,2,1,0,0,3] rc1_membered
a: [3,1555,0,2,1,1271]
s: 1555
i: [1,1270,0,2,1,0,0,3] rc1_membered
a: [3,1560,0,2,1,1270]
s: 1560
i: [1,1273,0,2,1,0,0,3] rc2_membered
a: [3,1565,0,2,1,1273]
s: 1565
i: [1,1272,0,2,1,0,0,3] rc2_membered
a: [3,1570,0,2,1,1272]
s: 1570
i: [1,1275,0,2,1,0,0,255] rc3_membered
a: [3,1575,0,2,1,1275]
s: 1575
i: [1,1274,0,2,1,0,0,255] rc3_membered
a: [3,1580,0,2,1,1274]
s: 1580
i: [1,1277,0,2,1,0,0,255] rc1_zfmisc_1
a: [3,1585,0,2,1,1277]
s: 1585
i: [1,1276,0,2,1,0,0,255] rc1_zfmisc_1
a: [3,1590,0,2,1,1276]
s: 1590
i: [1,1279,0,2,1,0,0,255] rc8_finseq_1
a: [3,1595,0,2,1,1279]
s: 1595
i: [1,1278,0,2,1,0,0,255] rc8_finseq_1
a: [3,1600,0,2,1,1278]
s: 1600
i: [1,1281,0,2,1,0,0,2] rc1_finset_1
a: [3,1605,0,2,1,1281]
s: 1605
i: [1,1280,0,2,1,0,0,2] rc1_finset_1
a: [3,1610,0,2,1,1280]
s: 1610
i: [1,1284,0,2,1,0,0,255] rc8_finset_1
a: [3,1615,0,2,1,1284]
s: 1615
i: [1,1283,0,2,1,0,0,255] rc8_finset_1
a: [3,1620,0,2,1,1283]
s: 1620
i: [1,1282,0,2,1,0,0,255] rc8_finset_1
a: [3,1625,0,2,1,1282]
s: 1625
i: [1,1286,0,2,1,0,0,3] rc1_relat_1
a: [3,1630,0,2,1,1286]
s: 1630
i: [1,1285,0,2,1,0,0,3] rc1_relat_1
a: [3,1635,0,2,1,1285]
s: 1635
i: [1,1289,0,2,1,0,0,255] rc4_funct_1
a: [3,1640,0,2,1,1289]
s: 1640
i: [1,1288,0,2,1,0,0,255] rc4_funct_1
a: [3,1645,0,2,1,1288]
s: 1645
i: [1,1287,0,2,1,0,0,255] rc4_funct_1
a: [3,1650,0,2,1,1287]
s: 1650
i: [1,1292,0,2,1,0,0,255] rc9_finset_1
a: [3,1655,0,2,1,1292]
s: 1655
i: [1,1291,0,2,1,0,0,255] rc9_finset_1
a: [3,1660,0,2,1,1291]
s: 1660
i: [1,1290,0,2,1,0,0,255] rc9_finset_1
a: [3,1665,0,2,1,1290]
s: 1665
i: [1,1296,0,2,1,0,0,2] rc3_finset_1
a: [3,1670,0,2,1,1296]
s: 1670
i: [1,1295,0,2,1,0,0,2] rc3_finset_1
a: [3,1675,0,2,1,1295]
s: 1675
i: [1,1294,0,2,1,0,0,2] rc3_finset_1
a: [3,1680,0,2,1,1294]
s: 1680
i: [1,1293,0,2,1,0,0,2] rc3_finset_1
a: [3,1685,0,2,1,1293]
s: 1685
i: [1,1303,0,2,1,0,0,255] rc2_valued_0
a: [3,1690,0,2,1,1303]
s: 1690
i: [1,1302,0,2,1,0,0,255] rc2_valued_0
a: [3,1695,0,2,1,1302]
s: 1695
i: [1,1301,0,2,1,0,0,255] rc2_valued_0
a: [3,1700,0,2,1,1301]
s: 1700
i: [1,1298,0,2,1,0,0,255] rc2_valued_0
a: [3,1715,0,2,1,1298]
s: 1715
i: [1,1297,0,2,1,0,0,255] rc2_valued_0
a: [3,1720,0,2,1,1297]
s: 1720
i: [1,1306,0,2,1,0,0,255] rc3_xreal_0
a: [3,1725,0,2,1,1306]
s: 1725
i: [1,1305,0,2,1,0,0,255] rc3_xreal_0
a: [3,1730,0,2,1,1305]
s: 1730
i: [1,1304,0,2,1,0,0,255] rc3_xreal_0
a: [3,1735,0,2,1,1304]
s: 1735
i: [1,1309,0,2,1,0,0,255] rc2_xreal_0
a: [3,1740,0,2,1,1309]
s: 1740
i: [1,1308,0,2,1,0,0,255] rc2_xreal_0
a: [3,1745,0,2,1,1308]
s: 1745
i: [1,1307,0,2,1,0,0,255] rc2_xreal_0
a: [3,1750,0,2,1,1307]
s: 1750
i: [1,1311,0,2,1,0,0,255] rc3_xxreal_0
a: [3,1755,0,2,1,1311]
s: 1755
i: [1,1310,0,2,1,0,0,255] rc3_xxreal_0
a: [3,1760,0,2,1,1310]
s: 1760
i: [1,1313,0,2,1,0,0,255] rc2_xxreal_0
a: [3,1765,0,2,1,1313]
s: 1765
i: [1,1312,0,2,1,0,0,255] rc2_xxreal_0
a: [3,1770,0,2,1,1312]
s: 1770
i: [1,1316,0,2,1,0,0,255] rc4_xreal_0
a: [3,1775,0,2,1,1316]
s: 1775
i: [1,1315,0,2,1,0,0,255] rc4_xreal_0
a: [3,1780,0,2,1,1315]
s: 1780
i: [1,1314,0,2,1,0,0,255] rc4_xreal_0
a: [3,1785,0,2,1,1314]
s: 1785
i: [1,1318,0,2,1,0,0,255] rc4_xxreal_0
a: [3,1790,0,2,1,1318]
s: 1790
i: [1,1317,0,2,1,0,0,255] rc4_xxreal_0
a: [3,1795,0,2,1,1317]
s: 1795
i: [1,1319,0,2,1,0,0,255] rc2_relat_1
a: [3,1800,0,2,1,1319]
s: 1800
i: [1,1321,0,2,1,0,0,255] rc3_funct_1
a: [3,1805,0,2,1,1321]
s: 1805
i: [1,1320,0,2,1,0,0,255] rc3_funct_1
a: [3,1810,0,2,1,1320]
s: 1810
i: [1,1328,0,2,1,0,0,255] rc5_finseq_1
a: [3,1815,0,2,1,1328]
s: 1815
i: [1,1327,0,2,1,0,0,255] rc5_finseq_1
a: [3,1820,0,2,1,1327]
s: 1820
i: [1,1326,0,2,1,0,0,255] rc5_finseq_1
a: [3,1825,0,2,1,1326]
s: 1825
i: [1,1325,0,2,1,0,0,255] rc5_finseq_1
a: [3,1830,0,2,1,1325]
s: 1830
i: [1,1324,0,2,1,0,0,255] rc5_finseq_1
a: [3,1835,0,2,1,1324]
s: 1835
i: [1,1322,0,2,1,0,0,255] rc5_finseq_1
a: [3,1845,0,2,1,1322]
s: 1845
i: [1,1330,0,2,1,0,0,3] rc1_funct_1
a: [3,1850,0,2,1,1330]
s: 1850
i: [1,1329,0,2,1,0,0,3] rc1_funct_1
a: [3,1855,0,2,1,1329]
s: 1855
i: [1,1333,0,2,1,0,0,255] rc5_funct_1
a: [3,1860,0,2,1,1333]
s: 1860
i: [1,1332,0,2,1,0,0,255] rc5_funct_1
a: [3,1865,0,2,1,1332]
s: 1865
i: [1,1331,0,2,1,0,0,255] rc5_funct_1
a: [3,1870,0,2,1,1331]
s: 1870
i: [1,1335,0,2,1,0,0,255] rc2_funct_1
a: [3,1875,0,2,1,1335]
s: 1875
i: [1,1334,0,2,1,0,0,255] rc2_funct_1
a: [3,1880,0,2,1,1334]
s: 1880
i: [1,1338,0,2,1,0,0,255] rc1_valued_0
a: [3,1885,0,2,1,1338]
s: 1885
i: [1,1337,0,2,1,0,0,255] rc1_valued_0
a: [3,1890,0,2,1,1337]
s: 1890
i: [1,1336,0,2,1,0,0,255] rc1_valued_0
a: [3,1895,0,2,1,1336]
s: 1895
i: [1,1341,0,2,1,0,0,255] rc3_finseq_1
a: [3,1900,0,2,1,1341]
s: 1900
i: [1,1340,0,2,1,0,0,255] rc3_finseq_1
a: [3,1905,0,2,1,1340]
s: 1905
i: [1,1339,0,2,1,0,0,255] rc3_finseq_1
a: [3,1910,0,2,1,1339]
s: 1910
i: [1,1348,0,2,1,0,0,255] rc4_finseq_1
a: [3,1915,0,2,1,1348]
s: 1915
i: [1,1347,0,2,1,0,0,255] rc4_finseq_1
a: [3,1920,0,2,1,1347]
s: 1920
i: [1,1346,0,2,1,0,0,255] rc4_finseq_1
a: [3,1925,0,2,1,1346]
s: 1925
i: [1,1345,0,2,1,0,0,255] rc4_finseq_1
a: [3,1930,0,2,1,1345]
s: 1930
i: [1,1344,0,2,1,0,0,255] rc4_finseq_1
a: [3,1935,0,2,1,1344]
s: 1935
i: [1,1342,0,2,1,0,0,255] rc4_finseq_1
a: [3,1945,0,2,1,1342]
s: 1945
i: [1,1351,0,2,1,0,0,255] rc2_nat_1
a: [3,1950,0,2,1,1351]
s: 1950
i: [1,1350,0,2,1,0,0,255] rc2_nat_1
a: [3,1955,0,2,1,1350]
s: 1955
i: [1,858,0,3,1,0,0,255] fc12_finseq_1
s: 858
i: [1,859,0,3,1,0,0,2] fc1_subset_1
s: 859
i: [1,860,0,3,1,0,0,255] fc22_finseq_1
s: 860
i: [1,861,0,3,1,0,0,255] fc27_finseq_1
s: 861
i: [1,862,0,3,1,0,0,2] dt_k1_card_1
s: 862
i: [1,1149,0,3,1,0,0,255] rc9_funct_1
s: 1149
i: [1,1151,0,3,1,0,0,255] rc9_funct_1
s: 1151
i: [1,1152,0,3,1,0,0,255] rc9_finseq_1
s: 1152
i: [1,1155,0,3,1,0,0,255] rc9_finseq_1
s: 1155
i: [1,1156,0,3,1,0,0,255] rc9_finseq_1
s: 1156
i: [1,1157,0,3,1,0,0,255] rc9_finseq_1
s: 1157
i: [1,1158,0,3,1,0,0,255] rc9_finseq_1
s: 1158
i: [1,1160,0,3,1,0,0,255] rc2_finseq_1
s: 1160
i: [1,1163,0,3,1,0,0,255] rc2_finseq_1
s: 1163
i: [1,1164,0,3,1,0,0,255] rc2_finseq_1
s: 1164
i: [1,1165,0,3,1,0,0,255] rc2_finseq_1
s: 1165
i: [1,1166,0,3,1,0,0,255] rc2_finseq_1
s: 1166
i: [1,1168,0,3,1,0,0,255] rc1_finseq_2
s: 1168
i: [1,1170,0,3,1,0,0,2] rc2_subset_1
s: 1170
i: [1,1174,0,3,1,0,0,255] rc1_finseq_1
s: 1174
i: [1,1177,0,3,1,0,0,255] rc1_finseq_1
s: 1177
i: [1,1178,0,3,1,0,0,255] rc1_finseq_1
s: 1178
i: [1,1179,0,3,1,0,0,255] reflexivity_r1_tarski
s: 1179
i: [1,849,0,3,1,0,0,255] d2_xboole_0
a: [3,1443,0,3,1,849]
s: 1443
r: 1438
i: [1,850,0,3,1,0,0,2] redefinition_k5_numbers
a: [3,1448,0,3,1,850]
s: 1448
r: 1428
r: 1423
r: 1368
d: [2,1963,0,2,1,2,23,1428,1448]
a: [3,1969,0,2,1,1963]
s: 1969
d: [2,1964,0,2,1,2,23,1423,1448]
a: [3,1974,0,2,1,1964]
s: 1974
d: [2,1965,0,2,1,2,23,1368,1448]
a: [3,1979,0,2,1,1965]
s: 1979
i: [1,851,0,3,1,0,0,255] rqLessOrEqual__r1_xxreal_0__r1_r1
a: [3,1453,0,3,1,851]
s: 1453
i: [1,852,0,3,1,0,0,255] t1_numerals
a: [3,1458,0,3,1,852]
s: 1458
i: [1,857,0,3,1,0,0,255] spc1_numerals
a: [3,1468,0,3,1,857]
s: 1468
i: [1,856,0,3,1,0,0,255] spc1_numerals
a: [3,1473,0,3,1,856]
s: 1473
i: [1,1300,0,3,1,0,0,255] rc2_valued_0
a: [3,1705,0,3,1,1300]
s: 1705
i: [1,1299,0,3,1,0,0,255] rc2_valued_0
a: [3,1710,0,3,1,1299]
s: 1710
i: [1,1323,0,3,1,0,0,255] rc5_finseq_1
a: [3,1840,0,3,1,1323]
s: 1840
i: [1,1343,0,3,1,0,0,255] rc4_finseq_1
a: [3,1940,0,3,1,1343]
s: 1940
d: [2,1981,0,3,1,2,22,1458,1448]
d: [2,1982,0,3,1,3,22,1981,1443]
a: [3,1986,0,3,1,1982]
s: 1986
i: [1,863,0,4,1,0,0,255] dt_k3_finseq_2
s: 863
i: [1,866,0,4,2,0,0,255] cc2_zfmisc_1
s: 866
d: [2,1988,1,2,1,1,40,866,1433]
a: [3,1997,1,2,1,1988]
s: 1997
i: [1,872,0,4,2,0,0,255] cc5_finset_1
s: 872
d: [2,1991,1,2,1,1,40,866,1530]
a: [3,2002,1,2,1,1991]
s: 2002
i: [1,906,0,4,2,0,0,255] cc3_euclid_7
s: 906
i: [1,907,0,4,2,0,0,255] cc3_euclid_7
s: 907
d: [2,1992,1,2,1,1,40,866,1785]
a: [3,2007,1,2,1,1992]
s: 2007
i: [1,910,0,4,2,0,0,255] cc2_membered
s: 910
d: [2,1993,1,2,1,1,40,866,1795]
a: [3,2012,1,2,1,1993]
s: 2012
i: [1,911,0,4,2,0,0,255] cc3_membered
s: 911
i: [1,914,0,4,2,0,0,255] cc5_membered
s: 914
d: [2,2014,1,2,1,1,40,872,1585]
a: [3,2019,1,2,1,2014]
s: 2019
i: [1,915,0,4,2,0,0,255] cc4_membered
s: 915
d: [2,2032,1,2,1,1,40,906,1535]
a: [3,2036,1,2,1,2032]
s: 2036
i: [1,918,0,4,2,0,0,255] cc2_xreal_0
s: 918
i: [1,919,0,4,2,0,0,3] cc3_card_1
s: 919
d: [2,2080,1,2,1,1,40,918,1363]
a: [3,2084,1,2,1,2080]
s: 2084
i: [1,920,0,4,2,0,0,255] cc2_xxreal_0
s: 920
d: [2,2086,1,2,1,1,40,919,1363]
a: [3,2090,1,2,1,2086]
s: 2090
i: [1,921,0,4,2,0,0,1] cc5_card_1
s: 921
i: [1,931,0,4,2,0,0,255] cc1_nat_1
s: 931
d: [2,2092,1,2,1,1,40,920,1363]
a: [3,2096,1,2,1,2092]
s: 2096
i: [1,934,0,4,2,0,0,255] cc3_nat_1
s: 934
d: [2,2098,1,2,1,1,40,921,1363]
a: [3,2102,1,2,1,2098]
s: 2102
i: [1,957,0,4,2,0,0,255] cc4_xreal_0
s: 957
i: [1,969,0,4,2,0,0,255] cc1_membered
s: 969
d: [2,2104,1,2,1,1,40,931,1363]
a: [3,2108,1,2,1,2104]
s: 2108
i: [1,972,0,4,2,0,0,255] cc4_finset_1
s: 972
d: [2,2038,1,2,1,1,40,907,1535]
a: [3,2042,1,2,1,2038]
s: 2042
i: [1,974,0,4,2,0,0,255] cc1_card_1
s: 974
i: [1,975,0,4,2,0,0,255] cc9_finseq_1
s: 975
d: [2,2050,1,2,1,1,40,910,1408]
a: [3,2054,1,2,1,2050]
s: 2054
i: [1,990,0,4,2,0,0,255] cc1_euclid_7
s: 990
d: [2,2062,1,2,1,1,40,911,1413]
a: [3,2066,1,2,1,2062]
s: 2066
i: [1,991,0,4,2,0,0,255] cc2_euclid_7
s: 991
i: [1,992,0,4,2,0,0,255] cc6_finset_1
s: 992
d: [2,2068,1,2,1,1,40,914,1418]
a: [3,2072,1,2,1,2068]
s: 2072
i: [1,993,0,4,2,0,0,255] cc7_funct_1
s: 993
d: [2,2074,1,2,1,1,40,915,1418]
a: [3,2078,1,2,1,2074]
s: 2078
i: [1,994,0,4,2,0,0,3] cc18_membered
s: 994
i: [1,995,0,4,2,0,0,255] cc1_zfmisc_1
s: 995
d: [2,2110,1,2,1,1,40,934,1730]
a: [3,2115,1,2,1,2110]
s: 2115
i: [1,996,0,4,2,0,0,3] cc2_card_1
s: 996
d: [2,2111,1,2,1,1,40,934,1755]
a: [3,2120,1,2,1,2111]
s: 2120
i: [1,997,0,4,2,0,0,255] cc8_finseq_1
s: 997
i: [1,998,0,4,2,0,0,2] cc1_finset_1
s: 998
d: [2,2123,1,2,1,1,40,957,1515]
a: [3,2130,1,2,1,2123]
s: 2130
i: [1,999,0,4,2,0,0,3] cc1_funct_1
s: 999
d: [2,2132,1,2,1,1,40,969,1974]
a: [3,2139,1,2,1,2132]
s: 2139
i: [1,1000,0,4,2,0,0,3] cc1_relat_1
s: 1000
i: [1,1145,0,4,1,0,0,255] existence_m2_finseq_1
s: 1145
d: [2,2133,1,2,1,1,40,969,1555]
a: [3,2144,1,2,1,2133]
s: 2144
i: [1,1146,0,4,1,0,0,255] existence_m1_finseq_1
s: 1146
d: [2,2134,1,2,1,1,40,969,1565]
a: [3,2149,1,2,1,2134]
s: 2149
i: [1,1147,0,4,1,0,0,255] existence_m1_finseq_2
s: 1147
i: [1,1148,0,4,1,0,0,2] existence_m1_subset_1
s: 1148
d: [2,2135,1,2,1,1,40,969,1575]
a: [3,2154,1,2,1,2135]
s: 2154
i: [1,1150,0,4,1,0,0,255] rc9_funct_1
s: 1150
d: [2,2156,1,2,1,1,40,974,1969]
a: [3,2163,1,2,1,2156]
s: 2163
i: [1,1153,0,4,1,0,0,255] rc9_finseq_1
s: 1153
i: [1,1154,0,4,1,0,0,255] rc9_finseq_1
s: 1154
d: [2,2159,1,2,1,1,40,974,1520]
a: [3,2168,1,2,1,2159]
s: 2168
i: [1,1159,0,4,1,0,0,255] rc2_finseq_1
s: 1159
d: [2,2170,1,2,1,1,40,975,1595]
a: [3,2175,1,2,1,2170]
s: 2175
i: [1,1161,0,4,1,0,0,255] rc2_finseq_1
s: 1161
i: [1,1162,0,4,1,0,0,255] rc2_finseq_1
s: 1162
d: [2,2183,1,2,1,1,40,990,1433]
a: [3,2192,1,2,1,2183]
s: 2192
i: [1,1167,0,4,1,0,0,255] rc1_finseq_2
s: 1167
d: [2,2186,1,2,1,1,40,990,1530]
a: [3,2197,1,2,1,2186]
s: 2197
i: [1,1172,0,4,1,0,0,255] rc3_subset_1
s: 1172
i: [1,1175,0,4,1,0,0,255] rc1_finseq_1
s: 1175
d: [2,2187,1,2,1,1,40,990,1785]
a: [3,2202,1,2,1,2187]
s: 2202
i: [1,1176,0,4,1,0,0,255] rc1_finseq_1
s: 1176
d: [2,2188,1,2,1,1,40,990,1795]
a: [3,2207,1,2,1,2188]
s: 2207
i: [1,1180,0,4,1,0,0,255] fc6_relat_1
s: 1180
i: [1,1237,0,4,1,0,0,255] rc3_relat_1
s: 1237
d: [2,2221,1,2,1,1,40,991,1433]
a: [3,2230,1,2,1,2221]
s: 2230
i: [1,1240,0,4,1,0,0,255] rc6_funct_1
s: 1240
d: [2,2224,1,2,1,1,40,991,1530]
a: [3,2235,1,2,1,2224]
s: 2235
i: [1,1243,0,4,1,0,0,255] rc6_funct_1
s: 1243
i: [1,1244,0,4,1,0,0,255] rc5_finset_1
s: 1244
d: [2,2225,1,2,1,1,40,991,1785]
a: [3,2240,1,2,1,2225]
s: 2240
i: [1,1247,0,4,1,0,0,255] rc5_finset_1
s: 1247
d: [2,2226,1,2,1,1,40,991,1795]
a: [3,2245,1,2,1,2226]
s: 2245
i: [1,1248,0,4,1,0,0,255] rc5_finset_1
s: 1248
i: [1,1250,0,4,1,0,0,255] rc1_relset_1
s: 1250
d: [2,2247,1,2,1,1,40,992,1433]
a: [3,2256,1,2,1,2247]
s: 2256
i: [1,1251,0,4,1,0,0,255] rc1_relset_1
s: 1251
d: [2,2250,1,2,1,1,40,992,1530]
a: [3,2261,1,2,1,2250]
s: 2261
i: [1,853,0,4,1,0,0,255] dt_k5_numbers
a: [3,1463,0,4,1,853]
s: 1463
i: [1,855,0,4,1,0,0,255] spc1_numerals
a: [3,1478,0,4,1,855]
s: 1478
d: [2,2251,1,2,1,1,40,992,1785]
a: [3,2266,1,2,1,2251]
s: 2266
i: [1,1349,0,4,1,0,0,255] rc2_nat_1
a: [3,1960,0,4,1,1349]
s: 1960
d: [2,2252,1,2,1,1,40,992,1795]
a: [3,2271,1,2,1,2252]
s: 2271
i: [1,864,0,5,1,0,0,255] redefinition_k3_finseq_2
s: 864
r: 863
d: [2,2474,0,4,1,0,23,863,864]
s: 2474
d: [2,2273,1,2,1,1,40,993,1433]
a: [3,2282,1,2,1,2273]
s: 2282
i: [1,868,0,5,2,0,0,255] rc6_subset_1
s: 868
d: [2,2276,1,2,1,1,40,993,1530]
a: [3,2287,1,2,1,2276]
s: 2287
i: [1,870,0,5,2,0,0,255] rc7_finset_1
s: 870
i: [1,871,0,5,2,0,0,255] rc7_finset_1
s: 871
d: [2,2277,1,2,1,1,40,993,1785]
a: [3,2292,1,2,1,2277]
s: 2292
i: [1,873,0,5,2,0,0,2] fc9_card_1
s: 873
d: [2,2278,1,2,1,1,40,993,1795]
a: [3,2297,1,2,1,2278]
s: 2297
i: [1,874,0,5,2,0,0,2] fc8_card_1
s: 874
i: [1,875,0,5,2,0,0,2] fc8_card_1
s: 875
d: [2,2299,1,2,1,1,40,994,1433]
a: [3,2308,1,2,1,2299]
s: 2308
i: [1,877,0,5,2,0,0,2] rc4_card_1
s: 877
d: [2,2302,1,2,1,1,40,994,1530]
a: [3,2313,1,2,1,2302]
s: 2313
i: [1,878,0,5,2,0,0,2] fc2_card_1
s: 878
i: [1,879,0,5,2,0,0,2] fc2_card_1
s: 879
d: [2,2303,1,2,1,1,40,994,1785]
a: [3,2318,1,2,1,2303]
s: 2318
i: [1,883,0,5,2,0,0,255] rc6_finseq_1
s: 883
d: [2,2304,1,2,1,1,40,994,1795]
a: [3,2323,1,2,1,2304]
s: 2323
i: [1,886,0,5,2,0,0,255] rc6_finseq_1
s: 886
i: [1,887,0,5,2,0,0,255] rc6_finseq_1
s: 887
d: [2,2325,1,2,1,1,40,996,1433]
a: [3,2334,1,2,1,2325]
s: 2334
i: [1,888,0,5,2,0,0,255] rc6_finseq_1
s: 888
d: [2,2328,1,2,1,1,40,996,1530]
a: [3,2339,1,2,1,2328]
s: 2339
i: [1,889,0,5,2,0,0,255] rc6_finseq_1
s: 889
i: [1,890,0,5,2,0,0,255] rc6_finseq_1
s: 890
d: [2,2329,1,2,1,1,40,996,1785]
a: [3,2344,1,2,1,2329]
s: 2344
i: [1,892,0,5,2,0,0,2] rc1_subset_1
s: 892
d: [2,2330,1,2,1,1,40,996,1795]
a: [3,2349,1,2,1,2330]
s: 2349
i: [1,894,0,5,2,0,0,255] rc5_subset_1
s: 894
i: [1,895,0,5,2,0,0,255] rc5_subset_1
s: 895
d: [2,2351,1,2,1,1,40,997,1433]
a: [3,2360,1,2,1,2351]
s: 2360
i: [1,897,0,5,2,0,0,2] rc2_finset_1
s: 897
d: [2,2354,1,2,1,1,40,997,1530]
a: [3,2365,1,2,1,2354]
s: 2365
i: [1,898,0,5,2,0,0,2] rc2_finset_1
s: 898
i: [1,922,0,5,2,0,0,2] fc1_euclid
s: 922
d: [2,2355,1,2,1,1,40,997,1785]
a: [3,2370,1,2,1,2355]
s: 2370
i: [1,923,0,5,2,0,0,255] fc9_euclid
s: 923
d: [2,2356,1,2,1,1,40,997,1795]
a: [3,2375,1,2,1,2356]
s: 2375
i: [1,924,0,5,2,0,0,1] fc13_euclid_7
s: 924
i: [1,935,0,5,2,0,0,1] l57_euclid_7
s: 935
d: [2,2387,1,2,1,1,40,999,1433]
a: [3,2396,1,2,1,2387]
s: 2396
i: [1,942,0,5,2,0,0,255] rc7_finseq_1
s: 942
d: [2,2390,1,2,1,1,40,999,1530]
a: [3,2401,1,2,1,2390]
s: 2401
i: [1,944,0,5,2,0,0,255] rc7_finseq_1
s: 944
i: [1,945,0,5,2,0,0,255] rc7_finseq_1
s: 945
d: [2,2391,1,2,1,1,40,999,1785]
a: [3,2406,1,2,1,2391]
s: 2406
i: [1,947,0,5,2,0,0,255] rc7_finseq_1
s: 947
d: [2,2392,1,2,1,1,40,999,1795]
a: [3,2411,1,2,1,2392]
s: 2411
i: [1,948,0,5,2,0,0,255] rc7_finseq_1
s: 948
i: [1,950,0,5,2,0,0,255] rc3_euclid_7
s: 950
d: [2,2419,1,2,1,1,40,1000,1433]
a: [3,2428,1,2,1,2419]
s: 2428
i: [1,951,0,5,2,0,0,255] rc3_euclid_7
s: 951
d: [2,2422,1,2,1,1,40,1000,1530]
a: [3,2433,1,2,1,2422]
s: 2433
i: [1,952,0,5,2,0,0,255] rc3_euclid_7
s: 952
i: [1,954,0,5,2,0,0,255] rc4_euclid_7
s: 954
d: [2,2423,1,2,1,1,40,1000,1785]
a: [3,2438,1,2,1,2423]
s: 2438
i: [1,955,0,5,2,0,0,255] rc4_euclid_7
s: 955
d: [2,2424,1,2,1,1,40,1000,1795]
a: [3,2443,1,2,1,2424]
s: 2443
i: [1,979,0,5,2,0,0,255] rc6_card_1
s: 979
i: [1,980,0,5,2,0,0,255] rc6_card_1
s: 980
d: [2,2015,2,2,1,1,40,872,1997]
a: [3,2024,2,2,1,2015]
s: 2024
i: [1,982,0,5,2,0,0,255] fc31_finset_1
s: 982
d: [2,2026,2,2,1,1,40,2002,872]
a: [3,2030,2,2,1,2026]
s: 2030
i: [1,983,0,5,2,0,0,2] fc17_finset_1
s: 983
i: [1,987,0,5,2,0,0,2] fc6_card_1
s: 987
d: [2,2044,2,2,1,1,40,2007,872]
a: [3,2048,2,2,1,2044]
s: 2048
i: [1,988,0,5,2,0,0,2] fc6_card_1
s: 988
d: [2,2056,2,2,1,1,40,2012,872]
a: [3,2060,2,2,1,2056]
s: 2060
i: [1,1001,0,5,2,0,0,255] t6_boole
s: 1001
i: [1,1002,0,5,2,0,0,255] cc8_card_1
s: 1002
d: [2,2177,2,2,1,1,40,2054,911]
a: [3,2181,2,2,1,2177]
s: 2181
i: [1,1003,0,5,2,0,0,2] fc1_card_1
s: 1003
d: [2,2209,2,2,1,1,40,2066,915]
a: [3,2214,2,2,1,2209]
s: 2214
i: [1,1004,0,5,2,0,0,2] fc1_card_1
s: 1004
i: [1,1014,0,5,2,0,0,255] cc7_card_1
s: 1014
d: [2,2210,2,2,1,1,40,2066,914]
a: [3,2219,2,2,1,2210]
s: 2219
i: [1,1015,0,5,2,0,0,255] cc9_card_1
s: 1015
d: [2,2413,2,2,1,1,40,2139,910]
a: [3,2417,2,2,1,2413]
s: 2417
i: [1,1016,0,5,2,0,0,255] cc9_card_1
s: 1016
i: [1,1017,0,5,2,0,0,2] cc4_card_1
s: 1017
d: [2,2445,2,2,1,1,40,2144,910]
a: [3,2449,2,2,1,2445]
s: 2449
i: [1,1018,0,5,2,0,0,255] cc1_xreal_0
s: 1018
d: [2,2575,1,2,1,1,40,1018,1468]
a: [3,2580,1,2,1,2575]
s: 2580
i: [1,1019,0,5,2,0,0,255] cc2_nat_1
s: 1019
i: [1,1020,0,5,2,0,0,3] cc25_membered
s: 1020
d: [2,2593,1,2,1,1,40,1019,1986]
a: [3,2599,1,2,1,2593]
s: 2599
i: [1,1126,0,5,2,0,0,255] dt_m2_finseq_1
s: 1126
d: [2,2594,1,2,1,1,40,1019,1473]
a: [3,2604,1,2,1,2594]
s: 2604
i: [1,1127,0,5,2,0,0,255] dt_m2_finseq_1
s: 1127
i: [1,1130,0,5,2,0,0,255] dt_m1_finseq_1
s: 1130
d: [2,2612,1,2,1,1,40,1020,1473]
a: [3,2617,1,2,1,2612]
s: 2617
i: [1,1131,0,5,2,0,0,255] dt_m1_finseq_1
s: 1131
d: [2,2451,2,2,1,1,40,2149,910]
a: [3,2455,2,2,1,2451]
s: 2455
i: [1,1132,0,5,2,0,0,255] dt_m1_finseq_1
s: 1132
i: [1,1133,0,5,2,0,0,255] cc2_finseq_2
s: 1133
d: [2,2457,2,2,1,1,40,2154,910]
a: [3,2461,2,2,1,2457]
s: 2461
i: [1,1134,0,5,2,0,0,255] cc3_finseq_2
s: 1134
d: [2,2475,2,2,1,1,40,2308,969]
a: [3,2479,2,2,1,2475]
s: 2479
i: [1,1140,0,5,2,0,0,255] t7_boole
s: 1140
i: [1,1169,0,5,1,0,0,2] rc2_subset_1
s: 1169
d: [2,2481,2,2,1,1,40,2313,969]
a: [3,2485,2,2,1,2481]
s: 2485
i: [1,1171,0,5,1,0,0,255] rc3_subset_1
s: 1171
d: [2,2487,2,2,1,1,40,2318,969]
a: [3,2491,2,2,1,2487]
s: 2491
i: [1,1238,0,5,1,0,0,255] rc3_relat_1
s: 1238
i: [1,1239,0,5,1,0,0,255] rc3_relat_1
s: 1239
d: [2,2493,2,2,1,1,40,2323,969]
a: [3,2497,2,2,1,2493]
s: 2497
i: [1,1241,0,5,1,0,0,255] rc6_funct_1
s: 1241
d: [2,2499,2,2,1,1,40,2334,974]
a: [3,2503,2,2,1,2499]
s: 2503
i: [1,1242,0,5,1,0,0,255] rc6_funct_1
s: 1242
i: [1,1245,0,5,1,0,0,255] rc5_finset_1
s: 1245
d: [2,2505,2,2,1,1,40,2339,974]
a: [3,2509,2,2,1,2505]
s: 2509
i: [1,1246,0,5,1,0,0,255] rc5_finset_1
s: 1246
d: [2,2511,2,2,1,1,40,2344,974]
a: [3,2515,2,2,1,2511]
s: 2515
i: [1,1252,0,5,1,0,0,255] rc1_relset_1
s: 1252
i: [1,1253,0,5,1,0,0,255] rc1_relset_1
s: 1253
d: [2,2517,2,2,1,1,40,2349,974]
a: [3,2521,2,2,1,2517]
s: 2521
i: [1,1229,0,7,3,0,0,255] reflexivity_r1_xxreal_0
a: [3,1490,0,5,2,1229]
s: 1490
d: [2,2587,2,2,1,1,40,2580,957]
a: [3,2591,2,2,1,2587]
s: 2591
d: [2,2535,0,5,2,1,22,1001,1443]
s: 2535
d: [2,2536,0,5,2,1,22,1002,1443]
s: 2536
d: [2,2628,2,2,1,1,40,2617,969]
a: [3,2632,2,2,1,2628]
s: 2632
d: [2,2561,0,5,2,1,22,1014,1443]
s: 2561
d: [2,2537,3,2,1,1,40,2181,915]
a: [3,2542,3,2,1,2537]
s: 2542
d: [2,2568,0,5,2,1,22,1017,1448]
s: 2568
i: [1,865,0,6,1,0,0,2] projectivity_k1_card_1
s: 865
d: [2,2707,1,2,1,2,40,2568,1473]
a: [3,2712,1,2,1,2707]
s: 2712
i: [1,882,0,6,2,0,0,255] rc6_finseq_1
s: 882
d: [2,2538,3,2,1,1,40,2181,914]
a: [3,2547,3,2,1,2538]
s: 2547
i: [1,884,0,6,2,0,0,255] rc6_finseq_1
s: 884
i: [1,885,0,6,2,0,0,255] rc6_finseq_1
s: 885
d: [2,2562,3,2,1,1,40,2417,911]
a: [3,2566,3,2,1,2562]
s: 2566
i: [1,900,0,6,2,0,0,255] rc7_card_1
s: 900
d: [2,2569,3,2,1,1,40,2449,911]
a: [3,2573,3,2,1,2569]
s: 2573
i: [1,902,0,6,2,0,0,255] rc4_subset_1
s: 902
i: [1,925,0,6,2,0,0,255] dt_k1_euclid
s: 925
d: [2,2636,3,2,1,1,40,2455,911]
a: [3,2640,3,2,1,2636]
s: 2640
i: [1,926,0,6,2,0,0,255] fc9_euclid_7
s: 926
d: [2,2647,3,2,1,1,40,2461,911]
a: [3,2651,3,2,1,2647]
s: 2651
i: [1,943,0,6,2,0,0,255] rc7_finseq_1
s: 943
i: [1,946,0,6,2,0,0,255] rc7_finseq_1
s: 946
d: [2,2780,1,5,2,0,40,946,1016]
a: [3,2790,1,2,1,2780]
s: 2790
i: [1,956,0,6,2,0,0,255] rc4_euclid_7
s: 956
d: [2,2656,3,2,1,1,40,2479,910]
a: [3,2660,3,2,1,2656]
s: 2660
i: [1,978,0,6,2,0,0,255] rc5_card_1
s: 978
i: [1,981,0,6,2,0,0,255] rc6_card_1
s: 981
d: [2,2813,1,5,2,0,40,978,1016]
a: [3,2823,1,2,1,2813]
s: 2823
i: [1,984,0,6,2,0,0,1] dt_k5_card_1
s: 984
d: [2,2662,3,2,1,1,40,2485,910]
a: [3,2666,3,2,1,2662]
s: 2666
i: [1,1021,0,6,2,0,0,255] cc9_membered
s: 1021
i: [1,1022,0,6,2,0,0,255] cc10_membered
s: 1022
d: [2,2668,3,2,1,1,40,2491,910]
a: [3,2672,3,2,1,2668]
s: 2672
i: [1,1023,0,6,2,0,0,255] cc8_membered
s: 1023
d: [2,2908,1,2,1,1,40,1023,1960]
a: [3,2927,1,2,1,2908]
s: 2927
i: [1,1024,0,6,2,0,0,3] cc11_membered
s: 1024
i: [1,1033,0,6,3,0,0,255] cc4_euclid_7
s: 1033
d: [2,2960,1,4,2,1,40,1033,1510]
a: [3,2974,1,2,1,2960]
s: 2974
i: [1,1034,0,6,3,0,0,255] cc6_card_1
s: 1034
d: [2,2782,1,5,2,1,40,946,2561]
a: [3,2803,1,2,1,2782]
s: 2803
i: [1,1045,0,6,3,0,0,255] cc5_xxreal_0
s: 1045
i: [1,1047,0,6,3,0,0,255] cc5_xxreal_0
s: 1047
d: [2,3005,1,4,2,1,40,1034,1950]
a: [3,3042,1,2,1,3005]
s: 3042
i: [1,1048,0,6,3,0,0,255] cc3_xxreal_0
s: 1048
d: [2,3060,1,4,2,1,40,1045,1730]
d: [2,3062,1,2,1,2,21,3060,1735]
a: [3,3066,1,2,1,3062]
s: 3066
i: [1,1050,0,6,3,0,0,255] cc3_xxreal_0
s: 1050
i: [1,1052,0,6,3,0,0,255] cc7_xxreal_0
s: 1052
d: [2,3061,1,4,2,1,40,1045,1755]
d: [2,3068,1,2,1,2,21,3061,1760]
a: [3,3072,1,2,1,3068]
s: 3072
i: [1,1053,0,6,3,0,0,255] cc7_xxreal_0
s: 1053
d: [2,3075,1,4,2,1,40,1047,1745]
d: [2,3077,1,2,1,2,21,3075,1750]
a: [3,3081,1,2,1,3077]
s: 3081
i: [1,1063,0,6,3,0,0,255] cc9_valued_0
s: 1063
d: [2,3104,0,4,2,0,21,1063,1000]
s: 3104
d: [2,3076,1,4,2,1,40,1047,1765]
d: [2,3083,1,2,1,2,21,3076,1770]
a: [3,3087,1,2,1,3083]
s: 3087
i: [1,1066,0,6,3,0,0,255] cc8_valued_0
s: 1066
d: [2,3090,1,4,2,1,40,1048,1745]
d: [2,3092,1,2,1,2,21,3090,1750]
a: [3,3096,1,2,1,3092]
s: 3096
i: [1,1074,0,6,3,0,0,255] cc6_valued_0
s: 1074
i: [1,1076,0,6,3,0,0,255] cc5_valued_0
s: 1076
d: [2,3091,1,4,2,1,40,1048,1765]
d: [2,3098,1,2,1,2,21,3091,1770]
a: [3,3102,1,2,1,3098]
s: 3102
i: [1,1110,0,6,3,0,0,255] cc4_finseq_1
s: 1110
d: [2,3106,1,2,1,1,40,3104,1433]
a: [3,3116,1,2,1,3106]
s: 3116
d: [2,3147,0,4,2,0,21,1110,1000]
s: 3147
i: [1,1112,0,6,3,0,0,255] cc1_finseq_1
s: 1112
d: [2,3110,1,2,1,1,40,3104,1530]
a: [3,3121,1,2,1,3110]
s: 3121
i: [1,1125,0,6,2,0,0,255] t1_subset
s: 1125
d: [2,3111,1,2,1,1,40,3104,1785]
a: [3,3126,1,2,1,3111]
s: 3126
i: [1,1129,0,6,2,0,0,255] cc3_finseq_1
s: 1129
i: [1,1136,0,6,2,0,0,255] redefinition_m2_finseq_1
s: 1136
d: [2,3112,1,2,1,1,40,3104,1795]
a: [3,3131,1,2,1,3112]
s: 3131
i: [1,1137,0,6,2,0,0,255] redefinition_m2_finseq_1
s: 1137
d: [2,3133,1,4,2,1,40,1066,1690]
d: [2,3135,1,2,1,2,21,3133,1715]
a: [3,3139,1,2,1,3135]
s: 3139
i: [1,1181,0,6,2,0,0,255] fc85_valued_0
s: 1181
i: [1,1182,0,6,2,0,0,255] fc86_valued_0
s: 1182
d: [2,3134,1,4,2,1,40,1066,1885]
d: [2,3141,1,2,1,2,21,3134,1895]
a: [3,3145,1,2,1,3141]
s: 3145
i: [1,1189,0,6,2,0,0,255] fc87_valued_0
s: 1189
d: [2,3157,1,2,1,1,40,3147,1433]
a: [3,3167,1,2,1,3157]
s: 3167
i: [1,1191,0,6,2,0,0,255] fc8_euclid
s: 1191
i: [1,1198,0,6,2,0,0,255] fc90_valued_0
s: 1198
d: [2,3161,1,2,1,1,40,3147,1530]
a: [3,3172,1,2,1,3161]
s: 3172
i: [1,1200,0,6,2,0,0,255] fc4_zfmisc_1
s: 1200
d: [2,3162,1,2,1,1,40,3147,1785]
a: [3,3177,1,2,1,3162]
s: 3177
i: [1,1201,0,6,2,0,0,255] fc3_zfmisc_1
s: 1201
i: [1,1204,0,6,2,0,0,255] antisymmetry_r2_hidden
s: 1204
d: [2,3163,1,2,1,1,40,3147,1795]
a: [3,3182,1,2,1,3163]
s: 3182
d: [2,2855,0,6,2,1,22,984,1448]
s: 2855
d: [2,2929,2,2,1,1,40,2927,915]
a: [3,2934,2,2,1,2929]
s: 2934
i: [1,867,0,7,2,0,0,255] rc6_subset_1
s: 867
i: [1,869,0,7,2,0,0,255] rc7_finset_1
s: 869
d: [2,3277,1,5,2,0,40,867,1022]
a: [3,3288,1,2,1,3277]
s: 3288
d: [2,3341,2,0,0,2,52,1373,3288,872]
e: 3341
d: [2,3342,2,2,1,1,40,3288,872]
d: [2,3344,2,0,0,2,21,3342,1373]
e: 3344
r: 3288
i: [1,876,0,7,2,0,0,2] rc4_card_1
s: 876
a: [3,3287,1,2,1,3277]
s: 3287
i: [1,891,0,7,2,0,0,2] rc1_subset_1
s: 891
i: [1,893,0,7,2,0,0,255] rc5_subset_1
s: 893
d: [2,3278,1,5,2,0,40,867,1021]
a: [3,3297,1,2,1,3278]
s: 3297
d: [2,3432,2,0,0,2,52,1378,3297,872]
e: 3432
d: [2,3433,2,2,1,1,40,3297,872]
d: [2,3435,2,0,0,2,21,3433,1378]
e: 3435
r: 3297
i: [1,896,0,7,2,0,0,2] rc2_finset_1
s: 896
a: [3,3296,1,2,1,3278]
s: 3296
i: [1,899,0,7,2,0,0,255] rc7_card_1
s: 899
i: [1,901,0,7,2,0,0,255] rc4_subset_1
s: 901
d: [2,3279,1,5,2,0,40,867,1023]
a: [3,3306,1,2,1,3279]
s: 3306
d: [2,3518,2,0,0,2,52,1383,3306,872]
e: 3518
d: [2,3519,2,2,1,1,40,3306,872]
d: [2,3521,2,0,0,2,21,3519,1383]
e: 3521
r: 3306
i: [1,903,0,7,3,0,0,255] cc13_membered
s: 903
a: [3,3305,1,2,1,3279]
s: 3305
i: [1,908,0,7,3,0,0,255] cc7_finset_1
s: 908
i: [1,916,0,7,3,0,0,255] cc14_membered
s: 916
d: [2,3280,1,5,2,0,40,867,1024]
a: [3,3315,1,2,1,3280]
s: 3315
d: [2,3627,2,0,0,2,52,1979,3315,872]
e: 3627
d: [2,3628,2,2,1,1,40,3315,872]
d: [2,3630,2,0,0,2,21,3628,1979]
e: 3630
r: 3315
i: [1,927,0,7,2,0,0,255] d13_euclid_7
s: 927
a: [3,3314,1,2,1,3280]
s: 3314
i: [1,936,0,7,2,0,0,1] l57_euclid_7
s: 936
i: [1,966,0,7,3,0,0,255] cc8_funct_1
s: 966
d: [2,3377,1,5,2,0,40,891,1024]
a: [3,3403,1,2,1,3377]
s: 3403
d: [2,3687,2,0,0,2,52,3314,3403,866]
e: 3687
d: [2,3688,2,0,0,2,52,1979,3403,998]
e: 3688
d: [2,3689,2,2,1,1,40,3403,866]
d: [2,3704,2,0,0,2,21,3689,3314]
e: 3704
d: [2,3697,2,2,1,1,40,3403,998]
d: [2,3706,2,0,0,2,21,3697,1979]
e: 3706
r: 3403
i: [1,967,0,7,3,0,0,255] cc8_funct_1
s: 967
a: [3,3402,1,2,1,3377]
s: 3402
i: [1,970,0,7,3,0,0,3] cc17_membered
s: 970
d: [2,3745,2,0,0,3,52,1974,2790,1473,970]
e: 3745
d: [2,3750,1,4,2,1,40,970,1473]
d: [2,3766,1,2,1,2,21,3750,2790]
d: [2,3767,1,0,0,3,21,3766,1974]
e: 3767
r: 2790
i: [1,976,0,7,3,0,0,255] cc10_finseq_1
s: 976
a: [3,2789,1,2,1,2780]
s: 2789
d: [2,3835,2,0,0,2,52,2823,2789,919]
e: 3835
d: [2,3839,2,2,1,1,40,2789,919]
d: [2,3842,2,0,0,2,21,3839,2823]
e: 3842
r: 2823
i: [1,985,0,7,2,0,0,1] redefinition_k5_card_1
s: 985
a: [3,2822,1,2,1,2813]
s: 2822
i: [1,1025,0,7,3,0,0,1] fc8_euclid_7
s: 1025
i: [1,1028,0,7,3,0,0,255] cc10_card_1
s: 1028
d: [2,3559,1,7,3,1,40,908,2855]
a: [3,3579,1,2,1,3559]
s: 3579
i: [1,1068,0,7,3,0,0,255] cc7_valued_0
s: 1068
d: [2,3638,1,7,3,1,40,966,2855]
a: [3,3658,1,2,1,3638]
s: 3658
i: [1,1070,0,7,3,0,0,255] cc1_valued_0
s: 1070
i: [1,1114,0,7,3,0,0,255] cc4_valued_0
s: 1114
d: [2,3641,1,4,2,1,40,966,1468]
a: [3,3675,1,2,1,3641]
s: 3675
i: [1,1116,0,7,3,0,0,255] cc3_valued_0
s: 1116
d: [2,3786,1,7,3,1,40,976,2855]
a: [3,3806,1,2,1,3786]
s: 3806
i: [1,1122,0,7,3,0,0,255] cc30_valued_0
s: 1122
i: [1,1124,0,7,3,0,0,255] cc31_valued_0
s: 1124
d: [2,3789,1,4,2,1,40,976,1468]
a: [3,3823,1,2,1,3789]
s: 3823
i: [1,1138,0,7,2,0,0,255] t3_subset
s: 1138
d: [2,2930,2,2,1,1,40,2927,914]
a: [3,2939,2,2,1,2930]
s: 2939
i: [1,1139,0,7,3,0,0,1] t8_boole
s: 1139
i: [1,1141,0,7,2,0,0,255] t2_tarski
s: 1141
d: [2,2959,2,4,2,1,40,1033,2230]
d: [2,2965,2,2,1,2,21,2959,2192]
a: [3,2969,2,2,1,2965]
s: 2969
i: [1,1173,0,7,1,0,0,255] rc1_finseq_1
s: 1173
d: [2,2961,2,4,2,1,40,1033,2235]
d: [2,2980,2,2,1,2,21,2961,2197]
a: [3,2984,2,2,1,2980]
s: 2984
i: [1,1185,0,7,2,0,0,255] fc89_valued_0
s: 1185
i: [1,1186,0,7,2,0,0,255] fc88_valued_0
s: 1186
d: [2,2963,2,4,2,1,40,1033,2240]
d: [2,2986,2,2,1,2,21,2963,2202]
a: [3,2990,2,2,1,2986]
s: 2990
i: [1,1192,0,7,2,0,0,255] dt_k4_finseq_2
s: 1192
d: [2,2964,2,4,2,1,40,1033,2245]
d: [2,2992,2,2,1,2,21,2964,2207]
a: [3,2996,2,2,1,2992]
s: 2996
i: [1,904,0,8,3,0,0,255] cc19_membered
s: 904
i: [1,905,0,8,3,0,0,255] cc20_membered
s: 905
d: [2,3001,2,4,2,1,40,1034,2168]
a: [3,3015,2,2,1,3001]
s: 3015
i: [1,909,0,8,3,0,0,255] cc8_finset_1
s: 909
d: [2,4106,1,4,2,1,40,909,1463]
d: [2,4120,1,2,1,2,21,4106,3579]
a: [3,4124,1,2,1,4120]
s: 4124
i: [1,912,0,8,3,0,0,255] cc23_membered
s: 912
i: [1,913,0,8,3,0,0,255] cc22_membered
s: 913
d: [2,4145,1,4,2,1,40,912,1960]
a: [3,4149,1,2,1,4145]
s: 4149
i: [1,917,0,8,3,0,0,255] cc21_membered
s: 917
d: [2,4169,1,4,2,1,40,913,1960]
a: [3,4173,1,2,1,4169]
s: 4173
i: [1,928,0,8,2,0,0,255] d1_euclid
s: 928
i: [1,929,0,8,2,0,0,1] dt_k8_euclid_7
s: 929
d: [2,3046,2,2,1,1,40,2803,920]
a: [3,3053,2,2,1,3046]
s: 3053
i: [1,930,0,8,2,0,0,1] dt_k8_euclid_7
s: 930
d: [2,3048,2,2,1,1,40,2803,918]
a: [3,3058,2,2,1,3048]
s: 3058
i: [1,949,0,8,2,0,0,255] rc3_euclid_7
s: 949
i: [1,953,0,8,2,0,0,255] rc4_euclid_7
s: 953
d: [2,3148,2,4,2,1,40,3116,1066]
d: [2,3150,2,2,1,2,21,3148,2428]
a: [3,3154,2,2,1,3150]
s: 3154
i: [1,968,0,8,3,0,0,255] cc9_funct_1
s: 968
d: [2,3184,2,4,2,1,40,3121,1066]
d: [2,3185,2,2,1,2,21,3184,2433]
a: [3,3189,2,2,1,3185]
s: 3189
i: [1,971,0,8,3,0,0,3] cc24_membered
s: 971
i: [1,973,0,8,3,0,0,255] cc5_subset_1
s: 973
d: [2,3749,1,4,2,1,40,970,1468]
a: [3,3774,1,2,1,3749]
s: 3774
i: [1,977,0,8,3,0,0,255] cc11_finseq_1
s: 977
d: [2,3191,2,4,2,1,40,3126,1066]
d: [2,3192,2,2,1,2,21,3191,2438]
a: [3,3196,2,2,1,3192]
s: 3196
i: [1,986,0,8,2,0,0,1] projectivity_k5_card_1
s: 986
i: [1,989,0,8,3,0,0,2] cc2_finset_1
s: 989
d: [2,3202,2,4,2,1,40,3131,1066]
d: [2,3203,2,2,1,2,21,3202,2443]
a: [3,3207,2,2,1,3203]
s: 3207
i: [1,1005,0,8,3,0,0,2] cc1_subset_1
s: 1005
d: [2,3212,2,4,2,1,40,3139,1076]
d: [2,3214,2,2,1,2,21,3212,1715]
a: [3,3218,2,2,1,3214]
s: 3218
i: [1,1013,0,8,3,0,0,2] cc2_relat_1
s: 1013
i: [1,1030,0,8,4,0,0,255] cc4_xxreal_0
s: 1030
d: [2,4439,2,6,3,1,40,1030,2096]
a: [3,4451,2,2,1,4439]
s: 4451
r: 4451
i: [1,1032,0,8,4,0,0,255] cc6_xxreal_0
s: 1032
a: [3,4450,2,2,1,4439]
s: 4450
i: [1,1042,0,8,4,0,0,255] cc6_funct_1
s: 1042
i: [1,1043,0,8,4,0,0,255] cc8_xxreal_0
s: 1043
a: [3,4455,2,2,1,4439]
s: 4455
i: [1,1058,0,8,4,0,0,255] cc4_funct_1
s: 1058
a: [3,4458,2,2,1,4439]
s: 4458
d: [2,4606,0,6,3,0,21,1058,999]
d: [2,4607,0,4,2,0,21,4606,1000]
s: 4607
i: [1,1078,0,8,4,0,0,255] cc5_funct_1
s: 1078
d: [2,4415,1,4,2,1,40,1013,1463]
a: [3,4434,1,2,1,4415]
s: 4434
i: [1,1100,0,8,4,0,0,255] cc6_finseq_1
s: 1100
d: [2,4441,1,6,3,1,40,1030,1525]
a: [3,4477,1,2,1,4441]
s: 4477
r: 4477
i: [1,1103,0,8,4,0,0,255] cc2_finseq_1
s: 1103
i: [1,1118,0,8,3,0,0,255] cc2_valued_0
s: 1118
a: [3,4476,1,2,1,4441]
s: 4476
i: [1,1135,0,8,3,0,0,255] t2_subset
s: 1135
a: [3,4481,1,2,1,4441]
s: 4481
i: [1,1209,0,8,3,0,0,255] fc11_card_1
s: 1209
i: [1,1210,0,8,3,0,0,255] fc10_card_1
s: 1210
a: [3,4484,1,2,1,4441]
s: 4484
i: [1,1211,0,8,3,0,0,255] fc10_subset_1
s: 1211
d: [2,4558,1,6,3,1,40,1042,1585]
a: [3,4582,1,2,1,4558]
s: 4582
i: [1,1216,0,8,3,0,0,255] rc6_finset_1
s: 1216
i: [1,1217,0,8,3,0,0,255] rc6_finset_1
s: 1217
d: [2,3213,2,4,2,1,40,3139,1074]
d: [2,3220,2,2,1,2,21,3213,1715]
a: [3,3224,2,2,1,3220]
s: 3224
i: [1,1220,0,8,3,0,0,255] rc6_finset_1
s: 1220
d: [2,3226,2,4,2,1,40,3145,1076]
d: [2,3228,2,2,1,2,21,3226,1895]
a: [3,3232,2,2,1,3228]
s: 3232
i: [1,1221,0,8,3,0,0,255] rc6_finset_1
s: 1221
i: [1,1223,0,8,3,0,0,255] fc5_finseq_2
s: 1223
d: [2,3227,2,4,2,1,40,3145,1074]
d: [2,3234,2,2,1,2,21,3227,1895]
a: [3,3238,2,2,1,3234]
s: 3238
i: [1,1231,0,8,3,0,0,255] fc14_finset_1
s: 1231
d: [2,3836,2,2,1,1,40,2789,931]
a: [3,3848,2,2,1,3836]
s: 3848
i: [1,1234,0,8,2,0,0,255] cc1_relset_1
s: 1234
i: [1,1249,0,8,1,0,0,255] rc1_relset_1
s: 1249
d: [2,4440,2,6,3,1,40,1030,2130]
a: [3,4464,2,2,1,4440]
s: 4464
r: 4464
i: [1,937,0,9,2,0,0,255] d4_finseq_2
s: 937
a: [3,4463,2,2,1,4440]
s: 4463
i: [1,938,0,9,3,0,0,255] cc1_euclid
s: 938
i: [1,1006,0,9,3,0,0,255] cc4_subset_1
s: 1006
a: [3,4468,2,2,1,4440]
s: 4468
i: [1,1007,0,9,4,0,0,255] cc7_relat_1
s: 1007
a: [3,4471,2,2,1,4440]
s: 4471
i: [1,1010,0,9,4,0,0,255] cc8_relat_1
s: 1010
i: [1,1088,0,9,4,0,0,255] cc7_finseq_1
s: 1088
d: [2,4555,2,6,3,1,40,1042,1997]
d: [2,4561,2,4,2,2,21,4555,2396]
d: [2,4562,2,2,1,3,21,4561,2428]
a: [3,4566,2,2,1,4562]
s: 4566
i: [1,1105,0,9,4,0,0,255] cc5_finseq_1
s: 1105
d: [2,4557,2,6,3,1,40,1042,2002]
d: [2,4568,2,4,2,2,21,4557,2401]
d: [2,4569,2,2,1,3,21,4568,2433]
a: [3,4573,2,2,1,4569]
s: 4573
i: [1,1128,0,9,2,0,0,255] dt_m2_finseq_1
s: 1128
i: [1,1144,0,9,3,0,0,255] t5_subset
s: 1144
d: [2,4559,2,6,3,1,40,1042,2007]
d: [2,4588,2,4,2,2,21,4559,2406]
d: [2,4589,2,2,1,3,21,4588,2438]
a: [3,4593,2,2,1,4589]
s: 4593
i: [1,1208,0,9,2,0,0,255] existence_m2_finseq_2
s: 1208
d: [2,4560,2,6,3,1,40,1042,2012]
d: [2,4595,2,4,2,2,21,4560,2411]
d: [2,4596,2,2,1,3,21,4595,2443]
a: [3,4600,2,2,1,4596]
s: 4600
i: [1,1218,0,9,3,0,0,255] rc6_finset_1
s: 1218
i: [1,1219,0,9,3,0,0,255] rc6_finset_1
s: 1219
d: [2,4622,2,6,3,1,40,1100,3167]
d: [2,4633,2,4,2,2,21,4622,2396]
d: [2,4634,2,2,1,3,21,4633,2428]
a: [3,4638,2,2,1,4634]
s: 4638
i: [1,1224,0,9,3,0,0,255] dt_k6_matrixr2
s: 1224
d: [2,4628,2,6,3,1,40,1100,3172]
d: [2,4644,2,4,2,2,21,4628,2401]
d: [2,4645,2,2,1,3,21,4644,2433]
a: [3,4649,2,2,1,4645]
s: 4649
i: [1,1235,0,9,2,0,0,255] cc2_relset_1
s: 1235
i: [1,1236,0,9,2,0,0,255] cc2_relset_1
s: 1236
d: [2,4629,2,6,3,1,40,1100,3177]
d: [2,4651,2,4,2,2,21,4629,2406]
d: [2,4652,2,2,1,3,21,4651,2438]
a: [3,4656,2,2,1,4652]
s: 4656
i: [1,1038,0,10,5,0,0,255] cc22_valued_0
s: 1038
d: [2,4630,2,6,3,1,40,1100,3182]
d: [2,4658,2,4,2,2,21,4630,2411]
d: [2,4659,2,2,1,3,21,4658,2443]
a: [3,4663,2,2,1,4659]
s: 4663
i: [1,1039,0,10,5,0,0,255] cc22_valued_0
s: 1039
i: [1,1064,0,10,4,0,0,255] cc10_valued_0
s: 1064
d: [2,5169,2,8,4,1,40,1038,1997]
d: [2,5175,2,6,3,2,21,5169,2396]
d: [2,5176,2,4,2,3,21,5175,2428]
a: [3,5180,2,2,1,5176]
s: 5180
i: [1,1071,0,10,4,0,0,255] cc11_valued_0
s: 1071
d: [2,5171,2,8,4,1,40,1038,2002]
d: [2,5182,2,6,3,2,21,5171,2401]
d: [2,5183,2,4,2,3,21,5182,2433]
a: [3,5187,2,2,1,5183]
s: 5187
i: [1,1072,0,10,4,0,0,255] cc15_valued_0
s: 1072
i: [1,1077,0,10,4,0,0,255] cc12_valued_0
s: 1077
d: [2,5173,2,8,4,1,40,1038,2007]
d: [2,5189,2,6,3,2,21,5173,2406]
d: [2,5190,2,4,2,3,21,5189,2438]
a: [3,5194,2,2,1,5190]
s: 5194
i: [1,1108,0,10,4,0,0,3] cc3_funct_1
s: 1108
d: [2,5174,2,8,4,1,40,1038,2012]
d: [2,5196,2,6,3,2,21,5174,2411]
d: [2,5197,2,4,2,3,21,5196,2443]
a: [3,5201,2,2,1,5197]
s: 5201
i: [1,1142,0,10,3,0,0,255] t2_tarski
s: 1142
i: [1,1143,0,10,3,0,0,255] t4_subset
s: 1143
d: [2,5203,2,8,4,1,40,1039,1997]
d: [2,5209,2,6,3,2,21,5203,2396]
d: [2,5210,2,4,2,3,21,5209,2428]
a: [3,5214,2,2,1,5210]
s: 5214
i: [1,1183,0,10,3,0,0,255] cc16_valued_0
s: 1183
d: [2,5205,2,8,4,1,40,1039,2002]
d: [2,5216,2,6,3,2,21,5205,2401]
d: [2,5217,2,4,2,3,21,5216,2433]
a: [3,5221,2,2,1,5217]
s: 5221
i: [1,1184,0,10,3,0,0,255] cc17_valued_0
s: 1184
i: [1,1190,0,10,3,0,0,255] cc18_valued_0
s: 1190
d: [2,5207,2,8,4,1,40,1039,2007]
d: [2,5223,2,6,3,2,21,5207,2406]
d: [2,5224,2,4,2,3,21,5223,2438]
a: [3,5228,2,2,1,5224]
s: 5228
i: [1,1199,0,10,3,0,0,255] cc21_valued_0
s: 1199
d: [2,5208,2,8,4,1,40,1039,2012]
d: [2,5230,2,6,3,2,21,5208,2411]
d: [2,5231,2,4,2,3,21,5230,2443]
a: [3,5235,2,2,1,5231]
s: 5235
i: [1,1202,0,10,3,0,0,255] cc3_relset_1
s: 1202
i: [1,1203,0,10,3,0,0,255] cc4_relset_1
s: 1203
d: [2,2674,3,2,1,1,40,2497,910]
a: [3,2678,3,2,1,2674]
s: 2678
i: [1,1205,0,10,3,0,0,255] dt_m2_finseq_2
s: 1205
d: [2,2698,3,2,1,1,40,2632,910]
a: [3,2702,3,2,1,2698]
s: 2702
i: [1,1206,0,10,3,0,0,255] redefinition_m2_finseq_2
s: 1206
i: [1,1207,0,10,3,0,0,255] redefinition_m2_finseq_2
s: 1207
d: [2,3002,3,4,2,1,40,1034,2509]
d: [2,3017,3,2,1,2,21,3002,2030]
a: [3,3021,3,2,1,3017]
s: 3021
i: [1,1230,0,10,4,0,0,255] connectedness_r1_xxreal_0
s: 1230
d: [2,3003,3,4,2,1,40,1034,2515]
d: [2,3023,3,2,1,2,21,3003,2048]
a: [3,3027,3,2,1,3023]
s: 3027
i: [1,880,0,11,4,0,0,255] cc3_subset_1
s: 880
i: [1,881,0,11,4,0,0,255] cc2_subset_1
s: 881
d: [2,3004,3,4,2,1,40,1034,2521]
d: [2,3029,3,2,1,2,21,3004,2060]
a: [3,3033,3,2,1,3029]
s: 3033
i: [1,960,0,11,5,0,0,255] t2_real
s: 960
r: 1490
r: 3579
r: 4149
r: 4434
r: 4468
r: 4471
r: 4481
r: 4484
a: [3,1487,0,2,1,1229]
s: 1487
r: 1230
r: 1048
r: 1047
r: 1045
r: 1030
d: [2,5634,1,0,0,2,40,1487,1790]
e: 5634
d: [2,5633,1,0,0,2,40,1487,1780]
e: 5633
d: [2,5632,1,0,0,2,40,1487,1770]
e: 5632
d: [2,5631,1,0,0,2,40,1487,1760]
e: 5631
d: [2,5630,1,0,0,2,40,1487,1750]
e: 5630
d: [2,5629,1,0,0,2,40,1487,1735]
e: 5629
d: [2,5628,1,0,0,2,40,1487,1525]
e: 5628
d: [2,5627,2,0,0,2,40,1487,2130]
e: 5627
d: [2,5626,2,0,0,2,40,1487,2096]
e: 5626
d: [2,5625,3,0,0,2,40,1487,2591]
e: 5625
d: [2,5624,3,0,0,2,40,1487,3053]
e: 5624
d: [2,5619,3,0,0,2,52,3053,1487]
e: 5619
d: [2,5620,2,0,0,3,52,2078,1468,1487,903]
e: 5620
d: [2,5621,4,0,0,2,52,2542,1148,1487,903]
e: 5621
d: [2,5622,3,0,0,2,52,3058,1487,957]
e: 5622
d: [2,5623,2,0,0,2,52,2803,1487,920]
e: 5623
r: 1487
s: 1490
s: 1045
d: [2,3639,1,5,2,1,40,966,1463]
a: [3,3670,1,2,1,3639]
s: 3670
s: 1047
d: [2,3654,1,5,2,1,40,966,1960]
a: [3,3685,1,2,1,3654]
s: 3685
s: 1048
s: 1030
a: [3,4153,1,2,1,4145]
s: 4153
r: 4153
s: 1230
s: 4149
i: [1,961,0,11,5,0,0,255] t1_real
s: 961
i: [1,962,0,11,5,0,0,255] t8_real
s: 962
a: [3,4152,1,2,1,4145]
s: 4152
i: [1,963,0,11,5,0,0,255] t7_real
s: 963
a: [3,4480,1,2,1,4441]
s: 4480
i: [1,964,0,11,5,0,0,255] t3_real
s: 964
i: [1,965,0,11,5,0,0,255] t4_real
s: 965
a: [3,4485,1,2,1,4441]
s: 4485
i: [1,1095,0,11,4,0,0,255] redefinition_k3_finseq_1
s: 1095
d: [2,5349,1,6,3,1,40,1108,1960]
a: [3,5560,1,2,1,5349]
s: 5560
i: [1,1096,0,11,4,0,0,255] dt_k3_finseq_1
s: 1096
i: [1,1187,0,11,3,0,0,255] cc20_valued_0
s: 1187
d: [2,5326,1,6,3,1,40,1077,1960]
a: [3,5566,1,2,1,5326]
s: 5566
i: [1,1188,0,11,3,0,0,255] cc19_valued_0
s: 1188
d: [2,5303,1,6,3,1,40,1072,1960]
a: [3,5580,1,2,1,5303]
s: 5580
i: [1,1195,0,11,3,0,0,255] fraenkel_a_1_0_euclid_7
s: 1195
i: [1,1196,0,11,3,0,0,255] fraenkel_a_1_0_euclid_7
s: 1196
d: [2,5280,1,6,3,1,40,1071,1960]
a: [3,5594,1,2,1,5280]
s: 5594
i: [1,1225,0,11,3,0,0,255] redefinition_k6_euclid_7
s: 1225
d: [2,5256,1,6,3,1,40,1064,1960]
a: [3,5608,1,2,1,5256]
s: 5608
i: [1,1226,0,11,3,0,0,255] redefinition_k6_euclid_7
s: 1226
i: [1,1227,0,11,3,0,0,255] dt_k6_euclid_7
s: 1227
a: [3,4467,2,2,1,4440]
s: 4467
i: [1,1228,0,11,3,0,0,255] dt_k6_euclid_7
s: 1228
a: [3,4472,2,2,1,4440]
s: 4472
i: [1,939,0,12,4,0,0,255] cc5_euclid_7
s: 939
i: [1,1097,0,12,4,0,0,255] projectivity_k3_finseq_1
s: 1097
d: [2,5697,2,2,1,1,40,4485,934]
a: [3,5701,2,2,1,5697]
s: 5701
i: [1,1119,0,12,4,0,0,255] cc14_valued_0
s: 1119
d: [2,4240,3,4,2,1,40,3154,1076]
d: [2,4243,3,2,1,2,21,4240,2428]
a: [3,4247,3,2,1,4243]
s: 4247
i: [1,1120,0,12,4,0,0,255] cc13_valued_0
s: 1120
i: [1,1193,0,12,3,0,0,255] fraenkel_a_1_0_euclid_7
s: 1193
d: [2,4241,3,4,2,1,40,3154,1074]
d: [2,4249,3,2,1,2,21,4241,2428]
a: [3,4253,3,2,1,4249]
s: 4253
i: [1,1222,0,12,4,0,0,255] cc1_finseq_2
s: 1222
d: [2,4273,3,4,2,1,40,3189,1076]
d: [2,4275,3,2,1,2,21,4273,2433]
a: [3,4279,3,2,1,4275]
s: 4279
i: [1,1232,0,12,4,0,0,255] cc5_relat_1
s: 1232
i: [1,1233,0,12,4,0,0,255] cc6_relat_1
s: 1233
r: 1120
r: 1119
s: 4434
i: [1,940,0,13,4,0,0,255] cc5_euclid_7
s: 940
d: [2,4274,3,4,2,1,40,3189,1074]
d: [2,4281,3,2,1,2,21,4274,2433]
a: [3,4285,3,2,1,4281]
s: 4285
i: [1,958,0,13,6,0,0,255] t5_real
s: 958
i: [1,959,0,13,6,0,0,255] t6_real
s: 959
d: [2,4347,3,4,2,1,40,3196,1076]
d: [2,4349,3,2,1,2,21,4347,2438]
a: [3,4353,3,2,1,4349]
s: 4353
i: [1,1194,0,13,3,0,0,255] fraenkel_a_1_0_euclid_7
s: 1194
d: [2,4348,3,4,2,1,40,3196,1074]
d: [2,4355,3,2,1,2,21,4348,2438]
a: [3,4359,3,2,1,4355]
s: 4359
i: [1,1255,0,13,3,0,0,255] fraenkel_a_2_0_finseq_2
s: 1255
i: [1,1026,0,14,5,0,0,255] cc7_euclid_7
s: 1026
d: [2,4381,3,4,2,1,40,3207,1076]
d: [2,4383,3,2,1,2,21,4381,2443]
a: [3,4387,3,2,1,4383]
s: 4387
i: [1,1215,0,14,4,0,0,255] existence_m2_subset_1
s: 1215
d: [2,4382,3,4,2,1,40,3207,1074]
d: [2,4389,3,2,1,2,21,4382,2443]
a: [3,4393,3,2,1,4389]
s: 4393
d: [2,6029,0,12,3,0,21,1215,1005]
s: 6029
i: [1,1256,0,14,3,0,0,255] fraenkel_a_2_0_finseq_2
s: 1256
d: [2,5767,3,2,1,1,40,4472,934]
a: [3,5771,3,2,1,5767]
s: 5771
i: [1,1354,0,14,3,0,0,255] fraenkel_a_2_0_finseq_2
s: 1354
d: [2,2728,4,2,1,1,40,2566,915]
a: [3,2733,4,2,1,2728]
s: 2733
d: [2,6034,0,14,3,0,22,1354,864]
s: 6034
i: [1,941,0,15,5,0,0,255] cc6_euclid_7
s: 941
d: [2,2729,4,2,1,1,40,2566,914]
a: [3,2738,4,2,1,2729]
s: 2738
i: [1,1212,0,15,5,0,0,255] dt_m2_subset_1
s: 1212
d: [2,2742,4,2,1,1,40,2573,915]
a: [3,2747,4,2,1,2742]
s: 2747
d: [2,6065,0,13,4,0,21,1212,1005]
s: 6065
i: [1,1213,0,15,5,0,0,255] redefinition_m2_subset_1
s: 1213
d: [2,2743,4,2,1,1,40,2573,914]
a: [3,2752,4,2,1,2743]
s: 2752
d: [2,6075,0,13,4,0,21,1213,1005]
s: 6075
d: [2,2756,4,2,1,1,40,2640,915]
a: [3,2761,4,2,1,2756]
s: 2761
i: [1,1214,0,15,5,0,0,255] redefinition_m2_subset_1
s: 1214
d: [2,6085,0,13,4,0,21,1214,1005]
s: 6085
d: [2,2757,4,2,1,1,40,2640,914]
a: [3,2766,4,2,1,2757]
s: 2766
i: [1,1254,0,15,3,0,0,255] fraenkel_a_2_0_finseq_2
s: 1254
d: [2,2768,4,2,1,1,40,2651,915]
a: [3,2773,4,2,1,2768]
s: 2773
d: [2,6111,0,15,3,0,22,1254,864]
s: 6111
i: [1,1352,0,18,5,0,0,255] fraenkel_a_1_0_euclid_7
s: 1352
d: [2,2769,4,2,1,1,40,2651,914]
a: [3,2778,4,2,1,2769]
s: 2778
d: [2,1989,1,3,1,0,40,866,1164]
s: 1989
d: [2,2806,4,2,1,1,40,2660,911]
a: [3,2811,4,2,1,2806]
s: 2811
d: [2,1990,1,3,1,0,40,866,1170]
s: 1990
d: [2,2157,1,3,1,0,40,974,862]
s: 2157
d: [2,2856,4,2,1,1,40,2666,911]
a: [3,2860,4,2,1,2856]
s: 2860
d: [2,2184,1,3,1,0,40,990,1164]
s: 2184
d: [2,2898,4,2,1,1,40,2672,911]
a: [3,2902,4,2,1,2898]
s: 2902
d: [2,2185,1,3,1,0,40,990,1170]
s: 2185
d: [2,2222,1,3,1,0,40,991,1164]
s: 2222
d: [2,5463,4,2,1,1,40,2678,911]
a: [3,5467,4,2,1,5463]
s: 5467
d: [2,2223,1,3,1,0,40,991,1170]
s: 2223
d: [2,5471,4,2,1,1,40,2702,911]
a: [3,5475,4,2,1,5471]
s: 5475
d: [2,2248,1,3,1,0,40,992,1164]
s: 2248
d: [2,2249,1,3,1,0,40,992,1170]
s: 2249
d: [2,5485,4,2,1,1,40,3021,920]
a: [3,5491,4,2,1,5485]
s: 5491
d: [2,2274,1,3,1,0,40,993,1164]
s: 2274
d: [2,5487,4,2,1,1,40,3021,918]
a: [3,5496,4,2,1,5487]
s: 5496
d: [2,2275,1,3,1,0,40,993,1170]
s: 2275
d: [2,2300,1,3,1,0,40,994,1164]
s: 2300
d: [2,5543,4,2,1,1,40,3033,918]
a: [3,5547,4,2,1,5543]
s: 5547
d: [2,2301,1,3,1,0,40,994,1170]
s: 2301
d: [2,6137,5,2,1,1,40,2811,915]
a: [3,6143,5,2,1,6137]
s: 6143
d: [2,2326,1,3,1,0,40,996,1164]
s: 2326
d: [2,2327,1,3,1,0,40,996,1170]
s: 2327
d: [2,6138,5,2,1,1,40,2811,914]
a: [3,6148,5,2,1,6138]
s: 6148
d: [2,2352,1,3,1,0,40,997,1164]
s: 2352
d: [2,6159,5,2,1,1,40,2860,915]
a: [3,6164,5,2,1,6159]
s: 6164
d: [2,2353,1,3,1,0,40,997,1170]
s: 2353
d: [2,2379,1,3,1,0,40,998,1170]
s: 2379
d: [2,6160,5,2,1,1,40,2860,914]
a: [3,6169,5,2,1,6160]
s: 6169
d: [2,2389,1,3,1,0,40,999,1170]
s: 2389
d: [2,6171,5,2,1,1,40,2902,915]
a: [3,6176,5,2,1,6171]
s: 6176
d: [2,2421,1,3,1,0,40,1000,1170]
s: 2421
d: [2,2576,1,3,1,0,40,1018,1148]
a: [3,2585,1,3,1,2576]
s: 2585
d: [2,6172,5,2,1,1,40,2902,914]
a: [3,6181,5,2,1,6172]
s: 6181
d: [2,2595,1,3,1,0,40,1019,1148]
a: [3,2609,1,3,1,2595]
s: 2609
d: [2,6185,5,2,1,1,40,5467,915]
a: [3,6190,5,2,1,6185]
s: 6190
d: [2,2613,1,3,1,0,40,1020,1148]
a: [3,2622,1,3,1,2613]
s: 2622
d: [2,2624,1,3,1,0,40,1126,1145]
s: 2624
d: [2,6186,5,2,1,1,40,5467,914]
a: [3,6195,5,2,1,6186]
s: 6195
d: [2,2625,1,3,1,0,40,1127,1145]
s: 2625
d: [2,6199,5,2,1,1,40,5475,915]
a: [3,6204,5,2,1,6199]
s: 6204
d: [2,2626,1,3,1,0,40,1130,1146]
s: 2626
d: [2,2634,1,3,1,0,40,1131,1146]
s: 2634
d: [2,6200,5,2,1,1,40,5475,914]
a: [3,6209,5,2,1,6200]
s: 6209
d: [2,2642,1,3,1,0,40,1132,1146]
s: 2642
d: [2,2644,1,3,1,0,40,1133,1167]
s: 2644
d: [2,2645,1,3,1,0,40,1133,1147]
s: 2645
d: [2,2653,1,3,1,0,40,1134,1167]
s: 2653
d: [2,2654,1,3,1,0,40,1134,1147]
s: 2654
d: [2,2708,1,3,1,1,40,2568,1148]
a: [3,2717,1,3,1,2708]
s: 2717
a: [3,2786,1,3,1,2780]
s: 2786
d: [2,2781,1,5,2,0,40,946,1015]
a: [3,2795,1,3,1,2781]
s: 2795
a: [3,2800,1,3,1,2782]
s: 2800
a: [3,2819,1,3,1,2813]
s: 2819
d: [2,2814,1,5,2,0,40,978,1015]
a: [3,2828,1,3,1,2814]
s: 2828
d: [2,2815,1,5,2,1,40,978,2561]
d: [2,2830,1,3,1,2,21,2815,2334]
a: [3,2834,1,3,1,2830]
s: 2834
d: [2,2836,1,5,2,0,40,981,1016]
a: [3,2842,1,3,1,2836]
s: 2842
d: [2,2837,1,5,2,0,40,981,1015]
a: [3,2847,1,3,1,2837]
s: 2847
d: [2,2838,1,5,2,1,40,981,2561]
d: [2,2849,1,3,1,2,21,2838,2334]
a: [3,2853,1,3,1,2849]
s: 2853
d: [2,2863,1,3,1,0,40,1021,1169]
a: [3,2873,1,3,1,2863]
s: 2873
d: [2,2864,1,3,1,0,40,1021,1171]
a: [3,2878,1,3,1,2864]
s: 2878
d: [2,2881,1,3,1,0,40,1022,1169]
a: [3,2891,1,3,1,2881]
s: 2891
d: [2,2882,1,3,1,0,40,1022,1171]
a: [3,2896,1,3,1,2882]
s: 2896
d: [2,2906,1,3,1,0,40,1023,1169]
a: [3,2917,1,3,1,2906]
s: 2917
d: [2,2907,1,3,1,0,40,1023,1171]
a: [3,2922,1,3,1,2907]
s: 2922
d: [2,2942,1,3,1,0,40,1024,1169]
a: [3,2952,1,3,1,2942]
s: 2952
d: [2,2943,1,3,1,0,40,1024,1171]
a: [3,2957,1,3,1,2943]
s: 2957
d: [2,3107,1,3,1,0,40,3104,1164]
s: 3107
d: [2,3108,1,3,1,0,40,3104,1170]
s: 3108
d: [2,3159,1,3,1,0,40,3147,1170]
s: 3159
a: [3,3284,1,3,1,3277]
s: 3284
a: [3,3293,1,3,1,3278]
s: 3293
a: [3,3302,1,3,1,3279]
s: 3302
a: [3,3311,1,3,1,3280]
s: 3311
d: [2,3317,1,5,2,0,40,869,1022]
a: [3,3324,1,3,1,3317]
s: 3324
d: [2,3318,1,5,2,0,40,869,1021]
a: [3,3329,1,3,1,3318]
s: 3329
d: [2,3319,1,5,2,0,40,869,1023]
a: [3,3334,1,3,1,3319]
s: 3334
d: [2,3320,1,5,2,0,40,869,1024]
a: [3,3339,1,3,1,3320]
s: 3339
d: [2,3346,1,5,2,0,40,876,1022]
d: [2,3350,1,3,1,1,21,3346,1373]
a: [3,3354,1,3,1,3350]
s: 3354
d: [2,3347,1,5,2,0,40,876,1021]
d: [2,3356,1,3,1,1,21,3347,1378]
a: [3,3360,1,3,1,3356]
s: 3360
d: [2,3348,1,5,2,0,40,876,1023]
d: [2,3362,1,3,1,1,21,3348,1383]
a: [3,3366,1,3,1,3362]
s: 3366
d: [2,3349,1,5,2,0,40,876,1024]
d: [2,3368,1,3,1,1,21,3349,1979]
a: [3,3372,1,3,1,3368]
s: 3372
d: [2,3374,1,5,2,0,40,891,1022]
d: [2,3378,1,3,1,1,21,3374,1393]
a: [3,3382,1,3,1,3378]
s: 3382
d: [2,3375,1,5,2,0,40,891,1021]
d: [2,3384,1,3,1,1,21,3375,1398]
a: [3,3388,1,3,1,3384]
s: 3388
d: [2,3376,1,5,2,0,40,891,1023]
d: [2,3390,1,3,1,1,21,3376,1403]
a: [3,3394,1,3,1,3390]
s: 3394
a: [3,3399,1,3,1,3377]
s: 3399
d: [2,3405,1,5,2,0,40,893,1022]
d: [2,3409,1,3,1,1,21,3405,1393]
a: [3,3413,1,3,1,3409]
s: 3413
d: [2,3406,1,5,2,0,40,893,1021]
d: [2,3415,1,3,1,1,21,3406,1398]
a: [3,3419,1,3,1,3415]
s: 3419
d: [2,3407,1,5,2,0,40,893,1023]
d: [2,3421,1,3,1,1,21,3407,1403]
a: [3,3425,1,3,1,3421]
s: 3425
d: [2,3408,1,5,2,0,40,893,1024]
a: [3,3430,1,3,1,3408]
s: 3430
d: [2,3437,1,5,2,0,40,896,1022]
d: [2,3441,1,3,1,1,21,3437,1393]
a: [3,3445,1,3,1,3441]
s: 3445
d: [2,3438,1,5,2,0,40,896,1021]
d: [2,3447,1,3,1,1,21,3438,1398]
a: [3,3451,1,3,1,3447]
s: 3451
d: [2,3439,1,5,2,0,40,896,1023]
d: [2,3453,1,3,1,1,21,3439,1403]
a: [3,3457,1,3,1,3453]
s: 3457
d: [2,3440,1,5,2,0,40,896,1024]
a: [3,3462,1,3,1,3440]
s: 3462
d: [2,3464,1,5,2,0,40,899,1022]
d: [2,3468,1,3,1,1,21,3464,1393]
a: [3,3472,1,3,1,3468]
s: 3472
d: [2,3465,1,5,2,0,40,899,1021]
d: [2,3474,1,3,1,1,21,3465,1398]
a: [3,3478,1,3,1,3474]
s: 3478
d: [2,3466,1,5,2,0,40,899,1023]
d: [2,3480,1,3,1,1,21,3466,1403]
a: [3,3484,1,3,1,3480]
s: 3484
d: [2,3467,1,5,2,0,40,899,1024]
a: [3,3489,1,3,1,3467]
s: 3489
d: [2,3491,1,5,2,0,40,901,1022]
d: [2,3495,1,3,1,1,21,3491,1393]
a: [3,3499,1,3,1,3495]
s: 3499
d: [2,3492,1,5,2,0,40,901,1021]
d: [2,3501,1,3,1,1,21,3492,1398]
a: [3,3505,1,3,1,3501]
s: 3505
d: [2,3493,1,5,2,0,40,901,1023]
d: [2,3507,1,3,1,1,21,3493,1403]
a: [3,3511,1,3,1,3507]
s: 3511
d: [2,3494,1,5,2,0,40,901,1024]
a: [3,3516,1,3,1,3494]
s: 3516
d: [2,3524,1,5,2,1,40,903,1463]
a: [3,3547,1,3,1,3524]
s: 3547
d: [2,3560,1,5,2,1,40,908,1463]
d: [2,3584,1,3,1,2,21,3560,1979]
a: [3,3588,1,3,1,3584]
s: 3588
d: [2,3594,1,5,2,1,40,916,1463]
a: [3,3614,1,3,1,3594]
s: 3614
a: [3,3666,1,3,1,3639]
s: 3666
d: [2,3762,1,5,2,1,40,970,1960]
a: [3,3779,1,3,1,3762]
s: 3779
d: [2,3787,1,5,2,1,40,976,1463]
a: [3,3814,1,3,1,3787]
s: 3814
d: [2,3870,1,8,3,0,40,1114,885]
d: [2,3880,1,6,2,1,21,3870,1398]
a: [3,3884,1,3,1,3880]
s: 3884
d: [2,6912,2,0,0,2,52,1398,3884,883]
e: 6912
d: [2,6913,2,2,1,1,40,3884,883]
d: [2,6915,2,0,0,2,21,6913,1398]
e: 6915
r: 3884
a: [3,3883,1,3,1,3880]
s: 3883
a: [3,3888,1,3,1,3880]
s: 3888
d: [2,3871,1,6,2,0,40,1114,1154]
d: [2,3890,1,3,1,0,21,3871,1152]
a: [3,3894,1,3,1,3890]
s: 3894
d: [2,3872,1,6,2,0,40,1114,1162]
d: [2,3896,1,3,1,0,21,3872,1160]
a: [3,3900,1,3,1,3896]
s: 3900
d: [2,3873,1,6,2,0,40,1114,1176]
d: [2,3902,1,3,1,0,21,3873,1174]
a: [3,3906,1,3,1,3902]
s: 3906
d: [2,3913,1,8,3,0,40,1116,885]
d: [2,3923,1,6,2,1,21,3913,1393]
a: [3,3927,1,3,1,3923]
s: 3927
d: [2,6973,2,0,0,2,52,1393,3927,883]
e: 6973
d: [2,6974,2,2,1,1,40,3927,883]
d: [2,6976,2,0,0,2,21,6974,1393]
e: 6976
r: 3927
a: [3,3926,1,3,1,3923]
s: 3926
a: [3,3931,1,3,1,3923]
s: 3931
d: [2,3914,1,6,2,0,40,1116,1154]
d: [2,3933,1,3,1,0,21,3914,1152]
a: [3,3937,1,3,1,3933]
s: 3937
d: [2,3915,1,6,2,0,40,1116,1162]
d: [2,3939,1,3,1,0,21,3915,1160]
a: [3,3943,1,3,1,3939]
s: 3943
d: [2,3916,1,6,2,0,40,1116,1176]
d: [2,3945,1,3,1,0,21,3916,1174]
a: [3,3949,1,3,1,3945]
s: 3949
d: [2,3955,1,8,3,0,40,1122,885]
d: [2,3963,1,6,2,1,21,3955,1403]
a: [3,3967,1,3,1,3963]
s: 3967
d: [2,7034,2,0,0,2,52,1403,3967,883]
e: 7034
d: [2,7035,2,2,1,1,40,3967,883]
d: [2,7037,2,0,0,2,21,7035,1403]
e: 7037
r: 3967
a: [3,3966,1,3,1,3963]
s: 3966
a: [3,3971,1,3,1,3963]
s: 3971
d: [2,3956,1,6,2,0,40,1122,1154]
d: [2,3973,1,3,1,0,21,3956,1152]
a: [3,3977,1,3,1,3973]
s: 3977
d: [2,3957,1,6,2,0,40,1122,1162]
d: [2,3979,1,3,1,0,21,3957,1160]
a: [3,3983,1,3,1,3979]
s: 3983
d: [2,3958,1,6,2,0,40,1122,1176]
d: [2,3985,1,3,1,0,21,3958,1174]
a: [3,3989,1,3,1,3985]
s: 3989
d: [2,3995,1,8,3,0,40,1124,885]
d: [2,4003,1,6,2,1,21,3995,3402]
a: [3,4011,1,3,1,4003]
s: 4011
a: [3,4007,1,3,1,4003]
s: 4007
d: [2,7101,2,0,0,2,52,3402,4007,883]
e: 7101
d: [2,7102,2,2,1,1,40,4007,883]
d: [2,7104,2,0,0,2,21,7102,3402]
e: 7104
r: 4007
a: [3,4006,1,3,1,4003]
s: 4006
d: [2,3996,1,6,2,0,40,1124,1154]
d: [2,4013,1,3,1,0,21,3996,1152]
a: [3,4017,1,3,1,4013]
s: 4017
d: [2,3997,1,6,2,0,40,1124,1162]
d: [2,4019,1,3,1,0,21,3997,1160]
a: [3,4023,1,3,1,4019]
s: 4023
d: [2,3998,1,6,2,0,40,1124,1176]
d: [2,4025,1,3,1,0,21,3998,1174]
a: [3,4029,1,3,1,4025]
s: 4029
d: [2,4612,1,3,1,0,40,4607,1164]
s: 4612
d: [2,4613,1,3,1,0,40,4607,1170]
s: 4613
d: [2,4626,1,9,3,0,40,1100,1166]
d: [2,4640,1,6,2,0,21,4626,1163]
d: [2,4641,1,3,1,0,21,4640,1160]
s: 4641
d: [2,4627,1,9,3,0,40,1100,1178]
d: [2,4642,1,6,2,0,21,4627,1177]
d: [2,4643,1,3,1,0,21,4642,1174]
s: 4643
d: [2,4754,1,9,3,0,40,1103,1178]
d: [2,4760,1,6,2,0,21,4754,1177]
d: [2,4761,1,3,1,0,21,4760,1174]
s: 4761
d: [2,4807,1,5,2,1,40,1135,1986]
d: [2,4834,1,3,1,2,21,4807,3402]
a: [3,4838,1,3,1,4834]
s: 4838
d: [2,4808,1,5,2,1,40,1135,1468]
d: [2,4840,1,3,1,2,21,4808,1403]
a: [3,4844,1,3,1,4840]
s: 4844
d: [2,4809,1,5,2,1,40,1135,1473]
d: [2,4846,1,3,1,2,21,4809,3402]
a: [3,4850,1,3,1,4846]
s: 4850
d: [2,5803,1,8,3,1,40,1119,1463]
a: [3,5824,1,3,1,5803]
s: 5824
d: [2,5841,1,8,3,1,40,1120,1463]
a: [3,5862,1,3,1,5841]
s: 5862
d: [2,2463,1,4,1,0,40,1250,866]
s: 2463
d: [2,6129,2,9,3,0,40,1989,1042]
d: [2,6135,2,6,2,0,21,6129,1163]
d: [2,6136,2,3,1,0,21,6135,1160]
s: 6136
d: [2,2464,1,4,1,0,40,1250,990]
s: 2464
d: [2,6153,2,3,1,0,40,1990,872]
s: 6153
d: [2,2465,1,4,1,0,40,1250,991]
s: 2465
d: [2,2466,1,4,1,0,40,1250,992]
s: 2466
d: [2,6183,2,6,2,0,40,2222,1033]
d: [2,6184,2,3,1,0,21,6183,2184]
s: 6184
d: [2,2467,1,4,1,0,40,1250,993]
s: 2467
d: [2,6197,2,6,2,0,40,2223,1033]
d: [2,6198,2,3,1,0,21,6197,2185]
s: 6198
d: [2,2468,1,4,1,0,40,1250,994]
s: 2468
d: [2,2469,1,4,1,0,40,1250,996]
s: 2469
d: [2,6213,2,3,1,0,40,2300,969]
s: 6213
d: [2,2470,1,4,1,0,40,1250,997]
s: 2470
d: [2,6215,2,3,1,0,40,2301,969]
s: 6215
r: 2891
d: [2,2471,1,4,1,0,40,1250,998]
s: 2471
d: [2,2472,1,4,1,0,40,1250,999]
s: 2472
d: [2,6217,2,3,1,0,40,2326,974]
s: 6217
d: [2,2473,1,4,1,0,40,1250,1000]
s: 2473
d: [2,6218,2,3,1,0,40,2327,974]
s: 6218
d: [2,2862,1,4,1,0,40,1021,1148]
a: [3,2868,1,4,1,2862]
s: 2868
d: [2,2880,1,4,1,0,40,1022,1148]
a: [3,2886,1,4,1,2880]
s: 2886
d: [2,6222,2,3,1,1,40,2585,957]
a: [3,6226,2,3,1,6222]
s: 6226
d: [2,2905,1,4,1,0,40,1023,1148]
a: [3,2912,1,4,1,2905]
s: 2912
d: [2,6228,2,3,1,1,40,2622,969]
a: [3,6232,2,3,1,6228]
s: 6232
d: [2,2941,1,4,1,0,40,1024,1148]
a: [3,2947,1,4,1,2941]
s: 2947
d: [2,3109,1,4,1,0,40,3104,1250]
s: 3109
d: [2,6238,2,9,3,0,40,2642,1103]
d: [2,6240,2,6,2,0,21,6238,2634]
d: [2,6241,2,3,1,0,21,6240,2626]
s: 6241
d: [2,3160,1,4,1,0,40,3147,1250]
s: 3160
d: [2,6239,2,9,3,0,40,2642,1100]
d: [2,6242,2,6,2,0,21,6239,2634]
d: [2,6243,2,3,1,0,21,6242,2626]
s: 6243
d: [2,3198,1,4,1,0,40,1129,1146]
s: 3198
d: [2,3201,1,4,1,0,40,1136,1145]
s: 3201
d: [2,6246,2,12,4,1,40,2786,1039]
a: [3,6257,2,3,1,6246]
s: 6257
d: [2,7267,3,0,0,2,52,2789,6257,942]
e: 7267
d: [2,7268,3,2,1,1,40,6257,942]
d: [2,7270,3,0,0,2,21,7268,2789]
e: 7270
r: 6257
d: [2,3209,1,4,1,0,40,1137,1146]
s: 3209
a: [3,6256,2,3,1,6246]
s: 6256
d: [2,3210,1,4,1,0,40,1137,1159]
s: 3210
d: [2,3874,1,8,2,0,40,1114,1239]
d: [2,3908,1,4,1,0,21,3874,1237]
s: 3908
a: [3,6261,2,3,1,6246]
s: 6261
d: [2,7282,3,0,0,2,52,2789,6261,944]
e: 7282
d: [2,7283,3,2,1,1,40,6261,944]
d: [2,7285,3,0,0,2,21,7283,2789]
e: 7285
r: 6261
d: [2,3875,1,8,2,0,40,1114,1242]
d: [2,3909,1,4,1,0,21,3875,1240]
s: 3909
a: [3,6260,2,3,1,6246]
s: 6260
d: [2,3876,1,8,2,0,40,1114,1246]
d: [2,3910,1,4,1,0,21,3876,1244]
s: 3910
d: [2,3877,1,8,2,0,40,1114,1253]
d: [2,3911,1,4,1,0,21,3877,1251]
s: 3911
a: [3,6265,2,3,1,6246]
s: 6265
d: [2,3917,1,8,2,0,40,1116,1239]
d: [2,3951,1,4,1,0,21,3917,1237]
s: 3951
d: [2,6248,2,9,3,1,40,2786,1042]
a: [3,6275,2,3,1,6248]
s: 6275
d: [2,3918,1,8,2,0,40,1116,1242]
d: [2,3952,1,4,1,0,21,3918,1240]
s: 3952
d: [2,3919,1,8,2,0,40,1116,1246]
d: [2,3953,1,4,1,0,21,3919,1244]
s: 3953
d: [2,6249,2,3,1,1,40,2786,872]
a: [3,6280,2,3,1,6249]
s: 6280
d: [2,3920,1,8,2,0,40,1116,1253]
d: [2,3954,1,4,1,0,21,3920,1251]
s: 3954
d: [2,6282,2,3,1,1,40,2800,866]
a: [3,6300,2,3,1,6282]
s: 6300
d: [2,3959,1,8,2,0,40,1122,1239]
d: [2,3991,1,4,1,0,21,3959,1237]
s: 3991
d: [2,3960,1,8,2,0,40,1122,1242]
d: [2,3992,1,4,1,0,21,3960,1240]
s: 3992
d: [2,6283,2,3,1,1,40,2800,990]
a: [3,6305,2,3,1,6283]
s: 6305
d: [2,3961,1,8,2,0,40,1122,1246]
d: [2,3993,1,4,1,0,21,3961,1244]
s: 3993
d: [2,6284,2,3,1,1,40,2800,991]
a: [3,6310,2,3,1,6284]
s: 6310
d: [2,3962,1,8,2,0,40,1122,1253]
d: [2,3994,1,4,1,0,21,3962,1251]
s: 3994
d: [2,3999,1,8,2,0,40,1124,1239]
d: [2,4031,1,4,1,0,21,3999,1237]
s: 4031
d: [2,6285,2,3,1,1,40,2800,992]
a: [3,6315,2,3,1,6285]
s: 6315
d: [2,4000,1,8,2,0,40,1124,1242]
d: [2,4032,1,4,1,0,21,4000,1240]
s: 4032
d: [2,6286,2,3,1,1,40,2800,993]
a: [3,6320,2,3,1,6286]
s: 6320
d: [2,4001,1,8,2,0,40,1124,1246]
d: [2,4033,1,4,1,0,21,4001,1244]
s: 4033
d: [2,4002,1,8,2,0,40,1124,1253]
d: [2,4034,1,4,1,0,21,4002,1251]
s: 4034
d: [2,6287,2,3,1,1,40,2800,994]
a: [3,6325,2,3,1,6287]
s: 6325
d: [2,4614,1,4,1,0,40,4607,1250]
s: 4614
d: [2,6288,2,3,1,1,40,2800,996]
a: [3,6330,2,3,1,6288]
s: 6330
d: [2,4764,1,9,3,0,40,1118,885]
d: [2,4775,1,7,2,1,21,4764,1393]
a: [3,4779,1,4,1,4775]
s: 4779
d: [2,4765,1,7,2,0,40,1118,1154]
d: [2,4781,1,4,1,0,21,4765,1152]
a: [3,4785,1,4,1,4781]
s: 4785
d: [2,6289,2,3,1,1,40,2800,997]
a: [3,6335,2,3,1,6289]
s: 6335
d: [2,4766,1,7,2,0,40,1118,1162]
d: [2,4787,1,4,1,0,21,4766,1160]
a: [3,4791,1,4,1,4787]
s: 4791
d: [2,6290,2,3,1,1,40,2800,998]
a: [3,6340,2,3,1,6290]
s: 6340
d: [2,4767,1,7,2,0,40,1118,1176]
d: [2,4793,1,4,1,0,21,4767,1174]
a: [3,4797,1,4,1,4793]
s: 4797
d: [2,4806,1,7,2,1,40,1135,1463]
d: [2,4828,1,4,1,1,21,4806,859]
a: [3,4832,1,4,1,4828]
s: 4832
d: [2,6291,2,3,1,1,40,2800,999]
a: [3,6345,2,3,1,6291]
s: 6345
d: [2,4824,1,7,2,1,40,1135,1960]
d: [2,4865,1,4,1,1,21,4824,859]
a: [3,4869,1,4,1,4865]
s: 4869
d: [2,6292,2,3,1,1,40,2800,1000]
a: [3,6350,2,3,1,6292]
s: 6350
d: [2,2523,1,5,2,0,40,895,872]
s: 2523
d: [2,2527,1,5,2,0,40,923,975]
s: 2527
d: [2,6293,2,3,1,1,40,2800,3104]
a: [3,6355,2,3,1,6293]
s: 6355
d: [2,2530,1,5,2,0,40,952,907]
s: 2530
d: [2,6294,2,3,1,1,40,2800,3147]
a: [3,6360,2,3,1,6294]
s: 6360
d: [2,2531,1,5,2,0,40,952,906]
s: 2531
d: [2,2550,1,5,2,0,40,1003,866]
s: 2550
d: [2,6295,2,3,1,1,40,2800,4607]
a: [3,6365,2,3,1,6295]
s: 6365
d: [2,2551,1,5,2,0,40,1003,990]
s: 2551
d: [2,6367,2,12,4,1,40,2819,1039]
a: [3,6378,2,3,1,6367]
s: 6378
d: [2,2552,1,5,2,0,40,1003,991]
s: 2552
d: [2,2553,1,5,2,0,40,1003,992]
s: 2553
d: [2,6370,2,3,1,1,40,2819,872]
a: [3,6401,2,3,1,6370]
s: 6401
d: [2,2554,1,5,2,0,40,1003,993]
s: 2554
d: [2,6403,2,3,1,1,40,2834,866]
a: [3,6421,2,3,1,6403]
s: 6421
d: [2,2555,1,5,2,0,40,1003,994]
s: 2555
d: [2,2557,1,5,2,0,40,1003,997]
s: 2557
d: [2,6404,2,3,1,1,40,2834,990]
a: [3,6426,2,3,1,6404]
s: 6426
d: [2,2558,1,5,2,0,40,1003,998]
s: 2558
d: [2,6405,2,3,1,1,40,2834,991]
a: [3,6431,2,3,1,6405]
s: 6431
d: [2,2559,1,5,2,0,40,1003,999]
s: 2559
d: [2,2560,1,5,2,0,40,1003,1000]
s: 2560
d: [2,6406,2,3,1,1,40,2834,992]
a: [3,6436,2,3,1,6406]
s: 6436
d: [2,2682,1,5,2,2,44,1986,2535]
s: 2682
d: [2,6407,2,3,1,1,40,2834,993]
a: [3,6441,2,3,1,6407]
s: 6441
d: [2,2740,1,5,2,0,40,900,1016]
s: 2740
d: [2,2741,1,5,2,0,40,900,1015]
s: 2741
d: [2,6408,2,3,1,1,40,2834,994]
a: [3,6446,2,3,1,6408]
s: 6446
d: [2,2755,1,5,2,0,40,925,1133]
s: 2755
d: [2,6409,2,3,1,1,40,2834,996]
a: [3,6451,2,3,1,6409]
s: 6451
d: [2,3105,1,5,2,0,40,3104,1003]
s: 3105
d: [2,3156,1,5,2,0,40,3147,1003]
s: 3156
d: [2,6410,2,3,1,1,40,2834,997]
a: [3,6456,2,3,1,6410]
s: 6456
d: [2,3274,1,5,2,1,40,2855,2568]
s: 3274
d: [2,6411,2,3,1,1,40,2834,998]
a: [3,6461,2,3,1,6411]
s: 6461
d: [2,3275,1,5,2,1,40,2855,1020]
s: 3275
d: [2,3276,1,5,2,1,40,2855,1019]
s: 3276
d: [2,6412,2,3,1,1,40,2834,999]
a: [3,6466,2,3,1,6412]
s: 6466
d: [2,3536,1,5,2,0,40,903,1148]
s: 3536
d: [2,6413,2,3,1,1,40,2834,1000]
a: [3,6471,2,3,1,6413]
s: 6471
d: [2,3523,1,7,3,1,40,903,2855]
a: [3,3542,1,5,2,3523]
s: 3542
d: [2,3572,1,5,2,0,40,908,1148]
s: 3572
d: [2,6414,2,3,1,1,40,2834,3104]
a: [3,6476,2,3,1,6414]
s: 6476
a: [3,3582,1,5,2,3559]
s: 3582
d: [2,6415,2,3,1,1,40,2834,3147]
a: [3,6481,2,3,1,6415]
s: 6481
d: [2,3566,1,8,3,0,40,908,876]
d: [2,3590,1,5,2,0,21,3566,877]
s: 3590
d: [2,3606,1,5,2,0,40,916,1148]
s: 3606
d: [2,6416,2,3,1,1,40,2834,4607]
a: [3,6486,2,3,1,6416]
s: 6486
d: [2,3593,1,7,3,1,40,916,2855]
d: [2,3610,1,5,2,2,21,3593,2566]
s: 3610
d: [2,6488,2,12,4,1,40,2842,1039]
a: [3,6499,2,3,1,6488]
s: 6499
d: [2,7645,3,0,0,2,52,2822,6499,979]
e: 7645
d: [2,7646,3,2,1,1,40,6499,979]
d: [2,7648,3,0,0,2,21,7646,2822]
e: 7648
r: 6499
d: [2,3651,1,5,2,0,40,966,1148]
s: 3651
d: [2,3721,1,5,2,0,40,967,1148]
s: 3721
a: [3,6498,2,3,1,6488]
s: 6498
d: [2,3759,1,5,2,0,40,970,1148]
s: 3759
a: [3,6503,2,3,1,6488]
s: 6503
d: [2,7655,3,0,0,2,52,2822,6503,980]
e: 7655
d: [2,7656,3,2,1,1,40,6503,980]
d: [2,7658,3,0,0,2,21,7656,2822]
e: 7658
r: 6503
d: [2,3746,1,7,3,1,40,970,2855]
d: [2,3764,1,5,2,2,21,3746,1974]
s: 3764
d: [2,3799,1,5,2,0,40,976,1148]
s: 3799
a: [3,6502,2,3,1,6488]
s: 6502
d: [2,3852,1,5,2,0,44,862,985]
s: 3852
a: [3,6507,2,3,1,6488]
s: 6507
d: [2,3857,1,7,3,0,44,1003,985]
d: [2,3863,1,5,2,0,21,3857,998]
s: 3863
d: [2,4035,1,5,2,0,40,1138,1022]
s: 4035
d: [2,6490,2,9,3,1,40,2842,1042]
a: [3,6517,2,3,1,6490]
s: 6517
d: [2,4036,1,5,2,0,40,1138,1021]
s: 4036
d: [2,6491,2,3,1,1,40,2842,872]
a: [3,6522,2,3,1,6491]
s: 6522
d: [2,4037,1,5,2,0,40,1138,1023]
s: 4037
d: [2,4038,1,5,2,0,40,1138,1024]
s: 4038
d: [2,6524,2,3,1,1,40,2853,866]
a: [3,6542,2,3,1,6524]
s: 6542
d: [2,4082,1,5,2,0,40,904,1169]
s: 4082
d: [2,6525,2,3,1,1,40,2853,990]
a: [3,6547,2,3,1,6525]
s: 6547
d: [2,4083,1,5,2,0,40,904,1171]
s: 4083
d: [2,4099,1,5,2,0,40,905,1169]
s: 4099
d: [2,6526,2,3,1,1,40,2853,991]
a: [3,6552,2,3,1,6526]
s: 6552
d: [2,4100,1,5,2,0,40,905,1171]
s: 4100
d: [2,6527,2,3,1,1,40,2853,992]
a: [3,6557,2,3,1,6527]
s: 6557
d: [2,4116,1,5,2,0,40,909,1169]
s: 4116
d: [2,4117,1,5,2,0,40,909,1171]
s: 4117
d: [2,6528,2,3,1,1,40,2853,993]
a: [3,6562,2,3,1,6528]
s: 6562
d: [2,4142,1,5,2,0,40,912,1169]
s: 4142
d: [2,6529,2,3,1,1,40,2853,994]
a: [3,6567,2,3,1,6529]
s: 6567
d: [2,4143,1,5,2,0,40,912,1171]
s: 4143
d: [2,4166,1,5,2,0,40,913,1169]
s: 4166
d: [2,6530,2,3,1,1,40,2853,996]
a: [3,6572,2,3,1,6530]
s: 6572
d: [2,4167,1,5,2,0,40,913,1171]
s: 4167
d: [2,6531,2,3,1,1,40,2853,997]
a: [3,6577,2,3,1,6531]
s: 6577
d: [2,4190,1,5,2,0,40,917,1169]
s: 4190
d: [2,4191,1,5,2,0,40,917,1171]
s: 4191
d: [2,6532,2,3,1,1,40,2853,998]
a: [3,6582,2,3,1,6532]
s: 6582
d: [2,4269,1,5,2,0,40,968,1169]
s: 4269
d: [2,6533,2,3,1,1,40,2853,999]
a: [3,6587,2,3,1,6533]
s: 6587
d: [2,4270,1,5,2,0,40,968,1171]
s: 4270
d: [2,4301,1,5,2,0,40,971,1169]
s: 4301
d: [2,6534,2,3,1,1,40,2853,1000]
a: [3,6592,2,3,1,6534]
s: 6592
d: [2,4302,1,5,2,0,40,971,1171]
s: 4302
d: [2,6535,2,3,1,1,40,2853,3104]
a: [3,6597,2,3,1,6535]
s: 6597
d: [2,4324,1,5,2,0,40,973,1169]
s: 4324
d: [2,4325,1,5,2,0,40,973,1171]
s: 4325
d: [2,6536,2,3,1,1,40,2853,3147]
a: [3,6602,2,3,1,6536]
s: 6602
d: [2,4342,1,5,2,0,40,977,1169]
s: 4342
d: [2,6537,2,3,1,1,40,2853,4607]
a: [3,6607,2,3,1,6537]
s: 6607
d: [2,4343,1,5,2,0,40,977,1171]
s: 4343
d: [2,4329,1,8,3,0,40,977,929]
d: [2,4346,1,5,2,0,21,4329,923]
s: 4346
d: [2,6609,2,3,1,1,40,2873,911]
a: [3,6613,2,3,1,6609]
s: 6613
d: [2,4377,1,5,2,0,40,989,1169]
s: 4377
d: [2,6615,2,3,1,1,40,2878,911]
a: [3,6619,2,3,1,6615]
s: 6619
d: [2,4378,1,5,2,0,40,989,1171]
s: 4378
d: [2,4410,1,5,2,0,40,1005,1171]
s: 4410
d: [2,6621,2,3,1,1,40,2891,910]
a: [3,6625,2,3,1,6621]
s: 6625
d: [2,4427,1,5,2,0,40,1013,1169]
s: 4427
d: [2,6627,2,3,1,1,40,2896,910]
a: [3,6631,2,3,1,6627]
s: 6631
d: [2,4428,1,5,2,0,40,1013,1171]
s: 4428
d: [2,4610,1,5,2,0,40,4607,1003]
s: 4610
d: [2,6633,2,3,1,1,40,2917,915]
a: [3,6638,2,3,1,6633]
s: 6638
d: [2,4768,1,9,2,0,40,1118,1239]
d: [2,4799,1,5,1,0,21,4768,1237]
s: 4799
d: [2,6634,2,3,1,1,40,2917,914]
a: [3,6643,2,3,1,6634]
s: 6643
d: [2,4769,1,9,2,0,40,1118,1242]
d: [2,4800,1,5,1,0,21,4769,1240]
s: 4800
d: [2,4770,1,9,2,0,40,1118,1246]
d: [2,4801,1,5,1,0,21,4770,1244]
s: 4801
d: [2,6645,2,3,1,1,40,2922,915]
a: [3,6650,2,3,1,6645]
s: 6650
d: [2,4771,1,9,2,0,40,1118,1253]
d: [2,4802,1,5,1,0,21,4771,1251]
s: 4802
d: [2,6646,2,3,1,1,40,2922,914]
a: [3,6655,2,3,1,6646]
s: 6655
d: [2,4821,1,8,2,0,40,1135,1169]
d: [2,4862,1,5,1,0,21,4821,859]
s: 4862
d: [2,4822,1,8,2,0,40,1135,1171]
d: [2,4863,1,5,1,0,21,4822,859]
s: 4863
d: [2,6657,2,3,1,1,40,2957,969]
a: [3,6661,2,3,1,6657]
s: 6661
d: [2,4892,1,5,1,0,40,1234,1169]
s: 4892
d: [2,6663,2,6,2,0,40,3107,1066]
d: [2,6664,2,3,1,0,21,6663,1160]
s: 6664
r: 3983
r: 3943
r: 3900
d: [2,4893,1,5,1,0,40,1234,1171]
s: 4893
d: [2,5043,1,8,3,0,40,1007,1150]
d: [2,5048,1,5,2,0,21,5043,1149]
s: 5048
d: [2,6665,2,6,2,0,40,3108,1066]
d: [2,6666,2,3,1,0,21,6665,2421]
s: 6666
d: [2,5057,1,8,3,0,40,1010,1154]
d: [2,5068,1,5,2,0,21,5057,1152]
s: 5068
d: [2,6668,2,9,3,0,40,3159,1100]
d: [2,6669,2,6,2,0,21,6668,2389]
d: [2,6670,2,3,1,0,21,6669,2421]
s: 6670
d: [2,5059,1,8,3,0,40,1010,1176]
d: [2,5069,1,5,2,0,21,5059,1174]
s: 5069
d: [2,5078,1,5,2,0,40,1128,1234]
s: 5078
d: [2,6671,2,3,1,1,40,3284,910]
a: [3,6675,2,3,1,6671]
s: 6675
d: [2,5092,1,9,3,0,40,1128,1013]
d: [2,5101,1,5,2,0,21,5092,1180]
s: 5101
d: [2,6677,2,3,1,1,40,3293,911]
a: [3,6681,2,3,1,6677]
s: 6681
d: [2,5386,1,5,2,0,40,1183,1173]
s: 5386
d: [2,5401,1,5,2,0,40,1184,1173]
s: 5401
d: [2,6683,2,3,1,1,40,3302,915]
a: [3,6688,2,3,1,6683]
s: 6688
d: [2,5416,1,5,2,0,40,1190,1173]
s: 5416
d: [2,6684,2,3,1,1,40,3302,914]
a: [3,6693,2,3,1,6684]
s: 6693
d: [2,5431,1,5,2,0,40,1199,1173]
s: 5431
d: [2,5461,1,5,2,0,40,1203,1173]
s: 5461
d: [2,6695,2,3,1,1,40,3311,969]
a: [3,6699,2,3,1,6695]
s: 6699
d: [2,5521,1,9,3,0,40,880,1171]
d: [2,5537,1,5,2,0,21,5521,1172]
s: 5537
d: [2,6701,2,3,1,1,40,3324,910]
a: [3,6705,2,3,1,6701]
s: 6705
d: [2,5712,1,11,5,0,44,1003,1095]
d: [2,5718,1,9,4,0,21,5712,999]
d: [2,5719,1,7,3,0,21,5718,1000]
d: [2,5720,1,5,2,0,21,5719,3147]
s: 5720
d: [2,5774,1,11,4,0,40,939,929]
d: [2,5790,1,9,3,0,18,5774]
d: [2,5791,1,5,2,0,21,5790,926]
s: 5791
d: [2,6707,2,3,1,1,40,3329,911]
a: [3,6711,2,3,1,6707]
s: 6711
d: [2,5784,1,11,4,0,40,939,953]
d: [2,5788,1,9,3,0,18,5784]
d: [2,5797,1,5,2,0,21,5788,956]
s: 5797
d: [2,6713,2,3,1,1,40,3334,915]
a: [3,6718,2,3,1,6713]
s: 6718
d: [2,3211,1,6,2,0,40,1137,882]
s: 3211
d: [2,3240,1,10,3,0,40,1189,1076]
d: [2,3242,1,6,2,0,21,3240,1180]
s: 3242
d: [2,6714,2,3,1,1,40,3334,914]
a: [3,6723,2,3,1,6714]
s: 6723
d: [2,3241,1,10,3,0,40,1189,1074]
d: [2,3243,1,6,2,0,21,3241,1180]
s: 3243
d: [2,6725,2,3,1,1,40,3339,969]
a: [3,6729,2,3,1,6725]
s: 6729
d: [2,3245,1,6,2,0,40,1191,975]
s: 3245
d: [2,3246,1,10,3,0,40,1198,1066]
d: [2,3247,1,6,2,0,21,3246,1180]
s: 3247
d: [2,6731,2,3,1,1,40,3354,910]
a: [3,6735,2,3,1,6731]
s: 6735
d: [2,3248,1,6,2,0,40,1200,866]
s: 3248
d: [2,6737,2,3,1,1,40,3360,911]
a: [3,6741,2,3,1,6737]
s: 6741
d: [2,3249,1,6,2,0,40,1200,990]
s: 3249
d: [2,3250,1,6,2,0,40,1200,991]
s: 3250
d: [2,6743,2,3,1,1,40,3366,915]
a: [3,6748,2,3,1,6743]
s: 6748
d: [2,3251,1,6,2,0,40,1200,992]
s: 3251
d: [2,6744,2,3,1,1,40,3366,914]
a: [3,6753,2,3,1,6744]
s: 6753
d: [2,3252,1,6,2,0,40,1200,993]
s: 3252
d: [2,3253,1,6,2,0,40,1200,994]
s: 3253
d: [2,6755,2,3,1,1,40,3372,969]
a: [3,6759,2,3,1,6755]
s: 6759
d: [2,3254,1,6,2,0,40,1200,996]
s: 3254
d: [2,6761,2,3,1,1,40,3382,910]
a: [3,6765,2,3,1,6761]
s: 6765
d: [2,3255,1,6,2,0,40,1200,997]
s: 3255
d: [2,3256,1,6,2,0,40,1200,998]
s: 3256
d: [2,6767,2,3,1,1,40,3388,911]
a: [3,6771,2,3,1,6767]
s: 6771
d: [2,3257,1,6,2,0,40,1200,999]
s: 3257
d: [2,6773,2,3,1,1,40,3394,915]
a: [3,6778,2,3,1,6773]
s: 6778
d: [2,3259,1,6,2,0,40,1200,3104]
s: 3259
d: [2,3260,1,6,2,0,40,1200,3147]
s: 3260
d: [2,6774,2,3,1,1,40,3394,914]
a: [3,6783,2,3,1,6774]
s: 6783
d: [2,3261,1,6,2,0,40,1201,866]
s: 3261
d: [2,6785,2,3,1,1,40,3399,969]
a: [3,6789,2,3,1,6785]
s: 6789
d: [2,3262,1,6,2,0,40,1201,990]
s: 3262
d: [2,3263,1,6,2,0,40,1201,991]
s: 3263
d: [2,6791,2,3,1,1,40,3413,910]
a: [3,6795,2,3,1,6791]
s: 6795
d: [2,3264,1,6,2,0,40,1201,992]
s: 3264
d: [2,6797,2,3,1,1,40,3419,911]
a: [3,6801,2,3,1,6797]
s: 6801
d: [2,3265,1,6,2,0,40,1201,993]
s: 3265
d: [2,3266,1,6,2,0,40,1201,994]
s: 3266
d: [2,6803,2,3,1,1,40,3425,915]
a: [3,6808,2,3,1,6803]
s: 6808
d: [2,3267,1,6,2,0,40,1201,996]
s: 3267
d: [2,6804,2,3,1,1,40,3425,914]
a: [3,6813,2,3,1,6804]
s: 6813
d: [2,3268,1,6,2,0,40,1201,997]
s: 3268
d: [2,3269,1,6,2,0,40,1201,998]
s: 3269
d: [2,6815,2,3,1,1,40,3430,969]
a: [3,6819,2,3,1,6815]
s: 6819
d: [2,3270,1,6,2,0,40,1201,999]
s: 3270
d: [2,6821,2,3,1,1,40,3445,910]
a: [3,6825,2,3,1,6821]
s: 6825
d: [2,3272,1,6,2,0,40,1201,3104]
s: 3272
d: [2,3273,1,6,2,0,40,1201,3147]
s: 3273
d: [2,6827,2,3,1,1,40,3451,911]
a: [3,6831,2,3,1,6827]
s: 6831
d: [2,3537,1,6,2,0,40,903,1169]
s: 3537
d: [2,6833,2,3,1,1,40,3457,915]
a: [3,6838,2,3,1,6833]
s: 6838
d: [2,3538,1,6,2,0,40,903,1171]
s: 3538
d: [2,3573,1,6,2,0,40,908,1169]
s: 3573
d: [2,6834,2,3,1,1,40,3457,914]
a: [3,6843,2,3,1,6834]
s: 6843
d: [2,3574,1,6,2,0,40,908,1171]
s: 3574
d: [2,6845,2,3,1,1,40,3462,969]
a: [3,6849,2,3,1,6845]
s: 6849
d: [2,3607,1,6,2,0,40,916,1169]
s: 3607
d: [2,3608,1,6,2,0,40,916,1171]
s: 3608
d: [2,6851,2,3,1,1,40,3472,910]
a: [3,6855,2,3,1,6851]
s: 6855
d: [2,3632,1,6,2,0,44,865,936]
s: 3632
d: [2,6857,2,3,1,1,40,3478,911]
a: [3,6861,2,3,1,6857]
s: 6861
d: [2,3652,1,6,2,0,40,966,1169]
s: 3652
d: [2,3653,1,6,2,0,40,966,1171]
s: 3653
d: [2,6863,2,3,1,1,40,3484,915]
a: [3,6868,2,3,1,6863]
s: 6868
d: [2,3722,1,6,2,0,40,967,1169]
s: 3722
d: [2,6864,2,3,1,1,40,3484,914]
a: [3,6873,2,3,1,6864]
s: 6873
d: [2,3723,1,6,2,0,40,967,1171]
s: 3723
d: [2,3760,1,6,2,0,40,970,1169]
s: 3760
d: [2,6875,2,3,1,1,40,3489,969]
a: [3,6879,2,3,1,6875]
s: 6879
d: [2,3761,1,6,2,0,40,970,1171]
s: 3761
d: [2,6881,2,3,1,1,40,3499,910]
a: [3,6885,2,3,1,6881]
s: 6885
d: [2,3800,1,6,2,0,40,976,1169]
s: 3800
d: [2,3801,1,6,2,0,40,976,1171]
s: 3801
d: [2,6887,2,3,1,1,40,3505,911]
a: [3,6891,2,3,1,6887]
s: 6891
d: [2,4061,1,10,3,0,40,1185,1116]
d: [2,4062,1,6,2,0,21,4061,1180]
s: 4062
d: [2,6893,2,3,1,1,40,3511,915]
a: [3,6898,2,3,1,6893]
s: 6898
d: [2,4063,1,10,3,0,40,1186,1114]
d: [2,4064,1,6,2,0,21,4063,1180]
s: 4064
d: [2,4068,1,6,2,0,40,1192,1133]
s: 4068
d: [2,6894,2,3,1,1,40,3511,914]
a: [3,6903,2,3,1,6894]
s: 6903
d: [2,4081,1,6,2,0,40,904,1148]
s: 4081
d: [2,6905,2,3,1,1,40,3516,969]
a: [3,6909,2,3,1,6905]
s: 6909
d: [2,4098,1,6,2,0,40,905,1148]
s: 4098
d: [2,4115,1,6,2,0,40,909,1148]
s: 4115
d: [2,6917,2,6,2,1,40,3888,1076]
d: [2,6919,2,3,1,2,21,6917,3883]
a: [3,6923,2,3,1,6919]
s: 6923
d: [2,4141,1,6,2,0,40,912,1148]
s: 4141
d: [2,6918,2,6,2,1,40,3888,1074]
d: [2,6925,2,3,1,2,21,6918,3883]
a: [3,6929,2,3,1,6925]
s: 6929
d: [2,4165,1,6,2,0,40,913,1148]
s: 4165
d: [2,4189,1,6,2,0,40,917,1148]
s: 4189
d: [2,6931,2,6,2,1,40,3894,1076]
d: [2,6933,2,3,1,1,21,6931,1152]
a: [3,6937,2,3,1,6933]
s: 6937
d: [2,4268,1,6,2,0,40,968,1148]
s: 4268
d: [2,6932,2,6,2,1,40,3894,1074]
d: [2,6939,2,3,1,1,21,6932,1152]
a: [3,6943,2,3,1,6939]
s: 6943
d: [2,4300,1,6,2,0,40,971,1148]
s: 4300
d: [2,4323,1,6,2,0,40,973,1148]
s: 4323
d: [2,6945,2,6,2,1,40,3900,1076]
d: [2,6947,2,3,1,1,21,6945,1160]
a: [3,6951,2,3,1,6947]
s: 6951
d: [2,4341,1,6,2,0,40,977,1148]
s: 4341
d: [2,6946,2,6,2,1,40,3900,1074]
d: [2,6953,2,3,1,1,21,6946,1160]
a: [3,6957,2,3,1,6953]
s: 6957
d: [2,4376,1,6,2,0,40,989,1148]
s: 4376
d: [2,4408,1,6,2,0,40,1005,1148]
s: 4408
d: [2,6959,2,6,2,1,40,3906,1076]
d: [2,6961,2,3,1,1,21,6959,1174]
a: [3,6965,2,3,1,6961]
s: 6965
d: [2,4426,1,6,2,0,40,1013,1148]
s: 4426
d: [2,6960,2,6,2,1,40,3906,1074]
d: [2,6967,2,3,1,1,21,6960,1174]
a: [3,6971,2,3,1,6967]
s: 6971
d: [2,4608,1,6,2,0,40,4607,1201]
s: 4608
d: [2,4609,1,6,2,0,40,4607,1200]
s: 4609
d: [2,6978,2,6,2,1,40,3931,1076]
d: [2,6980,2,3,1,2,21,6978,3926]
a: [3,6984,2,3,1,6980]
s: 6984
d: [2,4820,1,6,2,0,40,1135,1148]
s: 4820
d: [2,6979,2,6,2,1,40,3931,1074]
d: [2,6986,2,3,1,2,21,6979,3926]
a: [3,6990,2,3,1,6986]
s: 6990
d: [2,4805,1,8,3,1,40,1135,2855]
d: [2,4827,1,6,2,2,21,4805,3402]
s: 4827
d: [2,4891,1,6,1,0,40,1234,1148]
s: 4891
d: [2,6992,2,6,2,1,40,3937,1076]
d: [2,6994,2,3,1,1,21,6992,1152]
a: [3,6998,2,3,1,6994]
s: 6998
d: [2,5005,1,8,3,0,44,1191,937]
d: [2,5008,1,6,2,0,18,5005]
s: 5008
d: [2,6993,2,6,2,1,40,3937,1074]
d: [2,7000,2,3,1,1,21,6993,1152]
a: [3,7004,2,3,1,7000]
s: 7004
d: [2,5027,1,6,2,0,40,1006,1169]
s: 5027
d: [2,5044,1,10,3,0,40,1007,1238]
d: [2,5049,1,6,2,0,21,5044,1237]
s: 5049
d: [2,7006,2,6,2,1,40,3943,1076]
d: [2,7008,2,3,1,1,21,7006,1160]
a: [3,7012,2,3,1,7008]
s: 7012
d: [2,5045,1,10,3,0,40,1007,1241]
d: [2,5050,1,6,2,0,21,5045,1240]
s: 5050
d: [2,7007,2,6,2,1,40,3943,1074]
d: [2,7014,2,3,1,1,21,7007,1160]
a: [3,7018,2,3,1,7014]
s: 7018
d: [2,5046,1,10,3,0,40,1007,1245]
d: [2,5051,1,6,2,0,21,5046,1244]
s: 5051
d: [2,5060,1,10,3,0,40,1010,1239]
d: [2,5070,1,6,2,0,21,5060,1237]
s: 5070
d: [2,7020,2,6,2,1,40,3949,1076]
d: [2,7022,2,3,1,1,21,7020,1174]
a: [3,7026,2,3,1,7022]
s: 7026
d: [2,5061,1,10,3,0,40,1010,1242]
d: [2,5071,1,6,2,0,21,5061,1240]
s: 5071
d: [2,7021,2,6,2,1,40,3949,1074]
d: [2,7028,2,3,1,1,21,7021,1174]
a: [3,7032,2,3,1,7028]
s: 7032
d: [2,5062,1,10,3,0,40,1010,1246]
d: [2,5072,1,6,2,0,21,5062,1244]
s: 5072
d: [2,5118,1,6,2,0,40,1144,1169]
s: 5118
d: [2,7039,2,6,2,1,40,3971,1076]
d: [2,7041,2,3,1,2,21,7039,3966]
a: [3,7045,2,3,1,7041]
s: 7045
d: [2,5119,1,6,2,0,40,1144,1171]
s: 5119
d: [2,7040,2,6,2,1,40,3971,1074]
d: [2,7047,2,3,1,2,21,7040,3966]
a: [3,7051,2,3,1,7047]
s: 7051
d: [2,5139,1,6,2,0,40,1235,1128]
s: 5139
d: [2,5150,1,6,1,0,40,1235,1169]
s: 5150
d: [2,7053,2,6,2,1,40,3977,1076]
d: [2,7055,2,3,1,1,21,7053,1152]
a: [3,7059,2,3,1,7055]
s: 7059
d: [2,5151,1,6,1,0,40,1235,1171]
s: 5151
d: [2,7054,2,6,2,1,40,3977,1074]
d: [2,7061,2,3,1,1,21,7054,1152]
a: [3,7065,2,3,1,7061]
s: 7065
d: [2,5154,1,6,2,0,40,1236,1128]
s: 5154
d: [2,5165,1,6,1,0,40,1236,1169]
s: 5165
d: [2,7067,2,6,2,1,40,3983,1076]
d: [2,7069,2,3,1,1,21,7067,1160]
a: [3,7073,2,3,1,7069]
s: 7073
d: [2,5166,1,6,1,0,40,1236,1171]
s: 5166
d: [2,7068,2,6,2,1,40,3983,1074]
d: [2,7075,2,3,1,1,21,7068,1160]
a: [3,7079,2,3,1,7075]
s: 7079
d: [2,5355,1,6,2,1,40,1143,1463]
s: 5355
d: [2,5371,1,6,2,1,40,1143,1960]
s: 5371
d: [2,7081,2,6,2,1,40,3989,1076]
d: [2,7083,2,3,1,1,21,7081,1174]
a: [3,7087,2,3,1,7083]
s: 7087
d: [2,5387,1,6,2,0,40,1183,1249]
s: 5387
d: [2,7082,2,6,2,1,40,3989,1074]
d: [2,7089,2,3,1,1,21,7082,1174]
a: [3,7093,2,3,1,7089]
s: 7093
d: [2,5402,1,6,2,0,40,1184,1249]
s: 5402
d: [2,5417,1,6,2,0,40,1190,1249]
s: 5417
d: [2,7095,2,6,2,1,40,4011,1066]
a: [3,7099,2,3,1,7095]
s: 7099
d: [2,5432,1,6,2,0,40,1199,1249]
s: 5432
d: [2,7106,2,6,2,1,40,4017,1066]
d: [2,7107,2,3,1,1,21,7106,1152]
a: [3,7111,2,3,1,7107]
s: 7111
d: [2,5520,1,9,3,0,40,880,1169]
d: [2,5536,1,6,2,0,21,5520,1170]
s: 5536
d: [2,5734,1,6,2,0,40,1187,1173]
s: 5734
d: [2,7113,2,6,2,1,40,4029,1066]
d: [2,7114,2,3,1,1,21,7113,1174]
a: [3,7118,2,3,1,7114]
s: 7118
d: [2,5749,1,6,2,0,40,1188,1173]
s: 5749
d: [2,7120,2,3,1,1,40,4838,1204]
a: [3,7127,2,3,1,7120]
s: 7127
d: [2,5944,1,12,4,0,40,940,929]
d: [2,5960,1,10,3,0,18,5944]
d: [2,5961,1,6,2,0,21,5960,926]
s: 5961
d: [2,5954,1,12,4,0,40,940,953]
d: [2,5958,1,10,3,0,18,5954]
d: [2,5967,1,6,2,0,21,5958,956]
s: 5967
d: [2,7129,2,3,1,1,40,4844,1204]
a: [3,7135,2,3,1,7129]
s: 7135
d: [2,2680,1,7,3,1,44,2535,2535]
s: 2680
d: [2,7137,2,3,1,1,40,4850,1204]
a: [3,7143,2,3,1,7137]
s: 7143
d: [2,2697,1,7,3,1,44,2536,2535]
s: 2697
d: [2,2705,1,7,3,1,44,2561,2535]
s: 2705
d: [2,7227,2,6,2,0,40,3198,1116]
d: [2,7238,2,3,1,0,21,7227,2626]
a: [3,7242,2,3,1,7238]
s: 7242
d: [2,3633,1,7,3,0,44,1003,936]
s: 3633
d: [2,7228,2,6,2,0,40,3198,1114]
d: [2,7244,2,3,1,0,21,7228,2626]
a: [3,7248,2,3,1,7244]
s: 7248
d: [2,3635,1,7,3,0,44,878,936]
s: 3635
d: [2,3855,1,7,3,0,44,878,985]
s: 3855
d: [2,7229,2,6,2,0,40,3198,1122]
d: [2,7250,2,3,1,0,21,7229,2626]
a: [3,7254,2,3,1,7250]
s: 7254
d: [2,3851,1,10,3,0,44,985,936]
d: [2,3861,1,7,2,0,21,3851,924]
s: 3861
d: [2,8537,2,0,0,2,52,1363,1358,3861]
e: 8537
d: [2,8538,2,5,2,1,44,1358,3861]
d: [2,8551,2,2,1,1,19,8538]
d: [2,8553,2,0,0,2,21,8551,1363]
e: 8553
f: 8553,832,833
% Refutation found. Thanks to Tanya!
% SZS status Theorem for euclid_7__t41_euclid_7
% SZS output start Proof for euclid_7__t41_euclid_7
1. ! [X0] : (v7_ordinal1(X0) => k5_card_1(k8_euclid_7(X0)) = X0) [input t41_euclid_7]
2. ~! [X0] : (v7_ordinal1(X0) => k5_card_1(k8_euclid_7(X0)) = X0) [negated conjecture 1]
308. ! [X0] : (v1_finset_1(X0) => k1_card_1(X0) = k5_card_1(X0)) [input redefinition_k5_card_1]
320. ! [X0] : (v7_ordinal1(X0) => v1_finset_1(k8_euclid_7(X0))) [input fc13_euclid_7]
326. ! [X0] : (v7_ordinal1(X0) => (k1_card_1(k8_euclid_7(X0)) = X0 & v1_finset_1(k8_euclid_7(X0)))) [input l57_euclid_7]
374. ? [X0] : (k5_card_1(k8_euclid_7(X0)) != X0 & v7_ordinal1(X0)) [ennf transformation 2]
413. ! [X0] : (v1_finset_1(k8_euclid_7(X0)) | ~v7_ordinal1(X0)) [ennf transformation 320]
422. ! [X0] : ((k1_card_1(k8_euclid_7(X0)) = X0 & v1_finset_1(k8_euclid_7(X0))) | ~v7_ordinal1(X0)) [ennf transformation 326]
465. ! [X0] : (k1_card_1(X0) = k5_card_1(X0) | ~v1_finset_1(X0)) [ennf transformation 308]
677. ? [X0] : (k5_card_1(k8_euclid_7(X0)) != X0 & v7_ordinal1(X0)) => (sK0 != k5_card_1(k8_euclid_7(sK0)) & v7_ordinal1(sK0)) [choice axiom]
678. sK0 != k5_card_1(k8_euclid_7(sK0)) & v7_ordinal1(sK0) [skolemisation 374,677]
832. v7_ordinal1(sK0) [cnf transformation 678] {a:0,w:2,wCS:200,goal:1,sine:0,thAx:0,allAx:2,thDist:-2}
833. sK0 != k5_card_1(k8_euclid_7(sK0)) [cnf transformation 678] {a:0,w:5,wCS:500,goal:1,sine:0,thAx:0,allAx:2,thDist:-2}
924. v1_finset_1(k8_euclid_7(X0)) | ~v7_ordinal1(X0) [cnf transformation 413] {a:0,w:5,wCS:2000,nSel:1,sine:1,thAx:0,allAx:1,thDist:-1}
936. k1_card_1(k8_euclid_7(X0)) = X0 | ~v7_ordinal1(X0) [cnf transformation 422] {a:0,w:7,wCS:2800,nSel:1,sine:1,thAx:0,allAx:1,thDist:-1}
985. k1_card_1(X0) = k5_card_1(X0) | ~v1_finset_1(X0) [cnf transformation 465] {a:0,w:7,wCS:2800,nSel:1,sine:1,thAx:0,allAx:1,thDist:-1}
1356. 1 <=> sK0 = k5_card_1(k8_euclid_7(sK0)) [avatar definition]
1358. sK0 != k5_card_1(k8_euclid_7(sK0)) <- (~1) [avatar component clause 1356] {a:0,w:5,wCS:500,nSel:1,goal:1,sine:255,thAx:0,allAx:2,thDist:-2}
1359. ~1 [avatar split clause 833,1356]
1361. 2 <=> v7_ordinal1(sK0) [avatar definition]
1363. v7_ordinal1(sK0) <- (2) [avatar component clause 1361] {a:0,w:2,wCS:200,nSel:1,goal:1,sine:255,thAx:0,allAx:2,thDist:-2}
1364. 2 [avatar split clause 832,1361]
3851. k5_card_1(k8_euclid_7(X1)) = X1 | ~v1_finset_1(k8_euclid_7(X1)) | ~v7_ordinal1(X1) [superposition 985,936] {a:1,w:10,wCS:4000,sine:1,thAx:0,allAx:2,thDist:-2}
3861. k5_card_1(k8_euclid_7(X1)) = X1 | ~v7_ordinal1(X1) [subsumption resolution 3851,924] {a:1,w:7,wCS:2800,nSel:1,sine:1,thAx:0,allAx:2,thDist:-2}
8538. sK0 != sK0 | ~v7_ordinal1(sK0) <- (~1) [superposition 1358,3861] {a:2,w:5,wCS:500,goal:1,sine:1,thAx:0,allAx:4,thDist:-4}
8551. ~v7_ordinal1(sK0) <- (~1) [trivial inequality removal 8538] {a:2,w:2,wCS:200,goal:1,sine:1,thAx:0,allAx:4,thDist:-4}
8553. $false <- (~1, 2) [subsumption resolution 8551,1363] {a:2,w:0,goal:1,sine:1,thAx:0,allAx:4,thDist:-4}
8554. 1 | ~2 [avatar contradiction clause 8553]
8559. $false [avatar sat refutation 1359,1364,8554] {a:0,w:0,goal:1,sine:0,thAx:0,allAx:4433,thDist:-4433}
% SZS output end Proof for euclid_7__t41_euclid_7
% ------------------------------
% Version: Vampire 4.5.1 (commit 226f88162 on 2021-09-12 20:13:44 +0200)
% Termination reason: Refutation

% >>> Input
% Input formulas: 325
% >>> Preprocessing
% Introduced skolems: 74
% Pure predicates: 12
% Unused predicate definitions: 1
% 
% >>> Saturation
% Initial clauses: 520
% Generated clauses: 4590
% Active clauses: 1180
% Passive clauses: 2528
% Final active clauses: 1136
% Final passive clauses: 1283
% Main loop iterations started: 1243
% 
% >>> Simplifying Inferences
% Duplicate literals: 81
% Trivial inequalities: 1
% Fw subsumption resolutions: 541
% Fw demodulations: 9
% Bw demodulations: 5
% 
% >>> Deletion Inferences
% Simple tautologies: 126
% Forward subsumptions: 546
% Backward subsumptions: 11
% 
% >>> Generating Inferences
% Binary resolution: 2429
% Unit resulting resolution: 22
% Factoring: 2
% Forward superposition: 157
% Backward superposition: 92
% Self superposition: 4
% 
% >>> AVATAR
% Split clauses: 116
% Split components: 281
% Sat splitting refutations: 50
% 
% >>> SAT Solver Statistics
% SAT solver clauses: 803
% SAT solver unit clauses: 157
% SAT solver binary clauses: 467
% 
% Memory used [KB]: 11129
% Time elapsed: 0.045 s
% ------------------------------
% ------------------------------
% Time measurement results:
% parsing: 0.001 s
% preprocessing: 0.001 s ( own 0.0000 s ) 
% SAT solver time: 0.001 s
% term sharing: 0.002 s
% congruence closure: 0.008 s
% binary resolution index maintenance: 0.002 s
% backward subsumption index maintenance: 0.001 s
% backward superposition index maintenance: 0.001 s
% forward subsumption: 0.003 s
% resolution: 0.006 s
% unit resulting resolution: 0.006 s ( own 0.005 s ) 
% passive container maintenance: 0.003 s
% other: 0.045 s ( own 0.012 s ) 

