i: [1,345,0,2,1,1,0,0] t136_member_1
a: [3,534,0,2,1,345]
s: 534
i: [1,344,0,2,1,1,0,0] t136_member_1
a: [3,539,0,2,1,344]
s: 539
i: [1,343,0,2,1,1,0,0] t136_member_1
a: [3,544,0,2,1,343]
s: 544
i: [1,347,0,3,1,1,0,0] t136_member_1
a: [3,524,0,3,1,347]
s: 524
i: [1,346,0,7,1,1,0,0] t136_member_1
a: [3,529,0,7,1,346]
s: 529
i: [1,348,0,2,1,0,0,255] fc2_membered
a: [3,549,0,2,1,348]
s: 549
i: [1,349,0,2,1,0,0,255] dt_o_0_0_xboole_0
a: [3,554,0,2,1,349]
s: 554
i: [1,350,0,2,1,0,0,255] fc1_xboole_0
a: [3,559,0,2,1,350]
s: 559
i: [1,476,0,2,1,0,0,2] rc2_xboole_0
a: [3,569,0,2,1,476]
s: 569
i: [1,477,0,2,1,0,0,255] rc2_rat_1
a: [3,574,0,2,1,477]
s: 574
i: [1,478,0,2,1,0,0,255] rc2_int_1
a: [3,579,0,2,1,478]
s: 579
i: [1,479,0,2,1,0,0,255] rc1_ordinal1
a: [3,584,0,2,1,479]
s: 584
i: [1,480,0,2,1,0,0,3] rc4_ordinal1
a: [3,589,0,2,1,480]
s: 589
i: [1,481,0,2,1,0,0,2] rc1_xcmplx_0
a: [3,594,0,2,1,481]
s: 594
i: [1,482,0,2,1,0,0,2] rc1_xboole_0
a: [3,599,0,2,1,482]
s: 599
i: [1,483,0,2,1,0,0,1] rc1_xreal_0
a: [3,604,0,2,1,483]
s: 604
i: [1,487,0,2,1,0,0,255] rc2_ordinal1
a: [3,609,0,2,1,487]
s: 609
i: [1,486,0,2,1,0,0,255] rc2_ordinal1
a: [3,614,0,2,1,486]
s: 614
i: [1,485,0,2,1,0,0,255] rc2_ordinal1
a: [3,619,0,2,1,485]
s: 619
i: [1,484,0,2,1,0,0,255] rc2_ordinal1
a: [3,624,0,2,1,484]
s: 624
i: [1,489,0,2,1,0,0,3] rc2_membered
a: [3,629,0,2,1,489]
s: 629
i: [1,488,0,2,1,0,0,3] rc2_membered
a: [3,634,0,2,1,488]
s: 634
i: [1,491,0,2,1,0,0,3] rc1_membered
a: [3,639,0,2,1,491]
s: 639
i: [1,490,0,2,1,0,0,3] rc1_membered
a: [3,644,0,2,1,490]
s: 644
i: [1,493,0,2,1,0,0,255] rc3_membered
a: [3,649,0,2,1,493]
s: 649
i: [1,492,0,2,1,0,0,255] rc3_membered
a: [3,654,0,2,1,492]
s: 654
i: [1,495,0,2,1,0,0,3] rc5_ordinal1
a: [3,659,0,2,1,495]
s: 659
i: [1,494,0,2,1,0,0,3] rc5_ordinal1
a: [3,664,0,2,1,494]
s: 664
i: [1,497,0,2,1,0,0,2] rc2_xcmplx_0
a: [3,669,0,2,1,497]
s: 669
i: [1,496,0,2,1,0,0,2] rc2_xcmplx_0
a: [3,674,0,2,1,496]
s: 674
i: [1,501,0,2,1,0,0,2] rc2_xreal_0
a: [3,679,0,2,1,501]
s: 679
i: [1,500,0,2,1,0,0,2] rc2_xreal_0
a: [3,684,0,2,1,500]
s: 684
i: [1,499,0,2,1,0,0,2] rc2_xreal_0
a: [3,689,0,2,1,499]
s: 689
i: [1,498,0,2,1,0,0,2] rc2_xreal_0
a: [3,694,0,2,1,498]
s: 694
i: [1,505,0,2,1,0,0,2] rc3_xreal_0
a: [3,699,0,2,1,505]
s: 699
i: [1,504,0,2,1,0,0,2] rc3_xreal_0
a: [3,704,0,2,1,504]
s: 704
i: [1,503,0,2,1,0,0,2] rc3_xreal_0
a: [3,709,0,2,1,503]
s: 709
i: [1,502,0,2,1,0,0,2] rc3_xreal_0
a: [3,714,0,2,1,502]
s: 714
i: [1,509,0,2,1,0,0,2] rc4_xreal_0
a: [3,719,0,2,1,509]
s: 719
i: [1,508,0,2,1,0,0,2] rc4_xreal_0
a: [3,724,0,2,1,508]
s: 724
i: [1,507,0,2,1,0,0,2] rc4_xreal_0
a: [3,729,0,2,1,507]
s: 729
i: [1,506,0,2,1,0,0,2] rc4_xreal_0
a: [3,734,0,2,1,506]
s: 734
i: [1,512,0,2,1,0,0,3] rc1_xxreal_3
a: [3,739,0,2,1,512]
s: 739
i: [1,511,0,2,1,0,0,3] rc1_xxreal_3
a: [3,744,0,2,1,511]
s: 744
i: [1,510,0,2,1,0,0,3] rc1_xxreal_3
a: [3,749,0,2,1,510]
s: 749
i: [1,515,0,2,1,0,0,3] rc2_xxreal_3
a: [3,754,0,2,1,515]
s: 754
i: [1,514,0,2,1,0,0,3] rc2_xxreal_3
a: [3,759,0,2,1,514]
s: 759
i: [1,513,0,2,1,0,0,3] rc2_xxreal_3
a: [3,764,0,2,1,513]
s: 764
i: [1,352,0,3,1,0,0,2] fc2_xboole_0
s: 352
i: [1,421,0,3,1,0,0,255] reflexivity_r1_tarski
s: 421
i: [1,516,0,3,1,0,0,255] d10_xboole_0
s: 516
i: [1,517,0,3,1,0,0,255] d10_xboole_0
s: 517
i: [1,351,0,3,1,0,0,255] d2_xboole_0
a: [3,564,0,3,1,351]
s: 564
r: 554
i: [1,356,0,4,2,0,0,255] cc2_membered
s: 356
i: [1,357,0,4,2,0,0,255] cc3_membered
s: 357
i: [1,362,0,4,2,0,0,255] cc5_membered
s: 362
i: [1,363,0,4,2,0,0,255] cc4_membered
s: 363
i: [1,366,0,4,2,0,0,255] cc1_rat_1
s: 366
d: [2,767,1,2,1,1,40,366,574]
a: [3,771,1,2,1,767]
s: 771
i: [1,368,0,4,2,0,0,255] cc2_rat_1
s: 368
i: [1,369,0,4,2,0,0,255] cc3_int_1
s: 369
d: [2,773,1,2,1,1,40,368,579]
a: [3,777,1,2,1,773]
s: 777
i: [1,371,0,4,2,0,0,255] cc1_membered
s: 371
d: [2,779,1,2,1,1,40,369,579]
a: [3,783,1,2,1,779]
s: 783
i: [1,374,0,4,2,0,0,255] cc1_ordinal1
s: 374
i: [1,375,0,4,2,0,0,255] cc1_ordinal1
s: 375
d: [2,787,1,2,1,1,40,371,629]
a: [3,793,1,2,1,787]
s: 793
i: [1,377,0,4,2,0,0,255] cc2_int_1
s: 377
d: [2,788,1,2,1,1,40,371,639]
a: [3,798,1,2,1,788]
s: 798
i: [1,378,0,4,2,0,0,255] cc6_ordinal1
s: 378
i: [1,379,0,4,2,0,0,2] cc2_xcmplx_0
s: 379
d: [2,789,1,2,1,1,40,371,649]
a: [3,803,1,2,1,789]
s: 803
i: [1,380,0,4,2,0,0,3] cc2_xreal_0
s: 380
d: [2,805,1,2,1,1,40,374,584]
a: [3,810,1,2,1,805]
s: 810
i: [1,382,0,4,2,0,0,255] cc1_nat_1
s: 382
i: [1,385,0,4,2,0,0,3] cc3_nat_1
s: 385
d: [2,812,1,2,1,1,40,375,584]
a: [3,817,1,2,1,812]
s: 817
i: [1,392,0,4,2,0,0,255] cc9_ordinal1
s: 392
d: [2,825,1,2,1,1,40,377,589]
a: [3,830,1,2,1,825]
s: 830
i: [1,393,0,4,2,0,0,3] cc18_membered
s: 393
i: [1,394,0,4,2,0,0,255] cc3_ordinal1
s: 394
d: [2,826,1,2,1,1,40,377,659]
a: [3,835,1,2,1,826]
s: 835
i: [1,395,0,4,2,0,0,3] cc7_ordinal1
s: 395
d: [2,843,1,2,1,1,40,378,589]
a: [3,848,1,2,1,843]
s: 848
i: [1,397,0,4,2,0,0,2] cc3_xreal_0
s: 397
i: [1,398,0,4,2,0,0,2] cc4_xreal_0
s: 398
d: [2,997,1,2,1,1,40,397,534]
a: [3,1007,1,2,1,997]
s: 1007
i: [1,420,0,4,1,0,0,2] existence_m1_subset_1
s: 420
d: [2,1024,1,2,1,1,40,398,534]
a: [3,1034,1,2,1,1024]
s: 1034
i: [1,367,0,5,2,0,0,255] fc10_membered
s: 367
i: [1,370,0,5,2,0,0,255] fc11_membered
s: 370
d: [2,844,1,2,1,1,40,378,659]
a: [3,853,1,2,1,844]
s: 853
i: [1,381,0,5,2,0,0,2] fc12_membered
s: 381
d: [2,855,1,2,1,1,40,379,589]
a: [3,860,1,2,1,855]
s: 860
i: [1,386,0,5,2,0,0,255] fc7_membered
s: 386
i: [1,396,0,5,2,0,0,255] t6_boole
s: 396
d: [2,856,1,2,1,1,40,379,659]
a: [3,865,1,2,1,856]
s: 865
i: [1,399,0,5,2,0,0,255] fc9_membered
s: 399
d: [2,873,1,2,1,1,40,380,589]
a: [3,878,1,2,1,873]
s: 878
i: [1,400,0,5,2,0,0,2] fc8_membered
s: 400
i: [1,415,0,5,2,0,0,255] t7_boole
s: 415
d: [2,874,1,2,1,1,40,380,659]
a: [3,883,1,2,1,874]
s: 883
i: [1,401,0,6,2,0,0,255] cc7_membered
s: 401
d: [2,885,1,2,1,1,40,385,704]
a: [3,890,1,2,1,885]
s: 890
i: [1,402,0,6,3,0,0,255] cc2_ordinal1
s: 402
i: [1,407,0,6,2,0,0,255] t1_subset
s: 407
d: [2,886,1,2,1,1,40,385,759]
a: [3,895,1,2,1,886]
s: 895
i: [1,422,0,6,2,0,0,255] antisymmetry_r2_hidden
s: 422
d: [2,897,1,2,1,1,40,392,559]
a: [3,903,1,2,1,897]
s: 903
i: [1,354,0,7,3,0,0,255] cc12_membered
s: 354
i: [1,358,0,7,3,0,0,255] cc15_membered
s: 358
d: [2,898,1,2,1,1,40,392,599]
a: [3,908,1,2,1,898]
s: 908
i: [1,359,0,7,3,0,0,255] cc16_membered
s: 359
d: [2,899,1,2,1,1,40,392,734]
a: [3,913,1,2,1,899]
s: 913
i: [1,364,0,7,3,0,0,255] cc14_membered
s: 364
i: [1,372,0,7,3,0,0,3] cc17_membered
s: 372
d: [2,923,1,2,1,1,40,393,559]
a: [3,929,1,2,1,923]
s: 929
i: [1,376,0,7,3,0,0,255] cc5_ordinal1
s: 376
d: [2,924,1,2,1,1,40,393,599]
a: [3,934,1,2,1,924]
s: 934
i: [1,390,0,7,3,0,0,1] cc13_membered
s: 390
i: [1,412,0,7,2,0,0,255] t3_subset
s: 412
d: [2,925,1,2,1,1,40,393,734]
a: [3,939,1,2,1,925]
s: 939
i: [1,413,0,7,2,0,0,255] t3_subset
s: 413
d: [2,941,1,2,1,1,40,394,559]
a: [3,947,1,2,1,941]
s: 947
i: [1,414,0,7,3,0,0,1] t8_boole
s: 414
i: [1,416,0,7,2,0,0,255] t2_tarski
s: 416
d: [2,942,1,2,1,1,40,394,599]
a: [3,952,1,2,1,942]
s: 952
i: [1,353,0,8,3,0,0,255] cc10_ordinal1
s: 353
d: [2,943,1,2,1,1,40,394,734]
a: [3,957,1,2,1,943]
s: 957
i: [1,355,0,8,3,0,0,255] cc19_membered
s: 355
i: [1,360,0,8,3,0,0,255] cc22_membered
s: 360
d: [2,967,1,2,1,1,40,395,559]
a: [3,973,1,2,1,967]
s: 973
i: [1,361,0,8,3,0,0,255] cc23_membered
s: 361
d: [2,968,1,2,1,1,40,395,599]
a: [3,978,1,2,1,968]
s: 978
i: [1,365,0,8,3,0,0,255] cc21_membered
s: 365
i: [1,373,0,8,3,0,0,3] cc24_membered
s: 373
d: [2,969,1,2,1,1,40,395,734]
a: [3,983,1,2,1,969]
s: 983
i: [1,391,0,8,3,0,0,4] cc20_membered
s: 391
d: [2,1000,1,2,1,1,40,397,604]
a: [3,1022,1,2,1,1000]
s: 1022
i: [1,404,0,8,4,0,0,3] cc2_xxreal_3
s: 404
i: [1,406,0,8,4,0,0,3] cc1_xxreal_3
s: 406
d: [2,1027,1,2,1,1,40,398,604]
a: [3,1049,1,2,1,1027]
s: 1049
i: [1,408,0,8,3,0,0,255] t2_subset
s: 408
d: [2,819,2,2,1,1,40,793,356]
a: [3,823,2,2,1,819]
s: 823
i: [1,427,0,8,3,0,0,255] fc2_rat_1
s: 427
i: [1,428,0,8,3,0,0,255] fc1_int_1
s: 428
d: [2,837,2,2,1,1,40,798,356]
a: [3,841,2,2,1,837]
s: 841
i: [1,431,0,8,3,0,0,3] fc1_nat_1
s: 431
d: [2,867,2,2,1,1,40,803,356]
a: [3,871,2,2,1,867]
s: 871
i: [1,432,0,8,3,0,0,2] fc2_xcmplx_0
s: 432
i: [1,434,0,8,3,0,0,2] fc19_member_1
s: 434
d: [2,916,2,2,1,1,40,830,368]
a: [3,921,2,2,1,916]
s: 921
i: [1,436,0,8,3,0,0,1] fc63_member_1
s: 436
d: [2,1266,1,8,3,1,44,436,529]
d: [2,1267,1,6,2,2,21,1266,1034]
d: [2,1268,1,4,1,3,21,1267,539]
a: [3,1272,1,4,1,1268]
s: 1272
i: [1,437,0,8,3,0,0,2] fc16_member_1
s: 437
i: [1,438,0,8,3,0,0,2] fc17_member_1
s: 438
d: [2,960,2,2,1,1,40,835,368]
a: [3,965,2,2,1,960]
s: 965
i: [1,439,0,8,3,0,0,1] fc61_member_1
s: 439
d: [2,1287,1,8,3,1,44,439,529]
d: [2,1288,1,6,2,2,21,1287,1034]
a: [3,1292,1,2,1,1288]
s: 1292
i: [1,444,0,8,3,0,0,2] fc5_xreal_0
s: 444
i: [1,445,0,8,3,0,0,2] fc2_xxreal_3
s: 445
d: [2,985,2,2,1,1,40,848,375]
a: [3,990,2,2,1,985]
s: 990
i: [1,446,0,8,3,0,0,2] fc2_xxreal_3
s: 446
d: [2,986,2,2,1,1,40,848,374]
a: [3,995,2,2,1,986]
s: 995
i: [1,466,0,8,3,0,0,2] dt_k1_xxreal_3
s: 466
i: [1,411,0,9,3,0,0,255] d10_xboole_0
s: 411
d: [2,998,2,2,1,1,40,397,771]
a: [3,1012,2,2,1,998]
s: 1012
i: [1,419,0,9,3,0,0,255] t5_subset
s: 419
d: [2,999,2,2,1,1,40,397,783]
a: [3,1017,2,2,1,999]
s: 1017
i: [1,417,0,10,3,0,0,255] t2_tarski
s: 417
i: [1,418,0,10,3,0,0,255] t4_subset
s: 418
d: [2,1025,2,2,1,1,40,398,771]
a: [3,1039,2,2,1,1025]
s: 1039
i: [1,424,0,10,4,0,0,1] fc62_member_1
s: 424
a: [3,1295,1,4,1,1288]
s: 1295
i: [1,429,0,10,4,0,0,3] fc4_nat_1
s: 429
i: [1,430,0,10,4,0,0,3] fc3_nat_1
s: 430
d: [2,1319,2,4,2,1,40,1295,439]
d: [2,1320,2,2,1,2,21,1319,1034]
a: [3,1324,2,2,1,1320]
s: 1324
i: [1,447,0,10,4,0,0,2] fc4_xxreal_3
s: 447
d: [2,1026,2,2,1,1,40,398,783]
a: [3,1044,2,2,1,1026]
s: 1044
i: [1,387,0,11,3,0,0,255] d5_member_1
s: 387
i: [1,433,0,11,3,0,0,1] commutativity_k2_xcmplx_0
s: 433
d: [2,1053,2,2,1,1,40,853,375]
a: [3,1058,2,2,1,1053]
s: 1058
i: [1,435,0,11,3,0,0,2] commutativity_k8_member_1
s: 435
d: [2,1054,2,2,1,1,40,853,374]
a: [3,1063,2,2,1,1054]
s: 1063
i: [1,467,0,11,3,0,0,1] commutativity_k1_xxreal_3
s: 467
i: [1,389,0,12,3,0,0,1] d13_member_1
s: 389
d: [2,1070,2,2,1,1,40,878,398]
a: [3,1075,2,2,1,1070]
s: 1075
i: [1,423,0,12,5,0,0,2] fc18_member_1
s: 423
d: [2,1077,2,2,1,1,40,883,398]
a: [3,1082,2,2,1,1077]
s: 1082
i: [1,425,0,12,5,0,0,2] fc10_xreal_0
s: 425
i: [1,426,0,12,5,0,0,2] fc9_xreal_0
s: 426
d: [2,1098,2,2,1,1,40,929,371]
a: [3,1103,2,2,1,1098]
s: 1103
i: [1,440,0,12,5,0,0,2] fc11_xreal_0
s: 440
d: [2,1106,2,2,1,1,40,934,371]
a: [3,1110,2,2,1,1106]
s: 1110
i: [1,441,0,12,5,0,0,2] fc12_xreal_0
s: 441
i: [1,442,0,12,5,0,0,2] fc13_xreal_0
s: 442
d: [2,1114,2,2,1,1,40,939,371]
a: [3,1118,2,2,1,1114]
s: 1118
i: [1,443,0,12,5,0,0,2] fc14_xreal_0
s: 443
d: [2,1129,2,2,1,1,40,947,375]
a: [3,1135,2,2,1,1129]
s: 1135
i: [1,448,0,12,5,0,0,2] fc9_xxreal_3
s: 448
i: [1,449,0,12,5,0,0,2] fc9_xxreal_3
s: 449
d: [2,1130,2,2,1,1,40,947,374]
a: [3,1140,2,2,1,1130]
s: 1140
i: [1,450,0,12,5,0,0,2] fc8_xxreal_3
s: 450
d: [2,1145,2,2,1,1,40,952,375]
a: [3,1150,2,2,1,1145]
s: 1150
i: [1,451,0,12,5,0,0,2] fc8_xxreal_3
s: 451
i: [1,454,0,12,5,0,0,2] fc10_xxreal_3
s: 454
d: [2,1146,2,2,1,1,40,952,374]
a: [3,1155,2,2,1,1146]
s: 1155
i: [1,455,0,12,5,0,0,2] fc10_xxreal_3
s: 455
d: [2,1159,2,2,1,1,40,957,375]
a: [3,1164,2,2,1,1159]
s: 1164
i: [1,456,0,12,5,0,0,2] fc11_xxreal_3
s: 456
i: [1,457,0,12,5,0,0,2] fc11_xxreal_3
s: 457
d: [2,1160,2,2,1,1,40,957,374]
a: [3,1169,2,2,1,1160]
s: 1169
i: [1,462,0,12,5,0,0,2] fc13_xxreal_3
s: 462
d: [2,1175,2,2,1,1,40,973,380]
a: [3,1183,2,2,1,1175]
s: 1183
i: [1,463,0,12,5,0,0,2] fc13_xxreal_3
s: 463
i: [1,464,0,12,5,0,0,2] fc12_xxreal_3
s: 464
d: [2,1176,2,2,1,1,40,973,379]
a: [3,1188,2,2,1,1176]
s: 1188
i: [1,465,0,12,5,0,0,2] fc12_xxreal_3
s: 465
d: [2,1178,2,2,1,1,40,973,377]
a: [3,1193,2,2,1,1178]
s: 1193
i: [1,469,0,15,4,0,0,255] fraenkel_a_2_0_member_1
s: 469
i: [1,470,0,15,4,0,0,255] fraenkel_a_2_0_member_1
s: 470
d: [2,1507,1,16,5,0,40,469,354]
a: [3,1518,1,2,1,1507]
s: 1518
i: [1,472,0,15,4,0,0,255] fraenkel_a_2_0_member_1
s: 472
d: [2,1508,1,16,5,0,40,469,358]
a: [3,1526,1,2,1,1508]
s: 1526
i: [1,473,0,15,4,0,0,255] fraenkel_a_2_0_member_1
s: 473
i: [1,520,0,15,5,0,0,1] ie1_xxreal_3
s: 520
d: [2,1509,1,16,5,0,40,469,359]
a: [3,1534,1,2,1,1509]
s: 1534
d: [2,1617,0,13,4,0,21,520,397]
d: [2,1618,0,11,3,0,21,1617,397]
s: 1618
d: [2,1510,1,16,5,0,40,469,364]
a: [3,1542,1,2,1,1510]
s: 1542
i: [1,388,0,16,5,0,0,255] t135_member_1
s: 388
i: [1,452,0,16,7,0,0,2] fc5_xxreal_3
s: 452
d: [2,1511,1,16,5,0,40,469,372]
a: [3,1550,1,2,1,1511]
s: 1550
i: [1,453,0,16,7,0,0,2] fc5_xxreal_3
s: 453
d: [2,1512,1,16,5,0,40,469,376]
a: [3,1558,1,2,1,1512]
s: 1558
d: [2,1671,0,14,6,0,21,453,447]
s: 1671
i: [1,458,0,16,7,0,0,2] fc7_xxreal_3
s: 458
d: [2,1514,1,17,5,0,40,469,408]
a: [3,1567,1,2,1,1514]
s: 1567
d: [2,1685,2,0,0,2,52,1550,1567,393]
e: 1685
d: [2,1686,2,0,0,2,52,1558,1567,394]
e: 1686
d: [2,1688,2,2,1,1,40,1567,394]
d: [2,1693,2,0,0,2,21,1688,1558]
e: 1693
d: [2,1689,2,2,1,1,40,1567,393]
d: [2,1695,2,0,0,2,21,1689,1550]
e: 1695
r: 1550
r: 1558
r: 1567
i: [1,459,0,16,7,0,0,2] fc7_xxreal_3
s: 459
a: [3,1566,1,2,1,1514]
s: 1566
i: [1,460,0,16,7,0,0,2] fc6_xxreal_3
s: 460
i: [1,461,0,16,7,0,0,2] fc6_xxreal_3
s: 461
d: [2,1197,2,2,1,1,40,978,380]
a: [3,1204,2,2,1,1197]
s: 1204
d: [2,1709,0,14,6,0,21,461,447]
s: 1709
d: [2,1198,2,2,1,1,40,978,379]
a: [3,1209,2,2,1,1198]
s: 1209
i: [1,468,0,17,4,0,0,1] spc6_arithm
s: 468
i: [1,471,0,20,4,0,0,255] fraenkel_a_2_0_member_1
s: 471
d: [2,1200,2,2,1,1,40,978,377]
a: [3,1214,2,2,1,1200]
s: 1214
i: [1,518,0,23,7,0,0,255] fraenkel_a_2_0_member_1
s: 518
d: [2,1223,2,2,1,1,40,983,377]
a: [3,1227,2,2,1,1223]
s: 1227
d: [2,1664,1,16,5,1,44,388,529]
d: [2,1667,1,14,4,2,21,1664,534]
d: [2,1668,1,12,3,3,21,1667,539]
s: 1668
d: [2,1665,1,16,5,1,44,388,529]
d: [2,1669,1,14,4,2,21,1665,534]
d: [2,1670,1,12,3,3,21,1669,539]
s: 1670
d: [2,1809,2,5,2,3,40,1668,421]
d: [2,1811,2,3,1,4,21,1809,544]
a: [3,1815,2,3,1,1811]
s: 1815
d: [2,1817,2,5,2,3,40,1670,421]
d: [2,1819,2,3,1,4,21,1817,544]
d: [2,1825,3,6,2,1,40,1815,411]
d: [2,1826,3,3,1,2,21,1825,524]
f: 1826,1819,1811,343,344,345,346,347
% Refutation found. Thanks to Tanya!
% SZS status Theorem for member_1__t136_member_1
% SZS output start Proof for member_1__t136_member_1
1. ! [X0] : (v2_membered(X0) => ! [X1] : (v2_membered(X1) => ! [X2] : (v1_xreal_0(X2) => (k16_member_1(X0,X2) = k16_member_1(X1,X2) => X0 = X1)))) [input t136_member_1]
2. ~! [X0] : (v2_membered(X0) => ! [X1] : (v2_membered(X1) => ! [X2] : (v1_xreal_0(X2) => (k16_member_1(X0,X2) = k16_member_1(X1,X2) => X0 = X1)))) [negated conjecture 1]
48. ! [X0] : ! [X1] : (X0 = X1 <=> (r1_tarski(X1,X0) & r1_tarski(X0,X1))) [input d10_xboole_0]
124. ! [X0,X1] : r1_tarski(X0,X0) [input reflexivity_r1_tarski]
126. ! [X0] : (v2_membered(X0) => ! [X1] : (v2_membered(X1) => ! [X2] : (v1_xreal_0(X2) => (r1_tarski(k16_member_1(X0,X2),k16_member_1(X1,X2)) => r1_tarski(X0,X1))))) [input t135_member_1]
138. ! [X0,X1] : (X0 = X1 <=> (r1_tarski(X1,X0) & r1_tarski(X0,X1))) [flattening 48]
145. ! [X0] : r1_tarski(X0,X0) [rectify 124]
149. ? [X0] : (? [X1] : (? [X2] : ((X0 != X1 & k16_member_1(X0,X2) = k16_member_1(X1,X2)) & v1_xreal_0(X2)) & v2_membered(X1)) & v2_membered(X0)) [ennf transformation 2]
150. ? [X0] : (? [X1] : (? [X2] : (X0 != X1 & k16_member_1(X0,X2) = k16_member_1(X1,X2) & v1_xreal_0(X2)) & v2_membered(X1)) & v2_membered(X0)) [flattening 149]
183. ! [X0] : (! [X1] : (! [X2] : ((r1_tarski(X0,X1) | ~r1_tarski(k16_member_1(X0,X2),k16_member_1(X1,X2))) | ~v1_xreal_0(X2)) | ~v2_membered(X1)) | ~v2_membered(X0)) [ennf transformation 126]
184. ! [X0] : (! [X1] : (! [X2] : (r1_tarski(X0,X1) | ~r1_tarski(k16_member_1(X0,X2),k16_member_1(X1,X2)) | ~v1_xreal_0(X2)) | ~v2_membered(X1)) | ~v2_membered(X0)) [flattening 183]
290. ? [X0] : (? [X1] : (? [X2] : (X0 != X1 & k16_member_1(X0,X2) = k16_member_1(X1,X2) & v1_xreal_0(X2)) & v2_membered(X1)) & v2_membered(X0)) => (? [X1] : (? [X2] : (sK0 != X1 & k16_member_1(X1,X2) = k16_member_1(sK0,X2) & v1_xreal_0(X2)) & v2_membered(X1)) & v2_membered(sK0)) [choice axiom]
291. ? [X1] : (? [X2] : (sK0 != X1 & k16_member_1(X1,X2) = k16_member_1(sK0,X2) & v1_xreal_0(X2)) & v2_membered(X1)) => (? [X2] : (sK0 != sK1 & k16_member_1(sK0,X2) = k16_member_1(sK1,X2) & v1_xreal_0(X2)) & v2_membered(sK1)) [choice axiom]
292. ? [X2] : (sK0 != sK1 & k16_member_1(sK0,X2) = k16_member_1(sK1,X2) & v1_xreal_0(X2)) => (sK0 != sK1 & k16_member_1(sK0,sK2) = k16_member_1(sK1,sK2) & v1_xreal_0(sK2)) [choice axiom]
293. ((sK0 != sK1 & k16_member_1(sK0,sK2) = k16_member_1(sK1,sK2) & v1_xreal_0(sK2)) & v2_membered(sK1)) & v2_membered(sK0) [skolemisation 150,292,291,290]
294. ! [X0,X1] : ((X0 = X1 | (~r1_tarski(X1,X0) | ~r1_tarski(X0,X1))) & ((r1_tarski(X1,X0) & r1_tarski(X0,X1)) | X0 != X1)) [nnf transformation 138]
295. ! [X0,X1] : ((X0 = X1 | ~r1_tarski(X1,X0) | ~r1_tarski(X0,X1)) & ((r1_tarski(X1,X0) & r1_tarski(X0,X1)) | X0 != X1)) [flattening 294]
343. v2_membered(sK0) [cnf transformation 293] {a:0,w:2,wCS:200,goal:1,sine:0,thAx:0,allAx:4,thDist:-4}
344. v2_membered(sK1) [cnf transformation 293] {a:0,w:2,wCS:200,goal:1,sine:0,thAx:0,allAx:4,thDist:-4}
345. v1_xreal_0(sK2) [cnf transformation 293] {a:0,w:2,wCS:200,goal:1,sine:0,thAx:0,allAx:4,thDist:-4}
346. k16_member_1(sK0,sK2) = k16_member_1(sK1,sK2) [cnf transformation 293] {a:0,w:7,wCS:700,goal:1,sine:0,thAx:0,allAx:4,thDist:-4}
347. sK0 != sK1 [cnf transformation 293] {a:0,w:3,wCS:300,goal:1,sine:0,thAx:0,allAx:4,thDist:-4}
388. ~r1_tarski(k16_member_1(X0,X2),k16_member_1(X1,X2)) | r1_tarski(X0,X1) | ~v1_xreal_0(X2) | ~v2_membered(X1) | ~v2_membered(X0) [cnf transformation 184] {a:0,w:16,wCS:6400,nSel:1,sine:255,thAx:0,allAx:1,thDist:-1}
411. ~r1_tarski(X1,X0) | X0 = X1 | ~r1_tarski(X0,X1) [cnf transformation 295] {a:0,w:9,wCS:3600,nSel:1,sine:255,thAx:0,allAx:1,thDist:-1}
421. r1_tarski(X0,X0) [cnf transformation 145] {a:0,w:3,wCS:1200,nSel:1,sine:255,thAx:0,allAx:1,thDist:-1}
522. 1 <=> sK0 = sK1 [avatar definition]
524. sK0 != sK1 <- (~1) [avatar component clause 522] {a:0,w:3,wCS:300,nSel:1,goal:1,sine:255,thAx:0,allAx:4,thDist:-4}
525. ~1 [avatar split clause 347,522]
527. 2 <=> k16_member_1(sK0,sK2) = k16_member_1(sK1,sK2) [avatar definition]
529. k16_member_1(sK0,sK2) = k16_member_1(sK1,sK2) <- (2) [avatar component clause 527] {a:0,w:7,wCS:700,nSel:1,goal:1,sine:255,thAx:0,allAx:4,thDist:-4}
530. 2 [avatar split clause 346,527]
532. 3 <=> v1_xreal_0(sK2) [avatar definition]
534. v1_xreal_0(sK2) <- (3) [avatar component clause 532] {a:0,w:2,wCS:200,nSel:1,goal:1,sine:255,thAx:0,allAx:4,thDist:-4}
535. 3 [avatar split clause 345,532]
537. 4 <=> v2_membered(sK1) [avatar definition]
539. v2_membered(sK1) <- (4) [avatar component clause 537] {a:0,w:2,wCS:200,nSel:1,goal:1,sine:255,thAx:0,allAx:4,thDist:-4}
540. 4 [avatar split clause 344,537]
542. 5 <=> v2_membered(sK0) [avatar definition]
544. v2_membered(sK0) <- (5) [avatar component clause 542] {a:0,w:2,wCS:200,nSel:1,goal:1,sine:255,thAx:0,allAx:4,thDist:-4}
545. 5 [avatar split clause 343,542]
1664. ~r1_tarski(k16_member_1(sK0,sK2),k16_member_1(X0,sK2)) | r1_tarski(sK1,X0) | ~v1_xreal_0(sK2) | ~v2_membered(X0) | ~v2_membered(sK1) <- (2) [superposition 388,529] {a:1,w:16,wCS:1600,goal:1,sine:255,thAx:0,allAx:5,thDist:-5}
1665. ~r1_tarski(k16_member_1(X0,sK2),k16_member_1(sK0,sK2)) | r1_tarski(X0,sK1) | ~v1_xreal_0(sK2) | ~v2_membered(sK1) | ~v2_membered(X0) <- (2) [superposition 388,529] {a:1,w:16,wCS:1600,goal:1,sine:255,thAx:0,allAx:5,thDist:-5}
1667. ~r1_tarski(k16_member_1(sK0,sK2),k16_member_1(X0,sK2)) | r1_tarski(sK1,X0) | ~v2_membered(X0) | ~v2_membered(sK1) <- (2, 3) [subsumption resolution 1664,534] {a:1,w:14,wCS:1400,goal:1,sine:255,thAx:0,allAx:5,thDist:-5}
1668. ~r1_tarski(k16_member_1(sK0,sK2),k16_member_1(X0,sK2)) | r1_tarski(sK1,X0) | ~v2_membered(X0) <- (2, 3, 4) [subsumption resolution 1667,539] {a:1,w:12,wCS:1200,nSel:1,goal:1,sine:255,thAx:0,allAx:5,thDist:-5}
1669. ~r1_tarski(k16_member_1(X0,sK2),k16_member_1(sK0,sK2)) | r1_tarski(X0,sK1) | ~v2_membered(sK1) | ~v2_membered(X0) <- (2, 3) [subsumption resolution 1665,534] {a:1,w:14,wCS:1400,goal:1,sine:255,thAx:0,allAx:5,thDist:-5}
1670. ~r1_tarski(k16_member_1(X0,sK2),k16_member_1(sK0,sK2)) | r1_tarski(X0,sK1) | ~v2_membered(X0) <- (2, 3, 4) [subsumption resolution 1669,539] {a:1,w:12,wCS:1200,nSel:1,goal:1,sine:255,thAx:0,allAx:5,thDist:-5}
1809. r1_tarski(sK1,sK0) | ~v2_membered(sK0) <- (2, 3, 4) [resolution 1668,421] {a:2,w:5,wCS:500,goal:1,sine:255,thAx:0,allAx:6,thDist:-6}
1811. r1_tarski(sK1,sK0) <- (2, 3, 4, 5) [subsumption resolution 1809,544] {a:2,w:3,wCS:300,goal:1,sine:255,thAx:0,allAx:6,thDist:-6}
1813. 154 <=> r1_tarski(sK1,sK0) [avatar definition]
1815. r1_tarski(sK1,sK0) <- (154) [avatar component clause 1813] {a:2,w:3,wCS:300,nSel:1,goal:1,sine:255,thAx:0,allAx:6,thDist:-6}
1816. 154 | ~2 | ~3 | ~4 | ~5 [avatar split clause 1811,542,537,532,527,1813]
1817. r1_tarski(sK0,sK1) | ~v2_membered(sK0) <- (2, 3, 4) [resolution 1670,421] {a:2,w:5,wCS:500,goal:1,sine:255,thAx:0,allAx:6,thDist:-6}
1819. r1_tarski(sK0,sK1) <- (2, 3, 4, 5) [subsumption resolution 1817,544] {a:2,w:3,wCS:300,goal:1,sine:255,thAx:0,allAx:6,thDist:-6}
1821. 155 <=> r1_tarski(sK0,sK1) [avatar definition]
1824. 155 | ~2 | ~3 | ~4 | ~5 [avatar split clause 1819,542,537,532,527,1821]
1825. sK0 = sK1 | ~r1_tarski(sK0,sK1) <- (154) [resolution 1815,411] {a:3,w:6,wCS:600,goal:1,sine:255,thAx:0,allAx:7,thDist:-7}
1826. ~r1_tarski(sK0,sK1) <- (~1, 154) [subsumption resolution 1825,524] {a:3,w:3,wCS:300,goal:1,sine:255,thAx:0,allAx:7,thDist:-7}
1827. ~155 | 1 | ~154 [avatar split clause 1826,1813,522,1821]
1828. $false [avatar sat refutation 525,530,535,540,545,1816,1824,1827] {a:0,w:0,goal:1,sine:0,thAx:0,allAx:797,thDist:-797}
% SZS output end Proof for member_1__t136_member_1
% ------------------------------
% Version: Vampire 4.5.1 (commit 226f88162 on 2021-09-12 20:13:44 +0200)
% Termination reason: Refutation

% >>> Input
% Input formulas: 134
% >>> Preprocessing
% Introduced skolems: 26
% Pure predicates: 2
% 
% >>> Saturation
% Initial clauses: 173
% Generated clauses: 864
% Active clauses: 236
% Passive clauses: 443
% Final active clauses: 232
% Final passive clauses: 191
% Main loop iterations started: 252
% 
% >>> Simplifying Inferences
% Duplicate literals: 112
% Fw subsumption resolutions: 76
% Bw demodulations: 1
% 
% >>> Deletion Inferences
% Simple tautologies: 20
% Equational tautologies: 1
% Forward subsumptions: 110
% 
% >>> Generating Inferences
% Binary resolution: 250
% Unit resulting resolution: 2
% Forward superposition: 64
% Backward superposition: 78
% Self superposition: 2
% 
% >>> AVATAR
% Split clauses: 15
% Split components: 30
% Sat splitting refutations: 4
% 
% >>> SAT Solver Statistics
% SAT solver clauses: 162
% SAT solver unit clauses: 50
% SAT solver binary clauses: 103
% 
% Memory used [KB]: 10490
% Time elapsed: 0.010 s
% ------------------------------
% ------------------------------
% Time measurement results:
% parsing: 0.001 s
% minimizing solver time: 0.001 s
% sat proof minimization: 0.001 s
% term sharing: 0.001 s
% congruence closure: 0.002 s ( own 0.001 s ) 
% splitting component index usage: 0.001 s
% forward subsumption resolution: 0.001 s
% unit resulting resolution: 0.001 s ( own 0.0000 s ) 
% other: 0.010 s ( own 0.003 s ) 

