i: [1,356,0,3,1,1,0,0] l77_hilbert1
a: [3,568,0,3,1,356]
s: 568
i: [1,355,0,3,1,1,0,0] l77_hilbert1
a: [3,573,0,3,1,355]
s: 573
i: [1,354,0,3,1,1,0,0] l77_hilbert1
a: [3,578,0,3,1,354]
s: 578
i: [1,358,0,2,1,0,0,255] spc2_boole
a: [3,583,0,2,1,358]
s: 583
i: [1,359,0,2,1,0,0,255] spc1_boole
a: [3,588,0,2,1,359]
s: 588
i: [1,360,0,2,1,0,0,255] fc1_hilbert1
a: [3,593,0,2,1,360]
s: 593
i: [1,361,0,2,1,0,0,255] fc2_hilbert1
a: [3,598,0,2,1,361]
s: 598
i: [1,368,0,2,1,0,0,255] fc6_ordinal1
a: [3,628,0,2,1,368]
s: 628
i: [1,367,0,2,1,0,0,255] fc6_ordinal1
a: [3,633,0,2,1,367]
s: 633
i: [1,484,0,2,1,0,0,255] rc9_finseq_1
a: [3,668,0,2,1,484]
s: 668
i: [1,483,0,2,1,0,0,255] rc9_finseq_1
a: [3,673,0,2,1,483]
s: 673
i: [1,482,0,2,1,0,0,255] rc9_finseq_1
a: [3,678,0,2,1,482]
s: 678
i: [1,481,0,2,1,0,0,255] rc9_finseq_1
a: [3,683,0,2,1,481]
s: 683
i: [1,486,0,2,1,0,0,255] rc3_ordinal1
a: [3,688,0,2,1,486]
s: 688
i: [1,485,0,2,1,0,0,255] rc3_ordinal1
a: [3,693,0,2,1,485]
s: 693
i: [1,526,0,2,1,0,0,255] rc6_funct_1
a: [3,698,0,2,1,526]
s: 698
i: [1,525,0,2,1,0,0,255] rc6_funct_1
a: [3,703,0,2,1,525]
s: 703
i: [1,531,0,2,1,0,0,255] rc4_ordinal1
a: [3,708,0,2,1,531]
s: 708
i: [1,532,0,2,1,0,0,255] rc1_ordinal1
a: [3,713,0,2,1,532]
s: 713
i: [1,534,0,2,1,0,0,255] rc1_hilbert1
a: [3,718,0,2,1,534]
s: 718
i: [1,533,0,2,1,0,0,255] rc1_hilbert1
a: [3,723,0,2,1,533]
s: 723
i: [1,538,0,2,1,0,0,255] rc2_ordinal1
a: [3,728,0,2,1,538]
s: 728
i: [1,537,0,2,1,0,0,255] rc2_ordinal1
a: [3,733,0,2,1,537]
s: 733
i: [1,536,0,2,1,0,0,255] rc2_ordinal1
a: [3,738,0,2,1,536]
s: 738
i: [1,535,0,2,1,0,0,255] rc2_ordinal1
a: [3,743,0,2,1,535]
s: 743
i: [1,540,0,2,1,0,0,255] rc8_finseq_1
a: [3,748,0,2,1,540]
s: 748
i: [1,539,0,2,1,0,0,255] rc8_finseq_1
a: [3,753,0,2,1,539]
s: 753
i: [1,542,0,2,1,0,0,255] rc5_ordinal1
a: [3,758,0,2,1,542]
s: 758
i: [1,541,0,2,1,0,0,255] rc5_ordinal1
a: [3,763,0,2,1,541]
s: 763
i: [1,544,0,2,1,0,0,255] rc7_funct_1
a: [3,768,0,2,1,544]
s: 768
i: [1,543,0,2,1,0,0,255] rc7_funct_1
a: [3,773,0,2,1,543]
s: 773
i: [1,546,0,2,1,0,0,3] rc1_funct_1
a: [3,778,0,2,1,546]
s: 778
i: [1,545,0,2,1,0,0,3] rc1_funct_1
a: [3,783,0,2,1,545]
s: 783
i: [1,549,0,2,1,0,0,255] rc5_funct_1
a: [3,788,0,2,1,549]
s: 788
i: [1,548,0,2,1,0,0,255] rc5_funct_1
a: [3,793,0,2,1,548]
s: 793
i: [1,547,0,2,1,0,0,255] rc5_funct_1
a: [3,798,0,2,1,547]
s: 798
i: [1,551,0,2,1,0,0,255] rc2_funct_1
a: [3,803,0,2,1,551]
s: 803
i: [1,550,0,2,1,0,0,255] rc2_funct_1
a: [3,808,0,2,1,550]
s: 808
i: [1,554,0,2,1,0,0,255] rc3_finseq_1
a: [3,813,0,2,1,554]
s: 813
i: [1,553,0,2,1,0,0,255] rc3_finseq_1
a: [3,818,0,2,1,553]
s: 818
i: [1,552,0,2,1,0,0,255] rc3_finseq_1
a: [3,823,0,2,1,552]
s: 823
i: [1,559,0,2,1,0,0,255] rc4_finseq_1
a: [3,828,0,2,1,559]
s: 828
i: [1,558,0,2,1,0,0,255] rc4_finseq_1
a: [3,833,0,2,1,558]
s: 833
i: [1,557,0,2,1,0,0,255] rc4_finseq_1
a: [3,838,0,2,1,557]
s: 838
i: [1,556,0,2,1,0,0,255] rc4_finseq_1
a: [3,843,0,2,1,556]
s: 843
i: [1,555,0,2,1,0,0,255] rc4_finseq_1
a: [3,848,0,2,1,555]
s: 848
i: [1,375,0,3,1,0,0,255] fc16_finseq_1
s: 375
i: [1,376,0,3,1,0,0,2] fc1_subset_1
s: 376
i: [1,377,0,3,1,0,0,255] fc7_finseq_1
s: 377
i: [1,378,0,3,1,0,0,255] fc13_subset_1
s: 378
i: [1,381,0,3,1,0,0,255] fc6_finseq_1
s: 381
i: [1,382,0,3,1,0,0,255] fc6_finseq_1
s: 382
i: [1,488,0,3,1,0,0,255] rc2_finseq_1
s: 488
i: [1,489,0,3,1,0,0,255] rc2_finseq_1
s: 489
i: [1,490,0,3,1,0,0,255] rc2_finseq_1
s: 490
i: [1,491,0,3,1,0,0,255] rc2_finseq_1
s: 491
i: [1,493,0,3,1,0,0,2] rc2_subset_1
s: 493
i: [1,497,0,3,1,0,0,255] rc1_finseq_1
s: 497
i: [1,498,0,3,1,0,0,255] rc1_finseq_1
s: 498
i: [1,499,0,3,1,0,0,255] rc1_finseq_1
s: 499
i: [1,500,0,3,1,0,0,255] reflexivity_r1_tarski
s: 500
i: [1,362,0,3,1,0,0,255] redefinition_k5_numbers
a: [3,603,0,3,1,362]
s: 603
r: 633
r: 628
d: [2,850,0,2,1,2,23,633,603]
a: [3,855,0,2,1,850]
s: 855
d: [2,851,0,2,1,2,23,628,603]
a: [3,860,0,2,1,851]
s: 860
i: [1,363,0,3,1,0,0,255] t1_numerals
a: [3,608,0,3,1,363]
s: 608
i: [1,371,0,3,1,0,0,255] spc2_numerals
a: [3,638,0,3,1,371]
s: 638
i: [1,370,0,3,1,0,0,255] spc2_numerals
a: [3,643,0,3,1,370]
s: 643
i: [1,374,0,3,1,0,0,255] spc1_numerals
a: [3,653,0,3,1,374]
s: 653
i: [1,373,0,3,1,0,0,255] spc1_numerals
a: [3,658,0,3,1,373]
s: 658
d: [2,862,0,3,1,2,22,608,603]
a: [3,866,0,3,1,862]
s: 866
i: [1,357,0,13,1,1,0,0] l77_hilbert1
a: [3,563,0,13,1,357]
s: 563
i: [1,379,0,4,1,0,0,255] fc24_finseq_1
s: 379
i: [1,400,0,4,2,0,0,255] cc1_hilbert1
s: 400
d: [2,868,1,2,1,1,40,400,593]
a: [3,873,1,2,1,868]
s: 873
i: [1,402,0,4,2,0,0,255] cc9_finseq_1
s: 402
i: [1,406,0,4,2,0,0,255] cc6_ordinal1
s: 406
d: [2,875,1,2,1,1,40,402,748]
a: [3,879,1,2,1,875]
s: 879
i: [1,415,0,4,2,0,0,255] cc1_ordinal1
s: 415
d: [2,881,1,2,1,1,40,406,708]
a: [3,886,1,2,1,881]
s: 886
i: [1,416,0,4,2,0,0,255] cc1_ordinal1
s: 416
i: [1,418,0,4,2,0,0,255] cc9_ordinal1
s: 418
d: [2,882,1,2,1,1,40,406,758]
a: [3,891,1,2,1,882]
s: 891
i: [1,419,0,4,2,0,0,255] cc8_finseq_1
s: 419
d: [2,894,1,2,1,1,40,415,713]
a: [3,899,1,2,1,894]
s: 899
i: [1,420,0,4,2,0,0,255] cc7_ordinal1
s: 420
i: [1,421,0,4,2,0,0,255] cc7_funct_1
s: 421
d: [2,895,1,2,1,1,40,415,860]
a: [3,904,1,2,1,895]
s: 904
i: [1,422,0,4,2,0,0,255] cc3_ordinal1
s: 422
d: [2,912,1,2,1,1,40,416,860]
a: [3,919,1,2,1,912]
s: 919
i: [1,423,0,4,2,0,0,3] cc1_funct_1
s: 423
i: [1,478,0,4,1,0,0,255] existence_m2_finseq_1
s: 478
d: [2,914,1,2,1,1,40,416,713]
a: [3,929,1,2,1,914]
s: 929
i: [1,479,0,4,1,0,0,255] existence_m1_finseq_1
s: 479
d: [2,906,2,2,1,1,40,886,415]
a: [3,910,2,2,1,906]
s: 910
i: [1,480,0,4,1,0,0,1] existence_m1_subset_1
s: 480
i: [1,487,0,4,1,0,0,255] rc2_finseq_1
s: 487
d: [2,913,2,2,1,1,40,416,886]
a: [3,924,2,2,1,913]
s: 924
i: [1,495,0,4,1,0,0,255] rc3_subset_1
s: 495
d: [2,934,2,2,1,1,40,891,416]
a: [3,939,2,2,1,934]
s: 939
i: [1,364,0,4,1,0,0,1] dt_k6_hilbert1
a: [3,613,0,4,1,364]
s: 613
i: [1,365,0,4,1,0,0,255] dt_k5_numbers
a: [3,618,0,4,1,365]
s: 618
d: [2,935,2,2,1,1,40,891,415]
a: [3,944,2,2,1,935]
s: 944
i: [1,369,0,4,1,0,0,255] spc2_numerals
a: [3,648,0,4,1,369]
s: 648
d: [2,931,1,3,1,0,40,418,378]
s: 931
i: [1,372,0,4,1,0,0,255] spc1_numerals
a: [3,663,0,4,1,372]
s: 663
i: [1,380,0,5,1,0,0,255] dt_k1_subset_1
s: 380
d: [2,932,1,3,1,0,40,418,490]
s: 932
i: [1,384,0,5,2,0,0,255] rc6_subset_1
s: 384
d: [2,933,1,3,1,0,40,418,493]
s: 933
i: [1,388,0,5,2,0,0,255] rc6_finseq_1
s: 388
i: [1,389,0,5,2,0,0,255] rc6_finseq_1
s: 389
d: [2,946,1,3,1,0,40,419,378]
s: 946
i: [1,390,0,5,2,0,0,255] rc6_finseq_1
s: 390
d: [2,947,1,3,1,0,40,419,490]
s: 947
i: [1,391,0,5,2,0,0,255] rc6_finseq_1
s: 391
i: [1,392,0,5,2,0,0,255] rc6_finseq_1
s: 392
d: [2,948,1,3,1,0,40,419,493]
s: 948
i: [1,394,0,5,2,0,0,2] rc1_subset_1
s: 394
d: [2,949,1,3,1,0,40,420,378]
s: 949
i: [1,396,0,5,2,0,0,255] rc5_subset_1
s: 396
i: [1,397,0,5,2,0,0,255] rc5_subset_1
s: 397
d: [2,950,1,3,1,0,40,420,490]
s: 950
i: [1,407,0,5,2,0,0,255] rc7_finseq_1
s: 407
d: [2,951,1,3,1,0,40,420,493]
s: 951
i: [1,408,0,5,2,0,0,255] rc7_finseq_1
s: 408
i: [1,410,0,5,2,0,0,255] rc7_finseq_1
s: 410
d: [2,952,1,3,1,0,40,421,378]
s: 952
i: [1,411,0,5,2,0,0,255] rc7_finseq_1
s: 411
d: [2,953,1,3,1,0,40,421,490]
s: 953
i: [1,424,0,5,2,0,0,255] t6_boole
s: 424
i: [1,427,0,5,2,0,0,255] cc8_ordinal1
s: 427
d: [2,954,1,3,1,0,40,421,493]
s: 954
i: [1,428,0,5,2,0,0,1] cc3_hilbert1
s: 428
d: [2,970,1,2,1,1,40,428,568]
a: [3,977,1,2,1,970]
s: 977
i: [1,463,0,5,2,0,0,255] dt_m2_finseq_1
s: 463
i: [1,464,0,5,2,0,0,255] dt_m2_finseq_1
s: 464
d: [2,971,1,2,1,1,40,428,573]
a: [3,982,1,2,1,971]
s: 982
i: [1,466,0,5,2,0,0,255] dt_m1_finseq_1
s: 466
d: [2,972,1,2,1,1,40,428,578]
a: [3,987,1,2,1,972]
s: 987
i: [1,467,0,5,2,0,0,255] dt_m1_finseq_1
s: 467
i: [1,468,0,5,2,0,0,255] dt_m1_finseq_1
s: 468
d: [2,955,1,3,1,0,40,422,378]
s: 955
i: [1,475,0,5,2,0,0,1] t7_boole
s: 475
d: [2,956,1,3,1,0,40,422,490]
s: 956
i: [1,492,0,5,1,0,0,2] rc2_subset_1
s: 492
i: [1,494,0,5,1,0,0,255] rc3_subset_1
s: 494
d: [2,957,1,3,1,0,40,422,493]
s: 957
i: [1,366,0,5,1,0,0,255] d12_hilbert1
a: [3,623,0,5,1,366]
s: 623
d: [2,958,1,3,1,0,40,423,378]
s: 958
d: [2,969,0,5,2,1,22,427,603]
s: 969
i: [1,387,0,6,2,0,0,255] rc6_finseq_1
s: 387
d: [2,1008,1,2,1,2,40,969,643]
a: [3,1015,1,2,1,1008]
s: 1015
i: [1,399,0,6,2,0,0,255] rc4_subset_1
s: 399
d: [2,1009,1,2,1,2,40,969,658]
a: [3,1020,1,2,1,1009]
s: 1020
i: [1,409,0,6,2,0,0,255] rc7_finseq_1
s: 409
i: [1,435,0,6,3,0,0,255] cc2_ordinal1
s: 435
d: [2,1010,1,2,1,2,40,969,866]
a: [3,1025,1,2,1,1010]
s: 1025
i: [1,445,0,6,3,0,0,2] cc1_finseq_1
s: 445
d: [2,1035,2,2,1,1,40,1015,406]
a: [3,1039,2,2,1,1035]
s: 1039
i: [1,447,0,6,3,0,0,2] cc4_finseq_1
s: 447
i: [1,469,0,6,2,0,0,1] t1_subset
s: 469
d: [2,1041,2,2,1,1,40,1020,406]
a: [3,1045,2,2,1,1041]
s: 1045
i: [1,471,0,6,2,0,0,255] redefinition_m2_finseq_1
s: 471
d: [2,1052,2,2,1,1,40,1025,406]
a: [3,1057,2,2,1,1052]
s: 1057
i: [1,472,0,6,2,0,0,255] redefinition_m2_finseq_1
s: 472
i: [1,501,0,6,2,0,0,1] antisymmetry_r2_hidden
s: 501
d: [2,1062,3,2,1,1,40,1039,416]
a: [3,1067,3,2,1,1062]
s: 1067
i: [1,383,0,7,2,0,0,255] rc6_subset_1
s: 383
d: [2,1063,3,2,1,1,40,1039,415]
a: [3,1072,3,2,1,1063]
s: 1072
i: [1,393,0,7,2,0,0,2] rc1_subset_1
s: 393
i: [1,395,0,7,2,0,0,255] rc5_subset_1
s: 395
d: [2,1074,3,2,1,1,40,1045,416]
a: [3,1079,3,2,1,1074]
s: 1079
i: [1,398,0,7,2,0,0,255] rc4_subset_1
s: 398
d: [2,1075,3,2,1,1,40,1045,415]
a: [3,1084,3,2,1,1075]
s: 1084
i: [1,403,0,7,3,0,0,255] cc10_finseq_1
s: 403
i: [1,412,0,7,3,0,0,255] cc8_funct_1
s: 412
d: [2,1167,1,4,2,1,40,412,568]
d: [2,1184,1,2,1,2,21,1167,598]
a: [3,1188,1,2,1,1184]
s: 1188
i: [1,413,0,7,3,0,0,255] cc8_funct_1
s: 413
d: [2,1168,1,4,2,1,40,412,573]
d: [2,1190,1,2,1,2,21,1168,598]
a: [3,1194,1,2,1,1190]
s: 1194
i: [1,417,0,7,3,0,0,255] cc5_ordinal1
s: 417
i: [1,473,0,7,2,0,0,255] t3_subset
s: 473
d: [2,1169,1,4,2,1,40,412,578]
d: [2,1196,1,2,1,2,21,1169,598]
a: [3,1200,1,2,1,1196]
s: 1200
i: [1,474,0,7,3,0,0,255] t8_boole
s: 474
d: [2,1246,1,4,2,1,40,413,568]
d: [2,1263,1,2,1,2,21,1246,598]
a: [3,1267,1,2,1,1263]
s: 1267
i: [1,496,0,7,1,0,0,255] rc1_finseq_1
s: 496
i: [1,401,0,8,3,0,0,255] cc10_ordinal1
s: 401
d: [2,1247,1,4,2,1,40,413,573]
d: [2,1269,1,2,1,2,21,1247,598]
a: [3,1273,1,2,1,1269]
s: 1273
i: [1,404,0,8,3,0,0,255] cc11_finseq_1
s: 404
d: [2,1248,1,4,2,1,40,413,578]
d: [2,1275,1,2,1,2,21,1248,598]
a: [3,1279,1,2,1,1275]
s: 1279
i: [1,405,0,8,3,0,0,255] cc5_subset_1
s: 405
i: [1,414,0,8,3,0,0,255] cc9_funct_1
s: 414
d: [2,1309,1,4,2,1,40,417,568]
a: [3,1329,1,2,1,1309]
s: 1329
i: [1,425,0,8,3,0,0,2] cc1_subset_1
s: 425
d: [2,1118,1,4,2,1,40,403,643]
a: [3,1144,1,2,1,1118]
s: 1144
i: [1,438,0,8,4,0,0,255] cc6_funct_1
s: 438
i: [1,443,0,8,4,0,0,255] cc4_funct_1
s: 443
d: [2,1121,1,4,2,1,40,403,638]
a: [3,1163,1,2,1,1121]
s: 1163
d: [2,1482,0,6,3,0,21,443,423]
s: 1482
d: [2,1179,1,4,2,1,40,412,643]
a: [3,1223,1,2,1,1179]
s: 1223
i: [1,448,0,8,4,0,0,255] cc5_funct_1
s: 448
i: [1,458,0,8,4,0,0,255] cc6_finseq_1
s: 458
d: [2,1489,2,6,3,1,40,458,1279]
d: [2,1506,2,4,2,2,21,1489,987]
d: [2,1507,2,2,1,3,21,1506,1200]
a: [3,1511,2,2,1,1507]
s: 1511
i: [1,470,0,8,3,0,0,1] t2_subset
s: 470
d: [2,1490,2,6,3,1,40,458,1273]
d: [2,1513,2,4,2,2,21,1490,982]
d: [2,1514,2,2,1,3,21,1513,1194]
a: [3,1518,2,2,1,1514]
s: 1518
i: [1,502,0,8,3,0,0,255] fc10_subset_1
s: 502
i: [1,426,0,9,3,0,0,255] cc4_subset_1
s: 426
d: [2,1491,2,6,3,1,40,458,1267]
d: [2,1520,2,4,2,2,21,1491,977]
d: [2,1521,2,2,1,3,21,1520,1188]
a: [3,1525,2,2,1,1521]
s: 1525
i: [1,434,0,9,2,0,0,255] dt_k5_hilbert1
s: 434
d: [2,1582,1,5,2,1,40,470,568]
d: [2,1601,1,3,1,2,21,1582,873]
a: [3,1605,1,3,1,1601]
s: 1605
i: [1,465,0,9,2,0,0,255] dt_m2_finseq_1
s: 465
i: [1,477,0,9,3,0,0,1] t5_subset
s: 477
d: [2,1583,1,5,2,1,40,470,573]
d: [2,1607,1,3,1,2,21,1583,873]
a: [3,1611,1,3,1,1607]
s: 1611
i: [1,462,0,10,4,0,0,2] cc3_funct_1
s: 462
d: [2,1584,1,5,2,1,40,470,578]
d: [2,1613,1,3,1,2,21,1584,873]
a: [3,1617,1,3,1,1613]
s: 1617
i: [1,476,0,10,3,0,0,1] t4_subset
s: 476
i: [1,507,0,10,3,0,0,255] dt_k12_finseq_1
s: 507
d: [2,1727,2,3,1,1,40,1605,501]
a: [3,1733,2,3,1,1727]
s: 1733
i: [1,385,0,11,4,0,0,255] cc3_subset_1
s: 385
d: [2,1765,2,3,1,1,40,1611,501]
a: [3,1771,2,3,1,1765]
s: 1771
i: [1,386,0,11,4,0,0,255] cc2_subset_1
s: 386
i: [1,508,0,11,3,0,0,255] redefinition_k12_finseq_1
s: 508
d: [2,1806,2,3,1,1,40,1617,501]
a: [3,1812,2,3,1,1806]
s: 1812
i: [1,509,0,11,3,0,0,255] dt_k1_nat_1
s: 509
d: [2,1182,1,4,2,1,40,412,638]
a: [3,1242,1,2,1,1182]
s: 1242
i: [1,523,0,11,3,0,0,1] dt_k3_hilbert1
s: 523
i: [1,524,0,11,3,0,0,1] dt_k4_hilbert1
s: 524
d: [2,1363,1,4,2,1,40,401,613]
a: [3,1377,1,2,1,1363]
s: 1377
i: [1,510,0,12,3,0,0,255] redefinition_k1_nat_1
s: 510
d: [2,1364,1,4,2,1,40,401,618]
a: [3,1386,1,2,1,1364]
s: 1386
i: [1,511,0,12,3,0,0,255] commutativity_k1_nat_1
s: 511
i: [1,506,0,14,4,0,0,255] existence_m2_subset_1
s: 506
d: [2,1393,1,4,2,1,40,404,613]
a: [3,1407,1,2,1,1393]
s: 1407
d: [2,1893,0,12,3,0,21,506,425]
s: 1893
d: [2,1415,1,4,2,1,40,405,613]
a: [3,1429,1,2,1,1415]
s: 1429
i: [1,429,0,15,3,0,0,1] t43_hilbert1
s: 429
i: [1,503,0,15,5,0,0,255] dt_m2_subset_1
s: 503
d: [2,1416,1,4,2,1,40,405,618]
a: [3,1438,1,2,1,1416]
s: 1438
d: [2,1901,0,13,4,0,21,503,425]
s: 1901
d: [2,1445,1,4,2,1,40,414,613]
d: [2,1456,1,2,1,2,21,1445,598]
a: [3,1460,1,2,1,1456]
s: 1460
i: [1,504,0,15,5,0,0,255] redefinition_m2_subset_1
s: 504
d: [2,1909,0,13,4,0,21,504,425]
s: 1909
d: [2,1465,1,4,2,1,40,425,618]
d: [2,1475,1,2,1,2,21,1465,855]
a: [3,1479,1,2,1,1475]
s: 1479
i: [1,505,0,15,5,0,0,255] redefinition_m2_subset_1
s: 505
d: [2,1495,1,6,3,1,40,458,688]
d: [2,1527,1,4,2,2,21,1495,693]
a: [3,1535,1,2,1,1527]
s: 1535
d: [2,1917,0,13,4,0,21,505,425]
s: 1917
i: [1,520,0,16,7,0,0,255] dt_k7_finseq_1
s: 520
d: [2,1498,1,6,3,1,40,458,698]
d: [2,1541,1,4,2,2,21,1498,703]
a: [3,1549,1,2,1,1541]
s: 1549
i: [1,521,0,16,7,0,0,255] dt_k7_finseq_1
s: 521
d: [2,1499,1,6,3,1,40,458,778]
d: [2,1551,1,4,2,2,21,1499,783]
a: [3,1559,1,2,1,1551]
s: 1559
i: [1,522,0,16,7,0,0,255] dt_k7_finseq_1
s: 522
i: [1,430,0,17,3,0,0,255] d8_hilbert1
s: 430
d: [2,1500,1,6,3,1,40,458,793]
d: [2,1561,1,4,2,2,21,1500,798]
a: [3,1569,1,2,1,1561]
s: 1569
i: [1,431,0,17,3,0,0,255] d9_hilbert1
s: 431
d: [2,1501,1,6,3,1,40,458,803]
d: [2,1571,1,4,2,2,21,1501,808]
a: [3,1579,1,2,1,1571]
s: 1579
i: [1,512,0,18,8,0,0,255] fc17_finseq_1
s: 512
i: [1,513,0,18,8,0,0,255] fc17_finseq_1
s: 513
d: [2,1775,1,6,3,1,40,462,613]
a: [3,1790,1,2,1,1775]
s: 1790
i: [1,514,0,18,8,0,0,255] fc17_finseq_1
s: 514
d: [2,1776,1,6,3,1,40,462,618]
a: [3,1803,1,2,1,1776]
s: 1803
i: [1,515,0,18,8,0,0,255] fc17_finseq_1
s: 515
i: [1,516,0,18,8,0,0,255] fc18_finseq_1
s: 516
d: [2,1833,1,7,3,1,40,385,613]
d: [2,1848,1,5,2,2,21,1833,873]
a: [3,1855,1,2,1,1848]
s: 1855
r: 1855
i: [1,517,0,18,8,0,0,255] fc18_finseq_1
s: 517
a: [3,1856,1,2,1,1848]
s: 1856
i: [1,518,0,18,8,0,0,255] fc18_finseq_1
s: 518
i: [1,519,0,18,8,0,0,255] fc18_finseq_1
s: 519
d: [2,1087,3,2,1,1,40,1057,416]
a: [3,1093,3,2,1,1087]
s: 1093
i: [1,432,0,22,4,0,0,1] l75_hilbert1
s: 432
d: [2,1088,3,2,1,1,40,1057,415]
a: [3,1098,3,2,1,1088]
s: 1098
i: [1,433,0,24,6,0,0,1] t23_hilbert1
s: 433
i: [1,527,0,27,11,0,0,255] fc28_finseq_1
s: 527
d: [2,960,1,3,1,0,40,423,493]
s: 960
i: [1,528,0,27,11,0,0,255] fc28_finseq_1
s: 528
d: [2,973,1,3,1,0,40,428,480]
a: [3,992,1,3,1,973]
s: 992
i: [1,530,0,27,11,0,0,255] fc28_finseq_1
s: 530
i: [1,529,0,30,11,0,0,255] fc28_finseq_1
s: 529
d: [2,994,1,3,1,0,40,463,478]
s: 994
d: [2,995,1,3,1,0,40,464,478]
s: 995
d: [2,996,1,3,1,0,40,466,479]
s: 996
d: [2,998,1,3,1,0,40,467,479]
s: 998
d: [2,1000,1,3,1,0,40,468,479]
s: 1000
d: [2,1011,1,3,1,1,40,969,480]
a: [3,1030,1,3,1,1011]
s: 1030
d: [2,1109,1,5,2,1,40,403,613]
a: [3,1126,1,3,1,1109]
s: 1126
d: [2,1110,1,5,2,1,40,403,618]
a: [3,1135,1,3,1,1110]
s: 1135
d: [2,1170,1,5,2,1,40,412,613]
a: [3,1205,1,3,1,1170]
s: 1205
d: [2,1171,1,5,2,1,40,412,618]
a: [3,1214,1,3,1,1171]
s: 1214
d: [2,1312,1,5,2,1,40,417,613]
a: [3,1348,1,3,1,1312]
s: 1348
d: [2,1484,1,6,2,0,40,1482,490]
d: [2,1486,1,3,1,0,21,1484,488]
s: 1486
d: [2,1488,1,9,3,0,40,458,382]
d: [2,1504,1,6,2,0,21,1488,377]
d: [2,1505,1,3,1,0,21,1504,381]
s: 1505
d: [2,1496,1,9,3,0,40,458,489]
d: [2,1537,1,6,2,0,21,1496,491]
d: [2,1538,1,3,1,0,21,1537,488]
s: 1538
d: [2,1497,1,9,3,0,40,458,498]
d: [2,1539,1,6,2,0,21,1497,499]
d: [2,1540,1,3,1,0,21,1539,497]
s: 1540
d: [2,1596,1,5,2,1,40,470,643]
d: [2,1640,1,3,1,2,21,1596,855]
a: [3,1644,1,3,1,1640]
s: 1644
d: [2,1597,1,5,2,1,40,470,658]
d: [2,1646,1,3,1,2,21,1597,855]
a: [3,1650,1,3,1,1646]
s: 1650
d: [2,1598,1,5,2,1,40,470,866]
d: [2,1652,1,3,1,2,21,1598,855]
a: [3,1656,1,3,1,1652]
s: 1656
d: [2,1599,1,5,2,1,40,470,638]
a: [3,1661,1,3,1,1599]
s: 1661
d: [2,1600,1,5,2,1,40,470,653]
a: [3,1666,1,3,1,1600]
s: 1666
a: [3,1852,1,3,1,1848]
s: 1852
d: [2,1896,1,8,3,0,40,429,475]
a: [3,1899,1,3,1,1896]
s: 1899
r: 524
r: 523
r: 433
r: 432
r: 431
r: 430
r: 429
r: 428
d: [2,2065,2,0,0,1,40,1899,480]
e: 2065
d: [2,2064,2,0,0,2,40,1899,568]
e: 2064
d: [2,2063,2,0,0,2,40,1899,573]
e: 2063
d: [2,2062,2,0,0,2,40,1899,578]
e: 2062
d: [2,2060,2,0,0,2,52,568,1899]
e: 2060
d: [2,2061,2,0,0,2,52,1605,1899,469]
e: 2061
r: 1899
d: [2,961,2,3,1,0,40,946,402]
s: 961
s: 428
s: 523
d: [2,962,2,3,1,0,40,947,402]
s: 962
s: 524
d: [2,963,2,3,1,0,40,948,402]
s: 963
s: 429
s: 430
d: [2,964,2,3,1,0,40,949,406]
s: 964
s: 431
d: [2,965,2,3,1,0,40,950,406]
s: 965
s: 432
s: 433
d: [2,966,2,3,1,0,40,951,406]
s: 966
d: [2,1086,1,4,1,0,40,471,478]
s: 1086
d: [2,1002,2,3,1,0,40,955,416]
s: 1002
d: [2,1100,1,4,1,0,40,472,479]
s: 1100
d: [2,1101,1,4,1,0,40,472,487]
s: 1101
d: [2,1003,2,3,1,0,40,955,415]
s: 1003
d: [2,1586,1,7,2,1,40,470,613]
d: [2,1620,1,4,1,1,21,1586,376]
a: [3,1624,1,4,1,1620]
s: 1624
d: [2,1004,2,3,1,0,40,956,416]
s: 1004
d: [2,1587,1,7,2,1,40,470,618]
d: [2,1626,1,4,1,1,21,1587,376]
a: [3,1630,1,4,1,1626]
s: 1630
d: [2,968,1,5,2,1,44,866,424]
s: 968
d: [2,1005,2,3,1,0,40,956,415]
s: 1005
d: [2,1105,1,5,2,0,40,403,480]
s: 1105
d: [2,1006,2,3,1,0,40,957,416]
s: 1006
d: [2,1166,1,5,2,0,40,412,480]
s: 1166
d: [2,1245,1,5,2,0,40,413,480]
s: 1245
d: [2,1007,2,3,1,0,40,957,415]
s: 1007
d: [2,1308,1,5,2,0,40,417,480]
s: 1308
d: [2,2013,2,3,1,1,40,1030,406]
a: [3,2017,2,3,1,2013]
s: 2017
d: [2,1371,1,5,2,0,40,401,494]
s: 1371
d: [2,1401,1,5,2,0,40,404,494]
s: 1401
d: [2,2019,2,3,1,1,40,1644,501]
a: [3,2025,2,3,1,2019]
s: 2025
d: [2,1417,1,5,2,0,40,405,380]
s: 1417
d: [2,2027,2,3,1,1,40,1650,501]
a: [3,2033,2,3,1,2027]
s: 2033
d: [2,1422,1,5,2,0,40,405,492]
s: 1422
d: [2,1423,1,5,2,0,40,405,494]
s: 1423
d: [2,2035,2,3,1,1,40,1656,501]
a: [3,2042,2,3,1,2035]
s: 2042
d: [2,1453,1,5,2,0,40,414,494]
s: 1453
d: [2,2044,2,3,1,1,40,1661,501]
a: [3,2050,2,3,1,2044]
s: 2050
d: [2,1472,1,5,2,0,40,425,494]
s: 1472
d: [2,1588,1,8,2,0,40,470,380]
d: [2,1632,1,5,1,0,21,1588,376]
s: 1632
d: [2,2052,2,3,1,1,40,1666,501]
a: [3,2058,2,3,1,2052]
s: 2058
d: [2,1593,1,8,2,0,40,470,492]
d: [2,1637,1,5,1,0,21,1593,376]
s: 1637
d: [2,2139,2,3,1,0,40,1086,466]
s: 2139
d: [2,1594,1,8,2,0,40,470,494]
d: [2,1638,1,5,1,0,21,1594,376]
s: 1638
d: [2,1842,1,9,3,0,40,385,494]
d: [2,1861,1,5,2,0,21,1842,495]
s: 1861
d: [2,2176,3,3,1,1,40,2017,416]
a: [3,2181,3,3,1,2176]
s: 2181
d: [2,1059,1,6,2,0,40,445,378]
s: 1059
d: [2,2177,3,3,1,1,40,2017,415]
a: [3,2186,3,3,1,2177]
s: 2186
d: [2,1061,1,6,2,0,40,445,493]
s: 1061
d: [2,1102,1,6,2,0,40,472,387]
s: 1102
d: [2,2147,2,4,1,1,40,1624,501]
a: [3,2153,2,4,1,2147]
s: 2153
d: [2,1111,1,6,2,0,40,403,380]
s: 1111
d: [2,2156,2,4,1,1,40,1630,501]
a: [3,2162,2,4,1,2156]
s: 2162
d: [2,1116,1,6,2,0,40,403,492]
s: 1116
d: [2,1117,1,6,2,0,40,403,494]
s: 1117
d: [2,1991,4,4,2,1,44,1093,424]
s: 1991
d: [2,1172,1,6,2,0,40,412,380]
s: 1172
d: [2,1995,4,4,2,1,44,1098,424]
s: 1995
d: [2,1177,1,6,2,0,40,412,492]
s: 1177
d: [2,1178,1,6,2,0,40,412,494]
s: 1178
d: [2,2038,2,5,2,1,44,1656,424]
s: 2038
d: [2,1256,1,6,2,0,40,413,492]
s: 1256
d: [2,2165,2,7,3,1,40,968,470]
d: [2,2170,2,5,2,2,21,2165,855]
s: 2170
d: [2,1257,1,6,2,0,40,413,494]
s: 1257
d: [2,1320,1,6,2,0,40,417,494]
s: 1320
d: [2,2174,2,5,2,0,40,1308,416]
s: 2174
d: [2,1373,1,6,2,0,40,401,480]
s: 1373
d: [2,2175,2,5,2,0,40,1308,415]
s: 2175
d: [2,1403,1,6,2,0,40,404,480]
s: 1403
d: [2,1425,1,6,2,0,40,405,480]
s: 1425
d: [2,2188,2,5,2,0,40,1401,402]
s: 2188
d: [2,1455,1,6,2,0,40,414,480]
s: 1455
d: [2,2195,2,5,2,0,40,1472,418]
s: 2195
d: [2,1474,1,6,2,0,40,425,480]
s: 1474
d: [2,1483,1,6,2,0,40,1482,378]
s: 1483
d: [2,2196,2,5,2,0,40,1472,419]
s: 2196
d: [2,1485,1,6,2,0,40,1482,493]
s: 1485
d: [2,2197,2,5,2,0,40,1472,420]
s: 2197
d: [2,1581,1,6,2,0,40,470,480]
s: 1581
d: [2,1671,1,6,2,0,40,426,380]
s: 1671
d: [2,2198,2,5,2,0,40,1472,421]
s: 2198
d: [2,1676,1,6,2,0,40,426,492]
s: 1676
d: [2,2199,2,5,2,0,40,1472,422]
s: 2199
d: [2,1751,1,6,2,0,40,477,380]
s: 1751
d: [2,1757,1,6,2,0,40,477,492]
s: 1757
d: [2,2200,2,5,2,0,40,1472,423]
s: 2200
d: [2,1758,1,6,2,0,40,477,494]
s: 1758
d: [2,2203,2,5,1,0,40,1632,501]
s: 2203
d: [2,1816,1,6,2,1,40,476,613]
s: 1816
d: [2,1817,1,6,2,1,40,476,618]
s: 1817
d: [2,2265,2,3,1,2,40,1817,1656]
a: [3,2270,2,3,1,2265]
s: 2270
d: [2,1835,1,9,3,0,40,385,380]
d: [2,1858,1,6,2,0,21,1835,378]
s: 1858
d: [2,2278,3,5,2,1,40,2270,470]
d: [2,2284,3,3,1,2,21,2278,1479]
a: [3,2288,3,3,1,2284]
s: 2288
d: [2,1841,1,9,3,0,40,385,492]
d: [2,1860,1,6,2,0,21,1841,493]
s: 1860
d: [2,967,1,7,3,0,44,424,424]
s: 967
d: [2,2291,4,3,1,1,40,2288,501]
a: [3,2298,4,3,1,2291]
s: 2298
d: [2,1362,1,7,3,0,40,401,473]
s: 1362
d: [2,2255,2,6,2,1,40,1816,1581]
d: [2,2256,2,4,1,2,21,2255,1856]
a: [3,2260,2,4,1,2256]
s: 2260
d: [2,1366,1,7,3,0,40,401,383]
s: 1366
d: [2,1367,1,7,3,0,40,401,393]
s: 1367
d: [2,2303,3,3,1,1,40,2260,428]
a: [3,2312,3,3,1,2303]
s: 2312
d: [2,1368,1,7,3,0,40,401,395]
s: 1368
d: [2,2306,3,5,2,1,40,2260,413]
d: [2,2320,3,3,1,2,21,2306,598]
a: [3,2324,3,3,1,2320]
s: 2324
d: [2,1369,1,7,3,0,40,401,398]
s: 1369
d: [2,1372,1,7,2,0,40,401,496]
s: 1372
d: [2,2307,3,5,2,1,40,2260,412]
d: [2,2326,3,3,1,2,21,2307,598]
a: [3,2330,3,3,1,2326]
s: 2330
d: [2,1392,1,7,3,0,40,404,473]
s: 1392
d: [2,2332,4,9,3,1,40,2324,458]
d: [2,2333,4,6,2,2,21,2332,2312]
a: [3,2337,4,3,1,2333]
s: 2337
d: [2,1396,1,7,3,0,40,404,383]
s: 1396
d: [2,1397,1,7,3,0,40,404,393]
s: 1397
d: [2,2266,2,6,2,1,40,1817,1581]
d: [2,2272,2,4,1,2,21,2266,855]
a: [3,2276,2,4,1,2272]
s: 2276
d: [2,1398,1,7,3,0,40,404,395]
s: 1398
d: [2,2304,3,6,2,1,40,2260,470]
d: [2,2314,3,4,1,2,21,2304,873]
a: [3,2318,3,4,1,2314]
s: 2318
d: [2,1399,1,7,3,0,40,404,398]
s: 1399
d: [2,1402,1,7,2,0,40,404,496]
s: 1402
d: [2,2342,3,6,2,1,40,2276,470]
d: [2,2347,3,4,1,2,21,2342,1479]
a: [3,2351,3,4,1,2347]
s: 2351
d: [2,1414,1,7,3,0,40,405,473]
s: 1414
d: [2,2354,4,4,1,1,40,2318,501]
a: [3,2360,4,4,1,2354]
s: 2360
d: [2,1419,1,7,3,0,40,405,393]
s: 1419
d: [2,1421,1,7,3,0,40,405,398]
s: 1421
d: [2,2363,4,4,1,1,40,2351,501]
a: [3,2369,4,4,1,2363]
s: 2369
d: [2,1424,1,7,2,0,40,405,496]
s: 1424
d: [2,2206,2,5,1,0,40,1637,501]
s: 2206
d: [2,1444,1,7,3,0,40,414,473]
s: 1444
d: [2,1448,1,7,3,0,40,414,383]
s: 1448
d: [2,2209,2,5,1,0,40,1638,501]
s: 2209
d: [2,1449,1,7,3,0,40,414,393]
s: 1449
d: [2,2242,3,5,2,0,40,2196,402]
s: 2242
d: [2,1450,1,7,3,0,40,414,395]
s: 1450
d: [2,1451,1,7,3,0,40,414,398]
s: 1451
d: [2,2243,3,5,2,0,40,2197,406]
s: 2243
d: [2,1454,1,7,2,0,40,414,496]
s: 1454
d: [2,2247,3,5,2,0,40,2199,416]
s: 2247
d: [2,1463,1,7,3,0,40,425,473]
s: 1463
d: [2,1467,1,7,3,0,40,425,383]
s: 1467
d: [2,2248,3,5,2,0,40,2199,415]
s: 2248
d: [2,1473,1,7,2,0,40,425,496]
s: 1473
d: [2,2262,3,5,2,2,40,1817,2038]
s: 2262
d: [2,1585,1,10,3,0,40,470,473]
d: [2,1619,1,7,2,0,21,1585,376]
s: 1619
d: [2,1589,1,10,3,0,40,470,383]
d: [2,1633,1,7,2,0,21,1589,376]
s: 1633
d: [2,2283,3,5,2,1,44,2270,424]
s: 2283
d: [2,1590,1,10,3,0,40,470,393]
d: [2,1634,1,7,2,0,21,1590,376]
s: 1634
d: [2,2294,4,5,2,1,44,2288,424]
s: 2294
d: [2,1591,1,10,3,0,40,470,395]
d: [2,1635,1,7,2,0,21,1591,376]
s: 1635
d: [2,1592,1,10,3,0,40,470,398]
d: [2,1636,1,7,2,0,21,1592,376]
s: 1636
d: [2,2387,4,7,3,2,40,2262,470]
d: [2,2392,4,5,2,3,21,2387,1479]
s: 2392
d: [2,1595,1,12,2,0,40,470,496]
d: [2,1639,1,7,1,0,21,1595,376]
s: 1639
d: [2,2220,5,5,2,1,40,1991,1472]
s: 2220
d: [2,1679,1,7,2,0,40,426,480]
s: 1679
d: [2,1687,1,9,3,0,40,434,414]
d: [2,1697,1,7,2,1,21,1687,598]
s: 1697
r: 1429
a: [3,1428,1,2,1,1415]
s: 1428
a: [3,1433,1,2,1,1415]
s: 1433
a: [3,1208,1,2,1,1170]
s: 1208
d: [2,1688,1,9,3,0,40,434,405]
a: [3,1700,1,7,2,1688]
s: 1700
r: 1428
r: 1700
s: 1429
d: [2,2415,2,3,1,2,40,1697,613]
a: [3,2428,2,3,1,2415]
s: 2428
d: [2,1760,1,7,2,0,40,477,480]
s: 1760
d: [2,2418,2,6,2,1,40,1697,383]
d: [2,2431,2,4,1,2,21,2418,1429]
a: [3,2435,2,4,1,2431]
s: 2435
d: [2,1783,1,7,3,0,40,462,492]
s: 1783
d: [2,1784,1,7,3,0,40,462,494]
s: 1784
d: [2,2419,2,6,2,1,40,1697,393]
d: [2,2437,2,4,1,2,21,2419,873]
a: [3,2441,2,4,1,2437]
s: 2441
d: [2,1818,1,7,2,0,40,476,380]
s: 1818
d: [2,2420,2,6,2,1,40,1697,395]
d: [2,2443,2,4,1,2,21,2420,873]
a: [3,2447,2,4,1,2443]
s: 2447
d: [2,1824,1,7,2,0,40,476,492]
s: 1824
d: [2,1825,1,7,2,0,40,476,494]
s: 1825
d: [2,2421,2,6,2,1,40,1697,398]
d: [2,2449,2,4,1,2,21,2421,873]
a: [3,2453,2,4,1,2449]
s: 2453
d: [2,1920,1,9,3,1,40,1917,613]
a: [3,1934,1,7,2,1920]
s: 1934
d: [2,2422,2,4,1,1,40,1697,492]
a: [3,2458,2,4,1,2422]
s: 2458
d: [2,1921,1,9,3,1,40,1917,618]
d: [2,1936,1,7,2,2,21,1921,855]
s: 1936
d: [2,1112,1,8,3,0,40,403,383]
s: 1112
d: [2,2423,2,4,1,1,40,1697,494]
a: [3,2463,2,4,1,2423]
s: 2463
d: [2,1113,1,8,3,0,40,403,393]
s: 1113
d: [2,2424,2,5,1,1,40,1697,480]
a: [3,2468,2,5,1,2424]
s: 2468
d: [2,1114,1,8,3,0,40,403,395]
s: 1114
d: [2,1115,1,8,3,0,40,403,398]
s: 1115
d: [2,2224,5,5,2,1,40,1995,1472]
s: 2224
d: [2,1173,1,8,3,0,40,412,383]
s: 1173
d: [2,2011,2,9,3,0,40,998,458]
d: [2,2012,2,6,2,0,21,2011,996]
s: 2012
d: [2,1174,1,8,3,0,40,412,393]
s: 1174
d: [2,1175,1,8,3,0,40,412,395]
s: 1175
d: [2,2537,2,3,1,0,21,2012,1000]
s: 2537
d: [2,1176,1,8,3,0,40,412,398]
s: 1176
d: [2,2230,2,6,2,0,40,1403,402]
s: 2230
d: [2,1252,1,8,3,0,40,413,383]
s: 1252
d: [2,1253,1,8,3,0,40,413,393]
s: 1253
d: [2,2232,2,6,2,0,40,1474,418]
s: 2232
d: [2,1254,1,8,3,0,40,413,395]
s: 1254
d: [2,2233,2,6,2,0,40,1474,419]
s: 2233
d: [2,1255,1,8,3,0,40,413,398]
s: 1255
d: [2,1315,1,8,3,0,40,417,383]
s: 1315
d: [2,2234,2,6,2,0,40,1474,420]
s: 2234
d: [2,1316,1,8,3,0,40,417,393]
s: 1316
d: [2,2235,2,6,2,0,40,1474,421]
s: 2235
d: [2,1317,1,8,3,0,40,417,395]
s: 1317
d: [2,1318,1,8,3,0,40,417,398]
s: 1318
d: [2,2236,2,6,2,0,40,1474,422]
s: 2236
d: [2,1354,1,8,3,0,40,473,417]
s: 1354
d: [2,2542,2,5,2,0,40,1354,500]
s: 2542
d: [2,1355,1,8,3,0,40,473,413]
s: 1355
d: [2,1356,1,8,3,0,40,473,412]
s: 1356
d: [2,2543,2,5,2,0,40,1355,500]
s: 2543
d: [2,1357,1,8,3,0,40,473,403]
s: 1357
d: [2,2544,2,5,2,0,40,1356,500]
s: 2544
d: [2,1358,1,8,2,0,40,496,417]
s: 1358
d: [2,1668,1,8,3,0,40,426,473]
s: 1668
d: [2,2545,2,5,2,0,40,1357,500]
s: 2545
d: [2,1672,1,8,3,0,40,426,383]
s: 1672
d: [2,2546,2,5,2,0,40,1668,500]
s: 2546
d: [2,1747,1,8,3,0,40,477,473]
s: 1747
d: [2,1753,1,8,3,0,40,477,383]
s: 1753
d: [2,2237,2,6,2,0,40,1474,423]
s: 2237
d: [2,1759,1,8,2,0,40,477,496]
s: 1759
d: [2,2244,2,6,2,0,40,1581,501]
s: 2244
d: [2,1786,1,8,3,0,40,462,480]
s: 1786
d: [2,1827,1,8,2,0,40,476,480]
s: 1827
d: [2,2414,2,6,2,1,40,1697,473]
s: 2414
d: [2,1691,1,12,3,0,40,434,470]
d: [2,1710,1,9,2,0,21,1691,376]
s: 1710
d: [2,2552,3,3,1,1,40,2414,500]
a: [3,2556,3,3,1,2552]
s: 2556
d: [2,1736,1,9,3,0,40,465,425]
s: 1736
d: [2,1737,1,9,3,0,40,465,414]
s: 1737
d: [2,2530,2,12,4,1,40,1934,1901]
d: [2,2531,2,8,3,2,21,2530,613]
d: [2,2532,2,6,2,3,21,2531,1856]
s: 2532
d: [2,1738,1,9,3,0,40,465,405]
s: 1738
d: [2,2534,2,12,4,2,40,1936,1901]
d: [2,2535,2,8,3,2,21,2534,618]
d: [2,2536,2,6,2,2,21,2535,855]
s: 2536
d: [2,1739,1,9,3,0,40,465,404]
s: 1739
d: [2,1740,1,9,3,0,40,465,401]
s: 1740
d: [2,2538,3,6,2,0,40,2233,402]
s: 2538
d: [2,1741,1,14,3,0,40,465,470]
d: [2,1746,1,9,2,0,21,1741,376]
s: 1746
d: [2,2539,3,6,2,0,40,2234,406]
s: 2539
d: [2,1773,1,9,4,0,40,462,473]
s: 1773
d: [2,1779,1,9,4,0,40,462,383]
s: 1779
d: [2,2540,3,6,2,0,40,2236,416]
s: 2540
d: [2,1780,1,9,4,0,40,462,393]
s: 1780
d: [2,2541,3,6,2,0,40,2236,415]
s: 2541
d: [2,1781,1,9,4,0,40,462,395]
s: 1781
d: [2,1782,1,9,4,0,40,462,398]
s: 1782
d: [2,2240,5,6,2,1,40,1474,1991]
s: 2240
d: [2,1814,1,9,3,0,40,476,473]
s: 1814
d: [2,2241,5,6,2,1,40,1474,1995]
s: 2241
d: [2,1820,1,9,3,0,40,476,383]
s: 1820
d: [2,1821,1,9,3,0,40,476,393]
s: 1821
d: [2,2340,2,7,3,0,40,1396,402]
s: 2340
d: [2,1822,1,9,3,0,40,476,395]
s: 1822
d: [2,2341,2,7,3,0,40,1397,402]
s: 2341
d: [2,1823,1,9,3,0,40,476,398]
s: 1823
d: [2,1826,1,9,2,0,40,476,496]
s: 1826
d: [2,2353,2,7,3,0,40,1398,402]
s: 2353
d: [2,1829,1,9,3,0,40,507,464]
s: 1829
d: [2,2362,2,7,3,0,40,1399,402]
s: 2362
d: [2,1830,1,9,3,0,40,507,463]
s: 1830
d: [2,1862,1,14,5,0,44,507,508]
d: [2,1863,1,9,3,0,18,1862]
s: 1863
d: [2,2377,2,7,3,0,40,1467,418]
s: 2377
d: [2,1678,1,10,2,0,40,426,496]
s: 1678
d: [2,2378,2,7,3,0,40,1467,419]
s: 2378
d: [2,1742,1,10,3,0,40,465,417]
s: 1742
d: [2,1744,1,10,3,0,40,465,412]
s: 1744
d: [2,2379,2,7,3,0,40,1467,420]
s: 2379
d: [2,1748,1,10,3,0,40,477,465]
s: 1748
d: [2,2380,2,7,3,0,40,1467,421]
s: 2380
d: [2,1828,1,10,3,0,40,507,471]
s: 1828
d: [2,1831,1,10,4,0,40,385,473]
s: 1831
d: [2,2381,2,7,3,0,40,1467,422]
s: 2381
d: [2,1864,1,10,3,0,40,523,428]
s: 1864
d: [2,2382,2,7,3,0,40,1467,423]
s: 2382
d: [2,1867,1,12,4,0,40,523,413]
d: [2,1871,1,10,3,1,21,1867,598]
s: 1871
d: [2,1868,1,12,4,0,40,523,412]
d: [2,1872,1,10,3,1,21,1868,598]
s: 1872
d: [2,2393,2,7,2,0,40,1619,501]
s: 2393
d: [2,1869,1,12,4,0,40,523,403]
a: [3,1875,1,10,3,1869]
s: 1875
d: [2,2396,2,7,2,0,40,1633,501]
s: 2396
d: [2,1877,1,10,3,0,40,524,428]
s: 1877
d: [2,1880,1,12,4,0,40,524,413]
d: [2,1884,1,10,3,1,21,1880,598]
s: 1884
d: [2,2399,2,7,2,0,40,1634,501]
s: 2399
d: [2,1881,1,12,4,0,40,524,412]
d: [2,1885,1,10,3,1,21,1881,598]
s: 1885
d: [2,2405,2,7,2,0,40,1635,501]
s: 2405
d: [2,1882,1,12,4,0,40,524,403]
a: [3,1888,1,10,3,1882]
s: 1888
d: [2,1904,1,16,5,0,40,1901,509]
d: [2,1907,1,12,4,1,21,1904,618]
d: [2,1908,1,10,3,2,21,1907,855]
s: 1908
d: [2,2620,2,11,4,2,40,1908,417]
a: [3,2631,2,2,1,2620]
s: 2631
d: [2,1912,1,16,5,0,40,1909,509]
d: [2,1915,1,12,4,1,21,1912,618]
d: [2,1916,1,10,3,2,21,1915,855]
s: 1916
d: [2,2408,2,7,2,0,40,1636,501]
s: 2408
d: [2,2079,1,12,4,0,40,523,413]
d: [2,2084,1,10,3,1,21,2079,598]
s: 2084
d: [2,2080,1,12,4,0,40,523,412]
d: [2,2085,1,10,3,1,21,2080,598]
s: 2085
d: [2,2411,2,7,1,0,40,1639,501]
s: 2411
d: [2,2089,1,12,4,0,40,524,413]
d: [2,2094,1,10,3,1,21,2089,598]
s: 2094
d: [2,2579,2,10,3,0,40,1821,1581]
d: [2,2580,2,7,2,0,21,2579,394]
s: 2580
d: [2,2090,1,12,4,0,40,524,412]
d: [2,2095,1,10,3,1,21,2090,598]
s: 2095
d: [2,1481,1,11,4,0,40,438,397]
s: 1481
d: [2,2654,3,6,2,0,40,2580,428]
d: [2,2671,3,4,1,1,21,2654,873]
a: [3,2675,3,4,1,2671]
s: 2675
d: [2,1815,1,11,3,0,40,476,465]
s: 1815
d: [2,2669,3,6,2,1,40,2580,969]
d: [2,2706,3,4,1,2,21,2669,855]
a: [3,2710,3,4,1,2706]
s: 2710
d: [2,1819,1,11,3,0,40,476,434]
s: 1819
d: [2,1837,1,11,4,0,40,385,383]
s: 1837
d: [2,2720,4,4,1,1,40,2710,406]
a: [3,2724,4,4,1,2720]
s: 2724
d: [2,1844,1,11,3,0,40,385,480]
s: 1844
d: [2,2730,5,4,1,1,40,2724,416]
a: [3,2735,5,4,1,2730]
s: 2735
d: [2,1836,1,13,4,0,40,385,434]
d: [2,1859,1,11,3,1,21,1836,873]
s: 1859
d: [2,1865,1,13,4,0,40,523,470]
d: [2,1870,1,11,3,1,21,1865,873]
s: 1870
d: [2,2745,2,7,2,2,40,1859,613]
a: [3,2759,2,3,1,2745]
s: 2759
d: [2,1878,1,13,4,0,40,524,470]
d: [2,1883,1,11,3,1,21,1878,873]
s: 1883
d: [2,2748,2,11,3,1,40,1859,383]
d: [2,2766,2,9,2,2,21,2748,1429]
a: [3,2770,2,4,1,2766]
s: 2770
d: [2,1890,1,16,5,0,44,509,511]
d: [2,1892,1,11,3,0,18,1890]
s: 1892
d: [2,1905,1,17,5,0,40,1901,1893]
d: [2,1906,1,11,3,0,18,1905]
s: 1906
d: [2,2749,2,11,3,1,40,1859,393]
d: [2,2776,2,9,2,1,21,2749,873]
a: [3,2780,2,4,1,2776]
s: 2780
d: [2,1913,1,17,5,0,40,1909,1893]
d: [2,1914,1,11,3,0,18,1913]
s: 1914
d: [2,2750,2,11,3,1,40,1859,395]
d: [2,2786,2,9,2,1,21,2750,873]
a: [3,2790,2,4,1,2786]
s: 2790
d: [2,1925,1,14,4,0,40,1917,393]
d: [2,1937,1,11,3,0,21,1925,394]
s: 1937
d: [2,1926,1,14,4,0,40,1917,395]
d: [2,1938,1,11,3,0,21,1926,396]
s: 1938
d: [2,2751,2,11,3,1,40,1859,398]
d: [2,2796,2,9,2,1,21,2751,873]
a: [3,2800,2,4,1,2796]
s: 2800
d: [2,2077,1,13,4,0,40,523,470]
d: [2,2083,1,11,3,1,21,2077,873]
s: 2083
d: [2,2752,2,9,2,1,40,1859,492]
a: [3,2809,2,4,1,2752]
s: 2809
d: [2,2087,1,13,4,0,40,524,470]
d: [2,2093,1,11,3,1,21,2087,873]
s: 2093
d: [2,1735,1,12,3,0,40,465,426]
s: 1735
d: [2,2753,2,9,2,1,40,1859,494]
a: [3,2818,2,4,1,2753]
s: 2818
d: [2,1918,1,12,4,0,40,1917,473]
s: 1918
d: [2,2731,5,4,1,1,40,2724,415]
a: [3,2740,5,4,1,2731]
s: 2740
d: [2,1929,1,12,3,0,40,1917,494]
s: 1929
d: [2,1843,1,13,3,0,40,385,496]
s: 1843
d: [2,2754,2,11,2,1,40,1859,480]
a: [3,2827,2,5,1,2754]
s: 2827
d: [2,1832,1,14,4,0,40,385,465]
s: 1832
d: [2,2655,3,7,2,3,40,2580,2532]
d: [2,2677,3,5,1,3,21,2655,1856]
a: [3,2681,3,5,1,2677]
s: 2681
d: [2,1919,1,14,4,0,40,1917,465]
s: 1919
d: [2,1924,1,14,4,0,40,1917,383]
s: 1924
d: [2,2954,4,4,1,1,40,2681,428]
a: [3,2963,4,4,1,2954]
s: 2963
d: [2,1927,1,14,4,0,40,1917,398]
s: 1927
d: [2,2957,4,6,2,1,40,2681,413]
d: [2,2971,4,4,1,2,21,2957,598]
a: [3,2975,4,4,1,2971]
s: 2975
d: [2,1930,1,14,3,0,40,1917,496]
s: 1930
d: [2,1894,1,15,3,0,40,429,501]
s: 1894
d: [2,2958,4,6,2,1,40,2681,412]
d: [2,2977,4,4,1,2,21,2958,598]
a: [3,2981,4,4,1,2977]
s: 2981
d: [2,1895,1,15,3,0,40,429,469]
s: 1895
a: [3,1351,1,2,1,1312]
s: 1351
a: [3,1410,1,2,1,1393]
s: 1410
d: [2,1931,1,15,3,0,40,1917,480]
s: 1931
d: [2,2998,5,12,3,1,40,2975,458]
d: [2,2999,5,8,2,2,21,2998,2963]
a: [3,3003,5,4,1,2999]
s: 3003
d: [2,2096,1,15,3,0,40,429,501]
s: 2096
d: [2,2668,3,7,2,2,40,2580,2536]
d: [2,2700,3,5,1,2,21,2668,855]
a: [3,2704,3,5,1,2700]
s: 2704
d: [2,2097,1,15,3,0,40,429,469]
s: 2097
d: [2,1923,1,16,4,0,40,1917,434]
s: 1923
d: [2,2955,4,7,2,1,40,2681,470]
d: [2,2965,4,5,1,2,21,2955,873]
a: [3,2969,4,5,1,2965]
s: 2969
d: [2,1941,1,21,5,0,44,430,508]
d: [2,1945,1,18,4,1,21,1941,658]
d: [2,1946,1,16,3,2,21,1945,855]
s: 1946
d: [2,3031,4,7,2,1,40,2704,470]
d: [2,3036,4,5,1,2,21,3031,1479]
a: [3,3040,4,5,1,3036]
s: 3040
d: [2,1950,1,21,5,0,44,431,508]
d: [2,1954,1,18,4,1,21,1950,643]
d: [2,1955,1,16,3,2,21,1954,855]
s: 1955
d: [2,2099,1,21,5,0,44,430,508]
d: [2,2106,1,18,4,1,21,2099,658]
d: [2,2107,1,16,3,2,21,2106,855]
s: 2107
d: [2,3048,5,5,1,1,40,2969,501]
a: [3,3054,5,5,1,3048]
s: 3054
d: [2,2114,1,21,5,0,44,431,508]
d: [2,2121,1,18,4,1,21,2114,643]
d: [2,2122,1,16,3,2,21,2121,855]
s: 2122
d: [2,3065,5,5,1,1,40,3040,501]
a: [3,3071,5,5,1,3065]
s: 3071
d: [2,1939,1,24,9,0,40,521,458]
d: [2,1940,1,20,8,0,21,1939,520]
s: 1940
d: [2,3082,1,16,7,0,21,1940,522]
s: 3082
d: [2,2667,3,9,2,1,40,2580,1697]
d: [2,2694,3,6,1,1,21,2667,376]
a: [3,2698,3,6,1,2694]
s: 2698
d: [2,1992,1,22,4,0,40,432,501]
s: 1992
d: [2,2755,3,16,3,1,40,1859,2580]
d: [2,2833,3,13,2,1,21,2755,376]
a: [3,2837,3,6,1,2833]
s: 2837
d: [2,1993,1,22,4,0,40,432,469]
s: 1993
d: [2,2129,1,22,4,0,40,432,501]
s: 2129
d: [2,2581,2,10,3,0,40,1822,1581]
d: [2,2582,2,7,2,0,21,2581,396]
s: 2582
d: [2,2130,1,22,4,0,40,432,469]
s: 2130
d: [2,3104,3,6,2,0,40,2582,428]
d: [2,3122,3,4,1,1,21,3104,873]
a: [3,3126,3,4,1,3122]
s: 3126
d: [2,1996,1,33,7,0,40,433,429]
d: [2,1998,1,28,6,0,21,1996,524]
d: [2,1999,1,23,5,0,21,1998,524]
s: 1999
d: [2,2132,1,33,7,0,40,433,429]
d: [2,2134,1,28,6,0,21,2132,524]
d: [2,2135,1,23,5,0,21,2134,524]
s: 2135
d: [2,3120,3,6,2,1,40,2582,969]
d: [2,3167,3,4,1,2,21,3120,855]
a: [3,3171,3,4,1,3167]
s: 3171
d: [2,2004,1,35,13,0,44,529,511]
d: [2,2005,1,30,11,0,18,2004]
s: 2005
d: [2,3178,4,4,1,1,40,3171,406]
a: [3,3182,4,4,1,3178]
s: 3182
d: [2,2003,1,35,13,0,44,529,511]
d: [2,2008,1,33,12,1,21,2003,969]
d: [2,2009,1,31,11,1,21,2008,969]
s: 2009
d: [2,1942,1,34,9,0,44,522,430]
d: [2,1947,1,32,8,0,21,1942,428]
s: 1947
d: [2,3195,5,4,1,1,40,3182,416]
a: [3,3200,5,4,1,3195]
s: 3200
d: [2,1943,1,34,9,0,44,521,430]
d: [2,1948,1,32,8,0,21,1943,428]
s: 1948
d: [2,3196,5,4,1,1,40,3182,415]
a: [3,3205,5,4,1,3196]
s: 3205
d: [2,1944,1,34,9,0,44,520,430]
d: [2,1949,1,32,8,0,21,1944,428]
s: 1949
d: [2,1951,1,34,9,0,44,522,431]
d: [2,1956,1,32,8,0,21,1951,428]
s: 1956
d: [2,3105,3,7,2,3,40,2582,2532]
d: [2,3128,3,5,1,3,21,3105,1856]
a: [3,3132,3,5,1,3128]
s: 3132
d: [2,1952,1,34,9,0,44,521,431]
d: [2,1957,1,32,8,0,21,1952,428]
s: 1957
d: [2,3221,4,4,1,1,40,3132,428]
a: [3,3230,4,4,1,3221]
s: 3230
d: [2,1953,1,34,9,0,44,520,431]
d: [2,1958,1,32,8,0,21,1953,428]
s: 1958
d: [2,2103,1,34,9,0,44,522,430]
d: [2,2111,1,32,8,0,21,2103,428]
s: 2111
d: [2,3224,4,6,2,1,40,3132,413]
d: [2,3238,4,4,1,2,21,3224,598]
a: [3,3242,4,4,1,3238]
s: 3242
d: [2,2104,1,34,9,0,44,521,430]
d: [2,2112,1,32,8,0,21,2104,428]
s: 2112
d: [2,3225,4,6,2,1,40,3132,412]
d: [2,3244,4,4,1,2,21,3225,598]
a: [3,3248,4,4,1,3244]
s: 3248
d: [2,2105,1,34,9,0,44,520,430]
d: [2,2113,1,32,8,0,21,2105,428]
s: 2113
d: [2,2118,1,34,9,0,44,522,431]
d: [2,2126,1,32,8,0,21,2118,428]
s: 2126
d: [2,3250,5,12,3,1,40,3242,458]
d: [2,3251,5,8,2,2,21,3250,3230]
a: [3,3255,5,4,1,3251]
s: 3255
d: [2,2119,1,34,9,0,44,521,431]
d: [2,2127,1,32,8,0,21,2119,428]
s: 2127
d: [2,3119,3,7,2,2,40,2582,2536]
d: [2,3161,3,5,1,2,21,3119,855]
a: [3,3165,3,5,1,3161]
s: 3165
d: [2,2120,1,34,9,0,44,520,431]
d: [2,2128,1,32,8,0,21,2120,428]
s: 2128
d: [2,1959,1,36,10,0,44,514,430]
d: [2,1961,1,34,9,0,21,1959,428]
s: 1961
d: [2,3268,2,46,14,0,40,1961,521]
d: [2,3270,2,44,13,0,21,3268,428]
a: [3,3274,2,4,1,3270]
s: 3274
d: [2,3289,3,8,3,1,44,3274,508]
d: [2,3290,3,5,2,1,21,3289,381]
d: [2,3291,3,2,1,2,21,3290,658]
d: [2,3292,3,0,0,3,21,3291,855]
e: 3292
r: 3274
d: [2,1960,1,36,10,0,44,514,431]
d: [2,1962,1,34,9,0,21,1960,428]
s: 1962
a: [3,3273,2,4,1,3270]
s: 3273
d: [2,2102,1,36,10,0,44,514,430]
d: [2,2110,1,34,9,0,21,2102,428]
s: 2110
d: [2,2117,1,36,10,0,44,514,431]
d: [2,2125,1,34,9,0,21,2117,428]
s: 2125
a: [3,3278,2,4,1,3270]
s: 3278
d: [2,3316,3,0,0,3,52,855,658,3278,1830]
e: 3316
d: [2,3317,3,5,2,1,40,3278,1830]
d: [2,3320,3,3,1,2,21,3317,855]
d: [2,3321,3,0,0,3,21,3320,658]
e: 3321
d: [2,3318,3,8,3,1,44,3278,508]
d: [2,3323,3,5,2,1,21,3318,382]
d: [2,3324,3,2,1,2,21,3323,658]
d: [2,3325,3,0,0,3,21,3324,855]
e: 3325
r: 3278
d: [2,1986,1,40,10,0,44,518,430]
d: [2,1988,1,38,9,0,21,1986,428]
s: 1988
a: [3,3277,2,4,1,3270]
s: 3277
d: [2,1987,1,40,10,0,44,518,431]
d: [2,1989,1,38,9,0,21,1987,428]
s: 1989
d: [2,2101,1,40,10,0,44,518,430]
d: [2,2109,1,38,9,0,21,2101,428]
s: 2109
a: [3,3282,2,4,1,3270]
s: 3282
d: [2,3354,3,0,0,3,52,855,658,3282,1829]
e: 3354
d: [2,3355,3,5,2,1,40,3282,1829]
d: [2,3358,3,3,1,2,21,3355,855]
d: [2,3359,3,0,0,3,21,3358,658]
e: 3359
d: [2,3356,3,8,3,1,44,3282,508]
d: [2,3361,3,5,2,1,21,3356,377]
d: [2,3362,3,2,1,2,21,3361,658]
d: [2,3363,3,0,0,3,21,3362,855]
e: 3363
r: 3282
d: [2,2116,1,40,10,0,44,518,431]
d: [2,2124,1,38,9,0,21,2116,428]
s: 2124
a: [3,3281,2,4,1,3270]
s: 3281
d: [2,1997,1,44,8,0,40,433,432]
s: 1997
d: [2,2133,1,44,8,0,40,433,432]
s: 2133
d: [2,3294,2,46,14,0,40,1962,521]
d: [2,3296,2,44,13,0,21,3294,428]
a: [3,3300,2,4,1,3296]
s: 3300
d: [2,3370,3,8,3,1,44,3300,508]
d: [2,3371,3,5,2,1,21,3370,381]
d: [2,3372,3,2,1,2,21,3371,643]
d: [2,3373,3,0,0,3,21,3372,855]
e: 3373
r: 3300
d: [2,2001,1,52,13,0,44,529,430]
d: [2,2006,1,50,12,0,21,2001,428]
s: 2006
a: [3,3299,2,4,1,3296]
s: 3299
d: [2,2002,1,52,13,0,44,529,431]
d: [2,2007,1,50,12,0,21,2002,428]
s: 2007
d: [2,2100,1,52,13,0,44,529,430]
d: [2,2108,1,50,12,0,21,2100,428]
s: 2108
a: [3,3304,2,4,1,3296]
s: 3304
d: [2,3418,3,0,0,3,52,855,643,3304,1830]
e: 3418
d: [2,3419,3,5,2,1,40,3304,1830]
d: [2,3422,3,3,1,2,21,3419,855]
d: [2,3423,3,0,0,3,21,3422,643]
e: 3423
d: [2,3420,3,8,3,1,44,3304,508]
d: [2,3425,3,5,2,1,21,3420,382]
d: [2,3426,3,2,1,2,21,3425,643]
d: [2,3427,3,0,0,3,21,3426,855]
e: 3427
r: 3304
d: [2,2115,1,52,13,0,44,529,431]
d: [2,2123,1,50,12,0,21,2115,428]
s: 2123
a: [3,3303,2,4,1,3296]
s: 3303
a: [3,3308,2,4,1,3296]
s: 3308
d: [2,3437,3,0,0,3,52,855,643,3308,1829]
e: 3437
d: [2,3438,3,5,2,1,40,3308,1829]
d: [2,3441,3,3,1,2,21,3438,855]
d: [2,3442,3,0,0,3,21,3441,643]
e: 3442
d: [2,3439,3,8,3,1,44,3308,508]
d: [2,3444,3,5,2,1,21,3439,377]
d: [2,3445,3,2,1,2,21,3444,643]
d: [2,3446,3,0,0,3,21,3445,855]
e: 3446
r: 3308
a: [3,3307,2,4,1,3296]
s: 3307
d: [2,3337,3,12,3,1,40,3277,458]
d: [2,3339,3,8,2,2,21,3337,3273]
a: [3,3343,3,4,1,3339]
s: 3343
d: [2,2172,2,11,4,0,40,1245,458]
d: [2,2173,2,8,3,0,21,2172,1166]
s: 2173
d: [2,3451,3,5,2,1,40,2173,992]
d: [2,3458,3,3,1,2,21,3451,598]
a: [3,3462,3,3,1,3458]
s: 3462
d: [2,2189,2,11,4,0,40,1417,438]
d: [2,2190,2,8,3,0,21,2189,958]
s: 2190
d: [2,2191,2,11,4,0,40,1422,438]
d: [2,2192,2,8,3,0,21,2191,960]
s: 2192
d: [2,3453,4,7,2,1,40,2173,2675]
a: [3,3471,4,3,1,3453]
s: 3471
d: [2,3482,5,0,0,3,52,873,598,3471,1449]
e: 3482
d: [2,3484,5,4,2,1,40,3471,1449]
d: [2,3486,5,2,1,2,21,3484,598]
d: [2,3487,5,0,0,3,21,3486,873]
e: 3487
r: 3471
d: [2,2201,2,8,3,0,40,1472,445]
s: 2201
a: [3,3470,4,3,1,3453]
s: 3470
d: [2,2202,2,8,3,0,40,1472,1482]
s: 2202
d: [2,2417,2,8,2,1,40,1697,434]
s: 2417
r: 1429
s: 1428
s: 1700
r: 1428
r: 1700
s: 1429
d: [2,2475,2,3,1,2,40,1700,613]
a: [3,2488,2,3,1,2475]
s: 2488
d: [2,2479,2,6,2,1,40,1700,393]
d: [2,2491,2,4,1,2,21,2479,873]
a: [3,2495,2,4,1,2491]
s: 2495
d: [2,3603,3,9,3,1,40,2488,438]
a: [3,3611,3,3,1,3603]
s: 3611
d: [2,2480,2,6,2,1,40,1700,395]
d: [2,2497,2,4,1,2,21,2480,873]
a: [3,2501,2,4,1,2497]
s: 2501
d: [2,3455,4,7,2,1,40,2173,3126]
a: [3,3480,4,3,1,3455]
s: 3480
d: [2,3645,5,0,0,3,52,873,598,3480,1450]
e: 3645
d: [2,3647,5,4,2,1,40,3480,1450]
d: [2,3649,5,2,1,2,21,3647,598]
d: [2,3650,5,0,0,3,21,3649,873]
e: 3650
r: 3480
d: [2,2481,2,6,2,1,40,1700,398]
d: [2,2503,2,4,1,2,21,2481,873]
a: [3,2507,2,4,1,2503]
s: 2507
d: [2,2482,2,4,1,1,40,1700,492]
a: [3,2512,2,4,1,2482]
s: 2512
a: [3,3479,4,3,1,3455]
s: 3479
d: [2,2483,2,4,1,1,40,1700,494]
a: [3,2517,2,4,1,2483]
s: 2517
d: [2,3429,3,12,3,1,40,3303,458]
d: [2,3431,3,8,2,2,21,3429,3299]
a: [3,3435,3,4,1,3431]
s: 3435
d: [2,2484,2,5,1,1,40,1700,480]
a: [3,2522,2,5,1,2484]
s: 2522
d: [2,2528,2,8,2,0,40,1825,1581]
s: 2528
d: [2,3730,3,8,2,2,40,2528,2536]
a: [3,3781,3,3,1,3730]
s: 3781
d: [2,3788,4,0,0,2,52,855,3781,1861]
e: 3788
d: [2,3789,4,0,0,2,52,855,495,494,3781,385]
e: 3789
d: [2,3790,4,2,1,1,40,3781,1861]
d: [2,3803,4,0,0,2,21,3790,855]
e: 3803
r: 3781
d: [2,2886,2,10,3,0,40,1914,428]
d: [2,2904,2,8,2,1,21,2886,873]
s: 2904
a: [3,3780,3,3,1,3730]
s: 3780
d: [2,2902,2,10,3,1,40,1914,969]
d: [2,2920,2,8,2,2,21,2902,855]
s: 2920
d: [2,1487,2,9,3,0,40,458,958]
s: 1487
d: [2,3490,3,4,1,2,40,2417,613]
a: [3,3507,3,4,1,3490]
s: 3507
d: [2,3816,2,6,2,0,21,1487,1059]
s: 3816
d: [2,3617,3,12,3,1,40,2495,438]
a: [3,3625,3,4,1,3617]
s: 3625
d: [2,2000,2,9,3,0,40,960,458]
s: 2000
d: [2,3817,2,6,2,0,21,2000,1061]
s: 3817
d: [2,3631,3,12,3,1,40,2501,438]
a: [3,3639,3,4,1,3631]
s: 3639
d: [2,2010,2,9,3,0,40,994,458]
s: 2010
d: [2,3818,2,6,2,0,21,2010,995]
d: [2,3819,2,3,1,0,21,3818,2139]
s: 3819
d: [2,2558,2,9,2,0,40,1710,501]
s: 2558
d: [2,2568,2,9,2,0,40,1746,501]
s: 2568
d: [2,3652,3,12,3,1,40,2507,438]
a: [3,3660,3,4,1,3652]
s: 3660
d: [2,2584,2,13,3,0,40,1826,470]
d: [2,2589,2,9,2,0,21,2584,1759]
s: 2589
d: [2,3666,3,12,3,1,40,2512,438]
a: [3,3674,3,4,1,3666]
s: 3674
d: [2,2596,2,9,3,0,40,1863,471]
s: 2596
d: [2,2604,2,9,3,0,40,1828,466]
s: 2604
d: [2,3680,3,12,3,1,40,2517,438]
a: [3,3688,3,4,1,3680]
s: 3688
d: [2,2605,2,14,5,0,44,1828,508]
d: [2,2606,2,9,3,0,18,2605]
s: 2606
d: [2,3714,3,7,2,0,40,2528,428]
a: [3,3736,3,4,1,3714]
s: 3736
a: [3,2634,2,9,3,2620]
s: 2634
d: [2,2637,2,9,3,3,40,1916,969]
s: 2637
d: [2,3836,4,7,2,1,40,3736,2173]
a: [3,3844,4,3,1,3836]
s: 3844
d: [2,3855,5,0,0,2,52,598,3844,1453]
e: 3855
d: [2,3856,5,0,0,2,52,598,494,3844,414]
e: 3856
d: [2,3859,5,2,1,1,40,3844,1453]
d: [2,3862,5,0,0,2,21,3859,598]
e: 3862
r: 3736
r: 3844
d: [2,2238,2,10,3,0,40,1474,445]
s: 2238
a: [3,3740,3,3,1,3714]
s: 3740
d: [2,3865,4,0,0,2,52,873,3740,1861]
e: 3865
d: [2,3866,4,0,0,2,52,873,495,494,3740,385]
e: 3866
d: [2,3867,4,2,1,1,40,3740,1861]
d: [2,3880,4,0,0,2,21,3867,873]
e: 3880
r: 3740
d: [2,2239,2,10,3,0,40,1474,1482]
s: 2239
d: [2,2383,2,10,4,0,40,1467,445]
s: 2383
a: [3,3739,3,3,1,3714]
s: 3739
d: [2,2384,2,10,4,0,40,1467,1482]
s: 2384
a: [3,3843,4,3,1,3836]
s: 3843
d: [2,2551,2,10,2,0,40,1827,1581]
s: 2551
d: [2,2578,2,10,3,0,40,1820,1581]
s: 2578
r: 1429
s: 1428
a: [3,1442,1,2,1,1416]
s: 1442
a: [3,1217,1,2,1,1171]
s: 1217
s: 1700
d: [2,4046,2,6,2,1,40,1700,473]
s: 4046
r: 1428
r: 4046
r: 1700
s: 1429
d: [2,2583,2,10,3,0,40,1823,1581]
s: 2583
d: [2,4112,3,10,3,2,40,2583,2536]
d: [2,4172,3,8,2,2,21,4112,855]
a: [3,4180,3,3,1,4172]
s: 4180
r: 4180
d: [2,2585,2,10,3,0,40,1826,417]
s: 2585
d: [2,2586,2,10,3,0,40,1826,413]
s: 2586
a: [3,4179,3,3,1,4172]
s: 4179
d: [2,2587,2,10,3,0,40,1826,412]
s: 2587
s: 3736
d: [2,2588,2,10,3,0,40,1826,403]
s: 2588
d: [2,2625,2,15,5,2,44,1908,511]
d: [2,2626,2,10,3,2,18,2625]
s: 2626
d: [2,3727,3,11,2,1,40,2528,2417]
a: [3,3758,3,4,1,3727]
s: 3758
d: [2,4264,4,0,0,1,52,376,3758,1861]
e: 4264
d: [2,4265,4,0,0,1,52,376,495,494,3758,385]
e: 4265
d: [2,4266,4,3,1,1,40,3758,1861]
d: [2,4279,4,0,0,1,21,4266,376]
e: 4279
r: 3758
d: [2,2619,2,12,4,2,40,1908,470]
d: [2,2627,2,10,3,3,21,2619,1479]
s: 2627
a: [3,3757,3,4,1,3727]
s: 3757
d: [2,2644,2,15,5,2,44,1916,511]
d: [2,2645,2,10,3,2,18,2644]
s: 2645
d: [2,2638,2,12,4,2,40,1916,470]
d: [2,2646,2,10,3,2,21,2638,855]
s: 2646
d: [2,3731,3,7,2,1,40,2528,969]
a: [3,3786,3,4,1,3731]
s: 3786
d: [2,2744,2,10,3,1,40,1859,473]
s: 2744
d: [2,3808,3,4,1,3,40,2920,618]
a: [3,3814,3,4,1,3808]
s: 3814
d: [2,2849,2,16,5,0,40,1892,1909]
d: [2,2854,2,12,4,1,21,2849,618]
d: [2,2855,2,10,3,2,21,2854,855]
s: 2855
d: [2,2850,2,16,5,0,40,1892,1901]
d: [2,2856,2,12,4,1,21,2850,618]
d: [2,2857,2,10,3,2,21,2856,855]
s: 2857
d: [2,3905,3,10,2,2,40,2551,2536]
a: [3,3956,3,4,1,3905]
s: 3956
r: 3956
d: [2,2863,2,10,3,0,40,1906,428]
s: 2863
d: [2,3968,3,9,3,0,40,2578,428]
d: [2,3987,3,7,2,1,21,3968,1429]
a: [3,3995,3,3,1,3987]
s: 3995
r: 1429
r: 3995
s: 1428
s: 1700
a: [3,3994,3,3,1,3987]
s: 3994
d: [2,4577,2,6,2,1,40,1700,473]
s: 4577
d: [2,4085,3,3,1,1,40,4046,500]
a: [3,4089,3,3,1,4085]
s: 4089
d: [2,4580,2,8,2,1,40,1700,434]
s: 4580
r: 1428
r: 4580
r: 4577
r: 1700
s: 1429
d: [2,4096,3,9,3,0,40,2583,428]
d: [2,4115,3,7,2,1,21,4096,873]
a: [3,4123,3,3,1,4115]
s: 4123
r: 4123
d: [2,2879,2,10,3,1,40,1906,969]
s: 2879
r: 4179
a: [3,4122,3,3,1,4115]
s: 4122
d: [2,2938,2,18,5,0,40,1929,1901]
d: [2,2939,2,15,4,0,18,2938]
d: [2,2941,2,10,3,0,21,2939,494]
s: 2941
d: [2,2193,2,11,4,0,40,1423,438]
s: 2193
s: 4180
d: [2,2714,2,15,4,0,40,1815,470]
d: [2,2719,2,11,3,0,21,2714,1748]
s: 2719
d: [2,4188,4,3,1,1,40,4180,418]
a: [3,4201,4,3,1,4188]
s: 4201
d: [2,2843,2,11,3,1,40,1870,501]
s: 2843
d: [2,2846,2,11,3,1,40,1883,501]
s: 2846
d: [2,4189,4,3,1,1,40,4180,419]
a: [3,4206,4,3,1,4189]
s: 4206
d: [2,2858,2,13,4,0,40,1906,470]
d: [2,2880,2,11,3,0,21,2858,425]
s: 2880
d: [2,4190,4,3,1,1,40,4180,420]
a: [3,4211,4,3,1,4190]
s: 4211
d: [2,2881,2,13,4,0,40,1914,470]
d: [2,2903,2,11,3,0,18,2881]
s: 2903
d: [2,2900,2,14,3,1,40,1914,1697]
d: [2,2918,2,11,2,1,21,2900,376]
s: 2918
d: [2,4191,4,3,1,1,40,4180,421]
a: [3,4216,4,3,1,4191]
s: 4216
d: [2,2933,2,17,6,0,40,1918,1901]
d: [2,2934,2,15,5,0,18,2933]
d: [2,2936,2,11,4,0,21,2934,473]
s: 2936
d: [2,4192,4,3,1,1,40,4180,422]
a: [3,4221,4,3,1,4192]
s: 4221
d: [2,2712,2,14,6,0,40,1481,1781]
d: [2,2713,2,12,5,0,18,2712]
s: 2713
d: [2,2715,2,12,4,0,40,1815,417]
s: 2715
d: [2,4193,4,3,1,1,40,4180,423]
a: [3,4226,4,3,1,4193]
s: 4226
d: [2,2716,2,12,4,0,40,1815,413]
s: 2716
d: [2,4194,4,6,2,1,40,4180,445]
a: [3,4231,4,3,1,4194]
s: 4231
d: [2,2717,2,12,4,0,40,1815,412]
s: 2717
d: [2,2718,2,12,4,0,40,1815,403]
s: 2718
d: [2,4615,4,9,3,1,40,4089,438]
a: [3,4623,4,3,1,4615]
s: 4623
d: [2,2726,2,12,3,0,40,1819,1581]
s: 2726
d: [2,4196,5,3,1,2,40,4180,1991]
a: [3,4245,5,3,1,4196]
s: 4245
d: [2,2859,2,12,4,0,40,1906,417]
s: 2859
d: [2,2860,2,12,4,0,40,1906,413]
s: 2860
d: [2,4197,5,3,1,2,40,4180,1995]
a: [3,4250,5,3,1,4197]
s: 4250
d: [2,2861,2,12,4,0,40,1906,412]
s: 2861
d: [2,3889,3,9,2,0,40,2551,428]
a: [3,3915,3,4,1,3889]
s: 3915
r: 3915
d: [2,2862,2,12,4,0,40,1906,403]
s: 2862
d: [2,2882,2,12,4,0,40,1914,417]
s: 2882
a: [3,3914,3,4,1,3889]
s: 3914
d: [2,2883,2,12,4,0,40,1914,413]
s: 2883
s: 3956
d: [2,2884,2,12,4,0,40,1914,412]
s: 2884
d: [2,2885,2,12,4,0,40,1914,403]
s: 2885
a: [3,3991,3,4,1,3987]
s: 3991
d: [2,2889,2,15,4,0,40,1914,401]
d: [2,2907,2,12,3,0,21,2889,376]
s: 2907
d: [2,4514,4,3,1,1,40,3995,421]
a: [3,4538,4,3,1,4514]
s: 4538
d: [2,5377,5,0,0,3,52,1429,598,4538,1448]
e: 5377
d: [2,5380,5,4,2,1,40,4538,1448]
d: [2,5382,5,2,1,2,21,5380,598]
d: [2,5383,5,0,0,3,21,5382,1429]
e: 5383
r: 3991
r: 3994
r: 4538
d: [2,2890,2,15,4,0,40,1914,404]
d: [2,2908,2,12,3,0,21,2890,376]
s: 2908
d: [2,2891,2,15,4,0,40,1914,405]
d: [2,2909,2,12,3,0,21,2891,376]
s: 2909
s: 3995
d: [2,2892,2,15,4,0,40,1914,414]
d: [2,2910,2,12,3,0,21,2892,376]
s: 2910
d: [2,4511,4,3,1,1,40,3995,418]
a: [3,4524,4,3,1,4511]
s: 4524
d: [2,2893,2,15,4,0,40,1914,425]
d: [2,2911,2,12,3,0,21,2893,376]
s: 2911
d: [2,2989,2,20,6,0,40,1924,1901]
d: [2,2990,2,17,5,0,18,2989]
d: [2,2992,2,12,4,0,21,2990,383]
s: 2992
d: [2,4512,4,3,1,1,40,3995,419]
a: [3,4529,4,3,1,4512]
s: 4529
d: [2,3006,2,22,5,0,40,1930,1901]
d: [2,3007,2,19,4,0,18,3006]
d: [2,3009,2,12,3,0,21,3007,496]
s: 3009
d: [2,4513,4,3,1,1,40,3995,420]
a: [3,4534,4,3,1,4513]
s: 4534
d: [2,3027,2,22,5,0,40,1931,1901]
d: [2,3028,2,18,4,0,18,3027]
d: [2,3030,2,12,3,0,21,3028,480]
s: 3030
d: [2,2372,2,13,5,0,40,1419,438]
s: 2372
a: [3,4539,4,3,1,4514]
s: 4539
d: [2,2373,2,13,5,0,40,1421,438]
s: 2373
d: [2,4515,4,3,1,1,40,3995,422]
a: [3,4544,4,3,1,4515]
s: 4544
d: [2,2525,2,13,5,0,40,1784,458]
s: 2525
d: [2,2592,2,17,5,0,40,1830,458]
d: [2,2595,2,13,4,0,21,2592,1829]
s: 2595
d: [2,4516,4,3,1,1,40,3995,423]
a: [3,4549,4,3,1,4516]
s: 4549
d: [2,5467,2,9,3,0,21,2595,2604]
s: 5467
d: [2,4517,4,6,2,1,40,3995,445]
a: [3,4554,4,3,1,4517]
s: 4554
d: [2,2747,2,13,3,1,40,1859,434]
s: 2747
d: [2,2877,2,13,3,1,40,1906,1697]
s: 2877
d: [2,4519,5,3,1,2,40,3995,1991]
a: [3,4568,5,3,1,4519]
s: 4568
d: [2,2894,2,16,4,0,40,1914,426]
d: [2,2912,2,13,3,0,21,2894,376]
s: 2912
d: [2,4520,5,3,1,2,40,3995,1995]
a: [3,4573,5,3,1,4520]
s: 4573
d: [2,2897,2,16,4,0,40,1914,477]
d: [2,2915,2,13,3,0,21,2897,376]
s: 2915
d: [2,2984,2,21,6,0,40,1919,1901]
d: [2,2985,2,19,5,0,18,2984]
d: [2,2987,2,13,4,0,21,2985,465]
s: 2987
a: [3,3990,3,4,1,3987]
s: 3990
d: [2,5488,5,0,0,2,52,4529,3990,1105]
e: 5488
d: [2,5489,5,0,0,2,52,4529,480,3990,403]
e: 5489
d: [2,5490,4,3,1,1,40,3990,1105]
d: [2,5493,4,0,0,2,21,5490,4529]
e: 5493
r: 1429
r: 3995
r: 4529
s: 1428
s: 3994
s: 1700
d: [2,5498,2,6,2,1,40,1700,473]
s: 5498
a: [3,4528,4,3,1,4512]
s: 4528
d: [2,5501,2,8,2,1,40,1700,434]
s: 5501
d: [2,3981,3,14,3,1,40,2578,2417]
a: [3,4004,3,4,1,3981]
s: 4004
r: 4004
d: [2,5516,2,14,3,1,40,1700,1914]
d: [2,5528,2,11,2,1,21,5516,376]
s: 5528
d: [2,5515,2,13,3,1,40,1700,1906]
s: 5515
a: [3,4008,3,3,1,3981]
s: 4008
d: [2,2231,2,14,4,0,40,1425,438]
s: 2231
d: [2,5639,4,9,3,1,40,4008,438]
a: [3,5647,4,3,1,5639]
s: 5647
d: [2,2866,2,14,4,0,40,1906,401]
s: 2866
d: [2,2867,2,14,4,0,40,1906,404]
s: 2867
a: [3,4003,3,4,1,3981]
s: 4003
d: [2,2868,2,14,4,0,40,1906,405]
s: 2868
a: [3,4119,3,4,1,4115]
s: 4119
d: [2,2869,2,14,4,0,40,1906,414]
s: 2869
d: [2,2870,2,14,4,0,40,1906,425]
s: 2870
d: [2,4725,4,3,1,1,40,4123,421]
a: [3,4749,4,3,1,4725]
s: 4749
d: [2,5784,5,0,0,3,52,873,598,4749,1451]
e: 5784
d: [2,5786,5,4,2,1,40,4749,1451]
d: [2,5788,5,2,1,2,21,5786,598]
d: [2,5789,5,0,0,3,21,5788,873]
e: 5789
r: 4749
d: [2,2895,2,17,5,0,40,1914,462]
d: [2,2913,2,14,4,0,21,2895,376]
s: 2913
a: [3,4750,4,3,1,4725]
s: 4750
d: [2,2896,2,17,4,0,40,1914,476]
d: [2,2914,2,14,3,0,21,2896,376]
s: 2914
d: [2,3013,2,16,4,0,40,1895,413]
d: [2,3020,2,14,3,1,21,3013,1460]
s: 3020
d: [2,4109,3,14,3,1,40,2583,2417]
d: [2,4146,3,11,2,1,21,4109,376]
a: [3,4154,3,4,1,4146]
s: 4154
r: 4154
d: [2,3014,2,16,4,0,40,1895,412]
d: [2,3021,2,14,3,1,21,3014,1460]
s: 3021
a: [3,4153,3,4,1,4146]
s: 4153
d: [2,3043,2,22,6,0,40,1923,1901]
d: [2,3045,2,19,5,0,18,3043]
d: [2,3047,2,14,4,0,21,3045,434]
s: 3047
d: [2,2253,2,15,3,1,40,1816,429]
s: 2253
d: [2,4113,3,9,3,1,40,2583,969]
d: [2,4182,3,7,2,2,21,4113,855]
a: [3,4186,3,4,1,4182]
s: 4186
d: [2,3015,2,16,4,0,40,1895,403]
a: [3,3024,2,14,3,3015]
s: 3024
d: [2,4385,3,6,2,1,40,2863,613]
d: [2,4403,3,4,1,2,21,4385,1856]
a: [3,4407,3,4,1,4403]
s: 4407
d: [2,2572,2,15,6,0,40,1779,458]
s: 2572
d: [2,2574,2,15,6,0,40,1780,458]
s: 2574
d: [2,4630,3,4,1,2,40,4580,613]
a: [3,4651,3,4,1,4630]
s: 4651
d: [2,2575,2,15,6,0,40,1781,458]
s: 2575
d: [2,4795,3,19,4,1,40,2879,2578]
a: [3,4844,3,4,1,4795]
s: 4844
r: 4844
d: [2,2576,2,15,6,0,40,1782,458]
s: 2576
d: [2,2871,2,15,4,0,40,1906,426]
s: 2871
a: [3,4848,3,3,1,4795]
s: 4848
d: [2,2874,2,15,4,0,40,1906,477]
s: 2874
d: [2,6009,4,9,3,1,40,4848,438]
a: [3,6017,4,3,1,6009]
s: 6017
d: [2,2922,2,17,5,0,40,1937,1901]
d: [2,2923,2,15,4,0,21,2922,425]
s: 2923
d: [2,2925,2,17,5,0,40,1938,1901]
d: [2,2926,2,15,4,0,21,2925,425]
s: 2926
a: [3,4843,3,4,1,4795]
s: 4843
d: [2,2994,2,20,6,0,40,1927,1901]
d: [2,2995,2,17,5,0,18,2994]
d: [2,2997,2,15,4,0,21,2995,425]
s: 2997
d: [2,4798,3,19,4,1,40,2879,2583]
d: [2,4878,3,16,3,1,21,4798,376]
a: [3,4882,3,4,1,4878]
s: 4882
r: 4882
d: [2,3173,2,26,6,0,40,1999,429]
d: [2,3176,2,20,4,0,18,3173]
d: [2,3177,2,15,3,0,21,3176,524]
s: 3177
d: [2,2550,2,16,5,0,40,1786,458]
s: 2550
a: [3,4881,3,4,1,4878]
s: 4881
d: [2,2872,2,16,5,0,40,1906,462]
s: 2872
d: [2,4800,3,16,3,1,40,2879,2528]
a: [3,4908,3,4,1,4800]
s: 4908
d: [2,6137,4,0,0,1,52,376,4908,1861]
e: 6137
d: [2,6138,4,0,0,1,52,376,495,494,4908,385]
e: 6138
d: [2,6139,4,3,1,1,40,4908,1861]
d: [2,6152,4,0,0,1,21,6139,376]
e: 6152
r: 4908
d: [2,2873,2,16,4,0,40,1906,476]
s: 2873
d: [2,2612,2,18,5,1,40,1871,458]
s: 2612
a: [3,4907,3,4,1,4800]
s: 4907
d: [2,6157,2,14,4,2,21,2612,1875]
d: [2,6158,2,10,3,2,21,6157,1872]
s: 6158
d: [2,5063,3,8,3,1,40,2860,613]
d: [2,5083,3,6,2,2,21,5063,1856]
d: [2,5084,3,4,1,3,21,5083,598]
a: [3,5088,3,4,1,5084]
s: 5088
d: [2,2618,2,18,5,1,40,1884,458]
s: 2618
d: [2,6167,2,14,4,2,21,2618,1888]
d: [2,6168,2,10,3,2,21,6167,1885]
s: 6168
d: [2,5099,3,8,3,1,40,2861,613]
d: [2,5119,3,6,2,2,21,5099,1856]
d: [2,5120,3,4,1,3,21,5119,598]
a: [3,5124,3,4,1,5120]
s: 5124
d: [2,2888,2,21,5,0,40,1914,385]
d: [2,2906,2,18,4,0,21,2888,376]
s: 2906
a: [3,3467,4,4,1,3453]
s: 3467
d: [2,2899,2,21,4,1,40,1914,1859]
d: [2,2917,2,18,3,1,21,2899,376]
s: 2917
d: [2,2865,2,20,5,0,40,1906,385]
s: 2865
a: [3,3476,4,4,1,3455]
s: 3476
d: [2,2876,2,20,4,1,40,1906,1859]
s: 2876
a: [3,3840,4,4,1,3836]
s: 3840
d: [2,3094,2,23,5,0,40,1993,413]
d: [2,3097,2,21,4,1,21,3094,1460]
s: 3097
d: [2,3095,2,23,5,0,40,1993,412]
d: [2,3098,2,21,4,1,21,3095,1460]
s: 3098
d: [2,4307,4,4,1,1,40,3786,406]
a: [3,4311,4,4,1,4307]
s: 4311
d: [2,2254,2,22,4,1,40,1816,432]
s: 2254
d: [2,4314,4,4,1,1,40,3814,406]
a: [3,4318,4,4,1,4314]
s: 4318
d: [2,2898,2,26,5,0,40,1914,1917]
d: [2,2916,2,23,4,0,21,2898,376]
s: 2916
d: [2,2875,2,25,5,0,40,1906,1917]
s: 2875
d: [2,4320,4,4,1,1,40,3956,418]
a: [3,4333,4,4,1,4320]
s: 4333
d: [2,3085,2,31,9,2,44,3082,1946]
d: [2,3089,2,29,8,2,21,3085,428]
s: 3089
d: [2,4321,4,4,1,1,40,3956,419]
a: [3,4338,4,4,1,4321]
s: 4338
d: [2,3086,2,31,9,2,44,3082,1955]
d: [2,3090,2,29,8,2,21,3086,428]
s: 3090
d: [2,3058,2,33,10,2,44,514,1946]
d: [2,3064,2,31,9,2,21,3058,428]
s: 3064
d: [2,4322,4,4,1,1,40,3956,420]
a: [3,4343,4,4,1,4322]
s: 4343
d: [2,3075,2,33,10,2,44,514,1955]
d: [2,3081,2,31,9,2,21,3075,428]
s: 3081
d: [2,4323,4,4,1,1,40,3956,421]
a: [3,4348,4,4,1,4323]
s: 4348
d: [2,3212,2,36,13,1,44,2009,511]
d: [2,3213,2,33,12,1,18,3212]
d: [2,3219,2,31,11,1,21,3213,969]
s: 3219
d: [2,3269,2,36,11,0,44,1961,508]
d: [2,3287,2,33,10,1,21,3269,658]
d: [2,3288,2,31,9,2,21,3287,855]
s: 3288
d: [2,4324,4,4,1,1,40,3956,422]
a: [3,4353,4,4,1,4324]
s: 4353
d: [2,3295,2,36,11,0,44,1962,508]
d: [2,3313,2,33,10,1,21,3295,643]
d: [2,3314,2,31,9,2,21,3313,855]
s: 3314
d: [2,4325,4,4,1,1,40,3956,423]
a: [3,4358,4,4,1,4325]
s: 4358
d: [2,3083,2,34,9,0,44,3082,430]
d: [2,3087,2,32,8,0,21,3083,428]
s: 3087
d: [2,3084,2,34,9,0,44,3082,431]
d: [2,3088,2,32,8,0,21,3084,428]
s: 3088
d: [2,4326,4,8,2,1,40,3956,445]
a: [3,4363,4,4,1,4326]
s: 4363
a: [3,3285,2,32,10,3270]
s: 3285
d: [2,6269,5,3,1,1,40,4363,1166]
a: [3,6273,5,3,1,6269]
s: 6273
a: [3,3311,2,32,10,3296]
s: 3311
d: [2,3057,2,36,10,2,44,518,1946]
d: [2,3063,2,34,9,2,21,3057,428]
s: 3063
d: [2,5730,4,7,2,1,40,4119,2173]
a: [3,5734,4,4,1,5730]
s: 5734
d: [2,3074,2,36,10,2,44,518,1955]
d: [2,3080,2,34,9,2,21,3074,428]
s: 3080
d: [2,5924,4,4,1,1,40,4186,406]
a: [3,5928,4,4,1,5924]
s: 5928
d: [2,3174,2,37,7,0,40,1999,432]
d: [2,3175,2,34,6,0,18,3174]
s: 3175
d: [2,3328,2,39,11,0,44,1988,508]
d: [2,3335,2,36,10,1,21,3328,658]
d: [2,3336,2,34,9,2,21,3335,855]
s: 3336
d: [2,6315,3,21,5,1,40,3175,563]
d: [2,6326,3,18,4,2,21,6315,578]
d: [2,6327,3,15,3,3,21,6326,568]
d: [2,6328,3,12,2,4,21,6327,573]
a: [3,6332,3,5,1,6328]
s: 6332
d: [2,6338,4,0,0,3,52,568,573,6332,524]
e: 6338
d: [2,6339,4,6,2,1,40,6332,524]
d: [2,6341,4,3,1,2,21,6339,573]
d: [2,6342,4,0,0,3,21,6341,568]
e: 6342
r: 6332
d: [2,3346,2,39,11,0,44,1989,508]
d: [2,3352,2,36,10,1,21,3346,643]
d: [2,3353,2,34,9,2,21,3352,855]
s: 3353
a: [3,6331,3,5,1,6328]
s: 6331
d: [2,3327,2,50,14,0,40,1988,521]
d: [2,3329,2,46,13,1,21,3327,3273]
d: [2,3330,2,44,12,1,21,3329,428]
a: [3,3333,2,36,10,3330]
s: 3333
d: [2,3345,2,50,14,0,40,1989,521]
d: [2,3347,2,48,13,0,21,3345,428]
a: [3,3350,2,36,10,3347]
s: 3350
d: [2,6344,4,4,1,1,40,6331,428]
a: [3,6353,4,4,1,6344]
s: 6353
d: [2,3367,2,52,10,0,40,1997,432]
d: [2,3368,2,36,6,0,18,3367]
s: 3368
d: [2,6347,4,6,2,1,40,6331,413]
d: [2,6361,4,4,1,2,21,6347,598]
a: [3,6365,4,4,1,6361]
s: 6365
d: [2,3056,2,48,13,2,44,529,1946]
d: [2,3062,2,46,12,2,21,3056,428]
s: 3062
d: [2,3073,2,48,13,2,44,529,1955]
d: [2,3079,2,46,12,2,21,3073,428]
s: 3079
d: [2,6348,4,6,2,1,40,6331,412]
d: [2,6367,4,4,1,2,21,6348,598]
a: [3,6371,4,4,1,6367]
s: 6371
d: [2,3186,2,48,13,2,44,2005,1946]
d: [2,3193,2,46,12,2,21,3186,428]
s: 3193
d: [2,6401,5,12,3,1,40,6365,458]
d: [2,6402,5,8,2,2,21,6401,6353]
a: [3,6406,5,4,1,6402]
s: 6406
d: [2,3187,2,48,13,2,44,2005,1955]
d: [2,3194,2,46,12,2,21,3187,428]
s: 3194
d: [2,3378,2,51,14,0,44,2006,508]
d: [2,3391,2,48,13,1,21,3378,658]
d: [2,3392,2,46,12,2,21,3391,855]
s: 3392
d: [2,6345,4,7,2,1,40,6331,470]
d: [2,6355,4,5,1,2,21,6345,873]
a: [3,6359,4,5,1,6355]
s: 6359
d: [2,3397,2,51,14,0,44,2007,508]
d: [2,3416,2,48,13,1,21,3397,643]
d: [2,3417,2,46,12,2,21,3416,855]
s: 3417
d: [2,6424,5,5,1,1,40,6359,501]
a: [3,6430,5,5,1,6424]
s: 6430
d: [2,3209,2,49,13,3,44,2009,1946]
d: [2,3217,2,47,12,3,21,3209,428]
s: 3217
d: [2,3210,2,49,13,3,44,2009,1955]
d: [2,3218,2,47,12,3,21,3210,428]
s: 3218
a: [3,6336,3,7,1,6328]
s: 6336
d: [2,3366,2,51,9,0,40,1997,429]
d: [2,3369,2,48,8,0,18,3366]
s: 3369
d: [2,6442,4,8,2,1,40,6336,524]
d: [2,6443,4,5,1,2,21,6442,578]
a: [3,6447,4,5,1,6443]
s: 6447
d: [2,6464,5,0,0,3,52,573,568,6447,524]
e: 6464
d: [2,6465,5,6,2,1,40,6447,524]
d: [2,6467,5,3,1,2,21,6465,568]
d: [2,6468,5,0,0,3,21,6467,573]
e: 6468
f: 6468,6443,6342,6328,354,355,356,357
% Refutation found. Thanks to Tanya!
% SZS status Theorem for hilbert1__l77_hilbert1
% SZS output start Proof for hilbert1__l77_hilbert1
1. ! [X0] : (m1_subset_1(X0,k1_hilbert1) => ! [X1] : (m1_subset_1(X1,k1_hilbert1) => ! [X2] : (m1_subset_1(X2,k1_hilbert1) => r2_hidden(k3_hilbert1(k4_hilbert1(X0,k4_hilbert1(X1,X2)),k4_hilbert1(k4_hilbert1(X2,X1),X0)),k6_hilbert1)))) [input l77_hilbert1]
2. ~! [X0] : (m1_subset_1(X0,k1_hilbert1) => ! [X1] : (m1_subset_1(X1,k1_hilbert1) => ! [X2] : (m1_subset_1(X2,k1_hilbert1) => r2_hidden(k3_hilbert1(k4_hilbert1(X0,k4_hilbert1(X1,X2)),k4_hilbert1(k4_hilbert1(X2,X1),X0)),k6_hilbert1)))) [negated conjecture 1]
56. ! [X0,X1] : ((m1_subset_1(X1,k1_hilbert1) & m1_subset_1(X0,k1_hilbert1)) => m1_subset_1(k4_hilbert1(X0,X1),k1_hilbert1)) [input dt_k4_hilbert1]
86. ! [X0] : (m1_subset_1(X0,k1_hilbert1) => ! [X1] : (m1_subset_1(X1,k1_hilbert1) => ! [X2] : (m1_subset_1(X2,k1_hilbert1) => r2_hidden(k3_hilbert1(k4_hilbert1(X0,k4_hilbert1(X1,X2)),k4_hilbert1(X0,k4_hilbert1(X2,X1))),k6_hilbert1)))) [input l75_hilbert1]
124. ! [X0] : (m1_subset_1(X0,k1_hilbert1) => ! [X1] : (m1_subset_1(X1,k1_hilbert1) => ! [X2] : (m1_subset_1(X2,k1_hilbert1) => ((r2_hidden(k3_hilbert1(X1,X2),k6_hilbert1) & r2_hidden(k3_hilbert1(X0,X1),k6_hilbert1)) => r2_hidden(k3_hilbert1(X0,X2),k6_hilbert1))))) [input t23_hilbert1]
127. ! [X0] : (m1_subset_1(X0,k1_hilbert1) => ! [X1] : (m1_subset_1(X1,k1_hilbert1) => r2_hidden(k3_hilbert1(k4_hilbert1(X0,X1),k4_hilbert1(X1,X0)),k6_hilbert1))) [input t43_hilbert1]
181. ? [X0] : (? [X1] : (? [X2] : (~r2_hidden(k3_hilbert1(k4_hilbert1(X0,k4_hilbert1(X1,X2)),k4_hilbert1(k4_hilbert1(X2,X1),X0)),k6_hilbert1) & m1_subset_1(X2,k1_hilbert1)) & m1_subset_1(X1,k1_hilbert1)) & m1_subset_1(X0,k1_hilbert1)) [ennf transformation 2]
214. ! [X0] : (! [X1] : (r2_hidden(k3_hilbert1(k4_hilbert1(X0,X1),k4_hilbert1(X1,X0)),k6_hilbert1) | ~m1_subset_1(X1,k1_hilbert1)) | ~m1_subset_1(X0,k1_hilbert1)) [ennf transformation 127]
217. ! [X0] : (! [X1] : (! [X2] : (r2_hidden(k3_hilbert1(k4_hilbert1(X0,k4_hilbert1(X1,X2)),k4_hilbert1(X0,k4_hilbert1(X2,X1))),k6_hilbert1) | ~m1_subset_1(X2,k1_hilbert1)) | ~m1_subset_1(X1,k1_hilbert1)) | ~m1_subset_1(X0,k1_hilbert1)) [ennf transformation 86]
218. ! [X0] : (! [X1] : (! [X2] : ((r2_hidden(k3_hilbert1(X0,X2),k6_hilbert1) | (~r2_hidden(k3_hilbert1(X1,X2),k6_hilbert1) | ~r2_hidden(k3_hilbert1(X0,X1),k6_hilbert1))) | ~m1_subset_1(X2,k1_hilbert1)) | ~m1_subset_1(X1,k1_hilbert1)) | ~m1_subset_1(X0,k1_hilbert1)) [ennf transformation 124]
219. ! [X0] : (! [X1] : (! [X2] : (r2_hidden(k3_hilbert1(X0,X2),k6_hilbert1) | ~r2_hidden(k3_hilbert1(X1,X2),k6_hilbert1) | ~r2_hidden(k3_hilbert1(X0,X1),k6_hilbert1) | ~m1_subset_1(X2,k1_hilbert1)) | ~m1_subset_1(X1,k1_hilbert1)) | ~m1_subset_1(X0,k1_hilbert1)) [flattening 218]
283. ! [X0,X1] : (m1_subset_1(k4_hilbert1(X0,X1),k1_hilbert1) | (~m1_subset_1(X1,k1_hilbert1) | ~m1_subset_1(X0,k1_hilbert1))) [ennf transformation 56]
284. ! [X0,X1] : (m1_subset_1(k4_hilbert1(X0,X1),k1_hilbert1) | ~m1_subset_1(X1,k1_hilbert1) | ~m1_subset_1(X0,k1_hilbert1)) [flattening 283]
287. ? [X0] : (? [X1] : (? [X2] : (~r2_hidden(k3_hilbert1(k4_hilbert1(X0,k4_hilbert1(X1,X2)),k4_hilbert1(k4_hilbert1(X2,X1),X0)),k6_hilbert1) & m1_subset_1(X2,k1_hilbert1)) & m1_subset_1(X1,k1_hilbert1)) & m1_subset_1(X0,k1_hilbert1)) => (? [X1] : (? [X2] : (~r2_hidden(k3_hilbert1(k4_hilbert1(sK0,k4_hilbert1(X1,X2)),k4_hilbert1(k4_hilbert1(X2,X1),sK0)),k6_hilbert1) & m1_subset_1(X2,k1_hilbert1)) & m1_subset_1(X1,k1_hilbert1)) & m1_subset_1(sK0,k1_hilbert1)) [choice axiom]
288. ? [X1] : (? [X2] : (~r2_hidden(k3_hilbert1(k4_hilbert1(sK0,k4_hilbert1(X1,X2)),k4_hilbert1(k4_hilbert1(X2,X1),sK0)),k6_hilbert1) & m1_subset_1(X2,k1_hilbert1)) & m1_subset_1(X1,k1_hilbert1)) => (? [X2] : (~r2_hidden(k3_hilbert1(k4_hilbert1(sK0,k4_hilbert1(sK1,X2)),k4_hilbert1(k4_hilbert1(X2,sK1),sK0)),k6_hilbert1) & m1_subset_1(X2,k1_hilbert1)) & m1_subset_1(sK1,k1_hilbert1)) [choice axiom]
289. ? [X2] : (~r2_hidden(k3_hilbert1(k4_hilbert1(sK0,k4_hilbert1(sK1,X2)),k4_hilbert1(k4_hilbert1(X2,sK1),sK0)),k6_hilbert1) & m1_subset_1(X2,k1_hilbert1)) => (~r2_hidden(k3_hilbert1(k4_hilbert1(sK0,k4_hilbert1(sK1,sK2)),k4_hilbert1(k4_hilbert1(sK2,sK1),sK0)),k6_hilbert1) & m1_subset_1(sK2,k1_hilbert1)) [choice axiom]
290. ((~r2_hidden(k3_hilbert1(k4_hilbert1(sK0,k4_hilbert1(sK1,sK2)),k4_hilbert1(k4_hilbert1(sK2,sK1),sK0)),k6_hilbert1) & m1_subset_1(sK2,k1_hilbert1)) & m1_subset_1(sK1,k1_hilbert1)) & m1_subset_1(sK0,k1_hilbert1) [skolemisation 181,289,288,287]
354. m1_subset_1(sK0,k1_hilbert1) [cnf transformation 290] {a:0,w:3,wCS:300,goal:1,sine:0,thAx:0,allAx:4,thDist:-4}
355. m1_subset_1(sK1,k1_hilbert1) [cnf transformation 290] {a:0,w:3,wCS:300,goal:1,sine:0,thAx:0,allAx:4,thDist:-4}
356. m1_subset_1(sK2,k1_hilbert1) [cnf transformation 290] {a:0,w:3,wCS:300,goal:1,sine:0,thAx:0,allAx:4,thDist:-4}
357. ~r2_hidden(k3_hilbert1(k4_hilbert1(sK0,k4_hilbert1(sK1,sK2)),k4_hilbert1(k4_hilbert1(sK2,sK1),sK0)),k6_hilbert1) [cnf transformation 290] {a:0,w:13,wCS:1300,goal:1,sine:0,thAx:0,allAx:4,thDist:-4}
429. r2_hidden(k3_hilbert1(k4_hilbert1(X0,X1),k4_hilbert1(X1,X0)),k6_hilbert1) | ~m1_subset_1(X1,k1_hilbert1) | ~m1_subset_1(X0,k1_hilbert1) [cnf transformation 214] {a:0,w:15,wCS:6000,nSel:1,sine:1,thAx:0,allAx:1,thDist:-1}
432. r2_hidden(k3_hilbert1(k4_hilbert1(X0,k4_hilbert1(X1,X2)),k4_hilbert1(X0,k4_hilbert1(X2,X1))),k6_hilbert1) | ~m1_subset_1(X2,k1_hilbert1) | ~m1_subset_1(X1,k1_hilbert1) | ~m1_subset_1(X0,k1_hilbert1) [cnf transformation 217] {a:0,w:22,wCS:8800,nSel:1,sine:1,thAx:0,allAx:1,thDist:-1}
433. ~r2_hidden(k3_hilbert1(X1,X2),k6_hilbert1) | r2_hidden(k3_hilbert1(X0,X2),k6_hilbert1) | ~r2_hidden(k3_hilbert1(X0,X1),k6_hilbert1) | ~m1_subset_1(X2,k1_hilbert1) | ~m1_subset_1(X1,k1_hilbert1) | ~m1_subset_1(X0,k1_hilbert1) [cnf transformation 219] {a:0,w:24,wCS:9600,nSel:1,sine:1,thAx:0,allAx:1,thDist:-1}
524. m1_subset_1(k4_hilbert1(X0,X1),k1_hilbert1) | ~m1_subset_1(X1,k1_hilbert1) | ~m1_subset_1(X0,k1_hilbert1) [cnf transformation 284] {a:0,w:11,wCS:4400,nSel:1,sine:1,thAx:0,allAx:1,thDist:-1}
561. 1 <=> r2_hidden(k3_hilbert1(k4_hilbert1(sK0,k4_hilbert1(sK1,sK2)),k4_hilbert1(k4_hilbert1(sK2,sK1),sK0)),k6_hilbert1) [avatar definition]
563. ~r2_hidden(k3_hilbert1(k4_hilbert1(sK0,k4_hilbert1(sK1,sK2)),k4_hilbert1(k4_hilbert1(sK2,sK1),sK0)),k6_hilbert1) <- (~1) [avatar component clause 561] {a:0,w:13,wCS:1300,nSel:1,goal:1,sine:255,thAx:0,allAx:4,thDist:-4}
564. ~1 [avatar split clause 357,561]
566. 2 <=> m1_subset_1(sK2,k1_hilbert1) [avatar definition]
568. m1_subset_1(sK2,k1_hilbert1) <- (2) [avatar component clause 566] {a:0,w:3,wCS:300,nSel:1,goal:1,sine:255,thAx:0,allAx:4,thDist:-4}
569. 2 [avatar split clause 356,566]
571. 3 <=> m1_subset_1(sK1,k1_hilbert1) [avatar definition]
573. m1_subset_1(sK1,k1_hilbert1) <- (3) [avatar component clause 571] {a:0,w:3,wCS:300,nSel:1,goal:1,sine:255,thAx:0,allAx:4,thDist:-4}
574. 3 [avatar split clause 355,571]
576. 4 <=> m1_subset_1(sK0,k1_hilbert1) [avatar definition]
578. m1_subset_1(sK0,k1_hilbert1) <- (4) [avatar component clause 576] {a:0,w:3,wCS:300,nSel:1,goal:1,sine:255,thAx:0,allAx:4,thDist:-4}
579. 4 [avatar split clause 354,576]
1996. r2_hidden(k3_hilbert1(X0,k4_hilbert1(X1,X2)),k6_hilbert1) | ~r2_hidden(k3_hilbert1(X0,k4_hilbert1(X2,X1)),k6_hilbert1) | ~m1_subset_1(k4_hilbert1(X1,X2),k1_hilbert1) | ~m1_subset_1(k4_hilbert1(X2,X1),k1_hilbert1) | ~m1_subset_1(X0,k1_hilbert1) | ~m1_subset_1(X1,k1_hilbert1) | ~m1_subset_1(X2,k1_hilbert1) [resolution 433,429] {a:1,w:33,wCS:13200,sine:1,thAx:0,allAx:2,thDist:-2}
1998. r2_hidden(k3_hilbert1(X0,k4_hilbert1(X1,X2)),k6_hilbert1) | ~r2_hidden(k3_hilbert1(X0,k4_hilbert1(X2,X1)),k6_hilbert1) | ~m1_subset_1(k4_hilbert1(X2,X1),k1_hilbert1) | ~m1_subset_1(X0,k1_hilbert1) | ~m1_subset_1(X1,k1_hilbert1) | ~m1_subset_1(X2,k1_hilbert1) [subsumption resolution 1996,524] {a:1,w:28,wCS:11200,sine:1,thAx:0,allAx:2,thDist:-2}
1999. ~r2_hidden(k3_hilbert1(X0,k4_hilbert1(X2,X1)),k6_hilbert1) | r2_hidden(k3_hilbert1(X0,k4_hilbert1(X1,X2)),k6_hilbert1) | ~m1_subset_1(X0,k1_hilbert1) | ~m1_subset_1(X1,k1_hilbert1) | ~m1_subset_1(X2,k1_hilbert1) [subsumption resolution 1998,524] {a:1,w:23,wCS:9200,nSel:1,sine:1,thAx:0,allAx:2,thDist:-2}
3174. r2_hidden(k3_hilbert1(k4_hilbert1(X2,k4_hilbert1(X3,X4)),k4_hilbert1(k4_hilbert1(X4,X3),X2)),k6_hilbert1) | ~m1_subset_1(k4_hilbert1(X2,k4_hilbert1(X3,X4)),k1_hilbert1) | ~m1_subset_1(k4_hilbert1(X4,X3),k1_hilbert1) | ~m1_subset_1(X2,k1_hilbert1) | ~m1_subset_1(X4,k1_hilbert1) | ~m1_subset_1(X3,k1_hilbert1) | ~m1_subset_1(X2,k1_hilbert1) [resolution 1999,432] {a:2,w:37,wCS:14800,sine:1,thAx:0,allAx:3,thDist:-3}
3175. r2_hidden(k3_hilbert1(k4_hilbert1(X2,k4_hilbert1(X3,X4)),k4_hilbert1(k4_hilbert1(X4,X3),X2)),k6_hilbert1) | ~m1_subset_1(k4_hilbert1(X2,k4_hilbert1(X3,X4)),k1_hilbert1) | ~m1_subset_1(k4_hilbert1(X4,X3),k1_hilbert1) | ~m1_subset_1(X2,k1_hilbert1) | ~m1_subset_1(X4,k1_hilbert1) | ~m1_subset_1(X3,k1_hilbert1) [duplicate literal removal 3174] {a:2,w:34,wCS:13600,nSel:1,sine:1,thAx:0,allAx:3,thDist:-3}
6315. ~m1_subset_1(k4_hilbert1(sK0,k4_hilbert1(sK1,sK2)),k1_hilbert1) | ~m1_subset_1(k4_hilbert1(sK2,sK1),k1_hilbert1) | ~m1_subset_1(sK0,k1_hilbert1) | ~m1_subset_1(sK2,k1_hilbert1) | ~m1_subset_1(sK1,k1_hilbert1) <- (~1) [resolution 3175,563] {a:3,w:21,wCS:2100,goal:1,sine:1,thAx:0,allAx:7,thDist:-7}
6326. ~m1_subset_1(k4_hilbert1(sK0,k4_hilbert1(sK1,sK2)),k1_hilbert1) | ~m1_subset_1(k4_hilbert1(sK2,sK1),k1_hilbert1) | ~m1_subset_1(sK2,k1_hilbert1) | ~m1_subset_1(sK1,k1_hilbert1) <- (~1, 4) [subsumption resolution 6315,578] {a:3,w:18,wCS:1800,goal:1,sine:1,thAx:0,allAx:7,thDist:-7}
6327. ~m1_subset_1(k4_hilbert1(sK0,k4_hilbert1(sK1,sK2)),k1_hilbert1) | ~m1_subset_1(k4_hilbert1(sK2,sK1),k1_hilbert1) | ~m1_subset_1(sK1,k1_hilbert1) <- (~1, 2, 4) [subsumption resolution 6326,568] {a:3,w:15,wCS:1500,goal:1,sine:1,thAx:0,allAx:7,thDist:-7}
6328. ~m1_subset_1(k4_hilbert1(sK0,k4_hilbert1(sK1,sK2)),k1_hilbert1) | ~m1_subset_1(k4_hilbert1(sK2,sK1),k1_hilbert1) <- (~1, 2, 3, 4) [subsumption resolution 6327,573] {a:3,w:12,wCS:1200,goal:1,sine:1,thAx:0,allAx:7,thDist:-7}
6330. 578 <=> m1_subset_1(k4_hilbert1(sK2,sK1),k1_hilbert1) [avatar definition]
6332. ~m1_subset_1(k4_hilbert1(sK2,sK1),k1_hilbert1) <- (~578) [avatar component clause 6330] {a:3,w:5,wCS:500,nSel:1,goal:1,sine:255,thAx:0,allAx:7,thDist:-7}
6334. 579 <=> m1_subset_1(k4_hilbert1(sK0,k4_hilbert1(sK1,sK2)),k1_hilbert1) [avatar definition]
6336. ~m1_subset_1(k4_hilbert1(sK0,k4_hilbert1(sK1,sK2)),k1_hilbert1) <- (~579) [avatar component clause 6334] {a:3,w:7,wCS:700,nSel:1,goal:1,sine:255,thAx:0,allAx:7,thDist:-7}
6337. ~578 | ~579 | 1 | ~2 | ~3 | ~4 [avatar split clause 6328,576,571,566,561,6334,6330]
6339. ~m1_subset_1(sK1,k1_hilbert1) | ~m1_subset_1(sK2,k1_hilbert1) <- (~578) [resolution 6332,524] {a:4,w:6,wCS:600,goal:1,sine:1,thAx:0,allAx:8,thDist:-8}
6341. ~m1_subset_1(sK2,k1_hilbert1) <- (3, ~578) [subsumption resolution 6339,573] {a:4,w:3,wCS:300,goal:1,sine:1,thAx:0,allAx:8,thDist:-8}
6342. $false <- (2, 3, ~578) [subsumption resolution 6341,568] {a:4,w:0,goal:1,sine:1,thAx:0,allAx:8,thDist:-8}
6343. ~2 | ~3 | 578 [avatar contradiction clause 6342]
6442. ~m1_subset_1(k4_hilbert1(sK1,sK2),k1_hilbert1) | ~m1_subset_1(sK0,k1_hilbert1) <- (~579) [resolution 6336,524] {a:4,w:8,wCS:800,goal:1,sine:1,thAx:0,allAx:8,thDist:-8}
6443. ~m1_subset_1(k4_hilbert1(sK1,sK2),k1_hilbert1) <- (4, ~579) [subsumption resolution 6442,578] {a:4,w:5,wCS:500,goal:1,sine:1,thAx:0,allAx:8,thDist:-8}
6445. 586 <=> m1_subset_1(k4_hilbert1(sK1,sK2),k1_hilbert1) [avatar definition]
6447. ~m1_subset_1(k4_hilbert1(sK1,sK2),k1_hilbert1) <- (~586) [avatar component clause 6445] {a:4,w:5,wCS:500,nSel:1,goal:1,sine:255,thAx:0,allAx:8,thDist:-8}
6448. ~586 | ~4 | 579 [avatar split clause 6443,6334,576,6445]
6465. ~m1_subset_1(sK2,k1_hilbert1) | ~m1_subset_1(sK1,k1_hilbert1) <- (~586) [resolution 6447,524] {a:5,w:6,wCS:600,goal:1,sine:1,thAx:0,allAx:9,thDist:-9}
6467. ~m1_subset_1(sK1,k1_hilbert1) <- (2, ~586) [subsumption resolution 6465,568] {a:5,w:3,wCS:300,goal:1,sine:1,thAx:0,allAx:9,thDist:-9}
6468. $false <- (2, 3, ~586) [subsumption resolution 6467,573] {a:5,w:0,goal:1,sine:1,thAx:0,allAx:9,thDist:-9}
6469. ~2 | ~3 | 586 [avatar contradiction clause 6468]
6470. $false [avatar sat refutation 564,569,574,579,6337,6343,6448,6469] {a:0,w:0,goal:1,sine:0,thAx:0,allAx:5645,thDist:-5645}
% SZS output end Proof for hilbert1__l77_hilbert1
% ------------------------------
% Version: Vampire 4.5.1 (commit 226f88162 on 2021-09-12 20:13:44 +0200)
% Termination reason: Refutation

% >>> Input
% Input formulas: 131
% >>> Preprocessing
% Introduced skolems: 32
% Pure predicates: 12
% Unused predicate definitions: 1
% 
% >>> Saturation
% Initial clauses: 206
% Generated clauses: 3632
% Active clauses: 898
% Passive clauses: 1636
% Final active clauses: 839
% Final passive clauses: 624
% Main loop iterations started: 994
% 
% >>> Simplifying Inferences
% Duplicate literals: 153
% Fw subsumption resolutions: 657
% Fw demodulations: 14
% Bw demodulations: 2
% 
% >>> Deletion Inferences
% Simple tautologies: 83
% Forward subsumptions: 569
% Backward subsumptions: 8
% 
% >>> Generating Inferences
% Binary resolution: 2021
% Unit resulting resolution: 24
% Forward superposition: 110
% Backward superposition: 34
% Self superposition: 1
% 
% >>> AVATAR
% Split clauses: 203
% Split components: 462
% Sat splitting refutations: 50
% 
% >>> SAT Solver Statistics
% SAT solver clauses: 631
% SAT solver unit clauses: 70
% SAT solver binary clauses: 232
% 
% Memory used [KB]: 10106
% Time elapsed: 0.060 s
% ------------------------------
% ------------------------------
% Time measurement results:
% parsing: 0.001 s
% SAT solver time: 0.002 s
% term sharing: 0.006 s
% splitting model update: 0.002 s ( own 0.0000 s ) 
% congruence closure: 0.003 s
% non unit clause index maintenance: 0.001 s
% backward subsumption index maintenance: 0.003 s
% backward demodulation index maintenance: 0.004 s
% forward subsumption: 0.008 s
% forward subsumption resolution: 0.007 s
% backward subsumption: 0.001 s
% forward demodulation: 0.001 s
% resolution: 0.003 s
% unit resulting resolution: 0.008 s ( own 0.004 s ) 
% superposition: 0.004 s ( own 0.002 s ) 
% other: 0.060 s ( own 0.014 s ) 

