i: [1,175,0,2,1,1,0,0] t3_afproj
a: [3,263,0,2,1,175]
s: 263
i: [1,174,0,2,1,1,0,0] t3_afproj
a: [3,268,0,2,1,174]
s: 268
i: [1,173,0,2,1,1,0,0] t3_afproj
a: [3,273,0,2,1,173]
s: 273
i: [1,172,0,2,1,1,0,0] t3_afproj
a: [3,278,0,2,1,172]
s: 278
i: [1,178,0,3,1,1,0,0] t3_afproj
a: [3,248,0,3,1,178]
s: 248
i: [1,177,0,3,1,1,0,0] t3_afproj
a: [3,253,0,3,1,177]
s: 253
i: [1,176,0,3,1,1,0,0] t3_afproj
a: [3,258,0,3,1,176]
s: 258
i: [1,171,0,5,1,1,0,0] t3_afproj
a: [3,283,0,5,1,171]
s: 283
i: [1,170,0,5,1,1,0,0] t3_afproj
a: [3,288,0,5,1,170]
s: 288
i: [1,179,0,2,1,0,0,255] spc1_boole
a: [3,296,0,2,1,179]
s: 296
i: [1,180,0,2,1,0,0,2] fc1_xboole_0
a: [3,301,0,2,1,180]
s: 301
i: [1,240,0,2,1,0,0,2] rc2_xboole_0
a: [3,306,0,2,1,240]
s: 306
i: [1,241,0,2,1,0,0,2] existence_l1_struct_0
a: [3,311,0,2,1,241]
s: 311
i: [1,242,0,2,1,0,0,1] existence_l1_analoaf
a: [3,316,0,2,1,242]
s: 316
i: [1,243,0,2,1,0,0,2] rc1_xboole_0
a: [3,321,0,2,1,243]
s: 321
i: [1,181,0,3,1,0,0,1] fc1_subset_1
s: 181
i: [1,235,0,3,1,0,0,1] rc2_subset_1
s: 235
i: [1,238,0,3,1,0,0,255] reflexivity_r1_tarski
s: 238
i: [1,207,0,4,2,0,0,1] dt_l1_analoaf
s: 207
i: [1,233,0,4,1,0,0,1] existence_m1_subset_1
s: 233
i: [1,237,0,4,1,0,0,255] rc3_subset_1
s: 237
d: [2,323,1,2,1,1,40,207,263]
a: [3,328,1,2,1,323]
s: 328
i: [1,183,0,5,2,0,0,255] rc6_subset_1
s: 183
d: [2,324,1,2,1,1,40,207,316]
a: [3,333,1,2,1,324]
s: 333
i: [1,187,0,5,2,0,0,1] rc1_subset_1
s: 187
i: [1,189,0,5,2,0,0,255] rc5_subset_1
s: 189
i: [1,190,0,5,2,0,0,255] rc5_subset_1
s: 190
i: [1,209,0,5,2,0,0,1] t6_boole
s: 209
i: [1,230,0,5,2,0,0,255] t7_boole
s: 230
i: [1,234,0,5,1,0,0,1] rc2_subset_1
s: 234
i: [1,236,0,5,1,0,0,255] rc3_subset_1
s: 236
i: [1,192,0,6,2,0,0,255] rc4_subset_1
s: 192
i: [1,193,0,6,3,0,0,255] cc7_struct_0
s: 193
d: [2,337,1,4,2,1,40,193,311]
a: [3,343,1,2,1,337]
s: 343
i: [1,194,0,6,3,0,0,255] cc5_struct_0
s: 194
i: [1,196,0,6,3,0,0,1] cc17_struct_0
s: 196
d: [2,339,2,4,2,1,40,193,333]
a: [3,352,2,2,1,339]
s: 352
i: [1,197,0,6,3,0,0,1] cc2_struct_0
s: 197
i: [1,198,0,6,3,0,0,1] cc1_struct_0
s: 198
i: [1,201,0,6,3,0,0,255] cc4_struct_0
s: 201
i: [1,202,0,6,3,0,0,255] cc6_struct_0
s: 202
i: [1,226,0,6,2,0,0,255] t1_subset
s: 226
i: [1,239,0,6,2,0,0,255] antisymmetry_r2_hidden
s: 239
i: [1,182,0,7,2,0,0,255] rc6_subset_1
s: 182
i: [1,186,0,7,2,0,0,1] rc1_subset_1
s: 186
i: [1,188,0,7,2,0,0,255] rc5_subset_1
s: 188
i: [1,191,0,7,2,0,0,255] rc4_subset_1
s: 191
i: [1,199,0,7,3,0,0,2] cc8_struct_0
s: 199
i: [1,203,0,7,3,0,0,255] cc11_struct_0
s: 203
i: [1,204,0,7,3,0,0,255] cc11_struct_0
s: 204
i: [1,205,0,7,3,0,0,2] cc9_struct_0
s: 205
i: [1,212,0,7,3,0,0,255] fc9_struct_0
s: 212
i: [1,213,0,7,3,0,0,1] fc2_struct_0
s: 213
i: [1,215,0,7,3,0,0,1] rc4_struct_0
s: 215
i: [1,217,0,7,3,0,0,255] rc21_struct_0
s: 217
i: [1,218,0,7,3,0,0,255] rc21_struct_0
s: 218
i: [1,220,0,7,3,0,0,255] fc6_struct_0
s: 220
i: [1,222,0,7,3,0,0,255] rc22_struct_0
s: 222
i: [1,223,0,7,3,0,0,255] fc8_struct_0
s: 223
i: [1,224,0,7,3,0,0,1] fc1_struct_0
s: 224
i: [1,225,0,7,3,0,0,255] fc7_struct_0
s: 225
i: [1,228,0,7,2,0,0,255] t3_subset
s: 228
i: [1,229,0,7,3,0,0,1] t8_boole
s: 229
d: [2,335,1,7,3,0,44,209,209]
s: 335
i: [1,208,0,8,3,0,0,255] cc5_subset_1
s: 208
i: [1,210,0,8,3,0,0,1] cc1_subset_1
s: 210
d: [2,368,1,5,2,1,40,208,283]
a: [3,381,1,3,1,368]
s: 381
i: [1,227,0,8,3,0,0,255] t2_subset
s: 227
d: [2,392,1,5,2,1,40,210,283]
a: [3,405,1,3,1,392]
s: 405
i: [1,206,0,9,4,0,0,255] cc10_struct_0
s: 206
i: [1,211,0,9,3,0,0,255] cc4_subset_1
s: 211
d: [2,446,2,4,2,1,40,405,224]
d: [2,447,2,2,1,2,21,446,328]
a: [3,451,2,2,1,447]
s: 451
i: [1,232,0,9,3,0,0,255] t5_subset
s: 232
d: [2,417,1,9,2,1,40,227,283]
d: [2,427,1,5,1,1,21,417,181]
a: [3,431,1,5,1,427]
s: 431
i: [1,214,0,10,3,0,0,1] rc4_struct_0
s: 214
i: [1,216,0,10,3,0,0,255] rc21_struct_0
s: 216
d: [2,418,1,9,2,1,40,227,288]
d: [2,433,1,5,1,1,21,418,181]
a: [3,437,1,5,1,433]
s: 437
i: [1,221,0,10,3,0,0,255] rc22_struct_0
s: 221
d: [2,477,2,5,1,1,40,431,239]
a: [3,483,2,5,1,477]
s: 483
i: [1,231,0,10,3,0,0,255] t4_subset
s: 231
i: [1,184,0,11,4,0,0,255] cc3_subset_1
s: 184
a: [3,408,1,2,1,392]
s: 408
i: [1,185,0,11,4,0,0,255] cc2_subset_1
s: 185
d: [2,393,1,5,2,1,40,210,288]
a: [3,413,1,2,1,393]
s: 413
i: [1,219,0,26,10,0,0,1] t2_afproj
d: [2,244,0,20,7,0,18,219]
s: 244
i: [1,169,0,2,1,1,0,0] t3_afproj
i: [1,168,0,2,1,1,0,0] t3_afproj
i: [1,167,0,2,1,1,0,0] t3_afproj
d: [2,554,1,15,6,1,40,244,283]
d: [2,568,1,12,5,2,21,554,253]
d: [2,569,1,10,4,3,21,568,263]
d: [2,570,1,8,3,4,21,569,268]
d: [2,571,1,6,2,5,21,570,273]
d: [2,572,1,4,1,6,21,571,278]
d: [2,555,1,15,6,1,40,244,288]
d: [2,578,1,12,5,2,21,555,258]
d: [2,579,1,10,4,3,21,578,263]
d: [2,580,1,8,3,4,21,579,268]
d: [2,581,1,6,2,5,21,580,273]
d: [2,582,1,4,1,6,21,581,278]
f: 582,572,167,168,169,170,171,174,176,177,178
% Refutation found. Thanks to Tanya!
% SZS status Theorem for afproj__t3_afproj
% SZS output start Proof for afproj__t3_afproj
1. ! [X0] : ((l1_analoaf(X0) & v1_diraf(X0) & ~v7_struct_0(X0)) => ! [X1] : (m1_subset_1(X1,k1_zfmisc_1(u1_struct_0(X0))) => ! [X2] : (m1_subset_1(X2,k1_zfmisc_1(u1_struct_0(X0))) => ((v1_aff_4(X2,X0) & v1_aff_4(X1,X0) & l1_analoaf(X0) & v2_diraf(X0) & v1_diraf(X0) & ~v7_struct_0(X0)) => X1 = X2)))) [input t3_afproj]
2. ~! [X0] : ((l1_analoaf(X0) & v1_diraf(X0) & ~v7_struct_0(X0)) => ! [X1] : (m1_subset_1(X1,k1_zfmisc_1(u1_struct_0(X0))) => ! [X2] : (m1_subset_1(X2,k1_zfmisc_1(u1_struct_0(X0))) => ((v1_aff_4(X2,X0) & v1_aff_4(X1,X0) & l1_analoaf(X0) & v2_diraf(X0) & v1_diraf(X0) & ~v7_struct_0(X0)) => X1 = X2)))) [negated conjecture 1]
51. ! [X0] : ((l1_analoaf(X0) & v1_diraf(X0) & ~v7_struct_0(X0)) => ! [X1] : (m1_subset_1(X1,k1_zfmisc_1(u1_struct_0(X0))) => ((v1_aff_4(X1,X0) & l1_analoaf(X0) & v2_diraf(X0) & v1_diraf(X0) & ~v7_struct_0(X0)) => u1_struct_0(X0) = X1))) [input t2_afproj]
68. ? [X0] : (? [X1] : (? [X2] : ((X1 != X2 & (v1_aff_4(X2,X0) & v1_aff_4(X1,X0) & l1_analoaf(X0) & v2_diraf(X0) & v1_diraf(X0) & ~v7_struct_0(X0))) & m1_subset_1(X2,k1_zfmisc_1(u1_struct_0(X0)))) & m1_subset_1(X1,k1_zfmisc_1(u1_struct_0(X0)))) & (l1_analoaf(X0) & v1_diraf(X0) & ~v7_struct_0(X0))) [ennf transformation 2]
69. ? [X0] : (? [X1] : (? [X2] : (X1 != X2 & v1_aff_4(X2,X0) & v1_aff_4(X1,X0) & l1_analoaf(X0) & v2_diraf(X0) & v1_diraf(X0) & ~v7_struct_0(X0) & m1_subset_1(X2,k1_zfmisc_1(u1_struct_0(X0)))) & m1_subset_1(X1,k1_zfmisc_1(u1_struct_0(X0)))) & l1_analoaf(X0) & v1_diraf(X0) & ~v7_struct_0(X0)) [flattening 68]
113. ! [X0] : (! [X1] : ((u1_struct_0(X0) = X1 | (~v1_aff_4(X1,X0) | ~l1_analoaf(X0) | ~v2_diraf(X0) | ~v1_diraf(X0) | v7_struct_0(X0))) | ~m1_subset_1(X1,k1_zfmisc_1(u1_struct_0(X0)))) | (~l1_analoaf(X0) | ~v1_diraf(X0) | v7_struct_0(X0))) [ennf transformation 51]
114. ! [X0] : (! [X1] : (u1_struct_0(X0) = X1 | ~v1_aff_4(X1,X0) | ~l1_analoaf(X0) | ~v2_diraf(X0) | ~v1_diraf(X0) | v7_struct_0(X0) | ~m1_subset_1(X1,k1_zfmisc_1(u1_struct_0(X0)))) | ~l1_analoaf(X0) | ~v1_diraf(X0) | v7_struct_0(X0)) [flattening 113]
135. ? [X0] : (? [X1] : (? [X2] : (X1 != X2 & v1_aff_4(X2,X0) & v1_aff_4(X1,X0) & l1_analoaf(X0) & v2_diraf(X0) & v1_diraf(X0) & ~v7_struct_0(X0) & m1_subset_1(X2,k1_zfmisc_1(u1_struct_0(X0)))) & m1_subset_1(X1,k1_zfmisc_1(u1_struct_0(X0)))) & l1_analoaf(X0) & v1_diraf(X0) & ~v7_struct_0(X0)) => (? [X1] : (? [X2] : (X1 != X2 & v1_aff_4(X2,sK0) & v1_aff_4(X1,sK0) & l1_analoaf(sK0) & v2_diraf(sK0) & v1_diraf(sK0) & ~v7_struct_0(sK0) & m1_subset_1(X2,k1_zfmisc_1(u1_struct_0(sK0)))) & m1_subset_1(X1,k1_zfmisc_1(u1_struct_0(sK0)))) & l1_analoaf(sK0) & v1_diraf(sK0) & ~v7_struct_0(sK0)) [choice axiom]
136. ? [X1] : (? [X2] : (X1 != X2 & v1_aff_4(X2,sK0) & v1_aff_4(X1,sK0) & l1_analoaf(sK0) & v2_diraf(sK0) & v1_diraf(sK0) & ~v7_struct_0(sK0) & m1_subset_1(X2,k1_zfmisc_1(u1_struct_0(sK0)))) & m1_subset_1(X1,k1_zfmisc_1(u1_struct_0(sK0)))) => (? [X2] : (sK1 != X2 & v1_aff_4(X2,sK0) & v1_aff_4(sK1,sK0) & l1_analoaf(sK0) & v2_diraf(sK0) & v1_diraf(sK0) & ~v7_struct_0(sK0) & m1_subset_1(X2,k1_zfmisc_1(u1_struct_0(sK0)))) & m1_subset_1(sK1,k1_zfmisc_1(u1_struct_0(sK0)))) [choice axiom]
137. ? [X2] : (sK1 != X2 & v1_aff_4(X2,sK0) & v1_aff_4(sK1,sK0) & l1_analoaf(sK0) & v2_diraf(sK0) & v1_diraf(sK0) & ~v7_struct_0(sK0) & m1_subset_1(X2,k1_zfmisc_1(u1_struct_0(sK0)))) => (sK1 != sK2 & v1_aff_4(sK2,sK0) & v1_aff_4(sK1,sK0) & l1_analoaf(sK0) & v2_diraf(sK0) & v1_diraf(sK0) & ~v7_struct_0(sK0) & m1_subset_1(sK2,k1_zfmisc_1(u1_struct_0(sK0)))) [choice axiom]
138. ((sK1 != sK2 & v1_aff_4(sK2,sK0) & v1_aff_4(sK1,sK0) & l1_analoaf(sK0) & v2_diraf(sK0) & v1_diraf(sK0) & ~v7_struct_0(sK0) & m1_subset_1(sK2,k1_zfmisc_1(u1_struct_0(sK0)))) & m1_subset_1(sK1,k1_zfmisc_1(u1_struct_0(sK0)))) & l1_analoaf(sK0) & v1_diraf(sK0) & ~v7_struct_0(sK0) [skolemisation 69,137,136,135]
167. ~v7_struct_0(sK0) [cnf transformation 138] {a:0,w:2,wCS:200,goal:1,sine:0,thAx:0,allAx:4,thDist:-4}
168. v1_diraf(sK0) [cnf transformation 138] {a:0,w:2,wCS:200,goal:1,sine:0,thAx:0,allAx:4,thDist:-4}
169. l1_analoaf(sK0) [cnf transformation 138] {a:0,w:2,wCS:200,goal:1,sine:0,thAx:0,allAx:4,thDist:-4}
170. m1_subset_1(sK1,k1_zfmisc_1(u1_struct_0(sK0))) [cnf transformation 138] {a:0,w:5,wCS:500,goal:1,sine:0,thAx:0,allAx:4,thDist:-4}
171. m1_subset_1(sK2,k1_zfmisc_1(u1_struct_0(sK0))) [cnf transformation 138] {a:0,w:5,wCS:500,goal:1,sine:0,thAx:0,allAx:4,thDist:-4}
174. v2_diraf(sK0) [cnf transformation 138] {a:0,w:2,wCS:200,goal:1,sine:0,thAx:0,allAx:4,thDist:-4}
176. v1_aff_4(sK1,sK0) [cnf transformation 138] {a:0,w:3,wCS:300,goal:1,sine:0,thAx:0,allAx:4,thDist:-4}
177. v1_aff_4(sK2,sK0) [cnf transformation 138] {a:0,w:3,wCS:300,goal:1,sine:0,thAx:0,allAx:4,thDist:-4}
178. sK1 != sK2 [cnf transformation 138] {a:0,w:3,wCS:300,goal:1,sine:0,thAx:0,allAx:4,thDist:-4}
219. u1_struct_0(X0) = X1 | ~v1_aff_4(X1,X0) | ~l1_analoaf(X0) | ~v2_diraf(X0) | ~v1_diraf(X0) | v7_struct_0(X0) | ~m1_subset_1(X1,k1_zfmisc_1(u1_struct_0(X0))) | ~l1_analoaf(X0) | ~v1_diraf(X0) | v7_struct_0(X0) [cnf transformation 114] {a:0,w:26,wCS:10400,sine:1,thAx:0,allAx:1,thDist:-1}
244. ~m1_subset_1(X1,k1_zfmisc_1(u1_struct_0(X0))) | ~v1_aff_4(X1,X0) | ~l1_analoaf(X0) | ~v2_diraf(X0) | ~v1_diraf(X0) | v7_struct_0(X0) | u1_struct_0(X0) = X1 [duplicate literal removal 219] {a:0,w:20,wCS:8000,nSel:1,sine:1,thAx:0,allAx:1,thDist:-1}
246. 1 <=> sK1 = sK2 [avatar definition]
249. ~1 [avatar split clause 178,246]
251. 2 <=> v1_aff_4(sK2,sK0) [avatar definition]
253. v1_aff_4(sK2,sK0) <- (2) [avatar component clause 251] {a:0,w:3,wCS:300,nSel:1,goal:1,sine:255,thAx:0,allAx:4,thDist:-4}
254. 2 [avatar split clause 177,251]
256. 3 <=> v1_aff_4(sK1,sK0) [avatar definition]
258. v1_aff_4(sK1,sK0) <- (3) [avatar component clause 256] {a:0,w:3,wCS:300,nSel:1,goal:1,sine:255,thAx:0,allAx:4,thDist:-4}
259. 3 [avatar split clause 176,256]
261. 4 <=> l1_analoaf(sK0) [avatar definition]
263. l1_analoaf(sK0) <- (4) [avatar component clause 261] {a:0,w:2,wCS:200,nSel:1,goal:1,sine:255,thAx:0,allAx:4,thDist:-4}
266. 5 <=> v2_diraf(sK0) [avatar definition]
268. v2_diraf(sK0) <- (5) [avatar component clause 266] {a:0,w:2,wCS:200,nSel:1,goal:1,sine:255,thAx:0,allAx:4,thDist:-4}
269. 5 [avatar split clause 174,266]
271. 6 <=> v1_diraf(sK0) [avatar definition]
273. v1_diraf(sK0) <- (6) [avatar component clause 271] {a:0,w:2,wCS:200,nSel:1,goal:1,sine:255,thAx:0,allAx:4,thDist:-4}
276. 7 <=> v7_struct_0(sK0) [avatar definition]
278. ~v7_struct_0(sK0) <- (~7) [avatar component clause 276] {a:0,w:2,wCS:200,nSel:1,goal:1,sine:255,thAx:0,allAx:4,thDist:-4}
281. 8 <=> m1_subset_1(sK2,k1_zfmisc_1(u1_struct_0(sK0))) [avatar definition]
283. m1_subset_1(sK2,k1_zfmisc_1(u1_struct_0(sK0))) <- (8) [avatar component clause 281] {a:0,w:5,wCS:500,nSel:1,goal:1,sine:255,thAx:0,allAx:4,thDist:-4}
284. 8 [avatar split clause 171,281]
286. 9 <=> m1_subset_1(sK1,k1_zfmisc_1(u1_struct_0(sK0))) [avatar definition]
288. m1_subset_1(sK1,k1_zfmisc_1(u1_struct_0(sK0))) <- (9) [avatar component clause 286] {a:0,w:5,wCS:500,nSel:1,goal:1,sine:255,thAx:0,allAx:4,thDist:-4}
289. 9 [avatar split clause 170,286]
290. 4 [avatar split clause 169,261]
291. 6 [avatar split clause 168,271]
292. ~7 [avatar split clause 167,276]
554. ~v1_aff_4(sK2,sK0) | ~l1_analoaf(sK0) | ~v2_diraf(sK0) | ~v1_diraf(sK0) | v7_struct_0(sK0) | u1_struct_0(sK0) = sK2 <- (8) [resolution 244,283] {a:1,w:15,wCS:1500,goal:1,sine:1,thAx:0,allAx:5,thDist:-5}
555. ~v1_aff_4(sK1,sK0) | ~l1_analoaf(sK0) | ~v2_diraf(sK0) | ~v1_diraf(sK0) | v7_struct_0(sK0) | u1_struct_0(sK0) = sK1 <- (9) [resolution 244,288] {a:1,w:15,wCS:1500,goal:1,sine:1,thAx:0,allAx:5,thDist:-5}
568. ~l1_analoaf(sK0) | ~v2_diraf(sK0) | ~v1_diraf(sK0) | v7_struct_0(sK0) | u1_struct_0(sK0) = sK2 <- (2, 8) [subsumption resolution 554,253] {a:1,w:12,wCS:1200,goal:1,sine:1,thAx:0,allAx:5,thDist:-5}
569. ~v2_diraf(sK0) | ~v1_diraf(sK0) | v7_struct_0(sK0) | u1_struct_0(sK0) = sK2 <- (2, 4, 8) [subsumption resolution 568,263] {a:1,w:10,wCS:1000,goal:1,sine:1,thAx:0,allAx:5,thDist:-5}
570. ~v1_diraf(sK0) | v7_struct_0(sK0) | u1_struct_0(sK0) = sK2 <- (2, 4, 5, 8) [subsumption resolution 569,268] {a:1,w:8,wCS:800,goal:1,sine:1,thAx:0,allAx:5,thDist:-5}
571. v7_struct_0(sK0) | u1_struct_0(sK0) = sK2 <- (2, 4, 5, 6, 8) [subsumption resolution 570,273] {a:1,w:6,wCS:600,goal:1,sine:1,thAx:0,allAx:5,thDist:-5}
572. u1_struct_0(sK0) = sK2 <- (2, 4, 5, 6, ~7, 8) [subsumption resolution 571,278] {a:1,w:4,wCS:400,goal:1,sine:1,thAx:0,allAx:5,thDist:-5}
574. 35 <=> u1_struct_0(sK0) = sK2 [avatar definition]
577. 35 | ~2 | ~4 | ~5 | ~6 | 7 | ~8 [avatar split clause 572,281,276,271,266,261,251,574]
578. ~l1_analoaf(sK0) | ~v2_diraf(sK0) | ~v1_diraf(sK0) | v7_struct_0(sK0) | u1_struct_0(sK0) = sK1 <- (3, 9) [subsumption resolution 555,258] {a:1,w:12,wCS:1200,goal:1,sine:1,thAx:0,allAx:5,thDist:-5}
579. ~v2_diraf(sK0) | ~v1_diraf(sK0) | v7_struct_0(sK0) | u1_struct_0(sK0) = sK1 <- (3, 4, 9) [subsumption resolution 578,263] {a:1,w:10,wCS:1000,goal:1,sine:1,thAx:0,allAx:5,thDist:-5}
580. ~v1_diraf(sK0) | v7_struct_0(sK0) | u1_struct_0(sK0) = sK1 <- (3, 4, 5, 9) [subsumption resolution 579,268] {a:1,w:8,wCS:800,goal:1,sine:1,thAx:0,allAx:5,thDist:-5}
581. v7_struct_0(sK0) | u1_struct_0(sK0) = sK1 <- (3, 4, 5, 6, 9) [subsumption resolution 580,273] {a:1,w:6,wCS:600,goal:1,sine:1,thAx:0,allAx:5,thDist:-5}
582. u1_struct_0(sK0) = sK1 <- (3, 4, 5, 6, ~7, 9) [subsumption resolution 581,278] {a:1,w:4,wCS:400,goal:1,sine:1,thAx:0,allAx:5,thDist:-5}
584. 36 <=> u1_struct_0(sK0) = sK1 [avatar definition]
587. 36 | ~3 | ~4 | ~5 | ~6 | 7 | ~9 [avatar split clause 582,286,276,271,266,261,256,584]
593. u1_struct_0(sK0) != sK1 | u1_struct_0(sK0) != sK2 | sK1 = sK2 [theory tautology sat conflict] {a:0,w:11,wCS:4400,sine:255,thAx:0,allAx:1,thDist:-1}
594. $false [avatar sat refutation 249,254,259,269,284,289,290,291,292,577,587,593] {a:0,w:0,goal:1,sine:0,thAx:0,allAx:215,thDist:-215}
% SZS output end Proof for afproj__t3_afproj
% ------------------------------
% Version: Vampire 4.5.1 (commit 226f88162 on 2021-09-12 20:13:44 +0200)
% Termination reason: Refutation

% >>> Input
% Input formulas: 57
% >>> Preprocessing
% Introduced skolems: 17
% Unused predicate definitions: 1
% 
% >>> Saturation
% Initial clauses: 77
% Generated clauses: 275
% Active clauses: 79
% Passive clauses: 152
% Final active clauses: 79
% Final passive clauses: 67
% Main loop iterations started: 85
% 
% >>> Simplifying Inferences
% Duplicate literals: 13
% Fw subsumption resolutions: 32
% 
% >>> Deletion Inferences
% Simple tautologies: 19
% Forward subsumptions: 32
% 
% >>> Generating Inferences
% Binary resolution: 123
% Forward superposition: 2
% Backward superposition: 1
% Self superposition: 1
% 
% >>> AVATAR
% Split clauses: 8
% Split components: 16
% 
% >>> SAT Solver Statistics
% SAT solver clauses: 38
% SAT solver unit clauses: 18
% SAT solver binary clauses: 6
% 
% Memory used [KB]: 9594
% Time elapsed: 0.003 s
% ------------------------------
% ------------------------------
% Time measurement results:
% forward demodulation: 0.001 s
% passive container maintenance: 0.001 s
% other: 0.003 s ( own 0.001 s ) 

